<?xml version="1.0" encoding="UTF-8"?>
<testsuite xmlns:xsi="http://www.w3.org/2001/XMLSchema-instance" xsi:noNamespaceSchemaLocation="https://maven.apache.org/surefire/maven-surefire-plugin/xsd/surefire-test-report.xsd" name="org.apache.hadoop.ozone.client.rpc.TestReadRetries" time="40.347" tests="1" errors="1" skipped="0" failures="0">
  <properties>
    <property name="awt.toolkit" value="sun.awt.X11.XToolkit"/>
    <property name="file.encoding.pkg" value="sun.io"/>
    <property name="java.specification.version" value="1.8"/>
    <property name="sun.cpu.isalist" value=""/>
    <property name="sun.jnu.encoding" value="ANSI_X3.4-1968"/>
    <property name="java.class.path" value="/workdir/hadoop-ozone/integration-test/target/test-classes:/workdir/hadoop-ozone/integration-test/target/classes:/home/user/.m2/repository/org/apache/hadoop/hadoop-ozone-common/0.5.0-SNAPSHOT/hadoop-ozone-common-0.5.0-SNAPSHOT.jar:/home/user/.m2/repository/org/apache/commons/commons-compress/1.4.1/commons-compress-1.4.1.jar:/home/user/.m2/repository/org/tukaani/xz/1.0/xz-1.0.jar:/home/user/.m2/repository/org/apache/hadoop/hadoop-common/3.2.0/hadoop-common-3.2.0.jar:/home/user/.m2/repository/org/apache/hadoop/hadoop-hdfs/3.2.0/hadoop-hdfs-3.2.0.jar:/home/user/.m2/repository/org/apache/hadoop/hadoop-hdfs-client/3.2.0/hadoop-hdfs-client-3.2.0.jar:/home/user/.m2/repository/com/fasterxml/jackson/core/jackson-annotations/2.9.9/jackson-annotations-2.9.9.jar:/home/user/.m2/repository/org/apache/hadoop/hadoop-hdds-common/0.5.0-SNAPSHOT/hadoop-hdds-common-0.5.0-SNAPSHOT.jar:/home/user/.m2/repository/javax/annotation/javax.annotation-api/1.2/javax.annotation-api-1.2.jar:/home/user/.m2/repository/org/apache/ratis/ratis-server/0.5.0-3f446aa-SNAPSHOT/ratis-server-0.5.0-3f446aa-SNAPSHOT.jar:/home/user/.m2/repository/org/apache/ratis/ratis-thirdparty-misc/0.2.0/ratis-thirdparty-misc-0.2.0.jar:/home/user/.m2/repository/org/apache/ratis/ratis-proto/0.5.0-3f446aa-SNAPSHOT/ratis-proto-0.5.0-3f446aa-SNAPSHOT.jar:/home/user/.m2/repository/org/apache/ratis/ratis-common/0.5.0-3f446aa-SNAPSHOT/ratis-common-0.5.0-3f446aa-SNAPSHOT.jar:/home/user/.m2/repository/org/apache/ratis/ratis-client/0.5.0-3f446aa-SNAPSHOT/ratis-client-0.5.0-3f446aa-SNAPSHOT.jar:/home/user/.m2/repository/org/apache/ratis/ratis-metrics/0.5.0-3f446aa-SNAPSHOT/ratis-metrics-0.5.0-3f446aa-SNAPSHOT.jar:/home/user/.m2/repository/com/github/joshelser/dropwizard-metrics-hadoop-metrics2-reporter/0.1.2/dropwizard-metrics-hadoop-metrics2-reporter-0.1.2.jar:/home/user/.m2/repository/io/dropwizard/metrics/metrics-jvm/3.2.5/metrics-jvm-3.2.5.jar:/home/user/.m2/repository/io/dropwizard/metrics/metrics-ganglia/3.2.5/metrics-ganglia-3.2.5.jar:/home/user/.m2/repository/info/ganglia/gmetric4j/gmetric4j/1.0.7/gmetric4j-1.0.7.jar:/home/user/.m2/repository/org/apache/ratis/ratis-netty/0.5.0-3f446aa-SNAPSHOT/ratis-netty-0.5.0-3f446aa-SNAPSHOT.jar:/home/user/.m2/repository/org/apache/ratis/ratis-grpc/0.5.0-3f446aa-SNAPSHOT/ratis-grpc-0.5.0-3f446aa-SNAPSHOT.jar:/home/user/.m2/repository/org/rocksdb/rocksdbjni/6.0.1/rocksdbjni-6.0.1.jar:/home/user/.m2/repository/org/apache/logging/log4j/log4j-api/2.11.0/log4j-api-2.11.0.jar:/home/user/.m2/repository/org/apache/logging/log4j/log4j-core/2.11.0/log4j-core-2.11.0.jar:/home/user/.m2/repository/com/lmax/disruptor/3.4.2/disruptor-3.4.2.jar:/home/user/.m2/repository/org/apache/commons/commons-pool2/2.6.0/commons-pool2-2.6.0.jar:/home/user/.m2/repository/org/bouncycastle/bcpkix-jdk15on/1.60/bcpkix-jdk15on-1.60.jar:/home/user/.m2/repository/commons-validator/commons-validator/1.6/commons-validator-1.6.jar:/home/user/.m2/repository/commons-digester/commons-digester/1.8.1/commons-digester-1.8.1.jar:/home/user/.m2/repository/io/jaegertracing/jaeger-client/0.34.0/jaeger-client-0.34.0.jar:/home/user/.m2/repository/io/jaegertracing/jaeger-thrift/0.34.0/jaeger-thrift-0.34.0.jar:/home/user/.m2/repository/org/apache/thrift/libthrift/0.12.0/libthrift-0.12.0.jar:/home/user/.m2/repository/com/squareup/okhttp3/okhttp/3.9.0/okhttp-3.9.0.jar:/home/user/.m2/repository/com/squareup/okio/okio/1.13.0/okio-1.13.0.jar:/home/user/.m2/repository/io/jaegertracing/jaeger-core/0.34.0/jaeger-core-0.34.0.jar:/home/user/.m2/repository/io/jaegertracing/jaeger-tracerresolver/0.34.0/jaeger-tracerresolver-0.34.0.jar:/home/user/.m2/repository/io/opentracing/contrib/opentracing-tracerresolver/0.1.5/opentracing-tracerresolver-0.1.5.jar:/home/user/.m2/repository/io/opentracing/opentracing-util/0.31.0/opentracing-util-0.31.0.jar:/home/user/.m2/repository/io/opentracing/opentracing-api/0.31.0/opentracing-api-0.31.0.jar:/home/user/.m2/repository/io/opentracing/opentracing-noop/0.31.0/opentracing-noop-0.31.0.jar:/home/user/.m2/repository/org/apache/hadoop/hadoop-hdds-server-framework/0.5.0-SNAPSHOT/hadoop-hdds-server-framework-0.5.0-SNAPSHOT.jar:/home/user/.m2/repository/org/apache/hadoop/hadoop-hdds-container-service/0.5.0-SNAPSHOT/hadoop-hdds-container-service-0.5.0-SNAPSHOT.jar:/home/user/.m2/repository/org/apache/hadoop/hadoop-hdds-client/0.5.0-SNAPSHOT/hadoop-hdds-client-0.5.0-SNAPSHOT.jar:/home/user/.m2/repository/org/apache/hadoop/hadoop-hdds-tools/0.5.0-SNAPSHOT/hadoop-hdds-tools-0.5.0-SNAPSHOT.jar:/home/user/.m2/repository/org/apache/hadoop/hadoop-hdds-server-scm/0.5.0-SNAPSHOT/hadoop-hdds-server-scm-0.5.0-SNAPSHOT.jar:/home/user/.m2/repository/org/apache/hadoop/hadoop-hdds-docs/0.5.0-SNAPSHOT/hadoop-hdds-docs-0.5.0-SNAPSHOT.jar:/home/user/.m2/repository/io/dropwizard/metrics/metrics-core/3.2.4/metrics-core-3.2.4.jar:/home/user/.m2/repository/org/hamcrest/hamcrest-all/1.3/hamcrest-all-1.3.jar:/home/user/.m2/repository/org/bouncycastle/bcprov-jdk15on/1.60/bcprov-jdk15on-1.60.jar:/home/user/.m2/repository/info/picocli/picocli/3.9.6/picocli-3.9.6.jar:/home/user/.m2/repository/com/google/protobuf/protobuf-java/2.5.0/protobuf-java-2.5.0.jar:/home/user/.m2/repository/com/google/guava/guava/11.0.2/guava-11.0.2.jar:/home/user/.m2/repository/org/apache/hadoop/hadoop-ozone-ozone-manager/0.5.0-SNAPSHOT/hadoop-ozone-ozone-manager-0.5.0-SNAPSHOT.jar:/home/user/.m2/repository/org/apache/hadoop/hadoop-minikdc/3.2.0/hadoop-minikdc-3.2.0.jar:/home/user/.m2/repository/commons-io/commons-io/2.5/commons-io-2.5.jar:/home/user/.m2/repository/org/apache/kerby/kerb-simplekdc/1.0.1/kerb-simplekdc-1.0.1.jar:/home/user/.m2/repository/org/apache/kerby/kerb-client/1.0.1/kerb-client-1.0.1.jar:/home/user/.m2/repository/org/apache/kerby/kerby-config/1.0.1/kerby-config-1.0.1.jar:/home/user/.m2/repository/org/apache/kerby/kerb-core/1.0.1/kerb-core-1.0.1.jar:/home/user/.m2/repository/org/apache/kerby/kerby-pkix/1.0.1/kerby-pkix-1.0.1.jar:/home/user/.m2/repository/org/apache/kerby/kerby-asn1/1.0.1/kerby-asn1-1.0.1.jar:/home/user/.m2/repository/org/apache/kerby/kerby-util/1.0.1/kerby-util-1.0.1.jar:/home/user/.m2/repository/org/apache/kerby/kerb-common/1.0.1/kerb-common-1.0.1.jar:/home/user/.m2/repository/org/apache/kerby/kerb-crypto/1.0.1/kerb-crypto-1.0.1.jar:/home/user/.m2/repository/org/apache/kerby/kerb-util/1.0.1/kerb-util-1.0.1.jar:/home/user/.m2/repository/org/apache/kerby/token-provider/1.0.1/token-provider-1.0.1.jar:/home/user/.m2/repository/org/apache/kerby/kerb-admin/1.0.1/kerb-admin-1.0.1.jar:/home/user/.m2/repository/org/apache/kerby/kerb-server/1.0.1/kerb-server-1.0.1.jar:/home/user/.m2/repository/org/apache/kerby/kerb-identity/1.0.1/kerb-identity-1.0.1.jar:/home/user/.m2/repository/org/apache/kerby/kerby-xdr/1.0.1/kerby-xdr-1.0.1.jar:/home/user/.m2/repository/org/slf4j/slf4j-log4j12/1.7.25/slf4j-log4j12-1.7.25.jar:/home/user/.m2/repository/org/apache/hadoop/hadoop-ozone-s3gateway/0.5.0-SNAPSHOT/hadoop-ozone-s3gateway-0.5.0-SNAPSHOT.jar:/home/user/.m2/repository/org/jboss/weld/servlet/weld-servlet/2.4.7.Final/weld-servlet-2.4.7.Final.jar:/home/user/.m2/repository/org/glassfish/jersey/containers/jersey-container-servlet-core/2.27/jersey-container-servlet-core-2.27.jar:/home/user/.m2/repository/org/glassfish/hk2/external/javax.inject/2.5.0-b42/javax.inject-2.5.0-b42.jar:/home/user/.m2/repository/org/glassfish/jersey/core/jersey-common/2.27/jersey-common-2.27.jar:/home/user/.m2/repository/org/glassfish/hk2/osgi-resource-locator/1.0.1/osgi-resource-locator-1.0.1.jar:/home/user/.m2/repository/javax/ws/rs/javax.ws.rs-api/2.1/javax.ws.rs-api-2.1.jar:/home/user/.m2/repository/org/glassfish/jersey/ext/cdi/jersey-cdi1x/2.27/jersey-cdi1x-2.27.jar:/home/user/.m2/repository/org/glassfish/jersey/inject/jersey-hk2/2.27/jersey-hk2-2.27.jar:/home/user/.m2/repository/org/glassfish/hk2/hk2-locator/2.5.0-b42/hk2-locator-2.5.0-b42.jar:/home/user/.m2/repository/org/javassist/javassist/3.22.0-CR2/javassist-3.22.0-CR2.jar:/home/user/.m2/repository/org/glassfish/hk2/hk2-api/2.5.0/hk2-api-2.5.0.jar:/home/user/.m2/repository/org/glassfish/hk2/external/jakarta.inject/2.5.0/jakarta.inject-2.5.0.jar:/home/user/.m2/repository/org/glassfish/hk2/hk2-utils/2.5.0/hk2-utils-2.5.0.jar:/home/user/.m2/repository/jakarta/annotation/jakarta.annotation-api/1.3.4/jakarta.annotation-api-1.3.4.jar:/home/user/.m2/repository/org/glassfish/hk2/external/aopalliance-repackaged/2.5.0/aopalliance-repackaged-2.5.0.jar:/home/user/.m2/repository/com/fasterxml/jackson/dataformat/jackson-dataformat-xml/2.9.0/jackson-dataformat-xml-2.9.0.jar:/home/user/.m2/repository/com/fasterxml/jackson/core/jackson-core/2.9.9/jackson-core-2.9.9.jar:/home/user/.m2/repository/com/fasterxml/jackson/module/jackson-module-jaxb-annotations/2.9.9/jackson-module-jaxb-annotations-2.9.9.jar:/home/user/.m2/repository/javax/enterprise/cdi-api/1.2/cdi-api-1.2.jar:/home/user/.m2/repository/javax/el/javax.el-api/3.0.0/javax.el-api-3.0.0.jar:/home/user/.m2/repository/javax/interceptor/javax.interceptor-api/1.2/javax.interceptor-api-1.2.jar:/home/user/.m2/repository/javax/inject/javax.inject/1/javax.inject-1.jar:/home/user/.m2/repository/com/sun/xml/bind/jaxb-impl/2.3.0.1/jaxb-impl-2.3.0.1.jar:/home/user/.m2/repository/com/sun/xml/bind/jaxb-core/2.3.0.1/jaxb-core-2.3.0.1.jar:/home/user/.m2/repository/javax/xml/bind/jaxb-api/2.3.0/jaxb-api-2.3.0.jar:/home/user/.m2/repository/javax/activation/activation/1.1.1/activation-1.1.1.jar:/home/user/.m2/repository/org/apache/hadoop/hadoop-ozone-csi/0.5.0-SNAPSHOT/hadoop-ozone-csi-0.5.0-SNAPSHOT.jar:/home/user/.m2/repository/com/google/protobuf/protobuf-java-util/3.5.1/protobuf-java-util-3.5.1.jar:/home/user/.m2/repository/org/apache/hadoop/hadoop-hdds-config/0.5.0-SNAPSHOT/hadoop-hdds-config-0.5.0-SNAPSHOT.jar:/home/user/.m2/repository/io/grpc/grpc-netty/1.17.1/grpc-netty-1.17.1.jar:/home/user/.m2/repository/io/grpc/grpc-core/1.17.1/grpc-core-1.17.1.jar:/home/user/.m2/repository/io/grpc/grpc-context/1.17.1/grpc-context-1.17.1.jar:/home/user/.m2/repository/com/google/errorprone/error_prone_annotations/2.2.0/error_prone_annotations-2.2.0.jar:/home/user/.m2/repository/org/codehaus/mojo/animal-sniffer-annotations/1.17/animal-sniffer-annotations-1.17.jar:/home/user/.m2/repository/io/opencensus/opencensus-api/0.17.0/opencensus-api-0.17.0.jar:/home/user/.m2/repository/io/opencensus/opencensus-contrib-grpc-metrics/0.17.0/opencensus-contrib-grpc-metrics-0.17.0.jar:/home/user/.m2/repository/io/netty/netty-codec-http2/4.1.30.Final/netty-codec-http2-4.1.30.Final.jar:/home/user/.m2/repository/io/netty/netty-codec-http/4.1.30.Final/netty-codec-http-4.1.30.Final.jar:/home/user/.m2/repository/io/netty/netty-codec/4.1.30.Final/netty-codec-4.1.30.Final.jar:/home/user/.m2/repository/io/netty/netty-handler/4.1.30.Final/netty-handler-4.1.30.Final.jar:/home/user/.m2/repository/io/netty/netty-handler-proxy/4.1.30.Final/netty-handler-proxy-4.1.30.Final.jar:/home/user/.m2/repository/io/netty/netty-codec-socks/4.1.30.Final/netty-codec-socks-4.1.30.Final.jar:/home/user/.m2/repository/io/netty/netty-transport-native-epoll/4.1.30.Final/netty-transport-native-epoll-4.1.30.Final.jar:/home/user/.m2/repository/io/netty/netty-common/4.1.30.Final/netty-common-4.1.30.Final.jar:/home/user/.m2/repository/io/netty/netty-buffer/4.1.30.Final/netty-buffer-4.1.30.Final.jar:/home/user/.m2/repository/io/netty/netty-transport/4.1.30.Final/netty-transport-4.1.30.Final.jar:/home/user/.m2/repository/io/netty/netty-resolver/4.1.30.Final/netty-resolver-4.1.30.Final.jar:/home/user/.m2/repository/io/netty/netty-transport-native-unix-common/4.1.30.Final/netty-transport-native-unix-common-4.1.30.Final.jar:/home/user/.m2/repository/io/grpc/grpc-protobuf/1.17.1/grpc-protobuf-1.17.1.jar:/home/user/.m2/repository/com/google/api/grpc/proto-google-common-protos/1.0.0/proto-google-common-protos-1.0.0.jar:/home/user/.m2/repository/io/grpc/grpc-protobuf-lite/1.17.1/grpc-protobuf-lite-1.17.1.jar:/home/user/.m2/repository/io/grpc/grpc-stub/1.17.1/grpc-stub-1.17.1.jar:/home/user/.m2/repository/org/apache/hadoop/hadoop-ozone-recon/0.5.0-SNAPSHOT/hadoop-ozone-recon-0.5.0-SNAPSHOT.jar:/home/user/.m2/repository/org/apache/hadoop/hadoop-ozone-reconcodegen/0.5.0-SNAPSHOT/hadoop-ozone-reconcodegen-0.5.0-SNAPSHOT.jar:/home/user/.m2/repository/com/google/inject/extensions/guice-multibindings/4.0/guice-multibindings-4.0.jar:/home/user/.m2/repository/com/google/inject/guice/4.0/guice-4.0.jar:/home/user/.m2/repository/aopalliance/aopalliance/1.0/aopalliance-1.0.jar:/home/user/.m2/repository/com/google/inject/extensions/guice-servlet/4.0/guice-servlet-4.0.jar:/home/user/.m2/repository/org/glassfish/jersey/containers/jersey-container-servlet/2.27/jersey-container-servlet-2.27.jar:/home/user/.m2/repository/org/glassfish/hk2/guice-bridge/2.5.0/guice-bridge-2.5.0.jar:/home/user/.m2/repository/org/glassfish/jersey/core/jersey-server/2.27/jersey-server-2.27.jar:/home/user/.m2/repository/org/glassfish/jersey/core/jersey-client/2.27/jersey-client-2.27.jar:/home/user/.m2/repository/org/glassfish/jersey/media/jersey-media-jaxb/2.27/jersey-media-jaxb-2.27.jar:/home/user/.m2/repository/javax/validation/validation-api/1.1.0.Final/validation-api-1.1.0.Final.jar:/home/user/.m2/repository/org/glassfish/jersey/media/jersey-media-json-jackson/2.27/jersey-media-json-jackson-2.27.jar:/home/user/.m2/repository/org/glassfish/jersey/ext/jersey-entity-filtering/2.27/jersey-entity-filtering-2.27.jar:/home/user/.m2/repository/com/google/inject/extensions/guice-assistedinject/4.0/guice-assistedinject-4.0.jar:/home/user/.m2/repository/org/jooq/jooq/3.11.10/jooq-3.11.10.jar:/home/user/.m2/repository/org/jooq/jooq-meta/3.11.10/jooq-meta-3.11.10.jar:/home/user/.m2/repository/org/jooq/jooq-codegen/3.11.10/jooq-codegen-3.11.10.jar:/home/user/.m2/repository/com/jolbox/bonecp/0.8.0.RELEASE/bonecp-0.8.0.RELEASE.jar:/home/user/.m2/repository/org/xerial/sqlite-jdbc/3.25.2/sqlite-jdbc-3.25.2.jar:/home/user/.m2/repository/org/springframework/spring-jdbc/5.1.3.RELEASE/spring-jdbc-5.1.3.RELEASE.jar:/home/user/.m2/repository/org/springframework/spring-beans/5.1.3.RELEASE/spring-beans-5.1.3.RELEASE.jar:/home/user/.m2/repository/org/springframework/spring-core/5.1.3.RELEASE/spring-core-5.1.3.RELEASE.jar:/home/user/.m2/repository/org/springframework/spring-jcl/5.1.3.RELEASE/spring-jcl-5.1.3.RELEASE.jar:/home/user/.m2/repository/org/springframework/spring-tx/5.1.3.RELEASE/spring-tx-5.1.3.RELEASE.jar:/home/user/.m2/repository/org/apache/hadoop/hadoop-ozone-client/0.5.0-SNAPSHOT/hadoop-ozone-client-0.5.0-SNAPSHOT.jar:/home/user/.m2/repository/commons-lang/commons-lang/2.6/commons-lang-2.6.jar:/home/user/.m2/repository/org/apache/hadoop/hadoop-ozone-ozone-manager/0.5.0-SNAPSHOT/hadoop-ozone-ozone-manager-0.5.0-SNAPSHOT-tests.jar:/home/user/.m2/repository/junit/junit/4.11/junit-4.11.jar:/home/user/.m2/repository/org/hamcrest/hamcrest-core/1.3/hamcrest-core-1.3.jar:/home/user/.m2/repository/org/openjdk/jmh/jmh-core/1.19/jmh-core-1.19.jar:/home/user/.m2/repository/net/sf/jopt-simple/jopt-simple/4.6/jopt-simple-4.6.jar:/home/user/.m2/repository/org/apache/commons/commons-math3/3.1.1/commons-math3-3.1.1.jar:/home/user/.m2/repository/org/openjdk/jmh/jmh-generator-annprocess/1.19/jmh-generator-annprocess-1.19.jar:/home/user/.m2/repository/org/mockito/mockito-all/1.8.5/mockito-all-1.8.5.jar:/home/user/.m2/repository/org/apache/hadoop/hadoop-kms/3.2.0/hadoop-kms-3.2.0.jar:/home/user/.m2/repository/org/apache/hadoop/hadoop-auth/3.2.0/hadoop-auth-3.2.0.jar:/home/user/.m2/repository/com/nimbusds/nimbus-jose-jwt/4.41.1/nimbus-jose-jwt-4.41.1.jar:/home/user/.m2/repository/com/github/stephenc/jcip/jcip-annotations/1.0-1/jcip-annotations-1.0-1.jar:/home/user/.m2/repository/net/minidev/json-smart/2.3/json-smart-2.3.jar:/home/user/.m2/repository/net/minidev/accessors-smart/1.2/accessors-smart-1.2.jar:/home/user/.m2/repository/org/ow2/asm/asm/5.0.4/asm-5.0.4.jar:/home/user/.m2/repository/org/apache/curator/curator-framework/2.12.0/curator-framework-2.12.0.jar:/home/user/.m2/repository/com/sun/jersey/jersey-core/1.19/jersey-core-1.19.jar:/home/user/.m2/repository/javax/ws/rs/jsr311-api/1.1.1/jsr311-api-1.1.1.jar:/home/user/.m2/repository/com/sun/jersey/jersey-server/1.19/jersey-server-1.19.jar:/home/user/.m2/repository/javax/servlet/javax.servlet-api/3.1.0/javax.servlet-api-3.1.0.jar:/home/user/.m2/repository/org/eclipse/jetty/jetty-server/9.3.25.v20180904/jetty-server-9.3.25.v20180904.jar:/home/user/.m2/repository/org/eclipse/jetty/jetty-http/9.3.25.v20180904/jetty-http-9.3.25.v20180904.jar:/home/user/.m2/repository/org/eclipse/jetty/jetty-io/9.3.25.v20180904/jetty-io-9.3.25.v20180904.jar:/home/user/.m2/repository/org/eclipse/jetty/jetty-webapp/9.3.25.v20180904/jetty-webapp-9.3.25.v20180904.jar:/home/user/.m2/repository/org/eclipse/jetty/jetty-xml/9.3.25.v20180904/jetty-xml-9.3.25.v20180904.jar:/home/user/.m2/repository/log4j/log4j/1.2.17/log4j-1.2.17.jar:/home/user/.m2/repository/org/slf4j/slf4j-api/1.7.25/slf4j-api-1.7.25.jar:/home/user/.m2/repository/org/slf4j/jul-to-slf4j/1.7.25/jul-to-slf4j-1.7.25.jar:/home/user/.m2/repository/org/eclipse/jetty/jetty-util/9.3.25.v20180904/jetty-util-9.3.25.v20180904.jar:/home/user/.m2/repository/com/fasterxml/jackson/core/jackson-databind/2.9.9/jackson-databind-2.9.9.jar:/home/user/.m2/repository/org/apache/hadoop/hadoop-kms/3.2.0/hadoop-kms-3.2.0-tests.jar:/home/user/.m2/repository/org/apache/hadoop/hadoop-hdds-server-scm/0.5.0-SNAPSHOT/hadoop-hdds-server-scm-0.5.0-SNAPSHOT-tests.jar:/home/user/.m2/repository/org/apache/hadoop/hadoop-hdds-container-service/0.5.0-SNAPSHOT/hadoop-hdds-container-service-0.5.0-SNAPSHOT-tests.jar:/home/user/.m2/repository/org/yaml/snakeyaml/1.16/snakeyaml-1.16.jar:/home/user/.m2/repository/org/apache/hadoop/hadoop-common/3.2.0/hadoop-common-3.2.0-tests.jar:/home/user/.m2/repository/org/apache/hadoop/hadoop-annotations/3.2.0/hadoop-annotations-3.2.0.jar:/usr/lib/jvm/java-1.8.0-openjdk-1.8.0.222.b10-1.el7_7.x86_64/jre/../lib/tools.jar:/home/user/.m2/repository/commons-cli/commons-cli/1.2/commons-cli-1.2.jar:/home/user/.m2/repository/org/apache/httpcomponents/httpclient/4.5.2/httpclient-4.5.2.jar:/home/user/.m2/repository/org/apache/httpcomponents/httpcore/4.4.4/httpcore-4.4.4.jar:/home/user/.m2/repository/commons-codec/commons-codec/1.11/commons-codec-1.11.jar:/home/user/.m2/repository/commons-net/commons-net/3.6/commons-net-3.6.jar:/home/user/.m2/repository/commons-collections/commons-collections/3.2.2/commons-collections-3.2.2.jar:/home/user/.m2/repository/org/eclipse/jetty/jetty-servlet/9.3.25.v20180904/jetty-servlet-9.3.25.v20180904.jar:/home/user/.m2/repository/org/eclipse/jetty/jetty-security/9.3.25.v20180904/jetty-security-9.3.25.v20180904.jar:/home/user/.m2/repository/javax/servlet/jsp/jsp-api/2.1/jsp-api-2.1.jar:/home/user/.m2/repository/com/sun/jersey/jersey-servlet/1.19/jersey-servlet-1.19.jar:/home/user/.m2/repository/com/sun/jersey/jersey-json/1.19/jersey-json-1.19.jar:/home/user/.m2/repository/org/codehaus/jettison/jettison/1.1/jettison-1.1.jar:/home/user/.m2/repository/org/codehaus/jackson/jackson-core-asl/1.9.13/jackson-core-asl-1.9.13.jar:/home/user/.m2/repository/org/codehaus/jackson/jackson-mapper-asl/1.9.13/jackson-mapper-asl-1.9.13.jar:/home/user/.m2/repository/org/codehaus/jackson/jackson-jaxrs/1.9.13/jackson-jaxrs-1.9.13.jar:/home/user/.m2/repository/org/codehaus/jackson/jackson-xc/1.9.13/jackson-xc-1.9.13.jar:/home/user/.m2/repository/commons-logging/commons-logging/1.1.3/commons-logging-1.1.3.jar:/home/user/.m2/repository/commons-beanutils/commons-beanutils/1.9.4/commons-beanutils-1.9.4.jar:/home/user/.m2/repository/org/apache/commons/commons-configuration2/2.1.1/commons-configuration2-2.1.1.jar:/home/user/.m2/repository/org/apache/commons/commons-lang3/3.7/commons-lang3-3.7.jar:/home/user/.m2/repository/org/apache/commons/commons-text/1.4/commons-text-1.4.jar:/home/user/.m2/repository/org/apache/avro/avro/1.7.7/avro-1.7.7.jar:/home/user/.m2/repository/com/thoughtworks/paranamer/paranamer/2.3/paranamer-2.3.jar:/home/user/.m2/repository/org/xerial/snappy/snappy-java/1.0.5/snappy-java-1.0.5.jar:/home/user/.m2/repository/com/google/re2j/re2j/1.1/re2j-1.1.jar:/home/user/.m2/repository/com/google/code/gson/gson/2.2.4/gson-2.2.4.jar:/home/user/.m2/repository/com/jcraft/jsch/0.1.54/jsch-0.1.54.jar:/home/user/.m2/repository/org/apache/curator/curator-client/2.12.0/curator-client-2.12.0.jar:/home/user/.m2/repository/org/apache/curator/curator-recipes/2.12.0/curator-recipes-2.12.0.jar:/home/user/.m2/repository/com/google/code/findbugs/jsr305/3.0.0/jsr305-3.0.0.jar:/home/user/.m2/repository/org/apache/htrace/htrace-core4/4.1.0-incubating/htrace-core4-4.1.0-incubating.jar:/home/user/.m2/repository/org/apache/zookeeper/zookeeper/3.4.13/zookeeper-3.4.13.jar:/home/user/.m2/repository/jline/jline/0.9.94/jline-0.9.94.jar:/home/user/.m2/repository/org/apache/yetus/audience-annotations/0.5.0/audience-annotations-0.5.0.jar:/home/user/.m2/repository/org/codehaus/woodstox/stax2-api/3.1.4/stax2-api-3.1.4.jar:/home/user/.m2/repository/com/fasterxml/woodstox/woodstox-core/5.0.3/woodstox-core-5.0.3.jar:/home/user/.m2/repository/dnsjava/dnsjava/2.1.7/dnsjava-2.1.7.jar:/home/user/.m2/repository/org/apache/hadoop/hadoop-hdfs/3.2.0/hadoop-hdfs-3.2.0-tests.jar:/home/user/.m2/repository/org/eclipse/jetty/jetty-util-ajax/9.3.25.v20180904/jetty-util-ajax-9.3.25.v20180904.jar:/home/user/.m2/repository/commons-daemon/commons-daemon/1.0.13/commons-daemon-1.0.13.jar:/home/user/.m2/repository/io/netty/netty/3.10.5.Final/netty-3.10.5.Final.jar:/home/user/.m2/repository/io/netty/netty-all/4.0.52.Final/netty-all-4.0.52.Final.jar:/home/user/.m2/repository/org/fusesource/leveldbjni/leveldbjni-all/1.8/leveldbjni-all-1.8.jar:"/>
    <property name="java.vm.vendor" value="Oracle Corporation"/>
    <property name="sun.arch.data.model" value="64"/>
    <property name="test.build.dir" value="/workdir/hadoop-ozone/integration-test/target/test-dir"/>
    <property name="test.cache.data" value=""/>
    <property name="java.vendor.url" value="http://java.oracle.com/"/>
    <property name="user.timezone" value=""/>
    <property name="java.vm.specification.version" value="1.8"/>
    <property name="os.name" value="Linux"/>
    <property name="test.build.data" value="/workdir/hadoop-ozone/integration-test/target/test-dir"/>
    <property name="user.country" value="US"/>
    <property name="sun.java.launcher" value="SUN_STANDARD"/>
    <property name="sun.boot.library.path" value="/usr/lib/jvm/java-1.8.0-openjdk-1.8.0.222.b10-1.el7_7.x86_64/jre/lib/amd64"/>
    <property name="sun.java.command" value="/workdir/hadoop-ozone/integration-test/target/surefire/surefirebooter4538626606567563057.jar /workdir/hadoop-ozone/integration-test/target/surefire 2019-10-16T06-58-22_039-jvmRun1 surefire5335491981645967248tmp surefire_485060640178225887512tmp"/>
    <property name="surefire.test.class.path" value="/workdir/hadoop-ozone/integration-test/target/test-classes:/workdir/hadoop-ozone/integration-test/target/classes:/home/user/.m2/repository/org/apache/hadoop/hadoop-ozone-common/0.5.0-SNAPSHOT/hadoop-ozone-common-0.5.0-SNAPSHOT.jar:/home/user/.m2/repository/org/apache/commons/commons-compress/1.4.1/commons-compress-1.4.1.jar:/home/user/.m2/repository/org/tukaani/xz/1.0/xz-1.0.jar:/home/user/.m2/repository/org/apache/hadoop/hadoop-common/3.2.0/hadoop-common-3.2.0.jar:/home/user/.m2/repository/org/apache/hadoop/hadoop-hdfs/3.2.0/hadoop-hdfs-3.2.0.jar:/home/user/.m2/repository/org/apache/hadoop/hadoop-hdfs-client/3.2.0/hadoop-hdfs-client-3.2.0.jar:/home/user/.m2/repository/com/fasterxml/jackson/core/jackson-annotations/2.9.9/jackson-annotations-2.9.9.jar:/home/user/.m2/repository/org/apache/hadoop/hadoop-hdds-common/0.5.0-SNAPSHOT/hadoop-hdds-common-0.5.0-SNAPSHOT.jar:/home/user/.m2/repository/javax/annotation/javax.annotation-api/1.2/javax.annotation-api-1.2.jar:/home/user/.m2/repository/org/apache/ratis/ratis-server/0.5.0-3f446aa-SNAPSHOT/ratis-server-0.5.0-3f446aa-SNAPSHOT.jar:/home/user/.m2/repository/org/apache/ratis/ratis-thirdparty-misc/0.2.0/ratis-thirdparty-misc-0.2.0.jar:/home/user/.m2/repository/org/apache/ratis/ratis-proto/0.5.0-3f446aa-SNAPSHOT/ratis-proto-0.5.0-3f446aa-SNAPSHOT.jar:/home/user/.m2/repository/org/apache/ratis/ratis-common/0.5.0-3f446aa-SNAPSHOT/ratis-common-0.5.0-3f446aa-SNAPSHOT.jar:/home/user/.m2/repository/org/apache/ratis/ratis-client/0.5.0-3f446aa-SNAPSHOT/ratis-client-0.5.0-3f446aa-SNAPSHOT.jar:/home/user/.m2/repository/org/apache/ratis/ratis-metrics/0.5.0-3f446aa-SNAPSHOT/ratis-metrics-0.5.0-3f446aa-SNAPSHOT.jar:/home/user/.m2/repository/com/github/joshelser/dropwizard-metrics-hadoop-metrics2-reporter/0.1.2/dropwizard-metrics-hadoop-metrics2-reporter-0.1.2.jar:/home/user/.m2/repository/io/dropwizard/metrics/metrics-jvm/3.2.5/metrics-jvm-3.2.5.jar:/home/user/.m2/repository/io/dropwizard/metrics/metrics-ganglia/3.2.5/metrics-ganglia-3.2.5.jar:/home/user/.m2/repository/info/ganglia/gmetric4j/gmetric4j/1.0.7/gmetric4j-1.0.7.jar:/home/user/.m2/repository/org/apache/ratis/ratis-netty/0.5.0-3f446aa-SNAPSHOT/ratis-netty-0.5.0-3f446aa-SNAPSHOT.jar:/home/user/.m2/repository/org/apache/ratis/ratis-grpc/0.5.0-3f446aa-SNAPSHOT/ratis-grpc-0.5.0-3f446aa-SNAPSHOT.jar:/home/user/.m2/repository/org/rocksdb/rocksdbjni/6.0.1/rocksdbjni-6.0.1.jar:/home/user/.m2/repository/org/apache/logging/log4j/log4j-api/2.11.0/log4j-api-2.11.0.jar:/home/user/.m2/repository/org/apache/logging/log4j/log4j-core/2.11.0/log4j-core-2.11.0.jar:/home/user/.m2/repository/com/lmax/disruptor/3.4.2/disruptor-3.4.2.jar:/home/user/.m2/repository/org/apache/commons/commons-pool2/2.6.0/commons-pool2-2.6.0.jar:/home/user/.m2/repository/org/bouncycastle/bcpkix-jdk15on/1.60/bcpkix-jdk15on-1.60.jar:/home/user/.m2/repository/commons-validator/commons-validator/1.6/commons-validator-1.6.jar:/home/user/.m2/repository/commons-digester/commons-digester/1.8.1/commons-digester-1.8.1.jar:/home/user/.m2/repository/io/jaegertracing/jaeger-client/0.34.0/jaeger-client-0.34.0.jar:/home/user/.m2/repository/io/jaegertracing/jaeger-thrift/0.34.0/jaeger-thrift-0.34.0.jar:/home/user/.m2/repository/org/apache/thrift/libthrift/0.12.0/libthrift-0.12.0.jar:/home/user/.m2/repository/com/squareup/okhttp3/okhttp/3.9.0/okhttp-3.9.0.jar:/home/user/.m2/repository/com/squareup/okio/okio/1.13.0/okio-1.13.0.jar:/home/user/.m2/repository/io/jaegertracing/jaeger-core/0.34.0/jaeger-core-0.34.0.jar:/home/user/.m2/repository/io/jaegertracing/jaeger-tracerresolver/0.34.0/jaeger-tracerresolver-0.34.0.jar:/home/user/.m2/repository/io/opentracing/contrib/opentracing-tracerresolver/0.1.5/opentracing-tracerresolver-0.1.5.jar:/home/user/.m2/repository/io/opentracing/opentracing-util/0.31.0/opentracing-util-0.31.0.jar:/home/user/.m2/repository/io/opentracing/opentracing-api/0.31.0/opentracing-api-0.31.0.jar:/home/user/.m2/repository/io/opentracing/opentracing-noop/0.31.0/opentracing-noop-0.31.0.jar:/home/user/.m2/repository/org/apache/hadoop/hadoop-hdds-server-framework/0.5.0-SNAPSHOT/hadoop-hdds-server-framework-0.5.0-SNAPSHOT.jar:/home/user/.m2/repository/org/apache/hadoop/hadoop-hdds-container-service/0.5.0-SNAPSHOT/hadoop-hdds-container-service-0.5.0-SNAPSHOT.jar:/home/user/.m2/repository/org/apache/hadoop/hadoop-hdds-client/0.5.0-SNAPSHOT/hadoop-hdds-client-0.5.0-SNAPSHOT.jar:/home/user/.m2/repository/org/apache/hadoop/hadoop-hdds-tools/0.5.0-SNAPSHOT/hadoop-hdds-tools-0.5.0-SNAPSHOT.jar:/home/user/.m2/repository/org/apache/hadoop/hadoop-hdds-server-scm/0.5.0-SNAPSHOT/hadoop-hdds-server-scm-0.5.0-SNAPSHOT.jar:/home/user/.m2/repository/org/apache/hadoop/hadoop-hdds-docs/0.5.0-SNAPSHOT/hadoop-hdds-docs-0.5.0-SNAPSHOT.jar:/home/user/.m2/repository/io/dropwizard/metrics/metrics-core/3.2.4/metrics-core-3.2.4.jar:/home/user/.m2/repository/org/hamcrest/hamcrest-all/1.3/hamcrest-all-1.3.jar:/home/user/.m2/repository/org/bouncycastle/bcprov-jdk15on/1.60/bcprov-jdk15on-1.60.jar:/home/user/.m2/repository/info/picocli/picocli/3.9.6/picocli-3.9.6.jar:/home/user/.m2/repository/com/google/protobuf/protobuf-java/2.5.0/protobuf-java-2.5.0.jar:/home/user/.m2/repository/com/google/guava/guava/11.0.2/guava-11.0.2.jar:/home/user/.m2/repository/org/apache/hadoop/hadoop-ozone-ozone-manager/0.5.0-SNAPSHOT/hadoop-ozone-ozone-manager-0.5.0-SNAPSHOT.jar:/home/user/.m2/repository/org/apache/hadoop/hadoop-minikdc/3.2.0/hadoop-minikdc-3.2.0.jar:/home/user/.m2/repository/commons-io/commons-io/2.5/commons-io-2.5.jar:/home/user/.m2/repository/org/apache/kerby/kerb-simplekdc/1.0.1/kerb-simplekdc-1.0.1.jar:/home/user/.m2/repository/org/apache/kerby/kerb-client/1.0.1/kerb-client-1.0.1.jar:/home/user/.m2/repository/org/apache/kerby/kerby-config/1.0.1/kerby-config-1.0.1.jar:/home/user/.m2/repository/org/apache/kerby/kerb-core/1.0.1/kerb-core-1.0.1.jar:/home/user/.m2/repository/org/apache/kerby/kerby-pkix/1.0.1/kerby-pkix-1.0.1.jar:/home/user/.m2/repository/org/apache/kerby/kerby-asn1/1.0.1/kerby-asn1-1.0.1.jar:/home/user/.m2/repository/org/apache/kerby/kerby-util/1.0.1/kerby-util-1.0.1.jar:/home/user/.m2/repository/org/apache/kerby/kerb-common/1.0.1/kerb-common-1.0.1.jar:/home/user/.m2/repository/org/apache/kerby/kerb-crypto/1.0.1/kerb-crypto-1.0.1.jar:/home/user/.m2/repository/org/apache/kerby/kerb-util/1.0.1/kerb-util-1.0.1.jar:/home/user/.m2/repository/org/apache/kerby/token-provider/1.0.1/token-provider-1.0.1.jar:/home/user/.m2/repository/org/apache/kerby/kerb-admin/1.0.1/kerb-admin-1.0.1.jar:/home/user/.m2/repository/org/apache/kerby/kerb-server/1.0.1/kerb-server-1.0.1.jar:/home/user/.m2/repository/org/apache/kerby/kerb-identity/1.0.1/kerb-identity-1.0.1.jar:/home/user/.m2/repository/org/apache/kerby/kerby-xdr/1.0.1/kerby-xdr-1.0.1.jar:/home/user/.m2/repository/org/slf4j/slf4j-log4j12/1.7.25/slf4j-log4j12-1.7.25.jar:/home/user/.m2/repository/org/apache/hadoop/hadoop-ozone-s3gateway/0.5.0-SNAPSHOT/hadoop-ozone-s3gateway-0.5.0-SNAPSHOT.jar:/home/user/.m2/repository/org/jboss/weld/servlet/weld-servlet/2.4.7.Final/weld-servlet-2.4.7.Final.jar:/home/user/.m2/repository/org/glassfish/jersey/containers/jersey-container-servlet-core/2.27/jersey-container-servlet-core-2.27.jar:/home/user/.m2/repository/org/glassfish/hk2/external/javax.inject/2.5.0-b42/javax.inject-2.5.0-b42.jar:/home/user/.m2/repository/org/glassfish/jersey/core/jersey-common/2.27/jersey-common-2.27.jar:/home/user/.m2/repository/org/glassfish/hk2/osgi-resource-locator/1.0.1/osgi-resource-locator-1.0.1.jar:/home/user/.m2/repository/javax/ws/rs/javax.ws.rs-api/2.1/javax.ws.rs-api-2.1.jar:/home/user/.m2/repository/org/glassfish/jersey/ext/cdi/jersey-cdi1x/2.27/jersey-cdi1x-2.27.jar:/home/user/.m2/repository/org/glassfish/jersey/inject/jersey-hk2/2.27/jersey-hk2-2.27.jar:/home/user/.m2/repository/org/glassfish/hk2/hk2-locator/2.5.0-b42/hk2-locator-2.5.0-b42.jar:/home/user/.m2/repository/org/javassist/javassist/3.22.0-CR2/javassist-3.22.0-CR2.jar:/home/user/.m2/repository/org/glassfish/hk2/hk2-api/2.5.0/hk2-api-2.5.0.jar:/home/user/.m2/repository/org/glassfish/hk2/external/jakarta.inject/2.5.0/jakarta.inject-2.5.0.jar:/home/user/.m2/repository/org/glassfish/hk2/hk2-utils/2.5.0/hk2-utils-2.5.0.jar:/home/user/.m2/repository/jakarta/annotation/jakarta.annotation-api/1.3.4/jakarta.annotation-api-1.3.4.jar:/home/user/.m2/repository/org/glassfish/hk2/external/aopalliance-repackaged/2.5.0/aopalliance-repackaged-2.5.0.jar:/home/user/.m2/repository/com/fasterxml/jackson/dataformat/jackson-dataformat-xml/2.9.0/jackson-dataformat-xml-2.9.0.jar:/home/user/.m2/repository/com/fasterxml/jackson/core/jackson-core/2.9.9/jackson-core-2.9.9.jar:/home/user/.m2/repository/com/fasterxml/jackson/module/jackson-module-jaxb-annotations/2.9.9/jackson-module-jaxb-annotations-2.9.9.jar:/home/user/.m2/repository/javax/enterprise/cdi-api/1.2/cdi-api-1.2.jar:/home/user/.m2/repository/javax/el/javax.el-api/3.0.0/javax.el-api-3.0.0.jar:/home/user/.m2/repository/javax/interceptor/javax.interceptor-api/1.2/javax.interceptor-api-1.2.jar:/home/user/.m2/repository/javax/inject/javax.inject/1/javax.inject-1.jar:/home/user/.m2/repository/com/sun/xml/bind/jaxb-impl/2.3.0.1/jaxb-impl-2.3.0.1.jar:/home/user/.m2/repository/com/sun/xml/bind/jaxb-core/2.3.0.1/jaxb-core-2.3.0.1.jar:/home/user/.m2/repository/javax/xml/bind/jaxb-api/2.3.0/jaxb-api-2.3.0.jar:/home/user/.m2/repository/javax/activation/activation/1.1.1/activation-1.1.1.jar:/home/user/.m2/repository/org/apache/hadoop/hadoop-ozone-csi/0.5.0-SNAPSHOT/hadoop-ozone-csi-0.5.0-SNAPSHOT.jar:/home/user/.m2/repository/com/google/protobuf/protobuf-java-util/3.5.1/protobuf-java-util-3.5.1.jar:/home/user/.m2/repository/org/apache/hadoop/hadoop-hdds-config/0.5.0-SNAPSHOT/hadoop-hdds-config-0.5.0-SNAPSHOT.jar:/home/user/.m2/repository/io/grpc/grpc-netty/1.17.1/grpc-netty-1.17.1.jar:/home/user/.m2/repository/io/grpc/grpc-core/1.17.1/grpc-core-1.17.1.jar:/home/user/.m2/repository/io/grpc/grpc-context/1.17.1/grpc-context-1.17.1.jar:/home/user/.m2/repository/com/google/errorprone/error_prone_annotations/2.2.0/error_prone_annotations-2.2.0.jar:/home/user/.m2/repository/org/codehaus/mojo/animal-sniffer-annotations/1.17/animal-sniffer-annotations-1.17.jar:/home/user/.m2/repository/io/opencensus/opencensus-api/0.17.0/opencensus-api-0.17.0.jar:/home/user/.m2/repository/io/opencensus/opencensus-contrib-grpc-metrics/0.17.0/opencensus-contrib-grpc-metrics-0.17.0.jar:/home/user/.m2/repository/io/netty/netty-codec-http2/4.1.30.Final/netty-codec-http2-4.1.30.Final.jar:/home/user/.m2/repository/io/netty/netty-codec-http/4.1.30.Final/netty-codec-http-4.1.30.Final.jar:/home/user/.m2/repository/io/netty/netty-codec/4.1.30.Final/netty-codec-4.1.30.Final.jar:/home/user/.m2/repository/io/netty/netty-handler/4.1.30.Final/netty-handler-4.1.30.Final.jar:/home/user/.m2/repository/io/netty/netty-handler-proxy/4.1.30.Final/netty-handler-proxy-4.1.30.Final.jar:/home/user/.m2/repository/io/netty/netty-codec-socks/4.1.30.Final/netty-codec-socks-4.1.30.Final.jar:/home/user/.m2/repository/io/netty/netty-transport-native-epoll/4.1.30.Final/netty-transport-native-epoll-4.1.30.Final.jar:/home/user/.m2/repository/io/netty/netty-common/4.1.30.Final/netty-common-4.1.30.Final.jar:/home/user/.m2/repository/io/netty/netty-buffer/4.1.30.Final/netty-buffer-4.1.30.Final.jar:/home/user/.m2/repository/io/netty/netty-transport/4.1.30.Final/netty-transport-4.1.30.Final.jar:/home/user/.m2/repository/io/netty/netty-resolver/4.1.30.Final/netty-resolver-4.1.30.Final.jar:/home/user/.m2/repository/io/netty/netty-transport-native-unix-common/4.1.30.Final/netty-transport-native-unix-common-4.1.30.Final.jar:/home/user/.m2/repository/io/grpc/grpc-protobuf/1.17.1/grpc-protobuf-1.17.1.jar:/home/user/.m2/repository/com/google/api/grpc/proto-google-common-protos/1.0.0/proto-google-common-protos-1.0.0.jar:/home/user/.m2/repository/io/grpc/grpc-protobuf-lite/1.17.1/grpc-protobuf-lite-1.17.1.jar:/home/user/.m2/repository/io/grpc/grpc-stub/1.17.1/grpc-stub-1.17.1.jar:/home/user/.m2/repository/org/apache/hadoop/hadoop-ozone-recon/0.5.0-SNAPSHOT/hadoop-ozone-recon-0.5.0-SNAPSHOT.jar:/home/user/.m2/repository/org/apache/hadoop/hadoop-ozone-reconcodegen/0.5.0-SNAPSHOT/hadoop-ozone-reconcodegen-0.5.0-SNAPSHOT.jar:/home/user/.m2/repository/com/google/inject/extensions/guice-multibindings/4.0/guice-multibindings-4.0.jar:/home/user/.m2/repository/com/google/inject/guice/4.0/guice-4.0.jar:/home/user/.m2/repository/aopalliance/aopalliance/1.0/aopalliance-1.0.jar:/home/user/.m2/repository/com/google/inject/extensions/guice-servlet/4.0/guice-servlet-4.0.jar:/home/user/.m2/repository/org/glassfish/jersey/containers/jersey-container-servlet/2.27/jersey-container-servlet-2.27.jar:/home/user/.m2/repository/org/glassfish/hk2/guice-bridge/2.5.0/guice-bridge-2.5.0.jar:/home/user/.m2/repository/org/glassfish/jersey/core/jersey-server/2.27/jersey-server-2.27.jar:/home/user/.m2/repository/org/glassfish/jersey/core/jersey-client/2.27/jersey-client-2.27.jar:/home/user/.m2/repository/org/glassfish/jersey/media/jersey-media-jaxb/2.27/jersey-media-jaxb-2.27.jar:/home/user/.m2/repository/javax/validation/validation-api/1.1.0.Final/validation-api-1.1.0.Final.jar:/home/user/.m2/repository/org/glassfish/jersey/media/jersey-media-json-jackson/2.27/jersey-media-json-jackson-2.27.jar:/home/user/.m2/repository/org/glassfish/jersey/ext/jersey-entity-filtering/2.27/jersey-entity-filtering-2.27.jar:/home/user/.m2/repository/com/google/inject/extensions/guice-assistedinject/4.0/guice-assistedinject-4.0.jar:/home/user/.m2/repository/org/jooq/jooq/3.11.10/jooq-3.11.10.jar:/home/user/.m2/repository/org/jooq/jooq-meta/3.11.10/jooq-meta-3.11.10.jar:/home/user/.m2/repository/org/jooq/jooq-codegen/3.11.10/jooq-codegen-3.11.10.jar:/home/user/.m2/repository/com/jolbox/bonecp/0.8.0.RELEASE/bonecp-0.8.0.RELEASE.jar:/home/user/.m2/repository/org/xerial/sqlite-jdbc/3.25.2/sqlite-jdbc-3.25.2.jar:/home/user/.m2/repository/org/springframework/spring-jdbc/5.1.3.RELEASE/spring-jdbc-5.1.3.RELEASE.jar:/home/user/.m2/repository/org/springframework/spring-beans/5.1.3.RELEASE/spring-beans-5.1.3.RELEASE.jar:/home/user/.m2/repository/org/springframework/spring-core/5.1.3.RELEASE/spring-core-5.1.3.RELEASE.jar:/home/user/.m2/repository/org/springframework/spring-jcl/5.1.3.RELEASE/spring-jcl-5.1.3.RELEASE.jar:/home/user/.m2/repository/org/springframework/spring-tx/5.1.3.RELEASE/spring-tx-5.1.3.RELEASE.jar:/home/user/.m2/repository/org/apache/hadoop/hadoop-ozone-client/0.5.0-SNAPSHOT/hadoop-ozone-client-0.5.0-SNAPSHOT.jar:/home/user/.m2/repository/commons-lang/commons-lang/2.6/commons-lang-2.6.jar:/home/user/.m2/repository/org/apache/hadoop/hadoop-ozone-ozone-manager/0.5.0-SNAPSHOT/hadoop-ozone-ozone-manager-0.5.0-SNAPSHOT-tests.jar:/home/user/.m2/repository/junit/junit/4.11/junit-4.11.jar:/home/user/.m2/repository/org/hamcrest/hamcrest-core/1.3/hamcrest-core-1.3.jar:/home/user/.m2/repository/org/openjdk/jmh/jmh-core/1.19/jmh-core-1.19.jar:/home/user/.m2/repository/net/sf/jopt-simple/jopt-simple/4.6/jopt-simple-4.6.jar:/home/user/.m2/repository/org/apache/commons/commons-math3/3.1.1/commons-math3-3.1.1.jar:/home/user/.m2/repository/org/openjdk/jmh/jmh-generator-annprocess/1.19/jmh-generator-annprocess-1.19.jar:/home/user/.m2/repository/org/mockito/mockito-all/1.8.5/mockito-all-1.8.5.jar:/home/user/.m2/repository/org/apache/hadoop/hadoop-kms/3.2.0/hadoop-kms-3.2.0.jar:/home/user/.m2/repository/org/apache/hadoop/hadoop-auth/3.2.0/hadoop-auth-3.2.0.jar:/home/user/.m2/repository/com/nimbusds/nimbus-jose-jwt/4.41.1/nimbus-jose-jwt-4.41.1.jar:/home/user/.m2/repository/com/github/stephenc/jcip/jcip-annotations/1.0-1/jcip-annotations-1.0-1.jar:/home/user/.m2/repository/net/minidev/json-smart/2.3/json-smart-2.3.jar:/home/user/.m2/repository/net/minidev/accessors-smart/1.2/accessors-smart-1.2.jar:/home/user/.m2/repository/org/ow2/asm/asm/5.0.4/asm-5.0.4.jar:/home/user/.m2/repository/org/apache/curator/curator-framework/2.12.0/curator-framework-2.12.0.jar:/home/user/.m2/repository/com/sun/jersey/jersey-core/1.19/jersey-core-1.19.jar:/home/user/.m2/repository/javax/ws/rs/jsr311-api/1.1.1/jsr311-api-1.1.1.jar:/home/user/.m2/repository/com/sun/jersey/jersey-server/1.19/jersey-server-1.19.jar:/home/user/.m2/repository/javax/servlet/javax.servlet-api/3.1.0/javax.servlet-api-3.1.0.jar:/home/user/.m2/repository/org/eclipse/jetty/jetty-server/9.3.25.v20180904/jetty-server-9.3.25.v20180904.jar:/home/user/.m2/repository/org/eclipse/jetty/jetty-http/9.3.25.v20180904/jetty-http-9.3.25.v20180904.jar:/home/user/.m2/repository/org/eclipse/jetty/jetty-io/9.3.25.v20180904/jetty-io-9.3.25.v20180904.jar:/home/user/.m2/repository/org/eclipse/jetty/jetty-webapp/9.3.25.v20180904/jetty-webapp-9.3.25.v20180904.jar:/home/user/.m2/repository/org/eclipse/jetty/jetty-xml/9.3.25.v20180904/jetty-xml-9.3.25.v20180904.jar:/home/user/.m2/repository/log4j/log4j/1.2.17/log4j-1.2.17.jar:/home/user/.m2/repository/org/slf4j/slf4j-api/1.7.25/slf4j-api-1.7.25.jar:/home/user/.m2/repository/org/slf4j/jul-to-slf4j/1.7.25/jul-to-slf4j-1.7.25.jar:/home/user/.m2/repository/org/eclipse/jetty/jetty-util/9.3.25.v20180904/jetty-util-9.3.25.v20180904.jar:/home/user/.m2/repository/com/fasterxml/jackson/core/jackson-databind/2.9.9/jackson-databind-2.9.9.jar:/home/user/.m2/repository/org/apache/hadoop/hadoop-kms/3.2.0/hadoop-kms-3.2.0-tests.jar:/home/user/.m2/repository/org/apache/hadoop/hadoop-hdds-server-scm/0.5.0-SNAPSHOT/hadoop-hdds-server-scm-0.5.0-SNAPSHOT-tests.jar:/home/user/.m2/repository/org/apache/hadoop/hadoop-hdds-container-service/0.5.0-SNAPSHOT/hadoop-hdds-container-service-0.5.0-SNAPSHOT-tests.jar:/home/user/.m2/repository/org/yaml/snakeyaml/1.16/snakeyaml-1.16.jar:/home/user/.m2/repository/org/apache/hadoop/hadoop-common/3.2.0/hadoop-common-3.2.0-tests.jar:/home/user/.m2/repository/org/apache/hadoop/hadoop-annotations/3.2.0/hadoop-annotations-3.2.0.jar:/usr/lib/jvm/java-1.8.0-openjdk-1.8.0.222.b10-1.el7_7.x86_64/jre/../lib/tools.jar:/home/user/.m2/repository/commons-cli/commons-cli/1.2/commons-cli-1.2.jar:/home/user/.m2/repository/org/apache/httpcomponents/httpclient/4.5.2/httpclient-4.5.2.jar:/home/user/.m2/repository/org/apache/httpcomponents/httpcore/4.4.4/httpcore-4.4.4.jar:/home/user/.m2/repository/commons-codec/commons-codec/1.11/commons-codec-1.11.jar:/home/user/.m2/repository/commons-net/commons-net/3.6/commons-net-3.6.jar:/home/user/.m2/repository/commons-collections/commons-collections/3.2.2/commons-collections-3.2.2.jar:/home/user/.m2/repository/org/eclipse/jetty/jetty-servlet/9.3.25.v20180904/jetty-servlet-9.3.25.v20180904.jar:/home/user/.m2/repository/org/eclipse/jetty/jetty-security/9.3.25.v20180904/jetty-security-9.3.25.v20180904.jar:/home/user/.m2/repository/javax/servlet/jsp/jsp-api/2.1/jsp-api-2.1.jar:/home/user/.m2/repository/com/sun/jersey/jersey-servlet/1.19/jersey-servlet-1.19.jar:/home/user/.m2/repository/com/sun/jersey/jersey-json/1.19/jersey-json-1.19.jar:/home/user/.m2/repository/org/codehaus/jettison/jettison/1.1/jettison-1.1.jar:/home/user/.m2/repository/org/codehaus/jackson/jackson-core-asl/1.9.13/jackson-core-asl-1.9.13.jar:/home/user/.m2/repository/org/codehaus/jackson/jackson-mapper-asl/1.9.13/jackson-mapper-asl-1.9.13.jar:/home/user/.m2/repository/org/codehaus/jackson/jackson-jaxrs/1.9.13/jackson-jaxrs-1.9.13.jar:/home/user/.m2/repository/org/codehaus/jackson/jackson-xc/1.9.13/jackson-xc-1.9.13.jar:/home/user/.m2/repository/commons-logging/commons-logging/1.1.3/commons-logging-1.1.3.jar:/home/user/.m2/repository/commons-beanutils/commons-beanutils/1.9.4/commons-beanutils-1.9.4.jar:/home/user/.m2/repository/org/apache/commons/commons-configuration2/2.1.1/commons-configuration2-2.1.1.jar:/home/user/.m2/repository/org/apache/commons/commons-lang3/3.7/commons-lang3-3.7.jar:/home/user/.m2/repository/org/apache/commons/commons-text/1.4/commons-text-1.4.jar:/home/user/.m2/repository/org/apache/avro/avro/1.7.7/avro-1.7.7.jar:/home/user/.m2/repository/com/thoughtworks/paranamer/paranamer/2.3/paranamer-2.3.jar:/home/user/.m2/repository/org/xerial/snappy/snappy-java/1.0.5/snappy-java-1.0.5.jar:/home/user/.m2/repository/com/google/re2j/re2j/1.1/re2j-1.1.jar:/home/user/.m2/repository/com/google/code/gson/gson/2.2.4/gson-2.2.4.jar:/home/user/.m2/repository/com/jcraft/jsch/0.1.54/jsch-0.1.54.jar:/home/user/.m2/repository/org/apache/curator/curator-client/2.12.0/curator-client-2.12.0.jar:/home/user/.m2/repository/org/apache/curator/curator-recipes/2.12.0/curator-recipes-2.12.0.jar:/home/user/.m2/repository/com/google/code/findbugs/jsr305/3.0.0/jsr305-3.0.0.jar:/home/user/.m2/repository/org/apache/htrace/htrace-core4/4.1.0-incubating/htrace-core4-4.1.0-incubating.jar:/home/user/.m2/repository/org/apache/zookeeper/zookeeper/3.4.13/zookeeper-3.4.13.jar:/home/user/.m2/repository/jline/jline/0.9.94/jline-0.9.94.jar:/home/user/.m2/repository/org/apache/yetus/audience-annotations/0.5.0/audience-annotations-0.5.0.jar:/home/user/.m2/repository/org/codehaus/woodstox/stax2-api/3.1.4/stax2-api-3.1.4.jar:/home/user/.m2/repository/com/fasterxml/woodstox/woodstox-core/5.0.3/woodstox-core-5.0.3.jar:/home/user/.m2/repository/dnsjava/dnsjava/2.1.7/dnsjava-2.1.7.jar:/home/user/.m2/repository/org/apache/hadoop/hadoop-hdfs/3.2.0/hadoop-hdfs-3.2.0-tests.jar:/home/user/.m2/repository/org/eclipse/jetty/jetty-util-ajax/9.3.25.v20180904/jetty-util-ajax-9.3.25.v20180904.jar:/home/user/.m2/repository/commons-daemon/commons-daemon/1.0.13/commons-daemon-1.0.13.jar:/home/user/.m2/repository/io/netty/netty/3.10.5.Final/netty-3.10.5.Final.jar:/home/user/.m2/repository/io/netty/netty-all/4.0.52.Final/netty-all-4.0.52.Final.jar:/home/user/.m2/repository/org/fusesource/leveldbjni/leveldbjni-all/1.8/leveldbjni-all-1.8.jar:"/>
    <property name="sun.cpu.endian" value="little"/>
    <property name="user.home" value="/home/user"/>
    <property name="user.language" value="en"/>
    <property name="java.specification.vendor" value="Oracle Corporation"/>
    <property name="java.home" value="/usr/lib/jvm/java-1.8.0-openjdk-1.8.0.222.b10-1.el7_7.x86_64/jre"/>
    <property name="surefire.excludesFile" value="/tools/ozone-bad-unit-tests"/>
    <property name="java.security.krb5.conf" value="/workdir/hadoop-ozone/integration-test/target/test-classes/krb5.conf"/>
    <property name="basedir" value="/workdir/hadoop-ozone/integration-test"/>
    <property name="file.separator" value="/"/>
    <property name="line.separator" value="&#10;"/>
    <property name="java.vm.specification.vendor" value="Oracle Corporation"/>
    <property name="java.specification.name" value="Java Platform API Specification"/>
    <property name="java.awt.graphicsenv" value="sun.awt.X11GraphicsEnvironment"/>
    <property name="surefire.real.class.path" value="/workdir/hadoop-ozone/integration-test/target/surefire/surefirebooter4538626606567563057.jar"/>
    <property name="hadoop.log.dir" value="/workdir/hadoop-ozone/integration-test/target/log"/>
    <property name="sun.boot.class.path" value="/usr/lib/jvm/java-1.8.0-openjdk-1.8.0.222.b10-1.el7_7.x86_64/jre/lib/resources.jar:/usr/lib/jvm/java-1.8.0-openjdk-1.8.0.222.b10-1.el7_7.x86_64/jre/lib/rt.jar:/usr/lib/jvm/java-1.8.0-openjdk-1.8.0.222.b10-1.el7_7.x86_64/jre/lib/sunrsasign.jar:/usr/lib/jvm/java-1.8.0-openjdk-1.8.0.222.b10-1.el7_7.x86_64/jre/lib/jsse.jar:/usr/lib/jvm/java-1.8.0-openjdk-1.8.0.222.b10-1.el7_7.x86_64/jre/lib/jce.jar:/usr/lib/jvm/java-1.8.0-openjdk-1.8.0.222.b10-1.el7_7.x86_64/jre/lib/charsets.jar:/usr/lib/jvm/java-1.8.0-openjdk-1.8.0.222.b10-1.el7_7.x86_64/jre/lib/jfr.jar:/usr/lib/jvm/java-1.8.0-openjdk-1.8.0.222.b10-1.el7_7.x86_64/jre/classes"/>
    <property name="sun.management.compiler" value="HotSpot 64-Bit Tiered Compilers"/>
    <property name="java.runtime.version" value="1.8.0_222-b10"/>
    <property name="java.net.preferIPv4Stack" value="true"/>
    <property name="user.name" value="jenkins1000"/>
    <property name="path.separator" value=":"/>
    <property name="java.security.egd" value="file:///dev/urandom"/>
    <property name="os.version" value="3.10.0-957.12.2.el7.x86_64"/>
    <property name="java.endorsed.dirs" value="/usr/lib/jvm/java-1.8.0-openjdk-1.8.0.222.b10-1.el7_7.x86_64/jre/lib/endorsed"/>
    <property name="java.runtime.name" value="OpenJDK Runtime Environment"/>
    <property name="file.encoding" value="ANSI_X3.4-1968"/>
    <property name="java.vm.name" value="OpenJDK 64-Bit Server VM"/>
    <property name="test.build.webapps" value=""/>
    <property name="localRepository" value="/home/user/.m2/repository"/>
    <property name="java.vendor.url.bug" value="http://bugreport.sun.com/bugreport/"/>
    <property name="java.io.tmpdir" value="/tmp"/>
    <property name="require.test.libhadoop" value=""/>
    <property name="java.version" value="1.8.0_222"/>
    <property name="user.dir" value="/workdir/hadoop-ozone/integration-test"/>
    <property name="os.arch" value="amd64"/>
    <property name="java.vm.specification.name" value="Java Virtual Machine Specification"/>
    <property name="test.build.classes" value="/workdir/hadoop-ozone/integration-test/target/test-classes"/>
    <property name="java.awt.printerjob" value="sun.print.PSPrinterJob"/>
    <property name="sun.os.patch.level" value="unknown"/>
    <property name="hadoop.tmp.dir" value="/workdir/hadoop-ozone/integration-test/target/tmp"/>
    <property name="java.library.path" value="/usr/lib:/workdir/hadoop-ozone/integration-test/target/native/target/usr/local/lib:/workdir/hadoop-ozone/integration-test/../../hadoop-common-project/hadoop-common/target/native/target/usr/local/lib:/usr/java/packages/lib/amd64:/usr/lib64:/lib64:/lib:/usr/lib"/>
    <property name="java.vm.info" value="mixed mode"/>
    <property name="java.vendor" value="Oracle Corporation"/>
    <property name="java.vm.version" value="25.222-b10"/>
    <property name="java.ext.dirs" value="/usr/lib/jvm/java-1.8.0-openjdk-1.8.0.222.b10-1.el7_7.x86_64/jre/lib/ext:/usr/java/packages/lib/ext"/>
    <property name="sun.io.unicode.encoding" value="UnicodeLittle"/>
    <property name="java.class.version" value="52.0"/>
  </properties>
  <testcase name="testPutKeyAndGetKeyThreeNodes" classname="org.apache.hadoop.ozone.client.rpc.TestReadRetries" time="2.275">
    <error message="Releasing lock on resource /9c189c59-48fe-4872-8dbb-112a103c4d24/1f0efd32-4ffb-413a-aaee-c42e6f1d0345 without acquiring lock&#10;	at org.apache.hadoop.ozone.lock.LockManager.getLockForReleasing(LockManager.java:220)&#10;	at org.apache.hadoop.ozone.lock.LockManager.release(LockManager.java:168)&#10;	at org.apache.hadoop.ozone.lock.LockManager.writeUnlock(LockManager.java:148)&#10;	at org.apache.hadoop.ozone.om.lock.OzoneManagerLock.unlock(OzoneManagerLock.java:364)&#10;	at org.apache.hadoop.ozone.om.lock.OzoneManagerLock.releaseWriteLock(OzoneManagerLock.java:329)&#10;	at org.apache.hadoop.ozone.om.request.key.OMKeyCommitRequest.validateAndUpdateCache(OMKeyCommitRequest.java:177)&#10;	at org.apache.hadoop.ozone.protocolPB.OzoneManagerProtocolServerSideTranslatorPB.submitRequestDirectlyToOM(OzoneManagerProtocolServerSideTranslatorPB.java:219)&#10;	at org.apache.hadoop.ozone.protocolPB.OzoneManagerProtocolServerSideTranslatorPB.processRequest(OzoneManagerProtocolServerSideTranslatorPB.java:134)&#10;	at org.apache.hadoop.hdds.server.OzoneProtocolMessageDispatcher.processRequest(OzoneProtocolMessageDispatcher.java:72)&#10;	at org.apache.hadoop.ozone.protocolPB.OzoneManagerProtocolServerSideTranslatorPB.submitRequest(OzoneManagerProtocolServerSideTranslatorPB.java:100)&#10;	at org.apache.hadoop.ozone.protocol.proto.OzoneManagerProtocolProtos$OzoneManagerService$2.callBlockingMethod(OzoneManagerProtocolProtos.java)&#10;	at org.apache.hadoop.ipc.ProtobufRpcEngine$Server$ProtoBufRpcInvoker.call(ProtobufRpcEngine.java:524)&#10;	at org.apache.hadoop.ipc.RPC$Server.call(RPC.java:1025)&#10;	at org.apache.hadoop.ipc.Server$RpcCall.run(Server.java:876)&#10;	at org.apache.hadoop.ipc.Server$RpcCall.run(Server.java:822)&#10;	at java.security.AccessController.doPrivileged(Native Method)&#10;	at javax.security.auth.Subject.doAs(Subject.java:422)&#10;	at org.apache.hadoop.security.UserGroupInformation.doAs(UserGroupInformation.java:1730)&#10;	at org.apache.hadoop.ipc.Server$Handler.run(Server.java:2682)&#10;" type="org.apache.hadoop.ipc.RemoteException(java.lang.IllegalMonitorStateException)">org.apache.hadoop.ipc.RemoteException(java.lang.IllegalMonitorStateException): Releasing lock on resource /9c189c59-48fe-4872-8dbb-112a103c4d24/1f0efd32-4ffb-413a-aaee-c42e6f1d0345 without acquiring lock
	at org.apache.hadoop.ozone.lock.LockManager.getLockForReleasing(LockManager.java:220)
	at org.apache.hadoop.ozone.lock.LockManager.release(LockManager.java:168)
	at org.apache.hadoop.ozone.lock.LockManager.writeUnlock(LockManager.java:148)
	at org.apache.hadoop.ozone.om.lock.OzoneManagerLock.unlock(OzoneManagerLock.java:364)
	at org.apache.hadoop.ozone.om.lock.OzoneManagerLock.releaseWriteLock(OzoneManagerLock.java:329)
	at org.apache.hadoop.ozone.om.request.key.OMKeyCommitRequest.validateAndUpdateCache(OMKeyCommitRequest.java:177)
	at org.apache.hadoop.ozone.protocolPB.OzoneManagerProtocolServerSideTranslatorPB.submitRequestDirectlyToOM(OzoneManagerProtocolServerSideTranslatorPB.java:219)
	at org.apache.hadoop.ozone.protocolPB.OzoneManagerProtocolServerSideTranslatorPB.processRequest(OzoneManagerProtocolServerSideTranslatorPB.java:134)
	at org.apache.hadoop.hdds.server.OzoneProtocolMessageDispatcher.processRequest(OzoneProtocolMessageDispatcher.java:72)
	at org.apache.hadoop.ozone.protocolPB.OzoneManagerProtocolServerSideTranslatorPB.submitRequest(OzoneManagerProtocolServerSideTranslatorPB.java:100)
	at org.apache.hadoop.ozone.protocol.proto.OzoneManagerProtocolProtos$OzoneManagerService$2.callBlockingMethod(OzoneManagerProtocolProtos.java)
	at org.apache.hadoop.ipc.ProtobufRpcEngine$Server$ProtoBufRpcInvoker.call(ProtobufRpcEngine.java:524)
	at org.apache.hadoop.ipc.RPC$Server.call(RPC.java:1025)
	at org.apache.hadoop.ipc.Server$RpcCall.run(Server.java:876)
	at org.apache.hadoop.ipc.Server$RpcCall.run(Server.java:822)
	at java.security.AccessController.doPrivileged(Native Method)
	at javax.security.auth.Subject.doAs(Subject.java:422)
	at org.apache.hadoop.security.UserGroupInformation.doAs(UserGroupInformation.java:1730)
	at org.apache.hadoop.ipc.Server$Handler.run(Server.java:2682)

	at org.apache.hadoop.ipc.Client.getRpcResponse(Client.java:1511)
	at org.apache.hadoop.ipc.Client.call(Client.java:1457)
	at org.apache.hadoop.ipc.Client.call(Client.java:1367)
	at org.apache.hadoop.ipc.ProtobufRpcEngine$Invoker.invoke(ProtobufRpcEngine.java:228)
	at org.apache.hadoop.ipc.ProtobufRpcEngine$Invoker.invoke(ProtobufRpcEngine.java:116)
	at com.sun.proxy.$Proxy37.submitRequest(Unknown Source)
	at sun.reflect.GeneratedMethodAccessor63.invoke(Unknown Source)
	at sun.reflect.DelegatingMethodAccessorImpl.invoke(DelegatingMethodAccessorImpl.java:43)
	at java.lang.reflect.Method.invoke(Method.java:498)
	at org.apache.hadoop.io.retry.RetryInvocationHandler.invokeMethod(RetryInvocationHandler.java:422)
	at org.apache.hadoop.io.retry.RetryInvocationHandler$Call.invokeMethod(RetryInvocationHandler.java:165)
	at org.apache.hadoop.io.retry.RetryInvocationHandler$Call.invoke(RetryInvocationHandler.java:157)
	at org.apache.hadoop.io.retry.RetryInvocationHandler$Call.invokeOnce(RetryInvocationHandler.java:95)
	at org.apache.hadoop.io.retry.RetryInvocationHandler.invoke(RetryInvocationHandler.java:359)
	at com.sun.proxy.$Proxy37.submitRequest(Unknown Source)
	at org.apache.hadoop.ozone.om.protocolPB.OzoneManagerProtocolClientSideTranslatorPB.submitRequest(OzoneManagerProtocolClientSideTranslatorPB.java:338)
	at org.apache.hadoop.ozone.om.protocolPB.OzoneManagerProtocolClientSideTranslatorPB.commitKey(OzoneManagerProtocolClientSideTranslatorPB.java:789)
	at sun.reflect.NativeMethodAccessorImpl.invoke0(Native Method)
	at sun.reflect.NativeMethodAccessorImpl.invoke(NativeMethodAccessorImpl.java:62)
	at sun.reflect.DelegatingMethodAccessorImpl.invoke(DelegatingMethodAccessorImpl.java:43)
	at java.lang.reflect.Method.invoke(Method.java:498)
	at org.apache.hadoop.hdds.tracing.TraceAllMethod.invoke(TraceAllMethod.java:66)
	at com.sun.proxy.$Proxy38.commitKey(Unknown Source)
	at org.apache.hadoop.ozone.client.io.BlockOutputStreamEntryPool.commitKey(BlockOutputStreamEntryPool.java:277)
	at org.apache.hadoop.ozone.client.io.KeyOutputStream.close(KeyOutputStream.java:474)
	at org.apache.hadoop.ozone.client.io.OzoneOutputStream.close(OzoneOutputStream.java:60)
	at org.apache.hadoop.ozone.client.rpc.TestReadRetries.testPutKeyAndGetKeyThreeNodes(TestReadRetries.java:143)
	at sun.reflect.NativeMethodAccessorImpl.invoke0(Native Method)
	at sun.reflect.NativeMethodAccessorImpl.invoke(NativeMethodAccessorImpl.java:62)
	at sun.reflect.DelegatingMethodAccessorImpl.invoke(DelegatingMethodAccessorImpl.java:43)
	at java.lang.reflect.Method.invoke(Method.java:498)
	at org.junit.runners.model.FrameworkMethod$1.runReflectiveCall(FrameworkMethod.java:47)
	at org.junit.internal.runners.model.ReflectiveCallable.run(ReflectiveCallable.java:12)
	at org.junit.runners.model.FrameworkMethod.invokeExplosively(FrameworkMethod.java:44)
	at org.junit.internal.runners.statements.InvokeMethod.evaluate(InvokeMethod.java:17)
	at org.junit.rules.ExpectedException$ExpectedExceptionStatement.evaluate(ExpectedException.java:168)
	at org.junit.rules.RunRules.evaluate(RunRules.java:20)
	at org.junit.runners.ParentRunner.runLeaf(ParentRunner.java:271)
	at org.junit.runners.BlockJUnit4ClassRunner.runChild(BlockJUnit4ClassRunner.java:70)
	at org.junit.runners.BlockJUnit4ClassRunner.runChild(BlockJUnit4ClassRunner.java:50)
	at org.junit.runners.ParentRunner$3.run(ParentRunner.java:238)
	at org.junit.runners.ParentRunner$1.schedule(ParentRunner.java:63)
	at org.junit.runners.ParentRunner.runChildren(ParentRunner.java:236)
	at org.junit.runners.ParentRunner.access$000(ParentRunner.java:53)
	at org.junit.runners.ParentRunner$2.evaluate(ParentRunner.java:229)
	at org.junit.internal.runners.statements.RunBefores.evaluate(RunBefores.java:26)
	at org.junit.internal.runners.statements.RunAfters.evaluate(RunAfters.java:27)
	at org.junit.runners.ParentRunner.run(ParentRunner.java:309)
	at org.apache.maven.surefire.junit4.JUnit4Provider.execute(JUnit4Provider.java:365)
	at org.apache.maven.surefire.junit4.JUnit4Provider.executeWithRerun(JUnit4Provider.java:273)
	at org.apache.maven.surefire.junit4.JUnit4Provider.executeTestSet(JUnit4Provider.java:238)
	at org.apache.maven.surefire.junit4.JUnit4Provider.invoke(JUnit4Provider.java:159)
	at org.apache.maven.surefire.booter.ForkedBooter.invokeProviderInSameClassLoader(ForkedBooter.java:384)
	at org.apache.maven.surefire.booter.ForkedBooter.runSuitesInProcess(ForkedBooter.java:345)
	at org.apache.maven.surefire.booter.ForkedBooter.execute(ForkedBooter.java:126)
	at org.apache.maven.surefire.booter.ForkedBooter.main(ForkedBooter.java:418)
</error>
    <system-out><![CDATA[2019-10-16 07:48:33,735 [main] WARN  server.ServerUtils (ServerUtils.java:getScmDbDir(145)) - ozone.scm.db.dirs is not configured. We recommend adding this setting. Falling back to ozone.metadata.dirs instead.
2019-10-16 07:48:33,845 [main] WARN  server.ServerUtils (ServerUtils.java:getScmDbDir(145)) - ozone.scm.db.dirs is not configured. We recommend adding this setting. Falling back to ozone.metadata.dirs instead.
2019-10-16 07:48:33,848 [main] WARN  server.ServerUtils (ServerUtils.java:getScmDbDir(145)) - ozone.scm.db.dirs is not configured. We recommend adding this setting. Falling back to ozone.metadata.dirs instead.
2019-10-16 07:48:33,873 [main] INFO  util.log (Log.java:initialized(192)) - Logging initialized @792ms
2019-10-16 07:48:33,970 [main] INFO  db.DBStoreBuilder (DBStoreBuilder.java:addTable(117)) - using custom profile for table: deletedBlocks
2019-10-16 07:48:33,970 [main] INFO  db.DBStoreBuilder (DBStoreBuilder.java:processTables(168)) - Using default column profile:DBProfile.DISK for Table:deletedBlocks
2019-10-16 07:48:33,971 [main] INFO  db.DBStoreBuilder (DBStoreBuilder.java:addTable(117)) - using custom profile for table: validCerts
2019-10-16 07:48:33,971 [main] INFO  db.DBStoreBuilder (DBStoreBuilder.java:processTables(168)) - Using default column profile:DBProfile.DISK for Table:validCerts
2019-10-16 07:48:33,971 [main] INFO  db.DBStoreBuilder (DBStoreBuilder.java:addTable(117)) - using custom profile for table: revokedCerts
2019-10-16 07:48:33,972 [main] INFO  db.DBStoreBuilder (DBStoreBuilder.java:processTables(168)) - Using default column profile:DBProfile.DISK for Table:revokedCerts
2019-10-16 07:48:33,983 [main] INFO  db.DBStoreBuilder (DBStoreBuilder.java:addTable(117)) - using custom profile for table: default
2019-10-16 07:48:33,983 [main] INFO  db.DBStoreBuilder (DBStoreBuilder.java:processTables(174)) - Using default column profile:DBProfile.DISK for Table:default
2019-10-16 07:48:33,985 [main] INFO  db.DBStoreBuilder (DBStoreBuilder.java:getDbProfile(205)) - Using default options. DBProfile.DISK
2019-10-16 07:48:34,300 [main] INFO  net.NodeSchemaLoader (NodeSchemaLoader.java:loadSchemaFromFile(125)) - Loading file from sun.misc.CompoundEnumeration@45752059
2019-10-16 07:48:34,302 [main] INFO  net.NodeSchemaLoader (NodeSchemaLoader.java:loadSchema(171)) - Loading network topology layer schema file
2019-10-16 07:48:34,362 [main] WARN  server.ServerUtils (ServerUtils.java:sanitizeUserArgs(70)) - ozone.scm.stale.node.interval value = 300000 is larger than max = 100000 based on the key value of ozone.scm.heartbeat.thread.interval, reset to the max value 100000.
2019-10-16 07:48:34,364 [main] WARN  server.ServerUtils (ServerUtils.java:sanitizeUserArgs(70)) - ozone.scm.stale.node.interval value = 300000 is larger than max = 100000 based on the key value of ozone.scm.heartbeat.thread.interval, reset to the max value 100000.
2019-10-16 07:48:34,366 [main] INFO  node.SCMNodeManager (SCMNodeManager.java:<init>(116)) - Entering startup safe mode.
2019-10-16 07:48:34,432 [main] INFO  algorithms.ContainerPlacementPolicyFactory (ContainerPlacementPolicyFactory.java:getPolicy(57)) - Create container placement policy of type org.apache.hadoop.hdds.scm.container.placement.algorithms.SCMContainerPlacementRandom
2019-10-16 07:48:34,446 [main] WARN  server.ServerUtils (ServerUtils.java:getScmDbDir(145)) - ozone.scm.db.dirs is not configured. We recommend adding this setting. Falling back to ozone.metadata.dirs instead.
2019-10-16 07:48:34,537 [main] INFO  pipeline.SCMPipelineManager (SCMPipelineManager.java:initializePipelineState(132)) - No pipeline exists in current db
2019-10-16 07:48:34,540 [main] WARN  server.ServerUtils (ServerUtils.java:getScmDbDir(145)) - ozone.scm.db.dirs is not configured. We recommend adding this setting. Falling back to ozone.metadata.dirs instead.
2019-10-16 07:48:34,725 [main] WARN  events.EventQueue (EventQueue.java:fireEvent(183)) - No event handler registered for event TypedEvent{payloadType=SafeModeStatus, name='SafeModeStatus'}
2019-10-16 07:48:35,077 [main] INFO  ipc.CallQueueManager (CallQueueManager.java:<init>(84)) - Using callQueue: class java.util.concurrent.LinkedBlockingQueue, queueCapacity: 2000, scheduler: class org.apache.hadoop.ipc.DefaultRpcScheduler, ipcBackoff: false.
2019-10-16 07:48:35,219 [Socket Reader #1 for port 37790] INFO  ipc.Server (Server.java:run(1074)) - Starting Socket Reader #1 for port 37790
2019-10-16 07:48:35,264 [main] INFO  ipc.CallQueueManager (CallQueueManager.java:<init>(84)) - Using callQueue: class java.util.concurrent.LinkedBlockingQueue, queueCapacity: 2000, scheduler: class org.apache.hadoop.ipc.DefaultRpcScheduler, ipcBackoff: false.
2019-10-16 07:48:35,266 [Socket Reader #1 for port 44856] INFO  ipc.Server (Server.java:run(1074)) - Starting Socket Reader #1 for port 44856
2019-10-16 07:48:35,278 [main] INFO  ipc.CallQueueManager (CallQueueManager.java:<init>(84)) - Using callQueue: class java.util.concurrent.LinkedBlockingQueue, queueCapacity: 2000, scheduler: class org.apache.hadoop.ipc.DefaultRpcScheduler, ipcBackoff: false.
2019-10-16 07:48:35,279 [Socket Reader #1 for port 36057] INFO  ipc.Server (Server.java:run(1074)) - Starting Socket Reader #1 for port 36057
2019-10-16 07:48:35,306 [main] INFO  hdfs.DFSUtil (DFSUtil.java:httpServerTemplateForNNAndJN(1641)) - Starting Web-server for scm at: http://0.0.0.0:0
2019-10-16 07:48:35,492 [main] INFO  server.AuthenticationFilter (AuthenticationFilter.java:constructSecretProvider(240)) - Unable to initialize FileSignerSecretProvider, falling back to use random secrets.
2019-10-16 07:48:35,502 [main] WARN  http.HttpRequestLog (HttpRequestLog.java:getRequestLog(97)) - Jetty request log can only be enabled using Log4j
2019-10-16 07:48:35,510 [main] INFO  http.HttpServer2 (HttpServer2.java:addGlobalFilter(975)) - Added global filter 'safety' (class=org.apache.hadoop.http.HttpServer2$QuotingInputFilter)
2019-10-16 07:48:35,513 [main] INFO  http.HttpServer2 (HttpServer2.java:addFilter(948)) - Added filter static_user_filter (class=org.apache.hadoop.http.lib.StaticUserWebFilter$StaticUserFilter) to context scm
2019-10-16 07:48:35,513 [main] INFO  http.HttpServer2 (HttpServer2.java:addFilter(958)) - Added filter static_user_filter (class=org.apache.hadoop.http.lib.StaticUserWebFilter$StaticUserFilter) to context logs
2019-10-16 07:48:35,513 [main] INFO  http.HttpServer2 (HttpServer2.java:addFilter(958)) - Added filter static_user_filter (class=org.apache.hadoop.http.lib.StaticUserWebFilter$StaticUserFilter) to context static
2019-10-16 07:48:35,548 [main] INFO  server.StorageContainerManager (StorageContainerManager.java:start(772)) - StorageContainerLocationProtocol RPC server is listening at /0.0.0.0:36057
2019-10-16 07:48:35,615 [main] WARN  impl.MetricsConfig (MetricsConfig.java:loadFirst(134)) - Cannot locate configuration: tried hadoop-metrics2-storagecontainermanager.properties,hadoop-metrics2.properties
2019-10-16 07:48:35,627 [main] INFO  impl.MetricsSystemImpl (MetricsSystemImpl.java:startTimer(374)) - Scheduled Metric snapshot period at 10 second(s).
2019-10-16 07:48:35,627 [main] INFO  impl.MetricsSystemImpl (MetricsSystemImpl.java:start(191)) - StorageContainerManager metrics system started
2019-10-16 07:48:35,848 [main] INFO  server.SCMClientProtocolServer (SCMClientProtocolServer.java:start(159)) - RPC server for Client  is listening at /0.0.0.0:36057
2019-10-16 07:48:35,849 [IPC Server Responder] INFO  ipc.Server (Server.java:run(1314)) - IPC Server Responder: starting
2019-10-16 07:48:35,849 [IPC Server listener on 36057] INFO  ipc.Server (Server.java:run(1153)) - IPC Server listener on 36057: starting
2019-10-16 07:48:35,852 [main] INFO  server.StorageContainerManager (StorageContainerManager.java:start(782)) - ScmBlockLocationProtocol RPC server is listening at /0.0.0.0:44856
2019-10-16 07:48:35,852 [main] INFO  server.SCMBlockProtocolServer (SCMBlockProtocolServer.java:start(146)) - RPC server for Block Protocol is listening at /0.0.0.0:44856
2019-10-16 07:48:35,853 [IPC Server listener on 44856] INFO  ipc.Server (Server.java:run(1153)) - IPC Server listener on 44856: starting
2019-10-16 07:48:35,853 [IPC Server Responder] INFO  ipc.Server (Server.java:run(1314)) - IPC Server Responder: starting
2019-10-16 07:48:35,856 [main] INFO  server.StorageContainerManager (StorageContainerManager.java:start(786)) - ScmDatanodeProtocl RPC server is listening at /0.0.0.0:37790
2019-10-16 07:48:35,856 [main] INFO  server.SCMDatanodeProtocolServer (SCMDatanodeProtocolServer.java:start(169)) - RPC server for DataNodes is listening at /0.0.0.0:37790
2019-10-16 07:48:35,857 [IPC Server Responder] INFO  ipc.Server (Server.java:run(1314)) - IPC Server Responder: starting
2019-10-16 07:48:35,857 [IPC Server listener on 37790] INFO  ipc.Server (Server.java:run(1153)) - IPC Server listener on 37790: starting
2019-10-16 07:48:35,861 [main] INFO  http.HttpServer2 (HttpServer2.java:bindListener(1191)) - Jetty bound to port 42114
2019-10-16 07:48:35,862 [main] INFO  server.Server (Server.java:doStart(351)) - jetty-9.3.25.v20180904, build timestamp: 2018-09-04T21:11:46Z, git hash: 3ce520221d0240229c862b122d2b06c12a625732
2019-10-16 07:48:35,899 [main] INFO  handler.ContextHandler (ContextHandler.java:doStart(781)) - Started o.e.j.s.ServletContextHandler@7966baa7{/logs,file:///workdir/hadoop-ozone/integration-test/target/log,AVAILABLE}
2019-10-16 07:48:35,900 [main] INFO  handler.ContextHandler (ContextHandler.java:doStart(781)) - Started o.e.j.s.ServletContextHandler@1253e7cb{/static,file:///workdir/hadoop-ozone/integration-test/target/test-classes/webapps/static,AVAILABLE}
2019-10-16 07:48:35,931 [main] INFO  handler.ContextHandler (ContextHandler.java:doStart(781)) - Started o.e.j.w.WebAppContext@10b892d5{/,file:///workdir/hadoop-ozone/integration-test/target/test-classes/webapps/scm/,AVAILABLE}{/scm}
2019-10-16 07:48:35,937 [main] INFO  server.AbstractConnector (AbstractConnector.java:doStart(278)) - Started ServerConnector@1b9ea3e3{HTTP/1.1,[http/1.1]}{0.0.0.0:42114}
2019-10-16 07:48:35,937 [main] INFO  server.Server (Server.java:doStart(419)) - Started @2857ms
2019-10-16 07:48:35,939 [main] INFO  impl.MetricsSinkAdapter (MetricsSinkAdapter.java:start(204)) - Sink prometheus started
2019-10-16 07:48:35,940 [main] INFO  impl.MetricsSystemImpl (MetricsSystemImpl.java:registerSink(301)) - Registered sink prometheus
2019-10-16 07:48:35,941 [main] INFO  server.BaseHttpServer (BaseHttpServer.java:updateConnectorAddress(215)) - HTTP server of SCM is listening at http://0.0.0.0:42114
2019-10-16 07:48:35,946 [org.apache.hadoop.util.JvmPauseMonitor$Monitor@34abdee4] INFO  util.JvmPauseMonitor (JvmPauseMonitor.java:run(188)) - Starting JVM pause monitor
2019-10-16 07:48:35,948 [main] WARN  server.ServerUtils (ServerUtils.java:getDBPath(222)) - ozone.om.db.dirs is not configured. We recommend adding this setting. Falling back to ozone.metadata.dirs instead.
2019-10-16 07:48:36,076 [main] INFO  ha.OMHANodeDetails (OMHANodeDetails.java:loadOMHAConfig(190)) - Configuration either no ozone.om.address set. Falling back to the default OM address /127.0.0.1:0
2019-10-16 07:48:36,076 [main] INFO  ha.OMHANodeDetails (OMHANodeDetails.java:getOMNodeDetails(220)) - OM Service ID is not set. Setting it to the default ID: omServiceIdDefault
2019-10-16 07:48:36,079 [main] WARN  server.ServerUtils (ServerUtils.java:getDBPath(222)) - ozone.om.db.dirs is not configured. We recommend adding this setting. Falling back to ozone.metadata.dirs instead.
2019-10-16 07:48:36,081 [main] WARN  server.ServerUtils (ServerUtils.java:getDBPath(222)) - ozone.om.db.dirs is not configured. We recommend adding this setting. Falling back to ozone.metadata.dirs instead.
2019-10-16 07:48:36,725 [main] WARN  server.ServerUtils (ServerUtils.java:getDBPath(222)) - ozone.om.db.dirs is not configured. We recommend adding this setting. Falling back to ozone.metadata.dirs instead.
2019-10-16 07:48:36,732 [main] INFO  db.DBStoreBuilder (DBStoreBuilder.java:addTable(117)) - using custom profile for table: userTable
2019-10-16 07:48:36,733 [main] INFO  db.DBStoreBuilder (DBStoreBuilder.java:processTables(168)) - Using default column profile:DBProfile.DISK for Table:userTable
2019-10-16 07:48:36,733 [main] INFO  db.DBStoreBuilder (DBStoreBuilder.java:addTable(117)) - using custom profile for table: volumeTable
2019-10-16 07:48:36,733 [main] INFO  db.DBStoreBuilder (DBStoreBuilder.java:processTables(168)) - Using default column profile:DBProfile.DISK for Table:volumeTable
2019-10-16 07:48:36,733 [main] INFO  db.DBStoreBuilder (DBStoreBuilder.java:addTable(117)) - using custom profile for table: bucketTable
2019-10-16 07:48:36,734 [main] INFO  db.DBStoreBuilder (DBStoreBuilder.java:processTables(168)) - Using default column profile:DBProfile.DISK for Table:bucketTable
2019-10-16 07:48:36,734 [main] INFO  db.DBStoreBuilder (DBStoreBuilder.java:addTable(117)) - using custom profile for table: keyTable
2019-10-16 07:48:36,734 [main] INFO  db.DBStoreBuilder (DBStoreBuilder.java:processTables(168)) - Using default column profile:DBProfile.DISK for Table:keyTable
2019-10-16 07:48:36,734 [main] INFO  db.DBStoreBuilder (DBStoreBuilder.java:addTable(117)) - using custom profile for table: deletedTable
2019-10-16 07:48:36,735 [main] INFO  db.DBStoreBuilder (DBStoreBuilder.java:processTables(168)) - Using default column profile:DBProfile.DISK for Table:deletedTable
2019-10-16 07:48:36,735 [main] INFO  db.DBStoreBuilder (DBStoreBuilder.java:addTable(117)) - using custom profile for table: openKeyTable
2019-10-16 07:48:36,735 [main] INFO  db.DBStoreBuilder (DBStoreBuilder.java:processTables(168)) - Using default column profile:DBProfile.DISK for Table:openKeyTable
2019-10-16 07:48:36,735 [main] INFO  db.DBStoreBuilder (DBStoreBuilder.java:addTable(117)) - using custom profile for table: s3Table
2019-10-16 07:48:36,736 [main] INFO  db.DBStoreBuilder (DBStoreBuilder.java:processTables(168)) - Using default column profile:DBProfile.DISK for Table:s3Table
2019-10-16 07:48:36,736 [main] INFO  db.DBStoreBuilder (DBStoreBuilder.java:addTable(117)) - using custom profile for table: multipartInfoTable
2019-10-16 07:48:36,736 [main] INFO  db.DBStoreBuilder (DBStoreBuilder.java:processTables(168)) - Using default column profile:DBProfile.DISK for Table:multipartInfoTable
2019-10-16 07:48:36,736 [main] INFO  db.DBStoreBuilder (DBStoreBuilder.java:addTable(117)) - using custom profile for table: dTokenTable
2019-10-16 07:48:36,737 [main] INFO  db.DBStoreBuilder (DBStoreBuilder.java:processTables(168)) - Using default column profile:DBProfile.DISK for Table:dTokenTable
2019-10-16 07:48:36,737 [main] INFO  db.DBStoreBuilder (DBStoreBuilder.java:addTable(117)) - using custom profile for table: s3SecretTable
2019-10-16 07:48:36,737 [main] INFO  db.DBStoreBuilder (DBStoreBuilder.java:processTables(168)) - Using default column profile:DBProfile.DISK for Table:s3SecretTable
2019-10-16 07:48:36,737 [main] INFO  db.DBStoreBuilder (DBStoreBuilder.java:addTable(117)) - using custom profile for table: prefixTable
2019-10-16 07:48:36,737 [main] INFO  db.DBStoreBuilder (DBStoreBuilder.java:processTables(168)) - Using default column profile:DBProfile.DISK for Table:prefixTable
2019-10-16 07:48:36,738 [main] INFO  db.DBStoreBuilder (DBStoreBuilder.java:addTable(117)) - using custom profile for table: default
2019-10-16 07:48:36,738 [main] INFO  db.DBStoreBuilder (DBStoreBuilder.java:processTables(174)) - Using default column profile:DBProfile.DISK for Table:default
2019-10-16 07:48:36,738 [main] INFO  db.DBStoreBuilder (DBStoreBuilder.java:getDbProfile(205)) - Using default options. DBProfile.DISK
2019-10-16 07:48:37,391 [main] INFO  ipc.CallQueueManager (CallQueueManager.java:<init>(84)) - Using callQueue: class java.util.concurrent.LinkedBlockingQueue, queueCapacity: 2000, scheduler: class org.apache.hadoop.ipc.DefaultRpcScheduler, ipcBackoff: false.
2019-10-16 07:48:37,392 [Socket Reader #1 for port 32823] INFO  ipc.Server (Server.java:run(1074)) - Starting Socket Reader #1 for port 32823
2019-10-16 07:48:37,416 [main] INFO  om.OzoneManager (OzoneManager.java:start(1074)) - OzoneManager RPC server is listening at localhost/127.0.0.1:32823
2019-10-16 07:48:37,416 [main] INFO  impl.MetricsSystemImpl (MetricsSystemImpl.java:init(158)) - OzoneManager metrics system started (again)
2019-10-16 07:48:37,424 [IPC Server Responder] INFO  ipc.Server (Server.java:run(1314)) - IPC Server Responder: starting
2019-10-16 07:48:37,424 [IPC Server listener on 32823] INFO  ipc.Server (Server.java:run(1153)) - IPC Server listener on 32823: starting
2019-10-16 07:48:37,431 [main] INFO  hdfs.DFSUtil (DFSUtil.java:httpServerTemplateForNNAndJN(1641)) - Starting Web-server for ozoneManager at: http://0.0.0.0:0
2019-10-16 07:48:37,434 [main] INFO  server.AuthenticationFilter (AuthenticationFilter.java:constructSecretProvider(240)) - Unable to initialize FileSignerSecretProvider, falling back to use random secrets.
2019-10-16 07:48:37,435 [main] WARN  http.HttpRequestLog (HttpRequestLog.java:getRequestLog(97)) - Jetty request log can only be enabled using Log4j
2019-10-16 07:48:37,438 [main] INFO  http.HttpServer2 (HttpServer2.java:addGlobalFilter(975)) - Added global filter 'safety' (class=org.apache.hadoop.http.HttpServer2$QuotingInputFilter)
2019-10-16 07:48:37,440 [main] INFO  http.HttpServer2 (HttpServer2.java:addFilter(948)) - Added filter static_user_filter (class=org.apache.hadoop.http.lib.StaticUserWebFilter$StaticUserFilter) to context ozoneManager
2019-10-16 07:48:37,440 [main] INFO  http.HttpServer2 (HttpServer2.java:addFilter(958)) - Added filter static_user_filter (class=org.apache.hadoop.http.lib.StaticUserWebFilter$StaticUserFilter) to context static
2019-10-16 07:48:37,440 [main] INFO  http.HttpServer2 (HttpServer2.java:addFilter(958)) - Added filter static_user_filter (class=org.apache.hadoop.http.lib.StaticUserWebFilter$StaticUserFilter) to context logs
2019-10-16 07:48:37,443 [main] INFO  http.HttpServer2 (HttpServer2.java:bindListener(1191)) - Jetty bound to port 37153
2019-10-16 07:48:37,444 [main] INFO  server.Server (Server.java:doStart(351)) - jetty-9.3.25.v20180904, build timestamp: 2018-09-04T21:11:46Z, git hash: 3ce520221d0240229c862b122d2b06c12a625732
2019-10-16 07:48:37,447 [main] INFO  handler.ContextHandler (ContextHandler.java:doStart(781)) - Started o.e.j.s.ServletContextHandler@2ca6546f{/logs,file:///workdir/hadoop-ozone/integration-test/target/log,AVAILABLE}
2019-10-16 07:48:37,448 [main] INFO  handler.ContextHandler (ContextHandler.java:doStart(781)) - Started o.e.j.s.ServletContextHandler@7923f5b3{/static,file:///workdir/hadoop-ozone/integration-test/target/test-classes/webapps/static,AVAILABLE}
2019-10-16 07:48:37,455 [main] INFO  handler.ContextHandler (ContextHandler.java:doStart(781)) - Started o.e.j.w.WebAppContext@31fc71ab{/,file:///workdir/hadoop-ozone/integration-test/target/test-classes/webapps/ozoneManager/,AVAILABLE}{/ozoneManager}
2019-10-16 07:48:37,456 [main] INFO  server.AbstractConnector (AbstractConnector.java:doStart(278)) - Started ServerConnector@71391b3f{HTTP/1.1,[http/1.1]}{0.0.0.0:37153}
2019-10-16 07:48:37,456 [main] INFO  server.Server (Server.java:doStart(419)) - Started @4375ms
2019-10-16 07:48:37,457 [main] WARN  impl.MetricsSystemImpl (MetricsSystemImpl.java:register(276)) - Sink prometheus already exists!
2019-10-16 07:48:37,458 [main] INFO  server.BaseHttpServer (BaseHttpServer.java:updateConnectorAddress(215)) - HTTP server of OZONEMANAGER is listening at http://0.0.0.0:37153
2019-10-16 07:48:37,773 [main] INFO  impl.MetricsSystemImpl (MetricsSystemImpl.java:init(158)) - HddsDatanode metrics system started (again)
2019-10-16 07:48:37,822 [main] INFO  ozone.HddsDatanodeService (HddsDatanodeService.java:start(184)) - HddsDatanodeService host:pr-hdds-1737-dstl4-2900247166 ip:192.168.34.43
2019-10-16 07:48:37,853 [main] INFO  volume.HddsVolume (HddsVolume.java:<init>(176)) - Creating Volume: /workdir/hadoop-ozone/integration-test/target/test-dir/MiniOzoneClusterImpl-09750a2c-58c2-4184-91d8-c66eda428939/datanode-0/data/containers/hdds of  storage type : DISK and capacity : 1482555576320
2019-10-16 07:48:37,855 [main] INFO  volume.VolumeSet (VolumeSet.java:initializeVolumeSet(170)) - Added Volume : /workdir/hadoop-ozone/integration-test/target/test-dir/MiniOzoneClusterImpl-09750a2c-58c2-4184-91d8-c66eda428939/datanode-0/data/containers/hdds to VolumeSet
2019-10-16 07:48:37,858 [main] INFO  volume.ThrottledAsyncChecker (ThrottledAsyncChecker.java:schedule(141)) - Scheduling a check for /workdir/hadoop-ozone/integration-test/target/test-dir/MiniOzoneClusterImpl-09750a2c-58c2-4184-91d8-c66eda428939/datanode-0/data/containers/hdds
2019-10-16 07:48:37,874 [main] INFO  volume.HddsVolumeChecker (HddsVolumeChecker.java:checkAllVolumes(204)) - Scheduled health check for volume /workdir/hadoop-ozone/integration-test/target/test-dir/MiniOzoneClusterImpl-09750a2c-58c2-4184-91d8-c66eda428939/datanode-0/data/containers/hdds
2019-10-16 07:48:37,980 [main] INFO  impl.RaftServerProxy (ConfUtils.java:logGet(43)) - raft.rpc.type = GRPC (default)
2019-10-16 07:48:38,044 [main] INFO  grpc.GrpcFactory (GrpcFactory.java:checkPooledByteBufAllocatorUseCacheForAllThreads(45)) - PERFORMANCE WARNING: useCacheForAllThreads is true that may cause Netty to create a lot garbage objects and, as a result, trigger GC.
	It is recommended to disable useCacheForAllThreads by setting -Dorg.apache.ratis.thirdparty.io.netty.allocator.useCacheForAllThreads=false in command line.
2019-10-16 07:48:38,048 [main] INFO  grpc.GrpcConfigKeys$Server (ConfUtils.java:logGet(43)) - raft.grpc.server.port = 0 (default)
2019-10-16 07:48:38,049 [main] INFO  server.GrpcService (ConfUtils.java:logGet(43)) - raft.grpc.message.size.max = 33570816 (custom)
2019-10-16 07:48:38,051 [main] INFO  server.RaftServerConfigKeys (ConfUtils.java:logGet(43)) - raft.server.log.appender.buffer.byte-limit = 33554432 (custom)
2019-10-16 07:48:38,052 [main] INFO  server.GrpcService (ConfUtils.java:logGet(43)) - raft.grpc.flow.control.window = 1MB (=1048576) (default)
2019-10-16 07:48:38,052 [main] INFO  server.RaftServerConfigKeys (ConfUtils.java:logGet(43)) - raft.server.rpc.request.timeout = 3000ms (default)
2019-10-16 07:48:38,203 [main] INFO  server.RaftServerConfigKeys (ConfUtils.java:logGet(43)) - raft.server.storage.dir = [/workdir/hadoop-ozone/integration-test/target/test-dir/MiniOzoneClusterImpl-09750a2c-58c2-4184-91d8-c66eda428939/datanode-0/data/ratis] (custom)
2019-10-16 07:48:38,251 [main] INFO  hdfs.DFSUtil (DFSUtil.java:httpServerTemplateForNNAndJN(1641)) - Starting Web-server for hddsDatanode at: http://0.0.0.0:0
2019-10-16 07:48:38,254 [main] INFO  server.AuthenticationFilter (AuthenticationFilter.java:constructSecretProvider(240)) - Unable to initialize FileSignerSecretProvider, falling back to use random secrets.
2019-10-16 07:48:38,255 [main] WARN  http.HttpRequestLog (HttpRequestLog.java:getRequestLog(97)) - Jetty request log can only be enabled using Log4j
2019-10-16 07:48:38,258 [main] INFO  http.HttpServer2 (HttpServer2.java:addGlobalFilter(975)) - Added global filter 'safety' (class=org.apache.hadoop.http.HttpServer2$QuotingInputFilter)
2019-10-16 07:48:38,259 [main] INFO  http.HttpServer2 (HttpServer2.java:addFilter(948)) - Added filter static_user_filter (class=org.apache.hadoop.http.lib.StaticUserWebFilter$StaticUserFilter) to context hddsDatanode
2019-10-16 07:48:38,260 [main] INFO  http.HttpServer2 (HttpServer2.java:addFilter(958)) - Added filter static_user_filter (class=org.apache.hadoop.http.lib.StaticUserWebFilter$StaticUserFilter) to context static
2019-10-16 07:48:38,260 [main] INFO  http.HttpServer2 (HttpServer2.java:addFilter(958)) - Added filter static_user_filter (class=org.apache.hadoop.http.lib.StaticUserWebFilter$StaticUserFilter) to context logs
2019-10-16 07:48:38,261 [main] INFO  http.HttpServer2 (HttpServer2.java:bindListener(1191)) - Jetty bound to port 44746
2019-10-16 07:48:38,262 [main] INFO  server.Server (Server.java:doStart(351)) - jetty-9.3.25.v20180904, build timestamp: 2018-09-04T21:11:46Z, git hash: 3ce520221d0240229c862b122d2b06c12a625732
2019-10-16 07:48:38,265 [main] INFO  handler.ContextHandler (ContextHandler.java:doStart(781)) - Started o.e.j.s.ServletContextHandler@1bc0d349{/logs,file:///workdir/hadoop-ozone/integration-test/target/log,AVAILABLE}
2019-10-16 07:48:38,266 [main] INFO  handler.ContextHandler (ContextHandler.java:doStart(781)) - Started o.e.j.s.ServletContextHandler@5292ceca{/static,jar:file:/home/user/.m2/repository/org/apache/hadoop/hadoop-hdds-container-service/0.5.0-SNAPSHOT/hadoop-hdds-container-service-0.5.0-SNAPSHOT.jar!/webapps/static,AVAILABLE}
2019-10-16 07:48:38,313 [main] INFO  handler.ContextHandler (ContextHandler.java:doStart(781)) - Started o.e.j.w.WebAppContext@62db3891{/,file:///tmp/jetty-0.0.0.0-44746-hddsDatanode-_-any-4757124381057118472.dir/webapp/,AVAILABLE}{/hddsDatanode}
2019-10-16 07:48:38,315 [main] INFO  server.AbstractConnector (AbstractConnector.java:doStart(278)) - Started ServerConnector@61cd1c71{HTTP/1.1,[http/1.1]}{0.0.0.0:44746}
2019-10-16 07:48:38,315 [main] INFO  server.Server (Server.java:doStart(419)) - Started @5234ms
2019-10-16 07:48:38,316 [main] WARN  impl.MetricsSystemImpl (MetricsSystemImpl.java:register(276)) - Sink prometheus already exists!
2019-10-16 07:48:38,317 [main] INFO  server.BaseHttpServer (BaseHttpServer.java:updateConnectorAddress(215)) - HTTP server of HDDSDATANODE is listening at http://0.0.0.0:44746
2019-10-16 07:48:38,318 [main] INFO  impl.MetricsSystemImpl (MetricsSystemImpl.java:init(158)) - HddsDatanode metrics system started (again)
2019-10-16 07:48:38,322 [main] INFO  ozone.HddsDatanodeService (HddsDatanodeService.java:start(184)) - HddsDatanodeService host:pr-hdds-1737-dstl4-2900247166 ip:192.168.34.43
2019-10-16 07:48:38,326 [org.apache.hadoop.util.JvmPauseMonitor$Monitor@1f6b09fa] INFO  util.JvmPauseMonitor (JvmPauseMonitor.java:run(188)) - Starting JVM pause monitor
2019-10-16 07:48:38,332 [main] INFO  volume.HddsVolume (HddsVolume.java:<init>(176)) - Creating Volume: /workdir/hadoop-ozone/integration-test/target/test-dir/MiniOzoneClusterImpl-09750a2c-58c2-4184-91d8-c66eda428939/datanode-1/data/containers/hdds of  storage type : DISK and capacity : 1482555576320
2019-10-16 07:48:38,333 [main] INFO  volume.VolumeSet (VolumeSet.java:initializeVolumeSet(170)) - Added Volume : /workdir/hadoop-ozone/integration-test/target/test-dir/MiniOzoneClusterImpl-09750a2c-58c2-4184-91d8-c66eda428939/datanode-1/data/containers/hdds to VolumeSet
2019-10-16 07:48:38,333 [main] INFO  volume.ThrottledAsyncChecker (ThrottledAsyncChecker.java:schedule(141)) - Scheduling a check for /workdir/hadoop-ozone/integration-test/target/test-dir/MiniOzoneClusterImpl-09750a2c-58c2-4184-91d8-c66eda428939/datanode-1/data/containers/hdds
2019-10-16 07:48:38,334 [main] INFO  volume.HddsVolumeChecker (HddsVolumeChecker.java:checkAllVolumes(204)) - Scheduled health check for volume /workdir/hadoop-ozone/integration-test/target/test-dir/MiniOzoneClusterImpl-09750a2c-58c2-4184-91d8-c66eda428939/datanode-1/data/containers/hdds
2019-10-16 07:48:38,350 [main] INFO  impl.RaftServerProxy (ConfUtils.java:logGet(43)) - raft.rpc.type = GRPC (default)
2019-10-16 07:48:38,350 [main] INFO  grpc.GrpcFactory (GrpcFactory.java:checkPooledByteBufAllocatorUseCacheForAllThreads(45)) - PERFORMANCE WARNING: useCacheForAllThreads is true that may cause Netty to create a lot garbage objects and, as a result, trigger GC.
	It is recommended to disable useCacheForAllThreads by setting -Dorg.apache.ratis.thirdparty.io.netty.allocator.useCacheForAllThreads=false in command line.
2019-10-16 07:48:38,350 [main] INFO  grpc.GrpcConfigKeys$Server (ConfUtils.java:logGet(43)) - raft.grpc.server.port = 0 (default)
2019-10-16 07:48:38,351 [main] INFO  server.GrpcService (ConfUtils.java:logGet(43)) - raft.grpc.message.size.max = 33570816 (custom)
2019-10-16 07:48:38,351 [main] INFO  server.RaftServerConfigKeys (ConfUtils.java:logGet(43)) - raft.server.log.appender.buffer.byte-limit = 33554432 (custom)
2019-10-16 07:48:38,351 [main] INFO  server.GrpcService (ConfUtils.java:logGet(43)) - raft.grpc.flow.control.window = 1MB (=1048576) (default)
2019-10-16 07:48:38,351 [main] INFO  server.RaftServerConfigKeys (ConfUtils.java:logGet(43)) - raft.server.rpc.request.timeout = 3000ms (default)
2019-10-16 07:48:38,354 [main] INFO  server.RaftServerConfigKeys (ConfUtils.java:logGet(43)) - raft.server.storage.dir = [/workdir/hadoop-ozone/integration-test/target/test-dir/MiniOzoneClusterImpl-09750a2c-58c2-4184-91d8-c66eda428939/datanode-1/data/ratis] (custom)
2019-10-16 07:48:38,356 [main] INFO  hdfs.DFSUtil (DFSUtil.java:httpServerTemplateForNNAndJN(1641)) - Starting Web-server for hddsDatanode at: http://0.0.0.0:0
2019-10-16 07:48:38,357 [main] INFO  server.AuthenticationFilter (AuthenticationFilter.java:constructSecretProvider(240)) - Unable to initialize FileSignerSecretProvider, falling back to use random secrets.
2019-10-16 07:48:38,358 [main] WARN  http.HttpRequestLog (HttpRequestLog.java:getRequestLog(97)) - Jetty request log can only be enabled using Log4j
2019-10-16 07:48:38,360 [main] INFO  http.HttpServer2 (HttpServer2.java:addGlobalFilter(975)) - Added global filter 'safety' (class=org.apache.hadoop.http.HttpServer2$QuotingInputFilter)
2019-10-16 07:48:38,361 [main] INFO  http.HttpServer2 (HttpServer2.java:addFilter(948)) - Added filter static_user_filter (class=org.apache.hadoop.http.lib.StaticUserWebFilter$StaticUserFilter) to context hddsDatanode
2019-10-16 07:48:38,361 [main] INFO  http.HttpServer2 (HttpServer2.java:addFilter(958)) - Added filter static_user_filter (class=org.apache.hadoop.http.lib.StaticUserWebFilter$StaticUserFilter) to context static
2019-10-16 07:48:38,361 [main] INFO  http.HttpServer2 (HttpServer2.java:addFilter(958)) - Added filter static_user_filter (class=org.apache.hadoop.http.lib.StaticUserWebFilter$StaticUserFilter) to context logs
2019-10-16 07:48:38,363 [main] INFO  http.HttpServer2 (HttpServer2.java:bindListener(1191)) - Jetty bound to port 40468
2019-10-16 07:48:38,363 [main] INFO  server.Server (Server.java:doStart(351)) - jetty-9.3.25.v20180904, build timestamp: 2018-09-04T21:11:46Z, git hash: 3ce520221d0240229c862b122d2b06c12a625732
2019-10-16 07:48:38,367 [main] INFO  handler.ContextHandler (ContextHandler.java:doStart(781)) - Started o.e.j.s.ServletContextHandler@fab35b1{/logs,file:///workdir/hadoop-ozone/integration-test/target/log,AVAILABLE}
2019-10-16 07:48:38,367 [main] INFO  handler.ContextHandler (ContextHandler.java:doStart(781)) - Started o.e.j.s.ServletContextHandler@65bdd558{/static,jar:file:/home/user/.m2/repository/org/apache/hadoop/hadoop-hdds-container-service/0.5.0-SNAPSHOT/hadoop-hdds-container-service-0.5.0-SNAPSHOT.jar!/webapps/static,AVAILABLE}
2019-10-16 07:48:38,403 [main] INFO  handler.ContextHandler (ContextHandler.java:doStart(781)) - Started o.e.j.w.WebAppContext@17f2dd85{/,file:///tmp/jetty-0.0.0.0-40468-hddsDatanode-_-any-5332435742496500647.dir/webapp/,AVAILABLE}{/hddsDatanode}
2019-10-16 07:48:38,404 [main] INFO  server.AbstractConnector (AbstractConnector.java:doStart(278)) - Started ServerConnector@1e58512c{HTTP/1.1,[http/1.1]}{0.0.0.0:40468}
2019-10-16 07:48:38,405 [main] INFO  server.Server (Server.java:doStart(419)) - Started @5324ms
2019-10-16 07:48:38,405 [main] WARN  impl.MetricsSystemImpl (MetricsSystemImpl.java:register(276)) - Sink prometheus already exists!
2019-10-16 07:48:38,406 [main] INFO  server.BaseHttpServer (BaseHttpServer.java:updateConnectorAddress(215)) - HTTP server of HDDSDATANODE is listening at http://0.0.0.0:40468
2019-10-16 07:48:38,407 [main] INFO  impl.MetricsSystemImpl (MetricsSystemImpl.java:init(158)) - HddsDatanode metrics system started (again)
2019-10-16 07:48:38,409 [main] INFO  ozone.HddsDatanodeService (HddsDatanodeService.java:start(184)) - HddsDatanodeService host:pr-hdds-1737-dstl4-2900247166 ip:192.168.34.43
2019-10-16 07:48:38,410 [org.apache.hadoop.util.JvmPauseMonitor$Monitor@4234c2a6] INFO  util.JvmPauseMonitor (JvmPauseMonitor.java:run(188)) - Starting JVM pause monitor
2019-10-16 07:48:38,419 [main] INFO  volume.HddsVolume (HddsVolume.java:<init>(176)) - Creating Volume: /workdir/hadoop-ozone/integration-test/target/test-dir/MiniOzoneClusterImpl-09750a2c-58c2-4184-91d8-c66eda428939/datanode-2/data/containers/hdds of  storage type : DISK and capacity : 1482555576320
2019-10-16 07:48:38,419 [main] INFO  volume.VolumeSet (VolumeSet.java:initializeVolumeSet(170)) - Added Volume : /workdir/hadoop-ozone/integration-test/target/test-dir/MiniOzoneClusterImpl-09750a2c-58c2-4184-91d8-c66eda428939/datanode-2/data/containers/hdds to VolumeSet
2019-10-16 07:48:38,419 [main] INFO  volume.ThrottledAsyncChecker (ThrottledAsyncChecker.java:schedule(141)) - Scheduling a check for /workdir/hadoop-ozone/integration-test/target/test-dir/MiniOzoneClusterImpl-09750a2c-58c2-4184-91d8-c66eda428939/datanode-2/data/containers/hdds
2019-10-16 07:48:38,420 [main] INFO  volume.HddsVolumeChecker (HddsVolumeChecker.java:checkAllVolumes(204)) - Scheduled health check for volume /workdir/hadoop-ozone/integration-test/target/test-dir/MiniOzoneClusterImpl-09750a2c-58c2-4184-91d8-c66eda428939/datanode-2/data/containers/hdds
2019-10-16 07:48:38,433 [main] INFO  impl.RaftServerProxy (ConfUtils.java:logGet(43)) - raft.rpc.type = GRPC (default)
2019-10-16 07:48:38,433 [main] INFO  grpc.GrpcFactory (GrpcFactory.java:checkPooledByteBufAllocatorUseCacheForAllThreads(45)) - PERFORMANCE WARNING: useCacheForAllThreads is true that may cause Netty to create a lot garbage objects and, as a result, trigger GC.
	It is recommended to disable useCacheForAllThreads by setting -Dorg.apache.ratis.thirdparty.io.netty.allocator.useCacheForAllThreads=false in command line.
2019-10-16 07:48:38,433 [main] INFO  grpc.GrpcConfigKeys$Server (ConfUtils.java:logGet(43)) - raft.grpc.server.port = 0 (default)
2019-10-16 07:48:38,433 [main] INFO  server.GrpcService (ConfUtils.java:logGet(43)) - raft.grpc.message.size.max = 33570816 (custom)
2019-10-16 07:48:38,434 [main] INFO  server.RaftServerConfigKeys (ConfUtils.java:logGet(43)) - raft.server.log.appender.buffer.byte-limit = 33554432 (custom)
2019-10-16 07:48:38,434 [main] INFO  server.GrpcService (ConfUtils.java:logGet(43)) - raft.grpc.flow.control.window = 1MB (=1048576) (default)
2019-10-16 07:48:38,434 [main] INFO  server.RaftServerConfigKeys (ConfUtils.java:logGet(43)) - raft.server.rpc.request.timeout = 3000ms (default)
2019-10-16 07:48:38,435 [main] INFO  server.RaftServerConfigKeys (ConfUtils.java:logGet(43)) - raft.server.storage.dir = [/workdir/hadoop-ozone/integration-test/target/test-dir/MiniOzoneClusterImpl-09750a2c-58c2-4184-91d8-c66eda428939/datanode-2/data/ratis] (custom)
2019-10-16 07:48:38,437 [main] INFO  hdfs.DFSUtil (DFSUtil.java:httpServerTemplateForNNAndJN(1641)) - Starting Web-server for hddsDatanode at: http://0.0.0.0:0
2019-10-16 07:48:38,438 [main] INFO  server.AuthenticationFilter (AuthenticationFilter.java:constructSecretProvider(240)) - Unable to initialize FileSignerSecretProvider, falling back to use random secrets.
2019-10-16 07:48:38,438 [main] WARN  http.HttpRequestLog (HttpRequestLog.java:getRequestLog(97)) - Jetty request log can only be enabled using Log4j
2019-10-16 07:48:38,440 [main] INFO  http.HttpServer2 (HttpServer2.java:addGlobalFilter(975)) - Added global filter 'safety' (class=org.apache.hadoop.http.HttpServer2$QuotingInputFilter)
2019-10-16 07:48:38,441 [main] INFO  http.HttpServer2 (HttpServer2.java:addFilter(948)) - Added filter static_user_filter (class=org.apache.hadoop.http.lib.StaticUserWebFilter$StaticUserFilter) to context hddsDatanode
2019-10-16 07:48:38,441 [main] INFO  http.HttpServer2 (HttpServer2.java:addFilter(958)) - Added filter static_user_filter (class=org.apache.hadoop.http.lib.StaticUserWebFilter$StaticUserFilter) to context logs
2019-10-16 07:48:38,441 [main] INFO  http.HttpServer2 (HttpServer2.java:addFilter(958)) - Added filter static_user_filter (class=org.apache.hadoop.http.lib.StaticUserWebFilter$StaticUserFilter) to context static
2019-10-16 07:48:38,442 [main] INFO  http.HttpServer2 (HttpServer2.java:bindListener(1191)) - Jetty bound to port 33505
2019-10-16 07:48:38,442 [main] INFO  server.Server (Server.java:doStart(351)) - jetty-9.3.25.v20180904, build timestamp: 2018-09-04T21:11:46Z, git hash: 3ce520221d0240229c862b122d2b06c12a625732
2019-10-16 07:48:38,444 [main] INFO  handler.ContextHandler (ContextHandler.java:doStart(781)) - Started o.e.j.s.ServletContextHandler@4eba373c{/logs,file:///workdir/hadoop-ozone/integration-test/target/log,AVAILABLE}
2019-10-16 07:48:38,445 [main] INFO  handler.ContextHandler (ContextHandler.java:doStart(781)) - Started o.e.j.s.ServletContextHandler@d109c4f{/static,jar:file:/home/user/.m2/repository/org/apache/hadoop/hadoop-hdds-container-service/0.5.0-SNAPSHOT/hadoop-hdds-container-service-0.5.0-SNAPSHOT.jar!/webapps/static,AVAILABLE}
2019-10-16 07:48:38,453 [Datanode State Machine Thread - 0] INFO  datanode.InitDatanodeState (InitDatanodeState.java:persistContainerDatanodeDetails(140)) - DatanodeDetails is persisted to /workdir/hadoop-ozone/integration-test/target/test-dir/MiniOzoneClusterImpl-09750a2c-58c2-4184-91d8-c66eda428939/datanode-0/meta/datanode.id
2019-10-16 07:48:38,457 [Datanode State Machine Thread - 0] INFO  datanode.InitDatanodeState (InitDatanodeState.java:persistContainerDatanodeDetails(140)) - DatanodeDetails is persisted to /workdir/hadoop-ozone/integration-test/target/test-dir/MiniOzoneClusterImpl-09750a2c-58c2-4184-91d8-c66eda428939/datanode-1/meta/datanode.id
2019-10-16 07:48:38,477 [main] INFO  handler.ContextHandler (ContextHandler.java:doStart(781)) - Started o.e.j.w.WebAppContext@80bfdc6{/,file:///tmp/jetty-0.0.0.0-33505-hddsDatanode-_-any-149611052237378646.dir/webapp/,AVAILABLE}{/hddsDatanode}
2019-10-16 07:48:38,477 [main] INFO  server.AbstractConnector (AbstractConnector.java:doStart(278)) - Started ServerConnector@6edcad64{HTTP/1.1,[http/1.1]}{0.0.0.0:33505}
2019-10-16 07:48:38,478 [main] INFO  server.Server (Server.java:doStart(419)) - Started @5397ms
2019-10-16 07:48:38,478 [main] WARN  impl.MetricsSystemImpl (MetricsSystemImpl.java:register(276)) - Sink prometheus already exists!
2019-10-16 07:48:38,480 [main] INFO  server.BaseHttpServer (BaseHttpServer.java:updateConnectorAddress(215)) - HTTP server of HDDSDATANODE is listening at http://0.0.0.0:33505
2019-10-16 07:48:38,480 [main] INFO  impl.MetricsSystemImpl (MetricsSystemImpl.java:init(158)) - HddsDatanode metrics system started (again)
2019-10-16 07:48:38,482 [main] INFO  ozone.HddsDatanodeService (HddsDatanodeService.java:start(184)) - HddsDatanodeService host:pr-hdds-1737-dstl4-2900247166 ip:192.168.34.43
2019-10-16 07:48:38,483 [org.apache.hadoop.util.JvmPauseMonitor$Monitor@5fc06463] INFO  util.JvmPauseMonitor (JvmPauseMonitor.java:run(188)) - Starting JVM pause monitor
2019-10-16 07:48:38,486 [Datanode State Machine Thread - 0] INFO  datanode.InitDatanodeState (InitDatanodeState.java:persistContainerDatanodeDetails(140)) - DatanodeDetails is persisted to /workdir/hadoop-ozone/integration-test/target/test-dir/MiniOzoneClusterImpl-09750a2c-58c2-4184-91d8-c66eda428939/datanode-2/meta/datanode.id
2019-10-16 07:48:38,491 [main] INFO  volume.HddsVolume (HddsVolume.java:<init>(176)) - Creating Volume: /workdir/hadoop-ozone/integration-test/target/test-dir/MiniOzoneClusterImpl-09750a2c-58c2-4184-91d8-c66eda428939/datanode-3/data/containers/hdds of  storage type : DISK and capacity : 1482555576320
2019-10-16 07:48:38,492 [main] INFO  volume.VolumeSet (VolumeSet.java:initializeVolumeSet(170)) - Added Volume : /workdir/hadoop-ozone/integration-test/target/test-dir/MiniOzoneClusterImpl-09750a2c-58c2-4184-91d8-c66eda428939/datanode-3/data/containers/hdds to VolumeSet
2019-10-16 07:48:38,492 [main] INFO  volume.ThrottledAsyncChecker (ThrottledAsyncChecker.java:schedule(141)) - Scheduling a check for /workdir/hadoop-ozone/integration-test/target/test-dir/MiniOzoneClusterImpl-09750a2c-58c2-4184-91d8-c66eda428939/datanode-3/data/containers/hdds
2019-10-16 07:48:38,492 [main] INFO  volume.HddsVolumeChecker (HddsVolumeChecker.java:checkAllVolumes(204)) - Scheduled health check for volume /workdir/hadoop-ozone/integration-test/target/test-dir/MiniOzoneClusterImpl-09750a2c-58c2-4184-91d8-c66eda428939/datanode-3/data/containers/hdds
2019-10-16 07:48:38,506 [main] INFO  impl.RaftServerProxy (ConfUtils.java:logGet(43)) - raft.rpc.type = GRPC (default)
2019-10-16 07:48:38,506 [main] INFO  grpc.GrpcFactory (GrpcFactory.java:checkPooledByteBufAllocatorUseCacheForAllThreads(45)) - PERFORMANCE WARNING: useCacheForAllThreads is true that may cause Netty to create a lot garbage objects and, as a result, trigger GC.
	It is recommended to disable useCacheForAllThreads by setting -Dorg.apache.ratis.thirdparty.io.netty.allocator.useCacheForAllThreads=false in command line.
2019-10-16 07:48:38,506 [main] INFO  grpc.GrpcConfigKeys$Server (ConfUtils.java:logGet(43)) - raft.grpc.server.port = 0 (default)
2019-10-16 07:48:38,506 [main] INFO  server.GrpcService (ConfUtils.java:logGet(43)) - raft.grpc.message.size.max = 33570816 (custom)
2019-10-16 07:48:38,507 [main] INFO  server.RaftServerConfigKeys (ConfUtils.java:logGet(43)) - raft.server.log.appender.buffer.byte-limit = 33554432 (custom)
2019-10-16 07:48:38,507 [main] INFO  server.GrpcService (ConfUtils.java:logGet(43)) - raft.grpc.flow.control.window = 1MB (=1048576) (default)
2019-10-16 07:48:38,507 [main] INFO  server.RaftServerConfigKeys (ConfUtils.java:logGet(43)) - raft.server.rpc.request.timeout = 3000ms (default)
2019-10-16 07:48:38,508 [main] INFO  server.RaftServerConfigKeys (ConfUtils.java:logGet(43)) - raft.server.storage.dir = [/workdir/hadoop-ozone/integration-test/target/test-dir/MiniOzoneClusterImpl-09750a2c-58c2-4184-91d8-c66eda428939/datanode-3/data/ratis] (custom)
2019-10-16 07:48:38,509 [main] INFO  hdfs.DFSUtil (DFSUtil.java:httpServerTemplateForNNAndJN(1641)) - Starting Web-server for hddsDatanode at: http://0.0.0.0:0
2019-10-16 07:48:38,511 [main] INFO  server.AuthenticationFilter (AuthenticationFilter.java:constructSecretProvider(240)) - Unable to initialize FileSignerSecretProvider, falling back to use random secrets.
2019-10-16 07:48:38,511 [main] WARN  http.HttpRequestLog (HttpRequestLog.java:getRequestLog(97)) - Jetty request log can only be enabled using Log4j
2019-10-16 07:48:38,512 [main] INFO  http.HttpServer2 (HttpServer2.java:addGlobalFilter(975)) - Added global filter 'safety' (class=org.apache.hadoop.http.HttpServer2$QuotingInputFilter)
2019-10-16 07:48:38,513 [main] INFO  http.HttpServer2 (HttpServer2.java:addFilter(948)) - Added filter static_user_filter (class=org.apache.hadoop.http.lib.StaticUserWebFilter$StaticUserFilter) to context hddsDatanode
2019-10-16 07:48:38,513 [main] INFO  http.HttpServer2 (HttpServer2.java:addFilter(958)) - Added filter static_user_filter (class=org.apache.hadoop.http.lib.StaticUserWebFilter$StaticUserFilter) to context logs
2019-10-16 07:48:38,513 [main] INFO  http.HttpServer2 (HttpServer2.java:addFilter(958)) - Added filter static_user_filter (class=org.apache.hadoop.http.lib.StaticUserWebFilter$StaticUserFilter) to context static
2019-10-16 07:48:38,514 [main] INFO  http.HttpServer2 (HttpServer2.java:bindListener(1191)) - Jetty bound to port 38932
2019-10-16 07:48:38,514 [main] INFO  server.Server (Server.java:doStart(351)) - jetty-9.3.25.v20180904, build timestamp: 2018-09-04T21:11:46Z, git hash: 3ce520221d0240229c862b122d2b06c12a625732
2019-10-16 07:48:38,518 [main] INFO  handler.ContextHandler (ContextHandler.java:doStart(781)) - Started o.e.j.s.ServletContextHandler@a9f023e{/logs,file:///workdir/hadoop-ozone/integration-test/target/log,AVAILABLE}
2019-10-16 07:48:38,518 [main] INFO  handler.ContextHandler (ContextHandler.java:doStart(781)) - Started o.e.j.s.ServletContextHandler@4b200971{/static,jar:file:/home/user/.m2/repository/org/apache/hadoop/hadoop-hdds-container-service/0.5.0-SNAPSHOT/hadoop-hdds-container-service-0.5.0-SNAPSHOT.jar!/webapps/static,AVAILABLE}
2019-10-16 07:48:38,548 [main] INFO  handler.ContextHandler (ContextHandler.java:doStart(781)) - Started o.e.j.w.WebAppContext@337bbfdf{/,file:///tmp/jetty-0.0.0.0-38932-hddsDatanode-_-any-3476505235650835394.dir/webapp/,AVAILABLE}{/hddsDatanode}
2019-10-16 07:48:38,548 [main] INFO  server.AbstractConnector (AbstractConnector.java:doStart(278)) - Started ServerConnector@52d97ab6{HTTP/1.1,[http/1.1]}{0.0.0.0:38932}
2019-10-16 07:48:38,549 [main] INFO  server.Server (Server.java:doStart(419)) - Started @5468ms
2019-10-16 07:48:38,549 [main] WARN  impl.MetricsSystemImpl (MetricsSystemImpl.java:register(276)) - Sink prometheus already exists!
2019-10-16 07:48:38,550 [main] INFO  server.BaseHttpServer (BaseHttpServer.java:updateConnectorAddress(215)) - HTTP server of HDDSDATANODE is listening at http://0.0.0.0:38932
2019-10-16 07:48:38,550 [main] INFO  impl.MetricsSystemImpl (MetricsSystemImpl.java:init(158)) - HddsDatanode metrics system started (again)
2019-10-16 07:48:38,553 [main] INFO  ozone.HddsDatanodeService (HddsDatanodeService.java:start(184)) - HddsDatanodeService host:pr-hdds-1737-dstl4-2900247166 ip:192.168.34.43
2019-10-16 07:48:38,554 [org.apache.hadoop.util.JvmPauseMonitor$Monitor@2a0ef94a] INFO  util.JvmPauseMonitor (JvmPauseMonitor.java:run(188)) - Starting JVM pause monitor
2019-10-16 07:48:38,556 [Datanode State Machine Thread - 0] INFO  datanode.InitDatanodeState (InitDatanodeState.java:persistContainerDatanodeDetails(140)) - DatanodeDetails is persisted to /workdir/hadoop-ozone/integration-test/target/test-dir/MiniOzoneClusterImpl-09750a2c-58c2-4184-91d8-c66eda428939/datanode-3/meta/datanode.id
2019-10-16 07:48:38,563 [main] INFO  volume.HddsVolume (HddsVolume.java:<init>(176)) - Creating Volume: /workdir/hadoop-ozone/integration-test/target/test-dir/MiniOzoneClusterImpl-09750a2c-58c2-4184-91d8-c66eda428939/datanode-4/data/containers/hdds of  storage type : DISK and capacity : 1482555576320
2019-10-16 07:48:38,564 [main] INFO  volume.VolumeSet (VolumeSet.java:initializeVolumeSet(170)) - Added Volume : /workdir/hadoop-ozone/integration-test/target/test-dir/MiniOzoneClusterImpl-09750a2c-58c2-4184-91d8-c66eda428939/datanode-4/data/containers/hdds to VolumeSet
2019-10-16 07:48:38,564 [main] INFO  volume.ThrottledAsyncChecker (ThrottledAsyncChecker.java:schedule(141)) - Scheduling a check for /workdir/hadoop-ozone/integration-test/target/test-dir/MiniOzoneClusterImpl-09750a2c-58c2-4184-91d8-c66eda428939/datanode-4/data/containers/hdds
2019-10-16 07:48:38,565 [main] INFO  volume.HddsVolumeChecker (HddsVolumeChecker.java:checkAllVolumes(204)) - Scheduled health check for volume /workdir/hadoop-ozone/integration-test/target/test-dir/MiniOzoneClusterImpl-09750a2c-58c2-4184-91d8-c66eda428939/datanode-4/data/containers/hdds
2019-10-16 07:48:38,578 [main] INFO  impl.RaftServerProxy (ConfUtils.java:logGet(43)) - raft.rpc.type = GRPC (default)
2019-10-16 07:48:38,579 [main] INFO  grpc.GrpcFactory (GrpcFactory.java:checkPooledByteBufAllocatorUseCacheForAllThreads(45)) - PERFORMANCE WARNING: useCacheForAllThreads is true that may cause Netty to create a lot garbage objects and, as a result, trigger GC.
	It is recommended to disable useCacheForAllThreads by setting -Dorg.apache.ratis.thirdparty.io.netty.allocator.useCacheForAllThreads=false in command line.
2019-10-16 07:48:38,579 [main] INFO  grpc.GrpcConfigKeys$Server (ConfUtils.java:logGet(43)) - raft.grpc.server.port = 0 (default)
2019-10-16 07:48:38,579 [main] INFO  server.GrpcService (ConfUtils.java:logGet(43)) - raft.grpc.message.size.max = 33570816 (custom)
2019-10-16 07:48:38,580 [main] INFO  server.RaftServerConfigKeys (ConfUtils.java:logGet(43)) - raft.server.log.appender.buffer.byte-limit = 33554432 (custom)
2019-10-16 07:48:38,580 [main] INFO  server.GrpcService (ConfUtils.java:logGet(43)) - raft.grpc.flow.control.window = 1MB (=1048576) (default)
2019-10-16 07:48:38,580 [main] INFO  server.RaftServerConfigKeys (ConfUtils.java:logGet(43)) - raft.server.rpc.request.timeout = 3000ms (default)
2019-10-16 07:48:38,581 [main] INFO  server.RaftServerConfigKeys (ConfUtils.java:logGet(43)) - raft.server.storage.dir = [/workdir/hadoop-ozone/integration-test/target/test-dir/MiniOzoneClusterImpl-09750a2c-58c2-4184-91d8-c66eda428939/datanode-4/data/ratis] (custom)
2019-10-16 07:48:38,583 [main] INFO  hdfs.DFSUtil (DFSUtil.java:httpServerTemplateForNNAndJN(1641)) - Starting Web-server for hddsDatanode at: http://0.0.0.0:0
2019-10-16 07:48:38,585 [main] INFO  server.AuthenticationFilter (AuthenticationFilter.java:constructSecretProvider(240)) - Unable to initialize FileSignerSecretProvider, falling back to use random secrets.
2019-10-16 07:48:38,589 [main] WARN  http.HttpRequestLog (HttpRequestLog.java:getRequestLog(97)) - Jetty request log can only be enabled using Log4j
2019-10-16 07:48:38,590 [main] INFO  http.HttpServer2 (HttpServer2.java:addGlobalFilter(975)) - Added global filter 'safety' (class=org.apache.hadoop.http.HttpServer2$QuotingInputFilter)
2019-10-16 07:48:38,591 [main] INFO  http.HttpServer2 (HttpServer2.java:addFilter(948)) - Added filter static_user_filter (class=org.apache.hadoop.http.lib.StaticUserWebFilter$StaticUserFilter) to context hddsDatanode
2019-10-16 07:48:38,591 [main] INFO  http.HttpServer2 (HttpServer2.java:addFilter(958)) - Added filter static_user_filter (class=org.apache.hadoop.http.lib.StaticUserWebFilter$StaticUserFilter) to context logs
2019-10-16 07:48:38,591 [main] INFO  http.HttpServer2 (HttpServer2.java:addFilter(958)) - Added filter static_user_filter (class=org.apache.hadoop.http.lib.StaticUserWebFilter$StaticUserFilter) to context static
2019-10-16 07:48:38,592 [main] INFO  http.HttpServer2 (HttpServer2.java:bindListener(1191)) - Jetty bound to port 46808
2019-10-16 07:48:38,592 [main] INFO  server.Server (Server.java:doStart(351)) - jetty-9.3.25.v20180904, build timestamp: 2018-09-04T21:11:46Z, git hash: 3ce520221d0240229c862b122d2b06c12a625732
2019-10-16 07:48:38,594 [main] INFO  handler.ContextHandler (ContextHandler.java:doStart(781)) - Started o.e.j.s.ServletContextHandler@726aa968{/logs,file:///workdir/hadoop-ozone/integration-test/target/log,AVAILABLE}
2019-10-16 07:48:38,595 [main] INFO  handler.ContextHandler (ContextHandler.java:doStart(781)) - Started o.e.j.s.ServletContextHandler@712cfb63{/static,jar:file:/home/user/.m2/repository/org/apache/hadoop/hadoop-hdds-container-service/0.5.0-SNAPSHOT/hadoop-hdds-container-service-0.5.0-SNAPSHOT.jar!/webapps/static,AVAILABLE}
2019-10-16 07:48:38,624 [main] INFO  handler.ContextHandler (ContextHandler.java:doStart(781)) - Started o.e.j.w.WebAppContext@7ecec90d{/,file:///tmp/jetty-0.0.0.0-46808-hddsDatanode-_-any-130356946151975584.dir/webapp/,AVAILABLE}{/hddsDatanode}
2019-10-16 07:48:38,625 [main] INFO  server.AbstractConnector (AbstractConnector.java:doStart(278)) - Started ServerConnector@588f63c{HTTP/1.1,[http/1.1]}{0.0.0.0:46808}
2019-10-16 07:48:38,626 [main] INFO  server.Server (Server.java:doStart(419)) - Started @5545ms
2019-10-16 07:48:38,626 [main] WARN  impl.MetricsSystemImpl (MetricsSystemImpl.java:register(276)) - Sink prometheus already exists!
2019-10-16 07:48:38,627 [main] INFO  server.BaseHttpServer (BaseHttpServer.java:updateConnectorAddress(215)) - HTTP server of HDDSDATANODE is listening at http://0.0.0.0:46808
2019-10-16 07:48:38,627 [main] INFO  impl.MetricsSystemImpl (MetricsSystemImpl.java:init(158)) - HddsDatanode metrics system started (again)
2019-10-16 07:48:38,630 [main] INFO  ozone.HddsDatanodeService (HddsDatanodeService.java:start(184)) - HddsDatanodeService host:pr-hdds-1737-dstl4-2900247166 ip:192.168.34.43
2019-10-16 07:48:38,630 [org.apache.hadoop.util.JvmPauseMonitor$Monitor@49f93f14] INFO  util.JvmPauseMonitor (JvmPauseMonitor.java:run(188)) - Starting JVM pause monitor
2019-10-16 07:48:38,634 [Datanode State Machine Thread - 0] INFO  datanode.InitDatanodeState (InitDatanodeState.java:persistContainerDatanodeDetails(140)) - DatanodeDetails is persisted to /workdir/hadoop-ozone/integration-test/target/test-dir/MiniOzoneClusterImpl-09750a2c-58c2-4184-91d8-c66eda428939/datanode-4/meta/datanode.id
2019-10-16 07:48:38,638 [main] INFO  volume.HddsVolume (HddsVolume.java:<init>(176)) - Creating Volume: /workdir/hadoop-ozone/integration-test/target/test-dir/MiniOzoneClusterImpl-09750a2c-58c2-4184-91d8-c66eda428939/datanode-5/data/containers/hdds of  storage type : DISK and capacity : 1482555576320
2019-10-16 07:48:38,638 [main] INFO  volume.VolumeSet (VolumeSet.java:initializeVolumeSet(170)) - Added Volume : /workdir/hadoop-ozone/integration-test/target/test-dir/MiniOzoneClusterImpl-09750a2c-58c2-4184-91d8-c66eda428939/datanode-5/data/containers/hdds to VolumeSet
2019-10-16 07:48:38,638 [main] INFO  volume.ThrottledAsyncChecker (ThrottledAsyncChecker.java:schedule(141)) - Scheduling a check for /workdir/hadoop-ozone/integration-test/target/test-dir/MiniOzoneClusterImpl-09750a2c-58c2-4184-91d8-c66eda428939/datanode-5/data/containers/hdds
2019-10-16 07:48:38,639 [main] INFO  volume.HddsVolumeChecker (HddsVolumeChecker.java:checkAllVolumes(204)) - Scheduled health check for volume /workdir/hadoop-ozone/integration-test/target/test-dir/MiniOzoneClusterImpl-09750a2c-58c2-4184-91d8-c66eda428939/datanode-5/data/containers/hdds
2019-10-16 07:48:38,653 [main] INFO  impl.RaftServerProxy (ConfUtils.java:logGet(43)) - raft.rpc.type = GRPC (default)
2019-10-16 07:48:38,654 [main] INFO  grpc.GrpcFactory (GrpcFactory.java:checkPooledByteBufAllocatorUseCacheForAllThreads(45)) - PERFORMANCE WARNING: useCacheForAllThreads is true that may cause Netty to create a lot garbage objects and, as a result, trigger GC.
	It is recommended to disable useCacheForAllThreads by setting -Dorg.apache.ratis.thirdparty.io.netty.allocator.useCacheForAllThreads=false in command line.
2019-10-16 07:48:38,654 [main] INFO  grpc.GrpcConfigKeys$Server (ConfUtils.java:logGet(43)) - raft.grpc.server.port = 0 (default)
2019-10-16 07:48:38,654 [main] INFO  server.GrpcService (ConfUtils.java:logGet(43)) - raft.grpc.message.size.max = 33570816 (custom)
2019-10-16 07:48:38,654 [main] INFO  server.RaftServerConfigKeys (ConfUtils.java:logGet(43)) - raft.server.log.appender.buffer.byte-limit = 33554432 (custom)
2019-10-16 07:48:38,654 [main] INFO  server.GrpcService (ConfUtils.java:logGet(43)) - raft.grpc.flow.control.window = 1MB (=1048576) (default)
2019-10-16 07:48:38,655 [main] INFO  server.RaftServerConfigKeys (ConfUtils.java:logGet(43)) - raft.server.rpc.request.timeout = 3000ms (default)
2019-10-16 07:48:38,655 [main] INFO  server.RaftServerConfigKeys (ConfUtils.java:logGet(43)) - raft.server.storage.dir = [/workdir/hadoop-ozone/integration-test/target/test-dir/MiniOzoneClusterImpl-09750a2c-58c2-4184-91d8-c66eda428939/datanode-5/data/ratis] (custom)
2019-10-16 07:48:38,657 [main] INFO  hdfs.DFSUtil (DFSUtil.java:httpServerTemplateForNNAndJN(1641)) - Starting Web-server for hddsDatanode at: http://0.0.0.0:0
2019-10-16 07:48:38,658 [main] INFO  server.AuthenticationFilter (AuthenticationFilter.java:constructSecretProvider(240)) - Unable to initialize FileSignerSecretProvider, falling back to use random secrets.
2019-10-16 07:48:38,659 [main] WARN  http.HttpRequestLog (HttpRequestLog.java:getRequestLog(97)) - Jetty request log can only be enabled using Log4j
2019-10-16 07:48:38,660 [main] INFO  http.HttpServer2 (HttpServer2.java:addGlobalFilter(975)) - Added global filter 'safety' (class=org.apache.hadoop.http.HttpServer2$QuotingInputFilter)
2019-10-16 07:48:38,661 [main] INFO  http.HttpServer2 (HttpServer2.java:addFilter(948)) - Added filter static_user_filter (class=org.apache.hadoop.http.lib.StaticUserWebFilter$StaticUserFilter) to context hddsDatanode
2019-10-16 07:48:38,661 [main] INFO  http.HttpServer2 (HttpServer2.java:addFilter(958)) - Added filter static_user_filter (class=org.apache.hadoop.http.lib.StaticUserWebFilter$StaticUserFilter) to context logs
2019-10-16 07:48:38,661 [main] INFO  http.HttpServer2 (HttpServer2.java:addFilter(958)) - Added filter static_user_filter (class=org.apache.hadoop.http.lib.StaticUserWebFilter$StaticUserFilter) to context static
2019-10-16 07:48:38,662 [main] INFO  http.HttpServer2 (HttpServer2.java:bindListener(1191)) - Jetty bound to port 37877
2019-10-16 07:48:38,663 [main] INFO  server.Server (Server.java:doStart(351)) - jetty-9.3.25.v20180904, build timestamp: 2018-09-04T21:11:46Z, git hash: 3ce520221d0240229c862b122d2b06c12a625732
2019-10-16 07:48:38,665 [main] INFO  handler.ContextHandler (ContextHandler.java:doStart(781)) - Started o.e.j.s.ServletContextHandler@43af351a{/logs,file:///workdir/hadoop-ozone/integration-test/target/log,AVAILABLE}
2019-10-16 07:48:38,665 [main] INFO  handler.ContextHandler (ContextHandler.java:doStart(781)) - Started o.e.j.s.ServletContextHandler@72f9f27c{/static,jar:file:/home/user/.m2/repository/org/apache/hadoop/hadoop-hdds-container-service/0.5.0-SNAPSHOT/hadoop-hdds-container-service-0.5.0-SNAPSHOT.jar!/webapps/static,AVAILABLE}
2019-10-16 07:48:38,697 [main] INFO  handler.ContextHandler (ContextHandler.java:doStart(781)) - Started o.e.j.w.WebAppContext@56dfab87{/,file:///tmp/jetty-0.0.0.0-37877-hddsDatanode-_-any-2893070625170370504.dir/webapp/,AVAILABLE}{/hddsDatanode}
2019-10-16 07:48:38,698 [main] INFO  server.AbstractConnector (AbstractConnector.java:doStart(278)) - Started ServerConnector@715b886f{HTTP/1.1,[http/1.1]}{0.0.0.0:37877}
2019-10-16 07:48:38,699 [main] INFO  server.Server (Server.java:doStart(419)) - Started @5618ms
2019-10-16 07:48:38,699 [main] WARN  impl.MetricsSystemImpl (MetricsSystemImpl.java:register(276)) - Sink prometheus already exists!
2019-10-16 07:48:38,700 [main] INFO  server.BaseHttpServer (BaseHttpServer.java:updateConnectorAddress(215)) - HTTP server of HDDSDATANODE is listening at http://0.0.0.0:37877
2019-10-16 07:48:38,700 [main] INFO  impl.MetricsSystemImpl (MetricsSystemImpl.java:init(158)) - HddsDatanode metrics system started (again)
2019-10-16 07:48:38,704 [main] INFO  ozone.HddsDatanodeService (HddsDatanodeService.java:start(184)) - HddsDatanodeService host:pr-hdds-1737-dstl4-2900247166 ip:192.168.34.43
2019-10-16 07:48:38,704 [org.apache.hadoop.util.JvmPauseMonitor$Monitor@4dd97010] INFO  util.JvmPauseMonitor (JvmPauseMonitor.java:run(188)) - Starting JVM pause monitor
2019-10-16 07:48:38,707 [Datanode State Machine Thread - 0] INFO  datanode.InitDatanodeState (InitDatanodeState.java:persistContainerDatanodeDetails(140)) - DatanodeDetails is persisted to /workdir/hadoop-ozone/integration-test/target/test-dir/MiniOzoneClusterImpl-09750a2c-58c2-4184-91d8-c66eda428939/datanode-5/meta/datanode.id
2019-10-16 07:48:38,714 [main] INFO  volume.HddsVolume (HddsVolume.java:<init>(176)) - Creating Volume: /workdir/hadoop-ozone/integration-test/target/test-dir/MiniOzoneClusterImpl-09750a2c-58c2-4184-91d8-c66eda428939/datanode-6/data/containers/hdds of  storage type : DISK and capacity : 1482555576320
2019-10-16 07:48:38,714 [main] INFO  volume.VolumeSet (VolumeSet.java:initializeVolumeSet(170)) - Added Volume : /workdir/hadoop-ozone/integration-test/target/test-dir/MiniOzoneClusterImpl-09750a2c-58c2-4184-91d8-c66eda428939/datanode-6/data/containers/hdds to VolumeSet
2019-10-16 07:48:38,714 [main] INFO  volume.ThrottledAsyncChecker (ThrottledAsyncChecker.java:schedule(141)) - Scheduling a check for /workdir/hadoop-ozone/integration-test/target/test-dir/MiniOzoneClusterImpl-09750a2c-58c2-4184-91d8-c66eda428939/datanode-6/data/containers/hdds
2019-10-16 07:48:38,715 [main] INFO  volume.HddsVolumeChecker (HddsVolumeChecker.java:checkAllVolumes(204)) - Scheduled health check for volume /workdir/hadoop-ozone/integration-test/target/test-dir/MiniOzoneClusterImpl-09750a2c-58c2-4184-91d8-c66eda428939/datanode-6/data/containers/hdds
2019-10-16 07:48:38,729 [main] INFO  impl.RaftServerProxy (ConfUtils.java:logGet(43)) - raft.rpc.type = GRPC (default)
2019-10-16 07:48:38,729 [main] INFO  grpc.GrpcFactory (GrpcFactory.java:checkPooledByteBufAllocatorUseCacheForAllThreads(45)) - PERFORMANCE WARNING: useCacheForAllThreads is true that may cause Netty to create a lot garbage objects and, as a result, trigger GC.
	It is recommended to disable useCacheForAllThreads by setting -Dorg.apache.ratis.thirdparty.io.netty.allocator.useCacheForAllThreads=false in command line.
2019-10-16 07:48:38,729 [main] INFO  grpc.GrpcConfigKeys$Server (ConfUtils.java:logGet(43)) - raft.grpc.server.port = 0 (default)
2019-10-16 07:48:38,729 [main] INFO  server.GrpcService (ConfUtils.java:logGet(43)) - raft.grpc.message.size.max = 33570816 (custom)
2019-10-16 07:48:38,729 [main] INFO  server.RaftServerConfigKeys (ConfUtils.java:logGet(43)) - raft.server.log.appender.buffer.byte-limit = 33554432 (custom)
2019-10-16 07:48:38,730 [main] INFO  server.GrpcService (ConfUtils.java:logGet(43)) - raft.grpc.flow.control.window = 1MB (=1048576) (default)
2019-10-16 07:48:38,730 [main] INFO  server.RaftServerConfigKeys (ConfUtils.java:logGet(43)) - raft.server.rpc.request.timeout = 3000ms (default)
2019-10-16 07:48:38,730 [main] INFO  server.RaftServerConfigKeys (ConfUtils.java:logGet(43)) - raft.server.storage.dir = [/workdir/hadoop-ozone/integration-test/target/test-dir/MiniOzoneClusterImpl-09750a2c-58c2-4184-91d8-c66eda428939/datanode-6/data/ratis] (custom)
2019-10-16 07:48:38,732 [main] INFO  hdfs.DFSUtil (DFSUtil.java:httpServerTemplateForNNAndJN(1641)) - Starting Web-server for hddsDatanode at: http://0.0.0.0:0
2019-10-16 07:48:38,734 [main] INFO  server.AuthenticationFilter (AuthenticationFilter.java:constructSecretProvider(240)) - Unable to initialize FileSignerSecretProvider, falling back to use random secrets.
2019-10-16 07:48:38,734 [main] WARN  http.HttpRequestLog (HttpRequestLog.java:getRequestLog(97)) - Jetty request log can only be enabled using Log4j
2019-10-16 07:48:38,736 [main] INFO  http.HttpServer2 (HttpServer2.java:addGlobalFilter(975)) - Added global filter 'safety' (class=org.apache.hadoop.http.HttpServer2$QuotingInputFilter)
2019-10-16 07:48:38,737 [main] INFO  http.HttpServer2 (HttpServer2.java:addFilter(948)) - Added filter static_user_filter (class=org.apache.hadoop.http.lib.StaticUserWebFilter$StaticUserFilter) to context hddsDatanode
2019-10-16 07:48:38,737 [main] INFO  http.HttpServer2 (HttpServer2.java:addFilter(958)) - Added filter static_user_filter (class=org.apache.hadoop.http.lib.StaticUserWebFilter$StaticUserFilter) to context logs
2019-10-16 07:48:38,737 [main] INFO  http.HttpServer2 (HttpServer2.java:addFilter(958)) - Added filter static_user_filter (class=org.apache.hadoop.http.lib.StaticUserWebFilter$StaticUserFilter) to context static
2019-10-16 07:48:38,738 [main] INFO  http.HttpServer2 (HttpServer2.java:bindListener(1191)) - Jetty bound to port 43309
2019-10-16 07:48:38,738 [main] INFO  server.Server (Server.java:doStart(351)) - jetty-9.3.25.v20180904, build timestamp: 2018-09-04T21:11:46Z, git hash: 3ce520221d0240229c862b122d2b06c12a625732
2019-10-16 07:48:38,741 [main] INFO  handler.ContextHandler (ContextHandler.java:doStart(781)) - Started o.e.j.s.ServletContextHandler@1457fde{/logs,file:///workdir/hadoop-ozone/integration-test/target/log,AVAILABLE}
2019-10-16 07:48:38,741 [main] INFO  handler.ContextHandler (ContextHandler.java:doStart(781)) - Started o.e.j.s.ServletContextHandler@17fa1336{/static,jar:file:/home/user/.m2/repository/org/apache/hadoop/hadoop-hdds-container-service/0.5.0-SNAPSHOT/hadoop-hdds-container-service-0.5.0-SNAPSHOT.jar!/webapps/static,AVAILABLE}
2019-10-16 07:48:38,787 [main] INFO  handler.ContextHandler (ContextHandler.java:doStart(781)) - Started o.e.j.w.WebAppContext@142213d5{/,file:///tmp/jetty-0.0.0.0-43309-hddsDatanode-_-any-4027816133748337596.dir/webapp/,AVAILABLE}{/hddsDatanode}
2019-10-16 07:48:38,789 [main] INFO  server.AbstractConnector (AbstractConnector.java:doStart(278)) - Started ServerConnector@934b52f{HTTP/1.1,[http/1.1]}{0.0.0.0:43309}
2019-10-16 07:48:38,789 [main] INFO  server.Server (Server.java:doStart(419)) - Started @5708ms
2019-10-16 07:48:38,789 [main] WARN  impl.MetricsSystemImpl (MetricsSystemImpl.java:register(276)) - Sink prometheus already exists!
2019-10-16 07:48:38,791 [main] INFO  server.BaseHttpServer (BaseHttpServer.java:updateConnectorAddress(215)) - HTTP server of HDDSDATANODE is listening at http://0.0.0.0:43309
2019-10-16 07:48:38,791 [main] INFO  impl.MetricsSystemImpl (MetricsSystemImpl.java:init(158)) - HddsDatanode metrics system started (again)
2019-10-16 07:48:38,796 [org.apache.hadoop.util.JvmPauseMonitor$Monitor@666bb07f] INFO  util.JvmPauseMonitor (JvmPauseMonitor.java:run(188)) - Starting JVM pause monitor
2019-10-16 07:48:38,797 [main] INFO  ozone.HddsDatanodeService (HddsDatanodeService.java:start(184)) - HddsDatanodeService host:pr-hdds-1737-dstl4-2900247166 ip:192.168.34.43
2019-10-16 07:48:38,799 [Datanode State Machine Thread - 0] INFO  datanode.InitDatanodeState (InitDatanodeState.java:persistContainerDatanodeDetails(140)) - DatanodeDetails is persisted to /workdir/hadoop-ozone/integration-test/target/test-dir/MiniOzoneClusterImpl-09750a2c-58c2-4184-91d8-c66eda428939/datanode-6/meta/datanode.id
2019-10-16 07:48:38,807 [main] INFO  volume.HddsVolume (HddsVolume.java:<init>(176)) - Creating Volume: /workdir/hadoop-ozone/integration-test/target/test-dir/MiniOzoneClusterImpl-09750a2c-58c2-4184-91d8-c66eda428939/datanode-7/data/containers/hdds of  storage type : DISK and capacity : 1482555576320
2019-10-16 07:48:38,807 [main] INFO  volume.VolumeSet (VolumeSet.java:initializeVolumeSet(170)) - Added Volume : /workdir/hadoop-ozone/integration-test/target/test-dir/MiniOzoneClusterImpl-09750a2c-58c2-4184-91d8-c66eda428939/datanode-7/data/containers/hdds to VolumeSet
2019-10-16 07:48:38,808 [main] INFO  volume.ThrottledAsyncChecker (ThrottledAsyncChecker.java:schedule(141)) - Scheduling a check for /workdir/hadoop-ozone/integration-test/target/test-dir/MiniOzoneClusterImpl-09750a2c-58c2-4184-91d8-c66eda428939/datanode-7/data/containers/hdds
2019-10-16 07:48:38,809 [main] INFO  volume.HddsVolumeChecker (HddsVolumeChecker.java:checkAllVolumes(204)) - Scheduled health check for volume /workdir/hadoop-ozone/integration-test/target/test-dir/MiniOzoneClusterImpl-09750a2c-58c2-4184-91d8-c66eda428939/datanode-7/data/containers/hdds
2019-10-16 07:48:38,828 [main] INFO  impl.RaftServerProxy (ConfUtils.java:logGet(43)) - raft.rpc.type = GRPC (default)
2019-10-16 07:48:38,829 [main] INFO  grpc.GrpcFactory (GrpcFactory.java:checkPooledByteBufAllocatorUseCacheForAllThreads(45)) - PERFORMANCE WARNING: useCacheForAllThreads is true that may cause Netty to create a lot garbage objects and, as a result, trigger GC.
	It is recommended to disable useCacheForAllThreads by setting -Dorg.apache.ratis.thirdparty.io.netty.allocator.useCacheForAllThreads=false in command line.
2019-10-16 07:48:38,829 [main] INFO  grpc.GrpcConfigKeys$Server (ConfUtils.java:logGet(43)) - raft.grpc.server.port = 0 (default)
2019-10-16 07:48:38,829 [main] INFO  server.GrpcService (ConfUtils.java:logGet(43)) - raft.grpc.message.size.max = 33570816 (custom)
2019-10-16 07:48:38,829 [main] INFO  server.RaftServerConfigKeys (ConfUtils.java:logGet(43)) - raft.server.log.appender.buffer.byte-limit = 33554432 (custom)
2019-10-16 07:48:38,830 [main] INFO  server.GrpcService (ConfUtils.java:logGet(43)) - raft.grpc.flow.control.window = 1MB (=1048576) (default)
2019-10-16 07:48:38,830 [main] INFO  server.RaftServerConfigKeys (ConfUtils.java:logGet(43)) - raft.server.rpc.request.timeout = 3000ms (default)
2019-10-16 07:48:38,831 [main] INFO  server.RaftServerConfigKeys (ConfUtils.java:logGet(43)) - raft.server.storage.dir = [/workdir/hadoop-ozone/integration-test/target/test-dir/MiniOzoneClusterImpl-09750a2c-58c2-4184-91d8-c66eda428939/datanode-7/data/ratis] (custom)
2019-10-16 07:48:38,833 [main] INFO  hdfs.DFSUtil (DFSUtil.java:httpServerTemplateForNNAndJN(1641)) - Starting Web-server for hddsDatanode at: http://0.0.0.0:0
2019-10-16 07:48:38,834 [main] INFO  server.AuthenticationFilter (AuthenticationFilter.java:constructSecretProvider(240)) - Unable to initialize FileSignerSecretProvider, falling back to use random secrets.
2019-10-16 07:48:38,835 [main] WARN  http.HttpRequestLog (HttpRequestLog.java:getRequestLog(97)) - Jetty request log can only be enabled using Log4j
2019-10-16 07:48:38,837 [main] INFO  http.HttpServer2 (HttpServer2.java:addGlobalFilter(975)) - Added global filter 'safety' (class=org.apache.hadoop.http.HttpServer2$QuotingInputFilter)
2019-10-16 07:48:38,838 [main] INFO  http.HttpServer2 (HttpServer2.java:addFilter(948)) - Added filter static_user_filter (class=org.apache.hadoop.http.lib.StaticUserWebFilter$StaticUserFilter) to context hddsDatanode
2019-10-16 07:48:38,838 [main] INFO  http.HttpServer2 (HttpServer2.java:addFilter(958)) - Added filter static_user_filter (class=org.apache.hadoop.http.lib.StaticUserWebFilter$StaticUserFilter) to context logs
2019-10-16 07:48:38,838 [main] INFO  http.HttpServer2 (HttpServer2.java:addFilter(958)) - Added filter static_user_filter (class=org.apache.hadoop.http.lib.StaticUserWebFilter$StaticUserFilter) to context static
2019-10-16 07:48:38,839 [main] INFO  http.HttpServer2 (HttpServer2.java:bindListener(1191)) - Jetty bound to port 37902
2019-10-16 07:48:38,839 [main] INFO  server.Server (Server.java:doStart(351)) - jetty-9.3.25.v20180904, build timestamp: 2018-09-04T21:11:46Z, git hash: 3ce520221d0240229c862b122d2b06c12a625732
2019-10-16 07:48:38,841 [main] INFO  handler.ContextHandler (ContextHandler.java:doStart(781)) - Started o.e.j.s.ServletContextHandler@31ddb930{/logs,file:///workdir/hadoop-ozone/integration-test/target/log,AVAILABLE}
2019-10-16 07:48:38,842 [main] INFO  handler.ContextHandler (ContextHandler.java:doStart(781)) - Started o.e.j.s.ServletContextHandler@3c3c4a71{/static,jar:file:/home/user/.m2/repository/org/apache/hadoop/hadoop-hdds-container-service/0.5.0-SNAPSHOT/hadoop-hdds-container-service-0.5.0-SNAPSHOT.jar!/webapps/static,AVAILABLE}
2019-10-16 07:48:38,875 [main] INFO  handler.ContextHandler (ContextHandler.java:doStart(781)) - Started o.e.j.w.WebAppContext@268cbb86{/,file:///tmp/jetty-0.0.0.0-37902-hddsDatanode-_-any-1322206013151195544.dir/webapp/,AVAILABLE}{/hddsDatanode}
2019-10-16 07:48:38,875 [main] INFO  server.AbstractConnector (AbstractConnector.java:doStart(278)) - Started ServerConnector@10f7918f{HTTP/1.1,[http/1.1]}{0.0.0.0:37902}
2019-10-16 07:48:38,876 [main] INFO  server.Server (Server.java:doStart(419)) - Started @5795ms
2019-10-16 07:48:38,876 [main] WARN  impl.MetricsSystemImpl (MetricsSystemImpl.java:register(276)) - Sink prometheus already exists!
2019-10-16 07:48:38,877 [main] INFO  server.BaseHttpServer (BaseHttpServer.java:updateConnectorAddress(215)) - HTTP server of HDDSDATANODE is listening at http://0.0.0.0:37902
2019-10-16 07:48:38,877 [main] INFO  impl.MetricsSystemImpl (MetricsSystemImpl.java:init(158)) - HddsDatanode metrics system started (again)
2019-10-16 07:48:38,881 [main] INFO  ozone.HddsDatanodeService (HddsDatanodeService.java:start(184)) - HddsDatanodeService host:pr-hdds-1737-dstl4-2900247166 ip:192.168.34.43
2019-10-16 07:48:38,881 [org.apache.hadoop.util.JvmPauseMonitor$Monitor@5040e71] INFO  util.JvmPauseMonitor (JvmPauseMonitor.java:run(188)) - Starting JVM pause monitor
2019-10-16 07:48:38,885 [Datanode State Machine Thread - 0] INFO  datanode.InitDatanodeState (InitDatanodeState.java:persistContainerDatanodeDetails(140)) - DatanodeDetails is persisted to /workdir/hadoop-ozone/integration-test/target/test-dir/MiniOzoneClusterImpl-09750a2c-58c2-4184-91d8-c66eda428939/datanode-7/meta/datanode.id
2019-10-16 07:48:38,892 [main] INFO  volume.HddsVolume (HddsVolume.java:<init>(176)) - Creating Volume: /workdir/hadoop-ozone/integration-test/target/test-dir/MiniOzoneClusterImpl-09750a2c-58c2-4184-91d8-c66eda428939/datanode-8/data/containers/hdds of  storage type : DISK and capacity : 1482555576320
2019-10-16 07:48:38,892 [main] INFO  volume.VolumeSet (VolumeSet.java:initializeVolumeSet(170)) - Added Volume : /workdir/hadoop-ozone/integration-test/target/test-dir/MiniOzoneClusterImpl-09750a2c-58c2-4184-91d8-c66eda428939/datanode-8/data/containers/hdds to VolumeSet
2019-10-16 07:48:38,892 [main] INFO  volume.ThrottledAsyncChecker (ThrottledAsyncChecker.java:schedule(141)) - Scheduling a check for /workdir/hadoop-ozone/integration-test/target/test-dir/MiniOzoneClusterImpl-09750a2c-58c2-4184-91d8-c66eda428939/datanode-8/data/containers/hdds
2019-10-16 07:48:38,892 [main] INFO  volume.HddsVolumeChecker (HddsVolumeChecker.java:checkAllVolumes(204)) - Scheduled health check for volume /workdir/hadoop-ozone/integration-test/target/test-dir/MiniOzoneClusterImpl-09750a2c-58c2-4184-91d8-c66eda428939/datanode-8/data/containers/hdds
2019-10-16 07:48:38,906 [main] INFO  impl.RaftServerProxy (ConfUtils.java:logGet(43)) - raft.rpc.type = GRPC (default)
2019-10-16 07:48:38,906 [main] INFO  grpc.GrpcFactory (GrpcFactory.java:checkPooledByteBufAllocatorUseCacheForAllThreads(45)) - PERFORMANCE WARNING: useCacheForAllThreads is true that may cause Netty to create a lot garbage objects and, as a result, trigger GC.
	It is recommended to disable useCacheForAllThreads by setting -Dorg.apache.ratis.thirdparty.io.netty.allocator.useCacheForAllThreads=false in command line.
2019-10-16 07:48:38,906 [main] INFO  grpc.GrpcConfigKeys$Server (ConfUtils.java:logGet(43)) - raft.grpc.server.port = 0 (default)
2019-10-16 07:48:38,906 [main] INFO  server.GrpcService (ConfUtils.java:logGet(43)) - raft.grpc.message.size.max = 33570816 (custom)
2019-10-16 07:48:38,906 [main] INFO  server.RaftServerConfigKeys (ConfUtils.java:logGet(43)) - raft.server.log.appender.buffer.byte-limit = 33554432 (custom)
2019-10-16 07:48:38,906 [main] INFO  server.GrpcService (ConfUtils.java:logGet(43)) - raft.grpc.flow.control.window = 1MB (=1048576) (default)
2019-10-16 07:48:38,907 [main] INFO  server.RaftServerConfigKeys (ConfUtils.java:logGet(43)) - raft.server.rpc.request.timeout = 3000ms (default)
2019-10-16 07:48:38,907 [main] INFO  server.RaftServerConfigKeys (ConfUtils.java:logGet(43)) - raft.server.storage.dir = [/workdir/hadoop-ozone/integration-test/target/test-dir/MiniOzoneClusterImpl-09750a2c-58c2-4184-91d8-c66eda428939/datanode-8/data/ratis] (custom)
2019-10-16 07:48:38,909 [main] INFO  hdfs.DFSUtil (DFSUtil.java:httpServerTemplateForNNAndJN(1641)) - Starting Web-server for hddsDatanode at: http://0.0.0.0:0
2019-10-16 07:48:38,910 [main] INFO  server.AuthenticationFilter (AuthenticationFilter.java:constructSecretProvider(240)) - Unable to initialize FileSignerSecretProvider, falling back to use random secrets.
2019-10-16 07:48:38,911 [main] WARN  http.HttpRequestLog (HttpRequestLog.java:getRequestLog(97)) - Jetty request log can only be enabled using Log4j
2019-10-16 07:48:38,912 [main] INFO  http.HttpServer2 (HttpServer2.java:addGlobalFilter(975)) - Added global filter 'safety' (class=org.apache.hadoop.http.HttpServer2$QuotingInputFilter)
2019-10-16 07:48:38,913 [main] INFO  http.HttpServer2 (HttpServer2.java:addFilter(948)) - Added filter static_user_filter (class=org.apache.hadoop.http.lib.StaticUserWebFilter$StaticUserFilter) to context hddsDatanode
2019-10-16 07:48:38,913 [main] INFO  http.HttpServer2 (HttpServer2.java:addFilter(958)) - Added filter static_user_filter (class=org.apache.hadoop.http.lib.StaticUserWebFilter$StaticUserFilter) to context logs
2019-10-16 07:48:38,913 [main] INFO  http.HttpServer2 (HttpServer2.java:addFilter(958)) - Added filter static_user_filter (class=org.apache.hadoop.http.lib.StaticUserWebFilter$StaticUserFilter) to context static
2019-10-16 07:48:38,914 [main] INFO  http.HttpServer2 (HttpServer2.java:bindListener(1191)) - Jetty bound to port 40925
2019-10-16 07:48:38,914 [main] INFO  server.Server (Server.java:doStart(351)) - jetty-9.3.25.v20180904, build timestamp: 2018-09-04T21:11:46Z, git hash: 3ce520221d0240229c862b122d2b06c12a625732
2019-10-16 07:48:38,916 [main] INFO  handler.ContextHandler (ContextHandler.java:doStart(781)) - Started o.e.j.s.ServletContextHandler@1ab5f08a{/logs,file:///workdir/hadoop-ozone/integration-test/target/log,AVAILABLE}
2019-10-16 07:48:38,916 [main] INFO  handler.ContextHandler (ContextHandler.java:doStart(781)) - Started o.e.j.s.ServletContextHandler@79a04e5f{/static,jar:file:/home/user/.m2/repository/org/apache/hadoop/hadoop-hdds-container-service/0.5.0-SNAPSHOT/hadoop-hdds-container-service-0.5.0-SNAPSHOT.jar!/webapps/static,AVAILABLE}
2019-10-16 07:48:38,946 [main] INFO  handler.ContextHandler (ContextHandler.java:doStart(781)) - Started o.e.j.w.WebAppContext@5a08efdc{/,file:///tmp/jetty-0.0.0.0-40925-hddsDatanode-_-any-4151771613229024366.dir/webapp/,AVAILABLE}{/hddsDatanode}
2019-10-16 07:48:38,947 [main] INFO  server.AbstractConnector (AbstractConnector.java:doStart(278)) - Started ServerConnector@57272109{HTTP/1.1,[http/1.1]}{0.0.0.0:40925}
2019-10-16 07:48:38,947 [main] INFO  server.Server (Server.java:doStart(419)) - Started @5867ms
2019-10-16 07:48:38,947 [main] WARN  impl.MetricsSystemImpl (MetricsSystemImpl.java:register(276)) - Sink prometheus already exists!
2019-10-16 07:48:38,948 [main] INFO  server.BaseHttpServer (BaseHttpServer.java:updateConnectorAddress(215)) - HTTP server of HDDSDATANODE is listening at http://0.0.0.0:40925
2019-10-16 07:48:38,949 [main] INFO  impl.MetricsSystemImpl (MetricsSystemImpl.java:init(158)) - HddsDatanode metrics system started (again)
2019-10-16 07:48:38,953 [org.apache.hadoop.util.JvmPauseMonitor$Monitor@4e91b4bd] INFO  util.JvmPauseMonitor (JvmPauseMonitor.java:run(188)) - Starting JVM pause monitor
2019-10-16 07:48:38,953 [main] INFO  ozone.HddsDatanodeService (HddsDatanodeService.java:start(184)) - HddsDatanodeService host:pr-hdds-1737-dstl4-2900247166 ip:192.168.34.43
2019-10-16 07:48:38,956 [Datanode State Machine Thread - 0] INFO  datanode.InitDatanodeState (InitDatanodeState.java:persistContainerDatanodeDetails(140)) - DatanodeDetails is persisted to /workdir/hadoop-ozone/integration-test/target/test-dir/MiniOzoneClusterImpl-09750a2c-58c2-4184-91d8-c66eda428939/datanode-8/meta/datanode.id
2019-10-16 07:48:38,962 [main] INFO  volume.HddsVolume (HddsVolume.java:<init>(176)) - Creating Volume: /workdir/hadoop-ozone/integration-test/target/test-dir/MiniOzoneClusterImpl-09750a2c-58c2-4184-91d8-c66eda428939/datanode-9/data/containers/hdds of  storage type : DISK and capacity : 1482555576320
2019-10-16 07:48:38,962 [main] INFO  volume.VolumeSet (VolumeSet.java:initializeVolumeSet(170)) - Added Volume : /workdir/hadoop-ozone/integration-test/target/test-dir/MiniOzoneClusterImpl-09750a2c-58c2-4184-91d8-c66eda428939/datanode-9/data/containers/hdds to VolumeSet
2019-10-16 07:48:38,962 [main] INFO  volume.ThrottledAsyncChecker (ThrottledAsyncChecker.java:schedule(141)) - Scheduling a check for /workdir/hadoop-ozone/integration-test/target/test-dir/MiniOzoneClusterImpl-09750a2c-58c2-4184-91d8-c66eda428939/datanode-9/data/containers/hdds
2019-10-16 07:48:38,963 [main] INFO  volume.HddsVolumeChecker (HddsVolumeChecker.java:checkAllVolumes(204)) - Scheduled health check for volume /workdir/hadoop-ozone/integration-test/target/test-dir/MiniOzoneClusterImpl-09750a2c-58c2-4184-91d8-c66eda428939/datanode-9/data/containers/hdds
2019-10-16 07:48:38,976 [main] INFO  impl.RaftServerProxy (ConfUtils.java:logGet(43)) - raft.rpc.type = GRPC (default)
2019-10-16 07:48:38,976 [main] INFO  grpc.GrpcFactory (GrpcFactory.java:checkPooledByteBufAllocatorUseCacheForAllThreads(45)) - PERFORMANCE WARNING: useCacheForAllThreads is true that may cause Netty to create a lot garbage objects and, as a result, trigger GC.
	It is recommended to disable useCacheForAllThreads by setting -Dorg.apache.ratis.thirdparty.io.netty.allocator.useCacheForAllThreads=false in command line.
2019-10-16 07:48:38,976 [main] INFO  grpc.GrpcConfigKeys$Server (ConfUtils.java:logGet(43)) - raft.grpc.server.port = 0 (default)
2019-10-16 07:48:38,977 [main] INFO  server.GrpcService (ConfUtils.java:logGet(43)) - raft.grpc.message.size.max = 33570816 (custom)
2019-10-16 07:48:38,977 [main] INFO  server.RaftServerConfigKeys (ConfUtils.java:logGet(43)) - raft.server.log.appender.buffer.byte-limit = 33554432 (custom)
2019-10-16 07:48:38,977 [main] INFO  server.GrpcService (ConfUtils.java:logGet(43)) - raft.grpc.flow.control.window = 1MB (=1048576) (default)
2019-10-16 07:48:38,977 [main] INFO  server.RaftServerConfigKeys (ConfUtils.java:logGet(43)) - raft.server.rpc.request.timeout = 3000ms (default)
2019-10-16 07:48:38,978 [main] INFO  server.RaftServerConfigKeys (ConfUtils.java:logGet(43)) - raft.server.storage.dir = [/workdir/hadoop-ozone/integration-test/target/test-dir/MiniOzoneClusterImpl-09750a2c-58c2-4184-91d8-c66eda428939/datanode-9/data/ratis] (custom)
2019-10-16 07:48:38,979 [main] INFO  hdfs.DFSUtil (DFSUtil.java:httpServerTemplateForNNAndJN(1641)) - Starting Web-server for hddsDatanode at: http://0.0.0.0:0
2019-10-16 07:48:38,981 [main] INFO  server.AuthenticationFilter (AuthenticationFilter.java:constructSecretProvider(240)) - Unable to initialize FileSignerSecretProvider, falling back to use random secrets.
2019-10-16 07:48:38,981 [main] WARN  http.HttpRequestLog (HttpRequestLog.java:getRequestLog(97)) - Jetty request log can only be enabled using Log4j
2019-10-16 07:48:38,983 [main] INFO  http.HttpServer2 (HttpServer2.java:addGlobalFilter(975)) - Added global filter 'safety' (class=org.apache.hadoop.http.HttpServer2$QuotingInputFilter)
2019-10-16 07:48:38,984 [main] INFO  http.HttpServer2 (HttpServer2.java:addFilter(948)) - Added filter static_user_filter (class=org.apache.hadoop.http.lib.StaticUserWebFilter$StaticUserFilter) to context hddsDatanode
2019-10-16 07:48:38,984 [main] INFO  http.HttpServer2 (HttpServer2.java:addFilter(958)) - Added filter static_user_filter (class=org.apache.hadoop.http.lib.StaticUserWebFilter$StaticUserFilter) to context static
2019-10-16 07:48:38,984 [main] INFO  http.HttpServer2 (HttpServer2.java:addFilter(958)) - Added filter static_user_filter (class=org.apache.hadoop.http.lib.StaticUserWebFilter$StaticUserFilter) to context logs
2019-10-16 07:48:38,985 [main] INFO  http.HttpServer2 (HttpServer2.java:bindListener(1191)) - Jetty bound to port 33508
2019-10-16 07:48:38,985 [main] INFO  server.Server (Server.java:doStart(351)) - jetty-9.3.25.v20180904, build timestamp: 2018-09-04T21:11:46Z, git hash: 3ce520221d0240229c862b122d2b06c12a625732
2019-10-16 07:48:38,987 [main] INFO  handler.ContextHandler (ContextHandler.java:doStart(781)) - Started o.e.j.s.ServletContextHandler@15c4af7a{/logs,file:///workdir/hadoop-ozone/integration-test/target/log,AVAILABLE}
2019-10-16 07:48:38,987 [main] INFO  handler.ContextHandler (ContextHandler.java:doStart(781)) - Started o.e.j.s.ServletContextHandler@55d58825{/static,jar:file:/home/user/.m2/repository/org/apache/hadoop/hadoop-hdds-container-service/0.5.0-SNAPSHOT/hadoop-hdds-container-service-0.5.0-SNAPSHOT.jar!/webapps/static,AVAILABLE}
2019-10-16 07:48:39,014 [main] INFO  handler.ContextHandler (ContextHandler.java:doStart(781)) - Started o.e.j.w.WebAppContext@4acc5dff{/,file:///tmp/jetty-0.0.0.0-33508-hddsDatanode-_-any-1962145343875970428.dir/webapp/,AVAILABLE}{/hddsDatanode}
2019-10-16 07:48:39,015 [main] INFO  server.AbstractConnector (AbstractConnector.java:doStart(278)) - Started ServerConnector@10c72a6f{HTTP/1.1,[http/1.1]}{0.0.0.0:33508}
2019-10-16 07:48:39,016 [main] INFO  server.Server (Server.java:doStart(419)) - Started @5935ms
2019-10-16 07:48:39,016 [main] WARN  impl.MetricsSystemImpl (MetricsSystemImpl.java:register(276)) - Sink prometheus already exists!
2019-10-16 07:48:39,017 [main] INFO  server.BaseHttpServer (BaseHttpServer.java:updateConnectorAddress(215)) - HTTP server of HDDSDATANODE is listening at http://0.0.0.0:33508
2019-10-16 07:48:39,021 [main] INFO  ozone.MiniOzoneClusterImpl (MiniOzoneClusterImpl.java:lambda$waitForClusterToBeReady$0(147)) - Waiting for cluster to be ready. Got 0 of 10 DN Heartbeats.
2019-10-16 07:48:39,022 [org.apache.hadoop.util.JvmPauseMonitor$Monitor@54f9257e] INFO  util.JvmPauseMonitor (JvmPauseMonitor.java:run(188)) - Starting JVM pause monitor
2019-10-16 07:48:39,026 [Datanode State Machine Thread - 0] INFO  datanode.InitDatanodeState (InitDatanodeState.java:persistContainerDatanodeDetails(140)) - DatanodeDetails is persisted to /workdir/hadoop-ozone/integration-test/target/test-dir/MiniOzoneClusterImpl-09750a2c-58c2-4184-91d8-c66eda428939/datanode-9/meta/datanode.id
2019-10-16 07:48:40,022 [main] INFO  ozone.MiniOzoneClusterImpl (MiniOzoneClusterImpl.java:lambda$waitForClusterToBeReady$0(147)) - Waiting for cluster to be ready. Got 0 of 10 DN Heartbeats.
2019-10-16 07:48:40,449 [Datanode State Machine Thread - 0] INFO  ozoneimpl.OzoneContainer (OzoneContainer.java:start(213)) - Attempting to start container services.
2019-10-16 07:48:40,449 [Datanode State Machine Thread - 0] INFO  ozoneimpl.OzoneContainer (OzoneContainer.java:start(213)) - Attempting to start container services.
2019-10-16 07:48:40,452 [Datanode State Machine Thread - 0] INFO  ozoneimpl.OzoneContainer (OzoneContainer.java:startContainerScrub(177)) - Background container scanner has been disabled.
2019-10-16 07:48:40,452 [Datanode State Machine Thread - 0] INFO  ozoneimpl.OzoneContainer (OzoneContainer.java:startContainerScrub(177)) - Background container scanner has been disabled.
2019-10-16 07:48:40,453 [Datanode State Machine Thread - 0] INFO  ratis.XceiverServerRatis (XceiverServerRatis.java:start(418)) - Starting XceiverServerRatis 3e390cd5-6e5f-4e4a-89b9-5d2d9c64b08e at port 0
2019-10-16 07:48:40,453 [Datanode State Machine Thread - 0] INFO  ratis.XceiverServerRatis (XceiverServerRatis.java:start(418)) - Starting XceiverServerRatis 85034473-de92-432d-987c-753934731faa at port 0
2019-10-16 07:48:40,491 [Datanode State Machine Thread - 0] INFO  impl.RaftServerProxy (RaftServerProxy.java:lambda$start$3(299)) - 3e390cd5-6e5f-4e4a-89b9-5d2d9c64b08e: start RPC server
2019-10-16 07:48:40,491 [Datanode State Machine Thread - 0] INFO  impl.RaftServerProxy (RaftServerProxy.java:lambda$start$3(299)) - 85034473-de92-432d-987c-753934731faa: start RPC server
2019-10-16 07:48:40,500 [Datanode State Machine Thread - 0] INFO  ozoneimpl.OzoneContainer (OzoneContainer.java:start(213)) - Attempting to start container services.
2019-10-16 07:48:40,506 [Datanode State Machine Thread - 0] INFO  ozoneimpl.OzoneContainer (OzoneContainer.java:startContainerScrub(177)) - Background container scanner has been disabled.
2019-10-16 07:48:40,506 [Datanode State Machine Thread - 0] INFO  ratis.XceiverServerRatis (XceiverServerRatis.java:start(418)) - Starting XceiverServerRatis 0230c08e-48f1-4f17-bace-004fbc1b55c4 at port 0
2019-10-16 07:48:40,518 [Datanode State Machine Thread - 0] INFO  impl.RaftServerProxy (RaftServerProxy.java:lambda$start$3(299)) - 0230c08e-48f1-4f17-bace-004fbc1b55c4: start RPC server
2019-10-16 07:48:40,570 [Datanode State Machine Thread - 0] INFO  ozoneimpl.OzoneContainer (OzoneContainer.java:start(213)) - Attempting to start container services.
2019-10-16 07:48:40,570 [Datanode State Machine Thread - 0] INFO  ozoneimpl.OzoneContainer (OzoneContainer.java:startContainerScrub(177)) - Background container scanner has been disabled.
2019-10-16 07:48:40,570 [Datanode State Machine Thread - 0] INFO  ratis.XceiverServerRatis (XceiverServerRatis.java:start(418)) - Starting XceiverServerRatis 34a4ce68-6cfa-4f54-b3e2-98c3134e5ebf at port 0
2019-10-16 07:48:40,583 [Datanode State Machine Thread - 0] INFO  impl.RaftServerProxy (RaftServerProxy.java:lambda$start$3(299)) - 34a4ce68-6cfa-4f54-b3e2-98c3134e5ebf: start RPC server
2019-10-16 07:48:40,646 [Datanode State Machine Thread - 0] INFO  ozoneimpl.OzoneContainer (OzoneContainer.java:start(213)) - Attempting to start container services.
2019-10-16 07:48:40,647 [Datanode State Machine Thread - 0] INFO  ozoneimpl.OzoneContainer (OzoneContainer.java:startContainerScrub(177)) - Background container scanner has been disabled.
2019-10-16 07:48:40,647 [Datanode State Machine Thread - 0] INFO  ratis.XceiverServerRatis (XceiverServerRatis.java:start(418)) - Starting XceiverServerRatis b906d628-5b11-472e-bef9-55c10a56a009 at port 0
2019-10-16 07:48:40,650 [Datanode State Machine Thread - 0] INFO  server.GrpcService (GrpcService.java:startImpl(158)) - 3e390cd5-6e5f-4e4a-89b9-5d2d9c64b08e: GrpcService started, listening on 0.0.0.0/0.0.0.0:35883
2019-10-16 07:48:40,650 [Datanode State Machine Thread - 0] INFO  server.GrpcService (GrpcService.java:startImpl(158)) - 85034473-de92-432d-987c-753934731faa: GrpcService started, listening on 0.0.0.0/0.0.0.0:42807
2019-10-16 07:48:40,650 [Datanode State Machine Thread - 0] INFO  server.GrpcService (GrpcService.java:startImpl(158)) - 34a4ce68-6cfa-4f54-b3e2-98c3134e5ebf: GrpcService started, listening on 0.0.0.0/0.0.0.0:41110
2019-10-16 07:48:40,650 [Datanode State Machine Thread - 0] INFO  server.GrpcService (GrpcService.java:startImpl(158)) - 0230c08e-48f1-4f17-bace-004fbc1b55c4: GrpcService started, listening on 0.0.0.0/0.0.0.0:40481
2019-10-16 07:48:40,652 [Datanode State Machine Thread - 0] INFO  ratis.XceiverServerRatis (XceiverServerRatis.java:start(428)) - XceiverServerRatis 34a4ce68-6cfa-4f54-b3e2-98c3134e5ebf is started using port 41110
2019-10-16 07:48:40,651 [Datanode State Machine Thread - 0] INFO  ratis.XceiverServerRatis (XceiverServerRatis.java:start(428)) - XceiverServerRatis 85034473-de92-432d-987c-753934731faa is started using port 42807
2019-10-16 07:48:40,651 [Datanode State Machine Thread - 0] INFO  ratis.XceiverServerRatis (XceiverServerRatis.java:start(428)) - XceiverServerRatis 3e390cd5-6e5f-4e4a-89b9-5d2d9c64b08e is started using port 35883
2019-10-16 07:48:40,652 [Datanode State Machine Thread - 0] INFO  ratis.XceiverServerRatis (XceiverServerRatis.java:start(428)) - XceiverServerRatis 0230c08e-48f1-4f17-bace-004fbc1b55c4 is started using port 40481
2019-10-16 07:48:40,662 [Datanode State Machine Thread - 0] INFO  server.XceiverServerGrpc (XceiverServerGrpc.java:start(149)) - XceiverServerGrpc 0230c08e-48f1-4f17-bace-004fbc1b55c4 is started using port 37028
2019-10-16 07:48:40,662 [Datanode State Machine Thread - 0] INFO  server.XceiverServerGrpc (XceiverServerGrpc.java:start(149)) - XceiverServerGrpc 34a4ce68-6cfa-4f54-b3e2-98c3134e5ebf is started using port 37173
2019-10-16 07:48:40,662 [Datanode State Machine Thread - 0] INFO  server.XceiverServerGrpc (XceiverServerGrpc.java:start(149)) - XceiverServerGrpc 85034473-de92-432d-987c-753934731faa is started using port 43378
2019-10-16 07:48:40,662 [Datanode State Machine Thread - 0] INFO  server.XceiverServerGrpc (XceiverServerGrpc.java:start(149)) - XceiverServerGrpc 3e390cd5-6e5f-4e4a-89b9-5d2d9c64b08e is started using port 36434
2019-10-16 07:48:40,667 [Datanode State Machine Thread - 0] INFO  impl.RaftServerProxy (RaftServerProxy.java:lambda$start$3(299)) - b906d628-5b11-472e-bef9-55c10a56a009: start RPC server
2019-10-16 07:48:40,670 [Datanode State Machine Thread - 0] INFO  server.GrpcService (GrpcService.java:startImpl(158)) - b906d628-5b11-472e-bef9-55c10a56a009: GrpcService started, listening on 0.0.0.0/0.0.0.0:38952
2019-10-16 07:48:40,670 [Datanode State Machine Thread - 0] INFO  ratis.XceiverServerRatis (XceiverServerRatis.java:start(428)) - XceiverServerRatis b906d628-5b11-472e-bef9-55c10a56a009 is started using port 38952
2019-10-16 07:48:40,674 [Datanode State Machine Thread - 0] INFO  server.XceiverServerGrpc (XceiverServerGrpc.java:start(149)) - XceiverServerGrpc b906d628-5b11-472e-bef9-55c10a56a009 is started using port 36212
2019-10-16 07:48:40,720 [Datanode State Machine Thread - 0] INFO  ozoneimpl.OzoneContainer (OzoneContainer.java:start(213)) - Attempting to start container services.
2019-10-16 07:48:40,720 [Datanode State Machine Thread - 0] INFO  ozoneimpl.OzoneContainer (OzoneContainer.java:startContainerScrub(177)) - Background container scanner has been disabled.
2019-10-16 07:48:40,720 [Datanode State Machine Thread - 0] INFO  ratis.XceiverServerRatis (XceiverServerRatis.java:start(418)) - Starting XceiverServerRatis bbaedea4-0636-4a28-8969-ceb75fc90963 at port 0
2019-10-16 07:48:40,731 [Datanode State Machine Thread - 0] INFO  impl.RaftServerProxy (RaftServerProxy.java:lambda$start$3(299)) - bbaedea4-0636-4a28-8969-ceb75fc90963: start RPC server
2019-10-16 07:48:40,734 [Datanode State Machine Thread - 0] INFO  server.GrpcService (GrpcService.java:startImpl(158)) - bbaedea4-0636-4a28-8969-ceb75fc90963: GrpcService started, listening on 0.0.0.0/0.0.0.0:39038
2019-10-16 07:48:40,734 [Datanode State Machine Thread - 0] INFO  ratis.XceiverServerRatis (XceiverServerRatis.java:start(428)) - XceiverServerRatis bbaedea4-0636-4a28-8969-ceb75fc90963 is started using port 39038
2019-10-16 07:48:40,737 [Datanode State Machine Thread - 0] INFO  server.XceiverServerGrpc (XceiverServerGrpc.java:start(149)) - XceiverServerGrpc bbaedea4-0636-4a28-8969-ceb75fc90963 is started using port 35003
2019-10-16 07:48:40,812 [Datanode State Machine Thread - 0] INFO  ozoneimpl.OzoneContainer (OzoneContainer.java:start(213)) - Attempting to start container services.
2019-10-16 07:48:40,813 [Datanode State Machine Thread - 0] INFO  ozoneimpl.OzoneContainer (OzoneContainer.java:startContainerScrub(177)) - Background container scanner has been disabled.
2019-10-16 07:48:40,813 [Datanode State Machine Thread - 0] INFO  ratis.XceiverServerRatis (XceiverServerRatis.java:start(418)) - Starting XceiverServerRatis eb54e0f1-19f2-4eeb-9522-1404b62d70c1 at port 0
2019-10-16 07:48:40,824 [Datanode State Machine Thread - 0] INFO  impl.RaftServerProxy (RaftServerProxy.java:lambda$start$3(299)) - eb54e0f1-19f2-4eeb-9522-1404b62d70c1: start RPC server
2019-10-16 07:48:40,828 [Datanode State Machine Thread - 0] INFO  server.GrpcService (GrpcService.java:startImpl(158)) - eb54e0f1-19f2-4eeb-9522-1404b62d70c1: GrpcService started, listening on 0.0.0.0/0.0.0.0:32785
2019-10-16 07:48:40,828 [Datanode State Machine Thread - 0] INFO  ratis.XceiverServerRatis (XceiverServerRatis.java:start(428)) - XceiverServerRatis eb54e0f1-19f2-4eeb-9522-1404b62d70c1 is started using port 32785
2019-10-16 07:48:40,831 [Datanode State Machine Thread - 0] INFO  server.XceiverServerGrpc (XceiverServerGrpc.java:start(149)) - XceiverServerGrpc eb54e0f1-19f2-4eeb-9522-1404b62d70c1 is started using port 44637
2019-10-16 07:48:40,898 [Datanode State Machine Thread - 0] INFO  ozoneimpl.OzoneContainer (OzoneContainer.java:start(213)) - Attempting to start container services.
2019-10-16 07:48:40,899 [Datanode State Machine Thread - 0] INFO  ozoneimpl.OzoneContainer (OzoneContainer.java:startContainerScrub(177)) - Background container scanner has been disabled.
2019-10-16 07:48:40,899 [Datanode State Machine Thread - 0] INFO  ratis.XceiverServerRatis (XceiverServerRatis.java:start(418)) - Starting XceiverServerRatis 714d39c9-4cc1-42f5-8347-e0d6eca03bcd at port 0
2019-10-16 07:48:40,910 [Datanode State Machine Thread - 0] INFO  impl.RaftServerProxy (RaftServerProxy.java:lambda$start$3(299)) - 714d39c9-4cc1-42f5-8347-e0d6eca03bcd: start RPC server
2019-10-16 07:48:40,914 [Datanode State Machine Thread - 0] INFO  server.GrpcService (GrpcService.java:startImpl(158)) - 714d39c9-4cc1-42f5-8347-e0d6eca03bcd: GrpcService started, listening on 0.0.0.0/0.0.0.0:39254
2019-10-16 07:48:40,915 [Datanode State Machine Thread - 0] INFO  ratis.XceiverServerRatis (XceiverServerRatis.java:start(428)) - XceiverServerRatis 714d39c9-4cc1-42f5-8347-e0d6eca03bcd is started using port 39254
2019-10-16 07:48:40,918 [Datanode State Machine Thread - 0] INFO  server.XceiverServerGrpc (XceiverServerGrpc.java:start(149)) - XceiverServerGrpc 714d39c9-4cc1-42f5-8347-e0d6eca03bcd is started using port 38795
2019-10-16 07:48:40,972 [Datanode State Machine Thread - 0] INFO  ozoneimpl.OzoneContainer (OzoneContainer.java:start(213)) - Attempting to start container services.
2019-10-16 07:48:40,973 [Datanode State Machine Thread - 0] INFO  ozoneimpl.OzoneContainer (OzoneContainer.java:startContainerScrub(177)) - Background container scanner has been disabled.
2019-10-16 07:48:40,973 [Datanode State Machine Thread - 0] INFO  ratis.XceiverServerRatis (XceiverServerRatis.java:start(418)) - Starting XceiverServerRatis 00430a6c-148f-42d2-bd35-49b9937462c3 at port 0
2019-10-16 07:48:40,984 [Datanode State Machine Thread - 0] INFO  impl.RaftServerProxy (RaftServerProxy.java:lambda$start$3(299)) - 00430a6c-148f-42d2-bd35-49b9937462c3: start RPC server
2019-10-16 07:48:40,989 [Datanode State Machine Thread - 0] INFO  server.GrpcService (GrpcService.java:startImpl(158)) - 00430a6c-148f-42d2-bd35-49b9937462c3: GrpcService started, listening on 0.0.0.0/0.0.0.0:40986
2019-10-16 07:48:40,989 [Datanode State Machine Thread - 0] INFO  ratis.XceiverServerRatis (XceiverServerRatis.java:start(428)) - XceiverServerRatis 00430a6c-148f-42d2-bd35-49b9937462c3 is started using port 40986
2019-10-16 07:48:40,993 [Datanode State Machine Thread - 0] INFO  server.XceiverServerGrpc (XceiverServerGrpc.java:start(149)) - XceiverServerGrpc 00430a6c-148f-42d2-bd35-49b9937462c3 is started using port 33382
2019-10-16 07:48:41,022 [main] INFO  ozone.MiniOzoneClusterImpl (MiniOzoneClusterImpl.java:lambda$waitForClusterToBeReady$0(147)) - Waiting for cluster to be ready. Got 0 of 10 DN Heartbeats.
2019-10-16 07:48:41,039 [Datanode State Machine Thread - 0] INFO  ozoneimpl.OzoneContainer (OzoneContainer.java:start(213)) - Attempting to start container services.
2019-10-16 07:48:41,039 [Datanode State Machine Thread - 0] INFO  ozoneimpl.OzoneContainer (OzoneContainer.java:startContainerScrub(177)) - Background container scanner has been disabled.
2019-10-16 07:48:41,039 [Datanode State Machine Thread - 0] INFO  ratis.XceiverServerRatis (XceiverServerRatis.java:start(418)) - Starting XceiverServerRatis 4ffee07d-169c-4709-8390-13e847b22477 at port 0
2019-10-16 07:48:41,049 [Datanode State Machine Thread - 0] INFO  impl.RaftServerProxy (RaftServerProxy.java:lambda$start$3(299)) - 4ffee07d-169c-4709-8390-13e847b22477: start RPC server
2019-10-16 07:48:41,053 [Datanode State Machine Thread - 0] INFO  server.GrpcService (GrpcService.java:startImpl(158)) - 4ffee07d-169c-4709-8390-13e847b22477: GrpcService started, listening on 0.0.0.0/0.0.0.0:45950
2019-10-16 07:48:41,054 [Datanode State Machine Thread - 0] INFO  ratis.XceiverServerRatis (XceiverServerRatis.java:start(428)) - XceiverServerRatis 4ffee07d-169c-4709-8390-13e847b22477 is started using port 45950
2019-10-16 07:48:41,097 [Datanode State Machine Thread - 0] INFO  server.XceiverServerGrpc (XceiverServerGrpc.java:start(149)) - XceiverServerGrpc 4ffee07d-169c-4709-8390-13e847b22477 is started using port 40584
2019-10-16 07:48:42,023 [main] INFO  ozone.MiniOzoneClusterImpl (MiniOzoneClusterImpl.java:lambda$waitForClusterToBeReady$0(147)) - Waiting for cluster to be ready. Got 0 of 10 DN Heartbeats.
2019-10-16 07:48:42,380 [IPC Server handler 3 on 37790] INFO  net.NetworkTopology (NetworkTopologyImpl.java:add(111)) - Added a new node: /default-rack/85034473-de92-432d-987c-753934731faa
2019-10-16 07:48:42,381 [IPC Server handler 3 on 37790] INFO  node.SCMNodeManager (SCMNodeManager.java:register(268)) - Registered Data node : 85034473-de92-432d-987c-753934731faa{ip: 192.168.34.43, host: pr-hdds-1737-dstl4-2900247166, networkLocation: /default-rack, certSerialId: null}
2019-10-16 07:48:42,385 [EventQueue-NodeRegistrationContainerReportForDataNodeSafeModeRule] INFO  safemode.SCMSafeModeManager (DataNodeSafeModeRule.java:process(71)) - SCM in safe mode. 1 DataNodes registered, 1 required.
2019-10-16 07:48:42,386 [EventQueue-NodeRegistrationContainerReportForDataNodeSafeModeRule] INFO  safemode.SCMSafeModeManager (SCMSafeModeManager.java:validateSafeModeExitRules(177)) - ScmSafeModeManager, all rules are successfully validated
2019-10-16 07:48:42,386 [EventQueue-NodeRegistrationContainerReportForDataNodeSafeModeRule] INFO  safemode.SCMSafeModeManager (SCMSafeModeManager.java:exitSafeMode(193)) - SCM exiting safe mode.
2019-10-16 07:48:42,413 [IPC Server handler 5 on 37790] INFO  net.NetworkTopology (NetworkTopologyImpl.java:add(111)) - Added a new node: /default-rack/3e390cd5-6e5f-4e4a-89b9-5d2d9c64b08e
2019-10-16 07:48:42,414 [IPC Server handler 5 on 37790] INFO  node.SCMNodeManager (SCMNodeManager.java:register(268)) - Registered Data node : 3e390cd5-6e5f-4e4a-89b9-5d2d9c64b08e{ip: 192.168.34.43, host: pr-hdds-1737-dstl4-2900247166, networkLocation: /default-rack, certSerialId: null}
2019-10-16 07:48:42,486 [IPC Server handler 4 on 37790] INFO  net.NetworkTopology (NetworkTopologyImpl.java:add(111)) - Added a new node: /default-rack/0230c08e-48f1-4f17-bace-004fbc1b55c4
2019-10-16 07:48:42,487 [IPC Server handler 4 on 37790] INFO  node.SCMNodeManager (SCMNodeManager.java:register(268)) - Registered Data node : 0230c08e-48f1-4f17-bace-004fbc1b55c4{ip: 192.168.34.43, host: pr-hdds-1737-dstl4-2900247166, networkLocation: /default-rack, certSerialId: null}
2019-10-16 07:48:42,557 [IPC Server handler 7 on 37790] INFO  net.NetworkTopology (NetworkTopologyImpl.java:add(111)) - Added a new node: /default-rack/34a4ce68-6cfa-4f54-b3e2-98c3134e5ebf
2019-10-16 07:48:42,557 [IPC Server handler 7 on 37790] INFO  node.SCMNodeManager (SCMNodeManager.java:register(268)) - Registered Data node : 34a4ce68-6cfa-4f54-b3e2-98c3134e5ebf{ip: 192.168.34.43, host: pr-hdds-1737-dstl4-2900247166, networkLocation: /default-rack, certSerialId: null}
2019-10-16 07:48:42,634 [IPC Server handler 6 on 37790] INFO  net.NetworkTopology (NetworkTopologyImpl.java:add(111)) - Added a new node: /default-rack/b906d628-5b11-472e-bef9-55c10a56a009
2019-10-16 07:48:42,634 [IPC Server handler 6 on 37790] INFO  node.SCMNodeManager (SCMNodeManager.java:register(268)) - Registered Data node : b906d628-5b11-472e-bef9-55c10a56a009{ip: 192.168.34.43, host: pr-hdds-1737-dstl4-2900247166, networkLocation: /default-rack, certSerialId: null}
2019-10-16 07:48:42,716 [IPC Server handler 8 on 37790] INFO  net.NetworkTopology (NetworkTopologyImpl.java:add(111)) - Added a new node: /default-rack/bbaedea4-0636-4a28-8969-ceb75fc90963
2019-10-16 07:48:42,717 [IPC Server handler 8 on 37790] INFO  node.SCMNodeManager (SCMNodeManager.java:register(268)) - Registered Data node : bbaedea4-0636-4a28-8969-ceb75fc90963{ip: 192.168.34.43, host: pr-hdds-1737-dstl4-2900247166, networkLocation: /default-rack, certSerialId: null}
2019-10-16 07:48:42,841 [IPC Server handler 9 on 37790] INFO  net.NetworkTopology (NetworkTopologyImpl.java:add(111)) - Added a new node: /default-rack/eb54e0f1-19f2-4eeb-9522-1404b62d70c1
2019-10-16 07:48:42,842 [IPC Server handler 9 on 37790] INFO  node.SCMNodeManager (SCMNodeManager.java:register(268)) - Registered Data node : eb54e0f1-19f2-4eeb-9522-1404b62d70c1{ip: 192.168.34.43, host: pr-hdds-1737-dstl4-2900247166, networkLocation: /default-rack, certSerialId: null}
2019-10-16 07:48:42,888 [IPC Server handler 1 on 37790] INFO  net.NetworkTopology (NetworkTopologyImpl.java:add(111)) - Added a new node: /default-rack/714d39c9-4cc1-42f5-8347-e0d6eca03bcd
2019-10-16 07:48:42,888 [IPC Server handler 1 on 37790] INFO  node.SCMNodeManager (SCMNodeManager.java:register(268)) - Registered Data node : 714d39c9-4cc1-42f5-8347-e0d6eca03bcd{ip: 192.168.34.43, host: pr-hdds-1737-dstl4-2900247166, networkLocation: /default-rack, certSerialId: null}
2019-10-16 07:48:42,957 [IPC Server handler 2 on 37790] INFO  net.NetworkTopology (NetworkTopologyImpl.java:add(111)) - Added a new node: /default-rack/00430a6c-148f-42d2-bd35-49b9937462c3
2019-10-16 07:48:42,957 [IPC Server handler 2 on 37790] INFO  node.SCMNodeManager (SCMNodeManager.java:register(268)) - Registered Data node : 00430a6c-148f-42d2-bd35-49b9937462c3{ip: 192.168.34.43, host: pr-hdds-1737-dstl4-2900247166, networkLocation: /default-rack, certSerialId: null}
2019-10-16 07:48:43,079 [main] INFO  ozone.MiniOzoneClusterImpl (MiniOzoneClusterImpl.java:lambda$waitForClusterToBeReady$0(147)) - Waiting for cluster to be ready. Got 9 of 10 DN Heartbeats.
2019-10-16 07:48:43,096 [IPC Server handler 3 on 37790] INFO  net.NetworkTopology (NetworkTopologyImpl.java:add(111)) - Added a new node: /default-rack/4ffee07d-169c-4709-8390-13e847b22477
2019-10-16 07:48:43,097 [IPC Server handler 3 on 37790] INFO  node.SCMNodeManager (SCMNodeManager.java:register(268)) - Registered Data node : 4ffee07d-169c-4709-8390-13e847b22477{ip: 192.168.34.43, host: pr-hdds-1737-dstl4-2900247166, networkLocation: /default-rack, certSerialId: null}
2019-10-16 07:48:43,152 [grpc-default-executor-0] INFO  impl.RaftServerProxy (RaftServerProxy.java:addNew(89)) - 85034473-de92-432d-987c-753934731faa: addNew group-645A53395989:[85034473-de92-432d-987c-753934731faa:192.168.34.43:42807] returns group-645A53395989:java.util.concurrent.CompletableFuture@408f35b[Not completed]
2019-10-16 07:48:43,172 [pool-27-thread-1] INFO  impl.RaftServerImpl (RaftServerImpl.java:<init>(104)) - 85034473-de92-432d-987c-753934731faa: new RaftServerImpl for group-645A53395989:[85034473-de92-432d-987c-753934731faa:192.168.34.43:42807] with ContainerStateMachine:uninitialized
2019-10-16 07:48:43,175 [pool-27-thread-1] INFO  server.RaftServerConfigKeys (ConfUtils.java:logGet(43)) - raft.server.rpc.timeout.min = 5s (custom)
2019-10-16 07:48:43,176 [pool-27-thread-1] INFO  server.RaftServerConfigKeys (ConfUtils.java:logGet(43)) - raft.server.rpc.timeout.max = 5200ms (custom)
2019-10-16 07:48:43,176 [pool-27-thread-1] INFO  server.RaftServerConfigKeys (ConfUtils.java:logGet(43)) - raft.server.rpcslowness.timeout = 120s (custom)
2019-10-16 07:48:43,177 [pool-27-thread-1] INFO  server.RaftServerConfigKeys (ConfUtils.java:logGet(43)) - raft.server.sleep.deviation.threshold = 300 (default)
2019-10-16 07:48:43,178 [pool-27-thread-1] INFO  server.RaftServerConfigKeys (ConfUtils.java:logGet(43)) - raft.server.log.appender.install.snapshot.enabled = false (custom)
2019-10-16 07:48:43,188 [pool-27-thread-1] INFO  impl.RaftServerImpl (ServerState.java:<init>(103)) - 85034473-de92-432d-987c-753934731faa@group-645A53395989: ConfigurationManager, init=-1: [85034473-de92-432d-987c-753934731faa:192.168.34.43:42807], old=null, confs=<EMPTY_MAP>
2019-10-16 07:48:43,189 [pool-27-thread-1] INFO  server.RaftServerConfigKeys (ConfUtils.java:logGet(43)) - raft.server.storage.dir = [/workdir/hadoop-ozone/integration-test/target/test-dir/MiniOzoneClusterImpl-09750a2c-58c2-4184-91d8-c66eda428939/datanode-0/data/ratis] (custom)
2019-10-16 07:48:43,197 [pool-27-thread-1] INFO  server.RaftServerConfigKeys (ConfUtils.java:logGet(43)) - raft.server.log.corruption.policy = EXCEPTION (default)
2019-10-16 07:48:43,199 [pool-27-thread-1] INFO  storage.RaftStorageDirectory (RaftStorageDirectory.java:analyzeStorage(246)) - The storage directory /workdir/hadoop-ozone/integration-test/target/test-dir/MiniOzoneClusterImpl-09750a2c-58c2-4184-91d8-c66eda428939/datanode-0/data/ratis/fa553e76-c187-40d1-ba1c-645a53395989 does not exist. Creating ...
2019-10-16 07:48:43,217 [pool-27-thread-1] INFO  storage.RaftStorageDirectory (RaftStorageDirectory.java:tryLock(328)) - Lock on /workdir/hadoop-ozone/integration-test/target/test-dir/MiniOzoneClusterImpl-09750a2c-58c2-4184-91d8-c66eda428939/datanode-0/data/ratis/fa553e76-c187-40d1-ba1c-645a53395989/in_use.lock acquired by nodename 7649@pr-hdds-1737-dstl4-2900247166
2019-10-16 07:48:43,234 [pool-27-thread-1] INFO  storage.RaftStorage (RaftStorage.java:format(84)) - Storage directory /workdir/hadoop-ozone/integration-test/target/test-dir/MiniOzoneClusterImpl-09750a2c-58c2-4184-91d8-c66eda428939/datanode-0/data/ratis/fa553e76-c187-40d1-ba1c-645a53395989 has been successfully formatted.
2019-10-16 07:48:43,236 [pool-27-thread-1] INFO  ratis.ContainerStateMachine (ContainerStateMachine.java:loadSnapshot(231)) - group-645A53395989: The snapshot info is null. Setting the last applied indexto:(t:0, i:~)
2019-10-16 07:48:43,237 [pool-27-thread-1] INFO  server.RaftServerConfigKeys (ConfUtils.java:logGet(43)) - raft.server.notification.no-leader.timeout = 120s (custom)
2019-10-16 07:48:43,239 [pool-27-thread-1] INFO  server.RaftServerConfigKeys (ConfUtils.java:logGet(43)) - raft.server.log.use.memory = false (default)
2019-10-16 07:48:43,246 [pool-27-thread-1] INFO  server.RaftServerConfigKeys (ConfUtils.java:logGet(43)) - raft.server.log.purge.gap = 1000000 (custom)
2019-10-16 07:48:43,246 [pool-27-thread-1] INFO  server.RaftServerConfigKeys (ConfUtils.java:logGet(43)) - raft.server.log.appender.buffer.byte-limit = 33554432 (custom)
2019-10-16 07:48:43,248 [pool-27-thread-1] INFO  server.RaftServerConfigKeys (ConfUtils.java:logGet(43)) - raft.server.log.segment.size.max = 1048576 (custom)
2019-10-16 07:48:43,251 [pool-27-thread-1] INFO  impl.MetricsSystemImpl (MetricsSystemImpl.java:init(158)) - ratis metrics system started (again)
2019-10-16 07:48:43,260 [pool-27-thread-1] INFO  metrics.MetricRegistries (MetricRegistriesLoader.java:load(64)) - Loaded MetricRegistries class org.apache.ratis.metrics.impl.MetricRegistriesImpl
2019-10-16 07:48:43,299 [pool-27-thread-1] INFO  server.RaftServerConfigKeys (ConfUtils.java:logGet(43)) - raft.server.log.segment.cache.num.max = 2 (custom)
2019-10-16 07:48:43,308 [pool-27-thread-1] INFO  segmented.SegmentedRaftLogWorker (SegmentedRaftLogWorker.java:<init>(173)) - new 85034473-de92-432d-987c-753934731faa@group-645A53395989-SegmentedRaftLogWorker for RaftStorage:Storage Directory /workdir/hadoop-ozone/integration-test/target/test-dir/MiniOzoneClusterImpl-09750a2c-58c2-4184-91d8-c66eda428939/datanode-0/data/ratis/fa553e76-c187-40d1-ba1c-645a53395989
2019-10-16 07:48:43,308 [pool-27-thread-1] INFO  server.RaftServerConfigKeys (ConfUtils.java:logGet(43)) - raft.server.log.queue.byte-limit = 2147483647 (custom)
2019-10-16 07:48:43,309 [pool-27-thread-1] INFO  server.RaftServerConfigKeys (ConfUtils.java:logGet(43)) - raft.server.log.queue.element-limit = 1024 (custom)
2019-10-16 07:48:43,311 [pool-27-thread-1] INFO  server.RaftServerConfigKeys (ConfUtils.java:logGet(43)) - raft.server.log.segment.size.max = 1048576 (custom)
2019-10-16 07:48:43,312 [pool-27-thread-1] INFO  server.RaftServerConfigKeys (ConfUtils.java:logGet(43)) - raft.server.log.preallocated.size = 16384 (custom)
2019-10-16 07:48:43,313 [pool-27-thread-1] INFO  server.RaftServerConfigKeys (ConfUtils.java:logGet(43)) - raft.server.log.write.buffer.size = 33554432 (custom)
2019-10-16 07:48:43,313 [pool-27-thread-1] INFO  server.RaftServerConfigKeys (ConfUtils.java:logGet(43)) - raft.server.log.force.sync.num = 128 (default)
2019-10-16 07:48:43,315 [pool-27-thread-1] INFO  server.RaftServerConfigKeys (ConfUtils.java:logGet(43)) - raft.server.log.statemachine.data.sync = true (default)
2019-10-16 07:48:43,315 [pool-27-thread-1] INFO  server.RaftServerConfigKeys (ConfUtils.java:logGet(43)) - raft.server.log.statemachine.data.sync.timeout = 10s (default)
2019-10-16 07:48:43,316 [pool-27-thread-1] INFO  server.RaftServerConfigKeys (ConfUtils.java:logGet(43)) - raft.server.log.statemachine.data.sync.timeout.retry = -1 (default)
2019-10-16 07:48:43,334 [pool-27-thread-1] INFO  server.RaftServerConfigKeys (ConfUtils.java:logGet(43)) - raft.server.log.statemachine.data.caching.enabled = true (custom)
2019-10-16 07:48:43,340 [pool-27-thread-1] INFO  segmented.SegmentedRaftLogWorker (SegmentedRaftLogWorker.java:lambda$new$0(128)) - 85034473-de92-432d-987c-753934731faa@group-645A53395989-SegmentedRaftLogWorker: flushIndex: setUnconditionally 0 -> -1
2019-10-16 07:48:43,346 [pool-27-thread-1] INFO  server.RaftServerConfigKeys (ConfUtils.java:logGet(43)) - raft.server.snapshot.auto.trigger.enabled = true (custom)
2019-10-16 07:48:43,347 [pool-27-thread-1] INFO  server.RaftServerConfigKeys (ConfUtils.java:logGet(43)) - raft.server.snapshot.auto.trigger.threshold = 10000 (custom)
2019-10-16 07:48:43,348 [pool-27-thread-1] INFO  server.RaftServerConfigKeys (ConfUtils.java:logGet(43)) - raft.server.snapshot.retention.file.num = 5 (custom)
2019-10-16 07:48:43,348 [pool-27-thread-1] INFO  server.RaftServerConfigKeys (ConfUtils.java:logGet(43)) - raft.server.retrycache.expirytime = 600000ms (custom)
2019-10-16 07:48:43,384 [pool-27-thread-1] INFO  impl.RaftServerImpl (RaftServerImpl.java:start(195)) - 85034473-de92-432d-987c-753934731faa@group-645A53395989: start as a follower, conf=-1: [85034473-de92-432d-987c-753934731faa:192.168.34.43:42807], old=null
2019-10-16 07:48:43,385 [pool-27-thread-1] INFO  impl.RaftServerImpl (RaftServerImpl.java:setRole(184)) - 85034473-de92-432d-987c-753934731faa@group-645A53395989: changes role from      null to FOLLOWER at term 0 for startAsFollower
2019-10-16 07:48:43,387 [pool-27-thread-1] INFO  impl.RoleInfo (RoleInfo.java:updateAndGet(143)) - 85034473-de92-432d-987c-753934731faa: start FollowerState
2019-10-16 07:48:43,389 [pool-27-thread-1] INFO  util.JmxRegister (JmxRegister.java:tryRegister(44)) - Successfully registered JMX Bean with object name Ratis:service=RaftServer,group=group-645A53395989,id=85034473-de92-432d-987c-753934731faa
2019-10-16 07:48:43,415 [Thread-285] INFO  impl.FollowerState (FollowerState.java:run(108)) - 85034473-de92-432d-987c-753934731faa@group-645A53395989-FollowerState: change to CANDIDATE, lastRpcTime:29ms, electionTimeout:28ms
2019-10-16 07:48:43,421 [Thread-285] INFO  impl.RoleInfo (RoleInfo.java:shutdownFollowerState(121)) - 85034473-de92-432d-987c-753934731faa: shutdown FollowerState
2019-10-16 07:48:43,423 [Thread-285] INFO  impl.RaftServerImpl (RaftServerImpl.java:setRole(184)) - 85034473-de92-432d-987c-753934731faa@group-645A53395989: changes role from  FOLLOWER to CANDIDATE at term 0 for changeToCandidate
2019-10-16 07:48:43,432 [Thread-285] INFO  impl.RoleInfo (RoleInfo.java:updateAndGet(143)) - 85034473-de92-432d-987c-753934731faa: start LeaderElection
2019-10-16 07:48:43,450 [85034473-de92-432d-987c-753934731faa@group-645A53395989-LeaderElection1] INFO  impl.LeaderElection (LeaderElection.java:askForVotes(178)) - 85034473-de92-432d-987c-753934731faa@group-645A53395989-LeaderElection1: begin an election at term 1 for -1: [85034473-de92-432d-987c-753934731faa:192.168.34.43:42807], old=null
2019-10-16 07:48:43,451 [85034473-de92-432d-987c-753934731faa@group-645A53395989-LeaderElection1] INFO  impl.RoleInfo (RoleInfo.java:shutdownLeaderElection(134)) - 85034473-de92-432d-987c-753934731faa: shutdown LeaderElection
2019-10-16 07:48:43,452 [85034473-de92-432d-987c-753934731faa@group-645A53395989-LeaderElection1] INFO  impl.RaftServerImpl (RaftServerImpl.java:setRole(184)) - 85034473-de92-432d-987c-753934731faa@group-645A53395989: changes role from CANDIDATE to LEADER at term 1 for changeToLeader
2019-10-16 07:48:43,452 [85034473-de92-432d-987c-753934731faa@group-645A53395989-LeaderElection1] INFO  impl.RaftServerImpl (ServerState.java:setLeader(256)) - 85034473-de92-432d-987c-753934731faa@group-645A53395989: change Leader from null to 85034473-de92-432d-987c-753934731faa at term 1 for becomeLeader, leader elected after 215ms
2019-10-16 07:48:43,459 [85034473-de92-432d-987c-753934731faa@group-645A53395989-LeaderElection1] INFO  server.RaftServerConfigKeys (ConfUtils.java:logGet(43)) - raft.server.staging.catchup.gap = 1000 (default)
2019-10-16 07:48:43,459 [85034473-de92-432d-987c-753934731faa@group-645A53395989-LeaderElection1] INFO  server.RaftServerConfigKeys (ConfUtils.java:logGet(43)) - raft.server.rpc.sleep.time = 25ms (default)
2019-10-16 07:48:43,465 [85034473-de92-432d-987c-753934731faa@group-645A53395989-LeaderElection1] INFO  server.RaftServerConfigKeys (ConfUtils.java:logGet(43)) - raft.server.write.element-limit = 4096 (default)
2019-10-16 07:48:43,468 [85034473-de92-432d-987c-753934731faa@group-645A53395989-LeaderElection1] INFO  server.RaftServerConfigKeys (ConfUtils.java:logGet(43)) - raft.server.watch.timeout = 10s (default)
2019-10-16 07:48:43,468 [85034473-de92-432d-987c-753934731faa@group-645A53395989-LeaderElection1] INFO  server.RaftServerConfigKeys (ConfUtils.java:logGet(43)) - raft.server.watch.timeout.denomination = 1s (default)
2019-10-16 07:48:43,469 [85034473-de92-432d-987c-753934731faa@group-645A53395989-LeaderElection1] INFO  server.RaftServerConfigKeys (ConfUtils.java:logGet(43)) - raft.server.watch.element-limit = 65536 (default)
2019-10-16 07:48:43,527 [RatisPipelineUtilsThread] INFO  pipeline.PipelineStateManager (PipelineStateManager.java:addPipeline(56)) - Created pipeline Pipeline[ Id: fa553e76-c187-40d1-ba1c-645a53395989, Nodes: 85034473-de92-432d-987c-753934731faa{ip: 192.168.34.43, host: pr-hdds-1737-dstl4-2900247166, networkLocation: /default-rack, certSerialId: null}, Type:RATIS, Factor:ONE, State:OPEN]
2019-10-16 07:48:43,527 [85034473-de92-432d-987c-753934731faa@group-645A53395989-LeaderElection1] INFO  impl.RoleInfo (RoleInfo.java:updateAndGet(143)) - 85034473-de92-432d-987c-753934731faa: start LeaderState
2019-10-16 07:48:43,549 [grpc-default-executor-0] INFO  impl.RaftServerProxy (RaftServerProxy.java:addNew(89)) - bbaedea4-0636-4a28-8969-ceb75fc90963: addNew group-63FB49AE640C:[bbaedea4-0636-4a28-8969-ceb75fc90963:192.168.34.43:39038] returns group-63FB49AE640C:java.util.concurrent.CompletableFuture@5d5110e1[Not completed]
2019-10-16 07:48:43,555 [pool-77-thread-1] INFO  impl.RaftServerImpl (RaftServerImpl.java:<init>(104)) - bbaedea4-0636-4a28-8969-ceb75fc90963: new RaftServerImpl for group-63FB49AE640C:[bbaedea4-0636-4a28-8969-ceb75fc90963:192.168.34.43:39038] with ContainerStateMachine:uninitialized
2019-10-16 07:48:43,556 [pool-77-thread-1] INFO  server.RaftServerConfigKeys (ConfUtils.java:logGet(43)) - raft.server.rpc.timeout.min = 5s (custom)
2019-10-16 07:48:43,556 [pool-77-thread-1] INFO  server.RaftServerConfigKeys (ConfUtils.java:logGet(43)) - raft.server.rpc.timeout.max = 5200ms (custom)
2019-10-16 07:48:43,556 [pool-77-thread-1] INFO  server.RaftServerConfigKeys (ConfUtils.java:logGet(43)) - raft.server.rpcslowness.timeout = 120s (custom)
2019-10-16 07:48:43,556 [pool-77-thread-1] INFO  server.RaftServerConfigKeys (ConfUtils.java:logGet(43)) - raft.server.sleep.deviation.threshold = 300 (default)
2019-10-16 07:48:43,556 [85034473-de92-432d-987c-753934731faa@group-645A53395989-LeaderElection1] INFO  segmented.SegmentedRaftLogWorker (SegmentedRaftLogWorker.java:startLogSegment(385)) - 85034473-de92-432d-987c-753934731faa@group-645A53395989-SegmentedRaftLogWorker: Starting segment from index:0
2019-10-16 07:48:43,557 [pool-77-thread-1] INFO  server.RaftServerConfigKeys (ConfUtils.java:logGet(43)) - raft.server.log.appender.install.snapshot.enabled = false (custom)
2019-10-16 07:48:43,557 [pool-77-thread-1] INFO  impl.RaftServerImpl (ServerState.java:<init>(103)) - bbaedea4-0636-4a28-8969-ceb75fc90963@group-63FB49AE640C: ConfigurationManager, init=-1: [bbaedea4-0636-4a28-8969-ceb75fc90963:192.168.34.43:39038], old=null, confs=<EMPTY_MAP>
2019-10-16 07:48:43,558 [pool-77-thread-1] INFO  server.RaftServerConfigKeys (ConfUtils.java:logGet(43)) - raft.server.storage.dir = [/workdir/hadoop-ozone/integration-test/target/test-dir/MiniOzoneClusterImpl-09750a2c-58c2-4184-91d8-c66eda428939/datanode-5/data/ratis] (custom)
2019-10-16 07:48:43,558 [pool-77-thread-1] INFO  server.RaftServerConfigKeys (ConfUtils.java:logGet(43)) - raft.server.log.corruption.policy = EXCEPTION (default)
2019-10-16 07:48:43,558 [pool-77-thread-1] INFO  storage.RaftStorageDirectory (RaftStorageDirectory.java:analyzeStorage(246)) - The storage directory /workdir/hadoop-ozone/integration-test/target/test-dir/MiniOzoneClusterImpl-09750a2c-58c2-4184-91d8-c66eda428939/datanode-5/data/ratis/da49b5c0-c2b4-4ce0-bc49-63fb49ae640c does not exist. Creating ...
2019-10-16 07:48:43,566 [85034473-de92-432d-987c-753934731faa@group-645A53395989-LeaderElection1] INFO  impl.RaftServerImpl (ServerState.java:setRaftConf(357)) - 85034473-de92-432d-987c-753934731faa@group-645A53395989: set configuration 0: [85034473-de92-432d-987c-753934731faa:192.168.34.43:42807], old=null at 0
2019-10-16 07:48:43,572 [pool-77-thread-1] INFO  storage.RaftStorageDirectory (RaftStorageDirectory.java:tryLock(328)) - Lock on /workdir/hadoop-ozone/integration-test/target/test-dir/MiniOzoneClusterImpl-09750a2c-58c2-4184-91d8-c66eda428939/datanode-5/data/ratis/da49b5c0-c2b4-4ce0-bc49-63fb49ae640c/in_use.lock acquired by nodename 7649@pr-hdds-1737-dstl4-2900247166
2019-10-16 07:48:43,586 [pool-77-thread-1] INFO  storage.RaftStorage (RaftStorage.java:format(84)) - Storage directory /workdir/hadoop-ozone/integration-test/target/test-dir/MiniOzoneClusterImpl-09750a2c-58c2-4184-91d8-c66eda428939/datanode-5/data/ratis/da49b5c0-c2b4-4ce0-bc49-63fb49ae640c has been successfully formatted.
2019-10-16 07:48:43,587 [pool-77-thread-1] INFO  ratis.ContainerStateMachine (ContainerStateMachine.java:loadSnapshot(231)) - group-63FB49AE640C: The snapshot info is null. Setting the last applied indexto:(t:0, i:~)
2019-10-16 07:48:43,588 [pool-77-thread-1] INFO  server.RaftServerConfigKeys (ConfUtils.java:logGet(43)) - raft.server.notification.no-leader.timeout = 120s (custom)
2019-10-16 07:48:43,588 [pool-77-thread-1] INFO  server.RaftServerConfigKeys (ConfUtils.java:logGet(43)) - raft.server.log.use.memory = false (default)
2019-10-16 07:48:43,589 [pool-77-thread-1] INFO  server.RaftServerConfigKeys (ConfUtils.java:logGet(43)) - raft.server.log.purge.gap = 1000000 (custom)
2019-10-16 07:48:43,589 [pool-77-thread-1] INFO  server.RaftServerConfigKeys (ConfUtils.java:logGet(43)) - raft.server.log.appender.buffer.byte-limit = 33554432 (custom)
2019-10-16 07:48:43,589 [pool-77-thread-1] INFO  server.RaftServerConfigKeys (ConfUtils.java:logGet(43)) - raft.server.log.segment.size.max = 1048576 (custom)
2019-10-16 07:48:43,628 [pool-77-thread-1] INFO  server.RaftServerConfigKeys (ConfUtils.java:logGet(43)) - raft.server.log.segment.cache.num.max = 2 (custom)
2019-10-16 07:48:43,628 [pool-77-thread-1] INFO  segmented.SegmentedRaftLogWorker (SegmentedRaftLogWorker.java:<init>(173)) - new bbaedea4-0636-4a28-8969-ceb75fc90963@group-63FB49AE640C-SegmentedRaftLogWorker for RaftStorage:Storage Directory /workdir/hadoop-ozone/integration-test/target/test-dir/MiniOzoneClusterImpl-09750a2c-58c2-4184-91d8-c66eda428939/datanode-5/data/ratis/da49b5c0-c2b4-4ce0-bc49-63fb49ae640c
2019-10-16 07:48:43,628 [pool-77-thread-1] INFO  server.RaftServerConfigKeys (ConfUtils.java:logGet(43)) - raft.server.log.queue.byte-limit = 2147483647 (custom)
2019-10-16 07:48:43,628 [pool-77-thread-1] INFO  server.RaftServerConfigKeys (ConfUtils.java:logGet(43)) - raft.server.log.queue.element-limit = 1024 (custom)
2019-10-16 07:48:43,628 [pool-77-thread-1] INFO  server.RaftServerConfigKeys (ConfUtils.java:logGet(43)) - raft.server.log.segment.size.max = 1048576 (custom)
2019-10-16 07:48:43,628 [pool-77-thread-1] INFO  server.RaftServerConfigKeys (ConfUtils.java:logGet(43)) - raft.server.log.preallocated.size = 16384 (custom)
2019-10-16 07:48:43,629 [pool-77-thread-1] INFO  server.RaftServerConfigKeys (ConfUtils.java:logGet(43)) - raft.server.log.write.buffer.size = 33554432 (custom)
2019-10-16 07:48:43,629 [pool-77-thread-1] INFO  server.RaftServerConfigKeys (ConfUtils.java:logGet(43)) - raft.server.log.force.sync.num = 128 (default)
2019-10-16 07:48:43,629 [pool-77-thread-1] INFO  server.RaftServerConfigKeys (ConfUtils.java:logGet(43)) - raft.server.log.statemachine.data.sync = true (default)
2019-10-16 07:48:43,629 [pool-77-thread-1] INFO  server.RaftServerConfigKeys (ConfUtils.java:logGet(43)) - raft.server.log.statemachine.data.sync.timeout = 10s (default)
2019-10-16 07:48:43,629 [pool-77-thread-1] INFO  server.RaftServerConfigKeys (ConfUtils.java:logGet(43)) - raft.server.log.statemachine.data.sync.timeout.retry = -1 (default)
2019-10-16 07:48:43,630 [pool-77-thread-1] INFO  server.RaftServerConfigKeys (ConfUtils.java:logGet(43)) - raft.server.log.statemachine.data.caching.enabled = true (custom)
2019-10-16 07:48:43,631 [pool-77-thread-1] INFO  segmented.SegmentedRaftLogWorker (SegmentedRaftLogWorker.java:lambda$new$0(128)) - bbaedea4-0636-4a28-8969-ceb75fc90963@group-63FB49AE640C-SegmentedRaftLogWorker: flushIndex: setUnconditionally 0 -> -1
2019-10-16 07:48:43,631 [pool-77-thread-1] INFO  server.RaftServerConfigKeys (ConfUtils.java:logGet(43)) - raft.server.snapshot.auto.trigger.enabled = true (custom)
2019-10-16 07:48:43,631 [pool-77-thread-1] INFO  server.RaftServerConfigKeys (ConfUtils.java:logGet(43)) - raft.server.snapshot.auto.trigger.threshold = 10000 (custom)
2019-10-16 07:48:43,631 [pool-77-thread-1] INFO  server.RaftServerConfigKeys (ConfUtils.java:logGet(43)) - raft.server.snapshot.retention.file.num = 5 (custom)
2019-10-16 07:48:43,632 [pool-77-thread-1] INFO  server.RaftServerConfigKeys (ConfUtils.java:logGet(43)) - raft.server.retrycache.expirytime = 600000ms (custom)
2019-10-16 07:48:43,641 [pool-77-thread-1] INFO  impl.RaftServerImpl (RaftServerImpl.java:start(195)) - bbaedea4-0636-4a28-8969-ceb75fc90963@group-63FB49AE640C: start as a follower, conf=-1: [bbaedea4-0636-4a28-8969-ceb75fc90963:192.168.34.43:39038], old=null
2019-10-16 07:48:43,641 [pool-77-thread-1] INFO  impl.RaftServerImpl (RaftServerImpl.java:setRole(184)) - bbaedea4-0636-4a28-8969-ceb75fc90963@group-63FB49AE640C: changes role from      null to FOLLOWER at term 0 for startAsFollower
2019-10-16 07:48:43,641 [pool-77-thread-1] INFO  impl.RoleInfo (RoleInfo.java:updateAndGet(143)) - bbaedea4-0636-4a28-8969-ceb75fc90963: start FollowerState
2019-10-16 07:48:43,642 [pool-77-thread-1] INFO  util.JmxRegister (JmxRegister.java:tryRegister(44)) - Successfully registered JMX Bean with object name Ratis:service=RaftServer,group=group-63FB49AE640C,id=bbaedea4-0636-4a28-8969-ceb75fc90963
2019-10-16 07:48:43,664 [RatisPipelineUtilsThread] INFO  pipeline.PipelineStateManager (PipelineStateManager.java:addPipeline(56)) - Created pipeline Pipeline[ Id: da49b5c0-c2b4-4ce0-bc49-63fb49ae640c, Nodes: bbaedea4-0636-4a28-8969-ceb75fc90963{ip: 192.168.34.43, host: pr-hdds-1737-dstl4-2900247166, networkLocation: /default-rack, certSerialId: null}, Type:RATIS, Factor:ONE, State:OPEN]
2019-10-16 07:48:43,684 [grpc-default-executor-0] INFO  impl.RaftServerProxy (RaftServerProxy.java:addNew(89)) - 34a4ce68-6cfa-4f54-b3e2-98c3134e5ebf: addNew group-3D1171E372F4:[34a4ce68-6cfa-4f54-b3e2-98c3134e5ebf:192.168.34.43:41110] returns group-3D1171E372F4:java.util.concurrent.CompletableFuture@30431981[Not completed]
2019-10-16 07:48:43,702 [pool-57-thread-1] INFO  impl.RaftServerImpl (RaftServerImpl.java:<init>(104)) - 34a4ce68-6cfa-4f54-b3e2-98c3134e5ebf: new RaftServerImpl for group-3D1171E372F4:[34a4ce68-6cfa-4f54-b3e2-98c3134e5ebf:192.168.34.43:41110] with ContainerStateMachine:uninitialized
2019-10-16 07:48:43,702 [pool-57-thread-1] INFO  server.RaftServerConfigKeys (ConfUtils.java:logGet(43)) - raft.server.rpc.timeout.min = 5s (custom)
2019-10-16 07:48:43,702 [pool-57-thread-1] INFO  server.RaftServerConfigKeys (ConfUtils.java:logGet(43)) - raft.server.rpc.timeout.max = 5200ms (custom)
2019-10-16 07:48:43,702 [pool-57-thread-1] INFO  server.RaftServerConfigKeys (ConfUtils.java:logGet(43)) - raft.server.rpcslowness.timeout = 120s (custom)
2019-10-16 07:48:43,702 [pool-57-thread-1] INFO  server.RaftServerConfigKeys (ConfUtils.java:logGet(43)) - raft.server.sleep.deviation.threshold = 300 (default)
2019-10-16 07:48:43,703 [pool-57-thread-1] INFO  server.RaftServerConfigKeys (ConfUtils.java:logGet(43)) - raft.server.log.appender.install.snapshot.enabled = false (custom)
2019-10-16 07:48:43,703 [pool-57-thread-1] INFO  impl.RaftServerImpl (ServerState.java:<init>(103)) - 34a4ce68-6cfa-4f54-b3e2-98c3134e5ebf@group-3D1171E372F4: ConfigurationManager, init=-1: [34a4ce68-6cfa-4f54-b3e2-98c3134e5ebf:192.168.34.43:41110], old=null, confs=<EMPTY_MAP>
2019-10-16 07:48:43,703 [pool-57-thread-1] INFO  server.RaftServerConfigKeys (ConfUtils.java:logGet(43)) - raft.server.storage.dir = [/workdir/hadoop-ozone/integration-test/target/test-dir/MiniOzoneClusterImpl-09750a2c-58c2-4184-91d8-c66eda428939/datanode-3/data/ratis] (custom)
2019-10-16 07:48:43,704 [pool-57-thread-1] INFO  server.RaftServerConfigKeys (ConfUtils.java:logGet(43)) - raft.server.log.corruption.policy = EXCEPTION (default)
2019-10-16 07:48:43,704 [pool-57-thread-1] INFO  storage.RaftStorageDirectory (RaftStorageDirectory.java:analyzeStorage(246)) - The storage directory /workdir/hadoop-ozone/integration-test/target/test-dir/MiniOzoneClusterImpl-09750a2c-58c2-4184-91d8-c66eda428939/datanode-3/data/ratis/5bbf9383-decf-4e63-8d7c-3d1171e372f4 does not exist. Creating ...
2019-10-16 07:48:43,717 [pool-57-thread-1] INFO  storage.RaftStorageDirectory (RaftStorageDirectory.java:tryLock(328)) - Lock on /workdir/hadoop-ozone/integration-test/target/test-dir/MiniOzoneClusterImpl-09750a2c-58c2-4184-91d8-c66eda428939/datanode-3/data/ratis/5bbf9383-decf-4e63-8d7c-3d1171e372f4/in_use.lock acquired by nodename 7649@pr-hdds-1737-dstl4-2900247166
2019-10-16 07:48:43,730 [pool-57-thread-1] INFO  storage.RaftStorage (RaftStorage.java:format(84)) - Storage directory /workdir/hadoop-ozone/integration-test/target/test-dir/MiniOzoneClusterImpl-09750a2c-58c2-4184-91d8-c66eda428939/datanode-3/data/ratis/5bbf9383-decf-4e63-8d7c-3d1171e372f4 has been successfully formatted.
2019-10-16 07:48:43,730 [pool-57-thread-1] INFO  ratis.ContainerStateMachine (ContainerStateMachine.java:loadSnapshot(231)) - group-3D1171E372F4: The snapshot info is null. Setting the last applied indexto:(t:0, i:~)
2019-10-16 07:48:43,730 [pool-57-thread-1] INFO  server.RaftServerConfigKeys (ConfUtils.java:logGet(43)) - raft.server.notification.no-leader.timeout = 120s (custom)
2019-10-16 07:48:43,731 [pool-57-thread-1] INFO  server.RaftServerConfigKeys (ConfUtils.java:logGet(43)) - raft.server.log.use.memory = false (default)
2019-10-16 07:48:43,731 [pool-57-thread-1] INFO  server.RaftServerConfigKeys (ConfUtils.java:logGet(43)) - raft.server.log.purge.gap = 1000000 (custom)
2019-10-16 07:48:43,731 [pool-57-thread-1] INFO  server.RaftServerConfigKeys (ConfUtils.java:logGet(43)) - raft.server.log.appender.buffer.byte-limit = 33554432 (custom)
2019-10-16 07:48:43,731 [pool-57-thread-1] INFO  server.RaftServerConfigKeys (ConfUtils.java:logGet(43)) - raft.server.log.segment.size.max = 1048576 (custom)
2019-10-16 07:48:43,735 [pool-57-thread-1] INFO  server.RaftServerConfigKeys (ConfUtils.java:logGet(43)) - raft.server.log.segment.cache.num.max = 2 (custom)
2019-10-16 07:48:43,735 [pool-57-thread-1] INFO  segmented.SegmentedRaftLogWorker (SegmentedRaftLogWorker.java:<init>(173)) - new 34a4ce68-6cfa-4f54-b3e2-98c3134e5ebf@group-3D1171E372F4-SegmentedRaftLogWorker for RaftStorage:Storage Directory /workdir/hadoop-ozone/integration-test/target/test-dir/MiniOzoneClusterImpl-09750a2c-58c2-4184-91d8-c66eda428939/datanode-3/data/ratis/5bbf9383-decf-4e63-8d7c-3d1171e372f4
2019-10-16 07:48:43,736 [pool-57-thread-1] INFO  server.RaftServerConfigKeys (ConfUtils.java:logGet(43)) - raft.server.log.queue.byte-limit = 2147483647 (custom)
2019-10-16 07:48:43,736 [pool-57-thread-1] INFO  server.RaftServerConfigKeys (ConfUtils.java:logGet(43)) - raft.server.log.queue.element-limit = 1024 (custom)
2019-10-16 07:48:43,736 [pool-57-thread-1] INFO  server.RaftServerConfigKeys (ConfUtils.java:logGet(43)) - raft.server.log.segment.size.max = 1048576 (custom)
2019-10-16 07:48:43,736 [pool-57-thread-1] INFO  server.RaftServerConfigKeys (ConfUtils.java:logGet(43)) - raft.server.log.preallocated.size = 16384 (custom)
2019-10-16 07:48:43,736 [pool-57-thread-1] INFO  server.RaftServerConfigKeys (ConfUtils.java:logGet(43)) - raft.server.log.write.buffer.size = 33554432 (custom)
2019-10-16 07:48:43,736 [pool-57-thread-1] INFO  server.RaftServerConfigKeys (ConfUtils.java:logGet(43)) - raft.server.log.force.sync.num = 128 (default)
2019-10-16 07:48:43,736 [pool-57-thread-1] INFO  server.RaftServerConfigKeys (ConfUtils.java:logGet(43)) - raft.server.log.statemachine.data.sync = true (default)
2019-10-16 07:48:43,737 [pool-57-thread-1] INFO  server.RaftServerConfigKeys (ConfUtils.java:logGet(43)) - raft.server.log.statemachine.data.sync.timeout = 10s (default)
2019-10-16 07:48:43,737 [pool-57-thread-1] INFO  server.RaftServerConfigKeys (ConfUtils.java:logGet(43)) - raft.server.log.statemachine.data.sync.timeout.retry = -1 (default)
2019-10-16 07:48:43,737 [pool-57-thread-1] INFO  server.RaftServerConfigKeys (ConfUtils.java:logGet(43)) - raft.server.log.statemachine.data.caching.enabled = true (custom)
2019-10-16 07:48:43,738 [pool-57-thread-1] INFO  segmented.SegmentedRaftLogWorker (SegmentedRaftLogWorker.java:lambda$new$0(128)) - 34a4ce68-6cfa-4f54-b3e2-98c3134e5ebf@group-3D1171E372F4-SegmentedRaftLogWorker: flushIndex: setUnconditionally 0 -> -1
2019-10-16 07:48:43,738 [pool-57-thread-1] INFO  server.RaftServerConfigKeys (ConfUtils.java:logGet(43)) - raft.server.snapshot.auto.trigger.enabled = true (custom)
2019-10-16 07:48:43,738 [pool-57-thread-1] INFO  server.RaftServerConfigKeys (ConfUtils.java:logGet(43)) - raft.server.snapshot.auto.trigger.threshold = 10000 (custom)
2019-10-16 07:48:43,738 [pool-57-thread-1] INFO  server.RaftServerConfigKeys (ConfUtils.java:logGet(43)) - raft.server.snapshot.retention.file.num = 5 (custom)
2019-10-16 07:48:43,739 [pool-57-thread-1] INFO  server.RaftServerConfigKeys (ConfUtils.java:logGet(43)) - raft.server.retrycache.expirytime = 600000ms (custom)
2019-10-16 07:48:43,745 [pool-57-thread-1] INFO  impl.RaftServerImpl (RaftServerImpl.java:start(195)) - 34a4ce68-6cfa-4f54-b3e2-98c3134e5ebf@group-3D1171E372F4: start as a follower, conf=-1: [34a4ce68-6cfa-4f54-b3e2-98c3134e5ebf:192.168.34.43:41110], old=null
2019-10-16 07:48:43,746 [pool-57-thread-1] INFO  impl.RaftServerImpl (RaftServerImpl.java:setRole(184)) - 34a4ce68-6cfa-4f54-b3e2-98c3134e5ebf@group-3D1171E372F4: changes role from      null to FOLLOWER at term 0 for startAsFollower
2019-10-16 07:48:43,746 [pool-57-thread-1] INFO  impl.RoleInfo (RoleInfo.java:updateAndGet(143)) - 34a4ce68-6cfa-4f54-b3e2-98c3134e5ebf: start FollowerState
2019-10-16 07:48:43,747 [pool-57-thread-1] INFO  util.JmxRegister (JmxRegister.java:tryRegister(44)) - Successfully registered JMX Bean with object name Ratis:service=RaftServer,group=group-3D1171E372F4,id=34a4ce68-6cfa-4f54-b3e2-98c3134e5ebf
2019-10-16 07:48:43,767 [RatisPipelineUtilsThread] INFO  pipeline.PipelineStateManager (PipelineStateManager.java:addPipeline(56)) - Created pipeline Pipeline[ Id: 5bbf9383-decf-4e63-8d7c-3d1171e372f4, Nodes: 34a4ce68-6cfa-4f54-b3e2-98c3134e5ebf{ip: 192.168.34.43, host: pr-hdds-1737-dstl4-2900247166, networkLocation: /default-rack, certSerialId: null}, Type:RATIS, Factor:ONE, State:OPEN]
2019-10-16 07:48:43,792 [grpc-default-executor-0] INFO  impl.RaftServerProxy (RaftServerProxy.java:addNew(89)) - 0230c08e-48f1-4f17-bace-004fbc1b55c4: addNew group-BD69682C3C98:[0230c08e-48f1-4f17-bace-004fbc1b55c4:192.168.34.43:40481] returns group-BD69682C3C98:java.util.concurrent.CompletableFuture@27c096bd[Not completed]
2019-10-16 07:48:43,797 [Thread-290] INFO  impl.FollowerState (FollowerState.java:run(108)) - bbaedea4-0636-4a28-8969-ceb75fc90963@group-63FB49AE640C-FollowerState: change to CANDIDATE, lastRpcTime:155ms, electionTimeout:154ms
2019-10-16 07:48:43,797 [pool-47-thread-1] INFO  impl.RaftServerImpl (RaftServerImpl.java:<init>(104)) - 0230c08e-48f1-4f17-bace-004fbc1b55c4: new RaftServerImpl for group-BD69682C3C98:[0230c08e-48f1-4f17-bace-004fbc1b55c4:192.168.34.43:40481] with ContainerStateMachine:uninitialized
2019-10-16 07:48:43,797 [Thread-290] INFO  impl.RoleInfo (RoleInfo.java:shutdownFollowerState(121)) - bbaedea4-0636-4a28-8969-ceb75fc90963: shutdown FollowerState
2019-10-16 07:48:43,797 [pool-47-thread-1] INFO  server.RaftServerConfigKeys (ConfUtils.java:logGet(43)) - raft.server.rpc.timeout.min = 5s (custom)
2019-10-16 07:48:43,797 [Thread-290] INFO  impl.RaftServerImpl (RaftServerImpl.java:setRole(184)) - bbaedea4-0636-4a28-8969-ceb75fc90963@group-63FB49AE640C: changes role from  FOLLOWER to CANDIDATE at term 0 for changeToCandidate
2019-10-16 07:48:43,797 [pool-47-thread-1] INFO  server.RaftServerConfigKeys (ConfUtils.java:logGet(43)) - raft.server.rpc.timeout.max = 5200ms (custom)
2019-10-16 07:48:43,797 [Thread-290] INFO  impl.RoleInfo (RoleInfo.java:updateAndGet(143)) - bbaedea4-0636-4a28-8969-ceb75fc90963: start LeaderElection
2019-10-16 07:48:43,798 [pool-47-thread-1] INFO  server.RaftServerConfigKeys (ConfUtils.java:logGet(43)) - raft.server.rpcslowness.timeout = 120s (custom)
2019-10-16 07:48:43,798 [pool-47-thread-1] INFO  server.RaftServerConfigKeys (ConfUtils.java:logGet(43)) - raft.server.sleep.deviation.threshold = 300 (default)
2019-10-16 07:48:43,798 [pool-47-thread-1] INFO  server.RaftServerConfigKeys (ConfUtils.java:logGet(43)) - raft.server.log.appender.install.snapshot.enabled = false (custom)
2019-10-16 07:48:43,800 [pool-47-thread-1] INFO  impl.RaftServerImpl (ServerState.java:<init>(103)) - 0230c08e-48f1-4f17-bace-004fbc1b55c4@group-BD69682C3C98: ConfigurationManager, init=-1: [0230c08e-48f1-4f17-bace-004fbc1b55c4:192.168.34.43:40481], old=null, confs=<EMPTY_MAP>
2019-10-16 07:48:43,802 [pool-47-thread-1] INFO  server.RaftServerConfigKeys (ConfUtils.java:logGet(43)) - raft.server.storage.dir = [/workdir/hadoop-ozone/integration-test/target/test-dir/MiniOzoneClusterImpl-09750a2c-58c2-4184-91d8-c66eda428939/datanode-2/data/ratis] (custom)
2019-10-16 07:48:43,802 [pool-47-thread-1] INFO  server.RaftServerConfigKeys (ConfUtils.java:logGet(43)) - raft.server.log.corruption.policy = EXCEPTION (default)
2019-10-16 07:48:43,802 [pool-47-thread-1] INFO  storage.RaftStorageDirectory (RaftStorageDirectory.java:analyzeStorage(246)) - The storage directory /workdir/hadoop-ozone/integration-test/target/test-dir/MiniOzoneClusterImpl-09750a2c-58c2-4184-91d8-c66eda428939/datanode-2/data/ratis/93f74358-7492-41af-b4c9-bd69682c3c98 does not exist. Creating ...
2019-10-16 07:48:43,815 [pool-47-thread-1] INFO  storage.RaftStorageDirectory (RaftStorageDirectory.java:tryLock(328)) - Lock on /workdir/hadoop-ozone/integration-test/target/test-dir/MiniOzoneClusterImpl-09750a2c-58c2-4184-91d8-c66eda428939/datanode-2/data/ratis/93f74358-7492-41af-b4c9-bd69682c3c98/in_use.lock acquired by nodename 7649@pr-hdds-1737-dstl4-2900247166
2019-10-16 07:48:43,815 [bbaedea4-0636-4a28-8969-ceb75fc90963@group-63FB49AE640C-LeaderElection2] INFO  impl.LeaderElection (LeaderElection.java:askForVotes(178)) - bbaedea4-0636-4a28-8969-ceb75fc90963@group-63FB49AE640C-LeaderElection2: begin an election at term 1 for -1: [bbaedea4-0636-4a28-8969-ceb75fc90963:192.168.34.43:39038], old=null
2019-10-16 07:48:43,816 [bbaedea4-0636-4a28-8969-ceb75fc90963@group-63FB49AE640C-LeaderElection2] INFO  impl.RoleInfo (RoleInfo.java:shutdownLeaderElection(134)) - bbaedea4-0636-4a28-8969-ceb75fc90963: shutdown LeaderElection
2019-10-16 07:48:43,816 [bbaedea4-0636-4a28-8969-ceb75fc90963@group-63FB49AE640C-LeaderElection2] INFO  impl.RaftServerImpl (RaftServerImpl.java:setRole(184)) - bbaedea4-0636-4a28-8969-ceb75fc90963@group-63FB49AE640C: changes role from CANDIDATE to LEADER at term 1 for changeToLeader
2019-10-16 07:48:43,816 [bbaedea4-0636-4a28-8969-ceb75fc90963@group-63FB49AE640C-LeaderElection2] INFO  impl.RaftServerImpl (ServerState.java:setLeader(256)) - bbaedea4-0636-4a28-8969-ceb75fc90963@group-63FB49AE640C: change Leader from null to bbaedea4-0636-4a28-8969-ceb75fc90963 at term 1 for becomeLeader, leader elected after 227ms
2019-10-16 07:48:43,817 [bbaedea4-0636-4a28-8969-ceb75fc90963@group-63FB49AE640C-LeaderElection2] INFO  server.RaftServerConfigKeys (ConfUtils.java:logGet(43)) - raft.server.staging.catchup.gap = 1000 (default)
2019-10-16 07:48:43,817 [bbaedea4-0636-4a28-8969-ceb75fc90963@group-63FB49AE640C-LeaderElection2] INFO  server.RaftServerConfigKeys (ConfUtils.java:logGet(43)) - raft.server.rpc.sleep.time = 25ms (default)
2019-10-16 07:48:43,818 [bbaedea4-0636-4a28-8969-ceb75fc90963@group-63FB49AE640C-LeaderElection2] INFO  server.RaftServerConfigKeys (ConfUtils.java:logGet(43)) - raft.server.write.element-limit = 4096 (default)
2019-10-16 07:48:43,818 [bbaedea4-0636-4a28-8969-ceb75fc90963@group-63FB49AE640C-LeaderElection2] INFO  server.RaftServerConfigKeys (ConfUtils.java:logGet(43)) - raft.server.watch.timeout = 10s (default)
2019-10-16 07:48:43,818 [bbaedea4-0636-4a28-8969-ceb75fc90963@group-63FB49AE640C-LeaderElection2] INFO  server.RaftServerConfigKeys (ConfUtils.java:logGet(43)) - raft.server.watch.timeout.denomination = 1s (default)
2019-10-16 07:48:43,818 [bbaedea4-0636-4a28-8969-ceb75fc90963@group-63FB49AE640C-LeaderElection2] INFO  server.RaftServerConfigKeys (ConfUtils.java:logGet(43)) - raft.server.watch.element-limit = 65536 (default)
2019-10-16 07:48:43,822 [bbaedea4-0636-4a28-8969-ceb75fc90963@group-63FB49AE640C-LeaderElection2] INFO  impl.RoleInfo (RoleInfo.java:updateAndGet(143)) - bbaedea4-0636-4a28-8969-ceb75fc90963: start LeaderState
2019-10-16 07:48:43,823 [bbaedea4-0636-4a28-8969-ceb75fc90963@group-63FB49AE640C-LeaderElection2] INFO  segmented.SegmentedRaftLogWorker (SegmentedRaftLogWorker.java:startLogSegment(385)) - bbaedea4-0636-4a28-8969-ceb75fc90963@group-63FB49AE640C-SegmentedRaftLogWorker: Starting segment from index:0
2019-10-16 07:48:43,823 [bbaedea4-0636-4a28-8969-ceb75fc90963@group-63FB49AE640C-LeaderElection2] INFO  impl.RaftServerImpl (ServerState.java:setRaftConf(357)) - bbaedea4-0636-4a28-8969-ceb75fc90963@group-63FB49AE640C: set configuration 0: [bbaedea4-0636-4a28-8969-ceb75fc90963:192.168.34.43:39038], old=null at 0
2019-10-16 07:48:43,864 [Thread-293] INFO  impl.FollowerState (FollowerState.java:run(108)) - 34a4ce68-6cfa-4f54-b3e2-98c3134e5ebf@group-3D1171E372F4-FollowerState: change to CANDIDATE, lastRpcTime:117ms, electionTimeout:115ms
2019-10-16 07:48:43,865 [Thread-293] INFO  impl.RoleInfo (RoleInfo.java:shutdownFollowerState(121)) - 34a4ce68-6cfa-4f54-b3e2-98c3134e5ebf: shutdown FollowerState
2019-10-16 07:48:43,866 [Thread-293] INFO  impl.RaftServerImpl (RaftServerImpl.java:setRole(184)) - 34a4ce68-6cfa-4f54-b3e2-98c3134e5ebf@group-3D1171E372F4: changes role from  FOLLOWER to CANDIDATE at term 0 for changeToCandidate
2019-10-16 07:48:43,866 [Thread-293] INFO  impl.RoleInfo (RoleInfo.java:updateAndGet(143)) - 34a4ce68-6cfa-4f54-b3e2-98c3134e5ebf: start LeaderElection
2019-10-16 07:48:43,866 [pool-47-thread-1] INFO  storage.RaftStorage (RaftStorage.java:format(84)) - Storage directory /workdir/hadoop-ozone/integration-test/target/test-dir/MiniOzoneClusterImpl-09750a2c-58c2-4184-91d8-c66eda428939/datanode-2/data/ratis/93f74358-7492-41af-b4c9-bd69682c3c98 has been successfully formatted.
2019-10-16 07:48:43,869 [pool-47-thread-1] INFO  ratis.ContainerStateMachine (ContainerStateMachine.java:loadSnapshot(231)) - group-BD69682C3C98: The snapshot info is null. Setting the last applied indexto:(t:0, i:~)
2019-10-16 07:48:43,869 [pool-47-thread-1] INFO  server.RaftServerConfigKeys (ConfUtils.java:logGet(43)) - raft.server.notification.no-leader.timeout = 120s (custom)
2019-10-16 07:48:43,870 [pool-47-thread-1] INFO  server.RaftServerConfigKeys (ConfUtils.java:logGet(43)) - raft.server.log.use.memory = false (default)
2019-10-16 07:48:43,870 [pool-47-thread-1] INFO  server.RaftServerConfigKeys (ConfUtils.java:logGet(43)) - raft.server.log.purge.gap = 1000000 (custom)
2019-10-16 07:48:43,870 [pool-47-thread-1] INFO  server.RaftServerConfigKeys (ConfUtils.java:logGet(43)) - raft.server.log.appender.buffer.byte-limit = 33554432 (custom)
2019-10-16 07:48:43,870 [pool-47-thread-1] INFO  server.RaftServerConfigKeys (ConfUtils.java:logGet(43)) - raft.server.log.segment.size.max = 1048576 (custom)
2019-10-16 07:48:43,873 [pool-47-thread-1] INFO  server.RaftServerConfigKeys (ConfUtils.java:logGet(43)) - raft.server.log.segment.cache.num.max = 2 (custom)
2019-10-16 07:48:43,873 [pool-47-thread-1] INFO  segmented.SegmentedRaftLogWorker (SegmentedRaftLogWorker.java:<init>(173)) - new 0230c08e-48f1-4f17-bace-004fbc1b55c4@group-BD69682C3C98-SegmentedRaftLogWorker for RaftStorage:Storage Directory /workdir/hadoop-ozone/integration-test/target/test-dir/MiniOzoneClusterImpl-09750a2c-58c2-4184-91d8-c66eda428939/datanode-2/data/ratis/93f74358-7492-41af-b4c9-bd69682c3c98
2019-10-16 07:48:43,873 [pool-47-thread-1] INFO  server.RaftServerConfigKeys (ConfUtils.java:logGet(43)) - raft.server.log.queue.byte-limit = 2147483647 (custom)
2019-10-16 07:48:43,873 [pool-47-thread-1] INFO  server.RaftServerConfigKeys (ConfUtils.java:logGet(43)) - raft.server.log.queue.element-limit = 1024 (custom)
2019-10-16 07:48:43,873 [pool-47-thread-1] INFO  server.RaftServerConfigKeys (ConfUtils.java:logGet(43)) - raft.server.log.segment.size.max = 1048576 (custom)
2019-10-16 07:48:43,874 [pool-47-thread-1] INFO  server.RaftServerConfigKeys (ConfUtils.java:logGet(43)) - raft.server.log.preallocated.size = 16384 (custom)
2019-10-16 07:48:43,874 [pool-47-thread-1] INFO  server.RaftServerConfigKeys (ConfUtils.java:logGet(43)) - raft.server.log.write.buffer.size = 33554432 (custom)
2019-10-16 07:48:43,874 [pool-47-thread-1] INFO  server.RaftServerConfigKeys (ConfUtils.java:logGet(43)) - raft.server.log.force.sync.num = 128 (default)
2019-10-16 07:48:43,874 [pool-47-thread-1] INFO  server.RaftServerConfigKeys (ConfUtils.java:logGet(43)) - raft.server.log.statemachine.data.sync = true (default)
2019-10-16 07:48:43,874 [pool-47-thread-1] INFO  server.RaftServerConfigKeys (ConfUtils.java:logGet(43)) - raft.server.log.statemachine.data.sync.timeout = 10s (default)
2019-10-16 07:48:43,874 [pool-47-thread-1] INFO  server.RaftServerConfigKeys (ConfUtils.java:logGet(43)) - raft.server.log.statemachine.data.sync.timeout.retry = -1 (default)
2019-10-16 07:48:43,876 [pool-47-thread-1] INFO  server.RaftServerConfigKeys (ConfUtils.java:logGet(43)) - raft.server.log.statemachine.data.caching.enabled = true (custom)
2019-10-16 07:48:43,876 [pool-47-thread-1] INFO  segmented.SegmentedRaftLogWorker (SegmentedRaftLogWorker.java:lambda$new$0(128)) - 0230c08e-48f1-4f17-bace-004fbc1b55c4@group-BD69682C3C98-SegmentedRaftLogWorker: flushIndex: setUnconditionally 0 -> -1
2019-10-16 07:48:43,877 [pool-47-thread-1] INFO  server.RaftServerConfigKeys (ConfUtils.java:logGet(43)) - raft.server.snapshot.auto.trigger.enabled = true (custom)
2019-10-16 07:48:43,877 [pool-47-thread-1] INFO  server.RaftServerConfigKeys (ConfUtils.java:logGet(43)) - raft.server.snapshot.auto.trigger.threshold = 10000 (custom)
2019-10-16 07:48:43,877 [pool-47-thread-1] INFO  server.RaftServerConfigKeys (ConfUtils.java:logGet(43)) - raft.server.snapshot.retention.file.num = 5 (custom)
2019-10-16 07:48:43,877 [pool-47-thread-1] INFO  server.RaftServerConfigKeys (ConfUtils.java:logGet(43)) - raft.server.retrycache.expirytime = 600000ms (custom)
2019-10-16 07:48:43,883 [85034473-de92-432d-987c-753934731faa@group-645A53395989-SegmentedRaftLogWorker] INFO  segmented.SegmentedRaftLogWorker (SegmentedRaftLogWorker.java:execute(576)) - 85034473-de92-432d-987c-753934731faa@group-645A53395989-SegmentedRaftLogWorker: created new log segment /workdir/hadoop-ozone/integration-test/target/test-dir/MiniOzoneClusterImpl-09750a2c-58c2-4184-91d8-c66eda428939/datanode-0/data/ratis/fa553e76-c187-40d1-ba1c-645a53395989/current/log_inprogress_0
2019-10-16 07:48:43,883 [bbaedea4-0636-4a28-8969-ceb75fc90963@group-63FB49AE640C-SegmentedRaftLogWorker] INFO  segmented.SegmentedRaftLogWorker (SegmentedRaftLogWorker.java:execute(576)) - bbaedea4-0636-4a28-8969-ceb75fc90963@group-63FB49AE640C-SegmentedRaftLogWorker: created new log segment /workdir/hadoop-ozone/integration-test/target/test-dir/MiniOzoneClusterImpl-09750a2c-58c2-4184-91d8-c66eda428939/datanode-5/data/ratis/da49b5c0-c2b4-4ce0-bc49-63fb49ae640c/current/log_inprogress_0
2019-10-16 07:48:43,883 [34a4ce68-6cfa-4f54-b3e2-98c3134e5ebf@group-3D1171E372F4-LeaderElection3] INFO  impl.LeaderElection (LeaderElection.java:askForVotes(178)) - 34a4ce68-6cfa-4f54-b3e2-98c3134e5ebf@group-3D1171E372F4-LeaderElection3: begin an election at term 1 for -1: [34a4ce68-6cfa-4f54-b3e2-98c3134e5ebf:192.168.34.43:41110], old=null
2019-10-16 07:48:43,885 [34a4ce68-6cfa-4f54-b3e2-98c3134e5ebf@group-3D1171E372F4-LeaderElection3] INFO  impl.RoleInfo (RoleInfo.java:shutdownLeaderElection(134)) - 34a4ce68-6cfa-4f54-b3e2-98c3134e5ebf: shutdown LeaderElection
2019-10-16 07:48:43,885 [34a4ce68-6cfa-4f54-b3e2-98c3134e5ebf@group-3D1171E372F4-LeaderElection3] INFO  impl.RaftServerImpl (RaftServerImpl.java:setRole(184)) - 34a4ce68-6cfa-4f54-b3e2-98c3134e5ebf@group-3D1171E372F4: changes role from CANDIDATE to LEADER at term 1 for changeToLeader
2019-10-16 07:48:43,885 [34a4ce68-6cfa-4f54-b3e2-98c3134e5ebf@group-3D1171E372F4-LeaderElection3] INFO  impl.RaftServerImpl (ServerState.java:setLeader(256)) - 34a4ce68-6cfa-4f54-b3e2-98c3134e5ebf@group-3D1171E372F4: change Leader from null to 34a4ce68-6cfa-4f54-b3e2-98c3134e5ebf at term 1 for becomeLeader, leader elected after 154ms
2019-10-16 07:48:43,888 [34a4ce68-6cfa-4f54-b3e2-98c3134e5ebf@group-3D1171E372F4-LeaderElection3] INFO  server.RaftServerConfigKeys (ConfUtils.java:logGet(43)) - raft.server.staging.catchup.gap = 1000 (default)
2019-10-16 07:48:43,888 [34a4ce68-6cfa-4f54-b3e2-98c3134e5ebf@group-3D1171E372F4-LeaderElection3] INFO  server.RaftServerConfigKeys (ConfUtils.java:logGet(43)) - raft.server.rpc.sleep.time = 25ms (default)
2019-10-16 07:48:43,888 [pool-47-thread-1] INFO  impl.RaftServerImpl (RaftServerImpl.java:start(195)) - 0230c08e-48f1-4f17-bace-004fbc1b55c4@group-BD69682C3C98: start as a follower, conf=-1: [0230c08e-48f1-4f17-bace-004fbc1b55c4:192.168.34.43:40481], old=null
2019-10-16 07:48:43,889 [34a4ce68-6cfa-4f54-b3e2-98c3134e5ebf@group-3D1171E372F4-LeaderElection3] INFO  server.RaftServerConfigKeys (ConfUtils.java:logGet(43)) - raft.server.write.element-limit = 4096 (default)
2019-10-16 07:48:43,889 [pool-47-thread-1] INFO  impl.RaftServerImpl (RaftServerImpl.java:setRole(184)) - 0230c08e-48f1-4f17-bace-004fbc1b55c4@group-BD69682C3C98: changes role from      null to FOLLOWER at term 0 for startAsFollower
2019-10-16 07:48:43,889 [34a4ce68-6cfa-4f54-b3e2-98c3134e5ebf@group-3D1171E372F4-LeaderElection3] INFO  server.RaftServerConfigKeys (ConfUtils.java:logGet(43)) - raft.server.watch.timeout = 10s (default)
2019-10-16 07:48:43,889 [34a4ce68-6cfa-4f54-b3e2-98c3134e5ebf@group-3D1171E372F4-LeaderElection3] INFO  server.RaftServerConfigKeys (ConfUtils.java:logGet(43)) - raft.server.watch.timeout.denomination = 1s (default)
2019-10-16 07:48:43,889 [pool-47-thread-1] INFO  impl.RoleInfo (RoleInfo.java:updateAndGet(143)) - 0230c08e-48f1-4f17-bace-004fbc1b55c4: start FollowerState
2019-10-16 07:48:43,889 [34a4ce68-6cfa-4f54-b3e2-98c3134e5ebf@group-3D1171E372F4-LeaderElection3] INFO  server.RaftServerConfigKeys (ConfUtils.java:logGet(43)) - raft.server.watch.element-limit = 65536 (default)
2019-10-16 07:48:43,893 [pool-47-thread-1] INFO  util.JmxRegister (JmxRegister.java:tryRegister(44)) - Successfully registered JMX Bean with object name Ratis:service=RaftServer,group=group-BD69682C3C98,id=0230c08e-48f1-4f17-bace-004fbc1b55c4
2019-10-16 07:48:43,895 [34a4ce68-6cfa-4f54-b3e2-98c3134e5ebf@group-3D1171E372F4-LeaderElection3] INFO  impl.RoleInfo (RoleInfo.java:updateAndGet(143)) - 34a4ce68-6cfa-4f54-b3e2-98c3134e5ebf: start LeaderState
2019-10-16 07:48:43,895 [34a4ce68-6cfa-4f54-b3e2-98c3134e5ebf@group-3D1171E372F4-LeaderElection3] INFO  segmented.SegmentedRaftLogWorker (SegmentedRaftLogWorker.java:startLogSegment(385)) - 34a4ce68-6cfa-4f54-b3e2-98c3134e5ebf@group-3D1171E372F4-SegmentedRaftLogWorker: Starting segment from index:0
2019-10-16 07:48:43,896 [34a4ce68-6cfa-4f54-b3e2-98c3134e5ebf@group-3D1171E372F4-LeaderElection3] INFO  impl.RaftServerImpl (ServerState.java:setRaftConf(357)) - 34a4ce68-6cfa-4f54-b3e2-98c3134e5ebf@group-3D1171E372F4: set configuration 0: [34a4ce68-6cfa-4f54-b3e2-98c3134e5ebf:192.168.34.43:41110], old=null at 0
2019-10-16 07:48:43,943 [34a4ce68-6cfa-4f54-b3e2-98c3134e5ebf@group-3D1171E372F4-SegmentedRaftLogWorker] INFO  segmented.SegmentedRaftLogWorker (SegmentedRaftLogWorker.java:execute(576)) - 34a4ce68-6cfa-4f54-b3e2-98c3134e5ebf@group-3D1171E372F4-SegmentedRaftLogWorker: created new log segment /workdir/hadoop-ozone/integration-test/target/test-dir/MiniOzoneClusterImpl-09750a2c-58c2-4184-91d8-c66eda428939/datanode-3/data/ratis/5bbf9383-decf-4e63-8d7c-3d1171e372f4/current/log_inprogress_0
2019-10-16 07:48:43,955 [RatisPipelineUtilsThread] INFO  pipeline.PipelineStateManager (PipelineStateManager.java:addPipeline(56)) - Created pipeline Pipeline[ Id: 93f74358-7492-41af-b4c9-bd69682c3c98, Nodes: 0230c08e-48f1-4f17-bace-004fbc1b55c4{ip: 192.168.34.43, host: pr-hdds-1737-dstl4-2900247166, networkLocation: /default-rack, certSerialId: null}, Type:RATIS, Factor:ONE, State:OPEN]
2019-10-16 07:48:43,971 [grpc-default-executor-0] INFO  impl.RaftServerProxy (RaftServerProxy.java:addNew(89)) - b906d628-5b11-472e-bef9-55c10a56a009: addNew group-98BF35071D8A:[b906d628-5b11-472e-bef9-55c10a56a009:192.168.34.43:38952] returns group-98BF35071D8A:java.util.concurrent.CompletableFuture@5f97a0f1[Not completed]
2019-10-16 07:48:43,976 [pool-67-thread-1] INFO  impl.RaftServerImpl (RaftServerImpl.java:<init>(104)) - b906d628-5b11-472e-bef9-55c10a56a009: new RaftServerImpl for group-98BF35071D8A:[b906d628-5b11-472e-bef9-55c10a56a009:192.168.34.43:38952] with ContainerStateMachine:uninitialized
2019-10-16 07:48:43,976 [pool-67-thread-1] INFO  server.RaftServerConfigKeys (ConfUtils.java:logGet(43)) - raft.server.rpc.timeout.min = 5s (custom)
2019-10-16 07:48:43,976 [pool-67-thread-1] INFO  server.RaftServerConfigKeys (ConfUtils.java:logGet(43)) - raft.server.rpc.timeout.max = 5200ms (custom)
2019-10-16 07:48:43,976 [pool-67-thread-1] INFO  server.RaftServerConfigKeys (ConfUtils.java:logGet(43)) - raft.server.rpcslowness.timeout = 120s (custom)
2019-10-16 07:48:43,976 [pool-67-thread-1] INFO  server.RaftServerConfigKeys (ConfUtils.java:logGet(43)) - raft.server.sleep.deviation.threshold = 300 (default)
2019-10-16 07:48:43,976 [pool-67-thread-1] INFO  server.RaftServerConfigKeys (ConfUtils.java:logGet(43)) - raft.server.log.appender.install.snapshot.enabled = false (custom)
2019-10-16 07:48:43,976 [pool-67-thread-1] INFO  impl.RaftServerImpl (ServerState.java:<init>(103)) - b906d628-5b11-472e-bef9-55c10a56a009@group-98BF35071D8A: ConfigurationManager, init=-1: [b906d628-5b11-472e-bef9-55c10a56a009:192.168.34.43:38952], old=null, confs=<EMPTY_MAP>
2019-10-16 07:48:43,976 [pool-67-thread-1] INFO  server.RaftServerConfigKeys (ConfUtils.java:logGet(43)) - raft.server.storage.dir = [/workdir/hadoop-ozone/integration-test/target/test-dir/MiniOzoneClusterImpl-09750a2c-58c2-4184-91d8-c66eda428939/datanode-4/data/ratis] (custom)
2019-10-16 07:48:43,977 [pool-67-thread-1] INFO  server.RaftServerConfigKeys (ConfUtils.java:logGet(43)) - raft.server.log.corruption.policy = EXCEPTION (default)
2019-10-16 07:48:43,977 [pool-67-thread-1] INFO  storage.RaftStorageDirectory (RaftStorageDirectory.java:analyzeStorage(246)) - The storage directory /workdir/hadoop-ozone/integration-test/target/test-dir/MiniOzoneClusterImpl-09750a2c-58c2-4184-91d8-c66eda428939/datanode-4/data/ratis/65df3677-63c0-458c-8a2e-98bf35071d8a does not exist. Creating ...
2019-10-16 07:48:43,990 [pool-67-thread-1] INFO  storage.RaftStorageDirectory (RaftStorageDirectory.java:tryLock(328)) - Lock on /workdir/hadoop-ozone/integration-test/target/test-dir/MiniOzoneClusterImpl-09750a2c-58c2-4184-91d8-c66eda428939/datanode-4/data/ratis/65df3677-63c0-458c-8a2e-98bf35071d8a/in_use.lock acquired by nodename 7649@pr-hdds-1737-dstl4-2900247166
2019-10-16 07:48:44,002 [pool-67-thread-1] INFO  storage.RaftStorage (RaftStorage.java:format(84)) - Storage directory /workdir/hadoop-ozone/integration-test/target/test-dir/MiniOzoneClusterImpl-09750a2c-58c2-4184-91d8-c66eda428939/datanode-4/data/ratis/65df3677-63c0-458c-8a2e-98bf35071d8a has been successfully formatted.
2019-10-16 07:48:44,002 [pool-67-thread-1] INFO  ratis.ContainerStateMachine (ContainerStateMachine.java:loadSnapshot(231)) - group-98BF35071D8A: The snapshot info is null. Setting the last applied indexto:(t:0, i:~)
2019-10-16 07:48:44,003 [pool-67-thread-1] INFO  server.RaftServerConfigKeys (ConfUtils.java:logGet(43)) - raft.server.notification.no-leader.timeout = 120s (custom)
2019-10-16 07:48:44,003 [pool-67-thread-1] INFO  server.RaftServerConfigKeys (ConfUtils.java:logGet(43)) - raft.server.log.use.memory = false (default)
2019-10-16 07:48:44,003 [pool-67-thread-1] INFO  server.RaftServerConfigKeys (ConfUtils.java:logGet(43)) - raft.server.log.purge.gap = 1000000 (custom)
2019-10-16 07:48:44,003 [pool-67-thread-1] INFO  server.RaftServerConfigKeys (ConfUtils.java:logGet(43)) - raft.server.log.appender.buffer.byte-limit = 33554432 (custom)
2019-10-16 07:48:44,003 [pool-67-thread-1] INFO  server.RaftServerConfigKeys (ConfUtils.java:logGet(43)) - raft.server.log.segment.size.max = 1048576 (custom)
2019-10-16 07:48:44,006 [pool-67-thread-1] INFO  server.RaftServerConfigKeys (ConfUtils.java:logGet(43)) - raft.server.log.segment.cache.num.max = 2 (custom)
2019-10-16 07:48:44,006 [pool-67-thread-1] INFO  segmented.SegmentedRaftLogWorker (SegmentedRaftLogWorker.java:<init>(173)) - new b906d628-5b11-472e-bef9-55c10a56a009@group-98BF35071D8A-SegmentedRaftLogWorker for RaftStorage:Storage Directory /workdir/hadoop-ozone/integration-test/target/test-dir/MiniOzoneClusterImpl-09750a2c-58c2-4184-91d8-c66eda428939/datanode-4/data/ratis/65df3677-63c0-458c-8a2e-98bf35071d8a
2019-10-16 07:48:44,006 [pool-67-thread-1] INFO  server.RaftServerConfigKeys (ConfUtils.java:logGet(43)) - raft.server.log.queue.byte-limit = 2147483647 (custom)
2019-10-16 07:48:44,006 [pool-67-thread-1] INFO  server.RaftServerConfigKeys (ConfUtils.java:logGet(43)) - raft.server.log.queue.element-limit = 1024 (custom)
2019-10-16 07:48:44,006 [pool-67-thread-1] INFO  server.RaftServerConfigKeys (ConfUtils.java:logGet(43)) - raft.server.log.segment.size.max = 1048576 (custom)
2019-10-16 07:48:44,006 [pool-67-thread-1] INFO  server.RaftServerConfigKeys (ConfUtils.java:logGet(43)) - raft.server.log.preallocated.size = 16384 (custom)
2019-10-16 07:48:44,006 [pool-67-thread-1] INFO  server.RaftServerConfigKeys (ConfUtils.java:logGet(43)) - raft.server.log.write.buffer.size = 33554432 (custom)
2019-10-16 07:48:44,006 [pool-67-thread-1] INFO  server.RaftServerConfigKeys (ConfUtils.java:logGet(43)) - raft.server.log.force.sync.num = 128 (default)
2019-10-16 07:48:44,006 [pool-67-thread-1] INFO  server.RaftServerConfigKeys (ConfUtils.java:logGet(43)) - raft.server.log.statemachine.data.sync = true (default)
2019-10-16 07:48:44,006 [pool-67-thread-1] INFO  server.RaftServerConfigKeys (ConfUtils.java:logGet(43)) - raft.server.log.statemachine.data.sync.timeout = 10s (default)
2019-10-16 07:48:44,006 [pool-67-thread-1] INFO  server.RaftServerConfigKeys (ConfUtils.java:logGet(43)) - raft.server.log.statemachine.data.sync.timeout.retry = -1 (default)
2019-10-16 07:48:44,007 [pool-67-thread-1] INFO  server.RaftServerConfigKeys (ConfUtils.java:logGet(43)) - raft.server.log.statemachine.data.caching.enabled = true (custom)
2019-10-16 07:48:44,007 [pool-67-thread-1] INFO  segmented.SegmentedRaftLogWorker (SegmentedRaftLogWorker.java:lambda$new$0(128)) - b906d628-5b11-472e-bef9-55c10a56a009@group-98BF35071D8A-SegmentedRaftLogWorker: flushIndex: setUnconditionally 0 -> -1
2019-10-16 07:48:44,007 [pool-67-thread-1] INFO  server.RaftServerConfigKeys (ConfUtils.java:logGet(43)) - raft.server.snapshot.auto.trigger.enabled = true (custom)
2019-10-16 07:48:44,008 [pool-67-thread-1] INFO  server.RaftServerConfigKeys (ConfUtils.java:logGet(43)) - raft.server.snapshot.auto.trigger.threshold = 10000 (custom)
2019-10-16 07:48:44,008 [pool-67-thread-1] INFO  server.RaftServerConfigKeys (ConfUtils.java:logGet(43)) - raft.server.snapshot.retention.file.num = 5 (custom)
2019-10-16 07:48:44,008 [pool-67-thread-1] INFO  server.RaftServerConfigKeys (ConfUtils.java:logGet(43)) - raft.server.retrycache.expirytime = 600000ms (custom)
2019-10-16 07:48:44,011 [pool-67-thread-1] INFO  impl.RaftServerImpl (RaftServerImpl.java:start(195)) - b906d628-5b11-472e-bef9-55c10a56a009@group-98BF35071D8A: start as a follower, conf=-1: [b906d628-5b11-472e-bef9-55c10a56a009:192.168.34.43:38952], old=null
2019-10-16 07:48:44,011 [pool-67-thread-1] INFO  impl.RaftServerImpl (RaftServerImpl.java:setRole(184)) - b906d628-5b11-472e-bef9-55c10a56a009@group-98BF35071D8A: changes role from      null to FOLLOWER at term 0 for startAsFollower
2019-10-16 07:48:44,011 [pool-67-thread-1] INFO  impl.RoleInfo (RoleInfo.java:updateAndGet(143)) - b906d628-5b11-472e-bef9-55c10a56a009: start FollowerState
2019-10-16 07:48:44,012 [pool-67-thread-1] INFO  util.JmxRegister (JmxRegister.java:tryRegister(44)) - Successfully registered JMX Bean with object name Ratis:service=RaftServer,group=group-98BF35071D8A,id=b906d628-5b11-472e-bef9-55c10a56a009
2019-10-16 07:48:44,024 [RatisPipelineUtilsThread] INFO  pipeline.PipelineStateManager (PipelineStateManager.java:addPipeline(56)) - Created pipeline Pipeline[ Id: 65df3677-63c0-458c-8a2e-98bf35071d8a, Nodes: b906d628-5b11-472e-bef9-55c10a56a009{ip: 192.168.34.43, host: pr-hdds-1737-dstl4-2900247166, networkLocation: /default-rack, certSerialId: null}, Type:RATIS, Factor:ONE, State:OPEN]
2019-10-16 07:48:44,035 [Thread-300] INFO  impl.FollowerState (FollowerState.java:run(108)) - 0230c08e-48f1-4f17-bace-004fbc1b55c4@group-BD69682C3C98-FollowerState: change to CANDIDATE, lastRpcTime:146ms, electionTimeout:142ms
2019-10-16 07:48:44,036 [Thread-300] INFO  impl.RoleInfo (RoleInfo.java:shutdownFollowerState(121)) - 0230c08e-48f1-4f17-bace-004fbc1b55c4: shutdown FollowerState
2019-10-16 07:48:44,037 [Thread-300] INFO  impl.RaftServerImpl (RaftServerImpl.java:setRole(184)) - 0230c08e-48f1-4f17-bace-004fbc1b55c4@group-BD69682C3C98: changes role from  FOLLOWER to CANDIDATE at term 0 for changeToCandidate
2019-10-16 07:48:44,037 [Thread-300] INFO  impl.RoleInfo (RoleInfo.java:updateAndGet(143)) - 0230c08e-48f1-4f17-bace-004fbc1b55c4: start LeaderElection
2019-10-16 07:48:44,041 [grpc-default-executor-0] INFO  impl.RaftServerProxy (RaftServerProxy.java:addNew(89)) - eb54e0f1-19f2-4eeb-9522-1404b62d70c1: addNew group-B8DAD6284165:[eb54e0f1-19f2-4eeb-9522-1404b62d70c1:192.168.34.43:32785] returns group-B8DAD6284165:java.util.concurrent.CompletableFuture@5f142398[Not completed]
2019-10-16 07:48:44,045 [pool-87-thread-1] INFO  impl.RaftServerImpl (RaftServerImpl.java:<init>(104)) - eb54e0f1-19f2-4eeb-9522-1404b62d70c1: new RaftServerImpl for group-B8DAD6284165:[eb54e0f1-19f2-4eeb-9522-1404b62d70c1:192.168.34.43:32785] with ContainerStateMachine:uninitialized
2019-10-16 07:48:44,045 [pool-87-thread-1] INFO  server.RaftServerConfigKeys (ConfUtils.java:logGet(43)) - raft.server.rpc.timeout.min = 5s (custom)
2019-10-16 07:48:44,046 [pool-87-thread-1] INFO  server.RaftServerConfigKeys (ConfUtils.java:logGet(43)) - raft.server.rpc.timeout.max = 5200ms (custom)
2019-10-16 07:48:44,046 [pool-87-thread-1] INFO  server.RaftServerConfigKeys (ConfUtils.java:logGet(43)) - raft.server.rpcslowness.timeout = 120s (custom)
2019-10-16 07:48:44,046 [pool-87-thread-1] INFO  server.RaftServerConfigKeys (ConfUtils.java:logGet(43)) - raft.server.sleep.deviation.threshold = 300 (default)
2019-10-16 07:48:44,046 [pool-87-thread-1] INFO  server.RaftServerConfigKeys (ConfUtils.java:logGet(43)) - raft.server.log.appender.install.snapshot.enabled = false (custom)
2019-10-16 07:48:44,046 [pool-87-thread-1] INFO  impl.RaftServerImpl (ServerState.java:<init>(103)) - eb54e0f1-19f2-4eeb-9522-1404b62d70c1@group-B8DAD6284165: ConfigurationManager, init=-1: [eb54e0f1-19f2-4eeb-9522-1404b62d70c1:192.168.34.43:32785], old=null, confs=<EMPTY_MAP>
2019-10-16 07:48:44,046 [pool-87-thread-1] INFO  server.RaftServerConfigKeys (ConfUtils.java:logGet(43)) - raft.server.storage.dir = [/workdir/hadoop-ozone/integration-test/target/test-dir/MiniOzoneClusterImpl-09750a2c-58c2-4184-91d8-c66eda428939/datanode-6/data/ratis] (custom)
2019-10-16 07:48:44,046 [pool-87-thread-1] INFO  server.RaftServerConfigKeys (ConfUtils.java:logGet(43)) - raft.server.log.corruption.policy = EXCEPTION (default)
2019-10-16 07:48:44,046 [pool-87-thread-1] INFO  storage.RaftStorageDirectory (RaftStorageDirectory.java:analyzeStorage(246)) - The storage directory /workdir/hadoop-ozone/integration-test/target/test-dir/MiniOzoneClusterImpl-09750a2c-58c2-4184-91d8-c66eda428939/datanode-6/data/ratis/d227d880-b728-4102-8d96-b8dad6284165 does not exist. Creating ...
2019-10-16 07:48:44,054 [pool-87-thread-1] INFO  storage.RaftStorageDirectory (RaftStorageDirectory.java:tryLock(328)) - Lock on /workdir/hadoop-ozone/integration-test/target/test-dir/MiniOzoneClusterImpl-09750a2c-58c2-4184-91d8-c66eda428939/datanode-6/data/ratis/d227d880-b728-4102-8d96-b8dad6284165/in_use.lock acquired by nodename 7649@pr-hdds-1737-dstl4-2900247166
2019-10-16 07:48:44,054 [0230c08e-48f1-4f17-bace-004fbc1b55c4@group-BD69682C3C98-LeaderElection4] INFO  impl.LeaderElection (LeaderElection.java:askForVotes(178)) - 0230c08e-48f1-4f17-bace-004fbc1b55c4@group-BD69682C3C98-LeaderElection4: begin an election at term 1 for -1: [0230c08e-48f1-4f17-bace-004fbc1b55c4:192.168.34.43:40481], old=null
2019-10-16 07:48:44,055 [0230c08e-48f1-4f17-bace-004fbc1b55c4@group-BD69682C3C98-LeaderElection4] INFO  impl.RoleInfo (RoleInfo.java:shutdownLeaderElection(134)) - 0230c08e-48f1-4f17-bace-004fbc1b55c4: shutdown LeaderElection
2019-10-16 07:48:44,055 [0230c08e-48f1-4f17-bace-004fbc1b55c4@group-BD69682C3C98-LeaderElection4] INFO  impl.RaftServerImpl (RaftServerImpl.java:setRole(184)) - 0230c08e-48f1-4f17-bace-004fbc1b55c4@group-BD69682C3C98: changes role from CANDIDATE to LEADER at term 1 for changeToLeader
2019-10-16 07:48:44,055 [0230c08e-48f1-4f17-bace-004fbc1b55c4@group-BD69682C3C98-LeaderElection4] INFO  impl.RaftServerImpl (ServerState.java:setLeader(256)) - 0230c08e-48f1-4f17-bace-004fbc1b55c4@group-BD69682C3C98: change Leader from null to 0230c08e-48f1-4f17-bace-004fbc1b55c4 at term 1 for becomeLeader, leader elected after 185ms
2019-10-16 07:48:44,057 [0230c08e-48f1-4f17-bace-004fbc1b55c4@group-BD69682C3C98-LeaderElection4] INFO  server.RaftServerConfigKeys (ConfUtils.java:logGet(43)) - raft.server.staging.catchup.gap = 1000 (default)
2019-10-16 07:48:44,057 [0230c08e-48f1-4f17-bace-004fbc1b55c4@group-BD69682C3C98-LeaderElection4] INFO  server.RaftServerConfigKeys (ConfUtils.java:logGet(43)) - raft.server.rpc.sleep.time = 25ms (default)
2019-10-16 07:48:44,057 [0230c08e-48f1-4f17-bace-004fbc1b55c4@group-BD69682C3C98-LeaderElection4] INFO  server.RaftServerConfigKeys (ConfUtils.java:logGet(43)) - raft.server.write.element-limit = 4096 (default)
2019-10-16 07:48:44,057 [0230c08e-48f1-4f17-bace-004fbc1b55c4@group-BD69682C3C98-LeaderElection4] INFO  server.RaftServerConfigKeys (ConfUtils.java:logGet(43)) - raft.server.watch.timeout = 10s (default)
2019-10-16 07:48:44,057 [0230c08e-48f1-4f17-bace-004fbc1b55c4@group-BD69682C3C98-LeaderElection4] INFO  server.RaftServerConfigKeys (ConfUtils.java:logGet(43)) - raft.server.watch.timeout.denomination = 1s (default)
2019-10-16 07:48:44,057 [0230c08e-48f1-4f17-bace-004fbc1b55c4@group-BD69682C3C98-LeaderElection4] INFO  server.RaftServerConfigKeys (ConfUtils.java:logGet(43)) - raft.server.watch.element-limit = 65536 (default)
2019-10-16 07:48:44,059 [0230c08e-48f1-4f17-bace-004fbc1b55c4@group-BD69682C3C98-LeaderElection4] INFO  impl.RoleInfo (RoleInfo.java:updateAndGet(143)) - 0230c08e-48f1-4f17-bace-004fbc1b55c4: start LeaderState
2019-10-16 07:48:44,059 [0230c08e-48f1-4f17-bace-004fbc1b55c4@group-BD69682C3C98-LeaderElection4] INFO  segmented.SegmentedRaftLogWorker (SegmentedRaftLogWorker.java:startLogSegment(385)) - 0230c08e-48f1-4f17-bace-004fbc1b55c4@group-BD69682C3C98-SegmentedRaftLogWorker: Starting segment from index:0
2019-10-16 07:48:44,060 [0230c08e-48f1-4f17-bace-004fbc1b55c4@group-BD69682C3C98-LeaderElection4] INFO  impl.RaftServerImpl (ServerState.java:setRaftConf(357)) - 0230c08e-48f1-4f17-bace-004fbc1b55c4@group-BD69682C3C98: set configuration 0: [0230c08e-48f1-4f17-bace-004fbc1b55c4:192.168.34.43:40481], old=null at 0
2019-10-16 07:48:44,086 [main] INFO  ozone.MiniOzoneClusterImpl (MiniOzoneClusterImpl.java:lambda$waitForClusterToBeReady$0(147)) - Cluster is ready. Got 10 of 10 DN Heartbeats.
2019-10-16 07:48:44,086 [pool-87-thread-1] INFO  storage.RaftStorage (RaftStorage.java:format(84)) - Storage directory /workdir/hadoop-ozone/integration-test/target/test-dir/MiniOzoneClusterImpl-09750a2c-58c2-4184-91d8-c66eda428939/datanode-6/data/ratis/d227d880-b728-4102-8d96-b8dad6284165 has been successfully formatted.
2019-10-16 07:48:44,086 [Thread-303] INFO  impl.FollowerState (FollowerState.java:run(108)) - b906d628-5b11-472e-bef9-55c10a56a009@group-98BF35071D8A-FollowerState: change to CANDIDATE, lastRpcTime:74ms, electionTimeout:51ms
2019-10-16 07:48:44,086 [pool-87-thread-1] INFO  ratis.ContainerStateMachine (ContainerStateMachine.java:loadSnapshot(231)) - group-B8DAD6284165: The snapshot info is null. Setting the last applied indexto:(t:0, i:~)
2019-10-16 07:48:44,086 [Thread-303] INFO  impl.RoleInfo (RoleInfo.java:shutdownFollowerState(121)) - b906d628-5b11-472e-bef9-55c10a56a009: shutdown FollowerState
2019-10-16 07:48:44,086 [pool-87-thread-1] INFO  server.RaftServerConfigKeys (ConfUtils.java:logGet(43)) - raft.server.notification.no-leader.timeout = 120s (custom)
2019-10-16 07:48:44,086 [Thread-303] INFO  impl.RaftServerImpl (RaftServerImpl.java:setRole(184)) - b906d628-5b11-472e-bef9-55c10a56a009@group-98BF35071D8A: changes role from  FOLLOWER to CANDIDATE at term 0 for changeToCandidate
2019-10-16 07:48:44,087 [pool-87-thread-1] INFO  server.RaftServerConfigKeys (ConfUtils.java:logGet(43)) - raft.server.log.use.memory = false (default)
2019-10-16 07:48:44,087 [Thread-303] INFO  impl.RoleInfo (RoleInfo.java:updateAndGet(143)) - b906d628-5b11-472e-bef9-55c10a56a009: start LeaderElection
2019-10-16 07:48:44,087 [pool-87-thread-1] INFO  server.RaftServerConfigKeys (ConfUtils.java:logGet(43)) - raft.server.log.purge.gap = 1000000 (custom)
2019-10-16 07:48:44,087 [pool-87-thread-1] INFO  server.RaftServerConfigKeys (ConfUtils.java:logGet(43)) - raft.server.log.appender.buffer.byte-limit = 33554432 (custom)
2019-10-16 07:48:44,090 [pool-87-thread-1] INFO  server.RaftServerConfigKeys (ConfUtils.java:logGet(43)) - raft.server.log.segment.size.max = 1048576 (custom)
2019-10-16 07:48:44,093 [pool-87-thread-1] INFO  server.RaftServerConfigKeys (ConfUtils.java:logGet(43)) - raft.server.log.segment.cache.num.max = 2 (custom)
2019-10-16 07:48:44,093 [pool-87-thread-1] INFO  segmented.SegmentedRaftLogWorker (SegmentedRaftLogWorker.java:<init>(173)) - new eb54e0f1-19f2-4eeb-9522-1404b62d70c1@group-B8DAD6284165-SegmentedRaftLogWorker for RaftStorage:Storage Directory /workdir/hadoop-ozone/integration-test/target/test-dir/MiniOzoneClusterImpl-09750a2c-58c2-4184-91d8-c66eda428939/datanode-6/data/ratis/d227d880-b728-4102-8d96-b8dad6284165
2019-10-16 07:48:44,093 [pool-87-thread-1] INFO  server.RaftServerConfigKeys (ConfUtils.java:logGet(43)) - raft.server.log.queue.byte-limit = 2147483647 (custom)
2019-10-16 07:48:44,094 [pool-87-thread-1] INFO  server.RaftServerConfigKeys (ConfUtils.java:logGet(43)) - raft.server.log.queue.element-limit = 1024 (custom)
2019-10-16 07:48:44,094 [pool-87-thread-1] INFO  server.RaftServerConfigKeys (ConfUtils.java:logGet(43)) - raft.server.log.segment.size.max = 1048576 (custom)
2019-10-16 07:48:44,094 [pool-87-thread-1] INFO  server.RaftServerConfigKeys (ConfUtils.java:logGet(43)) - raft.server.log.preallocated.size = 16384 (custom)
2019-10-16 07:48:44,094 [pool-87-thread-1] INFO  server.RaftServerConfigKeys (ConfUtils.java:logGet(43)) - raft.server.log.write.buffer.size = 33554432 (custom)
2019-10-16 07:48:44,094 [pool-87-thread-1] INFO  server.RaftServerConfigKeys (ConfUtils.java:logGet(43)) - raft.server.log.force.sync.num = 128 (default)
2019-10-16 07:48:44,094 [pool-87-thread-1] INFO  server.RaftServerConfigKeys (ConfUtils.java:logGet(43)) - raft.server.log.statemachine.data.sync = true (default)
2019-10-16 07:48:44,095 [pool-87-thread-1] INFO  server.RaftServerConfigKeys (ConfUtils.java:logGet(43)) - raft.server.log.statemachine.data.sync.timeout = 10s (default)
2019-10-16 07:48:44,095 [pool-87-thread-1] INFO  server.RaftServerConfigKeys (ConfUtils.java:logGet(43)) - raft.server.log.statemachine.data.sync.timeout.retry = -1 (default)
2019-10-16 07:48:44,095 [pool-87-thread-1] INFO  server.RaftServerConfigKeys (ConfUtils.java:logGet(43)) - raft.server.log.statemachine.data.caching.enabled = true (custom)
2019-10-16 07:48:44,096 [pool-87-thread-1] INFO  segmented.SegmentedRaftLogWorker (SegmentedRaftLogWorker.java:lambda$new$0(128)) - eb54e0f1-19f2-4eeb-9522-1404b62d70c1@group-B8DAD6284165-SegmentedRaftLogWorker: flushIndex: setUnconditionally 0 -> -1
2019-10-16 07:48:44,096 [pool-87-thread-1] INFO  server.RaftServerConfigKeys (ConfUtils.java:logGet(43)) - raft.server.snapshot.auto.trigger.enabled = true (custom)
2019-10-16 07:48:44,096 [pool-87-thread-1] INFO  server.RaftServerConfigKeys (ConfUtils.java:logGet(43)) - raft.server.snapshot.auto.trigger.threshold = 10000 (custom)
2019-10-16 07:48:44,096 [pool-87-thread-1] INFO  server.RaftServerConfigKeys (ConfUtils.java:logGet(43)) - raft.server.snapshot.retention.file.num = 5 (custom)
2019-10-16 07:48:44,097 [pool-87-thread-1] INFO  server.RaftServerConfigKeys (ConfUtils.java:logGet(43)) - raft.server.retrycache.expirytime = 600000ms (custom)
2019-10-16 07:48:44,098 [0230c08e-48f1-4f17-bace-004fbc1b55c4@group-BD69682C3C98-SegmentedRaftLogWorker] INFO  segmented.SegmentedRaftLogWorker (SegmentedRaftLogWorker.java:execute(576)) - 0230c08e-48f1-4f17-bace-004fbc1b55c4@group-BD69682C3C98-SegmentedRaftLogWorker: created new log segment /workdir/hadoop-ozone/integration-test/target/test-dir/MiniOzoneClusterImpl-09750a2c-58c2-4184-91d8-c66eda428939/datanode-2/data/ratis/93f74358-7492-41af-b4c9-bd69682c3c98/current/log_inprogress_0
2019-10-16 07:48:44,098 [b906d628-5b11-472e-bef9-55c10a56a009@group-98BF35071D8A-LeaderElection5] INFO  impl.LeaderElection (LeaderElection.java:askForVotes(178)) - b906d628-5b11-472e-bef9-55c10a56a009@group-98BF35071D8A-LeaderElection5: begin an election at term 1 for -1: [b906d628-5b11-472e-bef9-55c10a56a009:192.168.34.43:38952], old=null
2019-10-16 07:48:44,099 [b906d628-5b11-472e-bef9-55c10a56a009@group-98BF35071D8A-LeaderElection5] INFO  impl.RoleInfo (RoleInfo.java:shutdownLeaderElection(134)) - b906d628-5b11-472e-bef9-55c10a56a009: shutdown LeaderElection
2019-10-16 07:48:44,099 [b906d628-5b11-472e-bef9-55c10a56a009@group-98BF35071D8A-LeaderElection5] INFO  impl.RaftServerImpl (RaftServerImpl.java:setRole(184)) - b906d628-5b11-472e-bef9-55c10a56a009@group-98BF35071D8A: changes role from CANDIDATE to LEADER at term 1 for changeToLeader
2019-10-16 07:48:44,099 [b906d628-5b11-472e-bef9-55c10a56a009@group-98BF35071D8A-LeaderElection5] INFO  impl.RaftServerImpl (ServerState.java:setLeader(256)) - b906d628-5b11-472e-bef9-55c10a56a009@group-98BF35071D8A: change Leader from null to b906d628-5b11-472e-bef9-55c10a56a009 at term 1 for becomeLeader, leader elected after 96ms
2019-10-16 07:48:44,100 [b906d628-5b11-472e-bef9-55c10a56a009@group-98BF35071D8A-LeaderElection5] INFO  server.RaftServerConfigKeys (ConfUtils.java:logGet(43)) - raft.server.staging.catchup.gap = 1000 (default)
2019-10-16 07:48:44,101 [b906d628-5b11-472e-bef9-55c10a56a009@group-98BF35071D8A-LeaderElection5] INFO  server.RaftServerConfigKeys (ConfUtils.java:logGet(43)) - raft.server.rpc.sleep.time = 25ms (default)
2019-10-16 07:48:44,101 [b906d628-5b11-472e-bef9-55c10a56a009@group-98BF35071D8A-LeaderElection5] INFO  server.RaftServerConfigKeys (ConfUtils.java:logGet(43)) - raft.server.write.element-limit = 4096 (default)
2019-10-16 07:48:44,101 [b906d628-5b11-472e-bef9-55c10a56a009@group-98BF35071D8A-LeaderElection5] INFO  server.RaftServerConfigKeys (ConfUtils.java:logGet(43)) - raft.server.watch.timeout = 10s (default)
2019-10-16 07:48:44,101 [b906d628-5b11-472e-bef9-55c10a56a009@group-98BF35071D8A-LeaderElection5] INFO  server.RaftServerConfigKeys (ConfUtils.java:logGet(43)) - raft.server.watch.timeout.denomination = 1s (default)
2019-10-16 07:48:44,101 [b906d628-5b11-472e-bef9-55c10a56a009@group-98BF35071D8A-LeaderElection5] INFO  server.RaftServerConfigKeys (ConfUtils.java:logGet(43)) - raft.server.watch.element-limit = 65536 (default)
2019-10-16 07:48:44,103 [pool-87-thread-1] INFO  impl.RaftServerImpl (RaftServerImpl.java:start(195)) - eb54e0f1-19f2-4eeb-9522-1404b62d70c1@group-B8DAD6284165: start as a follower, conf=-1: [eb54e0f1-19f2-4eeb-9522-1404b62d70c1:192.168.34.43:32785], old=null
2019-10-16 07:48:44,103 [pool-87-thread-1] INFO  impl.RaftServerImpl (RaftServerImpl.java:setRole(184)) - eb54e0f1-19f2-4eeb-9522-1404b62d70c1@group-B8DAD6284165: changes role from      null to FOLLOWER at term 0 for startAsFollower
2019-10-16 07:48:44,104 [pool-87-thread-1] INFO  impl.RoleInfo (RoleInfo.java:updateAndGet(143)) - eb54e0f1-19f2-4eeb-9522-1404b62d70c1: start FollowerState
2019-10-16 07:48:44,104 [b906d628-5b11-472e-bef9-55c10a56a009@group-98BF35071D8A-LeaderElection5] INFO  impl.RoleInfo (RoleInfo.java:updateAndGet(143)) - b906d628-5b11-472e-bef9-55c10a56a009: start LeaderState
2019-10-16 07:48:44,104 [pool-87-thread-1] INFO  util.JmxRegister (JmxRegister.java:tryRegister(44)) - Successfully registered JMX Bean with object name Ratis:service=RaftServer,group=group-B8DAD6284165,id=eb54e0f1-19f2-4eeb-9522-1404b62d70c1
2019-10-16 07:48:44,104 [b906d628-5b11-472e-bef9-55c10a56a009@group-98BF35071D8A-LeaderElection5] INFO  segmented.SegmentedRaftLogWorker (SegmentedRaftLogWorker.java:startLogSegment(385)) - b906d628-5b11-472e-bef9-55c10a56a009@group-98BF35071D8A-SegmentedRaftLogWorker: Starting segment from index:0
2019-10-16 07:48:44,105 [b906d628-5b11-472e-bef9-55c10a56a009@group-98BF35071D8A-LeaderElection5] INFO  impl.RaftServerImpl (ServerState.java:setRaftConf(357)) - b906d628-5b11-472e-bef9-55c10a56a009@group-98BF35071D8A: set configuration 0: [b906d628-5b11-472e-bef9-55c10a56a009:192.168.34.43:38952], old=null at 0
2019-10-16 07:48:44,149 [b906d628-5b11-472e-bef9-55c10a56a009@group-98BF35071D8A-SegmentedRaftLogWorker] INFO  segmented.SegmentedRaftLogWorker (SegmentedRaftLogWorker.java:execute(576)) - b906d628-5b11-472e-bef9-55c10a56a009@group-98BF35071D8A-SegmentedRaftLogWorker: created new log segment /workdir/hadoop-ozone/integration-test/target/test-dir/MiniOzoneClusterImpl-09750a2c-58c2-4184-91d8-c66eda428939/datanode-4/data/ratis/65df3677-63c0-458c-8a2e-98bf35071d8a/current/log_inprogress_0
2019-10-16 07:48:44,155 [RatisPipelineUtilsThread] INFO  pipeline.PipelineStateManager (PipelineStateManager.java:addPipeline(56)) - Created pipeline Pipeline[ Id: d227d880-b728-4102-8d96-b8dad6284165, Nodes: eb54e0f1-19f2-4eeb-9522-1404b62d70c1{ip: 192.168.34.43, host: pr-hdds-1737-dstl4-2900247166, networkLocation: /default-rack, certSerialId: null}, Type:RATIS, Factor:ONE, State:OPEN]
2019-10-16 07:48:44,172 [grpc-default-executor-0] INFO  impl.RaftServerProxy (RaftServerProxy.java:addNew(89)) - 3e390cd5-6e5f-4e4a-89b9-5d2d9c64b08e: addNew group-5CD8F3FDC811:[3e390cd5-6e5f-4e4a-89b9-5d2d9c64b08e:192.168.34.43:35883] returns group-5CD8F3FDC811:java.util.concurrent.CompletableFuture@3b010d0e[Not completed]
2019-10-16 07:48:44,183 [pool-37-thread-1] INFO  impl.RaftServerImpl (RaftServerImpl.java:<init>(104)) - 3e390cd5-6e5f-4e4a-89b9-5d2d9c64b08e: new RaftServerImpl for group-5CD8F3FDC811:[3e390cd5-6e5f-4e4a-89b9-5d2d9c64b08e:192.168.34.43:35883] with ContainerStateMachine:uninitialized
2019-10-16 07:48:44,183 [pool-37-thread-1] INFO  server.RaftServerConfigKeys (ConfUtils.java:logGet(43)) - raft.server.rpc.timeout.min = 5s (custom)
2019-10-16 07:48:44,184 [pool-37-thread-1] INFO  server.RaftServerConfigKeys (ConfUtils.java:logGet(43)) - raft.server.rpc.timeout.max = 5200ms (custom)
2019-10-16 07:48:44,184 [pool-37-thread-1] INFO  server.RaftServerConfigKeys (ConfUtils.java:logGet(43)) - raft.server.rpcslowness.timeout = 120s (custom)
2019-10-16 07:48:44,184 [pool-37-thread-1] INFO  server.RaftServerConfigKeys (ConfUtils.java:logGet(43)) - raft.server.sleep.deviation.threshold = 300 (default)
2019-10-16 07:48:44,184 [pool-37-thread-1] INFO  server.RaftServerConfigKeys (ConfUtils.java:logGet(43)) - raft.server.log.appender.install.snapshot.enabled = false (custom)
2019-10-16 07:48:44,184 [pool-37-thread-1] INFO  impl.RaftServerImpl (ServerState.java:<init>(103)) - 3e390cd5-6e5f-4e4a-89b9-5d2d9c64b08e@group-5CD8F3FDC811: ConfigurationManager, init=-1: [3e390cd5-6e5f-4e4a-89b9-5d2d9c64b08e:192.168.34.43:35883], old=null, confs=<EMPTY_MAP>
2019-10-16 07:48:44,184 [pool-37-thread-1] INFO  server.RaftServerConfigKeys (ConfUtils.java:logGet(43)) - raft.server.storage.dir = [/workdir/hadoop-ozone/integration-test/target/test-dir/MiniOzoneClusterImpl-09750a2c-58c2-4184-91d8-c66eda428939/datanode-1/data/ratis] (custom)
2019-10-16 07:48:44,185 [pool-37-thread-1] INFO  server.RaftServerConfigKeys (ConfUtils.java:logGet(43)) - raft.server.log.corruption.policy = EXCEPTION (default)
2019-10-16 07:48:44,185 [pool-37-thread-1] INFO  storage.RaftStorageDirectory (RaftStorageDirectory.java:analyzeStorage(246)) - The storage directory /workdir/hadoop-ozone/integration-test/target/test-dir/MiniOzoneClusterImpl-09750a2c-58c2-4184-91d8-c66eda428939/datanode-1/data/ratis/21765786-9b4e-495e-b170-5cd8f3fdc811 does not exist. Creating ...
2019-10-16 07:48:44,198 [pool-37-thread-1] INFO  storage.RaftStorageDirectory (RaftStorageDirectory.java:tryLock(328)) - Lock on /workdir/hadoop-ozone/integration-test/target/test-dir/MiniOzoneClusterImpl-09750a2c-58c2-4184-91d8-c66eda428939/datanode-1/data/ratis/21765786-9b4e-495e-b170-5cd8f3fdc811/in_use.lock acquired by nodename 7649@pr-hdds-1737-dstl4-2900247166
2019-10-16 07:48:44,210 [pool-37-thread-1] INFO  storage.RaftStorage (RaftStorage.java:format(84)) - Storage directory /workdir/hadoop-ozone/integration-test/target/test-dir/MiniOzoneClusterImpl-09750a2c-58c2-4184-91d8-c66eda428939/datanode-1/data/ratis/21765786-9b4e-495e-b170-5cd8f3fdc811 has been successfully formatted.
2019-10-16 07:48:44,210 [pool-37-thread-1] INFO  ratis.ContainerStateMachine (ContainerStateMachine.java:loadSnapshot(231)) - group-5CD8F3FDC811: The snapshot info is null. Setting the last applied indexto:(t:0, i:~)
2019-10-16 07:48:44,211 [pool-37-thread-1] INFO  server.RaftServerConfigKeys (ConfUtils.java:logGet(43)) - raft.server.notification.no-leader.timeout = 120s (custom)
2019-10-16 07:48:44,211 [pool-37-thread-1] INFO  server.RaftServerConfigKeys (ConfUtils.java:logGet(43)) - raft.server.log.use.memory = false (default)
2019-10-16 07:48:44,211 [pool-37-thread-1] INFO  server.RaftServerConfigKeys (ConfUtils.java:logGet(43)) - raft.server.log.purge.gap = 1000000 (custom)
2019-10-16 07:48:44,211 [pool-37-thread-1] INFO  server.RaftServerConfigKeys (ConfUtils.java:logGet(43)) - raft.server.log.appender.buffer.byte-limit = 33554432 (custom)
2019-10-16 07:48:44,211 [pool-37-thread-1] INFO  server.RaftServerConfigKeys (ConfUtils.java:logGet(43)) - raft.server.log.segment.size.max = 1048576 (custom)
2019-10-16 07:48:44,214 [pool-37-thread-1] INFO  server.RaftServerConfigKeys (ConfUtils.java:logGet(43)) - raft.server.log.segment.cache.num.max = 2 (custom)
2019-10-16 07:48:44,214 [pool-37-thread-1] INFO  segmented.SegmentedRaftLogWorker (SegmentedRaftLogWorker.java:<init>(173)) - new 3e390cd5-6e5f-4e4a-89b9-5d2d9c64b08e@group-5CD8F3FDC811-SegmentedRaftLogWorker for RaftStorage:Storage Directory /workdir/hadoop-ozone/integration-test/target/test-dir/MiniOzoneClusterImpl-09750a2c-58c2-4184-91d8-c66eda428939/datanode-1/data/ratis/21765786-9b4e-495e-b170-5cd8f3fdc811
2019-10-16 07:48:44,214 [pool-37-thread-1] INFO  server.RaftServerConfigKeys (ConfUtils.java:logGet(43)) - raft.server.log.queue.byte-limit = 2147483647 (custom)
2019-10-16 07:48:44,214 [pool-37-thread-1] INFO  server.RaftServerConfigKeys (ConfUtils.java:logGet(43)) - raft.server.log.queue.element-limit = 1024 (custom)
2019-10-16 07:48:44,214 [pool-37-thread-1] INFO  server.RaftServerConfigKeys (ConfUtils.java:logGet(43)) - raft.server.log.segment.size.max = 1048576 (custom)
2019-10-16 07:48:44,215 [pool-37-thread-1] INFO  server.RaftServerConfigKeys (ConfUtils.java:logGet(43)) - raft.server.log.preallocated.size = 16384 (custom)
2019-10-16 07:48:44,215 [pool-37-thread-1] INFO  server.RaftServerConfigKeys (ConfUtils.java:logGet(43)) - raft.server.log.write.buffer.size = 33554432 (custom)
2019-10-16 07:48:44,215 [pool-37-thread-1] INFO  server.RaftServerConfigKeys (ConfUtils.java:logGet(43)) - raft.server.log.force.sync.num = 128 (default)
2019-10-16 07:48:44,215 [pool-37-thread-1] INFO  server.RaftServerConfigKeys (ConfUtils.java:logGet(43)) - raft.server.log.statemachine.data.sync = true (default)
2019-10-16 07:48:44,215 [pool-37-thread-1] INFO  server.RaftServerConfigKeys (ConfUtils.java:logGet(43)) - raft.server.log.statemachine.data.sync.timeout = 10s (default)
2019-10-16 07:48:44,215 [pool-37-thread-1] INFO  server.RaftServerConfigKeys (ConfUtils.java:logGet(43)) - raft.server.log.statemachine.data.sync.timeout.retry = -1 (default)
2019-10-16 07:48:44,216 [pool-37-thread-1] INFO  server.RaftServerConfigKeys (ConfUtils.java:logGet(43)) - raft.server.log.statemachine.data.caching.enabled = true (custom)
2019-10-16 07:48:44,217 [pool-37-thread-1] INFO  segmented.SegmentedRaftLogWorker (SegmentedRaftLogWorker.java:lambda$new$0(128)) - 3e390cd5-6e5f-4e4a-89b9-5d2d9c64b08e@group-5CD8F3FDC811-SegmentedRaftLogWorker: flushIndex: setUnconditionally 0 -> -1
2019-10-16 07:48:44,217 [pool-37-thread-1] INFO  server.RaftServerConfigKeys (ConfUtils.java:logGet(43)) - raft.server.snapshot.auto.trigger.enabled = true (custom)
2019-10-16 07:48:44,217 [pool-37-thread-1] INFO  server.RaftServerConfigKeys (ConfUtils.java:logGet(43)) - raft.server.snapshot.auto.trigger.threshold = 10000 (custom)
2019-10-16 07:48:44,217 [pool-37-thread-1] INFO  server.RaftServerConfigKeys (ConfUtils.java:logGet(43)) - raft.server.snapshot.retention.file.num = 5 (custom)
2019-10-16 07:48:44,218 [pool-37-thread-1] INFO  server.RaftServerConfigKeys (ConfUtils.java:logGet(43)) - raft.server.retrycache.expirytime = 600000ms (custom)
2019-10-16 07:48:44,223 [pool-37-thread-1] INFO  impl.RaftServerImpl (RaftServerImpl.java:start(195)) - 3e390cd5-6e5f-4e4a-89b9-5d2d9c64b08e@group-5CD8F3FDC811: start as a follower, conf=-1: [3e390cd5-6e5f-4e4a-89b9-5d2d9c64b08e:192.168.34.43:35883], old=null
2019-10-16 07:48:44,223 [pool-37-thread-1] INFO  impl.RaftServerImpl (RaftServerImpl.java:setRole(184)) - 3e390cd5-6e5f-4e4a-89b9-5d2d9c64b08e@group-5CD8F3FDC811: changes role from      null to FOLLOWER at term 0 for startAsFollower
2019-10-16 07:48:44,224 [pool-37-thread-1] INFO  impl.RoleInfo (RoleInfo.java:updateAndGet(143)) - 3e390cd5-6e5f-4e4a-89b9-5d2d9c64b08e: start FollowerState
2019-10-16 07:48:44,224 [pool-37-thread-1] INFO  util.JmxRegister (JmxRegister.java:tryRegister(44)) - Successfully registered JMX Bean with object name Ratis:service=RaftServer,group=group-5CD8F3FDC811,id=3e390cd5-6e5f-4e4a-89b9-5d2d9c64b08e
2019-10-16 07:48:44,252 [RatisPipelineUtilsThread] INFO  pipeline.PipelineStateManager (PipelineStateManager.java:addPipeline(56)) - Created pipeline Pipeline[ Id: 21765786-9b4e-495e-b170-5cd8f3fdc811, Nodes: 3e390cd5-6e5f-4e4a-89b9-5d2d9c64b08e{ip: 192.168.34.43, host: pr-hdds-1737-dstl4-2900247166, networkLocation: /default-rack, certSerialId: null}, Type:RATIS, Factor:ONE, State:OPEN]
2019-10-16 07:48:44,268 [grpc-default-executor-0] INFO  impl.RaftServerProxy (RaftServerProxy.java:addNew(89)) - 00430a6c-148f-42d2-bd35-49b9937462c3: addNew group-35C46AE1CC67:[00430a6c-148f-42d2-bd35-49b9937462c3:192.168.34.43:40986] returns group-35C46AE1CC67:java.util.concurrent.CompletableFuture@381d074[Not completed]
2019-10-16 07:48:44,271 [pool-107-thread-1] INFO  impl.RaftServerImpl (RaftServerImpl.java:<init>(104)) - 00430a6c-148f-42d2-bd35-49b9937462c3: new RaftServerImpl for group-35C46AE1CC67:[00430a6c-148f-42d2-bd35-49b9937462c3:192.168.34.43:40986] with ContainerStateMachine:uninitialized
2019-10-16 07:48:44,271 [pool-107-thread-1] INFO  server.RaftServerConfigKeys (ConfUtils.java:logGet(43)) - raft.server.rpc.timeout.min = 5s (custom)
2019-10-16 07:48:44,271 [pool-107-thread-1] INFO  server.RaftServerConfigKeys (ConfUtils.java:logGet(43)) - raft.server.rpc.timeout.max = 5200ms (custom)
2019-10-16 07:48:44,271 [pool-107-thread-1] INFO  server.RaftServerConfigKeys (ConfUtils.java:logGet(43)) - raft.server.rpcslowness.timeout = 120s (custom)
2019-10-16 07:48:44,271 [pool-107-thread-1] INFO  server.RaftServerConfigKeys (ConfUtils.java:logGet(43)) - raft.server.sleep.deviation.threshold = 300 (default)
2019-10-16 07:48:44,271 [pool-107-thread-1] INFO  server.RaftServerConfigKeys (ConfUtils.java:logGet(43)) - raft.server.log.appender.install.snapshot.enabled = false (custom)
2019-10-16 07:48:44,272 [pool-107-thread-1] INFO  impl.RaftServerImpl (ServerState.java:<init>(103)) - 00430a6c-148f-42d2-bd35-49b9937462c3@group-35C46AE1CC67: ConfigurationManager, init=-1: [00430a6c-148f-42d2-bd35-49b9937462c3:192.168.34.43:40986], old=null, confs=<EMPTY_MAP>
2019-10-16 07:48:44,272 [pool-107-thread-1] INFO  server.RaftServerConfigKeys (ConfUtils.java:logGet(43)) - raft.server.storage.dir = [/workdir/hadoop-ozone/integration-test/target/test-dir/MiniOzoneClusterImpl-09750a2c-58c2-4184-91d8-c66eda428939/datanode-8/data/ratis] (custom)
2019-10-16 07:48:44,272 [pool-107-thread-1] INFO  server.RaftServerConfigKeys (ConfUtils.java:logGet(43)) - raft.server.log.corruption.policy = EXCEPTION (default)
2019-10-16 07:48:44,272 [pool-107-thread-1] INFO  storage.RaftStorageDirectory (RaftStorageDirectory.java:analyzeStorage(246)) - The storage directory /workdir/hadoop-ozone/integration-test/target/test-dir/MiniOzoneClusterImpl-09750a2c-58c2-4184-91d8-c66eda428939/datanode-8/data/ratis/f6e9b559-8014-4808-b505-35c46ae1cc67 does not exist. Creating ...
2019-10-16 07:48:44,287 [Thread-310] INFO  impl.FollowerState (FollowerState.java:run(108)) - eb54e0f1-19f2-4eeb-9522-1404b62d70c1@group-B8DAD6284165-FollowerState: change to CANDIDATE, lastRpcTime:183ms, electionTimeout:183ms
2019-10-16 07:48:44,288 [Thread-310] INFO  impl.RoleInfo (RoleInfo.java:shutdownFollowerState(121)) - eb54e0f1-19f2-4eeb-9522-1404b62d70c1: shutdown FollowerState
2019-10-16 07:48:44,288 [Thread-310] INFO  impl.RaftServerImpl (RaftServerImpl.java:setRole(184)) - eb54e0f1-19f2-4eeb-9522-1404b62d70c1@group-B8DAD6284165: changes role from  FOLLOWER to CANDIDATE at term 0 for changeToCandidate
2019-10-16 07:48:44,288 [Thread-310] INFO  impl.RoleInfo (RoleInfo.java:updateAndGet(143)) - eb54e0f1-19f2-4eeb-9522-1404b62d70c1: start LeaderElection
2019-10-16 07:48:44,300 [pool-107-thread-1] INFO  storage.RaftStorageDirectory (RaftStorageDirectory.java:tryLock(328)) - Lock on /workdir/hadoop-ozone/integration-test/target/test-dir/MiniOzoneClusterImpl-09750a2c-58c2-4184-91d8-c66eda428939/datanode-8/data/ratis/f6e9b559-8014-4808-b505-35c46ae1cc67/in_use.lock acquired by nodename 7649@pr-hdds-1737-dstl4-2900247166
2019-10-16 07:48:44,300 [eb54e0f1-19f2-4eeb-9522-1404b62d70c1@group-B8DAD6284165-LeaderElection6] INFO  impl.LeaderElection (LeaderElection.java:askForVotes(178)) - eb54e0f1-19f2-4eeb-9522-1404b62d70c1@group-B8DAD6284165-LeaderElection6: begin an election at term 1 for -1: [eb54e0f1-19f2-4eeb-9522-1404b62d70c1:192.168.34.43:32785], old=null
2019-10-16 07:48:44,300 [eb54e0f1-19f2-4eeb-9522-1404b62d70c1@group-B8DAD6284165-LeaderElection6] INFO  impl.RoleInfo (RoleInfo.java:shutdownLeaderElection(134)) - eb54e0f1-19f2-4eeb-9522-1404b62d70c1: shutdown LeaderElection
2019-10-16 07:48:44,300 [eb54e0f1-19f2-4eeb-9522-1404b62d70c1@group-B8DAD6284165-LeaderElection6] INFO  impl.RaftServerImpl (RaftServerImpl.java:setRole(184)) - eb54e0f1-19f2-4eeb-9522-1404b62d70c1@group-B8DAD6284165: changes role from CANDIDATE to LEADER at term 1 for changeToLeader
2019-10-16 07:48:44,300 [eb54e0f1-19f2-4eeb-9522-1404b62d70c1@group-B8DAD6284165-LeaderElection6] INFO  impl.RaftServerImpl (ServerState.java:setLeader(256)) - eb54e0f1-19f2-4eeb-9522-1404b62d70c1@group-B8DAD6284165: change Leader from null to eb54e0f1-19f2-4eeb-9522-1404b62d70c1 at term 1 for becomeLeader, leader elected after 213ms
2019-10-16 07:48:44,300 [eb54e0f1-19f2-4eeb-9522-1404b62d70c1@group-B8DAD6284165-LeaderElection6] INFO  server.RaftServerConfigKeys (ConfUtils.java:logGet(43)) - raft.server.staging.catchup.gap = 1000 (default)
2019-10-16 07:48:44,301 [eb54e0f1-19f2-4eeb-9522-1404b62d70c1@group-B8DAD6284165-LeaderElection6] INFO  server.RaftServerConfigKeys (ConfUtils.java:logGet(43)) - raft.server.rpc.sleep.time = 25ms (default)
2019-10-16 07:48:44,301 [eb54e0f1-19f2-4eeb-9522-1404b62d70c1@group-B8DAD6284165-LeaderElection6] INFO  server.RaftServerConfigKeys (ConfUtils.java:logGet(43)) - raft.server.write.element-limit = 4096 (default)
2019-10-16 07:48:44,301 [eb54e0f1-19f2-4eeb-9522-1404b62d70c1@group-B8DAD6284165-LeaderElection6] INFO  server.RaftServerConfigKeys (ConfUtils.java:logGet(43)) - raft.server.watch.timeout = 10s (default)
2019-10-16 07:48:44,301 [eb54e0f1-19f2-4eeb-9522-1404b62d70c1@group-B8DAD6284165-LeaderElection6] INFO  server.RaftServerConfigKeys (ConfUtils.java:logGet(43)) - raft.server.watch.timeout.denomination = 1s (default)
2019-10-16 07:48:44,301 [eb54e0f1-19f2-4eeb-9522-1404b62d70c1@group-B8DAD6284165-LeaderElection6] INFO  server.RaftServerConfigKeys (ConfUtils.java:logGet(43)) - raft.server.watch.element-limit = 65536 (default)
2019-10-16 07:48:44,305 [eb54e0f1-19f2-4eeb-9522-1404b62d70c1@group-B8DAD6284165-LeaderElection6] INFO  impl.RoleInfo (RoleInfo.java:updateAndGet(143)) - eb54e0f1-19f2-4eeb-9522-1404b62d70c1: start LeaderState
2019-10-16 07:48:44,305 [eb54e0f1-19f2-4eeb-9522-1404b62d70c1@group-B8DAD6284165-LeaderElection6] INFO  segmented.SegmentedRaftLogWorker (SegmentedRaftLogWorker.java:startLogSegment(385)) - eb54e0f1-19f2-4eeb-9522-1404b62d70c1@group-B8DAD6284165-SegmentedRaftLogWorker: Starting segment from index:0
2019-10-16 07:48:44,306 [eb54e0f1-19f2-4eeb-9522-1404b62d70c1@group-B8DAD6284165-LeaderElection6] INFO  impl.RaftServerImpl (ServerState.java:setRaftConf(357)) - eb54e0f1-19f2-4eeb-9522-1404b62d70c1@group-B8DAD6284165: set configuration 0: [eb54e0f1-19f2-4eeb-9522-1404b62d70c1:192.168.34.43:32785], old=null at 0
2019-10-16 07:48:44,335 [pool-107-thread-1] INFO  storage.RaftStorage (RaftStorage.java:format(84)) - Storage directory /workdir/hadoop-ozone/integration-test/target/test-dir/MiniOzoneClusterImpl-09750a2c-58c2-4184-91d8-c66eda428939/datanode-8/data/ratis/f6e9b559-8014-4808-b505-35c46ae1cc67 has been successfully formatted.
2019-10-16 07:48:44,335 [pool-107-thread-1] INFO  ratis.ContainerStateMachine (ContainerStateMachine.java:loadSnapshot(231)) - group-35C46AE1CC67: The snapshot info is null. Setting the last applied indexto:(t:0, i:~)
2019-10-16 07:48:44,335 [pool-107-thread-1] INFO  server.RaftServerConfigKeys (ConfUtils.java:logGet(43)) - raft.server.notification.no-leader.timeout = 120s (custom)
2019-10-16 07:48:44,335 [pool-107-thread-1] INFO  server.RaftServerConfigKeys (ConfUtils.java:logGet(43)) - raft.server.log.use.memory = false (default)
2019-10-16 07:48:44,336 [pool-107-thread-1] INFO  server.RaftServerConfigKeys (ConfUtils.java:logGet(43)) - raft.server.log.purge.gap = 1000000 (custom)
2019-10-16 07:48:44,336 [pool-107-thread-1] INFO  server.RaftServerConfigKeys (ConfUtils.java:logGet(43)) - raft.server.log.appender.buffer.byte-limit = 33554432 (custom)
2019-10-16 07:48:44,336 [pool-107-thread-1] INFO  server.RaftServerConfigKeys (ConfUtils.java:logGet(43)) - raft.server.log.segment.size.max = 1048576 (custom)
2019-10-16 07:48:44,339 [pool-107-thread-1] INFO  server.RaftServerConfigKeys (ConfUtils.java:logGet(43)) - raft.server.log.segment.cache.num.max = 2 (custom)
2019-10-16 07:48:44,339 [pool-107-thread-1] INFO  segmented.SegmentedRaftLogWorker (SegmentedRaftLogWorker.java:<init>(173)) - new 00430a6c-148f-42d2-bd35-49b9937462c3@group-35C46AE1CC67-SegmentedRaftLogWorker for RaftStorage:Storage Directory /workdir/hadoop-ozone/integration-test/target/test-dir/MiniOzoneClusterImpl-09750a2c-58c2-4184-91d8-c66eda428939/datanode-8/data/ratis/f6e9b559-8014-4808-b505-35c46ae1cc67
2019-10-16 07:48:44,339 [pool-107-thread-1] INFO  server.RaftServerConfigKeys (ConfUtils.java:logGet(43)) - raft.server.log.queue.byte-limit = 2147483647 (custom)
2019-10-16 07:48:44,339 [pool-107-thread-1] INFO  server.RaftServerConfigKeys (ConfUtils.java:logGet(43)) - raft.server.log.queue.element-limit = 1024 (custom)
2019-10-16 07:48:44,339 [pool-107-thread-1] INFO  server.RaftServerConfigKeys (ConfUtils.java:logGet(43)) - raft.server.log.segment.size.max = 1048576 (custom)
2019-10-16 07:48:44,339 [pool-107-thread-1] INFO  server.RaftServerConfigKeys (ConfUtils.java:logGet(43)) - raft.server.log.preallocated.size = 16384 (custom)
2019-10-16 07:48:44,339 [pool-107-thread-1] INFO  server.RaftServerConfigKeys (ConfUtils.java:logGet(43)) - raft.server.log.write.buffer.size = 33554432 (custom)
2019-10-16 07:48:44,340 [pool-107-thread-1] INFO  server.RaftServerConfigKeys (ConfUtils.java:logGet(43)) - raft.server.log.force.sync.num = 128 (default)
2019-10-16 07:48:44,340 [pool-107-thread-1] INFO  server.RaftServerConfigKeys (ConfUtils.java:logGet(43)) - raft.server.log.statemachine.data.sync = true (default)
2019-10-16 07:48:44,340 [pool-107-thread-1] INFO  server.RaftServerConfigKeys (ConfUtils.java:logGet(43)) - raft.server.log.statemachine.data.sync.timeout = 10s (default)
2019-10-16 07:48:44,340 [pool-107-thread-1] INFO  server.RaftServerConfigKeys (ConfUtils.java:logGet(43)) - raft.server.log.statemachine.data.sync.timeout.retry = -1 (default)
2019-10-16 07:48:44,341 [pool-107-thread-1] INFO  server.RaftServerConfigKeys (ConfUtils.java:logGet(43)) - raft.server.log.statemachine.data.caching.enabled = true (custom)
2019-10-16 07:48:44,341 [pool-107-thread-1] INFO  segmented.SegmentedRaftLogWorker (SegmentedRaftLogWorker.java:lambda$new$0(128)) - 00430a6c-148f-42d2-bd35-49b9937462c3@group-35C46AE1CC67-SegmentedRaftLogWorker: flushIndex: setUnconditionally 0 -> -1
2019-10-16 07:48:44,341 [pool-107-thread-1] INFO  server.RaftServerConfigKeys (ConfUtils.java:logGet(43)) - raft.server.snapshot.auto.trigger.enabled = true (custom)
2019-10-16 07:48:44,341 [pool-107-thread-1] INFO  server.RaftServerConfigKeys (ConfUtils.java:logGet(43)) - raft.server.snapshot.auto.trigger.threshold = 10000 (custom)
2019-10-16 07:48:44,341 [pool-107-thread-1] INFO  server.RaftServerConfigKeys (ConfUtils.java:logGet(43)) - raft.server.snapshot.retention.file.num = 5 (custom)
2019-10-16 07:48:44,342 [pool-107-thread-1] INFO  server.RaftServerConfigKeys (ConfUtils.java:logGet(43)) - raft.server.retrycache.expirytime = 600000ms (custom)
2019-10-16 07:48:44,347 [eb54e0f1-19f2-4eeb-9522-1404b62d70c1@group-B8DAD6284165-SegmentedRaftLogWorker] INFO  segmented.SegmentedRaftLogWorker (SegmentedRaftLogWorker.java:execute(576)) - eb54e0f1-19f2-4eeb-9522-1404b62d70c1@group-B8DAD6284165-SegmentedRaftLogWorker: created new log segment /workdir/hadoop-ozone/integration-test/target/test-dir/MiniOzoneClusterImpl-09750a2c-58c2-4184-91d8-c66eda428939/datanode-6/data/ratis/d227d880-b728-4102-8d96-b8dad6284165/current/log_inprogress_0
2019-10-16 07:48:44,348 [pool-107-thread-1] INFO  impl.RaftServerImpl (RaftServerImpl.java:start(195)) - 00430a6c-148f-42d2-bd35-49b9937462c3@group-35C46AE1CC67: start as a follower, conf=-1: [00430a6c-148f-42d2-bd35-49b9937462c3:192.168.34.43:40986], old=null
2019-10-16 07:48:44,348 [pool-107-thread-1] INFO  impl.RaftServerImpl (RaftServerImpl.java:setRole(184)) - 00430a6c-148f-42d2-bd35-49b9937462c3@group-35C46AE1CC67: changes role from      null to FOLLOWER at term 0 for startAsFollower
2019-10-16 07:48:44,348 [pool-107-thread-1] INFO  impl.RoleInfo (RoleInfo.java:updateAndGet(143)) - 00430a6c-148f-42d2-bd35-49b9937462c3: start FollowerState
2019-10-16 07:48:44,348 [pool-107-thread-1] INFO  util.JmxRegister (JmxRegister.java:tryRegister(44)) - Successfully registered JMX Bean with object name Ratis:service=RaftServer,group=group-35C46AE1CC67,id=00430a6c-148f-42d2-bd35-49b9937462c3
2019-10-16 07:48:44,363 [RatisPipelineUtilsThread] INFO  pipeline.PipelineStateManager (PipelineStateManager.java:addPipeline(56)) - Created pipeline Pipeline[ Id: f6e9b559-8014-4808-b505-35c46ae1cc67, Nodes: 00430a6c-148f-42d2-bd35-49b9937462c3{ip: 192.168.34.43, host: pr-hdds-1737-dstl4-2900247166, networkLocation: /default-rack, certSerialId: null}, Type:RATIS, Factor:ONE, State:OPEN]
2019-10-16 07:48:44,382 [grpc-default-executor-1] INFO  impl.RaftServerProxy (RaftServerProxy.java:addNew(89)) - 4ffee07d-169c-4709-8390-13e847b22477: addNew group-475307A294D8:[4ffee07d-169c-4709-8390-13e847b22477:192.168.34.43:45950] returns group-475307A294D8:java.util.concurrent.CompletableFuture@156050c8[Not completed]
2019-10-16 07:48:44,386 [pool-117-thread-1] INFO  impl.RaftServerImpl (RaftServerImpl.java:<init>(104)) - 4ffee07d-169c-4709-8390-13e847b22477: new RaftServerImpl for group-475307A294D8:[4ffee07d-169c-4709-8390-13e847b22477:192.168.34.43:45950] with ContainerStateMachine:uninitialized
2019-10-16 07:48:44,386 [pool-117-thread-1] INFO  server.RaftServerConfigKeys (ConfUtils.java:logGet(43)) - raft.server.rpc.timeout.min = 5s (custom)
2019-10-16 07:48:44,387 [pool-117-thread-1] INFO  server.RaftServerConfigKeys (ConfUtils.java:logGet(43)) - raft.server.rpc.timeout.max = 5200ms (custom)
2019-10-16 07:48:44,387 [pool-117-thread-1] INFO  server.RaftServerConfigKeys (ConfUtils.java:logGet(43)) - raft.server.rpcslowness.timeout = 120s (custom)
2019-10-16 07:48:44,387 [pool-117-thread-1] INFO  server.RaftServerConfigKeys (ConfUtils.java:logGet(43)) - raft.server.sleep.deviation.threshold = 300 (default)
2019-10-16 07:48:44,387 [pool-117-thread-1] INFO  server.RaftServerConfigKeys (ConfUtils.java:logGet(43)) - raft.server.log.appender.install.snapshot.enabled = false (custom)
2019-10-16 07:48:44,387 [pool-117-thread-1] INFO  impl.RaftServerImpl (ServerState.java:<init>(103)) - 4ffee07d-169c-4709-8390-13e847b22477@group-475307A294D8: ConfigurationManager, init=-1: [4ffee07d-169c-4709-8390-13e847b22477:192.168.34.43:45950], old=null, confs=<EMPTY_MAP>
2019-10-16 07:48:44,387 [pool-117-thread-1] INFO  server.RaftServerConfigKeys (ConfUtils.java:logGet(43)) - raft.server.storage.dir = [/workdir/hadoop-ozone/integration-test/target/test-dir/MiniOzoneClusterImpl-09750a2c-58c2-4184-91d8-c66eda428939/datanode-9/data/ratis] (custom)
2019-10-16 07:48:44,388 [pool-117-thread-1] INFO  server.RaftServerConfigKeys (ConfUtils.java:logGet(43)) - raft.server.log.corruption.policy = EXCEPTION (default)
2019-10-16 07:48:44,388 [pool-117-thread-1] INFO  storage.RaftStorageDirectory (RaftStorageDirectory.java:analyzeStorage(246)) - The storage directory /workdir/hadoop-ozone/integration-test/target/test-dir/MiniOzoneClusterImpl-09750a2c-58c2-4184-91d8-c66eda428939/datanode-9/data/ratis/1c46bc72-2b94-49c4-bdc4-475307a294d8 does not exist. Creating ...
2019-10-16 07:48:44,401 [pool-117-thread-1] INFO  storage.RaftStorageDirectory (RaftStorageDirectory.java:tryLock(328)) - Lock on /workdir/hadoop-ozone/integration-test/target/test-dir/MiniOzoneClusterImpl-09750a2c-58c2-4184-91d8-c66eda428939/datanode-9/data/ratis/1c46bc72-2b94-49c4-bdc4-475307a294d8/in_use.lock acquired by nodename 7649@pr-hdds-1737-dstl4-2900247166
2019-10-16 07:48:44,417 [pool-117-thread-1] INFO  storage.RaftStorage (RaftStorage.java:format(84)) - Storage directory /workdir/hadoop-ozone/integration-test/target/test-dir/MiniOzoneClusterImpl-09750a2c-58c2-4184-91d8-c66eda428939/datanode-9/data/ratis/1c46bc72-2b94-49c4-bdc4-475307a294d8 has been successfully formatted.
2019-10-16 07:48:44,417 [pool-117-thread-1] INFO  ratis.ContainerStateMachine (ContainerStateMachine.java:loadSnapshot(231)) - group-475307A294D8: The snapshot info is null. Setting the last applied indexto:(t:0, i:~)
2019-10-16 07:48:44,418 [pool-117-thread-1] INFO  server.RaftServerConfigKeys (ConfUtils.java:logGet(43)) - raft.server.notification.no-leader.timeout = 120s (custom)
2019-10-16 07:48:44,418 [pool-117-thread-1] INFO  server.RaftServerConfigKeys (ConfUtils.java:logGet(43)) - raft.server.log.use.memory = false (default)
2019-10-16 07:48:44,418 [pool-117-thread-1] INFO  server.RaftServerConfigKeys (ConfUtils.java:logGet(43)) - raft.server.log.purge.gap = 1000000 (custom)
2019-10-16 07:48:44,418 [pool-117-thread-1] INFO  server.RaftServerConfigKeys (ConfUtils.java:logGet(43)) - raft.server.log.appender.buffer.byte-limit = 33554432 (custom)
2019-10-16 07:48:44,418 [pool-117-thread-1] INFO  server.RaftServerConfigKeys (ConfUtils.java:logGet(43)) - raft.server.log.segment.size.max = 1048576 (custom)
2019-10-16 07:48:44,419 [Thread-313] INFO  impl.FollowerState (FollowerState.java:run(108)) - 3e390cd5-6e5f-4e4a-89b9-5d2d9c64b08e@group-5CD8F3FDC811-FollowerState: change to CANDIDATE, lastRpcTime:195ms, electionTimeout:195ms
2019-10-16 07:48:44,419 [Thread-313] INFO  impl.RoleInfo (RoleInfo.java:shutdownFollowerState(121)) - 3e390cd5-6e5f-4e4a-89b9-5d2d9c64b08e: shutdown FollowerState
2019-10-16 07:48:44,419 [Thread-313] INFO  impl.RaftServerImpl (RaftServerImpl.java:setRole(184)) - 3e390cd5-6e5f-4e4a-89b9-5d2d9c64b08e@group-5CD8F3FDC811: changes role from  FOLLOWER to CANDIDATE at term 0 for changeToCandidate
2019-10-16 07:48:44,420 [Thread-313] INFO  impl.RoleInfo (RoleInfo.java:updateAndGet(143)) - 3e390cd5-6e5f-4e4a-89b9-5d2d9c64b08e: start LeaderElection
2019-10-16 07:48:44,425 [pool-117-thread-1] INFO  server.RaftServerConfigKeys (ConfUtils.java:logGet(43)) - raft.server.log.segment.cache.num.max = 2 (custom)
2019-10-16 07:48:44,426 [pool-117-thread-1] INFO  segmented.SegmentedRaftLogWorker (SegmentedRaftLogWorker.java:<init>(173)) - new 4ffee07d-169c-4709-8390-13e847b22477@group-475307A294D8-SegmentedRaftLogWorker for RaftStorage:Storage Directory /workdir/hadoop-ozone/integration-test/target/test-dir/MiniOzoneClusterImpl-09750a2c-58c2-4184-91d8-c66eda428939/datanode-9/data/ratis/1c46bc72-2b94-49c4-bdc4-475307a294d8
2019-10-16 07:48:44,426 [pool-117-thread-1] INFO  server.RaftServerConfigKeys (ConfUtils.java:logGet(43)) - raft.server.log.queue.byte-limit = 2147483647 (custom)
2019-10-16 07:48:44,426 [pool-117-thread-1] INFO  server.RaftServerConfigKeys (ConfUtils.java:logGet(43)) - raft.server.log.queue.element-limit = 1024 (custom)
2019-10-16 07:48:44,426 [pool-117-thread-1] INFO  server.RaftServerConfigKeys (ConfUtils.java:logGet(43)) - raft.server.log.segment.size.max = 1048576 (custom)
2019-10-16 07:48:44,426 [pool-117-thread-1] INFO  server.RaftServerConfigKeys (ConfUtils.java:logGet(43)) - raft.server.log.preallocated.size = 16384 (custom)
2019-10-16 07:48:44,426 [pool-117-thread-1] INFO  server.RaftServerConfigKeys (ConfUtils.java:logGet(43)) - raft.server.log.write.buffer.size = 33554432 (custom)
2019-10-16 07:48:44,427 [pool-117-thread-1] INFO  server.RaftServerConfigKeys (ConfUtils.java:logGet(43)) - raft.server.log.force.sync.num = 128 (default)
2019-10-16 07:48:44,427 [pool-117-thread-1] INFO  server.RaftServerConfigKeys (ConfUtils.java:logGet(43)) - raft.server.log.statemachine.data.sync = true (default)
2019-10-16 07:48:44,427 [pool-117-thread-1] INFO  server.RaftServerConfigKeys (ConfUtils.java:logGet(43)) - raft.server.log.statemachine.data.sync.timeout = 10s (default)
2019-10-16 07:48:44,427 [pool-117-thread-1] INFO  server.RaftServerConfigKeys (ConfUtils.java:logGet(43)) - raft.server.log.statemachine.data.sync.timeout.retry = -1 (default)
2019-10-16 07:48:44,428 [pool-117-thread-1] INFO  server.RaftServerConfigKeys (ConfUtils.java:logGet(43)) - raft.server.log.statemachine.data.caching.enabled = true (custom)
2019-10-16 07:48:44,428 [pool-117-thread-1] INFO  segmented.SegmentedRaftLogWorker (SegmentedRaftLogWorker.java:lambda$new$0(128)) - 4ffee07d-169c-4709-8390-13e847b22477@group-475307A294D8-SegmentedRaftLogWorker: flushIndex: setUnconditionally 0 -> -1
2019-10-16 07:48:44,428 [pool-117-thread-1] INFO  server.RaftServerConfigKeys (ConfUtils.java:logGet(43)) - raft.server.snapshot.auto.trigger.enabled = true (custom)
2019-10-16 07:48:44,429 [pool-117-thread-1] INFO  server.RaftServerConfigKeys (ConfUtils.java:logGet(43)) - raft.server.snapshot.auto.trigger.threshold = 10000 (custom)
2019-10-16 07:48:44,429 [pool-117-thread-1] INFO  server.RaftServerConfigKeys (ConfUtils.java:logGet(43)) - raft.server.snapshot.retention.file.num = 5 (custom)
2019-10-16 07:48:44,429 [pool-117-thread-1] INFO  server.RaftServerConfigKeys (ConfUtils.java:logGet(43)) - raft.server.retrycache.expirytime = 600000ms (custom)
2019-10-16 07:48:44,434 [pool-117-thread-1] INFO  impl.RaftServerImpl (RaftServerImpl.java:start(195)) - 4ffee07d-169c-4709-8390-13e847b22477@group-475307A294D8: start as a follower, conf=-1: [4ffee07d-169c-4709-8390-13e847b22477:192.168.34.43:45950], old=null
2019-10-16 07:48:44,434 [pool-117-thread-1] INFO  impl.RaftServerImpl (RaftServerImpl.java:setRole(184)) - 4ffee07d-169c-4709-8390-13e847b22477@group-475307A294D8: changes role from      null to FOLLOWER at term 0 for startAsFollower
2019-10-16 07:48:44,435 [pool-117-thread-1] INFO  impl.RoleInfo (RoleInfo.java:updateAndGet(143)) - 4ffee07d-169c-4709-8390-13e847b22477: start FollowerState
2019-10-16 07:48:44,435 [pool-117-thread-1] INFO  util.JmxRegister (JmxRegister.java:tryRegister(44)) - Successfully registered JMX Bean with object name Ratis:service=RaftServer,group=group-475307A294D8,id=4ffee07d-169c-4709-8390-13e847b22477
2019-10-16 07:48:44,437 [3e390cd5-6e5f-4e4a-89b9-5d2d9c64b08e@group-5CD8F3FDC811-LeaderElection7] INFO  impl.LeaderElection (LeaderElection.java:askForVotes(178)) - 3e390cd5-6e5f-4e4a-89b9-5d2d9c64b08e@group-5CD8F3FDC811-LeaderElection7: begin an election at term 1 for -1: [3e390cd5-6e5f-4e4a-89b9-5d2d9c64b08e:192.168.34.43:35883], old=null
2019-10-16 07:48:44,437 [3e390cd5-6e5f-4e4a-89b9-5d2d9c64b08e@group-5CD8F3FDC811-LeaderElection7] INFO  impl.RoleInfo (RoleInfo.java:shutdownLeaderElection(134)) - 3e390cd5-6e5f-4e4a-89b9-5d2d9c64b08e: shutdown LeaderElection
2019-10-16 07:48:44,437 [3e390cd5-6e5f-4e4a-89b9-5d2d9c64b08e@group-5CD8F3FDC811-LeaderElection7] INFO  impl.RaftServerImpl (RaftServerImpl.java:setRole(184)) - 3e390cd5-6e5f-4e4a-89b9-5d2d9c64b08e@group-5CD8F3FDC811: changes role from CANDIDATE to LEADER at term 1 for changeToLeader
2019-10-16 07:48:44,437 [3e390cd5-6e5f-4e4a-89b9-5d2d9c64b08e@group-5CD8F3FDC811-LeaderElection7] INFO  impl.RaftServerImpl (ServerState.java:setLeader(256)) - 3e390cd5-6e5f-4e4a-89b9-5d2d9c64b08e@group-5CD8F3FDC811: change Leader from null to 3e390cd5-6e5f-4e4a-89b9-5d2d9c64b08e at term 1 for becomeLeader, leader elected after 226ms
2019-10-16 07:48:44,437 [3e390cd5-6e5f-4e4a-89b9-5d2d9c64b08e@group-5CD8F3FDC811-LeaderElection7] INFO  server.RaftServerConfigKeys (ConfUtils.java:logGet(43)) - raft.server.staging.catchup.gap = 1000 (default)
2019-10-16 07:48:44,438 [3e390cd5-6e5f-4e4a-89b9-5d2d9c64b08e@group-5CD8F3FDC811-LeaderElection7] INFO  server.RaftServerConfigKeys (ConfUtils.java:logGet(43)) - raft.server.rpc.sleep.time = 25ms (default)
2019-10-16 07:48:44,438 [3e390cd5-6e5f-4e4a-89b9-5d2d9c64b08e@group-5CD8F3FDC811-LeaderElection7] INFO  server.RaftServerConfigKeys (ConfUtils.java:logGet(43)) - raft.server.write.element-limit = 4096 (default)
2019-10-16 07:48:44,438 [3e390cd5-6e5f-4e4a-89b9-5d2d9c64b08e@group-5CD8F3FDC811-LeaderElection7] INFO  server.RaftServerConfigKeys (ConfUtils.java:logGet(43)) - raft.server.watch.timeout = 10s (default)
2019-10-16 07:48:44,438 [3e390cd5-6e5f-4e4a-89b9-5d2d9c64b08e@group-5CD8F3FDC811-LeaderElection7] INFO  server.RaftServerConfigKeys (ConfUtils.java:logGet(43)) - raft.server.watch.timeout.denomination = 1s (default)
2019-10-16 07:48:44,439 [3e390cd5-6e5f-4e4a-89b9-5d2d9c64b08e@group-5CD8F3FDC811-LeaderElection7] INFO  server.RaftServerConfigKeys (ConfUtils.java:logGet(43)) - raft.server.watch.element-limit = 65536 (default)
2019-10-16 07:48:44,449 [RatisPipelineUtilsThread] INFO  pipeline.PipelineStateManager (PipelineStateManager.java:addPipeline(56)) - Created pipeline Pipeline[ Id: 1c46bc72-2b94-49c4-bdc4-475307a294d8, Nodes: 4ffee07d-169c-4709-8390-13e847b22477{ip: 192.168.34.43, host: pr-hdds-1737-dstl4-2900247166, networkLocation: /default-rack, certSerialId: null}, Type:RATIS, Factor:ONE, State:OPEN]
2019-10-16 07:48:44,449 [3e390cd5-6e5f-4e4a-89b9-5d2d9c64b08e@group-5CD8F3FDC811-LeaderElection7] INFO  impl.RoleInfo (RoleInfo.java:updateAndGet(143)) - 3e390cd5-6e5f-4e4a-89b9-5d2d9c64b08e: start LeaderState
2019-10-16 07:48:44,450 [3e390cd5-6e5f-4e4a-89b9-5d2d9c64b08e@group-5CD8F3FDC811-LeaderElection7] INFO  segmented.SegmentedRaftLogWorker (SegmentedRaftLogWorker.java:startLogSegment(385)) - 3e390cd5-6e5f-4e4a-89b9-5d2d9c64b08e@group-5CD8F3FDC811-SegmentedRaftLogWorker: Starting segment from index:0
2019-10-16 07:48:44,451 [3e390cd5-6e5f-4e4a-89b9-5d2d9c64b08e@group-5CD8F3FDC811-LeaderElection7] INFO  impl.RaftServerImpl (ServerState.java:setRaftConf(357)) - 3e390cd5-6e5f-4e4a-89b9-5d2d9c64b08e@group-5CD8F3FDC811: set configuration 0: [3e390cd5-6e5f-4e4a-89b9-5d2d9c64b08e:192.168.34.43:35883], old=null at 0
2019-10-16 07:48:44,513 [Thread-318] INFO  impl.FollowerState (FollowerState.java:run(108)) - 00430a6c-148f-42d2-bd35-49b9937462c3@group-35C46AE1CC67-FollowerState: change to CANDIDATE, lastRpcTime:165ms, electionTimeout:163ms
2019-10-16 07:48:44,514 [3e390cd5-6e5f-4e4a-89b9-5d2d9c64b08e@group-5CD8F3FDC811-SegmentedRaftLogWorker] INFO  segmented.SegmentedRaftLogWorker (SegmentedRaftLogWorker.java:execute(576)) - 3e390cd5-6e5f-4e4a-89b9-5d2d9c64b08e@group-5CD8F3FDC811-SegmentedRaftLogWorker: created new log segment /workdir/hadoop-ozone/integration-test/target/test-dir/MiniOzoneClusterImpl-09750a2c-58c2-4184-91d8-c66eda428939/datanode-1/data/ratis/21765786-9b4e-495e-b170-5cd8f3fdc811/current/log_inprogress_0
2019-10-16 07:48:44,514 [Thread-318] INFO  impl.RoleInfo (RoleInfo.java:shutdownFollowerState(121)) - 00430a6c-148f-42d2-bd35-49b9937462c3: shutdown FollowerState
2019-10-16 07:48:44,514 [Thread-318] INFO  impl.RaftServerImpl (RaftServerImpl.java:setRole(184)) - 00430a6c-148f-42d2-bd35-49b9937462c3@group-35C46AE1CC67: changes role from  FOLLOWER to CANDIDATE at term 0 for changeToCandidate
2019-10-16 07:48:44,514 [Thread-318] INFO  impl.RoleInfo (RoleInfo.java:updateAndGet(143)) - 00430a6c-148f-42d2-bd35-49b9937462c3: start LeaderElection
2019-10-16 07:48:44,524 [grpc-default-executor-1] INFO  impl.RaftServerProxy (RaftServerProxy.java:addNew(89)) - 714d39c9-4cc1-42f5-8347-e0d6eca03bcd: addNew group-6DA17B6C44CD:[714d39c9-4cc1-42f5-8347-e0d6eca03bcd:192.168.34.43:39254] returns group-6DA17B6C44CD:java.util.concurrent.CompletableFuture@72b24479[Not completed]
2019-10-16 07:48:44,527 [pool-97-thread-1] INFO  impl.RaftServerImpl (RaftServerImpl.java:<init>(104)) - 714d39c9-4cc1-42f5-8347-e0d6eca03bcd: new RaftServerImpl for group-6DA17B6C44CD:[714d39c9-4cc1-42f5-8347-e0d6eca03bcd:192.168.34.43:39254] with ContainerStateMachine:uninitialized
2019-10-16 07:48:44,527 [pool-97-thread-1] INFO  server.RaftServerConfigKeys (ConfUtils.java:logGet(43)) - raft.server.rpc.timeout.min = 5s (custom)
2019-10-16 07:48:44,527 [pool-97-thread-1] INFO  server.RaftServerConfigKeys (ConfUtils.java:logGet(43)) - raft.server.rpc.timeout.max = 5200ms (custom)
2019-10-16 07:48:44,527 [pool-97-thread-1] INFO  server.RaftServerConfigKeys (ConfUtils.java:logGet(43)) - raft.server.rpcslowness.timeout = 120s (custom)
2019-10-16 07:48:44,527 [pool-97-thread-1] INFO  server.RaftServerConfigKeys (ConfUtils.java:logGet(43)) - raft.server.sleep.deviation.threshold = 300 (default)
2019-10-16 07:48:44,527 [00430a6c-148f-42d2-bd35-49b9937462c3@group-35C46AE1CC67-LeaderElection8] INFO  impl.LeaderElection (LeaderElection.java:askForVotes(178)) - 00430a6c-148f-42d2-bd35-49b9937462c3@group-35C46AE1CC67-LeaderElection8: begin an election at term 1 for -1: [00430a6c-148f-42d2-bd35-49b9937462c3:192.168.34.43:40986], old=null
2019-10-16 07:48:44,527 [pool-97-thread-1] INFO  server.RaftServerConfigKeys (ConfUtils.java:logGet(43)) - raft.server.log.appender.install.snapshot.enabled = false (custom)
2019-10-16 07:48:44,528 [00430a6c-148f-42d2-bd35-49b9937462c3@group-35C46AE1CC67-LeaderElection8] INFO  impl.RoleInfo (RoleInfo.java:shutdownLeaderElection(134)) - 00430a6c-148f-42d2-bd35-49b9937462c3: shutdown LeaderElection
2019-10-16 07:48:44,528 [pool-97-thread-1] INFO  impl.RaftServerImpl (ServerState.java:<init>(103)) - 714d39c9-4cc1-42f5-8347-e0d6eca03bcd@group-6DA17B6C44CD: ConfigurationManager, init=-1: [714d39c9-4cc1-42f5-8347-e0d6eca03bcd:192.168.34.43:39254], old=null, confs=<EMPTY_MAP>
2019-10-16 07:48:44,528 [00430a6c-148f-42d2-bd35-49b9937462c3@group-35C46AE1CC67-LeaderElection8] INFO  impl.RaftServerImpl (RaftServerImpl.java:setRole(184)) - 00430a6c-148f-42d2-bd35-49b9937462c3@group-35C46AE1CC67: changes role from CANDIDATE to LEADER at term 1 for changeToLeader
2019-10-16 07:48:44,528 [pool-97-thread-1] INFO  server.RaftServerConfigKeys (ConfUtils.java:logGet(43)) - raft.server.storage.dir = [/workdir/hadoop-ozone/integration-test/target/test-dir/MiniOzoneClusterImpl-09750a2c-58c2-4184-91d8-c66eda428939/datanode-7/data/ratis] (custom)
2019-10-16 07:48:44,528 [00430a6c-148f-42d2-bd35-49b9937462c3@group-35C46AE1CC67-LeaderElection8] INFO  impl.RaftServerImpl (ServerState.java:setLeader(256)) - 00430a6c-148f-42d2-bd35-49b9937462c3@group-35C46AE1CC67: change Leader from null to 00430a6c-148f-42d2-bd35-49b9937462c3 at term 1 for becomeLeader, leader elected after 192ms
2019-10-16 07:48:44,528 [00430a6c-148f-42d2-bd35-49b9937462c3@group-35C46AE1CC67-LeaderElection8] INFO  server.RaftServerConfigKeys (ConfUtils.java:logGet(43)) - raft.server.staging.catchup.gap = 1000 (default)
2019-10-16 07:48:44,528 [pool-97-thread-1] INFO  server.RaftServerConfigKeys (ConfUtils.java:logGet(43)) - raft.server.log.corruption.policy = EXCEPTION (default)
2019-10-16 07:48:44,529 [00430a6c-148f-42d2-bd35-49b9937462c3@group-35C46AE1CC67-LeaderElection8] INFO  server.RaftServerConfigKeys (ConfUtils.java:logGet(43)) - raft.server.rpc.sleep.time = 25ms (default)
2019-10-16 07:48:44,530 [pool-97-thread-1] INFO  storage.RaftStorageDirectory (RaftStorageDirectory.java:analyzeStorage(246)) - The storage directory /workdir/hadoop-ozone/integration-test/target/test-dir/MiniOzoneClusterImpl-09750a2c-58c2-4184-91d8-c66eda428939/datanode-7/data/ratis/03e2958c-817b-485f-b6b8-6da17b6c44cd does not exist. Creating ...
2019-10-16 07:48:44,531 [00430a6c-148f-42d2-bd35-49b9937462c3@group-35C46AE1CC67-LeaderElection8] INFO  server.RaftServerConfigKeys (ConfUtils.java:logGet(43)) - raft.server.write.element-limit = 4096 (default)
2019-10-16 07:48:44,531 [00430a6c-148f-42d2-bd35-49b9937462c3@group-35C46AE1CC67-LeaderElection8] INFO  server.RaftServerConfigKeys (ConfUtils.java:logGet(43)) - raft.server.watch.timeout = 10s (default)
2019-10-16 07:48:44,531 [00430a6c-148f-42d2-bd35-49b9937462c3@group-35C46AE1CC67-LeaderElection8] INFO  server.RaftServerConfigKeys (ConfUtils.java:logGet(43)) - raft.server.watch.timeout.denomination = 1s (default)
2019-10-16 07:48:44,531 [00430a6c-148f-42d2-bd35-49b9937462c3@group-35C46AE1CC67-LeaderElection8] INFO  server.RaftServerConfigKeys (ConfUtils.java:logGet(43)) - raft.server.watch.element-limit = 65536 (default)
2019-10-16 07:48:44,534 [00430a6c-148f-42d2-bd35-49b9937462c3@group-35C46AE1CC67-LeaderElection8] INFO  impl.RoleInfo (RoleInfo.java:updateAndGet(143)) - 00430a6c-148f-42d2-bd35-49b9937462c3: start LeaderState
2019-10-16 07:48:44,535 [00430a6c-148f-42d2-bd35-49b9937462c3@group-35C46AE1CC67-LeaderElection8] INFO  segmented.SegmentedRaftLogWorker (SegmentedRaftLogWorker.java:startLogSegment(385)) - 00430a6c-148f-42d2-bd35-49b9937462c3@group-35C46AE1CC67-SegmentedRaftLogWorker: Starting segment from index:0
2019-10-16 07:48:44,536 [00430a6c-148f-42d2-bd35-49b9937462c3@group-35C46AE1CC67-LeaderElection8] INFO  impl.RaftServerImpl (ServerState.java:setRaftConf(357)) - 00430a6c-148f-42d2-bd35-49b9937462c3@group-35C46AE1CC67: set configuration 0: [00430a6c-148f-42d2-bd35-49b9937462c3:192.168.34.43:40986], old=null at 0
2019-10-16 07:48:44,570 [pool-97-thread-1] INFO  storage.RaftStorageDirectory (RaftStorageDirectory.java:tryLock(328)) - Lock on /workdir/hadoop-ozone/integration-test/target/test-dir/MiniOzoneClusterImpl-09750a2c-58c2-4184-91d8-c66eda428939/datanode-7/data/ratis/03e2958c-817b-485f-b6b8-6da17b6c44cd/in_use.lock acquired by nodename 7649@pr-hdds-1737-dstl4-2900247166
2019-10-16 07:48:44,570 [Thread-323] INFO  impl.FollowerState (FollowerState.java:run(108)) - 4ffee07d-169c-4709-8390-13e847b22477@group-475307A294D8-FollowerState: change to CANDIDATE, lastRpcTime:135ms, electionTimeout:113ms
2019-10-16 07:48:44,571 [Thread-323] INFO  impl.RoleInfo (RoleInfo.java:shutdownFollowerState(121)) - 4ffee07d-169c-4709-8390-13e847b22477: shutdown FollowerState
2019-10-16 07:48:44,573 [Thread-323] INFO  impl.RaftServerImpl (RaftServerImpl.java:setRole(184)) - 4ffee07d-169c-4709-8390-13e847b22477@group-475307A294D8: changes role from  FOLLOWER to CANDIDATE at term 0 for changeToCandidate
2019-10-16 07:48:44,573 [Thread-323] INFO  impl.RoleInfo (RoleInfo.java:updateAndGet(143)) - 4ffee07d-169c-4709-8390-13e847b22477: start LeaderElection
2019-10-16 07:48:44,583 [00430a6c-148f-42d2-bd35-49b9937462c3@group-35C46AE1CC67-SegmentedRaftLogWorker] INFO  segmented.SegmentedRaftLogWorker (SegmentedRaftLogWorker.java:execute(576)) - 00430a6c-148f-42d2-bd35-49b9937462c3@group-35C46AE1CC67-SegmentedRaftLogWorker: created new log segment /workdir/hadoop-ozone/integration-test/target/test-dir/MiniOzoneClusterImpl-09750a2c-58c2-4184-91d8-c66eda428939/datanode-8/data/ratis/f6e9b559-8014-4808-b505-35c46ae1cc67/current/log_inprogress_0
2019-10-16 07:48:44,583 [pool-97-thread-1] INFO  storage.RaftStorage (RaftStorage.java:format(84)) - Storage directory /workdir/hadoop-ozone/integration-test/target/test-dir/MiniOzoneClusterImpl-09750a2c-58c2-4184-91d8-c66eda428939/datanode-7/data/ratis/03e2958c-817b-485f-b6b8-6da17b6c44cd has been successfully formatted.
2019-10-16 07:48:44,583 [4ffee07d-169c-4709-8390-13e847b22477@group-475307A294D8-LeaderElection9] INFO  impl.LeaderElection (LeaderElection.java:askForVotes(178)) - 4ffee07d-169c-4709-8390-13e847b22477@group-475307A294D8-LeaderElection9: begin an election at term 1 for -1: [4ffee07d-169c-4709-8390-13e847b22477:192.168.34.43:45950], old=null
2019-10-16 07:48:44,583 [4ffee07d-169c-4709-8390-13e847b22477@group-475307A294D8-LeaderElection9] INFO  impl.RoleInfo (RoleInfo.java:shutdownLeaderElection(134)) - 4ffee07d-169c-4709-8390-13e847b22477: shutdown LeaderElection
2019-10-16 07:48:44,584 [pool-97-thread-1] INFO  ratis.ContainerStateMachine (ContainerStateMachine.java:loadSnapshot(231)) - group-6DA17B6C44CD: The snapshot info is null. Setting the last applied indexto:(t:0, i:~)
2019-10-16 07:48:44,584 [4ffee07d-169c-4709-8390-13e847b22477@group-475307A294D8-LeaderElection9] INFO  impl.RaftServerImpl (RaftServerImpl.java:setRole(184)) - 4ffee07d-169c-4709-8390-13e847b22477@group-475307A294D8: changes role from CANDIDATE to LEADER at term 1 for changeToLeader
2019-10-16 07:48:44,584 [pool-97-thread-1] INFO  server.RaftServerConfigKeys (ConfUtils.java:logGet(43)) - raft.server.notification.no-leader.timeout = 120s (custom)
2019-10-16 07:48:44,584 [4ffee07d-169c-4709-8390-13e847b22477@group-475307A294D8-LeaderElection9] INFO  impl.RaftServerImpl (ServerState.java:setLeader(256)) - 4ffee07d-169c-4709-8390-13e847b22477@group-475307A294D8: change Leader from null to 4ffee07d-169c-4709-8390-13e847b22477 at term 1 for becomeLeader, leader elected after 166ms
2019-10-16 07:48:44,584 [pool-97-thread-1] INFO  server.RaftServerConfigKeys (ConfUtils.java:logGet(43)) - raft.server.log.use.memory = false (default)
2019-10-16 07:48:44,584 [4ffee07d-169c-4709-8390-13e847b22477@group-475307A294D8-LeaderElection9] INFO  server.RaftServerConfigKeys (ConfUtils.java:logGet(43)) - raft.server.staging.catchup.gap = 1000 (default)
2019-10-16 07:48:44,584 [pool-97-thread-1] INFO  server.RaftServerConfigKeys (ConfUtils.java:logGet(43)) - raft.server.log.purge.gap = 1000000 (custom)
2019-10-16 07:48:44,584 [4ffee07d-169c-4709-8390-13e847b22477@group-475307A294D8-LeaderElection9] INFO  server.RaftServerConfigKeys (ConfUtils.java:logGet(43)) - raft.server.rpc.sleep.time = 25ms (default)
2019-10-16 07:48:44,585 [pool-97-thread-1] INFO  server.RaftServerConfigKeys (ConfUtils.java:logGet(43)) - raft.server.log.appender.buffer.byte-limit = 33554432 (custom)
2019-10-16 07:48:44,585 [4ffee07d-169c-4709-8390-13e847b22477@group-475307A294D8-LeaderElection9] INFO  server.RaftServerConfigKeys (ConfUtils.java:logGet(43)) - raft.server.write.element-limit = 4096 (default)
2019-10-16 07:48:44,585 [pool-97-thread-1] INFO  server.RaftServerConfigKeys (ConfUtils.java:logGet(43)) - raft.server.log.segment.size.max = 1048576 (custom)
2019-10-16 07:48:44,585 [4ffee07d-169c-4709-8390-13e847b22477@group-475307A294D8-LeaderElection9] INFO  server.RaftServerConfigKeys (ConfUtils.java:logGet(43)) - raft.server.watch.timeout = 10s (default)
2019-10-16 07:48:44,585 [4ffee07d-169c-4709-8390-13e847b22477@group-475307A294D8-LeaderElection9] INFO  server.RaftServerConfigKeys (ConfUtils.java:logGet(43)) - raft.server.watch.timeout.denomination = 1s (default)
2019-10-16 07:48:44,585 [4ffee07d-169c-4709-8390-13e847b22477@group-475307A294D8-LeaderElection9] INFO  server.RaftServerConfigKeys (ConfUtils.java:logGet(43)) - raft.server.watch.element-limit = 65536 (default)
2019-10-16 07:48:44,589 [pool-97-thread-1] INFO  server.RaftServerConfigKeys (ConfUtils.java:logGet(43)) - raft.server.log.segment.cache.num.max = 2 (custom)
2019-10-16 07:48:44,589 [pool-97-thread-1] INFO  segmented.SegmentedRaftLogWorker (SegmentedRaftLogWorker.java:<init>(173)) - new 714d39c9-4cc1-42f5-8347-e0d6eca03bcd@group-6DA17B6C44CD-SegmentedRaftLogWorker for RaftStorage:Storage Directory /workdir/hadoop-ozone/integration-test/target/test-dir/MiniOzoneClusterImpl-09750a2c-58c2-4184-91d8-c66eda428939/datanode-7/data/ratis/03e2958c-817b-485f-b6b8-6da17b6c44cd
2019-10-16 07:48:44,589 [pool-97-thread-1] INFO  server.RaftServerConfigKeys (ConfUtils.java:logGet(43)) - raft.server.log.queue.byte-limit = 2147483647 (custom)
2019-10-16 07:48:44,589 [4ffee07d-169c-4709-8390-13e847b22477@group-475307A294D8-LeaderElection9] INFO  impl.RoleInfo (RoleInfo.java:updateAndGet(143)) - 4ffee07d-169c-4709-8390-13e847b22477: start LeaderState
2019-10-16 07:48:44,589 [pool-97-thread-1] INFO  server.RaftServerConfigKeys (ConfUtils.java:logGet(43)) - raft.server.log.queue.element-limit = 1024 (custom)
2019-10-16 07:48:44,589 [pool-97-thread-1] INFO  server.RaftServerConfigKeys (ConfUtils.java:logGet(43)) - raft.server.log.segment.size.max = 1048576 (custom)
2019-10-16 07:48:44,589 [4ffee07d-169c-4709-8390-13e847b22477@group-475307A294D8-LeaderElection9] INFO  segmented.SegmentedRaftLogWorker (SegmentedRaftLogWorker.java:startLogSegment(385)) - 4ffee07d-169c-4709-8390-13e847b22477@group-475307A294D8-SegmentedRaftLogWorker: Starting segment from index:0
2019-10-16 07:48:44,589 [pool-97-thread-1] INFO  server.RaftServerConfigKeys (ConfUtils.java:logGet(43)) - raft.server.log.preallocated.size = 16384 (custom)
2019-10-16 07:48:44,590 [pool-97-thread-1] INFO  server.RaftServerConfigKeys (ConfUtils.java:logGet(43)) - raft.server.log.write.buffer.size = 33554432 (custom)
2019-10-16 07:48:44,590 [pool-97-thread-1] INFO  server.RaftServerConfigKeys (ConfUtils.java:logGet(43)) - raft.server.log.force.sync.num = 128 (default)
2019-10-16 07:48:44,590 [pool-97-thread-1] INFO  server.RaftServerConfigKeys (ConfUtils.java:logGet(43)) - raft.server.log.statemachine.data.sync = true (default)
2019-10-16 07:48:44,590 [4ffee07d-169c-4709-8390-13e847b22477@group-475307A294D8-LeaderElection9] INFO  impl.RaftServerImpl (ServerState.java:setRaftConf(357)) - 4ffee07d-169c-4709-8390-13e847b22477@group-475307A294D8: set configuration 0: [4ffee07d-169c-4709-8390-13e847b22477:192.168.34.43:45950], old=null at 0
2019-10-16 07:48:44,590 [pool-97-thread-1] INFO  server.RaftServerConfigKeys (ConfUtils.java:logGet(43)) - raft.server.log.statemachine.data.sync.timeout = 10s (default)
2019-10-16 07:48:44,635 [pool-97-thread-1] INFO  server.RaftServerConfigKeys (ConfUtils.java:logGet(43)) - raft.server.log.statemachine.data.sync.timeout.retry = -1 (default)
2019-10-16 07:48:44,645 [4ffee07d-169c-4709-8390-13e847b22477@group-475307A294D8-SegmentedRaftLogWorker] INFO  segmented.SegmentedRaftLogWorker (SegmentedRaftLogWorker.java:execute(576)) - 4ffee07d-169c-4709-8390-13e847b22477@group-475307A294D8-SegmentedRaftLogWorker: created new log segment /workdir/hadoop-ozone/integration-test/target/test-dir/MiniOzoneClusterImpl-09750a2c-58c2-4184-91d8-c66eda428939/datanode-9/data/ratis/1c46bc72-2b94-49c4-bdc4-475307a294d8/current/log_inprogress_0
2019-10-16 07:48:44,645 [pool-97-thread-1] INFO  server.RaftServerConfigKeys (ConfUtils.java:logGet(43)) - raft.server.log.statemachine.data.caching.enabled = true (custom)
2019-10-16 07:48:44,646 [pool-97-thread-1] INFO  segmented.SegmentedRaftLogWorker (SegmentedRaftLogWorker.java:lambda$new$0(128)) - 714d39c9-4cc1-42f5-8347-e0d6eca03bcd@group-6DA17B6C44CD-SegmentedRaftLogWorker: flushIndex: setUnconditionally 0 -> -1
2019-10-16 07:48:44,646 [pool-97-thread-1] INFO  server.RaftServerConfigKeys (ConfUtils.java:logGet(43)) - raft.server.snapshot.auto.trigger.enabled = true (custom)
2019-10-16 07:48:44,646 [pool-97-thread-1] INFO  server.RaftServerConfigKeys (ConfUtils.java:logGet(43)) - raft.server.snapshot.auto.trigger.threshold = 10000 (custom)
2019-10-16 07:48:44,647 [pool-97-thread-1] INFO  server.RaftServerConfigKeys (ConfUtils.java:logGet(43)) - raft.server.snapshot.retention.file.num = 5 (custom)
2019-10-16 07:48:44,647 [pool-97-thread-1] INFO  server.RaftServerConfigKeys (ConfUtils.java:logGet(43)) - raft.server.retrycache.expirytime = 600000ms (custom)
2019-10-16 07:48:44,652 [pool-97-thread-1] INFO  impl.RaftServerImpl (RaftServerImpl.java:start(195)) - 714d39c9-4cc1-42f5-8347-e0d6eca03bcd@group-6DA17B6C44CD: start as a follower, conf=-1: [714d39c9-4cc1-42f5-8347-e0d6eca03bcd:192.168.34.43:39254], old=null
2019-10-16 07:48:44,652 [pool-97-thread-1] INFO  impl.RaftServerImpl (RaftServerImpl.java:setRole(184)) - 714d39c9-4cc1-42f5-8347-e0d6eca03bcd@group-6DA17B6C44CD: changes role from      null to FOLLOWER at term 0 for startAsFollower
2019-10-16 07:48:44,652 [pool-97-thread-1] INFO  impl.RoleInfo (RoleInfo.java:updateAndGet(143)) - 714d39c9-4cc1-42f5-8347-e0d6eca03bcd: start FollowerState
2019-10-16 07:48:44,653 [pool-97-thread-1] INFO  util.JmxRegister (JmxRegister.java:tryRegister(44)) - Successfully registered JMX Bean with object name Ratis:service=RaftServer,group=group-6DA17B6C44CD,id=714d39c9-4cc1-42f5-8347-e0d6eca03bcd
2019-10-16 07:48:44,668 [RatisPipelineUtilsThread] INFO  pipeline.PipelineStateManager (PipelineStateManager.java:addPipeline(56)) - Created pipeline Pipeline[ Id: 03e2958c-817b-485f-b6b8-6da17b6c44cd, Nodes: 714d39c9-4cc1-42f5-8347-e0d6eca03bcd{ip: 192.168.34.43, host: pr-hdds-1737-dstl4-2900247166, networkLocation: /default-rack, certSerialId: null}, Type:RATIS, Factor:ONE, State:OPEN]
2019-10-16 07:48:44,703 [grpc-default-executor-2] INFO  impl.RaftServerProxy (RaftServerProxy.java:addNew(89)) - 34a4ce68-6cfa-4f54-b3e2-98c3134e5ebf: addNew group-6B08750156BF:[34a4ce68-6cfa-4f54-b3e2-98c3134e5ebf:192.168.34.43:41110, 85034473-de92-432d-987c-753934731faa:192.168.34.43:42807, bbaedea4-0636-4a28-8969-ceb75fc90963:192.168.34.43:39038] returns group-6B08750156BF:java.util.concurrent.CompletableFuture@57001e79[Not completed]
2019-10-16 07:48:44,703 [grpc-default-executor-1] INFO  impl.RaftServerProxy (RaftServerProxy.java:addNew(89)) - 85034473-de92-432d-987c-753934731faa: addNew group-6B08750156BF:[34a4ce68-6cfa-4f54-b3e2-98c3134e5ebf:192.168.34.43:41110, 85034473-de92-432d-987c-753934731faa:192.168.34.43:42807, bbaedea4-0636-4a28-8969-ceb75fc90963:192.168.34.43:39038] returns group-6B08750156BF:java.util.concurrent.CompletableFuture@ac6ecd5[Not completed]
2019-10-16 07:48:44,703 [grpc-default-executor-0] INFO  impl.RaftServerProxy (RaftServerProxy.java:addNew(89)) - bbaedea4-0636-4a28-8969-ceb75fc90963: addNew group-6B08750156BF:[34a4ce68-6cfa-4f54-b3e2-98c3134e5ebf:192.168.34.43:41110, 85034473-de92-432d-987c-753934731faa:192.168.34.43:42807, bbaedea4-0636-4a28-8969-ceb75fc90963:192.168.34.43:39038] returns group-6B08750156BF:java.util.concurrent.CompletableFuture@67780923[Not completed]
2019-10-16 07:48:44,707 [pool-57-thread-1] INFO  impl.RaftServerImpl (RaftServerImpl.java:<init>(104)) - 34a4ce68-6cfa-4f54-b3e2-98c3134e5ebf: new RaftServerImpl for group-6B08750156BF:[34a4ce68-6cfa-4f54-b3e2-98c3134e5ebf:192.168.34.43:41110, 85034473-de92-432d-987c-753934731faa:192.168.34.43:42807, bbaedea4-0636-4a28-8969-ceb75fc90963:192.168.34.43:39038] with ContainerStateMachine:uninitialized
2019-10-16 07:48:44,707 [pool-57-thread-1] INFO  server.RaftServerConfigKeys (ConfUtils.java:logGet(43)) - raft.server.rpc.timeout.min = 5s (custom)
2019-10-16 07:48:44,707 [pool-57-thread-1] INFO  server.RaftServerConfigKeys (ConfUtils.java:logGet(43)) - raft.server.rpc.timeout.max = 5200ms (custom)
2019-10-16 07:48:44,707 [pool-57-thread-1] INFO  server.RaftServerConfigKeys (ConfUtils.java:logGet(43)) - raft.server.rpcslowness.timeout = 120s (custom)
2019-10-16 07:48:44,707 [pool-57-thread-1] INFO  server.RaftServerConfigKeys (ConfUtils.java:logGet(43)) - raft.server.sleep.deviation.threshold = 300 (default)
2019-10-16 07:48:44,707 [pool-57-thread-1] INFO  server.RaftServerConfigKeys (ConfUtils.java:logGet(43)) - raft.server.log.appender.install.snapshot.enabled = false (custom)
2019-10-16 07:48:44,708 [pool-57-thread-1] INFO  impl.RaftServerImpl (ServerState.java:<init>(103)) - 34a4ce68-6cfa-4f54-b3e2-98c3134e5ebf@group-6B08750156BF: ConfigurationManager, init=-1: [34a4ce68-6cfa-4f54-b3e2-98c3134e5ebf:192.168.34.43:41110, 85034473-de92-432d-987c-753934731faa:192.168.34.43:42807, bbaedea4-0636-4a28-8969-ceb75fc90963:192.168.34.43:39038], old=null, confs=<EMPTY_MAP>
2019-10-16 07:48:44,708 [pool-57-thread-1] INFO  server.RaftServerConfigKeys (ConfUtils.java:logGet(43)) - raft.server.storage.dir = [/workdir/hadoop-ozone/integration-test/target/test-dir/MiniOzoneClusterImpl-09750a2c-58c2-4184-91d8-c66eda428939/datanode-3/data/ratis] (custom)
2019-10-16 07:48:44,708 [pool-77-thread-1] INFO  impl.RaftServerImpl (RaftServerImpl.java:<init>(104)) - bbaedea4-0636-4a28-8969-ceb75fc90963: new RaftServerImpl for group-6B08750156BF:[34a4ce68-6cfa-4f54-b3e2-98c3134e5ebf:192.168.34.43:41110, 85034473-de92-432d-987c-753934731faa:192.168.34.43:42807, bbaedea4-0636-4a28-8969-ceb75fc90963:192.168.34.43:39038] with ContainerStateMachine:uninitialized
2019-10-16 07:48:44,708 [pool-57-thread-1] INFO  server.RaftServerConfigKeys (ConfUtils.java:logGet(43)) - raft.server.log.corruption.policy = EXCEPTION (default)
2019-10-16 07:48:44,708 [pool-77-thread-1] INFO  server.RaftServerConfigKeys (ConfUtils.java:logGet(43)) - raft.server.rpc.timeout.min = 5s (custom)
2019-10-16 07:48:44,708 [pool-57-thread-1] INFO  storage.RaftStorageDirectory (RaftStorageDirectory.java:analyzeStorage(246)) - The storage directory /workdir/hadoop-ozone/integration-test/target/test-dir/MiniOzoneClusterImpl-09750a2c-58c2-4184-91d8-c66eda428939/datanode-3/data/ratis/fb16610a-bd7b-42e1-82cf-6b08750156bf does not exist. Creating ...
2019-10-16 07:48:44,709 [pool-77-thread-1] INFO  server.RaftServerConfigKeys (ConfUtils.java:logGet(43)) - raft.server.rpc.timeout.max = 5200ms (custom)
2019-10-16 07:48:44,709 [pool-77-thread-1] INFO  server.RaftServerConfigKeys (ConfUtils.java:logGet(43)) - raft.server.rpcslowness.timeout = 120s (custom)
2019-10-16 07:48:44,709 [pool-77-thread-1] INFO  server.RaftServerConfigKeys (ConfUtils.java:logGet(43)) - raft.server.sleep.deviation.threshold = 300 (default)
2019-10-16 07:48:44,709 [pool-27-thread-1] INFO  impl.RaftServerImpl (RaftServerImpl.java:<init>(104)) - 85034473-de92-432d-987c-753934731faa: new RaftServerImpl for group-6B08750156BF:[34a4ce68-6cfa-4f54-b3e2-98c3134e5ebf:192.168.34.43:41110, 85034473-de92-432d-987c-753934731faa:192.168.34.43:42807, bbaedea4-0636-4a28-8969-ceb75fc90963:192.168.34.43:39038] with ContainerStateMachine:uninitialized
2019-10-16 07:48:44,709 [pool-77-thread-1] INFO  server.RaftServerConfigKeys (ConfUtils.java:logGet(43)) - raft.server.log.appender.install.snapshot.enabled = false (custom)
2019-10-16 07:48:44,709 [pool-27-thread-1] INFO  server.RaftServerConfigKeys (ConfUtils.java:logGet(43)) - raft.server.rpc.timeout.min = 5s (custom)
2019-10-16 07:48:44,709 [pool-77-thread-1] INFO  impl.RaftServerImpl (ServerState.java:<init>(103)) - bbaedea4-0636-4a28-8969-ceb75fc90963@group-6B08750156BF: ConfigurationManager, init=-1: [34a4ce68-6cfa-4f54-b3e2-98c3134e5ebf:192.168.34.43:41110, 85034473-de92-432d-987c-753934731faa:192.168.34.43:42807, bbaedea4-0636-4a28-8969-ceb75fc90963:192.168.34.43:39038], old=null, confs=<EMPTY_MAP>
2019-10-16 07:48:44,710 [pool-27-thread-1] INFO  server.RaftServerConfigKeys (ConfUtils.java:logGet(43)) - raft.server.rpc.timeout.max = 5200ms (custom)
2019-10-16 07:48:44,710 [pool-77-thread-1] INFO  server.RaftServerConfigKeys (ConfUtils.java:logGet(43)) - raft.server.storage.dir = [/workdir/hadoop-ozone/integration-test/target/test-dir/MiniOzoneClusterImpl-09750a2c-58c2-4184-91d8-c66eda428939/datanode-5/data/ratis] (custom)
2019-10-16 07:48:44,710 [pool-27-thread-1] INFO  server.RaftServerConfigKeys (ConfUtils.java:logGet(43)) - raft.server.rpcslowness.timeout = 120s (custom)
2019-10-16 07:48:44,710 [pool-27-thread-1] INFO  server.RaftServerConfigKeys (ConfUtils.java:logGet(43)) - raft.server.sleep.deviation.threshold = 300 (default)
2019-10-16 07:48:44,710 [pool-27-thread-1] INFO  server.RaftServerConfigKeys (ConfUtils.java:logGet(43)) - raft.server.log.appender.install.snapshot.enabled = false (custom)
2019-10-16 07:48:44,710 [pool-77-thread-1] INFO  server.RaftServerConfigKeys (ConfUtils.java:logGet(43)) - raft.server.log.corruption.policy = EXCEPTION (default)
2019-10-16 07:48:44,710 [pool-27-thread-1] INFO  impl.RaftServerImpl (ServerState.java:<init>(103)) - 85034473-de92-432d-987c-753934731faa@group-6B08750156BF: ConfigurationManager, init=-1: [34a4ce68-6cfa-4f54-b3e2-98c3134e5ebf:192.168.34.43:41110, 85034473-de92-432d-987c-753934731faa:192.168.34.43:42807, bbaedea4-0636-4a28-8969-ceb75fc90963:192.168.34.43:39038], old=null, confs=<EMPTY_MAP>
2019-10-16 07:48:44,711 [pool-77-thread-1] INFO  storage.RaftStorageDirectory (RaftStorageDirectory.java:analyzeStorage(246)) - The storage directory /workdir/hadoop-ozone/integration-test/target/test-dir/MiniOzoneClusterImpl-09750a2c-58c2-4184-91d8-c66eda428939/datanode-5/data/ratis/fb16610a-bd7b-42e1-82cf-6b08750156bf does not exist. Creating ...
2019-10-16 07:48:44,711 [pool-27-thread-1] INFO  server.RaftServerConfigKeys (ConfUtils.java:logGet(43)) - raft.server.storage.dir = [/workdir/hadoop-ozone/integration-test/target/test-dir/MiniOzoneClusterImpl-09750a2c-58c2-4184-91d8-c66eda428939/datanode-0/data/ratis] (custom)
2019-10-16 07:48:44,711 [pool-27-thread-1] INFO  server.RaftServerConfigKeys (ConfUtils.java:logGet(43)) - raft.server.log.corruption.policy = EXCEPTION (default)
2019-10-16 07:48:44,711 [pool-27-thread-1] INFO  storage.RaftStorageDirectory (RaftStorageDirectory.java:analyzeStorage(246)) - The storage directory /workdir/hadoop-ozone/integration-test/target/test-dir/MiniOzoneClusterImpl-09750a2c-58c2-4184-91d8-c66eda428939/datanode-0/data/ratis/fb16610a-bd7b-42e1-82cf-6b08750156bf does not exist. Creating ...
2019-10-16 07:48:44,723 [pool-27-thread-1] INFO  storage.RaftStorageDirectory (RaftStorageDirectory.java:tryLock(328)) - Lock on /workdir/hadoop-ozone/integration-test/target/test-dir/MiniOzoneClusterImpl-09750a2c-58c2-4184-91d8-c66eda428939/datanode-0/data/ratis/fb16610a-bd7b-42e1-82cf-6b08750156bf/in_use.lock acquired by nodename 7649@pr-hdds-1737-dstl4-2900247166
2019-10-16 07:48:44,723 [pool-77-thread-1] INFO  storage.RaftStorageDirectory (RaftStorageDirectory.java:tryLock(328)) - Lock on /workdir/hadoop-ozone/integration-test/target/test-dir/MiniOzoneClusterImpl-09750a2c-58c2-4184-91d8-c66eda428939/datanode-5/data/ratis/fb16610a-bd7b-42e1-82cf-6b08750156bf/in_use.lock acquired by nodename 7649@pr-hdds-1737-dstl4-2900247166
2019-10-16 07:48:44,723 [pool-57-thread-1] INFO  storage.RaftStorageDirectory (RaftStorageDirectory.java:tryLock(328)) - Lock on /workdir/hadoop-ozone/integration-test/target/test-dir/MiniOzoneClusterImpl-09750a2c-58c2-4184-91d8-c66eda428939/datanode-3/data/ratis/fb16610a-bd7b-42e1-82cf-6b08750156bf/in_use.lock acquired by nodename 7649@pr-hdds-1737-dstl4-2900247166
2019-10-16 07:48:44,737 [pool-27-thread-1] INFO  storage.RaftStorage (RaftStorage.java:format(84)) - Storage directory /workdir/hadoop-ozone/integration-test/target/test-dir/MiniOzoneClusterImpl-09750a2c-58c2-4184-91d8-c66eda428939/datanode-0/data/ratis/fb16610a-bd7b-42e1-82cf-6b08750156bf has been successfully formatted.
2019-10-16 07:48:44,737 [pool-77-thread-1] INFO  storage.RaftStorage (RaftStorage.java:format(84)) - Storage directory /workdir/hadoop-ozone/integration-test/target/test-dir/MiniOzoneClusterImpl-09750a2c-58c2-4184-91d8-c66eda428939/datanode-5/data/ratis/fb16610a-bd7b-42e1-82cf-6b08750156bf has been successfully formatted.
2019-10-16 07:48:44,737 [pool-57-thread-1] INFO  storage.RaftStorage (RaftStorage.java:format(84)) - Storage directory /workdir/hadoop-ozone/integration-test/target/test-dir/MiniOzoneClusterImpl-09750a2c-58c2-4184-91d8-c66eda428939/datanode-3/data/ratis/fb16610a-bd7b-42e1-82cf-6b08750156bf has been successfully formatted.
2019-10-16 07:48:44,738 [pool-27-thread-1] INFO  ratis.ContainerStateMachine (ContainerStateMachine.java:loadSnapshot(231)) - group-6B08750156BF: The snapshot info is null. Setting the last applied indexto:(t:0, i:~)
2019-10-16 07:48:44,738 [pool-77-thread-1] INFO  ratis.ContainerStateMachine (ContainerStateMachine.java:loadSnapshot(231)) - group-6B08750156BF: The snapshot info is null. Setting the last applied indexto:(t:0, i:~)
2019-10-16 07:48:44,738 [pool-57-thread-1] INFO  ratis.ContainerStateMachine (ContainerStateMachine.java:loadSnapshot(231)) - group-6B08750156BF: The snapshot info is null. Setting the last applied indexto:(t:0, i:~)
2019-10-16 07:48:44,738 [pool-27-thread-1] INFO  server.RaftServerConfigKeys (ConfUtils.java:logGet(43)) - raft.server.notification.no-leader.timeout = 120s (custom)
2019-10-16 07:48:44,738 [pool-57-thread-1] INFO  server.RaftServerConfigKeys (ConfUtils.java:logGet(43)) - raft.server.notification.no-leader.timeout = 120s (custom)
2019-10-16 07:48:44,738 [pool-77-thread-1] INFO  server.RaftServerConfigKeys (ConfUtils.java:logGet(43)) - raft.server.notification.no-leader.timeout = 120s (custom)
2019-10-16 07:48:44,738 [pool-57-thread-1] INFO  server.RaftServerConfigKeys (ConfUtils.java:logGet(43)) - raft.server.log.use.memory = false (default)
2019-10-16 07:48:44,738 [pool-27-thread-1] INFO  server.RaftServerConfigKeys (ConfUtils.java:logGet(43)) - raft.server.log.use.memory = false (default)
2019-10-16 07:48:44,739 [pool-57-thread-1] INFO  server.RaftServerConfigKeys (ConfUtils.java:logGet(43)) - raft.server.log.purge.gap = 1000000 (custom)
2019-10-16 07:48:44,739 [pool-77-thread-1] INFO  server.RaftServerConfigKeys (ConfUtils.java:logGet(43)) - raft.server.log.use.memory = false (default)
2019-10-16 07:48:44,739 [pool-57-thread-1] INFO  server.RaftServerConfigKeys (ConfUtils.java:logGet(43)) - raft.server.log.appender.buffer.byte-limit = 33554432 (custom)
2019-10-16 07:48:44,739 [pool-27-thread-1] INFO  server.RaftServerConfigKeys (ConfUtils.java:logGet(43)) - raft.server.log.purge.gap = 1000000 (custom)
2019-10-16 07:48:44,739 [pool-57-thread-1] INFO  server.RaftServerConfigKeys (ConfUtils.java:logGet(43)) - raft.server.log.segment.size.max = 1048576 (custom)
2019-10-16 07:48:44,739 [pool-77-thread-1] INFO  server.RaftServerConfigKeys (ConfUtils.java:logGet(43)) - raft.server.log.purge.gap = 1000000 (custom)
2019-10-16 07:48:44,739 [Thread-331] INFO  impl.FollowerState (FollowerState.java:run(108)) - 714d39c9-4cc1-42f5-8347-e0d6eca03bcd@group-6DA17B6C44CD-FollowerState: change to CANDIDATE, lastRpcTime:86ms, electionTimeout:86ms
2019-10-16 07:48:44,739 [pool-77-thread-1] INFO  server.RaftServerConfigKeys (ConfUtils.java:logGet(43)) - raft.server.log.appender.buffer.byte-limit = 33554432 (custom)
2019-10-16 07:48:44,739 [pool-57-thread-1] INFO  server.RaftServerConfigKeys (ConfUtils.java:logGet(43)) - raft.server.log.segment.cache.num.max = 2 (custom)
2019-10-16 07:48:44,739 [pool-27-thread-1] INFO  server.RaftServerConfigKeys (ConfUtils.java:logGet(43)) - raft.server.log.appender.buffer.byte-limit = 33554432 (custom)
2019-10-16 07:48:44,740 [pool-57-thread-1] INFO  segmented.SegmentedRaftLogWorker (SegmentedRaftLogWorker.java:<init>(173)) - new 34a4ce68-6cfa-4f54-b3e2-98c3134e5ebf@group-6B08750156BF-SegmentedRaftLogWorker for RaftStorage:Storage Directory /workdir/hadoop-ozone/integration-test/target/test-dir/MiniOzoneClusterImpl-09750a2c-58c2-4184-91d8-c66eda428939/datanode-3/data/ratis/fb16610a-bd7b-42e1-82cf-6b08750156bf
2019-10-16 07:48:44,740 [Thread-331] INFO  impl.RoleInfo (RoleInfo.java:shutdownFollowerState(121)) - 714d39c9-4cc1-42f5-8347-e0d6eca03bcd: shutdown FollowerState
2019-10-16 07:48:44,740 [pool-77-thread-1] INFO  server.RaftServerConfigKeys (ConfUtils.java:logGet(43)) - raft.server.log.segment.size.max = 1048576 (custom)
2019-10-16 07:48:44,740 [Thread-331] INFO  impl.RaftServerImpl (RaftServerImpl.java:setRole(184)) - 714d39c9-4cc1-42f5-8347-e0d6eca03bcd@group-6DA17B6C44CD: changes role from  FOLLOWER to CANDIDATE at term 0 for changeToCandidate
2019-10-16 07:48:44,740 [pool-57-thread-1] INFO  server.RaftServerConfigKeys (ConfUtils.java:logGet(43)) - raft.server.log.queue.byte-limit = 2147483647 (custom)
2019-10-16 07:48:44,740 [pool-27-thread-1] INFO  server.RaftServerConfigKeys (ConfUtils.java:logGet(43)) - raft.server.log.segment.size.max = 1048576 (custom)
2019-10-16 07:48:44,740 [pool-57-thread-1] INFO  server.RaftServerConfigKeys (ConfUtils.java:logGet(43)) - raft.server.log.queue.element-limit = 1024 (custom)
2019-10-16 07:48:44,740 [Thread-331] INFO  impl.RoleInfo (RoleInfo.java:updateAndGet(143)) - 714d39c9-4cc1-42f5-8347-e0d6eca03bcd: start LeaderElection
2019-10-16 07:48:44,740 [pool-77-thread-1] INFO  server.RaftServerConfigKeys (ConfUtils.java:logGet(43)) - raft.server.log.segment.cache.num.max = 2 (custom)
2019-10-16 07:48:44,741 [pool-57-thread-1] INFO  server.RaftServerConfigKeys (ConfUtils.java:logGet(43)) - raft.server.log.segment.size.max = 1048576 (custom)
2019-10-16 07:48:44,741 [pool-27-thread-1] INFO  server.RaftServerConfigKeys (ConfUtils.java:logGet(43)) - raft.server.log.segment.cache.num.max = 2 (custom)
2019-10-16 07:48:44,741 [pool-57-thread-1] INFO  server.RaftServerConfigKeys (ConfUtils.java:logGet(43)) - raft.server.log.preallocated.size = 16384 (custom)
2019-10-16 07:48:44,741 [pool-77-thread-1] INFO  segmented.SegmentedRaftLogWorker (SegmentedRaftLogWorker.java:<init>(173)) - new bbaedea4-0636-4a28-8969-ceb75fc90963@group-6B08750156BF-SegmentedRaftLogWorker for RaftStorage:Storage Directory /workdir/hadoop-ozone/integration-test/target/test-dir/MiniOzoneClusterImpl-09750a2c-58c2-4184-91d8-c66eda428939/datanode-5/data/ratis/fb16610a-bd7b-42e1-82cf-6b08750156bf
2019-10-16 07:48:44,745 [pool-57-thread-1] INFO  server.RaftServerConfigKeys (ConfUtils.java:logGet(43)) - raft.server.log.write.buffer.size = 33554432 (custom)
2019-10-16 07:48:44,745 [pool-27-thread-1] INFO  segmented.SegmentedRaftLogWorker (SegmentedRaftLogWorker.java:<init>(173)) - new 85034473-de92-432d-987c-753934731faa@group-6B08750156BF-SegmentedRaftLogWorker for RaftStorage:Storage Directory /workdir/hadoop-ozone/integration-test/target/test-dir/MiniOzoneClusterImpl-09750a2c-58c2-4184-91d8-c66eda428939/datanode-0/data/ratis/fb16610a-bd7b-42e1-82cf-6b08750156bf
2019-10-16 07:48:44,745 [pool-57-thread-1] INFO  server.RaftServerConfigKeys (ConfUtils.java:logGet(43)) - raft.server.log.force.sync.num = 128 (default)
2019-10-16 07:48:44,745 [pool-57-thread-1] INFO  server.RaftServerConfigKeys (ConfUtils.java:logGet(43)) - raft.server.log.statemachine.data.sync = true (default)
2019-10-16 07:48:44,745 [pool-77-thread-1] INFO  server.RaftServerConfigKeys (ConfUtils.java:logGet(43)) - raft.server.log.queue.byte-limit = 2147483647 (custom)
2019-10-16 07:48:44,745 [pool-57-thread-1] INFO  server.RaftServerConfigKeys (ConfUtils.java:logGet(43)) - raft.server.log.statemachine.data.sync.timeout = 10s (default)
2019-10-16 07:48:44,745 [pool-27-thread-1] INFO  server.RaftServerConfigKeys (ConfUtils.java:logGet(43)) - raft.server.log.queue.byte-limit = 2147483647 (custom)
2019-10-16 07:48:44,746 [pool-57-thread-1] INFO  server.RaftServerConfigKeys (ConfUtils.java:logGet(43)) - raft.server.log.statemachine.data.sync.timeout.retry = -1 (default)
2019-10-16 07:48:44,746 [pool-77-thread-1] INFO  server.RaftServerConfigKeys (ConfUtils.java:logGet(43)) - raft.server.log.queue.element-limit = 1024 (custom)
2019-10-16 07:48:44,746 [pool-57-thread-1] INFO  server.RaftServerConfigKeys (ConfUtils.java:logGet(43)) - raft.server.log.statemachine.data.caching.enabled = true (custom)
2019-10-16 07:48:44,746 [pool-27-thread-1] INFO  server.RaftServerConfigKeys (ConfUtils.java:logGet(43)) - raft.server.log.queue.element-limit = 1024 (custom)
2019-10-16 07:48:44,746 [pool-77-thread-1] INFO  server.RaftServerConfigKeys (ConfUtils.java:logGet(43)) - raft.server.log.segment.size.max = 1048576 (custom)
2019-10-16 07:48:44,746 [pool-57-thread-1] INFO  segmented.SegmentedRaftLogWorker (SegmentedRaftLogWorker.java:lambda$new$0(128)) - 34a4ce68-6cfa-4f54-b3e2-98c3134e5ebf@group-6B08750156BF-SegmentedRaftLogWorker: flushIndex: setUnconditionally 0 -> -1
2019-10-16 07:48:44,746 [pool-27-thread-1] INFO  server.RaftServerConfigKeys (ConfUtils.java:logGet(43)) - raft.server.log.segment.size.max = 1048576 (custom)
2019-10-16 07:48:44,747 [pool-77-thread-1] INFO  server.RaftServerConfigKeys (ConfUtils.java:logGet(43)) - raft.server.log.preallocated.size = 16384 (custom)
2019-10-16 07:48:44,747 [pool-27-thread-1] INFO  server.RaftServerConfigKeys (ConfUtils.java:logGet(43)) - raft.server.log.preallocated.size = 16384 (custom)
2019-10-16 07:48:44,747 [pool-77-thread-1] INFO  server.RaftServerConfigKeys (ConfUtils.java:logGet(43)) - raft.server.log.write.buffer.size = 33554432 (custom)
2019-10-16 07:48:44,747 [pool-57-thread-1] INFO  server.RaftServerConfigKeys (ConfUtils.java:logGet(43)) - raft.server.snapshot.auto.trigger.enabled = true (custom)
2019-10-16 07:48:44,747 [pool-77-thread-1] INFO  server.RaftServerConfigKeys (ConfUtils.java:logGet(43)) - raft.server.log.force.sync.num = 128 (default)
2019-10-16 07:48:44,747 [pool-27-thread-1] INFO  server.RaftServerConfigKeys (ConfUtils.java:logGet(43)) - raft.server.log.write.buffer.size = 33554432 (custom)
2019-10-16 07:48:44,747 [pool-77-thread-1] INFO  server.RaftServerConfigKeys (ConfUtils.java:logGet(43)) - raft.server.log.statemachine.data.sync = true (default)
2019-10-16 07:48:44,748 [pool-27-thread-1] INFO  server.RaftServerConfigKeys (ConfUtils.java:logGet(43)) - raft.server.log.force.sync.num = 128 (default)
2019-10-16 07:48:44,747 [pool-57-thread-1] INFO  server.RaftServerConfigKeys (ConfUtils.java:logGet(43)) - raft.server.snapshot.auto.trigger.threshold = 10000 (custom)
2019-10-16 07:48:44,748 [pool-27-thread-1] INFO  server.RaftServerConfigKeys (ConfUtils.java:logGet(43)) - raft.server.log.statemachine.data.sync = true (default)
2019-10-16 07:48:44,748 [pool-77-thread-1] INFO  server.RaftServerConfigKeys (ConfUtils.java:logGet(43)) - raft.server.log.statemachine.data.sync.timeout = 10s (default)
2019-10-16 07:48:44,748 [pool-27-thread-1] INFO  server.RaftServerConfigKeys (ConfUtils.java:logGet(43)) - raft.server.log.statemachine.data.sync.timeout = 10s (default)
2019-10-16 07:48:44,748 [pool-57-thread-1] INFO  server.RaftServerConfigKeys (ConfUtils.java:logGet(43)) - raft.server.snapshot.retention.file.num = 5 (custom)
2019-10-16 07:48:44,748 [pool-27-thread-1] INFO  server.RaftServerConfigKeys (ConfUtils.java:logGet(43)) - raft.server.log.statemachine.data.sync.timeout.retry = -1 (default)
2019-10-16 07:48:44,748 [pool-77-thread-1] INFO  server.RaftServerConfigKeys (ConfUtils.java:logGet(43)) - raft.server.log.statemachine.data.sync.timeout.retry = -1 (default)
2019-10-16 07:48:44,748 [pool-27-thread-1] INFO  server.RaftServerConfigKeys (ConfUtils.java:logGet(43)) - raft.server.log.statemachine.data.caching.enabled = true (custom)
2019-10-16 07:48:44,748 [pool-57-thread-1] INFO  server.RaftServerConfigKeys (ConfUtils.java:logGet(43)) - raft.server.retrycache.expirytime = 600000ms (custom)
2019-10-16 07:48:44,749 [pool-77-thread-1] INFO  server.RaftServerConfigKeys (ConfUtils.java:logGet(43)) - raft.server.log.statemachine.data.caching.enabled = true (custom)
2019-10-16 07:48:44,749 [pool-27-thread-1] INFO  segmented.SegmentedRaftLogWorker (SegmentedRaftLogWorker.java:lambda$new$0(128)) - 85034473-de92-432d-987c-753934731faa@group-6B08750156BF-SegmentedRaftLogWorker: flushIndex: setUnconditionally 0 -> -1
2019-10-16 07:48:44,749 [pool-77-thread-1] INFO  segmented.SegmentedRaftLogWorker (SegmentedRaftLogWorker.java:lambda$new$0(128)) - bbaedea4-0636-4a28-8969-ceb75fc90963@group-6B08750156BF-SegmentedRaftLogWorker: flushIndex: setUnconditionally 0 -> -1
2019-10-16 07:48:44,749 [pool-27-thread-1] INFO  server.RaftServerConfigKeys (ConfUtils.java:logGet(43)) - raft.server.snapshot.auto.trigger.enabled = true (custom)
2019-10-16 07:48:44,749 [pool-27-thread-1] INFO  server.RaftServerConfigKeys (ConfUtils.java:logGet(43)) - raft.server.snapshot.auto.trigger.threshold = 10000 (custom)
2019-10-16 07:48:44,750 [pool-27-thread-1] INFO  server.RaftServerConfigKeys (ConfUtils.java:logGet(43)) - raft.server.snapshot.retention.file.num = 5 (custom)
2019-10-16 07:48:44,750 [pool-77-thread-1] INFO  server.RaftServerConfigKeys (ConfUtils.java:logGet(43)) - raft.server.snapshot.auto.trigger.enabled = true (custom)
2019-10-16 07:48:44,750 [pool-27-thread-1] INFO  server.RaftServerConfigKeys (ConfUtils.java:logGet(43)) - raft.server.retrycache.expirytime = 600000ms (custom)
2019-10-16 07:48:44,750 [pool-77-thread-1] INFO  server.RaftServerConfigKeys (ConfUtils.java:logGet(43)) - raft.server.snapshot.auto.trigger.threshold = 10000 (custom)
2019-10-16 07:48:44,750 [pool-77-thread-1] INFO  server.RaftServerConfigKeys (ConfUtils.java:logGet(43)) - raft.server.snapshot.retention.file.num = 5 (custom)
2019-10-16 07:48:44,750 [pool-77-thread-1] INFO  server.RaftServerConfigKeys (ConfUtils.java:logGet(43)) - raft.server.retrycache.expirytime = 600000ms (custom)
2019-10-16 07:48:44,752 [pool-57-thread-1] INFO  impl.RaftServerImpl (RaftServerImpl.java:start(195)) - 34a4ce68-6cfa-4f54-b3e2-98c3134e5ebf@group-6B08750156BF: start as a follower, conf=-1: [34a4ce68-6cfa-4f54-b3e2-98c3134e5ebf:192.168.34.43:41110, 85034473-de92-432d-987c-753934731faa:192.168.34.43:42807, bbaedea4-0636-4a28-8969-ceb75fc90963:192.168.34.43:39038], old=null
2019-10-16 07:48:44,752 [pool-57-thread-1] INFO  impl.RaftServerImpl (RaftServerImpl.java:setRole(184)) - 34a4ce68-6cfa-4f54-b3e2-98c3134e5ebf@group-6B08750156BF: changes role from      null to FOLLOWER at term 0 for startAsFollower
2019-10-16 07:48:44,752 [pool-57-thread-1] INFO  impl.RoleInfo (RoleInfo.java:updateAndGet(143)) - 34a4ce68-6cfa-4f54-b3e2-98c3134e5ebf: start FollowerState
2019-10-16 07:48:44,753 [pool-57-thread-1] INFO  util.JmxRegister (JmxRegister.java:tryRegister(44)) - Successfully registered JMX Bean with object name Ratis:service=RaftServer,group=group-6B08750156BF,id=34a4ce68-6cfa-4f54-b3e2-98c3134e5ebf
2019-10-16 07:48:44,753 [pool-27-thread-1] INFO  impl.RaftServerImpl (RaftServerImpl.java:start(195)) - 85034473-de92-432d-987c-753934731faa@group-6B08750156BF: start as a follower, conf=-1: [34a4ce68-6cfa-4f54-b3e2-98c3134e5ebf:192.168.34.43:41110, 85034473-de92-432d-987c-753934731faa:192.168.34.43:42807, bbaedea4-0636-4a28-8969-ceb75fc90963:192.168.34.43:39038], old=null
2019-10-16 07:48:44,753 [pool-27-thread-1] INFO  impl.RaftServerImpl (RaftServerImpl.java:setRole(184)) - 85034473-de92-432d-987c-753934731faa@group-6B08750156BF: changes role from      null to FOLLOWER at term 0 for startAsFollower
2019-10-16 07:48:44,753 [pool-27-thread-1] INFO  impl.RoleInfo (RoleInfo.java:updateAndGet(143)) - 85034473-de92-432d-987c-753934731faa: start FollowerState
2019-10-16 07:48:44,753 [pool-27-thread-1] INFO  util.JmxRegister (JmxRegister.java:tryRegister(44)) - Successfully registered JMX Bean with object name Ratis:service=RaftServer,group=group-6B08750156BF,id=85034473-de92-432d-987c-753934731faa
2019-10-16 07:48:44,754 [pool-77-thread-1] INFO  impl.RaftServerImpl (RaftServerImpl.java:start(195)) - bbaedea4-0636-4a28-8969-ceb75fc90963@group-6B08750156BF: start as a follower, conf=-1: [34a4ce68-6cfa-4f54-b3e2-98c3134e5ebf:192.168.34.43:41110, 85034473-de92-432d-987c-753934731faa:192.168.34.43:42807, bbaedea4-0636-4a28-8969-ceb75fc90963:192.168.34.43:39038], old=null
2019-10-16 07:48:44,754 [pool-77-thread-1] INFO  impl.RaftServerImpl (RaftServerImpl.java:setRole(184)) - bbaedea4-0636-4a28-8969-ceb75fc90963@group-6B08750156BF: changes role from      null to FOLLOWER at term 0 for startAsFollower
2019-10-16 07:48:44,754 [pool-77-thread-1] INFO  impl.RoleInfo (RoleInfo.java:updateAndGet(143)) - bbaedea4-0636-4a28-8969-ceb75fc90963: start FollowerState
2019-10-16 07:48:44,754 [pool-77-thread-1] INFO  util.JmxRegister (JmxRegister.java:tryRegister(44)) - Successfully registered JMX Bean with object name Ratis:service=RaftServer,group=group-6B08750156BF,id=bbaedea4-0636-4a28-8969-ceb75fc90963
2019-10-16 07:48:44,759 [714d39c9-4cc1-42f5-8347-e0d6eca03bcd@group-6DA17B6C44CD-LeaderElection10] INFO  impl.LeaderElection (LeaderElection.java:askForVotes(178)) - 714d39c9-4cc1-42f5-8347-e0d6eca03bcd@group-6DA17B6C44CD-LeaderElection10: begin an election at term 1 for -1: [714d39c9-4cc1-42f5-8347-e0d6eca03bcd:192.168.34.43:39254], old=null
2019-10-16 07:48:44,759 [714d39c9-4cc1-42f5-8347-e0d6eca03bcd@group-6DA17B6C44CD-LeaderElection10] INFO  impl.RoleInfo (RoleInfo.java:shutdownLeaderElection(134)) - 714d39c9-4cc1-42f5-8347-e0d6eca03bcd: shutdown LeaderElection
2019-10-16 07:48:44,759 [714d39c9-4cc1-42f5-8347-e0d6eca03bcd@group-6DA17B6C44CD-LeaderElection10] INFO  impl.RaftServerImpl (RaftServerImpl.java:setRole(184)) - 714d39c9-4cc1-42f5-8347-e0d6eca03bcd@group-6DA17B6C44CD: changes role from CANDIDATE to LEADER at term 1 for changeToLeader
2019-10-16 07:48:44,761 [714d39c9-4cc1-42f5-8347-e0d6eca03bcd@group-6DA17B6C44CD-LeaderElection10] INFO  impl.RaftServerImpl (ServerState.java:setLeader(256)) - 714d39c9-4cc1-42f5-8347-e0d6eca03bcd@group-6DA17B6C44CD: change Leader from null to 714d39c9-4cc1-42f5-8347-e0d6eca03bcd at term 1 for becomeLeader, leader elected after 176ms
2019-10-16 07:48:44,761 [714d39c9-4cc1-42f5-8347-e0d6eca03bcd@group-6DA17B6C44CD-LeaderElection10] INFO  server.RaftServerConfigKeys (ConfUtils.java:logGet(43)) - raft.server.staging.catchup.gap = 1000 (default)
2019-10-16 07:48:44,762 [714d39c9-4cc1-42f5-8347-e0d6eca03bcd@group-6DA17B6C44CD-LeaderElection10] INFO  server.RaftServerConfigKeys (ConfUtils.java:logGet(43)) - raft.server.rpc.sleep.time = 25ms (default)
2019-10-16 07:48:44,763 [714d39c9-4cc1-42f5-8347-e0d6eca03bcd@group-6DA17B6C44CD-LeaderElection10] INFO  server.RaftServerConfigKeys (ConfUtils.java:logGet(43)) - raft.server.write.element-limit = 4096 (default)
2019-10-16 07:48:44,764 [714d39c9-4cc1-42f5-8347-e0d6eca03bcd@group-6DA17B6C44CD-LeaderElection10] INFO  server.RaftServerConfigKeys (ConfUtils.java:logGet(43)) - raft.server.watch.timeout = 10s (default)
2019-10-16 07:48:44,768 [714d39c9-4cc1-42f5-8347-e0d6eca03bcd@group-6DA17B6C44CD-LeaderElection10] INFO  server.RaftServerConfigKeys (ConfUtils.java:logGet(43)) - raft.server.watch.timeout.denomination = 1s (default)
2019-10-16 07:48:44,769 [714d39c9-4cc1-42f5-8347-e0d6eca03bcd@group-6DA17B6C44CD-LeaderElection10] INFO  server.RaftServerConfigKeys (ConfUtils.java:logGet(43)) - raft.server.watch.element-limit = 65536 (default)
2019-10-16 07:48:44,789 [714d39c9-4cc1-42f5-8347-e0d6eca03bcd@group-6DA17B6C44CD-LeaderElection10] INFO  impl.RoleInfo (RoleInfo.java:updateAndGet(143)) - 714d39c9-4cc1-42f5-8347-e0d6eca03bcd: start LeaderState
2019-10-16 07:48:44,790 [714d39c9-4cc1-42f5-8347-e0d6eca03bcd@group-6DA17B6C44CD-LeaderElection10] INFO  segmented.SegmentedRaftLogWorker (SegmentedRaftLogWorker.java:startLogSegment(385)) - 714d39c9-4cc1-42f5-8347-e0d6eca03bcd@group-6DA17B6C44CD-SegmentedRaftLogWorker: Starting segment from index:0
2019-10-16 07:48:44,790 [RatisPipelineUtilsThread] INFO  pipeline.PipelineStateManager (PipelineStateManager.java:addPipeline(56)) - Created pipeline Pipeline[ Id: fb16610a-bd7b-42e1-82cf-6b08750156bf, Nodes: bbaedea4-0636-4a28-8969-ceb75fc90963{ip: 192.168.34.43, host: pr-hdds-1737-dstl4-2900247166, networkLocation: /default-rack, certSerialId: null}34a4ce68-6cfa-4f54-b3e2-98c3134e5ebf{ip: 192.168.34.43, host: pr-hdds-1737-dstl4-2900247166, networkLocation: /default-rack, certSerialId: null}85034473-de92-432d-987c-753934731faa{ip: 192.168.34.43, host: pr-hdds-1737-dstl4-2900247166, networkLocation: /default-rack, certSerialId: null}, Type:RATIS, Factor:THREE, State:OPEN]
2019-10-16 07:48:44,790 [714d39c9-4cc1-42f5-8347-e0d6eca03bcd@group-6DA17B6C44CD-LeaderElection10] INFO  impl.RaftServerImpl (ServerState.java:setRaftConf(357)) - 714d39c9-4cc1-42f5-8347-e0d6eca03bcd@group-6DA17B6C44CD: set configuration 0: [714d39c9-4cc1-42f5-8347-e0d6eca03bcd:192.168.34.43:39254], old=null at 0
2019-10-16 07:48:44,835 [Thread-338] INFO  impl.FollowerState (FollowerState.java:run(108)) - 85034473-de92-432d-987c-753934731faa@group-6B08750156BF-FollowerState: change to CANDIDATE, lastRpcTime:82ms, electionTimeout:81ms
2019-10-16 07:48:44,840 [Thread-338] INFO  impl.RoleInfo (RoleInfo.java:shutdownFollowerState(121)) - 85034473-de92-432d-987c-753934731faa: shutdown FollowerState
2019-10-16 07:48:44,842 [Thread-338] INFO  impl.RaftServerImpl (RaftServerImpl.java:setRole(184)) - 85034473-de92-432d-987c-753934731faa@group-6B08750156BF: changes role from  FOLLOWER to CANDIDATE at term 0 for changeToCandidate
2019-10-16 07:48:44,842 [Thread-338] INFO  impl.RoleInfo (RoleInfo.java:updateAndGet(143)) - 85034473-de92-432d-987c-753934731faa: start LeaderElection
2019-10-16 07:48:44,848 [714d39c9-4cc1-42f5-8347-e0d6eca03bcd@group-6DA17B6C44CD-SegmentedRaftLogWorker] INFO  segmented.SegmentedRaftLogWorker (SegmentedRaftLogWorker.java:execute(576)) - 714d39c9-4cc1-42f5-8347-e0d6eca03bcd@group-6DA17B6C44CD-SegmentedRaftLogWorker: created new log segment /workdir/hadoop-ozone/integration-test/target/test-dir/MiniOzoneClusterImpl-09750a2c-58c2-4184-91d8-c66eda428939/datanode-7/data/ratis/03e2958c-817b-485f-b6b8-6da17b6c44cd/current/log_inprogress_0
2019-10-16 07:48:44,863 [grpc-default-executor-0] INFO  impl.RaftServerProxy (RaftServerProxy.java:addNew(89)) - eb54e0f1-19f2-4eeb-9522-1404b62d70c1: addNew group-DE5B3FA1F64F:[eb54e0f1-19f2-4eeb-9522-1404b62d70c1:192.168.34.43:32785, b906d628-5b11-472e-bef9-55c10a56a009:192.168.34.43:38952, 0230c08e-48f1-4f17-bace-004fbc1b55c4:192.168.34.43:40481] returns group-DE5B3FA1F64F:java.util.concurrent.CompletableFuture@30a80b3e[Not completed]
2019-10-16 07:48:44,863 [85034473-de92-432d-987c-753934731faa@group-6B08750156BF-LeaderElection11] INFO  impl.LeaderElection (LeaderElection.java:askForVotes(178)) - 85034473-de92-432d-987c-753934731faa@group-6B08750156BF-LeaderElection11: begin an election at term 1 for -1: [34a4ce68-6cfa-4f54-b3e2-98c3134e5ebf:192.168.34.43:41110, 85034473-de92-432d-987c-753934731faa:192.168.34.43:42807, bbaedea4-0636-4a28-8969-ceb75fc90963:192.168.34.43:39038], old=null
2019-10-16 07:48:44,863 [grpc-default-executor-2] INFO  impl.RaftServerProxy (RaftServerProxy.java:addNew(89)) - 0230c08e-48f1-4f17-bace-004fbc1b55c4: addNew group-DE5B3FA1F64F:[eb54e0f1-19f2-4eeb-9522-1404b62d70c1:192.168.34.43:32785, b906d628-5b11-472e-bef9-55c10a56a009:192.168.34.43:38952, 0230c08e-48f1-4f17-bace-004fbc1b55c4:192.168.34.43:40481] returns group-DE5B3FA1F64F:java.util.concurrent.CompletableFuture@74fedca2[Not completed]
2019-10-16 07:48:44,863 [grpc-default-executor-1] INFO  impl.RaftServerProxy (RaftServerProxy.java:addNew(89)) - b906d628-5b11-472e-bef9-55c10a56a009: addNew group-DE5B3FA1F64F:[eb54e0f1-19f2-4eeb-9522-1404b62d70c1:192.168.34.43:32785, b906d628-5b11-472e-bef9-55c10a56a009:192.168.34.43:38952, 0230c08e-48f1-4f17-bace-004fbc1b55c4:192.168.34.43:40481] returns group-DE5B3FA1F64F:java.util.concurrent.CompletableFuture@5483bec7[Not completed]
2019-10-16 07:48:44,866 [pool-67-thread-1] INFO  impl.RaftServerImpl (RaftServerImpl.java:<init>(104)) - b906d628-5b11-472e-bef9-55c10a56a009: new RaftServerImpl for group-DE5B3FA1F64F:[eb54e0f1-19f2-4eeb-9522-1404b62d70c1:192.168.34.43:32785, b906d628-5b11-472e-bef9-55c10a56a009:192.168.34.43:38952, 0230c08e-48f1-4f17-bace-004fbc1b55c4:192.168.34.43:40481] with ContainerStateMachine:uninitialized
2019-10-16 07:48:44,866 [pool-67-thread-1] INFO  server.RaftServerConfigKeys (ConfUtils.java:logGet(43)) - raft.server.rpc.timeout.min = 5s (custom)
2019-10-16 07:48:44,867 [pool-67-thread-1] INFO  server.RaftServerConfigKeys (ConfUtils.java:logGet(43)) - raft.server.rpc.timeout.max = 5200ms (custom)
2019-10-16 07:48:44,867 [pool-67-thread-1] INFO  server.RaftServerConfigKeys (ConfUtils.java:logGet(43)) - raft.server.rpcslowness.timeout = 120s (custom)
2019-10-16 07:48:44,867 [pool-67-thread-1] INFO  server.RaftServerConfigKeys (ConfUtils.java:logGet(43)) - raft.server.sleep.deviation.threshold = 300 (default)
2019-10-16 07:48:44,867 [pool-67-thread-1] INFO  server.RaftServerConfigKeys (ConfUtils.java:logGet(43)) - raft.server.log.appender.install.snapshot.enabled = false (custom)
2019-10-16 07:48:44,867 [pool-67-thread-1] INFO  impl.RaftServerImpl (ServerState.java:<init>(103)) - b906d628-5b11-472e-bef9-55c10a56a009@group-DE5B3FA1F64F: ConfigurationManager, init=-1: [eb54e0f1-19f2-4eeb-9522-1404b62d70c1:192.168.34.43:32785, b906d628-5b11-472e-bef9-55c10a56a009:192.168.34.43:38952, 0230c08e-48f1-4f17-bace-004fbc1b55c4:192.168.34.43:40481], old=null, confs=<EMPTY_MAP>
2019-10-16 07:48:44,867 [pool-67-thread-1] INFO  server.RaftServerConfigKeys (ConfUtils.java:logGet(43)) - raft.server.storage.dir = [/workdir/hadoop-ozone/integration-test/target/test-dir/MiniOzoneClusterImpl-09750a2c-58c2-4184-91d8-c66eda428939/datanode-4/data/ratis] (custom)
2019-10-16 07:48:44,868 [pool-67-thread-1] INFO  server.RaftServerConfigKeys (ConfUtils.java:logGet(43)) - raft.server.log.corruption.policy = EXCEPTION (default)
2019-10-16 07:48:44,868 [pool-67-thread-1] INFO  storage.RaftStorageDirectory (RaftStorageDirectory.java:analyzeStorage(246)) - The storage directory /workdir/hadoop-ozone/integration-test/target/test-dir/MiniOzoneClusterImpl-09750a2c-58c2-4184-91d8-c66eda428939/datanode-4/data/ratis/a3d5664a-d4f2-453b-a36f-de5b3fa1f64f does not exist. Creating ...
2019-10-16 07:48:44,868 [pool-87-thread-1] INFO  impl.RaftServerImpl (RaftServerImpl.java:<init>(104)) - eb54e0f1-19f2-4eeb-9522-1404b62d70c1: new RaftServerImpl for group-DE5B3FA1F64F:[eb54e0f1-19f2-4eeb-9522-1404b62d70c1:192.168.34.43:32785, b906d628-5b11-472e-bef9-55c10a56a009:192.168.34.43:38952, 0230c08e-48f1-4f17-bace-004fbc1b55c4:192.168.34.43:40481] with ContainerStateMachine:uninitialized
2019-10-16 07:48:44,868 [pool-87-thread-1] INFO  server.RaftServerConfigKeys (ConfUtils.java:logGet(43)) - raft.server.rpc.timeout.min = 5s (custom)
2019-10-16 07:48:44,869 [pool-87-thread-1] INFO  server.RaftServerConfigKeys (ConfUtils.java:logGet(43)) - raft.server.rpc.timeout.max = 5200ms (custom)
2019-10-16 07:48:44,869 [pool-87-thread-1] INFO  server.RaftServerConfigKeys (ConfUtils.java:logGet(43)) - raft.server.rpcslowness.timeout = 120s (custom)
2019-10-16 07:48:44,869 [pool-87-thread-1] INFO  server.RaftServerConfigKeys (ConfUtils.java:logGet(43)) - raft.server.sleep.deviation.threshold = 300 (default)
2019-10-16 07:48:44,869 [pool-87-thread-1] INFO  server.RaftServerConfigKeys (ConfUtils.java:logGet(43)) - raft.server.log.appender.install.snapshot.enabled = false (custom)
2019-10-16 07:48:44,870 [pool-87-thread-1] INFO  impl.RaftServerImpl (ServerState.java:<init>(103)) - eb54e0f1-19f2-4eeb-9522-1404b62d70c1@group-DE5B3FA1F64F: ConfigurationManager, init=-1: [eb54e0f1-19f2-4eeb-9522-1404b62d70c1:192.168.34.43:32785, b906d628-5b11-472e-bef9-55c10a56a009:192.168.34.43:38952, 0230c08e-48f1-4f17-bace-004fbc1b55c4:192.168.34.43:40481], old=null, confs=<EMPTY_MAP>
2019-10-16 07:48:44,870 [pool-87-thread-1] INFO  server.RaftServerConfigKeys (ConfUtils.java:logGet(43)) - raft.server.storage.dir = [/workdir/hadoop-ozone/integration-test/target/test-dir/MiniOzoneClusterImpl-09750a2c-58c2-4184-91d8-c66eda428939/datanode-6/data/ratis] (custom)
2019-10-16 07:48:44,870 [pool-47-thread-1] INFO  impl.RaftServerImpl (RaftServerImpl.java:<init>(104)) - 0230c08e-48f1-4f17-bace-004fbc1b55c4: new RaftServerImpl for group-DE5B3FA1F64F:[eb54e0f1-19f2-4eeb-9522-1404b62d70c1:192.168.34.43:32785, b906d628-5b11-472e-bef9-55c10a56a009:192.168.34.43:38952, 0230c08e-48f1-4f17-bace-004fbc1b55c4:192.168.34.43:40481] with ContainerStateMachine:uninitialized
2019-10-16 07:48:44,871 [Thread-339] INFO  impl.FollowerState (FollowerState.java:run(108)) - bbaedea4-0636-4a28-8969-ceb75fc90963@group-6B08750156BF-FollowerState: change to CANDIDATE, lastRpcTime:116ms, electionTimeout:116ms
2019-10-16 07:48:44,871 [pool-87-thread-1] INFO  server.RaftServerConfigKeys (ConfUtils.java:logGet(43)) - raft.server.log.corruption.policy = EXCEPTION (default)
2019-10-16 07:48:44,871 [pool-47-thread-1] INFO  server.RaftServerConfigKeys (ConfUtils.java:logGet(43)) - raft.server.rpc.timeout.min = 5s (custom)
2019-10-16 07:48:44,871 [Thread-339] INFO  impl.RoleInfo (RoleInfo.java:shutdownFollowerState(121)) - bbaedea4-0636-4a28-8969-ceb75fc90963: shutdown FollowerState
2019-10-16 07:48:44,871 [pool-47-thread-1] INFO  server.RaftServerConfigKeys (ConfUtils.java:logGet(43)) - raft.server.rpc.timeout.max = 5200ms (custom)
2019-10-16 07:48:44,871 [pool-87-thread-1] INFO  storage.RaftStorageDirectory (RaftStorageDirectory.java:analyzeStorage(246)) - The storage directory /workdir/hadoop-ozone/integration-test/target/test-dir/MiniOzoneClusterImpl-09750a2c-58c2-4184-91d8-c66eda428939/datanode-6/data/ratis/a3d5664a-d4f2-453b-a36f-de5b3fa1f64f does not exist. Creating ...
2019-10-16 07:48:44,872 [pool-47-thread-1] INFO  server.RaftServerConfigKeys (ConfUtils.java:logGet(43)) - raft.server.rpcslowness.timeout = 120s (custom)
2019-10-16 07:48:44,871 [Thread-339] INFO  impl.RaftServerImpl (RaftServerImpl.java:setRole(184)) - bbaedea4-0636-4a28-8969-ceb75fc90963@group-6B08750156BF: changes role from  FOLLOWER to CANDIDATE at term 0 for changeToCandidate
2019-10-16 07:48:44,872 [pool-47-thread-1] INFO  server.RaftServerConfigKeys (ConfUtils.java:logGet(43)) - raft.server.sleep.deviation.threshold = 300 (default)
2019-10-16 07:48:44,872 [pool-47-thread-1] INFO  server.RaftServerConfigKeys (ConfUtils.java:logGet(43)) - raft.server.log.appender.install.snapshot.enabled = false (custom)
2019-10-16 07:48:44,872 [Thread-339] INFO  impl.RoleInfo (RoleInfo.java:updateAndGet(143)) - bbaedea4-0636-4a28-8969-ceb75fc90963: start LeaderElection
2019-10-16 07:48:44,872 [pool-47-thread-1] INFO  impl.RaftServerImpl (ServerState.java:<init>(103)) - 0230c08e-48f1-4f17-bace-004fbc1b55c4@group-DE5B3FA1F64F: ConfigurationManager, init=-1: [eb54e0f1-19f2-4eeb-9522-1404b62d70c1:192.168.34.43:32785, b906d628-5b11-472e-bef9-55c10a56a009:192.168.34.43:38952, 0230c08e-48f1-4f17-bace-004fbc1b55c4:192.168.34.43:40481], old=null, confs=<EMPTY_MAP>
2019-10-16 07:48:44,873 [pool-47-thread-1] INFO  server.RaftServerConfigKeys (ConfUtils.java:logGet(43)) - raft.server.storage.dir = [/workdir/hadoop-ozone/integration-test/target/test-dir/MiniOzoneClusterImpl-09750a2c-58c2-4184-91d8-c66eda428939/datanode-2/data/ratis] (custom)
2019-10-16 07:48:44,878 [pool-47-thread-1] INFO  server.RaftServerConfigKeys (ConfUtils.java:logGet(43)) - raft.server.log.corruption.policy = EXCEPTION (default)
2019-10-16 07:48:44,878 [pool-47-thread-1] INFO  storage.RaftStorageDirectory (RaftStorageDirectory.java:analyzeStorage(246)) - The storage directory /workdir/hadoop-ozone/integration-test/target/test-dir/MiniOzoneClusterImpl-09750a2c-58c2-4184-91d8-c66eda428939/datanode-2/data/ratis/a3d5664a-d4f2-453b-a36f-de5b3fa1f64f does not exist. Creating ...
2019-10-16 07:48:44,882 [pool-67-thread-1] INFO  storage.RaftStorageDirectory (RaftStorageDirectory.java:tryLock(328)) - Lock on /workdir/hadoop-ozone/integration-test/target/test-dir/MiniOzoneClusterImpl-09750a2c-58c2-4184-91d8-c66eda428939/datanode-4/data/ratis/a3d5664a-d4f2-453b-a36f-de5b3fa1f64f/in_use.lock acquired by nodename 7649@pr-hdds-1737-dstl4-2900247166
2019-10-16 07:48:44,882 [pool-47-thread-1] INFO  storage.RaftStorageDirectory (RaftStorageDirectory.java:tryLock(328)) - Lock on /workdir/hadoop-ozone/integration-test/target/test-dir/MiniOzoneClusterImpl-09750a2c-58c2-4184-91d8-c66eda428939/datanode-2/data/ratis/a3d5664a-d4f2-453b-a36f-de5b3fa1f64f/in_use.lock acquired by nodename 7649@pr-hdds-1737-dstl4-2900247166
2019-10-16 07:48:44,882 [pool-87-thread-1] INFO  storage.RaftStorageDirectory (RaftStorageDirectory.java:tryLock(328)) - Lock on /workdir/hadoop-ozone/integration-test/target/test-dir/MiniOzoneClusterImpl-09750a2c-58c2-4184-91d8-c66eda428939/datanode-6/data/ratis/a3d5664a-d4f2-453b-a36f-de5b3fa1f64f/in_use.lock acquired by nodename 7649@pr-hdds-1737-dstl4-2900247166
2019-10-16 07:48:44,882 [bbaedea4-0636-4a28-8969-ceb75fc90963@group-6B08750156BF-LeaderElection12] INFO  impl.LeaderElection (LeaderElection.java:askForVotes(178)) - bbaedea4-0636-4a28-8969-ceb75fc90963@group-6B08750156BF-LeaderElection12: begin an election at term 1 for -1: [34a4ce68-6cfa-4f54-b3e2-98c3134e5ebf:192.168.34.43:41110, 85034473-de92-432d-987c-753934731faa:192.168.34.43:42807, bbaedea4-0636-4a28-8969-ceb75fc90963:192.168.34.43:39038], old=null
2019-10-16 07:48:44,899 [pool-67-thread-1] INFO  storage.RaftStorage (RaftStorage.java:format(84)) - Storage directory /workdir/hadoop-ozone/integration-test/target/test-dir/MiniOzoneClusterImpl-09750a2c-58c2-4184-91d8-c66eda428939/datanode-4/data/ratis/a3d5664a-d4f2-453b-a36f-de5b3fa1f64f has been successfully formatted.
2019-10-16 07:48:44,899 [pool-87-thread-1] INFO  storage.RaftStorage (RaftStorage.java:format(84)) - Storage directory /workdir/hadoop-ozone/integration-test/target/test-dir/MiniOzoneClusterImpl-09750a2c-58c2-4184-91d8-c66eda428939/datanode-6/data/ratis/a3d5664a-d4f2-453b-a36f-de5b3fa1f64f has been successfully formatted.
2019-10-16 07:48:44,899 [pool-47-thread-1] INFO  storage.RaftStorage (RaftStorage.java:format(84)) - Storage directory /workdir/hadoop-ozone/integration-test/target/test-dir/MiniOzoneClusterImpl-09750a2c-58c2-4184-91d8-c66eda428939/datanode-2/data/ratis/a3d5664a-d4f2-453b-a36f-de5b3fa1f64f has been successfully formatted.
2019-10-16 07:48:44,899 [pool-67-thread-1] INFO  ratis.ContainerStateMachine (ContainerStateMachine.java:loadSnapshot(231)) - group-DE5B3FA1F64F: The snapshot info is null. Setting the last applied indexto:(t:0, i:~)
2019-10-16 07:48:44,899 [pool-47-thread-1] INFO  ratis.ContainerStateMachine (ContainerStateMachine.java:loadSnapshot(231)) - group-DE5B3FA1F64F: The snapshot info is null. Setting the last applied indexto:(t:0, i:~)
2019-10-16 07:48:44,899 [pool-67-thread-1] INFO  server.RaftServerConfigKeys (ConfUtils.java:logGet(43)) - raft.server.notification.no-leader.timeout = 120s (custom)
2019-10-16 07:48:44,899 [pool-87-thread-1] INFO  ratis.ContainerStateMachine (ContainerStateMachine.java:loadSnapshot(231)) - group-DE5B3FA1F64F: The snapshot info is null. Setting the last applied indexto:(t:0, i:~)
2019-10-16 07:48:44,900 [pool-67-thread-1] INFO  server.RaftServerConfigKeys (ConfUtils.java:logGet(43)) - raft.server.log.use.memory = false (default)
2019-10-16 07:48:44,900 [pool-47-thread-1] INFO  server.RaftServerConfigKeys (ConfUtils.java:logGet(43)) - raft.server.notification.no-leader.timeout = 120s (custom)
2019-10-16 07:48:44,900 [pool-67-thread-1] INFO  server.RaftServerConfigKeys (ConfUtils.java:logGet(43)) - raft.server.log.purge.gap = 1000000 (custom)
2019-10-16 07:48:44,900 [pool-87-thread-1] INFO  server.RaftServerConfigKeys (ConfUtils.java:logGet(43)) - raft.server.notification.no-leader.timeout = 120s (custom)
2019-10-16 07:48:44,900 [pool-67-thread-1] INFO  server.RaftServerConfigKeys (ConfUtils.java:logGet(43)) - raft.server.log.appender.buffer.byte-limit = 33554432 (custom)
2019-10-16 07:48:44,900 [pool-47-thread-1] INFO  server.RaftServerConfigKeys (ConfUtils.java:logGet(43)) - raft.server.log.use.memory = false (default)
2019-10-16 07:48:44,900 [pool-67-thread-1] INFO  server.RaftServerConfigKeys (ConfUtils.java:logGet(43)) - raft.server.log.segment.size.max = 1048576 (custom)
2019-10-16 07:48:44,900 [pool-87-thread-1] INFO  server.RaftServerConfigKeys (ConfUtils.java:logGet(43)) - raft.server.log.use.memory = false (default)
2019-10-16 07:48:44,901 [pool-67-thread-1] INFO  server.RaftServerConfigKeys (ConfUtils.java:logGet(43)) - raft.server.log.segment.cache.num.max = 2 (custom)
2019-10-16 07:48:44,901 [pool-47-thread-1] INFO  server.RaftServerConfigKeys (ConfUtils.java:logGet(43)) - raft.server.log.purge.gap = 1000000 (custom)
2019-10-16 07:48:44,901 [pool-67-thread-1] INFO  segmented.SegmentedRaftLogWorker (SegmentedRaftLogWorker.java:<init>(173)) - new b906d628-5b11-472e-bef9-55c10a56a009@group-DE5B3FA1F64F-SegmentedRaftLogWorker for RaftStorage:Storage Directory /workdir/hadoop-ozone/integration-test/target/test-dir/MiniOzoneClusterImpl-09750a2c-58c2-4184-91d8-c66eda428939/datanode-4/data/ratis/a3d5664a-d4f2-453b-a36f-de5b3fa1f64f
2019-10-16 07:48:44,901 [pool-87-thread-1] INFO  server.RaftServerConfigKeys (ConfUtils.java:logGet(43)) - raft.server.log.purge.gap = 1000000 (custom)
2019-10-16 07:48:44,901 [pool-67-thread-1] INFO  server.RaftServerConfigKeys (ConfUtils.java:logGet(43)) - raft.server.log.queue.byte-limit = 2147483647 (custom)
2019-10-16 07:48:44,901 [pool-47-thread-1] INFO  server.RaftServerConfigKeys (ConfUtils.java:logGet(43)) - raft.server.log.appender.buffer.byte-limit = 33554432 (custom)
2019-10-16 07:48:44,902 [pool-67-thread-1] INFO  server.RaftServerConfigKeys (ConfUtils.java:logGet(43)) - raft.server.log.queue.element-limit = 1024 (custom)
2019-10-16 07:48:44,901 [pool-87-thread-1] INFO  server.RaftServerConfigKeys (ConfUtils.java:logGet(43)) - raft.server.log.appender.buffer.byte-limit = 33554432 (custom)
2019-10-16 07:48:44,902 [pool-67-thread-1] INFO  server.RaftServerConfigKeys (ConfUtils.java:logGet(43)) - raft.server.log.segment.size.max = 1048576 (custom)
2019-10-16 07:48:44,902 [pool-47-thread-1] INFO  server.RaftServerConfigKeys (ConfUtils.java:logGet(43)) - raft.server.log.segment.size.max = 1048576 (custom)
2019-10-16 07:48:44,904 [pool-67-thread-1] INFO  server.RaftServerConfigKeys (ConfUtils.java:logGet(43)) - raft.server.log.preallocated.size = 16384 (custom)
2019-10-16 07:48:44,904 [pool-87-thread-1] INFO  server.RaftServerConfigKeys (ConfUtils.java:logGet(43)) - raft.server.log.segment.size.max = 1048576 (custom)
2019-10-16 07:48:44,906 [pool-67-thread-1] INFO  server.RaftServerConfigKeys (ConfUtils.java:logGet(43)) - raft.server.log.write.buffer.size = 33554432 (custom)
2019-10-16 07:48:44,906 [pool-47-thread-1] INFO  server.RaftServerConfigKeys (ConfUtils.java:logGet(43)) - raft.server.log.segment.cache.num.max = 2 (custom)
2019-10-16 07:48:44,907 [pool-67-thread-1] INFO  server.RaftServerConfigKeys (ConfUtils.java:logGet(43)) - raft.server.log.force.sync.num = 128 (default)
2019-10-16 07:48:44,907 [pool-87-thread-1] INFO  server.RaftServerConfigKeys (ConfUtils.java:logGet(43)) - raft.server.log.segment.cache.num.max = 2 (custom)
2019-10-16 07:48:44,907 [pool-67-thread-1] INFO  server.RaftServerConfigKeys (ConfUtils.java:logGet(43)) - raft.server.log.statemachine.data.sync = true (default)
2019-10-16 07:48:44,907 [pool-47-thread-1] INFO  segmented.SegmentedRaftLogWorker (SegmentedRaftLogWorker.java:<init>(173)) - new 0230c08e-48f1-4f17-bace-004fbc1b55c4@group-DE5B3FA1F64F-SegmentedRaftLogWorker for RaftStorage:Storage Directory /workdir/hadoop-ozone/integration-test/target/test-dir/MiniOzoneClusterImpl-09750a2c-58c2-4184-91d8-c66eda428939/datanode-2/data/ratis/a3d5664a-d4f2-453b-a36f-de5b3fa1f64f
2019-10-16 07:48:44,907 [pool-67-thread-1] INFO  server.RaftServerConfigKeys (ConfUtils.java:logGet(43)) - raft.server.log.statemachine.data.sync.timeout = 10s (default)
2019-10-16 07:48:44,907 [pool-87-thread-1] INFO  segmented.SegmentedRaftLogWorker (SegmentedRaftLogWorker.java:<init>(173)) - new eb54e0f1-19f2-4eeb-9522-1404b62d70c1@group-DE5B3FA1F64F-SegmentedRaftLogWorker for RaftStorage:Storage Directory /workdir/hadoop-ozone/integration-test/target/test-dir/MiniOzoneClusterImpl-09750a2c-58c2-4184-91d8-c66eda428939/datanode-6/data/ratis/a3d5664a-d4f2-453b-a36f-de5b3fa1f64f
2019-10-16 07:48:44,908 [pool-67-thread-1] INFO  server.RaftServerConfigKeys (ConfUtils.java:logGet(43)) - raft.server.log.statemachine.data.sync.timeout.retry = -1 (default)
2019-10-16 07:48:44,907 [pool-47-thread-1] INFO  server.RaftServerConfigKeys (ConfUtils.java:logGet(43)) - raft.server.log.queue.byte-limit = 2147483647 (custom)
2019-10-16 07:48:44,908 [pool-87-thread-1] INFO  server.RaftServerConfigKeys (ConfUtils.java:logGet(43)) - raft.server.log.queue.byte-limit = 2147483647 (custom)
2019-10-16 07:48:44,908 [pool-67-thread-1] INFO  server.RaftServerConfigKeys (ConfUtils.java:logGet(43)) - raft.server.log.statemachine.data.caching.enabled = true (custom)
2019-10-16 07:48:44,908 [pool-47-thread-1] INFO  server.RaftServerConfigKeys (ConfUtils.java:logGet(43)) - raft.server.log.queue.element-limit = 1024 (custom)
2019-10-16 07:48:44,908 [pool-87-thread-1] INFO  server.RaftServerConfigKeys (ConfUtils.java:logGet(43)) - raft.server.log.queue.element-limit = 1024 (custom)
2019-10-16 07:48:44,908 [pool-47-thread-1] INFO  server.RaftServerConfigKeys (ConfUtils.java:logGet(43)) - raft.server.log.segment.size.max = 1048576 (custom)
2019-10-16 07:48:44,909 [pool-67-thread-1] INFO  segmented.SegmentedRaftLogWorker (SegmentedRaftLogWorker.java:lambda$new$0(128)) - b906d628-5b11-472e-bef9-55c10a56a009@group-DE5B3FA1F64F-SegmentedRaftLogWorker: flushIndex: setUnconditionally 0 -> -1
2019-10-16 07:48:44,909 [pool-87-thread-1] INFO  server.RaftServerConfigKeys (ConfUtils.java:logGet(43)) - raft.server.log.segment.size.max = 1048576 (custom)
2019-10-16 07:48:44,909 [pool-47-thread-1] INFO  server.RaftServerConfigKeys (ConfUtils.java:logGet(43)) - raft.server.log.preallocated.size = 16384 (custom)
2019-10-16 07:48:44,909 [pool-67-thread-1] INFO  server.RaftServerConfigKeys (ConfUtils.java:logGet(43)) - raft.server.snapshot.auto.trigger.enabled = true (custom)
2019-10-16 07:48:44,909 [pool-87-thread-1] INFO  server.RaftServerConfigKeys (ConfUtils.java:logGet(43)) - raft.server.log.preallocated.size = 16384 (custom)
2019-10-16 07:48:44,909 [pool-67-thread-1] INFO  server.RaftServerConfigKeys (ConfUtils.java:logGet(43)) - raft.server.snapshot.auto.trigger.threshold = 10000 (custom)
2019-10-16 07:48:44,909 [pool-47-thread-1] INFO  server.RaftServerConfigKeys (ConfUtils.java:logGet(43)) - raft.server.log.write.buffer.size = 33554432 (custom)
2019-10-16 07:48:44,910 [pool-67-thread-1] INFO  server.RaftServerConfigKeys (ConfUtils.java:logGet(43)) - raft.server.snapshot.retention.file.num = 5 (custom)
2019-10-16 07:48:44,910 [pool-87-thread-1] INFO  server.RaftServerConfigKeys (ConfUtils.java:logGet(43)) - raft.server.log.write.buffer.size = 33554432 (custom)
2019-10-16 07:48:44,910 [pool-47-thread-1] INFO  server.RaftServerConfigKeys (ConfUtils.java:logGet(43)) - raft.server.log.force.sync.num = 128 (default)
2019-10-16 07:48:44,910 [pool-67-thread-1] INFO  server.RaftServerConfigKeys (ConfUtils.java:logGet(43)) - raft.server.retrycache.expirytime = 600000ms (custom)
2019-10-16 07:48:44,910 [pool-87-thread-1] INFO  server.RaftServerConfigKeys (ConfUtils.java:logGet(43)) - raft.server.log.force.sync.num = 128 (default)
2019-10-16 07:48:44,910 [pool-47-thread-1] INFO  server.RaftServerConfigKeys (ConfUtils.java:logGet(43)) - raft.server.log.statemachine.data.sync = true (default)
2019-10-16 07:48:44,913 [pool-87-thread-1] INFO  server.RaftServerConfigKeys (ConfUtils.java:logGet(43)) - raft.server.log.statemachine.data.sync = true (default)
2019-10-16 07:48:44,914 [pool-47-thread-1] INFO  server.RaftServerConfigKeys (ConfUtils.java:logGet(43)) - raft.server.log.statemachine.data.sync.timeout = 10s (default)
2019-10-16 07:48:44,915 [pool-87-thread-1] INFO  server.RaftServerConfigKeys (ConfUtils.java:logGet(43)) - raft.server.log.statemachine.data.sync.timeout = 10s (default)
2019-10-16 07:48:44,915 [pool-47-thread-1] INFO  server.RaftServerConfigKeys (ConfUtils.java:logGet(43)) - raft.server.log.statemachine.data.sync.timeout.retry = -1 (default)
2019-10-16 07:48:44,915 [pool-87-thread-1] INFO  server.RaftServerConfigKeys (ConfUtils.java:logGet(43)) - raft.server.log.statemachine.data.sync.timeout.retry = -1 (default)
2019-10-16 07:48:44,915 [pool-47-thread-1] INFO  server.RaftServerConfigKeys (ConfUtils.java:logGet(43)) - raft.server.log.statemachine.data.caching.enabled = true (custom)
2019-10-16 07:48:44,915 [grpc-default-executor-1] INFO  impl.RaftServerImpl (RaftServerImpl.java:setRole(184)) - 34a4ce68-6cfa-4f54-b3e2-98c3134e5ebf@group-6B08750156BF: changes role from  FOLLOWER to FOLLOWER at term 1 for recognizeCandidate:85034473-de92-432d-987c-753934731faa
2019-10-16 07:48:44,916 [pool-47-thread-1] INFO  segmented.SegmentedRaftLogWorker (SegmentedRaftLogWorker.java:lambda$new$0(128)) - 0230c08e-48f1-4f17-bace-004fbc1b55c4@group-DE5B3FA1F64F-SegmentedRaftLogWorker: flushIndex: setUnconditionally 0 -> -1
2019-10-16 07:48:44,915 [pool-87-thread-1] INFO  server.RaftServerConfigKeys (ConfUtils.java:logGet(43)) - raft.server.log.statemachine.data.caching.enabled = true (custom)
2019-10-16 07:48:44,916 [grpc-default-executor-1] INFO  impl.RoleInfo (RoleInfo.java:shutdownFollowerState(121)) - 34a4ce68-6cfa-4f54-b3e2-98c3134e5ebf: shutdown FollowerState
2019-10-16 07:48:44,916 [pool-87-thread-1] INFO  segmented.SegmentedRaftLogWorker (SegmentedRaftLogWorker.java:lambda$new$0(128)) - eb54e0f1-19f2-4eeb-9522-1404b62d70c1@group-DE5B3FA1F64F-SegmentedRaftLogWorker: flushIndex: setUnconditionally 0 -> -1
2019-10-16 07:48:44,916 [Thread-337] INFO  impl.FollowerState (FollowerState.java:run(117)) - 34a4ce68-6cfa-4f54-b3e2-98c3134e5ebf@group-6B08750156BF-FollowerState was interrupted: java.lang.InterruptedException: sleep interrupted
2019-10-16 07:48:44,916 [pool-47-thread-1] INFO  server.RaftServerConfigKeys (ConfUtils.java:logGet(43)) - raft.server.snapshot.auto.trigger.enabled = true (custom)
2019-10-16 07:48:44,916 [grpc-default-executor-1] INFO  impl.RoleInfo (RoleInfo.java:updateAndGet(143)) - 34a4ce68-6cfa-4f54-b3e2-98c3134e5ebf: start FollowerState
2019-10-16 07:48:44,917 [pool-87-thread-1] INFO  server.RaftServerConfigKeys (ConfUtils.java:logGet(43)) - raft.server.snapshot.auto.trigger.enabled = true (custom)
2019-10-16 07:48:44,919 [pool-67-thread-1] INFO  impl.RaftServerImpl (RaftServerImpl.java:start(195)) - b906d628-5b11-472e-bef9-55c10a56a009@group-DE5B3FA1F64F: start as a follower, conf=-1: [eb54e0f1-19f2-4eeb-9522-1404b62d70c1:192.168.34.43:32785, b906d628-5b11-472e-bef9-55c10a56a009:192.168.34.43:38952, 0230c08e-48f1-4f17-bace-004fbc1b55c4:192.168.34.43:40481], old=null
2019-10-16 07:48:44,917 [pool-47-thread-1] INFO  server.RaftServerConfigKeys (ConfUtils.java:logGet(43)) - raft.server.snapshot.auto.trigger.threshold = 10000 (custom)
2019-10-16 07:48:44,928 [pool-67-thread-1] INFO  impl.RaftServerImpl (RaftServerImpl.java:setRole(184)) - b906d628-5b11-472e-bef9-55c10a56a009@group-DE5B3FA1F64F: changes role from      null to FOLLOWER at term 0 for startAsFollower
2019-10-16 07:48:44,919 [pool-87-thread-1] INFO  server.RaftServerConfigKeys (ConfUtils.java:logGet(43)) - raft.server.snapshot.auto.trigger.threshold = 10000 (custom)
2019-10-16 07:48:44,930 [pool-67-thread-1] INFO  impl.RoleInfo (RoleInfo.java:updateAndGet(143)) - b906d628-5b11-472e-bef9-55c10a56a009: start FollowerState
2019-10-16 07:48:44,928 [pool-47-thread-1] INFO  server.RaftServerConfigKeys (ConfUtils.java:logGet(43)) - raft.server.snapshot.retention.file.num = 5 (custom)
2019-10-16 07:48:44,930 [pool-87-thread-1] INFO  server.RaftServerConfigKeys (ConfUtils.java:logGet(43)) - raft.server.snapshot.retention.file.num = 5 (custom)
2019-10-16 07:48:44,931 [pool-47-thread-1] INFO  server.RaftServerConfigKeys (ConfUtils.java:logGet(43)) - raft.server.retrycache.expirytime = 600000ms (custom)
2019-10-16 07:48:44,931 [pool-87-thread-1] INFO  server.RaftServerConfigKeys (ConfUtils.java:logGet(43)) - raft.server.retrycache.expirytime = 600000ms (custom)
2019-10-16 07:48:44,931 [pool-67-thread-1] INFO  util.JmxRegister (JmxRegister.java:tryRegister(44)) - Successfully registered JMX Bean with object name Ratis:service=RaftServer,group=group-DE5B3FA1F64F,id=b906d628-5b11-472e-bef9-55c10a56a009
2019-10-16 07:48:44,943 [Thread-352] INFO  impl.FollowerState (FollowerState.java:run(108)) - b906d628-5b11-472e-bef9-55c10a56a009@group-DE5B3FA1F64F-FollowerState: change to CANDIDATE, lastRpcTime:13ms, electionTimeout:4ms
2019-10-16 07:48:44,944 [Thread-352] INFO  impl.RoleInfo (RoleInfo.java:shutdownFollowerState(121)) - b906d628-5b11-472e-bef9-55c10a56a009: shutdown FollowerState
2019-10-16 07:48:44,944 [Thread-352] INFO  impl.RaftServerImpl (RaftServerImpl.java:setRole(184)) - b906d628-5b11-472e-bef9-55c10a56a009@group-DE5B3FA1F64F: changes role from  FOLLOWER to CANDIDATE at term 0 for changeToCandidate
2019-10-16 07:48:44,947 [Thread-352] INFO  impl.RoleInfo (RoleInfo.java:updateAndGet(143)) - b906d628-5b11-472e-bef9-55c10a56a009: start LeaderElection
2019-10-16 07:48:44,955 [pool-47-thread-1] INFO  impl.RaftServerImpl (RaftServerImpl.java:start(195)) - 0230c08e-48f1-4f17-bace-004fbc1b55c4@group-DE5B3FA1F64F: start as a follower, conf=-1: [eb54e0f1-19f2-4eeb-9522-1404b62d70c1:192.168.34.43:32785, b906d628-5b11-472e-bef9-55c10a56a009:192.168.34.43:38952, 0230c08e-48f1-4f17-bace-004fbc1b55c4:192.168.34.43:40481], old=null
2019-10-16 07:48:44,955 [pool-47-thread-1] INFO  impl.RaftServerImpl (RaftServerImpl.java:setRole(184)) - 0230c08e-48f1-4f17-bace-004fbc1b55c4@group-DE5B3FA1F64F: changes role from      null to FOLLOWER at term 0 for startAsFollower
2019-10-16 07:48:44,956 [pool-47-thread-1] INFO  impl.RoleInfo (RoleInfo.java:updateAndGet(143)) - 0230c08e-48f1-4f17-bace-004fbc1b55c4: start FollowerState
2019-10-16 07:48:44,956 [pool-87-thread-1] INFO  impl.RaftServerImpl (RaftServerImpl.java:start(195)) - eb54e0f1-19f2-4eeb-9522-1404b62d70c1@group-DE5B3FA1F64F: start as a follower, conf=-1: [eb54e0f1-19f2-4eeb-9522-1404b62d70c1:192.168.34.43:32785, b906d628-5b11-472e-bef9-55c10a56a009:192.168.34.43:38952, 0230c08e-48f1-4f17-bace-004fbc1b55c4:192.168.34.43:40481], old=null
2019-10-16 07:48:44,956 [pool-87-thread-1] INFO  impl.RaftServerImpl (RaftServerImpl.java:setRole(184)) - eb54e0f1-19f2-4eeb-9522-1404b62d70c1@group-DE5B3FA1F64F: changes role from      null to FOLLOWER at term 0 for startAsFollower
2019-10-16 07:48:44,956 [pool-87-thread-1] INFO  impl.RoleInfo (RoleInfo.java:updateAndGet(143)) - eb54e0f1-19f2-4eeb-9522-1404b62d70c1: start FollowerState
2019-10-16 07:48:44,956 [pool-47-thread-1] INFO  util.JmxRegister (JmxRegister.java:tryRegister(44)) - Successfully registered JMX Bean with object name Ratis:service=RaftServer,group=group-DE5B3FA1F64F,id=0230c08e-48f1-4f17-bace-004fbc1b55c4
2019-10-16 07:48:44,957 [pool-87-thread-1] INFO  util.JmxRegister (JmxRegister.java:tryRegister(44)) - Successfully registered JMX Bean with object name Ratis:service=RaftServer,group=group-DE5B3FA1F64F,id=eb54e0f1-19f2-4eeb-9522-1404b62d70c1
2019-10-16 07:48:44,968 [Thread-358] INFO  impl.FollowerState (FollowerState.java:run(108)) - eb54e0f1-19f2-4eeb-9522-1404b62d70c1@group-DE5B3FA1F64F-FollowerState: change to CANDIDATE, lastRpcTime:11ms, electionTimeout:7ms
2019-10-16 07:48:44,968 [b906d628-5b11-472e-bef9-55c10a56a009@group-DE5B3FA1F64F-LeaderElection13] INFO  impl.LeaderElection (LeaderElection.java:askForVotes(178)) - b906d628-5b11-472e-bef9-55c10a56a009@group-DE5B3FA1F64F-LeaderElection13: begin an election at term 1 for -1: [eb54e0f1-19f2-4eeb-9522-1404b62d70c1:192.168.34.43:32785, b906d628-5b11-472e-bef9-55c10a56a009:192.168.34.43:38952, 0230c08e-48f1-4f17-bace-004fbc1b55c4:192.168.34.43:40481], old=null
2019-10-16 07:48:44,968 [Thread-358] INFO  impl.RoleInfo (RoleInfo.java:shutdownFollowerState(121)) - eb54e0f1-19f2-4eeb-9522-1404b62d70c1: shutdown FollowerState
2019-10-16 07:48:44,969 [Thread-358] INFO  impl.RaftServerImpl (RaftServerImpl.java:setRole(184)) - eb54e0f1-19f2-4eeb-9522-1404b62d70c1@group-DE5B3FA1F64F: changes role from  FOLLOWER to CANDIDATE at term 0 for changeToCandidate
2019-10-16 07:48:44,969 [Thread-358] INFO  impl.RoleInfo (RoleInfo.java:updateAndGet(143)) - eb54e0f1-19f2-4eeb-9522-1404b62d70c1: start LeaderElection
2019-10-16 07:48:44,990 [eb54e0f1-19f2-4eeb-9522-1404b62d70c1@group-DE5B3FA1F64F-LeaderElection14] INFO  impl.LeaderElection (LeaderElection.java:askForVotes(178)) - eb54e0f1-19f2-4eeb-9522-1404b62d70c1@group-DE5B3FA1F64F-LeaderElection14: begin an election at term 1 for -1: [eb54e0f1-19f2-4eeb-9522-1404b62d70c1:192.168.34.43:32785, b906d628-5b11-472e-bef9-55c10a56a009:192.168.34.43:38952, 0230c08e-48f1-4f17-bace-004fbc1b55c4:192.168.34.43:40481], old=null
2019-10-16 07:48:45,016 [85034473-de92-432d-987c-753934731faa@group-6B08750156BF-LeaderElection11] INFO  impl.LeaderElection (LeaderElection.java:logAndReturn(56)) - 85034473-de92-432d-987c-753934731faa@group-6B08750156BF-LeaderElection11: Election PASSED; received 2 response(s) [85034473-de92-432d-987c-753934731faa<-34a4ce68-6cfa-4f54-b3e2-98c3134e5ebf#0:OK-t1, 85034473-de92-432d-987c-753934731faa<-bbaedea4-0636-4a28-8969-ceb75fc90963#0:FAIL-t1] and 0 exception(s); 85034473-de92-432d-987c-753934731faa@group-6B08750156BF:t1, leader=null, voted=85034473-de92-432d-987c-753934731faa, raftlog=85034473-de92-432d-987c-753934731faa@group-6B08750156BF-SegmentedRaftLog:OPENED:c-1,f-1,i0, conf=-1: [34a4ce68-6cfa-4f54-b3e2-98c3134e5ebf:192.168.34.43:41110, 85034473-de92-432d-987c-753934731faa:192.168.34.43:42807, bbaedea4-0636-4a28-8969-ceb75fc90963:192.168.34.43:39038], old=null
2019-10-16 07:48:45,016 [bbaedea4-0636-4a28-8969-ceb75fc90963@group-6B08750156BF-LeaderElection12] INFO  impl.LeaderElection (LeaderElection.java:logAndReturn(56)) - bbaedea4-0636-4a28-8969-ceb75fc90963@group-6B08750156BF-LeaderElection12: Election TIMEOUT; received 1 response(s) [bbaedea4-0636-4a28-8969-ceb75fc90963<-85034473-de92-432d-987c-753934731faa#0:FAIL-t1] and 0 exception(s); bbaedea4-0636-4a28-8969-ceb75fc90963@group-6B08750156BF:t1, leader=null, voted=bbaedea4-0636-4a28-8969-ceb75fc90963, raftlog=bbaedea4-0636-4a28-8969-ceb75fc90963@group-6B08750156BF-SegmentedRaftLog:OPENED:c-1,f-1,i0, conf=-1: [34a4ce68-6cfa-4f54-b3e2-98c3134e5ebf:192.168.34.43:41110, 85034473-de92-432d-987c-753934731faa:192.168.34.43:42807, bbaedea4-0636-4a28-8969-ceb75fc90963:192.168.34.43:39038], old=null
2019-10-16 07:48:45,016 [85034473-de92-432d-987c-753934731faa@group-6B08750156BF-LeaderElection11] INFO  impl.RoleInfo (RoleInfo.java:shutdownLeaderElection(134)) - 85034473-de92-432d-987c-753934731faa: shutdown LeaderElection
2019-10-16 07:48:45,018 [85034473-de92-432d-987c-753934731faa@group-6B08750156BF-LeaderElection11] INFO  impl.RaftServerImpl (RaftServerImpl.java:setRole(184)) - 85034473-de92-432d-987c-753934731faa@group-6B08750156BF: changes role from CANDIDATE to LEADER at term 1 for changeToLeader
2019-10-16 07:48:45,018 [85034473-de92-432d-987c-753934731faa@group-6B08750156BF-LeaderElection11] INFO  impl.RaftServerImpl (ServerState.java:setLeader(256)) - 85034473-de92-432d-987c-753934731faa@group-6B08750156BF: change Leader from null to 85034473-de92-432d-987c-753934731faa at term 1 for becomeLeader, leader elected after 280ms
2019-10-16 07:48:45,021 [b906d628-5b11-472e-bef9-55c10a56a009@group-DE5B3FA1F64F-LeaderElection13] INFO  impl.LeaderElection (LeaderElection.java:logAndReturn(56)) - b906d628-5b11-472e-bef9-55c10a56a009@group-DE5B3FA1F64F-LeaderElection13: Election TIMEOUT; received 0 response(s) [] and 0 exception(s); b906d628-5b11-472e-bef9-55c10a56a009@group-DE5B3FA1F64F:t1, leader=null, voted=b906d628-5b11-472e-bef9-55c10a56a009, raftlog=b906d628-5b11-472e-bef9-55c10a56a009@group-DE5B3FA1F64F-SegmentedRaftLog:OPENED:c-1,f-1,i0, conf=-1: [eb54e0f1-19f2-4eeb-9522-1404b62d70c1:192.168.34.43:32785, b906d628-5b11-472e-bef9-55c10a56a009:192.168.34.43:38952, 0230c08e-48f1-4f17-bace-004fbc1b55c4:192.168.34.43:40481], old=null
2019-10-16 07:48:45,023 [85034473-de92-432d-987c-753934731faa@group-6B08750156BF-LeaderElection11] INFO  server.RaftServerConfigKeys (ConfUtils.java:logGet(43)) - raft.server.staging.catchup.gap = 1000 (default)
2019-10-16 07:48:45,025 [85034473-de92-432d-987c-753934731faa@group-6B08750156BF-LeaderElection11] INFO  server.RaftServerConfigKeys (ConfUtils.java:logGet(43)) - raft.server.rpc.sleep.time = 25ms (default)
2019-10-16 07:48:45,027 [85034473-de92-432d-987c-753934731faa@group-6B08750156BF-LeaderElection11] INFO  server.RaftServerConfigKeys (ConfUtils.java:logGet(43)) - raft.server.write.element-limit = 4096 (default)
2019-10-16 07:48:45,027 [85034473-de92-432d-987c-753934731faa@group-6B08750156BF-LeaderElection11] INFO  server.RaftServerConfigKeys (ConfUtils.java:logGet(43)) - raft.server.watch.timeout = 10s (default)
2019-10-16 07:48:45,027 [RatisPipelineUtilsThread] INFO  pipeline.PipelineStateManager (PipelineStateManager.java:addPipeline(56)) - Created pipeline Pipeline[ Id: a3d5664a-d4f2-453b-a36f-de5b3fa1f64f, Nodes: 0230c08e-48f1-4f17-bace-004fbc1b55c4{ip: 192.168.34.43, host: pr-hdds-1737-dstl4-2900247166, networkLocation: /default-rack, certSerialId: null}b906d628-5b11-472e-bef9-55c10a56a009{ip: 192.168.34.43, host: pr-hdds-1737-dstl4-2900247166, networkLocation: /default-rack, certSerialId: null}eb54e0f1-19f2-4eeb-9522-1404b62d70c1{ip: 192.168.34.43, host: pr-hdds-1737-dstl4-2900247166, networkLocation: /default-rack, certSerialId: null}, Type:RATIS, Factor:THREE, State:OPEN]
2019-10-16 07:48:45,027 [85034473-de92-432d-987c-753934731faa@group-6B08750156BF-LeaderElection11] INFO  server.RaftServerConfigKeys (ConfUtils.java:logGet(43)) - raft.server.watch.timeout.denomination = 1s (default)
2019-10-16 07:48:45,030 [85034473-de92-432d-987c-753934731faa@group-6B08750156BF-LeaderElection11] INFO  server.RaftServerConfigKeys (ConfUtils.java:logGet(43)) - raft.server.watch.element-limit = 65536 (default)
2019-10-16 07:48:45,041 [b906d628-5b11-472e-bef9-55c10a56a009@group-DE5B3FA1F64F-LeaderElection13] INFO  impl.LeaderElection (LeaderElection.java:askForVotes(178)) - b906d628-5b11-472e-bef9-55c10a56a009@group-DE5B3FA1F64F-LeaderElection13: begin an election at term 2 for -1: [eb54e0f1-19f2-4eeb-9522-1404b62d70c1:192.168.34.43:32785, b906d628-5b11-472e-bef9-55c10a56a009:192.168.34.43:38952, 0230c08e-48f1-4f17-bace-004fbc1b55c4:192.168.34.43:40481], old=null
2019-10-16 07:48:45,041 [bbaedea4-0636-4a28-8969-ceb75fc90963@group-6B08750156BF-LeaderElection12] INFO  impl.LeaderElection (LeaderElection.java:askForVotes(178)) - bbaedea4-0636-4a28-8969-ceb75fc90963@group-6B08750156BF-LeaderElection12: begin an election at term 2 for -1: [34a4ce68-6cfa-4f54-b3e2-98c3134e5ebf:192.168.34.43:41110, 85034473-de92-432d-987c-753934731faa:192.168.34.43:42807, bbaedea4-0636-4a28-8969-ceb75fc90963:192.168.34.43:39038], old=null
2019-10-16 07:48:45,047 [Thread-351] INFO  impl.FollowerState (FollowerState.java:run(108)) - 34a4ce68-6cfa-4f54-b3e2-98c3134e5ebf@group-6B08750156BF-FollowerState: change to CANDIDATE, lastRpcTime:130ms, electionTimeout:127ms
2019-10-16 07:48:45,047 [Thread-351] INFO  impl.RoleInfo (RoleInfo.java:shutdownFollowerState(121)) - 34a4ce68-6cfa-4f54-b3e2-98c3134e5ebf: shutdown FollowerState
2019-10-16 07:48:45,047 [Thread-351] INFO  impl.RaftServerImpl (RaftServerImpl.java:setRole(184)) - 34a4ce68-6cfa-4f54-b3e2-98c3134e5ebf@group-6B08750156BF: changes role from  FOLLOWER to CANDIDATE at term 1 for changeToCandidate
2019-10-16 07:48:45,047 [Thread-351] INFO  impl.RoleInfo (RoleInfo.java:updateAndGet(143)) - 34a4ce68-6cfa-4f54-b3e2-98c3134e5ebf: start LeaderElection
2019-10-16 07:48:45,054 [85034473-de92-432d-987c-753934731faa@group-6B08750156BF-LeaderElection11] INFO  server.RaftServerConfigKeys (ConfUtils.java:logGet(43)) - raft.server.log.appender.snapshot.chunk.size.max = 16MB (=16777216) (default)
2019-10-16 07:48:45,056 [85034473-de92-432d-987c-753934731faa@group-6B08750156BF-LeaderElection11] INFO  server.RaftServerConfigKeys (ConfUtils.java:logGet(43)) - raft.server.log.appender.buffer.byte-limit = 33554432 (custom)
2019-10-16 07:48:45,058 [85034473-de92-432d-987c-753934731faa@group-6B08750156BF-LeaderElection11] INFO  server.RaftServerConfigKeys (ConfUtils.java:logGet(43)) - raft.server.log.appender.buffer.element-limit = 1 (custom)
2019-10-16 07:48:45,060 [grpc-default-executor-1] INFO  impl.RaftServerImpl (RaftServerImpl.java:setRole(184)) - 0230c08e-48f1-4f17-bace-004fbc1b55c4@group-DE5B3FA1F64F: changes role from  FOLLOWER to FOLLOWER at term 1 for recognizeCandidate:b906d628-5b11-472e-bef9-55c10a56a009
2019-10-16 07:48:45,060 [grpc-default-executor-1] INFO  impl.RoleInfo (RoleInfo.java:shutdownFollowerState(121)) - 0230c08e-48f1-4f17-bace-004fbc1b55c4: shutdown FollowerState
2019-10-16 07:48:45,061 [grpc-default-executor-1] INFO  impl.RoleInfo (RoleInfo.java:updateAndGet(143)) - 0230c08e-48f1-4f17-bace-004fbc1b55c4: start FollowerState
2019-10-16 07:48:45,061 [Thread-356] INFO  impl.FollowerState (FollowerState.java:run(117)) - 0230c08e-48f1-4f17-bace-004fbc1b55c4@group-DE5B3FA1F64F-FollowerState was interrupted: java.lang.InterruptedException: sleep interrupted
2019-10-16 07:48:45,069 [34a4ce68-6cfa-4f54-b3e2-98c3134e5ebf@group-6B08750156BF-LeaderElection15] INFO  impl.LeaderElection (LeaderElection.java:askForVotes(178)) - 34a4ce68-6cfa-4f54-b3e2-98c3134e5ebf@group-6B08750156BF-LeaderElection15: begin an election at term 2 for -1: [34a4ce68-6cfa-4f54-b3e2-98c3134e5ebf:192.168.34.43:41110, 85034473-de92-432d-987c-753934731faa:192.168.34.43:42807, bbaedea4-0636-4a28-8969-ceb75fc90963:192.168.34.43:39038], old=null
2019-10-16 07:48:45,069 [grpc-default-executor-2] INFO  impl.RaftServerProxy (RaftServerProxy.java:addNew(89)) - 4ffee07d-169c-4709-8390-13e847b22477: addNew group-769B46396E91:[00430a6c-148f-42d2-bd35-49b9937462c3:192.168.34.43:40986, 3e390cd5-6e5f-4e4a-89b9-5d2d9c64b08e:192.168.34.43:35883, 4ffee07d-169c-4709-8390-13e847b22477:192.168.34.43:45950] returns group-769B46396E91:java.util.concurrent.CompletableFuture@5cafdb87[Not completed]
2019-10-16 07:48:45,072 [85034473-de92-432d-987c-753934731faa@group-6B08750156BF-LeaderElection11] INFO  grpc.GrpcConfigKeys$Server (ConfUtils.java:logGet(43)) - raft.grpc.server.leader.outstanding.appends.max = 128 (default)
2019-10-16 07:48:45,074 [85034473-de92-432d-987c-753934731faa@group-6B08750156BF-LeaderElection11] INFO  server.RaftServerConfigKeys (ConfUtils.java:logGet(43)) - raft.server.rpc.request.timeout = 3000ms (default)
2019-10-16 07:48:45,075 [85034473-de92-432d-987c-753934731faa@group-6B08750156BF-LeaderElection11] INFO  server.RaftServerConfigKeys (ConfUtils.java:logGet(43)) - raft.server.log.appender.install.snapshot.enabled = false (custom)
2019-10-16 07:48:45,086 [eb54e0f1-19f2-4eeb-9522-1404b62d70c1@group-DE5B3FA1F64F-LeaderElection14] INFO  impl.LeaderElection (LeaderElection.java:logAndReturn(56)) - eb54e0f1-19f2-4eeb-9522-1404b62d70c1@group-DE5B3FA1F64F-LeaderElection14: Election DISCOVERED_A_NEW_TERM; received 1 response(s) [eb54e0f1-19f2-4eeb-9522-1404b62d70c1<-b906d628-5b11-472e-bef9-55c10a56a009#0:FAIL-t2] and 0 exception(s); eb54e0f1-19f2-4eeb-9522-1404b62d70c1@group-DE5B3FA1F64F:t1, leader=null, voted=eb54e0f1-19f2-4eeb-9522-1404b62d70c1, raftlog=eb54e0f1-19f2-4eeb-9522-1404b62d70c1@group-DE5B3FA1F64F-SegmentedRaftLog:OPENED:c-1,f-1,i0, conf=-1: [eb54e0f1-19f2-4eeb-9522-1404b62d70c1:192.168.34.43:32785, b906d628-5b11-472e-bef9-55c10a56a009:192.168.34.43:38952, 0230c08e-48f1-4f17-bace-004fbc1b55c4:192.168.34.43:40481], old=null
2019-10-16 07:48:45,086 [grpc-default-executor-0] INFO  impl.RaftServerProxy (RaftServerProxy.java:addNew(89)) - 00430a6c-148f-42d2-bd35-49b9937462c3: addNew group-769B46396E91:[00430a6c-148f-42d2-bd35-49b9937462c3:192.168.34.43:40986, 3e390cd5-6e5f-4e4a-89b9-5d2d9c64b08e:192.168.34.43:35883, 4ffee07d-169c-4709-8390-13e847b22477:192.168.34.43:45950] returns group-769B46396E91:java.util.concurrent.CompletableFuture@41bf1b6c[Not completed]
2019-10-16 07:48:45,092 [eb54e0f1-19f2-4eeb-9522-1404b62d70c1@group-DE5B3FA1F64F-LeaderElection14] INFO  impl.RaftServerImpl (RaftServerImpl.java:setRole(184)) - eb54e0f1-19f2-4eeb-9522-1404b62d70c1@group-DE5B3FA1F64F: changes role from CANDIDATE to FOLLOWER at term 2 for DISCOVERED_A_NEW_TERM
2019-10-16 07:48:45,097 [eb54e0f1-19f2-4eeb-9522-1404b62d70c1@group-DE5B3FA1F64F-LeaderElection14] INFO  impl.RoleInfo (RoleInfo.java:shutdownLeaderElection(134)) - eb54e0f1-19f2-4eeb-9522-1404b62d70c1: shutdown LeaderElection
2019-10-16 07:48:45,099 [eb54e0f1-19f2-4eeb-9522-1404b62d70c1@group-DE5B3FA1F64F-LeaderElection14] INFO  impl.RoleInfo (RoleInfo.java:updateAndGet(143)) - eb54e0f1-19f2-4eeb-9522-1404b62d70c1: start FollowerState
2019-10-16 07:48:45,099 [pool-117-thread-1] INFO  impl.RaftServerImpl (RaftServerImpl.java:<init>(104)) - 4ffee07d-169c-4709-8390-13e847b22477: new RaftServerImpl for group-769B46396E91:[00430a6c-148f-42d2-bd35-49b9937462c3:192.168.34.43:40986, 3e390cd5-6e5f-4e4a-89b9-5d2d9c64b08e:192.168.34.43:35883, 4ffee07d-169c-4709-8390-13e847b22477:192.168.34.43:45950] with ContainerStateMachine:uninitialized
2019-10-16 07:48:45,104 [pool-117-thread-1] INFO  server.RaftServerConfigKeys (ConfUtils.java:logGet(43)) - raft.server.rpc.timeout.min = 5s (custom)
2019-10-16 07:48:45,104 [pool-117-thread-1] INFO  server.RaftServerConfigKeys (ConfUtils.java:logGet(43)) - raft.server.rpc.timeout.max = 5200ms (custom)
2019-10-16 07:48:45,104 [pool-117-thread-1] INFO  server.RaftServerConfigKeys (ConfUtils.java:logGet(43)) - raft.server.rpcslowness.timeout = 120s (custom)
2019-10-16 07:48:45,104 [pool-117-thread-1] INFO  server.RaftServerConfigKeys (ConfUtils.java:logGet(43)) - raft.server.sleep.deviation.threshold = 300 (default)
2019-10-16 07:48:45,104 [pool-117-thread-1] INFO  server.RaftServerConfigKeys (ConfUtils.java:logGet(43)) - raft.server.log.appender.install.snapshot.enabled = false (custom)
2019-10-16 07:48:45,104 [grpc-default-executor-0] INFO  impl.RaftServerImpl (RaftServerImpl.java:setRole(184)) - 0230c08e-48f1-4f17-bace-004fbc1b55c4@group-DE5B3FA1F64F: changes role from  FOLLOWER to FOLLOWER at term 2 for recognizeCandidate:b906d628-5b11-472e-bef9-55c10a56a009
2019-10-16 07:48:45,105 [pool-117-thread-1] INFO  impl.RaftServerImpl (ServerState.java:<init>(103)) - 4ffee07d-169c-4709-8390-13e847b22477@group-769B46396E91: ConfigurationManager, init=-1: [00430a6c-148f-42d2-bd35-49b9937462c3:192.168.34.43:40986, 3e390cd5-6e5f-4e4a-89b9-5d2d9c64b08e:192.168.34.43:35883, 4ffee07d-169c-4709-8390-13e847b22477:192.168.34.43:45950], old=null, confs=<EMPTY_MAP>
2019-10-16 07:48:45,105 [pool-107-thread-1] INFO  impl.RaftServerImpl (RaftServerImpl.java:<init>(104)) - 00430a6c-148f-42d2-bd35-49b9937462c3: new RaftServerImpl for group-769B46396E91:[00430a6c-148f-42d2-bd35-49b9937462c3:192.168.34.43:40986, 3e390cd5-6e5f-4e4a-89b9-5d2d9c64b08e:192.168.34.43:35883, 4ffee07d-169c-4709-8390-13e847b22477:192.168.34.43:45950] with ContainerStateMachine:uninitialized
2019-10-16 07:48:45,105 [grpc-default-executor-0] INFO  impl.RoleInfo (RoleInfo.java:shutdownFollowerState(121)) - 0230c08e-48f1-4f17-bace-004fbc1b55c4: shutdown FollowerState
2019-10-16 07:48:45,110 [pool-107-thread-1] INFO  server.RaftServerConfigKeys (ConfUtils.java:logGet(43)) - raft.server.rpc.timeout.min = 5s (custom)
2019-10-16 07:48:45,108 [pool-117-thread-1] INFO  server.RaftServerConfigKeys (ConfUtils.java:logGet(43)) - raft.server.storage.dir = [/workdir/hadoop-ozone/integration-test/target/test-dir/MiniOzoneClusterImpl-09750a2c-58c2-4184-91d8-c66eda428939/datanode-9/data/ratis] (custom)
2019-10-16 07:48:45,112 [pool-107-thread-1] INFO  server.RaftServerConfigKeys (ConfUtils.java:logGet(43)) - raft.server.rpc.timeout.max = 5200ms (custom)
2019-10-16 07:48:45,112 [Thread-373] INFO  impl.FollowerState (FollowerState.java:run(117)) - 0230c08e-48f1-4f17-bace-004fbc1b55c4@group-DE5B3FA1F64F-FollowerState was interrupted: java.lang.InterruptedException: sleep interrupted
2019-10-16 07:48:45,112 [grpc-default-executor-0] INFO  impl.RoleInfo (RoleInfo.java:updateAndGet(143)) - 0230c08e-48f1-4f17-bace-004fbc1b55c4: start FollowerState
2019-10-16 07:48:45,113 [pool-107-thread-1] INFO  server.RaftServerConfigKeys (ConfUtils.java:logGet(43)) - raft.server.rpcslowness.timeout = 120s (custom)
2019-10-16 07:48:45,113 [pool-117-thread-1] INFO  server.RaftServerConfigKeys (ConfUtils.java:logGet(43)) - raft.server.log.corruption.policy = EXCEPTION (default)
2019-10-16 07:48:45,115 [pool-107-thread-1] INFO  server.RaftServerConfigKeys (ConfUtils.java:logGet(43)) - raft.server.sleep.deviation.threshold = 300 (default)
2019-10-16 07:48:45,116 [grpc-default-executor-1] INFO  impl.RaftServerImpl (RaftServerImpl.java:setRole(184)) - eb54e0f1-19f2-4eeb-9522-1404b62d70c1@group-DE5B3FA1F64F: changes role from  FOLLOWER to FOLLOWER at term 2 for recognizeCandidate:b906d628-5b11-472e-bef9-55c10a56a009
2019-10-16 07:48:45,118 [pool-107-thread-1] INFO  server.RaftServerConfigKeys (ConfUtils.java:logGet(43)) - raft.server.log.appender.install.snapshot.enabled = false (custom)
2019-10-16 07:48:45,118 [pool-117-thread-1] INFO  storage.RaftStorageDirectory (RaftStorageDirectory.java:analyzeStorage(246)) - The storage directory /workdir/hadoop-ozone/integration-test/target/test-dir/MiniOzoneClusterImpl-09750a2c-58c2-4184-91d8-c66eda428939/datanode-9/data/ratis/a36ce8dd-a38e-43b7-9466-769b46396e91 does not exist. Creating ...
2019-10-16 07:48:45,118 [bbaedea4-0636-4a28-8969-ceb75fc90963@group-6B08750156BF-LeaderElection12] INFO  impl.LeaderElection (LeaderElection.java:logAndReturn(56)) - bbaedea4-0636-4a28-8969-ceb75fc90963@group-6B08750156BF-LeaderElection12: Election TIMEOUT; received 0 response(s) [] and 0 exception(s); bbaedea4-0636-4a28-8969-ceb75fc90963@group-6B08750156BF:t2, leader=null, voted=bbaedea4-0636-4a28-8969-ceb75fc90963, raftlog=bbaedea4-0636-4a28-8969-ceb75fc90963@group-6B08750156BF-SegmentedRaftLog:OPENED:c-1,f-1,i0, conf=-1: [34a4ce68-6cfa-4f54-b3e2-98c3134e5ebf:192.168.34.43:41110, 85034473-de92-432d-987c-753934731faa:192.168.34.43:42807, bbaedea4-0636-4a28-8969-ceb75fc90963:192.168.34.43:39038], old=null
2019-10-16 07:48:45,119 [pool-107-thread-1] INFO  impl.RaftServerImpl (ServerState.java:<init>(103)) - 00430a6c-148f-42d2-bd35-49b9937462c3@group-769B46396E91: ConfigurationManager, init=-1: [00430a6c-148f-42d2-bd35-49b9937462c3:192.168.34.43:40986, 3e390cd5-6e5f-4e4a-89b9-5d2d9c64b08e:192.168.34.43:35883, 4ffee07d-169c-4709-8390-13e847b22477:192.168.34.43:45950], old=null, confs=<EMPTY_MAP>
2019-10-16 07:48:45,119 [grpc-default-executor-4] INFO  impl.RaftServerProxy (RaftServerProxy.java:addNew(89)) - 3e390cd5-6e5f-4e4a-89b9-5d2d9c64b08e: addNew group-769B46396E91:[00430a6c-148f-42d2-bd35-49b9937462c3:192.168.34.43:40986, 3e390cd5-6e5f-4e4a-89b9-5d2d9c64b08e:192.168.34.43:35883, 4ffee07d-169c-4709-8390-13e847b22477:192.168.34.43:45950] returns group-769B46396E91:java.util.concurrent.CompletableFuture@1c7b420f[Not completed]
2019-10-16 07:48:45,118 [grpc-default-executor-1] INFO  impl.RoleInfo (RoleInfo.java:shutdownFollowerState(121)) - eb54e0f1-19f2-4eeb-9522-1404b62d70c1: shutdown FollowerState
2019-10-16 07:48:45,121 [pool-107-thread-1] INFO  server.RaftServerConfigKeys (ConfUtils.java:logGet(43)) - raft.server.storage.dir = [/workdir/hadoop-ozone/integration-test/target/test-dir/MiniOzoneClusterImpl-09750a2c-58c2-4184-91d8-c66eda428939/datanode-8/data/ratis] (custom)
2019-10-16 07:48:45,123 [Thread-377] INFO  impl.FollowerState (FollowerState.java:run(117)) - eb54e0f1-19f2-4eeb-9522-1404b62d70c1@group-DE5B3FA1F64F-FollowerState was interrupted: java.lang.InterruptedException: sleep interrupted
2019-10-16 07:48:45,123 [grpc-default-executor-1] INFO  impl.RoleInfo (RoleInfo.java:updateAndGet(143)) - eb54e0f1-19f2-4eeb-9522-1404b62d70c1: start FollowerState
2019-10-16 07:48:45,123 [85034473-de92-432d-987c-753934731faa@group-6B08750156BF-LeaderElection11] INFO  server.RaftServerConfigKeys (ConfUtils.java:logGet(43)) - raft.server.log.appender.snapshot.chunk.size.max = 16MB (=16777216) (default)
2019-10-16 07:48:45,125 [pool-107-thread-1] INFO  server.RaftServerConfigKeys (ConfUtils.java:logGet(43)) - raft.server.log.corruption.policy = EXCEPTION (default)
2019-10-16 07:48:45,125 [85034473-de92-432d-987c-753934731faa@group-6B08750156BF-LeaderElection11] INFO  server.RaftServerConfigKeys (ConfUtils.java:logGet(43)) - raft.server.log.appender.buffer.byte-limit = 33554432 (custom)
2019-10-16 07:48:45,126 [pool-107-thread-1] INFO  storage.RaftStorageDirectory (RaftStorageDirectory.java:analyzeStorage(246)) - The storage directory /workdir/hadoop-ozone/integration-test/target/test-dir/MiniOzoneClusterImpl-09750a2c-58c2-4184-91d8-c66eda428939/datanode-8/data/ratis/a36ce8dd-a38e-43b7-9466-769b46396e91 does not exist. Creating ...
2019-10-16 07:48:45,126 [85034473-de92-432d-987c-753934731faa@group-6B08750156BF-LeaderElection11] INFO  server.RaftServerConfigKeys (ConfUtils.java:logGet(43)) - raft.server.log.appender.buffer.element-limit = 1 (custom)
2019-10-16 07:48:45,126 [85034473-de92-432d-987c-753934731faa@group-6B08750156BF-LeaderElection11] INFO  grpc.GrpcConfigKeys$Server (ConfUtils.java:logGet(43)) - raft.grpc.server.leader.outstanding.appends.max = 128 (default)
2019-10-16 07:48:45,128 [85034473-de92-432d-987c-753934731faa@group-6B08750156BF-LeaderElection11] INFO  server.RaftServerConfigKeys (ConfUtils.java:logGet(43)) - raft.server.rpc.request.timeout = 3000ms (default)
2019-10-16 07:48:45,128 [85034473-de92-432d-987c-753934731faa@group-6B08750156BF-LeaderElection11] INFO  server.RaftServerConfigKeys (ConfUtils.java:logGet(43)) - raft.server.log.appender.install.snapshot.enabled = false (custom)
2019-10-16 07:48:45,128 [pool-37-thread-1] INFO  impl.RaftServerImpl (RaftServerImpl.java:<init>(104)) - 3e390cd5-6e5f-4e4a-89b9-5d2d9c64b08e: new RaftServerImpl for group-769B46396E91:[00430a6c-148f-42d2-bd35-49b9937462c3:192.168.34.43:40986, 3e390cd5-6e5f-4e4a-89b9-5d2d9c64b08e:192.168.34.43:35883, 4ffee07d-169c-4709-8390-13e847b22477:192.168.34.43:45950] with ContainerStateMachine:uninitialized
2019-10-16 07:48:45,128 [pool-37-thread-1] INFO  server.RaftServerConfigKeys (ConfUtils.java:logGet(43)) - raft.server.rpc.timeout.min = 5s (custom)
2019-10-16 07:48:45,129 [pool-37-thread-1] INFO  server.RaftServerConfigKeys (ConfUtils.java:logGet(43)) - raft.server.rpc.timeout.max = 5200ms (custom)
2019-10-16 07:48:45,129 [pool-37-thread-1] INFO  server.RaftServerConfigKeys (ConfUtils.java:logGet(43)) - raft.server.rpcslowness.timeout = 120s (custom)
2019-10-16 07:48:45,129 [pool-37-thread-1] INFO  server.RaftServerConfigKeys (ConfUtils.java:logGet(43)) - raft.server.sleep.deviation.threshold = 300 (default)
2019-10-16 07:48:45,129 [pool-37-thread-1] INFO  server.RaftServerConfigKeys (ConfUtils.java:logGet(43)) - raft.server.log.appender.install.snapshot.enabled = false (custom)
2019-10-16 07:48:45,129 [pool-37-thread-1] INFO  impl.RaftServerImpl (ServerState.java:<init>(103)) - 3e390cd5-6e5f-4e4a-89b9-5d2d9c64b08e@group-769B46396E91: ConfigurationManager, init=-1: [00430a6c-148f-42d2-bd35-49b9937462c3:192.168.34.43:40986, 3e390cd5-6e5f-4e4a-89b9-5d2d9c64b08e:192.168.34.43:35883, 4ffee07d-169c-4709-8390-13e847b22477:192.168.34.43:45950], old=null, confs=<EMPTY_MAP>
2019-10-16 07:48:45,129 [pool-37-thread-1] INFO  server.RaftServerConfigKeys (ConfUtils.java:logGet(43)) - raft.server.storage.dir = [/workdir/hadoop-ozone/integration-test/target/test-dir/MiniOzoneClusterImpl-09750a2c-58c2-4184-91d8-c66eda428939/datanode-1/data/ratis] (custom)
2019-10-16 07:48:45,130 [pool-37-thread-1] INFO  server.RaftServerConfigKeys (ConfUtils.java:logGet(43)) - raft.server.log.corruption.policy = EXCEPTION (default)
2019-10-16 07:48:45,130 [pool-37-thread-1] INFO  storage.RaftStorageDirectory (RaftStorageDirectory.java:analyzeStorage(246)) - The storage directory /workdir/hadoop-ozone/integration-test/target/test-dir/MiniOzoneClusterImpl-09750a2c-58c2-4184-91d8-c66eda428939/datanode-1/data/ratis/a36ce8dd-a38e-43b7-9466-769b46396e91 does not exist. Creating ...
2019-10-16 07:48:45,132 [pool-107-thread-1] INFO  storage.RaftStorageDirectory (RaftStorageDirectory.java:tryLock(328)) - Lock on /workdir/hadoop-ozone/integration-test/target/test-dir/MiniOzoneClusterImpl-09750a2c-58c2-4184-91d8-c66eda428939/datanode-8/data/ratis/a36ce8dd-a38e-43b7-9466-769b46396e91/in_use.lock acquired by nodename 7649@pr-hdds-1737-dstl4-2900247166
2019-10-16 07:48:45,132 [pool-117-thread-1] INFO  storage.RaftStorageDirectory (RaftStorageDirectory.java:tryLock(328)) - Lock on /workdir/hadoop-ozone/integration-test/target/test-dir/MiniOzoneClusterImpl-09750a2c-58c2-4184-91d8-c66eda428939/datanode-9/data/ratis/a36ce8dd-a38e-43b7-9466-769b46396e91/in_use.lock acquired by nodename 7649@pr-hdds-1737-dstl4-2900247166
2019-10-16 07:48:45,132 [bbaedea4-0636-4a28-8969-ceb75fc90963@group-6B08750156BF-LeaderElection12] INFO  impl.LeaderElection (LeaderElection.java:askForVotes(178)) - bbaedea4-0636-4a28-8969-ceb75fc90963@group-6B08750156BF-LeaderElection12: begin an election at term 3 for -1: [34a4ce68-6cfa-4f54-b3e2-98c3134e5ebf:192.168.34.43:41110, 85034473-de92-432d-987c-753934731faa:192.168.34.43:42807, bbaedea4-0636-4a28-8969-ceb75fc90963:192.168.34.43:39038], old=null
2019-10-16 07:48:45,133 [85034473-de92-432d-987c-753934731faa@group-6B08750156BF-LeaderElection11] INFO  impl.RoleInfo (RoleInfo.java:updateAndGet(143)) - 85034473-de92-432d-987c-753934731faa: start LeaderState
2019-10-16 07:48:45,135 [pool-37-thread-1] INFO  storage.RaftStorageDirectory (RaftStorageDirectory.java:tryLock(328)) - Lock on /workdir/hadoop-ozone/integration-test/target/test-dir/MiniOzoneClusterImpl-09750a2c-58c2-4184-91d8-c66eda428939/datanode-1/data/ratis/a36ce8dd-a38e-43b7-9466-769b46396e91/in_use.lock acquired by nodename 7649@pr-hdds-1737-dstl4-2900247166
2019-10-16 07:48:45,135 [85034473-de92-432d-987c-753934731faa@group-6B08750156BF-LeaderElection11] INFO  segmented.SegmentedRaftLogWorker (SegmentedRaftLogWorker.java:startLogSegment(385)) - 85034473-de92-432d-987c-753934731faa@group-6B08750156BF-SegmentedRaftLogWorker: Starting segment from index:0
2019-10-16 07:48:45,135 [34a4ce68-6cfa-4f54-b3e2-98c3134e5ebf@group-6B08750156BF-LeaderElection15] INFO  impl.LeaderElection (LeaderElection.java:logAndReturn(56)) - 34a4ce68-6cfa-4f54-b3e2-98c3134e5ebf@group-6B08750156BF-LeaderElection15: Election DISCOVERED_A_NEW_TERM; received 1 response(s) [34a4ce68-6cfa-4f54-b3e2-98c3134e5ebf<-bbaedea4-0636-4a28-8969-ceb75fc90963#0:FAIL-t3] and 0 exception(s); 34a4ce68-6cfa-4f54-b3e2-98c3134e5ebf@group-6B08750156BF:t2, leader=null, voted=34a4ce68-6cfa-4f54-b3e2-98c3134e5ebf, raftlog=34a4ce68-6cfa-4f54-b3e2-98c3134e5ebf@group-6B08750156BF-SegmentedRaftLog:OPENED:c-1,f-1,i0, conf=-1: [34a4ce68-6cfa-4f54-b3e2-98c3134e5ebf:192.168.34.43:41110, 85034473-de92-432d-987c-753934731faa:192.168.34.43:42807, bbaedea4-0636-4a28-8969-ceb75fc90963:192.168.34.43:39038], old=null
2019-10-16 07:48:45,136 [34a4ce68-6cfa-4f54-b3e2-98c3134e5ebf@group-6B08750156BF-LeaderElection15] INFO  impl.RaftServerImpl (RaftServerImpl.java:setRole(184)) - 34a4ce68-6cfa-4f54-b3e2-98c3134e5ebf@group-6B08750156BF: changes role from CANDIDATE to FOLLOWER at term 3 for DISCOVERED_A_NEW_TERM
2019-10-16 07:48:45,136 [34a4ce68-6cfa-4f54-b3e2-98c3134e5ebf@group-6B08750156BF-LeaderElection15] INFO  impl.RoleInfo (RoleInfo.java:shutdownLeaderElection(134)) - 34a4ce68-6cfa-4f54-b3e2-98c3134e5ebf: shutdown LeaderElection
2019-10-16 07:48:45,136 [34a4ce68-6cfa-4f54-b3e2-98c3134e5ebf@group-6B08750156BF-LeaderElection15] INFO  impl.RoleInfo (RoleInfo.java:updateAndGet(143)) - 34a4ce68-6cfa-4f54-b3e2-98c3134e5ebf: start FollowerState
2019-10-16 07:48:45,175 [pool-117-thread-1] INFO  storage.RaftStorage (RaftStorage.java:format(84)) - Storage directory /workdir/hadoop-ozone/integration-test/target/test-dir/MiniOzoneClusterImpl-09750a2c-58c2-4184-91d8-c66eda428939/datanode-9/data/ratis/a36ce8dd-a38e-43b7-9466-769b46396e91 has been successfully formatted.
2019-10-16 07:48:45,177 [pool-117-thread-1] INFO  ratis.ContainerStateMachine (ContainerStateMachine.java:loadSnapshot(231)) - group-769B46396E91: The snapshot info is null. Setting the last applied indexto:(t:0, i:~)
2019-10-16 07:48:45,178 [85034473-de92-432d-987c-753934731faa@group-6B08750156BF-LeaderElection11] INFO  impl.RaftServerImpl (ServerState.java:setRaftConf(357)) - 85034473-de92-432d-987c-753934731faa@group-6B08750156BF: set configuration 0: [34a4ce68-6cfa-4f54-b3e2-98c3134e5ebf:192.168.34.43:41110, 85034473-de92-432d-987c-753934731faa:192.168.34.43:42807, bbaedea4-0636-4a28-8969-ceb75fc90963:192.168.34.43:39038], old=null at 0
2019-10-16 07:48:45,178 [pool-117-thread-1] INFO  server.RaftServerConfigKeys (ConfUtils.java:logGet(43)) - raft.server.notification.no-leader.timeout = 120s (custom)
2019-10-16 07:48:45,178 [b906d628-5b11-472e-bef9-55c10a56a009@group-DE5B3FA1F64F-LeaderElection13] INFO  impl.LeaderElection (LeaderElection.java:logAndReturn(56)) - b906d628-5b11-472e-bef9-55c10a56a009@group-DE5B3FA1F64F-LeaderElection13: Election TIMEOUT; received 0 response(s) [] and 0 exception(s); b906d628-5b11-472e-bef9-55c10a56a009@group-DE5B3FA1F64F:t2, leader=null, voted=b906d628-5b11-472e-bef9-55c10a56a009, raftlog=b906d628-5b11-472e-bef9-55c10a56a009@group-DE5B3FA1F64F-SegmentedRaftLog:OPENED:c-1,f-1,i0, conf=-1: [eb54e0f1-19f2-4eeb-9522-1404b62d70c1:192.168.34.43:32785, b906d628-5b11-472e-bef9-55c10a56a009:192.168.34.43:38952, 0230c08e-48f1-4f17-bace-004fbc1b55c4:192.168.34.43:40481], old=null
2019-10-16 07:48:45,177 [pool-107-thread-1] INFO  storage.RaftStorage (RaftStorage.java:format(84)) - Storage directory /workdir/hadoop-ozone/integration-test/target/test-dir/MiniOzoneClusterImpl-09750a2c-58c2-4184-91d8-c66eda428939/datanode-8/data/ratis/a36ce8dd-a38e-43b7-9466-769b46396e91 has been successfully formatted.
2019-10-16 07:48:45,180 [grpc-default-executor-5] INFO  impl.RaftServerImpl (ServerState.java:setLeader(256)) - 85034473-de92-432d-987c-753934731faa@group-6B08750156BF: change Leader from 85034473-de92-432d-987c-753934731faa to null at term 2 for updateCurrentTerm
2019-10-16 07:48:45,180 [pool-117-thread-1] INFO  server.RaftServerConfigKeys (ConfUtils.java:logGet(43)) - raft.server.log.use.memory = false (default)
2019-10-16 07:48:45,184 [grpc-default-executor-5] INFO  impl.RaftServerImpl (RaftServerImpl.java:setRole(184)) - 85034473-de92-432d-987c-753934731faa@group-6B08750156BF: changes role from    LEADER to FOLLOWER at term 2 for recognizeCandidate:34a4ce68-6cfa-4f54-b3e2-98c3134e5ebf
2019-10-16 07:48:45,184 [pool-107-thread-1] INFO  ratis.ContainerStateMachine (ContainerStateMachine.java:loadSnapshot(231)) - group-769B46396E91: The snapshot info is null. Setting the last applied indexto:(t:0, i:~)
2019-10-16 07:48:45,185 [grpc-default-executor-5] INFO  impl.RoleInfo (RoleInfo.java:shutdownLeaderState(104)) - 85034473-de92-432d-987c-753934731faa: shutdown LeaderState
2019-10-16 07:48:45,184 [pool-117-thread-1] INFO  server.RaftServerConfigKeys (ConfUtils.java:logGet(43)) - raft.server.log.purge.gap = 1000000 (custom)
2019-10-16 07:48:45,185 [pool-37-thread-1] INFO  storage.RaftStorage (RaftStorage.java:format(84)) - Storage directory /workdir/hadoop-ozone/integration-test/target/test-dir/MiniOzoneClusterImpl-09750a2c-58c2-4184-91d8-c66eda428939/datanode-1/data/ratis/a36ce8dd-a38e-43b7-9466-769b46396e91 has been successfully formatted.
2019-10-16 07:48:45,185 [pool-107-thread-1] INFO  server.RaftServerConfigKeys (ConfUtils.java:logGet(43)) - raft.server.notification.no-leader.timeout = 120s (custom)
2019-10-16 07:48:45,185 [85034473-de92-432d-987c-753934731faa@group-6B08750156BF-SegmentedRaftLogWorker] INFO  segmented.SegmentedRaftLogWorker (SegmentedRaftLogWorker.java:execute(576)) - 85034473-de92-432d-987c-753934731faa@group-6B08750156BF-SegmentedRaftLogWorker: created new log segment /workdir/hadoop-ozone/integration-test/target/test-dir/MiniOzoneClusterImpl-09750a2c-58c2-4184-91d8-c66eda428939/datanode-0/data/ratis/fb16610a-bd7b-42e1-82cf-6b08750156bf/current/log_inprogress_0
2019-10-16 07:48:45,191 [pool-107-thread-1] INFO  server.RaftServerConfigKeys (ConfUtils.java:logGet(43)) - raft.server.log.use.memory = false (default)
2019-10-16 07:48:45,191 [pool-37-thread-1] INFO  ratis.ContainerStateMachine (ContainerStateMachine.java:loadSnapshot(231)) - group-769B46396E91: The snapshot info is null. Setting the last applied indexto:(t:0, i:~)
2019-10-16 07:48:45,187 [pool-117-thread-1] INFO  server.RaftServerConfigKeys (ConfUtils.java:logGet(43)) - raft.server.log.appender.buffer.byte-limit = 33554432 (custom)
2019-10-16 07:48:45,187 [b906d628-5b11-472e-bef9-55c10a56a009@group-DE5B3FA1F64F-LeaderElection13] INFO  impl.LeaderElection (LeaderElection.java:askForVotes(178)) - b906d628-5b11-472e-bef9-55c10a56a009@group-DE5B3FA1F64F-LeaderElection13: begin an election at term 3 for -1: [eb54e0f1-19f2-4eeb-9522-1404b62d70c1:192.168.34.43:32785, b906d628-5b11-472e-bef9-55c10a56a009:192.168.34.43:38952, 0230c08e-48f1-4f17-bace-004fbc1b55c4:192.168.34.43:40481], old=null
2019-10-16 07:48:45,192 [pool-117-thread-1] INFO  server.RaftServerConfigKeys (ConfUtils.java:logGet(43)) - raft.server.log.segment.size.max = 1048576 (custom)
2019-10-16 07:48:45,191 [pool-37-thread-1] INFO  server.RaftServerConfigKeys (ConfUtils.java:logGet(43)) - raft.server.notification.no-leader.timeout = 120s (custom)
2019-10-16 07:48:45,191 [pool-107-thread-1] INFO  server.RaftServerConfigKeys (ConfUtils.java:logGet(43)) - raft.server.log.purge.gap = 1000000 (custom)
2019-10-16 07:48:45,192 [grpc-default-executor-2] INFO  impl.RaftServerImpl (RaftServerImpl.java:setRole(184)) - 34a4ce68-6cfa-4f54-b3e2-98c3134e5ebf@group-6B08750156BF: changes role from  FOLLOWER to FOLLOWER at term 3 for recognizeCandidate:bbaedea4-0636-4a28-8969-ceb75fc90963
2019-10-16 07:48:45,192 [grpc-default-executor-2] INFO  impl.RoleInfo (RoleInfo.java:shutdownFollowerState(121)) - 34a4ce68-6cfa-4f54-b3e2-98c3134e5ebf: shutdown FollowerState
2019-10-16 07:48:45,192 [pool-37-thread-1] INFO  server.RaftServerConfigKeys (ConfUtils.java:logGet(43)) - raft.server.log.use.memory = false (default)
2019-10-16 07:48:45,192 [pool-117-thread-1] INFO  server.RaftServerConfigKeys (ConfUtils.java:logGet(43)) - raft.server.log.segment.cache.num.max = 2 (custom)
2019-10-16 07:48:45,192 [grpc-default-executor-5] INFO  impl.PendingRequests (PendingRequests.java:sendNotLeaderResponses(202)) - 85034473-de92-432d-987c-753934731faa@group-6B08750156BF-PendingRequests: sendNotLeaderResponses
2019-10-16 07:48:45,193 [pool-117-thread-1] INFO  segmented.SegmentedRaftLogWorker (SegmentedRaftLogWorker.java:<init>(173)) - new 4ffee07d-169c-4709-8390-13e847b22477@group-769B46396E91-SegmentedRaftLogWorker for RaftStorage:Storage Directory /workdir/hadoop-ozone/integration-test/target/test-dir/MiniOzoneClusterImpl-09750a2c-58c2-4184-91d8-c66eda428939/datanode-9/data/ratis/a36ce8dd-a38e-43b7-9466-769b46396e91
2019-10-16 07:48:45,193 [pool-37-thread-1] INFO  server.RaftServerConfigKeys (ConfUtils.java:logGet(43)) - raft.server.log.purge.gap = 1000000 (custom)
2019-10-16 07:48:45,193 [grpc-default-executor-2] INFO  impl.RoleInfo (RoleInfo.java:updateAndGet(143)) - 34a4ce68-6cfa-4f54-b3e2-98c3134e5ebf: start FollowerState
2019-10-16 07:48:45,193 [Thread-383] INFO  impl.FollowerState (FollowerState.java:run(117)) - 34a4ce68-6cfa-4f54-b3e2-98c3134e5ebf@group-6B08750156BF-FollowerState was interrupted: java.lang.InterruptedException: sleep interrupted
2019-10-16 07:48:45,192 [pool-107-thread-1] INFO  server.RaftServerConfigKeys (ConfUtils.java:logGet(43)) - raft.server.log.appender.buffer.byte-limit = 33554432 (custom)
2019-10-16 07:48:45,202 [b906d628-5b11-472e-bef9-55c10a56a009@group-DE5B3FA1F64F-LeaderElection13] INFO  impl.LeaderElection (LeaderElection.java:logAndReturn(56)) - b906d628-5b11-472e-bef9-55c10a56a009@group-DE5B3FA1F64F-LeaderElection13: Election TIMEOUT; received 0 response(s) [] and 0 exception(s); b906d628-5b11-472e-bef9-55c10a56a009@group-DE5B3FA1F64F:t3, leader=null, voted=b906d628-5b11-472e-bef9-55c10a56a009, raftlog=b906d628-5b11-472e-bef9-55c10a56a009@group-DE5B3FA1F64F-SegmentedRaftLog:OPENED:c-1,f-1,i0, conf=-1: [eb54e0f1-19f2-4eeb-9522-1404b62d70c1:192.168.34.43:32785, b906d628-5b11-472e-bef9-55c10a56a009:192.168.34.43:38952, 0230c08e-48f1-4f17-bace-004fbc1b55c4:192.168.34.43:40481], old=null
2019-10-16 07:48:45,202 [Thread-378] INFO  impl.FollowerState (FollowerState.java:run(108)) - 0230c08e-48f1-4f17-bace-004fbc1b55c4@group-DE5B3FA1F64F-FollowerState: change to CANDIDATE, lastRpcTime:89ms, electionTimeout:85ms
2019-10-16 07:48:45,193 [pool-37-thread-1] INFO  server.RaftServerConfigKeys (ConfUtils.java:logGet(43)) - raft.server.log.appender.buffer.byte-limit = 33554432 (custom)
2019-10-16 07:48:45,193 [pool-117-thread-1] INFO  server.RaftServerConfigKeys (ConfUtils.java:logGet(43)) - raft.server.log.queue.byte-limit = 2147483647 (custom)
2019-10-16 07:48:45,204 [pool-37-thread-1] INFO  server.RaftServerConfigKeys (ConfUtils.java:logGet(43)) - raft.server.log.segment.size.max = 1048576 (custom)
2019-10-16 07:48:45,204 [Thread-378] INFO  impl.RoleInfo (RoleInfo.java:shutdownFollowerState(121)) - 0230c08e-48f1-4f17-bace-004fbc1b55c4: shutdown FollowerState
2019-10-16 07:48:45,202 [pool-107-thread-1] INFO  server.RaftServerConfigKeys (ConfUtils.java:logGet(43)) - raft.server.log.segment.size.max = 1048576 (custom)
2019-10-16 07:48:45,205 [grpc-default-executor-5] INFO  impl.RoleInfo (RoleInfo.java:updateAndGet(143)) - 85034473-de92-432d-987c-753934731faa: start FollowerState
2019-10-16 07:48:45,204 [Thread-378] INFO  impl.RaftServerImpl (RaftServerImpl.java:setRole(184)) - 0230c08e-48f1-4f17-bace-004fbc1b55c4@group-DE5B3FA1F64F: changes role from  FOLLOWER to CANDIDATE at term 2 for changeToCandidate
2019-10-16 07:48:45,204 [pool-37-thread-1] INFO  server.RaftServerConfigKeys (ConfUtils.java:logGet(43)) - raft.server.log.segment.cache.num.max = 2 (custom)
2019-10-16 07:48:45,204 [pool-117-thread-1] INFO  server.RaftServerConfigKeys (ConfUtils.java:logGet(43)) - raft.server.log.queue.element-limit = 1024 (custom)
2019-10-16 07:48:45,205 [pool-37-thread-1] INFO  segmented.SegmentedRaftLogWorker (SegmentedRaftLogWorker.java:<init>(173)) - new 3e390cd5-6e5f-4e4a-89b9-5d2d9c64b08e@group-769B46396E91-SegmentedRaftLogWorker for RaftStorage:Storage Directory /workdir/hadoop-ozone/integration-test/target/test-dir/MiniOzoneClusterImpl-09750a2c-58c2-4184-91d8-c66eda428939/datanode-1/data/ratis/a36ce8dd-a38e-43b7-9466-769b46396e91
2019-10-16 07:48:45,205 [Thread-378] INFO  impl.RoleInfo (RoleInfo.java:updateAndGet(143)) - 0230c08e-48f1-4f17-bace-004fbc1b55c4: start LeaderElection
2019-10-16 07:48:45,205 [pool-107-thread-1] INFO  server.RaftServerConfigKeys (ConfUtils.java:logGet(43)) - raft.server.log.segment.cache.num.max = 2 (custom)
2019-10-16 07:48:45,209 [grpc-default-executor-0] INFO  impl.RaftServerImpl (RaftServerImpl.java:setRole(184)) - eb54e0f1-19f2-4eeb-9522-1404b62d70c1@group-DE5B3FA1F64F: changes role from  FOLLOWER to FOLLOWER at term 3 for recognizeCandidate:b906d628-5b11-472e-bef9-55c10a56a009
2019-10-16 07:48:45,205 [pool-37-thread-1] INFO  server.RaftServerConfigKeys (ConfUtils.java:logGet(43)) - raft.server.log.queue.byte-limit = 2147483647 (custom)
2019-10-16 07:48:45,205 [pool-117-thread-1] INFO  server.RaftServerConfigKeys (ConfUtils.java:logGet(43)) - raft.server.log.segment.size.max = 1048576 (custom)
2019-10-16 07:48:45,209 [pool-37-thread-1] INFO  server.RaftServerConfigKeys (ConfUtils.java:logGet(43)) - raft.server.log.queue.element-limit = 1024 (custom)
2019-10-16 07:48:45,209 [grpc-default-executor-0] INFO  impl.RoleInfo (RoleInfo.java:shutdownFollowerState(121)) - eb54e0f1-19f2-4eeb-9522-1404b62d70c1: shutdown FollowerState
2019-10-16 07:48:45,209 [grpc-default-executor-4] INFO  impl.RaftServerImpl (RaftServerImpl.java:setRole(184)) - 0230c08e-48f1-4f17-bace-004fbc1b55c4@group-DE5B3FA1F64F: changes role from CANDIDATE to FOLLOWER at term 3 for recognizeCandidate:b906d628-5b11-472e-bef9-55c10a56a009
2019-10-16 07:48:45,209 [pool-107-thread-1] INFO  segmented.SegmentedRaftLogWorker (SegmentedRaftLogWorker.java:<init>(173)) - new 00430a6c-148f-42d2-bd35-49b9937462c3@group-769B46396E91-SegmentedRaftLogWorker for RaftStorage:Storage Directory /workdir/hadoop-ozone/integration-test/target/test-dir/MiniOzoneClusterImpl-09750a2c-58c2-4184-91d8-c66eda428939/datanode-8/data/ratis/a36ce8dd-a38e-43b7-9466-769b46396e91
2019-10-16 07:48:45,210 [grpc-default-executor-4] INFO  impl.RoleInfo (RoleInfo.java:shutdownLeaderElection(134)) - 0230c08e-48f1-4f17-bace-004fbc1b55c4: shutdown LeaderElection
2019-10-16 07:48:45,210 [grpc-default-executor-0] INFO  impl.RoleInfo (RoleInfo.java:updateAndGet(143)) - eb54e0f1-19f2-4eeb-9522-1404b62d70c1: start FollowerState
2019-10-16 07:48:45,210 [Thread-379] INFO  impl.FollowerState (FollowerState.java:run(117)) - eb54e0f1-19f2-4eeb-9522-1404b62d70c1@group-DE5B3FA1F64F-FollowerState was interrupted: java.lang.InterruptedException: sleep interrupted
2019-10-16 07:48:45,210 [pool-37-thread-1] INFO  server.RaftServerConfigKeys (ConfUtils.java:logGet(43)) - raft.server.log.segment.size.max = 1048576 (custom)
2019-10-16 07:48:45,209 [pool-117-thread-1] INFO  server.RaftServerConfigKeys (ConfUtils.java:logGet(43)) - raft.server.log.preallocated.size = 16384 (custom)
2019-10-16 07:48:45,211 [bbaedea4-0636-4a28-8969-ceb75fc90963@group-6B08750156BF-LeaderElection12] INFO  impl.LeaderElection (LeaderElection.java:logAndReturn(56)) - bbaedea4-0636-4a28-8969-ceb75fc90963@group-6B08750156BF-LeaderElection12: Election TIMEOUT; received 0 response(s) [] and 0 exception(s); bbaedea4-0636-4a28-8969-ceb75fc90963@group-6B08750156BF:t3, leader=null, voted=bbaedea4-0636-4a28-8969-ceb75fc90963, raftlog=bbaedea4-0636-4a28-8969-ceb75fc90963@group-6B08750156BF-SegmentedRaftLog:OPENED:c-1,f-1,i0, conf=-1: [34a4ce68-6cfa-4f54-b3e2-98c3134e5ebf:192.168.34.43:41110, 85034473-de92-432d-987c-753934731faa:192.168.34.43:42807, bbaedea4-0636-4a28-8969-ceb75fc90963:192.168.34.43:39038], old=null
2019-10-16 07:48:45,211 [pool-37-thread-1] INFO  server.RaftServerConfigKeys (ConfUtils.java:logGet(43)) - raft.server.log.preallocated.size = 16384 (custom)
2019-10-16 07:48:45,210 [grpc-default-executor-4] INFO  impl.RoleInfo (RoleInfo.java:updateAndGet(143)) - 0230c08e-48f1-4f17-bace-004fbc1b55c4: start FollowerState
2019-10-16 07:48:45,210 [pool-107-thread-1] INFO  server.RaftServerConfigKeys (ConfUtils.java:logGet(43)) - raft.server.log.queue.byte-limit = 2147483647 (custom)
2019-10-16 07:48:45,213 [org.apache.ratis.server.impl.LogAppender$AppenderDaemon$$Lambda$427/1976753768@2de27b7e] WARN  server.GrpcLogAppender (GrpcLogAppender.java:mayWait(149)) - 85034473-de92-432d-987c-753934731faa@group-6B08750156BF->34a4ce68-6cfa-4f54-b3e2-98c3134e5ebf-GrpcLogAppender: Wait interrupted by java.lang.InterruptedException
2019-10-16 07:48:45,211 [pool-37-thread-1] INFO  server.RaftServerConfigKeys (ConfUtils.java:logGet(43)) - raft.server.log.write.buffer.size = 33554432 (custom)
2019-10-16 07:48:45,211 [pool-117-thread-1] INFO  server.RaftServerConfigKeys (ConfUtils.java:logGet(43)) - raft.server.log.write.buffer.size = 33554432 (custom)
2019-10-16 07:48:45,215 [pool-37-thread-1] INFO  server.RaftServerConfigKeys (ConfUtils.java:logGet(43)) - raft.server.log.force.sync.num = 128 (default)
2019-10-16 07:48:45,215 [pool-37-thread-1] INFO  server.RaftServerConfigKeys (ConfUtils.java:logGet(43)) - raft.server.log.statemachine.data.sync = true (default)
2019-10-16 07:48:45,214 [pool-107-thread-1] INFO  server.RaftServerConfigKeys (ConfUtils.java:logGet(43)) - raft.server.log.queue.element-limit = 1024 (custom)
2019-10-16 07:48:45,213 [org.apache.ratis.server.impl.LogAppender$AppenderDaemon$$Lambda$427/1976753768@680ae734] WARN  server.GrpcLogAppender (GrpcLogAppender.java:mayWait(149)) - 85034473-de92-432d-987c-753934731faa@group-6B08750156BF->bbaedea4-0636-4a28-8969-ceb75fc90963-GrpcLogAppender: Wait interrupted by java.lang.InterruptedException
2019-10-16 07:48:45,216 [pool-107-thread-1] INFO  server.RaftServerConfigKeys (ConfUtils.java:logGet(43)) - raft.server.log.segment.size.max = 1048576 (custom)
2019-10-16 07:48:45,215 [pool-37-thread-1] INFO  server.RaftServerConfigKeys (ConfUtils.java:logGet(43)) - raft.server.log.statemachine.data.sync.timeout = 10s (default)
2019-10-16 07:48:45,218 [bbaedea4-0636-4a28-8969-ceb75fc90963@group-6B08750156BF-LeaderElection12] INFO  impl.LeaderElection (LeaderElection.java:askForVotes(178)) - bbaedea4-0636-4a28-8969-ceb75fc90963@group-6B08750156BF-LeaderElection12: begin an election at term 4 for -1: [34a4ce68-6cfa-4f54-b3e2-98c3134e5ebf:192.168.34.43:41110, 85034473-de92-432d-987c-753934731faa:192.168.34.43:42807, bbaedea4-0636-4a28-8969-ceb75fc90963:192.168.34.43:39038], old=null
2019-10-16 07:48:45,218 [Thread-386] INFO  impl.FollowerState (FollowerState.java:run(108)) - 34a4ce68-6cfa-4f54-b3e2-98c3134e5ebf@group-6B08750156BF-FollowerState: change to CANDIDATE, lastRpcTime:24ms, electionTimeout:6ms
2019-10-16 07:48:45,215 [pool-117-thread-1] INFO  server.RaftServerConfigKeys (ConfUtils.java:logGet(43)) - raft.server.log.force.sync.num = 128 (default)
2019-10-16 07:48:45,218 [Thread-386] INFO  impl.RoleInfo (RoleInfo.java:shutdownFollowerState(121)) - 34a4ce68-6cfa-4f54-b3e2-98c3134e5ebf: shutdown FollowerState
2019-10-16 07:48:45,218 [grpc-default-executor-3] INFO  impl.RaftServerImpl (RaftServerImpl.java:setRole(184)) - 85034473-de92-432d-987c-753934731faa@group-6B08750156BF: changes role from  FOLLOWER to FOLLOWER at term 2 for recognizeCandidate:bbaedea4-0636-4a28-8969-ceb75fc90963
2019-10-16 07:48:45,218 [pool-37-thread-1] INFO  server.RaftServerConfigKeys (ConfUtils.java:logGet(43)) - raft.server.log.statemachine.data.sync.timeout.retry = -1 (default)
2019-10-16 07:48:45,218 [b906d628-5b11-472e-bef9-55c10a56a009@group-DE5B3FA1F64F-LeaderElection13] INFO  impl.LeaderElection (LeaderElection.java:askForVotes(178)) - b906d628-5b11-472e-bef9-55c10a56a009@group-DE5B3FA1F64F-LeaderElection13: begin an election at term 4 for -1: [eb54e0f1-19f2-4eeb-9522-1404b62d70c1:192.168.34.43:32785, b906d628-5b11-472e-bef9-55c10a56a009:192.168.34.43:38952, 0230c08e-48f1-4f17-bace-004fbc1b55c4:192.168.34.43:40481], old=null
2019-10-16 07:48:45,216 [pool-107-thread-1] INFO  server.RaftServerConfigKeys (ConfUtils.java:logGet(43)) - raft.server.log.preallocated.size = 16384 (custom)
2019-10-16 07:48:45,220 [pool-37-thread-1] INFO  server.RaftServerConfigKeys (ConfUtils.java:logGet(43)) - raft.server.log.statemachine.data.caching.enabled = true (custom)
2019-10-16 07:48:45,218 [grpc-default-executor-3] INFO  impl.RoleInfo (RoleInfo.java:shutdownFollowerState(121)) - 85034473-de92-432d-987c-753934731faa: shutdown FollowerState
2019-10-16 07:48:45,218 [Thread-386] INFO  impl.RaftServerImpl (RaftServerImpl.java:setRole(184)) - 34a4ce68-6cfa-4f54-b3e2-98c3134e5ebf@group-6B08750156BF: changes role from  FOLLOWER to CANDIDATE at term 3 for changeToCandidate
2019-10-16 07:48:45,221 [pool-37-thread-1] INFO  segmented.SegmentedRaftLogWorker (SegmentedRaftLogWorker.java:lambda$new$0(128)) - 3e390cd5-6e5f-4e4a-89b9-5d2d9c64b08e@group-769B46396E91-SegmentedRaftLogWorker: flushIndex: setUnconditionally 0 -> -1
2019-10-16 07:48:45,221 [Thread-386] INFO  impl.RoleInfo (RoleInfo.java:updateAndGet(143)) - 34a4ce68-6cfa-4f54-b3e2-98c3134e5ebf: start LeaderElection
2019-10-16 07:48:45,218 [pool-117-thread-1] INFO  server.RaftServerConfigKeys (ConfUtils.java:logGet(43)) - raft.server.log.statemachine.data.sync = true (default)
2019-10-16 07:48:45,221 [pool-37-thread-1] INFO  server.RaftServerConfigKeys (ConfUtils.java:logGet(43)) - raft.server.snapshot.auto.trigger.enabled = true (custom)
2019-10-16 07:48:45,221 [grpc-default-executor-3] INFO  impl.RoleInfo (RoleInfo.java:updateAndGet(143)) - 85034473-de92-432d-987c-753934731faa: start FollowerState
2019-10-16 07:48:45,221 [Thread-387] INFO  impl.FollowerState (FollowerState.java:run(117)) - 85034473-de92-432d-987c-753934731faa@group-6B08750156BF-FollowerState was interrupted: java.lang.InterruptedException: sleep interrupted
2019-10-16 07:48:45,221 [pool-107-thread-1] INFO  server.RaftServerConfigKeys (ConfUtils.java:logGet(43)) - raft.server.log.write.buffer.size = 33554432 (custom)
2019-10-16 07:48:45,224 [grpc-default-executor-1] INFO  impl.RaftServerImpl (RaftServerImpl.java:setRole(184)) - 85034473-de92-432d-987c-753934731faa@group-6B08750156BF: changes role from  FOLLOWER to FOLLOWER at term 3 for recognizeCandidate:bbaedea4-0636-4a28-8969-ceb75fc90963
2019-10-16 07:48:45,224 [grpc-default-executor-1] INFO  impl.RoleInfo (RoleInfo.java:shutdownFollowerState(121)) - 85034473-de92-432d-987c-753934731faa: shutdown FollowerState
2019-10-16 07:48:45,222 [grpc-default-executor-6] INFO  server.GrpcServerProtocolService (GrpcServerProtocolService.java:onCompleted(113)) - bbaedea4-0636-4a28-8969-ceb75fc90963: Completed APPEND_ENTRIES, lastRequest: null
2019-10-16 07:48:45,222 [pool-37-thread-1] INFO  server.RaftServerConfigKeys (ConfUtils.java:logGet(43)) - raft.server.snapshot.auto.trigger.threshold = 10000 (custom)
2019-10-16 07:48:45,222 [pool-117-thread-1] INFO  server.RaftServerConfigKeys (ConfUtils.java:logGet(43)) - raft.server.log.statemachine.data.sync.timeout = 10s (default)
2019-10-16 07:48:45,227 [pool-37-thread-1] INFO  server.RaftServerConfigKeys (ConfUtils.java:logGet(43)) - raft.server.snapshot.retention.file.num = 5 (custom)
2019-10-16 07:48:45,227 [grpc-default-executor-1] INFO  impl.RoleInfo (RoleInfo.java:updateAndGet(143)) - 85034473-de92-432d-987c-753934731faa: start FollowerState
2019-10-16 07:48:45,227 [Thread-395] INFO  impl.FollowerState (FollowerState.java:run(117)) - 85034473-de92-432d-987c-753934731faa@group-6B08750156BF-FollowerState was interrupted: java.lang.InterruptedException: sleep interrupted
2019-10-16 07:48:45,224 [grpc-default-executor-8] INFO  server.GrpcServerProtocolService (GrpcServerProtocolService.java:onCompleted(113)) - 34a4ce68-6cfa-4f54-b3e2-98c3134e5ebf: Completed APPEND_ENTRIES, lastRequest: null
2019-10-16 07:48:45,224 [pool-107-thread-1] INFO  server.RaftServerConfigKeys (ConfUtils.java:logGet(43)) - raft.server.log.force.sync.num = 128 (default)
2019-10-16 07:48:45,233 [0230c08e-48f1-4f17-bace-004fbc1b55c4@group-DE5B3FA1F64F-LeaderElection16] INFO  impl.LeaderElection (LeaderElection.java:askForVotes(178)) - 0230c08e-48f1-4f17-bace-004fbc1b55c4@group-DE5B3FA1F64F-LeaderElection16: begin an election at term 4 for -1: [eb54e0f1-19f2-4eeb-9522-1404b62d70c1:192.168.34.43:32785, b906d628-5b11-472e-bef9-55c10a56a009:192.168.34.43:38952, 0230c08e-48f1-4f17-bace-004fbc1b55c4:192.168.34.43:40481], old=null
2019-10-16 07:48:45,229 [pool-37-thread-1] INFO  server.RaftServerConfigKeys (ConfUtils.java:logGet(43)) - raft.server.retrycache.expirytime = 600000ms (custom)
2019-10-16 07:48:45,228 [pool-117-thread-1] INFO  server.RaftServerConfigKeys (ConfUtils.java:logGet(43)) - raft.server.log.statemachine.data.sync.timeout.retry = -1 (default)
2019-10-16 07:48:45,233 [34a4ce68-6cfa-4f54-b3e2-98c3134e5ebf@group-6B08750156BF-LeaderElection17] INFO  impl.LeaderElection (LeaderElection.java:askForVotes(178)) - 34a4ce68-6cfa-4f54-b3e2-98c3134e5ebf@group-6B08750156BF-LeaderElection17: begin an election at term 4 for -1: [34a4ce68-6cfa-4f54-b3e2-98c3134e5ebf:192.168.34.43:41110, 85034473-de92-432d-987c-753934731faa:192.168.34.43:42807, bbaedea4-0636-4a28-8969-ceb75fc90963:192.168.34.43:39038], old=null
2019-10-16 07:48:45,233 [pool-107-thread-1] INFO  server.RaftServerConfigKeys (ConfUtils.java:logGet(43)) - raft.server.log.statemachine.data.sync = true (default)
2019-10-16 07:48:45,233 [pool-117-thread-1] INFO  server.RaftServerConfigKeys (ConfUtils.java:logGet(43)) - raft.server.log.statemachine.data.caching.enabled = true (custom)
2019-10-16 07:48:45,233 [0230c08e-48f1-4f17-bace-004fbc1b55c4@group-DE5B3FA1F64F-LeaderElection16] INFO  impl.LeaderElection (LeaderElection.java:logAndReturn(56)) - 0230c08e-48f1-4f17-bace-004fbc1b55c4@group-DE5B3FA1F64F-LeaderElection16: Election REJECTED; received 0 response(s) [] and 0 exception(s); 0230c08e-48f1-4f17-bace-004fbc1b55c4@group-DE5B3FA1F64F:t4, leader=null, voted=0230c08e-48f1-4f17-bace-004fbc1b55c4, raftlog=0230c08e-48f1-4f17-bace-004fbc1b55c4@group-DE5B3FA1F64F-SegmentedRaftLog:OPENED:c-1,f-1,i0, conf=-1: [eb54e0f1-19f2-4eeb-9522-1404b62d70c1:192.168.34.43:32785, b906d628-5b11-472e-bef9-55c10a56a009:192.168.34.43:38952, 0230c08e-48f1-4f17-bace-004fbc1b55c4:192.168.34.43:40481], old=null
2019-10-16 07:48:45,233 [pool-107-thread-1] INFO  server.RaftServerConfigKeys (ConfUtils.java:logGet(43)) - raft.server.log.statemachine.data.sync.timeout = 10s (default)
2019-10-16 07:48:45,236 [pool-107-thread-1] INFO  server.RaftServerConfigKeys (ConfUtils.java:logGet(43)) - raft.server.log.statemachine.data.sync.timeout.retry = -1 (default)
2019-10-16 07:48:45,236 [pool-117-thread-1] INFO  segmented.SegmentedRaftLogWorker (SegmentedRaftLogWorker.java:lambda$new$0(128)) - 4ffee07d-169c-4709-8390-13e847b22477@group-769B46396E91-SegmentedRaftLogWorker: flushIndex: setUnconditionally 0 -> -1
2019-10-16 07:48:45,238 [pool-107-thread-1] INFO  server.RaftServerConfigKeys (ConfUtils.java:logGet(43)) - raft.server.log.statemachine.data.caching.enabled = true (custom)
2019-10-16 07:48:45,239 [pool-107-thread-1] INFO  segmented.SegmentedRaftLogWorker (SegmentedRaftLogWorker.java:lambda$new$0(128)) - 00430a6c-148f-42d2-bd35-49b9937462c3@group-769B46396E91-SegmentedRaftLogWorker: flushIndex: setUnconditionally 0 -> -1
2019-10-16 07:48:45,249 [pool-117-thread-1] INFO  server.RaftServerConfigKeys (ConfUtils.java:logGet(43)) - raft.server.snapshot.auto.trigger.enabled = true (custom)
2019-10-16 07:48:45,253 [pool-107-thread-1] INFO  server.RaftServerConfigKeys (ConfUtils.java:logGet(43)) - raft.server.snapshot.auto.trigger.enabled = true (custom)
2019-10-16 07:48:45,253 [pool-107-thread-1] INFO  server.RaftServerConfigKeys (ConfUtils.java:logGet(43)) - raft.server.snapshot.auto.trigger.threshold = 10000 (custom)
2019-10-16 07:48:45,250 [grpc-default-executor-5] INFO  impl.RaftServerImpl (RaftServerImpl.java:setRole(184)) - eb54e0f1-19f2-4eeb-9522-1404b62d70c1@group-DE5B3FA1F64F: changes role from  FOLLOWER to FOLLOWER at term 4 for recognizeCandidate:b906d628-5b11-472e-bef9-55c10a56a009
2019-10-16 07:48:45,257 [grpc-default-executor-5] INFO  impl.RoleInfo (RoleInfo.java:shutdownFollowerState(121)) - eb54e0f1-19f2-4eeb-9522-1404b62d70c1: shutdown FollowerState
2019-10-16 07:48:45,250 [grpc-default-executor-8] INFO  server.GrpcLogAppender (GrpcLogAppender.java:onCompleted(308)) - 85034473-de92-432d-987c-753934731faa@group-6B08750156BF->34a4ce68-6cfa-4f54-b3e2-98c3134e5ebf-AppendLogResponseHandler: follower responses appendEntries COMPLETED
2019-10-16 07:48:45,257 [grpc-default-executor-5] INFO  impl.RoleInfo (RoleInfo.java:updateAndGet(143)) - eb54e0f1-19f2-4eeb-9522-1404b62d70c1: start FollowerState
2019-10-16 07:48:45,257 [Thread-389] INFO  impl.FollowerState (FollowerState.java:run(117)) - eb54e0f1-19f2-4eeb-9522-1404b62d70c1@group-DE5B3FA1F64F-FollowerState was interrupted: java.lang.InterruptedException: sleep interrupted
2019-10-16 07:48:45,253 [pool-107-thread-1] INFO  server.RaftServerConfigKeys (ConfUtils.java:logGet(43)) - raft.server.snapshot.retention.file.num = 5 (custom)
2019-10-16 07:48:45,253 [pool-117-thread-1] INFO  server.RaftServerConfigKeys (ConfUtils.java:logGet(43)) - raft.server.snapshot.auto.trigger.threshold = 10000 (custom)
2019-10-16 07:48:45,570 [bbaedea4-0636-4a28-8969-ceb75fc90963@group-6B08750156BF-LeaderElection12] INFO  impl.LeaderElection (LeaderElection.java:logAndReturn(56)) - bbaedea4-0636-4a28-8969-ceb75fc90963@group-6B08750156BF-LeaderElection12: Election TIMEOUT; received 0 response(s) [] and 0 exception(s); bbaedea4-0636-4a28-8969-ceb75fc90963@group-6B08750156BF:t4, leader=null, voted=bbaedea4-0636-4a28-8969-ceb75fc90963, raftlog=bbaedea4-0636-4a28-8969-ceb75fc90963@group-6B08750156BF-SegmentedRaftLog:OPENED:c-1,f-1,i0, conf=-1: [34a4ce68-6cfa-4f54-b3e2-98c3134e5ebf:192.168.34.43:41110, 85034473-de92-432d-987c-753934731faa:192.168.34.43:42807, bbaedea4-0636-4a28-8969-ceb75fc90963:192.168.34.43:39038], old=null
2019-10-16 07:48:45,570 [Thread-390] INFO  impl.FollowerState (FollowerState.java:run(108)) - 0230c08e-48f1-4f17-bace-004fbc1b55c4@group-DE5B3FA1F64F-FollowerState: change to CANDIDATE, lastRpcTime:359ms, electionTimeout:119ms
2019-10-16 07:48:45,569 [b906d628-5b11-472e-bef9-55c10a56a009@group-DE5B3FA1F64F-LeaderElection13] INFO  impl.LeaderElection (LeaderElection.java:logAndReturn(56)) - b906d628-5b11-472e-bef9-55c10a56a009@group-DE5B3FA1F64F-LeaderElection13: Election TIMEOUT; received 0 response(s) [] and 0 exception(s); b906d628-5b11-472e-bef9-55c10a56a009@group-DE5B3FA1F64F:t4, leader=null, voted=b906d628-5b11-472e-bef9-55c10a56a009, raftlog=b906d628-5b11-472e-bef9-55c10a56a009@group-DE5B3FA1F64F-SegmentedRaftLog:OPENED:c-1,f-1,i0, conf=-1: [eb54e0f1-19f2-4eeb-9522-1404b62d70c1:192.168.34.43:32785, b906d628-5b11-472e-bef9-55c10a56a009:192.168.34.43:38952, 0230c08e-48f1-4f17-bace-004fbc1b55c4:192.168.34.43:40481], old=null
2019-10-16 07:48:45,569 [34a4ce68-6cfa-4f54-b3e2-98c3134e5ebf@group-6B08750156BF-LeaderElection17] INFO  impl.LeaderElection (LeaderElection.java:logAndReturn(56)) - 34a4ce68-6cfa-4f54-b3e2-98c3134e5ebf@group-6B08750156BF-LeaderElection17: Election TIMEOUT; received 0 response(s) [] and 0 exception(s); 34a4ce68-6cfa-4f54-b3e2-98c3134e5ebf@group-6B08750156BF:t4, leader=null, voted=34a4ce68-6cfa-4f54-b3e2-98c3134e5ebf, raftlog=34a4ce68-6cfa-4f54-b3e2-98c3134e5ebf@group-6B08750156BF-SegmentedRaftLog:OPENED:c-1,f-1,i0, conf=-1: [34a4ce68-6cfa-4f54-b3e2-98c3134e5ebf:192.168.34.43:41110, 85034473-de92-432d-987c-753934731faa:192.168.34.43:42807, bbaedea4-0636-4a28-8969-ceb75fc90963:192.168.34.43:39038], old=null
2019-10-16 07:48:45,259 [grpc-default-executor-4] INFO  server.GrpcLogAppender (GrpcLogAppender.java:onCompleted(308)) - 85034473-de92-432d-987c-753934731faa@group-6B08750156BF->bbaedea4-0636-4a28-8969-ceb75fc90963-AppendLogResponseHandler: follower responses appendEntries COMPLETED
2019-10-16 07:48:45,611 [pool-107-thread-1] INFO  server.RaftServerConfigKeys (ConfUtils.java:logGet(43)) - raft.server.retrycache.expirytime = 600000ms (custom)
2019-10-16 07:48:45,590 [Thread-390] INFO  impl.RoleInfo (RoleInfo.java:shutdownFollowerState(121)) - 0230c08e-48f1-4f17-bace-004fbc1b55c4: shutdown FollowerState
2019-10-16 07:48:45,614 [Thread-390] INFO  impl.RaftServerImpl (RaftServerImpl.java:setRole(184)) - 0230c08e-48f1-4f17-bace-004fbc1b55c4@group-DE5B3FA1F64F: changes role from  FOLLOWER to CANDIDATE at term 4 for changeToCandidate
2019-10-16 07:48:45,615 [pool-117-thread-1] INFO  server.RaftServerConfigKeys (ConfUtils.java:logGet(43)) - raft.server.snapshot.retention.file.num = 5 (custom)
2019-10-16 07:48:45,614 [pool-37-thread-1] INFO  impl.RaftServerImpl (RaftServerImpl.java:start(195)) - 3e390cd5-6e5f-4e4a-89b9-5d2d9c64b08e@group-769B46396E91: start as a follower, conf=-1: [00430a6c-148f-42d2-bd35-49b9937462c3:192.168.34.43:40986, 3e390cd5-6e5f-4e4a-89b9-5d2d9c64b08e:192.168.34.43:35883, 4ffee07d-169c-4709-8390-13e847b22477:192.168.34.43:45950], old=null
2019-10-16 07:48:45,615 [pool-117-thread-1] INFO  server.RaftServerConfigKeys (ConfUtils.java:logGet(43)) - raft.server.retrycache.expirytime = 600000ms (custom)
2019-10-16 07:48:45,615 [Thread-390] INFO  impl.RoleInfo (RoleInfo.java:updateAndGet(143)) - 0230c08e-48f1-4f17-bace-004fbc1b55c4: start LeaderElection
2019-10-16 07:48:45,615 [Thread-283] INFO  container.ReplicationManager (ReplicationManager.java:start(162)) - Starting Replication Monitor Thread.
2019-10-16 07:48:45,615 [pool-37-thread-1] INFO  impl.RaftServerImpl (RaftServerImpl.java:setRole(184)) - 3e390cd5-6e5f-4e4a-89b9-5d2d9c64b08e@group-769B46396E91: changes role from      null to FOLLOWER at term 0 for startAsFollower
2019-10-16 07:48:45,615 [grpc-default-executor-8] INFO  impl.FollowerInfo (FollowerInfo.java:lambda$new$0(51)) - 85034473-de92-432d-987c-753934731faa@group-6B08750156BF->34a4ce68-6cfa-4f54-b3e2-98c3134e5ebf: nextIndex: updateUnconditionally 0 -> 0
2019-10-16 07:48:45,615 [pool-37-thread-1] INFO  impl.RoleInfo (RoleInfo.java:updateAndGet(143)) - 3e390cd5-6e5f-4e4a-89b9-5d2d9c64b08e: start FollowerState
2019-10-16 07:48:45,615 [grpc-default-executor-3] INFO  impl.RaftServerImpl (RaftServerImpl.java:setRole(184)) - 85034473-de92-432d-987c-753934731faa@group-6B08750156BF: changes role from  FOLLOWER to FOLLOWER at term 4 for recognizeCandidate:bbaedea4-0636-4a28-8969-ceb75fc90963
2019-10-16 07:48:45,618 [grpc-default-executor-3] INFO  impl.RoleInfo (RoleInfo.java:shutdownFollowerState(121)) - 85034473-de92-432d-987c-753934731faa: shutdown FollowerState
2019-10-16 07:48:45,618 [grpc-default-executor-4] INFO  impl.FollowerInfo (FollowerInfo.java:lambda$new$0(51)) - 85034473-de92-432d-987c-753934731faa@group-6B08750156BF->bbaedea4-0636-4a28-8969-ceb75fc90963: nextIndex: updateUnconditionally 0 -> 0
2019-10-16 07:48:45,621 [Thread-397] INFO  impl.FollowerState (FollowerState.java:run(117)) - 85034473-de92-432d-987c-753934731faa@group-6B08750156BF-FollowerState was interrupted: java.lang.InterruptedException: sleep interrupted
2019-10-16 07:48:45,621 [pool-37-thread-1] INFO  util.JmxRegister (JmxRegister.java:tryRegister(44)) - Successfully registered JMX Bean with object name Ratis:service=RaftServer,group=group-769B46396E91,id=3e390cd5-6e5f-4e4a-89b9-5d2d9c64b08e
2019-10-16 07:48:45,623 [grpc-default-executor-3] INFO  impl.RoleInfo (RoleInfo.java:updateAndGet(143)) - 85034473-de92-432d-987c-753934731faa: start FollowerState
2019-10-16 07:48:45,624 [ReplicationMonitor] INFO  container.ReplicationManager (ReplicationManager.java:run(225)) - Replication Monitor Thread took 3 milliseconds for processing 0 containers.
2019-10-16 07:48:45,627 [34a4ce68-6cfa-4f54-b3e2-98c3134e5ebf@group-6B08750156BF-LeaderElection17] INFO  impl.LeaderElection (LeaderElection.java:askForVotes(178)) - 34a4ce68-6cfa-4f54-b3e2-98c3134e5ebf@group-6B08750156BF-LeaderElection17: begin an election at term 5 for -1: [34a4ce68-6cfa-4f54-b3e2-98c3134e5ebf:192.168.34.43:41110, 85034473-de92-432d-987c-753934731faa:192.168.34.43:42807, bbaedea4-0636-4a28-8969-ceb75fc90963:192.168.34.43:39038], old=null
2019-10-16 07:48:45,628 [b906d628-5b11-472e-bef9-55c10a56a009@group-DE5B3FA1F64F-LeaderElection13] INFO  impl.LeaderElection (LeaderElection.java:askForVotes(178)) - b906d628-5b11-472e-bef9-55c10a56a009@group-DE5B3FA1F64F-LeaderElection13: begin an election at term 5 for -1: [eb54e0f1-19f2-4eeb-9522-1404b62d70c1:192.168.34.43:32785, b906d628-5b11-472e-bef9-55c10a56a009:192.168.34.43:38952, 0230c08e-48f1-4f17-bace-004fbc1b55c4:192.168.34.43:40481], old=null
2019-10-16 07:48:45,628 [grpc-default-executor-8] INFO  impl.RaftServerImpl (RaftServerImpl.java:setRole(184)) - 85034473-de92-432d-987c-753934731faa@group-6B08750156BF: changes role from  FOLLOWER to FOLLOWER at term 4 for recognizeCandidate:34a4ce68-6cfa-4f54-b3e2-98c3134e5ebf
2019-10-16 07:48:45,628 [bbaedea4-0636-4a28-8969-ceb75fc90963@group-6B08750156BF-LeaderElection12] INFO  impl.LeaderElection (LeaderElection.java:askForVotes(178)) - bbaedea4-0636-4a28-8969-ceb75fc90963@group-6B08750156BF-LeaderElection12: begin an election at term 5 for -1: [34a4ce68-6cfa-4f54-b3e2-98c3134e5ebf:192.168.34.43:41110, 85034473-de92-432d-987c-753934731faa:192.168.34.43:42807, bbaedea4-0636-4a28-8969-ceb75fc90963:192.168.34.43:39038], old=null
2019-10-16 07:48:45,628 [grpc-default-executor-8] INFO  impl.RoleInfo (RoleInfo.java:shutdownFollowerState(121)) - 85034473-de92-432d-987c-753934731faa: shutdown FollowerState
2019-10-16 07:48:45,629 [Thread-409] INFO  impl.FollowerState (FollowerState.java:run(117)) - 85034473-de92-432d-987c-753934731faa@group-6B08750156BF-FollowerState was interrupted: java.lang.InterruptedException: sleep interrupted
2019-10-16 07:48:45,631 [grpc-default-executor-8] INFO  impl.RoleInfo (RoleInfo.java:updateAndGet(143)) - 85034473-de92-432d-987c-753934731faa: start FollowerState
2019-10-16 07:48:45,641 [pool-107-thread-1] INFO  impl.RaftServerImpl (RaftServerImpl.java:start(195)) - 00430a6c-148f-42d2-bd35-49b9937462c3@group-769B46396E91: start as a follower, conf=-1: [00430a6c-148f-42d2-bd35-49b9937462c3:192.168.34.43:40986, 3e390cd5-6e5f-4e4a-89b9-5d2d9c64b08e:192.168.34.43:35883, 4ffee07d-169c-4709-8390-13e847b22477:192.168.34.43:45950], old=null
2019-10-16 07:48:45,641 [pool-107-thread-1] INFO  impl.RaftServerImpl (RaftServerImpl.java:setRole(184)) - 00430a6c-148f-42d2-bd35-49b9937462c3@group-769B46396E91: changes role from      null to FOLLOWER at term 0 for startAsFollower
2019-10-16 07:48:45,641 [pool-107-thread-1] INFO  impl.RoleInfo (RoleInfo.java:updateAndGet(143)) - 00430a6c-148f-42d2-bd35-49b9937462c3: start FollowerState
2019-10-16 07:48:45,644 [pool-107-thread-1] INFO  util.JmxRegister (JmxRegister.java:tryRegister(44)) - Successfully registered JMX Bean with object name Ratis:service=RaftServer,group=group-769B46396E91,id=00430a6c-148f-42d2-bd35-49b9937462c3
2019-10-16 07:48:45,645 [pool-117-thread-1] INFO  impl.RaftServerImpl (RaftServerImpl.java:start(195)) - 4ffee07d-169c-4709-8390-13e847b22477@group-769B46396E91: start as a follower, conf=-1: [00430a6c-148f-42d2-bd35-49b9937462c3:192.168.34.43:40986, 3e390cd5-6e5f-4e4a-89b9-5d2d9c64b08e:192.168.34.43:35883, 4ffee07d-169c-4709-8390-13e847b22477:192.168.34.43:45950], old=null
2019-10-16 07:48:45,645 [pool-117-thread-1] INFO  impl.RaftServerImpl (RaftServerImpl.java:setRole(184)) - 4ffee07d-169c-4709-8390-13e847b22477@group-769B46396E91: changes role from      null to FOLLOWER at term 0 for startAsFollower
2019-10-16 07:48:45,645 [pool-117-thread-1] INFO  impl.RoleInfo (RoleInfo.java:updateAndGet(143)) - 4ffee07d-169c-4709-8390-13e847b22477: start FollowerState
2019-10-16 07:48:45,645 [grpc-default-executor-8] INFO  impl.RaftServerImpl (RaftServerImpl.java:setRole(184)) - 85034473-de92-432d-987c-753934731faa@group-6B08750156BF: changes role from  FOLLOWER to FOLLOWER at term 5 for recognizeCandidate:34a4ce68-6cfa-4f54-b3e2-98c3134e5ebf
2019-10-16 07:48:45,645 [grpc-default-executor-8] INFO  impl.RoleInfo (RoleInfo.java:shutdownFollowerState(121)) - 85034473-de92-432d-987c-753934731faa: shutdown FollowerState
2019-10-16 07:48:45,645 [pool-117-thread-1] INFO  util.JmxRegister (JmxRegister.java:tryRegister(44)) - Successfully registered JMX Bean with object name Ratis:service=RaftServer,group=group-769B46396E91,id=4ffee07d-169c-4709-8390-13e847b22477
2019-10-16 07:48:45,646 [grpc-default-executor-8] INFO  impl.RoleInfo (RoleInfo.java:updateAndGet(143)) - 85034473-de92-432d-987c-753934731faa: start FollowerState
2019-10-16 07:48:45,646 [Thread-416] INFO  impl.FollowerState (FollowerState.java:run(117)) - 85034473-de92-432d-987c-753934731faa@group-6B08750156BF-FollowerState was interrupted: java.lang.InterruptedException: sleep interrupted
2019-10-16 07:48:45,646 [grpc-default-executor-5] INFO  impl.RaftServerImpl (RaftServerImpl.java:setRole(184)) - eb54e0f1-19f2-4eeb-9522-1404b62d70c1@group-DE5B3FA1F64F: changes role from  FOLLOWER to FOLLOWER at term 5 for recognizeCandidate:b906d628-5b11-472e-bef9-55c10a56a009
2019-10-16 07:48:45,649 [grpc-default-executor-5] INFO  impl.RoleInfo (RoleInfo.java:shutdownFollowerState(121)) - eb54e0f1-19f2-4eeb-9522-1404b62d70c1: shutdown FollowerState
2019-10-16 07:48:45,649 [grpc-default-executor-5] INFO  impl.RoleInfo (RoleInfo.java:updateAndGet(143)) - eb54e0f1-19f2-4eeb-9522-1404b62d70c1: start FollowerState
2019-10-16 07:48:45,649 [Thread-403] INFO  impl.FollowerState (FollowerState.java:run(117)) - eb54e0f1-19f2-4eeb-9522-1404b62d70c1@group-DE5B3FA1F64F-FollowerState was interrupted: java.lang.InterruptedException: sleep interrupted
2019-10-16 07:48:45,649 [0230c08e-48f1-4f17-bace-004fbc1b55c4@group-DE5B3FA1F64F-LeaderElection18] INFO  impl.LeaderElection (LeaderElection.java:askForVotes(178)) - 0230c08e-48f1-4f17-bace-004fbc1b55c4@group-DE5B3FA1F64F-LeaderElection18: begin an election at term 5 for -1: [eb54e0f1-19f2-4eeb-9522-1404b62d70c1:192.168.34.43:32785, b906d628-5b11-472e-bef9-55c10a56a009:192.168.34.43:38952, 0230c08e-48f1-4f17-bace-004fbc1b55c4:192.168.34.43:40481], old=null
2019-10-16 07:48:45,653 [34a4ce68-6cfa-4f54-b3e2-98c3134e5ebf@group-6B08750156BF-LeaderElection17] INFO  impl.LeaderElection (LeaderElection.java:logAndReturn(56)) - 34a4ce68-6cfa-4f54-b3e2-98c3134e5ebf@group-6B08750156BF-LeaderElection17: Election TIMEOUT; received 0 response(s) [] and 0 exception(s); 34a4ce68-6cfa-4f54-b3e2-98c3134e5ebf@group-6B08750156BF:t5, leader=null, voted=34a4ce68-6cfa-4f54-b3e2-98c3134e5ebf, raftlog=34a4ce68-6cfa-4f54-b3e2-98c3134e5ebf@group-6B08750156BF-SegmentedRaftLog:OPENED:c-1,f-1,i0, conf=-1: [34a4ce68-6cfa-4f54-b3e2-98c3134e5ebf:192.168.34.43:41110, 85034473-de92-432d-987c-753934731faa:192.168.34.43:42807, bbaedea4-0636-4a28-8969-ceb75fc90963:192.168.34.43:39038], old=null
2019-10-16 07:48:45,685 [34a4ce68-6cfa-4f54-b3e2-98c3134e5ebf@group-6B08750156BF-LeaderElection17] INFO  impl.LeaderElection (LeaderElection.java:askForVotes(178)) - 34a4ce68-6cfa-4f54-b3e2-98c3134e5ebf@group-6B08750156BF-LeaderElection17: begin an election at term 6 for -1: [34a4ce68-6cfa-4f54-b3e2-98c3134e5ebf:192.168.34.43:41110, 85034473-de92-432d-987c-753934731faa:192.168.34.43:42807, bbaedea4-0636-4a28-8969-ceb75fc90963:192.168.34.43:39038], old=null
2019-10-16 07:48:45,687 [grpc-default-executor-6] INFO  impl.RaftServerImpl (RaftServerImpl.java:setRole(184)) - 85034473-de92-432d-987c-753934731faa@group-6B08750156BF: changes role from  FOLLOWER to FOLLOWER at term 5 for recognizeCandidate:bbaedea4-0636-4a28-8969-ceb75fc90963
2019-10-16 07:48:45,689 [Thread-417] INFO  impl.FollowerState (FollowerState.java:run(108)) - 00430a6c-148f-42d2-bd35-49b9937462c3@group-769B46396E91-FollowerState: change to CANDIDATE, lastRpcTime:47ms, electionTimeout:44ms
2019-10-16 07:48:45,689 [grpc-default-executor-6] INFO  impl.RoleInfo (RoleInfo.java:shutdownFollowerState(121)) - 85034473-de92-432d-987c-753934731faa: shutdown FollowerState
2019-10-16 07:48:45,689 [Thread-417] INFO  impl.RoleInfo (RoleInfo.java:shutdownFollowerState(121)) - 00430a6c-148f-42d2-bd35-49b9937462c3: shutdown FollowerState
2019-10-16 07:48:45,690 [Thread-417] INFO  impl.RaftServerImpl (RaftServerImpl.java:setRole(184)) - 00430a6c-148f-42d2-bd35-49b9937462c3@group-769B46396E91: changes role from  FOLLOWER to CANDIDATE at term 0 for changeToCandidate
2019-10-16 07:48:45,713 [Thread-421] INFO  impl.FollowerState (FollowerState.java:run(108)) - eb54e0f1-19f2-4eeb-9522-1404b62d70c1@group-DE5B3FA1F64F-FollowerState: change to CANDIDATE, lastRpcTime:64ms, electionTimeout:60ms
2019-10-16 07:48:45,713 [Thread-421] INFO  impl.RoleInfo (RoleInfo.java:shutdownFollowerState(121)) - eb54e0f1-19f2-4eeb-9522-1404b62d70c1: shutdown FollowerState
2019-10-16 07:48:45,713 [Thread-421] INFO  impl.RaftServerImpl (RaftServerImpl.java:setRole(184)) - eb54e0f1-19f2-4eeb-9522-1404b62d70c1@group-DE5B3FA1F64F: changes role from  FOLLOWER to CANDIDATE at term 5 for changeToCandidate
2019-10-16 07:48:45,718 [Thread-417] INFO  impl.RoleInfo (RoleInfo.java:updateAndGet(143)) - 00430a6c-148f-42d2-bd35-49b9937462c3: start LeaderElection
2019-10-16 07:48:45,718 [Thread-420] INFO  impl.FollowerState (FollowerState.java:run(117)) - 85034473-de92-432d-987c-753934731faa@group-6B08750156BF-FollowerState was interrupted: java.lang.InterruptedException: sleep interrupted
2019-10-16 07:48:45,718 [grpc-default-executor-6] INFO  impl.RoleInfo (RoleInfo.java:updateAndGet(143)) - 85034473-de92-432d-987c-753934731faa: start FollowerState
2019-10-16 07:48:45,718 [Thread-421] INFO  impl.RoleInfo (RoleInfo.java:updateAndGet(143)) - eb54e0f1-19f2-4eeb-9522-1404b62d70c1: start LeaderElection
2019-10-16 07:48:45,725 [b906d628-5b11-472e-bef9-55c10a56a009@group-DE5B3FA1F64F-LeaderElection13] INFO  impl.LeaderElection (LeaderElection.java:logAndReturn(56)) - b906d628-5b11-472e-bef9-55c10a56a009@group-DE5B3FA1F64F-LeaderElection13: Election PASSED; received 1 response(s) [b906d628-5b11-472e-bef9-55c10a56a009<-eb54e0f1-19f2-4eeb-9522-1404b62d70c1#0:OK-t5] and 0 exception(s); b906d628-5b11-472e-bef9-55c10a56a009@group-DE5B3FA1F64F:t5, leader=null, voted=b906d628-5b11-472e-bef9-55c10a56a009, raftlog=b906d628-5b11-472e-bef9-55c10a56a009@group-DE5B3FA1F64F-SegmentedRaftLog:OPENED:c-1,f-1,i0, conf=-1: [eb54e0f1-19f2-4eeb-9522-1404b62d70c1:192.168.34.43:32785, b906d628-5b11-472e-bef9-55c10a56a009:192.168.34.43:38952, 0230c08e-48f1-4f17-bace-004fbc1b55c4:192.168.34.43:40481], old=null
2019-10-16 07:48:45,725 [b906d628-5b11-472e-bef9-55c10a56a009@group-DE5B3FA1F64F-LeaderElection13] INFO  impl.RoleInfo (RoleInfo.java:shutdownLeaderElection(134)) - b906d628-5b11-472e-bef9-55c10a56a009: shutdown LeaderElection
2019-10-16 07:48:45,737 [b906d628-5b11-472e-bef9-55c10a56a009@group-DE5B3FA1F64F-LeaderElection13] INFO  impl.RaftServerImpl (RaftServerImpl.java:setRole(184)) - b906d628-5b11-472e-bef9-55c10a56a009@group-DE5B3FA1F64F: changes role from CANDIDATE to LEADER at term 5 for changeToLeader
2019-10-16 07:48:45,737 [bbaedea4-0636-4a28-8969-ceb75fc90963@group-6B08750156BF-LeaderElection12] INFO  impl.LeaderElection (LeaderElection.java:logAndReturn(56)) - bbaedea4-0636-4a28-8969-ceb75fc90963@group-6B08750156BF-LeaderElection12: Election TIMEOUT; received 0 response(s) [] and 0 exception(s); bbaedea4-0636-4a28-8969-ceb75fc90963@group-6B08750156BF:t5, leader=null, voted=bbaedea4-0636-4a28-8969-ceb75fc90963, raftlog=bbaedea4-0636-4a28-8969-ceb75fc90963@group-6B08750156BF-SegmentedRaftLog:OPENED:c-1,f-1,i0, conf=-1: [34a4ce68-6cfa-4f54-b3e2-98c3134e5ebf:192.168.34.43:41110, 85034473-de92-432d-987c-753934731faa:192.168.34.43:42807, bbaedea4-0636-4a28-8969-ceb75fc90963:192.168.34.43:39038], old=null
2019-10-16 07:48:45,737 [eb54e0f1-19f2-4eeb-9522-1404b62d70c1@group-DE5B3FA1F64F-LeaderElection20] INFO  impl.LeaderElection (LeaderElection.java:askForVotes(178)) - eb54e0f1-19f2-4eeb-9522-1404b62d70c1@group-DE5B3FA1F64F-LeaderElection20: begin an election at term 6 for -1: [eb54e0f1-19f2-4eeb-9522-1404b62d70c1:192.168.34.43:32785, b906d628-5b11-472e-bef9-55c10a56a009:192.168.34.43:38952, 0230c08e-48f1-4f17-bace-004fbc1b55c4:192.168.34.43:40481], old=null
2019-10-16 07:48:45,737 [00430a6c-148f-42d2-bd35-49b9937462c3@group-769B46396E91-LeaderElection19] INFO  impl.LeaderElection (LeaderElection.java:askForVotes(178)) - 00430a6c-148f-42d2-bd35-49b9937462c3@group-769B46396E91-LeaderElection19: begin an election at term 1 for -1: [00430a6c-148f-42d2-bd35-49b9937462c3:192.168.34.43:40986, 3e390cd5-6e5f-4e4a-89b9-5d2d9c64b08e:192.168.34.43:35883, 4ffee07d-169c-4709-8390-13e847b22477:192.168.34.43:45950], old=null
2019-10-16 07:48:45,739 [b906d628-5b11-472e-bef9-55c10a56a009@group-DE5B3FA1F64F-LeaderElection13] INFO  impl.RaftServerImpl (ServerState.java:setLeader(256)) - b906d628-5b11-472e-bef9-55c10a56a009@group-DE5B3FA1F64F: change Leader from null to b906d628-5b11-472e-bef9-55c10a56a009 at term 5 for becomeLeader, leader elected after 837ms
2019-10-16 07:48:45,727 [Thread-418] INFO  impl.FollowerState (FollowerState.java:run(108)) - 4ffee07d-169c-4709-8390-13e847b22477@group-769B46396E91-FollowerState: change to CANDIDATE, lastRpcTime:82ms, electionTimeout:80ms
2019-10-16 07:48:45,741 [b906d628-5b11-472e-bef9-55c10a56a009@group-DE5B3FA1F64F-LeaderElection13] INFO  server.RaftServerConfigKeys (ConfUtils.java:logGet(43)) - raft.server.staging.catchup.gap = 1000 (default)
2019-10-16 07:48:45,742 [Thread-418] INFO  impl.RoleInfo (RoleInfo.java:shutdownFollowerState(121)) - 4ffee07d-169c-4709-8390-13e847b22477: shutdown FollowerState
2019-10-16 07:48:45,744 [b906d628-5b11-472e-bef9-55c10a56a009@group-DE5B3FA1F64F-LeaderElection13] INFO  server.RaftServerConfigKeys (ConfUtils.java:logGet(43)) - raft.server.rpc.sleep.time = 25ms (default)
2019-10-16 07:48:45,750 [Thread-418] INFO  impl.RaftServerImpl (RaftServerImpl.java:setRole(184)) - 4ffee07d-169c-4709-8390-13e847b22477@group-769B46396E91: changes role from  FOLLOWER to CANDIDATE at term 0 for changeToCandidate
2019-10-16 07:48:45,769 [0230c08e-48f1-4f17-bace-004fbc1b55c4@group-DE5B3FA1F64F-LeaderElection18] INFO  impl.LeaderElection (LeaderElection.java:logAndReturn(56)) - 0230c08e-48f1-4f17-bace-004fbc1b55c4@group-DE5B3FA1F64F-LeaderElection18: Election TIMEOUT; received 1 response(s) [0230c08e-48f1-4f17-bace-004fbc1b55c4<-b906d628-5b11-472e-bef9-55c10a56a009#0:FAIL-t5] and 0 exception(s); 0230c08e-48f1-4f17-bace-004fbc1b55c4@group-DE5B3FA1F64F:t5, leader=null, voted=0230c08e-48f1-4f17-bace-004fbc1b55c4, raftlog=0230c08e-48f1-4f17-bace-004fbc1b55c4@group-DE5B3FA1F64F-SegmentedRaftLog:OPENED:c-1,f-1,i0, conf=-1: [eb54e0f1-19f2-4eeb-9522-1404b62d70c1:192.168.34.43:32785, b906d628-5b11-472e-bef9-55c10a56a009:192.168.34.43:38952, 0230c08e-48f1-4f17-bace-004fbc1b55c4:192.168.34.43:40481], old=null
2019-10-16 07:48:45,780 [b906d628-5b11-472e-bef9-55c10a56a009@group-DE5B3FA1F64F-LeaderElection13] INFO  server.RaftServerConfigKeys (ConfUtils.java:logGet(43)) - raft.server.write.element-limit = 4096 (default)
2019-10-16 07:48:45,780 [Thread-418] INFO  impl.RoleInfo (RoleInfo.java:updateAndGet(143)) - 4ffee07d-169c-4709-8390-13e847b22477: start LeaderElection
2019-10-16 07:48:45,783 [b906d628-5b11-472e-bef9-55c10a56a009@group-DE5B3FA1F64F-LeaderElection13] INFO  server.RaftServerConfigKeys (ConfUtils.java:logGet(43)) - raft.server.watch.timeout = 10s (default)
2019-10-16 07:48:45,783 [b906d628-5b11-472e-bef9-55c10a56a009@group-DE5B3FA1F64F-LeaderElection13] INFO  server.RaftServerConfigKeys (ConfUtils.java:logGet(43)) - raft.server.watch.timeout.denomination = 1s (default)
2019-10-16 07:48:45,786 [b906d628-5b11-472e-bef9-55c10a56a009@group-DE5B3FA1F64F-LeaderElection13] INFO  server.RaftServerConfigKeys (ConfUtils.java:logGet(43)) - raft.server.watch.element-limit = 65536 (default)
2019-10-16 07:48:45,795 [bbaedea4-0636-4a28-8969-ceb75fc90963@group-6B08750156BF-LeaderElection12] INFO  impl.LeaderElection (LeaderElection.java:askForVotes(178)) - bbaedea4-0636-4a28-8969-ceb75fc90963@group-6B08750156BF-LeaderElection12: begin an election at term 6 for -1: [34a4ce68-6cfa-4f54-b3e2-98c3134e5ebf:192.168.34.43:41110, 85034473-de92-432d-987c-753934731faa:192.168.34.43:42807, bbaedea4-0636-4a28-8969-ceb75fc90963:192.168.34.43:39038], old=null
2019-10-16 07:48:45,795 [0230c08e-48f1-4f17-bace-004fbc1b55c4@group-DE5B3FA1F64F-LeaderElection18] INFO  impl.LeaderElection (LeaderElection.java:askForVotes(178)) - 0230c08e-48f1-4f17-bace-004fbc1b55c4@group-DE5B3FA1F64F-LeaderElection18: begin an election at term 6 for -1: [eb54e0f1-19f2-4eeb-9522-1404b62d70c1:192.168.34.43:32785, b906d628-5b11-472e-bef9-55c10a56a009:192.168.34.43:38952, 0230c08e-48f1-4f17-bace-004fbc1b55c4:192.168.34.43:40481], old=null
2019-10-16 07:48:45,798 [grpc-default-executor-5] INFO  impl.RaftServerImpl (RaftServerImpl.java:setRole(184)) - 85034473-de92-432d-987c-753934731faa@group-6B08750156BF: changes role from  FOLLOWER to FOLLOWER at term 6 for recognizeCandidate:34a4ce68-6cfa-4f54-b3e2-98c3134e5ebf
2019-10-16 07:48:45,829 [eb54e0f1-19f2-4eeb-9522-1404b62d70c1@group-DE5B3FA1F64F-LeaderElection20] INFO  impl.LeaderElection (LeaderElection.java:logAndReturn(56)) - eb54e0f1-19f2-4eeb-9522-1404b62d70c1@group-DE5B3FA1F64F-LeaderElection20: Election TIMEOUT; received 0 response(s) [] and 0 exception(s); eb54e0f1-19f2-4eeb-9522-1404b62d70c1@group-DE5B3FA1F64F:t6, leader=null, voted=eb54e0f1-19f2-4eeb-9522-1404b62d70c1, raftlog=eb54e0f1-19f2-4eeb-9522-1404b62d70c1@group-DE5B3FA1F64F-SegmentedRaftLog:OPENED:c-1,f-1,i0, conf=-1: [eb54e0f1-19f2-4eeb-9522-1404b62d70c1:192.168.34.43:32785, b906d628-5b11-472e-bef9-55c10a56a009:192.168.34.43:38952, 0230c08e-48f1-4f17-bace-004fbc1b55c4:192.168.34.43:40481], old=null
2019-10-16 07:48:45,830 [Thread-407] INFO  impl.FollowerState (FollowerState.java:run(108)) - 3e390cd5-6e5f-4e4a-89b9-5d2d9c64b08e@group-769B46396E91-FollowerState: change to CANDIDATE, lastRpcTime:214ms, electionTimeout:181ms
2019-10-16 07:48:45,830 [grpc-default-executor-5] INFO  impl.RoleInfo (RoleInfo.java:shutdownFollowerState(121)) - 85034473-de92-432d-987c-753934731faa: shutdown FollowerState
2019-10-16 07:48:45,830 [4ffee07d-169c-4709-8390-13e847b22477@group-769B46396E91-LeaderElection21] INFO  impl.LeaderElection (LeaderElection.java:askForVotes(178)) - 4ffee07d-169c-4709-8390-13e847b22477@group-769B46396E91-LeaderElection21: begin an election at term 1 for -1: [00430a6c-148f-42d2-bd35-49b9937462c3:192.168.34.43:40986, 3e390cd5-6e5f-4e4a-89b9-5d2d9c64b08e:192.168.34.43:35883, 4ffee07d-169c-4709-8390-13e847b22477:192.168.34.43:45950], old=null
2019-10-16 07:48:45,878 [Thread-407] INFO  impl.RoleInfo (RoleInfo.java:shutdownFollowerState(121)) - 3e390cd5-6e5f-4e4a-89b9-5d2d9c64b08e: shutdown FollowerState
2019-10-16 07:48:45,885 [Thread-428] INFO  impl.FollowerState (FollowerState.java:run(117)) - 85034473-de92-432d-987c-753934731faa@group-6B08750156BF-FollowerState was interrupted: java.lang.InterruptedException: sleep interrupted
2019-10-16 07:48:45,865 [main] INFO  ozone.MiniOzoneClusterImpl (MiniOzoneClusterImpl.java:getStorageContainerLocationClient(234)) - Creating StorageContainerLocationProtocol RPC client with address /0.0.0.0:36057
2019-10-16 07:48:45,885 [Thread-407] INFO  impl.RaftServerImpl (RaftServerImpl.java:setRole(184)) - 3e390cd5-6e5f-4e4a-89b9-5d2d9c64b08e@group-769B46396E91: changes role from  FOLLOWER to CANDIDATE at term 0 for changeToCandidate
2019-10-16 07:48:45,885 [grpc-default-executor-5] INFO  impl.RoleInfo (RoleInfo.java:updateAndGet(143)) - 85034473-de92-432d-987c-753934731faa: start FollowerState
2019-10-16 07:48:45,895 [34a4ce68-6cfa-4f54-b3e2-98c3134e5ebf@group-6B08750156BF-LeaderElection17] INFO  impl.LeaderElection (LeaderElection.java:logAndReturn(56)) - 34a4ce68-6cfa-4f54-b3e2-98c3134e5ebf@group-6B08750156BF-LeaderElection17: Election TIMEOUT; received 0 response(s) [] and 0 exception(s); 34a4ce68-6cfa-4f54-b3e2-98c3134e5ebf@group-6B08750156BF:t6, leader=null, voted=34a4ce68-6cfa-4f54-b3e2-98c3134e5ebf, raftlog=34a4ce68-6cfa-4f54-b3e2-98c3134e5ebf@group-6B08750156BF-SegmentedRaftLog:OPENED:c-1,f-1,i0, conf=-1: [34a4ce68-6cfa-4f54-b3e2-98c3134e5ebf:192.168.34.43:41110, 85034473-de92-432d-987c-753934731faa:192.168.34.43:42807, bbaedea4-0636-4a28-8969-ceb75fc90963:192.168.34.43:39038], old=null
2019-10-16 07:48:45,897 [eb54e0f1-19f2-4eeb-9522-1404b62d70c1@group-DE5B3FA1F64F-LeaderElection20] INFO  impl.LeaderElection (LeaderElection.java:askForVotes(178)) - eb54e0f1-19f2-4eeb-9522-1404b62d70c1@group-DE5B3FA1F64F-LeaderElection20: begin an election at term 7 for -1: [eb54e0f1-19f2-4eeb-9522-1404b62d70c1:192.168.34.43:32785, b906d628-5b11-472e-bef9-55c10a56a009:192.168.34.43:38952, 0230c08e-48f1-4f17-bace-004fbc1b55c4:192.168.34.43:40481], old=null
2019-10-16 07:48:45,898 [bbaedea4-0636-4a28-8969-ceb75fc90963@group-6B08750156BF-LeaderElection12] INFO  impl.LeaderElection (LeaderElection.java:logAndReturn(56)) - bbaedea4-0636-4a28-8969-ceb75fc90963@group-6B08750156BF-LeaderElection12: Election TIMEOUT; received 0 response(s) [] and 0 exception(s); bbaedea4-0636-4a28-8969-ceb75fc90963@group-6B08750156BF:t6, leader=null, voted=bbaedea4-0636-4a28-8969-ceb75fc90963, raftlog=bbaedea4-0636-4a28-8969-ceb75fc90963@group-6B08750156BF-SegmentedRaftLog:OPENED:c-1,f-1,i0, conf=-1: [34a4ce68-6cfa-4f54-b3e2-98c3134e5ebf:192.168.34.43:41110, 85034473-de92-432d-987c-753934731faa:192.168.34.43:42807, bbaedea4-0636-4a28-8969-ceb75fc90963:192.168.34.43:39038], old=null
2019-10-16 07:48:45,910 [Thread-407] INFO  impl.RoleInfo (RoleInfo.java:updateAndGet(143)) - 3e390cd5-6e5f-4e4a-89b9-5d2d9c64b08e: start LeaderElection
2019-10-16 07:48:45,906 [0230c08e-48f1-4f17-bace-004fbc1b55c4@group-DE5B3FA1F64F-LeaderElection18] INFO  impl.LeaderElection (LeaderElection.java:logAndReturn(56)) - 0230c08e-48f1-4f17-bace-004fbc1b55c4@group-DE5B3FA1F64F-LeaderElection18: Election TIMEOUT; received 0 response(s) [] and 0 exception(s); 0230c08e-48f1-4f17-bace-004fbc1b55c4@group-DE5B3FA1F64F:t6, leader=null, voted=0230c08e-48f1-4f17-bace-004fbc1b55c4, raftlog=0230c08e-48f1-4f17-bace-004fbc1b55c4@group-DE5B3FA1F64F-SegmentedRaftLog:OPENED:c-1,f-1,i0, conf=-1: [eb54e0f1-19f2-4eeb-9522-1404b62d70c1:192.168.34.43:32785, b906d628-5b11-472e-bef9-55c10a56a009:192.168.34.43:38952, 0230c08e-48f1-4f17-bace-004fbc1b55c4:192.168.34.43:40481], old=null
2019-10-16 07:48:45,936 [00430a6c-148f-42d2-bd35-49b9937462c3@group-769B46396E91-LeaderElection19] INFO  impl.LeaderElection (LeaderElection.java:logAndReturn(56)) - 00430a6c-148f-42d2-bd35-49b9937462c3@group-769B46396E91-LeaderElection19: Election TIMEOUT; received 0 response(s) [] and 0 exception(s); 00430a6c-148f-42d2-bd35-49b9937462c3@group-769B46396E91:t1, leader=null, voted=00430a6c-148f-42d2-bd35-49b9937462c3, raftlog=00430a6c-148f-42d2-bd35-49b9937462c3@group-769B46396E91-SegmentedRaftLog:OPENED:c-1,f-1,i0, conf=-1: [00430a6c-148f-42d2-bd35-49b9937462c3:192.168.34.43:40986, 3e390cd5-6e5f-4e4a-89b9-5d2d9c64b08e:192.168.34.43:35883, 4ffee07d-169c-4709-8390-13e847b22477:192.168.34.43:45950], old=null
2019-10-16 07:48:45,948 [4ffee07d-169c-4709-8390-13e847b22477@group-769B46396E91-LeaderElection21] INFO  impl.LeaderElection (LeaderElection.java:logAndReturn(56)) - 4ffee07d-169c-4709-8390-13e847b22477@group-769B46396E91-LeaderElection21: Election TIMEOUT; received 0 response(s) [] and 0 exception(s); 4ffee07d-169c-4709-8390-13e847b22477@group-769B46396E91:t1, leader=null, voted=4ffee07d-169c-4709-8390-13e847b22477, raftlog=4ffee07d-169c-4709-8390-13e847b22477@group-769B46396E91-SegmentedRaftLog:OPENED:c-1,f-1,i0, conf=-1: [00430a6c-148f-42d2-bd35-49b9937462c3:192.168.34.43:40986, 3e390cd5-6e5f-4e4a-89b9-5d2d9c64b08e:192.168.34.43:35883, 4ffee07d-169c-4709-8390-13e847b22477:192.168.34.43:45950], old=null
2019-10-16 07:48:45,948 [34a4ce68-6cfa-4f54-b3e2-98c3134e5ebf@group-6B08750156BF-LeaderElection17] INFO  impl.LeaderElection (LeaderElection.java:askForVotes(178)) - 34a4ce68-6cfa-4f54-b3e2-98c3134e5ebf@group-6B08750156BF-LeaderElection17: begin an election at term 7 for -1: [34a4ce68-6cfa-4f54-b3e2-98c3134e5ebf:192.168.34.43:41110, 85034473-de92-432d-987c-753934731faa:192.168.34.43:42807, bbaedea4-0636-4a28-8969-ceb75fc90963:192.168.34.43:39038], old=null
2019-10-16 07:48:45,955 [34a4ce68-6cfa-4f54-b3e2-98c3134e5ebf@group-6B08750156BF-LeaderElection17] INFO  impl.LeaderElection (LeaderElection.java:logAndReturn(56)) - 34a4ce68-6cfa-4f54-b3e2-98c3134e5ebf@group-6B08750156BF-LeaderElection17: Election TIMEOUT; received 0 response(s) [] and 0 exception(s); 34a4ce68-6cfa-4f54-b3e2-98c3134e5ebf@group-6B08750156BF:t7, leader=null, voted=34a4ce68-6cfa-4f54-b3e2-98c3134e5ebf, raftlog=34a4ce68-6cfa-4f54-b3e2-98c3134e5ebf@group-6B08750156BF-SegmentedRaftLog:OPENED:c-1,f-1,i0, conf=-1: [34a4ce68-6cfa-4f54-b3e2-98c3134e5ebf:192.168.34.43:41110, 85034473-de92-432d-987c-753934731faa:192.168.34.43:42807, bbaedea4-0636-4a28-8969-ceb75fc90963:192.168.34.43:39038], old=null
2019-10-16 07:48:45,961 [0230c08e-48f1-4f17-bace-004fbc1b55c4@group-DE5B3FA1F64F-LeaderElection18] INFO  impl.LeaderElection (LeaderElection.java:askForVotes(178)) - 0230c08e-48f1-4f17-bace-004fbc1b55c4@group-DE5B3FA1F64F-LeaderElection18: begin an election at term 7 for -1: [eb54e0f1-19f2-4eeb-9522-1404b62d70c1:192.168.34.43:32785, b906d628-5b11-472e-bef9-55c10a56a009:192.168.34.43:38952, 0230c08e-48f1-4f17-bace-004fbc1b55c4:192.168.34.43:40481], old=null
2019-10-16 07:48:45,961 [bbaedea4-0636-4a28-8969-ceb75fc90963@group-6B08750156BF-LeaderElection12] INFO  impl.LeaderElection (LeaderElection.java:askForVotes(178)) - bbaedea4-0636-4a28-8969-ceb75fc90963@group-6B08750156BF-LeaderElection12: begin an election at term 7 for -1: [34a4ce68-6cfa-4f54-b3e2-98c3134e5ebf:192.168.34.43:41110, 85034473-de92-432d-987c-753934731faa:192.168.34.43:42807, bbaedea4-0636-4a28-8969-ceb75fc90963:192.168.34.43:39038], old=null
2019-10-16 07:48:45,961 [4ffee07d-169c-4709-8390-13e847b22477@group-769B46396E91-LeaderElection21] INFO  impl.LeaderElection (LeaderElection.java:askForVotes(178)) - 4ffee07d-169c-4709-8390-13e847b22477@group-769B46396E91-LeaderElection21: begin an election at term 2 for -1: [00430a6c-148f-42d2-bd35-49b9937462c3:192.168.34.43:40986, 3e390cd5-6e5f-4e4a-89b9-5d2d9c64b08e:192.168.34.43:35883, 4ffee07d-169c-4709-8390-13e847b22477:192.168.34.43:45950], old=null
2019-10-16 07:48:45,961 [3e390cd5-6e5f-4e4a-89b9-5d2d9c64b08e@group-769B46396E91-LeaderElection22] INFO  impl.LeaderElection (LeaderElection.java:askForVotes(178)) - 3e390cd5-6e5f-4e4a-89b9-5d2d9c64b08e@group-769B46396E91-LeaderElection22: begin an election at term 1 for -1: [00430a6c-148f-42d2-bd35-49b9937462c3:192.168.34.43:40986, 3e390cd5-6e5f-4e4a-89b9-5d2d9c64b08e:192.168.34.43:35883, 4ffee07d-169c-4709-8390-13e847b22477:192.168.34.43:45950], old=null
2019-10-16 07:48:45,961 [00430a6c-148f-42d2-bd35-49b9937462c3@group-769B46396E91-LeaderElection19] INFO  impl.LeaderElection (LeaderElection.java:askForVotes(178)) - 00430a6c-148f-42d2-bd35-49b9937462c3@group-769B46396E91-LeaderElection19: begin an election at term 2 for -1: [00430a6c-148f-42d2-bd35-49b9937462c3:192.168.34.43:40986, 3e390cd5-6e5f-4e4a-89b9-5d2d9c64b08e:192.168.34.43:35883, 4ffee07d-169c-4709-8390-13e847b22477:192.168.34.43:45950], old=null
2019-10-16 07:48:45,980 [grpc-default-executor-4] INFO  impl.RaftServerImpl (RaftServerImpl.java:setRole(184)) - 85034473-de92-432d-987c-753934731faa@group-6B08750156BF: changes role from  FOLLOWER to FOLLOWER at term 6 for recognizeCandidate:bbaedea4-0636-4a28-8969-ceb75fc90963
2019-10-16 07:48:45,980 [grpc-default-executor-4] INFO  impl.RoleInfo (RoleInfo.java:shutdownFollowerState(121)) - 85034473-de92-432d-987c-753934731faa: shutdown FollowerState
2019-10-16 07:48:45,981 [Thread-439] INFO  impl.FollowerState (FollowerState.java:run(117)) - 85034473-de92-432d-987c-753934731faa@group-6B08750156BF-FollowerState was interrupted: java.lang.InterruptedException: sleep interrupted
2019-10-16 07:48:45,993 [34a4ce68-6cfa-4f54-b3e2-98c3134e5ebf@group-6B08750156BF-LeaderElection17] INFO  impl.LeaderElection (LeaderElection.java:askForVotes(178)) - 34a4ce68-6cfa-4f54-b3e2-98c3134e5ebf@group-6B08750156BF-LeaderElection17: begin an election at term 8 for -1: [34a4ce68-6cfa-4f54-b3e2-98c3134e5ebf:192.168.34.43:41110, 85034473-de92-432d-987c-753934731faa:192.168.34.43:42807, bbaedea4-0636-4a28-8969-ceb75fc90963:192.168.34.43:39038], old=null
2019-10-16 07:48:45,985 [main] INFO  rpc.RpcClient (RpcClient.java:createVolume(272)) - Creating Volume: 9c189c59-48fe-4872-8dbb-112a103c4d24, with jenkins1000 as owner.
2019-10-16 07:48:46,002 [grpc-default-executor-4] INFO  impl.RoleInfo (RoleInfo.java:updateAndGet(143)) - 85034473-de92-432d-987c-753934731faa: start FollowerState
2019-10-16 07:48:46,011 [grpc-default-executor-8] INFO  impl.RaftServerImpl (RaftServerImpl.java:setRole(184)) - 85034473-de92-432d-987c-753934731faa@group-6B08750156BF: changes role from  FOLLOWER to FOLLOWER at term 7 for recognizeCandidate:34a4ce68-6cfa-4f54-b3e2-98c3134e5ebf
2019-10-16 07:48:46,011 [grpc-default-executor-8] INFO  impl.RoleInfo (RoleInfo.java:shutdownFollowerState(121)) - 85034473-de92-432d-987c-753934731faa: shutdown FollowerState
2019-10-16 07:48:46,028 [4ffee07d-169c-4709-8390-13e847b22477@group-769B46396E91-LeaderElection21] INFO  impl.LeaderElection (LeaderElection.java:logAndReturn(56)) - 4ffee07d-169c-4709-8390-13e847b22477@group-769B46396E91-LeaderElection21: Election TIMEOUT; received 0 response(s) [] and 0 exception(s); 4ffee07d-169c-4709-8390-13e847b22477@group-769B46396E91:t2, leader=null, voted=4ffee07d-169c-4709-8390-13e847b22477, raftlog=4ffee07d-169c-4709-8390-13e847b22477@group-769B46396E91-SegmentedRaftLog:OPENED:c-1,f-1,i0, conf=-1: [00430a6c-148f-42d2-bd35-49b9937462c3:192.168.34.43:40986, 3e390cd5-6e5f-4e4a-89b9-5d2d9c64b08e:192.168.34.43:35883, 4ffee07d-169c-4709-8390-13e847b22477:192.168.34.43:45950], old=null
2019-10-16 07:48:46,032 [grpc-default-executor-8] INFO  impl.RoleInfo (RoleInfo.java:updateAndGet(143)) - 85034473-de92-432d-987c-753934731faa: start FollowerState
2019-10-16 07:48:46,032 [Thread-458] INFO  impl.FollowerState (FollowerState.java:run(117)) - 85034473-de92-432d-987c-753934731faa@group-6B08750156BF-FollowerState was interrupted: java.lang.InterruptedException: sleep interrupted
2019-10-16 07:48:46,042 [0230c08e-48f1-4f17-bace-004fbc1b55c4@group-DE5B3FA1F64F-LeaderElection18] INFO  impl.LeaderElection (LeaderElection.java:logAndReturn(56)) - 0230c08e-48f1-4f17-bace-004fbc1b55c4@group-DE5B3FA1F64F-LeaderElection18: Election TIMEOUT; received 0 response(s) [] and 0 exception(s); 0230c08e-48f1-4f17-bace-004fbc1b55c4@group-DE5B3FA1F64F:t7, leader=null, voted=0230c08e-48f1-4f17-bace-004fbc1b55c4, raftlog=0230c08e-48f1-4f17-bace-004fbc1b55c4@group-DE5B3FA1F64F-SegmentedRaftLog:OPENED:c-1,f-1,i0, conf=-1: [eb54e0f1-19f2-4eeb-9522-1404b62d70c1:192.168.34.43:32785, b906d628-5b11-472e-bef9-55c10a56a009:192.168.34.43:38952, 0230c08e-48f1-4f17-bace-004fbc1b55c4:192.168.34.43:40481], old=null
2019-10-16 07:48:46,050 [4ffee07d-169c-4709-8390-13e847b22477@group-769B46396E91-LeaderElection21] INFO  impl.LeaderElection (LeaderElection.java:askForVotes(178)) - 4ffee07d-169c-4709-8390-13e847b22477@group-769B46396E91-LeaderElection21: begin an election at term 3 for -1: [00430a6c-148f-42d2-bd35-49b9937462c3:192.168.34.43:40986, 3e390cd5-6e5f-4e4a-89b9-5d2d9c64b08e:192.168.34.43:35883, 4ffee07d-169c-4709-8390-13e847b22477:192.168.34.43:45950], old=null
2019-10-16 07:48:46,053 [3e390cd5-6e5f-4e4a-89b9-5d2d9c64b08e@group-769B46396E91-LeaderElection22] INFO  impl.LeaderElection (LeaderElection.java:logAndReturn(56)) - 3e390cd5-6e5f-4e4a-89b9-5d2d9c64b08e@group-769B46396E91-LeaderElection22: Election TIMEOUT; received 0 response(s) [] and 0 exception(s); 3e390cd5-6e5f-4e4a-89b9-5d2d9c64b08e@group-769B46396E91:t1, leader=null, voted=3e390cd5-6e5f-4e4a-89b9-5d2d9c64b08e, raftlog=3e390cd5-6e5f-4e4a-89b9-5d2d9c64b08e@group-769B46396E91-SegmentedRaftLog:OPENED:c-1,f-1,i0, conf=-1: [00430a6c-148f-42d2-bd35-49b9937462c3:192.168.34.43:40986, 3e390cd5-6e5f-4e4a-89b9-5d2d9c64b08e:192.168.34.43:35883, 4ffee07d-169c-4709-8390-13e847b22477:192.168.34.43:45950], old=null
2019-10-16 07:48:46,063 [grpc-default-executor-4] INFO  impl.RaftServerImpl (RaftServerImpl.java:setRole(184)) - 85034473-de92-432d-987c-753934731faa@group-6B08750156BF: changes role from  FOLLOWER to FOLLOWER at term 7 for recognizeCandidate:bbaedea4-0636-4a28-8969-ceb75fc90963
2019-10-16 07:48:46,063 [grpc-default-executor-4] INFO  impl.RoleInfo (RoleInfo.java:shutdownFollowerState(121)) - 85034473-de92-432d-987c-753934731faa: shutdown FollowerState
2019-10-16 07:48:46,063 [grpc-default-executor-4] INFO  impl.RoleInfo (RoleInfo.java:updateAndGet(143)) - 85034473-de92-432d-987c-753934731faa: start FollowerState
2019-10-16 07:48:46,063 [Thread-461] INFO  impl.FollowerState (FollowerState.java:run(117)) - 85034473-de92-432d-987c-753934731faa@group-6B08750156BF-FollowerState was interrupted: java.lang.InterruptedException: sleep interrupted
2019-10-16 07:48:46,065 [grpc-default-executor-7] INFO  impl.RaftServerImpl (RaftServerImpl.java:setRole(184)) - 85034473-de92-432d-987c-753934731faa@group-6B08750156BF: changes role from  FOLLOWER to FOLLOWER at term 8 for recognizeCandidate:34a4ce68-6cfa-4f54-b3e2-98c3134e5ebf
2019-10-16 07:48:46,067 [00430a6c-148f-42d2-bd35-49b9937462c3@group-769B46396E91-LeaderElection19] INFO  impl.LeaderElection (LeaderElection.java:logAndReturn(56)) - 00430a6c-148f-42d2-bd35-49b9937462c3@group-769B46396E91-LeaderElection19: Election DISCOVERED_A_NEW_TERM; received 1 response(s) [00430a6c-148f-42d2-bd35-49b9937462c3<-4ffee07d-169c-4709-8390-13e847b22477#0:FAIL-t3] and 0 exception(s); 00430a6c-148f-42d2-bd35-49b9937462c3@group-769B46396E91:t2, leader=null, voted=00430a6c-148f-42d2-bd35-49b9937462c3, raftlog=00430a6c-148f-42d2-bd35-49b9937462c3@group-769B46396E91-SegmentedRaftLog:OPENED:c-1,f-1,i0, conf=-1: [00430a6c-148f-42d2-bd35-49b9937462c3:192.168.34.43:40986, 3e390cd5-6e5f-4e4a-89b9-5d2d9c64b08e:192.168.34.43:35883, 4ffee07d-169c-4709-8390-13e847b22477:192.168.34.43:45950], old=null
2019-10-16 07:48:46,067 [grpc-default-executor-7] INFO  impl.RoleInfo (RoleInfo.java:shutdownFollowerState(121)) - 85034473-de92-432d-987c-753934731faa: shutdown FollowerState
2019-10-16 07:48:46,068 [00430a6c-148f-42d2-bd35-49b9937462c3@group-769B46396E91-LeaderElection19] INFO  impl.RaftServerImpl (RaftServerImpl.java:setRole(184)) - 00430a6c-148f-42d2-bd35-49b9937462c3@group-769B46396E91: changes role from CANDIDATE to FOLLOWER at term 3 for DISCOVERED_A_NEW_TERM
2019-10-16 07:48:46,088 [Thread-464] INFO  impl.FollowerState (FollowerState.java:run(117)) - 85034473-de92-432d-987c-753934731faa@group-6B08750156BF-FollowerState was interrupted: java.lang.InterruptedException: sleep interrupted
2019-10-16 07:48:46,076 [3e390cd5-6e5f-4e4a-89b9-5d2d9c64b08e@group-769B46396E91-LeaderElection22] INFO  impl.LeaderElection (LeaderElection.java:askForVotes(178)) - 3e390cd5-6e5f-4e4a-89b9-5d2d9c64b08e@group-769B46396E91-LeaderElection22: begin an election at term 2 for -1: [00430a6c-148f-42d2-bd35-49b9937462c3:192.168.34.43:40986, 3e390cd5-6e5f-4e4a-89b9-5d2d9c64b08e:192.168.34.43:35883, 4ffee07d-169c-4709-8390-13e847b22477:192.168.34.43:45950], old=null
2019-10-16 07:48:46,076 [0230c08e-48f1-4f17-bace-004fbc1b55c4@group-DE5B3FA1F64F-LeaderElection18] INFO  impl.LeaderElection (LeaderElection.java:askForVotes(178)) - 0230c08e-48f1-4f17-bace-004fbc1b55c4@group-DE5B3FA1F64F-LeaderElection18: begin an election at term 8 for -1: [eb54e0f1-19f2-4eeb-9522-1404b62d70c1:192.168.34.43:32785, b906d628-5b11-472e-bef9-55c10a56a009:192.168.34.43:38952, 0230c08e-48f1-4f17-bace-004fbc1b55c4:192.168.34.43:40481], old=null
2019-10-16 07:48:46,088 [grpc-default-executor-7] INFO  impl.RoleInfo (RoleInfo.java:updateAndGet(143)) - 85034473-de92-432d-987c-753934731faa: start FollowerState
2019-10-16 07:48:46,088 [00430a6c-148f-42d2-bd35-49b9937462c3@group-769B46396E91-LeaderElection19] INFO  impl.RoleInfo (RoleInfo.java:shutdownLeaderElection(134)) - 00430a6c-148f-42d2-bd35-49b9937462c3: shutdown LeaderElection
2019-10-16 07:48:46,091 [00430a6c-148f-42d2-bd35-49b9937462c3@group-769B46396E91-LeaderElection19] INFO  impl.RoleInfo (RoleInfo.java:updateAndGet(143)) - 00430a6c-148f-42d2-bd35-49b9937462c3: start FollowerState
2019-10-16 07:48:46,093 [3e390cd5-6e5f-4e4a-89b9-5d2d9c64b08e@group-769B46396E91-LeaderElection22] INFO  impl.LeaderElection (LeaderElection.java:logAndReturn(56)) - 3e390cd5-6e5f-4e4a-89b9-5d2d9c64b08e@group-769B46396E91-LeaderElection22: Election TIMEOUT; received 0 response(s) [] and 0 exception(s); 3e390cd5-6e5f-4e4a-89b9-5d2d9c64b08e@group-769B46396E91:t2, leader=null, voted=3e390cd5-6e5f-4e4a-89b9-5d2d9c64b08e, raftlog=3e390cd5-6e5f-4e4a-89b9-5d2d9c64b08e@group-769B46396E91-SegmentedRaftLog:OPENED:c-1,f-1,i0, conf=-1: [00430a6c-148f-42d2-bd35-49b9937462c3:192.168.34.43:40986, 3e390cd5-6e5f-4e4a-89b9-5d2d9c64b08e:192.168.34.43:35883, 4ffee07d-169c-4709-8390-13e847b22477:192.168.34.43:45950], old=null
2019-10-16 07:48:46,095 [bbaedea4-0636-4a28-8969-ceb75fc90963@group-6B08750156BF-LeaderElection12] INFO  impl.LeaderElection (LeaderElection.java:logAndReturn(56)) - bbaedea4-0636-4a28-8969-ceb75fc90963@group-6B08750156BF-LeaderElection12: Election TIMEOUT; received 0 response(s) [] and 0 exception(s); bbaedea4-0636-4a28-8969-ceb75fc90963@group-6B08750156BF:t7, leader=null, voted=bbaedea4-0636-4a28-8969-ceb75fc90963, raftlog=bbaedea4-0636-4a28-8969-ceb75fc90963@group-6B08750156BF-SegmentedRaftLog:OPENED:c-1,f-1,i0, conf=-1: [34a4ce68-6cfa-4f54-b3e2-98c3134e5ebf:192.168.34.43:41110, 85034473-de92-432d-987c-753934731faa:192.168.34.43:42807, bbaedea4-0636-4a28-8969-ceb75fc90963:192.168.34.43:39038], old=null
2019-10-16 07:48:46,110 [eb54e0f1-19f2-4eeb-9522-1404b62d70c1@group-DE5B3FA1F64F-LeaderElection20] INFO  impl.LeaderElection (LeaderElection.java:logAndReturn(56)) - eb54e0f1-19f2-4eeb-9522-1404b62d70c1@group-DE5B3FA1F64F-LeaderElection20: Election TIMEOUT; received 0 response(s) [] and 0 exception(s); eb54e0f1-19f2-4eeb-9522-1404b62d70c1@group-DE5B3FA1F64F:t7, leader=null, voted=eb54e0f1-19f2-4eeb-9522-1404b62d70c1, raftlog=eb54e0f1-19f2-4eeb-9522-1404b62d70c1@group-DE5B3FA1F64F-SegmentedRaftLog:OPENED:c-1,f-1,i0, conf=-1: [eb54e0f1-19f2-4eeb-9522-1404b62d70c1:192.168.34.43:32785, b906d628-5b11-472e-bef9-55c10a56a009:192.168.34.43:38952, 0230c08e-48f1-4f17-bace-004fbc1b55c4:192.168.34.43:40481], old=null
2019-10-16 07:48:46,110 [34a4ce68-6cfa-4f54-b3e2-98c3134e5ebf@group-6B08750156BF-LeaderElection17] INFO  impl.LeaderElection (LeaderElection.java:logAndReturn(56)) - 34a4ce68-6cfa-4f54-b3e2-98c3134e5ebf@group-6B08750156BF-LeaderElection17: Election TIMEOUT; received 0 response(s) [] and 0 exception(s); 34a4ce68-6cfa-4f54-b3e2-98c3134e5ebf@group-6B08750156BF:t8, leader=null, voted=34a4ce68-6cfa-4f54-b3e2-98c3134e5ebf, raftlog=34a4ce68-6cfa-4f54-b3e2-98c3134e5ebf@group-6B08750156BF-SegmentedRaftLog:OPENED:c-1,f-1,i0, conf=-1: [34a4ce68-6cfa-4f54-b3e2-98c3134e5ebf:192.168.34.43:41110, 85034473-de92-432d-987c-753934731faa:192.168.34.43:42807, bbaedea4-0636-4a28-8969-ceb75fc90963:192.168.34.43:39038], old=null
2019-10-16 07:48:46,118 [grpc-default-executor-8] INFO  impl.RaftServerImpl (RaftServerImpl.java:setRole(184)) - 00430a6c-148f-42d2-bd35-49b9937462c3@group-769B46396E91: changes role from  FOLLOWER to FOLLOWER at term 3 for recognizeCandidate:4ffee07d-169c-4709-8390-13e847b22477
2019-10-16 07:48:46,131 [4ffee07d-169c-4709-8390-13e847b22477@group-769B46396E91-LeaderElection21] INFO  impl.LeaderElection (LeaderElection.java:logAndReturn(56)) - 4ffee07d-169c-4709-8390-13e847b22477@group-769B46396E91-LeaderElection21: Election TIMEOUT; received 0 response(s) [] and 0 exception(s); 4ffee07d-169c-4709-8390-13e847b22477@group-769B46396E91:t3, leader=null, voted=4ffee07d-169c-4709-8390-13e847b22477, raftlog=4ffee07d-169c-4709-8390-13e847b22477@group-769B46396E91-SegmentedRaftLog:OPENED:c-1,f-1,i0, conf=-1: [00430a6c-148f-42d2-bd35-49b9937462c3:192.168.34.43:40986, 3e390cd5-6e5f-4e4a-89b9-5d2d9c64b08e:192.168.34.43:35883, 4ffee07d-169c-4709-8390-13e847b22477:192.168.34.43:45950], old=null
2019-10-16 07:48:46,146 [grpc-default-executor-8] INFO  impl.RoleInfo (RoleInfo.java:shutdownFollowerState(121)) - 00430a6c-148f-42d2-bd35-49b9937462c3: shutdown FollowerState
2019-10-16 07:48:46,129 [34a4ce68-6cfa-4f54-b3e2-98c3134e5ebf@group-6B08750156BF-LeaderElection17] INFO  impl.LeaderElection (LeaderElection.java:askForVotes(178)) - 34a4ce68-6cfa-4f54-b3e2-98c3134e5ebf@group-6B08750156BF-LeaderElection17: begin an election at term 9 for -1: [34a4ce68-6cfa-4f54-b3e2-98c3134e5ebf:192.168.34.43:41110, 85034473-de92-432d-987c-753934731faa:192.168.34.43:42807, bbaedea4-0636-4a28-8969-ceb75fc90963:192.168.34.43:39038], old=null
2019-10-16 07:48:46,152 [grpc-default-executor-8] INFO  impl.RoleInfo (RoleInfo.java:updateAndGet(143)) - 00430a6c-148f-42d2-bd35-49b9937462c3: start FollowerState
2019-10-16 07:48:46,129 [3e390cd5-6e5f-4e4a-89b9-5d2d9c64b08e@group-769B46396E91-LeaderElection22] INFO  impl.LeaderElection (LeaderElection.java:askForVotes(178)) - 3e390cd5-6e5f-4e4a-89b9-5d2d9c64b08e@group-769B46396E91-LeaderElection22: begin an election at term 3 for -1: [00430a6c-148f-42d2-bd35-49b9937462c3:192.168.34.43:40986, 3e390cd5-6e5f-4e4a-89b9-5d2d9c64b08e:192.168.34.43:35883, 4ffee07d-169c-4709-8390-13e847b22477:192.168.34.43:45950], old=null
2019-10-16 07:48:46,129 [bbaedea4-0636-4a28-8969-ceb75fc90963@group-6B08750156BF-LeaderElection12] INFO  impl.LeaderElection (LeaderElection.java:askForVotes(178)) - bbaedea4-0636-4a28-8969-ceb75fc90963@group-6B08750156BF-LeaderElection12: begin an election at term 8 for -1: [34a4ce68-6cfa-4f54-b3e2-98c3134e5ebf:192.168.34.43:41110, 85034473-de92-432d-987c-753934731faa:192.168.34.43:42807, bbaedea4-0636-4a28-8969-ceb75fc90963:192.168.34.43:39038], old=null
2019-10-16 07:48:46,129 [eb54e0f1-19f2-4eeb-9522-1404b62d70c1@group-DE5B3FA1F64F-LeaderElection20] INFO  impl.LeaderElection (LeaderElection.java:askForVotes(178)) - eb54e0f1-19f2-4eeb-9522-1404b62d70c1@group-DE5B3FA1F64F-LeaderElection20: begin an election at term 8 for -1: [eb54e0f1-19f2-4eeb-9522-1404b62d70c1:192.168.34.43:32785, b906d628-5b11-472e-bef9-55c10a56a009:192.168.34.43:38952, 0230c08e-48f1-4f17-bace-004fbc1b55c4:192.168.34.43:40481], old=null
2019-10-16 07:48:46,125 [IPC Server handler 18 on 32823] INFO  volume.OMVolumeCreateRequest (OMVolumeCreateRequest.java:validateAndUpdateCache(193)) - created volume:9c189c59-48fe-4872-8dbb-112a103c4d24 for user:jenkins1000
2019-10-16 07:48:46,160 [bbaedea4-0636-4a28-8969-ceb75fc90963@group-6B08750156BF-LeaderElection12] INFO  impl.LeaderElection (LeaderElection.java:logAndReturn(56)) - bbaedea4-0636-4a28-8969-ceb75fc90963@group-6B08750156BF-LeaderElection12: Election TIMEOUT; received 0 response(s) [] and 0 exception(s); bbaedea4-0636-4a28-8969-ceb75fc90963@group-6B08750156BF:t8, leader=null, voted=bbaedea4-0636-4a28-8969-ceb75fc90963, raftlog=bbaedea4-0636-4a28-8969-ceb75fc90963@group-6B08750156BF-SegmentedRaftLog:OPENED:c-1,f-1,i0, conf=-1: [34a4ce68-6cfa-4f54-b3e2-98c3134e5ebf:192.168.34.43:41110, 85034473-de92-432d-987c-753934731faa:192.168.34.43:42807, bbaedea4-0636-4a28-8969-ceb75fc90963:192.168.34.43:39038], old=null
2019-10-16 07:48:46,166 [3e390cd5-6e5f-4e4a-89b9-5d2d9c64b08e@group-769B46396E91-LeaderElection22] INFO  impl.LeaderElection (LeaderElection.java:logAndReturn(56)) - 3e390cd5-6e5f-4e4a-89b9-5d2d9c64b08e@group-769B46396E91-LeaderElection22: Election TIMEOUT; received 0 response(s) [] and 0 exception(s); 3e390cd5-6e5f-4e4a-89b9-5d2d9c64b08e@group-769B46396E91:t3, leader=null, voted=3e390cd5-6e5f-4e4a-89b9-5d2d9c64b08e, raftlog=3e390cd5-6e5f-4e4a-89b9-5d2d9c64b08e@group-769B46396E91-SegmentedRaftLog:OPENED:c-1,f-1,i0, conf=-1: [00430a6c-148f-42d2-bd35-49b9937462c3:192.168.34.43:40986, 3e390cd5-6e5f-4e4a-89b9-5d2d9c64b08e:192.168.34.43:35883, 4ffee07d-169c-4709-8390-13e847b22477:192.168.34.43:45950], old=null
2019-10-16 07:48:46,166 [bbaedea4-0636-4a28-8969-ceb75fc90963@group-6B08750156BF-LeaderElection12] INFO  impl.LeaderElection (LeaderElection.java:askForVotes(178)) - bbaedea4-0636-4a28-8969-ceb75fc90963@group-6B08750156BF-LeaderElection12: begin an election at term 9 for -1: [34a4ce68-6cfa-4f54-b3e2-98c3134e5ebf:192.168.34.43:41110, 85034473-de92-432d-987c-753934731faa:192.168.34.43:42807, bbaedea4-0636-4a28-8969-ceb75fc90963:192.168.34.43:39038], old=null
2019-10-16 07:48:46,166 [4ffee07d-169c-4709-8390-13e847b22477@group-769B46396E91-LeaderElection21] INFO  impl.LeaderElection (LeaderElection.java:askForVotes(178)) - 4ffee07d-169c-4709-8390-13e847b22477@group-769B46396E91-LeaderElection21: begin an election at term 4 for -1: [00430a6c-148f-42d2-bd35-49b9937462c3:192.168.34.43:40986, 3e390cd5-6e5f-4e4a-89b9-5d2d9c64b08e:192.168.34.43:35883, 4ffee07d-169c-4709-8390-13e847b22477:192.168.34.43:45950], old=null
2019-10-16 07:48:46,186 [Thread-471] INFO  impl.FollowerState (FollowerState.java:run(108)) - 00430a6c-148f-42d2-bd35-49b9937462c3@group-769B46396E91-FollowerState: change to CANDIDATE, lastRpcTime:33ms, electionTimeout:33ms
2019-10-16 07:48:46,186 [Thread-471] INFO  impl.RoleInfo (RoleInfo.java:shutdownFollowerState(121)) - 00430a6c-148f-42d2-bd35-49b9937462c3: shutdown FollowerState
2019-10-16 07:48:46,186 [Thread-471] INFO  impl.RaftServerImpl (RaftServerImpl.java:setRole(184)) - 00430a6c-148f-42d2-bd35-49b9937462c3@group-769B46396E91: changes role from  FOLLOWER to CANDIDATE at term 3 for changeToCandidate
2019-10-16 07:48:46,186 [Thread-471] INFO  impl.RoleInfo (RoleInfo.java:updateAndGet(143)) - 00430a6c-148f-42d2-bd35-49b9937462c3: start LeaderElection
2019-10-16 07:48:46,186 [grpc-default-executor-11] INFO  impl.RaftServerImpl (RaftServerImpl.java:setRole(184)) - 85034473-de92-432d-987c-753934731faa@group-6B08750156BF: changes role from  FOLLOWER to FOLLOWER at term 9 for recognizeCandidate:34a4ce68-6cfa-4f54-b3e2-98c3134e5ebf
2019-10-16 07:48:46,193 [3e390cd5-6e5f-4e4a-89b9-5d2d9c64b08e@group-769B46396E91-LeaderElection22] INFO  impl.LeaderElection (LeaderElection.java:askForVotes(178)) - 3e390cd5-6e5f-4e4a-89b9-5d2d9c64b08e@group-769B46396E91-LeaderElection22: begin an election at term 4 for -1: [00430a6c-148f-42d2-bd35-49b9937462c3:192.168.34.43:40986, 3e390cd5-6e5f-4e4a-89b9-5d2d9c64b08e:192.168.34.43:35883, 4ffee07d-169c-4709-8390-13e847b22477:192.168.34.43:45950], old=null
2019-10-16 07:48:46,193 [grpc-default-executor-11] INFO  impl.RoleInfo (RoleInfo.java:shutdownFollowerState(121)) - 85034473-de92-432d-987c-753934731faa: shutdown FollowerState
2019-10-16 07:48:46,193 [Thread-465] INFO  impl.FollowerState (FollowerState.java:run(117)) - 85034473-de92-432d-987c-753934731faa@group-6B08750156BF-FollowerState was interrupted: java.lang.InterruptedException: sleep interrupted
2019-10-16 07:48:46,193 [grpc-default-executor-11] INFO  impl.RoleInfo (RoleInfo.java:updateAndGet(143)) - 85034473-de92-432d-987c-753934731faa: start FollowerState
2019-10-16 07:48:46,202 [00430a6c-148f-42d2-bd35-49b9937462c3@group-769B46396E91-LeaderElection23] INFO  impl.LeaderElection (LeaderElection.java:askForVotes(178)) - 00430a6c-148f-42d2-bd35-49b9937462c3@group-769B46396E91-LeaderElection23: begin an election at term 4 for -1: [00430a6c-148f-42d2-bd35-49b9937462c3:192.168.34.43:40986, 3e390cd5-6e5f-4e4a-89b9-5d2d9c64b08e:192.168.34.43:35883, 4ffee07d-169c-4709-8390-13e847b22477:192.168.34.43:45950], old=null
2019-10-16 07:48:46,204 [Timer for 'StorageContainerManager' metrics system] INFO  lib.Interns (Interns.java:removeEldestEntry(50)) - Metrics intern cache overflow at 2011 for MetricsSystem={MetricsSystem=MetricsInfoImpl{name=MetricsSystem, description=MetricsSystem}, MetricsSystem record=MetricsInfoImpl{name=MetricsSystem, description=MetricsSystem record}}
2019-10-16 07:48:46,214 [main] INFO  rpc.RpcClient (RpcClient.java:createBucket(411)) - Creating Bucket: 9c189c59-48fe-4872-8dbb-112a103c4d24/1f0efd32-4ffb-413a-aaee-c42e6f1d0345, with Versioning false and Storage Type set to DISK and Encryption set to false 
2019-10-16 07:48:46,216 [b906d628-5b11-472e-bef9-55c10a56a009@group-DE5B3FA1F64F-LeaderElection13] INFO  server.RaftServerConfigKeys (ConfUtils.java:logGet(43)) - raft.server.log.appender.snapshot.chunk.size.max = 16MB (=16777216) (default)
2019-10-16 07:48:46,217 [b906d628-5b11-472e-bef9-55c10a56a009@group-DE5B3FA1F64F-LeaderElection13] INFO  server.RaftServerConfigKeys (ConfUtils.java:logGet(43)) - raft.server.log.appender.buffer.byte-limit = 33554432 (custom)
2019-10-16 07:48:46,217 [b906d628-5b11-472e-bef9-55c10a56a009@group-DE5B3FA1F64F-LeaderElection13] INFO  server.RaftServerConfigKeys (ConfUtils.java:logGet(43)) - raft.server.log.appender.buffer.element-limit = 1 (custom)
2019-10-16 07:48:46,217 [b906d628-5b11-472e-bef9-55c10a56a009@group-DE5B3FA1F64F-LeaderElection13] INFO  grpc.GrpcConfigKeys$Server (ConfUtils.java:logGet(43)) - raft.grpc.server.leader.outstanding.appends.max = 128 (default)
2019-10-16 07:48:46,219 [b906d628-5b11-472e-bef9-55c10a56a009@group-DE5B3FA1F64F-LeaderElection13] INFO  server.RaftServerConfigKeys (ConfUtils.java:logGet(43)) - raft.server.rpc.request.timeout = 3000ms (default)
2019-10-16 07:48:46,219 [b906d628-5b11-472e-bef9-55c10a56a009@group-DE5B3FA1F64F-LeaderElection13] INFO  server.RaftServerConfigKeys (ConfUtils.java:logGet(43)) - raft.server.log.appender.install.snapshot.enabled = false (custom)
2019-10-16 07:48:46,220 [grpc-default-executor-4] INFO  impl.RaftServerImpl (RaftServerImpl.java:setRole(184)) - 85034473-de92-432d-987c-753934731faa@group-6B08750156BF: changes role from  FOLLOWER to FOLLOWER at term 9 for recognizeCandidate:bbaedea4-0636-4a28-8969-ceb75fc90963
2019-10-16 07:48:46,220 [grpc-default-executor-4] INFO  impl.RoleInfo (RoleInfo.java:shutdownFollowerState(121)) - 85034473-de92-432d-987c-753934731faa: shutdown FollowerState
2019-10-16 07:48:46,220 [grpc-default-executor-4] INFO  impl.RoleInfo (RoleInfo.java:updateAndGet(143)) - 85034473-de92-432d-987c-753934731faa: start FollowerState
2019-10-16 07:48:46,220 [Thread-485] INFO  impl.FollowerState (FollowerState.java:run(117)) - 85034473-de92-432d-987c-753934731faa@group-6B08750156BF-FollowerState was interrupted: java.lang.InterruptedException: sleep interrupted
2019-10-16 07:48:46,220 [b906d628-5b11-472e-bef9-55c10a56a009@group-DE5B3FA1F64F-LeaderElection13] INFO  server.RaftServerConfigKeys (ConfUtils.java:logGet(43)) - raft.server.log.appender.snapshot.chunk.size.max = 16MB (=16777216) (default)
2019-10-16 07:48:46,221 [b906d628-5b11-472e-bef9-55c10a56a009@group-DE5B3FA1F64F-LeaderElection13] INFO  server.RaftServerConfigKeys (ConfUtils.java:logGet(43)) - raft.server.log.appender.buffer.byte-limit = 33554432 (custom)
2019-10-16 07:48:46,221 [b906d628-5b11-472e-bef9-55c10a56a009@group-DE5B3FA1F64F-LeaderElection13] INFO  server.RaftServerConfigKeys (ConfUtils.java:logGet(43)) - raft.server.log.appender.buffer.element-limit = 1 (custom)
2019-10-16 07:48:46,221 [b906d628-5b11-472e-bef9-55c10a56a009@group-DE5B3FA1F64F-LeaderElection13] INFO  grpc.GrpcConfigKeys$Server (ConfUtils.java:logGet(43)) - raft.grpc.server.leader.outstanding.appends.max = 128 (default)
2019-10-16 07:48:46,221 [b906d628-5b11-472e-bef9-55c10a56a009@group-DE5B3FA1F64F-LeaderElection13] INFO  server.RaftServerConfigKeys (ConfUtils.java:logGet(43)) - raft.server.rpc.request.timeout = 3000ms (default)
2019-10-16 07:48:46,221 [b906d628-5b11-472e-bef9-55c10a56a009@group-DE5B3FA1F64F-LeaderElection13] INFO  server.RaftServerConfigKeys (ConfUtils.java:logGet(43)) - raft.server.log.appender.install.snapshot.enabled = false (custom)
2019-10-16 07:48:46,224 [4ffee07d-169c-4709-8390-13e847b22477@group-769B46396E91-LeaderElection21] INFO  impl.LeaderElection (LeaderElection.java:logAndReturn(56)) - 4ffee07d-169c-4709-8390-13e847b22477@group-769B46396E91-LeaderElection21: Election REJECTED; received 2 response(s) [4ffee07d-169c-4709-8390-13e847b22477<-00430a6c-148f-42d2-bd35-49b9937462c3#0:FAIL-t4, 4ffee07d-169c-4709-8390-13e847b22477<-3e390cd5-6e5f-4e4a-89b9-5d2d9c64b08e#0:FAIL-t4] and 0 exception(s); 4ffee07d-169c-4709-8390-13e847b22477@group-769B46396E91:t4, leader=null, voted=4ffee07d-169c-4709-8390-13e847b22477, raftlog=4ffee07d-169c-4709-8390-13e847b22477@group-769B46396E91-SegmentedRaftLog:OPENED:c-1,f-1,i0, conf=-1: [00430a6c-148f-42d2-bd35-49b9937462c3:192.168.34.43:40986, 3e390cd5-6e5f-4e4a-89b9-5d2d9c64b08e:192.168.34.43:35883, 4ffee07d-169c-4709-8390-13e847b22477:192.168.34.43:45950], old=null
2019-10-16 07:48:46,224 [RatisPipelineUtilsThread] INFO  pipeline.PipelineStateManager (PipelineStateManager.java:addPipeline(56)) - Created pipeline Pipeline[ Id: a36ce8dd-a38e-43b7-9466-769b46396e91, Nodes: 3e390cd5-6e5f-4e4a-89b9-5d2d9c64b08e{ip: 192.168.34.43, host: pr-hdds-1737-dstl4-2900247166, networkLocation: /default-rack, certSerialId: null}00430a6c-148f-42d2-bd35-49b9937462c3{ip: 192.168.34.43, host: pr-hdds-1737-dstl4-2900247166, networkLocation: /default-rack, certSerialId: null}4ffee07d-169c-4709-8390-13e847b22477{ip: 192.168.34.43, host: pr-hdds-1737-dstl4-2900247166, networkLocation: /default-rack, certSerialId: null}, Type:RATIS, Factor:THREE, State:OPEN]
2019-10-16 07:48:46,224 [4ffee07d-169c-4709-8390-13e847b22477@group-769B46396E91-LeaderElection21] INFO  impl.RaftServerImpl (RaftServerImpl.java:setRole(184)) - 4ffee07d-169c-4709-8390-13e847b22477@group-769B46396E91: changes role from CANDIDATE to FOLLOWER at term 4 for DISCOVERED_A_NEW_TERM
2019-10-16 07:48:46,225 [4ffee07d-169c-4709-8390-13e847b22477@group-769B46396E91-LeaderElection21] INFO  impl.RoleInfo (RoleInfo.java:shutdownLeaderElection(134)) - 4ffee07d-169c-4709-8390-13e847b22477: shutdown LeaderElection
2019-10-16 07:48:46,225 [4ffee07d-169c-4709-8390-13e847b22477@group-769B46396E91-LeaderElection21] INFO  impl.RoleInfo (RoleInfo.java:updateAndGet(143)) - 4ffee07d-169c-4709-8390-13e847b22477: start FollowerState
2019-10-16 07:48:46,225 [b906d628-5b11-472e-bef9-55c10a56a009@group-DE5B3FA1F64F-LeaderElection13] INFO  impl.RoleInfo (RoleInfo.java:updateAndGet(143)) - b906d628-5b11-472e-bef9-55c10a56a009: start LeaderState
2019-10-16 07:48:46,233 [b906d628-5b11-472e-bef9-55c10a56a009@group-DE5B3FA1F64F-LeaderElection13] INFO  segmented.SegmentedRaftLogWorker (SegmentedRaftLogWorker.java:startLogSegment(385)) - b906d628-5b11-472e-bef9-55c10a56a009@group-DE5B3FA1F64F-SegmentedRaftLogWorker: Starting segment from index:0
2019-10-16 07:48:46,233 [34a4ce68-6cfa-4f54-b3e2-98c3134e5ebf@group-6B08750156BF-LeaderElection17] INFO  impl.LeaderElection (LeaderElection.java:logAndReturn(56)) - 34a4ce68-6cfa-4f54-b3e2-98c3134e5ebf@group-6B08750156BF-LeaderElection17: Election REJECTED; received 2 response(s) [34a4ce68-6cfa-4f54-b3e2-98c3134e5ebf<-85034473-de92-432d-987c-753934731faa#0:FAIL-t9, 34a4ce68-6cfa-4f54-b3e2-98c3134e5ebf<-bbaedea4-0636-4a28-8969-ceb75fc90963#0:FAIL-t9] and 0 exception(s); 34a4ce68-6cfa-4f54-b3e2-98c3134e5ebf@group-6B08750156BF:t9, leader=null, voted=34a4ce68-6cfa-4f54-b3e2-98c3134e5ebf, raftlog=34a4ce68-6cfa-4f54-b3e2-98c3134e5ebf@group-6B08750156BF-SegmentedRaftLog:OPENED:c-1,f-1,i0, conf=-1: [34a4ce68-6cfa-4f54-b3e2-98c3134e5ebf:192.168.34.43:41110, 85034473-de92-432d-987c-753934731faa:192.168.34.43:42807, bbaedea4-0636-4a28-8969-ceb75fc90963:192.168.34.43:39038], old=null
2019-10-16 07:48:46,233 [34a4ce68-6cfa-4f54-b3e2-98c3134e5ebf@group-6B08750156BF-LeaderElection17] INFO  impl.RaftServerImpl (RaftServerImpl.java:setRole(184)) - 34a4ce68-6cfa-4f54-b3e2-98c3134e5ebf@group-6B08750156BF: changes role from CANDIDATE to FOLLOWER at term 9 for DISCOVERED_A_NEW_TERM
2019-10-16 07:48:46,233 [34a4ce68-6cfa-4f54-b3e2-98c3134e5ebf@group-6B08750156BF-LeaderElection17] INFO  impl.RoleInfo (RoleInfo.java:shutdownLeaderElection(134)) - 34a4ce68-6cfa-4f54-b3e2-98c3134e5ebf: shutdown LeaderElection
2019-10-16 07:48:46,233 [b906d628-5b11-472e-bef9-55c10a56a009@group-DE5B3FA1F64F-LeaderElection13] INFO  impl.RaftServerImpl (ServerState.java:setRaftConf(357)) - b906d628-5b11-472e-bef9-55c10a56a009@group-DE5B3FA1F64F: set configuration 0: [eb54e0f1-19f2-4eeb-9522-1404b62d70c1:192.168.34.43:32785, b906d628-5b11-472e-bef9-55c10a56a009:192.168.34.43:38952, 0230c08e-48f1-4f17-bace-004fbc1b55c4:192.168.34.43:40481], old=null at 0
2019-10-16 07:48:46,260 [34a4ce68-6cfa-4f54-b3e2-98c3134e5ebf@group-6B08750156BF-LeaderElection17] INFO  impl.RoleInfo (RoleInfo.java:updateAndGet(143)) - 34a4ce68-6cfa-4f54-b3e2-98c3134e5ebf: start FollowerState
2019-10-16 07:48:46,260 [grpc-default-executor-7] INFO  impl.RaftServerImpl (ServerState.java:setLeader(256)) - b906d628-5b11-472e-bef9-55c10a56a009@group-DE5B3FA1F64F: change Leader from b906d628-5b11-472e-bef9-55c10a56a009 to null at term 8 for updateCurrentTerm
2019-10-16 07:48:46,261 [grpc-default-executor-7] INFO  impl.RaftServerImpl (RaftServerImpl.java:setRole(184)) - b906d628-5b11-472e-bef9-55c10a56a009@group-DE5B3FA1F64F: changes role from    LEADER to FOLLOWER at term 8 for recognizeCandidate:eb54e0f1-19f2-4eeb-9522-1404b62d70c1
2019-10-16 07:48:46,261 [grpc-default-executor-7] INFO  impl.RoleInfo (RoleInfo.java:shutdownLeaderState(104)) - b906d628-5b11-472e-bef9-55c10a56a009: shutdown LeaderState
2019-10-16 07:48:46,263 [grpc-default-executor-7] INFO  impl.PendingRequests (PendingRequests.java:sendNotLeaderResponses(202)) - b906d628-5b11-472e-bef9-55c10a56a009@group-DE5B3FA1F64F-PendingRequests: sendNotLeaderResponses
2019-10-16 07:48:46,264 [0230c08e-48f1-4f17-bace-004fbc1b55c4@group-DE5B3FA1F64F-LeaderElection18] INFO  impl.LeaderElection (LeaderElection.java:logAndReturn(56)) - 0230c08e-48f1-4f17-bace-004fbc1b55c4@group-DE5B3FA1F64F-LeaderElection18: Election TIMEOUT; received 1 response(s) [0230c08e-48f1-4f17-bace-004fbc1b55c4<-eb54e0f1-19f2-4eeb-9522-1404b62d70c1#0:FAIL-t8] and 0 exception(s); 0230c08e-48f1-4f17-bace-004fbc1b55c4@group-DE5B3FA1F64F:t8, leader=null, voted=0230c08e-48f1-4f17-bace-004fbc1b55c4, raftlog=0230c08e-48f1-4f17-bace-004fbc1b55c4@group-DE5B3FA1F64F-SegmentedRaftLog:OPENED:c-1,f-1,i0, conf=-1: [eb54e0f1-19f2-4eeb-9522-1404b62d70c1:192.168.34.43:32785, b906d628-5b11-472e-bef9-55c10a56a009:192.168.34.43:38952, 0230c08e-48f1-4f17-bace-004fbc1b55c4:192.168.34.43:40481], old=null
2019-10-16 07:48:46,264 [bbaedea4-0636-4a28-8969-ceb75fc90963@group-6B08750156BF-LeaderElection12] INFO  impl.LeaderElection (LeaderElection.java:logAndReturn(56)) - bbaedea4-0636-4a28-8969-ceb75fc90963@group-6B08750156BF-LeaderElection12: Election REJECTED; received 2 response(s) [bbaedea4-0636-4a28-8969-ceb75fc90963<-34a4ce68-6cfa-4f54-b3e2-98c3134e5ebf#0:FAIL-t9, bbaedea4-0636-4a28-8969-ceb75fc90963<-85034473-de92-432d-987c-753934731faa#0:FAIL-t9] and 0 exception(s); bbaedea4-0636-4a28-8969-ceb75fc90963@group-6B08750156BF:t9, leader=null, voted=bbaedea4-0636-4a28-8969-ceb75fc90963, raftlog=bbaedea4-0636-4a28-8969-ceb75fc90963@group-6B08750156BF-SegmentedRaftLog:OPENED:c-1,f-1,i0, conf=-1: [34a4ce68-6cfa-4f54-b3e2-98c3134e5ebf:192.168.34.43:41110, 85034473-de92-432d-987c-753934731faa:192.168.34.43:42807, bbaedea4-0636-4a28-8969-ceb75fc90963:192.168.34.43:39038], old=null
2019-10-16 07:48:46,265 [grpc-default-executor-7] INFO  impl.RoleInfo (RoleInfo.java:updateAndGet(143)) - b906d628-5b11-472e-bef9-55c10a56a009: start FollowerState
2019-10-16 07:48:46,265 [bbaedea4-0636-4a28-8969-ceb75fc90963@group-6B08750156BF-LeaderElection12] INFO  impl.RaftServerImpl (RaftServerImpl.java:setRole(184)) - bbaedea4-0636-4a28-8969-ceb75fc90963@group-6B08750156BF: changes role from CANDIDATE to FOLLOWER at term 9 for DISCOVERED_A_NEW_TERM
2019-10-16 07:48:46,266 [bbaedea4-0636-4a28-8969-ceb75fc90963@group-6B08750156BF-LeaderElection12] INFO  impl.RoleInfo (RoleInfo.java:shutdownLeaderElection(134)) - bbaedea4-0636-4a28-8969-ceb75fc90963: shutdown LeaderElection
2019-10-16 07:48:46,266 [bbaedea4-0636-4a28-8969-ceb75fc90963@group-6B08750156BF-LeaderElection12] INFO  impl.RoleInfo (RoleInfo.java:updateAndGet(143)) - bbaedea4-0636-4a28-8969-ceb75fc90963: start FollowerState
2019-10-16 07:48:46,267 [3e390cd5-6e5f-4e4a-89b9-5d2d9c64b08e@group-769B46396E91-LeaderElection22] INFO  impl.LeaderElection (LeaderElection.java:logAndReturn(56)) - 3e390cd5-6e5f-4e4a-89b9-5d2d9c64b08e@group-769B46396E91-LeaderElection22: Election REJECTED; received 2 response(s) [3e390cd5-6e5f-4e4a-89b9-5d2d9c64b08e<-00430a6c-148f-42d2-bd35-49b9937462c3#0:FAIL-t4, 3e390cd5-6e5f-4e4a-89b9-5d2d9c64b08e<-4ffee07d-169c-4709-8390-13e847b22477#0:FAIL-t4] and 0 exception(s); 3e390cd5-6e5f-4e4a-89b9-5d2d9c64b08e@group-769B46396E91:t4, leader=null, voted=3e390cd5-6e5f-4e4a-89b9-5d2d9c64b08e, raftlog=3e390cd5-6e5f-4e4a-89b9-5d2d9c64b08e@group-769B46396E91-SegmentedRaftLog:OPENED:c-1,f-1,i0, conf=-1: [00430a6c-148f-42d2-bd35-49b9937462c3:192.168.34.43:40986, 3e390cd5-6e5f-4e4a-89b9-5d2d9c64b08e:192.168.34.43:35883, 4ffee07d-169c-4709-8390-13e847b22477:192.168.34.43:45950], old=null
2019-10-16 07:48:46,267 [3e390cd5-6e5f-4e4a-89b9-5d2d9c64b08e@group-769B46396E91-LeaderElection22] INFO  impl.RaftServerImpl (RaftServerImpl.java:setRole(184)) - 3e390cd5-6e5f-4e4a-89b9-5d2d9c64b08e@group-769B46396E91: changes role from CANDIDATE to FOLLOWER at term 4 for DISCOVERED_A_NEW_TERM
2019-10-16 07:48:46,267 [3e390cd5-6e5f-4e4a-89b9-5d2d9c64b08e@group-769B46396E91-LeaderElection22] INFO  impl.RoleInfo (RoleInfo.java:shutdownLeaderElection(134)) - 3e390cd5-6e5f-4e4a-89b9-5d2d9c64b08e: shutdown LeaderElection
2019-10-16 07:48:46,267 [00430a6c-148f-42d2-bd35-49b9937462c3@group-769B46396E91-LeaderElection23] INFO  impl.LeaderElection (LeaderElection.java:logAndReturn(56)) - 00430a6c-148f-42d2-bd35-49b9937462c3@group-769B46396E91-LeaderElection23: Election REJECTED; received 2 response(s) [00430a6c-148f-42d2-bd35-49b9937462c3<-3e390cd5-6e5f-4e4a-89b9-5d2d9c64b08e#0:FAIL-t4, 00430a6c-148f-42d2-bd35-49b9937462c3<-4ffee07d-169c-4709-8390-13e847b22477#0:FAIL-t4] and 0 exception(s); 00430a6c-148f-42d2-bd35-49b9937462c3@group-769B46396E91:t4, leader=null, voted=00430a6c-148f-42d2-bd35-49b9937462c3, raftlog=00430a6c-148f-42d2-bd35-49b9937462c3@group-769B46396E91-SegmentedRaftLog:OPENED:c-1,f-1,i0, conf=-1: [00430a6c-148f-42d2-bd35-49b9937462c3:192.168.34.43:40986, 3e390cd5-6e5f-4e4a-89b9-5d2d9c64b08e:192.168.34.43:35883, 4ffee07d-169c-4709-8390-13e847b22477:192.168.34.43:45950], old=null
2019-10-16 07:48:46,267 [3e390cd5-6e5f-4e4a-89b9-5d2d9c64b08e@group-769B46396E91-LeaderElection22] INFO  impl.RoleInfo (RoleInfo.java:updateAndGet(143)) - 3e390cd5-6e5f-4e4a-89b9-5d2d9c64b08e: start FollowerState
2019-10-16 07:48:46,267 [00430a6c-148f-42d2-bd35-49b9937462c3@group-769B46396E91-LeaderElection23] INFO  impl.RaftServerImpl (RaftServerImpl.java:setRole(184)) - 00430a6c-148f-42d2-bd35-49b9937462c3@group-769B46396E91: changes role from CANDIDATE to FOLLOWER at term 4 for DISCOVERED_A_NEW_TERM
2019-10-16 07:48:46,268 [00430a6c-148f-42d2-bd35-49b9937462c3@group-769B46396E91-LeaderElection23] INFO  impl.RoleInfo (RoleInfo.java:shutdownLeaderElection(134)) - 00430a6c-148f-42d2-bd35-49b9937462c3: shutdown LeaderElection
2019-10-16 07:48:46,268 [00430a6c-148f-42d2-bd35-49b9937462c3@group-769B46396E91-LeaderElection23] INFO  impl.RoleInfo (RoleInfo.java:updateAndGet(143)) - 00430a6c-148f-42d2-bd35-49b9937462c3: start FollowerState
2019-10-16 07:48:46,269 [org.apache.ratis.server.impl.LogAppender$AppenderDaemon$$Lambda$427/1976753768@44043151] WARN  server.GrpcLogAppender (GrpcLogAppender.java:mayWait(149)) - b906d628-5b11-472e-bef9-55c10a56a009@group-DE5B3FA1F64F->0230c08e-48f1-4f17-bace-004fbc1b55c4-GrpcLogAppender: Wait interrupted by java.lang.InterruptedException
2019-10-16 07:48:46,269 [org.apache.ratis.server.impl.LogAppender$AppenderDaemon$$Lambda$427/1976753768@5c05fb0a] WARN  server.GrpcLogAppender (GrpcLogAppender.java:mayWait(149)) - b906d628-5b11-472e-bef9-55c10a56a009@group-DE5B3FA1F64F->eb54e0f1-19f2-4eeb-9522-1404b62d70c1-GrpcLogAppender: Wait interrupted by java.lang.InterruptedException
2019-10-16 07:48:46,271 [b906d628-5b11-472e-bef9-55c10a56a009@group-DE5B3FA1F64F-SegmentedRaftLogWorker] INFO  segmented.SegmentedRaftLogWorker (SegmentedRaftLogWorker.java:execute(576)) - b906d628-5b11-472e-bef9-55c10a56a009@group-DE5B3FA1F64F-SegmentedRaftLogWorker: created new log segment /workdir/hadoop-ozone/integration-test/target/test-dir/MiniOzoneClusterImpl-09750a2c-58c2-4184-91d8-c66eda428939/datanode-4/data/ratis/a3d5664a-d4f2-453b-a36f-de5b3fa1f64f/current/log_inprogress_0
2019-10-16 07:48:46,271 [0230c08e-48f1-4f17-bace-004fbc1b55c4@group-DE5B3FA1F64F-LeaderElection18] INFO  impl.LeaderElection (LeaderElection.java:askForVotes(178)) - 0230c08e-48f1-4f17-bace-004fbc1b55c4@group-DE5B3FA1F64F-LeaderElection18: begin an election at term 9 for -1: [eb54e0f1-19f2-4eeb-9522-1404b62d70c1:192.168.34.43:32785, b906d628-5b11-472e-bef9-55c10a56a009:192.168.34.43:38952, 0230c08e-48f1-4f17-bace-004fbc1b55c4:192.168.34.43:40481], old=null
2019-10-16 07:48:46,271 [grpc-default-executor-9] INFO  impl.RaftServerImpl (RaftServerImpl.java:setRole(184)) - b906d628-5b11-472e-bef9-55c10a56a009@group-DE5B3FA1F64F: changes role from  FOLLOWER to FOLLOWER at term 8 for recognizeCandidate:0230c08e-48f1-4f17-bace-004fbc1b55c4
2019-10-16 07:48:46,271 [grpc-default-executor-9] INFO  impl.RoleInfo (RoleInfo.java:shutdownFollowerState(121)) - b906d628-5b11-472e-bef9-55c10a56a009: shutdown FollowerState
2019-10-16 07:48:46,272 [Thread-497] INFO  impl.FollowerState (FollowerState.java:run(117)) - b906d628-5b11-472e-bef9-55c10a56a009@group-DE5B3FA1F64F-FollowerState was interrupted: java.lang.InterruptedException: sleep interrupted
2019-10-16 07:48:46,272 [grpc-default-executor-9] INFO  impl.RoleInfo (RoleInfo.java:updateAndGet(143)) - b906d628-5b11-472e-bef9-55c10a56a009: start FollowerState
2019-10-16 07:48:46,276 [eb54e0f1-19f2-4eeb-9522-1404b62d70c1@group-DE5B3FA1F64F-LeaderElection20] INFO  impl.LeaderElection (LeaderElection.java:logAndReturn(56)) - eb54e0f1-19f2-4eeb-9522-1404b62d70c1@group-DE5B3FA1F64F-LeaderElection20: Election REJECTED; received 2 response(s) [eb54e0f1-19f2-4eeb-9522-1404b62d70c1<-b906d628-5b11-472e-bef9-55c10a56a009#0:FAIL-t8, eb54e0f1-19f2-4eeb-9522-1404b62d70c1<-0230c08e-48f1-4f17-bace-004fbc1b55c4#0:FAIL-t8] and 0 exception(s); eb54e0f1-19f2-4eeb-9522-1404b62d70c1@group-DE5B3FA1F64F:t8, leader=null, voted=eb54e0f1-19f2-4eeb-9522-1404b62d70c1, raftlog=eb54e0f1-19f2-4eeb-9522-1404b62d70c1@group-DE5B3FA1F64F-SegmentedRaftLog:OPENED:c-1,f-1,i0, conf=-1: [eb54e0f1-19f2-4eeb-9522-1404b62d70c1:192.168.34.43:32785, b906d628-5b11-472e-bef9-55c10a56a009:192.168.34.43:38952, 0230c08e-48f1-4f17-bace-004fbc1b55c4:192.168.34.43:40481], old=null
2019-10-16 07:48:46,278 [grpc-default-executor-2] INFO  impl.RaftServerImpl (RaftServerImpl.java:setRole(184)) - b906d628-5b11-472e-bef9-55c10a56a009@group-DE5B3FA1F64F: changes role from  FOLLOWER to FOLLOWER at term 9 for recognizeCandidate:0230c08e-48f1-4f17-bace-004fbc1b55c4
2019-10-16 07:48:46,279 [grpc-default-executor-2] INFO  impl.RoleInfo (RoleInfo.java:shutdownFollowerState(121)) - b906d628-5b11-472e-bef9-55c10a56a009: shutdown FollowerState
2019-10-16 07:48:46,279 [grpc-default-executor-3] INFO  impl.RaftServerImpl (RaftServerImpl.java:setRole(184)) - eb54e0f1-19f2-4eeb-9522-1404b62d70c1@group-DE5B3FA1F64F: changes role from CANDIDATE to FOLLOWER at term 9 for recognizeCandidate:0230c08e-48f1-4f17-bace-004fbc1b55c4
2019-10-16 07:48:46,279 [grpc-default-executor-2] INFO  impl.RoleInfo (RoleInfo.java:updateAndGet(143)) - b906d628-5b11-472e-bef9-55c10a56a009: start FollowerState
2019-10-16 07:48:46,279 [Thread-505] INFO  impl.FollowerState (FollowerState.java:run(117)) - b906d628-5b11-472e-bef9-55c10a56a009@group-DE5B3FA1F64F-FollowerState was interrupted: java.lang.InterruptedException: sleep interrupted
2019-10-16 07:48:46,279 [grpc-default-executor-3] INFO  impl.RoleInfo (RoleInfo.java:shutdownLeaderElection(134)) - eb54e0f1-19f2-4eeb-9522-1404b62d70c1: shutdown LeaderElection
2019-10-16 07:48:46,280 [grpc-default-executor-10] INFO  server.GrpcServerProtocolService (GrpcServerProtocolService.java:onCompleted(113)) - 0230c08e-48f1-4f17-bace-004fbc1b55c4: Completed APPEND_ENTRIES, lastRequest: b906d628-5b11-472e-bef9-55c10a56a009->0230c08e-48f1-4f17-bace-004fbc1b55c4#0-t5, previous=(t:0, i:0), leaderCommit=-1, initializing? false, entries: <empty>
2019-10-16 07:48:46,280 [grpc-default-executor-4] INFO  server.GrpcServerProtocolService (GrpcServerProtocolService.java:onCompleted(113)) - eb54e0f1-19f2-4eeb-9522-1404b62d70c1: Completed APPEND_ENTRIES, lastRequest: b906d628-5b11-472e-bef9-55c10a56a009->eb54e0f1-19f2-4eeb-9522-1404b62d70c1#0-t5, previous=(t:0, i:0), leaderCommit=-1, initializing? false, entries: <empty>
2019-10-16 07:48:46,280 [grpc-default-executor-3] INFO  impl.RoleInfo (RoleInfo.java:updateAndGet(143)) - eb54e0f1-19f2-4eeb-9522-1404b62d70c1: start FollowerState
2019-10-16 07:48:46,293 [grpc-default-executor-10] INFO  server.GrpcLogAppender (GrpcLogAppender.java:onCompleted(308)) - b906d628-5b11-472e-bef9-55c10a56a009@group-DE5B3FA1F64F->0230c08e-48f1-4f17-bace-004fbc1b55c4-AppendLogResponseHandler: follower responses appendEntries COMPLETED
2019-10-16 07:48:46,293 [grpc-default-executor-4] INFO  server.GrpcLogAppender (GrpcLogAppender.java:onCompleted(308)) - b906d628-5b11-472e-bef9-55c10a56a009@group-DE5B3FA1F64F->eb54e0f1-19f2-4eeb-9522-1404b62d70c1-AppendLogResponseHandler: follower responses appendEntries COMPLETED
2019-10-16 07:48:46,297 [grpc-default-executor-10] INFO  impl.FollowerInfo (FollowerInfo.java:lambda$new$0(51)) - b906d628-5b11-472e-bef9-55c10a56a009@group-DE5B3FA1F64F->0230c08e-48f1-4f17-bace-004fbc1b55c4: nextIndex: updateUnconditionally 0 -> 0
2019-10-16 07:48:46,299 [0230c08e-48f1-4f17-bace-004fbc1b55c4@group-DE5B3FA1F64F-LeaderElection18] INFO  impl.LeaderElection (LeaderElection.java:logAndReturn(56)) - 0230c08e-48f1-4f17-bace-004fbc1b55c4@group-DE5B3FA1F64F-LeaderElection18: Election REJECTED; received 2 response(s) [0230c08e-48f1-4f17-bace-004fbc1b55c4<-eb54e0f1-19f2-4eeb-9522-1404b62d70c1#0:FAIL-t9, 0230c08e-48f1-4f17-bace-004fbc1b55c4<-b906d628-5b11-472e-bef9-55c10a56a009#0:FAIL-t9] and 0 exception(s); 0230c08e-48f1-4f17-bace-004fbc1b55c4@group-DE5B3FA1F64F:t9, leader=null, voted=0230c08e-48f1-4f17-bace-004fbc1b55c4, raftlog=0230c08e-48f1-4f17-bace-004fbc1b55c4@group-DE5B3FA1F64F-SegmentedRaftLog:OPENED:c-1,f-1,i0, conf=-1: [eb54e0f1-19f2-4eeb-9522-1404b62d70c1:192.168.34.43:32785, b906d628-5b11-472e-bef9-55c10a56a009:192.168.34.43:38952, 0230c08e-48f1-4f17-bace-004fbc1b55c4:192.168.34.43:40481], old=null
2019-10-16 07:48:46,299 [0230c08e-48f1-4f17-bace-004fbc1b55c4@group-DE5B3FA1F64F-LeaderElection18] INFO  impl.RaftServerImpl (RaftServerImpl.java:setRole(184)) - 0230c08e-48f1-4f17-bace-004fbc1b55c4@group-DE5B3FA1F64F: changes role from CANDIDATE to FOLLOWER at term 9 for DISCOVERED_A_NEW_TERM
2019-10-16 07:48:46,299 [0230c08e-48f1-4f17-bace-004fbc1b55c4@group-DE5B3FA1F64F-LeaderElection18] INFO  impl.RoleInfo (RoleInfo.java:shutdownLeaderElection(134)) - 0230c08e-48f1-4f17-bace-004fbc1b55c4: shutdown LeaderElection
2019-10-16 07:48:46,299 [grpc-default-executor-4] INFO  impl.FollowerInfo (FollowerInfo.java:lambda$new$0(51)) - b906d628-5b11-472e-bef9-55c10a56a009@group-DE5B3FA1F64F->eb54e0f1-19f2-4eeb-9522-1404b62d70c1: nextIndex: updateUnconditionally 0 -> 0
2019-10-16 07:48:46,299 [0230c08e-48f1-4f17-bace-004fbc1b55c4@group-DE5B3FA1F64F-LeaderElection18] INFO  impl.RoleInfo (RoleInfo.java:updateAndGet(143)) - 0230c08e-48f1-4f17-bace-004fbc1b55c4: start FollowerState
2019-10-16 07:48:46,304 [Thread-495] INFO  impl.FollowerState (FollowerState.java:run(108)) - 4ffee07d-169c-4709-8390-13e847b22477@group-769B46396E91-FollowerState: change to CANDIDATE, lastRpcTime:78ms, electionTimeout:69ms
2019-10-16 07:48:46,304 [Thread-495] INFO  impl.RoleInfo (RoleInfo.java:shutdownFollowerState(121)) - 4ffee07d-169c-4709-8390-13e847b22477: shutdown FollowerState
2019-10-16 07:48:46,304 [Thread-495] INFO  impl.RaftServerImpl (RaftServerImpl.java:setRole(184)) - 4ffee07d-169c-4709-8390-13e847b22477@group-769B46396E91: changes role from  FOLLOWER to CANDIDATE at term 4 for changeToCandidate
2019-10-16 07:48:46,304 [Thread-495] INFO  impl.RoleInfo (RoleInfo.java:updateAndGet(143)) - 4ffee07d-169c-4709-8390-13e847b22477: start LeaderElection
2019-10-16 07:48:46,319 [4ffee07d-169c-4709-8390-13e847b22477@group-769B46396E91-LeaderElection24] INFO  impl.LeaderElection (LeaderElection.java:askForVotes(178)) - 4ffee07d-169c-4709-8390-13e847b22477@group-769B46396E91-LeaderElection24: begin an election at term 5 for -1: [00430a6c-148f-42d2-bd35-49b9937462c3:192.168.34.43:40986, 3e390cd5-6e5f-4e4a-89b9-5d2d9c64b08e:192.168.34.43:35883, 4ffee07d-169c-4709-8390-13e847b22477:192.168.34.43:45950], old=null
2019-10-16 07:48:46,321 [grpc-default-executor-4] INFO  impl.RaftServerImpl (RaftServerImpl.java:setRole(184)) - 00430a6c-148f-42d2-bd35-49b9937462c3@group-769B46396E91: changes role from  FOLLOWER to FOLLOWER at term 5 for recognizeCandidate:4ffee07d-169c-4709-8390-13e847b22477
2019-10-16 07:48:46,321 [grpc-default-executor-4] INFO  impl.RoleInfo (RoleInfo.java:shutdownFollowerState(121)) - 00430a6c-148f-42d2-bd35-49b9937462c3: shutdown FollowerState
2019-10-16 07:48:46,322 [grpc-default-executor-4] INFO  impl.RoleInfo (RoleInfo.java:updateAndGet(143)) - 00430a6c-148f-42d2-bd35-49b9937462c3: start FollowerState
2019-10-16 07:48:46,322 [Thread-500] INFO  impl.FollowerState (FollowerState.java:run(117)) - 00430a6c-148f-42d2-bd35-49b9937462c3@group-769B46396E91-FollowerState was interrupted: java.lang.InterruptedException: sleep interrupted
2019-10-16 07:48:46,322 [grpc-default-executor-10] INFO  impl.RaftServerImpl (RaftServerImpl.java:setRole(184)) - 3e390cd5-6e5f-4e4a-89b9-5d2d9c64b08e@group-769B46396E91: changes role from  FOLLOWER to FOLLOWER at term 5 for recognizeCandidate:4ffee07d-169c-4709-8390-13e847b22477
2019-10-16 07:48:46,322 [grpc-default-executor-10] INFO  impl.RoleInfo (RoleInfo.java:shutdownFollowerState(121)) - 3e390cd5-6e5f-4e4a-89b9-5d2d9c64b08e: shutdown FollowerState
2019-10-16 07:48:46,322 [grpc-default-executor-10] INFO  impl.RoleInfo (RoleInfo.java:updateAndGet(143)) - 3e390cd5-6e5f-4e4a-89b9-5d2d9c64b08e: start FollowerState
2019-10-16 07:48:46,322 [Thread-499] INFO  impl.FollowerState (FollowerState.java:run(117)) - 3e390cd5-6e5f-4e4a-89b9-5d2d9c64b08e@group-769B46396E91-FollowerState was interrupted: java.lang.InterruptedException: sleep interrupted
2019-10-16 07:48:46,335 [4ffee07d-169c-4709-8390-13e847b22477@group-769B46396E91-LeaderElection24] INFO  impl.LeaderElection (LeaderElection.java:logAndReturn(56)) - 4ffee07d-169c-4709-8390-13e847b22477@group-769B46396E91-LeaderElection24: Election TIMEOUT; received 0 response(s) [] and 0 exception(s); 4ffee07d-169c-4709-8390-13e847b22477@group-769B46396E91:t5, leader=null, voted=4ffee07d-169c-4709-8390-13e847b22477, raftlog=4ffee07d-169c-4709-8390-13e847b22477@group-769B46396E91-SegmentedRaftLog:OPENED:c-1,f-1,i0, conf=-1: [00430a6c-148f-42d2-bd35-49b9937462c3:192.168.34.43:40986, 3e390cd5-6e5f-4e4a-89b9-5d2d9c64b08e:192.168.34.43:35883, 4ffee07d-169c-4709-8390-13e847b22477:192.168.34.43:45950], old=null
2019-10-16 07:48:46,338 [4ffee07d-169c-4709-8390-13e847b22477@group-769B46396E91-LeaderElection24] INFO  impl.LeaderElection (LeaderElection.java:askForVotes(178)) - 4ffee07d-169c-4709-8390-13e847b22477@group-769B46396E91-LeaderElection24: begin an election at term 6 for -1: [00430a6c-148f-42d2-bd35-49b9937462c3:192.168.34.43:40986, 3e390cd5-6e5f-4e4a-89b9-5d2d9c64b08e:192.168.34.43:35883, 4ffee07d-169c-4709-8390-13e847b22477:192.168.34.43:45950], old=null
2019-10-16 07:48:46,340 [grpc-default-executor-10] INFO  impl.RaftServerImpl (RaftServerImpl.java:setRole(184)) - 00430a6c-148f-42d2-bd35-49b9937462c3@group-769B46396E91: changes role from  FOLLOWER to FOLLOWER at term 6 for recognizeCandidate:4ffee07d-169c-4709-8390-13e847b22477
2019-10-16 07:48:46,340 [grpc-default-executor-4] INFO  impl.RaftServerImpl (RaftServerImpl.java:setRole(184)) - 3e390cd5-6e5f-4e4a-89b9-5d2d9c64b08e@group-769B46396E91: changes role from  FOLLOWER to FOLLOWER at term 6 for recognizeCandidate:4ffee07d-169c-4709-8390-13e847b22477
2019-10-16 07:48:46,340 [grpc-default-executor-10] INFO  impl.RoleInfo (RoleInfo.java:shutdownFollowerState(121)) - 00430a6c-148f-42d2-bd35-49b9937462c3: shutdown FollowerState
2019-10-16 07:48:46,341 [grpc-default-executor-4] INFO  impl.RoleInfo (RoleInfo.java:shutdownFollowerState(121)) - 3e390cd5-6e5f-4e4a-89b9-5d2d9c64b08e: shutdown FollowerState
2019-10-16 07:48:46,341 [Thread-513] INFO  impl.FollowerState (FollowerState.java:run(117)) - 00430a6c-148f-42d2-bd35-49b9937462c3@group-769B46396E91-FollowerState was interrupted: java.lang.InterruptedException: sleep interrupted
2019-10-16 07:48:46,341 [grpc-default-executor-10] INFO  impl.RoleInfo (RoleInfo.java:updateAndGet(143)) - 00430a6c-148f-42d2-bd35-49b9937462c3: start FollowerState
2019-10-16 07:48:46,341 [Thread-514] INFO  impl.FollowerState (FollowerState.java:run(117)) - 3e390cd5-6e5f-4e4a-89b9-5d2d9c64b08e@group-769B46396E91-FollowerState was interrupted: java.lang.InterruptedException: sleep interrupted
2019-10-16 07:48:46,341 [grpc-default-executor-4] INFO  impl.RoleInfo (RoleInfo.java:updateAndGet(143)) - 3e390cd5-6e5f-4e4a-89b9-5d2d9c64b08e: start FollowerState
2019-10-16 07:48:46,356 [4ffee07d-169c-4709-8390-13e847b22477@group-769B46396E91-LeaderElection24] INFO  impl.LeaderElection (LeaderElection.java:logAndReturn(56)) - 4ffee07d-169c-4709-8390-13e847b22477@group-769B46396E91-LeaderElection24: Election PASSED; received 1 response(s) [4ffee07d-169c-4709-8390-13e847b22477<-3e390cd5-6e5f-4e4a-89b9-5d2d9c64b08e#0:OK-t6] and 0 exception(s); 4ffee07d-169c-4709-8390-13e847b22477@group-769B46396E91:t6, leader=null, voted=4ffee07d-169c-4709-8390-13e847b22477, raftlog=4ffee07d-169c-4709-8390-13e847b22477@group-769B46396E91-SegmentedRaftLog:OPENED:c-1,f-1,i0, conf=-1: [00430a6c-148f-42d2-bd35-49b9937462c3:192.168.34.43:40986, 3e390cd5-6e5f-4e4a-89b9-5d2d9c64b08e:192.168.34.43:35883, 4ffee07d-169c-4709-8390-13e847b22477:192.168.34.43:45950], old=null
2019-10-16 07:48:46,356 [4ffee07d-169c-4709-8390-13e847b22477@group-769B46396E91-LeaderElection24] INFO  impl.RoleInfo (RoleInfo.java:shutdownLeaderElection(134)) - 4ffee07d-169c-4709-8390-13e847b22477: shutdown LeaderElection
2019-10-16 07:48:46,357 [4ffee07d-169c-4709-8390-13e847b22477@group-769B46396E91-LeaderElection24] INFO  impl.RaftServerImpl (RaftServerImpl.java:setRole(184)) - 4ffee07d-169c-4709-8390-13e847b22477@group-769B46396E91: changes role from CANDIDATE to LEADER at term 6 for changeToLeader
2019-10-16 07:48:46,357 [4ffee07d-169c-4709-8390-13e847b22477@group-769B46396E91-LeaderElection24] INFO  impl.RaftServerImpl (ServerState.java:setLeader(256)) - 4ffee07d-169c-4709-8390-13e847b22477@group-769B46396E91: change Leader from null to 4ffee07d-169c-4709-8390-13e847b22477 at term 6 for becomeLeader, leader elected after 1179ms
2019-10-16 07:48:46,357 [4ffee07d-169c-4709-8390-13e847b22477@group-769B46396E91-LeaderElection24] INFO  server.RaftServerConfigKeys (ConfUtils.java:logGet(43)) - raft.server.staging.catchup.gap = 1000 (default)
2019-10-16 07:48:46,357 [4ffee07d-169c-4709-8390-13e847b22477@group-769B46396E91-LeaderElection24] INFO  server.RaftServerConfigKeys (ConfUtils.java:logGet(43)) - raft.server.rpc.sleep.time = 25ms (default)
2019-10-16 07:48:46,357 [4ffee07d-169c-4709-8390-13e847b22477@group-769B46396E91-LeaderElection24] INFO  server.RaftServerConfigKeys (ConfUtils.java:logGet(43)) - raft.server.write.element-limit = 4096 (default)
2019-10-16 07:48:46,357 [4ffee07d-169c-4709-8390-13e847b22477@group-769B46396E91-LeaderElection24] INFO  server.RaftServerConfigKeys (ConfUtils.java:logGet(43)) - raft.server.watch.timeout = 10s (default)
2019-10-16 07:48:46,358 [4ffee07d-169c-4709-8390-13e847b22477@group-769B46396E91-LeaderElection24] INFO  server.RaftServerConfigKeys (ConfUtils.java:logGet(43)) - raft.server.watch.timeout.denomination = 1s (default)
2019-10-16 07:48:46,358 [4ffee07d-169c-4709-8390-13e847b22477@group-769B46396E91-LeaderElection24] INFO  server.RaftServerConfigKeys (ConfUtils.java:logGet(43)) - raft.server.watch.element-limit = 65536 (default)
2019-10-16 07:48:46,360 [4ffee07d-169c-4709-8390-13e847b22477@group-769B46396E91-LeaderElection24] INFO  server.RaftServerConfigKeys (ConfUtils.java:logGet(43)) - raft.server.log.appender.snapshot.chunk.size.max = 16MB (=16777216) (default)
2019-10-16 07:48:46,360 [4ffee07d-169c-4709-8390-13e847b22477@group-769B46396E91-LeaderElection24] INFO  server.RaftServerConfigKeys (ConfUtils.java:logGet(43)) - raft.server.log.appender.buffer.byte-limit = 33554432 (custom)
2019-10-16 07:48:46,361 [4ffee07d-169c-4709-8390-13e847b22477@group-769B46396E91-LeaderElection24] INFO  server.RaftServerConfigKeys (ConfUtils.java:logGet(43)) - raft.server.log.appender.buffer.element-limit = 1 (custom)
2019-10-16 07:48:46,361 [4ffee07d-169c-4709-8390-13e847b22477@group-769B46396E91-LeaderElection24] INFO  grpc.GrpcConfigKeys$Server (ConfUtils.java:logGet(43)) - raft.grpc.server.leader.outstanding.appends.max = 128 (default)
2019-10-16 07:48:46,361 [4ffee07d-169c-4709-8390-13e847b22477@group-769B46396E91-LeaderElection24] INFO  server.RaftServerConfigKeys (ConfUtils.java:logGet(43)) - raft.server.rpc.request.timeout = 3000ms (default)
2019-10-16 07:48:46,361 [4ffee07d-169c-4709-8390-13e847b22477@group-769B46396E91-LeaderElection24] INFO  server.RaftServerConfigKeys (ConfUtils.java:logGet(43)) - raft.server.log.appender.install.snapshot.enabled = false (custom)
2019-10-16 07:48:46,363 [4ffee07d-169c-4709-8390-13e847b22477@group-769B46396E91-LeaderElection24] INFO  server.RaftServerConfigKeys (ConfUtils.java:logGet(43)) - raft.server.log.appender.snapshot.chunk.size.max = 16MB (=16777216) (default)
2019-10-16 07:48:46,363 [4ffee07d-169c-4709-8390-13e847b22477@group-769B46396E91-LeaderElection24] INFO  server.RaftServerConfigKeys (ConfUtils.java:logGet(43)) - raft.server.log.appender.buffer.byte-limit = 33554432 (custom)
2019-10-16 07:48:46,363 [4ffee07d-169c-4709-8390-13e847b22477@group-769B46396E91-LeaderElection24] INFO  server.RaftServerConfigKeys (ConfUtils.java:logGet(43)) - raft.server.log.appender.buffer.element-limit = 1 (custom)
2019-10-16 07:48:46,364 [4ffee07d-169c-4709-8390-13e847b22477@group-769B46396E91-LeaderElection24] INFO  grpc.GrpcConfigKeys$Server (ConfUtils.java:logGet(43)) - raft.grpc.server.leader.outstanding.appends.max = 128 (default)
2019-10-16 07:48:46,364 [4ffee07d-169c-4709-8390-13e847b22477@group-769B46396E91-LeaderElection24] INFO  server.RaftServerConfigKeys (ConfUtils.java:logGet(43)) - raft.server.rpc.request.timeout = 3000ms (default)
2019-10-16 07:48:46,364 [4ffee07d-169c-4709-8390-13e847b22477@group-769B46396E91-LeaderElection24] INFO  server.RaftServerConfigKeys (ConfUtils.java:logGet(43)) - raft.server.log.appender.install.snapshot.enabled = false (custom)
2019-10-16 07:48:46,366 [4ffee07d-169c-4709-8390-13e847b22477@group-769B46396E91-LeaderElection24] INFO  impl.RoleInfo (RoleInfo.java:updateAndGet(143)) - 4ffee07d-169c-4709-8390-13e847b22477: start LeaderState
2019-10-16 07:48:46,366 [4ffee07d-169c-4709-8390-13e847b22477@group-769B46396E91-LeaderElection24] INFO  segmented.SegmentedRaftLogWorker (SegmentedRaftLogWorker.java:startLogSegment(385)) - 4ffee07d-169c-4709-8390-13e847b22477@group-769B46396E91-SegmentedRaftLogWorker: Starting segment from index:0
2019-10-16 07:48:46,367 [4ffee07d-169c-4709-8390-13e847b22477@group-769B46396E91-LeaderElection24] INFO  impl.RaftServerImpl (ServerState.java:setRaftConf(357)) - 4ffee07d-169c-4709-8390-13e847b22477@group-769B46396E91: set configuration 0: [00430a6c-148f-42d2-bd35-49b9937462c3:192.168.34.43:40986, 3e390cd5-6e5f-4e4a-89b9-5d2d9c64b08e:192.168.34.43:35883, 4ffee07d-169c-4709-8390-13e847b22477:192.168.34.43:45950], old=null at 0
2019-10-16 07:48:46,392 [Thread-498] INFO  impl.FollowerState (FollowerState.java:run(108)) - bbaedea4-0636-4a28-8969-ceb75fc90963@group-6B08750156BF-FollowerState: change to CANDIDATE, lastRpcTime:125ms, electionTimeout:109ms
2019-10-16 07:48:46,392 [Thread-498] INFO  impl.RoleInfo (RoleInfo.java:shutdownFollowerState(121)) - bbaedea4-0636-4a28-8969-ceb75fc90963: shutdown FollowerState
2019-10-16 07:48:46,392 [Thread-498] INFO  impl.RaftServerImpl (RaftServerImpl.java:setRole(184)) - bbaedea4-0636-4a28-8969-ceb75fc90963@group-6B08750156BF: changes role from  FOLLOWER to CANDIDATE at term 9 for changeToCandidate
2019-10-16 07:48:46,392 [Thread-498] INFO  impl.RoleInfo (RoleInfo.java:updateAndGet(143)) - bbaedea4-0636-4a28-8969-ceb75fc90963: start LeaderElection
2019-10-16 07:48:46,394 [grpc-default-executor-10] INFO  impl.RaftServerImpl (ServerState.java:setLeader(256)) - 3e390cd5-6e5f-4e4a-89b9-5d2d9c64b08e@group-769B46396E91: change Leader from null to 4ffee07d-169c-4709-8390-13e847b22477 at term 6 for appendEntries, leader elected after 1202ms
2019-10-16 07:48:46,394 [grpc-default-executor-4] INFO  impl.RaftServerImpl (ServerState.java:setLeader(256)) - 00430a6c-148f-42d2-bd35-49b9937462c3@group-769B46396E91: change Leader from null to 4ffee07d-169c-4709-8390-13e847b22477 at term 6 for appendEntries, leader elected after 1209ms
2019-10-16 07:48:46,405 [4ffee07d-169c-4709-8390-13e847b22477@group-769B46396E91-SegmentedRaftLogWorker] INFO  segmented.SegmentedRaftLogWorker (SegmentedRaftLogWorker.java:execute(576)) - 4ffee07d-169c-4709-8390-13e847b22477@group-769B46396E91-SegmentedRaftLogWorker: created new log segment /workdir/hadoop-ozone/integration-test/target/test-dir/MiniOzoneClusterImpl-09750a2c-58c2-4184-91d8-c66eda428939/datanode-9/data/ratis/a36ce8dd-a38e-43b7-9466-769b46396e91/current/log_inprogress_0
2019-10-16 07:48:46,405 [bbaedea4-0636-4a28-8969-ceb75fc90963@group-6B08750156BF-LeaderElection25] INFO  impl.LeaderElection (LeaderElection.java:askForVotes(178)) - bbaedea4-0636-4a28-8969-ceb75fc90963@group-6B08750156BF-LeaderElection25: begin an election at term 10 for -1: [34a4ce68-6cfa-4f54-b3e2-98c3134e5ebf:192.168.34.43:41110, 85034473-de92-432d-987c-753934731faa:192.168.34.43:42807, bbaedea4-0636-4a28-8969-ceb75fc90963:192.168.34.43:39038], old=null
2019-10-16 07:48:46,406 [main] INFO  impl.MetricsSystemImpl (MetricsSystemImpl.java:init(158)) - XceiverClientMetrics metrics system started (again)
2019-10-16 07:48:46,407 [grpc-default-executor-3] INFO  impl.RaftServerImpl (RaftServerImpl.java:setRole(184)) - 34a4ce68-6cfa-4f54-b3e2-98c3134e5ebf@group-6B08750156BF: changes role from  FOLLOWER to FOLLOWER at term 10 for recognizeCandidate:bbaedea4-0636-4a28-8969-ceb75fc90963
2019-10-16 07:48:46,407 [grpc-default-executor-3] INFO  impl.RoleInfo (RoleInfo.java:shutdownFollowerState(121)) - 34a4ce68-6cfa-4f54-b3e2-98c3134e5ebf: shutdown FollowerState
2019-10-16 07:48:46,407 [grpc-default-executor-2] INFO  impl.RaftServerImpl (RaftServerImpl.java:setRole(184)) - 85034473-de92-432d-987c-753934731faa@group-6B08750156BF: changes role from  FOLLOWER to FOLLOWER at term 10 for recognizeCandidate:bbaedea4-0636-4a28-8969-ceb75fc90963
2019-10-16 07:48:46,408 [Thread-496] INFO  impl.FollowerState (FollowerState.java:run(117)) - 34a4ce68-6cfa-4f54-b3e2-98c3134e5ebf@group-6B08750156BF-FollowerState was interrupted: java.lang.InterruptedException: sleep interrupted
2019-10-16 07:48:46,408 [grpc-default-executor-2] INFO  impl.RoleInfo (RoleInfo.java:shutdownFollowerState(121)) - 85034473-de92-432d-987c-753934731faa: shutdown FollowerState
2019-10-16 07:48:46,407 [grpc-default-executor-3] INFO  impl.RoleInfo (RoleInfo.java:updateAndGet(143)) - 34a4ce68-6cfa-4f54-b3e2-98c3134e5ebf: start FollowerState
2019-10-16 07:48:46,410 [grpc-default-executor-2] INFO  impl.RoleInfo (RoleInfo.java:updateAndGet(143)) - 85034473-de92-432d-987c-753934731faa: start FollowerState
2019-10-16 07:48:46,410 [Thread-493] INFO  impl.FollowerState (FollowerState.java:run(117)) - 85034473-de92-432d-987c-753934731faa@group-6B08750156BF-FollowerState was interrupted: java.lang.InterruptedException: sleep interrupted
2019-10-16 07:48:46,422 [grpc-default-executor-10] INFO  impl.RaftServerImpl (ServerState.java:setRaftConf(357)) - 3e390cd5-6e5f-4e4a-89b9-5d2d9c64b08e@group-769B46396E91: set configuration 0: [00430a6c-148f-42d2-bd35-49b9937462c3:192.168.34.43:40986, 3e390cd5-6e5f-4e4a-89b9-5d2d9c64b08e:192.168.34.43:35883, 4ffee07d-169c-4709-8390-13e847b22477:192.168.34.43:45950], old=null at 0
2019-10-16 07:48:46,422 [grpc-default-executor-4] INFO  impl.RaftServerImpl (ServerState.java:setRaftConf(357)) - 00430a6c-148f-42d2-bd35-49b9937462c3@group-769B46396E91: set configuration 0: [00430a6c-148f-42d2-bd35-49b9937462c3:192.168.34.43:40986, 3e390cd5-6e5f-4e4a-89b9-5d2d9c64b08e:192.168.34.43:35883, 4ffee07d-169c-4709-8390-13e847b22477:192.168.34.43:45950], old=null at 0
2019-10-16 07:48:46,422 [grpc-default-executor-10] INFO  segmented.SegmentedRaftLogWorker (SegmentedRaftLogWorker.java:startLogSegment(385)) - 3e390cd5-6e5f-4e4a-89b9-5d2d9c64b08e@group-769B46396E91-SegmentedRaftLogWorker: Starting segment from index:0
2019-10-16 07:48:46,422 [grpc-default-executor-4] INFO  segmented.SegmentedRaftLogWorker (SegmentedRaftLogWorker.java:startLogSegment(385)) - 00430a6c-148f-42d2-bd35-49b9937462c3@group-769B46396E91-SegmentedRaftLogWorker: Starting segment from index:0
2019-10-16 07:48:46,434 [bbaedea4-0636-4a28-8969-ceb75fc90963@group-6B08750156BF-LeaderElection25] INFO  impl.LeaderElection (LeaderElection.java:logAndReturn(56)) - bbaedea4-0636-4a28-8969-ceb75fc90963@group-6B08750156BF-LeaderElection25: Election PASSED; received 2 response(s) [bbaedea4-0636-4a28-8969-ceb75fc90963<-34a4ce68-6cfa-4f54-b3e2-98c3134e5ebf#0:OK-t10, bbaedea4-0636-4a28-8969-ceb75fc90963<-85034473-de92-432d-987c-753934731faa#0:FAIL-t10] and 0 exception(s); bbaedea4-0636-4a28-8969-ceb75fc90963@group-6B08750156BF:t10, leader=null, voted=bbaedea4-0636-4a28-8969-ceb75fc90963, raftlog=bbaedea4-0636-4a28-8969-ceb75fc90963@group-6B08750156BF-SegmentedRaftLog:OPENED:c-1,f-1,i0, conf=-1: [34a4ce68-6cfa-4f54-b3e2-98c3134e5ebf:192.168.34.43:41110, 85034473-de92-432d-987c-753934731faa:192.168.34.43:42807, bbaedea4-0636-4a28-8969-ceb75fc90963:192.168.34.43:39038], old=null
2019-10-16 07:48:46,435 [bbaedea4-0636-4a28-8969-ceb75fc90963@group-6B08750156BF-LeaderElection25] INFO  impl.RoleInfo (RoleInfo.java:shutdownLeaderElection(134)) - bbaedea4-0636-4a28-8969-ceb75fc90963: shutdown LeaderElection
2019-10-16 07:48:46,435 [bbaedea4-0636-4a28-8969-ceb75fc90963@group-6B08750156BF-LeaderElection25] INFO  impl.RaftServerImpl (RaftServerImpl.java:setRole(184)) - bbaedea4-0636-4a28-8969-ceb75fc90963@group-6B08750156BF: changes role from CANDIDATE to LEADER at term 10 for changeToLeader
2019-10-16 07:48:46,435 [bbaedea4-0636-4a28-8969-ceb75fc90963@group-6B08750156BF-LeaderElection25] INFO  impl.RaftServerImpl (ServerState.java:setLeader(256)) - bbaedea4-0636-4a28-8969-ceb75fc90963@group-6B08750156BF: change Leader from null to bbaedea4-0636-4a28-8969-ceb75fc90963 at term 10 for becomeLeader, leader elected after 1696ms
2019-10-16 07:48:46,435 [bbaedea4-0636-4a28-8969-ceb75fc90963@group-6B08750156BF-LeaderElection25] INFO  server.RaftServerConfigKeys (ConfUtils.java:logGet(43)) - raft.server.staging.catchup.gap = 1000 (default)
2019-10-16 07:48:46,435 [bbaedea4-0636-4a28-8969-ceb75fc90963@group-6B08750156BF-LeaderElection25] INFO  server.RaftServerConfigKeys (ConfUtils.java:logGet(43)) - raft.server.rpc.sleep.time = 25ms (default)
2019-10-16 07:48:46,436 [bbaedea4-0636-4a28-8969-ceb75fc90963@group-6B08750156BF-LeaderElection25] INFO  server.RaftServerConfigKeys (ConfUtils.java:logGet(43)) - raft.server.write.element-limit = 4096 (default)
2019-10-16 07:48:46,436 [bbaedea4-0636-4a28-8969-ceb75fc90963@group-6B08750156BF-LeaderElection25] INFO  server.RaftServerConfigKeys (ConfUtils.java:logGet(43)) - raft.server.watch.timeout = 10s (default)
2019-10-16 07:48:46,436 [bbaedea4-0636-4a28-8969-ceb75fc90963@group-6B08750156BF-LeaderElection25] INFO  server.RaftServerConfigKeys (ConfUtils.java:logGet(43)) - raft.server.watch.timeout.denomination = 1s (default)
2019-10-16 07:48:46,436 [bbaedea4-0636-4a28-8969-ceb75fc90963@group-6B08750156BF-LeaderElection25] INFO  server.RaftServerConfigKeys (ConfUtils.java:logGet(43)) - raft.server.watch.element-limit = 65536 (default)
2019-10-16 07:48:46,439 [bbaedea4-0636-4a28-8969-ceb75fc90963@group-6B08750156BF-LeaderElection25] INFO  server.RaftServerConfigKeys (ConfUtils.java:logGet(43)) - raft.server.log.appender.snapshot.chunk.size.max = 16MB (=16777216) (default)
2019-10-16 07:48:46,439 [bbaedea4-0636-4a28-8969-ceb75fc90963@group-6B08750156BF-LeaderElection25] INFO  server.RaftServerConfigKeys (ConfUtils.java:logGet(43)) - raft.server.log.appender.buffer.byte-limit = 33554432 (custom)
2019-10-16 07:48:46,439 [bbaedea4-0636-4a28-8969-ceb75fc90963@group-6B08750156BF-LeaderElection25] INFO  server.RaftServerConfigKeys (ConfUtils.java:logGet(43)) - raft.server.log.appender.buffer.element-limit = 1 (custom)
2019-10-16 07:48:46,439 [bbaedea4-0636-4a28-8969-ceb75fc90963@group-6B08750156BF-LeaderElection25] INFO  grpc.GrpcConfigKeys$Server (ConfUtils.java:logGet(43)) - raft.grpc.server.leader.outstanding.appends.max = 128 (default)
2019-10-16 07:48:46,440 [bbaedea4-0636-4a28-8969-ceb75fc90963@group-6B08750156BF-LeaderElection25] INFO  server.RaftServerConfigKeys (ConfUtils.java:logGet(43)) - raft.server.rpc.request.timeout = 3000ms (default)
2019-10-16 07:48:46,440 [bbaedea4-0636-4a28-8969-ceb75fc90963@group-6B08750156BF-LeaderElection25] INFO  server.RaftServerConfigKeys (ConfUtils.java:logGet(43)) - raft.server.log.appender.install.snapshot.enabled = false (custom)
2019-10-16 07:48:46,442 [bbaedea4-0636-4a28-8969-ceb75fc90963@group-6B08750156BF-LeaderElection25] INFO  server.RaftServerConfigKeys (ConfUtils.java:logGet(43)) - raft.server.log.appender.snapshot.chunk.size.max = 16MB (=16777216) (default)
2019-10-16 07:48:46,443 [bbaedea4-0636-4a28-8969-ceb75fc90963@group-6B08750156BF-LeaderElection25] INFO  server.RaftServerConfigKeys (ConfUtils.java:logGet(43)) - raft.server.log.appender.buffer.byte-limit = 33554432 (custom)
2019-10-16 07:48:46,443 [bbaedea4-0636-4a28-8969-ceb75fc90963@group-6B08750156BF-LeaderElection25] INFO  server.RaftServerConfigKeys (ConfUtils.java:logGet(43)) - raft.server.log.appender.buffer.element-limit = 1 (custom)
2019-10-16 07:48:46,443 [bbaedea4-0636-4a28-8969-ceb75fc90963@group-6B08750156BF-LeaderElection25] INFO  grpc.GrpcConfigKeys$Server (ConfUtils.java:logGet(43)) - raft.grpc.server.leader.outstanding.appends.max = 128 (default)
2019-10-16 07:48:46,443 [bbaedea4-0636-4a28-8969-ceb75fc90963@group-6B08750156BF-LeaderElection25] INFO  server.RaftServerConfigKeys (ConfUtils.java:logGet(43)) - raft.server.rpc.request.timeout = 3000ms (default)
2019-10-16 07:48:46,443 [bbaedea4-0636-4a28-8969-ceb75fc90963@group-6B08750156BF-LeaderElection25] INFO  server.RaftServerConfigKeys (ConfUtils.java:logGet(43)) - raft.server.log.appender.install.snapshot.enabled = false (custom)
2019-10-16 07:48:46,446 [bbaedea4-0636-4a28-8969-ceb75fc90963@group-6B08750156BF-LeaderElection25] INFO  impl.RoleInfo (RoleInfo.java:updateAndGet(143)) - bbaedea4-0636-4a28-8969-ceb75fc90963: start LeaderState
2019-10-16 07:48:46,446 [bbaedea4-0636-4a28-8969-ceb75fc90963@group-6B08750156BF-LeaderElection25] INFO  segmented.SegmentedRaftLogWorker (SegmentedRaftLogWorker.java:startLogSegment(385)) - bbaedea4-0636-4a28-8969-ceb75fc90963@group-6B08750156BF-SegmentedRaftLogWorker: Starting segment from index:0
2019-10-16 07:48:46,447 [bbaedea4-0636-4a28-8969-ceb75fc90963@group-6B08750156BF-LeaderElection25] INFO  impl.RaftServerImpl (ServerState.java:setRaftConf(357)) - bbaedea4-0636-4a28-8969-ceb75fc90963@group-6B08750156BF: set configuration 0: [34a4ce68-6cfa-4f54-b3e2-98c3134e5ebf:192.168.34.43:41110, 85034473-de92-432d-987c-753934731faa:192.168.34.43:42807, bbaedea4-0636-4a28-8969-ceb75fc90963:192.168.34.43:39038], old=null at 0
2019-10-16 07:48:46,483 [Thread-507] INFO  impl.FollowerState (FollowerState.java:run(108)) - eb54e0f1-19f2-4eeb-9522-1404b62d70c1@group-DE5B3FA1F64F-FollowerState: change to CANDIDATE, lastRpcTime:202ms, electionTimeout:188ms
2019-10-16 07:48:46,483 [Thread-507] INFO  impl.RoleInfo (RoleInfo.java:shutdownFollowerState(121)) - eb54e0f1-19f2-4eeb-9522-1404b62d70c1: shutdown FollowerState
2019-10-16 07:48:46,483 [Thread-507] INFO  impl.RaftServerImpl (RaftServerImpl.java:setRole(184)) - eb54e0f1-19f2-4eeb-9522-1404b62d70c1@group-DE5B3FA1F64F: changes role from  FOLLOWER to CANDIDATE at term 9 for changeToCandidate
2019-10-16 07:48:46,483 [Thread-507] INFO  impl.RoleInfo (RoleInfo.java:updateAndGet(143)) - eb54e0f1-19f2-4eeb-9522-1404b62d70c1: start LeaderElection
2019-10-16 07:48:46,486 [grpc-default-executor-2] INFO  impl.RaftServerImpl (ServerState.java:setLeader(256)) - 34a4ce68-6cfa-4f54-b3e2-98c3134e5ebf@group-6B08750156BF: change Leader from null to bbaedea4-0636-4a28-8969-ceb75fc90963 at term 10 for appendEntries, leader elected after 1747ms
2019-10-16 07:48:46,486 [grpc-default-executor-3] INFO  impl.RaftServerImpl (ServerState.java:setLeader(256)) - 85034473-de92-432d-987c-753934731faa@group-6B08750156BF: change Leader from null to bbaedea4-0636-4a28-8969-ceb75fc90963 at term 10 for appendEntries, leader elected after 1305ms
2019-10-16 07:48:46,490 [grpc-default-executor-2] INFO  impl.RaftServerImpl (ServerState.java:setRaftConf(357)) - 34a4ce68-6cfa-4f54-b3e2-98c3134e5ebf@group-6B08750156BF: set configuration 0: [34a4ce68-6cfa-4f54-b3e2-98c3134e5ebf:192.168.34.43:41110, 85034473-de92-432d-987c-753934731faa:192.168.34.43:42807, bbaedea4-0636-4a28-8969-ceb75fc90963:192.168.34.43:39038], old=null at 0
2019-10-16 07:48:46,490 [grpc-default-executor-3] INFO  impl.RaftServerImpl (ServerState.java:setRaftConf(357)) - 85034473-de92-432d-987c-753934731faa@group-6B08750156BF: set configuration 0: [34a4ce68-6cfa-4f54-b3e2-98c3134e5ebf:192.168.34.43:41110, 85034473-de92-432d-987c-753934731faa:192.168.34.43:42807, bbaedea4-0636-4a28-8969-ceb75fc90963:192.168.34.43:39038], old=null at 0
2019-10-16 07:48:46,490 [grpc-default-executor-2] INFO  segmented.SegmentedRaftLogWorker (SegmentedRaftLogWorker.java:startLogSegment(385)) - 34a4ce68-6cfa-4f54-b3e2-98c3134e5ebf@group-6B08750156BF-SegmentedRaftLogWorker: Starting segment from index:0
2019-10-16 07:48:46,492 [Thread-509] INFO  impl.FollowerState (FollowerState.java:run(108)) - 0230c08e-48f1-4f17-bace-004fbc1b55c4@group-DE5B3FA1F64F-FollowerState: change to CANDIDATE, lastRpcTime:192ms, electionTimeout:188ms
2019-10-16 07:48:46,492 [Thread-509] INFO  impl.RoleInfo (RoleInfo.java:shutdownFollowerState(121)) - 0230c08e-48f1-4f17-bace-004fbc1b55c4: shutdown FollowerState
2019-10-16 07:48:46,492 [Thread-509] INFO  impl.RaftServerImpl (RaftServerImpl.java:setRole(184)) - 0230c08e-48f1-4f17-bace-004fbc1b55c4@group-DE5B3FA1F64F: changes role from  FOLLOWER to CANDIDATE at term 9 for changeToCandidate
2019-10-16 07:48:46,493 [Thread-509] INFO  impl.RoleInfo (RoleInfo.java:updateAndGet(143)) - 0230c08e-48f1-4f17-bace-004fbc1b55c4: start LeaderElection
2019-10-16 07:48:46,494 [grpc-default-executor-3] INFO  segmented.SegmentedRaftLogWorker (SegmentedRaftLogWorker.java:truncate(401)) - 85034473-de92-432d-987c-753934731faa@group-6B08750156BF-SegmentedRaftLogWorker: Truncating segments toTruncate: null
  toDelete: [(0, 0) isOpen? true, length=0, newEndIndex=-1], start index 0
2019-10-16 07:48:46,495 [grpc-default-executor-3] INFO  segmented.SegmentedRaftLogWorker (SegmentedRaftLogWorker.java:startLogSegment(385)) - 85034473-de92-432d-987c-753934731faa@group-6B08750156BF-SegmentedRaftLogWorker: Starting segment from index:0
2019-10-16 07:48:46,496 [bbaedea4-0636-4a28-8969-ceb75fc90963@group-6B08750156BF-SegmentedRaftLogWorker] INFO  segmented.SegmentedRaftLogWorker (SegmentedRaftLogWorker.java:execute(576)) - bbaedea4-0636-4a28-8969-ceb75fc90963@group-6B08750156BF-SegmentedRaftLogWorker: created new log segment /workdir/hadoop-ozone/integration-test/target/test-dir/MiniOzoneClusterImpl-09750a2c-58c2-4184-91d8-c66eda428939/datanode-5/data/ratis/fb16610a-bd7b-42e1-82cf-6b08750156bf/current/log_inprogress_0
2019-10-16 07:48:46,496 [00430a6c-148f-42d2-bd35-49b9937462c3@group-769B46396E91-SegmentedRaftLogWorker] INFO  segmented.SegmentedRaftLogWorker (SegmentedRaftLogWorker.java:execute(576)) - 00430a6c-148f-42d2-bd35-49b9937462c3@group-769B46396E91-SegmentedRaftLogWorker: created new log segment /workdir/hadoop-ozone/integration-test/target/test-dir/MiniOzoneClusterImpl-09750a2c-58c2-4184-91d8-c66eda428939/datanode-8/data/ratis/a36ce8dd-a38e-43b7-9466-769b46396e91/current/log_inprogress_0
2019-10-16 07:48:46,496 [3e390cd5-6e5f-4e4a-89b9-5d2d9c64b08e@group-769B46396E91-SegmentedRaftLogWorker] INFO  segmented.SegmentedRaftLogWorker (SegmentedRaftLogWorker.java:execute(576)) - 3e390cd5-6e5f-4e4a-89b9-5d2d9c64b08e@group-769B46396E91-SegmentedRaftLogWorker: created new log segment /workdir/hadoop-ozone/integration-test/target/test-dir/MiniOzoneClusterImpl-09750a2c-58c2-4184-91d8-c66eda428939/datanode-1/data/ratis/a36ce8dd-a38e-43b7-9466-769b46396e91/current/log_inprogress_0
2019-10-16 07:48:46,497 [eb54e0f1-19f2-4eeb-9522-1404b62d70c1@group-DE5B3FA1F64F-LeaderElection26] INFO  impl.LeaderElection (LeaderElection.java:askForVotes(178)) - eb54e0f1-19f2-4eeb-9522-1404b62d70c1@group-DE5B3FA1F64F-LeaderElection26: begin an election at term 10 for -1: [eb54e0f1-19f2-4eeb-9522-1404b62d70c1:192.168.34.43:32785, b906d628-5b11-472e-bef9-55c10a56a009:192.168.34.43:38952, 0230c08e-48f1-4f17-bace-004fbc1b55c4:192.168.34.43:40481], old=null
2019-10-16 07:48:46,497 [85034473-de92-432d-987c-753934731faa@group-6B08750156BF-SegmentedRaftLogWorker] INFO  segmented.SegmentedRaftLogWorker (SegmentedRaftLogWorker.java:execute(640)) - 85034473-de92-432d-987c-753934731faa@group-6B08750156BF-SegmentedRaftLogWorker: Deleted log file /workdir/hadoop-ozone/integration-test/target/test-dir/MiniOzoneClusterImpl-09750a2c-58c2-4184-91d8-c66eda428939/datanode-0/data/ratis/fb16610a-bd7b-42e1-82cf-6b08750156bf/current/log_inprogress_0
2019-10-16 07:48:46,497 [85034473-de92-432d-987c-753934731faa@group-6B08750156BF-SegmentedRaftLogWorker] INFO  segmented.SegmentedRaftLogWorker (SegmentedRaftLogWorker.java:lambda$new$0(128)) - 85034473-de92-432d-987c-753934731faa@group-6B08750156BF-SegmentedRaftLogWorker: flushIndex: setUnconditionally 0 -> -1
2019-10-16 07:48:46,497 [0230c08e-48f1-4f17-bace-004fbc1b55c4@group-DE5B3FA1F64F-LeaderElection27] INFO  impl.LeaderElection (LeaderElection.java:askForVotes(178)) - 0230c08e-48f1-4f17-bace-004fbc1b55c4@group-DE5B3FA1F64F-LeaderElection27: begin an election at term 10 for -1: [eb54e0f1-19f2-4eeb-9522-1404b62d70c1:192.168.34.43:32785, b906d628-5b11-472e-bef9-55c10a56a009:192.168.34.43:38952, 0230c08e-48f1-4f17-bace-004fbc1b55c4:192.168.34.43:40481], old=null
2019-10-16 07:48:46,537 [grpc-default-executor-10] INFO  impl.RaftServerImpl (RaftServerImpl.java:setRole(184)) - b906d628-5b11-472e-bef9-55c10a56a009@group-DE5B3FA1F64F: changes role from  FOLLOWER to FOLLOWER at term 10 for recognizeCandidate:eb54e0f1-19f2-4eeb-9522-1404b62d70c1
2019-10-16 07:48:46,537 [grpc-default-executor-10] INFO  impl.RoleInfo (RoleInfo.java:shutdownFollowerState(121)) - b906d628-5b11-472e-bef9-55c10a56a009: shutdown FollowerState
2019-10-16 07:48:46,537 [grpc-default-executor-10] INFO  impl.RoleInfo (RoleInfo.java:updateAndGet(143)) - b906d628-5b11-472e-bef9-55c10a56a009: start FollowerState
2019-10-16 07:48:46,537 [Thread-506] INFO  impl.FollowerState (FollowerState.java:run(117)) - b906d628-5b11-472e-bef9-55c10a56a009@group-DE5B3FA1F64F-FollowerState was interrupted: java.lang.InterruptedException: sleep interrupted
2019-10-16 07:48:46,551 [34a4ce68-6cfa-4f54-b3e2-98c3134e5ebf@group-6B08750156BF-SegmentedRaftLogWorker] INFO  segmented.SegmentedRaftLogWorker (SegmentedRaftLogWorker.java:execute(576)) - 34a4ce68-6cfa-4f54-b3e2-98c3134e5ebf@group-6B08750156BF-SegmentedRaftLogWorker: created new log segment /workdir/hadoop-ozone/integration-test/target/test-dir/MiniOzoneClusterImpl-09750a2c-58c2-4184-91d8-c66eda428939/datanode-3/data/ratis/fb16610a-bd7b-42e1-82cf-6b08750156bf/current/log_inprogress_0
2019-10-16 07:48:46,551 [85034473-de92-432d-987c-753934731faa@group-6B08750156BF-SegmentedRaftLogWorker] INFO  segmented.SegmentedRaftLogWorker (SegmentedRaftLogWorker.java:execute(576)) - 85034473-de92-432d-987c-753934731faa@group-6B08750156BF-SegmentedRaftLogWorker: created new log segment /workdir/hadoop-ozone/integration-test/target/test-dir/MiniOzoneClusterImpl-09750a2c-58c2-4184-91d8-c66eda428939/datanode-0/data/ratis/fb16610a-bd7b-42e1-82cf-6b08750156bf/current/log_inprogress_0
2019-10-16 07:48:46,551 [grpc-default-executor-6] INFO  impl.RaftServerImpl (RaftServerImpl.java:setRole(184)) - b906d628-5b11-472e-bef9-55c10a56a009@group-DE5B3FA1F64F: changes role from  FOLLOWER to FOLLOWER at term 10 for recognizeCandidate:0230c08e-48f1-4f17-bace-004fbc1b55c4
2019-10-16 07:48:46,554 [grpc-default-executor-6] INFO  impl.RoleInfo (RoleInfo.java:shutdownFollowerState(121)) - b906d628-5b11-472e-bef9-55c10a56a009: shutdown FollowerState
2019-10-16 07:48:46,555 [Thread-546] INFO  impl.FollowerState (FollowerState.java:run(117)) - b906d628-5b11-472e-bef9-55c10a56a009@group-DE5B3FA1F64F-FollowerState was interrupted: java.lang.InterruptedException: sleep interrupted
2019-10-16 07:48:46,555 [grpc-default-executor-6] INFO  impl.RoleInfo (RoleInfo.java:updateAndGet(143)) - b906d628-5b11-472e-bef9-55c10a56a009: start FollowerState
2019-10-16 07:48:46,556 [eb54e0f1-19f2-4eeb-9522-1404b62d70c1@group-DE5B3FA1F64F-LeaderElection26] INFO  impl.LeaderElection (LeaderElection.java:logAndReturn(56)) - eb54e0f1-19f2-4eeb-9522-1404b62d70c1@group-DE5B3FA1F64F-LeaderElection26: Election REJECTED; received 2 response(s) [eb54e0f1-19f2-4eeb-9522-1404b62d70c1<-b906d628-5b11-472e-bef9-55c10a56a009#0:FAIL-t10, eb54e0f1-19f2-4eeb-9522-1404b62d70c1<-0230c08e-48f1-4f17-bace-004fbc1b55c4#0:FAIL-t10] and 0 exception(s); eb54e0f1-19f2-4eeb-9522-1404b62d70c1@group-DE5B3FA1F64F:t10, leader=null, voted=eb54e0f1-19f2-4eeb-9522-1404b62d70c1, raftlog=eb54e0f1-19f2-4eeb-9522-1404b62d70c1@group-DE5B3FA1F64F-SegmentedRaftLog:OPENED:c-1,f-1,i0, conf=-1: [eb54e0f1-19f2-4eeb-9522-1404b62d70c1:192.168.34.43:32785, b906d628-5b11-472e-bef9-55c10a56a009:192.168.34.43:38952, 0230c08e-48f1-4f17-bace-004fbc1b55c4:192.168.34.43:40481], old=null
2019-10-16 07:48:46,556 [eb54e0f1-19f2-4eeb-9522-1404b62d70c1@group-DE5B3FA1F64F-LeaderElection26] INFO  impl.RaftServerImpl (RaftServerImpl.java:setRole(184)) - eb54e0f1-19f2-4eeb-9522-1404b62d70c1@group-DE5B3FA1F64F: changes role from CANDIDATE to FOLLOWER at term 10 for DISCOVERED_A_NEW_TERM
2019-10-16 07:48:46,556 [eb54e0f1-19f2-4eeb-9522-1404b62d70c1@group-DE5B3FA1F64F-LeaderElection26] INFO  impl.RoleInfo (RoleInfo.java:shutdownLeaderElection(134)) - eb54e0f1-19f2-4eeb-9522-1404b62d70c1: shutdown LeaderElection
2019-10-16 07:48:46,556 [eb54e0f1-19f2-4eeb-9522-1404b62d70c1@group-DE5B3FA1F64F-LeaderElection26] INFO  impl.RoleInfo (RoleInfo.java:updateAndGet(143)) - eb54e0f1-19f2-4eeb-9522-1404b62d70c1: start FollowerState
2019-10-16 07:48:46,557 [0230c08e-48f1-4f17-bace-004fbc1b55c4@group-DE5B3FA1F64F-LeaderElection27] INFO  impl.LeaderElection (LeaderElection.java:logAndReturn(56)) - 0230c08e-48f1-4f17-bace-004fbc1b55c4@group-DE5B3FA1F64F-LeaderElection27: Election REJECTED; received 2 response(s) [0230c08e-48f1-4f17-bace-004fbc1b55c4<-eb54e0f1-19f2-4eeb-9522-1404b62d70c1#0:FAIL-t10, 0230c08e-48f1-4f17-bace-004fbc1b55c4<-b906d628-5b11-472e-bef9-55c10a56a009#0:FAIL-t10] and 0 exception(s); 0230c08e-48f1-4f17-bace-004fbc1b55c4@group-DE5B3FA1F64F:t10, leader=null, voted=0230c08e-48f1-4f17-bace-004fbc1b55c4, raftlog=0230c08e-48f1-4f17-bace-004fbc1b55c4@group-DE5B3FA1F64F-SegmentedRaftLog:OPENED:c-1,f-1,i0, conf=-1: [eb54e0f1-19f2-4eeb-9522-1404b62d70c1:192.168.34.43:32785, b906d628-5b11-472e-bef9-55c10a56a009:192.168.34.43:38952, 0230c08e-48f1-4f17-bace-004fbc1b55c4:192.168.34.43:40481], old=null
2019-10-16 07:48:46,557 [0230c08e-48f1-4f17-bace-004fbc1b55c4@group-DE5B3FA1F64F-LeaderElection27] INFO  impl.RaftServerImpl (RaftServerImpl.java:setRole(184)) - 0230c08e-48f1-4f17-bace-004fbc1b55c4@group-DE5B3FA1F64F: changes role from CANDIDATE to FOLLOWER at term 10 for DISCOVERED_A_NEW_TERM
2019-10-16 07:48:46,557 [0230c08e-48f1-4f17-bace-004fbc1b55c4@group-DE5B3FA1F64F-LeaderElection27] INFO  impl.RoleInfo (RoleInfo.java:shutdownLeaderElection(134)) - 0230c08e-48f1-4f17-bace-004fbc1b55c4: shutdown LeaderElection
2019-10-16 07:48:46,557 [0230c08e-48f1-4f17-bace-004fbc1b55c4@group-DE5B3FA1F64F-LeaderElection27] INFO  impl.RoleInfo (RoleInfo.java:updateAndGet(143)) - 0230c08e-48f1-4f17-bace-004fbc1b55c4: start FollowerState
2019-10-16 07:48:46,690 [Thread-551] INFO  impl.FollowerState (FollowerState.java:run(108)) - 0230c08e-48f1-4f17-bace-004fbc1b55c4@group-DE5B3FA1F64F-FollowerState: change to CANDIDATE, lastRpcTime:132ms, electionTimeout:132ms
2019-10-16 07:48:46,690 [Thread-551] INFO  impl.RoleInfo (RoleInfo.java:shutdownFollowerState(121)) - 0230c08e-48f1-4f17-bace-004fbc1b55c4: shutdown FollowerState
2019-10-16 07:48:46,690 [Thread-551] INFO  impl.RaftServerImpl (RaftServerImpl.java:setRole(184)) - 0230c08e-48f1-4f17-bace-004fbc1b55c4@group-DE5B3FA1F64F: changes role from  FOLLOWER to CANDIDATE at term 10 for changeToCandidate
2019-10-16 07:48:46,690 [Thread-551] INFO  impl.RoleInfo (RoleInfo.java:updateAndGet(143)) - 0230c08e-48f1-4f17-bace-004fbc1b55c4: start LeaderElection
2019-10-16 07:48:46,703 [0230c08e-48f1-4f17-bace-004fbc1b55c4@group-DE5B3FA1F64F-LeaderElection28] INFO  impl.LeaderElection (LeaderElection.java:askForVotes(178)) - 0230c08e-48f1-4f17-bace-004fbc1b55c4@group-DE5B3FA1F64F-LeaderElection28: begin an election at term 11 for -1: [eb54e0f1-19f2-4eeb-9522-1404b62d70c1:192.168.34.43:32785, b906d628-5b11-472e-bef9-55c10a56a009:192.168.34.43:38952, 0230c08e-48f1-4f17-bace-004fbc1b55c4:192.168.34.43:40481], old=null
2019-10-16 07:48:46,706 [grpc-default-executor-6] INFO  impl.RaftServerImpl (RaftServerImpl.java:setRole(184)) - b906d628-5b11-472e-bef9-55c10a56a009@group-DE5B3FA1F64F: changes role from  FOLLOWER to FOLLOWER at term 11 for recognizeCandidate:0230c08e-48f1-4f17-bace-004fbc1b55c4
2019-10-16 07:48:46,706 [grpc-default-executor-6] INFO  impl.RoleInfo (RoleInfo.java:shutdownFollowerState(121)) - b906d628-5b11-472e-bef9-55c10a56a009: shutdown FollowerState
2019-10-16 07:48:46,706 [grpc-default-executor-9] INFO  impl.RaftServerImpl (RaftServerImpl.java:setRole(184)) - eb54e0f1-19f2-4eeb-9522-1404b62d70c1@group-DE5B3FA1F64F: changes role from  FOLLOWER to FOLLOWER at term 11 for recognizeCandidate:0230c08e-48f1-4f17-bace-004fbc1b55c4
2019-10-16 07:48:46,706 [Thread-548] INFO  impl.FollowerState (FollowerState.java:run(117)) - b906d628-5b11-472e-bef9-55c10a56a009@group-DE5B3FA1F64F-FollowerState was interrupted: java.lang.InterruptedException: sleep interrupted
2019-10-16 07:48:46,706 [grpc-default-executor-6] INFO  impl.RoleInfo (RoleInfo.java:updateAndGet(143)) - b906d628-5b11-472e-bef9-55c10a56a009: start FollowerState
2019-10-16 07:48:46,707 [grpc-default-executor-9] INFO  impl.RoleInfo (RoleInfo.java:shutdownFollowerState(121)) - eb54e0f1-19f2-4eeb-9522-1404b62d70c1: shutdown FollowerState
2019-10-16 07:48:46,707 [Thread-549] INFO  impl.FollowerState (FollowerState.java:run(117)) - eb54e0f1-19f2-4eeb-9522-1404b62d70c1@group-DE5B3FA1F64F-FollowerState was interrupted: java.lang.InterruptedException: sleep interrupted
2019-10-16 07:48:46,707 [grpc-default-executor-9] INFO  impl.RoleInfo (RoleInfo.java:updateAndGet(143)) - eb54e0f1-19f2-4eeb-9522-1404b62d70c1: start FollowerState
2019-10-16 07:48:46,723 [0230c08e-48f1-4f17-bace-004fbc1b55c4@group-DE5B3FA1F64F-LeaderElection28] INFO  impl.LeaderElection (LeaderElection.java:logAndReturn(56)) - 0230c08e-48f1-4f17-bace-004fbc1b55c4@group-DE5B3FA1F64F-LeaderElection28: Election PASSED; received 2 response(s) [0230c08e-48f1-4f17-bace-004fbc1b55c4<-eb54e0f1-19f2-4eeb-9522-1404b62d70c1#0:OK-t11, 0230c08e-48f1-4f17-bace-004fbc1b55c4<-b906d628-5b11-472e-bef9-55c10a56a009#0:FAIL-t11] and 0 exception(s); 0230c08e-48f1-4f17-bace-004fbc1b55c4@group-DE5B3FA1F64F:t11, leader=null, voted=0230c08e-48f1-4f17-bace-004fbc1b55c4, raftlog=0230c08e-48f1-4f17-bace-004fbc1b55c4@group-DE5B3FA1F64F-SegmentedRaftLog:OPENED:c-1,f-1,i0, conf=-1: [eb54e0f1-19f2-4eeb-9522-1404b62d70c1:192.168.34.43:32785, b906d628-5b11-472e-bef9-55c10a56a009:192.168.34.43:38952, 0230c08e-48f1-4f17-bace-004fbc1b55c4:192.168.34.43:40481], old=null
2019-10-16 07:48:46,723 [0230c08e-48f1-4f17-bace-004fbc1b55c4@group-DE5B3FA1F64F-LeaderElection28] INFO  impl.RoleInfo (RoleInfo.java:shutdownLeaderElection(134)) - 0230c08e-48f1-4f17-bace-004fbc1b55c4: shutdown LeaderElection
2019-10-16 07:48:46,724 [0230c08e-48f1-4f17-bace-004fbc1b55c4@group-DE5B3FA1F64F-LeaderElection28] INFO  impl.RaftServerImpl (RaftServerImpl.java:setRole(184)) - 0230c08e-48f1-4f17-bace-004fbc1b55c4@group-DE5B3FA1F64F: changes role from CANDIDATE to LEADER at term 11 for changeToLeader
2019-10-16 07:48:46,724 [0230c08e-48f1-4f17-bace-004fbc1b55c4@group-DE5B3FA1F64F-LeaderElection28] INFO  impl.RaftServerImpl (ServerState.java:setLeader(256)) - 0230c08e-48f1-4f17-bace-004fbc1b55c4@group-DE5B3FA1F64F: change Leader from null to 0230c08e-48f1-4f17-bace-004fbc1b55c4 at term 11 for becomeLeader, leader elected after 1824ms
2019-10-16 07:48:46,724 [0230c08e-48f1-4f17-bace-004fbc1b55c4@group-DE5B3FA1F64F-LeaderElection28] INFO  server.RaftServerConfigKeys (ConfUtils.java:logGet(43)) - raft.server.staging.catchup.gap = 1000 (default)
2019-10-16 07:48:46,724 [0230c08e-48f1-4f17-bace-004fbc1b55c4@group-DE5B3FA1F64F-LeaderElection28] INFO  server.RaftServerConfigKeys (ConfUtils.java:logGet(43)) - raft.server.rpc.sleep.time = 25ms (default)
2019-10-16 07:48:46,724 [0230c08e-48f1-4f17-bace-004fbc1b55c4@group-DE5B3FA1F64F-LeaderElection28] INFO  server.RaftServerConfigKeys (ConfUtils.java:logGet(43)) - raft.server.write.element-limit = 4096 (default)
2019-10-16 07:48:46,724 [0230c08e-48f1-4f17-bace-004fbc1b55c4@group-DE5B3FA1F64F-LeaderElection28] INFO  server.RaftServerConfigKeys (ConfUtils.java:logGet(43)) - raft.server.watch.timeout = 10s (default)
2019-10-16 07:48:46,725 [0230c08e-48f1-4f17-bace-004fbc1b55c4@group-DE5B3FA1F64F-LeaderElection28] INFO  server.RaftServerConfigKeys (ConfUtils.java:logGet(43)) - raft.server.watch.timeout.denomination = 1s (default)
2019-10-16 07:48:46,725 [0230c08e-48f1-4f17-bace-004fbc1b55c4@group-DE5B3FA1F64F-LeaderElection28] INFO  server.RaftServerConfigKeys (ConfUtils.java:logGet(43)) - raft.server.watch.element-limit = 65536 (default)
2019-10-16 07:48:46,728 [0230c08e-48f1-4f17-bace-004fbc1b55c4@group-DE5B3FA1F64F-LeaderElection28] INFO  server.RaftServerConfigKeys (ConfUtils.java:logGet(43)) - raft.server.log.appender.snapshot.chunk.size.max = 16MB (=16777216) (default)
2019-10-16 07:48:46,728 [0230c08e-48f1-4f17-bace-004fbc1b55c4@group-DE5B3FA1F64F-LeaderElection28] INFO  server.RaftServerConfigKeys (ConfUtils.java:logGet(43)) - raft.server.log.appender.buffer.byte-limit = 33554432 (custom)
2019-10-16 07:48:46,728 [0230c08e-48f1-4f17-bace-004fbc1b55c4@group-DE5B3FA1F64F-LeaderElection28] INFO  server.RaftServerConfigKeys (ConfUtils.java:logGet(43)) - raft.server.log.appender.buffer.element-limit = 1 (custom)
2019-10-16 07:48:46,729 [0230c08e-48f1-4f17-bace-004fbc1b55c4@group-DE5B3FA1F64F-LeaderElection28] INFO  grpc.GrpcConfigKeys$Server (ConfUtils.java:logGet(43)) - raft.grpc.server.leader.outstanding.appends.max = 128 (default)
2019-10-16 07:48:46,729 [0230c08e-48f1-4f17-bace-004fbc1b55c4@group-DE5B3FA1F64F-LeaderElection28] INFO  server.RaftServerConfigKeys (ConfUtils.java:logGet(43)) - raft.server.rpc.request.timeout = 3000ms (default)
2019-10-16 07:48:46,729 [0230c08e-48f1-4f17-bace-004fbc1b55c4@group-DE5B3FA1F64F-LeaderElection28] INFO  server.RaftServerConfigKeys (ConfUtils.java:logGet(43)) - raft.server.log.appender.install.snapshot.enabled = false (custom)
2019-10-16 07:48:46,732 [0230c08e-48f1-4f17-bace-004fbc1b55c4@group-DE5B3FA1F64F-LeaderElection28] INFO  server.RaftServerConfigKeys (ConfUtils.java:logGet(43)) - raft.server.log.appender.snapshot.chunk.size.max = 16MB (=16777216) (default)
2019-10-16 07:48:46,732 [0230c08e-48f1-4f17-bace-004fbc1b55c4@group-DE5B3FA1F64F-LeaderElection28] INFO  server.RaftServerConfigKeys (ConfUtils.java:logGet(43)) - raft.server.log.appender.buffer.byte-limit = 33554432 (custom)
2019-10-16 07:48:46,732 [0230c08e-48f1-4f17-bace-004fbc1b55c4@group-DE5B3FA1F64F-LeaderElection28] INFO  server.RaftServerConfigKeys (ConfUtils.java:logGet(43)) - raft.server.log.appender.buffer.element-limit = 1 (custom)
2019-10-16 07:48:46,732 [0230c08e-48f1-4f17-bace-004fbc1b55c4@group-DE5B3FA1F64F-LeaderElection28] INFO  grpc.GrpcConfigKeys$Server (ConfUtils.java:logGet(43)) - raft.grpc.server.leader.outstanding.appends.max = 128 (default)
2019-10-16 07:48:46,732 [0230c08e-48f1-4f17-bace-004fbc1b55c4@group-DE5B3FA1F64F-LeaderElection28] INFO  server.RaftServerConfigKeys (ConfUtils.java:logGet(43)) - raft.server.rpc.request.timeout = 3000ms (default)
2019-10-16 07:48:46,732 [0230c08e-48f1-4f17-bace-004fbc1b55c4@group-DE5B3FA1F64F-LeaderElection28] INFO  server.RaftServerConfigKeys (ConfUtils.java:logGet(43)) - raft.server.log.appender.install.snapshot.enabled = false (custom)
2019-10-16 07:48:46,735 [0230c08e-48f1-4f17-bace-004fbc1b55c4@group-DE5B3FA1F64F-LeaderElection28] INFO  impl.RoleInfo (RoleInfo.java:updateAndGet(143)) - 0230c08e-48f1-4f17-bace-004fbc1b55c4: start LeaderState
2019-10-16 07:48:46,735 [0230c08e-48f1-4f17-bace-004fbc1b55c4@group-DE5B3FA1F64F-LeaderElection28] INFO  segmented.SegmentedRaftLogWorker (SegmentedRaftLogWorker.java:startLogSegment(385)) - 0230c08e-48f1-4f17-bace-004fbc1b55c4@group-DE5B3FA1F64F-SegmentedRaftLogWorker: Starting segment from index:0
2019-10-16 07:48:46,736 [0230c08e-48f1-4f17-bace-004fbc1b55c4@group-DE5B3FA1F64F-LeaderElection28] INFO  impl.RaftServerImpl (ServerState.java:setRaftConf(357)) - 0230c08e-48f1-4f17-bace-004fbc1b55c4@group-DE5B3FA1F64F: set configuration 0: [eb54e0f1-19f2-4eeb-9522-1404b62d70c1:192.168.34.43:32785, b906d628-5b11-472e-bef9-55c10a56a009:192.168.34.43:38952, 0230c08e-48f1-4f17-bace-004fbc1b55c4:192.168.34.43:40481], old=null at 0
2019-10-16 07:48:46,774 [grpc-default-executor-6] INFO  impl.RaftServerImpl (ServerState.java:setLeader(256)) - eb54e0f1-19f2-4eeb-9522-1404b62d70c1@group-DE5B3FA1F64F: change Leader from null to 0230c08e-48f1-4f17-bace-004fbc1b55c4 at term 11 for appendEntries, leader elected after 1874ms
2019-10-16 07:48:46,775 [grpc-default-executor-9] INFO  impl.RaftServerImpl (ServerState.java:setLeader(256)) - b906d628-5b11-472e-bef9-55c10a56a009@group-DE5B3FA1F64F: change Leader from null to 0230c08e-48f1-4f17-bace-004fbc1b55c4 at term 11 for appendEntries, leader elected after 514ms
2019-10-16 07:48:46,780 [grpc-default-executor-9] INFO  impl.RaftServerImpl (ServerState.java:setRaftConf(357)) - eb54e0f1-19f2-4eeb-9522-1404b62d70c1@group-DE5B3FA1F64F: set configuration 0: [eb54e0f1-19f2-4eeb-9522-1404b62d70c1:192.168.34.43:32785, b906d628-5b11-472e-bef9-55c10a56a009:192.168.34.43:38952, 0230c08e-48f1-4f17-bace-004fbc1b55c4:192.168.34.43:40481], old=null at 0
2019-10-16 07:48:46,780 [grpc-default-executor-6] INFO  impl.RaftServerImpl (ServerState.java:setRaftConf(357)) - b906d628-5b11-472e-bef9-55c10a56a009@group-DE5B3FA1F64F: set configuration 0: [eb54e0f1-19f2-4eeb-9522-1404b62d70c1:192.168.34.43:32785, b906d628-5b11-472e-bef9-55c10a56a009:192.168.34.43:38952, 0230c08e-48f1-4f17-bace-004fbc1b55c4:192.168.34.43:40481], old=null at 0
2019-10-16 07:48:46,781 [grpc-default-executor-9] INFO  segmented.SegmentedRaftLogWorker (SegmentedRaftLogWorker.java:startLogSegment(385)) - eb54e0f1-19f2-4eeb-9522-1404b62d70c1@group-DE5B3FA1F64F-SegmentedRaftLogWorker: Starting segment from index:0
2019-10-16 07:48:46,781 [grpc-default-executor-6] INFO  segmented.SegmentedRaftLogWorker (SegmentedRaftLogWorker.java:truncate(401)) - b906d628-5b11-472e-bef9-55c10a56a009@group-DE5B3FA1F64F-SegmentedRaftLogWorker: Truncating segments toTruncate: null
  toDelete: [(0, 0) isOpen? true, length=0, newEndIndex=-1], start index 0
2019-10-16 07:48:46,782 [grpc-default-executor-6] INFO  segmented.SegmentedRaftLogWorker (SegmentedRaftLogWorker.java:startLogSegment(385)) - b906d628-5b11-472e-bef9-55c10a56a009@group-DE5B3FA1F64F-SegmentedRaftLogWorker: Starting segment from index:0
2019-10-16 07:48:46,782 [b906d628-5b11-472e-bef9-55c10a56a009@group-DE5B3FA1F64F-SegmentedRaftLogWorker] INFO  segmented.SegmentedRaftLogWorker (SegmentedRaftLogWorker.java:execute(640)) - b906d628-5b11-472e-bef9-55c10a56a009@group-DE5B3FA1F64F-SegmentedRaftLogWorker: Deleted log file /workdir/hadoop-ozone/integration-test/target/test-dir/MiniOzoneClusterImpl-09750a2c-58c2-4184-91d8-c66eda428939/datanode-4/data/ratis/a3d5664a-d4f2-453b-a36f-de5b3fa1f64f/current/log_inprogress_0
2019-10-16 07:48:46,782 [b906d628-5b11-472e-bef9-55c10a56a009@group-DE5B3FA1F64F-SegmentedRaftLogWorker] INFO  segmented.SegmentedRaftLogWorker (SegmentedRaftLogWorker.java:lambda$new$0(128)) - b906d628-5b11-472e-bef9-55c10a56a009@group-DE5B3FA1F64F-SegmentedRaftLogWorker: flushIndex: setUnconditionally 0 -> -1
2019-10-16 07:48:46,782 [0230c08e-48f1-4f17-bace-004fbc1b55c4@group-DE5B3FA1F64F-SegmentedRaftLogWorker] INFO  segmented.SegmentedRaftLogWorker (SegmentedRaftLogWorker.java:execute(576)) - 0230c08e-48f1-4f17-bace-004fbc1b55c4@group-DE5B3FA1F64F-SegmentedRaftLogWorker: created new log segment /workdir/hadoop-ozone/integration-test/target/test-dir/MiniOzoneClusterImpl-09750a2c-58c2-4184-91d8-c66eda428939/datanode-2/data/ratis/a3d5664a-d4f2-453b-a36f-de5b3fa1f64f/current/log_inprogress_0
2019-10-16 07:48:46,825 [eb54e0f1-19f2-4eeb-9522-1404b62d70c1@group-DE5B3FA1F64F-SegmentedRaftLogWorker] INFO  segmented.SegmentedRaftLogWorker (SegmentedRaftLogWorker.java:execute(576)) - eb54e0f1-19f2-4eeb-9522-1404b62d70c1@group-DE5B3FA1F64F-SegmentedRaftLogWorker: created new log segment /workdir/hadoop-ozone/integration-test/target/test-dir/MiniOzoneClusterImpl-09750a2c-58c2-4184-91d8-c66eda428939/datanode-6/data/ratis/a3d5664a-d4f2-453b-a36f-de5b3fa1f64f/current/log_inprogress_0
2019-10-16 07:48:46,825 [b906d628-5b11-472e-bef9-55c10a56a009@group-DE5B3FA1F64F-SegmentedRaftLogWorker] INFO  segmented.SegmentedRaftLogWorker (SegmentedRaftLogWorker.java:execute(576)) - b906d628-5b11-472e-bef9-55c10a56a009@group-DE5B3FA1F64F-SegmentedRaftLogWorker: created new log segment /workdir/hadoop-ozone/integration-test/target/test-dir/MiniOzoneClusterImpl-09750a2c-58c2-4184-91d8-c66eda428939/datanode-4/data/ratis/a3d5664a-d4f2-453b-a36f-de5b3fa1f64f/current/log_inprogress_0
2019-10-16 07:48:48,063 [IPC Server handler 18 on 32823] ERROR lock.LockManager (LockManager.java:getLockForReleasing(218)) - Trying to release the lock on /9c189c59-48fe-4872-8dbb-112a103c4d24/1f0efd32-4ffb-413a-aaee-c42e6f1d0345, which was never acquired.
2019-10-16 07:48:48,065 [IPC Server handler 18 on 32823] WARN  ipc.Server (Server.java:logException(2724)) - IPC Server handler 18 on 32823, call Call#71 Retry#0 org.apache.hadoop.ozone.om.protocol.OzoneManagerProtocol.submitRequest from 127.0.0.1:57538
java.lang.IllegalMonitorStateException: Releasing lock on resource /9c189c59-48fe-4872-8dbb-112a103c4d24/1f0efd32-4ffb-413a-aaee-c42e6f1d0345 without acquiring lock
	at org.apache.hadoop.ozone.lock.LockManager.getLockForReleasing(LockManager.java:220)
	at org.apache.hadoop.ozone.lock.LockManager.release(LockManager.java:168)
	at org.apache.hadoop.ozone.lock.LockManager.writeUnlock(LockManager.java:148)
	at org.apache.hadoop.ozone.om.lock.OzoneManagerLock.unlock(OzoneManagerLock.java:364)
	at org.apache.hadoop.ozone.om.lock.OzoneManagerLock.releaseWriteLock(OzoneManagerLock.java:329)
	at org.apache.hadoop.ozone.om.request.key.OMKeyCommitRequest.validateAndUpdateCache(OMKeyCommitRequest.java:177)
	at org.apache.hadoop.ozone.protocolPB.OzoneManagerProtocolServerSideTranslatorPB.submitRequestDirectlyToOM(OzoneManagerProtocolServerSideTranslatorPB.java:219)
	at org.apache.hadoop.ozone.protocolPB.OzoneManagerProtocolServerSideTranslatorPB.processRequest(OzoneManagerProtocolServerSideTranslatorPB.java:134)
	at org.apache.hadoop.hdds.server.OzoneProtocolMessageDispatcher.processRequest(OzoneProtocolMessageDispatcher.java:72)
	at org.apache.hadoop.ozone.protocolPB.OzoneManagerProtocolServerSideTranslatorPB.submitRequest(OzoneManagerProtocolServerSideTranslatorPB.java:100)
	at org.apache.hadoop.ozone.protocol.proto.OzoneManagerProtocolProtos$OzoneManagerService$2.callBlockingMethod(OzoneManagerProtocolProtos.java)
	at org.apache.hadoop.ipc.ProtobufRpcEngine$Server$ProtoBufRpcInvoker.call(ProtobufRpcEngine.java:524)
	at org.apache.hadoop.ipc.RPC$Server.call(RPC.java:1025)
	at org.apache.hadoop.ipc.Server$RpcCall.run(Server.java:876)
	at org.apache.hadoop.ipc.Server$RpcCall.run(Server.java:822)
	at java.security.AccessController.doPrivileged(Native Method)
	at javax.security.auth.Subject.doAs(Subject.java:422)
	at org.apache.hadoop.security.UserGroupInformation.doAs(UserGroupInformation.java:1730)
	at org.apache.hadoop.ipc.Server$Handler.run(Server.java:2682)
2019-10-16 07:48:48,076 [main] INFO  retry.RetryInvocationHandler (RetryInvocationHandler.java:log(411)) - com.google.protobuf.ServiceException: org.apache.hadoop.ipc.RemoteException(java.lang.IllegalMonitorStateException): Releasing lock on resource /9c189c59-48fe-4872-8dbb-112a103c4d24/1f0efd32-4ffb-413a-aaee-c42e6f1d0345 without acquiring lock
	at org.apache.hadoop.ozone.lock.LockManager.getLockForReleasing(LockManager.java:220)
	at org.apache.hadoop.ozone.lock.LockManager.release(LockManager.java:168)
	at org.apache.hadoop.ozone.lock.LockManager.writeUnlock(LockManager.java:148)
	at org.apache.hadoop.ozone.om.lock.OzoneManagerLock.unlock(OzoneManagerLock.java:364)
	at org.apache.hadoop.ozone.om.lock.OzoneManagerLock.releaseWriteLock(OzoneManagerLock.java:329)
	at org.apache.hadoop.ozone.om.request.key.OMKeyCommitRequest.validateAndUpdateCache(OMKeyCommitRequest.java:177)
	at org.apache.hadoop.ozone.protocolPB.OzoneManagerProtocolServerSideTranslatorPB.submitRequestDirectlyToOM(OzoneManagerProtocolServerSideTranslatorPB.java:219)
	at org.apache.hadoop.ozone.protocolPB.OzoneManagerProtocolServerSideTranslatorPB.processRequest(OzoneManagerProtocolServerSideTranslatorPB.java:134)
	at org.apache.hadoop.hdds.server.OzoneProtocolMessageDispatcher.processRequest(OzoneProtocolMessageDispatcher.java:72)
	at org.apache.hadoop.ozone.protocolPB.OzoneManagerProtocolServerSideTranslatorPB.submitRequest(OzoneManagerProtocolServerSideTranslatorPB.java:100)
	at org.apache.hadoop.ozone.protocol.proto.OzoneManagerProtocolProtos$OzoneManagerService$2.callBlockingMethod(OzoneManagerProtocolProtos.java)
	at org.apache.hadoop.ipc.ProtobufRpcEngine$Server$ProtoBufRpcInvoker.call(ProtobufRpcEngine.java:524)
	at org.apache.hadoop.ipc.RPC$Server.call(RPC.java:1025)
	at org.apache.hadoop.ipc.Server$RpcCall.run(Server.java:876)
	at org.apache.hadoop.ipc.Server$RpcCall.run(Server.java:822)
	at java.security.AccessController.doPrivileged(Native Method)
	at javax.security.auth.Subject.doAs(Subject.java:422)
	at org.apache.hadoop.security.UserGroupInformation.doAs(UserGroupInformation.java:1730)
	at org.apache.hadoop.ipc.Server$Handler.run(Server.java:2682)
, while invoking $Proxy37.submitRequest over nodeId=null,nodeAddress=localhost:32823. Trying to failover immediately.
2019-10-16 07:48:48,082 [IPC Server handler 16 on 32823] ERROR lock.LockManager (LockManager.java:getLockForReleasing(218)) - Trying to release the lock on /9c189c59-48fe-4872-8dbb-112a103c4d24/1f0efd32-4ffb-413a-aaee-c42e6f1d0345, which was never acquired.
2019-10-16 07:48:48,082 [IPC Server handler 16 on 32823] WARN  ipc.Server (Server.java:logException(2724)) - IPC Server handler 16 on 32823, call Call#71 Retry#1 org.apache.hadoop.ozone.om.protocol.OzoneManagerProtocol.submitRequest from 127.0.0.1:57538
java.lang.IllegalMonitorStateException: Releasing lock on resource /9c189c59-48fe-4872-8dbb-112a103c4d24/1f0efd32-4ffb-413a-aaee-c42e6f1d0345 without acquiring lock
	at org.apache.hadoop.ozone.lock.LockManager.getLockForReleasing(LockManager.java:220)
	at org.apache.hadoop.ozone.lock.LockManager.release(LockManager.java:168)
	at org.apache.hadoop.ozone.lock.LockManager.writeUnlock(LockManager.java:148)
	at org.apache.hadoop.ozone.om.lock.OzoneManagerLock.unlock(OzoneManagerLock.java:364)
	at org.apache.hadoop.ozone.om.lock.OzoneManagerLock.releaseWriteLock(OzoneManagerLock.java:329)
	at org.apache.hadoop.ozone.om.request.key.OMKeyCommitRequest.validateAndUpdateCache(OMKeyCommitRequest.java:177)
	at org.apache.hadoop.ozone.protocolPB.OzoneManagerProtocolServerSideTranslatorPB.submitRequestDirectlyToOM(OzoneManagerProtocolServerSideTranslatorPB.java:219)
	at org.apache.hadoop.ozone.protocolPB.OzoneManagerProtocolServerSideTranslatorPB.processRequest(OzoneManagerProtocolServerSideTranslatorPB.java:134)
	at org.apache.hadoop.hdds.server.OzoneProtocolMessageDispatcher.processRequest(OzoneProtocolMessageDispatcher.java:72)
	at org.apache.hadoop.ozone.protocolPB.OzoneManagerProtocolServerSideTranslatorPB.submitRequest(OzoneManagerProtocolServerSideTranslatorPB.java:100)
	at org.apache.hadoop.ozone.protocol.proto.OzoneManagerProtocolProtos$OzoneManagerService$2.callBlockingMethod(OzoneManagerProtocolProtos.java)
	at org.apache.hadoop.ipc.ProtobufRpcEngine$Server$ProtoBufRpcInvoker.call(ProtobufRpcEngine.java:524)
	at org.apache.hadoop.ipc.RPC$Server.call(RPC.java:1025)
	at org.apache.hadoop.ipc.Server$RpcCall.run(Server.java:876)
	at org.apache.hadoop.ipc.Server$RpcCall.run(Server.java:822)
	at java.security.AccessController.doPrivileged(Native Method)
	at javax.security.auth.Subject.doAs(Subject.java:422)
	at org.apache.hadoop.security.UserGroupInformation.doAs(UserGroupInformation.java:1730)
	at org.apache.hadoop.ipc.Server$Handler.run(Server.java:2682)
2019-10-16 07:48:48,085 [main] INFO  retry.RetryInvocationHandler (RetryInvocationHandler.java:log(411)) - com.google.protobuf.ServiceException: org.apache.hadoop.ipc.RemoteException(java.lang.IllegalMonitorStateException): Releasing lock on resource /9c189c59-48fe-4872-8dbb-112a103c4d24/1f0efd32-4ffb-413a-aaee-c42e6f1d0345 without acquiring lock
	at org.apache.hadoop.ozone.lock.LockManager.getLockForReleasing(LockManager.java:220)
	at org.apache.hadoop.ozone.lock.LockManager.release(LockManager.java:168)
	at org.apache.hadoop.ozone.lock.LockManager.writeUnlock(LockManager.java:148)
	at org.apache.hadoop.ozone.om.lock.OzoneManagerLock.unlock(OzoneManagerLock.java:364)
	at org.apache.hadoop.ozone.om.lock.OzoneManagerLock.releaseWriteLock(OzoneManagerLock.java:329)
	at org.apache.hadoop.ozone.om.request.key.OMKeyCommitRequest.validateAndUpdateCache(OMKeyCommitRequest.java:177)
	at org.apache.hadoop.ozone.protocolPB.OzoneManagerProtocolServerSideTranslatorPB.submitRequestDirectlyToOM(OzoneManagerProtocolServerSideTranslatorPB.java:219)
	at org.apache.hadoop.ozone.protocolPB.OzoneManagerProtocolServerSideTranslatorPB.processRequest(OzoneManagerProtocolServerSideTranslatorPB.java:134)
	at org.apache.hadoop.hdds.server.OzoneProtocolMessageDispatcher.processRequest(OzoneProtocolMessageDispatcher.java:72)
	at org.apache.hadoop.ozone.protocolPB.OzoneManagerProtocolServerSideTranslatorPB.submitRequest(OzoneManagerProtocolServerSideTranslatorPB.java:100)
	at org.apache.hadoop.ozone.protocol.proto.OzoneManagerProtocolProtos$OzoneManagerService$2.callBlockingMethod(OzoneManagerProtocolProtos.java)
	at org.apache.hadoop.ipc.ProtobufRpcEngine$Server$ProtoBufRpcInvoker.call(ProtobufRpcEngine.java:524)
	at org.apache.hadoop.ipc.RPC$Server.call(RPC.java:1025)
	at org.apache.hadoop.ipc.Server$RpcCall.run(Server.java:876)
	at org.apache.hadoop.ipc.Server$RpcCall.run(Server.java:822)
	at java.security.AccessController.doPrivileged(Native Method)
	at javax.security.auth.Subject.doAs(Subject.java:422)
	at org.apache.hadoop.security.UserGroupInformation.doAs(UserGroupInformation.java:1730)
	at org.apache.hadoop.ipc.Server$Handler.run(Server.java:2682)
, while invoking $Proxy37.submitRequest over nodeId=null,nodeAddress=localhost:32823 after 1 failover attempts. Trying to failover immediately.
2019-10-16 07:48:48,092 [IPC Server handler 14 on 32823] ERROR lock.LockManager (LockManager.java:getLockForReleasing(218)) - Trying to release the lock on /9c189c59-48fe-4872-8dbb-112a103c4d24/1f0efd32-4ffb-413a-aaee-c42e6f1d0345, which was never acquired.
2019-10-16 07:48:48,093 [IPC Server handler 14 on 32823] WARN  ipc.Server (Server.java:logException(2724)) - IPC Server handler 14 on 32823, call Call#71 Retry#2 org.apache.hadoop.ozone.om.protocol.OzoneManagerProtocol.submitRequest from 127.0.0.1:57538
java.lang.IllegalMonitorStateException: Releasing lock on resource /9c189c59-48fe-4872-8dbb-112a103c4d24/1f0efd32-4ffb-413a-aaee-c42e6f1d0345 without acquiring lock
	at org.apache.hadoop.ozone.lock.LockManager.getLockForReleasing(LockManager.java:220)
	at org.apache.hadoop.ozone.lock.LockManager.release(LockManager.java:168)
	at org.apache.hadoop.ozone.lock.LockManager.writeUnlock(LockManager.java:148)
	at org.apache.hadoop.ozone.om.lock.OzoneManagerLock.unlock(OzoneManagerLock.java:364)
	at org.apache.hadoop.ozone.om.lock.OzoneManagerLock.releaseWriteLock(OzoneManagerLock.java:329)
	at org.apache.hadoop.ozone.om.request.key.OMKeyCommitRequest.validateAndUpdateCache(OMKeyCommitRequest.java:177)
	at org.apache.hadoop.ozone.protocolPB.OzoneManagerProtocolServerSideTranslatorPB.submitRequestDirectlyToOM(OzoneManagerProtocolServerSideTranslatorPB.java:219)
	at org.apache.hadoop.ozone.protocolPB.OzoneManagerProtocolServerSideTranslatorPB.processRequest(OzoneManagerProtocolServerSideTranslatorPB.java:134)
	at org.apache.hadoop.hdds.server.OzoneProtocolMessageDispatcher.processRequest(OzoneProtocolMessageDispatcher.java:72)
	at org.apache.hadoop.ozone.protocolPB.OzoneManagerProtocolServerSideTranslatorPB.submitRequest(OzoneManagerProtocolServerSideTranslatorPB.java:100)
	at org.apache.hadoop.ozone.protocol.proto.OzoneManagerProtocolProtos$OzoneManagerService$2.callBlockingMethod(OzoneManagerProtocolProtos.java)
	at org.apache.hadoop.ipc.ProtobufRpcEngine$Server$ProtoBufRpcInvoker.call(ProtobufRpcEngine.java:524)
	at org.apache.hadoop.ipc.RPC$Server.call(RPC.java:1025)
	at org.apache.hadoop.ipc.Server$RpcCall.run(Server.java:876)
	at org.apache.hadoop.ipc.Server$RpcCall.run(Server.java:822)
	at java.security.AccessController.doPrivileged(Native Method)
	at javax.security.auth.Subject.doAs(Subject.java:422)
	at org.apache.hadoop.security.UserGroupInformation.doAs(UserGroupInformation.java:1730)
	at org.apache.hadoop.ipc.Server$Handler.run(Server.java:2682)
2019-10-16 07:48:48,095 [main] INFO  retry.RetryInvocationHandler (RetryInvocationHandler.java:log(411)) - com.google.protobuf.ServiceException: org.apache.hadoop.ipc.RemoteException(java.lang.IllegalMonitorStateException): Releasing lock on resource /9c189c59-48fe-4872-8dbb-112a103c4d24/1f0efd32-4ffb-413a-aaee-c42e6f1d0345 without acquiring lock
	at org.apache.hadoop.ozone.lock.LockManager.getLockForReleasing(LockManager.java:220)
	at org.apache.hadoop.ozone.lock.LockManager.release(LockManager.java:168)
	at org.apache.hadoop.ozone.lock.LockManager.writeUnlock(LockManager.java:148)
	at org.apache.hadoop.ozone.om.lock.OzoneManagerLock.unlock(OzoneManagerLock.java:364)
	at org.apache.hadoop.ozone.om.lock.OzoneManagerLock.releaseWriteLock(OzoneManagerLock.java:329)
	at org.apache.hadoop.ozone.om.request.key.OMKeyCommitRequest.validateAndUpdateCache(OMKeyCommitRequest.java:177)
	at org.apache.hadoop.ozone.protocolPB.OzoneManagerProtocolServerSideTranslatorPB.submitRequestDirectlyToOM(OzoneManagerProtocolServerSideTranslatorPB.java:219)
	at org.apache.hadoop.ozone.protocolPB.OzoneManagerProtocolServerSideTranslatorPB.processRequest(OzoneManagerProtocolServerSideTranslatorPB.java:134)
	at org.apache.hadoop.hdds.server.OzoneProtocolMessageDispatcher.processRequest(OzoneProtocolMessageDispatcher.java:72)
	at org.apache.hadoop.ozone.protocolPB.OzoneManagerProtocolServerSideTranslatorPB.submitRequest(OzoneManagerProtocolServerSideTranslatorPB.java:100)
	at org.apache.hadoop.ozone.protocol.proto.OzoneManagerProtocolProtos$OzoneManagerService$2.callBlockingMethod(OzoneManagerProtocolProtos.java)
	at org.apache.hadoop.ipc.ProtobufRpcEngine$Server$ProtoBufRpcInvoker.call(ProtobufRpcEngine.java:524)
	at org.apache.hadoop.ipc.RPC$Server.call(RPC.java:1025)
	at org.apache.hadoop.ipc.Server$RpcCall.run(Server.java:876)
	at org.apache.hadoop.ipc.Server$RpcCall.run(Server.java:822)
	at java.security.AccessController.doPrivileged(Native Method)
	at javax.security.auth.Subject.doAs(Subject.java:422)
	at org.apache.hadoop.security.UserGroupInformation.doAs(UserGroupInformation.java:1730)
	at org.apache.hadoop.ipc.Server$Handler.run(Server.java:2682)
, while invoking $Proxy37.submitRequest over nodeId=null,nodeAddress=localhost:32823 after 2 failover attempts. Trying to failover immediately.
2019-10-16 07:48:48,099 [IPC Server handler 19 on 32823] ERROR lock.LockManager (LockManager.java:getLockForReleasing(218)) - Trying to release the lock on /9c189c59-48fe-4872-8dbb-112a103c4d24/1f0efd32-4ffb-413a-aaee-c42e6f1d0345, which was never acquired.
2019-10-16 07:48:48,099 [IPC Server handler 19 on 32823] WARN  ipc.Server (Server.java:logException(2724)) - IPC Server handler 19 on 32823, call Call#71 Retry#3 org.apache.hadoop.ozone.om.protocol.OzoneManagerProtocol.submitRequest from 127.0.0.1:57538
java.lang.IllegalMonitorStateException: Releasing lock on resource /9c189c59-48fe-4872-8dbb-112a103c4d24/1f0efd32-4ffb-413a-aaee-c42e6f1d0345 without acquiring lock
	at org.apache.hadoop.ozone.lock.LockManager.getLockForReleasing(LockManager.java:220)
	at org.apache.hadoop.ozone.lock.LockManager.release(LockManager.java:168)
	at org.apache.hadoop.ozone.lock.LockManager.writeUnlock(LockManager.java:148)
	at org.apache.hadoop.ozone.om.lock.OzoneManagerLock.unlock(OzoneManagerLock.java:364)
	at org.apache.hadoop.ozone.om.lock.OzoneManagerLock.releaseWriteLock(OzoneManagerLock.java:329)
	at org.apache.hadoop.ozone.om.request.key.OMKeyCommitRequest.validateAndUpdateCache(OMKeyCommitRequest.java:177)
	at org.apache.hadoop.ozone.protocolPB.OzoneManagerProtocolServerSideTranslatorPB.submitRequestDirectlyToOM(OzoneManagerProtocolServerSideTranslatorPB.java:219)
	at org.apache.hadoop.ozone.protocolPB.OzoneManagerProtocolServerSideTranslatorPB.processRequest(OzoneManagerProtocolServerSideTranslatorPB.java:134)
	at org.apache.hadoop.hdds.server.OzoneProtocolMessageDispatcher.processRequest(OzoneProtocolMessageDispatcher.java:72)
	at org.apache.hadoop.ozone.protocolPB.OzoneManagerProtocolServerSideTranslatorPB.submitRequest(OzoneManagerProtocolServerSideTranslatorPB.java:100)
	at org.apache.hadoop.ozone.protocol.proto.OzoneManagerProtocolProtos$OzoneManagerService$2.callBlockingMethod(OzoneManagerProtocolProtos.java)
	at org.apache.hadoop.ipc.ProtobufRpcEngine$Server$ProtoBufRpcInvoker.call(ProtobufRpcEngine.java:524)
	at org.apache.hadoop.ipc.RPC$Server.call(RPC.java:1025)
	at org.apache.hadoop.ipc.Server$RpcCall.run(Server.java:876)
	at org.apache.hadoop.ipc.Server$RpcCall.run(Server.java:822)
	at java.security.AccessController.doPrivileged(Native Method)
	at javax.security.auth.Subject.doAs(Subject.java:422)
	at org.apache.hadoop.security.UserGroupInformation.doAs(UserGroupInformation.java:1730)
	at org.apache.hadoop.ipc.Server$Handler.run(Server.java:2682)
2019-10-16 07:48:48,102 [main] INFO  retry.RetryInvocationHandler (RetryInvocationHandler.java:log(411)) - com.google.protobuf.ServiceException: org.apache.hadoop.ipc.RemoteException(java.lang.IllegalMonitorStateException): Releasing lock on resource /9c189c59-48fe-4872-8dbb-112a103c4d24/1f0efd32-4ffb-413a-aaee-c42e6f1d0345 without acquiring lock
	at org.apache.hadoop.ozone.lock.LockManager.getLockForReleasing(LockManager.java:220)
	at org.apache.hadoop.ozone.lock.LockManager.release(LockManager.java:168)
	at org.apache.hadoop.ozone.lock.LockManager.writeUnlock(LockManager.java:148)
	at org.apache.hadoop.ozone.om.lock.OzoneManagerLock.unlock(OzoneManagerLock.java:364)
	at org.apache.hadoop.ozone.om.lock.OzoneManagerLock.releaseWriteLock(OzoneManagerLock.java:329)
	at org.apache.hadoop.ozone.om.request.key.OMKeyCommitRequest.validateAndUpdateCache(OMKeyCommitRequest.java:177)
	at org.apache.hadoop.ozone.protocolPB.OzoneManagerProtocolServerSideTranslatorPB.submitRequestDirectlyToOM(OzoneManagerProtocolServerSideTranslatorPB.java:219)
	at org.apache.hadoop.ozone.protocolPB.OzoneManagerProtocolServerSideTranslatorPB.processRequest(OzoneManagerProtocolServerSideTranslatorPB.java:134)
	at org.apache.hadoop.hdds.server.OzoneProtocolMessageDispatcher.processRequest(OzoneProtocolMessageDispatcher.java:72)
	at org.apache.hadoop.ozone.protocolPB.OzoneManagerProtocolServerSideTranslatorPB.submitRequest(OzoneManagerProtocolServerSideTranslatorPB.java:100)
	at org.apache.hadoop.ozone.protocol.proto.OzoneManagerProtocolProtos$OzoneManagerService$2.callBlockingMethod(OzoneManagerProtocolProtos.java)
	at org.apache.hadoop.ipc.ProtobufRpcEngine$Server$ProtoBufRpcInvoker.call(ProtobufRpcEngine.java:524)
	at org.apache.hadoop.ipc.RPC$Server.call(RPC.java:1025)
	at org.apache.hadoop.ipc.Server$RpcCall.run(Server.java:876)
	at org.apache.hadoop.ipc.Server$RpcCall.run(Server.java:822)
	at java.security.AccessController.doPrivileged(Native Method)
	at javax.security.auth.Subject.doAs(Subject.java:422)
	at org.apache.hadoop.security.UserGroupInformation.doAs(UserGroupInformation.java:1730)
	at org.apache.hadoop.ipc.Server$Handler.run(Server.java:2682)
, while invoking $Proxy37.submitRequest over nodeId=null,nodeAddress=localhost:32823 after 3 failover attempts. Trying to failover immediately.
2019-10-16 07:48:48,105 [IPC Server handler 13 on 32823] ERROR lock.LockManager (LockManager.java:getLockForReleasing(218)) - Trying to release the lock on /9c189c59-48fe-4872-8dbb-112a103c4d24/1f0efd32-4ffb-413a-aaee-c42e6f1d0345, which was never acquired.
2019-10-16 07:48:48,105 [IPC Server handler 13 on 32823] WARN  ipc.Server (Server.java:logException(2724)) - IPC Server handler 13 on 32823, call Call#71 Retry#4 org.apache.hadoop.ozone.om.protocol.OzoneManagerProtocol.submitRequest from 127.0.0.1:57538
java.lang.IllegalMonitorStateException: Releasing lock on resource /9c189c59-48fe-4872-8dbb-112a103c4d24/1f0efd32-4ffb-413a-aaee-c42e6f1d0345 without acquiring lock
	at org.apache.hadoop.ozone.lock.LockManager.getLockForReleasing(LockManager.java:220)
	at org.apache.hadoop.ozone.lock.LockManager.release(LockManager.java:168)
	at org.apache.hadoop.ozone.lock.LockManager.writeUnlock(LockManager.java:148)
	at org.apache.hadoop.ozone.om.lock.OzoneManagerLock.unlock(OzoneManagerLock.java:364)
	at org.apache.hadoop.ozone.om.lock.OzoneManagerLock.releaseWriteLock(OzoneManagerLock.java:329)
	at org.apache.hadoop.ozone.om.request.key.OMKeyCommitRequest.validateAndUpdateCache(OMKeyCommitRequest.java:177)
	at org.apache.hadoop.ozone.protocolPB.OzoneManagerProtocolServerSideTranslatorPB.submitRequestDirectlyToOM(OzoneManagerProtocolServerSideTranslatorPB.java:219)
	at org.apache.hadoop.ozone.protocolPB.OzoneManagerProtocolServerSideTranslatorPB.processRequest(OzoneManagerProtocolServerSideTranslatorPB.java:134)
	at org.apache.hadoop.hdds.server.OzoneProtocolMessageDispatcher.processRequest(OzoneProtocolMessageDispatcher.java:72)
	at org.apache.hadoop.ozone.protocolPB.OzoneManagerProtocolServerSideTranslatorPB.submitRequest(OzoneManagerProtocolServerSideTranslatorPB.java:100)
	at org.apache.hadoop.ozone.protocol.proto.OzoneManagerProtocolProtos$OzoneManagerService$2.callBlockingMethod(OzoneManagerProtocolProtos.java)
	at org.apache.hadoop.ipc.ProtobufRpcEngine$Server$ProtoBufRpcInvoker.call(ProtobufRpcEngine.java:524)
	at org.apache.hadoop.ipc.RPC$Server.call(RPC.java:1025)
	at org.apache.hadoop.ipc.Server$RpcCall.run(Server.java:876)
	at org.apache.hadoop.ipc.Server$RpcCall.run(Server.java:822)
	at java.security.AccessController.doPrivileged(Native Method)
	at javax.security.auth.Subject.doAs(Subject.java:422)
	at org.apache.hadoop.security.UserGroupInformation.doAs(UserGroupInformation.java:1730)
	at org.apache.hadoop.ipc.Server$Handler.run(Server.java:2682)
2019-10-16 07:48:48,108 [main] INFO  retry.RetryInvocationHandler (RetryInvocationHandler.java:log(411)) - com.google.protobuf.ServiceException: org.apache.hadoop.ipc.RemoteException(java.lang.IllegalMonitorStateException): Releasing lock on resource /9c189c59-48fe-4872-8dbb-112a103c4d24/1f0efd32-4ffb-413a-aaee-c42e6f1d0345 without acquiring lock
	at org.apache.hadoop.ozone.lock.LockManager.getLockForReleasing(LockManager.java:220)
	at org.apache.hadoop.ozone.lock.LockManager.release(LockManager.java:168)
	at org.apache.hadoop.ozone.lock.LockManager.writeUnlock(LockManager.java:148)
	at org.apache.hadoop.ozone.om.lock.OzoneManagerLock.unlock(OzoneManagerLock.java:364)
	at org.apache.hadoop.ozone.om.lock.OzoneManagerLock.releaseWriteLock(OzoneManagerLock.java:329)
	at org.apache.hadoop.ozone.om.request.key.OMKeyCommitRequest.validateAndUpdateCache(OMKeyCommitRequest.java:177)
	at org.apache.hadoop.ozone.protocolPB.OzoneManagerProtocolServerSideTranslatorPB.submitRequestDirectlyToOM(OzoneManagerProtocolServerSideTranslatorPB.java:219)
	at org.apache.hadoop.ozone.protocolPB.OzoneManagerProtocolServerSideTranslatorPB.processRequest(OzoneManagerProtocolServerSideTranslatorPB.java:134)
	at org.apache.hadoop.hdds.server.OzoneProtocolMessageDispatcher.processRequest(OzoneProtocolMessageDispatcher.java:72)
	at org.apache.hadoop.ozone.protocolPB.OzoneManagerProtocolServerSideTranslatorPB.submitRequest(OzoneManagerProtocolServerSideTranslatorPB.java:100)
	at org.apache.hadoop.ozone.protocol.proto.OzoneManagerProtocolProtos$OzoneManagerService$2.callBlockingMethod(OzoneManagerProtocolProtos.java)
	at org.apache.hadoop.ipc.ProtobufRpcEngine$Server$ProtoBufRpcInvoker.call(ProtobufRpcEngine.java:524)
	at org.apache.hadoop.ipc.RPC$Server.call(RPC.java:1025)
	at org.apache.hadoop.ipc.Server$RpcCall.run(Server.java:876)
	at org.apache.hadoop.ipc.Server$RpcCall.run(Server.java:822)
	at java.security.AccessController.doPrivileged(Native Method)
	at javax.security.auth.Subject.doAs(Subject.java:422)
	at org.apache.hadoop.security.UserGroupInformation.doAs(UserGroupInformation.java:1730)
	at org.apache.hadoop.ipc.Server$Handler.run(Server.java:2682)
, while invoking $Proxy37.submitRequest over nodeId=null,nodeAddress=localhost:32823 after 4 failover attempts. Trying to failover immediately.
2019-10-16 07:48:48,111 [IPC Server handler 8 on 32823] ERROR lock.LockManager (LockManager.java:getLockForReleasing(218)) - Trying to release the lock on /9c189c59-48fe-4872-8dbb-112a103c4d24/1f0efd32-4ffb-413a-aaee-c42e6f1d0345, which was never acquired.
2019-10-16 07:48:48,111 [IPC Server handler 8 on 32823] WARN  ipc.Server (Server.java:logException(2724)) - IPC Server handler 8 on 32823, call Call#71 Retry#5 org.apache.hadoop.ozone.om.protocol.OzoneManagerProtocol.submitRequest from 127.0.0.1:57538
java.lang.IllegalMonitorStateException: Releasing lock on resource /9c189c59-48fe-4872-8dbb-112a103c4d24/1f0efd32-4ffb-413a-aaee-c42e6f1d0345 without acquiring lock
	at org.apache.hadoop.ozone.lock.LockManager.getLockForReleasing(LockManager.java:220)
	at org.apache.hadoop.ozone.lock.LockManager.release(LockManager.java:168)
	at org.apache.hadoop.ozone.lock.LockManager.writeUnlock(LockManager.java:148)
	at org.apache.hadoop.ozone.om.lock.OzoneManagerLock.unlock(OzoneManagerLock.java:364)
	at org.apache.hadoop.ozone.om.lock.OzoneManagerLock.releaseWriteLock(OzoneManagerLock.java:329)
	at org.apache.hadoop.ozone.om.request.key.OMKeyCommitRequest.validateAndUpdateCache(OMKeyCommitRequest.java:177)
	at org.apache.hadoop.ozone.protocolPB.OzoneManagerProtocolServerSideTranslatorPB.submitRequestDirectlyToOM(OzoneManagerProtocolServerSideTranslatorPB.java:219)
	at org.apache.hadoop.ozone.protocolPB.OzoneManagerProtocolServerSideTranslatorPB.processRequest(OzoneManagerProtocolServerSideTranslatorPB.java:134)
	at org.apache.hadoop.hdds.server.OzoneProtocolMessageDispatcher.processRequest(OzoneProtocolMessageDispatcher.java:72)
	at org.apache.hadoop.ozone.protocolPB.OzoneManagerProtocolServerSideTranslatorPB.submitRequest(OzoneManagerProtocolServerSideTranslatorPB.java:100)
	at org.apache.hadoop.ozone.protocol.proto.OzoneManagerProtocolProtos$OzoneManagerService$2.callBlockingMethod(OzoneManagerProtocolProtos.java)
	at org.apache.hadoop.ipc.ProtobufRpcEngine$Server$ProtoBufRpcInvoker.call(ProtobufRpcEngine.java:524)
	at org.apache.hadoop.ipc.RPC$Server.call(RPC.java:1025)
	at org.apache.hadoop.ipc.Server$RpcCall.run(Server.java:876)
	at org.apache.hadoop.ipc.Server$RpcCall.run(Server.java:822)
	at java.security.AccessController.doPrivileged(Native Method)
	at javax.security.auth.Subject.doAs(Subject.java:422)
	at org.apache.hadoop.security.UserGroupInformation.doAs(UserGroupInformation.java:1730)
	at org.apache.hadoop.ipc.Server$Handler.run(Server.java:2682)
2019-10-16 07:48:48,114 [main] INFO  retry.RetryInvocationHandler (RetryInvocationHandler.java:log(411)) - com.google.protobuf.ServiceException: org.apache.hadoop.ipc.RemoteException(java.lang.IllegalMonitorStateException): Releasing lock on resource /9c189c59-48fe-4872-8dbb-112a103c4d24/1f0efd32-4ffb-413a-aaee-c42e6f1d0345 without acquiring lock
	at org.apache.hadoop.ozone.lock.LockManager.getLockForReleasing(LockManager.java:220)
	at org.apache.hadoop.ozone.lock.LockManager.release(LockManager.java:168)
	at org.apache.hadoop.ozone.lock.LockManager.writeUnlock(LockManager.java:148)
	at org.apache.hadoop.ozone.om.lock.OzoneManagerLock.unlock(OzoneManagerLock.java:364)
	at org.apache.hadoop.ozone.om.lock.OzoneManagerLock.releaseWriteLock(OzoneManagerLock.java:329)
	at org.apache.hadoop.ozone.om.request.key.OMKeyCommitRequest.validateAndUpdateCache(OMKeyCommitRequest.java:177)
	at org.apache.hadoop.ozone.protocolPB.OzoneManagerProtocolServerSideTranslatorPB.submitRequestDirectlyToOM(OzoneManagerProtocolServerSideTranslatorPB.java:219)
	at org.apache.hadoop.ozone.protocolPB.OzoneManagerProtocolServerSideTranslatorPB.processRequest(OzoneManagerProtocolServerSideTranslatorPB.java:134)
	at org.apache.hadoop.hdds.server.OzoneProtocolMessageDispatcher.processRequest(OzoneProtocolMessageDispatcher.java:72)
	at org.apache.hadoop.ozone.protocolPB.OzoneManagerProtocolServerSideTranslatorPB.submitRequest(OzoneManagerProtocolServerSideTranslatorPB.java:100)
	at org.apache.hadoop.ozone.protocol.proto.OzoneManagerProtocolProtos$OzoneManagerService$2.callBlockingMethod(OzoneManagerProtocolProtos.java)
	at org.apache.hadoop.ipc.ProtobufRpcEngine$Server$ProtoBufRpcInvoker.call(ProtobufRpcEngine.java:524)
	at org.apache.hadoop.ipc.RPC$Server.call(RPC.java:1025)
	at org.apache.hadoop.ipc.Server$RpcCall.run(Server.java:876)
	at org.apache.hadoop.ipc.Server$RpcCall.run(Server.java:822)
	at java.security.AccessController.doPrivileged(Native Method)
	at javax.security.auth.Subject.doAs(Subject.java:422)
	at org.apache.hadoop.security.UserGroupInformation.doAs(UserGroupInformation.java:1730)
	at org.apache.hadoop.ipc.Server$Handler.run(Server.java:2682)
, while invoking $Proxy37.submitRequest over nodeId=null,nodeAddress=localhost:32823 after 5 failover attempts. Trying to failover immediately.
2019-10-16 07:48:48,118 [IPC Server handler 10 on 32823] ERROR lock.LockManager (LockManager.java:getLockForReleasing(218)) - Trying to release the lock on /9c189c59-48fe-4872-8dbb-112a103c4d24/1f0efd32-4ffb-413a-aaee-c42e6f1d0345, which was never acquired.
2019-10-16 07:48:48,118 [IPC Server handler 10 on 32823] WARN  ipc.Server (Server.java:logException(2724)) - IPC Server handler 10 on 32823, call Call#71 Retry#6 org.apache.hadoop.ozone.om.protocol.OzoneManagerProtocol.submitRequest from 127.0.0.1:57538
java.lang.IllegalMonitorStateException: Releasing lock on resource /9c189c59-48fe-4872-8dbb-112a103c4d24/1f0efd32-4ffb-413a-aaee-c42e6f1d0345 without acquiring lock
	at org.apache.hadoop.ozone.lock.LockManager.getLockForReleasing(LockManager.java:220)
	at org.apache.hadoop.ozone.lock.LockManager.release(LockManager.java:168)
	at org.apache.hadoop.ozone.lock.LockManager.writeUnlock(LockManager.java:148)
	at org.apache.hadoop.ozone.om.lock.OzoneManagerLock.unlock(OzoneManagerLock.java:364)
	at org.apache.hadoop.ozone.om.lock.OzoneManagerLock.releaseWriteLock(OzoneManagerLock.java:329)
	at org.apache.hadoop.ozone.om.request.key.OMKeyCommitRequest.validateAndUpdateCache(OMKeyCommitRequest.java:177)
	at org.apache.hadoop.ozone.protocolPB.OzoneManagerProtocolServerSideTranslatorPB.submitRequestDirectlyToOM(OzoneManagerProtocolServerSideTranslatorPB.java:219)
	at org.apache.hadoop.ozone.protocolPB.OzoneManagerProtocolServerSideTranslatorPB.processRequest(OzoneManagerProtocolServerSideTranslatorPB.java:134)
	at org.apache.hadoop.hdds.server.OzoneProtocolMessageDispatcher.processRequest(OzoneProtocolMessageDispatcher.java:72)
	at org.apache.hadoop.ozone.protocolPB.OzoneManagerProtocolServerSideTranslatorPB.submitRequest(OzoneManagerProtocolServerSideTranslatorPB.java:100)
	at org.apache.hadoop.ozone.protocol.proto.OzoneManagerProtocolProtos$OzoneManagerService$2.callBlockingMethod(OzoneManagerProtocolProtos.java)
	at org.apache.hadoop.ipc.ProtobufRpcEngine$Server$ProtoBufRpcInvoker.call(ProtobufRpcEngine.java:524)
	at org.apache.hadoop.ipc.RPC$Server.call(RPC.java:1025)
	at org.apache.hadoop.ipc.Server$RpcCall.run(Server.java:876)
	at org.apache.hadoop.ipc.Server$RpcCall.run(Server.java:822)
	at java.security.AccessController.doPrivileged(Native Method)
	at javax.security.auth.Subject.doAs(Subject.java:422)
	at org.apache.hadoop.security.UserGroupInformation.doAs(UserGroupInformation.java:1730)
	at org.apache.hadoop.ipc.Server$Handler.run(Server.java:2682)
2019-10-16 07:48:48,121 [main] INFO  retry.RetryInvocationHandler (RetryInvocationHandler.java:log(411)) - com.google.protobuf.ServiceException: org.apache.hadoop.ipc.RemoteException(java.lang.IllegalMonitorStateException): Releasing lock on resource /9c189c59-48fe-4872-8dbb-112a103c4d24/1f0efd32-4ffb-413a-aaee-c42e6f1d0345 without acquiring lock
	at org.apache.hadoop.ozone.lock.LockManager.getLockForReleasing(LockManager.java:220)
	at org.apache.hadoop.ozone.lock.LockManager.release(LockManager.java:168)
	at org.apache.hadoop.ozone.lock.LockManager.writeUnlock(LockManager.java:148)
	at org.apache.hadoop.ozone.om.lock.OzoneManagerLock.unlock(OzoneManagerLock.java:364)
	at org.apache.hadoop.ozone.om.lock.OzoneManagerLock.releaseWriteLock(OzoneManagerLock.java:329)
	at org.apache.hadoop.ozone.om.request.key.OMKeyCommitRequest.validateAndUpdateCache(OMKeyCommitRequest.java:177)
	at org.apache.hadoop.ozone.protocolPB.OzoneManagerProtocolServerSideTranslatorPB.submitRequestDirectlyToOM(OzoneManagerProtocolServerSideTranslatorPB.java:219)
	at org.apache.hadoop.ozone.protocolPB.OzoneManagerProtocolServerSideTranslatorPB.processRequest(OzoneManagerProtocolServerSideTranslatorPB.java:134)
	at org.apache.hadoop.hdds.server.OzoneProtocolMessageDispatcher.processRequest(OzoneProtocolMessageDispatcher.java:72)
	at org.apache.hadoop.ozone.protocolPB.OzoneManagerProtocolServerSideTranslatorPB.submitRequest(OzoneManagerProtocolServerSideTranslatorPB.java:100)
	at org.apache.hadoop.ozone.protocol.proto.OzoneManagerProtocolProtos$OzoneManagerService$2.callBlockingMethod(OzoneManagerProtocolProtos.java)
	at org.apache.hadoop.ipc.ProtobufRpcEngine$Server$ProtoBufRpcInvoker.call(ProtobufRpcEngine.java:524)
	at org.apache.hadoop.ipc.RPC$Server.call(RPC.java:1025)
	at org.apache.hadoop.ipc.Server$RpcCall.run(Server.java:876)
	at org.apache.hadoop.ipc.Server$RpcCall.run(Server.java:822)
	at java.security.AccessController.doPrivileged(Native Method)
	at javax.security.auth.Subject.doAs(Subject.java:422)
	at org.apache.hadoop.security.UserGroupInformation.doAs(UserGroupInformation.java:1730)
	at org.apache.hadoop.ipc.Server$Handler.run(Server.java:2682)
, while invoking $Proxy37.submitRequest over nodeId=null,nodeAddress=localhost:32823 after 6 failover attempts. Trying to failover immediately.
2019-10-16 07:48:48,133 [IPC Server handler 6 on 32823] ERROR lock.LockManager (LockManager.java:getLockForReleasing(218)) - Trying to release the lock on /9c189c59-48fe-4872-8dbb-112a103c4d24/1f0efd32-4ffb-413a-aaee-c42e6f1d0345, which was never acquired.
2019-10-16 07:48:48,133 [IPC Server handler 6 on 32823] WARN  ipc.Server (Server.java:logException(2724)) - IPC Server handler 6 on 32823, call Call#71 Retry#7 org.apache.hadoop.ozone.om.protocol.OzoneManagerProtocol.submitRequest from 127.0.0.1:57538
java.lang.IllegalMonitorStateException: Releasing lock on resource /9c189c59-48fe-4872-8dbb-112a103c4d24/1f0efd32-4ffb-413a-aaee-c42e6f1d0345 without acquiring lock
	at org.apache.hadoop.ozone.lock.LockManager.getLockForReleasing(LockManager.java:220)
	at org.apache.hadoop.ozone.lock.LockManager.release(LockManager.java:168)
	at org.apache.hadoop.ozone.lock.LockManager.writeUnlock(LockManager.java:148)
	at org.apache.hadoop.ozone.om.lock.OzoneManagerLock.unlock(OzoneManagerLock.java:364)
	at org.apache.hadoop.ozone.om.lock.OzoneManagerLock.releaseWriteLock(OzoneManagerLock.java:329)
	at org.apache.hadoop.ozone.om.request.key.OMKeyCommitRequest.validateAndUpdateCache(OMKeyCommitRequest.java:177)
	at org.apache.hadoop.ozone.protocolPB.OzoneManagerProtocolServerSideTranslatorPB.submitRequestDirectlyToOM(OzoneManagerProtocolServerSideTranslatorPB.java:219)
	at org.apache.hadoop.ozone.protocolPB.OzoneManagerProtocolServerSideTranslatorPB.processRequest(OzoneManagerProtocolServerSideTranslatorPB.java:134)
	at org.apache.hadoop.hdds.server.OzoneProtocolMessageDispatcher.processRequest(OzoneProtocolMessageDispatcher.java:72)
	at org.apache.hadoop.ozone.protocolPB.OzoneManagerProtocolServerSideTranslatorPB.submitRequest(OzoneManagerProtocolServerSideTranslatorPB.java:100)
	at org.apache.hadoop.ozone.protocol.proto.OzoneManagerProtocolProtos$OzoneManagerService$2.callBlockingMethod(OzoneManagerProtocolProtos.java)
	at org.apache.hadoop.ipc.ProtobufRpcEngine$Server$ProtoBufRpcInvoker.call(ProtobufRpcEngine.java:524)
	at org.apache.hadoop.ipc.RPC$Server.call(RPC.java:1025)
	at org.apache.hadoop.ipc.Server$RpcCall.run(Server.java:876)
	at org.apache.hadoop.ipc.Server$RpcCall.run(Server.java:822)
	at java.security.AccessController.doPrivileged(Native Method)
	at javax.security.auth.Subject.doAs(Subject.java:422)
	at org.apache.hadoop.security.UserGroupInformation.doAs(UserGroupInformation.java:1730)
	at org.apache.hadoop.ipc.Server$Handler.run(Server.java:2682)
2019-10-16 07:48:48,136 [main] INFO  retry.RetryInvocationHandler (RetryInvocationHandler.java:log(411)) - com.google.protobuf.ServiceException: org.apache.hadoop.ipc.RemoteException(java.lang.IllegalMonitorStateException): Releasing lock on resource /9c189c59-48fe-4872-8dbb-112a103c4d24/1f0efd32-4ffb-413a-aaee-c42e6f1d0345 without acquiring lock
	at org.apache.hadoop.ozone.lock.LockManager.getLockForReleasing(LockManager.java:220)
	at org.apache.hadoop.ozone.lock.LockManager.release(LockManager.java:168)
	at org.apache.hadoop.ozone.lock.LockManager.writeUnlock(LockManager.java:148)
	at org.apache.hadoop.ozone.om.lock.OzoneManagerLock.unlock(OzoneManagerLock.java:364)
	at org.apache.hadoop.ozone.om.lock.OzoneManagerLock.releaseWriteLock(OzoneManagerLock.java:329)
	at org.apache.hadoop.ozone.om.request.key.OMKeyCommitRequest.validateAndUpdateCache(OMKeyCommitRequest.java:177)
	at org.apache.hadoop.ozone.protocolPB.OzoneManagerProtocolServerSideTranslatorPB.submitRequestDirectlyToOM(OzoneManagerProtocolServerSideTranslatorPB.java:219)
	at org.apache.hadoop.ozone.protocolPB.OzoneManagerProtocolServerSideTranslatorPB.processRequest(OzoneManagerProtocolServerSideTranslatorPB.java:134)
	at org.apache.hadoop.hdds.server.OzoneProtocolMessageDispatcher.processRequest(OzoneProtocolMessageDispatcher.java:72)
	at org.apache.hadoop.ozone.protocolPB.OzoneManagerProtocolServerSideTranslatorPB.submitRequest(OzoneManagerProtocolServerSideTranslatorPB.java:100)
	at org.apache.hadoop.ozone.protocol.proto.OzoneManagerProtocolProtos$OzoneManagerService$2.callBlockingMethod(OzoneManagerProtocolProtos.java)
	at org.apache.hadoop.ipc.ProtobufRpcEngine$Server$ProtoBufRpcInvoker.call(ProtobufRpcEngine.java:524)
	at org.apache.hadoop.ipc.RPC$Server.call(RPC.java:1025)
	at org.apache.hadoop.ipc.Server$RpcCall.run(Server.java:876)
	at org.apache.hadoop.ipc.Server$RpcCall.run(Server.java:822)
	at java.security.AccessController.doPrivileged(Native Method)
	at javax.security.auth.Subject.doAs(Subject.java:422)
	at org.apache.hadoop.security.UserGroupInformation.doAs(UserGroupInformation.java:1730)
	at org.apache.hadoop.ipc.Server$Handler.run(Server.java:2682)
, while invoking $Proxy37.submitRequest over nodeId=null,nodeAddress=localhost:32823 after 7 failover attempts. Trying to failover immediately.
2019-10-16 07:48:48,139 [IPC Server handler 7 on 32823] ERROR lock.LockManager (LockManager.java:getLockForReleasing(218)) - Trying to release the lock on /9c189c59-48fe-4872-8dbb-112a103c4d24/1f0efd32-4ffb-413a-aaee-c42e6f1d0345, which was never acquired.
2019-10-16 07:48:48,139 [IPC Server handler 7 on 32823] WARN  ipc.Server (Server.java:logException(2724)) - IPC Server handler 7 on 32823, call Call#71 Retry#8 org.apache.hadoop.ozone.om.protocol.OzoneManagerProtocol.submitRequest from 127.0.0.1:57538
java.lang.IllegalMonitorStateException: Releasing lock on resource /9c189c59-48fe-4872-8dbb-112a103c4d24/1f0efd32-4ffb-413a-aaee-c42e6f1d0345 without acquiring lock
	at org.apache.hadoop.ozone.lock.LockManager.getLockForReleasing(LockManager.java:220)
	at org.apache.hadoop.ozone.lock.LockManager.release(LockManager.java:168)
	at org.apache.hadoop.ozone.lock.LockManager.writeUnlock(LockManager.java:148)
	at org.apache.hadoop.ozone.om.lock.OzoneManagerLock.unlock(OzoneManagerLock.java:364)
	at org.apache.hadoop.ozone.om.lock.OzoneManagerLock.releaseWriteLock(OzoneManagerLock.java:329)
	at org.apache.hadoop.ozone.om.request.key.OMKeyCommitRequest.validateAndUpdateCache(OMKeyCommitRequest.java:177)
	at org.apache.hadoop.ozone.protocolPB.OzoneManagerProtocolServerSideTranslatorPB.submitRequestDirectlyToOM(OzoneManagerProtocolServerSideTranslatorPB.java:219)
	at org.apache.hadoop.ozone.protocolPB.OzoneManagerProtocolServerSideTranslatorPB.processRequest(OzoneManagerProtocolServerSideTranslatorPB.java:134)
	at org.apache.hadoop.hdds.server.OzoneProtocolMessageDispatcher.processRequest(OzoneProtocolMessageDispatcher.java:72)
	at org.apache.hadoop.ozone.protocolPB.OzoneManagerProtocolServerSideTranslatorPB.submitRequest(OzoneManagerProtocolServerSideTranslatorPB.java:100)
	at org.apache.hadoop.ozone.protocol.proto.OzoneManagerProtocolProtos$OzoneManagerService$2.callBlockingMethod(OzoneManagerProtocolProtos.java)
	at org.apache.hadoop.ipc.ProtobufRpcEngine$Server$ProtoBufRpcInvoker.call(ProtobufRpcEngine.java:524)
	at org.apache.hadoop.ipc.RPC$Server.call(RPC.java:1025)
	at org.apache.hadoop.ipc.Server$RpcCall.run(Server.java:876)
	at org.apache.hadoop.ipc.Server$RpcCall.run(Server.java:822)
	at java.security.AccessController.doPrivileged(Native Method)
	at javax.security.auth.Subject.doAs(Subject.java:422)
	at org.apache.hadoop.security.UserGroupInformation.doAs(UserGroupInformation.java:1730)
	at org.apache.hadoop.ipc.Server$Handler.run(Server.java:2682)
2019-10-16 07:48:48,142 [main] INFO  retry.RetryInvocationHandler (RetryInvocationHandler.java:log(411)) - com.google.protobuf.ServiceException: org.apache.hadoop.ipc.RemoteException(java.lang.IllegalMonitorStateException): Releasing lock on resource /9c189c59-48fe-4872-8dbb-112a103c4d24/1f0efd32-4ffb-413a-aaee-c42e6f1d0345 without acquiring lock
	at org.apache.hadoop.ozone.lock.LockManager.getLockForReleasing(LockManager.java:220)
	at org.apache.hadoop.ozone.lock.LockManager.release(LockManager.java:168)
	at org.apache.hadoop.ozone.lock.LockManager.writeUnlock(LockManager.java:148)
	at org.apache.hadoop.ozone.om.lock.OzoneManagerLock.unlock(OzoneManagerLock.java:364)
	at org.apache.hadoop.ozone.om.lock.OzoneManagerLock.releaseWriteLock(OzoneManagerLock.java:329)
	at org.apache.hadoop.ozone.om.request.key.OMKeyCommitRequest.validateAndUpdateCache(OMKeyCommitRequest.java:177)
	at org.apache.hadoop.ozone.protocolPB.OzoneManagerProtocolServerSideTranslatorPB.submitRequestDirectlyToOM(OzoneManagerProtocolServerSideTranslatorPB.java:219)
	at org.apache.hadoop.ozone.protocolPB.OzoneManagerProtocolServerSideTranslatorPB.processRequest(OzoneManagerProtocolServerSideTranslatorPB.java:134)
	at org.apache.hadoop.hdds.server.OzoneProtocolMessageDispatcher.processRequest(OzoneProtocolMessageDispatcher.java:72)
	at org.apache.hadoop.ozone.protocolPB.OzoneManagerProtocolServerSideTranslatorPB.submitRequest(OzoneManagerProtocolServerSideTranslatorPB.java:100)
	at org.apache.hadoop.ozone.protocol.proto.OzoneManagerProtocolProtos$OzoneManagerService$2.callBlockingMethod(OzoneManagerProtocolProtos.java)
	at org.apache.hadoop.ipc.ProtobufRpcEngine$Server$ProtoBufRpcInvoker.call(ProtobufRpcEngine.java:524)
	at org.apache.hadoop.ipc.RPC$Server.call(RPC.java:1025)
	at org.apache.hadoop.ipc.Server$RpcCall.run(Server.java:876)
	at org.apache.hadoop.ipc.Server$RpcCall.run(Server.java:822)
	at java.security.AccessController.doPrivileged(Native Method)
	at javax.security.auth.Subject.doAs(Subject.java:422)
	at org.apache.hadoop.security.UserGroupInformation.doAs(UserGroupInformation.java:1730)
	at org.apache.hadoop.ipc.Server$Handler.run(Server.java:2682)
, while invoking $Proxy37.submitRequest over nodeId=null,nodeAddress=localhost:32823 after 8 failover attempts. Trying to failover immediately.
2019-10-16 07:48:48,145 [IPC Server handler 17 on 32823] ERROR lock.LockManager (LockManager.java:getLockForReleasing(218)) - Trying to release the lock on /9c189c59-48fe-4872-8dbb-112a103c4d24/1f0efd32-4ffb-413a-aaee-c42e6f1d0345, which was never acquired.
2019-10-16 07:48:48,145 [IPC Server handler 17 on 32823] WARN  ipc.Server (Server.java:logException(2724)) - IPC Server handler 17 on 32823, call Call#71 Retry#9 org.apache.hadoop.ozone.om.protocol.OzoneManagerProtocol.submitRequest from 127.0.0.1:57538
java.lang.IllegalMonitorStateException: Releasing lock on resource /9c189c59-48fe-4872-8dbb-112a103c4d24/1f0efd32-4ffb-413a-aaee-c42e6f1d0345 without acquiring lock
	at org.apache.hadoop.ozone.lock.LockManager.getLockForReleasing(LockManager.java:220)
	at org.apache.hadoop.ozone.lock.LockManager.release(LockManager.java:168)
	at org.apache.hadoop.ozone.lock.LockManager.writeUnlock(LockManager.java:148)
	at org.apache.hadoop.ozone.om.lock.OzoneManagerLock.unlock(OzoneManagerLock.java:364)
	at org.apache.hadoop.ozone.om.lock.OzoneManagerLock.releaseWriteLock(OzoneManagerLock.java:329)
	at org.apache.hadoop.ozone.om.request.key.OMKeyCommitRequest.validateAndUpdateCache(OMKeyCommitRequest.java:177)
	at org.apache.hadoop.ozone.protocolPB.OzoneManagerProtocolServerSideTranslatorPB.submitRequestDirectlyToOM(OzoneManagerProtocolServerSideTranslatorPB.java:219)
	at org.apache.hadoop.ozone.protocolPB.OzoneManagerProtocolServerSideTranslatorPB.processRequest(OzoneManagerProtocolServerSideTranslatorPB.java:134)
	at org.apache.hadoop.hdds.server.OzoneProtocolMessageDispatcher.processRequest(OzoneProtocolMessageDispatcher.java:72)
	at org.apache.hadoop.ozone.protocolPB.OzoneManagerProtocolServerSideTranslatorPB.submitRequest(OzoneManagerProtocolServerSideTranslatorPB.java:100)
	at org.apache.hadoop.ozone.protocol.proto.OzoneManagerProtocolProtos$OzoneManagerService$2.callBlockingMethod(OzoneManagerProtocolProtos.java)
	at org.apache.hadoop.ipc.ProtobufRpcEngine$Server$ProtoBufRpcInvoker.call(ProtobufRpcEngine.java:524)
	at org.apache.hadoop.ipc.RPC$Server.call(RPC.java:1025)
	at org.apache.hadoop.ipc.Server$RpcCall.run(Server.java:876)
	at org.apache.hadoop.ipc.Server$RpcCall.run(Server.java:822)
	at java.security.AccessController.doPrivileged(Native Method)
	at javax.security.auth.Subject.doAs(Subject.java:422)
	at org.apache.hadoop.security.UserGroupInformation.doAs(UserGroupInformation.java:1730)
	at org.apache.hadoop.ipc.Server$Handler.run(Server.java:2682)
2019-10-16 07:48:48,148 [main] INFO  retry.RetryInvocationHandler (RetryInvocationHandler.java:log(411)) - com.google.protobuf.ServiceException: org.apache.hadoop.ipc.RemoteException(java.lang.IllegalMonitorStateException): Releasing lock on resource /9c189c59-48fe-4872-8dbb-112a103c4d24/1f0efd32-4ffb-413a-aaee-c42e6f1d0345 without acquiring lock
	at org.apache.hadoop.ozone.lock.LockManager.getLockForReleasing(LockManager.java:220)
	at org.apache.hadoop.ozone.lock.LockManager.release(LockManager.java:168)
	at org.apache.hadoop.ozone.lock.LockManager.writeUnlock(LockManager.java:148)
	at org.apache.hadoop.ozone.om.lock.OzoneManagerLock.unlock(OzoneManagerLock.java:364)
	at org.apache.hadoop.ozone.om.lock.OzoneManagerLock.releaseWriteLock(OzoneManagerLock.java:329)
	at org.apache.hadoop.ozone.om.request.key.OMKeyCommitRequest.validateAndUpdateCache(OMKeyCommitRequest.java:177)
	at org.apache.hadoop.ozone.protocolPB.OzoneManagerProtocolServerSideTranslatorPB.submitRequestDirectlyToOM(OzoneManagerProtocolServerSideTranslatorPB.java:219)
	at org.apache.hadoop.ozone.protocolPB.OzoneManagerProtocolServerSideTranslatorPB.processRequest(OzoneManagerProtocolServerSideTranslatorPB.java:134)
	at org.apache.hadoop.hdds.server.OzoneProtocolMessageDispatcher.processRequest(OzoneProtocolMessageDispatcher.java:72)
	at org.apache.hadoop.ozone.protocolPB.OzoneManagerProtocolServerSideTranslatorPB.submitRequest(OzoneManagerProtocolServerSideTranslatorPB.java:100)
	at org.apache.hadoop.ozone.protocol.proto.OzoneManagerProtocolProtos$OzoneManagerService$2.callBlockingMethod(OzoneManagerProtocolProtos.java)
	at org.apache.hadoop.ipc.ProtobufRpcEngine$Server$ProtoBufRpcInvoker.call(ProtobufRpcEngine.java:524)
	at org.apache.hadoop.ipc.RPC$Server.call(RPC.java:1025)
	at org.apache.hadoop.ipc.Server$RpcCall.run(Server.java:876)
	at org.apache.hadoop.ipc.Server$RpcCall.run(Server.java:822)
	at java.security.AccessController.doPrivileged(Native Method)
	at javax.security.auth.Subject.doAs(Subject.java:422)
	at org.apache.hadoop.security.UserGroupInformation.doAs(UserGroupInformation.java:1730)
	at org.apache.hadoop.ipc.Server$Handler.run(Server.java:2682)
, while invoking $Proxy37.submitRequest over nodeId=null,nodeAddress=localhost:32823 after 9 failover attempts. Trying to failover immediately.
2019-10-16 07:48:48,151 [IPC Server handler 9 on 32823] ERROR lock.LockManager (LockManager.java:getLockForReleasing(218)) - Trying to release the lock on /9c189c59-48fe-4872-8dbb-112a103c4d24/1f0efd32-4ffb-413a-aaee-c42e6f1d0345, which was never acquired.
2019-10-16 07:48:48,151 [IPC Server handler 9 on 32823] WARN  ipc.Server (Server.java:logException(2724)) - IPC Server handler 9 on 32823, call Call#71 Retry#10 org.apache.hadoop.ozone.om.protocol.OzoneManagerProtocol.submitRequest from 127.0.0.1:57538
java.lang.IllegalMonitorStateException: Releasing lock on resource /9c189c59-48fe-4872-8dbb-112a103c4d24/1f0efd32-4ffb-413a-aaee-c42e6f1d0345 without acquiring lock
	at org.apache.hadoop.ozone.lock.LockManager.getLockForReleasing(LockManager.java:220)
	at org.apache.hadoop.ozone.lock.LockManager.release(LockManager.java:168)
	at org.apache.hadoop.ozone.lock.LockManager.writeUnlock(LockManager.java:148)
	at org.apache.hadoop.ozone.om.lock.OzoneManagerLock.unlock(OzoneManagerLock.java:364)
	at org.apache.hadoop.ozone.om.lock.OzoneManagerLock.releaseWriteLock(OzoneManagerLock.java:329)
	at org.apache.hadoop.ozone.om.request.key.OMKeyCommitRequest.validateAndUpdateCache(OMKeyCommitRequest.java:177)
	at org.apache.hadoop.ozone.protocolPB.OzoneManagerProtocolServerSideTranslatorPB.submitRequestDirectlyToOM(OzoneManagerProtocolServerSideTranslatorPB.java:219)
	at org.apache.hadoop.ozone.protocolPB.OzoneManagerProtocolServerSideTranslatorPB.processRequest(OzoneManagerProtocolServerSideTranslatorPB.java:134)
	at org.apache.hadoop.hdds.server.OzoneProtocolMessageDispatcher.processRequest(OzoneProtocolMessageDispatcher.java:72)
	at org.apache.hadoop.ozone.protocolPB.OzoneManagerProtocolServerSideTranslatorPB.submitRequest(OzoneManagerProtocolServerSideTranslatorPB.java:100)
	at org.apache.hadoop.ozone.protocol.proto.OzoneManagerProtocolProtos$OzoneManagerService$2.callBlockingMethod(OzoneManagerProtocolProtos.java)
	at org.apache.hadoop.ipc.ProtobufRpcEngine$Server$ProtoBufRpcInvoker.call(ProtobufRpcEngine.java:524)
	at org.apache.hadoop.ipc.RPC$Server.call(RPC.java:1025)
	at org.apache.hadoop.ipc.Server$RpcCall.run(Server.java:876)
	at org.apache.hadoop.ipc.Server$RpcCall.run(Server.java:822)
	at java.security.AccessController.doPrivileged(Native Method)
	at javax.security.auth.Subject.doAs(Subject.java:422)
	at org.apache.hadoop.security.UserGroupInformation.doAs(UserGroupInformation.java:1730)
	at org.apache.hadoop.ipc.Server$Handler.run(Server.java:2682)
2019-10-16 07:48:48,154 [main] ERROR ha.OMFailoverProxyProvider (OzoneManagerProtocolClientSideTranslatorPB.java:getRetryAction(268)) - Failed to connect to OM. Attempted 10 retries and 10 failovers
]]></system-out>
    <system-err><![CDATA[ERROR StatusLogger No Log4j 2 configuration file found. Using default configuration (logging only errors to the console), or user programmatically provided configurations. Set system property 'log4j2.debug' to show Log4j 2 internal initialization logging. See https://logging.apache.org/log4j/2.x/manual/configuration.html for instructions on how to configure Log4j 2
]]></system-err>
  </testcase>
</testsuite>