<?xml version="1.0" encoding="UTF-8"?>
<testsuite xmlns:xsi="http://www.w3.org/2001/XMLSchema-instance" xsi:noNamespaceSchemaLocation="https://maven.apache.org/surefire/maven-surefire-plugin/xsd/surefire-test-report.xsd" name="org.apache.hadoop.ozone.client.rpc.TestKeyInputStream" time="22.572" tests="1" errors="1" skipped="0" failures="0">
  <properties>
    <property name="awt.toolkit" value="sun.awt.X11.XToolkit"/>
    <property name="file.encoding.pkg" value="sun.io"/>
    <property name="java.specification.version" value="1.8"/>
    <property name="sun.cpu.isalist" value=""/>
    <property name="sun.jnu.encoding" value="ANSI_X3.4-1968"/>
    <property name="java.class.path" value="/workdir/hadoop-ozone/integration-test/target/test-classes:/workdir/hadoop-ozone/integration-test/target/classes:/home/user/.m2/repository/org/apache/hadoop/hadoop-ozone-common/0.5.0-SNAPSHOT/hadoop-ozone-common-0.5.0-SNAPSHOT.jar:/home/user/.m2/repository/org/apache/commons/commons-compress/1.4.1/commons-compress-1.4.1.jar:/home/user/.m2/repository/org/tukaani/xz/1.0/xz-1.0.jar:/home/user/.m2/repository/org/apache/hadoop/hadoop-common/3.2.0/hadoop-common-3.2.0.jar:/home/user/.m2/repository/org/apache/hadoop/hadoop-hdfs/3.2.0/hadoop-hdfs-3.2.0.jar:/home/user/.m2/repository/org/apache/hadoop/hadoop-hdfs-client/3.2.0/hadoop-hdfs-client-3.2.0.jar:/home/user/.m2/repository/com/fasterxml/jackson/core/jackson-annotations/2.9.9/jackson-annotations-2.9.9.jar:/home/user/.m2/repository/org/apache/hadoop/hadoop-hdds-common/0.5.0-SNAPSHOT/hadoop-hdds-common-0.5.0-SNAPSHOT.jar:/home/user/.m2/repository/javax/annotation/javax.annotation-api/1.2/javax.annotation-api-1.2.jar:/home/user/.m2/repository/org/apache/ratis/ratis-server/0.5.0-3f446aa-SNAPSHOT/ratis-server-0.5.0-3f446aa-SNAPSHOT.jar:/home/user/.m2/repository/org/apache/ratis/ratis-thirdparty-misc/0.2.0/ratis-thirdparty-misc-0.2.0.jar:/home/user/.m2/repository/org/apache/ratis/ratis-proto/0.5.0-3f446aa-SNAPSHOT/ratis-proto-0.5.0-3f446aa-SNAPSHOT.jar:/home/user/.m2/repository/org/apache/ratis/ratis-common/0.5.0-3f446aa-SNAPSHOT/ratis-common-0.5.0-3f446aa-SNAPSHOT.jar:/home/user/.m2/repository/org/apache/ratis/ratis-client/0.5.0-3f446aa-SNAPSHOT/ratis-client-0.5.0-3f446aa-SNAPSHOT.jar:/home/user/.m2/repository/org/apache/ratis/ratis-metrics/0.5.0-3f446aa-SNAPSHOT/ratis-metrics-0.5.0-3f446aa-SNAPSHOT.jar:/home/user/.m2/repository/com/github/joshelser/dropwizard-metrics-hadoop-metrics2-reporter/0.1.2/dropwizard-metrics-hadoop-metrics2-reporter-0.1.2.jar:/home/user/.m2/repository/io/dropwizard/metrics/metrics-jvm/3.2.5/metrics-jvm-3.2.5.jar:/home/user/.m2/repository/io/dropwizard/metrics/metrics-ganglia/3.2.5/metrics-ganglia-3.2.5.jar:/home/user/.m2/repository/info/ganglia/gmetric4j/gmetric4j/1.0.7/gmetric4j-1.0.7.jar:/home/user/.m2/repository/org/apache/ratis/ratis-netty/0.5.0-3f446aa-SNAPSHOT/ratis-netty-0.5.0-3f446aa-SNAPSHOT.jar:/home/user/.m2/repository/org/apache/ratis/ratis-grpc/0.5.0-3f446aa-SNAPSHOT/ratis-grpc-0.5.0-3f446aa-SNAPSHOT.jar:/home/user/.m2/repository/org/rocksdb/rocksdbjni/6.0.1/rocksdbjni-6.0.1.jar:/home/user/.m2/repository/org/apache/logging/log4j/log4j-api/2.11.0/log4j-api-2.11.0.jar:/home/user/.m2/repository/org/apache/logging/log4j/log4j-core/2.11.0/log4j-core-2.11.0.jar:/home/user/.m2/repository/com/lmax/disruptor/3.4.2/disruptor-3.4.2.jar:/home/user/.m2/repository/org/apache/commons/commons-pool2/2.6.0/commons-pool2-2.6.0.jar:/home/user/.m2/repository/org/bouncycastle/bcpkix-jdk15on/1.60/bcpkix-jdk15on-1.60.jar:/home/user/.m2/repository/commons-validator/commons-validator/1.6/commons-validator-1.6.jar:/home/user/.m2/repository/commons-digester/commons-digester/1.8.1/commons-digester-1.8.1.jar:/home/user/.m2/repository/io/jaegertracing/jaeger-client/0.34.0/jaeger-client-0.34.0.jar:/home/user/.m2/repository/io/jaegertracing/jaeger-thrift/0.34.0/jaeger-thrift-0.34.0.jar:/home/user/.m2/repository/org/apache/thrift/libthrift/0.12.0/libthrift-0.12.0.jar:/home/user/.m2/repository/com/squareup/okhttp3/okhttp/3.9.0/okhttp-3.9.0.jar:/home/user/.m2/repository/com/squareup/okio/okio/1.13.0/okio-1.13.0.jar:/home/user/.m2/repository/io/jaegertracing/jaeger-core/0.34.0/jaeger-core-0.34.0.jar:/home/user/.m2/repository/io/jaegertracing/jaeger-tracerresolver/0.34.0/jaeger-tracerresolver-0.34.0.jar:/home/user/.m2/repository/io/opentracing/contrib/opentracing-tracerresolver/0.1.5/opentracing-tracerresolver-0.1.5.jar:/home/user/.m2/repository/io/opentracing/opentracing-util/0.31.0/opentracing-util-0.31.0.jar:/home/user/.m2/repository/io/opentracing/opentracing-api/0.31.0/opentracing-api-0.31.0.jar:/home/user/.m2/repository/io/opentracing/opentracing-noop/0.31.0/opentracing-noop-0.31.0.jar:/home/user/.m2/repository/org/apache/hadoop/hadoop-hdds-server-framework/0.5.0-SNAPSHOT/hadoop-hdds-server-framework-0.5.0-SNAPSHOT.jar:/home/user/.m2/repository/org/apache/hadoop/hadoop-hdds-container-service/0.5.0-SNAPSHOT/hadoop-hdds-container-service-0.5.0-SNAPSHOT.jar:/home/user/.m2/repository/org/apache/hadoop/hadoop-hdds-client/0.5.0-SNAPSHOT/hadoop-hdds-client-0.5.0-SNAPSHOT.jar:/home/user/.m2/repository/org/apache/hadoop/hadoop-hdds-tools/0.5.0-SNAPSHOT/hadoop-hdds-tools-0.5.0-SNAPSHOT.jar:/home/user/.m2/repository/org/apache/hadoop/hadoop-hdds-server-scm/0.5.0-SNAPSHOT/hadoop-hdds-server-scm-0.5.0-SNAPSHOT.jar:/home/user/.m2/repository/org/apache/hadoop/hadoop-hdds-docs/0.5.0-SNAPSHOT/hadoop-hdds-docs-0.5.0-SNAPSHOT.jar:/home/user/.m2/repository/io/dropwizard/metrics/metrics-core/3.2.4/metrics-core-3.2.4.jar:/home/user/.m2/repository/org/hamcrest/hamcrest-all/1.3/hamcrest-all-1.3.jar:/home/user/.m2/repository/org/bouncycastle/bcprov-jdk15on/1.60/bcprov-jdk15on-1.60.jar:/home/user/.m2/repository/info/picocli/picocli/3.9.6/picocli-3.9.6.jar:/home/user/.m2/repository/com/google/protobuf/protobuf-java/2.5.0/protobuf-java-2.5.0.jar:/home/user/.m2/repository/com/google/guava/guava/11.0.2/guava-11.0.2.jar:/home/user/.m2/repository/org/apache/hadoop/hadoop-ozone-ozone-manager/0.5.0-SNAPSHOT/hadoop-ozone-ozone-manager-0.5.0-SNAPSHOT.jar:/home/user/.m2/repository/org/apache/hadoop/hadoop-minikdc/3.2.0/hadoop-minikdc-3.2.0.jar:/home/user/.m2/repository/commons-io/commons-io/2.5/commons-io-2.5.jar:/home/user/.m2/repository/org/apache/kerby/kerb-simplekdc/1.0.1/kerb-simplekdc-1.0.1.jar:/home/user/.m2/repository/org/apache/kerby/kerb-client/1.0.1/kerb-client-1.0.1.jar:/home/user/.m2/repository/org/apache/kerby/kerby-config/1.0.1/kerby-config-1.0.1.jar:/home/user/.m2/repository/org/apache/kerby/kerb-core/1.0.1/kerb-core-1.0.1.jar:/home/user/.m2/repository/org/apache/kerby/kerby-pkix/1.0.1/kerby-pkix-1.0.1.jar:/home/user/.m2/repository/org/apache/kerby/kerby-asn1/1.0.1/kerby-asn1-1.0.1.jar:/home/user/.m2/repository/org/apache/kerby/kerby-util/1.0.1/kerby-util-1.0.1.jar:/home/user/.m2/repository/org/apache/kerby/kerb-common/1.0.1/kerb-common-1.0.1.jar:/home/user/.m2/repository/org/apache/kerby/kerb-crypto/1.0.1/kerb-crypto-1.0.1.jar:/home/user/.m2/repository/org/apache/kerby/kerb-util/1.0.1/kerb-util-1.0.1.jar:/home/user/.m2/repository/org/apache/kerby/token-provider/1.0.1/token-provider-1.0.1.jar:/home/user/.m2/repository/org/apache/kerby/kerb-admin/1.0.1/kerb-admin-1.0.1.jar:/home/user/.m2/repository/org/apache/kerby/kerb-server/1.0.1/kerb-server-1.0.1.jar:/home/user/.m2/repository/org/apache/kerby/kerb-identity/1.0.1/kerb-identity-1.0.1.jar:/home/user/.m2/repository/org/apache/kerby/kerby-xdr/1.0.1/kerby-xdr-1.0.1.jar:/home/user/.m2/repository/org/slf4j/slf4j-log4j12/1.7.25/slf4j-log4j12-1.7.25.jar:/home/user/.m2/repository/org/apache/hadoop/hadoop-ozone-s3gateway/0.5.0-SNAPSHOT/hadoop-ozone-s3gateway-0.5.0-SNAPSHOT.jar:/home/user/.m2/repository/org/jboss/weld/servlet/weld-servlet/2.4.7.Final/weld-servlet-2.4.7.Final.jar:/home/user/.m2/repository/org/glassfish/jersey/containers/jersey-container-servlet-core/2.27/jersey-container-servlet-core-2.27.jar:/home/user/.m2/repository/org/glassfish/hk2/external/javax.inject/2.5.0-b42/javax.inject-2.5.0-b42.jar:/home/user/.m2/repository/org/glassfish/jersey/core/jersey-common/2.27/jersey-common-2.27.jar:/home/user/.m2/repository/org/glassfish/hk2/osgi-resource-locator/1.0.1/osgi-resource-locator-1.0.1.jar:/home/user/.m2/repository/javax/ws/rs/javax.ws.rs-api/2.1/javax.ws.rs-api-2.1.jar:/home/user/.m2/repository/org/glassfish/jersey/ext/cdi/jersey-cdi1x/2.27/jersey-cdi1x-2.27.jar:/home/user/.m2/repository/org/glassfish/jersey/inject/jersey-hk2/2.27/jersey-hk2-2.27.jar:/home/user/.m2/repository/org/glassfish/hk2/hk2-locator/2.5.0-b42/hk2-locator-2.5.0-b42.jar:/home/user/.m2/repository/org/javassist/javassist/3.22.0-CR2/javassist-3.22.0-CR2.jar:/home/user/.m2/repository/org/glassfish/hk2/hk2-api/2.5.0/hk2-api-2.5.0.jar:/home/user/.m2/repository/org/glassfish/hk2/external/jakarta.inject/2.5.0/jakarta.inject-2.5.0.jar:/home/user/.m2/repository/org/glassfish/hk2/hk2-utils/2.5.0/hk2-utils-2.5.0.jar:/home/user/.m2/repository/jakarta/annotation/jakarta.annotation-api/1.3.4/jakarta.annotation-api-1.3.4.jar:/home/user/.m2/repository/org/glassfish/hk2/external/aopalliance-repackaged/2.5.0/aopalliance-repackaged-2.5.0.jar:/home/user/.m2/repository/com/fasterxml/jackson/dataformat/jackson-dataformat-xml/2.9.0/jackson-dataformat-xml-2.9.0.jar:/home/user/.m2/repository/com/fasterxml/jackson/core/jackson-core/2.9.9/jackson-core-2.9.9.jar:/home/user/.m2/repository/com/fasterxml/jackson/module/jackson-module-jaxb-annotations/2.9.9/jackson-module-jaxb-annotations-2.9.9.jar:/home/user/.m2/repository/javax/enterprise/cdi-api/1.2/cdi-api-1.2.jar:/home/user/.m2/repository/javax/el/javax.el-api/3.0.0/javax.el-api-3.0.0.jar:/home/user/.m2/repository/javax/interceptor/javax.interceptor-api/1.2/javax.interceptor-api-1.2.jar:/home/user/.m2/repository/javax/inject/javax.inject/1/javax.inject-1.jar:/home/user/.m2/repository/com/sun/xml/bind/jaxb-impl/2.3.0.1/jaxb-impl-2.3.0.1.jar:/home/user/.m2/repository/com/sun/xml/bind/jaxb-core/2.3.0.1/jaxb-core-2.3.0.1.jar:/home/user/.m2/repository/javax/xml/bind/jaxb-api/2.3.0/jaxb-api-2.3.0.jar:/home/user/.m2/repository/javax/activation/activation/1.1.1/activation-1.1.1.jar:/home/user/.m2/repository/org/apache/hadoop/hadoop-ozone-csi/0.5.0-SNAPSHOT/hadoop-ozone-csi-0.5.0-SNAPSHOT.jar:/home/user/.m2/repository/com/google/protobuf/protobuf-java-util/3.5.1/protobuf-java-util-3.5.1.jar:/home/user/.m2/repository/org/apache/hadoop/hadoop-hdds-config/0.5.0-SNAPSHOT/hadoop-hdds-config-0.5.0-SNAPSHOT.jar:/home/user/.m2/repository/io/grpc/grpc-netty/1.17.1/grpc-netty-1.17.1.jar:/home/user/.m2/repository/io/grpc/grpc-core/1.17.1/grpc-core-1.17.1.jar:/home/user/.m2/repository/io/grpc/grpc-context/1.17.1/grpc-context-1.17.1.jar:/home/user/.m2/repository/com/google/errorprone/error_prone_annotations/2.2.0/error_prone_annotations-2.2.0.jar:/home/user/.m2/repository/org/codehaus/mojo/animal-sniffer-annotations/1.17/animal-sniffer-annotations-1.17.jar:/home/user/.m2/repository/io/opencensus/opencensus-api/0.17.0/opencensus-api-0.17.0.jar:/home/user/.m2/repository/io/opencensus/opencensus-contrib-grpc-metrics/0.17.0/opencensus-contrib-grpc-metrics-0.17.0.jar:/home/user/.m2/repository/io/netty/netty-codec-http2/4.1.30.Final/netty-codec-http2-4.1.30.Final.jar:/home/user/.m2/repository/io/netty/netty-codec-http/4.1.30.Final/netty-codec-http-4.1.30.Final.jar:/home/user/.m2/repository/io/netty/netty-codec/4.1.30.Final/netty-codec-4.1.30.Final.jar:/home/user/.m2/repository/io/netty/netty-handler/4.1.30.Final/netty-handler-4.1.30.Final.jar:/home/user/.m2/repository/io/netty/netty-handler-proxy/4.1.30.Final/netty-handler-proxy-4.1.30.Final.jar:/home/user/.m2/repository/io/netty/netty-codec-socks/4.1.30.Final/netty-codec-socks-4.1.30.Final.jar:/home/user/.m2/repository/io/netty/netty-transport-native-epoll/4.1.30.Final/netty-transport-native-epoll-4.1.30.Final.jar:/home/user/.m2/repository/io/netty/netty-common/4.1.30.Final/netty-common-4.1.30.Final.jar:/home/user/.m2/repository/io/netty/netty-buffer/4.1.30.Final/netty-buffer-4.1.30.Final.jar:/home/user/.m2/repository/io/netty/netty-transport/4.1.30.Final/netty-transport-4.1.30.Final.jar:/home/user/.m2/repository/io/netty/netty-resolver/4.1.30.Final/netty-resolver-4.1.30.Final.jar:/home/user/.m2/repository/io/netty/netty-transport-native-unix-common/4.1.30.Final/netty-transport-native-unix-common-4.1.30.Final.jar:/home/user/.m2/repository/io/grpc/grpc-protobuf/1.17.1/grpc-protobuf-1.17.1.jar:/home/user/.m2/repository/com/google/api/grpc/proto-google-common-protos/1.0.0/proto-google-common-protos-1.0.0.jar:/home/user/.m2/repository/io/grpc/grpc-protobuf-lite/1.17.1/grpc-protobuf-lite-1.17.1.jar:/home/user/.m2/repository/io/grpc/grpc-stub/1.17.1/grpc-stub-1.17.1.jar:/home/user/.m2/repository/org/apache/hadoop/hadoop-ozone-recon/0.5.0-SNAPSHOT/hadoop-ozone-recon-0.5.0-SNAPSHOT.jar:/home/user/.m2/repository/org/apache/hadoop/hadoop-ozone-reconcodegen/0.5.0-SNAPSHOT/hadoop-ozone-reconcodegen-0.5.0-SNAPSHOT.jar:/home/user/.m2/repository/com/google/inject/extensions/guice-multibindings/4.0/guice-multibindings-4.0.jar:/home/user/.m2/repository/com/google/inject/guice/4.0/guice-4.0.jar:/home/user/.m2/repository/aopalliance/aopalliance/1.0/aopalliance-1.0.jar:/home/user/.m2/repository/com/google/inject/extensions/guice-servlet/4.0/guice-servlet-4.0.jar:/home/user/.m2/repository/org/glassfish/jersey/containers/jersey-container-servlet/2.27/jersey-container-servlet-2.27.jar:/home/user/.m2/repository/org/glassfish/hk2/guice-bridge/2.5.0/guice-bridge-2.5.0.jar:/home/user/.m2/repository/org/glassfish/jersey/core/jersey-server/2.27/jersey-server-2.27.jar:/home/user/.m2/repository/org/glassfish/jersey/core/jersey-client/2.27/jersey-client-2.27.jar:/home/user/.m2/repository/org/glassfish/jersey/media/jersey-media-jaxb/2.27/jersey-media-jaxb-2.27.jar:/home/user/.m2/repository/javax/validation/validation-api/1.1.0.Final/validation-api-1.1.0.Final.jar:/home/user/.m2/repository/org/glassfish/jersey/media/jersey-media-json-jackson/2.27/jersey-media-json-jackson-2.27.jar:/home/user/.m2/repository/org/glassfish/jersey/ext/jersey-entity-filtering/2.27/jersey-entity-filtering-2.27.jar:/home/user/.m2/repository/com/google/inject/extensions/guice-assistedinject/4.0/guice-assistedinject-4.0.jar:/home/user/.m2/repository/org/jooq/jooq/3.11.10/jooq-3.11.10.jar:/home/user/.m2/repository/org/jooq/jooq-meta/3.11.10/jooq-meta-3.11.10.jar:/home/user/.m2/repository/org/jooq/jooq-codegen/3.11.10/jooq-codegen-3.11.10.jar:/home/user/.m2/repository/com/jolbox/bonecp/0.8.0.RELEASE/bonecp-0.8.0.RELEASE.jar:/home/user/.m2/repository/org/xerial/sqlite-jdbc/3.25.2/sqlite-jdbc-3.25.2.jar:/home/user/.m2/repository/org/springframework/spring-jdbc/5.1.3.RELEASE/spring-jdbc-5.1.3.RELEASE.jar:/home/user/.m2/repository/org/springframework/spring-beans/5.1.3.RELEASE/spring-beans-5.1.3.RELEASE.jar:/home/user/.m2/repository/org/springframework/spring-core/5.1.3.RELEASE/spring-core-5.1.3.RELEASE.jar:/home/user/.m2/repository/org/springframework/spring-jcl/5.1.3.RELEASE/spring-jcl-5.1.3.RELEASE.jar:/home/user/.m2/repository/org/springframework/spring-tx/5.1.3.RELEASE/spring-tx-5.1.3.RELEASE.jar:/home/user/.m2/repository/org/apache/hadoop/hadoop-ozone-client/0.5.0-SNAPSHOT/hadoop-ozone-client-0.5.0-SNAPSHOT.jar:/home/user/.m2/repository/commons-lang/commons-lang/2.6/commons-lang-2.6.jar:/home/user/.m2/repository/org/apache/hadoop/hadoop-ozone-ozone-manager/0.5.0-SNAPSHOT/hadoop-ozone-ozone-manager-0.5.0-SNAPSHOT-tests.jar:/home/user/.m2/repository/junit/junit/4.11/junit-4.11.jar:/home/user/.m2/repository/org/hamcrest/hamcrest-core/1.3/hamcrest-core-1.3.jar:/home/user/.m2/repository/org/openjdk/jmh/jmh-core/1.19/jmh-core-1.19.jar:/home/user/.m2/repository/net/sf/jopt-simple/jopt-simple/4.6/jopt-simple-4.6.jar:/home/user/.m2/repository/org/apache/commons/commons-math3/3.1.1/commons-math3-3.1.1.jar:/home/user/.m2/repository/org/openjdk/jmh/jmh-generator-annprocess/1.19/jmh-generator-annprocess-1.19.jar:/home/user/.m2/repository/org/mockito/mockito-all/1.8.5/mockito-all-1.8.5.jar:/home/user/.m2/repository/org/apache/hadoop/hadoop-kms/3.2.0/hadoop-kms-3.2.0.jar:/home/user/.m2/repository/org/apache/hadoop/hadoop-auth/3.2.0/hadoop-auth-3.2.0.jar:/home/user/.m2/repository/com/nimbusds/nimbus-jose-jwt/4.41.1/nimbus-jose-jwt-4.41.1.jar:/home/user/.m2/repository/com/github/stephenc/jcip/jcip-annotations/1.0-1/jcip-annotations-1.0-1.jar:/home/user/.m2/repository/net/minidev/json-smart/2.3/json-smart-2.3.jar:/home/user/.m2/repository/net/minidev/accessors-smart/1.2/accessors-smart-1.2.jar:/home/user/.m2/repository/org/ow2/asm/asm/5.0.4/asm-5.0.4.jar:/home/user/.m2/repository/org/apache/curator/curator-framework/2.12.0/curator-framework-2.12.0.jar:/home/user/.m2/repository/com/sun/jersey/jersey-core/1.19/jersey-core-1.19.jar:/home/user/.m2/repository/javax/ws/rs/jsr311-api/1.1.1/jsr311-api-1.1.1.jar:/home/user/.m2/repository/com/sun/jersey/jersey-server/1.19/jersey-server-1.19.jar:/home/user/.m2/repository/javax/servlet/javax.servlet-api/3.1.0/javax.servlet-api-3.1.0.jar:/home/user/.m2/repository/org/eclipse/jetty/jetty-server/9.3.25.v20180904/jetty-server-9.3.25.v20180904.jar:/home/user/.m2/repository/org/eclipse/jetty/jetty-http/9.3.25.v20180904/jetty-http-9.3.25.v20180904.jar:/home/user/.m2/repository/org/eclipse/jetty/jetty-io/9.3.25.v20180904/jetty-io-9.3.25.v20180904.jar:/home/user/.m2/repository/org/eclipse/jetty/jetty-webapp/9.3.25.v20180904/jetty-webapp-9.3.25.v20180904.jar:/home/user/.m2/repository/org/eclipse/jetty/jetty-xml/9.3.25.v20180904/jetty-xml-9.3.25.v20180904.jar:/home/user/.m2/repository/log4j/log4j/1.2.17/log4j-1.2.17.jar:/home/user/.m2/repository/org/slf4j/slf4j-api/1.7.25/slf4j-api-1.7.25.jar:/home/user/.m2/repository/org/slf4j/jul-to-slf4j/1.7.25/jul-to-slf4j-1.7.25.jar:/home/user/.m2/repository/org/eclipse/jetty/jetty-util/9.3.25.v20180904/jetty-util-9.3.25.v20180904.jar:/home/user/.m2/repository/com/fasterxml/jackson/core/jackson-databind/2.9.9/jackson-databind-2.9.9.jar:/home/user/.m2/repository/org/apache/hadoop/hadoop-kms/3.2.0/hadoop-kms-3.2.0-tests.jar:/home/user/.m2/repository/org/apache/hadoop/hadoop-hdds-server-scm/0.5.0-SNAPSHOT/hadoop-hdds-server-scm-0.5.0-SNAPSHOT-tests.jar:/home/user/.m2/repository/org/apache/hadoop/hadoop-hdds-container-service/0.5.0-SNAPSHOT/hadoop-hdds-container-service-0.5.0-SNAPSHOT-tests.jar:/home/user/.m2/repository/org/yaml/snakeyaml/1.16/snakeyaml-1.16.jar:/home/user/.m2/repository/org/apache/hadoop/hadoop-common/3.2.0/hadoop-common-3.2.0-tests.jar:/home/user/.m2/repository/org/apache/hadoop/hadoop-annotations/3.2.0/hadoop-annotations-3.2.0.jar:/usr/lib/jvm/java-1.8.0-openjdk-1.8.0.222.b10-1.el7_7.x86_64/jre/../lib/tools.jar:/home/user/.m2/repository/commons-cli/commons-cli/1.2/commons-cli-1.2.jar:/home/user/.m2/repository/org/apache/httpcomponents/httpclient/4.5.2/httpclient-4.5.2.jar:/home/user/.m2/repository/org/apache/httpcomponents/httpcore/4.4.4/httpcore-4.4.4.jar:/home/user/.m2/repository/commons-codec/commons-codec/1.11/commons-codec-1.11.jar:/home/user/.m2/repository/commons-net/commons-net/3.6/commons-net-3.6.jar:/home/user/.m2/repository/commons-collections/commons-collections/3.2.2/commons-collections-3.2.2.jar:/home/user/.m2/repository/org/eclipse/jetty/jetty-servlet/9.3.25.v20180904/jetty-servlet-9.3.25.v20180904.jar:/home/user/.m2/repository/org/eclipse/jetty/jetty-security/9.3.25.v20180904/jetty-security-9.3.25.v20180904.jar:/home/user/.m2/repository/javax/servlet/jsp/jsp-api/2.1/jsp-api-2.1.jar:/home/user/.m2/repository/com/sun/jersey/jersey-servlet/1.19/jersey-servlet-1.19.jar:/home/user/.m2/repository/com/sun/jersey/jersey-json/1.19/jersey-json-1.19.jar:/home/user/.m2/repository/org/codehaus/jettison/jettison/1.1/jettison-1.1.jar:/home/user/.m2/repository/org/codehaus/jackson/jackson-core-asl/1.9.13/jackson-core-asl-1.9.13.jar:/home/user/.m2/repository/org/codehaus/jackson/jackson-mapper-asl/1.9.13/jackson-mapper-asl-1.9.13.jar:/home/user/.m2/repository/org/codehaus/jackson/jackson-jaxrs/1.9.13/jackson-jaxrs-1.9.13.jar:/home/user/.m2/repository/org/codehaus/jackson/jackson-xc/1.9.13/jackson-xc-1.9.13.jar:/home/user/.m2/repository/commons-logging/commons-logging/1.1.3/commons-logging-1.1.3.jar:/home/user/.m2/repository/commons-beanutils/commons-beanutils/1.9.4/commons-beanutils-1.9.4.jar:/home/user/.m2/repository/org/apache/commons/commons-configuration2/2.1.1/commons-configuration2-2.1.1.jar:/home/user/.m2/repository/org/apache/commons/commons-lang3/3.7/commons-lang3-3.7.jar:/home/user/.m2/repository/org/apache/commons/commons-text/1.4/commons-text-1.4.jar:/home/user/.m2/repository/org/apache/avro/avro/1.7.7/avro-1.7.7.jar:/home/user/.m2/repository/com/thoughtworks/paranamer/paranamer/2.3/paranamer-2.3.jar:/home/user/.m2/repository/org/xerial/snappy/snappy-java/1.0.5/snappy-java-1.0.5.jar:/home/user/.m2/repository/com/google/re2j/re2j/1.1/re2j-1.1.jar:/home/user/.m2/repository/com/google/code/gson/gson/2.2.4/gson-2.2.4.jar:/home/user/.m2/repository/com/jcraft/jsch/0.1.54/jsch-0.1.54.jar:/home/user/.m2/repository/org/apache/curator/curator-client/2.12.0/curator-client-2.12.0.jar:/home/user/.m2/repository/org/apache/curator/curator-recipes/2.12.0/curator-recipes-2.12.0.jar:/home/user/.m2/repository/com/google/code/findbugs/jsr305/3.0.0/jsr305-3.0.0.jar:/home/user/.m2/repository/org/apache/htrace/htrace-core4/4.1.0-incubating/htrace-core4-4.1.0-incubating.jar:/home/user/.m2/repository/org/apache/zookeeper/zookeeper/3.4.13/zookeeper-3.4.13.jar:/home/user/.m2/repository/jline/jline/0.9.94/jline-0.9.94.jar:/home/user/.m2/repository/org/apache/yetus/audience-annotations/0.5.0/audience-annotations-0.5.0.jar:/home/user/.m2/repository/org/codehaus/woodstox/stax2-api/3.1.4/stax2-api-3.1.4.jar:/home/user/.m2/repository/com/fasterxml/woodstox/woodstox-core/5.0.3/woodstox-core-5.0.3.jar:/home/user/.m2/repository/dnsjava/dnsjava/2.1.7/dnsjava-2.1.7.jar:/home/user/.m2/repository/org/apache/hadoop/hadoop-hdfs/3.2.0/hadoop-hdfs-3.2.0-tests.jar:/home/user/.m2/repository/org/eclipse/jetty/jetty-util-ajax/9.3.25.v20180904/jetty-util-ajax-9.3.25.v20180904.jar:/home/user/.m2/repository/commons-daemon/commons-daemon/1.0.13/commons-daemon-1.0.13.jar:/home/user/.m2/repository/io/netty/netty/3.10.5.Final/netty-3.10.5.Final.jar:/home/user/.m2/repository/io/netty/netty-all/4.0.52.Final/netty-all-4.0.52.Final.jar:/home/user/.m2/repository/org/fusesource/leveldbjni/leveldbjni-all/1.8/leveldbjni-all-1.8.jar:"/>
    <property name="java.vm.vendor" value="Oracle Corporation"/>
    <property name="sun.arch.data.model" value="64"/>
    <property name="test.build.dir" value="/workdir/hadoop-ozone/integration-test/target/test-dir"/>
    <property name="test.cache.data" value=""/>
    <property name="java.vendor.url" value="http://java.oracle.com/"/>
    <property name="user.timezone" value=""/>
    <property name="java.vm.specification.version" value="1.8"/>
    <property name="os.name" value="Linux"/>
    <property name="test.build.data" value="/workdir/hadoop-ozone/integration-test/target/test-dir"/>
    <property name="user.country" value="US"/>
    <property name="sun.java.launcher" value="SUN_STANDARD"/>
    <property name="sun.boot.library.path" value="/usr/lib/jvm/java-1.8.0-openjdk-1.8.0.222.b10-1.el7_7.x86_64/jre/lib/amd64"/>
    <property name="sun.java.command" value="/workdir/hadoop-ozone/integration-test/target/surefire/surefirebooter552587032690187539.jar /workdir/hadoop-ozone/integration-test/target/surefire 2019-10-16T06-58-22_039-jvmRun1 surefire7645117825276662474tmp surefire_512594902490895646859tmp"/>
    <property name="surefire.test.class.path" value="/workdir/hadoop-ozone/integration-test/target/test-classes:/workdir/hadoop-ozone/integration-test/target/classes:/home/user/.m2/repository/org/apache/hadoop/hadoop-ozone-common/0.5.0-SNAPSHOT/hadoop-ozone-common-0.5.0-SNAPSHOT.jar:/home/user/.m2/repository/org/apache/commons/commons-compress/1.4.1/commons-compress-1.4.1.jar:/home/user/.m2/repository/org/tukaani/xz/1.0/xz-1.0.jar:/home/user/.m2/repository/org/apache/hadoop/hadoop-common/3.2.0/hadoop-common-3.2.0.jar:/home/user/.m2/repository/org/apache/hadoop/hadoop-hdfs/3.2.0/hadoop-hdfs-3.2.0.jar:/home/user/.m2/repository/org/apache/hadoop/hadoop-hdfs-client/3.2.0/hadoop-hdfs-client-3.2.0.jar:/home/user/.m2/repository/com/fasterxml/jackson/core/jackson-annotations/2.9.9/jackson-annotations-2.9.9.jar:/home/user/.m2/repository/org/apache/hadoop/hadoop-hdds-common/0.5.0-SNAPSHOT/hadoop-hdds-common-0.5.0-SNAPSHOT.jar:/home/user/.m2/repository/javax/annotation/javax.annotation-api/1.2/javax.annotation-api-1.2.jar:/home/user/.m2/repository/org/apache/ratis/ratis-server/0.5.0-3f446aa-SNAPSHOT/ratis-server-0.5.0-3f446aa-SNAPSHOT.jar:/home/user/.m2/repository/org/apache/ratis/ratis-thirdparty-misc/0.2.0/ratis-thirdparty-misc-0.2.0.jar:/home/user/.m2/repository/org/apache/ratis/ratis-proto/0.5.0-3f446aa-SNAPSHOT/ratis-proto-0.5.0-3f446aa-SNAPSHOT.jar:/home/user/.m2/repository/org/apache/ratis/ratis-common/0.5.0-3f446aa-SNAPSHOT/ratis-common-0.5.0-3f446aa-SNAPSHOT.jar:/home/user/.m2/repository/org/apache/ratis/ratis-client/0.5.0-3f446aa-SNAPSHOT/ratis-client-0.5.0-3f446aa-SNAPSHOT.jar:/home/user/.m2/repository/org/apache/ratis/ratis-metrics/0.5.0-3f446aa-SNAPSHOT/ratis-metrics-0.5.0-3f446aa-SNAPSHOT.jar:/home/user/.m2/repository/com/github/joshelser/dropwizard-metrics-hadoop-metrics2-reporter/0.1.2/dropwizard-metrics-hadoop-metrics2-reporter-0.1.2.jar:/home/user/.m2/repository/io/dropwizard/metrics/metrics-jvm/3.2.5/metrics-jvm-3.2.5.jar:/home/user/.m2/repository/io/dropwizard/metrics/metrics-ganglia/3.2.5/metrics-ganglia-3.2.5.jar:/home/user/.m2/repository/info/ganglia/gmetric4j/gmetric4j/1.0.7/gmetric4j-1.0.7.jar:/home/user/.m2/repository/org/apache/ratis/ratis-netty/0.5.0-3f446aa-SNAPSHOT/ratis-netty-0.5.0-3f446aa-SNAPSHOT.jar:/home/user/.m2/repository/org/apache/ratis/ratis-grpc/0.5.0-3f446aa-SNAPSHOT/ratis-grpc-0.5.0-3f446aa-SNAPSHOT.jar:/home/user/.m2/repository/org/rocksdb/rocksdbjni/6.0.1/rocksdbjni-6.0.1.jar:/home/user/.m2/repository/org/apache/logging/log4j/log4j-api/2.11.0/log4j-api-2.11.0.jar:/home/user/.m2/repository/org/apache/logging/log4j/log4j-core/2.11.0/log4j-core-2.11.0.jar:/home/user/.m2/repository/com/lmax/disruptor/3.4.2/disruptor-3.4.2.jar:/home/user/.m2/repository/org/apache/commons/commons-pool2/2.6.0/commons-pool2-2.6.0.jar:/home/user/.m2/repository/org/bouncycastle/bcpkix-jdk15on/1.60/bcpkix-jdk15on-1.60.jar:/home/user/.m2/repository/commons-validator/commons-validator/1.6/commons-validator-1.6.jar:/home/user/.m2/repository/commons-digester/commons-digester/1.8.1/commons-digester-1.8.1.jar:/home/user/.m2/repository/io/jaegertracing/jaeger-client/0.34.0/jaeger-client-0.34.0.jar:/home/user/.m2/repository/io/jaegertracing/jaeger-thrift/0.34.0/jaeger-thrift-0.34.0.jar:/home/user/.m2/repository/org/apache/thrift/libthrift/0.12.0/libthrift-0.12.0.jar:/home/user/.m2/repository/com/squareup/okhttp3/okhttp/3.9.0/okhttp-3.9.0.jar:/home/user/.m2/repository/com/squareup/okio/okio/1.13.0/okio-1.13.0.jar:/home/user/.m2/repository/io/jaegertracing/jaeger-core/0.34.0/jaeger-core-0.34.0.jar:/home/user/.m2/repository/io/jaegertracing/jaeger-tracerresolver/0.34.0/jaeger-tracerresolver-0.34.0.jar:/home/user/.m2/repository/io/opentracing/contrib/opentracing-tracerresolver/0.1.5/opentracing-tracerresolver-0.1.5.jar:/home/user/.m2/repository/io/opentracing/opentracing-util/0.31.0/opentracing-util-0.31.0.jar:/home/user/.m2/repository/io/opentracing/opentracing-api/0.31.0/opentracing-api-0.31.0.jar:/home/user/.m2/repository/io/opentracing/opentracing-noop/0.31.0/opentracing-noop-0.31.0.jar:/home/user/.m2/repository/org/apache/hadoop/hadoop-hdds-server-framework/0.5.0-SNAPSHOT/hadoop-hdds-server-framework-0.5.0-SNAPSHOT.jar:/home/user/.m2/repository/org/apache/hadoop/hadoop-hdds-container-service/0.5.0-SNAPSHOT/hadoop-hdds-container-service-0.5.0-SNAPSHOT.jar:/home/user/.m2/repository/org/apache/hadoop/hadoop-hdds-client/0.5.0-SNAPSHOT/hadoop-hdds-client-0.5.0-SNAPSHOT.jar:/home/user/.m2/repository/org/apache/hadoop/hadoop-hdds-tools/0.5.0-SNAPSHOT/hadoop-hdds-tools-0.5.0-SNAPSHOT.jar:/home/user/.m2/repository/org/apache/hadoop/hadoop-hdds-server-scm/0.5.0-SNAPSHOT/hadoop-hdds-server-scm-0.5.0-SNAPSHOT.jar:/home/user/.m2/repository/org/apache/hadoop/hadoop-hdds-docs/0.5.0-SNAPSHOT/hadoop-hdds-docs-0.5.0-SNAPSHOT.jar:/home/user/.m2/repository/io/dropwizard/metrics/metrics-core/3.2.4/metrics-core-3.2.4.jar:/home/user/.m2/repository/org/hamcrest/hamcrest-all/1.3/hamcrest-all-1.3.jar:/home/user/.m2/repository/org/bouncycastle/bcprov-jdk15on/1.60/bcprov-jdk15on-1.60.jar:/home/user/.m2/repository/info/picocli/picocli/3.9.6/picocli-3.9.6.jar:/home/user/.m2/repository/com/google/protobuf/protobuf-java/2.5.0/protobuf-java-2.5.0.jar:/home/user/.m2/repository/com/google/guava/guava/11.0.2/guava-11.0.2.jar:/home/user/.m2/repository/org/apache/hadoop/hadoop-ozone-ozone-manager/0.5.0-SNAPSHOT/hadoop-ozone-ozone-manager-0.5.0-SNAPSHOT.jar:/home/user/.m2/repository/org/apache/hadoop/hadoop-minikdc/3.2.0/hadoop-minikdc-3.2.0.jar:/home/user/.m2/repository/commons-io/commons-io/2.5/commons-io-2.5.jar:/home/user/.m2/repository/org/apache/kerby/kerb-simplekdc/1.0.1/kerb-simplekdc-1.0.1.jar:/home/user/.m2/repository/org/apache/kerby/kerb-client/1.0.1/kerb-client-1.0.1.jar:/home/user/.m2/repository/org/apache/kerby/kerby-config/1.0.1/kerby-config-1.0.1.jar:/home/user/.m2/repository/org/apache/kerby/kerb-core/1.0.1/kerb-core-1.0.1.jar:/home/user/.m2/repository/org/apache/kerby/kerby-pkix/1.0.1/kerby-pkix-1.0.1.jar:/home/user/.m2/repository/org/apache/kerby/kerby-asn1/1.0.1/kerby-asn1-1.0.1.jar:/home/user/.m2/repository/org/apache/kerby/kerby-util/1.0.1/kerby-util-1.0.1.jar:/home/user/.m2/repository/org/apache/kerby/kerb-common/1.0.1/kerb-common-1.0.1.jar:/home/user/.m2/repository/org/apache/kerby/kerb-crypto/1.0.1/kerb-crypto-1.0.1.jar:/home/user/.m2/repository/org/apache/kerby/kerb-util/1.0.1/kerb-util-1.0.1.jar:/home/user/.m2/repository/org/apache/kerby/token-provider/1.0.1/token-provider-1.0.1.jar:/home/user/.m2/repository/org/apache/kerby/kerb-admin/1.0.1/kerb-admin-1.0.1.jar:/home/user/.m2/repository/org/apache/kerby/kerb-server/1.0.1/kerb-server-1.0.1.jar:/home/user/.m2/repository/org/apache/kerby/kerb-identity/1.0.1/kerb-identity-1.0.1.jar:/home/user/.m2/repository/org/apache/kerby/kerby-xdr/1.0.1/kerby-xdr-1.0.1.jar:/home/user/.m2/repository/org/slf4j/slf4j-log4j12/1.7.25/slf4j-log4j12-1.7.25.jar:/home/user/.m2/repository/org/apache/hadoop/hadoop-ozone-s3gateway/0.5.0-SNAPSHOT/hadoop-ozone-s3gateway-0.5.0-SNAPSHOT.jar:/home/user/.m2/repository/org/jboss/weld/servlet/weld-servlet/2.4.7.Final/weld-servlet-2.4.7.Final.jar:/home/user/.m2/repository/org/glassfish/jersey/containers/jersey-container-servlet-core/2.27/jersey-container-servlet-core-2.27.jar:/home/user/.m2/repository/org/glassfish/hk2/external/javax.inject/2.5.0-b42/javax.inject-2.5.0-b42.jar:/home/user/.m2/repository/org/glassfish/jersey/core/jersey-common/2.27/jersey-common-2.27.jar:/home/user/.m2/repository/org/glassfish/hk2/osgi-resource-locator/1.0.1/osgi-resource-locator-1.0.1.jar:/home/user/.m2/repository/javax/ws/rs/javax.ws.rs-api/2.1/javax.ws.rs-api-2.1.jar:/home/user/.m2/repository/org/glassfish/jersey/ext/cdi/jersey-cdi1x/2.27/jersey-cdi1x-2.27.jar:/home/user/.m2/repository/org/glassfish/jersey/inject/jersey-hk2/2.27/jersey-hk2-2.27.jar:/home/user/.m2/repository/org/glassfish/hk2/hk2-locator/2.5.0-b42/hk2-locator-2.5.0-b42.jar:/home/user/.m2/repository/org/javassist/javassist/3.22.0-CR2/javassist-3.22.0-CR2.jar:/home/user/.m2/repository/org/glassfish/hk2/hk2-api/2.5.0/hk2-api-2.5.0.jar:/home/user/.m2/repository/org/glassfish/hk2/external/jakarta.inject/2.5.0/jakarta.inject-2.5.0.jar:/home/user/.m2/repository/org/glassfish/hk2/hk2-utils/2.5.0/hk2-utils-2.5.0.jar:/home/user/.m2/repository/jakarta/annotation/jakarta.annotation-api/1.3.4/jakarta.annotation-api-1.3.4.jar:/home/user/.m2/repository/org/glassfish/hk2/external/aopalliance-repackaged/2.5.0/aopalliance-repackaged-2.5.0.jar:/home/user/.m2/repository/com/fasterxml/jackson/dataformat/jackson-dataformat-xml/2.9.0/jackson-dataformat-xml-2.9.0.jar:/home/user/.m2/repository/com/fasterxml/jackson/core/jackson-core/2.9.9/jackson-core-2.9.9.jar:/home/user/.m2/repository/com/fasterxml/jackson/module/jackson-module-jaxb-annotations/2.9.9/jackson-module-jaxb-annotations-2.9.9.jar:/home/user/.m2/repository/javax/enterprise/cdi-api/1.2/cdi-api-1.2.jar:/home/user/.m2/repository/javax/el/javax.el-api/3.0.0/javax.el-api-3.0.0.jar:/home/user/.m2/repository/javax/interceptor/javax.interceptor-api/1.2/javax.interceptor-api-1.2.jar:/home/user/.m2/repository/javax/inject/javax.inject/1/javax.inject-1.jar:/home/user/.m2/repository/com/sun/xml/bind/jaxb-impl/2.3.0.1/jaxb-impl-2.3.0.1.jar:/home/user/.m2/repository/com/sun/xml/bind/jaxb-core/2.3.0.1/jaxb-core-2.3.0.1.jar:/home/user/.m2/repository/javax/xml/bind/jaxb-api/2.3.0/jaxb-api-2.3.0.jar:/home/user/.m2/repository/javax/activation/activation/1.1.1/activation-1.1.1.jar:/home/user/.m2/repository/org/apache/hadoop/hadoop-ozone-csi/0.5.0-SNAPSHOT/hadoop-ozone-csi-0.5.0-SNAPSHOT.jar:/home/user/.m2/repository/com/google/protobuf/protobuf-java-util/3.5.1/protobuf-java-util-3.5.1.jar:/home/user/.m2/repository/org/apache/hadoop/hadoop-hdds-config/0.5.0-SNAPSHOT/hadoop-hdds-config-0.5.0-SNAPSHOT.jar:/home/user/.m2/repository/io/grpc/grpc-netty/1.17.1/grpc-netty-1.17.1.jar:/home/user/.m2/repository/io/grpc/grpc-core/1.17.1/grpc-core-1.17.1.jar:/home/user/.m2/repository/io/grpc/grpc-context/1.17.1/grpc-context-1.17.1.jar:/home/user/.m2/repository/com/google/errorprone/error_prone_annotations/2.2.0/error_prone_annotations-2.2.0.jar:/home/user/.m2/repository/org/codehaus/mojo/animal-sniffer-annotations/1.17/animal-sniffer-annotations-1.17.jar:/home/user/.m2/repository/io/opencensus/opencensus-api/0.17.0/opencensus-api-0.17.0.jar:/home/user/.m2/repository/io/opencensus/opencensus-contrib-grpc-metrics/0.17.0/opencensus-contrib-grpc-metrics-0.17.0.jar:/home/user/.m2/repository/io/netty/netty-codec-http2/4.1.30.Final/netty-codec-http2-4.1.30.Final.jar:/home/user/.m2/repository/io/netty/netty-codec-http/4.1.30.Final/netty-codec-http-4.1.30.Final.jar:/home/user/.m2/repository/io/netty/netty-codec/4.1.30.Final/netty-codec-4.1.30.Final.jar:/home/user/.m2/repository/io/netty/netty-handler/4.1.30.Final/netty-handler-4.1.30.Final.jar:/home/user/.m2/repository/io/netty/netty-handler-proxy/4.1.30.Final/netty-handler-proxy-4.1.30.Final.jar:/home/user/.m2/repository/io/netty/netty-codec-socks/4.1.30.Final/netty-codec-socks-4.1.30.Final.jar:/home/user/.m2/repository/io/netty/netty-transport-native-epoll/4.1.30.Final/netty-transport-native-epoll-4.1.30.Final.jar:/home/user/.m2/repository/io/netty/netty-common/4.1.30.Final/netty-common-4.1.30.Final.jar:/home/user/.m2/repository/io/netty/netty-buffer/4.1.30.Final/netty-buffer-4.1.30.Final.jar:/home/user/.m2/repository/io/netty/netty-transport/4.1.30.Final/netty-transport-4.1.30.Final.jar:/home/user/.m2/repository/io/netty/netty-resolver/4.1.30.Final/netty-resolver-4.1.30.Final.jar:/home/user/.m2/repository/io/netty/netty-transport-native-unix-common/4.1.30.Final/netty-transport-native-unix-common-4.1.30.Final.jar:/home/user/.m2/repository/io/grpc/grpc-protobuf/1.17.1/grpc-protobuf-1.17.1.jar:/home/user/.m2/repository/com/google/api/grpc/proto-google-common-protos/1.0.0/proto-google-common-protos-1.0.0.jar:/home/user/.m2/repository/io/grpc/grpc-protobuf-lite/1.17.1/grpc-protobuf-lite-1.17.1.jar:/home/user/.m2/repository/io/grpc/grpc-stub/1.17.1/grpc-stub-1.17.1.jar:/home/user/.m2/repository/org/apache/hadoop/hadoop-ozone-recon/0.5.0-SNAPSHOT/hadoop-ozone-recon-0.5.0-SNAPSHOT.jar:/home/user/.m2/repository/org/apache/hadoop/hadoop-ozone-reconcodegen/0.5.0-SNAPSHOT/hadoop-ozone-reconcodegen-0.5.0-SNAPSHOT.jar:/home/user/.m2/repository/com/google/inject/extensions/guice-multibindings/4.0/guice-multibindings-4.0.jar:/home/user/.m2/repository/com/google/inject/guice/4.0/guice-4.0.jar:/home/user/.m2/repository/aopalliance/aopalliance/1.0/aopalliance-1.0.jar:/home/user/.m2/repository/com/google/inject/extensions/guice-servlet/4.0/guice-servlet-4.0.jar:/home/user/.m2/repository/org/glassfish/jersey/containers/jersey-container-servlet/2.27/jersey-container-servlet-2.27.jar:/home/user/.m2/repository/org/glassfish/hk2/guice-bridge/2.5.0/guice-bridge-2.5.0.jar:/home/user/.m2/repository/org/glassfish/jersey/core/jersey-server/2.27/jersey-server-2.27.jar:/home/user/.m2/repository/org/glassfish/jersey/core/jersey-client/2.27/jersey-client-2.27.jar:/home/user/.m2/repository/org/glassfish/jersey/media/jersey-media-jaxb/2.27/jersey-media-jaxb-2.27.jar:/home/user/.m2/repository/javax/validation/validation-api/1.1.0.Final/validation-api-1.1.0.Final.jar:/home/user/.m2/repository/org/glassfish/jersey/media/jersey-media-json-jackson/2.27/jersey-media-json-jackson-2.27.jar:/home/user/.m2/repository/org/glassfish/jersey/ext/jersey-entity-filtering/2.27/jersey-entity-filtering-2.27.jar:/home/user/.m2/repository/com/google/inject/extensions/guice-assistedinject/4.0/guice-assistedinject-4.0.jar:/home/user/.m2/repository/org/jooq/jooq/3.11.10/jooq-3.11.10.jar:/home/user/.m2/repository/org/jooq/jooq-meta/3.11.10/jooq-meta-3.11.10.jar:/home/user/.m2/repository/org/jooq/jooq-codegen/3.11.10/jooq-codegen-3.11.10.jar:/home/user/.m2/repository/com/jolbox/bonecp/0.8.0.RELEASE/bonecp-0.8.0.RELEASE.jar:/home/user/.m2/repository/org/xerial/sqlite-jdbc/3.25.2/sqlite-jdbc-3.25.2.jar:/home/user/.m2/repository/org/springframework/spring-jdbc/5.1.3.RELEASE/spring-jdbc-5.1.3.RELEASE.jar:/home/user/.m2/repository/org/springframework/spring-beans/5.1.3.RELEASE/spring-beans-5.1.3.RELEASE.jar:/home/user/.m2/repository/org/springframework/spring-core/5.1.3.RELEASE/spring-core-5.1.3.RELEASE.jar:/home/user/.m2/repository/org/springframework/spring-jcl/5.1.3.RELEASE/spring-jcl-5.1.3.RELEASE.jar:/home/user/.m2/repository/org/springframework/spring-tx/5.1.3.RELEASE/spring-tx-5.1.3.RELEASE.jar:/home/user/.m2/repository/org/apache/hadoop/hadoop-ozone-client/0.5.0-SNAPSHOT/hadoop-ozone-client-0.5.0-SNAPSHOT.jar:/home/user/.m2/repository/commons-lang/commons-lang/2.6/commons-lang-2.6.jar:/home/user/.m2/repository/org/apache/hadoop/hadoop-ozone-ozone-manager/0.5.0-SNAPSHOT/hadoop-ozone-ozone-manager-0.5.0-SNAPSHOT-tests.jar:/home/user/.m2/repository/junit/junit/4.11/junit-4.11.jar:/home/user/.m2/repository/org/hamcrest/hamcrest-core/1.3/hamcrest-core-1.3.jar:/home/user/.m2/repository/org/openjdk/jmh/jmh-core/1.19/jmh-core-1.19.jar:/home/user/.m2/repository/net/sf/jopt-simple/jopt-simple/4.6/jopt-simple-4.6.jar:/home/user/.m2/repository/org/apache/commons/commons-math3/3.1.1/commons-math3-3.1.1.jar:/home/user/.m2/repository/org/openjdk/jmh/jmh-generator-annprocess/1.19/jmh-generator-annprocess-1.19.jar:/home/user/.m2/repository/org/mockito/mockito-all/1.8.5/mockito-all-1.8.5.jar:/home/user/.m2/repository/org/apache/hadoop/hadoop-kms/3.2.0/hadoop-kms-3.2.0.jar:/home/user/.m2/repository/org/apache/hadoop/hadoop-auth/3.2.0/hadoop-auth-3.2.0.jar:/home/user/.m2/repository/com/nimbusds/nimbus-jose-jwt/4.41.1/nimbus-jose-jwt-4.41.1.jar:/home/user/.m2/repository/com/github/stephenc/jcip/jcip-annotations/1.0-1/jcip-annotations-1.0-1.jar:/home/user/.m2/repository/net/minidev/json-smart/2.3/json-smart-2.3.jar:/home/user/.m2/repository/net/minidev/accessors-smart/1.2/accessors-smart-1.2.jar:/home/user/.m2/repository/org/ow2/asm/asm/5.0.4/asm-5.0.4.jar:/home/user/.m2/repository/org/apache/curator/curator-framework/2.12.0/curator-framework-2.12.0.jar:/home/user/.m2/repository/com/sun/jersey/jersey-core/1.19/jersey-core-1.19.jar:/home/user/.m2/repository/javax/ws/rs/jsr311-api/1.1.1/jsr311-api-1.1.1.jar:/home/user/.m2/repository/com/sun/jersey/jersey-server/1.19/jersey-server-1.19.jar:/home/user/.m2/repository/javax/servlet/javax.servlet-api/3.1.0/javax.servlet-api-3.1.0.jar:/home/user/.m2/repository/org/eclipse/jetty/jetty-server/9.3.25.v20180904/jetty-server-9.3.25.v20180904.jar:/home/user/.m2/repository/org/eclipse/jetty/jetty-http/9.3.25.v20180904/jetty-http-9.3.25.v20180904.jar:/home/user/.m2/repository/org/eclipse/jetty/jetty-io/9.3.25.v20180904/jetty-io-9.3.25.v20180904.jar:/home/user/.m2/repository/org/eclipse/jetty/jetty-webapp/9.3.25.v20180904/jetty-webapp-9.3.25.v20180904.jar:/home/user/.m2/repository/org/eclipse/jetty/jetty-xml/9.3.25.v20180904/jetty-xml-9.3.25.v20180904.jar:/home/user/.m2/repository/log4j/log4j/1.2.17/log4j-1.2.17.jar:/home/user/.m2/repository/org/slf4j/slf4j-api/1.7.25/slf4j-api-1.7.25.jar:/home/user/.m2/repository/org/slf4j/jul-to-slf4j/1.7.25/jul-to-slf4j-1.7.25.jar:/home/user/.m2/repository/org/eclipse/jetty/jetty-util/9.3.25.v20180904/jetty-util-9.3.25.v20180904.jar:/home/user/.m2/repository/com/fasterxml/jackson/core/jackson-databind/2.9.9/jackson-databind-2.9.9.jar:/home/user/.m2/repository/org/apache/hadoop/hadoop-kms/3.2.0/hadoop-kms-3.2.0-tests.jar:/home/user/.m2/repository/org/apache/hadoop/hadoop-hdds-server-scm/0.5.0-SNAPSHOT/hadoop-hdds-server-scm-0.5.0-SNAPSHOT-tests.jar:/home/user/.m2/repository/org/apache/hadoop/hadoop-hdds-container-service/0.5.0-SNAPSHOT/hadoop-hdds-container-service-0.5.0-SNAPSHOT-tests.jar:/home/user/.m2/repository/org/yaml/snakeyaml/1.16/snakeyaml-1.16.jar:/home/user/.m2/repository/org/apache/hadoop/hadoop-common/3.2.0/hadoop-common-3.2.0-tests.jar:/home/user/.m2/repository/org/apache/hadoop/hadoop-annotations/3.2.0/hadoop-annotations-3.2.0.jar:/usr/lib/jvm/java-1.8.0-openjdk-1.8.0.222.b10-1.el7_7.x86_64/jre/../lib/tools.jar:/home/user/.m2/repository/commons-cli/commons-cli/1.2/commons-cli-1.2.jar:/home/user/.m2/repository/org/apache/httpcomponents/httpclient/4.5.2/httpclient-4.5.2.jar:/home/user/.m2/repository/org/apache/httpcomponents/httpcore/4.4.4/httpcore-4.4.4.jar:/home/user/.m2/repository/commons-codec/commons-codec/1.11/commons-codec-1.11.jar:/home/user/.m2/repository/commons-net/commons-net/3.6/commons-net-3.6.jar:/home/user/.m2/repository/commons-collections/commons-collections/3.2.2/commons-collections-3.2.2.jar:/home/user/.m2/repository/org/eclipse/jetty/jetty-servlet/9.3.25.v20180904/jetty-servlet-9.3.25.v20180904.jar:/home/user/.m2/repository/org/eclipse/jetty/jetty-security/9.3.25.v20180904/jetty-security-9.3.25.v20180904.jar:/home/user/.m2/repository/javax/servlet/jsp/jsp-api/2.1/jsp-api-2.1.jar:/home/user/.m2/repository/com/sun/jersey/jersey-servlet/1.19/jersey-servlet-1.19.jar:/home/user/.m2/repository/com/sun/jersey/jersey-json/1.19/jersey-json-1.19.jar:/home/user/.m2/repository/org/codehaus/jettison/jettison/1.1/jettison-1.1.jar:/home/user/.m2/repository/org/codehaus/jackson/jackson-core-asl/1.9.13/jackson-core-asl-1.9.13.jar:/home/user/.m2/repository/org/codehaus/jackson/jackson-mapper-asl/1.9.13/jackson-mapper-asl-1.9.13.jar:/home/user/.m2/repository/org/codehaus/jackson/jackson-jaxrs/1.9.13/jackson-jaxrs-1.9.13.jar:/home/user/.m2/repository/org/codehaus/jackson/jackson-xc/1.9.13/jackson-xc-1.9.13.jar:/home/user/.m2/repository/commons-logging/commons-logging/1.1.3/commons-logging-1.1.3.jar:/home/user/.m2/repository/commons-beanutils/commons-beanutils/1.9.4/commons-beanutils-1.9.4.jar:/home/user/.m2/repository/org/apache/commons/commons-configuration2/2.1.1/commons-configuration2-2.1.1.jar:/home/user/.m2/repository/org/apache/commons/commons-lang3/3.7/commons-lang3-3.7.jar:/home/user/.m2/repository/org/apache/commons/commons-text/1.4/commons-text-1.4.jar:/home/user/.m2/repository/org/apache/avro/avro/1.7.7/avro-1.7.7.jar:/home/user/.m2/repository/com/thoughtworks/paranamer/paranamer/2.3/paranamer-2.3.jar:/home/user/.m2/repository/org/xerial/snappy/snappy-java/1.0.5/snappy-java-1.0.5.jar:/home/user/.m2/repository/com/google/re2j/re2j/1.1/re2j-1.1.jar:/home/user/.m2/repository/com/google/code/gson/gson/2.2.4/gson-2.2.4.jar:/home/user/.m2/repository/com/jcraft/jsch/0.1.54/jsch-0.1.54.jar:/home/user/.m2/repository/org/apache/curator/curator-client/2.12.0/curator-client-2.12.0.jar:/home/user/.m2/repository/org/apache/curator/curator-recipes/2.12.0/curator-recipes-2.12.0.jar:/home/user/.m2/repository/com/google/code/findbugs/jsr305/3.0.0/jsr305-3.0.0.jar:/home/user/.m2/repository/org/apache/htrace/htrace-core4/4.1.0-incubating/htrace-core4-4.1.0-incubating.jar:/home/user/.m2/repository/org/apache/zookeeper/zookeeper/3.4.13/zookeeper-3.4.13.jar:/home/user/.m2/repository/jline/jline/0.9.94/jline-0.9.94.jar:/home/user/.m2/repository/org/apache/yetus/audience-annotations/0.5.0/audience-annotations-0.5.0.jar:/home/user/.m2/repository/org/codehaus/woodstox/stax2-api/3.1.4/stax2-api-3.1.4.jar:/home/user/.m2/repository/com/fasterxml/woodstox/woodstox-core/5.0.3/woodstox-core-5.0.3.jar:/home/user/.m2/repository/dnsjava/dnsjava/2.1.7/dnsjava-2.1.7.jar:/home/user/.m2/repository/org/apache/hadoop/hadoop-hdfs/3.2.0/hadoop-hdfs-3.2.0-tests.jar:/home/user/.m2/repository/org/eclipse/jetty/jetty-util-ajax/9.3.25.v20180904/jetty-util-ajax-9.3.25.v20180904.jar:/home/user/.m2/repository/commons-daemon/commons-daemon/1.0.13/commons-daemon-1.0.13.jar:/home/user/.m2/repository/io/netty/netty/3.10.5.Final/netty-3.10.5.Final.jar:/home/user/.m2/repository/io/netty/netty-all/4.0.52.Final/netty-all-4.0.52.Final.jar:/home/user/.m2/repository/org/fusesource/leveldbjni/leveldbjni-all/1.8/leveldbjni-all-1.8.jar:"/>
    <property name="sun.cpu.endian" value="little"/>
    <property name="user.home" value="/home/user"/>
    <property name="user.language" value="en"/>
    <property name="java.specification.vendor" value="Oracle Corporation"/>
    <property name="java.home" value="/usr/lib/jvm/java-1.8.0-openjdk-1.8.0.222.b10-1.el7_7.x86_64/jre"/>
    <property name="surefire.excludesFile" value="/tools/ozone-bad-unit-tests"/>
    <property name="java.security.krb5.conf" value="/workdir/hadoop-ozone/integration-test/target/test-classes/krb5.conf"/>
    <property name="basedir" value="/workdir/hadoop-ozone/integration-test"/>
    <property name="file.separator" value="/"/>
    <property name="line.separator" value="&#10;"/>
    <property name="java.vm.specification.vendor" value="Oracle Corporation"/>
    <property name="java.specification.name" value="Java Platform API Specification"/>
    <property name="java.awt.graphicsenv" value="sun.awt.X11GraphicsEnvironment"/>
    <property name="surefire.real.class.path" value="/workdir/hadoop-ozone/integration-test/target/surefire/surefirebooter552587032690187539.jar"/>
    <property name="hadoop.log.dir" value="/workdir/hadoop-ozone/integration-test/target/log"/>
    <property name="sun.boot.class.path" value="/usr/lib/jvm/java-1.8.0-openjdk-1.8.0.222.b10-1.el7_7.x86_64/jre/lib/resources.jar:/usr/lib/jvm/java-1.8.0-openjdk-1.8.0.222.b10-1.el7_7.x86_64/jre/lib/rt.jar:/usr/lib/jvm/java-1.8.0-openjdk-1.8.0.222.b10-1.el7_7.x86_64/jre/lib/sunrsasign.jar:/usr/lib/jvm/java-1.8.0-openjdk-1.8.0.222.b10-1.el7_7.x86_64/jre/lib/jsse.jar:/usr/lib/jvm/java-1.8.0-openjdk-1.8.0.222.b10-1.el7_7.x86_64/jre/lib/jce.jar:/usr/lib/jvm/java-1.8.0-openjdk-1.8.0.222.b10-1.el7_7.x86_64/jre/lib/charsets.jar:/usr/lib/jvm/java-1.8.0-openjdk-1.8.0.222.b10-1.el7_7.x86_64/jre/lib/jfr.jar:/usr/lib/jvm/java-1.8.0-openjdk-1.8.0.222.b10-1.el7_7.x86_64/jre/classes"/>
    <property name="sun.management.compiler" value="HotSpot 64-Bit Tiered Compilers"/>
    <property name="java.runtime.version" value="1.8.0_222-b10"/>
    <property name="java.net.preferIPv4Stack" value="true"/>
    <property name="user.name" value="jenkins1000"/>
    <property name="path.separator" value=":"/>
    <property name="java.security.egd" value="file:///dev/urandom"/>
    <property name="os.version" value="3.10.0-957.12.2.el7.x86_64"/>
    <property name="java.endorsed.dirs" value="/usr/lib/jvm/java-1.8.0-openjdk-1.8.0.222.b10-1.el7_7.x86_64/jre/lib/endorsed"/>
    <property name="java.runtime.name" value="OpenJDK Runtime Environment"/>
    <property name="file.encoding" value="ANSI_X3.4-1968"/>
    <property name="java.vm.name" value="OpenJDK 64-Bit Server VM"/>
    <property name="test.build.webapps" value=""/>
    <property name="localRepository" value="/home/user/.m2/repository"/>
    <property name="java.vendor.url.bug" value="http://bugreport.sun.com/bugreport/"/>
    <property name="java.io.tmpdir" value="/tmp"/>
    <property name="require.test.libhadoop" value=""/>
    <property name="java.version" value="1.8.0_222"/>
    <property name="user.dir" value="/workdir/hadoop-ozone/integration-test"/>
    <property name="os.arch" value="amd64"/>
    <property name="java.vm.specification.name" value="Java Virtual Machine Specification"/>
    <property name="test.build.classes" value="/workdir/hadoop-ozone/integration-test/target/test-classes"/>
    <property name="java.awt.printerjob" value="sun.print.PSPrinterJob"/>
    <property name="sun.os.patch.level" value="unknown"/>
    <property name="hadoop.tmp.dir" value="/workdir/hadoop-ozone/integration-test/target/tmp"/>
    <property name="java.library.path" value="/usr/lib:/workdir/hadoop-ozone/integration-test/target/native/target/usr/local/lib:/workdir/hadoop-ozone/integration-test/../../hadoop-common-project/hadoop-common/target/native/target/usr/local/lib:/usr/java/packages/lib/amd64:/usr/lib64:/lib64:/lib:/usr/lib"/>
    <property name="java.vm.info" value="mixed mode"/>
    <property name="java.vendor" value="Oracle Corporation"/>
    <property name="java.vm.version" value="25.222-b10"/>
    <property name="java.ext.dirs" value="/usr/lib/jvm/java-1.8.0-openjdk-1.8.0.222.b10-1.el7_7.x86_64/jre/lib/ext:/usr/java/packages/lib/ext"/>
    <property name="sun.io.unicode.encoding" value="UnicodeLittle"/>
    <property name="java.class.version" value="52.0"/>
  </properties>
  <testcase name="testSeek" classname="org.apache.hadoop.ozone.client.rpc.TestKeyInputStream" time="0.863">
    <error message="Releasing lock on resource /test-key-input-stream-volume/test-key-input-stream-bucket without acquiring lock&#10;	at org.apache.hadoop.ozone.lock.LockManager.getLockForReleasing(LockManager.java:220)&#10;	at org.apache.hadoop.ozone.lock.LockManager.release(LockManager.java:168)&#10;	at org.apache.hadoop.ozone.lock.LockManager.writeUnlock(LockManager.java:148)&#10;	at org.apache.hadoop.ozone.om.lock.OzoneManagerLock.unlock(OzoneManagerLock.java:364)&#10;	at org.apache.hadoop.ozone.om.lock.OzoneManagerLock.releaseWriteLock(OzoneManagerLock.java:329)&#10;	at org.apache.hadoop.ozone.om.request.key.OMKeyCommitRequest.validateAndUpdateCache(OMKeyCommitRequest.java:177)&#10;	at org.apache.hadoop.ozone.protocolPB.OzoneManagerProtocolServerSideTranslatorPB.submitRequestDirectlyToOM(OzoneManagerProtocolServerSideTranslatorPB.java:219)&#10;	at org.apache.hadoop.ozone.protocolPB.OzoneManagerProtocolServerSideTranslatorPB.processRequest(OzoneManagerProtocolServerSideTranslatorPB.java:134)&#10;	at org.apache.hadoop.hdds.server.OzoneProtocolMessageDispatcher.processRequest(OzoneProtocolMessageDispatcher.java:72)&#10;	at org.apache.hadoop.ozone.protocolPB.OzoneManagerProtocolServerSideTranslatorPB.submitRequest(OzoneManagerProtocolServerSideTranslatorPB.java:100)&#10;	at org.apache.hadoop.ozone.protocol.proto.OzoneManagerProtocolProtos$OzoneManagerService$2.callBlockingMethod(OzoneManagerProtocolProtos.java)&#10;	at org.apache.hadoop.ipc.ProtobufRpcEngine$Server$ProtoBufRpcInvoker.call(ProtobufRpcEngine.java:524)&#10;	at org.apache.hadoop.ipc.RPC$Server.call(RPC.java:1025)&#10;	at org.apache.hadoop.ipc.Server$RpcCall.run(Server.java:876)&#10;	at org.apache.hadoop.ipc.Server$RpcCall.run(Server.java:822)&#10;	at java.security.AccessController.doPrivileged(Native Method)&#10;	at javax.security.auth.Subject.doAs(Subject.java:422)&#10;	at org.apache.hadoop.security.UserGroupInformation.doAs(UserGroupInformation.java:1730)&#10;	at org.apache.hadoop.ipc.Server$Handler.run(Server.java:2682)&#10;" type="org.apache.hadoop.ipc.RemoteException(java.lang.IllegalMonitorStateException)">org.apache.hadoop.ipc.RemoteException(java.lang.IllegalMonitorStateException): Releasing lock on resource /test-key-input-stream-volume/test-key-input-stream-bucket without acquiring lock
	at org.apache.hadoop.ozone.lock.LockManager.getLockForReleasing(LockManager.java:220)
	at org.apache.hadoop.ozone.lock.LockManager.release(LockManager.java:168)
	at org.apache.hadoop.ozone.lock.LockManager.writeUnlock(LockManager.java:148)
	at org.apache.hadoop.ozone.om.lock.OzoneManagerLock.unlock(OzoneManagerLock.java:364)
	at org.apache.hadoop.ozone.om.lock.OzoneManagerLock.releaseWriteLock(OzoneManagerLock.java:329)
	at org.apache.hadoop.ozone.om.request.key.OMKeyCommitRequest.validateAndUpdateCache(OMKeyCommitRequest.java:177)
	at org.apache.hadoop.ozone.protocolPB.OzoneManagerProtocolServerSideTranslatorPB.submitRequestDirectlyToOM(OzoneManagerProtocolServerSideTranslatorPB.java:219)
	at org.apache.hadoop.ozone.protocolPB.OzoneManagerProtocolServerSideTranslatorPB.processRequest(OzoneManagerProtocolServerSideTranslatorPB.java:134)
	at org.apache.hadoop.hdds.server.OzoneProtocolMessageDispatcher.processRequest(OzoneProtocolMessageDispatcher.java:72)
	at org.apache.hadoop.ozone.protocolPB.OzoneManagerProtocolServerSideTranslatorPB.submitRequest(OzoneManagerProtocolServerSideTranslatorPB.java:100)
	at org.apache.hadoop.ozone.protocol.proto.OzoneManagerProtocolProtos$OzoneManagerService$2.callBlockingMethod(OzoneManagerProtocolProtos.java)
	at org.apache.hadoop.ipc.ProtobufRpcEngine$Server$ProtoBufRpcInvoker.call(ProtobufRpcEngine.java:524)
	at org.apache.hadoop.ipc.RPC$Server.call(RPC.java:1025)
	at org.apache.hadoop.ipc.Server$RpcCall.run(Server.java:876)
	at org.apache.hadoop.ipc.Server$RpcCall.run(Server.java:822)
	at java.security.AccessController.doPrivileged(Native Method)
	at javax.security.auth.Subject.doAs(Subject.java:422)
	at org.apache.hadoop.security.UserGroupInformation.doAs(UserGroupInformation.java:1730)
	at org.apache.hadoop.ipc.Server$Handler.run(Server.java:2682)

	at org.apache.hadoop.ipc.Client.getRpcResponse(Client.java:1511)
	at org.apache.hadoop.ipc.Client.call(Client.java:1457)
	at org.apache.hadoop.ipc.Client.call(Client.java:1367)
	at org.apache.hadoop.ipc.ProtobufRpcEngine$Invoker.invoke(ProtobufRpcEngine.java:228)
	at org.apache.hadoop.ipc.ProtobufRpcEngine$Invoker.invoke(ProtobufRpcEngine.java:116)
	at com.sun.proxy.$Proxy36.submitRequest(Unknown Source)
	at sun.reflect.GeneratedMethodAccessor62.invoke(Unknown Source)
	at sun.reflect.DelegatingMethodAccessorImpl.invoke(DelegatingMethodAccessorImpl.java:43)
	at java.lang.reflect.Method.invoke(Method.java:498)
	at org.apache.hadoop.io.retry.RetryInvocationHandler.invokeMethod(RetryInvocationHandler.java:422)
	at org.apache.hadoop.io.retry.RetryInvocationHandler$Call.invokeMethod(RetryInvocationHandler.java:165)
	at org.apache.hadoop.io.retry.RetryInvocationHandler$Call.invoke(RetryInvocationHandler.java:157)
	at org.apache.hadoop.io.retry.RetryInvocationHandler$Call.invokeOnce(RetryInvocationHandler.java:95)
	at org.apache.hadoop.io.retry.RetryInvocationHandler.invoke(RetryInvocationHandler.java:359)
	at com.sun.proxy.$Proxy36.submitRequest(Unknown Source)
	at org.apache.hadoop.ozone.om.protocolPB.OzoneManagerProtocolClientSideTranslatorPB.submitRequest(OzoneManagerProtocolClientSideTranslatorPB.java:338)
	at org.apache.hadoop.ozone.om.protocolPB.OzoneManagerProtocolClientSideTranslatorPB.commitKey(OzoneManagerProtocolClientSideTranslatorPB.java:789)
	at sun.reflect.NativeMethodAccessorImpl.invoke0(Native Method)
	at sun.reflect.NativeMethodAccessorImpl.invoke(NativeMethodAccessorImpl.java:62)
	at sun.reflect.DelegatingMethodAccessorImpl.invoke(DelegatingMethodAccessorImpl.java:43)
	at java.lang.reflect.Method.invoke(Method.java:498)
	at org.apache.hadoop.hdds.tracing.TraceAllMethod.invoke(TraceAllMethod.java:66)
	at com.sun.proxy.$Proxy37.commitKey(Unknown Source)
	at org.apache.hadoop.ozone.client.io.BlockOutputStreamEntryPool.commitKey(BlockOutputStreamEntryPool.java:277)
	at org.apache.hadoop.ozone.client.io.KeyOutputStream.close(KeyOutputStream.java:474)
	at org.apache.hadoop.ozone.client.io.OzoneOutputStream.close(OzoneOutputStream.java:60)
	at org.apache.hadoop.ozone.client.rpc.TestKeyInputStream.testSeek(TestKeyInputStream.java:139)
	at sun.reflect.NativeMethodAccessorImpl.invoke0(Native Method)
	at sun.reflect.NativeMethodAccessorImpl.invoke(NativeMethodAccessorImpl.java:62)
	at sun.reflect.DelegatingMethodAccessorImpl.invoke(DelegatingMethodAccessorImpl.java:43)
	at java.lang.reflect.Method.invoke(Method.java:498)
	at org.junit.runners.model.FrameworkMethod$1.runReflectiveCall(FrameworkMethod.java:47)
	at org.junit.internal.runners.model.ReflectiveCallable.run(ReflectiveCallable.java:12)
	at org.junit.runners.model.FrameworkMethod.invokeExplosively(FrameworkMethod.java:44)
	at org.junit.internal.runners.statements.InvokeMethod.evaluate(InvokeMethod.java:17)
	at org.junit.runners.ParentRunner.runLeaf(ParentRunner.java:271)
	at org.junit.runners.BlockJUnit4ClassRunner.runChild(BlockJUnit4ClassRunner.java:70)
	at org.junit.runners.BlockJUnit4ClassRunner.runChild(BlockJUnit4ClassRunner.java:50)
	at org.junit.runners.ParentRunner$3.run(ParentRunner.java:238)
	at org.junit.runners.ParentRunner$1.schedule(ParentRunner.java:63)
	at org.junit.runners.ParentRunner.runChildren(ParentRunner.java:236)
	at org.junit.runners.ParentRunner.access$000(ParentRunner.java:53)
	at org.junit.runners.ParentRunner$2.evaluate(ParentRunner.java:229)
	at org.junit.internal.runners.statements.RunBefores.evaluate(RunBefores.java:26)
	at org.junit.internal.runners.statements.RunAfters.evaluate(RunAfters.java:27)
	at org.junit.runners.ParentRunner.run(ParentRunner.java:309)
	at org.apache.maven.surefire.junit4.JUnit4Provider.execute(JUnit4Provider.java:365)
	at org.apache.maven.surefire.junit4.JUnit4Provider.executeWithRerun(JUnit4Provider.java:273)
	at org.apache.maven.surefire.junit4.JUnit4Provider.executeTestSet(JUnit4Provider.java:238)
	at org.apache.maven.surefire.junit4.JUnit4Provider.invoke(JUnit4Provider.java:159)
	at org.apache.maven.surefire.booter.ForkedBooter.invokeProviderInSameClassLoader(ForkedBooter.java:384)
	at org.apache.maven.surefire.booter.ForkedBooter.runSuitesInProcess(ForkedBooter.java:345)
	at org.apache.maven.surefire.booter.ForkedBooter.execute(ForkedBooter.java:126)
	at org.apache.maven.surefire.booter.ForkedBooter.main(ForkedBooter.java:418)
</error>
    <system-out><![CDATA[2019-10-16 07:54:14,701 [main] WARN  server.ServerUtils (ServerUtils.java:getScmDbDir(145)) - ozone.scm.db.dirs is not configured. We recommend adding this setting. Falling back to ozone.metadata.dirs instead.
2019-10-16 07:54:14,842 [main] WARN  server.ServerUtils (ServerUtils.java:getScmDbDir(145)) - ozone.scm.db.dirs is not configured. We recommend adding this setting. Falling back to ozone.metadata.dirs instead.
2019-10-16 07:54:14,846 [main] WARN  server.ServerUtils (ServerUtils.java:getScmDbDir(145)) - ozone.scm.db.dirs is not configured. We recommend adding this setting. Falling back to ozone.metadata.dirs instead.
2019-10-16 07:54:14,875 [main] INFO  util.log (Log.java:initialized(192)) - Logging initialized @932ms
2019-10-16 07:54:14,973 [main] INFO  db.DBStoreBuilder (DBStoreBuilder.java:addTable(117)) - using custom profile for table: deletedBlocks
2019-10-16 07:54:14,974 [main] INFO  db.DBStoreBuilder (DBStoreBuilder.java:processTables(168)) - Using default column profile:DBProfile.DISK for Table:deletedBlocks
2019-10-16 07:54:14,974 [main] INFO  db.DBStoreBuilder (DBStoreBuilder.java:addTable(117)) - using custom profile for table: validCerts
2019-10-16 07:54:14,974 [main] INFO  db.DBStoreBuilder (DBStoreBuilder.java:processTables(168)) - Using default column profile:DBProfile.DISK for Table:validCerts
2019-10-16 07:54:14,974 [main] INFO  db.DBStoreBuilder (DBStoreBuilder.java:addTable(117)) - using custom profile for table: revokedCerts
2019-10-16 07:54:14,975 [main] INFO  db.DBStoreBuilder (DBStoreBuilder.java:processTables(168)) - Using default column profile:DBProfile.DISK for Table:revokedCerts
2019-10-16 07:54:14,987 [main] INFO  db.DBStoreBuilder (DBStoreBuilder.java:addTable(117)) - using custom profile for table: default
2019-10-16 07:54:14,987 [main] INFO  db.DBStoreBuilder (DBStoreBuilder.java:processTables(174)) - Using default column profile:DBProfile.DISK for Table:default
2019-10-16 07:54:14,989 [main] INFO  db.DBStoreBuilder (DBStoreBuilder.java:getDbProfile(205)) - Using default options. DBProfile.DISK
2019-10-16 07:54:15,322 [main] INFO  net.NodeSchemaLoader (NodeSchemaLoader.java:loadSchemaFromFile(125)) - Loading file from sun.misc.CompoundEnumeration@5fe94a96
2019-10-16 07:54:15,325 [main] INFO  net.NodeSchemaLoader (NodeSchemaLoader.java:loadSchema(171)) - Loading network topology layer schema file
2019-10-16 07:54:15,386 [main] INFO  node.SCMNodeManager (SCMNodeManager.java:<init>(116)) - Entering startup safe mode.
2019-10-16 07:54:15,452 [main] INFO  algorithms.ContainerPlacementPolicyFactory (ContainerPlacementPolicyFactory.java:getPolicy(57)) - Create container placement policy of type org.apache.hadoop.hdds.scm.container.placement.algorithms.SCMContainerPlacementRandom
2019-10-16 07:54:15,466 [main] WARN  server.ServerUtils (ServerUtils.java:getScmDbDir(145)) - ozone.scm.db.dirs is not configured. We recommend adding this setting. Falling back to ozone.metadata.dirs instead.
2019-10-16 07:54:15,576 [main] INFO  pipeline.SCMPipelineManager (SCMPipelineManager.java:initializePipelineState(132)) - No pipeline exists in current db
2019-10-16 07:54:15,579 [main] WARN  server.ServerUtils (ServerUtils.java:getScmDbDir(145)) - ozone.scm.db.dirs is not configured. We recommend adding this setting. Falling back to ozone.metadata.dirs instead.
2019-10-16 07:54:15,752 [main] WARN  events.EventQueue (EventQueue.java:fireEvent(183)) - No event handler registered for event TypedEvent{payloadType=SafeModeStatus, name='SafeModeStatus'}
2019-10-16 07:54:16,105 [main] INFO  ipc.CallQueueManager (CallQueueManager.java:<init>(84)) - Using callQueue: class java.util.concurrent.LinkedBlockingQueue, queueCapacity: 2000, scheduler: class org.apache.hadoop.ipc.DefaultRpcScheduler, ipcBackoff: false.
2019-10-16 07:54:16,130 [Socket Reader #1 for port 43882] INFO  ipc.Server (Server.java:run(1074)) - Starting Socket Reader #1 for port 43882
2019-10-16 07:54:16,253 [main] INFO  ipc.CallQueueManager (CallQueueManager.java:<init>(84)) - Using callQueue: class java.util.concurrent.LinkedBlockingQueue, queueCapacity: 2000, scheduler: class org.apache.hadoop.ipc.DefaultRpcScheduler, ipcBackoff: false.
2019-10-16 07:54:16,254 [Socket Reader #1 for port 38679] INFO  ipc.Server (Server.java:run(1074)) - Starting Socket Reader #1 for port 38679
2019-10-16 07:54:16,261 [main] INFO  ipc.CallQueueManager (CallQueueManager.java:<init>(84)) - Using callQueue: class java.util.concurrent.LinkedBlockingQueue, queueCapacity: 2000, scheduler: class org.apache.hadoop.ipc.DefaultRpcScheduler, ipcBackoff: false.
2019-10-16 07:54:16,261 [Socket Reader #1 for port 36170] INFO  ipc.Server (Server.java:run(1074)) - Starting Socket Reader #1 for port 36170
2019-10-16 07:54:16,278 [main] INFO  hdfs.DFSUtil (DFSUtil.java:httpServerTemplateForNNAndJN(1641)) - Starting Web-server for scm at: http://0.0.0.0:0
2019-10-16 07:54:16,433 [main] INFO  server.AuthenticationFilter (AuthenticationFilter.java:constructSecretProvider(240)) - Unable to initialize FileSignerSecretProvider, falling back to use random secrets.
2019-10-16 07:54:16,442 [main] WARN  http.HttpRequestLog (HttpRequestLog.java:getRequestLog(97)) - Jetty request log can only be enabled using Log4j
2019-10-16 07:54:16,449 [main] INFO  http.HttpServer2 (HttpServer2.java:addGlobalFilter(975)) - Added global filter 'safety' (class=org.apache.hadoop.http.HttpServer2$QuotingInputFilter)
2019-10-16 07:54:16,452 [main] INFO  http.HttpServer2 (HttpServer2.java:addFilter(948)) - Added filter static_user_filter (class=org.apache.hadoop.http.lib.StaticUserWebFilter$StaticUserFilter) to context scm
2019-10-16 07:54:16,452 [main] INFO  http.HttpServer2 (HttpServer2.java:addFilter(958)) - Added filter static_user_filter (class=org.apache.hadoop.http.lib.StaticUserWebFilter$StaticUserFilter) to context logs
2019-10-16 07:54:16,453 [main] INFO  http.HttpServer2 (HttpServer2.java:addFilter(958)) - Added filter static_user_filter (class=org.apache.hadoop.http.lib.StaticUserWebFilter$StaticUserFilter) to context static
2019-10-16 07:54:16,486 [main] INFO  server.StorageContainerManager (StorageContainerManager.java:start(772)) - StorageContainerLocationProtocol RPC server is listening at /0.0.0.0:36170
2019-10-16 07:54:16,563 [main] WARN  impl.MetricsConfig (MetricsConfig.java:loadFirst(134)) - Cannot locate configuration: tried hadoop-metrics2-storagecontainermanager.properties,hadoop-metrics2.properties
2019-10-16 07:54:16,577 [main] INFO  impl.MetricsSystemImpl (MetricsSystemImpl.java:startTimer(374)) - Scheduled Metric snapshot period at 10 second(s).
2019-10-16 07:54:16,577 [main] INFO  impl.MetricsSystemImpl (MetricsSystemImpl.java:start(191)) - StorageContainerManager metrics system started
2019-10-16 07:54:16,806 [main] INFO  server.SCMClientProtocolServer (SCMClientProtocolServer.java:start(159)) - RPC server for Client  is listening at /0.0.0.0:36170
2019-10-16 07:54:16,807 [IPC Server listener on 36170] INFO  ipc.Server (Server.java:run(1153)) - IPC Server listener on 36170: starting
2019-10-16 07:54:16,807 [IPC Server Responder] INFO  ipc.Server (Server.java:run(1314)) - IPC Server Responder: starting
2019-10-16 07:54:16,810 [main] INFO  server.StorageContainerManager (StorageContainerManager.java:start(782)) - ScmBlockLocationProtocol RPC server is listening at /0.0.0.0:38679
2019-10-16 07:54:16,811 [main] INFO  server.SCMBlockProtocolServer (SCMBlockProtocolServer.java:start(146)) - RPC server for Block Protocol is listening at /0.0.0.0:38679
2019-10-16 07:54:16,811 [IPC Server Responder] INFO  ipc.Server (Server.java:run(1314)) - IPC Server Responder: starting
2019-10-16 07:54:16,811 [IPC Server listener on 38679] INFO  ipc.Server (Server.java:run(1153)) - IPC Server listener on 38679: starting
2019-10-16 07:54:16,814 [main] INFO  server.StorageContainerManager (StorageContainerManager.java:start(786)) - ScmDatanodeProtocl RPC server is listening at /0.0.0.0:43882
2019-10-16 07:54:16,814 [main] INFO  server.SCMDatanodeProtocolServer (SCMDatanodeProtocolServer.java:start(169)) - RPC server for DataNodes is listening at /0.0.0.0:43882
2019-10-16 07:54:16,815 [IPC Server Responder] INFO  ipc.Server (Server.java:run(1314)) - IPC Server Responder: starting
2019-10-16 07:54:16,815 [IPC Server listener on 43882] INFO  ipc.Server (Server.java:run(1153)) - IPC Server listener on 43882: starting
2019-10-16 07:54:16,819 [main] INFO  http.HttpServer2 (HttpServer2.java:bindListener(1191)) - Jetty bound to port 34135
2019-10-16 07:54:16,820 [main] INFO  server.Server (Server.java:doStart(351)) - jetty-9.3.25.v20180904, build timestamp: 2018-09-04T21:11:46Z, git hash: 3ce520221d0240229c862b122d2b06c12a625732
2019-10-16 07:54:16,856 [main] INFO  handler.ContextHandler (ContextHandler.java:doStart(781)) - Started o.e.j.s.ServletContextHandler@44040454{/logs,file:///workdir/hadoop-ozone/integration-test/target/log,AVAILABLE}
2019-10-16 07:54:16,857 [main] INFO  handler.ContextHandler (ContextHandler.java:doStart(781)) - Started o.e.j.s.ServletContextHandler@18bc345{/static,file:///workdir/hadoop-ozone/integration-test/target/test-classes/webapps/static,AVAILABLE}
2019-10-16 07:54:16,888 [main] INFO  handler.ContextHandler (ContextHandler.java:doStart(781)) - Started o.e.j.w.WebAppContext@58c540cf{/,file:///workdir/hadoop-ozone/integration-test/target/test-classes/webapps/scm/,AVAILABLE}{/scm}
2019-10-16 07:54:16,894 [main] INFO  server.AbstractConnector (AbstractConnector.java:doStart(278)) - Started ServerConnector@1cf2fed4{HTTP/1.1,[http/1.1]}{0.0.0.0:34135}
2019-10-16 07:54:16,894 [main] INFO  server.Server (Server.java:doStart(419)) - Started @2951ms
2019-10-16 07:54:16,896 [main] INFO  impl.MetricsSinkAdapter (MetricsSinkAdapter.java:start(204)) - Sink prometheus started
2019-10-16 07:54:16,896 [main] INFO  impl.MetricsSystemImpl (MetricsSystemImpl.java:registerSink(301)) - Registered sink prometheus
2019-10-16 07:54:16,898 [main] INFO  server.BaseHttpServer (BaseHttpServer.java:updateConnectorAddress(215)) - HTTP server of SCM is listening at http://0.0.0.0:34135
2019-10-16 07:54:16,903 [org.apache.hadoop.util.JvmPauseMonitor$Monitor@687a762c] INFO  util.JvmPauseMonitor (JvmPauseMonitor.java:run(188)) - Starting JVM pause monitor
2019-10-16 07:54:16,905 [main] WARN  server.ServerUtils (ServerUtils.java:getDBPath(222)) - ozone.om.db.dirs is not configured. We recommend adding this setting. Falling back to ozone.metadata.dirs instead.
2019-10-16 07:54:17,019 [main] INFO  ha.OMHANodeDetails (OMHANodeDetails.java:loadOMHAConfig(190)) - Configuration either no ozone.om.address set. Falling back to the default OM address /127.0.0.1:0
2019-10-16 07:54:17,019 [main] INFO  ha.OMHANodeDetails (OMHANodeDetails.java:getOMNodeDetails(220)) - OM Service ID is not set. Setting it to the default ID: omServiceIdDefault
2019-10-16 07:54:17,021 [main] WARN  server.ServerUtils (ServerUtils.java:getDBPath(222)) - ozone.om.db.dirs is not configured. We recommend adding this setting. Falling back to ozone.metadata.dirs instead.
2019-10-16 07:54:17,022 [main] WARN  server.ServerUtils (ServerUtils.java:getDBPath(222)) - ozone.om.db.dirs is not configured. We recommend adding this setting. Falling back to ozone.metadata.dirs instead.
2019-10-16 07:54:17,674 [main] WARN  server.ServerUtils (ServerUtils.java:getDBPath(222)) - ozone.om.db.dirs is not configured. We recommend adding this setting. Falling back to ozone.metadata.dirs instead.
2019-10-16 07:54:17,683 [main] INFO  db.DBStoreBuilder (DBStoreBuilder.java:addTable(117)) - using custom profile for table: userTable
2019-10-16 07:54:17,683 [main] INFO  db.DBStoreBuilder (DBStoreBuilder.java:processTables(168)) - Using default column profile:DBProfile.DISK for Table:userTable
2019-10-16 07:54:17,683 [main] INFO  db.DBStoreBuilder (DBStoreBuilder.java:addTable(117)) - using custom profile for table: volumeTable
2019-10-16 07:54:17,683 [main] INFO  db.DBStoreBuilder (DBStoreBuilder.java:processTables(168)) - Using default column profile:DBProfile.DISK for Table:volumeTable
2019-10-16 07:54:17,684 [main] INFO  db.DBStoreBuilder (DBStoreBuilder.java:addTable(117)) - using custom profile for table: bucketTable
2019-10-16 07:54:17,684 [main] INFO  db.DBStoreBuilder (DBStoreBuilder.java:processTables(168)) - Using default column profile:DBProfile.DISK for Table:bucketTable
2019-10-16 07:54:17,684 [main] INFO  db.DBStoreBuilder (DBStoreBuilder.java:addTable(117)) - using custom profile for table: keyTable
2019-10-16 07:54:17,684 [main] INFO  db.DBStoreBuilder (DBStoreBuilder.java:processTables(168)) - Using default column profile:DBProfile.DISK for Table:keyTable
2019-10-16 07:54:17,685 [main] INFO  db.DBStoreBuilder (DBStoreBuilder.java:addTable(117)) - using custom profile for table: deletedTable
2019-10-16 07:54:17,685 [main] INFO  db.DBStoreBuilder (DBStoreBuilder.java:processTables(168)) - Using default column profile:DBProfile.DISK for Table:deletedTable
2019-10-16 07:54:17,685 [main] INFO  db.DBStoreBuilder (DBStoreBuilder.java:addTable(117)) - using custom profile for table: openKeyTable
2019-10-16 07:54:17,685 [main] INFO  db.DBStoreBuilder (DBStoreBuilder.java:processTables(168)) - Using default column profile:DBProfile.DISK for Table:openKeyTable
2019-10-16 07:54:17,685 [main] INFO  db.DBStoreBuilder (DBStoreBuilder.java:addTable(117)) - using custom profile for table: s3Table
2019-10-16 07:54:17,686 [main] INFO  db.DBStoreBuilder (DBStoreBuilder.java:processTables(168)) - Using default column profile:DBProfile.DISK for Table:s3Table
2019-10-16 07:54:17,686 [main] INFO  db.DBStoreBuilder (DBStoreBuilder.java:addTable(117)) - using custom profile for table: multipartInfoTable
2019-10-16 07:54:17,686 [main] INFO  db.DBStoreBuilder (DBStoreBuilder.java:processTables(168)) - Using default column profile:DBProfile.DISK for Table:multipartInfoTable
2019-10-16 07:54:17,686 [main] INFO  db.DBStoreBuilder (DBStoreBuilder.java:addTable(117)) - using custom profile for table: dTokenTable
2019-10-16 07:54:17,687 [main] INFO  db.DBStoreBuilder (DBStoreBuilder.java:processTables(168)) - Using default column profile:DBProfile.DISK for Table:dTokenTable
2019-10-16 07:54:17,687 [main] INFO  db.DBStoreBuilder (DBStoreBuilder.java:addTable(117)) - using custom profile for table: s3SecretTable
2019-10-16 07:54:17,687 [main] INFO  db.DBStoreBuilder (DBStoreBuilder.java:processTables(168)) - Using default column profile:DBProfile.DISK for Table:s3SecretTable
2019-10-16 07:54:17,688 [main] INFO  db.DBStoreBuilder (DBStoreBuilder.java:addTable(117)) - using custom profile for table: prefixTable
2019-10-16 07:54:17,688 [main] INFO  db.DBStoreBuilder (DBStoreBuilder.java:processTables(168)) - Using default column profile:DBProfile.DISK for Table:prefixTable
2019-10-16 07:54:17,688 [main] INFO  db.DBStoreBuilder (DBStoreBuilder.java:addTable(117)) - using custom profile for table: default
2019-10-16 07:54:17,688 [main] INFO  db.DBStoreBuilder (DBStoreBuilder.java:processTables(174)) - Using default column profile:DBProfile.DISK for Table:default
2019-10-16 07:54:17,688 [main] INFO  db.DBStoreBuilder (DBStoreBuilder.java:getDbProfile(205)) - Using default options. DBProfile.DISK
2019-10-16 07:54:18,320 [main] INFO  ipc.CallQueueManager (CallQueueManager.java:<init>(84)) - Using callQueue: class java.util.concurrent.LinkedBlockingQueue, queueCapacity: 2000, scheduler: class org.apache.hadoop.ipc.DefaultRpcScheduler, ipcBackoff: false.
2019-10-16 07:54:18,321 [Socket Reader #1 for port 35674] INFO  ipc.Server (Server.java:run(1074)) - Starting Socket Reader #1 for port 35674
2019-10-16 07:54:18,341 [main] INFO  om.OzoneManager (OzoneManager.java:start(1074)) - OzoneManager RPC server is listening at localhost/127.0.0.1:35674
2019-10-16 07:54:18,341 [main] INFO  impl.MetricsSystemImpl (MetricsSystemImpl.java:init(158)) - OzoneManager metrics system started (again)
2019-10-16 07:54:18,349 [IPC Server Responder] INFO  ipc.Server (Server.java:run(1314)) - IPC Server Responder: starting
2019-10-16 07:54:18,349 [IPC Server listener on 35674] INFO  ipc.Server (Server.java:run(1153)) - IPC Server listener on 35674: starting
2019-10-16 07:54:18,356 [main] INFO  hdfs.DFSUtil (DFSUtil.java:httpServerTemplateForNNAndJN(1641)) - Starting Web-server for ozoneManager at: http://0.0.0.0:0
2019-10-16 07:54:18,358 [main] INFO  server.AuthenticationFilter (AuthenticationFilter.java:constructSecretProvider(240)) - Unable to initialize FileSignerSecretProvider, falling back to use random secrets.
2019-10-16 07:54:18,359 [main] WARN  http.HttpRequestLog (HttpRequestLog.java:getRequestLog(97)) - Jetty request log can only be enabled using Log4j
2019-10-16 07:54:18,361 [main] INFO  http.HttpServer2 (HttpServer2.java:addGlobalFilter(975)) - Added global filter 'safety' (class=org.apache.hadoop.http.HttpServer2$QuotingInputFilter)
2019-10-16 07:54:18,362 [main] INFO  http.HttpServer2 (HttpServer2.java:addFilter(948)) - Added filter static_user_filter (class=org.apache.hadoop.http.lib.StaticUserWebFilter$StaticUserFilter) to context ozoneManager
2019-10-16 07:54:18,362 [main] INFO  http.HttpServer2 (HttpServer2.java:addFilter(958)) - Added filter static_user_filter (class=org.apache.hadoop.http.lib.StaticUserWebFilter$StaticUserFilter) to context static
2019-10-16 07:54:18,362 [main] INFO  http.HttpServer2 (HttpServer2.java:addFilter(958)) - Added filter static_user_filter (class=org.apache.hadoop.http.lib.StaticUserWebFilter$StaticUserFilter) to context logs
2019-10-16 07:54:18,364 [main] INFO  http.HttpServer2 (HttpServer2.java:bindListener(1191)) - Jetty bound to port 41942
2019-10-16 07:54:18,364 [main] INFO  server.Server (Server.java:doStart(351)) - jetty-9.3.25.v20180904, build timestamp: 2018-09-04T21:11:46Z, git hash: 3ce520221d0240229c862b122d2b06c12a625732
2019-10-16 07:54:18,366 [main] INFO  handler.ContextHandler (ContextHandler.java:doStart(781)) - Started o.e.j.s.ServletContextHandler@304a3655{/logs,file:///workdir/hadoop-ozone/integration-test/target/log,AVAILABLE}
2019-10-16 07:54:18,367 [main] INFO  handler.ContextHandler (ContextHandler.java:doStart(781)) - Started o.e.j.s.ServletContextHandler@12a160c2{/static,file:///workdir/hadoop-ozone/integration-test/target/test-classes/webapps/static,AVAILABLE}
2019-10-16 07:54:18,372 [main] INFO  handler.ContextHandler (ContextHandler.java:doStart(781)) - Started o.e.j.w.WebAppContext@38548b19{/,file:///workdir/hadoop-ozone/integration-test/target/test-classes/webapps/ozoneManager/,AVAILABLE}{/ozoneManager}
2019-10-16 07:54:18,372 [main] INFO  server.AbstractConnector (AbstractConnector.java:doStart(278)) - Started ServerConnector@41aaedaa{HTTP/1.1,[http/1.1]}{0.0.0.0:41942}
2019-10-16 07:54:18,373 [main] INFO  server.Server (Server.java:doStart(419)) - Started @4430ms
2019-10-16 07:54:18,373 [main] WARN  impl.MetricsSystemImpl (MetricsSystemImpl.java:register(276)) - Sink prometheus already exists!
2019-10-16 07:54:18,374 [main] INFO  server.BaseHttpServer (BaseHttpServer.java:updateConnectorAddress(215)) - HTTP server of OZONEMANAGER is listening at http://0.0.0.0:41942
2019-10-16 07:54:18,670 [main] INFO  impl.MetricsSystemImpl (MetricsSystemImpl.java:init(158)) - HddsDatanode metrics system started (again)
2019-10-16 07:54:18,716 [main] INFO  ozone.HddsDatanodeService (HddsDatanodeService.java:start(184)) - HddsDatanodeService host:pr-hdds-1737-dstl4-2900247166 ip:192.168.34.43
2019-10-16 07:54:18,752 [main] INFO  volume.HddsVolume (HddsVolume.java:<init>(176)) - Creating Volume: /workdir/hadoop-ozone/integration-test/target/test-dir/MiniOzoneClusterImpl-128c9c24-18af-4532-8ce1-99e2b5785a6e/datanode-0/data/containers/hdds of  storage type : DISK and capacity : 1482555576320
2019-10-16 07:54:18,754 [main] INFO  volume.VolumeSet (VolumeSet.java:initializeVolumeSet(170)) - Added Volume : /workdir/hadoop-ozone/integration-test/target/test-dir/MiniOzoneClusterImpl-128c9c24-18af-4532-8ce1-99e2b5785a6e/datanode-0/data/containers/hdds to VolumeSet
2019-10-16 07:54:18,758 [main] INFO  volume.ThrottledAsyncChecker (ThrottledAsyncChecker.java:schedule(141)) - Scheduling a check for /workdir/hadoop-ozone/integration-test/target/test-dir/MiniOzoneClusterImpl-128c9c24-18af-4532-8ce1-99e2b5785a6e/datanode-0/data/containers/hdds
2019-10-16 07:54:18,776 [main] INFO  volume.HddsVolumeChecker (HddsVolumeChecker.java:checkAllVolumes(204)) - Scheduled health check for volume /workdir/hadoop-ozone/integration-test/target/test-dir/MiniOzoneClusterImpl-128c9c24-18af-4532-8ce1-99e2b5785a6e/datanode-0/data/containers/hdds
2019-10-16 07:54:18,889 [main] INFO  impl.RaftServerProxy (ConfUtils.java:logGet(43)) - raft.rpc.type = GRPC (default)
2019-10-16 07:54:18,951 [main] INFO  grpc.GrpcFactory (GrpcFactory.java:checkPooledByteBufAllocatorUseCacheForAllThreads(45)) - PERFORMANCE WARNING: useCacheForAllThreads is true that may cause Netty to create a lot garbage objects and, as a result, trigger GC.
	It is recommended to disable useCacheForAllThreads by setting -Dorg.apache.ratis.thirdparty.io.netty.allocator.useCacheForAllThreads=false in command line.
2019-10-16 07:54:18,956 [main] INFO  grpc.GrpcConfigKeys$Server (ConfUtils.java:logGet(43)) - raft.grpc.server.port = 0 (default)
2019-10-16 07:54:18,957 [main] INFO  server.GrpcService (ConfUtils.java:logGet(43)) - raft.grpc.message.size.max = 33570816 (custom)
2019-10-16 07:54:18,958 [main] INFO  server.RaftServerConfigKeys (ConfUtils.java:logGet(43)) - raft.server.log.appender.buffer.byte-limit = 33554432 (custom)
2019-10-16 07:54:18,959 [main] INFO  server.GrpcService (ConfUtils.java:logGet(43)) - raft.grpc.flow.control.window = 1MB (=1048576) (default)
2019-10-16 07:54:18,960 [main] INFO  server.RaftServerConfigKeys (ConfUtils.java:logGet(43)) - raft.server.rpc.request.timeout = 3000ms (default)
2019-10-16 07:54:19,119 [main] INFO  server.RaftServerConfigKeys (ConfUtils.java:logGet(43)) - raft.server.storage.dir = [/workdir/hadoop-ozone/integration-test/target/test-dir/MiniOzoneClusterImpl-128c9c24-18af-4532-8ce1-99e2b5785a6e/datanode-0/data/ratis] (custom)
2019-10-16 07:54:19,167 [main] INFO  hdfs.DFSUtil (DFSUtil.java:httpServerTemplateForNNAndJN(1641)) - Starting Web-server for hddsDatanode at: http://0.0.0.0:0
2019-10-16 07:54:19,170 [main] INFO  server.AuthenticationFilter (AuthenticationFilter.java:constructSecretProvider(240)) - Unable to initialize FileSignerSecretProvider, falling back to use random secrets.
2019-10-16 07:54:19,171 [main] WARN  http.HttpRequestLog (HttpRequestLog.java:getRequestLog(97)) - Jetty request log can only be enabled using Log4j
2019-10-16 07:54:19,174 [main] INFO  http.HttpServer2 (HttpServer2.java:addGlobalFilter(975)) - Added global filter 'safety' (class=org.apache.hadoop.http.HttpServer2$QuotingInputFilter)
2019-10-16 07:54:19,175 [main] INFO  http.HttpServer2 (HttpServer2.java:addFilter(948)) - Added filter static_user_filter (class=org.apache.hadoop.http.lib.StaticUserWebFilter$StaticUserFilter) to context hddsDatanode
2019-10-16 07:54:19,175 [main] INFO  http.HttpServer2 (HttpServer2.java:addFilter(958)) - Added filter static_user_filter (class=org.apache.hadoop.http.lib.StaticUserWebFilter$StaticUserFilter) to context logs
2019-10-16 07:54:19,175 [main] INFO  http.HttpServer2 (HttpServer2.java:addFilter(958)) - Added filter static_user_filter (class=org.apache.hadoop.http.lib.StaticUserWebFilter$StaticUserFilter) to context static
2019-10-16 07:54:19,177 [main] INFO  http.HttpServer2 (HttpServer2.java:bindListener(1191)) - Jetty bound to port 36141
2019-10-16 07:54:19,177 [main] INFO  server.Server (Server.java:doStart(351)) - jetty-9.3.25.v20180904, build timestamp: 2018-09-04T21:11:46Z, git hash: 3ce520221d0240229c862b122d2b06c12a625732
2019-10-16 07:54:19,180 [main] INFO  handler.ContextHandler (ContextHandler.java:doStart(781)) - Started o.e.j.s.ServletContextHandler@30e9ca13{/logs,file:///workdir/hadoop-ozone/integration-test/target/log,AVAILABLE}
2019-10-16 07:54:19,181 [main] INFO  handler.ContextHandler (ContextHandler.java:doStart(781)) - Started o.e.j.s.ServletContextHandler@51288417{/static,jar:file:/home/user/.m2/repository/org/apache/hadoop/hadoop-hdds-container-service/0.5.0-SNAPSHOT/hadoop-hdds-container-service-0.5.0-SNAPSHOT.jar!/webapps/static,AVAILABLE}
2019-10-16 07:54:19,230 [main] INFO  handler.ContextHandler (ContextHandler.java:doStart(781)) - Started o.e.j.w.WebAppContext@59f93db8{/,file:///tmp/jetty-0.0.0.0-36141-hddsDatanode-_-any-5131250144409727021.dir/webapp/,AVAILABLE}{/hddsDatanode}
2019-10-16 07:54:19,232 [main] INFO  server.AbstractConnector (AbstractConnector.java:doStart(278)) - Started ServerConnector@1aabf50d{HTTP/1.1,[http/1.1]}{0.0.0.0:36141}
2019-10-16 07:54:19,232 [main] INFO  server.Server (Server.java:doStart(419)) - Started @5289ms
2019-10-16 07:54:19,233 [main] WARN  impl.MetricsSystemImpl (MetricsSystemImpl.java:register(276)) - Sink prometheus already exists!
2019-10-16 07:54:19,235 [main] INFO  server.BaseHttpServer (BaseHttpServer.java:updateConnectorAddress(215)) - HTTP server of HDDSDATANODE is listening at http://0.0.0.0:36141
2019-10-16 07:54:19,235 [main] INFO  impl.MetricsSystemImpl (MetricsSystemImpl.java:init(158)) - HddsDatanode metrics system started (again)
2019-10-16 07:54:19,238 [main] INFO  ozone.HddsDatanodeService (HddsDatanodeService.java:start(184)) - HddsDatanodeService host:pr-hdds-1737-dstl4-2900247166 ip:192.168.34.43
2019-10-16 07:54:19,240 [org.apache.hadoop.util.JvmPauseMonitor$Monitor@2c735634] INFO  util.JvmPauseMonitor (JvmPauseMonitor.java:run(188)) - Starting JVM pause monitor
2019-10-16 07:54:19,247 [main] INFO  volume.HddsVolume (HddsVolume.java:<init>(176)) - Creating Volume: /workdir/hadoop-ozone/integration-test/target/test-dir/MiniOzoneClusterImpl-128c9c24-18af-4532-8ce1-99e2b5785a6e/datanode-1/data/containers/hdds of  storage type : DISK and capacity : 1482555576320
2019-10-16 07:54:19,247 [main] INFO  volume.VolumeSet (VolumeSet.java:initializeVolumeSet(170)) - Added Volume : /workdir/hadoop-ozone/integration-test/target/test-dir/MiniOzoneClusterImpl-128c9c24-18af-4532-8ce1-99e2b5785a6e/datanode-1/data/containers/hdds to VolumeSet
2019-10-16 07:54:19,248 [main] INFO  volume.ThrottledAsyncChecker (ThrottledAsyncChecker.java:schedule(141)) - Scheduling a check for /workdir/hadoop-ozone/integration-test/target/test-dir/MiniOzoneClusterImpl-128c9c24-18af-4532-8ce1-99e2b5785a6e/datanode-1/data/containers/hdds
2019-10-16 07:54:19,248 [main] INFO  volume.HddsVolumeChecker (HddsVolumeChecker.java:checkAllVolumes(204)) - Scheduled health check for volume /workdir/hadoop-ozone/integration-test/target/test-dir/MiniOzoneClusterImpl-128c9c24-18af-4532-8ce1-99e2b5785a6e/datanode-1/data/containers/hdds
2019-10-16 07:54:19,262 [main] INFO  impl.RaftServerProxy (ConfUtils.java:logGet(43)) - raft.rpc.type = GRPC (default)
2019-10-16 07:54:19,262 [main] INFO  grpc.GrpcFactory (GrpcFactory.java:checkPooledByteBufAllocatorUseCacheForAllThreads(45)) - PERFORMANCE WARNING: useCacheForAllThreads is true that may cause Netty to create a lot garbage objects and, as a result, trigger GC.
	It is recommended to disable useCacheForAllThreads by setting -Dorg.apache.ratis.thirdparty.io.netty.allocator.useCacheForAllThreads=false in command line.
2019-10-16 07:54:19,262 [main] INFO  grpc.GrpcConfigKeys$Server (ConfUtils.java:logGet(43)) - raft.grpc.server.port = 0 (default)
2019-10-16 07:54:19,263 [main] INFO  server.GrpcService (ConfUtils.java:logGet(43)) - raft.grpc.message.size.max = 33570816 (custom)
2019-10-16 07:54:19,263 [main] INFO  server.RaftServerConfigKeys (ConfUtils.java:logGet(43)) - raft.server.log.appender.buffer.byte-limit = 33554432 (custom)
2019-10-16 07:54:19,263 [main] INFO  server.GrpcService (ConfUtils.java:logGet(43)) - raft.grpc.flow.control.window = 1MB (=1048576) (default)
2019-10-16 07:54:19,263 [main] INFO  server.RaftServerConfigKeys (ConfUtils.java:logGet(43)) - raft.server.rpc.request.timeout = 3000ms (default)
2019-10-16 07:54:19,264 [main] INFO  server.RaftServerConfigKeys (ConfUtils.java:logGet(43)) - raft.server.storage.dir = [/workdir/hadoop-ozone/integration-test/target/test-dir/MiniOzoneClusterImpl-128c9c24-18af-4532-8ce1-99e2b5785a6e/datanode-1/data/ratis] (custom)
2019-10-16 07:54:19,265 [main] INFO  hdfs.DFSUtil (DFSUtil.java:httpServerTemplateForNNAndJN(1641)) - Starting Web-server for hddsDatanode at: http://0.0.0.0:0
2019-10-16 07:54:19,267 [main] INFO  server.AuthenticationFilter (AuthenticationFilter.java:constructSecretProvider(240)) - Unable to initialize FileSignerSecretProvider, falling back to use random secrets.
2019-10-16 07:54:19,267 [main] WARN  http.HttpRequestLog (HttpRequestLog.java:getRequestLog(97)) - Jetty request log can only be enabled using Log4j
2019-10-16 07:54:19,269 [main] INFO  http.HttpServer2 (HttpServer2.java:addGlobalFilter(975)) - Added global filter 'safety' (class=org.apache.hadoop.http.HttpServer2$QuotingInputFilter)
2019-10-16 07:54:19,269 [main] INFO  http.HttpServer2 (HttpServer2.java:addFilter(948)) - Added filter static_user_filter (class=org.apache.hadoop.http.lib.StaticUserWebFilter$StaticUserFilter) to context hddsDatanode
2019-10-16 07:54:19,269 [main] INFO  http.HttpServer2 (HttpServer2.java:addFilter(958)) - Added filter static_user_filter (class=org.apache.hadoop.http.lib.StaticUserWebFilter$StaticUserFilter) to context logs
2019-10-16 07:54:19,270 [main] INFO  http.HttpServer2 (HttpServer2.java:addFilter(958)) - Added filter static_user_filter (class=org.apache.hadoop.http.lib.StaticUserWebFilter$StaticUserFilter) to context static
2019-10-16 07:54:19,270 [main] INFO  http.HttpServer2 (HttpServer2.java:bindListener(1191)) - Jetty bound to port 41059
2019-10-16 07:54:19,271 [main] INFO  server.Server (Server.java:doStart(351)) - jetty-9.3.25.v20180904, build timestamp: 2018-09-04T21:11:46Z, git hash: 3ce520221d0240229c862b122d2b06c12a625732
2019-10-16 07:54:19,274 [main] INFO  handler.ContextHandler (ContextHandler.java:doStart(781)) - Started o.e.j.s.ServletContextHandler@761e788f{/logs,file:///workdir/hadoop-ozone/integration-test/target/log,AVAILABLE}
2019-10-16 07:54:19,275 [main] INFO  handler.ContextHandler (ContextHandler.java:doStart(781)) - Started o.e.j.s.ServletContextHandler@1907874b{/static,jar:file:/home/user/.m2/repository/org/apache/hadoop/hadoop-hdds-container-service/0.5.0-SNAPSHOT/hadoop-hdds-container-service-0.5.0-SNAPSHOT.jar!/webapps/static,AVAILABLE}
2019-10-16 07:54:19,305 [main] INFO  handler.ContextHandler (ContextHandler.java:doStart(781)) - Started o.e.j.w.WebAppContext@22587507{/,file:///tmp/jetty-0.0.0.0-41059-hddsDatanode-_-any-7267734927373449676.dir/webapp/,AVAILABLE}{/hddsDatanode}
2019-10-16 07:54:19,306 [main] INFO  server.AbstractConnector (AbstractConnector.java:doStart(278)) - Started ServerConnector@5c77ba8f{HTTP/1.1,[http/1.1]}{0.0.0.0:41059}
2019-10-16 07:54:19,306 [main] INFO  server.Server (Server.java:doStart(419)) - Started @5364ms
2019-10-16 07:54:19,307 [main] WARN  impl.MetricsSystemImpl (MetricsSystemImpl.java:register(276)) - Sink prometheus already exists!
2019-10-16 07:54:19,308 [main] INFO  server.BaseHttpServer (BaseHttpServer.java:updateConnectorAddress(215)) - HTTP server of HDDSDATANODE is listening at http://0.0.0.0:41059
2019-10-16 07:54:19,309 [main] INFO  impl.MetricsSystemImpl (MetricsSystemImpl.java:init(158)) - HddsDatanode metrics system started (again)
2019-10-16 07:54:19,312 [org.apache.hadoop.util.JvmPauseMonitor$Monitor@3a4c2680] INFO  util.JvmPauseMonitor (JvmPauseMonitor.java:run(188)) - Starting JVM pause monitor
2019-10-16 07:54:19,313 [main] INFO  ozone.HddsDatanodeService (HddsDatanodeService.java:start(184)) - HddsDatanodeService host:pr-hdds-1737-dstl4-2900247166 ip:192.168.34.43
2019-10-16 07:54:19,323 [main] INFO  volume.HddsVolume (HddsVolume.java:<init>(176)) - Creating Volume: /workdir/hadoop-ozone/integration-test/target/test-dir/MiniOzoneClusterImpl-128c9c24-18af-4532-8ce1-99e2b5785a6e/datanode-2/data/containers/hdds of  storage type : DISK and capacity : 1482555576320
2019-10-16 07:54:19,323 [main] INFO  volume.VolumeSet (VolumeSet.java:initializeVolumeSet(170)) - Added Volume : /workdir/hadoop-ozone/integration-test/target/test-dir/MiniOzoneClusterImpl-128c9c24-18af-4532-8ce1-99e2b5785a6e/datanode-2/data/containers/hdds to VolumeSet
2019-10-16 07:54:19,324 [main] INFO  volume.ThrottledAsyncChecker (ThrottledAsyncChecker.java:schedule(141)) - Scheduling a check for /workdir/hadoop-ozone/integration-test/target/test-dir/MiniOzoneClusterImpl-128c9c24-18af-4532-8ce1-99e2b5785a6e/datanode-2/data/containers/hdds
2019-10-16 07:54:19,324 [main] INFO  volume.HddsVolumeChecker (HddsVolumeChecker.java:checkAllVolumes(204)) - Scheduled health check for volume /workdir/hadoop-ozone/integration-test/target/test-dir/MiniOzoneClusterImpl-128c9c24-18af-4532-8ce1-99e2b5785a6e/datanode-2/data/containers/hdds
2019-10-16 07:54:19,349 [main] INFO  impl.RaftServerProxy (ConfUtils.java:logGet(43)) - raft.rpc.type = GRPC (default)
2019-10-16 07:54:19,350 [main] INFO  grpc.GrpcFactory (GrpcFactory.java:checkPooledByteBufAllocatorUseCacheForAllThreads(45)) - PERFORMANCE WARNING: useCacheForAllThreads is true that may cause Netty to create a lot garbage objects and, as a result, trigger GC.
	It is recommended to disable useCacheForAllThreads by setting -Dorg.apache.ratis.thirdparty.io.netty.allocator.useCacheForAllThreads=false in command line.
2019-10-16 07:54:19,350 [main] INFO  grpc.GrpcConfigKeys$Server (ConfUtils.java:logGet(43)) - raft.grpc.server.port = 0 (default)
2019-10-16 07:54:19,351 [main] INFO  server.GrpcService (ConfUtils.java:logGet(43)) - raft.grpc.message.size.max = 33570816 (custom)
2019-10-16 07:54:19,351 [main] INFO  server.RaftServerConfigKeys (ConfUtils.java:logGet(43)) - raft.server.log.appender.buffer.byte-limit = 33554432 (custom)
2019-10-16 07:54:19,351 [main] INFO  server.GrpcService (ConfUtils.java:logGet(43)) - raft.grpc.flow.control.window = 1MB (=1048576) (default)
2019-10-16 07:54:19,352 [main] INFO  server.RaftServerConfigKeys (ConfUtils.java:logGet(43)) - raft.server.rpc.request.timeout = 3000ms (default)
2019-10-16 07:54:19,353 [main] INFO  server.RaftServerConfigKeys (ConfUtils.java:logGet(43)) - raft.server.storage.dir = [/workdir/hadoop-ozone/integration-test/target/test-dir/MiniOzoneClusterImpl-128c9c24-18af-4532-8ce1-99e2b5785a6e/datanode-2/data/ratis] (custom)
2019-10-16 07:54:19,357 [main] INFO  hdfs.DFSUtil (DFSUtil.java:httpServerTemplateForNNAndJN(1641)) - Starting Web-server for hddsDatanode at: http://0.0.0.0:0
2019-10-16 07:54:19,358 [main] INFO  server.AuthenticationFilter (AuthenticationFilter.java:constructSecretProvider(240)) - Unable to initialize FileSignerSecretProvider, falling back to use random secrets.
2019-10-16 07:54:19,359 [main] WARN  http.HttpRequestLog (HttpRequestLog.java:getRequestLog(97)) - Jetty request log can only be enabled using Log4j
2019-10-16 07:54:19,360 [main] INFO  http.HttpServer2 (HttpServer2.java:addGlobalFilter(975)) - Added global filter 'safety' (class=org.apache.hadoop.http.HttpServer2$QuotingInputFilter)
2019-10-16 07:54:19,361 [main] INFO  http.HttpServer2 (HttpServer2.java:addFilter(948)) - Added filter static_user_filter (class=org.apache.hadoop.http.lib.StaticUserWebFilter$StaticUserFilter) to context hddsDatanode
2019-10-16 07:54:19,361 [main] INFO  http.HttpServer2 (HttpServer2.java:addFilter(958)) - Added filter static_user_filter (class=org.apache.hadoop.http.lib.StaticUserWebFilter$StaticUserFilter) to context static
2019-10-16 07:54:19,361 [main] INFO  http.HttpServer2 (HttpServer2.java:addFilter(958)) - Added filter static_user_filter (class=org.apache.hadoop.http.lib.StaticUserWebFilter$StaticUserFilter) to context logs
2019-10-16 07:54:19,362 [main] INFO  http.HttpServer2 (HttpServer2.java:bindListener(1191)) - Jetty bound to port 33839
2019-10-16 07:54:19,362 [main] INFO  server.Server (Server.java:doStart(351)) - jetty-9.3.25.v20180904, build timestamp: 2018-09-04T21:11:46Z, git hash: 3ce520221d0240229c862b122d2b06c12a625732
2019-10-16 07:54:19,364 [main] INFO  handler.ContextHandler (ContextHandler.java:doStart(781)) - Started o.e.j.s.ServletContextHandler@46c269e0{/logs,file:///workdir/hadoop-ozone/integration-test/target/log,AVAILABLE}
2019-10-16 07:54:19,365 [main] INFO  handler.ContextHandler (ContextHandler.java:doStart(781)) - Started o.e.j.s.ServletContextHandler@6069dd38{/static,jar:file:/home/user/.m2/repository/org/apache/hadoop/hadoop-hdds-container-service/0.5.0-SNAPSHOT/hadoop-hdds-container-service-0.5.0-SNAPSHOT.jar!/webapps/static,AVAILABLE}
2019-10-16 07:54:19,380 [Datanode State Machine Thread - 0] INFO  datanode.InitDatanodeState (InitDatanodeState.java:persistContainerDatanodeDetails(140)) - DatanodeDetails is persisted to /workdir/hadoop-ozone/integration-test/target/test-dir/MiniOzoneClusterImpl-128c9c24-18af-4532-8ce1-99e2b5785a6e/datanode-0/meta/datanode.id
2019-10-16 07:54:19,385 [Datanode State Machine Thread - 0] INFO  datanode.InitDatanodeState (InitDatanodeState.java:persistContainerDatanodeDetails(140)) - DatanodeDetails is persisted to /workdir/hadoop-ozone/integration-test/target/test-dir/MiniOzoneClusterImpl-128c9c24-18af-4532-8ce1-99e2b5785a6e/datanode-1/meta/datanode.id
2019-10-16 07:54:19,400 [main] INFO  handler.ContextHandler (ContextHandler.java:doStart(781)) - Started o.e.j.w.WebAppContext@476fe690{/,file:///tmp/jetty-0.0.0.0-33839-hddsDatanode-_-any-1915155436910708764.dir/webapp/,AVAILABLE}{/hddsDatanode}
2019-10-16 07:54:19,400 [main] INFO  server.AbstractConnector (AbstractConnector.java:doStart(278)) - Started ServerConnector@7a0e7ecd{HTTP/1.1,[http/1.1]}{0.0.0.0:33839}
2019-10-16 07:54:19,401 [main] INFO  server.Server (Server.java:doStart(419)) - Started @5458ms
2019-10-16 07:54:19,401 [main] WARN  impl.MetricsSystemImpl (MetricsSystemImpl.java:register(276)) - Sink prometheus already exists!
2019-10-16 07:54:19,403 [main] INFO  server.BaseHttpServer (BaseHttpServer.java:updateConnectorAddress(215)) - HTTP server of HDDSDATANODE is listening at http://0.0.0.0:33839
2019-10-16 07:54:19,405 [main] INFO  ozone.MiniOzoneClusterImpl (MiniOzoneClusterImpl.java:lambda$waitForClusterToBeReady$0(147)) - Waiting for cluster to be ready. Got 0 of 3 DN Heartbeats.
2019-10-16 07:54:19,406 [org.apache.hadoop.util.JvmPauseMonitor$Monitor@2c045009] INFO  util.JvmPauseMonitor (JvmPauseMonitor.java:run(188)) - Starting JVM pause monitor
2019-10-16 07:54:19,409 [Datanode State Machine Thread - 0] INFO  datanode.InitDatanodeState (InitDatanodeState.java:persistContainerDatanodeDetails(140)) - DatanodeDetails is persisted to /workdir/hadoop-ozone/integration-test/target/test-dir/MiniOzoneClusterImpl-128c9c24-18af-4532-8ce1-99e2b5785a6e/datanode-2/meta/datanode.id
2019-10-16 07:54:20,405 [main] INFO  ozone.MiniOzoneClusterImpl (MiniOzoneClusterImpl.java:lambda$waitForClusterToBeReady$0(147)) - Waiting for cluster to be ready. Got 0 of 3 DN Heartbeats.
2019-10-16 07:54:21,339 [Datanode State Machine Thread - 0] INFO  ozoneimpl.OzoneContainer (OzoneContainer.java:start(213)) - Attempting to start container services.
2019-10-16 07:54:21,339 [Datanode State Machine Thread - 0] INFO  ozoneimpl.OzoneContainer (OzoneContainer.java:start(213)) - Attempting to start container services.
2019-10-16 07:54:21,342 [Datanode State Machine Thread - 0] INFO  ozoneimpl.OzoneContainer (OzoneContainer.java:startContainerScrub(177)) - Background container scanner has been disabled.
2019-10-16 07:54:21,342 [Datanode State Machine Thread - 0] INFO  ozoneimpl.OzoneContainer (OzoneContainer.java:startContainerScrub(177)) - Background container scanner has been disabled.
2019-10-16 07:54:21,342 [Datanode State Machine Thread - 0] INFO  ratis.XceiverServerRatis (XceiverServerRatis.java:start(418)) - Starting XceiverServerRatis a230a5d9-45d5-4362-aec8-50e396249829 at port 0
2019-10-16 07:54:21,342 [Datanode State Machine Thread - 0] INFO  ratis.XceiverServerRatis (XceiverServerRatis.java:start(418)) - Starting XceiverServerRatis c164cbdf-30cb-468b-a9b3-0098e19110da at port 0
2019-10-16 07:54:21,380 [Datanode State Machine Thread - 0] INFO  impl.RaftServerProxy (RaftServerProxy.java:lambda$start$3(299)) - a230a5d9-45d5-4362-aec8-50e396249829: start RPC server
2019-10-16 07:54:21,380 [Datanode State Machine Thread - 0] INFO  impl.RaftServerProxy (RaftServerProxy.java:lambda$start$3(299)) - c164cbdf-30cb-468b-a9b3-0098e19110da: start RPC server
2019-10-16 07:54:21,406 [main] INFO  ozone.MiniOzoneClusterImpl (MiniOzoneClusterImpl.java:lambda$waitForClusterToBeReady$0(147)) - Waiting for cluster to be ready. Got 0 of 3 DN Heartbeats.
2019-10-16 07:54:21,422 [Datanode State Machine Thread - 0] INFO  ozoneimpl.OzoneContainer (OzoneContainer.java:start(213)) - Attempting to start container services.
2019-10-16 07:54:21,428 [Datanode State Machine Thread - 0] INFO  ozoneimpl.OzoneContainer (OzoneContainer.java:startContainerScrub(177)) - Background container scanner has been disabled.
2019-10-16 07:54:21,428 [Datanode State Machine Thread - 0] INFO  ratis.XceiverServerRatis (XceiverServerRatis.java:start(418)) - Starting XceiverServerRatis 97dd4122-66d5-4b67-a8d6-e865d3881cda at port 0
2019-10-16 07:54:21,439 [Datanode State Machine Thread - 0] INFO  impl.RaftServerProxy (RaftServerProxy.java:lambda$start$3(299)) - 97dd4122-66d5-4b67-a8d6-e865d3881cda: start RPC server
2019-10-16 07:54:21,535 [Datanode State Machine Thread - 0] INFO  server.GrpcService (GrpcService.java:startImpl(158)) - c164cbdf-30cb-468b-a9b3-0098e19110da: GrpcService started, listening on 0.0.0.0/0.0.0.0:34871
2019-10-16 07:54:21,535 [Datanode State Machine Thread - 0] INFO  server.GrpcService (GrpcService.java:startImpl(158)) - 97dd4122-66d5-4b67-a8d6-e865d3881cda: GrpcService started, listening on 0.0.0.0/0.0.0.0:33540
2019-10-16 07:54:21,535 [Datanode State Machine Thread - 0] INFO  server.GrpcService (GrpcService.java:startImpl(158)) - a230a5d9-45d5-4362-aec8-50e396249829: GrpcService started, listening on 0.0.0.0/0.0.0.0:43715
2019-10-16 07:54:21,536 [Datanode State Machine Thread - 0] INFO  ratis.XceiverServerRatis (XceiverServerRatis.java:start(428)) - XceiverServerRatis 97dd4122-66d5-4b67-a8d6-e865d3881cda is started using port 33540
2019-10-16 07:54:21,536 [Datanode State Machine Thread - 0] INFO  ratis.XceiverServerRatis (XceiverServerRatis.java:start(428)) - XceiverServerRatis c164cbdf-30cb-468b-a9b3-0098e19110da is started using port 34871
2019-10-16 07:54:21,536 [Datanode State Machine Thread - 0] INFO  ratis.XceiverServerRatis (XceiverServerRatis.java:start(428)) - XceiverServerRatis a230a5d9-45d5-4362-aec8-50e396249829 is started using port 43715
2019-10-16 07:54:21,541 [Datanode State Machine Thread - 0] INFO  server.XceiverServerGrpc (XceiverServerGrpc.java:start(149)) - XceiverServerGrpc c164cbdf-30cb-468b-a9b3-0098e19110da is started using port 40514
2019-10-16 07:54:21,541 [Datanode State Machine Thread - 0] INFO  server.XceiverServerGrpc (XceiverServerGrpc.java:start(149)) - XceiverServerGrpc 97dd4122-66d5-4b67-a8d6-e865d3881cda is started using port 36338
2019-10-16 07:54:21,541 [Datanode State Machine Thread - 0] INFO  server.XceiverServerGrpc (XceiverServerGrpc.java:start(149)) - XceiverServerGrpc a230a5d9-45d5-4362-aec8-50e396249829 is started using port 34103
2019-10-16 07:54:22,407 [main] INFO  ozone.MiniOzoneClusterImpl (MiniOzoneClusterImpl.java:lambda$waitForClusterToBeReady$0(147)) - Waiting for cluster to be ready. Got 0 of 3 DN Heartbeats.
2019-10-16 07:54:23,284 [IPC Server handler 0 on 43882] INFO  net.NetworkTopology (NetworkTopologyImpl.java:add(111)) - Added a new node: /default-rack/a230a5d9-45d5-4362-aec8-50e396249829
2019-10-16 07:54:23,285 [IPC Server handler 0 on 43882] INFO  node.SCMNodeManager (SCMNodeManager.java:register(268)) - Registered Data node : a230a5d9-45d5-4362-aec8-50e396249829{ip: 192.168.34.43, host: pr-hdds-1737-dstl4-2900247166, networkLocation: /default-rack, certSerialId: null}
2019-10-16 07:54:23,288 [EventQueue-NodeRegistrationContainerReportForDataNodeSafeModeRule] INFO  safemode.SCMSafeModeManager (DataNodeSafeModeRule.java:process(71)) - SCM in safe mode. 1 DataNodes registered, 1 required.
2019-10-16 07:54:23,289 [EventQueue-NodeRegistrationContainerReportForDataNodeSafeModeRule] INFO  safemode.SCMSafeModeManager (SCMSafeModeManager.java:validateSafeModeExitRules(177)) - ScmSafeModeManager, all rules are successfully validated
2019-10-16 07:54:23,289 [EventQueue-NodeRegistrationContainerReportForDataNodeSafeModeRule] INFO  safemode.SCMSafeModeManager (SCMSafeModeManager.java:exitSafeMode(193)) - SCM exiting safe mode.
2019-10-16 07:54:23,316 [IPC Server handler 1 on 43882] INFO  net.NetworkTopology (NetworkTopologyImpl.java:add(111)) - Added a new node: /default-rack/c164cbdf-30cb-468b-a9b3-0098e19110da
2019-10-16 07:54:23,317 [IPC Server handler 1 on 43882] INFO  node.SCMNodeManager (SCMNodeManager.java:register(268)) - Registered Data node : c164cbdf-30cb-468b-a9b3-0098e19110da{ip: 192.168.34.43, host: pr-hdds-1737-dstl4-2900247166, networkLocation: /default-rack, certSerialId: null}
2019-10-16 07:54:23,408 [main] INFO  ozone.MiniOzoneClusterImpl (MiniOzoneClusterImpl.java:lambda$waitForClusterToBeReady$0(147)) - Waiting for cluster to be ready. Got 2 of 3 DN Heartbeats.
2019-10-16 07:54:23,409 [IPC Server handler 3 on 43882] INFO  net.NetworkTopology (NetworkTopologyImpl.java:add(111)) - Added a new node: /default-rack/97dd4122-66d5-4b67-a8d6-e865d3881cda
2019-10-16 07:54:23,410 [IPC Server handler 3 on 43882] INFO  node.SCMNodeManager (SCMNodeManager.java:register(268)) - Registered Data node : 97dd4122-66d5-4b67-a8d6-e865d3881cda{ip: 192.168.34.43, host: pr-hdds-1737-dstl4-2900247166, networkLocation: /default-rack, certSerialId: null}
2019-10-16 07:54:23,751 [grpc-default-executor-0] INFO  impl.RaftServerProxy (RaftServerProxy.java:addNew(89)) - a230a5d9-45d5-4362-aec8-50e396249829: addNew group-4F4F07A68A37:[a230a5d9-45d5-4362-aec8-50e396249829:192.168.34.43:43715] returns group-4F4F07A68A37:java.util.concurrent.CompletableFuture@1a8073aa[Not completed]
2019-10-16 07:54:23,766 [pool-27-thread-1] INFO  impl.RaftServerImpl (RaftServerImpl.java:<init>(104)) - a230a5d9-45d5-4362-aec8-50e396249829: new RaftServerImpl for group-4F4F07A68A37:[a230a5d9-45d5-4362-aec8-50e396249829:192.168.34.43:43715] with ContainerStateMachine:uninitialized
2019-10-16 07:54:23,769 [pool-27-thread-1] INFO  server.RaftServerConfigKeys (ConfUtils.java:logGet(43)) - raft.server.rpc.timeout.min = 5s (custom)
2019-10-16 07:54:23,770 [pool-27-thread-1] INFO  server.RaftServerConfigKeys (ConfUtils.java:logGet(43)) - raft.server.rpc.timeout.max = 5200ms (custom)
2019-10-16 07:54:23,770 [pool-27-thread-1] INFO  server.RaftServerConfigKeys (ConfUtils.java:logGet(43)) - raft.server.rpcslowness.timeout = 120s (custom)
2019-10-16 07:54:23,771 [pool-27-thread-1] INFO  server.RaftServerConfigKeys (ConfUtils.java:logGet(43)) - raft.server.sleep.deviation.threshold = 300 (default)
2019-10-16 07:54:23,772 [pool-27-thread-1] INFO  server.RaftServerConfigKeys (ConfUtils.java:logGet(43)) - raft.server.log.appender.install.snapshot.enabled = false (custom)
2019-10-16 07:54:23,782 [pool-27-thread-1] INFO  impl.RaftServerImpl (ServerState.java:<init>(103)) - a230a5d9-45d5-4362-aec8-50e396249829@group-4F4F07A68A37: ConfigurationManager, init=-1: [a230a5d9-45d5-4362-aec8-50e396249829:192.168.34.43:43715], old=null, confs=<EMPTY_MAP>
2019-10-16 07:54:23,783 [pool-27-thread-1] INFO  server.RaftServerConfigKeys (ConfUtils.java:logGet(43)) - raft.server.storage.dir = [/workdir/hadoop-ozone/integration-test/target/test-dir/MiniOzoneClusterImpl-128c9c24-18af-4532-8ce1-99e2b5785a6e/datanode-0/data/ratis] (custom)
2019-10-16 07:54:23,791 [pool-27-thread-1] INFO  server.RaftServerConfigKeys (ConfUtils.java:logGet(43)) - raft.server.log.corruption.policy = EXCEPTION (default)
2019-10-16 07:54:23,793 [pool-27-thread-1] INFO  storage.RaftStorageDirectory (RaftStorageDirectory.java:analyzeStorage(246)) - The storage directory /workdir/hadoop-ozone/integration-test/target/test-dir/MiniOzoneClusterImpl-128c9c24-18af-4532-8ce1-99e2b5785a6e/datanode-0/data/ratis/1f8616c5-de96-4bb7-a105-4f4f07a68a37 does not exist. Creating ...
2019-10-16 07:54:23,810 [pool-27-thread-1] INFO  storage.RaftStorageDirectory (RaftStorageDirectory.java:tryLock(328)) - Lock on /workdir/hadoop-ozone/integration-test/target/test-dir/MiniOzoneClusterImpl-128c9c24-18af-4532-8ce1-99e2b5785a6e/datanode-0/data/ratis/1f8616c5-de96-4bb7-a105-4f4f07a68a37/in_use.lock acquired by nodename 25531@pr-hdds-1737-dstl4-2900247166
2019-10-16 07:54:23,824 [pool-27-thread-1] INFO  storage.RaftStorage (RaftStorage.java:format(84)) - Storage directory /workdir/hadoop-ozone/integration-test/target/test-dir/MiniOzoneClusterImpl-128c9c24-18af-4532-8ce1-99e2b5785a6e/datanode-0/data/ratis/1f8616c5-de96-4bb7-a105-4f4f07a68a37 has been successfully formatted.
2019-10-16 07:54:23,827 [pool-27-thread-1] INFO  ratis.ContainerStateMachine (ContainerStateMachine.java:loadSnapshot(231)) - group-4F4F07A68A37: The snapshot info is null. Setting the last applied indexto:(t:0, i:~)
2019-10-16 07:54:23,827 [pool-27-thread-1] INFO  server.RaftServerConfigKeys (ConfUtils.java:logGet(43)) - raft.server.notification.no-leader.timeout = 120s (custom)
2019-10-16 07:54:23,829 [pool-27-thread-1] INFO  server.RaftServerConfigKeys (ConfUtils.java:logGet(43)) - raft.server.log.use.memory = false (default)
2019-10-16 07:54:23,835 [pool-27-thread-1] INFO  server.RaftServerConfigKeys (ConfUtils.java:logGet(43)) - raft.server.log.purge.gap = 1000000 (custom)
2019-10-16 07:54:23,835 [pool-27-thread-1] INFO  server.RaftServerConfigKeys (ConfUtils.java:logGet(43)) - raft.server.log.appender.buffer.byte-limit = 33554432 (custom)
2019-10-16 07:54:23,837 [pool-27-thread-1] INFO  server.RaftServerConfigKeys (ConfUtils.java:logGet(43)) - raft.server.log.segment.size.max = 1048576 (custom)
2019-10-16 07:54:23,839 [pool-27-thread-1] INFO  impl.MetricsSystemImpl (MetricsSystemImpl.java:init(158)) - ratis metrics system started (again)
2019-10-16 07:54:23,843 [pool-27-thread-1] INFO  metrics.MetricRegistries (MetricRegistriesLoader.java:load(64)) - Loaded MetricRegistries class org.apache.ratis.metrics.impl.MetricRegistriesImpl
2019-10-16 07:54:23,878 [pool-27-thread-1] INFO  server.RaftServerConfigKeys (ConfUtils.java:logGet(43)) - raft.server.log.segment.cache.num.max = 2 (custom)
2019-10-16 07:54:23,884 [pool-27-thread-1] INFO  segmented.SegmentedRaftLogWorker (SegmentedRaftLogWorker.java:<init>(173)) - new a230a5d9-45d5-4362-aec8-50e396249829@group-4F4F07A68A37-SegmentedRaftLogWorker for RaftStorage:Storage Directory /workdir/hadoop-ozone/integration-test/target/test-dir/MiniOzoneClusterImpl-128c9c24-18af-4532-8ce1-99e2b5785a6e/datanode-0/data/ratis/1f8616c5-de96-4bb7-a105-4f4f07a68a37
2019-10-16 07:54:23,884 [pool-27-thread-1] INFO  server.RaftServerConfigKeys (ConfUtils.java:logGet(43)) - raft.server.log.queue.byte-limit = 2147483647 (custom)
2019-10-16 07:54:23,885 [pool-27-thread-1] INFO  server.RaftServerConfigKeys (ConfUtils.java:logGet(43)) - raft.server.log.queue.element-limit = 1024 (custom)
2019-10-16 07:54:23,886 [pool-27-thread-1] INFO  server.RaftServerConfigKeys (ConfUtils.java:logGet(43)) - raft.server.log.segment.size.max = 1048576 (custom)
2019-10-16 07:54:23,886 [pool-27-thread-1] INFO  server.RaftServerConfigKeys (ConfUtils.java:logGet(43)) - raft.server.log.preallocated.size = 16384 (custom)
2019-10-16 07:54:23,887 [pool-27-thread-1] INFO  server.RaftServerConfigKeys (ConfUtils.java:logGet(43)) - raft.server.log.write.buffer.size = 33554432 (custom)
2019-10-16 07:54:23,887 [pool-27-thread-1] INFO  server.RaftServerConfigKeys (ConfUtils.java:logGet(43)) - raft.server.log.force.sync.num = 128 (default)
2019-10-16 07:54:23,888 [pool-27-thread-1] INFO  server.RaftServerConfigKeys (ConfUtils.java:logGet(43)) - raft.server.log.statemachine.data.sync = true (default)
2019-10-16 07:54:23,888 [pool-27-thread-1] INFO  server.RaftServerConfigKeys (ConfUtils.java:logGet(43)) - raft.server.log.statemachine.data.sync.timeout = 10s (default)
2019-10-16 07:54:23,889 [pool-27-thread-1] INFO  server.RaftServerConfigKeys (ConfUtils.java:logGet(43)) - raft.server.log.statemachine.data.sync.timeout.retry = -1 (default)
2019-10-16 07:54:23,900 [pool-27-thread-1] INFO  server.RaftServerConfigKeys (ConfUtils.java:logGet(43)) - raft.server.log.statemachine.data.caching.enabled = true (custom)
2019-10-16 07:54:23,904 [pool-27-thread-1] INFO  segmented.SegmentedRaftLogWorker (SegmentedRaftLogWorker.java:lambda$new$0(128)) - a230a5d9-45d5-4362-aec8-50e396249829@group-4F4F07A68A37-SegmentedRaftLogWorker: flushIndex: setUnconditionally 0 -> -1
2019-10-16 07:54:23,907 [pool-27-thread-1] INFO  server.RaftServerConfigKeys (ConfUtils.java:logGet(43)) - raft.server.snapshot.auto.trigger.enabled = true (custom)
2019-10-16 07:54:23,908 [pool-27-thread-1] INFO  server.RaftServerConfigKeys (ConfUtils.java:logGet(43)) - raft.server.snapshot.auto.trigger.threshold = 10000 (custom)
2019-10-16 07:54:23,909 [pool-27-thread-1] INFO  server.RaftServerConfigKeys (ConfUtils.java:logGet(43)) - raft.server.snapshot.retention.file.num = 5 (custom)
2019-10-16 07:54:23,909 [pool-27-thread-1] INFO  server.RaftServerConfigKeys (ConfUtils.java:logGet(43)) - raft.server.retrycache.expirytime = 600000ms (custom)
2019-10-16 07:54:23,935 [pool-27-thread-1] INFO  impl.RaftServerImpl (RaftServerImpl.java:start(195)) - a230a5d9-45d5-4362-aec8-50e396249829@group-4F4F07A68A37: start as a follower, conf=-1: [a230a5d9-45d5-4362-aec8-50e396249829:192.168.34.43:43715], old=null
2019-10-16 07:54:23,936 [pool-27-thread-1] INFO  impl.RaftServerImpl (RaftServerImpl.java:setRole(184)) - a230a5d9-45d5-4362-aec8-50e396249829@group-4F4F07A68A37: changes role from      null to FOLLOWER at term 0 for startAsFollower
2019-10-16 07:54:23,937 [pool-27-thread-1] INFO  impl.RoleInfo (RoleInfo.java:updateAndGet(143)) - a230a5d9-45d5-4362-aec8-50e396249829: start FollowerState
2019-10-16 07:54:23,939 [pool-27-thread-1] INFO  util.JmxRegister (JmxRegister.java:tryRegister(44)) - Successfully registered JMX Bean with object name Ratis:service=RaftServer,group=group-4F4F07A68A37,id=a230a5d9-45d5-4362-aec8-50e396249829
2019-10-16 07:54:24,007 [RatisPipelineUtilsThread] INFO  pipeline.PipelineStateManager (PipelineStateManager.java:addPipeline(56)) - Created pipeline Pipeline[ Id: 1f8616c5-de96-4bb7-a105-4f4f07a68a37, Nodes: a230a5d9-45d5-4362-aec8-50e396249829{ip: 192.168.34.43, host: pr-hdds-1737-dstl4-2900247166, networkLocation: /default-rack, certSerialId: null}, Type:RATIS, Factor:ONE, State:OPEN]
2019-10-16 07:54:24,024 [grpc-default-executor-0] INFO  impl.RaftServerProxy (RaftServerProxy.java:addNew(89)) - c164cbdf-30cb-468b-a9b3-0098e19110da: addNew group-1D967BEE917F:[c164cbdf-30cb-468b-a9b3-0098e19110da:192.168.34.43:34871] returns group-1D967BEE917F:java.util.concurrent.CompletableFuture@f4cb361[Not completed]
2019-10-16 07:54:24,049 [pool-37-thread-1] INFO  impl.RaftServerImpl (RaftServerImpl.java:<init>(104)) - c164cbdf-30cb-468b-a9b3-0098e19110da: new RaftServerImpl for group-1D967BEE917F:[c164cbdf-30cb-468b-a9b3-0098e19110da:192.168.34.43:34871] with ContainerStateMachine:uninitialized
2019-10-16 07:54:24,050 [pool-37-thread-1] INFO  server.RaftServerConfigKeys (ConfUtils.java:logGet(43)) - raft.server.rpc.timeout.min = 5s (custom)
2019-10-16 07:54:24,050 [pool-37-thread-1] INFO  server.RaftServerConfigKeys (ConfUtils.java:logGet(43)) - raft.server.rpc.timeout.max = 5200ms (custom)
2019-10-16 07:54:24,050 [pool-37-thread-1] INFO  server.RaftServerConfigKeys (ConfUtils.java:logGet(43)) - raft.server.rpcslowness.timeout = 120s (custom)
2019-10-16 07:54:24,050 [pool-37-thread-1] INFO  server.RaftServerConfigKeys (ConfUtils.java:logGet(43)) - raft.server.sleep.deviation.threshold = 300 (default)
2019-10-16 07:54:24,051 [pool-37-thread-1] INFO  server.RaftServerConfigKeys (ConfUtils.java:logGet(43)) - raft.server.log.appender.install.snapshot.enabled = false (custom)
2019-10-16 07:54:24,051 [pool-37-thread-1] INFO  impl.RaftServerImpl (ServerState.java:<init>(103)) - c164cbdf-30cb-468b-a9b3-0098e19110da@group-1D967BEE917F: ConfigurationManager, init=-1: [c164cbdf-30cb-468b-a9b3-0098e19110da:192.168.34.43:34871], old=null, confs=<EMPTY_MAP>
2019-10-16 07:54:24,051 [pool-37-thread-1] INFO  server.RaftServerConfigKeys (ConfUtils.java:logGet(43)) - raft.server.storage.dir = [/workdir/hadoop-ozone/integration-test/target/test-dir/MiniOzoneClusterImpl-128c9c24-18af-4532-8ce1-99e2b5785a6e/datanode-1/data/ratis] (custom)
2019-10-16 07:54:24,051 [pool-37-thread-1] INFO  server.RaftServerConfigKeys (ConfUtils.java:logGet(43)) - raft.server.log.corruption.policy = EXCEPTION (default)
2019-10-16 07:54:24,052 [pool-37-thread-1] INFO  storage.RaftStorageDirectory (RaftStorageDirectory.java:analyzeStorage(246)) - The storage directory /workdir/hadoop-ozone/integration-test/target/test-dir/MiniOzoneClusterImpl-128c9c24-18af-4532-8ce1-99e2b5785a6e/datanode-1/data/ratis/faa92e5a-0a6b-4ead-bf8d-1d967bee917f does not exist. Creating ...
2019-10-16 07:54:24,066 [pool-37-thread-1] INFO  storage.RaftStorageDirectory (RaftStorageDirectory.java:tryLock(328)) - Lock on /workdir/hadoop-ozone/integration-test/target/test-dir/MiniOzoneClusterImpl-128c9c24-18af-4532-8ce1-99e2b5785a6e/datanode-1/data/ratis/faa92e5a-0a6b-4ead-bf8d-1d967bee917f/in_use.lock acquired by nodename 25531@pr-hdds-1737-dstl4-2900247166
2019-10-16 07:54:24,119 [pool-37-thread-1] INFO  storage.RaftStorage (RaftStorage.java:format(84)) - Storage directory /workdir/hadoop-ozone/integration-test/target/test-dir/MiniOzoneClusterImpl-128c9c24-18af-4532-8ce1-99e2b5785a6e/datanode-1/data/ratis/faa92e5a-0a6b-4ead-bf8d-1d967bee917f has been successfully formatted.
2019-10-16 07:54:24,120 [pool-37-thread-1] INFO  ratis.ContainerStateMachine (ContainerStateMachine.java:loadSnapshot(231)) - group-1D967BEE917F: The snapshot info is null. Setting the last applied indexto:(t:0, i:~)
2019-10-16 07:54:24,121 [pool-37-thread-1] INFO  server.RaftServerConfigKeys (ConfUtils.java:logGet(43)) - raft.server.notification.no-leader.timeout = 120s (custom)
2019-10-16 07:54:24,121 [pool-37-thread-1] INFO  server.RaftServerConfigKeys (ConfUtils.java:logGet(43)) - raft.server.log.use.memory = false (default)
2019-10-16 07:54:24,122 [pool-37-thread-1] INFO  server.RaftServerConfigKeys (ConfUtils.java:logGet(43)) - raft.server.log.purge.gap = 1000000 (custom)
2019-10-16 07:54:24,122 [pool-37-thread-1] INFO  server.RaftServerConfigKeys (ConfUtils.java:logGet(43)) - raft.server.log.appender.buffer.byte-limit = 33554432 (custom)
2019-10-16 07:54:24,122 [pool-37-thread-1] INFO  server.RaftServerConfigKeys (ConfUtils.java:logGet(43)) - raft.server.log.segment.size.max = 1048576 (custom)
2019-10-16 07:54:24,126 [pool-37-thread-1] INFO  server.RaftServerConfigKeys (ConfUtils.java:logGet(43)) - raft.server.log.segment.cache.num.max = 2 (custom)
2019-10-16 07:54:24,126 [pool-37-thread-1] INFO  segmented.SegmentedRaftLogWorker (SegmentedRaftLogWorker.java:<init>(173)) - new c164cbdf-30cb-468b-a9b3-0098e19110da@group-1D967BEE917F-SegmentedRaftLogWorker for RaftStorage:Storage Directory /workdir/hadoop-ozone/integration-test/target/test-dir/MiniOzoneClusterImpl-128c9c24-18af-4532-8ce1-99e2b5785a6e/datanode-1/data/ratis/faa92e5a-0a6b-4ead-bf8d-1d967bee917f
2019-10-16 07:54:24,127 [pool-37-thread-1] INFO  server.RaftServerConfigKeys (ConfUtils.java:logGet(43)) - raft.server.log.queue.byte-limit = 2147483647 (custom)
2019-10-16 07:54:24,127 [pool-37-thread-1] INFO  server.RaftServerConfigKeys (ConfUtils.java:logGet(43)) - raft.server.log.queue.element-limit = 1024 (custom)
2019-10-16 07:54:24,127 [pool-37-thread-1] INFO  server.RaftServerConfigKeys (ConfUtils.java:logGet(43)) - raft.server.log.segment.size.max = 1048576 (custom)
2019-10-16 07:54:24,127 [pool-37-thread-1] INFO  server.RaftServerConfigKeys (ConfUtils.java:logGet(43)) - raft.server.log.preallocated.size = 16384 (custom)
2019-10-16 07:54:24,128 [pool-37-thread-1] INFO  server.RaftServerConfigKeys (ConfUtils.java:logGet(43)) - raft.server.log.write.buffer.size = 33554432 (custom)
2019-10-16 07:54:24,128 [pool-37-thread-1] INFO  server.RaftServerConfigKeys (ConfUtils.java:logGet(43)) - raft.server.log.force.sync.num = 128 (default)
2019-10-16 07:54:24,128 [pool-37-thread-1] INFO  server.RaftServerConfigKeys (ConfUtils.java:logGet(43)) - raft.server.log.statemachine.data.sync = true (default)
2019-10-16 07:54:24,128 [pool-37-thread-1] INFO  server.RaftServerConfigKeys (ConfUtils.java:logGet(43)) - raft.server.log.statemachine.data.sync.timeout = 10s (default)
2019-10-16 07:54:24,128 [pool-37-thread-1] INFO  server.RaftServerConfigKeys (ConfUtils.java:logGet(43)) - raft.server.log.statemachine.data.sync.timeout.retry = -1 (default)
2019-10-16 07:54:24,129 [pool-37-thread-1] INFO  server.RaftServerConfigKeys (ConfUtils.java:logGet(43)) - raft.server.log.statemachine.data.caching.enabled = true (custom)
2019-10-16 07:54:24,129 [pool-37-thread-1] INFO  segmented.SegmentedRaftLogWorker (SegmentedRaftLogWorker.java:lambda$new$0(128)) - c164cbdf-30cb-468b-a9b3-0098e19110da@group-1D967BEE917F-SegmentedRaftLogWorker: flushIndex: setUnconditionally 0 -> -1
2019-10-16 07:54:24,130 [pool-37-thread-1] INFO  server.RaftServerConfigKeys (ConfUtils.java:logGet(43)) - raft.server.snapshot.auto.trigger.enabled = true (custom)
2019-10-16 07:54:24,130 [pool-37-thread-1] INFO  server.RaftServerConfigKeys (ConfUtils.java:logGet(43)) - raft.server.snapshot.auto.trigger.threshold = 10000 (custom)
2019-10-16 07:54:24,130 [pool-37-thread-1] INFO  server.RaftServerConfigKeys (ConfUtils.java:logGet(43)) - raft.server.snapshot.retention.file.num = 5 (custom)
2019-10-16 07:54:24,130 [pool-37-thread-1] INFO  server.RaftServerConfigKeys (ConfUtils.java:logGet(43)) - raft.server.retrycache.expirytime = 600000ms (custom)
2019-10-16 07:54:24,133 [Thread-180] INFO  impl.FollowerState (FollowerState.java:run(108)) - a230a5d9-45d5-4362-aec8-50e396249829@group-4F4F07A68A37-FollowerState: change to CANDIDATE, lastRpcTime:196ms, electionTimeout:195ms
2019-10-16 07:54:24,136 [Thread-180] INFO  impl.RoleInfo (RoleInfo.java:shutdownFollowerState(121)) - a230a5d9-45d5-4362-aec8-50e396249829: shutdown FollowerState
2019-10-16 07:54:24,137 [Thread-180] INFO  impl.RaftServerImpl (RaftServerImpl.java:setRole(184)) - a230a5d9-45d5-4362-aec8-50e396249829@group-4F4F07A68A37: changes role from  FOLLOWER to CANDIDATE at term 0 for changeToCandidate
2019-10-16 07:54:24,139 [pool-37-thread-1] INFO  impl.RaftServerImpl (RaftServerImpl.java:start(195)) - c164cbdf-30cb-468b-a9b3-0098e19110da@group-1D967BEE917F: start as a follower, conf=-1: [c164cbdf-30cb-468b-a9b3-0098e19110da:192.168.34.43:34871], old=null
2019-10-16 07:54:24,139 [pool-37-thread-1] INFO  impl.RaftServerImpl (RaftServerImpl.java:setRole(184)) - c164cbdf-30cb-468b-a9b3-0098e19110da@group-1D967BEE917F: changes role from      null to FOLLOWER at term 0 for startAsFollower
2019-10-16 07:54:24,140 [pool-37-thread-1] INFO  impl.RoleInfo (RoleInfo.java:updateAndGet(143)) - c164cbdf-30cb-468b-a9b3-0098e19110da: start FollowerState
2019-10-16 07:54:24,140 [pool-37-thread-1] INFO  util.JmxRegister (JmxRegister.java:tryRegister(44)) - Successfully registered JMX Bean with object name Ratis:service=RaftServer,group=group-1D967BEE917F,id=c164cbdf-30cb-468b-a9b3-0098e19110da
2019-10-16 07:54:24,143 [Thread-180] INFO  impl.RoleInfo (RoleInfo.java:updateAndGet(143)) - a230a5d9-45d5-4362-aec8-50e396249829: start LeaderElection
2019-10-16 07:54:24,158 [a230a5d9-45d5-4362-aec8-50e396249829@group-4F4F07A68A37-LeaderElection1] INFO  impl.LeaderElection (LeaderElection.java:askForVotes(178)) - a230a5d9-45d5-4362-aec8-50e396249829@group-4F4F07A68A37-LeaderElection1: begin an election at term 1 for -1: [a230a5d9-45d5-4362-aec8-50e396249829:192.168.34.43:43715], old=null
2019-10-16 07:54:24,160 [RatisPipelineUtilsThread] INFO  pipeline.PipelineStateManager (PipelineStateManager.java:addPipeline(56)) - Created pipeline Pipeline[ Id: faa92e5a-0a6b-4ead-bf8d-1d967bee917f, Nodes: c164cbdf-30cb-468b-a9b3-0098e19110da{ip: 192.168.34.43, host: pr-hdds-1737-dstl4-2900247166, networkLocation: /default-rack, certSerialId: null}, Type:RATIS, Factor:ONE, State:OPEN]
2019-10-16 07:54:24,160 [a230a5d9-45d5-4362-aec8-50e396249829@group-4F4F07A68A37-LeaderElection1] INFO  impl.RoleInfo (RoleInfo.java:shutdownLeaderElection(134)) - a230a5d9-45d5-4362-aec8-50e396249829: shutdown LeaderElection
2019-10-16 07:54:24,160 [a230a5d9-45d5-4362-aec8-50e396249829@group-4F4F07A68A37-LeaderElection1] INFO  impl.RaftServerImpl (RaftServerImpl.java:setRole(184)) - a230a5d9-45d5-4362-aec8-50e396249829@group-4F4F07A68A37: changes role from CANDIDATE to LEADER at term 1 for changeToLeader
2019-10-16 07:54:24,161 [a230a5d9-45d5-4362-aec8-50e396249829@group-4F4F07A68A37-LeaderElection1] INFO  impl.RaftServerImpl (ServerState.java:setLeader(256)) - a230a5d9-45d5-4362-aec8-50e396249829@group-4F4F07A68A37: change Leader from null to a230a5d9-45d5-4362-aec8-50e396249829 at term 1 for becomeLeader, leader elected after 333ms
2019-10-16 07:54:24,166 [a230a5d9-45d5-4362-aec8-50e396249829@group-4F4F07A68A37-LeaderElection1] INFO  server.RaftServerConfigKeys (ConfUtils.java:logGet(43)) - raft.server.staging.catchup.gap = 1000 (default)
2019-10-16 07:54:24,166 [a230a5d9-45d5-4362-aec8-50e396249829@group-4F4F07A68A37-LeaderElection1] INFO  server.RaftServerConfigKeys (ConfUtils.java:logGet(43)) - raft.server.rpc.sleep.time = 25ms (default)
2019-10-16 07:54:24,167 [Thread-183] INFO  impl.FollowerState (FollowerState.java:run(108)) - c164cbdf-30cb-468b-a9b3-0098e19110da@group-1D967BEE917F-FollowerState: change to CANDIDATE, lastRpcTime:27ms, electionTimeout:27ms
2019-10-16 07:54:24,169 [Thread-183] INFO  impl.RoleInfo (RoleInfo.java:shutdownFollowerState(121)) - c164cbdf-30cb-468b-a9b3-0098e19110da: shutdown FollowerState
2019-10-16 07:54:24,169 [Thread-183] INFO  impl.RaftServerImpl (RaftServerImpl.java:setRole(184)) - c164cbdf-30cb-468b-a9b3-0098e19110da@group-1D967BEE917F: changes role from  FOLLOWER to CANDIDATE at term 0 for changeToCandidate
2019-10-16 07:54:24,171 [Thread-183] INFO  impl.RoleInfo (RoleInfo.java:updateAndGet(143)) - c164cbdf-30cb-468b-a9b3-0098e19110da: start LeaderElection
2019-10-16 07:54:24,175 [a230a5d9-45d5-4362-aec8-50e396249829@group-4F4F07A68A37-LeaderElection1] INFO  server.RaftServerConfigKeys (ConfUtils.java:logGet(43)) - raft.server.write.element-limit = 4096 (default)
2019-10-16 07:54:24,182 [grpc-default-executor-0] INFO  impl.RaftServerProxy (RaftServerProxy.java:addNew(89)) - 97dd4122-66d5-4b67-a8d6-e865d3881cda: addNew group-05573D3E27FA:[97dd4122-66d5-4b67-a8d6-e865d3881cda:192.168.34.43:33540] returns group-05573D3E27FA:java.util.concurrent.CompletableFuture@70a0d020[Not completed]
2019-10-16 07:54:24,182 [a230a5d9-45d5-4362-aec8-50e396249829@group-4F4F07A68A37-LeaderElection1] INFO  server.RaftServerConfigKeys (ConfUtils.java:logGet(43)) - raft.server.watch.timeout = 10s (default)
2019-10-16 07:54:24,183 [a230a5d9-45d5-4362-aec8-50e396249829@group-4F4F07A68A37-LeaderElection1] INFO  server.RaftServerConfigKeys (ConfUtils.java:logGet(43)) - raft.server.watch.timeout.denomination = 1s (default)
2019-10-16 07:54:24,184 [a230a5d9-45d5-4362-aec8-50e396249829@group-4F4F07A68A37-LeaderElection1] INFO  server.RaftServerConfigKeys (ConfUtils.java:logGet(43)) - raft.server.watch.element-limit = 65536 (default)
2019-10-16 07:54:24,198 [c164cbdf-30cb-468b-a9b3-0098e19110da@group-1D967BEE917F-LeaderElection2] INFO  impl.LeaderElection (LeaderElection.java:askForVotes(178)) - c164cbdf-30cb-468b-a9b3-0098e19110da@group-1D967BEE917F-LeaderElection2: begin an election at term 1 for -1: [c164cbdf-30cb-468b-a9b3-0098e19110da:192.168.34.43:34871], old=null
2019-10-16 07:54:24,199 [c164cbdf-30cb-468b-a9b3-0098e19110da@group-1D967BEE917F-LeaderElection2] INFO  impl.RoleInfo (RoleInfo.java:shutdownLeaderElection(134)) - c164cbdf-30cb-468b-a9b3-0098e19110da: shutdown LeaderElection
2019-10-16 07:54:24,199 [c164cbdf-30cb-468b-a9b3-0098e19110da@group-1D967BEE917F-LeaderElection2] INFO  impl.RaftServerImpl (RaftServerImpl.java:setRole(184)) - c164cbdf-30cb-468b-a9b3-0098e19110da@group-1D967BEE917F: changes role from CANDIDATE to LEADER at term 1 for changeToLeader
2019-10-16 07:54:24,199 [c164cbdf-30cb-468b-a9b3-0098e19110da@group-1D967BEE917F-LeaderElection2] INFO  impl.RaftServerImpl (ServerState.java:setLeader(256)) - c164cbdf-30cb-468b-a9b3-0098e19110da@group-1D967BEE917F: change Leader from null to c164cbdf-30cb-468b-a9b3-0098e19110da at term 1 for becomeLeader, leader elected after 77ms
2019-10-16 07:54:24,199 [c164cbdf-30cb-468b-a9b3-0098e19110da@group-1D967BEE917F-LeaderElection2] INFO  server.RaftServerConfigKeys (ConfUtils.java:logGet(43)) - raft.server.staging.catchup.gap = 1000 (default)
2019-10-16 07:54:24,199 [pool-47-thread-1] INFO  impl.RaftServerImpl (RaftServerImpl.java:<init>(104)) - 97dd4122-66d5-4b67-a8d6-e865d3881cda: new RaftServerImpl for group-05573D3E27FA:[97dd4122-66d5-4b67-a8d6-e865d3881cda:192.168.34.43:33540] with ContainerStateMachine:uninitialized
2019-10-16 07:54:24,199 [c164cbdf-30cb-468b-a9b3-0098e19110da@group-1D967BEE917F-LeaderElection2] INFO  server.RaftServerConfigKeys (ConfUtils.java:logGet(43)) - raft.server.rpc.sleep.time = 25ms (default)
2019-10-16 07:54:24,200 [pool-47-thread-1] INFO  server.RaftServerConfigKeys (ConfUtils.java:logGet(43)) - raft.server.rpc.timeout.min = 5s (custom)
2019-10-16 07:54:24,200 [c164cbdf-30cb-468b-a9b3-0098e19110da@group-1D967BEE917F-LeaderElection2] INFO  server.RaftServerConfigKeys (ConfUtils.java:logGet(43)) - raft.server.write.element-limit = 4096 (default)
2019-10-16 07:54:24,200 [pool-47-thread-1] INFO  server.RaftServerConfigKeys (ConfUtils.java:logGet(43)) - raft.server.rpc.timeout.max = 5200ms (custom)
2019-10-16 07:54:24,201 [c164cbdf-30cb-468b-a9b3-0098e19110da@group-1D967BEE917F-LeaderElection2] INFO  server.RaftServerConfigKeys (ConfUtils.java:logGet(43)) - raft.server.watch.timeout = 10s (default)
2019-10-16 07:54:24,201 [pool-47-thread-1] INFO  server.RaftServerConfigKeys (ConfUtils.java:logGet(43)) - raft.server.rpcslowness.timeout = 120s (custom)
2019-10-16 07:54:24,201 [c164cbdf-30cb-468b-a9b3-0098e19110da@group-1D967BEE917F-LeaderElection2] INFO  server.RaftServerConfigKeys (ConfUtils.java:logGet(43)) - raft.server.watch.timeout.denomination = 1s (default)
2019-10-16 07:54:24,201 [pool-47-thread-1] INFO  server.RaftServerConfigKeys (ConfUtils.java:logGet(43)) - raft.server.sleep.deviation.threshold = 300 (default)
2019-10-16 07:54:24,201 [c164cbdf-30cb-468b-a9b3-0098e19110da@group-1D967BEE917F-LeaderElection2] INFO  server.RaftServerConfigKeys (ConfUtils.java:logGet(43)) - raft.server.watch.element-limit = 65536 (default)
2019-10-16 07:54:24,201 [pool-47-thread-1] INFO  server.RaftServerConfigKeys (ConfUtils.java:logGet(43)) - raft.server.log.appender.install.snapshot.enabled = false (custom)
2019-10-16 07:54:24,202 [pool-47-thread-1] INFO  impl.RaftServerImpl (ServerState.java:<init>(103)) - 97dd4122-66d5-4b67-a8d6-e865d3881cda@group-05573D3E27FA: ConfigurationManager, init=-1: [97dd4122-66d5-4b67-a8d6-e865d3881cda:192.168.34.43:33540], old=null, confs=<EMPTY_MAP>
2019-10-16 07:54:24,202 [pool-47-thread-1] INFO  server.RaftServerConfigKeys (ConfUtils.java:logGet(43)) - raft.server.storage.dir = [/workdir/hadoop-ozone/integration-test/target/test-dir/MiniOzoneClusterImpl-128c9c24-18af-4532-8ce1-99e2b5785a6e/datanode-2/data/ratis] (custom)
2019-10-16 07:54:24,203 [pool-47-thread-1] INFO  server.RaftServerConfigKeys (ConfUtils.java:logGet(43)) - raft.server.log.corruption.policy = EXCEPTION (default)
2019-10-16 07:54:24,203 [pool-47-thread-1] INFO  storage.RaftStorageDirectory (RaftStorageDirectory.java:analyzeStorage(246)) - The storage directory /workdir/hadoop-ozone/integration-test/target/test-dir/MiniOzoneClusterImpl-128c9c24-18af-4532-8ce1-99e2b5785a6e/datanode-2/data/ratis/575aef43-fda3-490d-af54-05573d3e27fa does not exist. Creating ...
2019-10-16 07:54:24,228 [a230a5d9-45d5-4362-aec8-50e396249829@group-4F4F07A68A37-LeaderElection1] INFO  impl.RoleInfo (RoleInfo.java:updateAndGet(143)) - a230a5d9-45d5-4362-aec8-50e396249829: start LeaderState
2019-10-16 07:54:24,228 [c164cbdf-30cb-468b-a9b3-0098e19110da@group-1D967BEE917F-LeaderElection2] INFO  impl.RoleInfo (RoleInfo.java:updateAndGet(143)) - c164cbdf-30cb-468b-a9b3-0098e19110da: start LeaderState
2019-10-16 07:54:24,228 [pool-47-thread-1] INFO  storage.RaftStorageDirectory (RaftStorageDirectory.java:tryLock(328)) - Lock on /workdir/hadoop-ozone/integration-test/target/test-dir/MiniOzoneClusterImpl-128c9c24-18af-4532-8ce1-99e2b5785a6e/datanode-2/data/ratis/575aef43-fda3-490d-af54-05573d3e27fa/in_use.lock acquired by nodename 25531@pr-hdds-1737-dstl4-2900247166
2019-10-16 07:54:24,241 [pool-47-thread-1] INFO  storage.RaftStorage (RaftStorage.java:format(84)) - Storage directory /workdir/hadoop-ozone/integration-test/target/test-dir/MiniOzoneClusterImpl-128c9c24-18af-4532-8ce1-99e2b5785a6e/datanode-2/data/ratis/575aef43-fda3-490d-af54-05573d3e27fa has been successfully formatted.
2019-10-16 07:54:24,241 [pool-47-thread-1] INFO  ratis.ContainerStateMachine (ContainerStateMachine.java:loadSnapshot(231)) - group-05573D3E27FA: The snapshot info is null. Setting the last applied indexto:(t:0, i:~)
2019-10-16 07:54:24,242 [pool-47-thread-1] INFO  server.RaftServerConfigKeys (ConfUtils.java:logGet(43)) - raft.server.notification.no-leader.timeout = 120s (custom)
2019-10-16 07:54:24,242 [pool-47-thread-1] INFO  server.RaftServerConfigKeys (ConfUtils.java:logGet(43)) - raft.server.log.use.memory = false (default)
2019-10-16 07:54:24,242 [pool-47-thread-1] INFO  server.RaftServerConfigKeys (ConfUtils.java:logGet(43)) - raft.server.log.purge.gap = 1000000 (custom)
2019-10-16 07:54:24,242 [pool-47-thread-1] INFO  server.RaftServerConfigKeys (ConfUtils.java:logGet(43)) - raft.server.log.appender.buffer.byte-limit = 33554432 (custom)
2019-10-16 07:54:24,242 [pool-47-thread-1] INFO  server.RaftServerConfigKeys (ConfUtils.java:logGet(43)) - raft.server.log.segment.size.max = 1048576 (custom)
2019-10-16 07:54:24,247 [a230a5d9-45d5-4362-aec8-50e396249829@group-4F4F07A68A37-LeaderElection1] INFO  segmented.SegmentedRaftLogWorker (SegmentedRaftLogWorker.java:startLogSegment(385)) - a230a5d9-45d5-4362-aec8-50e396249829@group-4F4F07A68A37-SegmentedRaftLogWorker: Starting segment from index:0
2019-10-16 07:54:24,247 [c164cbdf-30cb-468b-a9b3-0098e19110da@group-1D967BEE917F-LeaderElection2] INFO  segmented.SegmentedRaftLogWorker (SegmentedRaftLogWorker.java:startLogSegment(385)) - c164cbdf-30cb-468b-a9b3-0098e19110da@group-1D967BEE917F-SegmentedRaftLogWorker: Starting segment from index:0
2019-10-16 07:54:24,247 [pool-47-thread-1] INFO  server.RaftServerConfigKeys (ConfUtils.java:logGet(43)) - raft.server.log.segment.cache.num.max = 2 (custom)
2019-10-16 07:54:24,248 [pool-47-thread-1] INFO  segmented.SegmentedRaftLogWorker (SegmentedRaftLogWorker.java:<init>(173)) - new 97dd4122-66d5-4b67-a8d6-e865d3881cda@group-05573D3E27FA-SegmentedRaftLogWorker for RaftStorage:Storage Directory /workdir/hadoop-ozone/integration-test/target/test-dir/MiniOzoneClusterImpl-128c9c24-18af-4532-8ce1-99e2b5785a6e/datanode-2/data/ratis/575aef43-fda3-490d-af54-05573d3e27fa
2019-10-16 07:54:24,248 [pool-47-thread-1] INFO  server.RaftServerConfigKeys (ConfUtils.java:logGet(43)) - raft.server.log.queue.byte-limit = 2147483647 (custom)
2019-10-16 07:54:24,248 [pool-47-thread-1] INFO  server.RaftServerConfigKeys (ConfUtils.java:logGet(43)) - raft.server.log.queue.element-limit = 1024 (custom)
2019-10-16 07:54:24,248 [pool-47-thread-1] INFO  server.RaftServerConfigKeys (ConfUtils.java:logGet(43)) - raft.server.log.segment.size.max = 1048576 (custom)
2019-10-16 07:54:24,248 [pool-47-thread-1] INFO  server.RaftServerConfigKeys (ConfUtils.java:logGet(43)) - raft.server.log.preallocated.size = 16384 (custom)
2019-10-16 07:54:24,249 [pool-47-thread-1] INFO  server.RaftServerConfigKeys (ConfUtils.java:logGet(43)) - raft.server.log.write.buffer.size = 33554432 (custom)
2019-10-16 07:54:24,249 [pool-47-thread-1] INFO  server.RaftServerConfigKeys (ConfUtils.java:logGet(43)) - raft.server.log.force.sync.num = 128 (default)
2019-10-16 07:54:24,249 [pool-47-thread-1] INFO  server.RaftServerConfigKeys (ConfUtils.java:logGet(43)) - raft.server.log.statemachine.data.sync = true (default)
2019-10-16 07:54:24,249 [pool-47-thread-1] INFO  server.RaftServerConfigKeys (ConfUtils.java:logGet(43)) - raft.server.log.statemachine.data.sync.timeout = 10s (default)
2019-10-16 07:54:24,249 [pool-47-thread-1] INFO  server.RaftServerConfigKeys (ConfUtils.java:logGet(43)) - raft.server.log.statemachine.data.sync.timeout.retry = -1 (default)
2019-10-16 07:54:24,250 [pool-47-thread-1] INFO  server.RaftServerConfigKeys (ConfUtils.java:logGet(43)) - raft.server.log.statemachine.data.caching.enabled = true (custom)
2019-10-16 07:54:24,250 [pool-47-thread-1] INFO  segmented.SegmentedRaftLogWorker (SegmentedRaftLogWorker.java:lambda$new$0(128)) - 97dd4122-66d5-4b67-a8d6-e865d3881cda@group-05573D3E27FA-SegmentedRaftLogWorker: flushIndex: setUnconditionally 0 -> -1
2019-10-16 07:54:24,251 [pool-47-thread-1] INFO  server.RaftServerConfigKeys (ConfUtils.java:logGet(43)) - raft.server.snapshot.auto.trigger.enabled = true (custom)
2019-10-16 07:54:24,251 [pool-47-thread-1] INFO  server.RaftServerConfigKeys (ConfUtils.java:logGet(43)) - raft.server.snapshot.auto.trigger.threshold = 10000 (custom)
2019-10-16 07:54:24,251 [pool-47-thread-1] INFO  server.RaftServerConfigKeys (ConfUtils.java:logGet(43)) - raft.server.snapshot.retention.file.num = 5 (custom)
2019-10-16 07:54:24,251 [pool-47-thread-1] INFO  server.RaftServerConfigKeys (ConfUtils.java:logGet(43)) - raft.server.retrycache.expirytime = 600000ms (custom)
2019-10-16 07:54:24,256 [a230a5d9-45d5-4362-aec8-50e396249829@group-4F4F07A68A37-LeaderElection1] INFO  impl.RaftServerImpl (ServerState.java:setRaftConf(357)) - a230a5d9-45d5-4362-aec8-50e396249829@group-4F4F07A68A37: set configuration 0: [a230a5d9-45d5-4362-aec8-50e396249829:192.168.34.43:43715], old=null at 0
2019-10-16 07:54:24,256 [c164cbdf-30cb-468b-a9b3-0098e19110da@group-1D967BEE917F-LeaderElection2] INFO  impl.RaftServerImpl (ServerState.java:setRaftConf(357)) - c164cbdf-30cb-468b-a9b3-0098e19110da@group-1D967BEE917F: set configuration 0: [c164cbdf-30cb-468b-a9b3-0098e19110da:192.168.34.43:34871], old=null at 0
2019-10-16 07:54:24,259 [pool-47-thread-1] INFO  impl.RaftServerImpl (RaftServerImpl.java:start(195)) - 97dd4122-66d5-4b67-a8d6-e865d3881cda@group-05573D3E27FA: start as a follower, conf=-1: [97dd4122-66d5-4b67-a8d6-e865d3881cda:192.168.34.43:33540], old=null
2019-10-16 07:54:24,259 [pool-47-thread-1] INFO  impl.RaftServerImpl (RaftServerImpl.java:setRole(184)) - 97dd4122-66d5-4b67-a8d6-e865d3881cda@group-05573D3E27FA: changes role from      null to FOLLOWER at term 0 for startAsFollower
2019-10-16 07:54:24,259 [pool-47-thread-1] INFO  impl.RoleInfo (RoleInfo.java:updateAndGet(143)) - 97dd4122-66d5-4b67-a8d6-e865d3881cda: start FollowerState
2019-10-16 07:54:24,260 [pool-47-thread-1] INFO  util.JmxRegister (JmxRegister.java:tryRegister(44)) - Successfully registered JMX Bean with object name Ratis:service=RaftServer,group=group-05573D3E27FA,id=97dd4122-66d5-4b67-a8d6-e865d3881cda
2019-10-16 07:54:24,266 [Thread-190] INFO  impl.FollowerState (FollowerState.java:run(108)) - 97dd4122-66d5-4b67-a8d6-e865d3881cda@group-05573D3E27FA-FollowerState: change to CANDIDATE, lastRpcTime:7ms, electionTimeout:7ms
2019-10-16 07:54:24,267 [Thread-190] INFO  impl.RoleInfo (RoleInfo.java:shutdownFollowerState(121)) - 97dd4122-66d5-4b67-a8d6-e865d3881cda: shutdown FollowerState
2019-10-16 07:54:24,267 [Thread-190] INFO  impl.RaftServerImpl (RaftServerImpl.java:setRole(184)) - 97dd4122-66d5-4b67-a8d6-e865d3881cda@group-05573D3E27FA: changes role from  FOLLOWER to CANDIDATE at term 0 for changeToCandidate
2019-10-16 07:54:24,268 [Thread-190] INFO  impl.RoleInfo (RoleInfo.java:updateAndGet(143)) - 97dd4122-66d5-4b67-a8d6-e865d3881cda: start LeaderElection
2019-10-16 07:54:24,272 [RatisPipelineUtilsThread] INFO  pipeline.PipelineStateManager (PipelineStateManager.java:addPipeline(56)) - Created pipeline Pipeline[ Id: 575aef43-fda3-490d-af54-05573d3e27fa, Nodes: 97dd4122-66d5-4b67-a8d6-e865d3881cda{ip: 192.168.34.43, host: pr-hdds-1737-dstl4-2900247166, networkLocation: /default-rack, certSerialId: null}, Type:RATIS, Factor:ONE, State:OPEN]
2019-10-16 07:54:24,284 [97dd4122-66d5-4b67-a8d6-e865d3881cda@group-05573D3E27FA-LeaderElection3] INFO  impl.LeaderElection (LeaderElection.java:askForVotes(178)) - 97dd4122-66d5-4b67-a8d6-e865d3881cda@group-05573D3E27FA-LeaderElection3: begin an election at term 1 for -1: [97dd4122-66d5-4b67-a8d6-e865d3881cda:192.168.34.43:33540], old=null
2019-10-16 07:54:24,286 [97dd4122-66d5-4b67-a8d6-e865d3881cda@group-05573D3E27FA-LeaderElection3] INFO  impl.RoleInfo (RoleInfo.java:shutdownLeaderElection(134)) - 97dd4122-66d5-4b67-a8d6-e865d3881cda: shutdown LeaderElection
2019-10-16 07:54:24,286 [97dd4122-66d5-4b67-a8d6-e865d3881cda@group-05573D3E27FA-LeaderElection3] INFO  impl.RaftServerImpl (RaftServerImpl.java:setRole(184)) - 97dd4122-66d5-4b67-a8d6-e865d3881cda@group-05573D3E27FA: changes role from CANDIDATE to LEADER at term 1 for changeToLeader
2019-10-16 07:54:24,286 [97dd4122-66d5-4b67-a8d6-e865d3881cda@group-05573D3E27FA-LeaderElection3] INFO  impl.RaftServerImpl (ServerState.java:setLeader(256)) - 97dd4122-66d5-4b67-a8d6-e865d3881cda@group-05573D3E27FA: change Leader from null to 97dd4122-66d5-4b67-a8d6-e865d3881cda at term 1 for becomeLeader, leader elected after 44ms
2019-10-16 07:54:24,287 [97dd4122-66d5-4b67-a8d6-e865d3881cda@group-05573D3E27FA-LeaderElection3] INFO  server.RaftServerConfigKeys (ConfUtils.java:logGet(43)) - raft.server.staging.catchup.gap = 1000 (default)
2019-10-16 07:54:24,288 [97dd4122-66d5-4b67-a8d6-e865d3881cda@group-05573D3E27FA-LeaderElection3] INFO  server.RaftServerConfigKeys (ConfUtils.java:logGet(43)) - raft.server.rpc.sleep.time = 25ms (default)
2019-10-16 07:54:24,288 [97dd4122-66d5-4b67-a8d6-e865d3881cda@group-05573D3E27FA-LeaderElection3] INFO  server.RaftServerConfigKeys (ConfUtils.java:logGet(43)) - raft.server.write.element-limit = 4096 (default)
2019-10-16 07:54:24,288 [97dd4122-66d5-4b67-a8d6-e865d3881cda@group-05573D3E27FA-LeaderElection3] INFO  server.RaftServerConfigKeys (ConfUtils.java:logGet(43)) - raft.server.watch.timeout = 10s (default)
2019-10-16 07:54:24,289 [97dd4122-66d5-4b67-a8d6-e865d3881cda@group-05573D3E27FA-LeaderElection3] INFO  server.RaftServerConfigKeys (ConfUtils.java:logGet(43)) - raft.server.watch.timeout.denomination = 1s (default)
2019-10-16 07:54:24,289 [97dd4122-66d5-4b67-a8d6-e865d3881cda@group-05573D3E27FA-LeaderElection3] INFO  server.RaftServerConfigKeys (ConfUtils.java:logGet(43)) - raft.server.watch.element-limit = 65536 (default)
2019-10-16 07:54:24,292 [97dd4122-66d5-4b67-a8d6-e865d3881cda@group-05573D3E27FA-LeaderElection3] INFO  impl.RoleInfo (RoleInfo.java:updateAndGet(143)) - 97dd4122-66d5-4b67-a8d6-e865d3881cda: start LeaderState
2019-10-16 07:54:24,295 [97dd4122-66d5-4b67-a8d6-e865d3881cda@group-05573D3E27FA-LeaderElection3] INFO  segmented.SegmentedRaftLogWorker (SegmentedRaftLogWorker.java:startLogSegment(385)) - 97dd4122-66d5-4b67-a8d6-e865d3881cda@group-05573D3E27FA-SegmentedRaftLogWorker: Starting segment from index:0
2019-10-16 07:54:24,296 [97dd4122-66d5-4b67-a8d6-e865d3881cda@group-05573D3E27FA-LeaderElection3] INFO  impl.RaftServerImpl (ServerState.java:setRaftConf(357)) - 97dd4122-66d5-4b67-a8d6-e865d3881cda@group-05573D3E27FA: set configuration 0: [97dd4122-66d5-4b67-a8d6-e865d3881cda:192.168.34.43:33540], old=null at 0
2019-10-16 07:54:24,300 [grpc-default-executor-2] INFO  impl.RaftServerProxy (RaftServerProxy.java:addNew(89)) - a230a5d9-45d5-4362-aec8-50e396249829: addNew group-BBCBE9D9BA25:[a230a5d9-45d5-4362-aec8-50e396249829:192.168.34.43:43715, 97dd4122-66d5-4b67-a8d6-e865d3881cda:192.168.34.43:33540, c164cbdf-30cb-468b-a9b3-0098e19110da:192.168.34.43:34871] returns group-BBCBE9D9BA25:java.util.concurrent.CompletableFuture@2af1ac89[Not completed]
2019-10-16 07:54:24,302 [grpc-default-executor-2] INFO  impl.RaftServerProxy (RaftServerProxy.java:addNew(89)) - c164cbdf-30cb-468b-a9b3-0098e19110da: addNew group-BBCBE9D9BA25:[a230a5d9-45d5-4362-aec8-50e396249829:192.168.34.43:43715, 97dd4122-66d5-4b67-a8d6-e865d3881cda:192.168.34.43:33540, c164cbdf-30cb-468b-a9b3-0098e19110da:192.168.34.43:34871] returns group-BBCBE9D9BA25:java.util.concurrent.CompletableFuture@6ff337b3[Not completed]
2019-10-16 07:54:24,302 [grpc-default-executor-1] INFO  impl.RaftServerProxy (RaftServerProxy.java:addNew(89)) - 97dd4122-66d5-4b67-a8d6-e865d3881cda: addNew group-BBCBE9D9BA25:[a230a5d9-45d5-4362-aec8-50e396249829:192.168.34.43:43715, 97dd4122-66d5-4b67-a8d6-e865d3881cda:192.168.34.43:33540, c164cbdf-30cb-468b-a9b3-0098e19110da:192.168.34.43:34871] returns group-BBCBE9D9BA25:java.util.concurrent.CompletableFuture@7bb21317[Not completed]
2019-10-16 07:54:24,303 [pool-27-thread-1] INFO  impl.RaftServerImpl (RaftServerImpl.java:<init>(104)) - a230a5d9-45d5-4362-aec8-50e396249829: new RaftServerImpl for group-BBCBE9D9BA25:[a230a5d9-45d5-4362-aec8-50e396249829:192.168.34.43:43715, 97dd4122-66d5-4b67-a8d6-e865d3881cda:192.168.34.43:33540, c164cbdf-30cb-468b-a9b3-0098e19110da:192.168.34.43:34871] with ContainerStateMachine:uninitialized
2019-10-16 07:54:24,303 [pool-27-thread-1] INFO  server.RaftServerConfigKeys (ConfUtils.java:logGet(43)) - raft.server.rpc.timeout.min = 5s (custom)
2019-10-16 07:54:24,304 [pool-27-thread-1] INFO  server.RaftServerConfigKeys (ConfUtils.java:logGet(43)) - raft.server.rpc.timeout.max = 5200ms (custom)
2019-10-16 07:54:24,304 [pool-27-thread-1] INFO  server.RaftServerConfigKeys (ConfUtils.java:logGet(43)) - raft.server.rpcslowness.timeout = 120s (custom)
2019-10-16 07:54:24,304 [pool-47-thread-1] INFO  impl.RaftServerImpl (RaftServerImpl.java:<init>(104)) - 97dd4122-66d5-4b67-a8d6-e865d3881cda: new RaftServerImpl for group-BBCBE9D9BA25:[a230a5d9-45d5-4362-aec8-50e396249829:192.168.34.43:43715, 97dd4122-66d5-4b67-a8d6-e865d3881cda:192.168.34.43:33540, c164cbdf-30cb-468b-a9b3-0098e19110da:192.168.34.43:34871] with ContainerStateMachine:uninitialized
2019-10-16 07:54:24,304 [pool-27-thread-1] INFO  server.RaftServerConfigKeys (ConfUtils.java:logGet(43)) - raft.server.sleep.deviation.threshold = 300 (default)
2019-10-16 07:54:24,304 [pool-47-thread-1] INFO  server.RaftServerConfigKeys (ConfUtils.java:logGet(43)) - raft.server.rpc.timeout.min = 5s (custom)
2019-10-16 07:54:24,304 [pool-27-thread-1] INFO  server.RaftServerConfigKeys (ConfUtils.java:logGet(43)) - raft.server.log.appender.install.snapshot.enabled = false (custom)
2019-10-16 07:54:24,304 [pool-47-thread-1] INFO  server.RaftServerConfigKeys (ConfUtils.java:logGet(43)) - raft.server.rpc.timeout.max = 5200ms (custom)
2019-10-16 07:54:24,305 [pool-27-thread-1] INFO  impl.RaftServerImpl (ServerState.java:<init>(103)) - a230a5d9-45d5-4362-aec8-50e396249829@group-BBCBE9D9BA25: ConfigurationManager, init=-1: [a230a5d9-45d5-4362-aec8-50e396249829:192.168.34.43:43715, 97dd4122-66d5-4b67-a8d6-e865d3881cda:192.168.34.43:33540, c164cbdf-30cb-468b-a9b3-0098e19110da:192.168.34.43:34871], old=null, confs=<EMPTY_MAP>
2019-10-16 07:54:24,305 [pool-37-thread-1] INFO  impl.RaftServerImpl (RaftServerImpl.java:<init>(104)) - c164cbdf-30cb-468b-a9b3-0098e19110da: new RaftServerImpl for group-BBCBE9D9BA25:[a230a5d9-45d5-4362-aec8-50e396249829:192.168.34.43:43715, 97dd4122-66d5-4b67-a8d6-e865d3881cda:192.168.34.43:33540, c164cbdf-30cb-468b-a9b3-0098e19110da:192.168.34.43:34871] with ContainerStateMachine:uninitialized
2019-10-16 07:54:24,305 [pool-47-thread-1] INFO  server.RaftServerConfigKeys (ConfUtils.java:logGet(43)) - raft.server.rpcslowness.timeout = 120s (custom)
2019-10-16 07:54:24,305 [pool-37-thread-1] INFO  server.RaftServerConfigKeys (ConfUtils.java:logGet(43)) - raft.server.rpc.timeout.min = 5s (custom)
2019-10-16 07:54:24,305 [pool-47-thread-1] INFO  server.RaftServerConfigKeys (ConfUtils.java:logGet(43)) - raft.server.sleep.deviation.threshold = 300 (default)
2019-10-16 07:54:24,305 [pool-27-thread-1] INFO  server.RaftServerConfigKeys (ConfUtils.java:logGet(43)) - raft.server.storage.dir = [/workdir/hadoop-ozone/integration-test/target/test-dir/MiniOzoneClusterImpl-128c9c24-18af-4532-8ce1-99e2b5785a6e/datanode-0/data/ratis] (custom)
2019-10-16 07:54:24,305 [pool-47-thread-1] INFO  server.RaftServerConfigKeys (ConfUtils.java:logGet(43)) - raft.server.log.appender.install.snapshot.enabled = false (custom)
2019-10-16 07:54:24,305 [pool-37-thread-1] INFO  server.RaftServerConfigKeys (ConfUtils.java:logGet(43)) - raft.server.rpc.timeout.max = 5200ms (custom)
2019-10-16 07:54:24,306 [pool-47-thread-1] INFO  impl.RaftServerImpl (ServerState.java:<init>(103)) - 97dd4122-66d5-4b67-a8d6-e865d3881cda@group-BBCBE9D9BA25: ConfigurationManager, init=-1: [a230a5d9-45d5-4362-aec8-50e396249829:192.168.34.43:43715, 97dd4122-66d5-4b67-a8d6-e865d3881cda:192.168.34.43:33540, c164cbdf-30cb-468b-a9b3-0098e19110da:192.168.34.43:34871], old=null, confs=<EMPTY_MAP>
2019-10-16 07:54:24,306 [pool-37-thread-1] INFO  server.RaftServerConfigKeys (ConfUtils.java:logGet(43)) - raft.server.rpcslowness.timeout = 120s (custom)
2019-10-16 07:54:24,306 [pool-27-thread-1] INFO  server.RaftServerConfigKeys (ConfUtils.java:logGet(43)) - raft.server.log.corruption.policy = EXCEPTION (default)
2019-10-16 07:54:24,306 [pool-37-thread-1] INFO  server.RaftServerConfigKeys (ConfUtils.java:logGet(43)) - raft.server.sleep.deviation.threshold = 300 (default)
2019-10-16 07:54:24,306 [pool-47-thread-1] INFO  server.RaftServerConfigKeys (ConfUtils.java:logGet(43)) - raft.server.storage.dir = [/workdir/hadoop-ozone/integration-test/target/test-dir/MiniOzoneClusterImpl-128c9c24-18af-4532-8ce1-99e2b5785a6e/datanode-2/data/ratis] (custom)
2019-10-16 07:54:24,306 [pool-27-thread-1] INFO  storage.RaftStorageDirectory (RaftStorageDirectory.java:analyzeStorage(246)) - The storage directory /workdir/hadoop-ozone/integration-test/target/test-dir/MiniOzoneClusterImpl-128c9c24-18af-4532-8ce1-99e2b5785a6e/datanode-0/data/ratis/7630af73-7caa-4c28-b670-bbcbe9d9ba25 does not exist. Creating ...
2019-10-16 07:54:24,306 [pool-37-thread-1] INFO  server.RaftServerConfigKeys (ConfUtils.java:logGet(43)) - raft.server.log.appender.install.snapshot.enabled = false (custom)
2019-10-16 07:54:24,306 [pool-47-thread-1] INFO  server.RaftServerConfigKeys (ConfUtils.java:logGet(43)) - raft.server.log.corruption.policy = EXCEPTION (default)
2019-10-16 07:54:24,306 [pool-37-thread-1] INFO  impl.RaftServerImpl (ServerState.java:<init>(103)) - c164cbdf-30cb-468b-a9b3-0098e19110da@group-BBCBE9D9BA25: ConfigurationManager, init=-1: [a230a5d9-45d5-4362-aec8-50e396249829:192.168.34.43:43715, 97dd4122-66d5-4b67-a8d6-e865d3881cda:192.168.34.43:33540, c164cbdf-30cb-468b-a9b3-0098e19110da:192.168.34.43:34871], old=null, confs=<EMPTY_MAP>
2019-10-16 07:54:24,307 [pool-47-thread-1] INFO  storage.RaftStorageDirectory (RaftStorageDirectory.java:analyzeStorage(246)) - The storage directory /workdir/hadoop-ozone/integration-test/target/test-dir/MiniOzoneClusterImpl-128c9c24-18af-4532-8ce1-99e2b5785a6e/datanode-2/data/ratis/7630af73-7caa-4c28-b670-bbcbe9d9ba25 does not exist. Creating ...
2019-10-16 07:54:24,307 [pool-37-thread-1] INFO  server.RaftServerConfigKeys (ConfUtils.java:logGet(43)) - raft.server.storage.dir = [/workdir/hadoop-ozone/integration-test/target/test-dir/MiniOzoneClusterImpl-128c9c24-18af-4532-8ce1-99e2b5785a6e/datanode-1/data/ratis] (custom)
2019-10-16 07:54:24,307 [pool-37-thread-1] INFO  server.RaftServerConfigKeys (ConfUtils.java:logGet(43)) - raft.server.log.corruption.policy = EXCEPTION (default)
2019-10-16 07:54:24,307 [pool-37-thread-1] INFO  storage.RaftStorageDirectory (RaftStorageDirectory.java:analyzeStorage(246)) - The storage directory /workdir/hadoop-ozone/integration-test/target/test-dir/MiniOzoneClusterImpl-128c9c24-18af-4532-8ce1-99e2b5785a6e/datanode-1/data/ratis/7630af73-7caa-4c28-b670-bbcbe9d9ba25 does not exist. Creating ...
2019-10-16 07:54:24,331 [pool-37-thread-1] INFO  storage.RaftStorageDirectory (RaftStorageDirectory.java:tryLock(328)) - Lock on /workdir/hadoop-ozone/integration-test/target/test-dir/MiniOzoneClusterImpl-128c9c24-18af-4532-8ce1-99e2b5785a6e/datanode-1/data/ratis/7630af73-7caa-4c28-b670-bbcbe9d9ba25/in_use.lock acquired by nodename 25531@pr-hdds-1737-dstl4-2900247166
2019-10-16 07:54:24,331 [pool-27-thread-1] INFO  storage.RaftStorageDirectory (RaftStorageDirectory.java:tryLock(328)) - Lock on /workdir/hadoop-ozone/integration-test/target/test-dir/MiniOzoneClusterImpl-128c9c24-18af-4532-8ce1-99e2b5785a6e/datanode-0/data/ratis/7630af73-7caa-4c28-b670-bbcbe9d9ba25/in_use.lock acquired by nodename 25531@pr-hdds-1737-dstl4-2900247166
2019-10-16 07:54:24,331 [pool-47-thread-1] INFO  storage.RaftStorageDirectory (RaftStorageDirectory.java:tryLock(328)) - Lock on /workdir/hadoop-ozone/integration-test/target/test-dir/MiniOzoneClusterImpl-128c9c24-18af-4532-8ce1-99e2b5785a6e/datanode-2/data/ratis/7630af73-7caa-4c28-b670-bbcbe9d9ba25/in_use.lock acquired by nodename 25531@pr-hdds-1737-dstl4-2900247166
2019-10-16 07:54:24,354 [pool-27-thread-1] INFO  storage.RaftStorage (RaftStorage.java:format(84)) - Storage directory /workdir/hadoop-ozone/integration-test/target/test-dir/MiniOzoneClusterImpl-128c9c24-18af-4532-8ce1-99e2b5785a6e/datanode-0/data/ratis/7630af73-7caa-4c28-b670-bbcbe9d9ba25 has been successfully formatted.
2019-10-16 07:54:24,354 [pool-37-thread-1] INFO  storage.RaftStorage (RaftStorage.java:format(84)) - Storage directory /workdir/hadoop-ozone/integration-test/target/test-dir/MiniOzoneClusterImpl-128c9c24-18af-4532-8ce1-99e2b5785a6e/datanode-1/data/ratis/7630af73-7caa-4c28-b670-bbcbe9d9ba25 has been successfully formatted.
2019-10-16 07:54:24,354 [pool-47-thread-1] INFO  storage.RaftStorage (RaftStorage.java:format(84)) - Storage directory /workdir/hadoop-ozone/integration-test/target/test-dir/MiniOzoneClusterImpl-128c9c24-18af-4532-8ce1-99e2b5785a6e/datanode-2/data/ratis/7630af73-7caa-4c28-b670-bbcbe9d9ba25 has been successfully formatted.
2019-10-16 07:54:24,355 [pool-27-thread-1] INFO  ratis.ContainerStateMachine (ContainerStateMachine.java:loadSnapshot(231)) - group-BBCBE9D9BA25: The snapshot info is null. Setting the last applied indexto:(t:0, i:~)
2019-10-16 07:54:24,355 [pool-37-thread-1] INFO  ratis.ContainerStateMachine (ContainerStateMachine.java:loadSnapshot(231)) - group-BBCBE9D9BA25: The snapshot info is null. Setting the last applied indexto:(t:0, i:~)
2019-10-16 07:54:24,355 [pool-27-thread-1] INFO  server.RaftServerConfigKeys (ConfUtils.java:logGet(43)) - raft.server.notification.no-leader.timeout = 120s (custom)
2019-10-16 07:54:24,355 [pool-47-thread-1] INFO  ratis.ContainerStateMachine (ContainerStateMachine.java:loadSnapshot(231)) - group-BBCBE9D9BA25: The snapshot info is null. Setting the last applied indexto:(t:0, i:~)
2019-10-16 07:54:24,355 [pool-27-thread-1] INFO  server.RaftServerConfigKeys (ConfUtils.java:logGet(43)) - raft.server.log.use.memory = false (default)
2019-10-16 07:54:24,355 [pool-37-thread-1] INFO  server.RaftServerConfigKeys (ConfUtils.java:logGet(43)) - raft.server.notification.no-leader.timeout = 120s (custom)
2019-10-16 07:54:24,355 [pool-27-thread-1] INFO  server.RaftServerConfigKeys (ConfUtils.java:logGet(43)) - raft.server.log.purge.gap = 1000000 (custom)
2019-10-16 07:54:24,355 [pool-47-thread-1] INFO  server.RaftServerConfigKeys (ConfUtils.java:logGet(43)) - raft.server.notification.no-leader.timeout = 120s (custom)
2019-10-16 07:54:24,355 [pool-27-thread-1] INFO  server.RaftServerConfigKeys (ConfUtils.java:logGet(43)) - raft.server.log.appender.buffer.byte-limit = 33554432 (custom)
2019-10-16 07:54:24,355 [pool-37-thread-1] INFO  server.RaftServerConfigKeys (ConfUtils.java:logGet(43)) - raft.server.log.use.memory = false (default)
2019-10-16 07:54:24,356 [pool-27-thread-1] INFO  server.RaftServerConfigKeys (ConfUtils.java:logGet(43)) - raft.server.log.segment.size.max = 1048576 (custom)
2019-10-16 07:54:24,355 [pool-47-thread-1] INFO  server.RaftServerConfigKeys (ConfUtils.java:logGet(43)) - raft.server.log.use.memory = false (default)
2019-10-16 07:54:24,356 [pool-27-thread-1] INFO  server.RaftServerConfigKeys (ConfUtils.java:logGet(43)) - raft.server.log.segment.cache.num.max = 2 (custom)
2019-10-16 07:54:24,356 [pool-37-thread-1] INFO  server.RaftServerConfigKeys (ConfUtils.java:logGet(43)) - raft.server.log.purge.gap = 1000000 (custom)
2019-10-16 07:54:24,356 [pool-27-thread-1] INFO  segmented.SegmentedRaftLogWorker (SegmentedRaftLogWorker.java:<init>(173)) - new a230a5d9-45d5-4362-aec8-50e396249829@group-BBCBE9D9BA25-SegmentedRaftLogWorker for RaftStorage:Storage Directory /workdir/hadoop-ozone/integration-test/target/test-dir/MiniOzoneClusterImpl-128c9c24-18af-4532-8ce1-99e2b5785a6e/datanode-0/data/ratis/7630af73-7caa-4c28-b670-bbcbe9d9ba25
2019-10-16 07:54:24,356 [pool-47-thread-1] INFO  server.RaftServerConfigKeys (ConfUtils.java:logGet(43)) - raft.server.log.purge.gap = 1000000 (custom)
2019-10-16 07:54:24,356 [pool-27-thread-1] INFO  server.RaftServerConfigKeys (ConfUtils.java:logGet(43)) - raft.server.log.queue.byte-limit = 2147483647 (custom)
2019-10-16 07:54:24,356 [pool-37-thread-1] INFO  server.RaftServerConfigKeys (ConfUtils.java:logGet(43)) - raft.server.log.appender.buffer.byte-limit = 33554432 (custom)
2019-10-16 07:54:24,356 [pool-27-thread-1] INFO  server.RaftServerConfigKeys (ConfUtils.java:logGet(43)) - raft.server.log.queue.element-limit = 1024 (custom)
2019-10-16 07:54:24,356 [pool-47-thread-1] INFO  server.RaftServerConfigKeys (ConfUtils.java:logGet(43)) - raft.server.log.appender.buffer.byte-limit = 33554432 (custom)
2019-10-16 07:54:24,357 [pool-27-thread-1] INFO  server.RaftServerConfigKeys (ConfUtils.java:logGet(43)) - raft.server.log.segment.size.max = 1048576 (custom)
2019-10-16 07:54:24,357 [pool-37-thread-1] INFO  server.RaftServerConfigKeys (ConfUtils.java:logGet(43)) - raft.server.log.segment.size.max = 1048576 (custom)
2019-10-16 07:54:24,357 [pool-27-thread-1] INFO  server.RaftServerConfigKeys (ConfUtils.java:logGet(43)) - raft.server.log.preallocated.size = 16384 (custom)
2019-10-16 07:54:24,357 [pool-47-thread-1] INFO  server.RaftServerConfigKeys (ConfUtils.java:logGet(43)) - raft.server.log.segment.size.max = 1048576 (custom)
2019-10-16 07:54:24,357 [pool-27-thread-1] INFO  server.RaftServerConfigKeys (ConfUtils.java:logGet(43)) - raft.server.log.write.buffer.size = 33554432 (custom)
2019-10-16 07:54:24,357 [pool-37-thread-1] INFO  server.RaftServerConfigKeys (ConfUtils.java:logGet(43)) - raft.server.log.segment.cache.num.max = 2 (custom)
2019-10-16 07:54:24,357 [pool-27-thread-1] INFO  server.RaftServerConfigKeys (ConfUtils.java:logGet(43)) - raft.server.log.force.sync.num = 128 (default)
2019-10-16 07:54:24,357 [pool-47-thread-1] INFO  server.RaftServerConfigKeys (ConfUtils.java:logGet(43)) - raft.server.log.segment.cache.num.max = 2 (custom)
2019-10-16 07:54:24,358 [pool-27-thread-1] INFO  server.RaftServerConfigKeys (ConfUtils.java:logGet(43)) - raft.server.log.statemachine.data.sync = true (default)
2019-10-16 07:54:24,357 [pool-37-thread-1] INFO  segmented.SegmentedRaftLogWorker (SegmentedRaftLogWorker.java:<init>(173)) - new c164cbdf-30cb-468b-a9b3-0098e19110da@group-BBCBE9D9BA25-SegmentedRaftLogWorker for RaftStorage:Storage Directory /workdir/hadoop-ozone/integration-test/target/test-dir/MiniOzoneClusterImpl-128c9c24-18af-4532-8ce1-99e2b5785a6e/datanode-1/data/ratis/7630af73-7caa-4c28-b670-bbcbe9d9ba25
2019-10-16 07:54:24,358 [pool-27-thread-1] INFO  server.RaftServerConfigKeys (ConfUtils.java:logGet(43)) - raft.server.log.statemachine.data.sync.timeout = 10s (default)
2019-10-16 07:54:24,358 [pool-47-thread-1] INFO  segmented.SegmentedRaftLogWorker (SegmentedRaftLogWorker.java:<init>(173)) - new 97dd4122-66d5-4b67-a8d6-e865d3881cda@group-BBCBE9D9BA25-SegmentedRaftLogWorker for RaftStorage:Storage Directory /workdir/hadoop-ozone/integration-test/target/test-dir/MiniOzoneClusterImpl-128c9c24-18af-4532-8ce1-99e2b5785a6e/datanode-2/data/ratis/7630af73-7caa-4c28-b670-bbcbe9d9ba25
2019-10-16 07:54:24,358 [pool-27-thread-1] INFO  server.RaftServerConfigKeys (ConfUtils.java:logGet(43)) - raft.server.log.statemachine.data.sync.timeout.retry = -1 (default)
2019-10-16 07:54:24,358 [pool-37-thread-1] INFO  server.RaftServerConfigKeys (ConfUtils.java:logGet(43)) - raft.server.log.queue.byte-limit = 2147483647 (custom)
2019-10-16 07:54:24,358 [pool-47-thread-1] INFO  server.RaftServerConfigKeys (ConfUtils.java:logGet(43)) - raft.server.log.queue.byte-limit = 2147483647 (custom)
2019-10-16 07:54:24,358 [pool-27-thread-1] INFO  server.RaftServerConfigKeys (ConfUtils.java:logGet(43)) - raft.server.log.statemachine.data.caching.enabled = true (custom)
2019-10-16 07:54:24,358 [pool-37-thread-1] INFO  server.RaftServerConfigKeys (ConfUtils.java:logGet(43)) - raft.server.log.queue.element-limit = 1024 (custom)
2019-10-16 07:54:24,358 [pool-47-thread-1] INFO  server.RaftServerConfigKeys (ConfUtils.java:logGet(43)) - raft.server.log.queue.element-limit = 1024 (custom)
2019-10-16 07:54:24,359 [pool-27-thread-1] INFO  segmented.SegmentedRaftLogWorker (SegmentedRaftLogWorker.java:lambda$new$0(128)) - a230a5d9-45d5-4362-aec8-50e396249829@group-BBCBE9D9BA25-SegmentedRaftLogWorker: flushIndex: setUnconditionally 0 -> -1
2019-10-16 07:54:24,359 [pool-37-thread-1] INFO  server.RaftServerConfigKeys (ConfUtils.java:logGet(43)) - raft.server.log.segment.size.max = 1048576 (custom)
2019-10-16 07:54:24,360 [pool-47-thread-1] INFO  server.RaftServerConfigKeys (ConfUtils.java:logGet(43)) - raft.server.log.segment.size.max = 1048576 (custom)
2019-10-16 07:54:24,360 [pool-27-thread-1] INFO  server.RaftServerConfigKeys (ConfUtils.java:logGet(43)) - raft.server.snapshot.auto.trigger.enabled = true (custom)
2019-10-16 07:54:24,360 [pool-37-thread-1] INFO  server.RaftServerConfigKeys (ConfUtils.java:logGet(43)) - raft.server.log.preallocated.size = 16384 (custom)
2019-10-16 07:54:24,360 [pool-27-thread-1] INFO  server.RaftServerConfigKeys (ConfUtils.java:logGet(43)) - raft.server.snapshot.auto.trigger.threshold = 10000 (custom)
2019-10-16 07:54:24,360 [pool-47-thread-1] INFO  server.RaftServerConfigKeys (ConfUtils.java:logGet(43)) - raft.server.log.preallocated.size = 16384 (custom)
2019-10-16 07:54:24,360 [pool-27-thread-1] INFO  server.RaftServerConfigKeys (ConfUtils.java:logGet(43)) - raft.server.snapshot.retention.file.num = 5 (custom)
2019-10-16 07:54:24,360 [pool-37-thread-1] INFO  server.RaftServerConfigKeys (ConfUtils.java:logGet(43)) - raft.server.log.write.buffer.size = 33554432 (custom)
2019-10-16 07:54:24,360 [pool-47-thread-1] INFO  server.RaftServerConfigKeys (ConfUtils.java:logGet(43)) - raft.server.log.write.buffer.size = 33554432 (custom)
2019-10-16 07:54:24,360 [pool-37-thread-1] INFO  server.RaftServerConfigKeys (ConfUtils.java:logGet(43)) - raft.server.log.force.sync.num = 128 (default)
2019-10-16 07:54:24,360 [pool-27-thread-1] INFO  server.RaftServerConfigKeys (ConfUtils.java:logGet(43)) - raft.server.retrycache.expirytime = 600000ms (custom)
2019-10-16 07:54:24,361 [pool-37-thread-1] INFO  server.RaftServerConfigKeys (ConfUtils.java:logGet(43)) - raft.server.log.statemachine.data.sync = true (default)
2019-10-16 07:54:24,361 [pool-47-thread-1] INFO  server.RaftServerConfigKeys (ConfUtils.java:logGet(43)) - raft.server.log.force.sync.num = 128 (default)
2019-10-16 07:54:24,361 [pool-37-thread-1] INFO  server.RaftServerConfigKeys (ConfUtils.java:logGet(43)) - raft.server.log.statemachine.data.sync.timeout = 10s (default)
2019-10-16 07:54:24,361 [pool-47-thread-1] INFO  server.RaftServerConfigKeys (ConfUtils.java:logGet(43)) - raft.server.log.statemachine.data.sync = true (default)
2019-10-16 07:54:24,361 [pool-37-thread-1] INFO  server.RaftServerConfigKeys (ConfUtils.java:logGet(43)) - raft.server.log.statemachine.data.sync.timeout.retry = -1 (default)
2019-10-16 07:54:24,361 [pool-47-thread-1] INFO  server.RaftServerConfigKeys (ConfUtils.java:logGet(43)) - raft.server.log.statemachine.data.sync.timeout = 10s (default)
2019-10-16 07:54:24,362 [pool-47-thread-1] INFO  server.RaftServerConfigKeys (ConfUtils.java:logGet(43)) - raft.server.log.statemachine.data.sync.timeout.retry = -1 (default)
2019-10-16 07:54:24,362 [pool-37-thread-1] INFO  server.RaftServerConfigKeys (ConfUtils.java:logGet(43)) - raft.server.log.statemachine.data.caching.enabled = true (custom)
2019-10-16 07:54:24,362 [pool-47-thread-1] INFO  server.RaftServerConfigKeys (ConfUtils.java:logGet(43)) - raft.server.log.statemachine.data.caching.enabled = true (custom)
2019-10-16 07:54:24,362 [pool-37-thread-1] INFO  segmented.SegmentedRaftLogWorker (SegmentedRaftLogWorker.java:lambda$new$0(128)) - c164cbdf-30cb-468b-a9b3-0098e19110da@group-BBCBE9D9BA25-SegmentedRaftLogWorker: flushIndex: setUnconditionally 0 -> -1
2019-10-16 07:54:24,362 [pool-47-thread-1] INFO  segmented.SegmentedRaftLogWorker (SegmentedRaftLogWorker.java:lambda$new$0(128)) - 97dd4122-66d5-4b67-a8d6-e865d3881cda@group-BBCBE9D9BA25-SegmentedRaftLogWorker: flushIndex: setUnconditionally 0 -> -1
2019-10-16 07:54:24,362 [pool-37-thread-1] INFO  server.RaftServerConfigKeys (ConfUtils.java:logGet(43)) - raft.server.snapshot.auto.trigger.enabled = true (custom)
2019-10-16 07:54:24,363 [pool-37-thread-1] INFO  server.RaftServerConfigKeys (ConfUtils.java:logGet(43)) - raft.server.snapshot.auto.trigger.threshold = 10000 (custom)
2019-10-16 07:54:24,363 [pool-47-thread-1] INFO  server.RaftServerConfigKeys (ConfUtils.java:logGet(43)) - raft.server.snapshot.auto.trigger.enabled = true (custom)
2019-10-16 07:54:24,363 [pool-27-thread-1] INFO  impl.RaftServerImpl (RaftServerImpl.java:start(195)) - a230a5d9-45d5-4362-aec8-50e396249829@group-BBCBE9D9BA25: start as a follower, conf=-1: [a230a5d9-45d5-4362-aec8-50e396249829:192.168.34.43:43715, 97dd4122-66d5-4b67-a8d6-e865d3881cda:192.168.34.43:33540, c164cbdf-30cb-468b-a9b3-0098e19110da:192.168.34.43:34871], old=null
2019-10-16 07:54:24,363 [pool-37-thread-1] INFO  server.RaftServerConfigKeys (ConfUtils.java:logGet(43)) - raft.server.snapshot.retention.file.num = 5 (custom)
2019-10-16 07:54:24,363 [pool-27-thread-1] INFO  impl.RaftServerImpl (RaftServerImpl.java:setRole(184)) - a230a5d9-45d5-4362-aec8-50e396249829@group-BBCBE9D9BA25: changes role from      null to FOLLOWER at term 0 for startAsFollower
2019-10-16 07:54:24,363 [pool-47-thread-1] INFO  server.RaftServerConfigKeys (ConfUtils.java:logGet(43)) - raft.server.snapshot.auto.trigger.threshold = 10000 (custom)
2019-10-16 07:54:24,363 [pool-27-thread-1] INFO  impl.RoleInfo (RoleInfo.java:updateAndGet(143)) - a230a5d9-45d5-4362-aec8-50e396249829: start FollowerState
2019-10-16 07:54:24,363 [pool-37-thread-1] INFO  server.RaftServerConfigKeys (ConfUtils.java:logGet(43)) - raft.server.retrycache.expirytime = 600000ms (custom)
2019-10-16 07:54:24,363 [pool-47-thread-1] INFO  server.RaftServerConfigKeys (ConfUtils.java:logGet(43)) - raft.server.snapshot.retention.file.num = 5 (custom)
2019-10-16 07:54:24,364 [pool-27-thread-1] INFO  util.JmxRegister (JmxRegister.java:tryRegister(44)) - Successfully registered JMX Bean with object name Ratis:service=RaftServer,group=group-BBCBE9D9BA25,id=a230a5d9-45d5-4362-aec8-50e396249829
2019-10-16 07:54:24,364 [pool-47-thread-1] INFO  server.RaftServerConfigKeys (ConfUtils.java:logGet(43)) - raft.server.retrycache.expirytime = 600000ms (custom)
2019-10-16 07:54:24,368 [pool-37-thread-1] INFO  impl.RaftServerImpl (RaftServerImpl.java:start(195)) - c164cbdf-30cb-468b-a9b3-0098e19110da@group-BBCBE9D9BA25: start as a follower, conf=-1: [a230a5d9-45d5-4362-aec8-50e396249829:192.168.34.43:43715, 97dd4122-66d5-4b67-a8d6-e865d3881cda:192.168.34.43:33540, c164cbdf-30cb-468b-a9b3-0098e19110da:192.168.34.43:34871], old=null
2019-10-16 07:54:24,368 [pool-47-thread-1] INFO  impl.RaftServerImpl (RaftServerImpl.java:start(195)) - 97dd4122-66d5-4b67-a8d6-e865d3881cda@group-BBCBE9D9BA25: start as a follower, conf=-1: [a230a5d9-45d5-4362-aec8-50e396249829:192.168.34.43:43715, 97dd4122-66d5-4b67-a8d6-e865d3881cda:192.168.34.43:33540, c164cbdf-30cb-468b-a9b3-0098e19110da:192.168.34.43:34871], old=null
2019-10-16 07:54:24,369 [pool-37-thread-1] INFO  impl.RaftServerImpl (RaftServerImpl.java:setRole(184)) - c164cbdf-30cb-468b-a9b3-0098e19110da@group-BBCBE9D9BA25: changes role from      null to FOLLOWER at term 0 for startAsFollower
2019-10-16 07:54:24,369 [pool-47-thread-1] INFO  impl.RaftServerImpl (RaftServerImpl.java:setRole(184)) - 97dd4122-66d5-4b67-a8d6-e865d3881cda@group-BBCBE9D9BA25: changes role from      null to FOLLOWER at term 0 for startAsFollower
2019-10-16 07:54:24,369 [pool-37-thread-1] INFO  impl.RoleInfo (RoleInfo.java:updateAndGet(143)) - c164cbdf-30cb-468b-a9b3-0098e19110da: start FollowerState
2019-10-16 07:54:24,369 [pool-47-thread-1] INFO  impl.RoleInfo (RoleInfo.java:updateAndGet(143)) - 97dd4122-66d5-4b67-a8d6-e865d3881cda: start FollowerState
2019-10-16 07:54:24,369 [pool-37-thread-1] INFO  util.JmxRegister (JmxRegister.java:tryRegister(44)) - Successfully registered JMX Bean with object name Ratis:service=RaftServer,group=group-BBCBE9D9BA25,id=c164cbdf-30cb-468b-a9b3-0098e19110da
2019-10-16 07:54:24,369 [pool-47-thread-1] INFO  util.JmxRegister (JmxRegister.java:tryRegister(44)) - Successfully registered JMX Bean with object name Ratis:service=RaftServer,group=group-BBCBE9D9BA25,id=97dd4122-66d5-4b67-a8d6-e865d3881cda
2019-10-16 07:54:24,395 [RatisPipelineUtilsThread] INFO  pipeline.PipelineStateManager (PipelineStateManager.java:addPipeline(56)) - Created pipeline Pipeline[ Id: 7630af73-7caa-4c28-b670-bbcbe9d9ba25, Nodes: a230a5d9-45d5-4362-aec8-50e396249829{ip: 192.168.34.43, host: pr-hdds-1737-dstl4-2900247166, networkLocation: /default-rack, certSerialId: null}c164cbdf-30cb-468b-a9b3-0098e19110da{ip: 192.168.34.43, host: pr-hdds-1737-dstl4-2900247166, networkLocation: /default-rack, certSerialId: null}97dd4122-66d5-4b67-a8d6-e865d3881cda{ip: 192.168.34.43, host: pr-hdds-1737-dstl4-2900247166, networkLocation: /default-rack, certSerialId: null}, Type:RATIS, Factor:THREE, State:OPEN]
2019-10-16 07:54:24,409 [main] INFO  ozone.MiniOzoneClusterImpl (MiniOzoneClusterImpl.java:lambda$waitForClusterToBeReady$0(147)) - Cluster is ready. Got 3 of 3 DN Heartbeats.
2019-10-16 07:54:24,426 [Thread-198] INFO  impl.FollowerState (FollowerState.java:run(108)) - c164cbdf-30cb-468b-a9b3-0098e19110da@group-BBCBE9D9BA25-FollowerState: change to CANDIDATE, lastRpcTime:56ms, electionTimeout:56ms
2019-10-16 07:54:24,452 [Thread-199] INFO  impl.FollowerState (FollowerState.java:run(108)) - 97dd4122-66d5-4b67-a8d6-e865d3881cda@group-BBCBE9D9BA25-FollowerState: change to CANDIDATE, lastRpcTime:83ms, electionTimeout:76ms
2019-10-16 07:54:24,454 [Thread-198] INFO  impl.RoleInfo (RoleInfo.java:shutdownFollowerState(121)) - c164cbdf-30cb-468b-a9b3-0098e19110da: shutdown FollowerState
2019-10-16 07:54:24,454 [Thread-199] INFO  impl.RoleInfo (RoleInfo.java:shutdownFollowerState(121)) - 97dd4122-66d5-4b67-a8d6-e865d3881cda: shutdown FollowerState
2019-10-16 07:54:24,454 [Thread-198] INFO  impl.RaftServerImpl (RaftServerImpl.java:setRole(184)) - c164cbdf-30cb-468b-a9b3-0098e19110da@group-BBCBE9D9BA25: changes role from  FOLLOWER to CANDIDATE at term 0 for changeToCandidate
2019-10-16 07:54:24,454 [Thread-199] INFO  impl.RaftServerImpl (RaftServerImpl.java:setRole(184)) - 97dd4122-66d5-4b67-a8d6-e865d3881cda@group-BBCBE9D9BA25: changes role from  FOLLOWER to CANDIDATE at term 0 for changeToCandidate
2019-10-16 07:54:24,454 [Thread-198] INFO  impl.RoleInfo (RoleInfo.java:updateAndGet(143)) - c164cbdf-30cb-468b-a9b3-0098e19110da: start LeaderElection
2019-10-16 07:54:24,454 [Thread-199] INFO  impl.RoleInfo (RoleInfo.java:updateAndGet(143)) - 97dd4122-66d5-4b67-a8d6-e865d3881cda: start LeaderElection
2019-10-16 07:54:24,475 [c164cbdf-30cb-468b-a9b3-0098e19110da@group-1D967BEE917F-SegmentedRaftLogWorker] INFO  segmented.SegmentedRaftLogWorker (SegmentedRaftLogWorker.java:execute(576)) - c164cbdf-30cb-468b-a9b3-0098e19110da@group-1D967BEE917F-SegmentedRaftLogWorker: created new log segment /workdir/hadoop-ozone/integration-test/target/test-dir/MiniOzoneClusterImpl-128c9c24-18af-4532-8ce1-99e2b5785a6e/datanode-1/data/ratis/faa92e5a-0a6b-4ead-bf8d-1d967bee917f/current/log_inprogress_0
2019-10-16 07:54:24,475 [97dd4122-66d5-4b67-a8d6-e865d3881cda@group-05573D3E27FA-SegmentedRaftLogWorker] INFO  segmented.SegmentedRaftLogWorker (SegmentedRaftLogWorker.java:execute(576)) - 97dd4122-66d5-4b67-a8d6-e865d3881cda@group-05573D3E27FA-SegmentedRaftLogWorker: created new log segment /workdir/hadoop-ozone/integration-test/target/test-dir/MiniOzoneClusterImpl-128c9c24-18af-4532-8ce1-99e2b5785a6e/datanode-2/data/ratis/575aef43-fda3-490d-af54-05573d3e27fa/current/log_inprogress_0
2019-10-16 07:54:24,475 [97dd4122-66d5-4b67-a8d6-e865d3881cda@group-BBCBE9D9BA25-LeaderElection5] INFO  impl.LeaderElection (LeaderElection.java:askForVotes(178)) - 97dd4122-66d5-4b67-a8d6-e865d3881cda@group-BBCBE9D9BA25-LeaderElection5: begin an election at term 1 for -1: [a230a5d9-45d5-4362-aec8-50e396249829:192.168.34.43:43715, 97dd4122-66d5-4b67-a8d6-e865d3881cda:192.168.34.43:33540, c164cbdf-30cb-468b-a9b3-0098e19110da:192.168.34.43:34871], old=null
2019-10-16 07:54:24,475 [c164cbdf-30cb-468b-a9b3-0098e19110da@group-BBCBE9D9BA25-LeaderElection4] INFO  impl.LeaderElection (LeaderElection.java:askForVotes(178)) - c164cbdf-30cb-468b-a9b3-0098e19110da@group-BBCBE9D9BA25-LeaderElection4: begin an election at term 1 for -1: [a230a5d9-45d5-4362-aec8-50e396249829:192.168.34.43:43715, 97dd4122-66d5-4b67-a8d6-e865d3881cda:192.168.34.43:33540, c164cbdf-30cb-468b-a9b3-0098e19110da:192.168.34.43:34871], old=null
2019-10-16 07:54:24,475 [a230a5d9-45d5-4362-aec8-50e396249829@group-4F4F07A68A37-SegmentedRaftLogWorker] INFO  segmented.SegmentedRaftLogWorker (SegmentedRaftLogWorker.java:execute(576)) - a230a5d9-45d5-4362-aec8-50e396249829@group-4F4F07A68A37-SegmentedRaftLogWorker: created new log segment /workdir/hadoop-ozone/integration-test/target/test-dir/MiniOzoneClusterImpl-128c9c24-18af-4532-8ce1-99e2b5785a6e/datanode-0/data/ratis/1f8616c5-de96-4bb7-a105-4f4f07a68a37/current/log_inprogress_0
2019-10-16 07:54:24,506 [97dd4122-66d5-4b67-a8d6-e865d3881cda@group-BBCBE9D9BA25-LeaderElection5] INFO  impl.LeaderElection (LeaderElection.java:logAndReturn(56)) - 97dd4122-66d5-4b67-a8d6-e865d3881cda@group-BBCBE9D9BA25-LeaderElection5: Election TIMEOUT; received 0 response(s) [] and 0 exception(s); 97dd4122-66d5-4b67-a8d6-e865d3881cda@group-BBCBE9D9BA25:t1, leader=null, voted=97dd4122-66d5-4b67-a8d6-e865d3881cda, raftlog=97dd4122-66d5-4b67-a8d6-e865d3881cda@group-BBCBE9D9BA25-SegmentedRaftLog:OPENED:c-1,f-1,i0, conf=-1: [a230a5d9-45d5-4362-aec8-50e396249829:192.168.34.43:43715, 97dd4122-66d5-4b67-a8d6-e865d3881cda:192.168.34.43:33540, c164cbdf-30cb-468b-a9b3-0098e19110da:192.168.34.43:34871], old=null
2019-10-16 07:54:24,512 [grpc-default-executor-0] INFO  impl.RaftServerImpl (RaftServerImpl.java:setRole(184)) - a230a5d9-45d5-4362-aec8-50e396249829@group-BBCBE9D9BA25: changes role from  FOLLOWER to FOLLOWER at term 1 for recognizeCandidate:97dd4122-66d5-4b67-a8d6-e865d3881cda
2019-10-16 07:54:24,513 [grpc-default-executor-0] INFO  impl.RoleInfo (RoleInfo.java:shutdownFollowerState(121)) - a230a5d9-45d5-4362-aec8-50e396249829: shutdown FollowerState
2019-10-16 07:54:24,513 [grpc-default-executor-0] INFO  impl.RoleInfo (RoleInfo.java:updateAndGet(143)) - a230a5d9-45d5-4362-aec8-50e396249829: start FollowerState
2019-10-16 07:54:24,533 [97dd4122-66d5-4b67-a8d6-e865d3881cda@group-BBCBE9D9BA25-LeaderElection5] INFO  impl.LeaderElection (LeaderElection.java:askForVotes(178)) - 97dd4122-66d5-4b67-a8d6-e865d3881cda@group-BBCBE9D9BA25-LeaderElection5: begin an election at term 2 for -1: [a230a5d9-45d5-4362-aec8-50e396249829:192.168.34.43:43715, 97dd4122-66d5-4b67-a8d6-e865d3881cda:192.168.34.43:33540, c164cbdf-30cb-468b-a9b3-0098e19110da:192.168.34.43:34871], old=null
2019-10-16 07:54:24,542 [c164cbdf-30cb-468b-a9b3-0098e19110da@group-BBCBE9D9BA25-LeaderElection4] INFO  impl.LeaderElection (LeaderElection.java:logAndReturn(56)) - c164cbdf-30cb-468b-a9b3-0098e19110da@group-BBCBE9D9BA25-LeaderElection4: Election DISCOVERED_A_NEW_TERM; received 1 response(s) [c164cbdf-30cb-468b-a9b3-0098e19110da<-97dd4122-66d5-4b67-a8d6-e865d3881cda#0:FAIL-t2] and 0 exception(s); c164cbdf-30cb-468b-a9b3-0098e19110da@group-BBCBE9D9BA25:t1, leader=null, voted=c164cbdf-30cb-468b-a9b3-0098e19110da, raftlog=c164cbdf-30cb-468b-a9b3-0098e19110da@group-BBCBE9D9BA25-SegmentedRaftLog:OPENED:c-1,f-1,i0, conf=-1: [a230a5d9-45d5-4362-aec8-50e396249829:192.168.34.43:43715, 97dd4122-66d5-4b67-a8d6-e865d3881cda:192.168.34.43:33540, c164cbdf-30cb-468b-a9b3-0098e19110da:192.168.34.43:34871], old=null
2019-10-16 07:54:24,542 [c164cbdf-30cb-468b-a9b3-0098e19110da@group-BBCBE9D9BA25-LeaderElection4] INFO  impl.RaftServerImpl (RaftServerImpl.java:setRole(184)) - c164cbdf-30cb-468b-a9b3-0098e19110da@group-BBCBE9D9BA25: changes role from CANDIDATE to FOLLOWER at term 2 for DISCOVERED_A_NEW_TERM
2019-10-16 07:54:24,542 [c164cbdf-30cb-468b-a9b3-0098e19110da@group-BBCBE9D9BA25-LeaderElection4] INFO  impl.RoleInfo (RoleInfo.java:shutdownLeaderElection(134)) - c164cbdf-30cb-468b-a9b3-0098e19110da: shutdown LeaderElection
2019-10-16 07:54:24,544 [c164cbdf-30cb-468b-a9b3-0098e19110da@group-BBCBE9D9BA25-LeaderElection4] INFO  impl.RoleInfo (RoleInfo.java:updateAndGet(143)) - c164cbdf-30cb-468b-a9b3-0098e19110da: start FollowerState
2019-10-16 07:54:24,548 [grpc-default-executor-3] INFO  impl.RaftServerImpl (RaftServerImpl.java:setRole(184)) - a230a5d9-45d5-4362-aec8-50e396249829@group-BBCBE9D9BA25: changes role from  FOLLOWER to FOLLOWER at term 2 for recognizeCandidate:97dd4122-66d5-4b67-a8d6-e865d3881cda
2019-10-16 07:54:24,549 [grpc-default-executor-3] INFO  impl.RoleInfo (RoleInfo.java:shutdownFollowerState(121)) - a230a5d9-45d5-4362-aec8-50e396249829: shutdown FollowerState
2019-10-16 07:54:24,550 [grpc-default-executor-3] INFO  impl.RoleInfo (RoleInfo.java:updateAndGet(143)) - a230a5d9-45d5-4362-aec8-50e396249829: start FollowerState
2019-10-16 07:54:24,550 [Thread-209] INFO  impl.FollowerState (FollowerState.java:run(117)) - a230a5d9-45d5-4362-aec8-50e396249829@group-BBCBE9D9BA25-FollowerState was interrupted: java.lang.InterruptedException: sleep interrupted
2019-10-16 07:54:24,574 [grpc-default-executor-0] INFO  impl.RaftServerImpl (RaftServerImpl.java:setRole(184)) - c164cbdf-30cb-468b-a9b3-0098e19110da@group-BBCBE9D9BA25: changes role from  FOLLOWER to FOLLOWER at term 2 for recognizeCandidate:97dd4122-66d5-4b67-a8d6-e865d3881cda
2019-10-16 07:54:24,574 [grpc-default-executor-0] INFO  impl.RoleInfo (RoleInfo.java:shutdownFollowerState(121)) - c164cbdf-30cb-468b-a9b3-0098e19110da: shutdown FollowerState
2019-10-16 07:54:24,574 [Thread-212] INFO  impl.FollowerState (FollowerState.java:run(117)) - c164cbdf-30cb-468b-a9b3-0098e19110da@group-BBCBE9D9BA25-FollowerState was interrupted: java.lang.InterruptedException: sleep interrupted
2019-10-16 07:54:24,574 [grpc-default-executor-0] INFO  impl.RoleInfo (RoleInfo.java:updateAndGet(143)) - c164cbdf-30cb-468b-a9b3-0098e19110da: start FollowerState
2019-10-16 07:54:24,577 [97dd4122-66d5-4b67-a8d6-e865d3881cda@group-BBCBE9D9BA25-LeaderElection5] INFO  impl.LeaderElection (LeaderElection.java:logAndReturn(56)) - 97dd4122-66d5-4b67-a8d6-e865d3881cda@group-BBCBE9D9BA25-LeaderElection5: Election PASSED; received 1 response(s) [97dd4122-66d5-4b67-a8d6-e865d3881cda<-a230a5d9-45d5-4362-aec8-50e396249829#0:OK-t2] and 0 exception(s); 97dd4122-66d5-4b67-a8d6-e865d3881cda@group-BBCBE9D9BA25:t2, leader=null, voted=97dd4122-66d5-4b67-a8d6-e865d3881cda, raftlog=97dd4122-66d5-4b67-a8d6-e865d3881cda@group-BBCBE9D9BA25-SegmentedRaftLog:OPENED:c-1,f-1,i0, conf=-1: [a230a5d9-45d5-4362-aec8-50e396249829:192.168.34.43:43715, 97dd4122-66d5-4b67-a8d6-e865d3881cda:192.168.34.43:33540, c164cbdf-30cb-468b-a9b3-0098e19110da:192.168.34.43:34871], old=null
2019-10-16 07:54:24,578 [97dd4122-66d5-4b67-a8d6-e865d3881cda@group-BBCBE9D9BA25-LeaderElection5] INFO  impl.RoleInfo (RoleInfo.java:shutdownLeaderElection(134)) - 97dd4122-66d5-4b67-a8d6-e865d3881cda: shutdown LeaderElection
2019-10-16 07:54:24,579 [97dd4122-66d5-4b67-a8d6-e865d3881cda@group-BBCBE9D9BA25-LeaderElection5] INFO  impl.RaftServerImpl (RaftServerImpl.java:setRole(184)) - 97dd4122-66d5-4b67-a8d6-e865d3881cda@group-BBCBE9D9BA25: changes role from CANDIDATE to LEADER at term 2 for changeToLeader
2019-10-16 07:54:24,579 [97dd4122-66d5-4b67-a8d6-e865d3881cda@group-BBCBE9D9BA25-LeaderElection5] INFO  impl.RaftServerImpl (ServerState.java:setLeader(256)) - 97dd4122-66d5-4b67-a8d6-e865d3881cda@group-BBCBE9D9BA25: change Leader from null to 97dd4122-66d5-4b67-a8d6-e865d3881cda at term 2 for becomeLeader, leader elected after 223ms
2019-10-16 07:54:24,579 [97dd4122-66d5-4b67-a8d6-e865d3881cda@group-BBCBE9D9BA25-LeaderElection5] INFO  server.RaftServerConfigKeys (ConfUtils.java:logGet(43)) - raft.server.staging.catchup.gap = 1000 (default)
2019-10-16 07:54:24,579 [97dd4122-66d5-4b67-a8d6-e865d3881cda@group-BBCBE9D9BA25-LeaderElection5] INFO  server.RaftServerConfigKeys (ConfUtils.java:logGet(43)) - raft.server.rpc.sleep.time = 25ms (default)
2019-10-16 07:54:24,579 [97dd4122-66d5-4b67-a8d6-e865d3881cda@group-BBCBE9D9BA25-LeaderElection5] INFO  server.RaftServerConfigKeys (ConfUtils.java:logGet(43)) - raft.server.write.element-limit = 4096 (default)
2019-10-16 07:54:24,580 [97dd4122-66d5-4b67-a8d6-e865d3881cda@group-BBCBE9D9BA25-LeaderElection5] INFO  server.RaftServerConfigKeys (ConfUtils.java:logGet(43)) - raft.server.watch.timeout = 10s (default)
2019-10-16 07:54:24,580 [97dd4122-66d5-4b67-a8d6-e865d3881cda@group-BBCBE9D9BA25-LeaderElection5] INFO  server.RaftServerConfigKeys (ConfUtils.java:logGet(43)) - raft.server.watch.timeout.denomination = 1s (default)
2019-10-16 07:54:24,580 [97dd4122-66d5-4b67-a8d6-e865d3881cda@group-BBCBE9D9BA25-LeaderElection5] INFO  server.RaftServerConfigKeys (ConfUtils.java:logGet(43)) - raft.server.watch.element-limit = 65536 (default)
2019-10-16 07:54:24,587 [97dd4122-66d5-4b67-a8d6-e865d3881cda@group-BBCBE9D9BA25-LeaderElection5] INFO  server.RaftServerConfigKeys (ConfUtils.java:logGet(43)) - raft.server.log.appender.snapshot.chunk.size.max = 16MB (=16777216) (default)
2019-10-16 07:54:24,588 [97dd4122-66d5-4b67-a8d6-e865d3881cda@group-BBCBE9D9BA25-LeaderElection5] INFO  server.RaftServerConfigKeys (ConfUtils.java:logGet(43)) - raft.server.log.appender.buffer.byte-limit = 33554432 (custom)
2019-10-16 07:54:24,588 [97dd4122-66d5-4b67-a8d6-e865d3881cda@group-BBCBE9D9BA25-LeaderElection5] INFO  server.RaftServerConfigKeys (ConfUtils.java:logGet(43)) - raft.server.log.appender.buffer.element-limit = 1 (custom)
2019-10-16 07:54:24,593 [97dd4122-66d5-4b67-a8d6-e865d3881cda@group-BBCBE9D9BA25-LeaderElection5] INFO  grpc.GrpcConfigKeys$Server (ConfUtils.java:logGet(43)) - raft.grpc.server.leader.outstanding.appends.max = 128 (default)
2019-10-16 07:54:24,595 [97dd4122-66d5-4b67-a8d6-e865d3881cda@group-BBCBE9D9BA25-LeaderElection5] INFO  server.RaftServerConfigKeys (ConfUtils.java:logGet(43)) - raft.server.rpc.request.timeout = 3000ms (default)
2019-10-16 07:54:24,596 [97dd4122-66d5-4b67-a8d6-e865d3881cda@group-BBCBE9D9BA25-LeaderElection5] INFO  server.RaftServerConfigKeys (ConfUtils.java:logGet(43)) - raft.server.log.appender.install.snapshot.enabled = false (custom)
2019-10-16 07:54:24,603 [97dd4122-66d5-4b67-a8d6-e865d3881cda@group-BBCBE9D9BA25-LeaderElection5] INFO  server.RaftServerConfigKeys (ConfUtils.java:logGet(43)) - raft.server.log.appender.snapshot.chunk.size.max = 16MB (=16777216) (default)
2019-10-16 07:54:24,603 [97dd4122-66d5-4b67-a8d6-e865d3881cda@group-BBCBE9D9BA25-LeaderElection5] INFO  server.RaftServerConfigKeys (ConfUtils.java:logGet(43)) - raft.server.log.appender.buffer.byte-limit = 33554432 (custom)
2019-10-16 07:54:24,603 [97dd4122-66d5-4b67-a8d6-e865d3881cda@group-BBCBE9D9BA25-LeaderElection5] INFO  server.RaftServerConfigKeys (ConfUtils.java:logGet(43)) - raft.server.log.appender.buffer.element-limit = 1 (custom)
2019-10-16 07:54:24,604 [97dd4122-66d5-4b67-a8d6-e865d3881cda@group-BBCBE9D9BA25-LeaderElection5] INFO  grpc.GrpcConfigKeys$Server (ConfUtils.java:logGet(43)) - raft.grpc.server.leader.outstanding.appends.max = 128 (default)
2019-10-16 07:54:24,604 [97dd4122-66d5-4b67-a8d6-e865d3881cda@group-BBCBE9D9BA25-LeaderElection5] INFO  server.RaftServerConfigKeys (ConfUtils.java:logGet(43)) - raft.server.rpc.request.timeout = 3000ms (default)
2019-10-16 07:54:24,604 [97dd4122-66d5-4b67-a8d6-e865d3881cda@group-BBCBE9D9BA25-LeaderElection5] INFO  server.RaftServerConfigKeys (ConfUtils.java:logGet(43)) - raft.server.log.appender.install.snapshot.enabled = false (custom)
2019-10-16 07:54:24,611 [97dd4122-66d5-4b67-a8d6-e865d3881cda@group-BBCBE9D9BA25-LeaderElection5] INFO  impl.RoleInfo (RoleInfo.java:updateAndGet(143)) - 97dd4122-66d5-4b67-a8d6-e865d3881cda: start LeaderState
2019-10-16 07:54:24,611 [97dd4122-66d5-4b67-a8d6-e865d3881cda@group-BBCBE9D9BA25-LeaderElection5] INFO  segmented.SegmentedRaftLogWorker (SegmentedRaftLogWorker.java:startLogSegment(385)) - 97dd4122-66d5-4b67-a8d6-e865d3881cda@group-BBCBE9D9BA25-SegmentedRaftLogWorker: Starting segment from index:0
2019-10-16 07:54:24,646 [97dd4122-66d5-4b67-a8d6-e865d3881cda@group-BBCBE9D9BA25-LeaderElection5] INFO  impl.RaftServerImpl (ServerState.java:setRaftConf(357)) - 97dd4122-66d5-4b67-a8d6-e865d3881cda@group-BBCBE9D9BA25: set configuration 0: [a230a5d9-45d5-4362-aec8-50e396249829:192.168.34.43:43715, 97dd4122-66d5-4b67-a8d6-e865d3881cda:192.168.34.43:33540, c164cbdf-30cb-468b-a9b3-0098e19110da:192.168.34.43:34871], old=null at 0
2019-10-16 07:54:24,668 [Thread-214] INFO  impl.FollowerState (FollowerState.java:run(108)) - c164cbdf-30cb-468b-a9b3-0098e19110da@group-BBCBE9D9BA25-FollowerState: change to CANDIDATE, lastRpcTime:93ms, electionTimeout:92ms
2019-10-16 07:54:24,669 [Thread-214] INFO  impl.RoleInfo (RoleInfo.java:shutdownFollowerState(121)) - c164cbdf-30cb-468b-a9b3-0098e19110da: shutdown FollowerState
2019-10-16 07:54:24,669 [Thread-214] INFO  impl.RaftServerImpl (RaftServerImpl.java:setRole(184)) - c164cbdf-30cb-468b-a9b3-0098e19110da@group-BBCBE9D9BA25: changes role from  FOLLOWER to CANDIDATE at term 2 for changeToCandidate
2019-10-16 07:54:24,669 [Thread-214] INFO  impl.RoleInfo (RoleInfo.java:updateAndGet(143)) - c164cbdf-30cb-468b-a9b3-0098e19110da: start LeaderElection
2019-10-16 07:54:24,671 [97dd4122-66d5-4b67-a8d6-e865d3881cda@group-BBCBE9D9BA25-SegmentedRaftLogWorker] INFO  segmented.SegmentedRaftLogWorker (SegmentedRaftLogWorker.java:execute(576)) - 97dd4122-66d5-4b67-a8d6-e865d3881cda@group-BBCBE9D9BA25-SegmentedRaftLogWorker: created new log segment /workdir/hadoop-ozone/integration-test/target/test-dir/MiniOzoneClusterImpl-128c9c24-18af-4532-8ce1-99e2b5785a6e/datanode-2/data/ratis/7630af73-7caa-4c28-b670-bbcbe9d9ba25/current/log_inprogress_0
2019-10-16 07:54:24,677 [grpc-default-executor-3] INFO  impl.RaftServerImpl (ServerState.java:setLeader(256)) - a230a5d9-45d5-4362-aec8-50e396249829@group-BBCBE9D9BA25: change Leader from null to 97dd4122-66d5-4b67-a8d6-e865d3881cda at term 2 for appendEntries, leader elected after 322ms
2019-10-16 07:54:24,684 [c164cbdf-30cb-468b-a9b3-0098e19110da@group-BBCBE9D9BA25-LeaderElection6] INFO  impl.LeaderElection (LeaderElection.java:askForVotes(178)) - c164cbdf-30cb-468b-a9b3-0098e19110da@group-BBCBE9D9BA25-LeaderElection6: begin an election at term 3 for -1: [a230a5d9-45d5-4362-aec8-50e396249829:192.168.34.43:43715, 97dd4122-66d5-4b67-a8d6-e865d3881cda:192.168.34.43:33540, c164cbdf-30cb-468b-a9b3-0098e19110da:192.168.34.43:34871], old=null
2019-10-16 07:54:24,691 [grpc-default-executor-1] INFO  impl.RaftServerImpl (ServerState.java:setLeader(256)) - a230a5d9-45d5-4362-aec8-50e396249829@group-BBCBE9D9BA25: change Leader from 97dd4122-66d5-4b67-a8d6-e865d3881cda to null at term 3 for updateCurrentTerm
2019-10-16 07:54:24,693 [grpc-default-executor-1] INFO  impl.RaftServerImpl (RaftServerImpl.java:setRole(184)) - a230a5d9-45d5-4362-aec8-50e396249829@group-BBCBE9D9BA25: changes role from  FOLLOWER to FOLLOWER at term 3 for recognizeCandidate:c164cbdf-30cb-468b-a9b3-0098e19110da
2019-10-16 07:54:24,694 [grpc-default-executor-1] INFO  impl.RoleInfo (RoleInfo.java:shutdownFollowerState(121)) - a230a5d9-45d5-4362-aec8-50e396249829: shutdown FollowerState
2019-10-16 07:54:24,694 [c164cbdf-30cb-468b-a9b3-0098e19110da@group-BBCBE9D9BA25-LeaderElection6] INFO  impl.LeaderElection (LeaderElection.java:logAndReturn(56)) - c164cbdf-30cb-468b-a9b3-0098e19110da@group-BBCBE9D9BA25-LeaderElection6: Election TIMEOUT; received 0 response(s) [] and 0 exception(s); c164cbdf-30cb-468b-a9b3-0098e19110da@group-BBCBE9D9BA25:t3, leader=null, voted=c164cbdf-30cb-468b-a9b3-0098e19110da, raftlog=c164cbdf-30cb-468b-a9b3-0098e19110da@group-BBCBE9D9BA25-SegmentedRaftLog:OPENED:c-1,f-1,i0, conf=-1: [a230a5d9-45d5-4362-aec8-50e396249829:192.168.34.43:43715, 97dd4122-66d5-4b67-a8d6-e865d3881cda:192.168.34.43:33540, c164cbdf-30cb-468b-a9b3-0098e19110da:192.168.34.43:34871], old=null
2019-10-16 07:54:24,694 [Thread-213] INFO  impl.FollowerState (FollowerState.java:run(117)) - a230a5d9-45d5-4362-aec8-50e396249829@group-BBCBE9D9BA25-FollowerState was interrupted: java.lang.InterruptedException: sleep interrupted
2019-10-16 07:54:24,694 [grpc-default-executor-1] INFO  impl.RoleInfo (RoleInfo.java:updateAndGet(143)) - a230a5d9-45d5-4362-aec8-50e396249829: start FollowerState
2019-10-16 07:54:24,696 [grpc-default-executor-2] INFO  impl.RaftServerImpl (ServerState.java:setLeader(256)) - 97dd4122-66d5-4b67-a8d6-e865d3881cda@group-BBCBE9D9BA25: change Leader from 97dd4122-66d5-4b67-a8d6-e865d3881cda to null at term 3 for updateCurrentTerm
2019-10-16 07:54:24,696 [grpc-default-executor-2] INFO  impl.RaftServerImpl (RaftServerImpl.java:setRole(184)) - 97dd4122-66d5-4b67-a8d6-e865d3881cda@group-BBCBE9D9BA25: changes role from    LEADER to FOLLOWER at term 3 for recognizeCandidate:c164cbdf-30cb-468b-a9b3-0098e19110da
2019-10-16 07:54:24,696 [grpc-default-executor-2] INFO  impl.RoleInfo (RoleInfo.java:shutdownLeaderState(104)) - 97dd4122-66d5-4b67-a8d6-e865d3881cda: shutdown LeaderState
2019-10-16 07:54:24,698 [org.apache.ratis.server.impl.LogAppender$AppenderDaemon$$Lambda$462/1720041800@66c26aa6] WARN  server.GrpcLogAppender (GrpcLogAppender.java:mayWait(149)) - 97dd4122-66d5-4b67-a8d6-e865d3881cda@group-BBCBE9D9BA25->c164cbdf-30cb-468b-a9b3-0098e19110da-GrpcLogAppender: Wait interrupted by java.lang.InterruptedException
2019-10-16 07:54:24,698 [org.apache.ratis.server.impl.LogAppender$AppenderDaemon$$Lambda$462/1720041800@55feae5d] WARN  server.GrpcLogAppender (GrpcLogAppender.java:mayWait(149)) - 97dd4122-66d5-4b67-a8d6-e865d3881cda@group-BBCBE9D9BA25->a230a5d9-45d5-4362-aec8-50e396249829-GrpcLogAppender: Wait interrupted by java.lang.InterruptedException
2019-10-16 07:54:24,700 [grpc-default-executor-2] INFO  impl.PendingRequests (PendingRequests.java:sendNotLeaderResponses(202)) - 97dd4122-66d5-4b67-a8d6-e865d3881cda@group-BBCBE9D9BA25-PendingRequests: sendNotLeaderResponses
2019-10-16 07:54:24,701 [grpc-default-executor-2] INFO  impl.RoleInfo (RoleInfo.java:updateAndGet(143)) - 97dd4122-66d5-4b67-a8d6-e865d3881cda: start FollowerState
2019-10-16 07:54:24,702 [grpc-default-executor-0] INFO  server.GrpcServerProtocolService (GrpcServerProtocolService.java:onCompleted(113)) - a230a5d9-45d5-4362-aec8-50e396249829: Completed APPEND_ENTRIES, lastRequest: 97dd4122-66d5-4b67-a8d6-e865d3881cda->a230a5d9-45d5-4362-aec8-50e396249829#0-t2, previous=(t:0, i:0), leaderCommit=-1, initializing? false, entries: <empty>
2019-10-16 07:54:24,702 [grpc-default-executor-3] INFO  server.GrpcServerProtocolService (GrpcServerProtocolService.java:onCompleted(113)) - c164cbdf-30cb-468b-a9b3-0098e19110da: Completed APPEND_ENTRIES, lastRequest: 97dd4122-66d5-4b67-a8d6-e865d3881cda->c164cbdf-30cb-468b-a9b3-0098e19110da#0-t2, previous=(t:0, i:0), leaderCommit=-1, initializing? false, entries: <empty>
2019-10-16 07:54:24,703 [grpc-default-executor-3] INFO  server.GrpcLogAppender (GrpcLogAppender.java:onCompleted(308)) - 97dd4122-66d5-4b67-a8d6-e865d3881cda@group-BBCBE9D9BA25->a230a5d9-45d5-4362-aec8-50e396249829-AppendLogResponseHandler: follower responses appendEntries COMPLETED
2019-10-16 07:54:24,703 [grpc-default-executor-0] INFO  server.GrpcLogAppender (GrpcLogAppender.java:onCompleted(308)) - 97dd4122-66d5-4b67-a8d6-e865d3881cda@group-BBCBE9D9BA25->c164cbdf-30cb-468b-a9b3-0098e19110da-AppendLogResponseHandler: follower responses appendEntries COMPLETED
2019-10-16 07:54:24,708 [grpc-default-executor-3] INFO  impl.FollowerInfo (FollowerInfo.java:lambda$new$0(51)) - 97dd4122-66d5-4b67-a8d6-e865d3881cda@group-BBCBE9D9BA25->a230a5d9-45d5-4362-aec8-50e396249829: nextIndex: updateUnconditionally 0 -> 0
2019-10-16 07:54:24,708 [grpc-default-executor-0] INFO  impl.FollowerInfo (FollowerInfo.java:lambda$new$0(51)) - 97dd4122-66d5-4b67-a8d6-e865d3881cda@group-BBCBE9D9BA25->c164cbdf-30cb-468b-a9b3-0098e19110da: nextIndex: updateUnconditionally 0 -> 0
2019-10-16 07:54:24,726 [c164cbdf-30cb-468b-a9b3-0098e19110da@group-BBCBE9D9BA25-LeaderElection6] INFO  impl.LeaderElection (LeaderElection.java:askForVotes(178)) - c164cbdf-30cb-468b-a9b3-0098e19110da@group-BBCBE9D9BA25-LeaderElection6: begin an election at term 4 for -1: [a230a5d9-45d5-4362-aec8-50e396249829:192.168.34.43:43715, 97dd4122-66d5-4b67-a8d6-e865d3881cda:192.168.34.43:33540, c164cbdf-30cb-468b-a9b3-0098e19110da:192.168.34.43:34871], old=null
2019-10-16 07:54:24,737 [grpc-default-executor-2] INFO  impl.RaftServerImpl (RaftServerImpl.java:setRole(184)) - a230a5d9-45d5-4362-aec8-50e396249829@group-BBCBE9D9BA25: changes role from  FOLLOWER to FOLLOWER at term 4 for recognizeCandidate:c164cbdf-30cb-468b-a9b3-0098e19110da
2019-10-16 07:54:24,737 [grpc-default-executor-2] INFO  impl.RoleInfo (RoleInfo.java:shutdownFollowerState(121)) - a230a5d9-45d5-4362-aec8-50e396249829: shutdown FollowerState
2019-10-16 07:54:24,737 [Thread-224] INFO  impl.FollowerState (FollowerState.java:run(117)) - a230a5d9-45d5-4362-aec8-50e396249829@group-BBCBE9D9BA25-FollowerState was interrupted: java.lang.InterruptedException: sleep interrupted
2019-10-16 07:54:24,737 [grpc-default-executor-2] INFO  impl.RoleInfo (RoleInfo.java:updateAndGet(143)) - a230a5d9-45d5-4362-aec8-50e396249829: start FollowerState
2019-10-16 07:54:24,740 [grpc-default-executor-1] INFO  impl.RaftServerImpl (RaftServerImpl.java:setRole(184)) - 97dd4122-66d5-4b67-a8d6-e865d3881cda@group-BBCBE9D9BA25: changes role from  FOLLOWER to FOLLOWER at term 4 for recognizeCandidate:c164cbdf-30cb-468b-a9b3-0098e19110da
2019-10-16 07:54:24,740 [grpc-default-executor-1] INFO  impl.RoleInfo (RoleInfo.java:shutdownFollowerState(121)) - 97dd4122-66d5-4b67-a8d6-e865d3881cda: shutdown FollowerState
2019-10-16 07:54:24,740 [Thread-225] INFO  impl.FollowerState (FollowerState.java:run(117)) - 97dd4122-66d5-4b67-a8d6-e865d3881cda@group-BBCBE9D9BA25-FollowerState was interrupted: java.lang.InterruptedException: sleep interrupted
2019-10-16 07:54:24,740 [grpc-default-executor-1] INFO  impl.RoleInfo (RoleInfo.java:updateAndGet(143)) - 97dd4122-66d5-4b67-a8d6-e865d3881cda: start FollowerState
2019-10-16 07:54:24,773 [c164cbdf-30cb-468b-a9b3-0098e19110da@group-BBCBE9D9BA25-LeaderElection6] INFO  impl.LeaderElection (LeaderElection.java:logAndReturn(56)) - c164cbdf-30cb-468b-a9b3-0098e19110da@group-BBCBE9D9BA25-LeaderElection6: Election PASSED; received 2 response(s) [c164cbdf-30cb-468b-a9b3-0098e19110da<-a230a5d9-45d5-4362-aec8-50e396249829#0:OK-t4, c164cbdf-30cb-468b-a9b3-0098e19110da<-97dd4122-66d5-4b67-a8d6-e865d3881cda#0:FAIL-t4] and 0 exception(s); c164cbdf-30cb-468b-a9b3-0098e19110da@group-BBCBE9D9BA25:t4, leader=null, voted=c164cbdf-30cb-468b-a9b3-0098e19110da, raftlog=c164cbdf-30cb-468b-a9b3-0098e19110da@group-BBCBE9D9BA25-SegmentedRaftLog:OPENED:c-1,f-1,i0, conf=-1: [a230a5d9-45d5-4362-aec8-50e396249829:192.168.34.43:43715, 97dd4122-66d5-4b67-a8d6-e865d3881cda:192.168.34.43:33540, c164cbdf-30cb-468b-a9b3-0098e19110da:192.168.34.43:34871], old=null
2019-10-16 07:54:24,773 [c164cbdf-30cb-468b-a9b3-0098e19110da@group-BBCBE9D9BA25-LeaderElection6] INFO  impl.RoleInfo (RoleInfo.java:shutdownLeaderElection(134)) - c164cbdf-30cb-468b-a9b3-0098e19110da: shutdown LeaderElection
2019-10-16 07:54:24,774 [c164cbdf-30cb-468b-a9b3-0098e19110da@group-BBCBE9D9BA25-LeaderElection6] INFO  impl.RaftServerImpl (RaftServerImpl.java:setRole(184)) - c164cbdf-30cb-468b-a9b3-0098e19110da@group-BBCBE9D9BA25: changes role from CANDIDATE to LEADER at term 4 for changeToLeader
2019-10-16 07:54:24,774 [c164cbdf-30cb-468b-a9b3-0098e19110da@group-BBCBE9D9BA25-LeaderElection6] INFO  impl.RaftServerImpl (ServerState.java:setLeader(256)) - c164cbdf-30cb-468b-a9b3-0098e19110da@group-BBCBE9D9BA25: change Leader from null to c164cbdf-30cb-468b-a9b3-0098e19110da at term 4 for becomeLeader, leader elected after 419ms
2019-10-16 07:54:24,774 [c164cbdf-30cb-468b-a9b3-0098e19110da@group-BBCBE9D9BA25-LeaderElection6] INFO  server.RaftServerConfigKeys (ConfUtils.java:logGet(43)) - raft.server.staging.catchup.gap = 1000 (default)
2019-10-16 07:54:24,774 [c164cbdf-30cb-468b-a9b3-0098e19110da@group-BBCBE9D9BA25-LeaderElection6] INFO  server.RaftServerConfigKeys (ConfUtils.java:logGet(43)) - raft.server.rpc.sleep.time = 25ms (default)
2019-10-16 07:54:24,775 [c164cbdf-30cb-468b-a9b3-0098e19110da@group-BBCBE9D9BA25-LeaderElection6] INFO  server.RaftServerConfigKeys (ConfUtils.java:logGet(43)) - raft.server.write.element-limit = 4096 (default)
2019-10-16 07:54:24,775 [c164cbdf-30cb-468b-a9b3-0098e19110da@group-BBCBE9D9BA25-LeaderElection6] INFO  server.RaftServerConfigKeys (ConfUtils.java:logGet(43)) - raft.server.watch.timeout = 10s (default)
2019-10-16 07:54:24,775 [c164cbdf-30cb-468b-a9b3-0098e19110da@group-BBCBE9D9BA25-LeaderElection6] INFO  server.RaftServerConfigKeys (ConfUtils.java:logGet(43)) - raft.server.watch.timeout.denomination = 1s (default)
2019-10-16 07:54:24,775 [c164cbdf-30cb-468b-a9b3-0098e19110da@group-BBCBE9D9BA25-LeaderElection6] INFO  server.RaftServerConfigKeys (ConfUtils.java:logGet(43)) - raft.server.watch.element-limit = 65536 (default)
2019-10-16 07:54:24,778 [c164cbdf-30cb-468b-a9b3-0098e19110da@group-BBCBE9D9BA25-LeaderElection6] INFO  server.RaftServerConfigKeys (ConfUtils.java:logGet(43)) - raft.server.log.appender.snapshot.chunk.size.max = 16MB (=16777216) (default)
2019-10-16 07:54:24,778 [c164cbdf-30cb-468b-a9b3-0098e19110da@group-BBCBE9D9BA25-LeaderElection6] INFO  server.RaftServerConfigKeys (ConfUtils.java:logGet(43)) - raft.server.log.appender.buffer.byte-limit = 33554432 (custom)
2019-10-16 07:54:24,778 [c164cbdf-30cb-468b-a9b3-0098e19110da@group-BBCBE9D9BA25-LeaderElection6] INFO  server.RaftServerConfigKeys (ConfUtils.java:logGet(43)) - raft.server.log.appender.buffer.element-limit = 1 (custom)
2019-10-16 07:54:24,779 [c164cbdf-30cb-468b-a9b3-0098e19110da@group-BBCBE9D9BA25-LeaderElection6] INFO  grpc.GrpcConfigKeys$Server (ConfUtils.java:logGet(43)) - raft.grpc.server.leader.outstanding.appends.max = 128 (default)
2019-10-16 07:54:24,783 [c164cbdf-30cb-468b-a9b3-0098e19110da@group-BBCBE9D9BA25-LeaderElection6] INFO  server.RaftServerConfigKeys (ConfUtils.java:logGet(43)) - raft.server.rpc.request.timeout = 3000ms (default)
2019-10-16 07:54:24,783 [c164cbdf-30cb-468b-a9b3-0098e19110da@group-BBCBE9D9BA25-LeaderElection6] INFO  server.RaftServerConfigKeys (ConfUtils.java:logGet(43)) - raft.server.log.appender.install.snapshot.enabled = false (custom)
2019-10-16 07:54:24,785 [c164cbdf-30cb-468b-a9b3-0098e19110da@group-BBCBE9D9BA25-LeaderElection6] INFO  server.RaftServerConfigKeys (ConfUtils.java:logGet(43)) - raft.server.log.appender.snapshot.chunk.size.max = 16MB (=16777216) (default)
2019-10-16 07:54:24,785 [c164cbdf-30cb-468b-a9b3-0098e19110da@group-BBCBE9D9BA25-LeaderElection6] INFO  server.RaftServerConfigKeys (ConfUtils.java:logGet(43)) - raft.server.log.appender.buffer.byte-limit = 33554432 (custom)
2019-10-16 07:54:24,786 [c164cbdf-30cb-468b-a9b3-0098e19110da@group-BBCBE9D9BA25-LeaderElection6] INFO  server.RaftServerConfigKeys (ConfUtils.java:logGet(43)) - raft.server.log.appender.buffer.element-limit = 1 (custom)
2019-10-16 07:54:24,786 [c164cbdf-30cb-468b-a9b3-0098e19110da@group-BBCBE9D9BA25-LeaderElection6] INFO  grpc.GrpcConfigKeys$Server (ConfUtils.java:logGet(43)) - raft.grpc.server.leader.outstanding.appends.max = 128 (default)
2019-10-16 07:54:24,786 [c164cbdf-30cb-468b-a9b3-0098e19110da@group-BBCBE9D9BA25-LeaderElection6] INFO  server.RaftServerConfigKeys (ConfUtils.java:logGet(43)) - raft.server.rpc.request.timeout = 3000ms (default)
2019-10-16 07:54:24,786 [c164cbdf-30cb-468b-a9b3-0098e19110da@group-BBCBE9D9BA25-LeaderElection6] INFO  server.RaftServerConfigKeys (ConfUtils.java:logGet(43)) - raft.server.log.appender.install.snapshot.enabled = false (custom)
2019-10-16 07:54:24,788 [c164cbdf-30cb-468b-a9b3-0098e19110da@group-BBCBE9D9BA25-LeaderElection6] INFO  impl.RoleInfo (RoleInfo.java:updateAndGet(143)) - c164cbdf-30cb-468b-a9b3-0098e19110da: start LeaderState
2019-10-16 07:54:24,789 [c164cbdf-30cb-468b-a9b3-0098e19110da@group-BBCBE9D9BA25-LeaderElection6] INFO  segmented.SegmentedRaftLogWorker (SegmentedRaftLogWorker.java:startLogSegment(385)) - c164cbdf-30cb-468b-a9b3-0098e19110da@group-BBCBE9D9BA25-SegmentedRaftLogWorker: Starting segment from index:0
2019-10-16 07:54:24,823 [c164cbdf-30cb-468b-a9b3-0098e19110da@group-BBCBE9D9BA25-LeaderElection6] INFO  impl.RaftServerImpl (ServerState.java:setRaftConf(357)) - c164cbdf-30cb-468b-a9b3-0098e19110da@group-BBCBE9D9BA25: set configuration 0: [a230a5d9-45d5-4362-aec8-50e396249829:192.168.34.43:43715, 97dd4122-66d5-4b67-a8d6-e865d3881cda:192.168.34.43:33540, c164cbdf-30cb-468b-a9b3-0098e19110da:192.168.34.43:34871], old=null at 0
2019-10-16 07:54:24,828 [grpc-default-executor-1] INFO  impl.RaftServerImpl (ServerState.java:setLeader(256)) - a230a5d9-45d5-4362-aec8-50e396249829@group-BBCBE9D9BA25: change Leader from null to c164cbdf-30cb-468b-a9b3-0098e19110da at term 4 for appendEntries, leader elected after 136ms
2019-10-16 07:54:24,829 [grpc-default-executor-0] INFO  impl.RaftServerImpl (ServerState.java:setLeader(256)) - 97dd4122-66d5-4b67-a8d6-e865d3881cda@group-BBCBE9D9BA25: change Leader from null to c164cbdf-30cb-468b-a9b3-0098e19110da at term 4 for appendEntries, leader elected after 133ms
2019-10-16 07:54:24,833 [c164cbdf-30cb-468b-a9b3-0098e19110da@group-BBCBE9D9BA25-SegmentedRaftLogWorker] INFO  segmented.SegmentedRaftLogWorker (SegmentedRaftLogWorker.java:execute(576)) - c164cbdf-30cb-468b-a9b3-0098e19110da@group-BBCBE9D9BA25-SegmentedRaftLogWorker: created new log segment /workdir/hadoop-ozone/integration-test/target/test-dir/MiniOzoneClusterImpl-128c9c24-18af-4532-8ce1-99e2b5785a6e/datanode-1/data/ratis/7630af73-7caa-4c28-b670-bbcbe9d9ba25/current/log_inprogress_0
2019-10-16 07:54:24,840 [grpc-default-executor-1] INFO  impl.RaftServerImpl (ServerState.java:setRaftConf(357)) - a230a5d9-45d5-4362-aec8-50e396249829@group-BBCBE9D9BA25: set configuration 0: [a230a5d9-45d5-4362-aec8-50e396249829:192.168.34.43:43715, 97dd4122-66d5-4b67-a8d6-e865d3881cda:192.168.34.43:33540, c164cbdf-30cb-468b-a9b3-0098e19110da:192.168.34.43:34871], old=null at 0
2019-10-16 07:54:24,840 [grpc-default-executor-0] INFO  impl.RaftServerImpl (ServerState.java:setRaftConf(357)) - 97dd4122-66d5-4b67-a8d6-e865d3881cda@group-BBCBE9D9BA25: set configuration 0: [a230a5d9-45d5-4362-aec8-50e396249829:192.168.34.43:43715, 97dd4122-66d5-4b67-a8d6-e865d3881cda:192.168.34.43:33540, c164cbdf-30cb-468b-a9b3-0098e19110da:192.168.34.43:34871], old=null at 0
2019-10-16 07:54:24,841 [grpc-default-executor-1] INFO  segmented.SegmentedRaftLogWorker (SegmentedRaftLogWorker.java:startLogSegment(385)) - a230a5d9-45d5-4362-aec8-50e396249829@group-BBCBE9D9BA25-SegmentedRaftLogWorker: Starting segment from index:0
2019-10-16 07:54:24,844 [grpc-default-executor-0] INFO  segmented.SegmentedRaftLogWorker (SegmentedRaftLogWorker.java:truncate(401)) - 97dd4122-66d5-4b67-a8d6-e865d3881cda@group-BBCBE9D9BA25-SegmentedRaftLogWorker: Truncating segments toTruncate: null
  toDelete: [(0, 0) isOpen? true, length=0, newEndIndex=-1], start index 0
2019-10-16 07:54:24,845 [grpc-default-executor-0] INFO  segmented.SegmentedRaftLogWorker (SegmentedRaftLogWorker.java:startLogSegment(385)) - 97dd4122-66d5-4b67-a8d6-e865d3881cda@group-BBCBE9D9BA25-SegmentedRaftLogWorker: Starting segment from index:0
2019-10-16 07:54:24,846 [97dd4122-66d5-4b67-a8d6-e865d3881cda@group-BBCBE9D9BA25-SegmentedRaftLogWorker] INFO  segmented.SegmentedRaftLogWorker (SegmentedRaftLogWorker.java:execute(640)) - 97dd4122-66d5-4b67-a8d6-e865d3881cda@group-BBCBE9D9BA25-SegmentedRaftLogWorker: Deleted log file /workdir/hadoop-ozone/integration-test/target/test-dir/MiniOzoneClusterImpl-128c9c24-18af-4532-8ce1-99e2b5785a6e/datanode-2/data/ratis/7630af73-7caa-4c28-b670-bbcbe9d9ba25/current/log_inprogress_0
2019-10-16 07:54:24,847 [97dd4122-66d5-4b67-a8d6-e865d3881cda@group-BBCBE9D9BA25-SegmentedRaftLogWorker] INFO  segmented.SegmentedRaftLogWorker (SegmentedRaftLogWorker.java:lambda$new$0(128)) - 97dd4122-66d5-4b67-a8d6-e865d3881cda@group-BBCBE9D9BA25-SegmentedRaftLogWorker: flushIndex: setUnconditionally 0 -> -1
2019-10-16 07:54:24,890 [a230a5d9-45d5-4362-aec8-50e396249829@group-BBCBE9D9BA25-SegmentedRaftLogWorker] INFO  segmented.SegmentedRaftLogWorker (SegmentedRaftLogWorker.java:execute(576)) - a230a5d9-45d5-4362-aec8-50e396249829@group-BBCBE9D9BA25-SegmentedRaftLogWorker: created new log segment /workdir/hadoop-ozone/integration-test/target/test-dir/MiniOzoneClusterImpl-128c9c24-18af-4532-8ce1-99e2b5785a6e/datanode-0/data/ratis/7630af73-7caa-4c28-b670-bbcbe9d9ba25/current/log_inprogress_0
2019-10-16 07:54:24,890 [97dd4122-66d5-4b67-a8d6-e865d3881cda@group-BBCBE9D9BA25-SegmentedRaftLogWorker] INFO  segmented.SegmentedRaftLogWorker (SegmentedRaftLogWorker.java:execute(576)) - 97dd4122-66d5-4b67-a8d6-e865d3881cda@group-BBCBE9D9BA25-SegmentedRaftLogWorker: created new log segment /workdir/hadoop-ozone/integration-test/target/test-dir/MiniOzoneClusterImpl-128c9c24-18af-4532-8ce1-99e2b5785a6e/datanode-2/data/ratis/7630af73-7caa-4c28-b670-bbcbe9d9ba25/current/log_inprogress_0
2019-10-16 07:54:25,445 [main] INFO  rpc.RpcClient (RpcClient.java:createVolume(272)) - Creating Volume: test-key-input-stream-volume, with jenkins1000 as owner.
2019-10-16 07:54:25,549 [IPC Server handler 0 on 35674] INFO  volume.OMVolumeCreateRequest (OMVolumeCreateRequest.java:validateAndUpdateCache(193)) - created volume:test-key-input-stream-volume for user:jenkins1000
2019-10-16 07:54:25,574 [main] INFO  rpc.RpcClient (RpcClient.java:createBucket(411)) - Creating Bucket: test-key-input-stream-volume/test-key-input-stream-bucket, with Versioning false and Storage Type set to DISK and Encryption set to false 
2019-10-16 07:54:25,602 [main] INFO  impl.MetricsSystemImpl (MetricsSystemImpl.java:init(158)) - XceiverClientMetrics metrics system started (again)
2019-10-16 07:54:26,295 [Thread-178] INFO  container.ReplicationManager (ReplicationManager.java:start(162)) - Starting Replication Monitor Thread.
2019-10-16 07:54:26,298 [ReplicationMonitor] INFO  container.ReplicationManager (ReplicationManager.java:run(225)) - Replication Monitor Thread took 1 milliseconds for processing 1 containers.
2019-10-16 07:54:26,349 [IPC Server handler 7 on 35674] ERROR lock.LockManager (LockManager.java:getLockForReleasing(218)) - Trying to release the lock on /test-key-input-stream-volume/test-key-input-stream-bucket, which was never acquired.
2019-10-16 07:54:26,351 [IPC Server handler 7 on 35674] WARN  ipc.Server (Server.java:logException(2724)) - IPC Server handler 7 on 35674, call Call#23 Retry#0 org.apache.hadoop.ozone.om.protocol.OzoneManagerProtocol.submitRequest from 127.0.0.1:35310
java.lang.IllegalMonitorStateException: Releasing lock on resource /test-key-input-stream-volume/test-key-input-stream-bucket without acquiring lock
	at org.apache.hadoop.ozone.lock.LockManager.getLockForReleasing(LockManager.java:220)
	at org.apache.hadoop.ozone.lock.LockManager.release(LockManager.java:168)
	at org.apache.hadoop.ozone.lock.LockManager.writeUnlock(LockManager.java:148)
	at org.apache.hadoop.ozone.om.lock.OzoneManagerLock.unlock(OzoneManagerLock.java:364)
	at org.apache.hadoop.ozone.om.lock.OzoneManagerLock.releaseWriteLock(OzoneManagerLock.java:329)
	at org.apache.hadoop.ozone.om.request.key.OMKeyCommitRequest.validateAndUpdateCache(OMKeyCommitRequest.java:177)
	at org.apache.hadoop.ozone.protocolPB.OzoneManagerProtocolServerSideTranslatorPB.submitRequestDirectlyToOM(OzoneManagerProtocolServerSideTranslatorPB.java:219)
	at org.apache.hadoop.ozone.protocolPB.OzoneManagerProtocolServerSideTranslatorPB.processRequest(OzoneManagerProtocolServerSideTranslatorPB.java:134)
	at org.apache.hadoop.hdds.server.OzoneProtocolMessageDispatcher.processRequest(OzoneProtocolMessageDispatcher.java:72)
	at org.apache.hadoop.ozone.protocolPB.OzoneManagerProtocolServerSideTranslatorPB.submitRequest(OzoneManagerProtocolServerSideTranslatorPB.java:100)
	at org.apache.hadoop.ozone.protocol.proto.OzoneManagerProtocolProtos$OzoneManagerService$2.callBlockingMethod(OzoneManagerProtocolProtos.java)
	at org.apache.hadoop.ipc.ProtobufRpcEngine$Server$ProtoBufRpcInvoker.call(ProtobufRpcEngine.java:524)
	at org.apache.hadoop.ipc.RPC$Server.call(RPC.java:1025)
	at org.apache.hadoop.ipc.Server$RpcCall.run(Server.java:876)
	at org.apache.hadoop.ipc.Server$RpcCall.run(Server.java:822)
	at java.security.AccessController.doPrivileged(Native Method)
	at javax.security.auth.Subject.doAs(Subject.java:422)
	at org.apache.hadoop.security.UserGroupInformation.doAs(UserGroupInformation.java:1730)
	at org.apache.hadoop.ipc.Server$Handler.run(Server.java:2682)
2019-10-16 07:54:26,360 [main] INFO  retry.RetryInvocationHandler (RetryInvocationHandler.java:log(411)) - com.google.protobuf.ServiceException: org.apache.hadoop.ipc.RemoteException(java.lang.IllegalMonitorStateException): Releasing lock on resource /test-key-input-stream-volume/test-key-input-stream-bucket without acquiring lock
	at org.apache.hadoop.ozone.lock.LockManager.getLockForReleasing(LockManager.java:220)
	at org.apache.hadoop.ozone.lock.LockManager.release(LockManager.java:168)
	at org.apache.hadoop.ozone.lock.LockManager.writeUnlock(LockManager.java:148)
	at org.apache.hadoop.ozone.om.lock.OzoneManagerLock.unlock(OzoneManagerLock.java:364)
	at org.apache.hadoop.ozone.om.lock.OzoneManagerLock.releaseWriteLock(OzoneManagerLock.java:329)
	at org.apache.hadoop.ozone.om.request.key.OMKeyCommitRequest.validateAndUpdateCache(OMKeyCommitRequest.java:177)
	at org.apache.hadoop.ozone.protocolPB.OzoneManagerProtocolServerSideTranslatorPB.submitRequestDirectlyToOM(OzoneManagerProtocolServerSideTranslatorPB.java:219)
	at org.apache.hadoop.ozone.protocolPB.OzoneManagerProtocolServerSideTranslatorPB.processRequest(OzoneManagerProtocolServerSideTranslatorPB.java:134)
	at org.apache.hadoop.hdds.server.OzoneProtocolMessageDispatcher.processRequest(OzoneProtocolMessageDispatcher.java:72)
	at org.apache.hadoop.ozone.protocolPB.OzoneManagerProtocolServerSideTranslatorPB.submitRequest(OzoneManagerProtocolServerSideTranslatorPB.java:100)
	at org.apache.hadoop.ozone.protocol.proto.OzoneManagerProtocolProtos$OzoneManagerService$2.callBlockingMethod(OzoneManagerProtocolProtos.java)
	at org.apache.hadoop.ipc.ProtobufRpcEngine$Server$ProtoBufRpcInvoker.call(ProtobufRpcEngine.java:524)
	at org.apache.hadoop.ipc.RPC$Server.call(RPC.java:1025)
	at org.apache.hadoop.ipc.Server$RpcCall.run(Server.java:876)
	at org.apache.hadoop.ipc.Server$RpcCall.run(Server.java:822)
	at java.security.AccessController.doPrivileged(Native Method)
	at javax.security.auth.Subject.doAs(Subject.java:422)
	at org.apache.hadoop.security.UserGroupInformation.doAs(UserGroupInformation.java:1730)
	at org.apache.hadoop.ipc.Server$Handler.run(Server.java:2682)
, while invoking $Proxy36.submitRequest over nodeId=null,nodeAddress=localhost:35674. Trying to failover immediately.
2019-10-16 07:54:26,368 [IPC Server handler 2 on 35674] ERROR lock.LockManager (LockManager.java:getLockForReleasing(218)) - Trying to release the lock on /test-key-input-stream-volume/test-key-input-stream-bucket, which was never acquired.
2019-10-16 07:54:26,369 [IPC Server handler 2 on 35674] WARN  ipc.Server (Server.java:logException(2724)) - IPC Server handler 2 on 35674, call Call#23 Retry#1 org.apache.hadoop.ozone.om.protocol.OzoneManagerProtocol.submitRequest from 127.0.0.1:35310
java.lang.IllegalMonitorStateException: Releasing lock on resource /test-key-input-stream-volume/test-key-input-stream-bucket without acquiring lock
	at org.apache.hadoop.ozone.lock.LockManager.getLockForReleasing(LockManager.java:220)
	at org.apache.hadoop.ozone.lock.LockManager.release(LockManager.java:168)
	at org.apache.hadoop.ozone.lock.LockManager.writeUnlock(LockManager.java:148)
	at org.apache.hadoop.ozone.om.lock.OzoneManagerLock.unlock(OzoneManagerLock.java:364)
	at org.apache.hadoop.ozone.om.lock.OzoneManagerLock.releaseWriteLock(OzoneManagerLock.java:329)
	at org.apache.hadoop.ozone.om.request.key.OMKeyCommitRequest.validateAndUpdateCache(OMKeyCommitRequest.java:177)
	at org.apache.hadoop.ozone.protocolPB.OzoneManagerProtocolServerSideTranslatorPB.submitRequestDirectlyToOM(OzoneManagerProtocolServerSideTranslatorPB.java:219)
	at org.apache.hadoop.ozone.protocolPB.OzoneManagerProtocolServerSideTranslatorPB.processRequest(OzoneManagerProtocolServerSideTranslatorPB.java:134)
	at org.apache.hadoop.hdds.server.OzoneProtocolMessageDispatcher.processRequest(OzoneProtocolMessageDispatcher.java:72)
	at org.apache.hadoop.ozone.protocolPB.OzoneManagerProtocolServerSideTranslatorPB.submitRequest(OzoneManagerProtocolServerSideTranslatorPB.java:100)
	at org.apache.hadoop.ozone.protocol.proto.OzoneManagerProtocolProtos$OzoneManagerService$2.callBlockingMethod(OzoneManagerProtocolProtos.java)
	at org.apache.hadoop.ipc.ProtobufRpcEngine$Server$ProtoBufRpcInvoker.call(ProtobufRpcEngine.java:524)
	at org.apache.hadoop.ipc.RPC$Server.call(RPC.java:1025)
	at org.apache.hadoop.ipc.Server$RpcCall.run(Server.java:876)
	at org.apache.hadoop.ipc.Server$RpcCall.run(Server.java:822)
	at java.security.AccessController.doPrivileged(Native Method)
	at javax.security.auth.Subject.doAs(Subject.java:422)
	at org.apache.hadoop.security.UserGroupInformation.doAs(UserGroupInformation.java:1730)
	at org.apache.hadoop.ipc.Server$Handler.run(Server.java:2682)
2019-10-16 07:54:26,372 [main] INFO  retry.RetryInvocationHandler (RetryInvocationHandler.java:log(411)) - com.google.protobuf.ServiceException: org.apache.hadoop.ipc.RemoteException(java.lang.IllegalMonitorStateException): Releasing lock on resource /test-key-input-stream-volume/test-key-input-stream-bucket without acquiring lock
	at org.apache.hadoop.ozone.lock.LockManager.getLockForReleasing(LockManager.java:220)
	at org.apache.hadoop.ozone.lock.LockManager.release(LockManager.java:168)
	at org.apache.hadoop.ozone.lock.LockManager.writeUnlock(LockManager.java:148)
	at org.apache.hadoop.ozone.om.lock.OzoneManagerLock.unlock(OzoneManagerLock.java:364)
	at org.apache.hadoop.ozone.om.lock.OzoneManagerLock.releaseWriteLock(OzoneManagerLock.java:329)
	at org.apache.hadoop.ozone.om.request.key.OMKeyCommitRequest.validateAndUpdateCache(OMKeyCommitRequest.java:177)
	at org.apache.hadoop.ozone.protocolPB.OzoneManagerProtocolServerSideTranslatorPB.submitRequestDirectlyToOM(OzoneManagerProtocolServerSideTranslatorPB.java:219)
	at org.apache.hadoop.ozone.protocolPB.OzoneManagerProtocolServerSideTranslatorPB.processRequest(OzoneManagerProtocolServerSideTranslatorPB.java:134)
	at org.apache.hadoop.hdds.server.OzoneProtocolMessageDispatcher.processRequest(OzoneProtocolMessageDispatcher.java:72)
	at org.apache.hadoop.ozone.protocolPB.OzoneManagerProtocolServerSideTranslatorPB.submitRequest(OzoneManagerProtocolServerSideTranslatorPB.java:100)
	at org.apache.hadoop.ozone.protocol.proto.OzoneManagerProtocolProtos$OzoneManagerService$2.callBlockingMethod(OzoneManagerProtocolProtos.java)
	at org.apache.hadoop.ipc.ProtobufRpcEngine$Server$ProtoBufRpcInvoker.call(ProtobufRpcEngine.java:524)
	at org.apache.hadoop.ipc.RPC$Server.call(RPC.java:1025)
	at org.apache.hadoop.ipc.Server$RpcCall.run(Server.java:876)
	at org.apache.hadoop.ipc.Server$RpcCall.run(Server.java:822)
	at java.security.AccessController.doPrivileged(Native Method)
	at javax.security.auth.Subject.doAs(Subject.java:422)
	at org.apache.hadoop.security.UserGroupInformation.doAs(UserGroupInformation.java:1730)
	at org.apache.hadoop.ipc.Server$Handler.run(Server.java:2682)
, while invoking $Proxy36.submitRequest over nodeId=null,nodeAddress=localhost:35674 after 1 failover attempts. Trying to failover immediately.
2019-10-16 07:54:26,382 [IPC Server handler 0 on 35674] ERROR lock.LockManager (LockManager.java:getLockForReleasing(218)) - Trying to release the lock on /test-key-input-stream-volume/test-key-input-stream-bucket, which was never acquired.
2019-10-16 07:54:26,382 [IPC Server handler 0 on 35674] WARN  ipc.Server (Server.java:logException(2724)) - IPC Server handler 0 on 35674, call Call#23 Retry#2 org.apache.hadoop.ozone.om.protocol.OzoneManagerProtocol.submitRequest from 127.0.0.1:35310
java.lang.IllegalMonitorStateException: Releasing lock on resource /test-key-input-stream-volume/test-key-input-stream-bucket without acquiring lock
	at org.apache.hadoop.ozone.lock.LockManager.getLockForReleasing(LockManager.java:220)
	at org.apache.hadoop.ozone.lock.LockManager.release(LockManager.java:168)
	at org.apache.hadoop.ozone.lock.LockManager.writeUnlock(LockManager.java:148)
	at org.apache.hadoop.ozone.om.lock.OzoneManagerLock.unlock(OzoneManagerLock.java:364)
	at org.apache.hadoop.ozone.om.lock.OzoneManagerLock.releaseWriteLock(OzoneManagerLock.java:329)
	at org.apache.hadoop.ozone.om.request.key.OMKeyCommitRequest.validateAndUpdateCache(OMKeyCommitRequest.java:177)
	at org.apache.hadoop.ozone.protocolPB.OzoneManagerProtocolServerSideTranslatorPB.submitRequestDirectlyToOM(OzoneManagerProtocolServerSideTranslatorPB.java:219)
	at org.apache.hadoop.ozone.protocolPB.OzoneManagerProtocolServerSideTranslatorPB.processRequest(OzoneManagerProtocolServerSideTranslatorPB.java:134)
	at org.apache.hadoop.hdds.server.OzoneProtocolMessageDispatcher.processRequest(OzoneProtocolMessageDispatcher.java:72)
	at org.apache.hadoop.ozone.protocolPB.OzoneManagerProtocolServerSideTranslatorPB.submitRequest(OzoneManagerProtocolServerSideTranslatorPB.java:100)
	at org.apache.hadoop.ozone.protocol.proto.OzoneManagerProtocolProtos$OzoneManagerService$2.callBlockingMethod(OzoneManagerProtocolProtos.java)
	at org.apache.hadoop.ipc.ProtobufRpcEngine$Server$ProtoBufRpcInvoker.call(ProtobufRpcEngine.java:524)
	at org.apache.hadoop.ipc.RPC$Server.call(RPC.java:1025)
	at org.apache.hadoop.ipc.Server$RpcCall.run(Server.java:876)
	at org.apache.hadoop.ipc.Server$RpcCall.run(Server.java:822)
	at java.security.AccessController.doPrivileged(Native Method)
	at javax.security.auth.Subject.doAs(Subject.java:422)
	at org.apache.hadoop.security.UserGroupInformation.doAs(UserGroupInformation.java:1730)
	at org.apache.hadoop.ipc.Server$Handler.run(Server.java:2682)
2019-10-16 07:54:26,384 [main] INFO  retry.RetryInvocationHandler (RetryInvocationHandler.java:log(411)) - com.google.protobuf.ServiceException: org.apache.hadoop.ipc.RemoteException(java.lang.IllegalMonitorStateException): Releasing lock on resource /test-key-input-stream-volume/test-key-input-stream-bucket without acquiring lock
	at org.apache.hadoop.ozone.lock.LockManager.getLockForReleasing(LockManager.java:220)
	at org.apache.hadoop.ozone.lock.LockManager.release(LockManager.java:168)
	at org.apache.hadoop.ozone.lock.LockManager.writeUnlock(LockManager.java:148)
	at org.apache.hadoop.ozone.om.lock.OzoneManagerLock.unlock(OzoneManagerLock.java:364)
	at org.apache.hadoop.ozone.om.lock.OzoneManagerLock.releaseWriteLock(OzoneManagerLock.java:329)
	at org.apache.hadoop.ozone.om.request.key.OMKeyCommitRequest.validateAndUpdateCache(OMKeyCommitRequest.java:177)
	at org.apache.hadoop.ozone.protocolPB.OzoneManagerProtocolServerSideTranslatorPB.submitRequestDirectlyToOM(OzoneManagerProtocolServerSideTranslatorPB.java:219)
	at org.apache.hadoop.ozone.protocolPB.OzoneManagerProtocolServerSideTranslatorPB.processRequest(OzoneManagerProtocolServerSideTranslatorPB.java:134)
	at org.apache.hadoop.hdds.server.OzoneProtocolMessageDispatcher.processRequest(OzoneProtocolMessageDispatcher.java:72)
	at org.apache.hadoop.ozone.protocolPB.OzoneManagerProtocolServerSideTranslatorPB.submitRequest(OzoneManagerProtocolServerSideTranslatorPB.java:100)
	at org.apache.hadoop.ozone.protocol.proto.OzoneManagerProtocolProtos$OzoneManagerService$2.callBlockingMethod(OzoneManagerProtocolProtos.java)
	at org.apache.hadoop.ipc.ProtobufRpcEngine$Server$ProtoBufRpcInvoker.call(ProtobufRpcEngine.java:524)
	at org.apache.hadoop.ipc.RPC$Server.call(RPC.java:1025)
	at org.apache.hadoop.ipc.Server$RpcCall.run(Server.java:876)
	at org.apache.hadoop.ipc.Server$RpcCall.run(Server.java:822)
	at java.security.AccessController.doPrivileged(Native Method)
	at javax.security.auth.Subject.doAs(Subject.java:422)
	at org.apache.hadoop.security.UserGroupInformation.doAs(UserGroupInformation.java:1730)
	at org.apache.hadoop.ipc.Server$Handler.run(Server.java:2682)
, while invoking $Proxy36.submitRequest over nodeId=null,nodeAddress=localhost:35674 after 2 failover attempts. Trying to failover immediately.
2019-10-16 07:54:26,390 [IPC Server handler 1 on 35674] ERROR lock.LockManager (LockManager.java:getLockForReleasing(218)) - Trying to release the lock on /test-key-input-stream-volume/test-key-input-stream-bucket, which was never acquired.
2019-10-16 07:54:26,390 [IPC Server handler 1 on 35674] WARN  ipc.Server (Server.java:logException(2724)) - IPC Server handler 1 on 35674, call Call#23 Retry#3 org.apache.hadoop.ozone.om.protocol.OzoneManagerProtocol.submitRequest from 127.0.0.1:35310
java.lang.IllegalMonitorStateException: Releasing lock on resource /test-key-input-stream-volume/test-key-input-stream-bucket without acquiring lock
	at org.apache.hadoop.ozone.lock.LockManager.getLockForReleasing(LockManager.java:220)
	at org.apache.hadoop.ozone.lock.LockManager.release(LockManager.java:168)
	at org.apache.hadoop.ozone.lock.LockManager.writeUnlock(LockManager.java:148)
	at org.apache.hadoop.ozone.om.lock.OzoneManagerLock.unlock(OzoneManagerLock.java:364)
	at org.apache.hadoop.ozone.om.lock.OzoneManagerLock.releaseWriteLock(OzoneManagerLock.java:329)
	at org.apache.hadoop.ozone.om.request.key.OMKeyCommitRequest.validateAndUpdateCache(OMKeyCommitRequest.java:177)
	at org.apache.hadoop.ozone.protocolPB.OzoneManagerProtocolServerSideTranslatorPB.submitRequestDirectlyToOM(OzoneManagerProtocolServerSideTranslatorPB.java:219)
	at org.apache.hadoop.ozone.protocolPB.OzoneManagerProtocolServerSideTranslatorPB.processRequest(OzoneManagerProtocolServerSideTranslatorPB.java:134)
	at org.apache.hadoop.hdds.server.OzoneProtocolMessageDispatcher.processRequest(OzoneProtocolMessageDispatcher.java:72)
	at org.apache.hadoop.ozone.protocolPB.OzoneManagerProtocolServerSideTranslatorPB.submitRequest(OzoneManagerProtocolServerSideTranslatorPB.java:100)
	at org.apache.hadoop.ozone.protocol.proto.OzoneManagerProtocolProtos$OzoneManagerService$2.callBlockingMethod(OzoneManagerProtocolProtos.java)
	at org.apache.hadoop.ipc.ProtobufRpcEngine$Server$ProtoBufRpcInvoker.call(ProtobufRpcEngine.java:524)
	at org.apache.hadoop.ipc.RPC$Server.call(RPC.java:1025)
	at org.apache.hadoop.ipc.Server$RpcCall.run(Server.java:876)
	at org.apache.hadoop.ipc.Server$RpcCall.run(Server.java:822)
	at java.security.AccessController.doPrivileged(Native Method)
	at javax.security.auth.Subject.doAs(Subject.java:422)
	at org.apache.hadoop.security.UserGroupInformation.doAs(UserGroupInformation.java:1730)
	at org.apache.hadoop.ipc.Server$Handler.run(Server.java:2682)
2019-10-16 07:54:26,392 [main] INFO  retry.RetryInvocationHandler (RetryInvocationHandler.java:log(411)) - com.google.protobuf.ServiceException: org.apache.hadoop.ipc.RemoteException(java.lang.IllegalMonitorStateException): Releasing lock on resource /test-key-input-stream-volume/test-key-input-stream-bucket without acquiring lock
	at org.apache.hadoop.ozone.lock.LockManager.getLockForReleasing(LockManager.java:220)
	at org.apache.hadoop.ozone.lock.LockManager.release(LockManager.java:168)
	at org.apache.hadoop.ozone.lock.LockManager.writeUnlock(LockManager.java:148)
	at org.apache.hadoop.ozone.om.lock.OzoneManagerLock.unlock(OzoneManagerLock.java:364)
	at org.apache.hadoop.ozone.om.lock.OzoneManagerLock.releaseWriteLock(OzoneManagerLock.java:329)
	at org.apache.hadoop.ozone.om.request.key.OMKeyCommitRequest.validateAndUpdateCache(OMKeyCommitRequest.java:177)
	at org.apache.hadoop.ozone.protocolPB.OzoneManagerProtocolServerSideTranslatorPB.submitRequestDirectlyToOM(OzoneManagerProtocolServerSideTranslatorPB.java:219)
	at org.apache.hadoop.ozone.protocolPB.OzoneManagerProtocolServerSideTranslatorPB.processRequest(OzoneManagerProtocolServerSideTranslatorPB.java:134)
	at org.apache.hadoop.hdds.server.OzoneProtocolMessageDispatcher.processRequest(OzoneProtocolMessageDispatcher.java:72)
	at org.apache.hadoop.ozone.protocolPB.OzoneManagerProtocolServerSideTranslatorPB.submitRequest(OzoneManagerProtocolServerSideTranslatorPB.java:100)
	at org.apache.hadoop.ozone.protocol.proto.OzoneManagerProtocolProtos$OzoneManagerService$2.callBlockingMethod(OzoneManagerProtocolProtos.java)
	at org.apache.hadoop.ipc.ProtobufRpcEngine$Server$ProtoBufRpcInvoker.call(ProtobufRpcEngine.java:524)
	at org.apache.hadoop.ipc.RPC$Server.call(RPC.java:1025)
	at org.apache.hadoop.ipc.Server$RpcCall.run(Server.java:876)
	at org.apache.hadoop.ipc.Server$RpcCall.run(Server.java:822)
	at java.security.AccessController.doPrivileged(Native Method)
	at javax.security.auth.Subject.doAs(Subject.java:422)
	at org.apache.hadoop.security.UserGroupInformation.doAs(UserGroupInformation.java:1730)
	at org.apache.hadoop.ipc.Server$Handler.run(Server.java:2682)
, while invoking $Proxy36.submitRequest over nodeId=null,nodeAddress=localhost:35674 after 3 failover attempts. Trying to failover immediately.
2019-10-16 07:54:26,398 [IPC Server handler 3 on 35674] ERROR lock.LockManager (LockManager.java:getLockForReleasing(218)) - Trying to release the lock on /test-key-input-stream-volume/test-key-input-stream-bucket, which was never acquired.
2019-10-16 07:54:26,398 [IPC Server handler 3 on 35674] WARN  ipc.Server (Server.java:logException(2724)) - IPC Server handler 3 on 35674, call Call#23 Retry#4 org.apache.hadoop.ozone.om.protocol.OzoneManagerProtocol.submitRequest from 127.0.0.1:35310
java.lang.IllegalMonitorStateException: Releasing lock on resource /test-key-input-stream-volume/test-key-input-stream-bucket without acquiring lock
	at org.apache.hadoop.ozone.lock.LockManager.getLockForReleasing(LockManager.java:220)
	at org.apache.hadoop.ozone.lock.LockManager.release(LockManager.java:168)
	at org.apache.hadoop.ozone.lock.LockManager.writeUnlock(LockManager.java:148)
	at org.apache.hadoop.ozone.om.lock.OzoneManagerLock.unlock(OzoneManagerLock.java:364)
	at org.apache.hadoop.ozone.om.lock.OzoneManagerLock.releaseWriteLock(OzoneManagerLock.java:329)
	at org.apache.hadoop.ozone.om.request.key.OMKeyCommitRequest.validateAndUpdateCache(OMKeyCommitRequest.java:177)
	at org.apache.hadoop.ozone.protocolPB.OzoneManagerProtocolServerSideTranslatorPB.submitRequestDirectlyToOM(OzoneManagerProtocolServerSideTranslatorPB.java:219)
	at org.apache.hadoop.ozone.protocolPB.OzoneManagerProtocolServerSideTranslatorPB.processRequest(OzoneManagerProtocolServerSideTranslatorPB.java:134)
	at org.apache.hadoop.hdds.server.OzoneProtocolMessageDispatcher.processRequest(OzoneProtocolMessageDispatcher.java:72)
	at org.apache.hadoop.ozone.protocolPB.OzoneManagerProtocolServerSideTranslatorPB.submitRequest(OzoneManagerProtocolServerSideTranslatorPB.java:100)
	at org.apache.hadoop.ozone.protocol.proto.OzoneManagerProtocolProtos$OzoneManagerService$2.callBlockingMethod(OzoneManagerProtocolProtos.java)
	at org.apache.hadoop.ipc.ProtobufRpcEngine$Server$ProtoBufRpcInvoker.call(ProtobufRpcEngine.java:524)
	at org.apache.hadoop.ipc.RPC$Server.call(RPC.java:1025)
	at org.apache.hadoop.ipc.Server$RpcCall.run(Server.java:876)
	at org.apache.hadoop.ipc.Server$RpcCall.run(Server.java:822)
	at java.security.AccessController.doPrivileged(Native Method)
	at javax.security.auth.Subject.doAs(Subject.java:422)
	at org.apache.hadoop.security.UserGroupInformation.doAs(UserGroupInformation.java:1730)
	at org.apache.hadoop.ipc.Server$Handler.run(Server.java:2682)
2019-10-16 07:54:26,401 [main] INFO  retry.RetryInvocationHandler (RetryInvocationHandler.java:log(411)) - com.google.protobuf.ServiceException: org.apache.hadoop.ipc.RemoteException(java.lang.IllegalMonitorStateException): Releasing lock on resource /test-key-input-stream-volume/test-key-input-stream-bucket without acquiring lock
	at org.apache.hadoop.ozone.lock.LockManager.getLockForReleasing(LockManager.java:220)
	at org.apache.hadoop.ozone.lock.LockManager.release(LockManager.java:168)
	at org.apache.hadoop.ozone.lock.LockManager.writeUnlock(LockManager.java:148)
	at org.apache.hadoop.ozone.om.lock.OzoneManagerLock.unlock(OzoneManagerLock.java:364)
	at org.apache.hadoop.ozone.om.lock.OzoneManagerLock.releaseWriteLock(OzoneManagerLock.java:329)
	at org.apache.hadoop.ozone.om.request.key.OMKeyCommitRequest.validateAndUpdateCache(OMKeyCommitRequest.java:177)
	at org.apache.hadoop.ozone.protocolPB.OzoneManagerProtocolServerSideTranslatorPB.submitRequestDirectlyToOM(OzoneManagerProtocolServerSideTranslatorPB.java:219)
	at org.apache.hadoop.ozone.protocolPB.OzoneManagerProtocolServerSideTranslatorPB.processRequest(OzoneManagerProtocolServerSideTranslatorPB.java:134)
	at org.apache.hadoop.hdds.server.OzoneProtocolMessageDispatcher.processRequest(OzoneProtocolMessageDispatcher.java:72)
	at org.apache.hadoop.ozone.protocolPB.OzoneManagerProtocolServerSideTranslatorPB.submitRequest(OzoneManagerProtocolServerSideTranslatorPB.java:100)
	at org.apache.hadoop.ozone.protocol.proto.OzoneManagerProtocolProtos$OzoneManagerService$2.callBlockingMethod(OzoneManagerProtocolProtos.java)
	at org.apache.hadoop.ipc.ProtobufRpcEngine$Server$ProtoBufRpcInvoker.call(ProtobufRpcEngine.java:524)
	at org.apache.hadoop.ipc.RPC$Server.call(RPC.java:1025)
	at org.apache.hadoop.ipc.Server$RpcCall.run(Server.java:876)
	at org.apache.hadoop.ipc.Server$RpcCall.run(Server.java:822)
	at java.security.AccessController.doPrivileged(Native Method)
	at javax.security.auth.Subject.doAs(Subject.java:422)
	at org.apache.hadoop.security.UserGroupInformation.doAs(UserGroupInformation.java:1730)
	at org.apache.hadoop.ipc.Server$Handler.run(Server.java:2682)
, while invoking $Proxy36.submitRequest over nodeId=null,nodeAddress=localhost:35674 after 4 failover attempts. Trying to failover immediately.
2019-10-16 07:54:26,406 [IPC Server handler 6 on 35674] ERROR lock.LockManager (LockManager.java:getLockForReleasing(218)) - Trying to release the lock on /test-key-input-stream-volume/test-key-input-stream-bucket, which was never acquired.
2019-10-16 07:54:26,406 [IPC Server handler 6 on 35674] WARN  ipc.Server (Server.java:logException(2724)) - IPC Server handler 6 on 35674, call Call#23 Retry#5 org.apache.hadoop.ozone.om.protocol.OzoneManagerProtocol.submitRequest from 127.0.0.1:35310
java.lang.IllegalMonitorStateException: Releasing lock on resource /test-key-input-stream-volume/test-key-input-stream-bucket without acquiring lock
	at org.apache.hadoop.ozone.lock.LockManager.getLockForReleasing(LockManager.java:220)
	at org.apache.hadoop.ozone.lock.LockManager.release(LockManager.java:168)
	at org.apache.hadoop.ozone.lock.LockManager.writeUnlock(LockManager.java:148)
	at org.apache.hadoop.ozone.om.lock.OzoneManagerLock.unlock(OzoneManagerLock.java:364)
	at org.apache.hadoop.ozone.om.lock.OzoneManagerLock.releaseWriteLock(OzoneManagerLock.java:329)
	at org.apache.hadoop.ozone.om.request.key.OMKeyCommitRequest.validateAndUpdateCache(OMKeyCommitRequest.java:177)
	at org.apache.hadoop.ozone.protocolPB.OzoneManagerProtocolServerSideTranslatorPB.submitRequestDirectlyToOM(OzoneManagerProtocolServerSideTranslatorPB.java:219)
	at org.apache.hadoop.ozone.protocolPB.OzoneManagerProtocolServerSideTranslatorPB.processRequest(OzoneManagerProtocolServerSideTranslatorPB.java:134)
	at org.apache.hadoop.hdds.server.OzoneProtocolMessageDispatcher.processRequest(OzoneProtocolMessageDispatcher.java:72)
	at org.apache.hadoop.ozone.protocolPB.OzoneManagerProtocolServerSideTranslatorPB.submitRequest(OzoneManagerProtocolServerSideTranslatorPB.java:100)
	at org.apache.hadoop.ozone.protocol.proto.OzoneManagerProtocolProtos$OzoneManagerService$2.callBlockingMethod(OzoneManagerProtocolProtos.java)
	at org.apache.hadoop.ipc.ProtobufRpcEngine$Server$ProtoBufRpcInvoker.call(ProtobufRpcEngine.java:524)
	at org.apache.hadoop.ipc.RPC$Server.call(RPC.java:1025)
	at org.apache.hadoop.ipc.Server$RpcCall.run(Server.java:876)
	at org.apache.hadoop.ipc.Server$RpcCall.run(Server.java:822)
	at java.security.AccessController.doPrivileged(Native Method)
	at javax.security.auth.Subject.doAs(Subject.java:422)
	at org.apache.hadoop.security.UserGroupInformation.doAs(UserGroupInformation.java:1730)
	at org.apache.hadoop.ipc.Server$Handler.run(Server.java:2682)
2019-10-16 07:54:26,408 [main] INFO  retry.RetryInvocationHandler (RetryInvocationHandler.java:log(411)) - com.google.protobuf.ServiceException: org.apache.hadoop.ipc.RemoteException(java.lang.IllegalMonitorStateException): Releasing lock on resource /test-key-input-stream-volume/test-key-input-stream-bucket without acquiring lock
	at org.apache.hadoop.ozone.lock.LockManager.getLockForReleasing(LockManager.java:220)
	at org.apache.hadoop.ozone.lock.LockManager.release(LockManager.java:168)
	at org.apache.hadoop.ozone.lock.LockManager.writeUnlock(LockManager.java:148)
	at org.apache.hadoop.ozone.om.lock.OzoneManagerLock.unlock(OzoneManagerLock.java:364)
	at org.apache.hadoop.ozone.om.lock.OzoneManagerLock.releaseWriteLock(OzoneManagerLock.java:329)
	at org.apache.hadoop.ozone.om.request.key.OMKeyCommitRequest.validateAndUpdateCache(OMKeyCommitRequest.java:177)
	at org.apache.hadoop.ozone.protocolPB.OzoneManagerProtocolServerSideTranslatorPB.submitRequestDirectlyToOM(OzoneManagerProtocolServerSideTranslatorPB.java:219)
	at org.apache.hadoop.ozone.protocolPB.OzoneManagerProtocolServerSideTranslatorPB.processRequest(OzoneManagerProtocolServerSideTranslatorPB.java:134)
	at org.apache.hadoop.hdds.server.OzoneProtocolMessageDispatcher.processRequest(OzoneProtocolMessageDispatcher.java:72)
	at org.apache.hadoop.ozone.protocolPB.OzoneManagerProtocolServerSideTranslatorPB.submitRequest(OzoneManagerProtocolServerSideTranslatorPB.java:100)
	at org.apache.hadoop.ozone.protocol.proto.OzoneManagerProtocolProtos$OzoneManagerService$2.callBlockingMethod(OzoneManagerProtocolProtos.java)
	at org.apache.hadoop.ipc.ProtobufRpcEngine$Server$ProtoBufRpcInvoker.call(ProtobufRpcEngine.java:524)
	at org.apache.hadoop.ipc.RPC$Server.call(RPC.java:1025)
	at org.apache.hadoop.ipc.Server$RpcCall.run(Server.java:876)
	at org.apache.hadoop.ipc.Server$RpcCall.run(Server.java:822)
	at java.security.AccessController.doPrivileged(Native Method)
	at javax.security.auth.Subject.doAs(Subject.java:422)
	at org.apache.hadoop.security.UserGroupInformation.doAs(UserGroupInformation.java:1730)
	at org.apache.hadoop.ipc.Server$Handler.run(Server.java:2682)
, while invoking $Proxy36.submitRequest over nodeId=null,nodeAddress=localhost:35674 after 5 failover attempts. Trying to failover immediately.
2019-10-16 07:54:26,414 [IPC Server handler 4 on 35674] ERROR lock.LockManager (LockManager.java:getLockForReleasing(218)) - Trying to release the lock on /test-key-input-stream-volume/test-key-input-stream-bucket, which was never acquired.
2019-10-16 07:54:26,414 [IPC Server handler 4 on 35674] WARN  ipc.Server (Server.java:logException(2724)) - IPC Server handler 4 on 35674, call Call#23 Retry#6 org.apache.hadoop.ozone.om.protocol.OzoneManagerProtocol.submitRequest from 127.0.0.1:35310
java.lang.IllegalMonitorStateException: Releasing lock on resource /test-key-input-stream-volume/test-key-input-stream-bucket without acquiring lock
	at org.apache.hadoop.ozone.lock.LockManager.getLockForReleasing(LockManager.java:220)
	at org.apache.hadoop.ozone.lock.LockManager.release(LockManager.java:168)
	at org.apache.hadoop.ozone.lock.LockManager.writeUnlock(LockManager.java:148)
	at org.apache.hadoop.ozone.om.lock.OzoneManagerLock.unlock(OzoneManagerLock.java:364)
	at org.apache.hadoop.ozone.om.lock.OzoneManagerLock.releaseWriteLock(OzoneManagerLock.java:329)
	at org.apache.hadoop.ozone.om.request.key.OMKeyCommitRequest.validateAndUpdateCache(OMKeyCommitRequest.java:177)
	at org.apache.hadoop.ozone.protocolPB.OzoneManagerProtocolServerSideTranslatorPB.submitRequestDirectlyToOM(OzoneManagerProtocolServerSideTranslatorPB.java:219)
	at org.apache.hadoop.ozone.protocolPB.OzoneManagerProtocolServerSideTranslatorPB.processRequest(OzoneManagerProtocolServerSideTranslatorPB.java:134)
	at org.apache.hadoop.hdds.server.OzoneProtocolMessageDispatcher.processRequest(OzoneProtocolMessageDispatcher.java:72)
	at org.apache.hadoop.ozone.protocolPB.OzoneManagerProtocolServerSideTranslatorPB.submitRequest(OzoneManagerProtocolServerSideTranslatorPB.java:100)
	at org.apache.hadoop.ozone.protocol.proto.OzoneManagerProtocolProtos$OzoneManagerService$2.callBlockingMethod(OzoneManagerProtocolProtos.java)
	at org.apache.hadoop.ipc.ProtobufRpcEngine$Server$ProtoBufRpcInvoker.call(ProtobufRpcEngine.java:524)
	at org.apache.hadoop.ipc.RPC$Server.call(RPC.java:1025)
	at org.apache.hadoop.ipc.Server$RpcCall.run(Server.java:876)
	at org.apache.hadoop.ipc.Server$RpcCall.run(Server.java:822)
	at java.security.AccessController.doPrivileged(Native Method)
	at javax.security.auth.Subject.doAs(Subject.java:422)
	at org.apache.hadoop.security.UserGroupInformation.doAs(UserGroupInformation.java:1730)
	at org.apache.hadoop.ipc.Server$Handler.run(Server.java:2682)
2019-10-16 07:54:26,416 [main] INFO  retry.RetryInvocationHandler (RetryInvocationHandler.java:log(411)) - com.google.protobuf.ServiceException: org.apache.hadoop.ipc.RemoteException(java.lang.IllegalMonitorStateException): Releasing lock on resource /test-key-input-stream-volume/test-key-input-stream-bucket without acquiring lock
	at org.apache.hadoop.ozone.lock.LockManager.getLockForReleasing(LockManager.java:220)
	at org.apache.hadoop.ozone.lock.LockManager.release(LockManager.java:168)
	at org.apache.hadoop.ozone.lock.LockManager.writeUnlock(LockManager.java:148)
	at org.apache.hadoop.ozone.om.lock.OzoneManagerLock.unlock(OzoneManagerLock.java:364)
	at org.apache.hadoop.ozone.om.lock.OzoneManagerLock.releaseWriteLock(OzoneManagerLock.java:329)
	at org.apache.hadoop.ozone.om.request.key.OMKeyCommitRequest.validateAndUpdateCache(OMKeyCommitRequest.java:177)
	at org.apache.hadoop.ozone.protocolPB.OzoneManagerProtocolServerSideTranslatorPB.submitRequestDirectlyToOM(OzoneManagerProtocolServerSideTranslatorPB.java:219)
	at org.apache.hadoop.ozone.protocolPB.OzoneManagerProtocolServerSideTranslatorPB.processRequest(OzoneManagerProtocolServerSideTranslatorPB.java:134)
	at org.apache.hadoop.hdds.server.OzoneProtocolMessageDispatcher.processRequest(OzoneProtocolMessageDispatcher.java:72)
	at org.apache.hadoop.ozone.protocolPB.OzoneManagerProtocolServerSideTranslatorPB.submitRequest(OzoneManagerProtocolServerSideTranslatorPB.java:100)
	at org.apache.hadoop.ozone.protocol.proto.OzoneManagerProtocolProtos$OzoneManagerService$2.callBlockingMethod(OzoneManagerProtocolProtos.java)
	at org.apache.hadoop.ipc.ProtobufRpcEngine$Server$ProtoBufRpcInvoker.call(ProtobufRpcEngine.java:524)
	at org.apache.hadoop.ipc.RPC$Server.call(RPC.java:1025)
	at org.apache.hadoop.ipc.Server$RpcCall.run(Server.java:876)
	at org.apache.hadoop.ipc.Server$RpcCall.run(Server.java:822)
	at java.security.AccessController.doPrivileged(Native Method)
	at javax.security.auth.Subject.doAs(Subject.java:422)
	at org.apache.hadoop.security.UserGroupInformation.doAs(UserGroupInformation.java:1730)
	at org.apache.hadoop.ipc.Server$Handler.run(Server.java:2682)
, while invoking $Proxy36.submitRequest over nodeId=null,nodeAddress=localhost:35674 after 6 failover attempts. Trying to failover immediately.
2019-10-16 07:54:26,427 [IPC Server handler 5 on 35674] ERROR lock.LockManager (LockManager.java:getLockForReleasing(218)) - Trying to release the lock on /test-key-input-stream-volume/test-key-input-stream-bucket, which was never acquired.
2019-10-16 07:54:26,427 [IPC Server handler 5 on 35674] WARN  ipc.Server (Server.java:logException(2724)) - IPC Server handler 5 on 35674, call Call#23 Retry#7 org.apache.hadoop.ozone.om.protocol.OzoneManagerProtocol.submitRequest from 127.0.0.1:35310
java.lang.IllegalMonitorStateException: Releasing lock on resource /test-key-input-stream-volume/test-key-input-stream-bucket without acquiring lock
	at org.apache.hadoop.ozone.lock.LockManager.getLockForReleasing(LockManager.java:220)
	at org.apache.hadoop.ozone.lock.LockManager.release(LockManager.java:168)
	at org.apache.hadoop.ozone.lock.LockManager.writeUnlock(LockManager.java:148)
	at org.apache.hadoop.ozone.om.lock.OzoneManagerLock.unlock(OzoneManagerLock.java:364)
	at org.apache.hadoop.ozone.om.lock.OzoneManagerLock.releaseWriteLock(OzoneManagerLock.java:329)
	at org.apache.hadoop.ozone.om.request.key.OMKeyCommitRequest.validateAndUpdateCache(OMKeyCommitRequest.java:177)
	at org.apache.hadoop.ozone.protocolPB.OzoneManagerProtocolServerSideTranslatorPB.submitRequestDirectlyToOM(OzoneManagerProtocolServerSideTranslatorPB.java:219)
	at org.apache.hadoop.ozone.protocolPB.OzoneManagerProtocolServerSideTranslatorPB.processRequest(OzoneManagerProtocolServerSideTranslatorPB.java:134)
	at org.apache.hadoop.hdds.server.OzoneProtocolMessageDispatcher.processRequest(OzoneProtocolMessageDispatcher.java:72)
	at org.apache.hadoop.ozone.protocolPB.OzoneManagerProtocolServerSideTranslatorPB.submitRequest(OzoneManagerProtocolServerSideTranslatorPB.java:100)
	at org.apache.hadoop.ozone.protocol.proto.OzoneManagerProtocolProtos$OzoneManagerService$2.callBlockingMethod(OzoneManagerProtocolProtos.java)
	at org.apache.hadoop.ipc.ProtobufRpcEngine$Server$ProtoBufRpcInvoker.call(ProtobufRpcEngine.java:524)
	at org.apache.hadoop.ipc.RPC$Server.call(RPC.java:1025)
	at org.apache.hadoop.ipc.Server$RpcCall.run(Server.java:876)
	at org.apache.hadoop.ipc.Server$RpcCall.run(Server.java:822)
	at java.security.AccessController.doPrivileged(Native Method)
	at javax.security.auth.Subject.doAs(Subject.java:422)
	at org.apache.hadoop.security.UserGroupInformation.doAs(UserGroupInformation.java:1730)
	at org.apache.hadoop.ipc.Server$Handler.run(Server.java:2682)
2019-10-16 07:54:26,429 [main] INFO  retry.RetryInvocationHandler (RetryInvocationHandler.java:log(411)) - com.google.protobuf.ServiceException: org.apache.hadoop.ipc.RemoteException(java.lang.IllegalMonitorStateException): Releasing lock on resource /test-key-input-stream-volume/test-key-input-stream-bucket without acquiring lock
	at org.apache.hadoop.ozone.lock.LockManager.getLockForReleasing(LockManager.java:220)
	at org.apache.hadoop.ozone.lock.LockManager.release(LockManager.java:168)
	at org.apache.hadoop.ozone.lock.LockManager.writeUnlock(LockManager.java:148)
	at org.apache.hadoop.ozone.om.lock.OzoneManagerLock.unlock(OzoneManagerLock.java:364)
	at org.apache.hadoop.ozone.om.lock.OzoneManagerLock.releaseWriteLock(OzoneManagerLock.java:329)
	at org.apache.hadoop.ozone.om.request.key.OMKeyCommitRequest.validateAndUpdateCache(OMKeyCommitRequest.java:177)
	at org.apache.hadoop.ozone.protocolPB.OzoneManagerProtocolServerSideTranslatorPB.submitRequestDirectlyToOM(OzoneManagerProtocolServerSideTranslatorPB.java:219)
	at org.apache.hadoop.ozone.protocolPB.OzoneManagerProtocolServerSideTranslatorPB.processRequest(OzoneManagerProtocolServerSideTranslatorPB.java:134)
	at org.apache.hadoop.hdds.server.OzoneProtocolMessageDispatcher.processRequest(OzoneProtocolMessageDispatcher.java:72)
	at org.apache.hadoop.ozone.protocolPB.OzoneManagerProtocolServerSideTranslatorPB.submitRequest(OzoneManagerProtocolServerSideTranslatorPB.java:100)
	at org.apache.hadoop.ozone.protocol.proto.OzoneManagerProtocolProtos$OzoneManagerService$2.callBlockingMethod(OzoneManagerProtocolProtos.java)
	at org.apache.hadoop.ipc.ProtobufRpcEngine$Server$ProtoBufRpcInvoker.call(ProtobufRpcEngine.java:524)
	at org.apache.hadoop.ipc.RPC$Server.call(RPC.java:1025)
	at org.apache.hadoop.ipc.Server$RpcCall.run(Server.java:876)
	at org.apache.hadoop.ipc.Server$RpcCall.run(Server.java:822)
	at java.security.AccessController.doPrivileged(Native Method)
	at javax.security.auth.Subject.doAs(Subject.java:422)
	at org.apache.hadoop.security.UserGroupInformation.doAs(UserGroupInformation.java:1730)
	at org.apache.hadoop.ipc.Server$Handler.run(Server.java:2682)
, while invoking $Proxy36.submitRequest over nodeId=null,nodeAddress=localhost:35674 after 7 failover attempts. Trying to failover immediately.
2019-10-16 07:54:26,434 [IPC Server handler 7 on 35674] ERROR lock.LockManager (LockManager.java:getLockForReleasing(218)) - Trying to release the lock on /test-key-input-stream-volume/test-key-input-stream-bucket, which was never acquired.
2019-10-16 07:54:26,435 [IPC Server handler 7 on 35674] WARN  ipc.Server (Server.java:logException(2724)) - IPC Server handler 7 on 35674, call Call#23 Retry#8 org.apache.hadoop.ozone.om.protocol.OzoneManagerProtocol.submitRequest from 127.0.0.1:35310
java.lang.IllegalMonitorStateException: Releasing lock on resource /test-key-input-stream-volume/test-key-input-stream-bucket without acquiring lock
	at org.apache.hadoop.ozone.lock.LockManager.getLockForReleasing(LockManager.java:220)
	at org.apache.hadoop.ozone.lock.LockManager.release(LockManager.java:168)
	at org.apache.hadoop.ozone.lock.LockManager.writeUnlock(LockManager.java:148)
	at org.apache.hadoop.ozone.om.lock.OzoneManagerLock.unlock(OzoneManagerLock.java:364)
	at org.apache.hadoop.ozone.om.lock.OzoneManagerLock.releaseWriteLock(OzoneManagerLock.java:329)
	at org.apache.hadoop.ozone.om.request.key.OMKeyCommitRequest.validateAndUpdateCache(OMKeyCommitRequest.java:177)
	at org.apache.hadoop.ozone.protocolPB.OzoneManagerProtocolServerSideTranslatorPB.submitRequestDirectlyToOM(OzoneManagerProtocolServerSideTranslatorPB.java:219)
	at org.apache.hadoop.ozone.protocolPB.OzoneManagerProtocolServerSideTranslatorPB.processRequest(OzoneManagerProtocolServerSideTranslatorPB.java:134)
	at org.apache.hadoop.hdds.server.OzoneProtocolMessageDispatcher.processRequest(OzoneProtocolMessageDispatcher.java:72)
	at org.apache.hadoop.ozone.protocolPB.OzoneManagerProtocolServerSideTranslatorPB.submitRequest(OzoneManagerProtocolServerSideTranslatorPB.java:100)
	at org.apache.hadoop.ozone.protocol.proto.OzoneManagerProtocolProtos$OzoneManagerService$2.callBlockingMethod(OzoneManagerProtocolProtos.java)
	at org.apache.hadoop.ipc.ProtobufRpcEngine$Server$ProtoBufRpcInvoker.call(ProtobufRpcEngine.java:524)
	at org.apache.hadoop.ipc.RPC$Server.call(RPC.java:1025)
	at org.apache.hadoop.ipc.Server$RpcCall.run(Server.java:876)
	at org.apache.hadoop.ipc.Server$RpcCall.run(Server.java:822)
	at java.security.AccessController.doPrivileged(Native Method)
	at javax.security.auth.Subject.doAs(Subject.java:422)
	at org.apache.hadoop.security.UserGroupInformation.doAs(UserGroupInformation.java:1730)
	at org.apache.hadoop.ipc.Server$Handler.run(Server.java:2682)
2019-10-16 07:54:26,437 [main] INFO  retry.RetryInvocationHandler (RetryInvocationHandler.java:log(411)) - com.google.protobuf.ServiceException: org.apache.hadoop.ipc.RemoteException(java.lang.IllegalMonitorStateException): Releasing lock on resource /test-key-input-stream-volume/test-key-input-stream-bucket without acquiring lock
	at org.apache.hadoop.ozone.lock.LockManager.getLockForReleasing(LockManager.java:220)
	at org.apache.hadoop.ozone.lock.LockManager.release(LockManager.java:168)
	at org.apache.hadoop.ozone.lock.LockManager.writeUnlock(LockManager.java:148)
	at org.apache.hadoop.ozone.om.lock.OzoneManagerLock.unlock(OzoneManagerLock.java:364)
	at org.apache.hadoop.ozone.om.lock.OzoneManagerLock.releaseWriteLock(OzoneManagerLock.java:329)
	at org.apache.hadoop.ozone.om.request.key.OMKeyCommitRequest.validateAndUpdateCache(OMKeyCommitRequest.java:177)
	at org.apache.hadoop.ozone.protocolPB.OzoneManagerProtocolServerSideTranslatorPB.submitRequestDirectlyToOM(OzoneManagerProtocolServerSideTranslatorPB.java:219)
	at org.apache.hadoop.ozone.protocolPB.OzoneManagerProtocolServerSideTranslatorPB.processRequest(OzoneManagerProtocolServerSideTranslatorPB.java:134)
	at org.apache.hadoop.hdds.server.OzoneProtocolMessageDispatcher.processRequest(OzoneProtocolMessageDispatcher.java:72)
	at org.apache.hadoop.ozone.protocolPB.OzoneManagerProtocolServerSideTranslatorPB.submitRequest(OzoneManagerProtocolServerSideTranslatorPB.java:100)
	at org.apache.hadoop.ozone.protocol.proto.OzoneManagerProtocolProtos$OzoneManagerService$2.callBlockingMethod(OzoneManagerProtocolProtos.java)
	at org.apache.hadoop.ipc.ProtobufRpcEngine$Server$ProtoBufRpcInvoker.call(ProtobufRpcEngine.java:524)
	at org.apache.hadoop.ipc.RPC$Server.call(RPC.java:1025)
	at org.apache.hadoop.ipc.Server$RpcCall.run(Server.java:876)
	at org.apache.hadoop.ipc.Server$RpcCall.run(Server.java:822)
	at java.security.AccessController.doPrivileged(Native Method)
	at javax.security.auth.Subject.doAs(Subject.java:422)
	at org.apache.hadoop.security.UserGroupInformation.doAs(UserGroupInformation.java:1730)
	at org.apache.hadoop.ipc.Server$Handler.run(Server.java:2682)
, while invoking $Proxy36.submitRequest over nodeId=null,nodeAddress=localhost:35674 after 8 failover attempts. Trying to failover immediately.
2019-10-16 07:54:26,442 [IPC Server handler 8 on 35674] ERROR lock.LockManager (LockManager.java:getLockForReleasing(218)) - Trying to release the lock on /test-key-input-stream-volume/test-key-input-stream-bucket, which was never acquired.
2019-10-16 07:54:26,442 [IPC Server handler 8 on 35674] WARN  ipc.Server (Server.java:logException(2724)) - IPC Server handler 8 on 35674, call Call#23 Retry#9 org.apache.hadoop.ozone.om.protocol.OzoneManagerProtocol.submitRequest from 127.0.0.1:35310
java.lang.IllegalMonitorStateException: Releasing lock on resource /test-key-input-stream-volume/test-key-input-stream-bucket without acquiring lock
	at org.apache.hadoop.ozone.lock.LockManager.getLockForReleasing(LockManager.java:220)
	at org.apache.hadoop.ozone.lock.LockManager.release(LockManager.java:168)
	at org.apache.hadoop.ozone.lock.LockManager.writeUnlock(LockManager.java:148)
	at org.apache.hadoop.ozone.om.lock.OzoneManagerLock.unlock(OzoneManagerLock.java:364)
	at org.apache.hadoop.ozone.om.lock.OzoneManagerLock.releaseWriteLock(OzoneManagerLock.java:329)
	at org.apache.hadoop.ozone.om.request.key.OMKeyCommitRequest.validateAndUpdateCache(OMKeyCommitRequest.java:177)
	at org.apache.hadoop.ozone.protocolPB.OzoneManagerProtocolServerSideTranslatorPB.submitRequestDirectlyToOM(OzoneManagerProtocolServerSideTranslatorPB.java:219)
	at org.apache.hadoop.ozone.protocolPB.OzoneManagerProtocolServerSideTranslatorPB.processRequest(OzoneManagerProtocolServerSideTranslatorPB.java:134)
	at org.apache.hadoop.hdds.server.OzoneProtocolMessageDispatcher.processRequest(OzoneProtocolMessageDispatcher.java:72)
	at org.apache.hadoop.ozone.protocolPB.OzoneManagerProtocolServerSideTranslatorPB.submitRequest(OzoneManagerProtocolServerSideTranslatorPB.java:100)
	at org.apache.hadoop.ozone.protocol.proto.OzoneManagerProtocolProtos$OzoneManagerService$2.callBlockingMethod(OzoneManagerProtocolProtos.java)
	at org.apache.hadoop.ipc.ProtobufRpcEngine$Server$ProtoBufRpcInvoker.call(ProtobufRpcEngine.java:524)
	at org.apache.hadoop.ipc.RPC$Server.call(RPC.java:1025)
	at org.apache.hadoop.ipc.Server$RpcCall.run(Server.java:876)
	at org.apache.hadoop.ipc.Server$RpcCall.run(Server.java:822)
	at java.security.AccessController.doPrivileged(Native Method)
	at javax.security.auth.Subject.doAs(Subject.java:422)
	at org.apache.hadoop.security.UserGroupInformation.doAs(UserGroupInformation.java:1730)
	at org.apache.hadoop.ipc.Server$Handler.run(Server.java:2682)
2019-10-16 07:54:26,444 [main] INFO  retry.RetryInvocationHandler (RetryInvocationHandler.java:log(411)) - com.google.protobuf.ServiceException: org.apache.hadoop.ipc.RemoteException(java.lang.IllegalMonitorStateException): Releasing lock on resource /test-key-input-stream-volume/test-key-input-stream-bucket without acquiring lock
	at org.apache.hadoop.ozone.lock.LockManager.getLockForReleasing(LockManager.java:220)
	at org.apache.hadoop.ozone.lock.LockManager.release(LockManager.java:168)
	at org.apache.hadoop.ozone.lock.LockManager.writeUnlock(LockManager.java:148)
	at org.apache.hadoop.ozone.om.lock.OzoneManagerLock.unlock(OzoneManagerLock.java:364)
	at org.apache.hadoop.ozone.om.lock.OzoneManagerLock.releaseWriteLock(OzoneManagerLock.java:329)
	at org.apache.hadoop.ozone.om.request.key.OMKeyCommitRequest.validateAndUpdateCache(OMKeyCommitRequest.java:177)
	at org.apache.hadoop.ozone.protocolPB.OzoneManagerProtocolServerSideTranslatorPB.submitRequestDirectlyToOM(OzoneManagerProtocolServerSideTranslatorPB.java:219)
	at org.apache.hadoop.ozone.protocolPB.OzoneManagerProtocolServerSideTranslatorPB.processRequest(OzoneManagerProtocolServerSideTranslatorPB.java:134)
	at org.apache.hadoop.hdds.server.OzoneProtocolMessageDispatcher.processRequest(OzoneProtocolMessageDispatcher.java:72)
	at org.apache.hadoop.ozone.protocolPB.OzoneManagerProtocolServerSideTranslatorPB.submitRequest(OzoneManagerProtocolServerSideTranslatorPB.java:100)
	at org.apache.hadoop.ozone.protocol.proto.OzoneManagerProtocolProtos$OzoneManagerService$2.callBlockingMethod(OzoneManagerProtocolProtos.java)
	at org.apache.hadoop.ipc.ProtobufRpcEngine$Server$ProtoBufRpcInvoker.call(ProtobufRpcEngine.java:524)
	at org.apache.hadoop.ipc.RPC$Server.call(RPC.java:1025)
	at org.apache.hadoop.ipc.Server$RpcCall.run(Server.java:876)
	at org.apache.hadoop.ipc.Server$RpcCall.run(Server.java:822)
	at java.security.AccessController.doPrivileged(Native Method)
	at javax.security.auth.Subject.doAs(Subject.java:422)
	at org.apache.hadoop.security.UserGroupInformation.doAs(UserGroupInformation.java:1730)
	at org.apache.hadoop.ipc.Server$Handler.run(Server.java:2682)
, while invoking $Proxy36.submitRequest over nodeId=null,nodeAddress=localhost:35674 after 9 failover attempts. Trying to failover immediately.
2019-10-16 07:54:26,448 [IPC Server handler 9 on 35674] ERROR lock.LockManager (LockManager.java:getLockForReleasing(218)) - Trying to release the lock on /test-key-input-stream-volume/test-key-input-stream-bucket, which was never acquired.
2019-10-16 07:54:26,448 [IPC Server handler 9 on 35674] WARN  ipc.Server (Server.java:logException(2724)) - IPC Server handler 9 on 35674, call Call#23 Retry#10 org.apache.hadoop.ozone.om.protocol.OzoneManagerProtocol.submitRequest from 127.0.0.1:35310
java.lang.IllegalMonitorStateException: Releasing lock on resource /test-key-input-stream-volume/test-key-input-stream-bucket without acquiring lock
	at org.apache.hadoop.ozone.lock.LockManager.getLockForReleasing(LockManager.java:220)
	at org.apache.hadoop.ozone.lock.LockManager.release(LockManager.java:168)
	at org.apache.hadoop.ozone.lock.LockManager.writeUnlock(LockManager.java:148)
	at org.apache.hadoop.ozone.om.lock.OzoneManagerLock.unlock(OzoneManagerLock.java:364)
	at org.apache.hadoop.ozone.om.lock.OzoneManagerLock.releaseWriteLock(OzoneManagerLock.java:329)
	at org.apache.hadoop.ozone.om.request.key.OMKeyCommitRequest.validateAndUpdateCache(OMKeyCommitRequest.java:177)
	at org.apache.hadoop.ozone.protocolPB.OzoneManagerProtocolServerSideTranslatorPB.submitRequestDirectlyToOM(OzoneManagerProtocolServerSideTranslatorPB.java:219)
	at org.apache.hadoop.ozone.protocolPB.OzoneManagerProtocolServerSideTranslatorPB.processRequest(OzoneManagerProtocolServerSideTranslatorPB.java:134)
	at org.apache.hadoop.hdds.server.OzoneProtocolMessageDispatcher.processRequest(OzoneProtocolMessageDispatcher.java:72)
	at org.apache.hadoop.ozone.protocolPB.OzoneManagerProtocolServerSideTranslatorPB.submitRequest(OzoneManagerProtocolServerSideTranslatorPB.java:100)
	at org.apache.hadoop.ozone.protocol.proto.OzoneManagerProtocolProtos$OzoneManagerService$2.callBlockingMethod(OzoneManagerProtocolProtos.java)
	at org.apache.hadoop.ipc.ProtobufRpcEngine$Server$ProtoBufRpcInvoker.call(ProtobufRpcEngine.java:524)
	at org.apache.hadoop.ipc.RPC$Server.call(RPC.java:1025)
	at org.apache.hadoop.ipc.Server$RpcCall.run(Server.java:876)
	at org.apache.hadoop.ipc.Server$RpcCall.run(Server.java:822)
	at java.security.AccessController.doPrivileged(Native Method)
	at javax.security.auth.Subject.doAs(Subject.java:422)
	at org.apache.hadoop.security.UserGroupInformation.doAs(UserGroupInformation.java:1730)
	at org.apache.hadoop.ipc.Server$Handler.run(Server.java:2682)
2019-10-16 07:54:26,450 [main] ERROR ha.OMFailoverProxyProvider (OzoneManagerProtocolClientSideTranslatorPB.java:getRetryAction(268)) - Failed to connect to OM. Attempted 10 retries and 10 failovers
]]></system-out>
    <system-err><![CDATA[ERROR StatusLogger No Log4j 2 configuration file found. Using default configuration (logging only errors to the console), or user programmatically provided configurations. Set system property 'log4j2.debug' to show Log4j 2 internal initialization logging. See https://logging.apache.org/log4j/2.x/manual/configuration.html for instructions on how to configure Log4j 2
]]></system-err>
  </testcase>
</testsuite>