<?xml version="1.0" encoding="UTF-8"?>
<testsuite xmlns:xsi="http://www.w3.org/2001/XMLSchema-instance" xsi:noNamespaceSchemaLocation="https://maven.apache.org/surefire/maven-surefire-plugin/xsd/surefire-test-report.xsd" name="org.apache.hadoop.ozone.client.rpc.TestWatchForCommit" time="235.877" tests="5" errors="1" skipped="0" failures="1">
  <properties>
    <property name="awt.toolkit" value="sun.awt.X11.XToolkit"/>
    <property name="file.encoding.pkg" value="sun.io"/>
    <property name="java.specification.version" value="1.8"/>
    <property name="sun.cpu.isalist" value=""/>
    <property name="sun.jnu.encoding" value="ANSI_X3.4-1968"/>
    <property name="java.class.path" value="/workdir/hadoop-ozone/integration-test/target/test-classes:/workdir/hadoop-ozone/integration-test/target/classes:/home/user/.m2/repository/org/apache/hadoop/hadoop-ozone-common/0.5.0-SNAPSHOT/hadoop-ozone-common-0.5.0-SNAPSHOT.jar:/home/user/.m2/repository/org/apache/commons/commons-compress/1.4.1/commons-compress-1.4.1.jar:/home/user/.m2/repository/org/tukaani/xz/1.0/xz-1.0.jar:/home/user/.m2/repository/org/apache/hadoop/hadoop-common/3.2.0/hadoop-common-3.2.0.jar:/home/user/.m2/repository/org/apache/hadoop/hadoop-hdfs/3.2.0/hadoop-hdfs-3.2.0.jar:/home/user/.m2/repository/org/apache/hadoop/hadoop-hdfs-client/3.2.0/hadoop-hdfs-client-3.2.0.jar:/home/user/.m2/repository/com/fasterxml/jackson/core/jackson-annotations/2.9.9/jackson-annotations-2.9.9.jar:/home/user/.m2/repository/org/apache/hadoop/hadoop-hdds-common/0.5.0-SNAPSHOT/hadoop-hdds-common-0.5.0-SNAPSHOT.jar:/home/user/.m2/repository/javax/annotation/javax.annotation-api/1.2/javax.annotation-api-1.2.jar:/home/user/.m2/repository/org/apache/ratis/ratis-server/0.5.0-201fc85-SNAPSHOT/ratis-server-0.5.0-201fc85-SNAPSHOT.jar:/home/user/.m2/repository/org/apache/ratis/ratis-thirdparty-misc/0.2.0/ratis-thirdparty-misc-0.2.0.jar:/home/user/.m2/repository/org/apache/ratis/ratis-proto/0.5.0-201fc85-SNAPSHOT/ratis-proto-0.5.0-201fc85-SNAPSHOT.jar:/home/user/.m2/repository/org/apache/ratis/ratis-common/0.5.0-201fc85-SNAPSHOT/ratis-common-0.5.0-201fc85-SNAPSHOT.jar:/home/user/.m2/repository/org/apache/ratis/ratis-client/0.5.0-201fc85-SNAPSHOT/ratis-client-0.5.0-201fc85-SNAPSHOT.jar:/home/user/.m2/repository/org/apache/ratis/ratis-metrics/0.5.0-201fc85-SNAPSHOT/ratis-metrics-0.5.0-201fc85-SNAPSHOT.jar:/home/user/.m2/repository/com/github/joshelser/dropwizard-metrics-hadoop-metrics2-reporter/0.1.2/dropwizard-metrics-hadoop-metrics2-reporter-0.1.2.jar:/home/user/.m2/repository/io/dropwizard/metrics/metrics-jvm/3.2.5/metrics-jvm-3.2.5.jar:/home/user/.m2/repository/io/dropwizard/metrics/metrics-ganglia/3.2.5/metrics-ganglia-3.2.5.jar:/home/user/.m2/repository/info/ganglia/gmetric4j/gmetric4j/1.0.7/gmetric4j-1.0.7.jar:/home/user/.m2/repository/org/apache/ratis/ratis-netty/0.5.0-201fc85-SNAPSHOT/ratis-netty-0.5.0-201fc85-SNAPSHOT.jar:/home/user/.m2/repository/org/apache/ratis/ratis-grpc/0.5.0-201fc85-SNAPSHOT/ratis-grpc-0.5.0-201fc85-SNAPSHOT.jar:/home/user/.m2/repository/org/rocksdb/rocksdbjni/6.0.1/rocksdbjni-6.0.1.jar:/home/user/.m2/repository/org/apache/logging/log4j/log4j-api/2.11.0/log4j-api-2.11.0.jar:/home/user/.m2/repository/org/apache/logging/log4j/log4j-core/2.11.0/log4j-core-2.11.0.jar:/home/user/.m2/repository/com/lmax/disruptor/3.4.2/disruptor-3.4.2.jar:/home/user/.m2/repository/org/apache/commons/commons-pool2/2.6.0/commons-pool2-2.6.0.jar:/home/user/.m2/repository/org/bouncycastle/bcpkix-jdk15on/1.60/bcpkix-jdk15on-1.60.jar:/home/user/.m2/repository/commons-validator/commons-validator/1.6/commons-validator-1.6.jar:/home/user/.m2/repository/commons-digester/commons-digester/1.8.1/commons-digester-1.8.1.jar:/home/user/.m2/repository/io/jaegertracing/jaeger-client/0.34.0/jaeger-client-0.34.0.jar:/home/user/.m2/repository/io/jaegertracing/jaeger-thrift/0.34.0/jaeger-thrift-0.34.0.jar:/home/user/.m2/repository/org/apache/thrift/libthrift/0.12.0/libthrift-0.12.0.jar:/home/user/.m2/repository/com/squareup/okhttp3/okhttp/3.9.0/okhttp-3.9.0.jar:/home/user/.m2/repository/com/squareup/okio/okio/1.13.0/okio-1.13.0.jar:/home/user/.m2/repository/io/jaegertracing/jaeger-core/0.34.0/jaeger-core-0.34.0.jar:/home/user/.m2/repository/io/jaegertracing/jaeger-tracerresolver/0.34.0/jaeger-tracerresolver-0.34.0.jar:/home/user/.m2/repository/io/opentracing/contrib/opentracing-tracerresolver/0.1.5/opentracing-tracerresolver-0.1.5.jar:/home/user/.m2/repository/io/opentracing/opentracing-util/0.31.0/opentracing-util-0.31.0.jar:/home/user/.m2/repository/io/opentracing/opentracing-api/0.31.0/opentracing-api-0.31.0.jar:/home/user/.m2/repository/io/opentracing/opentracing-noop/0.31.0/opentracing-noop-0.31.0.jar:/home/user/.m2/repository/org/apache/hadoop/hadoop-hdds-server-framework/0.5.0-SNAPSHOT/hadoop-hdds-server-framework-0.5.0-SNAPSHOT.jar:/home/user/.m2/repository/org/apache/hadoop/hadoop-hdds-container-service/0.5.0-SNAPSHOT/hadoop-hdds-container-service-0.5.0-SNAPSHOT.jar:/home/user/.m2/repository/org/apache/hadoop/hadoop-hdds-client/0.5.0-SNAPSHOT/hadoop-hdds-client-0.5.0-SNAPSHOT.jar:/home/user/.m2/repository/org/apache/hadoop/hadoop-hdds-tools/0.5.0-SNAPSHOT/hadoop-hdds-tools-0.5.0-SNAPSHOT.jar:/home/user/.m2/repository/org/apache/hadoop/hadoop-hdds-server-scm/0.5.0-SNAPSHOT/hadoop-hdds-server-scm-0.5.0-SNAPSHOT.jar:/home/user/.m2/repository/org/apache/hadoop/hadoop-hdds-docs/0.5.0-SNAPSHOT/hadoop-hdds-docs-0.5.0-SNAPSHOT.jar:/home/user/.m2/repository/io/dropwizard/metrics/metrics-core/3.2.4/metrics-core-3.2.4.jar:/home/user/.m2/repository/org/hamcrest/hamcrest-all/1.3/hamcrest-all-1.3.jar:/home/user/.m2/repository/org/bouncycastle/bcprov-jdk15on/1.60/bcprov-jdk15on-1.60.jar:/home/user/.m2/repository/info/picocli/picocli/3.9.6/picocli-3.9.6.jar:/home/user/.m2/repository/com/google/protobuf/protobuf-java/2.5.0/protobuf-java-2.5.0.jar:/home/user/.m2/repository/com/google/guava/guava/11.0.2/guava-11.0.2.jar:/home/user/.m2/repository/org/apache/hadoop/hadoop-ozone-ozone-manager/0.5.0-SNAPSHOT/hadoop-ozone-ozone-manager-0.5.0-SNAPSHOT.jar:/home/user/.m2/repository/org/apache/hadoop/hadoop-minikdc/3.2.0/hadoop-minikdc-3.2.0.jar:/home/user/.m2/repository/commons-io/commons-io/2.5/commons-io-2.5.jar:/home/user/.m2/repository/org/apache/kerby/kerb-simplekdc/1.0.1/kerb-simplekdc-1.0.1.jar:/home/user/.m2/repository/org/apache/kerby/kerb-client/1.0.1/kerb-client-1.0.1.jar:/home/user/.m2/repository/org/apache/kerby/kerby-config/1.0.1/kerby-config-1.0.1.jar:/home/user/.m2/repository/org/apache/kerby/kerb-core/1.0.1/kerb-core-1.0.1.jar:/home/user/.m2/repository/org/apache/kerby/kerby-pkix/1.0.1/kerby-pkix-1.0.1.jar:/home/user/.m2/repository/org/apache/kerby/kerby-asn1/1.0.1/kerby-asn1-1.0.1.jar:/home/user/.m2/repository/org/apache/kerby/kerby-util/1.0.1/kerby-util-1.0.1.jar:/home/user/.m2/repository/org/apache/kerby/kerb-common/1.0.1/kerb-common-1.0.1.jar:/home/user/.m2/repository/org/apache/kerby/kerb-crypto/1.0.1/kerb-crypto-1.0.1.jar:/home/user/.m2/repository/org/apache/kerby/kerb-util/1.0.1/kerb-util-1.0.1.jar:/home/user/.m2/repository/org/apache/kerby/token-provider/1.0.1/token-provider-1.0.1.jar:/home/user/.m2/repository/org/apache/kerby/kerb-admin/1.0.1/kerb-admin-1.0.1.jar:/home/user/.m2/repository/org/apache/kerby/kerb-server/1.0.1/kerb-server-1.0.1.jar:/home/user/.m2/repository/org/apache/kerby/kerb-identity/1.0.1/kerb-identity-1.0.1.jar:/home/user/.m2/repository/org/apache/kerby/kerby-xdr/1.0.1/kerby-xdr-1.0.1.jar:/home/user/.m2/repository/org/slf4j/slf4j-log4j12/1.7.25/slf4j-log4j12-1.7.25.jar:/home/user/.m2/repository/org/apache/hadoop/hadoop-ozone-s3gateway/0.5.0-SNAPSHOT/hadoop-ozone-s3gateway-0.5.0-SNAPSHOT.jar:/home/user/.m2/repository/org/jboss/weld/servlet/weld-servlet/2.4.7.Final/weld-servlet-2.4.7.Final.jar:/home/user/.m2/repository/org/glassfish/jersey/containers/jersey-container-servlet-core/2.27/jersey-container-servlet-core-2.27.jar:/home/user/.m2/repository/org/glassfish/hk2/external/javax.inject/2.5.0-b42/javax.inject-2.5.0-b42.jar:/home/user/.m2/repository/org/glassfish/jersey/core/jersey-common/2.27/jersey-common-2.27.jar:/home/user/.m2/repository/org/glassfish/hk2/osgi-resource-locator/1.0.1/osgi-resource-locator-1.0.1.jar:/home/user/.m2/repository/javax/ws/rs/javax.ws.rs-api/2.1/javax.ws.rs-api-2.1.jar:/home/user/.m2/repository/org/glassfish/jersey/ext/cdi/jersey-cdi1x/2.27/jersey-cdi1x-2.27.jar:/home/user/.m2/repository/org/glassfish/jersey/inject/jersey-hk2/2.27/jersey-hk2-2.27.jar:/home/user/.m2/repository/org/glassfish/hk2/hk2-locator/2.5.0-b42/hk2-locator-2.5.0-b42.jar:/home/user/.m2/repository/org/javassist/javassist/3.22.0-CR2/javassist-3.22.0-CR2.jar:/home/user/.m2/repository/org/glassfish/hk2/hk2-api/2.5.0/hk2-api-2.5.0.jar:/home/user/.m2/repository/org/glassfish/hk2/external/jakarta.inject/2.5.0/jakarta.inject-2.5.0.jar:/home/user/.m2/repository/org/glassfish/hk2/hk2-utils/2.5.0/hk2-utils-2.5.0.jar:/home/user/.m2/repository/jakarta/annotation/jakarta.annotation-api/1.3.4/jakarta.annotation-api-1.3.4.jar:/home/user/.m2/repository/org/glassfish/hk2/external/aopalliance-repackaged/2.5.0/aopalliance-repackaged-2.5.0.jar:/home/user/.m2/repository/com/fasterxml/jackson/dataformat/jackson-dataformat-xml/2.9.0/jackson-dataformat-xml-2.9.0.jar:/home/user/.m2/repository/com/fasterxml/jackson/core/jackson-core/2.9.9/jackson-core-2.9.9.jar:/home/user/.m2/repository/com/fasterxml/jackson/module/jackson-module-jaxb-annotations/2.9.9/jackson-module-jaxb-annotations-2.9.9.jar:/home/user/.m2/repository/javax/enterprise/cdi-api/1.2/cdi-api-1.2.jar:/home/user/.m2/repository/javax/el/javax.el-api/3.0.0/javax.el-api-3.0.0.jar:/home/user/.m2/repository/javax/interceptor/javax.interceptor-api/1.2/javax.interceptor-api-1.2.jar:/home/user/.m2/repository/javax/inject/javax.inject/1/javax.inject-1.jar:/home/user/.m2/repository/com/sun/xml/bind/jaxb-impl/2.3.0.1/jaxb-impl-2.3.0.1.jar:/home/user/.m2/repository/com/sun/xml/bind/jaxb-core/2.3.0.1/jaxb-core-2.3.0.1.jar:/home/user/.m2/repository/javax/xml/bind/jaxb-api/2.3.0/jaxb-api-2.3.0.jar:/home/user/.m2/repository/javax/activation/activation/1.1.1/activation-1.1.1.jar:/home/user/.m2/repository/org/apache/hadoop/hadoop-ozone-csi/0.5.0-SNAPSHOT/hadoop-ozone-csi-0.5.0-SNAPSHOT.jar:/home/user/.m2/repository/com/google/protobuf/protobuf-java-util/3.5.1/protobuf-java-util-3.5.1.jar:/home/user/.m2/repository/org/apache/hadoop/hadoop-hdds-config/0.5.0-SNAPSHOT/hadoop-hdds-config-0.5.0-SNAPSHOT.jar:/home/user/.m2/repository/io/grpc/grpc-netty/1.17.1/grpc-netty-1.17.1.jar:/home/user/.m2/repository/io/grpc/grpc-core/1.17.1/grpc-core-1.17.1.jar:/home/user/.m2/repository/io/grpc/grpc-context/1.17.1/grpc-context-1.17.1.jar:/home/user/.m2/repository/com/google/errorprone/error_prone_annotations/2.2.0/error_prone_annotations-2.2.0.jar:/home/user/.m2/repository/org/codehaus/mojo/animal-sniffer-annotations/1.17/animal-sniffer-annotations-1.17.jar:/home/user/.m2/repository/io/opencensus/opencensus-api/0.17.0/opencensus-api-0.17.0.jar:/home/user/.m2/repository/io/opencensus/opencensus-contrib-grpc-metrics/0.17.0/opencensus-contrib-grpc-metrics-0.17.0.jar:/home/user/.m2/repository/io/netty/netty-codec-http2/4.1.30.Final/netty-codec-http2-4.1.30.Final.jar:/home/user/.m2/repository/io/netty/netty-codec-http/4.1.30.Final/netty-codec-http-4.1.30.Final.jar:/home/user/.m2/repository/io/netty/netty-codec/4.1.30.Final/netty-codec-4.1.30.Final.jar:/home/user/.m2/repository/io/netty/netty-handler/4.1.30.Final/netty-handler-4.1.30.Final.jar:/home/user/.m2/repository/io/netty/netty-handler-proxy/4.1.30.Final/netty-handler-proxy-4.1.30.Final.jar:/home/user/.m2/repository/io/netty/netty-codec-socks/4.1.30.Final/netty-codec-socks-4.1.30.Final.jar:/home/user/.m2/repository/io/netty/netty-transport-native-epoll/4.1.30.Final/netty-transport-native-epoll-4.1.30.Final.jar:/home/user/.m2/repository/io/netty/netty-common/4.1.30.Final/netty-common-4.1.30.Final.jar:/home/user/.m2/repository/io/netty/netty-buffer/4.1.30.Final/netty-buffer-4.1.30.Final.jar:/home/user/.m2/repository/io/netty/netty-transport/4.1.30.Final/netty-transport-4.1.30.Final.jar:/home/user/.m2/repository/io/netty/netty-resolver/4.1.30.Final/netty-resolver-4.1.30.Final.jar:/home/user/.m2/repository/io/netty/netty-transport-native-unix-common/4.1.30.Final/netty-transport-native-unix-common-4.1.30.Final.jar:/home/user/.m2/repository/io/grpc/grpc-protobuf/1.17.1/grpc-protobuf-1.17.1.jar:/home/user/.m2/repository/com/google/api/grpc/proto-google-common-protos/1.0.0/proto-google-common-protos-1.0.0.jar:/home/user/.m2/repository/io/grpc/grpc-protobuf-lite/1.17.1/grpc-protobuf-lite-1.17.1.jar:/home/user/.m2/repository/io/grpc/grpc-stub/1.17.1/grpc-stub-1.17.1.jar:/home/user/.m2/repository/org/apache/hadoop/hadoop-ozone-recon/0.5.0-SNAPSHOT/hadoop-ozone-recon-0.5.0-SNAPSHOT.jar:/home/user/.m2/repository/org/apache/hadoop/hadoop-ozone-reconcodegen/0.5.0-SNAPSHOT/hadoop-ozone-reconcodegen-0.5.0-SNAPSHOT.jar:/home/user/.m2/repository/com/google/inject/extensions/guice-multibindings/4.0/guice-multibindings-4.0.jar:/home/user/.m2/repository/com/google/inject/guice/4.0/guice-4.0.jar:/home/user/.m2/repository/aopalliance/aopalliance/1.0/aopalliance-1.0.jar:/home/user/.m2/repository/com/google/inject/extensions/guice-servlet/4.0/guice-servlet-4.0.jar:/home/user/.m2/repository/org/glassfish/jersey/containers/jersey-container-servlet/2.27/jersey-container-servlet-2.27.jar:/home/user/.m2/repository/org/glassfish/hk2/guice-bridge/2.5.0/guice-bridge-2.5.0.jar:/home/user/.m2/repository/org/glassfish/jersey/core/jersey-server/2.27/jersey-server-2.27.jar:/home/user/.m2/repository/org/glassfish/jersey/core/jersey-client/2.27/jersey-client-2.27.jar:/home/user/.m2/repository/org/glassfish/jersey/media/jersey-media-jaxb/2.27/jersey-media-jaxb-2.27.jar:/home/user/.m2/repository/javax/validation/validation-api/1.1.0.Final/validation-api-1.1.0.Final.jar:/home/user/.m2/repository/org/glassfish/jersey/media/jersey-media-json-jackson/2.27/jersey-media-json-jackson-2.27.jar:/home/user/.m2/repository/org/glassfish/jersey/ext/jersey-entity-filtering/2.27/jersey-entity-filtering-2.27.jar:/home/user/.m2/repository/com/google/inject/extensions/guice-assistedinject/4.0/guice-assistedinject-4.0.jar:/home/user/.m2/repository/org/jooq/jooq/3.11.10/jooq-3.11.10.jar:/home/user/.m2/repository/org/jooq/jooq-meta/3.11.10/jooq-meta-3.11.10.jar:/home/user/.m2/repository/org/jooq/jooq-codegen/3.11.10/jooq-codegen-3.11.10.jar:/home/user/.m2/repository/com/jolbox/bonecp/0.8.0.RELEASE/bonecp-0.8.0.RELEASE.jar:/home/user/.m2/repository/org/xerial/sqlite-jdbc/3.25.2/sqlite-jdbc-3.25.2.jar:/home/user/.m2/repository/org/springframework/spring-jdbc/5.1.3.RELEASE/spring-jdbc-5.1.3.RELEASE.jar:/home/user/.m2/repository/org/springframework/spring-beans/5.1.3.RELEASE/spring-beans-5.1.3.RELEASE.jar:/home/user/.m2/repository/org/springframework/spring-core/5.1.3.RELEASE/spring-core-5.1.3.RELEASE.jar:/home/user/.m2/repository/org/springframework/spring-jcl/5.1.3.RELEASE/spring-jcl-5.1.3.RELEASE.jar:/home/user/.m2/repository/org/springframework/spring-tx/5.1.3.RELEASE/spring-tx-5.1.3.RELEASE.jar:/home/user/.m2/repository/org/apache/hadoop/hadoop-ozone-client/0.5.0-SNAPSHOT/hadoop-ozone-client-0.5.0-SNAPSHOT.jar:/home/user/.m2/repository/commons-lang/commons-lang/2.6/commons-lang-2.6.jar:/home/user/.m2/repository/org/apache/hadoop/hadoop-ozone-ozone-manager/0.5.0-SNAPSHOT/hadoop-ozone-ozone-manager-0.5.0-SNAPSHOT-tests.jar:/home/user/.m2/repository/junit/junit/4.11/junit-4.11.jar:/home/user/.m2/repository/org/hamcrest/hamcrest-core/1.3/hamcrest-core-1.3.jar:/home/user/.m2/repository/org/openjdk/jmh/jmh-core/1.19/jmh-core-1.19.jar:/home/user/.m2/repository/net/sf/jopt-simple/jopt-simple/4.6/jopt-simple-4.6.jar:/home/user/.m2/repository/org/apache/commons/commons-math3/3.1.1/commons-math3-3.1.1.jar:/home/user/.m2/repository/org/openjdk/jmh/jmh-generator-annprocess/1.19/jmh-generator-annprocess-1.19.jar:/home/user/.m2/repository/org/mockito/mockito-all/1.8.5/mockito-all-1.8.5.jar:/home/user/.m2/repository/org/apache/hadoop/hadoop-kms/3.2.0/hadoop-kms-3.2.0.jar:/home/user/.m2/repository/org/apache/hadoop/hadoop-auth/3.2.0/hadoop-auth-3.2.0.jar:/home/user/.m2/repository/com/nimbusds/nimbus-jose-jwt/4.41.1/nimbus-jose-jwt-4.41.1.jar:/home/user/.m2/repository/com/github/stephenc/jcip/jcip-annotations/1.0-1/jcip-annotations-1.0-1.jar:/home/user/.m2/repository/net/minidev/json-smart/2.3/json-smart-2.3.jar:/home/user/.m2/repository/net/minidev/accessors-smart/1.2/accessors-smart-1.2.jar:/home/user/.m2/repository/org/ow2/asm/asm/5.0.4/asm-5.0.4.jar:/home/user/.m2/repository/org/apache/curator/curator-framework/2.12.0/curator-framework-2.12.0.jar:/home/user/.m2/repository/com/sun/jersey/jersey-core/1.19/jersey-core-1.19.jar:/home/user/.m2/repository/javax/ws/rs/jsr311-api/1.1.1/jsr311-api-1.1.1.jar:/home/user/.m2/repository/com/sun/jersey/jersey-server/1.19/jersey-server-1.19.jar:/home/user/.m2/repository/javax/servlet/javax.servlet-api/3.1.0/javax.servlet-api-3.1.0.jar:/home/user/.m2/repository/org/eclipse/jetty/jetty-server/9.3.25.v20180904/jetty-server-9.3.25.v20180904.jar:/home/user/.m2/repository/org/eclipse/jetty/jetty-http/9.3.25.v20180904/jetty-http-9.3.25.v20180904.jar:/home/user/.m2/repository/org/eclipse/jetty/jetty-io/9.3.25.v20180904/jetty-io-9.3.25.v20180904.jar:/home/user/.m2/repository/org/eclipse/jetty/jetty-webapp/9.3.25.v20180904/jetty-webapp-9.3.25.v20180904.jar:/home/user/.m2/repository/org/eclipse/jetty/jetty-xml/9.3.25.v20180904/jetty-xml-9.3.25.v20180904.jar:/home/user/.m2/repository/log4j/log4j/1.2.17/log4j-1.2.17.jar:/home/user/.m2/repository/org/slf4j/slf4j-api/1.7.25/slf4j-api-1.7.25.jar:/home/user/.m2/repository/org/slf4j/jul-to-slf4j/1.7.25/jul-to-slf4j-1.7.25.jar:/home/user/.m2/repository/org/eclipse/jetty/jetty-util/9.3.25.v20180904/jetty-util-9.3.25.v20180904.jar:/home/user/.m2/repository/com/fasterxml/jackson/core/jackson-databind/2.9.9/jackson-databind-2.9.9.jar:/home/user/.m2/repository/org/apache/hadoop/hadoop-kms/3.2.0/hadoop-kms-3.2.0-tests.jar:/home/user/.m2/repository/org/apache/hadoop/hadoop-hdds-server-scm/0.5.0-SNAPSHOT/hadoop-hdds-server-scm-0.5.0-SNAPSHOT-tests.jar:/home/user/.m2/repository/org/apache/hadoop/hadoop-hdds-container-service/0.5.0-SNAPSHOT/hadoop-hdds-container-service-0.5.0-SNAPSHOT-tests.jar:/home/user/.m2/repository/org/yaml/snakeyaml/1.16/snakeyaml-1.16.jar:/home/user/.m2/repository/org/apache/hadoop/hadoop-common/3.2.0/hadoop-common-3.2.0-tests.jar:/home/user/.m2/repository/org/apache/hadoop/hadoop-annotations/3.2.0/hadoop-annotations-3.2.0.jar:/usr/lib/jvm/java-1.8.0-openjdk-1.8.0.222.b10-1.el7_7.x86_64/jre/../lib/tools.jar:/home/user/.m2/repository/commons-cli/commons-cli/1.2/commons-cli-1.2.jar:/home/user/.m2/repository/org/apache/httpcomponents/httpclient/4.5.2/httpclient-4.5.2.jar:/home/user/.m2/repository/org/apache/httpcomponents/httpcore/4.4.4/httpcore-4.4.4.jar:/home/user/.m2/repository/commons-codec/commons-codec/1.11/commons-codec-1.11.jar:/home/user/.m2/repository/commons-net/commons-net/3.6/commons-net-3.6.jar:/home/user/.m2/repository/commons-collections/commons-collections/3.2.2/commons-collections-3.2.2.jar:/home/user/.m2/repository/org/eclipse/jetty/jetty-servlet/9.3.25.v20180904/jetty-servlet-9.3.25.v20180904.jar:/home/user/.m2/repository/org/eclipse/jetty/jetty-security/9.3.25.v20180904/jetty-security-9.3.25.v20180904.jar:/home/user/.m2/repository/javax/servlet/jsp/jsp-api/2.1/jsp-api-2.1.jar:/home/user/.m2/repository/com/sun/jersey/jersey-servlet/1.19/jersey-servlet-1.19.jar:/home/user/.m2/repository/com/sun/jersey/jersey-json/1.19/jersey-json-1.19.jar:/home/user/.m2/repository/org/codehaus/jettison/jettison/1.1/jettison-1.1.jar:/home/user/.m2/repository/org/codehaus/jackson/jackson-core-asl/1.9.13/jackson-core-asl-1.9.13.jar:/home/user/.m2/repository/org/codehaus/jackson/jackson-mapper-asl/1.9.13/jackson-mapper-asl-1.9.13.jar:/home/user/.m2/repository/org/codehaus/jackson/jackson-jaxrs/1.9.13/jackson-jaxrs-1.9.13.jar:/home/user/.m2/repository/org/codehaus/jackson/jackson-xc/1.9.13/jackson-xc-1.9.13.jar:/home/user/.m2/repository/commons-logging/commons-logging/1.1.3/commons-logging-1.1.3.jar:/home/user/.m2/repository/commons-beanutils/commons-beanutils/1.9.4/commons-beanutils-1.9.4.jar:/home/user/.m2/repository/org/apache/commons/commons-configuration2/2.1.1/commons-configuration2-2.1.1.jar:/home/user/.m2/repository/org/apache/commons/commons-lang3/3.7/commons-lang3-3.7.jar:/home/user/.m2/repository/org/apache/commons/commons-text/1.4/commons-text-1.4.jar:/home/user/.m2/repository/org/apache/avro/avro/1.7.7/avro-1.7.7.jar:/home/user/.m2/repository/com/thoughtworks/paranamer/paranamer/2.3/paranamer-2.3.jar:/home/user/.m2/repository/org/xerial/snappy/snappy-java/1.0.5/snappy-java-1.0.5.jar:/home/user/.m2/repository/com/google/re2j/re2j/1.1/re2j-1.1.jar:/home/user/.m2/repository/com/google/code/gson/gson/2.2.4/gson-2.2.4.jar:/home/user/.m2/repository/com/jcraft/jsch/0.1.54/jsch-0.1.54.jar:/home/user/.m2/repository/org/apache/curator/curator-client/2.12.0/curator-client-2.12.0.jar:/home/user/.m2/repository/org/apache/curator/curator-recipes/2.12.0/curator-recipes-2.12.0.jar:/home/user/.m2/repository/com/google/code/findbugs/jsr305/3.0.0/jsr305-3.0.0.jar:/home/user/.m2/repository/org/apache/htrace/htrace-core4/4.1.0-incubating/htrace-core4-4.1.0-incubating.jar:/home/user/.m2/repository/org/apache/zookeeper/zookeeper/3.4.13/zookeeper-3.4.13.jar:/home/user/.m2/repository/jline/jline/0.9.94/jline-0.9.94.jar:/home/user/.m2/repository/org/apache/yetus/audience-annotations/0.5.0/audience-annotations-0.5.0.jar:/home/user/.m2/repository/org/codehaus/woodstox/stax2-api/3.1.4/stax2-api-3.1.4.jar:/home/user/.m2/repository/com/fasterxml/woodstox/woodstox-core/5.0.3/woodstox-core-5.0.3.jar:/home/user/.m2/repository/dnsjava/dnsjava/2.1.7/dnsjava-2.1.7.jar:/home/user/.m2/repository/org/apache/hadoop/hadoop-hdfs/3.2.0/hadoop-hdfs-3.2.0-tests.jar:/home/user/.m2/repository/org/eclipse/jetty/jetty-util-ajax/9.3.25.v20180904/jetty-util-ajax-9.3.25.v20180904.jar:/home/user/.m2/repository/commons-daemon/commons-daemon/1.0.13/commons-daemon-1.0.13.jar:/home/user/.m2/repository/io/netty/netty/3.10.5.Final/netty-3.10.5.Final.jar:/home/user/.m2/repository/io/netty/netty-all/4.0.52.Final/netty-all-4.0.52.Final.jar:/home/user/.m2/repository/org/fusesource/leveldbjni/leveldbjni-all/1.8/leveldbjni-all-1.8.jar:"/>
    <property name="java.vm.vendor" value="Oracle Corporation"/>
    <property name="sun.arch.data.model" value="64"/>
    <property name="test.build.dir" value="/workdir/hadoop-ozone/integration-test/target/test-dir"/>
    <property name="test.cache.data" value=""/>
    <property name="java.vendor.url" value="http://java.oracle.com/"/>
    <property name="user.timezone" value=""/>
    <property name="java.vm.specification.version" value="1.8"/>
    <property name="os.name" value="Linux"/>
    <property name="test.build.data" value="/workdir/hadoop-ozone/integration-test/target/test-dir"/>
    <property name="user.country" value="US"/>
    <property name="sun.java.launcher" value="SUN_STANDARD"/>
    <property name="sun.boot.library.path" value="/usr/lib/jvm/java-1.8.0-openjdk-1.8.0.222.b10-1.el7_7.x86_64/jre/lib/amd64"/>
    <property name="sun.java.command" value="/workdir/hadoop-ozone/integration-test/target/surefire/surefirebooter3401866509950902360.jar /workdir/hadoop-ozone/integration-test/target/surefire 2019-10-15T22-32-19_636-jvmRun1 surefire1924085953145430618tmp surefire_23226362712914926569tmp"/>
    <property name="test" value="!TestMiniChaosOzoneCluster"/>
    <property name="surefire.test.class.path" value="/workdir/hadoop-ozone/integration-test/target/test-classes:/workdir/hadoop-ozone/integration-test/target/classes:/home/user/.m2/repository/org/apache/hadoop/hadoop-ozone-common/0.5.0-SNAPSHOT/hadoop-ozone-common-0.5.0-SNAPSHOT.jar:/home/user/.m2/repository/org/apache/commons/commons-compress/1.4.1/commons-compress-1.4.1.jar:/home/user/.m2/repository/org/tukaani/xz/1.0/xz-1.0.jar:/home/user/.m2/repository/org/apache/hadoop/hadoop-common/3.2.0/hadoop-common-3.2.0.jar:/home/user/.m2/repository/org/apache/hadoop/hadoop-hdfs/3.2.0/hadoop-hdfs-3.2.0.jar:/home/user/.m2/repository/org/apache/hadoop/hadoop-hdfs-client/3.2.0/hadoop-hdfs-client-3.2.0.jar:/home/user/.m2/repository/com/fasterxml/jackson/core/jackson-annotations/2.9.9/jackson-annotations-2.9.9.jar:/home/user/.m2/repository/org/apache/hadoop/hadoop-hdds-common/0.5.0-SNAPSHOT/hadoop-hdds-common-0.5.0-SNAPSHOT.jar:/home/user/.m2/repository/javax/annotation/javax.annotation-api/1.2/javax.annotation-api-1.2.jar:/home/user/.m2/repository/org/apache/ratis/ratis-server/0.5.0-201fc85-SNAPSHOT/ratis-server-0.5.0-201fc85-SNAPSHOT.jar:/home/user/.m2/repository/org/apache/ratis/ratis-thirdparty-misc/0.2.0/ratis-thirdparty-misc-0.2.0.jar:/home/user/.m2/repository/org/apache/ratis/ratis-proto/0.5.0-201fc85-SNAPSHOT/ratis-proto-0.5.0-201fc85-SNAPSHOT.jar:/home/user/.m2/repository/org/apache/ratis/ratis-common/0.5.0-201fc85-SNAPSHOT/ratis-common-0.5.0-201fc85-SNAPSHOT.jar:/home/user/.m2/repository/org/apache/ratis/ratis-client/0.5.0-201fc85-SNAPSHOT/ratis-client-0.5.0-201fc85-SNAPSHOT.jar:/home/user/.m2/repository/org/apache/ratis/ratis-metrics/0.5.0-201fc85-SNAPSHOT/ratis-metrics-0.5.0-201fc85-SNAPSHOT.jar:/home/user/.m2/repository/com/github/joshelser/dropwizard-metrics-hadoop-metrics2-reporter/0.1.2/dropwizard-metrics-hadoop-metrics2-reporter-0.1.2.jar:/home/user/.m2/repository/io/dropwizard/metrics/metrics-jvm/3.2.5/metrics-jvm-3.2.5.jar:/home/user/.m2/repository/io/dropwizard/metrics/metrics-ganglia/3.2.5/metrics-ganglia-3.2.5.jar:/home/user/.m2/repository/info/ganglia/gmetric4j/gmetric4j/1.0.7/gmetric4j-1.0.7.jar:/home/user/.m2/repository/org/apache/ratis/ratis-netty/0.5.0-201fc85-SNAPSHOT/ratis-netty-0.5.0-201fc85-SNAPSHOT.jar:/home/user/.m2/repository/org/apache/ratis/ratis-grpc/0.5.0-201fc85-SNAPSHOT/ratis-grpc-0.5.0-201fc85-SNAPSHOT.jar:/home/user/.m2/repository/org/rocksdb/rocksdbjni/6.0.1/rocksdbjni-6.0.1.jar:/home/user/.m2/repository/org/apache/logging/log4j/log4j-api/2.11.0/log4j-api-2.11.0.jar:/home/user/.m2/repository/org/apache/logging/log4j/log4j-core/2.11.0/log4j-core-2.11.0.jar:/home/user/.m2/repository/com/lmax/disruptor/3.4.2/disruptor-3.4.2.jar:/home/user/.m2/repository/org/apache/commons/commons-pool2/2.6.0/commons-pool2-2.6.0.jar:/home/user/.m2/repository/org/bouncycastle/bcpkix-jdk15on/1.60/bcpkix-jdk15on-1.60.jar:/home/user/.m2/repository/commons-validator/commons-validator/1.6/commons-validator-1.6.jar:/home/user/.m2/repository/commons-digester/commons-digester/1.8.1/commons-digester-1.8.1.jar:/home/user/.m2/repository/io/jaegertracing/jaeger-client/0.34.0/jaeger-client-0.34.0.jar:/home/user/.m2/repository/io/jaegertracing/jaeger-thrift/0.34.0/jaeger-thrift-0.34.0.jar:/home/user/.m2/repository/org/apache/thrift/libthrift/0.12.0/libthrift-0.12.0.jar:/home/user/.m2/repository/com/squareup/okhttp3/okhttp/3.9.0/okhttp-3.9.0.jar:/home/user/.m2/repository/com/squareup/okio/okio/1.13.0/okio-1.13.0.jar:/home/user/.m2/repository/io/jaegertracing/jaeger-core/0.34.0/jaeger-core-0.34.0.jar:/home/user/.m2/repository/io/jaegertracing/jaeger-tracerresolver/0.34.0/jaeger-tracerresolver-0.34.0.jar:/home/user/.m2/repository/io/opentracing/contrib/opentracing-tracerresolver/0.1.5/opentracing-tracerresolver-0.1.5.jar:/home/user/.m2/repository/io/opentracing/opentracing-util/0.31.0/opentracing-util-0.31.0.jar:/home/user/.m2/repository/io/opentracing/opentracing-api/0.31.0/opentracing-api-0.31.0.jar:/home/user/.m2/repository/io/opentracing/opentracing-noop/0.31.0/opentracing-noop-0.31.0.jar:/home/user/.m2/repository/org/apache/hadoop/hadoop-hdds-server-framework/0.5.0-SNAPSHOT/hadoop-hdds-server-framework-0.5.0-SNAPSHOT.jar:/home/user/.m2/repository/org/apache/hadoop/hadoop-hdds-container-service/0.5.0-SNAPSHOT/hadoop-hdds-container-service-0.5.0-SNAPSHOT.jar:/home/user/.m2/repository/org/apache/hadoop/hadoop-hdds-client/0.5.0-SNAPSHOT/hadoop-hdds-client-0.5.0-SNAPSHOT.jar:/home/user/.m2/repository/org/apache/hadoop/hadoop-hdds-tools/0.5.0-SNAPSHOT/hadoop-hdds-tools-0.5.0-SNAPSHOT.jar:/home/user/.m2/repository/org/apache/hadoop/hadoop-hdds-server-scm/0.5.0-SNAPSHOT/hadoop-hdds-server-scm-0.5.0-SNAPSHOT.jar:/home/user/.m2/repository/org/apache/hadoop/hadoop-hdds-docs/0.5.0-SNAPSHOT/hadoop-hdds-docs-0.5.0-SNAPSHOT.jar:/home/user/.m2/repository/io/dropwizard/metrics/metrics-core/3.2.4/metrics-core-3.2.4.jar:/home/user/.m2/repository/org/hamcrest/hamcrest-all/1.3/hamcrest-all-1.3.jar:/home/user/.m2/repository/org/bouncycastle/bcprov-jdk15on/1.60/bcprov-jdk15on-1.60.jar:/home/user/.m2/repository/info/picocli/picocli/3.9.6/picocli-3.9.6.jar:/home/user/.m2/repository/com/google/protobuf/protobuf-java/2.5.0/protobuf-java-2.5.0.jar:/home/user/.m2/repository/com/google/guava/guava/11.0.2/guava-11.0.2.jar:/home/user/.m2/repository/org/apache/hadoop/hadoop-ozone-ozone-manager/0.5.0-SNAPSHOT/hadoop-ozone-ozone-manager-0.5.0-SNAPSHOT.jar:/home/user/.m2/repository/org/apache/hadoop/hadoop-minikdc/3.2.0/hadoop-minikdc-3.2.0.jar:/home/user/.m2/repository/commons-io/commons-io/2.5/commons-io-2.5.jar:/home/user/.m2/repository/org/apache/kerby/kerb-simplekdc/1.0.1/kerb-simplekdc-1.0.1.jar:/home/user/.m2/repository/org/apache/kerby/kerb-client/1.0.1/kerb-client-1.0.1.jar:/home/user/.m2/repository/org/apache/kerby/kerby-config/1.0.1/kerby-config-1.0.1.jar:/home/user/.m2/repository/org/apache/kerby/kerb-core/1.0.1/kerb-core-1.0.1.jar:/home/user/.m2/repository/org/apache/kerby/kerby-pkix/1.0.1/kerby-pkix-1.0.1.jar:/home/user/.m2/repository/org/apache/kerby/kerby-asn1/1.0.1/kerby-asn1-1.0.1.jar:/home/user/.m2/repository/org/apache/kerby/kerby-util/1.0.1/kerby-util-1.0.1.jar:/home/user/.m2/repository/org/apache/kerby/kerb-common/1.0.1/kerb-common-1.0.1.jar:/home/user/.m2/repository/org/apache/kerby/kerb-crypto/1.0.1/kerb-crypto-1.0.1.jar:/home/user/.m2/repository/org/apache/kerby/kerb-util/1.0.1/kerb-util-1.0.1.jar:/home/user/.m2/repository/org/apache/kerby/token-provider/1.0.1/token-provider-1.0.1.jar:/home/user/.m2/repository/org/apache/kerby/kerb-admin/1.0.1/kerb-admin-1.0.1.jar:/home/user/.m2/repository/org/apache/kerby/kerb-server/1.0.1/kerb-server-1.0.1.jar:/home/user/.m2/repository/org/apache/kerby/kerb-identity/1.0.1/kerb-identity-1.0.1.jar:/home/user/.m2/repository/org/apache/kerby/kerby-xdr/1.0.1/kerby-xdr-1.0.1.jar:/home/user/.m2/repository/org/slf4j/slf4j-log4j12/1.7.25/slf4j-log4j12-1.7.25.jar:/home/user/.m2/repository/org/apache/hadoop/hadoop-ozone-s3gateway/0.5.0-SNAPSHOT/hadoop-ozone-s3gateway-0.5.0-SNAPSHOT.jar:/home/user/.m2/repository/org/jboss/weld/servlet/weld-servlet/2.4.7.Final/weld-servlet-2.4.7.Final.jar:/home/user/.m2/repository/org/glassfish/jersey/containers/jersey-container-servlet-core/2.27/jersey-container-servlet-core-2.27.jar:/home/user/.m2/repository/org/glassfish/hk2/external/javax.inject/2.5.0-b42/javax.inject-2.5.0-b42.jar:/home/user/.m2/repository/org/glassfish/jersey/core/jersey-common/2.27/jersey-common-2.27.jar:/home/user/.m2/repository/org/glassfish/hk2/osgi-resource-locator/1.0.1/osgi-resource-locator-1.0.1.jar:/home/user/.m2/repository/javax/ws/rs/javax.ws.rs-api/2.1/javax.ws.rs-api-2.1.jar:/home/user/.m2/repository/org/glassfish/jersey/ext/cdi/jersey-cdi1x/2.27/jersey-cdi1x-2.27.jar:/home/user/.m2/repository/org/glassfish/jersey/inject/jersey-hk2/2.27/jersey-hk2-2.27.jar:/home/user/.m2/repository/org/glassfish/hk2/hk2-locator/2.5.0-b42/hk2-locator-2.5.0-b42.jar:/home/user/.m2/repository/org/javassist/javassist/3.22.0-CR2/javassist-3.22.0-CR2.jar:/home/user/.m2/repository/org/glassfish/hk2/hk2-api/2.5.0/hk2-api-2.5.0.jar:/home/user/.m2/repository/org/glassfish/hk2/external/jakarta.inject/2.5.0/jakarta.inject-2.5.0.jar:/home/user/.m2/repository/org/glassfish/hk2/hk2-utils/2.5.0/hk2-utils-2.5.0.jar:/home/user/.m2/repository/jakarta/annotation/jakarta.annotation-api/1.3.4/jakarta.annotation-api-1.3.4.jar:/home/user/.m2/repository/org/glassfish/hk2/external/aopalliance-repackaged/2.5.0/aopalliance-repackaged-2.5.0.jar:/home/user/.m2/repository/com/fasterxml/jackson/dataformat/jackson-dataformat-xml/2.9.0/jackson-dataformat-xml-2.9.0.jar:/home/user/.m2/repository/com/fasterxml/jackson/core/jackson-core/2.9.9/jackson-core-2.9.9.jar:/home/user/.m2/repository/com/fasterxml/jackson/module/jackson-module-jaxb-annotations/2.9.9/jackson-module-jaxb-annotations-2.9.9.jar:/home/user/.m2/repository/javax/enterprise/cdi-api/1.2/cdi-api-1.2.jar:/home/user/.m2/repository/javax/el/javax.el-api/3.0.0/javax.el-api-3.0.0.jar:/home/user/.m2/repository/javax/interceptor/javax.interceptor-api/1.2/javax.interceptor-api-1.2.jar:/home/user/.m2/repository/javax/inject/javax.inject/1/javax.inject-1.jar:/home/user/.m2/repository/com/sun/xml/bind/jaxb-impl/2.3.0.1/jaxb-impl-2.3.0.1.jar:/home/user/.m2/repository/com/sun/xml/bind/jaxb-core/2.3.0.1/jaxb-core-2.3.0.1.jar:/home/user/.m2/repository/javax/xml/bind/jaxb-api/2.3.0/jaxb-api-2.3.0.jar:/home/user/.m2/repository/javax/activation/activation/1.1.1/activation-1.1.1.jar:/home/user/.m2/repository/org/apache/hadoop/hadoop-ozone-csi/0.5.0-SNAPSHOT/hadoop-ozone-csi-0.5.0-SNAPSHOT.jar:/home/user/.m2/repository/com/google/protobuf/protobuf-java-util/3.5.1/protobuf-java-util-3.5.1.jar:/home/user/.m2/repository/org/apache/hadoop/hadoop-hdds-config/0.5.0-SNAPSHOT/hadoop-hdds-config-0.5.0-SNAPSHOT.jar:/home/user/.m2/repository/io/grpc/grpc-netty/1.17.1/grpc-netty-1.17.1.jar:/home/user/.m2/repository/io/grpc/grpc-core/1.17.1/grpc-core-1.17.1.jar:/home/user/.m2/repository/io/grpc/grpc-context/1.17.1/grpc-context-1.17.1.jar:/home/user/.m2/repository/com/google/errorprone/error_prone_annotations/2.2.0/error_prone_annotations-2.2.0.jar:/home/user/.m2/repository/org/codehaus/mojo/animal-sniffer-annotations/1.17/animal-sniffer-annotations-1.17.jar:/home/user/.m2/repository/io/opencensus/opencensus-api/0.17.0/opencensus-api-0.17.0.jar:/home/user/.m2/repository/io/opencensus/opencensus-contrib-grpc-metrics/0.17.0/opencensus-contrib-grpc-metrics-0.17.0.jar:/home/user/.m2/repository/io/netty/netty-codec-http2/4.1.30.Final/netty-codec-http2-4.1.30.Final.jar:/home/user/.m2/repository/io/netty/netty-codec-http/4.1.30.Final/netty-codec-http-4.1.30.Final.jar:/home/user/.m2/repository/io/netty/netty-codec/4.1.30.Final/netty-codec-4.1.30.Final.jar:/home/user/.m2/repository/io/netty/netty-handler/4.1.30.Final/netty-handler-4.1.30.Final.jar:/home/user/.m2/repository/io/netty/netty-handler-proxy/4.1.30.Final/netty-handler-proxy-4.1.30.Final.jar:/home/user/.m2/repository/io/netty/netty-codec-socks/4.1.30.Final/netty-codec-socks-4.1.30.Final.jar:/home/user/.m2/repository/io/netty/netty-transport-native-epoll/4.1.30.Final/netty-transport-native-epoll-4.1.30.Final.jar:/home/user/.m2/repository/io/netty/netty-common/4.1.30.Final/netty-common-4.1.30.Final.jar:/home/user/.m2/repository/io/netty/netty-buffer/4.1.30.Final/netty-buffer-4.1.30.Final.jar:/home/user/.m2/repository/io/netty/netty-transport/4.1.30.Final/netty-transport-4.1.30.Final.jar:/home/user/.m2/repository/io/netty/netty-resolver/4.1.30.Final/netty-resolver-4.1.30.Final.jar:/home/user/.m2/repository/io/netty/netty-transport-native-unix-common/4.1.30.Final/netty-transport-native-unix-common-4.1.30.Final.jar:/home/user/.m2/repository/io/grpc/grpc-protobuf/1.17.1/grpc-protobuf-1.17.1.jar:/home/user/.m2/repository/com/google/api/grpc/proto-google-common-protos/1.0.0/proto-google-common-protos-1.0.0.jar:/home/user/.m2/repository/io/grpc/grpc-protobuf-lite/1.17.1/grpc-protobuf-lite-1.17.1.jar:/home/user/.m2/repository/io/grpc/grpc-stub/1.17.1/grpc-stub-1.17.1.jar:/home/user/.m2/repository/org/apache/hadoop/hadoop-ozone-recon/0.5.0-SNAPSHOT/hadoop-ozone-recon-0.5.0-SNAPSHOT.jar:/home/user/.m2/repository/org/apache/hadoop/hadoop-ozone-reconcodegen/0.5.0-SNAPSHOT/hadoop-ozone-reconcodegen-0.5.0-SNAPSHOT.jar:/home/user/.m2/repository/com/google/inject/extensions/guice-multibindings/4.0/guice-multibindings-4.0.jar:/home/user/.m2/repository/com/google/inject/guice/4.0/guice-4.0.jar:/home/user/.m2/repository/aopalliance/aopalliance/1.0/aopalliance-1.0.jar:/home/user/.m2/repository/com/google/inject/extensions/guice-servlet/4.0/guice-servlet-4.0.jar:/home/user/.m2/repository/org/glassfish/jersey/containers/jersey-container-servlet/2.27/jersey-container-servlet-2.27.jar:/home/user/.m2/repository/org/glassfish/hk2/guice-bridge/2.5.0/guice-bridge-2.5.0.jar:/home/user/.m2/repository/org/glassfish/jersey/core/jersey-server/2.27/jersey-server-2.27.jar:/home/user/.m2/repository/org/glassfish/jersey/core/jersey-client/2.27/jersey-client-2.27.jar:/home/user/.m2/repository/org/glassfish/jersey/media/jersey-media-jaxb/2.27/jersey-media-jaxb-2.27.jar:/home/user/.m2/repository/javax/validation/validation-api/1.1.0.Final/validation-api-1.1.0.Final.jar:/home/user/.m2/repository/org/glassfish/jersey/media/jersey-media-json-jackson/2.27/jersey-media-json-jackson-2.27.jar:/home/user/.m2/repository/org/glassfish/jersey/ext/jersey-entity-filtering/2.27/jersey-entity-filtering-2.27.jar:/home/user/.m2/repository/com/google/inject/extensions/guice-assistedinject/4.0/guice-assistedinject-4.0.jar:/home/user/.m2/repository/org/jooq/jooq/3.11.10/jooq-3.11.10.jar:/home/user/.m2/repository/org/jooq/jooq-meta/3.11.10/jooq-meta-3.11.10.jar:/home/user/.m2/repository/org/jooq/jooq-codegen/3.11.10/jooq-codegen-3.11.10.jar:/home/user/.m2/repository/com/jolbox/bonecp/0.8.0.RELEASE/bonecp-0.8.0.RELEASE.jar:/home/user/.m2/repository/org/xerial/sqlite-jdbc/3.25.2/sqlite-jdbc-3.25.2.jar:/home/user/.m2/repository/org/springframework/spring-jdbc/5.1.3.RELEASE/spring-jdbc-5.1.3.RELEASE.jar:/home/user/.m2/repository/org/springframework/spring-beans/5.1.3.RELEASE/spring-beans-5.1.3.RELEASE.jar:/home/user/.m2/repository/org/springframework/spring-core/5.1.3.RELEASE/spring-core-5.1.3.RELEASE.jar:/home/user/.m2/repository/org/springframework/spring-jcl/5.1.3.RELEASE/spring-jcl-5.1.3.RELEASE.jar:/home/user/.m2/repository/org/springframework/spring-tx/5.1.3.RELEASE/spring-tx-5.1.3.RELEASE.jar:/home/user/.m2/repository/org/apache/hadoop/hadoop-ozone-client/0.5.0-SNAPSHOT/hadoop-ozone-client-0.5.0-SNAPSHOT.jar:/home/user/.m2/repository/commons-lang/commons-lang/2.6/commons-lang-2.6.jar:/home/user/.m2/repository/org/apache/hadoop/hadoop-ozone-ozone-manager/0.5.0-SNAPSHOT/hadoop-ozone-ozone-manager-0.5.0-SNAPSHOT-tests.jar:/home/user/.m2/repository/junit/junit/4.11/junit-4.11.jar:/home/user/.m2/repository/org/hamcrest/hamcrest-core/1.3/hamcrest-core-1.3.jar:/home/user/.m2/repository/org/openjdk/jmh/jmh-core/1.19/jmh-core-1.19.jar:/home/user/.m2/repository/net/sf/jopt-simple/jopt-simple/4.6/jopt-simple-4.6.jar:/home/user/.m2/repository/org/apache/commons/commons-math3/3.1.1/commons-math3-3.1.1.jar:/home/user/.m2/repository/org/openjdk/jmh/jmh-generator-annprocess/1.19/jmh-generator-annprocess-1.19.jar:/home/user/.m2/repository/org/mockito/mockito-all/1.8.5/mockito-all-1.8.5.jar:/home/user/.m2/repository/org/apache/hadoop/hadoop-kms/3.2.0/hadoop-kms-3.2.0.jar:/home/user/.m2/repository/org/apache/hadoop/hadoop-auth/3.2.0/hadoop-auth-3.2.0.jar:/home/user/.m2/repository/com/nimbusds/nimbus-jose-jwt/4.41.1/nimbus-jose-jwt-4.41.1.jar:/home/user/.m2/repository/com/github/stephenc/jcip/jcip-annotations/1.0-1/jcip-annotations-1.0-1.jar:/home/user/.m2/repository/net/minidev/json-smart/2.3/json-smart-2.3.jar:/home/user/.m2/repository/net/minidev/accessors-smart/1.2/accessors-smart-1.2.jar:/home/user/.m2/repository/org/ow2/asm/asm/5.0.4/asm-5.0.4.jar:/home/user/.m2/repository/org/apache/curator/curator-framework/2.12.0/curator-framework-2.12.0.jar:/home/user/.m2/repository/com/sun/jersey/jersey-core/1.19/jersey-core-1.19.jar:/home/user/.m2/repository/javax/ws/rs/jsr311-api/1.1.1/jsr311-api-1.1.1.jar:/home/user/.m2/repository/com/sun/jersey/jersey-server/1.19/jersey-server-1.19.jar:/home/user/.m2/repository/javax/servlet/javax.servlet-api/3.1.0/javax.servlet-api-3.1.0.jar:/home/user/.m2/repository/org/eclipse/jetty/jetty-server/9.3.25.v20180904/jetty-server-9.3.25.v20180904.jar:/home/user/.m2/repository/org/eclipse/jetty/jetty-http/9.3.25.v20180904/jetty-http-9.3.25.v20180904.jar:/home/user/.m2/repository/org/eclipse/jetty/jetty-io/9.3.25.v20180904/jetty-io-9.3.25.v20180904.jar:/home/user/.m2/repository/org/eclipse/jetty/jetty-webapp/9.3.25.v20180904/jetty-webapp-9.3.25.v20180904.jar:/home/user/.m2/repository/org/eclipse/jetty/jetty-xml/9.3.25.v20180904/jetty-xml-9.3.25.v20180904.jar:/home/user/.m2/repository/log4j/log4j/1.2.17/log4j-1.2.17.jar:/home/user/.m2/repository/org/slf4j/slf4j-api/1.7.25/slf4j-api-1.7.25.jar:/home/user/.m2/repository/org/slf4j/jul-to-slf4j/1.7.25/jul-to-slf4j-1.7.25.jar:/home/user/.m2/repository/org/eclipse/jetty/jetty-util/9.3.25.v20180904/jetty-util-9.3.25.v20180904.jar:/home/user/.m2/repository/com/fasterxml/jackson/core/jackson-databind/2.9.9/jackson-databind-2.9.9.jar:/home/user/.m2/repository/org/apache/hadoop/hadoop-kms/3.2.0/hadoop-kms-3.2.0-tests.jar:/home/user/.m2/repository/org/apache/hadoop/hadoop-hdds-server-scm/0.5.0-SNAPSHOT/hadoop-hdds-server-scm-0.5.0-SNAPSHOT-tests.jar:/home/user/.m2/repository/org/apache/hadoop/hadoop-hdds-container-service/0.5.0-SNAPSHOT/hadoop-hdds-container-service-0.5.0-SNAPSHOT-tests.jar:/home/user/.m2/repository/org/yaml/snakeyaml/1.16/snakeyaml-1.16.jar:/home/user/.m2/repository/org/apache/hadoop/hadoop-common/3.2.0/hadoop-common-3.2.0-tests.jar:/home/user/.m2/repository/org/apache/hadoop/hadoop-annotations/3.2.0/hadoop-annotations-3.2.0.jar:/usr/lib/jvm/java-1.8.0-openjdk-1.8.0.222.b10-1.el7_7.x86_64/jre/../lib/tools.jar:/home/user/.m2/repository/commons-cli/commons-cli/1.2/commons-cli-1.2.jar:/home/user/.m2/repository/org/apache/httpcomponents/httpclient/4.5.2/httpclient-4.5.2.jar:/home/user/.m2/repository/org/apache/httpcomponents/httpcore/4.4.4/httpcore-4.4.4.jar:/home/user/.m2/repository/commons-codec/commons-codec/1.11/commons-codec-1.11.jar:/home/user/.m2/repository/commons-net/commons-net/3.6/commons-net-3.6.jar:/home/user/.m2/repository/commons-collections/commons-collections/3.2.2/commons-collections-3.2.2.jar:/home/user/.m2/repository/org/eclipse/jetty/jetty-servlet/9.3.25.v20180904/jetty-servlet-9.3.25.v20180904.jar:/home/user/.m2/repository/org/eclipse/jetty/jetty-security/9.3.25.v20180904/jetty-security-9.3.25.v20180904.jar:/home/user/.m2/repository/javax/servlet/jsp/jsp-api/2.1/jsp-api-2.1.jar:/home/user/.m2/repository/com/sun/jersey/jersey-servlet/1.19/jersey-servlet-1.19.jar:/home/user/.m2/repository/com/sun/jersey/jersey-json/1.19/jersey-json-1.19.jar:/home/user/.m2/repository/org/codehaus/jettison/jettison/1.1/jettison-1.1.jar:/home/user/.m2/repository/org/codehaus/jackson/jackson-core-asl/1.9.13/jackson-core-asl-1.9.13.jar:/home/user/.m2/repository/org/codehaus/jackson/jackson-mapper-asl/1.9.13/jackson-mapper-asl-1.9.13.jar:/home/user/.m2/repository/org/codehaus/jackson/jackson-jaxrs/1.9.13/jackson-jaxrs-1.9.13.jar:/home/user/.m2/repository/org/codehaus/jackson/jackson-xc/1.9.13/jackson-xc-1.9.13.jar:/home/user/.m2/repository/commons-logging/commons-logging/1.1.3/commons-logging-1.1.3.jar:/home/user/.m2/repository/commons-beanutils/commons-beanutils/1.9.4/commons-beanutils-1.9.4.jar:/home/user/.m2/repository/org/apache/commons/commons-configuration2/2.1.1/commons-configuration2-2.1.1.jar:/home/user/.m2/repository/org/apache/commons/commons-lang3/3.7/commons-lang3-3.7.jar:/home/user/.m2/repository/org/apache/commons/commons-text/1.4/commons-text-1.4.jar:/home/user/.m2/repository/org/apache/avro/avro/1.7.7/avro-1.7.7.jar:/home/user/.m2/repository/com/thoughtworks/paranamer/paranamer/2.3/paranamer-2.3.jar:/home/user/.m2/repository/org/xerial/snappy/snappy-java/1.0.5/snappy-java-1.0.5.jar:/home/user/.m2/repository/com/google/re2j/re2j/1.1/re2j-1.1.jar:/home/user/.m2/repository/com/google/code/gson/gson/2.2.4/gson-2.2.4.jar:/home/user/.m2/repository/com/jcraft/jsch/0.1.54/jsch-0.1.54.jar:/home/user/.m2/repository/org/apache/curator/curator-client/2.12.0/curator-client-2.12.0.jar:/home/user/.m2/repository/org/apache/curator/curator-recipes/2.12.0/curator-recipes-2.12.0.jar:/home/user/.m2/repository/com/google/code/findbugs/jsr305/3.0.0/jsr305-3.0.0.jar:/home/user/.m2/repository/org/apache/htrace/htrace-core4/4.1.0-incubating/htrace-core4-4.1.0-incubating.jar:/home/user/.m2/repository/org/apache/zookeeper/zookeeper/3.4.13/zookeeper-3.4.13.jar:/home/user/.m2/repository/jline/jline/0.9.94/jline-0.9.94.jar:/home/user/.m2/repository/org/apache/yetus/audience-annotations/0.5.0/audience-annotations-0.5.0.jar:/home/user/.m2/repository/org/codehaus/woodstox/stax2-api/3.1.4/stax2-api-3.1.4.jar:/home/user/.m2/repository/com/fasterxml/woodstox/woodstox-core/5.0.3/woodstox-core-5.0.3.jar:/home/user/.m2/repository/dnsjava/dnsjava/2.1.7/dnsjava-2.1.7.jar:/home/user/.m2/repository/org/apache/hadoop/hadoop-hdfs/3.2.0/hadoop-hdfs-3.2.0-tests.jar:/home/user/.m2/repository/org/eclipse/jetty/jetty-util-ajax/9.3.25.v20180904/jetty-util-ajax-9.3.25.v20180904.jar:/home/user/.m2/repository/commons-daemon/commons-daemon/1.0.13/commons-daemon-1.0.13.jar:/home/user/.m2/repository/io/netty/netty/3.10.5.Final/netty-3.10.5.Final.jar:/home/user/.m2/repository/io/netty/netty-all/4.0.52.Final/netty-all-4.0.52.Final.jar:/home/user/.m2/repository/org/fusesource/leveldbjni/leveldbjni-all/1.8/leveldbjni-all-1.8.jar:"/>
    <property name="sun.cpu.endian" value="little"/>
    <property name="user.home" value="/home/user"/>
    <property name="user.language" value="en"/>
    <property name="java.specification.vendor" value="Oracle Corporation"/>
    <property name="java.home" value="/usr/lib/jvm/java-1.8.0-openjdk-1.8.0.222.b10-1.el7_7.x86_64/jre"/>
    <property name="surefire.excludesFile" value="/tools/ozone-bad-unit-tests"/>
    <property name="java.security.krb5.conf" value="/workdir/hadoop-ozone/integration-test/target/test-classes/krb5.conf"/>
    <property name="basedir" value="/workdir/hadoop-ozone/integration-test"/>
    <property name="file.separator" value="/"/>
    <property name="line.separator" value="&#10;"/>
    <property name="java.vm.specification.vendor" value="Oracle Corporation"/>
    <property name="java.specification.name" value="Java Platform API Specification"/>
    <property name="java.awt.graphicsenv" value="sun.awt.X11GraphicsEnvironment"/>
    <property name="surefire.real.class.path" value="/workdir/hadoop-ozone/integration-test/target/surefire/surefirebooter3401866509950902360.jar"/>
    <property name="hadoop.log.dir" value="/workdir/hadoop-ozone/integration-test/target/log"/>
    <property name="sun.boot.class.path" value="/usr/lib/jvm/java-1.8.0-openjdk-1.8.0.222.b10-1.el7_7.x86_64/jre/lib/resources.jar:/usr/lib/jvm/java-1.8.0-openjdk-1.8.0.222.b10-1.el7_7.x86_64/jre/lib/rt.jar:/usr/lib/jvm/java-1.8.0-openjdk-1.8.0.222.b10-1.el7_7.x86_64/jre/lib/sunrsasign.jar:/usr/lib/jvm/java-1.8.0-openjdk-1.8.0.222.b10-1.el7_7.x86_64/jre/lib/jsse.jar:/usr/lib/jvm/java-1.8.0-openjdk-1.8.0.222.b10-1.el7_7.x86_64/jre/lib/jce.jar:/usr/lib/jvm/java-1.8.0-openjdk-1.8.0.222.b10-1.el7_7.x86_64/jre/lib/charsets.jar:/usr/lib/jvm/java-1.8.0-openjdk-1.8.0.222.b10-1.el7_7.x86_64/jre/lib/jfr.jar:/usr/lib/jvm/java-1.8.0-openjdk-1.8.0.222.b10-1.el7_7.x86_64/jre/classes"/>
    <property name="sun.management.compiler" value="HotSpot 64-Bit Tiered Compilers"/>
    <property name="java.runtime.version" value="1.8.0_222-b10"/>
    <property name="java.net.preferIPv4Stack" value="true"/>
    <property name="user.name" value="jenkins1000"/>
    <property name="path.separator" value=":"/>
    <property name="java.security.egd" value="file:///dev/urandom"/>
    <property name="os.version" value="3.10.0-957.12.2.el7.x86_64"/>
    <property name="java.endorsed.dirs" value="/usr/lib/jvm/java-1.8.0-openjdk-1.8.0.222.b10-1.el7_7.x86_64/jre/lib/endorsed"/>
    <property name="java.runtime.name" value="OpenJDK Runtime Environment"/>
    <property name="file.encoding" value="ANSI_X3.4-1968"/>
    <property name="java.vm.name" value="OpenJDK 64-Bit Server VM"/>
    <property name="test.build.webapps" value=""/>
    <property name="localRepository" value="/home/user/.m2/repository"/>
    <property name="java.vendor.url.bug" value="http://bugreport.sun.com/bugreport/"/>
    <property name="java.io.tmpdir" value="/tmp"/>
    <property name="require.test.libhadoop" value=""/>
    <property name="java.version" value="1.8.0_222"/>
    <property name="user.dir" value="/workdir/hadoop-ozone/integration-test"/>
    <property name="os.arch" value="amd64"/>
    <property name="java.vm.specification.name" value="Java Virtual Machine Specification"/>
    <property name="test.build.classes" value="/workdir/hadoop-ozone/integration-test/target/test-classes"/>
    <property name="java.awt.printerjob" value="sun.print.PSPrinterJob"/>
    <property name="sun.os.patch.level" value="unknown"/>
    <property name="hadoop.tmp.dir" value="/workdir/hadoop-ozone/integration-test/target/tmp"/>
    <property name="java.library.path" value="/usr/lib:/workdir/hadoop-ozone/integration-test/target/native/target/usr/local/lib:/workdir/hadoop-ozone/integration-test/../../hadoop-common-project/hadoop-common/target/native/target/usr/local/lib:/usr/java/packages/lib/amd64:/usr/lib64:/lib64:/lib:/usr/lib"/>
    <property name="java.vm.info" value="mixed mode"/>
    <property name="java.vendor" value="Oracle Corporation"/>
    <property name="java.vm.version" value="25.222-b10"/>
    <property name="java.ext.dirs" value="/usr/lib/jvm/java-1.8.0-openjdk-1.8.0.222.b10-1.el7_7.x86_64/jre/lib/ext:/usr/java/packages/lib/ext"/>
    <property name="sun.io.unicode.encoding" value="UnicodeLittle"/>
    <property name="java.class.version" value="52.0"/>
  </properties>
  <testcase name="testWatchForCommitWithKeyWrite" classname="org.apache.hadoop.ozone.client.rpc.TestWatchForCommit" time="64.965"/>
  <testcase name="testWatchForCommitWithSmallerTimeoutValue" classname="org.apache.hadoop.ozone.client.rpc.TestWatchForCommit" time="48.453"/>
  <testcase name="testWatchForCommitForRetryfailure" classname="org.apache.hadoop.ozone.client.rpc.TestWatchForCommit" time="60.852">
    <failure type="java.lang.AssertionError">java.lang.AssertionError
	at org.junit.Assert.fail(Assert.java:86)
	at org.junit.Assert.assertTrue(Assert.java:41)
	at org.junit.Assert.assertTrue(Assert.java:52)
	at org.apache.hadoop.ozone.client.rpc.TestWatchForCommit.testWatchForCommitForRetryfailure(TestWatchForCommit.java:348)
	at sun.reflect.NativeMethodAccessorImpl.invoke0(Native Method)
	at sun.reflect.NativeMethodAccessorImpl.invoke(NativeMethodAccessorImpl.java:62)
	at sun.reflect.DelegatingMethodAccessorImpl.invoke(DelegatingMethodAccessorImpl.java:43)
	at java.lang.reflect.Method.invoke(Method.java:498)
	at org.junit.runners.model.FrameworkMethod$1.runReflectiveCall(FrameworkMethod.java:47)
	at org.junit.internal.runners.model.ReflectiveCallable.run(ReflectiveCallable.java:12)
	at org.junit.runners.model.FrameworkMethod.invokeExplosively(FrameworkMethod.java:44)
	at org.junit.internal.runners.statements.InvokeMethod.evaluate(InvokeMethod.java:17)
	at org.junit.runners.ParentRunner.runLeaf(ParentRunner.java:271)
	at org.junit.runners.BlockJUnit4ClassRunner.runChild(BlockJUnit4ClassRunner.java:70)
	at org.junit.runners.BlockJUnit4ClassRunner.runChild(BlockJUnit4ClassRunner.java:50)
	at org.junit.runners.ParentRunner$3.run(ParentRunner.java:238)
	at org.junit.runners.ParentRunner$1.schedule(ParentRunner.java:63)
	at org.junit.runners.ParentRunner.runChildren(ParentRunner.java:236)
	at org.junit.runners.ParentRunner.access$000(ParentRunner.java:53)
	at org.junit.runners.ParentRunner$2.evaluate(ParentRunner.java:229)
	at org.junit.runners.ParentRunner.run(ParentRunner.java:309)
	at org.apache.maven.surefire.junit4.JUnit4Provider.execute(JUnit4Provider.java:365)
	at org.apache.maven.surefire.junit4.JUnit4Provider.executeWithRerun(JUnit4Provider.java:273)
	at org.apache.maven.surefire.junit4.JUnit4Provider.executeTestSet(JUnit4Provider.java:238)
	at org.apache.maven.surefire.junit4.JUnit4Provider.invoke(JUnit4Provider.java:159)
	at org.apache.maven.surefire.booter.ForkedBooter.invokeProviderInSameClassLoader(ForkedBooter.java:384)
	at org.apache.maven.surefire.booter.ForkedBooter.runSuitesInProcess(ForkedBooter.java:345)
	at org.apache.maven.surefire.booter.ForkedBooter.execute(ForkedBooter.java:126)
	at org.apache.maven.surefire.booter.ForkedBooter.main(ForkedBooter.java:418)
</failure>
    <system-out><![CDATA[2019-10-15 22:57:07,835 [main] WARN  server.ServerUtils (ServerUtils.java:getScmDbDir(145)) - ozone.scm.db.dirs is not configured. We recommend adding this setting. Falling back to ozone.metadata.dirs instead.
2019-10-15 22:57:07,850 [main] WARN  server.ServerUtils (ServerUtils.java:getScmDbDir(145)) - ozone.scm.db.dirs is not configured. We recommend adding this setting. Falling back to ozone.metadata.dirs instead.
2019-10-15 22:57:07,851 [main] WARN  server.ServerUtils (ServerUtils.java:getScmDbDir(145)) - ozone.scm.db.dirs is not configured. We recommend adding this setting. Falling back to ozone.metadata.dirs instead.
2019-10-15 22:57:07,851 [main] INFO  db.DBStoreBuilder (DBStoreBuilder.java:addTable(117)) - using custom profile for table: deletedBlocks
2019-10-15 22:57:07,852 [main] INFO  db.DBStoreBuilder (DBStoreBuilder.java:processTables(168)) - Using default column profile:DBProfile.DISK for Table:deletedBlocks
2019-10-15 22:57:07,852 [main] INFO  db.DBStoreBuilder (DBStoreBuilder.java:addTable(117)) - using custom profile for table: validCerts
2019-10-15 22:57:07,852 [main] INFO  db.DBStoreBuilder (DBStoreBuilder.java:processTables(168)) - Using default column profile:DBProfile.DISK for Table:validCerts
2019-10-15 22:57:07,852 [main] INFO  db.DBStoreBuilder (DBStoreBuilder.java:addTable(117)) - using custom profile for table: revokedCerts
2019-10-15 22:57:07,852 [main] INFO  db.DBStoreBuilder (DBStoreBuilder.java:processTables(168)) - Using default column profile:DBProfile.DISK for Table:revokedCerts
2019-10-15 22:57:07,853 [main] INFO  db.DBStoreBuilder (DBStoreBuilder.java:addTable(117)) - using custom profile for table: default
2019-10-15 22:57:07,853 [main] INFO  db.DBStoreBuilder (DBStoreBuilder.java:processTables(174)) - Using default column profile:DBProfile.DISK for Table:default
2019-10-15 22:57:07,853 [main] INFO  db.DBStoreBuilder (DBStoreBuilder.java:getDbProfile(205)) - Using default options. DBProfile.DISK
2019-10-15 22:57:07,951 [main] INFO  net.NodeSchemaLoader (NodeSchemaLoader.java:loadSchemaFromFile(125)) - Loading file from sun.misc.CompoundEnumeration@39c85c1a
2019-10-15 22:57:07,951 [main] INFO  net.NodeSchemaLoader (NodeSchemaLoader.java:loadSchema(171)) - Loading network topology layer schema file
2019-10-15 22:57:07,957 [main] WARN  server.ServerUtils (ServerUtils.java:sanitizeUserArgs(70)) - ozone.scm.stale.node.interval value = 300000 is larger than max = 100000 based on the key value of ozone.scm.heartbeat.thread.interval, reset to the max value 100000.
2019-10-15 22:57:07,957 [main] WARN  server.ServerUtils (ServerUtils.java:sanitizeUserArgs(70)) - ozone.scm.stale.node.interval value = 300000 is larger than max = 100000 based on the key value of ozone.scm.heartbeat.thread.interval, reset to the max value 100000.
2019-10-15 22:57:07,961 [main] INFO  node.SCMNodeManager (SCMNodeManager.java:<init>(116)) - Entering startup safe mode.
2019-10-15 22:57:07,963 [main] INFO  algorithms.ContainerPlacementPolicyFactory (ContainerPlacementPolicyFactory.java:getPolicy(57)) - Create container placement policy of type org.apache.hadoop.hdds.scm.container.placement.algorithms.SCMContainerPlacementRandom
2019-10-15 22:57:07,964 [main] WARN  server.ServerUtils (ServerUtils.java:getScmDbDir(145)) - ozone.scm.db.dirs is not configured. We recommend adding this setting. Falling back to ozone.metadata.dirs instead.
2019-10-15 22:57:08,002 [main] INFO  pipeline.SCMPipelineManager (SCMPipelineManager.java:initializePipelineState(132)) - No pipeline exists in current db
2019-10-15 22:57:08,002 [main] WARN  server.ServerUtils (ServerUtils.java:getScmDbDir(145)) - ozone.scm.db.dirs is not configured. We recommend adding this setting. Falling back to ozone.metadata.dirs instead.
2019-10-15 22:57:08,062 [main] WARN  events.EventQueue (EventQueue.java:fireEvent(183)) - No event handler registered for event TypedEvent{payloadType=SafeModeStatus, name='SafeModeStatus'}
2019-10-15 22:57:08,063 [main] INFO  ipc.CallQueueManager (CallQueueManager.java:<init>(84)) - Using callQueue: class java.util.concurrent.LinkedBlockingQueue, queueCapacity: 2000, scheduler: class org.apache.hadoop.ipc.DefaultRpcScheduler, ipcBackoff: false.
2019-10-15 22:57:08,064 [Socket Reader #1 for port 35236] INFO  ipc.Server (Server.java:run(1074)) - Starting Socket Reader #1 for port 35236
2019-10-15 22:57:08,066 [main] INFO  ipc.CallQueueManager (CallQueueManager.java:<init>(84)) - Using callQueue: class java.util.concurrent.LinkedBlockingQueue, queueCapacity: 2000, scheduler: class org.apache.hadoop.ipc.DefaultRpcScheduler, ipcBackoff: false.
2019-10-15 22:57:08,067 [Socket Reader #1 for port 42703] INFO  ipc.Server (Server.java:run(1074)) - Starting Socket Reader #1 for port 42703
2019-10-15 22:57:08,068 [main] INFO  ipc.CallQueueManager (CallQueueManager.java:<init>(84)) - Using callQueue: class java.util.concurrent.LinkedBlockingQueue, queueCapacity: 2000, scheduler: class org.apache.hadoop.ipc.DefaultRpcScheduler, ipcBackoff: false.
2019-10-15 22:57:08,069 [Socket Reader #1 for port 33613] INFO  ipc.Server (Server.java:run(1074)) - Starting Socket Reader #1 for port 33613
2019-10-15 22:57:08,073 [main] INFO  hdfs.DFSUtil (DFSUtil.java:httpServerTemplateForNNAndJN(1641)) - Starting Web-server for scm at: http://0.0.0.0:0
2019-10-15 22:57:08,076 [main] INFO  server.AuthenticationFilter (AuthenticationFilter.java:constructSecretProvider(240)) - Unable to initialize FileSignerSecretProvider, falling back to use random secrets.
2019-10-15 22:57:08,077 [main] WARN  http.HttpRequestLog (HttpRequestLog.java:getRequestLog(97)) - Jetty request log can only be enabled using Log4j
2019-10-15 22:57:08,079 [main] INFO  http.HttpServer2 (HttpServer2.java:addGlobalFilter(975)) - Added global filter 'safety' (class=org.apache.hadoop.http.HttpServer2$QuotingInputFilter)
2019-10-15 22:57:08,080 [main] INFO  http.HttpServer2 (HttpServer2.java:addFilter(948)) - Added filter static_user_filter (class=org.apache.hadoop.http.lib.StaticUserWebFilter$StaticUserFilter) to context scm
2019-10-15 22:57:08,080 [main] INFO  http.HttpServer2 (HttpServer2.java:addFilter(958)) - Added filter static_user_filter (class=org.apache.hadoop.http.lib.StaticUserWebFilter$StaticUserFilter) to context logs
2019-10-15 22:57:08,080 [main] INFO  http.HttpServer2 (HttpServer2.java:addFilter(958)) - Added filter static_user_filter (class=org.apache.hadoop.http.lib.StaticUserWebFilter$StaticUserFilter) to context static
2019-10-15 22:57:08,084 [main] INFO  server.StorageContainerManager (StorageContainerManager.java:start(772)) - StorageContainerLocationProtocol RPC server is listening at /0.0.0.0:33613
2019-10-15 22:57:08,088 [main] WARN  impl.MetricsConfig (MetricsConfig.java:loadFirst(134)) - Cannot locate configuration: tried hadoop-metrics2-storagecontainermanager.properties,hadoop-metrics2.properties
2019-10-15 22:57:08,089 [main] INFO  impl.MetricsSystemImpl (MetricsSystemImpl.java:startTimer(374)) - Scheduled Metric snapshot period at 10 second(s).
2019-10-15 22:57:08,090 [main] INFO  impl.MetricsSystemImpl (MetricsSystemImpl.java:start(191)) - StorageContainerManager metrics system started
2019-10-15 22:57:08,101 [main] INFO  lib.Interns (Interns.java:removeEldestEntry(50)) - Metrics intern cache overflow at 2011 for MetricsSystem={MetricsSystem=MetricsInfoImpl{name=MetricsSystem, description=MetricsSystem}, MetricsSystem record=MetricsInfoImpl{name=MetricsSystem, description=MetricsSystem record}}
2019-10-15 22:57:08,125 [main] WARN  impl.MetricsSystemImpl (MetricsSystemImpl.java:register(276)) - Sink prometheus already exists!
2019-10-15 22:57:08,171 [main] INFO  server.SCMClientProtocolServer (SCMClientProtocolServer.java:start(159)) - RPC server for Client  is listening at /0.0.0.0:33613
2019-10-15 22:57:08,172 [IPC Server Responder] INFO  ipc.Server (Server.java:run(1314)) - IPC Server Responder: starting
2019-10-15 22:57:08,172 [IPC Server listener on 33613] INFO  ipc.Server (Server.java:run(1153)) - IPC Server listener on 33613: starting
2019-10-15 22:57:08,175 [main] INFO  server.StorageContainerManager (StorageContainerManager.java:start(782)) - ScmBlockLocationProtocol RPC server is listening at /0.0.0.0:42703
2019-10-15 22:57:08,175 [main] INFO  server.SCMBlockProtocolServer (SCMBlockProtocolServer.java:start(146)) - RPC server for Block Protocol is listening at /0.0.0.0:42703
2019-10-15 22:57:08,176 [IPC Server Responder] INFO  ipc.Server (Server.java:run(1314)) - IPC Server Responder: starting
2019-10-15 22:57:08,176 [IPC Server listener on 42703] INFO  ipc.Server (Server.java:run(1153)) - IPC Server listener on 42703: starting
2019-10-15 22:57:08,203 [main] INFO  server.StorageContainerManager (StorageContainerManager.java:start(786)) - ScmDatanodeProtocl RPC server is listening at /0.0.0.0:35236
2019-10-15 22:57:08,203 [main] INFO  server.SCMDatanodeProtocolServer (SCMDatanodeProtocolServer.java:start(169)) - RPC server for DataNodes is listening at /0.0.0.0:35236
2019-10-15 22:57:08,204 [IPC Server Responder] INFO  ipc.Server (Server.java:run(1314)) - IPC Server Responder: starting
2019-10-15 22:57:08,205 [IPC Server listener on 35236] INFO  ipc.Server (Server.java:run(1153)) - IPC Server listener on 35236: starting
2019-10-15 22:57:08,207 [main] INFO  http.HttpServer2 (HttpServer2.java:bindListener(1191)) - Jetty bound to port 37974
2019-10-15 22:57:08,208 [main] INFO  server.Server (Server.java:doStart(351)) - jetty-9.3.25.v20180904, build timestamp: 2018-09-04T21:11:46Z, git hash: 3ce520221d0240229c862b122d2b06c12a625732
2019-10-15 22:57:08,209 [main] INFO  handler.ContextHandler (ContextHandler.java:doStart(781)) - Started o.e.j.s.ServletContextHandler@1ec22831{/logs,file:///workdir/hadoop-ozone/integration-test/target/log,AVAILABLE}
2019-10-15 22:57:08,210 [main] INFO  handler.ContextHandler (ContextHandler.java:doStart(781)) - Started o.e.j.s.ServletContextHandler@516592b1{/static,file:///workdir/hadoop-ozone/integration-test/target/test-classes/webapps/static,AVAILABLE}
2019-10-15 22:57:08,214 [main] INFO  handler.ContextHandler (ContextHandler.java:doStart(781)) - Started o.e.j.w.WebAppContext@1526f71{/,file:///workdir/hadoop-ozone/integration-test/target/test-classes/webapps/scm/,AVAILABLE}{/scm}
2019-10-15 22:57:08,214 [main] INFO  server.AbstractConnector (AbstractConnector.java:doStart(278)) - Started ServerConnector@49ca94a9{HTTP/1.1,[http/1.1]}{0.0.0.0:37974}
2019-10-15 22:57:08,215 [main] INFO  server.Server (Server.java:doStart(419)) - Started @114152ms
2019-10-15 22:57:08,216 [main] WARN  impl.MetricsSystemImpl (MetricsSystemImpl.java:register(276)) - Sink prometheus already exists!
2019-10-15 22:57:08,217 [main] INFO  server.BaseHttpServer (BaseHttpServer.java:updateConnectorAddress(215)) - HTTP server of SCM is listening at http://0.0.0.0:37974
2019-10-15 22:57:08,218 [main] WARN  server.ServerUtils (ServerUtils.java:getDBPath(222)) - ozone.om.db.dirs is not configured. We recommend adding this setting. Falling back to ozone.metadata.dirs instead.
2019-10-15 22:57:08,218 [org.apache.hadoop.util.JvmPauseMonitor$Monitor@5b40de43] INFO  util.JvmPauseMonitor (JvmPauseMonitor.java:run(188)) - Starting JVM pause monitor
2019-10-15 22:57:08,232 [main] INFO  ha.OMHANodeDetails (OMHANodeDetails.java:loadOMHAConfig(190)) - Configuration either no ozone.om.address set. Falling back to the default OM address /127.0.0.1:0
2019-10-15 22:57:08,232 [main] INFO  ha.OMHANodeDetails (OMHANodeDetails.java:getOMNodeDetails(220)) - OM Service ID is not set. Setting it to the default ID: omServiceIdDefault
2019-10-15 22:57:08,233 [main] WARN  server.ServerUtils (ServerUtils.java:getDBPath(222)) - ozone.om.db.dirs is not configured. We recommend adding this setting. Falling back to ozone.metadata.dirs instead.
2019-10-15 22:57:08,233 [main] WARN  server.ServerUtils (ServerUtils.java:getDBPath(222)) - ozone.om.db.dirs is not configured. We recommend adding this setting. Falling back to ozone.metadata.dirs instead.
2019-10-15 22:57:08,241 [main] WARN  server.ServerUtils (ServerUtils.java:getDBPath(222)) - ozone.om.db.dirs is not configured. We recommend adding this setting. Falling back to ozone.metadata.dirs instead.
2019-10-15 22:57:08,242 [main] INFO  db.DBStoreBuilder (DBStoreBuilder.java:addTable(117)) - using custom profile for table: userTable
2019-10-15 22:57:08,242 [main] INFO  db.DBStoreBuilder (DBStoreBuilder.java:processTables(168)) - Using default column profile:DBProfile.DISK for Table:userTable
2019-10-15 22:57:08,243 [main] INFO  db.DBStoreBuilder (DBStoreBuilder.java:addTable(117)) - using custom profile for table: volumeTable
2019-10-15 22:57:08,243 [main] INFO  db.DBStoreBuilder (DBStoreBuilder.java:processTables(168)) - Using default column profile:DBProfile.DISK for Table:volumeTable
2019-10-15 22:57:08,244 [main] INFO  db.DBStoreBuilder (DBStoreBuilder.java:addTable(117)) - using custom profile for table: bucketTable
2019-10-15 22:57:08,244 [main] INFO  db.DBStoreBuilder (DBStoreBuilder.java:processTables(168)) - Using default column profile:DBProfile.DISK for Table:bucketTable
2019-10-15 22:57:08,244 [main] INFO  db.DBStoreBuilder (DBStoreBuilder.java:addTable(117)) - using custom profile for table: keyTable
2019-10-15 22:57:08,244 [main] INFO  db.DBStoreBuilder (DBStoreBuilder.java:processTables(168)) - Using default column profile:DBProfile.DISK for Table:keyTable
2019-10-15 22:57:08,245 [main] INFO  db.DBStoreBuilder (DBStoreBuilder.java:addTable(117)) - using custom profile for table: deletedTable
2019-10-15 22:57:08,245 [main] INFO  db.DBStoreBuilder (DBStoreBuilder.java:processTables(168)) - Using default column profile:DBProfile.DISK for Table:deletedTable
2019-10-15 22:57:08,245 [main] INFO  db.DBStoreBuilder (DBStoreBuilder.java:addTable(117)) - using custom profile for table: openKeyTable
2019-10-15 22:57:08,246 [main] INFO  db.DBStoreBuilder (DBStoreBuilder.java:processTables(168)) - Using default column profile:DBProfile.DISK for Table:openKeyTable
2019-10-15 22:57:08,246 [main] INFO  db.DBStoreBuilder (DBStoreBuilder.java:addTable(117)) - using custom profile for table: s3Table
2019-10-15 22:57:08,246 [main] INFO  db.DBStoreBuilder (DBStoreBuilder.java:processTables(168)) - Using default column profile:DBProfile.DISK for Table:s3Table
2019-10-15 22:57:08,246 [main] INFO  db.DBStoreBuilder (DBStoreBuilder.java:addTable(117)) - using custom profile for table: multipartInfoTable
2019-10-15 22:57:08,246 [main] INFO  db.DBStoreBuilder (DBStoreBuilder.java:processTables(168)) - Using default column profile:DBProfile.DISK for Table:multipartInfoTable
2019-10-15 22:57:08,247 [main] INFO  db.DBStoreBuilder (DBStoreBuilder.java:addTable(117)) - using custom profile for table: dTokenTable
2019-10-15 22:57:08,247 [main] INFO  db.DBStoreBuilder (DBStoreBuilder.java:processTables(168)) - Using default column profile:DBProfile.DISK for Table:dTokenTable
2019-10-15 22:57:08,247 [main] INFO  db.DBStoreBuilder (DBStoreBuilder.java:addTable(117)) - using custom profile for table: s3SecretTable
2019-10-15 22:57:08,247 [main] INFO  db.DBStoreBuilder (DBStoreBuilder.java:processTables(168)) - Using default column profile:DBProfile.DISK for Table:s3SecretTable
2019-10-15 22:57:08,247 [main] INFO  db.DBStoreBuilder (DBStoreBuilder.java:addTable(117)) - using custom profile for table: prefixTable
2019-10-15 22:57:08,247 [main] INFO  db.DBStoreBuilder (DBStoreBuilder.java:processTables(168)) - Using default column profile:DBProfile.DISK for Table:prefixTable
2019-10-15 22:57:08,248 [main] INFO  db.DBStoreBuilder (DBStoreBuilder.java:addTable(117)) - using custom profile for table: default
2019-10-15 22:57:08,248 [main] INFO  db.DBStoreBuilder (DBStoreBuilder.java:processTables(174)) - Using default column profile:DBProfile.DISK for Table:default
2019-10-15 22:57:08,248 [main] INFO  db.DBStoreBuilder (DBStoreBuilder.java:getDbProfile(205)) - Using default options. DBProfile.DISK
2019-10-15 22:57:08,609 [main] INFO  ipc.CallQueueManager (CallQueueManager.java:<init>(84)) - Using callQueue: class java.util.concurrent.LinkedBlockingQueue, queueCapacity: 2000, scheduler: class org.apache.hadoop.ipc.DefaultRpcScheduler, ipcBackoff: false.
2019-10-15 22:57:08,610 [Socket Reader #1 for port 45369] INFO  ipc.Server (Server.java:run(1074)) - Starting Socket Reader #1 for port 45369
2019-10-15 22:57:08,622 [main] INFO  om.OzoneManager (OzoneManager.java:start(1071)) - OzoneManager RPC server is listening at localhost/127.0.0.1:45369
2019-10-15 22:57:08,623 [main] INFO  impl.MetricsSystemImpl (MetricsSystemImpl.java:init(158)) - OzoneManager metrics system started (again)
2019-10-15 22:57:08,624 [IPC Server Responder] INFO  ipc.Server (Server.java:run(1314)) - IPC Server Responder: starting
2019-10-15 22:57:08,624 [IPC Server listener on 45369] INFO  ipc.Server (Server.java:run(1153)) - IPC Server listener on 45369: starting
2019-10-15 22:57:08,629 [main] INFO  hdfs.DFSUtil (DFSUtil.java:httpServerTemplateForNNAndJN(1641)) - Starting Web-server for ozoneManager at: http://0.0.0.0:0
2019-10-15 22:57:08,631 [main] INFO  server.AuthenticationFilter (AuthenticationFilter.java:constructSecretProvider(240)) - Unable to initialize FileSignerSecretProvider, falling back to use random secrets.
2019-10-15 22:57:08,631 [main] WARN  http.HttpRequestLog (HttpRequestLog.java:getRequestLog(97)) - Jetty request log can only be enabled using Log4j
2019-10-15 22:57:08,633 [main] INFO  http.HttpServer2 (HttpServer2.java:addGlobalFilter(975)) - Added global filter 'safety' (class=org.apache.hadoop.http.HttpServer2$QuotingInputFilter)
2019-10-15 22:57:08,634 [main] INFO  http.HttpServer2 (HttpServer2.java:addFilter(948)) - Added filter static_user_filter (class=org.apache.hadoop.http.lib.StaticUserWebFilter$StaticUserFilter) to context ozoneManager
2019-10-15 22:57:08,634 [main] INFO  http.HttpServer2 (HttpServer2.java:addFilter(958)) - Added filter static_user_filter (class=org.apache.hadoop.http.lib.StaticUserWebFilter$StaticUserFilter) to context static
2019-10-15 22:57:08,634 [main] INFO  http.HttpServer2 (HttpServer2.java:addFilter(958)) - Added filter static_user_filter (class=org.apache.hadoop.http.lib.StaticUserWebFilter$StaticUserFilter) to context logs
2019-10-15 22:57:08,635 [main] INFO  http.HttpServer2 (HttpServer2.java:bindListener(1191)) - Jetty bound to port 44427
2019-10-15 22:57:08,635 [main] INFO  server.Server (Server.java:doStart(351)) - jetty-9.3.25.v20180904, build timestamp: 2018-09-04T21:11:46Z, git hash: 3ce520221d0240229c862b122d2b06c12a625732
2019-10-15 22:57:08,636 [main] INFO  handler.ContextHandler (ContextHandler.java:doStart(781)) - Started o.e.j.s.ServletContextHandler@2753316c{/logs,file:///workdir/hadoop-ozone/integration-test/target/log,AVAILABLE}
2019-10-15 22:57:08,637 [main] INFO  handler.ContextHandler (ContextHandler.java:doStart(781)) - Started o.e.j.s.ServletContextHandler@2792b416{/static,file:///workdir/hadoop-ozone/integration-test/target/test-classes/webapps/static,AVAILABLE}
2019-10-15 22:57:08,642 [main] INFO  handler.ContextHandler (ContextHandler.java:doStart(781)) - Started o.e.j.w.WebAppContext@47148f3f{/,file:///workdir/hadoop-ozone/integration-test/target/test-classes/webapps/ozoneManager/,AVAILABLE}{/ozoneManager}
2019-10-15 22:57:08,642 [main] INFO  server.AbstractConnector (AbstractConnector.java:doStart(278)) - Started ServerConnector@52226e57{HTTP/1.1,[http/1.1]}{0.0.0.0:44427}
2019-10-15 22:57:08,643 [main] INFO  server.Server (Server.java:doStart(419)) - Started @114579ms
2019-10-15 22:57:08,643 [main] WARN  impl.MetricsSystemImpl (MetricsSystemImpl.java:register(276)) - Sink prometheus already exists!
2019-10-15 22:57:08,644 [main] INFO  server.BaseHttpServer (BaseHttpServer.java:updateConnectorAddress(215)) - HTTP server of OZONEMANAGER is listening at http://0.0.0.0:44427
2019-10-15 22:57:08,662 [main] INFO  impl.MetricsSystemImpl (MetricsSystemImpl.java:init(158)) - HddsDatanode metrics system started (again)
2019-10-15 22:57:08,665 [main] INFO  ozone.HddsDatanodeService (HddsDatanodeService.java:start(184)) - HddsDatanodeService host:pr-hdds-2071-8rz7p-357833546 ip:192.168.69.67
2019-10-15 22:57:08,672 [main] INFO  volume.HddsVolume (HddsVolume.java:<init>(176)) - Creating Volume: /workdir/hadoop-ozone/integration-test/target/test-dir/MiniOzoneClusterImpl-9abf6572-ed34-46c8-9feb-aff0a1c47f1b/datanode-0/data/containers/hdds of  storage type : DISK and capacity : 1482555576320
2019-10-15 22:57:08,672 [main] INFO  volume.VolumeSet (VolumeSet.java:initializeVolumeSet(170)) - Added Volume : /workdir/hadoop-ozone/integration-test/target/test-dir/MiniOzoneClusterImpl-9abf6572-ed34-46c8-9feb-aff0a1c47f1b/datanode-0/data/containers/hdds to VolumeSet
2019-10-15 22:57:08,672 [main] INFO  volume.ThrottledAsyncChecker (ThrottledAsyncChecker.java:schedule(141)) - Scheduling a check for org.apache.hadoop.ozone.container.common.volume.HddsVolume@54336976
2019-10-15 22:57:08,673 [main] INFO  volume.HddsVolumeChecker (HddsVolumeChecker.java:checkAllVolumes(204)) - Scheduled health check for volume org.apache.hadoop.ozone.container.common.volume.HddsVolume@54336976
2019-10-15 22:57:08,690 [main] INFO  impl.RaftServerProxy (ConfUtils.java:logGet(43)) - raft.rpc.type = GRPC (default)
2019-10-15 22:57:08,690 [main] INFO  grpc.GrpcFactory (GrpcFactory.java:checkPooledByteBufAllocatorUseCacheForAllThreads(45)) - PERFORMANCE WARNING: useCacheForAllThreads is true that may cause Netty to create a lot garbage objects and, as a result, trigger GC.
	It is recommended to disable useCacheForAllThreads by setting -Dorg.apache.ratis.thirdparty.io.netty.allocator.useCacheForAllThreads=false in command line.
2019-10-15 22:57:08,690 [main] INFO  grpc.GrpcConfigKeys$Server (ConfUtils.java:logGet(43)) - raft.grpc.server.port = 0 (default)
2019-10-15 22:57:08,690 [main] INFO  server.GrpcService (ConfUtils.java:logGet(43)) - raft.grpc.message.size.max = 33570816 (custom)
2019-10-15 22:57:08,691 [main] INFO  server.RaftServerConfigKeys (ConfUtils.java:logGet(43)) - raft.server.log.appender.buffer.byte-limit = 33554432 (custom)
2019-10-15 22:57:08,691 [main] INFO  server.GrpcService (ConfUtils.java:logGet(43)) - raft.grpc.flow.control.window = 1MB (=1048576) (default)
2019-10-15 22:57:08,691 [main] INFO  server.RaftServerConfigKeys (ConfUtils.java:logGet(43)) - raft.server.rpc.request.timeout = 3000ms (default)
2019-10-15 22:57:08,692 [main] INFO  server.RaftServerConfigKeys (ConfUtils.java:logGet(43)) - raft.server.storage.dir = [/workdir/hadoop-ozone/integration-test/target/test-dir/MiniOzoneClusterImpl-9abf6572-ed34-46c8-9feb-aff0a1c47f1b/datanode-0/data/ratis] (custom)
2019-10-15 22:57:08,693 [main] INFO  hdfs.DFSUtil (DFSUtil.java:httpServerTemplateForNNAndJN(1641)) - Starting Web-server for hddsDatanode at: http://0.0.0.0:0
2019-10-15 22:57:08,697 [main] INFO  server.AuthenticationFilter (AuthenticationFilter.java:constructSecretProvider(240)) - Unable to initialize FileSignerSecretProvider, falling back to use random secrets.
2019-10-15 22:57:08,697 [main] WARN  http.HttpRequestLog (HttpRequestLog.java:getRequestLog(97)) - Jetty request log can only be enabled using Log4j
2019-10-15 22:57:08,699 [main] INFO  http.HttpServer2 (HttpServer2.java:addGlobalFilter(975)) - Added global filter 'safety' (class=org.apache.hadoop.http.HttpServer2$QuotingInputFilter)
2019-10-15 22:57:08,699 [main] INFO  http.HttpServer2 (HttpServer2.java:addFilter(948)) - Added filter static_user_filter (class=org.apache.hadoop.http.lib.StaticUserWebFilter$StaticUserFilter) to context hddsDatanode
2019-10-15 22:57:08,699 [main] INFO  http.HttpServer2 (HttpServer2.java:addFilter(958)) - Added filter static_user_filter (class=org.apache.hadoop.http.lib.StaticUserWebFilter$StaticUserFilter) to context static
2019-10-15 22:57:08,699 [main] INFO  http.HttpServer2 (HttpServer2.java:addFilter(958)) - Added filter static_user_filter (class=org.apache.hadoop.http.lib.StaticUserWebFilter$StaticUserFilter) to context logs
2019-10-15 22:57:08,700 [main] INFO  http.HttpServer2 (HttpServer2.java:bindListener(1191)) - Jetty bound to port 42463
2019-10-15 22:57:08,700 [main] INFO  server.Server (Server.java:doStart(351)) - jetty-9.3.25.v20180904, build timestamp: 2018-09-04T21:11:46Z, git hash: 3ce520221d0240229c862b122d2b06c12a625732
2019-10-15 22:57:08,702 [main] INFO  handler.ContextHandler (ContextHandler.java:doStart(781)) - Started o.e.j.s.ServletContextHandler@43ac0a68{/logs,file:///workdir/hadoop-ozone/integration-test/target/log,AVAILABLE}
2019-10-15 22:57:08,702 [main] INFO  handler.ContextHandler (ContextHandler.java:doStart(781)) - Started o.e.j.s.ServletContextHandler@3728a578{/static,jar:file:/home/user/.m2/repository/org/apache/hadoop/hadoop-hdds-container-service/0.5.0-SNAPSHOT/hadoop-hdds-container-service-0.5.0-SNAPSHOT.jar!/webapps/static,AVAILABLE}
2019-10-15 22:57:08,730 [main] INFO  handler.ContextHandler (ContextHandler.java:doStart(781)) - Started o.e.j.w.WebAppContext@ca8ef3a{/,file:///tmp/jetty-0.0.0.0-42463-hddsDatanode-_-any-948224235293881218.dir/webapp/,AVAILABLE}{/hddsDatanode}
2019-10-15 22:57:08,731 [main] INFO  server.AbstractConnector (AbstractConnector.java:doStart(278)) - Started ServerConnector@17043b04{HTTP/1.1,[http/1.1]}{0.0.0.0:42463}
2019-10-15 22:57:08,733 [main] INFO  server.Server (Server.java:doStart(419)) - Started @114670ms
2019-10-15 22:57:08,733 [main] WARN  impl.MetricsSystemImpl (MetricsSystemImpl.java:register(276)) - Sink prometheus already exists!
2019-10-15 22:57:08,734 [main] INFO  server.BaseHttpServer (BaseHttpServer.java:updateConnectorAddress(215)) - HTTP server of HDDSDATANODE is listening at http://0.0.0.0:42463
2019-10-15 22:57:08,735 [main] INFO  impl.MetricsSystemImpl (MetricsSystemImpl.java:init(158)) - HddsDatanode metrics system started (again)
2019-10-15 22:57:08,737 [org.apache.hadoop.util.JvmPauseMonitor$Monitor@7273a42f] INFO  util.JvmPauseMonitor (JvmPauseMonitor.java:run(188)) - Starting JVM pause monitor
2019-10-15 22:57:08,737 [main] INFO  ozone.HddsDatanodeService (HddsDatanodeService.java:start(184)) - HddsDatanodeService host:pr-hdds-2071-8rz7p-357833546 ip:192.168.69.67
2019-10-15 22:57:08,738 [Datanode State Machine Thread - 0] INFO  datanode.InitDatanodeState (InitDatanodeState.java:persistContainerDatanodeDetails(140)) - DatanodeDetails is persisted to /workdir/hadoop-ozone/integration-test/target/test-dir/MiniOzoneClusterImpl-9abf6572-ed34-46c8-9feb-aff0a1c47f1b/datanode-0/meta/datanode.id
2019-10-15 22:57:08,743 [main] INFO  volume.HddsVolume (HddsVolume.java:<init>(176)) - Creating Volume: /workdir/hadoop-ozone/integration-test/target/test-dir/MiniOzoneClusterImpl-9abf6572-ed34-46c8-9feb-aff0a1c47f1b/datanode-1/data/containers/hdds of  storage type : DISK and capacity : 1482555576320
2019-10-15 22:57:08,743 [main] INFO  volume.VolumeSet (VolumeSet.java:initializeVolumeSet(170)) - Added Volume : /workdir/hadoop-ozone/integration-test/target/test-dir/MiniOzoneClusterImpl-9abf6572-ed34-46c8-9feb-aff0a1c47f1b/datanode-1/data/containers/hdds to VolumeSet
2019-10-15 22:57:08,743 [main] INFO  volume.ThrottledAsyncChecker (ThrottledAsyncChecker.java:schedule(141)) - Scheduling a check for org.apache.hadoop.ozone.container.common.volume.HddsVolume@32f5ecc4
2019-10-15 22:57:08,743 [main] INFO  volume.HddsVolumeChecker (HddsVolumeChecker.java:checkAllVolumes(204)) - Scheduled health check for volume org.apache.hadoop.ozone.container.common.volume.HddsVolume@32f5ecc4
2019-10-15 22:57:08,755 [main] INFO  impl.RaftServerProxy (ConfUtils.java:logGet(43)) - raft.rpc.type = GRPC (default)
2019-10-15 22:57:08,755 [main] INFO  grpc.GrpcFactory (GrpcFactory.java:checkPooledByteBufAllocatorUseCacheForAllThreads(45)) - PERFORMANCE WARNING: useCacheForAllThreads is true that may cause Netty to create a lot garbage objects and, as a result, trigger GC.
	It is recommended to disable useCacheForAllThreads by setting -Dorg.apache.ratis.thirdparty.io.netty.allocator.useCacheForAllThreads=false in command line.
2019-10-15 22:57:08,756 [main] INFO  grpc.GrpcConfigKeys$Server (ConfUtils.java:logGet(43)) - raft.grpc.server.port = 0 (default)
2019-10-15 22:57:08,756 [main] INFO  server.GrpcService (ConfUtils.java:logGet(43)) - raft.grpc.message.size.max = 33570816 (custom)
2019-10-15 22:57:08,756 [main] INFO  server.RaftServerConfigKeys (ConfUtils.java:logGet(43)) - raft.server.log.appender.buffer.byte-limit = 33554432 (custom)
2019-10-15 22:57:08,756 [main] INFO  server.GrpcService (ConfUtils.java:logGet(43)) - raft.grpc.flow.control.window = 1MB (=1048576) (default)
2019-10-15 22:57:08,756 [main] INFO  server.RaftServerConfigKeys (ConfUtils.java:logGet(43)) - raft.server.rpc.request.timeout = 3000ms (default)
2019-10-15 22:57:08,757 [main] INFO  server.RaftServerConfigKeys (ConfUtils.java:logGet(43)) - raft.server.storage.dir = [/workdir/hadoop-ozone/integration-test/target/test-dir/MiniOzoneClusterImpl-9abf6572-ed34-46c8-9feb-aff0a1c47f1b/datanode-1/data/ratis] (custom)
2019-10-15 22:57:08,759 [main] INFO  hdfs.DFSUtil (DFSUtil.java:httpServerTemplateForNNAndJN(1641)) - Starting Web-server for hddsDatanode at: http://0.0.0.0:0
2019-10-15 22:57:08,761 [main] INFO  server.AuthenticationFilter (AuthenticationFilter.java:constructSecretProvider(240)) - Unable to initialize FileSignerSecretProvider, falling back to use random secrets.
2019-10-15 22:57:08,761 [main] WARN  http.HttpRequestLog (HttpRequestLog.java:getRequestLog(97)) - Jetty request log can only be enabled using Log4j
2019-10-15 22:57:08,763 [main] INFO  http.HttpServer2 (HttpServer2.java:addGlobalFilter(975)) - Added global filter 'safety' (class=org.apache.hadoop.http.HttpServer2$QuotingInputFilter)
2019-10-15 22:57:08,764 [main] INFO  http.HttpServer2 (HttpServer2.java:addFilter(948)) - Added filter static_user_filter (class=org.apache.hadoop.http.lib.StaticUserWebFilter$StaticUserFilter) to context hddsDatanode
2019-10-15 22:57:08,764 [main] INFO  http.HttpServer2 (HttpServer2.java:addFilter(958)) - Added filter static_user_filter (class=org.apache.hadoop.http.lib.StaticUserWebFilter$StaticUserFilter) to context static
2019-10-15 22:57:08,764 [main] INFO  http.HttpServer2 (HttpServer2.java:addFilter(958)) - Added filter static_user_filter (class=org.apache.hadoop.http.lib.StaticUserWebFilter$StaticUserFilter) to context logs
2019-10-15 22:57:08,765 [main] INFO  http.HttpServer2 (HttpServer2.java:bindListener(1191)) - Jetty bound to port 34398
2019-10-15 22:57:08,765 [main] INFO  server.Server (Server.java:doStart(351)) - jetty-9.3.25.v20180904, build timestamp: 2018-09-04T21:11:46Z, git hash: 3ce520221d0240229c862b122d2b06c12a625732
2019-10-15 22:57:08,767 [main] INFO  handler.ContextHandler (ContextHandler.java:doStart(781)) - Started o.e.j.s.ServletContextHandler@2349f14d{/logs,file:///workdir/hadoop-ozone/integration-test/target/log,AVAILABLE}
2019-10-15 22:57:08,767 [main] INFO  handler.ContextHandler (ContextHandler.java:doStart(781)) - Started o.e.j.s.ServletContextHandler@7edb6fca{/static,jar:file:/home/user/.m2/repository/org/apache/hadoop/hadoop-hdds-container-service/0.5.0-SNAPSHOT/hadoop-hdds-container-service-0.5.0-SNAPSHOT.jar!/webapps/static,AVAILABLE}
2019-10-15 22:57:08,805 [main] INFO  handler.ContextHandler (ContextHandler.java:doStart(781)) - Started o.e.j.w.WebAppContext@66383c29{/,file:///tmp/jetty-0.0.0.0-34398-hddsDatanode-_-any-1813196171178258564.dir/webapp/,AVAILABLE}{/hddsDatanode}
2019-10-15 22:57:08,805 [main] INFO  server.AbstractConnector (AbstractConnector.java:doStart(278)) - Started ServerConnector@7f7c420c{HTTP/1.1,[http/1.1]}{0.0.0.0:34398}
2019-10-15 22:57:08,806 [main] INFO  server.Server (Server.java:doStart(419)) - Started @114743ms
2019-10-15 22:57:08,807 [main] WARN  impl.MetricsSystemImpl (MetricsSystemImpl.java:register(276)) - Sink prometheus already exists!
2019-10-15 22:57:08,808 [main] INFO  server.BaseHttpServer (BaseHttpServer.java:updateConnectorAddress(215)) - HTTP server of HDDSDATANODE is listening at http://0.0.0.0:34398
2019-10-15 22:57:08,808 [main] INFO  impl.MetricsSystemImpl (MetricsSystemImpl.java:init(158)) - HddsDatanode metrics system started (again)
2019-10-15 22:57:08,810 [org.apache.hadoop.util.JvmPauseMonitor$Monitor@5efd7856] INFO  util.JvmPauseMonitor (JvmPauseMonitor.java:run(188)) - Starting JVM pause monitor
2019-10-15 22:57:08,811 [main] INFO  ozone.HddsDatanodeService (HddsDatanodeService.java:start(184)) - HddsDatanodeService host:pr-hdds-2071-8rz7p-357833546 ip:192.168.69.67
2019-10-15 22:57:08,813 [Datanode State Machine Thread - 0] INFO  datanode.InitDatanodeState (InitDatanodeState.java:persistContainerDatanodeDetails(140)) - DatanodeDetails is persisted to /workdir/hadoop-ozone/integration-test/target/test-dir/MiniOzoneClusterImpl-9abf6572-ed34-46c8-9feb-aff0a1c47f1b/datanode-1/meta/datanode.id
2019-10-15 22:57:08,817 [main] INFO  volume.HddsVolume (HddsVolume.java:<init>(176)) - Creating Volume: /workdir/hadoop-ozone/integration-test/target/test-dir/MiniOzoneClusterImpl-9abf6572-ed34-46c8-9feb-aff0a1c47f1b/datanode-2/data/containers/hdds of  storage type : DISK and capacity : 1482555576320
2019-10-15 22:57:08,817 [main] INFO  volume.VolumeSet (VolumeSet.java:initializeVolumeSet(170)) - Added Volume : /workdir/hadoop-ozone/integration-test/target/test-dir/MiniOzoneClusterImpl-9abf6572-ed34-46c8-9feb-aff0a1c47f1b/datanode-2/data/containers/hdds to VolumeSet
2019-10-15 22:57:08,817 [main] INFO  volume.ThrottledAsyncChecker (ThrottledAsyncChecker.java:schedule(141)) - Scheduling a check for org.apache.hadoop.ozone.container.common.volume.HddsVolume@733c464f
2019-10-15 22:57:08,818 [main] INFO  volume.HddsVolumeChecker (HddsVolumeChecker.java:checkAllVolumes(204)) - Scheduled health check for volume org.apache.hadoop.ozone.container.common.volume.HddsVolume@733c464f
2019-10-15 22:57:08,833 [main] INFO  impl.RaftServerProxy (ConfUtils.java:logGet(43)) - raft.rpc.type = GRPC (default)
2019-10-15 22:57:08,834 [main] INFO  grpc.GrpcFactory (GrpcFactory.java:checkPooledByteBufAllocatorUseCacheForAllThreads(45)) - PERFORMANCE WARNING: useCacheForAllThreads is true that may cause Netty to create a lot garbage objects and, as a result, trigger GC.
	It is recommended to disable useCacheForAllThreads by setting -Dorg.apache.ratis.thirdparty.io.netty.allocator.useCacheForAllThreads=false in command line.
2019-10-15 22:57:08,834 [main] INFO  grpc.GrpcConfigKeys$Server (ConfUtils.java:logGet(43)) - raft.grpc.server.port = 0 (default)
2019-10-15 22:57:08,834 [main] INFO  server.GrpcService (ConfUtils.java:logGet(43)) - raft.grpc.message.size.max = 33570816 (custom)
2019-10-15 22:57:08,835 [main] INFO  server.RaftServerConfigKeys (ConfUtils.java:logGet(43)) - raft.server.log.appender.buffer.byte-limit = 33554432 (custom)
2019-10-15 22:57:08,835 [main] INFO  server.GrpcService (ConfUtils.java:logGet(43)) - raft.grpc.flow.control.window = 1MB (=1048576) (default)
2019-10-15 22:57:08,835 [main] INFO  server.RaftServerConfigKeys (ConfUtils.java:logGet(43)) - raft.server.rpc.request.timeout = 3000ms (default)
2019-10-15 22:57:08,836 [main] INFO  server.RaftServerConfigKeys (ConfUtils.java:logGet(43)) - raft.server.storage.dir = [/workdir/hadoop-ozone/integration-test/target/test-dir/MiniOzoneClusterImpl-9abf6572-ed34-46c8-9feb-aff0a1c47f1b/datanode-2/data/ratis] (custom)
2019-10-15 22:57:08,837 [main] INFO  hdfs.DFSUtil (DFSUtil.java:httpServerTemplateForNNAndJN(1641)) - Starting Web-server for hddsDatanode at: http://0.0.0.0:0
2019-10-15 22:57:08,839 [main] INFO  server.AuthenticationFilter (AuthenticationFilter.java:constructSecretProvider(240)) - Unable to initialize FileSignerSecretProvider, falling back to use random secrets.
2019-10-15 22:57:08,839 [main] WARN  http.HttpRequestLog (HttpRequestLog.java:getRequestLog(97)) - Jetty request log can only be enabled using Log4j
2019-10-15 22:57:08,841 [main] INFO  http.HttpServer2 (HttpServer2.java:addGlobalFilter(975)) - Added global filter 'safety' (class=org.apache.hadoop.http.HttpServer2$QuotingInputFilter)
2019-10-15 22:57:08,841 [main] INFO  http.HttpServer2 (HttpServer2.java:addFilter(948)) - Added filter static_user_filter (class=org.apache.hadoop.http.lib.StaticUserWebFilter$StaticUserFilter) to context hddsDatanode
2019-10-15 22:57:08,841 [main] INFO  http.HttpServer2 (HttpServer2.java:addFilter(958)) - Added filter static_user_filter (class=org.apache.hadoop.http.lib.StaticUserWebFilter$StaticUserFilter) to context static
2019-10-15 22:57:08,842 [main] INFO  http.HttpServer2 (HttpServer2.java:addFilter(958)) - Added filter static_user_filter (class=org.apache.hadoop.http.lib.StaticUserWebFilter$StaticUserFilter) to context logs
2019-10-15 22:57:08,842 [main] INFO  http.HttpServer2 (HttpServer2.java:bindListener(1191)) - Jetty bound to port 44543
2019-10-15 22:57:08,843 [main] INFO  server.Server (Server.java:doStart(351)) - jetty-9.3.25.v20180904, build timestamp: 2018-09-04T21:11:46Z, git hash: 3ce520221d0240229c862b122d2b06c12a625732
2019-10-15 22:57:08,844 [main] INFO  handler.ContextHandler (ContextHandler.java:doStart(781)) - Started o.e.j.s.ServletContextHandler@5a515e5d{/logs,file:///workdir/hadoop-ozone/integration-test/target/log,AVAILABLE}
2019-10-15 22:57:08,845 [main] INFO  handler.ContextHandler (ContextHandler.java:doStart(781)) - Started o.e.j.s.ServletContextHandler@32f32623{/static,jar:file:/home/user/.m2/repository/org/apache/hadoop/hadoop-hdds-container-service/0.5.0-SNAPSHOT/hadoop-hdds-container-service-0.5.0-SNAPSHOT.jar!/webapps/static,AVAILABLE}
2019-10-15 22:57:08,876 [main] INFO  handler.ContextHandler (ContextHandler.java:doStart(781)) - Started o.e.j.w.WebAppContext@2a02e34b{/,file:///tmp/jetty-0.0.0.0-44543-hddsDatanode-_-any-2670792854637947502.dir/webapp/,AVAILABLE}{/hddsDatanode}
2019-10-15 22:57:08,876 [main] INFO  server.AbstractConnector (AbstractConnector.java:doStart(278)) - Started ServerConnector@5eabff6b{HTTP/1.1,[http/1.1]}{0.0.0.0:44543}
2019-10-15 22:57:08,877 [main] INFO  server.Server (Server.java:doStart(419)) - Started @114814ms
2019-10-15 22:57:08,877 [main] WARN  impl.MetricsSystemImpl (MetricsSystemImpl.java:register(276)) - Sink prometheus already exists!
2019-10-15 22:57:08,878 [main] INFO  server.BaseHttpServer (BaseHttpServer.java:updateConnectorAddress(215)) - HTTP server of HDDSDATANODE is listening at http://0.0.0.0:44543
2019-10-15 22:57:08,878 [main] INFO  impl.MetricsSystemImpl (MetricsSystemImpl.java:init(158)) - HddsDatanode metrics system started (again)
2019-10-15 22:57:08,881 [org.apache.hadoop.util.JvmPauseMonitor$Monitor@362e1697] INFO  util.JvmPauseMonitor (JvmPauseMonitor.java:run(188)) - Starting JVM pause monitor
2019-10-15 22:57:08,882 [main] INFO  ozone.HddsDatanodeService (HddsDatanodeService.java:start(184)) - HddsDatanodeService host:pr-hdds-2071-8rz7p-357833546 ip:192.168.69.67
2019-10-15 22:57:08,883 [Datanode State Machine Thread - 0] INFO  datanode.InitDatanodeState (InitDatanodeState.java:persistContainerDatanodeDetails(140)) - DatanodeDetails is persisted to /workdir/hadoop-ozone/integration-test/target/test-dir/MiniOzoneClusterImpl-9abf6572-ed34-46c8-9feb-aff0a1c47f1b/datanode-2/meta/datanode.id
2019-10-15 22:57:08,888 [main] INFO  volume.HddsVolume (HddsVolume.java:<init>(176)) - Creating Volume: /workdir/hadoop-ozone/integration-test/target/test-dir/MiniOzoneClusterImpl-9abf6572-ed34-46c8-9feb-aff0a1c47f1b/datanode-3/data/containers/hdds of  storage type : DISK and capacity : 1482555576320
2019-10-15 22:57:08,888 [main] INFO  volume.VolumeSet (VolumeSet.java:initializeVolumeSet(170)) - Added Volume : /workdir/hadoop-ozone/integration-test/target/test-dir/MiniOzoneClusterImpl-9abf6572-ed34-46c8-9feb-aff0a1c47f1b/datanode-3/data/containers/hdds to VolumeSet
2019-10-15 22:57:08,889 [main] INFO  volume.ThrottledAsyncChecker (ThrottledAsyncChecker.java:schedule(141)) - Scheduling a check for org.apache.hadoop.ozone.container.common.volume.HddsVolume@7792d851
2019-10-15 22:57:08,889 [main] INFO  volume.HddsVolumeChecker (HddsVolumeChecker.java:checkAllVolumes(204)) - Scheduled health check for volume org.apache.hadoop.ozone.container.common.volume.HddsVolume@7792d851
2019-10-15 22:57:08,902 [main] INFO  impl.RaftServerProxy (ConfUtils.java:logGet(43)) - raft.rpc.type = GRPC (default)
2019-10-15 22:57:08,902 [main] INFO  grpc.GrpcFactory (GrpcFactory.java:checkPooledByteBufAllocatorUseCacheForAllThreads(45)) - PERFORMANCE WARNING: useCacheForAllThreads is true that may cause Netty to create a lot garbage objects and, as a result, trigger GC.
	It is recommended to disable useCacheForAllThreads by setting -Dorg.apache.ratis.thirdparty.io.netty.allocator.useCacheForAllThreads=false in command line.
2019-10-15 22:57:08,903 [main] INFO  grpc.GrpcConfigKeys$Server (ConfUtils.java:logGet(43)) - raft.grpc.server.port = 0 (default)
2019-10-15 22:57:08,903 [main] INFO  server.GrpcService (ConfUtils.java:logGet(43)) - raft.grpc.message.size.max = 33570816 (custom)
2019-10-15 22:57:08,903 [main] INFO  server.RaftServerConfigKeys (ConfUtils.java:logGet(43)) - raft.server.log.appender.buffer.byte-limit = 33554432 (custom)
2019-10-15 22:57:08,903 [main] INFO  server.GrpcService (ConfUtils.java:logGet(43)) - raft.grpc.flow.control.window = 1MB (=1048576) (default)
2019-10-15 22:57:08,903 [main] INFO  server.RaftServerConfigKeys (ConfUtils.java:logGet(43)) - raft.server.rpc.request.timeout = 3000ms (default)
2019-10-15 22:57:08,904 [main] INFO  server.RaftServerConfigKeys (ConfUtils.java:logGet(43)) - raft.server.storage.dir = [/workdir/hadoop-ozone/integration-test/target/test-dir/MiniOzoneClusterImpl-9abf6572-ed34-46c8-9feb-aff0a1c47f1b/datanode-3/data/ratis] (custom)
2019-10-15 22:57:08,905 [main] INFO  hdfs.DFSUtil (DFSUtil.java:httpServerTemplateForNNAndJN(1641)) - Starting Web-server for hddsDatanode at: http://0.0.0.0:0
2019-10-15 22:57:08,906 [main] INFO  server.AuthenticationFilter (AuthenticationFilter.java:constructSecretProvider(240)) - Unable to initialize FileSignerSecretProvider, falling back to use random secrets.
2019-10-15 22:57:08,907 [main] WARN  http.HttpRequestLog (HttpRequestLog.java:getRequestLog(97)) - Jetty request log can only be enabled using Log4j
2019-10-15 22:57:08,908 [main] INFO  http.HttpServer2 (HttpServer2.java:addGlobalFilter(975)) - Added global filter 'safety' (class=org.apache.hadoop.http.HttpServer2$QuotingInputFilter)
2019-10-15 22:57:08,909 [main] INFO  http.HttpServer2 (HttpServer2.java:addFilter(948)) - Added filter static_user_filter (class=org.apache.hadoop.http.lib.StaticUserWebFilter$StaticUserFilter) to context hddsDatanode
2019-10-15 22:57:08,909 [main] INFO  http.HttpServer2 (HttpServer2.java:addFilter(958)) - Added filter static_user_filter (class=org.apache.hadoop.http.lib.StaticUserWebFilter$StaticUserFilter) to context static
2019-10-15 22:57:08,909 [main] INFO  http.HttpServer2 (HttpServer2.java:addFilter(958)) - Added filter static_user_filter (class=org.apache.hadoop.http.lib.StaticUserWebFilter$StaticUserFilter) to context logs
2019-10-15 22:57:08,910 [main] INFO  http.HttpServer2 (HttpServer2.java:bindListener(1191)) - Jetty bound to port 46476
2019-10-15 22:57:08,910 [main] INFO  server.Server (Server.java:doStart(351)) - jetty-9.3.25.v20180904, build timestamp: 2018-09-04T21:11:46Z, git hash: 3ce520221d0240229c862b122d2b06c12a625732
2019-10-15 22:57:08,913 [main] INFO  handler.ContextHandler (ContextHandler.java:doStart(781)) - Started o.e.j.s.ServletContextHandler@3a479fda{/logs,file:///workdir/hadoop-ozone/integration-test/target/log,AVAILABLE}
2019-10-15 22:57:08,914 [main] INFO  handler.ContextHandler (ContextHandler.java:doStart(781)) - Started o.e.j.s.ServletContextHandler@472d0f4{/static,jar:file:/home/user/.m2/repository/org/apache/hadoop/hadoop-hdds-container-service/0.5.0-SNAPSHOT/hadoop-hdds-container-service-0.5.0-SNAPSHOT.jar!/webapps/static,AVAILABLE}
2019-10-15 22:57:08,950 [main] INFO  handler.ContextHandler (ContextHandler.java:doStart(781)) - Started o.e.j.w.WebAppContext@500051c5{/,file:///tmp/jetty-0.0.0.0-46476-hddsDatanode-_-any-6581196429415854870.dir/webapp/,AVAILABLE}{/hddsDatanode}
2019-10-15 22:57:08,951 [main] INFO  server.AbstractConnector (AbstractConnector.java:doStart(278)) - Started ServerConnector@ec7b5de{HTTP/1.1,[http/1.1]}{0.0.0.0:46476}
2019-10-15 22:57:08,952 [main] INFO  server.Server (Server.java:doStart(419)) - Started @114888ms
2019-10-15 22:57:08,952 [main] WARN  impl.MetricsSystemImpl (MetricsSystemImpl.java:register(276)) - Sink prometheus already exists!
2019-10-15 22:57:08,953 [main] INFO  server.BaseHttpServer (BaseHttpServer.java:updateConnectorAddress(215)) - HTTP server of HDDSDATANODE is listening at http://0.0.0.0:46476
2019-10-15 22:57:08,953 [main] INFO  impl.MetricsSystemImpl (MetricsSystemImpl.java:init(158)) - HddsDatanode metrics system started (again)
2019-10-15 22:57:08,957 [org.apache.hadoop.util.JvmPauseMonitor$Monitor@7da426cb] INFO  util.JvmPauseMonitor (JvmPauseMonitor.java:run(188)) - Starting JVM pause monitor
2019-10-15 22:57:08,957 [main] INFO  ozone.HddsDatanodeService (HddsDatanodeService.java:start(184)) - HddsDatanodeService host:pr-hdds-2071-8rz7p-357833546 ip:192.168.69.67
2019-10-15 22:57:08,958 [Datanode State Machine Thread - 0] INFO  datanode.InitDatanodeState (InitDatanodeState.java:persistContainerDatanodeDetails(140)) - DatanodeDetails is persisted to /workdir/hadoop-ozone/integration-test/target/test-dir/MiniOzoneClusterImpl-9abf6572-ed34-46c8-9feb-aff0a1c47f1b/datanode-3/meta/datanode.id
2019-10-15 22:57:08,968 [main] INFO  volume.HddsVolume (HddsVolume.java:<init>(176)) - Creating Volume: /workdir/hadoop-ozone/integration-test/target/test-dir/MiniOzoneClusterImpl-9abf6572-ed34-46c8-9feb-aff0a1c47f1b/datanode-4/data/containers/hdds of  storage type : DISK and capacity : 1482555576320
2019-10-15 22:57:08,968 [main] INFO  volume.VolumeSet (VolumeSet.java:initializeVolumeSet(170)) - Added Volume : /workdir/hadoop-ozone/integration-test/target/test-dir/MiniOzoneClusterImpl-9abf6572-ed34-46c8-9feb-aff0a1c47f1b/datanode-4/data/containers/hdds to VolumeSet
2019-10-15 22:57:08,968 [main] INFO  volume.ThrottledAsyncChecker (ThrottledAsyncChecker.java:schedule(141)) - Scheduling a check for org.apache.hadoop.ozone.container.common.volume.HddsVolume@1150d471
2019-10-15 22:57:08,969 [main] INFO  volume.HddsVolumeChecker (HddsVolumeChecker.java:checkAllVolumes(204)) - Scheduled health check for volume org.apache.hadoop.ozone.container.common.volume.HddsVolume@1150d471
2019-10-15 22:57:08,983 [main] INFO  impl.RaftServerProxy (ConfUtils.java:logGet(43)) - raft.rpc.type = GRPC (default)
2019-10-15 22:57:08,983 [main] INFO  grpc.GrpcFactory (GrpcFactory.java:checkPooledByteBufAllocatorUseCacheForAllThreads(45)) - PERFORMANCE WARNING: useCacheForAllThreads is true that may cause Netty to create a lot garbage objects and, as a result, trigger GC.
	It is recommended to disable useCacheForAllThreads by setting -Dorg.apache.ratis.thirdparty.io.netty.allocator.useCacheForAllThreads=false in command line.
2019-10-15 22:57:08,983 [main] INFO  grpc.GrpcConfigKeys$Server (ConfUtils.java:logGet(43)) - raft.grpc.server.port = 0 (default)
2019-10-15 22:57:08,983 [main] INFO  server.GrpcService (ConfUtils.java:logGet(43)) - raft.grpc.message.size.max = 33570816 (custom)
2019-10-15 22:57:08,984 [main] INFO  server.RaftServerConfigKeys (ConfUtils.java:logGet(43)) - raft.server.log.appender.buffer.byte-limit = 33554432 (custom)
2019-10-15 22:57:08,984 [main] INFO  server.GrpcService (ConfUtils.java:logGet(43)) - raft.grpc.flow.control.window = 1MB (=1048576) (default)
2019-10-15 22:57:08,984 [main] INFO  server.RaftServerConfigKeys (ConfUtils.java:logGet(43)) - raft.server.rpc.request.timeout = 3000ms (default)
2019-10-15 22:57:08,984 [main] INFO  server.RaftServerConfigKeys (ConfUtils.java:logGet(43)) - raft.server.storage.dir = [/workdir/hadoop-ozone/integration-test/target/test-dir/MiniOzoneClusterImpl-9abf6572-ed34-46c8-9feb-aff0a1c47f1b/datanode-4/data/ratis] (custom)
2019-10-15 22:57:08,986 [main] INFO  hdfs.DFSUtil (DFSUtil.java:httpServerTemplateForNNAndJN(1641)) - Starting Web-server for hddsDatanode at: http://0.0.0.0:0
2019-10-15 22:57:08,987 [main] INFO  server.AuthenticationFilter (AuthenticationFilter.java:constructSecretProvider(240)) - Unable to initialize FileSignerSecretProvider, falling back to use random secrets.
2019-10-15 22:57:08,988 [main] WARN  http.HttpRequestLog (HttpRequestLog.java:getRequestLog(97)) - Jetty request log can only be enabled using Log4j
2019-10-15 22:57:08,989 [main] INFO  http.HttpServer2 (HttpServer2.java:addGlobalFilter(975)) - Added global filter 'safety' (class=org.apache.hadoop.http.HttpServer2$QuotingInputFilter)
2019-10-15 22:57:08,990 [main] INFO  http.HttpServer2 (HttpServer2.java:addFilter(948)) - Added filter static_user_filter (class=org.apache.hadoop.http.lib.StaticUserWebFilter$StaticUserFilter) to context hddsDatanode
2019-10-15 22:57:08,990 [main] INFO  http.HttpServer2 (HttpServer2.java:addFilter(958)) - Added filter static_user_filter (class=org.apache.hadoop.http.lib.StaticUserWebFilter$StaticUserFilter) to context static
2019-10-15 22:57:08,990 [main] INFO  http.HttpServer2 (HttpServer2.java:addFilter(958)) - Added filter static_user_filter (class=org.apache.hadoop.http.lib.StaticUserWebFilter$StaticUserFilter) to context logs
2019-10-15 22:57:08,991 [main] INFO  http.HttpServer2 (HttpServer2.java:bindListener(1191)) - Jetty bound to port 45534
2019-10-15 22:57:08,991 [main] INFO  server.Server (Server.java:doStart(351)) - jetty-9.3.25.v20180904, build timestamp: 2018-09-04T21:11:46Z, git hash: 3ce520221d0240229c862b122d2b06c12a625732
2019-10-15 22:57:08,993 [main] INFO  handler.ContextHandler (ContextHandler.java:doStart(781)) - Started o.e.j.s.ServletContextHandler@4a9860{/logs,file:///workdir/hadoop-ozone/integration-test/target/log,AVAILABLE}
2019-10-15 22:57:08,993 [main] INFO  handler.ContextHandler (ContextHandler.java:doStart(781)) - Started o.e.j.s.ServletContextHandler@5ae1c281{/static,jar:file:/home/user/.m2/repository/org/apache/hadoop/hadoop-hdds-container-service/0.5.0-SNAPSHOT/hadoop-hdds-container-service-0.5.0-SNAPSHOT.jar!/webapps/static,AVAILABLE}
2019-10-15 22:57:09,029 [main] INFO  handler.ContextHandler (ContextHandler.java:doStart(781)) - Started o.e.j.w.WebAppContext@36068727{/,file:///tmp/jetty-0.0.0.0-45534-hddsDatanode-_-any-6479473035446524957.dir/webapp/,AVAILABLE}{/hddsDatanode}
2019-10-15 22:57:09,029 [main] INFO  server.AbstractConnector (AbstractConnector.java:doStart(278)) - Started ServerConnector@72543547{HTTP/1.1,[http/1.1]}{0.0.0.0:45534}
2019-10-15 22:57:09,030 [main] INFO  server.Server (Server.java:doStart(419)) - Started @114967ms
2019-10-15 22:57:09,031 [main] WARN  impl.MetricsSystemImpl (MetricsSystemImpl.java:register(276)) - Sink prometheus already exists!
2019-10-15 22:57:09,031 [main] INFO  server.BaseHttpServer (BaseHttpServer.java:updateConnectorAddress(215)) - HTTP server of HDDSDATANODE is listening at http://0.0.0.0:45534
2019-10-15 22:57:09,032 [main] INFO  impl.MetricsSystemImpl (MetricsSystemImpl.java:init(158)) - HddsDatanode metrics system started (again)
2019-10-15 22:57:09,035 [org.apache.hadoop.util.JvmPauseMonitor$Monitor@48404aa8] INFO  util.JvmPauseMonitor (JvmPauseMonitor.java:run(188)) - Starting JVM pause monitor
2019-10-15 22:57:09,036 [main] INFO  ozone.HddsDatanodeService (HddsDatanodeService.java:start(184)) - HddsDatanodeService host:pr-hdds-2071-8rz7p-357833546 ip:192.168.69.67
2019-10-15 22:57:09,037 [Datanode State Machine Thread - 0] INFO  datanode.InitDatanodeState (InitDatanodeState.java:persistContainerDatanodeDetails(140)) - DatanodeDetails is persisted to /workdir/hadoop-ozone/integration-test/target/test-dir/MiniOzoneClusterImpl-9abf6572-ed34-46c8-9feb-aff0a1c47f1b/datanode-4/meta/datanode.id
2019-10-15 22:57:09,043 [main] INFO  volume.HddsVolume (HddsVolume.java:<init>(176)) - Creating Volume: /workdir/hadoop-ozone/integration-test/target/test-dir/MiniOzoneClusterImpl-9abf6572-ed34-46c8-9feb-aff0a1c47f1b/datanode-5/data/containers/hdds of  storage type : DISK and capacity : 1482555576320
2019-10-15 22:57:09,043 [main] INFO  volume.VolumeSet (VolumeSet.java:initializeVolumeSet(170)) - Added Volume : /workdir/hadoop-ozone/integration-test/target/test-dir/MiniOzoneClusterImpl-9abf6572-ed34-46c8-9feb-aff0a1c47f1b/datanode-5/data/containers/hdds to VolumeSet
2019-10-15 22:57:09,043 [main] INFO  volume.ThrottledAsyncChecker (ThrottledAsyncChecker.java:schedule(141)) - Scheduling a check for org.apache.hadoop.ozone.container.common.volume.HddsVolume@44dc7b7d
2019-10-15 22:57:09,044 [main] INFO  volume.HddsVolumeChecker (HddsVolumeChecker.java:checkAllVolumes(204)) - Scheduled health check for volume org.apache.hadoop.ozone.container.common.volume.HddsVolume@44dc7b7d
2019-10-15 22:57:09,058 [main] INFO  impl.RaftServerProxy (ConfUtils.java:logGet(43)) - raft.rpc.type = GRPC (default)
2019-10-15 22:57:09,058 [main] INFO  grpc.GrpcFactory (GrpcFactory.java:checkPooledByteBufAllocatorUseCacheForAllThreads(45)) - PERFORMANCE WARNING: useCacheForAllThreads is true that may cause Netty to create a lot garbage objects and, as a result, trigger GC.
	It is recommended to disable useCacheForAllThreads by setting -Dorg.apache.ratis.thirdparty.io.netty.allocator.useCacheForAllThreads=false in command line.
2019-10-15 22:57:09,058 [main] INFO  grpc.GrpcConfigKeys$Server (ConfUtils.java:logGet(43)) - raft.grpc.server.port = 0 (default)
2019-10-15 22:57:09,058 [main] INFO  server.GrpcService (ConfUtils.java:logGet(43)) - raft.grpc.message.size.max = 33570816 (custom)
2019-10-15 22:57:09,059 [main] INFO  server.RaftServerConfigKeys (ConfUtils.java:logGet(43)) - raft.server.log.appender.buffer.byte-limit = 33554432 (custom)
2019-10-15 22:57:09,059 [main] INFO  server.GrpcService (ConfUtils.java:logGet(43)) - raft.grpc.flow.control.window = 1MB (=1048576) (default)
2019-10-15 22:57:09,059 [main] INFO  server.RaftServerConfigKeys (ConfUtils.java:logGet(43)) - raft.server.rpc.request.timeout = 3000ms (default)
2019-10-15 22:57:09,059 [main] INFO  server.RaftServerConfigKeys (ConfUtils.java:logGet(43)) - raft.server.storage.dir = [/workdir/hadoop-ozone/integration-test/target/test-dir/MiniOzoneClusterImpl-9abf6572-ed34-46c8-9feb-aff0a1c47f1b/datanode-5/data/ratis] (custom)
2019-10-15 22:57:09,061 [main] INFO  hdfs.DFSUtil (DFSUtil.java:httpServerTemplateForNNAndJN(1641)) - Starting Web-server for hddsDatanode at: http://0.0.0.0:0
2019-10-15 22:57:09,062 [main] INFO  server.AuthenticationFilter (AuthenticationFilter.java:constructSecretProvider(240)) - Unable to initialize FileSignerSecretProvider, falling back to use random secrets.
2019-10-15 22:57:09,062 [main] WARN  http.HttpRequestLog (HttpRequestLog.java:getRequestLog(97)) - Jetty request log can only be enabled using Log4j
2019-10-15 22:57:09,064 [main] INFO  http.HttpServer2 (HttpServer2.java:addGlobalFilter(975)) - Added global filter 'safety' (class=org.apache.hadoop.http.HttpServer2$QuotingInputFilter)
2019-10-15 22:57:09,064 [main] INFO  http.HttpServer2 (HttpServer2.java:addFilter(948)) - Added filter static_user_filter (class=org.apache.hadoop.http.lib.StaticUserWebFilter$StaticUserFilter) to context hddsDatanode
2019-10-15 22:57:09,064 [main] INFO  http.HttpServer2 (HttpServer2.java:addFilter(958)) - Added filter static_user_filter (class=org.apache.hadoop.http.lib.StaticUserWebFilter$StaticUserFilter) to context logs
2019-10-15 22:57:09,065 [main] INFO  http.HttpServer2 (HttpServer2.java:addFilter(958)) - Added filter static_user_filter (class=org.apache.hadoop.http.lib.StaticUserWebFilter$StaticUserFilter) to context static
2019-10-15 22:57:09,065 [main] INFO  http.HttpServer2 (HttpServer2.java:bindListener(1191)) - Jetty bound to port 41454
2019-10-15 22:57:09,065 [main] INFO  server.Server (Server.java:doStart(351)) - jetty-9.3.25.v20180904, build timestamp: 2018-09-04T21:11:46Z, git hash: 3ce520221d0240229c862b122d2b06c12a625732
2019-10-15 22:57:09,067 [main] INFO  handler.ContextHandler (ContextHandler.java:doStart(781)) - Started o.e.j.s.ServletContextHandler@10850d17{/logs,file:///workdir/hadoop-ozone/integration-test/target/log,AVAILABLE}
2019-10-15 22:57:09,068 [main] INFO  handler.ContextHandler (ContextHandler.java:doStart(781)) - Started o.e.j.s.ServletContextHandler@26865482{/static,jar:file:/home/user/.m2/repository/org/apache/hadoop/hadoop-hdds-container-service/0.5.0-SNAPSHOT/hadoop-hdds-container-service-0.5.0-SNAPSHOT.jar!/webapps/static,AVAILABLE}
2019-10-15 22:57:09,104 [main] INFO  handler.ContextHandler (ContextHandler.java:doStart(781)) - Started o.e.j.w.WebAppContext@45117dd{/,file:///tmp/jetty-0.0.0.0-41454-hddsDatanode-_-any-3320898297174223444.dir/webapp/,AVAILABLE}{/hddsDatanode}
2019-10-15 22:57:09,105 [main] INFO  server.AbstractConnector (AbstractConnector.java:doStart(278)) - Started ServerConnector@7741771e{HTTP/1.1,[http/1.1]}{0.0.0.0:41454}
2019-10-15 22:57:09,106 [main] INFO  server.Server (Server.java:doStart(419)) - Started @115042ms
2019-10-15 22:57:09,106 [main] WARN  impl.MetricsSystemImpl (MetricsSystemImpl.java:register(276)) - Sink prometheus already exists!
2019-10-15 22:57:09,107 [main] INFO  server.BaseHttpServer (BaseHttpServer.java:updateConnectorAddress(215)) - HTTP server of HDDSDATANODE is listening at http://0.0.0.0:41454
2019-10-15 22:57:09,107 [main] INFO  impl.MetricsSystemImpl (MetricsSystemImpl.java:init(158)) - HddsDatanode metrics system started (again)
2019-10-15 22:57:09,111 [org.apache.hadoop.util.JvmPauseMonitor$Monitor@687df0bd] INFO  util.JvmPauseMonitor (JvmPauseMonitor.java:run(188)) - Starting JVM pause monitor
2019-10-15 22:57:09,112 [main] INFO  ozone.HddsDatanodeService (HddsDatanodeService.java:start(184)) - HddsDatanodeService host:pr-hdds-2071-8rz7p-357833546 ip:192.168.69.67
2019-10-15 22:57:09,112 [Datanode State Machine Thread - 0] INFO  datanode.InitDatanodeState (InitDatanodeState.java:persistContainerDatanodeDetails(140)) - DatanodeDetails is persisted to /workdir/hadoop-ozone/integration-test/target/test-dir/MiniOzoneClusterImpl-9abf6572-ed34-46c8-9feb-aff0a1c47f1b/datanode-5/meta/datanode.id
2019-10-15 22:57:09,118 [main] INFO  volume.HddsVolume (HddsVolume.java:<init>(176)) - Creating Volume: /workdir/hadoop-ozone/integration-test/target/test-dir/MiniOzoneClusterImpl-9abf6572-ed34-46c8-9feb-aff0a1c47f1b/datanode-6/data/containers/hdds of  storage type : DISK and capacity : 1482555576320
2019-10-15 22:57:09,119 [main] INFO  volume.VolumeSet (VolumeSet.java:initializeVolumeSet(170)) - Added Volume : /workdir/hadoop-ozone/integration-test/target/test-dir/MiniOzoneClusterImpl-9abf6572-ed34-46c8-9feb-aff0a1c47f1b/datanode-6/data/containers/hdds to VolumeSet
2019-10-15 22:57:09,119 [main] INFO  volume.ThrottledAsyncChecker (ThrottledAsyncChecker.java:schedule(141)) - Scheduling a check for org.apache.hadoop.ozone.container.common.volume.HddsVolume@3bc69ce9
2019-10-15 22:57:09,119 [main] INFO  volume.HddsVolumeChecker (HddsVolumeChecker.java:checkAllVolumes(204)) - Scheduled health check for volume org.apache.hadoop.ozone.container.common.volume.HddsVolume@3bc69ce9
2019-10-15 22:57:09,134 [main] INFO  impl.RaftServerProxy (ConfUtils.java:logGet(43)) - raft.rpc.type = GRPC (default)
2019-10-15 22:57:09,134 [main] INFO  grpc.GrpcFactory (GrpcFactory.java:checkPooledByteBufAllocatorUseCacheForAllThreads(45)) - PERFORMANCE WARNING: useCacheForAllThreads is true that may cause Netty to create a lot garbage objects and, as a result, trigger GC.
	It is recommended to disable useCacheForAllThreads by setting -Dorg.apache.ratis.thirdparty.io.netty.allocator.useCacheForAllThreads=false in command line.
2019-10-15 22:57:09,134 [main] INFO  grpc.GrpcConfigKeys$Server (ConfUtils.java:logGet(43)) - raft.grpc.server.port = 0 (default)
2019-10-15 22:57:09,134 [main] INFO  server.GrpcService (ConfUtils.java:logGet(43)) - raft.grpc.message.size.max = 33570816 (custom)
2019-10-15 22:57:09,135 [main] INFO  server.RaftServerConfigKeys (ConfUtils.java:logGet(43)) - raft.server.log.appender.buffer.byte-limit = 33554432 (custom)
2019-10-15 22:57:09,135 [main] INFO  server.GrpcService (ConfUtils.java:logGet(43)) - raft.grpc.flow.control.window = 1MB (=1048576) (default)
2019-10-15 22:57:09,135 [main] INFO  server.RaftServerConfigKeys (ConfUtils.java:logGet(43)) - raft.server.rpc.request.timeout = 3000ms (default)
2019-10-15 22:57:09,135 [main] INFO  server.RaftServerConfigKeys (ConfUtils.java:logGet(43)) - raft.server.storage.dir = [/workdir/hadoop-ozone/integration-test/target/test-dir/MiniOzoneClusterImpl-9abf6572-ed34-46c8-9feb-aff0a1c47f1b/datanode-6/data/ratis] (custom)
2019-10-15 22:57:09,137 [main] INFO  hdfs.DFSUtil (DFSUtil.java:httpServerTemplateForNNAndJN(1641)) - Starting Web-server for hddsDatanode at: http://0.0.0.0:0
2019-10-15 22:57:09,138 [main] INFO  server.AuthenticationFilter (AuthenticationFilter.java:constructSecretProvider(240)) - Unable to initialize FileSignerSecretProvider, falling back to use random secrets.
2019-10-15 22:57:09,138 [main] WARN  http.HttpRequestLog (HttpRequestLog.java:getRequestLog(97)) - Jetty request log can only be enabled using Log4j
2019-10-15 22:57:09,140 [main] INFO  http.HttpServer2 (HttpServer2.java:addGlobalFilter(975)) - Added global filter 'safety' (class=org.apache.hadoop.http.HttpServer2$QuotingInputFilter)
2019-10-15 22:57:09,140 [main] INFO  http.HttpServer2 (HttpServer2.java:addFilter(948)) - Added filter static_user_filter (class=org.apache.hadoop.http.lib.StaticUserWebFilter$StaticUserFilter) to context hddsDatanode
2019-10-15 22:57:09,140 [main] INFO  http.HttpServer2 (HttpServer2.java:addFilter(958)) - Added filter static_user_filter (class=org.apache.hadoop.http.lib.StaticUserWebFilter$StaticUserFilter) to context logs
2019-10-15 22:57:09,141 [main] INFO  http.HttpServer2 (HttpServer2.java:addFilter(958)) - Added filter static_user_filter (class=org.apache.hadoop.http.lib.StaticUserWebFilter$StaticUserFilter) to context static
2019-10-15 22:57:09,141 [main] INFO  http.HttpServer2 (HttpServer2.java:bindListener(1191)) - Jetty bound to port 37577
2019-10-15 22:57:09,141 [main] INFO  server.Server (Server.java:doStart(351)) - jetty-9.3.25.v20180904, build timestamp: 2018-09-04T21:11:46Z, git hash: 3ce520221d0240229c862b122d2b06c12a625732
2019-10-15 22:57:09,143 [main] INFO  handler.ContextHandler (ContextHandler.java:doStart(781)) - Started o.e.j.s.ServletContextHandler@73894c5a{/logs,file:///workdir/hadoop-ozone/integration-test/target/log,AVAILABLE}
2019-10-15 22:57:09,143 [main] INFO  handler.ContextHandler (ContextHandler.java:doStart(781)) - Started o.e.j.s.ServletContextHandler@7a9ceddf{/static,jar:file:/home/user/.m2/repository/org/apache/hadoop/hadoop-hdds-container-service/0.5.0-SNAPSHOT/hadoop-hdds-container-service-0.5.0-SNAPSHOT.jar!/webapps/static,AVAILABLE}
2019-10-15 22:57:09,174 [main] INFO  handler.ContextHandler (ContextHandler.java:doStart(781)) - Started o.e.j.w.WebAppContext@16134476{/,file:///tmp/jetty-0.0.0.0-37577-hddsDatanode-_-any-7323632626633326543.dir/webapp/,AVAILABLE}{/hddsDatanode}
2019-10-15 22:57:09,175 [main] INFO  server.AbstractConnector (AbstractConnector.java:doStart(278)) - Started ServerConnector@62b09715{HTTP/1.1,[http/1.1]}{0.0.0.0:37577}
2019-10-15 22:57:09,176 [main] INFO  server.Server (Server.java:doStart(419)) - Started @115112ms
2019-10-15 22:57:09,176 [main] WARN  impl.MetricsSystemImpl (MetricsSystemImpl.java:register(276)) - Sink prometheus already exists!
2019-10-15 22:57:09,177 [main] INFO  server.BaseHttpServer (BaseHttpServer.java:updateConnectorAddress(215)) - HTTP server of HDDSDATANODE is listening at http://0.0.0.0:37577
2019-10-15 22:57:09,177 [main] INFO  ozone.MiniOzoneClusterImpl (MiniOzoneClusterImpl.java:lambda$waitForClusterToBeReady$0(147)) - Waiting for cluster to be ready. Got 0 of 7 DN Heartbeats.
2019-10-15 22:57:09,178 [org.apache.hadoop.util.JvmPauseMonitor$Monitor@2c268fbf] INFO  util.JvmPauseMonitor (JvmPauseMonitor.java:run(188)) - Starting JVM pause monitor
2019-10-15 22:57:09,179 [Datanode State Machine Thread - 0] INFO  datanode.InitDatanodeState (InitDatanodeState.java:persistContainerDatanodeDetails(140)) - DatanodeDetails is persisted to /workdir/hadoop-ozone/integration-test/target/test-dir/MiniOzoneClusterImpl-9abf6572-ed34-46c8-9feb-aff0a1c47f1b/datanode-6/meta/datanode.id
2019-10-15 22:57:10,178 [main] INFO  ozone.MiniOzoneClusterImpl (MiniOzoneClusterImpl.java:lambda$waitForClusterToBeReady$0(147)) - Waiting for cluster to be ready. Got 0 of 7 DN Heartbeats.
2019-10-15 22:57:10,769 [Datanode State Machine Thread - 0] INFO  ozoneimpl.OzoneContainer (OzoneContainer.java:start(213)) - Attempting to start container services.
2019-10-15 22:57:10,769 [Datanode State Machine Thread - 0] INFO  ozoneimpl.OzoneContainer (OzoneContainer.java:startContainerScrub(177)) - Background container scanner has been disabled.
2019-10-15 22:57:10,770 [Datanode State Machine Thread - 0] INFO  ratis.XceiverServerRatis (XceiverServerRatis.java:start(418)) - Starting XceiverServerRatis 44ad8ee9-a38d-4e5d-9002-6fd30af5f6a1 at port 0
2019-10-15 22:57:10,870 [Datanode State Machine Thread - 0] INFO  impl.RaftServerProxy (RaftServerProxy.java:lambda$start$3(299)) - 44ad8ee9-a38d-4e5d-9002-6fd30af5f6a1: start RPC server
2019-10-15 22:57:10,872 [Datanode State Machine Thread - 0] INFO  server.GrpcService (GrpcService.java:startImpl(158)) - 44ad8ee9-a38d-4e5d-9002-6fd30af5f6a1: GrpcService started, listening on 0.0.0.0/0.0.0.0:38486
2019-10-15 22:57:10,872 [Datanode State Machine Thread - 0] INFO  ratis.XceiverServerRatis (XceiverServerRatis.java:start(428)) - XceiverServerRatis 44ad8ee9-a38d-4e5d-9002-6fd30af5f6a1 is started using port 38486
2019-10-15 22:57:10,872 [Datanode State Machine Thread - 0] INFO  server.XceiverServerGrpc (XceiverServerGrpc.java:start(149)) - XceiverServerGrpc 44ad8ee9-a38d-4e5d-9002-6fd30af5f6a1 is started using port 41797
2019-10-15 22:57:10,881 [Datanode State Machine Thread - 0] INFO  ozoneimpl.OzoneContainer (OzoneContainer.java:start(213)) - Attempting to start container services.
2019-10-15 22:57:10,883 [Datanode State Machine Thread - 0] INFO  ozoneimpl.OzoneContainer (OzoneContainer.java:startContainerScrub(177)) - Background container scanner has been disabled.
2019-10-15 22:57:10,883 [Datanode State Machine Thread - 0] INFO  ratis.XceiverServerRatis (XceiverServerRatis.java:start(418)) - Starting XceiverServerRatis 6efc5f30-817c-427c-a302-97fd228528b7 at port 0
2019-10-15 22:57:10,889 [Datanode State Machine Thread - 0] INFO  impl.RaftServerProxy (RaftServerProxy.java:lambda$start$3(299)) - 6efc5f30-817c-427c-a302-97fd228528b7: start RPC server
2019-10-15 22:57:10,891 [Datanode State Machine Thread - 0] INFO  server.GrpcService (GrpcService.java:startImpl(158)) - 6efc5f30-817c-427c-a302-97fd228528b7: GrpcService started, listening on 0.0.0.0/0.0.0.0:33680
2019-10-15 22:57:10,891 [Datanode State Machine Thread - 0] INFO  ratis.XceiverServerRatis (XceiverServerRatis.java:start(428)) - XceiverServerRatis 6efc5f30-817c-427c-a302-97fd228528b7 is started using port 33680
2019-10-15 22:57:10,892 [Datanode State Machine Thread - 0] INFO  server.XceiverServerGrpc (XceiverServerGrpc.java:start(149)) - XceiverServerGrpc 6efc5f30-817c-427c-a302-97fd228528b7 is started using port 36268
2019-10-15 22:57:10,895 [Datanode State Machine Thread - 0] INFO  ozoneimpl.OzoneContainer (OzoneContainer.java:start(213)) - Attempting to start container services.
2019-10-15 22:57:10,895 [Datanode State Machine Thread - 0] INFO  ozoneimpl.OzoneContainer (OzoneContainer.java:startContainerScrub(177)) - Background container scanner has been disabled.
2019-10-15 22:57:10,895 [Datanode State Machine Thread - 0] INFO  ratis.XceiverServerRatis (XceiverServerRatis.java:start(418)) - Starting XceiverServerRatis 210f7630-7f49-4d5d-b69d-a8f854decf33 at port 0
2019-10-15 22:57:10,901 [Datanode State Machine Thread - 0] INFO  impl.RaftServerProxy (RaftServerProxy.java:lambda$start$3(299)) - 210f7630-7f49-4d5d-b69d-a8f854decf33: start RPC server
2019-10-15 22:57:10,902 [Datanode State Machine Thread - 0] INFO  server.GrpcService (GrpcService.java:startImpl(158)) - 210f7630-7f49-4d5d-b69d-a8f854decf33: GrpcService started, listening on 0.0.0.0/0.0.0.0:38348
2019-10-15 22:57:10,902 [Datanode State Machine Thread - 0] INFO  ratis.XceiverServerRatis (XceiverServerRatis.java:start(428)) - XceiverServerRatis 210f7630-7f49-4d5d-b69d-a8f854decf33 is started using port 38348
2019-10-15 22:57:10,902 [Datanode State Machine Thread - 0] INFO  server.XceiverServerGrpc (XceiverServerGrpc.java:start(149)) - XceiverServerGrpc 210f7630-7f49-4d5d-b69d-a8f854decf33 is started using port 41953
2019-10-15 22:57:10,971 [Datanode State Machine Thread - 0] INFO  ozoneimpl.OzoneContainer (OzoneContainer.java:start(213)) - Attempting to start container services.
2019-10-15 22:57:10,971 [Datanode State Machine Thread - 0] INFO  ozoneimpl.OzoneContainer (OzoneContainer.java:startContainerScrub(177)) - Background container scanner has been disabled.
2019-10-15 22:57:10,971 [Datanode State Machine Thread - 0] INFO  ratis.XceiverServerRatis (XceiverServerRatis.java:start(418)) - Starting XceiverServerRatis ba199312-ac99-478b-bb65-fa99952de8cb at port 0
2019-10-15 22:57:10,978 [Datanode State Machine Thread - 0] INFO  impl.RaftServerProxy (RaftServerProxy.java:lambda$start$3(299)) - ba199312-ac99-478b-bb65-fa99952de8cb: start RPC server
2019-10-15 22:57:10,979 [Datanode State Machine Thread - 0] INFO  server.GrpcService (GrpcService.java:startImpl(158)) - ba199312-ac99-478b-bb65-fa99952de8cb: GrpcService started, listening on 0.0.0.0/0.0.0.0:46056
2019-10-15 22:57:10,979 [Datanode State Machine Thread - 0] INFO  ratis.XceiverServerRatis (XceiverServerRatis.java:start(428)) - XceiverServerRatis ba199312-ac99-478b-bb65-fa99952de8cb is started using port 46056
2019-10-15 22:57:10,982 [Datanode State Machine Thread - 0] INFO  server.XceiverServerGrpc (XceiverServerGrpc.java:start(149)) - XceiverServerGrpc ba199312-ac99-478b-bb65-fa99952de8cb is started using port 45162
2019-10-15 22:57:11,049 [Datanode State Machine Thread - 0] INFO  ozoneimpl.OzoneContainer (OzoneContainer.java:start(213)) - Attempting to start container services.
2019-10-15 22:57:11,050 [Datanode State Machine Thread - 0] INFO  ozoneimpl.OzoneContainer (OzoneContainer.java:startContainerScrub(177)) - Background container scanner has been disabled.
2019-10-15 22:57:11,050 [Datanode State Machine Thread - 0] INFO  ratis.XceiverServerRatis (XceiverServerRatis.java:start(418)) - Starting XceiverServerRatis b24ec9ef-ba90-4b04-997d-b5928570083d at port 0
2019-10-15 22:57:11,057 [Datanode State Machine Thread - 0] INFO  impl.RaftServerProxy (RaftServerProxy.java:lambda$start$3(299)) - b24ec9ef-ba90-4b04-997d-b5928570083d: start RPC server
2019-10-15 22:57:11,058 [Datanode State Machine Thread - 0] INFO  server.GrpcService (GrpcService.java:startImpl(158)) - b24ec9ef-ba90-4b04-997d-b5928570083d: GrpcService started, listening on 0.0.0.0/0.0.0.0:37054
2019-10-15 22:57:11,058 [Datanode State Machine Thread - 0] INFO  ratis.XceiverServerRatis (XceiverServerRatis.java:start(428)) - XceiverServerRatis b24ec9ef-ba90-4b04-997d-b5928570083d is started using port 37054
2019-10-15 22:57:11,058 [Datanode State Machine Thread - 0] INFO  server.XceiverServerGrpc (XceiverServerGrpc.java:start(149)) - XceiverServerGrpc b24ec9ef-ba90-4b04-997d-b5928570083d is started using port 42651
2019-10-15 22:57:11,125 [Datanode State Machine Thread - 0] INFO  ozoneimpl.OzoneContainer (OzoneContainer.java:start(213)) - Attempting to start container services.
2019-10-15 22:57:11,125 [Datanode State Machine Thread - 0] INFO  ozoneimpl.OzoneContainer (OzoneContainer.java:startContainerScrub(177)) - Background container scanner has been disabled.
2019-10-15 22:57:11,125 [Datanode State Machine Thread - 0] INFO  ratis.XceiverServerRatis (XceiverServerRatis.java:start(418)) - Starting XceiverServerRatis 3c184c76-34b4-4297-94ca-bd7d08d2c0aa at port 0
2019-10-15 22:57:11,131 [Datanode State Machine Thread - 0] INFO  impl.RaftServerProxy (RaftServerProxy.java:lambda$start$3(299)) - 3c184c76-34b4-4297-94ca-bd7d08d2c0aa: start RPC server
2019-10-15 22:57:11,131 [Datanode State Machine Thread - 0] INFO  server.GrpcService (GrpcService.java:startImpl(158)) - 3c184c76-34b4-4297-94ca-bd7d08d2c0aa: GrpcService started, listening on 0.0.0.0/0.0.0.0:39056
2019-10-15 22:57:11,131 [Datanode State Machine Thread - 0] INFO  ratis.XceiverServerRatis (XceiverServerRatis.java:start(428)) - XceiverServerRatis 3c184c76-34b4-4297-94ca-bd7d08d2c0aa is started using port 39056
2019-10-15 22:57:11,132 [Datanode State Machine Thread - 0] INFO  server.XceiverServerGrpc (XceiverServerGrpc.java:start(149)) - XceiverServerGrpc 3c184c76-34b4-4297-94ca-bd7d08d2c0aa is started using port 37143
2019-10-15 22:57:11,178 [main] INFO  ozone.MiniOzoneClusterImpl (MiniOzoneClusterImpl.java:lambda$waitForClusterToBeReady$0(147)) - Waiting for cluster to be ready. Got 0 of 7 DN Heartbeats.
2019-10-15 22:57:11,193 [Datanode State Machine Thread - 0] INFO  ozoneimpl.OzoneContainer (OzoneContainer.java:start(213)) - Attempting to start container services.
2019-10-15 22:57:11,193 [Datanode State Machine Thread - 0] INFO  ozoneimpl.OzoneContainer (OzoneContainer.java:startContainerScrub(177)) - Background container scanner has been disabled.
2019-10-15 22:57:11,193 [Datanode State Machine Thread - 0] INFO  ratis.XceiverServerRatis (XceiverServerRatis.java:start(418)) - Starting XceiverServerRatis 6183bc57-394b-4eb8-a8fd-fa41a5d84833 at port 0
2019-10-15 22:57:11,200 [Datanode State Machine Thread - 0] INFO  impl.RaftServerProxy (RaftServerProxy.java:lambda$start$3(299)) - 6183bc57-394b-4eb8-a8fd-fa41a5d84833: start RPC server
2019-10-15 22:57:11,201 [Datanode State Machine Thread - 0] INFO  server.GrpcService (GrpcService.java:startImpl(158)) - 6183bc57-394b-4eb8-a8fd-fa41a5d84833: GrpcService started, listening on 0.0.0.0/0.0.0.0:32860
2019-10-15 22:57:11,201 [Datanode State Machine Thread - 0] INFO  ratis.XceiverServerRatis (XceiverServerRatis.java:start(428)) - XceiverServerRatis 6183bc57-394b-4eb8-a8fd-fa41a5d84833 is started using port 32860
2019-10-15 22:57:11,201 [Datanode State Machine Thread - 0] INFO  server.XceiverServerGrpc (XceiverServerGrpc.java:start(149)) - XceiverServerGrpc 6183bc57-394b-4eb8-a8fd-fa41a5d84833 is started using port 42126
2019-10-15 22:57:12,179 [main] INFO  ozone.MiniOzoneClusterImpl (MiniOzoneClusterImpl.java:lambda$waitForClusterToBeReady$0(147)) - Waiting for cluster to be ready. Got 0 of 7 DN Heartbeats.
2019-10-15 22:57:12,745 [IPC Server handler 0 on 35236] INFO  net.NetworkTopology (NetworkTopologyImpl.java:add(111)) - Added a new node: /default-rack/44ad8ee9-a38d-4e5d-9002-6fd30af5f6a1
2019-10-15 22:57:12,747 [IPC Server handler 0 on 35236] INFO  node.SCMNodeManager (SCMNodeManager.java:register(267)) - Registered Data node : 44ad8ee9-a38d-4e5d-9002-6fd30af5f6a1{ip: 192.168.69.67, host: pr-hdds-2071-8rz7p-357833546, networkLocation: /default-rack, certSerialId: null}
2019-10-15 22:57:12,748 [EventQueue-NodeRegistrationContainerReportForDataNodeSafeModeRule] INFO  safemode.SCMSafeModeManager (DataNodeSafeModeRule.java:process(71)) - SCM in safe mode. 1 DataNodes registered, 1 required.
2019-10-15 22:57:12,749 [EventQueue-NodeRegistrationContainerReportForDataNodeSafeModeRule] INFO  safemode.SCMSafeModeManager (SCMSafeModeManager.java:validateSafeModeExitRules(177)) - ScmSafeModeManager, all rules are successfully validated
2019-10-15 22:57:12,749 [EventQueue-NodeRegistrationContainerReportForDataNodeSafeModeRule] INFO  safemode.SCMSafeModeManager (SCMSafeModeManager.java:exitSafeMode(193)) - SCM exiting safe mode.
2019-10-15 22:57:12,764 [grpc-default-executor-4] INFO  impl.RaftServerProxy (RaftServerProxy.java:addNew(89)) - 44ad8ee9-a38d-4e5d-9002-6fd30af5f6a1: addNew group-033B24A21299:[44ad8ee9-a38d-4e5d-9002-6fd30af5f6a1:192.168.69.67:38486] returns group-033B24A21299:java.util.concurrent.CompletableFuture@6ac4cab[Not completed]
2019-10-15 22:57:12,767 [pool-207-thread-1] INFO  impl.RaftServerImpl (RaftServerImpl.java:<init>(95)) - 44ad8ee9-a38d-4e5d-9002-6fd30af5f6a1: new RaftServerImpl for group-033B24A21299:[44ad8ee9-a38d-4e5d-9002-6fd30af5f6a1:192.168.69.67:38486] with ContainerStateMachine:uninitialized
2019-10-15 22:57:12,768 [pool-207-thread-1] INFO  server.RaftServerConfigKeys (ConfUtils.java:logGet(43)) - raft.server.rpc.timeout.min = 5s (custom)
2019-10-15 22:57:12,768 [pool-207-thread-1] INFO  server.RaftServerConfigKeys (ConfUtils.java:logGet(43)) - raft.server.rpc.timeout.max = 5200ms (custom)
2019-10-15 22:57:12,768 [pool-207-thread-1] INFO  server.RaftServerConfigKeys (ConfUtils.java:logGet(43)) - raft.server.rpcslowness.timeout = 120s (custom)
2019-10-15 22:57:12,768 [pool-207-thread-1] INFO  server.RaftServerConfigKeys (ConfUtils.java:logGet(43)) - raft.server.sleep.deviation.threshold = 300 (default)
2019-10-15 22:57:12,768 [pool-207-thread-1] INFO  server.RaftServerConfigKeys (ConfUtils.java:logGet(43)) - raft.server.log.appender.install.snapshot.enabled = false (custom)
2019-10-15 22:57:12,768 [pool-207-thread-1] INFO  impl.RaftServerImpl (ServerState.java:<init>(103)) - 44ad8ee9-a38d-4e5d-9002-6fd30af5f6a1@group-033B24A21299: ConfigurationManager, init=-1: [44ad8ee9-a38d-4e5d-9002-6fd30af5f6a1:192.168.69.67:38486], old=null, confs=<EMPTY_MAP>
2019-10-15 22:57:12,768 [pool-207-thread-1] INFO  server.RaftServerConfigKeys (ConfUtils.java:logGet(43)) - raft.server.storage.dir = [/workdir/hadoop-ozone/integration-test/target/test-dir/MiniOzoneClusterImpl-9abf6572-ed34-46c8-9feb-aff0a1c47f1b/datanode-0/data/ratis] (custom)
2019-10-15 22:57:12,769 [pool-207-thread-1] INFO  server.RaftServerConfigKeys (ConfUtils.java:logGet(43)) - raft.server.log.corruption.policy = EXCEPTION (default)
2019-10-15 22:57:12,769 [pool-207-thread-1] INFO  storage.RaftStorageDirectory (RaftStorageDirectory.java:analyzeStorage(246)) - The storage directory /workdir/hadoop-ozone/integration-test/target/test-dir/MiniOzoneClusterImpl-9abf6572-ed34-46c8-9feb-aff0a1c47f1b/datanode-0/data/ratis/caa8cc0f-b4f9-439c-9a2e-033b24a21299 does not exist. Creating ...
2019-10-15 22:57:12,784 [pool-207-thread-1] INFO  storage.RaftStorageDirectory (RaftStorageDirectory.java:tryLock(328)) - Lock on /workdir/hadoop-ozone/integration-test/target/test-dir/MiniOzoneClusterImpl-9abf6572-ed34-46c8-9feb-aff0a1c47f1b/datanode-0/data/ratis/caa8cc0f-b4f9-439c-9a2e-033b24a21299/in_use.lock acquired by nodename 28209@pr-hdds-2071-8rz7p-357833546
2019-10-15 22:57:12,799 [pool-207-thread-1] INFO  storage.RaftStorage (RaftStorage.java:format(84)) - Storage directory /workdir/hadoop-ozone/integration-test/target/test-dir/MiniOzoneClusterImpl-9abf6572-ed34-46c8-9feb-aff0a1c47f1b/datanode-0/data/ratis/caa8cc0f-b4f9-439c-9a2e-033b24a21299 has been successfully formatted.
2019-10-15 22:57:12,800 [pool-207-thread-1] INFO  ratis.ContainerStateMachine (ContainerStateMachine.java:loadSnapshot(231)) - group-033B24A21299: The snapshot info is null. Setting the last applied indexto:(t:0, i:~)
2019-10-15 22:57:12,800 [pool-207-thread-1] INFO  server.RaftServerConfigKeys (ConfUtils.java:logGet(43)) - raft.server.notification.no-leader.timeout = 120s (custom)
2019-10-15 22:57:12,800 [pool-207-thread-1] INFO  server.RaftServerConfigKeys (ConfUtils.java:logGet(43)) - raft.server.log.use.memory = false (default)
2019-10-15 22:57:12,800 [pool-207-thread-1] INFO  server.RaftServerConfigKeys (ConfUtils.java:logGet(43)) - raft.server.log.purge.gap = 1000000 (custom)
2019-10-15 22:57:12,800 [pool-207-thread-1] INFO  server.RaftServerConfigKeys (ConfUtils.java:logGet(43)) - raft.server.log.appender.buffer.byte-limit = 33554432 (custom)
2019-10-15 22:57:12,800 [pool-207-thread-1] INFO  server.RaftServerConfigKeys (ConfUtils.java:logGet(43)) - raft.server.log.segment.size.max = 1048576 (custom)
2019-10-15 22:57:12,802 [pool-207-thread-1] INFO  server.RaftServerConfigKeys (ConfUtils.java:logGet(43)) - raft.server.log.segment.cache.num.max = 2 (custom)
2019-10-15 22:57:12,802 [pool-207-thread-1] INFO  segmented.SegmentedRaftLogWorker (SegmentedRaftLogWorker.java:<init>(173)) - new 44ad8ee9-a38d-4e5d-9002-6fd30af5f6a1@group-033B24A21299-SegmentedRaftLogWorker for RaftStorage:Storage Directory /workdir/hadoop-ozone/integration-test/target/test-dir/MiniOzoneClusterImpl-9abf6572-ed34-46c8-9feb-aff0a1c47f1b/datanode-0/data/ratis/caa8cc0f-b4f9-439c-9a2e-033b24a21299
2019-10-15 22:57:12,802 [pool-207-thread-1] INFO  server.RaftServerConfigKeys (ConfUtils.java:logGet(43)) - raft.server.log.queue.byte-limit = 2147483647 (custom)
2019-10-15 22:57:12,802 [pool-207-thread-1] INFO  server.RaftServerConfigKeys (ConfUtils.java:logGet(43)) - raft.server.log.queue.element-limit = 1024 (custom)
2019-10-15 22:57:12,802 [pool-207-thread-1] INFO  server.RaftServerConfigKeys (ConfUtils.java:logGet(43)) - raft.server.log.segment.size.max = 1048576 (custom)
2019-10-15 22:57:12,802 [pool-207-thread-1] INFO  server.RaftServerConfigKeys (ConfUtils.java:logGet(43)) - raft.server.log.preallocated.size = 16384 (custom)
2019-10-15 22:57:12,802 [pool-207-thread-1] INFO  server.RaftServerConfigKeys (ConfUtils.java:logGet(43)) - raft.server.log.write.buffer.size = 33554432 (custom)
2019-10-15 22:57:12,803 [pool-207-thread-1] INFO  server.RaftServerConfigKeys (ConfUtils.java:logGet(43)) - raft.server.log.force.sync.num = 128 (default)
2019-10-15 22:57:12,803 [pool-207-thread-1] INFO  server.RaftServerConfigKeys (ConfUtils.java:logGet(43)) - raft.server.log.statemachine.data.sync = true (default)
2019-10-15 22:57:12,803 [pool-207-thread-1] INFO  server.RaftServerConfigKeys (ConfUtils.java:logGet(43)) - raft.server.log.statemachine.data.sync.timeout = 10s (default)
2019-10-15 22:57:12,803 [pool-207-thread-1] INFO  server.RaftServerConfigKeys (ConfUtils.java:logGet(43)) - raft.server.log.statemachine.data.sync.timeout.retry = -1 (default)
2019-10-15 22:57:12,803 [pool-207-thread-1] INFO  server.RaftServerConfigKeys (ConfUtils.java:logGet(43)) - raft.server.log.statemachine.data.caching.enabled = true (custom)
2019-10-15 22:57:12,803 [pool-207-thread-1] INFO  segmented.SegmentedRaftLogWorker (SegmentedRaftLogWorker.java:lambda$new$0(128)) - 44ad8ee9-a38d-4e5d-9002-6fd30af5f6a1@group-033B24A21299-SegmentedRaftLogWorker: flushIndex: setUnconditionally 0 -> -1
2019-10-15 22:57:12,804 [pool-207-thread-1] INFO  server.RaftServerConfigKeys (ConfUtils.java:logGet(43)) - raft.server.snapshot.auto.trigger.enabled = true (custom)
2019-10-15 22:57:12,804 [pool-207-thread-1] INFO  server.RaftServerConfigKeys (ConfUtils.java:logGet(43)) - raft.server.snapshot.auto.trigger.threshold = 10000 (custom)
2019-10-15 22:57:12,804 [pool-207-thread-1] INFO  server.RaftServerConfigKeys (ConfUtils.java:logGet(43)) - raft.server.snapshot.retention.file.num = 5 (custom)
2019-10-15 22:57:12,804 [pool-207-thread-1] INFO  server.RaftServerConfigKeys (ConfUtils.java:logGet(43)) - raft.server.retrycache.expirytime = 600000ms (custom)
2019-10-15 22:57:12,805 [pool-207-thread-1] INFO  impl.RaftServerImpl (RaftServerImpl.java:start(181)) - 44ad8ee9-a38d-4e5d-9002-6fd30af5f6a1@group-033B24A21299: start as a follower, conf=-1: [44ad8ee9-a38d-4e5d-9002-6fd30af5f6a1:192.168.69.67:38486], old=null
2019-10-15 22:57:12,805 [pool-207-thread-1] INFO  impl.RaftServerImpl (RaftServerImpl.java:setRole(170)) - 44ad8ee9-a38d-4e5d-9002-6fd30af5f6a1@group-033B24A21299: changes role from      null to FOLLOWER at term 0 for startAsFollower
2019-10-15 22:57:12,805 [pool-207-thread-1] INFO  impl.RoleInfo (RoleInfo.java:updateAndGet(143)) - 44ad8ee9-a38d-4e5d-9002-6fd30af5f6a1: start FollowerState
2019-10-15 22:57:12,806 [pool-207-thread-1] INFO  util.JmxRegister (JmxRegister.java:tryRegister(44)) - Successfully registered JMX Bean with object name Ratis:service=RaftServer,group=group-033B24A21299,id=44ad8ee9-a38d-4e5d-9002-6fd30af5f6a1
2019-10-15 22:57:12,811 [RatisPipelineUtilsThread] INFO  pipeline.PipelineStateManager (PipelineStateManager.java:addPipeline(56)) - Created pipeline Pipeline[ Id: caa8cc0f-b4f9-439c-9a2e-033b24a21299, Nodes: 44ad8ee9-a38d-4e5d-9002-6fd30af5f6a1{ip: 192.168.69.67, host: pr-hdds-2071-8rz7p-357833546, networkLocation: /default-rack, certSerialId: null}, Type:RATIS, Factor:ONE, State:OPEN]
2019-10-15 22:57:12,812 [IPC Server handler 1 on 35236] INFO  net.NetworkTopology (NetworkTopologyImpl.java:add(111)) - Added a new node: /default-rack/6efc5f30-817c-427c-a302-97fd228528b7
2019-10-15 22:57:12,812 [IPC Server handler 1 on 35236] INFO  node.SCMNodeManager (SCMNodeManager.java:register(267)) - Registered Data node : 6efc5f30-817c-427c-a302-97fd228528b7{ip: 192.168.69.67, host: pr-hdds-2071-8rz7p-357833546, networkLocation: /default-rack, certSerialId: null}
2019-10-15 22:57:12,826 [grpc-default-executor-4] INFO  impl.RaftServerProxy (RaftServerProxy.java:addNew(89)) - 6efc5f30-817c-427c-a302-97fd228528b7: addNew group-D41E735B8392:[6efc5f30-817c-427c-a302-97fd228528b7:192.168.69.67:33680] returns group-D41E735B8392:java.util.concurrent.CompletableFuture@6bbaa0ce[Not completed]
2019-10-15 22:57:12,827 [pool-217-thread-1] INFO  impl.RaftServerImpl (RaftServerImpl.java:<init>(95)) - 6efc5f30-817c-427c-a302-97fd228528b7: new RaftServerImpl for group-D41E735B8392:[6efc5f30-817c-427c-a302-97fd228528b7:192.168.69.67:33680] with ContainerStateMachine:uninitialized
2019-10-15 22:57:12,827 [pool-217-thread-1] INFO  server.RaftServerConfigKeys (ConfUtils.java:logGet(43)) - raft.server.rpc.timeout.min = 5s (custom)
2019-10-15 22:57:12,827 [pool-217-thread-1] INFO  server.RaftServerConfigKeys (ConfUtils.java:logGet(43)) - raft.server.rpc.timeout.max = 5200ms (custom)
2019-10-15 22:57:12,827 [pool-217-thread-1] INFO  server.RaftServerConfigKeys (ConfUtils.java:logGet(43)) - raft.server.rpcslowness.timeout = 120s (custom)
2019-10-15 22:57:12,828 [pool-217-thread-1] INFO  server.RaftServerConfigKeys (ConfUtils.java:logGet(43)) - raft.server.sleep.deviation.threshold = 300 (default)
2019-10-15 22:57:12,828 [pool-217-thread-1] INFO  server.RaftServerConfigKeys (ConfUtils.java:logGet(43)) - raft.server.log.appender.install.snapshot.enabled = false (custom)
2019-10-15 22:57:12,828 [pool-217-thread-1] INFO  impl.RaftServerImpl (ServerState.java:<init>(103)) - 6efc5f30-817c-427c-a302-97fd228528b7@group-D41E735B8392: ConfigurationManager, init=-1: [6efc5f30-817c-427c-a302-97fd228528b7:192.168.69.67:33680], old=null, confs=<EMPTY_MAP>
2019-10-15 22:57:12,828 [pool-217-thread-1] INFO  server.RaftServerConfigKeys (ConfUtils.java:logGet(43)) - raft.server.storage.dir = [/workdir/hadoop-ozone/integration-test/target/test-dir/MiniOzoneClusterImpl-9abf6572-ed34-46c8-9feb-aff0a1c47f1b/datanode-1/data/ratis] (custom)
2019-10-15 22:57:12,828 [pool-217-thread-1] INFO  server.RaftServerConfigKeys (ConfUtils.java:logGet(43)) - raft.server.log.corruption.policy = EXCEPTION (default)
2019-10-15 22:57:12,828 [pool-217-thread-1] INFO  storage.RaftStorageDirectory (RaftStorageDirectory.java:analyzeStorage(246)) - The storage directory /workdir/hadoop-ozone/integration-test/target/test-dir/MiniOzoneClusterImpl-9abf6572-ed34-46c8-9feb-aff0a1c47f1b/datanode-1/data/ratis/dc893e30-c717-4ad9-9bed-d41e735b8392 does not exist. Creating ...
2019-10-15 22:57:12,841 [pool-217-thread-1] INFO  storage.RaftStorageDirectory (RaftStorageDirectory.java:tryLock(328)) - Lock on /workdir/hadoop-ozone/integration-test/target/test-dir/MiniOzoneClusterImpl-9abf6572-ed34-46c8-9feb-aff0a1c47f1b/datanode-1/data/ratis/dc893e30-c717-4ad9-9bed-d41e735b8392/in_use.lock acquired by nodename 28209@pr-hdds-2071-8rz7p-357833546
2019-10-15 22:57:12,855 [pool-217-thread-1] INFO  storage.RaftStorage (RaftStorage.java:format(84)) - Storage directory /workdir/hadoop-ozone/integration-test/target/test-dir/MiniOzoneClusterImpl-9abf6572-ed34-46c8-9feb-aff0a1c47f1b/datanode-1/data/ratis/dc893e30-c717-4ad9-9bed-d41e735b8392 has been successfully formatted.
2019-10-15 22:57:12,855 [pool-217-thread-1] INFO  ratis.ContainerStateMachine (ContainerStateMachine.java:loadSnapshot(231)) - group-D41E735B8392: The snapshot info is null. Setting the last applied indexto:(t:0, i:~)
2019-10-15 22:57:12,856 [pool-217-thread-1] INFO  server.RaftServerConfigKeys (ConfUtils.java:logGet(43)) - raft.server.notification.no-leader.timeout = 120s (custom)
2019-10-15 22:57:12,856 [pool-217-thread-1] INFO  server.RaftServerConfigKeys (ConfUtils.java:logGet(43)) - raft.server.log.use.memory = false (default)
2019-10-15 22:57:12,856 [pool-217-thread-1] INFO  server.RaftServerConfigKeys (ConfUtils.java:logGet(43)) - raft.server.log.purge.gap = 1000000 (custom)
2019-10-15 22:57:12,856 [pool-217-thread-1] INFO  server.RaftServerConfigKeys (ConfUtils.java:logGet(43)) - raft.server.log.appender.buffer.byte-limit = 33554432 (custom)
2019-10-15 22:57:12,856 [pool-217-thread-1] INFO  server.RaftServerConfigKeys (ConfUtils.java:logGet(43)) - raft.server.log.segment.size.max = 1048576 (custom)
2019-10-15 22:57:12,857 [pool-217-thread-1] INFO  server.RaftServerConfigKeys (ConfUtils.java:logGet(43)) - raft.server.log.segment.cache.num.max = 2 (custom)
2019-10-15 22:57:12,857 [pool-217-thread-1] INFO  segmented.SegmentedRaftLogWorker (SegmentedRaftLogWorker.java:<init>(173)) - new 6efc5f30-817c-427c-a302-97fd228528b7@group-D41E735B8392-SegmentedRaftLogWorker for RaftStorage:Storage Directory /workdir/hadoop-ozone/integration-test/target/test-dir/MiniOzoneClusterImpl-9abf6572-ed34-46c8-9feb-aff0a1c47f1b/datanode-1/data/ratis/dc893e30-c717-4ad9-9bed-d41e735b8392
2019-10-15 22:57:12,857 [pool-217-thread-1] INFO  server.RaftServerConfigKeys (ConfUtils.java:logGet(43)) - raft.server.log.queue.byte-limit = 2147483647 (custom)
2019-10-15 22:57:12,857 [pool-217-thread-1] INFO  server.RaftServerConfigKeys (ConfUtils.java:logGet(43)) - raft.server.log.queue.element-limit = 1024 (custom)
2019-10-15 22:57:12,857 [pool-217-thread-1] INFO  server.RaftServerConfigKeys (ConfUtils.java:logGet(43)) - raft.server.log.segment.size.max = 1048576 (custom)
2019-10-15 22:57:12,858 [pool-217-thread-1] INFO  server.RaftServerConfigKeys (ConfUtils.java:logGet(43)) - raft.server.log.preallocated.size = 16384 (custom)
2019-10-15 22:57:12,858 [pool-217-thread-1] INFO  server.RaftServerConfigKeys (ConfUtils.java:logGet(43)) - raft.server.log.write.buffer.size = 33554432 (custom)
2019-10-15 22:57:12,858 [pool-217-thread-1] INFO  server.RaftServerConfigKeys (ConfUtils.java:logGet(43)) - raft.server.log.force.sync.num = 128 (default)
2019-10-15 22:57:12,858 [pool-217-thread-1] INFO  server.RaftServerConfigKeys (ConfUtils.java:logGet(43)) - raft.server.log.statemachine.data.sync = true (default)
2019-10-15 22:57:12,858 [pool-217-thread-1] INFO  server.RaftServerConfigKeys (ConfUtils.java:logGet(43)) - raft.server.log.statemachine.data.sync.timeout = 10s (default)
2019-10-15 22:57:12,858 [pool-217-thread-1] INFO  server.RaftServerConfigKeys (ConfUtils.java:logGet(43)) - raft.server.log.statemachine.data.sync.timeout.retry = -1 (default)
2019-10-15 22:57:12,858 [pool-217-thread-1] INFO  server.RaftServerConfigKeys (ConfUtils.java:logGet(43)) - raft.server.log.statemachine.data.caching.enabled = true (custom)
2019-10-15 22:57:12,858 [pool-217-thread-1] INFO  segmented.SegmentedRaftLogWorker (SegmentedRaftLogWorker.java:lambda$new$0(128)) - 6efc5f30-817c-427c-a302-97fd228528b7@group-D41E735B8392-SegmentedRaftLogWorker: flushIndex: setUnconditionally 0 -> -1
2019-10-15 22:57:12,859 [pool-217-thread-1] INFO  server.RaftServerConfigKeys (ConfUtils.java:logGet(43)) - raft.server.snapshot.auto.trigger.enabled = true (custom)
2019-10-15 22:57:12,859 [pool-217-thread-1] INFO  server.RaftServerConfigKeys (ConfUtils.java:logGet(43)) - raft.server.snapshot.auto.trigger.threshold = 10000 (custom)
2019-10-15 22:57:12,859 [pool-217-thread-1] INFO  server.RaftServerConfigKeys (ConfUtils.java:logGet(43)) - raft.server.snapshot.retention.file.num = 5 (custom)
2019-10-15 22:57:12,859 [pool-217-thread-1] INFO  server.RaftServerConfigKeys (ConfUtils.java:logGet(43)) - raft.server.retrycache.expirytime = 600000ms (custom)
2019-10-15 22:57:12,860 [pool-217-thread-1] INFO  impl.RaftServerImpl (RaftServerImpl.java:start(181)) - 6efc5f30-817c-427c-a302-97fd228528b7@group-D41E735B8392: start as a follower, conf=-1: [6efc5f30-817c-427c-a302-97fd228528b7:192.168.69.67:33680], old=null
2019-10-15 22:57:12,860 [pool-217-thread-1] INFO  impl.RaftServerImpl (RaftServerImpl.java:setRole(170)) - 6efc5f30-817c-427c-a302-97fd228528b7@group-D41E735B8392: changes role from      null to FOLLOWER at term 0 for startAsFollower
2019-10-15 22:57:12,860 [pool-217-thread-1] INFO  impl.RoleInfo (RoleInfo.java:updateAndGet(143)) - 6efc5f30-817c-427c-a302-97fd228528b7: start FollowerState
2019-10-15 22:57:12,860 [pool-217-thread-1] INFO  util.JmxRegister (JmxRegister.java:tryRegister(44)) - Successfully registered JMX Bean with object name Ratis:service=RaftServer,group=group-D41E735B8392,id=6efc5f30-817c-427c-a302-97fd228528b7
2019-10-15 22:57:12,883 [IPC Server handler 2 on 35236] INFO  net.NetworkTopology (NetworkTopologyImpl.java:add(111)) - Added a new node: /default-rack/210f7630-7f49-4d5d-b69d-a8f854decf33
2019-10-15 22:57:12,883 [IPC Server handler 2 on 35236] INFO  node.SCMNodeManager (SCMNodeManager.java:register(267)) - Registered Data node : 210f7630-7f49-4d5d-b69d-a8f854decf33{ip: 192.168.69.67, host: pr-hdds-2071-8rz7p-357833546, networkLocation: /default-rack, certSerialId: null}
2019-10-15 22:57:12,898 [RatisPipelineUtilsThread] INFO  pipeline.PipelineStateManager (PipelineStateManager.java:addPipeline(56)) - Created pipeline Pipeline[ Id: dc893e30-c717-4ad9-9bed-d41e735b8392, Nodes: 6efc5f30-817c-427c-a302-97fd228528b7{ip: 192.168.69.67, host: pr-hdds-2071-8rz7p-357833546, networkLocation: /default-rack, certSerialId: null}, Type:RATIS, Factor:ONE, State:OPEN]
2019-10-15 22:57:12,904 [grpc-default-executor-4] INFO  impl.RaftServerProxy (RaftServerProxy.java:addNew(89)) - 210f7630-7f49-4d5d-b69d-a8f854decf33: addNew group-06B74A10F881:[210f7630-7f49-4d5d-b69d-a8f854decf33:192.168.69.67:38348] returns group-06B74A10F881:java.util.concurrent.CompletableFuture@1818ed56[Not completed]
2019-10-15 22:57:12,905 [pool-227-thread-1] INFO  impl.RaftServerImpl (RaftServerImpl.java:<init>(95)) - 210f7630-7f49-4d5d-b69d-a8f854decf33: new RaftServerImpl for group-06B74A10F881:[210f7630-7f49-4d5d-b69d-a8f854decf33:192.168.69.67:38348] with ContainerStateMachine:uninitialized
2019-10-15 22:57:12,906 [pool-227-thread-1] INFO  server.RaftServerConfigKeys (ConfUtils.java:logGet(43)) - raft.server.rpc.timeout.min = 5s (custom)
2019-10-15 22:57:12,906 [pool-227-thread-1] INFO  server.RaftServerConfigKeys (ConfUtils.java:logGet(43)) - raft.server.rpc.timeout.max = 5200ms (custom)
2019-10-15 22:57:12,906 [pool-227-thread-1] INFO  server.RaftServerConfigKeys (ConfUtils.java:logGet(43)) - raft.server.rpcslowness.timeout = 120s (custom)
2019-10-15 22:57:12,906 [pool-227-thread-1] INFO  server.RaftServerConfigKeys (ConfUtils.java:logGet(43)) - raft.server.sleep.deviation.threshold = 300 (default)
2019-10-15 22:57:12,906 [pool-227-thread-1] INFO  server.RaftServerConfigKeys (ConfUtils.java:logGet(43)) - raft.server.log.appender.install.snapshot.enabled = false (custom)
2019-10-15 22:57:12,906 [pool-227-thread-1] INFO  impl.RaftServerImpl (ServerState.java:<init>(103)) - 210f7630-7f49-4d5d-b69d-a8f854decf33@group-06B74A10F881: ConfigurationManager, init=-1: [210f7630-7f49-4d5d-b69d-a8f854decf33:192.168.69.67:38348], old=null, confs=<EMPTY_MAP>
2019-10-15 22:57:12,906 [pool-227-thread-1] INFO  server.RaftServerConfigKeys (ConfUtils.java:logGet(43)) - raft.server.storage.dir = [/workdir/hadoop-ozone/integration-test/target/test-dir/MiniOzoneClusterImpl-9abf6572-ed34-46c8-9feb-aff0a1c47f1b/datanode-2/data/ratis] (custom)
2019-10-15 22:57:12,906 [pool-227-thread-1] INFO  server.RaftServerConfigKeys (ConfUtils.java:logGet(43)) - raft.server.log.corruption.policy = EXCEPTION (default)
2019-10-15 22:57:12,906 [pool-227-thread-1] INFO  storage.RaftStorageDirectory (RaftStorageDirectory.java:analyzeStorage(246)) - The storage directory /workdir/hadoop-ozone/integration-test/target/test-dir/MiniOzoneClusterImpl-9abf6572-ed34-46c8-9feb-aff0a1c47f1b/datanode-2/data/ratis/023443fd-50b0-49ad-9ce1-06b74a10f881 does not exist. Creating ...
2019-10-15 22:57:12,928 [pool-227-thread-1] INFO  storage.RaftStorageDirectory (RaftStorageDirectory.java:tryLock(328)) - Lock on /workdir/hadoop-ozone/integration-test/target/test-dir/MiniOzoneClusterImpl-9abf6572-ed34-46c8-9feb-aff0a1c47f1b/datanode-2/data/ratis/023443fd-50b0-49ad-9ce1-06b74a10f881/in_use.lock acquired by nodename 28209@pr-hdds-2071-8rz7p-357833546
2019-10-15 22:57:12,932 [pool-227-thread-1] INFO  storage.RaftStorage (RaftStorage.java:format(84)) - Storage directory /workdir/hadoop-ozone/integration-test/target/test-dir/MiniOzoneClusterImpl-9abf6572-ed34-46c8-9feb-aff0a1c47f1b/datanode-2/data/ratis/023443fd-50b0-49ad-9ce1-06b74a10f881 has been successfully formatted.
2019-10-15 22:57:12,932 [pool-227-thread-1] INFO  ratis.ContainerStateMachine (ContainerStateMachine.java:loadSnapshot(231)) - group-06B74A10F881: The snapshot info is null. Setting the last applied indexto:(t:0, i:~)
2019-10-15 22:57:12,932 [pool-227-thread-1] INFO  server.RaftServerConfigKeys (ConfUtils.java:logGet(43)) - raft.server.notification.no-leader.timeout = 120s (custom)
2019-10-15 22:57:12,932 [pool-227-thread-1] INFO  server.RaftServerConfigKeys (ConfUtils.java:logGet(43)) - raft.server.log.use.memory = false (default)
2019-10-15 22:57:12,932 [pool-227-thread-1] INFO  server.RaftServerConfigKeys (ConfUtils.java:logGet(43)) - raft.server.log.purge.gap = 1000000 (custom)
2019-10-15 22:57:12,933 [pool-227-thread-1] INFO  server.RaftServerConfigKeys (ConfUtils.java:logGet(43)) - raft.server.log.appender.buffer.byte-limit = 33554432 (custom)
2019-10-15 22:57:12,933 [pool-227-thread-1] INFO  server.RaftServerConfigKeys (ConfUtils.java:logGet(43)) - raft.server.log.segment.size.max = 1048576 (custom)
2019-10-15 22:57:12,934 [pool-227-thread-1] INFO  server.RaftServerConfigKeys (ConfUtils.java:logGet(43)) - raft.server.log.segment.cache.num.max = 2 (custom)
2019-10-15 22:57:12,934 [pool-227-thread-1] INFO  segmented.SegmentedRaftLogWorker (SegmentedRaftLogWorker.java:<init>(173)) - new 210f7630-7f49-4d5d-b69d-a8f854decf33@group-06B74A10F881-SegmentedRaftLogWorker for RaftStorage:Storage Directory /workdir/hadoop-ozone/integration-test/target/test-dir/MiniOzoneClusterImpl-9abf6572-ed34-46c8-9feb-aff0a1c47f1b/datanode-2/data/ratis/023443fd-50b0-49ad-9ce1-06b74a10f881
2019-10-15 22:57:12,934 [pool-227-thread-1] INFO  server.RaftServerConfigKeys (ConfUtils.java:logGet(43)) - raft.server.log.queue.byte-limit = 2147483647 (custom)
2019-10-15 22:57:12,934 [pool-227-thread-1] INFO  server.RaftServerConfigKeys (ConfUtils.java:logGet(43)) - raft.server.log.queue.element-limit = 1024 (custom)
2019-10-15 22:57:12,934 [pool-227-thread-1] INFO  server.RaftServerConfigKeys (ConfUtils.java:logGet(43)) - raft.server.log.segment.size.max = 1048576 (custom)
2019-10-15 22:57:12,934 [pool-227-thread-1] INFO  server.RaftServerConfigKeys (ConfUtils.java:logGet(43)) - raft.server.log.preallocated.size = 16384 (custom)
2019-10-15 22:57:12,934 [pool-227-thread-1] INFO  server.RaftServerConfigKeys (ConfUtils.java:logGet(43)) - raft.server.log.write.buffer.size = 33554432 (custom)
2019-10-15 22:57:12,934 [pool-227-thread-1] INFO  server.RaftServerConfigKeys (ConfUtils.java:logGet(43)) - raft.server.log.force.sync.num = 128 (default)
2019-10-15 22:57:12,935 [pool-227-thread-1] INFO  server.RaftServerConfigKeys (ConfUtils.java:logGet(43)) - raft.server.log.statemachine.data.sync = true (default)
2019-10-15 22:57:12,935 [pool-227-thread-1] INFO  server.RaftServerConfigKeys (ConfUtils.java:logGet(43)) - raft.server.log.statemachine.data.sync.timeout = 10s (default)
2019-10-15 22:57:12,935 [pool-227-thread-1] INFO  server.RaftServerConfigKeys (ConfUtils.java:logGet(43)) - raft.server.log.statemachine.data.sync.timeout.retry = -1 (default)
2019-10-15 22:57:12,935 [pool-227-thread-1] INFO  server.RaftServerConfigKeys (ConfUtils.java:logGet(43)) - raft.server.log.statemachine.data.caching.enabled = true (custom)
2019-10-15 22:57:12,936 [pool-227-thread-1] INFO  segmented.SegmentedRaftLogWorker (SegmentedRaftLogWorker.java:lambda$new$0(128)) - 210f7630-7f49-4d5d-b69d-a8f854decf33@group-06B74A10F881-SegmentedRaftLogWorker: flushIndex: setUnconditionally 0 -> -1
2019-10-15 22:57:12,936 [pool-227-thread-1] INFO  server.RaftServerConfigKeys (ConfUtils.java:logGet(43)) - raft.server.snapshot.auto.trigger.enabled = true (custom)
2019-10-15 22:57:12,936 [pool-227-thread-1] INFO  server.RaftServerConfigKeys (ConfUtils.java:logGet(43)) - raft.server.snapshot.auto.trigger.threshold = 10000 (custom)
2019-10-15 22:57:12,936 [pool-227-thread-1] INFO  server.RaftServerConfigKeys (ConfUtils.java:logGet(43)) - raft.server.snapshot.retention.file.num = 5 (custom)
2019-10-15 22:57:12,936 [pool-227-thread-1] INFO  server.RaftServerConfigKeys (ConfUtils.java:logGet(43)) - raft.server.retrycache.expirytime = 600000ms (custom)
2019-10-15 22:57:12,937 [pool-227-thread-1] INFO  impl.RaftServerImpl (RaftServerImpl.java:start(181)) - 210f7630-7f49-4d5d-b69d-a8f854decf33@group-06B74A10F881: start as a follower, conf=-1: [210f7630-7f49-4d5d-b69d-a8f854decf33:192.168.69.67:38348], old=null
2019-10-15 22:57:12,938 [pool-227-thread-1] INFO  impl.RaftServerImpl (RaftServerImpl.java:setRole(170)) - 210f7630-7f49-4d5d-b69d-a8f854decf33@group-06B74A10F881: changes role from      null to FOLLOWER at term 0 for startAsFollower
2019-10-15 22:57:12,938 [pool-227-thread-1] INFO  impl.RoleInfo (RoleInfo.java:updateAndGet(143)) - 210f7630-7f49-4d5d-b69d-a8f854decf33: start FollowerState
2019-10-15 22:57:12,938 [pool-227-thread-1] INFO  util.JmxRegister (JmxRegister.java:tryRegister(44)) - Successfully registered JMX Bean with object name Ratis:service=RaftServer,group=group-06B74A10F881,id=210f7630-7f49-4d5d-b69d-a8f854decf33
2019-10-15 22:57:12,941 [RatisPipelineUtilsThread] INFO  pipeline.PipelineStateManager (PipelineStateManager.java:addPipeline(56)) - Created pipeline Pipeline[ Id: 023443fd-50b0-49ad-9ce1-06b74a10f881, Nodes: 210f7630-7f49-4d5d-b69d-a8f854decf33{ip: 192.168.69.67, host: pr-hdds-2071-8rz7p-357833546, networkLocation: /default-rack, certSerialId: null}, Type:RATIS, Factor:ONE, State:OPEN]
2019-10-15 22:57:12,952 [grpc-default-executor-4] INFO  impl.RaftServerProxy (RaftServerProxy.java:addNew(89)) - 44ad8ee9-a38d-4e5d-9002-6fd30af5f6a1: addNew group-C92BDBD9D086:[44ad8ee9-a38d-4e5d-9002-6fd30af5f6a1:192.168.69.67:38486, 210f7630-7f49-4d5d-b69d-a8f854decf33:192.168.69.67:38348, 6efc5f30-817c-427c-a302-97fd228528b7:192.168.69.67:33680] returns group-C92BDBD9D086:java.util.concurrent.CompletableFuture@1239c1ce[Not completed]
2019-10-15 22:57:12,952 [grpc-default-executor-6] INFO  impl.RaftServerProxy (RaftServerProxy.java:addNew(89)) - 210f7630-7f49-4d5d-b69d-a8f854decf33: addNew group-C92BDBD9D086:[44ad8ee9-a38d-4e5d-9002-6fd30af5f6a1:192.168.69.67:38486, 210f7630-7f49-4d5d-b69d-a8f854decf33:192.168.69.67:38348, 6efc5f30-817c-427c-a302-97fd228528b7:192.168.69.67:33680] returns group-C92BDBD9D086:java.util.concurrent.CompletableFuture@4ff68318[Not completed]
2019-10-15 22:57:12,953 [grpc-default-executor-5] INFO  impl.RaftServerProxy (RaftServerProxy.java:addNew(89)) - 6efc5f30-817c-427c-a302-97fd228528b7: addNew group-C92BDBD9D086:[44ad8ee9-a38d-4e5d-9002-6fd30af5f6a1:192.168.69.67:38486, 210f7630-7f49-4d5d-b69d-a8f854decf33:192.168.69.67:38348, 6efc5f30-817c-427c-a302-97fd228528b7:192.168.69.67:33680] returns group-C92BDBD9D086:java.util.concurrent.CompletableFuture@12302c5e[Not completed]
2019-10-15 22:57:12,954 [pool-227-thread-1] INFO  impl.RaftServerImpl (RaftServerImpl.java:<init>(95)) - 210f7630-7f49-4d5d-b69d-a8f854decf33: new RaftServerImpl for group-C92BDBD9D086:[44ad8ee9-a38d-4e5d-9002-6fd30af5f6a1:192.168.69.67:38486, 210f7630-7f49-4d5d-b69d-a8f854decf33:192.168.69.67:38348, 6efc5f30-817c-427c-a302-97fd228528b7:192.168.69.67:33680] with ContainerStateMachine:uninitialized
2019-10-15 22:57:12,954 [pool-227-thread-1] INFO  server.RaftServerConfigKeys (ConfUtils.java:logGet(43)) - raft.server.rpc.timeout.min = 5s (custom)
2019-10-15 22:57:12,954 [pool-227-thread-1] INFO  server.RaftServerConfigKeys (ConfUtils.java:logGet(43)) - raft.server.rpc.timeout.max = 5200ms (custom)
2019-10-15 22:57:12,954 [pool-227-thread-1] INFO  server.RaftServerConfigKeys (ConfUtils.java:logGet(43)) - raft.server.rpcslowness.timeout = 120s (custom)
2019-10-15 22:57:12,954 [pool-217-thread-1] INFO  impl.RaftServerImpl (RaftServerImpl.java:<init>(95)) - 6efc5f30-817c-427c-a302-97fd228528b7: new RaftServerImpl for group-C92BDBD9D086:[44ad8ee9-a38d-4e5d-9002-6fd30af5f6a1:192.168.69.67:38486, 210f7630-7f49-4d5d-b69d-a8f854decf33:192.168.69.67:38348, 6efc5f30-817c-427c-a302-97fd228528b7:192.168.69.67:33680] with ContainerStateMachine:uninitialized
2019-10-15 22:57:12,954 [pool-227-thread-1] INFO  server.RaftServerConfigKeys (ConfUtils.java:logGet(43)) - raft.server.sleep.deviation.threshold = 300 (default)
2019-10-15 22:57:12,955 [pool-217-thread-1] INFO  server.RaftServerConfigKeys (ConfUtils.java:logGet(43)) - raft.server.rpc.timeout.min = 5s (custom)
2019-10-15 22:57:12,955 [pool-207-thread-1] INFO  impl.RaftServerImpl (RaftServerImpl.java:<init>(95)) - 44ad8ee9-a38d-4e5d-9002-6fd30af5f6a1: new RaftServerImpl for group-C92BDBD9D086:[44ad8ee9-a38d-4e5d-9002-6fd30af5f6a1:192.168.69.67:38486, 210f7630-7f49-4d5d-b69d-a8f854decf33:192.168.69.67:38348, 6efc5f30-817c-427c-a302-97fd228528b7:192.168.69.67:33680] with ContainerStateMachine:uninitialized
2019-10-15 22:57:12,955 [pool-217-thread-1] INFO  server.RaftServerConfigKeys (ConfUtils.java:logGet(43)) - raft.server.rpc.timeout.max = 5200ms (custom)
2019-10-15 22:57:12,955 [pool-227-thread-1] INFO  server.RaftServerConfigKeys (ConfUtils.java:logGet(43)) - raft.server.log.appender.install.snapshot.enabled = false (custom)
2019-10-15 22:57:12,955 [pool-217-thread-1] INFO  server.RaftServerConfigKeys (ConfUtils.java:logGet(43)) - raft.server.rpcslowness.timeout = 120s (custom)
2019-10-15 22:57:12,955 [pool-207-thread-1] INFO  server.RaftServerConfigKeys (ConfUtils.java:logGet(43)) - raft.server.rpc.timeout.min = 5s (custom)
2019-10-15 22:57:12,955 [pool-217-thread-1] INFO  server.RaftServerConfigKeys (ConfUtils.java:logGet(43)) - raft.server.sleep.deviation.threshold = 300 (default)
2019-10-15 22:57:12,955 [pool-227-thread-1] INFO  impl.RaftServerImpl (ServerState.java:<init>(103)) - 210f7630-7f49-4d5d-b69d-a8f854decf33@group-C92BDBD9D086: ConfigurationManager, init=-1: [44ad8ee9-a38d-4e5d-9002-6fd30af5f6a1:192.168.69.67:38486, 210f7630-7f49-4d5d-b69d-a8f854decf33:192.168.69.67:38348, 6efc5f30-817c-427c-a302-97fd228528b7:192.168.69.67:33680], old=null, confs=<EMPTY_MAP>
2019-10-15 22:57:12,955 [pool-217-thread-1] INFO  server.RaftServerConfigKeys (ConfUtils.java:logGet(43)) - raft.server.log.appender.install.snapshot.enabled = false (custom)
2019-10-15 22:57:12,955 [pool-207-thread-1] INFO  server.RaftServerConfigKeys (ConfUtils.java:logGet(43)) - raft.server.rpc.timeout.max = 5200ms (custom)
2019-10-15 22:57:12,956 [pool-217-thread-1] INFO  impl.RaftServerImpl (ServerState.java:<init>(103)) - 6efc5f30-817c-427c-a302-97fd228528b7@group-C92BDBD9D086: ConfigurationManager, init=-1: [44ad8ee9-a38d-4e5d-9002-6fd30af5f6a1:192.168.69.67:38486, 210f7630-7f49-4d5d-b69d-a8f854decf33:192.168.69.67:38348, 6efc5f30-817c-427c-a302-97fd228528b7:192.168.69.67:33680], old=null, confs=<EMPTY_MAP>
2019-10-15 22:57:12,956 [pool-227-thread-1] INFO  server.RaftServerConfigKeys (ConfUtils.java:logGet(43)) - raft.server.storage.dir = [/workdir/hadoop-ozone/integration-test/target/test-dir/MiniOzoneClusterImpl-9abf6572-ed34-46c8-9feb-aff0a1c47f1b/datanode-2/data/ratis] (custom)
2019-10-15 22:57:12,956 [pool-217-thread-1] INFO  server.RaftServerConfigKeys (ConfUtils.java:logGet(43)) - raft.server.storage.dir = [/workdir/hadoop-ozone/integration-test/target/test-dir/MiniOzoneClusterImpl-9abf6572-ed34-46c8-9feb-aff0a1c47f1b/datanode-1/data/ratis] (custom)
2019-10-15 22:57:12,956 [pool-207-thread-1] INFO  server.RaftServerConfigKeys (ConfUtils.java:logGet(43)) - raft.server.rpcslowness.timeout = 120s (custom)
2019-10-15 22:57:12,956 [pool-227-thread-1] INFO  server.RaftServerConfigKeys (ConfUtils.java:logGet(43)) - raft.server.log.corruption.policy = EXCEPTION (default)
2019-10-15 22:57:12,956 [pool-217-thread-1] INFO  server.RaftServerConfigKeys (ConfUtils.java:logGet(43)) - raft.server.log.corruption.policy = EXCEPTION (default)
2019-10-15 22:57:12,956 [pool-207-thread-1] INFO  server.RaftServerConfigKeys (ConfUtils.java:logGet(43)) - raft.server.sleep.deviation.threshold = 300 (default)
2019-10-15 22:57:12,956 [pool-227-thread-1] INFO  storage.RaftStorageDirectory (RaftStorageDirectory.java:analyzeStorage(246)) - The storage directory /workdir/hadoop-ozone/integration-test/target/test-dir/MiniOzoneClusterImpl-9abf6572-ed34-46c8-9feb-aff0a1c47f1b/datanode-2/data/ratis/68625640-5385-46d6-a12e-c92bdbd9d086 does not exist. Creating ...
2019-10-15 22:57:12,956 [pool-207-thread-1] INFO  server.RaftServerConfigKeys (ConfUtils.java:logGet(43)) - raft.server.log.appender.install.snapshot.enabled = false (custom)
2019-10-15 22:57:12,956 [pool-217-thread-1] INFO  storage.RaftStorageDirectory (RaftStorageDirectory.java:analyzeStorage(246)) - The storage directory /workdir/hadoop-ozone/integration-test/target/test-dir/MiniOzoneClusterImpl-9abf6572-ed34-46c8-9feb-aff0a1c47f1b/datanode-1/data/ratis/68625640-5385-46d6-a12e-c92bdbd9d086 does not exist. Creating ...
2019-10-15 22:57:12,956 [pool-207-thread-1] INFO  impl.RaftServerImpl (ServerState.java:<init>(103)) - 44ad8ee9-a38d-4e5d-9002-6fd30af5f6a1@group-C92BDBD9D086: ConfigurationManager, init=-1: [44ad8ee9-a38d-4e5d-9002-6fd30af5f6a1:192.168.69.67:38486, 210f7630-7f49-4d5d-b69d-a8f854decf33:192.168.69.67:38348, 6efc5f30-817c-427c-a302-97fd228528b7:192.168.69.67:33680], old=null, confs=<EMPTY_MAP>
2019-10-15 22:57:12,957 [pool-207-thread-1] INFO  server.RaftServerConfigKeys (ConfUtils.java:logGet(43)) - raft.server.storage.dir = [/workdir/hadoop-ozone/integration-test/target/test-dir/MiniOzoneClusterImpl-9abf6572-ed34-46c8-9feb-aff0a1c47f1b/datanode-0/data/ratis] (custom)
2019-10-15 22:57:12,957 [pool-207-thread-1] INFO  server.RaftServerConfigKeys (ConfUtils.java:logGet(43)) - raft.server.log.corruption.policy = EXCEPTION (default)
2019-10-15 22:57:12,957 [pool-207-thread-1] INFO  storage.RaftStorageDirectory (RaftStorageDirectory.java:analyzeStorage(246)) - The storage directory /workdir/hadoop-ozone/integration-test/target/test-dir/MiniOzoneClusterImpl-9abf6572-ed34-46c8-9feb-aff0a1c47f1b/datanode-0/data/ratis/68625640-5385-46d6-a12e-c92bdbd9d086 does not exist. Creating ...
2019-10-15 22:57:12,958 [IPC Server handler 3 on 35236] INFO  net.NetworkTopology (NetworkTopologyImpl.java:add(111)) - Added a new node: /default-rack/ba199312-ac99-478b-bb65-fa99952de8cb
2019-10-15 22:57:12,958 [IPC Server handler 3 on 35236] INFO  node.SCMNodeManager (SCMNodeManager.java:register(267)) - Registered Data node : ba199312-ac99-478b-bb65-fa99952de8cb{ip: 192.168.69.67, host: pr-hdds-2071-8rz7p-357833546, networkLocation: /default-rack, certSerialId: null}
2019-10-15 22:57:12,961 [pool-217-thread-1] INFO  storage.RaftStorageDirectory (RaftStorageDirectory.java:tryLock(328)) - Lock on /workdir/hadoop-ozone/integration-test/target/test-dir/MiniOzoneClusterImpl-9abf6572-ed34-46c8-9feb-aff0a1c47f1b/datanode-1/data/ratis/68625640-5385-46d6-a12e-c92bdbd9d086/in_use.lock acquired by nodename 28209@pr-hdds-2071-8rz7p-357833546
2019-10-15 22:57:12,961 [pool-227-thread-1] INFO  storage.RaftStorageDirectory (RaftStorageDirectory.java:tryLock(328)) - Lock on /workdir/hadoop-ozone/integration-test/target/test-dir/MiniOzoneClusterImpl-9abf6572-ed34-46c8-9feb-aff0a1c47f1b/datanode-2/data/ratis/68625640-5385-46d6-a12e-c92bdbd9d086/in_use.lock acquired by nodename 28209@pr-hdds-2071-8rz7p-357833546
2019-10-15 22:57:12,961 [pool-207-thread-1] INFO  storage.RaftStorageDirectory (RaftStorageDirectory.java:tryLock(328)) - Lock on /workdir/hadoop-ozone/integration-test/target/test-dir/MiniOzoneClusterImpl-9abf6572-ed34-46c8-9feb-aff0a1c47f1b/datanode-0/data/ratis/68625640-5385-46d6-a12e-c92bdbd9d086/in_use.lock acquired by nodename 28209@pr-hdds-2071-8rz7p-357833546
2019-10-15 22:57:12,967 [pool-217-thread-1] INFO  storage.RaftStorage (RaftStorage.java:format(84)) - Storage directory /workdir/hadoop-ozone/integration-test/target/test-dir/MiniOzoneClusterImpl-9abf6572-ed34-46c8-9feb-aff0a1c47f1b/datanode-1/data/ratis/68625640-5385-46d6-a12e-c92bdbd9d086 has been successfully formatted.
2019-10-15 22:57:12,967 [pool-207-thread-1] INFO  storage.RaftStorage (RaftStorage.java:format(84)) - Storage directory /workdir/hadoop-ozone/integration-test/target/test-dir/MiniOzoneClusterImpl-9abf6572-ed34-46c8-9feb-aff0a1c47f1b/datanode-0/data/ratis/68625640-5385-46d6-a12e-c92bdbd9d086 has been successfully formatted.
2019-10-15 22:57:12,967 [pool-217-thread-1] INFO  ratis.ContainerStateMachine (ContainerStateMachine.java:loadSnapshot(231)) - group-C92BDBD9D086: The snapshot info is null. Setting the last applied indexto:(t:0, i:~)
2019-10-15 22:57:12,967 [pool-227-thread-1] INFO  storage.RaftStorage (RaftStorage.java:format(84)) - Storage directory /workdir/hadoop-ozone/integration-test/target/test-dir/MiniOzoneClusterImpl-9abf6572-ed34-46c8-9feb-aff0a1c47f1b/datanode-2/data/ratis/68625640-5385-46d6-a12e-c92bdbd9d086 has been successfully formatted.
2019-10-15 22:57:12,967 [pool-217-thread-1] INFO  server.RaftServerConfigKeys (ConfUtils.java:logGet(43)) - raft.server.notification.no-leader.timeout = 120s (custom)
2019-10-15 22:57:12,967 [pool-207-thread-1] INFO  ratis.ContainerStateMachine (ContainerStateMachine.java:loadSnapshot(231)) - group-C92BDBD9D086: The snapshot info is null. Setting the last applied indexto:(t:0, i:~)
2019-10-15 22:57:12,967 [pool-217-thread-1] INFO  server.RaftServerConfigKeys (ConfUtils.java:logGet(43)) - raft.server.log.use.memory = false (default)
2019-10-15 22:57:12,967 [pool-227-thread-1] INFO  ratis.ContainerStateMachine (ContainerStateMachine.java:loadSnapshot(231)) - group-C92BDBD9D086: The snapshot info is null. Setting the last applied indexto:(t:0, i:~)
2019-10-15 22:57:12,967 [pool-217-thread-1] INFO  server.RaftServerConfigKeys (ConfUtils.java:logGet(43)) - raft.server.log.purge.gap = 1000000 (custom)
2019-10-15 22:57:12,967 [pool-207-thread-1] INFO  server.RaftServerConfigKeys (ConfUtils.java:logGet(43)) - raft.server.notification.no-leader.timeout = 120s (custom)
2019-10-15 22:57:12,968 [pool-217-thread-1] INFO  server.RaftServerConfigKeys (ConfUtils.java:logGet(43)) - raft.server.log.appender.buffer.byte-limit = 33554432 (custom)
2019-10-15 22:57:12,968 [pool-227-thread-1] INFO  server.RaftServerConfigKeys (ConfUtils.java:logGet(43)) - raft.server.notification.no-leader.timeout = 120s (custom)
2019-10-15 22:57:12,968 [pool-217-thread-1] INFO  server.RaftServerConfigKeys (ConfUtils.java:logGet(43)) - raft.server.log.segment.size.max = 1048576 (custom)
2019-10-15 22:57:12,968 [pool-207-thread-1] INFO  server.RaftServerConfigKeys (ConfUtils.java:logGet(43)) - raft.server.log.use.memory = false (default)
2019-10-15 22:57:12,968 [pool-217-thread-1] INFO  server.RaftServerConfigKeys (ConfUtils.java:logGet(43)) - raft.server.log.segment.cache.num.max = 2 (custom)
2019-10-15 22:57:12,968 [pool-227-thread-1] INFO  server.RaftServerConfigKeys (ConfUtils.java:logGet(43)) - raft.server.log.use.memory = false (default)
2019-10-15 22:57:12,968 [pool-217-thread-1] INFO  segmented.SegmentedRaftLogWorker (SegmentedRaftLogWorker.java:<init>(173)) - new 6efc5f30-817c-427c-a302-97fd228528b7@group-C92BDBD9D086-SegmentedRaftLogWorker for RaftStorage:Storage Directory /workdir/hadoop-ozone/integration-test/target/test-dir/MiniOzoneClusterImpl-9abf6572-ed34-46c8-9feb-aff0a1c47f1b/datanode-1/data/ratis/68625640-5385-46d6-a12e-c92bdbd9d086
2019-10-15 22:57:12,968 [pool-207-thread-1] INFO  server.RaftServerConfigKeys (ConfUtils.java:logGet(43)) - raft.server.log.purge.gap = 1000000 (custom)
2019-10-15 22:57:12,968 [pool-217-thread-1] INFO  server.RaftServerConfigKeys (ConfUtils.java:logGet(43)) - raft.server.log.queue.byte-limit = 2147483647 (custom)
2019-10-15 22:57:12,968 [pool-227-thread-1] INFO  server.RaftServerConfigKeys (ConfUtils.java:logGet(43)) - raft.server.log.purge.gap = 1000000 (custom)
2019-10-15 22:57:12,968 [pool-217-thread-1] INFO  server.RaftServerConfigKeys (ConfUtils.java:logGet(43)) - raft.server.log.queue.element-limit = 1024 (custom)
2019-10-15 22:57:12,968 [pool-207-thread-1] INFO  server.RaftServerConfigKeys (ConfUtils.java:logGet(43)) - raft.server.log.appender.buffer.byte-limit = 33554432 (custom)
2019-10-15 22:57:12,969 [pool-217-thread-1] INFO  server.RaftServerConfigKeys (ConfUtils.java:logGet(43)) - raft.server.log.segment.size.max = 1048576 (custom)
2019-10-15 22:57:12,969 [pool-217-thread-1] INFO  server.RaftServerConfigKeys (ConfUtils.java:logGet(43)) - raft.server.log.preallocated.size = 16384 (custom)
2019-10-15 22:57:12,969 [pool-217-thread-1] INFO  server.RaftServerConfigKeys (ConfUtils.java:logGet(43)) - raft.server.log.write.buffer.size = 33554432 (custom)
2019-10-15 22:57:12,969 [pool-217-thread-1] INFO  server.RaftServerConfigKeys (ConfUtils.java:logGet(43)) - raft.server.log.force.sync.num = 128 (default)
2019-10-15 22:57:12,969 [pool-217-thread-1] INFO  server.RaftServerConfigKeys (ConfUtils.java:logGet(43)) - raft.server.log.statemachine.data.sync = true (default)
2019-10-15 22:57:12,969 [pool-217-thread-1] INFO  server.RaftServerConfigKeys (ConfUtils.java:logGet(43)) - raft.server.log.statemachine.data.sync.timeout = 10s (default)
2019-10-15 22:57:12,969 [pool-217-thread-1] INFO  server.RaftServerConfigKeys (ConfUtils.java:logGet(43)) - raft.server.log.statemachine.data.sync.timeout.retry = -1 (default)
2019-10-15 22:57:12,969 [pool-217-thread-1] INFO  server.RaftServerConfigKeys (ConfUtils.java:logGet(43)) - raft.server.log.statemachine.data.caching.enabled = true (custom)
2019-10-15 22:57:12,970 [pool-217-thread-1] INFO  segmented.SegmentedRaftLogWorker (SegmentedRaftLogWorker.java:lambda$new$0(128)) - 6efc5f30-817c-427c-a302-97fd228528b7@group-C92BDBD9D086-SegmentedRaftLogWorker: flushIndex: setUnconditionally 0 -> -1
2019-10-15 22:57:12,969 [pool-227-thread-1] INFO  server.RaftServerConfigKeys (ConfUtils.java:logGet(43)) - raft.server.log.appender.buffer.byte-limit = 33554432 (custom)
2019-10-15 22:57:12,969 [pool-207-thread-1] INFO  server.RaftServerConfigKeys (ConfUtils.java:logGet(43)) - raft.server.log.segment.size.max = 1048576 (custom)
2019-10-15 22:57:12,970 [pool-227-thread-1] INFO  server.RaftServerConfigKeys (ConfUtils.java:logGet(43)) - raft.server.log.segment.size.max = 1048576 (custom)
2019-10-15 22:57:12,970 [pool-217-thread-1] INFO  server.RaftServerConfigKeys (ConfUtils.java:logGet(43)) - raft.server.snapshot.auto.trigger.enabled = true (custom)
2019-10-15 22:57:12,970 [pool-227-thread-1] INFO  server.RaftServerConfigKeys (ConfUtils.java:logGet(43)) - raft.server.log.segment.cache.num.max = 2 (custom)
2019-10-15 22:57:12,970 [pool-207-thread-1] INFO  server.RaftServerConfigKeys (ConfUtils.java:logGet(43)) - raft.server.log.segment.cache.num.max = 2 (custom)
2019-10-15 22:57:12,970 [pool-227-thread-1] INFO  segmented.SegmentedRaftLogWorker (SegmentedRaftLogWorker.java:<init>(173)) - new 210f7630-7f49-4d5d-b69d-a8f854decf33@group-C92BDBD9D086-SegmentedRaftLogWorker for RaftStorage:Storage Directory /workdir/hadoop-ozone/integration-test/target/test-dir/MiniOzoneClusterImpl-9abf6572-ed34-46c8-9feb-aff0a1c47f1b/datanode-2/data/ratis/68625640-5385-46d6-a12e-c92bdbd9d086
2019-10-15 22:57:12,970 [pool-217-thread-1] INFO  server.RaftServerConfigKeys (ConfUtils.java:logGet(43)) - raft.server.snapshot.auto.trigger.threshold = 10000 (custom)
2019-10-15 22:57:12,970 [pool-227-thread-1] INFO  server.RaftServerConfigKeys (ConfUtils.java:logGet(43)) - raft.server.log.queue.byte-limit = 2147483647 (custom)
2019-10-15 22:57:12,970 [pool-207-thread-1] INFO  segmented.SegmentedRaftLogWorker (SegmentedRaftLogWorker.java:<init>(173)) - new 44ad8ee9-a38d-4e5d-9002-6fd30af5f6a1@group-C92BDBD9D086-SegmentedRaftLogWorker for RaftStorage:Storage Directory /workdir/hadoop-ozone/integration-test/target/test-dir/MiniOzoneClusterImpl-9abf6572-ed34-46c8-9feb-aff0a1c47f1b/datanode-0/data/ratis/68625640-5385-46d6-a12e-c92bdbd9d086
2019-10-15 22:57:12,971 [pool-227-thread-1] INFO  server.RaftServerConfigKeys (ConfUtils.java:logGet(43)) - raft.server.log.queue.element-limit = 1024 (custom)
2019-10-15 22:57:12,971 [pool-217-thread-1] INFO  server.RaftServerConfigKeys (ConfUtils.java:logGet(43)) - raft.server.snapshot.retention.file.num = 5 (custom)
2019-10-15 22:57:12,971 [pool-227-thread-1] INFO  server.RaftServerConfigKeys (ConfUtils.java:logGet(43)) - raft.server.log.segment.size.max = 1048576 (custom)
2019-10-15 22:57:12,971 [pool-207-thread-1] INFO  server.RaftServerConfigKeys (ConfUtils.java:logGet(43)) - raft.server.log.queue.byte-limit = 2147483647 (custom)
2019-10-15 22:57:12,971 [pool-227-thread-1] INFO  server.RaftServerConfigKeys (ConfUtils.java:logGet(43)) - raft.server.log.preallocated.size = 16384 (custom)
2019-10-15 22:57:12,971 [pool-227-thread-1] INFO  server.RaftServerConfigKeys (ConfUtils.java:logGet(43)) - raft.server.log.write.buffer.size = 33554432 (custom)
2019-10-15 22:57:12,971 [pool-227-thread-1] INFO  server.RaftServerConfigKeys (ConfUtils.java:logGet(43)) - raft.server.log.force.sync.num = 128 (default)
2019-10-15 22:57:12,971 [pool-227-thread-1] INFO  server.RaftServerConfigKeys (ConfUtils.java:logGet(43)) - raft.server.log.statemachine.data.sync = true (default)
2019-10-15 22:57:12,971 [pool-227-thread-1] INFO  server.RaftServerConfigKeys (ConfUtils.java:logGet(43)) - raft.server.log.statemachine.data.sync.timeout = 10s (default)
2019-10-15 22:57:12,971 [pool-227-thread-1] INFO  server.RaftServerConfigKeys (ConfUtils.java:logGet(43)) - raft.server.log.statemachine.data.sync.timeout.retry = -1 (default)
2019-10-15 22:57:12,972 [pool-227-thread-1] INFO  server.RaftServerConfigKeys (ConfUtils.java:logGet(43)) - raft.server.log.statemachine.data.caching.enabled = true (custom)
2019-10-15 22:57:12,972 [pool-227-thread-1] INFO  segmented.SegmentedRaftLogWorker (SegmentedRaftLogWorker.java:lambda$new$0(128)) - 210f7630-7f49-4d5d-b69d-a8f854decf33@group-C92BDBD9D086-SegmentedRaftLogWorker: flushIndex: setUnconditionally 0 -> -1
2019-10-15 22:57:12,971 [pool-217-thread-1] INFO  server.RaftServerConfigKeys (ConfUtils.java:logGet(43)) - raft.server.retrycache.expirytime = 600000ms (custom)
2019-10-15 22:57:12,972 [pool-227-thread-1] INFO  server.RaftServerConfigKeys (ConfUtils.java:logGet(43)) - raft.server.snapshot.auto.trigger.enabled = true (custom)
2019-10-15 22:57:12,971 [pool-207-thread-1] INFO  server.RaftServerConfigKeys (ConfUtils.java:logGet(43)) - raft.server.log.queue.element-limit = 1024 (custom)
2019-10-15 22:57:12,972 [pool-227-thread-1] INFO  server.RaftServerConfigKeys (ConfUtils.java:logGet(43)) - raft.server.snapshot.auto.trigger.threshold = 10000 (custom)
2019-10-15 22:57:12,972 [pool-207-thread-1] INFO  server.RaftServerConfigKeys (ConfUtils.java:logGet(43)) - raft.server.log.segment.size.max = 1048576 (custom)
2019-10-15 22:57:12,972 [pool-227-thread-1] INFO  server.RaftServerConfigKeys (ConfUtils.java:logGet(43)) - raft.server.snapshot.retention.file.num = 5 (custom)
2019-10-15 22:57:12,972 [pool-207-thread-1] INFO  server.RaftServerConfigKeys (ConfUtils.java:logGet(43)) - raft.server.log.preallocated.size = 16384 (custom)
2019-10-15 22:57:12,973 [pool-227-thread-1] INFO  server.RaftServerConfigKeys (ConfUtils.java:logGet(43)) - raft.server.retrycache.expirytime = 600000ms (custom)
2019-10-15 22:57:12,973 [pool-207-thread-1] INFO  server.RaftServerConfigKeys (ConfUtils.java:logGet(43)) - raft.server.log.write.buffer.size = 33554432 (custom)
2019-10-15 22:57:12,973 [pool-207-thread-1] INFO  server.RaftServerConfigKeys (ConfUtils.java:logGet(43)) - raft.server.log.force.sync.num = 128 (default)
2019-10-15 22:57:12,973 [pool-207-thread-1] INFO  server.RaftServerConfigKeys (ConfUtils.java:logGet(43)) - raft.server.log.statemachine.data.sync = true (default)
2019-10-15 22:57:12,973 [pool-207-thread-1] INFO  server.RaftServerConfigKeys (ConfUtils.java:logGet(43)) - raft.server.log.statemachine.data.sync.timeout = 10s (default)
2019-10-15 22:57:12,973 [pool-207-thread-1] INFO  server.RaftServerConfigKeys (ConfUtils.java:logGet(43)) - raft.server.log.statemachine.data.sync.timeout.retry = -1 (default)
2019-10-15 22:57:12,973 [pool-207-thread-1] INFO  server.RaftServerConfigKeys (ConfUtils.java:logGet(43)) - raft.server.log.statemachine.data.caching.enabled = true (custom)
2019-10-15 22:57:12,974 [pool-207-thread-1] INFO  segmented.SegmentedRaftLogWorker (SegmentedRaftLogWorker.java:lambda$new$0(128)) - 44ad8ee9-a38d-4e5d-9002-6fd30af5f6a1@group-C92BDBD9D086-SegmentedRaftLogWorker: flushIndex: setUnconditionally 0 -> -1
2019-10-15 22:57:12,974 [pool-207-thread-1] INFO  server.RaftServerConfigKeys (ConfUtils.java:logGet(43)) - raft.server.snapshot.auto.trigger.enabled = true (custom)
2019-10-15 22:57:12,974 [pool-207-thread-1] INFO  server.RaftServerConfigKeys (ConfUtils.java:logGet(43)) - raft.server.snapshot.auto.trigger.threshold = 10000 (custom)
2019-10-15 22:57:12,974 [pool-207-thread-1] INFO  server.RaftServerConfigKeys (ConfUtils.java:logGet(43)) - raft.server.snapshot.retention.file.num = 5 (custom)
2019-10-15 22:57:12,974 [pool-207-thread-1] INFO  server.RaftServerConfigKeys (ConfUtils.java:logGet(43)) - raft.server.retrycache.expirytime = 600000ms (custom)
2019-10-15 22:57:12,974 [pool-217-thread-1] INFO  impl.RaftServerImpl (RaftServerImpl.java:start(181)) - 6efc5f30-817c-427c-a302-97fd228528b7@group-C92BDBD9D086: start as a follower, conf=-1: [44ad8ee9-a38d-4e5d-9002-6fd30af5f6a1:192.168.69.67:38486, 210f7630-7f49-4d5d-b69d-a8f854decf33:192.168.69.67:38348, 6efc5f30-817c-427c-a302-97fd228528b7:192.168.69.67:33680], old=null
2019-10-15 22:57:12,974 [pool-217-thread-1] INFO  impl.RaftServerImpl (RaftServerImpl.java:setRole(170)) - 6efc5f30-817c-427c-a302-97fd228528b7@group-C92BDBD9D086: changes role from      null to FOLLOWER at term 0 for startAsFollower
2019-10-15 22:57:12,974 [pool-227-thread-1] INFO  impl.RaftServerImpl (RaftServerImpl.java:start(181)) - 210f7630-7f49-4d5d-b69d-a8f854decf33@group-C92BDBD9D086: start as a follower, conf=-1: [44ad8ee9-a38d-4e5d-9002-6fd30af5f6a1:192.168.69.67:38486, 210f7630-7f49-4d5d-b69d-a8f854decf33:192.168.69.67:38348, 6efc5f30-817c-427c-a302-97fd228528b7:192.168.69.67:33680], old=null
2019-10-15 22:57:12,975 [pool-217-thread-1] INFO  impl.RoleInfo (RoleInfo.java:updateAndGet(143)) - 6efc5f30-817c-427c-a302-97fd228528b7: start FollowerState
2019-10-15 22:57:12,975 [pool-227-thread-1] INFO  impl.RaftServerImpl (RaftServerImpl.java:setRole(170)) - 210f7630-7f49-4d5d-b69d-a8f854decf33@group-C92BDBD9D086: changes role from      null to FOLLOWER at term 0 for startAsFollower
2019-10-15 22:57:12,975 [pool-227-thread-1] INFO  impl.RoleInfo (RoleInfo.java:updateAndGet(143)) - 210f7630-7f49-4d5d-b69d-a8f854decf33: start FollowerState
2019-10-15 22:57:12,975 [pool-217-thread-1] INFO  util.JmxRegister (JmxRegister.java:tryRegister(44)) - Successfully registered JMX Bean with object name Ratis:service=RaftServer,group=group-C92BDBD9D086,id=6efc5f30-817c-427c-a302-97fd228528b7
2019-10-15 22:57:12,975 [pool-227-thread-1] INFO  util.JmxRegister (JmxRegister.java:tryRegister(44)) - Successfully registered JMX Bean with object name Ratis:service=RaftServer,group=group-C92BDBD9D086,id=210f7630-7f49-4d5d-b69d-a8f854decf33
2019-10-15 22:57:12,976 [pool-207-thread-1] INFO  impl.RaftServerImpl (RaftServerImpl.java:start(181)) - 44ad8ee9-a38d-4e5d-9002-6fd30af5f6a1@group-C92BDBD9D086: start as a follower, conf=-1: [44ad8ee9-a38d-4e5d-9002-6fd30af5f6a1:192.168.69.67:38486, 210f7630-7f49-4d5d-b69d-a8f854decf33:192.168.69.67:38348, 6efc5f30-817c-427c-a302-97fd228528b7:192.168.69.67:33680], old=null
2019-10-15 22:57:12,976 [pool-207-thread-1] INFO  impl.RaftServerImpl (RaftServerImpl.java:setRole(170)) - 44ad8ee9-a38d-4e5d-9002-6fd30af5f6a1@group-C92BDBD9D086: changes role from      null to FOLLOWER at term 0 for startAsFollower
2019-10-15 22:57:12,976 [pool-207-thread-1] INFO  impl.RoleInfo (RoleInfo.java:updateAndGet(143)) - 44ad8ee9-a38d-4e5d-9002-6fd30af5f6a1: start FollowerState
2019-10-15 22:57:12,977 [pool-207-thread-1] INFO  util.JmxRegister (JmxRegister.java:tryRegister(44)) - Successfully registered JMX Bean with object name Ratis:service=RaftServer,group=group-C92BDBD9D086,id=44ad8ee9-a38d-4e5d-9002-6fd30af5f6a1
2019-10-15 22:57:12,985 [RatisPipelineUtilsThread] INFO  pipeline.PipelineStateManager (PipelineStateManager.java:addPipeline(56)) - Created pipeline Pipeline[ Id: 68625640-5385-46d6-a12e-c92bdbd9d086, Nodes: 44ad8ee9-a38d-4e5d-9002-6fd30af5f6a1{ip: 192.168.69.67, host: pr-hdds-2071-8rz7p-357833546, networkLocation: /default-rack, certSerialId: null}6efc5f30-817c-427c-a302-97fd228528b7{ip: 192.168.69.67, host: pr-hdds-2071-8rz7p-357833546, networkLocation: /default-rack, certSerialId: null}210f7630-7f49-4d5d-b69d-a8f854decf33{ip: 192.168.69.67, host: pr-hdds-2071-8rz7p-357833546, networkLocation: /default-rack, certSerialId: null}, Type:RATIS, Factor:THREE, State:OPEN]
2019-10-15 22:57:13,037 [IPC Server handler 4 on 35236] INFO  net.NetworkTopology (NetworkTopologyImpl.java:add(111)) - Added a new node: /default-rack/b24ec9ef-ba90-4b04-997d-b5928570083d
2019-10-15 22:57:13,037 [IPC Server handler 4 on 35236] INFO  node.SCMNodeManager (SCMNodeManager.java:register(267)) - Registered Data node : b24ec9ef-ba90-4b04-997d-b5928570083d{ip: 192.168.69.67, host: pr-hdds-2071-8rz7p-357833546, networkLocation: /default-rack, certSerialId: null}
2019-10-15 22:57:13,043 [grpc-default-executor-5] INFO  impl.RaftServerProxy (RaftServerProxy.java:addNew(89)) - ba199312-ac99-478b-bb65-fa99952de8cb: addNew group-5981BCBEF1CA:[ba199312-ac99-478b-bb65-fa99952de8cb:192.168.69.67:46056] returns group-5981BCBEF1CA:java.util.concurrent.CompletableFuture@2aa499f9[Not completed]
2019-10-15 22:57:13,044 [pool-237-thread-1] INFO  impl.RaftServerImpl (RaftServerImpl.java:<init>(95)) - ba199312-ac99-478b-bb65-fa99952de8cb: new RaftServerImpl for group-5981BCBEF1CA:[ba199312-ac99-478b-bb65-fa99952de8cb:192.168.69.67:46056] with ContainerStateMachine:uninitialized
2019-10-15 22:57:13,044 [pool-237-thread-1] INFO  server.RaftServerConfigKeys (ConfUtils.java:logGet(43)) - raft.server.rpc.timeout.min = 5s (custom)
2019-10-15 22:57:13,045 [pool-237-thread-1] INFO  server.RaftServerConfigKeys (ConfUtils.java:logGet(43)) - raft.server.rpc.timeout.max = 5200ms (custom)
2019-10-15 22:57:13,045 [pool-237-thread-1] INFO  server.RaftServerConfigKeys (ConfUtils.java:logGet(43)) - raft.server.rpcslowness.timeout = 120s (custom)
2019-10-15 22:57:13,045 [pool-237-thread-1] INFO  server.RaftServerConfigKeys (ConfUtils.java:logGet(43)) - raft.server.sleep.deviation.threshold = 300 (default)
2019-10-15 22:57:13,045 [pool-237-thread-1] INFO  server.RaftServerConfigKeys (ConfUtils.java:logGet(43)) - raft.server.log.appender.install.snapshot.enabled = false (custom)
2019-10-15 22:57:13,045 [pool-237-thread-1] INFO  impl.RaftServerImpl (ServerState.java:<init>(103)) - ba199312-ac99-478b-bb65-fa99952de8cb@group-5981BCBEF1CA: ConfigurationManager, init=-1: [ba199312-ac99-478b-bb65-fa99952de8cb:192.168.69.67:46056], old=null, confs=<EMPTY_MAP>
2019-10-15 22:57:13,045 [pool-237-thread-1] INFO  server.RaftServerConfigKeys (ConfUtils.java:logGet(43)) - raft.server.storage.dir = [/workdir/hadoop-ozone/integration-test/target/test-dir/MiniOzoneClusterImpl-9abf6572-ed34-46c8-9feb-aff0a1c47f1b/datanode-3/data/ratis] (custom)
2019-10-15 22:57:13,045 [pool-237-thread-1] INFO  server.RaftServerConfigKeys (ConfUtils.java:logGet(43)) - raft.server.log.corruption.policy = EXCEPTION (default)
2019-10-15 22:57:13,046 [pool-237-thread-1] INFO  storage.RaftStorageDirectory (RaftStorageDirectory.java:analyzeStorage(246)) - The storage directory /workdir/hadoop-ozone/integration-test/target/test-dir/MiniOzoneClusterImpl-9abf6572-ed34-46c8-9feb-aff0a1c47f1b/datanode-3/data/ratis/2f17f256-1424-49db-8ac9-5981bcbef1ca does not exist. Creating ...
2019-10-15 22:57:13,050 [pool-237-thread-1] INFO  storage.RaftStorageDirectory (RaftStorageDirectory.java:tryLock(328)) - Lock on /workdir/hadoop-ozone/integration-test/target/test-dir/MiniOzoneClusterImpl-9abf6572-ed34-46c8-9feb-aff0a1c47f1b/datanode-3/data/ratis/2f17f256-1424-49db-8ac9-5981bcbef1ca/in_use.lock acquired by nodename 28209@pr-hdds-2071-8rz7p-357833546
2019-10-15 22:57:13,053 [pool-237-thread-1] INFO  storage.RaftStorage (RaftStorage.java:format(84)) - Storage directory /workdir/hadoop-ozone/integration-test/target/test-dir/MiniOzoneClusterImpl-9abf6572-ed34-46c8-9feb-aff0a1c47f1b/datanode-3/data/ratis/2f17f256-1424-49db-8ac9-5981bcbef1ca has been successfully formatted.
2019-10-15 22:57:13,053 [pool-237-thread-1] INFO  ratis.ContainerStateMachine (ContainerStateMachine.java:loadSnapshot(231)) - group-5981BCBEF1CA: The snapshot info is null. Setting the last applied indexto:(t:0, i:~)
2019-10-15 22:57:13,053 [pool-237-thread-1] INFO  server.RaftServerConfigKeys (ConfUtils.java:logGet(43)) - raft.server.notification.no-leader.timeout = 120s (custom)
2019-10-15 22:57:13,053 [pool-237-thread-1] INFO  server.RaftServerConfigKeys (ConfUtils.java:logGet(43)) - raft.server.log.use.memory = false (default)
2019-10-15 22:57:13,053 [pool-237-thread-1] INFO  server.RaftServerConfigKeys (ConfUtils.java:logGet(43)) - raft.server.log.purge.gap = 1000000 (custom)
2019-10-15 22:57:13,054 [pool-237-thread-1] INFO  server.RaftServerConfigKeys (ConfUtils.java:logGet(43)) - raft.server.log.appender.buffer.byte-limit = 33554432 (custom)
2019-10-15 22:57:13,054 [pool-237-thread-1] INFO  server.RaftServerConfigKeys (ConfUtils.java:logGet(43)) - raft.server.log.segment.size.max = 1048576 (custom)
2019-10-15 22:57:13,055 [pool-237-thread-1] INFO  server.RaftServerConfigKeys (ConfUtils.java:logGet(43)) - raft.server.log.segment.cache.num.max = 2 (custom)
2019-10-15 22:57:13,055 [pool-237-thread-1] INFO  segmented.SegmentedRaftLogWorker (SegmentedRaftLogWorker.java:<init>(173)) - new ba199312-ac99-478b-bb65-fa99952de8cb@group-5981BCBEF1CA-SegmentedRaftLogWorker for RaftStorage:Storage Directory /workdir/hadoop-ozone/integration-test/target/test-dir/MiniOzoneClusterImpl-9abf6572-ed34-46c8-9feb-aff0a1c47f1b/datanode-3/data/ratis/2f17f256-1424-49db-8ac9-5981bcbef1ca
2019-10-15 22:57:13,055 [pool-237-thread-1] INFO  server.RaftServerConfigKeys (ConfUtils.java:logGet(43)) - raft.server.log.queue.byte-limit = 2147483647 (custom)
2019-10-15 22:57:13,055 [pool-237-thread-1] INFO  server.RaftServerConfigKeys (ConfUtils.java:logGet(43)) - raft.server.log.queue.element-limit = 1024 (custom)
2019-10-15 22:57:13,055 [pool-237-thread-1] INFO  server.RaftServerConfigKeys (ConfUtils.java:logGet(43)) - raft.server.log.segment.size.max = 1048576 (custom)
2019-10-15 22:57:13,056 [pool-237-thread-1] INFO  server.RaftServerConfigKeys (ConfUtils.java:logGet(43)) - raft.server.log.preallocated.size = 16384 (custom)
2019-10-15 22:57:13,056 [pool-237-thread-1] INFO  server.RaftServerConfigKeys (ConfUtils.java:logGet(43)) - raft.server.log.write.buffer.size = 33554432 (custom)
2019-10-15 22:57:13,056 [pool-237-thread-1] INFO  server.RaftServerConfigKeys (ConfUtils.java:logGet(43)) - raft.server.log.force.sync.num = 128 (default)
2019-10-15 22:57:13,056 [pool-237-thread-1] INFO  server.RaftServerConfigKeys (ConfUtils.java:logGet(43)) - raft.server.log.statemachine.data.sync = true (default)
2019-10-15 22:57:13,056 [pool-237-thread-1] INFO  server.RaftServerConfigKeys (ConfUtils.java:logGet(43)) - raft.server.log.statemachine.data.sync.timeout = 10s (default)
2019-10-15 22:57:13,056 [pool-237-thread-1] INFO  server.RaftServerConfigKeys (ConfUtils.java:logGet(43)) - raft.server.log.statemachine.data.sync.timeout.retry = -1 (default)
2019-10-15 22:57:13,056 [pool-237-thread-1] INFO  server.RaftServerConfigKeys (ConfUtils.java:logGet(43)) - raft.server.log.statemachine.data.caching.enabled = true (custom)
2019-10-15 22:57:13,057 [pool-237-thread-1] INFO  segmented.SegmentedRaftLogWorker (SegmentedRaftLogWorker.java:lambda$new$0(128)) - ba199312-ac99-478b-bb65-fa99952de8cb@group-5981BCBEF1CA-SegmentedRaftLogWorker: flushIndex: setUnconditionally 0 -> -1
2019-10-15 22:57:13,057 [pool-237-thread-1] INFO  server.RaftServerConfigKeys (ConfUtils.java:logGet(43)) - raft.server.snapshot.auto.trigger.enabled = true (custom)
2019-10-15 22:57:13,057 [pool-237-thread-1] INFO  server.RaftServerConfigKeys (ConfUtils.java:logGet(43)) - raft.server.snapshot.auto.trigger.threshold = 10000 (custom)
2019-10-15 22:57:13,057 [pool-237-thread-1] INFO  server.RaftServerConfigKeys (ConfUtils.java:logGet(43)) - raft.server.snapshot.retention.file.num = 5 (custom)
2019-10-15 22:57:13,057 [pool-237-thread-1] INFO  server.RaftServerConfigKeys (ConfUtils.java:logGet(43)) - raft.server.retrycache.expirytime = 600000ms (custom)
2019-10-15 22:57:13,059 [pool-237-thread-1] INFO  impl.RaftServerImpl (RaftServerImpl.java:start(181)) - ba199312-ac99-478b-bb65-fa99952de8cb@group-5981BCBEF1CA: start as a follower, conf=-1: [ba199312-ac99-478b-bb65-fa99952de8cb:192.168.69.67:46056], old=null
2019-10-15 22:57:13,059 [pool-237-thread-1] INFO  impl.RaftServerImpl (RaftServerImpl.java:setRole(170)) - ba199312-ac99-478b-bb65-fa99952de8cb@group-5981BCBEF1CA: changes role from      null to FOLLOWER at term 0 for startAsFollower
2019-10-15 22:57:13,059 [pool-237-thread-1] INFO  impl.RoleInfo (RoleInfo.java:updateAndGet(143)) - ba199312-ac99-478b-bb65-fa99952de8cb: start FollowerState
2019-10-15 22:57:13,059 [pool-237-thread-1] INFO  util.JmxRegister (JmxRegister.java:tryRegister(44)) - Successfully registered JMX Bean with object name Ratis:service=RaftServer,group=group-5981BCBEF1CA,id=ba199312-ac99-478b-bb65-fa99952de8cb
2019-10-15 22:57:13,063 [RatisPipelineUtilsThread] INFO  pipeline.PipelineStateManager (PipelineStateManager.java:addPipeline(56)) - Created pipeline Pipeline[ Id: 2f17f256-1424-49db-8ac9-5981bcbef1ca, Nodes: ba199312-ac99-478b-bb65-fa99952de8cb{ip: 192.168.69.67, host: pr-hdds-2071-8rz7p-357833546, networkLocation: /default-rack, certSerialId: null}, Type:RATIS, Factor:ONE, State:OPEN]
2019-10-15 22:57:13,069 [grpc-default-executor-5] INFO  impl.RaftServerProxy (RaftServerProxy.java:addNew(89)) - b24ec9ef-ba90-4b04-997d-b5928570083d: addNew group-7940412649FF:[b24ec9ef-ba90-4b04-997d-b5928570083d:192.168.69.67:37054] returns group-7940412649FF:java.util.concurrent.CompletableFuture@7f48a6bc[Not completed]
2019-10-15 22:57:13,070 [pool-247-thread-1] INFO  impl.RaftServerImpl (RaftServerImpl.java:<init>(95)) - b24ec9ef-ba90-4b04-997d-b5928570083d: new RaftServerImpl for group-7940412649FF:[b24ec9ef-ba90-4b04-997d-b5928570083d:192.168.69.67:37054] with ContainerStateMachine:uninitialized
2019-10-15 22:57:13,070 [pool-247-thread-1] INFO  server.RaftServerConfigKeys (ConfUtils.java:logGet(43)) - raft.server.rpc.timeout.min = 5s (custom)
2019-10-15 22:57:13,070 [pool-247-thread-1] INFO  server.RaftServerConfigKeys (ConfUtils.java:logGet(43)) - raft.server.rpc.timeout.max = 5200ms (custom)
2019-10-15 22:57:13,070 [pool-247-thread-1] INFO  server.RaftServerConfigKeys (ConfUtils.java:logGet(43)) - raft.server.rpcslowness.timeout = 120s (custom)
2019-10-15 22:57:13,070 [pool-247-thread-1] INFO  server.RaftServerConfigKeys (ConfUtils.java:logGet(43)) - raft.server.sleep.deviation.threshold = 300 (default)
2019-10-15 22:57:13,070 [pool-247-thread-1] INFO  server.RaftServerConfigKeys (ConfUtils.java:logGet(43)) - raft.server.log.appender.install.snapshot.enabled = false (custom)
2019-10-15 22:57:13,070 [pool-247-thread-1] INFO  impl.RaftServerImpl (ServerState.java:<init>(103)) - b24ec9ef-ba90-4b04-997d-b5928570083d@group-7940412649FF: ConfigurationManager, init=-1: [b24ec9ef-ba90-4b04-997d-b5928570083d:192.168.69.67:37054], old=null, confs=<EMPTY_MAP>
2019-10-15 22:57:13,071 [pool-247-thread-1] INFO  server.RaftServerConfigKeys (ConfUtils.java:logGet(43)) - raft.server.storage.dir = [/workdir/hadoop-ozone/integration-test/target/test-dir/MiniOzoneClusterImpl-9abf6572-ed34-46c8-9feb-aff0a1c47f1b/datanode-4/data/ratis] (custom)
2019-10-15 22:57:13,071 [pool-247-thread-1] INFO  server.RaftServerConfigKeys (ConfUtils.java:logGet(43)) - raft.server.log.corruption.policy = EXCEPTION (default)
2019-10-15 22:57:13,071 [pool-247-thread-1] INFO  storage.RaftStorageDirectory (RaftStorageDirectory.java:analyzeStorage(246)) - The storage directory /workdir/hadoop-ozone/integration-test/target/test-dir/MiniOzoneClusterImpl-9abf6572-ed34-46c8-9feb-aff0a1c47f1b/datanode-4/data/ratis/d103d948-0b7d-42cb-9137-7940412649ff does not exist. Creating ...
2019-10-15 22:57:13,084 [pool-247-thread-1] INFO  storage.RaftStorageDirectory (RaftStorageDirectory.java:tryLock(328)) - Lock on /workdir/hadoop-ozone/integration-test/target/test-dir/MiniOzoneClusterImpl-9abf6572-ed34-46c8-9feb-aff0a1c47f1b/datanode-4/data/ratis/d103d948-0b7d-42cb-9137-7940412649ff/in_use.lock acquired by nodename 28209@pr-hdds-2071-8rz7p-357833546
2019-10-15 22:57:13,098 [pool-247-thread-1] INFO  storage.RaftStorage (RaftStorage.java:format(84)) - Storage directory /workdir/hadoop-ozone/integration-test/target/test-dir/MiniOzoneClusterImpl-9abf6572-ed34-46c8-9feb-aff0a1c47f1b/datanode-4/data/ratis/d103d948-0b7d-42cb-9137-7940412649ff has been successfully formatted.
2019-10-15 22:57:13,099 [pool-247-thread-1] INFO  ratis.ContainerStateMachine (ContainerStateMachine.java:loadSnapshot(231)) - group-7940412649FF: The snapshot info is null. Setting the last applied indexto:(t:0, i:~)
2019-10-15 22:57:13,099 [pool-247-thread-1] INFO  server.RaftServerConfigKeys (ConfUtils.java:logGet(43)) - raft.server.notification.no-leader.timeout = 120s (custom)
2019-10-15 22:57:13,099 [pool-247-thread-1] INFO  server.RaftServerConfigKeys (ConfUtils.java:logGet(43)) - raft.server.log.use.memory = false (default)
2019-10-15 22:57:13,099 [pool-247-thread-1] INFO  server.RaftServerConfigKeys (ConfUtils.java:logGet(43)) - raft.server.log.purge.gap = 1000000 (custom)
2019-10-15 22:57:13,099 [pool-247-thread-1] INFO  server.RaftServerConfigKeys (ConfUtils.java:logGet(43)) - raft.server.log.appender.buffer.byte-limit = 33554432 (custom)
2019-10-15 22:57:13,100 [pool-247-thread-1] INFO  server.RaftServerConfigKeys (ConfUtils.java:logGet(43)) - raft.server.log.segment.size.max = 1048576 (custom)
2019-10-15 22:57:13,101 [pool-247-thread-1] INFO  server.RaftServerConfigKeys (ConfUtils.java:logGet(43)) - raft.server.log.segment.cache.num.max = 2 (custom)
2019-10-15 22:57:13,102 [pool-247-thread-1] INFO  segmented.SegmentedRaftLogWorker (SegmentedRaftLogWorker.java:<init>(173)) - new b24ec9ef-ba90-4b04-997d-b5928570083d@group-7940412649FF-SegmentedRaftLogWorker for RaftStorage:Storage Directory /workdir/hadoop-ozone/integration-test/target/test-dir/MiniOzoneClusterImpl-9abf6572-ed34-46c8-9feb-aff0a1c47f1b/datanode-4/data/ratis/d103d948-0b7d-42cb-9137-7940412649ff
2019-10-15 22:57:13,102 [pool-247-thread-1] INFO  server.RaftServerConfigKeys (ConfUtils.java:logGet(43)) - raft.server.log.queue.byte-limit = 2147483647 (custom)
2019-10-15 22:57:13,102 [pool-247-thread-1] INFO  server.RaftServerConfigKeys (ConfUtils.java:logGet(43)) - raft.server.log.queue.element-limit = 1024 (custom)
2019-10-15 22:57:13,102 [pool-247-thread-1] INFO  server.RaftServerConfigKeys (ConfUtils.java:logGet(43)) - raft.server.log.segment.size.max = 1048576 (custom)
2019-10-15 22:57:13,102 [pool-247-thread-1] INFO  server.RaftServerConfigKeys (ConfUtils.java:logGet(43)) - raft.server.log.preallocated.size = 16384 (custom)
2019-10-15 22:57:13,102 [pool-247-thread-1] INFO  server.RaftServerConfigKeys (ConfUtils.java:logGet(43)) - raft.server.log.write.buffer.size = 33554432 (custom)
2019-10-15 22:57:13,102 [pool-247-thread-1] INFO  server.RaftServerConfigKeys (ConfUtils.java:logGet(43)) - raft.server.log.force.sync.num = 128 (default)
2019-10-15 22:57:13,103 [pool-247-thread-1] INFO  server.RaftServerConfigKeys (ConfUtils.java:logGet(43)) - raft.server.log.statemachine.data.sync = true (default)
2019-10-15 22:57:13,103 [pool-247-thread-1] INFO  server.RaftServerConfigKeys (ConfUtils.java:logGet(43)) - raft.server.log.statemachine.data.sync.timeout = 10s (default)
2019-10-15 22:57:13,103 [pool-247-thread-1] INFO  server.RaftServerConfigKeys (ConfUtils.java:logGet(43)) - raft.server.log.statemachine.data.sync.timeout.retry = -1 (default)
2019-10-15 22:57:13,103 [pool-247-thread-1] INFO  server.RaftServerConfigKeys (ConfUtils.java:logGet(43)) - raft.server.log.statemachine.data.caching.enabled = true (custom)
2019-10-15 22:57:13,104 [pool-247-thread-1] INFO  segmented.SegmentedRaftLogWorker (SegmentedRaftLogWorker.java:lambda$new$0(128)) - b24ec9ef-ba90-4b04-997d-b5928570083d@group-7940412649FF-SegmentedRaftLogWorker: flushIndex: setUnconditionally 0 -> -1
2019-10-15 22:57:13,104 [pool-247-thread-1] INFO  server.RaftServerConfigKeys (ConfUtils.java:logGet(43)) - raft.server.snapshot.auto.trigger.enabled = true (custom)
2019-10-15 22:57:13,104 [pool-247-thread-1] INFO  server.RaftServerConfigKeys (ConfUtils.java:logGet(43)) - raft.server.snapshot.auto.trigger.threshold = 10000 (custom)
2019-10-15 22:57:13,104 [pool-247-thread-1] INFO  server.RaftServerConfigKeys (ConfUtils.java:logGet(43)) - raft.server.snapshot.retention.file.num = 5 (custom)
2019-10-15 22:57:13,104 [pool-247-thread-1] INFO  server.RaftServerConfigKeys (ConfUtils.java:logGet(43)) - raft.server.retrycache.expirytime = 600000ms (custom)
2019-10-15 22:57:13,107 [pool-247-thread-1] INFO  impl.RaftServerImpl (RaftServerImpl.java:start(181)) - b24ec9ef-ba90-4b04-997d-b5928570083d@group-7940412649FF: start as a follower, conf=-1: [b24ec9ef-ba90-4b04-997d-b5928570083d:192.168.69.67:37054], old=null
2019-10-15 22:57:13,107 [pool-247-thread-1] INFO  impl.RaftServerImpl (RaftServerImpl.java:setRole(170)) - b24ec9ef-ba90-4b04-997d-b5928570083d@group-7940412649FF: changes role from      null to FOLLOWER at term 0 for startAsFollower
2019-10-15 22:57:13,107 [pool-247-thread-1] INFO  impl.RoleInfo (RoleInfo.java:updateAndGet(143)) - b24ec9ef-ba90-4b04-997d-b5928570083d: start FollowerState
2019-10-15 22:57:13,107 [pool-247-thread-1] INFO  util.JmxRegister (JmxRegister.java:tryRegister(44)) - Successfully registered JMX Bean with object name Ratis:service=RaftServer,group=group-7940412649FF,id=b24ec9ef-ba90-4b04-997d-b5928570083d
2019-10-15 22:57:13,111 [RatisPipelineUtilsThread] INFO  pipeline.PipelineStateManager (PipelineStateManager.java:addPipeline(56)) - Created pipeline Pipeline[ Id: d103d948-0b7d-42cb-9137-7940412649ff, Nodes: b24ec9ef-ba90-4b04-997d-b5928570083d{ip: 192.168.69.67, host: pr-hdds-2071-8rz7p-357833546, networkLocation: /default-rack, certSerialId: null}, Type:RATIS, Factor:ONE, State:OPEN]
2019-10-15 22:57:13,111 [IPC Server handler 5 on 35236] INFO  net.NetworkTopology (NetworkTopologyImpl.java:add(111)) - Added a new node: /default-rack/3c184c76-34b4-4297-94ca-bd7d08d2c0aa
2019-10-15 22:57:13,114 [IPC Server handler 5 on 35236] INFO  node.SCMNodeManager (SCMNodeManager.java:register(267)) - Registered Data node : 3c184c76-34b4-4297-94ca-bd7d08d2c0aa{ip: 192.168.69.67, host: pr-hdds-2071-8rz7p-357833546, networkLocation: /default-rack, certSerialId: null}
2019-10-15 22:57:13,141 [grpc-default-executor-5] INFO  impl.RaftServerProxy (RaftServerProxy.java:addNew(89)) - 3c184c76-34b4-4297-94ca-bd7d08d2c0aa: addNew group-3F238D5A361B:[ba199312-ac99-478b-bb65-fa99952de8cb:192.168.69.67:46056, b24ec9ef-ba90-4b04-997d-b5928570083d:192.168.69.67:37054, 3c184c76-34b4-4297-94ca-bd7d08d2c0aa:192.168.69.67:39056] returns group-3F238D5A361B:java.util.concurrent.CompletableFuture@5d3ae8e0[Not completed]
2019-10-15 22:57:13,142 [grpc-default-executor-6] INFO  impl.RaftServerProxy (RaftServerProxy.java:addNew(89)) - b24ec9ef-ba90-4b04-997d-b5928570083d: addNew group-3F238D5A361B:[ba199312-ac99-478b-bb65-fa99952de8cb:192.168.69.67:46056, b24ec9ef-ba90-4b04-997d-b5928570083d:192.168.69.67:37054, 3c184c76-34b4-4297-94ca-bd7d08d2c0aa:192.168.69.67:39056] returns group-3F238D5A361B:java.util.concurrent.CompletableFuture@2e5553be[Not completed]
2019-10-15 22:57:13,142 [grpc-default-executor-6] INFO  impl.RaftServerProxy (RaftServerProxy.java:addNew(89)) - ba199312-ac99-478b-bb65-fa99952de8cb: addNew group-3F238D5A361B:[ba199312-ac99-478b-bb65-fa99952de8cb:192.168.69.67:46056, b24ec9ef-ba90-4b04-997d-b5928570083d:192.168.69.67:37054, 3c184c76-34b4-4297-94ca-bd7d08d2c0aa:192.168.69.67:39056] returns group-3F238D5A361B:java.util.concurrent.CompletableFuture@581eda9[Not completed]
2019-10-15 22:57:13,143 [pool-257-thread-1] INFO  impl.RaftServerImpl (RaftServerImpl.java:<init>(95)) - 3c184c76-34b4-4297-94ca-bd7d08d2c0aa: new RaftServerImpl for group-3F238D5A361B:[ba199312-ac99-478b-bb65-fa99952de8cb:192.168.69.67:46056, b24ec9ef-ba90-4b04-997d-b5928570083d:192.168.69.67:37054, 3c184c76-34b4-4297-94ca-bd7d08d2c0aa:192.168.69.67:39056] with ContainerStateMachine:uninitialized
2019-10-15 22:57:13,144 [pool-257-thread-1] INFO  server.RaftServerConfigKeys (ConfUtils.java:logGet(43)) - raft.server.rpc.timeout.min = 5s (custom)
2019-10-15 22:57:13,144 [pool-257-thread-1] INFO  server.RaftServerConfigKeys (ConfUtils.java:logGet(43)) - raft.server.rpc.timeout.max = 5200ms (custom)
2019-10-15 22:57:13,144 [pool-257-thread-1] INFO  server.RaftServerConfigKeys (ConfUtils.java:logGet(43)) - raft.server.rpcslowness.timeout = 120s (custom)
2019-10-15 22:57:13,144 [pool-257-thread-1] INFO  server.RaftServerConfigKeys (ConfUtils.java:logGet(43)) - raft.server.sleep.deviation.threshold = 300 (default)
2019-10-15 22:57:13,144 [pool-257-thread-1] INFO  server.RaftServerConfigKeys (ConfUtils.java:logGet(43)) - raft.server.log.appender.install.snapshot.enabled = false (custom)
2019-10-15 22:57:13,144 [pool-247-thread-1] INFO  impl.RaftServerImpl (RaftServerImpl.java:<init>(95)) - b24ec9ef-ba90-4b04-997d-b5928570083d: new RaftServerImpl for group-3F238D5A361B:[ba199312-ac99-478b-bb65-fa99952de8cb:192.168.69.67:46056, b24ec9ef-ba90-4b04-997d-b5928570083d:192.168.69.67:37054, 3c184c76-34b4-4297-94ca-bd7d08d2c0aa:192.168.69.67:39056] with ContainerStateMachine:uninitialized
2019-10-15 22:57:13,144 [pool-257-thread-1] INFO  impl.RaftServerImpl (ServerState.java:<init>(103)) - 3c184c76-34b4-4297-94ca-bd7d08d2c0aa@group-3F238D5A361B: ConfigurationManager, init=-1: [ba199312-ac99-478b-bb65-fa99952de8cb:192.168.69.67:46056, b24ec9ef-ba90-4b04-997d-b5928570083d:192.168.69.67:37054, 3c184c76-34b4-4297-94ca-bd7d08d2c0aa:192.168.69.67:39056], old=null, confs=<EMPTY_MAP>
2019-10-15 22:57:13,144 [pool-247-thread-1] INFO  server.RaftServerConfigKeys (ConfUtils.java:logGet(43)) - raft.server.rpc.timeout.min = 5s (custom)
2019-10-15 22:57:13,144 [pool-257-thread-1] INFO  server.RaftServerConfigKeys (ConfUtils.java:logGet(43)) - raft.server.storage.dir = [/workdir/hadoop-ozone/integration-test/target/test-dir/MiniOzoneClusterImpl-9abf6572-ed34-46c8-9feb-aff0a1c47f1b/datanode-5/data/ratis] (custom)
2019-10-15 22:57:13,144 [pool-247-thread-1] INFO  server.RaftServerConfigKeys (ConfUtils.java:logGet(43)) - raft.server.rpc.timeout.max = 5200ms (custom)
2019-10-15 22:57:13,145 [pool-247-thread-1] INFO  server.RaftServerConfigKeys (ConfUtils.java:logGet(43)) - raft.server.rpcslowness.timeout = 120s (custom)
2019-10-15 22:57:13,145 [pool-257-thread-1] INFO  server.RaftServerConfigKeys (ConfUtils.java:logGet(43)) - raft.server.log.corruption.policy = EXCEPTION (default)
2019-10-15 22:57:13,145 [pool-247-thread-1] INFO  server.RaftServerConfigKeys (ConfUtils.java:logGet(43)) - raft.server.sleep.deviation.threshold = 300 (default)
2019-10-15 22:57:13,145 [pool-237-thread-1] INFO  impl.RaftServerImpl (RaftServerImpl.java:<init>(95)) - ba199312-ac99-478b-bb65-fa99952de8cb: new RaftServerImpl for group-3F238D5A361B:[ba199312-ac99-478b-bb65-fa99952de8cb:192.168.69.67:46056, b24ec9ef-ba90-4b04-997d-b5928570083d:192.168.69.67:37054, 3c184c76-34b4-4297-94ca-bd7d08d2c0aa:192.168.69.67:39056] with ContainerStateMachine:uninitialized
2019-10-15 22:57:13,145 [pool-257-thread-1] INFO  storage.RaftStorageDirectory (RaftStorageDirectory.java:analyzeStorage(246)) - The storage directory /workdir/hadoop-ozone/integration-test/target/test-dir/MiniOzoneClusterImpl-9abf6572-ed34-46c8-9feb-aff0a1c47f1b/datanode-5/data/ratis/677ad629-d328-497c-a280-3f238d5a361b does not exist. Creating ...
2019-10-15 22:57:13,145 [pool-237-thread-1] INFO  server.RaftServerConfigKeys (ConfUtils.java:logGet(43)) - raft.server.rpc.timeout.min = 5s (custom)
2019-10-15 22:57:13,145 [pool-247-thread-1] INFO  server.RaftServerConfigKeys (ConfUtils.java:logGet(43)) - raft.server.log.appender.install.snapshot.enabled = false (custom)
2019-10-15 22:57:13,145 [pool-237-thread-1] INFO  server.RaftServerConfigKeys (ConfUtils.java:logGet(43)) - raft.server.rpc.timeout.max = 5200ms (custom)
2019-10-15 22:57:13,146 [pool-247-thread-1] INFO  impl.RaftServerImpl (ServerState.java:<init>(103)) - b24ec9ef-ba90-4b04-997d-b5928570083d@group-3F238D5A361B: ConfigurationManager, init=-1: [ba199312-ac99-478b-bb65-fa99952de8cb:192.168.69.67:46056, b24ec9ef-ba90-4b04-997d-b5928570083d:192.168.69.67:37054, 3c184c76-34b4-4297-94ca-bd7d08d2c0aa:192.168.69.67:39056], old=null, confs=<EMPTY_MAP>
2019-10-15 22:57:13,146 [pool-237-thread-1] INFO  server.RaftServerConfigKeys (ConfUtils.java:logGet(43)) - raft.server.rpcslowness.timeout = 120s (custom)
2019-10-15 22:57:13,146 [pool-247-thread-1] INFO  server.RaftServerConfigKeys (ConfUtils.java:logGet(43)) - raft.server.storage.dir = [/workdir/hadoop-ozone/integration-test/target/test-dir/MiniOzoneClusterImpl-9abf6572-ed34-46c8-9feb-aff0a1c47f1b/datanode-4/data/ratis] (custom)
2019-10-15 22:57:13,146 [pool-237-thread-1] INFO  server.RaftServerConfigKeys (ConfUtils.java:logGet(43)) - raft.server.sleep.deviation.threshold = 300 (default)
2019-10-15 22:57:13,146 [pool-237-thread-1] INFO  server.RaftServerConfigKeys (ConfUtils.java:logGet(43)) - raft.server.log.appender.install.snapshot.enabled = false (custom)
2019-10-15 22:57:13,146 [pool-247-thread-1] INFO  server.RaftServerConfigKeys (ConfUtils.java:logGet(43)) - raft.server.log.corruption.policy = EXCEPTION (default)
2019-10-15 22:57:13,146 [pool-237-thread-1] INFO  impl.RaftServerImpl (ServerState.java:<init>(103)) - ba199312-ac99-478b-bb65-fa99952de8cb@group-3F238D5A361B: ConfigurationManager, init=-1: [ba199312-ac99-478b-bb65-fa99952de8cb:192.168.69.67:46056, b24ec9ef-ba90-4b04-997d-b5928570083d:192.168.69.67:37054, 3c184c76-34b4-4297-94ca-bd7d08d2c0aa:192.168.69.67:39056], old=null, confs=<EMPTY_MAP>
2019-10-15 22:57:13,147 [pool-237-thread-1] INFO  server.RaftServerConfigKeys (ConfUtils.java:logGet(43)) - raft.server.storage.dir = [/workdir/hadoop-ozone/integration-test/target/test-dir/MiniOzoneClusterImpl-9abf6572-ed34-46c8-9feb-aff0a1c47f1b/datanode-3/data/ratis] (custom)
2019-10-15 22:57:13,147 [pool-247-thread-1] INFO  storage.RaftStorageDirectory (RaftStorageDirectory.java:analyzeStorage(246)) - The storage directory /workdir/hadoop-ozone/integration-test/target/test-dir/MiniOzoneClusterImpl-9abf6572-ed34-46c8-9feb-aff0a1c47f1b/datanode-4/data/ratis/677ad629-d328-497c-a280-3f238d5a361b does not exist. Creating ...
2019-10-15 22:57:13,147 [pool-237-thread-1] INFO  server.RaftServerConfigKeys (ConfUtils.java:logGet(43)) - raft.server.log.corruption.policy = EXCEPTION (default)
2019-10-15 22:57:13,147 [pool-237-thread-1] INFO  storage.RaftStorageDirectory (RaftStorageDirectory.java:analyzeStorage(246)) - The storage directory /workdir/hadoop-ozone/integration-test/target/test-dir/MiniOzoneClusterImpl-9abf6572-ed34-46c8-9feb-aff0a1c47f1b/datanode-3/data/ratis/677ad629-d328-497c-a280-3f238d5a361b does not exist. Creating ...
2019-10-15 22:57:13,171 [pool-237-thread-1] INFO  storage.RaftStorageDirectory (RaftStorageDirectory.java:tryLock(328)) - Lock on /workdir/hadoop-ozone/integration-test/target/test-dir/MiniOzoneClusterImpl-9abf6572-ed34-46c8-9feb-aff0a1c47f1b/datanode-3/data/ratis/677ad629-d328-497c-a280-3f238d5a361b/in_use.lock acquired by nodename 28209@pr-hdds-2071-8rz7p-357833546
2019-10-15 22:57:13,171 [pool-257-thread-1] INFO  storage.RaftStorageDirectory (RaftStorageDirectory.java:tryLock(328)) - Lock on /workdir/hadoop-ozone/integration-test/target/test-dir/MiniOzoneClusterImpl-9abf6572-ed34-46c8-9feb-aff0a1c47f1b/datanode-5/data/ratis/677ad629-d328-497c-a280-3f238d5a361b/in_use.lock acquired by nodename 28209@pr-hdds-2071-8rz7p-357833546
2019-10-15 22:57:13,171 [pool-247-thread-1] INFO  storage.RaftStorageDirectory (RaftStorageDirectory.java:tryLock(328)) - Lock on /workdir/hadoop-ozone/integration-test/target/test-dir/MiniOzoneClusterImpl-9abf6572-ed34-46c8-9feb-aff0a1c47f1b/datanode-4/data/ratis/677ad629-d328-497c-a280-3f238d5a361b/in_use.lock acquired by nodename 28209@pr-hdds-2071-8rz7p-357833546
2019-10-15 22:57:13,180 [IPC Server handler 6 on 35236] INFO  net.NetworkTopology (NetworkTopologyImpl.java:add(111)) - Added a new node: /default-rack/6183bc57-394b-4eb8-a8fd-fa41a5d84833
2019-10-15 22:57:13,180 [IPC Server handler 6 on 35236] INFO  node.SCMNodeManager (SCMNodeManager.java:register(267)) - Registered Data node : 6183bc57-394b-4eb8-a8fd-fa41a5d84833{ip: 192.168.69.67, host: pr-hdds-2071-8rz7p-357833546, networkLocation: /default-rack, certSerialId: null}
2019-10-15 22:57:13,181 [main] INFO  ozone.MiniOzoneClusterImpl (MiniOzoneClusterImpl.java:lambda$waitForClusterToBeReady$0(147)) - Cluster is ready. Got 7 of 7 DN Heartbeats.
2019-10-15 22:57:13,195 [pool-247-thread-1] INFO  storage.RaftStorage (RaftStorage.java:format(84)) - Storage directory /workdir/hadoop-ozone/integration-test/target/test-dir/MiniOzoneClusterImpl-9abf6572-ed34-46c8-9feb-aff0a1c47f1b/datanode-4/data/ratis/677ad629-d328-497c-a280-3f238d5a361b has been successfully formatted.
2019-10-15 22:57:13,196 [pool-237-thread-1] INFO  storage.RaftStorage (RaftStorage.java:format(84)) - Storage directory /workdir/hadoop-ozone/integration-test/target/test-dir/MiniOzoneClusterImpl-9abf6572-ed34-46c8-9feb-aff0a1c47f1b/datanode-3/data/ratis/677ad629-d328-497c-a280-3f238d5a361b has been successfully formatted.
2019-10-15 22:57:13,196 [pool-257-thread-1] INFO  storage.RaftStorage (RaftStorage.java:format(84)) - Storage directory /workdir/hadoop-ozone/integration-test/target/test-dir/MiniOzoneClusterImpl-9abf6572-ed34-46c8-9feb-aff0a1c47f1b/datanode-5/data/ratis/677ad629-d328-497c-a280-3f238d5a361b has been successfully formatted.
2019-10-15 22:57:13,198 [pool-237-thread-1] INFO  ratis.ContainerStateMachine (ContainerStateMachine.java:loadSnapshot(231)) - group-3F238D5A361B: The snapshot info is null. Setting the last applied indexto:(t:0, i:~)
2019-10-15 22:57:13,198 [pool-247-thread-1] INFO  ratis.ContainerStateMachine (ContainerStateMachine.java:loadSnapshot(231)) - group-3F238D5A361B: The snapshot info is null. Setting the last applied indexto:(t:0, i:~)
2019-10-15 22:57:13,198 [pool-237-thread-1] INFO  server.RaftServerConfigKeys (ConfUtils.java:logGet(43)) - raft.server.notification.no-leader.timeout = 120s (custom)
2019-10-15 22:57:13,198 [pool-257-thread-1] INFO  ratis.ContainerStateMachine (ContainerStateMachine.java:loadSnapshot(231)) - group-3F238D5A361B: The snapshot info is null. Setting the last applied indexto:(t:0, i:~)
2019-10-15 22:57:13,199 [pool-237-thread-1] INFO  server.RaftServerConfigKeys (ConfUtils.java:logGet(43)) - raft.server.log.use.memory = false (default)
2019-10-15 22:57:13,198 [pool-247-thread-1] INFO  server.RaftServerConfigKeys (ConfUtils.java:logGet(43)) - raft.server.notification.no-leader.timeout = 120s (custom)
2019-10-15 22:57:13,199 [pool-237-thread-1] INFO  server.RaftServerConfigKeys (ConfUtils.java:logGet(43)) - raft.server.log.purge.gap = 1000000 (custom)
2019-10-15 22:57:13,199 [pool-257-thread-1] INFO  server.RaftServerConfigKeys (ConfUtils.java:logGet(43)) - raft.server.notification.no-leader.timeout = 120s (custom)
2019-10-15 22:57:13,199 [pool-237-thread-1] INFO  server.RaftServerConfigKeys (ConfUtils.java:logGet(43)) - raft.server.log.appender.buffer.byte-limit = 33554432 (custom)
2019-10-15 22:57:13,199 [pool-247-thread-1] INFO  server.RaftServerConfigKeys (ConfUtils.java:logGet(43)) - raft.server.log.use.memory = false (default)
2019-10-15 22:57:13,199 [pool-237-thread-1] INFO  server.RaftServerConfigKeys (ConfUtils.java:logGet(43)) - raft.server.log.segment.size.max = 1048576 (custom)
2019-10-15 22:57:13,199 [pool-257-thread-1] INFO  server.RaftServerConfigKeys (ConfUtils.java:logGet(43)) - raft.server.log.use.memory = false (default)
2019-10-15 22:57:13,200 [pool-237-thread-1] INFO  server.RaftServerConfigKeys (ConfUtils.java:logGet(43)) - raft.server.log.segment.cache.num.max = 2 (custom)
2019-10-15 22:57:13,200 [pool-247-thread-1] INFO  server.RaftServerConfigKeys (ConfUtils.java:logGet(43)) - raft.server.log.purge.gap = 1000000 (custom)
2019-10-15 22:57:13,200 [pool-237-thread-1] INFO  segmented.SegmentedRaftLogWorker (SegmentedRaftLogWorker.java:<init>(173)) - new ba199312-ac99-478b-bb65-fa99952de8cb@group-3F238D5A361B-SegmentedRaftLogWorker for RaftStorage:Storage Directory /workdir/hadoop-ozone/integration-test/target/test-dir/MiniOzoneClusterImpl-9abf6572-ed34-46c8-9feb-aff0a1c47f1b/datanode-3/data/ratis/677ad629-d328-497c-a280-3f238d5a361b
2019-10-15 22:57:13,200 [pool-257-thread-1] INFO  server.RaftServerConfigKeys (ConfUtils.java:logGet(43)) - raft.server.log.purge.gap = 1000000 (custom)
2019-10-15 22:57:13,200 [pool-237-thread-1] INFO  server.RaftServerConfigKeys (ConfUtils.java:logGet(43)) - raft.server.log.queue.byte-limit = 2147483647 (custom)
2019-10-15 22:57:13,200 [pool-247-thread-1] INFO  server.RaftServerConfigKeys (ConfUtils.java:logGet(43)) - raft.server.log.appender.buffer.byte-limit = 33554432 (custom)
2019-10-15 22:57:13,200 [pool-237-thread-1] INFO  server.RaftServerConfigKeys (ConfUtils.java:logGet(43)) - raft.server.log.queue.element-limit = 1024 (custom)
2019-10-15 22:57:13,200 [pool-257-thread-1] INFO  server.RaftServerConfigKeys (ConfUtils.java:logGet(43)) - raft.server.log.appender.buffer.byte-limit = 33554432 (custom)
2019-10-15 22:57:13,201 [pool-237-thread-1] INFO  server.RaftServerConfigKeys (ConfUtils.java:logGet(43)) - raft.server.log.segment.size.max = 1048576 (custom)
2019-10-15 22:57:13,200 [pool-247-thread-1] INFO  server.RaftServerConfigKeys (ConfUtils.java:logGet(43)) - raft.server.log.segment.size.max = 1048576 (custom)
2019-10-15 22:57:13,201 [pool-237-thread-1] INFO  server.RaftServerConfigKeys (ConfUtils.java:logGet(43)) - raft.server.log.preallocated.size = 16384 (custom)
2019-10-15 22:57:13,201 [pool-257-thread-1] INFO  server.RaftServerConfigKeys (ConfUtils.java:logGet(43)) - raft.server.log.segment.size.max = 1048576 (custom)
2019-10-15 22:57:13,201 [pool-237-thread-1] INFO  server.RaftServerConfigKeys (ConfUtils.java:logGet(43)) - raft.server.log.write.buffer.size = 33554432 (custom)
2019-10-15 22:57:13,201 [pool-237-thread-1] INFO  server.RaftServerConfigKeys (ConfUtils.java:logGet(43)) - raft.server.log.force.sync.num = 128 (default)
2019-10-15 22:57:13,201 [pool-247-thread-1] INFO  server.RaftServerConfigKeys (ConfUtils.java:logGet(43)) - raft.server.log.segment.cache.num.max = 2 (custom)
2019-10-15 22:57:13,201 [pool-237-thread-1] INFO  server.RaftServerConfigKeys (ConfUtils.java:logGet(43)) - raft.server.log.statemachine.data.sync = true (default)
2019-10-15 22:57:13,202 [pool-247-thread-1] INFO  segmented.SegmentedRaftLogWorker (SegmentedRaftLogWorker.java:<init>(173)) - new b24ec9ef-ba90-4b04-997d-b5928570083d@group-3F238D5A361B-SegmentedRaftLogWorker for RaftStorage:Storage Directory /workdir/hadoop-ozone/integration-test/target/test-dir/MiniOzoneClusterImpl-9abf6572-ed34-46c8-9feb-aff0a1c47f1b/datanode-4/data/ratis/677ad629-d328-497c-a280-3f238d5a361b
2019-10-15 22:57:13,202 [pool-237-thread-1] INFO  server.RaftServerConfigKeys (ConfUtils.java:logGet(43)) - raft.server.log.statemachine.data.sync.timeout = 10s (default)
2019-10-15 22:57:13,202 [pool-247-thread-1] INFO  server.RaftServerConfigKeys (ConfUtils.java:logGet(43)) - raft.server.log.queue.byte-limit = 2147483647 (custom)
2019-10-15 22:57:13,202 [pool-237-thread-1] INFO  server.RaftServerConfigKeys (ConfUtils.java:logGet(43)) - raft.server.log.statemachine.data.sync.timeout.retry = -1 (default)
2019-10-15 22:57:13,202 [pool-247-thread-1] INFO  server.RaftServerConfigKeys (ConfUtils.java:logGet(43)) - raft.server.log.queue.element-limit = 1024 (custom)
2019-10-15 22:57:13,202 [pool-237-thread-1] INFO  server.RaftServerConfigKeys (ConfUtils.java:logGet(43)) - raft.server.log.statemachine.data.caching.enabled = true (custom)
2019-10-15 22:57:13,203 [pool-247-thread-1] INFO  server.RaftServerConfigKeys (ConfUtils.java:logGet(43)) - raft.server.log.segment.size.max = 1048576 (custom)
2019-10-15 22:57:13,203 [pool-257-thread-1] INFO  server.RaftServerConfigKeys (ConfUtils.java:logGet(43)) - raft.server.log.segment.cache.num.max = 2 (custom)
2019-10-15 22:57:13,203 [pool-247-thread-1] INFO  server.RaftServerConfigKeys (ConfUtils.java:logGet(43)) - raft.server.log.preallocated.size = 16384 (custom)
2019-10-15 22:57:13,203 [pool-237-thread-1] INFO  segmented.SegmentedRaftLogWorker (SegmentedRaftLogWorker.java:lambda$new$0(128)) - ba199312-ac99-478b-bb65-fa99952de8cb@group-3F238D5A361B-SegmentedRaftLogWorker: flushIndex: setUnconditionally 0 -> -1
2019-10-15 22:57:13,205 [pool-247-thread-1] INFO  server.RaftServerConfigKeys (ConfUtils.java:logGet(43)) - raft.server.log.write.buffer.size = 33554432 (custom)
2019-10-15 22:57:13,205 [pool-257-thread-1] INFO  segmented.SegmentedRaftLogWorker (SegmentedRaftLogWorker.java:<init>(173)) - new 3c184c76-34b4-4297-94ca-bd7d08d2c0aa@group-3F238D5A361B-SegmentedRaftLogWorker for RaftStorage:Storage Directory /workdir/hadoop-ozone/integration-test/target/test-dir/MiniOzoneClusterImpl-9abf6572-ed34-46c8-9feb-aff0a1c47f1b/datanode-5/data/ratis/677ad629-d328-497c-a280-3f238d5a361b
2019-10-15 22:57:13,205 [pool-237-thread-1] INFO  server.RaftServerConfigKeys (ConfUtils.java:logGet(43)) - raft.server.snapshot.auto.trigger.enabled = true (custom)
2019-10-15 22:57:13,205 [pool-247-thread-1] INFO  server.RaftServerConfigKeys (ConfUtils.java:logGet(43)) - raft.server.log.force.sync.num = 128 (default)
2019-10-15 22:57:13,205 [pool-237-thread-1] INFO  server.RaftServerConfigKeys (ConfUtils.java:logGet(43)) - raft.server.snapshot.auto.trigger.threshold = 10000 (custom)
2019-10-15 22:57:13,205 [pool-257-thread-1] INFO  server.RaftServerConfigKeys (ConfUtils.java:logGet(43)) - raft.server.log.queue.byte-limit = 2147483647 (custom)
2019-10-15 22:57:13,206 [pool-237-thread-1] INFO  server.RaftServerConfigKeys (ConfUtils.java:logGet(43)) - raft.server.snapshot.retention.file.num = 5 (custom)
2019-10-15 22:57:13,205 [pool-247-thread-1] INFO  server.RaftServerConfigKeys (ConfUtils.java:logGet(43)) - raft.server.log.statemachine.data.sync = true (default)
2019-10-15 22:57:13,206 [pool-237-thread-1] INFO  server.RaftServerConfigKeys (ConfUtils.java:logGet(43)) - raft.server.retrycache.expirytime = 600000ms (custom)
2019-10-15 22:57:13,206 [pool-257-thread-1] INFO  server.RaftServerConfigKeys (ConfUtils.java:logGet(43)) - raft.server.log.queue.element-limit = 1024 (custom)
2019-10-15 22:57:13,206 [pool-247-thread-1] INFO  server.RaftServerConfigKeys (ConfUtils.java:logGet(43)) - raft.server.log.statemachine.data.sync.timeout = 10s (default)
2019-10-15 22:57:13,206 [pool-257-thread-1] INFO  server.RaftServerConfigKeys (ConfUtils.java:logGet(43)) - raft.server.log.segment.size.max = 1048576 (custom)
2019-10-15 22:57:13,206 [pool-247-thread-1] INFO  server.RaftServerConfigKeys (ConfUtils.java:logGet(43)) - raft.server.log.statemachine.data.sync.timeout.retry = -1 (default)
2019-10-15 22:57:13,206 [pool-257-thread-1] INFO  server.RaftServerConfigKeys (ConfUtils.java:logGet(43)) - raft.server.log.preallocated.size = 16384 (custom)
2019-10-15 22:57:13,207 [pool-247-thread-1] INFO  server.RaftServerConfigKeys (ConfUtils.java:logGet(43)) - raft.server.log.statemachine.data.caching.enabled = true (custom)
2019-10-15 22:57:13,207 [pool-257-thread-1] INFO  server.RaftServerConfigKeys (ConfUtils.java:logGet(43)) - raft.server.log.write.buffer.size = 33554432 (custom)
2019-10-15 22:57:13,207 [pool-257-thread-1] INFO  server.RaftServerConfigKeys (ConfUtils.java:logGet(43)) - raft.server.log.force.sync.num = 128 (default)
2019-10-15 22:57:13,207 [pool-257-thread-1] INFO  server.RaftServerConfigKeys (ConfUtils.java:logGet(43)) - raft.server.log.statemachine.data.sync = true (default)
2019-10-15 22:57:13,207 [main] INFO  rpc.RpcClient (RpcClient.java:createVolume(272)) - Creating Volume: watchforcommithandlingtest, with jenkins1000 as owner.
2019-10-15 22:57:13,207 [pool-247-thread-1] INFO  segmented.SegmentedRaftLogWorker (SegmentedRaftLogWorker.java:lambda$new$0(128)) - b24ec9ef-ba90-4b04-997d-b5928570083d@group-3F238D5A361B-SegmentedRaftLogWorker: flushIndex: setUnconditionally 0 -> -1
2019-10-15 22:57:13,207 [pool-237-thread-1] INFO  impl.RaftServerImpl (RaftServerImpl.java:start(181)) - ba199312-ac99-478b-bb65-fa99952de8cb@group-3F238D5A361B: start as a follower, conf=-1: [ba199312-ac99-478b-bb65-fa99952de8cb:192.168.69.67:46056, b24ec9ef-ba90-4b04-997d-b5928570083d:192.168.69.67:37054, 3c184c76-34b4-4297-94ca-bd7d08d2c0aa:192.168.69.67:39056], old=null
2019-10-15 22:57:13,207 [pool-257-thread-1] INFO  server.RaftServerConfigKeys (ConfUtils.java:logGet(43)) - raft.server.log.statemachine.data.sync.timeout = 10s (default)
2019-10-15 22:57:13,208 [pool-247-thread-1] INFO  server.RaftServerConfigKeys (ConfUtils.java:logGet(43)) - raft.server.snapshot.auto.trigger.enabled = true (custom)
2019-10-15 22:57:13,208 [pool-237-thread-1] INFO  impl.RaftServerImpl (RaftServerImpl.java:setRole(170)) - ba199312-ac99-478b-bb65-fa99952de8cb@group-3F238D5A361B: changes role from      null to FOLLOWER at term 0 for startAsFollower
2019-10-15 22:57:13,208 [pool-247-thread-1] INFO  server.RaftServerConfigKeys (ConfUtils.java:logGet(43)) - raft.server.snapshot.auto.trigger.threshold = 10000 (custom)
2019-10-15 22:57:13,208 [pool-237-thread-1] INFO  impl.RoleInfo (RoleInfo.java:updateAndGet(143)) - ba199312-ac99-478b-bb65-fa99952de8cb: start FollowerState
2019-10-15 22:57:13,208 [pool-257-thread-1] INFO  server.RaftServerConfigKeys (ConfUtils.java:logGet(43)) - raft.server.log.statemachine.data.sync.timeout.retry = -1 (default)
2019-10-15 22:57:13,208 [pool-247-thread-1] INFO  server.RaftServerConfigKeys (ConfUtils.java:logGet(43)) - raft.server.snapshot.retention.file.num = 5 (custom)
2019-10-15 22:57:13,209 [pool-247-thread-1] INFO  server.RaftServerConfigKeys (ConfUtils.java:logGet(43)) - raft.server.retrycache.expirytime = 600000ms (custom)
2019-10-15 22:57:13,209 [pool-257-thread-1] INFO  server.RaftServerConfigKeys (ConfUtils.java:logGet(43)) - raft.server.log.statemachine.data.caching.enabled = true (custom)
2019-10-15 22:57:13,209 [pool-237-thread-1] INFO  util.JmxRegister (JmxRegister.java:tryRegister(44)) - Successfully registered JMX Bean with object name Ratis:service=RaftServer,group=group-3F238D5A361B,id=ba199312-ac99-478b-bb65-fa99952de8cb
2019-10-15 22:57:13,209 [pool-257-thread-1] INFO  segmented.SegmentedRaftLogWorker (SegmentedRaftLogWorker.java:lambda$new$0(128)) - 3c184c76-34b4-4297-94ca-bd7d08d2c0aa@group-3F238D5A361B-SegmentedRaftLogWorker: flushIndex: setUnconditionally 0 -> -1
2019-10-15 22:57:13,210 [pool-257-thread-1] INFO  server.RaftServerConfigKeys (ConfUtils.java:logGet(43)) - raft.server.snapshot.auto.trigger.enabled = true (custom)
2019-10-15 22:57:13,210 [pool-257-thread-1] INFO  server.RaftServerConfigKeys (ConfUtils.java:logGet(43)) - raft.server.snapshot.auto.trigger.threshold = 10000 (custom)
2019-10-15 22:57:13,210 [pool-257-thread-1] INFO  server.RaftServerConfigKeys (ConfUtils.java:logGet(43)) - raft.server.snapshot.retention.file.num = 5 (custom)
2019-10-15 22:57:13,210 [pool-257-thread-1] INFO  server.RaftServerConfigKeys (ConfUtils.java:logGet(43)) - raft.server.retrycache.expirytime = 600000ms (custom)
2019-10-15 22:57:13,212 [IPC Server handler 2 on 45369] INFO  volume.OMVolumeCreateRequest (OMVolumeCreateRequest.java:validateAndUpdateCache(193)) - created volume:watchforcommithandlingtest for user:jenkins1000
2019-10-15 22:57:13,225 [main] INFO  rpc.RpcClient (RpcClient.java:createBucket(411)) - Creating Bucket: watchforcommithandlingtest/watchforcommithandlingtest, with Versioning false and Storage Type set to DISK and Encryption set to false 
2019-10-15 22:57:13,229 [main] INFO  ozone.MiniOzoneClusterImpl (MiniOzoneClusterImpl.java:getStorageContainerLocationClient(234)) - Creating StorageContainerLocationProtocol RPC client with address /0.0.0.0:33613
2019-10-15 22:57:13,230 [pool-247-thread-1] INFO  impl.RaftServerImpl (RaftServerImpl.java:start(181)) - b24ec9ef-ba90-4b04-997d-b5928570083d@group-3F238D5A361B: start as a follower, conf=-1: [ba199312-ac99-478b-bb65-fa99952de8cb:192.168.69.67:46056, b24ec9ef-ba90-4b04-997d-b5928570083d:192.168.69.67:37054, 3c184c76-34b4-4297-94ca-bd7d08d2c0aa:192.168.69.67:39056], old=null
2019-10-15 22:57:13,230 [pool-247-thread-1] INFO  impl.RaftServerImpl (RaftServerImpl.java:setRole(170)) - b24ec9ef-ba90-4b04-997d-b5928570083d@group-3F238D5A361B: changes role from      null to FOLLOWER at term 0 for startAsFollower
2019-10-15 22:57:13,230 [pool-257-thread-1] INFO  impl.RaftServerImpl (RaftServerImpl.java:start(181)) - 3c184c76-34b4-4297-94ca-bd7d08d2c0aa@group-3F238D5A361B: start as a follower, conf=-1: [ba199312-ac99-478b-bb65-fa99952de8cb:192.168.69.67:46056, b24ec9ef-ba90-4b04-997d-b5928570083d:192.168.69.67:37054, 3c184c76-34b4-4297-94ca-bd7d08d2c0aa:192.168.69.67:39056], old=null
2019-10-15 22:57:13,230 [pool-257-thread-1] INFO  impl.RaftServerImpl (RaftServerImpl.java:setRole(170)) - 3c184c76-34b4-4297-94ca-bd7d08d2c0aa@group-3F238D5A361B: changes role from      null to FOLLOWER at term 0 for startAsFollower
2019-10-15 22:57:13,233 [pool-257-thread-1] INFO  impl.RoleInfo (RoleInfo.java:updateAndGet(143)) - 3c184c76-34b4-4297-94ca-bd7d08d2c0aa: start FollowerState
2019-10-15 22:57:13,233 [pool-247-thread-1] INFO  impl.RoleInfo (RoleInfo.java:updateAndGet(143)) - b24ec9ef-ba90-4b04-997d-b5928570083d: start FollowerState
2019-10-15 22:57:13,234 [pool-247-thread-1] INFO  util.JmxRegister (JmxRegister.java:tryRegister(44)) - Successfully registered JMX Bean with object name Ratis:service=RaftServer,group=group-3F238D5A361B,id=b24ec9ef-ba90-4b04-997d-b5928570083d
2019-10-15 22:57:13,234 [pool-257-thread-1] INFO  util.JmxRegister (JmxRegister.java:tryRegister(44)) - Successfully registered JMX Bean with object name Ratis:service=RaftServer,group=group-3F238D5A361B,id=3c184c76-34b4-4297-94ca-bd7d08d2c0aa
2019-10-15 22:57:13,240 [RatisPipelineUtilsThread] INFO  pipeline.PipelineStateManager (PipelineStateManager.java:addPipeline(56)) - Created pipeline Pipeline[ Id: 677ad629-d328-497c-a280-3f238d5a361b, Nodes: 3c184c76-34b4-4297-94ca-bd7d08d2c0aa{ip: 192.168.69.67, host: pr-hdds-2071-8rz7p-357833546, networkLocation: /default-rack, certSerialId: null}ba199312-ac99-478b-bb65-fa99952de8cb{ip: 192.168.69.67, host: pr-hdds-2071-8rz7p-357833546, networkLocation: /default-rack, certSerialId: null}b24ec9ef-ba90-4b04-997d-b5928570083d{ip: 192.168.69.67, host: pr-hdds-2071-8rz7p-357833546, networkLocation: /default-rack, certSerialId: null}, Type:RATIS, Factor:THREE, State:OPEN]
2019-10-15 22:57:15,751 [Thread-1508] INFO  container.ReplicationManager (ReplicationManager.java:start(162)) - Starting Replication Monitor Thread.
2019-10-15 22:57:15,755 [ReplicationMonitor] INFO  container.ReplicationManager (ReplicationManager.java:run(225)) - Replication Monitor Thread took 1 milliseconds for processing 1 containers.
2019-10-15 22:57:17,893 [Thread-1513] INFO  impl.FollowerState (FollowerState.java:run(108)) - 6efc5f30-817c-427c-a302-97fd228528b7@group-D41E735B8392-FollowerState: change to CANDIDATE, lastRpcTime:5032ms, electionTimeout:5032ms
2019-10-15 22:57:17,893 [Thread-1513] INFO  impl.RoleInfo (RoleInfo.java:shutdownFollowerState(121)) - 6efc5f30-817c-427c-a302-97fd228528b7: shutdown FollowerState
2019-10-15 22:57:17,893 [Thread-1513] INFO  impl.RaftServerImpl (RaftServerImpl.java:setRole(170)) - 6efc5f30-817c-427c-a302-97fd228528b7@group-D41E735B8392: changes role from  FOLLOWER to CANDIDATE at term 0 for changeToCandidate
2019-10-15 22:57:17,894 [Thread-1513] INFO  impl.RoleInfo (RoleInfo.java:updateAndGet(143)) - 6efc5f30-817c-427c-a302-97fd228528b7: start LeaderElection
2019-10-15 22:57:17,925 [6efc5f30-817c-427c-a302-97fd228528b7@group-D41E735B8392-LeaderElection65] INFO  impl.LeaderElection (LeaderElection.java:askForVotes(178)) - 6efc5f30-817c-427c-a302-97fd228528b7@group-D41E735B8392-LeaderElection65: begin an election at term 1 for -1: [6efc5f30-817c-427c-a302-97fd228528b7:192.168.69.67:33680], old=null
2019-10-15 22:57:17,925 [6efc5f30-817c-427c-a302-97fd228528b7@group-D41E735B8392-LeaderElection65] INFO  impl.RoleInfo (RoleInfo.java:shutdownLeaderElection(134)) - 6efc5f30-817c-427c-a302-97fd228528b7: shutdown LeaderElection
2019-10-15 22:57:17,925 [6efc5f30-817c-427c-a302-97fd228528b7@group-D41E735B8392-LeaderElection65] INFO  impl.RaftServerImpl (RaftServerImpl.java:setRole(170)) - 6efc5f30-817c-427c-a302-97fd228528b7@group-D41E735B8392: changes role from CANDIDATE to LEADER at term 1 for changeToLeader
2019-10-15 22:57:17,926 [6efc5f30-817c-427c-a302-97fd228528b7@group-D41E735B8392-LeaderElection65] INFO  impl.RaftServerImpl (ServerState.java:setLeader(255)) - 6efc5f30-817c-427c-a302-97fd228528b7@group-D41E735B8392: change Leader from null to 6efc5f30-817c-427c-a302-97fd228528b7 at term 1 for becomeLeader, leader elected after 5069ms
2019-10-15 22:57:17,926 [6efc5f30-817c-427c-a302-97fd228528b7@group-D41E735B8392-LeaderElection65] INFO  server.RaftServerConfigKeys (ConfUtils.java:logGet(43)) - raft.server.staging.catchup.gap = 1000 (default)
2019-10-15 22:57:17,926 [6efc5f30-817c-427c-a302-97fd228528b7@group-D41E735B8392-LeaderElection65] INFO  server.RaftServerConfigKeys (ConfUtils.java:logGet(43)) - raft.server.rpc.sleep.time = 25ms (default)
2019-10-15 22:57:17,926 [6efc5f30-817c-427c-a302-97fd228528b7@group-D41E735B8392-LeaderElection65] INFO  server.RaftServerConfigKeys (ConfUtils.java:logGet(43)) - raft.server.write.element-limit = 4096 (default)
2019-10-15 22:57:17,927 [6efc5f30-817c-427c-a302-97fd228528b7@group-D41E735B8392-LeaderElection65] INFO  server.RaftServerConfigKeys (ConfUtils.java:logGet(43)) - raft.server.watch.timeout = 10s (default)
2019-10-15 22:57:17,927 [6efc5f30-817c-427c-a302-97fd228528b7@group-D41E735B8392-LeaderElection65] INFO  server.RaftServerConfigKeys (ConfUtils.java:logGet(43)) - raft.server.watch.timeout.denomination = 1s (default)
2019-10-15 22:57:17,927 [6efc5f30-817c-427c-a302-97fd228528b7@group-D41E735B8392-LeaderElection65] INFO  server.RaftServerConfigKeys (ConfUtils.java:logGet(43)) - raft.server.watch.element-limit = 65536 (default)
2019-10-15 22:57:17,931 [6efc5f30-817c-427c-a302-97fd228528b7@group-D41E735B8392-LeaderElection65] INFO  impl.RoleInfo (RoleInfo.java:updateAndGet(143)) - 6efc5f30-817c-427c-a302-97fd228528b7: start LeaderState
2019-10-15 22:57:17,931 [6efc5f30-817c-427c-a302-97fd228528b7@group-D41E735B8392-LeaderElection65] INFO  segmented.SegmentedRaftLogWorker (SegmentedRaftLogWorker.java:startLogSegment(385)) - 6efc5f30-817c-427c-a302-97fd228528b7@group-D41E735B8392-SegmentedRaftLogWorker: Starting segment from index:0
2019-10-15 22:57:17,932 [6efc5f30-817c-427c-a302-97fd228528b7@group-D41E735B8392-LeaderElection65] INFO  impl.RaftServerImpl (ServerState.java:setRaftConf(356)) - 6efc5f30-817c-427c-a302-97fd228528b7@group-D41E735B8392: set configuration 0: [6efc5f30-817c-427c-a302-97fd228528b7:192.168.69.67:33680], old=null at 0
2019-10-15 22:57:17,972 [6efc5f30-817c-427c-a302-97fd228528b7@group-D41E735B8392-SegmentedRaftLogWorker] INFO  segmented.SegmentedRaftLogWorker (SegmentedRaftLogWorker.java:execute(574)) - 6efc5f30-817c-427c-a302-97fd228528b7@group-D41E735B8392-SegmentedRaftLogWorker: created new log segment /workdir/hadoop-ozone/integration-test/target/test-dir/MiniOzoneClusterImpl-9abf6572-ed34-46c8-9feb-aff0a1c47f1b/datanode-1/data/ratis/dc893e30-c717-4ad9-9bed-d41e735b8392/current/log_inprogress_0
2019-10-15 22:57:17,987 [Thread-1510] INFO  impl.FollowerState (FollowerState.java:run(108)) - 44ad8ee9-a38d-4e5d-9002-6fd30af5f6a1@group-033B24A21299-FollowerState: change to CANDIDATE, lastRpcTime:5181ms, electionTimeout:5181ms
2019-10-15 22:57:17,987 [Thread-1510] INFO  impl.RoleInfo (RoleInfo.java:shutdownFollowerState(121)) - 44ad8ee9-a38d-4e5d-9002-6fd30af5f6a1: shutdown FollowerState
2019-10-15 22:57:17,987 [Thread-1510] INFO  impl.RaftServerImpl (RaftServerImpl.java:setRole(170)) - 44ad8ee9-a38d-4e5d-9002-6fd30af5f6a1@group-033B24A21299: changes role from  FOLLOWER to CANDIDATE at term 0 for changeToCandidate
2019-10-15 22:57:17,987 [Thread-1510] INFO  impl.RoleInfo (RoleInfo.java:updateAndGet(143)) - 44ad8ee9-a38d-4e5d-9002-6fd30af5f6a1: start LeaderElection
2019-10-15 22:57:17,988 [Thread-1522] INFO  impl.FollowerState (FollowerState.java:run(108)) - 210f7630-7f49-4d5d-b69d-a8f854decf33@group-C92BDBD9D086-FollowerState: change to CANDIDATE, lastRpcTime:5012ms, electionTimeout:5012ms
2019-10-15 22:57:17,988 [Thread-1522] INFO  impl.RoleInfo (RoleInfo.java:shutdownFollowerState(121)) - 210f7630-7f49-4d5d-b69d-a8f854decf33: shutdown FollowerState
2019-10-15 22:57:17,992 [Thread-1522] INFO  impl.RaftServerImpl (RaftServerImpl.java:setRole(170)) - 210f7630-7f49-4d5d-b69d-a8f854decf33@group-C92BDBD9D086: changes role from  FOLLOWER to CANDIDATE at term 0 for changeToCandidate
2019-10-15 22:57:17,992 [Thread-1522] INFO  impl.RoleInfo (RoleInfo.java:updateAndGet(143)) - 210f7630-7f49-4d5d-b69d-a8f854decf33: start LeaderElection
2019-10-15 22:57:18,018 [210f7630-7f49-4d5d-b69d-a8f854decf33@group-C92BDBD9D086-LeaderElection67] INFO  impl.LeaderElection (LeaderElection.java:askForVotes(178)) - 210f7630-7f49-4d5d-b69d-a8f854decf33@group-C92BDBD9D086-LeaderElection67: begin an election at term 1 for -1: [44ad8ee9-a38d-4e5d-9002-6fd30af5f6a1:192.168.69.67:38486, 210f7630-7f49-4d5d-b69d-a8f854decf33:192.168.69.67:38348, 6efc5f30-817c-427c-a302-97fd228528b7:192.168.69.67:33680], old=null
2019-10-15 22:57:18,018 [44ad8ee9-a38d-4e5d-9002-6fd30af5f6a1@group-033B24A21299-LeaderElection66] INFO  impl.LeaderElection (LeaderElection.java:askForVotes(178)) - 44ad8ee9-a38d-4e5d-9002-6fd30af5f6a1@group-033B24A21299-LeaderElection66: begin an election at term 1 for -1: [44ad8ee9-a38d-4e5d-9002-6fd30af5f6a1:192.168.69.67:38486], old=null
2019-10-15 22:57:18,019 [44ad8ee9-a38d-4e5d-9002-6fd30af5f6a1@group-033B24A21299-LeaderElection66] INFO  impl.RoleInfo (RoleInfo.java:shutdownLeaderElection(134)) - 44ad8ee9-a38d-4e5d-9002-6fd30af5f6a1: shutdown LeaderElection
2019-10-15 22:57:18,019 [44ad8ee9-a38d-4e5d-9002-6fd30af5f6a1@group-033B24A21299-LeaderElection66] INFO  impl.RaftServerImpl (RaftServerImpl.java:setRole(170)) - 44ad8ee9-a38d-4e5d-9002-6fd30af5f6a1@group-033B24A21299: changes role from CANDIDATE to LEADER at term 1 for changeToLeader
2019-10-15 22:57:18,019 [44ad8ee9-a38d-4e5d-9002-6fd30af5f6a1@group-033B24A21299-LeaderElection66] INFO  impl.RaftServerImpl (ServerState.java:setLeader(255)) - 44ad8ee9-a38d-4e5d-9002-6fd30af5f6a1@group-033B24A21299: change Leader from null to 44ad8ee9-a38d-4e5d-9002-6fd30af5f6a1 at term 1 for becomeLeader, leader elected after 5219ms
2019-10-15 22:57:18,019 [44ad8ee9-a38d-4e5d-9002-6fd30af5f6a1@group-033B24A21299-LeaderElection66] INFO  server.RaftServerConfigKeys (ConfUtils.java:logGet(43)) - raft.server.staging.catchup.gap = 1000 (default)
2019-10-15 22:57:18,019 [44ad8ee9-a38d-4e5d-9002-6fd30af5f6a1@group-033B24A21299-LeaderElection66] INFO  server.RaftServerConfigKeys (ConfUtils.java:logGet(43)) - raft.server.rpc.sleep.time = 25ms (default)
2019-10-15 22:57:18,019 [44ad8ee9-a38d-4e5d-9002-6fd30af5f6a1@group-033B24A21299-LeaderElection66] INFO  server.RaftServerConfigKeys (ConfUtils.java:logGet(43)) - raft.server.write.element-limit = 4096 (default)
2019-10-15 22:57:18,020 [44ad8ee9-a38d-4e5d-9002-6fd30af5f6a1@group-033B24A21299-LeaderElection66] INFO  server.RaftServerConfigKeys (ConfUtils.java:logGet(43)) - raft.server.watch.timeout = 10s (default)
2019-10-15 22:57:18,020 [44ad8ee9-a38d-4e5d-9002-6fd30af5f6a1@group-033B24A21299-LeaderElection66] INFO  server.RaftServerConfigKeys (ConfUtils.java:logGet(43)) - raft.server.watch.timeout.denomination = 1s (default)
2019-10-15 22:57:18,020 [44ad8ee9-a38d-4e5d-9002-6fd30af5f6a1@group-033B24A21299-LeaderElection66] INFO  server.RaftServerConfigKeys (ConfUtils.java:logGet(43)) - raft.server.watch.element-limit = 65536 (default)
2019-10-15 22:57:18,022 [44ad8ee9-a38d-4e5d-9002-6fd30af5f6a1@group-033B24A21299-LeaderElection66] INFO  impl.RoleInfo (RoleInfo.java:updateAndGet(143)) - 44ad8ee9-a38d-4e5d-9002-6fd30af5f6a1: start LeaderState
2019-10-15 22:57:18,022 [44ad8ee9-a38d-4e5d-9002-6fd30af5f6a1@group-033B24A21299-LeaderElection66] INFO  segmented.SegmentedRaftLogWorker (SegmentedRaftLogWorker.java:startLogSegment(385)) - 44ad8ee9-a38d-4e5d-9002-6fd30af5f6a1@group-033B24A21299-SegmentedRaftLogWorker: Starting segment from index:0
2019-10-15 22:57:18,023 [44ad8ee9-a38d-4e5d-9002-6fd30af5f6a1@group-033B24A21299-LeaderElection66] INFO  impl.RaftServerImpl (ServerState.java:setRaftConf(356)) - 44ad8ee9-a38d-4e5d-9002-6fd30af5f6a1@group-033B24A21299: set configuration 0: [44ad8ee9-a38d-4e5d-9002-6fd30af5f6a1:192.168.69.67:38486], old=null at 0
2019-10-15 22:57:18,046 [grpc-default-executor-6] INFO  impl.RaftServerImpl (RaftServerImpl.java:setRole(170)) - 6efc5f30-817c-427c-a302-97fd228528b7@group-C92BDBD9D086: changes role from  FOLLOWER to FOLLOWER at term 1 for recognizeCandidate:210f7630-7f49-4d5d-b69d-a8f854decf33
2019-10-15 22:57:18,047 [grpc-default-executor-6] INFO  impl.RoleInfo (RoleInfo.java:shutdownFollowerState(121)) - 6efc5f30-817c-427c-a302-97fd228528b7: shutdown FollowerState
2019-10-15 22:57:18,047 [grpc-default-executor-6] INFO  impl.RoleInfo (RoleInfo.java:updateAndGet(143)) - 6efc5f30-817c-427c-a302-97fd228528b7: start FollowerState
2019-10-15 22:57:18,047 [Thread-1521] INFO  impl.FollowerState (FollowerState.java:run(117)) - 6efc5f30-817c-427c-a302-97fd228528b7@group-C92BDBD9D086-FollowerState was interrupted: java.lang.InterruptedException: sleep interrupted
2019-10-15 22:57:18,051 [grpc-default-executor-5] INFO  impl.RaftServerImpl (RaftServerImpl.java:setRole(170)) - 44ad8ee9-a38d-4e5d-9002-6fd30af5f6a1@group-C92BDBD9D086: changes role from  FOLLOWER to FOLLOWER at term 1 for recognizeCandidate:210f7630-7f49-4d5d-b69d-a8f854decf33
2019-10-15 22:57:18,051 [grpc-default-executor-5] INFO  impl.RoleInfo (RoleInfo.java:shutdownFollowerState(121)) - 44ad8ee9-a38d-4e5d-9002-6fd30af5f6a1: shutdown FollowerState
2019-10-15 22:57:18,051 [grpc-default-executor-5] INFO  impl.RoleInfo (RoleInfo.java:updateAndGet(143)) - 44ad8ee9-a38d-4e5d-9002-6fd30af5f6a1: start FollowerState
2019-10-15 22:57:18,052 [Thread-1523] INFO  impl.FollowerState (FollowerState.java:run(117)) - 44ad8ee9-a38d-4e5d-9002-6fd30af5f6a1@group-C92BDBD9D086-FollowerState was interrupted: java.lang.InterruptedException: sleep interrupted
2019-10-15 22:57:18,059 [44ad8ee9-a38d-4e5d-9002-6fd30af5f6a1@group-033B24A21299-SegmentedRaftLogWorker] INFO  segmented.SegmentedRaftLogWorker (SegmentedRaftLogWorker.java:execute(574)) - 44ad8ee9-a38d-4e5d-9002-6fd30af5f6a1@group-033B24A21299-SegmentedRaftLogWorker: created new log segment /workdir/hadoop-ozone/integration-test/target/test-dir/MiniOzoneClusterImpl-9abf6572-ed34-46c8-9feb-aff0a1c47f1b/datanode-0/data/ratis/caa8cc0f-b4f9-439c-9a2e-033b24a21299/current/log_inprogress_0
2019-10-15 22:57:18,061 [210f7630-7f49-4d5d-b69d-a8f854decf33@group-C92BDBD9D086-LeaderElection67] INFO  impl.LeaderElection (LeaderElection.java:logAndReturn(56)) - 210f7630-7f49-4d5d-b69d-a8f854decf33@group-C92BDBD9D086-LeaderElection67: Election PASSED; received 1 response(s) [210f7630-7f49-4d5d-b69d-a8f854decf33<-6efc5f30-817c-427c-a302-97fd228528b7#0:OK-t1] and 0 exception(s); 210f7630-7f49-4d5d-b69d-a8f854decf33@group-C92BDBD9D086:t1, leader=null, voted=210f7630-7f49-4d5d-b69d-a8f854decf33, raftlog=210f7630-7f49-4d5d-b69d-a8f854decf33@group-C92BDBD9D086-SegmentedRaftLog:OPENED:c-1,f-1,i0, conf=-1: [44ad8ee9-a38d-4e5d-9002-6fd30af5f6a1:192.168.69.67:38486, 210f7630-7f49-4d5d-b69d-a8f854decf33:192.168.69.67:38348, 6efc5f30-817c-427c-a302-97fd228528b7:192.168.69.67:33680], old=null
2019-10-15 22:57:18,061 [210f7630-7f49-4d5d-b69d-a8f854decf33@group-C92BDBD9D086-LeaderElection67] INFO  impl.RoleInfo (RoleInfo.java:shutdownLeaderElection(134)) - 210f7630-7f49-4d5d-b69d-a8f854decf33: shutdown LeaderElection
2019-10-15 22:57:18,061 [210f7630-7f49-4d5d-b69d-a8f854decf33@group-C92BDBD9D086-LeaderElection67] INFO  impl.RaftServerImpl (RaftServerImpl.java:setRole(170)) - 210f7630-7f49-4d5d-b69d-a8f854decf33@group-C92BDBD9D086: changes role from CANDIDATE to LEADER at term 1 for changeToLeader
2019-10-15 22:57:18,061 [210f7630-7f49-4d5d-b69d-a8f854decf33@group-C92BDBD9D086-LeaderElection67] INFO  impl.RaftServerImpl (ServerState.java:setLeader(255)) - 210f7630-7f49-4d5d-b69d-a8f854decf33@group-C92BDBD9D086: change Leader from null to 210f7630-7f49-4d5d-b69d-a8f854decf33 at term 1 for becomeLeader, leader elected after 5093ms
2019-10-15 22:57:18,062 [210f7630-7f49-4d5d-b69d-a8f854decf33@group-C92BDBD9D086-LeaderElection67] INFO  server.RaftServerConfigKeys (ConfUtils.java:logGet(43)) - raft.server.staging.catchup.gap = 1000 (default)
2019-10-15 22:57:18,062 [210f7630-7f49-4d5d-b69d-a8f854decf33@group-C92BDBD9D086-LeaderElection67] INFO  server.RaftServerConfigKeys (ConfUtils.java:logGet(43)) - raft.server.rpc.sleep.time = 25ms (default)
2019-10-15 22:57:18,062 [210f7630-7f49-4d5d-b69d-a8f854decf33@group-C92BDBD9D086-LeaderElection67] INFO  server.RaftServerConfigKeys (ConfUtils.java:logGet(43)) - raft.server.write.element-limit = 4096 (default)
2019-10-15 22:57:18,062 [210f7630-7f49-4d5d-b69d-a8f854decf33@group-C92BDBD9D086-LeaderElection67] INFO  server.RaftServerConfigKeys (ConfUtils.java:logGet(43)) - raft.server.watch.timeout = 10s (default)
2019-10-15 22:57:18,062 [210f7630-7f49-4d5d-b69d-a8f854decf33@group-C92BDBD9D086-LeaderElection67] INFO  server.RaftServerConfigKeys (ConfUtils.java:logGet(43)) - raft.server.watch.timeout.denomination = 1s (default)
2019-10-15 22:57:18,062 [210f7630-7f49-4d5d-b69d-a8f854decf33@group-C92BDBD9D086-LeaderElection67] INFO  server.RaftServerConfigKeys (ConfUtils.java:logGet(43)) - raft.server.watch.element-limit = 65536 (default)
2019-10-15 22:57:18,064 [210f7630-7f49-4d5d-b69d-a8f854decf33@group-C92BDBD9D086-LeaderElection67] INFO  server.RaftServerConfigKeys (ConfUtils.java:logGet(43)) - raft.server.log.appender.snapshot.chunk.size.max = 16MB (=16777216) (default)
2019-10-15 22:57:18,064 [210f7630-7f49-4d5d-b69d-a8f854decf33@group-C92BDBD9D086-LeaderElection67] INFO  server.RaftServerConfigKeys (ConfUtils.java:logGet(43)) - raft.server.log.appender.buffer.byte-limit = 33554432 (custom)
2019-10-15 22:57:18,064 [210f7630-7f49-4d5d-b69d-a8f854decf33@group-C92BDBD9D086-LeaderElection67] INFO  server.RaftServerConfigKeys (ConfUtils.java:logGet(43)) - raft.server.log.appender.buffer.element-limit = 1 (custom)
2019-10-15 22:57:18,065 [210f7630-7f49-4d5d-b69d-a8f854decf33@group-C92BDBD9D086-LeaderElection67] INFO  grpc.GrpcConfigKeys$Server (ConfUtils.java:logGet(43)) - raft.grpc.server.leader.outstanding.appends.max = 128 (default)
2019-10-15 22:57:18,065 [210f7630-7f49-4d5d-b69d-a8f854decf33@group-C92BDBD9D086-LeaderElection67] INFO  server.RaftServerConfigKeys (ConfUtils.java:logGet(43)) - raft.server.rpc.request.timeout = 3000ms (default)
2019-10-15 22:57:18,065 [210f7630-7f49-4d5d-b69d-a8f854decf33@group-C92BDBD9D086-LeaderElection67] INFO  server.RaftServerConfigKeys (ConfUtils.java:logGet(43)) - raft.server.log.appender.install.snapshot.enabled = false (custom)
2019-10-15 22:57:18,065 [210f7630-7f49-4d5d-b69d-a8f854decf33@group-C92BDBD9D086-LeaderElection67] INFO  server.RaftServerConfigKeys (ConfUtils.java:logGet(43)) - raft.server.log.appender.snapshot.chunk.size.max = 16MB (=16777216) (default)
2019-10-15 22:57:18,065 [210f7630-7f49-4d5d-b69d-a8f854decf33@group-C92BDBD9D086-LeaderElection67] INFO  server.RaftServerConfigKeys (ConfUtils.java:logGet(43)) - raft.server.log.appender.buffer.byte-limit = 33554432 (custom)
2019-10-15 22:57:18,065 [210f7630-7f49-4d5d-b69d-a8f854decf33@group-C92BDBD9D086-LeaderElection67] INFO  server.RaftServerConfigKeys (ConfUtils.java:logGet(43)) - raft.server.log.appender.buffer.element-limit = 1 (custom)
2019-10-15 22:57:18,065 [210f7630-7f49-4d5d-b69d-a8f854decf33@group-C92BDBD9D086-LeaderElection67] INFO  grpc.GrpcConfigKeys$Server (ConfUtils.java:logGet(43)) - raft.grpc.server.leader.outstanding.appends.max = 128 (default)
2019-10-15 22:57:18,066 [210f7630-7f49-4d5d-b69d-a8f854decf33@group-C92BDBD9D086-LeaderElection67] INFO  server.RaftServerConfigKeys (ConfUtils.java:logGet(43)) - raft.server.rpc.request.timeout = 3000ms (default)
2019-10-15 22:57:18,066 [210f7630-7f49-4d5d-b69d-a8f854decf33@group-C92BDBD9D086-LeaderElection67] INFO  server.RaftServerConfigKeys (ConfUtils.java:logGet(43)) - raft.server.log.appender.install.snapshot.enabled = false (custom)
2019-10-15 22:57:18,066 [210f7630-7f49-4d5d-b69d-a8f854decf33@group-C92BDBD9D086-LeaderElection67] INFO  impl.RoleInfo (RoleInfo.java:updateAndGet(143)) - 210f7630-7f49-4d5d-b69d-a8f854decf33: start LeaderState
2019-10-15 22:57:18,066 [210f7630-7f49-4d5d-b69d-a8f854decf33@group-C92BDBD9D086-LeaderElection67] INFO  segmented.SegmentedRaftLogWorker (SegmentedRaftLogWorker.java:startLogSegment(385)) - 210f7630-7f49-4d5d-b69d-a8f854decf33@group-C92BDBD9D086-SegmentedRaftLogWorker: Starting segment from index:0
2019-10-15 22:57:18,067 [210f7630-7f49-4d5d-b69d-a8f854decf33@group-C92BDBD9D086-LeaderElection67] INFO  impl.RaftServerImpl (ServerState.java:setRaftConf(356)) - 210f7630-7f49-4d5d-b69d-a8f854decf33@group-C92BDBD9D086: set configuration 0: [44ad8ee9-a38d-4e5d-9002-6fd30af5f6a1:192.168.69.67:38486, 210f7630-7f49-4d5d-b69d-a8f854decf33:192.168.69.67:38348, 6efc5f30-817c-427c-a302-97fd228528b7:192.168.69.67:33680], old=null at 0
2019-10-15 22:57:18,091 [grpc-default-executor-6] INFO  impl.RaftServerImpl (ServerState.java:setLeader(255)) - 44ad8ee9-a38d-4e5d-9002-6fd30af5f6a1@group-C92BDBD9D086: change Leader from null to 210f7630-7f49-4d5d-b69d-a8f854decf33 at term 1 for appendEntries, leader elected after 5123ms
2019-10-15 22:57:18,093 [grpc-default-executor-5] INFO  impl.RaftServerImpl (ServerState.java:setLeader(255)) - 6efc5f30-817c-427c-a302-97fd228528b7@group-C92BDBD9D086: change Leader from null to 210f7630-7f49-4d5d-b69d-a8f854decf33 at term 1 for appendEntries, leader elected after 5126ms
2019-10-15 22:57:18,096 [grpc-default-executor-5] INFO  impl.RaftServerImpl (ServerState.java:setRaftConf(356)) - 44ad8ee9-a38d-4e5d-9002-6fd30af5f6a1@group-C92BDBD9D086: set configuration 0: [44ad8ee9-a38d-4e5d-9002-6fd30af5f6a1:192.168.69.67:38486, 210f7630-7f49-4d5d-b69d-a8f854decf33:192.168.69.67:38348, 6efc5f30-817c-427c-a302-97fd228528b7:192.168.69.67:33680], old=null at 0
2019-10-15 22:57:18,096 [grpc-default-executor-6] INFO  impl.RaftServerImpl (ServerState.java:setRaftConf(356)) - 6efc5f30-817c-427c-a302-97fd228528b7@group-C92BDBD9D086: set configuration 0: [44ad8ee9-a38d-4e5d-9002-6fd30af5f6a1:192.168.69.67:38486, 210f7630-7f49-4d5d-b69d-a8f854decf33:192.168.69.67:38348, 6efc5f30-817c-427c-a302-97fd228528b7:192.168.69.67:33680], old=null at 0
2019-10-15 22:57:18,096 [grpc-default-executor-5] INFO  segmented.SegmentedRaftLogWorker (SegmentedRaftLogWorker.java:startLogSegment(385)) - 44ad8ee9-a38d-4e5d-9002-6fd30af5f6a1@group-C92BDBD9D086-SegmentedRaftLogWorker: Starting segment from index:0
2019-10-15 22:57:18,097 [grpc-default-executor-6] INFO  segmented.SegmentedRaftLogWorker (SegmentedRaftLogWorker.java:startLogSegment(385)) - 6efc5f30-817c-427c-a302-97fd228528b7@group-C92BDBD9D086-SegmentedRaftLogWorker: Starting segment from index:0
2019-10-15 22:57:18,102 [Thread-1528] INFO  impl.FollowerState (FollowerState.java:run(108)) - ba199312-ac99-478b-bb65-fa99952de8cb@group-5981BCBEF1CA-FollowerState: change to CANDIDATE, lastRpcTime:5043ms, electionTimeout:5043ms
2019-10-15 22:57:18,103 [Thread-1528] INFO  impl.RoleInfo (RoleInfo.java:shutdownFollowerState(121)) - ba199312-ac99-478b-bb65-fa99952de8cb: shutdown FollowerState
2019-10-15 22:57:18,103 [Thread-1528] INFO  impl.RaftServerImpl (RaftServerImpl.java:setRole(170)) - ba199312-ac99-478b-bb65-fa99952de8cb@group-5981BCBEF1CA: changes role from  FOLLOWER to CANDIDATE at term 0 for changeToCandidate
2019-10-15 22:57:18,103 [Thread-1528] INFO  impl.RoleInfo (RoleInfo.java:updateAndGet(143)) - ba199312-ac99-478b-bb65-fa99952de8cb: start LeaderElection
2019-10-15 22:57:18,129 [210f7630-7f49-4d5d-b69d-a8f854decf33@group-C92BDBD9D086-SegmentedRaftLogWorker] INFO  segmented.SegmentedRaftLogWorker (SegmentedRaftLogWorker.java:execute(574)) - 210f7630-7f49-4d5d-b69d-a8f854decf33@group-C92BDBD9D086-SegmentedRaftLogWorker: created new log segment /workdir/hadoop-ozone/integration-test/target/test-dir/MiniOzoneClusterImpl-9abf6572-ed34-46c8-9feb-aff0a1c47f1b/datanode-2/data/ratis/68625640-5385-46d6-a12e-c92bdbd9d086/current/log_inprogress_0
2019-10-15 22:57:18,129 [Thread-1516] INFO  impl.FollowerState (FollowerState.java:run(108)) - 210f7630-7f49-4d5d-b69d-a8f854decf33@group-06B74A10F881-FollowerState: change to CANDIDATE, lastRpcTime:5191ms, electionTimeout:5189ms
2019-10-15 22:57:18,129 [Thread-1516] INFO  impl.RoleInfo (RoleInfo.java:shutdownFollowerState(121)) - 210f7630-7f49-4d5d-b69d-a8f854decf33: shutdown FollowerState
2019-10-15 22:57:18,130 [Thread-1516] INFO  impl.RaftServerImpl (RaftServerImpl.java:setRole(170)) - 210f7630-7f49-4d5d-b69d-a8f854decf33@group-06B74A10F881: changes role from  FOLLOWER to CANDIDATE at term 0 for changeToCandidate
2019-10-15 22:57:18,130 [Thread-1516] INFO  impl.RoleInfo (RoleInfo.java:updateAndGet(143)) - 210f7630-7f49-4d5d-b69d-a8f854decf33: start LeaderElection
2019-10-15 22:57:18,140 [44ad8ee9-a38d-4e5d-9002-6fd30af5f6a1@group-C92BDBD9D086-SegmentedRaftLogWorker] INFO  segmented.SegmentedRaftLogWorker (SegmentedRaftLogWorker.java:execute(574)) - 44ad8ee9-a38d-4e5d-9002-6fd30af5f6a1@group-C92BDBD9D086-SegmentedRaftLogWorker: created new log segment /workdir/hadoop-ozone/integration-test/target/test-dir/MiniOzoneClusterImpl-9abf6572-ed34-46c8-9feb-aff0a1c47f1b/datanode-0/data/ratis/68625640-5385-46d6-a12e-c92bdbd9d086/current/log_inprogress_0
2019-10-15 22:57:18,140 [ba199312-ac99-478b-bb65-fa99952de8cb@group-5981BCBEF1CA-LeaderElection68] INFO  impl.LeaderElection (LeaderElection.java:askForVotes(178)) - ba199312-ac99-478b-bb65-fa99952de8cb@group-5981BCBEF1CA-LeaderElection68: begin an election at term 1 for -1: [ba199312-ac99-478b-bb65-fa99952de8cb:192.168.69.67:46056], old=null
2019-10-15 22:57:18,140 [210f7630-7f49-4d5d-b69d-a8f854decf33@group-06B74A10F881-LeaderElection69] INFO  impl.LeaderElection (LeaderElection.java:askForVotes(178)) - 210f7630-7f49-4d5d-b69d-a8f854decf33@group-06B74A10F881-LeaderElection69: begin an election at term 1 for -1: [210f7630-7f49-4d5d-b69d-a8f854decf33:192.168.69.67:38348], old=null
2019-10-15 22:57:18,140 [6efc5f30-817c-427c-a302-97fd228528b7@group-C92BDBD9D086-SegmentedRaftLogWorker] INFO  segmented.SegmentedRaftLogWorker (SegmentedRaftLogWorker.java:execute(574)) - 6efc5f30-817c-427c-a302-97fd228528b7@group-C92BDBD9D086-SegmentedRaftLogWorker: created new log segment /workdir/hadoop-ozone/integration-test/target/test-dir/MiniOzoneClusterImpl-9abf6572-ed34-46c8-9feb-aff0a1c47f1b/datanode-1/data/ratis/68625640-5385-46d6-a12e-c92bdbd9d086/current/log_inprogress_0
2019-10-15 22:57:18,140 [210f7630-7f49-4d5d-b69d-a8f854decf33@group-06B74A10F881-LeaderElection69] INFO  impl.RoleInfo (RoleInfo.java:shutdownLeaderElection(134)) - 210f7630-7f49-4d5d-b69d-a8f854decf33: shutdown LeaderElection
2019-10-15 22:57:18,140 [ba199312-ac99-478b-bb65-fa99952de8cb@group-5981BCBEF1CA-LeaderElection68] INFO  impl.RoleInfo (RoleInfo.java:shutdownLeaderElection(134)) - ba199312-ac99-478b-bb65-fa99952de8cb: shutdown LeaderElection
2019-10-15 22:57:18,141 [210f7630-7f49-4d5d-b69d-a8f854decf33@group-06B74A10F881-LeaderElection69] INFO  impl.RaftServerImpl (RaftServerImpl.java:setRole(170)) - 210f7630-7f49-4d5d-b69d-a8f854decf33@group-06B74A10F881: changes role from CANDIDATE to LEADER at term 1 for changeToLeader
2019-10-15 22:57:18,141 [ba199312-ac99-478b-bb65-fa99952de8cb@group-5981BCBEF1CA-LeaderElection68] INFO  impl.RaftServerImpl (RaftServerImpl.java:setRole(170)) - ba199312-ac99-478b-bb65-fa99952de8cb@group-5981BCBEF1CA: changes role from CANDIDATE to LEADER at term 1 for changeToLeader
2019-10-15 22:57:18,141 [210f7630-7f49-4d5d-b69d-a8f854decf33@group-06B74A10F881-LeaderElection69] INFO  impl.RaftServerImpl (ServerState.java:setLeader(255)) - 210f7630-7f49-4d5d-b69d-a8f854decf33@group-06B74A10F881: change Leader from null to 210f7630-7f49-4d5d-b69d-a8f854decf33 at term 1 for becomeLeader, leader elected after 5208ms
2019-10-15 22:57:18,141 [ba199312-ac99-478b-bb65-fa99952de8cb@group-5981BCBEF1CA-LeaderElection68] INFO  impl.RaftServerImpl (ServerState.java:setLeader(255)) - ba199312-ac99-478b-bb65-fa99952de8cb@group-5981BCBEF1CA: change Leader from null to ba199312-ac99-478b-bb65-fa99952de8cb at term 1 for becomeLeader, leader elected after 5087ms
2019-10-15 22:57:18,141 [210f7630-7f49-4d5d-b69d-a8f854decf33@group-06B74A10F881-LeaderElection69] INFO  server.RaftServerConfigKeys (ConfUtils.java:logGet(43)) - raft.server.staging.catchup.gap = 1000 (default)
2019-10-15 22:57:18,141 [ba199312-ac99-478b-bb65-fa99952de8cb@group-5981BCBEF1CA-LeaderElection68] INFO  server.RaftServerConfigKeys (ConfUtils.java:logGet(43)) - raft.server.staging.catchup.gap = 1000 (default)
2019-10-15 22:57:18,141 [210f7630-7f49-4d5d-b69d-a8f854decf33@group-06B74A10F881-LeaderElection69] INFO  server.RaftServerConfigKeys (ConfUtils.java:logGet(43)) - raft.server.rpc.sleep.time = 25ms (default)
2019-10-15 22:57:18,141 [ba199312-ac99-478b-bb65-fa99952de8cb@group-5981BCBEF1CA-LeaderElection68] INFO  server.RaftServerConfigKeys (ConfUtils.java:logGet(43)) - raft.server.rpc.sleep.time = 25ms (default)
2019-10-15 22:57:18,142 [ba199312-ac99-478b-bb65-fa99952de8cb@group-5981BCBEF1CA-LeaderElection68] INFO  server.RaftServerConfigKeys (ConfUtils.java:logGet(43)) - raft.server.write.element-limit = 4096 (default)
2019-10-15 22:57:18,142 [ba199312-ac99-478b-bb65-fa99952de8cb@group-5981BCBEF1CA-LeaderElection68] INFO  server.RaftServerConfigKeys (ConfUtils.java:logGet(43)) - raft.server.watch.timeout = 10s (default)
2019-10-15 22:57:18,142 [ba199312-ac99-478b-bb65-fa99952de8cb@group-5981BCBEF1CA-LeaderElection68] INFO  server.RaftServerConfigKeys (ConfUtils.java:logGet(43)) - raft.server.watch.timeout.denomination = 1s (default)
2019-10-15 22:57:18,142 [210f7630-7f49-4d5d-b69d-a8f854decf33@group-06B74A10F881-LeaderElection69] INFO  server.RaftServerConfigKeys (ConfUtils.java:logGet(43)) - raft.server.write.element-limit = 4096 (default)
2019-10-15 22:57:18,142 [ba199312-ac99-478b-bb65-fa99952de8cb@group-5981BCBEF1CA-LeaderElection68] INFO  server.RaftServerConfigKeys (ConfUtils.java:logGet(43)) - raft.server.watch.element-limit = 65536 (default)
2019-10-15 22:57:18,142 [210f7630-7f49-4d5d-b69d-a8f854decf33@group-06B74A10F881-LeaderElection69] INFO  server.RaftServerConfigKeys (ConfUtils.java:logGet(43)) - raft.server.watch.timeout = 10s (default)
2019-10-15 22:57:18,142 [210f7630-7f49-4d5d-b69d-a8f854decf33@group-06B74A10F881-LeaderElection69] INFO  server.RaftServerConfigKeys (ConfUtils.java:logGet(43)) - raft.server.watch.timeout.denomination = 1s (default)
2019-10-15 22:57:18,142 [210f7630-7f49-4d5d-b69d-a8f854decf33@group-06B74A10F881-LeaderElection69] INFO  server.RaftServerConfigKeys (ConfUtils.java:logGet(43)) - raft.server.watch.element-limit = 65536 (default)
2019-10-15 22:57:18,144 [ba199312-ac99-478b-bb65-fa99952de8cb@group-5981BCBEF1CA-LeaderElection68] INFO  impl.RoleInfo (RoleInfo.java:updateAndGet(143)) - ba199312-ac99-478b-bb65-fa99952de8cb: start LeaderState
2019-10-15 22:57:18,145 [210f7630-7f49-4d5d-b69d-a8f854decf33@group-06B74A10F881-LeaderElection69] INFO  impl.RoleInfo (RoleInfo.java:updateAndGet(143)) - 210f7630-7f49-4d5d-b69d-a8f854decf33: start LeaderState
2019-10-15 22:57:18,145 [210f7630-7f49-4d5d-b69d-a8f854decf33@group-06B74A10F881-LeaderElection69] INFO  segmented.SegmentedRaftLogWorker (SegmentedRaftLogWorker.java:startLogSegment(385)) - 210f7630-7f49-4d5d-b69d-a8f854decf33@group-06B74A10F881-SegmentedRaftLogWorker: Starting segment from index:0
2019-10-15 22:57:18,145 [ba199312-ac99-478b-bb65-fa99952de8cb@group-5981BCBEF1CA-LeaderElection68] INFO  segmented.SegmentedRaftLogWorker (SegmentedRaftLogWorker.java:startLogSegment(385)) - ba199312-ac99-478b-bb65-fa99952de8cb@group-5981BCBEF1CA-SegmentedRaftLogWorker: Starting segment from index:0
2019-10-15 22:57:18,145 [210f7630-7f49-4d5d-b69d-a8f854decf33@group-06B74A10F881-LeaderElection69] INFO  impl.RaftServerImpl (ServerState.java:setRaftConf(356)) - 210f7630-7f49-4d5d-b69d-a8f854decf33@group-06B74A10F881: set configuration 0: [210f7630-7f49-4d5d-b69d-a8f854decf33:192.168.69.67:38348], old=null at 0
2019-10-15 22:57:18,145 [ba199312-ac99-478b-bb65-fa99952de8cb@group-5981BCBEF1CA-LeaderElection68] INFO  impl.RaftServerImpl (ServerState.java:setRaftConf(356)) - ba199312-ac99-478b-bb65-fa99952de8cb@group-5981BCBEF1CA: set configuration 0: [ba199312-ac99-478b-bb65-fa99952de8cb:192.168.69.67:46056], old=null at 0
2019-10-15 22:57:18,185 [ba199312-ac99-478b-bb65-fa99952de8cb@group-5981BCBEF1CA-SegmentedRaftLogWorker] INFO  segmented.SegmentedRaftLogWorker (SegmentedRaftLogWorker.java:execute(574)) - ba199312-ac99-478b-bb65-fa99952de8cb@group-5981BCBEF1CA-SegmentedRaftLogWorker: created new log segment /workdir/hadoop-ozone/integration-test/target/test-dir/MiniOzoneClusterImpl-9abf6572-ed34-46c8-9feb-aff0a1c47f1b/datanode-3/data/ratis/2f17f256-1424-49db-8ac9-5981bcbef1ca/current/log_inprogress_0
2019-10-15 22:57:18,185 [210f7630-7f49-4d5d-b69d-a8f854decf33@group-06B74A10F881-SegmentedRaftLogWorker] INFO  segmented.SegmentedRaftLogWorker (SegmentedRaftLogWorker.java:execute(574)) - 210f7630-7f49-4d5d-b69d-a8f854decf33@group-06B74A10F881-SegmentedRaftLogWorker: created new log segment /workdir/hadoop-ozone/integration-test/target/test-dir/MiniOzoneClusterImpl-9abf6572-ed34-46c8-9feb-aff0a1c47f1b/datanode-2/data/ratis/023443fd-50b0-49ad-9ce1-06b74a10f881/current/log_inprogress_0
2019-10-15 22:57:18,248 [Thread-1531] INFO  impl.FollowerState (FollowerState.java:run(108)) - b24ec9ef-ba90-4b04-997d-b5928570083d@group-7940412649FF-FollowerState: change to CANDIDATE, lastRpcTime:5141ms, electionTimeout:5141ms
2019-10-15 22:57:18,249 [Thread-1531] INFO  impl.RoleInfo (RoleInfo.java:shutdownFollowerState(121)) - b24ec9ef-ba90-4b04-997d-b5928570083d: shutdown FollowerState
2019-10-15 22:57:18,249 [Thread-1531] INFO  impl.RaftServerImpl (RaftServerImpl.java:setRole(170)) - b24ec9ef-ba90-4b04-997d-b5928570083d@group-7940412649FF: changes role from  FOLLOWER to CANDIDATE at term 0 for changeToCandidate
2019-10-15 22:57:18,249 [Thread-1531] INFO  impl.RoleInfo (RoleInfo.java:updateAndGet(143)) - b24ec9ef-ba90-4b04-997d-b5928570083d: start LeaderElection
2019-10-15 22:57:18,267 [b24ec9ef-ba90-4b04-997d-b5928570083d@group-7940412649FF-LeaderElection70] INFO  impl.LeaderElection (LeaderElection.java:askForVotes(178)) - b24ec9ef-ba90-4b04-997d-b5928570083d@group-7940412649FF-LeaderElection70: begin an election at term 1 for -1: [b24ec9ef-ba90-4b04-997d-b5928570083d:192.168.69.67:37054], old=null
2019-10-15 22:57:18,267 [b24ec9ef-ba90-4b04-997d-b5928570083d@group-7940412649FF-LeaderElection70] INFO  impl.RoleInfo (RoleInfo.java:shutdownLeaderElection(134)) - b24ec9ef-ba90-4b04-997d-b5928570083d: shutdown LeaderElection
2019-10-15 22:57:18,267 [b24ec9ef-ba90-4b04-997d-b5928570083d@group-7940412649FF-LeaderElection70] INFO  impl.RaftServerImpl (RaftServerImpl.java:setRole(170)) - b24ec9ef-ba90-4b04-997d-b5928570083d@group-7940412649FF: changes role from CANDIDATE to LEADER at term 1 for changeToLeader
2019-10-15 22:57:18,267 [b24ec9ef-ba90-4b04-997d-b5928570083d@group-7940412649FF-LeaderElection70] INFO  impl.RaftServerImpl (ServerState.java:setLeader(255)) - b24ec9ef-ba90-4b04-997d-b5928570083d@group-7940412649FF: change Leader from null to b24ec9ef-ba90-4b04-997d-b5928570083d at term 1 for becomeLeader, leader elected after 5168ms
2019-10-15 22:57:18,268 [b24ec9ef-ba90-4b04-997d-b5928570083d@group-7940412649FF-LeaderElection70] INFO  server.RaftServerConfigKeys (ConfUtils.java:logGet(43)) - raft.server.staging.catchup.gap = 1000 (default)
2019-10-15 22:57:18,268 [b24ec9ef-ba90-4b04-997d-b5928570083d@group-7940412649FF-LeaderElection70] INFO  server.RaftServerConfigKeys (ConfUtils.java:logGet(43)) - raft.server.rpc.sleep.time = 25ms (default)
2019-10-15 22:57:18,268 [b24ec9ef-ba90-4b04-997d-b5928570083d@group-7940412649FF-LeaderElection70] INFO  server.RaftServerConfigKeys (ConfUtils.java:logGet(43)) - raft.server.write.element-limit = 4096 (default)
2019-10-15 22:57:18,268 [b24ec9ef-ba90-4b04-997d-b5928570083d@group-7940412649FF-LeaderElection70] INFO  server.RaftServerConfigKeys (ConfUtils.java:logGet(43)) - raft.server.watch.timeout = 10s (default)
2019-10-15 22:57:18,268 [b24ec9ef-ba90-4b04-997d-b5928570083d@group-7940412649FF-LeaderElection70] INFO  server.RaftServerConfigKeys (ConfUtils.java:logGet(43)) - raft.server.watch.timeout.denomination = 1s (default)
2019-10-15 22:57:18,268 [b24ec9ef-ba90-4b04-997d-b5928570083d@group-7940412649FF-LeaderElection70] INFO  server.RaftServerConfigKeys (ConfUtils.java:logGet(43)) - raft.server.watch.element-limit = 65536 (default)
2019-10-15 22:57:18,271 [b24ec9ef-ba90-4b04-997d-b5928570083d@group-7940412649FF-LeaderElection70] INFO  impl.RoleInfo (RoleInfo.java:updateAndGet(143)) - b24ec9ef-ba90-4b04-997d-b5928570083d: start LeaderState
2019-10-15 22:57:18,271 [b24ec9ef-ba90-4b04-997d-b5928570083d@group-7940412649FF-LeaderElection70] INFO  segmented.SegmentedRaftLogWorker (SegmentedRaftLogWorker.java:startLogSegment(385)) - b24ec9ef-ba90-4b04-997d-b5928570083d@group-7940412649FF-SegmentedRaftLogWorker: Starting segment from index:0
2019-10-15 22:57:18,271 [b24ec9ef-ba90-4b04-997d-b5928570083d@group-7940412649FF-LeaderElection70] INFO  impl.RaftServerImpl (ServerState.java:setRaftConf(356)) - b24ec9ef-ba90-4b04-997d-b5928570083d@group-7940412649FF: set configuration 0: [b24ec9ef-ba90-4b04-997d-b5928570083d:192.168.69.67:37054], old=null at 0
2019-10-15 22:57:18,289 [Thread-1536] INFO  impl.FollowerState (FollowerState.java:run(108)) - ba199312-ac99-478b-bb65-fa99952de8cb@group-3F238D5A361B-FollowerState: change to CANDIDATE, lastRpcTime:5080ms, electionTimeout:5080ms
2019-10-15 22:57:18,289 [Thread-1536] INFO  impl.RoleInfo (RoleInfo.java:shutdownFollowerState(121)) - ba199312-ac99-478b-bb65-fa99952de8cb: shutdown FollowerState
2019-10-15 22:57:18,289 [Thread-1536] INFO  impl.RaftServerImpl (RaftServerImpl.java:setRole(170)) - ba199312-ac99-478b-bb65-fa99952de8cb@group-3F238D5A361B: changes role from  FOLLOWER to CANDIDATE at term 0 for changeToCandidate
2019-10-15 22:57:18,290 [Thread-1536] INFO  impl.RoleInfo (RoleInfo.java:updateAndGet(143)) - ba199312-ac99-478b-bb65-fa99952de8cb: start LeaderElection
2019-10-15 22:57:18,312 [b24ec9ef-ba90-4b04-997d-b5928570083d@group-7940412649FF-SegmentedRaftLogWorker] INFO  segmented.SegmentedRaftLogWorker (SegmentedRaftLogWorker.java:execute(574)) - b24ec9ef-ba90-4b04-997d-b5928570083d@group-7940412649FF-SegmentedRaftLogWorker: created new log segment /workdir/hadoop-ozone/integration-test/target/test-dir/MiniOzoneClusterImpl-9abf6572-ed34-46c8-9feb-aff0a1c47f1b/datanode-4/data/ratis/d103d948-0b7d-42cb-9137-7940412649ff/current/log_inprogress_0
2019-10-15 22:57:18,312 [ba199312-ac99-478b-bb65-fa99952de8cb@group-3F238D5A361B-LeaderElection71] INFO  impl.LeaderElection (LeaderElection.java:askForVotes(178)) - ba199312-ac99-478b-bb65-fa99952de8cb@group-3F238D5A361B-LeaderElection71: begin an election at term 1 for -1: [ba199312-ac99-478b-bb65-fa99952de8cb:192.168.69.67:46056, b24ec9ef-ba90-4b04-997d-b5928570083d:192.168.69.67:37054, 3c184c76-34b4-4297-94ca-bd7d08d2c0aa:192.168.69.67:39056], old=null
2019-10-15 22:57:18,328 [grpc-default-executor-6] INFO  impl.RaftServerImpl (RaftServerImpl.java:setRole(170)) - b24ec9ef-ba90-4b04-997d-b5928570083d@group-3F238D5A361B: changes role from  FOLLOWER to FOLLOWER at term 1 for recognizeCandidate:ba199312-ac99-478b-bb65-fa99952de8cb
2019-10-15 22:57:18,328 [grpc-default-executor-6] INFO  impl.RoleInfo (RoleInfo.java:shutdownFollowerState(121)) - b24ec9ef-ba90-4b04-997d-b5928570083d: shutdown FollowerState
2019-10-15 22:57:18,329 [grpc-default-executor-6] INFO  impl.RoleInfo (RoleInfo.java:updateAndGet(143)) - b24ec9ef-ba90-4b04-997d-b5928570083d: start FollowerState
2019-10-15 22:57:18,329 [Thread-1539] INFO  impl.FollowerState (FollowerState.java:run(117)) - b24ec9ef-ba90-4b04-997d-b5928570083d@group-3F238D5A361B-FollowerState was interrupted: java.lang.InterruptedException: sleep interrupted
2019-10-15 22:57:18,331 [grpc-default-executor-4] INFO  impl.RaftServerImpl (RaftServerImpl.java:setRole(170)) - 3c184c76-34b4-4297-94ca-bd7d08d2c0aa@group-3F238D5A361B: changes role from  FOLLOWER to FOLLOWER at term 1 for recognizeCandidate:ba199312-ac99-478b-bb65-fa99952de8cb
2019-10-15 22:57:18,331 [grpc-default-executor-4] INFO  impl.RoleInfo (RoleInfo.java:shutdownFollowerState(121)) - 3c184c76-34b4-4297-94ca-bd7d08d2c0aa: shutdown FollowerState
2019-10-15 22:57:18,331 [grpc-default-executor-4] INFO  impl.RoleInfo (RoleInfo.java:updateAndGet(143)) - 3c184c76-34b4-4297-94ca-bd7d08d2c0aa: start FollowerState
2019-10-15 22:57:18,331 [Thread-1540] INFO  impl.FollowerState (FollowerState.java:run(117)) - 3c184c76-34b4-4297-94ca-bd7d08d2c0aa@group-3F238D5A361B-FollowerState was interrupted: java.lang.InterruptedException: sleep interrupted
2019-10-15 22:57:18,346 [ba199312-ac99-478b-bb65-fa99952de8cb@group-3F238D5A361B-LeaderElection71] INFO  impl.LeaderElection (LeaderElection.java:logAndReturn(56)) - ba199312-ac99-478b-bb65-fa99952de8cb@group-3F238D5A361B-LeaderElection71: Election PASSED; received 1 response(s) [ba199312-ac99-478b-bb65-fa99952de8cb<-b24ec9ef-ba90-4b04-997d-b5928570083d#0:OK-t1] and 0 exception(s); ba199312-ac99-478b-bb65-fa99952de8cb@group-3F238D5A361B:t1, leader=null, voted=ba199312-ac99-478b-bb65-fa99952de8cb, raftlog=ba199312-ac99-478b-bb65-fa99952de8cb@group-3F238D5A361B-SegmentedRaftLog:OPENED:c-1,f-1,i0, conf=-1: [ba199312-ac99-478b-bb65-fa99952de8cb:192.168.69.67:46056, b24ec9ef-ba90-4b04-997d-b5928570083d:192.168.69.67:37054, 3c184c76-34b4-4297-94ca-bd7d08d2c0aa:192.168.69.67:39056], old=null
2019-10-15 22:57:18,346 [ba199312-ac99-478b-bb65-fa99952de8cb@group-3F238D5A361B-LeaderElection71] INFO  impl.RoleInfo (RoleInfo.java:shutdownLeaderElection(134)) - ba199312-ac99-478b-bb65-fa99952de8cb: shutdown LeaderElection
2019-10-15 22:57:18,347 [ba199312-ac99-478b-bb65-fa99952de8cb@group-3F238D5A361B-LeaderElection71] INFO  impl.RaftServerImpl (RaftServerImpl.java:setRole(170)) - ba199312-ac99-478b-bb65-fa99952de8cb@group-3F238D5A361B: changes role from CANDIDATE to LEADER at term 1 for changeToLeader
2019-10-15 22:57:18,347 [ba199312-ac99-478b-bb65-fa99952de8cb@group-3F238D5A361B-LeaderElection71] INFO  impl.RaftServerImpl (ServerState.java:setLeader(255)) - ba199312-ac99-478b-bb65-fa99952de8cb@group-3F238D5A361B: change Leader from null to ba199312-ac99-478b-bb65-fa99952de8cb at term 1 for becomeLeader, leader elected after 5148ms
2019-10-15 22:57:18,347 [ba199312-ac99-478b-bb65-fa99952de8cb@group-3F238D5A361B-LeaderElection71] INFO  server.RaftServerConfigKeys (ConfUtils.java:logGet(43)) - raft.server.staging.catchup.gap = 1000 (default)
2019-10-15 22:57:18,349 [ba199312-ac99-478b-bb65-fa99952de8cb@group-3F238D5A361B-LeaderElection71] INFO  server.RaftServerConfigKeys (ConfUtils.java:logGet(43)) - raft.server.rpc.sleep.time = 25ms (default)
2019-10-15 22:57:18,350 [ba199312-ac99-478b-bb65-fa99952de8cb@group-3F238D5A361B-LeaderElection71] INFO  server.RaftServerConfigKeys (ConfUtils.java:logGet(43)) - raft.server.write.element-limit = 4096 (default)
2019-10-15 22:57:18,350 [ba199312-ac99-478b-bb65-fa99952de8cb@group-3F238D5A361B-LeaderElection71] INFO  server.RaftServerConfigKeys (ConfUtils.java:logGet(43)) - raft.server.watch.timeout = 10s (default)
2019-10-15 22:57:18,350 [ba199312-ac99-478b-bb65-fa99952de8cb@group-3F238D5A361B-LeaderElection71] INFO  server.RaftServerConfigKeys (ConfUtils.java:logGet(43)) - raft.server.watch.timeout.denomination = 1s (default)
2019-10-15 22:57:18,350 [ba199312-ac99-478b-bb65-fa99952de8cb@group-3F238D5A361B-LeaderElection71] INFO  server.RaftServerConfigKeys (ConfUtils.java:logGet(43)) - raft.server.watch.element-limit = 65536 (default)
2019-10-15 22:57:18,352 [ba199312-ac99-478b-bb65-fa99952de8cb@group-3F238D5A361B-LeaderElection71] INFO  server.RaftServerConfigKeys (ConfUtils.java:logGet(43)) - raft.server.log.appender.snapshot.chunk.size.max = 16MB (=16777216) (default)
2019-10-15 22:57:18,352 [ba199312-ac99-478b-bb65-fa99952de8cb@group-3F238D5A361B-LeaderElection71] INFO  server.RaftServerConfigKeys (ConfUtils.java:logGet(43)) - raft.server.log.appender.buffer.byte-limit = 33554432 (custom)
2019-10-15 22:57:18,352 [ba199312-ac99-478b-bb65-fa99952de8cb@group-3F238D5A361B-LeaderElection71] INFO  server.RaftServerConfigKeys (ConfUtils.java:logGet(43)) - raft.server.log.appender.buffer.element-limit = 1 (custom)
2019-10-15 22:57:18,352 [ba199312-ac99-478b-bb65-fa99952de8cb@group-3F238D5A361B-LeaderElection71] INFO  grpc.GrpcConfigKeys$Server (ConfUtils.java:logGet(43)) - raft.grpc.server.leader.outstanding.appends.max = 128 (default)
2019-10-15 22:57:18,353 [ba199312-ac99-478b-bb65-fa99952de8cb@group-3F238D5A361B-LeaderElection71] INFO  server.RaftServerConfigKeys (ConfUtils.java:logGet(43)) - raft.server.rpc.request.timeout = 3000ms (default)
2019-10-15 22:57:18,353 [ba199312-ac99-478b-bb65-fa99952de8cb@group-3F238D5A361B-LeaderElection71] INFO  server.RaftServerConfigKeys (ConfUtils.java:logGet(43)) - raft.server.log.appender.install.snapshot.enabled = false (custom)
2019-10-15 22:57:18,353 [ba199312-ac99-478b-bb65-fa99952de8cb@group-3F238D5A361B-LeaderElection71] INFO  server.RaftServerConfigKeys (ConfUtils.java:logGet(43)) - raft.server.log.appender.snapshot.chunk.size.max = 16MB (=16777216) (default)
2019-10-15 22:57:18,353 [ba199312-ac99-478b-bb65-fa99952de8cb@group-3F238D5A361B-LeaderElection71] INFO  server.RaftServerConfigKeys (ConfUtils.java:logGet(43)) - raft.server.log.appender.buffer.byte-limit = 33554432 (custom)
2019-10-15 22:57:18,353 [ba199312-ac99-478b-bb65-fa99952de8cb@group-3F238D5A361B-LeaderElection71] INFO  server.RaftServerConfigKeys (ConfUtils.java:logGet(43)) - raft.server.log.appender.buffer.element-limit = 1 (custom)
2019-10-15 22:57:18,353 [ba199312-ac99-478b-bb65-fa99952de8cb@group-3F238D5A361B-LeaderElection71] INFO  grpc.GrpcConfigKeys$Server (ConfUtils.java:logGet(43)) - raft.grpc.server.leader.outstanding.appends.max = 128 (default)
2019-10-15 22:57:18,353 [ba199312-ac99-478b-bb65-fa99952de8cb@group-3F238D5A361B-LeaderElection71] INFO  server.RaftServerConfigKeys (ConfUtils.java:logGet(43)) - raft.server.rpc.request.timeout = 3000ms (default)
2019-10-15 22:57:18,353 [ba199312-ac99-478b-bb65-fa99952de8cb@group-3F238D5A361B-LeaderElection71] INFO  server.RaftServerConfigKeys (ConfUtils.java:logGet(43)) - raft.server.log.appender.install.snapshot.enabled = false (custom)
2019-10-15 22:57:18,354 [ba199312-ac99-478b-bb65-fa99952de8cb@group-3F238D5A361B-LeaderElection71] INFO  impl.RoleInfo (RoleInfo.java:updateAndGet(143)) - ba199312-ac99-478b-bb65-fa99952de8cb: start LeaderState
2019-10-15 22:57:18,354 [ba199312-ac99-478b-bb65-fa99952de8cb@group-3F238D5A361B-LeaderElection71] INFO  segmented.SegmentedRaftLogWorker (SegmentedRaftLogWorker.java:startLogSegment(385)) - ba199312-ac99-478b-bb65-fa99952de8cb@group-3F238D5A361B-SegmentedRaftLogWorker: Starting segment from index:0
2019-10-15 22:57:18,356 [ba199312-ac99-478b-bb65-fa99952de8cb@group-3F238D5A361B-LeaderElection71] INFO  impl.RaftServerImpl (ServerState.java:setRaftConf(356)) - ba199312-ac99-478b-bb65-fa99952de8cb@group-3F238D5A361B: set configuration 0: [ba199312-ac99-478b-bb65-fa99952de8cb:192.168.69.67:46056, b24ec9ef-ba90-4b04-997d-b5928570083d:192.168.69.67:37054, 3c184c76-34b4-4297-94ca-bd7d08d2c0aa:192.168.69.67:39056], old=null at 0
2019-10-15 22:57:18,357 [grpc-default-executor-6] INFO  impl.RaftServerImpl (ServerState.java:setLeader(255)) - b24ec9ef-ba90-4b04-997d-b5928570083d@group-3F238D5A361B: change Leader from null to ba199312-ac99-478b-bb65-fa99952de8cb at term 1 for appendEntries, leader elected after 5158ms
2019-10-15 22:57:18,381 [grpc-default-executor-4] INFO  impl.RaftServerImpl (ServerState.java:setLeader(255)) - 3c184c76-34b4-4297-94ca-bd7d08d2c0aa@group-3F238D5A361B: change Leader from null to ba199312-ac99-478b-bb65-fa99952de8cb at term 1 for appendEntries, leader elected after 5182ms
2019-10-15 22:57:18,381 [grpc-default-executor-6] INFO  impl.RaftServerImpl (ServerState.java:setRaftConf(356)) - b24ec9ef-ba90-4b04-997d-b5928570083d@group-3F238D5A361B: set configuration 0: [ba199312-ac99-478b-bb65-fa99952de8cb:192.168.69.67:46056, b24ec9ef-ba90-4b04-997d-b5928570083d:192.168.69.67:37054, 3c184c76-34b4-4297-94ca-bd7d08d2c0aa:192.168.69.67:39056], old=null at 0
2019-10-15 22:57:18,382 [grpc-default-executor-6] INFO  segmented.SegmentedRaftLogWorker (SegmentedRaftLogWorker.java:startLogSegment(385)) - b24ec9ef-ba90-4b04-997d-b5928570083d@group-3F238D5A361B-SegmentedRaftLogWorker: Starting segment from index:0
2019-10-15 22:57:18,387 [grpc-default-executor-6] INFO  impl.RaftServerImpl (ServerState.java:setRaftConf(356)) - 3c184c76-34b4-4297-94ca-bd7d08d2c0aa@group-3F238D5A361B: set configuration 0: [ba199312-ac99-478b-bb65-fa99952de8cb:192.168.69.67:46056, b24ec9ef-ba90-4b04-997d-b5928570083d:192.168.69.67:37054, 3c184c76-34b4-4297-94ca-bd7d08d2c0aa:192.168.69.67:39056], old=null at 0
2019-10-15 22:57:18,387 [grpc-default-executor-6] INFO  segmented.SegmentedRaftLogWorker (SegmentedRaftLogWorker.java:startLogSegment(385)) - 3c184c76-34b4-4297-94ca-bd7d08d2c0aa@group-3F238D5A361B-SegmentedRaftLogWorker: Starting segment from index:0
2019-10-15 22:57:18,392 [ba199312-ac99-478b-bb65-fa99952de8cb@group-3F238D5A361B-SegmentedRaftLogWorker] INFO  segmented.SegmentedRaftLogWorker (SegmentedRaftLogWorker.java:execute(574)) - ba199312-ac99-478b-bb65-fa99952de8cb@group-3F238D5A361B-SegmentedRaftLogWorker: created new log segment /workdir/hadoop-ozone/integration-test/target/test-dir/MiniOzoneClusterImpl-9abf6572-ed34-46c8-9feb-aff0a1c47f1b/datanode-3/data/ratis/677ad629-d328-497c-a280-3f238d5a361b/current/log_inprogress_0
2019-10-15 22:57:18,423 [3c184c76-34b4-4297-94ca-bd7d08d2c0aa@group-3F238D5A361B-SegmentedRaftLogWorker] INFO  segmented.SegmentedRaftLogWorker (SegmentedRaftLogWorker.java:execute(574)) - 3c184c76-34b4-4297-94ca-bd7d08d2c0aa@group-3F238D5A361B-SegmentedRaftLogWorker: created new log segment /workdir/hadoop-ozone/integration-test/target/test-dir/MiniOzoneClusterImpl-9abf6572-ed34-46c8-9feb-aff0a1c47f1b/datanode-5/data/ratis/677ad629-d328-497c-a280-3f238d5a361b/current/log_inprogress_0
2019-10-15 22:57:18,437 [b24ec9ef-ba90-4b04-997d-b5928570083d@group-3F238D5A361B-SegmentedRaftLogWorker] INFO  segmented.SegmentedRaftLogWorker (SegmentedRaftLogWorker.java:execute(574)) - b24ec9ef-ba90-4b04-997d-b5928570083d@group-3F238D5A361B-SegmentedRaftLogWorker: created new log segment /workdir/hadoop-ozone/integration-test/target/test-dir/MiniOzoneClusterImpl-9abf6572-ed34-46c8-9feb-aff0a1c47f1b/datanode-4/data/ratis/677ad629-d328-497c-a280-3f238d5a361b/current/log_inprogress_0
2019-10-15 22:57:18,518 [Datanode State Machine Thread - 0] INFO  statemachine.DatanodeStateMachine (DatanodeStateMachine.java:lambda$startDaemon$0(350)) - Ozone container server started.
2019-10-15 22:57:23,507 [main] INFO  ozoneimpl.OzoneContainer (OzoneContainer.java:stop(227)) - Attempting to stop container services.
2019-10-15 22:57:23,508 [main] INFO  impl.RaftServerProxy (RaftServerProxy.java:lambda$close$4(314)) - 44ad8ee9-a38d-4e5d-9002-6fd30af5f6a1: close
2019-10-15 22:57:23,508 [main] INFO  impl.RaftServerImpl (RaftServerImpl.java:lambda$shutdown$3(247)) - 44ad8ee9-a38d-4e5d-9002-6fd30af5f6a1@group-C92BDBD9D086: shutdown
2019-10-15 22:57:23,508 [main] INFO  util.JmxRegister (JmxRegister.java:unregister(73)) - Successfully un-registered JMX Bean with object name Ratis:service=RaftServer,group=group-C92BDBD9D086,id=44ad8ee9-a38d-4e5d-9002-6fd30af5f6a1
2019-10-15 22:57:23,509 [main] INFO  impl.RoleInfo (RoleInfo.java:shutdownFollowerState(121)) - 44ad8ee9-a38d-4e5d-9002-6fd30af5f6a1: shutdown FollowerState
2019-10-15 22:57:23,509 [main] INFO  impl.StateMachineUpdater (StateMachineUpdater.java:stopAndJoin(136)) - 44ad8ee9-a38d-4e5d-9002-6fd30af5f6a1@group-C92BDBD9D086-StateMachineUpdater: set stopIndex = 2
2019-10-15 22:57:23,509 [44ad8ee9-a38d-4e5d-9002-6fd30af5f6a1@group-C92BDBD9D086-StateMachineUpdater] INFO  ratis.ContainerStateMachine (ContainerStateMachine.java:takeSnapshot(294)) - group-C92BDBD9D086: Taking a snapshot at:(t:1, i:1) file /workdir/hadoop-ozone/integration-test/target/test-dir/MiniOzoneClusterImpl-9abf6572-ed34-46c8-9feb-aff0a1c47f1b/datanode-0/data/ratis/68625640-5385-46d6-a12e-c92bdbd9d086/sm/snapshot.1_1
2019-10-15 22:57:23,509 [Thread-1564] INFO  impl.FollowerState (FollowerState.java:run(117)) - 44ad8ee9-a38d-4e5d-9002-6fd30af5f6a1@group-C92BDBD9D086-FollowerState was interrupted: java.lang.InterruptedException: sleep interrupted
2019-10-15 22:57:23,521 [44ad8ee9-a38d-4e5d-9002-6fd30af5f6a1@group-C92BDBD9D086-StateMachineUpdater] INFO  ratis.ContainerStateMachine (ContainerStateMachine.java:takeSnapshot(305)) - group-C92BDBD9D086: Finished taking a snapshot at:(t:1, i:1) file:/workdir/hadoop-ozone/integration-test/target/test-dir/MiniOzoneClusterImpl-9abf6572-ed34-46c8-9feb-aff0a1c47f1b/datanode-0/data/ratis/68625640-5385-46d6-a12e-c92bdbd9d086/sm/snapshot.1_1 time:12
2019-10-15 22:57:23,522 [44ad8ee9-a38d-4e5d-9002-6fd30af5f6a1@group-C92BDBD9D086-StateMachineUpdater] INFO  impl.StateMachineUpdater (StateMachineUpdater.java:takeSnapshot(269)) - 44ad8ee9-a38d-4e5d-9002-6fd30af5f6a1@group-C92BDBD9D086-StateMachineUpdater: Took a snapshot at index 1
2019-10-15 22:57:23,522 [44ad8ee9-a38d-4e5d-9002-6fd30af5f6a1@group-C92BDBD9D086-StateMachineUpdater] INFO  impl.StateMachineUpdater (StateMachineUpdater.java:lambda$new$0(84)) - 44ad8ee9-a38d-4e5d-9002-6fd30af5f6a1@group-C92BDBD9D086-StateMachineUpdater: snapshotIndex: updateIncreasingly -1 -> 1
2019-10-15 22:57:23,522 [44ad8ee9-a38d-4e5d-9002-6fd30af5f6a1@group-C92BDBD9D086-StateMachineUpdater] INFO  ratis.ContainerStateMachine (ContainerStateMachine.java:takeSnapshot(294)) - group-C92BDBD9D086: Taking a snapshot at:(t:1, i:1) file /workdir/hadoop-ozone/integration-test/target/test-dir/MiniOzoneClusterImpl-9abf6572-ed34-46c8-9feb-aff0a1c47f1b/datanode-0/data/ratis/68625640-5385-46d6-a12e-c92bdbd9d086/sm/snapshot.1_1
2019-10-15 22:57:23,534 [44ad8ee9-a38d-4e5d-9002-6fd30af5f6a1@group-C92BDBD9D086-StateMachineUpdater] INFO  ratis.ContainerStateMachine (ContainerStateMachine.java:takeSnapshot(305)) - group-C92BDBD9D086: Finished taking a snapshot at:(t:1, i:1) file:/workdir/hadoop-ozone/integration-test/target/test-dir/MiniOzoneClusterImpl-9abf6572-ed34-46c8-9feb-aff0a1c47f1b/datanode-0/data/ratis/68625640-5385-46d6-a12e-c92bdbd9d086/sm/snapshot.1_1 time:11
2019-10-15 22:57:23,534 [44ad8ee9-a38d-4e5d-9002-6fd30af5f6a1@group-C92BDBD9D086-StateMachineUpdater] INFO  impl.StateMachineUpdater (StateMachineUpdater.java:takeSnapshot(269)) - 44ad8ee9-a38d-4e5d-9002-6fd30af5f6a1@group-C92BDBD9D086-StateMachineUpdater: Took a snapshot at index 1
2019-10-15 22:57:23,534 [44ad8ee9-a38d-4e5d-9002-6fd30af5f6a1@group-C92BDBD9D086-StateMachineUpdater] INFO  impl.StateMachineUpdater (StateMachineUpdater.java:lambda$new$0(84)) - 44ad8ee9-a38d-4e5d-9002-6fd30af5f6a1@group-C92BDBD9D086-StateMachineUpdater: snapshotIndex: updateIncreasingly 1 -> 1
2019-10-15 22:57:23,534 [main] INFO  impl.RaftServerImpl (ServerState.java:close(387)) - 44ad8ee9-a38d-4e5d-9002-6fd30af5f6a1@group-C92BDBD9D086: closes. applyIndex: 2
2019-10-15 22:57:23,535 [44ad8ee9-a38d-4e5d-9002-6fd30af5f6a1@group-C92BDBD9D086-SegmentedRaftLogWorker] INFO  segmented.SegmentedRaftLogWorker (SegmentedRaftLogWorker.java:run(316)) - 44ad8ee9-a38d-4e5d-9002-6fd30af5f6a1@group-C92BDBD9D086-SegmentedRaftLogWorker was interrupted, exiting. There are 0 tasks remaining in the queue.
2019-10-15 22:57:23,537 [main] INFO  segmented.SegmentedRaftLogWorker (SegmentedRaftLogWorker.java:close(224)) - 44ad8ee9-a38d-4e5d-9002-6fd30af5f6a1@group-C92BDBD9D086-SegmentedRaftLogWorker close()
2019-10-15 22:57:23,540 [main] INFO  impl.RaftServerImpl (RaftServerImpl.java:lambda$shutdown$3(247)) - 44ad8ee9-a38d-4e5d-9002-6fd30af5f6a1@group-033B24A21299: shutdown
2019-10-15 22:57:23,540 [main] INFO  util.JmxRegister (JmxRegister.java:unregister(73)) - Successfully un-registered JMX Bean with object name Ratis:service=RaftServer,group=group-033B24A21299,id=44ad8ee9-a38d-4e5d-9002-6fd30af5f6a1
2019-10-15 22:57:23,540 [main] INFO  impl.RoleInfo (RoleInfo.java:shutdownLeaderState(104)) - 44ad8ee9-a38d-4e5d-9002-6fd30af5f6a1: shutdown LeaderState
2019-10-15 22:57:23,540 [main] INFO  impl.PendingRequests (PendingRequests.java:sendNotLeaderResponses(202)) - 44ad8ee9-a38d-4e5d-9002-6fd30af5f6a1@group-033B24A21299-PendingRequests: sendNotLeaderResponses
2019-10-15 22:57:23,541 [main] INFO  impl.StateMachineUpdater (StateMachineUpdater.java:stopAndJoin(136)) - 44ad8ee9-a38d-4e5d-9002-6fd30af5f6a1@group-033B24A21299-StateMachineUpdater: set stopIndex = 0
2019-10-15 22:57:23,541 [main] INFO  impl.RaftServerImpl (ServerState.java:close(387)) - 44ad8ee9-a38d-4e5d-9002-6fd30af5f6a1@group-033B24A21299: closes. applyIndex: 0
2019-10-15 22:57:23,541 [44ad8ee9-a38d-4e5d-9002-6fd30af5f6a1@group-033B24A21299-SegmentedRaftLogWorker] INFO  segmented.SegmentedRaftLogWorker (SegmentedRaftLogWorker.java:run(316)) - 44ad8ee9-a38d-4e5d-9002-6fd30af5f6a1@group-033B24A21299-SegmentedRaftLogWorker was interrupted, exiting. There are 0 tasks remaining in the queue.
2019-10-15 22:57:23,542 [main] INFO  segmented.SegmentedRaftLogWorker (SegmentedRaftLogWorker.java:close(224)) - 44ad8ee9-a38d-4e5d-9002-6fd30af5f6a1@group-033B24A21299-SegmentedRaftLogWorker close()
2019-10-15 22:57:23,545 [main] INFO  server.GrpcService (GrpcService.java:closeImpl(164)) - 44ad8ee9-a38d-4e5d-9002-6fd30af5f6a1: shutdown server with port 38486 now
2019-10-15 22:57:23,546 [grpc-default-executor-6] WARN  server.GrpcServerProtocolService (LogUtils.java:warn(134)) - 44ad8ee9-a38d-4e5d-9002-6fd30af5f6a1: installSnapshot onError, lastRequest: 210f7630-7f49-4d5d-b69d-a8f854decf33->44ad8ee9-a38d-4e5d-9002-6fd30af5f6a1#5-t1, previous=(t:1, i:2), leaderCommit=2, initializing? false, entries: <empty>: org.apache.ratis.thirdparty.io.grpc.StatusRuntimeException: CANCELLED: cancelled before receiving half close
2019-10-15 22:57:23,546 [main] INFO  server.GrpcService (GrpcService.java:closeImpl(172)) - 44ad8ee9-a38d-4e5d-9002-6fd30af5f6a1: shutdown server with port 38486 successfully
2019-10-15 22:57:23,546 [grpc-default-executor-5] WARN  server.GrpcLogAppender (LogUtils.java:warn(134)) - 210f7630-7f49-4d5d-b69d-a8f854decf33@group-C92BDBD9D086->44ad8ee9-a38d-4e5d-9002-6fd30af5f6a1-AppendLogResponseHandler: Failed appendEntries: org.apache.ratis.thirdparty.io.grpc.StatusRuntimeException: CANCELLED: HTTP/2 error code: CANCEL
Received Rst Stream
2019-10-15 22:57:23,547 [grpc-default-executor-5] INFO  impl.FollowerInfo (FollowerInfo.java:lambda$new$0(51)) - 210f7630-7f49-4d5d-b69d-a8f854decf33@group-C92BDBD9D086->44ad8ee9-a38d-4e5d-9002-6fd30af5f6a1: nextIndex: updateUnconditionally 3 -> 2
2019-10-15 22:57:23,547 [refreshUsed-/workdir/hadoop-ozone/integration-test/target/test-dir/MiniOzoneClusterImpl-9abf6572-ed34-46c8-9feb-aff0a1c47f1b/datanode-0/data/containers] WARN  fs.CachingGetSpaceUsed (CachingGetSpaceUsed.java:run(183)) - Thread Interrupted waiting to refresh disk information: sleep interrupted
2019-10-15 22:57:23,572 [main] INFO  utils.BackgroundService (BackgroundService.java:shutdown(151)) - Shutting down service BlockDeletingService
2019-10-15 22:57:23,580 [main] INFO  statemachine.DatanodeStateMachine (DatanodeStateMachine.java:stopDaemon(395)) - Ozone container server stopped.
2019-10-15 22:57:23,582 [main] INFO  handler.ContextHandler (ContextHandler.java:doStop(910)) - Stopped o.e.j.w.WebAppContext@ca8ef3a{/,null,UNAVAILABLE}{/hddsDatanode}
2019-10-15 22:57:23,585 [main] INFO  server.AbstractConnector (AbstractConnector.java:doStop(318)) - Stopped ServerConnector@17043b04{HTTP/1.1,[http/1.1]}{0.0.0.0:0}
2019-10-15 22:57:23,586 [main] INFO  handler.ContextHandler (ContextHandler.java:doStop(910)) - Stopped o.e.j.s.ServletContextHandler@3728a578{/static,jar:file:/home/user/.m2/repository/org/apache/hadoop/hadoop-hdds-container-service/0.5.0-SNAPSHOT/hadoop-hdds-container-service-0.5.0-SNAPSHOT.jar!/webapps/static,UNAVAILABLE}
2019-10-15 22:57:23,586 [main] INFO  handler.ContextHandler (ContextHandler.java:doStop(910)) - Stopped o.e.j.s.ServletContextHandler@43ac0a68{/logs,file:///workdir/hadoop-ozone/integration-test/target/log,UNAVAILABLE}
2019-10-15 22:57:24,519 [Datanode State Machine Thread - 0] INFO  statemachine.DatanodeStateMachine (DatanodeStateMachine.java:lambda$startDaemon$0(350)) - Ozone container server started.
2019-10-15 22:57:25,919 [grpc-default-executor-6] WARN  server.GrpcLogAppender (LogUtils.java:warn(134)) - 210f7630-7f49-4d5d-b69d-a8f854decf33@group-C92BDBD9D086->44ad8ee9-a38d-4e5d-9002-6fd30af5f6a1-AppendLogResponseHandler: Failed appendEntries: org.apache.ratis.thirdparty.io.grpc.StatusRuntimeException: UNAVAILABLE: io exception
2019-10-15 22:57:25,920 [grpc-default-executor-6] INFO  impl.FollowerInfo (FollowerInfo.java:lambda$new$0(51)) - 210f7630-7f49-4d5d-b69d-a8f854decf33@group-C92BDBD9D086->44ad8ee9-a38d-4e5d-9002-6fd30af5f6a1: nextIndex: updateUnconditionally 2 -> 1
2019-10-15 22:57:28,418 [grpc-default-executor-0] WARN  server.GrpcLogAppender (LogUtils.java:warn(134)) - 210f7630-7f49-4d5d-b69d-a8f854decf33@group-C92BDBD9D086->44ad8ee9-a38d-4e5d-9002-6fd30af5f6a1-AppendLogResponseHandler: Failed appendEntries: org.apache.ratis.thirdparty.io.grpc.StatusRuntimeException: UNAVAILABLE: io exception
2019-10-15 22:57:28,419 [grpc-default-executor-0] INFO  impl.FollowerInfo (FollowerInfo.java:lambda$new$0(51)) - 210f7630-7f49-4d5d-b69d-a8f854decf33@group-C92BDBD9D086->44ad8ee9-a38d-4e5d-9002-6fd30af5f6a1: nextIndex: updateUnconditionally 1 -> 0
2019-10-15 22:57:28,588 [main] INFO  ozoneimpl.OzoneContainer (OzoneContainer.java:stop(227)) - Attempting to stop container services.
2019-10-15 22:57:28,589 [main] INFO  impl.RaftServerProxy (RaftServerProxy.java:lambda$close$4(314)) - 6efc5f30-817c-427c-a302-97fd228528b7: close
2019-10-15 22:57:28,590 [main] INFO  impl.RaftServerImpl (RaftServerImpl.java:lambda$shutdown$3(247)) - 6efc5f30-817c-427c-a302-97fd228528b7@group-C92BDBD9D086: shutdown
2019-10-15 22:57:28,590 [main] INFO  util.JmxRegister (JmxRegister.java:unregister(73)) - Successfully un-registered JMX Bean with object name Ratis:service=RaftServer,group=group-C92BDBD9D086,id=6efc5f30-817c-427c-a302-97fd228528b7
2019-10-15 22:57:28,590 [main] INFO  impl.RoleInfo (RoleInfo.java:shutdownFollowerState(121)) - 6efc5f30-817c-427c-a302-97fd228528b7: shutdown FollowerState
2019-10-15 22:57:28,590 [main] INFO  impl.StateMachineUpdater (StateMachineUpdater.java:stopAndJoin(136)) - 6efc5f30-817c-427c-a302-97fd228528b7@group-C92BDBD9D086-StateMachineUpdater: set stopIndex = 2
2019-10-15 22:57:28,591 [6efc5f30-817c-427c-a302-97fd228528b7@group-C92BDBD9D086-StateMachineUpdater] INFO  ratis.ContainerStateMachine (ContainerStateMachine.java:takeSnapshot(294)) - group-C92BDBD9D086: Taking a snapshot at:(t:1, i:1) file /workdir/hadoop-ozone/integration-test/target/test-dir/MiniOzoneClusterImpl-9abf6572-ed34-46c8-9feb-aff0a1c47f1b/datanode-1/data/ratis/68625640-5385-46d6-a12e-c92bdbd9d086/sm/snapshot.1_1
2019-10-15 22:57:28,591 [Thread-1563] INFO  impl.FollowerState (FollowerState.java:run(117)) - 6efc5f30-817c-427c-a302-97fd228528b7@group-C92BDBD9D086-FollowerState was interrupted: java.lang.InterruptedException: sleep interrupted
2019-10-15 22:57:28,603 [6efc5f30-817c-427c-a302-97fd228528b7@group-C92BDBD9D086-StateMachineUpdater] INFO  ratis.ContainerStateMachine (ContainerStateMachine.java:takeSnapshot(305)) - group-C92BDBD9D086: Finished taking a snapshot at:(t:1, i:1) file:/workdir/hadoop-ozone/integration-test/target/test-dir/MiniOzoneClusterImpl-9abf6572-ed34-46c8-9feb-aff0a1c47f1b/datanode-1/data/ratis/68625640-5385-46d6-a12e-c92bdbd9d086/sm/snapshot.1_1 time:13
2019-10-15 22:57:28,604 [6efc5f30-817c-427c-a302-97fd228528b7@group-C92BDBD9D086-StateMachineUpdater] INFO  impl.StateMachineUpdater (StateMachineUpdater.java:takeSnapshot(269)) - 6efc5f30-817c-427c-a302-97fd228528b7@group-C92BDBD9D086-StateMachineUpdater: Took a snapshot at index 1
2019-10-15 22:57:28,604 [6efc5f30-817c-427c-a302-97fd228528b7@group-C92BDBD9D086-StateMachineUpdater] INFO  impl.StateMachineUpdater (StateMachineUpdater.java:lambda$new$0(84)) - 6efc5f30-817c-427c-a302-97fd228528b7@group-C92BDBD9D086-StateMachineUpdater: snapshotIndex: updateIncreasingly -1 -> 1
2019-10-15 22:57:28,604 [6efc5f30-817c-427c-a302-97fd228528b7@group-C92BDBD9D086-StateMachineUpdater] INFO  ratis.ContainerStateMachine (ContainerStateMachine.java:takeSnapshot(294)) - group-C92BDBD9D086: Taking a snapshot at:(t:1, i:1) file /workdir/hadoop-ozone/integration-test/target/test-dir/MiniOzoneClusterImpl-9abf6572-ed34-46c8-9feb-aff0a1c47f1b/datanode-1/data/ratis/68625640-5385-46d6-a12e-c92bdbd9d086/sm/snapshot.1_1
2019-10-15 22:57:28,617 [6efc5f30-817c-427c-a302-97fd228528b7@group-C92BDBD9D086-StateMachineUpdater] INFO  ratis.ContainerStateMachine (ContainerStateMachine.java:takeSnapshot(305)) - group-C92BDBD9D086: Finished taking a snapshot at:(t:1, i:1) file:/workdir/hadoop-ozone/integration-test/target/test-dir/MiniOzoneClusterImpl-9abf6572-ed34-46c8-9feb-aff0a1c47f1b/datanode-1/data/ratis/68625640-5385-46d6-a12e-c92bdbd9d086/sm/snapshot.1_1 time:12
2019-10-15 22:57:28,617 [6efc5f30-817c-427c-a302-97fd228528b7@group-C92BDBD9D086-StateMachineUpdater] INFO  impl.StateMachineUpdater (StateMachineUpdater.java:takeSnapshot(269)) - 6efc5f30-817c-427c-a302-97fd228528b7@group-C92BDBD9D086-StateMachineUpdater: Took a snapshot at index 1
2019-10-15 22:57:28,617 [6efc5f30-817c-427c-a302-97fd228528b7@group-C92BDBD9D086-StateMachineUpdater] INFO  impl.StateMachineUpdater (StateMachineUpdater.java:lambda$new$0(84)) - 6efc5f30-817c-427c-a302-97fd228528b7@group-C92BDBD9D086-StateMachineUpdater: snapshotIndex: updateIncreasingly 1 -> 1
2019-10-15 22:57:28,617 [main] INFO  impl.RaftServerImpl (ServerState.java:close(387)) - 6efc5f30-817c-427c-a302-97fd228528b7@group-C92BDBD9D086: closes. applyIndex: 2
2019-10-15 22:57:28,618 [6efc5f30-817c-427c-a302-97fd228528b7@group-C92BDBD9D086-SegmentedRaftLogWorker] INFO  segmented.SegmentedRaftLogWorker (SegmentedRaftLogWorker.java:run(316)) - 6efc5f30-817c-427c-a302-97fd228528b7@group-C92BDBD9D086-SegmentedRaftLogWorker was interrupted, exiting. There are 0 tasks remaining in the queue.
2019-10-15 22:57:28,620 [main] INFO  segmented.SegmentedRaftLogWorker (SegmentedRaftLogWorker.java:close(224)) - 6efc5f30-817c-427c-a302-97fd228528b7@group-C92BDBD9D086-SegmentedRaftLogWorker close()
2019-10-15 22:57:28,622 [main] INFO  impl.RaftServerImpl (RaftServerImpl.java:lambda$shutdown$3(247)) - 6efc5f30-817c-427c-a302-97fd228528b7@group-D41E735B8392: shutdown
2019-10-15 22:57:28,622 [main] INFO  util.JmxRegister (JmxRegister.java:unregister(73)) - Successfully un-registered JMX Bean with object name Ratis:service=RaftServer,group=group-D41E735B8392,id=6efc5f30-817c-427c-a302-97fd228528b7
2019-10-15 22:57:28,623 [main] INFO  impl.RoleInfo (RoleInfo.java:shutdownLeaderState(104)) - 6efc5f30-817c-427c-a302-97fd228528b7: shutdown LeaderState
2019-10-15 22:57:28,623 [main] INFO  impl.PendingRequests (PendingRequests.java:sendNotLeaderResponses(202)) - 6efc5f30-817c-427c-a302-97fd228528b7@group-D41E735B8392-PendingRequests: sendNotLeaderResponses
2019-10-15 22:57:28,623 [main] INFO  impl.StateMachineUpdater (StateMachineUpdater.java:stopAndJoin(136)) - 6efc5f30-817c-427c-a302-97fd228528b7@group-D41E735B8392-StateMachineUpdater: set stopIndex = 0
2019-10-15 22:57:28,624 [main] INFO  impl.RaftServerImpl (ServerState.java:close(387)) - 6efc5f30-817c-427c-a302-97fd228528b7@group-D41E735B8392: closes. applyIndex: 0
2019-10-15 22:57:28,624 [6efc5f30-817c-427c-a302-97fd228528b7@group-D41E735B8392-SegmentedRaftLogWorker] INFO  segmented.SegmentedRaftLogWorker (SegmentedRaftLogWorker.java:run(316)) - 6efc5f30-817c-427c-a302-97fd228528b7@group-D41E735B8392-SegmentedRaftLogWorker was interrupted, exiting. There are 0 tasks remaining in the queue.
2019-10-15 22:57:28,625 [main] INFO  segmented.SegmentedRaftLogWorker (SegmentedRaftLogWorker.java:close(224)) - 6efc5f30-817c-427c-a302-97fd228528b7@group-D41E735B8392-SegmentedRaftLogWorker close()
2019-10-15 22:57:28,628 [main] INFO  server.GrpcService (GrpcService.java:closeImpl(164)) - 6efc5f30-817c-427c-a302-97fd228528b7: shutdown server with port 33680 now
2019-10-15 22:57:28,629 [grpc-default-executor-6] WARN  server.GrpcServerProtocolService (LogUtils.java:warn(134)) - 6efc5f30-817c-427c-a302-97fd228528b7: installSnapshot onError, lastRequest: 210f7630-7f49-4d5d-b69d-a8f854decf33->6efc5f30-817c-427c-a302-97fd228528b7#7-t1, previous=(t:1, i:2), leaderCommit=2, initializing? false, entries: <empty>: org.apache.ratis.thirdparty.io.grpc.StatusRuntimeException: CANCELLED: cancelled before receiving half close
2019-10-15 22:57:28,629 [main] INFO  server.GrpcService (GrpcService.java:closeImpl(172)) - 6efc5f30-817c-427c-a302-97fd228528b7: shutdown server with port 33680 successfully
2019-10-15 22:57:28,629 [grpc-default-executor-5] WARN  server.GrpcLogAppender (LogUtils.java:warn(134)) - 210f7630-7f49-4d5d-b69d-a8f854decf33@group-C92BDBD9D086->6efc5f30-817c-427c-a302-97fd228528b7-AppendLogResponseHandler: Failed appendEntries: org.apache.ratis.thirdparty.io.grpc.StatusRuntimeException: CANCELLED: HTTP/2 error code: CANCEL
Received Rst Stream
2019-10-15 22:57:28,630 [grpc-default-executor-5] INFO  impl.FollowerInfo (FollowerInfo.java:lambda$new$0(51)) - 210f7630-7f49-4d5d-b69d-a8f854decf33@group-C92BDBD9D086->6efc5f30-817c-427c-a302-97fd228528b7: nextIndex: updateUnconditionally 3 -> 2
2019-10-15 22:57:28,631 [refreshUsed-/workdir/hadoop-ozone/integration-test/target/test-dir/MiniOzoneClusterImpl-9abf6572-ed34-46c8-9feb-aff0a1c47f1b/datanode-1/data/containers] WARN  fs.CachingGetSpaceUsed (CachingGetSpaceUsed.java:run(183)) - Thread Interrupted waiting to refresh disk information: sleep interrupted
2019-10-15 22:57:28,648 [main] INFO  utils.BackgroundService (BackgroundService.java:shutdown(151)) - Shutting down service BlockDeletingService
2019-10-15 22:57:28,652 [main] INFO  statemachine.DatanodeStateMachine (DatanodeStateMachine.java:stopDaemon(395)) - Ozone container server stopped.
2019-10-15 22:57:28,654 [main] INFO  handler.ContextHandler (ContextHandler.java:doStop(910)) - Stopped o.e.j.w.WebAppContext@66383c29{/,null,UNAVAILABLE}{/hddsDatanode}
2019-10-15 22:57:28,655 [main] INFO  server.AbstractConnector (AbstractConnector.java:doStop(318)) - Stopped ServerConnector@7f7c420c{HTTP/1.1,[http/1.1]}{0.0.0.0:0}
2019-10-15 22:57:28,655 [main] INFO  handler.ContextHandler (ContextHandler.java:doStop(910)) - Stopped o.e.j.s.ServletContextHandler@7edb6fca{/static,jar:file:/home/user/.m2/repository/org/apache/hadoop/hadoop-hdds-container-service/0.5.0-SNAPSHOT/hadoop-hdds-container-service-0.5.0-SNAPSHOT.jar!/webapps/static,UNAVAILABLE}
2019-10-15 22:57:28,655 [main] INFO  handler.ContextHandler (ContextHandler.java:doStop(910)) - Stopped o.e.j.s.ServletContextHandler@2349f14d{/logs,file:///workdir/hadoop-ozone/integration-test/target/log,UNAVAILABLE}
2019-10-15 22:57:30,918 [grpc-default-executor-0] WARN  server.GrpcLogAppender (LogUtils.java:warn(134)) - 210f7630-7f49-4d5d-b69d-a8f854decf33@group-C92BDBD9D086->44ad8ee9-a38d-4e5d-9002-6fd30af5f6a1-AppendLogResponseHandler: Failed appendEntries: org.apache.ratis.thirdparty.io.grpc.StatusRuntimeException: UNAVAILABLE: io exception
2019-10-15 22:57:30,919 [grpc-default-executor-0] INFO  impl.FollowerInfo (FollowerInfo.java:lambda$new$0(51)) - 210f7630-7f49-4d5d-b69d-a8f854decf33@group-C92BDBD9D086->44ad8ee9-a38d-4e5d-9002-6fd30af5f6a1: nextIndex: updateUnconditionally 0 -> 0
2019-10-15 22:57:30,921 [grpc-default-executor-0] WARN  server.GrpcLogAppender (LogUtils.java:warn(134)) - 210f7630-7f49-4d5d-b69d-a8f854decf33@group-C92BDBD9D086->6efc5f30-817c-427c-a302-97fd228528b7-AppendLogResponseHandler: Failed appendEntries: org.apache.ratis.thirdparty.io.grpc.StatusRuntimeException: UNAVAILABLE: io exception
2019-10-15 22:57:30,921 [grpc-default-executor-0] INFO  impl.FollowerInfo (FollowerInfo.java:lambda$new$0(51)) - 210f7630-7f49-4d5d-b69d-a8f854decf33@group-C92BDBD9D086->6efc5f30-817c-427c-a302-97fd228528b7: nextIndex: updateUnconditionally 2 -> 1
2019-10-15 22:57:33,420 [grpc-default-executor-0] WARN  server.GrpcLogAppender (LogUtils.java:warn(134)) - 210f7630-7f49-4d5d-b69d-a8f854decf33@group-C92BDBD9D086->44ad8ee9-a38d-4e5d-9002-6fd30af5f6a1-AppendLogResponseHandler: Failed appendEntries: org.apache.ratis.thirdparty.io.grpc.StatusRuntimeException: UNAVAILABLE: io exception
2019-10-15 22:57:33,420 [grpc-default-executor-0] INFO  impl.FollowerInfo (FollowerInfo.java:lambda$new$0(51)) - 210f7630-7f49-4d5d-b69d-a8f854decf33@group-C92BDBD9D086->44ad8ee9-a38d-4e5d-9002-6fd30af5f6a1: nextIndex: updateUnconditionally 0 -> 0
2019-10-15 22:57:33,422 [grpc-default-executor-5] WARN  server.GrpcLogAppender (LogUtils.java:warn(134)) - 210f7630-7f49-4d5d-b69d-a8f854decf33@group-C92BDBD9D086->6efc5f30-817c-427c-a302-97fd228528b7-AppendLogResponseHandler: Failed appendEntries: org.apache.ratis.thirdparty.io.grpc.StatusRuntimeException: UNAVAILABLE: io exception
2019-10-15 22:57:33,422 [grpc-default-executor-5] INFO  impl.FollowerInfo (FollowerInfo.java:lambda$new$0(51)) - 210f7630-7f49-4d5d-b69d-a8f854decf33@group-C92BDBD9D086->6efc5f30-817c-427c-a302-97fd228528b7: nextIndex: updateUnconditionally 1 -> 0
2019-10-15 22:57:35,922 [grpc-default-executor-5] WARN  server.GrpcLogAppender (LogUtils.java:warn(134)) - 210f7630-7f49-4d5d-b69d-a8f854decf33@group-C92BDBD9D086->44ad8ee9-a38d-4e5d-9002-6fd30af5f6a1-AppendLogResponseHandler: Failed appendEntries: org.apache.ratis.thirdparty.io.grpc.StatusRuntimeException: UNAVAILABLE: io exception
2019-10-15 22:57:35,923 [grpc-default-executor-6] WARN  server.GrpcLogAppender (LogUtils.java:warn(134)) - 210f7630-7f49-4d5d-b69d-a8f854decf33@group-C92BDBD9D086->6efc5f30-817c-427c-a302-97fd228528b7-AppendLogResponseHandler: Failed appendEntries: org.apache.ratis.thirdparty.io.grpc.StatusRuntimeException: UNAVAILABLE: io exception
2019-10-15 22:57:35,923 [grpc-default-executor-6] INFO  impl.FollowerInfo (FollowerInfo.java:lambda$new$0(51)) - 210f7630-7f49-4d5d-b69d-a8f854decf33@group-C92BDBD9D086->6efc5f30-817c-427c-a302-97fd228528b7: nextIndex: updateUnconditionally 0 -> 0
2019-10-15 22:57:35,923 [grpc-default-executor-5] INFO  impl.FollowerInfo (FollowerInfo.java:lambda$new$0(51)) - 210f7630-7f49-4d5d-b69d-a8f854decf33@group-C92BDBD9D086->44ad8ee9-a38d-4e5d-9002-6fd30af5f6a1: nextIndex: updateUnconditionally 0 -> 0
2019-10-15 22:57:38,423 [grpc-default-executor-5] WARN  server.GrpcLogAppender (LogUtils.java:warn(134)) - 210f7630-7f49-4d5d-b69d-a8f854decf33@group-C92BDBD9D086->44ad8ee9-a38d-4e5d-9002-6fd30af5f6a1-AppendLogResponseHandler: Failed appendEntries: org.apache.ratis.thirdparty.io.grpc.StatusRuntimeException: UNAVAILABLE: io exception
2019-10-15 22:57:38,423 [grpc-default-executor-6] WARN  server.GrpcLogAppender (LogUtils.java:warn(134)) - 210f7630-7f49-4d5d-b69d-a8f854decf33@group-C92BDBD9D086->6efc5f30-817c-427c-a302-97fd228528b7-AppendLogResponseHandler: Failed appendEntries: org.apache.ratis.thirdparty.io.grpc.StatusRuntimeException: UNAVAILABLE: io exception
2019-10-15 22:57:38,424 [grpc-default-executor-6] INFO  impl.FollowerInfo (FollowerInfo.java:lambda$new$0(51)) - 210f7630-7f49-4d5d-b69d-a8f854decf33@group-C92BDBD9D086->6efc5f30-817c-427c-a302-97fd228528b7: nextIndex: updateUnconditionally 0 -> 0
2019-10-15 22:57:38,424 [grpc-default-executor-5] INFO  impl.FollowerInfo (FollowerInfo.java:lambda$new$0(51)) - 210f7630-7f49-4d5d-b69d-a8f854decf33@group-C92BDBD9D086->44ad8ee9-a38d-4e5d-9002-6fd30af5f6a1: nextIndex: updateUnconditionally 0 -> 0
2019-10-15 22:57:38,885 [Thread-1634] INFO  client.GrpcClientProtocolService (GrpcClientProtocolService.java:lambda$processClientRequest$0(278)) - Failed RaftClientRequest:client-FDE951605446->210f7630-7f49-4d5d-b69d-a8f854decf33@group-C92BDBD9D086, cid=65, seq=0, Watch-ALL_COMMITTED(55), Message:<EMPTY>, reply=RaftClientReply:client-FDE951605446->210f7630-7f49-4d5d-b69d-a8f854decf33@group-C92BDBD9D086, cid=65, FAILED org.apache.ratis.protocol.NotReplicatedException: Request with call Id 65 and log index 55 is not yet replicated to ALL_COMMITTED, logIndex=55, commits[210f7630-7f49-4d5d-b69d-a8f854decf33:c2, 44ad8ee9-a38d-4e5d-9002-6fd30af5f6a1:c2, 6efc5f30-817c-427c-a302-97fd228528b7:c2]
2019-10-15 22:57:40,923 [grpc-default-executor-6] WARN  server.GrpcLogAppender (LogUtils.java:warn(134)) - 210f7630-7f49-4d5d-b69d-a8f854decf33@group-C92BDBD9D086->44ad8ee9-a38d-4e5d-9002-6fd30af5f6a1-AppendLogResponseHandler: Failed appendEntries: org.apache.ratis.thirdparty.io.grpc.StatusRuntimeException: UNAVAILABLE: io exception
2019-10-15 22:57:40,924 [grpc-default-executor-4] WARN  server.GrpcLogAppender (LogUtils.java:warn(134)) - 210f7630-7f49-4d5d-b69d-a8f854decf33@group-C92BDBD9D086->6efc5f30-817c-427c-a302-97fd228528b7-AppendLogResponseHandler: Failed appendEntries: org.apache.ratis.thirdparty.io.grpc.StatusRuntimeException: UNAVAILABLE: io exception
2019-10-15 22:57:40,924 [grpc-default-executor-6] INFO  impl.FollowerInfo (FollowerInfo.java:lambda$new$0(51)) - 210f7630-7f49-4d5d-b69d-a8f854decf33@group-C92BDBD9D086->44ad8ee9-a38d-4e5d-9002-6fd30af5f6a1: nextIndex: updateUnconditionally 0 -> 0
2019-10-15 22:57:40,924 [grpc-default-executor-4] INFO  impl.FollowerInfo (FollowerInfo.java:lambda$new$0(51)) - 210f7630-7f49-4d5d-b69d-a8f854decf33@group-C92BDBD9D086->6efc5f30-817c-427c-a302-97fd228528b7: nextIndex: updateUnconditionally 0 -> 0
2019-10-15 22:57:43,426 [grpc-default-executor-4] WARN  server.GrpcLogAppender (LogUtils.java:warn(134)) - 210f7630-7f49-4d5d-b69d-a8f854decf33@group-C92BDBD9D086->44ad8ee9-a38d-4e5d-9002-6fd30af5f6a1-AppendLogResponseHandler: Failed appendEntries: org.apache.ratis.thirdparty.io.grpc.StatusRuntimeException: UNAVAILABLE: io exception
2019-10-15 22:57:43,426 [grpc-default-executor-5] WARN  server.GrpcLogAppender (LogUtils.java:warn(134)) - 210f7630-7f49-4d5d-b69d-a8f854decf33@group-C92BDBD9D086->6efc5f30-817c-427c-a302-97fd228528b7-AppendLogResponseHandler: Failed appendEntries: org.apache.ratis.thirdparty.io.grpc.StatusRuntimeException: UNAVAILABLE: io exception
2019-10-15 22:57:43,426 [grpc-default-executor-4] INFO  impl.FollowerInfo (FollowerInfo.java:lambda$new$0(51)) - 210f7630-7f49-4d5d-b69d-a8f854decf33@group-C92BDBD9D086->44ad8ee9-a38d-4e5d-9002-6fd30af5f6a1: nextIndex: updateUnconditionally 0 -> 0
2019-10-15 22:57:43,427 [grpc-default-executor-5] INFO  impl.FollowerInfo (FollowerInfo.java:lambda$new$0(51)) - 210f7630-7f49-4d5d-b69d-a8f854decf33@group-C92BDBD9D086->6efc5f30-817c-427c-a302-97fd228528b7: nextIndex: updateUnconditionally 0 -> 0
2019-10-15 22:57:45,926 [grpc-default-executor-0] WARN  server.GrpcLogAppender (LogUtils.java:warn(134)) - 210f7630-7f49-4d5d-b69d-a8f854decf33@group-C92BDBD9D086->44ad8ee9-a38d-4e5d-9002-6fd30af5f6a1-AppendLogResponseHandler: Failed appendEntries: org.apache.ratis.thirdparty.io.grpc.StatusRuntimeException: UNAVAILABLE: io exception
2019-10-15 22:57:45,926 [grpc-default-executor-5] WARN  server.GrpcLogAppender (LogUtils.java:warn(134)) - 210f7630-7f49-4d5d-b69d-a8f854decf33@group-C92BDBD9D086->6efc5f30-817c-427c-a302-97fd228528b7-AppendLogResponseHandler: Failed appendEntries: org.apache.ratis.thirdparty.io.grpc.StatusRuntimeException: UNAVAILABLE: io exception
2019-10-15 22:57:45,926 [grpc-default-executor-0] INFO  impl.FollowerInfo (FollowerInfo.java:lambda$new$0(51)) - 210f7630-7f49-4d5d-b69d-a8f854decf33@group-C92BDBD9D086->44ad8ee9-a38d-4e5d-9002-6fd30af5f6a1: nextIndex: updateUnconditionally 0 -> 0
2019-10-15 22:57:45,926 [grpc-default-executor-5] INFO  impl.FollowerInfo (FollowerInfo.java:lambda$new$0(51)) - 210f7630-7f49-4d5d-b69d-a8f854decf33@group-C92BDBD9D086->6efc5f30-817c-427c-a302-97fd228528b7: nextIndex: updateUnconditionally 0 -> 0
2019-10-15 22:57:48,427 [grpc-default-executor-1] WARN  server.GrpcLogAppender (LogUtils.java:warn(134)) - 210f7630-7f49-4d5d-b69d-a8f854decf33@group-C92BDBD9D086->6efc5f30-817c-427c-a302-97fd228528b7-AppendLogResponseHandler: Failed appendEntries: org.apache.ratis.thirdparty.io.grpc.StatusRuntimeException: UNAVAILABLE: io exception
2019-10-15 22:57:48,427 [grpc-default-executor-0] WARN  server.GrpcLogAppender (LogUtils.java:warn(134)) - 210f7630-7f49-4d5d-b69d-a8f854decf33@group-C92BDBD9D086->44ad8ee9-a38d-4e5d-9002-6fd30af5f6a1-AppendLogResponseHandler: Failed appendEntries: org.apache.ratis.thirdparty.io.grpc.StatusRuntimeException: UNAVAILABLE: io exception
2019-10-15 22:57:48,428 [grpc-default-executor-1] INFO  impl.FollowerInfo (FollowerInfo.java:lambda$new$0(51)) - 210f7630-7f49-4d5d-b69d-a8f854decf33@group-C92BDBD9D086->6efc5f30-817c-427c-a302-97fd228528b7: nextIndex: updateUnconditionally 0 -> 0
2019-10-15 22:57:48,428 [grpc-default-executor-0] INFO  impl.FollowerInfo (FollowerInfo.java:lambda$new$0(51)) - 210f7630-7f49-4d5d-b69d-a8f854decf33@group-C92BDBD9D086->44ad8ee9-a38d-4e5d-9002-6fd30af5f6a1: nextIndex: updateUnconditionally 0 -> 0
2019-10-15 22:57:48,658 [main] WARN  scm.XceiverClientRatis (XceiverClientRatis.java:watchForCommit(277)) - 3 way commit failed on pipeline Pipeline[ Id: 68625640-5385-46d6-a12e-c92bdbd9d086, Nodes: 44ad8ee9-a38d-4e5d-9002-6fd30af5f6a1{ip: 192.168.69.67, host: pr-hdds-2071-8rz7p-357833546, networkLocation: /default-rack, certSerialId: null}6efc5f30-817c-427c-a302-97fd228528b7{ip: 192.168.69.67, host: pr-hdds-2071-8rz7p-357833546, networkLocation: /default-rack, certSerialId: null}210f7630-7f49-4d5d-b69d-a8f854decf33{ip: 192.168.69.67, host: pr-hdds-2071-8rz7p-357833546, networkLocation: /default-rack, certSerialId: null}, Type:RATIS, Factor:THREE, State:OPEN]
java.util.concurrent.TimeoutException
	at java.util.concurrent.CompletableFuture.timedGet(CompletableFuture.java:1771)
	at java.util.concurrent.CompletableFuture.get(CompletableFuture.java:1915)
	at org.apache.hadoop.hdds.scm.XceiverClientRatis.watchForCommit(XceiverClientRatis.java:274)
	at org.apache.hadoop.ozone.client.rpc.TestWatchForCommit.testWatchForCommitForRetryfailure(TestWatchForCommit.java:345)
	at sun.reflect.NativeMethodAccessorImpl.invoke0(Native Method)
	at sun.reflect.NativeMethodAccessorImpl.invoke(NativeMethodAccessorImpl.java:62)
	at sun.reflect.DelegatingMethodAccessorImpl.invoke(DelegatingMethodAccessorImpl.java:43)
	at java.lang.reflect.Method.invoke(Method.java:498)
	at org.junit.runners.model.FrameworkMethod$1.runReflectiveCall(FrameworkMethod.java:47)
	at org.junit.internal.runners.model.ReflectiveCallable.run(ReflectiveCallable.java:12)
	at org.junit.runners.model.FrameworkMethod.invokeExplosively(FrameworkMethod.java:44)
	at org.junit.internal.runners.statements.InvokeMethod.evaluate(InvokeMethod.java:17)
	at org.junit.runners.ParentRunner.runLeaf(ParentRunner.java:271)
	at org.junit.runners.BlockJUnit4ClassRunner.runChild(BlockJUnit4ClassRunner.java:70)
	at org.junit.runners.BlockJUnit4ClassRunner.runChild(BlockJUnit4ClassRunner.java:50)
	at org.junit.runners.ParentRunner$3.run(ParentRunner.java:238)
	at org.junit.runners.ParentRunner$1.schedule(ParentRunner.java:63)
	at org.junit.runners.ParentRunner.runChildren(ParentRunner.java:236)
	at org.junit.runners.ParentRunner.access$000(ParentRunner.java:53)
	at org.junit.runners.ParentRunner$2.evaluate(ParentRunner.java:229)
	at org.junit.runners.ParentRunner.run(ParentRunner.java:309)
	at org.apache.maven.surefire.junit4.JUnit4Provider.execute(JUnit4Provider.java:365)
	at org.apache.maven.surefire.junit4.JUnit4Provider.executeWithRerun(JUnit4Provider.java:273)
	at org.apache.maven.surefire.junit4.JUnit4Provider.executeTestSet(JUnit4Provider.java:238)
	at org.apache.maven.surefire.junit4.JUnit4Provider.invoke(JUnit4Provider.java:159)
	at org.apache.maven.surefire.booter.ForkedBooter.invokeProviderInSameClassLoader(ForkedBooter.java:384)
	at org.apache.maven.surefire.booter.ForkedBooter.runSuitesInProcess(ForkedBooter.java:345)
	at org.apache.maven.surefire.booter.ForkedBooter.execute(ForkedBooter.java:126)
	at org.apache.maven.surefire.booter.ForkedBooter.main(ForkedBooter.java:418)
2019-10-15 22:57:49,884 [Thread-1653] INFO  client.GrpcClientProtocolService (GrpcClientProtocolService.java:lambda$processClientRequest$0(278)) - Failed RaftClientRequest:client-FDE951605446->210f7630-7f49-4d5d-b69d-a8f854decf33@group-C92BDBD9D086, cid=65, seq=0, Watch-ALL_COMMITTED(55), Message:<EMPTY>, reply=RaftClientReply:client-FDE951605446->210f7630-7f49-4d5d-b69d-a8f854decf33@group-C92BDBD9D086, cid=65, FAILED org.apache.ratis.protocol.NotReplicatedException: Request with call Id 65 and log index 55 is not yet replicated to ALL_COMMITTED, logIndex=55, commits[210f7630-7f49-4d5d-b69d-a8f854decf33:c2, 44ad8ee9-a38d-4e5d-9002-6fd30af5f6a1:c2, 6efc5f30-817c-427c-a302-97fd228528b7:c2]
2019-10-15 22:57:50,928 [grpc-default-executor-1] WARN  server.GrpcLogAppender (LogUtils.java:warn(134)) - 210f7630-7f49-4d5d-b69d-a8f854decf33@group-C92BDBD9D086->6efc5f30-817c-427c-a302-97fd228528b7-AppendLogResponseHandler: Failed appendEntries: org.apache.ratis.thirdparty.io.grpc.StatusRuntimeException: UNAVAILABLE: io exception
2019-10-15 22:57:50,928 [grpc-default-executor-4] WARN  server.GrpcLogAppender (LogUtils.java:warn(134)) - 210f7630-7f49-4d5d-b69d-a8f854decf33@group-C92BDBD9D086->44ad8ee9-a38d-4e5d-9002-6fd30af5f6a1-AppendLogResponseHandler: Failed appendEntries: org.apache.ratis.thirdparty.io.grpc.StatusRuntimeException: UNAVAILABLE: io exception
2019-10-15 22:57:50,928 [grpc-default-executor-1] INFO  impl.FollowerInfo (FollowerInfo.java:lambda$new$0(51)) - 210f7630-7f49-4d5d-b69d-a8f854decf33@group-C92BDBD9D086->6efc5f30-817c-427c-a302-97fd228528b7: nextIndex: updateUnconditionally 0 -> 0
2019-10-15 22:57:50,928 [grpc-default-executor-4] INFO  impl.FollowerInfo (FollowerInfo.java:lambda$new$0(51)) - 210f7630-7f49-4d5d-b69d-a8f854decf33@group-C92BDBD9D086->44ad8ee9-a38d-4e5d-9002-6fd30af5f6a1: nextIndex: updateUnconditionally 0 -> 0
2019-10-15 22:57:53,429 [grpc-default-executor-6] WARN  server.GrpcLogAppender (LogUtils.java:warn(134)) - 210f7630-7f49-4d5d-b69d-a8f854decf33@group-C92BDBD9D086->6efc5f30-817c-427c-a302-97fd228528b7-AppendLogResponseHandler: Failed appendEntries: org.apache.ratis.thirdparty.io.grpc.StatusRuntimeException: UNAVAILABLE: io exception
2019-10-15 22:57:53,430 [grpc-default-executor-6] INFO  impl.FollowerInfo (FollowerInfo.java:lambda$new$0(51)) - 210f7630-7f49-4d5d-b69d-a8f854decf33@group-C92BDBD9D086->6efc5f30-817c-427c-a302-97fd228528b7: nextIndex: updateUnconditionally 0 -> 0
2019-10-15 22:57:53,430 [grpc-default-executor-6] WARN  server.GrpcLogAppender (LogUtils.java:warn(134)) - 210f7630-7f49-4d5d-b69d-a8f854decf33@group-C92BDBD9D086->44ad8ee9-a38d-4e5d-9002-6fd30af5f6a1-AppendLogResponseHandler: Failed appendEntries: org.apache.ratis.thirdparty.io.grpc.StatusRuntimeException: UNAVAILABLE: io exception
2019-10-15 22:57:53,430 [grpc-default-executor-6] INFO  impl.FollowerInfo (FollowerInfo.java:lambda$new$0(51)) - 210f7630-7f49-4d5d-b69d-a8f854decf33@group-C92BDBD9D086->44ad8ee9-a38d-4e5d-9002-6fd30af5f6a1: nextIndex: updateUnconditionally 0 -> 0
2019-10-15 22:57:55,930 [grpc-default-executor-5] WARN  server.GrpcLogAppender (LogUtils.java:warn(134)) - 210f7630-7f49-4d5d-b69d-a8f854decf33@group-C92BDBD9D086->6efc5f30-817c-427c-a302-97fd228528b7-AppendLogResponseHandler: Failed appendEntries: org.apache.ratis.thirdparty.io.grpc.StatusRuntimeException: UNAVAILABLE: io exception
2019-10-15 22:57:55,930 [grpc-default-executor-5] INFO  impl.FollowerInfo (FollowerInfo.java:lambda$new$0(51)) - 210f7630-7f49-4d5d-b69d-a8f854decf33@group-C92BDBD9D086->6efc5f30-817c-427c-a302-97fd228528b7: nextIndex: updateUnconditionally 0 -> 0
2019-10-15 22:57:55,930 [grpc-default-executor-8] WARN  server.GrpcLogAppender (LogUtils.java:warn(134)) - 210f7630-7f49-4d5d-b69d-a8f854decf33@group-C92BDBD9D086->44ad8ee9-a38d-4e5d-9002-6fd30af5f6a1-AppendLogResponseHandler: Failed appendEntries: org.apache.ratis.thirdparty.io.grpc.StatusRuntimeException: UNAVAILABLE: io exception
2019-10-15 22:57:55,930 [grpc-default-executor-8] INFO  impl.FollowerInfo (FollowerInfo.java:lambda$new$0(51)) - 210f7630-7f49-4d5d-b69d-a8f854decf33@group-C92BDBD9D086->44ad8ee9-a38d-4e5d-9002-6fd30af5f6a1: nextIndex: updateUnconditionally 0 -> 0
2019-10-15 22:57:58,430 [grpc-default-executor-0] WARN  server.GrpcLogAppender (LogUtils.java:warn(134)) - 210f7630-7f49-4d5d-b69d-a8f854decf33@group-C92BDBD9D086->44ad8ee9-a38d-4e5d-9002-6fd30af5f6a1-AppendLogResponseHandler: Failed appendEntries: org.apache.ratis.thirdparty.io.grpc.StatusRuntimeException: UNAVAILABLE: io exception
2019-10-15 22:57:58,430 [grpc-default-executor-5] WARN  server.GrpcLogAppender (LogUtils.java:warn(134)) - 210f7630-7f49-4d5d-b69d-a8f854decf33@group-C92BDBD9D086->6efc5f30-817c-427c-a302-97fd228528b7-AppendLogResponseHandler: Failed appendEntries: org.apache.ratis.thirdparty.io.grpc.StatusRuntimeException: UNAVAILABLE: io exception
2019-10-15 22:57:58,431 [grpc-default-executor-0] INFO  impl.FollowerInfo (FollowerInfo.java:lambda$new$0(51)) - 210f7630-7f49-4d5d-b69d-a8f854decf33@group-C92BDBD9D086->44ad8ee9-a38d-4e5d-9002-6fd30af5f6a1: nextIndex: updateUnconditionally 0 -> 0
2019-10-15 22:57:58,431 [grpc-default-executor-5] INFO  impl.FollowerInfo (FollowerInfo.java:lambda$new$0(51)) - 210f7630-7f49-4d5d-b69d-a8f854decf33@group-C92BDBD9D086->6efc5f30-817c-427c-a302-97fd228528b7: nextIndex: updateUnconditionally 0 -> 0
2019-10-15 22:58:00,884 [Thread-1671] INFO  client.GrpcClientProtocolService (GrpcClientProtocolService.java:lambda$processClientRequest$0(278)) - Failed RaftClientRequest:client-FDE951605446->210f7630-7f49-4d5d-b69d-a8f854decf33@group-C92BDBD9D086, cid=65, seq=0, Watch-ALL_COMMITTED(55), Message:<EMPTY>, reply=RaftClientReply:client-FDE951605446->210f7630-7f49-4d5d-b69d-a8f854decf33@group-C92BDBD9D086, cid=65, FAILED org.apache.ratis.protocol.NotReplicatedException: Request with call Id 65 and log index 55 is not yet replicated to ALL_COMMITTED, logIndex=55, commits[210f7630-7f49-4d5d-b69d-a8f854decf33:c2, 44ad8ee9-a38d-4e5d-9002-6fd30af5f6a1:c2, 6efc5f30-817c-427c-a302-97fd228528b7:c2]
2019-10-15 22:58:00,886 [Thread-1672] INFO  client.GrpcClientProtocolService (GrpcClientProtocolService.java:lambda$processClientRequest$0(278)) - Failed RaftClientRequest:client-FDE951605446->210f7630-7f49-4d5d-b69d-a8f854decf33@group-C92BDBD9D086, cid=66, seq=0, Watch-MAJORITY_COMMITTED(55), Message:<EMPTY>, reply=RaftClientReply:client-FDE951605446->210f7630-7f49-4d5d-b69d-a8f854decf33@group-C92BDBD9D086, cid=66, FAILED org.apache.ratis.protocol.NotReplicatedException: Request with call Id 66 and log index 55 is not yet replicated to MAJORITY_COMMITTED, logIndex=55, commits[210f7630-7f49-4d5d-b69d-a8f854decf33:c2, 44ad8ee9-a38d-4e5d-9002-6fd30af5f6a1:c2, 6efc5f30-817c-427c-a302-97fd228528b7:c2]
2019-10-15 22:58:00,932 [grpc-default-executor-0] WARN  server.GrpcLogAppender (LogUtils.java:warn(134)) - 210f7630-7f49-4d5d-b69d-a8f854decf33@group-C92BDBD9D086->6efc5f30-817c-427c-a302-97fd228528b7-AppendLogResponseHandler: Failed appendEntries: org.apache.ratis.thirdparty.io.grpc.StatusRuntimeException: UNAVAILABLE: io exception
2019-10-15 22:58:00,932 [grpc-default-executor-0] INFO  impl.FollowerInfo (FollowerInfo.java:lambda$new$0(51)) - 210f7630-7f49-4d5d-b69d-a8f854decf33@group-C92BDBD9D086->6efc5f30-817c-427c-a302-97fd228528b7: nextIndex: updateUnconditionally 0 -> 0
2019-10-15 22:58:00,933 [grpc-default-executor-6] WARN  server.GrpcLogAppender (LogUtils.java:warn(134)) - 210f7630-7f49-4d5d-b69d-a8f854decf33@group-C92BDBD9D086->44ad8ee9-a38d-4e5d-9002-6fd30af5f6a1-AppendLogResponseHandler: Failed appendEntries: org.apache.ratis.thirdparty.io.grpc.StatusRuntimeException: UNAVAILABLE: io exception
2019-10-15 22:58:00,933 [grpc-default-executor-6] INFO  impl.FollowerInfo (FollowerInfo.java:lambda$new$0(51)) - 210f7630-7f49-4d5d-b69d-a8f854decf33@group-C92BDBD9D086->44ad8ee9-a38d-4e5d-9002-6fd30af5f6a1: nextIndex: updateUnconditionally 0 -> 0
2019-10-15 22:58:03,432 [grpc-default-executor-0] WARN  server.GrpcLogAppender (LogUtils.java:warn(134)) - 210f7630-7f49-4d5d-b69d-a8f854decf33@group-C92BDBD9D086->44ad8ee9-a38d-4e5d-9002-6fd30af5f6a1-AppendLogResponseHandler: Failed appendEntries: org.apache.ratis.thirdparty.io.grpc.StatusRuntimeException: UNAVAILABLE: io exception
2019-10-15 22:58:03,433 [grpc-default-executor-0] INFO  impl.FollowerInfo (FollowerInfo.java:lambda$new$0(51)) - 210f7630-7f49-4d5d-b69d-a8f854decf33@group-C92BDBD9D086->44ad8ee9-a38d-4e5d-9002-6fd30af5f6a1: nextIndex: updateUnconditionally 0 -> 0
2019-10-15 22:58:03,434 [grpc-default-executor-0] WARN  server.GrpcLogAppender (LogUtils.java:warn(134)) - 210f7630-7f49-4d5d-b69d-a8f854decf33@group-C92BDBD9D086->6efc5f30-817c-427c-a302-97fd228528b7-AppendLogResponseHandler: Failed appendEntries: org.apache.ratis.thirdparty.io.grpc.StatusRuntimeException: UNAVAILABLE: io exception
2019-10-15 22:58:03,435 [grpc-default-executor-0] INFO  impl.FollowerInfo (FollowerInfo.java:lambda$new$0(51)) - 210f7630-7f49-4d5d-b69d-a8f854decf33@group-C92BDBD9D086->6efc5f30-817c-427c-a302-97fd228528b7: nextIndex: updateUnconditionally 0 -> 0
2019-10-15 22:58:05,933 [grpc-default-executor-5] WARN  server.GrpcLogAppender (LogUtils.java:warn(134)) - 210f7630-7f49-4d5d-b69d-a8f854decf33@group-C92BDBD9D086->44ad8ee9-a38d-4e5d-9002-6fd30af5f6a1-AppendLogResponseHandler: Failed appendEntries: org.apache.ratis.thirdparty.io.grpc.StatusRuntimeException: UNAVAILABLE: io exception
2019-10-15 22:58:05,934 [grpc-default-executor-5] INFO  impl.FollowerInfo (FollowerInfo.java:lambda$new$0(51)) - 210f7630-7f49-4d5d-b69d-a8f854decf33@group-C92BDBD9D086->44ad8ee9-a38d-4e5d-9002-6fd30af5f6a1: nextIndex: updateUnconditionally 0 -> 0
2019-10-15 22:58:05,935 [grpc-default-executor-6] WARN  server.GrpcLogAppender (LogUtils.java:warn(134)) - 210f7630-7f49-4d5d-b69d-a8f854decf33@group-C92BDBD9D086->6efc5f30-817c-427c-a302-97fd228528b7-AppendLogResponseHandler: Failed appendEntries: org.apache.ratis.thirdparty.io.grpc.StatusRuntimeException: UNAVAILABLE: io exception
2019-10-15 22:58:05,935 [grpc-default-executor-6] INFO  impl.FollowerInfo (FollowerInfo.java:lambda$new$0(51)) - 210f7630-7f49-4d5d-b69d-a8f854decf33@group-C92BDBD9D086->6efc5f30-817c-427c-a302-97fd228528b7: nextIndex: updateUnconditionally 0 -> 0
2019-10-15 22:58:08,434 [grpc-default-executor-6] WARN  server.GrpcLogAppender (LogUtils.java:warn(134)) - 210f7630-7f49-4d5d-b69d-a8f854decf33@group-C92BDBD9D086->44ad8ee9-a38d-4e5d-9002-6fd30af5f6a1-AppendLogResponseHandler: Failed appendEntries: org.apache.ratis.thirdparty.io.grpc.StatusRuntimeException: UNAVAILABLE: io exception
2019-10-15 22:58:08,435 [grpc-default-executor-6] INFO  impl.FollowerInfo (FollowerInfo.java:lambda$new$0(51)) - 210f7630-7f49-4d5d-b69d-a8f854decf33@group-C92BDBD9D086->44ad8ee9-a38d-4e5d-9002-6fd30af5f6a1: nextIndex: updateUnconditionally 0 -> 0
2019-10-15 22:58:08,435 [grpc-default-executor-6] WARN  server.GrpcLogAppender (LogUtils.java:warn(134)) - 210f7630-7f49-4d5d-b69d-a8f854decf33@group-C92BDBD9D086->6efc5f30-817c-427c-a302-97fd228528b7-AppendLogResponseHandler: Failed appendEntries: org.apache.ratis.thirdparty.io.grpc.StatusRuntimeException: UNAVAILABLE: io exception
2019-10-15 22:58:08,436 [grpc-default-executor-6] INFO  impl.FollowerInfo (FollowerInfo.java:lambda$new$0(51)) - 210f7630-7f49-4d5d-b69d-a8f854decf33@group-C92BDBD9D086->6efc5f30-817c-427c-a302-97fd228528b7: nextIndex: updateUnconditionally 0 -> 0
]]></system-out>
    <system-err><![CDATA[Oct 15, 2019 10:57:23 PM org.apache.ratis.thirdparty.io.grpc.internal.SerializingExecutor run
SEVERE: Exception while executing runnable org.apache.ratis.thirdparty.io.grpc.internal.ServerImpl$JumpToApplicationThreadServerStreamListener$1Closed@37162610
org.apache.ratis.thirdparty.io.grpc.StatusRuntimeException: CANCELLED: call already cancelled
	at org.apache.ratis.thirdparty.io.grpc.Status.asRuntimeException(Status.java:517)
	at org.apache.ratis.thirdparty.io.grpc.stub.ServerCalls$ServerCallStreamObserverImpl.onCompleted(ServerCalls.java:356)
	at org.apache.ratis.grpc.server.GrpcServerProtocolService$ServerRequestStreamObserver.onError(GrpcServerProtocolService.java:121)
	at org.apache.ratis.thirdparty.io.grpc.stub.ServerCalls$StreamingServerCallHandler$StreamingServerCallListener.onCancel(ServerCalls.java:269)
	at org.apache.ratis.thirdparty.io.grpc.internal.ServerCallImpl$ServerStreamListenerImpl.closed(ServerCallImpl.java:293)
	at org.apache.ratis.thirdparty.io.grpc.internal.ServerImpl$JumpToApplicationThreadServerStreamListener$1Closed.runInContext(ServerImpl.java:741)
	at org.apache.ratis.thirdparty.io.grpc.internal.ContextRunnable.run(ContextRunnable.java:37)
	at org.apache.ratis.thirdparty.io.grpc.internal.SerializingExecutor.run(SerializingExecutor.java:123)
	at java.util.concurrent.ThreadPoolExecutor.runWorker(ThreadPoolExecutor.java:1149)
	at java.util.concurrent.ThreadPoolExecutor$Worker.run(ThreadPoolExecutor.java:624)
	at java.lang.Thread.run(Thread.java:748)

Oct 15, 2019 10:57:28 PM org.apache.ratis.thirdparty.io.grpc.internal.SerializingExecutor run
SEVERE: Exception while executing runnable org.apache.ratis.thirdparty.io.grpc.internal.ServerImpl$JumpToApplicationThreadServerStreamListener$1Closed@128cc680
org.apache.ratis.thirdparty.io.grpc.StatusRuntimeException: CANCELLED: call already cancelled
	at org.apache.ratis.thirdparty.io.grpc.Status.asRuntimeException(Status.java:517)
	at org.apache.ratis.thirdparty.io.grpc.stub.ServerCalls$ServerCallStreamObserverImpl.onCompleted(ServerCalls.java:356)
	at org.apache.ratis.grpc.server.GrpcServerProtocolService$ServerRequestStreamObserver.onError(GrpcServerProtocolService.java:121)
	at org.apache.ratis.thirdparty.io.grpc.stub.ServerCalls$StreamingServerCallHandler$StreamingServerCallListener.onCancel(ServerCalls.java:269)
	at org.apache.ratis.thirdparty.io.grpc.internal.ServerCallImpl$ServerStreamListenerImpl.closed(ServerCallImpl.java:293)
	at org.apache.ratis.thirdparty.io.grpc.internal.ServerImpl$JumpToApplicationThreadServerStreamListener$1Closed.runInContext(ServerImpl.java:741)
	at org.apache.ratis.thirdparty.io.grpc.internal.ContextRunnable.run(ContextRunnable.java:37)
	at org.apache.ratis.thirdparty.io.grpc.internal.SerializingExecutor.run(SerializingExecutor.java:123)
	at java.util.concurrent.ThreadPoolExecutor.runWorker(ThreadPoolExecutor.java:1149)
	at java.util.concurrent.ThreadPoolExecutor$Worker.run(ThreadPoolExecutor.java:624)
	at java.lang.Thread.run(Thread.java:748)

]]></system-err>
  </testcase>
  <testcase name="testWatchForCommitForGroupMismatchException" classname="org.apache.hadoop.ozone.client.rpc.TestWatchForCommit" time="34.932"/>
  <testcase name="test2WayCommitForTimeoutException" classname="org.apache.hadoop.ozone.client.rpc.TestWatchForCommit" time="26.623">
    <error message="org.apache.ratis.protocol.RaftRetryFailureException: Failed RaftClientRequest:client-86579AD814FB-&gt;21f308d8-8495-4fb9-b6d0-728d4aa7f682@group-71110A2C9316, cid=101, seq=2*, RW, cmdType: CloseContainer&#10;traceID: &quot;ab614c1889f5eb00:ab614c1889f5eb00:0:0&quot;&#10;containerID: 1&#10;datanodeUuid: &quot;ef433af2-fab6-4505-8c2a-4b0a470a6f40&quot;&#10;closeContainer {&#10;}&#10;, data.size=0 for 20 attempts with RetryLimited(maxAttempts=20, sleepTime=1000ms)" type="java.util.concurrent.ExecutionException">java.util.concurrent.ExecutionException: 
org.apache.ratis.protocol.RaftRetryFailureException: Failed RaftClientRequest:client-86579AD814FB->21f308d8-8495-4fb9-b6d0-728d4aa7f682@group-71110A2C9316, cid=101, seq=2*, RW, cmdType: CloseContainer
traceID: "ab614c1889f5eb00:ab614c1889f5eb00:0:0"
containerID: 1
datanodeUuid: "ef433af2-fab6-4505-8c2a-4b0a470a6f40"
closeContainer {
}
, data.size=0 for 20 attempts with RetryLimited(maxAttempts=20, sleepTime=1000ms)
	at java.util.concurrent.CompletableFuture.reportGet(CompletableFuture.java:357)
	at java.util.concurrent.CompletableFuture.get(CompletableFuture.java:1895)
	at org.apache.hadoop.ozone.client.rpc.TestWatchForCommit.test2WayCommitForTimeoutException(TestWatchForCommit.java:390)
	at sun.reflect.NativeMethodAccessorImpl.invoke0(Native Method)
	at sun.reflect.NativeMethodAccessorImpl.invoke(NativeMethodAccessorImpl.java:62)
	at sun.reflect.DelegatingMethodAccessorImpl.invoke(DelegatingMethodAccessorImpl.java:43)
	at java.lang.reflect.Method.invoke(Method.java:498)
	at org.junit.runners.model.FrameworkMethod$1.runReflectiveCall(FrameworkMethod.java:47)
	at org.junit.internal.runners.model.ReflectiveCallable.run(ReflectiveCallable.java:12)
	at org.junit.runners.model.FrameworkMethod.invokeExplosively(FrameworkMethod.java:44)
	at org.junit.internal.runners.statements.InvokeMethod.evaluate(InvokeMethod.java:17)
	at org.junit.runners.ParentRunner.runLeaf(ParentRunner.java:271)
	at org.junit.runners.BlockJUnit4ClassRunner.runChild(BlockJUnit4ClassRunner.java:70)
	at org.junit.runners.BlockJUnit4ClassRunner.runChild(BlockJUnit4ClassRunner.java:50)
	at org.junit.runners.ParentRunner$3.run(ParentRunner.java:238)
	at org.junit.runners.ParentRunner$1.schedule(ParentRunner.java:63)
	at org.junit.runners.ParentRunner.runChildren(ParentRunner.java:236)
	at org.junit.runners.ParentRunner.access$000(ParentRunner.java:53)
	at org.junit.runners.ParentRunner$2.evaluate(ParentRunner.java:229)
	at org.junit.runners.ParentRunner.run(ParentRunner.java:309)
	at org.apache.maven.surefire.junit4.JUnit4Provider.execute(JUnit4Provider.java:365)
	at org.apache.maven.surefire.junit4.JUnit4Provider.executeWithRerun(JUnit4Provider.java:273)
	at org.apache.maven.surefire.junit4.JUnit4Provider.executeTestSet(JUnit4Provider.java:238)
	at org.apache.maven.surefire.junit4.JUnit4Provider.invoke(JUnit4Provider.java:159)
	at org.apache.maven.surefire.booter.ForkedBooter.invokeProviderInSameClassLoader(ForkedBooter.java:384)
	at org.apache.maven.surefire.booter.ForkedBooter.runSuitesInProcess(ForkedBooter.java:345)
	at org.apache.maven.surefire.booter.ForkedBooter.execute(ForkedBooter.java:126)
	at org.apache.maven.surefire.booter.ForkedBooter.main(ForkedBooter.java:418)
Caused by: org.apache.ratis.protocol.RaftRetryFailureException: Failed RaftClientRequest:client-86579AD814FB->21f308d8-8495-4fb9-b6d0-728d4aa7f682@group-71110A2C9316, cid=101, seq=2*, RW, cmdType: CloseContainer
traceID: "ab614c1889f5eb00:ab614c1889f5eb00:0:0"
containerID: 1
datanodeUuid: "ef433af2-fab6-4505-8c2a-4b0a470a6f40"
closeContainer {
}
, data.size=0 for 20 attempts with RetryLimited(maxAttempts=20, sleepTime=1000ms)
	at org.apache.ratis.client.impl.RaftClientImpl.noMoreRetries(RaftClientImpl.java:271)
	at org.apache.ratis.client.impl.OrderedAsync.handleAsyncRetryFailure(OrderedAsync.java:138)
	at org.apache.ratis.client.impl.OrderedAsync.lambda$sendRequest$10(OrderedAsync.java:230)
	at java.util.concurrent.CompletableFuture.uniExceptionally(CompletableFuture.java:870)
	at java.util.concurrent.CompletableFuture$UniExceptionally.tryFire(CompletableFuture.java:852)
	at java.util.concurrent.CompletableFuture.postComplete(CompletableFuture.java:474)
	at java.util.concurrent.CompletableFuture.completeExceptionally(CompletableFuture.java:1977)
	at org.apache.ratis.grpc.client.GrpcClientProtocolClient$AsyncStreamObservers.completeReplyExceptionally(GrpcClientProtocolClient.java:345)
	at org.apache.ratis.grpc.client.GrpcClientProtocolClient$AsyncStreamObservers.access$000(GrpcClientProtocolClient.java:261)
	at org.apache.ratis.grpc.client.GrpcClientProtocolClient$AsyncStreamObservers$1.onNext(GrpcClientProtocolClient.java:273)
	at org.apache.ratis.grpc.client.GrpcClientProtocolClient$AsyncStreamObservers$1.onNext(GrpcClientProtocolClient.java:264)
	at org.apache.ratis.thirdparty.io.grpc.stub.ClientCalls$StreamObserverToCallListenerAdapter.onMessage(ClientCalls.java:421)
	at org.apache.ratis.thirdparty.io.grpc.ForwardingClientCallListener.onMessage(ForwardingClientCallListener.java:33)
	at org.apache.ratis.thirdparty.io.grpc.ForwardingClientCallListener.onMessage(ForwardingClientCallListener.java:33)
	at org.apache.ratis.thirdparty.io.grpc.internal.ClientCallImpl$ClientStreamListenerImpl$1MessagesAvailable.runInContext(ClientCallImpl.java:519)
	at org.apache.ratis.thirdparty.io.grpc.internal.ContextRunnable.run(ContextRunnable.java:37)
	at org.apache.ratis.thirdparty.io.grpc.internal.SerializingExecutor.run(SerializingExecutor.java:123)
	at java.util.concurrent.ThreadPoolExecutor.runWorker(ThreadPoolExecutor.java:1149)
	at java.util.concurrent.ThreadPoolExecutor$Worker.run(ThreadPoolExecutor.java:624)
	at java.lang.Thread.run(Thread.java:748)
Caused by: org.apache.ratis.protocol.NotLeaderException: Server 21f308d8-8495-4fb9-b6d0-728d4aa7f682@group-71110A2C9316 is not the leader 3ae853d0-d434-4c52-9d53-e6d40cb82eec:192.168.69.67:36871
	at org.apache.ratis.client.impl.ClientProtoUtils.toRaftClientReply(ClientProtoUtils.java:243)
	at org.apache.ratis.grpc.client.GrpcClientProtocolClient$AsyncStreamObservers$1.onNext(GrpcClientProtocolClient.java:269)
	... 10 more
</error>
    <system-out><![CDATA[2019-10-15 22:58:43,619 [main] WARN  server.ServerUtils (ServerUtils.java:getScmDbDir(145)) - ozone.scm.db.dirs is not configured. We recommend adding this setting. Falling back to ozone.metadata.dirs instead.
2019-10-15 22:58:43,634 [main] WARN  server.ServerUtils (ServerUtils.java:getScmDbDir(145)) - ozone.scm.db.dirs is not configured. We recommend adding this setting. Falling back to ozone.metadata.dirs instead.
2019-10-15 22:58:43,634 [main] WARN  server.ServerUtils (ServerUtils.java:getScmDbDir(145)) - ozone.scm.db.dirs is not configured. We recommend adding this setting. Falling back to ozone.metadata.dirs instead.
2019-10-15 22:58:43,634 [main] INFO  db.DBStoreBuilder (DBStoreBuilder.java:addTable(117)) - using custom profile for table: deletedBlocks
2019-10-15 22:58:43,635 [main] INFO  db.DBStoreBuilder (DBStoreBuilder.java:processTables(168)) - Using default column profile:DBProfile.DISK for Table:deletedBlocks
2019-10-15 22:58:43,635 [main] INFO  db.DBStoreBuilder (DBStoreBuilder.java:addTable(117)) - using custom profile for table: validCerts
2019-10-15 22:58:43,635 [main] INFO  db.DBStoreBuilder (DBStoreBuilder.java:processTables(168)) - Using default column profile:DBProfile.DISK for Table:validCerts
2019-10-15 22:58:43,635 [main] INFO  db.DBStoreBuilder (DBStoreBuilder.java:addTable(117)) - using custom profile for table: revokedCerts
2019-10-15 22:58:43,635 [main] INFO  db.DBStoreBuilder (DBStoreBuilder.java:processTables(168)) - Using default column profile:DBProfile.DISK for Table:revokedCerts
2019-10-15 22:58:43,635 [main] INFO  db.DBStoreBuilder (DBStoreBuilder.java:addTable(117)) - using custom profile for table: default
2019-10-15 22:58:43,636 [main] INFO  db.DBStoreBuilder (DBStoreBuilder.java:processTables(174)) - Using default column profile:DBProfile.DISK for Table:default
2019-10-15 22:58:43,636 [main] INFO  db.DBStoreBuilder (DBStoreBuilder.java:getDbProfile(205)) - Using default options. DBProfile.DISK
2019-10-15 22:58:43,813 [main] INFO  net.NodeSchemaLoader (NodeSchemaLoader.java:loadSchemaFromFile(125)) - Loading file from sun.misc.CompoundEnumeration@21390938
2019-10-15 22:58:43,813 [main] INFO  net.NodeSchemaLoader (NodeSchemaLoader.java:loadSchema(171)) - Loading network topology layer schema file
2019-10-15 22:58:43,817 [main] WARN  server.ServerUtils (ServerUtils.java:sanitizeUserArgs(70)) - ozone.scm.stale.node.interval value = 300000 is larger than max = 100000 based on the key value of ozone.scm.heartbeat.thread.interval, reset to the max value 100000.
2019-10-15 22:58:43,817 [main] WARN  server.ServerUtils (ServerUtils.java:sanitizeUserArgs(70)) - ozone.scm.stale.node.interval value = 300000 is larger than max = 100000 based on the key value of ozone.scm.heartbeat.thread.interval, reset to the max value 100000.
2019-10-15 22:58:43,817 [main] INFO  node.SCMNodeManager (SCMNodeManager.java:<init>(116)) - Entering startup safe mode.
2019-10-15 22:58:43,818 [main] INFO  algorithms.ContainerPlacementPolicyFactory (ContainerPlacementPolicyFactory.java:getPolicy(57)) - Create container placement policy of type org.apache.hadoop.hdds.scm.container.placement.algorithms.SCMContainerPlacementRandom
2019-10-15 22:58:43,818 [main] WARN  server.ServerUtils (ServerUtils.java:getScmDbDir(145)) - ozone.scm.db.dirs is not configured. We recommend adding this setting. Falling back to ozone.metadata.dirs instead.
2019-10-15 22:58:43,882 [main] INFO  pipeline.SCMPipelineManager (SCMPipelineManager.java:initializePipelineState(132)) - No pipeline exists in current db
2019-10-15 22:58:43,882 [main] WARN  server.ServerUtils (ServerUtils.java:getScmDbDir(145)) - ozone.scm.db.dirs is not configured. We recommend adding this setting. Falling back to ozone.metadata.dirs instead.
2019-10-15 22:58:43,941 [main] WARN  events.EventQueue (EventQueue.java:fireEvent(183)) - No event handler registered for event TypedEvent{payloadType=SafeModeStatus, name='SafeModeStatus'}
2019-10-15 22:58:43,942 [main] INFO  ipc.CallQueueManager (CallQueueManager.java:<init>(84)) - Using callQueue: class java.util.concurrent.LinkedBlockingQueue, queueCapacity: 2000, scheduler: class org.apache.hadoop.ipc.DefaultRpcScheduler, ipcBackoff: false.
2019-10-15 22:58:43,942 [Socket Reader #1 for port 46519] INFO  ipc.Server (Server.java:run(1074)) - Starting Socket Reader #1 for port 46519
2019-10-15 22:58:43,945 [main] INFO  ipc.CallQueueManager (CallQueueManager.java:<init>(84)) - Using callQueue: class java.util.concurrent.LinkedBlockingQueue, queueCapacity: 2000, scheduler: class org.apache.hadoop.ipc.DefaultRpcScheduler, ipcBackoff: false.
2019-10-15 22:58:43,946 [Socket Reader #1 for port 35360] INFO  ipc.Server (Server.java:run(1074)) - Starting Socket Reader #1 for port 35360
2019-10-15 22:58:43,947 [main] INFO  ipc.CallQueueManager (CallQueueManager.java:<init>(84)) - Using callQueue: class java.util.concurrent.LinkedBlockingQueue, queueCapacity: 2000, scheduler: class org.apache.hadoop.ipc.DefaultRpcScheduler, ipcBackoff: false.
2019-10-15 22:58:43,948 [Socket Reader #1 for port 42585] INFO  ipc.Server (Server.java:run(1074)) - Starting Socket Reader #1 for port 42585
2019-10-15 22:58:43,958 [main] INFO  hdfs.DFSUtil (DFSUtil.java:httpServerTemplateForNNAndJN(1641)) - Starting Web-server for scm at: http://0.0.0.0:0
2019-10-15 22:58:43,961 [main] INFO  server.AuthenticationFilter (AuthenticationFilter.java:constructSecretProvider(240)) - Unable to initialize FileSignerSecretProvider, falling back to use random secrets.
2019-10-15 22:58:43,962 [main] WARN  http.HttpRequestLog (HttpRequestLog.java:getRequestLog(97)) - Jetty request log can only be enabled using Log4j
2019-10-15 22:58:43,965 [main] INFO  http.HttpServer2 (HttpServer2.java:addGlobalFilter(975)) - Added global filter 'safety' (class=org.apache.hadoop.http.HttpServer2$QuotingInputFilter)
2019-10-15 22:58:43,966 [main] INFO  http.HttpServer2 (HttpServer2.java:addFilter(948)) - Added filter static_user_filter (class=org.apache.hadoop.http.lib.StaticUserWebFilter$StaticUserFilter) to context scm
2019-10-15 22:58:43,966 [main] INFO  http.HttpServer2 (HttpServer2.java:addFilter(958)) - Added filter static_user_filter (class=org.apache.hadoop.http.lib.StaticUserWebFilter$StaticUserFilter) to context static
2019-10-15 22:58:43,966 [main] INFO  http.HttpServer2 (HttpServer2.java:addFilter(958)) - Added filter static_user_filter (class=org.apache.hadoop.http.lib.StaticUserWebFilter$StaticUserFilter) to context logs
2019-10-15 22:58:43,969 [main] INFO  server.StorageContainerManager (StorageContainerManager.java:start(772)) - StorageContainerLocationProtocol RPC server is listening at /0.0.0.0:42585
2019-10-15 22:58:43,972 [main] WARN  impl.MetricsConfig (MetricsConfig.java:loadFirst(134)) - Cannot locate configuration: tried hadoop-metrics2-storagecontainermanager.properties,hadoop-metrics2.properties
2019-10-15 22:58:43,973 [main] INFO  impl.MetricsSystemImpl (MetricsSystemImpl.java:startTimer(374)) - Scheduled Metric snapshot period at 10 second(s).
2019-10-15 22:58:43,973 [main] INFO  impl.MetricsSystemImpl (MetricsSystemImpl.java:start(191)) - StorageContainerManager metrics system started
2019-10-15 22:58:44,209 [main] WARN  impl.MetricsSystemImpl (MetricsSystemImpl.java:register(276)) - Sink prometheus already exists!
2019-10-15 22:58:44,511 [main] INFO  server.SCMClientProtocolServer (SCMClientProtocolServer.java:start(159)) - RPC server for Client  is listening at /0.0.0.0:42585
2019-10-15 22:58:44,512 [IPC Server Responder] INFO  ipc.Server (Server.java:run(1314)) - IPC Server Responder: starting
2019-10-15 22:58:44,512 [IPC Server listener on 42585] INFO  ipc.Server (Server.java:run(1153)) - IPC Server listener on 42585: starting
2019-10-15 22:58:44,519 [main] INFO  server.StorageContainerManager (StorageContainerManager.java:start(782)) - ScmBlockLocationProtocol RPC server is listening at /0.0.0.0:35360
2019-10-15 22:58:44,520 [main] INFO  server.SCMBlockProtocolServer (SCMBlockProtocolServer.java:start(146)) - RPC server for Block Protocol is listening at /0.0.0.0:35360
2019-10-15 22:58:44,520 [IPC Server Responder] INFO  ipc.Server (Server.java:run(1314)) - IPC Server Responder: starting
2019-10-15 22:58:44,520 [IPC Server listener on 35360] INFO  ipc.Server (Server.java:run(1153)) - IPC Server listener on 35360: starting
2019-10-15 22:58:44,531 [main] INFO  server.StorageContainerManager (StorageContainerManager.java:start(786)) - ScmDatanodeProtocl RPC server is listening at /0.0.0.0:46519
2019-10-15 22:58:44,532 [main] INFO  server.SCMDatanodeProtocolServer (SCMDatanodeProtocolServer.java:start(169)) - RPC server for DataNodes is listening at /0.0.0.0:46519
2019-10-15 22:58:44,532 [IPC Server Responder] INFO  ipc.Server (Server.java:run(1314)) - IPC Server Responder: starting
2019-10-15 22:58:44,534 [IPC Server listener on 46519] INFO  ipc.Server (Server.java:run(1153)) - IPC Server listener on 46519: starting
2019-10-15 22:58:44,537 [main] INFO  http.HttpServer2 (HttpServer2.java:bindListener(1191)) - Jetty bound to port 34584
2019-10-15 22:58:44,537 [main] INFO  server.Server (Server.java:doStart(351)) - jetty-9.3.25.v20180904, build timestamp: 2018-09-04T21:11:46Z, git hash: 3ce520221d0240229c862b122d2b06c12a625732
2019-10-15 22:58:44,540 [main] INFO  handler.ContextHandler (ContextHandler.java:doStart(781)) - Started o.e.j.s.ServletContextHandler@4a6c0f38{/logs,file:///workdir/hadoop-ozone/integration-test/target/log,AVAILABLE}
2019-10-15 22:58:44,540 [main] INFO  handler.ContextHandler (ContextHandler.java:doStart(781)) - Started o.e.j.s.ServletContextHandler@26d5a317{/static,file:///workdir/hadoop-ozone/integration-test/target/test-classes/webapps/static,AVAILABLE}
2019-10-15 22:58:44,545 [main] INFO  handler.ContextHandler (ContextHandler.java:doStart(781)) - Started o.e.j.w.WebAppContext@5b733ef7{/,file:///workdir/hadoop-ozone/integration-test/target/test-classes/webapps/scm/,AVAILABLE}{/scm}
2019-10-15 22:58:44,546 [main] INFO  server.AbstractConnector (AbstractConnector.java:doStart(278)) - Started ServerConnector@43a4a9e5{HTTP/1.1,[http/1.1]}{0.0.0.0:34584}
2019-10-15 22:58:44,547 [main] INFO  server.Server (Server.java:doStart(419)) - Started @210484ms
2019-10-15 22:58:44,547 [main] WARN  impl.MetricsSystemImpl (MetricsSystemImpl.java:register(276)) - Sink prometheus already exists!
2019-10-15 22:58:44,549 [main] INFO  server.BaseHttpServer (BaseHttpServer.java:updateConnectorAddress(215)) - HTTP server of SCM is listening at http://0.0.0.0:34584
2019-10-15 22:58:44,551 [main] WARN  server.ServerUtils (ServerUtils.java:getDBPath(222)) - ozone.om.db.dirs is not configured. We recommend adding this setting. Falling back to ozone.metadata.dirs instead.
2019-10-15 22:58:44,551 [org.apache.hadoop.util.JvmPauseMonitor$Monitor@35145874] INFO  util.JvmPauseMonitor (JvmPauseMonitor.java:run(188)) - Starting JVM pause monitor
2019-10-15 22:58:44,565 [main] INFO  ha.OMHANodeDetails (OMHANodeDetails.java:loadOMHAConfig(190)) - Configuration either no ozone.om.address set. Falling back to the default OM address /127.0.0.1:0
2019-10-15 22:58:44,565 [main] INFO  ha.OMHANodeDetails (OMHANodeDetails.java:getOMNodeDetails(220)) - OM Service ID is not set. Setting it to the default ID: omServiceIdDefault
2019-10-15 22:58:44,566 [main] WARN  server.ServerUtils (ServerUtils.java:getDBPath(222)) - ozone.om.db.dirs is not configured. We recommend adding this setting. Falling back to ozone.metadata.dirs instead.
2019-10-15 22:58:44,566 [main] WARN  server.ServerUtils (ServerUtils.java:getDBPath(222)) - ozone.om.db.dirs is not configured. We recommend adding this setting. Falling back to ozone.metadata.dirs instead.
2019-10-15 22:58:44,595 [main] WARN  server.ServerUtils (ServerUtils.java:getDBPath(222)) - ozone.om.db.dirs is not configured. We recommend adding this setting. Falling back to ozone.metadata.dirs instead.
2019-10-15 22:58:44,596 [main] INFO  db.DBStoreBuilder (DBStoreBuilder.java:addTable(117)) - using custom profile for table: userTable
2019-10-15 22:58:44,596 [main] INFO  db.DBStoreBuilder (DBStoreBuilder.java:processTables(168)) - Using default column profile:DBProfile.DISK for Table:userTable
2019-10-15 22:58:44,597 [main] INFO  db.DBStoreBuilder (DBStoreBuilder.java:addTable(117)) - using custom profile for table: volumeTable
2019-10-15 22:58:44,597 [main] INFO  db.DBStoreBuilder (DBStoreBuilder.java:processTables(168)) - Using default column profile:DBProfile.DISK for Table:volumeTable
2019-10-15 22:58:44,597 [main] INFO  db.DBStoreBuilder (DBStoreBuilder.java:addTable(117)) - using custom profile for table: bucketTable
2019-10-15 22:58:44,597 [main] INFO  db.DBStoreBuilder (DBStoreBuilder.java:processTables(168)) - Using default column profile:DBProfile.DISK for Table:bucketTable
2019-10-15 22:58:44,597 [main] INFO  db.DBStoreBuilder (DBStoreBuilder.java:addTable(117)) - using custom profile for table: keyTable
2019-10-15 22:58:44,598 [main] INFO  db.DBStoreBuilder (DBStoreBuilder.java:processTables(168)) - Using default column profile:DBProfile.DISK for Table:keyTable
2019-10-15 22:58:44,598 [main] INFO  db.DBStoreBuilder (DBStoreBuilder.java:addTable(117)) - using custom profile for table: deletedTable
2019-10-15 22:58:44,598 [main] INFO  db.DBStoreBuilder (DBStoreBuilder.java:processTables(168)) - Using default column profile:DBProfile.DISK for Table:deletedTable
2019-10-15 22:58:44,598 [main] INFO  db.DBStoreBuilder (DBStoreBuilder.java:addTable(117)) - using custom profile for table: openKeyTable
2019-10-15 22:58:44,599 [main] INFO  db.DBStoreBuilder (DBStoreBuilder.java:processTables(168)) - Using default column profile:DBProfile.DISK for Table:openKeyTable
2019-10-15 22:58:44,599 [main] INFO  db.DBStoreBuilder (DBStoreBuilder.java:addTable(117)) - using custom profile for table: s3Table
2019-10-15 22:58:44,599 [main] INFO  db.DBStoreBuilder (DBStoreBuilder.java:processTables(168)) - Using default column profile:DBProfile.DISK for Table:s3Table
2019-10-15 22:58:44,599 [main] INFO  db.DBStoreBuilder (DBStoreBuilder.java:addTable(117)) - using custom profile for table: multipartInfoTable
2019-10-15 22:58:44,599 [main] INFO  db.DBStoreBuilder (DBStoreBuilder.java:processTables(168)) - Using default column profile:DBProfile.DISK for Table:multipartInfoTable
2019-10-15 22:58:44,600 [main] INFO  db.DBStoreBuilder (DBStoreBuilder.java:addTable(117)) - using custom profile for table: dTokenTable
2019-10-15 22:58:44,600 [main] INFO  db.DBStoreBuilder (DBStoreBuilder.java:processTables(168)) - Using default column profile:DBProfile.DISK for Table:dTokenTable
2019-10-15 22:58:44,600 [main] INFO  db.DBStoreBuilder (DBStoreBuilder.java:addTable(117)) - using custom profile for table: s3SecretTable
2019-10-15 22:58:44,600 [main] INFO  db.DBStoreBuilder (DBStoreBuilder.java:processTables(168)) - Using default column profile:DBProfile.DISK for Table:s3SecretTable
2019-10-15 22:58:44,600 [main] INFO  db.DBStoreBuilder (DBStoreBuilder.java:addTable(117)) - using custom profile for table: prefixTable
2019-10-15 22:58:44,601 [main] INFO  db.DBStoreBuilder (DBStoreBuilder.java:processTables(168)) - Using default column profile:DBProfile.DISK for Table:prefixTable
2019-10-15 22:58:44,601 [main] INFO  db.DBStoreBuilder (DBStoreBuilder.java:addTable(117)) - using custom profile for table: default
2019-10-15 22:58:44,601 [main] INFO  db.DBStoreBuilder (DBStoreBuilder.java:processTables(174)) - Using default column profile:DBProfile.DISK for Table:default
2019-10-15 22:58:44,601 [main] INFO  db.DBStoreBuilder (DBStoreBuilder.java:getDbProfile(205)) - Using default options. DBProfile.DISK
2019-10-15 22:58:44,947 [main] INFO  ipc.CallQueueManager (CallQueueManager.java:<init>(84)) - Using callQueue: class java.util.concurrent.LinkedBlockingQueue, queueCapacity: 2000, scheduler: class org.apache.hadoop.ipc.DefaultRpcScheduler, ipcBackoff: false.
2019-10-15 22:58:44,947 [Socket Reader #1 for port 38539] INFO  ipc.Server (Server.java:run(1074)) - Starting Socket Reader #1 for port 38539
2019-10-15 22:58:44,960 [main] INFO  om.OzoneManager (OzoneManager.java:start(1071)) - OzoneManager RPC server is listening at localhost/127.0.0.1:38539
2019-10-15 22:58:44,960 [main] INFO  impl.MetricsSystemImpl (MetricsSystemImpl.java:init(158)) - OzoneManager metrics system started (again)
2019-10-15 22:58:44,961 [IPC Server listener on 38539] INFO  ipc.Server (Server.java:run(1153)) - IPC Server listener on 38539: starting
2019-10-15 22:58:44,961 [IPC Server Responder] INFO  ipc.Server (Server.java:run(1314)) - IPC Server Responder: starting
2019-10-15 22:58:44,968 [main] INFO  hdfs.DFSUtil (DFSUtil.java:httpServerTemplateForNNAndJN(1641)) - Starting Web-server for ozoneManager at: http://0.0.0.0:0
2019-10-15 22:58:44,971 [main] INFO  server.AuthenticationFilter (AuthenticationFilter.java:constructSecretProvider(240)) - Unable to initialize FileSignerSecretProvider, falling back to use random secrets.
2019-10-15 22:58:44,972 [main] WARN  http.HttpRequestLog (HttpRequestLog.java:getRequestLog(97)) - Jetty request log can only be enabled using Log4j
2019-10-15 22:58:44,974 [main] INFO  http.HttpServer2 (HttpServer2.java:addGlobalFilter(975)) - Added global filter 'safety' (class=org.apache.hadoop.http.HttpServer2$QuotingInputFilter)
2019-10-15 22:58:44,975 [main] INFO  http.HttpServer2 (HttpServer2.java:addFilter(948)) - Added filter static_user_filter (class=org.apache.hadoop.http.lib.StaticUserWebFilter$StaticUserFilter) to context ozoneManager
2019-10-15 22:58:44,975 [main] INFO  http.HttpServer2 (HttpServer2.java:addFilter(958)) - Added filter static_user_filter (class=org.apache.hadoop.http.lib.StaticUserWebFilter$StaticUserFilter) to context static
2019-10-15 22:58:44,975 [main] INFO  http.HttpServer2 (HttpServer2.java:addFilter(958)) - Added filter static_user_filter (class=org.apache.hadoop.http.lib.StaticUserWebFilter$StaticUserFilter) to context logs
2019-10-15 22:58:44,976 [main] INFO  http.HttpServer2 (HttpServer2.java:bindListener(1191)) - Jetty bound to port 38171
2019-10-15 22:58:44,977 [main] INFO  server.Server (Server.java:doStart(351)) - jetty-9.3.25.v20180904, build timestamp: 2018-09-04T21:11:46Z, git hash: 3ce520221d0240229c862b122d2b06c12a625732
2019-10-15 22:58:44,978 [main] INFO  handler.ContextHandler (ContextHandler.java:doStart(781)) - Started o.e.j.s.ServletContextHandler@72ecbcb3{/logs,file:///workdir/hadoop-ozone/integration-test/target/log,AVAILABLE}
2019-10-15 22:58:44,979 [main] INFO  handler.ContextHandler (ContextHandler.java:doStart(781)) - Started o.e.j.s.ServletContextHandler@3709748f{/static,file:///workdir/hadoop-ozone/integration-test/target/test-classes/webapps/static,AVAILABLE}
2019-10-15 22:58:44,983 [main] INFO  handler.ContextHandler (ContextHandler.java:doStart(781)) - Started o.e.j.w.WebAppContext@11a3a45f{/,file:///workdir/hadoop-ozone/integration-test/target/test-classes/webapps/ozoneManager/,AVAILABLE}{/ozoneManager}
2019-10-15 22:58:44,983 [main] INFO  server.AbstractConnector (AbstractConnector.java:doStart(278)) - Started ServerConnector@69796bd0{HTTP/1.1,[http/1.1]}{0.0.0.0:38171}
2019-10-15 22:58:44,985 [main] INFO  server.Server (Server.java:doStart(419)) - Started @210922ms
2019-10-15 22:58:44,985 [main] WARN  impl.MetricsSystemImpl (MetricsSystemImpl.java:register(276)) - Sink prometheus already exists!
2019-10-15 22:58:44,986 [main] INFO  server.BaseHttpServer (BaseHttpServer.java:updateConnectorAddress(215)) - HTTP server of OZONEMANAGER is listening at http://0.0.0.0:38171
2019-10-15 22:58:45,000 [main] INFO  impl.MetricsSystemImpl (MetricsSystemImpl.java:init(158)) - HddsDatanode metrics system started (again)
2019-10-15 22:58:45,018 [main] INFO  ozone.HddsDatanodeService (HddsDatanodeService.java:start(184)) - HddsDatanodeService host:pr-hdds-2071-8rz7p-357833546 ip:192.168.69.67
2019-10-15 22:58:45,027 [main] INFO  volume.HddsVolume (HddsVolume.java:<init>(176)) - Creating Volume: /workdir/hadoop-ozone/integration-test/target/test-dir/MiniOzoneClusterImpl-b2ef137f-c059-4db2-aae4-0a2832bcf8b7/datanode-0/data/containers/hdds of  storage type : DISK and capacity : 1482555576320
2019-10-15 22:58:45,028 [main] INFO  volume.VolumeSet (VolumeSet.java:initializeVolumeSet(170)) - Added Volume : /workdir/hadoop-ozone/integration-test/target/test-dir/MiniOzoneClusterImpl-b2ef137f-c059-4db2-aae4-0a2832bcf8b7/datanode-0/data/containers/hdds to VolumeSet
2019-10-15 22:58:45,028 [main] INFO  volume.ThrottledAsyncChecker (ThrottledAsyncChecker.java:schedule(141)) - Scheduling a check for org.apache.hadoop.ozone.container.common.volume.HddsVolume@2fd39436
2019-10-15 22:58:45,030 [main] INFO  volume.HddsVolumeChecker (HddsVolumeChecker.java:checkAllVolumes(204)) - Scheduled health check for volume org.apache.hadoop.ozone.container.common.volume.HddsVolume@2fd39436
2019-10-15 22:58:45,049 [main] INFO  impl.RaftServerProxy (ConfUtils.java:logGet(43)) - raft.rpc.type = GRPC (default)
2019-10-15 22:58:45,050 [main] INFO  grpc.GrpcFactory (GrpcFactory.java:checkPooledByteBufAllocatorUseCacheForAllThreads(45)) - PERFORMANCE WARNING: useCacheForAllThreads is true that may cause Netty to create a lot garbage objects and, as a result, trigger GC.
	It is recommended to disable useCacheForAllThreads by setting -Dorg.apache.ratis.thirdparty.io.netty.allocator.useCacheForAllThreads=false in command line.
2019-10-15 22:58:45,050 [main] INFO  grpc.GrpcConfigKeys$Server (ConfUtils.java:logGet(43)) - raft.grpc.server.port = 0 (default)
2019-10-15 22:58:45,050 [main] INFO  server.GrpcService (ConfUtils.java:logGet(43)) - raft.grpc.message.size.max = 33570816 (custom)
2019-10-15 22:58:45,051 [main] INFO  server.RaftServerConfigKeys (ConfUtils.java:logGet(43)) - raft.server.log.appender.buffer.byte-limit = 33554432 (custom)
2019-10-15 22:58:45,051 [main] INFO  server.GrpcService (ConfUtils.java:logGet(43)) - raft.grpc.flow.control.window = 1MB (=1048576) (default)
2019-10-15 22:58:45,051 [main] INFO  server.RaftServerConfigKeys (ConfUtils.java:logGet(43)) - raft.server.rpc.request.timeout = 3000ms (default)
2019-10-15 22:58:45,052 [main] INFO  server.RaftServerConfigKeys (ConfUtils.java:logGet(43)) - raft.server.storage.dir = [/workdir/hadoop-ozone/integration-test/target/test-dir/MiniOzoneClusterImpl-b2ef137f-c059-4db2-aae4-0a2832bcf8b7/datanode-0/data/ratis] (custom)
2019-10-15 22:58:45,054 [main] INFO  hdfs.DFSUtil (DFSUtil.java:httpServerTemplateForNNAndJN(1641)) - Starting Web-server for hddsDatanode at: http://0.0.0.0:0
2019-10-15 22:58:45,055 [main] INFO  server.AuthenticationFilter (AuthenticationFilter.java:constructSecretProvider(240)) - Unable to initialize FileSignerSecretProvider, falling back to use random secrets.
2019-10-15 22:58:45,056 [main] WARN  http.HttpRequestLog (HttpRequestLog.java:getRequestLog(97)) - Jetty request log can only be enabled using Log4j
2019-10-15 22:58:45,057 [main] INFO  http.HttpServer2 (HttpServer2.java:addGlobalFilter(975)) - Added global filter 'safety' (class=org.apache.hadoop.http.HttpServer2$QuotingInputFilter)
2019-10-15 22:58:45,058 [main] INFO  http.HttpServer2 (HttpServer2.java:addFilter(948)) - Added filter static_user_filter (class=org.apache.hadoop.http.lib.StaticUserWebFilter$StaticUserFilter) to context hddsDatanode
2019-10-15 22:58:45,058 [main] INFO  http.HttpServer2 (HttpServer2.java:addFilter(958)) - Added filter static_user_filter (class=org.apache.hadoop.http.lib.StaticUserWebFilter$StaticUserFilter) to context logs
2019-10-15 22:58:45,058 [main] INFO  http.HttpServer2 (HttpServer2.java:addFilter(958)) - Added filter static_user_filter (class=org.apache.hadoop.http.lib.StaticUserWebFilter$StaticUserFilter) to context static
2019-10-15 22:58:45,059 [main] INFO  http.HttpServer2 (HttpServer2.java:bindListener(1191)) - Jetty bound to port 42115
2019-10-15 22:58:45,059 [main] INFO  server.Server (Server.java:doStart(351)) - jetty-9.3.25.v20180904, build timestamp: 2018-09-04T21:11:46Z, git hash: 3ce520221d0240229c862b122d2b06c12a625732
2019-10-15 22:58:45,061 [main] INFO  handler.ContextHandler (ContextHandler.java:doStart(781)) - Started o.e.j.s.ServletContextHandler@118041c7{/logs,file:///workdir/hadoop-ozone/integration-test/target/log,AVAILABLE}
2019-10-15 22:58:45,062 [main] INFO  handler.ContextHandler (ContextHandler.java:doStart(781)) - Started o.e.j.s.ServletContextHandler@5c4cc644{/static,jar:file:/home/user/.m2/repository/org/apache/hadoop/hadoop-hdds-container-service/0.5.0-SNAPSHOT/hadoop-hdds-container-service-0.5.0-SNAPSHOT.jar!/webapps/static,AVAILABLE}
2019-10-15 22:58:45,102 [main] INFO  handler.ContextHandler (ContextHandler.java:doStart(781)) - Started o.e.j.w.WebAppContext@28fc1132{/,file:///tmp/jetty-0.0.0.0-42115-hddsDatanode-_-any-7208971243783617237.dir/webapp/,AVAILABLE}{/hddsDatanode}
2019-10-15 22:58:45,103 [main] INFO  server.AbstractConnector (AbstractConnector.java:doStart(278)) - Started ServerConnector@355ce6a6{HTTP/1.1,[http/1.1]}{0.0.0.0:42115}
2019-10-15 22:58:45,105 [main] INFO  server.Server (Server.java:doStart(419)) - Started @211041ms
2019-10-15 22:58:45,105 [main] WARN  impl.MetricsSystemImpl (MetricsSystemImpl.java:register(276)) - Sink prometheus already exists!
2019-10-15 22:58:45,106 [main] INFO  server.BaseHttpServer (BaseHttpServer.java:updateConnectorAddress(215)) - HTTP server of HDDSDATANODE is listening at http://0.0.0.0:42115
2019-10-15 22:58:45,106 [main] INFO  impl.MetricsSystemImpl (MetricsSystemImpl.java:init(158)) - HddsDatanode metrics system started (again)
2019-10-15 22:58:45,124 [org.apache.hadoop.util.JvmPauseMonitor$Monitor@29299e0d] INFO  util.JvmPauseMonitor (JvmPauseMonitor.java:run(188)) - Starting JVM pause monitor
2019-10-15 22:58:45,125 [main] INFO  ozone.HddsDatanodeService (HddsDatanodeService.java:start(184)) - HddsDatanodeService host:pr-hdds-2071-8rz7p-357833546 ip:192.168.69.67
2019-10-15 22:58:45,125 [Datanode State Machine Thread - 0] INFO  datanode.InitDatanodeState (InitDatanodeState.java:persistContainerDatanodeDetails(140)) - DatanodeDetails is persisted to /workdir/hadoop-ozone/integration-test/target/test-dir/MiniOzoneClusterImpl-b2ef137f-c059-4db2-aae4-0a2832bcf8b7/datanode-0/meta/datanode.id
2019-10-15 22:58:45,135 [main] INFO  volume.HddsVolume (HddsVolume.java:<init>(176)) - Creating Volume: /workdir/hadoop-ozone/integration-test/target/test-dir/MiniOzoneClusterImpl-b2ef137f-c059-4db2-aae4-0a2832bcf8b7/datanode-1/data/containers/hdds of  storage type : DISK and capacity : 1482555576320
2019-10-15 22:58:45,136 [main] INFO  volume.VolumeSet (VolumeSet.java:initializeVolumeSet(170)) - Added Volume : /workdir/hadoop-ozone/integration-test/target/test-dir/MiniOzoneClusterImpl-b2ef137f-c059-4db2-aae4-0a2832bcf8b7/datanode-1/data/containers/hdds to VolumeSet
2019-10-15 22:58:45,136 [main] INFO  volume.ThrottledAsyncChecker (ThrottledAsyncChecker.java:schedule(141)) - Scheduling a check for org.apache.hadoop.ozone.container.common.volume.HddsVolume@39266403
2019-10-15 22:58:45,136 [main] INFO  volume.HddsVolumeChecker (HddsVolumeChecker.java:checkAllVolumes(204)) - Scheduled health check for volume org.apache.hadoop.ozone.container.common.volume.HddsVolume@39266403
2019-10-15 22:58:45,155 [main] INFO  impl.RaftServerProxy (ConfUtils.java:logGet(43)) - raft.rpc.type = GRPC (default)
2019-10-15 22:58:45,156 [main] INFO  grpc.GrpcFactory (GrpcFactory.java:checkPooledByteBufAllocatorUseCacheForAllThreads(45)) - PERFORMANCE WARNING: useCacheForAllThreads is true that may cause Netty to create a lot garbage objects and, as a result, trigger GC.
	It is recommended to disable useCacheForAllThreads by setting -Dorg.apache.ratis.thirdparty.io.netty.allocator.useCacheForAllThreads=false in command line.
2019-10-15 22:58:45,156 [main] INFO  grpc.GrpcConfigKeys$Server (ConfUtils.java:logGet(43)) - raft.grpc.server.port = 0 (default)
2019-10-15 22:58:45,156 [main] INFO  server.GrpcService (ConfUtils.java:logGet(43)) - raft.grpc.message.size.max = 33570816 (custom)
2019-10-15 22:58:45,156 [main] INFO  server.RaftServerConfigKeys (ConfUtils.java:logGet(43)) - raft.server.log.appender.buffer.byte-limit = 33554432 (custom)
2019-10-15 22:58:45,156 [main] INFO  server.GrpcService (ConfUtils.java:logGet(43)) - raft.grpc.flow.control.window = 1MB (=1048576) (default)
2019-10-15 22:58:45,157 [main] INFO  server.RaftServerConfigKeys (ConfUtils.java:logGet(43)) - raft.server.rpc.request.timeout = 3000ms (default)
2019-10-15 22:58:45,157 [main] INFO  server.RaftServerConfigKeys (ConfUtils.java:logGet(43)) - raft.server.storage.dir = [/workdir/hadoop-ozone/integration-test/target/test-dir/MiniOzoneClusterImpl-b2ef137f-c059-4db2-aae4-0a2832bcf8b7/datanode-1/data/ratis] (custom)
2019-10-15 22:58:45,159 [main] INFO  hdfs.DFSUtil (DFSUtil.java:httpServerTemplateForNNAndJN(1641)) - Starting Web-server for hddsDatanode at: http://0.0.0.0:0
2019-10-15 22:58:45,160 [main] INFO  server.AuthenticationFilter (AuthenticationFilter.java:constructSecretProvider(240)) - Unable to initialize FileSignerSecretProvider, falling back to use random secrets.
2019-10-15 22:58:45,160 [main] WARN  http.HttpRequestLog (HttpRequestLog.java:getRequestLog(97)) - Jetty request log can only be enabled using Log4j
2019-10-15 22:58:45,162 [main] INFO  http.HttpServer2 (HttpServer2.java:addGlobalFilter(975)) - Added global filter 'safety' (class=org.apache.hadoop.http.HttpServer2$QuotingInputFilter)
2019-10-15 22:58:45,162 [main] INFO  http.HttpServer2 (HttpServer2.java:addFilter(948)) - Added filter static_user_filter (class=org.apache.hadoop.http.lib.StaticUserWebFilter$StaticUserFilter) to context hddsDatanode
2019-10-15 22:58:45,162 [main] INFO  http.HttpServer2 (HttpServer2.java:addFilter(958)) - Added filter static_user_filter (class=org.apache.hadoop.http.lib.StaticUserWebFilter$StaticUserFilter) to context static
2019-10-15 22:58:45,163 [main] INFO  http.HttpServer2 (HttpServer2.java:addFilter(958)) - Added filter static_user_filter (class=org.apache.hadoop.http.lib.StaticUserWebFilter$StaticUserFilter) to context logs
2019-10-15 22:58:45,163 [main] INFO  http.HttpServer2 (HttpServer2.java:bindListener(1191)) - Jetty bound to port 41489
2019-10-15 22:58:45,164 [main] INFO  server.Server (Server.java:doStart(351)) - jetty-9.3.25.v20180904, build timestamp: 2018-09-04T21:11:46Z, git hash: 3ce520221d0240229c862b122d2b06c12a625732
2019-10-15 22:58:45,165 [main] INFO  handler.ContextHandler (ContextHandler.java:doStart(781)) - Started o.e.j.s.ServletContextHandler@24a0c58b{/logs,file:///workdir/hadoop-ozone/integration-test/target/log,AVAILABLE}
2019-10-15 22:58:45,166 [main] INFO  handler.ContextHandler (ContextHandler.java:doStart(781)) - Started o.e.j.s.ServletContextHandler@7f3c0399{/static,jar:file:/home/user/.m2/repository/org/apache/hadoop/hadoop-hdds-container-service/0.5.0-SNAPSHOT/hadoop-hdds-container-service-0.5.0-SNAPSHOT.jar!/webapps/static,AVAILABLE}
2019-10-15 22:58:45,207 [main] INFO  handler.ContextHandler (ContextHandler.java:doStart(781)) - Started o.e.j.w.WebAppContext@51ba952e{/,file:///tmp/jetty-0.0.0.0-41489-hddsDatanode-_-any-3862156517849815470.dir/webapp/,AVAILABLE}{/hddsDatanode}
2019-10-15 22:58:45,207 [main] INFO  server.AbstractConnector (AbstractConnector.java:doStart(278)) - Started ServerConnector@2416c658{HTTP/1.1,[http/1.1]}{0.0.0.0:41489}
2019-10-15 22:58:45,209 [main] INFO  server.Server (Server.java:doStart(419)) - Started @211146ms
2019-10-15 22:58:45,209 [main] WARN  impl.MetricsSystemImpl (MetricsSystemImpl.java:register(276)) - Sink prometheus already exists!
2019-10-15 22:58:45,210 [main] INFO  server.BaseHttpServer (BaseHttpServer.java:updateConnectorAddress(215)) - HTTP server of HDDSDATANODE is listening at http://0.0.0.0:41489
2019-10-15 22:58:45,211 [main] INFO  impl.MetricsSystemImpl (MetricsSystemImpl.java:init(158)) - HddsDatanode metrics system started (again)
2019-10-15 22:58:45,229 [org.apache.hadoop.util.JvmPauseMonitor$Monitor@5ff7e1ef] INFO  util.JvmPauseMonitor (JvmPauseMonitor.java:run(188)) - Starting JVM pause monitor
2019-10-15 22:58:45,230 [Datanode State Machine Thread - 0] INFO  datanode.InitDatanodeState (InitDatanodeState.java:persistContainerDatanodeDetails(140)) - DatanodeDetails is persisted to /workdir/hadoop-ozone/integration-test/target/test-dir/MiniOzoneClusterImpl-b2ef137f-c059-4db2-aae4-0a2832bcf8b7/datanode-1/meta/datanode.id
2019-10-15 22:58:45,230 [main] INFO  ozone.HddsDatanodeService (HddsDatanodeService.java:start(184)) - HddsDatanodeService host:pr-hdds-2071-8rz7p-357833546 ip:192.168.69.67
2019-10-15 22:58:45,238 [main] INFO  volume.HddsVolume (HddsVolume.java:<init>(176)) - Creating Volume: /workdir/hadoop-ozone/integration-test/target/test-dir/MiniOzoneClusterImpl-b2ef137f-c059-4db2-aae4-0a2832bcf8b7/datanode-2/data/containers/hdds of  storage type : DISK and capacity : 1482555576320
2019-10-15 22:58:45,238 [main] INFO  volume.VolumeSet (VolumeSet.java:initializeVolumeSet(170)) - Added Volume : /workdir/hadoop-ozone/integration-test/target/test-dir/MiniOzoneClusterImpl-b2ef137f-c059-4db2-aae4-0a2832bcf8b7/datanode-2/data/containers/hdds to VolumeSet
2019-10-15 22:58:45,239 [main] INFO  volume.ThrottledAsyncChecker (ThrottledAsyncChecker.java:schedule(141)) - Scheduling a check for org.apache.hadoop.ozone.container.common.volume.HddsVolume@72465eb2
2019-10-15 22:58:45,240 [main] INFO  volume.HddsVolumeChecker (HddsVolumeChecker.java:checkAllVolumes(204)) - Scheduled health check for volume org.apache.hadoop.ozone.container.common.volume.HddsVolume@72465eb2
2019-10-15 22:58:45,255 [main] INFO  impl.RaftServerProxy (ConfUtils.java:logGet(43)) - raft.rpc.type = GRPC (default)
2019-10-15 22:58:45,255 [main] INFO  grpc.GrpcFactory (GrpcFactory.java:checkPooledByteBufAllocatorUseCacheForAllThreads(45)) - PERFORMANCE WARNING: useCacheForAllThreads is true that may cause Netty to create a lot garbage objects and, as a result, trigger GC.
	It is recommended to disable useCacheForAllThreads by setting -Dorg.apache.ratis.thirdparty.io.netty.allocator.useCacheForAllThreads=false in command line.
2019-10-15 22:58:45,255 [main] INFO  grpc.GrpcConfigKeys$Server (ConfUtils.java:logGet(43)) - raft.grpc.server.port = 0 (default)
2019-10-15 22:58:45,255 [main] INFO  server.GrpcService (ConfUtils.java:logGet(43)) - raft.grpc.message.size.max = 33570816 (custom)
2019-10-15 22:58:45,256 [main] INFO  server.RaftServerConfigKeys (ConfUtils.java:logGet(43)) - raft.server.log.appender.buffer.byte-limit = 33554432 (custom)
2019-10-15 22:58:45,256 [main] INFO  server.GrpcService (ConfUtils.java:logGet(43)) - raft.grpc.flow.control.window = 1MB (=1048576) (default)
2019-10-15 22:58:45,256 [main] INFO  server.RaftServerConfigKeys (ConfUtils.java:logGet(43)) - raft.server.rpc.request.timeout = 3000ms (default)
2019-10-15 22:58:45,257 [main] INFO  server.RaftServerConfigKeys (ConfUtils.java:logGet(43)) - raft.server.storage.dir = [/workdir/hadoop-ozone/integration-test/target/test-dir/MiniOzoneClusterImpl-b2ef137f-c059-4db2-aae4-0a2832bcf8b7/datanode-2/data/ratis] (custom)
2019-10-15 22:58:45,258 [main] INFO  hdfs.DFSUtil (DFSUtil.java:httpServerTemplateForNNAndJN(1641)) - Starting Web-server for hddsDatanode at: http://0.0.0.0:0
2019-10-15 22:58:45,259 [main] INFO  server.AuthenticationFilter (AuthenticationFilter.java:constructSecretProvider(240)) - Unable to initialize FileSignerSecretProvider, falling back to use random secrets.
2019-10-15 22:58:45,260 [main] WARN  http.HttpRequestLog (HttpRequestLog.java:getRequestLog(97)) - Jetty request log can only be enabled using Log4j
2019-10-15 22:58:45,261 [main] INFO  http.HttpServer2 (HttpServer2.java:addGlobalFilter(975)) - Added global filter 'safety' (class=org.apache.hadoop.http.HttpServer2$QuotingInputFilter)
2019-10-15 22:58:45,261 [main] INFO  http.HttpServer2 (HttpServer2.java:addFilter(948)) - Added filter static_user_filter (class=org.apache.hadoop.http.lib.StaticUserWebFilter$StaticUserFilter) to context hddsDatanode
2019-10-15 22:58:45,261 [main] INFO  http.HttpServer2 (HttpServer2.java:addFilter(958)) - Added filter static_user_filter (class=org.apache.hadoop.http.lib.StaticUserWebFilter$StaticUserFilter) to context logs
2019-10-15 22:58:45,261 [main] INFO  http.HttpServer2 (HttpServer2.java:addFilter(958)) - Added filter static_user_filter (class=org.apache.hadoop.http.lib.StaticUserWebFilter$StaticUserFilter) to context static
2019-10-15 22:58:45,262 [main] INFO  http.HttpServer2 (HttpServer2.java:bindListener(1191)) - Jetty bound to port 34529
2019-10-15 22:58:45,262 [main] INFO  server.Server (Server.java:doStart(351)) - jetty-9.3.25.v20180904, build timestamp: 2018-09-04T21:11:46Z, git hash: 3ce520221d0240229c862b122d2b06c12a625732
2019-10-15 22:58:45,264 [main] INFO  handler.ContextHandler (ContextHandler.java:doStart(781)) - Started o.e.j.s.ServletContextHandler@261f359f{/logs,file:///workdir/hadoop-ozone/integration-test/target/log,AVAILABLE}
2019-10-15 22:58:45,264 [main] INFO  handler.ContextHandler (ContextHandler.java:doStart(781)) - Started o.e.j.s.ServletContextHandler@57186526{/static,jar:file:/home/user/.m2/repository/org/apache/hadoop/hadoop-hdds-container-service/0.5.0-SNAPSHOT/hadoop-hdds-container-service-0.5.0-SNAPSHOT.jar!/webapps/static,AVAILABLE}
2019-10-15 22:58:45,292 [main] INFO  handler.ContextHandler (ContextHandler.java:doStart(781)) - Started o.e.j.w.WebAppContext@3887c7d7{/,file:///tmp/jetty-0.0.0.0-34529-hddsDatanode-_-any-7407206021550100210.dir/webapp/,AVAILABLE}{/hddsDatanode}
2019-10-15 22:58:45,292 [main] INFO  server.AbstractConnector (AbstractConnector.java:doStart(278)) - Started ServerConnector@b1b471{HTTP/1.1,[http/1.1]}{0.0.0.0:34529}
2019-10-15 22:58:45,294 [main] INFO  server.Server (Server.java:doStart(419)) - Started @211230ms
2019-10-15 22:58:45,294 [main] WARN  impl.MetricsSystemImpl (MetricsSystemImpl.java:register(276)) - Sink prometheus already exists!
2019-10-15 22:58:45,295 [main] INFO  server.BaseHttpServer (BaseHttpServer.java:updateConnectorAddress(215)) - HTTP server of HDDSDATANODE is listening at http://0.0.0.0:34529
2019-10-15 22:58:45,295 [main] INFO  impl.MetricsSystemImpl (MetricsSystemImpl.java:init(158)) - HddsDatanode metrics system started (again)
2019-10-15 22:58:45,316 [org.apache.hadoop.util.JvmPauseMonitor$Monitor@61aca914] INFO  util.JvmPauseMonitor (JvmPauseMonitor.java:run(188)) - Starting JVM pause monitor
2019-10-15 22:58:45,317 [Datanode State Machine Thread - 0] INFO  datanode.InitDatanodeState (InitDatanodeState.java:persistContainerDatanodeDetails(140)) - DatanodeDetails is persisted to /workdir/hadoop-ozone/integration-test/target/test-dir/MiniOzoneClusterImpl-b2ef137f-c059-4db2-aae4-0a2832bcf8b7/datanode-2/meta/datanode.id
2019-10-15 22:58:45,318 [main] INFO  ozone.HddsDatanodeService (HddsDatanodeService.java:start(184)) - HddsDatanodeService host:pr-hdds-2071-8rz7p-357833546 ip:192.168.69.67
2019-10-15 22:58:45,326 [main] INFO  volume.HddsVolume (HddsVolume.java:<init>(176)) - Creating Volume: /workdir/hadoop-ozone/integration-test/target/test-dir/MiniOzoneClusterImpl-b2ef137f-c059-4db2-aae4-0a2832bcf8b7/datanode-3/data/containers/hdds of  storage type : DISK and capacity : 1482555576320
2019-10-15 22:58:45,326 [main] INFO  volume.VolumeSet (VolumeSet.java:initializeVolumeSet(170)) - Added Volume : /workdir/hadoop-ozone/integration-test/target/test-dir/MiniOzoneClusterImpl-b2ef137f-c059-4db2-aae4-0a2832bcf8b7/datanode-3/data/containers/hdds to VolumeSet
2019-10-15 22:58:45,326 [main] INFO  volume.ThrottledAsyncChecker (ThrottledAsyncChecker.java:schedule(141)) - Scheduling a check for org.apache.hadoop.ozone.container.common.volume.HddsVolume@65da01f4
2019-10-15 22:58:45,327 [main] INFO  volume.HddsVolumeChecker (HddsVolumeChecker.java:checkAllVolumes(204)) - Scheduled health check for volume org.apache.hadoop.ozone.container.common.volume.HddsVolume@65da01f4
2019-10-15 22:58:45,345 [main] INFO  impl.RaftServerProxy (ConfUtils.java:logGet(43)) - raft.rpc.type = GRPC (default)
2019-10-15 22:58:45,345 [main] INFO  grpc.GrpcFactory (GrpcFactory.java:checkPooledByteBufAllocatorUseCacheForAllThreads(45)) - PERFORMANCE WARNING: useCacheForAllThreads is true that may cause Netty to create a lot garbage objects and, as a result, trigger GC.
	It is recommended to disable useCacheForAllThreads by setting -Dorg.apache.ratis.thirdparty.io.netty.allocator.useCacheForAllThreads=false in command line.
2019-10-15 22:58:45,345 [main] INFO  grpc.GrpcConfigKeys$Server (ConfUtils.java:logGet(43)) - raft.grpc.server.port = 0 (default)
2019-10-15 22:58:45,346 [main] INFO  server.GrpcService (ConfUtils.java:logGet(43)) - raft.grpc.message.size.max = 33570816 (custom)
2019-10-15 22:58:45,346 [main] INFO  server.RaftServerConfigKeys (ConfUtils.java:logGet(43)) - raft.server.log.appender.buffer.byte-limit = 33554432 (custom)
2019-10-15 22:58:45,346 [main] INFO  server.GrpcService (ConfUtils.java:logGet(43)) - raft.grpc.flow.control.window = 1MB (=1048576) (default)
2019-10-15 22:58:45,346 [main] INFO  server.RaftServerConfigKeys (ConfUtils.java:logGet(43)) - raft.server.rpc.request.timeout = 3000ms (default)
2019-10-15 22:58:45,347 [main] INFO  server.RaftServerConfigKeys (ConfUtils.java:logGet(43)) - raft.server.storage.dir = [/workdir/hadoop-ozone/integration-test/target/test-dir/MiniOzoneClusterImpl-b2ef137f-c059-4db2-aae4-0a2832bcf8b7/datanode-3/data/ratis] (custom)
2019-10-15 22:58:45,349 [main] INFO  hdfs.DFSUtil (DFSUtil.java:httpServerTemplateForNNAndJN(1641)) - Starting Web-server for hddsDatanode at: http://0.0.0.0:0
2019-10-15 22:58:45,351 [main] INFO  server.AuthenticationFilter (AuthenticationFilter.java:constructSecretProvider(240)) - Unable to initialize FileSignerSecretProvider, falling back to use random secrets.
2019-10-15 22:58:45,351 [main] WARN  http.HttpRequestLog (HttpRequestLog.java:getRequestLog(97)) - Jetty request log can only be enabled using Log4j
2019-10-15 22:58:45,353 [main] INFO  http.HttpServer2 (HttpServer2.java:addGlobalFilter(975)) - Added global filter 'safety' (class=org.apache.hadoop.http.HttpServer2$QuotingInputFilter)
2019-10-15 22:58:45,354 [main] INFO  http.HttpServer2 (HttpServer2.java:addFilter(948)) - Added filter static_user_filter (class=org.apache.hadoop.http.lib.StaticUserWebFilter$StaticUserFilter) to context hddsDatanode
2019-10-15 22:58:45,354 [main] INFO  http.HttpServer2 (HttpServer2.java:addFilter(958)) - Added filter static_user_filter (class=org.apache.hadoop.http.lib.StaticUserWebFilter$StaticUserFilter) to context static
2019-10-15 22:58:45,354 [main] INFO  http.HttpServer2 (HttpServer2.java:addFilter(958)) - Added filter static_user_filter (class=org.apache.hadoop.http.lib.StaticUserWebFilter$StaticUserFilter) to context logs
2019-10-15 22:58:45,356 [main] INFO  http.HttpServer2 (HttpServer2.java:bindListener(1191)) - Jetty bound to port 41045
2019-10-15 22:58:45,356 [main] INFO  server.Server (Server.java:doStart(351)) - jetty-9.3.25.v20180904, build timestamp: 2018-09-04T21:11:46Z, git hash: 3ce520221d0240229c862b122d2b06c12a625732
2019-10-15 22:58:45,358 [main] INFO  handler.ContextHandler (ContextHandler.java:doStart(781)) - Started o.e.j.s.ServletContextHandler@5438fa43{/logs,file:///workdir/hadoop-ozone/integration-test/target/log,AVAILABLE}
2019-10-15 22:58:45,359 [main] INFO  handler.ContextHandler (ContextHandler.java:doStart(781)) - Started o.e.j.s.ServletContextHandler@515ab3f2{/static,jar:file:/home/user/.m2/repository/org/apache/hadoop/hadoop-hdds-container-service/0.5.0-SNAPSHOT/hadoop-hdds-container-service-0.5.0-SNAPSHOT.jar!/webapps/static,AVAILABLE}
2019-10-15 22:58:45,403 [main] INFO  handler.ContextHandler (ContextHandler.java:doStart(781)) - Started o.e.j.w.WebAppContext@5c8d58ed{/,file:///tmp/jetty-0.0.0.0-41045-hddsDatanode-_-any-779520632383361626.dir/webapp/,AVAILABLE}{/hddsDatanode}
2019-10-15 22:58:45,403 [main] INFO  server.AbstractConnector (AbstractConnector.java:doStart(278)) - Started ServerConnector@6a567f7b{HTTP/1.1,[http/1.1]}{0.0.0.0:41045}
2019-10-15 22:58:45,406 [main] INFO  server.Server (Server.java:doStart(419)) - Started @211342ms
2019-10-15 22:58:45,406 [main] WARN  impl.MetricsSystemImpl (MetricsSystemImpl.java:register(276)) - Sink prometheus already exists!
2019-10-15 22:58:45,407 [main] INFO  server.BaseHttpServer (BaseHttpServer.java:updateConnectorAddress(215)) - HTTP server of HDDSDATANODE is listening at http://0.0.0.0:41045
2019-10-15 22:58:45,408 [main] INFO  impl.MetricsSystemImpl (MetricsSystemImpl.java:init(158)) - HddsDatanode metrics system started (again)
2019-10-15 22:58:45,437 [org.apache.hadoop.util.JvmPauseMonitor$Monitor@73cca37a] INFO  util.JvmPauseMonitor (JvmPauseMonitor.java:run(188)) - Starting JVM pause monitor
2019-10-15 22:58:45,439 [Datanode State Machine Thread - 0] INFO  datanode.InitDatanodeState (InitDatanodeState.java:persistContainerDatanodeDetails(140)) - DatanodeDetails is persisted to /workdir/hadoop-ozone/integration-test/target/test-dir/MiniOzoneClusterImpl-b2ef137f-c059-4db2-aae4-0a2832bcf8b7/datanode-3/meta/datanode.id
2019-10-15 22:58:45,439 [main] INFO  ozone.HddsDatanodeService (HddsDatanodeService.java:start(184)) - HddsDatanodeService host:pr-hdds-2071-8rz7p-357833546 ip:192.168.69.67
2019-10-15 22:58:45,450 [main] INFO  volume.HddsVolume (HddsVolume.java:<init>(176)) - Creating Volume: /workdir/hadoop-ozone/integration-test/target/test-dir/MiniOzoneClusterImpl-b2ef137f-c059-4db2-aae4-0a2832bcf8b7/datanode-4/data/containers/hdds of  storage type : DISK and capacity : 1482555576320
2019-10-15 22:58:45,450 [main] INFO  volume.VolumeSet (VolumeSet.java:initializeVolumeSet(170)) - Added Volume : /workdir/hadoop-ozone/integration-test/target/test-dir/MiniOzoneClusterImpl-b2ef137f-c059-4db2-aae4-0a2832bcf8b7/datanode-4/data/containers/hdds to VolumeSet
2019-10-15 22:58:45,450 [main] INFO  volume.ThrottledAsyncChecker (ThrottledAsyncChecker.java:schedule(141)) - Scheduling a check for org.apache.hadoop.ozone.container.common.volume.HddsVolume@16d431b4
2019-10-15 22:58:45,451 [main] INFO  volume.HddsVolumeChecker (HddsVolumeChecker.java:checkAllVolumes(204)) - Scheduled health check for volume org.apache.hadoop.ozone.container.common.volume.HddsVolume@16d431b4
2019-10-15 22:58:45,466 [main] INFO  impl.RaftServerProxy (ConfUtils.java:logGet(43)) - raft.rpc.type = GRPC (default)
2019-10-15 22:58:45,466 [main] INFO  grpc.GrpcFactory (GrpcFactory.java:checkPooledByteBufAllocatorUseCacheForAllThreads(45)) - PERFORMANCE WARNING: useCacheForAllThreads is true that may cause Netty to create a lot garbage objects and, as a result, trigger GC.
	It is recommended to disable useCacheForAllThreads by setting -Dorg.apache.ratis.thirdparty.io.netty.allocator.useCacheForAllThreads=false in command line.
2019-10-15 22:58:45,466 [main] INFO  grpc.GrpcConfigKeys$Server (ConfUtils.java:logGet(43)) - raft.grpc.server.port = 0 (default)
2019-10-15 22:58:45,466 [main] INFO  server.GrpcService (ConfUtils.java:logGet(43)) - raft.grpc.message.size.max = 33570816 (custom)
2019-10-15 22:58:45,466 [main] INFO  server.RaftServerConfigKeys (ConfUtils.java:logGet(43)) - raft.server.log.appender.buffer.byte-limit = 33554432 (custom)
2019-10-15 22:58:45,467 [main] INFO  server.GrpcService (ConfUtils.java:logGet(43)) - raft.grpc.flow.control.window = 1MB (=1048576) (default)
2019-10-15 22:58:45,467 [main] INFO  server.RaftServerConfigKeys (ConfUtils.java:logGet(43)) - raft.server.rpc.request.timeout = 3000ms (default)
2019-10-15 22:58:45,467 [main] INFO  server.RaftServerConfigKeys (ConfUtils.java:logGet(43)) - raft.server.storage.dir = [/workdir/hadoop-ozone/integration-test/target/test-dir/MiniOzoneClusterImpl-b2ef137f-c059-4db2-aae4-0a2832bcf8b7/datanode-4/data/ratis] (custom)
2019-10-15 22:58:45,468 [main] INFO  hdfs.DFSUtil (DFSUtil.java:httpServerTemplateForNNAndJN(1641)) - Starting Web-server for hddsDatanode at: http://0.0.0.0:0
2019-10-15 22:58:45,470 [main] INFO  server.AuthenticationFilter (AuthenticationFilter.java:constructSecretProvider(240)) - Unable to initialize FileSignerSecretProvider, falling back to use random secrets.
2019-10-15 22:58:45,471 [main] WARN  http.HttpRequestLog (HttpRequestLog.java:getRequestLog(97)) - Jetty request log can only be enabled using Log4j
2019-10-15 22:58:45,472 [main] INFO  http.HttpServer2 (HttpServer2.java:addGlobalFilter(975)) - Added global filter 'safety' (class=org.apache.hadoop.http.HttpServer2$QuotingInputFilter)
2019-10-15 22:58:45,473 [main] INFO  http.HttpServer2 (HttpServer2.java:addFilter(948)) - Added filter static_user_filter (class=org.apache.hadoop.http.lib.StaticUserWebFilter$StaticUserFilter) to context hddsDatanode
2019-10-15 22:58:45,473 [main] INFO  http.HttpServer2 (HttpServer2.java:addFilter(958)) - Added filter static_user_filter (class=org.apache.hadoop.http.lib.StaticUserWebFilter$StaticUserFilter) to context static
2019-10-15 22:58:45,473 [main] INFO  http.HttpServer2 (HttpServer2.java:addFilter(958)) - Added filter static_user_filter (class=org.apache.hadoop.http.lib.StaticUserWebFilter$StaticUserFilter) to context logs
2019-10-15 22:58:45,474 [main] INFO  http.HttpServer2 (HttpServer2.java:bindListener(1191)) - Jetty bound to port 41674
2019-10-15 22:58:45,474 [main] INFO  server.Server (Server.java:doStart(351)) - jetty-9.3.25.v20180904, build timestamp: 2018-09-04T21:11:46Z, git hash: 3ce520221d0240229c862b122d2b06c12a625732
2019-10-15 22:58:45,476 [main] INFO  handler.ContextHandler (ContextHandler.java:doStart(781)) - Started o.e.j.s.ServletContextHandler@508ad266{/logs,file:///workdir/hadoop-ozone/integration-test/target/log,AVAILABLE}
2019-10-15 22:58:45,477 [main] INFO  handler.ContextHandler (ContextHandler.java:doStart(781)) - Started o.e.j.s.ServletContextHandler@216372b7{/static,jar:file:/home/user/.m2/repository/org/apache/hadoop/hadoop-hdds-container-service/0.5.0-SNAPSHOT/hadoop-hdds-container-service-0.5.0-SNAPSHOT.jar!/webapps/static,AVAILABLE}
2019-10-15 22:58:45,519 [main] INFO  handler.ContextHandler (ContextHandler.java:doStart(781)) - Started o.e.j.w.WebAppContext@6f91fbda{/,file:///tmp/jetty-0.0.0.0-41674-hddsDatanode-_-any-6603619258702102399.dir/webapp/,AVAILABLE}{/hddsDatanode}
2019-10-15 22:58:45,519 [main] INFO  server.AbstractConnector (AbstractConnector.java:doStart(278)) - Started ServerConnector@723e3c17{HTTP/1.1,[http/1.1]}{0.0.0.0:41674}
2019-10-15 22:58:45,522 [main] INFO  server.Server (Server.java:doStart(419)) - Started @211458ms
2019-10-15 22:58:45,522 [main] WARN  impl.MetricsSystemImpl (MetricsSystemImpl.java:register(276)) - Sink prometheus already exists!
2019-10-15 22:58:45,523 [main] INFO  server.BaseHttpServer (BaseHttpServer.java:updateConnectorAddress(215)) - HTTP server of HDDSDATANODE is listening at http://0.0.0.0:41674
2019-10-15 22:58:45,523 [main] INFO  impl.MetricsSystemImpl (MetricsSystemImpl.java:init(158)) - HddsDatanode metrics system started (again)
2019-10-15 22:58:45,554 [org.apache.hadoop.util.JvmPauseMonitor$Monitor@64089656] INFO  util.JvmPauseMonitor (JvmPauseMonitor.java:run(188)) - Starting JVM pause monitor
2019-10-15 22:58:45,555 [Datanode State Machine Thread - 0] INFO  datanode.InitDatanodeState (InitDatanodeState.java:persistContainerDatanodeDetails(140)) - DatanodeDetails is persisted to /workdir/hadoop-ozone/integration-test/target/test-dir/MiniOzoneClusterImpl-b2ef137f-c059-4db2-aae4-0a2832bcf8b7/datanode-4/meta/datanode.id
2019-10-15 22:58:45,556 [main] INFO  ozone.HddsDatanodeService (HddsDatanodeService.java:start(184)) - HddsDatanodeService host:pr-hdds-2071-8rz7p-357833546 ip:192.168.69.67
2019-10-15 22:58:45,564 [main] INFO  volume.HddsVolume (HddsVolume.java:<init>(176)) - Creating Volume: /workdir/hadoop-ozone/integration-test/target/test-dir/MiniOzoneClusterImpl-b2ef137f-c059-4db2-aae4-0a2832bcf8b7/datanode-5/data/containers/hdds of  storage type : DISK and capacity : 1482555576320
2019-10-15 22:58:45,564 [main] INFO  volume.VolumeSet (VolumeSet.java:initializeVolumeSet(170)) - Added Volume : /workdir/hadoop-ozone/integration-test/target/test-dir/MiniOzoneClusterImpl-b2ef137f-c059-4db2-aae4-0a2832bcf8b7/datanode-5/data/containers/hdds to VolumeSet
2019-10-15 22:58:45,565 [main] INFO  volume.ThrottledAsyncChecker (ThrottledAsyncChecker.java:schedule(141)) - Scheduling a check for org.apache.hadoop.ozone.container.common.volume.HddsVolume@64656b9e
2019-10-15 22:58:45,565 [main] INFO  volume.HddsVolumeChecker (HddsVolumeChecker.java:checkAllVolumes(204)) - Scheduled health check for volume org.apache.hadoop.ozone.container.common.volume.HddsVolume@64656b9e
2019-10-15 22:58:45,581 [main] INFO  impl.RaftServerProxy (ConfUtils.java:logGet(43)) - raft.rpc.type = GRPC (default)
2019-10-15 22:58:45,582 [main] INFO  grpc.GrpcFactory (GrpcFactory.java:checkPooledByteBufAllocatorUseCacheForAllThreads(45)) - PERFORMANCE WARNING: useCacheForAllThreads is true that may cause Netty to create a lot garbage objects and, as a result, trigger GC.
	It is recommended to disable useCacheForAllThreads by setting -Dorg.apache.ratis.thirdparty.io.netty.allocator.useCacheForAllThreads=false in command line.
2019-10-15 22:58:45,582 [main] INFO  grpc.GrpcConfigKeys$Server (ConfUtils.java:logGet(43)) - raft.grpc.server.port = 0 (default)
2019-10-15 22:58:45,582 [main] INFO  server.GrpcService (ConfUtils.java:logGet(43)) - raft.grpc.message.size.max = 33570816 (custom)
2019-10-15 22:58:45,582 [main] INFO  server.RaftServerConfigKeys (ConfUtils.java:logGet(43)) - raft.server.log.appender.buffer.byte-limit = 33554432 (custom)
2019-10-15 22:58:45,582 [main] INFO  server.GrpcService (ConfUtils.java:logGet(43)) - raft.grpc.flow.control.window = 1MB (=1048576) (default)
2019-10-15 22:58:45,583 [main] INFO  server.RaftServerConfigKeys (ConfUtils.java:logGet(43)) - raft.server.rpc.request.timeout = 3000ms (default)
2019-10-15 22:58:45,583 [main] INFO  server.RaftServerConfigKeys (ConfUtils.java:logGet(43)) - raft.server.storage.dir = [/workdir/hadoop-ozone/integration-test/target/test-dir/MiniOzoneClusterImpl-b2ef137f-c059-4db2-aae4-0a2832bcf8b7/datanode-5/data/ratis] (custom)
2019-10-15 22:58:45,584 [main] INFO  hdfs.DFSUtil (DFSUtil.java:httpServerTemplateForNNAndJN(1641)) - Starting Web-server for hddsDatanode at: http://0.0.0.0:0
2019-10-15 22:58:45,586 [main] INFO  server.AuthenticationFilter (AuthenticationFilter.java:constructSecretProvider(240)) - Unable to initialize FileSignerSecretProvider, falling back to use random secrets.
2019-10-15 22:58:45,586 [main] WARN  http.HttpRequestLog (HttpRequestLog.java:getRequestLog(97)) - Jetty request log can only be enabled using Log4j
2019-10-15 22:58:45,588 [main] INFO  http.HttpServer2 (HttpServer2.java:addGlobalFilter(975)) - Added global filter 'safety' (class=org.apache.hadoop.http.HttpServer2$QuotingInputFilter)
2019-10-15 22:58:45,588 [main] INFO  http.HttpServer2 (HttpServer2.java:addFilter(948)) - Added filter static_user_filter (class=org.apache.hadoop.http.lib.StaticUserWebFilter$StaticUserFilter) to context hddsDatanode
2019-10-15 22:58:45,588 [main] INFO  http.HttpServer2 (HttpServer2.java:addFilter(958)) - Added filter static_user_filter (class=org.apache.hadoop.http.lib.StaticUserWebFilter$StaticUserFilter) to context logs
2019-10-15 22:58:45,589 [main] INFO  http.HttpServer2 (HttpServer2.java:addFilter(958)) - Added filter static_user_filter (class=org.apache.hadoop.http.lib.StaticUserWebFilter$StaticUserFilter) to context static
2019-10-15 22:58:45,589 [main] INFO  http.HttpServer2 (HttpServer2.java:bindListener(1191)) - Jetty bound to port 44689
2019-10-15 22:58:45,589 [main] INFO  server.Server (Server.java:doStart(351)) - jetty-9.3.25.v20180904, build timestamp: 2018-09-04T21:11:46Z, git hash: 3ce520221d0240229c862b122d2b06c12a625732
2019-10-15 22:58:45,591 [main] INFO  handler.ContextHandler (ContextHandler.java:doStart(781)) - Started o.e.j.s.ServletContextHandler@4837f97e{/logs,file:///workdir/hadoop-ozone/integration-test/target/log,AVAILABLE}
2019-10-15 22:58:45,592 [main] INFO  handler.ContextHandler (ContextHandler.java:doStart(781)) - Started o.e.j.s.ServletContextHandler@62a6674f{/static,jar:file:/home/user/.m2/repository/org/apache/hadoop/hadoop-hdds-container-service/0.5.0-SNAPSHOT/hadoop-hdds-container-service-0.5.0-SNAPSHOT.jar!/webapps/static,AVAILABLE}
2019-10-15 22:58:45,624 [main] INFO  handler.ContextHandler (ContextHandler.java:doStart(781)) - Started o.e.j.w.WebAppContext@38159384{/,file:///tmp/jetty-0.0.0.0-44689-hddsDatanode-_-any-5529745561498026653.dir/webapp/,AVAILABLE}{/hddsDatanode}
2019-10-15 22:58:45,625 [main] INFO  server.AbstractConnector (AbstractConnector.java:doStart(278)) - Started ServerConnector@55877274{HTTP/1.1,[http/1.1]}{0.0.0.0:44689}
2019-10-15 22:58:45,628 [main] INFO  server.Server (Server.java:doStart(419)) - Started @211564ms
2019-10-15 22:58:45,628 [main] WARN  impl.MetricsSystemImpl (MetricsSystemImpl.java:register(276)) - Sink prometheus already exists!
2019-10-15 22:58:45,629 [main] INFO  server.BaseHttpServer (BaseHttpServer.java:updateConnectorAddress(215)) - HTTP server of HDDSDATANODE is listening at http://0.0.0.0:44689
2019-10-15 22:58:45,629 [main] INFO  impl.MetricsSystemImpl (MetricsSystemImpl.java:init(158)) - HddsDatanode metrics system started (again)
2019-10-15 22:58:45,651 [org.apache.hadoop.util.JvmPauseMonitor$Monitor@3c0d1506] INFO  util.JvmPauseMonitor (JvmPauseMonitor.java:run(188)) - Starting JVM pause monitor
2019-10-15 22:58:45,652 [Datanode State Machine Thread - 0] INFO  datanode.InitDatanodeState (InitDatanodeState.java:persistContainerDatanodeDetails(140)) - DatanodeDetails is persisted to /workdir/hadoop-ozone/integration-test/target/test-dir/MiniOzoneClusterImpl-b2ef137f-c059-4db2-aae4-0a2832bcf8b7/datanode-5/meta/datanode.id
2019-10-15 22:58:45,652 [main] INFO  ozone.HddsDatanodeService (HddsDatanodeService.java:start(184)) - HddsDatanodeService host:pr-hdds-2071-8rz7p-357833546 ip:192.168.69.67
2019-10-15 22:58:45,661 [main] INFO  volume.HddsVolume (HddsVolume.java:<init>(176)) - Creating Volume: /workdir/hadoop-ozone/integration-test/target/test-dir/MiniOzoneClusterImpl-b2ef137f-c059-4db2-aae4-0a2832bcf8b7/datanode-6/data/containers/hdds of  storage type : DISK and capacity : 1482555576320
2019-10-15 22:58:45,661 [main] INFO  volume.VolumeSet (VolumeSet.java:initializeVolumeSet(170)) - Added Volume : /workdir/hadoop-ozone/integration-test/target/test-dir/MiniOzoneClusterImpl-b2ef137f-c059-4db2-aae4-0a2832bcf8b7/datanode-6/data/containers/hdds to VolumeSet
2019-10-15 22:58:45,661 [main] INFO  volume.ThrottledAsyncChecker (ThrottledAsyncChecker.java:schedule(141)) - Scheduling a check for org.apache.hadoop.ozone.container.common.volume.HddsVolume@212fafd1
2019-10-15 22:58:45,662 [main] INFO  volume.HddsVolumeChecker (HddsVolumeChecker.java:checkAllVolumes(204)) - Scheduled health check for volume org.apache.hadoop.ozone.container.common.volume.HddsVolume@212fafd1
2019-10-15 22:58:45,675 [main] INFO  impl.RaftServerProxy (ConfUtils.java:logGet(43)) - raft.rpc.type = GRPC (default)
2019-10-15 22:58:45,675 [main] INFO  grpc.GrpcFactory (GrpcFactory.java:checkPooledByteBufAllocatorUseCacheForAllThreads(45)) - PERFORMANCE WARNING: useCacheForAllThreads is true that may cause Netty to create a lot garbage objects and, as a result, trigger GC.
	It is recommended to disable useCacheForAllThreads by setting -Dorg.apache.ratis.thirdparty.io.netty.allocator.useCacheForAllThreads=false in command line.
2019-10-15 22:58:45,675 [main] INFO  grpc.GrpcConfigKeys$Server (ConfUtils.java:logGet(43)) - raft.grpc.server.port = 0 (default)
2019-10-15 22:58:45,675 [main] INFO  server.GrpcService (ConfUtils.java:logGet(43)) - raft.grpc.message.size.max = 33570816 (custom)
2019-10-15 22:58:45,675 [main] INFO  server.RaftServerConfigKeys (ConfUtils.java:logGet(43)) - raft.server.log.appender.buffer.byte-limit = 33554432 (custom)
2019-10-15 22:58:45,675 [main] INFO  server.GrpcService (ConfUtils.java:logGet(43)) - raft.grpc.flow.control.window = 1MB (=1048576) (default)
2019-10-15 22:58:45,676 [main] INFO  server.RaftServerConfigKeys (ConfUtils.java:logGet(43)) - raft.server.rpc.request.timeout = 3000ms (default)
2019-10-15 22:58:45,676 [main] INFO  server.RaftServerConfigKeys (ConfUtils.java:logGet(43)) - raft.server.storage.dir = [/workdir/hadoop-ozone/integration-test/target/test-dir/MiniOzoneClusterImpl-b2ef137f-c059-4db2-aae4-0a2832bcf8b7/datanode-6/data/ratis] (custom)
2019-10-15 22:58:45,678 [main] INFO  hdfs.DFSUtil (DFSUtil.java:httpServerTemplateForNNAndJN(1641)) - Starting Web-server for hddsDatanode at: http://0.0.0.0:0
2019-10-15 22:58:45,679 [main] INFO  server.AuthenticationFilter (AuthenticationFilter.java:constructSecretProvider(240)) - Unable to initialize FileSignerSecretProvider, falling back to use random secrets.
2019-10-15 22:58:45,679 [main] WARN  http.HttpRequestLog (HttpRequestLog.java:getRequestLog(97)) - Jetty request log can only be enabled using Log4j
2019-10-15 22:58:45,680 [main] INFO  http.HttpServer2 (HttpServer2.java:addGlobalFilter(975)) - Added global filter 'safety' (class=org.apache.hadoop.http.HttpServer2$QuotingInputFilter)
2019-10-15 22:58:45,681 [main] INFO  http.HttpServer2 (HttpServer2.java:addFilter(948)) - Added filter static_user_filter (class=org.apache.hadoop.http.lib.StaticUserWebFilter$StaticUserFilter) to context hddsDatanode
2019-10-15 22:58:45,681 [main] INFO  http.HttpServer2 (HttpServer2.java:addFilter(958)) - Added filter static_user_filter (class=org.apache.hadoop.http.lib.StaticUserWebFilter$StaticUserFilter) to context logs
2019-10-15 22:58:45,681 [main] INFO  http.HttpServer2 (HttpServer2.java:addFilter(958)) - Added filter static_user_filter (class=org.apache.hadoop.http.lib.StaticUserWebFilter$StaticUserFilter) to context static
2019-10-15 22:58:45,682 [main] INFO  http.HttpServer2 (HttpServer2.java:bindListener(1191)) - Jetty bound to port 36509
2019-10-15 22:58:45,682 [main] INFO  server.Server (Server.java:doStart(351)) - jetty-9.3.25.v20180904, build timestamp: 2018-09-04T21:11:46Z, git hash: 3ce520221d0240229c862b122d2b06c12a625732
2019-10-15 22:58:45,683 [main] INFO  handler.ContextHandler (ContextHandler.java:doStart(781)) - Started o.e.j.s.ServletContextHandler@1332dec4{/logs,file:///workdir/hadoop-ozone/integration-test/target/log,AVAILABLE}
2019-10-15 22:58:45,684 [main] INFO  handler.ContextHandler (ContextHandler.java:doStart(781)) - Started o.e.j.s.ServletContextHandler@6889f56f{/static,jar:file:/home/user/.m2/repository/org/apache/hadoop/hadoop-hdds-container-service/0.5.0-SNAPSHOT/hadoop-hdds-container-service-0.5.0-SNAPSHOT.jar!/webapps/static,AVAILABLE}
2019-10-15 22:58:45,714 [main] INFO  handler.ContextHandler (ContextHandler.java:doStart(781)) - Started o.e.j.w.WebAppContext@4def7d36{/,file:///tmp/jetty-0.0.0.0-36509-hddsDatanode-_-any-6045234864120178072.dir/webapp/,AVAILABLE}{/hddsDatanode}
2019-10-15 22:58:45,714 [main] INFO  server.AbstractConnector (AbstractConnector.java:doStart(278)) - Started ServerConnector@43c7fe8a{HTTP/1.1,[http/1.1]}{0.0.0.0:36509}
2019-10-15 22:58:45,717 [main] INFO  server.Server (Server.java:doStart(419)) - Started @211654ms
2019-10-15 22:58:45,718 [main] WARN  impl.MetricsSystemImpl (MetricsSystemImpl.java:register(276)) - Sink prometheus already exists!
2019-10-15 22:58:45,719 [main] INFO  server.BaseHttpServer (BaseHttpServer.java:updateConnectorAddress(215)) - HTTP server of HDDSDATANODE is listening at http://0.0.0.0:36509
2019-10-15 22:58:45,719 [main] INFO  ozone.MiniOzoneClusterImpl (MiniOzoneClusterImpl.java:lambda$waitForClusterToBeReady$0(147)) - Waiting for cluster to be ready. Got 0 of 7 DN Heartbeats.
2019-10-15 22:58:45,720 [org.apache.hadoop.util.JvmPauseMonitor$Monitor@121f8dbd] INFO  util.JvmPauseMonitor (JvmPauseMonitor.java:run(188)) - Starting JVM pause monitor
2019-10-15 22:58:45,721 [Datanode State Machine Thread - 0] INFO  datanode.InitDatanodeState (InitDatanodeState.java:persistContainerDatanodeDetails(140)) - DatanodeDetails is persisted to /workdir/hadoop-ozone/integration-test/target/test-dir/MiniOzoneClusterImpl-b2ef137f-c059-4db2-aae4-0a2832bcf8b7/datanode-6/meta/datanode.id
2019-10-15 22:58:45,948 [grpc-default-executor-6] WARN  server.GrpcLogAppender (LogUtils.java:warn(134)) - 210f7630-7f49-4d5d-b69d-a8f854decf33@group-C92BDBD9D086->6efc5f30-817c-427c-a302-97fd228528b7-AppendLogResponseHandler: Failed appendEntries: org.apache.ratis.thirdparty.io.grpc.StatusRuntimeException: UNAVAILABLE: io exception
2019-10-15 22:58:45,948 [grpc-default-executor-5] WARN  server.GrpcLogAppender (LogUtils.java:warn(134)) - 210f7630-7f49-4d5d-b69d-a8f854decf33@group-C92BDBD9D086->44ad8ee9-a38d-4e5d-9002-6fd30af5f6a1-AppendLogResponseHandler: Failed appendEntries: org.apache.ratis.thirdparty.io.grpc.StatusRuntimeException: UNAVAILABLE: io exception
2019-10-15 22:58:45,949 [grpc-default-executor-6] INFO  impl.FollowerInfo (FollowerInfo.java:lambda$new$0(51)) - 210f7630-7f49-4d5d-b69d-a8f854decf33@group-C92BDBD9D086->6efc5f30-817c-427c-a302-97fd228528b7: nextIndex: updateUnconditionally 0 -> 0
2019-10-15 22:58:45,949 [grpc-default-executor-5] INFO  impl.FollowerInfo (FollowerInfo.java:lambda$new$0(51)) - 210f7630-7f49-4d5d-b69d-a8f854decf33@group-C92BDBD9D086->44ad8ee9-a38d-4e5d-9002-6fd30af5f6a1: nextIndex: updateUnconditionally 0 -> 0
2019-10-15 22:58:46,719 [main] INFO  ozone.MiniOzoneClusterImpl (MiniOzoneClusterImpl.java:lambda$waitForClusterToBeReady$0(147)) - Waiting for cluster to be ready. Got 0 of 7 DN Heartbeats.
2019-10-15 22:58:47,177 [Datanode State Machine Thread - 0] INFO  ozoneimpl.OzoneContainer (OzoneContainer.java:start(213)) - Attempting to start container services.
2019-10-15 22:58:47,177 [Datanode State Machine Thread - 0] INFO  ozoneimpl.OzoneContainer (OzoneContainer.java:startContainerScrub(177)) - Background container scanner has been disabled.
2019-10-15 22:58:47,177 [Datanode State Machine Thread - 0] INFO  ratis.XceiverServerRatis (XceiverServerRatis.java:start(418)) - Starting XceiverServerRatis ef433af2-fab6-4505-8c2a-4b0a470a6f40 at port 0
2019-10-15 22:58:47,182 [Datanode State Machine Thread - 0] INFO  impl.RaftServerProxy (RaftServerProxy.java:lambda$start$3(299)) - ef433af2-fab6-4505-8c2a-4b0a470a6f40: start RPC server
2019-10-15 22:58:47,183 [Datanode State Machine Thread - 0] INFO  server.GrpcService (GrpcService.java:startImpl(158)) - ef433af2-fab6-4505-8c2a-4b0a470a6f40: GrpcService started, listening on 0.0.0.0/0.0.0.0:39730
2019-10-15 22:58:47,183 [Datanode State Machine Thread - 0] INFO  ratis.XceiverServerRatis (XceiverServerRatis.java:start(428)) - XceiverServerRatis ef433af2-fab6-4505-8c2a-4b0a470a6f40 is started using port 39730
2019-10-15 22:58:47,186 [Datanode State Machine Thread - 0] INFO  server.XceiverServerGrpc (XceiverServerGrpc.java:start(149)) - XceiverServerGrpc ef433af2-fab6-4505-8c2a-4b0a470a6f40 is started using port 41219
2019-10-15 22:58:47,244 [Datanode State Machine Thread - 0] INFO  ozoneimpl.OzoneContainer (OzoneContainer.java:start(213)) - Attempting to start container services.
2019-10-15 22:58:47,244 [Datanode State Machine Thread - 0] INFO  ozoneimpl.OzoneContainer (OzoneContainer.java:startContainerScrub(177)) - Background container scanner has been disabled.
2019-10-15 22:58:47,244 [Datanode State Machine Thread - 0] INFO  ratis.XceiverServerRatis (XceiverServerRatis.java:start(418)) - Starting XceiverServerRatis 21f308d8-8495-4fb9-b6d0-728d4aa7f682 at port 0
2019-10-15 22:58:47,251 [Datanode State Machine Thread - 0] INFO  impl.RaftServerProxy (RaftServerProxy.java:lambda$start$3(299)) - 21f308d8-8495-4fb9-b6d0-728d4aa7f682: start RPC server
2019-10-15 22:58:47,259 [Datanode State Machine Thread - 0] INFO  server.GrpcService (GrpcService.java:startImpl(158)) - 21f308d8-8495-4fb9-b6d0-728d4aa7f682: GrpcService started, listening on 0.0.0.0/0.0.0.0:45618
2019-10-15 22:58:47,259 [Datanode State Machine Thread - 0] INFO  ratis.XceiverServerRatis (XceiverServerRatis.java:start(428)) - XceiverServerRatis 21f308d8-8495-4fb9-b6d0-728d4aa7f682 is started using port 45618
2019-10-15 22:58:47,259 [Datanode State Machine Thread - 0] INFO  server.XceiverServerGrpc (XceiverServerGrpc.java:start(149)) - XceiverServerGrpc 21f308d8-8495-4fb9-b6d0-728d4aa7f682 is started using port 39956
2019-10-15 22:58:47,329 [Datanode State Machine Thread - 0] INFO  ozoneimpl.OzoneContainer (OzoneContainer.java:start(213)) - Attempting to start container services.
2019-10-15 22:58:47,330 [Datanode State Machine Thread - 0] INFO  ozoneimpl.OzoneContainer (OzoneContainer.java:startContainerScrub(177)) - Background container scanner has been disabled.
2019-10-15 22:58:47,330 [Datanode State Machine Thread - 0] INFO  ratis.XceiverServerRatis (XceiverServerRatis.java:start(418)) - Starting XceiverServerRatis 3ae853d0-d434-4c52-9d53-e6d40cb82eec at port 0
2019-10-15 22:58:47,337 [Datanode State Machine Thread - 0] INFO  impl.RaftServerProxy (RaftServerProxy.java:lambda$start$3(299)) - 3ae853d0-d434-4c52-9d53-e6d40cb82eec: start RPC server
2019-10-15 22:58:47,338 [Datanode State Machine Thread - 0] INFO  server.GrpcService (GrpcService.java:startImpl(158)) - 3ae853d0-d434-4c52-9d53-e6d40cb82eec: GrpcService started, listening on 0.0.0.0/0.0.0.0:36871
2019-10-15 22:58:47,338 [Datanode State Machine Thread - 0] INFO  ratis.XceiverServerRatis (XceiverServerRatis.java:start(428)) - XceiverServerRatis 3ae853d0-d434-4c52-9d53-e6d40cb82eec is started using port 36871
2019-10-15 22:58:47,338 [Datanode State Machine Thread - 0] INFO  server.XceiverServerGrpc (XceiverServerGrpc.java:start(149)) - XceiverServerGrpc 3ae853d0-d434-4c52-9d53-e6d40cb82eec is started using port 40019
2019-10-15 22:58:47,473 [Datanode State Machine Thread - 0] INFO  ozoneimpl.OzoneContainer (OzoneContainer.java:start(213)) - Attempting to start container services.
2019-10-15 22:58:47,473 [Datanode State Machine Thread - 0] INFO  ozoneimpl.OzoneContainer (OzoneContainer.java:startContainerScrub(177)) - Background container scanner has been disabled.
2019-10-15 22:58:47,473 [Datanode State Machine Thread - 0] INFO  ratis.XceiverServerRatis (XceiverServerRatis.java:start(418)) - Starting XceiverServerRatis 87145cfd-d4ab-42e0-8976-55e805643630 at port 0
2019-10-15 22:58:47,484 [Datanode State Machine Thread - 0] INFO  impl.RaftServerProxy (RaftServerProxy.java:lambda$start$3(299)) - 87145cfd-d4ab-42e0-8976-55e805643630: start RPC server
2019-10-15 22:58:47,497 [Datanode State Machine Thread - 0] INFO  server.GrpcService (GrpcService.java:startImpl(158)) - 87145cfd-d4ab-42e0-8976-55e805643630: GrpcService started, listening on 0.0.0.0/0.0.0.0:45882
2019-10-15 22:58:47,497 [Datanode State Machine Thread - 0] INFO  ratis.XceiverServerRatis (XceiverServerRatis.java:start(428)) - XceiverServerRatis 87145cfd-d4ab-42e0-8976-55e805643630 is started using port 45882
2019-10-15 22:58:47,498 [Datanode State Machine Thread - 0] INFO  server.XceiverServerGrpc (XceiverServerGrpc.java:start(149)) - XceiverServerGrpc 87145cfd-d4ab-42e0-8976-55e805643630 is started using port 43791
2019-10-15 22:58:47,571 [Datanode State Machine Thread - 0] INFO  ozoneimpl.OzoneContainer (OzoneContainer.java:start(213)) - Attempting to start container services.
2019-10-15 22:58:47,572 [Datanode State Machine Thread - 0] INFO  ozoneimpl.OzoneContainer (OzoneContainer.java:startContainerScrub(177)) - Background container scanner has been disabled.
2019-10-15 22:58:47,572 [Datanode State Machine Thread - 0] INFO  ratis.XceiverServerRatis (XceiverServerRatis.java:start(418)) - Starting XceiverServerRatis ce594fe0-4d42-421a-b50b-c29fa9c237ab at port 0
2019-10-15 22:58:47,579 [Datanode State Machine Thread - 0] INFO  impl.RaftServerProxy (RaftServerProxy.java:lambda$start$3(299)) - ce594fe0-4d42-421a-b50b-c29fa9c237ab: start RPC server
2019-10-15 22:58:47,580 [Datanode State Machine Thread - 0] INFO  server.GrpcService (GrpcService.java:startImpl(158)) - ce594fe0-4d42-421a-b50b-c29fa9c237ab: GrpcService started, listening on 0.0.0.0/0.0.0.0:35519
2019-10-15 22:58:47,580 [Datanode State Machine Thread - 0] INFO  ratis.XceiverServerRatis (XceiverServerRatis.java:start(428)) - XceiverServerRatis ce594fe0-4d42-421a-b50b-c29fa9c237ab is started using port 35519
2019-10-15 22:58:47,580 [Datanode State Machine Thread - 0] INFO  server.XceiverServerGrpc (XceiverServerGrpc.java:start(149)) - XceiverServerGrpc ce594fe0-4d42-421a-b50b-c29fa9c237ab is started using port 45698
2019-10-15 22:58:47,659 [Datanode State Machine Thread - 0] INFO  ozoneimpl.OzoneContainer (OzoneContainer.java:start(213)) - Attempting to start container services.
2019-10-15 22:58:47,660 [Datanode State Machine Thread - 0] INFO  ozoneimpl.OzoneContainer (OzoneContainer.java:startContainerScrub(177)) - Background container scanner has been disabled.
2019-10-15 22:58:47,660 [Datanode State Machine Thread - 0] INFO  ratis.XceiverServerRatis (XceiverServerRatis.java:start(418)) - Starting XceiverServerRatis 5929787e-1065-4b72-b9ed-1fd8da6b1a92 at port 0
2019-10-15 22:58:47,665 [Datanode State Machine Thread - 0] INFO  impl.RaftServerProxy (RaftServerProxy.java:lambda$start$3(299)) - 5929787e-1065-4b72-b9ed-1fd8da6b1a92: start RPC server
2019-10-15 22:58:47,665 [Datanode State Machine Thread - 0] INFO  server.GrpcService (GrpcService.java:startImpl(158)) - 5929787e-1065-4b72-b9ed-1fd8da6b1a92: GrpcService started, listening on 0.0.0.0/0.0.0.0:35815
2019-10-15 22:58:47,665 [Datanode State Machine Thread - 0] INFO  ratis.XceiverServerRatis (XceiverServerRatis.java:start(428)) - XceiverServerRatis 5929787e-1065-4b72-b9ed-1fd8da6b1a92 is started using port 35815
2019-10-15 22:58:47,669 [Datanode State Machine Thread - 0] INFO  server.XceiverServerGrpc (XceiverServerGrpc.java:start(149)) - XceiverServerGrpc 5929787e-1065-4b72-b9ed-1fd8da6b1a92 is started using port 45052
2019-10-15 22:58:47,720 [main] INFO  ozone.MiniOzoneClusterImpl (MiniOzoneClusterImpl.java:lambda$waitForClusterToBeReady$0(147)) - Waiting for cluster to be ready. Got 0 of 7 DN Heartbeats.
2019-10-15 22:58:47,746 [Datanode State Machine Thread - 0] INFO  ozoneimpl.OzoneContainer (OzoneContainer.java:start(213)) - Attempting to start container services.
2019-10-15 22:58:47,746 [Datanode State Machine Thread - 0] INFO  ozoneimpl.OzoneContainer (OzoneContainer.java:startContainerScrub(177)) - Background container scanner has been disabled.
2019-10-15 22:58:47,746 [Datanode State Machine Thread - 0] INFO  ratis.XceiverServerRatis (XceiverServerRatis.java:start(418)) - Starting XceiverServerRatis c2d20999-50b6-4ebc-a366-c9fa0f0ed7c2 at port 0
2019-10-15 22:58:47,752 [Datanode State Machine Thread - 0] INFO  impl.RaftServerProxy (RaftServerProxy.java:lambda$start$3(299)) - c2d20999-50b6-4ebc-a366-c9fa0f0ed7c2: start RPC server
2019-10-15 22:58:47,753 [Datanode State Machine Thread - 0] INFO  server.GrpcService (GrpcService.java:startImpl(158)) - c2d20999-50b6-4ebc-a366-c9fa0f0ed7c2: GrpcService started, listening on 0.0.0.0/0.0.0.0:44821
2019-10-15 22:58:47,753 [Datanode State Machine Thread - 0] INFO  ratis.XceiverServerRatis (XceiverServerRatis.java:start(428)) - XceiverServerRatis c2d20999-50b6-4ebc-a366-c9fa0f0ed7c2 is started using port 44821
2019-10-15 22:58:47,754 [Datanode State Machine Thread - 0] INFO  server.XceiverServerGrpc (XceiverServerGrpc.java:start(149)) - XceiverServerGrpc c2d20999-50b6-4ebc-a366-c9fa0f0ed7c2 is started using port 33905
2019-10-15 22:58:48,452 [grpc-default-executor-6] WARN  server.GrpcLogAppender (LogUtils.java:warn(134)) - 210f7630-7f49-4d5d-b69d-a8f854decf33@group-C92BDBD9D086->44ad8ee9-a38d-4e5d-9002-6fd30af5f6a1-AppendLogResponseHandler: Failed appendEntries: org.apache.ratis.thirdparty.io.grpc.StatusRuntimeException: UNAVAILABLE: io exception
2019-10-15 22:58:48,452 [grpc-default-executor-5] WARN  server.GrpcLogAppender (LogUtils.java:warn(134)) - 210f7630-7f49-4d5d-b69d-a8f854decf33@group-C92BDBD9D086->6efc5f30-817c-427c-a302-97fd228528b7-AppendLogResponseHandler: Failed appendEntries: org.apache.ratis.thirdparty.io.grpc.StatusRuntimeException: UNAVAILABLE: io exception
2019-10-15 22:58:48,453 [grpc-default-executor-6] INFO  impl.FollowerInfo (FollowerInfo.java:lambda$new$0(51)) - 210f7630-7f49-4d5d-b69d-a8f854decf33@group-C92BDBD9D086->44ad8ee9-a38d-4e5d-9002-6fd30af5f6a1: nextIndex: updateUnconditionally 0 -> 0
2019-10-15 22:58:48,454 [grpc-default-executor-5] INFO  impl.FollowerInfo (FollowerInfo.java:lambda$new$0(51)) - 210f7630-7f49-4d5d-b69d-a8f854decf33@group-C92BDBD9D086->6efc5f30-817c-427c-a302-97fd228528b7: nextIndex: updateUnconditionally 0 -> 0
2019-10-15 22:58:48,720 [main] INFO  ozone.MiniOzoneClusterImpl (MiniOzoneClusterImpl.java:lambda$waitForClusterToBeReady$0(147)) - Waiting for cluster to be ready. Got 0 of 7 DN Heartbeats.
2019-10-15 22:58:49,129 [IPC Server handler 3 on 46519] INFO  net.NetworkTopology (NetworkTopologyImpl.java:add(111)) - Added a new node: /default-rack/ef433af2-fab6-4505-8c2a-4b0a470a6f40
2019-10-15 22:58:49,132 [IPC Server handler 3 on 46519] INFO  node.SCMNodeManager (SCMNodeManager.java:register(267)) - Registered Data node : ef433af2-fab6-4505-8c2a-4b0a470a6f40{ip: 192.168.69.67, host: pr-hdds-2071-8rz7p-357833546, networkLocation: /default-rack, certSerialId: null}
2019-10-15 22:58:49,133 [EventQueue-NodeRegistrationContainerReportForDataNodeSafeModeRule] INFO  safemode.SCMSafeModeManager (DataNodeSafeModeRule.java:process(71)) - SCM in safe mode. 1 DataNodes registered, 1 required.
2019-10-15 22:58:49,135 [EventQueue-NodeRegistrationContainerReportForDataNodeSafeModeRule] INFO  safemode.SCMSafeModeManager (SCMSafeModeManager.java:validateSafeModeExitRules(177)) - ScmSafeModeManager, all rules are successfully validated
2019-10-15 22:58:49,135 [EventQueue-NodeRegistrationContainerReportForDataNodeSafeModeRule] INFO  safemode.SCMSafeModeManager (SCMSafeModeManager.java:exitSafeMode(193)) - SCM exiting safe mode.
2019-10-15 22:58:49,143 [grpc-default-executor-5] INFO  impl.RaftServerProxy (RaftServerProxy.java:addNew(89)) - ef433af2-fab6-4505-8c2a-4b0a470a6f40: addNew group-13AD318F2FDF:[ef433af2-fab6-4505-8c2a-4b0a470a6f40:192.168.69.67:39730] returns group-13AD318F2FDF:java.util.concurrent.CompletableFuture@4ce01429[Not completed]
2019-10-15 22:58:49,146 [pool-383-thread-1] INFO  impl.RaftServerImpl (RaftServerImpl.java:<init>(95)) - ef433af2-fab6-4505-8c2a-4b0a470a6f40: new RaftServerImpl for group-13AD318F2FDF:[ef433af2-fab6-4505-8c2a-4b0a470a6f40:192.168.69.67:39730] with ContainerStateMachine:uninitialized
2019-10-15 22:58:49,146 [pool-383-thread-1] INFO  server.RaftServerConfigKeys (ConfUtils.java:logGet(43)) - raft.server.rpc.timeout.min = 5s (custom)
2019-10-15 22:58:49,147 [pool-383-thread-1] INFO  server.RaftServerConfigKeys (ConfUtils.java:logGet(43)) - raft.server.rpc.timeout.max = 5200ms (custom)
2019-10-15 22:58:49,147 [pool-383-thread-1] INFO  server.RaftServerConfigKeys (ConfUtils.java:logGet(43)) - raft.server.rpcslowness.timeout = 120s (custom)
2019-10-15 22:58:49,147 [pool-383-thread-1] INFO  server.RaftServerConfigKeys (ConfUtils.java:logGet(43)) - raft.server.sleep.deviation.threshold = 300 (default)
2019-10-15 22:58:49,147 [pool-383-thread-1] INFO  server.RaftServerConfigKeys (ConfUtils.java:logGet(43)) - raft.server.log.appender.install.snapshot.enabled = false (custom)
2019-10-15 22:58:49,147 [pool-383-thread-1] INFO  impl.RaftServerImpl (ServerState.java:<init>(103)) - ef433af2-fab6-4505-8c2a-4b0a470a6f40@group-13AD318F2FDF: ConfigurationManager, init=-1: [ef433af2-fab6-4505-8c2a-4b0a470a6f40:192.168.69.67:39730], old=null, confs=<EMPTY_MAP>
2019-10-15 22:58:49,147 [pool-383-thread-1] INFO  server.RaftServerConfigKeys (ConfUtils.java:logGet(43)) - raft.server.storage.dir = [/workdir/hadoop-ozone/integration-test/target/test-dir/MiniOzoneClusterImpl-b2ef137f-c059-4db2-aae4-0a2832bcf8b7/datanode-0/data/ratis] (custom)
2019-10-15 22:58:49,148 [pool-383-thread-1] INFO  server.RaftServerConfigKeys (ConfUtils.java:logGet(43)) - raft.server.log.corruption.policy = EXCEPTION (default)
2019-10-15 22:58:49,148 [pool-383-thread-1] INFO  storage.RaftStorageDirectory (RaftStorageDirectory.java:analyzeStorage(246)) - The storage directory /workdir/hadoop-ozone/integration-test/target/test-dir/MiniOzoneClusterImpl-b2ef137f-c059-4db2-aae4-0a2832bcf8b7/datanode-0/data/ratis/37f1cc66-5986-486d-b294-13ad318f2fdf does not exist. Creating ...
2019-10-15 22:58:49,152 [pool-383-thread-1] INFO  storage.RaftStorageDirectory (RaftStorageDirectory.java:tryLock(328)) - Lock on /workdir/hadoop-ozone/integration-test/target/test-dir/MiniOzoneClusterImpl-b2ef137f-c059-4db2-aae4-0a2832bcf8b7/datanode-0/data/ratis/37f1cc66-5986-486d-b294-13ad318f2fdf/in_use.lock acquired by nodename 28209@pr-hdds-2071-8rz7p-357833546
2019-10-15 22:58:49,165 [pool-383-thread-1] INFO  storage.RaftStorage (RaftStorage.java:format(84)) - Storage directory /workdir/hadoop-ozone/integration-test/target/test-dir/MiniOzoneClusterImpl-b2ef137f-c059-4db2-aae4-0a2832bcf8b7/datanode-0/data/ratis/37f1cc66-5986-486d-b294-13ad318f2fdf has been successfully formatted.
2019-10-15 22:58:49,165 [pool-383-thread-1] INFO  ratis.ContainerStateMachine (ContainerStateMachine.java:loadSnapshot(231)) - group-13AD318F2FDF: The snapshot info is null. Setting the last applied indexto:(t:0, i:~)
2019-10-15 22:58:49,165 [pool-383-thread-1] INFO  server.RaftServerConfigKeys (ConfUtils.java:logGet(43)) - raft.server.notification.no-leader.timeout = 120s (custom)
2019-10-15 22:58:49,165 [pool-383-thread-1] INFO  server.RaftServerConfigKeys (ConfUtils.java:logGet(43)) - raft.server.log.use.memory = false (default)
2019-10-15 22:58:49,166 [pool-383-thread-1] INFO  server.RaftServerConfigKeys (ConfUtils.java:logGet(43)) - raft.server.log.purge.gap = 1000000 (custom)
2019-10-15 22:58:49,166 [pool-383-thread-1] INFO  server.RaftServerConfigKeys (ConfUtils.java:logGet(43)) - raft.server.log.appender.buffer.byte-limit = 33554432 (custom)
2019-10-15 22:58:49,166 [pool-383-thread-1] INFO  server.RaftServerConfigKeys (ConfUtils.java:logGet(43)) - raft.server.log.segment.size.max = 1048576 (custom)
2019-10-15 22:58:49,168 [pool-383-thread-1] INFO  server.RaftServerConfigKeys (ConfUtils.java:logGet(43)) - raft.server.log.segment.cache.num.max = 2 (custom)
2019-10-15 22:58:49,168 [pool-383-thread-1] INFO  segmented.SegmentedRaftLogWorker (SegmentedRaftLogWorker.java:<init>(173)) - new ef433af2-fab6-4505-8c2a-4b0a470a6f40@group-13AD318F2FDF-SegmentedRaftLogWorker for RaftStorage:Storage Directory /workdir/hadoop-ozone/integration-test/target/test-dir/MiniOzoneClusterImpl-b2ef137f-c059-4db2-aae4-0a2832bcf8b7/datanode-0/data/ratis/37f1cc66-5986-486d-b294-13ad318f2fdf
2019-10-15 22:58:49,169 [pool-383-thread-1] INFO  server.RaftServerConfigKeys (ConfUtils.java:logGet(43)) - raft.server.log.queue.byte-limit = 2147483647 (custom)
2019-10-15 22:58:49,169 [pool-383-thread-1] INFO  server.RaftServerConfigKeys (ConfUtils.java:logGet(43)) - raft.server.log.queue.element-limit = 1024 (custom)
2019-10-15 22:58:49,169 [pool-383-thread-1] INFO  server.RaftServerConfigKeys (ConfUtils.java:logGet(43)) - raft.server.log.segment.size.max = 1048576 (custom)
2019-10-15 22:58:49,169 [pool-383-thread-1] INFO  server.RaftServerConfigKeys (ConfUtils.java:logGet(43)) - raft.server.log.preallocated.size = 16384 (custom)
2019-10-15 22:58:49,169 [pool-383-thread-1] INFO  server.RaftServerConfigKeys (ConfUtils.java:logGet(43)) - raft.server.log.write.buffer.size = 33554432 (custom)
2019-10-15 22:58:49,169 [pool-383-thread-1] INFO  server.RaftServerConfigKeys (ConfUtils.java:logGet(43)) - raft.server.log.force.sync.num = 128 (default)
2019-10-15 22:58:49,169 [pool-383-thread-1] INFO  server.RaftServerConfigKeys (ConfUtils.java:logGet(43)) - raft.server.log.statemachine.data.sync = true (default)
2019-10-15 22:58:49,170 [pool-383-thread-1] INFO  server.RaftServerConfigKeys (ConfUtils.java:logGet(43)) - raft.server.log.statemachine.data.sync.timeout = 10s (default)
2019-10-15 22:58:49,170 [pool-383-thread-1] INFO  server.RaftServerConfigKeys (ConfUtils.java:logGet(43)) - raft.server.log.statemachine.data.sync.timeout.retry = -1 (default)
2019-10-15 22:58:49,170 [pool-383-thread-1] INFO  server.RaftServerConfigKeys (ConfUtils.java:logGet(43)) - raft.server.log.statemachine.data.caching.enabled = true (custom)
2019-10-15 22:58:49,171 [pool-383-thread-1] INFO  segmented.SegmentedRaftLogWorker (SegmentedRaftLogWorker.java:lambda$new$0(128)) - ef433af2-fab6-4505-8c2a-4b0a470a6f40@group-13AD318F2FDF-SegmentedRaftLogWorker: flushIndex: setUnconditionally 0 -> -1
2019-10-15 22:58:49,171 [pool-383-thread-1] INFO  server.RaftServerConfigKeys (ConfUtils.java:logGet(43)) - raft.server.snapshot.auto.trigger.enabled = true (custom)
2019-10-15 22:58:49,171 [pool-383-thread-1] INFO  server.RaftServerConfigKeys (ConfUtils.java:logGet(43)) - raft.server.snapshot.auto.trigger.threshold = 10000 (custom)
2019-10-15 22:58:49,171 [pool-383-thread-1] INFO  server.RaftServerConfigKeys (ConfUtils.java:logGet(43)) - raft.server.snapshot.retention.file.num = 5 (custom)
2019-10-15 22:58:49,171 [pool-383-thread-1] INFO  server.RaftServerConfigKeys (ConfUtils.java:logGet(43)) - raft.server.retrycache.expirytime = 600000ms (custom)
2019-10-15 22:58:49,173 [pool-383-thread-1] INFO  impl.RaftServerImpl (RaftServerImpl.java:start(181)) - ef433af2-fab6-4505-8c2a-4b0a470a6f40@group-13AD318F2FDF: start as a follower, conf=-1: [ef433af2-fab6-4505-8c2a-4b0a470a6f40:192.168.69.67:39730], old=null
2019-10-15 22:58:49,173 [pool-383-thread-1] INFO  impl.RaftServerImpl (RaftServerImpl.java:setRole(170)) - ef433af2-fab6-4505-8c2a-4b0a470a6f40@group-13AD318F2FDF: changes role from      null to FOLLOWER at term 0 for startAsFollower
2019-10-15 22:58:49,173 [pool-383-thread-1] INFO  impl.RoleInfo (RoleInfo.java:updateAndGet(143)) - ef433af2-fab6-4505-8c2a-4b0a470a6f40: start FollowerState
2019-10-15 22:58:49,174 [pool-383-thread-1] INFO  util.JmxRegister (JmxRegister.java:tryRegister(44)) - Successfully registered JMX Bean with object name Ratis:service=RaftServer,group=group-13AD318F2FDF,id=ef433af2-fab6-4505-8c2a-4b0a470a6f40
2019-10-15 22:58:49,198 [RatisPipelineUtilsThread] INFO  pipeline.PipelineStateManager (PipelineStateManager.java:addPipeline(56)) - Created pipeline Pipeline[ Id: 37f1cc66-5986-486d-b294-13ad318f2fdf, Nodes: ef433af2-fab6-4505-8c2a-4b0a470a6f40{ip: 192.168.69.67, host: pr-hdds-2071-8rz7p-357833546, networkLocation: /default-rack, certSerialId: null}, Type:RATIS, Factor:ONE, State:OPEN]
2019-10-15 22:58:49,230 [IPC Server handler 4 on 46519] INFO  net.NetworkTopology (NetworkTopologyImpl.java:add(111)) - Added a new node: /default-rack/21f308d8-8495-4fb9-b6d0-728d4aa7f682
2019-10-15 22:58:49,230 [IPC Server handler 4 on 46519] INFO  node.SCMNodeManager (SCMNodeManager.java:register(267)) - Registered Data node : 21f308d8-8495-4fb9-b6d0-728d4aa7f682{ip: 192.168.69.67, host: pr-hdds-2071-8rz7p-357833546, networkLocation: /default-rack, certSerialId: null}
2019-10-15 22:58:49,237 [grpc-default-executor-5] INFO  impl.RaftServerProxy (RaftServerProxy.java:addNew(89)) - 21f308d8-8495-4fb9-b6d0-728d4aa7f682: addNew group-F8ABFA038E81:[21f308d8-8495-4fb9-b6d0-728d4aa7f682:192.168.69.67:45618] returns group-F8ABFA038E81:java.util.concurrent.CompletableFuture@420551b2[Not completed]
2019-10-15 22:58:49,239 [pool-393-thread-1] INFO  impl.RaftServerImpl (RaftServerImpl.java:<init>(95)) - 21f308d8-8495-4fb9-b6d0-728d4aa7f682: new RaftServerImpl for group-F8ABFA038E81:[21f308d8-8495-4fb9-b6d0-728d4aa7f682:192.168.69.67:45618] with ContainerStateMachine:uninitialized
2019-10-15 22:58:49,239 [pool-393-thread-1] INFO  server.RaftServerConfigKeys (ConfUtils.java:logGet(43)) - raft.server.rpc.timeout.min = 5s (custom)
2019-10-15 22:58:49,239 [pool-393-thread-1] INFO  server.RaftServerConfigKeys (ConfUtils.java:logGet(43)) - raft.server.rpc.timeout.max = 5200ms (custom)
2019-10-15 22:58:49,239 [pool-393-thread-1] INFO  server.RaftServerConfigKeys (ConfUtils.java:logGet(43)) - raft.server.rpcslowness.timeout = 120s (custom)
2019-10-15 22:58:49,239 [pool-393-thread-1] INFO  server.RaftServerConfigKeys (ConfUtils.java:logGet(43)) - raft.server.sleep.deviation.threshold = 300 (default)
2019-10-15 22:58:49,239 [pool-393-thread-1] INFO  server.RaftServerConfigKeys (ConfUtils.java:logGet(43)) - raft.server.log.appender.install.snapshot.enabled = false (custom)
2019-10-15 22:58:49,239 [pool-393-thread-1] INFO  impl.RaftServerImpl (ServerState.java:<init>(103)) - 21f308d8-8495-4fb9-b6d0-728d4aa7f682@group-F8ABFA038E81: ConfigurationManager, init=-1: [21f308d8-8495-4fb9-b6d0-728d4aa7f682:192.168.69.67:45618], old=null, confs=<EMPTY_MAP>
2019-10-15 22:58:49,239 [pool-393-thread-1] INFO  server.RaftServerConfigKeys (ConfUtils.java:logGet(43)) - raft.server.storage.dir = [/workdir/hadoop-ozone/integration-test/target/test-dir/MiniOzoneClusterImpl-b2ef137f-c059-4db2-aae4-0a2832bcf8b7/datanode-1/data/ratis] (custom)
2019-10-15 22:58:49,240 [pool-393-thread-1] INFO  server.RaftServerConfigKeys (ConfUtils.java:logGet(43)) - raft.server.log.corruption.policy = EXCEPTION (default)
2019-10-15 22:58:49,240 [pool-393-thread-1] INFO  storage.RaftStorageDirectory (RaftStorageDirectory.java:analyzeStorage(246)) - The storage directory /workdir/hadoop-ozone/integration-test/target/test-dir/MiniOzoneClusterImpl-b2ef137f-c059-4db2-aae4-0a2832bcf8b7/datanode-1/data/ratis/a95936c6-48b8-48ee-86b2-f8abfa038e81 does not exist. Creating ...
2019-10-15 22:58:49,253 [pool-393-thread-1] INFO  storage.RaftStorageDirectory (RaftStorageDirectory.java:tryLock(328)) - Lock on /workdir/hadoop-ozone/integration-test/target/test-dir/MiniOzoneClusterImpl-b2ef137f-c059-4db2-aae4-0a2832bcf8b7/datanode-1/data/ratis/a95936c6-48b8-48ee-86b2-f8abfa038e81/in_use.lock acquired by nodename 28209@pr-hdds-2071-8rz7p-357833546
2019-10-15 22:58:49,269 [pool-393-thread-1] INFO  storage.RaftStorage (RaftStorage.java:format(84)) - Storage directory /workdir/hadoop-ozone/integration-test/target/test-dir/MiniOzoneClusterImpl-b2ef137f-c059-4db2-aae4-0a2832bcf8b7/datanode-1/data/ratis/a95936c6-48b8-48ee-86b2-f8abfa038e81 has been successfully formatted.
2019-10-15 22:58:49,269 [pool-393-thread-1] INFO  ratis.ContainerStateMachine (ContainerStateMachine.java:loadSnapshot(231)) - group-F8ABFA038E81: The snapshot info is null. Setting the last applied indexto:(t:0, i:~)
2019-10-15 22:58:49,269 [pool-393-thread-1] INFO  server.RaftServerConfigKeys (ConfUtils.java:logGet(43)) - raft.server.notification.no-leader.timeout = 120s (custom)
2019-10-15 22:58:49,269 [pool-393-thread-1] INFO  server.RaftServerConfigKeys (ConfUtils.java:logGet(43)) - raft.server.log.use.memory = false (default)
2019-10-15 22:58:49,269 [pool-393-thread-1] INFO  server.RaftServerConfigKeys (ConfUtils.java:logGet(43)) - raft.server.log.purge.gap = 1000000 (custom)
2019-10-15 22:58:49,270 [pool-393-thread-1] INFO  server.RaftServerConfigKeys (ConfUtils.java:logGet(43)) - raft.server.log.appender.buffer.byte-limit = 33554432 (custom)
2019-10-15 22:58:49,270 [pool-393-thread-1] INFO  server.RaftServerConfigKeys (ConfUtils.java:logGet(43)) - raft.server.log.segment.size.max = 1048576 (custom)
2019-10-15 22:58:49,271 [pool-393-thread-1] INFO  server.RaftServerConfigKeys (ConfUtils.java:logGet(43)) - raft.server.log.segment.cache.num.max = 2 (custom)
2019-10-15 22:58:49,271 [pool-393-thread-1] INFO  segmented.SegmentedRaftLogWorker (SegmentedRaftLogWorker.java:<init>(173)) - new 21f308d8-8495-4fb9-b6d0-728d4aa7f682@group-F8ABFA038E81-SegmentedRaftLogWorker for RaftStorage:Storage Directory /workdir/hadoop-ozone/integration-test/target/test-dir/MiniOzoneClusterImpl-b2ef137f-c059-4db2-aae4-0a2832bcf8b7/datanode-1/data/ratis/a95936c6-48b8-48ee-86b2-f8abfa038e81
2019-10-15 22:58:49,271 [pool-393-thread-1] INFO  server.RaftServerConfigKeys (ConfUtils.java:logGet(43)) - raft.server.log.queue.byte-limit = 2147483647 (custom)
2019-10-15 22:58:49,271 [pool-393-thread-1] INFO  server.RaftServerConfigKeys (ConfUtils.java:logGet(43)) - raft.server.log.queue.element-limit = 1024 (custom)
2019-10-15 22:58:49,271 [pool-393-thread-1] INFO  server.RaftServerConfigKeys (ConfUtils.java:logGet(43)) - raft.server.log.segment.size.max = 1048576 (custom)
2019-10-15 22:58:49,271 [pool-393-thread-1] INFO  server.RaftServerConfigKeys (ConfUtils.java:logGet(43)) - raft.server.log.preallocated.size = 16384 (custom)
2019-10-15 22:58:49,271 [pool-393-thread-1] INFO  server.RaftServerConfigKeys (ConfUtils.java:logGet(43)) - raft.server.log.write.buffer.size = 33554432 (custom)
2019-10-15 22:58:49,271 [pool-393-thread-1] INFO  server.RaftServerConfigKeys (ConfUtils.java:logGet(43)) - raft.server.log.force.sync.num = 128 (default)
2019-10-15 22:58:49,272 [pool-393-thread-1] INFO  server.RaftServerConfigKeys (ConfUtils.java:logGet(43)) - raft.server.log.statemachine.data.sync = true (default)
2019-10-15 22:58:49,272 [pool-393-thread-1] INFO  server.RaftServerConfigKeys (ConfUtils.java:logGet(43)) - raft.server.log.statemachine.data.sync.timeout = 10s (default)
2019-10-15 22:58:49,272 [pool-393-thread-1] INFO  server.RaftServerConfigKeys (ConfUtils.java:logGet(43)) - raft.server.log.statemachine.data.sync.timeout.retry = -1 (default)
2019-10-15 22:58:49,272 [pool-393-thread-1] INFO  server.RaftServerConfigKeys (ConfUtils.java:logGet(43)) - raft.server.log.statemachine.data.caching.enabled = true (custom)
2019-10-15 22:58:49,272 [pool-393-thread-1] INFO  segmented.SegmentedRaftLogWorker (SegmentedRaftLogWorker.java:lambda$new$0(128)) - 21f308d8-8495-4fb9-b6d0-728d4aa7f682@group-F8ABFA038E81-SegmentedRaftLogWorker: flushIndex: setUnconditionally 0 -> -1
2019-10-15 22:58:49,272 [pool-393-thread-1] INFO  server.RaftServerConfigKeys (ConfUtils.java:logGet(43)) - raft.server.snapshot.auto.trigger.enabled = true (custom)
2019-10-15 22:58:49,273 [pool-393-thread-1] INFO  server.RaftServerConfigKeys (ConfUtils.java:logGet(43)) - raft.server.snapshot.auto.trigger.threshold = 10000 (custom)
2019-10-15 22:58:49,273 [pool-393-thread-1] INFO  server.RaftServerConfigKeys (ConfUtils.java:logGet(43)) - raft.server.snapshot.retention.file.num = 5 (custom)
2019-10-15 22:58:49,273 [pool-393-thread-1] INFO  server.RaftServerConfigKeys (ConfUtils.java:logGet(43)) - raft.server.retrycache.expirytime = 600000ms (custom)
2019-10-15 22:58:49,274 [pool-393-thread-1] INFO  impl.RaftServerImpl (RaftServerImpl.java:start(181)) - 21f308d8-8495-4fb9-b6d0-728d4aa7f682@group-F8ABFA038E81: start as a follower, conf=-1: [21f308d8-8495-4fb9-b6d0-728d4aa7f682:192.168.69.67:45618], old=null
2019-10-15 22:58:49,274 [pool-393-thread-1] INFO  impl.RaftServerImpl (RaftServerImpl.java:setRole(170)) - 21f308d8-8495-4fb9-b6d0-728d4aa7f682@group-F8ABFA038E81: changes role from      null to FOLLOWER at term 0 for startAsFollower
2019-10-15 22:58:49,274 [pool-393-thread-1] INFO  impl.RoleInfo (RoleInfo.java:updateAndGet(143)) - 21f308d8-8495-4fb9-b6d0-728d4aa7f682: start FollowerState
2019-10-15 22:58:49,274 [pool-393-thread-1] INFO  util.JmxRegister (JmxRegister.java:tryRegister(44)) - Successfully registered JMX Bean with object name Ratis:service=RaftServer,group=group-F8ABFA038E81,id=21f308d8-8495-4fb9-b6d0-728d4aa7f682
2019-10-15 22:58:49,279 [RatisPipelineUtilsThread] INFO  pipeline.PipelineStateManager (PipelineStateManager.java:addPipeline(56)) - Created pipeline Pipeline[ Id: a95936c6-48b8-48ee-86b2-f8abfa038e81, Nodes: 21f308d8-8495-4fb9-b6d0-728d4aa7f682{ip: 192.168.69.67, host: pr-hdds-2071-8rz7p-357833546, networkLocation: /default-rack, certSerialId: null}, Type:RATIS, Factor:ONE, State:OPEN]
2019-10-15 22:58:49,317 [IPC Server handler 5 on 46519] INFO  net.NetworkTopology (NetworkTopologyImpl.java:add(111)) - Added a new node: /default-rack/3ae853d0-d434-4c52-9d53-e6d40cb82eec
2019-10-15 22:58:49,318 [IPC Server handler 5 on 46519] INFO  node.SCMNodeManager (SCMNodeManager.java:register(267)) - Registered Data node : 3ae853d0-d434-4c52-9d53-e6d40cb82eec{ip: 192.168.69.67, host: pr-hdds-2071-8rz7p-357833546, networkLocation: /default-rack, certSerialId: null}
2019-10-15 22:58:49,327 [grpc-default-executor-5] INFO  impl.RaftServerProxy (RaftServerProxy.java:addNew(89)) - 3ae853d0-d434-4c52-9d53-e6d40cb82eec: addNew group-1D56F2386A29:[3ae853d0-d434-4c52-9d53-e6d40cb82eec:192.168.69.67:36871] returns group-1D56F2386A29:java.util.concurrent.CompletableFuture@597bcfa7[Not completed]
2019-10-15 22:58:49,328 [pool-403-thread-1] INFO  impl.RaftServerImpl (RaftServerImpl.java:<init>(95)) - 3ae853d0-d434-4c52-9d53-e6d40cb82eec: new RaftServerImpl for group-1D56F2386A29:[3ae853d0-d434-4c52-9d53-e6d40cb82eec:192.168.69.67:36871] with ContainerStateMachine:uninitialized
2019-10-15 22:58:49,329 [pool-403-thread-1] INFO  server.RaftServerConfigKeys (ConfUtils.java:logGet(43)) - raft.server.rpc.timeout.min = 5s (custom)
2019-10-15 22:58:49,329 [pool-403-thread-1] INFO  server.RaftServerConfigKeys (ConfUtils.java:logGet(43)) - raft.server.rpc.timeout.max = 5200ms (custom)
2019-10-15 22:58:49,329 [pool-403-thread-1] INFO  server.RaftServerConfigKeys (ConfUtils.java:logGet(43)) - raft.server.rpcslowness.timeout = 120s (custom)
2019-10-15 22:58:49,329 [pool-403-thread-1] INFO  server.RaftServerConfigKeys (ConfUtils.java:logGet(43)) - raft.server.sleep.deviation.threshold = 300 (default)
2019-10-15 22:58:49,329 [pool-403-thread-1] INFO  server.RaftServerConfigKeys (ConfUtils.java:logGet(43)) - raft.server.log.appender.install.snapshot.enabled = false (custom)
2019-10-15 22:58:49,329 [pool-403-thread-1] INFO  impl.RaftServerImpl (ServerState.java:<init>(103)) - 3ae853d0-d434-4c52-9d53-e6d40cb82eec@group-1D56F2386A29: ConfigurationManager, init=-1: [3ae853d0-d434-4c52-9d53-e6d40cb82eec:192.168.69.67:36871], old=null, confs=<EMPTY_MAP>
2019-10-15 22:58:49,329 [pool-403-thread-1] INFO  server.RaftServerConfigKeys (ConfUtils.java:logGet(43)) - raft.server.storage.dir = [/workdir/hadoop-ozone/integration-test/target/test-dir/MiniOzoneClusterImpl-b2ef137f-c059-4db2-aae4-0a2832bcf8b7/datanode-2/data/ratis] (custom)
2019-10-15 22:58:49,329 [pool-403-thread-1] INFO  server.RaftServerConfigKeys (ConfUtils.java:logGet(43)) - raft.server.log.corruption.policy = EXCEPTION (default)
2019-10-15 22:58:49,330 [pool-403-thread-1] INFO  storage.RaftStorageDirectory (RaftStorageDirectory.java:analyzeStorage(246)) - The storage directory /workdir/hadoop-ozone/integration-test/target/test-dir/MiniOzoneClusterImpl-b2ef137f-c059-4db2-aae4-0a2832bcf8b7/datanode-2/data/ratis/09a490f2-1fcc-4a62-8759-1d56f2386a29 does not exist. Creating ...
2019-10-15 22:58:49,353 [pool-403-thread-1] INFO  storage.RaftStorageDirectory (RaftStorageDirectory.java:tryLock(328)) - Lock on /workdir/hadoop-ozone/integration-test/target/test-dir/MiniOzoneClusterImpl-b2ef137f-c059-4db2-aae4-0a2832bcf8b7/datanode-2/data/ratis/09a490f2-1fcc-4a62-8759-1d56f2386a29/in_use.lock acquired by nodename 28209@pr-hdds-2071-8rz7p-357833546
2019-10-15 22:58:49,366 [pool-403-thread-1] INFO  storage.RaftStorage (RaftStorage.java:format(84)) - Storage directory /workdir/hadoop-ozone/integration-test/target/test-dir/MiniOzoneClusterImpl-b2ef137f-c059-4db2-aae4-0a2832bcf8b7/datanode-2/data/ratis/09a490f2-1fcc-4a62-8759-1d56f2386a29 has been successfully formatted.
2019-10-15 22:58:49,366 [pool-403-thread-1] INFO  ratis.ContainerStateMachine (ContainerStateMachine.java:loadSnapshot(231)) - group-1D56F2386A29: The snapshot info is null. Setting the last applied indexto:(t:0, i:~)
2019-10-15 22:58:49,366 [pool-403-thread-1] INFO  server.RaftServerConfigKeys (ConfUtils.java:logGet(43)) - raft.server.notification.no-leader.timeout = 120s (custom)
2019-10-15 22:58:49,366 [pool-403-thread-1] INFO  server.RaftServerConfigKeys (ConfUtils.java:logGet(43)) - raft.server.log.use.memory = false (default)
2019-10-15 22:58:49,366 [pool-403-thread-1] INFO  server.RaftServerConfigKeys (ConfUtils.java:logGet(43)) - raft.server.log.purge.gap = 1000000 (custom)
2019-10-15 22:58:49,366 [pool-403-thread-1] INFO  server.RaftServerConfigKeys (ConfUtils.java:logGet(43)) - raft.server.log.appender.buffer.byte-limit = 33554432 (custom)
2019-10-15 22:58:49,367 [pool-403-thread-1] INFO  server.RaftServerConfigKeys (ConfUtils.java:logGet(43)) - raft.server.log.segment.size.max = 1048576 (custom)
2019-10-15 22:58:49,368 [pool-403-thread-1] INFO  server.RaftServerConfigKeys (ConfUtils.java:logGet(43)) - raft.server.log.segment.cache.num.max = 2 (custom)
2019-10-15 22:58:49,368 [pool-403-thread-1] INFO  segmented.SegmentedRaftLogWorker (SegmentedRaftLogWorker.java:<init>(173)) - new 3ae853d0-d434-4c52-9d53-e6d40cb82eec@group-1D56F2386A29-SegmentedRaftLogWorker for RaftStorage:Storage Directory /workdir/hadoop-ozone/integration-test/target/test-dir/MiniOzoneClusterImpl-b2ef137f-c059-4db2-aae4-0a2832bcf8b7/datanode-2/data/ratis/09a490f2-1fcc-4a62-8759-1d56f2386a29
2019-10-15 22:58:49,368 [pool-403-thread-1] INFO  server.RaftServerConfigKeys (ConfUtils.java:logGet(43)) - raft.server.log.queue.byte-limit = 2147483647 (custom)
2019-10-15 22:58:49,369 [pool-403-thread-1] INFO  server.RaftServerConfigKeys (ConfUtils.java:logGet(43)) - raft.server.log.queue.element-limit = 1024 (custom)
2019-10-15 22:58:49,369 [pool-403-thread-1] INFO  server.RaftServerConfigKeys (ConfUtils.java:logGet(43)) - raft.server.log.segment.size.max = 1048576 (custom)
2019-10-15 22:58:49,369 [pool-403-thread-1] INFO  server.RaftServerConfigKeys (ConfUtils.java:logGet(43)) - raft.server.log.preallocated.size = 16384 (custom)
2019-10-15 22:58:49,369 [pool-403-thread-1] INFO  server.RaftServerConfigKeys (ConfUtils.java:logGet(43)) - raft.server.log.write.buffer.size = 33554432 (custom)
2019-10-15 22:58:49,369 [pool-403-thread-1] INFO  server.RaftServerConfigKeys (ConfUtils.java:logGet(43)) - raft.server.log.force.sync.num = 128 (default)
2019-10-15 22:58:49,369 [pool-403-thread-1] INFO  server.RaftServerConfigKeys (ConfUtils.java:logGet(43)) - raft.server.log.statemachine.data.sync = true (default)
2019-10-15 22:58:49,369 [pool-403-thread-1] INFO  server.RaftServerConfigKeys (ConfUtils.java:logGet(43)) - raft.server.log.statemachine.data.sync.timeout = 10s (default)
2019-10-15 22:58:49,369 [pool-403-thread-1] INFO  server.RaftServerConfigKeys (ConfUtils.java:logGet(43)) - raft.server.log.statemachine.data.sync.timeout.retry = -1 (default)
2019-10-15 22:58:49,370 [pool-403-thread-1] INFO  server.RaftServerConfigKeys (ConfUtils.java:logGet(43)) - raft.server.log.statemachine.data.caching.enabled = true (custom)
2019-10-15 22:58:49,370 [pool-403-thread-1] INFO  segmented.SegmentedRaftLogWorker (SegmentedRaftLogWorker.java:lambda$new$0(128)) - 3ae853d0-d434-4c52-9d53-e6d40cb82eec@group-1D56F2386A29-SegmentedRaftLogWorker: flushIndex: setUnconditionally 0 -> -1
2019-10-15 22:58:49,370 [pool-403-thread-1] INFO  server.RaftServerConfigKeys (ConfUtils.java:logGet(43)) - raft.server.snapshot.auto.trigger.enabled = true (custom)
2019-10-15 22:58:49,370 [pool-403-thread-1] INFO  server.RaftServerConfigKeys (ConfUtils.java:logGet(43)) - raft.server.snapshot.auto.trigger.threshold = 10000 (custom)
2019-10-15 22:58:49,371 [pool-403-thread-1] INFO  server.RaftServerConfigKeys (ConfUtils.java:logGet(43)) - raft.server.snapshot.retention.file.num = 5 (custom)
2019-10-15 22:58:49,371 [pool-403-thread-1] INFO  server.RaftServerConfigKeys (ConfUtils.java:logGet(43)) - raft.server.retrycache.expirytime = 600000ms (custom)
2019-10-15 22:58:49,372 [pool-403-thread-1] INFO  impl.RaftServerImpl (RaftServerImpl.java:start(181)) - 3ae853d0-d434-4c52-9d53-e6d40cb82eec@group-1D56F2386A29: start as a follower, conf=-1: [3ae853d0-d434-4c52-9d53-e6d40cb82eec:192.168.69.67:36871], old=null
2019-10-15 22:58:49,372 [pool-403-thread-1] INFO  impl.RaftServerImpl (RaftServerImpl.java:setRole(170)) - 3ae853d0-d434-4c52-9d53-e6d40cb82eec@group-1D56F2386A29: changes role from      null to FOLLOWER at term 0 for startAsFollower
2019-10-15 22:58:49,373 [pool-403-thread-1] INFO  impl.RoleInfo (RoleInfo.java:updateAndGet(143)) - 3ae853d0-d434-4c52-9d53-e6d40cb82eec: start FollowerState
2019-10-15 22:58:49,373 [pool-403-thread-1] INFO  util.JmxRegister (JmxRegister.java:tryRegister(44)) - Successfully registered JMX Bean with object name Ratis:service=RaftServer,group=group-1D56F2386A29,id=3ae853d0-d434-4c52-9d53-e6d40cb82eec
2019-10-15 22:58:49,376 [RatisPipelineUtilsThread] INFO  pipeline.PipelineStateManager (PipelineStateManager.java:addPipeline(56)) - Created pipeline Pipeline[ Id: 09a490f2-1fcc-4a62-8759-1d56f2386a29, Nodes: 3ae853d0-d434-4c52-9d53-e6d40cb82eec{ip: 192.168.69.67, host: pr-hdds-2071-8rz7p-357833546, networkLocation: /default-rack, certSerialId: null}, Type:RATIS, Factor:ONE, State:OPEN]
2019-10-15 22:58:49,390 [grpc-default-executor-5] INFO  impl.RaftServerProxy (RaftServerProxy.java:addNew(89)) - 3ae853d0-d434-4c52-9d53-e6d40cb82eec: addNew group-71110A2C9316:[ef433af2-fab6-4505-8c2a-4b0a470a6f40:192.168.69.67:39730, 3ae853d0-d434-4c52-9d53-e6d40cb82eec:192.168.69.67:36871, 21f308d8-8495-4fb9-b6d0-728d4aa7f682:192.168.69.67:45618] returns group-71110A2C9316:java.util.concurrent.CompletableFuture@7d7bdb33[Not completed]
2019-10-15 22:58:49,390 [grpc-default-executor-0] INFO  impl.RaftServerProxy (RaftServerProxy.java:addNew(89)) - 21f308d8-8495-4fb9-b6d0-728d4aa7f682: addNew group-71110A2C9316:[ef433af2-fab6-4505-8c2a-4b0a470a6f40:192.168.69.67:39730, 3ae853d0-d434-4c52-9d53-e6d40cb82eec:192.168.69.67:36871, 21f308d8-8495-4fb9-b6d0-728d4aa7f682:192.168.69.67:45618] returns group-71110A2C9316:java.util.concurrent.CompletableFuture@2ba97d1[Not completed]
2019-10-15 22:58:49,390 [grpc-default-executor-6] INFO  impl.RaftServerProxy (RaftServerProxy.java:addNew(89)) - ef433af2-fab6-4505-8c2a-4b0a470a6f40: addNew group-71110A2C9316:[ef433af2-fab6-4505-8c2a-4b0a470a6f40:192.168.69.67:39730, 3ae853d0-d434-4c52-9d53-e6d40cb82eec:192.168.69.67:36871, 21f308d8-8495-4fb9-b6d0-728d4aa7f682:192.168.69.67:45618] returns group-71110A2C9316:java.util.concurrent.CompletableFuture@29a47f7d[Not completed]
2019-10-15 22:58:49,391 [pool-403-thread-1] INFO  impl.RaftServerImpl (RaftServerImpl.java:<init>(95)) - 3ae853d0-d434-4c52-9d53-e6d40cb82eec: new RaftServerImpl for group-71110A2C9316:[ef433af2-fab6-4505-8c2a-4b0a470a6f40:192.168.69.67:39730, 3ae853d0-d434-4c52-9d53-e6d40cb82eec:192.168.69.67:36871, 21f308d8-8495-4fb9-b6d0-728d4aa7f682:192.168.69.67:45618] with ContainerStateMachine:uninitialized
2019-10-15 22:58:49,392 [pool-403-thread-1] INFO  server.RaftServerConfigKeys (ConfUtils.java:logGet(43)) - raft.server.rpc.timeout.min = 5s (custom)
2019-10-15 22:58:49,392 [pool-403-thread-1] INFO  server.RaftServerConfigKeys (ConfUtils.java:logGet(43)) - raft.server.rpc.timeout.max = 5200ms (custom)
2019-10-15 22:58:49,392 [pool-403-thread-1] INFO  server.RaftServerConfigKeys (ConfUtils.java:logGet(43)) - raft.server.rpcslowness.timeout = 120s (custom)
2019-10-15 22:58:49,392 [pool-403-thread-1] INFO  server.RaftServerConfigKeys (ConfUtils.java:logGet(43)) - raft.server.sleep.deviation.threshold = 300 (default)
2019-10-15 22:58:49,392 [pool-403-thread-1] INFO  server.RaftServerConfigKeys (ConfUtils.java:logGet(43)) - raft.server.log.appender.install.snapshot.enabled = false (custom)
2019-10-15 22:58:49,392 [pool-403-thread-1] INFO  impl.RaftServerImpl (ServerState.java:<init>(103)) - 3ae853d0-d434-4c52-9d53-e6d40cb82eec@group-71110A2C9316: ConfigurationManager, init=-1: [ef433af2-fab6-4505-8c2a-4b0a470a6f40:192.168.69.67:39730, 3ae853d0-d434-4c52-9d53-e6d40cb82eec:192.168.69.67:36871, 21f308d8-8495-4fb9-b6d0-728d4aa7f682:192.168.69.67:45618], old=null, confs=<EMPTY_MAP>
2019-10-15 22:58:49,392 [pool-383-thread-1] INFO  impl.RaftServerImpl (RaftServerImpl.java:<init>(95)) - ef433af2-fab6-4505-8c2a-4b0a470a6f40: new RaftServerImpl for group-71110A2C9316:[ef433af2-fab6-4505-8c2a-4b0a470a6f40:192.168.69.67:39730, 3ae853d0-d434-4c52-9d53-e6d40cb82eec:192.168.69.67:36871, 21f308d8-8495-4fb9-b6d0-728d4aa7f682:192.168.69.67:45618] with ContainerStateMachine:uninitialized
2019-10-15 22:58:49,392 [pool-403-thread-1] INFO  server.RaftServerConfigKeys (ConfUtils.java:logGet(43)) - raft.server.storage.dir = [/workdir/hadoop-ozone/integration-test/target/test-dir/MiniOzoneClusterImpl-b2ef137f-c059-4db2-aae4-0a2832bcf8b7/datanode-2/data/ratis] (custom)
2019-10-15 22:58:49,392 [pool-383-thread-1] INFO  server.RaftServerConfigKeys (ConfUtils.java:logGet(43)) - raft.server.rpc.timeout.min = 5s (custom)
2019-10-15 22:58:49,392 [pool-403-thread-1] INFO  server.RaftServerConfigKeys (ConfUtils.java:logGet(43)) - raft.server.log.corruption.policy = EXCEPTION (default)
2019-10-15 22:58:49,392 [pool-393-thread-1] INFO  impl.RaftServerImpl (RaftServerImpl.java:<init>(95)) - 21f308d8-8495-4fb9-b6d0-728d4aa7f682: new RaftServerImpl for group-71110A2C9316:[ef433af2-fab6-4505-8c2a-4b0a470a6f40:192.168.69.67:39730, 3ae853d0-d434-4c52-9d53-e6d40cb82eec:192.168.69.67:36871, 21f308d8-8495-4fb9-b6d0-728d4aa7f682:192.168.69.67:45618] with ContainerStateMachine:uninitialized
2019-10-15 22:58:49,392 [pool-383-thread-1] INFO  server.RaftServerConfigKeys (ConfUtils.java:logGet(43)) - raft.server.rpc.timeout.max = 5200ms (custom)
2019-10-15 22:58:49,393 [pool-393-thread-1] INFO  server.RaftServerConfigKeys (ConfUtils.java:logGet(43)) - raft.server.rpc.timeout.min = 5s (custom)
2019-10-15 22:58:49,393 [pool-403-thread-1] INFO  storage.RaftStorageDirectory (RaftStorageDirectory.java:analyzeStorage(246)) - The storage directory /workdir/hadoop-ozone/integration-test/target/test-dir/MiniOzoneClusterImpl-b2ef137f-c059-4db2-aae4-0a2832bcf8b7/datanode-2/data/ratis/4650228b-a3d7-447a-a9d6-71110a2c9316 does not exist. Creating ...
2019-10-15 22:58:49,393 [pool-393-thread-1] INFO  server.RaftServerConfigKeys (ConfUtils.java:logGet(43)) - raft.server.rpc.timeout.max = 5200ms (custom)
2019-10-15 22:58:49,393 [pool-383-thread-1] INFO  server.RaftServerConfigKeys (ConfUtils.java:logGet(43)) - raft.server.rpcslowness.timeout = 120s (custom)
2019-10-15 22:58:49,393 [pool-393-thread-1] INFO  server.RaftServerConfigKeys (ConfUtils.java:logGet(43)) - raft.server.rpcslowness.timeout = 120s (custom)
2019-10-15 22:58:49,393 [pool-383-thread-1] INFO  server.RaftServerConfigKeys (ConfUtils.java:logGet(43)) - raft.server.sleep.deviation.threshold = 300 (default)
2019-10-15 22:58:49,393 [pool-393-thread-1] INFO  server.RaftServerConfigKeys (ConfUtils.java:logGet(43)) - raft.server.sleep.deviation.threshold = 300 (default)
2019-10-15 22:58:49,393 [pool-383-thread-1] INFO  server.RaftServerConfigKeys (ConfUtils.java:logGet(43)) - raft.server.log.appender.install.snapshot.enabled = false (custom)
2019-10-15 22:58:49,393 [pool-393-thread-1] INFO  server.RaftServerConfigKeys (ConfUtils.java:logGet(43)) - raft.server.log.appender.install.snapshot.enabled = false (custom)
2019-10-15 22:58:49,394 [pool-383-thread-1] INFO  impl.RaftServerImpl (ServerState.java:<init>(103)) - ef433af2-fab6-4505-8c2a-4b0a470a6f40@group-71110A2C9316: ConfigurationManager, init=-1: [ef433af2-fab6-4505-8c2a-4b0a470a6f40:192.168.69.67:39730, 3ae853d0-d434-4c52-9d53-e6d40cb82eec:192.168.69.67:36871, 21f308d8-8495-4fb9-b6d0-728d4aa7f682:192.168.69.67:45618], old=null, confs=<EMPTY_MAP>
2019-10-15 22:58:49,394 [pool-393-thread-1] INFO  impl.RaftServerImpl (ServerState.java:<init>(103)) - 21f308d8-8495-4fb9-b6d0-728d4aa7f682@group-71110A2C9316: ConfigurationManager, init=-1: [ef433af2-fab6-4505-8c2a-4b0a470a6f40:192.168.69.67:39730, 3ae853d0-d434-4c52-9d53-e6d40cb82eec:192.168.69.67:36871, 21f308d8-8495-4fb9-b6d0-728d4aa7f682:192.168.69.67:45618], old=null, confs=<EMPTY_MAP>
2019-10-15 22:58:49,394 [pool-383-thread-1] INFO  server.RaftServerConfigKeys (ConfUtils.java:logGet(43)) - raft.server.storage.dir = [/workdir/hadoop-ozone/integration-test/target/test-dir/MiniOzoneClusterImpl-b2ef137f-c059-4db2-aae4-0a2832bcf8b7/datanode-0/data/ratis] (custom)
2019-10-15 22:58:49,394 [pool-393-thread-1] INFO  server.RaftServerConfigKeys (ConfUtils.java:logGet(43)) - raft.server.storage.dir = [/workdir/hadoop-ozone/integration-test/target/test-dir/MiniOzoneClusterImpl-b2ef137f-c059-4db2-aae4-0a2832bcf8b7/datanode-1/data/ratis] (custom)
2019-10-15 22:58:49,394 [pool-383-thread-1] INFO  server.RaftServerConfigKeys (ConfUtils.java:logGet(43)) - raft.server.log.corruption.policy = EXCEPTION (default)
2019-10-15 22:58:49,394 [pool-393-thread-1] INFO  server.RaftServerConfigKeys (ConfUtils.java:logGet(43)) - raft.server.log.corruption.policy = EXCEPTION (default)
2019-10-15 22:58:49,394 [pool-383-thread-1] INFO  storage.RaftStorageDirectory (RaftStorageDirectory.java:analyzeStorage(246)) - The storage directory /workdir/hadoop-ozone/integration-test/target/test-dir/MiniOzoneClusterImpl-b2ef137f-c059-4db2-aae4-0a2832bcf8b7/datanode-0/data/ratis/4650228b-a3d7-447a-a9d6-71110a2c9316 does not exist. Creating ...
2019-10-15 22:58:49,394 [pool-393-thread-1] INFO  storage.RaftStorageDirectory (RaftStorageDirectory.java:analyzeStorage(246)) - The storage directory /workdir/hadoop-ozone/integration-test/target/test-dir/MiniOzoneClusterImpl-b2ef137f-c059-4db2-aae4-0a2832bcf8b7/datanode-1/data/ratis/4650228b-a3d7-447a-a9d6-71110a2c9316 does not exist. Creating ...
2019-10-15 22:58:49,407 [pool-403-thread-1] INFO  storage.RaftStorageDirectory (RaftStorageDirectory.java:tryLock(328)) - Lock on /workdir/hadoop-ozone/integration-test/target/test-dir/MiniOzoneClusterImpl-b2ef137f-c059-4db2-aae4-0a2832bcf8b7/datanode-2/data/ratis/4650228b-a3d7-447a-a9d6-71110a2c9316/in_use.lock acquired by nodename 28209@pr-hdds-2071-8rz7p-357833546
2019-10-15 22:58:49,407 [pool-393-thread-1] INFO  storage.RaftStorageDirectory (RaftStorageDirectory.java:tryLock(328)) - Lock on /workdir/hadoop-ozone/integration-test/target/test-dir/MiniOzoneClusterImpl-b2ef137f-c059-4db2-aae4-0a2832bcf8b7/datanode-1/data/ratis/4650228b-a3d7-447a-a9d6-71110a2c9316/in_use.lock acquired by nodename 28209@pr-hdds-2071-8rz7p-357833546
2019-10-15 22:58:49,407 [pool-383-thread-1] INFO  storage.RaftStorageDirectory (RaftStorageDirectory.java:tryLock(328)) - Lock on /workdir/hadoop-ozone/integration-test/target/test-dir/MiniOzoneClusterImpl-b2ef137f-c059-4db2-aae4-0a2832bcf8b7/datanode-0/data/ratis/4650228b-a3d7-447a-a9d6-71110a2c9316/in_use.lock acquired by nodename 28209@pr-hdds-2071-8rz7p-357833546
2019-10-15 22:58:49,432 [pool-403-thread-1] INFO  storage.RaftStorage (RaftStorage.java:format(84)) - Storage directory /workdir/hadoop-ozone/integration-test/target/test-dir/MiniOzoneClusterImpl-b2ef137f-c059-4db2-aae4-0a2832bcf8b7/datanode-2/data/ratis/4650228b-a3d7-447a-a9d6-71110a2c9316 has been successfully formatted.
2019-10-15 22:58:49,432 [pool-393-thread-1] INFO  storage.RaftStorage (RaftStorage.java:format(84)) - Storage directory /workdir/hadoop-ozone/integration-test/target/test-dir/MiniOzoneClusterImpl-b2ef137f-c059-4db2-aae4-0a2832bcf8b7/datanode-1/data/ratis/4650228b-a3d7-447a-a9d6-71110a2c9316 has been successfully formatted.
2019-10-15 22:58:49,432 [pool-383-thread-1] INFO  storage.RaftStorage (RaftStorage.java:format(84)) - Storage directory /workdir/hadoop-ozone/integration-test/target/test-dir/MiniOzoneClusterImpl-b2ef137f-c059-4db2-aae4-0a2832bcf8b7/datanode-0/data/ratis/4650228b-a3d7-447a-a9d6-71110a2c9316 has been successfully formatted.
2019-10-15 22:58:49,433 [pool-393-thread-1] INFO  ratis.ContainerStateMachine (ContainerStateMachine.java:loadSnapshot(231)) - group-71110A2C9316: The snapshot info is null. Setting the last applied indexto:(t:0, i:~)
2019-10-15 22:58:49,433 [pool-403-thread-1] INFO  ratis.ContainerStateMachine (ContainerStateMachine.java:loadSnapshot(231)) - group-71110A2C9316: The snapshot info is null. Setting the last applied indexto:(t:0, i:~)
2019-10-15 22:58:49,433 [pool-383-thread-1] INFO  ratis.ContainerStateMachine (ContainerStateMachine.java:loadSnapshot(231)) - group-71110A2C9316: The snapshot info is null. Setting the last applied indexto:(t:0, i:~)
2019-10-15 22:58:49,433 [pool-393-thread-1] INFO  server.RaftServerConfigKeys (ConfUtils.java:logGet(43)) - raft.server.notification.no-leader.timeout = 120s (custom)
2019-10-15 22:58:49,433 [pool-383-thread-1] INFO  server.RaftServerConfigKeys (ConfUtils.java:logGet(43)) - raft.server.notification.no-leader.timeout = 120s (custom)
2019-10-15 22:58:49,433 [pool-403-thread-1] INFO  server.RaftServerConfigKeys (ConfUtils.java:logGet(43)) - raft.server.notification.no-leader.timeout = 120s (custom)
2019-10-15 22:58:49,434 [pool-383-thread-1] INFO  server.RaftServerConfigKeys (ConfUtils.java:logGet(43)) - raft.server.log.use.memory = false (default)
2019-10-15 22:58:49,433 [pool-393-thread-1] INFO  server.RaftServerConfigKeys (ConfUtils.java:logGet(43)) - raft.server.log.use.memory = false (default)
2019-10-15 22:58:49,434 [pool-383-thread-1] INFO  server.RaftServerConfigKeys (ConfUtils.java:logGet(43)) - raft.server.log.purge.gap = 1000000 (custom)
2019-10-15 22:58:49,434 [pool-403-thread-1] INFO  server.RaftServerConfigKeys (ConfUtils.java:logGet(43)) - raft.server.log.use.memory = false (default)
2019-10-15 22:58:49,434 [pool-383-thread-1] INFO  server.RaftServerConfigKeys (ConfUtils.java:logGet(43)) - raft.server.log.appender.buffer.byte-limit = 33554432 (custom)
2019-10-15 22:58:49,434 [pool-393-thread-1] INFO  server.RaftServerConfigKeys (ConfUtils.java:logGet(43)) - raft.server.log.purge.gap = 1000000 (custom)
2019-10-15 22:58:49,434 [pool-383-thread-1] INFO  server.RaftServerConfigKeys (ConfUtils.java:logGet(43)) - raft.server.log.segment.size.max = 1048576 (custom)
2019-10-15 22:58:49,434 [pool-403-thread-1] INFO  server.RaftServerConfigKeys (ConfUtils.java:logGet(43)) - raft.server.log.purge.gap = 1000000 (custom)
2019-10-15 22:58:49,435 [pool-383-thread-1] INFO  server.RaftServerConfigKeys (ConfUtils.java:logGet(43)) - raft.server.log.segment.cache.num.max = 2 (custom)
2019-10-15 22:58:49,434 [pool-393-thread-1] INFO  server.RaftServerConfigKeys (ConfUtils.java:logGet(43)) - raft.server.log.appender.buffer.byte-limit = 33554432 (custom)
2019-10-15 22:58:49,435 [pool-383-thread-1] INFO  segmented.SegmentedRaftLogWorker (SegmentedRaftLogWorker.java:<init>(173)) - new ef433af2-fab6-4505-8c2a-4b0a470a6f40@group-71110A2C9316-SegmentedRaftLogWorker for RaftStorage:Storage Directory /workdir/hadoop-ozone/integration-test/target/test-dir/MiniOzoneClusterImpl-b2ef137f-c059-4db2-aae4-0a2832bcf8b7/datanode-0/data/ratis/4650228b-a3d7-447a-a9d6-71110a2c9316
2019-10-15 22:58:49,435 [pool-403-thread-1] INFO  server.RaftServerConfigKeys (ConfUtils.java:logGet(43)) - raft.server.log.appender.buffer.byte-limit = 33554432 (custom)
2019-10-15 22:58:49,435 [pool-383-thread-1] INFO  server.RaftServerConfigKeys (ConfUtils.java:logGet(43)) - raft.server.log.queue.byte-limit = 2147483647 (custom)
2019-10-15 22:58:49,435 [pool-393-thread-1] INFO  server.RaftServerConfigKeys (ConfUtils.java:logGet(43)) - raft.server.log.segment.size.max = 1048576 (custom)
2019-10-15 22:58:49,435 [pool-383-thread-1] INFO  server.RaftServerConfigKeys (ConfUtils.java:logGet(43)) - raft.server.log.queue.element-limit = 1024 (custom)
2019-10-15 22:58:49,435 [pool-403-thread-1] INFO  server.RaftServerConfigKeys (ConfUtils.java:logGet(43)) - raft.server.log.segment.size.max = 1048576 (custom)
2019-10-15 22:58:49,435 [pool-383-thread-1] INFO  server.RaftServerConfigKeys (ConfUtils.java:logGet(43)) - raft.server.log.segment.size.max = 1048576 (custom)
2019-10-15 22:58:49,435 [pool-393-thread-1] INFO  server.RaftServerConfigKeys (ConfUtils.java:logGet(43)) - raft.server.log.segment.cache.num.max = 2 (custom)
2019-10-15 22:58:49,436 [pool-383-thread-1] INFO  server.RaftServerConfigKeys (ConfUtils.java:logGet(43)) - raft.server.log.preallocated.size = 16384 (custom)
2019-10-15 22:58:49,436 [pool-403-thread-1] INFO  server.RaftServerConfigKeys (ConfUtils.java:logGet(43)) - raft.server.log.segment.cache.num.max = 2 (custom)
2019-10-15 22:58:49,436 [pool-383-thread-1] INFO  server.RaftServerConfigKeys (ConfUtils.java:logGet(43)) - raft.server.log.write.buffer.size = 33554432 (custom)
2019-10-15 22:58:49,436 [pool-393-thread-1] INFO  segmented.SegmentedRaftLogWorker (SegmentedRaftLogWorker.java:<init>(173)) - new 21f308d8-8495-4fb9-b6d0-728d4aa7f682@group-71110A2C9316-SegmentedRaftLogWorker for RaftStorage:Storage Directory /workdir/hadoop-ozone/integration-test/target/test-dir/MiniOzoneClusterImpl-b2ef137f-c059-4db2-aae4-0a2832bcf8b7/datanode-1/data/ratis/4650228b-a3d7-447a-a9d6-71110a2c9316
2019-10-15 22:58:49,436 [pool-383-thread-1] INFO  server.RaftServerConfigKeys (ConfUtils.java:logGet(43)) - raft.server.log.force.sync.num = 128 (default)
2019-10-15 22:58:49,436 [pool-403-thread-1] INFO  segmented.SegmentedRaftLogWorker (SegmentedRaftLogWorker.java:<init>(173)) - new 3ae853d0-d434-4c52-9d53-e6d40cb82eec@group-71110A2C9316-SegmentedRaftLogWorker for RaftStorage:Storage Directory /workdir/hadoop-ozone/integration-test/target/test-dir/MiniOzoneClusterImpl-b2ef137f-c059-4db2-aae4-0a2832bcf8b7/datanode-2/data/ratis/4650228b-a3d7-447a-a9d6-71110a2c9316
2019-10-15 22:58:49,436 [pool-383-thread-1] INFO  server.RaftServerConfigKeys (ConfUtils.java:logGet(43)) - raft.server.log.statemachine.data.sync = true (default)
2019-10-15 22:58:49,436 [pool-393-thread-1] INFO  server.RaftServerConfigKeys (ConfUtils.java:logGet(43)) - raft.server.log.queue.byte-limit = 2147483647 (custom)
2019-10-15 22:58:49,437 [pool-383-thread-1] INFO  server.RaftServerConfigKeys (ConfUtils.java:logGet(43)) - raft.server.log.statemachine.data.sync.timeout = 10s (default)
2019-10-15 22:58:49,437 [pool-403-thread-1] INFO  server.RaftServerConfigKeys (ConfUtils.java:logGet(43)) - raft.server.log.queue.byte-limit = 2147483647 (custom)
2019-10-15 22:58:49,437 [pool-383-thread-1] INFO  server.RaftServerConfigKeys (ConfUtils.java:logGet(43)) - raft.server.log.statemachine.data.sync.timeout.retry = -1 (default)
2019-10-15 22:58:49,437 [pool-393-thread-1] INFO  server.RaftServerConfigKeys (ConfUtils.java:logGet(43)) - raft.server.log.queue.element-limit = 1024 (custom)
2019-10-15 22:58:49,437 [pool-383-thread-1] INFO  server.RaftServerConfigKeys (ConfUtils.java:logGet(43)) - raft.server.log.statemachine.data.caching.enabled = true (custom)
2019-10-15 22:58:49,437 [pool-403-thread-1] INFO  server.RaftServerConfigKeys (ConfUtils.java:logGet(43)) - raft.server.log.queue.element-limit = 1024 (custom)
2019-10-15 22:58:49,437 [pool-393-thread-1] INFO  server.RaftServerConfigKeys (ConfUtils.java:logGet(43)) - raft.server.log.segment.size.max = 1048576 (custom)
2019-10-15 22:58:49,438 [pool-403-thread-1] INFO  server.RaftServerConfigKeys (ConfUtils.java:logGet(43)) - raft.server.log.segment.size.max = 1048576 (custom)
2019-10-15 22:58:49,438 [pool-383-thread-1] INFO  segmented.SegmentedRaftLogWorker (SegmentedRaftLogWorker.java:lambda$new$0(128)) - ef433af2-fab6-4505-8c2a-4b0a470a6f40@group-71110A2C9316-SegmentedRaftLogWorker: flushIndex: setUnconditionally 0 -> -1
2019-10-15 22:58:49,438 [pool-393-thread-1] INFO  server.RaftServerConfigKeys (ConfUtils.java:logGet(43)) - raft.server.log.preallocated.size = 16384 (custom)
2019-10-15 22:58:49,438 [pool-403-thread-1] INFO  server.RaftServerConfigKeys (ConfUtils.java:logGet(43)) - raft.server.log.preallocated.size = 16384 (custom)
2019-10-15 22:58:49,438 [pool-393-thread-1] INFO  server.RaftServerConfigKeys (ConfUtils.java:logGet(43)) - raft.server.log.write.buffer.size = 33554432 (custom)
2019-10-15 22:58:49,438 [pool-383-thread-1] INFO  server.RaftServerConfigKeys (ConfUtils.java:logGet(43)) - raft.server.snapshot.auto.trigger.enabled = true (custom)
2019-10-15 22:58:49,438 [pool-403-thread-1] INFO  server.RaftServerConfigKeys (ConfUtils.java:logGet(43)) - raft.server.log.write.buffer.size = 33554432 (custom)
2019-10-15 22:58:49,438 [IPC Server handler 6 on 46519] INFO  net.NetworkTopology (NetworkTopologyImpl.java:add(111)) - Added a new node: /default-rack/87145cfd-d4ab-42e0-8976-55e805643630
2019-10-15 22:58:49,438 [pool-383-thread-1] INFO  server.RaftServerConfigKeys (ConfUtils.java:logGet(43)) - raft.server.snapshot.auto.trigger.threshold = 10000 (custom)
2019-10-15 22:58:49,438 [pool-393-thread-1] INFO  server.RaftServerConfigKeys (ConfUtils.java:logGet(43)) - raft.server.log.force.sync.num = 128 (default)
2019-10-15 22:58:49,439 [pool-383-thread-1] INFO  server.RaftServerConfigKeys (ConfUtils.java:logGet(43)) - raft.server.snapshot.retention.file.num = 5 (custom)
2019-10-15 22:58:49,439 [IPC Server handler 6 on 46519] INFO  node.SCMNodeManager (SCMNodeManager.java:register(267)) - Registered Data node : 87145cfd-d4ab-42e0-8976-55e805643630{ip: 192.168.69.67, host: pr-hdds-2071-8rz7p-357833546, networkLocation: /default-rack, certSerialId: null}
2019-10-15 22:58:49,439 [pool-403-thread-1] INFO  server.RaftServerConfigKeys (ConfUtils.java:logGet(43)) - raft.server.log.force.sync.num = 128 (default)
2019-10-15 22:58:49,439 [pool-383-thread-1] INFO  server.RaftServerConfigKeys (ConfUtils.java:logGet(43)) - raft.server.retrycache.expirytime = 600000ms (custom)
2019-10-15 22:58:49,439 [pool-393-thread-1] INFO  server.RaftServerConfigKeys (ConfUtils.java:logGet(43)) - raft.server.log.statemachine.data.sync = true (default)
2019-10-15 22:58:49,439 [pool-403-thread-1] INFO  server.RaftServerConfigKeys (ConfUtils.java:logGet(43)) - raft.server.log.statemachine.data.sync = true (default)
2019-10-15 22:58:49,440 [pool-393-thread-1] INFO  server.RaftServerConfigKeys (ConfUtils.java:logGet(43)) - raft.server.log.statemachine.data.sync.timeout = 10s (default)
2019-10-15 22:58:49,440 [pool-403-thread-1] INFO  server.RaftServerConfigKeys (ConfUtils.java:logGet(43)) - raft.server.log.statemachine.data.sync.timeout = 10s (default)
2019-10-15 22:58:49,440 [pool-393-thread-1] INFO  server.RaftServerConfigKeys (ConfUtils.java:logGet(43)) - raft.server.log.statemachine.data.sync.timeout.retry = -1 (default)
2019-10-15 22:58:49,440 [pool-403-thread-1] INFO  server.RaftServerConfigKeys (ConfUtils.java:logGet(43)) - raft.server.log.statemachine.data.sync.timeout.retry = -1 (default)
2019-10-15 22:58:49,440 [pool-393-thread-1] INFO  server.RaftServerConfigKeys (ConfUtils.java:logGet(43)) - raft.server.log.statemachine.data.caching.enabled = true (custom)
2019-10-15 22:58:49,440 [pool-403-thread-1] INFO  server.RaftServerConfigKeys (ConfUtils.java:logGet(43)) - raft.server.log.statemachine.data.caching.enabled = true (custom)
2019-10-15 22:58:49,441 [pool-393-thread-1] INFO  segmented.SegmentedRaftLogWorker (SegmentedRaftLogWorker.java:lambda$new$0(128)) - 21f308d8-8495-4fb9-b6d0-728d4aa7f682@group-71110A2C9316-SegmentedRaftLogWorker: flushIndex: setUnconditionally 0 -> -1
2019-10-15 22:58:49,441 [pool-403-thread-1] INFO  segmented.SegmentedRaftLogWorker (SegmentedRaftLogWorker.java:lambda$new$0(128)) - 3ae853d0-d434-4c52-9d53-e6d40cb82eec@group-71110A2C9316-SegmentedRaftLogWorker: flushIndex: setUnconditionally 0 -> -1
2019-10-15 22:58:49,441 [pool-393-thread-1] INFO  server.RaftServerConfigKeys (ConfUtils.java:logGet(43)) - raft.server.snapshot.auto.trigger.enabled = true (custom)
2019-10-15 22:58:49,441 [pool-393-thread-1] INFO  server.RaftServerConfigKeys (ConfUtils.java:logGet(43)) - raft.server.snapshot.auto.trigger.threshold = 10000 (custom)
2019-10-15 22:58:49,441 [pool-403-thread-1] INFO  server.RaftServerConfigKeys (ConfUtils.java:logGet(43)) - raft.server.snapshot.auto.trigger.enabled = true (custom)
2019-10-15 22:58:49,441 [pool-393-thread-1] INFO  server.RaftServerConfigKeys (ConfUtils.java:logGet(43)) - raft.server.snapshot.retention.file.num = 5 (custom)
2019-10-15 22:58:49,441 [pool-383-thread-1] INFO  impl.RaftServerImpl (RaftServerImpl.java:start(181)) - ef433af2-fab6-4505-8c2a-4b0a470a6f40@group-71110A2C9316: start as a follower, conf=-1: [ef433af2-fab6-4505-8c2a-4b0a470a6f40:192.168.69.67:39730, 3ae853d0-d434-4c52-9d53-e6d40cb82eec:192.168.69.67:36871, 21f308d8-8495-4fb9-b6d0-728d4aa7f682:192.168.69.67:45618], old=null
2019-10-15 22:58:49,441 [pool-403-thread-1] INFO  server.RaftServerConfigKeys (ConfUtils.java:logGet(43)) - raft.server.snapshot.auto.trigger.threshold = 10000 (custom)
2019-10-15 22:58:49,441 [pool-383-thread-1] INFO  impl.RaftServerImpl (RaftServerImpl.java:setRole(170)) - ef433af2-fab6-4505-8c2a-4b0a470a6f40@group-71110A2C9316: changes role from      null to FOLLOWER at term 0 for startAsFollower
2019-10-15 22:58:49,441 [pool-393-thread-1] INFO  server.RaftServerConfigKeys (ConfUtils.java:logGet(43)) - raft.server.retrycache.expirytime = 600000ms (custom)
2019-10-15 22:58:49,442 [pool-383-thread-1] INFO  impl.RoleInfo (RoleInfo.java:updateAndGet(143)) - ef433af2-fab6-4505-8c2a-4b0a470a6f40: start FollowerState
2019-10-15 22:58:49,442 [pool-403-thread-1] INFO  server.RaftServerConfigKeys (ConfUtils.java:logGet(43)) - raft.server.snapshot.retention.file.num = 5 (custom)
2019-10-15 22:58:49,442 [pool-403-thread-1] INFO  server.RaftServerConfigKeys (ConfUtils.java:logGet(43)) - raft.server.retrycache.expirytime = 600000ms (custom)
2019-10-15 22:58:49,442 [pool-383-thread-1] INFO  util.JmxRegister (JmxRegister.java:tryRegister(44)) - Successfully registered JMX Bean with object name Ratis:service=RaftServer,group=group-71110A2C9316,id=ef433af2-fab6-4505-8c2a-4b0a470a6f40
2019-10-15 22:58:49,445 [pool-393-thread-1] INFO  impl.RaftServerImpl (RaftServerImpl.java:start(181)) - 21f308d8-8495-4fb9-b6d0-728d4aa7f682@group-71110A2C9316: start as a follower, conf=-1: [ef433af2-fab6-4505-8c2a-4b0a470a6f40:192.168.69.67:39730, 3ae853d0-d434-4c52-9d53-e6d40cb82eec:192.168.69.67:36871, 21f308d8-8495-4fb9-b6d0-728d4aa7f682:192.168.69.67:45618], old=null
2019-10-15 22:58:49,445 [pool-393-thread-1] INFO  impl.RaftServerImpl (RaftServerImpl.java:setRole(170)) - 21f308d8-8495-4fb9-b6d0-728d4aa7f682@group-71110A2C9316: changes role from      null to FOLLOWER at term 0 for startAsFollower
2019-10-15 22:58:49,446 [pool-403-thread-1] INFO  impl.RaftServerImpl (RaftServerImpl.java:start(181)) - 3ae853d0-d434-4c52-9d53-e6d40cb82eec@group-71110A2C9316: start as a follower, conf=-1: [ef433af2-fab6-4505-8c2a-4b0a470a6f40:192.168.69.67:39730, 3ae853d0-d434-4c52-9d53-e6d40cb82eec:192.168.69.67:36871, 21f308d8-8495-4fb9-b6d0-728d4aa7f682:192.168.69.67:45618], old=null
2019-10-15 22:58:49,446 [pool-393-thread-1] INFO  impl.RoleInfo (RoleInfo.java:updateAndGet(143)) - 21f308d8-8495-4fb9-b6d0-728d4aa7f682: start FollowerState
2019-10-15 22:58:49,446 [pool-403-thread-1] INFO  impl.RaftServerImpl (RaftServerImpl.java:setRole(170)) - 3ae853d0-d434-4c52-9d53-e6d40cb82eec@group-71110A2C9316: changes role from      null to FOLLOWER at term 0 for startAsFollower
2019-10-15 22:58:49,446 [pool-393-thread-1] INFO  util.JmxRegister (JmxRegister.java:tryRegister(44)) - Successfully registered JMX Bean with object name Ratis:service=RaftServer,group=group-71110A2C9316,id=21f308d8-8495-4fb9-b6d0-728d4aa7f682
2019-10-15 22:58:49,446 [pool-403-thread-1] INFO  impl.RoleInfo (RoleInfo.java:updateAndGet(143)) - 3ae853d0-d434-4c52-9d53-e6d40cb82eec: start FollowerState
2019-10-15 22:58:49,447 [pool-403-thread-1] INFO  util.JmxRegister (JmxRegister.java:tryRegister(44)) - Successfully registered JMX Bean with object name Ratis:service=RaftServer,group=group-71110A2C9316,id=3ae853d0-d434-4c52-9d53-e6d40cb82eec
2019-10-15 22:58:49,451 [RatisPipelineUtilsThread] INFO  pipeline.PipelineStateManager (PipelineStateManager.java:addPipeline(56)) - Created pipeline Pipeline[ Id: 4650228b-a3d7-447a-a9d6-71110a2c9316, Nodes: ef433af2-fab6-4505-8c2a-4b0a470a6f40{ip: 192.168.69.67, host: pr-hdds-2071-8rz7p-357833546, networkLocation: /default-rack, certSerialId: null}3ae853d0-d434-4c52-9d53-e6d40cb82eec{ip: 192.168.69.67, host: pr-hdds-2071-8rz7p-357833546, networkLocation: /default-rack, certSerialId: null}21f308d8-8495-4fb9-b6d0-728d4aa7f682{ip: 192.168.69.67, host: pr-hdds-2071-8rz7p-357833546, networkLocation: /default-rack, certSerialId: null}, Type:RATIS, Factor:THREE, State:OPEN]
2019-10-15 22:58:49,555 [IPC Server handler 0 on 46519] INFO  net.NetworkTopology (NetworkTopologyImpl.java:add(111)) - Added a new node: /default-rack/ce594fe0-4d42-421a-b50b-c29fa9c237ab
2019-10-15 22:58:49,555 [IPC Server handler 0 on 46519] INFO  node.SCMNodeManager (SCMNodeManager.java:register(267)) - Registered Data node : ce594fe0-4d42-421a-b50b-c29fa9c237ab{ip: 192.168.69.67, host: pr-hdds-2071-8rz7p-357833546, networkLocation: /default-rack, certSerialId: null}
2019-10-15 22:58:49,564 [grpc-default-executor-6] INFO  impl.RaftServerProxy (RaftServerProxy.java:addNew(89)) - 87145cfd-d4ab-42e0-8976-55e805643630: addNew group-2B963884A336:[87145cfd-d4ab-42e0-8976-55e805643630:192.168.69.67:45882] returns group-2B963884A336:java.util.concurrent.CompletableFuture@5506f5ac[Not completed]
2019-10-15 22:58:49,565 [pool-413-thread-1] INFO  impl.RaftServerImpl (RaftServerImpl.java:<init>(95)) - 87145cfd-d4ab-42e0-8976-55e805643630: new RaftServerImpl for group-2B963884A336:[87145cfd-d4ab-42e0-8976-55e805643630:192.168.69.67:45882] with ContainerStateMachine:uninitialized
2019-10-15 22:58:49,565 [pool-413-thread-1] INFO  server.RaftServerConfigKeys (ConfUtils.java:logGet(43)) - raft.server.rpc.timeout.min = 5s (custom)
2019-10-15 22:58:49,566 [pool-413-thread-1] INFO  server.RaftServerConfigKeys (ConfUtils.java:logGet(43)) - raft.server.rpc.timeout.max = 5200ms (custom)
2019-10-15 22:58:49,566 [pool-413-thread-1] INFO  server.RaftServerConfigKeys (ConfUtils.java:logGet(43)) - raft.server.rpcslowness.timeout = 120s (custom)
2019-10-15 22:58:49,566 [pool-413-thread-1] INFO  server.RaftServerConfigKeys (ConfUtils.java:logGet(43)) - raft.server.sleep.deviation.threshold = 300 (default)
2019-10-15 22:58:49,566 [pool-413-thread-1] INFO  server.RaftServerConfigKeys (ConfUtils.java:logGet(43)) - raft.server.log.appender.install.snapshot.enabled = false (custom)
2019-10-15 22:58:49,566 [pool-413-thread-1] INFO  impl.RaftServerImpl (ServerState.java:<init>(103)) - 87145cfd-d4ab-42e0-8976-55e805643630@group-2B963884A336: ConfigurationManager, init=-1: [87145cfd-d4ab-42e0-8976-55e805643630:192.168.69.67:45882], old=null, confs=<EMPTY_MAP>
2019-10-15 22:58:49,566 [pool-413-thread-1] INFO  server.RaftServerConfigKeys (ConfUtils.java:logGet(43)) - raft.server.storage.dir = [/workdir/hadoop-ozone/integration-test/target/test-dir/MiniOzoneClusterImpl-b2ef137f-c059-4db2-aae4-0a2832bcf8b7/datanode-3/data/ratis] (custom)
2019-10-15 22:58:49,566 [pool-413-thread-1] INFO  server.RaftServerConfigKeys (ConfUtils.java:logGet(43)) - raft.server.log.corruption.policy = EXCEPTION (default)
2019-10-15 22:58:49,567 [pool-413-thread-1] INFO  storage.RaftStorageDirectory (RaftStorageDirectory.java:analyzeStorage(246)) - The storage directory /workdir/hadoop-ozone/integration-test/target/test-dir/MiniOzoneClusterImpl-b2ef137f-c059-4db2-aae4-0a2832bcf8b7/datanode-3/data/ratis/6f30498f-871f-4688-9862-2b963884a336 does not exist. Creating ...
2019-10-15 22:58:49,579 [pool-413-thread-1] INFO  storage.RaftStorageDirectory (RaftStorageDirectory.java:tryLock(328)) - Lock on /workdir/hadoop-ozone/integration-test/target/test-dir/MiniOzoneClusterImpl-b2ef137f-c059-4db2-aae4-0a2832bcf8b7/datanode-3/data/ratis/6f30498f-871f-4688-9862-2b963884a336/in_use.lock acquired by nodename 28209@pr-hdds-2071-8rz7p-357833546
2019-10-15 22:58:49,592 [pool-413-thread-1] INFO  storage.RaftStorage (RaftStorage.java:format(84)) - Storage directory /workdir/hadoop-ozone/integration-test/target/test-dir/MiniOzoneClusterImpl-b2ef137f-c059-4db2-aae4-0a2832bcf8b7/datanode-3/data/ratis/6f30498f-871f-4688-9862-2b963884a336 has been successfully formatted.
2019-10-15 22:58:49,593 [pool-413-thread-1] INFO  ratis.ContainerStateMachine (ContainerStateMachine.java:loadSnapshot(231)) - group-2B963884A336: The snapshot info is null. Setting the last applied indexto:(t:0, i:~)
2019-10-15 22:58:49,593 [pool-413-thread-1] INFO  server.RaftServerConfigKeys (ConfUtils.java:logGet(43)) - raft.server.notification.no-leader.timeout = 120s (custom)
2019-10-15 22:58:49,593 [pool-413-thread-1] INFO  server.RaftServerConfigKeys (ConfUtils.java:logGet(43)) - raft.server.log.use.memory = false (default)
2019-10-15 22:58:49,593 [pool-413-thread-1] INFO  server.RaftServerConfigKeys (ConfUtils.java:logGet(43)) - raft.server.log.purge.gap = 1000000 (custom)
2019-10-15 22:58:49,593 [pool-413-thread-1] INFO  server.RaftServerConfigKeys (ConfUtils.java:logGet(43)) - raft.server.log.appender.buffer.byte-limit = 33554432 (custom)
2019-10-15 22:58:49,593 [pool-413-thread-1] INFO  server.RaftServerConfigKeys (ConfUtils.java:logGet(43)) - raft.server.log.segment.size.max = 1048576 (custom)
2019-10-15 22:58:49,594 [pool-413-thread-1] INFO  server.RaftServerConfigKeys (ConfUtils.java:logGet(43)) - raft.server.log.segment.cache.num.max = 2 (custom)
2019-10-15 22:58:49,594 [pool-413-thread-1] INFO  segmented.SegmentedRaftLogWorker (SegmentedRaftLogWorker.java:<init>(173)) - new 87145cfd-d4ab-42e0-8976-55e805643630@group-2B963884A336-SegmentedRaftLogWorker for RaftStorage:Storage Directory /workdir/hadoop-ozone/integration-test/target/test-dir/MiniOzoneClusterImpl-b2ef137f-c059-4db2-aae4-0a2832bcf8b7/datanode-3/data/ratis/6f30498f-871f-4688-9862-2b963884a336
2019-10-15 22:58:49,595 [pool-413-thread-1] INFO  server.RaftServerConfigKeys (ConfUtils.java:logGet(43)) - raft.server.log.queue.byte-limit = 2147483647 (custom)
2019-10-15 22:58:49,595 [pool-413-thread-1] INFO  server.RaftServerConfigKeys (ConfUtils.java:logGet(43)) - raft.server.log.queue.element-limit = 1024 (custom)
2019-10-15 22:58:49,595 [pool-413-thread-1] INFO  server.RaftServerConfigKeys (ConfUtils.java:logGet(43)) - raft.server.log.segment.size.max = 1048576 (custom)
2019-10-15 22:58:49,595 [pool-413-thread-1] INFO  server.RaftServerConfigKeys (ConfUtils.java:logGet(43)) - raft.server.log.preallocated.size = 16384 (custom)
2019-10-15 22:58:49,595 [pool-413-thread-1] INFO  server.RaftServerConfigKeys (ConfUtils.java:logGet(43)) - raft.server.log.write.buffer.size = 33554432 (custom)
2019-10-15 22:58:49,595 [pool-413-thread-1] INFO  server.RaftServerConfigKeys (ConfUtils.java:logGet(43)) - raft.server.log.force.sync.num = 128 (default)
2019-10-15 22:58:49,595 [pool-413-thread-1] INFO  server.RaftServerConfigKeys (ConfUtils.java:logGet(43)) - raft.server.log.statemachine.data.sync = true (default)
2019-10-15 22:58:49,595 [pool-413-thread-1] INFO  server.RaftServerConfigKeys (ConfUtils.java:logGet(43)) - raft.server.log.statemachine.data.sync.timeout = 10s (default)
2019-10-15 22:58:49,595 [pool-413-thread-1] INFO  server.RaftServerConfigKeys (ConfUtils.java:logGet(43)) - raft.server.log.statemachine.data.sync.timeout.retry = -1 (default)
2019-10-15 22:58:49,596 [pool-413-thread-1] INFO  server.RaftServerConfigKeys (ConfUtils.java:logGet(43)) - raft.server.log.statemachine.data.caching.enabled = true (custom)
2019-10-15 22:58:49,596 [pool-413-thread-1] INFO  segmented.SegmentedRaftLogWorker (SegmentedRaftLogWorker.java:lambda$new$0(128)) - 87145cfd-d4ab-42e0-8976-55e805643630@group-2B963884A336-SegmentedRaftLogWorker: flushIndex: setUnconditionally 0 -> -1
2019-10-15 22:58:49,596 [pool-413-thread-1] INFO  server.RaftServerConfigKeys (ConfUtils.java:logGet(43)) - raft.server.snapshot.auto.trigger.enabled = true (custom)
2019-10-15 22:58:49,596 [pool-413-thread-1] INFO  server.RaftServerConfigKeys (ConfUtils.java:logGet(43)) - raft.server.snapshot.auto.trigger.threshold = 10000 (custom)
2019-10-15 22:58:49,596 [pool-413-thread-1] INFO  server.RaftServerConfigKeys (ConfUtils.java:logGet(43)) - raft.server.snapshot.retention.file.num = 5 (custom)
2019-10-15 22:58:49,596 [pool-413-thread-1] INFO  server.RaftServerConfigKeys (ConfUtils.java:logGet(43)) - raft.server.retrycache.expirytime = 600000ms (custom)
2019-10-15 22:58:49,598 [pool-413-thread-1] INFO  impl.RaftServerImpl (RaftServerImpl.java:start(181)) - 87145cfd-d4ab-42e0-8976-55e805643630@group-2B963884A336: start as a follower, conf=-1: [87145cfd-d4ab-42e0-8976-55e805643630:192.168.69.67:45882], old=null
2019-10-15 22:58:49,598 [pool-413-thread-1] INFO  impl.RaftServerImpl (RaftServerImpl.java:setRole(170)) - 87145cfd-d4ab-42e0-8976-55e805643630@group-2B963884A336: changes role from      null to FOLLOWER at term 0 for startAsFollower
2019-10-15 22:58:49,598 [pool-413-thread-1] INFO  impl.RoleInfo (RoleInfo.java:updateAndGet(143)) - 87145cfd-d4ab-42e0-8976-55e805643630: start FollowerState
2019-10-15 22:58:49,599 [pool-413-thread-1] INFO  util.JmxRegister (JmxRegister.java:tryRegister(44)) - Successfully registered JMX Bean with object name Ratis:service=RaftServer,group=group-2B963884A336,id=87145cfd-d4ab-42e0-8976-55e805643630
2019-10-15 22:58:49,603 [RatisPipelineUtilsThread] INFO  pipeline.PipelineStateManager (PipelineStateManager.java:addPipeline(56)) - Created pipeline Pipeline[ Id: 6f30498f-871f-4688-9862-2b963884a336, Nodes: 87145cfd-d4ab-42e0-8976-55e805643630{ip: 192.168.69.67, host: pr-hdds-2071-8rz7p-357833546, networkLocation: /default-rack, certSerialId: null}, Type:RATIS, Factor:ONE, State:OPEN]
2019-10-15 22:58:49,614 [grpc-default-executor-6] INFO  impl.RaftServerProxy (RaftServerProxy.java:addNew(89)) - ce594fe0-4d42-421a-b50b-c29fa9c237ab: addNew group-C0E973BCC79A:[ce594fe0-4d42-421a-b50b-c29fa9c237ab:192.168.69.67:35519] returns group-C0E973BCC79A:java.util.concurrent.CompletableFuture@7c742430[Not completed]
2019-10-15 22:58:49,616 [pool-423-thread-1] INFO  impl.RaftServerImpl (RaftServerImpl.java:<init>(95)) - ce594fe0-4d42-421a-b50b-c29fa9c237ab: new RaftServerImpl for group-C0E973BCC79A:[ce594fe0-4d42-421a-b50b-c29fa9c237ab:192.168.69.67:35519] with ContainerStateMachine:uninitialized
2019-10-15 22:58:49,616 [pool-423-thread-1] INFO  server.RaftServerConfigKeys (ConfUtils.java:logGet(43)) - raft.server.rpc.timeout.min = 5s (custom)
2019-10-15 22:58:49,616 [pool-423-thread-1] INFO  server.RaftServerConfigKeys (ConfUtils.java:logGet(43)) - raft.server.rpc.timeout.max = 5200ms (custom)
2019-10-15 22:58:49,617 [pool-423-thread-1] INFO  server.RaftServerConfigKeys (ConfUtils.java:logGet(43)) - raft.server.rpcslowness.timeout = 120s (custom)
2019-10-15 22:58:49,617 [pool-423-thread-1] INFO  server.RaftServerConfigKeys (ConfUtils.java:logGet(43)) - raft.server.sleep.deviation.threshold = 300 (default)
2019-10-15 22:58:49,617 [pool-423-thread-1] INFO  server.RaftServerConfigKeys (ConfUtils.java:logGet(43)) - raft.server.log.appender.install.snapshot.enabled = false (custom)
2019-10-15 22:58:49,617 [pool-423-thread-1] INFO  impl.RaftServerImpl (ServerState.java:<init>(103)) - ce594fe0-4d42-421a-b50b-c29fa9c237ab@group-C0E973BCC79A: ConfigurationManager, init=-1: [ce594fe0-4d42-421a-b50b-c29fa9c237ab:192.168.69.67:35519], old=null, confs=<EMPTY_MAP>
2019-10-15 22:58:49,617 [pool-423-thread-1] INFO  server.RaftServerConfigKeys (ConfUtils.java:logGet(43)) - raft.server.storage.dir = [/workdir/hadoop-ozone/integration-test/target/test-dir/MiniOzoneClusterImpl-b2ef137f-c059-4db2-aae4-0a2832bcf8b7/datanode-4/data/ratis] (custom)
2019-10-15 22:58:49,618 [pool-423-thread-1] INFO  server.RaftServerConfigKeys (ConfUtils.java:logGet(43)) - raft.server.log.corruption.policy = EXCEPTION (default)
2019-10-15 22:58:49,618 [pool-423-thread-1] INFO  storage.RaftStorageDirectory (RaftStorageDirectory.java:analyzeStorage(246)) - The storage directory /workdir/hadoop-ozone/integration-test/target/test-dir/MiniOzoneClusterImpl-b2ef137f-c059-4db2-aae4-0a2832bcf8b7/datanode-4/data/ratis/13b5816d-5de5-40da-a46a-c0e973bcc79a does not exist. Creating ...
2019-10-15 22:58:49,639 [pool-423-thread-1] INFO  storage.RaftStorageDirectory (RaftStorageDirectory.java:tryLock(328)) - Lock on /workdir/hadoop-ozone/integration-test/target/test-dir/MiniOzoneClusterImpl-b2ef137f-c059-4db2-aae4-0a2832bcf8b7/datanode-4/data/ratis/13b5816d-5de5-40da-a46a-c0e973bcc79a/in_use.lock acquired by nodename 28209@pr-hdds-2071-8rz7p-357833546
2019-10-15 22:58:49,652 [pool-423-thread-1] INFO  storage.RaftStorage (RaftStorage.java:format(84)) - Storage directory /workdir/hadoop-ozone/integration-test/target/test-dir/MiniOzoneClusterImpl-b2ef137f-c059-4db2-aae4-0a2832bcf8b7/datanode-4/data/ratis/13b5816d-5de5-40da-a46a-c0e973bcc79a has been successfully formatted.
2019-10-15 22:58:49,652 [pool-423-thread-1] INFO  ratis.ContainerStateMachine (ContainerStateMachine.java:loadSnapshot(231)) - group-C0E973BCC79A: The snapshot info is null. Setting the last applied indexto:(t:0, i:~)
2019-10-15 22:58:49,653 [pool-423-thread-1] INFO  server.RaftServerConfigKeys (ConfUtils.java:logGet(43)) - raft.server.notification.no-leader.timeout = 120s (custom)
2019-10-15 22:58:49,653 [IPC Server handler 2 on 46519] INFO  net.NetworkTopology (NetworkTopologyImpl.java:add(111)) - Added a new node: /default-rack/5929787e-1065-4b72-b9ed-1fd8da6b1a92
2019-10-15 22:58:49,653 [pool-423-thread-1] INFO  server.RaftServerConfigKeys (ConfUtils.java:logGet(43)) - raft.server.log.use.memory = false (default)
2019-10-15 22:58:49,653 [IPC Server handler 2 on 46519] INFO  node.SCMNodeManager (SCMNodeManager.java:register(267)) - Registered Data node : 5929787e-1065-4b72-b9ed-1fd8da6b1a92{ip: 192.168.69.67, host: pr-hdds-2071-8rz7p-357833546, networkLocation: /default-rack, certSerialId: null}
2019-10-15 22:58:49,653 [pool-423-thread-1] INFO  server.RaftServerConfigKeys (ConfUtils.java:logGet(43)) - raft.server.log.purge.gap = 1000000 (custom)
2019-10-15 22:58:49,653 [pool-423-thread-1] INFO  server.RaftServerConfigKeys (ConfUtils.java:logGet(43)) - raft.server.log.appender.buffer.byte-limit = 33554432 (custom)
2019-10-15 22:58:49,653 [pool-423-thread-1] INFO  server.RaftServerConfigKeys (ConfUtils.java:logGet(43)) - raft.server.log.segment.size.max = 1048576 (custom)
2019-10-15 22:58:49,655 [pool-423-thread-1] INFO  server.RaftServerConfigKeys (ConfUtils.java:logGet(43)) - raft.server.log.segment.cache.num.max = 2 (custom)
2019-10-15 22:58:49,655 [pool-423-thread-1] INFO  segmented.SegmentedRaftLogWorker (SegmentedRaftLogWorker.java:<init>(173)) - new ce594fe0-4d42-421a-b50b-c29fa9c237ab@group-C0E973BCC79A-SegmentedRaftLogWorker for RaftStorage:Storage Directory /workdir/hadoop-ozone/integration-test/target/test-dir/MiniOzoneClusterImpl-b2ef137f-c059-4db2-aae4-0a2832bcf8b7/datanode-4/data/ratis/13b5816d-5de5-40da-a46a-c0e973bcc79a
2019-10-15 22:58:49,655 [pool-423-thread-1] INFO  server.RaftServerConfigKeys (ConfUtils.java:logGet(43)) - raft.server.log.queue.byte-limit = 2147483647 (custom)
2019-10-15 22:58:49,655 [pool-423-thread-1] INFO  server.RaftServerConfigKeys (ConfUtils.java:logGet(43)) - raft.server.log.queue.element-limit = 1024 (custom)
2019-10-15 22:58:49,655 [pool-423-thread-1] INFO  server.RaftServerConfigKeys (ConfUtils.java:logGet(43)) - raft.server.log.segment.size.max = 1048576 (custom)
2019-10-15 22:58:49,655 [pool-423-thread-1] INFO  server.RaftServerConfigKeys (ConfUtils.java:logGet(43)) - raft.server.log.preallocated.size = 16384 (custom)
2019-10-15 22:58:49,655 [pool-423-thread-1] INFO  server.RaftServerConfigKeys (ConfUtils.java:logGet(43)) - raft.server.log.write.buffer.size = 33554432 (custom)
2019-10-15 22:58:49,656 [pool-423-thread-1] INFO  server.RaftServerConfigKeys (ConfUtils.java:logGet(43)) - raft.server.log.force.sync.num = 128 (default)
2019-10-15 22:58:49,656 [pool-423-thread-1] INFO  server.RaftServerConfigKeys (ConfUtils.java:logGet(43)) - raft.server.log.statemachine.data.sync = true (default)
2019-10-15 22:58:49,656 [pool-423-thread-1] INFO  server.RaftServerConfigKeys (ConfUtils.java:logGet(43)) - raft.server.log.statemachine.data.sync.timeout = 10s (default)
2019-10-15 22:58:49,656 [pool-423-thread-1] INFO  server.RaftServerConfigKeys (ConfUtils.java:logGet(43)) - raft.server.log.statemachine.data.sync.timeout.retry = -1 (default)
2019-10-15 22:58:49,656 [pool-423-thread-1] INFO  server.RaftServerConfigKeys (ConfUtils.java:logGet(43)) - raft.server.log.statemachine.data.caching.enabled = true (custom)
2019-10-15 22:58:49,656 [pool-423-thread-1] INFO  segmented.SegmentedRaftLogWorker (SegmentedRaftLogWorker.java:lambda$new$0(128)) - ce594fe0-4d42-421a-b50b-c29fa9c237ab@group-C0E973BCC79A-SegmentedRaftLogWorker: flushIndex: setUnconditionally 0 -> -1
2019-10-15 22:58:49,657 [pool-423-thread-1] INFO  server.RaftServerConfigKeys (ConfUtils.java:logGet(43)) - raft.server.snapshot.auto.trigger.enabled = true (custom)
2019-10-15 22:58:49,657 [pool-423-thread-1] INFO  server.RaftServerConfigKeys (ConfUtils.java:logGet(43)) - raft.server.snapshot.auto.trigger.threshold = 10000 (custom)
2019-10-15 22:58:49,657 [pool-423-thread-1] INFO  server.RaftServerConfigKeys (ConfUtils.java:logGet(43)) - raft.server.snapshot.retention.file.num = 5 (custom)
2019-10-15 22:58:49,657 [pool-423-thread-1] INFO  server.RaftServerConfigKeys (ConfUtils.java:logGet(43)) - raft.server.retrycache.expirytime = 600000ms (custom)
2019-10-15 22:58:49,659 [pool-423-thread-1] INFO  impl.RaftServerImpl (RaftServerImpl.java:start(181)) - ce594fe0-4d42-421a-b50b-c29fa9c237ab@group-C0E973BCC79A: start as a follower, conf=-1: [ce594fe0-4d42-421a-b50b-c29fa9c237ab:192.168.69.67:35519], old=null
2019-10-15 22:58:49,659 [pool-423-thread-1] INFO  impl.RaftServerImpl (RaftServerImpl.java:setRole(170)) - ce594fe0-4d42-421a-b50b-c29fa9c237ab@group-C0E973BCC79A: changes role from      null to FOLLOWER at term 0 for startAsFollower
2019-10-15 22:58:49,659 [pool-423-thread-1] INFO  impl.RoleInfo (RoleInfo.java:updateAndGet(143)) - ce594fe0-4d42-421a-b50b-c29fa9c237ab: start FollowerState
2019-10-15 22:58:49,659 [pool-423-thread-1] INFO  util.JmxRegister (JmxRegister.java:tryRegister(44)) - Successfully registered JMX Bean with object name Ratis:service=RaftServer,group=group-C0E973BCC79A,id=ce594fe0-4d42-421a-b50b-c29fa9c237ab
2019-10-15 22:58:49,663 [RatisPipelineUtilsThread] INFO  pipeline.PipelineStateManager (PipelineStateManager.java:addPipeline(56)) - Created pipeline Pipeline[ Id: 13b5816d-5de5-40da-a46a-c0e973bcc79a, Nodes: ce594fe0-4d42-421a-b50b-c29fa9c237ab{ip: 192.168.69.67, host: pr-hdds-2071-8rz7p-357833546, networkLocation: /default-rack, certSerialId: null}, Type:RATIS, Factor:ONE, State:OPEN]
2019-10-15 22:58:49,669 [grpc-default-executor-6] INFO  impl.RaftServerProxy (RaftServerProxy.java:addNew(89)) - 5929787e-1065-4b72-b9ed-1fd8da6b1a92: addNew group-69BC74C85B43:[5929787e-1065-4b72-b9ed-1fd8da6b1a92:192.168.69.67:35815] returns group-69BC74C85B43:java.util.concurrent.CompletableFuture@31cfb331[Not completed]
2019-10-15 22:58:49,671 [pool-433-thread-1] INFO  impl.RaftServerImpl (RaftServerImpl.java:<init>(95)) - 5929787e-1065-4b72-b9ed-1fd8da6b1a92: new RaftServerImpl for group-69BC74C85B43:[5929787e-1065-4b72-b9ed-1fd8da6b1a92:192.168.69.67:35815] with ContainerStateMachine:uninitialized
2019-10-15 22:58:49,671 [pool-433-thread-1] INFO  server.RaftServerConfigKeys (ConfUtils.java:logGet(43)) - raft.server.rpc.timeout.min = 5s (custom)
2019-10-15 22:58:49,671 [pool-433-thread-1] INFO  server.RaftServerConfigKeys (ConfUtils.java:logGet(43)) - raft.server.rpc.timeout.max = 5200ms (custom)
2019-10-15 22:58:49,671 [pool-433-thread-1] INFO  server.RaftServerConfigKeys (ConfUtils.java:logGet(43)) - raft.server.rpcslowness.timeout = 120s (custom)
2019-10-15 22:58:49,671 [pool-433-thread-1] INFO  server.RaftServerConfigKeys (ConfUtils.java:logGet(43)) - raft.server.sleep.deviation.threshold = 300 (default)
2019-10-15 22:58:49,671 [pool-433-thread-1] INFO  server.RaftServerConfigKeys (ConfUtils.java:logGet(43)) - raft.server.log.appender.install.snapshot.enabled = false (custom)
2019-10-15 22:58:49,672 [pool-433-thread-1] INFO  impl.RaftServerImpl (ServerState.java:<init>(103)) - 5929787e-1065-4b72-b9ed-1fd8da6b1a92@group-69BC74C85B43: ConfigurationManager, init=-1: [5929787e-1065-4b72-b9ed-1fd8da6b1a92:192.168.69.67:35815], old=null, confs=<EMPTY_MAP>
2019-10-15 22:58:49,672 [pool-433-thread-1] INFO  server.RaftServerConfigKeys (ConfUtils.java:logGet(43)) - raft.server.storage.dir = [/workdir/hadoop-ozone/integration-test/target/test-dir/MiniOzoneClusterImpl-b2ef137f-c059-4db2-aae4-0a2832bcf8b7/datanode-5/data/ratis] (custom)
2019-10-15 22:58:49,672 [pool-433-thread-1] INFO  server.RaftServerConfigKeys (ConfUtils.java:logGet(43)) - raft.server.log.corruption.policy = EXCEPTION (default)
2019-10-15 22:58:49,672 [pool-433-thread-1] INFO  storage.RaftStorageDirectory (RaftStorageDirectory.java:analyzeStorage(246)) - The storage directory /workdir/hadoop-ozone/integration-test/target/test-dir/MiniOzoneClusterImpl-b2ef137f-c059-4db2-aae4-0a2832bcf8b7/datanode-5/data/ratis/23e4cbe7-4e71-4bff-91c7-69bc74c85b43 does not exist. Creating ...
2019-10-15 22:58:49,698 [pool-433-thread-1] INFO  storage.RaftStorageDirectory (RaftStorageDirectory.java:tryLock(328)) - Lock on /workdir/hadoop-ozone/integration-test/target/test-dir/MiniOzoneClusterImpl-b2ef137f-c059-4db2-aae4-0a2832bcf8b7/datanode-5/data/ratis/23e4cbe7-4e71-4bff-91c7-69bc74c85b43/in_use.lock acquired by nodename 28209@pr-hdds-2071-8rz7p-357833546
2019-10-15 22:58:49,711 [pool-433-thread-1] INFO  storage.RaftStorage (RaftStorage.java:format(84)) - Storage directory /workdir/hadoop-ozone/integration-test/target/test-dir/MiniOzoneClusterImpl-b2ef137f-c059-4db2-aae4-0a2832bcf8b7/datanode-5/data/ratis/23e4cbe7-4e71-4bff-91c7-69bc74c85b43 has been successfully formatted.
2019-10-15 22:58:49,711 [pool-433-thread-1] INFO  ratis.ContainerStateMachine (ContainerStateMachine.java:loadSnapshot(231)) - group-69BC74C85B43: The snapshot info is null. Setting the last applied indexto:(t:0, i:~)
2019-10-15 22:58:49,711 [pool-433-thread-1] INFO  server.RaftServerConfigKeys (ConfUtils.java:logGet(43)) - raft.server.notification.no-leader.timeout = 120s (custom)
2019-10-15 22:58:49,711 [pool-433-thread-1] INFO  server.RaftServerConfigKeys (ConfUtils.java:logGet(43)) - raft.server.log.use.memory = false (default)
2019-10-15 22:58:49,711 [pool-433-thread-1] INFO  server.RaftServerConfigKeys (ConfUtils.java:logGet(43)) - raft.server.log.purge.gap = 1000000 (custom)
2019-10-15 22:58:49,711 [pool-433-thread-1] INFO  server.RaftServerConfigKeys (ConfUtils.java:logGet(43)) - raft.server.log.appender.buffer.byte-limit = 33554432 (custom)
2019-10-15 22:58:49,711 [pool-433-thread-1] INFO  server.RaftServerConfigKeys (ConfUtils.java:logGet(43)) - raft.server.log.segment.size.max = 1048576 (custom)
2019-10-15 22:58:49,713 [pool-433-thread-1] INFO  server.RaftServerConfigKeys (ConfUtils.java:logGet(43)) - raft.server.log.segment.cache.num.max = 2 (custom)
2019-10-15 22:58:49,713 [pool-433-thread-1] INFO  segmented.SegmentedRaftLogWorker (SegmentedRaftLogWorker.java:<init>(173)) - new 5929787e-1065-4b72-b9ed-1fd8da6b1a92@group-69BC74C85B43-SegmentedRaftLogWorker for RaftStorage:Storage Directory /workdir/hadoop-ozone/integration-test/target/test-dir/MiniOzoneClusterImpl-b2ef137f-c059-4db2-aae4-0a2832bcf8b7/datanode-5/data/ratis/23e4cbe7-4e71-4bff-91c7-69bc74c85b43
2019-10-15 22:58:49,713 [pool-433-thread-1] INFO  server.RaftServerConfigKeys (ConfUtils.java:logGet(43)) - raft.server.log.queue.byte-limit = 2147483647 (custom)
2019-10-15 22:58:49,713 [pool-433-thread-1] INFO  server.RaftServerConfigKeys (ConfUtils.java:logGet(43)) - raft.server.log.queue.element-limit = 1024 (custom)
2019-10-15 22:58:49,713 [pool-433-thread-1] INFO  server.RaftServerConfigKeys (ConfUtils.java:logGet(43)) - raft.server.log.segment.size.max = 1048576 (custom)
2019-10-15 22:58:49,714 [pool-433-thread-1] INFO  server.RaftServerConfigKeys (ConfUtils.java:logGet(43)) - raft.server.log.preallocated.size = 16384 (custom)
2019-10-15 22:58:49,714 [pool-433-thread-1] INFO  server.RaftServerConfigKeys (ConfUtils.java:logGet(43)) - raft.server.log.write.buffer.size = 33554432 (custom)
2019-10-15 22:58:49,714 [pool-433-thread-1] INFO  server.RaftServerConfigKeys (ConfUtils.java:logGet(43)) - raft.server.log.force.sync.num = 128 (default)
2019-10-15 22:58:49,714 [pool-433-thread-1] INFO  server.RaftServerConfigKeys (ConfUtils.java:logGet(43)) - raft.server.log.statemachine.data.sync = true (default)
2019-10-15 22:58:49,714 [pool-433-thread-1] INFO  server.RaftServerConfigKeys (ConfUtils.java:logGet(43)) - raft.server.log.statemachine.data.sync.timeout = 10s (default)
2019-10-15 22:58:49,714 [pool-433-thread-1] INFO  server.RaftServerConfigKeys (ConfUtils.java:logGet(43)) - raft.server.log.statemachine.data.sync.timeout.retry = -1 (default)
2019-10-15 22:58:49,714 [pool-433-thread-1] INFO  server.RaftServerConfigKeys (ConfUtils.java:logGet(43)) - raft.server.log.statemachine.data.caching.enabled = true (custom)
2019-10-15 22:58:49,714 [pool-433-thread-1] INFO  segmented.SegmentedRaftLogWorker (SegmentedRaftLogWorker.java:lambda$new$0(128)) - 5929787e-1065-4b72-b9ed-1fd8da6b1a92@group-69BC74C85B43-SegmentedRaftLogWorker: flushIndex: setUnconditionally 0 -> -1
2019-10-15 22:58:49,715 [pool-433-thread-1] INFO  server.RaftServerConfigKeys (ConfUtils.java:logGet(43)) - raft.server.snapshot.auto.trigger.enabled = true (custom)
2019-10-15 22:58:49,715 [pool-433-thread-1] INFO  server.RaftServerConfigKeys (ConfUtils.java:logGet(43)) - raft.server.snapshot.auto.trigger.threshold = 10000 (custom)
2019-10-15 22:58:49,715 [pool-433-thread-1] INFO  server.RaftServerConfigKeys (ConfUtils.java:logGet(43)) - raft.server.snapshot.retention.file.num = 5 (custom)
2019-10-15 22:58:49,715 [pool-433-thread-1] INFO  server.RaftServerConfigKeys (ConfUtils.java:logGet(43)) - raft.server.retrycache.expirytime = 600000ms (custom)
2019-10-15 22:58:49,717 [pool-433-thread-1] INFO  impl.RaftServerImpl (RaftServerImpl.java:start(181)) - 5929787e-1065-4b72-b9ed-1fd8da6b1a92@group-69BC74C85B43: start as a follower, conf=-1: [5929787e-1065-4b72-b9ed-1fd8da6b1a92:192.168.69.67:35815], old=null
2019-10-15 22:58:49,717 [pool-433-thread-1] INFO  impl.RaftServerImpl (RaftServerImpl.java:setRole(170)) - 5929787e-1065-4b72-b9ed-1fd8da6b1a92@group-69BC74C85B43: changes role from      null to FOLLOWER at term 0 for startAsFollower
2019-10-15 22:58:49,717 [pool-433-thread-1] INFO  impl.RoleInfo (RoleInfo.java:updateAndGet(143)) - 5929787e-1065-4b72-b9ed-1fd8da6b1a92: start FollowerState
2019-10-15 22:58:49,717 [pool-433-thread-1] INFO  util.JmxRegister (JmxRegister.java:tryRegister(44)) - Successfully registered JMX Bean with object name Ratis:service=RaftServer,group=group-69BC74C85B43,id=5929787e-1065-4b72-b9ed-1fd8da6b1a92
2019-10-15 22:58:49,720 [main] INFO  ozone.MiniOzoneClusterImpl (MiniOzoneClusterImpl.java:lambda$waitForClusterToBeReady$0(147)) - Waiting for cluster to be ready. Got 6 of 7 DN Heartbeats.
2019-10-15 22:58:49,721 [RatisPipelineUtilsThread] INFO  pipeline.PipelineStateManager (PipelineStateManager.java:addPipeline(56)) - Created pipeline Pipeline[ Id: 23e4cbe7-4e71-4bff-91c7-69bc74c85b43, Nodes: 5929787e-1065-4b72-b9ed-1fd8da6b1a92{ip: 192.168.69.67, host: pr-hdds-2071-8rz7p-357833546, networkLocation: /default-rack, certSerialId: null}, Type:RATIS, Factor:ONE, State:OPEN]
2019-10-15 22:58:49,726 [IPC Server handler 3 on 46519] INFO  net.NetworkTopology (NetworkTopologyImpl.java:add(111)) - Added a new node: /default-rack/c2d20999-50b6-4ebc-a366-c9fa0f0ed7c2
2019-10-15 22:58:49,726 [IPC Server handler 3 on 46519] INFO  node.SCMNodeManager (SCMNodeManager.java:register(267)) - Registered Data node : c2d20999-50b6-4ebc-a366-c9fa0f0ed7c2{ip: 192.168.69.67, host: pr-hdds-2071-8rz7p-357833546, networkLocation: /default-rack, certSerialId: null}
2019-10-15 22:58:49,743 [grpc-default-executor-0] INFO  impl.RaftServerProxy (RaftServerProxy.java:addNew(89)) - 5929787e-1065-4b72-b9ed-1fd8da6b1a92: addNew group-C8646202B3B5:[87145cfd-d4ab-42e0-8976-55e805643630:192.168.69.67:45882, 5929787e-1065-4b72-b9ed-1fd8da6b1a92:192.168.69.67:35815, ce594fe0-4d42-421a-b50b-c29fa9c237ab:192.168.69.67:35519] returns group-C8646202B3B5:java.util.concurrent.CompletableFuture@5fe5ef20[Not completed]
2019-10-15 22:58:49,743 [grpc-default-executor-5] INFO  impl.RaftServerProxy (RaftServerProxy.java:addNew(89)) - 87145cfd-d4ab-42e0-8976-55e805643630: addNew group-C8646202B3B5:[87145cfd-d4ab-42e0-8976-55e805643630:192.168.69.67:45882, 5929787e-1065-4b72-b9ed-1fd8da6b1a92:192.168.69.67:35815, ce594fe0-4d42-421a-b50b-c29fa9c237ab:192.168.69.67:35519] returns group-C8646202B3B5:java.util.concurrent.CompletableFuture@7c0c7752[Not completed]
2019-10-15 22:58:49,743 [grpc-default-executor-6] INFO  impl.RaftServerProxy (RaftServerProxy.java:addNew(89)) - ce594fe0-4d42-421a-b50b-c29fa9c237ab: addNew group-C8646202B3B5:[87145cfd-d4ab-42e0-8976-55e805643630:192.168.69.67:45882, 5929787e-1065-4b72-b9ed-1fd8da6b1a92:192.168.69.67:35815, ce594fe0-4d42-421a-b50b-c29fa9c237ab:192.168.69.67:35519] returns group-C8646202B3B5:java.util.concurrent.CompletableFuture@793979be[Not completed]
2019-10-15 22:58:49,747 [pool-433-thread-1] INFO  impl.RaftServerImpl (RaftServerImpl.java:<init>(95)) - 5929787e-1065-4b72-b9ed-1fd8da6b1a92: new RaftServerImpl for group-C8646202B3B5:[87145cfd-d4ab-42e0-8976-55e805643630:192.168.69.67:45882, 5929787e-1065-4b72-b9ed-1fd8da6b1a92:192.168.69.67:35815, ce594fe0-4d42-421a-b50b-c29fa9c237ab:192.168.69.67:35519] with ContainerStateMachine:uninitialized
2019-10-15 22:58:49,747 [pool-433-thread-1] INFO  server.RaftServerConfigKeys (ConfUtils.java:logGet(43)) - raft.server.rpc.timeout.min = 5s (custom)
2019-10-15 22:58:49,748 [pool-433-thread-1] INFO  server.RaftServerConfigKeys (ConfUtils.java:logGet(43)) - raft.server.rpc.timeout.max = 5200ms (custom)
2019-10-15 22:58:49,748 [pool-433-thread-1] INFO  server.RaftServerConfigKeys (ConfUtils.java:logGet(43)) - raft.server.rpcslowness.timeout = 120s (custom)
2019-10-15 22:58:49,748 [pool-433-thread-1] INFO  server.RaftServerConfigKeys (ConfUtils.java:logGet(43)) - raft.server.sleep.deviation.threshold = 300 (default)
2019-10-15 22:58:49,748 [pool-433-thread-1] INFO  server.RaftServerConfigKeys (ConfUtils.java:logGet(43)) - raft.server.log.appender.install.snapshot.enabled = false (custom)
2019-10-15 22:58:49,748 [pool-433-thread-1] INFO  impl.RaftServerImpl (ServerState.java:<init>(103)) - 5929787e-1065-4b72-b9ed-1fd8da6b1a92@group-C8646202B3B5: ConfigurationManager, init=-1: [87145cfd-d4ab-42e0-8976-55e805643630:192.168.69.67:45882, 5929787e-1065-4b72-b9ed-1fd8da6b1a92:192.168.69.67:35815, ce594fe0-4d42-421a-b50b-c29fa9c237ab:192.168.69.67:35519], old=null, confs=<EMPTY_MAP>
2019-10-15 22:58:49,748 [pool-433-thread-1] INFO  server.RaftServerConfigKeys (ConfUtils.java:logGet(43)) - raft.server.storage.dir = [/workdir/hadoop-ozone/integration-test/target/test-dir/MiniOzoneClusterImpl-b2ef137f-c059-4db2-aae4-0a2832bcf8b7/datanode-5/data/ratis] (custom)
2019-10-15 22:58:49,748 [pool-423-thread-1] INFO  impl.RaftServerImpl (RaftServerImpl.java:<init>(95)) - ce594fe0-4d42-421a-b50b-c29fa9c237ab: new RaftServerImpl for group-C8646202B3B5:[87145cfd-d4ab-42e0-8976-55e805643630:192.168.69.67:45882, 5929787e-1065-4b72-b9ed-1fd8da6b1a92:192.168.69.67:35815, ce594fe0-4d42-421a-b50b-c29fa9c237ab:192.168.69.67:35519] with ContainerStateMachine:uninitialized
2019-10-15 22:58:49,748 [pool-433-thread-1] INFO  server.RaftServerConfigKeys (ConfUtils.java:logGet(43)) - raft.server.log.corruption.policy = EXCEPTION (default)
2019-10-15 22:58:49,748 [pool-423-thread-1] INFO  server.RaftServerConfigKeys (ConfUtils.java:logGet(43)) - raft.server.rpc.timeout.min = 5s (custom)
2019-10-15 22:58:49,749 [pool-433-thread-1] INFO  storage.RaftStorageDirectory (RaftStorageDirectory.java:analyzeStorage(246)) - The storage directory /workdir/hadoop-ozone/integration-test/target/test-dir/MiniOzoneClusterImpl-b2ef137f-c059-4db2-aae4-0a2832bcf8b7/datanode-5/data/ratis/60929057-851a-4d46-bc1e-c8646202b3b5 does not exist. Creating ...
2019-10-15 22:58:49,749 [pool-423-thread-1] INFO  server.RaftServerConfigKeys (ConfUtils.java:logGet(43)) - raft.server.rpc.timeout.max = 5200ms (custom)
2019-10-15 22:58:49,749 [pool-423-thread-1] INFO  server.RaftServerConfigKeys (ConfUtils.java:logGet(43)) - raft.server.rpcslowness.timeout = 120s (custom)
2019-10-15 22:58:49,749 [pool-413-thread-1] INFO  impl.RaftServerImpl (RaftServerImpl.java:<init>(95)) - 87145cfd-d4ab-42e0-8976-55e805643630: new RaftServerImpl for group-C8646202B3B5:[87145cfd-d4ab-42e0-8976-55e805643630:192.168.69.67:45882, 5929787e-1065-4b72-b9ed-1fd8da6b1a92:192.168.69.67:35815, ce594fe0-4d42-421a-b50b-c29fa9c237ab:192.168.69.67:35519] with ContainerStateMachine:uninitialized
2019-10-15 22:58:49,749 [pool-423-thread-1] INFO  server.RaftServerConfigKeys (ConfUtils.java:logGet(43)) - raft.server.sleep.deviation.threshold = 300 (default)
2019-10-15 22:58:49,749 [pool-413-thread-1] INFO  server.RaftServerConfigKeys (ConfUtils.java:logGet(43)) - raft.server.rpc.timeout.min = 5s (custom)
2019-10-15 22:58:49,749 [pool-413-thread-1] INFO  server.RaftServerConfigKeys (ConfUtils.java:logGet(43)) - raft.server.rpc.timeout.max = 5200ms (custom)
2019-10-15 22:58:49,749 [pool-423-thread-1] INFO  server.RaftServerConfigKeys (ConfUtils.java:logGet(43)) - raft.server.log.appender.install.snapshot.enabled = false (custom)
2019-10-15 22:58:49,749 [pool-413-thread-1] INFO  server.RaftServerConfigKeys (ConfUtils.java:logGet(43)) - raft.server.rpcslowness.timeout = 120s (custom)
2019-10-15 22:58:49,749 [pool-423-thread-1] INFO  impl.RaftServerImpl (ServerState.java:<init>(103)) - ce594fe0-4d42-421a-b50b-c29fa9c237ab@group-C8646202B3B5: ConfigurationManager, init=-1: [87145cfd-d4ab-42e0-8976-55e805643630:192.168.69.67:45882, 5929787e-1065-4b72-b9ed-1fd8da6b1a92:192.168.69.67:35815, ce594fe0-4d42-421a-b50b-c29fa9c237ab:192.168.69.67:35519], old=null, confs=<EMPTY_MAP>
2019-10-15 22:58:49,749 [pool-413-thread-1] INFO  server.RaftServerConfigKeys (ConfUtils.java:logGet(43)) - raft.server.sleep.deviation.threshold = 300 (default)
2019-10-15 22:58:49,749 [pool-423-thread-1] INFO  server.RaftServerConfigKeys (ConfUtils.java:logGet(43)) - raft.server.storage.dir = [/workdir/hadoop-ozone/integration-test/target/test-dir/MiniOzoneClusterImpl-b2ef137f-c059-4db2-aae4-0a2832bcf8b7/datanode-4/data/ratis] (custom)
2019-10-15 22:58:49,749 [pool-413-thread-1] INFO  server.RaftServerConfigKeys (ConfUtils.java:logGet(43)) - raft.server.log.appender.install.snapshot.enabled = false (custom)
2019-10-15 22:58:49,750 [pool-413-thread-1] INFO  impl.RaftServerImpl (ServerState.java:<init>(103)) - 87145cfd-d4ab-42e0-8976-55e805643630@group-C8646202B3B5: ConfigurationManager, init=-1: [87145cfd-d4ab-42e0-8976-55e805643630:192.168.69.67:45882, 5929787e-1065-4b72-b9ed-1fd8da6b1a92:192.168.69.67:35815, ce594fe0-4d42-421a-b50b-c29fa9c237ab:192.168.69.67:35519], old=null, confs=<EMPTY_MAP>
2019-10-15 22:58:49,750 [pool-423-thread-1] INFO  server.RaftServerConfigKeys (ConfUtils.java:logGet(43)) - raft.server.log.corruption.policy = EXCEPTION (default)
2019-10-15 22:58:49,750 [pool-413-thread-1] INFO  server.RaftServerConfigKeys (ConfUtils.java:logGet(43)) - raft.server.storage.dir = [/workdir/hadoop-ozone/integration-test/target/test-dir/MiniOzoneClusterImpl-b2ef137f-c059-4db2-aae4-0a2832bcf8b7/datanode-3/data/ratis] (custom)
2019-10-15 22:58:49,750 [pool-423-thread-1] INFO  storage.RaftStorageDirectory (RaftStorageDirectory.java:analyzeStorage(246)) - The storage directory /workdir/hadoop-ozone/integration-test/target/test-dir/MiniOzoneClusterImpl-b2ef137f-c059-4db2-aae4-0a2832bcf8b7/datanode-4/data/ratis/60929057-851a-4d46-bc1e-c8646202b3b5 does not exist. Creating ...
2019-10-15 22:58:49,750 [pool-413-thread-1] INFO  server.RaftServerConfigKeys (ConfUtils.java:logGet(43)) - raft.server.log.corruption.policy = EXCEPTION (default)
2019-10-15 22:58:49,750 [pool-413-thread-1] INFO  storage.RaftStorageDirectory (RaftStorageDirectory.java:analyzeStorage(246)) - The storage directory /workdir/hadoop-ozone/integration-test/target/test-dir/MiniOzoneClusterImpl-b2ef137f-c059-4db2-aae4-0a2832bcf8b7/datanode-3/data/ratis/60929057-851a-4d46-bc1e-c8646202b3b5 does not exist. Creating ...
2019-10-15 22:58:49,803 [pool-413-thread-1] INFO  storage.RaftStorageDirectory (RaftStorageDirectory.java:tryLock(328)) - Lock on /workdir/hadoop-ozone/integration-test/target/test-dir/MiniOzoneClusterImpl-b2ef137f-c059-4db2-aae4-0a2832bcf8b7/datanode-3/data/ratis/60929057-851a-4d46-bc1e-c8646202b3b5/in_use.lock acquired by nodename 28209@pr-hdds-2071-8rz7p-357833546
2019-10-15 22:58:49,803 [pool-433-thread-1] INFO  storage.RaftStorageDirectory (RaftStorageDirectory.java:tryLock(328)) - Lock on /workdir/hadoop-ozone/integration-test/target/test-dir/MiniOzoneClusterImpl-b2ef137f-c059-4db2-aae4-0a2832bcf8b7/datanode-5/data/ratis/60929057-851a-4d46-bc1e-c8646202b3b5/in_use.lock acquired by nodename 28209@pr-hdds-2071-8rz7p-357833546
2019-10-15 22:58:49,803 [pool-423-thread-1] INFO  storage.RaftStorageDirectory (RaftStorageDirectory.java:tryLock(328)) - Lock on /workdir/hadoop-ozone/integration-test/target/test-dir/MiniOzoneClusterImpl-b2ef137f-c059-4db2-aae4-0a2832bcf8b7/datanode-4/data/ratis/60929057-851a-4d46-bc1e-c8646202b3b5/in_use.lock acquired by nodename 28209@pr-hdds-2071-8rz7p-357833546
2019-10-15 22:58:49,871 [pool-413-thread-1] INFO  storage.RaftStorage (RaftStorage.java:format(84)) - Storage directory /workdir/hadoop-ozone/integration-test/target/test-dir/MiniOzoneClusterImpl-b2ef137f-c059-4db2-aae4-0a2832bcf8b7/datanode-3/data/ratis/60929057-851a-4d46-bc1e-c8646202b3b5 has been successfully formatted.
2019-10-15 22:58:49,871 [pool-433-thread-1] INFO  storage.RaftStorage (RaftStorage.java:format(84)) - Storage directory /workdir/hadoop-ozone/integration-test/target/test-dir/MiniOzoneClusterImpl-b2ef137f-c059-4db2-aae4-0a2832bcf8b7/datanode-5/data/ratis/60929057-851a-4d46-bc1e-c8646202b3b5 has been successfully formatted.
2019-10-15 22:58:49,871 [pool-423-thread-1] INFO  storage.RaftStorage (RaftStorage.java:format(84)) - Storage directory /workdir/hadoop-ozone/integration-test/target/test-dir/MiniOzoneClusterImpl-b2ef137f-c059-4db2-aae4-0a2832bcf8b7/datanode-4/data/ratis/60929057-851a-4d46-bc1e-c8646202b3b5 has been successfully formatted.
2019-10-15 22:58:49,872 [pool-433-thread-1] INFO  ratis.ContainerStateMachine (ContainerStateMachine.java:loadSnapshot(231)) - group-C8646202B3B5: The snapshot info is null. Setting the last applied indexto:(t:0, i:~)
2019-10-15 22:58:49,872 [pool-413-thread-1] INFO  ratis.ContainerStateMachine (ContainerStateMachine.java:loadSnapshot(231)) - group-C8646202B3B5: The snapshot info is null. Setting the last applied indexto:(t:0, i:~)
2019-10-15 22:58:49,872 [pool-433-thread-1] INFO  server.RaftServerConfigKeys (ConfUtils.java:logGet(43)) - raft.server.notification.no-leader.timeout = 120s (custom)
2019-10-15 22:58:49,872 [pool-423-thread-1] INFO  ratis.ContainerStateMachine (ContainerStateMachine.java:loadSnapshot(231)) - group-C8646202B3B5: The snapshot info is null. Setting the last applied indexto:(t:0, i:~)
2019-10-15 22:58:49,872 [pool-433-thread-1] INFO  server.RaftServerConfigKeys (ConfUtils.java:logGet(43)) - raft.server.log.use.memory = false (default)
2019-10-15 22:58:49,872 [pool-413-thread-1] INFO  server.RaftServerConfigKeys (ConfUtils.java:logGet(43)) - raft.server.notification.no-leader.timeout = 120s (custom)
2019-10-15 22:58:49,872 [pool-433-thread-1] INFO  server.RaftServerConfigKeys (ConfUtils.java:logGet(43)) - raft.server.log.purge.gap = 1000000 (custom)
2019-10-15 22:58:49,872 [pool-423-thread-1] INFO  server.RaftServerConfigKeys (ConfUtils.java:logGet(43)) - raft.server.notification.no-leader.timeout = 120s (custom)
2019-10-15 22:58:49,873 [pool-433-thread-1] INFO  server.RaftServerConfigKeys (ConfUtils.java:logGet(43)) - raft.server.log.appender.buffer.byte-limit = 33554432 (custom)
2019-10-15 22:58:49,873 [pool-413-thread-1] INFO  server.RaftServerConfigKeys (ConfUtils.java:logGet(43)) - raft.server.log.use.memory = false (default)
2019-10-15 22:58:49,873 [pool-433-thread-1] INFO  server.RaftServerConfigKeys (ConfUtils.java:logGet(43)) - raft.server.log.segment.size.max = 1048576 (custom)
2019-10-15 22:58:49,873 [pool-423-thread-1] INFO  server.RaftServerConfigKeys (ConfUtils.java:logGet(43)) - raft.server.log.use.memory = false (default)
2019-10-15 22:58:49,873 [pool-433-thread-1] INFO  server.RaftServerConfigKeys (ConfUtils.java:logGet(43)) - raft.server.log.segment.cache.num.max = 2 (custom)
2019-10-15 22:58:49,873 [pool-413-thread-1] INFO  server.RaftServerConfigKeys (ConfUtils.java:logGet(43)) - raft.server.log.purge.gap = 1000000 (custom)
2019-10-15 22:58:49,874 [pool-433-thread-1] INFO  segmented.SegmentedRaftLogWorker (SegmentedRaftLogWorker.java:<init>(173)) - new 5929787e-1065-4b72-b9ed-1fd8da6b1a92@group-C8646202B3B5-SegmentedRaftLogWorker for RaftStorage:Storage Directory /workdir/hadoop-ozone/integration-test/target/test-dir/MiniOzoneClusterImpl-b2ef137f-c059-4db2-aae4-0a2832bcf8b7/datanode-5/data/ratis/60929057-851a-4d46-bc1e-c8646202b3b5
2019-10-15 22:58:49,873 [pool-423-thread-1] INFO  server.RaftServerConfigKeys (ConfUtils.java:logGet(43)) - raft.server.log.purge.gap = 1000000 (custom)
2019-10-15 22:58:49,874 [pool-433-thread-1] INFO  server.RaftServerConfigKeys (ConfUtils.java:logGet(43)) - raft.server.log.queue.byte-limit = 2147483647 (custom)
2019-10-15 22:58:49,874 [pool-413-thread-1] INFO  server.RaftServerConfigKeys (ConfUtils.java:logGet(43)) - raft.server.log.appender.buffer.byte-limit = 33554432 (custom)
2019-10-15 22:58:49,874 [pool-433-thread-1] INFO  server.RaftServerConfigKeys (ConfUtils.java:logGet(43)) - raft.server.log.queue.element-limit = 1024 (custom)
2019-10-15 22:58:49,874 [pool-423-thread-1] INFO  server.RaftServerConfigKeys (ConfUtils.java:logGet(43)) - raft.server.log.appender.buffer.byte-limit = 33554432 (custom)
2019-10-15 22:58:49,874 [pool-433-thread-1] INFO  server.RaftServerConfigKeys (ConfUtils.java:logGet(43)) - raft.server.log.segment.size.max = 1048576 (custom)
2019-10-15 22:58:49,874 [pool-413-thread-1] INFO  server.RaftServerConfigKeys (ConfUtils.java:logGet(43)) - raft.server.log.segment.size.max = 1048576 (custom)
2019-10-15 22:58:49,875 [pool-433-thread-1] INFO  server.RaftServerConfigKeys (ConfUtils.java:logGet(43)) - raft.server.log.preallocated.size = 16384 (custom)
2019-10-15 22:58:49,874 [pool-423-thread-1] INFO  server.RaftServerConfigKeys (ConfUtils.java:logGet(43)) - raft.server.log.segment.size.max = 1048576 (custom)
2019-10-15 22:58:49,875 [pool-433-thread-1] INFO  server.RaftServerConfigKeys (ConfUtils.java:logGet(43)) - raft.server.log.write.buffer.size = 33554432 (custom)
2019-10-15 22:58:49,875 [pool-413-thread-1] INFO  server.RaftServerConfigKeys (ConfUtils.java:logGet(43)) - raft.server.log.segment.cache.num.max = 2 (custom)
2019-10-15 22:58:49,875 [pool-433-thread-1] INFO  server.RaftServerConfigKeys (ConfUtils.java:logGet(43)) - raft.server.log.force.sync.num = 128 (default)
2019-10-15 22:58:49,875 [pool-423-thread-1] INFO  server.RaftServerConfigKeys (ConfUtils.java:logGet(43)) - raft.server.log.segment.cache.num.max = 2 (custom)
2019-10-15 22:58:49,875 [pool-433-thread-1] INFO  server.RaftServerConfigKeys (ConfUtils.java:logGet(43)) - raft.server.log.statemachine.data.sync = true (default)
2019-10-15 22:58:49,875 [pool-413-thread-1] INFO  segmented.SegmentedRaftLogWorker (SegmentedRaftLogWorker.java:<init>(173)) - new 87145cfd-d4ab-42e0-8976-55e805643630@group-C8646202B3B5-SegmentedRaftLogWorker for RaftStorage:Storage Directory /workdir/hadoop-ozone/integration-test/target/test-dir/MiniOzoneClusterImpl-b2ef137f-c059-4db2-aae4-0a2832bcf8b7/datanode-3/data/ratis/60929057-851a-4d46-bc1e-c8646202b3b5
2019-10-15 22:58:49,875 [pool-433-thread-1] INFO  server.RaftServerConfigKeys (ConfUtils.java:logGet(43)) - raft.server.log.statemachine.data.sync.timeout = 10s (default)
2019-10-15 22:58:49,875 [pool-423-thread-1] INFO  segmented.SegmentedRaftLogWorker (SegmentedRaftLogWorker.java:<init>(173)) - new ce594fe0-4d42-421a-b50b-c29fa9c237ab@group-C8646202B3B5-SegmentedRaftLogWorker for RaftStorage:Storage Directory /workdir/hadoop-ozone/integration-test/target/test-dir/MiniOzoneClusterImpl-b2ef137f-c059-4db2-aae4-0a2832bcf8b7/datanode-4/data/ratis/60929057-851a-4d46-bc1e-c8646202b3b5
2019-10-15 22:58:49,876 [pool-433-thread-1] INFO  server.RaftServerConfigKeys (ConfUtils.java:logGet(43)) - raft.server.log.statemachine.data.sync.timeout.retry = -1 (default)
2019-10-15 22:58:49,876 [pool-413-thread-1] INFO  server.RaftServerConfigKeys (ConfUtils.java:logGet(43)) - raft.server.log.queue.byte-limit = 2147483647 (custom)
2019-10-15 22:58:49,876 [pool-433-thread-1] INFO  server.RaftServerConfigKeys (ConfUtils.java:logGet(43)) - raft.server.log.statemachine.data.caching.enabled = true (custom)
2019-10-15 22:58:49,876 [pool-423-thread-1] INFO  server.RaftServerConfigKeys (ConfUtils.java:logGet(43)) - raft.server.log.queue.byte-limit = 2147483647 (custom)
2019-10-15 22:58:49,876 [pool-413-thread-1] INFO  server.RaftServerConfigKeys (ConfUtils.java:logGet(43)) - raft.server.log.queue.element-limit = 1024 (custom)
2019-10-15 22:58:49,876 [pool-423-thread-1] INFO  server.RaftServerConfigKeys (ConfUtils.java:logGet(43)) - raft.server.log.queue.element-limit = 1024 (custom)
2019-10-15 22:58:49,876 [pool-413-thread-1] INFO  server.RaftServerConfigKeys (ConfUtils.java:logGet(43)) - raft.server.log.segment.size.max = 1048576 (custom)
2019-10-15 22:58:49,876 [pool-433-thread-1] INFO  segmented.SegmentedRaftLogWorker (SegmentedRaftLogWorker.java:lambda$new$0(128)) - 5929787e-1065-4b72-b9ed-1fd8da6b1a92@group-C8646202B3B5-SegmentedRaftLogWorker: flushIndex: setUnconditionally 0 -> -1
2019-10-15 22:58:49,877 [pool-413-thread-1] INFO  server.RaftServerConfigKeys (ConfUtils.java:logGet(43)) - raft.server.log.preallocated.size = 16384 (custom)
2019-10-15 22:58:49,877 [pool-423-thread-1] INFO  server.RaftServerConfigKeys (ConfUtils.java:logGet(43)) - raft.server.log.segment.size.max = 1048576 (custom)
2019-10-15 22:58:49,877 [pool-413-thread-1] INFO  server.RaftServerConfigKeys (ConfUtils.java:logGet(43)) - raft.server.log.write.buffer.size = 33554432 (custom)
2019-10-15 22:58:49,877 [pool-433-thread-1] INFO  server.RaftServerConfigKeys (ConfUtils.java:logGet(43)) - raft.server.snapshot.auto.trigger.enabled = true (custom)
2019-10-15 22:58:49,877 [pool-423-thread-1] INFO  server.RaftServerConfigKeys (ConfUtils.java:logGet(43)) - raft.server.log.preallocated.size = 16384 (custom)
2019-10-15 22:58:49,877 [pool-433-thread-1] INFO  server.RaftServerConfigKeys (ConfUtils.java:logGet(43)) - raft.server.snapshot.auto.trigger.threshold = 10000 (custom)
2019-10-15 22:58:49,877 [pool-413-thread-1] INFO  server.RaftServerConfigKeys (ConfUtils.java:logGet(43)) - raft.server.log.force.sync.num = 128 (default)
2019-10-15 22:58:49,878 [pool-433-thread-1] INFO  server.RaftServerConfigKeys (ConfUtils.java:logGet(43)) - raft.server.snapshot.retention.file.num = 5 (custom)
2019-10-15 22:58:49,877 [pool-423-thread-1] INFO  server.RaftServerConfigKeys (ConfUtils.java:logGet(43)) - raft.server.log.write.buffer.size = 33554432 (custom)
2019-10-15 22:58:49,878 [pool-433-thread-1] INFO  server.RaftServerConfigKeys (ConfUtils.java:logGet(43)) - raft.server.retrycache.expirytime = 600000ms (custom)
2019-10-15 22:58:49,878 [pool-413-thread-1] INFO  server.RaftServerConfigKeys (ConfUtils.java:logGet(43)) - raft.server.log.statemachine.data.sync = true (default)
2019-10-15 22:58:49,878 [pool-423-thread-1] INFO  server.RaftServerConfigKeys (ConfUtils.java:logGet(43)) - raft.server.log.force.sync.num = 128 (default)
2019-10-15 22:58:49,878 [pool-413-thread-1] INFO  server.RaftServerConfigKeys (ConfUtils.java:logGet(43)) - raft.server.log.statemachine.data.sync.timeout = 10s (default)
2019-10-15 22:58:49,878 [pool-423-thread-1] INFO  server.RaftServerConfigKeys (ConfUtils.java:logGet(43)) - raft.server.log.statemachine.data.sync = true (default)
2019-10-15 22:58:49,878 [pool-413-thread-1] INFO  server.RaftServerConfigKeys (ConfUtils.java:logGet(43)) - raft.server.log.statemachine.data.sync.timeout.retry = -1 (default)
2019-10-15 22:58:49,878 [pool-423-thread-1] INFO  server.RaftServerConfigKeys (ConfUtils.java:logGet(43)) - raft.server.log.statemachine.data.sync.timeout = 10s (default)
2019-10-15 22:58:49,879 [pool-413-thread-1] INFO  server.RaftServerConfigKeys (ConfUtils.java:logGet(43)) - raft.server.log.statemachine.data.caching.enabled = true (custom)
2019-10-15 22:58:49,879 [pool-423-thread-1] INFO  server.RaftServerConfigKeys (ConfUtils.java:logGet(43)) - raft.server.log.statemachine.data.sync.timeout.retry = -1 (default)
2019-10-15 22:58:49,879 [pool-413-thread-1] INFO  segmented.SegmentedRaftLogWorker (SegmentedRaftLogWorker.java:lambda$new$0(128)) - 87145cfd-d4ab-42e0-8976-55e805643630@group-C8646202B3B5-SegmentedRaftLogWorker: flushIndex: setUnconditionally 0 -> -1
2019-10-15 22:58:49,879 [pool-423-thread-1] INFO  server.RaftServerConfigKeys (ConfUtils.java:logGet(43)) - raft.server.log.statemachine.data.caching.enabled = true (custom)
2019-10-15 22:58:49,879 [pool-413-thread-1] INFO  server.RaftServerConfigKeys (ConfUtils.java:logGet(43)) - raft.server.snapshot.auto.trigger.enabled = true (custom)
2019-10-15 22:58:49,879 [pool-423-thread-1] INFO  segmented.SegmentedRaftLogWorker (SegmentedRaftLogWorker.java:lambda$new$0(128)) - ce594fe0-4d42-421a-b50b-c29fa9c237ab@group-C8646202B3B5-SegmentedRaftLogWorker: flushIndex: setUnconditionally 0 -> -1
2019-10-15 22:58:49,879 [pool-413-thread-1] INFO  server.RaftServerConfigKeys (ConfUtils.java:logGet(43)) - raft.server.snapshot.auto.trigger.threshold = 10000 (custom)
2019-10-15 22:58:49,880 [pool-413-thread-1] INFO  server.RaftServerConfigKeys (ConfUtils.java:logGet(43)) - raft.server.snapshot.retention.file.num = 5 (custom)
2019-10-15 22:58:49,880 [pool-423-thread-1] INFO  server.RaftServerConfigKeys (ConfUtils.java:logGet(43)) - raft.server.snapshot.auto.trigger.enabled = true (custom)
2019-10-15 22:58:49,880 [pool-413-thread-1] INFO  server.RaftServerConfigKeys (ConfUtils.java:logGet(43)) - raft.server.retrycache.expirytime = 600000ms (custom)
2019-10-15 22:58:49,880 [pool-423-thread-1] INFO  server.RaftServerConfigKeys (ConfUtils.java:logGet(43)) - raft.server.snapshot.auto.trigger.threshold = 10000 (custom)
2019-10-15 22:58:49,880 [pool-423-thread-1] INFO  server.RaftServerConfigKeys (ConfUtils.java:logGet(43)) - raft.server.snapshot.retention.file.num = 5 (custom)
2019-10-15 22:58:49,880 [pool-423-thread-1] INFO  server.RaftServerConfigKeys (ConfUtils.java:logGet(43)) - raft.server.retrycache.expirytime = 600000ms (custom)
2019-10-15 22:58:49,881 [pool-433-thread-1] INFO  impl.RaftServerImpl (RaftServerImpl.java:start(181)) - 5929787e-1065-4b72-b9ed-1fd8da6b1a92@group-C8646202B3B5: start as a follower, conf=-1: [87145cfd-d4ab-42e0-8976-55e805643630:192.168.69.67:45882, 5929787e-1065-4b72-b9ed-1fd8da6b1a92:192.168.69.67:35815, ce594fe0-4d42-421a-b50b-c29fa9c237ab:192.168.69.67:35519], old=null
2019-10-15 22:58:49,881 [pool-433-thread-1] INFO  impl.RaftServerImpl (RaftServerImpl.java:setRole(170)) - 5929787e-1065-4b72-b9ed-1fd8da6b1a92@group-C8646202B3B5: changes role from      null to FOLLOWER at term 0 for startAsFollower
2019-10-15 22:58:49,881 [pool-433-thread-1] INFO  impl.RoleInfo (RoleInfo.java:updateAndGet(143)) - 5929787e-1065-4b72-b9ed-1fd8da6b1a92: start FollowerState
2019-10-15 22:58:49,881 [pool-433-thread-1] INFO  util.JmxRegister (JmxRegister.java:tryRegister(44)) - Successfully registered JMX Bean with object name Ratis:service=RaftServer,group=group-C8646202B3B5,id=5929787e-1065-4b72-b9ed-1fd8da6b1a92
2019-10-15 22:58:49,883 [pool-413-thread-1] INFO  impl.RaftServerImpl (RaftServerImpl.java:start(181)) - 87145cfd-d4ab-42e0-8976-55e805643630@group-C8646202B3B5: start as a follower, conf=-1: [87145cfd-d4ab-42e0-8976-55e805643630:192.168.69.67:45882, 5929787e-1065-4b72-b9ed-1fd8da6b1a92:192.168.69.67:35815, ce594fe0-4d42-421a-b50b-c29fa9c237ab:192.168.69.67:35519], old=null
2019-10-15 22:58:49,883 [pool-413-thread-1] INFO  impl.RaftServerImpl (RaftServerImpl.java:setRole(170)) - 87145cfd-d4ab-42e0-8976-55e805643630@group-C8646202B3B5: changes role from      null to FOLLOWER at term 0 for startAsFollower
2019-10-15 22:58:49,883 [pool-413-thread-1] INFO  impl.RoleInfo (RoleInfo.java:updateAndGet(143)) - 87145cfd-d4ab-42e0-8976-55e805643630: start FollowerState
2019-10-15 22:58:49,883 [pool-423-thread-1] INFO  impl.RaftServerImpl (RaftServerImpl.java:start(181)) - ce594fe0-4d42-421a-b50b-c29fa9c237ab@group-C8646202B3B5: start as a follower, conf=-1: [87145cfd-d4ab-42e0-8976-55e805643630:192.168.69.67:45882, 5929787e-1065-4b72-b9ed-1fd8da6b1a92:192.168.69.67:35815, ce594fe0-4d42-421a-b50b-c29fa9c237ab:192.168.69.67:35519], old=null
2019-10-15 22:58:49,883 [pool-413-thread-1] INFO  util.JmxRegister (JmxRegister.java:tryRegister(44)) - Successfully registered JMX Bean with object name Ratis:service=RaftServer,group=group-C8646202B3B5,id=87145cfd-d4ab-42e0-8976-55e805643630
2019-10-15 22:58:49,883 [pool-423-thread-1] INFO  impl.RaftServerImpl (RaftServerImpl.java:setRole(170)) - ce594fe0-4d42-421a-b50b-c29fa9c237ab@group-C8646202B3B5: changes role from      null to FOLLOWER at term 0 for startAsFollower
2019-10-15 22:58:49,884 [pool-423-thread-1] INFO  impl.RoleInfo (RoleInfo.java:updateAndGet(143)) - ce594fe0-4d42-421a-b50b-c29fa9c237ab: start FollowerState
2019-10-15 22:58:49,884 [pool-423-thread-1] INFO  util.JmxRegister (JmxRegister.java:tryRegister(44)) - Successfully registered JMX Bean with object name Ratis:service=RaftServer,group=group-C8646202B3B5,id=ce594fe0-4d42-421a-b50b-c29fa9c237ab
2019-10-15 22:58:49,891 [RatisPipelineUtilsThread] INFO  pipeline.PipelineStateManager (PipelineStateManager.java:addPipeline(56)) - Created pipeline Pipeline[ Id: 60929057-851a-4d46-bc1e-c8646202b3b5, Nodes: 87145cfd-d4ab-42e0-8976-55e805643630{ip: 192.168.69.67, host: pr-hdds-2071-8rz7p-357833546, networkLocation: /default-rack, certSerialId: null}ce594fe0-4d42-421a-b50b-c29fa9c237ab{ip: 192.168.69.67, host: pr-hdds-2071-8rz7p-357833546, networkLocation: /default-rack, certSerialId: null}5929787e-1065-4b72-b9ed-1fd8da6b1a92{ip: 192.168.69.67, host: pr-hdds-2071-8rz7p-357833546, networkLocation: /default-rack, certSerialId: null}, Type:RATIS, Factor:THREE, State:OPEN]
2019-10-15 22:58:50,721 [main] INFO  ozone.MiniOzoneClusterImpl (MiniOzoneClusterImpl.java:lambda$waitForClusterToBeReady$0(147)) - Cluster is ready. Got 7 of 7 DN Heartbeats.
2019-10-15 22:58:50,765 [main] INFO  rpc.RpcClient (RpcClient.java:createVolume(272)) - Creating Volume: watchforcommithandlingtest, with jenkins1000 as owner.
2019-10-15 22:58:50,768 [IPC Server handler 1 on 38539] INFO  volume.OMVolumeCreateRequest (OMVolumeCreateRequest.java:validateAndUpdateCache(193)) - created volume:watchforcommithandlingtest for user:jenkins1000
2019-10-15 22:58:50,783 [main] INFO  rpc.RpcClient (RpcClient.java:createBucket(411)) - Creating Bucket: watchforcommithandlingtest/watchforcommithandlingtest, with Versioning false and Storage Type set to DISK and Encryption set to false 
2019-10-15 22:58:50,787 [main] INFO  ozone.MiniOzoneClusterImpl (MiniOzoneClusterImpl.java:getStorageContainerLocationClient(234)) - Creating StorageContainerLocationProtocol RPC client with address /0.0.0.0:42585
2019-10-15 22:58:50,884 [Thread-2422] INFO  client.GrpcClientProtocolService (GrpcClientProtocolService.java:lambda$processClientRequest$0(278)) - Failed RaftClientRequest:client-FDE951605446->210f7630-7f49-4d5d-b69d-a8f854decf33@group-C92BDBD9D086, cid=66, seq=0, Watch-MAJORITY_COMMITTED(55), Message:<EMPTY>, reply=RaftClientReply:client-FDE951605446->210f7630-7f49-4d5d-b69d-a8f854decf33@group-C92BDBD9D086, cid=66, FAILED org.apache.ratis.protocol.NotReplicatedException: Request with call Id 66 and log index 55 is not yet replicated to MAJORITY_COMMITTED, logIndex=55, commits[210f7630-7f49-4d5d-b69d-a8f854decf33:c2, 44ad8ee9-a38d-4e5d-9002-6fd30af5f6a1:c2, 6efc5f30-817c-427c-a302-97fd228528b7:c2]
2019-10-15 22:58:50,884 [Thread-2423] INFO  client.GrpcClientProtocolService (GrpcClientProtocolService.java:lambda$processClientRequest$0(278)) - Failed RaftClientRequest:client-FDE951605446->210f7630-7f49-4d5d-b69d-a8f854decf33@group-C92BDBD9D086, cid=65, seq=0, Watch-ALL_COMMITTED(55), Message:<EMPTY>, reply=RaftClientReply:client-FDE951605446->210f7630-7f49-4d5d-b69d-a8f854decf33@group-C92BDBD9D086, cid=65, FAILED org.apache.ratis.protocol.NotReplicatedException: Request with call Id 65 and log index 55 is not yet replicated to ALL_COMMITTED, logIndex=55, commits[210f7630-7f49-4d5d-b69d-a8f854decf33:c2, 44ad8ee9-a38d-4e5d-9002-6fd30af5f6a1:c2, 6efc5f30-817c-427c-a302-97fd228528b7:c2]
2019-10-15 22:58:50,951 [grpc-default-executor-1] WARN  server.GrpcLogAppender (LogUtils.java:warn(134)) - 210f7630-7f49-4d5d-b69d-a8f854decf33@group-C92BDBD9D086->44ad8ee9-a38d-4e5d-9002-6fd30af5f6a1-AppendLogResponseHandler: Failed appendEntries: org.apache.ratis.thirdparty.io.grpc.StatusRuntimeException: UNAVAILABLE: io exception
2019-10-15 22:58:50,951 [grpc-default-executor-8] WARN  server.GrpcLogAppender (LogUtils.java:warn(134)) - 210f7630-7f49-4d5d-b69d-a8f854decf33@group-C92BDBD9D086->6efc5f30-817c-427c-a302-97fd228528b7-AppendLogResponseHandler: Failed appendEntries: org.apache.ratis.thirdparty.io.grpc.StatusRuntimeException: UNAVAILABLE: io exception
2019-10-15 22:58:50,951 [grpc-default-executor-1] INFO  impl.FollowerInfo (FollowerInfo.java:lambda$new$0(51)) - 210f7630-7f49-4d5d-b69d-a8f854decf33@group-C92BDBD9D086->44ad8ee9-a38d-4e5d-9002-6fd30af5f6a1: nextIndex: updateUnconditionally 0 -> 0
2019-10-15 22:58:50,951 [grpc-default-executor-8] INFO  impl.FollowerInfo (FollowerInfo.java:lambda$new$0(51)) - 210f7630-7f49-4d5d-b69d-a8f854decf33@group-C92BDBD9D086->6efc5f30-817c-427c-a302-97fd228528b7: nextIndex: updateUnconditionally 0 -> 0
2019-10-15 22:58:52,137 [Thread-2374] INFO  container.ReplicationManager (ReplicationManager.java:start(162)) - Starting Replication Monitor Thread.
2019-10-15 22:58:52,141 [ReplicationMonitor] INFO  container.ReplicationManager (ReplicationManager.java:run(225)) - Replication Monitor Thread took 1 milliseconds for processing 1 containers.
2019-10-15 22:58:53,452 [grpc-default-executor-5] WARN  server.GrpcLogAppender (LogUtils.java:warn(134)) - 210f7630-7f49-4d5d-b69d-a8f854decf33@group-C92BDBD9D086->6efc5f30-817c-427c-a302-97fd228528b7-AppendLogResponseHandler: Failed appendEntries: org.apache.ratis.thirdparty.io.grpc.StatusRuntimeException: UNAVAILABLE: io exception
2019-10-15 22:58:53,452 [grpc-default-executor-8] WARN  server.GrpcLogAppender (LogUtils.java:warn(134)) - 210f7630-7f49-4d5d-b69d-a8f854decf33@group-C92BDBD9D086->44ad8ee9-a38d-4e5d-9002-6fd30af5f6a1-AppendLogResponseHandler: Failed appendEntries: org.apache.ratis.thirdparty.io.grpc.StatusRuntimeException: UNAVAILABLE: io exception
2019-10-15 22:58:53,453 [grpc-default-executor-5] INFO  impl.FollowerInfo (FollowerInfo.java:lambda$new$0(51)) - 210f7630-7f49-4d5d-b69d-a8f854decf33@group-C92BDBD9D086->6efc5f30-817c-427c-a302-97fd228528b7: nextIndex: updateUnconditionally 0 -> 0
2019-10-15 22:58:53,453 [grpc-default-executor-8] INFO  impl.FollowerInfo (FollowerInfo.java:lambda$new$0(51)) - 210f7630-7f49-4d5d-b69d-a8f854decf33@group-C92BDBD9D086->44ad8ee9-a38d-4e5d-9002-6fd30af5f6a1: nextIndex: updateUnconditionally 0 -> 0
2019-10-15 22:58:54,339 [Thread-2376] INFO  impl.FollowerState (FollowerState.java:run(108)) - ef433af2-fab6-4505-8c2a-4b0a470a6f40@group-13AD318F2FDF-FollowerState: change to CANDIDATE, lastRpcTime:5165ms, electionTimeout:5165ms
2019-10-15 22:58:54,339 [Thread-2376] INFO  impl.RoleInfo (RoleInfo.java:shutdownFollowerState(121)) - ef433af2-fab6-4505-8c2a-4b0a470a6f40: shutdown FollowerState
2019-10-15 22:58:54,339 [Thread-2376] INFO  impl.RaftServerImpl (RaftServerImpl.java:setRole(170)) - ef433af2-fab6-4505-8c2a-4b0a470a6f40@group-13AD318F2FDF: changes role from  FOLLOWER to CANDIDATE at term 0 for changeToCandidate
2019-10-15 22:58:54,339 [Thread-2376] INFO  impl.RoleInfo (RoleInfo.java:updateAndGet(143)) - ef433af2-fab6-4505-8c2a-4b0a470a6f40: start LeaderElection
2019-10-15 22:58:54,350 [ef433af2-fab6-4505-8c2a-4b0a470a6f40@group-13AD318F2FDF-LeaderElection86] INFO  impl.LeaderElection (LeaderElection.java:askForVotes(178)) - ef433af2-fab6-4505-8c2a-4b0a470a6f40@group-13AD318F2FDF-LeaderElection86: begin an election at term 1 for -1: [ef433af2-fab6-4505-8c2a-4b0a470a6f40:192.168.69.67:39730], old=null
2019-10-15 22:58:54,350 [ef433af2-fab6-4505-8c2a-4b0a470a6f40@group-13AD318F2FDF-LeaderElection86] INFO  impl.RoleInfo (RoleInfo.java:shutdownLeaderElection(134)) - ef433af2-fab6-4505-8c2a-4b0a470a6f40: shutdown LeaderElection
2019-10-15 22:58:54,350 [ef433af2-fab6-4505-8c2a-4b0a470a6f40@group-13AD318F2FDF-LeaderElection86] INFO  impl.RaftServerImpl (RaftServerImpl.java:setRole(170)) - ef433af2-fab6-4505-8c2a-4b0a470a6f40@group-13AD318F2FDF: changes role from CANDIDATE to LEADER at term 1 for changeToLeader
2019-10-15 22:58:54,350 [ef433af2-fab6-4505-8c2a-4b0a470a6f40@group-13AD318F2FDF-LeaderElection86] INFO  impl.RaftServerImpl (ServerState.java:setLeader(255)) - ef433af2-fab6-4505-8c2a-4b0a470a6f40@group-13AD318F2FDF: change Leader from null to ef433af2-fab6-4505-8c2a-4b0a470a6f40 at term 1 for becomeLeader, leader elected after 5184ms
2019-10-15 22:58:54,350 [ef433af2-fab6-4505-8c2a-4b0a470a6f40@group-13AD318F2FDF-LeaderElection86] INFO  server.RaftServerConfigKeys (ConfUtils.java:logGet(43)) - raft.server.staging.catchup.gap = 1000 (default)
2019-10-15 22:58:54,351 [ef433af2-fab6-4505-8c2a-4b0a470a6f40@group-13AD318F2FDF-LeaderElection86] INFO  server.RaftServerConfigKeys (ConfUtils.java:logGet(43)) - raft.server.rpc.sleep.time = 25ms (default)
2019-10-15 22:58:54,351 [ef433af2-fab6-4505-8c2a-4b0a470a6f40@group-13AD318F2FDF-LeaderElection86] INFO  server.RaftServerConfigKeys (ConfUtils.java:logGet(43)) - raft.server.write.element-limit = 4096 (default)
2019-10-15 22:58:54,351 [ef433af2-fab6-4505-8c2a-4b0a470a6f40@group-13AD318F2FDF-LeaderElection86] INFO  server.RaftServerConfigKeys (ConfUtils.java:logGet(43)) - raft.server.watch.timeout = 10s (default)
2019-10-15 22:58:54,351 [ef433af2-fab6-4505-8c2a-4b0a470a6f40@group-13AD318F2FDF-LeaderElection86] INFO  server.RaftServerConfigKeys (ConfUtils.java:logGet(43)) - raft.server.watch.timeout.denomination = 1s (default)
2019-10-15 22:58:54,351 [ef433af2-fab6-4505-8c2a-4b0a470a6f40@group-13AD318F2FDF-LeaderElection86] INFO  server.RaftServerConfigKeys (ConfUtils.java:logGet(43)) - raft.server.watch.element-limit = 65536 (default)
2019-10-15 22:58:54,354 [ef433af2-fab6-4505-8c2a-4b0a470a6f40@group-13AD318F2FDF-LeaderElection86] INFO  impl.RoleInfo (RoleInfo.java:updateAndGet(143)) - ef433af2-fab6-4505-8c2a-4b0a470a6f40: start LeaderState
2019-10-15 22:58:54,354 [ef433af2-fab6-4505-8c2a-4b0a470a6f40@group-13AD318F2FDF-LeaderElection86] INFO  segmented.SegmentedRaftLogWorker (SegmentedRaftLogWorker.java:startLogSegment(385)) - ef433af2-fab6-4505-8c2a-4b0a470a6f40@group-13AD318F2FDF-SegmentedRaftLogWorker: Starting segment from index:0
2019-10-15 22:58:54,355 [ef433af2-fab6-4505-8c2a-4b0a470a6f40@group-13AD318F2FDF-LeaderElection86] INFO  impl.RaftServerImpl (ServerState.java:setRaftConf(356)) - ef433af2-fab6-4505-8c2a-4b0a470a6f40@group-13AD318F2FDF: set configuration 0: [ef433af2-fab6-4505-8c2a-4b0a470a6f40:192.168.69.67:39730], old=null at 0
2019-10-15 22:58:54,384 [ef433af2-fab6-4505-8c2a-4b0a470a6f40@group-13AD318F2FDF-SegmentedRaftLogWorker] INFO  segmented.SegmentedRaftLogWorker (SegmentedRaftLogWorker.java:execute(574)) - ef433af2-fab6-4505-8c2a-4b0a470a6f40@group-13AD318F2FDF-SegmentedRaftLogWorker: created new log segment /workdir/hadoop-ozone/integration-test/target/test-dir/MiniOzoneClusterImpl-b2ef137f-c059-4db2-aae4-0a2832bcf8b7/datanode-0/data/ratis/37f1cc66-5986-486d-b294-13ad318f2fdf/current/log_inprogress_0
2019-10-15 22:58:54,389 [Thread-2379] INFO  impl.FollowerState (FollowerState.java:run(108)) - 21f308d8-8495-4fb9-b6d0-728d4aa7f682@group-F8ABFA038E81-FollowerState: change to CANDIDATE, lastRpcTime:5114ms, electionTimeout:5114ms
2019-10-15 22:58:54,389 [Thread-2379] INFO  impl.RoleInfo (RoleInfo.java:shutdownFollowerState(121)) - 21f308d8-8495-4fb9-b6d0-728d4aa7f682: shutdown FollowerState
2019-10-15 22:58:54,389 [Thread-2379] INFO  impl.RaftServerImpl (RaftServerImpl.java:setRole(170)) - 21f308d8-8495-4fb9-b6d0-728d4aa7f682@group-F8ABFA038E81: changes role from  FOLLOWER to CANDIDATE at term 0 for changeToCandidate
2019-10-15 22:58:54,389 [Thread-2379] INFO  impl.RoleInfo (RoleInfo.java:updateAndGet(143)) - 21f308d8-8495-4fb9-b6d0-728d4aa7f682: start LeaderElection
2019-10-15 22:58:54,398 [21f308d8-8495-4fb9-b6d0-728d4aa7f682@group-F8ABFA038E81-LeaderElection87] INFO  impl.LeaderElection (LeaderElection.java:askForVotes(178)) - 21f308d8-8495-4fb9-b6d0-728d4aa7f682@group-F8ABFA038E81-LeaderElection87: begin an election at term 1 for -1: [21f308d8-8495-4fb9-b6d0-728d4aa7f682:192.168.69.67:45618], old=null
2019-10-15 22:58:54,398 [21f308d8-8495-4fb9-b6d0-728d4aa7f682@group-F8ABFA038E81-LeaderElection87] INFO  impl.RoleInfo (RoleInfo.java:shutdownLeaderElection(134)) - 21f308d8-8495-4fb9-b6d0-728d4aa7f682: shutdown LeaderElection
2019-10-15 22:58:54,398 [21f308d8-8495-4fb9-b6d0-728d4aa7f682@group-F8ABFA038E81-LeaderElection87] INFO  impl.RaftServerImpl (RaftServerImpl.java:setRole(170)) - 21f308d8-8495-4fb9-b6d0-728d4aa7f682@group-F8ABFA038E81: changes role from CANDIDATE to LEADER at term 1 for changeToLeader
2019-10-15 22:58:54,398 [21f308d8-8495-4fb9-b6d0-728d4aa7f682@group-F8ABFA038E81-LeaderElection87] INFO  impl.RaftServerImpl (ServerState.java:setLeader(255)) - 21f308d8-8495-4fb9-b6d0-728d4aa7f682@group-F8ABFA038E81: change Leader from null to 21f308d8-8495-4fb9-b6d0-728d4aa7f682 at term 1 for becomeLeader, leader elected after 5128ms
2019-10-15 22:58:54,398 [21f308d8-8495-4fb9-b6d0-728d4aa7f682@group-F8ABFA038E81-LeaderElection87] INFO  server.RaftServerConfigKeys (ConfUtils.java:logGet(43)) - raft.server.staging.catchup.gap = 1000 (default)
2019-10-15 22:58:54,398 [21f308d8-8495-4fb9-b6d0-728d4aa7f682@group-F8ABFA038E81-LeaderElection87] INFO  server.RaftServerConfigKeys (ConfUtils.java:logGet(43)) - raft.server.rpc.sleep.time = 25ms (default)
2019-10-15 22:58:54,398 [21f308d8-8495-4fb9-b6d0-728d4aa7f682@group-F8ABFA038E81-LeaderElection87] INFO  server.RaftServerConfigKeys (ConfUtils.java:logGet(43)) - raft.server.write.element-limit = 4096 (default)
2019-10-15 22:58:54,399 [21f308d8-8495-4fb9-b6d0-728d4aa7f682@group-F8ABFA038E81-LeaderElection87] INFO  server.RaftServerConfigKeys (ConfUtils.java:logGet(43)) - raft.server.watch.timeout = 10s (default)
2019-10-15 22:58:54,399 [21f308d8-8495-4fb9-b6d0-728d4aa7f682@group-F8ABFA038E81-LeaderElection87] INFO  server.RaftServerConfigKeys (ConfUtils.java:logGet(43)) - raft.server.watch.timeout.denomination = 1s (default)
2019-10-15 22:58:54,399 [21f308d8-8495-4fb9-b6d0-728d4aa7f682@group-F8ABFA038E81-LeaderElection87] INFO  server.RaftServerConfigKeys (ConfUtils.java:logGet(43)) - raft.server.watch.element-limit = 65536 (default)
2019-10-15 22:58:54,400 [21f308d8-8495-4fb9-b6d0-728d4aa7f682@group-F8ABFA038E81-LeaderElection87] INFO  impl.RoleInfo (RoleInfo.java:updateAndGet(143)) - 21f308d8-8495-4fb9-b6d0-728d4aa7f682: start LeaderState
2019-10-15 22:58:54,401 [21f308d8-8495-4fb9-b6d0-728d4aa7f682@group-F8ABFA038E81-LeaderElection87] INFO  segmented.SegmentedRaftLogWorker (SegmentedRaftLogWorker.java:startLogSegment(385)) - 21f308d8-8495-4fb9-b6d0-728d4aa7f682@group-F8ABFA038E81-SegmentedRaftLogWorker: Starting segment from index:0
2019-10-15 22:58:54,401 [21f308d8-8495-4fb9-b6d0-728d4aa7f682@group-F8ABFA038E81-LeaderElection87] INFO  impl.RaftServerImpl (ServerState.java:setRaftConf(356)) - 21f308d8-8495-4fb9-b6d0-728d4aa7f682@group-F8ABFA038E81: set configuration 0: [21f308d8-8495-4fb9-b6d0-728d4aa7f682:192.168.69.67:45618], old=null at 0
2019-10-15 22:58:54,446 [Thread-2382] INFO  impl.FollowerState (FollowerState.java:run(108)) - 3ae853d0-d434-4c52-9d53-e6d40cb82eec@group-1D56F2386A29-FollowerState: change to CANDIDATE, lastRpcTime:5073ms, electionTimeout:5073ms
2019-10-15 22:58:54,446 [Thread-2382] INFO  impl.RoleInfo (RoleInfo.java:shutdownFollowerState(121)) - 3ae853d0-d434-4c52-9d53-e6d40cb82eec: shutdown FollowerState
2019-10-15 22:58:54,446 [Thread-2382] INFO  impl.RaftServerImpl (RaftServerImpl.java:setRole(170)) - 3ae853d0-d434-4c52-9d53-e6d40cb82eec@group-1D56F2386A29: changes role from  FOLLOWER to CANDIDATE at term 0 for changeToCandidate
2019-10-15 22:58:54,446 [Thread-2382] INFO  impl.RoleInfo (RoleInfo.java:updateAndGet(143)) - 3ae853d0-d434-4c52-9d53-e6d40cb82eec: start LeaderElection
2019-10-15 22:58:54,452 [21f308d8-8495-4fb9-b6d0-728d4aa7f682@group-F8ABFA038E81-SegmentedRaftLogWorker] INFO  segmented.SegmentedRaftLogWorker (SegmentedRaftLogWorker.java:execute(574)) - 21f308d8-8495-4fb9-b6d0-728d4aa7f682@group-F8ABFA038E81-SegmentedRaftLogWorker: created new log segment /workdir/hadoop-ozone/integration-test/target/test-dir/MiniOzoneClusterImpl-b2ef137f-c059-4db2-aae4-0a2832bcf8b7/datanode-1/data/ratis/a95936c6-48b8-48ee-86b2-f8abfa038e81/current/log_inprogress_0
2019-10-15 22:58:54,465 [3ae853d0-d434-4c52-9d53-e6d40cb82eec@group-1D56F2386A29-LeaderElection88] INFO  impl.LeaderElection (LeaderElection.java:askForVotes(178)) - 3ae853d0-d434-4c52-9d53-e6d40cb82eec@group-1D56F2386A29-LeaderElection88: begin an election at term 1 for -1: [3ae853d0-d434-4c52-9d53-e6d40cb82eec:192.168.69.67:36871], old=null
2019-10-15 22:58:54,465 [3ae853d0-d434-4c52-9d53-e6d40cb82eec@group-1D56F2386A29-LeaderElection88] INFO  impl.RoleInfo (RoleInfo.java:shutdownLeaderElection(134)) - 3ae853d0-d434-4c52-9d53-e6d40cb82eec: shutdown LeaderElection
2019-10-15 22:58:54,465 [3ae853d0-d434-4c52-9d53-e6d40cb82eec@group-1D56F2386A29-LeaderElection88] INFO  impl.RaftServerImpl (RaftServerImpl.java:setRole(170)) - 3ae853d0-d434-4c52-9d53-e6d40cb82eec@group-1D56F2386A29: changes role from CANDIDATE to LEADER at term 1 for changeToLeader
2019-10-15 22:58:54,465 [3ae853d0-d434-4c52-9d53-e6d40cb82eec@group-1D56F2386A29-LeaderElection88] INFO  impl.RaftServerImpl (ServerState.java:setLeader(255)) - 3ae853d0-d434-4c52-9d53-e6d40cb82eec@group-1D56F2386A29: change Leader from null to 3ae853d0-d434-4c52-9d53-e6d40cb82eec at term 1 for becomeLeader, leader elected after 5099ms
2019-10-15 22:58:54,465 [3ae853d0-d434-4c52-9d53-e6d40cb82eec@group-1D56F2386A29-LeaderElection88] INFO  server.RaftServerConfigKeys (ConfUtils.java:logGet(43)) - raft.server.staging.catchup.gap = 1000 (default)
2019-10-15 22:58:54,465 [3ae853d0-d434-4c52-9d53-e6d40cb82eec@group-1D56F2386A29-LeaderElection88] INFO  server.RaftServerConfigKeys (ConfUtils.java:logGet(43)) - raft.server.rpc.sleep.time = 25ms (default)
2019-10-15 22:58:54,466 [3ae853d0-d434-4c52-9d53-e6d40cb82eec@group-1D56F2386A29-LeaderElection88] INFO  server.RaftServerConfigKeys (ConfUtils.java:logGet(43)) - raft.server.write.element-limit = 4096 (default)
2019-10-15 22:58:54,466 [3ae853d0-d434-4c52-9d53-e6d40cb82eec@group-1D56F2386A29-LeaderElection88] INFO  server.RaftServerConfigKeys (ConfUtils.java:logGet(43)) - raft.server.watch.timeout = 10s (default)
2019-10-15 22:58:54,466 [3ae853d0-d434-4c52-9d53-e6d40cb82eec@group-1D56F2386A29-LeaderElection88] INFO  server.RaftServerConfigKeys (ConfUtils.java:logGet(43)) - raft.server.watch.timeout.denomination = 1s (default)
2019-10-15 22:58:54,466 [3ae853d0-d434-4c52-9d53-e6d40cb82eec@group-1D56F2386A29-LeaderElection88] INFO  server.RaftServerConfigKeys (ConfUtils.java:logGet(43)) - raft.server.watch.element-limit = 65536 (default)
2019-10-15 22:58:54,468 [3ae853d0-d434-4c52-9d53-e6d40cb82eec@group-1D56F2386A29-LeaderElection88] INFO  impl.RoleInfo (RoleInfo.java:updateAndGet(143)) - 3ae853d0-d434-4c52-9d53-e6d40cb82eec: start LeaderState
2019-10-15 22:58:54,468 [3ae853d0-d434-4c52-9d53-e6d40cb82eec@group-1D56F2386A29-LeaderElection88] INFO  segmented.SegmentedRaftLogWorker (SegmentedRaftLogWorker.java:startLogSegment(385)) - 3ae853d0-d434-4c52-9d53-e6d40cb82eec@group-1D56F2386A29-SegmentedRaftLogWorker: Starting segment from index:0
2019-10-15 22:58:54,469 [3ae853d0-d434-4c52-9d53-e6d40cb82eec@group-1D56F2386A29-LeaderElection88] INFO  impl.RaftServerImpl (ServerState.java:setRaftConf(356)) - 3ae853d0-d434-4c52-9d53-e6d40cb82eec@group-1D56F2386A29: set configuration 0: [3ae853d0-d434-4c52-9d53-e6d40cb82eec:192.168.69.67:36871], old=null at 0
2019-10-15 22:58:54,519 [Thread-2389] INFO  impl.FollowerState (FollowerState.java:run(108)) - 3ae853d0-d434-4c52-9d53-e6d40cb82eec@group-71110A2C9316-FollowerState: change to CANDIDATE, lastRpcTime:5072ms, electionTimeout:5072ms
2019-10-15 22:58:54,519 [Thread-2389] INFO  impl.RoleInfo (RoleInfo.java:shutdownFollowerState(121)) - 3ae853d0-d434-4c52-9d53-e6d40cb82eec: shutdown FollowerState
2019-10-15 22:58:54,519 [Thread-2389] INFO  impl.RaftServerImpl (RaftServerImpl.java:setRole(170)) - 3ae853d0-d434-4c52-9d53-e6d40cb82eec@group-71110A2C9316: changes role from  FOLLOWER to CANDIDATE at term 0 for changeToCandidate
2019-10-15 22:58:54,519 [Thread-2389] INFO  impl.RoleInfo (RoleInfo.java:updateAndGet(143)) - 3ae853d0-d434-4c52-9d53-e6d40cb82eec: start LeaderElection
2019-10-15 22:58:54,529 [Thread-2386] INFO  impl.FollowerState (FollowerState.java:run(108)) - ef433af2-fab6-4505-8c2a-4b0a470a6f40@group-71110A2C9316-FollowerState: change to CANDIDATE, lastRpcTime:5087ms, electionTimeout:5087ms
2019-10-15 22:58:54,530 [Thread-2386] INFO  impl.RoleInfo (RoleInfo.java:shutdownFollowerState(121)) - ef433af2-fab6-4505-8c2a-4b0a470a6f40: shutdown FollowerState
2019-10-15 22:58:54,530 [Thread-2386] INFO  impl.RaftServerImpl (RaftServerImpl.java:setRole(170)) - ef433af2-fab6-4505-8c2a-4b0a470a6f40@group-71110A2C9316: changes role from  FOLLOWER to CANDIDATE at term 0 for changeToCandidate
2019-10-15 22:58:54,530 [Thread-2386] INFO  impl.RoleInfo (RoleInfo.java:updateAndGet(143)) - ef433af2-fab6-4505-8c2a-4b0a470a6f40: start LeaderElection
2019-10-15 22:58:54,535 [3ae853d0-d434-4c52-9d53-e6d40cb82eec@group-1D56F2386A29-SegmentedRaftLogWorker] INFO  segmented.SegmentedRaftLogWorker (SegmentedRaftLogWorker.java:execute(574)) - 3ae853d0-d434-4c52-9d53-e6d40cb82eec@group-1D56F2386A29-SegmentedRaftLogWorker: created new log segment /workdir/hadoop-ozone/integration-test/target/test-dir/MiniOzoneClusterImpl-b2ef137f-c059-4db2-aae4-0a2832bcf8b7/datanode-2/data/ratis/09a490f2-1fcc-4a62-8759-1d56f2386a29/current/log_inprogress_0
2019-10-15 22:58:54,554 [ef433af2-fab6-4505-8c2a-4b0a470a6f40@group-71110A2C9316-LeaderElection90] INFO  impl.LeaderElection (LeaderElection.java:askForVotes(178)) - ef433af2-fab6-4505-8c2a-4b0a470a6f40@group-71110A2C9316-LeaderElection90: begin an election at term 1 for -1: [ef433af2-fab6-4505-8c2a-4b0a470a6f40:192.168.69.67:39730, 3ae853d0-d434-4c52-9d53-e6d40cb82eec:192.168.69.67:36871, 21f308d8-8495-4fb9-b6d0-728d4aa7f682:192.168.69.67:45618], old=null
2019-10-15 22:58:54,554 [3ae853d0-d434-4c52-9d53-e6d40cb82eec@group-71110A2C9316-LeaderElection89] INFO  impl.LeaderElection (LeaderElection.java:askForVotes(178)) - 3ae853d0-d434-4c52-9d53-e6d40cb82eec@group-71110A2C9316-LeaderElection89: begin an election at term 1 for -1: [ef433af2-fab6-4505-8c2a-4b0a470a6f40:192.168.69.67:39730, 3ae853d0-d434-4c52-9d53-e6d40cb82eec:192.168.69.67:36871, 21f308d8-8495-4fb9-b6d0-728d4aa7f682:192.168.69.67:45618], old=null
2019-10-15 22:58:54,558 [grpc-default-executor-6] INFO  impl.RaftServerImpl (RaftServerImpl.java:setRole(170)) - 21f308d8-8495-4fb9-b6d0-728d4aa7f682@group-71110A2C9316: changes role from  FOLLOWER to FOLLOWER at term 1 for recognizeCandidate:ef433af2-fab6-4505-8c2a-4b0a470a6f40
2019-10-15 22:58:54,559 [grpc-default-executor-6] INFO  impl.RoleInfo (RoleInfo.java:shutdownFollowerState(121)) - 21f308d8-8495-4fb9-b6d0-728d4aa7f682: shutdown FollowerState
2019-10-15 22:58:54,559 [grpc-default-executor-6] INFO  impl.RoleInfo (RoleInfo.java:updateAndGet(143)) - 21f308d8-8495-4fb9-b6d0-728d4aa7f682: start FollowerState
2019-10-15 22:58:54,559 [Thread-2388] INFO  impl.FollowerState (FollowerState.java:run(117)) - 21f308d8-8495-4fb9-b6d0-728d4aa7f682@group-71110A2C9316-FollowerState was interrupted: java.lang.InterruptedException: sleep interrupted
2019-10-15 22:58:54,571 [3ae853d0-d434-4c52-9d53-e6d40cb82eec@group-71110A2C9316-LeaderElection89] INFO  impl.LeaderElection (LeaderElection.java:logAndReturn(56)) - 3ae853d0-d434-4c52-9d53-e6d40cb82eec@group-71110A2C9316-LeaderElection89: Election REJECTED; received 2 response(s) [3ae853d0-d434-4c52-9d53-e6d40cb82eec<-ef433af2-fab6-4505-8c2a-4b0a470a6f40#0:FAIL-t1, 3ae853d0-d434-4c52-9d53-e6d40cb82eec<-21f308d8-8495-4fb9-b6d0-728d4aa7f682#0:FAIL-t1] and 0 exception(s); 3ae853d0-d434-4c52-9d53-e6d40cb82eec@group-71110A2C9316:t1, leader=null, voted=3ae853d0-d434-4c52-9d53-e6d40cb82eec, raftlog=3ae853d0-d434-4c52-9d53-e6d40cb82eec@group-71110A2C9316-SegmentedRaftLog:OPENED:c-1,f-1,i0, conf=-1: [ef433af2-fab6-4505-8c2a-4b0a470a6f40:192.168.69.67:39730, 3ae853d0-d434-4c52-9d53-e6d40cb82eec:192.168.69.67:36871, 21f308d8-8495-4fb9-b6d0-728d4aa7f682:192.168.69.67:45618], old=null
2019-10-15 22:58:54,571 [ef433af2-fab6-4505-8c2a-4b0a470a6f40@group-71110A2C9316-LeaderElection90] INFO  impl.LeaderElection (LeaderElection.java:logAndReturn(56)) - ef433af2-fab6-4505-8c2a-4b0a470a6f40@group-71110A2C9316-LeaderElection90: Election PASSED; received 2 response(s) [ef433af2-fab6-4505-8c2a-4b0a470a6f40<-3ae853d0-d434-4c52-9d53-e6d40cb82eec#0:FAIL-t1, ef433af2-fab6-4505-8c2a-4b0a470a6f40<-21f308d8-8495-4fb9-b6d0-728d4aa7f682#0:OK-t1] and 0 exception(s); ef433af2-fab6-4505-8c2a-4b0a470a6f40@group-71110A2C9316:t1, leader=null, voted=ef433af2-fab6-4505-8c2a-4b0a470a6f40, raftlog=ef433af2-fab6-4505-8c2a-4b0a470a6f40@group-71110A2C9316-SegmentedRaftLog:OPENED:c-1,f-1,i0, conf=-1: [ef433af2-fab6-4505-8c2a-4b0a470a6f40:192.168.69.67:39730, 3ae853d0-d434-4c52-9d53-e6d40cb82eec:192.168.69.67:36871, 21f308d8-8495-4fb9-b6d0-728d4aa7f682:192.168.69.67:45618], old=null
2019-10-15 22:58:54,571 [3ae853d0-d434-4c52-9d53-e6d40cb82eec@group-71110A2C9316-LeaderElection89] INFO  impl.RaftServerImpl (RaftServerImpl.java:setRole(170)) - 3ae853d0-d434-4c52-9d53-e6d40cb82eec@group-71110A2C9316: changes role from CANDIDATE to FOLLOWER at term 1 for DISCOVERED_A_NEW_TERM
2019-10-15 22:58:54,571 [ef433af2-fab6-4505-8c2a-4b0a470a6f40@group-71110A2C9316-LeaderElection90] INFO  impl.RoleInfo (RoleInfo.java:shutdownLeaderElection(134)) - ef433af2-fab6-4505-8c2a-4b0a470a6f40: shutdown LeaderElection
2019-10-15 22:58:54,572 [3ae853d0-d434-4c52-9d53-e6d40cb82eec@group-71110A2C9316-LeaderElection89] INFO  impl.RoleInfo (RoleInfo.java:shutdownLeaderElection(134)) - 3ae853d0-d434-4c52-9d53-e6d40cb82eec: shutdown LeaderElection
2019-10-15 22:58:54,572 [ef433af2-fab6-4505-8c2a-4b0a470a6f40@group-71110A2C9316-LeaderElection90] INFO  impl.RaftServerImpl (RaftServerImpl.java:setRole(170)) - ef433af2-fab6-4505-8c2a-4b0a470a6f40@group-71110A2C9316: changes role from CANDIDATE to LEADER at term 1 for changeToLeader
2019-10-15 22:58:54,572 [3ae853d0-d434-4c52-9d53-e6d40cb82eec@group-71110A2C9316-LeaderElection89] INFO  impl.RoleInfo (RoleInfo.java:updateAndGet(143)) - 3ae853d0-d434-4c52-9d53-e6d40cb82eec: start FollowerState
2019-10-15 22:58:54,572 [ef433af2-fab6-4505-8c2a-4b0a470a6f40@group-71110A2C9316-LeaderElection90] INFO  impl.RaftServerImpl (ServerState.java:setLeader(255)) - ef433af2-fab6-4505-8c2a-4b0a470a6f40@group-71110A2C9316: change Leader from null to ef433af2-fab6-4505-8c2a-4b0a470a6f40 at term 1 for becomeLeader, leader elected after 5138ms
2019-10-15 22:58:54,572 [ef433af2-fab6-4505-8c2a-4b0a470a6f40@group-71110A2C9316-LeaderElection90] INFO  server.RaftServerConfigKeys (ConfUtils.java:logGet(43)) - raft.server.staging.catchup.gap = 1000 (default)
2019-10-15 22:58:54,572 [ef433af2-fab6-4505-8c2a-4b0a470a6f40@group-71110A2C9316-LeaderElection90] INFO  server.RaftServerConfigKeys (ConfUtils.java:logGet(43)) - raft.server.rpc.sleep.time = 25ms (default)
2019-10-15 22:58:54,572 [ef433af2-fab6-4505-8c2a-4b0a470a6f40@group-71110A2C9316-LeaderElection90] INFO  server.RaftServerConfigKeys (ConfUtils.java:logGet(43)) - raft.server.write.element-limit = 4096 (default)
2019-10-15 22:58:54,572 [ef433af2-fab6-4505-8c2a-4b0a470a6f40@group-71110A2C9316-LeaderElection90] INFO  server.RaftServerConfigKeys (ConfUtils.java:logGet(43)) - raft.server.watch.timeout = 10s (default)
2019-10-15 22:58:54,573 [ef433af2-fab6-4505-8c2a-4b0a470a6f40@group-71110A2C9316-LeaderElection90] INFO  server.RaftServerConfigKeys (ConfUtils.java:logGet(43)) - raft.server.watch.timeout.denomination = 1s (default)
2019-10-15 22:58:54,573 [ef433af2-fab6-4505-8c2a-4b0a470a6f40@group-71110A2C9316-LeaderElection90] INFO  server.RaftServerConfigKeys (ConfUtils.java:logGet(43)) - raft.server.watch.element-limit = 65536 (default)
2019-10-15 22:58:54,574 [ef433af2-fab6-4505-8c2a-4b0a470a6f40@group-71110A2C9316-LeaderElection90] INFO  server.RaftServerConfigKeys (ConfUtils.java:logGet(43)) - raft.server.log.appender.snapshot.chunk.size.max = 16MB (=16777216) (default)
2019-10-15 22:58:54,574 [ef433af2-fab6-4505-8c2a-4b0a470a6f40@group-71110A2C9316-LeaderElection90] INFO  server.RaftServerConfigKeys (ConfUtils.java:logGet(43)) - raft.server.log.appender.buffer.byte-limit = 33554432 (custom)
2019-10-15 22:58:54,575 [ef433af2-fab6-4505-8c2a-4b0a470a6f40@group-71110A2C9316-LeaderElection90] INFO  server.RaftServerConfigKeys (ConfUtils.java:logGet(43)) - raft.server.log.appender.buffer.element-limit = 1 (custom)
2019-10-15 22:58:54,575 [ef433af2-fab6-4505-8c2a-4b0a470a6f40@group-71110A2C9316-LeaderElection90] INFO  grpc.GrpcConfigKeys$Server (ConfUtils.java:logGet(43)) - raft.grpc.server.leader.outstanding.appends.max = 128 (default)
2019-10-15 22:58:54,575 [ef433af2-fab6-4505-8c2a-4b0a470a6f40@group-71110A2C9316-LeaderElection90] INFO  server.RaftServerConfigKeys (ConfUtils.java:logGet(43)) - raft.server.rpc.request.timeout = 3000ms (default)
2019-10-15 22:58:54,575 [ef433af2-fab6-4505-8c2a-4b0a470a6f40@group-71110A2C9316-LeaderElection90] INFO  server.RaftServerConfigKeys (ConfUtils.java:logGet(43)) - raft.server.log.appender.install.snapshot.enabled = false (custom)
2019-10-15 22:58:54,575 [ef433af2-fab6-4505-8c2a-4b0a470a6f40@group-71110A2C9316-LeaderElection90] INFO  server.RaftServerConfigKeys (ConfUtils.java:logGet(43)) - raft.server.log.appender.snapshot.chunk.size.max = 16MB (=16777216) (default)
2019-10-15 22:58:54,575 [ef433af2-fab6-4505-8c2a-4b0a470a6f40@group-71110A2C9316-LeaderElection90] INFO  server.RaftServerConfigKeys (ConfUtils.java:logGet(43)) - raft.server.log.appender.buffer.byte-limit = 33554432 (custom)
2019-10-15 22:58:54,575 [ef433af2-fab6-4505-8c2a-4b0a470a6f40@group-71110A2C9316-LeaderElection90] INFO  server.RaftServerConfigKeys (ConfUtils.java:logGet(43)) - raft.server.log.appender.buffer.element-limit = 1 (custom)
2019-10-15 22:58:54,576 [ef433af2-fab6-4505-8c2a-4b0a470a6f40@group-71110A2C9316-LeaderElection90] INFO  grpc.GrpcConfigKeys$Server (ConfUtils.java:logGet(43)) - raft.grpc.server.leader.outstanding.appends.max = 128 (default)
2019-10-15 22:58:54,576 [ef433af2-fab6-4505-8c2a-4b0a470a6f40@group-71110A2C9316-LeaderElection90] INFO  server.RaftServerConfigKeys (ConfUtils.java:logGet(43)) - raft.server.rpc.request.timeout = 3000ms (default)
2019-10-15 22:58:54,576 [ef433af2-fab6-4505-8c2a-4b0a470a6f40@group-71110A2C9316-LeaderElection90] INFO  server.RaftServerConfigKeys (ConfUtils.java:logGet(43)) - raft.server.log.appender.install.snapshot.enabled = false (custom)
2019-10-15 22:58:54,576 [ef433af2-fab6-4505-8c2a-4b0a470a6f40@group-71110A2C9316-LeaderElection90] INFO  impl.RoleInfo (RoleInfo.java:updateAndGet(143)) - ef433af2-fab6-4505-8c2a-4b0a470a6f40: start LeaderState
2019-10-15 22:58:54,576 [ef433af2-fab6-4505-8c2a-4b0a470a6f40@group-71110A2C9316-LeaderElection90] INFO  segmented.SegmentedRaftLogWorker (SegmentedRaftLogWorker.java:startLogSegment(385)) - ef433af2-fab6-4505-8c2a-4b0a470a6f40@group-71110A2C9316-SegmentedRaftLogWorker: Starting segment from index:0
2019-10-15 22:58:54,577 [ef433af2-fab6-4505-8c2a-4b0a470a6f40@group-71110A2C9316-LeaderElection90] INFO  impl.RaftServerImpl (ServerState.java:setRaftConf(356)) - ef433af2-fab6-4505-8c2a-4b0a470a6f40@group-71110A2C9316: set configuration 0: [ef433af2-fab6-4505-8c2a-4b0a470a6f40:192.168.69.67:39730, 3ae853d0-d434-4c52-9d53-e6d40cb82eec:192.168.69.67:36871, 21f308d8-8495-4fb9-b6d0-728d4aa7f682:192.168.69.67:45618], old=null at 0
2019-10-15 22:58:54,578 [grpc-default-executor-5] INFO  impl.RaftServerImpl (ServerState.java:setLeader(255)) - 3ae853d0-d434-4c52-9d53-e6d40cb82eec@group-71110A2C9316: change Leader from null to ef433af2-fab6-4505-8c2a-4b0a470a6f40 at term 1 for appendEntries, leader elected after 5144ms
2019-10-15 22:58:54,578 [grpc-default-executor-6] INFO  impl.RaftServerImpl (ServerState.java:setLeader(255)) - 21f308d8-8495-4fb9-b6d0-728d4aa7f682@group-71110A2C9316: change Leader from null to ef433af2-fab6-4505-8c2a-4b0a470a6f40 at term 1 for appendEntries, leader elected after 5144ms
2019-10-15 22:58:54,580 [grpc-default-executor-6] INFO  impl.RaftServerImpl (ServerState.java:setRaftConf(356)) - 21f308d8-8495-4fb9-b6d0-728d4aa7f682@group-71110A2C9316: set configuration 0: [ef433af2-fab6-4505-8c2a-4b0a470a6f40:192.168.69.67:39730, 3ae853d0-d434-4c52-9d53-e6d40cb82eec:192.168.69.67:36871, 21f308d8-8495-4fb9-b6d0-728d4aa7f682:192.168.69.67:45618], old=null at 0
2019-10-15 22:58:54,580 [grpc-default-executor-5] INFO  impl.RaftServerImpl (ServerState.java:setRaftConf(356)) - 3ae853d0-d434-4c52-9d53-e6d40cb82eec@group-71110A2C9316: set configuration 0: [ef433af2-fab6-4505-8c2a-4b0a470a6f40:192.168.69.67:39730, 3ae853d0-d434-4c52-9d53-e6d40cb82eec:192.168.69.67:36871, 21f308d8-8495-4fb9-b6d0-728d4aa7f682:192.168.69.67:45618], old=null at 0
2019-10-15 22:58:54,580 [grpc-default-executor-6] INFO  segmented.SegmentedRaftLogWorker (SegmentedRaftLogWorker.java:startLogSegment(385)) - 21f308d8-8495-4fb9-b6d0-728d4aa7f682@group-71110A2C9316-SegmentedRaftLogWorker: Starting segment from index:0
2019-10-15 22:58:54,580 [grpc-default-executor-5] INFO  segmented.SegmentedRaftLogWorker (SegmentedRaftLogWorker.java:startLogSegment(385)) - 3ae853d0-d434-4c52-9d53-e6d40cb82eec@group-71110A2C9316-SegmentedRaftLogWorker: Starting segment from index:0
2019-10-15 22:58:54,632 [21f308d8-8495-4fb9-b6d0-728d4aa7f682@group-71110A2C9316-SegmentedRaftLogWorker] INFO  segmented.SegmentedRaftLogWorker (SegmentedRaftLogWorker.java:execute(574)) - 21f308d8-8495-4fb9-b6d0-728d4aa7f682@group-71110A2C9316-SegmentedRaftLogWorker: created new log segment /workdir/hadoop-ozone/integration-test/target/test-dir/MiniOzoneClusterImpl-b2ef137f-c059-4db2-aae4-0a2832bcf8b7/datanode-1/data/ratis/4650228b-a3d7-447a-a9d6-71110a2c9316/current/log_inprogress_0
2019-10-15 22:58:54,632 [ef433af2-fab6-4505-8c2a-4b0a470a6f40@group-71110A2C9316-SegmentedRaftLogWorker] INFO  segmented.SegmentedRaftLogWorker (SegmentedRaftLogWorker.java:execute(574)) - ef433af2-fab6-4505-8c2a-4b0a470a6f40@group-71110A2C9316-SegmentedRaftLogWorker: created new log segment /workdir/hadoop-ozone/integration-test/target/test-dir/MiniOzoneClusterImpl-b2ef137f-c059-4db2-aae4-0a2832bcf8b7/datanode-0/data/ratis/4650228b-a3d7-447a-a9d6-71110a2c9316/current/log_inprogress_0
2019-10-15 22:58:54,632 [3ae853d0-d434-4c52-9d53-e6d40cb82eec@group-71110A2C9316-SegmentedRaftLogWorker] INFO  segmented.SegmentedRaftLogWorker (SegmentedRaftLogWorker.java:execute(574)) - 3ae853d0-d434-4c52-9d53-e6d40cb82eec@group-71110A2C9316-SegmentedRaftLogWorker: created new log segment /workdir/hadoop-ozone/integration-test/target/test-dir/MiniOzoneClusterImpl-b2ef137f-c059-4db2-aae4-0a2832bcf8b7/datanode-2/data/ratis/4650228b-a3d7-447a-a9d6-71110a2c9316/current/log_inprogress_0
2019-10-15 22:58:54,682 [Thread-2394] INFO  impl.FollowerState (FollowerState.java:run(108)) - 87145cfd-d4ab-42e0-8976-55e805643630@group-2B963884A336-FollowerState: change to CANDIDATE, lastRpcTime:5083ms, electionTimeout:5083ms
2019-10-15 22:58:54,682 [Thread-2394] INFO  impl.RoleInfo (RoleInfo.java:shutdownFollowerState(121)) - 87145cfd-d4ab-42e0-8976-55e805643630: shutdown FollowerState
2019-10-15 22:58:54,682 [Thread-2394] INFO  impl.RaftServerImpl (RaftServerImpl.java:setRole(170)) - 87145cfd-d4ab-42e0-8976-55e805643630@group-2B963884A336: changes role from  FOLLOWER to CANDIDATE at term 0 for changeToCandidate
2019-10-15 22:58:54,682 [Thread-2394] INFO  impl.RoleInfo (RoleInfo.java:updateAndGet(143)) - 87145cfd-d4ab-42e0-8976-55e805643630: start LeaderElection
2019-10-15 22:58:54,700 [87145cfd-d4ab-42e0-8976-55e805643630@group-2B963884A336-LeaderElection91] INFO  impl.LeaderElection (LeaderElection.java:askForVotes(178)) - 87145cfd-d4ab-42e0-8976-55e805643630@group-2B963884A336-LeaderElection91: begin an election at term 1 for -1: [87145cfd-d4ab-42e0-8976-55e805643630:192.168.69.67:45882], old=null
2019-10-15 22:58:54,701 [87145cfd-d4ab-42e0-8976-55e805643630@group-2B963884A336-LeaderElection91] INFO  impl.RoleInfo (RoleInfo.java:shutdownLeaderElection(134)) - 87145cfd-d4ab-42e0-8976-55e805643630: shutdown LeaderElection
2019-10-15 22:58:54,701 [87145cfd-d4ab-42e0-8976-55e805643630@group-2B963884A336-LeaderElection91] INFO  impl.RaftServerImpl (RaftServerImpl.java:setRole(170)) - 87145cfd-d4ab-42e0-8976-55e805643630@group-2B963884A336: changes role from CANDIDATE to LEADER at term 1 for changeToLeader
2019-10-15 22:58:54,701 [87145cfd-d4ab-42e0-8976-55e805643630@group-2B963884A336-LeaderElection91] INFO  impl.RaftServerImpl (ServerState.java:setLeader(255)) - 87145cfd-d4ab-42e0-8976-55e805643630@group-2B963884A336: change Leader from null to 87145cfd-d4ab-42e0-8976-55e805643630 at term 1 for becomeLeader, leader elected after 5108ms
2019-10-15 22:58:54,701 [87145cfd-d4ab-42e0-8976-55e805643630@group-2B963884A336-LeaderElection91] INFO  server.RaftServerConfigKeys (ConfUtils.java:logGet(43)) - raft.server.staging.catchup.gap = 1000 (default)
2019-10-15 22:58:54,701 [87145cfd-d4ab-42e0-8976-55e805643630@group-2B963884A336-LeaderElection91] INFO  server.RaftServerConfigKeys (ConfUtils.java:logGet(43)) - raft.server.rpc.sleep.time = 25ms (default)
2019-10-15 22:58:54,701 [87145cfd-d4ab-42e0-8976-55e805643630@group-2B963884A336-LeaderElection91] INFO  server.RaftServerConfigKeys (ConfUtils.java:logGet(43)) - raft.server.write.element-limit = 4096 (default)
2019-10-15 22:58:54,702 [87145cfd-d4ab-42e0-8976-55e805643630@group-2B963884A336-LeaderElection91] INFO  server.RaftServerConfigKeys (ConfUtils.java:logGet(43)) - raft.server.watch.timeout = 10s (default)
2019-10-15 22:58:54,702 [87145cfd-d4ab-42e0-8976-55e805643630@group-2B963884A336-LeaderElection91] INFO  server.RaftServerConfigKeys (ConfUtils.java:logGet(43)) - raft.server.watch.timeout.denomination = 1s (default)
2019-10-15 22:58:54,702 [87145cfd-d4ab-42e0-8976-55e805643630@group-2B963884A336-LeaderElection91] INFO  server.RaftServerConfigKeys (ConfUtils.java:logGet(43)) - raft.server.watch.element-limit = 65536 (default)
2019-10-15 22:58:54,704 [87145cfd-d4ab-42e0-8976-55e805643630@group-2B963884A336-LeaderElection91] INFO  impl.RoleInfo (RoleInfo.java:updateAndGet(143)) - 87145cfd-d4ab-42e0-8976-55e805643630: start LeaderState
2019-10-15 22:58:54,704 [87145cfd-d4ab-42e0-8976-55e805643630@group-2B963884A336-LeaderElection91] INFO  segmented.SegmentedRaftLogWorker (SegmentedRaftLogWorker.java:startLogSegment(385)) - 87145cfd-d4ab-42e0-8976-55e805643630@group-2B963884A336-SegmentedRaftLogWorker: Starting segment from index:0
2019-10-15 22:58:54,704 [87145cfd-d4ab-42e0-8976-55e805643630@group-2B963884A336-LeaderElection91] INFO  impl.RaftServerImpl (ServerState.java:setRaftConf(356)) - 87145cfd-d4ab-42e0-8976-55e805643630@group-2B963884A336: set configuration 0: [87145cfd-d4ab-42e0-8976-55e805643630:192.168.69.67:45882], old=null at 0
2019-10-15 22:58:54,705 [Thread-2397] INFO  impl.FollowerState (FollowerState.java:run(108)) - ce594fe0-4d42-421a-b50b-c29fa9c237ab@group-C0E973BCC79A-FollowerState: change to CANDIDATE, lastRpcTime:5045ms, electionTimeout:5045ms
2019-10-15 22:58:54,705 [Thread-2397] INFO  impl.RoleInfo (RoleInfo.java:shutdownFollowerState(121)) - ce594fe0-4d42-421a-b50b-c29fa9c237ab: shutdown FollowerState
2019-10-15 22:58:54,705 [Thread-2397] INFO  impl.RaftServerImpl (RaftServerImpl.java:setRole(170)) - ce594fe0-4d42-421a-b50b-c29fa9c237ab@group-C0E973BCC79A: changes role from  FOLLOWER to CANDIDATE at term 0 for changeToCandidate
2019-10-15 22:58:54,705 [Thread-2397] INFO  impl.RoleInfo (RoleInfo.java:updateAndGet(143)) - ce594fe0-4d42-421a-b50b-c29fa9c237ab: start LeaderElection
2019-10-15 22:58:54,741 [Thread-2403] INFO  impl.FollowerState (FollowerState.java:run(108)) - 5929787e-1065-4b72-b9ed-1fd8da6b1a92@group-69BC74C85B43-FollowerState: change to CANDIDATE, lastRpcTime:5024ms, electionTimeout:5014ms
2019-10-15 22:58:54,741 [Thread-2403] INFO  impl.RoleInfo (RoleInfo.java:shutdownFollowerState(121)) - 5929787e-1065-4b72-b9ed-1fd8da6b1a92: shutdown FollowerState
2019-10-15 22:58:54,742 [Thread-2403] INFO  impl.RaftServerImpl (RaftServerImpl.java:setRole(170)) - 5929787e-1065-4b72-b9ed-1fd8da6b1a92@group-69BC74C85B43: changes role from  FOLLOWER to CANDIDATE at term 0 for changeToCandidate
2019-10-15 22:58:54,742 [Thread-2403] INFO  impl.RoleInfo (RoleInfo.java:updateAndGet(143)) - 5929787e-1065-4b72-b9ed-1fd8da6b1a92: start LeaderElection
2019-10-15 22:58:54,755 [87145cfd-d4ab-42e0-8976-55e805643630@group-2B963884A336-SegmentedRaftLogWorker] INFO  segmented.SegmentedRaftLogWorker (SegmentedRaftLogWorker.java:execute(574)) - 87145cfd-d4ab-42e0-8976-55e805643630@group-2B963884A336-SegmentedRaftLogWorker: created new log segment /workdir/hadoop-ozone/integration-test/target/test-dir/MiniOzoneClusterImpl-b2ef137f-c059-4db2-aae4-0a2832bcf8b7/datanode-3/data/ratis/6f30498f-871f-4688-9862-2b963884a336/current/log_inprogress_0
2019-10-15 22:58:54,755 [ce594fe0-4d42-421a-b50b-c29fa9c237ab@group-C0E973BCC79A-LeaderElection92] INFO  impl.LeaderElection (LeaderElection.java:askForVotes(178)) - ce594fe0-4d42-421a-b50b-c29fa9c237ab@group-C0E973BCC79A-LeaderElection92: begin an election at term 1 for -1: [ce594fe0-4d42-421a-b50b-c29fa9c237ab:192.168.69.67:35519], old=null
2019-10-15 22:58:54,755 [5929787e-1065-4b72-b9ed-1fd8da6b1a92@group-69BC74C85B43-LeaderElection93] INFO  impl.LeaderElection (LeaderElection.java:askForVotes(178)) - 5929787e-1065-4b72-b9ed-1fd8da6b1a92@group-69BC74C85B43-LeaderElection93: begin an election at term 1 for -1: [5929787e-1065-4b72-b9ed-1fd8da6b1a92:192.168.69.67:35815], old=null
2019-10-15 22:58:54,755 [ce594fe0-4d42-421a-b50b-c29fa9c237ab@group-C0E973BCC79A-LeaderElection92] INFO  impl.RoleInfo (RoleInfo.java:shutdownLeaderElection(134)) - ce594fe0-4d42-421a-b50b-c29fa9c237ab: shutdown LeaderElection
2019-10-15 22:58:54,755 [5929787e-1065-4b72-b9ed-1fd8da6b1a92@group-69BC74C85B43-LeaderElection93] INFO  impl.RoleInfo (RoleInfo.java:shutdownLeaderElection(134)) - 5929787e-1065-4b72-b9ed-1fd8da6b1a92: shutdown LeaderElection
2019-10-15 22:58:54,755 [ce594fe0-4d42-421a-b50b-c29fa9c237ab@group-C0E973BCC79A-LeaderElection92] INFO  impl.RaftServerImpl (RaftServerImpl.java:setRole(170)) - ce594fe0-4d42-421a-b50b-c29fa9c237ab@group-C0E973BCC79A: changes role from CANDIDATE to LEADER at term 1 for changeToLeader
2019-10-15 22:58:54,755 [5929787e-1065-4b72-b9ed-1fd8da6b1a92@group-69BC74C85B43-LeaderElection93] INFO  impl.RaftServerImpl (RaftServerImpl.java:setRole(170)) - 5929787e-1065-4b72-b9ed-1fd8da6b1a92@group-69BC74C85B43: changes role from CANDIDATE to LEADER at term 1 for changeToLeader
2019-10-15 22:58:54,755 [ce594fe0-4d42-421a-b50b-c29fa9c237ab@group-C0E973BCC79A-LeaderElection92] INFO  impl.RaftServerImpl (ServerState.java:setLeader(255)) - ce594fe0-4d42-421a-b50b-c29fa9c237ab@group-C0E973BCC79A: change Leader from null to ce594fe0-4d42-421a-b50b-c29fa9c237ab at term 1 for becomeLeader, leader elected after 5102ms
2019-10-15 22:58:54,755 [5929787e-1065-4b72-b9ed-1fd8da6b1a92@group-69BC74C85B43-LeaderElection93] INFO  impl.RaftServerImpl (ServerState.java:setLeader(255)) - 5929787e-1065-4b72-b9ed-1fd8da6b1a92@group-69BC74C85B43: change Leader from null to 5929787e-1065-4b72-b9ed-1fd8da6b1a92 at term 1 for becomeLeader, leader elected after 5044ms
2019-10-15 22:58:54,756 [ce594fe0-4d42-421a-b50b-c29fa9c237ab@group-C0E973BCC79A-LeaderElection92] INFO  server.RaftServerConfigKeys (ConfUtils.java:logGet(43)) - raft.server.staging.catchup.gap = 1000 (default)
2019-10-15 22:58:54,756 [5929787e-1065-4b72-b9ed-1fd8da6b1a92@group-69BC74C85B43-LeaderElection93] INFO  server.RaftServerConfigKeys (ConfUtils.java:logGet(43)) - raft.server.staging.catchup.gap = 1000 (default)
2019-10-15 22:58:54,756 [ce594fe0-4d42-421a-b50b-c29fa9c237ab@group-C0E973BCC79A-LeaderElection92] INFO  server.RaftServerConfigKeys (ConfUtils.java:logGet(43)) - raft.server.rpc.sleep.time = 25ms (default)
2019-10-15 22:58:54,756 [5929787e-1065-4b72-b9ed-1fd8da6b1a92@group-69BC74C85B43-LeaderElection93] INFO  server.RaftServerConfigKeys (ConfUtils.java:logGet(43)) - raft.server.rpc.sleep.time = 25ms (default)
2019-10-15 22:58:54,756 [ce594fe0-4d42-421a-b50b-c29fa9c237ab@group-C0E973BCC79A-LeaderElection92] INFO  server.RaftServerConfigKeys (ConfUtils.java:logGet(43)) - raft.server.write.element-limit = 4096 (default)
2019-10-15 22:58:54,756 [5929787e-1065-4b72-b9ed-1fd8da6b1a92@group-69BC74C85B43-LeaderElection93] INFO  server.RaftServerConfigKeys (ConfUtils.java:logGet(43)) - raft.server.write.element-limit = 4096 (default)
2019-10-15 22:58:54,756 [ce594fe0-4d42-421a-b50b-c29fa9c237ab@group-C0E973BCC79A-LeaderElection92] INFO  server.RaftServerConfigKeys (ConfUtils.java:logGet(43)) - raft.server.watch.timeout = 10s (default)
2019-10-15 22:58:54,756 [5929787e-1065-4b72-b9ed-1fd8da6b1a92@group-69BC74C85B43-LeaderElection93] INFO  server.RaftServerConfigKeys (ConfUtils.java:logGet(43)) - raft.server.watch.timeout = 10s (default)
2019-10-15 22:58:54,756 [ce594fe0-4d42-421a-b50b-c29fa9c237ab@group-C0E973BCC79A-LeaderElection92] INFO  server.RaftServerConfigKeys (ConfUtils.java:logGet(43)) - raft.server.watch.timeout.denomination = 1s (default)
2019-10-15 22:58:54,757 [5929787e-1065-4b72-b9ed-1fd8da6b1a92@group-69BC74C85B43-LeaderElection93] INFO  server.RaftServerConfigKeys (ConfUtils.java:logGet(43)) - raft.server.watch.timeout.denomination = 1s (default)
2019-10-15 22:58:54,757 [ce594fe0-4d42-421a-b50b-c29fa9c237ab@group-C0E973BCC79A-LeaderElection92] INFO  server.RaftServerConfigKeys (ConfUtils.java:logGet(43)) - raft.server.watch.element-limit = 65536 (default)
2019-10-15 22:58:54,757 [5929787e-1065-4b72-b9ed-1fd8da6b1a92@group-69BC74C85B43-LeaderElection93] INFO  server.RaftServerConfigKeys (ConfUtils.java:logGet(43)) - raft.server.watch.element-limit = 65536 (default)
2019-10-15 22:58:54,759 [ce594fe0-4d42-421a-b50b-c29fa9c237ab@group-C0E973BCC79A-LeaderElection92] INFO  impl.RoleInfo (RoleInfo.java:updateAndGet(143)) - ce594fe0-4d42-421a-b50b-c29fa9c237ab: start LeaderState
2019-10-15 22:58:54,759 [ce594fe0-4d42-421a-b50b-c29fa9c237ab@group-C0E973BCC79A-LeaderElection92] INFO  segmented.SegmentedRaftLogWorker (SegmentedRaftLogWorker.java:startLogSegment(385)) - ce594fe0-4d42-421a-b50b-c29fa9c237ab@group-C0E973BCC79A-SegmentedRaftLogWorker: Starting segment from index:0
2019-10-15 22:58:54,760 [5929787e-1065-4b72-b9ed-1fd8da6b1a92@group-69BC74C85B43-LeaderElection93] INFO  impl.RoleInfo (RoleInfo.java:updateAndGet(143)) - 5929787e-1065-4b72-b9ed-1fd8da6b1a92: start LeaderState
2019-10-15 22:58:54,760 [ce594fe0-4d42-421a-b50b-c29fa9c237ab@group-C0E973BCC79A-LeaderElection92] INFO  impl.RaftServerImpl (ServerState.java:setRaftConf(356)) - ce594fe0-4d42-421a-b50b-c29fa9c237ab@group-C0E973BCC79A: set configuration 0: [ce594fe0-4d42-421a-b50b-c29fa9c237ab:192.168.69.67:35519], old=null at 0
2019-10-15 22:58:54,760 [5929787e-1065-4b72-b9ed-1fd8da6b1a92@group-69BC74C85B43-LeaderElection93] INFO  segmented.SegmentedRaftLogWorker (SegmentedRaftLogWorker.java:startLogSegment(385)) - 5929787e-1065-4b72-b9ed-1fd8da6b1a92@group-69BC74C85B43-SegmentedRaftLogWorker: Starting segment from index:0
2019-10-15 22:58:54,760 [5929787e-1065-4b72-b9ed-1fd8da6b1a92@group-69BC74C85B43-LeaderElection93] INFO  impl.RaftServerImpl (ServerState.java:setRaftConf(356)) - 5929787e-1065-4b72-b9ed-1fd8da6b1a92@group-69BC74C85B43: set configuration 0: [5929787e-1065-4b72-b9ed-1fd8da6b1a92:192.168.69.67:35815], old=null at 0
2019-10-15 22:58:54,799 [5929787e-1065-4b72-b9ed-1fd8da6b1a92@group-69BC74C85B43-SegmentedRaftLogWorker] INFO  segmented.SegmentedRaftLogWorker (SegmentedRaftLogWorker.java:execute(574)) - 5929787e-1065-4b72-b9ed-1fd8da6b1a92@group-69BC74C85B43-SegmentedRaftLogWorker: created new log segment /workdir/hadoop-ozone/integration-test/target/test-dir/MiniOzoneClusterImpl-b2ef137f-c059-4db2-aae4-0a2832bcf8b7/datanode-5/data/ratis/23e4cbe7-4e71-4bff-91c7-69bc74c85b43/current/log_inprogress_0
2019-10-15 22:58:54,799 [ce594fe0-4d42-421a-b50b-c29fa9c237ab@group-C0E973BCC79A-SegmentedRaftLogWorker] INFO  segmented.SegmentedRaftLogWorker (SegmentedRaftLogWorker.java:execute(574)) - ce594fe0-4d42-421a-b50b-c29fa9c237ab@group-C0E973BCC79A-SegmentedRaftLogWorker: created new log segment /workdir/hadoop-ozone/integration-test/target/test-dir/MiniOzoneClusterImpl-b2ef137f-c059-4db2-aae4-0a2832bcf8b7/datanode-4/data/ratis/13b5816d-5de5-40da-a46a-c0e973bcc79a/current/log_inprogress_0
2019-10-15 22:58:54,981 [Thread-2409] INFO  impl.FollowerState (FollowerState.java:run(108)) - 87145cfd-d4ab-42e0-8976-55e805643630@group-C8646202B3B5-FollowerState: change to CANDIDATE, lastRpcTime:5097ms, electionTimeout:5097ms
2019-10-15 22:58:54,981 [Thread-2409] INFO  impl.RoleInfo (RoleInfo.java:shutdownFollowerState(121)) - 87145cfd-d4ab-42e0-8976-55e805643630: shutdown FollowerState
2019-10-15 22:58:54,981 [Thread-2409] INFO  impl.RaftServerImpl (RaftServerImpl.java:setRole(170)) - 87145cfd-d4ab-42e0-8976-55e805643630@group-C8646202B3B5: changes role from  FOLLOWER to CANDIDATE at term 0 for changeToCandidate
2019-10-15 22:58:54,981 [Thread-2409] INFO  impl.RoleInfo (RoleInfo.java:updateAndGet(143)) - 87145cfd-d4ab-42e0-8976-55e805643630: start LeaderElection
2019-10-15 22:58:54,991 [Thread-2408] INFO  impl.FollowerState (FollowerState.java:run(108)) - 5929787e-1065-4b72-b9ed-1fd8da6b1a92@group-C8646202B3B5-FollowerState: change to CANDIDATE, lastRpcTime:5109ms, electionTimeout:5109ms
2019-10-15 22:58:54,991 [Thread-2408] INFO  impl.RoleInfo (RoleInfo.java:shutdownFollowerState(121)) - 5929787e-1065-4b72-b9ed-1fd8da6b1a92: shutdown FollowerState
2019-10-15 22:58:54,991 [Thread-2408] INFO  impl.RaftServerImpl (RaftServerImpl.java:setRole(170)) - 5929787e-1065-4b72-b9ed-1fd8da6b1a92@group-C8646202B3B5: changes role from  FOLLOWER to CANDIDATE at term 0 for changeToCandidate
2019-10-15 22:58:54,991 [Thread-2408] INFO  impl.RoleInfo (RoleInfo.java:updateAndGet(143)) - 5929787e-1065-4b72-b9ed-1fd8da6b1a92: start LeaderElection
2019-10-15 22:58:55,007 [87145cfd-d4ab-42e0-8976-55e805643630@group-C8646202B3B5-LeaderElection94] INFO  impl.LeaderElection (LeaderElection.java:askForVotes(178)) - 87145cfd-d4ab-42e0-8976-55e805643630@group-C8646202B3B5-LeaderElection94: begin an election at term 1 for -1: [87145cfd-d4ab-42e0-8976-55e805643630:192.168.69.67:45882, 5929787e-1065-4b72-b9ed-1fd8da6b1a92:192.168.69.67:35815, ce594fe0-4d42-421a-b50b-c29fa9c237ab:192.168.69.67:35519], old=null
2019-10-15 22:58:55,007 [5929787e-1065-4b72-b9ed-1fd8da6b1a92@group-C8646202B3B5-LeaderElection95] INFO  impl.LeaderElection (LeaderElection.java:askForVotes(178)) - 5929787e-1065-4b72-b9ed-1fd8da6b1a92@group-C8646202B3B5-LeaderElection95: begin an election at term 1 for -1: [87145cfd-d4ab-42e0-8976-55e805643630:192.168.69.67:45882, 5929787e-1065-4b72-b9ed-1fd8da6b1a92:192.168.69.67:35815, ce594fe0-4d42-421a-b50b-c29fa9c237ab:192.168.69.67:35519], old=null
2019-10-15 22:58:55,014 [grpc-default-executor-6] INFO  impl.RaftServerImpl (RaftServerImpl.java:setRole(170)) - ce594fe0-4d42-421a-b50b-c29fa9c237ab@group-C8646202B3B5: changes role from  FOLLOWER to FOLLOWER at term 1 for recognizeCandidate:87145cfd-d4ab-42e0-8976-55e805643630
2019-10-15 22:58:55,014 [grpc-default-executor-6] INFO  impl.RoleInfo (RoleInfo.java:shutdownFollowerState(121)) - ce594fe0-4d42-421a-b50b-c29fa9c237ab: shutdown FollowerState
2019-10-15 22:58:55,015 [grpc-default-executor-6] INFO  impl.RoleInfo (RoleInfo.java:updateAndGet(143)) - ce594fe0-4d42-421a-b50b-c29fa9c237ab: start FollowerState
2019-10-15 22:58:55,017 [Thread-2410] INFO  impl.FollowerState (FollowerState.java:run(117)) - ce594fe0-4d42-421a-b50b-c29fa9c237ab@group-C8646202B3B5-FollowerState was interrupted: java.lang.InterruptedException: sleep interrupted
2019-10-15 22:58:55,039 [5929787e-1065-4b72-b9ed-1fd8da6b1a92@group-C8646202B3B5-LeaderElection95] INFO  impl.LeaderElection (LeaderElection.java:logAndReturn(56)) - 5929787e-1065-4b72-b9ed-1fd8da6b1a92@group-C8646202B3B5-LeaderElection95: Election REJECTED; received 2 response(s) [5929787e-1065-4b72-b9ed-1fd8da6b1a92<-87145cfd-d4ab-42e0-8976-55e805643630#0:FAIL-t1, 5929787e-1065-4b72-b9ed-1fd8da6b1a92<-ce594fe0-4d42-421a-b50b-c29fa9c237ab#0:FAIL-t1] and 0 exception(s); 5929787e-1065-4b72-b9ed-1fd8da6b1a92@group-C8646202B3B5:t1, leader=null, voted=5929787e-1065-4b72-b9ed-1fd8da6b1a92, raftlog=5929787e-1065-4b72-b9ed-1fd8da6b1a92@group-C8646202B3B5-SegmentedRaftLog:OPENED:c-1,f-1,i0, conf=-1: [87145cfd-d4ab-42e0-8976-55e805643630:192.168.69.67:45882, 5929787e-1065-4b72-b9ed-1fd8da6b1a92:192.168.69.67:35815, ce594fe0-4d42-421a-b50b-c29fa9c237ab:192.168.69.67:35519], old=null
2019-10-15 22:58:55,039 [87145cfd-d4ab-42e0-8976-55e805643630@group-C8646202B3B5-LeaderElection94] INFO  impl.LeaderElection (LeaderElection.java:logAndReturn(56)) - 87145cfd-d4ab-42e0-8976-55e805643630@group-C8646202B3B5-LeaderElection94: Election PASSED; received 2 response(s) [87145cfd-d4ab-42e0-8976-55e805643630<-5929787e-1065-4b72-b9ed-1fd8da6b1a92#0:FAIL-t1, 87145cfd-d4ab-42e0-8976-55e805643630<-ce594fe0-4d42-421a-b50b-c29fa9c237ab#0:OK-t1] and 0 exception(s); 87145cfd-d4ab-42e0-8976-55e805643630@group-C8646202B3B5:t1, leader=null, voted=87145cfd-d4ab-42e0-8976-55e805643630, raftlog=87145cfd-d4ab-42e0-8976-55e805643630@group-C8646202B3B5-SegmentedRaftLog:OPENED:c-1,f-1,i0, conf=-1: [87145cfd-d4ab-42e0-8976-55e805643630:192.168.69.67:45882, 5929787e-1065-4b72-b9ed-1fd8da6b1a92:192.168.69.67:35815, ce594fe0-4d42-421a-b50b-c29fa9c237ab:192.168.69.67:35519], old=null
2019-10-15 22:58:55,039 [5929787e-1065-4b72-b9ed-1fd8da6b1a92@group-C8646202B3B5-LeaderElection95] INFO  impl.RaftServerImpl (RaftServerImpl.java:setRole(170)) - 5929787e-1065-4b72-b9ed-1fd8da6b1a92@group-C8646202B3B5: changes role from CANDIDATE to FOLLOWER at term 1 for DISCOVERED_A_NEW_TERM
2019-10-15 22:58:55,039 [87145cfd-d4ab-42e0-8976-55e805643630@group-C8646202B3B5-LeaderElection94] INFO  impl.RoleInfo (RoleInfo.java:shutdownLeaderElection(134)) - 87145cfd-d4ab-42e0-8976-55e805643630: shutdown LeaderElection
2019-10-15 22:58:55,040 [5929787e-1065-4b72-b9ed-1fd8da6b1a92@group-C8646202B3B5-LeaderElection95] INFO  impl.RoleInfo (RoleInfo.java:shutdownLeaderElection(134)) - 5929787e-1065-4b72-b9ed-1fd8da6b1a92: shutdown LeaderElection
2019-10-15 22:58:55,040 [87145cfd-d4ab-42e0-8976-55e805643630@group-C8646202B3B5-LeaderElection94] INFO  impl.RaftServerImpl (RaftServerImpl.java:setRole(170)) - 87145cfd-d4ab-42e0-8976-55e805643630@group-C8646202B3B5: changes role from CANDIDATE to LEADER at term 1 for changeToLeader
2019-10-15 22:58:55,040 [5929787e-1065-4b72-b9ed-1fd8da6b1a92@group-C8646202B3B5-LeaderElection95] INFO  impl.RoleInfo (RoleInfo.java:updateAndGet(143)) - 5929787e-1065-4b72-b9ed-1fd8da6b1a92: start FollowerState
2019-10-15 22:58:55,040 [87145cfd-d4ab-42e0-8976-55e805643630@group-C8646202B3B5-LeaderElection94] INFO  impl.RaftServerImpl (ServerState.java:setLeader(255)) - 87145cfd-d4ab-42e0-8976-55e805643630@group-C8646202B3B5: change Leader from null to 87145cfd-d4ab-42e0-8976-55e805643630 at term 1 for becomeLeader, leader elected after 5167ms
2019-10-15 22:58:55,040 [87145cfd-d4ab-42e0-8976-55e805643630@group-C8646202B3B5-LeaderElection94] INFO  server.RaftServerConfigKeys (ConfUtils.java:logGet(43)) - raft.server.staging.catchup.gap = 1000 (default)
2019-10-15 22:58:55,040 [87145cfd-d4ab-42e0-8976-55e805643630@group-C8646202B3B5-LeaderElection94] INFO  server.RaftServerConfigKeys (ConfUtils.java:logGet(43)) - raft.server.rpc.sleep.time = 25ms (default)
2019-10-15 22:58:55,040 [87145cfd-d4ab-42e0-8976-55e805643630@group-C8646202B3B5-LeaderElection94] INFO  server.RaftServerConfigKeys (ConfUtils.java:logGet(43)) - raft.server.write.element-limit = 4096 (default)
2019-10-15 22:58:55,040 [87145cfd-d4ab-42e0-8976-55e805643630@group-C8646202B3B5-LeaderElection94] INFO  server.RaftServerConfigKeys (ConfUtils.java:logGet(43)) - raft.server.watch.timeout = 10s (default)
2019-10-15 22:58:55,040 [87145cfd-d4ab-42e0-8976-55e805643630@group-C8646202B3B5-LeaderElection94] INFO  server.RaftServerConfigKeys (ConfUtils.java:logGet(43)) - raft.server.watch.timeout.denomination = 1s (default)
2019-10-15 22:58:55,041 [87145cfd-d4ab-42e0-8976-55e805643630@group-C8646202B3B5-LeaderElection94] INFO  server.RaftServerConfigKeys (ConfUtils.java:logGet(43)) - raft.server.watch.element-limit = 65536 (default)
2019-10-15 22:58:55,042 [87145cfd-d4ab-42e0-8976-55e805643630@group-C8646202B3B5-LeaderElection94] INFO  server.RaftServerConfigKeys (ConfUtils.java:logGet(43)) - raft.server.log.appender.snapshot.chunk.size.max = 16MB (=16777216) (default)
2019-10-15 22:58:55,042 [87145cfd-d4ab-42e0-8976-55e805643630@group-C8646202B3B5-LeaderElection94] INFO  server.RaftServerConfigKeys (ConfUtils.java:logGet(43)) - raft.server.log.appender.buffer.byte-limit = 33554432 (custom)
2019-10-15 22:58:55,042 [87145cfd-d4ab-42e0-8976-55e805643630@group-C8646202B3B5-LeaderElection94] INFO  server.RaftServerConfigKeys (ConfUtils.java:logGet(43)) - raft.server.log.appender.buffer.element-limit = 1 (custom)
2019-10-15 22:58:55,043 [87145cfd-d4ab-42e0-8976-55e805643630@group-C8646202B3B5-LeaderElection94] INFO  grpc.GrpcConfigKeys$Server (ConfUtils.java:logGet(43)) - raft.grpc.server.leader.outstanding.appends.max = 128 (default)
2019-10-15 22:58:55,043 [87145cfd-d4ab-42e0-8976-55e805643630@group-C8646202B3B5-LeaderElection94] INFO  server.RaftServerConfigKeys (ConfUtils.java:logGet(43)) - raft.server.rpc.request.timeout = 3000ms (default)
2019-10-15 22:58:55,043 [87145cfd-d4ab-42e0-8976-55e805643630@group-C8646202B3B5-LeaderElection94] INFO  server.RaftServerConfigKeys (ConfUtils.java:logGet(43)) - raft.server.log.appender.install.snapshot.enabled = false (custom)
2019-10-15 22:58:55,043 [87145cfd-d4ab-42e0-8976-55e805643630@group-C8646202B3B5-LeaderElection94] INFO  server.RaftServerConfigKeys (ConfUtils.java:logGet(43)) - raft.server.log.appender.snapshot.chunk.size.max = 16MB (=16777216) (default)
2019-10-15 22:58:55,043 [87145cfd-d4ab-42e0-8976-55e805643630@group-C8646202B3B5-LeaderElection94] INFO  server.RaftServerConfigKeys (ConfUtils.java:logGet(43)) - raft.server.log.appender.buffer.byte-limit = 33554432 (custom)
2019-10-15 22:58:55,043 [87145cfd-d4ab-42e0-8976-55e805643630@group-C8646202B3B5-LeaderElection94] INFO  server.RaftServerConfigKeys (ConfUtils.java:logGet(43)) - raft.server.log.appender.buffer.element-limit = 1 (custom)
2019-10-15 22:58:55,043 [87145cfd-d4ab-42e0-8976-55e805643630@group-C8646202B3B5-LeaderElection94] INFO  grpc.GrpcConfigKeys$Server (ConfUtils.java:logGet(43)) - raft.grpc.server.leader.outstanding.appends.max = 128 (default)
2019-10-15 22:58:55,043 [87145cfd-d4ab-42e0-8976-55e805643630@group-C8646202B3B5-LeaderElection94] INFO  server.RaftServerConfigKeys (ConfUtils.java:logGet(43)) - raft.server.rpc.request.timeout = 3000ms (default)
2019-10-15 22:58:55,044 [87145cfd-d4ab-42e0-8976-55e805643630@group-C8646202B3B5-LeaderElection94] INFO  server.RaftServerConfigKeys (ConfUtils.java:logGet(43)) - raft.server.log.appender.install.snapshot.enabled = false (custom)
2019-10-15 22:58:55,044 [87145cfd-d4ab-42e0-8976-55e805643630@group-C8646202B3B5-LeaderElection94] INFO  impl.RoleInfo (RoleInfo.java:updateAndGet(143)) - 87145cfd-d4ab-42e0-8976-55e805643630: start LeaderState
2019-10-15 22:58:55,044 [87145cfd-d4ab-42e0-8976-55e805643630@group-C8646202B3B5-LeaderElection94] INFO  segmented.SegmentedRaftLogWorker (SegmentedRaftLogWorker.java:startLogSegment(385)) - 87145cfd-d4ab-42e0-8976-55e805643630@group-C8646202B3B5-SegmentedRaftLogWorker: Starting segment from index:0
2019-10-15 22:58:55,044 [87145cfd-d4ab-42e0-8976-55e805643630@group-C8646202B3B5-LeaderElection94] INFO  impl.RaftServerImpl (ServerState.java:setRaftConf(356)) - 87145cfd-d4ab-42e0-8976-55e805643630@group-C8646202B3B5: set configuration 0: [87145cfd-d4ab-42e0-8976-55e805643630:192.168.69.67:45882, 5929787e-1065-4b72-b9ed-1fd8da6b1a92:192.168.69.67:35815, ce594fe0-4d42-421a-b50b-c29fa9c237ab:192.168.69.67:35519], old=null at 0
2019-10-15 22:58:55,045 [grpc-default-executor-5] INFO  impl.RaftServerImpl (ServerState.java:setLeader(255)) - 5929787e-1065-4b72-b9ed-1fd8da6b1a92@group-C8646202B3B5: change Leader from null to 87145cfd-d4ab-42e0-8976-55e805643630 at term 1 for appendEntries, leader elected after 5173ms
2019-10-15 22:58:55,046 [grpc-default-executor-6] INFO  impl.RaftServerImpl (ServerState.java:setLeader(255)) - ce594fe0-4d42-421a-b50b-c29fa9c237ab@group-C8646202B3B5: change Leader from null to 87145cfd-d4ab-42e0-8976-55e805643630 at term 1 for appendEntries, leader elected after 5173ms
2019-10-15 22:58:55,047 [grpc-default-executor-5] INFO  impl.RaftServerImpl (ServerState.java:setRaftConf(356)) - 5929787e-1065-4b72-b9ed-1fd8da6b1a92@group-C8646202B3B5: set configuration 0: [87145cfd-d4ab-42e0-8976-55e805643630:192.168.69.67:45882, 5929787e-1065-4b72-b9ed-1fd8da6b1a92:192.168.69.67:35815, ce594fe0-4d42-421a-b50b-c29fa9c237ab:192.168.69.67:35519], old=null at 0
2019-10-15 22:58:55,047 [grpc-default-executor-6] INFO  impl.RaftServerImpl (ServerState.java:setRaftConf(356)) - ce594fe0-4d42-421a-b50b-c29fa9c237ab@group-C8646202B3B5: set configuration 0: [87145cfd-d4ab-42e0-8976-55e805643630:192.168.69.67:45882, 5929787e-1065-4b72-b9ed-1fd8da6b1a92:192.168.69.67:35815, ce594fe0-4d42-421a-b50b-c29fa9c237ab:192.168.69.67:35519], old=null at 0
2019-10-15 22:58:55,047 [grpc-default-executor-5] INFO  segmented.SegmentedRaftLogWorker (SegmentedRaftLogWorker.java:startLogSegment(385)) - 5929787e-1065-4b72-b9ed-1fd8da6b1a92@group-C8646202B3B5-SegmentedRaftLogWorker: Starting segment from index:0
2019-10-15 22:58:55,047 [grpc-default-executor-6] INFO  segmented.SegmentedRaftLogWorker (SegmentedRaftLogWorker.java:startLogSegment(385)) - ce594fe0-4d42-421a-b50b-c29fa9c237ab@group-C8646202B3B5-SegmentedRaftLogWorker: Starting segment from index:0
2019-10-15 22:58:55,078 [5929787e-1065-4b72-b9ed-1fd8da6b1a92@group-C8646202B3B5-SegmentedRaftLogWorker] INFO  segmented.SegmentedRaftLogWorker (SegmentedRaftLogWorker.java:execute(574)) - 5929787e-1065-4b72-b9ed-1fd8da6b1a92@group-C8646202B3B5-SegmentedRaftLogWorker: created new log segment /workdir/hadoop-ozone/integration-test/target/test-dir/MiniOzoneClusterImpl-b2ef137f-c059-4db2-aae4-0a2832bcf8b7/datanode-5/data/ratis/60929057-851a-4d46-bc1e-c8646202b3b5/current/log_inprogress_0
2019-10-15 22:58:55,078 [ce594fe0-4d42-421a-b50b-c29fa9c237ab@group-C8646202B3B5-SegmentedRaftLogWorker] INFO  segmented.SegmentedRaftLogWorker (SegmentedRaftLogWorker.java:execute(574)) - ce594fe0-4d42-421a-b50b-c29fa9c237ab@group-C8646202B3B5-SegmentedRaftLogWorker: created new log segment /workdir/hadoop-ozone/integration-test/target/test-dir/MiniOzoneClusterImpl-b2ef137f-c059-4db2-aae4-0a2832bcf8b7/datanode-4/data/ratis/60929057-851a-4d46-bc1e-c8646202b3b5/current/log_inprogress_0
2019-10-15 22:58:55,081 [87145cfd-d4ab-42e0-8976-55e805643630@group-C8646202B3B5-SegmentedRaftLogWorker] INFO  segmented.SegmentedRaftLogWorker (SegmentedRaftLogWorker.java:execute(574)) - 87145cfd-d4ab-42e0-8976-55e805643630@group-C8646202B3B5-SegmentedRaftLogWorker: created new log segment /workdir/hadoop-ozone/integration-test/target/test-dir/MiniOzoneClusterImpl-b2ef137f-c059-4db2-aae4-0a2832bcf8b7/datanode-3/data/ratis/60929057-851a-4d46-bc1e-c8646202b3b5/current/log_inprogress_0
2019-10-15 22:58:55,953 [grpc-default-executor-4] WARN  server.GrpcLogAppender (LogUtils.java:warn(134)) - 210f7630-7f49-4d5d-b69d-a8f854decf33@group-C92BDBD9D086->6efc5f30-817c-427c-a302-97fd228528b7-AppendLogResponseHandler: Failed appendEntries: org.apache.ratis.thirdparty.io.grpc.StatusRuntimeException: UNAVAILABLE: io exception
2019-10-15 22:58:55,953 [grpc-default-executor-0] WARN  server.GrpcLogAppender (LogUtils.java:warn(134)) - 210f7630-7f49-4d5d-b69d-a8f854decf33@group-C92BDBD9D086->44ad8ee9-a38d-4e5d-9002-6fd30af5f6a1-AppendLogResponseHandler: Failed appendEntries: org.apache.ratis.thirdparty.io.grpc.StatusRuntimeException: UNAVAILABLE: io exception
2019-10-15 22:58:55,953 [grpc-default-executor-4] INFO  impl.FollowerInfo (FollowerInfo.java:lambda$new$0(51)) - 210f7630-7f49-4d5d-b69d-a8f854decf33@group-C92BDBD9D086->6efc5f30-817c-427c-a302-97fd228528b7: nextIndex: updateUnconditionally 0 -> 0
2019-10-15 22:58:55,954 [grpc-default-executor-0] INFO  impl.FollowerInfo (FollowerInfo.java:lambda$new$0(51)) - 210f7630-7f49-4d5d-b69d-a8f854decf33@group-C92BDBD9D086->44ad8ee9-a38d-4e5d-9002-6fd30af5f6a1: nextIndex: updateUnconditionally 0 -> 0
2019-10-15 22:58:55,960 [Datanode State Machine Thread - 0] INFO  statemachine.DatanodeStateMachine (DatanodeStateMachine.java:lambda$startDaemon$0(350)) - Ozone container server started.
2019-10-15 22:58:57,776 [EventQueue-StaleNodeForStaleNodeHandler] INFO  node.StaleNodeHandler (StaleNodeHandler.java:onMessage(58)) - Datanode 44ad8ee9-a38d-4e5d-9002-6fd30af5f6a1{ip: 192.168.69.67, host: pr-hdds-2071-8rz7p-357833546, networkLocation: /default-rack, certSerialId: null} moved to stale state. Finalizing its pipelines [PipelineID=68625640-5385-46d6-a12e-c92bdbd9d086, PipelineID=caa8cc0f-b4f9-439c-9a2e-033b24a21299]
2019-10-15 22:58:57,776 [EventQueue-StaleNodeForStaleNodeHandler] INFO  pipeline.SCMPipelineManager (SCMPipelineManager.java:finalizeAndDestroyPipeline(315)) - destroying pipeline:Pipeline[ Id: 68625640-5385-46d6-a12e-c92bdbd9d086, Nodes: 44ad8ee9-a38d-4e5d-9002-6fd30af5f6a1{ip: 192.168.69.67, host: pr-hdds-2071-8rz7p-357833546, networkLocation: /default-rack, certSerialId: null}6efc5f30-817c-427c-a302-97fd228528b7{ip: 192.168.69.67, host: pr-hdds-2071-8rz7p-357833546, networkLocation: /default-rack, certSerialId: null}210f7630-7f49-4d5d-b69d-a8f854decf33{ip: 192.168.69.67, host: pr-hdds-2071-8rz7p-357833546, networkLocation: /default-rack, certSerialId: null}, Type:RATIS, Factor:THREE, State:OPEN]
2019-10-15 22:58:57,776 [EventQueue-StaleNodeForStaleNodeHandler] INFO  pipeline.PipelineStateManager (PipelineStateManager.java:finalizePipeline(123)) - Pipeline Pipeline[ Id: 68625640-5385-46d6-a12e-c92bdbd9d086, Nodes: 44ad8ee9-a38d-4e5d-9002-6fd30af5f6a1{ip: 192.168.69.67, host: pr-hdds-2071-8rz7p-357833546, networkLocation: /default-rack, certSerialId: null}6efc5f30-817c-427c-a302-97fd228528b7{ip: 192.168.69.67, host: pr-hdds-2071-8rz7p-357833546, networkLocation: /default-rack, certSerialId: null}210f7630-7f49-4d5d-b69d-a8f854decf33{ip: 192.168.69.67, host: pr-hdds-2071-8rz7p-357833546, networkLocation: /default-rack, certSerialId: null}, Type:RATIS, Factor:THREE, State:CLOSED] moved to CLOSED state
2019-10-15 22:58:57,776 [EventQueue-CloseContainerForCloseContainerEventHandler] INFO  container.CloseContainerEventHandler (CloseContainerEventHandler.java:onMessage(61)) - Close container Event triggered for container : #1
2019-10-15 22:58:57,776 [EventQueue-StaleNodeForStaleNodeHandler] INFO  pipeline.SCMPipelineManager (SCMPipelineManager.java:finalizeAndDestroyPipeline(315)) - destroying pipeline:Pipeline[ Id: caa8cc0f-b4f9-439c-9a2e-033b24a21299, Nodes: 44ad8ee9-a38d-4e5d-9002-6fd30af5f6a1{ip: 192.168.69.67, host: pr-hdds-2071-8rz7p-357833546, networkLocation: /default-rack, certSerialId: null}, Type:RATIS, Factor:ONE, State:OPEN]
2019-10-15 22:58:57,777 [EventQueue-StaleNodeForStaleNodeHandler] INFO  pipeline.PipelineStateManager (PipelineStateManager.java:finalizePipeline(123)) - Pipeline Pipeline[ Id: caa8cc0f-b4f9-439c-9a2e-033b24a21299, Nodes: 44ad8ee9-a38d-4e5d-9002-6fd30af5f6a1{ip: 192.168.69.67, host: pr-hdds-2071-8rz7p-357833546, networkLocation: /default-rack, certSerialId: null}, Type:RATIS, Factor:ONE, State:CLOSED] moved to CLOSED state
2019-10-15 22:58:58,457 [grpc-default-executor-0] WARN  server.GrpcLogAppender (LogUtils.java:warn(134)) - 210f7630-7f49-4d5d-b69d-a8f854decf33@group-C92BDBD9D086->6efc5f30-817c-427c-a302-97fd228528b7-AppendLogResponseHandler: Failed appendEntries: org.apache.ratis.thirdparty.io.grpc.StatusRuntimeException: UNAVAILABLE: io exception
2019-10-15 22:58:58,457 [grpc-default-executor-4] WARN  server.GrpcLogAppender (LogUtils.java:warn(134)) - 210f7630-7f49-4d5d-b69d-a8f854decf33@group-C92BDBD9D086->44ad8ee9-a38d-4e5d-9002-6fd30af5f6a1-AppendLogResponseHandler: Failed appendEntries: org.apache.ratis.thirdparty.io.grpc.StatusRuntimeException: UNAVAILABLE: io exception
2019-10-15 22:58:58,457 [grpc-default-executor-4] INFO  impl.FollowerInfo (FollowerInfo.java:lambda$new$0(51)) - 210f7630-7f49-4d5d-b69d-a8f854decf33@group-C92BDBD9D086->44ad8ee9-a38d-4e5d-9002-6fd30af5f6a1: nextIndex: updateUnconditionally 0 -> 0
2019-10-15 22:58:58,457 [grpc-default-executor-0] INFO  impl.FollowerInfo (FollowerInfo.java:lambda$new$0(51)) - 210f7630-7f49-4d5d-b69d-a8f854decf33@group-C92BDBD9D086->6efc5f30-817c-427c-a302-97fd228528b7: nextIndex: updateUnconditionally 0 -> 0
2019-10-15 22:58:59,653 [grpc-default-executor-4] WARN  server.GrpcLogAppender (LogUtils.java:warn(134)) - 210f7630-7f49-4d5d-b69d-a8f854decf33@group-C92BDBD9D086->6efc5f30-817c-427c-a302-97fd228528b7-AppendLogResponseHandler: Failed appendEntries: org.apache.ratis.thirdparty.io.grpc.StatusRuntimeException: UNAVAILABLE: io exception
2019-10-15 22:58:59,653 [grpc-default-executor-6] WARN  server.GrpcLogAppender (LogUtils.java:warn(134)) - 210f7630-7f49-4d5d-b69d-a8f854decf33@group-C92BDBD9D086->44ad8ee9-a38d-4e5d-9002-6fd30af5f6a1-AppendLogResponseHandler: Failed appendEntries: org.apache.ratis.thirdparty.io.grpc.StatusRuntimeException: UNAVAILABLE: io exception
2019-10-15 22:58:59,653 [grpc-default-executor-4] INFO  impl.FollowerInfo (FollowerInfo.java:lambda$new$0(51)) - 210f7630-7f49-4d5d-b69d-a8f854decf33@group-C92BDBD9D086->6efc5f30-817c-427c-a302-97fd228528b7: nextIndex: updateUnconditionally 1 -> 0
2019-10-15 22:58:59,653 [grpc-default-executor-6] INFO  impl.FollowerInfo (FollowerInfo.java:lambda$new$0(51)) - 210f7630-7f49-4d5d-b69d-a8f854decf33@group-C92BDBD9D086->44ad8ee9-a38d-4e5d-9002-6fd30af5f6a1: nextIndex: updateUnconditionally 1 -> 0
2019-10-15 22:58:59,964 [main] INFO  ozoneimpl.OzoneContainer (OzoneContainer.java:stop(227)) - Attempting to stop container services.
2019-10-15 22:58:59,965 [main] INFO  impl.RaftServerProxy (RaftServerProxy.java:lambda$close$4(314)) - ef433af2-fab6-4505-8c2a-4b0a470a6f40: close
2019-10-15 22:58:59,965 [main] INFO  impl.RaftServerImpl (RaftServerImpl.java:lambda$shutdown$3(247)) - ef433af2-fab6-4505-8c2a-4b0a470a6f40@group-13AD318F2FDF: shutdown
2019-10-15 22:58:59,965 [ForkJoinPool.commonPool-worker-1] INFO  impl.RaftServerImpl (RaftServerImpl.java:lambda$shutdown$3(247)) - ef433af2-fab6-4505-8c2a-4b0a470a6f40@group-71110A2C9316: shutdown
2019-10-15 22:58:59,966 [main] INFO  util.JmxRegister (JmxRegister.java:unregister(73)) - Successfully un-registered JMX Bean with object name Ratis:service=RaftServer,group=group-13AD318F2FDF,id=ef433af2-fab6-4505-8c2a-4b0a470a6f40
2019-10-15 22:58:59,966 [ForkJoinPool.commonPool-worker-1] INFO  util.JmxRegister (JmxRegister.java:unregister(73)) - Successfully un-registered JMX Bean with object name Ratis:service=RaftServer,group=group-71110A2C9316,id=ef433af2-fab6-4505-8c2a-4b0a470a6f40
2019-10-15 22:58:59,966 [main] INFO  impl.RoleInfo (RoleInfo.java:shutdownLeaderState(104)) - ef433af2-fab6-4505-8c2a-4b0a470a6f40: shutdown LeaderState
2019-10-15 22:58:59,966 [ForkJoinPool.commonPool-worker-1] INFO  impl.RoleInfo (RoleInfo.java:shutdownLeaderState(104)) - ef433af2-fab6-4505-8c2a-4b0a470a6f40: shutdown LeaderState
2019-10-15 22:58:59,966 [main] INFO  impl.PendingRequests (PendingRequests.java:sendNotLeaderResponses(202)) - ef433af2-fab6-4505-8c2a-4b0a470a6f40@group-13AD318F2FDF-PendingRequests: sendNotLeaderResponses
2019-10-15 22:58:59,972 [ForkJoinPool.commonPool-worker-1] INFO  impl.PendingRequests (PendingRequests.java:sendNotLeaderResponses(202)) - ef433af2-fab6-4505-8c2a-4b0a470a6f40@group-71110A2C9316-PendingRequests: sendNotLeaderResponses
2019-10-15 22:58:59,972 [main] INFO  impl.StateMachineUpdater (StateMachineUpdater.java:stopAndJoin(136)) - ef433af2-fab6-4505-8c2a-4b0a470a6f40@group-13AD318F2FDF-StateMachineUpdater: set stopIndex = 0
2019-10-15 22:58:59,972 [org.apache.ratis.server.impl.LogAppender$AppenderDaemon$$Lambda$547/1706210704@22f7949] WARN  server.GrpcLogAppender (GrpcLogAppender.java:mayWait(143)) - ef433af2-fab6-4505-8c2a-4b0a470a6f40@group-71110A2C9316->21f308d8-8495-4fb9-b6d0-728d4aa7f682-GrpcLogAppender: Wait interrupted by java.lang.InterruptedException
2019-10-15 22:58:59,981 [ef433af2-fab6-4505-8c2a-4b0a470a6f40@group-71110A2C9316-StateMachineUpdater] INFO  ratis.ContainerStateMachine (ContainerStateMachine.java:takeSnapshot(294)) - group-71110A2C9316: Taking a snapshot at:(t:1, i:2) file /workdir/hadoop-ozone/integration-test/target/test-dir/MiniOzoneClusterImpl-b2ef137f-c059-4db2-aae4-0a2832bcf8b7/datanode-0/data/ratis/4650228b-a3d7-447a-a9d6-71110a2c9316/sm/snapshot.1_2
2019-10-15 22:58:59,981 [ForkJoinPool.commonPool-worker-1] INFO  impl.StateMachineUpdater (StateMachineUpdater.java:stopAndJoin(136)) - ef433af2-fab6-4505-8c2a-4b0a470a6f40@group-71110A2C9316-StateMachineUpdater: set stopIndex = 2
2019-10-15 22:58:59,972 [org.apache.ratis.server.impl.LogAppender$AppenderDaemon$$Lambda$547/1706210704@3ac35744] WARN  server.GrpcLogAppender (GrpcLogAppender.java:mayWait(143)) - ef433af2-fab6-4505-8c2a-4b0a470a6f40@group-71110A2C9316->3ae853d0-d434-4c52-9d53-e6d40cb82eec-GrpcLogAppender: Wait interrupted by java.lang.InterruptedException
2019-10-15 22:58:59,982 [grpc-default-executor-6] INFO  server.GrpcServerProtocolService (GrpcServerProtocolService.java:onCompleted(113)) - 21f308d8-8495-4fb9-b6d0-728d4aa7f682: Completed APPEND_ENTRIES, lastRequest: ef433af2-fab6-4505-8c2a-4b0a470a6f40->21f308d8-8495-4fb9-b6d0-728d4aa7f682#5-t1, previous=(t:1, i:2), leaderCommit=2, initializing? false, entries: <empty>
2019-10-15 22:58:59,982 [main] INFO  impl.RaftServerImpl (ServerState.java:close(387)) - ef433af2-fab6-4505-8c2a-4b0a470a6f40@group-13AD318F2FDF: closes. applyIndex: 0
2019-10-15 22:58:59,982 [grpc-default-executor-6] INFO  server.GrpcLogAppender (GrpcLogAppender.java:onCompleted(293)) - ef433af2-fab6-4505-8c2a-4b0a470a6f40@group-71110A2C9316->21f308d8-8495-4fb9-b6d0-728d4aa7f682-AppendLogResponseHandler: follower responses appendEntries COMPLETED
2019-10-15 22:58:59,982 [ef433af2-fab6-4505-8c2a-4b0a470a6f40@group-13AD318F2FDF-SegmentedRaftLogWorker] INFO  segmented.SegmentedRaftLogWorker (SegmentedRaftLogWorker.java:run(316)) - ef433af2-fab6-4505-8c2a-4b0a470a6f40@group-13AD318F2FDF-SegmentedRaftLogWorker was interrupted, exiting. There are 0 tasks remaining in the queue.
2019-10-15 22:58:59,982 [grpc-default-executor-4] INFO  server.GrpcServerProtocolService (GrpcServerProtocolService.java:onCompleted(113)) - 3ae853d0-d434-4c52-9d53-e6d40cb82eec: Completed APPEND_ENTRIES, lastRequest: ef433af2-fab6-4505-8c2a-4b0a470a6f40->3ae853d0-d434-4c52-9d53-e6d40cb82eec#5-t1, previous=(t:1, i:2), leaderCommit=2, initializing? false, entries: <empty>
2019-10-15 22:58:59,985 [main] INFO  segmented.SegmentedRaftLogWorker (SegmentedRaftLogWorker.java:close(224)) - ef433af2-fab6-4505-8c2a-4b0a470a6f40@group-13AD318F2FDF-SegmentedRaftLogWorker close()
2019-10-15 22:58:59,987 [grpc-default-executor-6] INFO  impl.FollowerInfo (FollowerInfo.java:lambda$new$0(51)) - ef433af2-fab6-4505-8c2a-4b0a470a6f40@group-71110A2C9316->21f308d8-8495-4fb9-b6d0-728d4aa7f682: nextIndex: updateUnconditionally 3 -> 2
2019-10-15 22:58:59,989 [grpc-default-executor-4] INFO  server.GrpcLogAppender (GrpcLogAppender.java:onCompleted(293)) - ef433af2-fab6-4505-8c2a-4b0a470a6f40@group-71110A2C9316->3ae853d0-d434-4c52-9d53-e6d40cb82eec-AppendLogResponseHandler: follower responses appendEntries COMPLETED
2019-10-15 22:58:59,990 [grpc-default-executor-4] INFO  impl.FollowerInfo (FollowerInfo.java:lambda$new$0(51)) - ef433af2-fab6-4505-8c2a-4b0a470a6f40@group-71110A2C9316->3ae853d0-d434-4c52-9d53-e6d40cb82eec: nextIndex: updateUnconditionally 3 -> 2
2019-10-15 22:58:59,994 [ef433af2-fab6-4505-8c2a-4b0a470a6f40@group-71110A2C9316-StateMachineUpdater] INFO  ratis.ContainerStateMachine (ContainerStateMachine.java:takeSnapshot(305)) - group-71110A2C9316: Finished taking a snapshot at:(t:1, i:2) file:/workdir/hadoop-ozone/integration-test/target/test-dir/MiniOzoneClusterImpl-b2ef137f-c059-4db2-aae4-0a2832bcf8b7/datanode-0/data/ratis/4650228b-a3d7-447a-a9d6-71110a2c9316/sm/snapshot.1_2 time:12
2019-10-15 22:58:59,994 [ef433af2-fab6-4505-8c2a-4b0a470a6f40@group-71110A2C9316-StateMachineUpdater] INFO  impl.StateMachineUpdater (StateMachineUpdater.java:takeSnapshot(269)) - ef433af2-fab6-4505-8c2a-4b0a470a6f40@group-71110A2C9316-StateMachineUpdater: Took a snapshot at index 2
2019-10-15 22:58:59,994 [ef433af2-fab6-4505-8c2a-4b0a470a6f40@group-71110A2C9316-StateMachineUpdater] INFO  impl.StateMachineUpdater (StateMachineUpdater.java:lambda$new$0(84)) - ef433af2-fab6-4505-8c2a-4b0a470a6f40@group-71110A2C9316-StateMachineUpdater: snapshotIndex: updateIncreasingly -1 -> 2
2019-10-15 22:58:59,995 [ForkJoinPool.commonPool-worker-1] INFO  impl.RaftServerImpl (ServerState.java:close(387)) - ef433af2-fab6-4505-8c2a-4b0a470a6f40@group-71110A2C9316: closes. applyIndex: 2
2019-10-15 22:58:59,995 [ef433af2-fab6-4505-8c2a-4b0a470a6f40@group-71110A2C9316-SegmentedRaftLogWorker] INFO  segmented.SegmentedRaftLogWorker (SegmentedRaftLogWorker.java:run(316)) - ef433af2-fab6-4505-8c2a-4b0a470a6f40@group-71110A2C9316-SegmentedRaftLogWorker was interrupted, exiting. There are 0 tasks remaining in the queue.
2019-10-15 22:58:59,998 [ForkJoinPool.commonPool-worker-1] INFO  segmented.SegmentedRaftLogWorker (SegmentedRaftLogWorker.java:close(224)) - ef433af2-fab6-4505-8c2a-4b0a470a6f40@group-71110A2C9316-SegmentedRaftLogWorker close()
2019-10-15 22:59:00,003 [main] INFO  server.GrpcService (GrpcService.java:closeImpl(164)) - ef433af2-fab6-4505-8c2a-4b0a470a6f40: shutdown server with port 39730 now
2019-10-15 22:59:00,003 [main] INFO  server.GrpcService (GrpcService.java:closeImpl(172)) - ef433af2-fab6-4505-8c2a-4b0a470a6f40: shutdown server with port 39730 successfully
2019-10-15 22:59:00,007 [refreshUsed-/workdir/hadoop-ozone/integration-test/target/test-dir/MiniOzoneClusterImpl-b2ef137f-c059-4db2-aae4-0a2832bcf8b7/datanode-0/data/containers] WARN  fs.CachingGetSpaceUsed (CachingGetSpaceUsed.java:run(183)) - Thread Interrupted waiting to refresh disk information: sleep interrupted
2019-10-15 22:59:00,021 [main] INFO  utils.BackgroundService (BackgroundService.java:shutdown(151)) - Shutting down service BlockDeletingService
2019-10-15 22:59:00,032 [main] INFO  statemachine.DatanodeStateMachine (DatanodeStateMachine.java:stopDaemon(395)) - Ozone container server stopped.
2019-10-15 22:59:00,043 [main] INFO  handler.ContextHandler (ContextHandler.java:doStop(910)) - Stopped o.e.j.w.WebAppContext@28fc1132{/,null,UNAVAILABLE}{/hddsDatanode}
2019-10-15 22:59:00,043 [main] INFO  server.AbstractConnector (AbstractConnector.java:doStop(318)) - Stopped ServerConnector@355ce6a6{HTTP/1.1,[http/1.1]}{0.0.0.0:0}
2019-10-15 22:59:00,044 [main] INFO  handler.ContextHandler (ContextHandler.java:doStop(910)) - Stopped o.e.j.s.ServletContextHandler@5c4cc644{/static,jar:file:/home/user/.m2/repository/org/apache/hadoop/hadoop-hdds-container-service/0.5.0-SNAPSHOT/hadoop-hdds-container-service-0.5.0-SNAPSHOT.jar!/webapps/static,UNAVAILABLE}
2019-10-15 22:59:00,044 [main] INFO  handler.ContextHandler (ContextHandler.java:doStop(910)) - Stopped o.e.j.s.ServletContextHandler@118041c7{/logs,file:///workdir/hadoop-ozone/integration-test/target/log,UNAVAILABLE}
2019-10-15 22:59:01,884 [Thread-2518] INFO  client.GrpcClientProtocolService (GrpcClientProtocolService.java:lambda$processClientRequest$0(278)) - Failed RaftClientRequest:client-FDE951605446->210f7630-7f49-4d5d-b69d-a8f854decf33@group-C92BDBD9D086, cid=66, seq=0, Watch-MAJORITY_COMMITTED(55), Message:<EMPTY>, reply=RaftClientReply:client-FDE951605446->210f7630-7f49-4d5d-b69d-a8f854decf33@group-C92BDBD9D086, cid=66, FAILED org.apache.ratis.protocol.NotReplicatedException: Request with call Id 66 and log index 55 is not yet replicated to MAJORITY_COMMITTED, logIndex=55, commits[210f7630-7f49-4d5d-b69d-a8f854decf33:c2, 44ad8ee9-a38d-4e5d-9002-6fd30af5f6a1:c2, 6efc5f30-817c-427c-a302-97fd228528b7:c2]
2019-10-15 22:59:01,884 [Thread-2519] INFO  client.GrpcClientProtocolService (GrpcClientProtocolService.java:lambda$processClientRequest$0(278)) - Failed RaftClientRequest:client-FDE951605446->210f7630-7f49-4d5d-b69d-a8f854decf33@group-C92BDBD9D086, cid=65, seq=0, Watch-ALL_COMMITTED(55), Message:<EMPTY>, reply=RaftClientReply:client-FDE951605446->210f7630-7f49-4d5d-b69d-a8f854decf33@group-C92BDBD9D086, cid=65, FAILED org.apache.ratis.protocol.NotReplicatedException: Request with call Id 65 and log index 55 is not yet replicated to ALL_COMMITTED, logIndex=55, commits[210f7630-7f49-4d5d-b69d-a8f854decf33:c2, 44ad8ee9-a38d-4e5d-9002-6fd30af5f6a1:c2, 6efc5f30-817c-427c-a302-97fd228528b7:c2]
2019-10-15 22:59:02,153 [grpc-default-executor-4] WARN  server.GrpcLogAppender (LogUtils.java:warn(134)) - 210f7630-7f49-4d5d-b69d-a8f854decf33@group-C92BDBD9D086->6efc5f30-817c-427c-a302-97fd228528b7-AppendLogResponseHandler: Failed appendEntries: org.apache.ratis.thirdparty.io.grpc.StatusRuntimeException: UNAVAILABLE: io exception
2019-10-15 22:59:02,153 [grpc-default-executor-8] WARN  server.GrpcLogAppender (LogUtils.java:warn(134)) - 210f7630-7f49-4d5d-b69d-a8f854decf33@group-C92BDBD9D086->44ad8ee9-a38d-4e5d-9002-6fd30af5f6a1-AppendLogResponseHandler: Failed appendEntries: org.apache.ratis.thirdparty.io.grpc.StatusRuntimeException: UNAVAILABLE: io exception
2019-10-15 22:59:02,153 [grpc-default-executor-4] INFO  impl.FollowerInfo (FollowerInfo.java:lambda$new$0(51)) - 210f7630-7f49-4d5d-b69d-a8f854decf33@group-C92BDBD9D086->6efc5f30-817c-427c-a302-97fd228528b7: nextIndex: updateUnconditionally 0 -> 0
2019-10-15 22:59:02,154 [grpc-default-executor-8] INFO  impl.FollowerInfo (FollowerInfo.java:lambda$new$0(51)) - 210f7630-7f49-4d5d-b69d-a8f854decf33@group-C92BDBD9D086->44ad8ee9-a38d-4e5d-9002-6fd30af5f6a1: nextIndex: updateUnconditionally 0 -> 0
2019-10-15 22:59:03,585 [EventQueue-StaleNodeForStaleNodeHandler] INFO  node.StaleNodeHandler (StaleNodeHandler.java:onMessage(58)) - Datanode 6efc5f30-817c-427c-a302-97fd228528b7{ip: 192.168.69.67, host: pr-hdds-2071-8rz7p-357833546, networkLocation: /default-rack, certSerialId: null} moved to stale state. Finalizing its pipelines [PipelineID=68625640-5385-46d6-a12e-c92bdbd9d086, PipelineID=dc893e30-c717-4ad9-9bed-d41e735b8392]
2019-10-15 22:59:03,586 [EventQueue-StaleNodeForStaleNodeHandler] INFO  pipeline.SCMPipelineManager (SCMPipelineManager.java:finalizeAndDestroyPipeline(315)) - destroying pipeline:Pipeline[ Id: 68625640-5385-46d6-a12e-c92bdbd9d086, Nodes: 44ad8ee9-a38d-4e5d-9002-6fd30af5f6a1{ip: 192.168.69.67, host: pr-hdds-2071-8rz7p-357833546, networkLocation: /default-rack, certSerialId: null}6efc5f30-817c-427c-a302-97fd228528b7{ip: 192.168.69.67, host: pr-hdds-2071-8rz7p-357833546, networkLocation: /default-rack, certSerialId: null}210f7630-7f49-4d5d-b69d-a8f854decf33{ip: 192.168.69.67, host: pr-hdds-2071-8rz7p-357833546, networkLocation: /default-rack, certSerialId: null}, Type:RATIS, Factor:THREE, State:CLOSED]
2019-10-15 22:59:03,586 [EventQueue-StaleNodeForStaleNodeHandler] INFO  pipeline.SCMPipelineManager (SCMPipelineManager.java:finalizeAndDestroyPipeline(315)) - destroying pipeline:Pipeline[ Id: dc893e30-c717-4ad9-9bed-d41e735b8392, Nodes: 6efc5f30-817c-427c-a302-97fd228528b7{ip: 192.168.69.67, host: pr-hdds-2071-8rz7p-357833546, networkLocation: /default-rack, certSerialId: null}, Type:RATIS, Factor:ONE, State:OPEN]
2019-10-15 22:59:03,586 [EventQueue-StaleNodeForStaleNodeHandler] INFO  pipeline.PipelineStateManager (PipelineStateManager.java:finalizePipeline(123)) - Pipeline Pipeline[ Id: dc893e30-c717-4ad9-9bed-d41e735b8392, Nodes: 6efc5f30-817c-427c-a302-97fd228528b7{ip: 192.168.69.67, host: pr-hdds-2071-8rz7p-357833546, networkLocation: /default-rack, certSerialId: null}, Type:RATIS, Factor:ONE, State:CLOSED] moved to CLOSED state
2019-10-15 22:59:04,654 [grpc-default-executor-4] WARN  server.GrpcLogAppender (LogUtils.java:warn(134)) - 210f7630-7f49-4d5d-b69d-a8f854decf33@group-C92BDBD9D086->44ad8ee9-a38d-4e5d-9002-6fd30af5f6a1-AppendLogResponseHandler: Failed appendEntries: org.apache.ratis.thirdparty.io.grpc.StatusRuntimeException: UNAVAILABLE: io exception
2019-10-15 22:59:04,654 [grpc-default-executor-8] WARN  server.GrpcLogAppender (LogUtils.java:warn(134)) - 210f7630-7f49-4d5d-b69d-a8f854decf33@group-C92BDBD9D086->6efc5f30-817c-427c-a302-97fd228528b7-AppendLogResponseHandler: Failed appendEntries: org.apache.ratis.thirdparty.io.grpc.StatusRuntimeException: UNAVAILABLE: io exception
2019-10-15 22:59:04,654 [grpc-default-executor-4] INFO  impl.FollowerInfo (FollowerInfo.java:lambda$new$0(51)) - 210f7630-7f49-4d5d-b69d-a8f854decf33@group-C92BDBD9D086->44ad8ee9-a38d-4e5d-9002-6fd30af5f6a1: nextIndex: updateUnconditionally 0 -> 0
2019-10-15 22:59:04,655 [grpc-default-executor-8] INFO  impl.FollowerInfo (FollowerInfo.java:lambda$new$0(51)) - 210f7630-7f49-4d5d-b69d-a8f854decf33@group-C92BDBD9D086->6efc5f30-817c-427c-a302-97fd228528b7: nextIndex: updateUnconditionally 0 -> 0
2019-10-15 22:59:07,155 [grpc-default-executor-6] WARN  server.GrpcLogAppender (LogUtils.java:warn(134)) - 210f7630-7f49-4d5d-b69d-a8f854decf33@group-C92BDBD9D086->44ad8ee9-a38d-4e5d-9002-6fd30af5f6a1-AppendLogResponseHandler: Failed appendEntries: org.apache.ratis.thirdparty.io.grpc.StatusRuntimeException: UNAVAILABLE: io exception
2019-10-15 22:59:07,155 [grpc-default-executor-8] WARN  server.GrpcLogAppender (LogUtils.java:warn(134)) - 210f7630-7f49-4d5d-b69d-a8f854decf33@group-C92BDBD9D086->6efc5f30-817c-427c-a302-97fd228528b7-AppendLogResponseHandler: Failed appendEntries: org.apache.ratis.thirdparty.io.grpc.StatusRuntimeException: UNAVAILABLE: io exception
2019-10-15 22:59:07,156 [grpc-default-executor-6] INFO  impl.FollowerInfo (FollowerInfo.java:lambda$new$0(51)) - 210f7630-7f49-4d5d-b69d-a8f854decf33@group-C92BDBD9D086->44ad8ee9-a38d-4e5d-9002-6fd30af5f6a1: nextIndex: updateUnconditionally 0 -> 0
2019-10-15 22:59:07,156 [grpc-default-executor-8] INFO  impl.FollowerInfo (FollowerInfo.java:lambda$new$0(51)) - 210f7630-7f49-4d5d-b69d-a8f854decf33@group-C92BDBD9D086->6efc5f30-817c-427c-a302-97fd228528b7: nextIndex: updateUnconditionally 0 -> 0
2019-10-15 22:59:09,656 [grpc-default-executor-6] WARN  server.GrpcLogAppender (LogUtils.java:warn(134)) - 210f7630-7f49-4d5d-b69d-a8f854decf33@group-C92BDBD9D086->44ad8ee9-a38d-4e5d-9002-6fd30af5f6a1-AppendLogResponseHandler: Failed appendEntries: org.apache.ratis.thirdparty.io.grpc.StatusRuntimeException: UNAVAILABLE: io exception
2019-10-15 22:59:09,656 [grpc-default-executor-4] WARN  server.GrpcLogAppender (LogUtils.java:warn(134)) - 210f7630-7f49-4d5d-b69d-a8f854decf33@group-C92BDBD9D086->6efc5f30-817c-427c-a302-97fd228528b7-AppendLogResponseHandler: Failed appendEntries: org.apache.ratis.thirdparty.io.grpc.StatusRuntimeException: UNAVAILABLE: io exception
2019-10-15 22:59:09,657 [grpc-default-executor-6] INFO  impl.FollowerInfo (FollowerInfo.java:lambda$new$0(51)) - 210f7630-7f49-4d5d-b69d-a8f854decf33@group-C92BDBD9D086->44ad8ee9-a38d-4e5d-9002-6fd30af5f6a1: nextIndex: updateUnconditionally 0 -> 0
2019-10-15 22:59:09,657 [grpc-default-executor-4] INFO  impl.FollowerInfo (FollowerInfo.java:lambda$new$0(51)) - 210f7630-7f49-4d5d-b69d-a8f854decf33@group-C92BDBD9D086->6efc5f30-817c-427c-a302-97fd228528b7: nextIndex: updateUnconditionally 0 -> 0
2019-10-15 22:59:09,891 [Thread-2449] INFO  impl.FollowerState (FollowerState.java:run(108)) - 3ae853d0-d434-4c52-9d53-e6d40cb82eec@group-71110A2C9316-FollowerState: change to CANDIDATE, lastRpcTime:9999ms, electionTimeout:5124ms
2019-10-15 22:59:09,891 [Thread-2449] INFO  impl.RoleInfo (RoleInfo.java:shutdownFollowerState(121)) - 3ae853d0-d434-4c52-9d53-e6d40cb82eec: shutdown FollowerState
2019-10-15 22:59:09,891 [Thread-2449] INFO  impl.RaftServerImpl (RaftServerImpl.java:setRole(170)) - 3ae853d0-d434-4c52-9d53-e6d40cb82eec@group-71110A2C9316: changes role from  FOLLOWER to CANDIDATE at term 1 for changeToCandidate
2019-10-15 22:59:09,891 [Thread-2449] INFO  impl.RoleInfo (RoleInfo.java:updateAndGet(143)) - 3ae853d0-d434-4c52-9d53-e6d40cb82eec: start LeaderElection
2019-10-15 22:59:09,892 [3ae853d0-d434-4c52-9d53-e6d40cb82eec@group-71110A2C9316-LeaderElection96] INFO  impl.RaftServerImpl (ServerState.java:setLeader(255)) - 3ae853d0-d434-4c52-9d53-e6d40cb82eec@group-71110A2C9316: change Leader from ef433af2-fab6-4505-8c2a-4b0a470a6f40 to null at term 1 for initElection
2019-10-15 22:59:09,897 [3ae853d0-d434-4c52-9d53-e6d40cb82eec@group-71110A2C9316-LeaderElection96] INFO  impl.LeaderElection (LeaderElection.java:askForVotes(178)) - 3ae853d0-d434-4c52-9d53-e6d40cb82eec@group-71110A2C9316-LeaderElection96: begin an election at term 2 for 0: [ef433af2-fab6-4505-8c2a-4b0a470a6f40:192.168.69.67:39730, 3ae853d0-d434-4c52-9d53-e6d40cb82eec:192.168.69.67:36871, 21f308d8-8495-4fb9-b6d0-728d4aa7f682:192.168.69.67:45618], old=null
2019-10-15 22:59:09,899 [3ae853d0-d434-4c52-9d53-e6d40cb82eec@group-71110A2C9316-LeaderElection96] INFO  impl.LeaderElection (LogUtils.java:infoOrTrace(149)) - 3ae853d0-d434-4c52-9d53-e6d40cb82eec@group-71110A2C9316-LeaderElection96 got exception when requesting votes: {}
java.util.concurrent.ExecutionException: org.apache.ratis.thirdparty.io.grpc.StatusRuntimeException: UNAVAILABLE: io exception
	at java.util.concurrent.FutureTask.report(FutureTask.java:122)
	at java.util.concurrent.FutureTask.get(FutureTask.java:192)
	at org.apache.ratis.server.impl.LeaderElection.waitForResults(LeaderElection.java:259)
	at org.apache.ratis.server.impl.LeaderElection.askForVotes(LeaderElection.java:197)
	at org.apache.ratis.server.impl.LeaderElection.run(LeaderElection.java:133)
	at java.lang.Thread.run(Thread.java:748)
Caused by: org.apache.ratis.thirdparty.io.grpc.StatusRuntimeException: UNAVAILABLE: io exception
	at org.apache.ratis.thirdparty.io.grpc.stub.ClientCalls.toStatusRuntimeException(ClientCalls.java:233)
	at org.apache.ratis.thirdparty.io.grpc.stub.ClientCalls.getUnchecked(ClientCalls.java:214)
	at org.apache.ratis.thirdparty.io.grpc.stub.ClientCalls.blockingUnaryCall(ClientCalls.java:139)
	at org.apache.ratis.proto.grpc.RaftServerProtocolServiceGrpc$RaftServerProtocolServiceBlockingStub.requestVote(RaftServerProtocolServiceGrpc.java:265)
	at org.apache.ratis.grpc.server.GrpcServerProtocolClient.requestVote(GrpcServerProtocolClient.java:99)
	at org.apache.ratis.grpc.server.GrpcService.requestVote(GrpcService.java:204)
	at org.apache.ratis.server.impl.LeaderElection.lambda$submitRequests$1(LeaderElection.java:234)
	at java.util.concurrent.FutureTask.run(FutureTask.java:266)
	at java.util.concurrent.Executors$RunnableAdapter.call(Executors.java:511)
	at java.util.concurrent.FutureTask.run(FutureTask.java:266)
	at java.util.concurrent.ThreadPoolExecutor.runWorker(ThreadPoolExecutor.java:1149)
	at java.util.concurrent.ThreadPoolExecutor$Worker.run(ThreadPoolExecutor.java:624)
	... 1 more
Caused by: org.apache.ratis.thirdparty.io.netty.channel.AbstractChannel$AnnotatedConnectException: Connection refused: /192.168.69.67:39730
	at sun.nio.ch.SocketChannelImpl.checkConnect(Native Method)
	at sun.nio.ch.SocketChannelImpl.finishConnect(SocketChannelImpl.java:717)
	at org.apache.ratis.thirdparty.io.netty.channel.socket.nio.NioSocketChannel.doFinishConnect(NioSocketChannel.java:327)
	at org.apache.ratis.thirdparty.io.netty.channel.nio.AbstractNioChannel$AbstractNioUnsafe.finishConnect(AbstractNioChannel.java:340)
	at org.apache.ratis.thirdparty.io.netty.channel.nio.NioEventLoop.processSelectedKey(NioEventLoop.java:632)
	at org.apache.ratis.thirdparty.io.netty.channel.nio.NioEventLoop.processSelectedKeysOptimized(NioEventLoop.java:579)
	at org.apache.ratis.thirdparty.io.netty.channel.nio.NioEventLoop.processSelectedKeys(NioEventLoop.java:496)
	at org.apache.ratis.thirdparty.io.netty.channel.nio.NioEventLoop.run(NioEventLoop.java:458)
	at org.apache.ratis.thirdparty.io.netty.util.concurrent.SingleThreadEventExecutor$5.run(SingleThreadEventExecutor.java:897)
	at org.apache.ratis.thirdparty.io.netty.util.concurrent.FastThreadLocalRunnable.run(FastThreadLocalRunnable.java:30)
	... 1 more
Caused by: java.net.ConnectException: Connection refused
	... 11 more
2019-10-15 22:59:09,900 [grpc-default-executor-6] INFO  impl.RaftServerImpl (ServerState.java:setLeader(255)) - 21f308d8-8495-4fb9-b6d0-728d4aa7f682@group-71110A2C9316: change Leader from ef433af2-fab6-4505-8c2a-4b0a470a6f40 to null at term 2 for updateCurrentTerm
2019-10-15 22:59:09,900 [grpc-default-executor-6] INFO  impl.RaftServerImpl (RaftServerImpl.java:setRole(170)) - 21f308d8-8495-4fb9-b6d0-728d4aa7f682@group-71110A2C9316: changes role from  FOLLOWER to FOLLOWER at term 2 for recognizeCandidate:3ae853d0-d434-4c52-9d53-e6d40cb82eec
2019-10-15 22:59:09,900 [grpc-default-executor-6] INFO  impl.RoleInfo (RoleInfo.java:shutdownFollowerState(121)) - 21f308d8-8495-4fb9-b6d0-728d4aa7f682: shutdown FollowerState
2019-10-15 22:59:09,900 [grpc-default-executor-6] INFO  impl.RoleInfo (RoleInfo.java:updateAndGet(143)) - 21f308d8-8495-4fb9-b6d0-728d4aa7f682: start FollowerState
2019-10-15 22:59:09,900 [Thread-2448] INFO  impl.FollowerState (FollowerState.java:run(117)) - 21f308d8-8495-4fb9-b6d0-728d4aa7f682@group-71110A2C9316-FollowerState was interrupted: java.lang.InterruptedException: sleep interrupted
2019-10-15 22:59:09,906 [3ae853d0-d434-4c52-9d53-e6d40cb82eec@group-71110A2C9316-LeaderElection96] INFO  impl.LeaderElection (LeaderElection.java:logAndReturn(56)) - 3ae853d0-d434-4c52-9d53-e6d40cb82eec@group-71110A2C9316-LeaderElection96: Election PASSED; received 1 response(s) [3ae853d0-d434-4c52-9d53-e6d40cb82eec<-21f308d8-8495-4fb9-b6d0-728d4aa7f682#0:OK-t2] and 1 exception(s); 3ae853d0-d434-4c52-9d53-e6d40cb82eec@group-71110A2C9316:t2, leader=null, voted=3ae853d0-d434-4c52-9d53-e6d40cb82eec, raftlog=3ae853d0-d434-4c52-9d53-e6d40cb82eec@group-71110A2C9316-SegmentedRaftLog:OPENED:c2,f2,i2, conf=0: [ef433af2-fab6-4505-8c2a-4b0a470a6f40:192.168.69.67:39730, 3ae853d0-d434-4c52-9d53-e6d40cb82eec:192.168.69.67:36871, 21f308d8-8495-4fb9-b6d0-728d4aa7f682:192.168.69.67:45618], old=null
2019-10-15 22:59:09,906 [3ae853d0-d434-4c52-9d53-e6d40cb82eec@group-71110A2C9316-LeaderElection96] INFO  impl.LeaderElection (LogUtils.java:infoOrTrace(149)) -   Exception 0: {}
java.util.concurrent.ExecutionException: org.apache.ratis.thirdparty.io.grpc.StatusRuntimeException: UNAVAILABLE: io exception
	at java.util.concurrent.FutureTask.report(FutureTask.java:122)
	at java.util.concurrent.FutureTask.get(FutureTask.java:192)
	at org.apache.ratis.server.impl.LeaderElection.waitForResults(LeaderElection.java:259)
	at org.apache.ratis.server.impl.LeaderElection.askForVotes(LeaderElection.java:197)
	at org.apache.ratis.server.impl.LeaderElection.run(LeaderElection.java:133)
	at java.lang.Thread.run(Thread.java:748)
Caused by: org.apache.ratis.thirdparty.io.grpc.StatusRuntimeException: UNAVAILABLE: io exception
	at org.apache.ratis.thirdparty.io.grpc.stub.ClientCalls.toStatusRuntimeException(ClientCalls.java:233)
	at org.apache.ratis.thirdparty.io.grpc.stub.ClientCalls.getUnchecked(ClientCalls.java:214)
	at org.apache.ratis.thirdparty.io.grpc.stub.ClientCalls.blockingUnaryCall(ClientCalls.java:139)
	at org.apache.ratis.proto.grpc.RaftServerProtocolServiceGrpc$RaftServerProtocolServiceBlockingStub.requestVote(RaftServerProtocolServiceGrpc.java:265)
	at org.apache.ratis.grpc.server.GrpcServerProtocolClient.requestVote(GrpcServerProtocolClient.java:99)
	at org.apache.ratis.grpc.server.GrpcService.requestVote(GrpcService.java:204)
	at org.apache.ratis.server.impl.LeaderElection.lambda$submitRequests$1(LeaderElection.java:234)
	at java.util.concurrent.FutureTask.run(FutureTask.java:266)
	at java.util.concurrent.Executors$RunnableAdapter.call(Executors.java:511)
	at java.util.concurrent.FutureTask.run(FutureTask.java:266)
	at java.util.concurrent.ThreadPoolExecutor.runWorker(ThreadPoolExecutor.java:1149)
	at java.util.concurrent.ThreadPoolExecutor$Worker.run(ThreadPoolExecutor.java:624)
	... 1 more
Caused by: org.apache.ratis.thirdparty.io.netty.channel.AbstractChannel$AnnotatedConnectException: Connection refused: /192.168.69.67:39730
	at sun.nio.ch.SocketChannelImpl.checkConnect(Native Method)
	at sun.nio.ch.SocketChannelImpl.finishConnect(SocketChannelImpl.java:717)
	at org.apache.ratis.thirdparty.io.netty.channel.socket.nio.NioSocketChannel.doFinishConnect(NioSocketChannel.java:327)
	at org.apache.ratis.thirdparty.io.netty.channel.nio.AbstractNioChannel$AbstractNioUnsafe.finishConnect(AbstractNioChannel.java:340)
	at org.apache.ratis.thirdparty.io.netty.channel.nio.NioEventLoop.processSelectedKey(NioEventLoop.java:632)
	at org.apache.ratis.thirdparty.io.netty.channel.nio.NioEventLoop.processSelectedKeysOptimized(NioEventLoop.java:579)
	at org.apache.ratis.thirdparty.io.netty.channel.nio.NioEventLoop.processSelectedKeys(NioEventLoop.java:496)
	at org.apache.ratis.thirdparty.io.netty.channel.nio.NioEventLoop.run(NioEventLoop.java:458)
	at org.apache.ratis.thirdparty.io.netty.util.concurrent.SingleThreadEventExecutor$5.run(SingleThreadEventExecutor.java:897)
	at org.apache.ratis.thirdparty.io.netty.util.concurrent.FastThreadLocalRunnable.run(FastThreadLocalRunnable.java:30)
	... 1 more
Caused by: java.net.ConnectException: Connection refused
	... 11 more
2019-10-15 22:59:09,906 [3ae853d0-d434-4c52-9d53-e6d40cb82eec@group-71110A2C9316-LeaderElection96] INFO  impl.RoleInfo (RoleInfo.java:shutdownLeaderElection(134)) - 3ae853d0-d434-4c52-9d53-e6d40cb82eec: shutdown LeaderElection
2019-10-15 22:59:09,906 [3ae853d0-d434-4c52-9d53-e6d40cb82eec@group-71110A2C9316-LeaderElection96] INFO  impl.RaftServerImpl (RaftServerImpl.java:setRole(170)) - 3ae853d0-d434-4c52-9d53-e6d40cb82eec@group-71110A2C9316: changes role from CANDIDATE to LEADER at term 2 for changeToLeader
2019-10-15 22:59:09,906 [3ae853d0-d434-4c52-9d53-e6d40cb82eec@group-71110A2C9316-LeaderElection96] INFO  impl.RaftServerImpl (ServerState.java:setLeader(255)) - 3ae853d0-d434-4c52-9d53-e6d40cb82eec@group-71110A2C9316: change Leader from null to 3ae853d0-d434-4c52-9d53-e6d40cb82eec at term 2 for becomeLeader, leader elected after 14ms
2019-10-15 22:59:09,907 [3ae853d0-d434-4c52-9d53-e6d40cb82eec@group-71110A2C9316-LeaderElection96] INFO  server.RaftServerConfigKeys (ConfUtils.java:logGet(43)) - raft.server.staging.catchup.gap = 1000 (default)
2019-10-15 22:59:09,907 [3ae853d0-d434-4c52-9d53-e6d40cb82eec@group-71110A2C9316-LeaderElection96] INFO  server.RaftServerConfigKeys (ConfUtils.java:logGet(43)) - raft.server.rpc.sleep.time = 25ms (default)
2019-10-15 22:59:09,907 [3ae853d0-d434-4c52-9d53-e6d40cb82eec@group-71110A2C9316-LeaderElection96] INFO  server.RaftServerConfigKeys (ConfUtils.java:logGet(43)) - raft.server.write.element-limit = 4096 (default)
2019-10-15 22:59:09,907 [3ae853d0-d434-4c52-9d53-e6d40cb82eec@group-71110A2C9316-LeaderElection96] INFO  server.RaftServerConfigKeys (ConfUtils.java:logGet(43)) - raft.server.watch.timeout = 10s (default)
2019-10-15 22:59:09,907 [3ae853d0-d434-4c52-9d53-e6d40cb82eec@group-71110A2C9316-LeaderElection96] INFO  server.RaftServerConfigKeys (ConfUtils.java:logGet(43)) - raft.server.watch.timeout.denomination = 1s (default)
2019-10-15 22:59:09,908 [3ae853d0-d434-4c52-9d53-e6d40cb82eec@group-71110A2C9316-LeaderElection96] INFO  server.RaftServerConfigKeys (ConfUtils.java:logGet(43)) - raft.server.watch.element-limit = 65536 (default)
2019-10-15 22:59:09,910 [3ae853d0-d434-4c52-9d53-e6d40cb82eec@group-71110A2C9316-LeaderElection96] INFO  server.RaftServerConfigKeys (ConfUtils.java:logGet(43)) - raft.server.log.appender.snapshot.chunk.size.max = 16MB (=16777216) (default)
2019-10-15 22:59:09,910 [3ae853d0-d434-4c52-9d53-e6d40cb82eec@group-71110A2C9316-LeaderElection96] INFO  server.RaftServerConfigKeys (ConfUtils.java:logGet(43)) - raft.server.log.appender.buffer.byte-limit = 33554432 (custom)
2019-10-15 22:59:09,910 [3ae853d0-d434-4c52-9d53-e6d40cb82eec@group-71110A2C9316-LeaderElection96] INFO  server.RaftServerConfigKeys (ConfUtils.java:logGet(43)) - raft.server.log.appender.buffer.element-limit = 1 (custom)
2019-10-15 22:59:09,910 [3ae853d0-d434-4c52-9d53-e6d40cb82eec@group-71110A2C9316-LeaderElection96] INFO  grpc.GrpcConfigKeys$Server (ConfUtils.java:logGet(43)) - raft.grpc.server.leader.outstanding.appends.max = 128 (default)
2019-10-15 22:59:09,910 [3ae853d0-d434-4c52-9d53-e6d40cb82eec@group-71110A2C9316-LeaderElection96] INFO  server.RaftServerConfigKeys (ConfUtils.java:logGet(43)) - raft.server.rpc.request.timeout = 3000ms (default)
2019-10-15 22:59:09,910 [3ae853d0-d434-4c52-9d53-e6d40cb82eec@group-71110A2C9316-LeaderElection96] INFO  server.RaftServerConfigKeys (ConfUtils.java:logGet(43)) - raft.server.log.appender.install.snapshot.enabled = false (custom)
2019-10-15 22:59:09,910 [3ae853d0-d434-4c52-9d53-e6d40cb82eec@group-71110A2C9316-LeaderElection96] INFO  server.RaftServerConfigKeys (ConfUtils.java:logGet(43)) - raft.server.log.appender.snapshot.chunk.size.max = 16MB (=16777216) (default)
2019-10-15 22:59:09,911 [3ae853d0-d434-4c52-9d53-e6d40cb82eec@group-71110A2C9316-LeaderElection96] INFO  server.RaftServerConfigKeys (ConfUtils.java:logGet(43)) - raft.server.log.appender.buffer.byte-limit = 33554432 (custom)
2019-10-15 22:59:09,911 [3ae853d0-d434-4c52-9d53-e6d40cb82eec@group-71110A2C9316-LeaderElection96] INFO  server.RaftServerConfigKeys (ConfUtils.java:logGet(43)) - raft.server.log.appender.buffer.element-limit = 1 (custom)
2019-10-15 22:59:09,911 [3ae853d0-d434-4c52-9d53-e6d40cb82eec@group-71110A2C9316-LeaderElection96] INFO  grpc.GrpcConfigKeys$Server (ConfUtils.java:logGet(43)) - raft.grpc.server.leader.outstanding.appends.max = 128 (default)
2019-10-15 22:59:09,911 [3ae853d0-d434-4c52-9d53-e6d40cb82eec@group-71110A2C9316-LeaderElection96] INFO  server.RaftServerConfigKeys (ConfUtils.java:logGet(43)) - raft.server.rpc.request.timeout = 3000ms (default)
2019-10-15 22:59:09,911 [3ae853d0-d434-4c52-9d53-e6d40cb82eec@group-71110A2C9316-LeaderElection96] INFO  server.RaftServerConfigKeys (ConfUtils.java:logGet(43)) - raft.server.log.appender.install.snapshot.enabled = false (custom)
2019-10-15 22:59:09,911 [3ae853d0-d434-4c52-9d53-e6d40cb82eec@group-71110A2C9316-LeaderElection96] INFO  impl.RoleInfo (RoleInfo.java:updateAndGet(143)) - 3ae853d0-d434-4c52-9d53-e6d40cb82eec: start LeaderState
2019-10-15 22:59:09,912 [3ae853d0-d434-4c52-9d53-e6d40cb82eec@group-71110A2C9316-LeaderElection96] INFO  segmented.SegmentedRaftLogWorker (SegmentedRaftLogWorker.java:rollLogSegment(390)) - 3ae853d0-d434-4c52-9d53-e6d40cb82eec@group-71110A2C9316-SegmentedRaftLogWorker: Rolling segment log-0_2 to index:2
2019-10-15 22:59:09,912 [3ae853d0-d434-4c52-9d53-e6d40cb82eec@group-71110A2C9316-LeaderElection96] INFO  impl.RaftServerImpl (ServerState.java:setRaftConf(356)) - 3ae853d0-d434-4c52-9d53-e6d40cb82eec@group-71110A2C9316: set configuration 3: [ef433af2-fab6-4505-8c2a-4b0a470a6f40:192.168.69.67:39730, 3ae853d0-d434-4c52-9d53-e6d40cb82eec:192.168.69.67:36871, 21f308d8-8495-4fb9-b6d0-728d4aa7f682:192.168.69.67:45618], old=null at 3
2019-10-15 22:59:09,913 [grpc-default-executor-6] WARN  server.GrpcLogAppender (LogUtils.java:warn(134)) - 3ae853d0-d434-4c52-9d53-e6d40cb82eec@group-71110A2C9316->ef433af2-fab6-4505-8c2a-4b0a470a6f40-AppendLogResponseHandler: Failed appendEntries: org.apache.ratis.thirdparty.io.grpc.StatusRuntimeException: UNAVAILABLE: io exception
2019-10-15 22:59:09,913 [3ae853d0-d434-4c52-9d53-e6d40cb82eec@group-71110A2C9316-SegmentedRaftLogWorker] INFO  segmented.SegmentedRaftLogWorker (SegmentedRaftLogWorker.java:execute(531)) - 3ae853d0-d434-4c52-9d53-e6d40cb82eec@group-71110A2C9316-SegmentedRaftLogWorker: Rolled log segment from /workdir/hadoop-ozone/integration-test/target/test-dir/MiniOzoneClusterImpl-b2ef137f-c059-4db2-aae4-0a2832bcf8b7/datanode-2/data/ratis/4650228b-a3d7-447a-a9d6-71110a2c9316/current/log_inprogress_0 to /workdir/hadoop-ozone/integration-test/target/test-dir/MiniOzoneClusterImpl-b2ef137f-c059-4db2-aae4-0a2832bcf8b7/datanode-2/data/ratis/4650228b-a3d7-447a-a9d6-71110a2c9316/current/log_0-2
2019-10-15 22:59:09,913 [grpc-default-executor-6] INFO  impl.FollowerInfo (FollowerInfo.java:lambda$new$0(51)) - 3ae853d0-d434-4c52-9d53-e6d40cb82eec@group-71110A2C9316->ef433af2-fab6-4505-8c2a-4b0a470a6f40: nextIndex: updateUnconditionally 3 -> 1
2019-10-15 22:59:09,914 [grpc-default-executor-6] INFO  impl.RaftServerImpl (ServerState.java:setLeader(255)) - 21f308d8-8495-4fb9-b6d0-728d4aa7f682@group-71110A2C9316: change Leader from null to 3ae853d0-d434-4c52-9d53-e6d40cb82eec at term 2 for appendEntries, leader elected after 13ms
2019-10-15 22:59:09,916 [grpc-default-executor-6] INFO  impl.RaftServerImpl (ServerState.java:setRaftConf(356)) - 21f308d8-8495-4fb9-b6d0-728d4aa7f682@group-71110A2C9316: set configuration 3: [ef433af2-fab6-4505-8c2a-4b0a470a6f40:192.168.69.67:39730, 3ae853d0-d434-4c52-9d53-e6d40cb82eec:192.168.69.67:36871, 21f308d8-8495-4fb9-b6d0-728d4aa7f682:192.168.69.67:45618], old=null at 3
2019-10-15 22:59:09,917 [grpc-default-executor-6] INFO  segmented.SegmentedRaftLogWorker (SegmentedRaftLogWorker.java:rollLogSegment(390)) - 21f308d8-8495-4fb9-b6d0-728d4aa7f682@group-71110A2C9316-SegmentedRaftLogWorker: Rolling segment log-0_2 to index:2
2019-10-15 22:59:09,917 [21f308d8-8495-4fb9-b6d0-728d4aa7f682@group-71110A2C9316-SegmentedRaftLogWorker] INFO  segmented.SegmentedRaftLogWorker (SegmentedRaftLogWorker.java:execute(531)) - 21f308d8-8495-4fb9-b6d0-728d4aa7f682@group-71110A2C9316-SegmentedRaftLogWorker: Rolled log segment from /workdir/hadoop-ozone/integration-test/target/test-dir/MiniOzoneClusterImpl-b2ef137f-c059-4db2-aae4-0a2832bcf8b7/datanode-1/data/ratis/4650228b-a3d7-447a-a9d6-71110a2c9316/current/log_inprogress_0 to /workdir/hadoop-ozone/integration-test/target/test-dir/MiniOzoneClusterImpl-b2ef137f-c059-4db2-aae4-0a2832bcf8b7/datanode-1/data/ratis/4650228b-a3d7-447a-a9d6-71110a2c9316/current/log_0-2
2019-10-15 22:59:09,949 [3ae853d0-d434-4c52-9d53-e6d40cb82eec@group-71110A2C9316-SegmentedRaftLogWorker] INFO  segmented.SegmentedRaftLogWorker (SegmentedRaftLogWorker.java:execute(574)) - 3ae853d0-d434-4c52-9d53-e6d40cb82eec@group-71110A2C9316-SegmentedRaftLogWorker: created new log segment /workdir/hadoop-ozone/integration-test/target/test-dir/MiniOzoneClusterImpl-b2ef137f-c059-4db2-aae4-0a2832bcf8b7/datanode-2/data/ratis/4650228b-a3d7-447a-a9d6-71110a2c9316/current/log_inprogress_3
2019-10-15 22:59:09,952 [21f308d8-8495-4fb9-b6d0-728d4aa7f682@group-71110A2C9316-SegmentedRaftLogWorker] INFO  segmented.SegmentedRaftLogWorker (SegmentedRaftLogWorker.java:execute(574)) - 21f308d8-8495-4fb9-b6d0-728d4aa7f682@group-71110A2C9316-SegmentedRaftLogWorker: created new log segment /workdir/hadoop-ozone/integration-test/target/test-dir/MiniOzoneClusterImpl-b2ef137f-c059-4db2-aae4-0a2832bcf8b7/datanode-1/data/ratis/4650228b-a3d7-447a-a9d6-71110a2c9316/current/log_inprogress_3
2019-10-15 22:59:09,959 [grpc-default-executor-0] WARN  server.GrpcLogAppender (LogUtils.java:warn(134)) - 3ae853d0-d434-4c52-9d53-e6d40cb82eec@group-71110A2C9316->ef433af2-fab6-4505-8c2a-4b0a470a6f40-AppendLogResponseHandler: Failed appendEntries: org.apache.ratis.thirdparty.io.grpc.StatusRuntimeException: UNAVAILABLE: io exception
2019-10-15 22:59:09,959 [grpc-default-executor-0] INFO  impl.FollowerInfo (FollowerInfo.java:lambda$new$0(51)) - 3ae853d0-d434-4c52-9d53-e6d40cb82eec@group-71110A2C9316->ef433af2-fab6-4505-8c2a-4b0a470a6f40: nextIndex: updateUnconditionally 2 -> 1
2019-10-15 22:59:09,965 [grpc-default-executor-0] WARN  server.GrpcLogAppender (LogUtils.java:warn(134)) - 3ae853d0-d434-4c52-9d53-e6d40cb82eec@group-71110A2C9316->ef433af2-fab6-4505-8c2a-4b0a470a6f40-AppendLogResponseHandler: Failed appendEntries: org.apache.ratis.thirdparty.io.grpc.StatusRuntimeException: UNAVAILABLE: io exception
2019-10-15 22:59:09,965 [grpc-default-executor-0] INFO  impl.FollowerInfo (FollowerInfo.java:lambda$new$0(51)) - 3ae853d0-d434-4c52-9d53-e6d40cb82eec@group-71110A2C9316->ef433af2-fab6-4505-8c2a-4b0a470a6f40: nextIndex: updateUnconditionally 2 -> 1
]]></system-out>
  </testcase>
</testsuite>