<?xml version="1.0" encoding="UTF-8"?>
<testsuite xmlns:xsi="http://www.w3.org/2001/XMLSchema-instance" xsi:noNamespaceSchemaLocation="https://maven.apache.org/surefire/maven-surefire-plugin/xsd/surefire-test-report.xsd" name="org.apache.hadoop.ozone.client.rpc.TestBlockOutputStreamWithFailures" time="755.247" tests="8" errors="0" skipped="0" failures="1">
  <properties>
    <property name="awt.toolkit" value="sun.awt.X11.XToolkit"/>
    <property name="file.encoding.pkg" value="sun.io"/>
    <property name="java.specification.version" value="1.8"/>
    <property name="sun.cpu.isalist" value=""/>
    <property name="sun.jnu.encoding" value="ANSI_X3.4-1968"/>
    <property name="java.class.path" value="/workdir/hadoop-ozone/integration-test/target/test-classes:/workdir/hadoop-ozone/integration-test/target/classes:/home/user/.m2/repository/org/apache/hadoop/hadoop-ozone-common/0.5.0-SNAPSHOT/hadoop-ozone-common-0.5.0-SNAPSHOT.jar:/home/user/.m2/repository/org/apache/commons/commons-compress/1.4.1/commons-compress-1.4.1.jar:/home/user/.m2/repository/org/tukaani/xz/1.0/xz-1.0.jar:/home/user/.m2/repository/org/apache/hadoop/hadoop-common/3.2.0/hadoop-common-3.2.0.jar:/home/user/.m2/repository/org/apache/hadoop/hadoop-hdfs/3.2.0/hadoop-hdfs-3.2.0.jar:/home/user/.m2/repository/org/apache/hadoop/hadoop-hdfs-client/3.2.0/hadoop-hdfs-client-3.2.0.jar:/home/user/.m2/repository/com/fasterxml/jackson/core/jackson-annotations/2.9.9/jackson-annotations-2.9.9.jar:/home/user/.m2/repository/org/apache/hadoop/hadoop-hdds-common/0.5.0-SNAPSHOT/hadoop-hdds-common-0.5.0-SNAPSHOT.jar:/home/user/.m2/repository/javax/annotation/javax.annotation-api/1.2/javax.annotation-api-1.2.jar:/home/user/.m2/repository/org/apache/ratis/ratis-server/0.5.0-201fc85-SNAPSHOT/ratis-server-0.5.0-201fc85-SNAPSHOT.jar:/home/user/.m2/repository/org/apache/ratis/ratis-thirdparty-misc/0.2.0/ratis-thirdparty-misc-0.2.0.jar:/home/user/.m2/repository/org/apache/ratis/ratis-proto/0.5.0-201fc85-SNAPSHOT/ratis-proto-0.5.0-201fc85-SNAPSHOT.jar:/home/user/.m2/repository/org/apache/ratis/ratis-common/0.5.0-201fc85-SNAPSHOT/ratis-common-0.5.0-201fc85-SNAPSHOT.jar:/home/user/.m2/repository/org/apache/ratis/ratis-client/0.5.0-201fc85-SNAPSHOT/ratis-client-0.5.0-201fc85-SNAPSHOT.jar:/home/user/.m2/repository/org/apache/ratis/ratis-metrics/0.5.0-201fc85-SNAPSHOT/ratis-metrics-0.5.0-201fc85-SNAPSHOT.jar:/home/user/.m2/repository/com/github/joshelser/dropwizard-metrics-hadoop-metrics2-reporter/0.1.2/dropwizard-metrics-hadoop-metrics2-reporter-0.1.2.jar:/home/user/.m2/repository/io/dropwizard/metrics/metrics-jvm/3.2.5/metrics-jvm-3.2.5.jar:/home/user/.m2/repository/io/dropwizard/metrics/metrics-ganglia/3.2.5/metrics-ganglia-3.2.5.jar:/home/user/.m2/repository/info/ganglia/gmetric4j/gmetric4j/1.0.7/gmetric4j-1.0.7.jar:/home/user/.m2/repository/org/apache/ratis/ratis-netty/0.5.0-201fc85-SNAPSHOT/ratis-netty-0.5.0-201fc85-SNAPSHOT.jar:/home/user/.m2/repository/org/apache/ratis/ratis-grpc/0.5.0-201fc85-SNAPSHOT/ratis-grpc-0.5.0-201fc85-SNAPSHOT.jar:/home/user/.m2/repository/org/rocksdb/rocksdbjni/6.0.1/rocksdbjni-6.0.1.jar:/home/user/.m2/repository/org/apache/logging/log4j/log4j-api/2.11.0/log4j-api-2.11.0.jar:/home/user/.m2/repository/org/apache/logging/log4j/log4j-core/2.11.0/log4j-core-2.11.0.jar:/home/user/.m2/repository/com/lmax/disruptor/3.4.2/disruptor-3.4.2.jar:/home/user/.m2/repository/org/apache/commons/commons-pool2/2.6.0/commons-pool2-2.6.0.jar:/home/user/.m2/repository/org/bouncycastle/bcpkix-jdk15on/1.60/bcpkix-jdk15on-1.60.jar:/home/user/.m2/repository/commons-validator/commons-validator/1.6/commons-validator-1.6.jar:/home/user/.m2/repository/commons-digester/commons-digester/1.8.1/commons-digester-1.8.1.jar:/home/user/.m2/repository/io/jaegertracing/jaeger-client/0.34.0/jaeger-client-0.34.0.jar:/home/user/.m2/repository/io/jaegertracing/jaeger-thrift/0.34.0/jaeger-thrift-0.34.0.jar:/home/user/.m2/repository/org/apache/thrift/libthrift/0.12.0/libthrift-0.12.0.jar:/home/user/.m2/repository/com/squareup/okhttp3/okhttp/3.9.0/okhttp-3.9.0.jar:/home/user/.m2/repository/com/squareup/okio/okio/1.13.0/okio-1.13.0.jar:/home/user/.m2/repository/io/jaegertracing/jaeger-core/0.34.0/jaeger-core-0.34.0.jar:/home/user/.m2/repository/io/jaegertracing/jaeger-tracerresolver/0.34.0/jaeger-tracerresolver-0.34.0.jar:/home/user/.m2/repository/io/opentracing/contrib/opentracing-tracerresolver/0.1.5/opentracing-tracerresolver-0.1.5.jar:/home/user/.m2/repository/io/opentracing/opentracing-util/0.31.0/opentracing-util-0.31.0.jar:/home/user/.m2/repository/io/opentracing/opentracing-api/0.31.0/opentracing-api-0.31.0.jar:/home/user/.m2/repository/io/opentracing/opentracing-noop/0.31.0/opentracing-noop-0.31.0.jar:/home/user/.m2/repository/org/apache/hadoop/hadoop-hdds-server-framework/0.5.0-SNAPSHOT/hadoop-hdds-server-framework-0.5.0-SNAPSHOT.jar:/home/user/.m2/repository/org/apache/hadoop/hadoop-hdds-container-service/0.5.0-SNAPSHOT/hadoop-hdds-container-service-0.5.0-SNAPSHOT.jar:/home/user/.m2/repository/org/apache/hadoop/hadoop-hdds-client/0.5.0-SNAPSHOT/hadoop-hdds-client-0.5.0-SNAPSHOT.jar:/home/user/.m2/repository/org/apache/hadoop/hadoop-hdds-tools/0.5.0-SNAPSHOT/hadoop-hdds-tools-0.5.0-SNAPSHOT.jar:/home/user/.m2/repository/org/apache/hadoop/hadoop-hdds-server-scm/0.5.0-SNAPSHOT/hadoop-hdds-server-scm-0.5.0-SNAPSHOT.jar:/home/user/.m2/repository/org/apache/hadoop/hadoop-hdds-docs/0.5.0-SNAPSHOT/hadoop-hdds-docs-0.5.0-SNAPSHOT.jar:/home/user/.m2/repository/io/dropwizard/metrics/metrics-core/3.2.4/metrics-core-3.2.4.jar:/home/user/.m2/repository/org/hamcrest/hamcrest-all/1.3/hamcrest-all-1.3.jar:/home/user/.m2/repository/org/bouncycastle/bcprov-jdk15on/1.60/bcprov-jdk15on-1.60.jar:/home/user/.m2/repository/info/picocli/picocli/3.9.6/picocli-3.9.6.jar:/home/user/.m2/repository/com/google/protobuf/protobuf-java/2.5.0/protobuf-java-2.5.0.jar:/home/user/.m2/repository/com/google/guava/guava/11.0.2/guava-11.0.2.jar:/home/user/.m2/repository/org/apache/hadoop/hadoop-ozone-ozone-manager/0.5.0-SNAPSHOT/hadoop-ozone-ozone-manager-0.5.0-SNAPSHOT.jar:/home/user/.m2/repository/org/apache/hadoop/hadoop-minikdc/3.2.0/hadoop-minikdc-3.2.0.jar:/home/user/.m2/repository/commons-io/commons-io/2.5/commons-io-2.5.jar:/home/user/.m2/repository/org/apache/kerby/kerb-simplekdc/1.0.1/kerb-simplekdc-1.0.1.jar:/home/user/.m2/repository/org/apache/kerby/kerb-client/1.0.1/kerb-client-1.0.1.jar:/home/user/.m2/repository/org/apache/kerby/kerby-config/1.0.1/kerby-config-1.0.1.jar:/home/user/.m2/repository/org/apache/kerby/kerb-core/1.0.1/kerb-core-1.0.1.jar:/home/user/.m2/repository/org/apache/kerby/kerby-pkix/1.0.1/kerby-pkix-1.0.1.jar:/home/user/.m2/repository/org/apache/kerby/kerby-asn1/1.0.1/kerby-asn1-1.0.1.jar:/home/user/.m2/repository/org/apache/kerby/kerby-util/1.0.1/kerby-util-1.0.1.jar:/home/user/.m2/repository/org/apache/kerby/kerb-common/1.0.1/kerb-common-1.0.1.jar:/home/user/.m2/repository/org/apache/kerby/kerb-crypto/1.0.1/kerb-crypto-1.0.1.jar:/home/user/.m2/repository/org/apache/kerby/kerb-util/1.0.1/kerb-util-1.0.1.jar:/home/user/.m2/repository/org/apache/kerby/token-provider/1.0.1/token-provider-1.0.1.jar:/home/user/.m2/repository/org/apache/kerby/kerb-admin/1.0.1/kerb-admin-1.0.1.jar:/home/user/.m2/repository/org/apache/kerby/kerb-server/1.0.1/kerb-server-1.0.1.jar:/home/user/.m2/repository/org/apache/kerby/kerb-identity/1.0.1/kerb-identity-1.0.1.jar:/home/user/.m2/repository/org/apache/kerby/kerby-xdr/1.0.1/kerby-xdr-1.0.1.jar:/home/user/.m2/repository/org/slf4j/slf4j-log4j12/1.7.25/slf4j-log4j12-1.7.25.jar:/home/user/.m2/repository/org/apache/hadoop/hadoop-ozone-s3gateway/0.5.0-SNAPSHOT/hadoop-ozone-s3gateway-0.5.0-SNAPSHOT.jar:/home/user/.m2/repository/org/jboss/weld/servlet/weld-servlet/2.4.7.Final/weld-servlet-2.4.7.Final.jar:/home/user/.m2/repository/org/glassfish/jersey/containers/jersey-container-servlet-core/2.27/jersey-container-servlet-core-2.27.jar:/home/user/.m2/repository/org/glassfish/hk2/external/javax.inject/2.5.0-b42/javax.inject-2.5.0-b42.jar:/home/user/.m2/repository/org/glassfish/jersey/core/jersey-common/2.27/jersey-common-2.27.jar:/home/user/.m2/repository/org/glassfish/hk2/osgi-resource-locator/1.0.1/osgi-resource-locator-1.0.1.jar:/home/user/.m2/repository/javax/ws/rs/javax.ws.rs-api/2.1/javax.ws.rs-api-2.1.jar:/home/user/.m2/repository/org/glassfish/jersey/ext/cdi/jersey-cdi1x/2.27/jersey-cdi1x-2.27.jar:/home/user/.m2/repository/org/glassfish/jersey/inject/jersey-hk2/2.27/jersey-hk2-2.27.jar:/home/user/.m2/repository/org/glassfish/hk2/hk2-locator/2.5.0-b42/hk2-locator-2.5.0-b42.jar:/home/user/.m2/repository/org/javassist/javassist/3.22.0-CR2/javassist-3.22.0-CR2.jar:/home/user/.m2/repository/org/glassfish/hk2/hk2-api/2.5.0/hk2-api-2.5.0.jar:/home/user/.m2/repository/org/glassfish/hk2/external/jakarta.inject/2.5.0/jakarta.inject-2.5.0.jar:/home/user/.m2/repository/org/glassfish/hk2/hk2-utils/2.5.0/hk2-utils-2.5.0.jar:/home/user/.m2/repository/jakarta/annotation/jakarta.annotation-api/1.3.4/jakarta.annotation-api-1.3.4.jar:/home/user/.m2/repository/org/glassfish/hk2/external/aopalliance-repackaged/2.5.0/aopalliance-repackaged-2.5.0.jar:/home/user/.m2/repository/com/fasterxml/jackson/dataformat/jackson-dataformat-xml/2.9.0/jackson-dataformat-xml-2.9.0.jar:/home/user/.m2/repository/com/fasterxml/jackson/core/jackson-core/2.9.9/jackson-core-2.9.9.jar:/home/user/.m2/repository/com/fasterxml/jackson/module/jackson-module-jaxb-annotations/2.9.9/jackson-module-jaxb-annotations-2.9.9.jar:/home/user/.m2/repository/javax/enterprise/cdi-api/1.2/cdi-api-1.2.jar:/home/user/.m2/repository/javax/el/javax.el-api/3.0.0/javax.el-api-3.0.0.jar:/home/user/.m2/repository/javax/interceptor/javax.interceptor-api/1.2/javax.interceptor-api-1.2.jar:/home/user/.m2/repository/javax/inject/javax.inject/1/javax.inject-1.jar:/home/user/.m2/repository/com/sun/xml/bind/jaxb-impl/2.3.0.1/jaxb-impl-2.3.0.1.jar:/home/user/.m2/repository/com/sun/xml/bind/jaxb-core/2.3.0.1/jaxb-core-2.3.0.1.jar:/home/user/.m2/repository/javax/xml/bind/jaxb-api/2.3.0/jaxb-api-2.3.0.jar:/home/user/.m2/repository/javax/activation/activation/1.1.1/activation-1.1.1.jar:/home/user/.m2/repository/org/apache/hadoop/hadoop-ozone-csi/0.5.0-SNAPSHOT/hadoop-ozone-csi-0.5.0-SNAPSHOT.jar:/home/user/.m2/repository/com/google/protobuf/protobuf-java-util/3.5.1/protobuf-java-util-3.5.1.jar:/home/user/.m2/repository/org/apache/hadoop/hadoop-hdds-config/0.5.0-SNAPSHOT/hadoop-hdds-config-0.5.0-SNAPSHOT.jar:/home/user/.m2/repository/io/grpc/grpc-netty/1.17.1/grpc-netty-1.17.1.jar:/home/user/.m2/repository/io/grpc/grpc-core/1.17.1/grpc-core-1.17.1.jar:/home/user/.m2/repository/io/grpc/grpc-context/1.17.1/grpc-context-1.17.1.jar:/home/user/.m2/repository/com/google/errorprone/error_prone_annotations/2.2.0/error_prone_annotations-2.2.0.jar:/home/user/.m2/repository/org/codehaus/mojo/animal-sniffer-annotations/1.17/animal-sniffer-annotations-1.17.jar:/home/user/.m2/repository/io/opencensus/opencensus-api/0.17.0/opencensus-api-0.17.0.jar:/home/user/.m2/repository/io/opencensus/opencensus-contrib-grpc-metrics/0.17.0/opencensus-contrib-grpc-metrics-0.17.0.jar:/home/user/.m2/repository/io/netty/netty-codec-http2/4.1.30.Final/netty-codec-http2-4.1.30.Final.jar:/home/user/.m2/repository/io/netty/netty-codec-http/4.1.30.Final/netty-codec-http-4.1.30.Final.jar:/home/user/.m2/repository/io/netty/netty-codec/4.1.30.Final/netty-codec-4.1.30.Final.jar:/home/user/.m2/repository/io/netty/netty-handler/4.1.30.Final/netty-handler-4.1.30.Final.jar:/home/user/.m2/repository/io/netty/netty-handler-proxy/4.1.30.Final/netty-handler-proxy-4.1.30.Final.jar:/home/user/.m2/repository/io/netty/netty-codec-socks/4.1.30.Final/netty-codec-socks-4.1.30.Final.jar:/home/user/.m2/repository/io/netty/netty-transport-native-epoll/4.1.30.Final/netty-transport-native-epoll-4.1.30.Final.jar:/home/user/.m2/repository/io/netty/netty-common/4.1.30.Final/netty-common-4.1.30.Final.jar:/home/user/.m2/repository/io/netty/netty-buffer/4.1.30.Final/netty-buffer-4.1.30.Final.jar:/home/user/.m2/repository/io/netty/netty-transport/4.1.30.Final/netty-transport-4.1.30.Final.jar:/home/user/.m2/repository/io/netty/netty-resolver/4.1.30.Final/netty-resolver-4.1.30.Final.jar:/home/user/.m2/repository/io/netty/netty-transport-native-unix-common/4.1.30.Final/netty-transport-native-unix-common-4.1.30.Final.jar:/home/user/.m2/repository/io/grpc/grpc-protobuf/1.17.1/grpc-protobuf-1.17.1.jar:/home/user/.m2/repository/com/google/api/grpc/proto-google-common-protos/1.0.0/proto-google-common-protos-1.0.0.jar:/home/user/.m2/repository/io/grpc/grpc-protobuf-lite/1.17.1/grpc-protobuf-lite-1.17.1.jar:/home/user/.m2/repository/io/grpc/grpc-stub/1.17.1/grpc-stub-1.17.1.jar:/home/user/.m2/repository/org/apache/hadoop/hadoop-ozone-recon/0.5.0-SNAPSHOT/hadoop-ozone-recon-0.5.0-SNAPSHOT.jar:/home/user/.m2/repository/org/apache/hadoop/hadoop-ozone-reconcodegen/0.5.0-SNAPSHOT/hadoop-ozone-reconcodegen-0.5.0-SNAPSHOT.jar:/home/user/.m2/repository/com/google/inject/extensions/guice-multibindings/4.0/guice-multibindings-4.0.jar:/home/user/.m2/repository/com/google/inject/guice/4.0/guice-4.0.jar:/home/user/.m2/repository/aopalliance/aopalliance/1.0/aopalliance-1.0.jar:/home/user/.m2/repository/com/google/inject/extensions/guice-servlet/4.0/guice-servlet-4.0.jar:/home/user/.m2/repository/org/glassfish/jersey/containers/jersey-container-servlet/2.27/jersey-container-servlet-2.27.jar:/home/user/.m2/repository/org/glassfish/hk2/guice-bridge/2.5.0/guice-bridge-2.5.0.jar:/home/user/.m2/repository/org/glassfish/jersey/core/jersey-server/2.27/jersey-server-2.27.jar:/home/user/.m2/repository/org/glassfish/jersey/core/jersey-client/2.27/jersey-client-2.27.jar:/home/user/.m2/repository/org/glassfish/jersey/media/jersey-media-jaxb/2.27/jersey-media-jaxb-2.27.jar:/home/user/.m2/repository/javax/validation/validation-api/1.1.0.Final/validation-api-1.1.0.Final.jar:/home/user/.m2/repository/org/glassfish/jersey/media/jersey-media-json-jackson/2.27/jersey-media-json-jackson-2.27.jar:/home/user/.m2/repository/org/glassfish/jersey/ext/jersey-entity-filtering/2.27/jersey-entity-filtering-2.27.jar:/home/user/.m2/repository/com/google/inject/extensions/guice-assistedinject/4.0/guice-assistedinject-4.0.jar:/home/user/.m2/repository/org/jooq/jooq/3.11.10/jooq-3.11.10.jar:/home/user/.m2/repository/org/jooq/jooq-meta/3.11.10/jooq-meta-3.11.10.jar:/home/user/.m2/repository/org/jooq/jooq-codegen/3.11.10/jooq-codegen-3.11.10.jar:/home/user/.m2/repository/com/jolbox/bonecp/0.8.0.RELEASE/bonecp-0.8.0.RELEASE.jar:/home/user/.m2/repository/org/xerial/sqlite-jdbc/3.25.2/sqlite-jdbc-3.25.2.jar:/home/user/.m2/repository/org/springframework/spring-jdbc/5.1.3.RELEASE/spring-jdbc-5.1.3.RELEASE.jar:/home/user/.m2/repository/org/springframework/spring-beans/5.1.3.RELEASE/spring-beans-5.1.3.RELEASE.jar:/home/user/.m2/repository/org/springframework/spring-core/5.1.3.RELEASE/spring-core-5.1.3.RELEASE.jar:/home/user/.m2/repository/org/springframework/spring-jcl/5.1.3.RELEASE/spring-jcl-5.1.3.RELEASE.jar:/home/user/.m2/repository/org/springframework/spring-tx/5.1.3.RELEASE/spring-tx-5.1.3.RELEASE.jar:/home/user/.m2/repository/org/apache/hadoop/hadoop-ozone-client/0.5.0-SNAPSHOT/hadoop-ozone-client-0.5.0-SNAPSHOT.jar:/home/user/.m2/repository/commons-lang/commons-lang/2.6/commons-lang-2.6.jar:/home/user/.m2/repository/org/apache/hadoop/hadoop-ozone-ozone-manager/0.5.0-SNAPSHOT/hadoop-ozone-ozone-manager-0.5.0-SNAPSHOT-tests.jar:/home/user/.m2/repository/junit/junit/4.11/junit-4.11.jar:/home/user/.m2/repository/org/hamcrest/hamcrest-core/1.3/hamcrest-core-1.3.jar:/home/user/.m2/repository/org/openjdk/jmh/jmh-core/1.19/jmh-core-1.19.jar:/home/user/.m2/repository/net/sf/jopt-simple/jopt-simple/4.6/jopt-simple-4.6.jar:/home/user/.m2/repository/org/apache/commons/commons-math3/3.1.1/commons-math3-3.1.1.jar:/home/user/.m2/repository/org/openjdk/jmh/jmh-generator-annprocess/1.19/jmh-generator-annprocess-1.19.jar:/home/user/.m2/repository/org/mockito/mockito-all/1.8.5/mockito-all-1.8.5.jar:/home/user/.m2/repository/org/apache/hadoop/hadoop-kms/3.2.0/hadoop-kms-3.2.0.jar:/home/user/.m2/repository/org/apache/hadoop/hadoop-auth/3.2.0/hadoop-auth-3.2.0.jar:/home/user/.m2/repository/com/nimbusds/nimbus-jose-jwt/4.41.1/nimbus-jose-jwt-4.41.1.jar:/home/user/.m2/repository/com/github/stephenc/jcip/jcip-annotations/1.0-1/jcip-annotations-1.0-1.jar:/home/user/.m2/repository/net/minidev/json-smart/2.3/json-smart-2.3.jar:/home/user/.m2/repository/net/minidev/accessors-smart/1.2/accessors-smart-1.2.jar:/home/user/.m2/repository/org/ow2/asm/asm/5.0.4/asm-5.0.4.jar:/home/user/.m2/repository/org/apache/curator/curator-framework/2.12.0/curator-framework-2.12.0.jar:/home/user/.m2/repository/com/sun/jersey/jersey-core/1.19/jersey-core-1.19.jar:/home/user/.m2/repository/javax/ws/rs/jsr311-api/1.1.1/jsr311-api-1.1.1.jar:/home/user/.m2/repository/com/sun/jersey/jersey-server/1.19/jersey-server-1.19.jar:/home/user/.m2/repository/javax/servlet/javax.servlet-api/3.1.0/javax.servlet-api-3.1.0.jar:/home/user/.m2/repository/org/eclipse/jetty/jetty-server/9.3.25.v20180904/jetty-server-9.3.25.v20180904.jar:/home/user/.m2/repository/org/eclipse/jetty/jetty-http/9.3.25.v20180904/jetty-http-9.3.25.v20180904.jar:/home/user/.m2/repository/org/eclipse/jetty/jetty-io/9.3.25.v20180904/jetty-io-9.3.25.v20180904.jar:/home/user/.m2/repository/org/eclipse/jetty/jetty-webapp/9.3.25.v20180904/jetty-webapp-9.3.25.v20180904.jar:/home/user/.m2/repository/org/eclipse/jetty/jetty-xml/9.3.25.v20180904/jetty-xml-9.3.25.v20180904.jar:/home/user/.m2/repository/log4j/log4j/1.2.17/log4j-1.2.17.jar:/home/user/.m2/repository/org/slf4j/slf4j-api/1.7.25/slf4j-api-1.7.25.jar:/home/user/.m2/repository/org/slf4j/jul-to-slf4j/1.7.25/jul-to-slf4j-1.7.25.jar:/home/user/.m2/repository/org/eclipse/jetty/jetty-util/9.3.25.v20180904/jetty-util-9.3.25.v20180904.jar:/home/user/.m2/repository/com/fasterxml/jackson/core/jackson-databind/2.9.9/jackson-databind-2.9.9.jar:/home/user/.m2/repository/org/apache/hadoop/hadoop-kms/3.2.0/hadoop-kms-3.2.0-tests.jar:/home/user/.m2/repository/org/apache/hadoop/hadoop-hdds-server-scm/0.5.0-SNAPSHOT/hadoop-hdds-server-scm-0.5.0-SNAPSHOT-tests.jar:/home/user/.m2/repository/org/apache/hadoop/hadoop-hdds-container-service/0.5.0-SNAPSHOT/hadoop-hdds-container-service-0.5.0-SNAPSHOT-tests.jar:/home/user/.m2/repository/org/yaml/snakeyaml/1.16/snakeyaml-1.16.jar:/home/user/.m2/repository/org/apache/hadoop/hadoop-common/3.2.0/hadoop-common-3.2.0-tests.jar:/home/user/.m2/repository/org/apache/hadoop/hadoop-annotations/3.2.0/hadoop-annotations-3.2.0.jar:/usr/lib/jvm/java-1.8.0-openjdk-1.8.0.222.b10-1.el7_7.x86_64/jre/../lib/tools.jar:/home/user/.m2/repository/commons-cli/commons-cli/1.2/commons-cli-1.2.jar:/home/user/.m2/repository/org/apache/httpcomponents/httpclient/4.5.2/httpclient-4.5.2.jar:/home/user/.m2/repository/org/apache/httpcomponents/httpcore/4.4.4/httpcore-4.4.4.jar:/home/user/.m2/repository/commons-codec/commons-codec/1.11/commons-codec-1.11.jar:/home/user/.m2/repository/commons-net/commons-net/3.6/commons-net-3.6.jar:/home/user/.m2/repository/commons-collections/commons-collections/3.2.2/commons-collections-3.2.2.jar:/home/user/.m2/repository/org/eclipse/jetty/jetty-servlet/9.3.25.v20180904/jetty-servlet-9.3.25.v20180904.jar:/home/user/.m2/repository/org/eclipse/jetty/jetty-security/9.3.25.v20180904/jetty-security-9.3.25.v20180904.jar:/home/user/.m2/repository/javax/servlet/jsp/jsp-api/2.1/jsp-api-2.1.jar:/home/user/.m2/repository/com/sun/jersey/jersey-servlet/1.19/jersey-servlet-1.19.jar:/home/user/.m2/repository/com/sun/jersey/jersey-json/1.19/jersey-json-1.19.jar:/home/user/.m2/repository/org/codehaus/jettison/jettison/1.1/jettison-1.1.jar:/home/user/.m2/repository/org/codehaus/jackson/jackson-core-asl/1.9.13/jackson-core-asl-1.9.13.jar:/home/user/.m2/repository/org/codehaus/jackson/jackson-mapper-asl/1.9.13/jackson-mapper-asl-1.9.13.jar:/home/user/.m2/repository/org/codehaus/jackson/jackson-jaxrs/1.9.13/jackson-jaxrs-1.9.13.jar:/home/user/.m2/repository/org/codehaus/jackson/jackson-xc/1.9.13/jackson-xc-1.9.13.jar:/home/user/.m2/repository/commons-logging/commons-logging/1.1.3/commons-logging-1.1.3.jar:/home/user/.m2/repository/commons-beanutils/commons-beanutils/1.9.4/commons-beanutils-1.9.4.jar:/home/user/.m2/repository/org/apache/commons/commons-configuration2/2.1.1/commons-configuration2-2.1.1.jar:/home/user/.m2/repository/org/apache/commons/commons-lang3/3.7/commons-lang3-3.7.jar:/home/user/.m2/repository/org/apache/commons/commons-text/1.4/commons-text-1.4.jar:/home/user/.m2/repository/org/apache/avro/avro/1.7.7/avro-1.7.7.jar:/home/user/.m2/repository/com/thoughtworks/paranamer/paranamer/2.3/paranamer-2.3.jar:/home/user/.m2/repository/org/xerial/snappy/snappy-java/1.0.5/snappy-java-1.0.5.jar:/home/user/.m2/repository/com/google/re2j/re2j/1.1/re2j-1.1.jar:/home/user/.m2/repository/com/google/code/gson/gson/2.2.4/gson-2.2.4.jar:/home/user/.m2/repository/com/jcraft/jsch/0.1.54/jsch-0.1.54.jar:/home/user/.m2/repository/org/apache/curator/curator-client/2.12.0/curator-client-2.12.0.jar:/home/user/.m2/repository/org/apache/curator/curator-recipes/2.12.0/curator-recipes-2.12.0.jar:/home/user/.m2/repository/com/google/code/findbugs/jsr305/3.0.0/jsr305-3.0.0.jar:/home/user/.m2/repository/org/apache/htrace/htrace-core4/4.1.0-incubating/htrace-core4-4.1.0-incubating.jar:/home/user/.m2/repository/org/apache/zookeeper/zookeeper/3.4.13/zookeeper-3.4.13.jar:/home/user/.m2/repository/jline/jline/0.9.94/jline-0.9.94.jar:/home/user/.m2/repository/org/apache/yetus/audience-annotations/0.5.0/audience-annotations-0.5.0.jar:/home/user/.m2/repository/org/codehaus/woodstox/stax2-api/3.1.4/stax2-api-3.1.4.jar:/home/user/.m2/repository/com/fasterxml/woodstox/woodstox-core/5.0.3/woodstox-core-5.0.3.jar:/home/user/.m2/repository/dnsjava/dnsjava/2.1.7/dnsjava-2.1.7.jar:/home/user/.m2/repository/org/apache/hadoop/hadoop-hdfs/3.2.0/hadoop-hdfs-3.2.0-tests.jar:/home/user/.m2/repository/org/eclipse/jetty/jetty-util-ajax/9.3.25.v20180904/jetty-util-ajax-9.3.25.v20180904.jar:/home/user/.m2/repository/commons-daemon/commons-daemon/1.0.13/commons-daemon-1.0.13.jar:/home/user/.m2/repository/io/netty/netty/3.10.5.Final/netty-3.10.5.Final.jar:/home/user/.m2/repository/io/netty/netty-all/4.0.52.Final/netty-all-4.0.52.Final.jar:/home/user/.m2/repository/org/fusesource/leveldbjni/leveldbjni-all/1.8/leveldbjni-all-1.8.jar:"/>
    <property name="java.vm.vendor" value="Oracle Corporation"/>
    <property name="sun.arch.data.model" value="64"/>
    <property name="test.build.dir" value="/workdir/hadoop-ozone/integration-test/target/test-dir"/>
    <property name="test.cache.data" value=""/>
    <property name="java.vendor.url" value="http://java.oracle.com/"/>
    <property name="user.timezone" value=""/>
    <property name="java.vm.specification.version" value="1.8"/>
    <property name="os.name" value="Linux"/>
    <property name="test.build.data" value="/workdir/hadoop-ozone/integration-test/target/test-dir"/>
    <property name="user.country" value="US"/>
    <property name="sun.java.launcher" value="SUN_STANDARD"/>
    <property name="sun.boot.library.path" value="/usr/lib/jvm/java-1.8.0-openjdk-1.8.0.222.b10-1.el7_7.x86_64/jre/lib/amd64"/>
    <property name="sun.java.command" value="/workdir/hadoop-ozone/integration-test/target/surefire/surefirebooter4576400754074790535.jar /workdir/hadoop-ozone/integration-test/target/surefire 2019-10-15T22-32-19_636-jvmRun1 surefire873850165152460685tmp surefire_208821201585648726501tmp"/>
    <property name="test" value="!TestMiniChaosOzoneCluster"/>
    <property name="surefire.test.class.path" value="/workdir/hadoop-ozone/integration-test/target/test-classes:/workdir/hadoop-ozone/integration-test/target/classes:/home/user/.m2/repository/org/apache/hadoop/hadoop-ozone-common/0.5.0-SNAPSHOT/hadoop-ozone-common-0.5.0-SNAPSHOT.jar:/home/user/.m2/repository/org/apache/commons/commons-compress/1.4.1/commons-compress-1.4.1.jar:/home/user/.m2/repository/org/tukaani/xz/1.0/xz-1.0.jar:/home/user/.m2/repository/org/apache/hadoop/hadoop-common/3.2.0/hadoop-common-3.2.0.jar:/home/user/.m2/repository/org/apache/hadoop/hadoop-hdfs/3.2.0/hadoop-hdfs-3.2.0.jar:/home/user/.m2/repository/org/apache/hadoop/hadoop-hdfs-client/3.2.0/hadoop-hdfs-client-3.2.0.jar:/home/user/.m2/repository/com/fasterxml/jackson/core/jackson-annotations/2.9.9/jackson-annotations-2.9.9.jar:/home/user/.m2/repository/org/apache/hadoop/hadoop-hdds-common/0.5.0-SNAPSHOT/hadoop-hdds-common-0.5.0-SNAPSHOT.jar:/home/user/.m2/repository/javax/annotation/javax.annotation-api/1.2/javax.annotation-api-1.2.jar:/home/user/.m2/repository/org/apache/ratis/ratis-server/0.5.0-201fc85-SNAPSHOT/ratis-server-0.5.0-201fc85-SNAPSHOT.jar:/home/user/.m2/repository/org/apache/ratis/ratis-thirdparty-misc/0.2.0/ratis-thirdparty-misc-0.2.0.jar:/home/user/.m2/repository/org/apache/ratis/ratis-proto/0.5.0-201fc85-SNAPSHOT/ratis-proto-0.5.0-201fc85-SNAPSHOT.jar:/home/user/.m2/repository/org/apache/ratis/ratis-common/0.5.0-201fc85-SNAPSHOT/ratis-common-0.5.0-201fc85-SNAPSHOT.jar:/home/user/.m2/repository/org/apache/ratis/ratis-client/0.5.0-201fc85-SNAPSHOT/ratis-client-0.5.0-201fc85-SNAPSHOT.jar:/home/user/.m2/repository/org/apache/ratis/ratis-metrics/0.5.0-201fc85-SNAPSHOT/ratis-metrics-0.5.0-201fc85-SNAPSHOT.jar:/home/user/.m2/repository/com/github/joshelser/dropwizard-metrics-hadoop-metrics2-reporter/0.1.2/dropwizard-metrics-hadoop-metrics2-reporter-0.1.2.jar:/home/user/.m2/repository/io/dropwizard/metrics/metrics-jvm/3.2.5/metrics-jvm-3.2.5.jar:/home/user/.m2/repository/io/dropwizard/metrics/metrics-ganglia/3.2.5/metrics-ganglia-3.2.5.jar:/home/user/.m2/repository/info/ganglia/gmetric4j/gmetric4j/1.0.7/gmetric4j-1.0.7.jar:/home/user/.m2/repository/org/apache/ratis/ratis-netty/0.5.0-201fc85-SNAPSHOT/ratis-netty-0.5.0-201fc85-SNAPSHOT.jar:/home/user/.m2/repository/org/apache/ratis/ratis-grpc/0.5.0-201fc85-SNAPSHOT/ratis-grpc-0.5.0-201fc85-SNAPSHOT.jar:/home/user/.m2/repository/org/rocksdb/rocksdbjni/6.0.1/rocksdbjni-6.0.1.jar:/home/user/.m2/repository/org/apache/logging/log4j/log4j-api/2.11.0/log4j-api-2.11.0.jar:/home/user/.m2/repository/org/apache/logging/log4j/log4j-core/2.11.0/log4j-core-2.11.0.jar:/home/user/.m2/repository/com/lmax/disruptor/3.4.2/disruptor-3.4.2.jar:/home/user/.m2/repository/org/apache/commons/commons-pool2/2.6.0/commons-pool2-2.6.0.jar:/home/user/.m2/repository/org/bouncycastle/bcpkix-jdk15on/1.60/bcpkix-jdk15on-1.60.jar:/home/user/.m2/repository/commons-validator/commons-validator/1.6/commons-validator-1.6.jar:/home/user/.m2/repository/commons-digester/commons-digester/1.8.1/commons-digester-1.8.1.jar:/home/user/.m2/repository/io/jaegertracing/jaeger-client/0.34.0/jaeger-client-0.34.0.jar:/home/user/.m2/repository/io/jaegertracing/jaeger-thrift/0.34.0/jaeger-thrift-0.34.0.jar:/home/user/.m2/repository/org/apache/thrift/libthrift/0.12.0/libthrift-0.12.0.jar:/home/user/.m2/repository/com/squareup/okhttp3/okhttp/3.9.0/okhttp-3.9.0.jar:/home/user/.m2/repository/com/squareup/okio/okio/1.13.0/okio-1.13.0.jar:/home/user/.m2/repository/io/jaegertracing/jaeger-core/0.34.0/jaeger-core-0.34.0.jar:/home/user/.m2/repository/io/jaegertracing/jaeger-tracerresolver/0.34.0/jaeger-tracerresolver-0.34.0.jar:/home/user/.m2/repository/io/opentracing/contrib/opentracing-tracerresolver/0.1.5/opentracing-tracerresolver-0.1.5.jar:/home/user/.m2/repository/io/opentracing/opentracing-util/0.31.0/opentracing-util-0.31.0.jar:/home/user/.m2/repository/io/opentracing/opentracing-api/0.31.0/opentracing-api-0.31.0.jar:/home/user/.m2/repository/io/opentracing/opentracing-noop/0.31.0/opentracing-noop-0.31.0.jar:/home/user/.m2/repository/org/apache/hadoop/hadoop-hdds-server-framework/0.5.0-SNAPSHOT/hadoop-hdds-server-framework-0.5.0-SNAPSHOT.jar:/home/user/.m2/repository/org/apache/hadoop/hadoop-hdds-container-service/0.5.0-SNAPSHOT/hadoop-hdds-container-service-0.5.0-SNAPSHOT.jar:/home/user/.m2/repository/org/apache/hadoop/hadoop-hdds-client/0.5.0-SNAPSHOT/hadoop-hdds-client-0.5.0-SNAPSHOT.jar:/home/user/.m2/repository/org/apache/hadoop/hadoop-hdds-tools/0.5.0-SNAPSHOT/hadoop-hdds-tools-0.5.0-SNAPSHOT.jar:/home/user/.m2/repository/org/apache/hadoop/hadoop-hdds-server-scm/0.5.0-SNAPSHOT/hadoop-hdds-server-scm-0.5.0-SNAPSHOT.jar:/home/user/.m2/repository/org/apache/hadoop/hadoop-hdds-docs/0.5.0-SNAPSHOT/hadoop-hdds-docs-0.5.0-SNAPSHOT.jar:/home/user/.m2/repository/io/dropwizard/metrics/metrics-core/3.2.4/metrics-core-3.2.4.jar:/home/user/.m2/repository/org/hamcrest/hamcrest-all/1.3/hamcrest-all-1.3.jar:/home/user/.m2/repository/org/bouncycastle/bcprov-jdk15on/1.60/bcprov-jdk15on-1.60.jar:/home/user/.m2/repository/info/picocli/picocli/3.9.6/picocli-3.9.6.jar:/home/user/.m2/repository/com/google/protobuf/protobuf-java/2.5.0/protobuf-java-2.5.0.jar:/home/user/.m2/repository/com/google/guava/guava/11.0.2/guava-11.0.2.jar:/home/user/.m2/repository/org/apache/hadoop/hadoop-ozone-ozone-manager/0.5.0-SNAPSHOT/hadoop-ozone-ozone-manager-0.5.0-SNAPSHOT.jar:/home/user/.m2/repository/org/apache/hadoop/hadoop-minikdc/3.2.0/hadoop-minikdc-3.2.0.jar:/home/user/.m2/repository/commons-io/commons-io/2.5/commons-io-2.5.jar:/home/user/.m2/repository/org/apache/kerby/kerb-simplekdc/1.0.1/kerb-simplekdc-1.0.1.jar:/home/user/.m2/repository/org/apache/kerby/kerb-client/1.0.1/kerb-client-1.0.1.jar:/home/user/.m2/repository/org/apache/kerby/kerby-config/1.0.1/kerby-config-1.0.1.jar:/home/user/.m2/repository/org/apache/kerby/kerb-core/1.0.1/kerb-core-1.0.1.jar:/home/user/.m2/repository/org/apache/kerby/kerby-pkix/1.0.1/kerby-pkix-1.0.1.jar:/home/user/.m2/repository/org/apache/kerby/kerby-asn1/1.0.1/kerby-asn1-1.0.1.jar:/home/user/.m2/repository/org/apache/kerby/kerby-util/1.0.1/kerby-util-1.0.1.jar:/home/user/.m2/repository/org/apache/kerby/kerb-common/1.0.1/kerb-common-1.0.1.jar:/home/user/.m2/repository/org/apache/kerby/kerb-crypto/1.0.1/kerb-crypto-1.0.1.jar:/home/user/.m2/repository/org/apache/kerby/kerb-util/1.0.1/kerb-util-1.0.1.jar:/home/user/.m2/repository/org/apache/kerby/token-provider/1.0.1/token-provider-1.0.1.jar:/home/user/.m2/repository/org/apache/kerby/kerb-admin/1.0.1/kerb-admin-1.0.1.jar:/home/user/.m2/repository/org/apache/kerby/kerb-server/1.0.1/kerb-server-1.0.1.jar:/home/user/.m2/repository/org/apache/kerby/kerb-identity/1.0.1/kerb-identity-1.0.1.jar:/home/user/.m2/repository/org/apache/kerby/kerby-xdr/1.0.1/kerby-xdr-1.0.1.jar:/home/user/.m2/repository/org/slf4j/slf4j-log4j12/1.7.25/slf4j-log4j12-1.7.25.jar:/home/user/.m2/repository/org/apache/hadoop/hadoop-ozone-s3gateway/0.5.0-SNAPSHOT/hadoop-ozone-s3gateway-0.5.0-SNAPSHOT.jar:/home/user/.m2/repository/org/jboss/weld/servlet/weld-servlet/2.4.7.Final/weld-servlet-2.4.7.Final.jar:/home/user/.m2/repository/org/glassfish/jersey/containers/jersey-container-servlet-core/2.27/jersey-container-servlet-core-2.27.jar:/home/user/.m2/repository/org/glassfish/hk2/external/javax.inject/2.5.0-b42/javax.inject-2.5.0-b42.jar:/home/user/.m2/repository/org/glassfish/jersey/core/jersey-common/2.27/jersey-common-2.27.jar:/home/user/.m2/repository/org/glassfish/hk2/osgi-resource-locator/1.0.1/osgi-resource-locator-1.0.1.jar:/home/user/.m2/repository/javax/ws/rs/javax.ws.rs-api/2.1/javax.ws.rs-api-2.1.jar:/home/user/.m2/repository/org/glassfish/jersey/ext/cdi/jersey-cdi1x/2.27/jersey-cdi1x-2.27.jar:/home/user/.m2/repository/org/glassfish/jersey/inject/jersey-hk2/2.27/jersey-hk2-2.27.jar:/home/user/.m2/repository/org/glassfish/hk2/hk2-locator/2.5.0-b42/hk2-locator-2.5.0-b42.jar:/home/user/.m2/repository/org/javassist/javassist/3.22.0-CR2/javassist-3.22.0-CR2.jar:/home/user/.m2/repository/org/glassfish/hk2/hk2-api/2.5.0/hk2-api-2.5.0.jar:/home/user/.m2/repository/org/glassfish/hk2/external/jakarta.inject/2.5.0/jakarta.inject-2.5.0.jar:/home/user/.m2/repository/org/glassfish/hk2/hk2-utils/2.5.0/hk2-utils-2.5.0.jar:/home/user/.m2/repository/jakarta/annotation/jakarta.annotation-api/1.3.4/jakarta.annotation-api-1.3.4.jar:/home/user/.m2/repository/org/glassfish/hk2/external/aopalliance-repackaged/2.5.0/aopalliance-repackaged-2.5.0.jar:/home/user/.m2/repository/com/fasterxml/jackson/dataformat/jackson-dataformat-xml/2.9.0/jackson-dataformat-xml-2.9.0.jar:/home/user/.m2/repository/com/fasterxml/jackson/core/jackson-core/2.9.9/jackson-core-2.9.9.jar:/home/user/.m2/repository/com/fasterxml/jackson/module/jackson-module-jaxb-annotations/2.9.9/jackson-module-jaxb-annotations-2.9.9.jar:/home/user/.m2/repository/javax/enterprise/cdi-api/1.2/cdi-api-1.2.jar:/home/user/.m2/repository/javax/el/javax.el-api/3.0.0/javax.el-api-3.0.0.jar:/home/user/.m2/repository/javax/interceptor/javax.interceptor-api/1.2/javax.interceptor-api-1.2.jar:/home/user/.m2/repository/javax/inject/javax.inject/1/javax.inject-1.jar:/home/user/.m2/repository/com/sun/xml/bind/jaxb-impl/2.3.0.1/jaxb-impl-2.3.0.1.jar:/home/user/.m2/repository/com/sun/xml/bind/jaxb-core/2.3.0.1/jaxb-core-2.3.0.1.jar:/home/user/.m2/repository/javax/xml/bind/jaxb-api/2.3.0/jaxb-api-2.3.0.jar:/home/user/.m2/repository/javax/activation/activation/1.1.1/activation-1.1.1.jar:/home/user/.m2/repository/org/apache/hadoop/hadoop-ozone-csi/0.5.0-SNAPSHOT/hadoop-ozone-csi-0.5.0-SNAPSHOT.jar:/home/user/.m2/repository/com/google/protobuf/protobuf-java-util/3.5.1/protobuf-java-util-3.5.1.jar:/home/user/.m2/repository/org/apache/hadoop/hadoop-hdds-config/0.5.0-SNAPSHOT/hadoop-hdds-config-0.5.0-SNAPSHOT.jar:/home/user/.m2/repository/io/grpc/grpc-netty/1.17.1/grpc-netty-1.17.1.jar:/home/user/.m2/repository/io/grpc/grpc-core/1.17.1/grpc-core-1.17.1.jar:/home/user/.m2/repository/io/grpc/grpc-context/1.17.1/grpc-context-1.17.1.jar:/home/user/.m2/repository/com/google/errorprone/error_prone_annotations/2.2.0/error_prone_annotations-2.2.0.jar:/home/user/.m2/repository/org/codehaus/mojo/animal-sniffer-annotations/1.17/animal-sniffer-annotations-1.17.jar:/home/user/.m2/repository/io/opencensus/opencensus-api/0.17.0/opencensus-api-0.17.0.jar:/home/user/.m2/repository/io/opencensus/opencensus-contrib-grpc-metrics/0.17.0/opencensus-contrib-grpc-metrics-0.17.0.jar:/home/user/.m2/repository/io/netty/netty-codec-http2/4.1.30.Final/netty-codec-http2-4.1.30.Final.jar:/home/user/.m2/repository/io/netty/netty-codec-http/4.1.30.Final/netty-codec-http-4.1.30.Final.jar:/home/user/.m2/repository/io/netty/netty-codec/4.1.30.Final/netty-codec-4.1.30.Final.jar:/home/user/.m2/repository/io/netty/netty-handler/4.1.30.Final/netty-handler-4.1.30.Final.jar:/home/user/.m2/repository/io/netty/netty-handler-proxy/4.1.30.Final/netty-handler-proxy-4.1.30.Final.jar:/home/user/.m2/repository/io/netty/netty-codec-socks/4.1.30.Final/netty-codec-socks-4.1.30.Final.jar:/home/user/.m2/repository/io/netty/netty-transport-native-epoll/4.1.30.Final/netty-transport-native-epoll-4.1.30.Final.jar:/home/user/.m2/repository/io/netty/netty-common/4.1.30.Final/netty-common-4.1.30.Final.jar:/home/user/.m2/repository/io/netty/netty-buffer/4.1.30.Final/netty-buffer-4.1.30.Final.jar:/home/user/.m2/repository/io/netty/netty-transport/4.1.30.Final/netty-transport-4.1.30.Final.jar:/home/user/.m2/repository/io/netty/netty-resolver/4.1.30.Final/netty-resolver-4.1.30.Final.jar:/home/user/.m2/repository/io/netty/netty-transport-native-unix-common/4.1.30.Final/netty-transport-native-unix-common-4.1.30.Final.jar:/home/user/.m2/repository/io/grpc/grpc-protobuf/1.17.1/grpc-protobuf-1.17.1.jar:/home/user/.m2/repository/com/google/api/grpc/proto-google-common-protos/1.0.0/proto-google-common-protos-1.0.0.jar:/home/user/.m2/repository/io/grpc/grpc-protobuf-lite/1.17.1/grpc-protobuf-lite-1.17.1.jar:/home/user/.m2/repository/io/grpc/grpc-stub/1.17.1/grpc-stub-1.17.1.jar:/home/user/.m2/repository/org/apache/hadoop/hadoop-ozone-recon/0.5.0-SNAPSHOT/hadoop-ozone-recon-0.5.0-SNAPSHOT.jar:/home/user/.m2/repository/org/apache/hadoop/hadoop-ozone-reconcodegen/0.5.0-SNAPSHOT/hadoop-ozone-reconcodegen-0.5.0-SNAPSHOT.jar:/home/user/.m2/repository/com/google/inject/extensions/guice-multibindings/4.0/guice-multibindings-4.0.jar:/home/user/.m2/repository/com/google/inject/guice/4.0/guice-4.0.jar:/home/user/.m2/repository/aopalliance/aopalliance/1.0/aopalliance-1.0.jar:/home/user/.m2/repository/com/google/inject/extensions/guice-servlet/4.0/guice-servlet-4.0.jar:/home/user/.m2/repository/org/glassfish/jersey/containers/jersey-container-servlet/2.27/jersey-container-servlet-2.27.jar:/home/user/.m2/repository/org/glassfish/hk2/guice-bridge/2.5.0/guice-bridge-2.5.0.jar:/home/user/.m2/repository/org/glassfish/jersey/core/jersey-server/2.27/jersey-server-2.27.jar:/home/user/.m2/repository/org/glassfish/jersey/core/jersey-client/2.27/jersey-client-2.27.jar:/home/user/.m2/repository/org/glassfish/jersey/media/jersey-media-jaxb/2.27/jersey-media-jaxb-2.27.jar:/home/user/.m2/repository/javax/validation/validation-api/1.1.0.Final/validation-api-1.1.0.Final.jar:/home/user/.m2/repository/org/glassfish/jersey/media/jersey-media-json-jackson/2.27/jersey-media-json-jackson-2.27.jar:/home/user/.m2/repository/org/glassfish/jersey/ext/jersey-entity-filtering/2.27/jersey-entity-filtering-2.27.jar:/home/user/.m2/repository/com/google/inject/extensions/guice-assistedinject/4.0/guice-assistedinject-4.0.jar:/home/user/.m2/repository/org/jooq/jooq/3.11.10/jooq-3.11.10.jar:/home/user/.m2/repository/org/jooq/jooq-meta/3.11.10/jooq-meta-3.11.10.jar:/home/user/.m2/repository/org/jooq/jooq-codegen/3.11.10/jooq-codegen-3.11.10.jar:/home/user/.m2/repository/com/jolbox/bonecp/0.8.0.RELEASE/bonecp-0.8.0.RELEASE.jar:/home/user/.m2/repository/org/xerial/sqlite-jdbc/3.25.2/sqlite-jdbc-3.25.2.jar:/home/user/.m2/repository/org/springframework/spring-jdbc/5.1.3.RELEASE/spring-jdbc-5.1.3.RELEASE.jar:/home/user/.m2/repository/org/springframework/spring-beans/5.1.3.RELEASE/spring-beans-5.1.3.RELEASE.jar:/home/user/.m2/repository/org/springframework/spring-core/5.1.3.RELEASE/spring-core-5.1.3.RELEASE.jar:/home/user/.m2/repository/org/springframework/spring-jcl/5.1.3.RELEASE/spring-jcl-5.1.3.RELEASE.jar:/home/user/.m2/repository/org/springframework/spring-tx/5.1.3.RELEASE/spring-tx-5.1.3.RELEASE.jar:/home/user/.m2/repository/org/apache/hadoop/hadoop-ozone-client/0.5.0-SNAPSHOT/hadoop-ozone-client-0.5.0-SNAPSHOT.jar:/home/user/.m2/repository/commons-lang/commons-lang/2.6/commons-lang-2.6.jar:/home/user/.m2/repository/org/apache/hadoop/hadoop-ozone-ozone-manager/0.5.0-SNAPSHOT/hadoop-ozone-ozone-manager-0.5.0-SNAPSHOT-tests.jar:/home/user/.m2/repository/junit/junit/4.11/junit-4.11.jar:/home/user/.m2/repository/org/hamcrest/hamcrest-core/1.3/hamcrest-core-1.3.jar:/home/user/.m2/repository/org/openjdk/jmh/jmh-core/1.19/jmh-core-1.19.jar:/home/user/.m2/repository/net/sf/jopt-simple/jopt-simple/4.6/jopt-simple-4.6.jar:/home/user/.m2/repository/org/apache/commons/commons-math3/3.1.1/commons-math3-3.1.1.jar:/home/user/.m2/repository/org/openjdk/jmh/jmh-generator-annprocess/1.19/jmh-generator-annprocess-1.19.jar:/home/user/.m2/repository/org/mockito/mockito-all/1.8.5/mockito-all-1.8.5.jar:/home/user/.m2/repository/org/apache/hadoop/hadoop-kms/3.2.0/hadoop-kms-3.2.0.jar:/home/user/.m2/repository/org/apache/hadoop/hadoop-auth/3.2.0/hadoop-auth-3.2.0.jar:/home/user/.m2/repository/com/nimbusds/nimbus-jose-jwt/4.41.1/nimbus-jose-jwt-4.41.1.jar:/home/user/.m2/repository/com/github/stephenc/jcip/jcip-annotations/1.0-1/jcip-annotations-1.0-1.jar:/home/user/.m2/repository/net/minidev/json-smart/2.3/json-smart-2.3.jar:/home/user/.m2/repository/net/minidev/accessors-smart/1.2/accessors-smart-1.2.jar:/home/user/.m2/repository/org/ow2/asm/asm/5.0.4/asm-5.0.4.jar:/home/user/.m2/repository/org/apache/curator/curator-framework/2.12.0/curator-framework-2.12.0.jar:/home/user/.m2/repository/com/sun/jersey/jersey-core/1.19/jersey-core-1.19.jar:/home/user/.m2/repository/javax/ws/rs/jsr311-api/1.1.1/jsr311-api-1.1.1.jar:/home/user/.m2/repository/com/sun/jersey/jersey-server/1.19/jersey-server-1.19.jar:/home/user/.m2/repository/javax/servlet/javax.servlet-api/3.1.0/javax.servlet-api-3.1.0.jar:/home/user/.m2/repository/org/eclipse/jetty/jetty-server/9.3.25.v20180904/jetty-server-9.3.25.v20180904.jar:/home/user/.m2/repository/org/eclipse/jetty/jetty-http/9.3.25.v20180904/jetty-http-9.3.25.v20180904.jar:/home/user/.m2/repository/org/eclipse/jetty/jetty-io/9.3.25.v20180904/jetty-io-9.3.25.v20180904.jar:/home/user/.m2/repository/org/eclipse/jetty/jetty-webapp/9.3.25.v20180904/jetty-webapp-9.3.25.v20180904.jar:/home/user/.m2/repository/org/eclipse/jetty/jetty-xml/9.3.25.v20180904/jetty-xml-9.3.25.v20180904.jar:/home/user/.m2/repository/log4j/log4j/1.2.17/log4j-1.2.17.jar:/home/user/.m2/repository/org/slf4j/slf4j-api/1.7.25/slf4j-api-1.7.25.jar:/home/user/.m2/repository/org/slf4j/jul-to-slf4j/1.7.25/jul-to-slf4j-1.7.25.jar:/home/user/.m2/repository/org/eclipse/jetty/jetty-util/9.3.25.v20180904/jetty-util-9.3.25.v20180904.jar:/home/user/.m2/repository/com/fasterxml/jackson/core/jackson-databind/2.9.9/jackson-databind-2.9.9.jar:/home/user/.m2/repository/org/apache/hadoop/hadoop-kms/3.2.0/hadoop-kms-3.2.0-tests.jar:/home/user/.m2/repository/org/apache/hadoop/hadoop-hdds-server-scm/0.5.0-SNAPSHOT/hadoop-hdds-server-scm-0.5.0-SNAPSHOT-tests.jar:/home/user/.m2/repository/org/apache/hadoop/hadoop-hdds-container-service/0.5.0-SNAPSHOT/hadoop-hdds-container-service-0.5.0-SNAPSHOT-tests.jar:/home/user/.m2/repository/org/yaml/snakeyaml/1.16/snakeyaml-1.16.jar:/home/user/.m2/repository/org/apache/hadoop/hadoop-common/3.2.0/hadoop-common-3.2.0-tests.jar:/home/user/.m2/repository/org/apache/hadoop/hadoop-annotations/3.2.0/hadoop-annotations-3.2.0.jar:/usr/lib/jvm/java-1.8.0-openjdk-1.8.0.222.b10-1.el7_7.x86_64/jre/../lib/tools.jar:/home/user/.m2/repository/commons-cli/commons-cli/1.2/commons-cli-1.2.jar:/home/user/.m2/repository/org/apache/httpcomponents/httpclient/4.5.2/httpclient-4.5.2.jar:/home/user/.m2/repository/org/apache/httpcomponents/httpcore/4.4.4/httpcore-4.4.4.jar:/home/user/.m2/repository/commons-codec/commons-codec/1.11/commons-codec-1.11.jar:/home/user/.m2/repository/commons-net/commons-net/3.6/commons-net-3.6.jar:/home/user/.m2/repository/commons-collections/commons-collections/3.2.2/commons-collections-3.2.2.jar:/home/user/.m2/repository/org/eclipse/jetty/jetty-servlet/9.3.25.v20180904/jetty-servlet-9.3.25.v20180904.jar:/home/user/.m2/repository/org/eclipse/jetty/jetty-security/9.3.25.v20180904/jetty-security-9.3.25.v20180904.jar:/home/user/.m2/repository/javax/servlet/jsp/jsp-api/2.1/jsp-api-2.1.jar:/home/user/.m2/repository/com/sun/jersey/jersey-servlet/1.19/jersey-servlet-1.19.jar:/home/user/.m2/repository/com/sun/jersey/jersey-json/1.19/jersey-json-1.19.jar:/home/user/.m2/repository/org/codehaus/jettison/jettison/1.1/jettison-1.1.jar:/home/user/.m2/repository/org/codehaus/jackson/jackson-core-asl/1.9.13/jackson-core-asl-1.9.13.jar:/home/user/.m2/repository/org/codehaus/jackson/jackson-mapper-asl/1.9.13/jackson-mapper-asl-1.9.13.jar:/home/user/.m2/repository/org/codehaus/jackson/jackson-jaxrs/1.9.13/jackson-jaxrs-1.9.13.jar:/home/user/.m2/repository/org/codehaus/jackson/jackson-xc/1.9.13/jackson-xc-1.9.13.jar:/home/user/.m2/repository/commons-logging/commons-logging/1.1.3/commons-logging-1.1.3.jar:/home/user/.m2/repository/commons-beanutils/commons-beanutils/1.9.4/commons-beanutils-1.9.4.jar:/home/user/.m2/repository/org/apache/commons/commons-configuration2/2.1.1/commons-configuration2-2.1.1.jar:/home/user/.m2/repository/org/apache/commons/commons-lang3/3.7/commons-lang3-3.7.jar:/home/user/.m2/repository/org/apache/commons/commons-text/1.4/commons-text-1.4.jar:/home/user/.m2/repository/org/apache/avro/avro/1.7.7/avro-1.7.7.jar:/home/user/.m2/repository/com/thoughtworks/paranamer/paranamer/2.3/paranamer-2.3.jar:/home/user/.m2/repository/org/xerial/snappy/snappy-java/1.0.5/snappy-java-1.0.5.jar:/home/user/.m2/repository/com/google/re2j/re2j/1.1/re2j-1.1.jar:/home/user/.m2/repository/com/google/code/gson/gson/2.2.4/gson-2.2.4.jar:/home/user/.m2/repository/com/jcraft/jsch/0.1.54/jsch-0.1.54.jar:/home/user/.m2/repository/org/apache/curator/curator-client/2.12.0/curator-client-2.12.0.jar:/home/user/.m2/repository/org/apache/curator/curator-recipes/2.12.0/curator-recipes-2.12.0.jar:/home/user/.m2/repository/com/google/code/findbugs/jsr305/3.0.0/jsr305-3.0.0.jar:/home/user/.m2/repository/org/apache/htrace/htrace-core4/4.1.0-incubating/htrace-core4-4.1.0-incubating.jar:/home/user/.m2/repository/org/apache/zookeeper/zookeeper/3.4.13/zookeeper-3.4.13.jar:/home/user/.m2/repository/jline/jline/0.9.94/jline-0.9.94.jar:/home/user/.m2/repository/org/apache/yetus/audience-annotations/0.5.0/audience-annotations-0.5.0.jar:/home/user/.m2/repository/org/codehaus/woodstox/stax2-api/3.1.4/stax2-api-3.1.4.jar:/home/user/.m2/repository/com/fasterxml/woodstox/woodstox-core/5.0.3/woodstox-core-5.0.3.jar:/home/user/.m2/repository/dnsjava/dnsjava/2.1.7/dnsjava-2.1.7.jar:/home/user/.m2/repository/org/apache/hadoop/hadoop-hdfs/3.2.0/hadoop-hdfs-3.2.0-tests.jar:/home/user/.m2/repository/org/eclipse/jetty/jetty-util-ajax/9.3.25.v20180904/jetty-util-ajax-9.3.25.v20180904.jar:/home/user/.m2/repository/commons-daemon/commons-daemon/1.0.13/commons-daemon-1.0.13.jar:/home/user/.m2/repository/io/netty/netty/3.10.5.Final/netty-3.10.5.Final.jar:/home/user/.m2/repository/io/netty/netty-all/4.0.52.Final/netty-all-4.0.52.Final.jar:/home/user/.m2/repository/org/fusesource/leveldbjni/leveldbjni-all/1.8/leveldbjni-all-1.8.jar:"/>
    <property name="sun.cpu.endian" value="little"/>
    <property name="user.home" value="/home/user"/>
    <property name="user.language" value="en"/>
    <property name="java.specification.vendor" value="Oracle Corporation"/>
    <property name="java.home" value="/usr/lib/jvm/java-1.8.0-openjdk-1.8.0.222.b10-1.el7_7.x86_64/jre"/>
    <property name="surefire.excludesFile" value="/tools/ozone-bad-unit-tests"/>
    <property name="java.security.krb5.conf" value="/workdir/hadoop-ozone/integration-test/target/test-classes/krb5.conf"/>
    <property name="basedir" value="/workdir/hadoop-ozone/integration-test"/>
    <property name="file.separator" value="/"/>
    <property name="line.separator" value="&#10;"/>
    <property name="java.vm.specification.vendor" value="Oracle Corporation"/>
    <property name="java.specification.name" value="Java Platform API Specification"/>
    <property name="java.awt.graphicsenv" value="sun.awt.X11GraphicsEnvironment"/>
    <property name="surefire.real.class.path" value="/workdir/hadoop-ozone/integration-test/target/surefire/surefirebooter4576400754074790535.jar"/>
    <property name="hadoop.log.dir" value="/workdir/hadoop-ozone/integration-test/target/log"/>
    <property name="sun.boot.class.path" value="/usr/lib/jvm/java-1.8.0-openjdk-1.8.0.222.b10-1.el7_7.x86_64/jre/lib/resources.jar:/usr/lib/jvm/java-1.8.0-openjdk-1.8.0.222.b10-1.el7_7.x86_64/jre/lib/rt.jar:/usr/lib/jvm/java-1.8.0-openjdk-1.8.0.222.b10-1.el7_7.x86_64/jre/lib/sunrsasign.jar:/usr/lib/jvm/java-1.8.0-openjdk-1.8.0.222.b10-1.el7_7.x86_64/jre/lib/jsse.jar:/usr/lib/jvm/java-1.8.0-openjdk-1.8.0.222.b10-1.el7_7.x86_64/jre/lib/jce.jar:/usr/lib/jvm/java-1.8.0-openjdk-1.8.0.222.b10-1.el7_7.x86_64/jre/lib/charsets.jar:/usr/lib/jvm/java-1.8.0-openjdk-1.8.0.222.b10-1.el7_7.x86_64/jre/lib/jfr.jar:/usr/lib/jvm/java-1.8.0-openjdk-1.8.0.222.b10-1.el7_7.x86_64/jre/classes"/>
    <property name="sun.management.compiler" value="HotSpot 64-Bit Tiered Compilers"/>
    <property name="java.runtime.version" value="1.8.0_222-b10"/>
    <property name="java.net.preferIPv4Stack" value="true"/>
    <property name="user.name" value="jenkins1000"/>
    <property name="path.separator" value=":"/>
    <property name="java.security.egd" value="file:///dev/urandom"/>
    <property name="os.version" value="3.10.0-957.12.2.el7.x86_64"/>
    <property name="java.endorsed.dirs" value="/usr/lib/jvm/java-1.8.0-openjdk-1.8.0.222.b10-1.el7_7.x86_64/jre/lib/endorsed"/>
    <property name="java.runtime.name" value="OpenJDK Runtime Environment"/>
    <property name="file.encoding" value="ANSI_X3.4-1968"/>
    <property name="java.vm.name" value="OpenJDK 64-Bit Server VM"/>
    <property name="test.build.webapps" value=""/>
    <property name="localRepository" value="/home/user/.m2/repository"/>
    <property name="java.vendor.url.bug" value="http://bugreport.sun.com/bugreport/"/>
    <property name="java.io.tmpdir" value="/tmp"/>
    <property name="require.test.libhadoop" value=""/>
    <property name="java.version" value="1.8.0_222"/>
    <property name="user.dir" value="/workdir/hadoop-ozone/integration-test"/>
    <property name="os.arch" value="amd64"/>
    <property name="java.vm.specification.name" value="Java Virtual Machine Specification"/>
    <property name="test.build.classes" value="/workdir/hadoop-ozone/integration-test/target/test-classes"/>
    <property name="java.awt.printerjob" value="sun.print.PSPrinterJob"/>
    <property name="sun.os.patch.level" value="unknown"/>
    <property name="hadoop.tmp.dir" value="/workdir/hadoop-ozone/integration-test/target/tmp"/>
    <property name="java.library.path" value="/usr/lib:/workdir/hadoop-ozone/integration-test/target/native/target/usr/local/lib:/workdir/hadoop-ozone/integration-test/../../hadoop-common-project/hadoop-common/target/native/target/usr/local/lib:/usr/java/packages/lib/amd64:/usr/lib64:/lib64:/lib:/usr/lib"/>
    <property name="java.vm.info" value="mixed mode"/>
    <property name="java.vendor" value="Oracle Corporation"/>
    <property name="java.vm.version" value="25.222-b10"/>
    <property name="java.ext.dirs" value="/usr/lib/jvm/java-1.8.0-openjdk-1.8.0.222.b10-1.el7_7.x86_64/jre/lib/ext:/usr/java/packages/lib/ext"/>
    <property name="sun.io.unicode.encoding" value="UnicodeLittle"/>
    <property name="java.class.version" value="52.0"/>
  </properties>
  <testcase name="test2DatanodesFailure" classname="org.apache.hadoop.ozone.client.rpc.TestBlockOutputStreamWithFailures" time="107.371"/>
  <testcase name="testDatanodeFailureWithPreAllocation" classname="org.apache.hadoop.ozone.client.rpc.TestBlockOutputStreamWithFailures" time="221.231"/>
  <testcase name="testDatanodeFailureWithSingleNodeRatis" classname="org.apache.hadoop.ozone.client.rpc.TestBlockOutputStreamWithFailures" time="226.258"/>
  <testcase name="testWatchForCommitWithSingleNodeRatis" classname="org.apache.hadoop.ozone.client.rpc.TestBlockOutputStreamWithFailures" time="36.744"/>
  <testcase name="testWatchForCommitDatanodeFailure" classname="org.apache.hadoop.ozone.client.rpc.TestBlockOutputStreamWithFailures" time="40.88">
    <failure message="expected:&lt;2&gt; but was:&lt;3&gt;" type="java.lang.AssertionError"><![CDATA[java.lang.AssertionError: expected:<2> but was:<3>
	at org.junit.Assert.fail(Assert.java:88)
	at org.junit.Assert.failNotEquals(Assert.java:743)
	at org.junit.Assert.assertEquals(Assert.java:118)
	at org.junit.Assert.assertEquals(Assert.java:555)
	at org.junit.Assert.assertEquals(Assert.java:542)
	at org.apache.hadoop.ozone.client.rpc.TestBlockOutputStreamWithFailures.testWatchForCommitDatanodeFailure(TestBlockOutputStreamWithFailures.java:366)
	at sun.reflect.NativeMethodAccessorImpl.invoke0(Native Method)
	at sun.reflect.NativeMethodAccessorImpl.invoke(NativeMethodAccessorImpl.java:62)
	at sun.reflect.DelegatingMethodAccessorImpl.invoke(DelegatingMethodAccessorImpl.java:43)
	at java.lang.reflect.Method.invoke(Method.java:498)
	at org.junit.runners.model.FrameworkMethod$1.runReflectiveCall(FrameworkMethod.java:47)
	at org.junit.internal.runners.model.ReflectiveCallable.run(ReflectiveCallable.java:12)
	at org.junit.runners.model.FrameworkMethod.invokeExplosively(FrameworkMethod.java:44)
	at org.junit.internal.runners.statements.InvokeMethod.evaluate(InvokeMethod.java:17)
	at org.junit.internal.runners.statements.RunBefores.evaluate(RunBefores.java:26)
	at org.junit.internal.runners.statements.RunAfters.evaluate(RunAfters.java:27)
	at org.junit.runners.ParentRunner.runLeaf(ParentRunner.java:271)
	at org.junit.runners.BlockJUnit4ClassRunner.runChild(BlockJUnit4ClassRunner.java:70)
	at org.junit.runners.BlockJUnit4ClassRunner.runChild(BlockJUnit4ClassRunner.java:50)
	at org.junit.runners.ParentRunner$3.run(ParentRunner.java:238)
	at org.junit.runners.ParentRunner$1.schedule(ParentRunner.java:63)
	at org.junit.runners.ParentRunner.runChildren(ParentRunner.java:236)
	at org.junit.runners.ParentRunner.access$000(ParentRunner.java:53)
	at org.junit.runners.ParentRunner$2.evaluate(ParentRunner.java:229)
	at org.junit.runners.ParentRunner.run(ParentRunner.java:309)
	at org.apache.maven.surefire.junit4.JUnit4Provider.execute(JUnit4Provider.java:365)
	at org.apache.maven.surefire.junit4.JUnit4Provider.executeWithRerun(JUnit4Provider.java:273)
	at org.apache.maven.surefire.junit4.JUnit4Provider.executeTestSet(JUnit4Provider.java:238)
	at org.apache.maven.surefire.junit4.JUnit4Provider.invoke(JUnit4Provider.java:159)
	at org.apache.maven.surefire.booter.ForkedBooter.invokeProviderInSameClassLoader(ForkedBooter.java:384)
	at org.apache.maven.surefire.booter.ForkedBooter.runSuitesInProcess(ForkedBooter.java:345)
	at org.apache.maven.surefire.booter.ForkedBooter.execute(ForkedBooter.java:126)
	at org.apache.maven.surefire.booter.ForkedBooter.main(ForkedBooter.java:418)
]]></failure>
    <system-out><![CDATA[2019-10-15 22:49:44,518 [main] WARN  server.ServerUtils (ServerUtils.java:getScmDbDir(145)) - ozone.scm.db.dirs is not configured. We recommend adding this setting. Falling back to ozone.metadata.dirs instead.
2019-10-15 22:49:44,541 [main] WARN  server.ServerUtils (ServerUtils.java:getScmDbDir(145)) - ozone.scm.db.dirs is not configured. We recommend adding this setting. Falling back to ozone.metadata.dirs instead.
2019-10-15 22:49:44,542 [main] WARN  server.ServerUtils (ServerUtils.java:getScmDbDir(145)) - ozone.scm.db.dirs is not configured. We recommend adding this setting. Falling back to ozone.metadata.dirs instead.
2019-10-15 22:49:44,543 [main] INFO  db.DBStoreBuilder (DBStoreBuilder.java:addTable(117)) - using custom profile for table: deletedBlocks
2019-10-15 22:49:44,543 [main] INFO  db.DBStoreBuilder (DBStoreBuilder.java:processTables(168)) - Using default column profile:DBProfile.DISK for Table:deletedBlocks
2019-10-15 22:49:44,543 [main] INFO  db.DBStoreBuilder (DBStoreBuilder.java:addTable(117)) - using custom profile for table: validCerts
2019-10-15 22:49:44,543 [main] INFO  db.DBStoreBuilder (DBStoreBuilder.java:processTables(168)) - Using default column profile:DBProfile.DISK for Table:validCerts
2019-10-15 22:49:44,544 [main] INFO  db.DBStoreBuilder (DBStoreBuilder.java:addTable(117)) - using custom profile for table: revokedCerts
2019-10-15 22:49:44,544 [main] INFO  db.DBStoreBuilder (DBStoreBuilder.java:processTables(168)) - Using default column profile:DBProfile.DISK for Table:revokedCerts
2019-10-15 22:49:44,544 [main] INFO  db.DBStoreBuilder (DBStoreBuilder.java:addTable(117)) - using custom profile for table: default
2019-10-15 22:49:44,544 [main] INFO  db.DBStoreBuilder (DBStoreBuilder.java:processTables(174)) - Using default column profile:DBProfile.DISK for Table:default
2019-10-15 22:49:44,544 [main] INFO  db.DBStoreBuilder (DBStoreBuilder.java:getDbProfile(205)) - Using default options. DBProfile.DISK
2019-10-15 22:49:44,724 [main] INFO  net.NodeSchemaLoader (NodeSchemaLoader.java:loadSchemaFromFile(125)) - Loading file from sun.misc.CompoundEnumeration@52abed9d
2019-10-15 22:49:44,724 [main] INFO  net.NodeSchemaLoader (NodeSchemaLoader.java:loadSchema(171)) - Loading network topology layer schema file
2019-10-15 22:49:44,729 [main] INFO  node.SCMNodeManager (SCMNodeManager.java:<init>(116)) - Entering startup safe mode.
2019-10-15 22:49:44,729 [main] INFO  algorithms.ContainerPlacementPolicyFactory (ContainerPlacementPolicyFactory.java:getPolicy(57)) - Create container placement policy of type org.apache.hadoop.hdds.scm.container.placement.algorithms.SCMContainerPlacementRandom
2019-10-15 22:49:44,730 [main] WARN  server.ServerUtils (ServerUtils.java:getScmDbDir(145)) - ozone.scm.db.dirs is not configured. We recommend adding this setting. Falling back to ozone.metadata.dirs instead.
2019-10-15 22:49:44,810 [main] INFO  pipeline.SCMPipelineManager (SCMPipelineManager.java:initializePipelineState(132)) - No pipeline exists in current db
2019-10-15 22:49:44,811 [main] WARN  server.ServerUtils (ServerUtils.java:getScmDbDir(145)) - ozone.scm.db.dirs is not configured. We recommend adding this setting. Falling back to ozone.metadata.dirs instead.
2019-10-15 22:49:44,883 [main] WARN  events.EventQueue (EventQueue.java:fireEvent(183)) - No event handler registered for event TypedEvent{payloadType=SafeModeStatus, name='SafeModeStatus'}
2019-10-15 22:49:44,884 [main] INFO  ipc.CallQueueManager (CallQueueManager.java:<init>(84)) - Using callQueue: class java.util.concurrent.LinkedBlockingQueue, queueCapacity: 2000, scheduler: class org.apache.hadoop.ipc.DefaultRpcScheduler, ipcBackoff: false.
2019-10-15 22:49:44,885 [Socket Reader #1 for port 32953] INFO  ipc.Server (Server.java:run(1074)) - Starting Socket Reader #1 for port 32953
2019-10-15 22:49:44,886 [main] INFO  ipc.CallQueueManager (CallQueueManager.java:<init>(84)) - Using callQueue: class java.util.concurrent.LinkedBlockingQueue, queueCapacity: 2000, scheduler: class org.apache.hadoop.ipc.DefaultRpcScheduler, ipcBackoff: false.
2019-10-15 22:49:44,887 [Socket Reader #1 for port 44042] INFO  ipc.Server (Server.java:run(1074)) - Starting Socket Reader #1 for port 44042
2019-10-15 22:49:44,888 [main] INFO  ipc.CallQueueManager (CallQueueManager.java:<init>(84)) - Using callQueue: class java.util.concurrent.LinkedBlockingQueue, queueCapacity: 2000, scheduler: class org.apache.hadoop.ipc.DefaultRpcScheduler, ipcBackoff: false.
2019-10-15 22:49:44,889 [Socket Reader #1 for port 43951] INFO  ipc.Server (Server.java:run(1074)) - Starting Socket Reader #1 for port 43951
2019-10-15 22:49:44,891 [main] INFO  hdfs.DFSUtil (DFSUtil.java:httpServerTemplateForNNAndJN(1641)) - Starting Web-server for scm at: http://0.0.0.0:0
2019-10-15 22:49:44,893 [main] INFO  server.AuthenticationFilter (AuthenticationFilter.java:constructSecretProvider(240)) - Unable to initialize FileSignerSecretProvider, falling back to use random secrets.
2019-10-15 22:49:44,893 [main] WARN  http.HttpRequestLog (HttpRequestLog.java:getRequestLog(97)) - Jetty request log can only be enabled using Log4j
2019-10-15 22:49:44,895 [main] INFO  http.HttpServer2 (HttpServer2.java:addGlobalFilter(975)) - Added global filter 'safety' (class=org.apache.hadoop.http.HttpServer2$QuotingInputFilter)
2019-10-15 22:49:44,895 [main] INFO  http.HttpServer2 (HttpServer2.java:addFilter(948)) - Added filter static_user_filter (class=org.apache.hadoop.http.lib.StaticUserWebFilter$StaticUserFilter) to context scm
2019-10-15 22:49:44,895 [main] INFO  http.HttpServer2 (HttpServer2.java:addFilter(958)) - Added filter static_user_filter (class=org.apache.hadoop.http.lib.StaticUserWebFilter$StaticUserFilter) to context logs
2019-10-15 22:49:44,896 [main] INFO  http.HttpServer2 (HttpServer2.java:addFilter(958)) - Added filter static_user_filter (class=org.apache.hadoop.http.lib.StaticUserWebFilter$StaticUserFilter) to context static
2019-10-15 22:49:44,897 [main] INFO  server.StorageContainerManager (StorageContainerManager.java:start(772)) - StorageContainerLocationProtocol RPC server is listening at /0.0.0.0:43951
2019-10-15 22:49:44,898 [main] WARN  impl.MetricsConfig (MetricsConfig.java:loadFirst(134)) - Cannot locate configuration: tried hadoop-metrics2-storagecontainermanager.properties,hadoop-metrics2.properties
2019-10-15 22:49:44,899 [main] INFO  impl.MetricsSystemImpl (MetricsSystemImpl.java:startTimer(374)) - Scheduled Metric snapshot period at 10 second(s).
2019-10-15 22:49:44,899 [main] INFO  impl.MetricsSystemImpl (MetricsSystemImpl.java:start(191)) - StorageContainerManager metrics system started
2019-10-15 22:49:44,959 [main] WARN  impl.MetricsSystemImpl (MetricsSystemImpl.java:register(276)) - Sink prometheus already exists!
2019-10-15 22:49:45,445 [main] INFO  server.SCMClientProtocolServer (SCMClientProtocolServer.java:start(159)) - RPC server for Client  is listening at /0.0.0.0:43951
2019-10-15 22:49:45,445 [IPC Server Responder] INFO  ipc.Server (Server.java:run(1314)) - IPC Server Responder: starting
2019-10-15 22:49:45,446 [IPC Server listener on 43951] INFO  ipc.Server (Server.java:run(1153)) - IPC Server listener on 43951: starting
2019-10-15 22:49:45,449 [main] INFO  server.StorageContainerManager (StorageContainerManager.java:start(782)) - ScmBlockLocationProtocol RPC server is listening at /0.0.0.0:44042
2019-10-15 22:49:45,450 [main] INFO  server.SCMBlockProtocolServer (SCMBlockProtocolServer.java:start(146)) - RPC server for Block Protocol is listening at /0.0.0.0:44042
2019-10-15 22:49:45,450 [IPC Server listener on 44042] INFO  ipc.Server (Server.java:run(1153)) - IPC Server listener on 44042: starting
2019-10-15 22:49:45,450 [IPC Server Responder] INFO  ipc.Server (Server.java:run(1314)) - IPC Server Responder: starting
2019-10-15 22:49:45,453 [main] INFO  server.StorageContainerManager (StorageContainerManager.java:start(786)) - ScmDatanodeProtocl RPC server is listening at /0.0.0.0:32953
2019-10-15 22:49:45,453 [main] INFO  server.SCMDatanodeProtocolServer (SCMDatanodeProtocolServer.java:start(169)) - RPC server for DataNodes is listening at /0.0.0.0:32953
2019-10-15 22:49:45,454 [IPC Server Responder] INFO  ipc.Server (Server.java:run(1314)) - IPC Server Responder: starting
2019-10-15 22:49:45,454 [IPC Server listener on 32953] INFO  ipc.Server (Server.java:run(1153)) - IPC Server listener on 32953: starting
2019-10-15 22:49:45,458 [main] INFO  http.HttpServer2 (HttpServer2.java:bindListener(1191)) - Jetty bound to port 45961
2019-10-15 22:49:45,458 [main] INFO  server.Server (Server.java:doStart(351)) - jetty-9.3.25.v20180904, build timestamp: 2018-09-04T21:11:46Z, git hash: 3ce520221d0240229c862b122d2b06c12a625732
2019-10-15 22:49:45,459 [main] INFO  handler.ContextHandler (ContextHandler.java:doStart(781)) - Started o.e.j.s.ServletContextHandler@1f916219{/logs,file:///workdir/hadoop-ozone/integration-test/target/log,AVAILABLE}
2019-10-15 22:49:45,459 [main] INFO  handler.ContextHandler (ContextHandler.java:doStart(781)) - Started o.e.j.s.ServletContextHandler@3b088163{/static,file:///workdir/hadoop-ozone/integration-test/target/test-classes/webapps/static,AVAILABLE}
2019-10-15 22:49:45,463 [main] INFO  handler.ContextHandler (ContextHandler.java:doStart(781)) - Started o.e.j.w.WebAppContext@61394494{/,file:///workdir/hadoop-ozone/integration-test/target/test-classes/webapps/scm/,AVAILABLE}{/scm}
2019-10-15 22:49:45,463 [main] INFO  server.AbstractConnector (AbstractConnector.java:doStart(278)) - Started ServerConnector@578a5ce8{HTTP/1.1,[http/1.1]}{0.0.0.0:45961}
2019-10-15 22:49:45,464 [main] INFO  server.Server (Server.java:doStart(419)) - Started @593087ms
2019-10-15 22:49:45,464 [main] WARN  impl.MetricsSystemImpl (MetricsSystemImpl.java:register(276)) - Sink prometheus already exists!
2019-10-15 22:49:45,465 [main] INFO  server.BaseHttpServer (BaseHttpServer.java:updateConnectorAddress(215)) - HTTP server of SCM is listening at http://0.0.0.0:45961
2019-10-15 22:49:45,466 [main] WARN  server.ServerUtils (ServerUtils.java:getDBPath(222)) - ozone.om.db.dirs is not configured. We recommend adding this setting. Falling back to ozone.metadata.dirs instead.
2019-10-15 22:49:45,466 [org.apache.hadoop.util.JvmPauseMonitor$Monitor@16cb9989] INFO  util.JvmPauseMonitor (JvmPauseMonitor.java:run(188)) - Starting JVM pause monitor
2019-10-15 22:49:45,479 [main] INFO  ha.OMHANodeDetails (OMHANodeDetails.java:loadOMHAConfig(190)) - Configuration either no ozone.om.address set. Falling back to the default OM address /127.0.0.1:0
2019-10-15 22:49:45,479 [main] INFO  ha.OMHANodeDetails (OMHANodeDetails.java:getOMNodeDetails(220)) - OM Service ID is not set. Setting it to the default ID: omServiceIdDefault
2019-10-15 22:49:45,479 [main] WARN  server.ServerUtils (ServerUtils.java:getDBPath(222)) - ozone.om.db.dirs is not configured. We recommend adding this setting. Falling back to ozone.metadata.dirs instead.
2019-10-15 22:49:45,480 [main] WARN  server.ServerUtils (ServerUtils.java:getDBPath(222)) - ozone.om.db.dirs is not configured. We recommend adding this setting. Falling back to ozone.metadata.dirs instead.
2019-10-15 22:49:45,485 [main] WARN  server.ServerUtils (ServerUtils.java:getDBPath(222)) - ozone.om.db.dirs is not configured. We recommend adding this setting. Falling back to ozone.metadata.dirs instead.
2019-10-15 22:49:45,486 [main] INFO  db.DBStoreBuilder (DBStoreBuilder.java:addTable(117)) - using custom profile for table: userTable
2019-10-15 22:49:45,486 [main] INFO  db.DBStoreBuilder (DBStoreBuilder.java:processTables(168)) - Using default column profile:DBProfile.DISK for Table:userTable
2019-10-15 22:49:45,486 [main] INFO  db.DBStoreBuilder (DBStoreBuilder.java:addTable(117)) - using custom profile for table: volumeTable
2019-10-15 22:49:45,486 [main] INFO  db.DBStoreBuilder (DBStoreBuilder.java:processTables(168)) - Using default column profile:DBProfile.DISK for Table:volumeTable
2019-10-15 22:49:45,487 [main] INFO  db.DBStoreBuilder (DBStoreBuilder.java:addTable(117)) - using custom profile for table: bucketTable
2019-10-15 22:49:45,487 [main] INFO  db.DBStoreBuilder (DBStoreBuilder.java:processTables(168)) - Using default column profile:DBProfile.DISK for Table:bucketTable
2019-10-15 22:49:45,487 [main] INFO  db.DBStoreBuilder (DBStoreBuilder.java:addTable(117)) - using custom profile for table: keyTable
2019-10-15 22:49:45,487 [main] INFO  db.DBStoreBuilder (DBStoreBuilder.java:processTables(168)) - Using default column profile:DBProfile.DISK for Table:keyTable
2019-10-15 22:49:45,488 [main] INFO  db.DBStoreBuilder (DBStoreBuilder.java:addTable(117)) - using custom profile for table: deletedTable
2019-10-15 22:49:45,488 [main] INFO  db.DBStoreBuilder (DBStoreBuilder.java:processTables(168)) - Using default column profile:DBProfile.DISK for Table:deletedTable
2019-10-15 22:49:45,488 [main] INFO  db.DBStoreBuilder (DBStoreBuilder.java:addTable(117)) - using custom profile for table: openKeyTable
2019-10-15 22:49:45,488 [main] INFO  db.DBStoreBuilder (DBStoreBuilder.java:processTables(168)) - Using default column profile:DBProfile.DISK for Table:openKeyTable
2019-10-15 22:49:45,488 [main] INFO  db.DBStoreBuilder (DBStoreBuilder.java:addTable(117)) - using custom profile for table: s3Table
2019-10-15 22:49:45,489 [main] INFO  db.DBStoreBuilder (DBStoreBuilder.java:processTables(168)) - Using default column profile:DBProfile.DISK for Table:s3Table
2019-10-15 22:49:45,489 [main] INFO  db.DBStoreBuilder (DBStoreBuilder.java:addTable(117)) - using custom profile for table: multipartInfoTable
2019-10-15 22:49:45,489 [main] INFO  db.DBStoreBuilder (DBStoreBuilder.java:processTables(168)) - Using default column profile:DBProfile.DISK for Table:multipartInfoTable
2019-10-15 22:49:45,489 [main] INFO  db.DBStoreBuilder (DBStoreBuilder.java:addTable(117)) - using custom profile for table: dTokenTable
2019-10-15 22:49:45,489 [main] INFO  db.DBStoreBuilder (DBStoreBuilder.java:processTables(168)) - Using default column profile:DBProfile.DISK for Table:dTokenTable
2019-10-15 22:49:45,490 [main] INFO  db.DBStoreBuilder (DBStoreBuilder.java:addTable(117)) - using custom profile for table: s3SecretTable
2019-10-15 22:49:45,490 [main] INFO  db.DBStoreBuilder (DBStoreBuilder.java:processTables(168)) - Using default column profile:DBProfile.DISK for Table:s3SecretTable
2019-10-15 22:49:45,490 [main] INFO  db.DBStoreBuilder (DBStoreBuilder.java:addTable(117)) - using custom profile for table: prefixTable
2019-10-15 22:49:45,490 [main] INFO  db.DBStoreBuilder (DBStoreBuilder.java:processTables(168)) - Using default column profile:DBProfile.DISK for Table:prefixTable
2019-10-15 22:49:45,491 [main] INFO  db.DBStoreBuilder (DBStoreBuilder.java:addTable(117)) - using custom profile for table: default
2019-10-15 22:49:45,491 [main] INFO  db.DBStoreBuilder (DBStoreBuilder.java:processTables(174)) - Using default column profile:DBProfile.DISK for Table:default
2019-10-15 22:49:45,491 [main] INFO  db.DBStoreBuilder (DBStoreBuilder.java:getDbProfile(205)) - Using default options. DBProfile.DISK
2019-10-15 22:49:46,074 [main] INFO  ipc.CallQueueManager (CallQueueManager.java:<init>(84)) - Using callQueue: class java.util.concurrent.LinkedBlockingQueue, queueCapacity: 2000, scheduler: class org.apache.hadoop.ipc.DefaultRpcScheduler, ipcBackoff: false.
2019-10-15 22:49:46,075 [Socket Reader #1 for port 36282] INFO  ipc.Server (Server.java:run(1074)) - Starting Socket Reader #1 for port 36282
2019-10-15 22:49:46,086 [main] INFO  om.OzoneManager (OzoneManager.java:start(1071)) - OzoneManager RPC server is listening at localhost/127.0.0.1:36282
2019-10-15 22:49:46,086 [main] INFO  impl.MetricsSystemImpl (MetricsSystemImpl.java:init(158)) - OzoneManager metrics system started (again)
2019-10-15 22:49:46,087 [IPC Server Responder] INFO  ipc.Server (Server.java:run(1314)) - IPC Server Responder: starting
2019-10-15 22:49:46,087 [IPC Server listener on 36282] INFO  ipc.Server (Server.java:run(1153)) - IPC Server listener on 36282: starting
2019-10-15 22:49:46,093 [main] INFO  hdfs.DFSUtil (DFSUtil.java:httpServerTemplateForNNAndJN(1641)) - Starting Web-server for ozoneManager at: http://0.0.0.0:0
2019-10-15 22:49:46,094 [main] INFO  server.AuthenticationFilter (AuthenticationFilter.java:constructSecretProvider(240)) - Unable to initialize FileSignerSecretProvider, falling back to use random secrets.
2019-10-15 22:49:46,094 [main] WARN  http.HttpRequestLog (HttpRequestLog.java:getRequestLog(97)) - Jetty request log can only be enabled using Log4j
2019-10-15 22:49:46,096 [main] INFO  http.HttpServer2 (HttpServer2.java:addGlobalFilter(975)) - Added global filter 'safety' (class=org.apache.hadoop.http.HttpServer2$QuotingInputFilter)
2019-10-15 22:49:46,096 [main] INFO  http.HttpServer2 (HttpServer2.java:addFilter(948)) - Added filter static_user_filter (class=org.apache.hadoop.http.lib.StaticUserWebFilter$StaticUserFilter) to context ozoneManager
2019-10-15 22:49:46,096 [main] INFO  http.HttpServer2 (HttpServer2.java:addFilter(958)) - Added filter static_user_filter (class=org.apache.hadoop.http.lib.StaticUserWebFilter$StaticUserFilter) to context static
2019-10-15 22:49:46,096 [main] INFO  http.HttpServer2 (HttpServer2.java:addFilter(958)) - Added filter static_user_filter (class=org.apache.hadoop.http.lib.StaticUserWebFilter$StaticUserFilter) to context logs
2019-10-15 22:49:46,097 [main] INFO  http.HttpServer2 (HttpServer2.java:bindListener(1191)) - Jetty bound to port 45390
2019-10-15 22:49:46,097 [main] INFO  server.Server (Server.java:doStart(351)) - jetty-9.3.25.v20180904, build timestamp: 2018-09-04T21:11:46Z, git hash: 3ce520221d0240229c862b122d2b06c12a625732
2019-10-15 22:49:46,099 [main] INFO  handler.ContextHandler (ContextHandler.java:doStart(781)) - Started o.e.j.s.ServletContextHandler@62a6674f{/logs,file:///workdir/hadoop-ozone/integration-test/target/log,AVAILABLE}
2019-10-15 22:49:46,100 [main] INFO  handler.ContextHandler (ContextHandler.java:doStart(781)) - Started o.e.j.s.ServletContextHandler@703fa45{/static,file:///workdir/hadoop-ozone/integration-test/target/test-classes/webapps/static,AVAILABLE}
2019-10-15 22:49:46,104 [main] INFO  handler.ContextHandler (ContextHandler.java:doStart(781)) - Started o.e.j.w.WebAppContext@14f060b8{/,file:///workdir/hadoop-ozone/integration-test/target/test-classes/webapps/ozoneManager/,AVAILABLE}{/ozoneManager}
2019-10-15 22:49:46,105 [main] INFO  server.AbstractConnector (AbstractConnector.java:doStart(278)) - Started ServerConnector@7a0ab480{HTTP/1.1,[http/1.1]}{0.0.0.0:45390}
2019-10-15 22:49:46,106 [main] INFO  server.Server (Server.java:doStart(419)) - Started @593729ms
2019-10-15 22:49:46,106 [main] WARN  impl.MetricsSystemImpl (MetricsSystemImpl.java:register(276)) - Sink prometheus already exists!
2019-10-15 22:49:46,107 [main] INFO  server.BaseHttpServer (BaseHttpServer.java:updateConnectorAddress(215)) - HTTP server of OZONEMANAGER is listening at http://0.0.0.0:45390
2019-10-15 22:49:46,121 [main] INFO  impl.MetricsSystemImpl (MetricsSystemImpl.java:init(158)) - HddsDatanode metrics system started (again)
2019-10-15 22:49:46,126 [main] INFO  ozone.HddsDatanodeService (HddsDatanodeService.java:start(184)) - HddsDatanodeService host:pr-hdds-2071-8rz7p-357833546 ip:192.168.69.67
2019-10-15 22:49:46,133 [main] INFO  volume.HddsVolume (HddsVolume.java:<init>(176)) - Creating Volume: /workdir/hadoop-ozone/integration-test/target/test-dir/MiniOzoneClusterImpl-0d9b2814-d928-4fbd-a4f1-019e2ffc4b6f/datanode-0/data/containers/hdds of  storage type : DISK and capacity : 1482555576320
2019-10-15 22:49:46,133 [main] INFO  volume.VolumeSet (VolumeSet.java:initializeVolumeSet(170)) - Added Volume : /workdir/hadoop-ozone/integration-test/target/test-dir/MiniOzoneClusterImpl-0d9b2814-d928-4fbd-a4f1-019e2ffc4b6f/datanode-0/data/containers/hdds to VolumeSet
2019-10-15 22:49:46,133 [main] INFO  volume.ThrottledAsyncChecker (ThrottledAsyncChecker.java:schedule(141)) - Scheduling a check for org.apache.hadoop.ozone.container.common.volume.HddsVolume@544e3679
2019-10-15 22:49:46,134 [main] INFO  volume.HddsVolumeChecker (HddsVolumeChecker.java:checkAllVolumes(204)) - Scheduled health check for volume org.apache.hadoop.ozone.container.common.volume.HddsVolume@544e3679
2019-10-15 22:49:46,147 [main] INFO  impl.RaftServerProxy (ConfUtils.java:logGet(43)) - raft.rpc.type = GRPC (default)
2019-10-15 22:49:46,147 [main] INFO  grpc.GrpcFactory (GrpcFactory.java:checkPooledByteBufAllocatorUseCacheForAllThreads(45)) - PERFORMANCE WARNING: useCacheForAllThreads is true that may cause Netty to create a lot garbage objects and, as a result, trigger GC.
	It is recommended to disable useCacheForAllThreads by setting -Dorg.apache.ratis.thirdparty.io.netty.allocator.useCacheForAllThreads=false in command line.
2019-10-15 22:49:46,147 [main] INFO  grpc.GrpcConfigKeys$Server (ConfUtils.java:logGet(43)) - raft.grpc.server.port = 0 (default)
2019-10-15 22:49:46,148 [main] INFO  server.GrpcService (ConfUtils.java:logGet(43)) - raft.grpc.message.size.max = 33570816 (custom)
2019-10-15 22:49:46,148 [main] INFO  server.RaftServerConfigKeys (ConfUtils.java:logGet(43)) - raft.server.log.appender.buffer.byte-limit = 33554432 (custom)
2019-10-15 22:49:46,148 [main] INFO  server.GrpcService (ConfUtils.java:logGet(43)) - raft.grpc.flow.control.window = 1MB (=1048576) (default)
2019-10-15 22:49:46,148 [main] INFO  server.RaftServerConfigKeys (ConfUtils.java:logGet(43)) - raft.server.rpc.request.timeout = 3000ms (default)
2019-10-15 22:49:46,149 [main] INFO  server.RaftServerConfigKeys (ConfUtils.java:logGet(43)) - raft.server.storage.dir = [/workdir/hadoop-ozone/integration-test/target/test-dir/MiniOzoneClusterImpl-0d9b2814-d928-4fbd-a4f1-019e2ffc4b6f/datanode-0/data/ratis] (custom)
2019-10-15 22:49:46,150 [main] INFO  hdfs.DFSUtil (DFSUtil.java:httpServerTemplateForNNAndJN(1641)) - Starting Web-server for hddsDatanode at: http://0.0.0.0:0
2019-10-15 22:49:46,152 [main] INFO  server.AuthenticationFilter (AuthenticationFilter.java:constructSecretProvider(240)) - Unable to initialize FileSignerSecretProvider, falling back to use random secrets.
2019-10-15 22:49:46,152 [main] WARN  http.HttpRequestLog (HttpRequestLog.java:getRequestLog(97)) - Jetty request log can only be enabled using Log4j
2019-10-15 22:49:46,153 [main] INFO  http.HttpServer2 (HttpServer2.java:addGlobalFilter(975)) - Added global filter 'safety' (class=org.apache.hadoop.http.HttpServer2$QuotingInputFilter)
2019-10-15 22:49:46,154 [main] INFO  http.HttpServer2 (HttpServer2.java:addFilter(948)) - Added filter static_user_filter (class=org.apache.hadoop.http.lib.StaticUserWebFilter$StaticUserFilter) to context hddsDatanode
2019-10-15 22:49:46,154 [main] INFO  http.HttpServer2 (HttpServer2.java:addFilter(958)) - Added filter static_user_filter (class=org.apache.hadoop.http.lib.StaticUserWebFilter$StaticUserFilter) to context logs
2019-10-15 22:49:46,154 [main] INFO  http.HttpServer2 (HttpServer2.java:addFilter(958)) - Added filter static_user_filter (class=org.apache.hadoop.http.lib.StaticUserWebFilter$StaticUserFilter) to context static
2019-10-15 22:49:46,155 [main] INFO  http.HttpServer2 (HttpServer2.java:bindListener(1191)) - Jetty bound to port 39027
2019-10-15 22:49:46,155 [main] INFO  server.Server (Server.java:doStart(351)) - jetty-9.3.25.v20180904, build timestamp: 2018-09-04T21:11:46Z, git hash: 3ce520221d0240229c862b122d2b06c12a625732
2019-10-15 22:49:46,156 [main] INFO  handler.ContextHandler (ContextHandler.java:doStart(781)) - Started o.e.j.s.ServletContextHandler@6750e381{/logs,file:///workdir/hadoop-ozone/integration-test/target/log,AVAILABLE}
2019-10-15 22:49:46,157 [main] INFO  handler.ContextHandler (ContextHandler.java:doStart(781)) - Started o.e.j.s.ServletContextHandler@b022551{/static,jar:file:/home/user/.m2/repository/org/apache/hadoop/hadoop-hdds-container-service/0.5.0-SNAPSHOT/hadoop-hdds-container-service-0.5.0-SNAPSHOT.jar!/webapps/static,AVAILABLE}
2019-10-15 22:49:46,183 [main] INFO  handler.ContextHandler (ContextHandler.java:doStart(781)) - Started o.e.j.w.WebAppContext@d87d449{/,file:///tmp/jetty-0.0.0.0-39027-hddsDatanode-_-any-8566556934311239864.dir/webapp/,AVAILABLE}{/hddsDatanode}
2019-10-15 22:49:46,184 [main] INFO  server.AbstractConnector (AbstractConnector.java:doStart(278)) - Started ServerConnector@4137aab0{HTTP/1.1,[http/1.1]}{0.0.0.0:39027}
2019-10-15 22:49:46,185 [main] INFO  server.Server (Server.java:doStart(419)) - Started @593809ms
2019-10-15 22:49:46,185 [main] WARN  impl.MetricsSystemImpl (MetricsSystemImpl.java:register(276)) - Sink prometheus already exists!
2019-10-15 22:49:46,187 [main] INFO  server.BaseHttpServer (BaseHttpServer.java:updateConnectorAddress(215)) - HTTP server of HDDSDATANODE is listening at http://0.0.0.0:39027
2019-10-15 22:49:46,187 [main] INFO  impl.MetricsSystemImpl (MetricsSystemImpl.java:init(158)) - HddsDatanode metrics system started (again)
2019-10-15 22:49:46,192 [org.apache.hadoop.util.JvmPauseMonitor$Monitor@7ad6845e] INFO  util.JvmPauseMonitor (JvmPauseMonitor.java:run(188)) - Starting JVM pause monitor
2019-10-15 22:49:46,193 [Datanode State Machine Thread - 0] INFO  datanode.InitDatanodeState (InitDatanodeState.java:persistContainerDatanodeDetails(140)) - DatanodeDetails is persisted to /workdir/hadoop-ozone/integration-test/target/test-dir/MiniOzoneClusterImpl-0d9b2814-d928-4fbd-a4f1-019e2ffc4b6f/datanode-0/meta/datanode.id
2019-10-15 22:49:46,194 [main] INFO  ozone.HddsDatanodeService (HddsDatanodeService.java:start(184)) - HddsDatanodeService host:pr-hdds-2071-8rz7p-357833546 ip:192.168.69.67
2019-10-15 22:49:46,200 [main] INFO  volume.HddsVolume (HddsVolume.java:<init>(176)) - Creating Volume: /workdir/hadoop-ozone/integration-test/target/test-dir/MiniOzoneClusterImpl-0d9b2814-d928-4fbd-a4f1-019e2ffc4b6f/datanode-1/data/containers/hdds of  storage type : DISK and capacity : 1482555576320
2019-10-15 22:49:46,200 [main] INFO  volume.VolumeSet (VolumeSet.java:initializeVolumeSet(170)) - Added Volume : /workdir/hadoop-ozone/integration-test/target/test-dir/MiniOzoneClusterImpl-0d9b2814-d928-4fbd-a4f1-019e2ffc4b6f/datanode-1/data/containers/hdds to VolumeSet
2019-10-15 22:49:46,201 [main] INFO  volume.ThrottledAsyncChecker (ThrottledAsyncChecker.java:schedule(141)) - Scheduling a check for org.apache.hadoop.ozone.container.common.volume.HddsVolume@216c22ce
2019-10-15 22:49:46,201 [main] INFO  volume.HddsVolumeChecker (HddsVolumeChecker.java:checkAllVolumes(204)) - Scheduled health check for volume org.apache.hadoop.ozone.container.common.volume.HddsVolume@216c22ce
2019-10-15 22:49:46,216 [main] INFO  impl.RaftServerProxy (ConfUtils.java:logGet(43)) - raft.rpc.type = GRPC (default)
2019-10-15 22:49:46,216 [main] INFO  grpc.GrpcFactory (GrpcFactory.java:checkPooledByteBufAllocatorUseCacheForAllThreads(45)) - PERFORMANCE WARNING: useCacheForAllThreads is true that may cause Netty to create a lot garbage objects and, as a result, trigger GC.
	It is recommended to disable useCacheForAllThreads by setting -Dorg.apache.ratis.thirdparty.io.netty.allocator.useCacheForAllThreads=false in command line.
2019-10-15 22:49:46,216 [main] INFO  grpc.GrpcConfigKeys$Server (ConfUtils.java:logGet(43)) - raft.grpc.server.port = 0 (default)
2019-10-15 22:49:46,216 [main] INFO  server.GrpcService (ConfUtils.java:logGet(43)) - raft.grpc.message.size.max = 33570816 (custom)
2019-10-15 22:49:46,216 [main] INFO  server.RaftServerConfigKeys (ConfUtils.java:logGet(43)) - raft.server.log.appender.buffer.byte-limit = 33554432 (custom)
2019-10-15 22:49:46,217 [main] INFO  server.GrpcService (ConfUtils.java:logGet(43)) - raft.grpc.flow.control.window = 1MB (=1048576) (default)
2019-10-15 22:49:46,217 [main] INFO  server.RaftServerConfigKeys (ConfUtils.java:logGet(43)) - raft.server.rpc.request.timeout = 3000ms (default)
2019-10-15 22:49:46,217 [main] INFO  server.RaftServerConfigKeys (ConfUtils.java:logGet(43)) - raft.server.storage.dir = [/workdir/hadoop-ozone/integration-test/target/test-dir/MiniOzoneClusterImpl-0d9b2814-d928-4fbd-a4f1-019e2ffc4b6f/datanode-1/data/ratis] (custom)
2019-10-15 22:49:46,218 [main] INFO  hdfs.DFSUtil (DFSUtil.java:httpServerTemplateForNNAndJN(1641)) - Starting Web-server for hddsDatanode at: http://0.0.0.0:0
2019-10-15 22:49:46,220 [main] INFO  server.AuthenticationFilter (AuthenticationFilter.java:constructSecretProvider(240)) - Unable to initialize FileSignerSecretProvider, falling back to use random secrets.
2019-10-15 22:49:46,221 [main] WARN  http.HttpRequestLog (HttpRequestLog.java:getRequestLog(97)) - Jetty request log can only be enabled using Log4j
2019-10-15 22:49:46,222 [main] INFO  http.HttpServer2 (HttpServer2.java:addGlobalFilter(975)) - Added global filter 'safety' (class=org.apache.hadoop.http.HttpServer2$QuotingInputFilter)
2019-10-15 22:49:46,223 [main] INFO  http.HttpServer2 (HttpServer2.java:addFilter(948)) - Added filter static_user_filter (class=org.apache.hadoop.http.lib.StaticUserWebFilter$StaticUserFilter) to context hddsDatanode
2019-10-15 22:49:46,223 [main] INFO  http.HttpServer2 (HttpServer2.java:addFilter(958)) - Added filter static_user_filter (class=org.apache.hadoop.http.lib.StaticUserWebFilter$StaticUserFilter) to context logs
2019-10-15 22:49:46,223 [main] INFO  http.HttpServer2 (HttpServer2.java:addFilter(958)) - Added filter static_user_filter (class=org.apache.hadoop.http.lib.StaticUserWebFilter$StaticUserFilter) to context static
2019-10-15 22:49:46,224 [main] INFO  http.HttpServer2 (HttpServer2.java:bindListener(1191)) - Jetty bound to port 43856
2019-10-15 22:49:46,224 [main] INFO  server.Server (Server.java:doStart(351)) - jetty-9.3.25.v20180904, build timestamp: 2018-09-04T21:11:46Z, git hash: 3ce520221d0240229c862b122d2b06c12a625732
2019-10-15 22:49:46,225 [main] INFO  handler.ContextHandler (ContextHandler.java:doStart(781)) - Started o.e.j.s.ServletContextHandler@52ecc989{/logs,file:///workdir/hadoop-ozone/integration-test/target/log,AVAILABLE}
2019-10-15 22:49:46,226 [main] INFO  handler.ContextHandler (ContextHandler.java:doStart(781)) - Started o.e.j.s.ServletContextHandler@52f8a6f4{/static,jar:file:/home/user/.m2/repository/org/apache/hadoop/hadoop-hdds-container-service/0.5.0-SNAPSHOT/hadoop-hdds-container-service-0.5.0-SNAPSHOT.jar!/webapps/static,AVAILABLE}
2019-10-15 22:49:46,255 [main] INFO  handler.ContextHandler (ContextHandler.java:doStart(781)) - Started o.e.j.w.WebAppContext@696fad31{/,file:///tmp/jetty-0.0.0.0-43856-hddsDatanode-_-any-1771427786611045312.dir/webapp/,AVAILABLE}{/hddsDatanode}
2019-10-15 22:49:46,255 [main] INFO  server.AbstractConnector (AbstractConnector.java:doStart(278)) - Started ServerConnector@2c06b113{HTTP/1.1,[http/1.1]}{0.0.0.0:43856}
2019-10-15 22:49:46,256 [main] INFO  server.Server (Server.java:doStart(419)) - Started @593879ms
2019-10-15 22:49:46,256 [main] WARN  impl.MetricsSystemImpl (MetricsSystemImpl.java:register(276)) - Sink prometheus already exists!
2019-10-15 22:49:46,257 [main] INFO  server.BaseHttpServer (BaseHttpServer.java:updateConnectorAddress(215)) - HTTP server of HDDSDATANODE is listening at http://0.0.0.0:43856
2019-10-15 22:49:46,258 [main] INFO  impl.MetricsSystemImpl (MetricsSystemImpl.java:init(158)) - HddsDatanode metrics system started (again)
2019-10-15 22:49:46,262 [org.apache.hadoop.util.JvmPauseMonitor$Monitor@1775d07b] INFO  util.JvmPauseMonitor (JvmPauseMonitor.java:run(188)) - Starting JVM pause monitor
2019-10-15 22:49:46,263 [main] INFO  ozone.HddsDatanodeService (HddsDatanodeService.java:start(184)) - HddsDatanodeService host:pr-hdds-2071-8rz7p-357833546 ip:192.168.69.67
2019-10-15 22:49:46,264 [Datanode State Machine Thread - 0] INFO  datanode.InitDatanodeState (InitDatanodeState.java:persistContainerDatanodeDetails(140)) - DatanodeDetails is persisted to /workdir/hadoop-ozone/integration-test/target/test-dir/MiniOzoneClusterImpl-0d9b2814-d928-4fbd-a4f1-019e2ffc4b6f/datanode-1/meta/datanode.id
2019-10-15 22:49:46,270 [main] INFO  volume.HddsVolume (HddsVolume.java:<init>(176)) - Creating Volume: /workdir/hadoop-ozone/integration-test/target/test-dir/MiniOzoneClusterImpl-0d9b2814-d928-4fbd-a4f1-019e2ffc4b6f/datanode-2/data/containers/hdds of  storage type : DISK and capacity : 1482555576320
2019-10-15 22:49:46,270 [main] INFO  volume.VolumeSet (VolumeSet.java:initializeVolumeSet(170)) - Added Volume : /workdir/hadoop-ozone/integration-test/target/test-dir/MiniOzoneClusterImpl-0d9b2814-d928-4fbd-a4f1-019e2ffc4b6f/datanode-2/data/containers/hdds to VolumeSet
2019-10-15 22:49:46,270 [main] INFO  volume.ThrottledAsyncChecker (ThrottledAsyncChecker.java:schedule(141)) - Scheduling a check for org.apache.hadoop.ozone.container.common.volume.HddsVolume@68e2d03e
2019-10-15 22:49:46,271 [main] INFO  volume.HddsVolumeChecker (HddsVolumeChecker.java:checkAllVolumes(204)) - Scheduled health check for volume org.apache.hadoop.ozone.container.common.volume.HddsVolume@68e2d03e
2019-10-15 22:49:46,288 [main] INFO  impl.RaftServerProxy (ConfUtils.java:logGet(43)) - raft.rpc.type = GRPC (default)
2019-10-15 22:49:46,289 [main] INFO  grpc.GrpcFactory (GrpcFactory.java:checkPooledByteBufAllocatorUseCacheForAllThreads(45)) - PERFORMANCE WARNING: useCacheForAllThreads is true that may cause Netty to create a lot garbage objects and, as a result, trigger GC.
	It is recommended to disable useCacheForAllThreads by setting -Dorg.apache.ratis.thirdparty.io.netty.allocator.useCacheForAllThreads=false in command line.
2019-10-15 22:49:46,289 [main] INFO  grpc.GrpcConfigKeys$Server (ConfUtils.java:logGet(43)) - raft.grpc.server.port = 0 (default)
2019-10-15 22:49:46,289 [main] INFO  server.GrpcService (ConfUtils.java:logGet(43)) - raft.grpc.message.size.max = 33570816 (custom)
2019-10-15 22:49:46,289 [main] INFO  server.RaftServerConfigKeys (ConfUtils.java:logGet(43)) - raft.server.log.appender.buffer.byte-limit = 33554432 (custom)
2019-10-15 22:49:46,290 [main] INFO  server.GrpcService (ConfUtils.java:logGet(43)) - raft.grpc.flow.control.window = 1MB (=1048576) (default)
2019-10-15 22:49:46,290 [main] INFO  server.RaftServerConfigKeys (ConfUtils.java:logGet(43)) - raft.server.rpc.request.timeout = 3000ms (default)
2019-10-15 22:49:46,290 [main] INFO  server.RaftServerConfigKeys (ConfUtils.java:logGet(43)) - raft.server.storage.dir = [/workdir/hadoop-ozone/integration-test/target/test-dir/MiniOzoneClusterImpl-0d9b2814-d928-4fbd-a4f1-019e2ffc4b6f/datanode-2/data/ratis] (custom)
2019-10-15 22:49:46,292 [main] INFO  hdfs.DFSUtil (DFSUtil.java:httpServerTemplateForNNAndJN(1641)) - Starting Web-server for hddsDatanode at: http://0.0.0.0:0
2019-10-15 22:49:46,294 [main] INFO  server.AuthenticationFilter (AuthenticationFilter.java:constructSecretProvider(240)) - Unable to initialize FileSignerSecretProvider, falling back to use random secrets.
2019-10-15 22:49:46,294 [main] WARN  http.HttpRequestLog (HttpRequestLog.java:getRequestLog(97)) - Jetty request log can only be enabled using Log4j
2019-10-15 22:49:46,296 [main] INFO  http.HttpServer2 (HttpServer2.java:addGlobalFilter(975)) - Added global filter 'safety' (class=org.apache.hadoop.http.HttpServer2$QuotingInputFilter)
2019-10-15 22:49:46,297 [main] INFO  http.HttpServer2 (HttpServer2.java:addFilter(948)) - Added filter static_user_filter (class=org.apache.hadoop.http.lib.StaticUserWebFilter$StaticUserFilter) to context hddsDatanode
2019-10-15 22:49:46,297 [main] INFO  http.HttpServer2 (HttpServer2.java:addFilter(958)) - Added filter static_user_filter (class=org.apache.hadoop.http.lib.StaticUserWebFilter$StaticUserFilter) to context static
2019-10-15 22:49:46,297 [main] INFO  http.HttpServer2 (HttpServer2.java:addFilter(958)) - Added filter static_user_filter (class=org.apache.hadoop.http.lib.StaticUserWebFilter$StaticUserFilter) to context logs
2019-10-15 22:49:46,298 [main] INFO  http.HttpServer2 (HttpServer2.java:bindListener(1191)) - Jetty bound to port 40765
2019-10-15 22:49:46,298 [main] INFO  server.Server (Server.java:doStart(351)) - jetty-9.3.25.v20180904, build timestamp: 2018-09-04T21:11:46Z, git hash: 3ce520221d0240229c862b122d2b06c12a625732
2019-10-15 22:49:46,300 [main] INFO  handler.ContextHandler (ContextHandler.java:doStart(781)) - Started o.e.j.s.ServletContextHandler@77083e41{/logs,file:///workdir/hadoop-ozone/integration-test/target/log,AVAILABLE}
2019-10-15 22:49:46,301 [main] INFO  handler.ContextHandler (ContextHandler.java:doStart(781)) - Started o.e.j.s.ServletContextHandler@2d130ac4{/static,jar:file:/home/user/.m2/repository/org/apache/hadoop/hadoop-hdds-container-service/0.5.0-SNAPSHOT/hadoop-hdds-container-service-0.5.0-SNAPSHOT.jar!/webapps/static,AVAILABLE}
2019-10-15 22:49:46,330 [main] INFO  handler.ContextHandler (ContextHandler.java:doStart(781)) - Started o.e.j.w.WebAppContext@2e952845{/,file:///tmp/jetty-0.0.0.0-40765-hddsDatanode-_-any-8092050550524972248.dir/webapp/,AVAILABLE}{/hddsDatanode}
2019-10-15 22:49:46,330 [main] INFO  server.AbstractConnector (AbstractConnector.java:doStart(278)) - Started ServerConnector@79252c83{HTTP/1.1,[http/1.1]}{0.0.0.0:40765}
2019-10-15 22:49:46,331 [main] INFO  server.Server (Server.java:doStart(419)) - Started @593954ms
2019-10-15 22:49:46,332 [main] WARN  impl.MetricsSystemImpl (MetricsSystemImpl.java:register(276)) - Sink prometheus already exists!
2019-10-15 22:49:46,333 [main] INFO  server.BaseHttpServer (BaseHttpServer.java:updateConnectorAddress(215)) - HTTP server of HDDSDATANODE is listening at http://0.0.0.0:40765
2019-10-15 22:49:46,333 [main] INFO  impl.MetricsSystemImpl (MetricsSystemImpl.java:init(158)) - HddsDatanode metrics system started (again)
2019-10-15 22:49:46,337 [org.apache.hadoop.util.JvmPauseMonitor$Monitor@718a517] INFO  util.JvmPauseMonitor (JvmPauseMonitor.java:run(188)) - Starting JVM pause monitor
2019-10-15 22:49:46,338 [main] INFO  ozone.HddsDatanodeService (HddsDatanodeService.java:start(184)) - HddsDatanodeService host:pr-hdds-2071-8rz7p-357833546 ip:192.168.69.67
2019-10-15 22:49:46,339 [Datanode State Machine Thread - 0] INFO  datanode.InitDatanodeState (InitDatanodeState.java:persistContainerDatanodeDetails(140)) - DatanodeDetails is persisted to /workdir/hadoop-ozone/integration-test/target/test-dir/MiniOzoneClusterImpl-0d9b2814-d928-4fbd-a4f1-019e2ffc4b6f/datanode-2/meta/datanode.id
2019-10-15 22:49:46,345 [main] INFO  volume.HddsVolume (HddsVolume.java:<init>(176)) - Creating Volume: /workdir/hadoop-ozone/integration-test/target/test-dir/MiniOzoneClusterImpl-0d9b2814-d928-4fbd-a4f1-019e2ffc4b6f/datanode-3/data/containers/hdds of  storage type : DISK and capacity : 1482555576320
2019-10-15 22:49:46,345 [main] INFO  volume.VolumeSet (VolumeSet.java:initializeVolumeSet(170)) - Added Volume : /workdir/hadoop-ozone/integration-test/target/test-dir/MiniOzoneClusterImpl-0d9b2814-d928-4fbd-a4f1-019e2ffc4b6f/datanode-3/data/containers/hdds to VolumeSet
2019-10-15 22:49:46,345 [main] INFO  volume.ThrottledAsyncChecker (ThrottledAsyncChecker.java:schedule(141)) - Scheduling a check for org.apache.hadoop.ozone.container.common.volume.HddsVolume@7781263c
2019-10-15 22:49:46,346 [main] INFO  volume.HddsVolumeChecker (HddsVolumeChecker.java:checkAllVolumes(204)) - Scheduled health check for volume org.apache.hadoop.ozone.container.common.volume.HddsVolume@7781263c
2019-10-15 22:49:46,361 [main] INFO  impl.RaftServerProxy (ConfUtils.java:logGet(43)) - raft.rpc.type = GRPC (default)
2019-10-15 22:49:46,362 [main] INFO  grpc.GrpcFactory (GrpcFactory.java:checkPooledByteBufAllocatorUseCacheForAllThreads(45)) - PERFORMANCE WARNING: useCacheForAllThreads is true that may cause Netty to create a lot garbage objects and, as a result, trigger GC.
	It is recommended to disable useCacheForAllThreads by setting -Dorg.apache.ratis.thirdparty.io.netty.allocator.useCacheForAllThreads=false in command line.
2019-10-15 22:49:46,362 [main] INFO  grpc.GrpcConfigKeys$Server (ConfUtils.java:logGet(43)) - raft.grpc.server.port = 0 (default)
2019-10-15 22:49:46,362 [main] INFO  server.GrpcService (ConfUtils.java:logGet(43)) - raft.grpc.message.size.max = 33570816 (custom)
2019-10-15 22:49:46,362 [main] INFO  server.RaftServerConfigKeys (ConfUtils.java:logGet(43)) - raft.server.log.appender.buffer.byte-limit = 33554432 (custom)
2019-10-15 22:49:46,362 [main] INFO  server.GrpcService (ConfUtils.java:logGet(43)) - raft.grpc.flow.control.window = 1MB (=1048576) (default)
2019-10-15 22:49:46,363 [main] INFO  server.RaftServerConfigKeys (ConfUtils.java:logGet(43)) - raft.server.rpc.request.timeout = 3000ms (default)
2019-10-15 22:49:46,363 [main] INFO  server.RaftServerConfigKeys (ConfUtils.java:logGet(43)) - raft.server.storage.dir = [/workdir/hadoop-ozone/integration-test/target/test-dir/MiniOzoneClusterImpl-0d9b2814-d928-4fbd-a4f1-019e2ffc4b6f/datanode-3/data/ratis] (custom)
2019-10-15 22:49:46,365 [main] INFO  hdfs.DFSUtil (DFSUtil.java:httpServerTemplateForNNAndJN(1641)) - Starting Web-server for hddsDatanode at: http://0.0.0.0:0
2019-10-15 22:49:46,366 [main] INFO  server.AuthenticationFilter (AuthenticationFilter.java:constructSecretProvider(240)) - Unable to initialize FileSignerSecretProvider, falling back to use random secrets.
2019-10-15 22:49:46,367 [main] WARN  http.HttpRequestLog (HttpRequestLog.java:getRequestLog(97)) - Jetty request log can only be enabled using Log4j
2019-10-15 22:49:46,368 [main] INFO  http.HttpServer2 (HttpServer2.java:addGlobalFilter(975)) - Added global filter 'safety' (class=org.apache.hadoop.http.HttpServer2$QuotingInputFilter)
2019-10-15 22:49:46,369 [main] INFO  http.HttpServer2 (HttpServer2.java:addFilter(948)) - Added filter static_user_filter (class=org.apache.hadoop.http.lib.StaticUserWebFilter$StaticUserFilter) to context hddsDatanode
2019-10-15 22:49:46,369 [main] INFO  http.HttpServer2 (HttpServer2.java:addFilter(958)) - Added filter static_user_filter (class=org.apache.hadoop.http.lib.StaticUserWebFilter$StaticUserFilter) to context logs
2019-10-15 22:49:46,369 [main] INFO  http.HttpServer2 (HttpServer2.java:addFilter(958)) - Added filter static_user_filter (class=org.apache.hadoop.http.lib.StaticUserWebFilter$StaticUserFilter) to context static
2019-10-15 22:49:46,370 [main] INFO  http.HttpServer2 (HttpServer2.java:bindListener(1191)) - Jetty bound to port 32896
2019-10-15 22:49:46,370 [main] INFO  server.Server (Server.java:doStart(351)) - jetty-9.3.25.v20180904, build timestamp: 2018-09-04T21:11:46Z, git hash: 3ce520221d0240229c862b122d2b06c12a625732
2019-10-15 22:49:46,372 [main] INFO  handler.ContextHandler (ContextHandler.java:doStart(781)) - Started o.e.j.s.ServletContextHandler@5fb54740{/logs,file:///workdir/hadoop-ozone/integration-test/target/log,AVAILABLE}
2019-10-15 22:49:46,372 [main] INFO  handler.ContextHandler (ContextHandler.java:doStart(781)) - Started o.e.j.s.ServletContextHandler@1ee40b5c{/static,jar:file:/home/user/.m2/repository/org/apache/hadoop/hadoop-hdds-container-service/0.5.0-SNAPSHOT/hadoop-hdds-container-service-0.5.0-SNAPSHOT.jar!/webapps/static,AVAILABLE}
2019-10-15 22:49:46,413 [main] INFO  handler.ContextHandler (ContextHandler.java:doStart(781)) - Started o.e.j.w.WebAppContext@377dfb8d{/,file:///tmp/jetty-0.0.0.0-32896-hddsDatanode-_-any-7438903694459131487.dir/webapp/,AVAILABLE}{/hddsDatanode}
2019-10-15 22:49:46,414 [main] INFO  server.AbstractConnector (AbstractConnector.java:doStart(278)) - Started ServerConnector@42a0786f{HTTP/1.1,[http/1.1]}{0.0.0.0:32896}
2019-10-15 22:49:46,415 [main] INFO  server.Server (Server.java:doStart(419)) - Started @594039ms
2019-10-15 22:49:46,415 [main] WARN  impl.MetricsSystemImpl (MetricsSystemImpl.java:register(276)) - Sink prometheus already exists!
2019-10-15 22:49:46,416 [main] INFO  server.BaseHttpServer (BaseHttpServer.java:updateConnectorAddress(215)) - HTTP server of HDDSDATANODE is listening at http://0.0.0.0:32896
2019-10-15 22:49:46,416 [main] INFO  impl.MetricsSystemImpl (MetricsSystemImpl.java:init(158)) - HddsDatanode metrics system started (again)
2019-10-15 22:49:46,421 [org.apache.hadoop.util.JvmPauseMonitor$Monitor@33d6dd61] INFO  util.JvmPauseMonitor (JvmPauseMonitor.java:run(188)) - Starting JVM pause monitor
2019-10-15 22:49:46,421 [main] INFO  ozone.HddsDatanodeService (HddsDatanodeService.java:start(184)) - HddsDatanodeService host:pr-hdds-2071-8rz7p-357833546 ip:192.168.69.67
2019-10-15 22:49:46,422 [Datanode State Machine Thread - 0] INFO  datanode.InitDatanodeState (InitDatanodeState.java:persistContainerDatanodeDetails(140)) - DatanodeDetails is persisted to /workdir/hadoop-ozone/integration-test/target/test-dir/MiniOzoneClusterImpl-0d9b2814-d928-4fbd-a4f1-019e2ffc4b6f/datanode-3/meta/datanode.id
2019-10-15 22:49:46,426 [main] INFO  volume.HddsVolume (HddsVolume.java:<init>(176)) - Creating Volume: /workdir/hadoop-ozone/integration-test/target/test-dir/MiniOzoneClusterImpl-0d9b2814-d928-4fbd-a4f1-019e2ffc4b6f/datanode-4/data/containers/hdds of  storage type : DISK and capacity : 1482555576320
2019-10-15 22:49:46,427 [main] INFO  volume.VolumeSet (VolumeSet.java:initializeVolumeSet(170)) - Added Volume : /workdir/hadoop-ozone/integration-test/target/test-dir/MiniOzoneClusterImpl-0d9b2814-d928-4fbd-a4f1-019e2ffc4b6f/datanode-4/data/containers/hdds to VolumeSet
2019-10-15 22:49:46,427 [main] INFO  volume.ThrottledAsyncChecker (ThrottledAsyncChecker.java:schedule(141)) - Scheduling a check for org.apache.hadoop.ozone.container.common.volume.HddsVolume@30b3d899
2019-10-15 22:49:46,427 [main] INFO  volume.HddsVolumeChecker (HddsVolumeChecker.java:checkAllVolumes(204)) - Scheduled health check for volume org.apache.hadoop.ozone.container.common.volume.HddsVolume@30b3d899
2019-10-15 22:49:46,438 [main] INFO  impl.RaftServerProxy (ConfUtils.java:logGet(43)) - raft.rpc.type = GRPC (default)
2019-10-15 22:49:46,439 [main] INFO  grpc.GrpcFactory (GrpcFactory.java:checkPooledByteBufAllocatorUseCacheForAllThreads(45)) - PERFORMANCE WARNING: useCacheForAllThreads is true that may cause Netty to create a lot garbage objects and, as a result, trigger GC.
	It is recommended to disable useCacheForAllThreads by setting -Dorg.apache.ratis.thirdparty.io.netty.allocator.useCacheForAllThreads=false in command line.
2019-10-15 22:49:46,439 [main] INFO  grpc.GrpcConfigKeys$Server (ConfUtils.java:logGet(43)) - raft.grpc.server.port = 0 (default)
2019-10-15 22:49:46,439 [main] INFO  server.GrpcService (ConfUtils.java:logGet(43)) - raft.grpc.message.size.max = 33570816 (custom)
2019-10-15 22:49:46,439 [main] INFO  server.RaftServerConfigKeys (ConfUtils.java:logGet(43)) - raft.server.log.appender.buffer.byte-limit = 33554432 (custom)
2019-10-15 22:49:46,439 [main] INFO  server.GrpcService (ConfUtils.java:logGet(43)) - raft.grpc.flow.control.window = 1MB (=1048576) (default)
2019-10-15 22:49:46,439 [main] INFO  server.RaftServerConfigKeys (ConfUtils.java:logGet(43)) - raft.server.rpc.request.timeout = 3000ms (default)
2019-10-15 22:49:46,440 [main] INFO  server.RaftServerConfigKeys (ConfUtils.java:logGet(43)) - raft.server.storage.dir = [/workdir/hadoop-ozone/integration-test/target/test-dir/MiniOzoneClusterImpl-0d9b2814-d928-4fbd-a4f1-019e2ffc4b6f/datanode-4/data/ratis] (custom)
2019-10-15 22:49:46,441 [main] INFO  hdfs.DFSUtil (DFSUtil.java:httpServerTemplateForNNAndJN(1641)) - Starting Web-server for hddsDatanode at: http://0.0.0.0:0
2019-10-15 22:49:46,442 [main] INFO  server.AuthenticationFilter (AuthenticationFilter.java:constructSecretProvider(240)) - Unable to initialize FileSignerSecretProvider, falling back to use random secrets.
2019-10-15 22:49:46,442 [main] WARN  http.HttpRequestLog (HttpRequestLog.java:getRequestLog(97)) - Jetty request log can only be enabled using Log4j
2019-10-15 22:49:46,443 [main] INFO  http.HttpServer2 (HttpServer2.java:addGlobalFilter(975)) - Added global filter 'safety' (class=org.apache.hadoop.http.HttpServer2$QuotingInputFilter)
2019-10-15 22:49:46,444 [main] INFO  http.HttpServer2 (HttpServer2.java:addFilter(948)) - Added filter static_user_filter (class=org.apache.hadoop.http.lib.StaticUserWebFilter$StaticUserFilter) to context hddsDatanode
2019-10-15 22:49:46,444 [main] INFO  http.HttpServer2 (HttpServer2.java:addFilter(958)) - Added filter static_user_filter (class=org.apache.hadoop.http.lib.StaticUserWebFilter$StaticUserFilter) to context logs
2019-10-15 22:49:46,444 [main] INFO  http.HttpServer2 (HttpServer2.java:addFilter(958)) - Added filter static_user_filter (class=org.apache.hadoop.http.lib.StaticUserWebFilter$StaticUserFilter) to context static
2019-10-15 22:49:46,445 [main] INFO  http.HttpServer2 (HttpServer2.java:bindListener(1191)) - Jetty bound to port 44763
2019-10-15 22:49:46,445 [main] INFO  server.Server (Server.java:doStart(351)) - jetty-9.3.25.v20180904, build timestamp: 2018-09-04T21:11:46Z, git hash: 3ce520221d0240229c862b122d2b06c12a625732
2019-10-15 22:49:46,446 [main] INFO  handler.ContextHandler (ContextHandler.java:doStart(781)) - Started o.e.j.s.ServletContextHandler@76a362a4{/logs,file:///workdir/hadoop-ozone/integration-test/target/log,AVAILABLE}
2019-10-15 22:49:46,446 [main] INFO  handler.ContextHandler (ContextHandler.java:doStart(781)) - Started o.e.j.s.ServletContextHandler@5627cb29{/static,jar:file:/home/user/.m2/repository/org/apache/hadoop/hadoop-hdds-container-service/0.5.0-SNAPSHOT/hadoop-hdds-container-service-0.5.0-SNAPSHOT.jar!/webapps/static,AVAILABLE}
2019-10-15 22:49:46,475 [main] INFO  handler.ContextHandler (ContextHandler.java:doStart(781)) - Started o.e.j.w.WebAppContext@7e191fda{/,file:///tmp/jetty-0.0.0.0-44763-hddsDatanode-_-any-2728869084388093678.dir/webapp/,AVAILABLE}{/hddsDatanode}
2019-10-15 22:49:46,475 [main] INFO  server.AbstractConnector (AbstractConnector.java:doStart(278)) - Started ServerConnector@6562cc23{HTTP/1.1,[http/1.1]}{0.0.0.0:44763}
2019-10-15 22:49:46,476 [main] INFO  server.Server (Server.java:doStart(419)) - Started @594100ms
2019-10-15 22:49:46,477 [main] WARN  impl.MetricsSystemImpl (MetricsSystemImpl.java:register(276)) - Sink prometheus already exists!
2019-10-15 22:49:46,477 [main] INFO  server.BaseHttpServer (BaseHttpServer.java:updateConnectorAddress(215)) - HTTP server of HDDSDATANODE is listening at http://0.0.0.0:44763
2019-10-15 22:49:46,478 [main] INFO  impl.MetricsSystemImpl (MetricsSystemImpl.java:init(158)) - HddsDatanode metrics system started (again)
2019-10-15 22:49:46,482 [org.apache.hadoop.util.JvmPauseMonitor$Monitor@6a2a3e89] INFO  util.JvmPauseMonitor (JvmPauseMonitor.java:run(188)) - Starting JVM pause monitor
2019-10-15 22:49:46,483 [main] INFO  ozone.HddsDatanodeService (HddsDatanodeService.java:start(184)) - HddsDatanodeService host:pr-hdds-2071-8rz7p-357833546 ip:192.168.69.67
2019-10-15 22:49:46,483 [Datanode State Machine Thread - 0] INFO  datanode.InitDatanodeState (InitDatanodeState.java:persistContainerDatanodeDetails(140)) - DatanodeDetails is persisted to /workdir/hadoop-ozone/integration-test/target/test-dir/MiniOzoneClusterImpl-0d9b2814-d928-4fbd-a4f1-019e2ffc4b6f/datanode-4/meta/datanode.id
2019-10-15 22:49:46,488 [main] INFO  volume.HddsVolume (HddsVolume.java:<init>(176)) - Creating Volume: /workdir/hadoop-ozone/integration-test/target/test-dir/MiniOzoneClusterImpl-0d9b2814-d928-4fbd-a4f1-019e2ffc4b6f/datanode-5/data/containers/hdds of  storage type : DISK and capacity : 1482555576320
2019-10-15 22:49:46,488 [main] INFO  volume.VolumeSet (VolumeSet.java:initializeVolumeSet(170)) - Added Volume : /workdir/hadoop-ozone/integration-test/target/test-dir/MiniOzoneClusterImpl-0d9b2814-d928-4fbd-a4f1-019e2ffc4b6f/datanode-5/data/containers/hdds to VolumeSet
2019-10-15 22:49:46,489 [main] INFO  volume.ThrottledAsyncChecker (ThrottledAsyncChecker.java:schedule(141)) - Scheduling a check for org.apache.hadoop.ozone.container.common.volume.HddsVolume@5384ce66
2019-10-15 22:49:46,489 [main] INFO  volume.HddsVolumeChecker (HddsVolumeChecker.java:checkAllVolumes(204)) - Scheduled health check for volume org.apache.hadoop.ozone.container.common.volume.HddsVolume@5384ce66
2019-10-15 22:49:46,500 [main] INFO  impl.RaftServerProxy (ConfUtils.java:logGet(43)) - raft.rpc.type = GRPC (default)
2019-10-15 22:49:46,500 [main] INFO  grpc.GrpcFactory (GrpcFactory.java:checkPooledByteBufAllocatorUseCacheForAllThreads(45)) - PERFORMANCE WARNING: useCacheForAllThreads is true that may cause Netty to create a lot garbage objects and, as a result, trigger GC.
	It is recommended to disable useCacheForAllThreads by setting -Dorg.apache.ratis.thirdparty.io.netty.allocator.useCacheForAllThreads=false in command line.
2019-10-15 22:49:46,500 [main] INFO  grpc.GrpcConfigKeys$Server (ConfUtils.java:logGet(43)) - raft.grpc.server.port = 0 (default)
2019-10-15 22:49:46,500 [main] INFO  server.GrpcService (ConfUtils.java:logGet(43)) - raft.grpc.message.size.max = 33570816 (custom)
2019-10-15 22:49:46,501 [main] INFO  server.RaftServerConfigKeys (ConfUtils.java:logGet(43)) - raft.server.log.appender.buffer.byte-limit = 33554432 (custom)
2019-10-15 22:49:46,501 [main] INFO  server.GrpcService (ConfUtils.java:logGet(43)) - raft.grpc.flow.control.window = 1MB (=1048576) (default)
2019-10-15 22:49:46,501 [main] INFO  server.RaftServerConfigKeys (ConfUtils.java:logGet(43)) - raft.server.rpc.request.timeout = 3000ms (default)
2019-10-15 22:49:46,501 [main] INFO  server.RaftServerConfigKeys (ConfUtils.java:logGet(43)) - raft.server.storage.dir = [/workdir/hadoop-ozone/integration-test/target/test-dir/MiniOzoneClusterImpl-0d9b2814-d928-4fbd-a4f1-019e2ffc4b6f/datanode-5/data/ratis] (custom)
2019-10-15 22:49:46,502 [main] INFO  hdfs.DFSUtil (DFSUtil.java:httpServerTemplateForNNAndJN(1641)) - Starting Web-server for hddsDatanode at: http://0.0.0.0:0
2019-10-15 22:49:46,503 [main] INFO  server.AuthenticationFilter (AuthenticationFilter.java:constructSecretProvider(240)) - Unable to initialize FileSignerSecretProvider, falling back to use random secrets.
2019-10-15 22:49:46,504 [main] WARN  http.HttpRequestLog (HttpRequestLog.java:getRequestLog(97)) - Jetty request log can only be enabled using Log4j
2019-10-15 22:49:46,505 [main] INFO  http.HttpServer2 (HttpServer2.java:addGlobalFilter(975)) - Added global filter 'safety' (class=org.apache.hadoop.http.HttpServer2$QuotingInputFilter)
2019-10-15 22:49:46,505 [main] INFO  http.HttpServer2 (HttpServer2.java:addFilter(948)) - Added filter static_user_filter (class=org.apache.hadoop.http.lib.StaticUserWebFilter$StaticUserFilter) to context hddsDatanode
2019-10-15 22:49:46,505 [main] INFO  http.HttpServer2 (HttpServer2.java:addFilter(958)) - Added filter static_user_filter (class=org.apache.hadoop.http.lib.StaticUserWebFilter$StaticUserFilter) to context static
2019-10-15 22:49:46,506 [main] INFO  http.HttpServer2 (HttpServer2.java:addFilter(958)) - Added filter static_user_filter (class=org.apache.hadoop.http.lib.StaticUserWebFilter$StaticUserFilter) to context logs
2019-10-15 22:49:46,506 [main] INFO  http.HttpServer2 (HttpServer2.java:bindListener(1191)) - Jetty bound to port 35013
2019-10-15 22:49:46,506 [main] INFO  server.Server (Server.java:doStart(351)) - jetty-9.3.25.v20180904, build timestamp: 2018-09-04T21:11:46Z, git hash: 3ce520221d0240229c862b122d2b06c12a625732
2019-10-15 22:49:46,507 [main] INFO  handler.ContextHandler (ContextHandler.java:doStart(781)) - Started o.e.j.s.ServletContextHandler@54495935{/logs,file:///workdir/hadoop-ozone/integration-test/target/log,AVAILABLE}
2019-10-15 22:49:46,508 [main] INFO  handler.ContextHandler (ContextHandler.java:doStart(781)) - Started o.e.j.s.ServletContextHandler@3a6e9856{/static,jar:file:/home/user/.m2/repository/org/apache/hadoop/hadoop-hdds-container-service/0.5.0-SNAPSHOT/hadoop-hdds-container-service-0.5.0-SNAPSHOT.jar!/webapps/static,AVAILABLE}
2019-10-15 22:49:46,537 [main] INFO  handler.ContextHandler (ContextHandler.java:doStart(781)) - Started o.e.j.w.WebAppContext@646d810b{/,file:///tmp/jetty-0.0.0.0-35013-hddsDatanode-_-any-6773549630880966279.dir/webapp/,AVAILABLE}{/hddsDatanode}
2019-10-15 22:49:46,537 [main] INFO  server.AbstractConnector (AbstractConnector.java:doStart(278)) - Started ServerConnector@30508066{HTTP/1.1,[http/1.1]}{0.0.0.0:35013}
2019-10-15 22:49:46,537 [main] INFO  server.Server (Server.java:doStart(419)) - Started @594161ms
2019-10-15 22:49:46,538 [main] WARN  impl.MetricsSystemImpl (MetricsSystemImpl.java:register(276)) - Sink prometheus already exists!
2019-10-15 22:49:46,539 [main] INFO  server.BaseHttpServer (BaseHttpServer.java:updateConnectorAddress(215)) - HTTP server of HDDSDATANODE is listening at http://0.0.0.0:35013
2019-10-15 22:49:46,540 [main] INFO  impl.MetricsSystemImpl (MetricsSystemImpl.java:init(158)) - HddsDatanode metrics system started (again)
2019-10-15 22:49:46,545 [org.apache.hadoop.util.JvmPauseMonitor$Monitor@47cb79db] INFO  util.JvmPauseMonitor (JvmPauseMonitor.java:run(188)) - Starting JVM pause monitor
2019-10-15 22:49:46,545 [main] INFO  ozone.HddsDatanodeService (HddsDatanodeService.java:start(184)) - HddsDatanodeService host:pr-hdds-2071-8rz7p-357833546 ip:192.168.69.67
2019-10-15 22:49:46,546 [Datanode State Machine Thread - 0] INFO  datanode.InitDatanodeState (InitDatanodeState.java:persistContainerDatanodeDetails(140)) - DatanodeDetails is persisted to /workdir/hadoop-ozone/integration-test/target/test-dir/MiniOzoneClusterImpl-0d9b2814-d928-4fbd-a4f1-019e2ffc4b6f/datanode-5/meta/datanode.id
2019-10-15 22:49:46,550 [main] INFO  volume.HddsVolume (HddsVolume.java:<init>(176)) - Creating Volume: /workdir/hadoop-ozone/integration-test/target/test-dir/MiniOzoneClusterImpl-0d9b2814-d928-4fbd-a4f1-019e2ffc4b6f/datanode-6/data/containers/hdds of  storage type : DISK and capacity : 1482555576320
2019-10-15 22:49:46,551 [main] INFO  volume.VolumeSet (VolumeSet.java:initializeVolumeSet(170)) - Added Volume : /workdir/hadoop-ozone/integration-test/target/test-dir/MiniOzoneClusterImpl-0d9b2814-d928-4fbd-a4f1-019e2ffc4b6f/datanode-6/data/containers/hdds to VolumeSet
2019-10-15 22:49:46,551 [main] INFO  volume.ThrottledAsyncChecker (ThrottledAsyncChecker.java:schedule(141)) - Scheduling a check for org.apache.hadoop.ozone.container.common.volume.HddsVolume@7911cc15
2019-10-15 22:49:46,551 [main] INFO  volume.HddsVolumeChecker (HddsVolumeChecker.java:checkAllVolumes(204)) - Scheduled health check for volume org.apache.hadoop.ozone.container.common.volume.HddsVolume@7911cc15
2019-10-15 22:49:46,564 [main] INFO  impl.RaftServerProxy (ConfUtils.java:logGet(43)) - raft.rpc.type = GRPC (default)
2019-10-15 22:49:46,564 [main] INFO  grpc.GrpcFactory (GrpcFactory.java:checkPooledByteBufAllocatorUseCacheForAllThreads(45)) - PERFORMANCE WARNING: useCacheForAllThreads is true that may cause Netty to create a lot garbage objects and, as a result, trigger GC.
	It is recommended to disable useCacheForAllThreads by setting -Dorg.apache.ratis.thirdparty.io.netty.allocator.useCacheForAllThreads=false in command line.
2019-10-15 22:49:46,565 [main] INFO  grpc.GrpcConfigKeys$Server (ConfUtils.java:logGet(43)) - raft.grpc.server.port = 0 (default)
2019-10-15 22:49:46,565 [main] INFO  server.GrpcService (ConfUtils.java:logGet(43)) - raft.grpc.message.size.max = 33570816 (custom)
2019-10-15 22:49:46,565 [main] INFO  server.RaftServerConfigKeys (ConfUtils.java:logGet(43)) - raft.server.log.appender.buffer.byte-limit = 33554432 (custom)
2019-10-15 22:49:46,565 [main] INFO  server.GrpcService (ConfUtils.java:logGet(43)) - raft.grpc.flow.control.window = 1MB (=1048576) (default)
2019-10-15 22:49:46,565 [main] INFO  server.RaftServerConfigKeys (ConfUtils.java:logGet(43)) - raft.server.rpc.request.timeout = 3000ms (default)
2019-10-15 22:49:46,565 [main] INFO  server.RaftServerConfigKeys (ConfUtils.java:logGet(43)) - raft.server.storage.dir = [/workdir/hadoop-ozone/integration-test/target/test-dir/MiniOzoneClusterImpl-0d9b2814-d928-4fbd-a4f1-019e2ffc4b6f/datanode-6/data/ratis] (custom)
2019-10-15 22:49:46,567 [main] INFO  hdfs.DFSUtil (DFSUtil.java:httpServerTemplateForNNAndJN(1641)) - Starting Web-server for hddsDatanode at: http://0.0.0.0:0
2019-10-15 22:49:46,568 [main] INFO  server.AuthenticationFilter (AuthenticationFilter.java:constructSecretProvider(240)) - Unable to initialize FileSignerSecretProvider, falling back to use random secrets.
2019-10-15 22:49:46,569 [main] WARN  http.HttpRequestLog (HttpRequestLog.java:getRequestLog(97)) - Jetty request log can only be enabled using Log4j
2019-10-15 22:49:46,571 [main] INFO  http.HttpServer2 (HttpServer2.java:addGlobalFilter(975)) - Added global filter 'safety' (class=org.apache.hadoop.http.HttpServer2$QuotingInputFilter)
2019-10-15 22:49:46,571 [main] INFO  http.HttpServer2 (HttpServer2.java:addFilter(948)) - Added filter static_user_filter (class=org.apache.hadoop.http.lib.StaticUserWebFilter$StaticUserFilter) to context hddsDatanode
2019-10-15 22:49:46,571 [main] INFO  http.HttpServer2 (HttpServer2.java:addFilter(958)) - Added filter static_user_filter (class=org.apache.hadoop.http.lib.StaticUserWebFilter$StaticUserFilter) to context static
2019-10-15 22:49:46,572 [main] INFO  http.HttpServer2 (HttpServer2.java:addFilter(958)) - Added filter static_user_filter (class=org.apache.hadoop.http.lib.StaticUserWebFilter$StaticUserFilter) to context logs
2019-10-15 22:49:46,572 [main] INFO  http.HttpServer2 (HttpServer2.java:bindListener(1191)) - Jetty bound to port 34436
2019-10-15 22:49:46,573 [main] INFO  server.Server (Server.java:doStart(351)) - jetty-9.3.25.v20180904, build timestamp: 2018-09-04T21:11:46Z, git hash: 3ce520221d0240229c862b122d2b06c12a625732
2019-10-15 22:49:46,574 [main] INFO  handler.ContextHandler (ContextHandler.java:doStart(781)) - Started o.e.j.s.ServletContextHandler@7b297740{/logs,file:///workdir/hadoop-ozone/integration-test/target/log,AVAILABLE}
2019-10-15 22:49:46,575 [main] INFO  handler.ContextHandler (ContextHandler.java:doStart(781)) - Started o.e.j.s.ServletContextHandler@57ce2898{/static,jar:file:/home/user/.m2/repository/org/apache/hadoop/hadoop-hdds-container-service/0.5.0-SNAPSHOT/hadoop-hdds-container-service-0.5.0-SNAPSHOT.jar!/webapps/static,AVAILABLE}
2019-10-15 22:49:46,619 [main] INFO  handler.ContextHandler (ContextHandler.java:doStart(781)) - Started o.e.j.w.WebAppContext@2f4d32bf{/,file:///tmp/jetty-0.0.0.0-34436-hddsDatanode-_-any-4500145401329704483.dir/webapp/,AVAILABLE}{/hddsDatanode}
2019-10-15 22:49:46,619 [main] INFO  server.AbstractConnector (AbstractConnector.java:doStart(278)) - Started ServerConnector@774d8276{HTTP/1.1,[http/1.1]}{0.0.0.0:34436}
2019-10-15 22:49:46,629 [main] INFO  server.Server (Server.java:doStart(419)) - Started @594252ms
2019-10-15 22:49:46,629 [main] WARN  impl.MetricsSystemImpl (MetricsSystemImpl.java:register(276)) - Sink prometheus already exists!
2019-10-15 22:49:46,630 [main] INFO  server.BaseHttpServer (BaseHttpServer.java:updateConnectorAddress(215)) - HTTP server of HDDSDATANODE is listening at http://0.0.0.0:34436
2019-10-15 22:49:46,630 [main] INFO  ozone.MiniOzoneClusterImpl (MiniOzoneClusterImpl.java:lambda$waitForClusterToBeReady$0(147)) - Waiting for cluster to be ready. Got 0 of 7 DN Heartbeats.
2019-10-15 22:49:46,631 [org.apache.hadoop.util.JvmPauseMonitor$Monitor@12963f0b] INFO  util.JvmPauseMonitor (JvmPauseMonitor.java:run(188)) - Starting JVM pause monitor
2019-10-15 22:49:46,632 [Datanode State Machine Thread - 0] INFO  datanode.InitDatanodeState (InitDatanodeState.java:persistContainerDatanodeDetails(140)) - DatanodeDetails is persisted to /workdir/hadoop-ozone/integration-test/target/test-dir/MiniOzoneClusterImpl-0d9b2814-d928-4fbd-a4f1-019e2ffc4b6f/datanode-6/meta/datanode.id
2019-10-15 22:49:47,630 [main] INFO  ozone.MiniOzoneClusterImpl (MiniOzoneClusterImpl.java:lambda$waitForClusterToBeReady$0(147)) - Waiting for cluster to be ready. Got 0 of 7 DN Heartbeats.
2019-10-15 22:49:48,213 [Datanode State Machine Thread - 0] INFO  ozoneimpl.OzoneContainer (OzoneContainer.java:start(213)) - Attempting to start container services.
2019-10-15 22:49:48,213 [Datanode State Machine Thread - 0] INFO  ozoneimpl.OzoneContainer (OzoneContainer.java:startContainerScrub(177)) - Background container scanner has been disabled.
2019-10-15 22:49:48,214 [Datanode State Machine Thread - 0] INFO  ratis.XceiverServerRatis (XceiverServerRatis.java:start(418)) - Starting XceiverServerRatis 483636e5-9a11-4bb0-8530-e11a4b7d6bf1 at port 0
2019-10-15 22:49:48,220 [Datanode State Machine Thread - 0] INFO  impl.RaftServerProxy (RaftServerProxy.java:lambda$start$3(299)) - 483636e5-9a11-4bb0-8530-e11a4b7d6bf1: start RPC server
2019-10-15 22:49:48,222 [Datanode State Machine Thread - 0] INFO  server.GrpcService (GrpcService.java:startImpl(158)) - 483636e5-9a11-4bb0-8530-e11a4b7d6bf1: GrpcService started, listening on 0.0.0.0/0.0.0.0:40065
2019-10-15 22:49:48,223 [Datanode State Machine Thread - 0] INFO  ratis.XceiverServerRatis (XceiverServerRatis.java:start(428)) - XceiverServerRatis 483636e5-9a11-4bb0-8530-e11a4b7d6bf1 is started using port 40065
2019-10-15 22:49:48,223 [Datanode State Machine Thread - 0] INFO  server.XceiverServerGrpc (XceiverServerGrpc.java:start(149)) - XceiverServerGrpc 483636e5-9a11-4bb0-8530-e11a4b7d6bf1 is started using port 39430
2019-10-15 22:49:48,279 [Datanode State Machine Thread - 0] INFO  ozoneimpl.OzoneContainer (OzoneContainer.java:start(213)) - Attempting to start container services.
2019-10-15 22:49:48,279 [Datanode State Machine Thread - 0] INFO  ozoneimpl.OzoneContainer (OzoneContainer.java:startContainerScrub(177)) - Background container scanner has been disabled.
2019-10-15 22:49:48,279 [Datanode State Machine Thread - 0] INFO  ratis.XceiverServerRatis (XceiverServerRatis.java:start(418)) - Starting XceiverServerRatis fa254a61-b2f8-4688-8f31-8c719d7080b4 at port 0
2019-10-15 22:49:48,286 [Datanode State Machine Thread - 0] INFO  impl.RaftServerProxy (RaftServerProxy.java:lambda$start$3(299)) - fa254a61-b2f8-4688-8f31-8c719d7080b4: start RPC server
2019-10-15 22:49:48,286 [Datanode State Machine Thread - 0] INFO  server.GrpcService (GrpcService.java:startImpl(158)) - fa254a61-b2f8-4688-8f31-8c719d7080b4: GrpcService started, listening on 0.0.0.0/0.0.0.0:42698
2019-10-15 22:49:48,286 [Datanode State Machine Thread - 0] INFO  ratis.XceiverServerRatis (XceiverServerRatis.java:start(428)) - XceiverServerRatis fa254a61-b2f8-4688-8f31-8c719d7080b4 is started using port 42698
2019-10-15 22:49:48,289 [Datanode State Machine Thread - 0] INFO  server.XceiverServerGrpc (XceiverServerGrpc.java:start(149)) - XceiverServerGrpc fa254a61-b2f8-4688-8f31-8c719d7080b4 is started using port 40963
2019-10-15 22:49:48,345 [Datanode State Machine Thread - 0] INFO  ozoneimpl.OzoneContainer (OzoneContainer.java:start(213)) - Attempting to start container services.
2019-10-15 22:49:48,346 [Datanode State Machine Thread - 0] INFO  ozoneimpl.OzoneContainer (OzoneContainer.java:startContainerScrub(177)) - Background container scanner has been disabled.
2019-10-15 22:49:48,346 [Datanode State Machine Thread - 0] INFO  ratis.XceiverServerRatis (XceiverServerRatis.java:start(418)) - Starting XceiverServerRatis b3c1af8e-b304-41b3-9967-023a9461ce9d at port 0
2019-10-15 22:49:48,352 [Datanode State Machine Thread - 0] INFO  impl.RaftServerProxy (RaftServerProxy.java:lambda$start$3(299)) - b3c1af8e-b304-41b3-9967-023a9461ce9d: start RPC server
2019-10-15 22:49:48,353 [Datanode State Machine Thread - 0] INFO  server.GrpcService (GrpcService.java:startImpl(158)) - b3c1af8e-b304-41b3-9967-023a9461ce9d: GrpcService started, listening on 0.0.0.0/0.0.0.0:40932
2019-10-15 22:49:48,353 [Datanode State Machine Thread - 0] INFO  ratis.XceiverServerRatis (XceiverServerRatis.java:start(428)) - XceiverServerRatis b3c1af8e-b304-41b3-9967-023a9461ce9d is started using port 40932
2019-10-15 22:49:48,354 [Datanode State Machine Thread - 0] INFO  server.XceiverServerGrpc (XceiverServerGrpc.java:start(149)) - XceiverServerGrpc b3c1af8e-b304-41b3-9967-023a9461ce9d is started using port 45956
2019-10-15 22:49:48,444 [Datanode State Machine Thread - 0] INFO  ozoneimpl.OzoneContainer (OzoneContainer.java:start(213)) - Attempting to start container services.
2019-10-15 22:49:48,444 [Datanode State Machine Thread - 0] INFO  ozoneimpl.OzoneContainer (OzoneContainer.java:startContainerScrub(177)) - Background container scanner has been disabled.
2019-10-15 22:49:48,444 [Datanode State Machine Thread - 0] INFO  ratis.XceiverServerRatis (XceiverServerRatis.java:start(418)) - Starting XceiverServerRatis 36062c4f-280d-4b0a-9450-edbb927c7915 at port 0
2019-10-15 22:49:48,451 [Datanode State Machine Thread - 0] INFO  impl.RaftServerProxy (RaftServerProxy.java:lambda$start$3(299)) - 36062c4f-280d-4b0a-9450-edbb927c7915: start RPC server
2019-10-15 22:49:48,452 [Datanode State Machine Thread - 0] INFO  server.GrpcService (GrpcService.java:startImpl(158)) - 36062c4f-280d-4b0a-9450-edbb927c7915: GrpcService started, listening on 0.0.0.0/0.0.0.0:34011
2019-10-15 22:49:48,452 [Datanode State Machine Thread - 0] INFO  ratis.XceiverServerRatis (XceiverServerRatis.java:start(428)) - XceiverServerRatis 36062c4f-280d-4b0a-9450-edbb927c7915 is started using port 34011
2019-10-15 22:49:48,452 [Datanode State Machine Thread - 0] INFO  server.XceiverServerGrpc (XceiverServerGrpc.java:start(149)) - XceiverServerGrpc 36062c4f-280d-4b0a-9450-edbb927c7915 is started using port 33854
2019-10-15 22:49:48,497 [Datanode State Machine Thread - 0] INFO  ozoneimpl.OzoneContainer (OzoneContainer.java:start(213)) - Attempting to start container services.
2019-10-15 22:49:48,497 [Datanode State Machine Thread - 0] INFO  ozoneimpl.OzoneContainer (OzoneContainer.java:startContainerScrub(177)) - Background container scanner has been disabled.
2019-10-15 22:49:48,497 [Datanode State Machine Thread - 0] INFO  ratis.XceiverServerRatis (XceiverServerRatis.java:start(418)) - Starting XceiverServerRatis 23981206-d98f-49bd-b34a-9ed813c0949a at port 0
2019-10-15 22:49:48,504 [Datanode State Machine Thread - 0] INFO  impl.RaftServerProxy (RaftServerProxy.java:lambda$start$3(299)) - 23981206-d98f-49bd-b34a-9ed813c0949a: start RPC server
2019-10-15 22:49:48,505 [Datanode State Machine Thread - 0] INFO  server.GrpcService (GrpcService.java:startImpl(158)) - 23981206-d98f-49bd-b34a-9ed813c0949a: GrpcService started, listening on 0.0.0.0/0.0.0.0:32847
2019-10-15 22:49:48,505 [Datanode State Machine Thread - 0] INFO  ratis.XceiverServerRatis (XceiverServerRatis.java:start(428)) - XceiverServerRatis 23981206-d98f-49bd-b34a-9ed813c0949a is started using port 32847
2019-10-15 22:49:48,505 [Datanode State Machine Thread - 0] INFO  server.XceiverServerGrpc (XceiverServerGrpc.java:start(149)) - XceiverServerGrpc 23981206-d98f-49bd-b34a-9ed813c0949a is started using port 32829
2019-10-15 22:49:48,559 [Datanode State Machine Thread - 0] INFO  ozoneimpl.OzoneContainer (OzoneContainer.java:start(213)) - Attempting to start container services.
2019-10-15 22:49:48,559 [Datanode State Machine Thread - 0] INFO  ozoneimpl.OzoneContainer (OzoneContainer.java:startContainerScrub(177)) - Background container scanner has been disabled.
2019-10-15 22:49:48,559 [Datanode State Machine Thread - 0] INFO  ratis.XceiverServerRatis (XceiverServerRatis.java:start(418)) - Starting XceiverServerRatis d85b637b-10e8-42dc-95d2-be085c1066ae at port 0
2019-10-15 22:49:48,566 [Datanode State Machine Thread - 0] INFO  impl.RaftServerProxy (RaftServerProxy.java:lambda$start$3(299)) - d85b637b-10e8-42dc-95d2-be085c1066ae: start RPC server
2019-10-15 22:49:48,567 [Datanode State Machine Thread - 0] INFO  server.GrpcService (GrpcService.java:startImpl(158)) - d85b637b-10e8-42dc-95d2-be085c1066ae: GrpcService started, listening on 0.0.0.0/0.0.0.0:41017
2019-10-15 22:49:48,567 [Datanode State Machine Thread - 0] INFO  ratis.XceiverServerRatis (XceiverServerRatis.java:start(428)) - XceiverServerRatis d85b637b-10e8-42dc-95d2-be085c1066ae is started using port 41017
2019-10-15 22:49:48,569 [Datanode State Machine Thread - 0] INFO  server.XceiverServerGrpc (XceiverServerGrpc.java:start(149)) - XceiverServerGrpc d85b637b-10e8-42dc-95d2-be085c1066ae is started using port 37038
2019-10-15 22:49:48,631 [main] INFO  ozone.MiniOzoneClusterImpl (MiniOzoneClusterImpl.java:lambda$waitForClusterToBeReady$0(147)) - Waiting for cluster to be ready. Got 0 of 7 DN Heartbeats.
2019-10-15 22:49:48,659 [Datanode State Machine Thread - 0] INFO  ozoneimpl.OzoneContainer (OzoneContainer.java:start(213)) - Attempting to start container services.
2019-10-15 22:49:48,659 [Datanode State Machine Thread - 0] INFO  ozoneimpl.OzoneContainer (OzoneContainer.java:startContainerScrub(177)) - Background container scanner has been disabled.
2019-10-15 22:49:48,659 [Datanode State Machine Thread - 0] INFO  ratis.XceiverServerRatis (XceiverServerRatis.java:start(418)) - Starting XceiverServerRatis cd11d2e1-8001-4504-aa56-1bbe2d1aee94 at port 0
2019-10-15 22:49:48,665 [Datanode State Machine Thread - 0] INFO  impl.RaftServerProxy (RaftServerProxy.java:lambda$start$3(299)) - cd11d2e1-8001-4504-aa56-1bbe2d1aee94: start RPC server
2019-10-15 22:49:48,673 [Datanode State Machine Thread - 0] INFO  server.GrpcService (GrpcService.java:startImpl(158)) - cd11d2e1-8001-4504-aa56-1bbe2d1aee94: GrpcService started, listening on 0.0.0.0/0.0.0.0:45850
2019-10-15 22:49:48,673 [Datanode State Machine Thread - 0] INFO  ratis.XceiverServerRatis (XceiverServerRatis.java:start(428)) - XceiverServerRatis cd11d2e1-8001-4504-aa56-1bbe2d1aee94 is started using port 45850
2019-10-15 22:49:48,674 [Datanode State Machine Thread - 0] INFO  server.XceiverServerGrpc (XceiverServerGrpc.java:start(149)) - XceiverServerGrpc cd11d2e1-8001-4504-aa56-1bbe2d1aee94 is started using port 42946
2019-10-15 22:49:49,631 [main] INFO  ozone.MiniOzoneClusterImpl (MiniOzoneClusterImpl.java:lambda$waitForClusterToBeReady$0(147)) - Waiting for cluster to be ready. Got 0 of 7 DN Heartbeats.
2019-10-15 22:49:50,196 [IPC Server handler 2 on 32953] INFO  net.NetworkTopology (NetworkTopologyImpl.java:add(111)) - Added a new node: /default-rack/483636e5-9a11-4bb0-8530-e11a4b7d6bf1
2019-10-15 22:49:50,198 [IPC Server handler 2 on 32953] INFO  node.SCMNodeManager (SCMNodeManager.java:register(267)) - Registered Data node : 483636e5-9a11-4bb0-8530-e11a4b7d6bf1{ip: 192.168.69.67, host: pr-hdds-2071-8rz7p-357833546, networkLocation: /default-rack, certSerialId: null}
2019-10-15 22:49:50,198 [EventQueue-NodeRegistrationContainerReportForDataNodeSafeModeRule] INFO  safemode.SCMSafeModeManager (DataNodeSafeModeRule.java:process(71)) - SCM in safe mode. 1 DataNodes registered, 1 required.
2019-10-15 22:49:50,200 [EventQueue-NodeRegistrationContainerReportForDataNodeSafeModeRule] INFO  safemode.SCMSafeModeManager (SCMSafeModeManager.java:validateSafeModeExitRules(177)) - ScmSafeModeManager, all rules are successfully validated
2019-10-15 22:49:50,200 [EventQueue-NodeRegistrationContainerReportForDataNodeSafeModeRule] INFO  safemode.SCMSafeModeManager (SCMSafeModeManager.java:exitSafeMode(193)) - SCM exiting safe mode.
2019-10-15 22:49:50,236 [grpc-default-executor-9] INFO  impl.RaftServerProxy (RaftServerProxy.java:addNew(89)) - 483636e5-9a11-4bb0-8530-e11a4b7d6bf1: addNew group-CEF704BBD4CD:[483636e5-9a11-4bb0-8530-e11a4b7d6bf1:192.168.69.67:40065] returns group-CEF704BBD4CD:java.util.concurrent.CompletableFuture@1296dac4[Not completed]
2019-10-15 22:49:50,238 [pool-409-thread-1] INFO  impl.RaftServerImpl (RaftServerImpl.java:<init>(95)) - 483636e5-9a11-4bb0-8530-e11a4b7d6bf1: new RaftServerImpl for group-CEF704BBD4CD:[483636e5-9a11-4bb0-8530-e11a4b7d6bf1:192.168.69.67:40065] with ContainerStateMachine:uninitialized
2019-10-15 22:49:50,238 [pool-409-thread-1] INFO  server.RaftServerConfigKeys (ConfUtils.java:logGet(43)) - raft.server.rpc.timeout.min = 5s (custom)
2019-10-15 22:49:50,238 [pool-409-thread-1] INFO  server.RaftServerConfigKeys (ConfUtils.java:logGet(43)) - raft.server.rpc.timeout.max = 5200ms (custom)
2019-10-15 22:49:50,238 [pool-409-thread-1] INFO  server.RaftServerConfigKeys (ConfUtils.java:logGet(43)) - raft.server.rpcslowness.timeout = 120s (custom)
2019-10-15 22:49:50,238 [pool-409-thread-1] INFO  server.RaftServerConfigKeys (ConfUtils.java:logGet(43)) - raft.server.sleep.deviation.threshold = 300 (default)
2019-10-15 22:49:50,238 [pool-409-thread-1] INFO  server.RaftServerConfigKeys (ConfUtils.java:logGet(43)) - raft.server.log.appender.install.snapshot.enabled = false (custom)
2019-10-15 22:49:50,239 [pool-409-thread-1] INFO  impl.RaftServerImpl (ServerState.java:<init>(103)) - 483636e5-9a11-4bb0-8530-e11a4b7d6bf1@group-CEF704BBD4CD: ConfigurationManager, init=-1: [483636e5-9a11-4bb0-8530-e11a4b7d6bf1:192.168.69.67:40065], old=null, confs=<EMPTY_MAP>
2019-10-15 22:49:50,239 [pool-409-thread-1] INFO  server.RaftServerConfigKeys (ConfUtils.java:logGet(43)) - raft.server.storage.dir = [/workdir/hadoop-ozone/integration-test/target/test-dir/MiniOzoneClusterImpl-0d9b2814-d928-4fbd-a4f1-019e2ffc4b6f/datanode-0/data/ratis] (custom)
2019-10-15 22:49:50,239 [pool-409-thread-1] INFO  server.RaftServerConfigKeys (ConfUtils.java:logGet(43)) - raft.server.log.corruption.policy = EXCEPTION (default)
2019-10-15 22:49:50,239 [pool-409-thread-1] INFO  storage.RaftStorageDirectory (RaftStorageDirectory.java:analyzeStorage(246)) - The storage directory /workdir/hadoop-ozone/integration-test/target/test-dir/MiniOzoneClusterImpl-0d9b2814-d928-4fbd-a4f1-019e2ffc4b6f/datanode-0/data/ratis/7e3856fa-d959-401a-ab1a-cef704bbd4cd does not exist. Creating ...
2019-10-15 22:49:50,253 [pool-409-thread-1] INFO  storage.RaftStorageDirectory (RaftStorageDirectory.java:tryLock(328)) - Lock on /workdir/hadoop-ozone/integration-test/target/test-dir/MiniOzoneClusterImpl-0d9b2814-d928-4fbd-a4f1-019e2ffc4b6f/datanode-0/data/ratis/7e3856fa-d959-401a-ab1a-cef704bbd4cd/in_use.lock acquired by nodename 13538@pr-hdds-2071-8rz7p-357833546
2019-10-15 22:49:50,263 [IPC Server handler 4 on 32953] INFO  net.NetworkTopology (NetworkTopologyImpl.java:add(111)) - Added a new node: /default-rack/fa254a61-b2f8-4688-8f31-8c719d7080b4
2019-10-15 22:49:50,263 [IPC Server handler 4 on 32953] INFO  node.SCMNodeManager (SCMNodeManager.java:register(267)) - Registered Data node : fa254a61-b2f8-4688-8f31-8c719d7080b4{ip: 192.168.69.67, host: pr-hdds-2071-8rz7p-357833546, networkLocation: /default-rack, certSerialId: null}
2019-10-15 22:49:50,266 [pool-409-thread-1] INFO  storage.RaftStorage (RaftStorage.java:format(84)) - Storage directory /workdir/hadoop-ozone/integration-test/target/test-dir/MiniOzoneClusterImpl-0d9b2814-d928-4fbd-a4f1-019e2ffc4b6f/datanode-0/data/ratis/7e3856fa-d959-401a-ab1a-cef704bbd4cd has been successfully formatted.
2019-10-15 22:49:50,266 [pool-409-thread-1] INFO  ratis.ContainerStateMachine (ContainerStateMachine.java:loadSnapshot(231)) - group-CEF704BBD4CD: The snapshot info is null. Setting the last applied indexto:(t:0, i:~)
2019-10-15 22:49:50,267 [pool-409-thread-1] INFO  server.RaftServerConfigKeys (ConfUtils.java:logGet(43)) - raft.server.notification.no-leader.timeout = 120s (custom)
2019-10-15 22:49:50,267 [pool-409-thread-1] INFO  server.RaftServerConfigKeys (ConfUtils.java:logGet(43)) - raft.server.log.use.memory = false (default)
2019-10-15 22:49:50,267 [pool-409-thread-1] INFO  server.RaftServerConfigKeys (ConfUtils.java:logGet(43)) - raft.server.log.purge.gap = 1000000 (custom)
2019-10-15 22:49:50,267 [pool-409-thread-1] INFO  server.RaftServerConfigKeys (ConfUtils.java:logGet(43)) - raft.server.log.appender.buffer.byte-limit = 33554432 (custom)
2019-10-15 22:49:50,267 [pool-409-thread-1] INFO  server.RaftServerConfigKeys (ConfUtils.java:logGet(43)) - raft.server.log.segment.size.max = 1048576 (custom)
2019-10-15 22:49:50,268 [pool-409-thread-1] INFO  server.RaftServerConfigKeys (ConfUtils.java:logGet(43)) - raft.server.log.segment.cache.num.max = 2 (custom)
2019-10-15 22:49:50,268 [pool-409-thread-1] INFO  segmented.SegmentedRaftLogWorker (SegmentedRaftLogWorker.java:<init>(173)) - new 483636e5-9a11-4bb0-8530-e11a4b7d6bf1@group-CEF704BBD4CD-SegmentedRaftLogWorker for RaftStorage:Storage Directory /workdir/hadoop-ozone/integration-test/target/test-dir/MiniOzoneClusterImpl-0d9b2814-d928-4fbd-a4f1-019e2ffc4b6f/datanode-0/data/ratis/7e3856fa-d959-401a-ab1a-cef704bbd4cd
2019-10-15 22:49:50,268 [pool-409-thread-1] INFO  server.RaftServerConfigKeys (ConfUtils.java:logGet(43)) - raft.server.log.queue.byte-limit = 2147483647 (custom)
2019-10-15 22:49:50,268 [pool-409-thread-1] INFO  server.RaftServerConfigKeys (ConfUtils.java:logGet(43)) - raft.server.log.queue.element-limit = 1024 (custom)
2019-10-15 22:49:50,268 [pool-409-thread-1] INFO  server.RaftServerConfigKeys (ConfUtils.java:logGet(43)) - raft.server.log.segment.size.max = 1048576 (custom)
2019-10-15 22:49:50,269 [pool-409-thread-1] INFO  server.RaftServerConfigKeys (ConfUtils.java:logGet(43)) - raft.server.log.preallocated.size = 16384 (custom)
2019-10-15 22:49:50,269 [pool-409-thread-1] INFO  server.RaftServerConfigKeys (ConfUtils.java:logGet(43)) - raft.server.log.write.buffer.size = 33554432 (custom)
2019-10-15 22:49:50,269 [pool-409-thread-1] INFO  server.RaftServerConfigKeys (ConfUtils.java:logGet(43)) - raft.server.log.force.sync.num = 128 (default)
2019-10-15 22:49:50,269 [pool-409-thread-1] INFO  server.RaftServerConfigKeys (ConfUtils.java:logGet(43)) - raft.server.log.statemachine.data.sync = true (default)
2019-10-15 22:49:50,269 [pool-409-thread-1] INFO  server.RaftServerConfigKeys (ConfUtils.java:logGet(43)) - raft.server.log.statemachine.data.sync.timeout = 10s (default)
2019-10-15 22:49:50,269 [pool-409-thread-1] INFO  server.RaftServerConfigKeys (ConfUtils.java:logGet(43)) - raft.server.log.statemachine.data.sync.timeout.retry = -1 (default)
2019-10-15 22:49:50,269 [pool-409-thread-1] INFO  server.RaftServerConfigKeys (ConfUtils.java:logGet(43)) - raft.server.log.statemachine.data.caching.enabled = true (custom)
2019-10-15 22:49:50,270 [pool-409-thread-1] INFO  segmented.SegmentedRaftLogWorker (SegmentedRaftLogWorker.java:lambda$new$0(128)) - 483636e5-9a11-4bb0-8530-e11a4b7d6bf1@group-CEF704BBD4CD-SegmentedRaftLogWorker: flushIndex: setUnconditionally 0 -> -1
2019-10-15 22:49:50,270 [pool-409-thread-1] INFO  server.RaftServerConfigKeys (ConfUtils.java:logGet(43)) - raft.server.snapshot.auto.trigger.enabled = true (custom)
2019-10-15 22:49:50,270 [pool-409-thread-1] INFO  server.RaftServerConfigKeys (ConfUtils.java:logGet(43)) - raft.server.snapshot.auto.trigger.threshold = 10000 (custom)
2019-10-15 22:49:50,270 [pool-409-thread-1] INFO  server.RaftServerConfigKeys (ConfUtils.java:logGet(43)) - raft.server.snapshot.retention.file.num = 5 (custom)
2019-10-15 22:49:50,270 [pool-409-thread-1] INFO  server.RaftServerConfigKeys (ConfUtils.java:logGet(43)) - raft.server.retrycache.expirytime = 600000ms (custom)
2019-10-15 22:49:50,271 [pool-409-thread-1] INFO  impl.RaftServerImpl (RaftServerImpl.java:start(181)) - 483636e5-9a11-4bb0-8530-e11a4b7d6bf1@group-CEF704BBD4CD: start as a follower, conf=-1: [483636e5-9a11-4bb0-8530-e11a4b7d6bf1:192.168.69.67:40065], old=null
2019-10-15 22:49:50,271 [pool-409-thread-1] INFO  impl.RaftServerImpl (RaftServerImpl.java:setRole(170)) - 483636e5-9a11-4bb0-8530-e11a4b7d6bf1@group-CEF704BBD4CD: changes role from      null to FOLLOWER at term 0 for startAsFollower
2019-10-15 22:49:50,271 [pool-409-thread-1] INFO  impl.RoleInfo (RoleInfo.java:updateAndGet(143)) - 483636e5-9a11-4bb0-8530-e11a4b7d6bf1: start FollowerState
2019-10-15 22:49:50,272 [pool-409-thread-1] INFO  util.JmxRegister (JmxRegister.java:tryRegister(44)) - Successfully registered JMX Bean with object name Ratis:service=RaftServer,group=group-CEF704BBD4CD,id=483636e5-9a11-4bb0-8530-e11a4b7d6bf1
2019-10-15 22:49:50,276 [RatisPipelineUtilsThread] INFO  pipeline.PipelineStateManager (PipelineStateManager.java:addPipeline(56)) - Created pipeline Pipeline[ Id: 7e3856fa-d959-401a-ab1a-cef704bbd4cd, Nodes: 483636e5-9a11-4bb0-8530-e11a4b7d6bf1{ip: 192.168.69.67, host: pr-hdds-2071-8rz7p-357833546, networkLocation: /default-rack, certSerialId: null}, Type:RATIS, Factor:ONE, State:OPEN]
2019-10-15 22:49:50,281 [grpc-default-executor-9] INFO  impl.RaftServerProxy (RaftServerProxy.java:addNew(89)) - fa254a61-b2f8-4688-8f31-8c719d7080b4: addNew group-8C0473AEC5DF:[fa254a61-b2f8-4688-8f31-8c719d7080b4:192.168.69.67:42698] returns group-8C0473AEC5DF:java.util.concurrent.CompletableFuture@6d5ec203[Not completed]
2019-10-15 22:49:50,282 [pool-419-thread-1] INFO  impl.RaftServerImpl (RaftServerImpl.java:<init>(95)) - fa254a61-b2f8-4688-8f31-8c719d7080b4: new RaftServerImpl for group-8C0473AEC5DF:[fa254a61-b2f8-4688-8f31-8c719d7080b4:192.168.69.67:42698] with ContainerStateMachine:uninitialized
2019-10-15 22:49:50,282 [pool-419-thread-1] INFO  server.RaftServerConfigKeys (ConfUtils.java:logGet(43)) - raft.server.rpc.timeout.min = 5s (custom)
2019-10-15 22:49:50,282 [pool-419-thread-1] INFO  server.RaftServerConfigKeys (ConfUtils.java:logGet(43)) - raft.server.rpc.timeout.max = 5200ms (custom)
2019-10-15 22:49:50,282 [pool-419-thread-1] INFO  server.RaftServerConfigKeys (ConfUtils.java:logGet(43)) - raft.server.rpcslowness.timeout = 120s (custom)
2019-10-15 22:49:50,282 [pool-419-thread-1] INFO  server.RaftServerConfigKeys (ConfUtils.java:logGet(43)) - raft.server.sleep.deviation.threshold = 300 (default)
2019-10-15 22:49:50,282 [pool-419-thread-1] INFO  server.RaftServerConfigKeys (ConfUtils.java:logGet(43)) - raft.server.log.appender.install.snapshot.enabled = false (custom)
2019-10-15 22:49:50,282 [pool-419-thread-1] INFO  impl.RaftServerImpl (ServerState.java:<init>(103)) - fa254a61-b2f8-4688-8f31-8c719d7080b4@group-8C0473AEC5DF: ConfigurationManager, init=-1: [fa254a61-b2f8-4688-8f31-8c719d7080b4:192.168.69.67:42698], old=null, confs=<EMPTY_MAP>
2019-10-15 22:49:50,282 [pool-419-thread-1] INFO  server.RaftServerConfigKeys (ConfUtils.java:logGet(43)) - raft.server.storage.dir = [/workdir/hadoop-ozone/integration-test/target/test-dir/MiniOzoneClusterImpl-0d9b2814-d928-4fbd-a4f1-019e2ffc4b6f/datanode-1/data/ratis] (custom)
2019-10-15 22:49:50,282 [pool-419-thread-1] INFO  server.RaftServerConfigKeys (ConfUtils.java:logGet(43)) - raft.server.log.corruption.policy = EXCEPTION (default)
2019-10-15 22:49:50,283 [pool-419-thread-1] INFO  storage.RaftStorageDirectory (RaftStorageDirectory.java:analyzeStorage(246)) - The storage directory /workdir/hadoop-ozone/integration-test/target/test-dir/MiniOzoneClusterImpl-0d9b2814-d928-4fbd-a4f1-019e2ffc4b6f/datanode-1/data/ratis/39b31bd9-857f-487c-a6e7-8c0473aec5df does not exist. Creating ...
2019-10-15 22:49:50,295 [pool-419-thread-1] INFO  storage.RaftStorageDirectory (RaftStorageDirectory.java:tryLock(328)) - Lock on /workdir/hadoop-ozone/integration-test/target/test-dir/MiniOzoneClusterImpl-0d9b2814-d928-4fbd-a4f1-019e2ffc4b6f/datanode-1/data/ratis/39b31bd9-857f-487c-a6e7-8c0473aec5df/in_use.lock acquired by nodename 13538@pr-hdds-2071-8rz7p-357833546
2019-10-15 22:49:50,310 [pool-419-thread-1] INFO  storage.RaftStorage (RaftStorage.java:format(84)) - Storage directory /workdir/hadoop-ozone/integration-test/target/test-dir/MiniOzoneClusterImpl-0d9b2814-d928-4fbd-a4f1-019e2ffc4b6f/datanode-1/data/ratis/39b31bd9-857f-487c-a6e7-8c0473aec5df has been successfully formatted.
2019-10-15 22:49:50,310 [pool-419-thread-1] INFO  ratis.ContainerStateMachine (ContainerStateMachine.java:loadSnapshot(231)) - group-8C0473AEC5DF: The snapshot info is null. Setting the last applied indexto:(t:0, i:~)
2019-10-15 22:49:50,310 [pool-419-thread-1] INFO  server.RaftServerConfigKeys (ConfUtils.java:logGet(43)) - raft.server.notification.no-leader.timeout = 120s (custom)
2019-10-15 22:49:50,310 [pool-419-thread-1] INFO  server.RaftServerConfigKeys (ConfUtils.java:logGet(43)) - raft.server.log.use.memory = false (default)
2019-10-15 22:49:50,310 [pool-419-thread-1] INFO  server.RaftServerConfigKeys (ConfUtils.java:logGet(43)) - raft.server.log.purge.gap = 1000000 (custom)
2019-10-15 22:49:50,310 [pool-419-thread-1] INFO  server.RaftServerConfigKeys (ConfUtils.java:logGet(43)) - raft.server.log.appender.buffer.byte-limit = 33554432 (custom)
2019-10-15 22:49:50,310 [pool-419-thread-1] INFO  server.RaftServerConfigKeys (ConfUtils.java:logGet(43)) - raft.server.log.segment.size.max = 1048576 (custom)
2019-10-15 22:49:50,311 [pool-419-thread-1] INFO  server.RaftServerConfigKeys (ConfUtils.java:logGet(43)) - raft.server.log.segment.cache.num.max = 2 (custom)
2019-10-15 22:49:50,312 [pool-419-thread-1] INFO  segmented.SegmentedRaftLogWorker (SegmentedRaftLogWorker.java:<init>(173)) - new fa254a61-b2f8-4688-8f31-8c719d7080b4@group-8C0473AEC5DF-SegmentedRaftLogWorker for RaftStorage:Storage Directory /workdir/hadoop-ozone/integration-test/target/test-dir/MiniOzoneClusterImpl-0d9b2814-d928-4fbd-a4f1-019e2ffc4b6f/datanode-1/data/ratis/39b31bd9-857f-487c-a6e7-8c0473aec5df
2019-10-15 22:49:50,312 [pool-419-thread-1] INFO  server.RaftServerConfigKeys (ConfUtils.java:logGet(43)) - raft.server.log.queue.byte-limit = 2147483647 (custom)
2019-10-15 22:49:50,312 [pool-419-thread-1] INFO  server.RaftServerConfigKeys (ConfUtils.java:logGet(43)) - raft.server.log.queue.element-limit = 1024 (custom)
2019-10-15 22:49:50,312 [pool-419-thread-1] INFO  server.RaftServerConfigKeys (ConfUtils.java:logGet(43)) - raft.server.log.segment.size.max = 1048576 (custom)
2019-10-15 22:49:50,312 [pool-419-thread-1] INFO  server.RaftServerConfigKeys (ConfUtils.java:logGet(43)) - raft.server.log.preallocated.size = 16384 (custom)
2019-10-15 22:49:50,312 [pool-419-thread-1] INFO  server.RaftServerConfigKeys (ConfUtils.java:logGet(43)) - raft.server.log.write.buffer.size = 33554432 (custom)
2019-10-15 22:49:50,312 [pool-419-thread-1] INFO  server.RaftServerConfigKeys (ConfUtils.java:logGet(43)) - raft.server.log.force.sync.num = 128 (default)
2019-10-15 22:49:50,312 [pool-419-thread-1] INFO  server.RaftServerConfigKeys (ConfUtils.java:logGet(43)) - raft.server.log.statemachine.data.sync = true (default)
2019-10-15 22:49:50,312 [pool-419-thread-1] INFO  server.RaftServerConfigKeys (ConfUtils.java:logGet(43)) - raft.server.log.statemachine.data.sync.timeout = 10s (default)
2019-10-15 22:49:50,312 [pool-419-thread-1] INFO  server.RaftServerConfigKeys (ConfUtils.java:logGet(43)) - raft.server.log.statemachine.data.sync.timeout.retry = -1 (default)
2019-10-15 22:49:50,313 [pool-419-thread-1] INFO  server.RaftServerConfigKeys (ConfUtils.java:logGet(43)) - raft.server.log.statemachine.data.caching.enabled = true (custom)
2019-10-15 22:49:50,313 [pool-419-thread-1] INFO  segmented.SegmentedRaftLogWorker (SegmentedRaftLogWorker.java:lambda$new$0(128)) - fa254a61-b2f8-4688-8f31-8c719d7080b4@group-8C0473AEC5DF-SegmentedRaftLogWorker: flushIndex: setUnconditionally 0 -> -1
2019-10-15 22:49:50,313 [pool-419-thread-1] INFO  server.RaftServerConfigKeys (ConfUtils.java:logGet(43)) - raft.server.snapshot.auto.trigger.enabled = true (custom)
2019-10-15 22:49:50,313 [pool-419-thread-1] INFO  server.RaftServerConfigKeys (ConfUtils.java:logGet(43)) - raft.server.snapshot.auto.trigger.threshold = 10000 (custom)
2019-10-15 22:49:50,313 [pool-419-thread-1] INFO  server.RaftServerConfigKeys (ConfUtils.java:logGet(43)) - raft.server.snapshot.retention.file.num = 5 (custom)
2019-10-15 22:49:50,313 [pool-419-thread-1] INFO  server.RaftServerConfigKeys (ConfUtils.java:logGet(43)) - raft.server.retrycache.expirytime = 600000ms (custom)
2019-10-15 22:49:50,314 [pool-419-thread-1] INFO  impl.RaftServerImpl (RaftServerImpl.java:start(181)) - fa254a61-b2f8-4688-8f31-8c719d7080b4@group-8C0473AEC5DF: start as a follower, conf=-1: [fa254a61-b2f8-4688-8f31-8c719d7080b4:192.168.69.67:42698], old=null
2019-10-15 22:49:50,315 [pool-419-thread-1] INFO  impl.RaftServerImpl (RaftServerImpl.java:setRole(170)) - fa254a61-b2f8-4688-8f31-8c719d7080b4@group-8C0473AEC5DF: changes role from      null to FOLLOWER at term 0 for startAsFollower
2019-10-15 22:49:50,315 [pool-419-thread-1] INFO  impl.RoleInfo (RoleInfo.java:updateAndGet(143)) - fa254a61-b2f8-4688-8f31-8c719d7080b4: start FollowerState
2019-10-15 22:49:50,315 [pool-419-thread-1] INFO  util.JmxRegister (JmxRegister.java:tryRegister(44)) - Successfully registered JMX Bean with object name Ratis:service=RaftServer,group=group-8C0473AEC5DF,id=fa254a61-b2f8-4688-8f31-8c719d7080b4
2019-10-15 22:49:50,318 [RatisPipelineUtilsThread] INFO  pipeline.PipelineStateManager (PipelineStateManager.java:addPipeline(56)) - Created pipeline Pipeline[ Id: 39b31bd9-857f-487c-a6e7-8c0473aec5df, Nodes: fa254a61-b2f8-4688-8f31-8c719d7080b4{ip: 192.168.69.67, host: pr-hdds-2071-8rz7p-357833546, networkLocation: /default-rack, certSerialId: null}, Type:RATIS, Factor:ONE, State:OPEN]
2019-10-15 22:49:50,338 [IPC Server handler 5 on 32953] INFO  net.NetworkTopology (NetworkTopologyImpl.java:add(111)) - Added a new node: /default-rack/b3c1af8e-b304-41b3-9967-023a9461ce9d
2019-10-15 22:49:50,339 [IPC Server handler 5 on 32953] INFO  node.SCMNodeManager (SCMNodeManager.java:register(267)) - Registered Data node : b3c1af8e-b304-41b3-9967-023a9461ce9d{ip: 192.168.69.67, host: pr-hdds-2071-8rz7p-357833546, networkLocation: /default-rack, certSerialId: null}
2019-10-15 22:49:50,345 [grpc-default-executor-9] INFO  impl.RaftServerProxy (RaftServerProxy.java:addNew(89)) - b3c1af8e-b304-41b3-9967-023a9461ce9d: addNew group-5B304DC89A45:[b3c1af8e-b304-41b3-9967-023a9461ce9d:192.168.69.67:40932] returns group-5B304DC89A45:java.util.concurrent.CompletableFuture@4548aebb[Not completed]
2019-10-15 22:49:50,347 [pool-429-thread-1] INFO  impl.RaftServerImpl (RaftServerImpl.java:<init>(95)) - b3c1af8e-b304-41b3-9967-023a9461ce9d: new RaftServerImpl for group-5B304DC89A45:[b3c1af8e-b304-41b3-9967-023a9461ce9d:192.168.69.67:40932] with ContainerStateMachine:uninitialized
2019-10-15 22:49:50,347 [pool-429-thread-1] INFO  server.RaftServerConfigKeys (ConfUtils.java:logGet(43)) - raft.server.rpc.timeout.min = 5s (custom)
2019-10-15 22:49:50,347 [pool-429-thread-1] INFO  server.RaftServerConfigKeys (ConfUtils.java:logGet(43)) - raft.server.rpc.timeout.max = 5200ms (custom)
2019-10-15 22:49:50,347 [pool-429-thread-1] INFO  server.RaftServerConfigKeys (ConfUtils.java:logGet(43)) - raft.server.rpcslowness.timeout = 120s (custom)
2019-10-15 22:49:50,347 [pool-429-thread-1] INFO  server.RaftServerConfigKeys (ConfUtils.java:logGet(43)) - raft.server.sleep.deviation.threshold = 300 (default)
2019-10-15 22:49:50,347 [pool-429-thread-1] INFO  server.RaftServerConfigKeys (ConfUtils.java:logGet(43)) - raft.server.log.appender.install.snapshot.enabled = false (custom)
2019-10-15 22:49:50,347 [pool-429-thread-1] INFO  impl.RaftServerImpl (ServerState.java:<init>(103)) - b3c1af8e-b304-41b3-9967-023a9461ce9d@group-5B304DC89A45: ConfigurationManager, init=-1: [b3c1af8e-b304-41b3-9967-023a9461ce9d:192.168.69.67:40932], old=null, confs=<EMPTY_MAP>
2019-10-15 22:49:50,348 [pool-429-thread-1] INFO  server.RaftServerConfigKeys (ConfUtils.java:logGet(43)) - raft.server.storage.dir = [/workdir/hadoop-ozone/integration-test/target/test-dir/MiniOzoneClusterImpl-0d9b2814-d928-4fbd-a4f1-019e2ffc4b6f/datanode-2/data/ratis] (custom)
2019-10-15 22:49:50,348 [pool-429-thread-1] INFO  server.RaftServerConfigKeys (ConfUtils.java:logGet(43)) - raft.server.log.corruption.policy = EXCEPTION (default)
2019-10-15 22:49:50,348 [pool-429-thread-1] INFO  storage.RaftStorageDirectory (RaftStorageDirectory.java:analyzeStorage(246)) - The storage directory /workdir/hadoop-ozone/integration-test/target/test-dir/MiniOzoneClusterImpl-0d9b2814-d928-4fbd-a4f1-019e2ffc4b6f/datanode-2/data/ratis/8bba4a07-0079-4cf6-87ce-5b304dc89a45 does not exist. Creating ...
2019-10-15 22:49:50,362 [pool-429-thread-1] INFO  storage.RaftStorageDirectory (RaftStorageDirectory.java:tryLock(328)) - Lock on /workdir/hadoop-ozone/integration-test/target/test-dir/MiniOzoneClusterImpl-0d9b2814-d928-4fbd-a4f1-019e2ffc4b6f/datanode-2/data/ratis/8bba4a07-0079-4cf6-87ce-5b304dc89a45/in_use.lock acquired by nodename 13538@pr-hdds-2071-8rz7p-357833546
2019-10-15 22:49:50,389 [pool-429-thread-1] INFO  storage.RaftStorage (RaftStorage.java:format(84)) - Storage directory /workdir/hadoop-ozone/integration-test/target/test-dir/MiniOzoneClusterImpl-0d9b2814-d928-4fbd-a4f1-019e2ffc4b6f/datanode-2/data/ratis/8bba4a07-0079-4cf6-87ce-5b304dc89a45 has been successfully formatted.
2019-10-15 22:49:50,389 [pool-429-thread-1] INFO  ratis.ContainerStateMachine (ContainerStateMachine.java:loadSnapshot(231)) - group-5B304DC89A45: The snapshot info is null. Setting the last applied indexto:(t:0, i:~)
2019-10-15 22:49:50,390 [pool-429-thread-1] INFO  server.RaftServerConfigKeys (ConfUtils.java:logGet(43)) - raft.server.notification.no-leader.timeout = 120s (custom)
2019-10-15 22:49:50,390 [pool-429-thread-1] INFO  server.RaftServerConfigKeys (ConfUtils.java:logGet(43)) - raft.server.log.use.memory = false (default)
2019-10-15 22:49:50,390 [pool-429-thread-1] INFO  server.RaftServerConfigKeys (ConfUtils.java:logGet(43)) - raft.server.log.purge.gap = 1000000 (custom)
2019-10-15 22:49:50,390 [pool-429-thread-1] INFO  server.RaftServerConfigKeys (ConfUtils.java:logGet(43)) - raft.server.log.appender.buffer.byte-limit = 33554432 (custom)
2019-10-15 22:49:50,390 [pool-429-thread-1] INFO  server.RaftServerConfigKeys (ConfUtils.java:logGet(43)) - raft.server.log.segment.size.max = 1048576 (custom)
2019-10-15 22:49:50,391 [pool-429-thread-1] INFO  server.RaftServerConfigKeys (ConfUtils.java:logGet(43)) - raft.server.log.segment.cache.num.max = 2 (custom)
2019-10-15 22:49:50,391 [pool-429-thread-1] INFO  segmented.SegmentedRaftLogWorker (SegmentedRaftLogWorker.java:<init>(173)) - new b3c1af8e-b304-41b3-9967-023a9461ce9d@group-5B304DC89A45-SegmentedRaftLogWorker for RaftStorage:Storage Directory /workdir/hadoop-ozone/integration-test/target/test-dir/MiniOzoneClusterImpl-0d9b2814-d928-4fbd-a4f1-019e2ffc4b6f/datanode-2/data/ratis/8bba4a07-0079-4cf6-87ce-5b304dc89a45
2019-10-15 22:49:50,391 [pool-429-thread-1] INFO  server.RaftServerConfigKeys (ConfUtils.java:logGet(43)) - raft.server.log.queue.byte-limit = 2147483647 (custom)
2019-10-15 22:49:50,391 [pool-429-thread-1] INFO  server.RaftServerConfigKeys (ConfUtils.java:logGet(43)) - raft.server.log.queue.element-limit = 1024 (custom)
2019-10-15 22:49:50,392 [pool-429-thread-1] INFO  server.RaftServerConfigKeys (ConfUtils.java:logGet(43)) - raft.server.log.segment.size.max = 1048576 (custom)
2019-10-15 22:49:50,392 [pool-429-thread-1] INFO  server.RaftServerConfigKeys (ConfUtils.java:logGet(43)) - raft.server.log.preallocated.size = 16384 (custom)
2019-10-15 22:49:50,392 [pool-429-thread-1] INFO  server.RaftServerConfigKeys (ConfUtils.java:logGet(43)) - raft.server.log.write.buffer.size = 33554432 (custom)
2019-10-15 22:49:50,392 [pool-429-thread-1] INFO  server.RaftServerConfigKeys (ConfUtils.java:logGet(43)) - raft.server.log.force.sync.num = 128 (default)
2019-10-15 22:49:50,392 [pool-429-thread-1] INFO  server.RaftServerConfigKeys (ConfUtils.java:logGet(43)) - raft.server.log.statemachine.data.sync = true (default)
2019-10-15 22:49:50,392 [pool-429-thread-1] INFO  server.RaftServerConfigKeys (ConfUtils.java:logGet(43)) - raft.server.log.statemachine.data.sync.timeout = 10s (default)
2019-10-15 22:49:50,392 [pool-429-thread-1] INFO  server.RaftServerConfigKeys (ConfUtils.java:logGet(43)) - raft.server.log.statemachine.data.sync.timeout.retry = -1 (default)
2019-10-15 22:49:50,392 [pool-429-thread-1] INFO  server.RaftServerConfigKeys (ConfUtils.java:logGet(43)) - raft.server.log.statemachine.data.caching.enabled = true (custom)
2019-10-15 22:49:50,392 [pool-429-thread-1] INFO  segmented.SegmentedRaftLogWorker (SegmentedRaftLogWorker.java:lambda$new$0(128)) - b3c1af8e-b304-41b3-9967-023a9461ce9d@group-5B304DC89A45-SegmentedRaftLogWorker: flushIndex: setUnconditionally 0 -> -1
2019-10-15 22:49:50,393 [pool-429-thread-1] INFO  server.RaftServerConfigKeys (ConfUtils.java:logGet(43)) - raft.server.snapshot.auto.trigger.enabled = true (custom)
2019-10-15 22:49:50,393 [pool-429-thread-1] INFO  server.RaftServerConfigKeys (ConfUtils.java:logGet(43)) - raft.server.snapshot.auto.trigger.threshold = 10000 (custom)
2019-10-15 22:49:50,393 [pool-429-thread-1] INFO  server.RaftServerConfigKeys (ConfUtils.java:logGet(43)) - raft.server.snapshot.retention.file.num = 5 (custom)
2019-10-15 22:49:50,393 [pool-429-thread-1] INFO  server.RaftServerConfigKeys (ConfUtils.java:logGet(43)) - raft.server.retrycache.expirytime = 600000ms (custom)
2019-10-15 22:49:50,394 [pool-429-thread-1] INFO  impl.RaftServerImpl (RaftServerImpl.java:start(181)) - b3c1af8e-b304-41b3-9967-023a9461ce9d@group-5B304DC89A45: start as a follower, conf=-1: [b3c1af8e-b304-41b3-9967-023a9461ce9d:192.168.69.67:40932], old=null
2019-10-15 22:49:50,394 [pool-429-thread-1] INFO  impl.RaftServerImpl (RaftServerImpl.java:setRole(170)) - b3c1af8e-b304-41b3-9967-023a9461ce9d@group-5B304DC89A45: changes role from      null to FOLLOWER at term 0 for startAsFollower
2019-10-15 22:49:50,394 [pool-429-thread-1] INFO  impl.RoleInfo (RoleInfo.java:updateAndGet(143)) - b3c1af8e-b304-41b3-9967-023a9461ce9d: start FollowerState
2019-10-15 22:49:50,394 [pool-429-thread-1] INFO  util.JmxRegister (JmxRegister.java:tryRegister(44)) - Successfully registered JMX Bean with object name Ratis:service=RaftServer,group=group-5B304DC89A45,id=b3c1af8e-b304-41b3-9967-023a9461ce9d
2019-10-15 22:49:50,397 [RatisPipelineUtilsThread] INFO  pipeline.PipelineStateManager (PipelineStateManager.java:addPipeline(56)) - Created pipeline Pipeline[ Id: 8bba4a07-0079-4cf6-87ce-5b304dc89a45, Nodes: b3c1af8e-b304-41b3-9967-023a9461ce9d{ip: 192.168.69.67, host: pr-hdds-2071-8rz7p-357833546, networkLocation: /default-rack, certSerialId: null}, Type:RATIS, Factor:ONE, State:OPEN]
2019-10-15 22:49:50,409 [grpc-default-executor-9] INFO  impl.RaftServerProxy (RaftServerProxy.java:addNew(89)) - fa254a61-b2f8-4688-8f31-8c719d7080b4: addNew group-1F7DA0480EC4:[483636e5-9a11-4bb0-8530-e11a4b7d6bf1:192.168.69.67:40065, fa254a61-b2f8-4688-8f31-8c719d7080b4:192.168.69.67:42698, b3c1af8e-b304-41b3-9967-023a9461ce9d:192.168.69.67:40932] returns group-1F7DA0480EC4:java.util.concurrent.CompletableFuture@44917a4b[Not completed]
2019-10-15 22:49:50,410 [grpc-default-executor-5] INFO  impl.RaftServerProxy (RaftServerProxy.java:addNew(89)) - 483636e5-9a11-4bb0-8530-e11a4b7d6bf1: addNew group-1F7DA0480EC4:[483636e5-9a11-4bb0-8530-e11a4b7d6bf1:192.168.69.67:40065, fa254a61-b2f8-4688-8f31-8c719d7080b4:192.168.69.67:42698, b3c1af8e-b304-41b3-9967-023a9461ce9d:192.168.69.67:40932] returns group-1F7DA0480EC4:java.util.concurrent.CompletableFuture@44f5718f[Not completed]
2019-10-15 22:49:50,410 [grpc-default-executor-4] INFO  impl.RaftServerProxy (RaftServerProxy.java:addNew(89)) - b3c1af8e-b304-41b3-9967-023a9461ce9d: addNew group-1F7DA0480EC4:[483636e5-9a11-4bb0-8530-e11a4b7d6bf1:192.168.69.67:40065, fa254a61-b2f8-4688-8f31-8c719d7080b4:192.168.69.67:42698, b3c1af8e-b304-41b3-9967-023a9461ce9d:192.168.69.67:40932] returns group-1F7DA0480EC4:java.util.concurrent.CompletableFuture@e537712[Not completed]
2019-10-15 22:49:50,411 [pool-419-thread-1] INFO  impl.RaftServerImpl (RaftServerImpl.java:<init>(95)) - fa254a61-b2f8-4688-8f31-8c719d7080b4: new RaftServerImpl for group-1F7DA0480EC4:[483636e5-9a11-4bb0-8530-e11a4b7d6bf1:192.168.69.67:40065, fa254a61-b2f8-4688-8f31-8c719d7080b4:192.168.69.67:42698, b3c1af8e-b304-41b3-9967-023a9461ce9d:192.168.69.67:40932] with ContainerStateMachine:uninitialized
2019-10-15 22:49:50,411 [pool-419-thread-1] INFO  server.RaftServerConfigKeys (ConfUtils.java:logGet(43)) - raft.server.rpc.timeout.min = 5s (custom)
2019-10-15 22:49:50,411 [pool-419-thread-1] INFO  server.RaftServerConfigKeys (ConfUtils.java:logGet(43)) - raft.server.rpc.timeout.max = 5200ms (custom)
2019-10-15 22:49:50,411 [pool-419-thread-1] INFO  server.RaftServerConfigKeys (ConfUtils.java:logGet(43)) - raft.server.rpcslowness.timeout = 120s (custom)
2019-10-15 22:49:50,411 [pool-419-thread-1] INFO  server.RaftServerConfigKeys (ConfUtils.java:logGet(43)) - raft.server.sleep.deviation.threshold = 300 (default)
2019-10-15 22:49:50,411 [pool-419-thread-1] INFO  server.RaftServerConfigKeys (ConfUtils.java:logGet(43)) - raft.server.log.appender.install.snapshot.enabled = false (custom)
2019-10-15 22:49:50,411 [pool-429-thread-1] INFO  impl.RaftServerImpl (RaftServerImpl.java:<init>(95)) - b3c1af8e-b304-41b3-9967-023a9461ce9d: new RaftServerImpl for group-1F7DA0480EC4:[483636e5-9a11-4bb0-8530-e11a4b7d6bf1:192.168.69.67:40065, fa254a61-b2f8-4688-8f31-8c719d7080b4:192.168.69.67:42698, b3c1af8e-b304-41b3-9967-023a9461ce9d:192.168.69.67:40932] with ContainerStateMachine:uninitialized
2019-10-15 22:49:50,412 [pool-419-thread-1] INFO  impl.RaftServerImpl (ServerState.java:<init>(103)) - fa254a61-b2f8-4688-8f31-8c719d7080b4@group-1F7DA0480EC4: ConfigurationManager, init=-1: [483636e5-9a11-4bb0-8530-e11a4b7d6bf1:192.168.69.67:40065, fa254a61-b2f8-4688-8f31-8c719d7080b4:192.168.69.67:42698, b3c1af8e-b304-41b3-9967-023a9461ce9d:192.168.69.67:40932], old=null, confs=<EMPTY_MAP>
2019-10-15 22:49:50,412 [pool-429-thread-1] INFO  server.RaftServerConfigKeys (ConfUtils.java:logGet(43)) - raft.server.rpc.timeout.min = 5s (custom)
2019-10-15 22:49:50,412 [pool-419-thread-1] INFO  server.RaftServerConfigKeys (ConfUtils.java:logGet(43)) - raft.server.storage.dir = [/workdir/hadoop-ozone/integration-test/target/test-dir/MiniOzoneClusterImpl-0d9b2814-d928-4fbd-a4f1-019e2ffc4b6f/datanode-1/data/ratis] (custom)
2019-10-15 22:49:50,412 [pool-429-thread-1] INFO  server.RaftServerConfigKeys (ConfUtils.java:logGet(43)) - raft.server.rpc.timeout.max = 5200ms (custom)
2019-10-15 22:49:50,412 [pool-409-thread-1] INFO  impl.RaftServerImpl (RaftServerImpl.java:<init>(95)) - 483636e5-9a11-4bb0-8530-e11a4b7d6bf1: new RaftServerImpl for group-1F7DA0480EC4:[483636e5-9a11-4bb0-8530-e11a4b7d6bf1:192.168.69.67:40065, fa254a61-b2f8-4688-8f31-8c719d7080b4:192.168.69.67:42698, b3c1af8e-b304-41b3-9967-023a9461ce9d:192.168.69.67:40932] with ContainerStateMachine:uninitialized
2019-10-15 22:49:50,412 [pool-419-thread-1] INFO  server.RaftServerConfigKeys (ConfUtils.java:logGet(43)) - raft.server.log.corruption.policy = EXCEPTION (default)
2019-10-15 22:49:50,412 [pool-429-thread-1] INFO  server.RaftServerConfigKeys (ConfUtils.java:logGet(43)) - raft.server.rpcslowness.timeout = 120s (custom)
2019-10-15 22:49:50,412 [pool-409-thread-1] INFO  server.RaftServerConfigKeys (ConfUtils.java:logGet(43)) - raft.server.rpc.timeout.min = 5s (custom)
2019-10-15 22:49:50,412 [pool-419-thread-1] INFO  storage.RaftStorageDirectory (RaftStorageDirectory.java:analyzeStorage(246)) - The storage directory /workdir/hadoop-ozone/integration-test/target/test-dir/MiniOzoneClusterImpl-0d9b2814-d928-4fbd-a4f1-019e2ffc4b6f/datanode-1/data/ratis/fe68cec3-cf9d-4de2-924a-1f7da0480ec4 does not exist. Creating ...
2019-10-15 22:49:50,412 [pool-429-thread-1] INFO  server.RaftServerConfigKeys (ConfUtils.java:logGet(43)) - raft.server.sleep.deviation.threshold = 300 (default)
2019-10-15 22:49:50,412 [pool-409-thread-1] INFO  server.RaftServerConfigKeys (ConfUtils.java:logGet(43)) - raft.server.rpc.timeout.max = 5200ms (custom)
2019-10-15 22:49:50,413 [pool-429-thread-1] INFO  server.RaftServerConfigKeys (ConfUtils.java:logGet(43)) - raft.server.log.appender.install.snapshot.enabled = false (custom)
2019-10-15 22:49:50,413 [pool-409-thread-1] INFO  server.RaftServerConfigKeys (ConfUtils.java:logGet(43)) - raft.server.rpcslowness.timeout = 120s (custom)
2019-10-15 22:49:50,413 [pool-429-thread-1] INFO  impl.RaftServerImpl (ServerState.java:<init>(103)) - b3c1af8e-b304-41b3-9967-023a9461ce9d@group-1F7DA0480EC4: ConfigurationManager, init=-1: [483636e5-9a11-4bb0-8530-e11a4b7d6bf1:192.168.69.67:40065, fa254a61-b2f8-4688-8f31-8c719d7080b4:192.168.69.67:42698, b3c1af8e-b304-41b3-9967-023a9461ce9d:192.168.69.67:40932], old=null, confs=<EMPTY_MAP>
2019-10-15 22:49:50,413 [pool-409-thread-1] INFO  server.RaftServerConfigKeys (ConfUtils.java:logGet(43)) - raft.server.sleep.deviation.threshold = 300 (default)
2019-10-15 22:49:50,413 [pool-429-thread-1] INFO  server.RaftServerConfigKeys (ConfUtils.java:logGet(43)) - raft.server.storage.dir = [/workdir/hadoop-ozone/integration-test/target/test-dir/MiniOzoneClusterImpl-0d9b2814-d928-4fbd-a4f1-019e2ffc4b6f/datanode-2/data/ratis] (custom)
2019-10-15 22:49:50,413 [pool-409-thread-1] INFO  server.RaftServerConfigKeys (ConfUtils.java:logGet(43)) - raft.server.log.appender.install.snapshot.enabled = false (custom)
2019-10-15 22:49:50,413 [pool-409-thread-1] INFO  impl.RaftServerImpl (ServerState.java:<init>(103)) - 483636e5-9a11-4bb0-8530-e11a4b7d6bf1@group-1F7DA0480EC4: ConfigurationManager, init=-1: [483636e5-9a11-4bb0-8530-e11a4b7d6bf1:192.168.69.67:40065, fa254a61-b2f8-4688-8f31-8c719d7080b4:192.168.69.67:42698, b3c1af8e-b304-41b3-9967-023a9461ce9d:192.168.69.67:40932], old=null, confs=<EMPTY_MAP>
2019-10-15 22:49:50,413 [pool-429-thread-1] INFO  server.RaftServerConfigKeys (ConfUtils.java:logGet(43)) - raft.server.log.corruption.policy = EXCEPTION (default)
2019-10-15 22:49:50,414 [pool-409-thread-1] INFO  server.RaftServerConfigKeys (ConfUtils.java:logGet(43)) - raft.server.storage.dir = [/workdir/hadoop-ozone/integration-test/target/test-dir/MiniOzoneClusterImpl-0d9b2814-d928-4fbd-a4f1-019e2ffc4b6f/datanode-0/data/ratis] (custom)
2019-10-15 22:49:50,414 [pool-429-thread-1] INFO  storage.RaftStorageDirectory (RaftStorageDirectory.java:analyzeStorage(246)) - The storage directory /workdir/hadoop-ozone/integration-test/target/test-dir/MiniOzoneClusterImpl-0d9b2814-d928-4fbd-a4f1-019e2ffc4b6f/datanode-2/data/ratis/fe68cec3-cf9d-4de2-924a-1f7da0480ec4 does not exist. Creating ...
2019-10-15 22:49:50,414 [pool-409-thread-1] INFO  server.RaftServerConfigKeys (ConfUtils.java:logGet(43)) - raft.server.log.corruption.policy = EXCEPTION (default)
2019-10-15 22:49:50,414 [pool-409-thread-1] INFO  storage.RaftStorageDirectory (RaftStorageDirectory.java:analyzeStorage(246)) - The storage directory /workdir/hadoop-ozone/integration-test/target/test-dir/MiniOzoneClusterImpl-0d9b2814-d928-4fbd-a4f1-019e2ffc4b6f/datanode-0/data/ratis/fe68cec3-cf9d-4de2-924a-1f7da0480ec4 does not exist. Creating ...
2019-10-15 22:49:50,423 [IPC Server handler 7 on 32953] INFO  net.NetworkTopology (NetworkTopologyImpl.java:add(111)) - Added a new node: /default-rack/36062c4f-280d-4b0a-9450-edbb927c7915
2019-10-15 22:49:50,423 [IPC Server handler 7 on 32953] INFO  node.SCMNodeManager (SCMNodeManager.java:register(267)) - Registered Data node : 36062c4f-280d-4b0a-9450-edbb927c7915{ip: 192.168.69.67, host: pr-hdds-2071-8rz7p-357833546, networkLocation: /default-rack, certSerialId: null}
2019-10-15 22:49:50,426 [pool-419-thread-1] INFO  storage.RaftStorageDirectory (RaftStorageDirectory.java:tryLock(328)) - Lock on /workdir/hadoop-ozone/integration-test/target/test-dir/MiniOzoneClusterImpl-0d9b2814-d928-4fbd-a4f1-019e2ffc4b6f/datanode-1/data/ratis/fe68cec3-cf9d-4de2-924a-1f7da0480ec4/in_use.lock acquired by nodename 13538@pr-hdds-2071-8rz7p-357833546
2019-10-15 22:49:50,426 [pool-429-thread-1] INFO  storage.RaftStorageDirectory (RaftStorageDirectory.java:tryLock(328)) - Lock on /workdir/hadoop-ozone/integration-test/target/test-dir/MiniOzoneClusterImpl-0d9b2814-d928-4fbd-a4f1-019e2ffc4b6f/datanode-2/data/ratis/fe68cec3-cf9d-4de2-924a-1f7da0480ec4/in_use.lock acquired by nodename 13538@pr-hdds-2071-8rz7p-357833546
2019-10-15 22:49:50,426 [pool-409-thread-1] INFO  storage.RaftStorageDirectory (RaftStorageDirectory.java:tryLock(328)) - Lock on /workdir/hadoop-ozone/integration-test/target/test-dir/MiniOzoneClusterImpl-0d9b2814-d928-4fbd-a4f1-019e2ffc4b6f/datanode-0/data/ratis/fe68cec3-cf9d-4de2-924a-1f7da0480ec4/in_use.lock acquired by nodename 13538@pr-hdds-2071-8rz7p-357833546
2019-10-15 22:49:50,452 [pool-419-thread-1] INFO  storage.RaftStorage (RaftStorage.java:format(84)) - Storage directory /workdir/hadoop-ozone/integration-test/target/test-dir/MiniOzoneClusterImpl-0d9b2814-d928-4fbd-a4f1-019e2ffc4b6f/datanode-1/data/ratis/fe68cec3-cf9d-4de2-924a-1f7da0480ec4 has been successfully formatted.
2019-10-15 22:49:50,452 [pool-429-thread-1] INFO  storage.RaftStorage (RaftStorage.java:format(84)) - Storage directory /workdir/hadoop-ozone/integration-test/target/test-dir/MiniOzoneClusterImpl-0d9b2814-d928-4fbd-a4f1-019e2ffc4b6f/datanode-2/data/ratis/fe68cec3-cf9d-4de2-924a-1f7da0480ec4 has been successfully formatted.
2019-10-15 22:49:50,452 [pool-409-thread-1] INFO  storage.RaftStorage (RaftStorage.java:format(84)) - Storage directory /workdir/hadoop-ozone/integration-test/target/test-dir/MiniOzoneClusterImpl-0d9b2814-d928-4fbd-a4f1-019e2ffc4b6f/datanode-0/data/ratis/fe68cec3-cf9d-4de2-924a-1f7da0480ec4 has been successfully formatted.
2019-10-15 22:49:50,452 [pool-419-thread-1] INFO  ratis.ContainerStateMachine (ContainerStateMachine.java:loadSnapshot(231)) - group-1F7DA0480EC4: The snapshot info is null. Setting the last applied indexto:(t:0, i:~)
2019-10-15 22:49:50,452 [pool-429-thread-1] INFO  ratis.ContainerStateMachine (ContainerStateMachine.java:loadSnapshot(231)) - group-1F7DA0480EC4: The snapshot info is null. Setting the last applied indexto:(t:0, i:~)
2019-10-15 22:49:50,452 [pool-419-thread-1] INFO  server.RaftServerConfigKeys (ConfUtils.java:logGet(43)) - raft.server.notification.no-leader.timeout = 120s (custom)
2019-10-15 22:49:50,452 [pool-409-thread-1] INFO  ratis.ContainerStateMachine (ContainerStateMachine.java:loadSnapshot(231)) - group-1F7DA0480EC4: The snapshot info is null. Setting the last applied indexto:(t:0, i:~)
2019-10-15 22:49:50,452 [pool-419-thread-1] INFO  server.RaftServerConfigKeys (ConfUtils.java:logGet(43)) - raft.server.log.use.memory = false (default)
2019-10-15 22:49:50,452 [pool-429-thread-1] INFO  server.RaftServerConfigKeys (ConfUtils.java:logGet(43)) - raft.server.notification.no-leader.timeout = 120s (custom)
2019-10-15 22:49:50,452 [pool-419-thread-1] INFO  server.RaftServerConfigKeys (ConfUtils.java:logGet(43)) - raft.server.log.purge.gap = 1000000 (custom)
2019-10-15 22:49:50,452 [pool-409-thread-1] INFO  server.RaftServerConfigKeys (ConfUtils.java:logGet(43)) - raft.server.notification.no-leader.timeout = 120s (custom)
2019-10-15 22:49:50,453 [pool-419-thread-1] INFO  server.RaftServerConfigKeys (ConfUtils.java:logGet(43)) - raft.server.log.appender.buffer.byte-limit = 33554432 (custom)
2019-10-15 22:49:50,453 [pool-429-thread-1] INFO  server.RaftServerConfigKeys (ConfUtils.java:logGet(43)) - raft.server.log.use.memory = false (default)
2019-10-15 22:49:50,453 [pool-419-thread-1] INFO  server.RaftServerConfigKeys (ConfUtils.java:logGet(43)) - raft.server.log.segment.size.max = 1048576 (custom)
2019-10-15 22:49:50,453 [pool-409-thread-1] INFO  server.RaftServerConfigKeys (ConfUtils.java:logGet(43)) - raft.server.log.use.memory = false (default)
2019-10-15 22:49:50,453 [pool-419-thread-1] INFO  server.RaftServerConfigKeys (ConfUtils.java:logGet(43)) - raft.server.log.segment.cache.num.max = 2 (custom)
2019-10-15 22:49:50,453 [pool-429-thread-1] INFO  server.RaftServerConfigKeys (ConfUtils.java:logGet(43)) - raft.server.log.purge.gap = 1000000 (custom)
2019-10-15 22:49:50,453 [pool-419-thread-1] INFO  segmented.SegmentedRaftLogWorker (SegmentedRaftLogWorker.java:<init>(173)) - new fa254a61-b2f8-4688-8f31-8c719d7080b4@group-1F7DA0480EC4-SegmentedRaftLogWorker for RaftStorage:Storage Directory /workdir/hadoop-ozone/integration-test/target/test-dir/MiniOzoneClusterImpl-0d9b2814-d928-4fbd-a4f1-019e2ffc4b6f/datanode-1/data/ratis/fe68cec3-cf9d-4de2-924a-1f7da0480ec4
2019-10-15 22:49:50,453 [pool-409-thread-1] INFO  server.RaftServerConfigKeys (ConfUtils.java:logGet(43)) - raft.server.log.purge.gap = 1000000 (custom)
2019-10-15 22:49:50,453 [pool-419-thread-1] INFO  server.RaftServerConfigKeys (ConfUtils.java:logGet(43)) - raft.server.log.queue.byte-limit = 2147483647 (custom)
2019-10-15 22:49:50,453 [pool-429-thread-1] INFO  server.RaftServerConfigKeys (ConfUtils.java:logGet(43)) - raft.server.log.appender.buffer.byte-limit = 33554432 (custom)
2019-10-15 22:49:50,454 [pool-419-thread-1] INFO  server.RaftServerConfigKeys (ConfUtils.java:logGet(43)) - raft.server.log.queue.element-limit = 1024 (custom)
2019-10-15 22:49:50,454 [pool-409-thread-1] INFO  server.RaftServerConfigKeys (ConfUtils.java:logGet(43)) - raft.server.log.appender.buffer.byte-limit = 33554432 (custom)
2019-10-15 22:49:50,454 [pool-419-thread-1] INFO  server.RaftServerConfigKeys (ConfUtils.java:logGet(43)) - raft.server.log.segment.size.max = 1048576 (custom)
2019-10-15 22:49:50,454 [pool-429-thread-1] INFO  server.RaftServerConfigKeys (ConfUtils.java:logGet(43)) - raft.server.log.segment.size.max = 1048576 (custom)
2019-10-15 22:49:50,454 [pool-419-thread-1] INFO  server.RaftServerConfigKeys (ConfUtils.java:logGet(43)) - raft.server.log.preallocated.size = 16384 (custom)
2019-10-15 22:49:50,454 [pool-429-thread-1] INFO  server.RaftServerConfigKeys (ConfUtils.java:logGet(43)) - raft.server.log.segment.cache.num.max = 2 (custom)
2019-10-15 22:49:50,454 [pool-409-thread-1] INFO  server.RaftServerConfigKeys (ConfUtils.java:logGet(43)) - raft.server.log.segment.size.max = 1048576 (custom)
2019-10-15 22:49:50,454 [pool-429-thread-1] INFO  segmented.SegmentedRaftLogWorker (SegmentedRaftLogWorker.java:<init>(173)) - new b3c1af8e-b304-41b3-9967-023a9461ce9d@group-1F7DA0480EC4-SegmentedRaftLogWorker for RaftStorage:Storage Directory /workdir/hadoop-ozone/integration-test/target/test-dir/MiniOzoneClusterImpl-0d9b2814-d928-4fbd-a4f1-019e2ffc4b6f/datanode-2/data/ratis/fe68cec3-cf9d-4de2-924a-1f7da0480ec4
2019-10-15 22:49:50,454 [pool-419-thread-1] INFO  server.RaftServerConfigKeys (ConfUtils.java:logGet(43)) - raft.server.log.write.buffer.size = 33554432 (custom)
2019-10-15 22:49:50,455 [pool-429-thread-1] INFO  server.RaftServerConfigKeys (ConfUtils.java:logGet(43)) - raft.server.log.queue.byte-limit = 2147483647 (custom)
2019-10-15 22:49:50,455 [pool-409-thread-1] INFO  server.RaftServerConfigKeys (ConfUtils.java:logGet(43)) - raft.server.log.segment.cache.num.max = 2 (custom)
2019-10-15 22:49:50,455 [pool-429-thread-1] INFO  server.RaftServerConfigKeys (ConfUtils.java:logGet(43)) - raft.server.log.queue.element-limit = 1024 (custom)
2019-10-15 22:49:50,455 [pool-419-thread-1] INFO  server.RaftServerConfigKeys (ConfUtils.java:logGet(43)) - raft.server.log.force.sync.num = 128 (default)
2019-10-15 22:49:50,455 [pool-429-thread-1] INFO  server.RaftServerConfigKeys (ConfUtils.java:logGet(43)) - raft.server.log.segment.size.max = 1048576 (custom)
2019-10-15 22:49:50,455 [pool-409-thread-1] INFO  segmented.SegmentedRaftLogWorker (SegmentedRaftLogWorker.java:<init>(173)) - new 483636e5-9a11-4bb0-8530-e11a4b7d6bf1@group-1F7DA0480EC4-SegmentedRaftLogWorker for RaftStorage:Storage Directory /workdir/hadoop-ozone/integration-test/target/test-dir/MiniOzoneClusterImpl-0d9b2814-d928-4fbd-a4f1-019e2ffc4b6f/datanode-0/data/ratis/fe68cec3-cf9d-4de2-924a-1f7da0480ec4
2019-10-15 22:49:50,455 [pool-429-thread-1] INFO  server.RaftServerConfigKeys (ConfUtils.java:logGet(43)) - raft.server.log.preallocated.size = 16384 (custom)
2019-10-15 22:49:50,455 [pool-419-thread-1] INFO  server.RaftServerConfigKeys (ConfUtils.java:logGet(43)) - raft.server.log.statemachine.data.sync = true (default)
2019-10-15 22:49:50,456 [pool-429-thread-1] INFO  server.RaftServerConfigKeys (ConfUtils.java:logGet(43)) - raft.server.log.write.buffer.size = 33554432 (custom)
2019-10-15 22:49:50,456 [pool-409-thread-1] INFO  server.RaftServerConfigKeys (ConfUtils.java:logGet(43)) - raft.server.log.queue.byte-limit = 2147483647 (custom)
2019-10-15 22:49:50,456 [pool-429-thread-1] INFO  server.RaftServerConfigKeys (ConfUtils.java:logGet(43)) - raft.server.log.force.sync.num = 128 (default)
2019-10-15 22:49:50,456 [pool-419-thread-1] INFO  server.RaftServerConfigKeys (ConfUtils.java:logGet(43)) - raft.server.log.statemachine.data.sync.timeout = 10s (default)
2019-10-15 22:49:50,456 [pool-429-thread-1] INFO  server.RaftServerConfigKeys (ConfUtils.java:logGet(43)) - raft.server.log.statemachine.data.sync = true (default)
2019-10-15 22:49:50,456 [pool-429-thread-1] INFO  server.RaftServerConfigKeys (ConfUtils.java:logGet(43)) - raft.server.log.statemachine.data.sync.timeout = 10s (default)
2019-10-15 22:49:50,456 [pool-409-thread-1] INFO  server.RaftServerConfigKeys (ConfUtils.java:logGet(43)) - raft.server.log.queue.element-limit = 1024 (custom)
2019-10-15 22:49:50,457 [pool-429-thread-1] INFO  server.RaftServerConfigKeys (ConfUtils.java:logGet(43)) - raft.server.log.statemachine.data.sync.timeout.retry = -1 (default)
2019-10-15 22:49:50,456 [pool-419-thread-1] INFO  server.RaftServerConfigKeys (ConfUtils.java:logGet(43)) - raft.server.log.statemachine.data.sync.timeout.retry = -1 (default)
2019-10-15 22:49:50,457 [pool-429-thread-1] INFO  server.RaftServerConfigKeys (ConfUtils.java:logGet(43)) - raft.server.log.statemachine.data.caching.enabled = true (custom)
2019-10-15 22:49:50,457 [pool-409-thread-1] INFO  server.RaftServerConfigKeys (ConfUtils.java:logGet(43)) - raft.server.log.segment.size.max = 1048576 (custom)
2019-10-15 22:49:50,457 [pool-419-thread-1] INFO  server.RaftServerConfigKeys (ConfUtils.java:logGet(43)) - raft.server.log.statemachine.data.caching.enabled = true (custom)
2019-10-15 22:49:50,457 [pool-409-thread-1] INFO  server.RaftServerConfigKeys (ConfUtils.java:logGet(43)) - raft.server.log.preallocated.size = 16384 (custom)
2019-10-15 22:49:50,457 [pool-429-thread-1] INFO  segmented.SegmentedRaftLogWorker (SegmentedRaftLogWorker.java:lambda$new$0(128)) - b3c1af8e-b304-41b3-9967-023a9461ce9d@group-1F7DA0480EC4-SegmentedRaftLogWorker: flushIndex: setUnconditionally 0 -> -1
2019-10-15 22:49:50,457 [pool-419-thread-1] INFO  segmented.SegmentedRaftLogWorker (SegmentedRaftLogWorker.java:lambda$new$0(128)) - fa254a61-b2f8-4688-8f31-8c719d7080b4@group-1F7DA0480EC4-SegmentedRaftLogWorker: flushIndex: setUnconditionally 0 -> -1
2019-10-15 22:49:50,457 [pool-409-thread-1] INFO  server.RaftServerConfigKeys (ConfUtils.java:logGet(43)) - raft.server.log.write.buffer.size = 33554432 (custom)
2019-10-15 22:49:50,458 [pool-409-thread-1] INFO  server.RaftServerConfigKeys (ConfUtils.java:logGet(43)) - raft.server.log.force.sync.num = 128 (default)
2019-10-15 22:49:50,458 [pool-419-thread-1] INFO  server.RaftServerConfigKeys (ConfUtils.java:logGet(43)) - raft.server.snapshot.auto.trigger.enabled = true (custom)
2019-10-15 22:49:50,458 [pool-429-thread-1] INFO  server.RaftServerConfigKeys (ConfUtils.java:logGet(43)) - raft.server.snapshot.auto.trigger.enabled = true (custom)
2019-10-15 22:49:50,458 [pool-419-thread-1] INFO  server.RaftServerConfigKeys (ConfUtils.java:logGet(43)) - raft.server.snapshot.auto.trigger.threshold = 10000 (custom)
2019-10-15 22:49:50,458 [pool-409-thread-1] INFO  server.RaftServerConfigKeys (ConfUtils.java:logGet(43)) - raft.server.log.statemachine.data.sync = true (default)
2019-10-15 22:49:50,458 [pool-419-thread-1] INFO  server.RaftServerConfigKeys (ConfUtils.java:logGet(43)) - raft.server.snapshot.retention.file.num = 5 (custom)
2019-10-15 22:49:50,458 [pool-429-thread-1] INFO  server.RaftServerConfigKeys (ConfUtils.java:logGet(43)) - raft.server.snapshot.auto.trigger.threshold = 10000 (custom)
2019-10-15 22:49:50,458 [pool-419-thread-1] INFO  server.RaftServerConfigKeys (ConfUtils.java:logGet(43)) - raft.server.retrycache.expirytime = 600000ms (custom)
2019-10-15 22:49:50,458 [pool-409-thread-1] INFO  server.RaftServerConfigKeys (ConfUtils.java:logGet(43)) - raft.server.log.statemachine.data.sync.timeout = 10s (default)
2019-10-15 22:49:50,458 [pool-429-thread-1] INFO  server.RaftServerConfigKeys (ConfUtils.java:logGet(43)) - raft.server.snapshot.retention.file.num = 5 (custom)
2019-10-15 22:49:50,459 [pool-409-thread-1] INFO  server.RaftServerConfigKeys (ConfUtils.java:logGet(43)) - raft.server.log.statemachine.data.sync.timeout.retry = -1 (default)
2019-10-15 22:49:50,459 [pool-429-thread-1] INFO  server.RaftServerConfigKeys (ConfUtils.java:logGet(43)) - raft.server.retrycache.expirytime = 600000ms (custom)
2019-10-15 22:49:50,459 [pool-409-thread-1] INFO  server.RaftServerConfigKeys (ConfUtils.java:logGet(43)) - raft.server.log.statemachine.data.caching.enabled = true (custom)
2019-10-15 22:49:50,459 [pool-409-thread-1] INFO  segmented.SegmentedRaftLogWorker (SegmentedRaftLogWorker.java:lambda$new$0(128)) - 483636e5-9a11-4bb0-8530-e11a4b7d6bf1@group-1F7DA0480EC4-SegmentedRaftLogWorker: flushIndex: setUnconditionally 0 -> -1
2019-10-15 22:49:50,460 [pool-409-thread-1] INFO  server.RaftServerConfigKeys (ConfUtils.java:logGet(43)) - raft.server.snapshot.auto.trigger.enabled = true (custom)
2019-10-15 22:49:50,460 [pool-409-thread-1] INFO  server.RaftServerConfigKeys (ConfUtils.java:logGet(43)) - raft.server.snapshot.auto.trigger.threshold = 10000 (custom)
2019-10-15 22:49:50,460 [pool-409-thread-1] INFO  server.RaftServerConfigKeys (ConfUtils.java:logGet(43)) - raft.server.snapshot.retention.file.num = 5 (custom)
2019-10-15 22:49:50,460 [pool-409-thread-1] INFO  server.RaftServerConfigKeys (ConfUtils.java:logGet(43)) - raft.server.retrycache.expirytime = 600000ms (custom)
2019-10-15 22:49:50,462 [pool-419-thread-1] INFO  impl.RaftServerImpl (RaftServerImpl.java:start(181)) - fa254a61-b2f8-4688-8f31-8c719d7080b4@group-1F7DA0480EC4: start as a follower, conf=-1: [483636e5-9a11-4bb0-8530-e11a4b7d6bf1:192.168.69.67:40065, fa254a61-b2f8-4688-8f31-8c719d7080b4:192.168.69.67:42698, b3c1af8e-b304-41b3-9967-023a9461ce9d:192.168.69.67:40932], old=null
2019-10-15 22:49:50,462 [pool-419-thread-1] INFO  impl.RaftServerImpl (RaftServerImpl.java:setRole(170)) - fa254a61-b2f8-4688-8f31-8c719d7080b4@group-1F7DA0480EC4: changes role from      null to FOLLOWER at term 0 for startAsFollower
2019-10-15 22:49:50,462 [pool-419-thread-1] INFO  impl.RoleInfo (RoleInfo.java:updateAndGet(143)) - fa254a61-b2f8-4688-8f31-8c719d7080b4: start FollowerState
2019-10-15 22:49:50,462 [pool-419-thread-1] INFO  util.JmxRegister (JmxRegister.java:tryRegister(44)) - Successfully registered JMX Bean with object name Ratis:service=RaftServer,group=group-1F7DA0480EC4,id=fa254a61-b2f8-4688-8f31-8c719d7080b4
2019-10-15 22:49:50,463 [pool-429-thread-1] INFO  impl.RaftServerImpl (RaftServerImpl.java:start(181)) - b3c1af8e-b304-41b3-9967-023a9461ce9d@group-1F7DA0480EC4: start as a follower, conf=-1: [483636e5-9a11-4bb0-8530-e11a4b7d6bf1:192.168.69.67:40065, fa254a61-b2f8-4688-8f31-8c719d7080b4:192.168.69.67:42698, b3c1af8e-b304-41b3-9967-023a9461ce9d:192.168.69.67:40932], old=null
2019-10-15 22:49:50,463 [pool-409-thread-1] INFO  impl.RaftServerImpl (RaftServerImpl.java:start(181)) - 483636e5-9a11-4bb0-8530-e11a4b7d6bf1@group-1F7DA0480EC4: start as a follower, conf=-1: [483636e5-9a11-4bb0-8530-e11a4b7d6bf1:192.168.69.67:40065, fa254a61-b2f8-4688-8f31-8c719d7080b4:192.168.69.67:42698, b3c1af8e-b304-41b3-9967-023a9461ce9d:192.168.69.67:40932], old=null
2019-10-15 22:49:50,463 [pool-429-thread-1] INFO  impl.RaftServerImpl (RaftServerImpl.java:setRole(170)) - b3c1af8e-b304-41b3-9967-023a9461ce9d@group-1F7DA0480EC4: changes role from      null to FOLLOWER at term 0 for startAsFollower
2019-10-15 22:49:50,463 [pool-409-thread-1] INFO  impl.RaftServerImpl (RaftServerImpl.java:setRole(170)) - 483636e5-9a11-4bb0-8530-e11a4b7d6bf1@group-1F7DA0480EC4: changes role from      null to FOLLOWER at term 0 for startAsFollower
2019-10-15 22:49:50,463 [pool-429-thread-1] INFO  impl.RoleInfo (RoleInfo.java:updateAndGet(143)) - b3c1af8e-b304-41b3-9967-023a9461ce9d: start FollowerState
2019-10-15 22:49:50,463 [pool-409-thread-1] INFO  impl.RoleInfo (RoleInfo.java:updateAndGet(143)) - 483636e5-9a11-4bb0-8530-e11a4b7d6bf1: start FollowerState
2019-10-15 22:49:50,474 [pool-429-thread-1] INFO  util.JmxRegister (JmxRegister.java:tryRegister(44)) - Successfully registered JMX Bean with object name Ratis:service=RaftServer,group=group-1F7DA0480EC4,id=b3c1af8e-b304-41b3-9967-023a9461ce9d
2019-10-15 22:49:50,474 [pool-409-thread-1] INFO  util.JmxRegister (JmxRegister.java:tryRegister(44)) - Successfully registered JMX Bean with object name Ratis:service=RaftServer,group=group-1F7DA0480EC4,id=483636e5-9a11-4bb0-8530-e11a4b7d6bf1
2019-10-15 22:49:50,486 [IPC Server handler 1 on 32953] INFO  net.NetworkTopology (NetworkTopologyImpl.java:add(111)) - Added a new node: /default-rack/23981206-d98f-49bd-b34a-9ed813c0949a
2019-10-15 22:49:50,486 [IPC Server handler 1 on 32953] INFO  node.SCMNodeManager (SCMNodeManager.java:register(267)) - Registered Data node : 23981206-d98f-49bd-b34a-9ed813c0949a{ip: 192.168.69.67, host: pr-hdds-2071-8rz7p-357833546, networkLocation: /default-rack, certSerialId: null}
2019-10-15 22:49:50,487 [RatisPipelineUtilsThread] INFO  pipeline.PipelineStateManager (PipelineStateManager.java:addPipeline(56)) - Created pipeline Pipeline[ Id: fe68cec3-cf9d-4de2-924a-1f7da0480ec4, Nodes: fa254a61-b2f8-4688-8f31-8c719d7080b4{ip: 192.168.69.67, host: pr-hdds-2071-8rz7p-357833546, networkLocation: /default-rack, certSerialId: null}483636e5-9a11-4bb0-8530-e11a4b7d6bf1{ip: 192.168.69.67, host: pr-hdds-2071-8rz7p-357833546, networkLocation: /default-rack, certSerialId: null}b3c1af8e-b304-41b3-9967-023a9461ce9d{ip: 192.168.69.67, host: pr-hdds-2071-8rz7p-357833546, networkLocation: /default-rack, certSerialId: null}, Type:RATIS, Factor:THREE, State:OPEN]
2019-10-15 22:49:50,546 [IPC Server handler 3 on 32953] INFO  net.NetworkTopology (NetworkTopologyImpl.java:add(111)) - Added a new node: /default-rack/d85b637b-10e8-42dc-95d2-be085c1066ae
2019-10-15 22:49:50,547 [IPC Server handler 3 on 32953] INFO  node.SCMNodeManager (SCMNodeManager.java:register(267)) - Registered Data node : d85b637b-10e8-42dc-95d2-be085c1066ae{ip: 192.168.69.67, host: pr-hdds-2071-8rz7p-357833546, networkLocation: /default-rack, certSerialId: null}
2019-10-15 22:49:50,554 [grpc-default-executor-4] INFO  impl.RaftServerProxy (RaftServerProxy.java:addNew(89)) - d85b637b-10e8-42dc-95d2-be085c1066ae: addNew group-6DF339442F95:[d85b637b-10e8-42dc-95d2-be085c1066ae:192.168.69.67:41017] returns group-6DF339442F95:java.util.concurrent.CompletableFuture@25d9ef1c[Not completed]
2019-10-15 22:49:50,556 [pool-459-thread-1] INFO  impl.RaftServerImpl (RaftServerImpl.java:<init>(95)) - d85b637b-10e8-42dc-95d2-be085c1066ae: new RaftServerImpl for group-6DF339442F95:[d85b637b-10e8-42dc-95d2-be085c1066ae:192.168.69.67:41017] with ContainerStateMachine:uninitialized
2019-10-15 22:49:50,556 [pool-459-thread-1] INFO  server.RaftServerConfigKeys (ConfUtils.java:logGet(43)) - raft.server.rpc.timeout.min = 5s (custom)
2019-10-15 22:49:50,556 [pool-459-thread-1] INFO  server.RaftServerConfigKeys (ConfUtils.java:logGet(43)) - raft.server.rpc.timeout.max = 5200ms (custom)
2019-10-15 22:49:50,556 [pool-459-thread-1] INFO  server.RaftServerConfigKeys (ConfUtils.java:logGet(43)) - raft.server.rpcslowness.timeout = 120s (custom)
2019-10-15 22:49:50,556 [pool-459-thread-1] INFO  server.RaftServerConfigKeys (ConfUtils.java:logGet(43)) - raft.server.sleep.deviation.threshold = 300 (default)
2019-10-15 22:49:50,556 [pool-459-thread-1] INFO  server.RaftServerConfigKeys (ConfUtils.java:logGet(43)) - raft.server.log.appender.install.snapshot.enabled = false (custom)
2019-10-15 22:49:50,556 [pool-459-thread-1] INFO  impl.RaftServerImpl (ServerState.java:<init>(103)) - d85b637b-10e8-42dc-95d2-be085c1066ae@group-6DF339442F95: ConfigurationManager, init=-1: [d85b637b-10e8-42dc-95d2-be085c1066ae:192.168.69.67:41017], old=null, confs=<EMPTY_MAP>
2019-10-15 22:49:50,556 [pool-459-thread-1] INFO  server.RaftServerConfigKeys (ConfUtils.java:logGet(43)) - raft.server.storage.dir = [/workdir/hadoop-ozone/integration-test/target/test-dir/MiniOzoneClusterImpl-0d9b2814-d928-4fbd-a4f1-019e2ffc4b6f/datanode-5/data/ratis] (custom)
2019-10-15 22:49:50,557 [pool-459-thread-1] INFO  server.RaftServerConfigKeys (ConfUtils.java:logGet(43)) - raft.server.log.corruption.policy = EXCEPTION (default)
2019-10-15 22:49:50,557 [pool-459-thread-1] INFO  storage.RaftStorageDirectory (RaftStorageDirectory.java:analyzeStorage(246)) - The storage directory /workdir/hadoop-ozone/integration-test/target/test-dir/MiniOzoneClusterImpl-0d9b2814-d928-4fbd-a4f1-019e2ffc4b6f/datanode-5/data/ratis/c8924ab7-d267-41ae-a5ef-6df339442f95 does not exist. Creating ...
2019-10-15 22:49:50,584 [pool-459-thread-1] INFO  storage.RaftStorageDirectory (RaftStorageDirectory.java:tryLock(328)) - Lock on /workdir/hadoop-ozone/integration-test/target/test-dir/MiniOzoneClusterImpl-0d9b2814-d928-4fbd-a4f1-019e2ffc4b6f/datanode-5/data/ratis/c8924ab7-d267-41ae-a5ef-6df339442f95/in_use.lock acquired by nodename 13538@pr-hdds-2071-8rz7p-357833546
2019-10-15 22:49:50,596 [pool-459-thread-1] INFO  storage.RaftStorage (RaftStorage.java:format(84)) - Storage directory /workdir/hadoop-ozone/integration-test/target/test-dir/MiniOzoneClusterImpl-0d9b2814-d928-4fbd-a4f1-019e2ffc4b6f/datanode-5/data/ratis/c8924ab7-d267-41ae-a5ef-6df339442f95 has been successfully formatted.
2019-10-15 22:49:50,597 [pool-459-thread-1] INFO  ratis.ContainerStateMachine (ContainerStateMachine.java:loadSnapshot(231)) - group-6DF339442F95: The snapshot info is null. Setting the last applied indexto:(t:0, i:~)
2019-10-15 22:49:50,597 [pool-459-thread-1] INFO  server.RaftServerConfigKeys (ConfUtils.java:logGet(43)) - raft.server.notification.no-leader.timeout = 120s (custom)
2019-10-15 22:49:50,597 [pool-459-thread-1] INFO  server.RaftServerConfigKeys (ConfUtils.java:logGet(43)) - raft.server.log.use.memory = false (default)
2019-10-15 22:49:50,597 [pool-459-thread-1] INFO  server.RaftServerConfigKeys (ConfUtils.java:logGet(43)) - raft.server.log.purge.gap = 1000000 (custom)
2019-10-15 22:49:50,597 [pool-459-thread-1] INFO  server.RaftServerConfigKeys (ConfUtils.java:logGet(43)) - raft.server.log.appender.buffer.byte-limit = 33554432 (custom)
2019-10-15 22:49:50,597 [pool-459-thread-1] INFO  server.RaftServerConfigKeys (ConfUtils.java:logGet(43)) - raft.server.log.segment.size.max = 1048576 (custom)
2019-10-15 22:49:50,598 [pool-459-thread-1] INFO  server.RaftServerConfigKeys (ConfUtils.java:logGet(43)) - raft.server.log.segment.cache.num.max = 2 (custom)
2019-10-15 22:49:50,599 [pool-459-thread-1] INFO  segmented.SegmentedRaftLogWorker (SegmentedRaftLogWorker.java:<init>(173)) - new d85b637b-10e8-42dc-95d2-be085c1066ae@group-6DF339442F95-SegmentedRaftLogWorker for RaftStorage:Storage Directory /workdir/hadoop-ozone/integration-test/target/test-dir/MiniOzoneClusterImpl-0d9b2814-d928-4fbd-a4f1-019e2ffc4b6f/datanode-5/data/ratis/c8924ab7-d267-41ae-a5ef-6df339442f95
2019-10-15 22:49:50,599 [pool-459-thread-1] INFO  server.RaftServerConfigKeys (ConfUtils.java:logGet(43)) - raft.server.log.queue.byte-limit = 2147483647 (custom)
2019-10-15 22:49:50,599 [pool-459-thread-1] INFO  server.RaftServerConfigKeys (ConfUtils.java:logGet(43)) - raft.server.log.queue.element-limit = 1024 (custom)
2019-10-15 22:49:50,599 [pool-459-thread-1] INFO  server.RaftServerConfigKeys (ConfUtils.java:logGet(43)) - raft.server.log.segment.size.max = 1048576 (custom)
2019-10-15 22:49:50,599 [pool-459-thread-1] INFO  server.RaftServerConfigKeys (ConfUtils.java:logGet(43)) - raft.server.log.preallocated.size = 16384 (custom)
2019-10-15 22:49:50,599 [pool-459-thread-1] INFO  server.RaftServerConfigKeys (ConfUtils.java:logGet(43)) - raft.server.log.write.buffer.size = 33554432 (custom)
2019-10-15 22:49:50,599 [pool-459-thread-1] INFO  server.RaftServerConfigKeys (ConfUtils.java:logGet(43)) - raft.server.log.force.sync.num = 128 (default)
2019-10-15 22:49:50,599 [pool-459-thread-1] INFO  server.RaftServerConfigKeys (ConfUtils.java:logGet(43)) - raft.server.log.statemachine.data.sync = true (default)
2019-10-15 22:49:50,600 [pool-459-thread-1] INFO  server.RaftServerConfigKeys (ConfUtils.java:logGet(43)) - raft.server.log.statemachine.data.sync.timeout = 10s (default)
2019-10-15 22:49:50,600 [pool-459-thread-1] INFO  server.RaftServerConfigKeys (ConfUtils.java:logGet(43)) - raft.server.log.statemachine.data.sync.timeout.retry = -1 (default)
2019-10-15 22:49:50,600 [pool-459-thread-1] INFO  server.RaftServerConfigKeys (ConfUtils.java:logGet(43)) - raft.server.log.statemachine.data.caching.enabled = true (custom)
2019-10-15 22:49:50,600 [pool-459-thread-1] INFO  segmented.SegmentedRaftLogWorker (SegmentedRaftLogWorker.java:lambda$new$0(128)) - d85b637b-10e8-42dc-95d2-be085c1066ae@group-6DF339442F95-SegmentedRaftLogWorker: flushIndex: setUnconditionally 0 -> -1
2019-10-15 22:49:50,601 [pool-459-thread-1] INFO  server.RaftServerConfigKeys (ConfUtils.java:logGet(43)) - raft.server.snapshot.auto.trigger.enabled = true (custom)
2019-10-15 22:49:50,601 [pool-459-thread-1] INFO  server.RaftServerConfigKeys (ConfUtils.java:logGet(43)) - raft.server.snapshot.auto.trigger.threshold = 10000 (custom)
2019-10-15 22:49:50,601 [pool-459-thread-1] INFO  server.RaftServerConfigKeys (ConfUtils.java:logGet(43)) - raft.server.snapshot.retention.file.num = 5 (custom)
2019-10-15 22:49:50,601 [pool-459-thread-1] INFO  server.RaftServerConfigKeys (ConfUtils.java:logGet(43)) - raft.server.retrycache.expirytime = 600000ms (custom)
2019-10-15 22:49:50,603 [pool-459-thread-1] INFO  impl.RaftServerImpl (RaftServerImpl.java:start(181)) - d85b637b-10e8-42dc-95d2-be085c1066ae@group-6DF339442F95: start as a follower, conf=-1: [d85b637b-10e8-42dc-95d2-be085c1066ae:192.168.69.67:41017], old=null
2019-10-15 22:49:50,603 [pool-459-thread-1] INFO  impl.RaftServerImpl (RaftServerImpl.java:setRole(170)) - d85b637b-10e8-42dc-95d2-be085c1066ae@group-6DF339442F95: changes role from      null to FOLLOWER at term 0 for startAsFollower
2019-10-15 22:49:50,603 [pool-459-thread-1] INFO  impl.RoleInfo (RoleInfo.java:updateAndGet(143)) - d85b637b-10e8-42dc-95d2-be085c1066ae: start FollowerState
2019-10-15 22:49:50,603 [pool-459-thread-1] INFO  util.JmxRegister (JmxRegister.java:tryRegister(44)) - Successfully registered JMX Bean with object name Ratis:service=RaftServer,group=group-6DF339442F95,id=d85b637b-10e8-42dc-95d2-be085c1066ae
2019-10-15 22:49:50,607 [RatisPipelineUtilsThread] INFO  pipeline.PipelineStateManager (PipelineStateManager.java:addPipeline(56)) - Created pipeline Pipeline[ Id: c8924ab7-d267-41ae-a5ef-6df339442f95, Nodes: d85b637b-10e8-42dc-95d2-be085c1066ae{ip: 192.168.69.67, host: pr-hdds-2071-8rz7p-357833546, networkLocation: /default-rack, certSerialId: null}, Type:RATIS, Factor:ONE, State:OPEN]
2019-10-15 22:49:50,616 [grpc-default-executor-4] INFO  impl.RaftServerProxy (RaftServerProxy.java:addNew(89)) - 23981206-d98f-49bd-b34a-9ed813c0949a: addNew group-36DB69C635CF:[23981206-d98f-49bd-b34a-9ed813c0949a:192.168.69.67:32847] returns group-36DB69C635CF:java.util.concurrent.CompletableFuture@48d4b7ef[Not completed]
2019-10-15 22:49:50,617 [pool-449-thread-1] INFO  impl.RaftServerImpl (RaftServerImpl.java:<init>(95)) - 23981206-d98f-49bd-b34a-9ed813c0949a: new RaftServerImpl for group-36DB69C635CF:[23981206-d98f-49bd-b34a-9ed813c0949a:192.168.69.67:32847] with ContainerStateMachine:uninitialized
2019-10-15 22:49:50,617 [pool-449-thread-1] INFO  server.RaftServerConfigKeys (ConfUtils.java:logGet(43)) - raft.server.rpc.timeout.min = 5s (custom)
2019-10-15 22:49:50,617 [pool-449-thread-1] INFO  server.RaftServerConfigKeys (ConfUtils.java:logGet(43)) - raft.server.rpc.timeout.max = 5200ms (custom)
2019-10-15 22:49:50,618 [pool-449-thread-1] INFO  server.RaftServerConfigKeys (ConfUtils.java:logGet(43)) - raft.server.rpcslowness.timeout = 120s (custom)
2019-10-15 22:49:50,618 [pool-449-thread-1] INFO  server.RaftServerConfigKeys (ConfUtils.java:logGet(43)) - raft.server.sleep.deviation.threshold = 300 (default)
2019-10-15 22:49:50,618 [pool-449-thread-1] INFO  server.RaftServerConfigKeys (ConfUtils.java:logGet(43)) - raft.server.log.appender.install.snapshot.enabled = false (custom)
2019-10-15 22:49:50,618 [pool-449-thread-1] INFO  impl.RaftServerImpl (ServerState.java:<init>(103)) - 23981206-d98f-49bd-b34a-9ed813c0949a@group-36DB69C635CF: ConfigurationManager, init=-1: [23981206-d98f-49bd-b34a-9ed813c0949a:192.168.69.67:32847], old=null, confs=<EMPTY_MAP>
2019-10-15 22:49:50,618 [pool-449-thread-1] INFO  server.RaftServerConfigKeys (ConfUtils.java:logGet(43)) - raft.server.storage.dir = [/workdir/hadoop-ozone/integration-test/target/test-dir/MiniOzoneClusterImpl-0d9b2814-d928-4fbd-a4f1-019e2ffc4b6f/datanode-4/data/ratis] (custom)
2019-10-15 22:49:50,619 [pool-449-thread-1] INFO  server.RaftServerConfigKeys (ConfUtils.java:logGet(43)) - raft.server.log.corruption.policy = EXCEPTION (default)
2019-10-15 22:49:50,619 [pool-449-thread-1] INFO  storage.RaftStorageDirectory (RaftStorageDirectory.java:analyzeStorage(246)) - The storage directory /workdir/hadoop-ozone/integration-test/target/test-dir/MiniOzoneClusterImpl-0d9b2814-d928-4fbd-a4f1-019e2ffc4b6f/datanode-4/data/ratis/9bee2e5e-3b76-444c-8c46-36db69c635cf does not exist. Creating ...
2019-10-15 22:49:50,631 [IPC Server handler 2 on 32953] INFO  net.NetworkTopology (NetworkTopologyImpl.java:add(111)) - Added a new node: /default-rack/cd11d2e1-8001-4504-aa56-1bbe2d1aee94
2019-10-15 22:49:50,631 [IPC Server handler 2 on 32953] INFO  node.SCMNodeManager (SCMNodeManager.java:register(267)) - Registered Data node : cd11d2e1-8001-4504-aa56-1bbe2d1aee94{ip: 192.168.69.67, host: pr-hdds-2071-8rz7p-357833546, networkLocation: /default-rack, certSerialId: null}
2019-10-15 22:49:50,632 [main] INFO  ozone.MiniOzoneClusterImpl (MiniOzoneClusterImpl.java:lambda$waitForClusterToBeReady$0(147)) - Cluster is ready. Got 7 of 7 DN Heartbeats.
2019-10-15 22:49:50,633 [pool-449-thread-1] INFO  storage.RaftStorageDirectory (RaftStorageDirectory.java:tryLock(328)) - Lock on /workdir/hadoop-ozone/integration-test/target/test-dir/MiniOzoneClusterImpl-0d9b2814-d928-4fbd-a4f1-019e2ffc4b6f/datanode-4/data/ratis/9bee2e5e-3b76-444c-8c46-36db69c635cf/in_use.lock acquired by nodename 13538@pr-hdds-2071-8rz7p-357833546
2019-10-15 22:49:50,653 [pool-449-thread-1] INFO  storage.RaftStorage (RaftStorage.java:format(84)) - Storage directory /workdir/hadoop-ozone/integration-test/target/test-dir/MiniOzoneClusterImpl-0d9b2814-d928-4fbd-a4f1-019e2ffc4b6f/datanode-4/data/ratis/9bee2e5e-3b76-444c-8c46-36db69c635cf has been successfully formatted.
2019-10-15 22:49:50,653 [pool-449-thread-1] INFO  ratis.ContainerStateMachine (ContainerStateMachine.java:loadSnapshot(231)) - group-36DB69C635CF: The snapshot info is null. Setting the last applied indexto:(t:0, i:~)
2019-10-15 22:49:50,653 [pool-449-thread-1] INFO  server.RaftServerConfigKeys (ConfUtils.java:logGet(43)) - raft.server.notification.no-leader.timeout = 120s (custom)
2019-10-15 22:49:50,653 [pool-449-thread-1] INFO  server.RaftServerConfigKeys (ConfUtils.java:logGet(43)) - raft.server.log.use.memory = false (default)
2019-10-15 22:49:50,653 [pool-449-thread-1] INFO  server.RaftServerConfigKeys (ConfUtils.java:logGet(43)) - raft.server.log.purge.gap = 1000000 (custom)
2019-10-15 22:49:50,653 [pool-449-thread-1] INFO  server.RaftServerConfigKeys (ConfUtils.java:logGet(43)) - raft.server.log.appender.buffer.byte-limit = 33554432 (custom)
2019-10-15 22:49:50,654 [pool-449-thread-1] INFO  server.RaftServerConfigKeys (ConfUtils.java:logGet(43)) - raft.server.log.segment.size.max = 1048576 (custom)
2019-10-15 22:49:50,655 [pool-449-thread-1] INFO  server.RaftServerConfigKeys (ConfUtils.java:logGet(43)) - raft.server.log.segment.cache.num.max = 2 (custom)
2019-10-15 22:49:50,655 [pool-449-thread-1] INFO  segmented.SegmentedRaftLogWorker (SegmentedRaftLogWorker.java:<init>(173)) - new 23981206-d98f-49bd-b34a-9ed813c0949a@group-36DB69C635CF-SegmentedRaftLogWorker for RaftStorage:Storage Directory /workdir/hadoop-ozone/integration-test/target/test-dir/MiniOzoneClusterImpl-0d9b2814-d928-4fbd-a4f1-019e2ffc4b6f/datanode-4/data/ratis/9bee2e5e-3b76-444c-8c46-36db69c635cf
2019-10-15 22:49:50,655 [pool-449-thread-1] INFO  server.RaftServerConfigKeys (ConfUtils.java:logGet(43)) - raft.server.log.queue.byte-limit = 2147483647 (custom)
2019-10-15 22:49:50,655 [pool-449-thread-1] INFO  server.RaftServerConfigKeys (ConfUtils.java:logGet(43)) - raft.server.log.queue.element-limit = 1024 (custom)
2019-10-15 22:49:50,655 [pool-449-thread-1] INFO  server.RaftServerConfigKeys (ConfUtils.java:logGet(43)) - raft.server.log.segment.size.max = 1048576 (custom)
2019-10-15 22:49:50,655 [pool-449-thread-1] INFO  server.RaftServerConfigKeys (ConfUtils.java:logGet(43)) - raft.server.log.preallocated.size = 16384 (custom)
2019-10-15 22:49:50,655 [pool-449-thread-1] INFO  server.RaftServerConfigKeys (ConfUtils.java:logGet(43)) - raft.server.log.write.buffer.size = 33554432 (custom)
2019-10-15 22:49:50,655 [pool-449-thread-1] INFO  server.RaftServerConfigKeys (ConfUtils.java:logGet(43)) - raft.server.log.force.sync.num = 128 (default)
2019-10-15 22:49:50,655 [pool-449-thread-1] INFO  server.RaftServerConfigKeys (ConfUtils.java:logGet(43)) - raft.server.log.statemachine.data.sync = true (default)
2019-10-15 22:49:50,655 [pool-449-thread-1] INFO  server.RaftServerConfigKeys (ConfUtils.java:logGet(43)) - raft.server.log.statemachine.data.sync.timeout = 10s (default)
2019-10-15 22:49:50,657 [pool-449-thread-1] INFO  server.RaftServerConfigKeys (ConfUtils.java:logGet(43)) - raft.server.log.statemachine.data.sync.timeout.retry = -1 (default)
2019-10-15 22:49:50,657 [pool-449-thread-1] INFO  server.RaftServerConfigKeys (ConfUtils.java:logGet(43)) - raft.server.log.statemachine.data.caching.enabled = true (custom)
2019-10-15 22:49:50,658 [pool-449-thread-1] INFO  segmented.SegmentedRaftLogWorker (SegmentedRaftLogWorker.java:lambda$new$0(128)) - 23981206-d98f-49bd-b34a-9ed813c0949a@group-36DB69C635CF-SegmentedRaftLogWorker: flushIndex: setUnconditionally 0 -> -1
2019-10-15 22:49:50,658 [pool-449-thread-1] INFO  server.RaftServerConfigKeys (ConfUtils.java:logGet(43)) - raft.server.snapshot.auto.trigger.enabled = true (custom)
2019-10-15 22:49:50,658 [pool-449-thread-1] INFO  server.RaftServerConfigKeys (ConfUtils.java:logGet(43)) - raft.server.snapshot.auto.trigger.threshold = 10000 (custom)
2019-10-15 22:49:50,658 [pool-449-thread-1] INFO  server.RaftServerConfigKeys (ConfUtils.java:logGet(43)) - raft.server.snapshot.retention.file.num = 5 (custom)
2019-10-15 22:49:50,658 [pool-449-thread-1] INFO  server.RaftServerConfigKeys (ConfUtils.java:logGet(43)) - raft.server.retrycache.expirytime = 600000ms (custom)
2019-10-15 22:49:50,659 [main] INFO  rpc.RpcClient (RpcClient.java:createVolume(272)) - Creating Volume: testblockoutputstream, with jenkins1000 as owner.
2019-10-15 22:49:50,659 [pool-449-thread-1] INFO  impl.RaftServerImpl (RaftServerImpl.java:start(181)) - 23981206-d98f-49bd-b34a-9ed813c0949a@group-36DB69C635CF: start as a follower, conf=-1: [23981206-d98f-49bd-b34a-9ed813c0949a:192.168.69.67:32847], old=null
2019-10-15 22:49:50,659 [pool-449-thread-1] INFO  impl.RaftServerImpl (RaftServerImpl.java:setRole(170)) - 23981206-d98f-49bd-b34a-9ed813c0949a@group-36DB69C635CF: changes role from      null to FOLLOWER at term 0 for startAsFollower
2019-10-15 22:49:50,659 [pool-449-thread-1] INFO  impl.RoleInfo (RoleInfo.java:updateAndGet(143)) - 23981206-d98f-49bd-b34a-9ed813c0949a: start FollowerState
2019-10-15 22:49:50,660 [pool-449-thread-1] INFO  util.JmxRegister (JmxRegister.java:tryRegister(44)) - Successfully registered JMX Bean with object name Ratis:service=RaftServer,group=group-36DB69C635CF,id=23981206-d98f-49bd-b34a-9ed813c0949a
2019-10-15 22:49:50,661 [IPC Server handler 2 on 36282] INFO  volume.OMVolumeCreateRequest (OMVolumeCreateRequest.java:validateAndUpdateCache(193)) - created volume:testblockoutputstream for user:jenkins1000
2019-10-15 22:49:50,662 [RatisPipelineUtilsThread] INFO  pipeline.PipelineStateManager (PipelineStateManager.java:addPipeline(56)) - Created pipeline Pipeline[ Id: 9bee2e5e-3b76-444c-8c46-36db69c635cf, Nodes: 23981206-d98f-49bd-b34a-9ed813c0949a{ip: 192.168.69.67, host: pr-hdds-2071-8rz7p-357833546, networkLocation: /default-rack, certSerialId: null}, Type:RATIS, Factor:ONE, State:OPEN]
2019-10-15 22:49:50,673 [main] INFO  rpc.RpcClient (RpcClient.java:createBucket(411)) - Creating Bucket: testblockoutputstream/testblockoutputstream, with Versioning false and Storage Type set to DISK and Encryption set to false 
2019-10-15 22:49:50,675 [grpc-default-executor-4] INFO  impl.RaftServerProxy (RaftServerProxy.java:addNew(89)) - cd11d2e1-8001-4504-aa56-1bbe2d1aee94: addNew group-F9849BC1C795:[cd11d2e1-8001-4504-aa56-1bbe2d1aee94:192.168.69.67:45850] returns group-F9849BC1C795:java.util.concurrent.CompletableFuture@7ffa442b[Not completed]
2019-10-15 22:49:50,676 [pool-469-thread-1] INFO  impl.RaftServerImpl (RaftServerImpl.java:<init>(95)) - cd11d2e1-8001-4504-aa56-1bbe2d1aee94: new RaftServerImpl for group-F9849BC1C795:[cd11d2e1-8001-4504-aa56-1bbe2d1aee94:192.168.69.67:45850] with ContainerStateMachine:uninitialized
2019-10-15 22:49:50,676 [pool-469-thread-1] INFO  server.RaftServerConfigKeys (ConfUtils.java:logGet(43)) - raft.server.rpc.timeout.min = 5s (custom)
2019-10-15 22:49:50,676 [pool-469-thread-1] INFO  server.RaftServerConfigKeys (ConfUtils.java:logGet(43)) - raft.server.rpc.timeout.max = 5200ms (custom)
2019-10-15 22:49:50,676 [pool-469-thread-1] INFO  server.RaftServerConfigKeys (ConfUtils.java:logGet(43)) - raft.server.rpcslowness.timeout = 120s (custom)
2019-10-15 22:49:50,676 [pool-469-thread-1] INFO  server.RaftServerConfigKeys (ConfUtils.java:logGet(43)) - raft.server.sleep.deviation.threshold = 300 (default)
2019-10-15 22:49:50,676 [pool-469-thread-1] INFO  server.RaftServerConfigKeys (ConfUtils.java:logGet(43)) - raft.server.log.appender.install.snapshot.enabled = false (custom)
2019-10-15 22:49:50,676 [pool-469-thread-1] INFO  impl.RaftServerImpl (ServerState.java:<init>(103)) - cd11d2e1-8001-4504-aa56-1bbe2d1aee94@group-F9849BC1C795: ConfigurationManager, init=-1: [cd11d2e1-8001-4504-aa56-1bbe2d1aee94:192.168.69.67:45850], old=null, confs=<EMPTY_MAP>
2019-10-15 22:49:50,677 [pool-469-thread-1] INFO  server.RaftServerConfigKeys (ConfUtils.java:logGet(43)) - raft.server.storage.dir = [/workdir/hadoop-ozone/integration-test/target/test-dir/MiniOzoneClusterImpl-0d9b2814-d928-4fbd-a4f1-019e2ffc4b6f/datanode-6/data/ratis] (custom)
2019-10-15 22:49:50,678 [pool-469-thread-1] INFO  server.RaftServerConfigKeys (ConfUtils.java:logGet(43)) - raft.server.log.corruption.policy = EXCEPTION (default)
2019-10-15 22:49:50,678 [pool-469-thread-1] INFO  storage.RaftStorageDirectory (RaftStorageDirectory.java:analyzeStorage(246)) - The storage directory /workdir/hadoop-ozone/integration-test/target/test-dir/MiniOzoneClusterImpl-0d9b2814-d928-4fbd-a4f1-019e2ffc4b6f/datanode-6/data/ratis/a5e02cf6-1ac0-4f1b-8628-f9849bc1c795 does not exist. Creating ...
2019-10-15 22:49:50,712 [pool-469-thread-1] INFO  storage.RaftStorageDirectory (RaftStorageDirectory.java:tryLock(328)) - Lock on /workdir/hadoop-ozone/integration-test/target/test-dir/MiniOzoneClusterImpl-0d9b2814-d928-4fbd-a4f1-019e2ffc4b6f/datanode-6/data/ratis/a5e02cf6-1ac0-4f1b-8628-f9849bc1c795/in_use.lock acquired by nodename 13538@pr-hdds-2071-8rz7p-357833546
2019-10-15 22:49:50,725 [pool-469-thread-1] INFO  storage.RaftStorage (RaftStorage.java:format(84)) - Storage directory /workdir/hadoop-ozone/integration-test/target/test-dir/MiniOzoneClusterImpl-0d9b2814-d928-4fbd-a4f1-019e2ffc4b6f/datanode-6/data/ratis/a5e02cf6-1ac0-4f1b-8628-f9849bc1c795 has been successfully formatted.
2019-10-15 22:49:50,725 [pool-469-thread-1] INFO  ratis.ContainerStateMachine (ContainerStateMachine.java:loadSnapshot(231)) - group-F9849BC1C795: The snapshot info is null. Setting the last applied indexto:(t:0, i:~)
2019-10-15 22:49:50,725 [pool-469-thread-1] INFO  server.RaftServerConfigKeys (ConfUtils.java:logGet(43)) - raft.server.notification.no-leader.timeout = 120s (custom)
2019-10-15 22:49:50,725 [pool-469-thread-1] INFO  server.RaftServerConfigKeys (ConfUtils.java:logGet(43)) - raft.server.log.use.memory = false (default)
2019-10-15 22:49:50,725 [pool-469-thread-1] INFO  server.RaftServerConfigKeys (ConfUtils.java:logGet(43)) - raft.server.log.purge.gap = 1000000 (custom)
2019-10-15 22:49:50,725 [pool-469-thread-1] INFO  server.RaftServerConfigKeys (ConfUtils.java:logGet(43)) - raft.server.log.appender.buffer.byte-limit = 33554432 (custom)
2019-10-15 22:49:50,725 [pool-469-thread-1] INFO  server.RaftServerConfigKeys (ConfUtils.java:logGet(43)) - raft.server.log.segment.size.max = 1048576 (custom)
2019-10-15 22:49:50,727 [pool-469-thread-1] INFO  server.RaftServerConfigKeys (ConfUtils.java:logGet(43)) - raft.server.log.segment.cache.num.max = 2 (custom)
2019-10-15 22:49:50,727 [pool-469-thread-1] INFO  segmented.SegmentedRaftLogWorker (SegmentedRaftLogWorker.java:<init>(173)) - new cd11d2e1-8001-4504-aa56-1bbe2d1aee94@group-F9849BC1C795-SegmentedRaftLogWorker for RaftStorage:Storage Directory /workdir/hadoop-ozone/integration-test/target/test-dir/MiniOzoneClusterImpl-0d9b2814-d928-4fbd-a4f1-019e2ffc4b6f/datanode-6/data/ratis/a5e02cf6-1ac0-4f1b-8628-f9849bc1c795
2019-10-15 22:49:50,727 [pool-469-thread-1] INFO  server.RaftServerConfigKeys (ConfUtils.java:logGet(43)) - raft.server.log.queue.byte-limit = 2147483647 (custom)
2019-10-15 22:49:50,727 [pool-469-thread-1] INFO  server.RaftServerConfigKeys (ConfUtils.java:logGet(43)) - raft.server.log.queue.element-limit = 1024 (custom)
2019-10-15 22:49:50,727 [pool-469-thread-1] INFO  server.RaftServerConfigKeys (ConfUtils.java:logGet(43)) - raft.server.log.segment.size.max = 1048576 (custom)
2019-10-15 22:49:50,727 [pool-469-thread-1] INFO  server.RaftServerConfigKeys (ConfUtils.java:logGet(43)) - raft.server.log.preallocated.size = 16384 (custom)
2019-10-15 22:49:50,727 [pool-469-thread-1] INFO  server.RaftServerConfigKeys (ConfUtils.java:logGet(43)) - raft.server.log.write.buffer.size = 33554432 (custom)
2019-10-15 22:49:50,727 [pool-469-thread-1] INFO  server.RaftServerConfigKeys (ConfUtils.java:logGet(43)) - raft.server.log.force.sync.num = 128 (default)
2019-10-15 22:49:50,727 [pool-469-thread-1] INFO  server.RaftServerConfigKeys (ConfUtils.java:logGet(43)) - raft.server.log.statemachine.data.sync = true (default)
2019-10-15 22:49:50,727 [pool-469-thread-1] INFO  server.RaftServerConfigKeys (ConfUtils.java:logGet(43)) - raft.server.log.statemachine.data.sync.timeout = 10s (default)
2019-10-15 22:49:50,727 [pool-469-thread-1] INFO  server.RaftServerConfigKeys (ConfUtils.java:logGet(43)) - raft.server.log.statemachine.data.sync.timeout.retry = -1 (default)
2019-10-15 22:49:50,728 [pool-469-thread-1] INFO  server.RaftServerConfigKeys (ConfUtils.java:logGet(43)) - raft.server.log.statemachine.data.caching.enabled = true (custom)
2019-10-15 22:49:50,728 [pool-469-thread-1] INFO  segmented.SegmentedRaftLogWorker (SegmentedRaftLogWorker.java:lambda$new$0(128)) - cd11d2e1-8001-4504-aa56-1bbe2d1aee94@group-F9849BC1C795-SegmentedRaftLogWorker: flushIndex: setUnconditionally 0 -> -1
2019-10-15 22:49:50,728 [pool-469-thread-1] INFO  server.RaftServerConfigKeys (ConfUtils.java:logGet(43)) - raft.server.snapshot.auto.trigger.enabled = true (custom)
2019-10-15 22:49:50,728 [pool-469-thread-1] INFO  server.RaftServerConfigKeys (ConfUtils.java:logGet(43)) - raft.server.snapshot.auto.trigger.threshold = 10000 (custom)
2019-10-15 22:49:50,728 [pool-469-thread-1] INFO  server.RaftServerConfigKeys (ConfUtils.java:logGet(43)) - raft.server.snapshot.retention.file.num = 5 (custom)
2019-10-15 22:49:50,728 [pool-469-thread-1] INFO  server.RaftServerConfigKeys (ConfUtils.java:logGet(43)) - raft.server.retrycache.expirytime = 600000ms (custom)
2019-10-15 22:49:50,730 [pool-469-thread-1] INFO  impl.RaftServerImpl (RaftServerImpl.java:start(181)) - cd11d2e1-8001-4504-aa56-1bbe2d1aee94@group-F9849BC1C795: start as a follower, conf=-1: [cd11d2e1-8001-4504-aa56-1bbe2d1aee94:192.168.69.67:45850], old=null
2019-10-15 22:49:50,730 [pool-469-thread-1] INFO  impl.RaftServerImpl (RaftServerImpl.java:setRole(170)) - cd11d2e1-8001-4504-aa56-1bbe2d1aee94@group-F9849BC1C795: changes role from      null to FOLLOWER at term 0 for startAsFollower
2019-10-15 22:49:50,730 [pool-469-thread-1] INFO  impl.RoleInfo (RoleInfo.java:updateAndGet(143)) - cd11d2e1-8001-4504-aa56-1bbe2d1aee94: start FollowerState
2019-10-15 22:49:50,730 [pool-469-thread-1] INFO  util.JmxRegister (JmxRegister.java:tryRegister(44)) - Successfully registered JMX Bean with object name Ratis:service=RaftServer,group=group-F9849BC1C795,id=cd11d2e1-8001-4504-aa56-1bbe2d1aee94
2019-10-15 22:49:50,733 [RatisPipelineUtilsThread] INFO  pipeline.PipelineStateManager (PipelineStateManager.java:addPipeline(56)) - Created pipeline Pipeline[ Id: a5e02cf6-1ac0-4f1b-8628-f9849bc1c795, Nodes: cd11d2e1-8001-4504-aa56-1bbe2d1aee94{ip: 192.168.69.67, host: pr-hdds-2071-8rz7p-357833546, networkLocation: /default-rack, certSerialId: null}, Type:RATIS, Factor:ONE, State:OPEN]
2019-10-15 22:49:50,739 [grpc-default-executor-4] INFO  impl.RaftServerProxy (RaftServerProxy.java:addNew(89)) - 36062c4f-280d-4b0a-9450-edbb927c7915: addNew group-E721348FF008:[36062c4f-280d-4b0a-9450-edbb927c7915:192.168.69.67:34011] returns group-E721348FF008:java.util.concurrent.CompletableFuture@a855b84[Not completed]
2019-10-15 22:49:50,740 [pool-439-thread-1] INFO  impl.RaftServerImpl (RaftServerImpl.java:<init>(95)) - 36062c4f-280d-4b0a-9450-edbb927c7915: new RaftServerImpl for group-E721348FF008:[36062c4f-280d-4b0a-9450-edbb927c7915:192.168.69.67:34011] with ContainerStateMachine:uninitialized
2019-10-15 22:49:50,740 [pool-439-thread-1] INFO  server.RaftServerConfigKeys (ConfUtils.java:logGet(43)) - raft.server.rpc.timeout.min = 5s (custom)
2019-10-15 22:49:50,740 [pool-439-thread-1] INFO  server.RaftServerConfigKeys (ConfUtils.java:logGet(43)) - raft.server.rpc.timeout.max = 5200ms (custom)
2019-10-15 22:49:50,740 [pool-439-thread-1] INFO  server.RaftServerConfigKeys (ConfUtils.java:logGet(43)) - raft.server.rpcslowness.timeout = 120s (custom)
2019-10-15 22:49:50,740 [pool-439-thread-1] INFO  server.RaftServerConfigKeys (ConfUtils.java:logGet(43)) - raft.server.sleep.deviation.threshold = 300 (default)
2019-10-15 22:49:50,740 [pool-439-thread-1] INFO  server.RaftServerConfigKeys (ConfUtils.java:logGet(43)) - raft.server.log.appender.install.snapshot.enabled = false (custom)
2019-10-15 22:49:50,740 [pool-439-thread-1] INFO  impl.RaftServerImpl (ServerState.java:<init>(103)) - 36062c4f-280d-4b0a-9450-edbb927c7915@group-E721348FF008: ConfigurationManager, init=-1: [36062c4f-280d-4b0a-9450-edbb927c7915:192.168.69.67:34011], old=null, confs=<EMPTY_MAP>
2019-10-15 22:49:50,741 [pool-439-thread-1] INFO  server.RaftServerConfigKeys (ConfUtils.java:logGet(43)) - raft.server.storage.dir = [/workdir/hadoop-ozone/integration-test/target/test-dir/MiniOzoneClusterImpl-0d9b2814-d928-4fbd-a4f1-019e2ffc4b6f/datanode-3/data/ratis] (custom)
2019-10-15 22:49:50,741 [pool-439-thread-1] INFO  server.RaftServerConfigKeys (ConfUtils.java:logGet(43)) - raft.server.log.corruption.policy = EXCEPTION (default)
2019-10-15 22:49:50,741 [pool-439-thread-1] INFO  storage.RaftStorageDirectory (RaftStorageDirectory.java:analyzeStorage(246)) - The storage directory /workdir/hadoop-ozone/integration-test/target/test-dir/MiniOzoneClusterImpl-0d9b2814-d928-4fbd-a4f1-019e2ffc4b6f/datanode-3/data/ratis/df8d368c-9ed4-4e99-bc31-e721348ff008 does not exist. Creating ...
2019-10-15 22:49:50,755 [pool-439-thread-1] INFO  storage.RaftStorageDirectory (RaftStorageDirectory.java:tryLock(328)) - Lock on /workdir/hadoop-ozone/integration-test/target/test-dir/MiniOzoneClusterImpl-0d9b2814-d928-4fbd-a4f1-019e2ffc4b6f/datanode-3/data/ratis/df8d368c-9ed4-4e99-bc31-e721348ff008/in_use.lock acquired by nodename 13538@pr-hdds-2071-8rz7p-357833546
2019-10-15 22:49:50,767 [pool-439-thread-1] INFO  storage.RaftStorage (RaftStorage.java:format(84)) - Storage directory /workdir/hadoop-ozone/integration-test/target/test-dir/MiniOzoneClusterImpl-0d9b2814-d928-4fbd-a4f1-019e2ffc4b6f/datanode-3/data/ratis/df8d368c-9ed4-4e99-bc31-e721348ff008 has been successfully formatted.
2019-10-15 22:49:50,768 [pool-439-thread-1] INFO  ratis.ContainerStateMachine (ContainerStateMachine.java:loadSnapshot(231)) - group-E721348FF008: The snapshot info is null. Setting the last applied indexto:(t:0, i:~)
2019-10-15 22:49:50,768 [pool-439-thread-1] INFO  server.RaftServerConfigKeys (ConfUtils.java:logGet(43)) - raft.server.notification.no-leader.timeout = 120s (custom)
2019-10-15 22:49:50,768 [pool-439-thread-1] INFO  server.RaftServerConfigKeys (ConfUtils.java:logGet(43)) - raft.server.log.use.memory = false (default)
2019-10-15 22:49:50,768 [pool-439-thread-1] INFO  server.RaftServerConfigKeys (ConfUtils.java:logGet(43)) - raft.server.log.purge.gap = 1000000 (custom)
2019-10-15 22:49:50,768 [pool-439-thread-1] INFO  server.RaftServerConfigKeys (ConfUtils.java:logGet(43)) - raft.server.log.appender.buffer.byte-limit = 33554432 (custom)
2019-10-15 22:49:50,768 [pool-439-thread-1] INFO  server.RaftServerConfigKeys (ConfUtils.java:logGet(43)) - raft.server.log.segment.size.max = 1048576 (custom)
2019-10-15 22:49:50,769 [pool-439-thread-1] INFO  server.RaftServerConfigKeys (ConfUtils.java:logGet(43)) - raft.server.log.segment.cache.num.max = 2 (custom)
2019-10-15 22:49:50,769 [pool-439-thread-1] INFO  segmented.SegmentedRaftLogWorker (SegmentedRaftLogWorker.java:<init>(173)) - new 36062c4f-280d-4b0a-9450-edbb927c7915@group-E721348FF008-SegmentedRaftLogWorker for RaftStorage:Storage Directory /workdir/hadoop-ozone/integration-test/target/test-dir/MiniOzoneClusterImpl-0d9b2814-d928-4fbd-a4f1-019e2ffc4b6f/datanode-3/data/ratis/df8d368c-9ed4-4e99-bc31-e721348ff008
2019-10-15 22:49:50,769 [pool-439-thread-1] INFO  server.RaftServerConfigKeys (ConfUtils.java:logGet(43)) - raft.server.log.queue.byte-limit = 2147483647 (custom)
2019-10-15 22:49:50,769 [pool-439-thread-1] INFO  server.RaftServerConfigKeys (ConfUtils.java:logGet(43)) - raft.server.log.queue.element-limit = 1024 (custom)
2019-10-15 22:49:50,770 [pool-439-thread-1] INFO  server.RaftServerConfigKeys (ConfUtils.java:logGet(43)) - raft.server.log.segment.size.max = 1048576 (custom)
2019-10-15 22:49:50,770 [pool-439-thread-1] INFO  server.RaftServerConfigKeys (ConfUtils.java:logGet(43)) - raft.server.log.preallocated.size = 16384 (custom)
2019-10-15 22:49:50,770 [pool-439-thread-1] INFO  server.RaftServerConfigKeys (ConfUtils.java:logGet(43)) - raft.server.log.write.buffer.size = 33554432 (custom)
2019-10-15 22:49:50,770 [pool-439-thread-1] INFO  server.RaftServerConfigKeys (ConfUtils.java:logGet(43)) - raft.server.log.force.sync.num = 128 (default)
2019-10-15 22:49:50,770 [pool-439-thread-1] INFO  server.RaftServerConfigKeys (ConfUtils.java:logGet(43)) - raft.server.log.statemachine.data.sync = true (default)
2019-10-15 22:49:50,770 [pool-439-thread-1] INFO  server.RaftServerConfigKeys (ConfUtils.java:logGet(43)) - raft.server.log.statemachine.data.sync.timeout = 10s (default)
2019-10-15 22:49:50,770 [pool-439-thread-1] INFO  server.RaftServerConfigKeys (ConfUtils.java:logGet(43)) - raft.server.log.statemachine.data.sync.timeout.retry = -1 (default)
2019-10-15 22:49:50,770 [pool-439-thread-1] INFO  server.RaftServerConfigKeys (ConfUtils.java:logGet(43)) - raft.server.log.statemachine.data.caching.enabled = true (custom)
2019-10-15 22:49:50,770 [pool-439-thread-1] INFO  segmented.SegmentedRaftLogWorker (SegmentedRaftLogWorker.java:lambda$new$0(128)) - 36062c4f-280d-4b0a-9450-edbb927c7915@group-E721348FF008-SegmentedRaftLogWorker: flushIndex: setUnconditionally 0 -> -1
2019-10-15 22:49:50,771 [pool-439-thread-1] INFO  server.RaftServerConfigKeys (ConfUtils.java:logGet(43)) - raft.server.snapshot.auto.trigger.enabled = true (custom)
2019-10-15 22:49:50,771 [pool-439-thread-1] INFO  server.RaftServerConfigKeys (ConfUtils.java:logGet(43)) - raft.server.snapshot.auto.trigger.threshold = 10000 (custom)
2019-10-15 22:49:50,771 [pool-439-thread-1] INFO  server.RaftServerConfigKeys (ConfUtils.java:logGet(43)) - raft.server.snapshot.retention.file.num = 5 (custom)
2019-10-15 22:49:50,771 [pool-439-thread-1] INFO  server.RaftServerConfigKeys (ConfUtils.java:logGet(43)) - raft.server.retrycache.expirytime = 600000ms (custom)
2019-10-15 22:49:50,772 [pool-439-thread-1] INFO  impl.RaftServerImpl (RaftServerImpl.java:start(181)) - 36062c4f-280d-4b0a-9450-edbb927c7915@group-E721348FF008: start as a follower, conf=-1: [36062c4f-280d-4b0a-9450-edbb927c7915:192.168.69.67:34011], old=null
2019-10-15 22:49:50,772 [pool-439-thread-1] INFO  impl.RaftServerImpl (RaftServerImpl.java:setRole(170)) - 36062c4f-280d-4b0a-9450-edbb927c7915@group-E721348FF008: changes role from      null to FOLLOWER at term 0 for startAsFollower
2019-10-15 22:49:50,772 [pool-439-thread-1] INFO  impl.RoleInfo (RoleInfo.java:updateAndGet(143)) - 36062c4f-280d-4b0a-9450-edbb927c7915: start FollowerState
2019-10-15 22:49:50,772 [pool-439-thread-1] INFO  util.JmxRegister (JmxRegister.java:tryRegister(44)) - Successfully registered JMX Bean with object name Ratis:service=RaftServer,group=group-E721348FF008,id=36062c4f-280d-4b0a-9450-edbb927c7915
2019-10-15 22:49:50,775 [RatisPipelineUtilsThread] INFO  pipeline.PipelineStateManager (PipelineStateManager.java:addPipeline(56)) - Created pipeline Pipeline[ Id: df8d368c-9ed4-4e99-bc31-e721348ff008, Nodes: 36062c4f-280d-4b0a-9450-edbb927c7915{ip: 192.168.69.67, host: pr-hdds-2071-8rz7p-357833546, networkLocation: /default-rack, certSerialId: null}, Type:RATIS, Factor:ONE, State:OPEN]
2019-10-15 22:49:50,785 [grpc-default-executor-5] INFO  impl.RaftServerProxy (RaftServerProxy.java:addNew(89)) - d85b637b-10e8-42dc-95d2-be085c1066ae: addNew group-75F71BF599A6:[23981206-d98f-49bd-b34a-9ed813c0949a:192.168.69.67:32847, d85b637b-10e8-42dc-95d2-be085c1066ae:192.168.69.67:41017, cd11d2e1-8001-4504-aa56-1bbe2d1aee94:192.168.69.67:45850] returns group-75F71BF599A6:java.util.concurrent.CompletableFuture@549db1ba[Not completed]
2019-10-15 22:49:50,785 [grpc-default-executor-9] INFO  impl.RaftServerProxy (RaftServerProxy.java:addNew(89)) - 23981206-d98f-49bd-b34a-9ed813c0949a: addNew group-75F71BF599A6:[23981206-d98f-49bd-b34a-9ed813c0949a:192.168.69.67:32847, d85b637b-10e8-42dc-95d2-be085c1066ae:192.168.69.67:41017, cd11d2e1-8001-4504-aa56-1bbe2d1aee94:192.168.69.67:45850] returns group-75F71BF599A6:java.util.concurrent.CompletableFuture@7b8844ee[Not completed]
2019-10-15 22:49:50,785 [grpc-default-executor-4] INFO  impl.RaftServerProxy (RaftServerProxy.java:addNew(89)) - cd11d2e1-8001-4504-aa56-1bbe2d1aee94: addNew group-75F71BF599A6:[23981206-d98f-49bd-b34a-9ed813c0949a:192.168.69.67:32847, d85b637b-10e8-42dc-95d2-be085c1066ae:192.168.69.67:41017, cd11d2e1-8001-4504-aa56-1bbe2d1aee94:192.168.69.67:45850] returns group-75F71BF599A6:java.util.concurrent.CompletableFuture@520545a6[Not completed]
2019-10-15 22:49:50,787 [pool-449-thread-1] INFO  impl.RaftServerImpl (RaftServerImpl.java:<init>(95)) - 23981206-d98f-49bd-b34a-9ed813c0949a: new RaftServerImpl for group-75F71BF599A6:[23981206-d98f-49bd-b34a-9ed813c0949a:192.168.69.67:32847, d85b637b-10e8-42dc-95d2-be085c1066ae:192.168.69.67:41017, cd11d2e1-8001-4504-aa56-1bbe2d1aee94:192.168.69.67:45850] with ContainerStateMachine:uninitialized
2019-10-15 22:49:50,787 [pool-449-thread-1] INFO  server.RaftServerConfigKeys (ConfUtils.java:logGet(43)) - raft.server.rpc.timeout.min = 5s (custom)
2019-10-15 22:49:50,787 [pool-449-thread-1] INFO  server.RaftServerConfigKeys (ConfUtils.java:logGet(43)) - raft.server.rpc.timeout.max = 5200ms (custom)
2019-10-15 22:49:50,787 [pool-469-thread-1] INFO  impl.RaftServerImpl (RaftServerImpl.java:<init>(95)) - cd11d2e1-8001-4504-aa56-1bbe2d1aee94: new RaftServerImpl for group-75F71BF599A6:[23981206-d98f-49bd-b34a-9ed813c0949a:192.168.69.67:32847, d85b637b-10e8-42dc-95d2-be085c1066ae:192.168.69.67:41017, cd11d2e1-8001-4504-aa56-1bbe2d1aee94:192.168.69.67:45850] with ContainerStateMachine:uninitialized
2019-10-15 22:49:50,787 [pool-449-thread-1] INFO  server.RaftServerConfigKeys (ConfUtils.java:logGet(43)) - raft.server.rpcslowness.timeout = 120s (custom)
2019-10-15 22:49:50,787 [pool-469-thread-1] INFO  server.RaftServerConfigKeys (ConfUtils.java:logGet(43)) - raft.server.rpc.timeout.min = 5s (custom)
2019-10-15 22:49:50,787 [pool-449-thread-1] INFO  server.RaftServerConfigKeys (ConfUtils.java:logGet(43)) - raft.server.sleep.deviation.threshold = 300 (default)
2019-10-15 22:49:50,787 [pool-469-thread-1] INFO  server.RaftServerConfigKeys (ConfUtils.java:logGet(43)) - raft.server.rpc.timeout.max = 5200ms (custom)
2019-10-15 22:49:50,787 [pool-459-thread-1] INFO  impl.RaftServerImpl (RaftServerImpl.java:<init>(95)) - d85b637b-10e8-42dc-95d2-be085c1066ae: new RaftServerImpl for group-75F71BF599A6:[23981206-d98f-49bd-b34a-9ed813c0949a:192.168.69.67:32847, d85b637b-10e8-42dc-95d2-be085c1066ae:192.168.69.67:41017, cd11d2e1-8001-4504-aa56-1bbe2d1aee94:192.168.69.67:45850] with ContainerStateMachine:uninitialized
2019-10-15 22:49:50,787 [pool-469-thread-1] INFO  server.RaftServerConfigKeys (ConfUtils.java:logGet(43)) - raft.server.rpcslowness.timeout = 120s (custom)
2019-10-15 22:49:50,787 [pool-449-thread-1] INFO  server.RaftServerConfigKeys (ConfUtils.java:logGet(43)) - raft.server.log.appender.install.snapshot.enabled = false (custom)
2019-10-15 22:49:50,787 [pool-469-thread-1] INFO  server.RaftServerConfigKeys (ConfUtils.java:logGet(43)) - raft.server.sleep.deviation.threshold = 300 (default)
2019-10-15 22:49:50,787 [pool-459-thread-1] INFO  server.RaftServerConfigKeys (ConfUtils.java:logGet(43)) - raft.server.rpc.timeout.min = 5s (custom)
2019-10-15 22:49:50,788 [pool-449-thread-1] INFO  impl.RaftServerImpl (ServerState.java:<init>(103)) - 23981206-d98f-49bd-b34a-9ed813c0949a@group-75F71BF599A6: ConfigurationManager, init=-1: [23981206-d98f-49bd-b34a-9ed813c0949a:192.168.69.67:32847, d85b637b-10e8-42dc-95d2-be085c1066ae:192.168.69.67:41017, cd11d2e1-8001-4504-aa56-1bbe2d1aee94:192.168.69.67:45850], old=null, confs=<EMPTY_MAP>
2019-10-15 22:49:50,788 [pool-469-thread-1] INFO  server.RaftServerConfigKeys (ConfUtils.java:logGet(43)) - raft.server.log.appender.install.snapshot.enabled = false (custom)
2019-10-15 22:49:50,788 [pool-459-thread-1] INFO  server.RaftServerConfigKeys (ConfUtils.java:logGet(43)) - raft.server.rpc.timeout.max = 5200ms (custom)
2019-10-15 22:49:50,788 [pool-469-thread-1] INFO  impl.RaftServerImpl (ServerState.java:<init>(103)) - cd11d2e1-8001-4504-aa56-1bbe2d1aee94@group-75F71BF599A6: ConfigurationManager, init=-1: [23981206-d98f-49bd-b34a-9ed813c0949a:192.168.69.67:32847, d85b637b-10e8-42dc-95d2-be085c1066ae:192.168.69.67:41017, cd11d2e1-8001-4504-aa56-1bbe2d1aee94:192.168.69.67:45850], old=null, confs=<EMPTY_MAP>
2019-10-15 22:49:50,788 [pool-449-thread-1] INFO  server.RaftServerConfigKeys (ConfUtils.java:logGet(43)) - raft.server.storage.dir = [/workdir/hadoop-ozone/integration-test/target/test-dir/MiniOzoneClusterImpl-0d9b2814-d928-4fbd-a4f1-019e2ffc4b6f/datanode-4/data/ratis] (custom)
2019-10-15 22:49:50,788 [pool-469-thread-1] INFO  server.RaftServerConfigKeys (ConfUtils.java:logGet(43)) - raft.server.storage.dir = [/workdir/hadoop-ozone/integration-test/target/test-dir/MiniOzoneClusterImpl-0d9b2814-d928-4fbd-a4f1-019e2ffc4b6f/datanode-6/data/ratis] (custom)
2019-10-15 22:49:50,788 [pool-459-thread-1] INFO  server.RaftServerConfigKeys (ConfUtils.java:logGet(43)) - raft.server.rpcslowness.timeout = 120s (custom)
2019-10-15 22:49:50,788 [pool-459-thread-1] INFO  server.RaftServerConfigKeys (ConfUtils.java:logGet(43)) - raft.server.sleep.deviation.threshold = 300 (default)
2019-10-15 22:49:50,788 [pool-449-thread-1] INFO  server.RaftServerConfigKeys (ConfUtils.java:logGet(43)) - raft.server.log.corruption.policy = EXCEPTION (default)
2019-10-15 22:49:50,788 [pool-469-thread-1] INFO  server.RaftServerConfigKeys (ConfUtils.java:logGet(43)) - raft.server.log.corruption.policy = EXCEPTION (default)
2019-10-15 22:49:50,788 [pool-459-thread-1] INFO  server.RaftServerConfigKeys (ConfUtils.java:logGet(43)) - raft.server.log.appender.install.snapshot.enabled = false (custom)
2019-10-15 22:49:50,788 [pool-469-thread-1] INFO  storage.RaftStorageDirectory (RaftStorageDirectory.java:analyzeStorage(246)) - The storage directory /workdir/hadoop-ozone/integration-test/target/test-dir/MiniOzoneClusterImpl-0d9b2814-d928-4fbd-a4f1-019e2ffc4b6f/datanode-6/data/ratis/08032b27-6f20-486a-89d2-75f71bf599a6 does not exist. Creating ...
2019-10-15 22:49:50,789 [pool-459-thread-1] INFO  impl.RaftServerImpl (ServerState.java:<init>(103)) - d85b637b-10e8-42dc-95d2-be085c1066ae@group-75F71BF599A6: ConfigurationManager, init=-1: [23981206-d98f-49bd-b34a-9ed813c0949a:192.168.69.67:32847, d85b637b-10e8-42dc-95d2-be085c1066ae:192.168.69.67:41017, cd11d2e1-8001-4504-aa56-1bbe2d1aee94:192.168.69.67:45850], old=null, confs=<EMPTY_MAP>
2019-10-15 22:49:50,788 [pool-449-thread-1] INFO  storage.RaftStorageDirectory (RaftStorageDirectory.java:analyzeStorage(246)) - The storage directory /workdir/hadoop-ozone/integration-test/target/test-dir/MiniOzoneClusterImpl-0d9b2814-d928-4fbd-a4f1-019e2ffc4b6f/datanode-4/data/ratis/08032b27-6f20-486a-89d2-75f71bf599a6 does not exist. Creating ...
2019-10-15 22:49:50,789 [pool-459-thread-1] INFO  server.RaftServerConfigKeys (ConfUtils.java:logGet(43)) - raft.server.storage.dir = [/workdir/hadoop-ozone/integration-test/target/test-dir/MiniOzoneClusterImpl-0d9b2814-d928-4fbd-a4f1-019e2ffc4b6f/datanode-5/data/ratis] (custom)
2019-10-15 22:49:50,789 [pool-459-thread-1] INFO  server.RaftServerConfigKeys (ConfUtils.java:logGet(43)) - raft.server.log.corruption.policy = EXCEPTION (default)
2019-10-15 22:49:50,789 [pool-459-thread-1] INFO  storage.RaftStorageDirectory (RaftStorageDirectory.java:analyzeStorage(246)) - The storage directory /workdir/hadoop-ozone/integration-test/target/test-dir/MiniOzoneClusterImpl-0d9b2814-d928-4fbd-a4f1-019e2ffc4b6f/datanode-5/data/ratis/08032b27-6f20-486a-89d2-75f71bf599a6 does not exist. Creating ...
2019-10-15 22:49:50,795 [pool-449-thread-1] INFO  storage.RaftStorageDirectory (RaftStorageDirectory.java:tryLock(328)) - Lock on /workdir/hadoop-ozone/integration-test/target/test-dir/MiniOzoneClusterImpl-0d9b2814-d928-4fbd-a4f1-019e2ffc4b6f/datanode-4/data/ratis/08032b27-6f20-486a-89d2-75f71bf599a6/in_use.lock acquired by nodename 13538@pr-hdds-2071-8rz7p-357833546
2019-10-15 22:49:50,795 [pool-469-thread-1] INFO  storage.RaftStorageDirectory (RaftStorageDirectory.java:tryLock(328)) - Lock on /workdir/hadoop-ozone/integration-test/target/test-dir/MiniOzoneClusterImpl-0d9b2814-d928-4fbd-a4f1-019e2ffc4b6f/datanode-6/data/ratis/08032b27-6f20-486a-89d2-75f71bf599a6/in_use.lock acquired by nodename 13538@pr-hdds-2071-8rz7p-357833546
2019-10-15 22:49:50,795 [pool-459-thread-1] INFO  storage.RaftStorageDirectory (RaftStorageDirectory.java:tryLock(328)) - Lock on /workdir/hadoop-ozone/integration-test/target/test-dir/MiniOzoneClusterImpl-0d9b2814-d928-4fbd-a4f1-019e2ffc4b6f/datanode-5/data/ratis/08032b27-6f20-486a-89d2-75f71bf599a6/in_use.lock acquired by nodename 13538@pr-hdds-2071-8rz7p-357833546
2019-10-15 22:49:50,801 [pool-449-thread-1] INFO  storage.RaftStorage (RaftStorage.java:format(84)) - Storage directory /workdir/hadoop-ozone/integration-test/target/test-dir/MiniOzoneClusterImpl-0d9b2814-d928-4fbd-a4f1-019e2ffc4b6f/datanode-4/data/ratis/08032b27-6f20-486a-89d2-75f71bf599a6 has been successfully formatted.
2019-10-15 22:49:50,801 [pool-469-thread-1] INFO  storage.RaftStorage (RaftStorage.java:format(84)) - Storage directory /workdir/hadoop-ozone/integration-test/target/test-dir/MiniOzoneClusterImpl-0d9b2814-d928-4fbd-a4f1-019e2ffc4b6f/datanode-6/data/ratis/08032b27-6f20-486a-89d2-75f71bf599a6 has been successfully formatted.
2019-10-15 22:49:50,801 [pool-459-thread-1] INFO  storage.RaftStorage (RaftStorage.java:format(84)) - Storage directory /workdir/hadoop-ozone/integration-test/target/test-dir/MiniOzoneClusterImpl-0d9b2814-d928-4fbd-a4f1-019e2ffc4b6f/datanode-5/data/ratis/08032b27-6f20-486a-89d2-75f71bf599a6 has been successfully formatted.
2019-10-15 22:49:50,801 [pool-469-thread-1] INFO  ratis.ContainerStateMachine (ContainerStateMachine.java:loadSnapshot(231)) - group-75F71BF599A6: The snapshot info is null. Setting the last applied indexto:(t:0, i:~)
2019-10-15 22:49:50,801 [pool-449-thread-1] INFO  ratis.ContainerStateMachine (ContainerStateMachine.java:loadSnapshot(231)) - group-75F71BF599A6: The snapshot info is null. Setting the last applied indexto:(t:0, i:~)
2019-10-15 22:49:50,802 [pool-469-thread-1] INFO  server.RaftServerConfigKeys (ConfUtils.java:logGet(43)) - raft.server.notification.no-leader.timeout = 120s (custom)
2019-10-15 22:49:50,802 [pool-459-thread-1] INFO  ratis.ContainerStateMachine (ContainerStateMachine.java:loadSnapshot(231)) - group-75F71BF599A6: The snapshot info is null. Setting the last applied indexto:(t:0, i:~)
2019-10-15 22:49:50,802 [pool-469-thread-1] INFO  server.RaftServerConfigKeys (ConfUtils.java:logGet(43)) - raft.server.log.use.memory = false (default)
2019-10-15 22:49:50,802 [pool-449-thread-1] INFO  server.RaftServerConfigKeys (ConfUtils.java:logGet(43)) - raft.server.notification.no-leader.timeout = 120s (custom)
2019-10-15 22:49:50,802 [pool-469-thread-1] INFO  server.RaftServerConfigKeys (ConfUtils.java:logGet(43)) - raft.server.log.purge.gap = 1000000 (custom)
2019-10-15 22:49:50,802 [pool-459-thread-1] INFO  server.RaftServerConfigKeys (ConfUtils.java:logGet(43)) - raft.server.notification.no-leader.timeout = 120s (custom)
2019-10-15 22:49:50,802 [pool-469-thread-1] INFO  server.RaftServerConfigKeys (ConfUtils.java:logGet(43)) - raft.server.log.appender.buffer.byte-limit = 33554432 (custom)
2019-10-15 22:49:50,802 [pool-449-thread-1] INFO  server.RaftServerConfigKeys (ConfUtils.java:logGet(43)) - raft.server.log.use.memory = false (default)
2019-10-15 22:49:50,802 [pool-469-thread-1] INFO  server.RaftServerConfigKeys (ConfUtils.java:logGet(43)) - raft.server.log.segment.size.max = 1048576 (custom)
2019-10-15 22:49:50,802 [pool-459-thread-1] INFO  server.RaftServerConfigKeys (ConfUtils.java:logGet(43)) - raft.server.log.use.memory = false (default)
2019-10-15 22:49:50,802 [pool-469-thread-1] INFO  server.RaftServerConfigKeys (ConfUtils.java:logGet(43)) - raft.server.log.segment.cache.num.max = 2 (custom)
2019-10-15 22:49:50,802 [pool-449-thread-1] INFO  server.RaftServerConfigKeys (ConfUtils.java:logGet(43)) - raft.server.log.purge.gap = 1000000 (custom)
2019-10-15 22:49:50,802 [pool-469-thread-1] INFO  segmented.SegmentedRaftLogWorker (SegmentedRaftLogWorker.java:<init>(173)) - new cd11d2e1-8001-4504-aa56-1bbe2d1aee94@group-75F71BF599A6-SegmentedRaftLogWorker for RaftStorage:Storage Directory /workdir/hadoop-ozone/integration-test/target/test-dir/MiniOzoneClusterImpl-0d9b2814-d928-4fbd-a4f1-019e2ffc4b6f/datanode-6/data/ratis/08032b27-6f20-486a-89d2-75f71bf599a6
2019-10-15 22:49:50,802 [pool-459-thread-1] INFO  server.RaftServerConfigKeys (ConfUtils.java:logGet(43)) - raft.server.log.purge.gap = 1000000 (custom)
2019-10-15 22:49:50,803 [pool-469-thread-1] INFO  server.RaftServerConfigKeys (ConfUtils.java:logGet(43)) - raft.server.log.queue.byte-limit = 2147483647 (custom)
2019-10-15 22:49:50,803 [pool-449-thread-1] INFO  server.RaftServerConfigKeys (ConfUtils.java:logGet(43)) - raft.server.log.appender.buffer.byte-limit = 33554432 (custom)
2019-10-15 22:49:50,803 [pool-469-thread-1] INFO  server.RaftServerConfigKeys (ConfUtils.java:logGet(43)) - raft.server.log.queue.element-limit = 1024 (custom)
2019-10-15 22:49:50,803 [pool-459-thread-1] INFO  server.RaftServerConfigKeys (ConfUtils.java:logGet(43)) - raft.server.log.appender.buffer.byte-limit = 33554432 (custom)
2019-10-15 22:49:50,803 [pool-469-thread-1] INFO  server.RaftServerConfigKeys (ConfUtils.java:logGet(43)) - raft.server.log.segment.size.max = 1048576 (custom)
2019-10-15 22:49:50,803 [pool-449-thread-1] INFO  server.RaftServerConfigKeys (ConfUtils.java:logGet(43)) - raft.server.log.segment.size.max = 1048576 (custom)
2019-10-15 22:49:50,803 [pool-469-thread-1] INFO  server.RaftServerConfigKeys (ConfUtils.java:logGet(43)) - raft.server.log.preallocated.size = 16384 (custom)
2019-10-15 22:49:50,803 [pool-459-thread-1] INFO  server.RaftServerConfigKeys (ConfUtils.java:logGet(43)) - raft.server.log.segment.size.max = 1048576 (custom)
2019-10-15 22:49:50,803 [pool-469-thread-1] INFO  server.RaftServerConfigKeys (ConfUtils.java:logGet(43)) - raft.server.log.write.buffer.size = 33554432 (custom)
2019-10-15 22:49:50,803 [pool-449-thread-1] INFO  server.RaftServerConfigKeys (ConfUtils.java:logGet(43)) - raft.server.log.segment.cache.num.max = 2 (custom)
2019-10-15 22:49:50,803 [pool-469-thread-1] INFO  server.RaftServerConfigKeys (ConfUtils.java:logGet(43)) - raft.server.log.force.sync.num = 128 (default)
2019-10-15 22:49:50,803 [pool-459-thread-1] INFO  server.RaftServerConfigKeys (ConfUtils.java:logGet(43)) - raft.server.log.segment.cache.num.max = 2 (custom)
2019-10-15 22:49:50,804 [pool-469-thread-1] INFO  server.RaftServerConfigKeys (ConfUtils.java:logGet(43)) - raft.server.log.statemachine.data.sync = true (default)
2019-10-15 22:49:50,804 [pool-449-thread-1] INFO  segmented.SegmentedRaftLogWorker (SegmentedRaftLogWorker.java:<init>(173)) - new 23981206-d98f-49bd-b34a-9ed813c0949a@group-75F71BF599A6-SegmentedRaftLogWorker for RaftStorage:Storage Directory /workdir/hadoop-ozone/integration-test/target/test-dir/MiniOzoneClusterImpl-0d9b2814-d928-4fbd-a4f1-019e2ffc4b6f/datanode-4/data/ratis/08032b27-6f20-486a-89d2-75f71bf599a6
2019-10-15 22:49:50,804 [pool-469-thread-1] INFO  server.RaftServerConfigKeys (ConfUtils.java:logGet(43)) - raft.server.log.statemachine.data.sync.timeout = 10s (default)
2019-10-15 22:49:50,804 [pool-459-thread-1] INFO  segmented.SegmentedRaftLogWorker (SegmentedRaftLogWorker.java:<init>(173)) - new d85b637b-10e8-42dc-95d2-be085c1066ae@group-75F71BF599A6-SegmentedRaftLogWorker for RaftStorage:Storage Directory /workdir/hadoop-ozone/integration-test/target/test-dir/MiniOzoneClusterImpl-0d9b2814-d928-4fbd-a4f1-019e2ffc4b6f/datanode-5/data/ratis/08032b27-6f20-486a-89d2-75f71bf599a6
2019-10-15 22:49:50,804 [pool-469-thread-1] INFO  server.RaftServerConfigKeys (ConfUtils.java:logGet(43)) - raft.server.log.statemachine.data.sync.timeout.retry = -1 (default)
2019-10-15 22:49:50,804 [pool-449-thread-1] INFO  server.RaftServerConfigKeys (ConfUtils.java:logGet(43)) - raft.server.log.queue.byte-limit = 2147483647 (custom)
2019-10-15 22:49:50,804 [pool-469-thread-1] INFO  server.RaftServerConfigKeys (ConfUtils.java:logGet(43)) - raft.server.log.statemachine.data.caching.enabled = true (custom)
2019-10-15 22:49:50,804 [pool-459-thread-1] INFO  server.RaftServerConfigKeys (ConfUtils.java:logGet(43)) - raft.server.log.queue.byte-limit = 2147483647 (custom)
2019-10-15 22:49:50,804 [pool-449-thread-1] INFO  server.RaftServerConfigKeys (ConfUtils.java:logGet(43)) - raft.server.log.queue.element-limit = 1024 (custom)
2019-10-15 22:49:50,804 [pool-469-thread-1] INFO  segmented.SegmentedRaftLogWorker (SegmentedRaftLogWorker.java:lambda$new$0(128)) - cd11d2e1-8001-4504-aa56-1bbe2d1aee94@group-75F71BF599A6-SegmentedRaftLogWorker: flushIndex: setUnconditionally 0 -> -1
2019-10-15 22:49:50,804 [pool-459-thread-1] INFO  server.RaftServerConfigKeys (ConfUtils.java:logGet(43)) - raft.server.log.queue.element-limit = 1024 (custom)
2019-10-15 22:49:50,804 [pool-449-thread-1] INFO  server.RaftServerConfigKeys (ConfUtils.java:logGet(43)) - raft.server.log.segment.size.max = 1048576 (custom)
2019-10-15 22:49:50,805 [pool-459-thread-1] INFO  server.RaftServerConfigKeys (ConfUtils.java:logGet(43)) - raft.server.log.segment.size.max = 1048576 (custom)
2019-10-15 22:49:50,805 [pool-469-thread-1] INFO  server.RaftServerConfigKeys (ConfUtils.java:logGet(43)) - raft.server.snapshot.auto.trigger.enabled = true (custom)
2019-10-15 22:49:50,805 [pool-459-thread-1] INFO  server.RaftServerConfigKeys (ConfUtils.java:logGet(43)) - raft.server.log.preallocated.size = 16384 (custom)
2019-10-15 22:49:50,805 [pool-449-thread-1] INFO  server.RaftServerConfigKeys (ConfUtils.java:logGet(43)) - raft.server.log.preallocated.size = 16384 (custom)
2019-10-15 22:49:50,805 [pool-459-thread-1] INFO  server.RaftServerConfigKeys (ConfUtils.java:logGet(43)) - raft.server.log.write.buffer.size = 33554432 (custom)
2019-10-15 22:49:50,805 [pool-469-thread-1] INFO  server.RaftServerConfigKeys (ConfUtils.java:logGet(43)) - raft.server.snapshot.auto.trigger.threshold = 10000 (custom)
2019-10-15 22:49:50,805 [pool-459-thread-1] INFO  server.RaftServerConfigKeys (ConfUtils.java:logGet(43)) - raft.server.log.force.sync.num = 128 (default)
2019-10-15 22:49:50,805 [pool-449-thread-1] INFO  server.RaftServerConfigKeys (ConfUtils.java:logGet(43)) - raft.server.log.write.buffer.size = 33554432 (custom)
2019-10-15 22:49:50,805 [pool-459-thread-1] INFO  server.RaftServerConfigKeys (ConfUtils.java:logGet(43)) - raft.server.log.statemachine.data.sync = true (default)
2019-10-15 22:49:50,805 [pool-469-thread-1] INFO  server.RaftServerConfigKeys (ConfUtils.java:logGet(43)) - raft.server.snapshot.retention.file.num = 5 (custom)
2019-10-15 22:49:50,805 [pool-459-thread-1] INFO  server.RaftServerConfigKeys (ConfUtils.java:logGet(43)) - raft.server.log.statemachine.data.sync.timeout = 10s (default)
2019-10-15 22:49:50,805 [pool-449-thread-1] INFO  server.RaftServerConfigKeys (ConfUtils.java:logGet(43)) - raft.server.log.force.sync.num = 128 (default)
2019-10-15 22:49:50,805 [pool-459-thread-1] INFO  server.RaftServerConfigKeys (ConfUtils.java:logGet(43)) - raft.server.log.statemachine.data.sync.timeout.retry = -1 (default)
2019-10-15 22:49:50,805 [pool-469-thread-1] INFO  server.RaftServerConfigKeys (ConfUtils.java:logGet(43)) - raft.server.retrycache.expirytime = 600000ms (custom)
2019-10-15 22:49:50,806 [pool-459-thread-1] INFO  server.RaftServerConfigKeys (ConfUtils.java:logGet(43)) - raft.server.log.statemachine.data.caching.enabled = true (custom)
2019-10-15 22:49:50,806 [pool-449-thread-1] INFO  server.RaftServerConfigKeys (ConfUtils.java:logGet(43)) - raft.server.log.statemachine.data.sync = true (default)
2019-10-15 22:49:50,806 [pool-449-thread-1] INFO  server.RaftServerConfigKeys (ConfUtils.java:logGet(43)) - raft.server.log.statemachine.data.sync.timeout = 10s (default)
2019-10-15 22:49:50,806 [pool-459-thread-1] INFO  segmented.SegmentedRaftLogWorker (SegmentedRaftLogWorker.java:lambda$new$0(128)) - d85b637b-10e8-42dc-95d2-be085c1066ae@group-75F71BF599A6-SegmentedRaftLogWorker: flushIndex: setUnconditionally 0 -> -1
2019-10-15 22:49:50,806 [pool-449-thread-1] INFO  server.RaftServerConfigKeys (ConfUtils.java:logGet(43)) - raft.server.log.statemachine.data.sync.timeout.retry = -1 (default)
2019-10-15 22:49:50,806 [pool-459-thread-1] INFO  server.RaftServerConfigKeys (ConfUtils.java:logGet(43)) - raft.server.snapshot.auto.trigger.enabled = true (custom)
2019-10-15 22:49:50,806 [pool-449-thread-1] INFO  server.RaftServerConfigKeys (ConfUtils.java:logGet(43)) - raft.server.log.statemachine.data.caching.enabled = true (custom)
2019-10-15 22:49:50,806 [pool-459-thread-1] INFO  server.RaftServerConfigKeys (ConfUtils.java:logGet(43)) - raft.server.snapshot.auto.trigger.threshold = 10000 (custom)
2019-10-15 22:49:50,806 [pool-459-thread-1] INFO  server.RaftServerConfigKeys (ConfUtils.java:logGet(43)) - raft.server.snapshot.retention.file.num = 5 (custom)
2019-10-15 22:49:50,807 [pool-449-thread-1] INFO  segmented.SegmentedRaftLogWorker (SegmentedRaftLogWorker.java:lambda$new$0(128)) - 23981206-d98f-49bd-b34a-9ed813c0949a@group-75F71BF599A6-SegmentedRaftLogWorker: flushIndex: setUnconditionally 0 -> -1
2019-10-15 22:49:50,807 [pool-459-thread-1] INFO  server.RaftServerConfigKeys (ConfUtils.java:logGet(43)) - raft.server.retrycache.expirytime = 600000ms (custom)
2019-10-15 22:49:50,807 [pool-469-thread-1] INFO  impl.RaftServerImpl (RaftServerImpl.java:start(181)) - cd11d2e1-8001-4504-aa56-1bbe2d1aee94@group-75F71BF599A6: start as a follower, conf=-1: [23981206-d98f-49bd-b34a-9ed813c0949a:192.168.69.67:32847, d85b637b-10e8-42dc-95d2-be085c1066ae:192.168.69.67:41017, cd11d2e1-8001-4504-aa56-1bbe2d1aee94:192.168.69.67:45850], old=null
2019-10-15 22:49:50,807 [pool-449-thread-1] INFO  server.RaftServerConfigKeys (ConfUtils.java:logGet(43)) - raft.server.snapshot.auto.trigger.enabled = true (custom)
2019-10-15 22:49:50,807 [pool-469-thread-1] INFO  impl.RaftServerImpl (RaftServerImpl.java:setRole(170)) - cd11d2e1-8001-4504-aa56-1bbe2d1aee94@group-75F71BF599A6: changes role from      null to FOLLOWER at term 0 for startAsFollower
2019-10-15 22:49:50,807 [pool-449-thread-1] INFO  server.RaftServerConfigKeys (ConfUtils.java:logGet(43)) - raft.server.snapshot.auto.trigger.threshold = 10000 (custom)
2019-10-15 22:49:50,807 [pool-469-thread-1] INFO  impl.RoleInfo (RoleInfo.java:updateAndGet(143)) - cd11d2e1-8001-4504-aa56-1bbe2d1aee94: start FollowerState
2019-10-15 22:49:50,807 [pool-449-thread-1] INFO  server.RaftServerConfigKeys (ConfUtils.java:logGet(43)) - raft.server.snapshot.retention.file.num = 5 (custom)
2019-10-15 22:49:50,807 [pool-469-thread-1] INFO  util.JmxRegister (JmxRegister.java:tryRegister(44)) - Successfully registered JMX Bean with object name Ratis:service=RaftServer,group=group-75F71BF599A6,id=cd11d2e1-8001-4504-aa56-1bbe2d1aee94
2019-10-15 22:49:50,807 [pool-449-thread-1] INFO  server.RaftServerConfigKeys (ConfUtils.java:logGet(43)) - raft.server.retrycache.expirytime = 600000ms (custom)
2019-10-15 22:49:50,808 [pool-459-thread-1] INFO  impl.RaftServerImpl (RaftServerImpl.java:start(181)) - d85b637b-10e8-42dc-95d2-be085c1066ae@group-75F71BF599A6: start as a follower, conf=-1: [23981206-d98f-49bd-b34a-9ed813c0949a:192.168.69.67:32847, d85b637b-10e8-42dc-95d2-be085c1066ae:192.168.69.67:41017, cd11d2e1-8001-4504-aa56-1bbe2d1aee94:192.168.69.67:45850], old=null
2019-10-15 22:49:50,808 [pool-459-thread-1] INFO  impl.RaftServerImpl (RaftServerImpl.java:setRole(170)) - d85b637b-10e8-42dc-95d2-be085c1066ae@group-75F71BF599A6: changes role from      null to FOLLOWER at term 0 for startAsFollower
2019-10-15 22:49:50,808 [pool-459-thread-1] INFO  impl.RoleInfo (RoleInfo.java:updateAndGet(143)) - d85b637b-10e8-42dc-95d2-be085c1066ae: start FollowerState
2019-10-15 22:49:50,808 [pool-459-thread-1] INFO  util.JmxRegister (JmxRegister.java:tryRegister(44)) - Successfully registered JMX Bean with object name Ratis:service=RaftServer,group=group-75F71BF599A6,id=d85b637b-10e8-42dc-95d2-be085c1066ae
2019-10-15 22:49:50,810 [pool-449-thread-1] INFO  impl.RaftServerImpl (RaftServerImpl.java:start(181)) - 23981206-d98f-49bd-b34a-9ed813c0949a@group-75F71BF599A6: start as a follower, conf=-1: [23981206-d98f-49bd-b34a-9ed813c0949a:192.168.69.67:32847, d85b637b-10e8-42dc-95d2-be085c1066ae:192.168.69.67:41017, cd11d2e1-8001-4504-aa56-1bbe2d1aee94:192.168.69.67:45850], old=null
2019-10-15 22:49:50,810 [pool-449-thread-1] INFO  impl.RaftServerImpl (RaftServerImpl.java:setRole(170)) - 23981206-d98f-49bd-b34a-9ed813c0949a@group-75F71BF599A6: changes role from      null to FOLLOWER at term 0 for startAsFollower
2019-10-15 22:49:50,810 [pool-449-thread-1] INFO  impl.RoleInfo (RoleInfo.java:updateAndGet(143)) - 23981206-d98f-49bd-b34a-9ed813c0949a: start FollowerState
2019-10-15 22:49:50,810 [pool-449-thread-1] INFO  util.JmxRegister (JmxRegister.java:tryRegister(44)) - Successfully registered JMX Bean with object name Ratis:service=RaftServer,group=group-75F71BF599A6,id=23981206-d98f-49bd-b34a-9ed813c0949a
2019-10-15 22:49:50,813 [RatisPipelineUtilsThread] INFO  pipeline.PipelineStateManager (PipelineStateManager.java:addPipeline(56)) - Created pipeline Pipeline[ Id: 08032b27-6f20-486a-89d2-75f71bf599a6, Nodes: d85b637b-10e8-42dc-95d2-be085c1066ae{ip: 192.168.69.67, host: pr-hdds-2071-8rz7p-357833546, networkLocation: /default-rack, certSerialId: null}cd11d2e1-8001-4504-aa56-1bbe2d1aee94{ip: 192.168.69.67, host: pr-hdds-2071-8rz7p-357833546, networkLocation: /default-rack, certSerialId: null}23981206-d98f-49bd-b34a-9ed813c0949a{ip: 192.168.69.67, host: pr-hdds-2071-8rz7p-357833546, networkLocation: /default-rack, certSerialId: null}, Type:RATIS, Factor:THREE, State:OPEN]
2019-10-15 22:49:53,213 [Thread-3052] INFO  container.ReplicationManager (ReplicationManager.java:start(162)) - Starting Replication Monitor Thread.
2019-10-15 22:49:53,216 [ReplicationMonitor] INFO  container.ReplicationManager (ReplicationManager.java:run(225)) - Replication Monitor Thread took 0 milliseconds for processing 1 containers.
2019-10-15 22:49:55,372 [Thread-3057] INFO  impl.FollowerState (FollowerState.java:run(108)) - fa254a61-b2f8-4688-8f31-8c719d7080b4@group-8C0473AEC5DF-FollowerState: change to CANDIDATE, lastRpcTime:5057ms, electionTimeout:5057ms
2019-10-15 22:49:55,373 [Thread-3057] INFO  impl.RoleInfo (RoleInfo.java:shutdownFollowerState(121)) - fa254a61-b2f8-4688-8f31-8c719d7080b4: shutdown FollowerState
2019-10-15 22:49:55,373 [Thread-3057] INFO  impl.RaftServerImpl (RaftServerImpl.java:setRole(170)) - fa254a61-b2f8-4688-8f31-8c719d7080b4@group-8C0473AEC5DF: changes role from  FOLLOWER to CANDIDATE at term 0 for changeToCandidate
2019-10-15 22:49:55,373 [Thread-3057] INFO  impl.RoleInfo (RoleInfo.java:updateAndGet(143)) - fa254a61-b2f8-4688-8f31-8c719d7080b4: start LeaderElection
2019-10-15 22:49:55,384 [Thread-3054] INFO  impl.FollowerState (FollowerState.java:run(108)) - 483636e5-9a11-4bb0-8530-e11a4b7d6bf1@group-CEF704BBD4CD-FollowerState: change to CANDIDATE, lastRpcTime:5112ms, electionTimeout:5112ms
2019-10-15 22:49:55,384 [Thread-3054] INFO  impl.RoleInfo (RoleInfo.java:shutdownFollowerState(121)) - 483636e5-9a11-4bb0-8530-e11a4b7d6bf1: shutdown FollowerState
2019-10-15 22:49:55,384 [Thread-3054] INFO  impl.RaftServerImpl (RaftServerImpl.java:setRole(170)) - 483636e5-9a11-4bb0-8530-e11a4b7d6bf1@group-CEF704BBD4CD: changes role from  FOLLOWER to CANDIDATE at term 0 for changeToCandidate
2019-10-15 22:49:55,384 [Thread-3054] INFO  impl.RoleInfo (RoleInfo.java:updateAndGet(143)) - 483636e5-9a11-4bb0-8530-e11a4b7d6bf1: start LeaderElection
2019-10-15 22:49:55,393 [fa254a61-b2f8-4688-8f31-8c719d7080b4@group-8C0473AEC5DF-LeaderElection64] INFO  impl.LeaderElection (LeaderElection.java:askForVotes(178)) - fa254a61-b2f8-4688-8f31-8c719d7080b4@group-8C0473AEC5DF-LeaderElection64: begin an election at term 1 for -1: [fa254a61-b2f8-4688-8f31-8c719d7080b4:192.168.69.67:42698], old=null
2019-10-15 22:49:55,393 [fa254a61-b2f8-4688-8f31-8c719d7080b4@group-8C0473AEC5DF-LeaderElection64] INFO  impl.RoleInfo (RoleInfo.java:shutdownLeaderElection(134)) - fa254a61-b2f8-4688-8f31-8c719d7080b4: shutdown LeaderElection
2019-10-15 22:49:55,393 [fa254a61-b2f8-4688-8f31-8c719d7080b4@group-8C0473AEC5DF-LeaderElection64] INFO  impl.RaftServerImpl (RaftServerImpl.java:setRole(170)) - fa254a61-b2f8-4688-8f31-8c719d7080b4@group-8C0473AEC5DF: changes role from CANDIDATE to LEADER at term 1 for changeToLeader
2019-10-15 22:49:55,393 [fa254a61-b2f8-4688-8f31-8c719d7080b4@group-8C0473AEC5DF-LeaderElection64] INFO  impl.RaftServerImpl (ServerState.java:setLeader(255)) - fa254a61-b2f8-4688-8f31-8c719d7080b4@group-8C0473AEC5DF: change Leader from null to fa254a61-b2f8-4688-8f31-8c719d7080b4 at term 1 for becomeLeader, leader elected after 5083ms
2019-10-15 22:49:55,393 [fa254a61-b2f8-4688-8f31-8c719d7080b4@group-8C0473AEC5DF-LeaderElection64] INFO  server.RaftServerConfigKeys (ConfUtils.java:logGet(43)) - raft.server.staging.catchup.gap = 1000 (default)
2019-10-15 22:49:55,394 [fa254a61-b2f8-4688-8f31-8c719d7080b4@group-8C0473AEC5DF-LeaderElection64] INFO  server.RaftServerConfigKeys (ConfUtils.java:logGet(43)) - raft.server.rpc.sleep.time = 25ms (default)
2019-10-15 22:49:55,394 [fa254a61-b2f8-4688-8f31-8c719d7080b4@group-8C0473AEC5DF-LeaderElection64] INFO  server.RaftServerConfigKeys (ConfUtils.java:logGet(43)) - raft.server.write.element-limit = 4096 (default)
2019-10-15 22:49:55,394 [fa254a61-b2f8-4688-8f31-8c719d7080b4@group-8C0473AEC5DF-LeaderElection64] INFO  server.RaftServerConfigKeys (ConfUtils.java:logGet(43)) - raft.server.watch.timeout = 10s (default)
2019-10-15 22:49:55,394 [fa254a61-b2f8-4688-8f31-8c719d7080b4@group-8C0473AEC5DF-LeaderElection64] INFO  server.RaftServerConfigKeys (ConfUtils.java:logGet(43)) - raft.server.watch.timeout.denomination = 1s (default)
2019-10-15 22:49:55,394 [fa254a61-b2f8-4688-8f31-8c719d7080b4@group-8C0473AEC5DF-LeaderElection64] INFO  server.RaftServerConfigKeys (ConfUtils.java:logGet(43)) - raft.server.watch.element-limit = 65536 (default)
2019-10-15 22:49:55,396 [fa254a61-b2f8-4688-8f31-8c719d7080b4@group-8C0473AEC5DF-LeaderElection64] INFO  impl.RoleInfo (RoleInfo.java:updateAndGet(143)) - fa254a61-b2f8-4688-8f31-8c719d7080b4: start LeaderState
2019-10-15 22:49:55,396 [fa254a61-b2f8-4688-8f31-8c719d7080b4@group-8C0473AEC5DF-LeaderElection64] INFO  segmented.SegmentedRaftLogWorker (SegmentedRaftLogWorker.java:startLogSegment(385)) - fa254a61-b2f8-4688-8f31-8c719d7080b4@group-8C0473AEC5DF-SegmentedRaftLogWorker: Starting segment from index:0
2019-10-15 22:49:55,397 [fa254a61-b2f8-4688-8f31-8c719d7080b4@group-8C0473AEC5DF-LeaderElection64] INFO  impl.RaftServerImpl (ServerState.java:setRaftConf(356)) - fa254a61-b2f8-4688-8f31-8c719d7080b4@group-8C0473AEC5DF: set configuration 0: [fa254a61-b2f8-4688-8f31-8c719d7080b4:192.168.69.67:42698], old=null at 0
2019-10-15 22:49:55,406 [483636e5-9a11-4bb0-8530-e11a4b7d6bf1@group-CEF704BBD4CD-LeaderElection65] INFO  impl.LeaderElection (LeaderElection.java:askForVotes(178)) - 483636e5-9a11-4bb0-8530-e11a4b7d6bf1@group-CEF704BBD4CD-LeaderElection65: begin an election at term 1 for -1: [483636e5-9a11-4bb0-8530-e11a4b7d6bf1:192.168.69.67:40065], old=null
2019-10-15 22:49:55,406 [483636e5-9a11-4bb0-8530-e11a4b7d6bf1@group-CEF704BBD4CD-LeaderElection65] INFO  impl.RoleInfo (RoleInfo.java:shutdownLeaderElection(134)) - 483636e5-9a11-4bb0-8530-e11a4b7d6bf1: shutdown LeaderElection
2019-10-15 22:49:55,406 [483636e5-9a11-4bb0-8530-e11a4b7d6bf1@group-CEF704BBD4CD-LeaderElection65] INFO  impl.RaftServerImpl (RaftServerImpl.java:setRole(170)) - 483636e5-9a11-4bb0-8530-e11a4b7d6bf1@group-CEF704BBD4CD: changes role from CANDIDATE to LEADER at term 1 for changeToLeader
2019-10-15 22:49:55,406 [483636e5-9a11-4bb0-8530-e11a4b7d6bf1@group-CEF704BBD4CD-LeaderElection65] INFO  impl.RaftServerImpl (ServerState.java:setLeader(255)) - 483636e5-9a11-4bb0-8530-e11a4b7d6bf1@group-CEF704BBD4CD: change Leader from null to 483636e5-9a11-4bb0-8530-e11a4b7d6bf1 at term 1 for becomeLeader, leader elected after 5139ms
2019-10-15 22:49:55,406 [483636e5-9a11-4bb0-8530-e11a4b7d6bf1@group-CEF704BBD4CD-LeaderElection65] INFO  server.RaftServerConfigKeys (ConfUtils.java:logGet(43)) - raft.server.staging.catchup.gap = 1000 (default)
2019-10-15 22:49:55,407 [483636e5-9a11-4bb0-8530-e11a4b7d6bf1@group-CEF704BBD4CD-LeaderElection65] INFO  server.RaftServerConfigKeys (ConfUtils.java:logGet(43)) - raft.server.rpc.sleep.time = 25ms (default)
2019-10-15 22:49:55,407 [483636e5-9a11-4bb0-8530-e11a4b7d6bf1@group-CEF704BBD4CD-LeaderElection65] INFO  server.RaftServerConfigKeys (ConfUtils.java:logGet(43)) - raft.server.write.element-limit = 4096 (default)
2019-10-15 22:49:55,407 [483636e5-9a11-4bb0-8530-e11a4b7d6bf1@group-CEF704BBD4CD-LeaderElection65] INFO  server.RaftServerConfigKeys (ConfUtils.java:logGet(43)) - raft.server.watch.timeout = 10s (default)
2019-10-15 22:49:55,407 [483636e5-9a11-4bb0-8530-e11a4b7d6bf1@group-CEF704BBD4CD-LeaderElection65] INFO  server.RaftServerConfigKeys (ConfUtils.java:logGet(43)) - raft.server.watch.timeout.denomination = 1s (default)
2019-10-15 22:49:55,407 [483636e5-9a11-4bb0-8530-e11a4b7d6bf1@group-CEF704BBD4CD-LeaderElection65] INFO  server.RaftServerConfigKeys (ConfUtils.java:logGet(43)) - raft.server.watch.element-limit = 65536 (default)
2019-10-15 22:49:55,409 [483636e5-9a11-4bb0-8530-e11a4b7d6bf1@group-CEF704BBD4CD-LeaderElection65] INFO  impl.RoleInfo (RoleInfo.java:updateAndGet(143)) - 483636e5-9a11-4bb0-8530-e11a4b7d6bf1: start LeaderState
2019-10-15 22:49:55,409 [483636e5-9a11-4bb0-8530-e11a4b7d6bf1@group-CEF704BBD4CD-LeaderElection65] INFO  segmented.SegmentedRaftLogWorker (SegmentedRaftLogWorker.java:startLogSegment(385)) - 483636e5-9a11-4bb0-8530-e11a4b7d6bf1@group-CEF704BBD4CD-SegmentedRaftLogWorker: Starting segment from index:0
2019-10-15 22:49:55,410 [483636e5-9a11-4bb0-8530-e11a4b7d6bf1@group-CEF704BBD4CD-LeaderElection65] INFO  impl.RaftServerImpl (ServerState.java:setRaftConf(356)) - 483636e5-9a11-4bb0-8530-e11a4b7d6bf1@group-CEF704BBD4CD: set configuration 0: [483636e5-9a11-4bb0-8530-e11a4b7d6bf1:192.168.69.67:40065], old=null at 0
2019-10-15 22:49:55,455 [fa254a61-b2f8-4688-8f31-8c719d7080b4@group-8C0473AEC5DF-SegmentedRaftLogWorker] INFO  segmented.SegmentedRaftLogWorker (SegmentedRaftLogWorker.java:execute(574)) - fa254a61-b2f8-4688-8f31-8c719d7080b4@group-8C0473AEC5DF-SegmentedRaftLogWorker: created new log segment /workdir/hadoop-ozone/integration-test/target/test-dir/MiniOzoneClusterImpl-0d9b2814-d928-4fbd-a4f1-019e2ffc4b6f/datanode-1/data/ratis/39b31bd9-857f-487c-a6e7-8c0473aec5df/current/log_inprogress_0
2019-10-15 22:49:55,457 [483636e5-9a11-4bb0-8530-e11a4b7d6bf1@group-CEF704BBD4CD-SegmentedRaftLogWorker] INFO  segmented.SegmentedRaftLogWorker (SegmentedRaftLogWorker.java:execute(574)) - 483636e5-9a11-4bb0-8530-e11a4b7d6bf1@group-CEF704BBD4CD-SegmentedRaftLogWorker: created new log segment /workdir/hadoop-ozone/integration-test/target/test-dir/MiniOzoneClusterImpl-0d9b2814-d928-4fbd-a4f1-019e2ffc4b6f/datanode-0/data/ratis/7e3856fa-d959-401a-ab1a-cef704bbd4cd/current/log_inprogress_0
2019-10-15 22:49:55,466 [Thread-3060] INFO  impl.FollowerState (FollowerState.java:run(108)) - b3c1af8e-b304-41b3-9967-023a9461ce9d@group-5B304DC89A45-FollowerState: change to CANDIDATE, lastRpcTime:5072ms, electionTimeout:5072ms
2019-10-15 22:49:55,467 [Thread-3060] INFO  impl.RoleInfo (RoleInfo.java:shutdownFollowerState(121)) - b3c1af8e-b304-41b3-9967-023a9461ce9d: shutdown FollowerState
2019-10-15 22:49:55,467 [Thread-3060] INFO  impl.RaftServerImpl (RaftServerImpl.java:setRole(170)) - b3c1af8e-b304-41b3-9967-023a9461ce9d@group-5B304DC89A45: changes role from  FOLLOWER to CANDIDATE at term 0 for changeToCandidate
2019-10-15 22:49:55,467 [Thread-3060] INFO  impl.RoleInfo (RoleInfo.java:updateAndGet(143)) - b3c1af8e-b304-41b3-9967-023a9461ce9d: start LeaderElection
2019-10-15 22:49:55,484 [b3c1af8e-b304-41b3-9967-023a9461ce9d@group-5B304DC89A45-LeaderElection66] INFO  impl.LeaderElection (LeaderElection.java:askForVotes(178)) - b3c1af8e-b304-41b3-9967-023a9461ce9d@group-5B304DC89A45-LeaderElection66: begin an election at term 1 for -1: [b3c1af8e-b304-41b3-9967-023a9461ce9d:192.168.69.67:40932], old=null
2019-10-15 22:49:55,484 [b3c1af8e-b304-41b3-9967-023a9461ce9d@group-5B304DC89A45-LeaderElection66] INFO  impl.RoleInfo (RoleInfo.java:shutdownLeaderElection(134)) - b3c1af8e-b304-41b3-9967-023a9461ce9d: shutdown LeaderElection
2019-10-15 22:49:55,484 [b3c1af8e-b304-41b3-9967-023a9461ce9d@group-5B304DC89A45-LeaderElection66] INFO  impl.RaftServerImpl (RaftServerImpl.java:setRole(170)) - b3c1af8e-b304-41b3-9967-023a9461ce9d@group-5B304DC89A45: changes role from CANDIDATE to LEADER at term 1 for changeToLeader
2019-10-15 22:49:55,484 [b3c1af8e-b304-41b3-9967-023a9461ce9d@group-5B304DC89A45-LeaderElection66] INFO  impl.RaftServerImpl (ServerState.java:setLeader(255)) - b3c1af8e-b304-41b3-9967-023a9461ce9d@group-5B304DC89A45: change Leader from null to b3c1af8e-b304-41b3-9967-023a9461ce9d at term 1 for becomeLeader, leader elected after 5094ms
2019-10-15 22:49:55,484 [b3c1af8e-b304-41b3-9967-023a9461ce9d@group-5B304DC89A45-LeaderElection66] INFO  server.RaftServerConfigKeys (ConfUtils.java:logGet(43)) - raft.server.staging.catchup.gap = 1000 (default)
2019-10-15 22:49:55,484 [b3c1af8e-b304-41b3-9967-023a9461ce9d@group-5B304DC89A45-LeaderElection66] INFO  server.RaftServerConfigKeys (ConfUtils.java:logGet(43)) - raft.server.rpc.sleep.time = 25ms (default)
2019-10-15 22:49:55,484 [b3c1af8e-b304-41b3-9967-023a9461ce9d@group-5B304DC89A45-LeaderElection66] INFO  server.RaftServerConfigKeys (ConfUtils.java:logGet(43)) - raft.server.write.element-limit = 4096 (default)
2019-10-15 22:49:55,485 [b3c1af8e-b304-41b3-9967-023a9461ce9d@group-5B304DC89A45-LeaderElection66] INFO  server.RaftServerConfigKeys (ConfUtils.java:logGet(43)) - raft.server.watch.timeout = 10s (default)
2019-10-15 22:49:55,485 [b3c1af8e-b304-41b3-9967-023a9461ce9d@group-5B304DC89A45-LeaderElection66] INFO  server.RaftServerConfigKeys (ConfUtils.java:logGet(43)) - raft.server.watch.timeout.denomination = 1s (default)
2019-10-15 22:49:55,485 [b3c1af8e-b304-41b3-9967-023a9461ce9d@group-5B304DC89A45-LeaderElection66] INFO  server.RaftServerConfigKeys (ConfUtils.java:logGet(43)) - raft.server.watch.element-limit = 65536 (default)
2019-10-15 22:49:55,486 [b3c1af8e-b304-41b3-9967-023a9461ce9d@group-5B304DC89A45-LeaderElection66] INFO  impl.RoleInfo (RoleInfo.java:updateAndGet(143)) - b3c1af8e-b304-41b3-9967-023a9461ce9d: start LeaderState
2019-10-15 22:49:55,486 [b3c1af8e-b304-41b3-9967-023a9461ce9d@group-5B304DC89A45-LeaderElection66] INFO  segmented.SegmentedRaftLogWorker (SegmentedRaftLogWorker.java:startLogSegment(385)) - b3c1af8e-b304-41b3-9967-023a9461ce9d@group-5B304DC89A45-SegmentedRaftLogWorker: Starting segment from index:0
2019-10-15 22:49:55,487 [b3c1af8e-b304-41b3-9967-023a9461ce9d@group-5B304DC89A45-LeaderElection66] INFO  impl.RaftServerImpl (ServerState.java:setRaftConf(356)) - b3c1af8e-b304-41b3-9967-023a9461ce9d@group-5B304DC89A45: set configuration 0: [b3c1af8e-b304-41b3-9967-023a9461ce9d:192.168.69.67:40932], old=null at 0
2019-10-15 22:49:55,525 [b3c1af8e-b304-41b3-9967-023a9461ce9d@group-5B304DC89A45-SegmentedRaftLogWorker] INFO  segmented.SegmentedRaftLogWorker (SegmentedRaftLogWorker.java:execute(574)) - b3c1af8e-b304-41b3-9967-023a9461ce9d@group-5B304DC89A45-SegmentedRaftLogWorker: created new log segment /workdir/hadoop-ozone/integration-test/target/test-dir/MiniOzoneClusterImpl-0d9b2814-d928-4fbd-a4f1-019e2ffc4b6f/datanode-2/data/ratis/8bba4a07-0079-4cf6-87ce-5b304dc89a45/current/log_inprogress_0
2019-10-15 22:49:55,544 [Thread-3066] INFO  impl.FollowerState (FollowerState.java:run(108)) - b3c1af8e-b304-41b3-9967-023a9461ce9d@group-1F7DA0480EC4-FollowerState: change to CANDIDATE, lastRpcTime:5080ms, electionTimeout:5080ms
2019-10-15 22:49:55,544 [Thread-3066] INFO  impl.RoleInfo (RoleInfo.java:shutdownFollowerState(121)) - b3c1af8e-b304-41b3-9967-023a9461ce9d: shutdown FollowerState
2019-10-15 22:49:55,544 [Thread-3066] INFO  impl.RaftServerImpl (RaftServerImpl.java:setRole(170)) - b3c1af8e-b304-41b3-9967-023a9461ce9d@group-1F7DA0480EC4: changes role from  FOLLOWER to CANDIDATE at term 0 for changeToCandidate
2019-10-15 22:49:55,544 [Thread-3066] INFO  impl.RoleInfo (RoleInfo.java:updateAndGet(143)) - b3c1af8e-b304-41b3-9967-023a9461ce9d: start LeaderElection
2019-10-15 22:49:55,617 [Thread-3065] INFO  impl.FollowerState (FollowerState.java:run(108)) - fa254a61-b2f8-4688-8f31-8c719d7080b4@group-1F7DA0480EC4-FollowerState: change to CANDIDATE, lastRpcTime:5155ms, electionTimeout:5155ms
2019-10-15 22:49:55,618 [Thread-3065] INFO  impl.RoleInfo (RoleInfo.java:shutdownFollowerState(121)) - fa254a61-b2f8-4688-8f31-8c719d7080b4: shutdown FollowerState
2019-10-15 22:49:55,618 [Thread-3065] INFO  impl.RaftServerImpl (RaftServerImpl.java:setRole(170)) - fa254a61-b2f8-4688-8f31-8c719d7080b4@group-1F7DA0480EC4: changes role from  FOLLOWER to CANDIDATE at term 0 for changeToCandidate
2019-10-15 22:49:55,618 [Thread-3065] INFO  impl.RoleInfo (RoleInfo.java:updateAndGet(143)) - fa254a61-b2f8-4688-8f31-8c719d7080b4: start LeaderElection
2019-10-15 22:49:55,675 [Thread-3067] INFO  impl.FollowerState (FollowerState.java:run(108)) - 483636e5-9a11-4bb0-8530-e11a4b7d6bf1@group-1F7DA0480EC4-FollowerState: change to CANDIDATE, lastRpcTime:5211ms, electionTimeout:5200ms
2019-10-15 22:49:55,675 [Thread-3067] INFO  impl.RoleInfo (RoleInfo.java:shutdownFollowerState(121)) - 483636e5-9a11-4bb0-8530-e11a4b7d6bf1: shutdown FollowerState
2019-10-15 22:49:55,675 [Thread-3067] INFO  impl.RaftServerImpl (RaftServerImpl.java:setRole(170)) - 483636e5-9a11-4bb0-8530-e11a4b7d6bf1@group-1F7DA0480EC4: changes role from  FOLLOWER to CANDIDATE at term 0 for changeToCandidate
2019-10-15 22:49:55,675 [Thread-3067] INFO  impl.RoleInfo (RoleInfo.java:updateAndGet(143)) - 483636e5-9a11-4bb0-8530-e11a4b7d6bf1: start LeaderElection
2019-10-15 22:49:55,683 [Thread-3072] INFO  impl.FollowerState (FollowerState.java:run(108)) - d85b637b-10e8-42dc-95d2-be085c1066ae@group-6DF339442F95-FollowerState: change to CANDIDATE, lastRpcTime:5079ms, electionTimeout:5079ms
2019-10-15 22:49:55,683 [Thread-3072] INFO  impl.RoleInfo (RoleInfo.java:shutdownFollowerState(121)) - d85b637b-10e8-42dc-95d2-be085c1066ae: shutdown FollowerState
2019-10-15 22:49:55,683 [Thread-3072] INFO  impl.RaftServerImpl (RaftServerImpl.java:setRole(170)) - d85b637b-10e8-42dc-95d2-be085c1066ae@group-6DF339442F95: changes role from  FOLLOWER to CANDIDATE at term 0 for changeToCandidate
2019-10-15 22:49:55,683 [Thread-3072] INFO  impl.RoleInfo (RoleInfo.java:updateAndGet(143)) - d85b637b-10e8-42dc-95d2-be085c1066ae: start LeaderElection
2019-10-15 22:49:55,734 [b3c1af8e-b304-41b3-9967-023a9461ce9d@group-1F7DA0480EC4-LeaderElection67] INFO  impl.LeaderElection (LeaderElection.java:askForVotes(178)) - b3c1af8e-b304-41b3-9967-023a9461ce9d@group-1F7DA0480EC4-LeaderElection67: begin an election at term 1 for -1: [483636e5-9a11-4bb0-8530-e11a4b7d6bf1:192.168.69.67:40065, fa254a61-b2f8-4688-8f31-8c719d7080b4:192.168.69.67:42698, b3c1af8e-b304-41b3-9967-023a9461ce9d:192.168.69.67:40932], old=null
2019-10-15 22:49:55,735 [fa254a61-b2f8-4688-8f31-8c719d7080b4@group-1F7DA0480EC4-LeaderElection68] INFO  impl.LeaderElection (LeaderElection.java:askForVotes(178)) - fa254a61-b2f8-4688-8f31-8c719d7080b4@group-1F7DA0480EC4-LeaderElection68: begin an election at term 1 for -1: [483636e5-9a11-4bb0-8530-e11a4b7d6bf1:192.168.69.67:40065, fa254a61-b2f8-4688-8f31-8c719d7080b4:192.168.69.67:42698, b3c1af8e-b304-41b3-9967-023a9461ce9d:192.168.69.67:40932], old=null
2019-10-15 22:49:55,749 [d85b637b-10e8-42dc-95d2-be085c1066ae@group-6DF339442F95-LeaderElection70] INFO  impl.LeaderElection (LeaderElection.java:askForVotes(178)) - d85b637b-10e8-42dc-95d2-be085c1066ae@group-6DF339442F95-LeaderElection70: begin an election at term 1 for -1: [d85b637b-10e8-42dc-95d2-be085c1066ae:192.168.69.67:41017], old=null
2019-10-15 22:49:55,749 [483636e5-9a11-4bb0-8530-e11a4b7d6bf1@group-1F7DA0480EC4-LeaderElection69] INFO  impl.LeaderElection (LeaderElection.java:askForVotes(178)) - 483636e5-9a11-4bb0-8530-e11a4b7d6bf1@group-1F7DA0480EC4-LeaderElection69: begin an election at term 1 for -1: [483636e5-9a11-4bb0-8530-e11a4b7d6bf1:192.168.69.67:40065, fa254a61-b2f8-4688-8f31-8c719d7080b4:192.168.69.67:42698, b3c1af8e-b304-41b3-9967-023a9461ce9d:192.168.69.67:40932], old=null
2019-10-15 22:49:55,749 [d85b637b-10e8-42dc-95d2-be085c1066ae@group-6DF339442F95-LeaderElection70] INFO  impl.RoleInfo (RoleInfo.java:shutdownLeaderElection(134)) - d85b637b-10e8-42dc-95d2-be085c1066ae: shutdown LeaderElection
2019-10-15 22:49:55,749 [d85b637b-10e8-42dc-95d2-be085c1066ae@group-6DF339442F95-LeaderElection70] INFO  impl.RaftServerImpl (RaftServerImpl.java:setRole(170)) - d85b637b-10e8-42dc-95d2-be085c1066ae@group-6DF339442F95: changes role from CANDIDATE to LEADER at term 1 for changeToLeader
2019-10-15 22:49:55,750 [d85b637b-10e8-42dc-95d2-be085c1066ae@group-6DF339442F95-LeaderElection70] INFO  impl.RaftServerImpl (ServerState.java:setLeader(255)) - d85b637b-10e8-42dc-95d2-be085c1066ae@group-6DF339442F95: change Leader from null to d85b637b-10e8-42dc-95d2-be085c1066ae at term 1 for becomeLeader, leader elected after 5152ms
2019-10-15 22:49:55,750 [fa254a61-b2f8-4688-8f31-8c719d7080b4@group-1F7DA0480EC4-LeaderElection68] INFO  impl.LeaderElection (LeaderElection.java:logAndReturn(56)) - fa254a61-b2f8-4688-8f31-8c719d7080b4@group-1F7DA0480EC4-LeaderElection68: Election REJECTED; received 2 response(s) [fa254a61-b2f8-4688-8f31-8c719d7080b4<-483636e5-9a11-4bb0-8530-e11a4b7d6bf1#0:FAIL-t1, fa254a61-b2f8-4688-8f31-8c719d7080b4<-b3c1af8e-b304-41b3-9967-023a9461ce9d#0:FAIL-t1] and 0 exception(s); fa254a61-b2f8-4688-8f31-8c719d7080b4@group-1F7DA0480EC4:t1, leader=null, voted=fa254a61-b2f8-4688-8f31-8c719d7080b4, raftlog=fa254a61-b2f8-4688-8f31-8c719d7080b4@group-1F7DA0480EC4-SegmentedRaftLog:OPENED:c-1,f-1,i0, conf=-1: [483636e5-9a11-4bb0-8530-e11a4b7d6bf1:192.168.69.67:40065, fa254a61-b2f8-4688-8f31-8c719d7080b4:192.168.69.67:42698, b3c1af8e-b304-41b3-9967-023a9461ce9d:192.168.69.67:40932], old=null
2019-10-15 22:49:55,750 [b3c1af8e-b304-41b3-9967-023a9461ce9d@group-1F7DA0480EC4-LeaderElection67] INFO  impl.LeaderElection (LeaderElection.java:logAndReturn(56)) - b3c1af8e-b304-41b3-9967-023a9461ce9d@group-1F7DA0480EC4-LeaderElection67: Election REJECTED; received 2 response(s) [b3c1af8e-b304-41b3-9967-023a9461ce9d<-483636e5-9a11-4bb0-8530-e11a4b7d6bf1#0:FAIL-t1, b3c1af8e-b304-41b3-9967-023a9461ce9d<-fa254a61-b2f8-4688-8f31-8c719d7080b4#0:FAIL-t1] and 0 exception(s); b3c1af8e-b304-41b3-9967-023a9461ce9d@group-1F7DA0480EC4:t1, leader=null, voted=b3c1af8e-b304-41b3-9967-023a9461ce9d, raftlog=b3c1af8e-b304-41b3-9967-023a9461ce9d@group-1F7DA0480EC4-SegmentedRaftLog:OPENED:c-1,f-1,i0, conf=-1: [483636e5-9a11-4bb0-8530-e11a4b7d6bf1:192.168.69.67:40065, fa254a61-b2f8-4688-8f31-8c719d7080b4:192.168.69.67:42698, b3c1af8e-b304-41b3-9967-023a9461ce9d:192.168.69.67:40932], old=null
2019-10-15 22:49:55,750 [b3c1af8e-b304-41b3-9967-023a9461ce9d@group-1F7DA0480EC4-LeaderElection67] INFO  impl.RaftServerImpl (RaftServerImpl.java:setRole(170)) - b3c1af8e-b304-41b3-9967-023a9461ce9d@group-1F7DA0480EC4: changes role from CANDIDATE to FOLLOWER at term 1 for DISCOVERED_A_NEW_TERM
2019-10-15 22:49:55,750 [fa254a61-b2f8-4688-8f31-8c719d7080b4@group-1F7DA0480EC4-LeaderElection68] INFO  impl.RaftServerImpl (RaftServerImpl.java:setRole(170)) - fa254a61-b2f8-4688-8f31-8c719d7080b4@group-1F7DA0480EC4: changes role from CANDIDATE to FOLLOWER at term 1 for DISCOVERED_A_NEW_TERM
2019-10-15 22:49:55,754 [fa254a61-b2f8-4688-8f31-8c719d7080b4@group-1F7DA0480EC4-LeaderElection68] INFO  impl.RoleInfo (RoleInfo.java:shutdownLeaderElection(134)) - fa254a61-b2f8-4688-8f31-8c719d7080b4: shutdown LeaderElection
2019-10-15 22:49:55,750 [d85b637b-10e8-42dc-95d2-be085c1066ae@group-6DF339442F95-LeaderElection70] INFO  server.RaftServerConfigKeys (ConfUtils.java:logGet(43)) - raft.server.staging.catchup.gap = 1000 (default)
2019-10-15 22:49:55,755 [d85b637b-10e8-42dc-95d2-be085c1066ae@group-6DF339442F95-LeaderElection70] INFO  server.RaftServerConfigKeys (ConfUtils.java:logGet(43)) - raft.server.rpc.sleep.time = 25ms (default)
2019-10-15 22:49:55,755 [d85b637b-10e8-42dc-95d2-be085c1066ae@group-6DF339442F95-LeaderElection70] INFO  server.RaftServerConfigKeys (ConfUtils.java:logGet(43)) - raft.server.write.element-limit = 4096 (default)
2019-10-15 22:49:55,755 [d85b637b-10e8-42dc-95d2-be085c1066ae@group-6DF339442F95-LeaderElection70] INFO  server.RaftServerConfigKeys (ConfUtils.java:logGet(43)) - raft.server.watch.timeout = 10s (default)
2019-10-15 22:49:55,754 [fa254a61-b2f8-4688-8f31-8c719d7080b4@group-1F7DA0480EC4-LeaderElection68] INFO  impl.RoleInfo (RoleInfo.java:updateAndGet(143)) - fa254a61-b2f8-4688-8f31-8c719d7080b4: start FollowerState
2019-10-15 22:49:55,751 [b3c1af8e-b304-41b3-9967-023a9461ce9d@group-1F7DA0480EC4-LeaderElection67] INFO  impl.RoleInfo (RoleInfo.java:shutdownLeaderElection(134)) - b3c1af8e-b304-41b3-9967-023a9461ce9d: shutdown LeaderElection
2019-10-15 22:49:55,755 [d85b637b-10e8-42dc-95d2-be085c1066ae@group-6DF339442F95-LeaderElection70] INFO  server.RaftServerConfigKeys (ConfUtils.java:logGet(43)) - raft.server.watch.timeout.denomination = 1s (default)
2019-10-15 22:49:55,756 [b3c1af8e-b304-41b3-9967-023a9461ce9d@group-1F7DA0480EC4-LeaderElection67] INFO  impl.RoleInfo (RoleInfo.java:updateAndGet(143)) - b3c1af8e-b304-41b3-9967-023a9461ce9d: start FollowerState
2019-10-15 22:49:55,756 [d85b637b-10e8-42dc-95d2-be085c1066ae@group-6DF339442F95-LeaderElection70] INFO  server.RaftServerConfigKeys (ConfUtils.java:logGet(43)) - raft.server.watch.element-limit = 65536 (default)
2019-10-15 22:49:55,758 [483636e5-9a11-4bb0-8530-e11a4b7d6bf1@group-1F7DA0480EC4-LeaderElection69] INFO  impl.LeaderElection (LeaderElection.java:logAndReturn(56)) - 483636e5-9a11-4bb0-8530-e11a4b7d6bf1@group-1F7DA0480EC4-LeaderElection69: Election REJECTED; received 2 response(s) [483636e5-9a11-4bb0-8530-e11a4b7d6bf1<-fa254a61-b2f8-4688-8f31-8c719d7080b4#0:FAIL-t1, 483636e5-9a11-4bb0-8530-e11a4b7d6bf1<-b3c1af8e-b304-41b3-9967-023a9461ce9d#0:FAIL-t1] and 0 exception(s); 483636e5-9a11-4bb0-8530-e11a4b7d6bf1@group-1F7DA0480EC4:t1, leader=null, voted=483636e5-9a11-4bb0-8530-e11a4b7d6bf1, raftlog=483636e5-9a11-4bb0-8530-e11a4b7d6bf1@group-1F7DA0480EC4-SegmentedRaftLog:OPENED:c-1,f-1,i0, conf=-1: [483636e5-9a11-4bb0-8530-e11a4b7d6bf1:192.168.69.67:40065, fa254a61-b2f8-4688-8f31-8c719d7080b4:192.168.69.67:42698, b3c1af8e-b304-41b3-9967-023a9461ce9d:192.168.69.67:40932], old=null
2019-10-15 22:49:55,758 [483636e5-9a11-4bb0-8530-e11a4b7d6bf1@group-1F7DA0480EC4-LeaderElection69] INFO  impl.RaftServerImpl (RaftServerImpl.java:setRole(170)) - 483636e5-9a11-4bb0-8530-e11a4b7d6bf1@group-1F7DA0480EC4: changes role from CANDIDATE to FOLLOWER at term 1 for DISCOVERED_A_NEW_TERM
2019-10-15 22:49:55,758 [483636e5-9a11-4bb0-8530-e11a4b7d6bf1@group-1F7DA0480EC4-LeaderElection69] INFO  impl.RoleInfo (RoleInfo.java:shutdownLeaderElection(134)) - 483636e5-9a11-4bb0-8530-e11a4b7d6bf1: shutdown LeaderElection
2019-10-15 22:49:55,758 [d85b637b-10e8-42dc-95d2-be085c1066ae@group-6DF339442F95-LeaderElection70] INFO  impl.RoleInfo (RoleInfo.java:updateAndGet(143)) - d85b637b-10e8-42dc-95d2-be085c1066ae: start LeaderState
2019-10-15 22:49:55,758 [483636e5-9a11-4bb0-8530-e11a4b7d6bf1@group-1F7DA0480EC4-LeaderElection69] INFO  impl.RoleInfo (RoleInfo.java:updateAndGet(143)) - 483636e5-9a11-4bb0-8530-e11a4b7d6bf1: start FollowerState
2019-10-15 22:49:55,761 [d85b637b-10e8-42dc-95d2-be085c1066ae@group-6DF339442F95-LeaderElection70] INFO  segmented.SegmentedRaftLogWorker (SegmentedRaftLogWorker.java:startLogSegment(385)) - d85b637b-10e8-42dc-95d2-be085c1066ae@group-6DF339442F95-SegmentedRaftLogWorker: Starting segment from index:0
2019-10-15 22:49:55,762 [d85b637b-10e8-42dc-95d2-be085c1066ae@group-6DF339442F95-LeaderElection70] INFO  impl.RaftServerImpl (ServerState.java:setRaftConf(356)) - d85b637b-10e8-42dc-95d2-be085c1066ae@group-6DF339442F95: set configuration 0: [d85b637b-10e8-42dc-95d2-be085c1066ae:192.168.69.67:41017], old=null at 0
2019-10-15 22:49:55,791 [Thread-3080] INFO  impl.FollowerState (FollowerState.java:run(108)) - cd11d2e1-8001-4504-aa56-1bbe2d1aee94@group-F9849BC1C795-FollowerState: change to CANDIDATE, lastRpcTime:5061ms, electionTimeout:5048ms
2019-10-15 22:49:55,794 [Thread-3080] INFO  impl.RoleInfo (RoleInfo.java:shutdownFollowerState(121)) - cd11d2e1-8001-4504-aa56-1bbe2d1aee94: shutdown FollowerState
2019-10-15 22:49:55,794 [Thread-3080] INFO  impl.RaftServerImpl (RaftServerImpl.java:setRole(170)) - cd11d2e1-8001-4504-aa56-1bbe2d1aee94@group-F9849BC1C795: changes role from  FOLLOWER to CANDIDATE at term 0 for changeToCandidate
2019-10-15 22:49:55,794 [Thread-3080] INFO  impl.RoleInfo (RoleInfo.java:updateAndGet(143)) - cd11d2e1-8001-4504-aa56-1bbe2d1aee94: start LeaderElection
2019-10-15 22:49:55,818 [d85b637b-10e8-42dc-95d2-be085c1066ae@group-6DF339442F95-SegmentedRaftLogWorker] INFO  segmented.SegmentedRaftLogWorker (SegmentedRaftLogWorker.java:execute(574)) - d85b637b-10e8-42dc-95d2-be085c1066ae@group-6DF339442F95-SegmentedRaftLogWorker: created new log segment /workdir/hadoop-ozone/integration-test/target/test-dir/MiniOzoneClusterImpl-0d9b2814-d928-4fbd-a4f1-019e2ffc4b6f/datanode-5/data/ratis/c8924ab7-d267-41ae-a5ef-6df339442f95/current/log_inprogress_0
2019-10-15 22:49:55,818 [cd11d2e1-8001-4504-aa56-1bbe2d1aee94@group-F9849BC1C795-LeaderElection71] INFO  impl.LeaderElection (LeaderElection.java:askForVotes(178)) - cd11d2e1-8001-4504-aa56-1bbe2d1aee94@group-F9849BC1C795-LeaderElection71: begin an election at term 1 for -1: [cd11d2e1-8001-4504-aa56-1bbe2d1aee94:192.168.69.67:45850], old=null
2019-10-15 22:49:55,818 [cd11d2e1-8001-4504-aa56-1bbe2d1aee94@group-F9849BC1C795-LeaderElection71] INFO  impl.RoleInfo (RoleInfo.java:shutdownLeaderElection(134)) - cd11d2e1-8001-4504-aa56-1bbe2d1aee94: shutdown LeaderElection
2019-10-15 22:49:55,818 [cd11d2e1-8001-4504-aa56-1bbe2d1aee94@group-F9849BC1C795-LeaderElection71] INFO  impl.RaftServerImpl (RaftServerImpl.java:setRole(170)) - cd11d2e1-8001-4504-aa56-1bbe2d1aee94@group-F9849BC1C795: changes role from CANDIDATE to LEADER at term 1 for changeToLeader
2019-10-15 22:49:55,818 [cd11d2e1-8001-4504-aa56-1bbe2d1aee94@group-F9849BC1C795-LeaderElection71] INFO  impl.RaftServerImpl (ServerState.java:setLeader(255)) - cd11d2e1-8001-4504-aa56-1bbe2d1aee94@group-F9849BC1C795: change Leader from null to cd11d2e1-8001-4504-aa56-1bbe2d1aee94 at term 1 for becomeLeader, leader elected after 5093ms
2019-10-15 22:49:55,818 [cd11d2e1-8001-4504-aa56-1bbe2d1aee94@group-F9849BC1C795-LeaderElection71] INFO  server.RaftServerConfigKeys (ConfUtils.java:logGet(43)) - raft.server.staging.catchup.gap = 1000 (default)
2019-10-15 22:49:55,818 [cd11d2e1-8001-4504-aa56-1bbe2d1aee94@group-F9849BC1C795-LeaderElection71] INFO  server.RaftServerConfigKeys (ConfUtils.java:logGet(43)) - raft.server.rpc.sleep.time = 25ms (default)
2019-10-15 22:49:55,818 [cd11d2e1-8001-4504-aa56-1bbe2d1aee94@group-F9849BC1C795-LeaderElection71] INFO  server.RaftServerConfigKeys (ConfUtils.java:logGet(43)) - raft.server.write.element-limit = 4096 (default)
2019-10-15 22:49:55,819 [cd11d2e1-8001-4504-aa56-1bbe2d1aee94@group-F9849BC1C795-LeaderElection71] INFO  server.RaftServerConfigKeys (ConfUtils.java:logGet(43)) - raft.server.watch.timeout = 10s (default)
2019-10-15 22:49:55,819 [cd11d2e1-8001-4504-aa56-1bbe2d1aee94@group-F9849BC1C795-LeaderElection71] INFO  server.RaftServerConfigKeys (ConfUtils.java:logGet(43)) - raft.server.watch.timeout.denomination = 1s (default)
2019-10-15 22:49:55,819 [cd11d2e1-8001-4504-aa56-1bbe2d1aee94@group-F9849BC1C795-LeaderElection71] INFO  server.RaftServerConfigKeys (ConfUtils.java:logGet(43)) - raft.server.watch.element-limit = 65536 (default)
2019-10-15 22:49:55,820 [cd11d2e1-8001-4504-aa56-1bbe2d1aee94@group-F9849BC1C795-LeaderElection71] INFO  impl.RoleInfo (RoleInfo.java:updateAndGet(143)) - cd11d2e1-8001-4504-aa56-1bbe2d1aee94: start LeaderState
2019-10-15 22:49:55,820 [cd11d2e1-8001-4504-aa56-1bbe2d1aee94@group-F9849BC1C795-LeaderElection71] INFO  segmented.SegmentedRaftLogWorker (SegmentedRaftLogWorker.java:startLogSegment(385)) - cd11d2e1-8001-4504-aa56-1bbe2d1aee94@group-F9849BC1C795-SegmentedRaftLogWorker: Starting segment from index:0
2019-10-15 22:49:55,820 [cd11d2e1-8001-4504-aa56-1bbe2d1aee94@group-F9849BC1C795-LeaderElection71] INFO  impl.RaftServerImpl (ServerState.java:setRaftConf(356)) - cd11d2e1-8001-4504-aa56-1bbe2d1aee94@group-F9849BC1C795: set configuration 0: [cd11d2e1-8001-4504-aa56-1bbe2d1aee94:192.168.69.67:45850], old=null at 0
2019-10-15 22:49:55,850 [Thread-3077] INFO  impl.FollowerState (FollowerState.java:run(108)) - 23981206-d98f-49bd-b34a-9ed813c0949a@group-36DB69C635CF-FollowerState: change to CANDIDATE, lastRpcTime:5190ms, electionTimeout:5190ms
2019-10-15 22:49:55,850 [Thread-3077] INFO  impl.RoleInfo (RoleInfo.java:shutdownFollowerState(121)) - 23981206-d98f-49bd-b34a-9ed813c0949a: shutdown FollowerState
2019-10-15 22:49:55,850 [Thread-3077] INFO  impl.RaftServerImpl (RaftServerImpl.java:setRole(170)) - 23981206-d98f-49bd-b34a-9ed813c0949a@group-36DB69C635CF: changes role from  FOLLOWER to CANDIDATE at term 0 for changeToCandidate
2019-10-15 22:49:55,850 [Thread-3077] INFO  impl.RoleInfo (RoleInfo.java:updateAndGet(143)) - 23981206-d98f-49bd-b34a-9ed813c0949a: start LeaderElection
2019-10-15 22:49:55,856 [Thread-3083] INFO  impl.FollowerState (FollowerState.java:run(108)) - 36062c4f-280d-4b0a-9450-edbb927c7915@group-E721348FF008-FollowerState: change to CANDIDATE, lastRpcTime:5084ms, electionTimeout:5083ms
2019-10-15 22:49:55,856 [Thread-3083] INFO  impl.RoleInfo (RoleInfo.java:shutdownFollowerState(121)) - 36062c4f-280d-4b0a-9450-edbb927c7915: shutdown FollowerState
2019-10-15 22:49:55,856 [Thread-3083] INFO  impl.RaftServerImpl (RaftServerImpl.java:setRole(170)) - 36062c4f-280d-4b0a-9450-edbb927c7915@group-E721348FF008: changes role from  FOLLOWER to CANDIDATE at term 0 for changeToCandidate
2019-10-15 22:49:55,856 [Thread-3083] INFO  impl.RoleInfo (RoleInfo.java:updateAndGet(143)) - 36062c4f-280d-4b0a-9450-edbb927c7915: start LeaderElection
2019-10-15 22:49:55,866 [cd11d2e1-8001-4504-aa56-1bbe2d1aee94@group-F9849BC1C795-SegmentedRaftLogWorker] INFO  segmented.SegmentedRaftLogWorker (SegmentedRaftLogWorker.java:execute(574)) - cd11d2e1-8001-4504-aa56-1bbe2d1aee94@group-F9849BC1C795-SegmentedRaftLogWorker: created new log segment /workdir/hadoop-ozone/integration-test/target/test-dir/MiniOzoneClusterImpl-0d9b2814-d928-4fbd-a4f1-019e2ffc4b6f/datanode-6/data/ratis/a5e02cf6-1ac0-4f1b-8628-f9849bc1c795/current/log_inprogress_0
2019-10-15 22:49:55,878 [Thread-3091] INFO  impl.FollowerState (FollowerState.java:run(108)) - 23981206-d98f-49bd-b34a-9ed813c0949a@group-75F71BF599A6-FollowerState: change to CANDIDATE, lastRpcTime:5068ms, electionTimeout:5068ms
2019-10-15 22:49:55,879 [Thread-3091] INFO  impl.RoleInfo (RoleInfo.java:shutdownFollowerState(121)) - 23981206-d98f-49bd-b34a-9ed813c0949a: shutdown FollowerState
2019-10-15 22:49:55,879 [Thread-3091] INFO  impl.RaftServerImpl (RaftServerImpl.java:setRole(170)) - 23981206-d98f-49bd-b34a-9ed813c0949a@group-75F71BF599A6: changes role from  FOLLOWER to CANDIDATE at term 0 for changeToCandidate
2019-10-15 22:49:55,879 [Thread-3091] INFO  impl.RoleInfo (RoleInfo.java:updateAndGet(143)) - 23981206-d98f-49bd-b34a-9ed813c0949a: start LeaderElection
2019-10-15 22:49:55,882 [23981206-d98f-49bd-b34a-9ed813c0949a@group-36DB69C635CF-LeaderElection72] INFO  impl.LeaderElection (LeaderElection.java:askForVotes(178)) - 23981206-d98f-49bd-b34a-9ed813c0949a@group-36DB69C635CF-LeaderElection72: begin an election at term 1 for -1: [23981206-d98f-49bd-b34a-9ed813c0949a:192.168.69.67:32847], old=null
2019-10-15 22:49:55,882 [36062c4f-280d-4b0a-9450-edbb927c7915@group-E721348FF008-LeaderElection73] INFO  impl.LeaderElection (LeaderElection.java:askForVotes(178)) - 36062c4f-280d-4b0a-9450-edbb927c7915@group-E721348FF008-LeaderElection73: begin an election at term 1 for -1: [36062c4f-280d-4b0a-9450-edbb927c7915:192.168.69.67:34011], old=null
2019-10-15 22:49:55,884 [23981206-d98f-49bd-b34a-9ed813c0949a@group-36DB69C635CF-LeaderElection72] INFO  impl.RoleInfo (RoleInfo.java:shutdownLeaderElection(134)) - 23981206-d98f-49bd-b34a-9ed813c0949a: shutdown LeaderElection
2019-10-15 22:49:55,884 [36062c4f-280d-4b0a-9450-edbb927c7915@group-E721348FF008-LeaderElection73] INFO  impl.RoleInfo (RoleInfo.java:shutdownLeaderElection(134)) - 36062c4f-280d-4b0a-9450-edbb927c7915: shutdown LeaderElection
2019-10-15 22:49:55,885 [23981206-d98f-49bd-b34a-9ed813c0949a@group-36DB69C635CF-LeaderElection72] INFO  impl.RaftServerImpl (RaftServerImpl.java:setRole(170)) - 23981206-d98f-49bd-b34a-9ed813c0949a@group-36DB69C635CF: changes role from CANDIDATE to LEADER at term 1 for changeToLeader
2019-10-15 22:49:55,885 [36062c4f-280d-4b0a-9450-edbb927c7915@group-E721348FF008-LeaderElection73] INFO  impl.RaftServerImpl (RaftServerImpl.java:setRole(170)) - 36062c4f-280d-4b0a-9450-edbb927c7915@group-E721348FF008: changes role from CANDIDATE to LEADER at term 1 for changeToLeader
2019-10-15 22:49:55,885 [23981206-d98f-49bd-b34a-9ed813c0949a@group-36DB69C635CF-LeaderElection72] INFO  impl.RaftServerImpl (ServerState.java:setLeader(255)) - 23981206-d98f-49bd-b34a-9ed813c0949a@group-36DB69C635CF: change Leader from null to 23981206-d98f-49bd-b34a-9ed813c0949a at term 1 for becomeLeader, leader elected after 5231ms
2019-10-15 22:49:55,885 [36062c4f-280d-4b0a-9450-edbb927c7915@group-E721348FF008-LeaderElection73] INFO  impl.RaftServerImpl (ServerState.java:setLeader(255)) - 36062c4f-280d-4b0a-9450-edbb927c7915@group-E721348FF008: change Leader from null to 36062c4f-280d-4b0a-9450-edbb927c7915 at term 1 for becomeLeader, leader elected after 5117ms
2019-10-15 22:49:55,885 [23981206-d98f-49bd-b34a-9ed813c0949a@group-36DB69C635CF-LeaderElection72] INFO  server.RaftServerConfigKeys (ConfUtils.java:logGet(43)) - raft.server.staging.catchup.gap = 1000 (default)
2019-10-15 22:49:55,885 [36062c4f-280d-4b0a-9450-edbb927c7915@group-E721348FF008-LeaderElection73] INFO  server.RaftServerConfigKeys (ConfUtils.java:logGet(43)) - raft.server.staging.catchup.gap = 1000 (default)
2019-10-15 22:49:55,885 [23981206-d98f-49bd-b34a-9ed813c0949a@group-36DB69C635CF-LeaderElection72] INFO  server.RaftServerConfigKeys (ConfUtils.java:logGet(43)) - raft.server.rpc.sleep.time = 25ms (default)
2019-10-15 22:49:55,885 [36062c4f-280d-4b0a-9450-edbb927c7915@group-E721348FF008-LeaderElection73] INFO  server.RaftServerConfigKeys (ConfUtils.java:logGet(43)) - raft.server.rpc.sleep.time = 25ms (default)
2019-10-15 22:49:55,886 [23981206-d98f-49bd-b34a-9ed813c0949a@group-36DB69C635CF-LeaderElection72] INFO  server.RaftServerConfigKeys (ConfUtils.java:logGet(43)) - raft.server.write.element-limit = 4096 (default)
2019-10-15 22:49:55,886 [36062c4f-280d-4b0a-9450-edbb927c7915@group-E721348FF008-LeaderElection73] INFO  server.RaftServerConfigKeys (ConfUtils.java:logGet(43)) - raft.server.write.element-limit = 4096 (default)
2019-10-15 22:49:55,886 [23981206-d98f-49bd-b34a-9ed813c0949a@group-36DB69C635CF-LeaderElection72] INFO  server.RaftServerConfigKeys (ConfUtils.java:logGet(43)) - raft.server.watch.timeout = 10s (default)
2019-10-15 22:49:55,886 [36062c4f-280d-4b0a-9450-edbb927c7915@group-E721348FF008-LeaderElection73] INFO  server.RaftServerConfigKeys (ConfUtils.java:logGet(43)) - raft.server.watch.timeout = 10s (default)
2019-10-15 22:49:55,886 [23981206-d98f-49bd-b34a-9ed813c0949a@group-36DB69C635CF-LeaderElection72] INFO  server.RaftServerConfigKeys (ConfUtils.java:logGet(43)) - raft.server.watch.timeout.denomination = 1s (default)
2019-10-15 22:49:55,886 [36062c4f-280d-4b0a-9450-edbb927c7915@group-E721348FF008-LeaderElection73] INFO  server.RaftServerConfigKeys (ConfUtils.java:logGet(43)) - raft.server.watch.timeout.denomination = 1s (default)
2019-10-15 22:49:55,886 [23981206-d98f-49bd-b34a-9ed813c0949a@group-36DB69C635CF-LeaderElection72] INFO  server.RaftServerConfigKeys (ConfUtils.java:logGet(43)) - raft.server.watch.element-limit = 65536 (default)
2019-10-15 22:49:55,886 [36062c4f-280d-4b0a-9450-edbb927c7915@group-E721348FF008-LeaderElection73] INFO  server.RaftServerConfigKeys (ConfUtils.java:logGet(43)) - raft.server.watch.element-limit = 65536 (default)
2019-10-15 22:49:55,889 [23981206-d98f-49bd-b34a-9ed813c0949a@group-75F71BF599A6-LeaderElection74] INFO  impl.LeaderElection (LeaderElection.java:askForVotes(178)) - 23981206-d98f-49bd-b34a-9ed813c0949a@group-75F71BF599A6-LeaderElection74: begin an election at term 1 for -1: [23981206-d98f-49bd-b34a-9ed813c0949a:192.168.69.67:32847, d85b637b-10e8-42dc-95d2-be085c1066ae:192.168.69.67:41017, cd11d2e1-8001-4504-aa56-1bbe2d1aee94:192.168.69.67:45850], old=null
2019-10-15 22:49:55,890 [23981206-d98f-49bd-b34a-9ed813c0949a@group-36DB69C635CF-LeaderElection72] INFO  impl.RoleInfo (RoleInfo.java:updateAndGet(143)) - 23981206-d98f-49bd-b34a-9ed813c0949a: start LeaderState
2019-10-15 22:49:55,890 [23981206-d98f-49bd-b34a-9ed813c0949a@group-36DB69C635CF-LeaderElection72] INFO  segmented.SegmentedRaftLogWorker (SegmentedRaftLogWorker.java:startLogSegment(385)) - 23981206-d98f-49bd-b34a-9ed813c0949a@group-36DB69C635CF-SegmentedRaftLogWorker: Starting segment from index:0
2019-10-15 22:49:55,893 [23981206-d98f-49bd-b34a-9ed813c0949a@group-36DB69C635CF-LeaderElection72] INFO  impl.RaftServerImpl (ServerState.java:setRaftConf(356)) - 23981206-d98f-49bd-b34a-9ed813c0949a@group-36DB69C635CF: set configuration 0: [23981206-d98f-49bd-b34a-9ed813c0949a:192.168.69.67:32847], old=null at 0
2019-10-15 22:49:55,895 [36062c4f-280d-4b0a-9450-edbb927c7915@group-E721348FF008-LeaderElection73] INFO  impl.RoleInfo (RoleInfo.java:updateAndGet(143)) - 36062c4f-280d-4b0a-9450-edbb927c7915: start LeaderState
2019-10-15 22:49:55,895 [36062c4f-280d-4b0a-9450-edbb927c7915@group-E721348FF008-LeaderElection73] INFO  segmented.SegmentedRaftLogWorker (SegmentedRaftLogWorker.java:startLogSegment(385)) - 36062c4f-280d-4b0a-9450-edbb927c7915@group-E721348FF008-SegmentedRaftLogWorker: Starting segment from index:0
2019-10-15 22:49:55,896 [36062c4f-280d-4b0a-9450-edbb927c7915@group-E721348FF008-LeaderElection73] INFO  impl.RaftServerImpl (ServerState.java:setRaftConf(356)) - 36062c4f-280d-4b0a-9450-edbb927c7915@group-E721348FF008: set configuration 0: [36062c4f-280d-4b0a-9450-edbb927c7915:192.168.69.67:34011], old=null at 0
2019-10-15 22:49:55,922 [grpc-default-executor-6] INFO  impl.RaftServerImpl (RaftServerImpl.java:setRole(170)) - d85b637b-10e8-42dc-95d2-be085c1066ae@group-75F71BF599A6: changes role from  FOLLOWER to FOLLOWER at term 1 for recognizeCandidate:23981206-d98f-49bd-b34a-9ed813c0949a
2019-10-15 22:49:55,922 [grpc-default-executor-4] INFO  impl.RaftServerImpl (RaftServerImpl.java:setRole(170)) - cd11d2e1-8001-4504-aa56-1bbe2d1aee94@group-75F71BF599A6: changes role from  FOLLOWER to FOLLOWER at term 1 for recognizeCandidate:23981206-d98f-49bd-b34a-9ed813c0949a
2019-10-15 22:49:55,925 [grpc-default-executor-6] INFO  impl.RoleInfo (RoleInfo.java:shutdownFollowerState(121)) - d85b637b-10e8-42dc-95d2-be085c1066ae: shutdown FollowerState
2019-10-15 22:49:55,925 [grpc-default-executor-4] INFO  impl.RoleInfo (RoleInfo.java:shutdownFollowerState(121)) - cd11d2e1-8001-4504-aa56-1bbe2d1aee94: shutdown FollowerState
2019-10-15 22:49:55,925 [Thread-3089] INFO  impl.FollowerState (FollowerState.java:run(117)) - d85b637b-10e8-42dc-95d2-be085c1066ae@group-75F71BF599A6-FollowerState was interrupted: java.lang.InterruptedException: sleep interrupted
2019-10-15 22:49:55,926 [grpc-default-executor-4] INFO  impl.RoleInfo (RoleInfo.java:updateAndGet(143)) - cd11d2e1-8001-4504-aa56-1bbe2d1aee94: start FollowerState
2019-10-15 22:49:55,925 [grpc-default-executor-6] INFO  impl.RoleInfo (RoleInfo.java:updateAndGet(143)) - d85b637b-10e8-42dc-95d2-be085c1066ae: start FollowerState
2019-10-15 22:49:55,937 [36062c4f-280d-4b0a-9450-edbb927c7915@group-E721348FF008-SegmentedRaftLogWorker] INFO  segmented.SegmentedRaftLogWorker (SegmentedRaftLogWorker.java:execute(574)) - 36062c4f-280d-4b0a-9450-edbb927c7915@group-E721348FF008-SegmentedRaftLogWorker: created new log segment /workdir/hadoop-ozone/integration-test/target/test-dir/MiniOzoneClusterImpl-0d9b2814-d928-4fbd-a4f1-019e2ffc4b6f/datanode-3/data/ratis/df8d368c-9ed4-4e99-bc31-e721348ff008/current/log_inprogress_0
2019-10-15 22:49:55,937 [23981206-d98f-49bd-b34a-9ed813c0949a@group-36DB69C635CF-SegmentedRaftLogWorker] INFO  segmented.SegmentedRaftLogWorker (SegmentedRaftLogWorker.java:execute(574)) - 23981206-d98f-49bd-b34a-9ed813c0949a@group-36DB69C635CF-SegmentedRaftLogWorker: created new log segment /workdir/hadoop-ozone/integration-test/target/test-dir/MiniOzoneClusterImpl-0d9b2814-d928-4fbd-a4f1-019e2ffc4b6f/datanode-4/data/ratis/9bee2e5e-3b76-444c-8c46-36db69c635cf/current/log_inprogress_0
2019-10-15 22:49:55,988 [23981206-d98f-49bd-b34a-9ed813c0949a@group-75F71BF599A6-LeaderElection74] INFO  impl.LeaderElection (LeaderElection.java:logAndReturn(56)) - 23981206-d98f-49bd-b34a-9ed813c0949a@group-75F71BF599A6-LeaderElection74: Election PASSED; received 1 response(s) [23981206-d98f-49bd-b34a-9ed813c0949a<-cd11d2e1-8001-4504-aa56-1bbe2d1aee94#0:OK-t1] and 0 exception(s); 23981206-d98f-49bd-b34a-9ed813c0949a@group-75F71BF599A6:t1, leader=null, voted=23981206-d98f-49bd-b34a-9ed813c0949a, raftlog=23981206-d98f-49bd-b34a-9ed813c0949a@group-75F71BF599A6-SegmentedRaftLog:OPENED:c-1,f-1,i0, conf=-1: [23981206-d98f-49bd-b34a-9ed813c0949a:192.168.69.67:32847, d85b637b-10e8-42dc-95d2-be085c1066ae:192.168.69.67:41017, cd11d2e1-8001-4504-aa56-1bbe2d1aee94:192.168.69.67:45850], old=null
2019-10-15 22:49:55,988 [23981206-d98f-49bd-b34a-9ed813c0949a@group-75F71BF599A6-LeaderElection74] INFO  impl.RoleInfo (RoleInfo.java:shutdownLeaderElection(134)) - 23981206-d98f-49bd-b34a-9ed813c0949a: shutdown LeaderElection
2019-10-15 22:49:55,988 [23981206-d98f-49bd-b34a-9ed813c0949a@group-75F71BF599A6-LeaderElection74] INFO  impl.RaftServerImpl (RaftServerImpl.java:setRole(170)) - 23981206-d98f-49bd-b34a-9ed813c0949a@group-75F71BF599A6: changes role from CANDIDATE to LEADER at term 1 for changeToLeader
2019-10-15 22:49:55,988 [23981206-d98f-49bd-b34a-9ed813c0949a@group-75F71BF599A6-LeaderElection74] INFO  impl.RaftServerImpl (ServerState.java:setLeader(255)) - 23981206-d98f-49bd-b34a-9ed813c0949a@group-75F71BF599A6: change Leader from null to 23981206-d98f-49bd-b34a-9ed813c0949a at term 1 for becomeLeader, leader elected after 5186ms
2019-10-15 22:49:55,988 [23981206-d98f-49bd-b34a-9ed813c0949a@group-75F71BF599A6-LeaderElection74] INFO  server.RaftServerConfigKeys (ConfUtils.java:logGet(43)) - raft.server.staging.catchup.gap = 1000 (default)
2019-10-15 22:49:55,988 [23981206-d98f-49bd-b34a-9ed813c0949a@group-75F71BF599A6-LeaderElection74] INFO  server.RaftServerConfigKeys (ConfUtils.java:logGet(43)) - raft.server.rpc.sleep.time = 25ms (default)
2019-10-15 22:49:55,988 [23981206-d98f-49bd-b34a-9ed813c0949a@group-75F71BF599A6-LeaderElection74] INFO  server.RaftServerConfigKeys (ConfUtils.java:logGet(43)) - raft.server.write.element-limit = 4096 (default)
2019-10-15 22:49:55,988 [23981206-d98f-49bd-b34a-9ed813c0949a@group-75F71BF599A6-LeaderElection74] INFO  server.RaftServerConfigKeys (ConfUtils.java:logGet(43)) - raft.server.watch.timeout = 10s (default)
2019-10-15 22:49:55,989 [23981206-d98f-49bd-b34a-9ed813c0949a@group-75F71BF599A6-LeaderElection74] INFO  server.RaftServerConfigKeys (ConfUtils.java:logGet(43)) - raft.server.watch.timeout.denomination = 1s (default)
2019-10-15 22:49:55,989 [23981206-d98f-49bd-b34a-9ed813c0949a@group-75F71BF599A6-LeaderElection74] INFO  server.RaftServerConfigKeys (ConfUtils.java:logGet(43)) - raft.server.watch.element-limit = 65536 (default)
2019-10-15 22:49:55,990 [23981206-d98f-49bd-b34a-9ed813c0949a@group-75F71BF599A6-LeaderElection74] INFO  server.RaftServerConfigKeys (ConfUtils.java:logGet(43)) - raft.server.log.appender.snapshot.chunk.size.max = 16MB (=16777216) (default)
2019-10-15 22:49:55,990 [23981206-d98f-49bd-b34a-9ed813c0949a@group-75F71BF599A6-LeaderElection74] INFO  server.RaftServerConfigKeys (ConfUtils.java:logGet(43)) - raft.server.log.appender.buffer.byte-limit = 33554432 (custom)
2019-10-15 22:49:55,990 [23981206-d98f-49bd-b34a-9ed813c0949a@group-75F71BF599A6-LeaderElection74] INFO  server.RaftServerConfigKeys (ConfUtils.java:logGet(43)) - raft.server.log.appender.buffer.element-limit = 1 (custom)
2019-10-15 22:49:55,990 [23981206-d98f-49bd-b34a-9ed813c0949a@group-75F71BF599A6-LeaderElection74] INFO  grpc.GrpcConfigKeys$Server (ConfUtils.java:logGet(43)) - raft.grpc.server.leader.outstanding.appends.max = 128 (default)
2019-10-15 22:49:55,990 [23981206-d98f-49bd-b34a-9ed813c0949a@group-75F71BF599A6-LeaderElection74] INFO  server.RaftServerConfigKeys (ConfUtils.java:logGet(43)) - raft.server.rpc.request.timeout = 3000ms (default)
2019-10-15 22:49:55,991 [23981206-d98f-49bd-b34a-9ed813c0949a@group-75F71BF599A6-LeaderElection74] INFO  server.RaftServerConfigKeys (ConfUtils.java:logGet(43)) - raft.server.log.appender.install.snapshot.enabled = false (custom)
2019-10-15 22:49:55,991 [23981206-d98f-49bd-b34a-9ed813c0949a@group-75F71BF599A6-LeaderElection74] INFO  server.RaftServerConfigKeys (ConfUtils.java:logGet(43)) - raft.server.log.appender.snapshot.chunk.size.max = 16MB (=16777216) (default)
2019-10-15 22:49:55,991 [23981206-d98f-49bd-b34a-9ed813c0949a@group-75F71BF599A6-LeaderElection74] INFO  server.RaftServerConfigKeys (ConfUtils.java:logGet(43)) - raft.server.log.appender.buffer.byte-limit = 33554432 (custom)
2019-10-15 22:49:55,991 [23981206-d98f-49bd-b34a-9ed813c0949a@group-75F71BF599A6-LeaderElection74] INFO  server.RaftServerConfigKeys (ConfUtils.java:logGet(43)) - raft.server.log.appender.buffer.element-limit = 1 (custom)
2019-10-15 22:49:55,991 [23981206-d98f-49bd-b34a-9ed813c0949a@group-75F71BF599A6-LeaderElection74] INFO  grpc.GrpcConfigKeys$Server (ConfUtils.java:logGet(43)) - raft.grpc.server.leader.outstanding.appends.max = 128 (default)
2019-10-15 22:49:55,991 [23981206-d98f-49bd-b34a-9ed813c0949a@group-75F71BF599A6-LeaderElection74] INFO  server.RaftServerConfigKeys (ConfUtils.java:logGet(43)) - raft.server.rpc.request.timeout = 3000ms (default)
2019-10-15 22:49:55,991 [23981206-d98f-49bd-b34a-9ed813c0949a@group-75F71BF599A6-LeaderElection74] INFO  server.RaftServerConfigKeys (ConfUtils.java:logGet(43)) - raft.server.log.appender.install.snapshot.enabled = false (custom)
2019-10-15 22:49:55,991 [23981206-d98f-49bd-b34a-9ed813c0949a@group-75F71BF599A6-LeaderElection74] INFO  impl.RoleInfo (RoleInfo.java:updateAndGet(143)) - 23981206-d98f-49bd-b34a-9ed813c0949a: start LeaderState
2019-10-15 22:49:55,991 [23981206-d98f-49bd-b34a-9ed813c0949a@group-75F71BF599A6-LeaderElection74] INFO  segmented.SegmentedRaftLogWorker (SegmentedRaftLogWorker.java:startLogSegment(385)) - 23981206-d98f-49bd-b34a-9ed813c0949a@group-75F71BF599A6-SegmentedRaftLogWorker: Starting segment from index:0
2019-10-15 22:49:55,992 [23981206-d98f-49bd-b34a-9ed813c0949a@group-75F71BF599A6-LeaderElection74] INFO  impl.RaftServerImpl (ServerState.java:setRaftConf(356)) - 23981206-d98f-49bd-b34a-9ed813c0949a@group-75F71BF599A6: set configuration 0: [23981206-d98f-49bd-b34a-9ed813c0949a:192.168.69.67:32847, d85b637b-10e8-42dc-95d2-be085c1066ae:192.168.69.67:41017, cd11d2e1-8001-4504-aa56-1bbe2d1aee94:192.168.69.67:45850], old=null at 0
2019-10-15 22:49:56,020 [grpc-default-executor-6] INFO  impl.RaftServerImpl (ServerState.java:setLeader(255)) - cd11d2e1-8001-4504-aa56-1bbe2d1aee94@group-75F71BF599A6: change Leader from null to 23981206-d98f-49bd-b34a-9ed813c0949a at term 1 for appendEntries, leader elected after 5216ms
2019-10-15 22:49:56,023 [23981206-d98f-49bd-b34a-9ed813c0949a@group-75F71BF599A6-SegmentedRaftLogWorker] INFO  segmented.SegmentedRaftLogWorker (SegmentedRaftLogWorker.java:execute(574)) - 23981206-d98f-49bd-b34a-9ed813c0949a@group-75F71BF599A6-SegmentedRaftLogWorker: created new log segment /workdir/hadoop-ozone/integration-test/target/test-dir/MiniOzoneClusterImpl-0d9b2814-d928-4fbd-a4f1-019e2ffc4b6f/datanode-4/data/ratis/08032b27-6f20-486a-89d2-75f71bf599a6/current/log_inprogress_0
2019-10-15 22:49:56,023 [grpc-default-executor-4] INFO  impl.RaftServerImpl (ServerState.java:setLeader(255)) - d85b637b-10e8-42dc-95d2-be085c1066ae@group-75F71BF599A6: change Leader from null to 23981206-d98f-49bd-b34a-9ed813c0949a at term 1 for appendEntries, leader elected after 5218ms
2019-10-15 22:49:56,025 [grpc-default-executor-6] INFO  impl.RaftServerImpl (ServerState.java:setRaftConf(356)) - d85b637b-10e8-42dc-95d2-be085c1066ae@group-75F71BF599A6: set configuration 0: [23981206-d98f-49bd-b34a-9ed813c0949a:192.168.69.67:32847, d85b637b-10e8-42dc-95d2-be085c1066ae:192.168.69.67:41017, cd11d2e1-8001-4504-aa56-1bbe2d1aee94:192.168.69.67:45850], old=null at 0
2019-10-15 22:49:56,025 [grpc-default-executor-4] INFO  impl.RaftServerImpl (ServerState.java:setRaftConf(356)) - cd11d2e1-8001-4504-aa56-1bbe2d1aee94@group-75F71BF599A6: set configuration 0: [23981206-d98f-49bd-b34a-9ed813c0949a:192.168.69.67:32847, d85b637b-10e8-42dc-95d2-be085c1066ae:192.168.69.67:41017, cd11d2e1-8001-4504-aa56-1bbe2d1aee94:192.168.69.67:45850], old=null at 0
2019-10-15 22:49:56,025 [grpc-default-executor-6] INFO  segmented.SegmentedRaftLogWorker (SegmentedRaftLogWorker.java:startLogSegment(385)) - d85b637b-10e8-42dc-95d2-be085c1066ae@group-75F71BF599A6-SegmentedRaftLogWorker: Starting segment from index:0
2019-10-15 22:49:56,025 [grpc-default-executor-4] INFO  segmented.SegmentedRaftLogWorker (SegmentedRaftLogWorker.java:startLogSegment(385)) - cd11d2e1-8001-4504-aa56-1bbe2d1aee94@group-75F71BF599A6-SegmentedRaftLogWorker: Starting segment from index:0
2019-10-15 22:49:56,059 [cd11d2e1-8001-4504-aa56-1bbe2d1aee94@group-75F71BF599A6-SegmentedRaftLogWorker] INFO  segmented.SegmentedRaftLogWorker (SegmentedRaftLogWorker.java:execute(574)) - cd11d2e1-8001-4504-aa56-1bbe2d1aee94@group-75F71BF599A6-SegmentedRaftLogWorker: created new log segment /workdir/hadoop-ozone/integration-test/target/test-dir/MiniOzoneClusterImpl-0d9b2814-d928-4fbd-a4f1-019e2ffc4b6f/datanode-6/data/ratis/08032b27-6f20-486a-89d2-75f71bf599a6/current/log_inprogress_0
2019-10-15 22:49:56,059 [d85b637b-10e8-42dc-95d2-be085c1066ae@group-75F71BF599A6-SegmentedRaftLogWorker] INFO  segmented.SegmentedRaftLogWorker (SegmentedRaftLogWorker.java:execute(574)) - d85b637b-10e8-42dc-95d2-be085c1066ae@group-75F71BF599A6-SegmentedRaftLogWorker: created new log segment /workdir/hadoop-ozone/integration-test/target/test-dir/MiniOzoneClusterImpl-0d9b2814-d928-4fbd-a4f1-019e2ffc4b6f/datanode-5/data/ratis/08032b27-6f20-486a-89d2-75f71bf599a6/current/log_inprogress_0
2019-10-15 22:50:00,818 [Thread-3125] INFO  impl.FollowerState (FollowerState.java:run(108)) - 483636e5-9a11-4bb0-8530-e11a4b7d6bf1@group-1F7DA0480EC4-FollowerState: change to CANDIDATE, lastRpcTime:5059ms, electionTimeout:5056ms
2019-10-15 22:50:00,818 [Thread-3125] INFO  impl.RoleInfo (RoleInfo.java:shutdownFollowerState(121)) - 483636e5-9a11-4bb0-8530-e11a4b7d6bf1: shutdown FollowerState
2019-10-15 22:50:00,819 [Thread-3125] INFO  impl.RaftServerImpl (RaftServerImpl.java:setRole(170)) - 483636e5-9a11-4bb0-8530-e11a4b7d6bf1@group-1F7DA0480EC4: changes role from  FOLLOWER to CANDIDATE at term 1 for changeToCandidate
2019-10-15 22:50:00,819 [Thread-3125] INFO  impl.RoleInfo (RoleInfo.java:updateAndGet(143)) - 483636e5-9a11-4bb0-8530-e11a4b7d6bf1: start LeaderElection
2019-10-15 22:50:00,850 [Thread-3122] INFO  impl.FollowerState (FollowerState.java:run(108)) - fa254a61-b2f8-4688-8f31-8c719d7080b4@group-1F7DA0480EC4-FollowerState: change to CANDIDATE, lastRpcTime:5095ms, electionTimeout:5094ms
2019-10-15 22:50:00,851 [Thread-3122] INFO  impl.RoleInfo (RoleInfo.java:shutdownFollowerState(121)) - fa254a61-b2f8-4688-8f31-8c719d7080b4: shutdown FollowerState
2019-10-15 22:50:00,851 [Thread-3122] INFO  impl.RaftServerImpl (RaftServerImpl.java:setRole(170)) - fa254a61-b2f8-4688-8f31-8c719d7080b4@group-1F7DA0480EC4: changes role from  FOLLOWER to CANDIDATE at term 1 for changeToCandidate
2019-10-15 22:50:00,851 [Thread-3122] INFO  impl.RoleInfo (RoleInfo.java:updateAndGet(143)) - fa254a61-b2f8-4688-8f31-8c719d7080b4: start LeaderElection
2019-10-15 22:50:00,856 [483636e5-9a11-4bb0-8530-e11a4b7d6bf1@group-1F7DA0480EC4-LeaderElection75] INFO  impl.LeaderElection (LeaderElection.java:askForVotes(178)) - 483636e5-9a11-4bb0-8530-e11a4b7d6bf1@group-1F7DA0480EC4-LeaderElection75: begin an election at term 2 for -1: [483636e5-9a11-4bb0-8530-e11a4b7d6bf1:192.168.69.67:40065, fa254a61-b2f8-4688-8f31-8c719d7080b4:192.168.69.67:42698, b3c1af8e-b304-41b3-9967-023a9461ce9d:192.168.69.67:40932], old=null
2019-10-15 22:50:00,863 [grpc-default-executor-6] INFO  impl.RaftServerImpl (RaftServerImpl.java:setRole(170)) - b3c1af8e-b304-41b3-9967-023a9461ce9d@group-1F7DA0480EC4: changes role from  FOLLOWER to FOLLOWER at term 2 for recognizeCandidate:483636e5-9a11-4bb0-8530-e11a4b7d6bf1
2019-10-15 22:50:00,863 [grpc-default-executor-6] INFO  impl.RoleInfo (RoleInfo.java:shutdownFollowerState(121)) - b3c1af8e-b304-41b3-9967-023a9461ce9d: shutdown FollowerState
2019-10-15 22:50:00,863 [grpc-default-executor-6] INFO  impl.RoleInfo (RoleInfo.java:updateAndGet(143)) - b3c1af8e-b304-41b3-9967-023a9461ce9d: start FollowerState
2019-10-15 22:50:00,863 [Thread-3124] INFO  impl.FollowerState (FollowerState.java:run(117)) - b3c1af8e-b304-41b3-9967-023a9461ce9d@group-1F7DA0480EC4-FollowerState was interrupted: java.lang.InterruptedException: sleep interrupted
2019-10-15 22:50:00,881 [fa254a61-b2f8-4688-8f31-8c719d7080b4@group-1F7DA0480EC4-LeaderElection76] INFO  impl.LeaderElection (LeaderElection.java:askForVotes(178)) - fa254a61-b2f8-4688-8f31-8c719d7080b4@group-1F7DA0480EC4-LeaderElection76: begin an election at term 2 for -1: [483636e5-9a11-4bb0-8530-e11a4b7d6bf1:192.168.69.67:40065, fa254a61-b2f8-4688-8f31-8c719d7080b4:192.168.69.67:42698, b3c1af8e-b304-41b3-9967-023a9461ce9d:192.168.69.67:40932], old=null
2019-10-15 22:50:00,882 [483636e5-9a11-4bb0-8530-e11a4b7d6bf1@group-1F7DA0480EC4-LeaderElection75] INFO  impl.LeaderElection (LeaderElection.java:logAndReturn(56)) - 483636e5-9a11-4bb0-8530-e11a4b7d6bf1@group-1F7DA0480EC4-LeaderElection75: Election PASSED; received 2 response(s) [483636e5-9a11-4bb0-8530-e11a4b7d6bf1<-fa254a61-b2f8-4688-8f31-8c719d7080b4#0:FAIL-t2, 483636e5-9a11-4bb0-8530-e11a4b7d6bf1<-b3c1af8e-b304-41b3-9967-023a9461ce9d#0:OK-t2] and 0 exception(s); 483636e5-9a11-4bb0-8530-e11a4b7d6bf1@group-1F7DA0480EC4:t2, leader=null, voted=483636e5-9a11-4bb0-8530-e11a4b7d6bf1, raftlog=483636e5-9a11-4bb0-8530-e11a4b7d6bf1@group-1F7DA0480EC4-SegmentedRaftLog:OPENED:c-1,f-1,i0, conf=-1: [483636e5-9a11-4bb0-8530-e11a4b7d6bf1:192.168.69.67:40065, fa254a61-b2f8-4688-8f31-8c719d7080b4:192.168.69.67:42698, b3c1af8e-b304-41b3-9967-023a9461ce9d:192.168.69.67:40932], old=null
2019-10-15 22:50:00,883 [483636e5-9a11-4bb0-8530-e11a4b7d6bf1@group-1F7DA0480EC4-LeaderElection75] INFO  impl.RoleInfo (RoleInfo.java:shutdownLeaderElection(134)) - 483636e5-9a11-4bb0-8530-e11a4b7d6bf1: shutdown LeaderElection
2019-10-15 22:50:00,883 [483636e5-9a11-4bb0-8530-e11a4b7d6bf1@group-1F7DA0480EC4-LeaderElection75] INFO  impl.RaftServerImpl (RaftServerImpl.java:setRole(170)) - 483636e5-9a11-4bb0-8530-e11a4b7d6bf1@group-1F7DA0480EC4: changes role from CANDIDATE to LEADER at term 2 for changeToLeader
2019-10-15 22:50:00,883 [483636e5-9a11-4bb0-8530-e11a4b7d6bf1@group-1F7DA0480EC4-LeaderElection75] INFO  impl.RaftServerImpl (ServerState.java:setLeader(255)) - 483636e5-9a11-4bb0-8530-e11a4b7d6bf1@group-1F7DA0480EC4: change Leader from null to 483636e5-9a11-4bb0-8530-e11a4b7d6bf1 at term 2 for becomeLeader, leader elected after 10430ms
2019-10-15 22:50:00,883 [483636e5-9a11-4bb0-8530-e11a4b7d6bf1@group-1F7DA0480EC4-LeaderElection75] INFO  server.RaftServerConfigKeys (ConfUtils.java:logGet(43)) - raft.server.staging.catchup.gap = 1000 (default)
2019-10-15 22:50:00,883 [483636e5-9a11-4bb0-8530-e11a4b7d6bf1@group-1F7DA0480EC4-LeaderElection75] INFO  server.RaftServerConfigKeys (ConfUtils.java:logGet(43)) - raft.server.rpc.sleep.time = 25ms (default)
2019-10-15 22:50:00,884 [483636e5-9a11-4bb0-8530-e11a4b7d6bf1@group-1F7DA0480EC4-LeaderElection75] INFO  server.RaftServerConfigKeys (ConfUtils.java:logGet(43)) - raft.server.write.element-limit = 4096 (default)
2019-10-15 22:50:00,884 [483636e5-9a11-4bb0-8530-e11a4b7d6bf1@group-1F7DA0480EC4-LeaderElection75] INFO  server.RaftServerConfigKeys (ConfUtils.java:logGet(43)) - raft.server.watch.timeout = 10s (default)
2019-10-15 22:50:00,884 [483636e5-9a11-4bb0-8530-e11a4b7d6bf1@group-1F7DA0480EC4-LeaderElection75] INFO  server.RaftServerConfigKeys (ConfUtils.java:logGet(43)) - raft.server.watch.timeout.denomination = 1s (default)
2019-10-15 22:50:00,884 [483636e5-9a11-4bb0-8530-e11a4b7d6bf1@group-1F7DA0480EC4-LeaderElection75] INFO  server.RaftServerConfigKeys (ConfUtils.java:logGet(43)) - raft.server.watch.element-limit = 65536 (default)
2019-10-15 22:50:00,887 [483636e5-9a11-4bb0-8530-e11a4b7d6bf1@group-1F7DA0480EC4-LeaderElection75] INFO  server.RaftServerConfigKeys (ConfUtils.java:logGet(43)) - raft.server.log.appender.snapshot.chunk.size.max = 16MB (=16777216) (default)
2019-10-15 22:50:00,887 [483636e5-9a11-4bb0-8530-e11a4b7d6bf1@group-1F7DA0480EC4-LeaderElection75] INFO  server.RaftServerConfigKeys (ConfUtils.java:logGet(43)) - raft.server.log.appender.buffer.byte-limit = 33554432 (custom)
2019-10-15 22:50:00,887 [483636e5-9a11-4bb0-8530-e11a4b7d6bf1@group-1F7DA0480EC4-LeaderElection75] INFO  server.RaftServerConfigKeys (ConfUtils.java:logGet(43)) - raft.server.log.appender.buffer.element-limit = 1 (custom)
2019-10-15 22:50:00,888 [483636e5-9a11-4bb0-8530-e11a4b7d6bf1@group-1F7DA0480EC4-LeaderElection75] INFO  grpc.GrpcConfigKeys$Server (ConfUtils.java:logGet(43)) - raft.grpc.server.leader.outstanding.appends.max = 128 (default)
2019-10-15 22:50:00,888 [483636e5-9a11-4bb0-8530-e11a4b7d6bf1@group-1F7DA0480EC4-LeaderElection75] INFO  server.RaftServerConfigKeys (ConfUtils.java:logGet(43)) - raft.server.rpc.request.timeout = 3000ms (default)
2019-10-15 22:50:00,888 [483636e5-9a11-4bb0-8530-e11a4b7d6bf1@group-1F7DA0480EC4-LeaderElection75] INFO  server.RaftServerConfigKeys (ConfUtils.java:logGet(43)) - raft.server.log.appender.install.snapshot.enabled = false (custom)
2019-10-15 22:50:00,888 [483636e5-9a11-4bb0-8530-e11a4b7d6bf1@group-1F7DA0480EC4-LeaderElection75] INFO  server.RaftServerConfigKeys (ConfUtils.java:logGet(43)) - raft.server.log.appender.snapshot.chunk.size.max = 16MB (=16777216) (default)
2019-10-15 22:50:00,888 [483636e5-9a11-4bb0-8530-e11a4b7d6bf1@group-1F7DA0480EC4-LeaderElection75] INFO  server.RaftServerConfigKeys (ConfUtils.java:logGet(43)) - raft.server.log.appender.buffer.byte-limit = 33554432 (custom)
2019-10-15 22:50:00,889 [483636e5-9a11-4bb0-8530-e11a4b7d6bf1@group-1F7DA0480EC4-LeaderElection75] INFO  server.RaftServerConfigKeys (ConfUtils.java:logGet(43)) - raft.server.log.appender.buffer.element-limit = 1 (custom)
2019-10-15 22:50:00,889 [483636e5-9a11-4bb0-8530-e11a4b7d6bf1@group-1F7DA0480EC4-LeaderElection75] INFO  grpc.GrpcConfigKeys$Server (ConfUtils.java:logGet(43)) - raft.grpc.server.leader.outstanding.appends.max = 128 (default)
2019-10-15 22:50:00,889 [483636e5-9a11-4bb0-8530-e11a4b7d6bf1@group-1F7DA0480EC4-LeaderElection75] INFO  server.RaftServerConfigKeys (ConfUtils.java:logGet(43)) - raft.server.rpc.request.timeout = 3000ms (default)
2019-10-15 22:50:00,889 [483636e5-9a11-4bb0-8530-e11a4b7d6bf1@group-1F7DA0480EC4-LeaderElection75] INFO  server.RaftServerConfigKeys (ConfUtils.java:logGet(43)) - raft.server.log.appender.install.snapshot.enabled = false (custom)
2019-10-15 22:50:00,889 [483636e5-9a11-4bb0-8530-e11a4b7d6bf1@group-1F7DA0480EC4-LeaderElection75] INFO  impl.RoleInfo (RoleInfo.java:updateAndGet(143)) - 483636e5-9a11-4bb0-8530-e11a4b7d6bf1: start LeaderState
2019-10-15 22:50:00,890 [483636e5-9a11-4bb0-8530-e11a4b7d6bf1@group-1F7DA0480EC4-LeaderElection75] INFO  segmented.SegmentedRaftLogWorker (SegmentedRaftLogWorker.java:startLogSegment(385)) - 483636e5-9a11-4bb0-8530-e11a4b7d6bf1@group-1F7DA0480EC4-SegmentedRaftLogWorker: Starting segment from index:0
2019-10-15 22:50:00,891 [483636e5-9a11-4bb0-8530-e11a4b7d6bf1@group-1F7DA0480EC4-LeaderElection75] INFO  impl.RaftServerImpl (ServerState.java:setRaftConf(356)) - 483636e5-9a11-4bb0-8530-e11a4b7d6bf1@group-1F7DA0480EC4: set configuration 0: [483636e5-9a11-4bb0-8530-e11a4b7d6bf1:192.168.69.67:40065, fa254a61-b2f8-4688-8f31-8c719d7080b4:192.168.69.67:42698, b3c1af8e-b304-41b3-9967-023a9461ce9d:192.168.69.67:40932], old=null at 0
2019-10-15 22:50:00,925 [grpc-default-executor-4] INFO  impl.RaftServerImpl (RaftServerImpl.java:requestVote(754)) - 483636e5-9a11-4bb0-8530-e11a4b7d6bf1@group-1F7DA0480EC4-   LEADER: Withhold vote from candidate fa254a61-b2f8-4688-8f31-8c719d7080b4 with term 2. State: leader=483636e5-9a11-4bb0-8530-e11a4b7d6bf1, term=2, lastRpcElapsed=null
2019-10-15 22:50:00,927 [fa254a61-b2f8-4688-8f31-8c719d7080b4@group-1F7DA0480EC4-LeaderElection76] INFO  impl.LeaderElection (LeaderElection.java:logAndReturn(56)) - fa254a61-b2f8-4688-8f31-8c719d7080b4@group-1F7DA0480EC4-LeaderElection76: Election REJECTED; received 2 response(s) [fa254a61-b2f8-4688-8f31-8c719d7080b4<-483636e5-9a11-4bb0-8530-e11a4b7d6bf1#0:FAIL-t2, fa254a61-b2f8-4688-8f31-8c719d7080b4<-b3c1af8e-b304-41b3-9967-023a9461ce9d#0:FAIL-t2] and 0 exception(s); fa254a61-b2f8-4688-8f31-8c719d7080b4@group-1F7DA0480EC4:t2, leader=null, voted=fa254a61-b2f8-4688-8f31-8c719d7080b4, raftlog=fa254a61-b2f8-4688-8f31-8c719d7080b4@group-1F7DA0480EC4-SegmentedRaftLog:OPENED:c-1,f-1,i0, conf=-1: [483636e5-9a11-4bb0-8530-e11a4b7d6bf1:192.168.69.67:40065, fa254a61-b2f8-4688-8f31-8c719d7080b4:192.168.69.67:42698, b3c1af8e-b304-41b3-9967-023a9461ce9d:192.168.69.67:40932], old=null
2019-10-15 22:50:00,928 [fa254a61-b2f8-4688-8f31-8c719d7080b4@group-1F7DA0480EC4-LeaderElection76] INFO  impl.RaftServerImpl (RaftServerImpl.java:setRole(170)) - fa254a61-b2f8-4688-8f31-8c719d7080b4@group-1F7DA0480EC4: changes role from CANDIDATE to FOLLOWER at term 2 for DISCOVERED_A_NEW_TERM
2019-10-15 22:50:00,928 [fa254a61-b2f8-4688-8f31-8c719d7080b4@group-1F7DA0480EC4-LeaderElection76] INFO  impl.RoleInfo (RoleInfo.java:shutdownLeaderElection(134)) - fa254a61-b2f8-4688-8f31-8c719d7080b4: shutdown LeaderElection
2019-10-15 22:50:00,928 [grpc-default-executor-4] INFO  impl.RaftServerImpl (ServerState.java:setLeader(255)) - b3c1af8e-b304-41b3-9967-023a9461ce9d@group-1F7DA0480EC4: change Leader from null to 483636e5-9a11-4bb0-8530-e11a4b7d6bf1 at term 2 for appendEntries, leader elected after 10475ms
2019-10-15 22:50:00,929 [fa254a61-b2f8-4688-8f31-8c719d7080b4@group-1F7DA0480EC4-LeaderElection76] INFO  impl.RoleInfo (RoleInfo.java:updateAndGet(143)) - fa254a61-b2f8-4688-8f31-8c719d7080b4: start FollowerState
2019-10-15 22:50:00,930 [grpc-default-executor-6] INFO  impl.RaftServerImpl (ServerState.java:setLeader(255)) - fa254a61-b2f8-4688-8f31-8c719d7080b4@group-1F7DA0480EC4: change Leader from null to 483636e5-9a11-4bb0-8530-e11a4b7d6bf1 at term 2 for appendEntries, leader elected after 10477ms
2019-10-15 22:50:00,931 [grpc-default-executor-4] INFO  impl.RaftServerImpl (ServerState.java:setRaftConf(356)) - b3c1af8e-b304-41b3-9967-023a9461ce9d@group-1F7DA0480EC4: set configuration 0: [483636e5-9a11-4bb0-8530-e11a4b7d6bf1:192.168.69.67:40065, fa254a61-b2f8-4688-8f31-8c719d7080b4:192.168.69.67:42698, b3c1af8e-b304-41b3-9967-023a9461ce9d:192.168.69.67:40932], old=null at 0
2019-10-15 22:50:00,931 [grpc-default-executor-6] INFO  impl.RaftServerImpl (ServerState.java:setRaftConf(356)) - fa254a61-b2f8-4688-8f31-8c719d7080b4@group-1F7DA0480EC4: set configuration 0: [483636e5-9a11-4bb0-8530-e11a4b7d6bf1:192.168.69.67:40065, fa254a61-b2f8-4688-8f31-8c719d7080b4:192.168.69.67:42698, b3c1af8e-b304-41b3-9967-023a9461ce9d:192.168.69.67:40932], old=null at 0
2019-10-15 22:50:00,931 [grpc-default-executor-4] INFO  segmented.SegmentedRaftLogWorker (SegmentedRaftLogWorker.java:startLogSegment(385)) - b3c1af8e-b304-41b3-9967-023a9461ce9d@group-1F7DA0480EC4-SegmentedRaftLogWorker: Starting segment from index:0
2019-10-15 22:50:00,932 [grpc-default-executor-6] INFO  segmented.SegmentedRaftLogWorker (SegmentedRaftLogWorker.java:startLogSegment(385)) - fa254a61-b2f8-4688-8f31-8c719d7080b4@group-1F7DA0480EC4-SegmentedRaftLogWorker: Starting segment from index:0
2019-10-15 22:50:00,936 [483636e5-9a11-4bb0-8530-e11a4b7d6bf1@group-1F7DA0480EC4-SegmentedRaftLogWorker] INFO  segmented.SegmentedRaftLogWorker (SegmentedRaftLogWorker.java:execute(574)) - 483636e5-9a11-4bb0-8530-e11a4b7d6bf1@group-1F7DA0480EC4-SegmentedRaftLogWorker: created new log segment /workdir/hadoop-ozone/integration-test/target/test-dir/MiniOzoneClusterImpl-0d9b2814-d928-4fbd-a4f1-019e2ffc4b6f/datanode-0/data/ratis/fe68cec3-cf9d-4de2-924a-1f7da0480ec4/current/log_inprogress_0
2019-10-15 22:50:00,985 [fa254a61-b2f8-4688-8f31-8c719d7080b4@group-1F7DA0480EC4-SegmentedRaftLogWorker] INFO  segmented.SegmentedRaftLogWorker (SegmentedRaftLogWorker.java:execute(574)) - fa254a61-b2f8-4688-8f31-8c719d7080b4@group-1F7DA0480EC4-SegmentedRaftLogWorker: created new log segment /workdir/hadoop-ozone/integration-test/target/test-dir/MiniOzoneClusterImpl-0d9b2814-d928-4fbd-a4f1-019e2ffc4b6f/datanode-1/data/ratis/fe68cec3-cf9d-4de2-924a-1f7da0480ec4/current/log_inprogress_0
2019-10-15 22:50:00,985 [b3c1af8e-b304-41b3-9967-023a9461ce9d@group-1F7DA0480EC4-SegmentedRaftLogWorker] INFO  segmented.SegmentedRaftLogWorker (SegmentedRaftLogWorker.java:execute(574)) - b3c1af8e-b304-41b3-9967-023a9461ce9d@group-1F7DA0480EC4-SegmentedRaftLogWorker: created new log segment /workdir/hadoop-ozone/integration-test/target/test-dir/MiniOzoneClusterImpl-0d9b2814-d928-4fbd-a4f1-019e2ffc4b6f/datanode-2/data/ratis/fe68cec3-cf9d-4de2-924a-1f7da0480ec4/current/log_inprogress_0
2019-10-15 22:50:02,088 [Datanode State Machine Thread - 0] INFO  statemachine.DatanodeStateMachine (DatanodeStateMachine.java:lambda$startDaemon$0(350)) - Ozone container server started.
2019-10-15 22:50:06,166 [EventQueue-StaleNodeForStaleNodeHandler] INFO  node.StaleNodeHandler (StaleNodeHandler.java:onMessage(58)) - Datanode fa254a61-b2f8-4688-8f31-8c719d7080b4{ip: 192.168.69.67, host: pr-hdds-2071-8rz7p-357833546, networkLocation: /default-rack, certSerialId: null} moved to stale state. Finalizing its pipelines [PipelineID=39b31bd9-857f-487c-a6e7-8c0473aec5df, PipelineID=fe68cec3-cf9d-4de2-924a-1f7da0480ec4]
2019-10-15 22:50:06,167 [EventQueue-StaleNodeForStaleNodeHandler] INFO  pipeline.SCMPipelineManager (SCMPipelineManager.java:finalizeAndDestroyPipeline(315)) - destroying pipeline:Pipeline[ Id: 39b31bd9-857f-487c-a6e7-8c0473aec5df, Nodes: fa254a61-b2f8-4688-8f31-8c719d7080b4{ip: 192.168.69.67, host: pr-hdds-2071-8rz7p-357833546, networkLocation: /default-rack, certSerialId: null}, Type:RATIS, Factor:ONE, State:OPEN]
2019-10-15 22:50:06,167 [EventQueue-StaleNodeForStaleNodeHandler] INFO  pipeline.PipelineStateManager (PipelineStateManager.java:finalizePipeline(123)) - Pipeline Pipeline[ Id: 39b31bd9-857f-487c-a6e7-8c0473aec5df, Nodes: fa254a61-b2f8-4688-8f31-8c719d7080b4{ip: 192.168.69.67, host: pr-hdds-2071-8rz7p-357833546, networkLocation: /default-rack, certSerialId: null}, Type:RATIS, Factor:ONE, State:CLOSED] moved to CLOSED state
2019-10-15 22:50:06,167 [EventQueue-StaleNodeForStaleNodeHandler] INFO  pipeline.SCMPipelineManager (SCMPipelineManager.java:finalizeAndDestroyPipeline(315)) - destroying pipeline:Pipeline[ Id: fe68cec3-cf9d-4de2-924a-1f7da0480ec4, Nodes: fa254a61-b2f8-4688-8f31-8c719d7080b4{ip: 192.168.69.67, host: pr-hdds-2071-8rz7p-357833546, networkLocation: /default-rack, certSerialId: null}483636e5-9a11-4bb0-8530-e11a4b7d6bf1{ip: 192.168.69.67, host: pr-hdds-2071-8rz7p-357833546, networkLocation: /default-rack, certSerialId: null}b3c1af8e-b304-41b3-9967-023a9461ce9d{ip: 192.168.69.67, host: pr-hdds-2071-8rz7p-357833546, networkLocation: /default-rack, certSerialId: null}, Type:RATIS, Factor:THREE, State:OPEN]
2019-10-15 22:50:06,167 [EventQueue-StaleNodeForStaleNodeHandler] INFO  pipeline.PipelineStateManager (PipelineStateManager.java:finalizePipeline(123)) - Pipeline Pipeline[ Id: fe68cec3-cf9d-4de2-924a-1f7da0480ec4, Nodes: fa254a61-b2f8-4688-8f31-8c719d7080b4{ip: 192.168.69.67, host: pr-hdds-2071-8rz7p-357833546, networkLocation: /default-rack, certSerialId: null}483636e5-9a11-4bb0-8530-e11a4b7d6bf1{ip: 192.168.69.67, host: pr-hdds-2071-8rz7p-357833546, networkLocation: /default-rack, certSerialId: null}b3c1af8e-b304-41b3-9967-023a9461ce9d{ip: 192.168.69.67, host: pr-hdds-2071-8rz7p-357833546, networkLocation: /default-rack, certSerialId: null}, Type:RATIS, Factor:THREE, State:CLOSED] moved to CLOSED state
2019-10-15 22:50:06,168 [EventQueue-CloseContainerForCloseContainerEventHandler] INFO  container.CloseContainerEventHandler (CloseContainerEventHandler.java:onMessage(61)) - Close container Event triggered for container : #1
2019-10-15 22:50:06,343 [main] INFO  ozoneimpl.OzoneContainer (OzoneContainer.java:stop(227)) - Attempting to stop container services.
2019-10-15 22:50:06,347 [main] INFO  impl.RaftServerProxy (RaftServerProxy.java:lambda$close$4(314)) - fa254a61-b2f8-4688-8f31-8c719d7080b4: close
2019-10-15 22:50:06,348 [main] INFO  impl.RaftServerImpl (RaftServerImpl.java:lambda$shutdown$3(247)) - fa254a61-b2f8-4688-8f31-8c719d7080b4@group-8C0473AEC5DF: shutdown
2019-10-15 22:50:06,349 [main] INFO  util.JmxRegister (JmxRegister.java:unregister(73)) - Successfully un-registered JMX Bean with object name Ratis:service=RaftServer,group=group-8C0473AEC5DF,id=fa254a61-b2f8-4688-8f31-8c719d7080b4
2019-10-15 22:50:06,349 [main] INFO  impl.RoleInfo (RoleInfo.java:shutdownLeaderState(104)) - fa254a61-b2f8-4688-8f31-8c719d7080b4: shutdown LeaderState
2019-10-15 22:50:06,350 [main] INFO  impl.PendingRequests (PendingRequests.java:sendNotLeaderResponses(202)) - fa254a61-b2f8-4688-8f31-8c719d7080b4@group-8C0473AEC5DF-PendingRequests: sendNotLeaderResponses
2019-10-15 22:50:06,350 [main] INFO  impl.StateMachineUpdater (StateMachineUpdater.java:stopAndJoin(136)) - fa254a61-b2f8-4688-8f31-8c719d7080b4@group-8C0473AEC5DF-StateMachineUpdater: set stopIndex = 0
2019-10-15 22:50:06,351 [main] INFO  impl.RaftServerImpl (ServerState.java:close(387)) - fa254a61-b2f8-4688-8f31-8c719d7080b4@group-8C0473AEC5DF: closes. applyIndex: 0
2019-10-15 22:50:06,352 [fa254a61-b2f8-4688-8f31-8c719d7080b4@group-8C0473AEC5DF-SegmentedRaftLogWorker] INFO  segmented.SegmentedRaftLogWorker (SegmentedRaftLogWorker.java:run(316)) - fa254a61-b2f8-4688-8f31-8c719d7080b4@group-8C0473AEC5DF-SegmentedRaftLogWorker was interrupted, exiting. There are 0 tasks remaining in the queue.
2019-10-15 22:50:06,355 [main] INFO  segmented.SegmentedRaftLogWorker (SegmentedRaftLogWorker.java:close(224)) - fa254a61-b2f8-4688-8f31-8c719d7080b4@group-8C0473AEC5DF-SegmentedRaftLogWorker close()
2019-10-15 22:50:06,358 [main] INFO  impl.RaftServerImpl (RaftServerImpl.java:lambda$shutdown$3(247)) - fa254a61-b2f8-4688-8f31-8c719d7080b4@group-1F7DA0480EC4: shutdown
2019-10-15 22:50:06,358 [main] INFO  util.JmxRegister (JmxRegister.java:unregister(73)) - Successfully un-registered JMX Bean with object name Ratis:service=RaftServer,group=group-1F7DA0480EC4,id=fa254a61-b2f8-4688-8f31-8c719d7080b4
2019-10-15 22:50:06,359 [main] INFO  impl.RoleInfo (RoleInfo.java:shutdownFollowerState(121)) - fa254a61-b2f8-4688-8f31-8c719d7080b4: shutdown FollowerState
2019-10-15 22:50:06,359 [main] INFO  impl.StateMachineUpdater (StateMachineUpdater.java:stopAndJoin(136)) - fa254a61-b2f8-4688-8f31-8c719d7080b4@group-1F7DA0480EC4-StateMachineUpdater: set stopIndex = 14
2019-10-15 22:50:06,359 [Thread-3170] INFO  impl.FollowerState (FollowerState.java:run(117)) - fa254a61-b2f8-4688-8f31-8c719d7080b4@group-1F7DA0480EC4-FollowerState was interrupted: java.lang.InterruptedException: sleep interrupted
2019-10-15 22:50:06,359 [fa254a61-b2f8-4688-8f31-8c719d7080b4@group-1F7DA0480EC4-StateMachineUpdater] INFO  ratis.ContainerStateMachine (ContainerStateMachine.java:takeSnapshot(294)) - group-1F7DA0480EC4: Taking a snapshot at:(t:2, i:12) file /workdir/hadoop-ozone/integration-test/target/test-dir/MiniOzoneClusterImpl-0d9b2814-d928-4fbd-a4f1-019e2ffc4b6f/datanode-1/data/ratis/fe68cec3-cf9d-4de2-924a-1f7da0480ec4/sm/snapshot.2_12
2019-10-15 22:50:09,434 [fa254a61-b2f8-4688-8f31-8c719d7080b4@group-1F7DA0480EC4-StateMachineUpdater] INFO  ratis.ContainerStateMachine (ContainerStateMachine.java:takeSnapshot(305)) - group-1F7DA0480EC4: Finished taking a snapshot at:(t:2, i:12) file:/workdir/hadoop-ozone/integration-test/target/test-dir/MiniOzoneClusterImpl-0d9b2814-d928-4fbd-a4f1-019e2ffc4b6f/datanode-1/data/ratis/fe68cec3-cf9d-4de2-924a-1f7da0480ec4/sm/snapshot.2_12 time:3074
2019-10-15 22:50:09,434 [fa254a61-b2f8-4688-8f31-8c719d7080b4@group-1F7DA0480EC4-StateMachineUpdater] INFO  impl.StateMachineUpdater (StateMachineUpdater.java:takeSnapshot(269)) - fa254a61-b2f8-4688-8f31-8c719d7080b4@group-1F7DA0480EC4-StateMachineUpdater: Took a snapshot at index 12
2019-10-15 22:50:09,434 [fa254a61-b2f8-4688-8f31-8c719d7080b4@group-1F7DA0480EC4-StateMachineUpdater] INFO  impl.StateMachineUpdater (StateMachineUpdater.java:lambda$new$0(84)) - fa254a61-b2f8-4688-8f31-8c719d7080b4@group-1F7DA0480EC4-StateMachineUpdater: snapshotIndex: updateIncreasingly -1 -> 12
2019-10-15 22:50:09,435 [fa254a61-b2f8-4688-8f31-8c719d7080b4@group-1F7DA0480EC4-StateMachineUpdater] INFO  ratis.ContainerStateMachine (ContainerStateMachine.java:takeSnapshot(294)) - group-1F7DA0480EC4: Taking a snapshot at:(t:2, i:12) file /workdir/hadoop-ozone/integration-test/target/test-dir/MiniOzoneClusterImpl-0d9b2814-d928-4fbd-a4f1-019e2ffc4b6f/datanode-1/data/ratis/fe68cec3-cf9d-4de2-924a-1f7da0480ec4/sm/snapshot.2_12
2019-10-15 22:50:09,455 [fa254a61-b2f8-4688-8f31-8c719d7080b4@group-1F7DA0480EC4-StateMachineUpdater] INFO  ratis.ContainerStateMachine (ContainerStateMachine.java:takeSnapshot(305)) - group-1F7DA0480EC4: Finished taking a snapshot at:(t:2, i:12) file:/workdir/hadoop-ozone/integration-test/target/test-dir/MiniOzoneClusterImpl-0d9b2814-d928-4fbd-a4f1-019e2ffc4b6f/datanode-1/data/ratis/fe68cec3-cf9d-4de2-924a-1f7da0480ec4/sm/snapshot.2_12 time:19
2019-10-15 22:50:09,455 [fa254a61-b2f8-4688-8f31-8c719d7080b4@group-1F7DA0480EC4-StateMachineUpdater] INFO  impl.StateMachineUpdater (StateMachineUpdater.java:takeSnapshot(269)) - fa254a61-b2f8-4688-8f31-8c719d7080b4@group-1F7DA0480EC4-StateMachineUpdater: Took a snapshot at index 12
2019-10-15 22:50:09,455 [fa254a61-b2f8-4688-8f31-8c719d7080b4@group-1F7DA0480EC4-StateMachineUpdater] INFO  impl.StateMachineUpdater (StateMachineUpdater.java:lambda$new$0(84)) - fa254a61-b2f8-4688-8f31-8c719d7080b4@group-1F7DA0480EC4-StateMachineUpdater: snapshotIndex: updateIncreasingly 12 -> 12
2019-10-15 22:50:09,455 [main] INFO  impl.RaftServerImpl (ServerState.java:close(387)) - fa254a61-b2f8-4688-8f31-8c719d7080b4@group-1F7DA0480EC4: closes. applyIndex: 14
2019-10-15 22:50:09,456 [fa254a61-b2f8-4688-8f31-8c719d7080b4@group-1F7DA0480EC4-SegmentedRaftLogWorker] INFO  segmented.SegmentedRaftLogWorker (SegmentedRaftLogWorker.java:run(316)) - fa254a61-b2f8-4688-8f31-8c719d7080b4@group-1F7DA0480EC4-SegmentedRaftLogWorker was interrupted, exiting. There are 0 tasks remaining in the queue.
2019-10-15 22:50:09,460 [main] INFO  segmented.SegmentedRaftLogWorker (SegmentedRaftLogWorker.java:close(224)) - fa254a61-b2f8-4688-8f31-8c719d7080b4@group-1F7DA0480EC4-SegmentedRaftLogWorker close()
2019-10-15 22:50:09,464 [main] INFO  server.GrpcService (GrpcService.java:closeImpl(164)) - fa254a61-b2f8-4688-8f31-8c719d7080b4: shutdown server with port 42698 now
2019-10-15 22:50:09,466 [main] INFO  server.GrpcService (GrpcService.java:closeImpl(172)) - fa254a61-b2f8-4688-8f31-8c719d7080b4: shutdown server with port 42698 successfully
2019-10-15 22:50:09,466 [grpc-default-executor-9] WARN  server.GrpcLogAppender (LogUtils.java:warn(134)) - 483636e5-9a11-4bb0-8530-e11a4b7d6bf1@group-1F7DA0480EC4->fa254a61-b2f8-4688-8f31-8c719d7080b4-AppendLogResponseHandler: Failed appendEntries: org.apache.ratis.thirdparty.io.grpc.StatusRuntimeException: CANCELLED: HTTP/2 error code: CANCEL
Received Rst Stream
2019-10-15 22:50:09,467 [grpc-default-executor-9] INFO  impl.FollowerInfo (FollowerInfo.java:lambda$new$0(51)) - 483636e5-9a11-4bb0-8530-e11a4b7d6bf1@group-1F7DA0480EC4->fa254a61-b2f8-4688-8f31-8c719d7080b4: nextIndex: updateUnconditionally 17 -> 15
2019-10-15 22:50:09,467 [grpc-default-executor-4] WARN  server.GrpcServerProtocolService (LogUtils.java:warn(134)) - fa254a61-b2f8-4688-8f31-8c719d7080b4: installSnapshot onError, lastRequest: 483636e5-9a11-4bb0-8530-e11a4b7d6bf1->fa254a61-b2f8-4688-8f31-8c719d7080b4#20-t2, previous=(t:2, i:15), leaderCommit=15, initializing? false, entries: size=1, first=(t:2, i:16), METADATAENTRY(c15): org.apache.ratis.thirdparty.io.grpc.StatusRuntimeException: CANCELLED: cancelled before receiving half close
2019-10-15 22:50:09,471 [refreshUsed-/workdir/hadoop-ozone/integration-test/target/test-dir/MiniOzoneClusterImpl-0d9b2814-d928-4fbd-a4f1-019e2ffc4b6f/datanode-1/data/containers] WARN  fs.CachingGetSpaceUsed (CachingGetSpaceUsed.java:run(183)) - Thread Interrupted waiting to refresh disk information: sleep interrupted
2019-10-15 22:50:09,481 [RatisApplyTransactionExecutor 1] INFO  interfaces.Container (KeyValueContainer.java:flushAndSyncDB(386)) - Container 1 is synced with bcsId 12.
2019-10-15 22:50:09,481 [RatisApplyTransactionExecutor 1] INFO  interfaces.Container (KeyValueContainer.java:flushAndSyncDB(386)) - Container 1 is synced with bcsId 12.
2019-10-15 22:50:09,481 [RatisApplyTransactionExecutor 1] INFO  interfaces.Container (KeyValueContainer.java:flushAndSyncDB(386)) - Container 1 is synced with bcsId 12.
2019-10-15 22:50:09,481 [RatisApplyTransactionExecutor 1] INFO  interfaces.Container (KeyValueContainer.java:flushAndSyncDB(386)) - Container 1 is synced with bcsId 12.
2019-10-15 22:50:09,487 [main] INFO  utils.BackgroundService (BackgroundService.java:shutdown(151)) - Shutting down service BlockDeletingService
2019-10-15 22:50:09,493 [main] INFO  statemachine.DatanodeStateMachine (DatanodeStateMachine.java:stopDaemon(395)) - Ozone container server stopped.
2019-10-15 22:50:09,494 [RatisApplyTransactionExecutor 1] INFO  interfaces.Container (KeyValueContainer.java:close(335)) - Container 1 is closed with bcsId 12.
2019-10-15 22:50:09,494 [RatisApplyTransactionExecutor 1] INFO  interfaces.Container (KeyValueContainer.java:close(335)) - Container 1 is closed with bcsId 12.
2019-10-15 22:50:09,494 [EventQueue-IncrementalContainerReportForIncrementalContainerReportHandler] INFO  container.IncrementalContainerReportHandler (AbstractContainerReportHandler.java:updateContainerState(178)) - Moving container #1 to CLOSED state, datanode b3c1af8e-b304-41b3-9967-023a9461ce9d{ip: 192.168.69.67, host: pr-hdds-2071-8rz7p-357833546, networkLocation: /default-rack, certSerialId: null} reported CLOSED replica.
2019-10-15 22:50:09,494 [main] INFO  handler.ContextHandler (ContextHandler.java:doStop(910)) - Stopped o.e.j.w.WebAppContext@696fad31{/,null,UNAVAILABLE}{/hddsDatanode}
2019-10-15 22:50:09,495 [main] INFO  server.AbstractConnector (AbstractConnector.java:doStop(318)) - Stopped ServerConnector@2c06b113{HTTP/1.1,[http/1.1]}{0.0.0.0:0}
2019-10-15 22:50:09,495 [main] INFO  handler.ContextHandler (ContextHandler.java:doStop(910)) - Stopped o.e.j.s.ServletContextHandler@52f8a6f4{/static,jar:file:/home/user/.m2/repository/org/apache/hadoop/hadoop-hdds-container-service/0.5.0-SNAPSHOT/hadoop-hdds-container-service-0.5.0-SNAPSHOT.jar!/webapps/static,UNAVAILABLE}
2019-10-15 22:50:09,496 [main] INFO  handler.ContextHandler (ContextHandler.java:doStop(910)) - Stopped o.e.j.s.ServletContextHandler@52ecc989{/logs,file:///workdir/hadoop-ozone/integration-test/target/log,UNAVAILABLE}
22:50:09.499 [grpc-default-executor-4] ERROR DNAudit - user=null | ip=null | op=WRITE_CHUNK {blockData=conID: 1 locID: 102968838770917389 bcsId: 12} | ret=FAILURE
org.apache.hadoop.hdds.scm.container.common.helpers.ContainerNotOpenException: Container 1 in CLOSED state
	at org.apache.hadoop.ozone.container.common.impl.HddsDispatcher.validateContainerCommand(HddsDispatcher.java:436) ~[hadoop-hdds-container-service-0.5.0-SNAPSHOT.jar:?]
	at org.apache.hadoop.ozone.container.common.transport.server.ratis.ContainerStateMachine.startTransaction(ContainerStateMachine.java:320) ~[hadoop-hdds-container-service-0.5.0-SNAPSHOT.jar:?]
	at org.apache.ratis.server.impl.RaftServerImpl.submitClientRequestAsync(RaftServerImpl.java:569) ~[ratis-server-0.5.0-201fc85-SNAPSHOT.jar:0.5.0-201fc85-SNAPSHOT]
	at org.apache.ratis.server.impl.RaftServerProxy.lambda$submitClientRequestAsync$7(RaftServerProxy.java:333) ~[ratis-server-0.5.0-201fc85-SNAPSHOT.jar:0.5.0-201fc85-SNAPSHOT]
	at org.apache.ratis.server.impl.RaftServerProxy.lambda$null$5(RaftServerProxy.java:328) ~[ratis-server-0.5.0-201fc85-SNAPSHOT.jar:0.5.0-201fc85-SNAPSHOT]
	at org.apache.ratis.util.JavaUtils.callAsUnchecked(JavaUtils.java:109) ~[ratis-common-0.5.0-201fc85-SNAPSHOT.jar:0.5.0-201fc85-SNAPSHOT]
	at org.apache.ratis.server.impl.RaftServerProxy.lambda$submitRequest$6(RaftServerProxy.java:328) ~[ratis-server-0.5.0-201fc85-SNAPSHOT.jar:0.5.0-201fc85-SNAPSHOT]
	at java.util.concurrent.CompletableFuture.uniComposeStage(CompletableFuture.java:981) ~[?:1.8.0_222]
	at java.util.concurrent.CompletableFuture.thenCompose(CompletableFuture.java:2124) ~[?:1.8.0_222]
	at org.apache.ratis.server.impl.RaftServerProxy.submitRequest(RaftServerProxy.java:327) ~[ratis-server-0.5.0-201fc85-SNAPSHOT.jar:0.5.0-201fc85-SNAPSHOT]
	at org.apache.ratis.server.impl.RaftServerProxy.submitClientRequestAsync(RaftServerProxy.java:333) ~[ratis-server-0.5.0-201fc85-SNAPSHOT.jar:0.5.0-201fc85-SNAPSHOT]
	at org.apache.ratis.grpc.client.GrpcClientProtocolService$RequestStreamObserver.processClientRequest(GrpcClientProtocolService.java:220) ~[ratis-grpc-0.5.0-201fc85-SNAPSHOT.jar:0.5.0-201fc85-SNAPSHOT]
	at org.apache.ratis.grpc.client.GrpcClientProtocolService$OrderedRequestStreamObserver.processClientRequest(GrpcClientProtocolService.java:326) ~[ratis-grpc-0.5.0-201fc85-SNAPSHOT.jar:0.5.0-201fc85-SNAPSHOT]
	at org.apache.ratis.util.SlidingWindow$Server.processRequestsFromHead(SlidingWindow.java:429) [ratis-common-0.5.0-201fc85-SNAPSHOT.jar:0.5.0-201fc85-SNAPSHOT]
	at org.apache.ratis.util.SlidingWindow$Server.receivedRequest(SlidingWindow.java:421) [ratis-common-0.5.0-201fc85-SNAPSHOT.jar:0.5.0-201fc85-SNAPSHOT]
	at org.apache.ratis.grpc.client.GrpcClientProtocolService$OrderedRequestStreamObserver.processClientRequest(GrpcClientProtocolService.java:345) [ratis-grpc-0.5.0-201fc85-SNAPSHOT.jar:0.5.0-201fc85-SNAPSHOT]
	at org.apache.ratis.grpc.client.GrpcClientProtocolService$RequestStreamObserver.onNext(GrpcClientProtocolService.java:240) [ratis-grpc-0.5.0-201fc85-SNAPSHOT.jar:0.5.0-201fc85-SNAPSHOT]
	at org.apache.ratis.grpc.client.GrpcClientProtocolService$RequestStreamObserver.onNext(GrpcClientProtocolService.java:168) [ratis-grpc-0.5.0-201fc85-SNAPSHOT.jar:0.5.0-201fc85-SNAPSHOT]
	at org.apache.ratis.thirdparty.io.grpc.stub.ServerCalls$StreamingServerCallHandler$StreamingServerCallListener.onMessage(ServerCalls.java:248) [ratis-thirdparty-misc-0.2.0.jar:0.2.0]
	at org.apache.ratis.thirdparty.io.grpc.internal.ServerCallImpl$ServerStreamListenerImpl.messagesAvailable(ServerCallImpl.java:263) [ratis-thirdparty-misc-0.2.0.jar:0.2.0]
	at org.apache.ratis.thirdparty.io.grpc.internal.ServerImpl$JumpToApplicationThreadServerStreamListener$1MessagesAvailable.runInContext(ServerImpl.java:686) [ratis-thirdparty-misc-0.2.0.jar:0.2.0]
	at org.apache.ratis.thirdparty.io.grpc.internal.ContextRunnable.run(ContextRunnable.java:37) [ratis-thirdparty-misc-0.2.0.jar:0.2.0]
	at org.apache.ratis.thirdparty.io.grpc.internal.SerializingExecutor.run(SerializingExecutor.java:123) [ratis-thirdparty-misc-0.2.0.jar:0.2.0]
	at java.util.concurrent.ThreadPoolExecutor.runWorker(ThreadPoolExecutor.java:1149) [?:1.8.0_222]
	at java.util.concurrent.ThreadPoolExecutor$Worker.run(ThreadPoolExecutor.java:624) [?:1.8.0_222]
	at java.lang.Thread.run(Thread.java:748) [?:1.8.0_222]
22:50:09.501 [grpc-default-executor-4] ERROR DNAudit - user=null | ip=null | op=WRITE_CHUNK {blockData=conID: 1 locID: 102968838770917389 bcsId: 12} | ret=FAILURE
org.apache.hadoop.hdds.scm.container.common.helpers.ContainerNotOpenException: Container 1 in CLOSED state
	at org.apache.hadoop.ozone.container.common.impl.HddsDispatcher.validateContainerCommand(HddsDispatcher.java:436) ~[hadoop-hdds-container-service-0.5.0-SNAPSHOT.jar:?]
	at org.apache.hadoop.ozone.container.common.transport.server.ratis.ContainerStateMachine.startTransaction(ContainerStateMachine.java:320) ~[hadoop-hdds-container-service-0.5.0-SNAPSHOT.jar:?]
	at org.apache.ratis.server.impl.RaftServerImpl.submitClientRequestAsync(RaftServerImpl.java:569) ~[ratis-server-0.5.0-201fc85-SNAPSHOT.jar:0.5.0-201fc85-SNAPSHOT]
	at org.apache.ratis.server.impl.RaftServerProxy.lambda$submitClientRequestAsync$7(RaftServerProxy.java:333) ~[ratis-server-0.5.0-201fc85-SNAPSHOT.jar:0.5.0-201fc85-SNAPSHOT]
	at org.apache.ratis.server.impl.RaftServerProxy.lambda$null$5(RaftServerProxy.java:328) ~[ratis-server-0.5.0-201fc85-SNAPSHOT.jar:0.5.0-201fc85-SNAPSHOT]
	at org.apache.ratis.util.JavaUtils.callAsUnchecked(JavaUtils.java:109) ~[ratis-common-0.5.0-201fc85-SNAPSHOT.jar:0.5.0-201fc85-SNAPSHOT]
	at org.apache.ratis.server.impl.RaftServerProxy.lambda$submitRequest$6(RaftServerProxy.java:328) ~[ratis-server-0.5.0-201fc85-SNAPSHOT.jar:0.5.0-201fc85-SNAPSHOT]
	at java.util.concurrent.CompletableFuture.uniComposeStage(CompletableFuture.java:981) ~[?:1.8.0_222]
	at java.util.concurrent.CompletableFuture.thenCompose(CompletableFuture.java:2124) ~[?:1.8.0_222]
	at org.apache.ratis.server.impl.RaftServerProxy.submitRequest(RaftServerProxy.java:327) ~[ratis-server-0.5.0-201fc85-SNAPSHOT.jar:0.5.0-201fc85-SNAPSHOT]
	at org.apache.ratis.server.impl.RaftServerProxy.submitClientRequestAsync(RaftServerProxy.java:333) ~[ratis-server-0.5.0-201fc85-SNAPSHOT.jar:0.5.0-201fc85-SNAPSHOT]
	at org.apache.ratis.grpc.client.GrpcClientProtocolService$RequestStreamObserver.processClientRequest(GrpcClientProtocolService.java:220) ~[ratis-grpc-0.5.0-201fc85-SNAPSHOT.jar:0.5.0-201fc85-SNAPSHOT]
	at org.apache.ratis.grpc.client.GrpcClientProtocolService$OrderedRequestStreamObserver.processClientRequest(GrpcClientProtocolService.java:326) ~[ratis-grpc-0.5.0-201fc85-SNAPSHOT.jar:0.5.0-201fc85-SNAPSHOT]
	at org.apache.ratis.util.SlidingWindow$Server.processRequestsFromHead(SlidingWindow.java:429) [ratis-common-0.5.0-201fc85-SNAPSHOT.jar:0.5.0-201fc85-SNAPSHOT]
	at org.apache.ratis.util.SlidingWindow$Server.receivedRequest(SlidingWindow.java:421) [ratis-common-0.5.0-201fc85-SNAPSHOT.jar:0.5.0-201fc85-SNAPSHOT]
	at org.apache.ratis.grpc.client.GrpcClientProtocolService$OrderedRequestStreamObserver.processClientRequest(GrpcClientProtocolService.java:345) [ratis-grpc-0.5.0-201fc85-SNAPSHOT.jar:0.5.0-201fc85-SNAPSHOT]
	at org.apache.ratis.grpc.client.GrpcClientProtocolService$RequestStreamObserver.onNext(GrpcClientProtocolService.java:240) [ratis-grpc-0.5.0-201fc85-SNAPSHOT.jar:0.5.0-201fc85-SNAPSHOT]
	at org.apache.ratis.grpc.client.GrpcClientProtocolService$RequestStreamObserver.onNext(GrpcClientProtocolService.java:168) [ratis-grpc-0.5.0-201fc85-SNAPSHOT.jar:0.5.0-201fc85-SNAPSHOT]
	at org.apache.ratis.thirdparty.io.grpc.stub.ServerCalls$StreamingServerCallHandler$StreamingServerCallListener.onMessage(ServerCalls.java:248) [ratis-thirdparty-misc-0.2.0.jar:0.2.0]
	at org.apache.ratis.thirdparty.io.grpc.internal.ServerCallImpl$ServerStreamListenerImpl.messagesAvailable(ServerCallImpl.java:263) [ratis-thirdparty-misc-0.2.0.jar:0.2.0]
	at org.apache.ratis.thirdparty.io.grpc.internal.ServerImpl$JumpToApplicationThreadServerStreamListener$1MessagesAvailable.runInContext(ServerImpl.java:686) [ratis-thirdparty-misc-0.2.0.jar:0.2.0]
	at org.apache.ratis.thirdparty.io.grpc.internal.ContextRunnable.run(ContextRunnable.java:37) [ratis-thirdparty-misc-0.2.0.jar:0.2.0]
	at org.apache.ratis.thirdparty.io.grpc.internal.SerializingExecutor.run(SerializingExecutor.java:123) [ratis-thirdparty-misc-0.2.0.jar:0.2.0]
	at java.util.concurrent.ThreadPoolExecutor.runWorker(ThreadPoolExecutor.java:1149) [?:1.8.0_222]
	at java.util.concurrent.ThreadPoolExecutor$Worker.run(ThreadPoolExecutor.java:624) [?:1.8.0_222]
	at java.lang.Thread.run(Thread.java:748) [?:1.8.0_222]
22:50:09.507 [grpc-default-executor-4] ERROR DNAudit - user=null | ip=null | op=PUT_BLOCK {blockData=[blockId=conID: 1 locID: 102968838770917389 bcsId: 0,size=650]} | ret=FAILURE
org.apache.hadoop.hdds.scm.container.common.helpers.ContainerNotOpenException: Container 1 in CLOSED state
	at org.apache.hadoop.ozone.container.common.impl.HddsDispatcher.validateContainerCommand(HddsDispatcher.java:436) ~[hadoop-hdds-container-service-0.5.0-SNAPSHOT.jar:?]
	at org.apache.hadoop.ozone.container.common.transport.server.ratis.ContainerStateMachine.startTransaction(ContainerStateMachine.java:320) ~[hadoop-hdds-container-service-0.5.0-SNAPSHOT.jar:?]
	at org.apache.ratis.server.impl.RaftServerImpl.submitClientRequestAsync(RaftServerImpl.java:569) ~[ratis-server-0.5.0-201fc85-SNAPSHOT.jar:0.5.0-201fc85-SNAPSHOT]
	at org.apache.ratis.server.impl.RaftServerProxy.lambda$submitClientRequestAsync$7(RaftServerProxy.java:333) ~[ratis-server-0.5.0-201fc85-SNAPSHOT.jar:0.5.0-201fc85-SNAPSHOT]
	at org.apache.ratis.server.impl.RaftServerProxy.lambda$null$5(RaftServerProxy.java:328) ~[ratis-server-0.5.0-201fc85-SNAPSHOT.jar:0.5.0-201fc85-SNAPSHOT]
	at org.apache.ratis.util.JavaUtils.callAsUnchecked(JavaUtils.java:109) ~[ratis-common-0.5.0-201fc85-SNAPSHOT.jar:0.5.0-201fc85-SNAPSHOT]
	at org.apache.ratis.server.impl.RaftServerProxy.lambda$submitRequest$6(RaftServerProxy.java:328) ~[ratis-server-0.5.0-201fc85-SNAPSHOT.jar:0.5.0-201fc85-SNAPSHOT]
	at java.util.concurrent.CompletableFuture.uniComposeStage(CompletableFuture.java:981) ~[?:1.8.0_222]
	at java.util.concurrent.CompletableFuture.thenCompose(CompletableFuture.java:2124) ~[?:1.8.0_222]
	at org.apache.ratis.server.impl.RaftServerProxy.submitRequest(RaftServerProxy.java:327) ~[ratis-server-0.5.0-201fc85-SNAPSHOT.jar:0.5.0-201fc85-SNAPSHOT]
	at org.apache.ratis.server.impl.RaftServerProxy.submitClientRequestAsync(RaftServerProxy.java:333) ~[ratis-server-0.5.0-201fc85-SNAPSHOT.jar:0.5.0-201fc85-SNAPSHOT]
	at org.apache.ratis.grpc.client.GrpcClientProtocolService$RequestStreamObserver.processClientRequest(GrpcClientProtocolService.java:220) ~[ratis-grpc-0.5.0-201fc85-SNAPSHOT.jar:0.5.0-201fc85-SNAPSHOT]
	at org.apache.ratis.grpc.client.GrpcClientProtocolService$OrderedRequestStreamObserver.processClientRequest(GrpcClientProtocolService.java:326) ~[ratis-grpc-0.5.0-201fc85-SNAPSHOT.jar:0.5.0-201fc85-SNAPSHOT]
	at org.apache.ratis.util.SlidingWindow$Server.processRequestsFromHead(SlidingWindow.java:429) [ratis-common-0.5.0-201fc85-SNAPSHOT.jar:0.5.0-201fc85-SNAPSHOT]
	at org.apache.ratis.util.SlidingWindow$Server.receivedRequest(SlidingWindow.java:421) [ratis-common-0.5.0-201fc85-SNAPSHOT.jar:0.5.0-201fc85-SNAPSHOT]
	at org.apache.ratis.grpc.client.GrpcClientProtocolService$OrderedRequestStreamObserver.processClientRequest(GrpcClientProtocolService.java:345) [ratis-grpc-0.5.0-201fc85-SNAPSHOT.jar:0.5.0-201fc85-SNAPSHOT]
	at org.apache.ratis.grpc.client.GrpcClientProtocolService$RequestStreamObserver.onNext(GrpcClientProtocolService.java:240) [ratis-grpc-0.5.0-201fc85-SNAPSHOT.jar:0.5.0-201fc85-SNAPSHOT]
	at org.apache.ratis.grpc.client.GrpcClientProtocolService$RequestStreamObserver.onNext(GrpcClientProtocolService.java:168) [ratis-grpc-0.5.0-201fc85-SNAPSHOT.jar:0.5.0-201fc85-SNAPSHOT]
	at org.apache.ratis.thirdparty.io.grpc.stub.ServerCalls$StreamingServerCallHandler$StreamingServerCallListener.onMessage(ServerCalls.java:248) [ratis-thirdparty-misc-0.2.0.jar:0.2.0]
	at org.apache.ratis.thirdparty.io.grpc.internal.ServerCallImpl$ServerStreamListenerImpl.messagesAvailable(ServerCallImpl.java:263) [ratis-thirdparty-misc-0.2.0.jar:0.2.0]
	at org.apache.ratis.thirdparty.io.grpc.internal.ServerImpl$JumpToApplicationThreadServerStreamListener$1MessagesAvailable.runInContext(ServerImpl.java:686) [ratis-thirdparty-misc-0.2.0.jar:0.2.0]
	at org.apache.ratis.thirdparty.io.grpc.internal.ContextRunnable.run(ContextRunnable.java:37) [ratis-thirdparty-misc-0.2.0.jar:0.2.0]
	at org.apache.ratis.thirdparty.io.grpc.internal.SerializingExecutor.run(SerializingExecutor.java:123) [ratis-thirdparty-misc-0.2.0.jar:0.2.0]
	at java.util.concurrent.ThreadPoolExecutor.runWorker(ThreadPoolExecutor.java:1149) [?:1.8.0_222]
	at java.util.concurrent.ThreadPoolExecutor$Worker.run(ThreadPoolExecutor.java:624) [?:1.8.0_222]
	at java.lang.Thread.run(Thread.java:748) [?:1.8.0_222]
22:50:09.514 [grpc-default-executor-4] ERROR DNAudit - user=null | ip=null | op=WRITE_CHUNK {blockData=conID: 1 locID: 102968838770917389 bcsId: 12} | ret=FAILURE
org.apache.hadoop.hdds.scm.container.common.helpers.ContainerNotOpenException: Container 1 in CLOSED state
	at org.apache.hadoop.ozone.container.common.impl.HddsDispatcher.validateContainerCommand(HddsDispatcher.java:436) ~[hadoop-hdds-container-service-0.5.0-SNAPSHOT.jar:?]
	at org.apache.hadoop.ozone.container.common.transport.server.ratis.ContainerStateMachine.startTransaction(ContainerStateMachine.java:320) ~[hadoop-hdds-container-service-0.5.0-SNAPSHOT.jar:?]
	at org.apache.ratis.server.impl.RaftServerImpl.submitClientRequestAsync(RaftServerImpl.java:569) ~[ratis-server-0.5.0-201fc85-SNAPSHOT.jar:0.5.0-201fc85-SNAPSHOT]
	at org.apache.ratis.server.impl.RaftServerProxy.lambda$submitClientRequestAsync$7(RaftServerProxy.java:333) ~[ratis-server-0.5.0-201fc85-SNAPSHOT.jar:0.5.0-201fc85-SNAPSHOT]
	at org.apache.ratis.server.impl.RaftServerProxy.lambda$null$5(RaftServerProxy.java:328) ~[ratis-server-0.5.0-201fc85-SNAPSHOT.jar:0.5.0-201fc85-SNAPSHOT]
	at org.apache.ratis.util.JavaUtils.callAsUnchecked(JavaUtils.java:109) ~[ratis-common-0.5.0-201fc85-SNAPSHOT.jar:0.5.0-201fc85-SNAPSHOT]
	at org.apache.ratis.server.impl.RaftServerProxy.lambda$submitRequest$6(RaftServerProxy.java:328) ~[ratis-server-0.5.0-201fc85-SNAPSHOT.jar:0.5.0-201fc85-SNAPSHOT]
	at java.util.concurrent.CompletableFuture.uniComposeStage(CompletableFuture.java:981) ~[?:1.8.0_222]
	at java.util.concurrent.CompletableFuture.thenCompose(CompletableFuture.java:2124) ~[?:1.8.0_222]
	at org.apache.ratis.server.impl.RaftServerProxy.submitRequest(RaftServerProxy.java:327) ~[ratis-server-0.5.0-201fc85-SNAPSHOT.jar:0.5.0-201fc85-SNAPSHOT]
	at org.apache.ratis.server.impl.RaftServerProxy.submitClientRequestAsync(RaftServerProxy.java:333) ~[ratis-server-0.5.0-201fc85-SNAPSHOT.jar:0.5.0-201fc85-SNAPSHOT]
	at org.apache.ratis.grpc.client.GrpcClientProtocolService$RequestStreamObserver.processClientRequest(GrpcClientProtocolService.java:220) ~[ratis-grpc-0.5.0-201fc85-SNAPSHOT.jar:0.5.0-201fc85-SNAPSHOT]
	at org.apache.ratis.grpc.client.GrpcClientProtocolService$OrderedRequestStreamObserver.processClientRequest(GrpcClientProtocolService.java:326) ~[ratis-grpc-0.5.0-201fc85-SNAPSHOT.jar:0.5.0-201fc85-SNAPSHOT]
	at org.apache.ratis.util.SlidingWindow$Server.processRequestsFromHead(SlidingWindow.java:429) [ratis-common-0.5.0-201fc85-SNAPSHOT.jar:0.5.0-201fc85-SNAPSHOT]
	at org.apache.ratis.util.SlidingWindow$Server.receivedRequest(SlidingWindow.java:421) [ratis-common-0.5.0-201fc85-SNAPSHOT.jar:0.5.0-201fc85-SNAPSHOT]
	at org.apache.ratis.grpc.client.GrpcClientProtocolService$OrderedRequestStreamObserver.processClientRequest(GrpcClientProtocolService.java:345) [ratis-grpc-0.5.0-201fc85-SNAPSHOT.jar:0.5.0-201fc85-SNAPSHOT]
	at org.apache.ratis.grpc.client.GrpcClientProtocolService$RequestStreamObserver.onNext(GrpcClientProtocolService.java:240) [ratis-grpc-0.5.0-201fc85-SNAPSHOT.jar:0.5.0-201fc85-SNAPSHOT]
	at org.apache.ratis.grpc.client.GrpcClientProtocolService$RequestStreamObserver.onNext(GrpcClientProtocolService.java:168) [ratis-grpc-0.5.0-201fc85-SNAPSHOT.jar:0.5.0-201fc85-SNAPSHOT]
	at org.apache.ratis.thirdparty.io.grpc.stub.ServerCalls$StreamingServerCallHandler$StreamingServerCallListener.onMessage(ServerCalls.java:248) [ratis-thirdparty-misc-0.2.0.jar:0.2.0]
	at org.apache.ratis.thirdparty.io.grpc.internal.ServerCallImpl$ServerStreamListenerImpl.messagesAvailable(ServerCallImpl.java:263) [ratis-thirdparty-misc-0.2.0.jar:0.2.0]
	at org.apache.ratis.thirdparty.io.grpc.internal.ServerImpl$JumpToApplicationThreadServerStreamListener$1MessagesAvailable.runInContext(ServerImpl.java:686) [ratis-thirdparty-misc-0.2.0.jar:0.2.0]
	at org.apache.ratis.thirdparty.io.grpc.internal.ContextRunnable.run(ContextRunnable.java:37) [ratis-thirdparty-misc-0.2.0.jar:0.2.0]
	at org.apache.ratis.thirdparty.io.grpc.internal.SerializingExecutor.run(SerializingExecutor.java:123) [ratis-thirdparty-misc-0.2.0.jar:0.2.0]
	at java.util.concurrent.ThreadPoolExecutor.runWorker(ThreadPoolExecutor.java:1149) [?:1.8.0_222]
	at java.util.concurrent.ThreadPoolExecutor$Worker.run(ThreadPoolExecutor.java:624) [?:1.8.0_222]
	at java.lang.Thread.run(Thread.java:748) [?:1.8.0_222]
22:50:09.519 [grpc-default-executor-4] ERROR DNAudit - user=null | ip=null | op=WRITE_CHUNK {blockData=conID: 1 locID: 102968838770917389 bcsId: 12} | ret=FAILURE
org.apache.hadoop.hdds.scm.container.common.helpers.ContainerNotOpenException: Container 1 in CLOSED state
	at org.apache.hadoop.ozone.container.common.impl.HddsDispatcher.validateContainerCommand(HddsDispatcher.java:436) ~[hadoop-hdds-container-service-0.5.0-SNAPSHOT.jar:?]
	at org.apache.hadoop.ozone.container.common.transport.server.ratis.ContainerStateMachine.startTransaction(ContainerStateMachine.java:320) ~[hadoop-hdds-container-service-0.5.0-SNAPSHOT.jar:?]
	at org.apache.ratis.server.impl.RaftServerImpl.submitClientRequestAsync(RaftServerImpl.java:569) ~[ratis-server-0.5.0-201fc85-SNAPSHOT.jar:0.5.0-201fc85-SNAPSHOT]
	at org.apache.ratis.server.impl.RaftServerProxy.lambda$submitClientRequestAsync$7(RaftServerProxy.java:333) ~[ratis-server-0.5.0-201fc85-SNAPSHOT.jar:0.5.0-201fc85-SNAPSHOT]
	at org.apache.ratis.server.impl.RaftServerProxy.lambda$null$5(RaftServerProxy.java:328) ~[ratis-server-0.5.0-201fc85-SNAPSHOT.jar:0.5.0-201fc85-SNAPSHOT]
	at org.apache.ratis.util.JavaUtils.callAsUnchecked(JavaUtils.java:109) ~[ratis-common-0.5.0-201fc85-SNAPSHOT.jar:0.5.0-201fc85-SNAPSHOT]
	at org.apache.ratis.server.impl.RaftServerProxy.lambda$submitRequest$6(RaftServerProxy.java:328) ~[ratis-server-0.5.0-201fc85-SNAPSHOT.jar:0.5.0-201fc85-SNAPSHOT]
	at java.util.concurrent.CompletableFuture.uniComposeStage(CompletableFuture.java:981) ~[?:1.8.0_222]
	at java.util.concurrent.CompletableFuture.thenCompose(CompletableFuture.java:2124) ~[?:1.8.0_222]
	at org.apache.ratis.server.impl.RaftServerProxy.submitRequest(RaftServerProxy.java:327) ~[ratis-server-0.5.0-201fc85-SNAPSHOT.jar:0.5.0-201fc85-SNAPSHOT]
	at org.apache.ratis.server.impl.RaftServerProxy.submitClientRequestAsync(RaftServerProxy.java:333) ~[ratis-server-0.5.0-201fc85-SNAPSHOT.jar:0.5.0-201fc85-SNAPSHOT]
	at org.apache.ratis.grpc.client.GrpcClientProtocolService$RequestStreamObserver.processClientRequest(GrpcClientProtocolService.java:220) ~[ratis-grpc-0.5.0-201fc85-SNAPSHOT.jar:0.5.0-201fc85-SNAPSHOT]
	at org.apache.ratis.grpc.client.GrpcClientProtocolService$OrderedRequestStreamObserver.processClientRequest(GrpcClientProtocolService.java:326) ~[ratis-grpc-0.5.0-201fc85-SNAPSHOT.jar:0.5.0-201fc85-SNAPSHOT]
	at org.apache.ratis.util.SlidingWindow$Server.processRequestsFromHead(SlidingWindow.java:429) [ratis-common-0.5.0-201fc85-SNAPSHOT.jar:0.5.0-201fc85-SNAPSHOT]
	at org.apache.ratis.util.SlidingWindow$Server.receivedRequest(SlidingWindow.java:421) [ratis-common-0.5.0-201fc85-SNAPSHOT.jar:0.5.0-201fc85-SNAPSHOT]
	at org.apache.ratis.grpc.client.GrpcClientProtocolService$OrderedRequestStreamObserver.processClientRequest(GrpcClientProtocolService.java:345) [ratis-grpc-0.5.0-201fc85-SNAPSHOT.jar:0.5.0-201fc85-SNAPSHOT]
	at org.apache.ratis.grpc.client.GrpcClientProtocolService$RequestStreamObserver.onNext(GrpcClientProtocolService.java:240) [ratis-grpc-0.5.0-201fc85-SNAPSHOT.jar:0.5.0-201fc85-SNAPSHOT]
	at org.apache.ratis.grpc.client.GrpcClientProtocolService$RequestStreamObserver.onNext(GrpcClientProtocolService.java:168) [ratis-grpc-0.5.0-201fc85-SNAPSHOT.jar:0.5.0-201fc85-SNAPSHOT]
	at org.apache.ratis.thirdparty.io.grpc.stub.ServerCalls$StreamingServerCallHandler$StreamingServerCallListener.onMessage(ServerCalls.java:248) [ratis-thirdparty-misc-0.2.0.jar:0.2.0]
	at org.apache.ratis.thirdparty.io.grpc.internal.ServerCallImpl$ServerStreamListenerImpl.messagesAvailable(ServerCallImpl.java:263) [ratis-thirdparty-misc-0.2.0.jar:0.2.0]
	at org.apache.ratis.thirdparty.io.grpc.internal.ServerImpl$JumpToApplicationThreadServerStreamListener$1MessagesAvailable.runInContext(ServerImpl.java:686) [ratis-thirdparty-misc-0.2.0.jar:0.2.0]
	at org.apache.ratis.thirdparty.io.grpc.internal.ContextRunnable.run(ContextRunnable.java:37) [ratis-thirdparty-misc-0.2.0.jar:0.2.0]
	at org.apache.ratis.thirdparty.io.grpc.internal.SerializingExecutor.run(SerializingExecutor.java:123) [ratis-thirdparty-misc-0.2.0.jar:0.2.0]
	at java.util.concurrent.ThreadPoolExecutor.runWorker(ThreadPoolExecutor.java:1149) [?:1.8.0_222]
	at java.util.concurrent.ThreadPoolExecutor$Worker.run(ThreadPoolExecutor.java:624) [?:1.8.0_222]
	at java.lang.Thread.run(Thread.java:748) [?:1.8.0_222]
22:50:09.525 [grpc-default-executor-4] ERROR DNAudit - user=null | ip=null | op=PUT_BLOCK {blockData=[blockId=conID: 1 locID: 102968838770917389 bcsId: 0,size=800]} | ret=FAILURE
org.apache.hadoop.hdds.scm.container.common.helpers.ContainerNotOpenException: Container 1 in CLOSED state
	at org.apache.hadoop.ozone.container.common.impl.HddsDispatcher.validateContainerCommand(HddsDispatcher.java:436) ~[hadoop-hdds-container-service-0.5.0-SNAPSHOT.jar:?]
	at org.apache.hadoop.ozone.container.common.transport.server.ratis.ContainerStateMachine.startTransaction(ContainerStateMachine.java:320) ~[hadoop-hdds-container-service-0.5.0-SNAPSHOT.jar:?]
	at org.apache.ratis.server.impl.RaftServerImpl.submitClientRequestAsync(RaftServerImpl.java:569) ~[ratis-server-0.5.0-201fc85-SNAPSHOT.jar:0.5.0-201fc85-SNAPSHOT]
	at org.apache.ratis.server.impl.RaftServerProxy.lambda$submitClientRequestAsync$7(RaftServerProxy.java:333) ~[ratis-server-0.5.0-201fc85-SNAPSHOT.jar:0.5.0-201fc85-SNAPSHOT]
	at org.apache.ratis.server.impl.RaftServerProxy.lambda$null$5(RaftServerProxy.java:328) ~[ratis-server-0.5.0-201fc85-SNAPSHOT.jar:0.5.0-201fc85-SNAPSHOT]
	at org.apache.ratis.util.JavaUtils.callAsUnchecked(JavaUtils.java:109) ~[ratis-common-0.5.0-201fc85-SNAPSHOT.jar:0.5.0-201fc85-SNAPSHOT]
	at org.apache.ratis.server.impl.RaftServerProxy.lambda$submitRequest$6(RaftServerProxy.java:328) ~[ratis-server-0.5.0-201fc85-SNAPSHOT.jar:0.5.0-201fc85-SNAPSHOT]
	at java.util.concurrent.CompletableFuture.uniComposeStage(CompletableFuture.java:981) ~[?:1.8.0_222]
	at java.util.concurrent.CompletableFuture.thenCompose(CompletableFuture.java:2124) ~[?:1.8.0_222]
	at org.apache.ratis.server.impl.RaftServerProxy.submitRequest(RaftServerProxy.java:327) ~[ratis-server-0.5.0-201fc85-SNAPSHOT.jar:0.5.0-201fc85-SNAPSHOT]
	at org.apache.ratis.server.impl.RaftServerProxy.submitClientRequestAsync(RaftServerProxy.java:333) ~[ratis-server-0.5.0-201fc85-SNAPSHOT.jar:0.5.0-201fc85-SNAPSHOT]
	at org.apache.ratis.grpc.client.GrpcClientProtocolService$RequestStreamObserver.processClientRequest(GrpcClientProtocolService.java:220) ~[ratis-grpc-0.5.0-201fc85-SNAPSHOT.jar:0.5.0-201fc85-SNAPSHOT]
	at org.apache.ratis.grpc.client.GrpcClientProtocolService$OrderedRequestStreamObserver.processClientRequest(GrpcClientProtocolService.java:326) ~[ratis-grpc-0.5.0-201fc85-SNAPSHOT.jar:0.5.0-201fc85-SNAPSHOT]
	at org.apache.ratis.util.SlidingWindow$Server.processRequestsFromHead(SlidingWindow.java:429) [ratis-common-0.5.0-201fc85-SNAPSHOT.jar:0.5.0-201fc85-SNAPSHOT]
	at org.apache.ratis.util.SlidingWindow$Server.receivedRequest(SlidingWindow.java:421) [ratis-common-0.5.0-201fc85-SNAPSHOT.jar:0.5.0-201fc85-SNAPSHOT]
	at org.apache.ratis.grpc.client.GrpcClientProtocolService$OrderedRequestStreamObserver.processClientRequest(GrpcClientProtocolService.java:345) [ratis-grpc-0.5.0-201fc85-SNAPSHOT.jar:0.5.0-201fc85-SNAPSHOT]
	at org.apache.ratis.grpc.client.GrpcClientProtocolService$RequestStreamObserver.onNext(GrpcClientProtocolService.java:240) [ratis-grpc-0.5.0-201fc85-SNAPSHOT.jar:0.5.0-201fc85-SNAPSHOT]
	at org.apache.ratis.grpc.client.GrpcClientProtocolService$RequestStreamObserver.onNext(GrpcClientProtocolService.java:168) [ratis-grpc-0.5.0-201fc85-SNAPSHOT.jar:0.5.0-201fc85-SNAPSHOT]
	at org.apache.ratis.thirdparty.io.grpc.stub.ServerCalls$StreamingServerCallHandler$StreamingServerCallListener.onMessage(ServerCalls.java:248) [ratis-thirdparty-misc-0.2.0.jar:0.2.0]
	at org.apache.ratis.thirdparty.io.grpc.internal.ServerCallImpl$ServerStreamListenerImpl.messagesAvailable(ServerCallImpl.java:263) [ratis-thirdparty-misc-0.2.0.jar:0.2.0]
	at org.apache.ratis.thirdparty.io.grpc.internal.ServerImpl$JumpToApplicationThreadServerStreamListener$1MessagesAvailable.runInContext(ServerImpl.java:686) [ratis-thirdparty-misc-0.2.0.jar:0.2.0]
	at org.apache.ratis.thirdparty.io.grpc.internal.ContextRunnable.run(ContextRunnable.java:37) [ratis-thirdparty-misc-0.2.0.jar:0.2.0]
	at org.apache.ratis.thirdparty.io.grpc.internal.SerializingExecutor.run(SerializingExecutor.java:123) [ratis-thirdparty-misc-0.2.0.jar:0.2.0]
	at java.util.concurrent.ThreadPoolExecutor.runWorker(ThreadPoolExecutor.java:1149) [?:1.8.0_222]
	at java.util.concurrent.ThreadPoolExecutor$Worker.run(ThreadPoolExecutor.java:624) [?:1.8.0_222]
	at java.lang.Thread.run(Thread.java:748) [?:1.8.0_222]
2019-10-15 22:50:10,010 [main] INFO  ozone.MiniOzoneClusterImpl (MiniOzoneClusterImpl.java:shutdown(314)) - Shutting down the Mini Ozone Cluster
2019-10-15 22:50:10,010 [main] INFO  ozone.MiniOzoneClusterImpl (MiniOzoneClusterImpl.java:stop(330)) - Stopping the Mini Ozone Cluster
2019-10-15 22:50:10,010 [main] INFO  ozone.MiniOzoneClusterImpl (MiniOzoneClusterImpl.java:stopOM(400)) - Stopping the OzoneManager
2019-10-15 22:50:10,010 [main] INFO  ipc.Server (Server.java:stop(3082)) - Stopping server on 36282
2019-10-15 22:50:10,017 [IPC Server listener on 36282] INFO  ipc.Server (Server.java:run(1185)) - Stopping IPC Server listener on 36282
2019-10-15 22:50:10,020 [main] INFO  ratis.OzoneManagerDoubleBuffer (OzoneManagerDoubleBuffer.java:stop(250)) - Stopping OMDoubleBuffer flush thread
2019-10-15 22:50:10,030 [IPC Server Responder] INFO  ipc.Server (Server.java:run(1319)) - Stopping IPC Server Responder
2019-10-15 22:50:10,031 [OMDoubleBufferFlushThread] INFO  ratis.OzoneManagerDoubleBuffer (OzoneManagerDoubleBuffer.java:flushTransactions(193)) - OMDoubleBuffer flush thread OMDoubleBufferFlushThread is interrupted and will exit. OMDoubleBufferFlushThread
2019-10-15 22:50:10,034 [main] INFO  utils.BackgroundService (BackgroundService.java:shutdown(151)) - Shutting down service KeyDeletingService
2019-10-15 22:50:10,044 [main] INFO  handler.ContextHandler (ContextHandler.java:doStop(910)) - Stopped o.e.j.w.WebAppContext@14f060b8{/,null,UNAVAILABLE}{/ozoneManager}
2019-10-15 22:50:10,044 [main] INFO  server.AbstractConnector (AbstractConnector.java:doStop(318)) - Stopped ServerConnector@7a0ab480{HTTP/1.1,[http/1.1]}{0.0.0.0:0}
2019-10-15 22:50:10,045 [main] INFO  handler.ContextHandler (ContextHandler.java:doStop(910)) - Stopped o.e.j.s.ServletContextHandler@703fa45{/static,file:///workdir/hadoop-ozone/integration-test/target/test-classes/webapps/static,UNAVAILABLE}
2019-10-15 22:50:10,045 [main] INFO  handler.ContextHandler (ContextHandler.java:doStop(910)) - Stopped o.e.j.s.ServletContextHandler@62a6674f{/logs,file:///workdir/hadoop-ozone/integration-test/target/log,UNAVAILABLE}
2019-10-15 22:50:10,047 [main] INFO  ozone.MiniOzoneClusterImpl (MiniOzoneClusterImpl.java:stopDatanodes(377)) - Stopping the HddsDatanodes
2019-10-15 22:50:10,493 [Datanode State Machine Thread - 0] INFO  statemachine.DatanodeStateMachine (DatanodeStateMachine.java:lambda$startDaemon$0(350)) - Ozone container server started.
2019-10-15 22:50:10,798 [Datanode State Machine Thread - 0] INFO  statemachine.DatanodeStateMachine (DatanodeStateMachine.java:lambda$startDaemon$0(350)) - Ozone container server started.
2019-10-15 22:50:11,954 [grpc-default-executor-6] WARN  server.GrpcLogAppender (LogUtils.java:warn(134)) - 483636e5-9a11-4bb0-8530-e11a4b7d6bf1@group-1F7DA0480EC4->fa254a61-b2f8-4688-8f31-8c719d7080b4-AppendLogResponseHandler: Failed appendEntries: org.apache.ratis.thirdparty.io.grpc.StatusRuntimeException: UNAVAILABLE: io exception
2019-10-15 22:50:11,954 [grpc-default-executor-6] INFO  impl.FollowerInfo (FollowerInfo.java:lambda$new$0(51)) - 483636e5-9a11-4bb0-8530-e11a4b7d6bf1@group-1F7DA0480EC4->fa254a61-b2f8-4688-8f31-8c719d7080b4: nextIndex: updateUnconditionally 15 -> 14
2019-10-15 22:50:14,456 [grpc-default-executor-5] WARN  server.GrpcLogAppender (LogUtils.java:warn(134)) - 483636e5-9a11-4bb0-8530-e11a4b7d6bf1@group-1F7DA0480EC4->fa254a61-b2f8-4688-8f31-8c719d7080b4-AppendLogResponseHandler: Failed appendEntries: org.apache.ratis.thirdparty.io.grpc.StatusRuntimeException: UNAVAILABLE: io exception
2019-10-15 22:50:14,457 [grpc-default-executor-5] INFO  impl.FollowerInfo (FollowerInfo.java:lambda$new$0(51)) - 483636e5-9a11-4bb0-8530-e11a4b7d6bf1@group-1F7DA0480EC4->fa254a61-b2f8-4688-8f31-8c719d7080b4: nextIndex: updateUnconditionally 14 -> 13
2019-10-15 22:50:14,584 [EventQueue-StaleNodeForStaleNodeHandler] INFO  node.StaleNodeHandler (StaleNodeHandler.java:onMessage(58)) - Datanode b3c1af8e-b304-41b3-9967-023a9461ce9d{ip: 192.168.69.67, host: pr-hdds-2071-8rz7p-357833546, networkLocation: /default-rack, certSerialId: null} moved to stale state. Finalizing its pipelines [PipelineID=8bba4a07-0079-4cf6-87ce-5b304dc89a45, PipelineID=fe68cec3-cf9d-4de2-924a-1f7da0480ec4]
2019-10-15 22:50:14,584 [EventQueue-StaleNodeForStaleNodeHandler] INFO  pipeline.SCMPipelineManager (SCMPipelineManager.java:finalizeAndDestroyPipeline(315)) - destroying pipeline:Pipeline[ Id: 8bba4a07-0079-4cf6-87ce-5b304dc89a45, Nodes: b3c1af8e-b304-41b3-9967-023a9461ce9d{ip: 192.168.69.67, host: pr-hdds-2071-8rz7p-357833546, networkLocation: /default-rack, certSerialId: null}, Type:RATIS, Factor:ONE, State:OPEN]
2019-10-15 22:50:14,585 [EventQueue-StaleNodeForStaleNodeHandler] INFO  pipeline.PipelineStateManager (PipelineStateManager.java:finalizePipeline(123)) - Pipeline Pipeline[ Id: 8bba4a07-0079-4cf6-87ce-5b304dc89a45, Nodes: b3c1af8e-b304-41b3-9967-023a9461ce9d{ip: 192.168.69.67, host: pr-hdds-2071-8rz7p-357833546, networkLocation: /default-rack, certSerialId: null}, Type:RATIS, Factor:ONE, State:CLOSED] moved to CLOSED state
2019-10-15 22:50:14,585 [EventQueue-StaleNodeForStaleNodeHandler] INFO  pipeline.SCMPipelineManager (SCMPipelineManager.java:finalizeAndDestroyPipeline(315)) - destroying pipeline:Pipeline[ Id: fe68cec3-cf9d-4de2-924a-1f7da0480ec4, Nodes: fa254a61-b2f8-4688-8f31-8c719d7080b4{ip: 192.168.69.67, host: pr-hdds-2071-8rz7p-357833546, networkLocation: /default-rack, certSerialId: null}483636e5-9a11-4bb0-8530-e11a4b7d6bf1{ip: 192.168.69.67, host: pr-hdds-2071-8rz7p-357833546, networkLocation: /default-rack, certSerialId: null}b3c1af8e-b304-41b3-9967-023a9461ce9d{ip: 192.168.69.67, host: pr-hdds-2071-8rz7p-357833546, networkLocation: /default-rack, certSerialId: null}, Type:RATIS, Factor:THREE, State:CLOSED]
2019-10-15 22:50:14,884 [EventQueue-StaleNodeForStaleNodeHandler] INFO  node.StaleNodeHandler (StaleNodeHandler.java:onMessage(58)) - Datanode 23981206-d98f-49bd-b34a-9ed813c0949a{ip: 192.168.69.67, host: pr-hdds-2071-8rz7p-357833546, networkLocation: /default-rack, certSerialId: null} moved to stale state. Finalizing its pipelines [PipelineID=08032b27-6f20-486a-89d2-75f71bf599a6, PipelineID=9bee2e5e-3b76-444c-8c46-36db69c635cf]
2019-10-15 22:50:14,885 [EventQueue-StaleNodeForStaleNodeHandler] INFO  pipeline.SCMPipelineManager (SCMPipelineManager.java:finalizeAndDestroyPipeline(315)) - destroying pipeline:Pipeline[ Id: 08032b27-6f20-486a-89d2-75f71bf599a6, Nodes: d85b637b-10e8-42dc-95d2-be085c1066ae{ip: 192.168.69.67, host: pr-hdds-2071-8rz7p-357833546, networkLocation: /default-rack, certSerialId: null}cd11d2e1-8001-4504-aa56-1bbe2d1aee94{ip: 192.168.69.67, host: pr-hdds-2071-8rz7p-357833546, networkLocation: /default-rack, certSerialId: null}23981206-d98f-49bd-b34a-9ed813c0949a{ip: 192.168.69.67, host: pr-hdds-2071-8rz7p-357833546, networkLocation: /default-rack, certSerialId: null}, Type:RATIS, Factor:THREE, State:OPEN]
2019-10-15 22:50:14,885 [EventQueue-StaleNodeForStaleNodeHandler] INFO  pipeline.PipelineStateManager (PipelineStateManager.java:finalizePipeline(123)) - Pipeline Pipeline[ Id: 08032b27-6f20-486a-89d2-75f71bf599a6, Nodes: d85b637b-10e8-42dc-95d2-be085c1066ae{ip: 192.168.69.67, host: pr-hdds-2071-8rz7p-357833546, networkLocation: /default-rack, certSerialId: null}cd11d2e1-8001-4504-aa56-1bbe2d1aee94{ip: 192.168.69.67, host: pr-hdds-2071-8rz7p-357833546, networkLocation: /default-rack, certSerialId: null}23981206-d98f-49bd-b34a-9ed813c0949a{ip: 192.168.69.67, host: pr-hdds-2071-8rz7p-357833546, networkLocation: /default-rack, certSerialId: null}, Type:RATIS, Factor:THREE, State:CLOSED] moved to CLOSED state
2019-10-15 22:50:14,885 [EventQueue-CloseContainerForCloseContainerEventHandler] INFO  container.CloseContainerEventHandler (CloseContainerEventHandler.java:onMessage(61)) - Close container Event triggered for container : #2
2019-10-15 22:50:14,885 [EventQueue-StaleNodeForStaleNodeHandler] INFO  pipeline.SCMPipelineManager (SCMPipelineManager.java:finalizeAndDestroyPipeline(315)) - destroying pipeline:Pipeline[ Id: 9bee2e5e-3b76-444c-8c46-36db69c635cf, Nodes: 23981206-d98f-49bd-b34a-9ed813c0949a{ip: 192.168.69.67, host: pr-hdds-2071-8rz7p-357833546, networkLocation: /default-rack, certSerialId: null}, Type:RATIS, Factor:ONE, State:OPEN]
2019-10-15 22:50:14,891 [EventQueue-StaleNodeForStaleNodeHandler] INFO  pipeline.PipelineStateManager (PipelineStateManager.java:finalizePipeline(123)) - Pipeline Pipeline[ Id: 9bee2e5e-3b76-444c-8c46-36db69c635cf, Nodes: 23981206-d98f-49bd-b34a-9ed813c0949a{ip: 192.168.69.67, host: pr-hdds-2071-8rz7p-357833546, networkLocation: /default-rack, certSerialId: null}, Type:RATIS, Factor:ONE, State:CLOSED] moved to CLOSED state
2019-10-15 22:50:15,048 [ForkJoinPool.commonPool-worker-0] INFO  ozoneimpl.OzoneContainer (OzoneContainer.java:stop(227)) - Attempting to stop container services.
2019-10-15 22:50:15,048 [main] INFO  ozoneimpl.OzoneContainer (OzoneContainer.java:stop(227)) - Attempting to stop container services.
2019-10-15 22:50:15,049 [ForkJoinPool.commonPool-worker-0] INFO  impl.RaftServerProxy (RaftServerProxy.java:lambda$close$4(314)) - b3c1af8e-b304-41b3-9967-023a9461ce9d: close
2019-10-15 22:50:15,049 [main] INFO  impl.RaftServerProxy (RaftServerProxy.java:lambda$close$4(314)) - 23981206-d98f-49bd-b34a-9ed813c0949a: close
2019-10-15 22:50:15,049 [ForkJoinPool.commonPool-worker-0] INFO  impl.RaftServerImpl (RaftServerImpl.java:lambda$shutdown$3(247)) - b3c1af8e-b304-41b3-9967-023a9461ce9d@group-5B304DC89A45: shutdown
2019-10-15 22:50:15,050 [main] INFO  impl.RaftServerImpl (RaftServerImpl.java:lambda$shutdown$3(247)) - 23981206-d98f-49bd-b34a-9ed813c0949a@group-75F71BF599A6: shutdown
2019-10-15 22:50:15,050 [ForkJoinPool.commonPool-worker-0] INFO  util.JmxRegister (JmxRegister.java:unregister(73)) - Successfully un-registered JMX Bean with object name Ratis:service=RaftServer,group=group-5B304DC89A45,id=b3c1af8e-b304-41b3-9967-023a9461ce9d
2019-10-15 22:50:15,050 [main] INFO  util.JmxRegister (JmxRegister.java:unregister(73)) - Successfully un-registered JMX Bean with object name Ratis:service=RaftServer,group=group-75F71BF599A6,id=23981206-d98f-49bd-b34a-9ed813c0949a
2019-10-15 22:50:15,050 [ForkJoinPool.commonPool-worker-0] INFO  impl.RoleInfo (RoleInfo.java:shutdownLeaderState(104)) - b3c1af8e-b304-41b3-9967-023a9461ce9d: shutdown LeaderState
2019-10-15 22:50:15,050 [main] INFO  impl.RoleInfo (RoleInfo.java:shutdownLeaderState(104)) - 23981206-d98f-49bd-b34a-9ed813c0949a: shutdown LeaderState
2019-10-15 22:50:15,050 [ForkJoinPool.commonPool-worker-0] INFO  impl.PendingRequests (PendingRequests.java:sendNotLeaderResponses(202)) - b3c1af8e-b304-41b3-9967-023a9461ce9d@group-5B304DC89A45-PendingRequests: sendNotLeaderResponses
2019-10-15 22:50:15,055 [org.apache.ratis.server.impl.LogAppender$AppenderDaemon$$Lambda$532/1452573193@7ed83d13] WARN  server.GrpcLogAppender (GrpcLogAppender.java:mayWait(143)) - 23981206-d98f-49bd-b34a-9ed813c0949a@group-75F71BF599A6->d85b637b-10e8-42dc-95d2-be085c1066ae-GrpcLogAppender: Wait interrupted by java.lang.InterruptedException
2019-10-15 22:50:15,055 [org.apache.ratis.server.impl.LogAppender$AppenderDaemon$$Lambda$532/1452573193@59a6549b] WARN  server.GrpcLogAppender (GrpcLogAppender.java:mayWait(143)) - 23981206-d98f-49bd-b34a-9ed813c0949a@group-75F71BF599A6->cd11d2e1-8001-4504-aa56-1bbe2d1aee94-GrpcLogAppender: Wait interrupted by java.lang.InterruptedException
2019-10-15 22:50:15,055 [main] INFO  impl.PendingRequests (PendingRequests.java:sendNotLeaderResponses(202)) - 23981206-d98f-49bd-b34a-9ed813c0949a@group-75F71BF599A6-PendingRequests: sendNotLeaderResponses
2019-10-15 22:50:15,056 [ForkJoinPool.commonPool-worker-0] INFO  impl.StateMachineUpdater (StateMachineUpdater.java:stopAndJoin(136)) - b3c1af8e-b304-41b3-9967-023a9461ce9d@group-5B304DC89A45-StateMachineUpdater: set stopIndex = 0
2019-10-15 22:50:15,058 [main] INFO  impl.StateMachineUpdater (StateMachineUpdater.java:stopAndJoin(136)) - 23981206-d98f-49bd-b34a-9ed813c0949a@group-75F71BF599A6-StateMachineUpdater: set stopIndex = 16
2019-10-15 22:50:15,057 [grpc-default-executor-6] INFO  server.GrpcServerProtocolService (GrpcServerProtocolService.java:onCompleted(113)) - d85b637b-10e8-42dc-95d2-be085c1066ae: Completed APPEND_ENTRIES, lastRequest: 23981206-d98f-49bd-b34a-9ed813c0949a->d85b637b-10e8-42dc-95d2-be085c1066ae#24-t1, previous=(t:1, i:16), leaderCommit=16, initializing? false, entries: <empty>
2019-10-15 22:50:15,058 [grpc-default-executor-5] INFO  server.GrpcServerProtocolService (GrpcServerProtocolService.java:onCompleted(113)) - cd11d2e1-8001-4504-aa56-1bbe2d1aee94: Completed APPEND_ENTRIES, lastRequest: 23981206-d98f-49bd-b34a-9ed813c0949a->cd11d2e1-8001-4504-aa56-1bbe2d1aee94#24-t1, previous=(t:1, i:16), leaderCommit=16, initializing? false, entries: <empty>
2019-10-15 22:50:15,059 [ForkJoinPool.commonPool-worker-0] INFO  impl.RaftServerImpl (ServerState.java:close(387)) - b3c1af8e-b304-41b3-9967-023a9461ce9d@group-5B304DC89A45: closes. applyIndex: 0
2019-10-15 22:50:15,059 [23981206-d98f-49bd-b34a-9ed813c0949a@group-75F71BF599A6-StateMachineUpdater] INFO  ratis.ContainerStateMachine (ContainerStateMachine.java:takeSnapshot(294)) - group-75F71BF599A6: Taking a snapshot at:(t:1, i:14) file /workdir/hadoop-ozone/integration-test/target/test-dir/MiniOzoneClusterImpl-0d9b2814-d928-4fbd-a4f1-019e2ffc4b6f/datanode-4/data/ratis/08032b27-6f20-486a-89d2-75f71bf599a6/sm/snapshot.1_14
2019-10-15 22:50:15,059 [grpc-default-executor-5] INFO  server.GrpcLogAppender (GrpcLogAppender.java:onCompleted(293)) - 23981206-d98f-49bd-b34a-9ed813c0949a@group-75F71BF599A6->d85b637b-10e8-42dc-95d2-be085c1066ae-AppendLogResponseHandler: follower responses appendEntries COMPLETED
2019-10-15 22:50:15,059 [b3c1af8e-b304-41b3-9967-023a9461ce9d@group-5B304DC89A45-SegmentedRaftLogWorker] INFO  segmented.SegmentedRaftLogWorker (SegmentedRaftLogWorker.java:run(316)) - b3c1af8e-b304-41b3-9967-023a9461ce9d@group-5B304DC89A45-SegmentedRaftLogWorker was interrupted, exiting. There are 0 tasks remaining in the queue.
2019-10-15 22:50:15,060 [grpc-default-executor-6] INFO  server.GrpcLogAppender (GrpcLogAppender.java:onCompleted(293)) - 23981206-d98f-49bd-b34a-9ed813c0949a@group-75F71BF599A6->cd11d2e1-8001-4504-aa56-1bbe2d1aee94-AppendLogResponseHandler: follower responses appendEntries COMPLETED
2019-10-15 22:50:15,061 [ForkJoinPool.commonPool-worker-0] INFO  segmented.SegmentedRaftLogWorker (SegmentedRaftLogWorker.java:close(224)) - b3c1af8e-b304-41b3-9967-023a9461ce9d@group-5B304DC89A45-SegmentedRaftLogWorker close()
2019-10-15 22:50:15,063 [ForkJoinPool.commonPool-worker-0] INFO  impl.RaftServerImpl (RaftServerImpl.java:lambda$shutdown$3(247)) - b3c1af8e-b304-41b3-9967-023a9461ce9d@group-1F7DA0480EC4: shutdown
2019-10-15 22:50:15,064 [ForkJoinPool.commonPool-worker-0] INFO  util.JmxRegister (JmxRegister.java:unregister(73)) - Successfully un-registered JMX Bean with object name Ratis:service=RaftServer,group=group-1F7DA0480EC4,id=b3c1af8e-b304-41b3-9967-023a9461ce9d
2019-10-15 22:50:15,064 [grpc-default-executor-5] INFO  impl.FollowerInfo (FollowerInfo.java:lambda$new$0(51)) - 23981206-d98f-49bd-b34a-9ed813c0949a@group-75F71BF599A6->d85b637b-10e8-42dc-95d2-be085c1066ae: nextIndex: updateUnconditionally 17 -> 16
2019-10-15 22:50:15,064 [ForkJoinPool.commonPool-worker-0] INFO  impl.RoleInfo (RoleInfo.java:shutdownFollowerState(121)) - b3c1af8e-b304-41b3-9967-023a9461ce9d: shutdown FollowerState
2019-10-15 22:50:15,064 [grpc-default-executor-6] INFO  impl.FollowerInfo (FollowerInfo.java:lambda$new$0(51)) - 23981206-d98f-49bd-b34a-9ed813c0949a@group-75F71BF599A6->cd11d2e1-8001-4504-aa56-1bbe2d1aee94: nextIndex: updateUnconditionally 17 -> 16
2019-10-15 22:50:15,064 [b3c1af8e-b304-41b3-9967-023a9461ce9d@group-1F7DA0480EC4-StateMachineUpdater] INFO  ratis.ContainerStateMachine (ContainerStateMachine.java:takeSnapshot(294)) - group-1F7DA0480EC4: Taking a snapshot at:(t:2, i:15) file /workdir/hadoop-ozone/integration-test/target/test-dir/MiniOzoneClusterImpl-0d9b2814-d928-4fbd-a4f1-019e2ffc4b6f/datanode-2/data/ratis/fe68cec3-cf9d-4de2-924a-1f7da0480ec4/sm/snapshot.2_15
2019-10-15 22:50:15,064 [Thread-3162] INFO  impl.FollowerState (FollowerState.java:run(117)) - b3c1af8e-b304-41b3-9967-023a9461ce9d@group-1F7DA0480EC4-FollowerState was interrupted: java.lang.InterruptedException: sleep interrupted
2019-10-15 22:50:15,064 [ForkJoinPool.commonPool-worker-0] INFO  impl.StateMachineUpdater (StateMachineUpdater.java:stopAndJoin(136)) - b3c1af8e-b304-41b3-9967-023a9461ce9d@group-1F7DA0480EC4-StateMachineUpdater: set stopIndex = 16
2019-10-15 22:50:15,085 [b3c1af8e-b304-41b3-9967-023a9461ce9d@group-1F7DA0480EC4-StateMachineUpdater] INFO  ratis.ContainerStateMachine (ContainerStateMachine.java:takeSnapshot(305)) - group-1F7DA0480EC4: Finished taking a snapshot at:(t:2, i:15) file:/workdir/hadoop-ozone/integration-test/target/test-dir/MiniOzoneClusterImpl-0d9b2814-d928-4fbd-a4f1-019e2ffc4b6f/datanode-2/data/ratis/fe68cec3-cf9d-4de2-924a-1f7da0480ec4/sm/snapshot.2_15 time:21
2019-10-15 22:50:15,085 [23981206-d98f-49bd-b34a-9ed813c0949a@group-75F71BF599A6-StateMachineUpdater] INFO  ratis.ContainerStateMachine (ContainerStateMachine.java:takeSnapshot(305)) - group-75F71BF599A6: Finished taking a snapshot at:(t:1, i:14) file:/workdir/hadoop-ozone/integration-test/target/test-dir/MiniOzoneClusterImpl-0d9b2814-d928-4fbd-a4f1-019e2ffc4b6f/datanode-4/data/ratis/08032b27-6f20-486a-89d2-75f71bf599a6/sm/snapshot.1_14 time:27
2019-10-15 22:50:15,086 [b3c1af8e-b304-41b3-9967-023a9461ce9d@group-1F7DA0480EC4-StateMachineUpdater] INFO  impl.StateMachineUpdater (StateMachineUpdater.java:takeSnapshot(269)) - b3c1af8e-b304-41b3-9967-023a9461ce9d@group-1F7DA0480EC4-StateMachineUpdater: Took a snapshot at index 15
2019-10-15 22:50:15,086 [b3c1af8e-b304-41b3-9967-023a9461ce9d@group-1F7DA0480EC4-StateMachineUpdater] INFO  impl.StateMachineUpdater (StateMachineUpdater.java:lambda$new$0(84)) - b3c1af8e-b304-41b3-9967-023a9461ce9d@group-1F7DA0480EC4-StateMachineUpdater: snapshotIndex: updateIncreasingly -1 -> 15
2019-10-15 22:50:15,086 [23981206-d98f-49bd-b34a-9ed813c0949a@group-75F71BF599A6-StateMachineUpdater] INFO  impl.StateMachineUpdater (StateMachineUpdater.java:takeSnapshot(269)) - 23981206-d98f-49bd-b34a-9ed813c0949a@group-75F71BF599A6-StateMachineUpdater: Took a snapshot at index 14
2019-10-15 22:50:15,086 [b3c1af8e-b304-41b3-9967-023a9461ce9d@group-1F7DA0480EC4-StateMachineUpdater] INFO  ratis.ContainerStateMachine (ContainerStateMachine.java:takeSnapshot(294)) - group-1F7DA0480EC4: Taking a snapshot at:(t:2, i:15) file /workdir/hadoop-ozone/integration-test/target/test-dir/MiniOzoneClusterImpl-0d9b2814-d928-4fbd-a4f1-019e2ffc4b6f/datanode-2/data/ratis/fe68cec3-cf9d-4de2-924a-1f7da0480ec4/sm/snapshot.2_15
2019-10-15 22:50:15,086 [23981206-d98f-49bd-b34a-9ed813c0949a@group-75F71BF599A6-StateMachineUpdater] INFO  impl.StateMachineUpdater (StateMachineUpdater.java:lambda$new$0(84)) - 23981206-d98f-49bd-b34a-9ed813c0949a@group-75F71BF599A6-StateMachineUpdater: snapshotIndex: updateIncreasingly -1 -> 14
2019-10-15 22:50:15,086 [23981206-d98f-49bd-b34a-9ed813c0949a@group-75F71BF599A6-StateMachineUpdater] INFO  ratis.ContainerStateMachine (ContainerStateMachine.java:takeSnapshot(294)) - group-75F71BF599A6: Taking a snapshot at:(t:1, i:14) file /workdir/hadoop-ozone/integration-test/target/test-dir/MiniOzoneClusterImpl-0d9b2814-d928-4fbd-a4f1-019e2ffc4b6f/datanode-4/data/ratis/08032b27-6f20-486a-89d2-75f71bf599a6/sm/snapshot.1_14
2019-10-15 22:50:15,099 [23981206-d98f-49bd-b34a-9ed813c0949a@group-75F71BF599A6-StateMachineUpdater] INFO  ratis.ContainerStateMachine (ContainerStateMachine.java:takeSnapshot(305)) - group-75F71BF599A6: Finished taking a snapshot at:(t:1, i:14) file:/workdir/hadoop-ozone/integration-test/target/test-dir/MiniOzoneClusterImpl-0d9b2814-d928-4fbd-a4f1-019e2ffc4b6f/datanode-4/data/ratis/08032b27-6f20-486a-89d2-75f71bf599a6/sm/snapshot.1_14 time:12
2019-10-15 22:50:15,099 [b3c1af8e-b304-41b3-9967-023a9461ce9d@group-1F7DA0480EC4-StateMachineUpdater] INFO  ratis.ContainerStateMachine (ContainerStateMachine.java:takeSnapshot(305)) - group-1F7DA0480EC4: Finished taking a snapshot at:(t:2, i:15) file:/workdir/hadoop-ozone/integration-test/target/test-dir/MiniOzoneClusterImpl-0d9b2814-d928-4fbd-a4f1-019e2ffc4b6f/datanode-2/data/ratis/fe68cec3-cf9d-4de2-924a-1f7da0480ec4/sm/snapshot.2_15 time:12
2019-10-15 22:50:15,099 [23981206-d98f-49bd-b34a-9ed813c0949a@group-75F71BF599A6-StateMachineUpdater] INFO  impl.StateMachineUpdater (StateMachineUpdater.java:takeSnapshot(269)) - 23981206-d98f-49bd-b34a-9ed813c0949a@group-75F71BF599A6-StateMachineUpdater: Took a snapshot at index 14
2019-10-15 22:50:15,099 [b3c1af8e-b304-41b3-9967-023a9461ce9d@group-1F7DA0480EC4-StateMachineUpdater] INFO  impl.StateMachineUpdater (StateMachineUpdater.java:takeSnapshot(269)) - b3c1af8e-b304-41b3-9967-023a9461ce9d@group-1F7DA0480EC4-StateMachineUpdater: Took a snapshot at index 15
2019-10-15 22:50:15,099 [23981206-d98f-49bd-b34a-9ed813c0949a@group-75F71BF599A6-StateMachineUpdater] INFO  impl.StateMachineUpdater (StateMachineUpdater.java:lambda$new$0(84)) - 23981206-d98f-49bd-b34a-9ed813c0949a@group-75F71BF599A6-StateMachineUpdater: snapshotIndex: updateIncreasingly 14 -> 14
2019-10-15 22:50:15,099 [b3c1af8e-b304-41b3-9967-023a9461ce9d@group-1F7DA0480EC4-StateMachineUpdater] INFO  impl.StateMachineUpdater (StateMachineUpdater.java:lambda$new$0(84)) - b3c1af8e-b304-41b3-9967-023a9461ce9d@group-1F7DA0480EC4-StateMachineUpdater: snapshotIndex: updateIncreasingly 15 -> 15
2019-10-15 22:50:15,099 [main] INFO  impl.RaftServerImpl (ServerState.java:close(387)) - 23981206-d98f-49bd-b34a-9ed813c0949a@group-75F71BF599A6: closes. applyIndex: 16
2019-10-15 22:50:15,099 [ForkJoinPool.commonPool-worker-0] INFO  impl.RaftServerImpl (ServerState.java:close(387)) - b3c1af8e-b304-41b3-9967-023a9461ce9d@group-1F7DA0480EC4: closes. applyIndex: 16
2019-10-15 22:50:15,100 [23981206-d98f-49bd-b34a-9ed813c0949a@group-75F71BF599A6-SegmentedRaftLogWorker] INFO  segmented.SegmentedRaftLogWorker (SegmentedRaftLogWorker.java:run(316)) - 23981206-d98f-49bd-b34a-9ed813c0949a@group-75F71BF599A6-SegmentedRaftLogWorker was interrupted, exiting. There are 0 tasks remaining in the queue.
2019-10-15 22:50:15,100 [b3c1af8e-b304-41b3-9967-023a9461ce9d@group-1F7DA0480EC4-SegmentedRaftLogWorker] INFO  segmented.SegmentedRaftLogWorker (SegmentedRaftLogWorker.java:run(316)) - b3c1af8e-b304-41b3-9967-023a9461ce9d@group-1F7DA0480EC4-SegmentedRaftLogWorker was interrupted, exiting. There are 0 tasks remaining in the queue.
2019-10-15 22:50:15,102 [main] INFO  segmented.SegmentedRaftLogWorker (SegmentedRaftLogWorker.java:close(224)) - 23981206-d98f-49bd-b34a-9ed813c0949a@group-75F71BF599A6-SegmentedRaftLogWorker close()
2019-10-15 22:50:15,103 [ForkJoinPool.commonPool-worker-0] INFO  segmented.SegmentedRaftLogWorker (SegmentedRaftLogWorker.java:close(224)) - b3c1af8e-b304-41b3-9967-023a9461ce9d@group-1F7DA0480EC4-SegmentedRaftLogWorker close()
2019-10-15 22:50:15,105 [main] INFO  impl.RaftServerImpl (RaftServerImpl.java:lambda$shutdown$3(247)) - 23981206-d98f-49bd-b34a-9ed813c0949a@group-36DB69C635CF: shutdown
2019-10-15 22:50:15,107 [ForkJoinPool.commonPool-worker-0] INFO  server.GrpcService (GrpcService.java:closeImpl(164)) - b3c1af8e-b304-41b3-9967-023a9461ce9d: shutdown server with port 40932 now
2019-10-15 22:50:15,108 [main] INFO  util.JmxRegister (JmxRegister.java:unregister(73)) - Successfully un-registered JMX Bean with object name Ratis:service=RaftServer,group=group-36DB69C635CF,id=23981206-d98f-49bd-b34a-9ed813c0949a
2019-10-15 22:50:15,108 [main] INFO  impl.RoleInfo (RoleInfo.java:shutdownLeaderState(104)) - 23981206-d98f-49bd-b34a-9ed813c0949a: shutdown LeaderState
2019-10-15 22:50:15,109 [ForkJoinPool.commonPool-worker-0] INFO  server.GrpcService (GrpcService.java:closeImpl(172)) - b3c1af8e-b304-41b3-9967-023a9461ce9d: shutdown server with port 40932 successfully
2019-10-15 22:50:15,109 [grpc-default-executor-9] WARN  server.GrpcLogAppender (LogUtils.java:warn(134)) - 483636e5-9a11-4bb0-8530-e11a4b7d6bf1@group-1F7DA0480EC4->b3c1af8e-b304-41b3-9967-023a9461ce9d-AppendLogResponseHandler: Failed appendEntries: org.apache.ratis.thirdparty.io.grpc.StatusRuntimeException: CANCELLED: HTTP/2 error code: CANCEL
Received Rst Stream
2019-10-15 22:50:15,109 [grpc-default-executor-5] WARN  server.GrpcServerProtocolService (LogUtils.java:warn(134)) - b3c1af8e-b304-41b3-9967-023a9461ce9d: installSnapshot onError, lastRequest: 483636e5-9a11-4bb0-8530-e11a4b7d6bf1->b3c1af8e-b304-41b3-9967-023a9461ce9d#22-t2, previous=(t:2, i:16), leaderCommit=16, initializing? false, entries: <empty>: org.apache.ratis.thirdparty.io.grpc.StatusRuntimeException: CANCELLED: cancelled before receiving half close
2019-10-15 22:50:15,109 [main] INFO  impl.PendingRequests (PendingRequests.java:sendNotLeaderResponses(202)) - 23981206-d98f-49bd-b34a-9ed813c0949a@group-36DB69C635CF-PendingRequests: sendNotLeaderResponses
2019-10-15 22:50:15,109 [grpc-default-executor-9] INFO  impl.FollowerInfo (FollowerInfo.java:lambda$new$0(51)) - 483636e5-9a11-4bb0-8530-e11a4b7d6bf1@group-1F7DA0480EC4->b3c1af8e-b304-41b3-9967-023a9461ce9d: nextIndex: updateUnconditionally 17 -> 16
2019-10-15 22:50:15,110 [main] INFO  impl.StateMachineUpdater (StateMachineUpdater.java:stopAndJoin(136)) - 23981206-d98f-49bd-b34a-9ed813c0949a@group-36DB69C635CF-StateMachineUpdater: set stopIndex = 0
2019-10-15 22:50:15,110 [refreshUsed-/workdir/hadoop-ozone/integration-test/target/test-dir/MiniOzoneClusterImpl-0d9b2814-d928-4fbd-a4f1-019e2ffc4b6f/datanode-2/data/containers] WARN  fs.CachingGetSpaceUsed (CachingGetSpaceUsed.java:run(183)) - Thread Interrupted waiting to refresh disk information: sleep interrupted
2019-10-15 22:50:15,111 [main] INFO  impl.RaftServerImpl (ServerState.java:close(387)) - 23981206-d98f-49bd-b34a-9ed813c0949a@group-36DB69C635CF: closes. applyIndex: 0
2019-10-15 22:50:15,111 [23981206-d98f-49bd-b34a-9ed813c0949a@group-36DB69C635CF-SegmentedRaftLogWorker] INFO  segmented.SegmentedRaftLogWorker (SegmentedRaftLogWorker.java:run(316)) - 23981206-d98f-49bd-b34a-9ed813c0949a@group-36DB69C635CF-SegmentedRaftLogWorker was interrupted, exiting. There are 0 tasks remaining in the queue.
2019-10-15 22:50:15,113 [main] INFO  segmented.SegmentedRaftLogWorker (SegmentedRaftLogWorker.java:close(224)) - 23981206-d98f-49bd-b34a-9ed813c0949a@group-36DB69C635CF-SegmentedRaftLogWorker close()
2019-10-15 22:50:15,117 [main] INFO  server.GrpcService (GrpcService.java:closeImpl(164)) - 23981206-d98f-49bd-b34a-9ed813c0949a: shutdown server with port 32847 now
2019-10-15 22:50:15,119 [grpc-default-executor-9] WARN  client.GrpcClientProtocolService (LogUtils.java:warn(134)) - 1-UnorderedRequestStreamObserver1: onError: org.apache.ratis.thirdparty.io.grpc.StatusRuntimeException: CANCELLED: cancelled before receiving half close
2019-10-15 22:50:15,119 [main] INFO  server.GrpcService (GrpcService.java:closeImpl(172)) - 23981206-d98f-49bd-b34a-9ed813c0949a: shutdown server with port 32847 successfully
2019-10-15 22:50:15,129 [refreshUsed-/workdir/hadoop-ozone/integration-test/target/test-dir/MiniOzoneClusterImpl-0d9b2814-d928-4fbd-a4f1-019e2ffc4b6f/datanode-4/data/containers] WARN  fs.CachingGetSpaceUsed (CachingGetSpaceUsed.java:run(183)) - Thread Interrupted waiting to refresh disk information: sleep interrupted
2019-10-15 22:50:15,137 [ForkJoinPool.commonPool-worker-0] INFO  utils.BackgroundService (BackgroundService.java:shutdown(151)) - Shutting down service BlockDeletingService
2019-10-15 22:50:15,141 [ForkJoinPool.commonPool-worker-0] INFO  statemachine.DatanodeStateMachine (DatanodeStateMachine.java:stopDaemon(395)) - Ozone container server stopped.
2019-10-15 22:50:15,145 [ForkJoinPool.commonPool-worker-0] INFO  handler.ContextHandler (ContextHandler.java:doStop(910)) - Stopped o.e.j.w.WebAppContext@2e952845{/,null,UNAVAILABLE}{/hddsDatanode}
2019-10-15 22:50:15,146 [ForkJoinPool.commonPool-worker-0] INFO  server.AbstractConnector (AbstractConnector.java:doStop(318)) - Stopped ServerConnector@79252c83{HTTP/1.1,[http/1.1]}{0.0.0.0:0}
2019-10-15 22:50:15,147 [ForkJoinPool.commonPool-worker-0] INFO  handler.ContextHandler (ContextHandler.java:doStop(910)) - Stopped o.e.j.s.ServletContextHandler@2d130ac4{/static,jar:file:/home/user/.m2/repository/org/apache/hadoop/hadoop-hdds-container-service/0.5.0-SNAPSHOT/hadoop-hdds-container-service-0.5.0-SNAPSHOT.jar!/webapps/static,UNAVAILABLE}
2019-10-15 22:50:15,149 [ForkJoinPool.commonPool-worker-0] INFO  handler.ContextHandler (ContextHandler.java:doStop(910)) - Stopped o.e.j.s.ServletContextHandler@77083e41{/logs,file:///workdir/hadoop-ozone/integration-test/target/log,UNAVAILABLE}
2019-10-15 22:50:15,154 [main] INFO  utils.BackgroundService (BackgroundService.java:shutdown(151)) - Shutting down service BlockDeletingService
2019-10-15 22:50:15,157 [main] INFO  statemachine.DatanodeStateMachine (DatanodeStateMachine.java:stopDaemon(395)) - Ozone container server stopped.
2019-10-15 22:50:15,158 [main] INFO  handler.ContextHandler (ContextHandler.java:doStop(910)) - Stopped o.e.j.w.WebAppContext@7e191fda{/,null,UNAVAILABLE}{/hddsDatanode}
2019-10-15 22:50:15,158 [main] INFO  server.AbstractConnector (AbstractConnector.java:doStop(318)) - Stopped ServerConnector@6562cc23{HTTP/1.1,[http/1.1]}{0.0.0.0:0}
2019-10-15 22:50:15,158 [main] INFO  handler.ContextHandler (ContextHandler.java:doStop(910)) - Stopped o.e.j.s.ServletContextHandler@5627cb29{/static,jar:file:/home/user/.m2/repository/org/apache/hadoop/hadoop-hdds-container-service/0.5.0-SNAPSHOT/hadoop-hdds-container-service-0.5.0-SNAPSHOT.jar!/webapps/static,UNAVAILABLE}
2019-10-15 22:50:15,159 [main] INFO  handler.ContextHandler (ContextHandler.java:doStop(910)) - Stopped o.e.j.s.ServletContextHandler@76a362a4{/logs,file:///workdir/hadoop-ozone/integration-test/target/log,UNAVAILABLE}
2019-10-15 22:50:15,435 [Datanode State Machine Thread - 0] INFO  statemachine.DatanodeStateMachine (DatanodeStateMachine.java:lambda$startDaemon$0(350)) - Ozone container server started.
2019-10-15 22:50:15,495 [Datanode State Machine Thread - 0] INFO  statemachine.DatanodeStateMachine (DatanodeStateMachine.java:lambda$startDaemon$0(350)) - Ozone container server started.
2019-10-15 22:50:16,956 [grpc-default-executor-5] WARN  server.GrpcLogAppender (LogUtils.java:warn(134)) - 483636e5-9a11-4bb0-8530-e11a4b7d6bf1@group-1F7DA0480EC4->fa254a61-b2f8-4688-8f31-8c719d7080b4-AppendLogResponseHandler: Failed appendEntries: org.apache.ratis.thirdparty.io.grpc.StatusRuntimeException: UNAVAILABLE: io exception
2019-10-15 22:50:16,956 [grpc-default-executor-5] INFO  impl.FollowerInfo (FollowerInfo.java:lambda$new$0(51)) - 483636e5-9a11-4bb0-8530-e11a4b7d6bf1@group-1F7DA0480EC4->fa254a61-b2f8-4688-8f31-8c719d7080b4: nextIndex: updateUnconditionally 13 -> 12
2019-10-15 22:50:16,960 [grpc-default-executor-6] WARN  server.GrpcLogAppender (LogUtils.java:warn(134)) - 483636e5-9a11-4bb0-8530-e11a4b7d6bf1@group-1F7DA0480EC4->b3c1af8e-b304-41b3-9967-023a9461ce9d-AppendLogResponseHandler: Failed appendEntries: org.apache.ratis.thirdparty.io.grpc.StatusRuntimeException: UNAVAILABLE: io exception
2019-10-15 22:50:16,960 [grpc-default-executor-6] INFO  impl.FollowerInfo (FollowerInfo.java:lambda$new$0(51)) - 483636e5-9a11-4bb0-8530-e11a4b7d6bf1@group-1F7DA0480EC4->b3c1af8e-b304-41b3-9967-023a9461ce9d: nextIndex: updateUnconditionally 16 -> 15
2019-10-15 22:50:19,459 [grpc-default-executor-6] WARN  server.GrpcLogAppender (LogUtils.java:warn(134)) - 483636e5-9a11-4bb0-8530-e11a4b7d6bf1@group-1F7DA0480EC4->fa254a61-b2f8-4688-8f31-8c719d7080b4-AppendLogResponseHandler: Failed appendEntries: org.apache.ratis.thirdparty.io.grpc.StatusRuntimeException: UNAVAILABLE: io exception
2019-10-15 22:50:19,460 [grpc-default-executor-6] INFO  impl.FollowerInfo (FollowerInfo.java:lambda$new$0(51)) - 483636e5-9a11-4bb0-8530-e11a4b7d6bf1@group-1F7DA0480EC4->fa254a61-b2f8-4688-8f31-8c719d7080b4: nextIndex: updateUnconditionally 12 -> 11
2019-10-15 22:50:19,461 [grpc-default-executor-9] WARN  server.GrpcLogAppender (LogUtils.java:warn(134)) - 483636e5-9a11-4bb0-8530-e11a4b7d6bf1@group-1F7DA0480EC4->b3c1af8e-b304-41b3-9967-023a9461ce9d-AppendLogResponseHandler: Failed appendEntries: org.apache.ratis.thirdparty.io.grpc.StatusRuntimeException: UNAVAILABLE: io exception
2019-10-15 22:50:19,461 [grpc-default-executor-9] INFO  impl.FollowerInfo (FollowerInfo.java:lambda$new$0(51)) - 483636e5-9a11-4bb0-8530-e11a4b7d6bf1@group-1F7DA0480EC4->b3c1af8e-b304-41b3-9967-023a9461ce9d: nextIndex: updateUnconditionally 15 -> 14
2019-10-15 22:50:19,489 [EventQueue-StaleNodeForStaleNodeHandler] INFO  node.StaleNodeHandler (StaleNodeHandler.java:onMessage(58)) - Datanode 36062c4f-280d-4b0a-9450-edbb927c7915{ip: 192.168.69.67, host: pr-hdds-2071-8rz7p-357833546, networkLocation: /default-rack, certSerialId: null} moved to stale state. Finalizing its pipelines [PipelineID=df8d368c-9ed4-4e99-bc31-e721348ff008]
2019-10-15 22:50:19,489 [EventQueue-StaleNodeForStaleNodeHandler] INFO  pipeline.SCMPipelineManager (SCMPipelineManager.java:finalizeAndDestroyPipeline(315)) - destroying pipeline:Pipeline[ Id: df8d368c-9ed4-4e99-bc31-e721348ff008, Nodes: 36062c4f-280d-4b0a-9450-edbb927c7915{ip: 192.168.69.67, host: pr-hdds-2071-8rz7p-357833546, networkLocation: /default-rack, certSerialId: null}, Type:RATIS, Factor:ONE, State:OPEN]
2019-10-15 22:50:19,490 [EventQueue-StaleNodeForStaleNodeHandler] INFO  pipeline.PipelineStateManager (PipelineStateManager.java:finalizePipeline(123)) - Pipeline Pipeline[ Id: df8d368c-9ed4-4e99-bc31-e721348ff008, Nodes: 36062c4f-280d-4b0a-9450-edbb927c7915{ip: 192.168.69.67, host: pr-hdds-2071-8rz7p-357833546, networkLocation: /default-rack, certSerialId: null}, Type:RATIS, Factor:ONE, State:CLOSED] moved to CLOSED state
2019-10-15 22:50:19,589 [EventQueue-StaleNodeForStaleNodeHandler] INFO  node.StaleNodeHandler (StaleNodeHandler.java:onMessage(58)) - Datanode 483636e5-9a11-4bb0-8530-e11a4b7d6bf1{ip: 192.168.69.67, host: pr-hdds-2071-8rz7p-357833546, networkLocation: /default-rack, certSerialId: null} moved to stale state. Finalizing its pipelines [PipelineID=7e3856fa-d959-401a-ab1a-cef704bbd4cd, PipelineID=fe68cec3-cf9d-4de2-924a-1f7da0480ec4]
2019-10-15 22:50:19,589 [EventQueue-StaleNodeForStaleNodeHandler] INFO  pipeline.SCMPipelineManager (SCMPipelineManager.java:finalizeAndDestroyPipeline(315)) - destroying pipeline:Pipeline[ Id: 7e3856fa-d959-401a-ab1a-cef704bbd4cd, Nodes: 483636e5-9a11-4bb0-8530-e11a4b7d6bf1{ip: 192.168.69.67, host: pr-hdds-2071-8rz7p-357833546, networkLocation: /default-rack, certSerialId: null}, Type:RATIS, Factor:ONE, State:OPEN]
2019-10-15 22:50:19,589 [EventQueue-StaleNodeForStaleNodeHandler] INFO  pipeline.PipelineStateManager (PipelineStateManager.java:finalizePipeline(123)) - Pipeline Pipeline[ Id: 7e3856fa-d959-401a-ab1a-cef704bbd4cd, Nodes: 483636e5-9a11-4bb0-8530-e11a4b7d6bf1{ip: 192.168.69.67, host: pr-hdds-2071-8rz7p-357833546, networkLocation: /default-rack, certSerialId: null}, Type:RATIS, Factor:ONE, State:CLOSED] moved to CLOSED state
2019-10-15 22:50:19,590 [EventQueue-StaleNodeForStaleNodeHandler] INFO  pipeline.SCMPipelineManager (SCMPipelineManager.java:finalizeAndDestroyPipeline(315)) - destroying pipeline:Pipeline[ Id: fe68cec3-cf9d-4de2-924a-1f7da0480ec4, Nodes: fa254a61-b2f8-4688-8f31-8c719d7080b4{ip: 192.168.69.67, host: pr-hdds-2071-8rz7p-357833546, networkLocation: /default-rack, certSerialId: null}483636e5-9a11-4bb0-8530-e11a4b7d6bf1{ip: 192.168.69.67, host: pr-hdds-2071-8rz7p-357833546, networkLocation: /default-rack, certSerialId: null}b3c1af8e-b304-41b3-9967-023a9461ce9d{ip: 192.168.69.67, host: pr-hdds-2071-8rz7p-357833546, networkLocation: /default-rack, certSerialId: null}, Type:RATIS, Factor:THREE, State:CLOSED]
2019-10-15 22:50:20,150 [ForkJoinPool.commonPool-worker-0] INFO  ozoneimpl.OzoneContainer (OzoneContainer.java:stop(227)) - Attempting to stop container services.
2019-10-15 22:50:20,151 [ForkJoinPool.commonPool-worker-0] INFO  impl.RaftServerProxy (RaftServerProxy.java:lambda$close$4(314)) - 483636e5-9a11-4bb0-8530-e11a4b7d6bf1: close
2019-10-15 22:50:20,151 [ForkJoinPool.commonPool-worker-0] INFO  impl.RaftServerImpl (RaftServerImpl.java:lambda$shutdown$3(247)) - 483636e5-9a11-4bb0-8530-e11a4b7d6bf1@group-CEF704BBD4CD: shutdown
2019-10-15 22:50:20,151 [ForkJoinPool.commonPool-worker-0] INFO  util.JmxRegister (JmxRegister.java:unregister(73)) - Successfully un-registered JMX Bean with object name Ratis:service=RaftServer,group=group-CEF704BBD4CD,id=483636e5-9a11-4bb0-8530-e11a4b7d6bf1
2019-10-15 22:50:20,151 [ForkJoinPool.commonPool-worker-0] INFO  impl.RoleInfo (RoleInfo.java:shutdownLeaderState(104)) - 483636e5-9a11-4bb0-8530-e11a4b7d6bf1: shutdown LeaderState
2019-10-15 22:50:20,152 [ForkJoinPool.commonPool-worker-0] INFO  impl.PendingRequests (PendingRequests.java:sendNotLeaderResponses(202)) - 483636e5-9a11-4bb0-8530-e11a4b7d6bf1@group-CEF704BBD4CD-PendingRequests: sendNotLeaderResponses
2019-10-15 22:50:20,152 [ForkJoinPool.commonPool-worker-0] INFO  impl.StateMachineUpdater (StateMachineUpdater.java:stopAndJoin(136)) - 483636e5-9a11-4bb0-8530-e11a4b7d6bf1@group-CEF704BBD4CD-StateMachineUpdater: set stopIndex = 0
2019-10-15 22:50:20,153 [ForkJoinPool.commonPool-worker-0] INFO  impl.RaftServerImpl (ServerState.java:close(387)) - 483636e5-9a11-4bb0-8530-e11a4b7d6bf1@group-CEF704BBD4CD: closes. applyIndex: 0
2019-10-15 22:50:20,153 [483636e5-9a11-4bb0-8530-e11a4b7d6bf1@group-CEF704BBD4CD-SegmentedRaftLogWorker] INFO  segmented.SegmentedRaftLogWorker (SegmentedRaftLogWorker.java:run(316)) - 483636e5-9a11-4bb0-8530-e11a4b7d6bf1@group-CEF704BBD4CD-SegmentedRaftLogWorker was interrupted, exiting. There are 0 tasks remaining in the queue.
2019-10-15 22:50:20,157 [ForkJoinPool.commonPool-worker-0] INFO  segmented.SegmentedRaftLogWorker (SegmentedRaftLogWorker.java:close(224)) - 483636e5-9a11-4bb0-8530-e11a4b7d6bf1@group-CEF704BBD4CD-SegmentedRaftLogWorker close()
2019-10-15 22:50:20,159 [ForkJoinPool.commonPool-worker-0] INFO  impl.RaftServerImpl (RaftServerImpl.java:lambda$shutdown$3(247)) - 483636e5-9a11-4bb0-8530-e11a4b7d6bf1@group-1F7DA0480EC4: shutdown
2019-10-15 22:50:20,159 [ForkJoinPool.commonPool-worker-0] INFO  util.JmxRegister (JmxRegister.java:unregister(73)) - Successfully un-registered JMX Bean with object name Ratis:service=RaftServer,group=group-1F7DA0480EC4,id=483636e5-9a11-4bb0-8530-e11a4b7d6bf1
2019-10-15 22:50:20,159 [ForkJoinPool.commonPool-worker-0] INFO  impl.RoleInfo (RoleInfo.java:shutdownLeaderState(104)) - 483636e5-9a11-4bb0-8530-e11a4b7d6bf1: shutdown LeaderState
2019-10-15 22:50:20,161 [ForkJoinPool.commonPool-worker-0] INFO  impl.PendingRequests (PendingRequests.java:sendNotLeaderResponses(202)) - 483636e5-9a11-4bb0-8530-e11a4b7d6bf1@group-1F7DA0480EC4-PendingRequests: sendNotLeaderResponses
2019-10-15 22:50:20,161 [org.apache.ratis.server.impl.LogAppender$AppenderDaemon$$Lambda$532/1452573193@167b6804] WARN  server.GrpcLogAppender (GrpcLogAppender.java:mayWait(143)) - 483636e5-9a11-4bb0-8530-e11a4b7d6bf1@group-1F7DA0480EC4->b3c1af8e-b304-41b3-9967-023a9461ce9d-GrpcLogAppender: Wait interrupted by java.lang.InterruptedException
2019-10-15 22:50:20,169 [org.apache.ratis.server.impl.LogAppender$AppenderDaemon$$Lambda$532/1452573193@5131cf43] WARN  server.GrpcLogAppender (GrpcLogAppender.java:mayWait(143)) - 483636e5-9a11-4bb0-8530-e11a4b7d6bf1@group-1F7DA0480EC4->fa254a61-b2f8-4688-8f31-8c719d7080b4-GrpcLogAppender: Wait interrupted by java.lang.InterruptedException
2019-10-15 22:50:20,169 [main] INFO  ozoneimpl.OzoneContainer (OzoneContainer.java:stop(227)) - Attempting to stop container services.
2019-10-15 22:50:20,170 [483636e5-9a11-4bb0-8530-e11a4b7d6bf1@group-1F7DA0480EC4-StateMachineUpdater] INFO  ratis.ContainerStateMachine (ContainerStateMachine.java:takeSnapshot(294)) - group-1F7DA0480EC4: Taking a snapshot at:(t:2, i:16) file /workdir/hadoop-ozone/integration-test/target/test-dir/MiniOzoneClusterImpl-0d9b2814-d928-4fbd-a4f1-019e2ffc4b6f/datanode-0/data/ratis/fe68cec3-cf9d-4de2-924a-1f7da0480ec4/sm/snapshot.2_16
2019-10-15 22:50:20,170 [main] INFO  impl.RaftServerProxy (RaftServerProxy.java:lambda$close$4(314)) - 36062c4f-280d-4b0a-9450-edbb927c7915: close
2019-10-15 22:50:20,170 [ForkJoinPool.commonPool-worker-0] INFO  impl.StateMachineUpdater (StateMachineUpdater.java:stopAndJoin(136)) - 483636e5-9a11-4bb0-8530-e11a4b7d6bf1@group-1F7DA0480EC4-StateMachineUpdater: set stopIndex = 16
2019-10-15 22:50:20,170 [main] INFO  impl.RaftServerImpl (RaftServerImpl.java:lambda$shutdown$3(247)) - 36062c4f-280d-4b0a-9450-edbb927c7915@group-E721348FF008: shutdown
2019-10-15 22:50:20,171 [main] INFO  util.JmxRegister (JmxRegister.java:unregister(73)) - Successfully un-registered JMX Bean with object name Ratis:service=RaftServer,group=group-E721348FF008,id=36062c4f-280d-4b0a-9450-edbb927c7915
2019-10-15 22:50:20,171 [main] INFO  impl.RoleInfo (RoleInfo.java:shutdownLeaderState(104)) - 36062c4f-280d-4b0a-9450-edbb927c7915: shutdown LeaderState
2019-10-15 22:50:20,171 [main] INFO  impl.PendingRequests (PendingRequests.java:sendNotLeaderResponses(202)) - 36062c4f-280d-4b0a-9450-edbb927c7915@group-E721348FF008-PendingRequests: sendNotLeaderResponses
2019-10-15 22:50:20,172 [main] INFO  impl.StateMachineUpdater (StateMachineUpdater.java:stopAndJoin(136)) - 36062c4f-280d-4b0a-9450-edbb927c7915@group-E721348FF008-StateMachineUpdater: set stopIndex = 0
2019-10-15 22:50:20,172 [main] INFO  impl.RaftServerImpl (ServerState.java:close(387)) - 36062c4f-280d-4b0a-9450-edbb927c7915@group-E721348FF008: closes. applyIndex: 0
2019-10-15 22:50:20,172 [36062c4f-280d-4b0a-9450-edbb927c7915@group-E721348FF008-SegmentedRaftLogWorker] INFO  segmented.SegmentedRaftLogWorker (SegmentedRaftLogWorker.java:run(316)) - 36062c4f-280d-4b0a-9450-edbb927c7915@group-E721348FF008-SegmentedRaftLogWorker was interrupted, exiting. There are 0 tasks remaining in the queue.
2019-10-15 22:50:20,174 [main] INFO  segmented.SegmentedRaftLogWorker (SegmentedRaftLogWorker.java:close(224)) - 36062c4f-280d-4b0a-9450-edbb927c7915@group-E721348FF008-SegmentedRaftLogWorker close()
2019-10-15 22:50:20,176 [main] INFO  server.GrpcService (GrpcService.java:closeImpl(164)) - 36062c4f-280d-4b0a-9450-edbb927c7915: shutdown server with port 34011 now
2019-10-15 22:50:20,180 [main] INFO  server.GrpcService (GrpcService.java:closeImpl(172)) - 36062c4f-280d-4b0a-9450-edbb927c7915: shutdown server with port 34011 successfully
2019-10-15 22:50:20,182 [refreshUsed-/workdir/hadoop-ozone/integration-test/target/test-dir/MiniOzoneClusterImpl-0d9b2814-d928-4fbd-a4f1-019e2ffc4b6f/datanode-3/data/containers] WARN  fs.CachingGetSpaceUsed (CachingGetSpaceUsed.java:run(183)) - Thread Interrupted waiting to refresh disk information: sleep interrupted
2019-10-15 22:50:20,196 [main] INFO  utils.BackgroundService (BackgroundService.java:shutdown(151)) - Shutting down service BlockDeletingService
2019-10-15 22:50:20,196 [483636e5-9a11-4bb0-8530-e11a4b7d6bf1@group-1F7DA0480EC4-StateMachineUpdater] INFO  ratis.ContainerStateMachine (ContainerStateMachine.java:takeSnapshot(305)) - group-1F7DA0480EC4: Finished taking a snapshot at:(t:2, i:16) file:/workdir/hadoop-ozone/integration-test/target/test-dir/MiniOzoneClusterImpl-0d9b2814-d928-4fbd-a4f1-019e2ffc4b6f/datanode-0/data/ratis/fe68cec3-cf9d-4de2-924a-1f7da0480ec4/sm/snapshot.2_16 time:26
2019-10-15 22:50:20,197 [483636e5-9a11-4bb0-8530-e11a4b7d6bf1@group-1F7DA0480EC4-StateMachineUpdater] INFO  impl.StateMachineUpdater (StateMachineUpdater.java:takeSnapshot(269)) - 483636e5-9a11-4bb0-8530-e11a4b7d6bf1@group-1F7DA0480EC4-StateMachineUpdater: Took a snapshot at index 16
2019-10-15 22:50:20,198 [main] INFO  statemachine.DatanodeStateMachine (DatanodeStateMachine.java:stopDaemon(395)) - Ozone container server stopped.
2019-10-15 22:50:20,199 [483636e5-9a11-4bb0-8530-e11a4b7d6bf1@group-1F7DA0480EC4-StateMachineUpdater] INFO  impl.StateMachineUpdater (StateMachineUpdater.java:lambda$new$0(84)) - 483636e5-9a11-4bb0-8530-e11a4b7d6bf1@group-1F7DA0480EC4-StateMachineUpdater: snapshotIndex: updateIncreasingly -1 -> 16
2019-10-15 22:50:20,199 [ForkJoinPool.commonPool-worker-0] INFO  impl.RaftServerImpl (ServerState.java:close(387)) - 483636e5-9a11-4bb0-8530-e11a4b7d6bf1@group-1F7DA0480EC4: closes. applyIndex: 16
2019-10-15 22:50:20,200 [483636e5-9a11-4bb0-8530-e11a4b7d6bf1@group-1F7DA0480EC4-SegmentedRaftLogWorker] INFO  segmented.SegmentedRaftLogWorker (SegmentedRaftLogWorker.java:run(316)) - 483636e5-9a11-4bb0-8530-e11a4b7d6bf1@group-1F7DA0480EC4-SegmentedRaftLogWorker was interrupted, exiting. There are 0 tasks remaining in the queue.
2019-10-15 22:50:20,201 [ForkJoinPool.commonPool-worker-0] INFO  segmented.SegmentedRaftLogWorker (SegmentedRaftLogWorker.java:close(224)) - 483636e5-9a11-4bb0-8530-e11a4b7d6bf1@group-1F7DA0480EC4-SegmentedRaftLogWorker close()
2019-10-15 22:50:20,204 [ForkJoinPool.commonPool-worker-0] INFO  server.GrpcService (GrpcService.java:closeImpl(164)) - 483636e5-9a11-4bb0-8530-e11a4b7d6bf1: shutdown server with port 40065 now
2019-10-15 22:50:20,205 [main] INFO  handler.ContextHandler (ContextHandler.java:doStop(910)) - Stopped o.e.j.w.WebAppContext@377dfb8d{/,null,UNAVAILABLE}{/hddsDatanode}
2019-10-15 22:50:20,205 [grpc-default-executor-6] WARN  client.GrpcClientProtocolService (LogUtils.java:warn(134)) - 5-UnorderedRequestStreamObserver5: onError: org.apache.ratis.thirdparty.io.grpc.StatusRuntimeException: CANCELLED: cancelled before receiving half close
2019-10-15 22:50:20,205 [ForkJoinPool.commonPool-worker-0] INFO  server.GrpcService (GrpcService.java:closeImpl(172)) - 483636e5-9a11-4bb0-8530-e11a4b7d6bf1: shutdown server with port 40065 successfully
2019-10-15 22:50:20,206 [main] INFO  server.AbstractConnector (AbstractConnector.java:doStop(318)) - Stopped ServerConnector@42a0786f{HTTP/1.1,[http/1.1]}{0.0.0.0:0}
2019-10-15 22:50:20,206 [main] INFO  handler.ContextHandler (ContextHandler.java:doStop(910)) - Stopped o.e.j.s.ServletContextHandler@1ee40b5c{/static,jar:file:/home/user/.m2/repository/org/apache/hadoop/hadoop-hdds-container-service/0.5.0-SNAPSHOT/hadoop-hdds-container-service-0.5.0-SNAPSHOT.jar!/webapps/static,UNAVAILABLE}
2019-10-15 22:50:20,207 [refreshUsed-/workdir/hadoop-ozone/integration-test/target/test-dir/MiniOzoneClusterImpl-0d9b2814-d928-4fbd-a4f1-019e2ffc4b6f/datanode-0/data/containers] WARN  fs.CachingGetSpaceUsed (CachingGetSpaceUsed.java:run(183)) - Thread Interrupted waiting to refresh disk information: sleep interrupted
2019-10-15 22:50:20,207 [main] INFO  handler.ContextHandler (ContextHandler.java:doStop(910)) - Stopped o.e.j.s.ServletContextHandler@5fb54740{/logs,file:///workdir/hadoop-ozone/integration-test/target/log,UNAVAILABLE}
2019-10-15 22:50:20,220 [ForkJoinPool.commonPool-worker-0] INFO  utils.BackgroundService (BackgroundService.java:shutdown(151)) - Shutting down service BlockDeletingService
2019-10-15 22:50:20,223 [ForkJoinPool.commonPool-worker-0] INFO  statemachine.DatanodeStateMachine (DatanodeStateMachine.java:stopDaemon(395)) - Ozone container server stopped.
2019-10-15 22:50:20,226 [ForkJoinPool.commonPool-worker-0] INFO  handler.ContextHandler (ContextHandler.java:doStop(910)) - Stopped o.e.j.w.WebAppContext@d87d449{/,null,UNAVAILABLE}{/hddsDatanode}
2019-10-15 22:50:20,227 [ForkJoinPool.commonPool-worker-0] INFO  server.AbstractConnector (AbstractConnector.java:doStop(318)) - Stopped ServerConnector@4137aab0{HTTP/1.1,[http/1.1]}{0.0.0.0:0}
2019-10-15 22:50:20,228 [ForkJoinPool.commonPool-worker-0] INFO  handler.ContextHandler (ContextHandler.java:doStop(910)) - Stopped o.e.j.s.ServletContextHandler@b022551{/static,jar:file:/home/user/.m2/repository/org/apache/hadoop/hadoop-hdds-container-service/0.5.0-SNAPSHOT/hadoop-hdds-container-service-0.5.0-SNAPSHOT.jar!/webapps/static,UNAVAILABLE}
2019-10-15 22:50:20,229 [ForkJoinPool.commonPool-worker-0] INFO  handler.ContextHandler (ContextHandler.java:doStop(910)) - Stopped o.e.j.s.ServletContextHandler@6750e381{/logs,file:///workdir/hadoop-ozone/integration-test/target/log,UNAVAILABLE}
2019-10-15 22:50:20,813 [Datanode State Machine Thread - 0] INFO  statemachine.DatanodeStateMachine (DatanodeStateMachine.java:lambda$startDaemon$0(350)) - Ozone container server started.
2019-10-15 22:50:20,813 [Datanode State Machine Thread - 0] INFO  statemachine.DatanodeStateMachine (DatanodeStateMachine.java:lambda$startDaemon$0(350)) - Ozone container server started.
2019-10-15 22:50:21,153 [Thread-3138] INFO  impl.FollowerState (FollowerState.java:run(108)) - cd11d2e1-8001-4504-aa56-1bbe2d1aee94@group-75F71BF599A6-FollowerState: change to CANDIDATE, lastRpcTime:6140ms, electionTimeout:5096ms
2019-10-15 22:50:21,153 [Thread-3138] INFO  impl.RoleInfo (RoleInfo.java:shutdownFollowerState(121)) - cd11d2e1-8001-4504-aa56-1bbe2d1aee94: shutdown FollowerState
2019-10-15 22:50:21,153 [Thread-3138] INFO  impl.RaftServerImpl (RaftServerImpl.java:setRole(170)) - cd11d2e1-8001-4504-aa56-1bbe2d1aee94@group-75F71BF599A6: changes role from  FOLLOWER to CANDIDATE at term 1 for changeToCandidate
2019-10-15 22:50:21,153 [Thread-3138] INFO  impl.RoleInfo (RoleInfo.java:updateAndGet(143)) - cd11d2e1-8001-4504-aa56-1bbe2d1aee94: start LeaderElection
2019-10-15 22:50:21,229 [cd11d2e1-8001-4504-aa56-1bbe2d1aee94@group-75F71BF599A6-LeaderElection77] INFO  impl.RaftServerImpl (ServerState.java:setLeader(255)) - cd11d2e1-8001-4504-aa56-1bbe2d1aee94@group-75F71BF599A6: change Leader from 23981206-d98f-49bd-b34a-9ed813c0949a to null at term 1 for initElection
2019-10-15 22:50:21,252 [cd11d2e1-8001-4504-aa56-1bbe2d1aee94@group-75F71BF599A6-LeaderElection77] INFO  impl.LeaderElection (LeaderElection.java:askForVotes(178)) - cd11d2e1-8001-4504-aa56-1bbe2d1aee94@group-75F71BF599A6-LeaderElection77: begin an election at term 2 for 0: [23981206-d98f-49bd-b34a-9ed813c0949a:192.168.69.67:32847, d85b637b-10e8-42dc-95d2-be085c1066ae:192.168.69.67:41017, cd11d2e1-8001-4504-aa56-1bbe2d1aee94:192.168.69.67:45850], old=null
2019-10-15 22:50:21,254 [cd11d2e1-8001-4504-aa56-1bbe2d1aee94@group-75F71BF599A6-LeaderElection77] INFO  impl.LeaderElection (LogUtils.java:infoOrTrace(149)) - cd11d2e1-8001-4504-aa56-1bbe2d1aee94@group-75F71BF599A6-LeaderElection77 got exception when requesting votes: {}
java.util.concurrent.ExecutionException: org.apache.ratis.thirdparty.io.grpc.StatusRuntimeException: UNAVAILABLE: io exception
	at java.util.concurrent.FutureTask.report(FutureTask.java:122)
	at java.util.concurrent.FutureTask.get(FutureTask.java:192)
	at org.apache.ratis.server.impl.LeaderElection.waitForResults(LeaderElection.java:259)
	at org.apache.ratis.server.impl.LeaderElection.askForVotes(LeaderElection.java:197)
	at org.apache.ratis.server.impl.LeaderElection.run(LeaderElection.java:133)
	at java.lang.Thread.run(Thread.java:748)
Caused by: org.apache.ratis.thirdparty.io.grpc.StatusRuntimeException: UNAVAILABLE: io exception
	at org.apache.ratis.thirdparty.io.grpc.stub.ClientCalls.toStatusRuntimeException(ClientCalls.java:233)
	at org.apache.ratis.thirdparty.io.grpc.stub.ClientCalls.getUnchecked(ClientCalls.java:214)
	at org.apache.ratis.thirdparty.io.grpc.stub.ClientCalls.blockingUnaryCall(ClientCalls.java:139)
	at org.apache.ratis.proto.grpc.RaftServerProtocolServiceGrpc$RaftServerProtocolServiceBlockingStub.requestVote(RaftServerProtocolServiceGrpc.java:265)
	at org.apache.ratis.grpc.server.GrpcServerProtocolClient.requestVote(GrpcServerProtocolClient.java:99)
	at org.apache.ratis.grpc.server.GrpcService.requestVote(GrpcService.java:204)
	at org.apache.ratis.server.impl.LeaderElection.lambda$submitRequests$1(LeaderElection.java:234)
	at java.util.concurrent.FutureTask.run(FutureTask.java:266)
	at java.util.concurrent.Executors$RunnableAdapter.call(Executors.java:511)
	at java.util.concurrent.FutureTask.run(FutureTask.java:266)
	at java.util.concurrent.ThreadPoolExecutor.runWorker(ThreadPoolExecutor.java:1149)
	at java.util.concurrent.ThreadPoolExecutor$Worker.run(ThreadPoolExecutor.java:624)
	... 1 more
Caused by: org.apache.ratis.thirdparty.io.netty.channel.AbstractChannel$AnnotatedConnectException: Connection refused: /192.168.69.67:32847
	at sun.nio.ch.SocketChannelImpl.checkConnect(Native Method)
	at sun.nio.ch.SocketChannelImpl.finishConnect(SocketChannelImpl.java:717)
	at org.apache.ratis.thirdparty.io.netty.channel.socket.nio.NioSocketChannel.doFinishConnect(NioSocketChannel.java:327)
	at org.apache.ratis.thirdparty.io.netty.channel.nio.AbstractNioChannel$AbstractNioUnsafe.finishConnect(AbstractNioChannel.java:340)
	at org.apache.ratis.thirdparty.io.netty.channel.nio.NioEventLoop.processSelectedKey(NioEventLoop.java:632)
	at org.apache.ratis.thirdparty.io.netty.channel.nio.NioEventLoop.processSelectedKeysOptimized(NioEventLoop.java:579)
	at org.apache.ratis.thirdparty.io.netty.channel.nio.NioEventLoop.processSelectedKeys(NioEventLoop.java:496)
	at org.apache.ratis.thirdparty.io.netty.channel.nio.NioEventLoop.run(NioEventLoop.java:458)
	at org.apache.ratis.thirdparty.io.netty.util.concurrent.SingleThreadEventExecutor$5.run(SingleThreadEventExecutor.java:897)
	at org.apache.ratis.thirdparty.io.netty.util.concurrent.FastThreadLocalRunnable.run(FastThreadLocalRunnable.java:30)
	... 1 more
Caused by: java.net.ConnectException: Connection refused
	... 11 more
2019-10-15 22:50:21,258 [grpc-default-executor-6] INFO  impl.RaftServerImpl (ServerState.java:setLeader(255)) - d85b637b-10e8-42dc-95d2-be085c1066ae@group-75F71BF599A6: change Leader from 23981206-d98f-49bd-b34a-9ed813c0949a to null at term 2 for updateCurrentTerm
2019-10-15 22:50:21,259 [grpc-default-executor-6] INFO  impl.RaftServerImpl (RaftServerImpl.java:setRole(170)) - d85b637b-10e8-42dc-95d2-be085c1066ae@group-75F71BF599A6: changes role from  FOLLOWER to FOLLOWER at term 2 for recognizeCandidate:cd11d2e1-8001-4504-aa56-1bbe2d1aee94
2019-10-15 22:50:21,259 [grpc-default-executor-6] INFO  impl.RoleInfo (RoleInfo.java:shutdownFollowerState(121)) - d85b637b-10e8-42dc-95d2-be085c1066ae: shutdown FollowerState
2019-10-15 22:50:21,259 [grpc-default-executor-6] INFO  impl.RoleInfo (RoleInfo.java:updateAndGet(143)) - d85b637b-10e8-42dc-95d2-be085c1066ae: start FollowerState
2019-10-15 22:50:21,259 [Thread-3137] INFO  impl.FollowerState (FollowerState.java:run(117)) - d85b637b-10e8-42dc-95d2-be085c1066ae@group-75F71BF599A6-FollowerState was interrupted: java.lang.InterruptedException: sleep interrupted
2019-10-15 22:50:21,281 [cd11d2e1-8001-4504-aa56-1bbe2d1aee94@group-75F71BF599A6-LeaderElection77] INFO  impl.LeaderElection (LeaderElection.java:logAndReturn(56)) - cd11d2e1-8001-4504-aa56-1bbe2d1aee94@group-75F71BF599A6-LeaderElection77: Election PASSED; received 1 response(s) [cd11d2e1-8001-4504-aa56-1bbe2d1aee94<-d85b637b-10e8-42dc-95d2-be085c1066ae#0:OK-t2] and 1 exception(s); cd11d2e1-8001-4504-aa56-1bbe2d1aee94@group-75F71BF599A6:t2, leader=null, voted=cd11d2e1-8001-4504-aa56-1bbe2d1aee94, raftlog=cd11d2e1-8001-4504-aa56-1bbe2d1aee94@group-75F71BF599A6-SegmentedRaftLog:OPENED:c16,f16,i16, conf=0: [23981206-d98f-49bd-b34a-9ed813c0949a:192.168.69.67:32847, d85b637b-10e8-42dc-95d2-be085c1066ae:192.168.69.67:41017, cd11d2e1-8001-4504-aa56-1bbe2d1aee94:192.168.69.67:45850], old=null
2019-10-15 22:50:21,281 [cd11d2e1-8001-4504-aa56-1bbe2d1aee94@group-75F71BF599A6-LeaderElection77] INFO  impl.LeaderElection (LogUtils.java:infoOrTrace(149)) -   Exception 0: {}
java.util.concurrent.ExecutionException: org.apache.ratis.thirdparty.io.grpc.StatusRuntimeException: UNAVAILABLE: io exception
	at java.util.concurrent.FutureTask.report(FutureTask.java:122)
	at java.util.concurrent.FutureTask.get(FutureTask.java:192)
	at org.apache.ratis.server.impl.LeaderElection.waitForResults(LeaderElection.java:259)
	at org.apache.ratis.server.impl.LeaderElection.askForVotes(LeaderElection.java:197)
	at org.apache.ratis.server.impl.LeaderElection.run(LeaderElection.java:133)
	at java.lang.Thread.run(Thread.java:748)
Caused by: org.apache.ratis.thirdparty.io.grpc.StatusRuntimeException: UNAVAILABLE: io exception
	at org.apache.ratis.thirdparty.io.grpc.stub.ClientCalls.toStatusRuntimeException(ClientCalls.java:233)
	at org.apache.ratis.thirdparty.io.grpc.stub.ClientCalls.getUnchecked(ClientCalls.java:214)
	at org.apache.ratis.thirdparty.io.grpc.stub.ClientCalls.blockingUnaryCall(ClientCalls.java:139)
	at org.apache.ratis.proto.grpc.RaftServerProtocolServiceGrpc$RaftServerProtocolServiceBlockingStub.requestVote(RaftServerProtocolServiceGrpc.java:265)
	at org.apache.ratis.grpc.server.GrpcServerProtocolClient.requestVote(GrpcServerProtocolClient.java:99)
	at org.apache.ratis.grpc.server.GrpcService.requestVote(GrpcService.java:204)
	at org.apache.ratis.server.impl.LeaderElection.lambda$submitRequests$1(LeaderElection.java:234)
	at java.util.concurrent.FutureTask.run(FutureTask.java:266)
	at java.util.concurrent.Executors$RunnableAdapter.call(Executors.java:511)
	at java.util.concurrent.FutureTask.run(FutureTask.java:266)
	at java.util.concurrent.ThreadPoolExecutor.runWorker(ThreadPoolExecutor.java:1149)
	at java.util.concurrent.ThreadPoolExecutor$Worker.run(ThreadPoolExecutor.java:624)
	... 1 more
Caused by: org.apache.ratis.thirdparty.io.netty.channel.AbstractChannel$AnnotatedConnectException: Connection refused: /192.168.69.67:32847
	at sun.nio.ch.SocketChannelImpl.checkConnect(Native Method)
	at sun.nio.ch.SocketChannelImpl.finishConnect(SocketChannelImpl.java:717)
	at org.apache.ratis.thirdparty.io.netty.channel.socket.nio.NioSocketChannel.doFinishConnect(NioSocketChannel.java:327)
	at org.apache.ratis.thirdparty.io.netty.channel.nio.AbstractNioChannel$AbstractNioUnsafe.finishConnect(AbstractNioChannel.java:340)
	at org.apache.ratis.thirdparty.io.netty.channel.nio.NioEventLoop.processSelectedKey(NioEventLoop.java:632)
	at org.apache.ratis.thirdparty.io.netty.channel.nio.NioEventLoop.processSelectedKeysOptimized(NioEventLoop.java:579)
	at org.apache.ratis.thirdparty.io.netty.channel.nio.NioEventLoop.processSelectedKeys(NioEventLoop.java:496)
	at org.apache.ratis.thirdparty.io.netty.channel.nio.NioEventLoop.run(NioEventLoop.java:458)
	at org.apache.ratis.thirdparty.io.netty.util.concurrent.SingleThreadEventExecutor$5.run(SingleThreadEventExecutor.java:897)
	at org.apache.ratis.thirdparty.io.netty.util.concurrent.FastThreadLocalRunnable.run(FastThreadLocalRunnable.java:30)
	... 1 more
Caused by: java.net.ConnectException: Connection refused
	... 11 more
2019-10-15 22:50:21,281 [cd11d2e1-8001-4504-aa56-1bbe2d1aee94@group-75F71BF599A6-LeaderElection77] INFO  impl.RoleInfo (RoleInfo.java:shutdownLeaderElection(134)) - cd11d2e1-8001-4504-aa56-1bbe2d1aee94: shutdown LeaderElection
2019-10-15 22:50:21,281 [cd11d2e1-8001-4504-aa56-1bbe2d1aee94@group-75F71BF599A6-LeaderElection77] INFO  impl.RaftServerImpl (RaftServerImpl.java:setRole(170)) - cd11d2e1-8001-4504-aa56-1bbe2d1aee94@group-75F71BF599A6: changes role from CANDIDATE to LEADER at term 2 for changeToLeader
2019-10-15 22:50:21,281 [cd11d2e1-8001-4504-aa56-1bbe2d1aee94@group-75F71BF599A6-LeaderElection77] INFO  impl.RaftServerImpl (ServerState.java:setLeader(255)) - cd11d2e1-8001-4504-aa56-1bbe2d1aee94@group-75F71BF599A6: change Leader from null to cd11d2e1-8001-4504-aa56-1bbe2d1aee94 at term 2 for becomeLeader, leader elected after 52ms
2019-10-15 22:50:21,282 [cd11d2e1-8001-4504-aa56-1bbe2d1aee94@group-75F71BF599A6-LeaderElection77] INFO  server.RaftServerConfigKeys (ConfUtils.java:logGet(43)) - raft.server.staging.catchup.gap = 1000 (default)
2019-10-15 22:50:21,282 [cd11d2e1-8001-4504-aa56-1bbe2d1aee94@group-75F71BF599A6-LeaderElection77] INFO  server.RaftServerConfigKeys (ConfUtils.java:logGet(43)) - raft.server.rpc.sleep.time = 25ms (default)
2019-10-15 22:50:21,282 [cd11d2e1-8001-4504-aa56-1bbe2d1aee94@group-75F71BF599A6-LeaderElection77] INFO  server.RaftServerConfigKeys (ConfUtils.java:logGet(43)) - raft.server.write.element-limit = 4096 (default)
2019-10-15 22:50:21,282 [cd11d2e1-8001-4504-aa56-1bbe2d1aee94@group-75F71BF599A6-LeaderElection77] INFO  server.RaftServerConfigKeys (ConfUtils.java:logGet(43)) - raft.server.watch.timeout = 10s (default)
2019-10-15 22:50:21,282 [cd11d2e1-8001-4504-aa56-1bbe2d1aee94@group-75F71BF599A6-LeaderElection77] INFO  server.RaftServerConfigKeys (ConfUtils.java:logGet(43)) - raft.server.watch.timeout.denomination = 1s (default)
2019-10-15 22:50:21,282 [cd11d2e1-8001-4504-aa56-1bbe2d1aee94@group-75F71BF599A6-LeaderElection77] INFO  server.RaftServerConfigKeys (ConfUtils.java:logGet(43)) - raft.server.watch.element-limit = 65536 (default)
2019-10-15 22:50:21,284 [cd11d2e1-8001-4504-aa56-1bbe2d1aee94@group-75F71BF599A6-LeaderElection77] INFO  server.RaftServerConfigKeys (ConfUtils.java:logGet(43)) - raft.server.log.appender.snapshot.chunk.size.max = 16MB (=16777216) (default)
2019-10-15 22:50:21,284 [cd11d2e1-8001-4504-aa56-1bbe2d1aee94@group-75F71BF599A6-LeaderElection77] INFO  server.RaftServerConfigKeys (ConfUtils.java:logGet(43)) - raft.server.log.appender.buffer.byte-limit = 33554432 (custom)
2019-10-15 22:50:21,284 [cd11d2e1-8001-4504-aa56-1bbe2d1aee94@group-75F71BF599A6-LeaderElection77] INFO  server.RaftServerConfigKeys (ConfUtils.java:logGet(43)) - raft.server.log.appender.buffer.element-limit = 1 (custom)
2019-10-15 22:50:21,285 [cd11d2e1-8001-4504-aa56-1bbe2d1aee94@group-75F71BF599A6-LeaderElection77] INFO  grpc.GrpcConfigKeys$Server (ConfUtils.java:logGet(43)) - raft.grpc.server.leader.outstanding.appends.max = 128 (default)
2019-10-15 22:50:21,285 [cd11d2e1-8001-4504-aa56-1bbe2d1aee94@group-75F71BF599A6-LeaderElection77] INFO  server.RaftServerConfigKeys (ConfUtils.java:logGet(43)) - raft.server.rpc.request.timeout = 3000ms (default)
2019-10-15 22:50:21,285 [cd11d2e1-8001-4504-aa56-1bbe2d1aee94@group-75F71BF599A6-LeaderElection77] INFO  server.RaftServerConfigKeys (ConfUtils.java:logGet(43)) - raft.server.log.appender.install.snapshot.enabled = false (custom)
2019-10-15 22:50:21,285 [cd11d2e1-8001-4504-aa56-1bbe2d1aee94@group-75F71BF599A6-LeaderElection77] INFO  server.RaftServerConfigKeys (ConfUtils.java:logGet(43)) - raft.server.log.appender.snapshot.chunk.size.max = 16MB (=16777216) (default)
2019-10-15 22:50:21,285 [cd11d2e1-8001-4504-aa56-1bbe2d1aee94@group-75F71BF599A6-LeaderElection77] INFO  server.RaftServerConfigKeys (ConfUtils.java:logGet(43)) - raft.server.log.appender.buffer.byte-limit = 33554432 (custom)
2019-10-15 22:50:21,285 [cd11d2e1-8001-4504-aa56-1bbe2d1aee94@group-75F71BF599A6-LeaderElection77] INFO  server.RaftServerConfigKeys (ConfUtils.java:logGet(43)) - raft.server.log.appender.buffer.element-limit = 1 (custom)
2019-10-15 22:50:21,285 [cd11d2e1-8001-4504-aa56-1bbe2d1aee94@group-75F71BF599A6-LeaderElection77] INFO  grpc.GrpcConfigKeys$Server (ConfUtils.java:logGet(43)) - raft.grpc.server.leader.outstanding.appends.max = 128 (default)
2019-10-15 22:50:21,285 [cd11d2e1-8001-4504-aa56-1bbe2d1aee94@group-75F71BF599A6-LeaderElection77] INFO  server.RaftServerConfigKeys (ConfUtils.java:logGet(43)) - raft.server.rpc.request.timeout = 3000ms (default)
2019-10-15 22:50:21,285 [cd11d2e1-8001-4504-aa56-1bbe2d1aee94@group-75F71BF599A6-LeaderElection77] INFO  server.RaftServerConfigKeys (ConfUtils.java:logGet(43)) - raft.server.log.appender.install.snapshot.enabled = false (custom)
2019-10-15 22:50:21,285 [cd11d2e1-8001-4504-aa56-1bbe2d1aee94@group-75F71BF599A6-LeaderElection77] INFO  impl.RoleInfo (RoleInfo.java:updateAndGet(143)) - cd11d2e1-8001-4504-aa56-1bbe2d1aee94: start LeaderState
2019-10-15 22:50:21,286 [cd11d2e1-8001-4504-aa56-1bbe2d1aee94@group-75F71BF599A6-LeaderElection77] INFO  segmented.SegmentedRaftLogWorker (SegmentedRaftLogWorker.java:rollLogSegment(390)) - cd11d2e1-8001-4504-aa56-1bbe2d1aee94@group-75F71BF599A6-SegmentedRaftLogWorker: Rolling segment log-0_16 to index:16
2019-10-15 22:50:21,287 [cd11d2e1-8001-4504-aa56-1bbe2d1aee94@group-75F71BF599A6-SegmentedRaftLogWorker] INFO  segmented.SegmentedRaftLogWorker (SegmentedRaftLogWorker.java:execute(531)) - cd11d2e1-8001-4504-aa56-1bbe2d1aee94@group-75F71BF599A6-SegmentedRaftLogWorker: Rolled log segment from /workdir/hadoop-ozone/integration-test/target/test-dir/MiniOzoneClusterImpl-0d9b2814-d928-4fbd-a4f1-019e2ffc4b6f/datanode-6/data/ratis/08032b27-6f20-486a-89d2-75f71bf599a6/current/log_inprogress_0 to /workdir/hadoop-ozone/integration-test/target/test-dir/MiniOzoneClusterImpl-0d9b2814-d928-4fbd-a4f1-019e2ffc4b6f/datanode-6/data/ratis/08032b27-6f20-486a-89d2-75f71bf599a6/current/log_0-16
2019-10-15 22:50:21,287 [cd11d2e1-8001-4504-aa56-1bbe2d1aee94@group-75F71BF599A6-LeaderElection77] INFO  impl.RaftServerImpl (ServerState.java:setRaftConf(356)) - cd11d2e1-8001-4504-aa56-1bbe2d1aee94@group-75F71BF599A6: set configuration 17: [23981206-d98f-49bd-b34a-9ed813c0949a:192.168.69.67:32847, d85b637b-10e8-42dc-95d2-be085c1066ae:192.168.69.67:41017, cd11d2e1-8001-4504-aa56-1bbe2d1aee94:192.168.69.67:45850], old=null at 17
2019-10-15 22:50:21,289 [grpc-default-executor-6] WARN  server.GrpcLogAppender (LogUtils.java:warn(134)) - cd11d2e1-8001-4504-aa56-1bbe2d1aee94@group-75F71BF599A6->23981206-d98f-49bd-b34a-9ed813c0949a-AppendLogResponseHandler: Failed appendEntries: org.apache.ratis.thirdparty.io.grpc.StatusRuntimeException: UNAVAILABLE: io exception
2019-10-15 22:50:21,312 [grpc-default-executor-6] INFO  impl.FollowerInfo (FollowerInfo.java:lambda$new$0(51)) - cd11d2e1-8001-4504-aa56-1bbe2d1aee94@group-75F71BF599A6->23981206-d98f-49bd-b34a-9ed813c0949a: nextIndex: updateUnconditionally 17 -> 1
2019-10-15 22:50:21,313 [grpc-default-executor-9] INFO  impl.RaftServerImpl (ServerState.java:setLeader(255)) - d85b637b-10e8-42dc-95d2-be085c1066ae@group-75F71BF599A6: change Leader from null to cd11d2e1-8001-4504-aa56-1bbe2d1aee94 at term 2 for appendEntries, leader elected after 54ms
2019-10-15 22:50:21,315 [grpc-default-executor-9] INFO  impl.RaftServerImpl (ServerState.java:setRaftConf(356)) - d85b637b-10e8-42dc-95d2-be085c1066ae@group-75F71BF599A6: set configuration 17: [23981206-d98f-49bd-b34a-9ed813c0949a:192.168.69.67:32847, d85b637b-10e8-42dc-95d2-be085c1066ae:192.168.69.67:41017, cd11d2e1-8001-4504-aa56-1bbe2d1aee94:192.168.69.67:45850], old=null at 17
2019-10-15 22:50:21,315 [grpc-default-executor-9] INFO  segmented.SegmentedRaftLogWorker (SegmentedRaftLogWorker.java:rollLogSegment(390)) - d85b637b-10e8-42dc-95d2-be085c1066ae@group-75F71BF599A6-SegmentedRaftLogWorker: Rolling segment log-0_16 to index:16
2019-10-15 22:50:21,315 [d85b637b-10e8-42dc-95d2-be085c1066ae@group-75F71BF599A6-SegmentedRaftLogWorker] INFO  segmented.SegmentedRaftLogWorker (SegmentedRaftLogWorker.java:execute(531)) - d85b637b-10e8-42dc-95d2-be085c1066ae@group-75F71BF599A6-SegmentedRaftLogWorker: Rolled log segment from /workdir/hadoop-ozone/integration-test/target/test-dir/MiniOzoneClusterImpl-0d9b2814-d928-4fbd-a4f1-019e2ffc4b6f/datanode-5/data/ratis/08032b27-6f20-486a-89d2-75f71bf599a6/current/log_inprogress_0 to /workdir/hadoop-ozone/integration-test/target/test-dir/MiniOzoneClusterImpl-0d9b2814-d928-4fbd-a4f1-019e2ffc4b6f/datanode-5/data/ratis/08032b27-6f20-486a-89d2-75f71bf599a6/current/log_0-16
2019-10-15 22:50:21,336 [cd11d2e1-8001-4504-aa56-1bbe2d1aee94@group-75F71BF599A6-SegmentedRaftLogWorker] INFO  segmented.SegmentedRaftLogWorker (SegmentedRaftLogWorker.java:execute(574)) - cd11d2e1-8001-4504-aa56-1bbe2d1aee94@group-75F71BF599A6-SegmentedRaftLogWorker: created new log segment /workdir/hadoop-ozone/integration-test/target/test-dir/MiniOzoneClusterImpl-0d9b2814-d928-4fbd-a4f1-019e2ffc4b6f/datanode-6/data/ratis/08032b27-6f20-486a-89d2-75f71bf599a6/current/log_inprogress_17
2019-10-15 22:50:21,349 [d85b637b-10e8-42dc-95d2-be085c1066ae@group-75F71BF599A6-SegmentedRaftLogWorker] INFO  segmented.SegmentedRaftLogWorker (SegmentedRaftLogWorker.java:execute(574)) - d85b637b-10e8-42dc-95d2-be085c1066ae@group-75F71BF599A6-SegmentedRaftLogWorker: created new log segment /workdir/hadoop-ozone/integration-test/target/test-dir/MiniOzoneClusterImpl-0d9b2814-d928-4fbd-a4f1-019e2ffc4b6f/datanode-5/data/ratis/08032b27-6f20-486a-89d2-75f71bf599a6/current/log_inprogress_17
2019-10-15 22:50:21,369 [grpc-default-executor-9] WARN  server.GrpcLogAppender (LogUtils.java:warn(134)) - cd11d2e1-8001-4504-aa56-1bbe2d1aee94@group-75F71BF599A6->23981206-d98f-49bd-b34a-9ed813c0949a-AppendLogResponseHandler: Failed appendEntries: org.apache.ratis.thirdparty.io.grpc.StatusRuntimeException: UNAVAILABLE: io exception
2019-10-15 22:50:21,369 [grpc-default-executor-9] INFO  impl.FollowerInfo (FollowerInfo.java:lambda$new$0(51)) - cd11d2e1-8001-4504-aa56-1bbe2d1aee94@group-75F71BF599A6->23981206-d98f-49bd-b34a-9ed813c0949a: nextIndex: updateUnconditionally 2 -> 1
2019-10-15 22:50:21,379 [grpc-default-executor-5] WARN  server.GrpcLogAppender (LogUtils.java:warn(134)) - cd11d2e1-8001-4504-aa56-1bbe2d1aee94@group-75F71BF599A6->23981206-d98f-49bd-b34a-9ed813c0949a-AppendLogResponseHandler: Failed appendEntries: org.apache.ratis.thirdparty.io.grpc.StatusRuntimeException: UNAVAILABLE: io exception
2019-10-15 22:50:21,379 [grpc-default-executor-5] INFO  impl.FollowerInfo (FollowerInfo.java:lambda$new$0(51)) - cd11d2e1-8001-4504-aa56-1bbe2d1aee94@group-75F71BF599A6->23981206-d98f-49bd-b34a-9ed813c0949a: nextIndex: updateUnconditionally 2 -> 1
2019-10-15 22:50:23,883 [grpc-default-executor-5] WARN  server.GrpcLogAppender (LogUtils.java:warn(134)) - cd11d2e1-8001-4504-aa56-1bbe2d1aee94@group-75F71BF599A6->23981206-d98f-49bd-b34a-9ed813c0949a-AppendLogResponseHandler: Failed appendEntries: org.apache.ratis.thirdparty.io.grpc.StatusRuntimeException: UNAVAILABLE: io exception
2019-10-15 22:50:23,884 [grpc-default-executor-5] INFO  impl.FollowerInfo (FollowerInfo.java:lambda$new$0(51)) - cd11d2e1-8001-4504-aa56-1bbe2d1aee94@group-75F71BF599A6->23981206-d98f-49bd-b34a-9ed813c0949a: nextIndex: updateUnconditionally 1 -> 0
2019-10-15 22:50:24,816 [EventQueue-StaleNodeForStaleNodeHandler] INFO  node.StaleNodeHandler (StaleNodeHandler.java:onMessage(58)) - Datanode d85b637b-10e8-42dc-95d2-be085c1066ae{ip: 192.168.69.67, host: pr-hdds-2071-8rz7p-357833546, networkLocation: /default-rack, certSerialId: null} moved to stale state. Finalizing its pipelines [PipelineID=c8924ab7-d267-41ae-a5ef-6df339442f95, PipelineID=08032b27-6f20-486a-89d2-75f71bf599a6]
2019-10-15 22:50:24,816 [EventQueue-StaleNodeForStaleNodeHandler] INFO  pipeline.SCMPipelineManager (SCMPipelineManager.java:finalizeAndDestroyPipeline(315)) - destroying pipeline:Pipeline[ Id: c8924ab7-d267-41ae-a5ef-6df339442f95, Nodes: d85b637b-10e8-42dc-95d2-be085c1066ae{ip: 192.168.69.67, host: pr-hdds-2071-8rz7p-357833546, networkLocation: /default-rack, certSerialId: null}, Type:RATIS, Factor:ONE, State:OPEN]
2019-10-15 22:50:24,817 [EventQueue-StaleNodeForStaleNodeHandler] INFO  pipeline.PipelineStateManager (PipelineStateManager.java:finalizePipeline(123)) - Pipeline Pipeline[ Id: c8924ab7-d267-41ae-a5ef-6df339442f95, Nodes: d85b637b-10e8-42dc-95d2-be085c1066ae{ip: 192.168.69.67, host: pr-hdds-2071-8rz7p-357833546, networkLocation: /default-rack, certSerialId: null}, Type:RATIS, Factor:ONE, State:CLOSED] moved to CLOSED state
2019-10-15 22:50:24,817 [EventQueue-StaleNodeForStaleNodeHandler] INFO  pipeline.SCMPipelineManager (SCMPipelineManager.java:finalizeAndDestroyPipeline(315)) - destroying pipeline:Pipeline[ Id: 08032b27-6f20-486a-89d2-75f71bf599a6, Nodes: d85b637b-10e8-42dc-95d2-be085c1066ae{ip: 192.168.69.67, host: pr-hdds-2071-8rz7p-357833546, networkLocation: /default-rack, certSerialId: null}cd11d2e1-8001-4504-aa56-1bbe2d1aee94{ip: 192.168.69.67, host: pr-hdds-2071-8rz7p-357833546, networkLocation: /default-rack, certSerialId: null}23981206-d98f-49bd-b34a-9ed813c0949a{ip: 192.168.69.67, host: pr-hdds-2071-8rz7p-357833546, networkLocation: /default-rack, certSerialId: null}, Type:RATIS, Factor:THREE, State:CLOSED]
2019-10-15 22:50:24,817 [EventQueue-StaleNodeForStaleNodeHandler] INFO  node.StaleNodeHandler (StaleNodeHandler.java:onMessage(58)) - Datanode cd11d2e1-8001-4504-aa56-1bbe2d1aee94{ip: 192.168.69.67, host: pr-hdds-2071-8rz7p-357833546, networkLocation: /default-rack, certSerialId: null} moved to stale state. Finalizing its pipelines [PipelineID=a5e02cf6-1ac0-4f1b-8628-f9849bc1c795, PipelineID=08032b27-6f20-486a-89d2-75f71bf599a6]
2019-10-15 22:50:24,817 [EventQueue-StaleNodeForStaleNodeHandler] INFO  pipeline.SCMPipelineManager (SCMPipelineManager.java:finalizeAndDestroyPipeline(315)) - destroying pipeline:Pipeline[ Id: a5e02cf6-1ac0-4f1b-8628-f9849bc1c795, Nodes: cd11d2e1-8001-4504-aa56-1bbe2d1aee94{ip: 192.168.69.67, host: pr-hdds-2071-8rz7p-357833546, networkLocation: /default-rack, certSerialId: null}, Type:RATIS, Factor:ONE, State:OPEN]
2019-10-15 22:50:24,818 [EventQueue-StaleNodeForStaleNodeHandler] INFO  pipeline.PipelineStateManager (PipelineStateManager.java:finalizePipeline(123)) - Pipeline Pipeline[ Id: a5e02cf6-1ac0-4f1b-8628-f9849bc1c795, Nodes: cd11d2e1-8001-4504-aa56-1bbe2d1aee94{ip: 192.168.69.67, host: pr-hdds-2071-8rz7p-357833546, networkLocation: /default-rack, certSerialId: null}, Type:RATIS, Factor:ONE, State:CLOSED] moved to CLOSED state
2019-10-15 22:50:24,818 [EventQueue-StaleNodeForStaleNodeHandler] INFO  pipeline.SCMPipelineManager (SCMPipelineManager.java:finalizeAndDestroyPipeline(315)) - destroying pipeline:Pipeline[ Id: 08032b27-6f20-486a-89d2-75f71bf599a6, Nodes: d85b637b-10e8-42dc-95d2-be085c1066ae{ip: 192.168.69.67, host: pr-hdds-2071-8rz7p-357833546, networkLocation: /default-rack, certSerialId: null}cd11d2e1-8001-4504-aa56-1bbe2d1aee94{ip: 192.168.69.67, host: pr-hdds-2071-8rz7p-357833546, networkLocation: /default-rack, certSerialId: null}23981206-d98f-49bd-b34a-9ed813c0949a{ip: 192.168.69.67, host: pr-hdds-2071-8rz7p-357833546, networkLocation: /default-rack, certSerialId: null}, Type:RATIS, Factor:THREE, State:CLOSED]
2019-10-15 22:50:25,210 [main] INFO  ozoneimpl.OzoneContainer (OzoneContainer.java:stop(227)) - Attempting to stop container services.
2019-10-15 22:50:25,213 [main] INFO  impl.RaftServerProxy (RaftServerProxy.java:lambda$close$4(314)) - cd11d2e1-8001-4504-aa56-1bbe2d1aee94: close
2019-10-15 22:50:25,213 [main] INFO  impl.RaftServerImpl (RaftServerImpl.java:lambda$shutdown$3(247)) - cd11d2e1-8001-4504-aa56-1bbe2d1aee94@group-F9849BC1C795: shutdown
2019-10-15 22:50:25,213 [main] INFO  util.JmxRegister (JmxRegister.java:unregister(73)) - Successfully un-registered JMX Bean with object name Ratis:service=RaftServer,group=group-F9849BC1C795,id=cd11d2e1-8001-4504-aa56-1bbe2d1aee94
2019-10-15 22:50:25,213 [main] INFO  impl.RoleInfo (RoleInfo.java:shutdownLeaderState(104)) - cd11d2e1-8001-4504-aa56-1bbe2d1aee94: shutdown LeaderState
2019-10-15 22:50:25,214 [main] INFO  impl.PendingRequests (PendingRequests.java:sendNotLeaderResponses(202)) - cd11d2e1-8001-4504-aa56-1bbe2d1aee94@group-F9849BC1C795-PendingRequests: sendNotLeaderResponses
2019-10-15 22:50:25,214 [main] INFO  impl.StateMachineUpdater (StateMachineUpdater.java:stopAndJoin(136)) - cd11d2e1-8001-4504-aa56-1bbe2d1aee94@group-F9849BC1C795-StateMachineUpdater: set stopIndex = 0
2019-10-15 22:50:25,215 [main] INFO  impl.RaftServerImpl (ServerState.java:close(387)) - cd11d2e1-8001-4504-aa56-1bbe2d1aee94@group-F9849BC1C795: closes. applyIndex: 0
2019-10-15 22:50:25,215 [cd11d2e1-8001-4504-aa56-1bbe2d1aee94@group-F9849BC1C795-SegmentedRaftLogWorker] INFO  segmented.SegmentedRaftLogWorker (SegmentedRaftLogWorker.java:run(316)) - cd11d2e1-8001-4504-aa56-1bbe2d1aee94@group-F9849BC1C795-SegmentedRaftLogWorker was interrupted, exiting. There are 0 tasks remaining in the queue.
2019-10-15 22:50:25,217 [main] INFO  segmented.SegmentedRaftLogWorker (SegmentedRaftLogWorker.java:close(224)) - cd11d2e1-8001-4504-aa56-1bbe2d1aee94@group-F9849BC1C795-SegmentedRaftLogWorker close()
2019-10-15 22:50:25,224 [main] INFO  impl.RaftServerImpl (RaftServerImpl.java:lambda$shutdown$3(247)) - cd11d2e1-8001-4504-aa56-1bbe2d1aee94@group-75F71BF599A6: shutdown
2019-10-15 22:50:25,224 [main] INFO  util.JmxRegister (JmxRegister.java:unregister(73)) - Successfully un-registered JMX Bean with object name Ratis:service=RaftServer,group=group-75F71BF599A6,id=cd11d2e1-8001-4504-aa56-1bbe2d1aee94
2019-10-15 22:50:25,224 [main] INFO  impl.RoleInfo (RoleInfo.java:shutdownLeaderState(104)) - cd11d2e1-8001-4504-aa56-1bbe2d1aee94: shutdown LeaderState
2019-10-15 22:50:25,226 [main] INFO  impl.PendingRequests (PendingRequests.java:sendNotLeaderResponses(202)) - cd11d2e1-8001-4504-aa56-1bbe2d1aee94@group-75F71BF599A6-PendingRequests: sendNotLeaderResponses
2019-10-15 22:50:25,226 [org.apache.ratis.server.impl.LogAppender$AppenderDaemon$$Lambda$532/1452573193@6ac2c514] WARN  server.GrpcLogAppender (GrpcLogAppender.java:mayWait(143)) - cd11d2e1-8001-4504-aa56-1bbe2d1aee94@group-75F71BF599A6->23981206-d98f-49bd-b34a-9ed813c0949a-GrpcLogAppender: Wait interrupted by java.lang.InterruptedException
2019-10-15 22:50:25,226 [org.apache.ratis.server.impl.LogAppender$AppenderDaemon$$Lambda$532/1452573193@79bec8fa] WARN  server.GrpcLogAppender (GrpcLogAppender.java:mayWait(143)) - cd11d2e1-8001-4504-aa56-1bbe2d1aee94@group-75F71BF599A6->d85b637b-10e8-42dc-95d2-be085c1066ae-GrpcLogAppender: Wait interrupted by java.lang.InterruptedException
2019-10-15 22:50:25,227 [cd11d2e1-8001-4504-aa56-1bbe2d1aee94@group-75F71BF599A6-StateMachineUpdater] INFO  ratis.ContainerStateMachine (ContainerStateMachine.java:takeSnapshot(294)) - group-75F71BF599A6: Taking a snapshot at:(t:1, i:14) file /workdir/hadoop-ozone/integration-test/target/test-dir/MiniOzoneClusterImpl-0d9b2814-d928-4fbd-a4f1-019e2ffc4b6f/datanode-6/data/ratis/08032b27-6f20-486a-89d2-75f71bf599a6/sm/snapshot.1_14
2019-10-15 22:50:25,227 [main] INFO  impl.StateMachineUpdater (StateMachineUpdater.java:stopAndJoin(136)) - cd11d2e1-8001-4504-aa56-1bbe2d1aee94@group-75F71BF599A6-StateMachineUpdater: set stopIndex = 18
2019-10-15 22:50:25,228 [grpc-default-executor-5] INFO  server.GrpcServerProtocolService (GrpcServerProtocolService.java:onCompleted(113)) - d85b637b-10e8-42dc-95d2-be085c1066ae: Completed APPEND_ENTRIES, lastRequest: cd11d2e1-8001-4504-aa56-1bbe2d1aee94->d85b637b-10e8-42dc-95d2-be085c1066ae#3-t2, previous=(t:2, i:18), leaderCommit=18, initializing? false, entries: <empty>
2019-10-15 22:50:25,228 [grpc-default-executor-5] INFO  server.GrpcLogAppender (GrpcLogAppender.java:onCompleted(293)) - cd11d2e1-8001-4504-aa56-1bbe2d1aee94@group-75F71BF599A6->d85b637b-10e8-42dc-95d2-be085c1066ae-AppendLogResponseHandler: follower responses appendEntries COMPLETED
2019-10-15 22:50:25,229 [grpc-default-executor-5] INFO  impl.FollowerInfo (FollowerInfo.java:lambda$new$0(51)) - cd11d2e1-8001-4504-aa56-1bbe2d1aee94@group-75F71BF599A6->d85b637b-10e8-42dc-95d2-be085c1066ae: nextIndex: updateUnconditionally 19 -> 18
2019-10-15 22:50:25,230 [ForkJoinPool.commonPool-worker-0] INFO  ozoneimpl.OzoneContainer (OzoneContainer.java:stop(227)) - Attempting to stop container services.
2019-10-15 22:50:25,230 [ForkJoinPool.commonPool-worker-0] INFO  impl.RaftServerProxy (RaftServerProxy.java:lambda$close$4(314)) - d85b637b-10e8-42dc-95d2-be085c1066ae: close
2019-10-15 22:50:25,231 [ForkJoinPool.commonPool-worker-0] INFO  impl.RaftServerImpl (RaftServerImpl.java:lambda$shutdown$3(247)) - d85b637b-10e8-42dc-95d2-be085c1066ae@group-6DF339442F95: shutdown
2019-10-15 22:50:25,231 [ForkJoinPool.commonPool-worker-0] INFO  util.JmxRegister (JmxRegister.java:unregister(73)) - Successfully un-registered JMX Bean with object name Ratis:service=RaftServer,group=group-6DF339442F95,id=d85b637b-10e8-42dc-95d2-be085c1066ae
2019-10-15 22:50:25,231 [ForkJoinPool.commonPool-worker-0] INFO  impl.RoleInfo (RoleInfo.java:shutdownLeaderState(104)) - d85b637b-10e8-42dc-95d2-be085c1066ae: shutdown LeaderState
2019-10-15 22:50:25,231 [ForkJoinPool.commonPool-worker-0] INFO  impl.PendingRequests (PendingRequests.java:sendNotLeaderResponses(202)) - d85b637b-10e8-42dc-95d2-be085c1066ae@group-6DF339442F95-PendingRequests: sendNotLeaderResponses
2019-10-15 22:50:25,231 [ForkJoinPool.commonPool-worker-0] INFO  impl.StateMachineUpdater (StateMachineUpdater.java:stopAndJoin(136)) - d85b637b-10e8-42dc-95d2-be085c1066ae@group-6DF339442F95-StateMachineUpdater: set stopIndex = 0
2019-10-15 22:50:25,231 [ForkJoinPool.commonPool-worker-0] INFO  impl.RaftServerImpl (ServerState.java:close(387)) - d85b637b-10e8-42dc-95d2-be085c1066ae@group-6DF339442F95: closes. applyIndex: 0
2019-10-15 22:50:25,232 [d85b637b-10e8-42dc-95d2-be085c1066ae@group-6DF339442F95-SegmentedRaftLogWorker] INFO  segmented.SegmentedRaftLogWorker (SegmentedRaftLogWorker.java:run(316)) - d85b637b-10e8-42dc-95d2-be085c1066ae@group-6DF339442F95-SegmentedRaftLogWorker was interrupted, exiting. There are 0 tasks remaining in the queue.
2019-10-15 22:50:25,232 [ForkJoinPool.commonPool-worker-0] INFO  segmented.SegmentedRaftLogWorker (SegmentedRaftLogWorker.java:close(224)) - d85b637b-10e8-42dc-95d2-be085c1066ae@group-6DF339442F95-SegmentedRaftLogWorker close()
2019-10-15 22:50:25,233 [ForkJoinPool.commonPool-worker-0] INFO  impl.RaftServerImpl (RaftServerImpl.java:lambda$shutdown$3(247)) - d85b637b-10e8-42dc-95d2-be085c1066ae@group-75F71BF599A6: shutdown
2019-10-15 22:50:25,233 [ForkJoinPool.commonPool-worker-0] INFO  util.JmxRegister (JmxRegister.java:unregister(73)) - Successfully un-registered JMX Bean with object name Ratis:service=RaftServer,group=group-75F71BF599A6,id=d85b637b-10e8-42dc-95d2-be085c1066ae
2019-10-15 22:50:25,233 [ForkJoinPool.commonPool-worker-0] INFO  impl.RoleInfo (RoleInfo.java:shutdownFollowerState(121)) - d85b637b-10e8-42dc-95d2-be085c1066ae: shutdown FollowerState
2019-10-15 22:50:25,233 [ForkJoinPool.commonPool-worker-0] INFO  impl.StateMachineUpdater (StateMachineUpdater.java:stopAndJoin(136)) - d85b637b-10e8-42dc-95d2-be085c1066ae@group-75F71BF599A6-StateMachineUpdater: set stopIndex = 18
2019-10-15 22:50:25,233 [Thread-3306] INFO  impl.FollowerState (FollowerState.java:run(117)) - d85b637b-10e8-42dc-95d2-be085c1066ae@group-75F71BF599A6-FollowerState was interrupted: java.lang.InterruptedException: sleep interrupted
2019-10-15 22:50:25,233 [d85b637b-10e8-42dc-95d2-be085c1066ae@group-75F71BF599A6-StateMachineUpdater] INFO  ratis.ContainerStateMachine (ContainerStateMachine.java:takeSnapshot(294)) - group-75F71BF599A6: Taking a snapshot at:(t:1, i:14) file /workdir/hadoop-ozone/integration-test/target/test-dir/MiniOzoneClusterImpl-0d9b2814-d928-4fbd-a4f1-019e2ffc4b6f/datanode-5/data/ratis/08032b27-6f20-486a-89d2-75f71bf599a6/sm/snapshot.1_14
2019-10-15 22:50:25,241 [cd11d2e1-8001-4504-aa56-1bbe2d1aee94@group-75F71BF599A6-StateMachineUpdater] INFO  ratis.ContainerStateMachine (ContainerStateMachine.java:takeSnapshot(305)) - group-75F71BF599A6: Finished taking a snapshot at:(t:1, i:14) file:/workdir/hadoop-ozone/integration-test/target/test-dir/MiniOzoneClusterImpl-0d9b2814-d928-4fbd-a4f1-019e2ffc4b6f/datanode-6/data/ratis/08032b27-6f20-486a-89d2-75f71bf599a6/sm/snapshot.1_14 time:14
2019-10-15 22:50:25,241 [d85b637b-10e8-42dc-95d2-be085c1066ae@group-75F71BF599A6-StateMachineUpdater] INFO  ratis.ContainerStateMachine (ContainerStateMachine.java:takeSnapshot(305)) - group-75F71BF599A6: Finished taking a snapshot at:(t:1, i:14) file:/workdir/hadoop-ozone/integration-test/target/test-dir/MiniOzoneClusterImpl-0d9b2814-d928-4fbd-a4f1-019e2ffc4b6f/datanode-5/data/ratis/08032b27-6f20-486a-89d2-75f71bf599a6/sm/snapshot.1_14 time:7
2019-10-15 22:50:25,241 [cd11d2e1-8001-4504-aa56-1bbe2d1aee94@group-75F71BF599A6-StateMachineUpdater] INFO  impl.StateMachineUpdater (StateMachineUpdater.java:takeSnapshot(269)) - cd11d2e1-8001-4504-aa56-1bbe2d1aee94@group-75F71BF599A6-StateMachineUpdater: Took a snapshot at index 14
2019-10-15 22:50:25,241 [cd11d2e1-8001-4504-aa56-1bbe2d1aee94@group-75F71BF599A6-StateMachineUpdater] INFO  impl.StateMachineUpdater (StateMachineUpdater.java:lambda$new$0(84)) - cd11d2e1-8001-4504-aa56-1bbe2d1aee94@group-75F71BF599A6-StateMachineUpdater: snapshotIndex: updateIncreasingly -1 -> 14
2019-10-15 22:50:25,241 [d85b637b-10e8-42dc-95d2-be085c1066ae@group-75F71BF599A6-StateMachineUpdater] INFO  impl.StateMachineUpdater (StateMachineUpdater.java:takeSnapshot(269)) - d85b637b-10e8-42dc-95d2-be085c1066ae@group-75F71BF599A6-StateMachineUpdater: Took a snapshot at index 14
2019-10-15 22:50:25,241 [d85b637b-10e8-42dc-95d2-be085c1066ae@group-75F71BF599A6-StateMachineUpdater] INFO  impl.StateMachineUpdater (StateMachineUpdater.java:lambda$new$0(84)) - d85b637b-10e8-42dc-95d2-be085c1066ae@group-75F71BF599A6-StateMachineUpdater: snapshotIndex: updateIncreasingly -1 -> 14
2019-10-15 22:50:25,241 [cd11d2e1-8001-4504-aa56-1bbe2d1aee94@group-75F71BF599A6-StateMachineUpdater] INFO  ratis.ContainerStateMachine (ContainerStateMachine.java:takeSnapshot(294)) - group-75F71BF599A6: Taking a snapshot at:(t:1, i:14) file /workdir/hadoop-ozone/integration-test/target/test-dir/MiniOzoneClusterImpl-0d9b2814-d928-4fbd-a4f1-019e2ffc4b6f/datanode-6/data/ratis/08032b27-6f20-486a-89d2-75f71bf599a6/sm/snapshot.1_14
2019-10-15 22:50:25,241 [d85b637b-10e8-42dc-95d2-be085c1066ae@group-75F71BF599A6-StateMachineUpdater] INFO  ratis.ContainerStateMachine (ContainerStateMachine.java:takeSnapshot(294)) - group-75F71BF599A6: Taking a snapshot at:(t:1, i:14) file /workdir/hadoop-ozone/integration-test/target/test-dir/MiniOzoneClusterImpl-0d9b2814-d928-4fbd-a4f1-019e2ffc4b6f/datanode-5/data/ratis/08032b27-6f20-486a-89d2-75f71bf599a6/sm/snapshot.1_14
2019-10-15 22:50:25,254 [cd11d2e1-8001-4504-aa56-1bbe2d1aee94@group-75F71BF599A6-StateMachineUpdater] INFO  ratis.ContainerStateMachine (ContainerStateMachine.java:takeSnapshot(305)) - group-75F71BF599A6: Finished taking a snapshot at:(t:1, i:14) file:/workdir/hadoop-ozone/integration-test/target/test-dir/MiniOzoneClusterImpl-0d9b2814-d928-4fbd-a4f1-019e2ffc4b6f/datanode-6/data/ratis/08032b27-6f20-486a-89d2-75f71bf599a6/sm/snapshot.1_14 time:12
2019-10-15 22:50:25,254 [d85b637b-10e8-42dc-95d2-be085c1066ae@group-75F71BF599A6-StateMachineUpdater] INFO  ratis.ContainerStateMachine (ContainerStateMachine.java:takeSnapshot(305)) - group-75F71BF599A6: Finished taking a snapshot at:(t:1, i:14) file:/workdir/hadoop-ozone/integration-test/target/test-dir/MiniOzoneClusterImpl-0d9b2814-d928-4fbd-a4f1-019e2ffc4b6f/datanode-5/data/ratis/08032b27-6f20-486a-89d2-75f71bf599a6/sm/snapshot.1_14 time:12
2019-10-15 22:50:25,254 [cd11d2e1-8001-4504-aa56-1bbe2d1aee94@group-75F71BF599A6-StateMachineUpdater] INFO  impl.StateMachineUpdater (StateMachineUpdater.java:takeSnapshot(269)) - cd11d2e1-8001-4504-aa56-1bbe2d1aee94@group-75F71BF599A6-StateMachineUpdater: Took a snapshot at index 14
2019-10-15 22:50:25,254 [d85b637b-10e8-42dc-95d2-be085c1066ae@group-75F71BF599A6-StateMachineUpdater] INFO  impl.StateMachineUpdater (StateMachineUpdater.java:takeSnapshot(269)) - d85b637b-10e8-42dc-95d2-be085c1066ae@group-75F71BF599A6-StateMachineUpdater: Took a snapshot at index 14
2019-10-15 22:50:25,254 [cd11d2e1-8001-4504-aa56-1bbe2d1aee94@group-75F71BF599A6-StateMachineUpdater] INFO  impl.StateMachineUpdater (StateMachineUpdater.java:lambda$new$0(84)) - cd11d2e1-8001-4504-aa56-1bbe2d1aee94@group-75F71BF599A6-StateMachineUpdater: snapshotIndex: updateIncreasingly 14 -> 14
2019-10-15 22:50:25,254 [d85b637b-10e8-42dc-95d2-be085c1066ae@group-75F71BF599A6-StateMachineUpdater] INFO  impl.StateMachineUpdater (StateMachineUpdater.java:lambda$new$0(84)) - d85b637b-10e8-42dc-95d2-be085c1066ae@group-75F71BF599A6-StateMachineUpdater: snapshotIndex: updateIncreasingly 14 -> 14
2019-10-15 22:50:25,254 [main] INFO  impl.RaftServerImpl (ServerState.java:close(387)) - cd11d2e1-8001-4504-aa56-1bbe2d1aee94@group-75F71BF599A6: closes. applyIndex: 18
2019-10-15 22:50:25,254 [ForkJoinPool.commonPool-worker-0] INFO  impl.RaftServerImpl (ServerState.java:close(387)) - d85b637b-10e8-42dc-95d2-be085c1066ae@group-75F71BF599A6: closes. applyIndex: 18
2019-10-15 22:50:25,255 [cd11d2e1-8001-4504-aa56-1bbe2d1aee94@group-75F71BF599A6-SegmentedRaftLogWorker] INFO  segmented.SegmentedRaftLogWorker (SegmentedRaftLogWorker.java:run(316)) - cd11d2e1-8001-4504-aa56-1bbe2d1aee94@group-75F71BF599A6-SegmentedRaftLogWorker was interrupted, exiting. There are 0 tasks remaining in the queue.
2019-10-15 22:50:25,255 [d85b637b-10e8-42dc-95d2-be085c1066ae@group-75F71BF599A6-SegmentedRaftLogWorker] INFO  segmented.SegmentedRaftLogWorker (SegmentedRaftLogWorker.java:run(316)) - d85b637b-10e8-42dc-95d2-be085c1066ae@group-75F71BF599A6-SegmentedRaftLogWorker was interrupted, exiting. There are 0 tasks remaining in the queue.
2019-10-15 22:50:25,255 [main] INFO  segmented.SegmentedRaftLogWorker (SegmentedRaftLogWorker.java:close(224)) - cd11d2e1-8001-4504-aa56-1bbe2d1aee94@group-75F71BF599A6-SegmentedRaftLogWorker close()
2019-10-15 22:50:25,255 [ForkJoinPool.commonPool-worker-0] INFO  segmented.SegmentedRaftLogWorker (SegmentedRaftLogWorker.java:close(224)) - d85b637b-10e8-42dc-95d2-be085c1066ae@group-75F71BF599A6-SegmentedRaftLogWorker close()
2019-10-15 22:50:25,256 [main] INFO  server.GrpcService (GrpcService.java:closeImpl(164)) - cd11d2e1-8001-4504-aa56-1bbe2d1aee94: shutdown server with port 45850 now
2019-10-15 22:50:25,257 [ForkJoinPool.commonPool-worker-0] INFO  server.GrpcService (GrpcService.java:closeImpl(164)) - d85b637b-10e8-42dc-95d2-be085c1066ae: shutdown server with port 41017 now
2019-10-15 22:50:25,257 [main] INFO  server.GrpcService (GrpcService.java:closeImpl(172)) - cd11d2e1-8001-4504-aa56-1bbe2d1aee94: shutdown server with port 45850 successfully
2019-10-15 22:50:25,257 [ForkJoinPool.commonPool-worker-0] INFO  server.GrpcService (GrpcService.java:closeImpl(172)) - d85b637b-10e8-42dc-95d2-be085c1066ae: shutdown server with port 41017 successfully
2019-10-15 22:50:25,260 [refreshUsed-/workdir/hadoop-ozone/integration-test/target/test-dir/MiniOzoneClusterImpl-0d9b2814-d928-4fbd-a4f1-019e2ffc4b6f/datanode-6/data/containers] WARN  fs.CachingGetSpaceUsed (CachingGetSpaceUsed.java:run(183)) - Thread Interrupted waiting to refresh disk information: sleep interrupted
2019-10-15 22:50:25,260 [refreshUsed-/workdir/hadoop-ozone/integration-test/target/test-dir/MiniOzoneClusterImpl-0d9b2814-d928-4fbd-a4f1-019e2ffc4b6f/datanode-5/data/containers] WARN  fs.CachingGetSpaceUsed (CachingGetSpaceUsed.java:run(183)) - Thread Interrupted waiting to refresh disk information: sleep interrupted
2019-10-15 22:50:25,280 [main] INFO  utils.BackgroundService (BackgroundService.java:shutdown(151)) - Shutting down service BlockDeletingService
2019-10-15 22:50:25,280 [ForkJoinPool.commonPool-worker-0] INFO  utils.BackgroundService (BackgroundService.java:shutdown(151)) - Shutting down service BlockDeletingService
2019-10-15 22:50:25,284 [main] INFO  statemachine.DatanodeStateMachine (DatanodeStateMachine.java:stopDaemon(395)) - Ozone container server stopped.
2019-10-15 22:50:25,284 [ForkJoinPool.commonPool-worker-0] INFO  statemachine.DatanodeStateMachine (DatanodeStateMachine.java:stopDaemon(395)) - Ozone container server stopped.
2019-10-15 22:50:25,288 [ForkJoinPool.commonPool-worker-0] INFO  handler.ContextHandler (ContextHandler.java:doStop(910)) - Stopped o.e.j.w.WebAppContext@646d810b{/,null,UNAVAILABLE}{/hddsDatanode}
2019-10-15 22:50:25,288 [main] INFO  handler.ContextHandler (ContextHandler.java:doStop(910)) - Stopped o.e.j.w.WebAppContext@2f4d32bf{/,null,UNAVAILABLE}{/hddsDatanode}
2019-10-15 22:50:25,288 [ForkJoinPool.commonPool-worker-0] INFO  server.AbstractConnector (AbstractConnector.java:doStop(318)) - Stopped ServerConnector@30508066{HTTP/1.1,[http/1.1]}{0.0.0.0:0}
2019-10-15 22:50:25,289 [main] INFO  server.AbstractConnector (AbstractConnector.java:doStop(318)) - Stopped ServerConnector@774d8276{HTTP/1.1,[http/1.1]}{0.0.0.0:0}
2019-10-15 22:50:25,290 [ForkJoinPool.commonPool-worker-0] INFO  handler.ContextHandler (ContextHandler.java:doStop(910)) - Stopped o.e.j.s.ServletContextHandler@3a6e9856{/static,jar:file:/home/user/.m2/repository/org/apache/hadoop/hadoop-hdds-container-service/0.5.0-SNAPSHOT/hadoop-hdds-container-service-0.5.0-SNAPSHOT.jar!/webapps/static,UNAVAILABLE}
2019-10-15 22:50:25,290 [main] INFO  handler.ContextHandler (ContextHandler.java:doStop(910)) - Stopped o.e.j.s.ServletContextHandler@57ce2898{/static,jar:file:/home/user/.m2/repository/org/apache/hadoop/hadoop-hdds-container-service/0.5.0-SNAPSHOT/hadoop-hdds-container-service-0.5.0-SNAPSHOT.jar!/webapps/static,UNAVAILABLE}
2019-10-15 22:50:25,291 [ForkJoinPool.commonPool-worker-0] INFO  handler.ContextHandler (ContextHandler.java:doStop(910)) - Stopped o.e.j.s.ServletContextHandler@54495935{/logs,file:///workdir/hadoop-ozone/integration-test/target/log,UNAVAILABLE}
2019-10-15 22:50:25,291 [main] INFO  handler.ContextHandler (ContextHandler.java:doStop(910)) - Stopped o.e.j.s.ServletContextHandler@7b297740{/logs,file:///workdir/hadoop-ozone/integration-test/target/log,UNAVAILABLE}
2019-10-15 22:50:25,292 [main] INFO  ozone.MiniOzoneClusterImpl (MiniOzoneClusterImpl.java:stopSCM(392)) - Stopping the StorageContainerManager
2019-10-15 22:50:25,292 [main] INFO  server.StorageContainerManager (StorageContainerManager.java:stop(810)) - Stopping Replication Manager Service.
2019-10-15 22:50:25,292 [main] INFO  container.ReplicationManager (ReplicationManager.java:stop(203)) - Stopping Replication Monitor Thread.
2019-10-15 22:50:25,293 [main] INFO  server.StorageContainerManager (StorageContainerManager.java:stop(817)) - Stopping Lease Manager of the command watchers
2019-10-15 22:50:25,293 [main] INFO  server.StorageContainerManager (StorageContainerManager.java:stop(824)) - Stopping datanode service RPC server
2019-10-15 22:50:25,293 [main] INFO  server.SCMDatanodeProtocolServer (SCMDatanodeProtocolServer.java:stop(346)) - Stopping the RPC server for DataNodes
2019-10-15 22:50:25,293 [main] INFO  ipc.Server (Server.java:stop(3082)) - Stopping server on 32953
2019-10-15 22:50:25,295 [IPC Server listener on 32953] INFO  ipc.Server (Server.java:run(1185)) - Stopping IPC Server listener on 32953
2019-10-15 22:50:25,295 [IPC Server Responder] INFO  ipc.Server (Server.java:run(1319)) - Stopping IPC Server Responder
2019-10-15 22:50:25,317 [SCM Heartbeat Processing Thread - 0] WARN  node.NodeStateManager (NodeStateManager.java:scheduleNextHealthCheck(646)) - Current Thread is interrupted, shutting down HB processing thread for Node Manager.
2019-10-15 22:50:25,317 [main] INFO  server.StorageContainerManager (StorageContainerManager.java:stop(832)) - Stopping block service RPC server
2019-10-15 22:50:25,317 [main] INFO  server.SCMBlockProtocolServer (SCMBlockProtocolServer.java:stop(155)) - Stopping the RPC server for Block Protocol
2019-10-15 22:50:25,318 [main] INFO  ipc.Server (Server.java:stop(3082)) - Stopping server on 44042
2019-10-15 22:50:25,319 [IPC Server listener on 44042] INFO  ipc.Server (Server.java:run(1185)) - Stopping IPC Server listener on 44042
2019-10-15 22:50:25,319 [main] INFO  server.StorageContainerManager (StorageContainerManager.java:stop(839)) - Stopping the StorageContainerLocationProtocol RPC server
2019-10-15 22:50:25,320 [IPC Server Responder] INFO  ipc.Server (Server.java:run(1319)) - Stopping IPC Server Responder
2019-10-15 22:50:25,321 [main] INFO  server.SCMClientProtocolServer (SCMClientProtocolServer.java:stop(168)) - Stopping the RPC server for Client Protocol
2019-10-15 22:50:25,321 [main] INFO  ipc.Server (Server.java:stop(3082)) - Stopping server on 43951
2019-10-15 22:50:25,322 [main] INFO  server.StorageContainerManager (StorageContainerManager.java:stop(846)) - Stopping Storage Container Manager HTTP server.
2019-10-15 22:50:25,323 [IPC Server listener on 43951] INFO  ipc.Server (Server.java:run(1185)) - Stopping IPC Server listener on 43951
2019-10-15 22:50:25,323 [IPC Server Responder] INFO  ipc.Server (Server.java:run(1319)) - Stopping IPC Server Responder
2019-10-15 22:50:25,325 [main] INFO  handler.ContextHandler (ContextHandler.java:doStop(910)) - Stopped o.e.j.w.WebAppContext@61394494{/,null,UNAVAILABLE}{/scm}
2019-10-15 22:50:25,325 [main] INFO  server.AbstractConnector (AbstractConnector.java:doStop(318)) - Stopped ServerConnector@578a5ce8{HTTP/1.1,[http/1.1]}{0.0.0.0:0}
2019-10-15 22:50:25,325 [main] INFO  handler.ContextHandler (ContextHandler.java:doStop(910)) - Stopped o.e.j.s.ServletContextHandler@3b088163{/static,file:///workdir/hadoop-ozone/integration-test/target/test-classes/webapps/static,UNAVAILABLE}
2019-10-15 22:50:25,326 [main] INFO  handler.ContextHandler (ContextHandler.java:doStop(910)) - Stopped o.e.j.s.ServletContextHandler@1f916219{/logs,file:///workdir/hadoop-ozone/integration-test/target/log,UNAVAILABLE}
2019-10-15 22:50:25,326 [main] INFO  server.StorageContainerManager (StorageContainerManager.java:stop(857)) - Stopping Block Manager Service.
2019-10-15 22:50:25,327 [main] INFO  utils.BackgroundService (BackgroundService.java:shutdown(151)) - Shutting down service SCMBlockDeletingService
2019-10-15 22:50:25,327 [main] INFO  utils.BackgroundService (BackgroundService.java:shutdown(151)) - Shutting down service SCMBlockDeletingService
2019-10-15 22:50:25,327 [main] INFO  server.StorageContainerManager (StorageContainerManager.java:stop(879)) - Stopping SCM Event Queue.
2019-10-15 22:50:25,332 [main] INFO  impl.MetricsSystemImpl (MetricsSystemImpl.java:stop(210)) - Stopping HddsDatanode metrics system...
2019-10-15 22:50:25,355 [main] INFO  impl.MetricsSystemImpl (MetricsSystemImpl.java:stop(216)) - HddsDatanode metrics system stopped.
]]></system-out>
    <system-err><![CDATA[Oct 15, 2019 10:49:50 PM org.apache.ratis.thirdparty.io.grpc.internal.ManagedChannelOrphanWrapper$ManagedChannelReference cleanQueue
SEVERE: *~*~*~ Channel ManagedChannelImpl{logId=2916, target=192.168.69.67:40166} was not shutdown properly!!! ~*~*~*
    Make sure to call shutdown()/shutdownNow() and wait until awaitTermination() returns true.
java.lang.RuntimeException: ManagedChannel allocation site
	at org.apache.ratis.thirdparty.io.grpc.internal.ManagedChannelOrphanWrapper$ManagedChannelReference.<init>(ManagedChannelOrphanWrapper.java:103)
	at org.apache.ratis.thirdparty.io.grpc.internal.ManagedChannelOrphanWrapper.<init>(ManagedChannelOrphanWrapper.java:53)
	at org.apache.ratis.thirdparty.io.grpc.internal.ManagedChannelOrphanWrapper.<init>(ManagedChannelOrphanWrapper.java:44)
	at org.apache.ratis.thirdparty.io.grpc.internal.AbstractManagedChannelImplBuilder.build(AbstractManagedChannelImplBuilder.java:411)
	at org.apache.hadoop.hdds.scm.XceiverClientGrpc.connectToDatanode(XceiverClientGrpc.java:183)
	at org.apache.hadoop.hdds.scm.XceiverClientGrpc.reconnect(XceiverClientGrpc.java:434)
	at org.apache.hadoop.hdds.scm.XceiverClientGrpc.sendCommandAsync(XceiverClientGrpc.java:382)
	at org.apache.hadoop.hdds.scm.XceiverClientGrpc.sendCommandWithRetry(XceiverClientGrpc.java:295)
	at org.apache.hadoop.hdds.scm.XceiverClientGrpc.sendCommandWithTraceIDAndRetry(XceiverClientGrpc.java:259)
	at org.apache.hadoop.hdds.scm.XceiverClientGrpc.sendCommand(XceiverClientGrpc.java:242)
	at org.apache.hadoop.hdds.scm.storage.ContainerProtocolCalls.getBlock(ContainerProtocolCalls.java:118)
	at org.apache.hadoop.hdds.scm.storage.BlockInputStream.getChunkInfos(BlockInputStream.java:169)
	at org.apache.hadoop.hdds.scm.storage.BlockInputStream.initialize(BlockInputStream.java:118)
	at org.apache.hadoop.hdds.scm.storage.BlockInputStream.read(BlockInputStream.java:224)
	at org.apache.hadoop.ozone.client.io.KeyInputStream.read(KeyInputStream.java:173)
	at org.apache.hadoop.ozone.client.io.OzoneInputStream.read(OzoneInputStream.java:47)
	at java.io.InputStream.read(InputStream.java:101)
	at org.apache.hadoop.ozone.container.ContainerTestHelper.validateData(ContainerTestHelper.java:715)
	at org.apache.hadoop.ozone.client.rpc.TestBlockOutputStreamWithFailures.validateData(TestBlockOutputStreamWithFailures.java:1216)
	at org.apache.hadoop.ozone.client.rpc.TestBlockOutputStreamWithFailures.testWatchForCommitWithSingleNodeRatis(TestBlockOutputStreamWithFailures.java:918)
	at sun.reflect.NativeMethodAccessorImpl.invoke0(Native Method)
	at sun.reflect.NativeMethodAccessorImpl.invoke(NativeMethodAccessorImpl.java:62)
	at sun.reflect.DelegatingMethodAccessorImpl.invoke(DelegatingMethodAccessorImpl.java:43)
	at java.lang.reflect.Method.invoke(Method.java:498)
	at org.junit.runners.model.FrameworkMethod$1.runReflectiveCall(FrameworkMethod.java:47)
	at org.junit.internal.runners.model.ReflectiveCallable.run(ReflectiveCallable.java:12)
	at org.junit.runners.model.FrameworkMethod.invokeExplosively(FrameworkMethod.java:44)
	at org.junit.internal.runners.statements.InvokeMethod.evaluate(InvokeMethod.java:17)
	at org.junit.internal.runners.statements.RunBefores.evaluate(RunBefores.java:26)
	at org.junit.internal.runners.statements.RunAfters.evaluate(RunAfters.java:27)
	at org.junit.runners.ParentRunner.runLeaf(ParentRunner.java:271)
	at org.junit.runners.BlockJUnit4ClassRunner.runChild(BlockJUnit4ClassRunner.java:70)
	at org.junit.runners.BlockJUnit4ClassRunner.runChild(BlockJUnit4ClassRunner.java:50)
	at org.junit.runners.ParentRunner$3.run(ParentRunner.java:238)
	at org.junit.runners.ParentRunner$1.schedule(ParentRunner.java:63)
	at org.junit.runners.ParentRunner.runChildren(ParentRunner.java:236)
	at org.junit.runners.ParentRunner.access$000(ParentRunner.java:53)
	at org.junit.runners.ParentRunner$2.evaluate(ParentRunner.java:229)
	at org.junit.runners.ParentRunner.run(ParentRunner.java:309)
	at org.apache.maven.surefire.junit4.JUnit4Provider.execute(JUnit4Provider.java:365)
	at org.apache.maven.surefire.junit4.JUnit4Provider.executeWithRerun(JUnit4Provider.java:273)
	at org.apache.maven.surefire.junit4.JUnit4Provider.executeTestSet(JUnit4Provider.java:238)
	at org.apache.maven.surefire.junit4.JUnit4Provider.invoke(JUnit4Provider.java:159)
	at org.apache.maven.surefire.booter.ForkedBooter.invokeProviderInSameClassLoader(ForkedBooter.java:384)
	at org.apache.maven.surefire.booter.ForkedBooter.runSuitesInProcess(ForkedBooter.java:345)
	at org.apache.maven.surefire.booter.ForkedBooter.execute(ForkedBooter.java:126)
	at org.apache.maven.surefire.booter.ForkedBooter.main(ForkedBooter.java:418)

Oct 15, 2019 10:49:50 PM org.apache.ratis.thirdparty.io.grpc.internal.ManagedChannelOrphanWrapper$ManagedChannelReference cleanQueue
SEVERE: *~*~*~ Channel ManagedChannelImpl{logId=2694, target=192.168.69.67:33517} was not shutdown properly!!! ~*~*~*
    Make sure to call shutdown()/shutdownNow() and wait until awaitTermination() returns true.
java.lang.RuntimeException: ManagedChannel allocation site
	at org.apache.ratis.thirdparty.io.grpc.internal.ManagedChannelOrphanWrapper$ManagedChannelReference.<init>(ManagedChannelOrphanWrapper.java:103)
	at org.apache.ratis.thirdparty.io.grpc.internal.ManagedChannelOrphanWrapper.<init>(ManagedChannelOrphanWrapper.java:53)
	at org.apache.ratis.thirdparty.io.grpc.internal.ManagedChannelOrphanWrapper.<init>(ManagedChannelOrphanWrapper.java:44)
	at org.apache.ratis.thirdparty.io.grpc.internal.AbstractManagedChannelImplBuilder.build(AbstractManagedChannelImplBuilder.java:411)
	at org.apache.hadoop.hdds.scm.XceiverClientGrpc.connectToDatanode(XceiverClientGrpc.java:183)
	at org.apache.hadoop.hdds.scm.XceiverClientGrpc.reconnect(XceiverClientGrpc.java:434)
	at org.apache.hadoop.hdds.scm.XceiverClientGrpc.sendCommandAsync(XceiverClientGrpc.java:382)
	at org.apache.hadoop.hdds.scm.XceiverClientGrpc.sendCommandWithRetry(XceiverClientGrpc.java:295)
	at org.apache.hadoop.hdds.scm.XceiverClientGrpc.sendCommandWithTraceIDAndRetry(XceiverClientGrpc.java:259)
	at org.apache.hadoop.hdds.scm.XceiverClientGrpc.sendCommand(XceiverClientGrpc.java:242)
	at org.apache.hadoop.hdds.scm.storage.ContainerProtocolCalls.getBlock(ContainerProtocolCalls.java:118)
	at org.apache.hadoop.hdds.scm.storage.BlockInputStream.getChunkInfos(BlockInputStream.java:169)
	at org.apache.hadoop.hdds.scm.storage.BlockInputStream.initialize(BlockInputStream.java:118)
	at org.apache.hadoop.hdds.scm.storage.BlockInputStream.read(BlockInputStream.java:224)
	at org.apache.hadoop.ozone.client.io.KeyInputStream.read(KeyInputStream.java:173)
	at org.apache.hadoop.ozone.client.io.OzoneInputStream.read(OzoneInputStream.java:47)
	at java.io.InputStream.read(InputStream.java:101)
	at org.apache.hadoop.ozone.container.ContainerTestHelper.validateData(ContainerTestHelper.java:715)
	at org.apache.hadoop.ozone.client.rpc.TestBlockOutputStreamWithFailures.validateData(TestBlockOutputStreamWithFailures.java:1216)
	at org.apache.hadoop.ozone.client.rpc.TestBlockOutputStreamWithFailures.testDatanodeFailureWithSingleNodeRatis(TestBlockOutputStreamWithFailures.java:1058)
	at sun.reflect.NativeMethodAccessorImpl.invoke0(Native Method)
	at sun.reflect.NativeMethodAccessorImpl.invoke(NativeMethodAccessorImpl.java:62)
	at sun.reflect.DelegatingMethodAccessorImpl.invoke(DelegatingMethodAccessorImpl.java:43)
	at java.lang.reflect.Method.invoke(Method.java:498)
	at org.junit.runners.model.FrameworkMethod$1.runReflectiveCall(FrameworkMethod.java:47)
	at org.junit.internal.runners.model.ReflectiveCallable.run(ReflectiveCallable.java:12)
	at org.junit.runners.model.FrameworkMethod.invokeExplosively(FrameworkMethod.java:44)
	at org.junit.internal.runners.statements.InvokeMethod.evaluate(InvokeMethod.java:17)
	at org.junit.internal.runners.statements.RunBefores.evaluate(RunBefores.java:26)
	at org.junit.internal.runners.statements.RunAfters.evaluate(RunAfters.java:27)
	at org.junit.runners.ParentRunner.runLeaf(ParentRunner.java:271)
	at org.junit.runners.BlockJUnit4ClassRunner.runChild(BlockJUnit4ClassRunner.java:70)
	at org.junit.runners.BlockJUnit4ClassRunner.runChild(BlockJUnit4ClassRunner.java:50)
	at org.junit.runners.ParentRunner$3.run(ParentRunner.java:238)
	at org.junit.runners.ParentRunner$1.schedule(ParentRunner.java:63)
	at org.junit.runners.ParentRunner.runChildren(ParentRunner.java:236)
	at org.junit.runners.ParentRunner.access$000(ParentRunner.java:53)
	at org.junit.runners.ParentRunner$2.evaluate(ParentRunner.java:229)
	at org.junit.runners.ParentRunner.run(ParentRunner.java:309)
	at org.apache.maven.surefire.junit4.JUnit4Provider.execute(JUnit4Provider.java:365)
	at org.apache.maven.surefire.junit4.JUnit4Provider.executeWithRerun(JUnit4Provider.java:273)
	at org.apache.maven.surefire.junit4.JUnit4Provider.executeTestSet(JUnit4Provider.java:238)
	at org.apache.maven.surefire.junit4.JUnit4Provider.invoke(JUnit4Provider.java:159)
	at org.apache.maven.surefire.booter.ForkedBooter.invokeProviderInSameClassLoader(ForkedBooter.java:384)
	at org.apache.maven.surefire.booter.ForkedBooter.runSuitesInProcess(ForkedBooter.java:345)
	at org.apache.maven.surefire.booter.ForkedBooter.execute(ForkedBooter.java:126)
	at org.apache.maven.surefire.booter.ForkedBooter.main(ForkedBooter.java:418)

Oct 15, 2019 10:49:50 PM org.apache.ratis.thirdparty.io.grpc.internal.ManagedChannelOrphanWrapper$ManagedChannelReference cleanQueue
SEVERE: *~*~*~ Channel ManagedChannelImpl{logId=2659, target=192.168.69.67:33800} was not shutdown properly!!! ~*~*~*
    Make sure to call shutdown()/shutdownNow() and wait until awaitTermination() returns true.
java.lang.RuntimeException: ManagedChannel allocation site
	at org.apache.ratis.thirdparty.io.grpc.internal.ManagedChannelOrphanWrapper$ManagedChannelReference.<init>(ManagedChannelOrphanWrapper.java:103)
	at org.apache.ratis.thirdparty.io.grpc.internal.ManagedChannelOrphanWrapper.<init>(ManagedChannelOrphanWrapper.java:53)
	at org.apache.ratis.thirdparty.io.grpc.internal.ManagedChannelOrphanWrapper.<init>(ManagedChannelOrphanWrapper.java:44)
	at org.apache.ratis.thirdparty.io.grpc.internal.AbstractManagedChannelImplBuilder.build(AbstractManagedChannelImplBuilder.java:411)
	at org.apache.ratis.grpc.client.GrpcClientProtocolClient.<init>(GrpcClientProtocolClient.java:128)
	at org.apache.ratis.grpc.client.GrpcClientRpc.lambda$new$0(GrpcClientRpc.java:55)
	at org.apache.ratis.util.PeerProxyMap$PeerAndProxy.lambda$getProxy$0(PeerProxyMap.java:61)
	at org.apache.ratis.util.LifeCycle.startAndTransition(LifeCycle.java:202)
	at org.apache.ratis.util.PeerProxyMap$PeerAndProxy.getProxy(PeerProxyMap.java:60)
	at org.apache.ratis.util.PeerProxyMap.getProxy(PeerProxyMap.java:108)
	at org.apache.ratis.grpc.client.GrpcClientRpc.sendRequestAsync(GrpcClientRpc.java:66)
	at org.apache.ratis.client.impl.OrderedAsync.sendRequest(OrderedAsync.java:208)
	at org.apache.ratis.client.impl.OrderedAsync.sendRequestWithRetry(OrderedAsync.java:169)
	at org.apache.ratis.util.SlidingWindow$Client.sendOrDelayRequest(SlidingWindow.java:278)
	at org.apache.ratis.util.SlidingWindow$Client.submitNewRequest(SlidingWindow.java:257)
	at org.apache.ratis.client.impl.OrderedAsync.send(OrderedAsync.java:155)
	at org.apache.ratis.client.impl.RaftClientImpl.sendAsync(RaftClientImpl.java:144)
	at org.apache.ratis.client.impl.RaftClientImpl.sendAsync(RaftClientImpl.java:124)
	at org.apache.hadoop.hdds.scm.XceiverClientRatis.sendRequestAsync(XceiverClientRatis.java:236)
	at org.apache.hadoop.hdds.scm.XceiverClientRatis.sendCommandAsync(XceiverClientRatis.java:317)
	at org.apache.hadoop.hdds.scm.storage.ContainerProtocolCalls.writeChunkAsync(ContainerProtocolCalls.java:310)
	at org.apache.hadoop.hdds.scm.storage.BlockOutputStream.writeChunkToContainer(BlockOutputStream.java:604)
	at org.apache.hadoop.hdds.scm.storage.BlockOutputStream.writeChunk(BlockOutputStream.java:462)
	at org.apache.hadoop.hdds.scm.storage.BlockOutputStream.writeOnRetry(BlockOutputStream.java:284)
	at org.apache.hadoop.ozone.client.io.BlockOutputStreamEntry.writeOnRetry(BlockOutputStreamEntry.java:200)
	at org.apache.hadoop.ozone.client.io.KeyOutputStream.handleWrite(KeyOutputStream.java:206)
	at org.apache.hadoop.ozone.client.io.KeyOutputStream.handleRetry(KeyOutputStream.java:375)
	at org.apache.hadoop.ozone.client.io.KeyOutputStream.handleException(KeyOutputStream.java:324)
	at org.apache.hadoop.ozone.client.io.KeyOutputStream.handleFlushOrClose(KeyOutputStream.java:449)
	at org.apache.hadoop.ozone.client.io.KeyOutputStream.handleWrite(KeyOutputStream.java:232)
	at org.apache.hadoop.ozone.client.io.KeyOutputStream.write(KeyOutputStream.java:190)
	at org.apache.hadoop.ozone.client.io.OzoneOutputStream.write(OzoneOutputStream.java:49)
	at java.io.OutputStream.write(OutputStream.java:75)
	at org.apache.hadoop.ozone.client.rpc.TestBlockOutputStreamWithFailures.testDatanodeFailureWithSingleNodeRatis(TestBlockOutputStreamWithFailures.java:1021)
	at sun.reflect.NativeMethodAccessorImpl.invoke0(Native Method)
	at sun.reflect.NativeMethodAccessorImpl.invoke(NativeMethodAccessorImpl.java:62)
	at sun.reflect.DelegatingMethodAccessorImpl.invoke(DelegatingMethodAccessorImpl.java:43)
	at java.lang.reflect.Method.invoke(Method.java:498)
	at org.junit.runners.model.FrameworkMethod$1.runReflectiveCall(FrameworkMethod.java:47)
	at org.junit.internal.runners.model.ReflectiveCallable.run(ReflectiveCallable.java:12)
	at org.junit.runners.model.FrameworkMethod.invokeExplosively(FrameworkMethod.java:44)
	at org.junit.internal.runners.statements.InvokeMethod.evaluate(InvokeMethod.java:17)
	at org.junit.internal.runners.statements.RunBefores.evaluate(RunBefores.java:26)
	at org.junit.internal.runners.statements.RunAfters.evaluate(RunAfters.java:27)
	at org.junit.runners.ParentRunner.runLeaf(ParentRunner.java:271)
	at org.junit.runners.BlockJUnit4ClassRunner.runChild(BlockJUnit4ClassRunner.java:70)
	at org.junit.runners.BlockJUnit4ClassRunner.runChild(BlockJUnit4ClassRunner.java:50)
	at org.junit.runners.ParentRunner$3.run(ParentRunner.java:238)
	at org.junit.runners.ParentRunner$1.schedule(ParentRunner.java:63)
	at org.junit.runners.ParentRunner.runChildren(ParentRunner.java:236)
	at org.junit.runners.ParentRunner.access$000(ParentRunner.java:53)
	at org.junit.runners.ParentRunner$2.evaluate(ParentRunner.java:229)
	at org.junit.runners.ParentRunner.run(ParentRunner.java:309)
	at org.apache.maven.surefire.junit4.JUnit4Provider.execute(JUnit4Provider.java:365)
	at org.apache.maven.surefire.junit4.JUnit4Provider.executeWithRerun(JUnit4Provider.java:273)
	at org.apache.maven.surefire.junit4.JUnit4Provider.executeTestSet(JUnit4Provider.java:238)
	at org.apache.maven.surefire.junit4.JUnit4Provider.invoke(JUnit4Provider.java:159)
	at org.apache.maven.surefire.booter.ForkedBooter.invokeProviderInSameClassLoader(ForkedBooter.java:384)
	at org.apache.maven.surefire.booter.ForkedBooter.runSuitesInProcess(ForkedBooter.java:345)
	at org.apache.maven.surefire.booter.ForkedBooter.execute(ForkedBooter.java:126)
	at org.apache.maven.surefire.booter.ForkedBooter.main(ForkedBooter.java:418)

Oct 15, 2019 10:49:50 PM org.apache.ratis.thirdparty.io.grpc.internal.ManagedChannelOrphanWrapper$ManagedChannelReference cleanQueue
SEVERE: *~*~*~ Channel ManagedChannelImpl{logId=2655, target=192.168.69.67:41028} was not shutdown properly!!! ~*~*~*
    Make sure to call shutdown()/shutdownNow() and wait until awaitTermination() returns true.
java.lang.RuntimeException: ManagedChannel allocation site
	at org.apache.ratis.thirdparty.io.grpc.internal.ManagedChannelOrphanWrapper$ManagedChannelReference.<init>(ManagedChannelOrphanWrapper.java:103)
	at org.apache.ratis.thirdparty.io.grpc.internal.ManagedChannelOrphanWrapper.<init>(ManagedChannelOrphanWrapper.java:53)
	at org.apache.ratis.thirdparty.io.grpc.internal.ManagedChannelOrphanWrapper.<init>(ManagedChannelOrphanWrapper.java:44)
	at org.apache.ratis.thirdparty.io.grpc.internal.AbstractManagedChannelImplBuilder.build(AbstractManagedChannelImplBuilder.java:411)
	at org.apache.ratis.grpc.client.GrpcClientProtocolClient.<init>(GrpcClientProtocolClient.java:128)
	at org.apache.ratis.grpc.client.GrpcClientRpc.lambda$new$0(GrpcClientRpc.java:55)
	at org.apache.ratis.util.PeerProxyMap$PeerAndProxy.lambda$getProxy$0(PeerProxyMap.java:61)
	at org.apache.ratis.util.LifeCycle.startAndTransition(LifeCycle.java:202)
	at org.apache.ratis.util.PeerProxyMap$PeerAndProxy.getProxy(PeerProxyMap.java:60)
	at org.apache.ratis.util.PeerProxyMap.getProxy(PeerProxyMap.java:108)
	at org.apache.ratis.grpc.client.GrpcClientRpc.sendRequestAsync(GrpcClientRpc.java:66)
	at org.apache.ratis.client.impl.OrderedAsync.sendRequest(OrderedAsync.java:208)
	at org.apache.ratis.client.impl.OrderedAsync.sendRequestWithRetry(OrderedAsync.java:169)
	at org.apache.ratis.util.SlidingWindow$Client.sendOrDelayRequest(SlidingWindow.java:278)
	at org.apache.ratis.util.SlidingWindow$Client.retry(SlidingWindow.java:294)
	at org.apache.ratis.client.impl.OrderedAsync.lambda$scheduleWithTimeout$7(OrderedAsync.java:195)
	at org.apache.ratis.util.TimeoutScheduler.lambda$onTimeout$0(TimeoutScheduler.java:113)
	at org.apache.ratis.util.TimeoutScheduler.lambda$onTimeout$1(TimeoutScheduler.java:133)
	at org.apache.ratis.util.LogUtils.runAndLog(LogUtils.java:50)
	at org.apache.ratis.util.LogUtils$1.run(LogUtils.java:91)
	at java.util.concurrent.Executors$RunnableAdapter.call(Executors.java:511)
	at java.util.concurrent.FutureTask.run(FutureTask.java:266)
	at java.util.concurrent.ScheduledThreadPoolExecutor$ScheduledFutureTask.access$201(ScheduledThreadPoolExecutor.java:180)
	at java.util.concurrent.ScheduledThreadPoolExecutor$ScheduledFutureTask.run(ScheduledThreadPoolExecutor.java:293)
	at java.util.concurrent.ThreadPoolExecutor.runWorker(ThreadPoolExecutor.java:1149)
	at java.util.concurrent.ThreadPoolExecutor$Worker.run(ThreadPoolExecutor.java:624)
	at java.lang.Thread.run(Thread.java:748)

Oct 15, 2019 10:49:50 PM org.apache.ratis.thirdparty.io.grpc.internal.ManagedChannelOrphanWrapper$ManagedChannelReference cleanQueue
SEVERE: *~*~*~ Channel ManagedChannelImpl{logId=2911, target=192.168.69.67:46149} was not shutdown properly!!! ~*~*~*
    Make sure to call shutdown()/shutdownNow() and wait until awaitTermination() returns true.
java.lang.RuntimeException: ManagedChannel allocation site
	at org.apache.ratis.thirdparty.io.grpc.internal.ManagedChannelOrphanWrapper$ManagedChannelReference.<init>(ManagedChannelOrphanWrapper.java:103)
	at org.apache.ratis.thirdparty.io.grpc.internal.ManagedChannelOrphanWrapper.<init>(ManagedChannelOrphanWrapper.java:53)
	at org.apache.ratis.thirdparty.io.grpc.internal.ManagedChannelOrphanWrapper.<init>(ManagedChannelOrphanWrapper.java:44)
	at org.apache.ratis.thirdparty.io.grpc.internal.AbstractManagedChannelImplBuilder.build(AbstractManagedChannelImplBuilder.java:411)
	at org.apache.ratis.grpc.client.GrpcClientProtocolClient.<init>(GrpcClientProtocolClient.java:128)
	at org.apache.ratis.grpc.client.GrpcClientRpc.lambda$new$0(GrpcClientRpc.java:55)
	at org.apache.ratis.util.PeerProxyMap$PeerAndProxy.lambda$getProxy$0(PeerProxyMap.java:61)
	at org.apache.ratis.util.LifeCycle.startAndTransition(LifeCycle.java:202)
	at org.apache.ratis.util.PeerProxyMap$PeerAndProxy.getProxy(PeerProxyMap.java:60)
	at org.apache.ratis.util.PeerProxyMap.getProxy(PeerProxyMap.java:108)
	at org.apache.ratis.grpc.client.GrpcClientRpc.sendRequestAsync(GrpcClientRpc.java:66)
	at org.apache.ratis.client.impl.OrderedAsync.sendRequest(OrderedAsync.java:208)
	at org.apache.ratis.client.impl.OrderedAsync.sendRequestWithRetry(OrderedAsync.java:169)
	at org.apache.ratis.util.SlidingWindow$Client.sendOrDelayRequest(SlidingWindow.java:278)
	at org.apache.ratis.util.SlidingWindow$Client.submitNewRequest(SlidingWindow.java:257)
	at org.apache.ratis.client.impl.OrderedAsync.send(OrderedAsync.java:155)
	at org.apache.ratis.client.impl.RaftClientImpl.sendAsync(RaftClientImpl.java:144)
	at org.apache.ratis.client.impl.RaftClientImpl.sendAsync(RaftClientImpl.java:124)
	at org.apache.hadoop.hdds.scm.XceiverClientRatis.sendRequestAsync(XceiverClientRatis.java:236)
	at org.apache.hadoop.hdds.scm.XceiverClientRatis.sendCommandAsync(XceiverClientRatis.java:317)
	at org.apache.hadoop.hdds.scm.storage.ContainerProtocolCalls.writeChunkAsync(ContainerProtocolCalls.java:310)
	at org.apache.hadoop.hdds.scm.storage.BlockOutputStream.writeChunkToContainer(BlockOutputStream.java:604)
	at org.apache.hadoop.hdds.scm.storage.BlockOutputStream.writeChunk(BlockOutputStream.java:462)
	at org.apache.hadoop.hdds.scm.storage.BlockOutputStream.writeOnRetry(BlockOutputStream.java:284)
	at org.apache.hadoop.ozone.client.io.BlockOutputStreamEntry.writeOnRetry(BlockOutputStreamEntry.java:200)
	at org.apache.hadoop.ozone.client.io.KeyOutputStream.handleWrite(KeyOutputStream.java:206)
	at org.apache.hadoop.ozone.client.io.KeyOutputStream.handleRetry(KeyOutputStream.java:375)
	at org.apache.hadoop.ozone.client.io.KeyOutputStream.handleException(KeyOutputStream.java:324)
	at org.apache.hadoop.ozone.client.io.KeyOutputStream.handleFlushOrClose(KeyOutputStream.java:449)
	at org.apache.hadoop.ozone.client.io.KeyOutputStream.handleWrite(KeyOutputStream.java:232)
	at org.apache.hadoop.ozone.client.io.KeyOutputStream.write(KeyOutputStream.java:190)
	at org.apache.hadoop.ozone.client.io.OzoneOutputStream.write(OzoneOutputStream.java:49)
	at java.io.OutputStream.write(OutputStream.java:75)
	at org.apache.hadoop.ozone.client.rpc.TestBlockOutputStreamWithFailures.testWatchForCommitWithSingleNodeRatis(TestBlockOutputStreamWithFailures.java:885)
	at sun.reflect.NativeMethodAccessorImpl.invoke0(Native Method)
	at sun.reflect.NativeMethodAccessorImpl.invoke(NativeMethodAccessorImpl.java:62)
	at sun.reflect.DelegatingMethodAccessorImpl.invoke(DelegatingMethodAccessorImpl.java:43)
	at java.lang.reflect.Method.invoke(Method.java:498)
	at org.junit.runners.model.FrameworkMethod$1.runReflectiveCall(FrameworkMethod.java:47)
	at org.junit.internal.runners.model.ReflectiveCallable.run(ReflectiveCallable.java:12)
	at org.junit.runners.model.FrameworkMethod.invokeExplosively(FrameworkMethod.java:44)
	at org.junit.internal.runners.statements.InvokeMethod.evaluate(InvokeMethod.java:17)
	at org.junit.internal.runners.statements.RunBefores.evaluate(RunBefores.java:26)
	at org.junit.internal.runners.statements.RunAfters.evaluate(RunAfters.java:27)
	at org.junit.runners.ParentRunner.runLeaf(ParentRunner.java:271)
	at org.junit.runners.BlockJUnit4ClassRunner.runChild(BlockJUnit4ClassRunner.java:70)
	at org.junit.runners.BlockJUnit4ClassRunner.runChild(BlockJUnit4ClassRunner.java:50)
	at org.junit.runners.ParentRunner$3.run(ParentRunner.java:238)
	at org.junit.runners.ParentRunner$1.schedule(ParentRunner.java:63)
	at org.junit.runners.ParentRunner.runChildren(ParentRunner.java:236)
	at org.junit.runners.ParentRunner.access$000(ParentRunner.java:53)
	at org.junit.runners.ParentRunner$2.evaluate(ParentRunner.java:229)
	at org.junit.runners.ParentRunner.run(ParentRunner.java:309)
	at org.apache.maven.surefire.junit4.JUnit4Provider.execute(JUnit4Provider.java:365)
	at org.apache.maven.surefire.junit4.JUnit4Provider.executeWithRerun(JUnit4Provider.java:273)
	at org.apache.maven.surefire.junit4.JUnit4Provider.executeTestSet(JUnit4Provider.java:238)
	at org.apache.maven.surefire.junit4.JUnit4Provider.invoke(JUnit4Provider.java:159)
	at org.apache.maven.surefire.booter.ForkedBooter.invokeProviderInSameClassLoader(ForkedBooter.java:384)
	at org.apache.maven.surefire.booter.ForkedBooter.runSuitesInProcess(ForkedBooter.java:345)
	at org.apache.maven.surefire.booter.ForkedBooter.execute(ForkedBooter.java:126)
	at org.apache.maven.surefire.booter.ForkedBooter.main(ForkedBooter.java:418)

Oct 15, 2019 10:49:50 PM org.apache.ratis.thirdparty.io.grpc.internal.ManagedChannelOrphanWrapper$ManagedChannelReference cleanQueue
SEVERE: *~*~*~ Channel ManagedChannelImpl{logId=2921, target=192.168.69.67:46787} was not shutdown properly!!! ~*~*~*
    Make sure to call shutdown()/shutdownNow() and wait until awaitTermination() returns true.
java.lang.RuntimeException: ManagedChannel allocation site
	at org.apache.ratis.thirdparty.io.grpc.internal.ManagedChannelOrphanWrapper$ManagedChannelReference.<init>(ManagedChannelOrphanWrapper.java:103)
	at org.apache.ratis.thirdparty.io.grpc.internal.ManagedChannelOrphanWrapper.<init>(ManagedChannelOrphanWrapper.java:53)
	at org.apache.ratis.thirdparty.io.grpc.internal.ManagedChannelOrphanWrapper.<init>(ManagedChannelOrphanWrapper.java:44)
	at org.apache.ratis.thirdparty.io.grpc.internal.AbstractManagedChannelImplBuilder.build(AbstractManagedChannelImplBuilder.java:411)
	at org.apache.hadoop.hdds.scm.XceiverClientGrpc.connectToDatanode(XceiverClientGrpc.java:183)
	at org.apache.hadoop.hdds.scm.XceiverClientGrpc.reconnect(XceiverClientGrpc.java:434)
	at org.apache.hadoop.hdds.scm.XceiverClientGrpc.sendCommandAsync(XceiverClientGrpc.java:382)
	at org.apache.hadoop.hdds.scm.XceiverClientGrpc.sendCommandWithRetry(XceiverClientGrpc.java:295)
	at org.apache.hadoop.hdds.scm.XceiverClientGrpc.sendCommandWithTraceIDAndRetry(XceiverClientGrpc.java:259)
	at org.apache.hadoop.hdds.scm.XceiverClientGrpc.sendCommand(XceiverClientGrpc.java:242)
	at org.apache.hadoop.hdds.scm.storage.ContainerProtocolCalls.getBlock(ContainerProtocolCalls.java:118)
	at org.apache.hadoop.hdds.scm.storage.BlockInputStream.getChunkInfos(BlockInputStream.java:169)
	at org.apache.hadoop.hdds.scm.storage.BlockInputStream.initialize(BlockInputStream.java:118)
	at org.apache.hadoop.hdds.scm.storage.BlockInputStream.read(BlockInputStream.java:224)
	at org.apache.hadoop.ozone.client.io.KeyInputStream.read(KeyInputStream.java:173)
	at org.apache.hadoop.ozone.client.io.OzoneInputStream.read(OzoneInputStream.java:47)
	at java.io.InputStream.read(InputStream.java:101)
	at org.apache.hadoop.ozone.container.ContainerTestHelper.validateData(ContainerTestHelper.java:715)
	at org.apache.hadoop.ozone.client.rpc.TestBlockOutputStreamWithFailures.validateData(TestBlockOutputStreamWithFailures.java:1216)
	at org.apache.hadoop.ozone.client.rpc.TestBlockOutputStreamWithFailures.testWatchForCommitWithSingleNodeRatis(TestBlockOutputStreamWithFailures.java:918)
	at sun.reflect.NativeMethodAccessorImpl.invoke0(Native Method)
	at sun.reflect.NativeMethodAccessorImpl.invoke(NativeMethodAccessorImpl.java:62)
	at sun.reflect.DelegatingMethodAccessorImpl.invoke(DelegatingMethodAccessorImpl.java:43)
	at java.lang.reflect.Method.invoke(Method.java:498)
	at org.junit.runners.model.FrameworkMethod$1.runReflectiveCall(FrameworkMethod.java:47)
	at org.junit.internal.runners.model.ReflectiveCallable.run(ReflectiveCallable.java:12)
	at org.junit.runners.model.FrameworkMethod.invokeExplosively(FrameworkMethod.java:44)
	at org.junit.internal.runners.statements.InvokeMethod.evaluate(InvokeMethod.java:17)
	at org.junit.internal.runners.statements.RunBefores.evaluate(RunBefores.java:26)
	at org.junit.internal.runners.statements.RunAfters.evaluate(RunAfters.java:27)
	at org.junit.runners.ParentRunner.runLeaf(ParentRunner.java:271)
	at org.junit.runners.BlockJUnit4ClassRunner.runChild(BlockJUnit4ClassRunner.java:70)
	at org.junit.runners.BlockJUnit4ClassRunner.runChild(BlockJUnit4ClassRunner.java:50)
	at org.junit.runners.ParentRunner$3.run(ParentRunner.java:238)
	at org.junit.runners.ParentRunner$1.schedule(ParentRunner.java:63)
	at org.junit.runners.ParentRunner.runChildren(ParentRunner.java:236)
	at org.junit.runners.ParentRunner.access$000(ParentRunner.java:53)
	at org.junit.runners.ParentRunner$2.evaluate(ParentRunner.java:229)
	at org.junit.runners.ParentRunner.run(ParentRunner.java:309)
	at org.apache.maven.surefire.junit4.JUnit4Provider.execute(JUnit4Provider.java:365)
	at org.apache.maven.surefire.junit4.JUnit4Provider.executeWithRerun(JUnit4Provider.java:273)
	at org.apache.maven.surefire.junit4.JUnit4Provider.executeTestSet(JUnit4Provider.java:238)
	at org.apache.maven.surefire.junit4.JUnit4Provider.invoke(JUnit4Provider.java:159)
	at org.apache.maven.surefire.booter.ForkedBooter.invokeProviderInSameClassLoader(ForkedBooter.java:384)
	at org.apache.maven.surefire.booter.ForkedBooter.runSuitesInProcess(ForkedBooter.java:345)
	at org.apache.maven.surefire.booter.ForkedBooter.execute(ForkedBooter.java:126)
	at org.apache.maven.surefire.booter.ForkedBooter.main(ForkedBooter.java:418)

Oct 15, 2019 10:49:50 PM org.apache.ratis.thirdparty.io.grpc.internal.ManagedChannelOrphanWrapper$ManagedChannelReference cleanQueue
SEVERE: *~*~*~ Channel ManagedChannelImpl{logId=2906, target=192.168.69.67:33674} was not shutdown properly!!! ~*~*~*
    Make sure to call shutdown()/shutdownNow() and wait until awaitTermination() returns true.
java.lang.RuntimeException: ManagedChannel allocation site
	at org.apache.ratis.thirdparty.io.grpc.internal.ManagedChannelOrphanWrapper$ManagedChannelReference.<init>(ManagedChannelOrphanWrapper.java:103)
	at org.apache.ratis.thirdparty.io.grpc.internal.ManagedChannelOrphanWrapper.<init>(ManagedChannelOrphanWrapper.java:53)
	at org.apache.ratis.thirdparty.io.grpc.internal.ManagedChannelOrphanWrapper.<init>(ManagedChannelOrphanWrapper.java:44)
	at org.apache.ratis.thirdparty.io.grpc.internal.AbstractManagedChannelImplBuilder.build(AbstractManagedChannelImplBuilder.java:411)
	at org.apache.ratis.grpc.client.GrpcClientProtocolClient.<init>(GrpcClientProtocolClient.java:128)
	at org.apache.ratis.grpc.client.GrpcClientRpc.lambda$new$0(GrpcClientRpc.java:55)
	at org.apache.ratis.util.PeerProxyMap$PeerAndProxy.lambda$getProxy$0(PeerProxyMap.java:61)
	at org.apache.ratis.util.LifeCycle.startAndTransition(LifeCycle.java:202)
	at org.apache.ratis.util.PeerProxyMap$PeerAndProxy.getProxy(PeerProxyMap.java:60)
	at org.apache.ratis.util.PeerProxyMap.getProxy(PeerProxyMap.java:108)
	at org.apache.ratis.grpc.client.GrpcClientRpc.sendRequestAsync(GrpcClientRpc.java:66)
	at org.apache.ratis.client.impl.OrderedAsync.sendRequest(OrderedAsync.java:208)
	at org.apache.ratis.client.impl.OrderedAsync.sendRequestWithRetry(OrderedAsync.java:169)
	at org.apache.ratis.util.SlidingWindow$Client.sendOrDelayRequest(SlidingWindow.java:278)
	at org.apache.ratis.util.SlidingWindow$Client.retry(SlidingWindow.java:294)
	at org.apache.ratis.client.impl.OrderedAsync.lambda$scheduleWithTimeout$7(OrderedAsync.java:195)
	at org.apache.ratis.util.TimeoutScheduler.lambda$onTimeout$0(TimeoutScheduler.java:113)
	at org.apache.ratis.util.TimeoutScheduler.lambda$onTimeout$1(TimeoutScheduler.java:133)
	at org.apache.ratis.util.LogUtils.runAndLog(LogUtils.java:50)
	at org.apache.ratis.util.LogUtils$1.run(LogUtils.java:91)
	at java.util.concurrent.Executors$RunnableAdapter.call(Executors.java:511)
	at java.util.concurrent.FutureTask.run(FutureTask.java:266)
	at java.util.concurrent.ScheduledThreadPoolExecutor$ScheduledFutureTask.access$201(ScheduledThreadPoolExecutor.java:180)
	at java.util.concurrent.ScheduledThreadPoolExecutor$ScheduledFutureTask.run(ScheduledThreadPoolExecutor.java:293)
	at java.util.concurrent.ThreadPoolExecutor.runWorker(ThreadPoolExecutor.java:1149)
	at java.util.concurrent.ThreadPoolExecutor$Worker.run(ThreadPoolExecutor.java:624)
	at java.lang.Thread.run(Thread.java:748)

Oct 15, 2019 10:49:50 PM org.apache.ratis.thirdparty.io.grpc.internal.ManagedChannelOrphanWrapper$ManagedChannelReference cleanQueue
SEVERE: *~*~*~ Channel ManagedChannelImpl{logId=2689, target=192.168.69.67:40477} was not shutdown properly!!! ~*~*~*
    Make sure to call shutdown()/shutdownNow() and wait until awaitTermination() returns true.
java.lang.RuntimeException: ManagedChannel allocation site
	at org.apache.ratis.thirdparty.io.grpc.internal.ManagedChannelOrphanWrapper$ManagedChannelReference.<init>(ManagedChannelOrphanWrapper.java:103)
	at org.apache.ratis.thirdparty.io.grpc.internal.ManagedChannelOrphanWrapper.<init>(ManagedChannelOrphanWrapper.java:53)
	at org.apache.ratis.thirdparty.io.grpc.internal.ManagedChannelOrphanWrapper.<init>(ManagedChannelOrphanWrapper.java:44)
	at org.apache.ratis.thirdparty.io.grpc.internal.AbstractManagedChannelImplBuilder.build(AbstractManagedChannelImplBuilder.java:411)
	at org.apache.hadoop.hdds.scm.XceiverClientGrpc.connectToDatanode(XceiverClientGrpc.java:183)
	at org.apache.hadoop.hdds.scm.XceiverClientGrpc.reconnect(XceiverClientGrpc.java:434)
	at org.apache.hadoop.hdds.scm.XceiverClientGrpc.sendCommandAsync(XceiverClientGrpc.java:382)
	at org.apache.hadoop.hdds.scm.XceiverClientGrpc.sendCommandWithRetry(XceiverClientGrpc.java:295)
	at org.apache.hadoop.hdds.scm.XceiverClientGrpc.sendCommandWithTraceIDAndRetry(XceiverClientGrpc.java:259)
	at org.apache.hadoop.hdds.scm.XceiverClientGrpc.sendCommand(XceiverClientGrpc.java:242)
	at org.apache.hadoop.hdds.scm.storage.ContainerProtocolCalls.getBlock(ContainerProtocolCalls.java:118)
	at org.apache.hadoop.hdds.scm.storage.BlockInputStream.getChunkInfos(BlockInputStream.java:169)
	at org.apache.hadoop.hdds.scm.storage.BlockInputStream.initialize(BlockInputStream.java:118)
	at org.apache.hadoop.hdds.scm.storage.BlockInputStream.read(BlockInputStream.java:224)
	at org.apache.hadoop.ozone.client.io.KeyInputStream.read(KeyInputStream.java:173)
	at org.apache.hadoop.ozone.client.io.OzoneInputStream.read(OzoneInputStream.java:47)
	at java.io.InputStream.read(InputStream.java:101)
	at org.apache.hadoop.ozone.container.ContainerTestHelper.validateData(ContainerTestHelper.java:715)
	at org.apache.hadoop.ozone.client.rpc.TestBlockOutputStreamWithFailures.validateData(TestBlockOutputStreamWithFailures.java:1216)
	at org.apache.hadoop.ozone.client.rpc.TestBlockOutputStreamWithFailures.testDatanodeFailureWithSingleNodeRatis(TestBlockOutputStreamWithFailures.java:1058)
	at sun.reflect.NativeMethodAccessorImpl.invoke0(Native Method)
	at sun.reflect.NativeMethodAccessorImpl.invoke(NativeMethodAccessorImpl.java:62)
	at sun.reflect.DelegatingMethodAccessorImpl.invoke(DelegatingMethodAccessorImpl.java:43)
	at java.lang.reflect.Method.invoke(Method.java:498)
	at org.junit.runners.model.FrameworkMethod$1.runReflectiveCall(FrameworkMethod.java:47)
	at org.junit.internal.runners.model.ReflectiveCallable.run(ReflectiveCallable.java:12)
	at org.junit.runners.model.FrameworkMethod.invokeExplosively(FrameworkMethod.java:44)
	at org.junit.internal.runners.statements.InvokeMethod.evaluate(InvokeMethod.java:17)
	at org.junit.internal.runners.statements.RunBefores.evaluate(RunBefores.java:26)
	at org.junit.internal.runners.statements.RunAfters.evaluate(RunAfters.java:27)
	at org.junit.runners.ParentRunner.runLeaf(ParentRunner.java:271)
	at org.junit.runners.BlockJUnit4ClassRunner.runChild(BlockJUnit4ClassRunner.java:70)
	at org.junit.runners.BlockJUnit4ClassRunner.runChild(BlockJUnit4ClassRunner.java:50)
	at org.junit.runners.ParentRunner$3.run(ParentRunner.java:238)
	at org.junit.runners.ParentRunner$1.schedule(ParentRunner.java:63)
	at org.junit.runners.ParentRunner.runChildren(ParentRunner.java:236)
	at org.junit.runners.ParentRunner.access$000(ParentRunner.java:53)
	at org.junit.runners.ParentRunner$2.evaluate(ParentRunner.java:229)
	at org.junit.runners.ParentRunner.run(ParentRunner.java:309)
	at org.apache.maven.surefire.junit4.JUnit4Provider.execute(JUnit4Provider.java:365)
	at org.apache.maven.surefire.junit4.JUnit4Provider.executeWithRerun(JUnit4Provider.java:273)
	at org.apache.maven.surefire.junit4.JUnit4Provider.executeTestSet(JUnit4Provider.java:238)
	at org.apache.maven.surefire.junit4.JUnit4Provider.invoke(JUnit4Provider.java:159)
	at org.apache.maven.surefire.booter.ForkedBooter.invokeProviderInSameClassLoader(ForkedBooter.java:384)
	at org.apache.maven.surefire.booter.ForkedBooter.runSuitesInProcess(ForkedBooter.java:345)
	at org.apache.maven.surefire.booter.ForkedBooter.execute(ForkedBooter.java:126)
	at org.apache.maven.surefire.booter.ForkedBooter.main(ForkedBooter.java:418)

Oct 15, 2019 10:50:09 PM org.apache.ratis.thirdparty.io.grpc.internal.SerializingExecutor run
SEVERE: Exception while executing runnable org.apache.ratis.thirdparty.io.grpc.internal.ServerImpl$JumpToApplicationThreadServerStreamListener$1Closed@184f4ba0
org.apache.ratis.thirdparty.io.grpc.StatusRuntimeException: CANCELLED: call already cancelled
	at org.apache.ratis.thirdparty.io.grpc.Status.asRuntimeException(Status.java:517)
	at org.apache.ratis.thirdparty.io.grpc.stub.ServerCalls$ServerCallStreamObserverImpl.onCompleted(ServerCalls.java:356)
	at org.apache.ratis.grpc.server.GrpcServerProtocolService$ServerRequestStreamObserver.onError(GrpcServerProtocolService.java:121)
	at org.apache.ratis.thirdparty.io.grpc.stub.ServerCalls$StreamingServerCallHandler$StreamingServerCallListener.onCancel(ServerCalls.java:269)
	at org.apache.ratis.thirdparty.io.grpc.internal.ServerCallImpl$ServerStreamListenerImpl.closed(ServerCallImpl.java:293)
	at org.apache.ratis.thirdparty.io.grpc.internal.ServerImpl$JumpToApplicationThreadServerStreamListener$1Closed.runInContext(ServerImpl.java:741)
	at org.apache.ratis.thirdparty.io.grpc.internal.ContextRunnable.run(ContextRunnable.java:37)
	at org.apache.ratis.thirdparty.io.grpc.internal.SerializingExecutor.run(SerializingExecutor.java:123)
	at java.util.concurrent.ThreadPoolExecutor.runWorker(ThreadPoolExecutor.java:1149)
	at java.util.concurrent.ThreadPoolExecutor$Worker.run(ThreadPoolExecutor.java:624)
	at java.lang.Thread.run(Thread.java:748)

Oct 15, 2019 10:50:15 PM org.apache.ratis.thirdparty.io.grpc.internal.SerializingExecutor run
SEVERE: Exception while executing runnable org.apache.ratis.thirdparty.io.grpc.internal.ServerImpl$JumpToApplicationThreadServerStreamListener$1Closed@4db4fdac
org.apache.ratis.thirdparty.io.grpc.StatusRuntimeException: CANCELLED: call already cancelled
	at org.apache.ratis.thirdparty.io.grpc.Status.asRuntimeException(Status.java:517)
	at org.apache.ratis.thirdparty.io.grpc.stub.ServerCalls$ServerCallStreamObserverImpl.onCompleted(ServerCalls.java:356)
	at org.apache.ratis.grpc.server.GrpcServerProtocolService$ServerRequestStreamObserver.onError(GrpcServerProtocolService.java:121)
	at org.apache.ratis.thirdparty.io.grpc.stub.ServerCalls$StreamingServerCallHandler$StreamingServerCallListener.onCancel(ServerCalls.java:269)
	at org.apache.ratis.thirdparty.io.grpc.internal.ServerCallImpl$ServerStreamListenerImpl.closed(ServerCallImpl.java:293)
	at org.apache.ratis.thirdparty.io.grpc.internal.ServerImpl$JumpToApplicationThreadServerStreamListener$1Closed.runInContext(ServerImpl.java:741)
	at org.apache.ratis.thirdparty.io.grpc.internal.ContextRunnable.run(ContextRunnable.java:37)
	at org.apache.ratis.thirdparty.io.grpc.internal.SerializingExecutor.run(SerializingExecutor.java:123)
	at java.util.concurrent.ThreadPoolExecutor.runWorker(ThreadPoolExecutor.java:1149)
	at java.util.concurrent.ThreadPoolExecutor$Worker.run(ThreadPoolExecutor.java:624)
	at java.lang.Thread.run(Thread.java:748)

]]></system-err>
  </testcase>
  <testcase name="testFailureWithPrimeSizedData" classname="org.apache.hadoop.ozone.client.rpc.TestBlockOutputStreamWithFailures" time="45.424"/>
  <testcase name="testWatchForCommitWithCloseContainerException" classname="org.apache.hadoop.ozone.client.rpc.TestBlockOutputStreamWithFailures" time="35.82"/>
  <testcase name="testExceptionDuringClose" classname="org.apache.hadoop.ozone.client.rpc.TestBlockOutputStreamWithFailures" time="41.294"/>
</testsuite>