<?xml version="1.0" encoding="UTF-8"?>
<testsuite xmlns:xsi="http://www.w3.org/2001/XMLSchema-instance" xsi:noNamespaceSchemaLocation="https://maven.apache.org/surefire/maven-surefire-plugin/xsd/surefire-test-report.xsd" name="org.apache.hadoop.ozone.client.rpc.TestWatchForCommit" time="242.296" tests="5" errors="1" skipped="0" failures="1">
  <properties>
    <property name="awt.toolkit" value="sun.awt.X11.XToolkit"/>
    <property name="file.encoding.pkg" value="sun.io"/>
    <property name="java.specification.version" value="1.8"/>
    <property name="sun.cpu.isalist" value=""/>
    <property name="sun.jnu.encoding" value="UTF-8"/>
    <property name="java.class.path" value="/workdir/hadoop-ozone/integration-test/target/test-classes:/workdir/hadoop-ozone/integration-test/target/classes:/home/user/.m2/repository/org/apache/hadoop/hadoop-ozone-common/0.5.0-SNAPSHOT/hadoop-ozone-common-0.5.0-SNAPSHOT.jar:/home/user/.m2/repository/org/apache/commons/commons-compress/1.4.1/commons-compress-1.4.1.jar:/home/user/.m2/repository/org/tukaani/xz/1.0/xz-1.0.jar:/home/user/.m2/repository/org/apache/hadoop/hadoop-common/3.2.0/hadoop-common-3.2.0.jar:/home/user/.m2/repository/org/apache/hadoop/hadoop-hdfs/3.2.0/hadoop-hdfs-3.2.0.jar:/home/user/.m2/repository/org/apache/hadoop/hadoop-hdfs-client/3.2.0/hadoop-hdfs-client-3.2.0.jar:/home/user/.m2/repository/com/fasterxml/jackson/core/jackson-annotations/2.9.9/jackson-annotations-2.9.9.jar:/home/user/.m2/repository/org/apache/hadoop/hadoop-hdds-common/0.5.0-SNAPSHOT/hadoop-hdds-common-0.5.0-SNAPSHOT.jar:/home/user/.m2/repository/javax/annotation/javax.annotation-api/1.2/javax.annotation-api-1.2.jar:/home/user/.m2/repository/org/apache/ratis/ratis-server/0.5.0-201fc85-SNAPSHOT/ratis-server-0.5.0-201fc85-SNAPSHOT.jar:/home/user/.m2/repository/org/apache/ratis/ratis-thirdparty-misc/0.2.0/ratis-thirdparty-misc-0.2.0.jar:/home/user/.m2/repository/org/apache/ratis/ratis-proto/0.5.0-201fc85-SNAPSHOT/ratis-proto-0.5.0-201fc85-SNAPSHOT.jar:/home/user/.m2/repository/org/apache/ratis/ratis-common/0.5.0-201fc85-SNAPSHOT/ratis-common-0.5.0-201fc85-SNAPSHOT.jar:/home/user/.m2/repository/org/apache/ratis/ratis-client/0.5.0-201fc85-SNAPSHOT/ratis-client-0.5.0-201fc85-SNAPSHOT.jar:/home/user/.m2/repository/org/apache/ratis/ratis-metrics/0.5.0-201fc85-SNAPSHOT/ratis-metrics-0.5.0-201fc85-SNAPSHOT.jar:/home/user/.m2/repository/com/github/joshelser/dropwizard-metrics-hadoop-metrics2-reporter/0.1.2/dropwizard-metrics-hadoop-metrics2-reporter-0.1.2.jar:/home/user/.m2/repository/io/dropwizard/metrics/metrics-jvm/3.2.5/metrics-jvm-3.2.5.jar:/home/user/.m2/repository/io/dropwizard/metrics/metrics-ganglia/3.2.5/metrics-ganglia-3.2.5.jar:/home/user/.m2/repository/info/ganglia/gmetric4j/gmetric4j/1.0.7/gmetric4j-1.0.7.jar:/home/user/.m2/repository/org/apache/ratis/ratis-netty/0.5.0-201fc85-SNAPSHOT/ratis-netty-0.5.0-201fc85-SNAPSHOT.jar:/home/user/.m2/repository/org/apache/ratis/ratis-grpc/0.5.0-201fc85-SNAPSHOT/ratis-grpc-0.5.0-201fc85-SNAPSHOT.jar:/home/user/.m2/repository/org/rocksdb/rocksdbjni/6.0.1/rocksdbjni-6.0.1.jar:/home/user/.m2/repository/org/apache/logging/log4j/log4j-api/2.11.0/log4j-api-2.11.0.jar:/home/user/.m2/repository/org/apache/logging/log4j/log4j-core/2.11.0/log4j-core-2.11.0.jar:/home/user/.m2/repository/com/lmax/disruptor/3.4.2/disruptor-3.4.2.jar:/home/user/.m2/repository/org/apache/commons/commons-pool2/2.6.0/commons-pool2-2.6.0.jar:/home/user/.m2/repository/org/bouncycastle/bcpkix-jdk15on/1.60/bcpkix-jdk15on-1.60.jar:/home/user/.m2/repository/commons-validator/commons-validator/1.6/commons-validator-1.6.jar:/home/user/.m2/repository/commons-digester/commons-digester/1.8.1/commons-digester-1.8.1.jar:/home/user/.m2/repository/io/jaegertracing/jaeger-client/0.34.0/jaeger-client-0.34.0.jar:/home/user/.m2/repository/io/jaegertracing/jaeger-thrift/0.34.0/jaeger-thrift-0.34.0.jar:/home/user/.m2/repository/org/apache/thrift/libthrift/0.12.0/libthrift-0.12.0.jar:/home/user/.m2/repository/com/squareup/okhttp3/okhttp/3.9.0/okhttp-3.9.0.jar:/home/user/.m2/repository/com/squareup/okio/okio/1.13.0/okio-1.13.0.jar:/home/user/.m2/repository/io/jaegertracing/jaeger-core/0.34.0/jaeger-core-0.34.0.jar:/home/user/.m2/repository/io/jaegertracing/jaeger-tracerresolver/0.34.0/jaeger-tracerresolver-0.34.0.jar:/home/user/.m2/repository/io/opentracing/contrib/opentracing-tracerresolver/0.1.5/opentracing-tracerresolver-0.1.5.jar:/home/user/.m2/repository/io/opentracing/opentracing-util/0.31.0/opentracing-util-0.31.0.jar:/home/user/.m2/repository/io/opentracing/opentracing-api/0.31.0/opentracing-api-0.31.0.jar:/home/user/.m2/repository/io/opentracing/opentracing-noop/0.31.0/opentracing-noop-0.31.0.jar:/home/user/.m2/repository/org/apache/hadoop/hadoop-hdds-server-framework/0.5.0-SNAPSHOT/hadoop-hdds-server-framework-0.5.0-SNAPSHOT.jar:/home/user/.m2/repository/org/apache/hadoop/hadoop-hdds-container-service/0.5.0-SNAPSHOT/hadoop-hdds-container-service-0.5.0-SNAPSHOT.jar:/home/user/.m2/repository/org/apache/hadoop/hadoop-hdds-client/0.5.0-SNAPSHOT/hadoop-hdds-client-0.5.0-SNAPSHOT.jar:/home/user/.m2/repository/org/apache/hadoop/hadoop-hdds-tools/0.5.0-SNAPSHOT/hadoop-hdds-tools-0.5.0-SNAPSHOT.jar:/home/user/.m2/repository/org/apache/hadoop/hadoop-hdds-server-scm/0.5.0-SNAPSHOT/hadoop-hdds-server-scm-0.5.0-SNAPSHOT.jar:/home/user/.m2/repository/org/apache/hadoop/hadoop-hdds-docs/0.5.0-SNAPSHOT/hadoop-hdds-docs-0.5.0-SNAPSHOT.jar:/home/user/.m2/repository/io/dropwizard/metrics/metrics-core/3.2.4/metrics-core-3.2.4.jar:/home/user/.m2/repository/org/hamcrest/hamcrest-all/1.3/hamcrest-all-1.3.jar:/home/user/.m2/repository/org/bouncycastle/bcprov-jdk15on/1.60/bcprov-jdk15on-1.60.jar:/home/user/.m2/repository/info/picocli/picocli/3.9.6/picocli-3.9.6.jar:/home/user/.m2/repository/com/google/protobuf/protobuf-java/2.5.0/protobuf-java-2.5.0.jar:/home/user/.m2/repository/com/google/guava/guava/11.0.2/guava-11.0.2.jar:/home/user/.m2/repository/org/apache/hadoop/hadoop-ozone-ozone-manager/0.5.0-SNAPSHOT/hadoop-ozone-ozone-manager-0.5.0-SNAPSHOT.jar:/home/user/.m2/repository/org/apache/hadoop/hadoop-minikdc/3.2.0/hadoop-minikdc-3.2.0.jar:/home/user/.m2/repository/commons-io/commons-io/2.5/commons-io-2.5.jar:/home/user/.m2/repository/org/apache/kerby/kerb-simplekdc/1.0.1/kerb-simplekdc-1.0.1.jar:/home/user/.m2/repository/org/apache/kerby/kerb-client/1.0.1/kerb-client-1.0.1.jar:/home/user/.m2/repository/org/apache/kerby/kerby-config/1.0.1/kerby-config-1.0.1.jar:/home/user/.m2/repository/org/apache/kerby/kerb-core/1.0.1/kerb-core-1.0.1.jar:/home/user/.m2/repository/org/apache/kerby/kerby-pkix/1.0.1/kerby-pkix-1.0.1.jar:/home/user/.m2/repository/org/apache/kerby/kerby-asn1/1.0.1/kerby-asn1-1.0.1.jar:/home/user/.m2/repository/org/apache/kerby/kerby-util/1.0.1/kerby-util-1.0.1.jar:/home/user/.m2/repository/org/apache/kerby/kerb-common/1.0.1/kerb-common-1.0.1.jar:/home/user/.m2/repository/org/apache/kerby/kerb-crypto/1.0.1/kerb-crypto-1.0.1.jar:/home/user/.m2/repository/org/apache/kerby/kerb-util/1.0.1/kerb-util-1.0.1.jar:/home/user/.m2/repository/org/apache/kerby/token-provider/1.0.1/token-provider-1.0.1.jar:/home/user/.m2/repository/org/apache/kerby/kerb-admin/1.0.1/kerb-admin-1.0.1.jar:/home/user/.m2/repository/org/apache/kerby/kerb-server/1.0.1/kerb-server-1.0.1.jar:/home/user/.m2/repository/org/apache/kerby/kerb-identity/1.0.1/kerb-identity-1.0.1.jar:/home/user/.m2/repository/org/apache/kerby/kerby-xdr/1.0.1/kerby-xdr-1.0.1.jar:/home/user/.m2/repository/org/slf4j/slf4j-log4j12/1.7.25/slf4j-log4j12-1.7.25.jar:/home/user/.m2/repository/org/apache/hadoop/hadoop-ozone-s3gateway/0.5.0-SNAPSHOT/hadoop-ozone-s3gateway-0.5.0-SNAPSHOT.jar:/home/user/.m2/repository/org/jboss/weld/servlet/weld-servlet/2.4.7.Final/weld-servlet-2.4.7.Final.jar:/home/user/.m2/repository/org/glassfish/jersey/containers/jersey-container-servlet-core/2.27/jersey-container-servlet-core-2.27.jar:/home/user/.m2/repository/org/glassfish/hk2/external/javax.inject/2.5.0-b42/javax.inject-2.5.0-b42.jar:/home/user/.m2/repository/org/glassfish/jersey/core/jersey-common/2.27/jersey-common-2.27.jar:/home/user/.m2/repository/org/glassfish/hk2/osgi-resource-locator/1.0.1/osgi-resource-locator-1.0.1.jar:/home/user/.m2/repository/javax/ws/rs/javax.ws.rs-api/2.1/javax.ws.rs-api-2.1.jar:/home/user/.m2/repository/org/glassfish/jersey/ext/cdi/jersey-cdi1x/2.27/jersey-cdi1x-2.27.jar:/home/user/.m2/repository/org/glassfish/jersey/inject/jersey-hk2/2.27/jersey-hk2-2.27.jar:/home/user/.m2/repository/org/glassfish/hk2/hk2-locator/2.5.0-b42/hk2-locator-2.5.0-b42.jar:/home/user/.m2/repository/org/javassist/javassist/3.22.0-CR2/javassist-3.22.0-CR2.jar:/home/user/.m2/repository/org/glassfish/hk2/hk2-api/2.5.0/hk2-api-2.5.0.jar:/home/user/.m2/repository/org/glassfish/hk2/external/jakarta.inject/2.5.0/jakarta.inject-2.5.0.jar:/home/user/.m2/repository/org/glassfish/hk2/hk2-utils/2.5.0/hk2-utils-2.5.0.jar:/home/user/.m2/repository/jakarta/annotation/jakarta.annotation-api/1.3.4/jakarta.annotation-api-1.3.4.jar:/home/user/.m2/repository/org/glassfish/hk2/external/aopalliance-repackaged/2.5.0/aopalliance-repackaged-2.5.0.jar:/home/user/.m2/repository/com/fasterxml/jackson/dataformat/jackson-dataformat-xml/2.9.0/jackson-dataformat-xml-2.9.0.jar:/home/user/.m2/repository/com/fasterxml/jackson/core/jackson-core/2.9.9/jackson-core-2.9.9.jar:/home/user/.m2/repository/com/fasterxml/jackson/module/jackson-module-jaxb-annotations/2.9.9/jackson-module-jaxb-annotations-2.9.9.jar:/home/user/.m2/repository/javax/enterprise/cdi-api/1.2/cdi-api-1.2.jar:/home/user/.m2/repository/javax/el/javax.el-api/3.0.0/javax.el-api-3.0.0.jar:/home/user/.m2/repository/javax/interceptor/javax.interceptor-api/1.2/javax.interceptor-api-1.2.jar:/home/user/.m2/repository/javax/inject/javax.inject/1/javax.inject-1.jar:/home/user/.m2/repository/com/sun/xml/bind/jaxb-impl/2.3.0.1/jaxb-impl-2.3.0.1.jar:/home/user/.m2/repository/com/sun/xml/bind/jaxb-core/2.3.0.1/jaxb-core-2.3.0.1.jar:/home/user/.m2/repository/javax/xml/bind/jaxb-api/2.3.0/jaxb-api-2.3.0.jar:/home/user/.m2/repository/javax/activation/activation/1.1.1/activation-1.1.1.jar:/home/user/.m2/repository/org/apache/hadoop/hadoop-ozone-csi/0.5.0-SNAPSHOT/hadoop-ozone-csi-0.5.0-SNAPSHOT.jar:/home/user/.m2/repository/com/google/protobuf/protobuf-java-util/3.5.1/protobuf-java-util-3.5.1.jar:/home/user/.m2/repository/org/apache/hadoop/hadoop-hdds-config/0.5.0-SNAPSHOT/hadoop-hdds-config-0.5.0-SNAPSHOT.jar:/home/user/.m2/repository/io/grpc/grpc-netty/1.17.1/grpc-netty-1.17.1.jar:/home/user/.m2/repository/io/grpc/grpc-core/1.17.1/grpc-core-1.17.1.jar:/home/user/.m2/repository/io/grpc/grpc-context/1.17.1/grpc-context-1.17.1.jar:/home/user/.m2/repository/com/google/errorprone/error_prone_annotations/2.2.0/error_prone_annotations-2.2.0.jar:/home/user/.m2/repository/org/codehaus/mojo/animal-sniffer-annotations/1.17/animal-sniffer-annotations-1.17.jar:/home/user/.m2/repository/io/opencensus/opencensus-api/0.17.0/opencensus-api-0.17.0.jar:/home/user/.m2/repository/io/opencensus/opencensus-contrib-grpc-metrics/0.17.0/opencensus-contrib-grpc-metrics-0.17.0.jar:/home/user/.m2/repository/io/netty/netty-codec-http2/4.1.30.Final/netty-codec-http2-4.1.30.Final.jar:/home/user/.m2/repository/io/netty/netty-codec-http/4.1.30.Final/netty-codec-http-4.1.30.Final.jar:/home/user/.m2/repository/io/netty/netty-codec/4.1.30.Final/netty-codec-4.1.30.Final.jar:/home/user/.m2/repository/io/netty/netty-handler/4.1.30.Final/netty-handler-4.1.30.Final.jar:/home/user/.m2/repository/io/netty/netty-handler-proxy/4.1.30.Final/netty-handler-proxy-4.1.30.Final.jar:/home/user/.m2/repository/io/netty/netty-codec-socks/4.1.30.Final/netty-codec-socks-4.1.30.Final.jar:/home/user/.m2/repository/io/netty/netty-transport-native-epoll/4.1.30.Final/netty-transport-native-epoll-4.1.30.Final.jar:/home/user/.m2/repository/io/netty/netty-common/4.1.30.Final/netty-common-4.1.30.Final.jar:/home/user/.m2/repository/io/netty/netty-buffer/4.1.30.Final/netty-buffer-4.1.30.Final.jar:/home/user/.m2/repository/io/netty/netty-transport/4.1.30.Final/netty-transport-4.1.30.Final.jar:/home/user/.m2/repository/io/netty/netty-resolver/4.1.30.Final/netty-resolver-4.1.30.Final.jar:/home/user/.m2/repository/io/netty/netty-transport-native-unix-common/4.1.30.Final/netty-transport-native-unix-common-4.1.30.Final.jar:/home/user/.m2/repository/io/grpc/grpc-protobuf/1.17.1/grpc-protobuf-1.17.1.jar:/home/user/.m2/repository/com/google/api/grpc/proto-google-common-protos/1.0.0/proto-google-common-protos-1.0.0.jar:/home/user/.m2/repository/io/grpc/grpc-protobuf-lite/1.17.1/grpc-protobuf-lite-1.17.1.jar:/home/user/.m2/repository/io/grpc/grpc-stub/1.17.1/grpc-stub-1.17.1.jar:/home/user/.m2/repository/org/apache/hadoop/hadoop-ozone-recon/0.5.0-SNAPSHOT/hadoop-ozone-recon-0.5.0-SNAPSHOT.jar:/home/user/.m2/repository/org/apache/hadoop/hadoop-ozone-reconcodegen/0.5.0-SNAPSHOT/hadoop-ozone-reconcodegen-0.5.0-SNAPSHOT.jar:/home/user/.m2/repository/com/google/inject/extensions/guice-multibindings/4.0/guice-multibindings-4.0.jar:/home/user/.m2/repository/com/google/inject/guice/4.0/guice-4.0.jar:/home/user/.m2/repository/aopalliance/aopalliance/1.0/aopalliance-1.0.jar:/home/user/.m2/repository/com/google/inject/extensions/guice-servlet/4.0/guice-servlet-4.0.jar:/home/user/.m2/repository/org/glassfish/jersey/containers/jersey-container-servlet/2.27/jersey-container-servlet-2.27.jar:/home/user/.m2/repository/org/glassfish/hk2/guice-bridge/2.5.0/guice-bridge-2.5.0.jar:/home/user/.m2/repository/org/glassfish/jersey/core/jersey-server/2.27/jersey-server-2.27.jar:/home/user/.m2/repository/org/glassfish/jersey/core/jersey-client/2.27/jersey-client-2.27.jar:/home/user/.m2/repository/org/glassfish/jersey/media/jersey-media-jaxb/2.27/jersey-media-jaxb-2.27.jar:/home/user/.m2/repository/javax/validation/validation-api/1.1.0.Final/validation-api-1.1.0.Final.jar:/home/user/.m2/repository/org/glassfish/jersey/media/jersey-media-json-jackson/2.27/jersey-media-json-jackson-2.27.jar:/home/user/.m2/repository/org/glassfish/jersey/ext/jersey-entity-filtering/2.27/jersey-entity-filtering-2.27.jar:/home/user/.m2/repository/com/google/inject/extensions/guice-assistedinject/4.0/guice-assistedinject-4.0.jar:/home/user/.m2/repository/org/jooq/jooq/3.11.10/jooq-3.11.10.jar:/home/user/.m2/repository/org/jooq/jooq-meta/3.11.10/jooq-meta-3.11.10.jar:/home/user/.m2/repository/org/jooq/jooq-codegen/3.11.10/jooq-codegen-3.11.10.jar:/home/user/.m2/repository/com/jolbox/bonecp/0.8.0.RELEASE/bonecp-0.8.0.RELEASE.jar:/home/user/.m2/repository/org/xerial/sqlite-jdbc/3.25.2/sqlite-jdbc-3.25.2.jar:/home/user/.m2/repository/org/springframework/spring-jdbc/5.1.3.RELEASE/spring-jdbc-5.1.3.RELEASE.jar:/home/user/.m2/repository/org/springframework/spring-beans/5.1.3.RELEASE/spring-beans-5.1.3.RELEASE.jar:/home/user/.m2/repository/org/springframework/spring-core/5.1.3.RELEASE/spring-core-5.1.3.RELEASE.jar:/home/user/.m2/repository/org/springframework/spring-jcl/5.1.3.RELEASE/spring-jcl-5.1.3.RELEASE.jar:/home/user/.m2/repository/org/springframework/spring-tx/5.1.3.RELEASE/spring-tx-5.1.3.RELEASE.jar:/home/user/.m2/repository/org/apache/hadoop/hadoop-ozone-client/0.5.0-SNAPSHOT/hadoop-ozone-client-0.5.0-SNAPSHOT.jar:/home/user/.m2/repository/commons-lang/commons-lang/2.6/commons-lang-2.6.jar:/home/user/.m2/repository/org/apache/hadoop/hadoop-ozone-ozone-manager/0.5.0-SNAPSHOT/hadoop-ozone-ozone-manager-0.5.0-SNAPSHOT-tests.jar:/home/user/.m2/repository/junit/junit/4.11/junit-4.11.jar:/home/user/.m2/repository/org/hamcrest/hamcrest-core/1.3/hamcrest-core-1.3.jar:/home/user/.m2/repository/org/openjdk/jmh/jmh-core/1.19/jmh-core-1.19.jar:/home/user/.m2/repository/net/sf/jopt-simple/jopt-simple/4.6/jopt-simple-4.6.jar:/home/user/.m2/repository/org/apache/commons/commons-math3/3.1.1/commons-math3-3.1.1.jar:/home/user/.m2/repository/org/openjdk/jmh/jmh-generator-annprocess/1.19/jmh-generator-annprocess-1.19.jar:/home/user/.m2/repository/org/mockito/mockito-all/1.8.5/mockito-all-1.8.5.jar:/home/user/.m2/repository/org/apache/hadoop/hadoop-kms/3.2.0/hadoop-kms-3.2.0.jar:/home/user/.m2/repository/org/apache/hadoop/hadoop-auth/3.2.0/hadoop-auth-3.2.0.jar:/home/user/.m2/repository/com/nimbusds/nimbus-jose-jwt/4.41.1/nimbus-jose-jwt-4.41.1.jar:/home/user/.m2/repository/com/github/stephenc/jcip/jcip-annotations/1.0-1/jcip-annotations-1.0-1.jar:/home/user/.m2/repository/net/minidev/json-smart/2.3/json-smart-2.3.jar:/home/user/.m2/repository/net/minidev/accessors-smart/1.2/accessors-smart-1.2.jar:/home/user/.m2/repository/org/ow2/asm/asm/5.0.4/asm-5.0.4.jar:/home/user/.m2/repository/org/apache/curator/curator-framework/2.12.0/curator-framework-2.12.0.jar:/home/user/.m2/repository/com/sun/jersey/jersey-core/1.19/jersey-core-1.19.jar:/home/user/.m2/repository/javax/ws/rs/jsr311-api/1.1.1/jsr311-api-1.1.1.jar:/home/user/.m2/repository/com/sun/jersey/jersey-server/1.19/jersey-server-1.19.jar:/home/user/.m2/repository/javax/servlet/javax.servlet-api/3.1.0/javax.servlet-api-3.1.0.jar:/home/user/.m2/repository/org/eclipse/jetty/jetty-server/9.3.25.v20180904/jetty-server-9.3.25.v20180904.jar:/home/user/.m2/repository/org/eclipse/jetty/jetty-http/9.3.25.v20180904/jetty-http-9.3.25.v20180904.jar:/home/user/.m2/repository/org/eclipse/jetty/jetty-io/9.3.25.v20180904/jetty-io-9.3.25.v20180904.jar:/home/user/.m2/repository/org/eclipse/jetty/jetty-webapp/9.3.25.v20180904/jetty-webapp-9.3.25.v20180904.jar:/home/user/.m2/repository/org/eclipse/jetty/jetty-xml/9.3.25.v20180904/jetty-xml-9.3.25.v20180904.jar:/home/user/.m2/repository/log4j/log4j/1.2.17/log4j-1.2.17.jar:/home/user/.m2/repository/org/slf4j/slf4j-api/1.7.25/slf4j-api-1.7.25.jar:/home/user/.m2/repository/org/slf4j/jul-to-slf4j/1.7.25/jul-to-slf4j-1.7.25.jar:/home/user/.m2/repository/org/eclipse/jetty/jetty-util/9.3.25.v20180904/jetty-util-9.3.25.v20180904.jar:/home/user/.m2/repository/com/fasterxml/jackson/core/jackson-databind/2.9.9/jackson-databind-2.9.9.jar:/home/user/.m2/repository/org/apache/hadoop/hadoop-kms/3.2.0/hadoop-kms-3.2.0-tests.jar:/home/user/.m2/repository/org/apache/hadoop/hadoop-hdds-server-scm/0.5.0-SNAPSHOT/hadoop-hdds-server-scm-0.5.0-SNAPSHOT-tests.jar:/home/user/.m2/repository/org/apache/hadoop/hadoop-hdds-container-service/0.5.0-SNAPSHOT/hadoop-hdds-container-service-0.5.0-SNAPSHOT-tests.jar:/home/user/.m2/repository/org/yaml/snakeyaml/1.16/snakeyaml-1.16.jar:/home/user/.m2/repository/org/apache/hadoop/hadoop-common/3.2.0/hadoop-common-3.2.0-tests.jar:/home/user/.m2/repository/org/apache/hadoop/hadoop-annotations/3.2.0/hadoop-annotations-3.2.0.jar:/usr/lib/jvm/java-1.8-openjdk/jre/../lib/tools.jar:/home/user/.m2/repository/commons-cli/commons-cli/1.2/commons-cli-1.2.jar:/home/user/.m2/repository/org/apache/httpcomponents/httpclient/4.5.2/httpclient-4.5.2.jar:/home/user/.m2/repository/org/apache/httpcomponents/httpcore/4.4.4/httpcore-4.4.4.jar:/home/user/.m2/repository/commons-codec/commons-codec/1.11/commons-codec-1.11.jar:/home/user/.m2/repository/commons-net/commons-net/3.6/commons-net-3.6.jar:/home/user/.m2/repository/commons-collections/commons-collections/3.2.2/commons-collections-3.2.2.jar:/home/user/.m2/repository/org/eclipse/jetty/jetty-servlet/9.3.25.v20180904/jetty-servlet-9.3.25.v20180904.jar:/home/user/.m2/repository/org/eclipse/jetty/jetty-security/9.3.25.v20180904/jetty-security-9.3.25.v20180904.jar:/home/user/.m2/repository/javax/servlet/jsp/jsp-api/2.1/jsp-api-2.1.jar:/home/user/.m2/repository/com/sun/jersey/jersey-servlet/1.19/jersey-servlet-1.19.jar:/home/user/.m2/repository/com/sun/jersey/jersey-json/1.19/jersey-json-1.19.jar:/home/user/.m2/repository/org/codehaus/jettison/jettison/1.1/jettison-1.1.jar:/home/user/.m2/repository/org/codehaus/jackson/jackson-core-asl/1.9.13/jackson-core-asl-1.9.13.jar:/home/user/.m2/repository/org/codehaus/jackson/jackson-mapper-asl/1.9.13/jackson-mapper-asl-1.9.13.jar:/home/user/.m2/repository/org/codehaus/jackson/jackson-jaxrs/1.9.13/jackson-jaxrs-1.9.13.jar:/home/user/.m2/repository/org/codehaus/jackson/jackson-xc/1.9.13/jackson-xc-1.9.13.jar:/home/user/.m2/repository/commons-logging/commons-logging/1.1.3/commons-logging-1.1.3.jar:/home/user/.m2/repository/commons-beanutils/commons-beanutils/1.9.4/commons-beanutils-1.9.4.jar:/home/user/.m2/repository/org/apache/commons/commons-configuration2/2.1.1/commons-configuration2-2.1.1.jar:/home/user/.m2/repository/org/apache/commons/commons-lang3/3.7/commons-lang3-3.7.jar:/home/user/.m2/repository/org/apache/commons/commons-text/1.4/commons-text-1.4.jar:/home/user/.m2/repository/org/apache/avro/avro/1.7.7/avro-1.7.7.jar:/home/user/.m2/repository/com/thoughtworks/paranamer/paranamer/2.3/paranamer-2.3.jar:/home/user/.m2/repository/org/xerial/snappy/snappy-java/1.0.5/snappy-java-1.0.5.jar:/home/user/.m2/repository/com/google/re2j/re2j/1.1/re2j-1.1.jar:/home/user/.m2/repository/com/google/code/gson/gson/2.2.4/gson-2.2.4.jar:/home/user/.m2/repository/com/jcraft/jsch/0.1.54/jsch-0.1.54.jar:/home/user/.m2/repository/org/apache/curator/curator-client/2.12.0/curator-client-2.12.0.jar:/home/user/.m2/repository/org/apache/curator/curator-recipes/2.12.0/curator-recipes-2.12.0.jar:/home/user/.m2/repository/com/google/code/findbugs/jsr305/3.0.0/jsr305-3.0.0.jar:/home/user/.m2/repository/org/apache/htrace/htrace-core4/4.1.0-incubating/htrace-core4-4.1.0-incubating.jar:/home/user/.m2/repository/org/apache/zookeeper/zookeeper/3.4.13/zookeeper-3.4.13.jar:/home/user/.m2/repository/jline/jline/0.9.94/jline-0.9.94.jar:/home/user/.m2/repository/org/apache/yetus/audience-annotations/0.5.0/audience-annotations-0.5.0.jar:/home/user/.m2/repository/org/codehaus/woodstox/stax2-api/3.1.4/stax2-api-3.1.4.jar:/home/user/.m2/repository/com/fasterxml/woodstox/woodstox-core/5.0.3/woodstox-core-5.0.3.jar:/home/user/.m2/repository/dnsjava/dnsjava/2.1.7/dnsjava-2.1.7.jar:/home/user/.m2/repository/org/apache/hadoop/hadoop-hdfs/3.2.0/hadoop-hdfs-3.2.0-tests.jar:/home/user/.m2/repository/org/eclipse/jetty/jetty-util-ajax/9.3.25.v20180904/jetty-util-ajax-9.3.25.v20180904.jar:/home/user/.m2/repository/commons-daemon/commons-daemon/1.0.13/commons-daemon-1.0.13.jar:/home/user/.m2/repository/io/netty/netty/3.10.5.Final/netty-3.10.5.Final.jar:/home/user/.m2/repository/io/netty/netty-all/4.0.52.Final/netty-all-4.0.52.Final.jar:/home/user/.m2/repository/org/fusesource/leveldbjni/leveldbjni-all/1.8/leveldbjni-all-1.8.jar:"/>
    <property name="java.vm.vendor" value="IcedTea"/>
    <property name="sun.arch.data.model" value="64"/>
    <property name="test.build.dir" value="/workdir/hadoop-ozone/integration-test/target/test-dir"/>
    <property name="test.cache.data" value=""/>
    <property name="java.vendor.url" value="https://icedtea.classpath.org"/>
    <property name="user.timezone" value=""/>
    <property name="java.vm.specification.version" value="1.8"/>
    <property name="os.name" value="Linux"/>
    <property name="test.build.data" value="/workdir/hadoop-ozone/integration-test/target/test-dir"/>
    <property name="user.country" value="US"/>
    <property name="sun.java.launcher" value="SUN_STANDARD"/>
    <property name="sun.boot.library.path" value="/usr/lib/jvm/java-1.8-openjdk/jre/lib/amd64"/>
    <property name="sun.java.command" value="/workdir/hadoop-ozone/integration-test/target/surefire/surefirebooter8121715700217250469.jar /workdir/hadoop-ozone/integration-test/target/surefire 2019-10-08T20-43-55_116-jvmRun1 surefire5711457223323397090tmp surefire_768632233621490091705tmp"/>
    <property name="test" value="!TestMiniChaosOzoneCluster"/>
    <property name="surefire.test.class.path" value="/workdir/hadoop-ozone/integration-test/target/test-classes:/workdir/hadoop-ozone/integration-test/target/classes:/home/user/.m2/repository/org/apache/hadoop/hadoop-ozone-common/0.5.0-SNAPSHOT/hadoop-ozone-common-0.5.0-SNAPSHOT.jar:/home/user/.m2/repository/org/apache/commons/commons-compress/1.4.1/commons-compress-1.4.1.jar:/home/user/.m2/repository/org/tukaani/xz/1.0/xz-1.0.jar:/home/user/.m2/repository/org/apache/hadoop/hadoop-common/3.2.0/hadoop-common-3.2.0.jar:/home/user/.m2/repository/org/apache/hadoop/hadoop-hdfs/3.2.0/hadoop-hdfs-3.2.0.jar:/home/user/.m2/repository/org/apache/hadoop/hadoop-hdfs-client/3.2.0/hadoop-hdfs-client-3.2.0.jar:/home/user/.m2/repository/com/fasterxml/jackson/core/jackson-annotations/2.9.9/jackson-annotations-2.9.9.jar:/home/user/.m2/repository/org/apache/hadoop/hadoop-hdds-common/0.5.0-SNAPSHOT/hadoop-hdds-common-0.5.0-SNAPSHOT.jar:/home/user/.m2/repository/javax/annotation/javax.annotation-api/1.2/javax.annotation-api-1.2.jar:/home/user/.m2/repository/org/apache/ratis/ratis-server/0.5.0-201fc85-SNAPSHOT/ratis-server-0.5.0-201fc85-SNAPSHOT.jar:/home/user/.m2/repository/org/apache/ratis/ratis-thirdparty-misc/0.2.0/ratis-thirdparty-misc-0.2.0.jar:/home/user/.m2/repository/org/apache/ratis/ratis-proto/0.5.0-201fc85-SNAPSHOT/ratis-proto-0.5.0-201fc85-SNAPSHOT.jar:/home/user/.m2/repository/org/apache/ratis/ratis-common/0.5.0-201fc85-SNAPSHOT/ratis-common-0.5.0-201fc85-SNAPSHOT.jar:/home/user/.m2/repository/org/apache/ratis/ratis-client/0.5.0-201fc85-SNAPSHOT/ratis-client-0.5.0-201fc85-SNAPSHOT.jar:/home/user/.m2/repository/org/apache/ratis/ratis-metrics/0.5.0-201fc85-SNAPSHOT/ratis-metrics-0.5.0-201fc85-SNAPSHOT.jar:/home/user/.m2/repository/com/github/joshelser/dropwizard-metrics-hadoop-metrics2-reporter/0.1.2/dropwizard-metrics-hadoop-metrics2-reporter-0.1.2.jar:/home/user/.m2/repository/io/dropwizard/metrics/metrics-jvm/3.2.5/metrics-jvm-3.2.5.jar:/home/user/.m2/repository/io/dropwizard/metrics/metrics-ganglia/3.2.5/metrics-ganglia-3.2.5.jar:/home/user/.m2/repository/info/ganglia/gmetric4j/gmetric4j/1.0.7/gmetric4j-1.0.7.jar:/home/user/.m2/repository/org/apache/ratis/ratis-netty/0.5.0-201fc85-SNAPSHOT/ratis-netty-0.5.0-201fc85-SNAPSHOT.jar:/home/user/.m2/repository/org/apache/ratis/ratis-grpc/0.5.0-201fc85-SNAPSHOT/ratis-grpc-0.5.0-201fc85-SNAPSHOT.jar:/home/user/.m2/repository/org/rocksdb/rocksdbjni/6.0.1/rocksdbjni-6.0.1.jar:/home/user/.m2/repository/org/apache/logging/log4j/log4j-api/2.11.0/log4j-api-2.11.0.jar:/home/user/.m2/repository/org/apache/logging/log4j/log4j-core/2.11.0/log4j-core-2.11.0.jar:/home/user/.m2/repository/com/lmax/disruptor/3.4.2/disruptor-3.4.2.jar:/home/user/.m2/repository/org/apache/commons/commons-pool2/2.6.0/commons-pool2-2.6.0.jar:/home/user/.m2/repository/org/bouncycastle/bcpkix-jdk15on/1.60/bcpkix-jdk15on-1.60.jar:/home/user/.m2/repository/commons-validator/commons-validator/1.6/commons-validator-1.6.jar:/home/user/.m2/repository/commons-digester/commons-digester/1.8.1/commons-digester-1.8.1.jar:/home/user/.m2/repository/io/jaegertracing/jaeger-client/0.34.0/jaeger-client-0.34.0.jar:/home/user/.m2/repository/io/jaegertracing/jaeger-thrift/0.34.0/jaeger-thrift-0.34.0.jar:/home/user/.m2/repository/org/apache/thrift/libthrift/0.12.0/libthrift-0.12.0.jar:/home/user/.m2/repository/com/squareup/okhttp3/okhttp/3.9.0/okhttp-3.9.0.jar:/home/user/.m2/repository/com/squareup/okio/okio/1.13.0/okio-1.13.0.jar:/home/user/.m2/repository/io/jaegertracing/jaeger-core/0.34.0/jaeger-core-0.34.0.jar:/home/user/.m2/repository/io/jaegertracing/jaeger-tracerresolver/0.34.0/jaeger-tracerresolver-0.34.0.jar:/home/user/.m2/repository/io/opentracing/contrib/opentracing-tracerresolver/0.1.5/opentracing-tracerresolver-0.1.5.jar:/home/user/.m2/repository/io/opentracing/opentracing-util/0.31.0/opentracing-util-0.31.0.jar:/home/user/.m2/repository/io/opentracing/opentracing-api/0.31.0/opentracing-api-0.31.0.jar:/home/user/.m2/repository/io/opentracing/opentracing-noop/0.31.0/opentracing-noop-0.31.0.jar:/home/user/.m2/repository/org/apache/hadoop/hadoop-hdds-server-framework/0.5.0-SNAPSHOT/hadoop-hdds-server-framework-0.5.0-SNAPSHOT.jar:/home/user/.m2/repository/org/apache/hadoop/hadoop-hdds-container-service/0.5.0-SNAPSHOT/hadoop-hdds-container-service-0.5.0-SNAPSHOT.jar:/home/user/.m2/repository/org/apache/hadoop/hadoop-hdds-client/0.5.0-SNAPSHOT/hadoop-hdds-client-0.5.0-SNAPSHOT.jar:/home/user/.m2/repository/org/apache/hadoop/hadoop-hdds-tools/0.5.0-SNAPSHOT/hadoop-hdds-tools-0.5.0-SNAPSHOT.jar:/home/user/.m2/repository/org/apache/hadoop/hadoop-hdds-server-scm/0.5.0-SNAPSHOT/hadoop-hdds-server-scm-0.5.0-SNAPSHOT.jar:/home/user/.m2/repository/org/apache/hadoop/hadoop-hdds-docs/0.5.0-SNAPSHOT/hadoop-hdds-docs-0.5.0-SNAPSHOT.jar:/home/user/.m2/repository/io/dropwizard/metrics/metrics-core/3.2.4/metrics-core-3.2.4.jar:/home/user/.m2/repository/org/hamcrest/hamcrest-all/1.3/hamcrest-all-1.3.jar:/home/user/.m2/repository/org/bouncycastle/bcprov-jdk15on/1.60/bcprov-jdk15on-1.60.jar:/home/user/.m2/repository/info/picocli/picocli/3.9.6/picocli-3.9.6.jar:/home/user/.m2/repository/com/google/protobuf/protobuf-java/2.5.0/protobuf-java-2.5.0.jar:/home/user/.m2/repository/com/google/guava/guava/11.0.2/guava-11.0.2.jar:/home/user/.m2/repository/org/apache/hadoop/hadoop-ozone-ozone-manager/0.5.0-SNAPSHOT/hadoop-ozone-ozone-manager-0.5.0-SNAPSHOT.jar:/home/user/.m2/repository/org/apache/hadoop/hadoop-minikdc/3.2.0/hadoop-minikdc-3.2.0.jar:/home/user/.m2/repository/commons-io/commons-io/2.5/commons-io-2.5.jar:/home/user/.m2/repository/org/apache/kerby/kerb-simplekdc/1.0.1/kerb-simplekdc-1.0.1.jar:/home/user/.m2/repository/org/apache/kerby/kerb-client/1.0.1/kerb-client-1.0.1.jar:/home/user/.m2/repository/org/apache/kerby/kerby-config/1.0.1/kerby-config-1.0.1.jar:/home/user/.m2/repository/org/apache/kerby/kerb-core/1.0.1/kerb-core-1.0.1.jar:/home/user/.m2/repository/org/apache/kerby/kerby-pkix/1.0.1/kerby-pkix-1.0.1.jar:/home/user/.m2/repository/org/apache/kerby/kerby-asn1/1.0.1/kerby-asn1-1.0.1.jar:/home/user/.m2/repository/org/apache/kerby/kerby-util/1.0.1/kerby-util-1.0.1.jar:/home/user/.m2/repository/org/apache/kerby/kerb-common/1.0.1/kerb-common-1.0.1.jar:/home/user/.m2/repository/org/apache/kerby/kerb-crypto/1.0.1/kerb-crypto-1.0.1.jar:/home/user/.m2/repository/org/apache/kerby/kerb-util/1.0.1/kerb-util-1.0.1.jar:/home/user/.m2/repository/org/apache/kerby/token-provider/1.0.1/token-provider-1.0.1.jar:/home/user/.m2/repository/org/apache/kerby/kerb-admin/1.0.1/kerb-admin-1.0.1.jar:/home/user/.m2/repository/org/apache/kerby/kerb-server/1.0.1/kerb-server-1.0.1.jar:/home/user/.m2/repository/org/apache/kerby/kerb-identity/1.0.1/kerb-identity-1.0.1.jar:/home/user/.m2/repository/org/apache/kerby/kerby-xdr/1.0.1/kerby-xdr-1.0.1.jar:/home/user/.m2/repository/org/slf4j/slf4j-log4j12/1.7.25/slf4j-log4j12-1.7.25.jar:/home/user/.m2/repository/org/apache/hadoop/hadoop-ozone-s3gateway/0.5.0-SNAPSHOT/hadoop-ozone-s3gateway-0.5.0-SNAPSHOT.jar:/home/user/.m2/repository/org/jboss/weld/servlet/weld-servlet/2.4.7.Final/weld-servlet-2.4.7.Final.jar:/home/user/.m2/repository/org/glassfish/jersey/containers/jersey-container-servlet-core/2.27/jersey-container-servlet-core-2.27.jar:/home/user/.m2/repository/org/glassfish/hk2/external/javax.inject/2.5.0-b42/javax.inject-2.5.0-b42.jar:/home/user/.m2/repository/org/glassfish/jersey/core/jersey-common/2.27/jersey-common-2.27.jar:/home/user/.m2/repository/org/glassfish/hk2/osgi-resource-locator/1.0.1/osgi-resource-locator-1.0.1.jar:/home/user/.m2/repository/javax/ws/rs/javax.ws.rs-api/2.1/javax.ws.rs-api-2.1.jar:/home/user/.m2/repository/org/glassfish/jersey/ext/cdi/jersey-cdi1x/2.27/jersey-cdi1x-2.27.jar:/home/user/.m2/repository/org/glassfish/jersey/inject/jersey-hk2/2.27/jersey-hk2-2.27.jar:/home/user/.m2/repository/org/glassfish/hk2/hk2-locator/2.5.0-b42/hk2-locator-2.5.0-b42.jar:/home/user/.m2/repository/org/javassist/javassist/3.22.0-CR2/javassist-3.22.0-CR2.jar:/home/user/.m2/repository/org/glassfish/hk2/hk2-api/2.5.0/hk2-api-2.5.0.jar:/home/user/.m2/repository/org/glassfish/hk2/external/jakarta.inject/2.5.0/jakarta.inject-2.5.0.jar:/home/user/.m2/repository/org/glassfish/hk2/hk2-utils/2.5.0/hk2-utils-2.5.0.jar:/home/user/.m2/repository/jakarta/annotation/jakarta.annotation-api/1.3.4/jakarta.annotation-api-1.3.4.jar:/home/user/.m2/repository/org/glassfish/hk2/external/aopalliance-repackaged/2.5.0/aopalliance-repackaged-2.5.0.jar:/home/user/.m2/repository/com/fasterxml/jackson/dataformat/jackson-dataformat-xml/2.9.0/jackson-dataformat-xml-2.9.0.jar:/home/user/.m2/repository/com/fasterxml/jackson/core/jackson-core/2.9.9/jackson-core-2.9.9.jar:/home/user/.m2/repository/com/fasterxml/jackson/module/jackson-module-jaxb-annotations/2.9.9/jackson-module-jaxb-annotations-2.9.9.jar:/home/user/.m2/repository/javax/enterprise/cdi-api/1.2/cdi-api-1.2.jar:/home/user/.m2/repository/javax/el/javax.el-api/3.0.0/javax.el-api-3.0.0.jar:/home/user/.m2/repository/javax/interceptor/javax.interceptor-api/1.2/javax.interceptor-api-1.2.jar:/home/user/.m2/repository/javax/inject/javax.inject/1/javax.inject-1.jar:/home/user/.m2/repository/com/sun/xml/bind/jaxb-impl/2.3.0.1/jaxb-impl-2.3.0.1.jar:/home/user/.m2/repository/com/sun/xml/bind/jaxb-core/2.3.0.1/jaxb-core-2.3.0.1.jar:/home/user/.m2/repository/javax/xml/bind/jaxb-api/2.3.0/jaxb-api-2.3.0.jar:/home/user/.m2/repository/javax/activation/activation/1.1.1/activation-1.1.1.jar:/home/user/.m2/repository/org/apache/hadoop/hadoop-ozone-csi/0.5.0-SNAPSHOT/hadoop-ozone-csi-0.5.0-SNAPSHOT.jar:/home/user/.m2/repository/com/google/protobuf/protobuf-java-util/3.5.1/protobuf-java-util-3.5.1.jar:/home/user/.m2/repository/org/apache/hadoop/hadoop-hdds-config/0.5.0-SNAPSHOT/hadoop-hdds-config-0.5.0-SNAPSHOT.jar:/home/user/.m2/repository/io/grpc/grpc-netty/1.17.1/grpc-netty-1.17.1.jar:/home/user/.m2/repository/io/grpc/grpc-core/1.17.1/grpc-core-1.17.1.jar:/home/user/.m2/repository/io/grpc/grpc-context/1.17.1/grpc-context-1.17.1.jar:/home/user/.m2/repository/com/google/errorprone/error_prone_annotations/2.2.0/error_prone_annotations-2.2.0.jar:/home/user/.m2/repository/org/codehaus/mojo/animal-sniffer-annotations/1.17/animal-sniffer-annotations-1.17.jar:/home/user/.m2/repository/io/opencensus/opencensus-api/0.17.0/opencensus-api-0.17.0.jar:/home/user/.m2/repository/io/opencensus/opencensus-contrib-grpc-metrics/0.17.0/opencensus-contrib-grpc-metrics-0.17.0.jar:/home/user/.m2/repository/io/netty/netty-codec-http2/4.1.30.Final/netty-codec-http2-4.1.30.Final.jar:/home/user/.m2/repository/io/netty/netty-codec-http/4.1.30.Final/netty-codec-http-4.1.30.Final.jar:/home/user/.m2/repository/io/netty/netty-codec/4.1.30.Final/netty-codec-4.1.30.Final.jar:/home/user/.m2/repository/io/netty/netty-handler/4.1.30.Final/netty-handler-4.1.30.Final.jar:/home/user/.m2/repository/io/netty/netty-handler-proxy/4.1.30.Final/netty-handler-proxy-4.1.30.Final.jar:/home/user/.m2/repository/io/netty/netty-codec-socks/4.1.30.Final/netty-codec-socks-4.1.30.Final.jar:/home/user/.m2/repository/io/netty/netty-transport-native-epoll/4.1.30.Final/netty-transport-native-epoll-4.1.30.Final.jar:/home/user/.m2/repository/io/netty/netty-common/4.1.30.Final/netty-common-4.1.30.Final.jar:/home/user/.m2/repository/io/netty/netty-buffer/4.1.30.Final/netty-buffer-4.1.30.Final.jar:/home/user/.m2/repository/io/netty/netty-transport/4.1.30.Final/netty-transport-4.1.30.Final.jar:/home/user/.m2/repository/io/netty/netty-resolver/4.1.30.Final/netty-resolver-4.1.30.Final.jar:/home/user/.m2/repository/io/netty/netty-transport-native-unix-common/4.1.30.Final/netty-transport-native-unix-common-4.1.30.Final.jar:/home/user/.m2/repository/io/grpc/grpc-protobuf/1.17.1/grpc-protobuf-1.17.1.jar:/home/user/.m2/repository/com/google/api/grpc/proto-google-common-protos/1.0.0/proto-google-common-protos-1.0.0.jar:/home/user/.m2/repository/io/grpc/grpc-protobuf-lite/1.17.1/grpc-protobuf-lite-1.17.1.jar:/home/user/.m2/repository/io/grpc/grpc-stub/1.17.1/grpc-stub-1.17.1.jar:/home/user/.m2/repository/org/apache/hadoop/hadoop-ozone-recon/0.5.0-SNAPSHOT/hadoop-ozone-recon-0.5.0-SNAPSHOT.jar:/home/user/.m2/repository/org/apache/hadoop/hadoop-ozone-reconcodegen/0.5.0-SNAPSHOT/hadoop-ozone-reconcodegen-0.5.0-SNAPSHOT.jar:/home/user/.m2/repository/com/google/inject/extensions/guice-multibindings/4.0/guice-multibindings-4.0.jar:/home/user/.m2/repository/com/google/inject/guice/4.0/guice-4.0.jar:/home/user/.m2/repository/aopalliance/aopalliance/1.0/aopalliance-1.0.jar:/home/user/.m2/repository/com/google/inject/extensions/guice-servlet/4.0/guice-servlet-4.0.jar:/home/user/.m2/repository/org/glassfish/jersey/containers/jersey-container-servlet/2.27/jersey-container-servlet-2.27.jar:/home/user/.m2/repository/org/glassfish/hk2/guice-bridge/2.5.0/guice-bridge-2.5.0.jar:/home/user/.m2/repository/org/glassfish/jersey/core/jersey-server/2.27/jersey-server-2.27.jar:/home/user/.m2/repository/org/glassfish/jersey/core/jersey-client/2.27/jersey-client-2.27.jar:/home/user/.m2/repository/org/glassfish/jersey/media/jersey-media-jaxb/2.27/jersey-media-jaxb-2.27.jar:/home/user/.m2/repository/javax/validation/validation-api/1.1.0.Final/validation-api-1.1.0.Final.jar:/home/user/.m2/repository/org/glassfish/jersey/media/jersey-media-json-jackson/2.27/jersey-media-json-jackson-2.27.jar:/home/user/.m2/repository/org/glassfish/jersey/ext/jersey-entity-filtering/2.27/jersey-entity-filtering-2.27.jar:/home/user/.m2/repository/com/google/inject/extensions/guice-assistedinject/4.0/guice-assistedinject-4.0.jar:/home/user/.m2/repository/org/jooq/jooq/3.11.10/jooq-3.11.10.jar:/home/user/.m2/repository/org/jooq/jooq-meta/3.11.10/jooq-meta-3.11.10.jar:/home/user/.m2/repository/org/jooq/jooq-codegen/3.11.10/jooq-codegen-3.11.10.jar:/home/user/.m2/repository/com/jolbox/bonecp/0.8.0.RELEASE/bonecp-0.8.0.RELEASE.jar:/home/user/.m2/repository/org/xerial/sqlite-jdbc/3.25.2/sqlite-jdbc-3.25.2.jar:/home/user/.m2/repository/org/springframework/spring-jdbc/5.1.3.RELEASE/spring-jdbc-5.1.3.RELEASE.jar:/home/user/.m2/repository/org/springframework/spring-beans/5.1.3.RELEASE/spring-beans-5.1.3.RELEASE.jar:/home/user/.m2/repository/org/springframework/spring-core/5.1.3.RELEASE/spring-core-5.1.3.RELEASE.jar:/home/user/.m2/repository/org/springframework/spring-jcl/5.1.3.RELEASE/spring-jcl-5.1.3.RELEASE.jar:/home/user/.m2/repository/org/springframework/spring-tx/5.1.3.RELEASE/spring-tx-5.1.3.RELEASE.jar:/home/user/.m2/repository/org/apache/hadoop/hadoop-ozone-client/0.5.0-SNAPSHOT/hadoop-ozone-client-0.5.0-SNAPSHOT.jar:/home/user/.m2/repository/commons-lang/commons-lang/2.6/commons-lang-2.6.jar:/home/user/.m2/repository/org/apache/hadoop/hadoop-ozone-ozone-manager/0.5.0-SNAPSHOT/hadoop-ozone-ozone-manager-0.5.0-SNAPSHOT-tests.jar:/home/user/.m2/repository/junit/junit/4.11/junit-4.11.jar:/home/user/.m2/repository/org/hamcrest/hamcrest-core/1.3/hamcrest-core-1.3.jar:/home/user/.m2/repository/org/openjdk/jmh/jmh-core/1.19/jmh-core-1.19.jar:/home/user/.m2/repository/net/sf/jopt-simple/jopt-simple/4.6/jopt-simple-4.6.jar:/home/user/.m2/repository/org/apache/commons/commons-math3/3.1.1/commons-math3-3.1.1.jar:/home/user/.m2/repository/org/openjdk/jmh/jmh-generator-annprocess/1.19/jmh-generator-annprocess-1.19.jar:/home/user/.m2/repository/org/mockito/mockito-all/1.8.5/mockito-all-1.8.5.jar:/home/user/.m2/repository/org/apache/hadoop/hadoop-kms/3.2.0/hadoop-kms-3.2.0.jar:/home/user/.m2/repository/org/apache/hadoop/hadoop-auth/3.2.0/hadoop-auth-3.2.0.jar:/home/user/.m2/repository/com/nimbusds/nimbus-jose-jwt/4.41.1/nimbus-jose-jwt-4.41.1.jar:/home/user/.m2/repository/com/github/stephenc/jcip/jcip-annotations/1.0-1/jcip-annotations-1.0-1.jar:/home/user/.m2/repository/net/minidev/json-smart/2.3/json-smart-2.3.jar:/home/user/.m2/repository/net/minidev/accessors-smart/1.2/accessors-smart-1.2.jar:/home/user/.m2/repository/org/ow2/asm/asm/5.0.4/asm-5.0.4.jar:/home/user/.m2/repository/org/apache/curator/curator-framework/2.12.0/curator-framework-2.12.0.jar:/home/user/.m2/repository/com/sun/jersey/jersey-core/1.19/jersey-core-1.19.jar:/home/user/.m2/repository/javax/ws/rs/jsr311-api/1.1.1/jsr311-api-1.1.1.jar:/home/user/.m2/repository/com/sun/jersey/jersey-server/1.19/jersey-server-1.19.jar:/home/user/.m2/repository/javax/servlet/javax.servlet-api/3.1.0/javax.servlet-api-3.1.0.jar:/home/user/.m2/repository/org/eclipse/jetty/jetty-server/9.3.25.v20180904/jetty-server-9.3.25.v20180904.jar:/home/user/.m2/repository/org/eclipse/jetty/jetty-http/9.3.25.v20180904/jetty-http-9.3.25.v20180904.jar:/home/user/.m2/repository/org/eclipse/jetty/jetty-io/9.3.25.v20180904/jetty-io-9.3.25.v20180904.jar:/home/user/.m2/repository/org/eclipse/jetty/jetty-webapp/9.3.25.v20180904/jetty-webapp-9.3.25.v20180904.jar:/home/user/.m2/repository/org/eclipse/jetty/jetty-xml/9.3.25.v20180904/jetty-xml-9.3.25.v20180904.jar:/home/user/.m2/repository/log4j/log4j/1.2.17/log4j-1.2.17.jar:/home/user/.m2/repository/org/slf4j/slf4j-api/1.7.25/slf4j-api-1.7.25.jar:/home/user/.m2/repository/org/slf4j/jul-to-slf4j/1.7.25/jul-to-slf4j-1.7.25.jar:/home/user/.m2/repository/org/eclipse/jetty/jetty-util/9.3.25.v20180904/jetty-util-9.3.25.v20180904.jar:/home/user/.m2/repository/com/fasterxml/jackson/core/jackson-databind/2.9.9/jackson-databind-2.9.9.jar:/home/user/.m2/repository/org/apache/hadoop/hadoop-kms/3.2.0/hadoop-kms-3.2.0-tests.jar:/home/user/.m2/repository/org/apache/hadoop/hadoop-hdds-server-scm/0.5.0-SNAPSHOT/hadoop-hdds-server-scm-0.5.0-SNAPSHOT-tests.jar:/home/user/.m2/repository/org/apache/hadoop/hadoop-hdds-container-service/0.5.0-SNAPSHOT/hadoop-hdds-container-service-0.5.0-SNAPSHOT-tests.jar:/home/user/.m2/repository/org/yaml/snakeyaml/1.16/snakeyaml-1.16.jar:/home/user/.m2/repository/org/apache/hadoop/hadoop-common/3.2.0/hadoop-common-3.2.0-tests.jar:/home/user/.m2/repository/org/apache/hadoop/hadoop-annotations/3.2.0/hadoop-annotations-3.2.0.jar:/usr/lib/jvm/java-1.8-openjdk/jre/../lib/tools.jar:/home/user/.m2/repository/commons-cli/commons-cli/1.2/commons-cli-1.2.jar:/home/user/.m2/repository/org/apache/httpcomponents/httpclient/4.5.2/httpclient-4.5.2.jar:/home/user/.m2/repository/org/apache/httpcomponents/httpcore/4.4.4/httpcore-4.4.4.jar:/home/user/.m2/repository/commons-codec/commons-codec/1.11/commons-codec-1.11.jar:/home/user/.m2/repository/commons-net/commons-net/3.6/commons-net-3.6.jar:/home/user/.m2/repository/commons-collections/commons-collections/3.2.2/commons-collections-3.2.2.jar:/home/user/.m2/repository/org/eclipse/jetty/jetty-servlet/9.3.25.v20180904/jetty-servlet-9.3.25.v20180904.jar:/home/user/.m2/repository/org/eclipse/jetty/jetty-security/9.3.25.v20180904/jetty-security-9.3.25.v20180904.jar:/home/user/.m2/repository/javax/servlet/jsp/jsp-api/2.1/jsp-api-2.1.jar:/home/user/.m2/repository/com/sun/jersey/jersey-servlet/1.19/jersey-servlet-1.19.jar:/home/user/.m2/repository/com/sun/jersey/jersey-json/1.19/jersey-json-1.19.jar:/home/user/.m2/repository/org/codehaus/jettison/jettison/1.1/jettison-1.1.jar:/home/user/.m2/repository/org/codehaus/jackson/jackson-core-asl/1.9.13/jackson-core-asl-1.9.13.jar:/home/user/.m2/repository/org/codehaus/jackson/jackson-mapper-asl/1.9.13/jackson-mapper-asl-1.9.13.jar:/home/user/.m2/repository/org/codehaus/jackson/jackson-jaxrs/1.9.13/jackson-jaxrs-1.9.13.jar:/home/user/.m2/repository/org/codehaus/jackson/jackson-xc/1.9.13/jackson-xc-1.9.13.jar:/home/user/.m2/repository/commons-logging/commons-logging/1.1.3/commons-logging-1.1.3.jar:/home/user/.m2/repository/commons-beanutils/commons-beanutils/1.9.4/commons-beanutils-1.9.4.jar:/home/user/.m2/repository/org/apache/commons/commons-configuration2/2.1.1/commons-configuration2-2.1.1.jar:/home/user/.m2/repository/org/apache/commons/commons-lang3/3.7/commons-lang3-3.7.jar:/home/user/.m2/repository/org/apache/commons/commons-text/1.4/commons-text-1.4.jar:/home/user/.m2/repository/org/apache/avro/avro/1.7.7/avro-1.7.7.jar:/home/user/.m2/repository/com/thoughtworks/paranamer/paranamer/2.3/paranamer-2.3.jar:/home/user/.m2/repository/org/xerial/snappy/snappy-java/1.0.5/snappy-java-1.0.5.jar:/home/user/.m2/repository/com/google/re2j/re2j/1.1/re2j-1.1.jar:/home/user/.m2/repository/com/google/code/gson/gson/2.2.4/gson-2.2.4.jar:/home/user/.m2/repository/com/jcraft/jsch/0.1.54/jsch-0.1.54.jar:/home/user/.m2/repository/org/apache/curator/curator-client/2.12.0/curator-client-2.12.0.jar:/home/user/.m2/repository/org/apache/curator/curator-recipes/2.12.0/curator-recipes-2.12.0.jar:/home/user/.m2/repository/com/google/code/findbugs/jsr305/3.0.0/jsr305-3.0.0.jar:/home/user/.m2/repository/org/apache/htrace/htrace-core4/4.1.0-incubating/htrace-core4-4.1.0-incubating.jar:/home/user/.m2/repository/org/apache/zookeeper/zookeeper/3.4.13/zookeeper-3.4.13.jar:/home/user/.m2/repository/jline/jline/0.9.94/jline-0.9.94.jar:/home/user/.m2/repository/org/apache/yetus/audience-annotations/0.5.0/audience-annotations-0.5.0.jar:/home/user/.m2/repository/org/codehaus/woodstox/stax2-api/3.1.4/stax2-api-3.1.4.jar:/home/user/.m2/repository/com/fasterxml/woodstox/woodstox-core/5.0.3/woodstox-core-5.0.3.jar:/home/user/.m2/repository/dnsjava/dnsjava/2.1.7/dnsjava-2.1.7.jar:/home/user/.m2/repository/org/apache/hadoop/hadoop-hdfs/3.2.0/hadoop-hdfs-3.2.0-tests.jar:/home/user/.m2/repository/org/eclipse/jetty/jetty-util-ajax/9.3.25.v20180904/jetty-util-ajax-9.3.25.v20180904.jar:/home/user/.m2/repository/commons-daemon/commons-daemon/1.0.13/commons-daemon-1.0.13.jar:/home/user/.m2/repository/io/netty/netty/3.10.5.Final/netty-3.10.5.Final.jar:/home/user/.m2/repository/io/netty/netty-all/4.0.52.Final/netty-all-4.0.52.Final.jar:/home/user/.m2/repository/org/fusesource/leveldbjni/leveldbjni-all/1.8/leveldbjni-all-1.8.jar:"/>
    <property name="sun.cpu.endian" value="little"/>
    <property name="user.home" value="/home/user"/>
    <property name="user.language" value="en"/>
    <property name="java.specification.vendor" value="Oracle Corporation"/>
    <property name="java.home" value="/usr/lib/jvm/java-1.8-openjdk/jre"/>
    <property name="java.security.krb5.conf" value="/workdir/hadoop-ozone/integration-test/target/test-classes/krb5.conf"/>
    <property name="basedir" value="/workdir/hadoop-ozone/integration-test"/>
    <property name="file.separator" value="/"/>
    <property name="line.separator" value="&#10;"/>
    <property name="java.vm.specification.vendor" value="Oracle Corporation"/>
    <property name="java.specification.name" value="Java Platform API Specification"/>
    <property name="java.awt.graphicsenv" value="sun.awt.X11GraphicsEnvironment"/>
    <property name="surefire.real.class.path" value="/workdir/hadoop-ozone/integration-test/target/surefire/surefirebooter8121715700217250469.jar"/>
    <property name="hadoop.log.dir" value="/workdir/hadoop-ozone/integration-test/target/log"/>
    <property name="sun.boot.class.path" value="/usr/lib/jvm/java-1.8-openjdk/jre/lib/resources.jar:/usr/lib/jvm/java-1.8-openjdk/jre/lib/rt.jar:/usr/lib/jvm/java-1.8-openjdk/jre/lib/sunrsasign.jar:/usr/lib/jvm/java-1.8-openjdk/jre/lib/jsse.jar:/usr/lib/jvm/java-1.8-openjdk/jre/lib/jce.jar:/usr/lib/jvm/java-1.8-openjdk/jre/lib/charsets.jar:/usr/lib/jvm/java-1.8-openjdk/jre/lib/jfr.jar:/usr/lib/jvm/java-1.8-openjdk/jre/classes"/>
    <property name="sun.management.compiler" value="HotSpot 64-Bit Tiered Compilers"/>
    <property name="java.runtime.version" value="1.8.0_212-b04"/>
    <property name="java.net.preferIPv4Stack" value="true"/>
    <property name="user.name" value="jenkins1000"/>
    <property name="path.separator" value=":"/>
    <property name="java.security.egd" value="file:///dev/urandom"/>
    <property name="os.version" value="3.10.0-957.12.2.el7.x86_64"/>
    <property name="java.endorsed.dirs" value="/usr/lib/jvm/java-1.8-openjdk/jre/lib/endorsed"/>
    <property name="java.runtime.name" value="OpenJDK Runtime Environment"/>
    <property name="file.encoding" value="UTF-8"/>
    <property name="java.vm.name" value="OpenJDK 64-Bit Server VM"/>
    <property name="test.build.webapps" value=""/>
    <property name="localRepository" value="/home/user/.m2/repository"/>
    <property name="java.vendor.url.bug" value="https://icedtea.classpath.org/bugzilla"/>
    <property name="java.io.tmpdir" value="/tmp"/>
    <property name="require.test.libhadoop" value=""/>
    <property name="java.version" value="1.8.0_212"/>
    <property name="user.dir" value="/workdir/hadoop-ozone/integration-test"/>
    <property name="os.arch" value="amd64"/>
    <property name="java.vm.specification.name" value="Java Virtual Machine Specification"/>
    <property name="test.build.classes" value="/workdir/hadoop-ozone/integration-test/target/test-classes"/>
    <property name="java.awt.printerjob" value="sun.print.PSPrinterJob"/>
    <property name="sun.os.patch.level" value="unknown"/>
    <property name="hadoop.tmp.dir" value="/workdir/hadoop-ozone/integration-test/target/tmp"/>
    <property name="java.library.path" value="/usr/lib/jvm/java-1.8-openjdk/jre/lib/amd64/server:/usr/lib/jvm/java-1.8-openjdk/jre/lib/amd64:/usr/lib/jvm/java-1.8-openjdk/jre/../lib/amd64:/workdir/hadoop-ozone/integration-test/target/native/target/usr/local/lib:/workdir/hadoop-ozone/integration-test/../../hadoop-common-project/hadoop-common/target/native/target/usr/local/lib:/usr/java/packages/lib/amd64:/usr/lib64:/lib64:/lib:/usr/lib"/>
    <property name="java.vm.info" value="mixed mode"/>
    <property name="java.vendor" value="IcedTea"/>
    <property name="java.vm.version" value="25.212-b04"/>
    <property name="java.ext.dirs" value="/usr/lib/jvm/java-1.8-openjdk/jre/lib/ext:/usr/java/packages/lib/ext"/>
    <property name="sun.io.unicode.encoding" value="UnicodeLittle"/>
    <property name="java.class.version" value="52.0"/>
  </properties>
  <testcase name="testWatchForCommitWithKeyWrite" classname="org.apache.hadoop.ozone.client.rpc.TestWatchForCommit" time="77.968"/>
  <testcase name="testWatchForCommitWithSmallerTimeoutValue" classname="org.apache.hadoop.ozone.client.rpc.TestWatchForCommit" time="42.404"/>
  <testcase name="testWatchForCommitForRetryfailure" classname="org.apache.hadoop.ozone.client.rpc.TestWatchForCommit" time="61.071">
    <failure type="java.lang.AssertionError">java.lang.AssertionError
	at org.junit.Assert.fail(Assert.java:86)
	at org.junit.Assert.assertTrue(Assert.java:41)
	at org.junit.Assert.assertTrue(Assert.java:52)
	at org.apache.hadoop.ozone.client.rpc.TestWatchForCommit.testWatchForCommitForRetryfailure(TestWatchForCommit.java:348)
	at sun.reflect.NativeMethodAccessorImpl.invoke0(Native Method)
	at sun.reflect.NativeMethodAccessorImpl.invoke(NativeMethodAccessorImpl.java:62)
	at sun.reflect.DelegatingMethodAccessorImpl.invoke(DelegatingMethodAccessorImpl.java:43)
	at java.lang.reflect.Method.invoke(Method.java:498)
	at org.junit.runners.model.FrameworkMethod$1.runReflectiveCall(FrameworkMethod.java:47)
	at org.junit.internal.runners.model.ReflectiveCallable.run(ReflectiveCallable.java:12)
	at org.junit.runners.model.FrameworkMethod.invokeExplosively(FrameworkMethod.java:44)
	at org.junit.internal.runners.statements.InvokeMethod.evaluate(InvokeMethod.java:17)
	at org.junit.runners.ParentRunner.runLeaf(ParentRunner.java:271)
	at org.junit.runners.BlockJUnit4ClassRunner.runChild(BlockJUnit4ClassRunner.java:70)
	at org.junit.runners.BlockJUnit4ClassRunner.runChild(BlockJUnit4ClassRunner.java:50)
	at org.junit.runners.ParentRunner$3.run(ParentRunner.java:238)
	at org.junit.runners.ParentRunner$1.schedule(ParentRunner.java:63)
	at org.junit.runners.ParentRunner.runChildren(ParentRunner.java:236)
	at org.junit.runners.ParentRunner.access$000(ParentRunner.java:53)
	at org.junit.runners.ParentRunner$2.evaluate(ParentRunner.java:229)
	at org.junit.runners.ParentRunner.run(ParentRunner.java:309)
	at org.apache.maven.surefire.junit4.JUnit4Provider.execute(JUnit4Provider.java:365)
	at org.apache.maven.surefire.junit4.JUnit4Provider.executeWithRerun(JUnit4Provider.java:273)
	at org.apache.maven.surefire.junit4.JUnit4Provider.executeTestSet(JUnit4Provider.java:238)
	at org.apache.maven.surefire.junit4.JUnit4Provider.invoke(JUnit4Provider.java:159)
	at org.apache.maven.surefire.booter.ForkedBooter.invokeProviderInSameClassLoader(ForkedBooter.java:384)
	at org.apache.maven.surefire.booter.ForkedBooter.runSuitesInProcess(ForkedBooter.java:345)
	at org.apache.maven.surefire.booter.ForkedBooter.execute(ForkedBooter.java:126)
	at org.apache.maven.surefire.booter.ForkedBooter.main(ForkedBooter.java:418)
</failure>
    <system-out><![CDATA[2019-10-08 21:56:48,569 [main] WARN  server.ServerUtils (ServerUtils.java:getScmDbDir(145)) - ozone.scm.db.dirs is not configured. We recommend adding this setting. Falling back to ozone.metadata.dirs instead.
2019-10-08 21:56:48,595 [main] WARN  server.ServerUtils (ServerUtils.java:getScmDbDir(145)) - ozone.scm.db.dirs is not configured. We recommend adding this setting. Falling back to ozone.metadata.dirs instead.
2019-10-08 21:56:48,596 [main] WARN  server.ServerUtils (ServerUtils.java:getScmDbDir(145)) - ozone.scm.db.dirs is not configured. We recommend adding this setting. Falling back to ozone.metadata.dirs instead.
2019-10-08 21:56:48,596 [main] INFO  db.DBStoreBuilder (DBStoreBuilder.java:addTable(117)) - using custom profile for table: deletedBlocks
2019-10-08 21:56:48,596 [main] INFO  db.DBStoreBuilder (DBStoreBuilder.java:processTables(168)) - Using default column profile:DBProfile.DISK for Table:deletedBlocks
2019-10-08 21:56:48,597 [main] INFO  db.DBStoreBuilder (DBStoreBuilder.java:addTable(117)) - using custom profile for table: validCerts
2019-10-08 21:56:48,597 [main] INFO  db.DBStoreBuilder (DBStoreBuilder.java:processTables(168)) - Using default column profile:DBProfile.DISK for Table:validCerts
2019-10-08 21:56:48,597 [main] INFO  db.DBStoreBuilder (DBStoreBuilder.java:addTable(117)) - using custom profile for table: revokedCerts
2019-10-08 21:56:48,597 [main] INFO  db.DBStoreBuilder (DBStoreBuilder.java:processTables(168)) - Using default column profile:DBProfile.DISK for Table:revokedCerts
2019-10-08 21:56:48,598 [main] INFO  db.DBStoreBuilder (DBStoreBuilder.java:addTable(117)) - using custom profile for table: default
2019-10-08 21:56:48,598 [main] INFO  db.DBStoreBuilder (DBStoreBuilder.java:processTables(174)) - Using default column profile:DBProfile.DISK for Table:default
2019-10-08 21:56:48,598 [main] INFO  db.DBStoreBuilder (DBStoreBuilder.java:getDbProfile(205)) - Using default options. DBProfile.DISK
2019-10-08 21:56:48,754 [main] INFO  net.NodeSchemaLoader (NodeSchemaLoader.java:loadSchemaFromFile(125)) - Loading file from sun.misc.CompoundEnumeration@11b32a14
2019-10-08 21:56:48,754 [main] INFO  net.NodeSchemaLoader (NodeSchemaLoader.java:loadSchema(171)) - Loading network topology layer schema file
2019-10-08 21:56:48,759 [main] WARN  server.ServerUtils (ServerUtils.java:sanitizeUserArgs(70)) - ozone.scm.stale.node.interval value = 300000 is larger than max = 100000 based on the key value of ozone.scm.heartbeat.thread.interval, reset to the max value 100000.
2019-10-08 21:56:48,759 [main] WARN  server.ServerUtils (ServerUtils.java:sanitizeUserArgs(70)) - ozone.scm.stale.node.interval value = 300000 is larger than max = 100000 based on the key value of ozone.scm.heartbeat.thread.interval, reset to the max value 100000.
2019-10-08 21:56:48,760 [main] INFO  node.SCMNodeManager (SCMNodeManager.java:<init>(116)) - Entering startup safe mode.
2019-10-08 21:56:48,760 [main] INFO  algorithms.ContainerPlacementPolicyFactory (ContainerPlacementPolicyFactory.java:getPolicy(57)) - Create container placement policy of type org.apache.hadoop.hdds.scm.container.placement.algorithms.SCMContainerPlacementRandom
2019-10-08 21:56:48,761 [main] WARN  server.ServerUtils (ServerUtils.java:getScmDbDir(145)) - ozone.scm.db.dirs is not configured. We recommend adding this setting. Falling back to ozone.metadata.dirs instead.
2019-10-08 21:56:48,783 [main] INFO  pipeline.SCMPipelineManager (SCMPipelineManager.java:initializePipelineState(132)) - No pipeline exists in current db
2019-10-08 21:56:48,783 [main] WARN  server.ServerUtils (ServerUtils.java:getScmDbDir(145)) - ozone.scm.db.dirs is not configured. We recommend adding this setting. Falling back to ozone.metadata.dirs instead.
2019-10-08 21:56:48,810 [main] WARN  events.EventQueue (EventQueue.java:fireEvent(183)) - No event handler registered for event TypedEvent{payloadType=SafeModeStatus, name='SafeModeStatus'}
2019-10-08 21:56:48,811 [main] INFO  ipc.CallQueueManager (CallQueueManager.java:<init>(84)) - Using callQueue: class java.util.concurrent.LinkedBlockingQueue, queueCapacity: 2000, scheduler: class org.apache.hadoop.ipc.DefaultRpcScheduler, ipcBackoff: false.
2019-10-08 21:56:48,812 [Socket Reader #1 for port 43486] INFO  ipc.Server (Server.java:run(1074)) - Starting Socket Reader #1 for port 43486
2019-10-08 21:56:48,816 [main] INFO  ipc.CallQueueManager (CallQueueManager.java:<init>(84)) - Using callQueue: class java.util.concurrent.LinkedBlockingQueue, queueCapacity: 2000, scheduler: class org.apache.hadoop.ipc.DefaultRpcScheduler, ipcBackoff: false.
2019-10-08 21:56:48,817 [Socket Reader #1 for port 38068] INFO  ipc.Server (Server.java:run(1074)) - Starting Socket Reader #1 for port 38068
2019-10-08 21:56:48,818 [main] INFO  ipc.CallQueueManager (CallQueueManager.java:<init>(84)) - Using callQueue: class java.util.concurrent.LinkedBlockingQueue, queueCapacity: 2000, scheduler: class org.apache.hadoop.ipc.DefaultRpcScheduler, ipcBackoff: false.
2019-10-08 21:56:48,818 [Socket Reader #1 for port 44895] INFO  ipc.Server (Server.java:run(1074)) - Starting Socket Reader #1 for port 44895
2019-10-08 21:56:48,821 [main] INFO  hdfs.DFSUtil (DFSUtil.java:httpServerTemplateForNNAndJN(1641)) - Starting Web-server for scm at: http://0.0.0.0:0
2019-10-08 21:56:48,822 [main] INFO  server.AuthenticationFilter (AuthenticationFilter.java:constructSecretProvider(240)) - Unable to initialize FileSignerSecretProvider, falling back to use random secrets.
2019-10-08 21:56:48,823 [main] WARN  http.HttpRequestLog (HttpRequestLog.java:getRequestLog(97)) - Jetty request log can only be enabled using Log4j
2019-10-08 21:56:48,825 [main] INFO  http.HttpServer2 (HttpServer2.java:addGlobalFilter(975)) - Added global filter 'safety' (class=org.apache.hadoop.http.HttpServer2$QuotingInputFilter)
2019-10-08 21:56:48,825 [main] INFO  http.HttpServer2 (HttpServer2.java:addFilter(948)) - Added filter static_user_filter (class=org.apache.hadoop.http.lib.StaticUserWebFilter$StaticUserFilter) to context scm
2019-10-08 21:56:48,825 [main] INFO  http.HttpServer2 (HttpServer2.java:addFilter(958)) - Added filter static_user_filter (class=org.apache.hadoop.http.lib.StaticUserWebFilter$StaticUserFilter) to context static
2019-10-08 21:56:48,826 [main] INFO  http.HttpServer2 (HttpServer2.java:addFilter(958)) - Added filter static_user_filter (class=org.apache.hadoop.http.lib.StaticUserWebFilter$StaticUserFilter) to context logs
2019-10-08 21:56:48,827 [main] INFO  server.StorageContainerManager (StorageContainerManager.java:start(770)) - StorageContainerLocationProtocol RPC server is listening at /0.0.0.0:44895
2019-10-08 21:56:48,830 [main] WARN  impl.MetricsConfig (MetricsConfig.java:loadFirst(134)) - Cannot locate configuration: tried hadoop-metrics2-storagecontainermanager.properties,hadoop-metrics2.properties
2019-10-08 21:56:48,830 [main] INFO  impl.MetricsSystemImpl (MetricsSystemImpl.java:startTimer(374)) - Scheduled Metric snapshot period at 10 second(s).
2019-10-08 21:56:48,831 [main] INFO  impl.MetricsSystemImpl (MetricsSystemImpl.java:start(191)) - StorageContainerManager metrics system started
2019-10-08 21:56:48,857 [main] INFO  lib.Interns (Interns.java:removeEldestEntry(50)) - Metrics intern cache overflow at 2011 for MetricsSystem={MetricsSystem=MetricsInfoImpl{name=MetricsSystem, description=MetricsSystem}, MetricsSystem record=MetricsInfoImpl{name=MetricsSystem, description=MetricsSystem record}}
2019-10-08 21:56:48,883 [main] WARN  impl.MetricsSystemImpl (MetricsSystemImpl.java:register(276)) - Sink prometheus already exists!
2019-10-08 21:56:48,946 [main] INFO  server.SCMClientProtocolServer (SCMClientProtocolServer.java:start(159)) - RPC server for Client  is listening at /0.0.0.0:44895
2019-10-08 21:56:48,947 [IPC Server listener on 44895] INFO  ipc.Server (Server.java:run(1153)) - IPC Server listener on 44895: starting
2019-10-08 21:56:48,947 [IPC Server Responder] INFO  ipc.Server (Server.java:run(1314)) - IPC Server Responder: starting
2019-10-08 21:56:48,951 [main] INFO  server.StorageContainerManager (StorageContainerManager.java:start(780)) - ScmBlockLocationProtocol RPC server is listening at /0.0.0.0:38068
2019-10-08 21:56:48,951 [main] INFO  server.SCMBlockProtocolServer (SCMBlockProtocolServer.java:start(146)) - RPC server for Block Protocol is listening at /0.0.0.0:38068
2019-10-08 21:56:48,952 [IPC Server Responder] INFO  ipc.Server (Server.java:run(1314)) - IPC Server Responder: starting
2019-10-08 21:56:48,952 [IPC Server listener on 38068] INFO  ipc.Server (Server.java:run(1153)) - IPC Server listener on 38068: starting
2019-10-08 21:56:48,956 [main] INFO  server.StorageContainerManager (StorageContainerManager.java:start(784)) - ScmDatanodeProtocl RPC server is listening at /0.0.0.0:43486
2019-10-08 21:56:48,957 [main] INFO  server.SCMDatanodeProtocolServer (SCMDatanodeProtocolServer.java:start(169)) - RPC server for DataNodes is listening at /0.0.0.0:43486
2019-10-08 21:56:48,957 [IPC Server Responder] INFO  ipc.Server (Server.java:run(1314)) - IPC Server Responder: starting
2019-10-08 21:56:48,957 [IPC Server listener on 43486] INFO  ipc.Server (Server.java:run(1153)) - IPC Server listener on 43486: starting
2019-10-08 21:56:48,963 [main] INFO  http.HttpServer2 (HttpServer2.java:bindListener(1191)) - Jetty bound to port 38742
2019-10-08 21:56:48,963 [main] INFO  server.Server (Server.java:doStart(351)) - jetty-9.3.25.v20180904, build timestamp: 2018-09-04T21:11:46Z, git hash: 3ce520221d0240229c862b122d2b06c12a625732
2019-10-08 21:56:48,965 [main] INFO  handler.ContextHandler (ContextHandler.java:doStart(781)) - Started o.e.j.s.ServletContextHandler@104dc1a2{/logs,file:///workdir/hadoop-ozone/integration-test/target/log,AVAILABLE}
2019-10-08 21:56:48,966 [main] INFO  handler.ContextHandler (ContextHandler.java:doStart(781)) - Started o.e.j.s.ServletContextHandler@314a31b0{/static,file:///workdir/hadoop-ozone/integration-test/target/test-classes/webapps/static,AVAILABLE}
2019-10-08 21:56:48,972 [main] INFO  handler.ContextHandler (ContextHandler.java:doStart(781)) - Started o.e.j.w.WebAppContext@2abc8034{/,file:///workdir/hadoop-ozone/integration-test/target/test-classes/webapps/scm/,AVAILABLE}{/scm}
2019-10-08 21:56:48,972 [main] INFO  server.AbstractConnector (AbstractConnector.java:doStart(278)) - Started ServerConnector@467b0f6e{HTTP/1.1,[http/1.1]}{0.0.0.0:38742}
2019-10-08 21:56:48,974 [main] INFO  server.Server (Server.java:doStart(419)) - Started @121204ms
2019-10-08 21:56:48,974 [main] WARN  impl.MetricsSystemImpl (MetricsSystemImpl.java:register(276)) - Sink prometheus already exists!
2019-10-08 21:56:48,975 [main] INFO  server.BaseHttpServer (BaseHttpServer.java:updateConnectorAddress(215)) - HTTP server of SCM is listening at http://0.0.0.0:38742
2019-10-08 21:56:48,977 [main] WARN  server.ServerUtils (ServerUtils.java:getDBPath(222)) - ozone.om.db.dirs is not configured. We recommend adding this setting. Falling back to ozone.metadata.dirs instead.
2019-10-08 21:56:48,977 [org.apache.hadoop.util.JvmPauseMonitor$Monitor@420cd102] INFO  util.JvmPauseMonitor (JvmPauseMonitor.java:run(188)) - Starting JVM pause monitor
2019-10-08 21:56:48,990 [main] INFO  ha.OMHANodeDetails (OMHANodeDetails.java:loadOMHAConfig(190)) - Configuration either no ozone.om.address set. Falling back to the default OM address /127.0.0.1:0
2019-10-08 21:56:48,991 [main] INFO  ha.OMHANodeDetails (OMHANodeDetails.java:getOMNodeDetails(220)) - OM Service ID is not set. Setting it to the default ID: omServiceIdDefault
2019-10-08 21:56:48,991 [main] WARN  server.ServerUtils (ServerUtils.java:getDBPath(222)) - ozone.om.db.dirs is not configured. We recommend adding this setting. Falling back to ozone.metadata.dirs instead.
2019-10-08 21:56:48,991 [main] WARN  server.ServerUtils (ServerUtils.java:getDBPath(222)) - ozone.om.db.dirs is not configured. We recommend adding this setting. Falling back to ozone.metadata.dirs instead.
2019-10-08 21:56:49,002 [main] WARN  server.ServerUtils (ServerUtils.java:getDBPath(222)) - ozone.om.db.dirs is not configured. We recommend adding this setting. Falling back to ozone.metadata.dirs instead.
2019-10-08 21:56:49,002 [main] INFO  db.DBStoreBuilder (DBStoreBuilder.java:addTable(117)) - using custom profile for table: userTable
2019-10-08 21:56:49,003 [main] INFO  db.DBStoreBuilder (DBStoreBuilder.java:processTables(168)) - Using default column profile:DBProfile.DISK for Table:userTable
2019-10-08 21:56:49,003 [main] INFO  db.DBStoreBuilder (DBStoreBuilder.java:addTable(117)) - using custom profile for table: volumeTable
2019-10-08 21:56:49,003 [main] INFO  db.DBStoreBuilder (DBStoreBuilder.java:processTables(168)) - Using default column profile:DBProfile.DISK for Table:volumeTable
2019-10-08 21:56:49,003 [main] INFO  db.DBStoreBuilder (DBStoreBuilder.java:addTable(117)) - using custom profile for table: bucketTable
2019-10-08 21:56:49,004 [main] INFO  db.DBStoreBuilder (DBStoreBuilder.java:processTables(168)) - Using default column profile:DBProfile.DISK for Table:bucketTable
2019-10-08 21:56:49,004 [main] INFO  db.DBStoreBuilder (DBStoreBuilder.java:addTable(117)) - using custom profile for table: keyTable
2019-10-08 21:56:49,004 [main] INFO  db.DBStoreBuilder (DBStoreBuilder.java:processTables(168)) - Using default column profile:DBProfile.DISK for Table:keyTable
2019-10-08 21:56:49,005 [main] INFO  db.DBStoreBuilder (DBStoreBuilder.java:addTable(117)) - using custom profile for table: deletedTable
2019-10-08 21:56:49,005 [main] INFO  db.DBStoreBuilder (DBStoreBuilder.java:processTables(168)) - Using default column profile:DBProfile.DISK for Table:deletedTable
2019-10-08 21:56:49,005 [main] INFO  db.DBStoreBuilder (DBStoreBuilder.java:addTable(117)) - using custom profile for table: openKeyTable
2019-10-08 21:56:49,005 [main] INFO  db.DBStoreBuilder (DBStoreBuilder.java:processTables(168)) - Using default column profile:DBProfile.DISK for Table:openKeyTable
2019-10-08 21:56:49,006 [main] INFO  db.DBStoreBuilder (DBStoreBuilder.java:addTable(117)) - using custom profile for table: s3Table
2019-10-08 21:56:49,006 [main] INFO  db.DBStoreBuilder (DBStoreBuilder.java:processTables(168)) - Using default column profile:DBProfile.DISK for Table:s3Table
2019-10-08 21:56:49,006 [main] INFO  db.DBStoreBuilder (DBStoreBuilder.java:addTable(117)) - using custom profile for table: multipartInfoTable
2019-10-08 21:56:49,006 [main] INFO  db.DBStoreBuilder (DBStoreBuilder.java:processTables(168)) - Using default column profile:DBProfile.DISK for Table:multipartInfoTable
2019-10-08 21:56:49,007 [main] INFO  db.DBStoreBuilder (DBStoreBuilder.java:addTable(117)) - using custom profile for table: dTokenTable
2019-10-08 21:56:49,007 [main] INFO  db.DBStoreBuilder (DBStoreBuilder.java:processTables(168)) - Using default column profile:DBProfile.DISK for Table:dTokenTable
2019-10-08 21:56:49,007 [main] INFO  db.DBStoreBuilder (DBStoreBuilder.java:addTable(117)) - using custom profile for table: s3SecretTable
2019-10-08 21:56:49,008 [main] INFO  db.DBStoreBuilder (DBStoreBuilder.java:processTables(168)) - Using default column profile:DBProfile.DISK for Table:s3SecretTable
2019-10-08 21:56:49,008 [main] INFO  db.DBStoreBuilder (DBStoreBuilder.java:addTable(117)) - using custom profile for table: prefixTable
2019-10-08 21:56:49,008 [main] INFO  db.DBStoreBuilder (DBStoreBuilder.java:processTables(168)) - Using default column profile:DBProfile.DISK for Table:prefixTable
2019-10-08 21:56:49,008 [main] INFO  db.DBStoreBuilder (DBStoreBuilder.java:addTable(117)) - using custom profile for table: default
2019-10-08 21:56:49,009 [main] INFO  db.DBStoreBuilder (DBStoreBuilder.java:processTables(174)) - Using default column profile:DBProfile.DISK for Table:default
2019-10-08 21:56:49,009 [main] INFO  db.DBStoreBuilder (DBStoreBuilder.java:getDbProfile(205)) - Using default options. DBProfile.DISK
2019-10-08 21:56:49,442 [main] INFO  ipc.CallQueueManager (CallQueueManager.java:<init>(84)) - Using callQueue: class java.util.concurrent.LinkedBlockingQueue, queueCapacity: 2000, scheduler: class org.apache.hadoop.ipc.DefaultRpcScheduler, ipcBackoff: false.
2019-10-08 21:56:49,447 [Socket Reader #1 for port 40706] INFO  ipc.Server (Server.java:run(1074)) - Starting Socket Reader #1 for port 40706
2019-10-08 21:56:49,463 [main] INFO  om.OzoneManager (OzoneManager.java:start(1069)) - OzoneManager RPC server is listening at localhost/127.0.0.1:40706
2019-10-08 21:56:49,463 [main] INFO  impl.MetricsSystemImpl (MetricsSystemImpl.java:init(158)) - OzoneManager metrics system started (again)
2019-10-08 21:56:49,464 [IPC Server Responder] INFO  ipc.Server (Server.java:run(1314)) - IPC Server Responder: starting
2019-10-08 21:56:49,465 [IPC Server listener on 40706] INFO  ipc.Server (Server.java:run(1153)) - IPC Server listener on 40706: starting
2019-10-08 21:56:49,470 [main] INFO  hdfs.DFSUtil (DFSUtil.java:httpServerTemplateForNNAndJN(1641)) - Starting Web-server for ozoneManager at: http://0.0.0.0:0
2019-10-08 21:56:49,471 [main] INFO  server.AuthenticationFilter (AuthenticationFilter.java:constructSecretProvider(240)) - Unable to initialize FileSignerSecretProvider, falling back to use random secrets.
2019-10-08 21:56:49,471 [main] WARN  http.HttpRequestLog (HttpRequestLog.java:getRequestLog(97)) - Jetty request log can only be enabled using Log4j
2019-10-08 21:56:49,473 [main] INFO  http.HttpServer2 (HttpServer2.java:addGlobalFilter(975)) - Added global filter 'safety' (class=org.apache.hadoop.http.HttpServer2$QuotingInputFilter)
2019-10-08 21:56:49,473 [main] INFO  http.HttpServer2 (HttpServer2.java:addFilter(948)) - Added filter static_user_filter (class=org.apache.hadoop.http.lib.StaticUserWebFilter$StaticUserFilter) to context ozoneManager
2019-10-08 21:56:49,473 [main] INFO  http.HttpServer2 (HttpServer2.java:addFilter(958)) - Added filter static_user_filter (class=org.apache.hadoop.http.lib.StaticUserWebFilter$StaticUserFilter) to context logs
2019-10-08 21:56:49,473 [main] INFO  http.HttpServer2 (HttpServer2.java:addFilter(958)) - Added filter static_user_filter (class=org.apache.hadoop.http.lib.StaticUserWebFilter$StaticUserFilter) to context static
2019-10-08 21:56:49,474 [main] INFO  http.HttpServer2 (HttpServer2.java:bindListener(1191)) - Jetty bound to port 46546
2019-10-08 21:56:49,474 [main] INFO  server.Server (Server.java:doStart(351)) - jetty-9.3.25.v20180904, build timestamp: 2018-09-04T21:11:46Z, git hash: 3ce520221d0240229c862b122d2b06c12a625732
2019-10-08 21:56:49,476 [main] INFO  handler.ContextHandler (ContextHandler.java:doStart(781)) - Started o.e.j.s.ServletContextHandler@5d152bcd{/logs,file:///workdir/hadoop-ozone/integration-test/target/log,AVAILABLE}
2019-10-08 21:56:49,476 [main] INFO  handler.ContextHandler (ContextHandler.java:doStart(781)) - Started o.e.j.s.ServletContextHandler@6435fa1c{/static,file:///workdir/hadoop-ozone/integration-test/target/test-classes/webapps/static,AVAILABLE}
2019-10-08 21:56:49,480 [main] INFO  handler.ContextHandler (ContextHandler.java:doStart(781)) - Started o.e.j.w.WebAppContext@6a6c7f42{/,file:///workdir/hadoop-ozone/integration-test/target/test-classes/webapps/ozoneManager/,AVAILABLE}{/ozoneManager}
2019-10-08 21:56:49,480 [main] INFO  server.AbstractConnector (AbstractConnector.java:doStart(278)) - Started ServerConnector@5a515e5d{HTTP/1.1,[http/1.1]}{0.0.0.0:46546}
2019-10-08 21:56:49,481 [main] INFO  server.Server (Server.java:doStart(419)) - Started @121712ms
2019-10-08 21:56:49,481 [main] WARN  impl.MetricsSystemImpl (MetricsSystemImpl.java:register(276)) - Sink prometheus already exists!
2019-10-08 21:56:49,482 [main] INFO  server.BaseHttpServer (BaseHttpServer.java:updateConnectorAddress(215)) - HTTP server of OZONEMANAGER is listening at http://0.0.0.0:46546
2019-10-08 21:56:49,504 [main] INFO  impl.MetricsSystemImpl (MetricsSystemImpl.java:init(158)) - HddsDatanode metrics system started (again)
2019-10-08 21:56:49,507 [main] INFO  ozone.HddsDatanodeService (HddsDatanodeService.java:start(184)) - HddsDatanodeService host:pr-hdds-2217-2kdk4-3258704453 ip:192.168.151.107
2019-10-08 21:56:49,514 [main] INFO  volume.HddsVolume (HddsVolume.java:<init>(176)) - Creating Volume: /workdir/hadoop-ozone/integration-test/target/test-dir/MiniOzoneClusterImpl-95bdc624-c518-47a7-b47f-3e0594fbda9c/datanode-0/data/containers/hdds of  storage type : DISK and capacity : 1482555576320
2019-10-08 21:56:49,515 [main] INFO  volume.VolumeSet (VolumeSet.java:initializeVolumeSet(170)) - Added Volume : /workdir/hadoop-ozone/integration-test/target/test-dir/MiniOzoneClusterImpl-95bdc624-c518-47a7-b47f-3e0594fbda9c/datanode-0/data/containers/hdds to VolumeSet
2019-10-08 21:56:49,515 [main] INFO  volume.ThrottledAsyncChecker (ThrottledAsyncChecker.java:schedule(139)) - Scheduling a check for org.apache.hadoop.ozone.container.common.volume.HddsVolume@5b000fe6
2019-10-08 21:56:49,516 [main] INFO  volume.HddsVolumeChecker (HddsVolumeChecker.java:checkAllVolumes(202)) - Scheduled health check for volume org.apache.hadoop.ozone.container.common.volume.HddsVolume@5b000fe6
2019-10-08 21:56:49,528 [main] INFO  impl.RaftServerProxy (ConfUtils.java:logGet(43)) - raft.rpc.type = GRPC (default)
2019-10-08 21:56:49,529 [main] INFO  grpc.GrpcFactory (GrpcFactory.java:checkPooledByteBufAllocatorUseCacheForAllThreads(45)) - PERFORMANCE WARNING: useCacheForAllThreads is true that may cause Netty to create a lot garbage objects and, as a result, trigger GC.
	It is recommended to disable useCacheForAllThreads by setting -Dorg.apache.ratis.thirdparty.io.netty.allocator.useCacheForAllThreads=false in command line.
2019-10-08 21:56:49,529 [main] INFO  grpc.GrpcConfigKeys$Server (ConfUtils.java:logGet(43)) - raft.grpc.server.port = 0 (default)
2019-10-08 21:56:49,529 [main] INFO  server.GrpcService (ConfUtils.java:logGet(43)) - raft.grpc.message.size.max = 33570816 (custom)
2019-10-08 21:56:49,529 [main] INFO  server.RaftServerConfigKeys (ConfUtils.java:logGet(43)) - raft.server.log.appender.buffer.byte-limit = 33554432 (custom)
2019-10-08 21:56:49,529 [main] INFO  server.GrpcService (ConfUtils.java:logGet(43)) - raft.grpc.flow.control.window = 1MB (=1048576) (default)
2019-10-08 21:56:49,530 [main] INFO  server.RaftServerConfigKeys (ConfUtils.java:logGet(43)) - raft.server.rpc.request.timeout = 3000ms (default)
2019-10-08 21:56:49,530 [main] INFO  server.RaftServerConfigKeys (ConfUtils.java:logGet(43)) - raft.server.storage.dir = [/workdir/hadoop-ozone/integration-test/target/test-dir/MiniOzoneClusterImpl-95bdc624-c518-47a7-b47f-3e0594fbda9c/datanode-0/data/ratis] (custom)
2019-10-08 21:56:49,531 [main] INFO  hdfs.DFSUtil (DFSUtil.java:httpServerTemplateForNNAndJN(1641)) - Starting Web-server for hddsDatanode at: http://0.0.0.0:0
2019-10-08 21:56:49,535 [main] INFO  server.AuthenticationFilter (AuthenticationFilter.java:constructSecretProvider(240)) - Unable to initialize FileSignerSecretProvider, falling back to use random secrets.
2019-10-08 21:56:49,536 [main] WARN  http.HttpRequestLog (HttpRequestLog.java:getRequestLog(97)) - Jetty request log can only be enabled using Log4j
2019-10-08 21:56:49,537 [main] INFO  http.HttpServer2 (HttpServer2.java:addGlobalFilter(975)) - Added global filter 'safety' (class=org.apache.hadoop.http.HttpServer2$QuotingInputFilter)
2019-10-08 21:56:49,537 [main] INFO  http.HttpServer2 (HttpServer2.java:addFilter(948)) - Added filter static_user_filter (class=org.apache.hadoop.http.lib.StaticUserWebFilter$StaticUserFilter) to context hddsDatanode
2019-10-08 21:56:49,537 [main] INFO  http.HttpServer2 (HttpServer2.java:addFilter(958)) - Added filter static_user_filter (class=org.apache.hadoop.http.lib.StaticUserWebFilter$StaticUserFilter) to context static
2019-10-08 21:56:49,538 [main] INFO  http.HttpServer2 (HttpServer2.java:addFilter(958)) - Added filter static_user_filter (class=org.apache.hadoop.http.lib.StaticUserWebFilter$StaticUserFilter) to context logs
2019-10-08 21:56:49,538 [main] INFO  http.HttpServer2 (HttpServer2.java:bindListener(1191)) - Jetty bound to port 45031
2019-10-08 21:56:49,539 [main] INFO  server.Server (Server.java:doStart(351)) - jetty-9.3.25.v20180904, build timestamp: 2018-09-04T21:11:46Z, git hash: 3ce520221d0240229c862b122d2b06c12a625732
2019-10-08 21:56:49,540 [main] INFO  handler.ContextHandler (ContextHandler.java:doStart(781)) - Started o.e.j.s.ServletContextHandler@5a1f778{/logs,file:///workdir/hadoop-ozone/integration-test/target/log,AVAILABLE}
2019-10-08 21:56:49,541 [main] INFO  handler.ContextHandler (ContextHandler.java:doStart(781)) - Started o.e.j.s.ServletContextHandler@574059d5{/static,jar:file:/home/user/.m2/repository/org/apache/hadoop/hadoop-hdds-container-service/0.5.0-SNAPSHOT/hadoop-hdds-container-service-0.5.0-SNAPSHOT.jar!/webapps/static,AVAILABLE}
2019-10-08 21:56:49,571 [main] INFO  handler.ContextHandler (ContextHandler.java:doStart(781)) - Started o.e.j.w.WebAppContext@40709f9{/,file:///tmp/jetty-0.0.0.0-45031-hddsDatanode-_-any-1718618703911185595.dir/webapp/,AVAILABLE}{/hddsDatanode}
2019-10-08 21:56:49,571 [main] INFO  server.AbstractConnector (AbstractConnector.java:doStart(278)) - Started ServerConnector@6b1b19cf{HTTP/1.1,[http/1.1]}{0.0.0.0:45031}
2019-10-08 21:56:49,575 [main] INFO  server.Server (Server.java:doStart(419)) - Started @121806ms
2019-10-08 21:56:49,575 [main] WARN  impl.MetricsSystemImpl (MetricsSystemImpl.java:register(276)) - Sink prometheus already exists!
2019-10-08 21:56:49,576 [main] INFO  server.BaseHttpServer (BaseHttpServer.java:updateConnectorAddress(215)) - HTTP server of HDDSDATANODE is listening at http://0.0.0.0:45031
2019-10-08 21:56:49,576 [main] INFO  impl.MetricsSystemImpl (MetricsSystemImpl.java:init(158)) - HddsDatanode metrics system started (again)
2019-10-08 21:56:49,579 [org.apache.hadoop.util.JvmPauseMonitor$Monitor@6eb80cd] INFO  util.JvmPauseMonitor (JvmPauseMonitor.java:run(188)) - Starting JVM pause monitor
2019-10-08 21:56:49,580 [main] INFO  ozone.HddsDatanodeService (HddsDatanodeService.java:start(184)) - HddsDatanodeService host:pr-hdds-2217-2kdk4-3258704453 ip:192.168.151.107
2019-10-08 21:56:49,581 [Datanode State Machine Thread - 0] INFO  datanode.InitDatanodeState (InitDatanodeState.java:persistContainerDatanodeDetails(140)) - DatanodeDetails is persisted to /workdir/hadoop-ozone/integration-test/target/test-dir/MiniOzoneClusterImpl-95bdc624-c518-47a7-b47f-3e0594fbda9c/datanode-0/meta/datanode.id
2019-10-08 21:56:49,586 [main] INFO  volume.HddsVolume (HddsVolume.java:<init>(176)) - Creating Volume: /workdir/hadoop-ozone/integration-test/target/test-dir/MiniOzoneClusterImpl-95bdc624-c518-47a7-b47f-3e0594fbda9c/datanode-1/data/containers/hdds of  storage type : DISK and capacity : 1482555576320
2019-10-08 21:56:49,586 [main] INFO  volume.VolumeSet (VolumeSet.java:initializeVolumeSet(170)) - Added Volume : /workdir/hadoop-ozone/integration-test/target/test-dir/MiniOzoneClusterImpl-95bdc624-c518-47a7-b47f-3e0594fbda9c/datanode-1/data/containers/hdds to VolumeSet
2019-10-08 21:56:49,587 [main] INFO  volume.ThrottledAsyncChecker (ThrottledAsyncChecker.java:schedule(139)) - Scheduling a check for org.apache.hadoop.ozone.container.common.volume.HddsVolume@4c19d42e
2019-10-08 21:56:49,587 [main] INFO  volume.HddsVolumeChecker (HddsVolumeChecker.java:checkAllVolumes(202)) - Scheduled health check for volume org.apache.hadoop.ozone.container.common.volume.HddsVolume@4c19d42e
2019-10-08 21:56:49,603 [main] INFO  impl.RaftServerProxy (ConfUtils.java:logGet(43)) - raft.rpc.type = GRPC (default)
2019-10-08 21:56:49,603 [main] INFO  grpc.GrpcFactory (GrpcFactory.java:checkPooledByteBufAllocatorUseCacheForAllThreads(45)) - PERFORMANCE WARNING: useCacheForAllThreads is true that may cause Netty to create a lot garbage objects and, as a result, trigger GC.
	It is recommended to disable useCacheForAllThreads by setting -Dorg.apache.ratis.thirdparty.io.netty.allocator.useCacheForAllThreads=false in command line.
2019-10-08 21:56:49,603 [main] INFO  grpc.GrpcConfigKeys$Server (ConfUtils.java:logGet(43)) - raft.grpc.server.port = 0 (default)
2019-10-08 21:56:49,604 [main] INFO  server.GrpcService (ConfUtils.java:logGet(43)) - raft.grpc.message.size.max = 33570816 (custom)
2019-10-08 21:56:49,604 [main] INFO  server.RaftServerConfigKeys (ConfUtils.java:logGet(43)) - raft.server.log.appender.buffer.byte-limit = 33554432 (custom)
2019-10-08 21:56:49,604 [main] INFO  server.GrpcService (ConfUtils.java:logGet(43)) - raft.grpc.flow.control.window = 1MB (=1048576) (default)
2019-10-08 21:56:49,604 [main] INFO  server.RaftServerConfigKeys (ConfUtils.java:logGet(43)) - raft.server.rpc.request.timeout = 3000ms (default)
2019-10-08 21:56:49,605 [main] INFO  server.RaftServerConfigKeys (ConfUtils.java:logGet(43)) - raft.server.storage.dir = [/workdir/hadoop-ozone/integration-test/target/test-dir/MiniOzoneClusterImpl-95bdc624-c518-47a7-b47f-3e0594fbda9c/datanode-1/data/ratis] (custom)
2019-10-08 21:56:49,608 [main] INFO  hdfs.DFSUtil (DFSUtil.java:httpServerTemplateForNNAndJN(1641)) - Starting Web-server for hddsDatanode at: http://0.0.0.0:0
2019-10-08 21:56:49,610 [main] INFO  server.AuthenticationFilter (AuthenticationFilter.java:constructSecretProvider(240)) - Unable to initialize FileSignerSecretProvider, falling back to use random secrets.
2019-10-08 21:56:49,610 [main] WARN  http.HttpRequestLog (HttpRequestLog.java:getRequestLog(97)) - Jetty request log can only be enabled using Log4j
2019-10-08 21:56:49,612 [main] INFO  http.HttpServer2 (HttpServer2.java:addGlobalFilter(975)) - Added global filter 'safety' (class=org.apache.hadoop.http.HttpServer2$QuotingInputFilter)
2019-10-08 21:56:49,612 [main] INFO  http.HttpServer2 (HttpServer2.java:addFilter(948)) - Added filter static_user_filter (class=org.apache.hadoop.http.lib.StaticUserWebFilter$StaticUserFilter) to context hddsDatanode
2019-10-08 21:56:49,612 [main] INFO  http.HttpServer2 (HttpServer2.java:addFilter(958)) - Added filter static_user_filter (class=org.apache.hadoop.http.lib.StaticUserWebFilter$StaticUserFilter) to context logs
2019-10-08 21:56:49,612 [main] INFO  http.HttpServer2 (HttpServer2.java:addFilter(958)) - Added filter static_user_filter (class=org.apache.hadoop.http.lib.StaticUserWebFilter$StaticUserFilter) to context static
2019-10-08 21:56:49,613 [main] INFO  http.HttpServer2 (HttpServer2.java:bindListener(1191)) - Jetty bound to port 35775
2019-10-08 21:56:49,613 [main] INFO  server.Server (Server.java:doStart(351)) - jetty-9.3.25.v20180904, build timestamp: 2018-09-04T21:11:46Z, git hash: 3ce520221d0240229c862b122d2b06c12a625732
2019-10-08 21:56:49,615 [main] INFO  handler.ContextHandler (ContextHandler.java:doStart(781)) - Started o.e.j.s.ServletContextHandler@2ec99035{/logs,file:///workdir/hadoop-ozone/integration-test/target/log,AVAILABLE}
2019-10-08 21:56:49,615 [main] INFO  handler.ContextHandler (ContextHandler.java:doStart(781)) - Started o.e.j.s.ServletContextHandler@c02670f{/static,jar:file:/home/user/.m2/repository/org/apache/hadoop/hadoop-hdds-container-service/0.5.0-SNAPSHOT/hadoop-hdds-container-service-0.5.0-SNAPSHOT.jar!/webapps/static,AVAILABLE}
2019-10-08 21:56:49,646 [main] INFO  handler.ContextHandler (ContextHandler.java:doStart(781)) - Started o.e.j.w.WebAppContext@5b202ff{/,file:///tmp/jetty-0.0.0.0-35775-hddsDatanode-_-any-5515167664036822696.dir/webapp/,AVAILABLE}{/hddsDatanode}
2019-10-08 21:56:49,647 [main] INFO  server.AbstractConnector (AbstractConnector.java:doStart(278)) - Started ServerConnector@58a84a12{HTTP/1.1,[http/1.1]}{0.0.0.0:35775}
2019-10-08 21:56:49,648 [main] INFO  server.Server (Server.java:doStart(419)) - Started @121878ms
2019-10-08 21:56:49,648 [main] WARN  impl.MetricsSystemImpl (MetricsSystemImpl.java:register(276)) - Sink prometheus already exists!
2019-10-08 21:56:49,648 [main] INFO  server.BaseHttpServer (BaseHttpServer.java:updateConnectorAddress(215)) - HTTP server of HDDSDATANODE is listening at http://0.0.0.0:35775
2019-10-08 21:56:49,649 [main] INFO  impl.MetricsSystemImpl (MetricsSystemImpl.java:init(158)) - HddsDatanode metrics system started (again)
2019-10-08 21:56:49,651 [org.apache.hadoop.util.JvmPauseMonitor$Monitor@a4c903a] INFO  util.JvmPauseMonitor (JvmPauseMonitor.java:run(188)) - Starting JVM pause monitor
2019-10-08 21:56:49,652 [main] INFO  ozone.HddsDatanodeService (HddsDatanodeService.java:start(184)) - HddsDatanodeService host:pr-hdds-2217-2kdk4-3258704453 ip:192.168.151.107
2019-10-08 21:56:49,654 [Datanode State Machine Thread - 0] INFO  datanode.InitDatanodeState (InitDatanodeState.java:persistContainerDatanodeDetails(140)) - DatanodeDetails is persisted to /workdir/hadoop-ozone/integration-test/target/test-dir/MiniOzoneClusterImpl-95bdc624-c518-47a7-b47f-3e0594fbda9c/datanode-1/meta/datanode.id
2019-10-08 21:56:49,657 [main] INFO  volume.HddsVolume (HddsVolume.java:<init>(176)) - Creating Volume: /workdir/hadoop-ozone/integration-test/target/test-dir/MiniOzoneClusterImpl-95bdc624-c518-47a7-b47f-3e0594fbda9c/datanode-2/data/containers/hdds of  storage type : DISK and capacity : 1482555576320
2019-10-08 21:56:49,657 [main] INFO  volume.VolumeSet (VolumeSet.java:initializeVolumeSet(170)) - Added Volume : /workdir/hadoop-ozone/integration-test/target/test-dir/MiniOzoneClusterImpl-95bdc624-c518-47a7-b47f-3e0594fbda9c/datanode-2/data/containers/hdds to VolumeSet
2019-10-08 21:56:49,657 [main] INFO  volume.ThrottledAsyncChecker (ThrottledAsyncChecker.java:schedule(139)) - Scheduling a check for org.apache.hadoop.ozone.container.common.volume.HddsVolume@2173a742
2019-10-08 21:56:49,658 [main] INFO  volume.HddsVolumeChecker (HddsVolumeChecker.java:checkAllVolumes(202)) - Scheduled health check for volume org.apache.hadoop.ozone.container.common.volume.HddsVolume@2173a742
2019-10-08 21:56:49,670 [main] INFO  impl.RaftServerProxy (ConfUtils.java:logGet(43)) - raft.rpc.type = GRPC (default)
2019-10-08 21:56:49,670 [main] INFO  grpc.GrpcFactory (GrpcFactory.java:checkPooledByteBufAllocatorUseCacheForAllThreads(45)) - PERFORMANCE WARNING: useCacheForAllThreads is true that may cause Netty to create a lot garbage objects and, as a result, trigger GC.
	It is recommended to disable useCacheForAllThreads by setting -Dorg.apache.ratis.thirdparty.io.netty.allocator.useCacheForAllThreads=false in command line.
2019-10-08 21:56:49,670 [main] INFO  grpc.GrpcConfigKeys$Server (ConfUtils.java:logGet(43)) - raft.grpc.server.port = 0 (default)
2019-10-08 21:56:49,670 [main] INFO  server.GrpcService (ConfUtils.java:logGet(43)) - raft.grpc.message.size.max = 33570816 (custom)
2019-10-08 21:56:49,670 [main] INFO  server.RaftServerConfigKeys (ConfUtils.java:logGet(43)) - raft.server.log.appender.buffer.byte-limit = 33554432 (custom)
2019-10-08 21:56:49,671 [main] INFO  server.GrpcService (ConfUtils.java:logGet(43)) - raft.grpc.flow.control.window = 1MB (=1048576) (default)
2019-10-08 21:56:49,671 [main] INFO  server.RaftServerConfigKeys (ConfUtils.java:logGet(43)) - raft.server.rpc.request.timeout = 3000ms (default)
2019-10-08 21:56:49,671 [main] INFO  server.RaftServerConfigKeys (ConfUtils.java:logGet(43)) - raft.server.storage.dir = [/workdir/hadoop-ozone/integration-test/target/test-dir/MiniOzoneClusterImpl-95bdc624-c518-47a7-b47f-3e0594fbda9c/datanode-2/data/ratis] (custom)
2019-10-08 21:56:49,672 [main] INFO  hdfs.DFSUtil (DFSUtil.java:httpServerTemplateForNNAndJN(1641)) - Starting Web-server for hddsDatanode at: http://0.0.0.0:0
2019-10-08 21:56:49,674 [main] INFO  server.AuthenticationFilter (AuthenticationFilter.java:constructSecretProvider(240)) - Unable to initialize FileSignerSecretProvider, falling back to use random secrets.
2019-10-08 21:56:49,674 [main] WARN  http.HttpRequestLog (HttpRequestLog.java:getRequestLog(97)) - Jetty request log can only be enabled using Log4j
2019-10-08 21:56:49,675 [main] INFO  http.HttpServer2 (HttpServer2.java:addGlobalFilter(975)) - Added global filter 'safety' (class=org.apache.hadoop.http.HttpServer2$QuotingInputFilter)
2019-10-08 21:56:49,676 [main] INFO  http.HttpServer2 (HttpServer2.java:addFilter(948)) - Added filter static_user_filter (class=org.apache.hadoop.http.lib.StaticUserWebFilter$StaticUserFilter) to context hddsDatanode
2019-10-08 21:56:49,676 [main] INFO  http.HttpServer2 (HttpServer2.java:addFilter(958)) - Added filter static_user_filter (class=org.apache.hadoop.http.lib.StaticUserWebFilter$StaticUserFilter) to context logs
2019-10-08 21:56:49,676 [main] INFO  http.HttpServer2 (HttpServer2.java:addFilter(958)) - Added filter static_user_filter (class=org.apache.hadoop.http.lib.StaticUserWebFilter$StaticUserFilter) to context static
2019-10-08 21:56:49,676 [main] INFO  http.HttpServer2 (HttpServer2.java:bindListener(1191)) - Jetty bound to port 43206
2019-10-08 21:56:49,677 [main] INFO  server.Server (Server.java:doStart(351)) - jetty-9.3.25.v20180904, build timestamp: 2018-09-04T21:11:46Z, git hash: 3ce520221d0240229c862b122d2b06c12a625732
2019-10-08 21:56:49,678 [main] INFO  handler.ContextHandler (ContextHandler.java:doStart(781)) - Started o.e.j.s.ServletContextHandler@684e8c9d{/logs,file:///workdir/hadoop-ozone/integration-test/target/log,AVAILABLE}
2019-10-08 21:56:49,679 [main] INFO  handler.ContextHandler (ContextHandler.java:doStart(781)) - Started o.e.j.s.ServletContextHandler@31973858{/static,jar:file:/home/user/.m2/repository/org/apache/hadoop/hadoop-hdds-container-service/0.5.0-SNAPSHOT/hadoop-hdds-container-service-0.5.0-SNAPSHOT.jar!/webapps/static,AVAILABLE}
2019-10-08 21:56:49,707 [main] INFO  handler.ContextHandler (ContextHandler.java:doStart(781)) - Started o.e.j.w.WebAppContext@5a7df831{/,file:///tmp/jetty-0.0.0.0-43206-hddsDatanode-_-any-7735396616032300466.dir/webapp/,AVAILABLE}{/hddsDatanode}
2019-10-08 21:56:49,707 [main] INFO  server.AbstractConnector (AbstractConnector.java:doStart(278)) - Started ServerConnector@667dcaad{HTTP/1.1,[http/1.1]}{0.0.0.0:43206}
2019-10-08 21:56:49,708 [main] INFO  server.Server (Server.java:doStart(419)) - Started @121939ms
2019-10-08 21:56:49,708 [main] WARN  impl.MetricsSystemImpl (MetricsSystemImpl.java:register(276)) - Sink prometheus already exists!
2019-10-08 21:56:49,709 [main] INFO  server.BaseHttpServer (BaseHttpServer.java:updateConnectorAddress(215)) - HTTP server of HDDSDATANODE is listening at http://0.0.0.0:43206
2019-10-08 21:56:49,709 [main] INFO  impl.MetricsSystemImpl (MetricsSystemImpl.java:init(158)) - HddsDatanode metrics system started (again)
2019-10-08 21:56:49,712 [org.apache.hadoop.util.JvmPauseMonitor$Monitor@4f2e6a57] INFO  util.JvmPauseMonitor (JvmPauseMonitor.java:run(188)) - Starting JVM pause monitor
2019-10-08 21:56:49,712 [main] INFO  ozone.HddsDatanodeService (HddsDatanodeService.java:start(184)) - HddsDatanodeService host:pr-hdds-2217-2kdk4-3258704453 ip:192.168.151.107
2019-10-08 21:56:49,713 [Datanode State Machine Thread - 0] INFO  datanode.InitDatanodeState (InitDatanodeState.java:persistContainerDatanodeDetails(140)) - DatanodeDetails is persisted to /workdir/hadoop-ozone/integration-test/target/test-dir/MiniOzoneClusterImpl-95bdc624-c518-47a7-b47f-3e0594fbda9c/datanode-2/meta/datanode.id
2019-10-08 21:56:49,718 [main] INFO  volume.HddsVolume (HddsVolume.java:<init>(176)) - Creating Volume: /workdir/hadoop-ozone/integration-test/target/test-dir/MiniOzoneClusterImpl-95bdc624-c518-47a7-b47f-3e0594fbda9c/datanode-3/data/containers/hdds of  storage type : DISK and capacity : 1482555576320
2019-10-08 21:56:49,718 [main] INFO  volume.VolumeSet (VolumeSet.java:initializeVolumeSet(170)) - Added Volume : /workdir/hadoop-ozone/integration-test/target/test-dir/MiniOzoneClusterImpl-95bdc624-c518-47a7-b47f-3e0594fbda9c/datanode-3/data/containers/hdds to VolumeSet
2019-10-08 21:56:49,718 [main] INFO  volume.ThrottledAsyncChecker (ThrottledAsyncChecker.java:schedule(139)) - Scheduling a check for org.apache.hadoop.ozone.container.common.volume.HddsVolume@35d60381
2019-10-08 21:56:49,718 [main] INFO  volume.HddsVolumeChecker (HddsVolumeChecker.java:checkAllVolumes(202)) - Scheduled health check for volume org.apache.hadoop.ozone.container.common.volume.HddsVolume@35d60381
2019-10-08 21:56:49,731 [main] INFO  impl.RaftServerProxy (ConfUtils.java:logGet(43)) - raft.rpc.type = GRPC (default)
2019-10-08 21:56:49,731 [main] INFO  grpc.GrpcFactory (GrpcFactory.java:checkPooledByteBufAllocatorUseCacheForAllThreads(45)) - PERFORMANCE WARNING: useCacheForAllThreads is true that may cause Netty to create a lot garbage objects and, as a result, trigger GC.
	It is recommended to disable useCacheForAllThreads by setting -Dorg.apache.ratis.thirdparty.io.netty.allocator.useCacheForAllThreads=false in command line.
2019-10-08 21:56:49,731 [main] INFO  grpc.GrpcConfigKeys$Server (ConfUtils.java:logGet(43)) - raft.grpc.server.port = 0 (default)
2019-10-08 21:56:49,731 [main] INFO  server.GrpcService (ConfUtils.java:logGet(43)) - raft.grpc.message.size.max = 33570816 (custom)
2019-10-08 21:56:49,731 [main] INFO  server.RaftServerConfigKeys (ConfUtils.java:logGet(43)) - raft.server.log.appender.buffer.byte-limit = 33554432 (custom)
2019-10-08 21:56:49,731 [main] INFO  server.GrpcService (ConfUtils.java:logGet(43)) - raft.grpc.flow.control.window = 1MB (=1048576) (default)
2019-10-08 21:56:49,732 [main] INFO  server.RaftServerConfigKeys (ConfUtils.java:logGet(43)) - raft.server.rpc.request.timeout = 3000ms (default)
2019-10-08 21:56:49,732 [main] INFO  server.RaftServerConfigKeys (ConfUtils.java:logGet(43)) - raft.server.storage.dir = [/workdir/hadoop-ozone/integration-test/target/test-dir/MiniOzoneClusterImpl-95bdc624-c518-47a7-b47f-3e0594fbda9c/datanode-3/data/ratis] (custom)
2019-10-08 21:56:49,733 [main] INFO  hdfs.DFSUtil (DFSUtil.java:httpServerTemplateForNNAndJN(1641)) - Starting Web-server for hddsDatanode at: http://0.0.0.0:0
2019-10-08 21:56:49,734 [main] INFO  server.AuthenticationFilter (AuthenticationFilter.java:constructSecretProvider(240)) - Unable to initialize FileSignerSecretProvider, falling back to use random secrets.
2019-10-08 21:56:49,735 [main] WARN  http.HttpRequestLog (HttpRequestLog.java:getRequestLog(97)) - Jetty request log can only be enabled using Log4j
2019-10-08 21:56:49,736 [main] INFO  http.HttpServer2 (HttpServer2.java:addGlobalFilter(975)) - Added global filter 'safety' (class=org.apache.hadoop.http.HttpServer2$QuotingInputFilter)
2019-10-08 21:56:49,736 [main] INFO  http.HttpServer2 (HttpServer2.java:addFilter(948)) - Added filter static_user_filter (class=org.apache.hadoop.http.lib.StaticUserWebFilter$StaticUserFilter) to context hddsDatanode
2019-10-08 21:56:49,736 [main] INFO  http.HttpServer2 (HttpServer2.java:addFilter(958)) - Added filter static_user_filter (class=org.apache.hadoop.http.lib.StaticUserWebFilter$StaticUserFilter) to context static
2019-10-08 21:56:49,737 [main] INFO  http.HttpServer2 (HttpServer2.java:addFilter(958)) - Added filter static_user_filter (class=org.apache.hadoop.http.lib.StaticUserWebFilter$StaticUserFilter) to context logs
2019-10-08 21:56:49,737 [main] INFO  http.HttpServer2 (HttpServer2.java:bindListener(1191)) - Jetty bound to port 35897
2019-10-08 21:56:49,737 [main] INFO  server.Server (Server.java:doStart(351)) - jetty-9.3.25.v20180904, build timestamp: 2018-09-04T21:11:46Z, git hash: 3ce520221d0240229c862b122d2b06c12a625732
2019-10-08 21:56:49,739 [main] INFO  handler.ContextHandler (ContextHandler.java:doStart(781)) - Started o.e.j.s.ServletContextHandler@7e64c1a9{/logs,file:///workdir/hadoop-ozone/integration-test/target/log,AVAILABLE}
2019-10-08 21:56:49,740 [main] INFO  handler.ContextHandler (ContextHandler.java:doStart(781)) - Started o.e.j.s.ServletContextHandler@162c1dfb{/static,jar:file:/home/user/.m2/repository/org/apache/hadoop/hadoop-hdds-container-service/0.5.0-SNAPSHOT/hadoop-hdds-container-service-0.5.0-SNAPSHOT.jar!/webapps/static,AVAILABLE}
2019-10-08 21:56:49,768 [main] INFO  handler.ContextHandler (ContextHandler.java:doStart(781)) - Started o.e.j.w.WebAppContext@3a4aadf8{/,file:///tmp/jetty-0.0.0.0-35897-hddsDatanode-_-any-3839688512909568236.dir/webapp/,AVAILABLE}{/hddsDatanode}
2019-10-08 21:56:49,768 [main] INFO  server.AbstractConnector (AbstractConnector.java:doStart(278)) - Started ServerConnector@7bbfc5ff{HTTP/1.1,[http/1.1]}{0.0.0.0:35897}
2019-10-08 21:56:49,769 [main] INFO  server.Server (Server.java:doStart(419)) - Started @122000ms
2019-10-08 21:56:49,769 [main] WARN  impl.MetricsSystemImpl (MetricsSystemImpl.java:register(276)) - Sink prometheus already exists!
2019-10-08 21:56:49,770 [main] INFO  server.BaseHttpServer (BaseHttpServer.java:updateConnectorAddress(215)) - HTTP server of HDDSDATANODE is listening at http://0.0.0.0:35897
2019-10-08 21:56:49,770 [main] INFO  impl.MetricsSystemImpl (MetricsSystemImpl.java:init(158)) - HddsDatanode metrics system started (again)
2019-10-08 21:56:49,774 [org.apache.hadoop.util.JvmPauseMonitor$Monitor@5747e299] INFO  util.JvmPauseMonitor (JvmPauseMonitor.java:run(188)) - Starting JVM pause monitor
2019-10-08 21:56:49,774 [main] INFO  ozone.HddsDatanodeService (HddsDatanodeService.java:start(184)) - HddsDatanodeService host:pr-hdds-2217-2kdk4-3258704453 ip:192.168.151.107
2019-10-08 21:56:49,775 [Datanode State Machine Thread - 0] INFO  datanode.InitDatanodeState (InitDatanodeState.java:persistContainerDatanodeDetails(140)) - DatanodeDetails is persisted to /workdir/hadoop-ozone/integration-test/target/test-dir/MiniOzoneClusterImpl-95bdc624-c518-47a7-b47f-3e0594fbda9c/datanode-3/meta/datanode.id
2019-10-08 21:56:49,785 [main] INFO  volume.HddsVolume (HddsVolume.java:<init>(176)) - Creating Volume: /workdir/hadoop-ozone/integration-test/target/test-dir/MiniOzoneClusterImpl-95bdc624-c518-47a7-b47f-3e0594fbda9c/datanode-4/data/containers/hdds of  storage type : DISK and capacity : 1482555576320
2019-10-08 21:56:49,785 [main] INFO  volume.VolumeSet (VolumeSet.java:initializeVolumeSet(170)) - Added Volume : /workdir/hadoop-ozone/integration-test/target/test-dir/MiniOzoneClusterImpl-95bdc624-c518-47a7-b47f-3e0594fbda9c/datanode-4/data/containers/hdds to VolumeSet
2019-10-08 21:56:49,785 [main] INFO  volume.ThrottledAsyncChecker (ThrottledAsyncChecker.java:schedule(139)) - Scheduling a check for org.apache.hadoop.ozone.container.common.volume.HddsVolume@67332b1e
2019-10-08 21:56:49,785 [main] INFO  volume.HddsVolumeChecker (HddsVolumeChecker.java:checkAllVolumes(202)) - Scheduled health check for volume org.apache.hadoop.ozone.container.common.volume.HddsVolume@67332b1e
2019-10-08 21:56:49,799 [main] INFO  impl.RaftServerProxy (ConfUtils.java:logGet(43)) - raft.rpc.type = GRPC (default)
2019-10-08 21:56:49,800 [main] INFO  grpc.GrpcFactory (GrpcFactory.java:checkPooledByteBufAllocatorUseCacheForAllThreads(45)) - PERFORMANCE WARNING: useCacheForAllThreads is true that may cause Netty to create a lot garbage objects and, as a result, trigger GC.
	It is recommended to disable useCacheForAllThreads by setting -Dorg.apache.ratis.thirdparty.io.netty.allocator.useCacheForAllThreads=false in command line.
2019-10-08 21:56:49,800 [main] INFO  grpc.GrpcConfigKeys$Server (ConfUtils.java:logGet(43)) - raft.grpc.server.port = 0 (default)
2019-10-08 21:56:49,800 [main] INFO  server.GrpcService (ConfUtils.java:logGet(43)) - raft.grpc.message.size.max = 33570816 (custom)
2019-10-08 21:56:49,800 [main] INFO  server.RaftServerConfigKeys (ConfUtils.java:logGet(43)) - raft.server.log.appender.buffer.byte-limit = 33554432 (custom)
2019-10-08 21:56:49,800 [main] INFO  server.GrpcService (ConfUtils.java:logGet(43)) - raft.grpc.flow.control.window = 1MB (=1048576) (default)
2019-10-08 21:56:49,801 [main] INFO  server.RaftServerConfigKeys (ConfUtils.java:logGet(43)) - raft.server.rpc.request.timeout = 3000ms (default)
2019-10-08 21:56:49,801 [main] INFO  server.RaftServerConfigKeys (ConfUtils.java:logGet(43)) - raft.server.storage.dir = [/workdir/hadoop-ozone/integration-test/target/test-dir/MiniOzoneClusterImpl-95bdc624-c518-47a7-b47f-3e0594fbda9c/datanode-4/data/ratis] (custom)
2019-10-08 21:56:49,802 [main] INFO  hdfs.DFSUtil (DFSUtil.java:httpServerTemplateForNNAndJN(1641)) - Starting Web-server for hddsDatanode at: http://0.0.0.0:0
2019-10-08 21:56:49,804 [main] INFO  server.AuthenticationFilter (AuthenticationFilter.java:constructSecretProvider(240)) - Unable to initialize FileSignerSecretProvider, falling back to use random secrets.
2019-10-08 21:56:49,804 [main] WARN  http.HttpRequestLog (HttpRequestLog.java:getRequestLog(97)) - Jetty request log can only be enabled using Log4j
2019-10-08 21:56:49,805 [main] INFO  http.HttpServer2 (HttpServer2.java:addGlobalFilter(975)) - Added global filter 'safety' (class=org.apache.hadoop.http.HttpServer2$QuotingInputFilter)
2019-10-08 21:56:49,806 [main] INFO  http.HttpServer2 (HttpServer2.java:addFilter(948)) - Added filter static_user_filter (class=org.apache.hadoop.http.lib.StaticUserWebFilter$StaticUserFilter) to context hddsDatanode
2019-10-08 21:56:49,806 [main] INFO  http.HttpServer2 (HttpServer2.java:addFilter(958)) - Added filter static_user_filter (class=org.apache.hadoop.http.lib.StaticUserWebFilter$StaticUserFilter) to context logs
2019-10-08 21:56:49,806 [main] INFO  http.HttpServer2 (HttpServer2.java:addFilter(958)) - Added filter static_user_filter (class=org.apache.hadoop.http.lib.StaticUserWebFilter$StaticUserFilter) to context static
2019-10-08 21:56:49,807 [main] INFO  http.HttpServer2 (HttpServer2.java:bindListener(1191)) - Jetty bound to port 40833
2019-10-08 21:56:49,807 [main] INFO  server.Server (Server.java:doStart(351)) - jetty-9.3.25.v20180904, build timestamp: 2018-09-04T21:11:46Z, git hash: 3ce520221d0240229c862b122d2b06c12a625732
2019-10-08 21:56:49,809 [main] INFO  handler.ContextHandler (ContextHandler.java:doStart(781)) - Started o.e.j.s.ServletContextHandler@43f03c23{/logs,file:///workdir/hadoop-ozone/integration-test/target/log,AVAILABLE}
2019-10-08 21:56:49,809 [main] INFO  handler.ContextHandler (ContextHandler.java:doStart(781)) - Started o.e.j.s.ServletContextHandler@2921199d{/static,jar:file:/home/user/.m2/repository/org/apache/hadoop/hadoop-hdds-container-service/0.5.0-SNAPSHOT/hadoop-hdds-container-service-0.5.0-SNAPSHOT.jar!/webapps/static,AVAILABLE}
2019-10-08 21:56:49,837 [main] INFO  handler.ContextHandler (ContextHandler.java:doStart(781)) - Started o.e.j.w.WebAppContext@7e87ef9e{/,file:///tmp/jetty-0.0.0.0-40833-hddsDatanode-_-any-256286195265532769.dir/webapp/,AVAILABLE}{/hddsDatanode}
2019-10-08 21:56:49,838 [main] INFO  server.AbstractConnector (AbstractConnector.java:doStart(278)) - Started ServerConnector@e3b0369{HTTP/1.1,[http/1.1]}{0.0.0.0:40833}
2019-10-08 21:56:49,839 [main] INFO  server.Server (Server.java:doStart(419)) - Started @122070ms
2019-10-08 21:56:49,839 [main] WARN  impl.MetricsSystemImpl (MetricsSystemImpl.java:register(276)) - Sink prometheus already exists!
2019-10-08 21:56:49,840 [main] INFO  server.BaseHttpServer (BaseHttpServer.java:updateConnectorAddress(215)) - HTTP server of HDDSDATANODE is listening at http://0.0.0.0:40833
2019-10-08 21:56:49,840 [main] INFO  impl.MetricsSystemImpl (MetricsSystemImpl.java:init(158)) - HddsDatanode metrics system started (again)
2019-10-08 21:56:49,844 [org.apache.hadoop.util.JvmPauseMonitor$Monitor@312cf4cb] INFO  util.JvmPauseMonitor (JvmPauseMonitor.java:run(188)) - Starting JVM pause monitor
2019-10-08 21:56:49,844 [main] INFO  ozone.HddsDatanodeService (HddsDatanodeService.java:start(184)) - HddsDatanodeService host:pr-hdds-2217-2kdk4-3258704453 ip:192.168.151.107
2019-10-08 21:56:49,845 [Datanode State Machine Thread - 0] INFO  datanode.InitDatanodeState (InitDatanodeState.java:persistContainerDatanodeDetails(140)) - DatanodeDetails is persisted to /workdir/hadoop-ozone/integration-test/target/test-dir/MiniOzoneClusterImpl-95bdc624-c518-47a7-b47f-3e0594fbda9c/datanode-4/meta/datanode.id
2019-10-08 21:56:49,850 [main] INFO  volume.HddsVolume (HddsVolume.java:<init>(176)) - Creating Volume: /workdir/hadoop-ozone/integration-test/target/test-dir/MiniOzoneClusterImpl-95bdc624-c518-47a7-b47f-3e0594fbda9c/datanode-5/data/containers/hdds of  storage type : DISK and capacity : 1482555576320
2019-10-08 21:56:49,850 [main] INFO  volume.VolumeSet (VolumeSet.java:initializeVolumeSet(170)) - Added Volume : /workdir/hadoop-ozone/integration-test/target/test-dir/MiniOzoneClusterImpl-95bdc624-c518-47a7-b47f-3e0594fbda9c/datanode-5/data/containers/hdds to VolumeSet
2019-10-08 21:56:49,851 [main] INFO  volume.ThrottledAsyncChecker (ThrottledAsyncChecker.java:schedule(139)) - Scheduling a check for org.apache.hadoop.ozone.container.common.volume.HddsVolume@298b64f7
2019-10-08 21:56:49,851 [main] INFO  volume.HddsVolumeChecker (HddsVolumeChecker.java:checkAllVolumes(202)) - Scheduled health check for volume org.apache.hadoop.ozone.container.common.volume.HddsVolume@298b64f7
2019-10-08 21:56:49,865 [main] INFO  impl.RaftServerProxy (ConfUtils.java:logGet(43)) - raft.rpc.type = GRPC (default)
2019-10-08 21:56:49,865 [main] INFO  grpc.GrpcFactory (GrpcFactory.java:checkPooledByteBufAllocatorUseCacheForAllThreads(45)) - PERFORMANCE WARNING: useCacheForAllThreads is true that may cause Netty to create a lot garbage objects and, as a result, trigger GC.
	It is recommended to disable useCacheForAllThreads by setting -Dorg.apache.ratis.thirdparty.io.netty.allocator.useCacheForAllThreads=false in command line.
2019-10-08 21:56:49,865 [main] INFO  grpc.GrpcConfigKeys$Server (ConfUtils.java:logGet(43)) - raft.grpc.server.port = 0 (default)
2019-10-08 21:56:49,865 [main] INFO  server.GrpcService (ConfUtils.java:logGet(43)) - raft.grpc.message.size.max = 33570816 (custom)
2019-10-08 21:56:49,866 [main] INFO  server.RaftServerConfigKeys (ConfUtils.java:logGet(43)) - raft.server.log.appender.buffer.byte-limit = 33554432 (custom)
2019-10-08 21:56:49,866 [main] INFO  server.GrpcService (ConfUtils.java:logGet(43)) - raft.grpc.flow.control.window = 1MB (=1048576) (default)
2019-10-08 21:56:49,866 [main] INFO  server.RaftServerConfigKeys (ConfUtils.java:logGet(43)) - raft.server.rpc.request.timeout = 3000ms (default)
2019-10-08 21:56:49,866 [main] INFO  server.RaftServerConfigKeys (ConfUtils.java:logGet(43)) - raft.server.storage.dir = [/workdir/hadoop-ozone/integration-test/target/test-dir/MiniOzoneClusterImpl-95bdc624-c518-47a7-b47f-3e0594fbda9c/datanode-5/data/ratis] (custom)
2019-10-08 21:56:49,867 [main] INFO  hdfs.DFSUtil (DFSUtil.java:httpServerTemplateForNNAndJN(1641)) - Starting Web-server for hddsDatanode at: http://0.0.0.0:0
2019-10-08 21:56:49,868 [main] INFO  server.AuthenticationFilter (AuthenticationFilter.java:constructSecretProvider(240)) - Unable to initialize FileSignerSecretProvider, falling back to use random secrets.
2019-10-08 21:56:49,869 [main] WARN  http.HttpRequestLog (HttpRequestLog.java:getRequestLog(97)) - Jetty request log can only be enabled using Log4j
2019-10-08 21:56:49,870 [main] INFO  http.HttpServer2 (HttpServer2.java:addGlobalFilter(975)) - Added global filter 'safety' (class=org.apache.hadoop.http.HttpServer2$QuotingInputFilter)
2019-10-08 21:56:49,871 [main] INFO  http.HttpServer2 (HttpServer2.java:addFilter(948)) - Added filter static_user_filter (class=org.apache.hadoop.http.lib.StaticUserWebFilter$StaticUserFilter) to context hddsDatanode
2019-10-08 21:56:49,871 [main] INFO  http.HttpServer2 (HttpServer2.java:addFilter(958)) - Added filter static_user_filter (class=org.apache.hadoop.http.lib.StaticUserWebFilter$StaticUserFilter) to context logs
2019-10-08 21:56:49,871 [main] INFO  http.HttpServer2 (HttpServer2.java:addFilter(958)) - Added filter static_user_filter (class=org.apache.hadoop.http.lib.StaticUserWebFilter$StaticUserFilter) to context static
2019-10-08 21:56:49,872 [main] INFO  http.HttpServer2 (HttpServer2.java:bindListener(1191)) - Jetty bound to port 40642
2019-10-08 21:56:49,873 [main] INFO  server.Server (Server.java:doStart(351)) - jetty-9.3.25.v20180904, build timestamp: 2018-09-04T21:11:46Z, git hash: 3ce520221d0240229c862b122d2b06c12a625732
2019-10-08 21:56:49,878 [main] INFO  handler.ContextHandler (ContextHandler.java:doStart(781)) - Started o.e.j.s.ServletContextHandler@4998e74b{/logs,file:///workdir/hadoop-ozone/integration-test/target/log,AVAILABLE}
2019-10-08 21:56:49,879 [main] INFO  handler.ContextHandler (ContextHandler.java:doStart(781)) - Started o.e.j.s.ServletContextHandler@28279a49{/static,jar:file:/home/user/.m2/repository/org/apache/hadoop/hadoop-hdds-container-service/0.5.0-SNAPSHOT/hadoop-hdds-container-service-0.5.0-SNAPSHOT.jar!/webapps/static,AVAILABLE}
2019-10-08 21:56:49,909 [main] INFO  handler.ContextHandler (ContextHandler.java:doStart(781)) - Started o.e.j.w.WebAppContext@2f20f7ad{/,file:///tmp/jetty-0.0.0.0-40642-hddsDatanode-_-any-8101086189605338103.dir/webapp/,AVAILABLE}{/hddsDatanode}
2019-10-08 21:56:49,910 [main] INFO  server.AbstractConnector (AbstractConnector.java:doStart(278)) - Started ServerConnector@45e617c4{HTTP/1.1,[http/1.1]}{0.0.0.0:40642}
2019-10-08 21:56:49,912 [main] INFO  server.Server (Server.java:doStart(419)) - Started @122143ms
2019-10-08 21:56:49,912 [main] WARN  impl.MetricsSystemImpl (MetricsSystemImpl.java:register(276)) - Sink prometheus already exists!
2019-10-08 21:56:49,913 [main] INFO  server.BaseHttpServer (BaseHttpServer.java:updateConnectorAddress(215)) - HTTP server of HDDSDATANODE is listening at http://0.0.0.0:40642
2019-10-08 21:56:49,913 [main] INFO  impl.MetricsSystemImpl (MetricsSystemImpl.java:init(158)) - HddsDatanode metrics system started (again)
2019-10-08 21:56:49,917 [org.apache.hadoop.util.JvmPauseMonitor$Monitor@196034b7] INFO  util.JvmPauseMonitor (JvmPauseMonitor.java:run(188)) - Starting JVM pause monitor
2019-10-08 21:56:49,918 [main] INFO  ozone.HddsDatanodeService (HddsDatanodeService.java:start(184)) - HddsDatanodeService host:pr-hdds-2217-2kdk4-3258704453 ip:192.168.151.107
2019-10-08 21:56:49,918 [Datanode State Machine Thread - 0] INFO  datanode.InitDatanodeState (InitDatanodeState.java:persistContainerDatanodeDetails(140)) - DatanodeDetails is persisted to /workdir/hadoop-ozone/integration-test/target/test-dir/MiniOzoneClusterImpl-95bdc624-c518-47a7-b47f-3e0594fbda9c/datanode-5/meta/datanode.id
2019-10-08 21:56:49,924 [main] INFO  volume.HddsVolume (HddsVolume.java:<init>(176)) - Creating Volume: /workdir/hadoop-ozone/integration-test/target/test-dir/MiniOzoneClusterImpl-95bdc624-c518-47a7-b47f-3e0594fbda9c/datanode-6/data/containers/hdds of  storage type : DISK and capacity : 1482555576320
2019-10-08 21:56:49,925 [main] INFO  volume.VolumeSet (VolumeSet.java:initializeVolumeSet(170)) - Added Volume : /workdir/hadoop-ozone/integration-test/target/test-dir/MiniOzoneClusterImpl-95bdc624-c518-47a7-b47f-3e0594fbda9c/datanode-6/data/containers/hdds to VolumeSet
2019-10-08 21:56:49,925 [main] INFO  volume.ThrottledAsyncChecker (ThrottledAsyncChecker.java:schedule(139)) - Scheduling a check for org.apache.hadoop.ozone.container.common.volume.HddsVolume@5ad6cc21
2019-10-08 21:56:49,925 [main] INFO  volume.HddsVolumeChecker (HddsVolumeChecker.java:checkAllVolumes(202)) - Scheduled health check for volume org.apache.hadoop.ozone.container.common.volume.HddsVolume@5ad6cc21
2019-10-08 21:56:49,941 [main] INFO  impl.RaftServerProxy (ConfUtils.java:logGet(43)) - raft.rpc.type = GRPC (default)
2019-10-08 21:56:49,941 [main] INFO  grpc.GrpcFactory (GrpcFactory.java:checkPooledByteBufAllocatorUseCacheForAllThreads(45)) - PERFORMANCE WARNING: useCacheForAllThreads is true that may cause Netty to create a lot garbage objects and, as a result, trigger GC.
	It is recommended to disable useCacheForAllThreads by setting -Dorg.apache.ratis.thirdparty.io.netty.allocator.useCacheForAllThreads=false in command line.
2019-10-08 21:56:49,941 [main] INFO  grpc.GrpcConfigKeys$Server (ConfUtils.java:logGet(43)) - raft.grpc.server.port = 0 (default)
2019-10-08 21:56:49,941 [main] INFO  server.GrpcService (ConfUtils.java:logGet(43)) - raft.grpc.message.size.max = 33570816 (custom)
2019-10-08 21:56:49,942 [main] INFO  server.RaftServerConfigKeys (ConfUtils.java:logGet(43)) - raft.server.log.appender.buffer.byte-limit = 33554432 (custom)
2019-10-08 21:56:49,942 [main] INFO  server.GrpcService (ConfUtils.java:logGet(43)) - raft.grpc.flow.control.window = 1MB (=1048576) (default)
2019-10-08 21:56:49,942 [main] INFO  server.RaftServerConfigKeys (ConfUtils.java:logGet(43)) - raft.server.rpc.request.timeout = 3000ms (default)
2019-10-08 21:56:49,942 [main] INFO  server.RaftServerConfigKeys (ConfUtils.java:logGet(43)) - raft.server.storage.dir = [/workdir/hadoop-ozone/integration-test/target/test-dir/MiniOzoneClusterImpl-95bdc624-c518-47a7-b47f-3e0594fbda9c/datanode-6/data/ratis] (custom)
2019-10-08 21:56:49,944 [main] INFO  hdfs.DFSUtil (DFSUtil.java:httpServerTemplateForNNAndJN(1641)) - Starting Web-server for hddsDatanode at: http://0.0.0.0:0
2019-10-08 21:56:49,945 [main] INFO  server.AuthenticationFilter (AuthenticationFilter.java:constructSecretProvider(240)) - Unable to initialize FileSignerSecretProvider, falling back to use random secrets.
2019-10-08 21:56:49,945 [main] WARN  http.HttpRequestLog (HttpRequestLog.java:getRequestLog(97)) - Jetty request log can only be enabled using Log4j
2019-10-08 21:56:49,947 [main] INFO  http.HttpServer2 (HttpServer2.java:addGlobalFilter(975)) - Added global filter 'safety' (class=org.apache.hadoop.http.HttpServer2$QuotingInputFilter)
2019-10-08 21:56:49,947 [main] INFO  http.HttpServer2 (HttpServer2.java:addFilter(948)) - Added filter static_user_filter (class=org.apache.hadoop.http.lib.StaticUserWebFilter$StaticUserFilter) to context hddsDatanode
2019-10-08 21:56:49,947 [main] INFO  http.HttpServer2 (HttpServer2.java:addFilter(958)) - Added filter static_user_filter (class=org.apache.hadoop.http.lib.StaticUserWebFilter$StaticUserFilter) to context static
2019-10-08 21:56:49,947 [main] INFO  http.HttpServer2 (HttpServer2.java:addFilter(958)) - Added filter static_user_filter (class=org.apache.hadoop.http.lib.StaticUserWebFilter$StaticUserFilter) to context logs
2019-10-08 21:56:49,948 [main] INFO  http.HttpServer2 (HttpServer2.java:bindListener(1191)) - Jetty bound to port 37938
2019-10-08 21:56:49,948 [main] INFO  server.Server (Server.java:doStart(351)) - jetty-9.3.25.v20180904, build timestamp: 2018-09-04T21:11:46Z, git hash: 3ce520221d0240229c862b122d2b06c12a625732
2019-10-08 21:56:49,950 [main] INFO  handler.ContextHandler (ContextHandler.java:doStart(781)) - Started o.e.j.s.ServletContextHandler@6be6931f{/logs,file:///workdir/hadoop-ozone/integration-test/target/log,AVAILABLE}
2019-10-08 21:56:49,950 [main] INFO  handler.ContextHandler (ContextHandler.java:doStart(781)) - Started o.e.j.s.ServletContextHandler@78da899f{/static,jar:file:/home/user/.m2/repository/org/apache/hadoop/hadoop-hdds-container-service/0.5.0-SNAPSHOT/hadoop-hdds-container-service-0.5.0-SNAPSHOT.jar!/webapps/static,AVAILABLE}
2019-10-08 21:56:49,979 [main] INFO  handler.ContextHandler (ContextHandler.java:doStart(781)) - Started o.e.j.w.WebAppContext@2d5a1588{/,file:///tmp/jetty-0.0.0.0-37938-hddsDatanode-_-any-8989067820202291570.dir/webapp/,AVAILABLE}{/hddsDatanode}
2019-10-08 21:56:49,980 [main] INFO  server.AbstractConnector (AbstractConnector.java:doStart(278)) - Started ServerConnector@4f116ca2{HTTP/1.1,[http/1.1]}{0.0.0.0:37938}
2019-10-08 21:56:49,981 [main] INFO  server.Server (Server.java:doStart(419)) - Started @122212ms
2019-10-08 21:56:49,982 [main] WARN  impl.MetricsSystemImpl (MetricsSystemImpl.java:register(276)) - Sink prometheus already exists!
2019-10-08 21:56:49,982 [main] INFO  server.BaseHttpServer (BaseHttpServer.java:updateConnectorAddress(215)) - HTTP server of HDDSDATANODE is listening at http://0.0.0.0:37938
2019-10-08 21:56:49,983 [main] INFO  ozone.MiniOzoneClusterImpl (MiniOzoneClusterImpl.java:lambda$waitForClusterToBeReady$0(147)) - Waiting for cluster to be ready. Got 0 of 7 DN Heartbeats.
2019-10-08 21:56:49,984 [org.apache.hadoop.util.JvmPauseMonitor$Monitor@48b0a46e] INFO  util.JvmPauseMonitor (JvmPauseMonitor.java:run(188)) - Starting JVM pause monitor
2019-10-08 21:56:49,986 [Datanode State Machine Thread - 0] INFO  datanode.InitDatanodeState (InitDatanodeState.java:persistContainerDatanodeDetails(140)) - DatanodeDetails is persisted to /workdir/hadoop-ozone/integration-test/target/test-dir/MiniOzoneClusterImpl-95bdc624-c518-47a7-b47f-3e0594fbda9c/datanode-6/meta/datanode.id
2019-10-08 21:56:50,983 [main] INFO  ozone.MiniOzoneClusterImpl (MiniOzoneClusterImpl.java:lambda$waitForClusterToBeReady$0(147)) - Waiting for cluster to be ready. Got 0 of 7 DN Heartbeats.
2019-10-08 21:56:51,608 [Datanode State Machine Thread - 0] INFO  ozoneimpl.OzoneContainer (OzoneContainer.java:start(213)) - Attempting to start container services.
2019-10-08 21:56:51,609 [Datanode State Machine Thread - 0] INFO  ozoneimpl.OzoneContainer (OzoneContainer.java:startContainerScrub(177)) - Background container scanner has been disabled.
2019-10-08 21:56:51,609 [Datanode State Machine Thread - 0] INFO  ratis.XceiverServerRatis (XceiverServerRatis.java:start(418)) - Starting XceiverServerRatis 32e3cd3b-c954-4a3a-8ad8-e92aab13856a at port 0
2019-10-08 21:56:51,616 [Datanode State Machine Thread - 0] INFO  impl.RaftServerProxy (RaftServerProxy.java:lambda$start$3(299)) - 32e3cd3b-c954-4a3a-8ad8-e92aab13856a: start RPC server
2019-10-08 21:56:51,618 [Datanode State Machine Thread - 0] INFO  server.GrpcService (GrpcService.java:startImpl(158)) - 32e3cd3b-c954-4a3a-8ad8-e92aab13856a: GrpcService started, listening on 0.0.0.0/0.0.0.0:45724
2019-10-08 21:56:51,618 [Datanode State Machine Thread - 0] INFO  ratis.XceiverServerRatis (XceiverServerRatis.java:start(428)) - XceiverServerRatis 32e3cd3b-c954-4a3a-8ad8-e92aab13856a is started using port 45724
2019-10-08 21:56:51,619 [Datanode State Machine Thread - 0] INFO  server.XceiverServerGrpc (XceiverServerGrpc.java:start(149)) - XceiverServerGrpc 32e3cd3b-c954-4a3a-8ad8-e92aab13856a is started using port 43038
2019-10-08 21:56:51,670 [Datanode State Machine Thread - 0] INFO  ozoneimpl.OzoneContainer (OzoneContainer.java:start(213)) - Attempting to start container services.
2019-10-08 21:56:51,673 [Datanode State Machine Thread - 0] INFO  ozoneimpl.OzoneContainer (OzoneContainer.java:startContainerScrub(177)) - Background container scanner has been disabled.
2019-10-08 21:56:51,673 [Datanode State Machine Thread - 0] INFO  ratis.XceiverServerRatis (XceiverServerRatis.java:start(418)) - Starting XceiverServerRatis 5fe831c6-d7d2-49de-98c2-18dc53ff8363 at port 0
2019-10-08 21:56:51,681 [Datanode State Machine Thread - 0] INFO  impl.RaftServerProxy (RaftServerProxy.java:lambda$start$3(299)) - 5fe831c6-d7d2-49de-98c2-18dc53ff8363: start RPC server
2019-10-08 21:56:51,682 [Datanode State Machine Thread - 0] INFO  server.GrpcService (GrpcService.java:startImpl(158)) - 5fe831c6-d7d2-49de-98c2-18dc53ff8363: GrpcService started, listening on 0.0.0.0/0.0.0.0:44026
2019-10-08 21:56:51,682 [Datanode State Machine Thread - 0] INFO  ratis.XceiverServerRatis (XceiverServerRatis.java:start(428)) - XceiverServerRatis 5fe831c6-d7d2-49de-98c2-18dc53ff8363 is started using port 44026
2019-10-08 21:56:51,683 [Datanode State Machine Thread - 0] INFO  server.XceiverServerGrpc (XceiverServerGrpc.java:start(149)) - XceiverServerGrpc 5fe831c6-d7d2-49de-98c2-18dc53ff8363 is started using port 33146
2019-10-08 21:56:51,726 [Datanode State Machine Thread - 0] INFO  ozoneimpl.OzoneContainer (OzoneContainer.java:start(213)) - Attempting to start container services.
2019-10-08 21:56:51,727 [Datanode State Machine Thread - 0] INFO  ozoneimpl.OzoneContainer (OzoneContainer.java:startContainerScrub(177)) - Background container scanner has been disabled.
2019-10-08 21:56:51,727 [Datanode State Machine Thread - 0] INFO  ratis.XceiverServerRatis (XceiverServerRatis.java:start(418)) - Starting XceiverServerRatis 12a1f04c-09b4-4c0f-87a4-bd1bfeb86722 at port 0
2019-10-08 21:56:51,735 [Datanode State Machine Thread - 0] INFO  impl.RaftServerProxy (RaftServerProxy.java:lambda$start$3(299)) - 12a1f04c-09b4-4c0f-87a4-bd1bfeb86722: start RPC server
2019-10-08 21:56:51,735 [Datanode State Machine Thread - 0] INFO  server.GrpcService (GrpcService.java:startImpl(158)) - 12a1f04c-09b4-4c0f-87a4-bd1bfeb86722: GrpcService started, listening on 0.0.0.0/0.0.0.0:33436
2019-10-08 21:56:51,736 [Datanode State Machine Thread - 0] INFO  ratis.XceiverServerRatis (XceiverServerRatis.java:start(428)) - XceiverServerRatis 12a1f04c-09b4-4c0f-87a4-bd1bfeb86722 is started using port 33436
2019-10-08 21:56:51,736 [Datanode State Machine Thread - 0] INFO  server.XceiverServerGrpc (XceiverServerGrpc.java:start(149)) - XceiverServerGrpc 12a1f04c-09b4-4c0f-87a4-bd1bfeb86722 is started using port 44334
2019-10-08 21:56:51,786 [Datanode State Machine Thread - 0] INFO  ozoneimpl.OzoneContainer (OzoneContainer.java:start(213)) - Attempting to start container services.
2019-10-08 21:56:51,787 [Datanode State Machine Thread - 0] INFO  ozoneimpl.OzoneContainer (OzoneContainer.java:startContainerScrub(177)) - Background container scanner has been disabled.
2019-10-08 21:56:51,787 [Datanode State Machine Thread - 0] INFO  ratis.XceiverServerRatis (XceiverServerRatis.java:start(418)) - Starting XceiverServerRatis 997f0eef-8596-490e-aa24-5c3f322eaa27 at port 0
2019-10-08 21:56:51,795 [Datanode State Machine Thread - 0] INFO  impl.RaftServerProxy (RaftServerProxy.java:lambda$start$3(299)) - 997f0eef-8596-490e-aa24-5c3f322eaa27: start RPC server
2019-10-08 21:56:51,797 [Datanode State Machine Thread - 0] INFO  server.GrpcService (GrpcService.java:startImpl(158)) - 997f0eef-8596-490e-aa24-5c3f322eaa27: GrpcService started, listening on 0.0.0.0/0.0.0.0:42323
2019-10-08 21:56:51,798 [Datanode State Machine Thread - 0] INFO  ratis.XceiverServerRatis (XceiverServerRatis.java:start(428)) - XceiverServerRatis 997f0eef-8596-490e-aa24-5c3f322eaa27 is started using port 42323
2019-10-08 21:56:51,800 [Datanode State Machine Thread - 0] INFO  server.XceiverServerGrpc (XceiverServerGrpc.java:start(149)) - XceiverServerGrpc 997f0eef-8596-490e-aa24-5c3f322eaa27 is started using port 37989
2019-10-08 21:56:51,859 [Datanode State Machine Thread - 0] INFO  ozoneimpl.OzoneContainer (OzoneContainer.java:start(213)) - Attempting to start container services.
2019-10-08 21:56:51,860 [Datanode State Machine Thread - 0] INFO  ozoneimpl.OzoneContainer (OzoneContainer.java:startContainerScrub(177)) - Background container scanner has been disabled.
2019-10-08 21:56:51,860 [Datanode State Machine Thread - 0] INFO  ratis.XceiverServerRatis (XceiverServerRatis.java:start(418)) - Starting XceiverServerRatis 063d3d25-0987-4ced-b2ba-219b6e3a1325 at port 0
2019-10-08 21:56:51,867 [Datanode State Machine Thread - 0] INFO  impl.RaftServerProxy (RaftServerProxy.java:lambda$start$3(299)) - 063d3d25-0987-4ced-b2ba-219b6e3a1325: start RPC server
2019-10-08 21:56:51,869 [Datanode State Machine Thread - 0] INFO  server.GrpcService (GrpcService.java:startImpl(158)) - 063d3d25-0987-4ced-b2ba-219b6e3a1325: GrpcService started, listening on 0.0.0.0/0.0.0.0:43236
2019-10-08 21:56:51,869 [Datanode State Machine Thread - 0] INFO  ratis.XceiverServerRatis (XceiverServerRatis.java:start(428)) - XceiverServerRatis 063d3d25-0987-4ced-b2ba-219b6e3a1325 is started using port 43236
2019-10-08 21:56:51,869 [Datanode State Machine Thread - 0] INFO  server.XceiverServerGrpc (XceiverServerGrpc.java:start(149)) - XceiverServerGrpc 063d3d25-0987-4ced-b2ba-219b6e3a1325 is started using port 35825
2019-10-08 21:56:51,933 [Datanode State Machine Thread - 0] INFO  ozoneimpl.OzoneContainer (OzoneContainer.java:start(213)) - Attempting to start container services.
2019-10-08 21:56:51,934 [Datanode State Machine Thread - 0] INFO  ozoneimpl.OzoneContainer (OzoneContainer.java:startContainerScrub(177)) - Background container scanner has been disabled.
2019-10-08 21:56:51,934 [Datanode State Machine Thread - 0] INFO  ratis.XceiverServerRatis (XceiverServerRatis.java:start(418)) - Starting XceiverServerRatis f859ae29-ff43-4c18-a03a-f65c899718fd at port 0
2019-10-08 21:56:51,941 [Datanode State Machine Thread - 0] INFO  impl.RaftServerProxy (RaftServerProxy.java:lambda$start$3(299)) - f859ae29-ff43-4c18-a03a-f65c899718fd: start RPC server
2019-10-08 21:56:51,945 [Datanode State Machine Thread - 0] INFO  server.GrpcService (GrpcService.java:startImpl(158)) - f859ae29-ff43-4c18-a03a-f65c899718fd: GrpcService started, listening on 0.0.0.0/0.0.0.0:40768
2019-10-08 21:56:51,945 [Datanode State Machine Thread - 0] INFO  ratis.XceiverServerRatis (XceiverServerRatis.java:start(428)) - XceiverServerRatis f859ae29-ff43-4c18-a03a-f65c899718fd is started using port 40768
2019-10-08 21:56:51,945 [Datanode State Machine Thread - 0] INFO  server.XceiverServerGrpc (XceiverServerGrpc.java:start(149)) - XceiverServerGrpc f859ae29-ff43-4c18-a03a-f65c899718fd is started using port 33499
2019-10-08 21:56:51,984 [main] INFO  ozone.MiniOzoneClusterImpl (MiniOzoneClusterImpl.java:lambda$waitForClusterToBeReady$0(147)) - Waiting for cluster to be ready. Got 0 of 7 DN Heartbeats.
2019-10-08 21:56:52,000 [Datanode State Machine Thread - 0] INFO  ozoneimpl.OzoneContainer (OzoneContainer.java:start(213)) - Attempting to start container services.
2019-10-08 21:56:52,000 [Datanode State Machine Thread - 0] INFO  ozoneimpl.OzoneContainer (OzoneContainer.java:startContainerScrub(177)) - Background container scanner has been disabled.
2019-10-08 21:56:52,000 [Datanode State Machine Thread - 0] INFO  ratis.XceiverServerRatis (XceiverServerRatis.java:start(418)) - Starting XceiverServerRatis 9241910e-7215-4b10-8981-67058d2a4474 at port 0
2019-10-08 21:56:52,008 [Datanode State Machine Thread - 0] INFO  impl.RaftServerProxy (RaftServerProxy.java:lambda$start$3(299)) - 9241910e-7215-4b10-8981-67058d2a4474: start RPC server
2019-10-08 21:56:52,012 [Datanode State Machine Thread - 0] INFO  server.GrpcService (GrpcService.java:startImpl(158)) - 9241910e-7215-4b10-8981-67058d2a4474: GrpcService started, listening on 0.0.0.0/0.0.0.0:38431
2019-10-08 21:56:52,012 [Datanode State Machine Thread - 0] INFO  ratis.XceiverServerRatis (XceiverServerRatis.java:start(428)) - XceiverServerRatis 9241910e-7215-4b10-8981-67058d2a4474 is started using port 38431
2019-10-08 21:56:52,013 [Datanode State Machine Thread - 0] INFO  server.XceiverServerGrpc (XceiverServerGrpc.java:start(149)) - XceiverServerGrpc 9241910e-7215-4b10-8981-67058d2a4474 is started using port 34267
2019-10-08 21:56:52,984 [main] INFO  ozone.MiniOzoneClusterImpl (MiniOzoneClusterImpl.java:lambda$waitForClusterToBeReady$0(147)) - Waiting for cluster to be ready. Got 0 of 7 DN Heartbeats.
2019-10-08 21:56:53,585 [IPC Server handler 0 on 43486] INFO  net.NetworkTopology (NetworkTopologyImpl.java:add(111)) - Added a new node: /default-rack/32e3cd3b-c954-4a3a-8ad8-e92aab13856a
2019-10-08 21:56:53,588 [IPC Server handler 0 on 43486] INFO  node.SCMNodeManager (SCMNodeManager.java:register(268)) - Registered Data node : 32e3cd3b-c954-4a3a-8ad8-e92aab13856a{ip: 192.168.151.107, host: pr-hdds-2217-2kdk4-3258704453, networkLocation: /default-rack, certSerialId: null}
2019-10-08 21:56:53,589 [EventQueue-NodeRegistrationContainerReportForDataNodeSafeModeRule] INFO  safemode.SCMSafeModeManager (DataNodeSafeModeRule.java:process(71)) - SCM in safe mode. 1 DataNodes registered, 1 required.
2019-10-08 21:56:53,592 [EventQueue-NodeRegistrationContainerReportForDataNodeSafeModeRule] INFO  safemode.SCMSafeModeManager (SCMSafeModeManager.java:validateSafeModeExitRules(177)) - ScmSafeModeManager, all rules are successfully validated
2019-10-08 21:56:53,592 [EventQueue-NodeRegistrationContainerReportForDataNodeSafeModeRule] INFO  safemode.SCMSafeModeManager (SCMSafeModeManager.java:exitSafeMode(193)) - SCM exiting safe mode.
2019-10-08 21:56:53,607 [grpc-default-executor-5] INFO  impl.RaftServerProxy (RaftServerProxy.java:addNew(89)) - 32e3cd3b-c954-4a3a-8ad8-e92aab13856a: addNew group-F679037380BE:[32e3cd3b-c954-4a3a-8ad8-e92aab13856a:192.168.151.107:45724] returns group-F679037380BE:java.util.concurrent.CompletableFuture@536105d4[Not completed]
2019-10-08 21:56:53,610 [pool-207-thread-1] INFO  impl.RaftServerImpl (RaftServerImpl.java:<init>(95)) - 32e3cd3b-c954-4a3a-8ad8-e92aab13856a: new RaftServerImpl for group-F679037380BE:[32e3cd3b-c954-4a3a-8ad8-e92aab13856a:192.168.151.107:45724] with ContainerStateMachine:uninitialized
2019-10-08 21:56:53,611 [pool-207-thread-1] INFO  server.RaftServerConfigKeys (ConfUtils.java:logGet(43)) - raft.server.rpc.timeout.min = 5s (custom)
2019-10-08 21:56:53,611 [pool-207-thread-1] INFO  server.RaftServerConfigKeys (ConfUtils.java:logGet(43)) - raft.server.rpc.timeout.max = 5200ms (custom)
2019-10-08 21:56:53,611 [pool-207-thread-1] INFO  server.RaftServerConfigKeys (ConfUtils.java:logGet(43)) - raft.server.rpcslowness.timeout = 120s (custom)
2019-10-08 21:56:53,611 [pool-207-thread-1] INFO  server.RaftServerConfigKeys (ConfUtils.java:logGet(43)) - raft.server.sleep.deviation.threshold = 300 (default)
2019-10-08 21:56:53,612 [pool-207-thread-1] INFO  server.RaftServerConfigKeys (ConfUtils.java:logGet(43)) - raft.server.log.appender.install.snapshot.enabled = false (custom)
2019-10-08 21:56:53,612 [pool-207-thread-1] INFO  impl.RaftServerImpl (ServerState.java:<init>(103)) - 32e3cd3b-c954-4a3a-8ad8-e92aab13856a@group-F679037380BE: ConfigurationManager, init=-1: [32e3cd3b-c954-4a3a-8ad8-e92aab13856a:192.168.151.107:45724], old=null, confs=<EMPTY_MAP>
2019-10-08 21:56:53,612 [pool-207-thread-1] INFO  server.RaftServerConfigKeys (ConfUtils.java:logGet(43)) - raft.server.storage.dir = [/workdir/hadoop-ozone/integration-test/target/test-dir/MiniOzoneClusterImpl-95bdc624-c518-47a7-b47f-3e0594fbda9c/datanode-0/data/ratis] (custom)
2019-10-08 21:56:53,613 [pool-207-thread-1] INFO  server.RaftServerConfigKeys (ConfUtils.java:logGet(43)) - raft.server.log.corruption.policy = EXCEPTION (default)
2019-10-08 21:56:53,613 [pool-207-thread-1] INFO  storage.RaftStorageDirectory (RaftStorageDirectory.java:analyzeStorage(246)) - The storage directory /workdir/hadoop-ozone/integration-test/target/test-dir/MiniOzoneClusterImpl-95bdc624-c518-47a7-b47f-3e0594fbda9c/datanode-0/data/ratis/9e85c836-9c4e-473b-b1d7-f679037380be does not exist. Creating ...
2019-10-08 21:56:53,639 [pool-207-thread-1] INFO  storage.RaftStorageDirectory (RaftStorageDirectory.java:tryLock(328)) - Lock on /workdir/hadoop-ozone/integration-test/target/test-dir/MiniOzoneClusterImpl-95bdc624-c518-47a7-b47f-3e0594fbda9c/datanode-0/data/ratis/9e85c836-9c4e-473b-b1d7-f679037380be/in_use.lock acquired by nodename 25773@pr-hdds-2217-2kdk4-3258704453
2019-10-08 21:56:53,654 [IPC Server handler 4 on 43486] INFO  net.NetworkTopology (NetworkTopologyImpl.java:add(111)) - Added a new node: /default-rack/5fe831c6-d7d2-49de-98c2-18dc53ff8363
2019-10-08 21:56:53,654 [IPC Server handler 4 on 43486] INFO  node.SCMNodeManager (SCMNodeManager.java:register(268)) - Registered Data node : 5fe831c6-d7d2-49de-98c2-18dc53ff8363{ip: 192.168.151.107, host: pr-hdds-2217-2kdk4-3258704453, networkLocation: /default-rack, certSerialId: null}
2019-10-08 21:56:53,660 [pool-207-thread-1] INFO  storage.RaftStorage (RaftStorage.java:format(84)) - Storage directory /workdir/hadoop-ozone/integration-test/target/test-dir/MiniOzoneClusterImpl-95bdc624-c518-47a7-b47f-3e0594fbda9c/datanode-0/data/ratis/9e85c836-9c4e-473b-b1d7-f679037380be has been successfully formatted.
2019-10-08 21:56:53,661 [pool-207-thread-1] INFO  ratis.ContainerStateMachine (ContainerStateMachine.java:loadSnapshot(231)) - group-F679037380BE: The snapshot info is null. Setting the last applied indexto:(t:0, i:~)
2019-10-08 21:56:53,661 [pool-207-thread-1] INFO  server.RaftServerConfigKeys (ConfUtils.java:logGet(43)) - raft.server.notification.no-leader.timeout = 120s (custom)
2019-10-08 21:56:53,661 [pool-207-thread-1] INFO  server.RaftServerConfigKeys (ConfUtils.java:logGet(43)) - raft.server.log.use.memory = false (default)
2019-10-08 21:56:53,661 [pool-207-thread-1] INFO  server.RaftServerConfigKeys (ConfUtils.java:logGet(43)) - raft.server.log.purge.gap = 1000000 (custom)
2019-10-08 21:56:53,661 [pool-207-thread-1] INFO  server.RaftServerConfigKeys (ConfUtils.java:logGet(43)) - raft.server.log.appender.buffer.byte-limit = 33554432 (custom)
2019-10-08 21:56:53,662 [pool-207-thread-1] INFO  server.RaftServerConfigKeys (ConfUtils.java:logGet(43)) - raft.server.log.segment.size.max = 1048576 (custom)
2019-10-08 21:56:53,664 [pool-207-thread-1] INFO  server.RaftServerConfigKeys (ConfUtils.java:logGet(43)) - raft.server.log.segment.cache.num.max = 2 (custom)
2019-10-08 21:56:53,665 [pool-207-thread-1] INFO  segmented.SegmentedRaftLogWorker (SegmentedRaftLogWorker.java:<init>(173)) - new 32e3cd3b-c954-4a3a-8ad8-e92aab13856a@group-F679037380BE-SegmentedRaftLogWorker for RaftStorage:Storage Directory /workdir/hadoop-ozone/integration-test/target/test-dir/MiniOzoneClusterImpl-95bdc624-c518-47a7-b47f-3e0594fbda9c/datanode-0/data/ratis/9e85c836-9c4e-473b-b1d7-f679037380be
2019-10-08 21:56:53,665 [pool-207-thread-1] INFO  server.RaftServerConfigKeys (ConfUtils.java:logGet(43)) - raft.server.log.queue.byte-limit = 2147483647 (custom)
2019-10-08 21:56:53,665 [pool-207-thread-1] INFO  server.RaftServerConfigKeys (ConfUtils.java:logGet(43)) - raft.server.log.queue.element-limit = 1024 (custom)
2019-10-08 21:56:53,665 [pool-207-thread-1] INFO  server.RaftServerConfigKeys (ConfUtils.java:logGet(43)) - raft.server.log.segment.size.max = 1048576 (custom)
2019-10-08 21:56:53,665 [pool-207-thread-1] INFO  server.RaftServerConfigKeys (ConfUtils.java:logGet(43)) - raft.server.log.preallocated.size = 16384 (custom)
2019-10-08 21:56:53,665 [pool-207-thread-1] INFO  server.RaftServerConfigKeys (ConfUtils.java:logGet(43)) - raft.server.log.write.buffer.size = 33554432 (custom)
2019-10-08 21:56:53,666 [pool-207-thread-1] INFO  server.RaftServerConfigKeys (ConfUtils.java:logGet(43)) - raft.server.log.force.sync.num = 128 (default)
2019-10-08 21:56:53,666 [pool-207-thread-1] INFO  server.RaftServerConfigKeys (ConfUtils.java:logGet(43)) - raft.server.log.statemachine.data.sync = true (default)
2019-10-08 21:56:53,666 [pool-207-thread-1] INFO  server.RaftServerConfigKeys (ConfUtils.java:logGet(43)) - raft.server.log.statemachine.data.sync.timeout = 10s (default)
2019-10-08 21:56:53,666 [pool-207-thread-1] INFO  server.RaftServerConfigKeys (ConfUtils.java:logGet(43)) - raft.server.log.statemachine.data.sync.timeout.retry = -1 (default)
2019-10-08 21:56:53,666 [pool-207-thread-1] INFO  server.RaftServerConfigKeys (ConfUtils.java:logGet(43)) - raft.server.log.statemachine.data.caching.enabled = true (custom)
2019-10-08 21:56:53,667 [pool-207-thread-1] INFO  segmented.SegmentedRaftLogWorker (SegmentedRaftLogWorker.java:lambda$new$0(128)) - 32e3cd3b-c954-4a3a-8ad8-e92aab13856a@group-F679037380BE-SegmentedRaftLogWorker: flushIndex: setUnconditionally 0 -> -1
2019-10-08 21:56:53,667 [pool-207-thread-1] INFO  server.RaftServerConfigKeys (ConfUtils.java:logGet(43)) - raft.server.snapshot.auto.trigger.enabled = true (custom)
2019-10-08 21:56:53,667 [pool-207-thread-1] INFO  server.RaftServerConfigKeys (ConfUtils.java:logGet(43)) - raft.server.snapshot.auto.trigger.threshold = 10000 (custom)
2019-10-08 21:56:53,668 [pool-207-thread-1] INFO  server.RaftServerConfigKeys (ConfUtils.java:logGet(43)) - raft.server.snapshot.retention.file.num = 5 (custom)
2019-10-08 21:56:53,668 [pool-207-thread-1] INFO  server.RaftServerConfigKeys (ConfUtils.java:logGet(43)) - raft.server.retrycache.expirytime = 600000ms (custom)
2019-10-08 21:56:53,670 [pool-207-thread-1] INFO  impl.RaftServerImpl (RaftServerImpl.java:start(181)) - 32e3cd3b-c954-4a3a-8ad8-e92aab13856a@group-F679037380BE: start as a follower, conf=-1: [32e3cd3b-c954-4a3a-8ad8-e92aab13856a:192.168.151.107:45724], old=null
2019-10-08 21:56:53,670 [pool-207-thread-1] INFO  impl.RaftServerImpl (RaftServerImpl.java:setRole(170)) - 32e3cd3b-c954-4a3a-8ad8-e92aab13856a@group-F679037380BE: changes role from      null to FOLLOWER at term 0 for startAsFollower
2019-10-08 21:56:53,671 [pool-207-thread-1] INFO  impl.RoleInfo (RoleInfo.java:updateAndGet(143)) - 32e3cd3b-c954-4a3a-8ad8-e92aab13856a: start FollowerState
2019-10-08 21:56:53,671 [pool-207-thread-1] INFO  util.JmxRegister (JmxRegister.java:tryRegister(44)) - Successfully registered JMX Bean with object name Ratis:service=RaftServer,group=group-F679037380BE,id=32e3cd3b-c954-4a3a-8ad8-e92aab13856a
2019-10-08 21:56:53,680 [RatisPipelineUtilsThread] INFO  pipeline.PipelineStateManager (PipelineStateManager.java:addPipeline(56)) - Created pipeline Pipeline[ Id: 9e85c836-9c4e-473b-b1d7-f679037380be, Nodes: 32e3cd3b-c954-4a3a-8ad8-e92aab13856a{ip: 192.168.151.107, host: pr-hdds-2217-2kdk4-3258704453, networkLocation: /default-rack, certSerialId: null}, Type:RATIS, Factor:ONE, State:OPEN]
2019-10-08 21:56:53,699 [grpc-default-executor-5] INFO  impl.RaftServerProxy (RaftServerProxy.java:addNew(89)) - 5fe831c6-d7d2-49de-98c2-18dc53ff8363: addNew group-FA42898D53B9:[5fe831c6-d7d2-49de-98c2-18dc53ff8363:192.168.151.107:44026] returns group-FA42898D53B9:java.util.concurrent.CompletableFuture@3285dcc2[Not completed]
2019-10-08 21:56:53,701 [pool-217-thread-1] INFO  impl.RaftServerImpl (RaftServerImpl.java:<init>(95)) - 5fe831c6-d7d2-49de-98c2-18dc53ff8363: new RaftServerImpl for group-FA42898D53B9:[5fe831c6-d7d2-49de-98c2-18dc53ff8363:192.168.151.107:44026] with ContainerStateMachine:uninitialized
2019-10-08 21:56:53,701 [pool-217-thread-1] INFO  server.RaftServerConfigKeys (ConfUtils.java:logGet(43)) - raft.server.rpc.timeout.min = 5s (custom)
2019-10-08 21:56:53,701 [pool-217-thread-1] INFO  server.RaftServerConfigKeys (ConfUtils.java:logGet(43)) - raft.server.rpc.timeout.max = 5200ms (custom)
2019-10-08 21:56:53,701 [pool-217-thread-1] INFO  server.RaftServerConfigKeys (ConfUtils.java:logGet(43)) - raft.server.rpcslowness.timeout = 120s (custom)
2019-10-08 21:56:53,701 [pool-217-thread-1] INFO  server.RaftServerConfigKeys (ConfUtils.java:logGet(43)) - raft.server.sleep.deviation.threshold = 300 (default)
2019-10-08 21:56:53,702 [pool-217-thread-1] INFO  server.RaftServerConfigKeys (ConfUtils.java:logGet(43)) - raft.server.log.appender.install.snapshot.enabled = false (custom)
2019-10-08 21:56:53,702 [pool-217-thread-1] INFO  impl.RaftServerImpl (ServerState.java:<init>(103)) - 5fe831c6-d7d2-49de-98c2-18dc53ff8363@group-FA42898D53B9: ConfigurationManager, init=-1: [5fe831c6-d7d2-49de-98c2-18dc53ff8363:192.168.151.107:44026], old=null, confs=<EMPTY_MAP>
2019-10-08 21:56:53,702 [pool-217-thread-1] INFO  server.RaftServerConfigKeys (ConfUtils.java:logGet(43)) - raft.server.storage.dir = [/workdir/hadoop-ozone/integration-test/target/test-dir/MiniOzoneClusterImpl-95bdc624-c518-47a7-b47f-3e0594fbda9c/datanode-1/data/ratis] (custom)
2019-10-08 21:56:53,702 [pool-217-thread-1] INFO  server.RaftServerConfigKeys (ConfUtils.java:logGet(43)) - raft.server.log.corruption.policy = EXCEPTION (default)
2019-10-08 21:56:53,702 [pool-217-thread-1] INFO  storage.RaftStorageDirectory (RaftStorageDirectory.java:analyzeStorage(246)) - The storage directory /workdir/hadoop-ozone/integration-test/target/test-dir/MiniOzoneClusterImpl-95bdc624-c518-47a7-b47f-3e0594fbda9c/datanode-1/data/ratis/dbc5cc5b-414e-47d2-afe6-fa42898d53b9 does not exist. Creating ...
2019-10-08 21:56:53,714 [IPC Server handler 5 on 43486] INFO  net.NetworkTopology (NetworkTopologyImpl.java:add(111)) - Added a new node: /default-rack/12a1f04c-09b4-4c0f-87a4-bd1bfeb86722
2019-10-08 21:56:53,714 [IPC Server handler 5 on 43486] INFO  node.SCMNodeManager (SCMNodeManager.java:register(268)) - Registered Data node : 12a1f04c-09b4-4c0f-87a4-bd1bfeb86722{ip: 192.168.151.107, host: pr-hdds-2217-2kdk4-3258704453, networkLocation: /default-rack, certSerialId: null}
2019-10-08 21:56:53,716 [pool-217-thread-1] INFO  storage.RaftStorageDirectory (RaftStorageDirectory.java:tryLock(328)) - Lock on /workdir/hadoop-ozone/integration-test/target/test-dir/MiniOzoneClusterImpl-95bdc624-c518-47a7-b47f-3e0594fbda9c/datanode-1/data/ratis/dbc5cc5b-414e-47d2-afe6-fa42898d53b9/in_use.lock acquired by nodename 25773@pr-hdds-2217-2kdk4-3258704453
2019-10-08 21:56:53,738 [pool-217-thread-1] INFO  storage.RaftStorage (RaftStorage.java:format(84)) - Storage directory /workdir/hadoop-ozone/integration-test/target/test-dir/MiniOzoneClusterImpl-95bdc624-c518-47a7-b47f-3e0594fbda9c/datanode-1/data/ratis/dbc5cc5b-414e-47d2-afe6-fa42898d53b9 has been successfully formatted.
2019-10-08 21:56:53,739 [pool-217-thread-1] INFO  ratis.ContainerStateMachine (ContainerStateMachine.java:loadSnapshot(231)) - group-FA42898D53B9: The snapshot info is null. Setting the last applied indexto:(t:0, i:~)
2019-10-08 21:56:53,739 [pool-217-thread-1] INFO  server.RaftServerConfigKeys (ConfUtils.java:logGet(43)) - raft.server.notification.no-leader.timeout = 120s (custom)
2019-10-08 21:56:53,739 [pool-217-thread-1] INFO  server.RaftServerConfigKeys (ConfUtils.java:logGet(43)) - raft.server.log.use.memory = false (default)
2019-10-08 21:56:53,739 [pool-217-thread-1] INFO  server.RaftServerConfigKeys (ConfUtils.java:logGet(43)) - raft.server.log.purge.gap = 1000000 (custom)
2019-10-08 21:56:53,739 [pool-217-thread-1] INFO  server.RaftServerConfigKeys (ConfUtils.java:logGet(43)) - raft.server.log.appender.buffer.byte-limit = 33554432 (custom)
2019-10-08 21:56:53,739 [pool-217-thread-1] INFO  server.RaftServerConfigKeys (ConfUtils.java:logGet(43)) - raft.server.log.segment.size.max = 1048576 (custom)
2019-10-08 21:56:53,742 [pool-217-thread-1] INFO  server.RaftServerConfigKeys (ConfUtils.java:logGet(43)) - raft.server.log.segment.cache.num.max = 2 (custom)
2019-10-08 21:56:53,742 [pool-217-thread-1] INFO  segmented.SegmentedRaftLogWorker (SegmentedRaftLogWorker.java:<init>(173)) - new 5fe831c6-d7d2-49de-98c2-18dc53ff8363@group-FA42898D53B9-SegmentedRaftLogWorker for RaftStorage:Storage Directory /workdir/hadoop-ozone/integration-test/target/test-dir/MiniOzoneClusterImpl-95bdc624-c518-47a7-b47f-3e0594fbda9c/datanode-1/data/ratis/dbc5cc5b-414e-47d2-afe6-fa42898d53b9
2019-10-08 21:56:53,742 [pool-217-thread-1] INFO  server.RaftServerConfigKeys (ConfUtils.java:logGet(43)) - raft.server.log.queue.byte-limit = 2147483647 (custom)
2019-10-08 21:56:53,742 [pool-217-thread-1] INFO  server.RaftServerConfigKeys (ConfUtils.java:logGet(43)) - raft.server.log.queue.element-limit = 1024 (custom)
2019-10-08 21:56:53,742 [pool-217-thread-1] INFO  server.RaftServerConfigKeys (ConfUtils.java:logGet(43)) - raft.server.log.segment.size.max = 1048576 (custom)
2019-10-08 21:56:53,742 [pool-217-thread-1] INFO  server.RaftServerConfigKeys (ConfUtils.java:logGet(43)) - raft.server.log.preallocated.size = 16384 (custom)
2019-10-08 21:56:53,743 [pool-217-thread-1] INFO  server.RaftServerConfigKeys (ConfUtils.java:logGet(43)) - raft.server.log.write.buffer.size = 33554432 (custom)
2019-10-08 21:56:53,743 [pool-217-thread-1] INFO  server.RaftServerConfigKeys (ConfUtils.java:logGet(43)) - raft.server.log.force.sync.num = 128 (default)
2019-10-08 21:56:53,743 [pool-217-thread-1] INFO  server.RaftServerConfigKeys (ConfUtils.java:logGet(43)) - raft.server.log.statemachine.data.sync = true (default)
2019-10-08 21:56:53,743 [pool-217-thread-1] INFO  server.RaftServerConfigKeys (ConfUtils.java:logGet(43)) - raft.server.log.statemachine.data.sync.timeout = 10s (default)
2019-10-08 21:56:53,743 [pool-217-thread-1] INFO  server.RaftServerConfigKeys (ConfUtils.java:logGet(43)) - raft.server.log.statemachine.data.sync.timeout.retry = -1 (default)
2019-10-08 21:56:53,744 [pool-217-thread-1] INFO  server.RaftServerConfigKeys (ConfUtils.java:logGet(43)) - raft.server.log.statemachine.data.caching.enabled = true (custom)
2019-10-08 21:56:53,744 [pool-217-thread-1] INFO  segmented.SegmentedRaftLogWorker (SegmentedRaftLogWorker.java:lambda$new$0(128)) - 5fe831c6-d7d2-49de-98c2-18dc53ff8363@group-FA42898D53B9-SegmentedRaftLogWorker: flushIndex: setUnconditionally 0 -> -1
2019-10-08 21:56:53,744 [pool-217-thread-1] INFO  server.RaftServerConfigKeys (ConfUtils.java:logGet(43)) - raft.server.snapshot.auto.trigger.enabled = true (custom)
2019-10-08 21:56:53,745 [pool-217-thread-1] INFO  server.RaftServerConfigKeys (ConfUtils.java:logGet(43)) - raft.server.snapshot.auto.trigger.threshold = 10000 (custom)
2019-10-08 21:56:53,745 [pool-217-thread-1] INFO  server.RaftServerConfigKeys (ConfUtils.java:logGet(43)) - raft.server.snapshot.retention.file.num = 5 (custom)
2019-10-08 21:56:53,745 [pool-217-thread-1] INFO  server.RaftServerConfigKeys (ConfUtils.java:logGet(43)) - raft.server.retrycache.expirytime = 600000ms (custom)
2019-10-08 21:56:53,747 [pool-217-thread-1] INFO  impl.RaftServerImpl (RaftServerImpl.java:start(181)) - 5fe831c6-d7d2-49de-98c2-18dc53ff8363@group-FA42898D53B9: start as a follower, conf=-1: [5fe831c6-d7d2-49de-98c2-18dc53ff8363:192.168.151.107:44026], old=null
2019-10-08 21:56:53,747 [pool-217-thread-1] INFO  impl.RaftServerImpl (RaftServerImpl.java:setRole(170)) - 5fe831c6-d7d2-49de-98c2-18dc53ff8363@group-FA42898D53B9: changes role from      null to FOLLOWER at term 0 for startAsFollower
2019-10-08 21:56:53,747 [pool-217-thread-1] INFO  impl.RoleInfo (RoleInfo.java:updateAndGet(143)) - 5fe831c6-d7d2-49de-98c2-18dc53ff8363: start FollowerState
2019-10-08 21:56:53,748 [pool-217-thread-1] INFO  util.JmxRegister (JmxRegister.java:tryRegister(44)) - Successfully registered JMX Bean with object name Ratis:service=RaftServer,group=group-FA42898D53B9,id=5fe831c6-d7d2-49de-98c2-18dc53ff8363
2019-10-08 21:56:53,756 [RatisPipelineUtilsThread] INFO  pipeline.PipelineStateManager (PipelineStateManager.java:addPipeline(56)) - Created pipeline Pipeline[ Id: dbc5cc5b-414e-47d2-afe6-fa42898d53b9, Nodes: 5fe831c6-d7d2-49de-98c2-18dc53ff8363{ip: 192.168.151.107, host: pr-hdds-2217-2kdk4-3258704453, networkLocation: /default-rack, certSerialId: null}, Type:RATIS, Factor:ONE, State:OPEN]
2019-10-08 21:56:53,768 [grpc-default-executor-5] INFO  impl.RaftServerProxy (RaftServerProxy.java:addNew(89)) - 12a1f04c-09b4-4c0f-87a4-bd1bfeb86722: addNew group-81BBF93A34DC:[12a1f04c-09b4-4c0f-87a4-bd1bfeb86722:192.168.151.107:33436] returns group-81BBF93A34DC:java.util.concurrent.CompletableFuture@356fa4e4[Not completed]
2019-10-08 21:56:53,770 [pool-227-thread-1] INFO  impl.RaftServerImpl (RaftServerImpl.java:<init>(95)) - 12a1f04c-09b4-4c0f-87a4-bd1bfeb86722: new RaftServerImpl for group-81BBF93A34DC:[12a1f04c-09b4-4c0f-87a4-bd1bfeb86722:192.168.151.107:33436] with ContainerStateMachine:uninitialized
2019-10-08 21:56:53,770 [pool-227-thread-1] INFO  server.RaftServerConfigKeys (ConfUtils.java:logGet(43)) - raft.server.rpc.timeout.min = 5s (custom)
2019-10-08 21:56:53,770 [pool-227-thread-1] INFO  server.RaftServerConfigKeys (ConfUtils.java:logGet(43)) - raft.server.rpc.timeout.max = 5200ms (custom)
2019-10-08 21:56:53,770 [pool-227-thread-1] INFO  server.RaftServerConfigKeys (ConfUtils.java:logGet(43)) - raft.server.rpcslowness.timeout = 120s (custom)
2019-10-08 21:56:53,770 [pool-227-thread-1] INFO  server.RaftServerConfigKeys (ConfUtils.java:logGet(43)) - raft.server.sleep.deviation.threshold = 300 (default)
2019-10-08 21:56:53,770 [pool-227-thread-1] INFO  server.RaftServerConfigKeys (ConfUtils.java:logGet(43)) - raft.server.log.appender.install.snapshot.enabled = false (custom)
2019-10-08 21:56:53,771 [pool-227-thread-1] INFO  impl.RaftServerImpl (ServerState.java:<init>(103)) - 12a1f04c-09b4-4c0f-87a4-bd1bfeb86722@group-81BBF93A34DC: ConfigurationManager, init=-1: [12a1f04c-09b4-4c0f-87a4-bd1bfeb86722:192.168.151.107:33436], old=null, confs=<EMPTY_MAP>
2019-10-08 21:56:53,771 [pool-227-thread-1] INFO  server.RaftServerConfigKeys (ConfUtils.java:logGet(43)) - raft.server.storage.dir = [/workdir/hadoop-ozone/integration-test/target/test-dir/MiniOzoneClusterImpl-95bdc624-c518-47a7-b47f-3e0594fbda9c/datanode-2/data/ratis] (custom)
2019-10-08 21:56:53,771 [pool-227-thread-1] INFO  server.RaftServerConfigKeys (ConfUtils.java:logGet(43)) - raft.server.log.corruption.policy = EXCEPTION (default)
2019-10-08 21:56:53,772 [pool-227-thread-1] INFO  storage.RaftStorageDirectory (RaftStorageDirectory.java:analyzeStorage(246)) - The storage directory /workdir/hadoop-ozone/integration-test/target/test-dir/MiniOzoneClusterImpl-95bdc624-c518-47a7-b47f-3e0594fbda9c/datanode-2/data/ratis/e70a31db-3a85-4f9e-922a-81bbf93a34dc does not exist. Creating ...
2019-10-08 21:56:53,775 [IPC Server handler 2 on 43486] INFO  net.NetworkTopology (NetworkTopologyImpl.java:add(111)) - Added a new node: /default-rack/997f0eef-8596-490e-aa24-5c3f322eaa27
2019-10-08 21:56:53,775 [IPC Server handler 2 on 43486] INFO  node.SCMNodeManager (SCMNodeManager.java:register(268)) - Registered Data node : 997f0eef-8596-490e-aa24-5c3f322eaa27{ip: 192.168.151.107, host: pr-hdds-2217-2kdk4-3258704453, networkLocation: /default-rack, certSerialId: null}
2019-10-08 21:56:53,792 [pool-227-thread-1] INFO  storage.RaftStorageDirectory (RaftStorageDirectory.java:tryLock(328)) - Lock on /workdir/hadoop-ozone/integration-test/target/test-dir/MiniOzoneClusterImpl-95bdc624-c518-47a7-b47f-3e0594fbda9c/datanode-2/data/ratis/e70a31db-3a85-4f9e-922a-81bbf93a34dc/in_use.lock acquired by nodename 25773@pr-hdds-2217-2kdk4-3258704453
2019-10-08 21:56:53,805 [pool-227-thread-1] INFO  storage.RaftStorage (RaftStorage.java:format(84)) - Storage directory /workdir/hadoop-ozone/integration-test/target/test-dir/MiniOzoneClusterImpl-95bdc624-c518-47a7-b47f-3e0594fbda9c/datanode-2/data/ratis/e70a31db-3a85-4f9e-922a-81bbf93a34dc has been successfully formatted.
2019-10-08 21:56:53,806 [pool-227-thread-1] INFO  ratis.ContainerStateMachine (ContainerStateMachine.java:loadSnapshot(231)) - group-81BBF93A34DC: The snapshot info is null. Setting the last applied indexto:(t:0, i:~)
2019-10-08 21:56:53,806 [pool-227-thread-1] INFO  server.RaftServerConfigKeys (ConfUtils.java:logGet(43)) - raft.server.notification.no-leader.timeout = 120s (custom)
2019-10-08 21:56:53,807 [pool-227-thread-1] INFO  server.RaftServerConfigKeys (ConfUtils.java:logGet(43)) - raft.server.log.use.memory = false (default)
2019-10-08 21:56:53,807 [pool-227-thread-1] INFO  server.RaftServerConfigKeys (ConfUtils.java:logGet(43)) - raft.server.log.purge.gap = 1000000 (custom)
2019-10-08 21:56:53,807 [pool-227-thread-1] INFO  server.RaftServerConfigKeys (ConfUtils.java:logGet(43)) - raft.server.log.appender.buffer.byte-limit = 33554432 (custom)
2019-10-08 21:56:53,807 [pool-227-thread-1] INFO  server.RaftServerConfigKeys (ConfUtils.java:logGet(43)) - raft.server.log.segment.size.max = 1048576 (custom)
2019-10-08 21:56:53,809 [pool-227-thread-1] INFO  server.RaftServerConfigKeys (ConfUtils.java:logGet(43)) - raft.server.log.segment.cache.num.max = 2 (custom)
2019-10-08 21:56:53,809 [pool-227-thread-1] INFO  segmented.SegmentedRaftLogWorker (SegmentedRaftLogWorker.java:<init>(173)) - new 12a1f04c-09b4-4c0f-87a4-bd1bfeb86722@group-81BBF93A34DC-SegmentedRaftLogWorker for RaftStorage:Storage Directory /workdir/hadoop-ozone/integration-test/target/test-dir/MiniOzoneClusterImpl-95bdc624-c518-47a7-b47f-3e0594fbda9c/datanode-2/data/ratis/e70a31db-3a85-4f9e-922a-81bbf93a34dc
2019-10-08 21:56:53,810 [pool-227-thread-1] INFO  server.RaftServerConfigKeys (ConfUtils.java:logGet(43)) - raft.server.log.queue.byte-limit = 2147483647 (custom)
2019-10-08 21:56:53,810 [pool-227-thread-1] INFO  server.RaftServerConfigKeys (ConfUtils.java:logGet(43)) - raft.server.log.queue.element-limit = 1024 (custom)
2019-10-08 21:56:53,810 [pool-227-thread-1] INFO  server.RaftServerConfigKeys (ConfUtils.java:logGet(43)) - raft.server.log.segment.size.max = 1048576 (custom)
2019-10-08 21:56:53,810 [pool-227-thread-1] INFO  server.RaftServerConfigKeys (ConfUtils.java:logGet(43)) - raft.server.log.preallocated.size = 16384 (custom)
2019-10-08 21:56:53,810 [pool-227-thread-1] INFO  server.RaftServerConfigKeys (ConfUtils.java:logGet(43)) - raft.server.log.write.buffer.size = 33554432 (custom)
2019-10-08 21:56:53,810 [pool-227-thread-1] INFO  server.RaftServerConfigKeys (ConfUtils.java:logGet(43)) - raft.server.log.force.sync.num = 128 (default)
2019-10-08 21:56:53,811 [pool-227-thread-1] INFO  server.RaftServerConfigKeys (ConfUtils.java:logGet(43)) - raft.server.log.statemachine.data.sync = true (default)
2019-10-08 21:56:53,811 [pool-227-thread-1] INFO  server.RaftServerConfigKeys (ConfUtils.java:logGet(43)) - raft.server.log.statemachine.data.sync.timeout = 10s (default)
2019-10-08 21:56:53,811 [pool-227-thread-1] INFO  server.RaftServerConfigKeys (ConfUtils.java:logGet(43)) - raft.server.log.statemachine.data.sync.timeout.retry = -1 (default)
2019-10-08 21:56:53,811 [pool-227-thread-1] INFO  server.RaftServerConfigKeys (ConfUtils.java:logGet(43)) - raft.server.log.statemachine.data.caching.enabled = true (custom)
2019-10-08 21:56:53,812 [pool-227-thread-1] INFO  segmented.SegmentedRaftLogWorker (SegmentedRaftLogWorker.java:lambda$new$0(128)) - 12a1f04c-09b4-4c0f-87a4-bd1bfeb86722@group-81BBF93A34DC-SegmentedRaftLogWorker: flushIndex: setUnconditionally 0 -> -1
2019-10-08 21:56:53,812 [pool-227-thread-1] INFO  server.RaftServerConfigKeys (ConfUtils.java:logGet(43)) - raft.server.snapshot.auto.trigger.enabled = true (custom)
2019-10-08 21:56:53,812 [pool-227-thread-1] INFO  server.RaftServerConfigKeys (ConfUtils.java:logGet(43)) - raft.server.snapshot.auto.trigger.threshold = 10000 (custom)
2019-10-08 21:56:53,812 [pool-227-thread-1] INFO  server.RaftServerConfigKeys (ConfUtils.java:logGet(43)) - raft.server.snapshot.retention.file.num = 5 (custom)
2019-10-08 21:56:53,812 [pool-227-thread-1] INFO  server.RaftServerConfigKeys (ConfUtils.java:logGet(43)) - raft.server.retrycache.expirytime = 600000ms (custom)
2019-10-08 21:56:53,814 [pool-227-thread-1] INFO  impl.RaftServerImpl (RaftServerImpl.java:start(181)) - 12a1f04c-09b4-4c0f-87a4-bd1bfeb86722@group-81BBF93A34DC: start as a follower, conf=-1: [12a1f04c-09b4-4c0f-87a4-bd1bfeb86722:192.168.151.107:33436], old=null
2019-10-08 21:56:53,815 [pool-227-thread-1] INFO  impl.RaftServerImpl (RaftServerImpl.java:setRole(170)) - 12a1f04c-09b4-4c0f-87a4-bd1bfeb86722@group-81BBF93A34DC: changes role from      null to FOLLOWER at term 0 for startAsFollower
2019-10-08 21:56:53,815 [pool-227-thread-1] INFO  impl.RoleInfo (RoleInfo.java:updateAndGet(143)) - 12a1f04c-09b4-4c0f-87a4-bd1bfeb86722: start FollowerState
2019-10-08 21:56:53,815 [pool-227-thread-1] INFO  util.JmxRegister (JmxRegister.java:tryRegister(44)) - Successfully registered JMX Bean with object name Ratis:service=RaftServer,group=group-81BBF93A34DC,id=12a1f04c-09b4-4c0f-87a4-bd1bfeb86722
2019-10-08 21:56:53,823 [RatisPipelineUtilsThread] INFO  pipeline.PipelineStateManager (PipelineStateManager.java:addPipeline(56)) - Created pipeline Pipeline[ Id: e70a31db-3a85-4f9e-922a-81bbf93a34dc, Nodes: 12a1f04c-09b4-4c0f-87a4-bd1bfeb86722{ip: 192.168.151.107, host: pr-hdds-2217-2kdk4-3258704453, networkLocation: /default-rack, certSerialId: null}, Type:RATIS, Factor:ONE, State:OPEN]
2019-10-08 21:56:53,833 [grpc-default-executor-5] INFO  impl.RaftServerProxy (RaftServerProxy.java:addNew(89)) - 997f0eef-8596-490e-aa24-5c3f322eaa27: addNew group-1AADC372BBCD:[997f0eef-8596-490e-aa24-5c3f322eaa27:192.168.151.107:42323] returns group-1AADC372BBCD:java.util.concurrent.CompletableFuture@15c7bd98[Not completed]
2019-10-08 21:56:53,835 [pool-237-thread-1] INFO  impl.RaftServerImpl (RaftServerImpl.java:<init>(95)) - 997f0eef-8596-490e-aa24-5c3f322eaa27: new RaftServerImpl for group-1AADC372BBCD:[997f0eef-8596-490e-aa24-5c3f322eaa27:192.168.151.107:42323] with ContainerStateMachine:uninitialized
2019-10-08 21:56:53,836 [pool-237-thread-1] INFO  server.RaftServerConfigKeys (ConfUtils.java:logGet(43)) - raft.server.rpc.timeout.min = 5s (custom)
2019-10-08 21:56:53,836 [pool-237-thread-1] INFO  server.RaftServerConfigKeys (ConfUtils.java:logGet(43)) - raft.server.rpc.timeout.max = 5200ms (custom)
2019-10-08 21:56:53,836 [pool-237-thread-1] INFO  server.RaftServerConfigKeys (ConfUtils.java:logGet(43)) - raft.server.rpcslowness.timeout = 120s (custom)
2019-10-08 21:56:53,836 [pool-237-thread-1] INFO  server.RaftServerConfigKeys (ConfUtils.java:logGet(43)) - raft.server.sleep.deviation.threshold = 300 (default)
2019-10-08 21:56:53,836 [pool-237-thread-1] INFO  server.RaftServerConfigKeys (ConfUtils.java:logGet(43)) - raft.server.log.appender.install.snapshot.enabled = false (custom)
2019-10-08 21:56:53,837 [pool-237-thread-1] INFO  impl.RaftServerImpl (ServerState.java:<init>(103)) - 997f0eef-8596-490e-aa24-5c3f322eaa27@group-1AADC372BBCD: ConfigurationManager, init=-1: [997f0eef-8596-490e-aa24-5c3f322eaa27:192.168.151.107:42323], old=null, confs=<EMPTY_MAP>
2019-10-08 21:56:53,837 [pool-237-thread-1] INFO  server.RaftServerConfigKeys (ConfUtils.java:logGet(43)) - raft.server.storage.dir = [/workdir/hadoop-ozone/integration-test/target/test-dir/MiniOzoneClusterImpl-95bdc624-c518-47a7-b47f-3e0594fbda9c/datanode-3/data/ratis] (custom)
2019-10-08 21:56:53,837 [pool-237-thread-1] INFO  server.RaftServerConfigKeys (ConfUtils.java:logGet(43)) - raft.server.log.corruption.policy = EXCEPTION (default)
2019-10-08 21:56:53,838 [pool-237-thread-1] INFO  storage.RaftStorageDirectory (RaftStorageDirectory.java:analyzeStorage(246)) - The storage directory /workdir/hadoop-ozone/integration-test/target/test-dir/MiniOzoneClusterImpl-95bdc624-c518-47a7-b47f-3e0594fbda9c/datanode-3/data/ratis/419ff866-b3f2-4d23-858d-1aadc372bbcd does not exist. Creating ...
2019-10-08 21:56:53,845 [IPC Server handler 3 on 43486] INFO  net.NetworkTopology (NetworkTopologyImpl.java:add(111)) - Added a new node: /default-rack/063d3d25-0987-4ced-b2ba-219b6e3a1325
2019-10-08 21:56:53,845 [IPC Server handler 3 on 43486] INFO  node.SCMNodeManager (SCMNodeManager.java:register(268)) - Registered Data node : 063d3d25-0987-4ced-b2ba-219b6e3a1325{ip: 192.168.151.107, host: pr-hdds-2217-2kdk4-3258704453, networkLocation: /default-rack, certSerialId: null}
2019-10-08 21:56:53,851 [pool-237-thread-1] INFO  storage.RaftStorageDirectory (RaftStorageDirectory.java:tryLock(328)) - Lock on /workdir/hadoop-ozone/integration-test/target/test-dir/MiniOzoneClusterImpl-95bdc624-c518-47a7-b47f-3e0594fbda9c/datanode-3/data/ratis/419ff866-b3f2-4d23-858d-1aadc372bbcd/in_use.lock acquired by nodename 25773@pr-hdds-2217-2kdk4-3258704453
2019-10-08 21:56:53,864 [pool-237-thread-1] INFO  storage.RaftStorage (RaftStorage.java:format(84)) - Storage directory /workdir/hadoop-ozone/integration-test/target/test-dir/MiniOzoneClusterImpl-95bdc624-c518-47a7-b47f-3e0594fbda9c/datanode-3/data/ratis/419ff866-b3f2-4d23-858d-1aadc372bbcd has been successfully formatted.
2019-10-08 21:56:53,864 [pool-237-thread-1] INFO  ratis.ContainerStateMachine (ContainerStateMachine.java:loadSnapshot(231)) - group-1AADC372BBCD: The snapshot info is null. Setting the last applied indexto:(t:0, i:~)
2019-10-08 21:56:53,864 [pool-237-thread-1] INFO  server.RaftServerConfigKeys (ConfUtils.java:logGet(43)) - raft.server.notification.no-leader.timeout = 120s (custom)
2019-10-08 21:56:53,864 [pool-237-thread-1] INFO  server.RaftServerConfigKeys (ConfUtils.java:logGet(43)) - raft.server.log.use.memory = false (default)
2019-10-08 21:56:53,864 [pool-237-thread-1] INFO  server.RaftServerConfigKeys (ConfUtils.java:logGet(43)) - raft.server.log.purge.gap = 1000000 (custom)
2019-10-08 21:56:53,865 [pool-237-thread-1] INFO  server.RaftServerConfigKeys (ConfUtils.java:logGet(43)) - raft.server.log.appender.buffer.byte-limit = 33554432 (custom)
2019-10-08 21:56:53,865 [pool-237-thread-1] INFO  server.RaftServerConfigKeys (ConfUtils.java:logGet(43)) - raft.server.log.segment.size.max = 1048576 (custom)
2019-10-08 21:56:53,867 [pool-237-thread-1] INFO  server.RaftServerConfigKeys (ConfUtils.java:logGet(43)) - raft.server.log.segment.cache.num.max = 2 (custom)
2019-10-08 21:56:53,867 [pool-237-thread-1] INFO  segmented.SegmentedRaftLogWorker (SegmentedRaftLogWorker.java:<init>(173)) - new 997f0eef-8596-490e-aa24-5c3f322eaa27@group-1AADC372BBCD-SegmentedRaftLogWorker for RaftStorage:Storage Directory /workdir/hadoop-ozone/integration-test/target/test-dir/MiniOzoneClusterImpl-95bdc624-c518-47a7-b47f-3e0594fbda9c/datanode-3/data/ratis/419ff866-b3f2-4d23-858d-1aadc372bbcd
2019-10-08 21:56:53,867 [pool-237-thread-1] INFO  server.RaftServerConfigKeys (ConfUtils.java:logGet(43)) - raft.server.log.queue.byte-limit = 2147483647 (custom)
2019-10-08 21:56:53,867 [pool-237-thread-1] INFO  server.RaftServerConfigKeys (ConfUtils.java:logGet(43)) - raft.server.log.queue.element-limit = 1024 (custom)
2019-10-08 21:56:53,867 [pool-237-thread-1] INFO  server.RaftServerConfigKeys (ConfUtils.java:logGet(43)) - raft.server.log.segment.size.max = 1048576 (custom)
2019-10-08 21:56:53,867 [pool-237-thread-1] INFO  server.RaftServerConfigKeys (ConfUtils.java:logGet(43)) - raft.server.log.preallocated.size = 16384 (custom)
2019-10-08 21:56:53,868 [pool-237-thread-1] INFO  server.RaftServerConfigKeys (ConfUtils.java:logGet(43)) - raft.server.log.write.buffer.size = 33554432 (custom)
2019-10-08 21:56:53,868 [pool-237-thread-1] INFO  server.RaftServerConfigKeys (ConfUtils.java:logGet(43)) - raft.server.log.force.sync.num = 128 (default)
2019-10-08 21:56:53,868 [pool-237-thread-1] INFO  server.RaftServerConfigKeys (ConfUtils.java:logGet(43)) - raft.server.log.statemachine.data.sync = true (default)
2019-10-08 21:56:53,868 [pool-237-thread-1] INFO  server.RaftServerConfigKeys (ConfUtils.java:logGet(43)) - raft.server.log.statemachine.data.sync.timeout = 10s (default)
2019-10-08 21:56:53,868 [pool-237-thread-1] INFO  server.RaftServerConfigKeys (ConfUtils.java:logGet(43)) - raft.server.log.statemachine.data.sync.timeout.retry = -1 (default)
2019-10-08 21:56:53,868 [pool-237-thread-1] INFO  server.RaftServerConfigKeys (ConfUtils.java:logGet(43)) - raft.server.log.statemachine.data.caching.enabled = true (custom)
2019-10-08 21:56:53,869 [pool-237-thread-1] INFO  segmented.SegmentedRaftLogWorker (SegmentedRaftLogWorker.java:lambda$new$0(128)) - 997f0eef-8596-490e-aa24-5c3f322eaa27@group-1AADC372BBCD-SegmentedRaftLogWorker: flushIndex: setUnconditionally 0 -> -1
2019-10-08 21:56:53,869 [pool-237-thread-1] INFO  server.RaftServerConfigKeys (ConfUtils.java:logGet(43)) - raft.server.snapshot.auto.trigger.enabled = true (custom)
2019-10-08 21:56:53,869 [pool-237-thread-1] INFO  server.RaftServerConfigKeys (ConfUtils.java:logGet(43)) - raft.server.snapshot.auto.trigger.threshold = 10000 (custom)
2019-10-08 21:56:53,869 [pool-237-thread-1] INFO  server.RaftServerConfigKeys (ConfUtils.java:logGet(43)) - raft.server.snapshot.retention.file.num = 5 (custom)
2019-10-08 21:56:53,869 [pool-237-thread-1] INFO  server.RaftServerConfigKeys (ConfUtils.java:logGet(43)) - raft.server.retrycache.expirytime = 600000ms (custom)
2019-10-08 21:56:53,871 [pool-237-thread-1] INFO  impl.RaftServerImpl (RaftServerImpl.java:start(181)) - 997f0eef-8596-490e-aa24-5c3f322eaa27@group-1AADC372BBCD: start as a follower, conf=-1: [997f0eef-8596-490e-aa24-5c3f322eaa27:192.168.151.107:42323], old=null
2019-10-08 21:56:53,871 [pool-237-thread-1] INFO  impl.RaftServerImpl (RaftServerImpl.java:setRole(170)) - 997f0eef-8596-490e-aa24-5c3f322eaa27@group-1AADC372BBCD: changes role from      null to FOLLOWER at term 0 for startAsFollower
2019-10-08 21:56:53,871 [pool-237-thread-1] INFO  impl.RoleInfo (RoleInfo.java:updateAndGet(143)) - 997f0eef-8596-490e-aa24-5c3f322eaa27: start FollowerState
2019-10-08 21:56:53,872 [pool-237-thread-1] INFO  util.JmxRegister (JmxRegister.java:tryRegister(44)) - Successfully registered JMX Bean with object name Ratis:service=RaftServer,group=group-1AADC372BBCD,id=997f0eef-8596-490e-aa24-5c3f322eaa27
2019-10-08 21:56:53,880 [RatisPipelineUtilsThread] INFO  pipeline.PipelineStateManager (PipelineStateManager.java:addPipeline(56)) - Created pipeline Pipeline[ Id: 419ff866-b3f2-4d23-858d-1aadc372bbcd, Nodes: 997f0eef-8596-490e-aa24-5c3f322eaa27{ip: 192.168.151.107, host: pr-hdds-2217-2kdk4-3258704453, networkLocation: /default-rack, certSerialId: null}, Type:RATIS, Factor:ONE, State:OPEN]
2019-10-08 21:56:53,890 [grpc-default-executor-5] INFO  impl.RaftServerProxy (RaftServerProxy.java:addNew(89)) - 063d3d25-0987-4ced-b2ba-219b6e3a1325: addNew group-F613CC50B552:[063d3d25-0987-4ced-b2ba-219b6e3a1325:192.168.151.107:43236] returns group-F613CC50B552:java.util.concurrent.CompletableFuture@cbfacf0[Not completed]
2019-10-08 21:56:53,892 [pool-247-thread-1] INFO  impl.RaftServerImpl (RaftServerImpl.java:<init>(95)) - 063d3d25-0987-4ced-b2ba-219b6e3a1325: new RaftServerImpl for group-F613CC50B552:[063d3d25-0987-4ced-b2ba-219b6e3a1325:192.168.151.107:43236] with ContainerStateMachine:uninitialized
2019-10-08 21:56:53,892 [pool-247-thread-1] INFO  server.RaftServerConfigKeys (ConfUtils.java:logGet(43)) - raft.server.rpc.timeout.min = 5s (custom)
2019-10-08 21:56:53,892 [pool-247-thread-1] INFO  server.RaftServerConfigKeys (ConfUtils.java:logGet(43)) - raft.server.rpc.timeout.max = 5200ms (custom)
2019-10-08 21:56:53,892 [pool-247-thread-1] INFO  server.RaftServerConfigKeys (ConfUtils.java:logGet(43)) - raft.server.rpcslowness.timeout = 120s (custom)
2019-10-08 21:56:53,892 [pool-247-thread-1] INFO  server.RaftServerConfigKeys (ConfUtils.java:logGet(43)) - raft.server.sleep.deviation.threshold = 300 (default)
2019-10-08 21:56:53,892 [pool-247-thread-1] INFO  server.RaftServerConfigKeys (ConfUtils.java:logGet(43)) - raft.server.log.appender.install.snapshot.enabled = false (custom)
2019-10-08 21:56:53,892 [pool-247-thread-1] INFO  impl.RaftServerImpl (ServerState.java:<init>(103)) - 063d3d25-0987-4ced-b2ba-219b6e3a1325@group-F613CC50B552: ConfigurationManager, init=-1: [063d3d25-0987-4ced-b2ba-219b6e3a1325:192.168.151.107:43236], old=null, confs=<EMPTY_MAP>
2019-10-08 21:56:53,893 [pool-247-thread-1] INFO  server.RaftServerConfigKeys (ConfUtils.java:logGet(43)) - raft.server.storage.dir = [/workdir/hadoop-ozone/integration-test/target/test-dir/MiniOzoneClusterImpl-95bdc624-c518-47a7-b47f-3e0594fbda9c/datanode-4/data/ratis] (custom)
2019-10-08 21:56:53,893 [pool-247-thread-1] INFO  server.RaftServerConfigKeys (ConfUtils.java:logGet(43)) - raft.server.log.corruption.policy = EXCEPTION (default)
2019-10-08 21:56:53,893 [pool-247-thread-1] INFO  storage.RaftStorageDirectory (RaftStorageDirectory.java:analyzeStorage(246)) - The storage directory /workdir/hadoop-ozone/integration-test/target/test-dir/MiniOzoneClusterImpl-95bdc624-c518-47a7-b47f-3e0594fbda9c/datanode-4/data/ratis/ddf4efca-5357-4686-aa3d-f613cc50b552 does not exist. Creating ...
2019-10-08 21:56:53,905 [pool-247-thread-1] INFO  storage.RaftStorageDirectory (RaftStorageDirectory.java:tryLock(328)) - Lock on /workdir/hadoop-ozone/integration-test/target/test-dir/MiniOzoneClusterImpl-95bdc624-c518-47a7-b47f-3e0594fbda9c/datanode-4/data/ratis/ddf4efca-5357-4686-aa3d-f613cc50b552/in_use.lock acquired by nodename 25773@pr-hdds-2217-2kdk4-3258704453
2019-10-08 21:56:53,919 [IPC Server handler 6 on 43486] INFO  net.NetworkTopology (NetworkTopologyImpl.java:add(111)) - Added a new node: /default-rack/f859ae29-ff43-4c18-a03a-f65c899718fd
2019-10-08 21:56:53,919 [IPC Server handler 6 on 43486] INFO  node.SCMNodeManager (SCMNodeManager.java:register(268)) - Registered Data node : f859ae29-ff43-4c18-a03a-f65c899718fd{ip: 192.168.151.107, host: pr-hdds-2217-2kdk4-3258704453, networkLocation: /default-rack, certSerialId: null}
2019-10-08 21:56:53,924 [pool-247-thread-1] INFO  storage.RaftStorage (RaftStorage.java:format(84)) - Storage directory /workdir/hadoop-ozone/integration-test/target/test-dir/MiniOzoneClusterImpl-95bdc624-c518-47a7-b47f-3e0594fbda9c/datanode-4/data/ratis/ddf4efca-5357-4686-aa3d-f613cc50b552 has been successfully formatted.
2019-10-08 21:56:53,925 [pool-247-thread-1] INFO  ratis.ContainerStateMachine (ContainerStateMachine.java:loadSnapshot(231)) - group-F613CC50B552: The snapshot info is null. Setting the last applied indexto:(t:0, i:~)
2019-10-08 21:56:53,925 [pool-247-thread-1] INFO  server.RaftServerConfigKeys (ConfUtils.java:logGet(43)) - raft.server.notification.no-leader.timeout = 120s (custom)
2019-10-08 21:56:53,925 [pool-247-thread-1] INFO  server.RaftServerConfigKeys (ConfUtils.java:logGet(43)) - raft.server.log.use.memory = false (default)
2019-10-08 21:56:53,925 [pool-247-thread-1] INFO  server.RaftServerConfigKeys (ConfUtils.java:logGet(43)) - raft.server.log.purge.gap = 1000000 (custom)
2019-10-08 21:56:53,925 [pool-247-thread-1] INFO  server.RaftServerConfigKeys (ConfUtils.java:logGet(43)) - raft.server.log.appender.buffer.byte-limit = 33554432 (custom)
2019-10-08 21:56:53,925 [pool-247-thread-1] INFO  server.RaftServerConfigKeys (ConfUtils.java:logGet(43)) - raft.server.log.segment.size.max = 1048576 (custom)
2019-10-08 21:56:53,927 [pool-247-thread-1] INFO  server.RaftServerConfigKeys (ConfUtils.java:logGet(43)) - raft.server.log.segment.cache.num.max = 2 (custom)
2019-10-08 21:56:53,928 [pool-247-thread-1] INFO  segmented.SegmentedRaftLogWorker (SegmentedRaftLogWorker.java:<init>(173)) - new 063d3d25-0987-4ced-b2ba-219b6e3a1325@group-F613CC50B552-SegmentedRaftLogWorker for RaftStorage:Storage Directory /workdir/hadoop-ozone/integration-test/target/test-dir/MiniOzoneClusterImpl-95bdc624-c518-47a7-b47f-3e0594fbda9c/datanode-4/data/ratis/ddf4efca-5357-4686-aa3d-f613cc50b552
2019-10-08 21:56:53,928 [pool-247-thread-1] INFO  server.RaftServerConfigKeys (ConfUtils.java:logGet(43)) - raft.server.log.queue.byte-limit = 2147483647 (custom)
2019-10-08 21:56:53,928 [pool-247-thread-1] INFO  server.RaftServerConfigKeys (ConfUtils.java:logGet(43)) - raft.server.log.queue.element-limit = 1024 (custom)
2019-10-08 21:56:53,928 [pool-247-thread-1] INFO  server.RaftServerConfigKeys (ConfUtils.java:logGet(43)) - raft.server.log.segment.size.max = 1048576 (custom)
2019-10-08 21:56:53,928 [pool-247-thread-1] INFO  server.RaftServerConfigKeys (ConfUtils.java:logGet(43)) - raft.server.log.preallocated.size = 16384 (custom)
2019-10-08 21:56:53,928 [pool-247-thread-1] INFO  server.RaftServerConfigKeys (ConfUtils.java:logGet(43)) - raft.server.log.write.buffer.size = 33554432 (custom)
2019-10-08 21:56:53,928 [pool-247-thread-1] INFO  server.RaftServerConfigKeys (ConfUtils.java:logGet(43)) - raft.server.log.force.sync.num = 128 (default)
2019-10-08 21:56:53,929 [pool-247-thread-1] INFO  server.RaftServerConfigKeys (ConfUtils.java:logGet(43)) - raft.server.log.statemachine.data.sync = true (default)
2019-10-08 21:56:53,929 [pool-247-thread-1] INFO  server.RaftServerConfigKeys (ConfUtils.java:logGet(43)) - raft.server.log.statemachine.data.sync.timeout = 10s (default)
2019-10-08 21:56:53,929 [pool-247-thread-1] INFO  server.RaftServerConfigKeys (ConfUtils.java:logGet(43)) - raft.server.log.statemachine.data.sync.timeout.retry = -1 (default)
2019-10-08 21:56:53,929 [pool-247-thread-1] INFO  server.RaftServerConfigKeys (ConfUtils.java:logGet(43)) - raft.server.log.statemachine.data.caching.enabled = true (custom)
2019-10-08 21:56:53,930 [pool-247-thread-1] INFO  segmented.SegmentedRaftLogWorker (SegmentedRaftLogWorker.java:lambda$new$0(128)) - 063d3d25-0987-4ced-b2ba-219b6e3a1325@group-F613CC50B552-SegmentedRaftLogWorker: flushIndex: setUnconditionally 0 -> -1
2019-10-08 21:56:53,930 [pool-247-thread-1] INFO  server.RaftServerConfigKeys (ConfUtils.java:logGet(43)) - raft.server.snapshot.auto.trigger.enabled = true (custom)
2019-10-08 21:56:53,930 [pool-247-thread-1] INFO  server.RaftServerConfigKeys (ConfUtils.java:logGet(43)) - raft.server.snapshot.auto.trigger.threshold = 10000 (custom)
2019-10-08 21:56:53,930 [pool-247-thread-1] INFO  server.RaftServerConfigKeys (ConfUtils.java:logGet(43)) - raft.server.snapshot.retention.file.num = 5 (custom)
2019-10-08 21:56:53,930 [pool-247-thread-1] INFO  server.RaftServerConfigKeys (ConfUtils.java:logGet(43)) - raft.server.retrycache.expirytime = 600000ms (custom)
2019-10-08 21:56:53,932 [pool-247-thread-1] INFO  impl.RaftServerImpl (RaftServerImpl.java:start(181)) - 063d3d25-0987-4ced-b2ba-219b6e3a1325@group-F613CC50B552: start as a follower, conf=-1: [063d3d25-0987-4ced-b2ba-219b6e3a1325:192.168.151.107:43236], old=null
2019-10-08 21:56:53,932 [pool-247-thread-1] INFO  impl.RaftServerImpl (RaftServerImpl.java:setRole(170)) - 063d3d25-0987-4ced-b2ba-219b6e3a1325@group-F613CC50B552: changes role from      null to FOLLOWER at term 0 for startAsFollower
2019-10-08 21:56:53,932 [pool-247-thread-1] INFO  impl.RoleInfo (RoleInfo.java:updateAndGet(143)) - 063d3d25-0987-4ced-b2ba-219b6e3a1325: start FollowerState
2019-10-08 21:56:53,933 [pool-247-thread-1] INFO  util.JmxRegister (JmxRegister.java:tryRegister(44)) - Successfully registered JMX Bean with object name Ratis:service=RaftServer,group=group-F613CC50B552,id=063d3d25-0987-4ced-b2ba-219b6e3a1325
2019-10-08 21:56:53,940 [RatisPipelineUtilsThread] INFO  pipeline.PipelineStateManager (PipelineStateManager.java:addPipeline(56)) - Created pipeline Pipeline[ Id: ddf4efca-5357-4686-aa3d-f613cc50b552, Nodes: 063d3d25-0987-4ced-b2ba-219b6e3a1325{ip: 192.168.151.107, host: pr-hdds-2217-2kdk4-3258704453, networkLocation: /default-rack, certSerialId: null}, Type:RATIS, Factor:ONE, State:OPEN]
2019-10-08 21:56:53,961 [grpc-default-executor-5] INFO  impl.RaftServerProxy (RaftServerProxy.java:addNew(89)) - f859ae29-ff43-4c18-a03a-f65c899718fd: addNew group-91CB2F3F6646:[f859ae29-ff43-4c18-a03a-f65c899718fd:192.168.151.107:40768] returns group-91CB2F3F6646:java.util.concurrent.CompletableFuture@13fe060b[Not completed]
2019-10-08 21:56:53,963 [pool-257-thread-1] INFO  impl.RaftServerImpl (RaftServerImpl.java:<init>(95)) - f859ae29-ff43-4c18-a03a-f65c899718fd: new RaftServerImpl for group-91CB2F3F6646:[f859ae29-ff43-4c18-a03a-f65c899718fd:192.168.151.107:40768] with ContainerStateMachine:uninitialized
2019-10-08 21:56:53,963 [pool-257-thread-1] INFO  server.RaftServerConfigKeys (ConfUtils.java:logGet(43)) - raft.server.rpc.timeout.min = 5s (custom)
2019-10-08 21:56:53,963 [pool-257-thread-1] INFO  server.RaftServerConfigKeys (ConfUtils.java:logGet(43)) - raft.server.rpc.timeout.max = 5200ms (custom)
2019-10-08 21:56:53,963 [pool-257-thread-1] INFO  server.RaftServerConfigKeys (ConfUtils.java:logGet(43)) - raft.server.rpcslowness.timeout = 120s (custom)
2019-10-08 21:56:53,963 [pool-257-thread-1] INFO  server.RaftServerConfigKeys (ConfUtils.java:logGet(43)) - raft.server.sleep.deviation.threshold = 300 (default)
2019-10-08 21:56:53,963 [pool-257-thread-1] INFO  server.RaftServerConfigKeys (ConfUtils.java:logGet(43)) - raft.server.log.appender.install.snapshot.enabled = false (custom)
2019-10-08 21:56:53,963 [pool-257-thread-1] INFO  impl.RaftServerImpl (ServerState.java:<init>(103)) - f859ae29-ff43-4c18-a03a-f65c899718fd@group-91CB2F3F6646: ConfigurationManager, init=-1: [f859ae29-ff43-4c18-a03a-f65c899718fd:192.168.151.107:40768], old=null, confs=<EMPTY_MAP>
2019-10-08 21:56:53,963 [pool-257-thread-1] INFO  server.RaftServerConfigKeys (ConfUtils.java:logGet(43)) - raft.server.storage.dir = [/workdir/hadoop-ozone/integration-test/target/test-dir/MiniOzoneClusterImpl-95bdc624-c518-47a7-b47f-3e0594fbda9c/datanode-5/data/ratis] (custom)
2019-10-08 21:56:53,964 [pool-257-thread-1] INFO  server.RaftServerConfigKeys (ConfUtils.java:logGet(43)) - raft.server.log.corruption.policy = EXCEPTION (default)
2019-10-08 21:56:53,964 [pool-257-thread-1] INFO  storage.RaftStorageDirectory (RaftStorageDirectory.java:analyzeStorage(246)) - The storage directory /workdir/hadoop-ozone/integration-test/target/test-dir/MiniOzoneClusterImpl-95bdc624-c518-47a7-b47f-3e0594fbda9c/datanode-5/data/ratis/0c82573f-c77d-4bef-a3be-91cb2f3f6646 does not exist. Creating ...
2019-10-08 21:56:53,985 [main] INFO  ozone.MiniOzoneClusterImpl (MiniOzoneClusterImpl.java:lambda$waitForClusterToBeReady$0(147)) - Waiting for cluster to be ready. Got 6 of 7 DN Heartbeats.
2019-10-08 21:56:53,985 [pool-257-thread-1] INFO  storage.RaftStorageDirectory (RaftStorageDirectory.java:tryLock(328)) - Lock on /workdir/hadoop-ozone/integration-test/target/test-dir/MiniOzoneClusterImpl-95bdc624-c518-47a7-b47f-3e0594fbda9c/datanode-5/data/ratis/0c82573f-c77d-4bef-a3be-91cb2f3f6646/in_use.lock acquired by nodename 25773@pr-hdds-2217-2kdk4-3258704453
2019-10-08 21:56:53,986 [IPC Server handler 1 on 43486] INFO  net.NetworkTopology (NetworkTopologyImpl.java:add(111)) - Added a new node: /default-rack/9241910e-7215-4b10-8981-67058d2a4474
2019-10-08 21:56:53,987 [IPC Server handler 1 on 43486] INFO  node.SCMNodeManager (SCMNodeManager.java:register(268)) - Registered Data node : 9241910e-7215-4b10-8981-67058d2a4474{ip: 192.168.151.107, host: pr-hdds-2217-2kdk4-3258704453, networkLocation: /default-rack, certSerialId: null}
2019-10-08 21:56:53,998 [pool-257-thread-1] INFO  storage.RaftStorage (RaftStorage.java:format(84)) - Storage directory /workdir/hadoop-ozone/integration-test/target/test-dir/MiniOzoneClusterImpl-95bdc624-c518-47a7-b47f-3e0594fbda9c/datanode-5/data/ratis/0c82573f-c77d-4bef-a3be-91cb2f3f6646 has been successfully formatted.
2019-10-08 21:56:53,999 [pool-257-thread-1] INFO  ratis.ContainerStateMachine (ContainerStateMachine.java:loadSnapshot(231)) - group-91CB2F3F6646: The snapshot info is null. Setting the last applied indexto:(t:0, i:~)
2019-10-08 21:56:53,999 [pool-257-thread-1] INFO  server.RaftServerConfigKeys (ConfUtils.java:logGet(43)) - raft.server.notification.no-leader.timeout = 120s (custom)
2019-10-08 21:56:53,999 [pool-257-thread-1] INFO  server.RaftServerConfigKeys (ConfUtils.java:logGet(43)) - raft.server.log.use.memory = false (default)
2019-10-08 21:56:53,999 [pool-257-thread-1] INFO  server.RaftServerConfigKeys (ConfUtils.java:logGet(43)) - raft.server.log.purge.gap = 1000000 (custom)
2019-10-08 21:56:53,999 [pool-257-thread-1] INFO  server.RaftServerConfigKeys (ConfUtils.java:logGet(43)) - raft.server.log.appender.buffer.byte-limit = 33554432 (custom)
2019-10-08 21:56:53,999 [pool-257-thread-1] INFO  server.RaftServerConfigKeys (ConfUtils.java:logGet(43)) - raft.server.log.segment.size.max = 1048576 (custom)
2019-10-08 21:56:54,001 [pool-257-thread-1] INFO  server.RaftServerConfigKeys (ConfUtils.java:logGet(43)) - raft.server.log.segment.cache.num.max = 2 (custom)
2019-10-08 21:56:54,001 [pool-257-thread-1] INFO  segmented.SegmentedRaftLogWorker (SegmentedRaftLogWorker.java:<init>(173)) - new f859ae29-ff43-4c18-a03a-f65c899718fd@group-91CB2F3F6646-SegmentedRaftLogWorker for RaftStorage:Storage Directory /workdir/hadoop-ozone/integration-test/target/test-dir/MiniOzoneClusterImpl-95bdc624-c518-47a7-b47f-3e0594fbda9c/datanode-5/data/ratis/0c82573f-c77d-4bef-a3be-91cb2f3f6646
2019-10-08 21:56:54,001 [pool-257-thread-1] INFO  server.RaftServerConfigKeys (ConfUtils.java:logGet(43)) - raft.server.log.queue.byte-limit = 2147483647 (custom)
2019-10-08 21:56:54,002 [pool-257-thread-1] INFO  server.RaftServerConfigKeys (ConfUtils.java:logGet(43)) - raft.server.log.queue.element-limit = 1024 (custom)
2019-10-08 21:56:54,002 [pool-257-thread-1] INFO  server.RaftServerConfigKeys (ConfUtils.java:logGet(43)) - raft.server.log.segment.size.max = 1048576 (custom)
2019-10-08 21:56:54,002 [pool-257-thread-1] INFO  server.RaftServerConfigKeys (ConfUtils.java:logGet(43)) - raft.server.log.preallocated.size = 16384 (custom)
2019-10-08 21:56:54,002 [pool-257-thread-1] INFO  server.RaftServerConfigKeys (ConfUtils.java:logGet(43)) - raft.server.log.write.buffer.size = 33554432 (custom)
2019-10-08 21:56:54,002 [pool-257-thread-1] INFO  server.RaftServerConfigKeys (ConfUtils.java:logGet(43)) - raft.server.log.force.sync.num = 128 (default)
2019-10-08 21:56:54,002 [pool-257-thread-1] INFO  server.RaftServerConfigKeys (ConfUtils.java:logGet(43)) - raft.server.log.statemachine.data.sync = true (default)
2019-10-08 21:56:54,002 [pool-257-thread-1] INFO  server.RaftServerConfigKeys (ConfUtils.java:logGet(43)) - raft.server.log.statemachine.data.sync.timeout = 10s (default)
2019-10-08 21:56:54,002 [pool-257-thread-1] INFO  server.RaftServerConfigKeys (ConfUtils.java:logGet(43)) - raft.server.log.statemachine.data.sync.timeout.retry = -1 (default)
2019-10-08 21:56:54,003 [pool-257-thread-1] INFO  server.RaftServerConfigKeys (ConfUtils.java:logGet(43)) - raft.server.log.statemachine.data.caching.enabled = true (custom)
2019-10-08 21:56:54,003 [pool-257-thread-1] INFO  segmented.SegmentedRaftLogWorker (SegmentedRaftLogWorker.java:lambda$new$0(128)) - f859ae29-ff43-4c18-a03a-f65c899718fd@group-91CB2F3F6646-SegmentedRaftLogWorker: flushIndex: setUnconditionally 0 -> -1
2019-10-08 21:56:54,003 [pool-257-thread-1] INFO  server.RaftServerConfigKeys (ConfUtils.java:logGet(43)) - raft.server.snapshot.auto.trigger.enabled = true (custom)
2019-10-08 21:56:54,003 [pool-257-thread-1] INFO  server.RaftServerConfigKeys (ConfUtils.java:logGet(43)) - raft.server.snapshot.auto.trigger.threshold = 10000 (custom)
2019-10-08 21:56:54,004 [pool-257-thread-1] INFO  server.RaftServerConfigKeys (ConfUtils.java:logGet(43)) - raft.server.snapshot.retention.file.num = 5 (custom)
2019-10-08 21:56:54,004 [pool-257-thread-1] INFO  server.RaftServerConfigKeys (ConfUtils.java:logGet(43)) - raft.server.retrycache.expirytime = 600000ms (custom)
2019-10-08 21:56:54,005 [pool-257-thread-1] INFO  impl.RaftServerImpl (RaftServerImpl.java:start(181)) - f859ae29-ff43-4c18-a03a-f65c899718fd@group-91CB2F3F6646: start as a follower, conf=-1: [f859ae29-ff43-4c18-a03a-f65c899718fd:192.168.151.107:40768], old=null
2019-10-08 21:56:54,006 [pool-257-thread-1] INFO  impl.RaftServerImpl (RaftServerImpl.java:setRole(170)) - f859ae29-ff43-4c18-a03a-f65c899718fd@group-91CB2F3F6646: changes role from      null to FOLLOWER at term 0 for startAsFollower
2019-10-08 21:56:54,006 [pool-257-thread-1] INFO  impl.RoleInfo (RoleInfo.java:updateAndGet(143)) - f859ae29-ff43-4c18-a03a-f65c899718fd: start FollowerState
2019-10-08 21:56:54,006 [pool-257-thread-1] INFO  util.JmxRegister (JmxRegister.java:tryRegister(44)) - Successfully registered JMX Bean with object name Ratis:service=RaftServer,group=group-91CB2F3F6646,id=f859ae29-ff43-4c18-a03a-f65c899718fd
2019-10-08 21:56:54,014 [RatisPipelineUtilsThread] INFO  pipeline.PipelineStateManager (PipelineStateManager.java:addPipeline(56)) - Created pipeline Pipeline[ Id: 0c82573f-c77d-4bef-a3be-91cb2f3f6646, Nodes: f859ae29-ff43-4c18-a03a-f65c899718fd{ip: 192.168.151.107, host: pr-hdds-2217-2kdk4-3258704453, networkLocation: /default-rack, certSerialId: null}, Type:RATIS, Factor:ONE, State:OPEN]
2019-10-08 21:56:54,023 [grpc-default-executor-5] INFO  impl.RaftServerProxy (RaftServerProxy.java:addNew(89)) - 9241910e-7215-4b10-8981-67058d2a4474: addNew group-72E9F3E1A562:[9241910e-7215-4b10-8981-67058d2a4474:192.168.151.107:38431] returns group-72E9F3E1A562:java.util.concurrent.CompletableFuture@5d069c72[Not completed]
2019-10-08 21:56:54,024 [pool-267-thread-1] INFO  impl.RaftServerImpl (RaftServerImpl.java:<init>(95)) - 9241910e-7215-4b10-8981-67058d2a4474: new RaftServerImpl for group-72E9F3E1A562:[9241910e-7215-4b10-8981-67058d2a4474:192.168.151.107:38431] with ContainerStateMachine:uninitialized
2019-10-08 21:56:54,024 [pool-267-thread-1] INFO  server.RaftServerConfigKeys (ConfUtils.java:logGet(43)) - raft.server.rpc.timeout.min = 5s (custom)
2019-10-08 21:56:54,024 [pool-267-thread-1] INFO  server.RaftServerConfigKeys (ConfUtils.java:logGet(43)) - raft.server.rpc.timeout.max = 5200ms (custom)
2019-10-08 21:56:54,024 [pool-267-thread-1] INFO  server.RaftServerConfigKeys (ConfUtils.java:logGet(43)) - raft.server.rpcslowness.timeout = 120s (custom)
2019-10-08 21:56:54,024 [pool-267-thread-1] INFO  server.RaftServerConfigKeys (ConfUtils.java:logGet(43)) - raft.server.sleep.deviation.threshold = 300 (default)
2019-10-08 21:56:54,024 [pool-267-thread-1] INFO  server.RaftServerConfigKeys (ConfUtils.java:logGet(43)) - raft.server.log.appender.install.snapshot.enabled = false (custom)
2019-10-08 21:56:54,024 [pool-267-thread-1] INFO  impl.RaftServerImpl (ServerState.java:<init>(103)) - 9241910e-7215-4b10-8981-67058d2a4474@group-72E9F3E1A562: ConfigurationManager, init=-1: [9241910e-7215-4b10-8981-67058d2a4474:192.168.151.107:38431], old=null, confs=<EMPTY_MAP>
2019-10-08 21:56:54,025 [pool-267-thread-1] INFO  server.RaftServerConfigKeys (ConfUtils.java:logGet(43)) - raft.server.storage.dir = [/workdir/hadoop-ozone/integration-test/target/test-dir/MiniOzoneClusterImpl-95bdc624-c518-47a7-b47f-3e0594fbda9c/datanode-6/data/ratis] (custom)
2019-10-08 21:56:54,025 [pool-267-thread-1] INFO  server.RaftServerConfigKeys (ConfUtils.java:logGet(43)) - raft.server.log.corruption.policy = EXCEPTION (default)
2019-10-08 21:56:54,025 [pool-267-thread-1] INFO  storage.RaftStorageDirectory (RaftStorageDirectory.java:analyzeStorage(246)) - The storage directory /workdir/hadoop-ozone/integration-test/target/test-dir/MiniOzoneClusterImpl-95bdc624-c518-47a7-b47f-3e0594fbda9c/datanode-6/data/ratis/c5317986-fa31-4248-8358-72e9f3e1a562 does not exist. Creating ...
2019-10-08 21:56:54,038 [pool-267-thread-1] INFO  storage.RaftStorageDirectory (RaftStorageDirectory.java:tryLock(328)) - Lock on /workdir/hadoop-ozone/integration-test/target/test-dir/MiniOzoneClusterImpl-95bdc624-c518-47a7-b47f-3e0594fbda9c/datanode-6/data/ratis/c5317986-fa31-4248-8358-72e9f3e1a562/in_use.lock acquired by nodename 25773@pr-hdds-2217-2kdk4-3258704453
2019-10-08 21:56:54,050 [pool-267-thread-1] INFO  storage.RaftStorage (RaftStorage.java:format(84)) - Storage directory /workdir/hadoop-ozone/integration-test/target/test-dir/MiniOzoneClusterImpl-95bdc624-c518-47a7-b47f-3e0594fbda9c/datanode-6/data/ratis/c5317986-fa31-4248-8358-72e9f3e1a562 has been successfully formatted.
2019-10-08 21:56:54,051 [pool-267-thread-1] INFO  ratis.ContainerStateMachine (ContainerStateMachine.java:loadSnapshot(231)) - group-72E9F3E1A562: The snapshot info is null. Setting the last applied indexto:(t:0, i:~)
2019-10-08 21:56:54,051 [pool-267-thread-1] INFO  server.RaftServerConfigKeys (ConfUtils.java:logGet(43)) - raft.server.notification.no-leader.timeout = 120s (custom)
2019-10-08 21:56:54,051 [pool-267-thread-1] INFO  server.RaftServerConfigKeys (ConfUtils.java:logGet(43)) - raft.server.log.use.memory = false (default)
2019-10-08 21:56:54,051 [pool-267-thread-1] INFO  server.RaftServerConfigKeys (ConfUtils.java:logGet(43)) - raft.server.log.purge.gap = 1000000 (custom)
2019-10-08 21:56:54,051 [pool-267-thread-1] INFO  server.RaftServerConfigKeys (ConfUtils.java:logGet(43)) - raft.server.log.appender.buffer.byte-limit = 33554432 (custom)
2019-10-08 21:56:54,051 [pool-267-thread-1] INFO  server.RaftServerConfigKeys (ConfUtils.java:logGet(43)) - raft.server.log.segment.size.max = 1048576 (custom)
2019-10-08 21:56:54,053 [pool-267-thread-1] INFO  server.RaftServerConfigKeys (ConfUtils.java:logGet(43)) - raft.server.log.segment.cache.num.max = 2 (custom)
2019-10-08 21:56:54,053 [pool-267-thread-1] INFO  segmented.SegmentedRaftLogWorker (SegmentedRaftLogWorker.java:<init>(173)) - new 9241910e-7215-4b10-8981-67058d2a4474@group-72E9F3E1A562-SegmentedRaftLogWorker for RaftStorage:Storage Directory /workdir/hadoop-ozone/integration-test/target/test-dir/MiniOzoneClusterImpl-95bdc624-c518-47a7-b47f-3e0594fbda9c/datanode-6/data/ratis/c5317986-fa31-4248-8358-72e9f3e1a562
2019-10-08 21:56:54,053 [pool-267-thread-1] INFO  server.RaftServerConfigKeys (ConfUtils.java:logGet(43)) - raft.server.log.queue.byte-limit = 2147483647 (custom)
2019-10-08 21:56:54,053 [pool-267-thread-1] INFO  server.RaftServerConfigKeys (ConfUtils.java:logGet(43)) - raft.server.log.queue.element-limit = 1024 (custom)
2019-10-08 21:56:54,053 [pool-267-thread-1] INFO  server.RaftServerConfigKeys (ConfUtils.java:logGet(43)) - raft.server.log.segment.size.max = 1048576 (custom)
2019-10-08 21:56:54,054 [pool-267-thread-1] INFO  server.RaftServerConfigKeys (ConfUtils.java:logGet(43)) - raft.server.log.preallocated.size = 16384 (custom)
2019-10-08 21:56:54,054 [pool-267-thread-1] INFO  server.RaftServerConfigKeys (ConfUtils.java:logGet(43)) - raft.server.log.write.buffer.size = 33554432 (custom)
2019-10-08 21:56:54,054 [pool-267-thread-1] INFO  server.RaftServerConfigKeys (ConfUtils.java:logGet(43)) - raft.server.log.force.sync.num = 128 (default)
2019-10-08 21:56:54,054 [pool-267-thread-1] INFO  server.RaftServerConfigKeys (ConfUtils.java:logGet(43)) - raft.server.log.statemachine.data.sync = true (default)
2019-10-08 21:56:54,054 [pool-267-thread-1] INFO  server.RaftServerConfigKeys (ConfUtils.java:logGet(43)) - raft.server.log.statemachine.data.sync.timeout = 10s (default)
2019-10-08 21:56:54,054 [pool-267-thread-1] INFO  server.RaftServerConfigKeys (ConfUtils.java:logGet(43)) - raft.server.log.statemachine.data.sync.timeout.retry = -1 (default)
2019-10-08 21:56:54,054 [pool-267-thread-1] INFO  server.RaftServerConfigKeys (ConfUtils.java:logGet(43)) - raft.server.log.statemachine.data.caching.enabled = true (custom)
2019-10-08 21:56:54,055 [pool-267-thread-1] INFO  segmented.SegmentedRaftLogWorker (SegmentedRaftLogWorker.java:lambda$new$0(128)) - 9241910e-7215-4b10-8981-67058d2a4474@group-72E9F3E1A562-SegmentedRaftLogWorker: flushIndex: setUnconditionally 0 -> -1
2019-10-08 21:56:54,055 [pool-267-thread-1] INFO  server.RaftServerConfigKeys (ConfUtils.java:logGet(43)) - raft.server.snapshot.auto.trigger.enabled = true (custom)
2019-10-08 21:56:54,055 [pool-267-thread-1] INFO  server.RaftServerConfigKeys (ConfUtils.java:logGet(43)) - raft.server.snapshot.auto.trigger.threshold = 10000 (custom)
2019-10-08 21:56:54,055 [pool-267-thread-1] INFO  server.RaftServerConfigKeys (ConfUtils.java:logGet(43)) - raft.server.snapshot.retention.file.num = 5 (custom)
2019-10-08 21:56:54,055 [pool-267-thread-1] INFO  server.RaftServerConfigKeys (ConfUtils.java:logGet(43)) - raft.server.retrycache.expirytime = 600000ms (custom)
2019-10-08 21:56:54,057 [pool-267-thread-1] INFO  impl.RaftServerImpl (RaftServerImpl.java:start(181)) - 9241910e-7215-4b10-8981-67058d2a4474@group-72E9F3E1A562: start as a follower, conf=-1: [9241910e-7215-4b10-8981-67058d2a4474:192.168.151.107:38431], old=null
2019-10-08 21:56:54,057 [pool-267-thread-1] INFO  impl.RaftServerImpl (RaftServerImpl.java:setRole(170)) - 9241910e-7215-4b10-8981-67058d2a4474@group-72E9F3E1A562: changes role from      null to FOLLOWER at term 0 for startAsFollower
2019-10-08 21:56:54,057 [pool-267-thread-1] INFO  impl.RoleInfo (RoleInfo.java:updateAndGet(143)) - 9241910e-7215-4b10-8981-67058d2a4474: start FollowerState
2019-10-08 21:56:54,057 [pool-267-thread-1] INFO  util.JmxRegister (JmxRegister.java:tryRegister(44)) - Successfully registered JMX Bean with object name Ratis:service=RaftServer,group=group-72E9F3E1A562,id=9241910e-7215-4b10-8981-67058d2a4474
2019-10-08 21:56:54,064 [RatisPipelineUtilsThread] INFO  pipeline.PipelineStateManager (PipelineStateManager.java:addPipeline(56)) - Created pipeline Pipeline[ Id: c5317986-fa31-4248-8358-72e9f3e1a562, Nodes: 9241910e-7215-4b10-8981-67058d2a4474{ip: 192.168.151.107, host: pr-hdds-2217-2kdk4-3258704453, networkLocation: /default-rack, certSerialId: null}, Type:RATIS, Factor:ONE, State:OPEN]
2019-10-08 21:56:54,079 [grpc-default-executor-2] INFO  impl.RaftServerProxy (RaftServerProxy.java:addNew(89)) - 9241910e-7215-4b10-8981-67058d2a4474: addNew group-98E3FAD48EE3:[9241910e-7215-4b10-8981-67058d2a4474:192.168.151.107:38431, 12a1f04c-09b4-4c0f-87a4-bd1bfeb86722:192.168.151.107:33436, 5fe831c6-d7d2-49de-98c2-18dc53ff8363:192.168.151.107:44026] returns group-98E3FAD48EE3:java.util.concurrent.CompletableFuture@7e76e34b[Not completed]
2019-10-08 21:56:54,082 [grpc-default-executor-2] INFO  impl.RaftServerProxy (RaftServerProxy.java:addNew(89)) - 5fe831c6-d7d2-49de-98c2-18dc53ff8363: addNew group-98E3FAD48EE3:[9241910e-7215-4b10-8981-67058d2a4474:192.168.151.107:38431, 12a1f04c-09b4-4c0f-87a4-bd1bfeb86722:192.168.151.107:33436, 5fe831c6-d7d2-49de-98c2-18dc53ff8363:192.168.151.107:44026] returns group-98E3FAD48EE3:java.util.concurrent.CompletableFuture@3619af75[Not completed]
2019-10-08 21:56:54,085 [grpc-default-executor-2] INFO  impl.RaftServerProxy (RaftServerProxy.java:addNew(89)) - 12a1f04c-09b4-4c0f-87a4-bd1bfeb86722: addNew group-98E3FAD48EE3:[9241910e-7215-4b10-8981-67058d2a4474:192.168.151.107:38431, 12a1f04c-09b4-4c0f-87a4-bd1bfeb86722:192.168.151.107:33436, 5fe831c6-d7d2-49de-98c2-18dc53ff8363:192.168.151.107:44026] returns group-98E3FAD48EE3:java.util.concurrent.CompletableFuture@13d4963e[Not completed]
2019-10-08 21:56:54,086 [pool-267-thread-1] INFO  impl.RaftServerImpl (RaftServerImpl.java:<init>(95)) - 9241910e-7215-4b10-8981-67058d2a4474: new RaftServerImpl for group-98E3FAD48EE3:[9241910e-7215-4b10-8981-67058d2a4474:192.168.151.107:38431, 12a1f04c-09b4-4c0f-87a4-bd1bfeb86722:192.168.151.107:33436, 5fe831c6-d7d2-49de-98c2-18dc53ff8363:192.168.151.107:44026] with ContainerStateMachine:uninitialized
2019-10-08 21:56:54,086 [pool-267-thread-1] INFO  server.RaftServerConfigKeys (ConfUtils.java:logGet(43)) - raft.server.rpc.timeout.min = 5s (custom)
2019-10-08 21:56:54,086 [pool-267-thread-1] INFO  server.RaftServerConfigKeys (ConfUtils.java:logGet(43)) - raft.server.rpc.timeout.max = 5200ms (custom)
2019-10-08 21:56:54,086 [pool-267-thread-1] INFO  server.RaftServerConfigKeys (ConfUtils.java:logGet(43)) - raft.server.rpcslowness.timeout = 120s (custom)
2019-10-08 21:56:54,087 [pool-217-thread-1] INFO  impl.RaftServerImpl (RaftServerImpl.java:<init>(95)) - 5fe831c6-d7d2-49de-98c2-18dc53ff8363: new RaftServerImpl for group-98E3FAD48EE3:[9241910e-7215-4b10-8981-67058d2a4474:192.168.151.107:38431, 12a1f04c-09b4-4c0f-87a4-bd1bfeb86722:192.168.151.107:33436, 5fe831c6-d7d2-49de-98c2-18dc53ff8363:192.168.151.107:44026] with ContainerStateMachine:uninitialized
2019-10-08 21:56:54,087 [pool-267-thread-1] INFO  server.RaftServerConfigKeys (ConfUtils.java:logGet(43)) - raft.server.sleep.deviation.threshold = 300 (default)
2019-10-08 21:56:54,087 [pool-217-thread-1] INFO  server.RaftServerConfigKeys (ConfUtils.java:logGet(43)) - raft.server.rpc.timeout.min = 5s (custom)
2019-10-08 21:56:54,087 [pool-267-thread-1] INFO  server.RaftServerConfigKeys (ConfUtils.java:logGet(43)) - raft.server.log.appender.install.snapshot.enabled = false (custom)
2019-10-08 21:56:54,087 [pool-217-thread-1] INFO  server.RaftServerConfigKeys (ConfUtils.java:logGet(43)) - raft.server.rpc.timeout.max = 5200ms (custom)
2019-10-08 21:56:54,087 [pool-267-thread-1] INFO  impl.RaftServerImpl (ServerState.java:<init>(103)) - 9241910e-7215-4b10-8981-67058d2a4474@group-98E3FAD48EE3: ConfigurationManager, init=-1: [9241910e-7215-4b10-8981-67058d2a4474:192.168.151.107:38431, 12a1f04c-09b4-4c0f-87a4-bd1bfeb86722:192.168.151.107:33436, 5fe831c6-d7d2-49de-98c2-18dc53ff8363:192.168.151.107:44026], old=null, confs=<EMPTY_MAP>
2019-10-08 21:56:54,087 [pool-227-thread-1] INFO  impl.RaftServerImpl (RaftServerImpl.java:<init>(95)) - 12a1f04c-09b4-4c0f-87a4-bd1bfeb86722: new RaftServerImpl for group-98E3FAD48EE3:[9241910e-7215-4b10-8981-67058d2a4474:192.168.151.107:38431, 12a1f04c-09b4-4c0f-87a4-bd1bfeb86722:192.168.151.107:33436, 5fe831c6-d7d2-49de-98c2-18dc53ff8363:192.168.151.107:44026] with ContainerStateMachine:uninitialized
2019-10-08 21:56:54,088 [pool-267-thread-1] INFO  server.RaftServerConfigKeys (ConfUtils.java:logGet(43)) - raft.server.storage.dir = [/workdir/hadoop-ozone/integration-test/target/test-dir/MiniOzoneClusterImpl-95bdc624-c518-47a7-b47f-3e0594fbda9c/datanode-6/data/ratis] (custom)
2019-10-08 21:56:54,087 [pool-217-thread-1] INFO  server.RaftServerConfigKeys (ConfUtils.java:logGet(43)) - raft.server.rpcslowness.timeout = 120s (custom)
2019-10-08 21:56:54,088 [pool-227-thread-1] INFO  server.RaftServerConfigKeys (ConfUtils.java:logGet(43)) - raft.server.rpc.timeout.min = 5s (custom)
2019-10-08 21:56:54,088 [pool-267-thread-1] INFO  server.RaftServerConfigKeys (ConfUtils.java:logGet(43)) - raft.server.log.corruption.policy = EXCEPTION (default)
2019-10-08 21:56:54,088 [pool-217-thread-1] INFO  server.RaftServerConfigKeys (ConfUtils.java:logGet(43)) - raft.server.sleep.deviation.threshold = 300 (default)
2019-10-08 21:56:54,088 [pool-267-thread-1] INFO  storage.RaftStorageDirectory (RaftStorageDirectory.java:analyzeStorage(246)) - The storage directory /workdir/hadoop-ozone/integration-test/target/test-dir/MiniOzoneClusterImpl-95bdc624-c518-47a7-b47f-3e0594fbda9c/datanode-6/data/ratis/1b05c59c-c9ce-4404-a896-98e3fad48ee3 does not exist. Creating ...
2019-10-08 21:56:54,088 [pool-227-thread-1] INFO  server.RaftServerConfigKeys (ConfUtils.java:logGet(43)) - raft.server.rpc.timeout.max = 5200ms (custom)
2019-10-08 21:56:54,088 [pool-217-thread-1] INFO  server.RaftServerConfigKeys (ConfUtils.java:logGet(43)) - raft.server.log.appender.install.snapshot.enabled = false (custom)
2019-10-08 21:56:54,089 [pool-227-thread-1] INFO  server.RaftServerConfigKeys (ConfUtils.java:logGet(43)) - raft.server.rpcslowness.timeout = 120s (custom)
2019-10-08 21:56:54,089 [pool-217-thread-1] INFO  impl.RaftServerImpl (ServerState.java:<init>(103)) - 5fe831c6-d7d2-49de-98c2-18dc53ff8363@group-98E3FAD48EE3: ConfigurationManager, init=-1: [9241910e-7215-4b10-8981-67058d2a4474:192.168.151.107:38431, 12a1f04c-09b4-4c0f-87a4-bd1bfeb86722:192.168.151.107:33436, 5fe831c6-d7d2-49de-98c2-18dc53ff8363:192.168.151.107:44026], old=null, confs=<EMPTY_MAP>
2019-10-08 21:56:54,089 [pool-227-thread-1] INFO  server.RaftServerConfigKeys (ConfUtils.java:logGet(43)) - raft.server.sleep.deviation.threshold = 300 (default)
2019-10-08 21:56:54,089 [pool-217-thread-1] INFO  server.RaftServerConfigKeys (ConfUtils.java:logGet(43)) - raft.server.storage.dir = [/workdir/hadoop-ozone/integration-test/target/test-dir/MiniOzoneClusterImpl-95bdc624-c518-47a7-b47f-3e0594fbda9c/datanode-1/data/ratis] (custom)
2019-10-08 21:56:54,089 [pool-227-thread-1] INFO  server.RaftServerConfigKeys (ConfUtils.java:logGet(43)) - raft.server.log.appender.install.snapshot.enabled = false (custom)
2019-10-08 21:56:54,090 [pool-227-thread-1] INFO  impl.RaftServerImpl (ServerState.java:<init>(103)) - 12a1f04c-09b4-4c0f-87a4-bd1bfeb86722@group-98E3FAD48EE3: ConfigurationManager, init=-1: [9241910e-7215-4b10-8981-67058d2a4474:192.168.151.107:38431, 12a1f04c-09b4-4c0f-87a4-bd1bfeb86722:192.168.151.107:33436, 5fe831c6-d7d2-49de-98c2-18dc53ff8363:192.168.151.107:44026], old=null, confs=<EMPTY_MAP>
2019-10-08 21:56:54,090 [pool-217-thread-1] INFO  server.RaftServerConfigKeys (ConfUtils.java:logGet(43)) - raft.server.log.corruption.policy = EXCEPTION (default)
2019-10-08 21:56:54,090 [pool-227-thread-1] INFO  server.RaftServerConfigKeys (ConfUtils.java:logGet(43)) - raft.server.storage.dir = [/workdir/hadoop-ozone/integration-test/target/test-dir/MiniOzoneClusterImpl-95bdc624-c518-47a7-b47f-3e0594fbda9c/datanode-2/data/ratis] (custom)
2019-10-08 21:56:54,090 [pool-217-thread-1] INFO  storage.RaftStorageDirectory (RaftStorageDirectory.java:analyzeStorage(246)) - The storage directory /workdir/hadoop-ozone/integration-test/target/test-dir/MiniOzoneClusterImpl-95bdc624-c518-47a7-b47f-3e0594fbda9c/datanode-1/data/ratis/1b05c59c-c9ce-4404-a896-98e3fad48ee3 does not exist. Creating ...
2019-10-08 21:56:54,090 [pool-227-thread-1] INFO  server.RaftServerConfigKeys (ConfUtils.java:logGet(43)) - raft.server.log.corruption.policy = EXCEPTION (default)
2019-10-08 21:56:54,090 [pool-227-thread-1] INFO  storage.RaftStorageDirectory (RaftStorageDirectory.java:analyzeStorage(246)) - The storage directory /workdir/hadoop-ozone/integration-test/target/test-dir/MiniOzoneClusterImpl-95bdc624-c518-47a7-b47f-3e0594fbda9c/datanode-2/data/ratis/1b05c59c-c9ce-4404-a896-98e3fad48ee3 does not exist. Creating ...
2019-10-08 21:56:54,102 [pool-227-thread-1] INFO  storage.RaftStorageDirectory (RaftStorageDirectory.java:tryLock(328)) - Lock on /workdir/hadoop-ozone/integration-test/target/test-dir/MiniOzoneClusterImpl-95bdc624-c518-47a7-b47f-3e0594fbda9c/datanode-2/data/ratis/1b05c59c-c9ce-4404-a896-98e3fad48ee3/in_use.lock acquired by nodename 25773@pr-hdds-2217-2kdk4-3258704453
2019-10-08 21:56:54,102 [pool-217-thread-1] INFO  storage.RaftStorageDirectory (RaftStorageDirectory.java:tryLock(328)) - Lock on /workdir/hadoop-ozone/integration-test/target/test-dir/MiniOzoneClusterImpl-95bdc624-c518-47a7-b47f-3e0594fbda9c/datanode-1/data/ratis/1b05c59c-c9ce-4404-a896-98e3fad48ee3/in_use.lock acquired by nodename 25773@pr-hdds-2217-2kdk4-3258704453
2019-10-08 21:56:54,102 [pool-267-thread-1] INFO  storage.RaftStorageDirectory (RaftStorageDirectory.java:tryLock(328)) - Lock on /workdir/hadoop-ozone/integration-test/target/test-dir/MiniOzoneClusterImpl-95bdc624-c518-47a7-b47f-3e0594fbda9c/datanode-6/data/ratis/1b05c59c-c9ce-4404-a896-98e3fad48ee3/in_use.lock acquired by nodename 25773@pr-hdds-2217-2kdk4-3258704453
2019-10-08 21:56:54,116 [pool-227-thread-1] INFO  storage.RaftStorage (RaftStorage.java:format(84)) - Storage directory /workdir/hadoop-ozone/integration-test/target/test-dir/MiniOzoneClusterImpl-95bdc624-c518-47a7-b47f-3e0594fbda9c/datanode-2/data/ratis/1b05c59c-c9ce-4404-a896-98e3fad48ee3 has been successfully formatted.
2019-10-08 21:56:54,116 [pool-217-thread-1] INFO  storage.RaftStorage (RaftStorage.java:format(84)) - Storage directory /workdir/hadoop-ozone/integration-test/target/test-dir/MiniOzoneClusterImpl-95bdc624-c518-47a7-b47f-3e0594fbda9c/datanode-1/data/ratis/1b05c59c-c9ce-4404-a896-98e3fad48ee3 has been successfully formatted.
2019-10-08 21:56:54,116 [pool-267-thread-1] INFO  storage.RaftStorage (RaftStorage.java:format(84)) - Storage directory /workdir/hadoop-ozone/integration-test/target/test-dir/MiniOzoneClusterImpl-95bdc624-c518-47a7-b47f-3e0594fbda9c/datanode-6/data/ratis/1b05c59c-c9ce-4404-a896-98e3fad48ee3 has been successfully formatted.
2019-10-08 21:56:54,116 [pool-227-thread-1] INFO  ratis.ContainerStateMachine (ContainerStateMachine.java:loadSnapshot(231)) - group-98E3FAD48EE3: The snapshot info is null. Setting the last applied indexto:(t:0, i:~)
2019-10-08 21:56:54,116 [pool-267-thread-1] INFO  ratis.ContainerStateMachine (ContainerStateMachine.java:loadSnapshot(231)) - group-98E3FAD48EE3: The snapshot info is null. Setting the last applied indexto:(t:0, i:~)
2019-10-08 21:56:54,116 [pool-217-thread-1] INFO  ratis.ContainerStateMachine (ContainerStateMachine.java:loadSnapshot(231)) - group-98E3FAD48EE3: The snapshot info is null. Setting the last applied indexto:(t:0, i:~)
2019-10-08 21:56:54,116 [pool-267-thread-1] INFO  server.RaftServerConfigKeys (ConfUtils.java:logGet(43)) - raft.server.notification.no-leader.timeout = 120s (custom)
2019-10-08 21:56:54,116 [pool-227-thread-1] INFO  server.RaftServerConfigKeys (ConfUtils.java:logGet(43)) - raft.server.notification.no-leader.timeout = 120s (custom)
2019-10-08 21:56:54,116 [pool-267-thread-1] INFO  server.RaftServerConfigKeys (ConfUtils.java:logGet(43)) - raft.server.log.use.memory = false (default)
2019-10-08 21:56:54,116 [pool-217-thread-1] INFO  server.RaftServerConfigKeys (ConfUtils.java:logGet(43)) - raft.server.notification.no-leader.timeout = 120s (custom)
2019-10-08 21:56:54,117 [pool-267-thread-1] INFO  server.RaftServerConfigKeys (ConfUtils.java:logGet(43)) - raft.server.log.purge.gap = 1000000 (custom)
2019-10-08 21:56:54,117 [pool-227-thread-1] INFO  server.RaftServerConfigKeys (ConfUtils.java:logGet(43)) - raft.server.log.use.memory = false (default)
2019-10-08 21:56:54,117 [pool-267-thread-1] INFO  server.RaftServerConfigKeys (ConfUtils.java:logGet(43)) - raft.server.log.appender.buffer.byte-limit = 33554432 (custom)
2019-10-08 21:56:54,117 [pool-217-thread-1] INFO  server.RaftServerConfigKeys (ConfUtils.java:logGet(43)) - raft.server.log.use.memory = false (default)
2019-10-08 21:56:54,117 [pool-267-thread-1] INFO  server.RaftServerConfigKeys (ConfUtils.java:logGet(43)) - raft.server.log.segment.size.max = 1048576 (custom)
2019-10-08 21:56:54,117 [pool-227-thread-1] INFO  server.RaftServerConfigKeys (ConfUtils.java:logGet(43)) - raft.server.log.purge.gap = 1000000 (custom)
2019-10-08 21:56:54,117 [pool-267-thread-1] INFO  server.RaftServerConfigKeys (ConfUtils.java:logGet(43)) - raft.server.log.segment.cache.num.max = 2 (custom)
2019-10-08 21:56:54,117 [pool-217-thread-1] INFO  server.RaftServerConfigKeys (ConfUtils.java:logGet(43)) - raft.server.log.purge.gap = 1000000 (custom)
2019-10-08 21:56:54,117 [pool-267-thread-1] INFO  segmented.SegmentedRaftLogWorker (SegmentedRaftLogWorker.java:<init>(173)) - new 9241910e-7215-4b10-8981-67058d2a4474@group-98E3FAD48EE3-SegmentedRaftLogWorker for RaftStorage:Storage Directory /workdir/hadoop-ozone/integration-test/target/test-dir/MiniOzoneClusterImpl-95bdc624-c518-47a7-b47f-3e0594fbda9c/datanode-6/data/ratis/1b05c59c-c9ce-4404-a896-98e3fad48ee3
2019-10-08 21:56:54,118 [pool-267-thread-1] INFO  server.RaftServerConfigKeys (ConfUtils.java:logGet(43)) - raft.server.log.queue.byte-limit = 2147483647 (custom)
2019-10-08 21:56:54,117 [pool-227-thread-1] INFO  server.RaftServerConfigKeys (ConfUtils.java:logGet(43)) - raft.server.log.appender.buffer.byte-limit = 33554432 (custom)
2019-10-08 21:56:54,118 [pool-267-thread-1] INFO  server.RaftServerConfigKeys (ConfUtils.java:logGet(43)) - raft.server.log.queue.element-limit = 1024 (custom)
2019-10-08 21:56:54,118 [pool-217-thread-1] INFO  server.RaftServerConfigKeys (ConfUtils.java:logGet(43)) - raft.server.log.appender.buffer.byte-limit = 33554432 (custom)
2019-10-08 21:56:54,118 [pool-267-thread-1] INFO  server.RaftServerConfigKeys (ConfUtils.java:logGet(43)) - raft.server.log.segment.size.max = 1048576 (custom)
2019-10-08 21:56:54,118 [pool-267-thread-1] INFO  server.RaftServerConfigKeys (ConfUtils.java:logGet(43)) - raft.server.log.preallocated.size = 16384 (custom)
2019-10-08 21:56:54,118 [pool-227-thread-1] INFO  server.RaftServerConfigKeys (ConfUtils.java:logGet(43)) - raft.server.log.segment.size.max = 1048576 (custom)
2019-10-08 21:56:54,118 [pool-267-thread-1] INFO  server.RaftServerConfigKeys (ConfUtils.java:logGet(43)) - raft.server.log.write.buffer.size = 33554432 (custom)
2019-10-08 21:56:54,118 [pool-267-thread-1] INFO  server.RaftServerConfigKeys (ConfUtils.java:logGet(43)) - raft.server.log.force.sync.num = 128 (default)
2019-10-08 21:56:54,118 [pool-217-thread-1] INFO  server.RaftServerConfigKeys (ConfUtils.java:logGet(43)) - raft.server.log.segment.size.max = 1048576 (custom)
2019-10-08 21:56:54,119 [pool-267-thread-1] INFO  server.RaftServerConfigKeys (ConfUtils.java:logGet(43)) - raft.server.log.statemachine.data.sync = true (default)
2019-10-08 21:56:54,118 [pool-227-thread-1] INFO  server.RaftServerConfigKeys (ConfUtils.java:logGet(43)) - raft.server.log.segment.cache.num.max = 2 (custom)
2019-10-08 21:56:54,119 [pool-267-thread-1] INFO  server.RaftServerConfigKeys (ConfUtils.java:logGet(43)) - raft.server.log.statemachine.data.sync.timeout = 10s (default)
2019-10-08 21:56:54,119 [pool-217-thread-1] INFO  server.RaftServerConfigKeys (ConfUtils.java:logGet(43)) - raft.server.log.segment.cache.num.max = 2 (custom)
2019-10-08 21:56:54,119 [pool-267-thread-1] INFO  server.RaftServerConfigKeys (ConfUtils.java:logGet(43)) - raft.server.log.statemachine.data.sync.timeout.retry = -1 (default)
2019-10-08 21:56:54,119 [pool-227-thread-1] INFO  segmented.SegmentedRaftLogWorker (SegmentedRaftLogWorker.java:<init>(173)) - new 12a1f04c-09b4-4c0f-87a4-bd1bfeb86722@group-98E3FAD48EE3-SegmentedRaftLogWorker for RaftStorage:Storage Directory /workdir/hadoop-ozone/integration-test/target/test-dir/MiniOzoneClusterImpl-95bdc624-c518-47a7-b47f-3e0594fbda9c/datanode-2/data/ratis/1b05c59c-c9ce-4404-a896-98e3fad48ee3
2019-10-08 21:56:54,119 [pool-267-thread-1] INFO  server.RaftServerConfigKeys (ConfUtils.java:logGet(43)) - raft.server.log.statemachine.data.caching.enabled = true (custom)
2019-10-08 21:56:54,119 [pool-217-thread-1] INFO  segmented.SegmentedRaftLogWorker (SegmentedRaftLogWorker.java:<init>(173)) - new 5fe831c6-d7d2-49de-98c2-18dc53ff8363@group-98E3FAD48EE3-SegmentedRaftLogWorker for RaftStorage:Storage Directory /workdir/hadoop-ozone/integration-test/target/test-dir/MiniOzoneClusterImpl-95bdc624-c518-47a7-b47f-3e0594fbda9c/datanode-1/data/ratis/1b05c59c-c9ce-4404-a896-98e3fad48ee3
2019-10-08 21:56:54,119 [pool-227-thread-1] INFO  server.RaftServerConfigKeys (ConfUtils.java:logGet(43)) - raft.server.log.queue.byte-limit = 2147483647 (custom)
2019-10-08 21:56:54,120 [pool-267-thread-1] INFO  segmented.SegmentedRaftLogWorker (SegmentedRaftLogWorker.java:lambda$new$0(128)) - 9241910e-7215-4b10-8981-67058d2a4474@group-98E3FAD48EE3-SegmentedRaftLogWorker: flushIndex: setUnconditionally 0 -> -1
2019-10-08 21:56:54,120 [pool-217-thread-1] INFO  server.RaftServerConfigKeys (ConfUtils.java:logGet(43)) - raft.server.log.queue.byte-limit = 2147483647 (custom)
2019-10-08 21:56:54,120 [pool-227-thread-1] INFO  server.RaftServerConfigKeys (ConfUtils.java:logGet(43)) - raft.server.log.queue.element-limit = 1024 (custom)
2019-10-08 21:56:54,120 [pool-217-thread-1] INFO  server.RaftServerConfigKeys (ConfUtils.java:logGet(43)) - raft.server.log.queue.element-limit = 1024 (custom)
2019-10-08 21:56:54,120 [pool-267-thread-1] INFO  server.RaftServerConfigKeys (ConfUtils.java:logGet(43)) - raft.server.snapshot.auto.trigger.enabled = true (custom)
2019-10-08 21:56:54,120 [pool-217-thread-1] INFO  server.RaftServerConfigKeys (ConfUtils.java:logGet(43)) - raft.server.log.segment.size.max = 1048576 (custom)
2019-10-08 21:56:54,120 [pool-227-thread-1] INFO  server.RaftServerConfigKeys (ConfUtils.java:logGet(43)) - raft.server.log.segment.size.max = 1048576 (custom)
2019-10-08 21:56:54,120 [pool-217-thread-1] INFO  server.RaftServerConfigKeys (ConfUtils.java:logGet(43)) - raft.server.log.preallocated.size = 16384 (custom)
2019-10-08 21:56:54,120 [pool-267-thread-1] INFO  server.RaftServerConfigKeys (ConfUtils.java:logGet(43)) - raft.server.snapshot.auto.trigger.threshold = 10000 (custom)
2019-10-08 21:56:54,121 [pool-217-thread-1] INFO  server.RaftServerConfigKeys (ConfUtils.java:logGet(43)) - raft.server.log.write.buffer.size = 33554432 (custom)
2019-10-08 21:56:54,121 [pool-227-thread-1] INFO  server.RaftServerConfigKeys (ConfUtils.java:logGet(43)) - raft.server.log.preallocated.size = 16384 (custom)
2019-10-08 21:56:54,121 [pool-217-thread-1] INFO  server.RaftServerConfigKeys (ConfUtils.java:logGet(43)) - raft.server.log.force.sync.num = 128 (default)
2019-10-08 21:56:54,121 [pool-267-thread-1] INFO  server.RaftServerConfigKeys (ConfUtils.java:logGet(43)) - raft.server.snapshot.retention.file.num = 5 (custom)
2019-10-08 21:56:54,121 [pool-217-thread-1] INFO  server.RaftServerConfigKeys (ConfUtils.java:logGet(43)) - raft.server.log.statemachine.data.sync = true (default)
2019-10-08 21:56:54,121 [pool-227-thread-1] INFO  server.RaftServerConfigKeys (ConfUtils.java:logGet(43)) - raft.server.log.write.buffer.size = 33554432 (custom)
2019-10-08 21:56:54,121 [pool-217-thread-1] INFO  server.RaftServerConfigKeys (ConfUtils.java:logGet(43)) - raft.server.log.statemachine.data.sync.timeout = 10s (default)
2019-10-08 21:56:54,121 [pool-267-thread-1] INFO  server.RaftServerConfigKeys (ConfUtils.java:logGet(43)) - raft.server.retrycache.expirytime = 600000ms (custom)
2019-10-08 21:56:54,122 [pool-217-thread-1] INFO  server.RaftServerConfigKeys (ConfUtils.java:logGet(43)) - raft.server.log.statemachine.data.sync.timeout.retry = -1 (default)
2019-10-08 21:56:54,122 [pool-227-thread-1] INFO  server.RaftServerConfigKeys (ConfUtils.java:logGet(43)) - raft.server.log.force.sync.num = 128 (default)
2019-10-08 21:56:54,122 [pool-217-thread-1] INFO  server.RaftServerConfigKeys (ConfUtils.java:logGet(43)) - raft.server.log.statemachine.data.caching.enabled = true (custom)
2019-10-08 21:56:54,122 [pool-227-thread-1] INFO  server.RaftServerConfigKeys (ConfUtils.java:logGet(43)) - raft.server.log.statemachine.data.sync = true (default)
2019-10-08 21:56:54,122 [pool-227-thread-1] INFO  server.RaftServerConfigKeys (ConfUtils.java:logGet(43)) - raft.server.log.statemachine.data.sync.timeout = 10s (default)
2019-10-08 21:56:54,122 [pool-217-thread-1] INFO  segmented.SegmentedRaftLogWorker (SegmentedRaftLogWorker.java:lambda$new$0(128)) - 5fe831c6-d7d2-49de-98c2-18dc53ff8363@group-98E3FAD48EE3-SegmentedRaftLogWorker: flushIndex: setUnconditionally 0 -> -1
2019-10-08 21:56:54,122 [pool-227-thread-1] INFO  server.RaftServerConfigKeys (ConfUtils.java:logGet(43)) - raft.server.log.statemachine.data.sync.timeout.retry = -1 (default)
2019-10-08 21:56:54,123 [pool-227-thread-1] INFO  server.RaftServerConfigKeys (ConfUtils.java:logGet(43)) - raft.server.log.statemachine.data.caching.enabled = true (custom)
2019-10-08 21:56:54,123 [pool-217-thread-1] INFO  server.RaftServerConfigKeys (ConfUtils.java:logGet(43)) - raft.server.snapshot.auto.trigger.enabled = true (custom)
2019-10-08 21:56:54,123 [pool-227-thread-1] INFO  segmented.SegmentedRaftLogWorker (SegmentedRaftLogWorker.java:lambda$new$0(128)) - 12a1f04c-09b4-4c0f-87a4-bd1bfeb86722@group-98E3FAD48EE3-SegmentedRaftLogWorker: flushIndex: setUnconditionally 0 -> -1
2019-10-08 21:56:54,123 [pool-217-thread-1] INFO  server.RaftServerConfigKeys (ConfUtils.java:logGet(43)) - raft.server.snapshot.auto.trigger.threshold = 10000 (custom)
2019-10-08 21:56:54,123 [pool-227-thread-1] INFO  server.RaftServerConfigKeys (ConfUtils.java:logGet(43)) - raft.server.snapshot.auto.trigger.enabled = true (custom)
2019-10-08 21:56:54,123 [pool-217-thread-1] INFO  server.RaftServerConfigKeys (ConfUtils.java:logGet(43)) - raft.server.snapshot.retention.file.num = 5 (custom)
2019-10-08 21:56:54,123 [pool-227-thread-1] INFO  server.RaftServerConfigKeys (ConfUtils.java:logGet(43)) - raft.server.snapshot.auto.trigger.threshold = 10000 (custom)
2019-10-08 21:56:54,123 [pool-217-thread-1] INFO  server.RaftServerConfigKeys (ConfUtils.java:logGet(43)) - raft.server.retrycache.expirytime = 600000ms (custom)
2019-10-08 21:56:54,123 [pool-267-thread-1] INFO  impl.RaftServerImpl (RaftServerImpl.java:start(181)) - 9241910e-7215-4b10-8981-67058d2a4474@group-98E3FAD48EE3: start as a follower, conf=-1: [9241910e-7215-4b10-8981-67058d2a4474:192.168.151.107:38431, 12a1f04c-09b4-4c0f-87a4-bd1bfeb86722:192.168.151.107:33436, 5fe831c6-d7d2-49de-98c2-18dc53ff8363:192.168.151.107:44026], old=null
2019-10-08 21:56:54,124 [pool-227-thread-1] INFO  server.RaftServerConfigKeys (ConfUtils.java:logGet(43)) - raft.server.snapshot.retention.file.num = 5 (custom)
2019-10-08 21:56:54,124 [pool-267-thread-1] INFO  impl.RaftServerImpl (RaftServerImpl.java:setRole(170)) - 9241910e-7215-4b10-8981-67058d2a4474@group-98E3FAD48EE3: changes role from      null to FOLLOWER at term 0 for startAsFollower
2019-10-08 21:56:54,124 [pool-227-thread-1] INFO  server.RaftServerConfigKeys (ConfUtils.java:logGet(43)) - raft.server.retrycache.expirytime = 600000ms (custom)
2019-10-08 21:56:54,124 [pool-267-thread-1] INFO  impl.RoleInfo (RoleInfo.java:updateAndGet(143)) - 9241910e-7215-4b10-8981-67058d2a4474: start FollowerState
2019-10-08 21:56:54,124 [pool-267-thread-1] INFO  util.JmxRegister (JmxRegister.java:tryRegister(44)) - Successfully registered JMX Bean with object name Ratis:service=RaftServer,group=group-98E3FAD48EE3,id=9241910e-7215-4b10-8981-67058d2a4474
2019-10-08 21:56:54,128 [pool-217-thread-1] INFO  impl.RaftServerImpl (RaftServerImpl.java:start(181)) - 5fe831c6-d7d2-49de-98c2-18dc53ff8363@group-98E3FAD48EE3: start as a follower, conf=-1: [9241910e-7215-4b10-8981-67058d2a4474:192.168.151.107:38431, 12a1f04c-09b4-4c0f-87a4-bd1bfeb86722:192.168.151.107:33436, 5fe831c6-d7d2-49de-98c2-18dc53ff8363:192.168.151.107:44026], old=null
2019-10-08 21:56:54,128 [pool-227-thread-1] INFO  impl.RaftServerImpl (RaftServerImpl.java:start(181)) - 12a1f04c-09b4-4c0f-87a4-bd1bfeb86722@group-98E3FAD48EE3: start as a follower, conf=-1: [9241910e-7215-4b10-8981-67058d2a4474:192.168.151.107:38431, 12a1f04c-09b4-4c0f-87a4-bd1bfeb86722:192.168.151.107:33436, 5fe831c6-d7d2-49de-98c2-18dc53ff8363:192.168.151.107:44026], old=null
2019-10-08 21:56:54,128 [pool-217-thread-1] INFO  impl.RaftServerImpl (RaftServerImpl.java:setRole(170)) - 5fe831c6-d7d2-49de-98c2-18dc53ff8363@group-98E3FAD48EE3: changes role from      null to FOLLOWER at term 0 for startAsFollower
2019-10-08 21:56:54,128 [pool-227-thread-1] INFO  impl.RaftServerImpl (RaftServerImpl.java:setRole(170)) - 12a1f04c-09b4-4c0f-87a4-bd1bfeb86722@group-98E3FAD48EE3: changes role from      null to FOLLOWER at term 0 for startAsFollower
2019-10-08 21:56:54,128 [pool-217-thread-1] INFO  impl.RoleInfo (RoleInfo.java:updateAndGet(143)) - 5fe831c6-d7d2-49de-98c2-18dc53ff8363: start FollowerState
2019-10-08 21:56:54,128 [pool-227-thread-1] INFO  impl.RoleInfo (RoleInfo.java:updateAndGet(143)) - 12a1f04c-09b4-4c0f-87a4-bd1bfeb86722: start FollowerState
2019-10-08 21:56:54,129 [pool-217-thread-1] INFO  util.JmxRegister (JmxRegister.java:tryRegister(44)) - Successfully registered JMX Bean with object name Ratis:service=RaftServer,group=group-98E3FAD48EE3,id=5fe831c6-d7d2-49de-98c2-18dc53ff8363
2019-10-08 21:56:54,129 [pool-227-thread-1] INFO  util.JmxRegister (JmxRegister.java:tryRegister(44)) - Successfully registered JMX Bean with object name Ratis:service=RaftServer,group=group-98E3FAD48EE3,id=12a1f04c-09b4-4c0f-87a4-bd1bfeb86722
2019-10-08 21:56:54,144 [RatisPipelineUtilsThread] INFO  pipeline.PipelineStateManager (PipelineStateManager.java:addPipeline(56)) - Created pipeline Pipeline[ Id: 1b05c59c-c9ce-4404-a896-98e3fad48ee3, Nodes: 5fe831c6-d7d2-49de-98c2-18dc53ff8363{ip: 192.168.151.107, host: pr-hdds-2217-2kdk4-3258704453, networkLocation: /default-rack, certSerialId: null}9241910e-7215-4b10-8981-67058d2a4474{ip: 192.168.151.107, host: pr-hdds-2217-2kdk4-3258704453, networkLocation: /default-rack, certSerialId: null}12a1f04c-09b4-4c0f-87a4-bd1bfeb86722{ip: 192.168.151.107, host: pr-hdds-2217-2kdk4-3258704453, networkLocation: /default-rack, certSerialId: null}, Type:RATIS, Factor:THREE, State:OPEN]
2019-10-08 21:56:54,160 [grpc-default-executor-5] INFO  impl.RaftServerProxy (RaftServerProxy.java:addNew(89)) - 063d3d25-0987-4ced-b2ba-219b6e3a1325: addNew group-1334DD4A0AAC:[f859ae29-ff43-4c18-a03a-f65c899718fd:192.168.151.107:40768, 063d3d25-0987-4ced-b2ba-219b6e3a1325:192.168.151.107:43236, 997f0eef-8596-490e-aa24-5c3f322eaa27:192.168.151.107:42323] returns group-1334DD4A0AAC:java.util.concurrent.CompletableFuture@656a999a[Not completed]
2019-10-08 21:56:54,166 [grpc-default-executor-5] INFO  impl.RaftServerProxy (RaftServerProxy.java:addNew(89)) - f859ae29-ff43-4c18-a03a-f65c899718fd: addNew group-1334DD4A0AAC:[f859ae29-ff43-4c18-a03a-f65c899718fd:192.168.151.107:40768, 063d3d25-0987-4ced-b2ba-219b6e3a1325:192.168.151.107:43236, 997f0eef-8596-490e-aa24-5c3f322eaa27:192.168.151.107:42323] returns group-1334DD4A0AAC:java.util.concurrent.CompletableFuture@ce66c49[Not completed]
2019-10-08 21:56:54,166 [grpc-default-executor-2] INFO  impl.RaftServerProxy (RaftServerProxy.java:addNew(89)) - 997f0eef-8596-490e-aa24-5c3f322eaa27: addNew group-1334DD4A0AAC:[f859ae29-ff43-4c18-a03a-f65c899718fd:192.168.151.107:40768, 063d3d25-0987-4ced-b2ba-219b6e3a1325:192.168.151.107:43236, 997f0eef-8596-490e-aa24-5c3f322eaa27:192.168.151.107:42323] returns group-1334DD4A0AAC:java.util.concurrent.CompletableFuture@1c5a9879[Not completed]
2019-10-08 21:56:54,170 [pool-247-thread-1] INFO  impl.RaftServerImpl (RaftServerImpl.java:<init>(95)) - 063d3d25-0987-4ced-b2ba-219b6e3a1325: new RaftServerImpl for group-1334DD4A0AAC:[f859ae29-ff43-4c18-a03a-f65c899718fd:192.168.151.107:40768, 063d3d25-0987-4ced-b2ba-219b6e3a1325:192.168.151.107:43236, 997f0eef-8596-490e-aa24-5c3f322eaa27:192.168.151.107:42323] with ContainerStateMachine:uninitialized
2019-10-08 21:56:54,170 [pool-247-thread-1] INFO  server.RaftServerConfigKeys (ConfUtils.java:logGet(43)) - raft.server.rpc.timeout.min = 5s (custom)
2019-10-08 21:56:54,171 [pool-247-thread-1] INFO  server.RaftServerConfigKeys (ConfUtils.java:logGet(43)) - raft.server.rpc.timeout.max = 5200ms (custom)
2019-10-08 21:56:54,171 [pool-247-thread-1] INFO  server.RaftServerConfigKeys (ConfUtils.java:logGet(43)) - raft.server.rpcslowness.timeout = 120s (custom)
2019-10-08 21:56:54,171 [pool-247-thread-1] INFO  server.RaftServerConfigKeys (ConfUtils.java:logGet(43)) - raft.server.sleep.deviation.threshold = 300 (default)
2019-10-08 21:56:54,171 [pool-247-thread-1] INFO  server.RaftServerConfigKeys (ConfUtils.java:logGet(43)) - raft.server.log.appender.install.snapshot.enabled = false (custom)
2019-10-08 21:56:54,171 [pool-247-thread-1] INFO  impl.RaftServerImpl (ServerState.java:<init>(103)) - 063d3d25-0987-4ced-b2ba-219b6e3a1325@group-1334DD4A0AAC: ConfigurationManager, init=-1: [f859ae29-ff43-4c18-a03a-f65c899718fd:192.168.151.107:40768, 063d3d25-0987-4ced-b2ba-219b6e3a1325:192.168.151.107:43236, 997f0eef-8596-490e-aa24-5c3f322eaa27:192.168.151.107:42323], old=null, confs=<EMPTY_MAP>
2019-10-08 21:56:54,171 [pool-257-thread-1] INFO  impl.RaftServerImpl (RaftServerImpl.java:<init>(95)) - f859ae29-ff43-4c18-a03a-f65c899718fd: new RaftServerImpl for group-1334DD4A0AAC:[f859ae29-ff43-4c18-a03a-f65c899718fd:192.168.151.107:40768, 063d3d25-0987-4ced-b2ba-219b6e3a1325:192.168.151.107:43236, 997f0eef-8596-490e-aa24-5c3f322eaa27:192.168.151.107:42323] with ContainerStateMachine:uninitialized
2019-10-08 21:56:54,172 [pool-247-thread-1] INFO  server.RaftServerConfigKeys (ConfUtils.java:logGet(43)) - raft.server.storage.dir = [/workdir/hadoop-ozone/integration-test/target/test-dir/MiniOzoneClusterImpl-95bdc624-c518-47a7-b47f-3e0594fbda9c/datanode-4/data/ratis] (custom)
2019-10-08 21:56:54,172 [pool-257-thread-1] INFO  server.RaftServerConfigKeys (ConfUtils.java:logGet(43)) - raft.server.rpc.timeout.min = 5s (custom)
2019-10-08 21:56:54,172 [pool-237-thread-1] INFO  impl.RaftServerImpl (RaftServerImpl.java:<init>(95)) - 997f0eef-8596-490e-aa24-5c3f322eaa27: new RaftServerImpl for group-1334DD4A0AAC:[f859ae29-ff43-4c18-a03a-f65c899718fd:192.168.151.107:40768, 063d3d25-0987-4ced-b2ba-219b6e3a1325:192.168.151.107:43236, 997f0eef-8596-490e-aa24-5c3f322eaa27:192.168.151.107:42323] with ContainerStateMachine:uninitialized
2019-10-08 21:56:54,172 [pool-257-thread-1] INFO  server.RaftServerConfigKeys (ConfUtils.java:logGet(43)) - raft.server.rpc.timeout.max = 5200ms (custom)
2019-10-08 21:56:54,172 [pool-247-thread-1] INFO  server.RaftServerConfigKeys (ConfUtils.java:logGet(43)) - raft.server.log.corruption.policy = EXCEPTION (default)
2019-10-08 21:56:54,172 [pool-257-thread-1] INFO  server.RaftServerConfigKeys (ConfUtils.java:logGet(43)) - raft.server.rpcslowness.timeout = 120s (custom)
2019-10-08 21:56:54,172 [pool-237-thread-1] INFO  server.RaftServerConfigKeys (ConfUtils.java:logGet(43)) - raft.server.rpc.timeout.min = 5s (custom)
2019-10-08 21:56:54,172 [pool-257-thread-1] INFO  server.RaftServerConfigKeys (ConfUtils.java:logGet(43)) - raft.server.sleep.deviation.threshold = 300 (default)
2019-10-08 21:56:54,172 [pool-247-thread-1] INFO  storage.RaftStorageDirectory (RaftStorageDirectory.java:analyzeStorage(246)) - The storage directory /workdir/hadoop-ozone/integration-test/target/test-dir/MiniOzoneClusterImpl-95bdc624-c518-47a7-b47f-3e0594fbda9c/datanode-4/data/ratis/a7e5080d-f9d7-4c8d-91b2-1334dd4a0aac does not exist. Creating ...
2019-10-08 21:56:54,173 [pool-257-thread-1] INFO  server.RaftServerConfigKeys (ConfUtils.java:logGet(43)) - raft.server.log.appender.install.snapshot.enabled = false (custom)
2019-10-08 21:56:54,173 [pool-237-thread-1] INFO  server.RaftServerConfigKeys (ConfUtils.java:logGet(43)) - raft.server.rpc.timeout.max = 5200ms (custom)
2019-10-08 21:56:54,173 [pool-257-thread-1] INFO  impl.RaftServerImpl (ServerState.java:<init>(103)) - f859ae29-ff43-4c18-a03a-f65c899718fd@group-1334DD4A0AAC: ConfigurationManager, init=-1: [f859ae29-ff43-4c18-a03a-f65c899718fd:192.168.151.107:40768, 063d3d25-0987-4ced-b2ba-219b6e3a1325:192.168.151.107:43236, 997f0eef-8596-490e-aa24-5c3f322eaa27:192.168.151.107:42323], old=null, confs=<EMPTY_MAP>
2019-10-08 21:56:54,173 [pool-237-thread-1] INFO  server.RaftServerConfigKeys (ConfUtils.java:logGet(43)) - raft.server.rpcslowness.timeout = 120s (custom)
2019-10-08 21:56:54,173 [pool-257-thread-1] INFO  server.RaftServerConfigKeys (ConfUtils.java:logGet(43)) - raft.server.storage.dir = [/workdir/hadoop-ozone/integration-test/target/test-dir/MiniOzoneClusterImpl-95bdc624-c518-47a7-b47f-3e0594fbda9c/datanode-5/data/ratis] (custom)
2019-10-08 21:56:54,173 [pool-237-thread-1] INFO  server.RaftServerConfigKeys (ConfUtils.java:logGet(43)) - raft.server.sleep.deviation.threshold = 300 (default)
2019-10-08 21:56:54,173 [pool-237-thread-1] INFO  server.RaftServerConfigKeys (ConfUtils.java:logGet(43)) - raft.server.log.appender.install.snapshot.enabled = false (custom)
2019-10-08 21:56:54,174 [pool-237-thread-1] INFO  impl.RaftServerImpl (ServerState.java:<init>(103)) - 997f0eef-8596-490e-aa24-5c3f322eaa27@group-1334DD4A0AAC: ConfigurationManager, init=-1: [f859ae29-ff43-4c18-a03a-f65c899718fd:192.168.151.107:40768, 063d3d25-0987-4ced-b2ba-219b6e3a1325:192.168.151.107:43236, 997f0eef-8596-490e-aa24-5c3f322eaa27:192.168.151.107:42323], old=null, confs=<EMPTY_MAP>
2019-10-08 21:56:54,174 [pool-257-thread-1] INFO  server.RaftServerConfigKeys (ConfUtils.java:logGet(43)) - raft.server.log.corruption.policy = EXCEPTION (default)
2019-10-08 21:56:54,174 [pool-237-thread-1] INFO  server.RaftServerConfigKeys (ConfUtils.java:logGet(43)) - raft.server.storage.dir = [/workdir/hadoop-ozone/integration-test/target/test-dir/MiniOzoneClusterImpl-95bdc624-c518-47a7-b47f-3e0594fbda9c/datanode-3/data/ratis] (custom)
2019-10-08 21:56:54,174 [pool-257-thread-1] INFO  storage.RaftStorageDirectory (RaftStorageDirectory.java:analyzeStorage(246)) - The storage directory /workdir/hadoop-ozone/integration-test/target/test-dir/MiniOzoneClusterImpl-95bdc624-c518-47a7-b47f-3e0594fbda9c/datanode-5/data/ratis/a7e5080d-f9d7-4c8d-91b2-1334dd4a0aac does not exist. Creating ...
2019-10-08 21:56:54,174 [pool-237-thread-1] INFO  server.RaftServerConfigKeys (ConfUtils.java:logGet(43)) - raft.server.log.corruption.policy = EXCEPTION (default)
2019-10-08 21:56:54,174 [pool-237-thread-1] INFO  storage.RaftStorageDirectory (RaftStorageDirectory.java:analyzeStorage(246)) - The storage directory /workdir/hadoop-ozone/integration-test/target/test-dir/MiniOzoneClusterImpl-95bdc624-c518-47a7-b47f-3e0594fbda9c/datanode-3/data/ratis/a7e5080d-f9d7-4c8d-91b2-1334dd4a0aac does not exist. Creating ...
2019-10-08 21:56:54,186 [pool-247-thread-1] INFO  storage.RaftStorageDirectory (RaftStorageDirectory.java:tryLock(328)) - Lock on /workdir/hadoop-ozone/integration-test/target/test-dir/MiniOzoneClusterImpl-95bdc624-c518-47a7-b47f-3e0594fbda9c/datanode-4/data/ratis/a7e5080d-f9d7-4c8d-91b2-1334dd4a0aac/in_use.lock acquired by nodename 25773@pr-hdds-2217-2kdk4-3258704453
2019-10-08 21:56:54,186 [pool-257-thread-1] INFO  storage.RaftStorageDirectory (RaftStorageDirectory.java:tryLock(328)) - Lock on /workdir/hadoop-ozone/integration-test/target/test-dir/MiniOzoneClusterImpl-95bdc624-c518-47a7-b47f-3e0594fbda9c/datanode-5/data/ratis/a7e5080d-f9d7-4c8d-91b2-1334dd4a0aac/in_use.lock acquired by nodename 25773@pr-hdds-2217-2kdk4-3258704453
2019-10-08 21:56:54,186 [pool-237-thread-1] INFO  storage.RaftStorageDirectory (RaftStorageDirectory.java:tryLock(328)) - Lock on /workdir/hadoop-ozone/integration-test/target/test-dir/MiniOzoneClusterImpl-95bdc624-c518-47a7-b47f-3e0594fbda9c/datanode-3/data/ratis/a7e5080d-f9d7-4c8d-91b2-1334dd4a0aac/in_use.lock acquired by nodename 25773@pr-hdds-2217-2kdk4-3258704453
2019-10-08 21:56:54,212 [pool-257-thread-1] INFO  storage.RaftStorage (RaftStorage.java:format(84)) - Storage directory /workdir/hadoop-ozone/integration-test/target/test-dir/MiniOzoneClusterImpl-95bdc624-c518-47a7-b47f-3e0594fbda9c/datanode-5/data/ratis/a7e5080d-f9d7-4c8d-91b2-1334dd4a0aac has been successfully formatted.
2019-10-08 21:56:54,213 [pool-247-thread-1] INFO  storage.RaftStorage (RaftStorage.java:format(84)) - Storage directory /workdir/hadoop-ozone/integration-test/target/test-dir/MiniOzoneClusterImpl-95bdc624-c518-47a7-b47f-3e0594fbda9c/datanode-4/data/ratis/a7e5080d-f9d7-4c8d-91b2-1334dd4a0aac has been successfully formatted.
2019-10-08 21:56:54,213 [pool-237-thread-1] INFO  storage.RaftStorage (RaftStorage.java:format(84)) - Storage directory /workdir/hadoop-ozone/integration-test/target/test-dir/MiniOzoneClusterImpl-95bdc624-c518-47a7-b47f-3e0594fbda9c/datanode-3/data/ratis/a7e5080d-f9d7-4c8d-91b2-1334dd4a0aac has been successfully formatted.
2019-10-08 21:56:54,213 [pool-247-thread-1] INFO  ratis.ContainerStateMachine (ContainerStateMachine.java:loadSnapshot(231)) - group-1334DD4A0AAC: The snapshot info is null. Setting the last applied indexto:(t:0, i:~)
2019-10-08 21:56:54,213 [pool-257-thread-1] INFO  ratis.ContainerStateMachine (ContainerStateMachine.java:loadSnapshot(231)) - group-1334DD4A0AAC: The snapshot info is null. Setting the last applied indexto:(t:0, i:~)
2019-10-08 21:56:54,213 [pool-247-thread-1] INFO  server.RaftServerConfigKeys (ConfUtils.java:logGet(43)) - raft.server.notification.no-leader.timeout = 120s (custom)
2019-10-08 21:56:54,213 [pool-257-thread-1] INFO  server.RaftServerConfigKeys (ConfUtils.java:logGet(43)) - raft.server.notification.no-leader.timeout = 120s (custom)
2019-10-08 21:56:54,213 [pool-237-thread-1] INFO  ratis.ContainerStateMachine (ContainerStateMachine.java:loadSnapshot(231)) - group-1334DD4A0AAC: The snapshot info is null. Setting the last applied indexto:(t:0, i:~)
2019-10-08 21:56:54,214 [pool-257-thread-1] INFO  server.RaftServerConfigKeys (ConfUtils.java:logGet(43)) - raft.server.log.use.memory = false (default)
2019-10-08 21:56:54,214 [pool-247-thread-1] INFO  server.RaftServerConfigKeys (ConfUtils.java:logGet(43)) - raft.server.log.use.memory = false (default)
2019-10-08 21:56:54,214 [pool-257-thread-1] INFO  server.RaftServerConfigKeys (ConfUtils.java:logGet(43)) - raft.server.log.purge.gap = 1000000 (custom)
2019-10-08 21:56:54,214 [pool-237-thread-1] INFO  server.RaftServerConfigKeys (ConfUtils.java:logGet(43)) - raft.server.notification.no-leader.timeout = 120s (custom)
2019-10-08 21:56:54,214 [pool-257-thread-1] INFO  server.RaftServerConfigKeys (ConfUtils.java:logGet(43)) - raft.server.log.appender.buffer.byte-limit = 33554432 (custom)
2019-10-08 21:56:54,214 [pool-247-thread-1] INFO  server.RaftServerConfigKeys (ConfUtils.java:logGet(43)) - raft.server.log.purge.gap = 1000000 (custom)
2019-10-08 21:56:54,215 [pool-257-thread-1] INFO  server.RaftServerConfigKeys (ConfUtils.java:logGet(43)) - raft.server.log.segment.size.max = 1048576 (custom)
2019-10-08 21:56:54,215 [pool-237-thread-1] INFO  server.RaftServerConfigKeys (ConfUtils.java:logGet(43)) - raft.server.log.use.memory = false (default)
2019-10-08 21:56:54,215 [pool-257-thread-1] INFO  server.RaftServerConfigKeys (ConfUtils.java:logGet(43)) - raft.server.log.segment.cache.num.max = 2 (custom)
2019-10-08 21:56:54,215 [pool-247-thread-1] INFO  server.RaftServerConfigKeys (ConfUtils.java:logGet(43)) - raft.server.log.appender.buffer.byte-limit = 33554432 (custom)
2019-10-08 21:56:54,216 [pool-257-thread-1] INFO  segmented.SegmentedRaftLogWorker (SegmentedRaftLogWorker.java:<init>(173)) - new f859ae29-ff43-4c18-a03a-f65c899718fd@group-1334DD4A0AAC-SegmentedRaftLogWorker for RaftStorage:Storage Directory /workdir/hadoop-ozone/integration-test/target/test-dir/MiniOzoneClusterImpl-95bdc624-c518-47a7-b47f-3e0594fbda9c/datanode-5/data/ratis/a7e5080d-f9d7-4c8d-91b2-1334dd4a0aac
2019-10-08 21:56:54,215 [pool-237-thread-1] INFO  server.RaftServerConfigKeys (ConfUtils.java:logGet(43)) - raft.server.log.purge.gap = 1000000 (custom)
2019-10-08 21:56:54,216 [pool-257-thread-1] INFO  server.RaftServerConfigKeys (ConfUtils.java:logGet(43)) - raft.server.log.queue.byte-limit = 2147483647 (custom)
2019-10-08 21:56:54,216 [pool-247-thread-1] INFO  server.RaftServerConfigKeys (ConfUtils.java:logGet(43)) - raft.server.log.segment.size.max = 1048576 (custom)
2019-10-08 21:56:54,216 [pool-257-thread-1] INFO  server.RaftServerConfigKeys (ConfUtils.java:logGet(43)) - raft.server.log.queue.element-limit = 1024 (custom)
2019-10-08 21:56:54,216 [pool-237-thread-1] INFO  server.RaftServerConfigKeys (ConfUtils.java:logGet(43)) - raft.server.log.appender.buffer.byte-limit = 33554432 (custom)
2019-10-08 21:56:54,217 [pool-257-thread-1] INFO  server.RaftServerConfigKeys (ConfUtils.java:logGet(43)) - raft.server.log.segment.size.max = 1048576 (custom)
2019-10-08 21:56:54,217 [pool-257-thread-1] INFO  server.RaftServerConfigKeys (ConfUtils.java:logGet(43)) - raft.server.log.preallocated.size = 16384 (custom)
2019-10-08 21:56:54,216 [pool-247-thread-1] INFO  server.RaftServerConfigKeys (ConfUtils.java:logGet(43)) - raft.server.log.segment.cache.num.max = 2 (custom)
2019-10-08 21:56:54,217 [pool-257-thread-1] INFO  server.RaftServerConfigKeys (ConfUtils.java:logGet(43)) - raft.server.log.write.buffer.size = 33554432 (custom)
2019-10-08 21:56:54,217 [pool-237-thread-1] INFO  server.RaftServerConfigKeys (ConfUtils.java:logGet(43)) - raft.server.log.segment.size.max = 1048576 (custom)
2019-10-08 21:56:54,218 [pool-257-thread-1] INFO  server.RaftServerConfigKeys (ConfUtils.java:logGet(43)) - raft.server.log.force.sync.num = 128 (default)
2019-10-08 21:56:54,217 [pool-247-thread-1] INFO  segmented.SegmentedRaftLogWorker (SegmentedRaftLogWorker.java:<init>(173)) - new 063d3d25-0987-4ced-b2ba-219b6e3a1325@group-1334DD4A0AAC-SegmentedRaftLogWorker for RaftStorage:Storage Directory /workdir/hadoop-ozone/integration-test/target/test-dir/MiniOzoneClusterImpl-95bdc624-c518-47a7-b47f-3e0594fbda9c/datanode-4/data/ratis/a7e5080d-f9d7-4c8d-91b2-1334dd4a0aac
2019-10-08 21:56:54,218 [pool-257-thread-1] INFO  server.RaftServerConfigKeys (ConfUtils.java:logGet(43)) - raft.server.log.statemachine.data.sync = true (default)
2019-10-08 21:56:54,218 [pool-257-thread-1] INFO  server.RaftServerConfigKeys (ConfUtils.java:logGet(43)) - raft.server.log.statemachine.data.sync.timeout = 10s (default)
2019-10-08 21:56:54,218 [pool-237-thread-1] INFO  server.RaftServerConfigKeys (ConfUtils.java:logGet(43)) - raft.server.log.segment.cache.num.max = 2 (custom)
2019-10-08 21:56:54,218 [pool-257-thread-1] INFO  server.RaftServerConfigKeys (ConfUtils.java:logGet(43)) - raft.server.log.statemachine.data.sync.timeout.retry = -1 (default)
2019-10-08 21:56:54,218 [pool-247-thread-1] INFO  server.RaftServerConfigKeys (ConfUtils.java:logGet(43)) - raft.server.log.queue.byte-limit = 2147483647 (custom)
2019-10-08 21:56:54,219 [pool-257-thread-1] INFO  server.RaftServerConfigKeys (ConfUtils.java:logGet(43)) - raft.server.log.statemachine.data.caching.enabled = true (custom)
2019-10-08 21:56:54,219 [pool-237-thread-1] INFO  segmented.SegmentedRaftLogWorker (SegmentedRaftLogWorker.java:<init>(173)) - new 997f0eef-8596-490e-aa24-5c3f322eaa27@group-1334DD4A0AAC-SegmentedRaftLogWorker for RaftStorage:Storage Directory /workdir/hadoop-ozone/integration-test/target/test-dir/MiniOzoneClusterImpl-95bdc624-c518-47a7-b47f-3e0594fbda9c/datanode-3/data/ratis/a7e5080d-f9d7-4c8d-91b2-1334dd4a0aac
2019-10-08 21:56:54,219 [pool-247-thread-1] INFO  server.RaftServerConfigKeys (ConfUtils.java:logGet(43)) - raft.server.log.queue.element-limit = 1024 (custom)
2019-10-08 21:56:54,219 [pool-257-thread-1] INFO  segmented.SegmentedRaftLogWorker (SegmentedRaftLogWorker.java:lambda$new$0(128)) - f859ae29-ff43-4c18-a03a-f65c899718fd@group-1334DD4A0AAC-SegmentedRaftLogWorker: flushIndex: setUnconditionally 0 -> -1
2019-10-08 21:56:54,219 [pool-237-thread-1] INFO  server.RaftServerConfigKeys (ConfUtils.java:logGet(43)) - raft.server.log.queue.byte-limit = 2147483647 (custom)
2019-10-08 21:56:54,220 [pool-247-thread-1] INFO  server.RaftServerConfigKeys (ConfUtils.java:logGet(43)) - raft.server.log.segment.size.max = 1048576 (custom)
2019-10-08 21:56:54,220 [pool-257-thread-1] INFO  server.RaftServerConfigKeys (ConfUtils.java:logGet(43)) - raft.server.snapshot.auto.trigger.enabled = true (custom)
2019-10-08 21:56:54,220 [pool-237-thread-1] INFO  server.RaftServerConfigKeys (ConfUtils.java:logGet(43)) - raft.server.log.queue.element-limit = 1024 (custom)
2019-10-08 21:56:54,220 [pool-257-thread-1] INFO  server.RaftServerConfigKeys (ConfUtils.java:logGet(43)) - raft.server.snapshot.auto.trigger.threshold = 10000 (custom)
2019-10-08 21:56:54,220 [pool-247-thread-1] INFO  server.RaftServerConfigKeys (ConfUtils.java:logGet(43)) - raft.server.log.preallocated.size = 16384 (custom)
2019-10-08 21:56:54,221 [pool-257-thread-1] INFO  server.RaftServerConfigKeys (ConfUtils.java:logGet(43)) - raft.server.snapshot.retention.file.num = 5 (custom)
2019-10-08 21:56:54,220 [pool-237-thread-1] INFO  server.RaftServerConfigKeys (ConfUtils.java:logGet(43)) - raft.server.log.segment.size.max = 1048576 (custom)
2019-10-08 21:56:54,221 [pool-257-thread-1] INFO  server.RaftServerConfigKeys (ConfUtils.java:logGet(43)) - raft.server.retrycache.expirytime = 600000ms (custom)
2019-10-08 21:56:54,221 [pool-247-thread-1] INFO  server.RaftServerConfigKeys (ConfUtils.java:logGet(43)) - raft.server.log.write.buffer.size = 33554432 (custom)
2019-10-08 21:56:54,221 [pool-247-thread-1] INFO  server.RaftServerConfigKeys (ConfUtils.java:logGet(43)) - raft.server.log.force.sync.num = 128 (default)
2019-10-08 21:56:54,221 [pool-237-thread-1] INFO  server.RaftServerConfigKeys (ConfUtils.java:logGet(43)) - raft.server.log.preallocated.size = 16384 (custom)
2019-10-08 21:56:54,222 [pool-247-thread-1] INFO  server.RaftServerConfigKeys (ConfUtils.java:logGet(43)) - raft.server.log.statemachine.data.sync = true (default)
2019-10-08 21:56:54,222 [pool-237-thread-1] INFO  server.RaftServerConfigKeys (ConfUtils.java:logGet(43)) - raft.server.log.write.buffer.size = 33554432 (custom)
2019-10-08 21:56:54,222 [pool-247-thread-1] INFO  server.RaftServerConfigKeys (ConfUtils.java:logGet(43)) - raft.server.log.statemachine.data.sync.timeout = 10s (default)
2019-10-08 21:56:54,222 [pool-237-thread-1] INFO  server.RaftServerConfigKeys (ConfUtils.java:logGet(43)) - raft.server.log.force.sync.num = 128 (default)
2019-10-08 21:56:54,222 [pool-247-thread-1] INFO  server.RaftServerConfigKeys (ConfUtils.java:logGet(43)) - raft.server.log.statemachine.data.sync.timeout.retry = -1 (default)
2019-10-08 21:56:54,222 [pool-237-thread-1] INFO  server.RaftServerConfigKeys (ConfUtils.java:logGet(43)) - raft.server.log.statemachine.data.sync = true (default)
2019-10-08 21:56:54,223 [pool-247-thread-1] INFO  server.RaftServerConfigKeys (ConfUtils.java:logGet(43)) - raft.server.log.statemachine.data.caching.enabled = true (custom)
2019-10-08 21:56:54,223 [pool-237-thread-1] INFO  server.RaftServerConfigKeys (ConfUtils.java:logGet(43)) - raft.server.log.statemachine.data.sync.timeout = 10s (default)
2019-10-08 21:56:54,223 [pool-237-thread-1] INFO  server.RaftServerConfigKeys (ConfUtils.java:logGet(43)) - raft.server.log.statemachine.data.sync.timeout.retry = -1 (default)
2019-10-08 21:56:54,223 [pool-247-thread-1] INFO  segmented.SegmentedRaftLogWorker (SegmentedRaftLogWorker.java:lambda$new$0(128)) - 063d3d25-0987-4ced-b2ba-219b6e3a1325@group-1334DD4A0AAC-SegmentedRaftLogWorker: flushIndex: setUnconditionally 0 -> -1
2019-10-08 21:56:54,223 [pool-237-thread-1] INFO  server.RaftServerConfigKeys (ConfUtils.java:logGet(43)) - raft.server.log.statemachine.data.caching.enabled = true (custom)
2019-10-08 21:56:54,223 [pool-247-thread-1] INFO  server.RaftServerConfigKeys (ConfUtils.java:logGet(43)) - raft.server.snapshot.auto.trigger.enabled = true (custom)
2019-10-08 21:56:54,224 [pool-237-thread-1] INFO  segmented.SegmentedRaftLogWorker (SegmentedRaftLogWorker.java:lambda$new$0(128)) - 997f0eef-8596-490e-aa24-5c3f322eaa27@group-1334DD4A0AAC-SegmentedRaftLogWorker: flushIndex: setUnconditionally 0 -> -1
2019-10-08 21:56:54,223 [pool-257-thread-1] INFO  impl.RaftServerImpl (RaftServerImpl.java:start(181)) - f859ae29-ff43-4c18-a03a-f65c899718fd@group-1334DD4A0AAC: start as a follower, conf=-1: [f859ae29-ff43-4c18-a03a-f65c899718fd:192.168.151.107:40768, 063d3d25-0987-4ced-b2ba-219b6e3a1325:192.168.151.107:43236, 997f0eef-8596-490e-aa24-5c3f322eaa27:192.168.151.107:42323], old=null
2019-10-08 21:56:54,224 [pool-247-thread-1] INFO  server.RaftServerConfigKeys (ConfUtils.java:logGet(43)) - raft.server.snapshot.auto.trigger.threshold = 10000 (custom)
2019-10-08 21:56:54,224 [pool-237-thread-1] INFO  server.RaftServerConfigKeys (ConfUtils.java:logGet(43)) - raft.server.snapshot.auto.trigger.enabled = true (custom)
2019-10-08 21:56:54,224 [pool-257-thread-1] INFO  impl.RaftServerImpl (RaftServerImpl.java:setRole(170)) - f859ae29-ff43-4c18-a03a-f65c899718fd@group-1334DD4A0AAC: changes role from      null to FOLLOWER at term 0 for startAsFollower
2019-10-08 21:56:54,224 [pool-237-thread-1] INFO  server.RaftServerConfigKeys (ConfUtils.java:logGet(43)) - raft.server.snapshot.auto.trigger.threshold = 10000 (custom)
2019-10-08 21:56:54,224 [pool-247-thread-1] INFO  server.RaftServerConfigKeys (ConfUtils.java:logGet(43)) - raft.server.snapshot.retention.file.num = 5 (custom)
2019-10-08 21:56:54,225 [pool-237-thread-1] INFO  server.RaftServerConfigKeys (ConfUtils.java:logGet(43)) - raft.server.snapshot.retention.file.num = 5 (custom)
2019-10-08 21:56:54,224 [pool-257-thread-1] INFO  impl.RoleInfo (RoleInfo.java:updateAndGet(143)) - f859ae29-ff43-4c18-a03a-f65c899718fd: start FollowerState
2019-10-08 21:56:54,225 [pool-237-thread-1] INFO  server.RaftServerConfigKeys (ConfUtils.java:logGet(43)) - raft.server.retrycache.expirytime = 600000ms (custom)
2019-10-08 21:56:54,225 [pool-247-thread-1] INFO  server.RaftServerConfigKeys (ConfUtils.java:logGet(43)) - raft.server.retrycache.expirytime = 600000ms (custom)
2019-10-08 21:56:54,225 [pool-257-thread-1] INFO  util.JmxRegister (JmxRegister.java:tryRegister(44)) - Successfully registered JMX Bean with object name Ratis:service=RaftServer,group=group-1334DD4A0AAC,id=f859ae29-ff43-4c18-a03a-f65c899718fd
2019-10-08 21:56:54,229 [pool-237-thread-1] INFO  impl.RaftServerImpl (RaftServerImpl.java:start(181)) - 997f0eef-8596-490e-aa24-5c3f322eaa27@group-1334DD4A0AAC: start as a follower, conf=-1: [f859ae29-ff43-4c18-a03a-f65c899718fd:192.168.151.107:40768, 063d3d25-0987-4ced-b2ba-219b6e3a1325:192.168.151.107:43236, 997f0eef-8596-490e-aa24-5c3f322eaa27:192.168.151.107:42323], old=null
2019-10-08 21:56:54,229 [pool-237-thread-1] INFO  impl.RaftServerImpl (RaftServerImpl.java:setRole(170)) - 997f0eef-8596-490e-aa24-5c3f322eaa27@group-1334DD4A0AAC: changes role from      null to FOLLOWER at term 0 for startAsFollower
2019-10-08 21:56:54,230 [pool-237-thread-1] INFO  impl.RoleInfo (RoleInfo.java:updateAndGet(143)) - 997f0eef-8596-490e-aa24-5c3f322eaa27: start FollowerState
2019-10-08 21:56:54,230 [pool-247-thread-1] INFO  impl.RaftServerImpl (RaftServerImpl.java:start(181)) - 063d3d25-0987-4ced-b2ba-219b6e3a1325@group-1334DD4A0AAC: start as a follower, conf=-1: [f859ae29-ff43-4c18-a03a-f65c899718fd:192.168.151.107:40768, 063d3d25-0987-4ced-b2ba-219b6e3a1325:192.168.151.107:43236, 997f0eef-8596-490e-aa24-5c3f322eaa27:192.168.151.107:42323], old=null
2019-10-08 21:56:54,230 [pool-247-thread-1] INFO  impl.RaftServerImpl (RaftServerImpl.java:setRole(170)) - 063d3d25-0987-4ced-b2ba-219b6e3a1325@group-1334DD4A0AAC: changes role from      null to FOLLOWER at term 0 for startAsFollower
2019-10-08 21:56:54,230 [pool-247-thread-1] INFO  impl.RoleInfo (RoleInfo.java:updateAndGet(143)) - 063d3d25-0987-4ced-b2ba-219b6e3a1325: start FollowerState
2019-10-08 21:56:54,230 [pool-237-thread-1] INFO  util.JmxRegister (JmxRegister.java:tryRegister(44)) - Successfully registered JMX Bean with object name Ratis:service=RaftServer,group=group-1334DD4A0AAC,id=997f0eef-8596-490e-aa24-5c3f322eaa27
2019-10-08 21:56:54,231 [pool-247-thread-1] INFO  util.JmxRegister (JmxRegister.java:tryRegister(44)) - Successfully registered JMX Bean with object name Ratis:service=RaftServer,group=group-1334DD4A0AAC,id=063d3d25-0987-4ced-b2ba-219b6e3a1325
2019-10-08 21:56:54,245 [RatisPipelineUtilsThread] INFO  pipeline.PipelineStateManager (PipelineStateManager.java:addPipeline(56)) - Created pipeline Pipeline[ Id: a7e5080d-f9d7-4c8d-91b2-1334dd4a0aac, Nodes: f859ae29-ff43-4c18-a03a-f65c899718fd{ip: 192.168.151.107, host: pr-hdds-2217-2kdk4-3258704453, networkLocation: /default-rack, certSerialId: null}997f0eef-8596-490e-aa24-5c3f322eaa27{ip: 192.168.151.107, host: pr-hdds-2217-2kdk4-3258704453, networkLocation: /default-rack, certSerialId: null}063d3d25-0987-4ced-b2ba-219b6e3a1325{ip: 192.168.151.107, host: pr-hdds-2217-2kdk4-3258704453, networkLocation: /default-rack, certSerialId: null}, Type:RATIS, Factor:THREE, State:OPEN]
2019-10-08 21:56:54,985 [main] INFO  ozone.MiniOzoneClusterImpl (MiniOzoneClusterImpl.java:lambda$waitForClusterToBeReady$0(147)) - Cluster is ready. Got 7 of 7 DN Heartbeats.
2019-10-08 21:56:55,045 [main] INFO  rpc.RpcClient (RpcClient.java:createVolume(277)) - Creating Volume: watchforcommithandlingtest, with jenkins1000 as owner.
2019-10-08 21:56:55,050 [IPC Server handler 2 on 40706] INFO  volume.OMVolumeCreateRequest (OMVolumeCreateRequest.java:validateAndUpdateCache(193)) - created volume:watchforcommithandlingtest for user:jenkins1000
2019-10-08 21:56:55,069 [main] INFO  rpc.RpcClient (RpcClient.java:createBucket(416)) - Creating Bucket: watchforcommithandlingtest/watchforcommithandlingtest, with Versioning false and Storage Type set to DISK and Encryption set to false 
2019-10-08 21:56:55,074 [main] INFO  ozone.MiniOzoneClusterImpl (MiniOzoneClusterImpl.java:getStorageContainerLocationClient(234)) - Creating StorageContainerLocationProtocol RPC client with address /0.0.0.0:44895
2019-10-08 21:56:56,594 [Thread-1401] INFO  container.ReplicationManager (ReplicationManager.java:start(162)) - Starting Replication Monitor Thread.
2019-10-08 21:56:56,598 [ReplicationMonitor] INFO  container.ReplicationManager (ReplicationManager.java:run(225)) - Replication Monitor Thread took 0 milliseconds for processing 1 containers.
2019-10-08 21:56:58,707 [Thread-1403] INFO  impl.FollowerState (FollowerState.java:run(108)) - 32e3cd3b-c954-4a3a-8ad8-e92aab13856a@group-F679037380BE-FollowerState: change to CANDIDATE, lastRpcTime:5036ms, electionTimeout:5036ms
2019-10-08 21:56:58,708 [Thread-1403] INFO  impl.RoleInfo (RoleInfo.java:shutdownFollowerState(121)) - 32e3cd3b-c954-4a3a-8ad8-e92aab13856a: shutdown FollowerState
2019-10-08 21:56:58,708 [Thread-1403] INFO  impl.RaftServerImpl (RaftServerImpl.java:setRole(170)) - 32e3cd3b-c954-4a3a-8ad8-e92aab13856a@group-F679037380BE: changes role from  FOLLOWER to CANDIDATE at term 0 for changeToCandidate
2019-10-08 21:56:58,708 [Thread-1403] INFO  impl.RoleInfo (RoleInfo.java:updateAndGet(143)) - 32e3cd3b-c954-4a3a-8ad8-e92aab13856a: start LeaderElection
2019-10-08 21:56:58,732 [32e3cd3b-c954-4a3a-8ad8-e92aab13856a@group-F679037380BE-LeaderElection32] INFO  impl.LeaderElection (LeaderElection.java:askForVotes(178)) - 32e3cd3b-c954-4a3a-8ad8-e92aab13856a@group-F679037380BE-LeaderElection32: begin an election at term 1 for -1: [32e3cd3b-c954-4a3a-8ad8-e92aab13856a:192.168.151.107:45724], old=null
2019-10-08 21:56:58,732 [32e3cd3b-c954-4a3a-8ad8-e92aab13856a@group-F679037380BE-LeaderElection32] INFO  impl.RoleInfo (RoleInfo.java:shutdownLeaderElection(134)) - 32e3cd3b-c954-4a3a-8ad8-e92aab13856a: shutdown LeaderElection
2019-10-08 21:56:58,733 [32e3cd3b-c954-4a3a-8ad8-e92aab13856a@group-F679037380BE-LeaderElection32] INFO  impl.RaftServerImpl (RaftServerImpl.java:setRole(170)) - 32e3cd3b-c954-4a3a-8ad8-e92aab13856a@group-F679037380BE: changes role from CANDIDATE to LEADER at term 1 for changeToLeader
2019-10-08 21:56:58,733 [32e3cd3b-c954-4a3a-8ad8-e92aab13856a@group-F679037380BE-LeaderElection32] INFO  impl.RaftServerImpl (ServerState.java:setLeader(255)) - 32e3cd3b-c954-4a3a-8ad8-e92aab13856a@group-F679037380BE: change Leader from null to 32e3cd3b-c954-4a3a-8ad8-e92aab13856a at term 1 for becomeLeader, leader elected after 5072ms
2019-10-08 21:56:58,733 [32e3cd3b-c954-4a3a-8ad8-e92aab13856a@group-F679037380BE-LeaderElection32] INFO  server.RaftServerConfigKeys (ConfUtils.java:logGet(43)) - raft.server.staging.catchup.gap = 1000 (default)
2019-10-08 21:56:58,734 [32e3cd3b-c954-4a3a-8ad8-e92aab13856a@group-F679037380BE-LeaderElection32] INFO  server.RaftServerConfigKeys (ConfUtils.java:logGet(43)) - raft.server.rpc.sleep.time = 25ms (default)
2019-10-08 21:56:58,734 [32e3cd3b-c954-4a3a-8ad8-e92aab13856a@group-F679037380BE-LeaderElection32] INFO  server.RaftServerConfigKeys (ConfUtils.java:logGet(43)) - raft.server.write.element-limit = 4096 (default)
2019-10-08 21:56:58,735 [32e3cd3b-c954-4a3a-8ad8-e92aab13856a@group-F679037380BE-LeaderElection32] INFO  server.RaftServerConfigKeys (ConfUtils.java:logGet(43)) - raft.server.watch.timeout = 10s (default)
2019-10-08 21:56:58,735 [32e3cd3b-c954-4a3a-8ad8-e92aab13856a@group-F679037380BE-LeaderElection32] INFO  server.RaftServerConfigKeys (ConfUtils.java:logGet(43)) - raft.server.watch.timeout.denomination = 1s (default)
2019-10-08 21:56:58,735 [32e3cd3b-c954-4a3a-8ad8-e92aab13856a@group-F679037380BE-LeaderElection32] INFO  server.RaftServerConfigKeys (ConfUtils.java:logGet(43)) - raft.server.watch.element-limit = 65536 (default)
2019-10-08 21:56:58,745 [32e3cd3b-c954-4a3a-8ad8-e92aab13856a@group-F679037380BE-LeaderElection32] INFO  impl.RoleInfo (RoleInfo.java:updateAndGet(143)) - 32e3cd3b-c954-4a3a-8ad8-e92aab13856a: start LeaderState
2019-10-08 21:56:58,745 [32e3cd3b-c954-4a3a-8ad8-e92aab13856a@group-F679037380BE-LeaderElection32] INFO  segmented.SegmentedRaftLogWorker (SegmentedRaftLogWorker.java:startLogSegment(385)) - 32e3cd3b-c954-4a3a-8ad8-e92aab13856a@group-F679037380BE-SegmentedRaftLogWorker: Starting segment from index:0
2019-10-08 21:56:58,746 [32e3cd3b-c954-4a3a-8ad8-e92aab13856a@group-F679037380BE-LeaderElection32] INFO  impl.RaftServerImpl (ServerState.java:setRaftConf(356)) - 32e3cd3b-c954-4a3a-8ad8-e92aab13856a@group-F679037380BE: set configuration 0: [32e3cd3b-c954-4a3a-8ad8-e92aab13856a:192.168.151.107:45724], old=null at 0
2019-10-08 21:56:58,801 [32e3cd3b-c954-4a3a-8ad8-e92aab13856a@group-F679037380BE-SegmentedRaftLogWorker] INFO  segmented.SegmentedRaftLogWorker (SegmentedRaftLogWorker.java:execute(574)) - 32e3cd3b-c954-4a3a-8ad8-e92aab13856a@group-F679037380BE-SegmentedRaftLogWorker: created new log segment /workdir/hadoop-ozone/integration-test/target/test-dir/MiniOzoneClusterImpl-95bdc624-c518-47a7-b47f-3e0594fbda9c/datanode-0/data/ratis/9e85c836-9c4e-473b-b1d7-f679037380be/current/log_inprogress_0
2019-10-08 21:56:58,872 [Thread-1409] INFO  impl.FollowerState (FollowerState.java:run(108)) - 12a1f04c-09b4-4c0f-87a4-bd1bfeb86722@group-81BBF93A34DC-FollowerState: change to CANDIDATE, lastRpcTime:5056ms, electionTimeout:5056ms
2019-10-08 21:56:58,872 [Thread-1409] INFO  impl.RoleInfo (RoleInfo.java:shutdownFollowerState(121)) - 12a1f04c-09b4-4c0f-87a4-bd1bfeb86722: shutdown FollowerState
2019-10-08 21:56:58,872 [Thread-1409] INFO  impl.RaftServerImpl (RaftServerImpl.java:setRole(170)) - 12a1f04c-09b4-4c0f-87a4-bd1bfeb86722@group-81BBF93A34DC: changes role from  FOLLOWER to CANDIDATE at term 0 for changeToCandidate
2019-10-08 21:56:58,872 [Thread-1409] INFO  impl.RoleInfo (RoleInfo.java:updateAndGet(143)) - 12a1f04c-09b4-4c0f-87a4-bd1bfeb86722: start LeaderElection
2019-10-08 21:56:58,889 [Thread-1406] INFO  impl.FollowerState (FollowerState.java:run(108)) - 5fe831c6-d7d2-49de-98c2-18dc53ff8363@group-FA42898D53B9-FollowerState: change to CANDIDATE, lastRpcTime:5141ms, electionTimeout:5141ms
2019-10-08 21:56:58,889 [Thread-1406] INFO  impl.RoleInfo (RoleInfo.java:shutdownFollowerState(121)) - 5fe831c6-d7d2-49de-98c2-18dc53ff8363: shutdown FollowerState
2019-10-08 21:56:58,889 [Thread-1406] INFO  impl.RaftServerImpl (RaftServerImpl.java:setRole(170)) - 5fe831c6-d7d2-49de-98c2-18dc53ff8363@group-FA42898D53B9: changes role from  FOLLOWER to CANDIDATE at term 0 for changeToCandidate
2019-10-08 21:56:58,889 [Thread-1406] INFO  impl.RoleInfo (RoleInfo.java:updateAndGet(143)) - 5fe831c6-d7d2-49de-98c2-18dc53ff8363: start LeaderElection
2019-10-08 21:56:58,897 [12a1f04c-09b4-4c0f-87a4-bd1bfeb86722@group-81BBF93A34DC-LeaderElection33] INFO  impl.LeaderElection (LeaderElection.java:askForVotes(178)) - 12a1f04c-09b4-4c0f-87a4-bd1bfeb86722@group-81BBF93A34DC-LeaderElection33: begin an election at term 1 for -1: [12a1f04c-09b4-4c0f-87a4-bd1bfeb86722:192.168.151.107:33436], old=null
2019-10-08 21:56:58,897 [12a1f04c-09b4-4c0f-87a4-bd1bfeb86722@group-81BBF93A34DC-LeaderElection33] INFO  impl.RoleInfo (RoleInfo.java:shutdownLeaderElection(134)) - 12a1f04c-09b4-4c0f-87a4-bd1bfeb86722: shutdown LeaderElection
2019-10-08 21:56:58,897 [12a1f04c-09b4-4c0f-87a4-bd1bfeb86722@group-81BBF93A34DC-LeaderElection33] INFO  impl.RaftServerImpl (RaftServerImpl.java:setRole(170)) - 12a1f04c-09b4-4c0f-87a4-bd1bfeb86722@group-81BBF93A34DC: changes role from CANDIDATE to LEADER at term 1 for changeToLeader
2019-10-08 21:56:58,898 [12a1f04c-09b4-4c0f-87a4-bd1bfeb86722@group-81BBF93A34DC-LeaderElection33] INFO  impl.RaftServerImpl (ServerState.java:setLeader(255)) - 12a1f04c-09b4-4c0f-87a4-bd1bfeb86722@group-81BBF93A34DC: change Leader from null to 12a1f04c-09b4-4c0f-87a4-bd1bfeb86722 at term 1 for becomeLeader, leader elected after 5091ms
2019-10-08 21:56:58,898 [12a1f04c-09b4-4c0f-87a4-bd1bfeb86722@group-81BBF93A34DC-LeaderElection33] INFO  server.RaftServerConfigKeys (ConfUtils.java:logGet(43)) - raft.server.staging.catchup.gap = 1000 (default)
2019-10-08 21:56:58,898 [12a1f04c-09b4-4c0f-87a4-bd1bfeb86722@group-81BBF93A34DC-LeaderElection33] INFO  server.RaftServerConfigKeys (ConfUtils.java:logGet(43)) - raft.server.rpc.sleep.time = 25ms (default)
2019-10-08 21:56:58,898 [12a1f04c-09b4-4c0f-87a4-bd1bfeb86722@group-81BBF93A34DC-LeaderElection33] INFO  server.RaftServerConfigKeys (ConfUtils.java:logGet(43)) - raft.server.write.element-limit = 4096 (default)
2019-10-08 21:56:58,898 [12a1f04c-09b4-4c0f-87a4-bd1bfeb86722@group-81BBF93A34DC-LeaderElection33] INFO  server.RaftServerConfigKeys (ConfUtils.java:logGet(43)) - raft.server.watch.timeout = 10s (default)
2019-10-08 21:56:58,899 [12a1f04c-09b4-4c0f-87a4-bd1bfeb86722@group-81BBF93A34DC-LeaderElection33] INFO  server.RaftServerConfigKeys (ConfUtils.java:logGet(43)) - raft.server.watch.timeout.denomination = 1s (default)
2019-10-08 21:56:58,899 [12a1f04c-09b4-4c0f-87a4-bd1bfeb86722@group-81BBF93A34DC-LeaderElection33] INFO  server.RaftServerConfigKeys (ConfUtils.java:logGet(43)) - raft.server.watch.element-limit = 65536 (default)
2019-10-08 21:56:58,901 [12a1f04c-09b4-4c0f-87a4-bd1bfeb86722@group-81BBF93A34DC-LeaderElection33] INFO  impl.RoleInfo (RoleInfo.java:updateAndGet(143)) - 12a1f04c-09b4-4c0f-87a4-bd1bfeb86722: start LeaderState
2019-10-08 21:56:58,902 [12a1f04c-09b4-4c0f-87a4-bd1bfeb86722@group-81BBF93A34DC-LeaderElection33] INFO  segmented.SegmentedRaftLogWorker (SegmentedRaftLogWorker.java:startLogSegment(385)) - 12a1f04c-09b4-4c0f-87a4-bd1bfeb86722@group-81BBF93A34DC-SegmentedRaftLogWorker: Starting segment from index:0
2019-10-08 21:56:58,903 [12a1f04c-09b4-4c0f-87a4-bd1bfeb86722@group-81BBF93A34DC-LeaderElection33] INFO  impl.RaftServerImpl (ServerState.java:setRaftConf(356)) - 12a1f04c-09b4-4c0f-87a4-bd1bfeb86722@group-81BBF93A34DC: set configuration 0: [12a1f04c-09b4-4c0f-87a4-bd1bfeb86722:192.168.151.107:33436], old=null at 0
2019-10-08 21:56:58,910 [5fe831c6-d7d2-49de-98c2-18dc53ff8363@group-FA42898D53B9-LeaderElection34] INFO  impl.LeaderElection (LeaderElection.java:askForVotes(178)) - 5fe831c6-d7d2-49de-98c2-18dc53ff8363@group-FA42898D53B9-LeaderElection34: begin an election at term 1 for -1: [5fe831c6-d7d2-49de-98c2-18dc53ff8363:192.168.151.107:44026], old=null
2019-10-08 21:56:58,910 [5fe831c6-d7d2-49de-98c2-18dc53ff8363@group-FA42898D53B9-LeaderElection34] INFO  impl.RoleInfo (RoleInfo.java:shutdownLeaderElection(134)) - 5fe831c6-d7d2-49de-98c2-18dc53ff8363: shutdown LeaderElection
2019-10-08 21:56:58,910 [5fe831c6-d7d2-49de-98c2-18dc53ff8363@group-FA42898D53B9-LeaderElection34] INFO  impl.RaftServerImpl (RaftServerImpl.java:setRole(170)) - 5fe831c6-d7d2-49de-98c2-18dc53ff8363@group-FA42898D53B9: changes role from CANDIDATE to LEADER at term 1 for changeToLeader
2019-10-08 21:56:58,911 [5fe831c6-d7d2-49de-98c2-18dc53ff8363@group-FA42898D53B9-LeaderElection34] INFO  impl.RaftServerImpl (ServerState.java:setLeader(255)) - 5fe831c6-d7d2-49de-98c2-18dc53ff8363@group-FA42898D53B9: change Leader from null to 5fe831c6-d7d2-49de-98c2-18dc53ff8363 at term 1 for becomeLeader, leader elected after 5171ms
2019-10-08 21:56:58,911 [5fe831c6-d7d2-49de-98c2-18dc53ff8363@group-FA42898D53B9-LeaderElection34] INFO  server.RaftServerConfigKeys (ConfUtils.java:logGet(43)) - raft.server.staging.catchup.gap = 1000 (default)
2019-10-08 21:56:58,911 [5fe831c6-d7d2-49de-98c2-18dc53ff8363@group-FA42898D53B9-LeaderElection34] INFO  server.RaftServerConfigKeys (ConfUtils.java:logGet(43)) - raft.server.rpc.sleep.time = 25ms (default)
2019-10-08 21:56:58,911 [5fe831c6-d7d2-49de-98c2-18dc53ff8363@group-FA42898D53B9-LeaderElection34] INFO  server.RaftServerConfigKeys (ConfUtils.java:logGet(43)) - raft.server.write.element-limit = 4096 (default)
2019-10-08 21:56:58,911 [5fe831c6-d7d2-49de-98c2-18dc53ff8363@group-FA42898D53B9-LeaderElection34] INFO  server.RaftServerConfigKeys (ConfUtils.java:logGet(43)) - raft.server.watch.timeout = 10s (default)
2019-10-08 21:56:58,912 [5fe831c6-d7d2-49de-98c2-18dc53ff8363@group-FA42898D53B9-LeaderElection34] INFO  server.RaftServerConfigKeys (ConfUtils.java:logGet(43)) - raft.server.watch.timeout.denomination = 1s (default)
2019-10-08 21:56:58,912 [5fe831c6-d7d2-49de-98c2-18dc53ff8363@group-FA42898D53B9-LeaderElection34] INFO  server.RaftServerConfigKeys (ConfUtils.java:logGet(43)) - raft.server.watch.element-limit = 65536 (default)
2019-10-08 21:56:58,915 [5fe831c6-d7d2-49de-98c2-18dc53ff8363@group-FA42898D53B9-LeaderElection34] INFO  impl.RoleInfo (RoleInfo.java:updateAndGet(143)) - 5fe831c6-d7d2-49de-98c2-18dc53ff8363: start LeaderState
2019-10-08 21:56:58,915 [5fe831c6-d7d2-49de-98c2-18dc53ff8363@group-FA42898D53B9-LeaderElection34] INFO  segmented.SegmentedRaftLogWorker (SegmentedRaftLogWorker.java:startLogSegment(385)) - 5fe831c6-d7d2-49de-98c2-18dc53ff8363@group-FA42898D53B9-SegmentedRaftLogWorker: Starting segment from index:0
2019-10-08 21:56:58,916 [5fe831c6-d7d2-49de-98c2-18dc53ff8363@group-FA42898D53B9-LeaderElection34] INFO  impl.RaftServerImpl (ServerState.java:setRaftConf(356)) - 5fe831c6-d7d2-49de-98c2-18dc53ff8363@group-FA42898D53B9: set configuration 0: [5fe831c6-d7d2-49de-98c2-18dc53ff8363:192.168.151.107:44026], old=null at 0
2019-10-08 21:56:58,943 [Thread-1415] INFO  impl.FollowerState (FollowerState.java:run(108)) - 063d3d25-0987-4ced-b2ba-219b6e3a1325@group-F613CC50B552-FollowerState: change to CANDIDATE, lastRpcTime:5010ms, electionTimeout:5010ms
2019-10-08 21:56:58,943 [Thread-1415] INFO  impl.RoleInfo (RoleInfo.java:shutdownFollowerState(121)) - 063d3d25-0987-4ced-b2ba-219b6e3a1325: shutdown FollowerState
2019-10-08 21:56:58,943 [Thread-1415] INFO  impl.RaftServerImpl (RaftServerImpl.java:setRole(170)) - 063d3d25-0987-4ced-b2ba-219b6e3a1325@group-F613CC50B552: changes role from  FOLLOWER to CANDIDATE at term 0 for changeToCandidate
2019-10-08 21:56:58,943 [Thread-1415] INFO  impl.RoleInfo (RoleInfo.java:updateAndGet(143)) - 063d3d25-0987-4ced-b2ba-219b6e3a1325: start LeaderElection
2019-10-08 21:56:58,961 [Thread-1412] INFO  impl.FollowerState (FollowerState.java:run(108)) - 997f0eef-8596-490e-aa24-5c3f322eaa27@group-1AADC372BBCD-FollowerState: change to CANDIDATE, lastRpcTime:5089ms, electionTimeout:5088ms
2019-10-08 21:56:58,961 [12a1f04c-09b4-4c0f-87a4-bd1bfeb86722@group-81BBF93A34DC-SegmentedRaftLogWorker] INFO  segmented.SegmentedRaftLogWorker (SegmentedRaftLogWorker.java:execute(574)) - 12a1f04c-09b4-4c0f-87a4-bd1bfeb86722@group-81BBF93A34DC-SegmentedRaftLogWorker: created new log segment /workdir/hadoop-ozone/integration-test/target/test-dir/MiniOzoneClusterImpl-95bdc624-c518-47a7-b47f-3e0594fbda9c/datanode-2/data/ratis/e70a31db-3a85-4f9e-922a-81bbf93a34dc/current/log_inprogress_0
2019-10-08 21:56:58,961 [Thread-1412] INFO  impl.RoleInfo (RoleInfo.java:shutdownFollowerState(121)) - 997f0eef-8596-490e-aa24-5c3f322eaa27: shutdown FollowerState
2019-10-08 21:56:58,961 [Thread-1412] INFO  impl.RaftServerImpl (RaftServerImpl.java:setRole(170)) - 997f0eef-8596-490e-aa24-5c3f322eaa27@group-1AADC372BBCD: changes role from  FOLLOWER to CANDIDATE at term 0 for changeToCandidate
2019-10-08 21:56:58,961 [Thread-1412] INFO  impl.RoleInfo (RoleInfo.java:updateAndGet(143)) - 997f0eef-8596-490e-aa24-5c3f322eaa27: start LeaderElection
2019-10-08 21:56:58,973 [5fe831c6-d7d2-49de-98c2-18dc53ff8363@group-FA42898D53B9-SegmentedRaftLogWorker] INFO  segmented.SegmentedRaftLogWorker (SegmentedRaftLogWorker.java:execute(574)) - 5fe831c6-d7d2-49de-98c2-18dc53ff8363@group-FA42898D53B9-SegmentedRaftLogWorker: created new log segment /workdir/hadoop-ozone/integration-test/target/test-dir/MiniOzoneClusterImpl-95bdc624-c518-47a7-b47f-3e0594fbda9c/datanode-1/data/ratis/dbc5cc5b-414e-47d2-afe6-fa42898d53b9/current/log_inprogress_0
2019-10-08 21:56:58,974 [063d3d25-0987-4ced-b2ba-219b6e3a1325@group-F613CC50B552-LeaderElection35] INFO  impl.LeaderElection (LeaderElection.java:askForVotes(178)) - 063d3d25-0987-4ced-b2ba-219b6e3a1325@group-F613CC50B552-LeaderElection35: begin an election at term 1 for -1: [063d3d25-0987-4ced-b2ba-219b6e3a1325:192.168.151.107:43236], old=null
2019-10-08 21:56:58,974 [063d3d25-0987-4ced-b2ba-219b6e3a1325@group-F613CC50B552-LeaderElection35] INFO  impl.RoleInfo (RoleInfo.java:shutdownLeaderElection(134)) - 063d3d25-0987-4ced-b2ba-219b6e3a1325: shutdown LeaderElection
2019-10-08 21:56:58,974 [063d3d25-0987-4ced-b2ba-219b6e3a1325@group-F613CC50B552-LeaderElection35] INFO  impl.RaftServerImpl (RaftServerImpl.java:setRole(170)) - 063d3d25-0987-4ced-b2ba-219b6e3a1325@group-F613CC50B552: changes role from CANDIDATE to LEADER at term 1 for changeToLeader
2019-10-08 21:56:58,974 [063d3d25-0987-4ced-b2ba-219b6e3a1325@group-F613CC50B552-LeaderElection35] INFO  impl.RaftServerImpl (ServerState.java:setLeader(255)) - 063d3d25-0987-4ced-b2ba-219b6e3a1325@group-F613CC50B552: change Leader from null to 063d3d25-0987-4ced-b2ba-219b6e3a1325 at term 1 for becomeLeader, leader elected after 5049ms
2019-10-08 21:56:58,974 [063d3d25-0987-4ced-b2ba-219b6e3a1325@group-F613CC50B552-LeaderElection35] INFO  server.RaftServerConfigKeys (ConfUtils.java:logGet(43)) - raft.server.staging.catchup.gap = 1000 (default)
2019-10-08 21:56:58,975 [063d3d25-0987-4ced-b2ba-219b6e3a1325@group-F613CC50B552-LeaderElection35] INFO  server.RaftServerConfigKeys (ConfUtils.java:logGet(43)) - raft.server.rpc.sleep.time = 25ms (default)
2019-10-08 21:56:58,975 [063d3d25-0987-4ced-b2ba-219b6e3a1325@group-F613CC50B552-LeaderElection35] INFO  server.RaftServerConfigKeys (ConfUtils.java:logGet(43)) - raft.server.write.element-limit = 4096 (default)
2019-10-08 21:56:58,975 [063d3d25-0987-4ced-b2ba-219b6e3a1325@group-F613CC50B552-LeaderElection35] INFO  server.RaftServerConfigKeys (ConfUtils.java:logGet(43)) - raft.server.watch.timeout = 10s (default)
2019-10-08 21:56:58,975 [063d3d25-0987-4ced-b2ba-219b6e3a1325@group-F613CC50B552-LeaderElection35] INFO  server.RaftServerConfigKeys (ConfUtils.java:logGet(43)) - raft.server.watch.timeout.denomination = 1s (default)
2019-10-08 21:56:58,975 [063d3d25-0987-4ced-b2ba-219b6e3a1325@group-F613CC50B552-LeaderElection35] INFO  server.RaftServerConfigKeys (ConfUtils.java:logGet(43)) - raft.server.watch.element-limit = 65536 (default)
2019-10-08 21:56:58,976 [997f0eef-8596-490e-aa24-5c3f322eaa27@group-1AADC372BBCD-LeaderElection36] INFO  impl.LeaderElection (LeaderElection.java:askForVotes(178)) - 997f0eef-8596-490e-aa24-5c3f322eaa27@group-1AADC372BBCD-LeaderElection36: begin an election at term 1 for -1: [997f0eef-8596-490e-aa24-5c3f322eaa27:192.168.151.107:42323], old=null
2019-10-08 21:56:58,976 [997f0eef-8596-490e-aa24-5c3f322eaa27@group-1AADC372BBCD-LeaderElection36] INFO  impl.RoleInfo (RoleInfo.java:shutdownLeaderElection(134)) - 997f0eef-8596-490e-aa24-5c3f322eaa27: shutdown LeaderElection
2019-10-08 21:56:58,976 [997f0eef-8596-490e-aa24-5c3f322eaa27@group-1AADC372BBCD-LeaderElection36] INFO  impl.RaftServerImpl (RaftServerImpl.java:setRole(170)) - 997f0eef-8596-490e-aa24-5c3f322eaa27@group-1AADC372BBCD: changes role from CANDIDATE to LEADER at term 1 for changeToLeader
2019-10-08 21:56:58,977 [997f0eef-8596-490e-aa24-5c3f322eaa27@group-1AADC372BBCD-LeaderElection36] INFO  impl.RaftServerImpl (ServerState.java:setLeader(255)) - 997f0eef-8596-490e-aa24-5c3f322eaa27@group-1AADC372BBCD: change Leader from null to 997f0eef-8596-490e-aa24-5c3f322eaa27 at term 1 for becomeLeader, leader elected after 5112ms
2019-10-08 21:56:58,977 [997f0eef-8596-490e-aa24-5c3f322eaa27@group-1AADC372BBCD-LeaderElection36] INFO  server.RaftServerConfigKeys (ConfUtils.java:logGet(43)) - raft.server.staging.catchup.gap = 1000 (default)
2019-10-08 21:56:58,977 [997f0eef-8596-490e-aa24-5c3f322eaa27@group-1AADC372BBCD-LeaderElection36] INFO  server.RaftServerConfigKeys (ConfUtils.java:logGet(43)) - raft.server.rpc.sleep.time = 25ms (default)
2019-10-08 21:56:58,977 [997f0eef-8596-490e-aa24-5c3f322eaa27@group-1AADC372BBCD-LeaderElection36] INFO  server.RaftServerConfigKeys (ConfUtils.java:logGet(43)) - raft.server.write.element-limit = 4096 (default)
2019-10-08 21:56:58,977 [997f0eef-8596-490e-aa24-5c3f322eaa27@group-1AADC372BBCD-LeaderElection36] INFO  server.RaftServerConfigKeys (ConfUtils.java:logGet(43)) - raft.server.watch.timeout = 10s (default)
2019-10-08 21:56:58,977 [997f0eef-8596-490e-aa24-5c3f322eaa27@group-1AADC372BBCD-LeaderElection36] INFO  server.RaftServerConfigKeys (ConfUtils.java:logGet(43)) - raft.server.watch.timeout.denomination = 1s (default)
2019-10-08 21:56:58,977 [997f0eef-8596-490e-aa24-5c3f322eaa27@group-1AADC372BBCD-LeaderElection36] INFO  server.RaftServerConfigKeys (ConfUtils.java:logGet(43)) - raft.server.watch.element-limit = 65536 (default)
2019-10-08 21:56:58,977 [063d3d25-0987-4ced-b2ba-219b6e3a1325@group-F613CC50B552-LeaderElection35] INFO  impl.RoleInfo (RoleInfo.java:updateAndGet(143)) - 063d3d25-0987-4ced-b2ba-219b6e3a1325: start LeaderState
2019-10-08 21:56:58,978 [063d3d25-0987-4ced-b2ba-219b6e3a1325@group-F613CC50B552-LeaderElection35] INFO  segmented.SegmentedRaftLogWorker (SegmentedRaftLogWorker.java:startLogSegment(385)) - 063d3d25-0987-4ced-b2ba-219b6e3a1325@group-F613CC50B552-SegmentedRaftLogWorker: Starting segment from index:0
2019-10-08 21:56:58,978 [063d3d25-0987-4ced-b2ba-219b6e3a1325@group-F613CC50B552-LeaderElection35] INFO  impl.RaftServerImpl (ServerState.java:setRaftConf(356)) - 063d3d25-0987-4ced-b2ba-219b6e3a1325@group-F613CC50B552: set configuration 0: [063d3d25-0987-4ced-b2ba-219b6e3a1325:192.168.151.107:43236], old=null at 0
2019-10-08 21:56:58,979 [997f0eef-8596-490e-aa24-5c3f322eaa27@group-1AADC372BBCD-LeaderElection36] INFO  impl.RoleInfo (RoleInfo.java:updateAndGet(143)) - 997f0eef-8596-490e-aa24-5c3f322eaa27: start LeaderState
2019-10-08 21:56:58,979 [997f0eef-8596-490e-aa24-5c3f322eaa27@group-1AADC372BBCD-LeaderElection36] INFO  segmented.SegmentedRaftLogWorker (SegmentedRaftLogWorker.java:startLogSegment(385)) - 997f0eef-8596-490e-aa24-5c3f322eaa27@group-1AADC372BBCD-SegmentedRaftLogWorker: Starting segment from index:0
2019-10-08 21:56:58,979 [997f0eef-8596-490e-aa24-5c3f322eaa27@group-1AADC372BBCD-LeaderElection36] INFO  impl.RaftServerImpl (ServerState.java:setRaftConf(356)) - 997f0eef-8596-490e-aa24-5c3f322eaa27@group-1AADC372BBCD: set configuration 0: [997f0eef-8596-490e-aa24-5c3f322eaa27:192.168.151.107:42323], old=null at 0
2019-10-08 21:56:59,025 [997f0eef-8596-490e-aa24-5c3f322eaa27@group-1AADC372BBCD-SegmentedRaftLogWorker] INFO  segmented.SegmentedRaftLogWorker (SegmentedRaftLogWorker.java:execute(574)) - 997f0eef-8596-490e-aa24-5c3f322eaa27@group-1AADC372BBCD-SegmentedRaftLogWorker: created new log segment /workdir/hadoop-ozone/integration-test/target/test-dir/MiniOzoneClusterImpl-95bdc624-c518-47a7-b47f-3e0594fbda9c/datanode-3/data/ratis/419ff866-b3f2-4d23-858d-1aadc372bbcd/current/log_inprogress_0
2019-10-08 21:56:59,025 [063d3d25-0987-4ced-b2ba-219b6e3a1325@group-F613CC50B552-SegmentedRaftLogWorker] INFO  segmented.SegmentedRaftLogWorker (SegmentedRaftLogWorker.java:execute(574)) - 063d3d25-0987-4ced-b2ba-219b6e3a1325@group-F613CC50B552-SegmentedRaftLogWorker: created new log segment /workdir/hadoop-ozone/integration-test/target/test-dir/MiniOzoneClusterImpl-95bdc624-c518-47a7-b47f-3e0594fbda9c/datanode-4/data/ratis/ddf4efca-5357-4686-aa3d-f613cc50b552/current/log_inprogress_0
2019-10-08 21:56:59,026 [Thread-1418] INFO  impl.FollowerState (FollowerState.java:run(108)) - f859ae29-ff43-4c18-a03a-f65c899718fd@group-91CB2F3F6646-FollowerState: change to CANDIDATE, lastRpcTime:5020ms, electionTimeout:5020ms
2019-10-08 21:56:59,026 [Thread-1418] INFO  impl.RoleInfo (RoleInfo.java:shutdownFollowerState(121)) - f859ae29-ff43-4c18-a03a-f65c899718fd: shutdown FollowerState
2019-10-08 21:56:59,027 [Thread-1418] INFO  impl.RaftServerImpl (RaftServerImpl.java:setRole(170)) - f859ae29-ff43-4c18-a03a-f65c899718fd@group-91CB2F3F6646: changes role from  FOLLOWER to CANDIDATE at term 0 for changeToCandidate
2019-10-08 21:56:59,027 [Thread-1418] INFO  impl.RoleInfo (RoleInfo.java:updateAndGet(143)) - f859ae29-ff43-4c18-a03a-f65c899718fd: start LeaderElection
2019-10-08 21:56:59,038 [f859ae29-ff43-4c18-a03a-f65c899718fd@group-91CB2F3F6646-LeaderElection37] INFO  impl.LeaderElection (LeaderElection.java:askForVotes(178)) - f859ae29-ff43-4c18-a03a-f65c899718fd@group-91CB2F3F6646-LeaderElection37: begin an election at term 1 for -1: [f859ae29-ff43-4c18-a03a-f65c899718fd:192.168.151.107:40768], old=null
2019-10-08 21:56:59,039 [f859ae29-ff43-4c18-a03a-f65c899718fd@group-91CB2F3F6646-LeaderElection37] INFO  impl.RoleInfo (RoleInfo.java:shutdownLeaderElection(134)) - f859ae29-ff43-4c18-a03a-f65c899718fd: shutdown LeaderElection
2019-10-08 21:56:59,039 [f859ae29-ff43-4c18-a03a-f65c899718fd@group-91CB2F3F6646-LeaderElection37] INFO  impl.RaftServerImpl (RaftServerImpl.java:setRole(170)) - f859ae29-ff43-4c18-a03a-f65c899718fd@group-91CB2F3F6646: changes role from CANDIDATE to LEADER at term 1 for changeToLeader
2019-10-08 21:56:59,039 [f859ae29-ff43-4c18-a03a-f65c899718fd@group-91CB2F3F6646-LeaderElection37] INFO  impl.RaftServerImpl (ServerState.java:setLeader(255)) - f859ae29-ff43-4c18-a03a-f65c899718fd@group-91CB2F3F6646: change Leader from null to f859ae29-ff43-4c18-a03a-f65c899718fd at term 1 for becomeLeader, leader elected after 5040ms
2019-10-08 21:56:59,039 [f859ae29-ff43-4c18-a03a-f65c899718fd@group-91CB2F3F6646-LeaderElection37] INFO  server.RaftServerConfigKeys (ConfUtils.java:logGet(43)) - raft.server.staging.catchup.gap = 1000 (default)
2019-10-08 21:56:59,039 [f859ae29-ff43-4c18-a03a-f65c899718fd@group-91CB2F3F6646-LeaderElection37] INFO  server.RaftServerConfigKeys (ConfUtils.java:logGet(43)) - raft.server.rpc.sleep.time = 25ms (default)
2019-10-08 21:56:59,039 [f859ae29-ff43-4c18-a03a-f65c899718fd@group-91CB2F3F6646-LeaderElection37] INFO  server.RaftServerConfigKeys (ConfUtils.java:logGet(43)) - raft.server.write.element-limit = 4096 (default)
2019-10-08 21:56:59,040 [f859ae29-ff43-4c18-a03a-f65c899718fd@group-91CB2F3F6646-LeaderElection37] INFO  server.RaftServerConfigKeys (ConfUtils.java:logGet(43)) - raft.server.watch.timeout = 10s (default)
2019-10-08 21:56:59,040 [f859ae29-ff43-4c18-a03a-f65c899718fd@group-91CB2F3F6646-LeaderElection37] INFO  server.RaftServerConfigKeys (ConfUtils.java:logGet(43)) - raft.server.watch.timeout.denomination = 1s (default)
2019-10-08 21:56:59,040 [f859ae29-ff43-4c18-a03a-f65c899718fd@group-91CB2F3F6646-LeaderElection37] INFO  server.RaftServerConfigKeys (ConfUtils.java:logGet(43)) - raft.server.watch.element-limit = 65536 (default)
2019-10-08 21:56:59,042 [f859ae29-ff43-4c18-a03a-f65c899718fd@group-91CB2F3F6646-LeaderElection37] INFO  impl.RoleInfo (RoleInfo.java:updateAndGet(143)) - f859ae29-ff43-4c18-a03a-f65c899718fd: start LeaderState
2019-10-08 21:56:59,042 [f859ae29-ff43-4c18-a03a-f65c899718fd@group-91CB2F3F6646-LeaderElection37] INFO  segmented.SegmentedRaftLogWorker (SegmentedRaftLogWorker.java:startLogSegment(385)) - f859ae29-ff43-4c18-a03a-f65c899718fd@group-91CB2F3F6646-SegmentedRaftLogWorker: Starting segment from index:0
2019-10-08 21:56:59,043 [f859ae29-ff43-4c18-a03a-f65c899718fd@group-91CB2F3F6646-LeaderElection37] INFO  impl.RaftServerImpl (ServerState.java:setRaftConf(356)) - f859ae29-ff43-4c18-a03a-f65c899718fd@group-91CB2F3F6646: set configuration 0: [f859ae29-ff43-4c18-a03a-f65c899718fd:192.168.151.107:40768], old=null at 0
2019-10-08 21:56:59,094 [f859ae29-ff43-4c18-a03a-f65c899718fd@group-91CB2F3F6646-SegmentedRaftLogWorker] INFO  segmented.SegmentedRaftLogWorker (SegmentedRaftLogWorker.java:execute(574)) - f859ae29-ff43-4c18-a03a-f65c899718fd@group-91CB2F3F6646-SegmentedRaftLogWorker: created new log segment /workdir/hadoop-ozone/integration-test/target/test-dir/MiniOzoneClusterImpl-95bdc624-c518-47a7-b47f-3e0594fbda9c/datanode-5/data/ratis/0c82573f-c77d-4bef-a3be-91cb2f3f6646/current/log_inprogress_0
2019-10-08 21:56:59,136 [Thread-1429] INFO  impl.FollowerState (FollowerState.java:run(108)) - 12a1f04c-09b4-4c0f-87a4-bd1bfeb86722@group-98E3FAD48EE3-FollowerState: change to CANDIDATE, lastRpcTime:5007ms, electionTimeout:5007ms
2019-10-08 21:56:59,137 [Thread-1429] INFO  impl.RoleInfo (RoleInfo.java:shutdownFollowerState(121)) - 12a1f04c-09b4-4c0f-87a4-bd1bfeb86722: shutdown FollowerState
2019-10-08 21:56:59,137 [Thread-1429] INFO  impl.RaftServerImpl (RaftServerImpl.java:setRole(170)) - 12a1f04c-09b4-4c0f-87a4-bd1bfeb86722@group-98E3FAD48EE3: changes role from  FOLLOWER to CANDIDATE at term 0 for changeToCandidate
2019-10-08 21:56:59,137 [Thread-1429] INFO  impl.RoleInfo (RoleInfo.java:updateAndGet(143)) - 12a1f04c-09b4-4c0f-87a4-bd1bfeb86722: start LeaderElection
2019-10-08 21:56:59,156 [12a1f04c-09b4-4c0f-87a4-bd1bfeb86722@group-98E3FAD48EE3-LeaderElection38] INFO  impl.LeaderElection (LeaderElection.java:askForVotes(178)) - 12a1f04c-09b4-4c0f-87a4-bd1bfeb86722@group-98E3FAD48EE3-LeaderElection38: begin an election at term 1 for -1: [9241910e-7215-4b10-8981-67058d2a4474:192.168.151.107:38431, 12a1f04c-09b4-4c0f-87a4-bd1bfeb86722:192.168.151.107:33436, 5fe831c6-d7d2-49de-98c2-18dc53ff8363:192.168.151.107:44026], old=null
2019-10-08 21:56:59,165 [grpc-default-executor-3] INFO  impl.RaftServerImpl (RaftServerImpl.java:setRole(170)) - 9241910e-7215-4b10-8981-67058d2a4474@group-98E3FAD48EE3: changes role from  FOLLOWER to FOLLOWER at term 1 for recognizeCandidate:12a1f04c-09b4-4c0f-87a4-bd1bfeb86722
2019-10-08 21:56:59,165 [grpc-default-executor-5] INFO  impl.RaftServerImpl (RaftServerImpl.java:setRole(170)) - 5fe831c6-d7d2-49de-98c2-18dc53ff8363@group-98E3FAD48EE3: changes role from  FOLLOWER to FOLLOWER at term 1 for recognizeCandidate:12a1f04c-09b4-4c0f-87a4-bd1bfeb86722
2019-10-08 21:56:59,165 [grpc-default-executor-3] INFO  impl.RoleInfo (RoleInfo.java:shutdownFollowerState(121)) - 9241910e-7215-4b10-8981-67058d2a4474: shutdown FollowerState
2019-10-08 21:56:59,165 [grpc-default-executor-5] INFO  impl.RoleInfo (RoleInfo.java:shutdownFollowerState(121)) - 5fe831c6-d7d2-49de-98c2-18dc53ff8363: shutdown FollowerState
2019-10-08 21:56:59,165 [grpc-default-executor-3] INFO  impl.RoleInfo (RoleInfo.java:updateAndGet(143)) - 9241910e-7215-4b10-8981-67058d2a4474: start FollowerState
2019-10-08 21:56:59,166 [Thread-1428] INFO  impl.FollowerState (FollowerState.java:run(117)) - 5fe831c6-d7d2-49de-98c2-18dc53ff8363@group-98E3FAD48EE3-FollowerState was interrupted: java.lang.InterruptedException: sleep interrupted
2019-10-08 21:56:59,166 [grpc-default-executor-5] INFO  impl.RoleInfo (RoleInfo.java:updateAndGet(143)) - 5fe831c6-d7d2-49de-98c2-18dc53ff8363: start FollowerState
2019-10-08 21:56:59,166 [Thread-1426] INFO  impl.FollowerState (FollowerState.java:run(117)) - 9241910e-7215-4b10-8981-67058d2a4474@group-98E3FAD48EE3-FollowerState was interrupted: java.lang.InterruptedException: sleep interrupted
2019-10-08 21:56:59,200 [12a1f04c-09b4-4c0f-87a4-bd1bfeb86722@group-98E3FAD48EE3-LeaderElection38] INFO  impl.LeaderElection (LeaderElection.java:logAndReturn(56)) - 12a1f04c-09b4-4c0f-87a4-bd1bfeb86722@group-98E3FAD48EE3-LeaderElection38: Election PASSED; received 1 response(s) [12a1f04c-09b4-4c0f-87a4-bd1bfeb86722<-9241910e-7215-4b10-8981-67058d2a4474#0:OK-t1] and 0 exception(s); 12a1f04c-09b4-4c0f-87a4-bd1bfeb86722@group-98E3FAD48EE3:t1, leader=null, voted=12a1f04c-09b4-4c0f-87a4-bd1bfeb86722, raftlog=12a1f04c-09b4-4c0f-87a4-bd1bfeb86722@group-98E3FAD48EE3-SegmentedRaftLog:OPENED:c-1,f-1,i0, conf=-1: [9241910e-7215-4b10-8981-67058d2a4474:192.168.151.107:38431, 12a1f04c-09b4-4c0f-87a4-bd1bfeb86722:192.168.151.107:33436, 5fe831c6-d7d2-49de-98c2-18dc53ff8363:192.168.151.107:44026], old=null
2019-10-08 21:56:59,200 [12a1f04c-09b4-4c0f-87a4-bd1bfeb86722@group-98E3FAD48EE3-LeaderElection38] INFO  impl.RoleInfo (RoleInfo.java:shutdownLeaderElection(134)) - 12a1f04c-09b4-4c0f-87a4-bd1bfeb86722: shutdown LeaderElection
2019-10-08 21:56:59,200 [12a1f04c-09b4-4c0f-87a4-bd1bfeb86722@group-98E3FAD48EE3-LeaderElection38] INFO  impl.RaftServerImpl (RaftServerImpl.java:setRole(170)) - 12a1f04c-09b4-4c0f-87a4-bd1bfeb86722@group-98E3FAD48EE3: changes role from CANDIDATE to LEADER at term 1 for changeToLeader
2019-10-08 21:56:59,200 [12a1f04c-09b4-4c0f-87a4-bd1bfeb86722@group-98E3FAD48EE3-LeaderElection38] INFO  impl.RaftServerImpl (ServerState.java:setLeader(255)) - 12a1f04c-09b4-4c0f-87a4-bd1bfeb86722@group-98E3FAD48EE3: change Leader from null to 12a1f04c-09b4-4c0f-87a4-bd1bfeb86722 at term 1 for becomeLeader, leader elected after 5083ms
2019-10-08 21:56:59,200 [12a1f04c-09b4-4c0f-87a4-bd1bfeb86722@group-98E3FAD48EE3-LeaderElection38] INFO  server.RaftServerConfigKeys (ConfUtils.java:logGet(43)) - raft.server.staging.catchup.gap = 1000 (default)
2019-10-08 21:56:59,200 [12a1f04c-09b4-4c0f-87a4-bd1bfeb86722@group-98E3FAD48EE3-LeaderElection38] INFO  server.RaftServerConfigKeys (ConfUtils.java:logGet(43)) - raft.server.rpc.sleep.time = 25ms (default)
2019-10-08 21:56:59,200 [12a1f04c-09b4-4c0f-87a4-bd1bfeb86722@group-98E3FAD48EE3-LeaderElection38] INFO  server.RaftServerConfigKeys (ConfUtils.java:logGet(43)) - raft.server.write.element-limit = 4096 (default)
2019-10-08 21:56:59,201 [12a1f04c-09b4-4c0f-87a4-bd1bfeb86722@group-98E3FAD48EE3-LeaderElection38] INFO  server.RaftServerConfigKeys (ConfUtils.java:logGet(43)) - raft.server.watch.timeout = 10s (default)
2019-10-08 21:56:59,201 [12a1f04c-09b4-4c0f-87a4-bd1bfeb86722@group-98E3FAD48EE3-LeaderElection38] INFO  server.RaftServerConfigKeys (ConfUtils.java:logGet(43)) - raft.server.watch.timeout.denomination = 1s (default)
2019-10-08 21:56:59,201 [12a1f04c-09b4-4c0f-87a4-bd1bfeb86722@group-98E3FAD48EE3-LeaderElection38] INFO  server.RaftServerConfigKeys (ConfUtils.java:logGet(43)) - raft.server.watch.element-limit = 65536 (default)
2019-10-08 21:56:59,203 [12a1f04c-09b4-4c0f-87a4-bd1bfeb86722@group-98E3FAD48EE3-LeaderElection38] INFO  server.RaftServerConfigKeys (ConfUtils.java:logGet(43)) - raft.server.log.appender.snapshot.chunk.size.max = 16MB (=16777216) (default)
2019-10-08 21:56:59,203 [12a1f04c-09b4-4c0f-87a4-bd1bfeb86722@group-98E3FAD48EE3-LeaderElection38] INFO  server.RaftServerConfigKeys (ConfUtils.java:logGet(43)) - raft.server.log.appender.buffer.byte-limit = 33554432 (custom)
2019-10-08 21:56:59,203 [12a1f04c-09b4-4c0f-87a4-bd1bfeb86722@group-98E3FAD48EE3-LeaderElection38] INFO  server.RaftServerConfigKeys (ConfUtils.java:logGet(43)) - raft.server.log.appender.buffer.element-limit = 1 (custom)
2019-10-08 21:56:59,203 [12a1f04c-09b4-4c0f-87a4-bd1bfeb86722@group-98E3FAD48EE3-LeaderElection38] INFO  grpc.GrpcConfigKeys$Server (ConfUtils.java:logGet(43)) - raft.grpc.server.leader.outstanding.appends.max = 128 (default)
2019-10-08 21:56:59,204 [12a1f04c-09b4-4c0f-87a4-bd1bfeb86722@group-98E3FAD48EE3-LeaderElection38] INFO  server.RaftServerConfigKeys (ConfUtils.java:logGet(43)) - raft.server.rpc.request.timeout = 3000ms (default)
2019-10-08 21:56:59,204 [12a1f04c-09b4-4c0f-87a4-bd1bfeb86722@group-98E3FAD48EE3-LeaderElection38] INFO  server.RaftServerConfigKeys (ConfUtils.java:logGet(43)) - raft.server.log.appender.install.snapshot.enabled = false (custom)
2019-10-08 21:56:59,204 [12a1f04c-09b4-4c0f-87a4-bd1bfeb86722@group-98E3FAD48EE3-LeaderElection38] INFO  server.RaftServerConfigKeys (ConfUtils.java:logGet(43)) - raft.server.log.appender.snapshot.chunk.size.max = 16MB (=16777216) (default)
2019-10-08 21:56:59,204 [12a1f04c-09b4-4c0f-87a4-bd1bfeb86722@group-98E3FAD48EE3-LeaderElection38] INFO  server.RaftServerConfigKeys (ConfUtils.java:logGet(43)) - raft.server.log.appender.buffer.byte-limit = 33554432 (custom)
2019-10-08 21:56:59,204 [12a1f04c-09b4-4c0f-87a4-bd1bfeb86722@group-98E3FAD48EE3-LeaderElection38] INFO  server.RaftServerConfigKeys (ConfUtils.java:logGet(43)) - raft.server.log.appender.buffer.element-limit = 1 (custom)
2019-10-08 21:56:59,205 [12a1f04c-09b4-4c0f-87a4-bd1bfeb86722@group-98E3FAD48EE3-LeaderElection38] INFO  grpc.GrpcConfigKeys$Server (ConfUtils.java:logGet(43)) - raft.grpc.server.leader.outstanding.appends.max = 128 (default)
2019-10-08 21:56:59,205 [12a1f04c-09b4-4c0f-87a4-bd1bfeb86722@group-98E3FAD48EE3-LeaderElection38] INFO  server.RaftServerConfigKeys (ConfUtils.java:logGet(43)) - raft.server.rpc.request.timeout = 3000ms (default)
2019-10-08 21:56:59,205 [12a1f04c-09b4-4c0f-87a4-bd1bfeb86722@group-98E3FAD48EE3-LeaderElection38] INFO  server.RaftServerConfigKeys (ConfUtils.java:logGet(43)) - raft.server.log.appender.install.snapshot.enabled = false (custom)
2019-10-08 21:56:59,205 [12a1f04c-09b4-4c0f-87a4-bd1bfeb86722@group-98E3FAD48EE3-LeaderElection38] INFO  impl.RoleInfo (RoleInfo.java:updateAndGet(143)) - 12a1f04c-09b4-4c0f-87a4-bd1bfeb86722: start LeaderState
2019-10-08 21:56:59,205 [12a1f04c-09b4-4c0f-87a4-bd1bfeb86722@group-98E3FAD48EE3-LeaderElection38] INFO  segmented.SegmentedRaftLogWorker (SegmentedRaftLogWorker.java:startLogSegment(385)) - 12a1f04c-09b4-4c0f-87a4-bd1bfeb86722@group-98E3FAD48EE3-SegmentedRaftLogWorker: Starting segment from index:0
2019-10-08 21:56:59,206 [12a1f04c-09b4-4c0f-87a4-bd1bfeb86722@group-98E3FAD48EE3-LeaderElection38] INFO  impl.RaftServerImpl (ServerState.java:setRaftConf(356)) - 12a1f04c-09b4-4c0f-87a4-bd1bfeb86722@group-98E3FAD48EE3: set configuration 0: [9241910e-7215-4b10-8981-67058d2a4474:192.168.151.107:38431, 12a1f04c-09b4-4c0f-87a4-bd1bfeb86722:192.168.151.107:33436, 5fe831c6-d7d2-49de-98c2-18dc53ff8363:192.168.151.107:44026], old=null at 0
2019-10-08 21:56:59,208 [grpc-default-executor-5] INFO  impl.RaftServerImpl (ServerState.java:setLeader(255)) - 5fe831c6-d7d2-49de-98c2-18dc53ff8363@group-98E3FAD48EE3: change Leader from null to 12a1f04c-09b4-4c0f-87a4-bd1bfeb86722 at term 1 for appendEntries, leader elected after 5091ms
2019-10-08 21:56:59,208 [grpc-default-executor-3] INFO  impl.RaftServerImpl (ServerState.java:setLeader(255)) - 9241910e-7215-4b10-8981-67058d2a4474@group-98E3FAD48EE3: change Leader from null to 12a1f04c-09b4-4c0f-87a4-bd1bfeb86722 at term 1 for appendEntries, leader elected after 5091ms
2019-10-08 21:56:59,253 [grpc-default-executor-2] INFO  impl.RaftServerImpl (ServerState.java:setRaftConf(356)) - 9241910e-7215-4b10-8981-67058d2a4474@group-98E3FAD48EE3: set configuration 0: [9241910e-7215-4b10-8981-67058d2a4474:192.168.151.107:38431, 12a1f04c-09b4-4c0f-87a4-bd1bfeb86722:192.168.151.107:33436, 5fe831c6-d7d2-49de-98c2-18dc53ff8363:192.168.151.107:44026], old=null at 0
2019-10-08 21:56:59,253 [grpc-default-executor-3] INFO  impl.RaftServerImpl (ServerState.java:setRaftConf(356)) - 5fe831c6-d7d2-49de-98c2-18dc53ff8363@group-98E3FAD48EE3: set configuration 0: [9241910e-7215-4b10-8981-67058d2a4474:192.168.151.107:38431, 12a1f04c-09b4-4c0f-87a4-bd1bfeb86722:192.168.151.107:33436, 5fe831c6-d7d2-49de-98c2-18dc53ff8363:192.168.151.107:44026], old=null at 0
2019-10-08 21:56:59,253 [grpc-default-executor-2] INFO  segmented.SegmentedRaftLogWorker (SegmentedRaftLogWorker.java:startLogSegment(385)) - 9241910e-7215-4b10-8981-67058d2a4474@group-98E3FAD48EE3-SegmentedRaftLogWorker: Starting segment from index:0
2019-10-08 21:56:59,253 [grpc-default-executor-3] INFO  segmented.SegmentedRaftLogWorker (SegmentedRaftLogWorker.java:startLogSegment(385)) - 5fe831c6-d7d2-49de-98c2-18dc53ff8363@group-98E3FAD48EE3-SegmentedRaftLogWorker: Starting segment from index:0
2019-10-08 21:56:59,296 [12a1f04c-09b4-4c0f-87a4-bd1bfeb86722@group-98E3FAD48EE3-SegmentedRaftLogWorker] INFO  segmented.SegmentedRaftLogWorker (SegmentedRaftLogWorker.java:execute(574)) - 12a1f04c-09b4-4c0f-87a4-bd1bfeb86722@group-98E3FAD48EE3-SegmentedRaftLogWorker: created new log segment /workdir/hadoop-ozone/integration-test/target/test-dir/MiniOzoneClusterImpl-95bdc624-c518-47a7-b47f-3e0594fbda9c/datanode-2/data/ratis/1b05c59c-c9ce-4404-a896-98e3fad48ee3/current/log_inprogress_0
2019-10-08 21:56:59,297 [Thread-1433] INFO  impl.FollowerState (FollowerState.java:run(108)) - f859ae29-ff43-4c18-a03a-f65c899718fd@group-1334DD4A0AAC-FollowerState: change to CANDIDATE, lastRpcTime:5072ms, electionTimeout:5038ms
2019-10-08 21:56:59,296 [Thread-1438] INFO  impl.FollowerState (FollowerState.java:run(108)) - 063d3d25-0987-4ced-b2ba-219b6e3a1325@group-1334DD4A0AAC-FollowerState: change to CANDIDATE, lastRpcTime:5066ms, electionTimeout:5038ms
2019-10-08 21:56:59,297 [Thread-1421] INFO  impl.FollowerState (FollowerState.java:run(108)) - 9241910e-7215-4b10-8981-67058d2a4474@group-72E9F3E1A562-FollowerState: change to CANDIDATE, lastRpcTime:5239ms, electionTimeout:5198ms
2019-10-08 21:56:59,300 [Thread-1438] INFO  impl.RoleInfo (RoleInfo.java:shutdownFollowerState(121)) - 063d3d25-0987-4ced-b2ba-219b6e3a1325: shutdown FollowerState
2019-10-08 21:56:59,300 [Thread-1421] INFO  impl.RoleInfo (RoleInfo.java:shutdownFollowerState(121)) - 9241910e-7215-4b10-8981-67058d2a4474: shutdown FollowerState
2019-10-08 21:56:59,300 [Thread-1433] INFO  impl.RoleInfo (RoleInfo.java:shutdownFollowerState(121)) - f859ae29-ff43-4c18-a03a-f65c899718fd: shutdown FollowerState
2019-10-08 21:56:59,300 [Thread-1421] INFO  impl.RaftServerImpl (RaftServerImpl.java:setRole(170)) - 9241910e-7215-4b10-8981-67058d2a4474@group-72E9F3E1A562: changes role from  FOLLOWER to CANDIDATE at term 0 for changeToCandidate
2019-10-08 21:56:59,300 [Thread-1438] INFO  impl.RaftServerImpl (RaftServerImpl.java:setRole(170)) - 063d3d25-0987-4ced-b2ba-219b6e3a1325@group-1334DD4A0AAC: changes role from  FOLLOWER to CANDIDATE at term 0 for changeToCandidate
2019-10-08 21:56:59,302 [Thread-1433] INFO  impl.RaftServerImpl (RaftServerImpl.java:setRole(170)) - f859ae29-ff43-4c18-a03a-f65c899718fd@group-1334DD4A0AAC: changes role from  FOLLOWER to CANDIDATE at term 0 for changeToCandidate
2019-10-08 21:56:59,307 [Thread-1438] INFO  impl.RoleInfo (RoleInfo.java:updateAndGet(143)) - 063d3d25-0987-4ced-b2ba-219b6e3a1325: start LeaderElection
2019-10-08 21:56:59,307 [Thread-1421] INFO  impl.RoleInfo (RoleInfo.java:updateAndGet(143)) - 9241910e-7215-4b10-8981-67058d2a4474: start LeaderElection
2019-10-08 21:56:59,307 [Thread-1433] INFO  impl.RoleInfo (RoleInfo.java:updateAndGet(143)) - f859ae29-ff43-4c18-a03a-f65c899718fd: start LeaderElection
2019-10-08 21:56:59,313 [9241910e-7215-4b10-8981-67058d2a4474@group-98E3FAD48EE3-SegmentedRaftLogWorker] INFO  segmented.SegmentedRaftLogWorker (SegmentedRaftLogWorker.java:execute(574)) - 9241910e-7215-4b10-8981-67058d2a4474@group-98E3FAD48EE3-SegmentedRaftLogWorker: created new log segment /workdir/hadoop-ozone/integration-test/target/test-dir/MiniOzoneClusterImpl-95bdc624-c518-47a7-b47f-3e0594fbda9c/datanode-6/data/ratis/1b05c59c-c9ce-4404-a896-98e3fad48ee3/current/log_inprogress_0
2019-10-08 21:56:59,313 [5fe831c6-d7d2-49de-98c2-18dc53ff8363@group-98E3FAD48EE3-SegmentedRaftLogWorker] INFO  segmented.SegmentedRaftLogWorker (SegmentedRaftLogWorker.java:execute(574)) - 5fe831c6-d7d2-49de-98c2-18dc53ff8363@group-98E3FAD48EE3-SegmentedRaftLogWorker: created new log segment /workdir/hadoop-ozone/integration-test/target/test-dir/MiniOzoneClusterImpl-95bdc624-c518-47a7-b47f-3e0594fbda9c/datanode-1/data/ratis/1b05c59c-c9ce-4404-a896-98e3fad48ee3/current/log_inprogress_0
2019-10-08 21:56:59,334 [9241910e-7215-4b10-8981-67058d2a4474@group-72E9F3E1A562-LeaderElection39] INFO  impl.LeaderElection (LeaderElection.java:askForVotes(178)) - 9241910e-7215-4b10-8981-67058d2a4474@group-72E9F3E1A562-LeaderElection39: begin an election at term 1 for -1: [9241910e-7215-4b10-8981-67058d2a4474:192.168.151.107:38431], old=null
2019-10-08 21:56:59,334 [063d3d25-0987-4ced-b2ba-219b6e3a1325@group-1334DD4A0AAC-LeaderElection40] INFO  impl.LeaderElection (LeaderElection.java:askForVotes(178)) - 063d3d25-0987-4ced-b2ba-219b6e3a1325@group-1334DD4A0AAC-LeaderElection40: begin an election at term 1 for -1: [f859ae29-ff43-4c18-a03a-f65c899718fd:192.168.151.107:40768, 063d3d25-0987-4ced-b2ba-219b6e3a1325:192.168.151.107:43236, 997f0eef-8596-490e-aa24-5c3f322eaa27:192.168.151.107:42323], old=null
2019-10-08 21:56:59,334 [f859ae29-ff43-4c18-a03a-f65c899718fd@group-1334DD4A0AAC-LeaderElection41] INFO  impl.LeaderElection (LeaderElection.java:askForVotes(178)) - f859ae29-ff43-4c18-a03a-f65c899718fd@group-1334DD4A0AAC-LeaderElection41: begin an election at term 1 for -1: [f859ae29-ff43-4c18-a03a-f65c899718fd:192.168.151.107:40768, 063d3d25-0987-4ced-b2ba-219b6e3a1325:192.168.151.107:43236, 997f0eef-8596-490e-aa24-5c3f322eaa27:192.168.151.107:42323], old=null
2019-10-08 21:56:59,334 [9241910e-7215-4b10-8981-67058d2a4474@group-72E9F3E1A562-LeaderElection39] INFO  impl.RoleInfo (RoleInfo.java:shutdownLeaderElection(134)) - 9241910e-7215-4b10-8981-67058d2a4474: shutdown LeaderElection
2019-10-08 21:56:59,335 [9241910e-7215-4b10-8981-67058d2a4474@group-72E9F3E1A562-LeaderElection39] INFO  impl.RaftServerImpl (RaftServerImpl.java:setRole(170)) - 9241910e-7215-4b10-8981-67058d2a4474@group-72E9F3E1A562: changes role from CANDIDATE to LEADER at term 1 for changeToLeader
2019-10-08 21:56:59,335 [9241910e-7215-4b10-8981-67058d2a4474@group-72E9F3E1A562-LeaderElection39] INFO  impl.RaftServerImpl (ServerState.java:setLeader(255)) - 9241910e-7215-4b10-8981-67058d2a4474@group-72E9F3E1A562: change Leader from null to 9241910e-7215-4b10-8981-67058d2a4474 at term 1 for becomeLeader, leader elected after 5283ms
2019-10-08 21:56:59,335 [9241910e-7215-4b10-8981-67058d2a4474@group-72E9F3E1A562-LeaderElection39] INFO  server.RaftServerConfigKeys (ConfUtils.java:logGet(43)) - raft.server.staging.catchup.gap = 1000 (default)
2019-10-08 21:56:59,335 [9241910e-7215-4b10-8981-67058d2a4474@group-72E9F3E1A562-LeaderElection39] INFO  server.RaftServerConfigKeys (ConfUtils.java:logGet(43)) - raft.server.rpc.sleep.time = 25ms (default)
2019-10-08 21:56:59,336 [9241910e-7215-4b10-8981-67058d2a4474@group-72E9F3E1A562-LeaderElection39] INFO  server.RaftServerConfigKeys (ConfUtils.java:logGet(43)) - raft.server.write.element-limit = 4096 (default)
2019-10-08 21:56:59,336 [9241910e-7215-4b10-8981-67058d2a4474@group-72E9F3E1A562-LeaderElection39] INFO  server.RaftServerConfigKeys (ConfUtils.java:logGet(43)) - raft.server.watch.timeout = 10s (default)
2019-10-08 21:56:59,336 [9241910e-7215-4b10-8981-67058d2a4474@group-72E9F3E1A562-LeaderElection39] INFO  server.RaftServerConfigKeys (ConfUtils.java:logGet(43)) - raft.server.watch.timeout.denomination = 1s (default)
2019-10-08 21:56:59,336 [9241910e-7215-4b10-8981-67058d2a4474@group-72E9F3E1A562-LeaderElection39] INFO  server.RaftServerConfigKeys (ConfUtils.java:logGet(43)) - raft.server.watch.element-limit = 65536 (default)
2019-10-08 21:56:59,341 [9241910e-7215-4b10-8981-67058d2a4474@group-72E9F3E1A562-LeaderElection39] INFO  impl.RoleInfo (RoleInfo.java:updateAndGet(143)) - 9241910e-7215-4b10-8981-67058d2a4474: start LeaderState
2019-10-08 21:56:59,341 [9241910e-7215-4b10-8981-67058d2a4474@group-72E9F3E1A562-LeaderElection39] INFO  segmented.SegmentedRaftLogWorker (SegmentedRaftLogWorker.java:startLogSegment(385)) - 9241910e-7215-4b10-8981-67058d2a4474@group-72E9F3E1A562-SegmentedRaftLogWorker: Starting segment from index:0
2019-10-08 21:56:59,345 [grpc-default-executor-1] INFO  impl.RaftServerImpl (RaftServerImpl.java:setRole(170)) - 997f0eef-8596-490e-aa24-5c3f322eaa27@group-1334DD4A0AAC: changes role from  FOLLOWER to FOLLOWER at term 1 for recognizeCandidate:f859ae29-ff43-4c18-a03a-f65c899718fd
2019-10-08 21:56:59,345 [grpc-default-executor-1] INFO  impl.RoleInfo (RoleInfo.java:shutdownFollowerState(121)) - 997f0eef-8596-490e-aa24-5c3f322eaa27: shutdown FollowerState
2019-10-08 21:56:59,348 [grpc-default-executor-1] INFO  impl.RoleInfo (RoleInfo.java:updateAndGet(143)) - 997f0eef-8596-490e-aa24-5c3f322eaa27: start FollowerState
2019-10-08 21:56:59,348 [Thread-1436] INFO  impl.FollowerState (FollowerState.java:run(117)) - 997f0eef-8596-490e-aa24-5c3f322eaa27@group-1334DD4A0AAC-FollowerState was interrupted: java.lang.InterruptedException: sleep interrupted
2019-10-08 21:56:59,348 [9241910e-7215-4b10-8981-67058d2a4474@group-72E9F3E1A562-LeaderElection39] INFO  impl.RaftServerImpl (ServerState.java:setRaftConf(356)) - 9241910e-7215-4b10-8981-67058d2a4474@group-72E9F3E1A562: set configuration 0: [9241910e-7215-4b10-8981-67058d2a4474:192.168.151.107:38431], old=null at 0
2019-10-08 21:56:59,394 [9241910e-7215-4b10-8981-67058d2a4474@group-72E9F3E1A562-SegmentedRaftLogWorker] INFO  segmented.SegmentedRaftLogWorker (SegmentedRaftLogWorker.java:execute(574)) - 9241910e-7215-4b10-8981-67058d2a4474@group-72E9F3E1A562-SegmentedRaftLogWorker: created new log segment /workdir/hadoop-ozone/integration-test/target/test-dir/MiniOzoneClusterImpl-95bdc624-c518-47a7-b47f-3e0594fbda9c/datanode-6/data/ratis/c5317986-fa31-4248-8358-72e9f3e1a562/current/log_inprogress_0
2019-10-08 21:56:59,398 [f859ae29-ff43-4c18-a03a-f65c899718fd@group-1334DD4A0AAC-LeaderElection41] INFO  impl.LeaderElection (LeaderElection.java:logAndReturn(56)) - f859ae29-ff43-4c18-a03a-f65c899718fd@group-1334DD4A0AAC-LeaderElection41: Election PASSED; received 2 response(s) [f859ae29-ff43-4c18-a03a-f65c899718fd<-063d3d25-0987-4ced-b2ba-219b6e3a1325#0:FAIL-t1, f859ae29-ff43-4c18-a03a-f65c899718fd<-997f0eef-8596-490e-aa24-5c3f322eaa27#0:OK-t1] and 0 exception(s); f859ae29-ff43-4c18-a03a-f65c899718fd@group-1334DD4A0AAC:t1, leader=null, voted=f859ae29-ff43-4c18-a03a-f65c899718fd, raftlog=f859ae29-ff43-4c18-a03a-f65c899718fd@group-1334DD4A0AAC-SegmentedRaftLog:OPENED:c-1,f-1,i0, conf=-1: [f859ae29-ff43-4c18-a03a-f65c899718fd:192.168.151.107:40768, 063d3d25-0987-4ced-b2ba-219b6e3a1325:192.168.151.107:43236, 997f0eef-8596-490e-aa24-5c3f322eaa27:192.168.151.107:42323], old=null
2019-10-08 21:56:59,398 [063d3d25-0987-4ced-b2ba-219b6e3a1325@group-1334DD4A0AAC-LeaderElection40] INFO  impl.LeaderElection (LeaderElection.java:logAndReturn(56)) - 063d3d25-0987-4ced-b2ba-219b6e3a1325@group-1334DD4A0AAC-LeaderElection40: Election REJECTED; received 2 response(s) [063d3d25-0987-4ced-b2ba-219b6e3a1325<-f859ae29-ff43-4c18-a03a-f65c899718fd#0:FAIL-t1, 063d3d25-0987-4ced-b2ba-219b6e3a1325<-997f0eef-8596-490e-aa24-5c3f322eaa27#0:FAIL-t1] and 0 exception(s); 063d3d25-0987-4ced-b2ba-219b6e3a1325@group-1334DD4A0AAC:t1, leader=null, voted=063d3d25-0987-4ced-b2ba-219b6e3a1325, raftlog=063d3d25-0987-4ced-b2ba-219b6e3a1325@group-1334DD4A0AAC-SegmentedRaftLog:OPENED:c-1,f-1,i0, conf=-1: [f859ae29-ff43-4c18-a03a-f65c899718fd:192.168.151.107:40768, 063d3d25-0987-4ced-b2ba-219b6e3a1325:192.168.151.107:43236, 997f0eef-8596-490e-aa24-5c3f322eaa27:192.168.151.107:42323], old=null
2019-10-08 21:56:59,398 [f859ae29-ff43-4c18-a03a-f65c899718fd@group-1334DD4A0AAC-LeaderElection41] INFO  impl.RoleInfo (RoleInfo.java:shutdownLeaderElection(134)) - f859ae29-ff43-4c18-a03a-f65c899718fd: shutdown LeaderElection
2019-10-08 21:56:59,401 [063d3d25-0987-4ced-b2ba-219b6e3a1325@group-1334DD4A0AAC-LeaderElection40] INFO  impl.RaftServerImpl (RaftServerImpl.java:setRole(170)) - 063d3d25-0987-4ced-b2ba-219b6e3a1325@group-1334DD4A0AAC: changes role from CANDIDATE to FOLLOWER at term 1 for DISCOVERED_A_NEW_TERM
2019-10-08 21:56:59,403 [063d3d25-0987-4ced-b2ba-219b6e3a1325@group-1334DD4A0AAC-LeaderElection40] INFO  impl.RoleInfo (RoleInfo.java:shutdownLeaderElection(134)) - 063d3d25-0987-4ced-b2ba-219b6e3a1325: shutdown LeaderElection
2019-10-08 21:56:59,403 [f859ae29-ff43-4c18-a03a-f65c899718fd@group-1334DD4A0AAC-LeaderElection41] INFO  impl.RaftServerImpl (RaftServerImpl.java:setRole(170)) - f859ae29-ff43-4c18-a03a-f65c899718fd@group-1334DD4A0AAC: changes role from CANDIDATE to LEADER at term 1 for changeToLeader
2019-10-08 21:56:59,403 [063d3d25-0987-4ced-b2ba-219b6e3a1325@group-1334DD4A0AAC-LeaderElection40] INFO  impl.RoleInfo (RoleInfo.java:updateAndGet(143)) - 063d3d25-0987-4ced-b2ba-219b6e3a1325: start FollowerState
2019-10-08 21:56:59,403 [f859ae29-ff43-4c18-a03a-f65c899718fd@group-1334DD4A0AAC-LeaderElection41] INFO  impl.RaftServerImpl (ServerState.java:setLeader(255)) - f859ae29-ff43-4c18-a03a-f65c899718fd@group-1334DD4A0AAC: change Leader from null to f859ae29-ff43-4c18-a03a-f65c899718fd at term 1 for becomeLeader, leader elected after 5189ms
2019-10-08 21:56:59,403 [f859ae29-ff43-4c18-a03a-f65c899718fd@group-1334DD4A0AAC-LeaderElection41] INFO  server.RaftServerConfigKeys (ConfUtils.java:logGet(43)) - raft.server.staging.catchup.gap = 1000 (default)
2019-10-08 21:56:59,403 [f859ae29-ff43-4c18-a03a-f65c899718fd@group-1334DD4A0AAC-LeaderElection41] INFO  server.RaftServerConfigKeys (ConfUtils.java:logGet(43)) - raft.server.rpc.sleep.time = 25ms (default)
2019-10-08 21:56:59,404 [f859ae29-ff43-4c18-a03a-f65c899718fd@group-1334DD4A0AAC-LeaderElection41] INFO  server.RaftServerConfigKeys (ConfUtils.java:logGet(43)) - raft.server.write.element-limit = 4096 (default)
2019-10-08 21:56:59,404 [f859ae29-ff43-4c18-a03a-f65c899718fd@group-1334DD4A0AAC-LeaderElection41] INFO  server.RaftServerConfigKeys (ConfUtils.java:logGet(43)) - raft.server.watch.timeout = 10s (default)
2019-10-08 21:56:59,404 [f859ae29-ff43-4c18-a03a-f65c899718fd@group-1334DD4A0AAC-LeaderElection41] INFO  server.RaftServerConfigKeys (ConfUtils.java:logGet(43)) - raft.server.watch.timeout.denomination = 1s (default)
2019-10-08 21:56:59,404 [f859ae29-ff43-4c18-a03a-f65c899718fd@group-1334DD4A0AAC-LeaderElection41] INFO  server.RaftServerConfigKeys (ConfUtils.java:logGet(43)) - raft.server.watch.element-limit = 65536 (default)
2019-10-08 21:56:59,406 [f859ae29-ff43-4c18-a03a-f65c899718fd@group-1334DD4A0AAC-LeaderElection41] INFO  server.RaftServerConfigKeys (ConfUtils.java:logGet(43)) - raft.server.log.appender.snapshot.chunk.size.max = 16MB (=16777216) (default)
2019-10-08 21:56:59,407 [f859ae29-ff43-4c18-a03a-f65c899718fd@group-1334DD4A0AAC-LeaderElection41] INFO  server.RaftServerConfigKeys (ConfUtils.java:logGet(43)) - raft.server.log.appender.buffer.byte-limit = 33554432 (custom)
2019-10-08 21:56:59,407 [f859ae29-ff43-4c18-a03a-f65c899718fd@group-1334DD4A0AAC-LeaderElection41] INFO  server.RaftServerConfigKeys (ConfUtils.java:logGet(43)) - raft.server.log.appender.buffer.element-limit = 1 (custom)
2019-10-08 21:56:59,407 [f859ae29-ff43-4c18-a03a-f65c899718fd@group-1334DD4A0AAC-LeaderElection41] INFO  grpc.GrpcConfigKeys$Server (ConfUtils.java:logGet(43)) - raft.grpc.server.leader.outstanding.appends.max = 128 (default)
2019-10-08 21:56:59,407 [f859ae29-ff43-4c18-a03a-f65c899718fd@group-1334DD4A0AAC-LeaderElection41] INFO  server.RaftServerConfigKeys (ConfUtils.java:logGet(43)) - raft.server.rpc.request.timeout = 3000ms (default)
2019-10-08 21:56:59,407 [f859ae29-ff43-4c18-a03a-f65c899718fd@group-1334DD4A0AAC-LeaderElection41] INFO  server.RaftServerConfigKeys (ConfUtils.java:logGet(43)) - raft.server.log.appender.install.snapshot.enabled = false (custom)
2019-10-08 21:56:59,408 [f859ae29-ff43-4c18-a03a-f65c899718fd@group-1334DD4A0AAC-LeaderElection41] INFO  server.RaftServerConfigKeys (ConfUtils.java:logGet(43)) - raft.server.log.appender.snapshot.chunk.size.max = 16MB (=16777216) (default)
2019-10-08 21:56:59,408 [f859ae29-ff43-4c18-a03a-f65c899718fd@group-1334DD4A0AAC-LeaderElection41] INFO  server.RaftServerConfigKeys (ConfUtils.java:logGet(43)) - raft.server.log.appender.buffer.byte-limit = 33554432 (custom)
2019-10-08 21:56:59,408 [f859ae29-ff43-4c18-a03a-f65c899718fd@group-1334DD4A0AAC-LeaderElection41] INFO  server.RaftServerConfigKeys (ConfUtils.java:logGet(43)) - raft.server.log.appender.buffer.element-limit = 1 (custom)
2019-10-08 21:56:59,408 [f859ae29-ff43-4c18-a03a-f65c899718fd@group-1334DD4A0AAC-LeaderElection41] INFO  grpc.GrpcConfigKeys$Server (ConfUtils.java:logGet(43)) - raft.grpc.server.leader.outstanding.appends.max = 128 (default)
2019-10-08 21:56:59,408 [f859ae29-ff43-4c18-a03a-f65c899718fd@group-1334DD4A0AAC-LeaderElection41] INFO  server.RaftServerConfigKeys (ConfUtils.java:logGet(43)) - raft.server.rpc.request.timeout = 3000ms (default)
2019-10-08 21:56:59,409 [f859ae29-ff43-4c18-a03a-f65c899718fd@group-1334DD4A0AAC-LeaderElection41] INFO  server.RaftServerConfigKeys (ConfUtils.java:logGet(43)) - raft.server.log.appender.install.snapshot.enabled = false (custom)
2019-10-08 21:56:59,409 [f859ae29-ff43-4c18-a03a-f65c899718fd@group-1334DD4A0AAC-LeaderElection41] INFO  impl.RoleInfo (RoleInfo.java:updateAndGet(143)) - f859ae29-ff43-4c18-a03a-f65c899718fd: start LeaderState
2019-10-08 21:56:59,417 [f859ae29-ff43-4c18-a03a-f65c899718fd@group-1334DD4A0AAC-LeaderElection41] INFO  segmented.SegmentedRaftLogWorker (SegmentedRaftLogWorker.java:startLogSegment(385)) - f859ae29-ff43-4c18-a03a-f65c899718fd@group-1334DD4A0AAC-SegmentedRaftLogWorker: Starting segment from index:0
2019-10-08 21:56:59,423 [f859ae29-ff43-4c18-a03a-f65c899718fd@group-1334DD4A0AAC-LeaderElection41] INFO  impl.RaftServerImpl (ServerState.java:setRaftConf(356)) - f859ae29-ff43-4c18-a03a-f65c899718fd@group-1334DD4A0AAC: set configuration 0: [f859ae29-ff43-4c18-a03a-f65c899718fd:192.168.151.107:40768, 063d3d25-0987-4ced-b2ba-219b6e3a1325:192.168.151.107:43236, 997f0eef-8596-490e-aa24-5c3f322eaa27:192.168.151.107:42323], old=null at 0
2019-10-08 21:56:59,424 [grpc-default-executor-2] INFO  impl.RaftServerImpl (ServerState.java:setLeader(255)) - 997f0eef-8596-490e-aa24-5c3f322eaa27@group-1334DD4A0AAC: change Leader from null to f859ae29-ff43-4c18-a03a-f65c899718fd at term 1 for appendEntries, leader elected after 5210ms
2019-10-08 21:56:59,424 [grpc-default-executor-1] INFO  impl.RaftServerImpl (ServerState.java:setLeader(255)) - 063d3d25-0987-4ced-b2ba-219b6e3a1325@group-1334DD4A0AAC: change Leader from null to f859ae29-ff43-4c18-a03a-f65c899718fd at term 1 for appendEntries, leader elected after 5211ms
2019-10-08 21:56:59,426 [grpc-default-executor-2] INFO  impl.RaftServerImpl (ServerState.java:setRaftConf(356)) - 997f0eef-8596-490e-aa24-5c3f322eaa27@group-1334DD4A0AAC: set configuration 0: [f859ae29-ff43-4c18-a03a-f65c899718fd:192.168.151.107:40768, 063d3d25-0987-4ced-b2ba-219b6e3a1325:192.168.151.107:43236, 997f0eef-8596-490e-aa24-5c3f322eaa27:192.168.151.107:42323], old=null at 0
2019-10-08 21:56:59,426 [grpc-default-executor-1] INFO  impl.RaftServerImpl (ServerState.java:setRaftConf(356)) - 063d3d25-0987-4ced-b2ba-219b6e3a1325@group-1334DD4A0AAC: set configuration 0: [f859ae29-ff43-4c18-a03a-f65c899718fd:192.168.151.107:40768, 063d3d25-0987-4ced-b2ba-219b6e3a1325:192.168.151.107:43236, 997f0eef-8596-490e-aa24-5c3f322eaa27:192.168.151.107:42323], old=null at 0
2019-10-08 21:56:59,426 [grpc-default-executor-2] INFO  segmented.SegmentedRaftLogWorker (SegmentedRaftLogWorker.java:startLogSegment(385)) - 997f0eef-8596-490e-aa24-5c3f322eaa27@group-1334DD4A0AAC-SegmentedRaftLogWorker: Starting segment from index:0
2019-10-08 21:56:59,426 [grpc-default-executor-1] INFO  segmented.SegmentedRaftLogWorker (SegmentedRaftLogWorker.java:startLogSegment(385)) - 063d3d25-0987-4ced-b2ba-219b6e3a1325@group-1334DD4A0AAC-SegmentedRaftLogWorker: Starting segment from index:0
2019-10-08 21:56:59,461 [f859ae29-ff43-4c18-a03a-f65c899718fd@group-1334DD4A0AAC-SegmentedRaftLogWorker] INFO  segmented.SegmentedRaftLogWorker (SegmentedRaftLogWorker.java:execute(574)) - f859ae29-ff43-4c18-a03a-f65c899718fd@group-1334DD4A0AAC-SegmentedRaftLogWorker: created new log segment /workdir/hadoop-ozone/integration-test/target/test-dir/MiniOzoneClusterImpl-95bdc624-c518-47a7-b47f-3e0594fbda9c/datanode-5/data/ratis/a7e5080d-f9d7-4c8d-91b2-1334dd4a0aac/current/log_inprogress_0
2019-10-08 21:56:59,461 [997f0eef-8596-490e-aa24-5c3f322eaa27@group-1334DD4A0AAC-SegmentedRaftLogWorker] INFO  segmented.SegmentedRaftLogWorker (SegmentedRaftLogWorker.java:execute(574)) - 997f0eef-8596-490e-aa24-5c3f322eaa27@group-1334DD4A0AAC-SegmentedRaftLogWorker: created new log segment /workdir/hadoop-ozone/integration-test/target/test-dir/MiniOzoneClusterImpl-95bdc624-c518-47a7-b47f-3e0594fbda9c/datanode-3/data/ratis/a7e5080d-f9d7-4c8d-91b2-1334dd4a0aac/current/log_inprogress_0
2019-10-08 21:56:59,474 [063d3d25-0987-4ced-b2ba-219b6e3a1325@group-1334DD4A0AAC-SegmentedRaftLogWorker] INFO  segmented.SegmentedRaftLogWorker (SegmentedRaftLogWorker.java:execute(574)) - 063d3d25-0987-4ced-b2ba-219b6e3a1325@group-1334DD4A0AAC-SegmentedRaftLogWorker: created new log segment /workdir/hadoop-ozone/integration-test/target/test-dir/MiniOzoneClusterImpl-95bdc624-c518-47a7-b47f-3e0594fbda9c/datanode-4/data/ratis/a7e5080d-f9d7-4c8d-91b2-1334dd4a0aac/current/log_inprogress_0
2019-10-08 21:56:59,487 [Datanode State Machine Thread - 0] INFO  statemachine.DatanodeStateMachine (DatanodeStateMachine.java:lambda$startDaemon$0(350)) - Ozone container server started.
2019-10-08 21:57:04,424 [main] INFO  ozoneimpl.OzoneContainer (OzoneContainer.java:stop(227)) - Attempting to stop container services.
2019-10-08 21:57:04,425 [main] INFO  impl.RaftServerProxy (RaftServerProxy.java:lambda$close$4(314)) - 5fe831c6-d7d2-49de-98c2-18dc53ff8363: close
2019-10-08 21:57:04,426 [main] INFO  impl.RaftServerImpl (RaftServerImpl.java:lambda$shutdown$3(247)) - 5fe831c6-d7d2-49de-98c2-18dc53ff8363@group-98E3FAD48EE3: shutdown
2019-10-08 21:57:04,426 [main] INFO  util.JmxRegister (JmxRegister.java:unregister(73)) - Successfully un-registered JMX Bean with object name Ratis:service=RaftServer,group=group-98E3FAD48EE3,id=5fe831c6-d7d2-49de-98c2-18dc53ff8363
2019-10-08 21:57:04,427 [main] INFO  impl.RoleInfo (RoleInfo.java:shutdownFollowerState(121)) - 5fe831c6-d7d2-49de-98c2-18dc53ff8363: shutdown FollowerState
2019-10-08 21:57:04,427 [main] INFO  impl.StateMachineUpdater (StateMachineUpdater.java:stopAndJoin(136)) - 5fe831c6-d7d2-49de-98c2-18dc53ff8363@group-98E3FAD48EE3-StateMachineUpdater: set stopIndex = 2
2019-10-08 21:57:04,427 [Thread-1484] INFO  impl.FollowerState (FollowerState.java:run(117)) - 5fe831c6-d7d2-49de-98c2-18dc53ff8363@group-98E3FAD48EE3-FollowerState was interrupted: java.lang.InterruptedException: sleep interrupted
2019-10-08 21:57:04,427 [5fe831c6-d7d2-49de-98c2-18dc53ff8363@group-98E3FAD48EE3-StateMachineUpdater] INFO  ratis.ContainerStateMachine (ContainerStateMachine.java:takeSnapshot(294)) - group-98E3FAD48EE3: Taking a snapshot at:(t:1, i:1) file /workdir/hadoop-ozone/integration-test/target/test-dir/MiniOzoneClusterImpl-95bdc624-c518-47a7-b47f-3e0594fbda9c/datanode-1/data/ratis/1b05c59c-c9ce-4404-a896-98e3fad48ee3/sm/snapshot.1_1
2019-10-08 21:57:04,465 [5fe831c6-d7d2-49de-98c2-18dc53ff8363@group-98E3FAD48EE3-StateMachineUpdater] INFO  ratis.ContainerStateMachine (ContainerStateMachine.java:takeSnapshot(305)) - group-98E3FAD48EE3: Finished taking a snapshot at:(t:1, i:1) file:/workdir/hadoop-ozone/integration-test/target/test-dir/MiniOzoneClusterImpl-95bdc624-c518-47a7-b47f-3e0594fbda9c/datanode-1/data/ratis/1b05c59c-c9ce-4404-a896-98e3fad48ee3/sm/snapshot.1_1 time:38
2019-10-08 21:57:04,466 [5fe831c6-d7d2-49de-98c2-18dc53ff8363@group-98E3FAD48EE3-StateMachineUpdater] INFO  impl.StateMachineUpdater (StateMachineUpdater.java:takeSnapshot(269)) - 5fe831c6-d7d2-49de-98c2-18dc53ff8363@group-98E3FAD48EE3-StateMachineUpdater: Took a snapshot at index 1
2019-10-08 21:57:04,466 [5fe831c6-d7d2-49de-98c2-18dc53ff8363@group-98E3FAD48EE3-StateMachineUpdater] INFO  impl.StateMachineUpdater (StateMachineUpdater.java:lambda$new$0(84)) - 5fe831c6-d7d2-49de-98c2-18dc53ff8363@group-98E3FAD48EE3-StateMachineUpdater: snapshotIndex: updateIncreasingly -1 -> 1
2019-10-08 21:57:04,466 [5fe831c6-d7d2-49de-98c2-18dc53ff8363@group-98E3FAD48EE3-StateMachineUpdater] INFO  ratis.ContainerStateMachine (ContainerStateMachine.java:takeSnapshot(294)) - group-98E3FAD48EE3: Taking a snapshot at:(t:1, i:1) file /workdir/hadoop-ozone/integration-test/target/test-dir/MiniOzoneClusterImpl-95bdc624-c518-47a7-b47f-3e0594fbda9c/datanode-1/data/ratis/1b05c59c-c9ce-4404-a896-98e3fad48ee3/sm/snapshot.1_1
2019-10-08 21:57:04,478 [5fe831c6-d7d2-49de-98c2-18dc53ff8363@group-98E3FAD48EE3-StateMachineUpdater] INFO  ratis.ContainerStateMachine (ContainerStateMachine.java:takeSnapshot(305)) - group-98E3FAD48EE3: Finished taking a snapshot at:(t:1, i:1) file:/workdir/hadoop-ozone/integration-test/target/test-dir/MiniOzoneClusterImpl-95bdc624-c518-47a7-b47f-3e0594fbda9c/datanode-1/data/ratis/1b05c59c-c9ce-4404-a896-98e3fad48ee3/sm/snapshot.1_1 time:12
2019-10-08 21:57:04,478 [5fe831c6-d7d2-49de-98c2-18dc53ff8363@group-98E3FAD48EE3-StateMachineUpdater] INFO  impl.StateMachineUpdater (StateMachineUpdater.java:takeSnapshot(269)) - 5fe831c6-d7d2-49de-98c2-18dc53ff8363@group-98E3FAD48EE3-StateMachineUpdater: Took a snapshot at index 1
2019-10-08 21:57:04,479 [5fe831c6-d7d2-49de-98c2-18dc53ff8363@group-98E3FAD48EE3-StateMachineUpdater] INFO  impl.StateMachineUpdater (StateMachineUpdater.java:lambda$new$0(84)) - 5fe831c6-d7d2-49de-98c2-18dc53ff8363@group-98E3FAD48EE3-StateMachineUpdater: snapshotIndex: updateIncreasingly 1 -> 1
2019-10-08 21:57:04,479 [main] INFO  impl.RaftServerImpl (ServerState.java:close(387)) - 5fe831c6-d7d2-49de-98c2-18dc53ff8363@group-98E3FAD48EE3: closes. applyIndex: 2
2019-10-08 21:57:04,480 [5fe831c6-d7d2-49de-98c2-18dc53ff8363@group-98E3FAD48EE3-SegmentedRaftLogWorker] INFO  segmented.SegmentedRaftLogWorker (SegmentedRaftLogWorker.java:run(316)) - 5fe831c6-d7d2-49de-98c2-18dc53ff8363@group-98E3FAD48EE3-SegmentedRaftLogWorker was interrupted, exiting. There are 0 tasks remaining in the queue.
2019-10-08 21:57:04,482 [main] INFO  segmented.SegmentedRaftLogWorker (SegmentedRaftLogWorker.java:close(224)) - 5fe831c6-d7d2-49de-98c2-18dc53ff8363@group-98E3FAD48EE3-SegmentedRaftLogWorker close()
2019-10-08 21:57:04,487 [main] INFO  impl.RaftServerImpl (RaftServerImpl.java:lambda$shutdown$3(247)) - 5fe831c6-d7d2-49de-98c2-18dc53ff8363@group-FA42898D53B9: shutdown
2019-10-08 21:57:04,487 [main] INFO  util.JmxRegister (JmxRegister.java:unregister(73)) - Successfully un-registered JMX Bean with object name Ratis:service=RaftServer,group=group-FA42898D53B9,id=5fe831c6-d7d2-49de-98c2-18dc53ff8363
2019-10-08 21:57:04,488 [main] INFO  impl.RoleInfo (RoleInfo.java:shutdownLeaderState(104)) - 5fe831c6-d7d2-49de-98c2-18dc53ff8363: shutdown LeaderState
2019-10-08 21:57:04,488 [main] INFO  impl.PendingRequests (PendingRequests.java:sendNotLeaderResponses(202)) - 5fe831c6-d7d2-49de-98c2-18dc53ff8363@group-FA42898D53B9-PendingRequests: sendNotLeaderResponses
2019-10-08 21:57:04,488 [main] INFO  impl.StateMachineUpdater (StateMachineUpdater.java:stopAndJoin(136)) - 5fe831c6-d7d2-49de-98c2-18dc53ff8363@group-FA42898D53B9-StateMachineUpdater: set stopIndex = 0
2019-10-08 21:57:04,489 [main] INFO  impl.RaftServerImpl (ServerState.java:close(387)) - 5fe831c6-d7d2-49de-98c2-18dc53ff8363@group-FA42898D53B9: closes. applyIndex: 0
2019-10-08 21:57:04,489 [5fe831c6-d7d2-49de-98c2-18dc53ff8363@group-FA42898D53B9-SegmentedRaftLogWorker] INFO  segmented.SegmentedRaftLogWorker (SegmentedRaftLogWorker.java:run(316)) - 5fe831c6-d7d2-49de-98c2-18dc53ff8363@group-FA42898D53B9-SegmentedRaftLogWorker was interrupted, exiting. There are 0 tasks remaining in the queue.
2019-10-08 21:57:04,492 [main] INFO  segmented.SegmentedRaftLogWorker (SegmentedRaftLogWorker.java:close(224)) - 5fe831c6-d7d2-49de-98c2-18dc53ff8363@group-FA42898D53B9-SegmentedRaftLogWorker close()
2019-10-08 21:57:04,495 [main] INFO  server.GrpcService (GrpcService.java:closeImpl(164)) - 5fe831c6-d7d2-49de-98c2-18dc53ff8363: shutdown server with port 44026 now
2019-10-08 21:57:04,498 [main] INFO  server.GrpcService (GrpcService.java:closeImpl(172)) - 5fe831c6-d7d2-49de-98c2-18dc53ff8363: shutdown server with port 44026 successfully
2019-10-08 21:57:04,499 [grpc-default-executor-3] WARN  server.GrpcLogAppender (LogUtils.java:warn(134)) - 12a1f04c-09b4-4c0f-87a4-bd1bfeb86722@group-98E3FAD48EE3->5fe831c6-d7d2-49de-98c2-18dc53ff8363-AppendLogResponseHandler: Failed appendEntries: org.apache.ratis.thirdparty.io.grpc.StatusRuntimeException: CANCELLED: HTTP/2 error code: CANCEL
Received Rst Stream
2019-10-08 21:57:04,498 [grpc-default-executor-2] WARN  server.GrpcServerProtocolService (LogUtils.java:warn(134)) - 5fe831c6-d7d2-49de-98c2-18dc53ff8363: installSnapshot onError, lastRequest: 12a1f04c-09b4-4c0f-87a4-bd1bfeb86722->5fe831c6-d7d2-49de-98c2-18dc53ff8363#5-t1, previous=(t:1, i:2), leaderCommit=2, initializing? false, entries: <empty>: org.apache.ratis.thirdparty.io.grpc.StatusRuntimeException: CANCELLED: cancelled before receiving half close
2019-10-08 21:57:04,499 [grpc-default-executor-3] INFO  impl.FollowerInfo (FollowerInfo.java:lambda$new$0(51)) - 12a1f04c-09b4-4c0f-87a4-bd1bfeb86722@group-98E3FAD48EE3->5fe831c6-d7d2-49de-98c2-18dc53ff8363: nextIndex: updateUnconditionally 3 -> 2
2019-10-08 21:57:04,504 [refreshUsed-/workdir/hadoop-ozone/integration-test/target/test-dir/MiniOzoneClusterImpl-95bdc624-c518-47a7-b47f-3e0594fbda9c/datanode-1/data/containers] WARN  fs.CachingGetSpaceUsed (CachingGetSpaceUsed.java:run(183)) - Thread Interrupted waiting to refresh disk information: sleep interrupted
2019-10-08 21:57:04,519 [main] INFO  utils.BackgroundService (BackgroundService.java:shutdown(148)) - Shutting down service BlockDeletingService
2019-10-08 21:57:04,525 [main] INFO  statemachine.DatanodeStateMachine (DatanodeStateMachine.java:stopDaemon(395)) - Ozone container server stopped.
2019-10-08 21:57:04,526 [main] INFO  handler.ContextHandler (ContextHandler.java:doStop(910)) - Stopped o.e.j.w.WebAppContext@5b202ff{/,null,UNAVAILABLE}{/hddsDatanode}
2019-10-08 21:57:04,527 [main] INFO  server.AbstractConnector (AbstractConnector.java:doStop(318)) - Stopped ServerConnector@58a84a12{HTTP/1.1,[http/1.1]}{0.0.0.0:0}
2019-10-08 21:57:04,527 [main] INFO  handler.ContextHandler (ContextHandler.java:doStop(910)) - Stopped o.e.j.s.ServletContextHandler@c02670f{/static,jar:file:/home/user/.m2/repository/org/apache/hadoop/hadoop-hdds-container-service/0.5.0-SNAPSHOT/hadoop-hdds-container-service-0.5.0-SNAPSHOT.jar!/webapps/static,UNAVAILABLE}
2019-10-08 21:57:04,528 [main] INFO  handler.ContextHandler (ContextHandler.java:doStop(910)) - Stopped o.e.j.s.ServletContextHandler@2ec99035{/logs,file:///workdir/hadoop-ozone/integration-test/target/log,UNAVAILABLE}
2019-10-08 21:57:05,487 [Datanode State Machine Thread - 0] INFO  statemachine.DatanodeStateMachine (DatanodeStateMachine.java:lambda$startDaemon$0(350)) - Ozone container server started.
2019-10-08 21:57:06,906 [grpc-default-executor-2] WARN  server.GrpcLogAppender (LogUtils.java:warn(134)) - 12a1f04c-09b4-4c0f-87a4-bd1bfeb86722@group-98E3FAD48EE3->5fe831c6-d7d2-49de-98c2-18dc53ff8363-AppendLogResponseHandler: Failed appendEntries: org.apache.ratis.thirdparty.io.grpc.StatusRuntimeException: UNAVAILABLE: io exception
2019-10-08 21:57:06,906 [grpc-default-executor-2] INFO  impl.FollowerInfo (FollowerInfo.java:lambda$new$0(51)) - 12a1f04c-09b4-4c0f-87a4-bd1bfeb86722@group-98E3FAD48EE3->5fe831c6-d7d2-49de-98c2-18dc53ff8363: nextIndex: updateUnconditionally 2 -> 1
2019-10-08 21:57:09,415 [grpc-default-executor-1] WARN  server.GrpcLogAppender (LogUtils.java:warn(134)) - 12a1f04c-09b4-4c0f-87a4-bd1bfeb86722@group-98E3FAD48EE3->5fe831c6-d7d2-49de-98c2-18dc53ff8363-AppendLogResponseHandler: Failed appendEntries: org.apache.ratis.thirdparty.io.grpc.StatusRuntimeException: UNAVAILABLE: io exception
2019-10-08 21:57:09,416 [grpc-default-executor-1] INFO  impl.FollowerInfo (FollowerInfo.java:lambda$new$0(51)) - 12a1f04c-09b4-4c0f-87a4-bd1bfeb86722@group-98E3FAD48EE3->5fe831c6-d7d2-49de-98c2-18dc53ff8363: nextIndex: updateUnconditionally 1 -> 0
2019-10-08 21:57:09,530 [main] INFO  ozoneimpl.OzoneContainer (OzoneContainer.java:stop(227)) - Attempting to stop container services.
2019-10-08 21:57:09,530 [main] INFO  impl.RaftServerProxy (RaftServerProxy.java:lambda$close$4(314)) - 9241910e-7215-4b10-8981-67058d2a4474: close
2019-10-08 21:57:09,531 [main] INFO  impl.RaftServerImpl (RaftServerImpl.java:lambda$shutdown$3(247)) - 9241910e-7215-4b10-8981-67058d2a4474@group-98E3FAD48EE3: shutdown
2019-10-08 21:57:09,531 [ForkJoinPool.commonPool-worker-0] INFO  impl.RaftServerImpl (RaftServerImpl.java:lambda$shutdown$3(247)) - 9241910e-7215-4b10-8981-67058d2a4474@group-72E9F3E1A562: shutdown
2019-10-08 21:57:09,532 [main] INFO  util.JmxRegister (JmxRegister.java:unregister(73)) - Successfully un-registered JMX Bean with object name Ratis:service=RaftServer,group=group-98E3FAD48EE3,id=9241910e-7215-4b10-8981-67058d2a4474
2019-10-08 21:57:09,532 [ForkJoinPool.commonPool-worker-0] INFO  util.JmxRegister (JmxRegister.java:unregister(73)) - Successfully un-registered JMX Bean with object name Ratis:service=RaftServer,group=group-72E9F3E1A562,id=9241910e-7215-4b10-8981-67058d2a4474
2019-10-08 21:57:09,532 [main] INFO  impl.RoleInfo (RoleInfo.java:shutdownFollowerState(121)) - 9241910e-7215-4b10-8981-67058d2a4474: shutdown FollowerState
2019-10-08 21:57:09,532 [ForkJoinPool.commonPool-worker-0] INFO  impl.RoleInfo (RoleInfo.java:shutdownLeaderState(104)) - 9241910e-7215-4b10-8981-67058d2a4474: shutdown LeaderState
2019-10-08 21:57:09,533 [main] INFO  impl.StateMachineUpdater (StateMachineUpdater.java:stopAndJoin(136)) - 9241910e-7215-4b10-8981-67058d2a4474@group-98E3FAD48EE3-StateMachineUpdater: set stopIndex = 2
2019-10-08 21:57:09,533 [9241910e-7215-4b10-8981-67058d2a4474@group-98E3FAD48EE3-StateMachineUpdater] INFO  ratis.ContainerStateMachine (ContainerStateMachine.java:takeSnapshot(294)) - group-98E3FAD48EE3: Taking a snapshot at:(t:1, i:1) file /workdir/hadoop-ozone/integration-test/target/test-dir/MiniOzoneClusterImpl-95bdc624-c518-47a7-b47f-3e0594fbda9c/datanode-6/data/ratis/1b05c59c-c9ce-4404-a896-98e3fad48ee3/sm/snapshot.1_1
2019-10-08 21:57:09,533 [ForkJoinPool.commonPool-worker-0] INFO  impl.PendingRequests (PendingRequests.java:sendNotLeaderResponses(202)) - 9241910e-7215-4b10-8981-67058d2a4474@group-72E9F3E1A562-PendingRequests: sendNotLeaderResponses
2019-10-08 21:57:09,533 [Thread-1483] INFO  impl.FollowerState (FollowerState.java:run(117)) - 9241910e-7215-4b10-8981-67058d2a4474@group-98E3FAD48EE3-FollowerState was interrupted: java.lang.InterruptedException: sleep interrupted
2019-10-08 21:57:09,534 [ForkJoinPool.commonPool-worker-0] INFO  impl.StateMachineUpdater (StateMachineUpdater.java:stopAndJoin(136)) - 9241910e-7215-4b10-8981-67058d2a4474@group-72E9F3E1A562-StateMachineUpdater: set stopIndex = 0
2019-10-08 21:57:09,534 [ForkJoinPool.commonPool-worker-0] INFO  impl.RaftServerImpl (ServerState.java:close(387)) - 9241910e-7215-4b10-8981-67058d2a4474@group-72E9F3E1A562: closes. applyIndex: 0
2019-10-08 21:57:09,535 [9241910e-7215-4b10-8981-67058d2a4474@group-72E9F3E1A562-SegmentedRaftLogWorker] INFO  segmented.SegmentedRaftLogWorker (SegmentedRaftLogWorker.java:run(316)) - 9241910e-7215-4b10-8981-67058d2a4474@group-72E9F3E1A562-SegmentedRaftLogWorker was interrupted, exiting. There are 0 tasks remaining in the queue.
2019-10-08 21:57:09,553 [ForkJoinPool.commonPool-worker-0] INFO  segmented.SegmentedRaftLogWorker (SegmentedRaftLogWorker.java:close(224)) - 9241910e-7215-4b10-8981-67058d2a4474@group-72E9F3E1A562-SegmentedRaftLogWorker close()
2019-10-08 21:57:09,555 [9241910e-7215-4b10-8981-67058d2a4474@group-98E3FAD48EE3-StateMachineUpdater] INFO  ratis.ContainerStateMachine (ContainerStateMachine.java:takeSnapshot(305)) - group-98E3FAD48EE3: Finished taking a snapshot at:(t:1, i:1) file:/workdir/hadoop-ozone/integration-test/target/test-dir/MiniOzoneClusterImpl-95bdc624-c518-47a7-b47f-3e0594fbda9c/datanode-6/data/ratis/1b05c59c-c9ce-4404-a896-98e3fad48ee3/sm/snapshot.1_1 time:22
2019-10-08 21:57:09,557 [9241910e-7215-4b10-8981-67058d2a4474@group-98E3FAD48EE3-StateMachineUpdater] INFO  impl.StateMachineUpdater (StateMachineUpdater.java:takeSnapshot(269)) - 9241910e-7215-4b10-8981-67058d2a4474@group-98E3FAD48EE3-StateMachineUpdater: Took a snapshot at index 1
2019-10-08 21:57:09,557 [9241910e-7215-4b10-8981-67058d2a4474@group-98E3FAD48EE3-StateMachineUpdater] INFO  impl.StateMachineUpdater (StateMachineUpdater.java:lambda$new$0(84)) - 9241910e-7215-4b10-8981-67058d2a4474@group-98E3FAD48EE3-StateMachineUpdater: snapshotIndex: updateIncreasingly -1 -> 1
2019-10-08 21:57:09,558 [9241910e-7215-4b10-8981-67058d2a4474@group-98E3FAD48EE3-StateMachineUpdater] INFO  ratis.ContainerStateMachine (ContainerStateMachine.java:takeSnapshot(294)) - group-98E3FAD48EE3: Taking a snapshot at:(t:1, i:1) file /workdir/hadoop-ozone/integration-test/target/test-dir/MiniOzoneClusterImpl-95bdc624-c518-47a7-b47f-3e0594fbda9c/datanode-6/data/ratis/1b05c59c-c9ce-4404-a896-98e3fad48ee3/sm/snapshot.1_1
2019-10-08 21:57:09,561 [9241910e-7215-4b10-8981-67058d2a4474@group-98E3FAD48EE3-StateMachineUpdater] INFO  ratis.ContainerStateMachine (ContainerStateMachine.java:takeSnapshot(305)) - group-98E3FAD48EE3: Finished taking a snapshot at:(t:1, i:1) file:/workdir/hadoop-ozone/integration-test/target/test-dir/MiniOzoneClusterImpl-95bdc624-c518-47a7-b47f-3e0594fbda9c/datanode-6/data/ratis/1b05c59c-c9ce-4404-a896-98e3fad48ee3/sm/snapshot.1_1 time:4
2019-10-08 21:57:09,561 [9241910e-7215-4b10-8981-67058d2a4474@group-98E3FAD48EE3-StateMachineUpdater] INFO  impl.StateMachineUpdater (StateMachineUpdater.java:takeSnapshot(269)) - 9241910e-7215-4b10-8981-67058d2a4474@group-98E3FAD48EE3-StateMachineUpdater: Took a snapshot at index 1
2019-10-08 21:57:09,561 [9241910e-7215-4b10-8981-67058d2a4474@group-98E3FAD48EE3-StateMachineUpdater] INFO  impl.StateMachineUpdater (StateMachineUpdater.java:lambda$new$0(84)) - 9241910e-7215-4b10-8981-67058d2a4474@group-98E3FAD48EE3-StateMachineUpdater: snapshotIndex: updateIncreasingly 1 -> 1
2019-10-08 21:57:09,561 [main] INFO  impl.RaftServerImpl (ServerState.java:close(387)) - 9241910e-7215-4b10-8981-67058d2a4474@group-98E3FAD48EE3: closes. applyIndex: 2
2019-10-08 21:57:09,562 [9241910e-7215-4b10-8981-67058d2a4474@group-98E3FAD48EE3-SegmentedRaftLogWorker] INFO  segmented.SegmentedRaftLogWorker (SegmentedRaftLogWorker.java:run(316)) - 9241910e-7215-4b10-8981-67058d2a4474@group-98E3FAD48EE3-SegmentedRaftLogWorker was interrupted, exiting. There are 0 tasks remaining in the queue.
2019-10-08 21:57:09,564 [main] INFO  segmented.SegmentedRaftLogWorker (SegmentedRaftLogWorker.java:close(224)) - 9241910e-7215-4b10-8981-67058d2a4474@group-98E3FAD48EE3-SegmentedRaftLogWorker close()
2019-10-08 21:57:09,568 [main] INFO  server.GrpcService (GrpcService.java:closeImpl(164)) - 9241910e-7215-4b10-8981-67058d2a4474: shutdown server with port 38431 now
2019-10-08 21:57:09,571 [grpc-default-executor-1] WARN  server.GrpcServerProtocolService (LogUtils.java:warn(134)) - 9241910e-7215-4b10-8981-67058d2a4474: installSnapshot onError, lastRequest: 12a1f04c-09b4-4c0f-87a4-bd1bfeb86722->9241910e-7215-4b10-8981-67058d2a4474#7-t1, previous=(t:1, i:2), leaderCommit=2, initializing? false, entries: <empty>: org.apache.ratis.thirdparty.io.grpc.StatusRuntimeException: CANCELLED: cancelled before receiving half close
2019-10-08 21:57:09,571 [grpc-default-executor-2] WARN  server.GrpcLogAppender (LogUtils.java:warn(134)) - 12a1f04c-09b4-4c0f-87a4-bd1bfeb86722@group-98E3FAD48EE3->9241910e-7215-4b10-8981-67058d2a4474-AppendLogResponseHandler: Failed appendEntries: org.apache.ratis.thirdparty.io.grpc.StatusRuntimeException: CANCELLED: HTTP/2 error code: CANCEL
Received Rst Stream
2019-10-08 21:57:09,571 [main] INFO  server.GrpcService (GrpcService.java:closeImpl(172)) - 9241910e-7215-4b10-8981-67058d2a4474: shutdown server with port 38431 successfully
2019-10-08 21:57:09,572 [grpc-default-executor-2] INFO  impl.FollowerInfo (FollowerInfo.java:lambda$new$0(51)) - 12a1f04c-09b4-4c0f-87a4-bd1bfeb86722@group-98E3FAD48EE3->9241910e-7215-4b10-8981-67058d2a4474: nextIndex: updateUnconditionally 3 -> 2
2019-10-08 21:57:09,574 [refreshUsed-/workdir/hadoop-ozone/integration-test/target/test-dir/MiniOzoneClusterImpl-95bdc624-c518-47a7-b47f-3e0594fbda9c/datanode-6/data/containers] WARN  fs.CachingGetSpaceUsed (CachingGetSpaceUsed.java:run(183)) - Thread Interrupted waiting to refresh disk information: sleep interrupted
2019-10-08 21:57:09,590 [main] INFO  utils.BackgroundService (BackgroundService.java:shutdown(148)) - Shutting down service BlockDeletingService
2019-10-08 21:57:09,599 [main] INFO  statemachine.DatanodeStateMachine (DatanodeStateMachine.java:stopDaemon(395)) - Ozone container server stopped.
2019-10-08 21:57:09,600 [main] INFO  handler.ContextHandler (ContextHandler.java:doStop(910)) - Stopped o.e.j.w.WebAppContext@2d5a1588{/,null,UNAVAILABLE}{/hddsDatanode}
2019-10-08 21:57:09,601 [main] INFO  server.AbstractConnector (AbstractConnector.java:doStop(318)) - Stopped ServerConnector@4f116ca2{HTTP/1.1,[http/1.1]}{0.0.0.0:0}
2019-10-08 21:57:09,601 [main] INFO  handler.ContextHandler (ContextHandler.java:doStop(910)) - Stopped o.e.j.s.ServletContextHandler@78da899f{/static,jar:file:/home/user/.m2/repository/org/apache/hadoop/hadoop-hdds-container-service/0.5.0-SNAPSHOT/hadoop-hdds-container-service-0.5.0-SNAPSHOT.jar!/webapps/static,UNAVAILABLE}
2019-10-08 21:57:09,601 [main] INFO  handler.ContextHandler (ContextHandler.java:doStop(910)) - Stopped o.e.j.s.ServletContextHandler@6be6931f{/logs,file:///workdir/hadoop-ozone/integration-test/target/log,UNAVAILABLE}
2019-10-08 21:57:11,916 [grpc-default-executor-3] WARN  server.GrpcLogAppender (LogUtils.java:warn(134)) - 12a1f04c-09b4-4c0f-87a4-bd1bfeb86722@group-98E3FAD48EE3->9241910e-7215-4b10-8981-67058d2a4474-AppendLogResponseHandler: Failed appendEntries: org.apache.ratis.thirdparty.io.grpc.StatusRuntimeException: UNAVAILABLE: io exception
2019-10-08 21:57:11,916 [grpc-default-executor-2] WARN  server.GrpcLogAppender (LogUtils.java:warn(134)) - 12a1f04c-09b4-4c0f-87a4-bd1bfeb86722@group-98E3FAD48EE3->5fe831c6-d7d2-49de-98c2-18dc53ff8363-AppendLogResponseHandler: Failed appendEntries: org.apache.ratis.thirdparty.io.grpc.StatusRuntimeException: UNAVAILABLE: io exception
2019-10-08 21:57:11,918 [grpc-default-executor-3] INFO  impl.FollowerInfo (FollowerInfo.java:lambda$new$0(51)) - 12a1f04c-09b4-4c0f-87a4-bd1bfeb86722@group-98E3FAD48EE3->9241910e-7215-4b10-8981-67058d2a4474: nextIndex: updateUnconditionally 2 -> 1
2019-10-08 21:57:11,918 [grpc-default-executor-2] INFO  impl.FollowerInfo (FollowerInfo.java:lambda$new$0(51)) - 12a1f04c-09b4-4c0f-87a4-bd1bfeb86722@group-98E3FAD48EE3->5fe831c6-d7d2-49de-98c2-18dc53ff8363: nextIndex: updateUnconditionally 0 -> 0
2019-10-08 21:57:14,422 [grpc-default-executor-3] WARN  server.GrpcLogAppender (LogUtils.java:warn(134)) - 12a1f04c-09b4-4c0f-87a4-bd1bfeb86722@group-98E3FAD48EE3->9241910e-7215-4b10-8981-67058d2a4474-AppendLogResponseHandler: Failed appendEntries: org.apache.ratis.thirdparty.io.grpc.StatusRuntimeException: UNAVAILABLE: io exception
2019-10-08 21:57:14,422 [grpc-default-executor-2] WARN  server.GrpcLogAppender (LogUtils.java:warn(134)) - 12a1f04c-09b4-4c0f-87a4-bd1bfeb86722@group-98E3FAD48EE3->5fe831c6-d7d2-49de-98c2-18dc53ff8363-AppendLogResponseHandler: Failed appendEntries: org.apache.ratis.thirdparty.io.grpc.StatusRuntimeException: UNAVAILABLE: io exception
2019-10-08 21:57:14,423 [grpc-default-executor-3] INFO  impl.FollowerInfo (FollowerInfo.java:lambda$new$0(51)) - 12a1f04c-09b4-4c0f-87a4-bd1bfeb86722@group-98E3FAD48EE3->9241910e-7215-4b10-8981-67058d2a4474: nextIndex: updateUnconditionally 1 -> 0
2019-10-08 21:57:14,423 [grpc-default-executor-2] INFO  impl.FollowerInfo (FollowerInfo.java:lambda$new$0(51)) - 12a1f04c-09b4-4c0f-87a4-bd1bfeb86722@group-98E3FAD48EE3->5fe831c6-d7d2-49de-98c2-18dc53ff8363: nextIndex: updateUnconditionally 0 -> 0
2019-10-08 21:57:16,925 [grpc-default-executor-3] WARN  server.GrpcLogAppender (LogUtils.java:warn(134)) - 12a1f04c-09b4-4c0f-87a4-bd1bfeb86722@group-98E3FAD48EE3->5fe831c6-d7d2-49de-98c2-18dc53ff8363-AppendLogResponseHandler: Failed appendEntries: org.apache.ratis.thirdparty.io.grpc.StatusRuntimeException: UNAVAILABLE: io exception
2019-10-08 21:57:16,925 [grpc-default-executor-2] WARN  server.GrpcLogAppender (LogUtils.java:warn(134)) - 12a1f04c-09b4-4c0f-87a4-bd1bfeb86722@group-98E3FAD48EE3->9241910e-7215-4b10-8981-67058d2a4474-AppendLogResponseHandler: Failed appendEntries: org.apache.ratis.thirdparty.io.grpc.StatusRuntimeException: UNAVAILABLE: io exception
2019-10-08 21:57:16,926 [grpc-default-executor-2] INFO  impl.FollowerInfo (FollowerInfo.java:lambda$new$0(51)) - 12a1f04c-09b4-4c0f-87a4-bd1bfeb86722@group-98E3FAD48EE3->9241910e-7215-4b10-8981-67058d2a4474: nextIndex: updateUnconditionally 0 -> 0
2019-10-08 21:57:16,926 [grpc-default-executor-3] INFO  impl.FollowerInfo (FollowerInfo.java:lambda$new$0(51)) - 12a1f04c-09b4-4c0f-87a4-bd1bfeb86722@group-98E3FAD48EE3->5fe831c6-d7d2-49de-98c2-18dc53ff8363: nextIndex: updateUnconditionally 0 -> 0
2019-10-08 21:57:19,425 [grpc-default-executor-5] WARN  server.GrpcLogAppender (LogUtils.java:warn(134)) - 12a1f04c-09b4-4c0f-87a4-bd1bfeb86722@group-98E3FAD48EE3->9241910e-7215-4b10-8981-67058d2a4474-AppendLogResponseHandler: Failed appendEntries: org.apache.ratis.thirdparty.io.grpc.StatusRuntimeException: UNAVAILABLE: io exception
2019-10-08 21:57:19,425 [grpc-default-executor-7] WARN  server.GrpcLogAppender (LogUtils.java:warn(134)) - 12a1f04c-09b4-4c0f-87a4-bd1bfeb86722@group-98E3FAD48EE3->5fe831c6-d7d2-49de-98c2-18dc53ff8363-AppendLogResponseHandler: Failed appendEntries: org.apache.ratis.thirdparty.io.grpc.StatusRuntimeException: UNAVAILABLE: io exception
2019-10-08 21:57:19,426 [grpc-default-executor-5] INFO  impl.FollowerInfo (FollowerInfo.java:lambda$new$0(51)) - 12a1f04c-09b4-4c0f-87a4-bd1bfeb86722@group-98E3FAD48EE3->9241910e-7215-4b10-8981-67058d2a4474: nextIndex: updateUnconditionally 0 -> 0
2019-10-08 21:57:19,426 [grpc-default-executor-7] INFO  impl.FollowerInfo (FollowerInfo.java:lambda$new$0(51)) - 12a1f04c-09b4-4c0f-87a4-bd1bfeb86722@group-98E3FAD48EE3->5fe831c6-d7d2-49de-98c2-18dc53ff8363: nextIndex: updateUnconditionally 0 -> 0
2019-10-08 21:57:20,058 [Thread-1560] INFO  client.GrpcClientProtocolService (GrpcClientProtocolService.java:lambda$processClientRequest$0(278)) - Failed RaftClientRequest:client-26288ADCA04B->12a1f04c-09b4-4c0f-87a4-bd1bfeb86722@group-98E3FAD48EE3, cid=67, seq=0, Watch-ALL_COMMITTED(11), Message:<EMPTY>, reply=RaftClientReply:client-26288ADCA04B->12a1f04c-09b4-4c0f-87a4-bd1bfeb86722@group-98E3FAD48EE3, cid=67, FAILED org.apache.ratis.protocol.NotReplicatedException: Request with call Id 67 and log index 11 is not yet replicated to ALL_COMMITTED, logIndex=11, commits[12a1f04c-09b4-4c0f-87a4-bd1bfeb86722:c2, 9241910e-7215-4b10-8981-67058d2a4474:c2, 5fe831c6-d7d2-49de-98c2-18dc53ff8363:c2]
2019-10-08 21:57:21,932 [grpc-default-executor-5] WARN  server.GrpcLogAppender (LogUtils.java:warn(134)) - 12a1f04c-09b4-4c0f-87a4-bd1bfeb86722@group-98E3FAD48EE3->5fe831c6-d7d2-49de-98c2-18dc53ff8363-AppendLogResponseHandler: Failed appendEntries: org.apache.ratis.thirdparty.io.grpc.StatusRuntimeException: UNAVAILABLE: io exception
2019-10-08 21:57:21,932 [grpc-default-executor-7] WARN  server.GrpcLogAppender (LogUtils.java:warn(134)) - 12a1f04c-09b4-4c0f-87a4-bd1bfeb86722@group-98E3FAD48EE3->9241910e-7215-4b10-8981-67058d2a4474-AppendLogResponseHandler: Failed appendEntries: org.apache.ratis.thirdparty.io.grpc.StatusRuntimeException: UNAVAILABLE: io exception
2019-10-08 21:57:21,941 [grpc-default-executor-7] INFO  impl.FollowerInfo (FollowerInfo.java:lambda$new$0(51)) - 12a1f04c-09b4-4c0f-87a4-bd1bfeb86722@group-98E3FAD48EE3->9241910e-7215-4b10-8981-67058d2a4474: nextIndex: updateUnconditionally 0 -> 0
2019-10-08 21:57:21,941 [grpc-default-executor-5] INFO  impl.FollowerInfo (FollowerInfo.java:lambda$new$0(51)) - 12a1f04c-09b4-4c0f-87a4-bd1bfeb86722@group-98E3FAD48EE3->5fe831c6-d7d2-49de-98c2-18dc53ff8363: nextIndex: updateUnconditionally 0 -> 0
2019-10-08 21:57:24,437 [grpc-default-executor-7] WARN  server.GrpcLogAppender (LogUtils.java:warn(134)) - 12a1f04c-09b4-4c0f-87a4-bd1bfeb86722@group-98E3FAD48EE3->9241910e-7215-4b10-8981-67058d2a4474-AppendLogResponseHandler: Failed appendEntries: org.apache.ratis.thirdparty.io.grpc.StatusRuntimeException: UNAVAILABLE: io exception
2019-10-08 21:57:24,437 [grpc-default-executor-5] WARN  server.GrpcLogAppender (LogUtils.java:warn(134)) - 12a1f04c-09b4-4c0f-87a4-bd1bfeb86722@group-98E3FAD48EE3->5fe831c6-d7d2-49de-98c2-18dc53ff8363-AppendLogResponseHandler: Failed appendEntries: org.apache.ratis.thirdparty.io.grpc.StatusRuntimeException: UNAVAILABLE: io exception
2019-10-08 21:57:24,439 [grpc-default-executor-7] INFO  impl.FollowerInfo (FollowerInfo.java:lambda$new$0(51)) - 12a1f04c-09b4-4c0f-87a4-bd1bfeb86722@group-98E3FAD48EE3->9241910e-7215-4b10-8981-67058d2a4474: nextIndex: updateUnconditionally 0 -> 0
2019-10-08 21:57:24,439 [grpc-default-executor-5] INFO  impl.FollowerInfo (FollowerInfo.java:lambda$new$0(51)) - 12a1f04c-09b4-4c0f-87a4-bd1bfeb86722@group-98E3FAD48EE3->5fe831c6-d7d2-49de-98c2-18dc53ff8363: nextIndex: updateUnconditionally 0 -> 0
2019-10-08 21:57:26,937 [grpc-default-executor-7] WARN  server.GrpcLogAppender (LogUtils.java:warn(134)) - 12a1f04c-09b4-4c0f-87a4-bd1bfeb86722@group-98E3FAD48EE3->5fe831c6-d7d2-49de-98c2-18dc53ff8363-AppendLogResponseHandler: Failed appendEntries: org.apache.ratis.thirdparty.io.grpc.StatusRuntimeException: UNAVAILABLE: io exception
2019-10-08 21:57:26,937 [grpc-default-executor-5] WARN  server.GrpcLogAppender (LogUtils.java:warn(134)) - 12a1f04c-09b4-4c0f-87a4-bd1bfeb86722@group-98E3FAD48EE3->9241910e-7215-4b10-8981-67058d2a4474-AppendLogResponseHandler: Failed appendEntries: org.apache.ratis.thirdparty.io.grpc.StatusRuntimeException: UNAVAILABLE: io exception
2019-10-08 21:57:26,938 [grpc-default-executor-7] INFO  impl.FollowerInfo (FollowerInfo.java:lambda$new$0(51)) - 12a1f04c-09b4-4c0f-87a4-bd1bfeb86722@group-98E3FAD48EE3->5fe831c6-d7d2-49de-98c2-18dc53ff8363: nextIndex: updateUnconditionally 0 -> 0
2019-10-08 21:57:26,938 [grpc-default-executor-5] INFO  impl.FollowerInfo (FollowerInfo.java:lambda$new$0(51)) - 12a1f04c-09b4-4c0f-87a4-bd1bfeb86722@group-98E3FAD48EE3->9241910e-7215-4b10-8981-67058d2a4474: nextIndex: updateUnconditionally 0 -> 0
2019-10-08 21:57:29,438 [grpc-default-executor-5] WARN  server.GrpcLogAppender (LogUtils.java:warn(134)) - 12a1f04c-09b4-4c0f-87a4-bd1bfeb86722@group-98E3FAD48EE3->5fe831c6-d7d2-49de-98c2-18dc53ff8363-AppendLogResponseHandler: Failed appendEntries: org.apache.ratis.thirdparty.io.grpc.StatusRuntimeException: UNAVAILABLE: io exception
2019-10-08 21:57:29,438 [grpc-default-executor-2] WARN  server.GrpcLogAppender (LogUtils.java:warn(134)) - 12a1f04c-09b4-4c0f-87a4-bd1bfeb86722@group-98E3FAD48EE3->9241910e-7215-4b10-8981-67058d2a4474-AppendLogResponseHandler: Failed appendEntries: org.apache.ratis.thirdparty.io.grpc.StatusRuntimeException: UNAVAILABLE: io exception
2019-10-08 21:57:29,439 [grpc-default-executor-5] INFO  impl.FollowerInfo (FollowerInfo.java:lambda$new$0(51)) - 12a1f04c-09b4-4c0f-87a4-bd1bfeb86722@group-98E3FAD48EE3->5fe831c6-d7d2-49de-98c2-18dc53ff8363: nextIndex: updateUnconditionally 0 -> 0
2019-10-08 21:57:29,439 [grpc-default-executor-2] INFO  impl.FollowerInfo (FollowerInfo.java:lambda$new$0(51)) - 12a1f04c-09b4-4c0f-87a4-bd1bfeb86722@group-98E3FAD48EE3->9241910e-7215-4b10-8981-67058d2a4474: nextIndex: updateUnconditionally 0 -> 0
2019-10-08 21:57:29,605 [main] WARN  scm.XceiverClientRatis (XceiverClientRatis.java:watchForCommit(269)) - 3 way commit failed on pipeline Pipeline[ Id: 1b05c59c-c9ce-4404-a896-98e3fad48ee3, Nodes: 5fe831c6-d7d2-49de-98c2-18dc53ff8363{ip: 192.168.151.107, host: pr-hdds-2217-2kdk4-3258704453, networkLocation: /default-rack, certSerialId: null}9241910e-7215-4b10-8981-67058d2a4474{ip: 192.168.151.107, host: pr-hdds-2217-2kdk4-3258704453, networkLocation: /default-rack, certSerialId: null}12a1f04c-09b4-4c0f-87a4-bd1bfeb86722{ip: 192.168.151.107, host: pr-hdds-2217-2kdk4-3258704453, networkLocation: /default-rack, certSerialId: null}, Type:RATIS, Factor:THREE, State:OPEN]
java.util.concurrent.TimeoutException
	at java.util.concurrent.CompletableFuture.timedGet(CompletableFuture.java:1771)
	at java.util.concurrent.CompletableFuture.get(CompletableFuture.java:1915)
	at org.apache.hadoop.hdds.scm.XceiverClientRatis.watchForCommit(XceiverClientRatis.java:266)
	at org.apache.hadoop.ozone.client.rpc.TestWatchForCommit.testWatchForCommitForRetryfailure(TestWatchForCommit.java:345)
	at sun.reflect.NativeMethodAccessorImpl.invoke0(Native Method)
	at sun.reflect.NativeMethodAccessorImpl.invoke(NativeMethodAccessorImpl.java:62)
	at sun.reflect.DelegatingMethodAccessorImpl.invoke(DelegatingMethodAccessorImpl.java:43)
	at java.lang.reflect.Method.invoke(Method.java:498)
	at org.junit.runners.model.FrameworkMethod$1.runReflectiveCall(FrameworkMethod.java:47)
	at org.junit.internal.runners.model.ReflectiveCallable.run(ReflectiveCallable.java:12)
	at org.junit.runners.model.FrameworkMethod.invokeExplosively(FrameworkMethod.java:44)
	at org.junit.internal.runners.statements.InvokeMethod.evaluate(InvokeMethod.java:17)
	at org.junit.runners.ParentRunner.runLeaf(ParentRunner.java:271)
	at org.junit.runners.BlockJUnit4ClassRunner.runChild(BlockJUnit4ClassRunner.java:70)
	at org.junit.runners.BlockJUnit4ClassRunner.runChild(BlockJUnit4ClassRunner.java:50)
	at org.junit.runners.ParentRunner$3.run(ParentRunner.java:238)
	at org.junit.runners.ParentRunner$1.schedule(ParentRunner.java:63)
	at org.junit.runners.ParentRunner.runChildren(ParentRunner.java:236)
	at org.junit.runners.ParentRunner.access$000(ParentRunner.java:53)
	at org.junit.runners.ParentRunner$2.evaluate(ParentRunner.java:229)
	at org.junit.runners.ParentRunner.run(ParentRunner.java:309)
	at org.apache.maven.surefire.junit4.JUnit4Provider.execute(JUnit4Provider.java:365)
	at org.apache.maven.surefire.junit4.JUnit4Provider.executeWithRerun(JUnit4Provider.java:273)
	at org.apache.maven.surefire.junit4.JUnit4Provider.executeTestSet(JUnit4Provider.java:238)
	at org.apache.maven.surefire.junit4.JUnit4Provider.invoke(JUnit4Provider.java:159)
	at org.apache.maven.surefire.booter.ForkedBooter.invokeProviderInSameClassLoader(ForkedBooter.java:384)
	at org.apache.maven.surefire.booter.ForkedBooter.runSuitesInProcess(ForkedBooter.java:345)
	at org.apache.maven.surefire.booter.ForkedBooter.execute(ForkedBooter.java:126)
	at org.apache.maven.surefire.booter.ForkedBooter.main(ForkedBooter.java:418)
2019-10-08 21:57:30,058 [Thread-1573] INFO  client.GrpcClientProtocolService (GrpcClientProtocolService.java:lambda$processClientRequest$0(278)) - Failed RaftClientRequest:client-26288ADCA04B->12a1f04c-09b4-4c0f-87a4-bd1bfeb86722@group-98E3FAD48EE3, cid=67, seq=0, Watch-ALL_COMMITTED(11), Message:<EMPTY>, reply=RaftClientReply:client-26288ADCA04B->12a1f04c-09b4-4c0f-87a4-bd1bfeb86722@group-98E3FAD48EE3, cid=67, FAILED org.apache.ratis.protocol.NotReplicatedException: Request with call Id 67 and log index 11 is not yet replicated to ALL_COMMITTED, logIndex=11, commits[12a1f04c-09b4-4c0f-87a4-bd1bfeb86722:c2, 9241910e-7215-4b10-8981-67058d2a4474:c2, 5fe831c6-d7d2-49de-98c2-18dc53ff8363:c2]
2019-10-08 21:57:31,944 [grpc-default-executor-2] WARN  server.GrpcLogAppender (LogUtils.java:warn(134)) - 12a1f04c-09b4-4c0f-87a4-bd1bfeb86722@group-98E3FAD48EE3->5fe831c6-d7d2-49de-98c2-18dc53ff8363-AppendLogResponseHandler: Failed appendEntries: org.apache.ratis.thirdparty.io.grpc.StatusRuntimeException: UNAVAILABLE: io exception
2019-10-08 21:57:31,944 [grpc-default-executor-5] WARN  server.GrpcLogAppender (LogUtils.java:warn(134)) - 12a1f04c-09b4-4c0f-87a4-bd1bfeb86722@group-98E3FAD48EE3->9241910e-7215-4b10-8981-67058d2a4474-AppendLogResponseHandler: Failed appendEntries: org.apache.ratis.thirdparty.io.grpc.StatusRuntimeException: UNAVAILABLE: io exception
2019-10-08 21:57:31,955 [grpc-default-executor-2] INFO  impl.FollowerInfo (FollowerInfo.java:lambda$new$0(51)) - 12a1f04c-09b4-4c0f-87a4-bd1bfeb86722@group-98E3FAD48EE3->5fe831c6-d7d2-49de-98c2-18dc53ff8363: nextIndex: updateUnconditionally 0 -> 0
2019-10-08 21:57:31,955 [grpc-default-executor-5] INFO  impl.FollowerInfo (FollowerInfo.java:lambda$new$0(51)) - 12a1f04c-09b4-4c0f-87a4-bd1bfeb86722@group-98E3FAD48EE3->9241910e-7215-4b10-8981-67058d2a4474: nextIndex: updateUnconditionally 0 -> 0
2019-10-08 21:57:34,446 [grpc-default-executor-5] WARN  server.GrpcLogAppender (LogUtils.java:warn(134)) - 12a1f04c-09b4-4c0f-87a4-bd1bfeb86722@group-98E3FAD48EE3->5fe831c6-d7d2-49de-98c2-18dc53ff8363-AppendLogResponseHandler: Failed appendEntries: org.apache.ratis.thirdparty.io.grpc.StatusRuntimeException: UNAVAILABLE: io exception
2019-10-08 21:57:34,446 [grpc-default-executor-1] WARN  server.GrpcLogAppender (LogUtils.java:warn(134)) - 12a1f04c-09b4-4c0f-87a4-bd1bfeb86722@group-98E3FAD48EE3->9241910e-7215-4b10-8981-67058d2a4474-AppendLogResponseHandler: Failed appendEntries: org.apache.ratis.thirdparty.io.grpc.StatusRuntimeException: UNAVAILABLE: io exception
2019-10-08 21:57:34,447 [grpc-default-executor-1] INFO  impl.FollowerInfo (FollowerInfo.java:lambda$new$0(51)) - 12a1f04c-09b4-4c0f-87a4-bd1bfeb86722@group-98E3FAD48EE3->9241910e-7215-4b10-8981-67058d2a4474: nextIndex: updateUnconditionally 0 -> 0
2019-10-08 21:57:34,447 [grpc-default-executor-5] INFO  impl.FollowerInfo (FollowerInfo.java:lambda$new$0(51)) - 12a1f04c-09b4-4c0f-87a4-bd1bfeb86722@group-98E3FAD48EE3->5fe831c6-d7d2-49de-98c2-18dc53ff8363: nextIndex: updateUnconditionally 0 -> 0
2019-10-08 21:57:36,950 [grpc-default-executor-5] WARN  server.GrpcLogAppender (LogUtils.java:warn(134)) - 12a1f04c-09b4-4c0f-87a4-bd1bfeb86722@group-98E3FAD48EE3->5fe831c6-d7d2-49de-98c2-18dc53ff8363-AppendLogResponseHandler: Failed appendEntries: org.apache.ratis.thirdparty.io.grpc.StatusRuntimeException: UNAVAILABLE: io exception
2019-10-08 21:57:36,950 [grpc-default-executor-1] WARN  server.GrpcLogAppender (LogUtils.java:warn(134)) - 12a1f04c-09b4-4c0f-87a4-bd1bfeb86722@group-98E3FAD48EE3->9241910e-7215-4b10-8981-67058d2a4474-AppendLogResponseHandler: Failed appendEntries: org.apache.ratis.thirdparty.io.grpc.StatusRuntimeException: UNAVAILABLE: io exception
2019-10-08 21:57:36,951 [grpc-default-executor-1] INFO  impl.FollowerInfo (FollowerInfo.java:lambda$new$0(51)) - 12a1f04c-09b4-4c0f-87a4-bd1bfeb86722@group-98E3FAD48EE3->9241910e-7215-4b10-8981-67058d2a4474: nextIndex: updateUnconditionally 0 -> 0
2019-10-08 21:57:36,951 [grpc-default-executor-5] INFO  impl.FollowerInfo (FollowerInfo.java:lambda$new$0(51)) - 12a1f04c-09b4-4c0f-87a4-bd1bfeb86722@group-98E3FAD48EE3->5fe831c6-d7d2-49de-98c2-18dc53ff8363: nextIndex: updateUnconditionally 0 -> 0
2019-10-08 21:57:39,449 [grpc-default-executor-5] WARN  server.GrpcLogAppender (LogUtils.java:warn(134)) - 12a1f04c-09b4-4c0f-87a4-bd1bfeb86722@group-98E3FAD48EE3->5fe831c6-d7d2-49de-98c2-18dc53ff8363-AppendLogResponseHandler: Failed appendEntries: org.apache.ratis.thirdparty.io.grpc.StatusRuntimeException: UNAVAILABLE: io exception
2019-10-08 21:57:39,449 [grpc-default-executor-1] WARN  server.GrpcLogAppender (LogUtils.java:warn(134)) - 12a1f04c-09b4-4c0f-87a4-bd1bfeb86722@group-98E3FAD48EE3->9241910e-7215-4b10-8981-67058d2a4474-AppendLogResponseHandler: Failed appendEntries: org.apache.ratis.thirdparty.io.grpc.StatusRuntimeException: UNAVAILABLE: io exception
2019-10-08 21:57:39,450 [grpc-default-executor-5] INFO  impl.FollowerInfo (FollowerInfo.java:lambda$new$0(51)) - 12a1f04c-09b4-4c0f-87a4-bd1bfeb86722@group-98E3FAD48EE3->5fe831c6-d7d2-49de-98c2-18dc53ff8363: nextIndex: updateUnconditionally 0 -> 0
2019-10-08 21:57:39,450 [grpc-default-executor-1] INFO  impl.FollowerInfo (FollowerInfo.java:lambda$new$0(51)) - 12a1f04c-09b4-4c0f-87a4-bd1bfeb86722@group-98E3FAD48EE3->9241910e-7215-4b10-8981-67058d2a4474: nextIndex: updateUnconditionally 0 -> 0
2019-10-08 21:57:40,056 [Thread-1591] INFO  client.GrpcClientProtocolService (GrpcClientProtocolService.java:lambda$processClientRequest$0(278)) - Failed RaftClientRequest:client-26288ADCA04B->12a1f04c-09b4-4c0f-87a4-bd1bfeb86722@group-98E3FAD48EE3, cid=68, seq=0, Watch-MAJORITY_COMMITTED(11), Message:<EMPTY>, reply=RaftClientReply:client-26288ADCA04B->12a1f04c-09b4-4c0f-87a4-bd1bfeb86722@group-98E3FAD48EE3, cid=68, FAILED org.apache.ratis.protocol.NotReplicatedException: Request with call Id 68 and log index 11 is not yet replicated to MAJORITY_COMMITTED, logIndex=11, commits[12a1f04c-09b4-4c0f-87a4-bd1bfeb86722:c2, 9241910e-7215-4b10-8981-67058d2a4474:c2, 5fe831c6-d7d2-49de-98c2-18dc53ff8363:c2]
2019-10-08 21:57:40,056 [Thread-1590] INFO  client.GrpcClientProtocolService (GrpcClientProtocolService.java:lambda$processClientRequest$0(278)) - Failed RaftClientRequest:client-26288ADCA04B->12a1f04c-09b4-4c0f-87a4-bd1bfeb86722@group-98E3FAD48EE3, cid=67, seq=0, Watch-ALL_COMMITTED(11), Message:<EMPTY>, reply=RaftClientReply:client-26288ADCA04B->12a1f04c-09b4-4c0f-87a4-bd1bfeb86722@group-98E3FAD48EE3, cid=67, FAILED org.apache.ratis.protocol.NotReplicatedException: Request with call Id 67 and log index 11 is not yet replicated to ALL_COMMITTED, logIndex=11, commits[12a1f04c-09b4-4c0f-87a4-bd1bfeb86722:c2, 9241910e-7215-4b10-8981-67058d2a4474:c2, 5fe831c6-d7d2-49de-98c2-18dc53ff8363:c2]
2019-10-08 21:57:41,950 [grpc-default-executor-2] WARN  server.GrpcLogAppender (LogUtils.java:warn(134)) - 12a1f04c-09b4-4c0f-87a4-bd1bfeb86722@group-98E3FAD48EE3->5fe831c6-d7d2-49de-98c2-18dc53ff8363-AppendLogResponseHandler: Failed appendEntries: org.apache.ratis.thirdparty.io.grpc.StatusRuntimeException: UNAVAILABLE: io exception
2019-10-08 21:57:41,950 [grpc-default-executor-5] WARN  server.GrpcLogAppender (LogUtils.java:warn(134)) - 12a1f04c-09b4-4c0f-87a4-bd1bfeb86722@group-98E3FAD48EE3->9241910e-7215-4b10-8981-67058d2a4474-AppendLogResponseHandler: Failed appendEntries: org.apache.ratis.thirdparty.io.grpc.StatusRuntimeException: UNAVAILABLE: io exception
2019-10-08 21:57:41,959 [grpc-default-executor-5] INFO  impl.FollowerInfo (FollowerInfo.java:lambda$new$0(51)) - 12a1f04c-09b4-4c0f-87a4-bd1bfeb86722@group-98E3FAD48EE3->9241910e-7215-4b10-8981-67058d2a4474: nextIndex: updateUnconditionally 0 -> 0
2019-10-08 21:57:41,959 [grpc-default-executor-2] INFO  impl.FollowerInfo (FollowerInfo.java:lambda$new$0(51)) - 12a1f04c-09b4-4c0f-87a4-bd1bfeb86722@group-98E3FAD48EE3->5fe831c6-d7d2-49de-98c2-18dc53ff8363: nextIndex: updateUnconditionally 0 -> 0
2019-10-08 21:57:44,452 [grpc-default-executor-5] WARN  server.GrpcLogAppender (LogUtils.java:warn(134)) - 12a1f04c-09b4-4c0f-87a4-bd1bfeb86722@group-98E3FAD48EE3->5fe831c6-d7d2-49de-98c2-18dc53ff8363-AppendLogResponseHandler: Failed appendEntries: org.apache.ratis.thirdparty.io.grpc.StatusRuntimeException: UNAVAILABLE: io exception
2019-10-08 21:57:44,452 [grpc-default-executor-2] WARN  server.GrpcLogAppender (LogUtils.java:warn(134)) - 12a1f04c-09b4-4c0f-87a4-bd1bfeb86722@group-98E3FAD48EE3->9241910e-7215-4b10-8981-67058d2a4474-AppendLogResponseHandler: Failed appendEntries: org.apache.ratis.thirdparty.io.grpc.StatusRuntimeException: UNAVAILABLE: io exception
2019-10-08 21:57:44,453 [grpc-default-executor-5] INFO  impl.FollowerInfo (FollowerInfo.java:lambda$new$0(51)) - 12a1f04c-09b4-4c0f-87a4-bd1bfeb86722@group-98E3FAD48EE3->5fe831c6-d7d2-49de-98c2-18dc53ff8363: nextIndex: updateUnconditionally 0 -> 0
2019-10-08 21:57:44,453 [grpc-default-executor-2] INFO  impl.FollowerInfo (FollowerInfo.java:lambda$new$0(51)) - 12a1f04c-09b4-4c0f-87a4-bd1bfeb86722@group-98E3FAD48EE3->9241910e-7215-4b10-8981-67058d2a4474: nextIndex: updateUnconditionally 0 -> 0
2019-10-08 21:57:46,954 [grpc-default-executor-5] WARN  server.GrpcLogAppender (LogUtils.java:warn(134)) - 12a1f04c-09b4-4c0f-87a4-bd1bfeb86722@group-98E3FAD48EE3->5fe831c6-d7d2-49de-98c2-18dc53ff8363-AppendLogResponseHandler: Failed appendEntries: org.apache.ratis.thirdparty.io.grpc.StatusRuntimeException: UNAVAILABLE: io exception
2019-10-08 21:57:46,954 [grpc-default-executor-2] WARN  server.GrpcLogAppender (LogUtils.java:warn(134)) - 12a1f04c-09b4-4c0f-87a4-bd1bfeb86722@group-98E3FAD48EE3->9241910e-7215-4b10-8981-67058d2a4474-AppendLogResponseHandler: Failed appendEntries: org.apache.ratis.thirdparty.io.grpc.StatusRuntimeException: UNAVAILABLE: io exception
2019-10-08 21:57:46,955 [grpc-default-executor-2] INFO  impl.FollowerInfo (FollowerInfo.java:lambda$new$0(51)) - 12a1f04c-09b4-4c0f-87a4-bd1bfeb86722@group-98E3FAD48EE3->9241910e-7215-4b10-8981-67058d2a4474: nextIndex: updateUnconditionally 0 -> 0
2019-10-08 21:57:46,955 [grpc-default-executor-5] INFO  impl.FollowerInfo (FollowerInfo.java:lambda$new$0(51)) - 12a1f04c-09b4-4c0f-87a4-bd1bfeb86722@group-98E3FAD48EE3->5fe831c6-d7d2-49de-98c2-18dc53ff8363: nextIndex: updateUnconditionally 0 -> 0
2019-10-08 21:57:49,457 [grpc-default-executor-5] WARN  server.GrpcLogAppender (LogUtils.java:warn(134)) - 12a1f04c-09b4-4c0f-87a4-bd1bfeb86722@group-98E3FAD48EE3->5fe831c6-d7d2-49de-98c2-18dc53ff8363-AppendLogResponseHandler: Failed appendEntries: org.apache.ratis.thirdparty.io.grpc.StatusRuntimeException: UNAVAILABLE: io exception
2019-10-08 21:57:49,457 [grpc-default-executor-2] WARN  server.GrpcLogAppender (LogUtils.java:warn(134)) - 12a1f04c-09b4-4c0f-87a4-bd1bfeb86722@group-98E3FAD48EE3->9241910e-7215-4b10-8981-67058d2a4474-AppendLogResponseHandler: Failed appendEntries: org.apache.ratis.thirdparty.io.grpc.StatusRuntimeException: UNAVAILABLE: io exception
2019-10-08 21:57:49,458 [grpc-default-executor-5] INFO  impl.FollowerInfo (FollowerInfo.java:lambda$new$0(51)) - 12a1f04c-09b4-4c0f-87a4-bd1bfeb86722@group-98E3FAD48EE3->5fe831c6-d7d2-49de-98c2-18dc53ff8363: nextIndex: updateUnconditionally 0 -> 0
2019-10-08 21:57:49,458 [grpc-default-executor-2] INFO  impl.FollowerInfo (FollowerInfo.java:lambda$new$0(51)) - 12a1f04c-09b4-4c0f-87a4-bd1bfeb86722@group-98E3FAD48EE3->9241910e-7215-4b10-8981-67058d2a4474: nextIndex: updateUnconditionally 0 -> 0
]]></system-out>
    <system-err><![CDATA[Oct 08, 2019 9:57:04 PM org.apache.ratis.thirdparty.io.grpc.internal.SerializingExecutor run
SEVERE: Exception while executing runnable org.apache.ratis.thirdparty.io.grpc.internal.ServerImpl$JumpToApplicationThreadServerStreamListener$1Closed@7f685871
org.apache.ratis.thirdparty.io.grpc.StatusRuntimeException: CANCELLED: call already cancelled
	at org.apache.ratis.thirdparty.io.grpc.Status.asRuntimeException(Status.java:517)
	at org.apache.ratis.thirdparty.io.grpc.stub.ServerCalls$ServerCallStreamObserverImpl.onCompleted(ServerCalls.java:356)
	at org.apache.ratis.grpc.server.GrpcServerProtocolService$ServerRequestStreamObserver.onError(GrpcServerProtocolService.java:121)
	at org.apache.ratis.thirdparty.io.grpc.stub.ServerCalls$StreamingServerCallHandler$StreamingServerCallListener.onCancel(ServerCalls.java:269)
	at org.apache.ratis.thirdparty.io.grpc.internal.ServerCallImpl$ServerStreamListenerImpl.closed(ServerCallImpl.java:293)
	at org.apache.ratis.thirdparty.io.grpc.internal.ServerImpl$JumpToApplicationThreadServerStreamListener$1Closed.runInContext(ServerImpl.java:741)
	at org.apache.ratis.thirdparty.io.grpc.internal.ContextRunnable.run(ContextRunnable.java:37)
	at org.apache.ratis.thirdparty.io.grpc.internal.SerializingExecutor.run(SerializingExecutor.java:123)
	at java.util.concurrent.ThreadPoolExecutor.runWorker(ThreadPoolExecutor.java:1149)
	at java.util.concurrent.ThreadPoolExecutor$Worker.run(ThreadPoolExecutor.java:624)
	at java.lang.Thread.run(Thread.java:748)

Oct 08, 2019 9:57:09 PM org.apache.ratis.thirdparty.io.grpc.internal.SerializingExecutor run
SEVERE: Exception while executing runnable org.apache.ratis.thirdparty.io.grpc.internal.ServerImpl$JumpToApplicationThreadServerStreamListener$1Closed@4a69051e
org.apache.ratis.thirdparty.io.grpc.StatusRuntimeException: CANCELLED: call already cancelled
	at org.apache.ratis.thirdparty.io.grpc.Status.asRuntimeException(Status.java:517)
	at org.apache.ratis.thirdparty.io.grpc.stub.ServerCalls$ServerCallStreamObserverImpl.onCompleted(ServerCalls.java:356)
	at org.apache.ratis.grpc.server.GrpcServerProtocolService$ServerRequestStreamObserver.onError(GrpcServerProtocolService.java:121)
	at org.apache.ratis.thirdparty.io.grpc.stub.ServerCalls$StreamingServerCallHandler$StreamingServerCallListener.onCancel(ServerCalls.java:269)
	at org.apache.ratis.thirdparty.io.grpc.internal.ServerCallImpl$ServerStreamListenerImpl.closed(ServerCallImpl.java:293)
	at org.apache.ratis.thirdparty.io.grpc.internal.ServerImpl$JumpToApplicationThreadServerStreamListener$1Closed.runInContext(ServerImpl.java:741)
	at org.apache.ratis.thirdparty.io.grpc.internal.ContextRunnable.run(ContextRunnable.java:37)
	at org.apache.ratis.thirdparty.io.grpc.internal.SerializingExecutor.run(SerializingExecutor.java:123)
	at java.util.concurrent.ThreadPoolExecutor.runWorker(ThreadPoolExecutor.java:1149)
	at java.util.concurrent.ThreadPoolExecutor$Worker.run(ThreadPoolExecutor.java:624)
	at java.lang.Thread.run(Thread.java:748)

]]></system-err>
  </testcase>
  <testcase name="testWatchForCommitForGroupMismatchException" classname="org.apache.hadoop.ozone.client.rpc.TestWatchForCommit" time="37.884"/>
  <testcase name="test2WayCommitForTimeoutException" classname="org.apache.hadoop.ozone.client.rpc.TestWatchForCommit" time="22.901">
    <error type="java.util.concurrent.TimeoutException">java.util.concurrent.TimeoutException
	at java.util.concurrent.CompletableFuture.timedGet(CompletableFuture.java:1771)
	at java.util.concurrent.CompletableFuture.get(CompletableFuture.java:1915)
	at org.apache.hadoop.hdds.scm.XceiverClientRatis.watchForCommit(XceiverClientRatis.java:275)
	at org.apache.hadoop.ozone.client.rpc.TestWatchForCommit.test2WayCommitForTimeoutException(TestWatchForCommit.java:391)
	at sun.reflect.NativeMethodAccessorImpl.invoke0(Native Method)
	at sun.reflect.NativeMethodAccessorImpl.invoke(NativeMethodAccessorImpl.java:62)
	at sun.reflect.DelegatingMethodAccessorImpl.invoke(DelegatingMethodAccessorImpl.java:43)
	at java.lang.reflect.Method.invoke(Method.java:498)
	at org.junit.runners.model.FrameworkMethod$1.runReflectiveCall(FrameworkMethod.java:47)
	at org.junit.internal.runners.model.ReflectiveCallable.run(ReflectiveCallable.java:12)
	at org.junit.runners.model.FrameworkMethod.invokeExplosively(FrameworkMethod.java:44)
	at org.junit.internal.runners.statements.InvokeMethod.evaluate(InvokeMethod.java:17)
	at org.junit.runners.ParentRunner.runLeaf(ParentRunner.java:271)
	at org.junit.runners.BlockJUnit4ClassRunner.runChild(BlockJUnit4ClassRunner.java:70)
	at org.junit.runners.BlockJUnit4ClassRunner.runChild(BlockJUnit4ClassRunner.java:50)
	at org.junit.runners.ParentRunner$3.run(ParentRunner.java:238)
	at org.junit.runners.ParentRunner$1.schedule(ParentRunner.java:63)
	at org.junit.runners.ParentRunner.runChildren(ParentRunner.java:236)
	at org.junit.runners.ParentRunner.access$000(ParentRunner.java:53)
	at org.junit.runners.ParentRunner$2.evaluate(ParentRunner.java:229)
	at org.junit.runners.ParentRunner.run(ParentRunner.java:309)
	at org.apache.maven.surefire.junit4.JUnit4Provider.execute(JUnit4Provider.java:365)
	at org.apache.maven.surefire.junit4.JUnit4Provider.executeWithRerun(JUnit4Provider.java:273)
	at org.apache.maven.surefire.junit4.JUnit4Provider.executeTestSet(JUnit4Provider.java:238)
	at org.apache.maven.surefire.junit4.JUnit4Provider.invoke(JUnit4Provider.java:159)
	at org.apache.maven.surefire.booter.ForkedBooter.invokeProviderInSameClassLoader(ForkedBooter.java:384)
	at org.apache.maven.surefire.booter.ForkedBooter.runSuitesInProcess(ForkedBooter.java:345)
	at org.apache.maven.surefire.booter.ForkedBooter.execute(ForkedBooter.java:126)
	at org.apache.maven.surefire.booter.ForkedBooter.main(ForkedBooter.java:418)
</error>
    <system-out><![CDATA[2019-10-08 21:58:27,523 [main] WARN  server.ServerUtils (ServerUtils.java:getScmDbDir(145)) - ozone.scm.db.dirs is not configured. We recommend adding this setting. Falling back to ozone.metadata.dirs instead.
2019-10-08 21:58:27,536 [main] WARN  server.ServerUtils (ServerUtils.java:getScmDbDir(145)) - ozone.scm.db.dirs is not configured. We recommend adding this setting. Falling back to ozone.metadata.dirs instead.
2019-10-08 21:58:27,537 [main] WARN  server.ServerUtils (ServerUtils.java:getScmDbDir(145)) - ozone.scm.db.dirs is not configured. We recommend adding this setting. Falling back to ozone.metadata.dirs instead.
2019-10-08 21:58:27,537 [main] INFO  db.DBStoreBuilder (DBStoreBuilder.java:addTable(117)) - using custom profile for table: deletedBlocks
2019-10-08 21:58:27,537 [main] INFO  db.DBStoreBuilder (DBStoreBuilder.java:processTables(168)) - Using default column profile:DBProfile.DISK for Table:deletedBlocks
2019-10-08 21:58:27,537 [main] INFO  db.DBStoreBuilder (DBStoreBuilder.java:addTable(117)) - using custom profile for table: validCerts
2019-10-08 21:58:27,538 [main] INFO  db.DBStoreBuilder (DBStoreBuilder.java:processTables(168)) - Using default column profile:DBProfile.DISK for Table:validCerts
2019-10-08 21:58:27,538 [main] INFO  db.DBStoreBuilder (DBStoreBuilder.java:addTable(117)) - using custom profile for table: revokedCerts
2019-10-08 21:58:27,538 [main] INFO  db.DBStoreBuilder (DBStoreBuilder.java:processTables(168)) - Using default column profile:DBProfile.DISK for Table:revokedCerts
2019-10-08 21:58:27,538 [main] INFO  db.DBStoreBuilder (DBStoreBuilder.java:addTable(117)) - using custom profile for table: default
2019-10-08 21:58:27,538 [main] INFO  db.DBStoreBuilder (DBStoreBuilder.java:processTables(174)) - Using default column profile:DBProfile.DISK for Table:default
2019-10-08 21:58:27,538 [main] INFO  db.DBStoreBuilder (DBStoreBuilder.java:getDbProfile(205)) - Using default options. DBProfile.DISK
2019-10-08 21:58:27,606 [main] INFO  net.NodeSchemaLoader (NodeSchemaLoader.java:loadSchemaFromFile(125)) - Loading file from sun.misc.CompoundEnumeration@74ba6ff5
2019-10-08 21:58:27,606 [main] INFO  net.NodeSchemaLoader (NodeSchemaLoader.java:loadSchema(171)) - Loading network topology layer schema file
2019-10-08 21:58:27,610 [main] WARN  server.ServerUtils (ServerUtils.java:sanitizeUserArgs(70)) - ozone.scm.stale.node.interval value = 300000 is larger than max = 100000 based on the key value of ozone.scm.heartbeat.thread.interval, reset to the max value 100000.
2019-10-08 21:58:27,610 [main] WARN  server.ServerUtils (ServerUtils.java:sanitizeUserArgs(70)) - ozone.scm.stale.node.interval value = 300000 is larger than max = 100000 based on the key value of ozone.scm.heartbeat.thread.interval, reset to the max value 100000.
2019-10-08 21:58:27,610 [main] INFO  node.SCMNodeManager (SCMNodeManager.java:<init>(116)) - Entering startup safe mode.
2019-10-08 21:58:27,610 [main] INFO  algorithms.ContainerPlacementPolicyFactory (ContainerPlacementPolicyFactory.java:getPolicy(57)) - Create container placement policy of type org.apache.hadoop.hdds.scm.container.placement.algorithms.SCMContainerPlacementRandom
2019-10-08 21:58:27,611 [main] WARN  server.ServerUtils (ServerUtils.java:getScmDbDir(145)) - ozone.scm.db.dirs is not configured. We recommend adding this setting. Falling back to ozone.metadata.dirs instead.
2019-10-08 21:58:27,654 [main] INFO  pipeline.SCMPipelineManager (SCMPipelineManager.java:initializePipelineState(132)) - No pipeline exists in current db
2019-10-08 21:58:27,654 [main] WARN  server.ServerUtils (ServerUtils.java:getScmDbDir(145)) - ozone.scm.db.dirs is not configured. We recommend adding this setting. Falling back to ozone.metadata.dirs instead.
2019-10-08 21:58:27,717 [main] WARN  events.EventQueue (EventQueue.java:fireEvent(183)) - No event handler registered for event TypedEvent{payloadType=SafeModeStatus, name='SafeModeStatus'}
2019-10-08 21:58:27,718 [main] INFO  ipc.CallQueueManager (CallQueueManager.java:<init>(84)) - Using callQueue: class java.util.concurrent.LinkedBlockingQueue, queueCapacity: 2000, scheduler: class org.apache.hadoop.ipc.DefaultRpcScheduler, ipcBackoff: false.
2019-10-08 21:58:27,719 [Socket Reader #1 for port 34765] INFO  ipc.Server (Server.java:run(1074)) - Starting Socket Reader #1 for port 34765
2019-10-08 21:58:27,723 [main] INFO  ipc.CallQueueManager (CallQueueManager.java:<init>(84)) - Using callQueue: class java.util.concurrent.LinkedBlockingQueue, queueCapacity: 2000, scheduler: class org.apache.hadoop.ipc.DefaultRpcScheduler, ipcBackoff: false.
2019-10-08 21:58:27,724 [Socket Reader #1 for port 34831] INFO  ipc.Server (Server.java:run(1074)) - Starting Socket Reader #1 for port 34831
2019-10-08 21:58:27,727 [main] INFO  ipc.CallQueueManager (CallQueueManager.java:<init>(84)) - Using callQueue: class java.util.concurrent.LinkedBlockingQueue, queueCapacity: 2000, scheduler: class org.apache.hadoop.ipc.DefaultRpcScheduler, ipcBackoff: false.
2019-10-08 21:58:27,728 [Socket Reader #1 for port 33593] INFO  ipc.Server (Server.java:run(1074)) - Starting Socket Reader #1 for port 33593
2019-10-08 21:58:27,732 [main] INFO  hdfs.DFSUtil (DFSUtil.java:httpServerTemplateForNNAndJN(1641)) - Starting Web-server for scm at: http://0.0.0.0:0
2019-10-08 21:58:27,735 [main] INFO  server.AuthenticationFilter (AuthenticationFilter.java:constructSecretProvider(240)) - Unable to initialize FileSignerSecretProvider, falling back to use random secrets.
2019-10-08 21:58:27,736 [main] WARN  http.HttpRequestLog (HttpRequestLog.java:getRequestLog(97)) - Jetty request log can only be enabled using Log4j
2019-10-08 21:58:27,739 [main] INFO  http.HttpServer2 (HttpServer2.java:addGlobalFilter(975)) - Added global filter 'safety' (class=org.apache.hadoop.http.HttpServer2$QuotingInputFilter)
2019-10-08 21:58:27,740 [main] INFO  http.HttpServer2 (HttpServer2.java:addFilter(948)) - Added filter static_user_filter (class=org.apache.hadoop.http.lib.StaticUserWebFilter$StaticUserFilter) to context scm
2019-10-08 21:58:27,740 [main] INFO  http.HttpServer2 (HttpServer2.java:addFilter(958)) - Added filter static_user_filter (class=org.apache.hadoop.http.lib.StaticUserWebFilter$StaticUserFilter) to context static
2019-10-08 21:58:27,741 [main] INFO  http.HttpServer2 (HttpServer2.java:addFilter(958)) - Added filter static_user_filter (class=org.apache.hadoop.http.lib.StaticUserWebFilter$StaticUserFilter) to context logs
2019-10-08 21:58:27,744 [main] INFO  server.StorageContainerManager (StorageContainerManager.java:start(770)) - StorageContainerLocationProtocol RPC server is listening at /0.0.0.0:33593
2019-10-08 21:58:27,748 [main] WARN  impl.MetricsConfig (MetricsConfig.java:loadFirst(134)) - Cannot locate configuration: tried hadoop-metrics2-storagecontainermanager.properties,hadoop-metrics2.properties
2019-10-08 21:58:27,749 [main] INFO  impl.MetricsSystemImpl (MetricsSystemImpl.java:startTimer(374)) - Scheduled Metric snapshot period at 10 second(s).
2019-10-08 21:58:27,749 [main] INFO  impl.MetricsSystemImpl (MetricsSystemImpl.java:start(191)) - StorageContainerManager metrics system started
2019-10-08 21:58:28,054 [main] WARN  impl.MetricsSystemImpl (MetricsSystemImpl.java:register(276)) - Sink prometheus already exists!
2019-10-08 21:58:28,313 [main] INFO  server.SCMClientProtocolServer (SCMClientProtocolServer.java:start(159)) - RPC server for Client  is listening at /0.0.0.0:33593
2019-10-08 21:58:28,313 [IPC Server Responder] INFO  ipc.Server (Server.java:run(1314)) - IPC Server Responder: starting
2019-10-08 21:58:28,313 [IPC Server listener on 33593] INFO  ipc.Server (Server.java:run(1153)) - IPC Server listener on 33593: starting
2019-10-08 21:58:28,324 [main] INFO  server.StorageContainerManager (StorageContainerManager.java:start(780)) - ScmBlockLocationProtocol RPC server is listening at /0.0.0.0:34831
2019-10-08 21:58:28,325 [main] INFO  server.SCMBlockProtocolServer (SCMBlockProtocolServer.java:start(146)) - RPC server for Block Protocol is listening at /0.0.0.0:34831
2019-10-08 21:58:28,325 [IPC Server Responder] INFO  ipc.Server (Server.java:run(1314)) - IPC Server Responder: starting
2019-10-08 21:58:28,327 [IPC Server listener on 34831] INFO  ipc.Server (Server.java:run(1153)) - IPC Server listener on 34831: starting
2019-10-08 21:58:28,342 [main] INFO  server.StorageContainerManager (StorageContainerManager.java:start(784)) - ScmDatanodeProtocl RPC server is listening at /0.0.0.0:34765
2019-10-08 21:58:28,342 [main] INFO  server.SCMDatanodeProtocolServer (SCMDatanodeProtocolServer.java:start(169)) - RPC server for DataNodes is listening at /0.0.0.0:34765
2019-10-08 21:58:28,343 [IPC Server Responder] INFO  ipc.Server (Server.java:run(1314)) - IPC Server Responder: starting
2019-10-08 21:58:28,345 [IPC Server listener on 34765] INFO  ipc.Server (Server.java:run(1153)) - IPC Server listener on 34765: starting
2019-10-08 21:58:28,349 [main] INFO  http.HttpServer2 (HttpServer2.java:bindListener(1191)) - Jetty bound to port 44360
2019-10-08 21:58:28,350 [main] INFO  server.Server (Server.java:doStart(351)) - jetty-9.3.25.v20180904, build timestamp: 2018-09-04T21:11:46Z, git hash: 3ce520221d0240229c862b122d2b06c12a625732
2019-10-08 21:58:28,351 [main] INFO  handler.ContextHandler (ContextHandler.java:doStart(781)) - Started o.e.j.s.ServletContextHandler@5e85c21b{/logs,file:///workdir/hadoop-ozone/integration-test/target/log,AVAILABLE}
2019-10-08 21:58:28,352 [main] INFO  handler.ContextHandler (ContextHandler.java:doStart(781)) - Started o.e.j.s.ServletContextHandler@38e83838{/static,file:///workdir/hadoop-ozone/integration-test/target/test-classes/webapps/static,AVAILABLE}
2019-10-08 21:58:28,356 [main] INFO  handler.ContextHandler (ContextHandler.java:doStart(781)) - Started o.e.j.w.WebAppContext@6bce313{/,file:///workdir/hadoop-ozone/integration-test/target/test-classes/webapps/scm/,AVAILABLE}{/scm}
2019-10-08 21:58:28,356 [main] INFO  server.AbstractConnector (AbstractConnector.java:doStart(278)) - Started ServerConnector@39266403{HTTP/1.1,[http/1.1]}{0.0.0.0:44360}
2019-10-08 21:58:28,358 [main] INFO  server.Server (Server.java:doStart(419)) - Started @220589ms
2019-10-08 21:58:28,359 [main] WARN  impl.MetricsSystemImpl (MetricsSystemImpl.java:register(276)) - Sink prometheus already exists!
2019-10-08 21:58:28,361 [main] INFO  server.BaseHttpServer (BaseHttpServer.java:updateConnectorAddress(215)) - HTTP server of SCM is listening at http://0.0.0.0:44360
2019-10-08 21:58:28,363 [main] WARN  server.ServerUtils (ServerUtils.java:getDBPath(222)) - ozone.om.db.dirs is not configured. We recommend adding this setting. Falling back to ozone.metadata.dirs instead.
2019-10-08 21:58:28,364 [org.apache.hadoop.util.JvmPauseMonitor$Monitor@2aa14ae6] INFO  util.JvmPauseMonitor (JvmPauseMonitor.java:run(188)) - Starting JVM pause monitor
2019-10-08 21:58:28,377 [main] INFO  ha.OMHANodeDetails (OMHANodeDetails.java:loadOMHAConfig(190)) - Configuration either no ozone.om.address set. Falling back to the default OM address /127.0.0.1:0
2019-10-08 21:58:28,377 [main] INFO  ha.OMHANodeDetails (OMHANodeDetails.java:getOMNodeDetails(220)) - OM Service ID is not set. Setting it to the default ID: omServiceIdDefault
2019-10-08 21:58:28,378 [main] WARN  server.ServerUtils (ServerUtils.java:getDBPath(222)) - ozone.om.db.dirs is not configured. We recommend adding this setting. Falling back to ozone.metadata.dirs instead.
2019-10-08 21:58:28,378 [main] WARN  server.ServerUtils (ServerUtils.java:getDBPath(222)) - ozone.om.db.dirs is not configured. We recommend adding this setting. Falling back to ozone.metadata.dirs instead.
2019-10-08 21:58:28,396 [main] WARN  server.ServerUtils (ServerUtils.java:getDBPath(222)) - ozone.om.db.dirs is not configured. We recommend adding this setting. Falling back to ozone.metadata.dirs instead.
2019-10-08 21:58:28,397 [main] INFO  db.DBStoreBuilder (DBStoreBuilder.java:addTable(117)) - using custom profile for table: userTable
2019-10-08 21:58:28,397 [main] INFO  db.DBStoreBuilder (DBStoreBuilder.java:processTables(168)) - Using default column profile:DBProfile.DISK for Table:userTable
2019-10-08 21:58:28,398 [main] INFO  db.DBStoreBuilder (DBStoreBuilder.java:addTable(117)) - using custom profile for table: volumeTable
2019-10-08 21:58:28,398 [main] INFO  db.DBStoreBuilder (DBStoreBuilder.java:processTables(168)) - Using default column profile:DBProfile.DISK for Table:volumeTable
2019-10-08 21:58:28,398 [main] INFO  db.DBStoreBuilder (DBStoreBuilder.java:addTable(117)) - using custom profile for table: bucketTable
2019-10-08 21:58:28,399 [main] INFO  db.DBStoreBuilder (DBStoreBuilder.java:processTables(168)) - Using default column profile:DBProfile.DISK for Table:bucketTable
2019-10-08 21:58:28,399 [main] INFO  db.DBStoreBuilder (DBStoreBuilder.java:addTable(117)) - using custom profile for table: keyTable
2019-10-08 21:58:28,399 [main] INFO  db.DBStoreBuilder (DBStoreBuilder.java:processTables(168)) - Using default column profile:DBProfile.DISK for Table:keyTable
2019-10-08 21:58:28,400 [main] INFO  db.DBStoreBuilder (DBStoreBuilder.java:addTable(117)) - using custom profile for table: deletedTable
2019-10-08 21:58:28,400 [main] INFO  db.DBStoreBuilder (DBStoreBuilder.java:processTables(168)) - Using default column profile:DBProfile.DISK for Table:deletedTable
2019-10-08 21:58:28,400 [main] INFO  db.DBStoreBuilder (DBStoreBuilder.java:addTable(117)) - using custom profile for table: openKeyTable
2019-10-08 21:58:28,401 [main] INFO  db.DBStoreBuilder (DBStoreBuilder.java:processTables(168)) - Using default column profile:DBProfile.DISK for Table:openKeyTable
2019-10-08 21:58:28,401 [main] INFO  db.DBStoreBuilder (DBStoreBuilder.java:addTable(117)) - using custom profile for table: s3Table
2019-10-08 21:58:28,401 [main] INFO  db.DBStoreBuilder (DBStoreBuilder.java:processTables(168)) - Using default column profile:DBProfile.DISK for Table:s3Table
2019-10-08 21:58:28,401 [main] INFO  db.DBStoreBuilder (DBStoreBuilder.java:addTable(117)) - using custom profile for table: multipartInfoTable
2019-10-08 21:58:28,402 [main] INFO  db.DBStoreBuilder (DBStoreBuilder.java:processTables(168)) - Using default column profile:DBProfile.DISK for Table:multipartInfoTable
2019-10-08 21:58:28,402 [main] INFO  db.DBStoreBuilder (DBStoreBuilder.java:addTable(117)) - using custom profile for table: dTokenTable
2019-10-08 21:58:28,402 [main] INFO  db.DBStoreBuilder (DBStoreBuilder.java:processTables(168)) - Using default column profile:DBProfile.DISK for Table:dTokenTable
2019-10-08 21:58:28,403 [main] INFO  db.DBStoreBuilder (DBStoreBuilder.java:addTable(117)) - using custom profile for table: s3SecretTable
2019-10-08 21:58:28,403 [main] INFO  db.DBStoreBuilder (DBStoreBuilder.java:processTables(168)) - Using default column profile:DBProfile.DISK for Table:s3SecretTable
2019-10-08 21:58:28,403 [main] INFO  db.DBStoreBuilder (DBStoreBuilder.java:addTable(117)) - using custom profile for table: prefixTable
2019-10-08 21:58:28,403 [main] INFO  db.DBStoreBuilder (DBStoreBuilder.java:processTables(168)) - Using default column profile:DBProfile.DISK for Table:prefixTable
2019-10-08 21:58:28,404 [main] INFO  db.DBStoreBuilder (DBStoreBuilder.java:addTable(117)) - using custom profile for table: default
2019-10-08 21:58:28,404 [main] INFO  db.DBStoreBuilder (DBStoreBuilder.java:processTables(174)) - Using default column profile:DBProfile.DISK for Table:default
2019-10-08 21:58:28,404 [main] INFO  db.DBStoreBuilder (DBStoreBuilder.java:getDbProfile(205)) - Using default options. DBProfile.DISK
2019-10-08 21:58:28,991 [main] INFO  ipc.CallQueueManager (CallQueueManager.java:<init>(84)) - Using callQueue: class java.util.concurrent.LinkedBlockingQueue, queueCapacity: 2000, scheduler: class org.apache.hadoop.ipc.DefaultRpcScheduler, ipcBackoff: false.
2019-10-08 21:58:28,992 [Socket Reader #1 for port 36539] INFO  ipc.Server (Server.java:run(1074)) - Starting Socket Reader #1 for port 36539
2019-10-08 21:58:29,013 [main] INFO  om.OzoneManager (OzoneManager.java:start(1069)) - OzoneManager RPC server is listening at localhost/127.0.0.1:36539
2019-10-08 21:58:29,014 [main] INFO  impl.MetricsSystemImpl (MetricsSystemImpl.java:init(158)) - OzoneManager metrics system started (again)
2019-10-08 21:58:29,015 [IPC Server Responder] INFO  ipc.Server (Server.java:run(1314)) - IPC Server Responder: starting
2019-10-08 21:58:29,019 [IPC Server listener on 36539] INFO  ipc.Server (Server.java:run(1153)) - IPC Server listener on 36539: starting
2019-10-08 21:58:29,029 [main] INFO  hdfs.DFSUtil (DFSUtil.java:httpServerTemplateForNNAndJN(1641)) - Starting Web-server for ozoneManager at: http://0.0.0.0:0
2019-10-08 21:58:29,031 [main] INFO  server.AuthenticationFilter (AuthenticationFilter.java:constructSecretProvider(240)) - Unable to initialize FileSignerSecretProvider, falling back to use random secrets.
2019-10-08 21:58:29,031 [main] WARN  http.HttpRequestLog (HttpRequestLog.java:getRequestLog(97)) - Jetty request log can only be enabled using Log4j
2019-10-08 21:58:29,032 [main] INFO  http.HttpServer2 (HttpServer2.java:addGlobalFilter(975)) - Added global filter 'safety' (class=org.apache.hadoop.http.HttpServer2$QuotingInputFilter)
2019-10-08 21:58:29,033 [main] INFO  http.HttpServer2 (HttpServer2.java:addFilter(948)) - Added filter static_user_filter (class=org.apache.hadoop.http.lib.StaticUserWebFilter$StaticUserFilter) to context ozoneManager
2019-10-08 21:58:29,033 [main] INFO  http.HttpServer2 (HttpServer2.java:addFilter(958)) - Added filter static_user_filter (class=org.apache.hadoop.http.lib.StaticUserWebFilter$StaticUserFilter) to context logs
2019-10-08 21:58:29,033 [main] INFO  http.HttpServer2 (HttpServer2.java:addFilter(958)) - Added filter static_user_filter (class=org.apache.hadoop.http.lib.StaticUserWebFilter$StaticUserFilter) to context static
2019-10-08 21:58:29,034 [main] INFO  http.HttpServer2 (HttpServer2.java:bindListener(1191)) - Jetty bound to port 40137
2019-10-08 21:58:29,034 [main] INFO  server.Server (Server.java:doStart(351)) - jetty-9.3.25.v20180904, build timestamp: 2018-09-04T21:11:46Z, git hash: 3ce520221d0240229c862b122d2b06c12a625732
2019-10-08 21:58:29,035 [main] INFO  handler.ContextHandler (ContextHandler.java:doStart(781)) - Started o.e.j.s.ServletContextHandler@76216830{/logs,file:///workdir/hadoop-ozone/integration-test/target/log,AVAILABLE}
2019-10-08 21:58:29,036 [main] INFO  handler.ContextHandler (ContextHandler.java:doStart(781)) - Started o.e.j.s.ServletContextHandler@2db86a7c{/static,file:///workdir/hadoop-ozone/integration-test/target/test-classes/webapps/static,AVAILABLE}
2019-10-08 21:58:29,039 [main] INFO  handler.ContextHandler (ContextHandler.java:doStart(781)) - Started o.e.j.w.WebAppContext@5968800d{/,file:///workdir/hadoop-ozone/integration-test/target/test-classes/webapps/ozoneManager/,AVAILABLE}{/ozoneManager}
2019-10-08 21:58:29,039 [main] INFO  server.AbstractConnector (AbstractConnector.java:doStart(278)) - Started ServerConnector@3887c7d7{HTTP/1.1,[http/1.1]}{0.0.0.0:40137}
2019-10-08 21:58:29,043 [main] INFO  server.Server (Server.java:doStart(419)) - Started @221274ms
2019-10-08 21:58:29,043 [main] WARN  impl.MetricsSystemImpl (MetricsSystemImpl.java:register(276)) - Sink prometheus already exists!
2019-10-08 21:58:29,044 [main] INFO  server.BaseHttpServer (BaseHttpServer.java:updateConnectorAddress(215)) - HTTP server of OZONEMANAGER is listening at http://0.0.0.0:40137
2019-10-08 21:58:29,057 [main] INFO  impl.MetricsSystemImpl (MetricsSystemImpl.java:init(158)) - HddsDatanode metrics system started (again)
2019-10-08 21:58:29,074 [main] INFO  ozone.HddsDatanodeService (HddsDatanodeService.java:start(184)) - HddsDatanodeService host:pr-hdds-2217-2kdk4-3258704453 ip:192.168.151.107
2019-10-08 21:58:29,084 [main] INFO  volume.HddsVolume (HddsVolume.java:<init>(176)) - Creating Volume: /workdir/hadoop-ozone/integration-test/target/test-dir/MiniOzoneClusterImpl-b5d04183-30b1-438a-9e7c-4476fbb0217c/datanode-0/data/containers/hdds of  storage type : DISK and capacity : 1482555576320
2019-10-08 21:58:29,084 [main] INFO  volume.VolumeSet (VolumeSet.java:initializeVolumeSet(170)) - Added Volume : /workdir/hadoop-ozone/integration-test/target/test-dir/MiniOzoneClusterImpl-b5d04183-30b1-438a-9e7c-4476fbb0217c/datanode-0/data/containers/hdds to VolumeSet
2019-10-08 21:58:29,085 [main] INFO  volume.ThrottledAsyncChecker (ThrottledAsyncChecker.java:schedule(139)) - Scheduling a check for org.apache.hadoop.ozone.container.common.volume.HddsVolume@5c3d4f05
2019-10-08 21:58:29,085 [main] INFO  volume.HddsVolumeChecker (HddsVolumeChecker.java:checkAllVolumes(202)) - Scheduled health check for volume org.apache.hadoop.ozone.container.common.volume.HddsVolume@5c3d4f05
2019-10-08 21:58:29,101 [main] INFO  impl.RaftServerProxy (ConfUtils.java:logGet(43)) - raft.rpc.type = GRPC (default)
2019-10-08 21:58:29,101 [main] INFO  grpc.GrpcFactory (GrpcFactory.java:checkPooledByteBufAllocatorUseCacheForAllThreads(45)) - PERFORMANCE WARNING: useCacheForAllThreads is true that may cause Netty to create a lot garbage objects and, as a result, trigger GC.
	It is recommended to disable useCacheForAllThreads by setting -Dorg.apache.ratis.thirdparty.io.netty.allocator.useCacheForAllThreads=false in command line.
2019-10-08 21:58:29,101 [main] INFO  grpc.GrpcConfigKeys$Server (ConfUtils.java:logGet(43)) - raft.grpc.server.port = 0 (default)
2019-10-08 21:58:29,101 [main] INFO  server.GrpcService (ConfUtils.java:logGet(43)) - raft.grpc.message.size.max = 33570816 (custom)
2019-10-08 21:58:29,102 [main] INFO  server.RaftServerConfigKeys (ConfUtils.java:logGet(43)) - raft.server.log.appender.buffer.byte-limit = 33554432 (custom)
2019-10-08 21:58:29,102 [main] INFO  server.GrpcService (ConfUtils.java:logGet(43)) - raft.grpc.flow.control.window = 1MB (=1048576) (default)
2019-10-08 21:58:29,102 [main] INFO  server.RaftServerConfigKeys (ConfUtils.java:logGet(43)) - raft.server.rpc.request.timeout = 3000ms (default)
2019-10-08 21:58:29,102 [main] INFO  server.RaftServerConfigKeys (ConfUtils.java:logGet(43)) - raft.server.storage.dir = [/workdir/hadoop-ozone/integration-test/target/test-dir/MiniOzoneClusterImpl-b5d04183-30b1-438a-9e7c-4476fbb0217c/datanode-0/data/ratis] (custom)
2019-10-08 21:58:29,104 [main] INFO  hdfs.DFSUtil (DFSUtil.java:httpServerTemplateForNNAndJN(1641)) - Starting Web-server for hddsDatanode at: http://0.0.0.0:0
2019-10-08 21:58:29,105 [main] INFO  server.AuthenticationFilter (AuthenticationFilter.java:constructSecretProvider(240)) - Unable to initialize FileSignerSecretProvider, falling back to use random secrets.
2019-10-08 21:58:29,105 [main] WARN  http.HttpRequestLog (HttpRequestLog.java:getRequestLog(97)) - Jetty request log can only be enabled using Log4j
2019-10-08 21:58:29,106 [main] INFO  http.HttpServer2 (HttpServer2.java:addGlobalFilter(975)) - Added global filter 'safety' (class=org.apache.hadoop.http.HttpServer2$QuotingInputFilter)
2019-10-08 21:58:29,107 [main] INFO  http.HttpServer2 (HttpServer2.java:addFilter(948)) - Added filter static_user_filter (class=org.apache.hadoop.http.lib.StaticUserWebFilter$StaticUserFilter) to context hddsDatanode
2019-10-08 21:58:29,107 [main] INFO  http.HttpServer2 (HttpServer2.java:addFilter(958)) - Added filter static_user_filter (class=org.apache.hadoop.http.lib.StaticUserWebFilter$StaticUserFilter) to context logs
2019-10-08 21:58:29,107 [main] INFO  http.HttpServer2 (HttpServer2.java:addFilter(958)) - Added filter static_user_filter (class=org.apache.hadoop.http.lib.StaticUserWebFilter$StaticUserFilter) to context static
2019-10-08 21:58:29,108 [main] INFO  http.HttpServer2 (HttpServer2.java:bindListener(1191)) - Jetty bound to port 45203
2019-10-08 21:58:29,108 [main] INFO  server.Server (Server.java:doStart(351)) - jetty-9.3.25.v20180904, build timestamp: 2018-09-04T21:11:46Z, git hash: 3ce520221d0240229c862b122d2b06c12a625732
2019-10-08 21:58:29,110 [main] INFO  handler.ContextHandler (ContextHandler.java:doStart(781)) - Started o.e.j.s.ServletContextHandler@34a20f16{/logs,file:///workdir/hadoop-ozone/integration-test/target/log,AVAILABLE}
2019-10-08 21:58:29,110 [main] INFO  handler.ContextHandler (ContextHandler.java:doStart(781)) - Started o.e.j.s.ServletContextHandler@1a1c21b4{/static,jar:file:/home/user/.m2/repository/org/apache/hadoop/hadoop-hdds-container-service/0.5.0-SNAPSHOT/hadoop-hdds-container-service-0.5.0-SNAPSHOT.jar!/webapps/static,AVAILABLE}
2019-10-08 21:58:29,139 [main] INFO  handler.ContextHandler (ContextHandler.java:doStart(781)) - Started o.e.j.w.WebAppContext@1788cb61{/,file:///tmp/jetty-0.0.0.0-45203-hddsDatanode-_-any-2924163733915726027.dir/webapp/,AVAILABLE}{/hddsDatanode}
2019-10-08 21:58:29,140 [main] INFO  server.AbstractConnector (AbstractConnector.java:doStart(278)) - Started ServerConnector@16d431b4{HTTP/1.1,[http/1.1]}{0.0.0.0:45203}
2019-10-08 21:58:29,143 [main] INFO  server.Server (Server.java:doStart(419)) - Started @221374ms
2019-10-08 21:58:29,143 [main] WARN  impl.MetricsSystemImpl (MetricsSystemImpl.java:register(276)) - Sink prometheus already exists!
2019-10-08 21:58:29,144 [main] INFO  server.BaseHttpServer (BaseHttpServer.java:updateConnectorAddress(215)) - HTTP server of HDDSDATANODE is listening at http://0.0.0.0:45203
2019-10-08 21:58:29,144 [main] INFO  impl.MetricsSystemImpl (MetricsSystemImpl.java:init(158)) - HddsDatanode metrics system started (again)
2019-10-08 21:58:29,159 [org.apache.hadoop.util.JvmPauseMonitor$Monitor@685cc391] INFO  util.JvmPauseMonitor (JvmPauseMonitor.java:run(188)) - Starting JVM pause monitor
2019-10-08 21:58:29,160 [main] INFO  ozone.HddsDatanodeService (HddsDatanodeService.java:start(184)) - HddsDatanodeService host:pr-hdds-2217-2kdk4-3258704453 ip:192.168.151.107
2019-10-08 21:58:29,161 [Datanode State Machine Thread - 0] INFO  datanode.InitDatanodeState (InitDatanodeState.java:persistContainerDatanodeDetails(140)) - DatanodeDetails is persisted to /workdir/hadoop-ozone/integration-test/target/test-dir/MiniOzoneClusterImpl-b5d04183-30b1-438a-9e7c-4476fbb0217c/datanode-0/meta/datanode.id
2019-10-08 21:58:29,170 [main] INFO  volume.HddsVolume (HddsVolume.java:<init>(176)) - Creating Volume: /workdir/hadoop-ozone/integration-test/target/test-dir/MiniOzoneClusterImpl-b5d04183-30b1-438a-9e7c-4476fbb0217c/datanode-1/data/containers/hdds of  storage type : DISK and capacity : 1482555576320
2019-10-08 21:58:29,170 [main] INFO  volume.VolumeSet (VolumeSet.java:initializeVolumeSet(170)) - Added Volume : /workdir/hadoop-ozone/integration-test/target/test-dir/MiniOzoneClusterImpl-b5d04183-30b1-438a-9e7c-4476fbb0217c/datanode-1/data/containers/hdds to VolumeSet
2019-10-08 21:58:29,170 [main] INFO  volume.ThrottledAsyncChecker (ThrottledAsyncChecker.java:schedule(139)) - Scheduling a check for org.apache.hadoop.ozone.container.common.volume.HddsVolume@45037e16
2019-10-08 21:58:29,171 [main] INFO  volume.HddsVolumeChecker (HddsVolumeChecker.java:checkAllVolumes(202)) - Scheduled health check for volume org.apache.hadoop.ozone.container.common.volume.HddsVolume@45037e16
2019-10-08 21:58:29,187 [main] INFO  impl.RaftServerProxy (ConfUtils.java:logGet(43)) - raft.rpc.type = GRPC (default)
2019-10-08 21:58:29,187 [main] INFO  grpc.GrpcFactory (GrpcFactory.java:checkPooledByteBufAllocatorUseCacheForAllThreads(45)) - PERFORMANCE WARNING: useCacheForAllThreads is true that may cause Netty to create a lot garbage objects and, as a result, trigger GC.
	It is recommended to disable useCacheForAllThreads by setting -Dorg.apache.ratis.thirdparty.io.netty.allocator.useCacheForAllThreads=false in command line.
2019-10-08 21:58:29,188 [main] INFO  grpc.GrpcConfigKeys$Server (ConfUtils.java:logGet(43)) - raft.grpc.server.port = 0 (default)
2019-10-08 21:58:29,188 [main] INFO  server.GrpcService (ConfUtils.java:logGet(43)) - raft.grpc.message.size.max = 33570816 (custom)
2019-10-08 21:58:29,188 [main] INFO  server.RaftServerConfigKeys (ConfUtils.java:logGet(43)) - raft.server.log.appender.buffer.byte-limit = 33554432 (custom)
2019-10-08 21:58:29,188 [main] INFO  server.GrpcService (ConfUtils.java:logGet(43)) - raft.grpc.flow.control.window = 1MB (=1048576) (default)
2019-10-08 21:58:29,188 [main] INFO  server.RaftServerConfigKeys (ConfUtils.java:logGet(43)) - raft.server.rpc.request.timeout = 3000ms (default)
2019-10-08 21:58:29,189 [main] INFO  server.RaftServerConfigKeys (ConfUtils.java:logGet(43)) - raft.server.storage.dir = [/workdir/hadoop-ozone/integration-test/target/test-dir/MiniOzoneClusterImpl-b5d04183-30b1-438a-9e7c-4476fbb0217c/datanode-1/data/ratis] (custom)
2019-10-08 21:58:29,190 [main] INFO  hdfs.DFSUtil (DFSUtil.java:httpServerTemplateForNNAndJN(1641)) - Starting Web-server for hddsDatanode at: http://0.0.0.0:0
2019-10-08 21:58:29,191 [main] INFO  server.AuthenticationFilter (AuthenticationFilter.java:constructSecretProvider(240)) - Unable to initialize FileSignerSecretProvider, falling back to use random secrets.
2019-10-08 21:58:29,191 [main] WARN  http.HttpRequestLog (HttpRequestLog.java:getRequestLog(97)) - Jetty request log can only be enabled using Log4j
2019-10-08 21:58:29,193 [main] INFO  http.HttpServer2 (HttpServer2.java:addGlobalFilter(975)) - Added global filter 'safety' (class=org.apache.hadoop.http.HttpServer2$QuotingInputFilter)
2019-10-08 21:58:29,193 [main] INFO  http.HttpServer2 (HttpServer2.java:addFilter(948)) - Added filter static_user_filter (class=org.apache.hadoop.http.lib.StaticUserWebFilter$StaticUserFilter) to context hddsDatanode
2019-10-08 21:58:29,193 [main] INFO  http.HttpServer2 (HttpServer2.java:addFilter(958)) - Added filter static_user_filter (class=org.apache.hadoop.http.lib.StaticUserWebFilter$StaticUserFilter) to context static
2019-10-08 21:58:29,193 [main] INFO  http.HttpServer2 (HttpServer2.java:addFilter(958)) - Added filter static_user_filter (class=org.apache.hadoop.http.lib.StaticUserWebFilter$StaticUserFilter) to context logs
2019-10-08 21:58:29,194 [main] INFO  http.HttpServer2 (HttpServer2.java:bindListener(1191)) - Jetty bound to port 46836
2019-10-08 21:58:29,194 [main] INFO  server.Server (Server.java:doStart(351)) - jetty-9.3.25.v20180904, build timestamp: 2018-09-04T21:11:46Z, git hash: 3ce520221d0240229c862b122d2b06c12a625732
2019-10-08 21:58:29,195 [main] INFO  handler.ContextHandler (ContextHandler.java:doStart(781)) - Started o.e.j.s.ServletContextHandler@42c12b3e{/logs,file:///workdir/hadoop-ozone/integration-test/target/log,AVAILABLE}
2019-10-08 21:58:29,196 [main] INFO  handler.ContextHandler (ContextHandler.java:doStart(781)) - Started o.e.j.s.ServletContextHandler@46f73ffa{/static,jar:file:/home/user/.m2/repository/org/apache/hadoop/hadoop-hdds-container-service/0.5.0-SNAPSHOT/hadoop-hdds-container-service-0.5.0-SNAPSHOT.jar!/webapps/static,AVAILABLE}
2019-10-08 21:58:29,224 [main] INFO  handler.ContextHandler (ContextHandler.java:doStart(781)) - Started o.e.j.w.WebAppContext@6629643d{/,file:///tmp/jetty-0.0.0.0-46836-hddsDatanode-_-any-7390542186862780884.dir/webapp/,AVAILABLE}{/hddsDatanode}
2019-10-08 21:58:29,225 [main] INFO  server.AbstractConnector (AbstractConnector.java:doStart(278)) - Started ServerConnector@2dd178f3{HTTP/1.1,[http/1.1]}{0.0.0.0:46836}
2019-10-08 21:58:29,228 [main] INFO  server.Server (Server.java:doStart(419)) - Started @221458ms
2019-10-08 21:58:29,228 [main] WARN  impl.MetricsSystemImpl (MetricsSystemImpl.java:register(276)) - Sink prometheus already exists!
2019-10-08 21:58:29,228 [main] INFO  server.BaseHttpServer (BaseHttpServer.java:updateConnectorAddress(215)) - HTTP server of HDDSDATANODE is listening at http://0.0.0.0:46836
2019-10-08 21:58:29,229 [main] INFO  impl.MetricsSystemImpl (MetricsSystemImpl.java:init(158)) - HddsDatanode metrics system started (again)
2019-10-08 21:58:29,245 [org.apache.hadoop.util.JvmPauseMonitor$Monitor@22f307d0] INFO  util.JvmPauseMonitor (JvmPauseMonitor.java:run(188)) - Starting JVM pause monitor
2019-10-08 21:58:29,246 [main] INFO  ozone.HddsDatanodeService (HddsDatanodeService.java:start(184)) - HddsDatanodeService host:pr-hdds-2217-2kdk4-3258704453 ip:192.168.151.107
2019-10-08 21:58:29,246 [Datanode State Machine Thread - 0] INFO  datanode.InitDatanodeState (InitDatanodeState.java:persistContainerDatanodeDetails(140)) - DatanodeDetails is persisted to /workdir/hadoop-ozone/integration-test/target/test-dir/MiniOzoneClusterImpl-b5d04183-30b1-438a-9e7c-4476fbb0217c/datanode-1/meta/datanode.id
2019-10-08 21:58:29,254 [main] INFO  volume.HddsVolume (HddsVolume.java:<init>(176)) - Creating Volume: /workdir/hadoop-ozone/integration-test/target/test-dir/MiniOzoneClusterImpl-b5d04183-30b1-438a-9e7c-4476fbb0217c/datanode-2/data/containers/hdds of  storage type : DISK and capacity : 1482555576320
2019-10-08 21:58:29,254 [main] INFO  volume.VolumeSet (VolumeSet.java:initializeVolumeSet(170)) - Added Volume : /workdir/hadoop-ozone/integration-test/target/test-dir/MiniOzoneClusterImpl-b5d04183-30b1-438a-9e7c-4476fbb0217c/datanode-2/data/containers/hdds to VolumeSet
2019-10-08 21:58:29,255 [main] INFO  volume.ThrottledAsyncChecker (ThrottledAsyncChecker.java:schedule(139)) - Scheduling a check for org.apache.hadoop.ozone.container.common.volume.HddsVolume@64f4f12
2019-10-08 21:58:29,255 [main] INFO  volume.HddsVolumeChecker (HddsVolumeChecker.java:checkAllVolumes(202)) - Scheduled health check for volume org.apache.hadoop.ozone.container.common.volume.HddsVolume@64f4f12
2019-10-08 21:58:29,269 [main] INFO  impl.RaftServerProxy (ConfUtils.java:logGet(43)) - raft.rpc.type = GRPC (default)
2019-10-08 21:58:29,269 [main] INFO  grpc.GrpcFactory (GrpcFactory.java:checkPooledByteBufAllocatorUseCacheForAllThreads(45)) - PERFORMANCE WARNING: useCacheForAllThreads is true that may cause Netty to create a lot garbage objects and, as a result, trigger GC.
	It is recommended to disable useCacheForAllThreads by setting -Dorg.apache.ratis.thirdparty.io.netty.allocator.useCacheForAllThreads=false in command line.
2019-10-08 21:58:29,269 [main] INFO  grpc.GrpcConfigKeys$Server (ConfUtils.java:logGet(43)) - raft.grpc.server.port = 0 (default)
2019-10-08 21:58:29,269 [main] INFO  server.GrpcService (ConfUtils.java:logGet(43)) - raft.grpc.message.size.max = 33570816 (custom)
2019-10-08 21:58:29,269 [main] INFO  server.RaftServerConfigKeys (ConfUtils.java:logGet(43)) - raft.server.log.appender.buffer.byte-limit = 33554432 (custom)
2019-10-08 21:58:29,270 [main] INFO  server.GrpcService (ConfUtils.java:logGet(43)) - raft.grpc.flow.control.window = 1MB (=1048576) (default)
2019-10-08 21:58:29,270 [main] INFO  server.RaftServerConfigKeys (ConfUtils.java:logGet(43)) - raft.server.rpc.request.timeout = 3000ms (default)
2019-10-08 21:58:29,270 [main] INFO  server.RaftServerConfigKeys (ConfUtils.java:logGet(43)) - raft.server.storage.dir = [/workdir/hadoop-ozone/integration-test/target/test-dir/MiniOzoneClusterImpl-b5d04183-30b1-438a-9e7c-4476fbb0217c/datanode-2/data/ratis] (custom)
2019-10-08 21:58:29,271 [main] INFO  hdfs.DFSUtil (DFSUtil.java:httpServerTemplateForNNAndJN(1641)) - Starting Web-server for hddsDatanode at: http://0.0.0.0:0
2019-10-08 21:58:29,272 [main] INFO  server.AuthenticationFilter (AuthenticationFilter.java:constructSecretProvider(240)) - Unable to initialize FileSignerSecretProvider, falling back to use random secrets.
2019-10-08 21:58:29,273 [main] WARN  http.HttpRequestLog (HttpRequestLog.java:getRequestLog(97)) - Jetty request log can only be enabled using Log4j
2019-10-08 21:58:29,274 [main] INFO  http.HttpServer2 (HttpServer2.java:addGlobalFilter(975)) - Added global filter 'safety' (class=org.apache.hadoop.http.HttpServer2$QuotingInputFilter)
2019-10-08 21:58:29,274 [main] INFO  http.HttpServer2 (HttpServer2.java:addFilter(948)) - Added filter static_user_filter (class=org.apache.hadoop.http.lib.StaticUserWebFilter$StaticUserFilter) to context hddsDatanode
2019-10-08 21:58:29,274 [main] INFO  http.HttpServer2 (HttpServer2.java:addFilter(958)) - Added filter static_user_filter (class=org.apache.hadoop.http.lib.StaticUserWebFilter$StaticUserFilter) to context static
2019-10-08 21:58:29,275 [main] INFO  http.HttpServer2 (HttpServer2.java:addFilter(958)) - Added filter static_user_filter (class=org.apache.hadoop.http.lib.StaticUserWebFilter$StaticUserFilter) to context logs
2019-10-08 21:58:29,275 [main] INFO  http.HttpServer2 (HttpServer2.java:bindListener(1191)) - Jetty bound to port 46511
2019-10-08 21:58:29,275 [main] INFO  server.Server (Server.java:doStart(351)) - jetty-9.3.25.v20180904, build timestamp: 2018-09-04T21:11:46Z, git hash: 3ce520221d0240229c862b122d2b06c12a625732
2019-10-08 21:58:29,277 [main] INFO  handler.ContextHandler (ContextHandler.java:doStart(781)) - Started o.e.j.s.ServletContextHandler@5d7dd549{/logs,file:///workdir/hadoop-ozone/integration-test/target/log,AVAILABLE}
2019-10-08 21:58:29,277 [main] INFO  handler.ContextHandler (ContextHandler.java:doStart(781)) - Started o.e.j.s.ServletContextHandler@6459f4ea{/static,jar:file:/home/user/.m2/repository/org/apache/hadoop/hadoop-hdds-container-service/0.5.0-SNAPSHOT/hadoop-hdds-container-service-0.5.0-SNAPSHOT.jar!/webapps/static,AVAILABLE}
2019-10-08 21:58:29,306 [main] INFO  handler.ContextHandler (ContextHandler.java:doStart(781)) - Started o.e.j.w.WebAppContext@581c9bb7{/,file:///tmp/jetty-0.0.0.0-46511-hddsDatanode-_-any-698431309364897129.dir/webapp/,AVAILABLE}{/hddsDatanode}
2019-10-08 21:58:29,306 [main] INFO  server.AbstractConnector (AbstractConnector.java:doStart(278)) - Started ServerConnector@138f0661{HTTP/1.1,[http/1.1]}{0.0.0.0:46511}
2019-10-08 21:58:29,309 [main] INFO  server.Server (Server.java:doStart(419)) - Started @221540ms
2019-10-08 21:58:29,310 [main] WARN  impl.MetricsSystemImpl (MetricsSystemImpl.java:register(276)) - Sink prometheus already exists!
2019-10-08 21:58:29,310 [main] INFO  server.BaseHttpServer (BaseHttpServer.java:updateConnectorAddress(215)) - HTTP server of HDDSDATANODE is listening at http://0.0.0.0:46511
2019-10-08 21:58:29,311 [main] INFO  impl.MetricsSystemImpl (MetricsSystemImpl.java:init(158)) - HddsDatanode metrics system started (again)
2019-10-08 21:58:29,327 [org.apache.hadoop.util.JvmPauseMonitor$Monitor@996ec6f] INFO  util.JvmPauseMonitor (JvmPauseMonitor.java:run(188)) - Starting JVM pause monitor
2019-10-08 21:58:29,329 [Datanode State Machine Thread - 0] INFO  datanode.InitDatanodeState (InitDatanodeState.java:persistContainerDatanodeDetails(140)) - DatanodeDetails is persisted to /workdir/hadoop-ozone/integration-test/target/test-dir/MiniOzoneClusterImpl-b5d04183-30b1-438a-9e7c-4476fbb0217c/datanode-2/meta/datanode.id
2019-10-08 21:58:29,329 [main] INFO  ozone.HddsDatanodeService (HddsDatanodeService.java:start(184)) - HddsDatanodeService host:pr-hdds-2217-2kdk4-3258704453 ip:192.168.151.107
2019-10-08 21:58:29,337 [main] INFO  volume.HddsVolume (HddsVolume.java:<init>(176)) - Creating Volume: /workdir/hadoop-ozone/integration-test/target/test-dir/MiniOzoneClusterImpl-b5d04183-30b1-438a-9e7c-4476fbb0217c/datanode-3/data/containers/hdds of  storage type : DISK and capacity : 1482555576320
2019-10-08 21:58:29,337 [main] INFO  volume.VolumeSet (VolumeSet.java:initializeVolumeSet(170)) - Added Volume : /workdir/hadoop-ozone/integration-test/target/test-dir/MiniOzoneClusterImpl-b5d04183-30b1-438a-9e7c-4476fbb0217c/datanode-3/data/containers/hdds to VolumeSet
2019-10-08 21:58:29,337 [main] INFO  volume.ThrottledAsyncChecker (ThrottledAsyncChecker.java:schedule(139)) - Scheduling a check for org.apache.hadoop.ozone.container.common.volume.HddsVolume@6f50d55c
2019-10-08 21:58:29,338 [main] INFO  volume.HddsVolumeChecker (HddsVolumeChecker.java:checkAllVolumes(202)) - Scheduled health check for volume org.apache.hadoop.ozone.container.common.volume.HddsVolume@6f50d55c
2019-10-08 21:58:29,358 [main] INFO  impl.RaftServerProxy (ConfUtils.java:logGet(43)) - raft.rpc.type = GRPC (default)
2019-10-08 21:58:29,358 [main] INFO  grpc.GrpcFactory (GrpcFactory.java:checkPooledByteBufAllocatorUseCacheForAllThreads(45)) - PERFORMANCE WARNING: useCacheForAllThreads is true that may cause Netty to create a lot garbage objects and, as a result, trigger GC.
	It is recommended to disable useCacheForAllThreads by setting -Dorg.apache.ratis.thirdparty.io.netty.allocator.useCacheForAllThreads=false in command line.
2019-10-08 21:58:29,358 [main] INFO  grpc.GrpcConfigKeys$Server (ConfUtils.java:logGet(43)) - raft.grpc.server.port = 0 (default)
2019-10-08 21:58:29,358 [main] INFO  server.GrpcService (ConfUtils.java:logGet(43)) - raft.grpc.message.size.max = 33570816 (custom)
2019-10-08 21:58:29,359 [main] INFO  server.RaftServerConfigKeys (ConfUtils.java:logGet(43)) - raft.server.log.appender.buffer.byte-limit = 33554432 (custom)
2019-10-08 21:58:29,359 [main] INFO  server.GrpcService (ConfUtils.java:logGet(43)) - raft.grpc.flow.control.window = 1MB (=1048576) (default)
2019-10-08 21:58:29,359 [main] INFO  server.RaftServerConfigKeys (ConfUtils.java:logGet(43)) - raft.server.rpc.request.timeout = 3000ms (default)
2019-10-08 21:58:29,360 [main] INFO  server.RaftServerConfigKeys (ConfUtils.java:logGet(43)) - raft.server.storage.dir = [/workdir/hadoop-ozone/integration-test/target/test-dir/MiniOzoneClusterImpl-b5d04183-30b1-438a-9e7c-4476fbb0217c/datanode-3/data/ratis] (custom)
2019-10-08 21:58:29,361 [main] INFO  hdfs.DFSUtil (DFSUtil.java:httpServerTemplateForNNAndJN(1641)) - Starting Web-server for hddsDatanode at: http://0.0.0.0:0
2019-10-08 21:58:29,363 [main] INFO  server.AuthenticationFilter (AuthenticationFilter.java:constructSecretProvider(240)) - Unable to initialize FileSignerSecretProvider, falling back to use random secrets.
2019-10-08 21:58:29,363 [main] WARN  http.HttpRequestLog (HttpRequestLog.java:getRequestLog(97)) - Jetty request log can only be enabled using Log4j
2019-10-08 21:58:29,364 [main] INFO  http.HttpServer2 (HttpServer2.java:addGlobalFilter(975)) - Added global filter 'safety' (class=org.apache.hadoop.http.HttpServer2$QuotingInputFilter)
2019-10-08 21:58:29,365 [main] INFO  http.HttpServer2 (HttpServer2.java:addFilter(948)) - Added filter static_user_filter (class=org.apache.hadoop.http.lib.StaticUserWebFilter$StaticUserFilter) to context hddsDatanode
2019-10-08 21:58:29,365 [main] INFO  http.HttpServer2 (HttpServer2.java:addFilter(958)) - Added filter static_user_filter (class=org.apache.hadoop.http.lib.StaticUserWebFilter$StaticUserFilter) to context static
2019-10-08 21:58:29,365 [main] INFO  http.HttpServer2 (HttpServer2.java:addFilter(958)) - Added filter static_user_filter (class=org.apache.hadoop.http.lib.StaticUserWebFilter$StaticUserFilter) to context logs
2019-10-08 21:58:29,366 [main] INFO  http.HttpServer2 (HttpServer2.java:bindListener(1191)) - Jetty bound to port 44157
2019-10-08 21:58:29,366 [main] INFO  server.Server (Server.java:doStart(351)) - jetty-9.3.25.v20180904, build timestamp: 2018-09-04T21:11:46Z, git hash: 3ce520221d0240229c862b122d2b06c12a625732
2019-10-08 21:58:29,368 [main] INFO  handler.ContextHandler (ContextHandler.java:doStart(781)) - Started o.e.j.s.ServletContextHandler@7d37ee0c{/logs,file:///workdir/hadoop-ozone/integration-test/target/log,AVAILABLE}
2019-10-08 21:58:29,368 [main] INFO  handler.ContextHandler (ContextHandler.java:doStart(781)) - Started o.e.j.s.ServletContextHandler@4602f874{/static,jar:file:/home/user/.m2/repository/org/apache/hadoop/hadoop-hdds-container-service/0.5.0-SNAPSHOT/hadoop-hdds-container-service-0.5.0-SNAPSHOT.jar!/webapps/static,AVAILABLE}
2019-10-08 21:58:29,400 [main] INFO  handler.ContextHandler (ContextHandler.java:doStart(781)) - Started o.e.j.w.WebAppContext@5d1bdd4a{/,file:///tmp/jetty-0.0.0.0-44157-hddsDatanode-_-any-5722894169125884274.dir/webapp/,AVAILABLE}{/hddsDatanode}
2019-10-08 21:58:29,401 [main] INFO  server.AbstractConnector (AbstractConnector.java:doStart(278)) - Started ServerConnector@6812c8cc{HTTP/1.1,[http/1.1]}{0.0.0.0:44157}
2019-10-08 21:58:29,404 [main] INFO  server.Server (Server.java:doStart(419)) - Started @221635ms
2019-10-08 21:58:29,404 [main] WARN  impl.MetricsSystemImpl (MetricsSystemImpl.java:register(276)) - Sink prometheus already exists!
2019-10-08 21:58:29,405 [main] INFO  server.BaseHttpServer (BaseHttpServer.java:updateConnectorAddress(215)) - HTTP server of HDDSDATANODE is listening at http://0.0.0.0:44157
2019-10-08 21:58:29,405 [main] INFO  impl.MetricsSystemImpl (MetricsSystemImpl.java:init(158)) - HddsDatanode metrics system started (again)
2019-10-08 21:58:29,422 [org.apache.hadoop.util.JvmPauseMonitor$Monitor@19807752] INFO  util.JvmPauseMonitor (JvmPauseMonitor.java:run(188)) - Starting JVM pause monitor
2019-10-08 21:58:29,423 [Datanode State Machine Thread - 0] INFO  datanode.InitDatanodeState (InitDatanodeState.java:persistContainerDatanodeDetails(140)) - DatanodeDetails is persisted to /workdir/hadoop-ozone/integration-test/target/test-dir/MiniOzoneClusterImpl-b5d04183-30b1-438a-9e7c-4476fbb0217c/datanode-3/meta/datanode.id
2019-10-08 21:58:29,424 [main] INFO  ozone.HddsDatanodeService (HddsDatanodeService.java:start(184)) - HddsDatanodeService host:pr-hdds-2217-2kdk4-3258704453 ip:192.168.151.107
2019-10-08 21:58:29,434 [main] INFO  volume.HddsVolume (HddsVolume.java:<init>(176)) - Creating Volume: /workdir/hadoop-ozone/integration-test/target/test-dir/MiniOzoneClusterImpl-b5d04183-30b1-438a-9e7c-4476fbb0217c/datanode-4/data/containers/hdds of  storage type : DISK and capacity : 1482555576320
2019-10-08 21:58:29,434 [main] INFO  volume.VolumeSet (VolumeSet.java:initializeVolumeSet(170)) - Added Volume : /workdir/hadoop-ozone/integration-test/target/test-dir/MiniOzoneClusterImpl-b5d04183-30b1-438a-9e7c-4476fbb0217c/datanode-4/data/containers/hdds to VolumeSet
2019-10-08 21:58:29,434 [main] INFO  volume.ThrottledAsyncChecker (ThrottledAsyncChecker.java:schedule(139)) - Scheduling a check for org.apache.hadoop.ozone.container.common.volume.HddsVolume@546ed2a0
2019-10-08 21:58:29,435 [main] INFO  volume.HddsVolumeChecker (HddsVolumeChecker.java:checkAllVolumes(202)) - Scheduled health check for volume org.apache.hadoop.ozone.container.common.volume.HddsVolume@546ed2a0
2019-10-08 21:58:29,449 [main] INFO  impl.RaftServerProxy (ConfUtils.java:logGet(43)) - raft.rpc.type = GRPC (default)
2019-10-08 21:58:29,449 [main] INFO  grpc.GrpcFactory (GrpcFactory.java:checkPooledByteBufAllocatorUseCacheForAllThreads(45)) - PERFORMANCE WARNING: useCacheForAllThreads is true that may cause Netty to create a lot garbage objects and, as a result, trigger GC.
	It is recommended to disable useCacheForAllThreads by setting -Dorg.apache.ratis.thirdparty.io.netty.allocator.useCacheForAllThreads=false in command line.
2019-10-08 21:58:29,450 [main] INFO  grpc.GrpcConfigKeys$Server (ConfUtils.java:logGet(43)) - raft.grpc.server.port = 0 (default)
2019-10-08 21:58:29,450 [main] INFO  server.GrpcService (ConfUtils.java:logGet(43)) - raft.grpc.message.size.max = 33570816 (custom)
2019-10-08 21:58:29,450 [main] INFO  server.RaftServerConfigKeys (ConfUtils.java:logGet(43)) - raft.server.log.appender.buffer.byte-limit = 33554432 (custom)
2019-10-08 21:58:29,450 [main] INFO  server.GrpcService (ConfUtils.java:logGet(43)) - raft.grpc.flow.control.window = 1MB (=1048576) (default)
2019-10-08 21:58:29,450 [main] INFO  server.RaftServerConfigKeys (ConfUtils.java:logGet(43)) - raft.server.rpc.request.timeout = 3000ms (default)
2019-10-08 21:58:29,451 [main] INFO  server.RaftServerConfigKeys (ConfUtils.java:logGet(43)) - raft.server.storage.dir = [/workdir/hadoop-ozone/integration-test/target/test-dir/MiniOzoneClusterImpl-b5d04183-30b1-438a-9e7c-4476fbb0217c/datanode-4/data/ratis] (custom)
2019-10-08 21:58:29,452 [main] INFO  hdfs.DFSUtil (DFSUtil.java:httpServerTemplateForNNAndJN(1641)) - Starting Web-server for hddsDatanode at: http://0.0.0.0:0
2019-10-08 21:58:29,453 [main] INFO  server.AuthenticationFilter (AuthenticationFilter.java:constructSecretProvider(240)) - Unable to initialize FileSignerSecretProvider, falling back to use random secrets.
2019-10-08 21:58:29,453 [main] WARN  http.HttpRequestLog (HttpRequestLog.java:getRequestLog(97)) - Jetty request log can only be enabled using Log4j
2019-10-08 21:58:29,455 [main] INFO  http.HttpServer2 (HttpServer2.java:addGlobalFilter(975)) - Added global filter 'safety' (class=org.apache.hadoop.http.HttpServer2$QuotingInputFilter)
2019-10-08 21:58:29,455 [main] INFO  http.HttpServer2 (HttpServer2.java:addFilter(948)) - Added filter static_user_filter (class=org.apache.hadoop.http.lib.StaticUserWebFilter$StaticUserFilter) to context hddsDatanode
2019-10-08 21:58:29,455 [main] INFO  http.HttpServer2 (HttpServer2.java:addFilter(958)) - Added filter static_user_filter (class=org.apache.hadoop.http.lib.StaticUserWebFilter$StaticUserFilter) to context logs
2019-10-08 21:58:29,455 [main] INFO  http.HttpServer2 (HttpServer2.java:addFilter(958)) - Added filter static_user_filter (class=org.apache.hadoop.http.lib.StaticUserWebFilter$StaticUserFilter) to context static
2019-10-08 21:58:29,456 [main] INFO  http.HttpServer2 (HttpServer2.java:bindListener(1191)) - Jetty bound to port 43767
2019-10-08 21:58:29,456 [main] INFO  server.Server (Server.java:doStart(351)) - jetty-9.3.25.v20180904, build timestamp: 2018-09-04T21:11:46Z, git hash: 3ce520221d0240229c862b122d2b06c12a625732
2019-10-08 21:58:29,458 [main] INFO  handler.ContextHandler (ContextHandler.java:doStart(781)) - Started o.e.j.s.ServletContextHandler@143fefaf{/logs,file:///workdir/hadoop-ozone/integration-test/target/log,AVAILABLE}
2019-10-08 21:58:29,458 [main] INFO  handler.ContextHandler (ContextHandler.java:doStart(781)) - Started o.e.j.s.ServletContextHandler@46468f0{/static,jar:file:/home/user/.m2/repository/org/apache/hadoop/hadoop-hdds-container-service/0.5.0-SNAPSHOT/hadoop-hdds-container-service-0.5.0-SNAPSHOT.jar!/webapps/static,AVAILABLE}
2019-10-08 21:58:29,468 [grpc-default-executor-3] WARN  server.GrpcLogAppender (LogUtils.java:warn(134)) - 12a1f04c-09b4-4c0f-87a4-bd1bfeb86722@group-98E3FAD48EE3->9241910e-7215-4b10-8981-67058d2a4474-AppendLogResponseHandler: Failed appendEntries: org.apache.ratis.thirdparty.io.grpc.StatusRuntimeException: UNAVAILABLE: io exception
2019-10-08 21:58:29,468 [grpc-default-executor-8] WARN  server.GrpcLogAppender (LogUtils.java:warn(134)) - 12a1f04c-09b4-4c0f-87a4-bd1bfeb86722@group-98E3FAD48EE3->5fe831c6-d7d2-49de-98c2-18dc53ff8363-AppendLogResponseHandler: Failed appendEntries: org.apache.ratis.thirdparty.io.grpc.StatusRuntimeException: UNAVAILABLE: io exception
2019-10-08 21:58:29,468 [grpc-default-executor-3] INFO  impl.FollowerInfo (FollowerInfo.java:lambda$new$0(51)) - 12a1f04c-09b4-4c0f-87a4-bd1bfeb86722@group-98E3FAD48EE3->9241910e-7215-4b10-8981-67058d2a4474: nextIndex: updateUnconditionally 0 -> 0
2019-10-08 21:58:29,468 [grpc-default-executor-8] INFO  impl.FollowerInfo (FollowerInfo.java:lambda$new$0(51)) - 12a1f04c-09b4-4c0f-87a4-bd1bfeb86722@group-98E3FAD48EE3->5fe831c6-d7d2-49de-98c2-18dc53ff8363: nextIndex: updateUnconditionally 0 -> 0
2019-10-08 21:58:29,487 [main] INFO  handler.ContextHandler (ContextHandler.java:doStart(781)) - Started o.e.j.w.WebAppContext@75793f17{/,file:///tmp/jetty-0.0.0.0-43767-hddsDatanode-_-any-6752345486393856983.dir/webapp/,AVAILABLE}{/hddsDatanode}
2019-10-08 21:58:29,487 [main] INFO  server.AbstractConnector (AbstractConnector.java:doStart(278)) - Started ServerConnector@4652c74d{HTTP/1.1,[http/1.1]}{0.0.0.0:43767}
2019-10-08 21:58:29,490 [main] INFO  server.Server (Server.java:doStart(419)) - Started @221721ms
2019-10-08 21:58:29,491 [main] WARN  impl.MetricsSystemImpl (MetricsSystemImpl.java:register(276)) - Sink prometheus already exists!
2019-10-08 21:58:29,491 [main] INFO  server.BaseHttpServer (BaseHttpServer.java:updateConnectorAddress(215)) - HTTP server of HDDSDATANODE is listening at http://0.0.0.0:43767
2019-10-08 21:58:29,492 [main] INFO  impl.MetricsSystemImpl (MetricsSystemImpl.java:init(158)) - HddsDatanode metrics system started (again)
2019-10-08 21:58:29,509 [org.apache.hadoop.util.JvmPauseMonitor$Monitor@34af4cf2] INFO  util.JvmPauseMonitor (JvmPauseMonitor.java:run(188)) - Starting JVM pause monitor
2019-10-08 21:58:29,511 [Datanode State Machine Thread - 0] INFO  datanode.InitDatanodeState (InitDatanodeState.java:persistContainerDatanodeDetails(140)) - DatanodeDetails is persisted to /workdir/hadoop-ozone/integration-test/target/test-dir/MiniOzoneClusterImpl-b5d04183-30b1-438a-9e7c-4476fbb0217c/datanode-4/meta/datanode.id
2019-10-08 21:58:29,511 [main] INFO  ozone.HddsDatanodeService (HddsDatanodeService.java:start(184)) - HddsDatanodeService host:pr-hdds-2217-2kdk4-3258704453 ip:192.168.151.107
2019-10-08 21:58:29,520 [main] INFO  volume.HddsVolume (HddsVolume.java:<init>(176)) - Creating Volume: /workdir/hadoop-ozone/integration-test/target/test-dir/MiniOzoneClusterImpl-b5d04183-30b1-438a-9e7c-4476fbb0217c/datanode-5/data/containers/hdds of  storage type : DISK and capacity : 1482555576320
2019-10-08 21:58:29,520 [main] INFO  volume.VolumeSet (VolumeSet.java:initializeVolumeSet(170)) - Added Volume : /workdir/hadoop-ozone/integration-test/target/test-dir/MiniOzoneClusterImpl-b5d04183-30b1-438a-9e7c-4476fbb0217c/datanode-5/data/containers/hdds to VolumeSet
2019-10-08 21:58:29,520 [main] INFO  volume.ThrottledAsyncChecker (ThrottledAsyncChecker.java:schedule(139)) - Scheduling a check for org.apache.hadoop.ozone.container.common.volume.HddsVolume@234cd86c
2019-10-08 21:58:29,521 [main] INFO  volume.HddsVolumeChecker (HddsVolumeChecker.java:checkAllVolumes(202)) - Scheduled health check for volume org.apache.hadoop.ozone.container.common.volume.HddsVolume@234cd86c
2019-10-08 21:58:29,534 [main] INFO  impl.RaftServerProxy (ConfUtils.java:logGet(43)) - raft.rpc.type = GRPC (default)
2019-10-08 21:58:29,535 [main] INFO  grpc.GrpcFactory (GrpcFactory.java:checkPooledByteBufAllocatorUseCacheForAllThreads(45)) - PERFORMANCE WARNING: useCacheForAllThreads is true that may cause Netty to create a lot garbage objects and, as a result, trigger GC.
	It is recommended to disable useCacheForAllThreads by setting -Dorg.apache.ratis.thirdparty.io.netty.allocator.useCacheForAllThreads=false in command line.
2019-10-08 21:58:29,535 [main] INFO  grpc.GrpcConfigKeys$Server (ConfUtils.java:logGet(43)) - raft.grpc.server.port = 0 (default)
2019-10-08 21:58:29,535 [main] INFO  server.GrpcService (ConfUtils.java:logGet(43)) - raft.grpc.message.size.max = 33570816 (custom)
2019-10-08 21:58:29,535 [main] INFO  server.RaftServerConfigKeys (ConfUtils.java:logGet(43)) - raft.server.log.appender.buffer.byte-limit = 33554432 (custom)
2019-10-08 21:58:29,535 [main] INFO  server.GrpcService (ConfUtils.java:logGet(43)) - raft.grpc.flow.control.window = 1MB (=1048576) (default)
2019-10-08 21:58:29,535 [main] INFO  server.RaftServerConfigKeys (ConfUtils.java:logGet(43)) - raft.server.rpc.request.timeout = 3000ms (default)
2019-10-08 21:58:29,536 [main] INFO  server.RaftServerConfigKeys (ConfUtils.java:logGet(43)) - raft.server.storage.dir = [/workdir/hadoop-ozone/integration-test/target/test-dir/MiniOzoneClusterImpl-b5d04183-30b1-438a-9e7c-4476fbb0217c/datanode-5/data/ratis] (custom)
2019-10-08 21:58:29,537 [main] INFO  hdfs.DFSUtil (DFSUtil.java:httpServerTemplateForNNAndJN(1641)) - Starting Web-server for hddsDatanode at: http://0.0.0.0:0
2019-10-08 21:58:29,538 [main] INFO  server.AuthenticationFilter (AuthenticationFilter.java:constructSecretProvider(240)) - Unable to initialize FileSignerSecretProvider, falling back to use random secrets.
2019-10-08 21:58:29,539 [main] WARN  http.HttpRequestLog (HttpRequestLog.java:getRequestLog(97)) - Jetty request log can only be enabled using Log4j
2019-10-08 21:58:29,540 [main] INFO  http.HttpServer2 (HttpServer2.java:addGlobalFilter(975)) - Added global filter 'safety' (class=org.apache.hadoop.http.HttpServer2$QuotingInputFilter)
2019-10-08 21:58:29,540 [main] INFO  http.HttpServer2 (HttpServer2.java:addFilter(948)) - Added filter static_user_filter (class=org.apache.hadoop.http.lib.StaticUserWebFilter$StaticUserFilter) to context hddsDatanode
2019-10-08 21:58:29,540 [main] INFO  http.HttpServer2 (HttpServer2.java:addFilter(958)) - Added filter static_user_filter (class=org.apache.hadoop.http.lib.StaticUserWebFilter$StaticUserFilter) to context logs
2019-10-08 21:58:29,541 [main] INFO  http.HttpServer2 (HttpServer2.java:addFilter(958)) - Added filter static_user_filter (class=org.apache.hadoop.http.lib.StaticUserWebFilter$StaticUserFilter) to context static
2019-10-08 21:58:29,541 [main] INFO  http.HttpServer2 (HttpServer2.java:bindListener(1191)) - Jetty bound to port 34276
2019-10-08 21:58:29,541 [main] INFO  server.Server (Server.java:doStart(351)) - jetty-9.3.25.v20180904, build timestamp: 2018-09-04T21:11:46Z, git hash: 3ce520221d0240229c862b122d2b06c12a625732
2019-10-08 21:58:29,543 [main] INFO  handler.ContextHandler (ContextHandler.java:doStart(781)) - Started o.e.j.s.ServletContextHandler@7b6141f0{/logs,file:///workdir/hadoop-ozone/integration-test/target/log,AVAILABLE}
2019-10-08 21:58:29,543 [main] INFO  handler.ContextHandler (ContextHandler.java:doStart(781)) - Started o.e.j.s.ServletContextHandler@70b48eb3{/static,jar:file:/home/user/.m2/repository/org/apache/hadoop/hadoop-hdds-container-service/0.5.0-SNAPSHOT/hadoop-hdds-container-service-0.5.0-SNAPSHOT.jar!/webapps/static,AVAILABLE}
2019-10-08 21:58:29,572 [main] INFO  handler.ContextHandler (ContextHandler.java:doStart(781)) - Started o.e.j.w.WebAppContext@c568f91{/,file:///tmp/jetty-0.0.0.0-34276-hddsDatanode-_-any-77753740743714235.dir/webapp/,AVAILABLE}{/hddsDatanode}
2019-10-08 21:58:29,572 [main] INFO  server.AbstractConnector (AbstractConnector.java:doStart(278)) - Started ServerConnector@5fd43e58{HTTP/1.1,[http/1.1]}{0.0.0.0:34276}
2019-10-08 21:58:29,575 [main] INFO  server.Server (Server.java:doStart(419)) - Started @221806ms
2019-10-08 21:58:29,575 [main] WARN  impl.MetricsSystemImpl (MetricsSystemImpl.java:register(276)) - Sink prometheus already exists!
2019-10-08 21:58:29,576 [main] INFO  server.BaseHttpServer (BaseHttpServer.java:updateConnectorAddress(215)) - HTTP server of HDDSDATANODE is listening at http://0.0.0.0:34276
2019-10-08 21:58:29,577 [main] INFO  impl.MetricsSystemImpl (MetricsSystemImpl.java:init(158)) - HddsDatanode metrics system started (again)
2019-10-08 21:58:29,597 [org.apache.hadoop.util.JvmPauseMonitor$Monitor@61fcec02] INFO  util.JvmPauseMonitor (JvmPauseMonitor.java:run(188)) - Starting JVM pause monitor
2019-10-08 21:58:29,598 [Datanode State Machine Thread - 0] INFO  datanode.InitDatanodeState (InitDatanodeState.java:persistContainerDatanodeDetails(140)) - DatanodeDetails is persisted to /workdir/hadoop-ozone/integration-test/target/test-dir/MiniOzoneClusterImpl-b5d04183-30b1-438a-9e7c-4476fbb0217c/datanode-5/meta/datanode.id
2019-10-08 21:58:29,599 [main] INFO  ozone.HddsDatanodeService (HddsDatanodeService.java:start(184)) - HddsDatanodeService host:pr-hdds-2217-2kdk4-3258704453 ip:192.168.151.107
2019-10-08 21:58:29,611 [main] INFO  volume.HddsVolume (HddsVolume.java:<init>(176)) - Creating Volume: /workdir/hadoop-ozone/integration-test/target/test-dir/MiniOzoneClusterImpl-b5d04183-30b1-438a-9e7c-4476fbb0217c/datanode-6/data/containers/hdds of  storage type : DISK and capacity : 1482555576320
2019-10-08 21:58:29,612 [main] INFO  volume.VolumeSet (VolumeSet.java:initializeVolumeSet(170)) - Added Volume : /workdir/hadoop-ozone/integration-test/target/test-dir/MiniOzoneClusterImpl-b5d04183-30b1-438a-9e7c-4476fbb0217c/datanode-6/data/containers/hdds to VolumeSet
2019-10-08 21:58:29,612 [main] INFO  volume.ThrottledAsyncChecker (ThrottledAsyncChecker.java:schedule(139)) - Scheduling a check for org.apache.hadoop.ozone.container.common.volume.HddsVolume@cbf1997
2019-10-08 21:58:29,612 [main] INFO  volume.HddsVolumeChecker (HddsVolumeChecker.java:checkAllVolumes(202)) - Scheduled health check for volume org.apache.hadoop.ozone.container.common.volume.HddsVolume@cbf1997
2019-10-08 21:58:29,629 [main] INFO  impl.RaftServerProxy (ConfUtils.java:logGet(43)) - raft.rpc.type = GRPC (default)
2019-10-08 21:58:29,630 [main] INFO  grpc.GrpcFactory (GrpcFactory.java:checkPooledByteBufAllocatorUseCacheForAllThreads(45)) - PERFORMANCE WARNING: useCacheForAllThreads is true that may cause Netty to create a lot garbage objects and, as a result, trigger GC.
	It is recommended to disable useCacheForAllThreads by setting -Dorg.apache.ratis.thirdparty.io.netty.allocator.useCacheForAllThreads=false in command line.
2019-10-08 21:58:29,630 [main] INFO  grpc.GrpcConfigKeys$Server (ConfUtils.java:logGet(43)) - raft.grpc.server.port = 0 (default)
2019-10-08 21:58:29,630 [main] INFO  server.GrpcService (ConfUtils.java:logGet(43)) - raft.grpc.message.size.max = 33570816 (custom)
2019-10-08 21:58:29,631 [main] INFO  server.RaftServerConfigKeys (ConfUtils.java:logGet(43)) - raft.server.log.appender.buffer.byte-limit = 33554432 (custom)
2019-10-08 21:58:29,631 [main] INFO  server.GrpcService (ConfUtils.java:logGet(43)) - raft.grpc.flow.control.window = 1MB (=1048576) (default)
2019-10-08 21:58:29,631 [main] INFO  server.RaftServerConfigKeys (ConfUtils.java:logGet(43)) - raft.server.rpc.request.timeout = 3000ms (default)
2019-10-08 21:58:29,632 [main] INFO  server.RaftServerConfigKeys (ConfUtils.java:logGet(43)) - raft.server.storage.dir = [/workdir/hadoop-ozone/integration-test/target/test-dir/MiniOzoneClusterImpl-b5d04183-30b1-438a-9e7c-4476fbb0217c/datanode-6/data/ratis] (custom)
2019-10-08 21:58:29,633 [main] INFO  hdfs.DFSUtil (DFSUtil.java:httpServerTemplateForNNAndJN(1641)) - Starting Web-server for hddsDatanode at: http://0.0.0.0:0
2019-10-08 21:58:29,634 [main] INFO  server.AuthenticationFilter (AuthenticationFilter.java:constructSecretProvider(240)) - Unable to initialize FileSignerSecretProvider, falling back to use random secrets.
2019-10-08 21:58:29,635 [main] WARN  http.HttpRequestLog (HttpRequestLog.java:getRequestLog(97)) - Jetty request log can only be enabled using Log4j
2019-10-08 21:58:29,636 [main] INFO  http.HttpServer2 (HttpServer2.java:addGlobalFilter(975)) - Added global filter 'safety' (class=org.apache.hadoop.http.HttpServer2$QuotingInputFilter)
2019-10-08 21:58:29,636 [main] INFO  http.HttpServer2 (HttpServer2.java:addFilter(948)) - Added filter static_user_filter (class=org.apache.hadoop.http.lib.StaticUserWebFilter$StaticUserFilter) to context hddsDatanode
2019-10-08 21:58:29,637 [main] INFO  http.HttpServer2 (HttpServer2.java:addFilter(958)) - Added filter static_user_filter (class=org.apache.hadoop.http.lib.StaticUserWebFilter$StaticUserFilter) to context logs
2019-10-08 21:58:29,637 [main] INFO  http.HttpServer2 (HttpServer2.java:addFilter(958)) - Added filter static_user_filter (class=org.apache.hadoop.http.lib.StaticUserWebFilter$StaticUserFilter) to context static
2019-10-08 21:58:29,637 [main] INFO  http.HttpServer2 (HttpServer2.java:bindListener(1191)) - Jetty bound to port 43666
2019-10-08 21:58:29,637 [main] INFO  server.Server (Server.java:doStart(351)) - jetty-9.3.25.v20180904, build timestamp: 2018-09-04T21:11:46Z, git hash: 3ce520221d0240229c862b122d2b06c12a625732
2019-10-08 21:58:29,639 [main] INFO  handler.ContextHandler (ContextHandler.java:doStart(781)) - Started o.e.j.s.ServletContextHandler@7d133fb7{/logs,file:///workdir/hadoop-ozone/integration-test/target/log,AVAILABLE}
2019-10-08 21:58:29,639 [main] INFO  handler.ContextHandler (ContextHandler.java:doStart(781)) - Started o.e.j.s.ServletContextHandler@7eb27768{/static,jar:file:/home/user/.m2/repository/org/apache/hadoop/hadoop-hdds-container-service/0.5.0-SNAPSHOT/hadoop-hdds-container-service-0.5.0-SNAPSHOT.jar!/webapps/static,AVAILABLE}
2019-10-08 21:58:29,668 [main] INFO  handler.ContextHandler (ContextHandler.java:doStart(781)) - Started o.e.j.w.WebAppContext@6aea99e7{/,file:///tmp/jetty-0.0.0.0-43666-hddsDatanode-_-any-4612487373152338376.dir/webapp/,AVAILABLE}{/hddsDatanode}
2019-10-08 21:58:29,668 [main] INFO  server.AbstractConnector (AbstractConnector.java:doStart(278)) - Started ServerConnector@1c6a0103{HTTP/1.1,[http/1.1]}{0.0.0.0:43666}
2019-10-08 21:58:29,672 [main] INFO  server.Server (Server.java:doStart(419)) - Started @221902ms
2019-10-08 21:58:29,672 [main] WARN  impl.MetricsSystemImpl (MetricsSystemImpl.java:register(276)) - Sink prometheus already exists!
2019-10-08 21:58:29,673 [main] INFO  server.BaseHttpServer (BaseHttpServer.java:updateConnectorAddress(215)) - HTTP server of HDDSDATANODE is listening at http://0.0.0.0:43666
2019-10-08 21:58:29,673 [main] INFO  ozone.MiniOzoneClusterImpl (MiniOzoneClusterImpl.java:lambda$waitForClusterToBeReady$0(147)) - Waiting for cluster to be ready. Got 0 of 7 DN Heartbeats.
2019-10-08 21:58:29,674 [org.apache.hadoop.util.JvmPauseMonitor$Monitor@75a4f59c] INFO  util.JvmPauseMonitor (JvmPauseMonitor.java:run(188)) - Starting JVM pause monitor
2019-10-08 21:58:29,675 [Datanode State Machine Thread - 0] INFO  datanode.InitDatanodeState (InitDatanodeState.java:persistContainerDatanodeDetails(140)) - DatanodeDetails is persisted to /workdir/hadoop-ozone/integration-test/target/test-dir/MiniOzoneClusterImpl-b5d04183-30b1-438a-9e7c-4476fbb0217c/datanode-6/meta/datanode.id
2019-10-08 21:58:30,673 [main] INFO  ozone.MiniOzoneClusterImpl (MiniOzoneClusterImpl.java:lambda$waitForClusterToBeReady$0(147)) - Waiting for cluster to be ready. Got 0 of 7 DN Heartbeats.
2019-10-08 21:58:31,206 [Datanode State Machine Thread - 0] INFO  ozoneimpl.OzoneContainer (OzoneContainer.java:start(213)) - Attempting to start container services.
2019-10-08 21:58:31,207 [Datanode State Machine Thread - 0] INFO  ozoneimpl.OzoneContainer (OzoneContainer.java:startContainerScrub(177)) - Background container scanner has been disabled.
2019-10-08 21:58:31,207 [Datanode State Machine Thread - 0] INFO  ratis.XceiverServerRatis (XceiverServerRatis.java:start(418)) - Starting XceiverServerRatis 5d9d4753-5868-46ae-88db-59d46778e9c7 at port 0
2019-10-08 21:58:31,216 [Datanode State Machine Thread - 0] INFO  impl.RaftServerProxy (RaftServerProxy.java:lambda$start$3(299)) - 5d9d4753-5868-46ae-88db-59d46778e9c7: start RPC server
2019-10-08 21:58:31,217 [Datanode State Machine Thread - 0] INFO  server.GrpcService (GrpcService.java:startImpl(158)) - 5d9d4753-5868-46ae-88db-59d46778e9c7: GrpcService started, listening on 0.0.0.0/0.0.0.0:41968
2019-10-08 21:58:31,217 [Datanode State Machine Thread - 0] INFO  ratis.XceiverServerRatis (XceiverServerRatis.java:start(428)) - XceiverServerRatis 5d9d4753-5868-46ae-88db-59d46778e9c7 is started using port 41968
2019-10-08 21:58:31,223 [Datanode State Machine Thread - 0] INFO  server.XceiverServerGrpc (XceiverServerGrpc.java:start(149)) - XceiverServerGrpc 5d9d4753-5868-46ae-88db-59d46778e9c7 is started using port 35941
2019-10-08 21:58:31,262 [Datanode State Machine Thread - 0] INFO  ozoneimpl.OzoneContainer (OzoneContainer.java:start(213)) - Attempting to start container services.
2019-10-08 21:58:31,262 [Datanode State Machine Thread - 0] INFO  ozoneimpl.OzoneContainer (OzoneContainer.java:startContainerScrub(177)) - Background container scanner has been disabled.
2019-10-08 21:58:31,262 [Datanode State Machine Thread - 0] INFO  ratis.XceiverServerRatis (XceiverServerRatis.java:start(418)) - Starting XceiverServerRatis 447b4921-8c2d-43b9-b073-18b4d5d7c4f6 at port 0
2019-10-08 21:58:31,270 [Datanode State Machine Thread - 0] INFO  impl.RaftServerProxy (RaftServerProxy.java:lambda$start$3(299)) - 447b4921-8c2d-43b9-b073-18b4d5d7c4f6: start RPC server
2019-10-08 21:58:31,271 [Datanode State Machine Thread - 0] INFO  server.GrpcService (GrpcService.java:startImpl(158)) - 447b4921-8c2d-43b9-b073-18b4d5d7c4f6: GrpcService started, listening on 0.0.0.0/0.0.0.0:46602
2019-10-08 21:58:31,271 [Datanode State Machine Thread - 0] INFO  ratis.XceiverServerRatis (XceiverServerRatis.java:start(428)) - XceiverServerRatis 447b4921-8c2d-43b9-b073-18b4d5d7c4f6 is started using port 46602
2019-10-08 21:58:31,272 [Datanode State Machine Thread - 0] INFO  server.XceiverServerGrpc (XceiverServerGrpc.java:start(149)) - XceiverServerGrpc 447b4921-8c2d-43b9-b073-18b4d5d7c4f6 is started using port 44018
2019-10-08 21:58:31,341 [Datanode State Machine Thread - 0] INFO  ozoneimpl.OzoneContainer (OzoneContainer.java:start(213)) - Attempting to start container services.
2019-10-08 21:58:31,341 [Datanode State Machine Thread - 0] INFO  ozoneimpl.OzoneContainer (OzoneContainer.java:startContainerScrub(177)) - Background container scanner has been disabled.
2019-10-08 21:58:31,342 [Datanode State Machine Thread - 0] INFO  ratis.XceiverServerRatis (XceiverServerRatis.java:start(418)) - Starting XceiverServerRatis 6f427bc6-6379-4232-9c9d-b34be0db073c at port 0
2019-10-08 21:58:31,349 [Datanode State Machine Thread - 0] INFO  impl.RaftServerProxy (RaftServerProxy.java:lambda$start$3(299)) - 6f427bc6-6379-4232-9c9d-b34be0db073c: start RPC server
2019-10-08 21:58:31,350 [Datanode State Machine Thread - 0] INFO  server.GrpcService (GrpcService.java:startImpl(158)) - 6f427bc6-6379-4232-9c9d-b34be0db073c: GrpcService started, listening on 0.0.0.0/0.0.0.0:33953
2019-10-08 21:58:31,350 [Datanode State Machine Thread - 0] INFO  ratis.XceiverServerRatis (XceiverServerRatis.java:start(428)) - XceiverServerRatis 6f427bc6-6379-4232-9c9d-b34be0db073c is started using port 33953
2019-10-08 21:58:31,350 [Datanode State Machine Thread - 0] INFO  server.XceiverServerGrpc (XceiverServerGrpc.java:start(149)) - XceiverServerGrpc 6f427bc6-6379-4232-9c9d-b34be0db073c is started using port 39404
2019-10-08 21:58:31,437 [Datanode State Machine Thread - 0] INFO  ozoneimpl.OzoneContainer (OzoneContainer.java:start(213)) - Attempting to start container services.
2019-10-08 21:58:31,438 [Datanode State Machine Thread - 0] INFO  ozoneimpl.OzoneContainer (OzoneContainer.java:startContainerScrub(177)) - Background container scanner has been disabled.
2019-10-08 21:58:31,438 [Datanode State Machine Thread - 0] INFO  ratis.XceiverServerRatis (XceiverServerRatis.java:start(418)) - Starting XceiverServerRatis 3c15ff24-c36c-4c0a-bb05-599d7fd0bd78 at port 0
2019-10-08 21:58:31,445 [Datanode State Machine Thread - 0] INFO  impl.RaftServerProxy (RaftServerProxy.java:lambda$start$3(299)) - 3c15ff24-c36c-4c0a-bb05-599d7fd0bd78: start RPC server
2019-10-08 21:58:31,446 [Datanode State Machine Thread - 0] INFO  server.GrpcService (GrpcService.java:startImpl(158)) - 3c15ff24-c36c-4c0a-bb05-599d7fd0bd78: GrpcService started, listening on 0.0.0.0/0.0.0.0:37771
2019-10-08 21:58:31,447 [Datanode State Machine Thread - 0] INFO  ratis.XceiverServerRatis (XceiverServerRatis.java:start(428)) - XceiverServerRatis 3c15ff24-c36c-4c0a-bb05-599d7fd0bd78 is started using port 37771
2019-10-08 21:58:31,447 [Datanode State Machine Thread - 0] INFO  server.XceiverServerGrpc (XceiverServerGrpc.java:start(149)) - XceiverServerGrpc 3c15ff24-c36c-4c0a-bb05-599d7fd0bd78 is started using port 45987
2019-10-08 21:58:31,529 [Datanode State Machine Thread - 0] INFO  ozoneimpl.OzoneContainer (OzoneContainer.java:start(213)) - Attempting to start container services.
2019-10-08 21:58:31,530 [Datanode State Machine Thread - 0] INFO  ozoneimpl.OzoneContainer (OzoneContainer.java:startContainerScrub(177)) - Background container scanner has been disabled.
2019-10-08 21:58:31,530 [Datanode State Machine Thread - 0] INFO  ratis.XceiverServerRatis (XceiverServerRatis.java:start(418)) - Starting XceiverServerRatis f6e098c0-4eb5-47e1-b5c2-bc996a6adebc at port 0
2019-10-08 21:58:31,538 [Datanode State Machine Thread - 0] INFO  impl.RaftServerProxy (RaftServerProxy.java:lambda$start$3(299)) - f6e098c0-4eb5-47e1-b5c2-bc996a6adebc: start RPC server
2019-10-08 21:58:31,538 [Datanode State Machine Thread - 0] INFO  server.GrpcService (GrpcService.java:startImpl(158)) - f6e098c0-4eb5-47e1-b5c2-bc996a6adebc: GrpcService started, listening on 0.0.0.0/0.0.0.0:40748
2019-10-08 21:58:31,539 [Datanode State Machine Thread - 0] INFO  ratis.XceiverServerRatis (XceiverServerRatis.java:start(428)) - XceiverServerRatis f6e098c0-4eb5-47e1-b5c2-bc996a6adebc is started using port 40748
2019-10-08 21:58:31,539 [Datanode State Machine Thread - 0] INFO  server.XceiverServerGrpc (XceiverServerGrpc.java:start(149)) - XceiverServerGrpc f6e098c0-4eb5-47e1-b5c2-bc996a6adebc is started using port 37627
2019-10-08 21:58:31,612 [Datanode State Machine Thread - 0] INFO  ozoneimpl.OzoneContainer (OzoneContainer.java:start(213)) - Attempting to start container services.
2019-10-08 21:58:31,613 [Datanode State Machine Thread - 0] INFO  ozoneimpl.OzoneContainer (OzoneContainer.java:startContainerScrub(177)) - Background container scanner has been disabled.
2019-10-08 21:58:31,613 [Datanode State Machine Thread - 0] INFO  ratis.XceiverServerRatis (XceiverServerRatis.java:start(418)) - Starting XceiverServerRatis 139b8de3-1a59-4817-9c24-be5a95a55bea at port 0
2019-10-08 21:58:31,621 [Datanode State Machine Thread - 0] INFO  impl.RaftServerProxy (RaftServerProxy.java:lambda$start$3(299)) - 139b8de3-1a59-4817-9c24-be5a95a55bea: start RPC server
2019-10-08 21:58:31,622 [Datanode State Machine Thread - 0] INFO  server.GrpcService (GrpcService.java:startImpl(158)) - 139b8de3-1a59-4817-9c24-be5a95a55bea: GrpcService started, listening on 0.0.0.0/0.0.0.0:41077
2019-10-08 21:58:31,623 [Datanode State Machine Thread - 0] INFO  ratis.XceiverServerRatis (XceiverServerRatis.java:start(428)) - XceiverServerRatis 139b8de3-1a59-4817-9c24-be5a95a55bea is started using port 41077
2019-10-08 21:58:31,623 [Datanode State Machine Thread - 0] INFO  server.XceiverServerGrpc (XceiverServerGrpc.java:start(149)) - XceiverServerGrpc 139b8de3-1a59-4817-9c24-be5a95a55bea is started using port 36862
2019-10-08 21:58:31,674 [main] INFO  ozone.MiniOzoneClusterImpl (MiniOzoneClusterImpl.java:lambda$waitForClusterToBeReady$0(147)) - Waiting for cluster to be ready. Got 0 of 7 DN Heartbeats.
2019-10-08 21:58:31,689 [Datanode State Machine Thread - 0] INFO  ozoneimpl.OzoneContainer (OzoneContainer.java:start(213)) - Attempting to start container services.
2019-10-08 21:58:31,689 [Datanode State Machine Thread - 0] INFO  ozoneimpl.OzoneContainer (OzoneContainer.java:startContainerScrub(177)) - Background container scanner has been disabled.
2019-10-08 21:58:31,690 [Datanode State Machine Thread - 0] INFO  ratis.XceiverServerRatis (XceiverServerRatis.java:start(418)) - Starting XceiverServerRatis eec71576-95f8-49b2-9bc7-5c6b555a9767 at port 0
2019-10-08 21:58:31,698 [Datanode State Machine Thread - 0] INFO  impl.RaftServerProxy (RaftServerProxy.java:lambda$start$3(299)) - eec71576-95f8-49b2-9bc7-5c6b555a9767: start RPC server
2019-10-08 21:58:31,700 [Datanode State Machine Thread - 0] INFO  server.GrpcService (GrpcService.java:startImpl(158)) - eec71576-95f8-49b2-9bc7-5c6b555a9767: GrpcService started, listening on 0.0.0.0/0.0.0.0:33921
2019-10-08 21:58:31,701 [Datanode State Machine Thread - 0] INFO  ratis.XceiverServerRatis (XceiverServerRatis.java:start(428)) - XceiverServerRatis eec71576-95f8-49b2-9bc7-5c6b555a9767 is started using port 33921
2019-10-08 21:58:31,701 [Datanode State Machine Thread - 0] INFO  server.XceiverServerGrpc (XceiverServerGrpc.java:start(149)) - XceiverServerGrpc eec71576-95f8-49b2-9bc7-5c6b555a9767 is started using port 34498
2019-10-08 21:58:31,969 [grpc-default-executor-3] WARN  server.GrpcLogAppender (LogUtils.java:warn(134)) - 12a1f04c-09b4-4c0f-87a4-bd1bfeb86722@group-98E3FAD48EE3->9241910e-7215-4b10-8981-67058d2a4474-AppendLogResponseHandler: Failed appendEntries: org.apache.ratis.thirdparty.io.grpc.StatusRuntimeException: UNAVAILABLE: io exception
2019-10-08 21:58:31,969 [grpc-default-executor-8] WARN  server.GrpcLogAppender (LogUtils.java:warn(134)) - 12a1f04c-09b4-4c0f-87a4-bd1bfeb86722@group-98E3FAD48EE3->5fe831c6-d7d2-49de-98c2-18dc53ff8363-AppendLogResponseHandler: Failed appendEntries: org.apache.ratis.thirdparty.io.grpc.StatusRuntimeException: UNAVAILABLE: io exception
2019-10-08 21:58:31,970 [grpc-default-executor-3] INFO  impl.FollowerInfo (FollowerInfo.java:lambda$new$0(51)) - 12a1f04c-09b4-4c0f-87a4-bd1bfeb86722@group-98E3FAD48EE3->9241910e-7215-4b10-8981-67058d2a4474: nextIndex: updateUnconditionally 0 -> 0
2019-10-08 21:58:31,970 [grpc-default-executor-8] INFO  impl.FollowerInfo (FollowerInfo.java:lambda$new$0(51)) - 12a1f04c-09b4-4c0f-87a4-bd1bfeb86722@group-98E3FAD48EE3->5fe831c6-d7d2-49de-98c2-18dc53ff8363: nextIndex: updateUnconditionally 0 -> 0
2019-10-08 21:58:32,056 [Thread-2327] INFO  client.GrpcClientProtocolService (GrpcClientProtocolService.java:lambda$processClientRequest$0(278)) - Failed RaftClientRequest:client-26288ADCA04B->12a1f04c-09b4-4c0f-87a4-bd1bfeb86722@group-98E3FAD48EE3, cid=67, seq=0, Watch-ALL_COMMITTED(11), Message:<EMPTY>, reply=RaftClientReply:client-26288ADCA04B->12a1f04c-09b4-4c0f-87a4-bd1bfeb86722@group-98E3FAD48EE3, cid=67, FAILED org.apache.ratis.protocol.NotReplicatedException: Request with call Id 67 and log index 11 is not yet replicated to ALL_COMMITTED, logIndex=11, commits[12a1f04c-09b4-4c0f-87a4-bd1bfeb86722:c2, 9241910e-7215-4b10-8981-67058d2a4474:c2, 5fe831c6-d7d2-49de-98c2-18dc53ff8363:c2]
2019-10-08 21:58:32,056 [Thread-2328] INFO  client.GrpcClientProtocolService (GrpcClientProtocolService.java:lambda$processClientRequest$0(278)) - Failed RaftClientRequest:client-26288ADCA04B->12a1f04c-09b4-4c0f-87a4-bd1bfeb86722@group-98E3FAD48EE3, cid=68, seq=0, Watch-MAJORITY_COMMITTED(11), Message:<EMPTY>, reply=RaftClientReply:client-26288ADCA04B->12a1f04c-09b4-4c0f-87a4-bd1bfeb86722@group-98E3FAD48EE3, cid=68, FAILED org.apache.ratis.protocol.NotReplicatedException: Request with call Id 68 and log index 11 is not yet replicated to MAJORITY_COMMITTED, logIndex=11, commits[12a1f04c-09b4-4c0f-87a4-bd1bfeb86722:c2, 9241910e-7215-4b10-8981-67058d2a4474:c2, 5fe831c6-d7d2-49de-98c2-18dc53ff8363:c2]
2019-10-08 21:58:32,674 [main] INFO  ozone.MiniOzoneClusterImpl (MiniOzoneClusterImpl.java:lambda$waitForClusterToBeReady$0(147)) - Waiting for cluster to be ready. Got 0 of 7 DN Heartbeats.
2019-10-08 21:58:33,165 [IPC Server handler 0 on 34765] INFO  net.NetworkTopology (NetworkTopologyImpl.java:add(111)) - Added a new node: /default-rack/5d9d4753-5868-46ae-88db-59d46778e9c7
2019-10-08 21:58:33,168 [IPC Server handler 0 on 34765] INFO  node.SCMNodeManager (SCMNodeManager.java:register(268)) - Registered Data node : 5d9d4753-5868-46ae-88db-59d46778e9c7{ip: 192.168.151.107, host: pr-hdds-2217-2kdk4-3258704453, networkLocation: /default-rack, certSerialId: null}
2019-10-08 21:58:33,169 [EventQueue-NodeRegistrationContainerReportForDataNodeSafeModeRule] INFO  safemode.SCMSafeModeManager (DataNodeSafeModeRule.java:process(71)) - SCM in safe mode. 1 DataNodes registered, 1 required.
2019-10-08 21:58:33,171 [EventQueue-NodeRegistrationContainerReportForDataNodeSafeModeRule] INFO  safemode.SCMSafeModeManager (SCMSafeModeManager.java:validateSafeModeExitRules(177)) - ScmSafeModeManager, all rules are successfully validated
2019-10-08 21:58:33,172 [EventQueue-NodeRegistrationContainerReportForDataNodeSafeModeRule] INFO  safemode.SCMSafeModeManager (SCMSafeModeManager.java:exitSafeMode(193)) - SCM exiting safe mode.
2019-10-08 21:58:33,179 [grpc-default-executor-8] INFO  impl.RaftServerProxy (RaftServerProxy.java:addNew(89)) - 5d9d4753-5868-46ae-88db-59d46778e9c7: addNew group-D43906ED83D5:[5d9d4753-5868-46ae-88db-59d46778e9c7:192.168.151.107:41968] returns group-D43906ED83D5:java.util.concurrent.CompletableFuture@5cb1617d[Not completed]
2019-10-08 21:58:33,182 [pool-383-thread-1] INFO  impl.RaftServerImpl (RaftServerImpl.java:<init>(95)) - 5d9d4753-5868-46ae-88db-59d46778e9c7: new RaftServerImpl for group-D43906ED83D5:[5d9d4753-5868-46ae-88db-59d46778e9c7:192.168.151.107:41968] with ContainerStateMachine:uninitialized
2019-10-08 21:58:33,183 [pool-383-thread-1] INFO  server.RaftServerConfigKeys (ConfUtils.java:logGet(43)) - raft.server.rpc.timeout.min = 5s (custom)
2019-10-08 21:58:33,183 [pool-383-thread-1] INFO  server.RaftServerConfigKeys (ConfUtils.java:logGet(43)) - raft.server.rpc.timeout.max = 5200ms (custom)
2019-10-08 21:58:33,183 [pool-383-thread-1] INFO  server.RaftServerConfigKeys (ConfUtils.java:logGet(43)) - raft.server.rpcslowness.timeout = 120s (custom)
2019-10-08 21:58:33,183 [pool-383-thread-1] INFO  server.RaftServerConfigKeys (ConfUtils.java:logGet(43)) - raft.server.sleep.deviation.threshold = 300 (default)
2019-10-08 21:58:33,183 [pool-383-thread-1] INFO  server.RaftServerConfigKeys (ConfUtils.java:logGet(43)) - raft.server.log.appender.install.snapshot.enabled = false (custom)
2019-10-08 21:58:33,184 [pool-383-thread-1] INFO  impl.RaftServerImpl (ServerState.java:<init>(103)) - 5d9d4753-5868-46ae-88db-59d46778e9c7@group-D43906ED83D5: ConfigurationManager, init=-1: [5d9d4753-5868-46ae-88db-59d46778e9c7:192.168.151.107:41968], old=null, confs=<EMPTY_MAP>
2019-10-08 21:58:33,184 [pool-383-thread-1] INFO  server.RaftServerConfigKeys (ConfUtils.java:logGet(43)) - raft.server.storage.dir = [/workdir/hadoop-ozone/integration-test/target/test-dir/MiniOzoneClusterImpl-b5d04183-30b1-438a-9e7c-4476fbb0217c/datanode-0/data/ratis] (custom)
2019-10-08 21:58:33,184 [pool-383-thread-1] INFO  server.RaftServerConfigKeys (ConfUtils.java:logGet(43)) - raft.server.log.corruption.policy = EXCEPTION (default)
2019-10-08 21:58:33,185 [pool-383-thread-1] INFO  storage.RaftStorageDirectory (RaftStorageDirectory.java:analyzeStorage(246)) - The storage directory /workdir/hadoop-ozone/integration-test/target/test-dir/MiniOzoneClusterImpl-b5d04183-30b1-438a-9e7c-4476fbb0217c/datanode-0/data/ratis/47251558-b85d-492b-9db1-d43906ed83d5 does not exist. Creating ...
2019-10-08 21:58:33,198 [pool-383-thread-1] INFO  storage.RaftStorageDirectory (RaftStorageDirectory.java:tryLock(328)) - Lock on /workdir/hadoop-ozone/integration-test/target/test-dir/MiniOzoneClusterImpl-b5d04183-30b1-438a-9e7c-4476fbb0217c/datanode-0/data/ratis/47251558-b85d-492b-9db1-d43906ed83d5/in_use.lock acquired by nodename 25773@pr-hdds-2217-2kdk4-3258704453
2019-10-08 21:58:33,211 [pool-383-thread-1] INFO  storage.RaftStorage (RaftStorage.java:format(84)) - Storage directory /workdir/hadoop-ozone/integration-test/target/test-dir/MiniOzoneClusterImpl-b5d04183-30b1-438a-9e7c-4476fbb0217c/datanode-0/data/ratis/47251558-b85d-492b-9db1-d43906ed83d5 has been successfully formatted.
2019-10-08 21:58:33,211 [pool-383-thread-1] INFO  ratis.ContainerStateMachine (ContainerStateMachine.java:loadSnapshot(231)) - group-D43906ED83D5: The snapshot info is null. Setting the last applied indexto:(t:0, i:~)
2019-10-08 21:58:33,212 [pool-383-thread-1] INFO  server.RaftServerConfigKeys (ConfUtils.java:logGet(43)) - raft.server.notification.no-leader.timeout = 120s (custom)
2019-10-08 21:58:33,212 [pool-383-thread-1] INFO  server.RaftServerConfigKeys (ConfUtils.java:logGet(43)) - raft.server.log.use.memory = false (default)
2019-10-08 21:58:33,212 [pool-383-thread-1] INFO  server.RaftServerConfigKeys (ConfUtils.java:logGet(43)) - raft.server.log.purge.gap = 1000000 (custom)
2019-10-08 21:58:33,212 [pool-383-thread-1] INFO  server.RaftServerConfigKeys (ConfUtils.java:logGet(43)) - raft.server.log.appender.buffer.byte-limit = 33554432 (custom)
2019-10-08 21:58:33,212 [pool-383-thread-1] INFO  server.RaftServerConfigKeys (ConfUtils.java:logGet(43)) - raft.server.log.segment.size.max = 1048576 (custom)
2019-10-08 21:58:33,215 [pool-383-thread-1] INFO  server.RaftServerConfigKeys (ConfUtils.java:logGet(43)) - raft.server.log.segment.cache.num.max = 2 (custom)
2019-10-08 21:58:33,215 [pool-383-thread-1] INFO  segmented.SegmentedRaftLogWorker (SegmentedRaftLogWorker.java:<init>(173)) - new 5d9d4753-5868-46ae-88db-59d46778e9c7@group-D43906ED83D5-SegmentedRaftLogWorker for RaftStorage:Storage Directory /workdir/hadoop-ozone/integration-test/target/test-dir/MiniOzoneClusterImpl-b5d04183-30b1-438a-9e7c-4476fbb0217c/datanode-0/data/ratis/47251558-b85d-492b-9db1-d43906ed83d5
2019-10-08 21:58:33,215 [pool-383-thread-1] INFO  server.RaftServerConfigKeys (ConfUtils.java:logGet(43)) - raft.server.log.queue.byte-limit = 2147483647 (custom)
2019-10-08 21:58:33,215 [pool-383-thread-1] INFO  server.RaftServerConfigKeys (ConfUtils.java:logGet(43)) - raft.server.log.queue.element-limit = 1024 (custom)
2019-10-08 21:58:33,215 [pool-383-thread-1] INFO  server.RaftServerConfigKeys (ConfUtils.java:logGet(43)) - raft.server.log.segment.size.max = 1048576 (custom)
2019-10-08 21:58:33,216 [pool-383-thread-1] INFO  server.RaftServerConfigKeys (ConfUtils.java:logGet(43)) - raft.server.log.preallocated.size = 16384 (custom)
2019-10-08 21:58:33,216 [pool-383-thread-1] INFO  server.RaftServerConfigKeys (ConfUtils.java:logGet(43)) - raft.server.log.write.buffer.size = 33554432 (custom)
2019-10-08 21:58:33,216 [pool-383-thread-1] INFO  server.RaftServerConfigKeys (ConfUtils.java:logGet(43)) - raft.server.log.force.sync.num = 128 (default)
2019-10-08 21:58:33,216 [pool-383-thread-1] INFO  server.RaftServerConfigKeys (ConfUtils.java:logGet(43)) - raft.server.log.statemachine.data.sync = true (default)
2019-10-08 21:58:33,216 [pool-383-thread-1] INFO  server.RaftServerConfigKeys (ConfUtils.java:logGet(43)) - raft.server.log.statemachine.data.sync.timeout = 10s (default)
2019-10-08 21:58:33,216 [pool-383-thread-1] INFO  server.RaftServerConfigKeys (ConfUtils.java:logGet(43)) - raft.server.log.statemachine.data.sync.timeout.retry = -1 (default)
2019-10-08 21:58:33,217 [pool-383-thread-1] INFO  server.RaftServerConfigKeys (ConfUtils.java:logGet(43)) - raft.server.log.statemachine.data.caching.enabled = true (custom)
2019-10-08 21:58:33,217 [pool-383-thread-1] INFO  segmented.SegmentedRaftLogWorker (SegmentedRaftLogWorker.java:lambda$new$0(128)) - 5d9d4753-5868-46ae-88db-59d46778e9c7@group-D43906ED83D5-SegmentedRaftLogWorker: flushIndex: setUnconditionally 0 -> -1
2019-10-08 21:58:33,218 [pool-383-thread-1] INFO  server.RaftServerConfigKeys (ConfUtils.java:logGet(43)) - raft.server.snapshot.auto.trigger.enabled = true (custom)
2019-10-08 21:58:33,218 [pool-383-thread-1] INFO  server.RaftServerConfigKeys (ConfUtils.java:logGet(43)) - raft.server.snapshot.auto.trigger.threshold = 10000 (custom)
2019-10-08 21:58:33,218 [pool-383-thread-1] INFO  server.RaftServerConfigKeys (ConfUtils.java:logGet(43)) - raft.server.snapshot.retention.file.num = 5 (custom)
2019-10-08 21:58:33,218 [pool-383-thread-1] INFO  server.RaftServerConfigKeys (ConfUtils.java:logGet(43)) - raft.server.retrycache.expirytime = 600000ms (custom)
2019-10-08 21:58:33,220 [pool-383-thread-1] INFO  impl.RaftServerImpl (RaftServerImpl.java:start(181)) - 5d9d4753-5868-46ae-88db-59d46778e9c7@group-D43906ED83D5: start as a follower, conf=-1: [5d9d4753-5868-46ae-88db-59d46778e9c7:192.168.151.107:41968], old=null
2019-10-08 21:58:33,220 [pool-383-thread-1] INFO  impl.RaftServerImpl (RaftServerImpl.java:setRole(170)) - 5d9d4753-5868-46ae-88db-59d46778e9c7@group-D43906ED83D5: changes role from      null to FOLLOWER at term 0 for startAsFollower
2019-10-08 21:58:33,220 [pool-383-thread-1] INFO  impl.RoleInfo (RoleInfo.java:updateAndGet(143)) - 5d9d4753-5868-46ae-88db-59d46778e9c7: start FollowerState
2019-10-08 21:58:33,221 [pool-383-thread-1] INFO  util.JmxRegister (JmxRegister.java:tryRegister(44)) - Successfully registered JMX Bean with object name Ratis:service=RaftServer,group=group-D43906ED83D5,id=5d9d4753-5868-46ae-88db-59d46778e9c7
2019-10-08 21:58:33,225 [RatisPipelineUtilsThread] INFO  pipeline.PipelineStateManager (PipelineStateManager.java:addPipeline(56)) - Created pipeline Pipeline[ Id: 47251558-b85d-492b-9db1-d43906ed83d5, Nodes: 5d9d4753-5868-46ae-88db-59d46778e9c7{ip: 192.168.151.107, host: pr-hdds-2217-2kdk4-3258704453, networkLocation: /default-rack, certSerialId: null}, Type:RATIS, Factor:ONE, State:OPEN]
2019-10-08 21:58:33,245 [IPC Server handler 17 on 34765] INFO  net.NetworkTopology (NetworkTopologyImpl.java:add(111)) - Added a new node: /default-rack/447b4921-8c2d-43b9-b073-18b4d5d7c4f6
2019-10-08 21:58:33,245 [IPC Server handler 17 on 34765] INFO  node.SCMNodeManager (SCMNodeManager.java:register(268)) - Registered Data node : 447b4921-8c2d-43b9-b073-18b4d5d7c4f6{ip: 192.168.151.107, host: pr-hdds-2217-2kdk4-3258704453, networkLocation: /default-rack, certSerialId: null}
2019-10-08 21:58:33,253 [grpc-default-executor-8] INFO  impl.RaftServerProxy (RaftServerProxy.java:addNew(89)) - 447b4921-8c2d-43b9-b073-18b4d5d7c4f6: addNew group-94304248273E:[447b4921-8c2d-43b9-b073-18b4d5d7c4f6:192.168.151.107:46602] returns group-94304248273E:java.util.concurrent.CompletableFuture@9c5709e[Not completed]
2019-10-08 21:58:33,253 [pool-393-thread-1] INFO  impl.RaftServerImpl (RaftServerImpl.java:<init>(95)) - 447b4921-8c2d-43b9-b073-18b4d5d7c4f6: new RaftServerImpl for group-94304248273E:[447b4921-8c2d-43b9-b073-18b4d5d7c4f6:192.168.151.107:46602] with ContainerStateMachine:uninitialized
2019-10-08 21:58:33,254 [pool-393-thread-1] INFO  server.RaftServerConfigKeys (ConfUtils.java:logGet(43)) - raft.server.rpc.timeout.min = 5s (custom)
2019-10-08 21:58:33,254 [pool-393-thread-1] INFO  server.RaftServerConfigKeys (ConfUtils.java:logGet(43)) - raft.server.rpc.timeout.max = 5200ms (custom)
2019-10-08 21:58:33,254 [pool-393-thread-1] INFO  server.RaftServerConfigKeys (ConfUtils.java:logGet(43)) - raft.server.rpcslowness.timeout = 120s (custom)
2019-10-08 21:58:33,254 [pool-393-thread-1] INFO  server.RaftServerConfigKeys (ConfUtils.java:logGet(43)) - raft.server.sleep.deviation.threshold = 300 (default)
2019-10-08 21:58:33,254 [pool-393-thread-1] INFO  server.RaftServerConfigKeys (ConfUtils.java:logGet(43)) - raft.server.log.appender.install.snapshot.enabled = false (custom)
2019-10-08 21:58:33,254 [pool-393-thread-1] INFO  impl.RaftServerImpl (ServerState.java:<init>(103)) - 447b4921-8c2d-43b9-b073-18b4d5d7c4f6@group-94304248273E: ConfigurationManager, init=-1: [447b4921-8c2d-43b9-b073-18b4d5d7c4f6:192.168.151.107:46602], old=null, confs=<EMPTY_MAP>
2019-10-08 21:58:33,254 [pool-393-thread-1] INFO  server.RaftServerConfigKeys (ConfUtils.java:logGet(43)) - raft.server.storage.dir = [/workdir/hadoop-ozone/integration-test/target/test-dir/MiniOzoneClusterImpl-b5d04183-30b1-438a-9e7c-4476fbb0217c/datanode-1/data/ratis] (custom)
2019-10-08 21:58:33,255 [pool-393-thread-1] INFO  server.RaftServerConfigKeys (ConfUtils.java:logGet(43)) - raft.server.log.corruption.policy = EXCEPTION (default)
2019-10-08 21:58:33,255 [pool-393-thread-1] INFO  storage.RaftStorageDirectory (RaftStorageDirectory.java:analyzeStorage(246)) - The storage directory /workdir/hadoop-ozone/integration-test/target/test-dir/MiniOzoneClusterImpl-b5d04183-30b1-438a-9e7c-4476fbb0217c/datanode-1/data/ratis/f7b9fa21-3aca-4826-975b-94304248273e does not exist. Creating ...
2019-10-08 21:58:33,276 [pool-393-thread-1] INFO  storage.RaftStorageDirectory (RaftStorageDirectory.java:tryLock(328)) - Lock on /workdir/hadoop-ozone/integration-test/target/test-dir/MiniOzoneClusterImpl-b5d04183-30b1-438a-9e7c-4476fbb0217c/datanode-1/data/ratis/f7b9fa21-3aca-4826-975b-94304248273e/in_use.lock acquired by nodename 25773@pr-hdds-2217-2kdk4-3258704453
2019-10-08 21:58:33,288 [pool-393-thread-1] INFO  storage.RaftStorage (RaftStorage.java:format(84)) - Storage directory /workdir/hadoop-ozone/integration-test/target/test-dir/MiniOzoneClusterImpl-b5d04183-30b1-438a-9e7c-4476fbb0217c/datanode-1/data/ratis/f7b9fa21-3aca-4826-975b-94304248273e has been successfully formatted.
2019-10-08 21:58:33,289 [pool-393-thread-1] INFO  ratis.ContainerStateMachine (ContainerStateMachine.java:loadSnapshot(231)) - group-94304248273E: The snapshot info is null. Setting the last applied indexto:(t:0, i:~)
2019-10-08 21:58:33,289 [pool-393-thread-1] INFO  server.RaftServerConfigKeys (ConfUtils.java:logGet(43)) - raft.server.notification.no-leader.timeout = 120s (custom)
2019-10-08 21:58:33,289 [pool-393-thread-1] INFO  server.RaftServerConfigKeys (ConfUtils.java:logGet(43)) - raft.server.log.use.memory = false (default)
2019-10-08 21:58:33,289 [pool-393-thread-1] INFO  server.RaftServerConfigKeys (ConfUtils.java:logGet(43)) - raft.server.log.purge.gap = 1000000 (custom)
2019-10-08 21:58:33,289 [pool-393-thread-1] INFO  server.RaftServerConfigKeys (ConfUtils.java:logGet(43)) - raft.server.log.appender.buffer.byte-limit = 33554432 (custom)
2019-10-08 21:58:33,289 [pool-393-thread-1] INFO  server.RaftServerConfigKeys (ConfUtils.java:logGet(43)) - raft.server.log.segment.size.max = 1048576 (custom)
2019-10-08 21:58:33,291 [pool-393-thread-1] INFO  server.RaftServerConfigKeys (ConfUtils.java:logGet(43)) - raft.server.log.segment.cache.num.max = 2 (custom)
2019-10-08 21:58:33,291 [pool-393-thread-1] INFO  segmented.SegmentedRaftLogWorker (SegmentedRaftLogWorker.java:<init>(173)) - new 447b4921-8c2d-43b9-b073-18b4d5d7c4f6@group-94304248273E-SegmentedRaftLogWorker for RaftStorage:Storage Directory /workdir/hadoop-ozone/integration-test/target/test-dir/MiniOzoneClusterImpl-b5d04183-30b1-438a-9e7c-4476fbb0217c/datanode-1/data/ratis/f7b9fa21-3aca-4826-975b-94304248273e
2019-10-08 21:58:33,291 [pool-393-thread-1] INFO  server.RaftServerConfigKeys (ConfUtils.java:logGet(43)) - raft.server.log.queue.byte-limit = 2147483647 (custom)
2019-10-08 21:58:33,291 [pool-393-thread-1] INFO  server.RaftServerConfigKeys (ConfUtils.java:logGet(43)) - raft.server.log.queue.element-limit = 1024 (custom)
2019-10-08 21:58:33,292 [pool-393-thread-1] INFO  server.RaftServerConfigKeys (ConfUtils.java:logGet(43)) - raft.server.log.segment.size.max = 1048576 (custom)
2019-10-08 21:58:33,292 [pool-393-thread-1] INFO  server.RaftServerConfigKeys (ConfUtils.java:logGet(43)) - raft.server.log.preallocated.size = 16384 (custom)
2019-10-08 21:58:33,292 [pool-393-thread-1] INFO  server.RaftServerConfigKeys (ConfUtils.java:logGet(43)) - raft.server.log.write.buffer.size = 33554432 (custom)
2019-10-08 21:58:33,292 [pool-393-thread-1] INFO  server.RaftServerConfigKeys (ConfUtils.java:logGet(43)) - raft.server.log.force.sync.num = 128 (default)
2019-10-08 21:58:33,292 [pool-393-thread-1] INFO  server.RaftServerConfigKeys (ConfUtils.java:logGet(43)) - raft.server.log.statemachine.data.sync = true (default)
2019-10-08 21:58:33,292 [pool-393-thread-1] INFO  server.RaftServerConfigKeys (ConfUtils.java:logGet(43)) - raft.server.log.statemachine.data.sync.timeout = 10s (default)
2019-10-08 21:58:33,292 [pool-393-thread-1] INFO  server.RaftServerConfigKeys (ConfUtils.java:logGet(43)) - raft.server.log.statemachine.data.sync.timeout.retry = -1 (default)
2019-10-08 21:58:33,293 [pool-393-thread-1] INFO  server.RaftServerConfigKeys (ConfUtils.java:logGet(43)) - raft.server.log.statemachine.data.caching.enabled = true (custom)
2019-10-08 21:58:33,293 [pool-393-thread-1] INFO  segmented.SegmentedRaftLogWorker (SegmentedRaftLogWorker.java:lambda$new$0(128)) - 447b4921-8c2d-43b9-b073-18b4d5d7c4f6@group-94304248273E-SegmentedRaftLogWorker: flushIndex: setUnconditionally 0 -> -1
2019-10-08 21:58:33,294 [pool-393-thread-1] INFO  server.RaftServerConfigKeys (ConfUtils.java:logGet(43)) - raft.server.snapshot.auto.trigger.enabled = true (custom)
2019-10-08 21:58:33,294 [pool-393-thread-1] INFO  server.RaftServerConfigKeys (ConfUtils.java:logGet(43)) - raft.server.snapshot.auto.trigger.threshold = 10000 (custom)
2019-10-08 21:58:33,294 [pool-393-thread-1] INFO  server.RaftServerConfigKeys (ConfUtils.java:logGet(43)) - raft.server.snapshot.retention.file.num = 5 (custom)
2019-10-08 21:58:33,294 [pool-393-thread-1] INFO  server.RaftServerConfigKeys (ConfUtils.java:logGet(43)) - raft.server.retrycache.expirytime = 600000ms (custom)
2019-10-08 21:58:33,296 [pool-393-thread-1] INFO  impl.RaftServerImpl (RaftServerImpl.java:start(181)) - 447b4921-8c2d-43b9-b073-18b4d5d7c4f6@group-94304248273E: start as a follower, conf=-1: [447b4921-8c2d-43b9-b073-18b4d5d7c4f6:192.168.151.107:46602], old=null
2019-10-08 21:58:33,296 [pool-393-thread-1] INFO  impl.RaftServerImpl (RaftServerImpl.java:setRole(170)) - 447b4921-8c2d-43b9-b073-18b4d5d7c4f6@group-94304248273E: changes role from      null to FOLLOWER at term 0 for startAsFollower
2019-10-08 21:58:33,296 [pool-393-thread-1] INFO  impl.RoleInfo (RoleInfo.java:updateAndGet(143)) - 447b4921-8c2d-43b9-b073-18b4d5d7c4f6: start FollowerState
2019-10-08 21:58:33,296 [pool-393-thread-1] INFO  util.JmxRegister (JmxRegister.java:tryRegister(44)) - Successfully registered JMX Bean with object name Ratis:service=RaftServer,group=group-94304248273E,id=447b4921-8c2d-43b9-b073-18b4d5d7c4f6
2019-10-08 21:58:33,300 [RatisPipelineUtilsThread] INFO  pipeline.PipelineStateManager (PipelineStateManager.java:addPipeline(56)) - Created pipeline Pipeline[ Id: f7b9fa21-3aca-4826-975b-94304248273e, Nodes: 447b4921-8c2d-43b9-b073-18b4d5d7c4f6{ip: 192.168.151.107, host: pr-hdds-2217-2kdk4-3258704453, networkLocation: /default-rack, certSerialId: null}, Type:RATIS, Factor:ONE, State:OPEN]
2019-10-08 21:58:33,329 [IPC Server handler 18 on 34765] INFO  net.NetworkTopology (NetworkTopologyImpl.java:add(111)) - Added a new node: /default-rack/6f427bc6-6379-4232-9c9d-b34be0db073c
2019-10-08 21:58:33,329 [IPC Server handler 18 on 34765] INFO  node.SCMNodeManager (SCMNodeManager.java:register(268)) - Registered Data node : 6f427bc6-6379-4232-9c9d-b34be0db073c{ip: 192.168.151.107, host: pr-hdds-2217-2kdk4-3258704453, networkLocation: /default-rack, certSerialId: null}
2019-10-08 21:58:33,338 [grpc-default-executor-8] INFO  impl.RaftServerProxy (RaftServerProxy.java:addNew(89)) - 6f427bc6-6379-4232-9c9d-b34be0db073c: addNew group-AE0F82F88AF1:[6f427bc6-6379-4232-9c9d-b34be0db073c:192.168.151.107:33953] returns group-AE0F82F88AF1:java.util.concurrent.CompletableFuture@6729ddf[Not completed]
2019-10-08 21:58:33,339 [pool-403-thread-1] INFO  impl.RaftServerImpl (RaftServerImpl.java:<init>(95)) - 6f427bc6-6379-4232-9c9d-b34be0db073c: new RaftServerImpl for group-AE0F82F88AF1:[6f427bc6-6379-4232-9c9d-b34be0db073c:192.168.151.107:33953] with ContainerStateMachine:uninitialized
2019-10-08 21:58:33,339 [pool-403-thread-1] INFO  server.RaftServerConfigKeys (ConfUtils.java:logGet(43)) - raft.server.rpc.timeout.min = 5s (custom)
2019-10-08 21:58:33,340 [pool-403-thread-1] INFO  server.RaftServerConfigKeys (ConfUtils.java:logGet(43)) - raft.server.rpc.timeout.max = 5200ms (custom)
2019-10-08 21:58:33,340 [pool-403-thread-1] INFO  server.RaftServerConfigKeys (ConfUtils.java:logGet(43)) - raft.server.rpcslowness.timeout = 120s (custom)
2019-10-08 21:58:33,340 [pool-403-thread-1] INFO  server.RaftServerConfigKeys (ConfUtils.java:logGet(43)) - raft.server.sleep.deviation.threshold = 300 (default)
2019-10-08 21:58:33,340 [pool-403-thread-1] INFO  server.RaftServerConfigKeys (ConfUtils.java:logGet(43)) - raft.server.log.appender.install.snapshot.enabled = false (custom)
2019-10-08 21:58:33,340 [pool-403-thread-1] INFO  impl.RaftServerImpl (ServerState.java:<init>(103)) - 6f427bc6-6379-4232-9c9d-b34be0db073c@group-AE0F82F88AF1: ConfigurationManager, init=-1: [6f427bc6-6379-4232-9c9d-b34be0db073c:192.168.151.107:33953], old=null, confs=<EMPTY_MAP>
2019-10-08 21:58:33,340 [pool-403-thread-1] INFO  server.RaftServerConfigKeys (ConfUtils.java:logGet(43)) - raft.server.storage.dir = [/workdir/hadoop-ozone/integration-test/target/test-dir/MiniOzoneClusterImpl-b5d04183-30b1-438a-9e7c-4476fbb0217c/datanode-2/data/ratis] (custom)
2019-10-08 21:58:33,341 [pool-403-thread-1] INFO  server.RaftServerConfigKeys (ConfUtils.java:logGet(43)) - raft.server.log.corruption.policy = EXCEPTION (default)
2019-10-08 21:58:33,341 [pool-403-thread-1] INFO  storage.RaftStorageDirectory (RaftStorageDirectory.java:analyzeStorage(246)) - The storage directory /workdir/hadoop-ozone/integration-test/target/test-dir/MiniOzoneClusterImpl-b5d04183-30b1-438a-9e7c-4476fbb0217c/datanode-2/data/ratis/75d7add8-0af6-46c2-bc50-ae0f82f88af1 does not exist. Creating ...
2019-10-08 21:58:33,353 [pool-403-thread-1] INFO  storage.RaftStorageDirectory (RaftStorageDirectory.java:tryLock(328)) - Lock on /workdir/hadoop-ozone/integration-test/target/test-dir/MiniOzoneClusterImpl-b5d04183-30b1-438a-9e7c-4476fbb0217c/datanode-2/data/ratis/75d7add8-0af6-46c2-bc50-ae0f82f88af1/in_use.lock acquired by nodename 25773@pr-hdds-2217-2kdk4-3258704453
2019-10-08 21:58:33,366 [pool-403-thread-1] INFO  storage.RaftStorage (RaftStorage.java:format(84)) - Storage directory /workdir/hadoop-ozone/integration-test/target/test-dir/MiniOzoneClusterImpl-b5d04183-30b1-438a-9e7c-4476fbb0217c/datanode-2/data/ratis/75d7add8-0af6-46c2-bc50-ae0f82f88af1 has been successfully formatted.
2019-10-08 21:58:33,366 [pool-403-thread-1] INFO  ratis.ContainerStateMachine (ContainerStateMachine.java:loadSnapshot(231)) - group-AE0F82F88AF1: The snapshot info is null. Setting the last applied indexto:(t:0, i:~)
2019-10-08 21:58:33,367 [pool-403-thread-1] INFO  server.RaftServerConfigKeys (ConfUtils.java:logGet(43)) - raft.server.notification.no-leader.timeout = 120s (custom)
2019-10-08 21:58:33,367 [pool-403-thread-1] INFO  server.RaftServerConfigKeys (ConfUtils.java:logGet(43)) - raft.server.log.use.memory = false (default)
2019-10-08 21:58:33,367 [pool-403-thread-1] INFO  server.RaftServerConfigKeys (ConfUtils.java:logGet(43)) - raft.server.log.purge.gap = 1000000 (custom)
2019-10-08 21:58:33,367 [pool-403-thread-1] INFO  server.RaftServerConfigKeys (ConfUtils.java:logGet(43)) - raft.server.log.appender.buffer.byte-limit = 33554432 (custom)
2019-10-08 21:58:33,367 [pool-403-thread-1] INFO  server.RaftServerConfigKeys (ConfUtils.java:logGet(43)) - raft.server.log.segment.size.max = 1048576 (custom)
2019-10-08 21:58:33,368 [pool-403-thread-1] INFO  server.RaftServerConfigKeys (ConfUtils.java:logGet(43)) - raft.server.log.segment.cache.num.max = 2 (custom)
2019-10-08 21:58:33,368 [pool-403-thread-1] INFO  segmented.SegmentedRaftLogWorker (SegmentedRaftLogWorker.java:<init>(173)) - new 6f427bc6-6379-4232-9c9d-b34be0db073c@group-AE0F82F88AF1-SegmentedRaftLogWorker for RaftStorage:Storage Directory /workdir/hadoop-ozone/integration-test/target/test-dir/MiniOzoneClusterImpl-b5d04183-30b1-438a-9e7c-4476fbb0217c/datanode-2/data/ratis/75d7add8-0af6-46c2-bc50-ae0f82f88af1
2019-10-08 21:58:33,368 [pool-403-thread-1] INFO  server.RaftServerConfigKeys (ConfUtils.java:logGet(43)) - raft.server.log.queue.byte-limit = 2147483647 (custom)
2019-10-08 21:58:33,369 [pool-403-thread-1] INFO  server.RaftServerConfigKeys (ConfUtils.java:logGet(43)) - raft.server.log.queue.element-limit = 1024 (custom)
2019-10-08 21:58:33,369 [pool-403-thread-1] INFO  server.RaftServerConfigKeys (ConfUtils.java:logGet(43)) - raft.server.log.segment.size.max = 1048576 (custom)
2019-10-08 21:58:33,369 [pool-403-thread-1] INFO  server.RaftServerConfigKeys (ConfUtils.java:logGet(43)) - raft.server.log.preallocated.size = 16384 (custom)
2019-10-08 21:58:33,369 [pool-403-thread-1] INFO  server.RaftServerConfigKeys (ConfUtils.java:logGet(43)) - raft.server.log.write.buffer.size = 33554432 (custom)
2019-10-08 21:58:33,369 [pool-403-thread-1] INFO  server.RaftServerConfigKeys (ConfUtils.java:logGet(43)) - raft.server.log.force.sync.num = 128 (default)
2019-10-08 21:58:33,369 [pool-403-thread-1] INFO  server.RaftServerConfigKeys (ConfUtils.java:logGet(43)) - raft.server.log.statemachine.data.sync = true (default)
2019-10-08 21:58:33,369 [pool-403-thread-1] INFO  server.RaftServerConfigKeys (ConfUtils.java:logGet(43)) - raft.server.log.statemachine.data.sync.timeout = 10s (default)
2019-10-08 21:58:33,369 [pool-403-thread-1] INFO  server.RaftServerConfigKeys (ConfUtils.java:logGet(43)) - raft.server.log.statemachine.data.sync.timeout.retry = -1 (default)
2019-10-08 21:58:33,370 [pool-403-thread-1] INFO  server.RaftServerConfigKeys (ConfUtils.java:logGet(43)) - raft.server.log.statemachine.data.caching.enabled = true (custom)
2019-10-08 21:58:33,370 [pool-403-thread-1] INFO  segmented.SegmentedRaftLogWorker (SegmentedRaftLogWorker.java:lambda$new$0(128)) - 6f427bc6-6379-4232-9c9d-b34be0db073c@group-AE0F82F88AF1-SegmentedRaftLogWorker: flushIndex: setUnconditionally 0 -> -1
2019-10-08 21:58:33,371 [pool-403-thread-1] INFO  server.RaftServerConfigKeys (ConfUtils.java:logGet(43)) - raft.server.snapshot.auto.trigger.enabled = true (custom)
2019-10-08 21:58:33,371 [pool-403-thread-1] INFO  server.RaftServerConfigKeys (ConfUtils.java:logGet(43)) - raft.server.snapshot.auto.trigger.threshold = 10000 (custom)
2019-10-08 21:58:33,371 [pool-403-thread-1] INFO  server.RaftServerConfigKeys (ConfUtils.java:logGet(43)) - raft.server.snapshot.retention.file.num = 5 (custom)
2019-10-08 21:58:33,371 [pool-403-thread-1] INFO  server.RaftServerConfigKeys (ConfUtils.java:logGet(43)) - raft.server.retrycache.expirytime = 600000ms (custom)
2019-10-08 21:58:33,372 [pool-403-thread-1] INFO  impl.RaftServerImpl (RaftServerImpl.java:start(181)) - 6f427bc6-6379-4232-9c9d-b34be0db073c@group-AE0F82F88AF1: start as a follower, conf=-1: [6f427bc6-6379-4232-9c9d-b34be0db073c:192.168.151.107:33953], old=null
2019-10-08 21:58:33,372 [pool-403-thread-1] INFO  impl.RaftServerImpl (RaftServerImpl.java:setRole(170)) - 6f427bc6-6379-4232-9c9d-b34be0db073c@group-AE0F82F88AF1: changes role from      null to FOLLOWER at term 0 for startAsFollower
2019-10-08 21:58:33,372 [pool-403-thread-1] INFO  impl.RoleInfo (RoleInfo.java:updateAndGet(143)) - 6f427bc6-6379-4232-9c9d-b34be0db073c: start FollowerState
2019-10-08 21:58:33,373 [pool-403-thread-1] INFO  util.JmxRegister (JmxRegister.java:tryRegister(44)) - Successfully registered JMX Bean with object name Ratis:service=RaftServer,group=group-AE0F82F88AF1,id=6f427bc6-6379-4232-9c9d-b34be0db073c
2019-10-08 21:58:33,376 [RatisPipelineUtilsThread] INFO  pipeline.PipelineStateManager (PipelineStateManager.java:addPipeline(56)) - Created pipeline Pipeline[ Id: 75d7add8-0af6-46c2-bc50-ae0f82f88af1, Nodes: 6f427bc6-6379-4232-9c9d-b34be0db073c{ip: 192.168.151.107, host: pr-hdds-2217-2kdk4-3258704453, networkLocation: /default-rack, certSerialId: null}, Type:RATIS, Factor:ONE, State:OPEN]
2019-10-08 21:58:33,385 [grpc-default-executor-7] INFO  impl.RaftServerProxy (RaftServerProxy.java:addNew(89)) - 447b4921-8c2d-43b9-b073-18b4d5d7c4f6: addNew group-67C6FC6BB742:[5d9d4753-5868-46ae-88db-59d46778e9c7:192.168.151.107:41968, 6f427bc6-6379-4232-9c9d-b34be0db073c:192.168.151.107:33953, 447b4921-8c2d-43b9-b073-18b4d5d7c4f6:192.168.151.107:46602] returns group-67C6FC6BB742:java.util.concurrent.CompletableFuture@3d06fba0[Not completed]
2019-10-08 21:58:33,386 [grpc-default-executor-7] INFO  impl.RaftServerProxy (RaftServerProxy.java:addNew(89)) - 5d9d4753-5868-46ae-88db-59d46778e9c7: addNew group-67C6FC6BB742:[5d9d4753-5868-46ae-88db-59d46778e9c7:192.168.151.107:41968, 6f427bc6-6379-4232-9c9d-b34be0db073c:192.168.151.107:33953, 447b4921-8c2d-43b9-b073-18b4d5d7c4f6:192.168.151.107:46602] returns group-67C6FC6BB742:java.util.concurrent.CompletableFuture@11c86d5c[Not completed]
2019-10-08 21:58:33,386 [grpc-default-executor-7] INFO  impl.RaftServerProxy (RaftServerProxy.java:addNew(89)) - 6f427bc6-6379-4232-9c9d-b34be0db073c: addNew group-67C6FC6BB742:[5d9d4753-5868-46ae-88db-59d46778e9c7:192.168.151.107:41968, 6f427bc6-6379-4232-9c9d-b34be0db073c:192.168.151.107:33953, 447b4921-8c2d-43b9-b073-18b4d5d7c4f6:192.168.151.107:46602] returns group-67C6FC6BB742:java.util.concurrent.CompletableFuture@1ec1c94f[Not completed]
2019-10-08 21:58:33,386 [pool-393-thread-1] INFO  impl.RaftServerImpl (RaftServerImpl.java:<init>(95)) - 447b4921-8c2d-43b9-b073-18b4d5d7c4f6: new RaftServerImpl for group-67C6FC6BB742:[5d9d4753-5868-46ae-88db-59d46778e9c7:192.168.151.107:41968, 6f427bc6-6379-4232-9c9d-b34be0db073c:192.168.151.107:33953, 447b4921-8c2d-43b9-b073-18b4d5d7c4f6:192.168.151.107:46602] with ContainerStateMachine:uninitialized
2019-10-08 21:58:33,386 [pool-393-thread-1] INFO  server.RaftServerConfigKeys (ConfUtils.java:logGet(43)) - raft.server.rpc.timeout.min = 5s (custom)
2019-10-08 21:58:33,386 [pool-393-thread-1] INFO  server.RaftServerConfigKeys (ConfUtils.java:logGet(43)) - raft.server.rpc.timeout.max = 5200ms (custom)
2019-10-08 21:58:33,386 [pool-393-thread-1] INFO  server.RaftServerConfigKeys (ConfUtils.java:logGet(43)) - raft.server.rpcslowness.timeout = 120s (custom)
2019-10-08 21:58:33,387 [pool-393-thread-1] INFO  server.RaftServerConfigKeys (ConfUtils.java:logGet(43)) - raft.server.sleep.deviation.threshold = 300 (default)
2019-10-08 21:58:33,387 [pool-393-thread-1] INFO  server.RaftServerConfigKeys (ConfUtils.java:logGet(43)) - raft.server.log.appender.install.snapshot.enabled = false (custom)
2019-10-08 21:58:33,387 [pool-393-thread-1] INFO  impl.RaftServerImpl (ServerState.java:<init>(103)) - 447b4921-8c2d-43b9-b073-18b4d5d7c4f6@group-67C6FC6BB742: ConfigurationManager, init=-1: [5d9d4753-5868-46ae-88db-59d46778e9c7:192.168.151.107:41968, 6f427bc6-6379-4232-9c9d-b34be0db073c:192.168.151.107:33953, 447b4921-8c2d-43b9-b073-18b4d5d7c4f6:192.168.151.107:46602], old=null, confs=<EMPTY_MAP>
2019-10-08 21:58:33,387 [pool-383-thread-1] INFO  impl.RaftServerImpl (RaftServerImpl.java:<init>(95)) - 5d9d4753-5868-46ae-88db-59d46778e9c7: new RaftServerImpl for group-67C6FC6BB742:[5d9d4753-5868-46ae-88db-59d46778e9c7:192.168.151.107:41968, 6f427bc6-6379-4232-9c9d-b34be0db073c:192.168.151.107:33953, 447b4921-8c2d-43b9-b073-18b4d5d7c4f6:192.168.151.107:46602] with ContainerStateMachine:uninitialized
2019-10-08 21:58:33,387 [pool-393-thread-1] INFO  server.RaftServerConfigKeys (ConfUtils.java:logGet(43)) - raft.server.storage.dir = [/workdir/hadoop-ozone/integration-test/target/test-dir/MiniOzoneClusterImpl-b5d04183-30b1-438a-9e7c-4476fbb0217c/datanode-1/data/ratis] (custom)
2019-10-08 21:58:33,387 [pool-383-thread-1] INFO  server.RaftServerConfigKeys (ConfUtils.java:logGet(43)) - raft.server.rpc.timeout.min = 5s (custom)
2019-10-08 21:58:33,387 [pool-393-thread-1] INFO  server.RaftServerConfigKeys (ConfUtils.java:logGet(43)) - raft.server.log.corruption.policy = EXCEPTION (default)
2019-10-08 21:58:33,387 [pool-403-thread-1] INFO  impl.RaftServerImpl (RaftServerImpl.java:<init>(95)) - 6f427bc6-6379-4232-9c9d-b34be0db073c: new RaftServerImpl for group-67C6FC6BB742:[5d9d4753-5868-46ae-88db-59d46778e9c7:192.168.151.107:41968, 6f427bc6-6379-4232-9c9d-b34be0db073c:192.168.151.107:33953, 447b4921-8c2d-43b9-b073-18b4d5d7c4f6:192.168.151.107:46602] with ContainerStateMachine:uninitialized
2019-10-08 21:58:33,387 [pool-383-thread-1] INFO  server.RaftServerConfigKeys (ConfUtils.java:logGet(43)) - raft.server.rpc.timeout.max = 5200ms (custom)
2019-10-08 21:58:33,388 [pool-403-thread-1] INFO  server.RaftServerConfigKeys (ConfUtils.java:logGet(43)) - raft.server.rpc.timeout.min = 5s (custom)
2019-10-08 21:58:33,387 [pool-393-thread-1] INFO  storage.RaftStorageDirectory (RaftStorageDirectory.java:analyzeStorage(246)) - The storage directory /workdir/hadoop-ozone/integration-test/target/test-dir/MiniOzoneClusterImpl-b5d04183-30b1-438a-9e7c-4476fbb0217c/datanode-1/data/ratis/9cc85d93-ddda-4153-9672-67c6fc6bb742 does not exist. Creating ...
2019-10-08 21:58:33,388 [pool-403-thread-1] INFO  server.RaftServerConfigKeys (ConfUtils.java:logGet(43)) - raft.server.rpc.timeout.max = 5200ms (custom)
2019-10-08 21:58:33,388 [pool-383-thread-1] INFO  server.RaftServerConfigKeys (ConfUtils.java:logGet(43)) - raft.server.rpcslowness.timeout = 120s (custom)
2019-10-08 21:58:33,388 [pool-403-thread-1] INFO  server.RaftServerConfigKeys (ConfUtils.java:logGet(43)) - raft.server.rpcslowness.timeout = 120s (custom)
2019-10-08 21:58:33,388 [pool-383-thread-1] INFO  server.RaftServerConfigKeys (ConfUtils.java:logGet(43)) - raft.server.sleep.deviation.threshold = 300 (default)
2019-10-08 21:58:33,388 [pool-403-thread-1] INFO  server.RaftServerConfigKeys (ConfUtils.java:logGet(43)) - raft.server.sleep.deviation.threshold = 300 (default)
2019-10-08 21:58:33,388 [pool-383-thread-1] INFO  server.RaftServerConfigKeys (ConfUtils.java:logGet(43)) - raft.server.log.appender.install.snapshot.enabled = false (custom)
2019-10-08 21:58:33,388 [pool-403-thread-1] INFO  server.RaftServerConfigKeys (ConfUtils.java:logGet(43)) - raft.server.log.appender.install.snapshot.enabled = false (custom)
2019-10-08 21:58:33,389 [pool-383-thread-1] INFO  impl.RaftServerImpl (ServerState.java:<init>(103)) - 5d9d4753-5868-46ae-88db-59d46778e9c7@group-67C6FC6BB742: ConfigurationManager, init=-1: [5d9d4753-5868-46ae-88db-59d46778e9c7:192.168.151.107:41968, 6f427bc6-6379-4232-9c9d-b34be0db073c:192.168.151.107:33953, 447b4921-8c2d-43b9-b073-18b4d5d7c4f6:192.168.151.107:46602], old=null, confs=<EMPTY_MAP>
2019-10-08 21:58:33,389 [pool-403-thread-1] INFO  impl.RaftServerImpl (ServerState.java:<init>(103)) - 6f427bc6-6379-4232-9c9d-b34be0db073c@group-67C6FC6BB742: ConfigurationManager, init=-1: [5d9d4753-5868-46ae-88db-59d46778e9c7:192.168.151.107:41968, 6f427bc6-6379-4232-9c9d-b34be0db073c:192.168.151.107:33953, 447b4921-8c2d-43b9-b073-18b4d5d7c4f6:192.168.151.107:46602], old=null, confs=<EMPTY_MAP>
2019-10-08 21:58:33,389 [pool-383-thread-1] INFO  server.RaftServerConfigKeys (ConfUtils.java:logGet(43)) - raft.server.storage.dir = [/workdir/hadoop-ozone/integration-test/target/test-dir/MiniOzoneClusterImpl-b5d04183-30b1-438a-9e7c-4476fbb0217c/datanode-0/data/ratis] (custom)
2019-10-08 21:58:33,389 [pool-403-thread-1] INFO  server.RaftServerConfigKeys (ConfUtils.java:logGet(43)) - raft.server.storage.dir = [/workdir/hadoop-ozone/integration-test/target/test-dir/MiniOzoneClusterImpl-b5d04183-30b1-438a-9e7c-4476fbb0217c/datanode-2/data/ratis] (custom)
2019-10-08 21:58:33,389 [pool-383-thread-1] INFO  server.RaftServerConfigKeys (ConfUtils.java:logGet(43)) - raft.server.log.corruption.policy = EXCEPTION (default)
2019-10-08 21:58:33,389 [pool-403-thread-1] INFO  server.RaftServerConfigKeys (ConfUtils.java:logGet(43)) - raft.server.log.corruption.policy = EXCEPTION (default)
2019-10-08 21:58:33,389 [pool-383-thread-1] INFO  storage.RaftStorageDirectory (RaftStorageDirectory.java:analyzeStorage(246)) - The storage directory /workdir/hadoop-ozone/integration-test/target/test-dir/MiniOzoneClusterImpl-b5d04183-30b1-438a-9e7c-4476fbb0217c/datanode-0/data/ratis/9cc85d93-ddda-4153-9672-67c6fc6bb742 does not exist. Creating ...
2019-10-08 21:58:33,389 [pool-403-thread-1] INFO  storage.RaftStorageDirectory (RaftStorageDirectory.java:analyzeStorage(246)) - The storage directory /workdir/hadoop-ozone/integration-test/target/test-dir/MiniOzoneClusterImpl-b5d04183-30b1-438a-9e7c-4476fbb0217c/datanode-2/data/ratis/9cc85d93-ddda-4153-9672-67c6fc6bb742 does not exist. Creating ...
2019-10-08 21:58:33,413 [pool-393-thread-1] INFO  storage.RaftStorageDirectory (RaftStorageDirectory.java:tryLock(328)) - Lock on /workdir/hadoop-ozone/integration-test/target/test-dir/MiniOzoneClusterImpl-b5d04183-30b1-438a-9e7c-4476fbb0217c/datanode-1/data/ratis/9cc85d93-ddda-4153-9672-67c6fc6bb742/in_use.lock acquired by nodename 25773@pr-hdds-2217-2kdk4-3258704453
2019-10-08 21:58:33,413 [pool-403-thread-1] INFO  storage.RaftStorageDirectory (RaftStorageDirectory.java:tryLock(328)) - Lock on /workdir/hadoop-ozone/integration-test/target/test-dir/MiniOzoneClusterImpl-b5d04183-30b1-438a-9e7c-4476fbb0217c/datanode-2/data/ratis/9cc85d93-ddda-4153-9672-67c6fc6bb742/in_use.lock acquired by nodename 25773@pr-hdds-2217-2kdk4-3258704453
2019-10-08 21:58:33,413 [pool-383-thread-1] INFO  storage.RaftStorageDirectory (RaftStorageDirectory.java:tryLock(328)) - Lock on /workdir/hadoop-ozone/integration-test/target/test-dir/MiniOzoneClusterImpl-b5d04183-30b1-438a-9e7c-4476fbb0217c/datanode-0/data/ratis/9cc85d93-ddda-4153-9672-67c6fc6bb742/in_use.lock acquired by nodename 25773@pr-hdds-2217-2kdk4-3258704453
2019-10-08 21:58:33,425 [IPC Server handler 2 on 34765] INFO  net.NetworkTopology (NetworkTopologyImpl.java:add(111)) - Added a new node: /default-rack/3c15ff24-c36c-4c0a-bb05-599d7fd0bd78
2019-10-08 21:58:33,425 [IPC Server handler 2 on 34765] INFO  node.SCMNodeManager (SCMNodeManager.java:register(268)) - Registered Data node : 3c15ff24-c36c-4c0a-bb05-599d7fd0bd78{ip: 192.168.151.107, host: pr-hdds-2217-2kdk4-3258704453, networkLocation: /default-rack, certSerialId: null}
2019-10-08 21:58:33,438 [pool-393-thread-1] INFO  storage.RaftStorage (RaftStorage.java:format(84)) - Storage directory /workdir/hadoop-ozone/integration-test/target/test-dir/MiniOzoneClusterImpl-b5d04183-30b1-438a-9e7c-4476fbb0217c/datanode-1/data/ratis/9cc85d93-ddda-4153-9672-67c6fc6bb742 has been successfully formatted.
2019-10-08 21:58:33,438 [pool-383-thread-1] INFO  storage.RaftStorage (RaftStorage.java:format(84)) - Storage directory /workdir/hadoop-ozone/integration-test/target/test-dir/MiniOzoneClusterImpl-b5d04183-30b1-438a-9e7c-4476fbb0217c/datanode-0/data/ratis/9cc85d93-ddda-4153-9672-67c6fc6bb742 has been successfully formatted.
2019-10-08 21:58:33,438 [pool-393-thread-1] INFO  ratis.ContainerStateMachine (ContainerStateMachine.java:loadSnapshot(231)) - group-67C6FC6BB742: The snapshot info is null. Setting the last applied indexto:(t:0, i:~)
2019-10-08 21:58:33,438 [pool-393-thread-1] INFO  server.RaftServerConfigKeys (ConfUtils.java:logGet(43)) - raft.server.notification.no-leader.timeout = 120s (custom)
2019-10-08 21:58:33,438 [pool-403-thread-1] INFO  storage.RaftStorage (RaftStorage.java:format(84)) - Storage directory /workdir/hadoop-ozone/integration-test/target/test-dir/MiniOzoneClusterImpl-b5d04183-30b1-438a-9e7c-4476fbb0217c/datanode-2/data/ratis/9cc85d93-ddda-4153-9672-67c6fc6bb742 has been successfully formatted.
2019-10-08 21:58:33,438 [pool-393-thread-1] INFO  server.RaftServerConfigKeys (ConfUtils.java:logGet(43)) - raft.server.log.use.memory = false (default)
2019-10-08 21:58:33,439 [pool-403-thread-1] INFO  ratis.ContainerStateMachine (ContainerStateMachine.java:loadSnapshot(231)) - group-67C6FC6BB742: The snapshot info is null. Setting the last applied indexto:(t:0, i:~)
2019-10-08 21:58:33,438 [pool-383-thread-1] INFO  ratis.ContainerStateMachine (ContainerStateMachine.java:loadSnapshot(231)) - group-67C6FC6BB742: The snapshot info is null. Setting the last applied indexto:(t:0, i:~)
2019-10-08 21:58:33,439 [pool-403-thread-1] INFO  server.RaftServerConfigKeys (ConfUtils.java:logGet(43)) - raft.server.notification.no-leader.timeout = 120s (custom)
2019-10-08 21:58:33,439 [pool-393-thread-1] INFO  server.RaftServerConfigKeys (ConfUtils.java:logGet(43)) - raft.server.log.purge.gap = 1000000 (custom)
2019-10-08 21:58:33,439 [pool-403-thread-1] INFO  server.RaftServerConfigKeys (ConfUtils.java:logGet(43)) - raft.server.log.use.memory = false (default)
2019-10-08 21:58:33,439 [pool-383-thread-1] INFO  server.RaftServerConfigKeys (ConfUtils.java:logGet(43)) - raft.server.notification.no-leader.timeout = 120s (custom)
2019-10-08 21:58:33,439 [pool-403-thread-1] INFO  server.RaftServerConfigKeys (ConfUtils.java:logGet(43)) - raft.server.log.purge.gap = 1000000 (custom)
2019-10-08 21:58:33,439 [pool-393-thread-1] INFO  server.RaftServerConfigKeys (ConfUtils.java:logGet(43)) - raft.server.log.appender.buffer.byte-limit = 33554432 (custom)
2019-10-08 21:58:33,440 [pool-403-thread-1] INFO  server.RaftServerConfigKeys (ConfUtils.java:logGet(43)) - raft.server.log.appender.buffer.byte-limit = 33554432 (custom)
2019-10-08 21:58:33,439 [pool-383-thread-1] INFO  server.RaftServerConfigKeys (ConfUtils.java:logGet(43)) - raft.server.log.use.memory = false (default)
2019-10-08 21:58:33,440 [pool-403-thread-1] INFO  server.RaftServerConfigKeys (ConfUtils.java:logGet(43)) - raft.server.log.segment.size.max = 1048576 (custom)
2019-10-08 21:58:33,440 [pool-393-thread-1] INFO  server.RaftServerConfigKeys (ConfUtils.java:logGet(43)) - raft.server.log.segment.size.max = 1048576 (custom)
2019-10-08 21:58:33,440 [pool-403-thread-1] INFO  server.RaftServerConfigKeys (ConfUtils.java:logGet(43)) - raft.server.log.segment.cache.num.max = 2 (custom)
2019-10-08 21:58:33,440 [pool-383-thread-1] INFO  server.RaftServerConfigKeys (ConfUtils.java:logGet(43)) - raft.server.log.purge.gap = 1000000 (custom)
2019-10-08 21:58:33,440 [pool-403-thread-1] INFO  segmented.SegmentedRaftLogWorker (SegmentedRaftLogWorker.java:<init>(173)) - new 6f427bc6-6379-4232-9c9d-b34be0db073c@group-67C6FC6BB742-SegmentedRaftLogWorker for RaftStorage:Storage Directory /workdir/hadoop-ozone/integration-test/target/test-dir/MiniOzoneClusterImpl-b5d04183-30b1-438a-9e7c-4476fbb0217c/datanode-2/data/ratis/9cc85d93-ddda-4153-9672-67c6fc6bb742
2019-10-08 21:58:33,440 [pool-393-thread-1] INFO  server.RaftServerConfigKeys (ConfUtils.java:logGet(43)) - raft.server.log.segment.cache.num.max = 2 (custom)
2019-10-08 21:58:33,441 [pool-403-thread-1] INFO  server.RaftServerConfigKeys (ConfUtils.java:logGet(43)) - raft.server.log.queue.byte-limit = 2147483647 (custom)
2019-10-08 21:58:33,440 [pool-383-thread-1] INFO  server.RaftServerConfigKeys (ConfUtils.java:logGet(43)) - raft.server.log.appender.buffer.byte-limit = 33554432 (custom)
2019-10-08 21:58:33,441 [pool-403-thread-1] INFO  server.RaftServerConfigKeys (ConfUtils.java:logGet(43)) - raft.server.log.queue.element-limit = 1024 (custom)
2019-10-08 21:58:33,441 [pool-393-thread-1] INFO  segmented.SegmentedRaftLogWorker (SegmentedRaftLogWorker.java:<init>(173)) - new 447b4921-8c2d-43b9-b073-18b4d5d7c4f6@group-67C6FC6BB742-SegmentedRaftLogWorker for RaftStorage:Storage Directory /workdir/hadoop-ozone/integration-test/target/test-dir/MiniOzoneClusterImpl-b5d04183-30b1-438a-9e7c-4476fbb0217c/datanode-1/data/ratis/9cc85d93-ddda-4153-9672-67c6fc6bb742
2019-10-08 21:58:33,441 [pool-403-thread-1] INFO  server.RaftServerConfigKeys (ConfUtils.java:logGet(43)) - raft.server.log.segment.size.max = 1048576 (custom)
2019-10-08 21:58:33,441 [pool-383-thread-1] INFO  server.RaftServerConfigKeys (ConfUtils.java:logGet(43)) - raft.server.log.segment.size.max = 1048576 (custom)
2019-10-08 21:58:33,441 [pool-403-thread-1] INFO  server.RaftServerConfigKeys (ConfUtils.java:logGet(43)) - raft.server.log.preallocated.size = 16384 (custom)
2019-10-08 21:58:33,441 [pool-393-thread-1] INFO  server.RaftServerConfigKeys (ConfUtils.java:logGet(43)) - raft.server.log.queue.byte-limit = 2147483647 (custom)
2019-10-08 21:58:33,441 [pool-403-thread-1] INFO  server.RaftServerConfigKeys (ConfUtils.java:logGet(43)) - raft.server.log.write.buffer.size = 33554432 (custom)
2019-10-08 21:58:33,441 [pool-383-thread-1] INFO  server.RaftServerConfigKeys (ConfUtils.java:logGet(43)) - raft.server.log.segment.cache.num.max = 2 (custom)
2019-10-08 21:58:33,442 [pool-403-thread-1] INFO  server.RaftServerConfigKeys (ConfUtils.java:logGet(43)) - raft.server.log.force.sync.num = 128 (default)
2019-10-08 21:58:33,442 [pool-393-thread-1] INFO  server.RaftServerConfigKeys (ConfUtils.java:logGet(43)) - raft.server.log.queue.element-limit = 1024 (custom)
2019-10-08 21:58:33,442 [pool-403-thread-1] INFO  server.RaftServerConfigKeys (ConfUtils.java:logGet(43)) - raft.server.log.statemachine.data.sync = true (default)
2019-10-08 21:58:33,442 [pool-383-thread-1] INFO  segmented.SegmentedRaftLogWorker (SegmentedRaftLogWorker.java:<init>(173)) - new 5d9d4753-5868-46ae-88db-59d46778e9c7@group-67C6FC6BB742-SegmentedRaftLogWorker for RaftStorage:Storage Directory /workdir/hadoop-ozone/integration-test/target/test-dir/MiniOzoneClusterImpl-b5d04183-30b1-438a-9e7c-4476fbb0217c/datanode-0/data/ratis/9cc85d93-ddda-4153-9672-67c6fc6bb742
2019-10-08 21:58:33,442 [pool-403-thread-1] INFO  server.RaftServerConfigKeys (ConfUtils.java:logGet(43)) - raft.server.log.statemachine.data.sync.timeout = 10s (default)
2019-10-08 21:58:33,442 [pool-393-thread-1] INFO  server.RaftServerConfigKeys (ConfUtils.java:logGet(43)) - raft.server.log.segment.size.max = 1048576 (custom)
2019-10-08 21:58:33,442 [pool-403-thread-1] INFO  server.RaftServerConfigKeys (ConfUtils.java:logGet(43)) - raft.server.log.statemachine.data.sync.timeout.retry = -1 (default)
2019-10-08 21:58:33,442 [pool-383-thread-1] INFO  server.RaftServerConfigKeys (ConfUtils.java:logGet(43)) - raft.server.log.queue.byte-limit = 2147483647 (custom)
2019-10-08 21:58:33,443 [pool-403-thread-1] INFO  server.RaftServerConfigKeys (ConfUtils.java:logGet(43)) - raft.server.log.statemachine.data.caching.enabled = true (custom)
2019-10-08 21:58:33,443 [pool-393-thread-1] INFO  server.RaftServerConfigKeys (ConfUtils.java:logGet(43)) - raft.server.log.preallocated.size = 16384 (custom)
2019-10-08 21:58:33,443 [pool-383-thread-1] INFO  server.RaftServerConfigKeys (ConfUtils.java:logGet(43)) - raft.server.log.queue.element-limit = 1024 (custom)
2019-10-08 21:58:33,443 [pool-403-thread-1] INFO  segmented.SegmentedRaftLogWorker (SegmentedRaftLogWorker.java:lambda$new$0(128)) - 6f427bc6-6379-4232-9c9d-b34be0db073c@group-67C6FC6BB742-SegmentedRaftLogWorker: flushIndex: setUnconditionally 0 -> -1
2019-10-08 21:58:33,443 [pool-393-thread-1] INFO  server.RaftServerConfigKeys (ConfUtils.java:logGet(43)) - raft.server.log.write.buffer.size = 33554432 (custom)
2019-10-08 21:58:33,443 [pool-383-thread-1] INFO  server.RaftServerConfigKeys (ConfUtils.java:logGet(43)) - raft.server.log.segment.size.max = 1048576 (custom)
2019-10-08 21:58:33,444 [pool-403-thread-1] INFO  server.RaftServerConfigKeys (ConfUtils.java:logGet(43)) - raft.server.snapshot.auto.trigger.enabled = true (custom)
2019-10-08 21:58:33,443 [pool-393-thread-1] INFO  server.RaftServerConfigKeys (ConfUtils.java:logGet(43)) - raft.server.log.force.sync.num = 128 (default)
2019-10-08 21:58:33,444 [pool-403-thread-1] INFO  server.RaftServerConfigKeys (ConfUtils.java:logGet(43)) - raft.server.snapshot.auto.trigger.threshold = 10000 (custom)
2019-10-08 21:58:33,444 [pool-403-thread-1] INFO  server.RaftServerConfigKeys (ConfUtils.java:logGet(43)) - raft.server.snapshot.retention.file.num = 5 (custom)
2019-10-08 21:58:33,444 [pool-383-thread-1] INFO  server.RaftServerConfigKeys (ConfUtils.java:logGet(43)) - raft.server.log.preallocated.size = 16384 (custom)
2019-10-08 21:58:33,444 [pool-403-thread-1] INFO  server.RaftServerConfigKeys (ConfUtils.java:logGet(43)) - raft.server.retrycache.expirytime = 600000ms (custom)
2019-10-08 21:58:33,444 [pool-393-thread-1] INFO  server.RaftServerConfigKeys (ConfUtils.java:logGet(43)) - raft.server.log.statemachine.data.sync = true (default)
2019-10-08 21:58:33,444 [pool-383-thread-1] INFO  server.RaftServerConfigKeys (ConfUtils.java:logGet(43)) - raft.server.log.write.buffer.size = 33554432 (custom)
2019-10-08 21:58:33,445 [pool-393-thread-1] INFO  server.RaftServerConfigKeys (ConfUtils.java:logGet(43)) - raft.server.log.statemachine.data.sync.timeout = 10s (default)
2019-10-08 21:58:33,445 [pool-383-thread-1] INFO  server.RaftServerConfigKeys (ConfUtils.java:logGet(43)) - raft.server.log.force.sync.num = 128 (default)
2019-10-08 21:58:33,445 [pool-393-thread-1] INFO  server.RaftServerConfigKeys (ConfUtils.java:logGet(43)) - raft.server.log.statemachine.data.sync.timeout.retry = -1 (default)
2019-10-08 21:58:33,445 [pool-383-thread-1] INFO  server.RaftServerConfigKeys (ConfUtils.java:logGet(43)) - raft.server.log.statemachine.data.sync = true (default)
2019-10-08 21:58:33,445 [pool-393-thread-1] INFO  server.RaftServerConfigKeys (ConfUtils.java:logGet(43)) - raft.server.log.statemachine.data.caching.enabled = true (custom)
2019-10-08 21:58:33,445 [pool-383-thread-1] INFO  server.RaftServerConfigKeys (ConfUtils.java:logGet(43)) - raft.server.log.statemachine.data.sync.timeout = 10s (default)
2019-10-08 21:58:33,445 [pool-393-thread-1] INFO  segmented.SegmentedRaftLogWorker (SegmentedRaftLogWorker.java:lambda$new$0(128)) - 447b4921-8c2d-43b9-b073-18b4d5d7c4f6@group-67C6FC6BB742-SegmentedRaftLogWorker: flushIndex: setUnconditionally 0 -> -1
2019-10-08 21:58:33,446 [pool-383-thread-1] INFO  server.RaftServerConfigKeys (ConfUtils.java:logGet(43)) - raft.server.log.statemachine.data.sync.timeout.retry = -1 (default)
2019-10-08 21:58:33,446 [pool-393-thread-1] INFO  server.RaftServerConfigKeys (ConfUtils.java:logGet(43)) - raft.server.snapshot.auto.trigger.enabled = true (custom)
2019-10-08 21:58:33,446 [pool-383-thread-1] INFO  server.RaftServerConfigKeys (ConfUtils.java:logGet(43)) - raft.server.log.statemachine.data.caching.enabled = true (custom)
2019-10-08 21:58:33,446 [pool-403-thread-1] INFO  impl.RaftServerImpl (RaftServerImpl.java:start(181)) - 6f427bc6-6379-4232-9c9d-b34be0db073c@group-67C6FC6BB742: start as a follower, conf=-1: [5d9d4753-5868-46ae-88db-59d46778e9c7:192.168.151.107:41968, 6f427bc6-6379-4232-9c9d-b34be0db073c:192.168.151.107:33953, 447b4921-8c2d-43b9-b073-18b4d5d7c4f6:192.168.151.107:46602], old=null
2019-10-08 21:58:33,446 [pool-393-thread-1] INFO  server.RaftServerConfigKeys (ConfUtils.java:logGet(43)) - raft.server.snapshot.auto.trigger.threshold = 10000 (custom)
2019-10-08 21:58:33,446 [pool-383-thread-1] INFO  segmented.SegmentedRaftLogWorker (SegmentedRaftLogWorker.java:lambda$new$0(128)) - 5d9d4753-5868-46ae-88db-59d46778e9c7@group-67C6FC6BB742-SegmentedRaftLogWorker: flushIndex: setUnconditionally 0 -> -1
2019-10-08 21:58:33,446 [pool-403-thread-1] INFO  impl.RaftServerImpl (RaftServerImpl.java:setRole(170)) - 6f427bc6-6379-4232-9c9d-b34be0db073c@group-67C6FC6BB742: changes role from      null to FOLLOWER at term 0 for startAsFollower
2019-10-08 21:58:33,446 [pool-393-thread-1] INFO  server.RaftServerConfigKeys (ConfUtils.java:logGet(43)) - raft.server.snapshot.retention.file.num = 5 (custom)
2019-10-08 21:58:33,447 [pool-383-thread-1] INFO  server.RaftServerConfigKeys (ConfUtils.java:logGet(43)) - raft.server.snapshot.auto.trigger.enabled = true (custom)
2019-10-08 21:58:33,447 [pool-403-thread-1] INFO  impl.RoleInfo (RoleInfo.java:updateAndGet(143)) - 6f427bc6-6379-4232-9c9d-b34be0db073c: start FollowerState
2019-10-08 21:58:33,447 [pool-383-thread-1] INFO  server.RaftServerConfigKeys (ConfUtils.java:logGet(43)) - raft.server.snapshot.auto.trigger.threshold = 10000 (custom)
2019-10-08 21:58:33,447 [pool-393-thread-1] INFO  server.RaftServerConfigKeys (ConfUtils.java:logGet(43)) - raft.server.retrycache.expirytime = 600000ms (custom)
2019-10-08 21:58:33,447 [pool-403-thread-1] INFO  util.JmxRegister (JmxRegister.java:tryRegister(44)) - Successfully registered JMX Bean with object name Ratis:service=RaftServer,group=group-67C6FC6BB742,id=6f427bc6-6379-4232-9c9d-b34be0db073c
2019-10-08 21:58:33,447 [pool-383-thread-1] INFO  server.RaftServerConfigKeys (ConfUtils.java:logGet(43)) - raft.server.snapshot.retention.file.num = 5 (custom)
2019-10-08 21:58:33,447 [pool-383-thread-1] INFO  server.RaftServerConfigKeys (ConfUtils.java:logGet(43)) - raft.server.retrycache.expirytime = 600000ms (custom)
2019-10-08 21:58:33,450 [pool-393-thread-1] INFO  impl.RaftServerImpl (RaftServerImpl.java:start(181)) - 447b4921-8c2d-43b9-b073-18b4d5d7c4f6@group-67C6FC6BB742: start as a follower, conf=-1: [5d9d4753-5868-46ae-88db-59d46778e9c7:192.168.151.107:41968, 6f427bc6-6379-4232-9c9d-b34be0db073c:192.168.151.107:33953, 447b4921-8c2d-43b9-b073-18b4d5d7c4f6:192.168.151.107:46602], old=null
2019-10-08 21:58:33,450 [pool-393-thread-1] INFO  impl.RaftServerImpl (RaftServerImpl.java:setRole(170)) - 447b4921-8c2d-43b9-b073-18b4d5d7c4f6@group-67C6FC6BB742: changes role from      null to FOLLOWER at term 0 for startAsFollower
2019-10-08 21:58:33,450 [pool-393-thread-1] INFO  impl.RoleInfo (RoleInfo.java:updateAndGet(143)) - 447b4921-8c2d-43b9-b073-18b4d5d7c4f6: start FollowerState
2019-10-08 21:58:33,450 [pool-393-thread-1] INFO  util.JmxRegister (JmxRegister.java:tryRegister(44)) - Successfully registered JMX Bean with object name Ratis:service=RaftServer,group=group-67C6FC6BB742,id=447b4921-8c2d-43b9-b073-18b4d5d7c4f6
2019-10-08 21:58:33,451 [pool-383-thread-1] INFO  impl.RaftServerImpl (RaftServerImpl.java:start(181)) - 5d9d4753-5868-46ae-88db-59d46778e9c7@group-67C6FC6BB742: start as a follower, conf=-1: [5d9d4753-5868-46ae-88db-59d46778e9c7:192.168.151.107:41968, 6f427bc6-6379-4232-9c9d-b34be0db073c:192.168.151.107:33953, 447b4921-8c2d-43b9-b073-18b4d5d7c4f6:192.168.151.107:46602], old=null
2019-10-08 21:58:33,451 [pool-383-thread-1] INFO  impl.RaftServerImpl (RaftServerImpl.java:setRole(170)) - 5d9d4753-5868-46ae-88db-59d46778e9c7@group-67C6FC6BB742: changes role from      null to FOLLOWER at term 0 for startAsFollower
2019-10-08 21:58:33,451 [pool-383-thread-1] INFO  impl.RoleInfo (RoleInfo.java:updateAndGet(143)) - 5d9d4753-5868-46ae-88db-59d46778e9c7: start FollowerState
2019-10-08 21:58:33,451 [pool-383-thread-1] INFO  util.JmxRegister (JmxRegister.java:tryRegister(44)) - Successfully registered JMX Bean with object name Ratis:service=RaftServer,group=group-67C6FC6BB742,id=5d9d4753-5868-46ae-88db-59d46778e9c7
2019-10-08 21:58:33,455 [RatisPipelineUtilsThread] INFO  pipeline.PipelineStateManager (PipelineStateManager.java:addPipeline(56)) - Created pipeline Pipeline[ Id: 9cc85d93-ddda-4153-9672-67c6fc6bb742, Nodes: 5d9d4753-5868-46ae-88db-59d46778e9c7{ip: 192.168.151.107, host: pr-hdds-2217-2kdk4-3258704453, networkLocation: /default-rack, certSerialId: null}447b4921-8c2d-43b9-b073-18b4d5d7c4f6{ip: 192.168.151.107, host: pr-hdds-2217-2kdk4-3258704453, networkLocation: /default-rack, certSerialId: null}6f427bc6-6379-4232-9c9d-b34be0db073c{ip: 192.168.151.107, host: pr-hdds-2217-2kdk4-3258704453, networkLocation: /default-rack, certSerialId: null}, Type:RATIS, Factor:THREE, State:OPEN]
2019-10-08 21:58:33,511 [IPC Server handler 3 on 34765] INFO  net.NetworkTopology (NetworkTopologyImpl.java:add(111)) - Added a new node: /default-rack/f6e098c0-4eb5-47e1-b5c2-bc996a6adebc
2019-10-08 21:58:33,511 [IPC Server handler 3 on 34765] INFO  node.SCMNodeManager (SCMNodeManager.java:register(268)) - Registered Data node : f6e098c0-4eb5-47e1-b5c2-bc996a6adebc{ip: 192.168.151.107, host: pr-hdds-2217-2kdk4-3258704453, networkLocation: /default-rack, certSerialId: null}
2019-10-08 21:58:33,519 [grpc-default-executor-7] INFO  impl.RaftServerProxy (RaftServerProxy.java:addNew(89)) - 3c15ff24-c36c-4c0a-bb05-599d7fd0bd78: addNew group-7E14F61A4C61:[3c15ff24-c36c-4c0a-bb05-599d7fd0bd78:192.168.151.107:37771] returns group-7E14F61A4C61:java.util.concurrent.CompletableFuture@20bfa2af[Not completed]
2019-10-08 21:58:33,520 [pool-413-thread-1] INFO  impl.RaftServerImpl (RaftServerImpl.java:<init>(95)) - 3c15ff24-c36c-4c0a-bb05-599d7fd0bd78: new RaftServerImpl for group-7E14F61A4C61:[3c15ff24-c36c-4c0a-bb05-599d7fd0bd78:192.168.151.107:37771] with ContainerStateMachine:uninitialized
2019-10-08 21:58:33,520 [pool-413-thread-1] INFO  server.RaftServerConfigKeys (ConfUtils.java:logGet(43)) - raft.server.rpc.timeout.min = 5s (custom)
2019-10-08 21:58:33,520 [pool-413-thread-1] INFO  server.RaftServerConfigKeys (ConfUtils.java:logGet(43)) - raft.server.rpc.timeout.max = 5200ms (custom)
2019-10-08 21:58:33,520 [pool-413-thread-1] INFO  server.RaftServerConfigKeys (ConfUtils.java:logGet(43)) - raft.server.rpcslowness.timeout = 120s (custom)
2019-10-08 21:58:33,521 [pool-413-thread-1] INFO  server.RaftServerConfigKeys (ConfUtils.java:logGet(43)) - raft.server.sleep.deviation.threshold = 300 (default)
2019-10-08 21:58:33,521 [pool-413-thread-1] INFO  server.RaftServerConfigKeys (ConfUtils.java:logGet(43)) - raft.server.log.appender.install.snapshot.enabled = false (custom)
2019-10-08 21:58:33,521 [pool-413-thread-1] INFO  impl.RaftServerImpl (ServerState.java:<init>(103)) - 3c15ff24-c36c-4c0a-bb05-599d7fd0bd78@group-7E14F61A4C61: ConfigurationManager, init=-1: [3c15ff24-c36c-4c0a-bb05-599d7fd0bd78:192.168.151.107:37771], old=null, confs=<EMPTY_MAP>
2019-10-08 21:58:33,521 [pool-413-thread-1] INFO  server.RaftServerConfigKeys (ConfUtils.java:logGet(43)) - raft.server.storage.dir = [/workdir/hadoop-ozone/integration-test/target/test-dir/MiniOzoneClusterImpl-b5d04183-30b1-438a-9e7c-4476fbb0217c/datanode-3/data/ratis] (custom)
2019-10-08 21:58:33,521 [pool-413-thread-1] INFO  server.RaftServerConfigKeys (ConfUtils.java:logGet(43)) - raft.server.log.corruption.policy = EXCEPTION (default)
2019-10-08 21:58:33,521 [pool-413-thread-1] INFO  storage.RaftStorageDirectory (RaftStorageDirectory.java:analyzeStorage(246)) - The storage directory /workdir/hadoop-ozone/integration-test/target/test-dir/MiniOzoneClusterImpl-b5d04183-30b1-438a-9e7c-4476fbb0217c/datanode-3/data/ratis/c17db92f-0fc8-4731-b5e8-7e14f61a4c61 does not exist. Creating ...
2019-10-08 21:58:33,534 [pool-413-thread-1] INFO  storage.RaftStorageDirectory (RaftStorageDirectory.java:tryLock(328)) - Lock on /workdir/hadoop-ozone/integration-test/target/test-dir/MiniOzoneClusterImpl-b5d04183-30b1-438a-9e7c-4476fbb0217c/datanode-3/data/ratis/c17db92f-0fc8-4731-b5e8-7e14f61a4c61/in_use.lock acquired by nodename 25773@pr-hdds-2217-2kdk4-3258704453
2019-10-08 21:58:33,547 [pool-413-thread-1] INFO  storage.RaftStorage (RaftStorage.java:format(84)) - Storage directory /workdir/hadoop-ozone/integration-test/target/test-dir/MiniOzoneClusterImpl-b5d04183-30b1-438a-9e7c-4476fbb0217c/datanode-3/data/ratis/c17db92f-0fc8-4731-b5e8-7e14f61a4c61 has been successfully formatted.
2019-10-08 21:58:33,547 [pool-413-thread-1] INFO  ratis.ContainerStateMachine (ContainerStateMachine.java:loadSnapshot(231)) - group-7E14F61A4C61: The snapshot info is null. Setting the last applied indexto:(t:0, i:~)
2019-10-08 21:58:33,547 [pool-413-thread-1] INFO  server.RaftServerConfigKeys (ConfUtils.java:logGet(43)) - raft.server.notification.no-leader.timeout = 120s (custom)
2019-10-08 21:58:33,547 [pool-413-thread-1] INFO  server.RaftServerConfigKeys (ConfUtils.java:logGet(43)) - raft.server.log.use.memory = false (default)
2019-10-08 21:58:33,547 [pool-413-thread-1] INFO  server.RaftServerConfigKeys (ConfUtils.java:logGet(43)) - raft.server.log.purge.gap = 1000000 (custom)
2019-10-08 21:58:33,548 [pool-413-thread-1] INFO  server.RaftServerConfigKeys (ConfUtils.java:logGet(43)) - raft.server.log.appender.buffer.byte-limit = 33554432 (custom)
2019-10-08 21:58:33,548 [pool-413-thread-1] INFO  server.RaftServerConfigKeys (ConfUtils.java:logGet(43)) - raft.server.log.segment.size.max = 1048576 (custom)
2019-10-08 21:58:33,549 [pool-413-thread-1] INFO  server.RaftServerConfigKeys (ConfUtils.java:logGet(43)) - raft.server.log.segment.cache.num.max = 2 (custom)
2019-10-08 21:58:33,549 [pool-413-thread-1] INFO  segmented.SegmentedRaftLogWorker (SegmentedRaftLogWorker.java:<init>(173)) - new 3c15ff24-c36c-4c0a-bb05-599d7fd0bd78@group-7E14F61A4C61-SegmentedRaftLogWorker for RaftStorage:Storage Directory /workdir/hadoop-ozone/integration-test/target/test-dir/MiniOzoneClusterImpl-b5d04183-30b1-438a-9e7c-4476fbb0217c/datanode-3/data/ratis/c17db92f-0fc8-4731-b5e8-7e14f61a4c61
2019-10-08 21:58:33,550 [pool-413-thread-1] INFO  server.RaftServerConfigKeys (ConfUtils.java:logGet(43)) - raft.server.log.queue.byte-limit = 2147483647 (custom)
2019-10-08 21:58:33,550 [pool-413-thread-1] INFO  server.RaftServerConfigKeys (ConfUtils.java:logGet(43)) - raft.server.log.queue.element-limit = 1024 (custom)
2019-10-08 21:58:33,550 [pool-413-thread-1] INFO  server.RaftServerConfigKeys (ConfUtils.java:logGet(43)) - raft.server.log.segment.size.max = 1048576 (custom)
2019-10-08 21:58:33,550 [pool-413-thread-1] INFO  server.RaftServerConfigKeys (ConfUtils.java:logGet(43)) - raft.server.log.preallocated.size = 16384 (custom)
2019-10-08 21:58:33,550 [pool-413-thread-1] INFO  server.RaftServerConfigKeys (ConfUtils.java:logGet(43)) - raft.server.log.write.buffer.size = 33554432 (custom)
2019-10-08 21:58:33,550 [pool-413-thread-1] INFO  server.RaftServerConfigKeys (ConfUtils.java:logGet(43)) - raft.server.log.force.sync.num = 128 (default)
2019-10-08 21:58:33,550 [pool-413-thread-1] INFO  server.RaftServerConfigKeys (ConfUtils.java:logGet(43)) - raft.server.log.statemachine.data.sync = true (default)
2019-10-08 21:58:33,550 [pool-413-thread-1] INFO  server.RaftServerConfigKeys (ConfUtils.java:logGet(43)) - raft.server.log.statemachine.data.sync.timeout = 10s (default)
2019-10-08 21:58:33,550 [pool-413-thread-1] INFO  server.RaftServerConfigKeys (ConfUtils.java:logGet(43)) - raft.server.log.statemachine.data.sync.timeout.retry = -1 (default)
2019-10-08 21:58:33,551 [pool-413-thread-1] INFO  server.RaftServerConfigKeys (ConfUtils.java:logGet(43)) - raft.server.log.statemachine.data.caching.enabled = true (custom)
2019-10-08 21:58:33,551 [pool-413-thread-1] INFO  segmented.SegmentedRaftLogWorker (SegmentedRaftLogWorker.java:lambda$new$0(128)) - 3c15ff24-c36c-4c0a-bb05-599d7fd0bd78@group-7E14F61A4C61-SegmentedRaftLogWorker: flushIndex: setUnconditionally 0 -> -1
2019-10-08 21:58:33,551 [pool-413-thread-1] INFO  server.RaftServerConfigKeys (ConfUtils.java:logGet(43)) - raft.server.snapshot.auto.trigger.enabled = true (custom)
2019-10-08 21:58:33,551 [pool-413-thread-1] INFO  server.RaftServerConfigKeys (ConfUtils.java:logGet(43)) - raft.server.snapshot.auto.trigger.threshold = 10000 (custom)
2019-10-08 21:58:33,552 [pool-413-thread-1] INFO  server.RaftServerConfigKeys (ConfUtils.java:logGet(43)) - raft.server.snapshot.retention.file.num = 5 (custom)
2019-10-08 21:58:33,552 [pool-413-thread-1] INFO  server.RaftServerConfigKeys (ConfUtils.java:logGet(43)) - raft.server.retrycache.expirytime = 600000ms (custom)
2019-10-08 21:58:33,553 [pool-413-thread-1] INFO  impl.RaftServerImpl (RaftServerImpl.java:start(181)) - 3c15ff24-c36c-4c0a-bb05-599d7fd0bd78@group-7E14F61A4C61: start as a follower, conf=-1: [3c15ff24-c36c-4c0a-bb05-599d7fd0bd78:192.168.151.107:37771], old=null
2019-10-08 21:58:33,553 [pool-413-thread-1] INFO  impl.RaftServerImpl (RaftServerImpl.java:setRole(170)) - 3c15ff24-c36c-4c0a-bb05-599d7fd0bd78@group-7E14F61A4C61: changes role from      null to FOLLOWER at term 0 for startAsFollower
2019-10-08 21:58:33,554 [pool-413-thread-1] INFO  impl.RoleInfo (RoleInfo.java:updateAndGet(143)) - 3c15ff24-c36c-4c0a-bb05-599d7fd0bd78: start FollowerState
2019-10-08 21:58:33,554 [pool-413-thread-1] INFO  util.JmxRegister (JmxRegister.java:tryRegister(44)) - Successfully registered JMX Bean with object name Ratis:service=RaftServer,group=group-7E14F61A4C61,id=3c15ff24-c36c-4c0a-bb05-599d7fd0bd78
2019-10-08 21:58:33,558 [RatisPipelineUtilsThread] INFO  pipeline.PipelineStateManager (PipelineStateManager.java:addPipeline(56)) - Created pipeline Pipeline[ Id: c17db92f-0fc8-4731-b5e8-7e14f61a4c61, Nodes: 3c15ff24-c36c-4c0a-bb05-599d7fd0bd78{ip: 192.168.151.107, host: pr-hdds-2217-2kdk4-3258704453, networkLocation: /default-rack, certSerialId: null}, Type:RATIS, Factor:ONE, State:OPEN]
2019-10-08 21:58:33,567 [grpc-default-executor-7] INFO  impl.RaftServerProxy (RaftServerProxy.java:addNew(89)) - f6e098c0-4eb5-47e1-b5c2-bc996a6adebc: addNew group-C225753A7394:[f6e098c0-4eb5-47e1-b5c2-bc996a6adebc:192.168.151.107:40748] returns group-C225753A7394:java.util.concurrent.CompletableFuture@338cd94f[Not completed]
2019-10-08 21:58:33,568 [pool-423-thread-1] INFO  impl.RaftServerImpl (RaftServerImpl.java:<init>(95)) - f6e098c0-4eb5-47e1-b5c2-bc996a6adebc: new RaftServerImpl for group-C225753A7394:[f6e098c0-4eb5-47e1-b5c2-bc996a6adebc:192.168.151.107:40748] with ContainerStateMachine:uninitialized
2019-10-08 21:58:33,568 [pool-423-thread-1] INFO  server.RaftServerConfigKeys (ConfUtils.java:logGet(43)) - raft.server.rpc.timeout.min = 5s (custom)
2019-10-08 21:58:33,569 [pool-423-thread-1] INFO  server.RaftServerConfigKeys (ConfUtils.java:logGet(43)) - raft.server.rpc.timeout.max = 5200ms (custom)
2019-10-08 21:58:33,569 [pool-423-thread-1] INFO  server.RaftServerConfigKeys (ConfUtils.java:logGet(43)) - raft.server.rpcslowness.timeout = 120s (custom)
2019-10-08 21:58:33,569 [pool-423-thread-1] INFO  server.RaftServerConfigKeys (ConfUtils.java:logGet(43)) - raft.server.sleep.deviation.threshold = 300 (default)
2019-10-08 21:58:33,569 [pool-423-thread-1] INFO  server.RaftServerConfigKeys (ConfUtils.java:logGet(43)) - raft.server.log.appender.install.snapshot.enabled = false (custom)
2019-10-08 21:58:33,569 [pool-423-thread-1] INFO  impl.RaftServerImpl (ServerState.java:<init>(103)) - f6e098c0-4eb5-47e1-b5c2-bc996a6adebc@group-C225753A7394: ConfigurationManager, init=-1: [f6e098c0-4eb5-47e1-b5c2-bc996a6adebc:192.168.151.107:40748], old=null, confs=<EMPTY_MAP>
2019-10-08 21:58:33,569 [pool-423-thread-1] INFO  server.RaftServerConfigKeys (ConfUtils.java:logGet(43)) - raft.server.storage.dir = [/workdir/hadoop-ozone/integration-test/target/test-dir/MiniOzoneClusterImpl-b5d04183-30b1-438a-9e7c-4476fbb0217c/datanode-4/data/ratis] (custom)
2019-10-08 21:58:33,569 [pool-423-thread-1] INFO  server.RaftServerConfigKeys (ConfUtils.java:logGet(43)) - raft.server.log.corruption.policy = EXCEPTION (default)
2019-10-08 21:58:33,570 [pool-423-thread-1] INFO  storage.RaftStorageDirectory (RaftStorageDirectory.java:analyzeStorage(246)) - The storage directory /workdir/hadoop-ozone/integration-test/target/test-dir/MiniOzoneClusterImpl-b5d04183-30b1-438a-9e7c-4476fbb0217c/datanode-4/data/ratis/ae1fa18e-4334-4f7b-8fe4-c225753a7394 does not exist. Creating ...
2019-10-08 21:58:33,582 [pool-423-thread-1] INFO  storage.RaftStorageDirectory (RaftStorageDirectory.java:tryLock(328)) - Lock on /workdir/hadoop-ozone/integration-test/target/test-dir/MiniOzoneClusterImpl-b5d04183-30b1-438a-9e7c-4476fbb0217c/datanode-4/data/ratis/ae1fa18e-4334-4f7b-8fe4-c225753a7394/in_use.lock acquired by nodename 25773@pr-hdds-2217-2kdk4-3258704453
2019-10-08 21:58:33,595 [pool-423-thread-1] INFO  storage.RaftStorage (RaftStorage.java:format(84)) - Storage directory /workdir/hadoop-ozone/integration-test/target/test-dir/MiniOzoneClusterImpl-b5d04183-30b1-438a-9e7c-4476fbb0217c/datanode-4/data/ratis/ae1fa18e-4334-4f7b-8fe4-c225753a7394 has been successfully formatted.
2019-10-08 21:58:33,595 [pool-423-thread-1] INFO  ratis.ContainerStateMachine (ContainerStateMachine.java:loadSnapshot(231)) - group-C225753A7394: The snapshot info is null. Setting the last applied indexto:(t:0, i:~)
2019-10-08 21:58:33,595 [pool-423-thread-1] INFO  server.RaftServerConfigKeys (ConfUtils.java:logGet(43)) - raft.server.notification.no-leader.timeout = 120s (custom)
2019-10-08 21:58:33,595 [pool-423-thread-1] INFO  server.RaftServerConfigKeys (ConfUtils.java:logGet(43)) - raft.server.log.use.memory = false (default)
2019-10-08 21:58:33,595 [pool-423-thread-1] INFO  server.RaftServerConfigKeys (ConfUtils.java:logGet(43)) - raft.server.log.purge.gap = 1000000 (custom)
2019-10-08 21:58:33,595 [pool-423-thread-1] INFO  server.RaftServerConfigKeys (ConfUtils.java:logGet(43)) - raft.server.log.appender.buffer.byte-limit = 33554432 (custom)
2019-10-08 21:58:33,596 [pool-423-thread-1] INFO  server.RaftServerConfigKeys (ConfUtils.java:logGet(43)) - raft.server.log.segment.size.max = 1048576 (custom)
2019-10-08 21:58:33,597 [pool-423-thread-1] INFO  server.RaftServerConfigKeys (ConfUtils.java:logGet(43)) - raft.server.log.segment.cache.num.max = 2 (custom)
2019-10-08 21:58:33,597 [pool-423-thread-1] INFO  segmented.SegmentedRaftLogWorker (SegmentedRaftLogWorker.java:<init>(173)) - new f6e098c0-4eb5-47e1-b5c2-bc996a6adebc@group-C225753A7394-SegmentedRaftLogWorker for RaftStorage:Storage Directory /workdir/hadoop-ozone/integration-test/target/test-dir/MiniOzoneClusterImpl-b5d04183-30b1-438a-9e7c-4476fbb0217c/datanode-4/data/ratis/ae1fa18e-4334-4f7b-8fe4-c225753a7394
2019-10-08 21:58:33,597 [pool-423-thread-1] INFO  server.RaftServerConfigKeys (ConfUtils.java:logGet(43)) - raft.server.log.queue.byte-limit = 2147483647 (custom)
2019-10-08 21:58:33,597 [pool-423-thread-1] INFO  server.RaftServerConfigKeys (ConfUtils.java:logGet(43)) - raft.server.log.queue.element-limit = 1024 (custom)
2019-10-08 21:58:33,597 [pool-423-thread-1] INFO  server.RaftServerConfigKeys (ConfUtils.java:logGet(43)) - raft.server.log.segment.size.max = 1048576 (custom)
2019-10-08 21:58:33,597 [pool-423-thread-1] INFO  server.RaftServerConfigKeys (ConfUtils.java:logGet(43)) - raft.server.log.preallocated.size = 16384 (custom)
2019-10-08 21:58:33,597 [pool-423-thread-1] INFO  server.RaftServerConfigKeys (ConfUtils.java:logGet(43)) - raft.server.log.write.buffer.size = 33554432 (custom)
2019-10-08 21:58:33,598 [pool-423-thread-1] INFO  server.RaftServerConfigKeys (ConfUtils.java:logGet(43)) - raft.server.log.force.sync.num = 128 (default)
2019-10-08 21:58:33,598 [pool-423-thread-1] INFO  server.RaftServerConfigKeys (ConfUtils.java:logGet(43)) - raft.server.log.statemachine.data.sync = true (default)
2019-10-08 21:58:33,598 [IPC Server handler 4 on 34765] INFO  net.NetworkTopology (NetworkTopologyImpl.java:add(111)) - Added a new node: /default-rack/139b8de3-1a59-4817-9c24-be5a95a55bea
2019-10-08 21:58:33,598 [pool-423-thread-1] INFO  server.RaftServerConfigKeys (ConfUtils.java:logGet(43)) - raft.server.log.statemachine.data.sync.timeout = 10s (default)
2019-10-08 21:58:33,598 [IPC Server handler 4 on 34765] INFO  node.SCMNodeManager (SCMNodeManager.java:register(268)) - Registered Data node : 139b8de3-1a59-4817-9c24-be5a95a55bea{ip: 192.168.151.107, host: pr-hdds-2217-2kdk4-3258704453, networkLocation: /default-rack, certSerialId: null}
2019-10-08 21:58:33,598 [pool-423-thread-1] INFO  server.RaftServerConfigKeys (ConfUtils.java:logGet(43)) - raft.server.log.statemachine.data.sync.timeout.retry = -1 (default)
2019-10-08 21:58:33,598 [pool-423-thread-1] INFO  server.RaftServerConfigKeys (ConfUtils.java:logGet(43)) - raft.server.log.statemachine.data.caching.enabled = true (custom)
2019-10-08 21:58:33,599 [pool-423-thread-1] INFO  segmented.SegmentedRaftLogWorker (SegmentedRaftLogWorker.java:lambda$new$0(128)) - f6e098c0-4eb5-47e1-b5c2-bc996a6adebc@group-C225753A7394-SegmentedRaftLogWorker: flushIndex: setUnconditionally 0 -> -1
2019-10-08 21:58:33,599 [pool-423-thread-1] INFO  server.RaftServerConfigKeys (ConfUtils.java:logGet(43)) - raft.server.snapshot.auto.trigger.enabled = true (custom)
2019-10-08 21:58:33,599 [pool-423-thread-1] INFO  server.RaftServerConfigKeys (ConfUtils.java:logGet(43)) - raft.server.snapshot.auto.trigger.threshold = 10000 (custom)
2019-10-08 21:58:33,599 [pool-423-thread-1] INFO  server.RaftServerConfigKeys (ConfUtils.java:logGet(43)) - raft.server.snapshot.retention.file.num = 5 (custom)
2019-10-08 21:58:33,599 [pool-423-thread-1] INFO  server.RaftServerConfigKeys (ConfUtils.java:logGet(43)) - raft.server.retrycache.expirytime = 600000ms (custom)
2019-10-08 21:58:33,602 [pool-423-thread-1] INFO  impl.RaftServerImpl (RaftServerImpl.java:start(181)) - f6e098c0-4eb5-47e1-b5c2-bc996a6adebc@group-C225753A7394: start as a follower, conf=-1: [f6e098c0-4eb5-47e1-b5c2-bc996a6adebc:192.168.151.107:40748], old=null
2019-10-08 21:58:33,602 [pool-423-thread-1] INFO  impl.RaftServerImpl (RaftServerImpl.java:setRole(170)) - f6e098c0-4eb5-47e1-b5c2-bc996a6adebc@group-C225753A7394: changes role from      null to FOLLOWER at term 0 for startAsFollower
2019-10-08 21:58:33,602 [pool-423-thread-1] INFO  impl.RoleInfo (RoleInfo.java:updateAndGet(143)) - f6e098c0-4eb5-47e1-b5c2-bc996a6adebc: start FollowerState
2019-10-08 21:58:33,602 [pool-423-thread-1] INFO  util.JmxRegister (JmxRegister.java:tryRegister(44)) - Successfully registered JMX Bean with object name Ratis:service=RaftServer,group=group-C225753A7394,id=f6e098c0-4eb5-47e1-b5c2-bc996a6adebc
2019-10-08 21:58:33,605 [RatisPipelineUtilsThread] INFO  pipeline.PipelineStateManager (PipelineStateManager.java:addPipeline(56)) - Created pipeline Pipeline[ Id: ae1fa18e-4334-4f7b-8fe4-c225753a7394, Nodes: f6e098c0-4eb5-47e1-b5c2-bc996a6adebc{ip: 192.168.151.107, host: pr-hdds-2217-2kdk4-3258704453, networkLocation: /default-rack, certSerialId: null}, Type:RATIS, Factor:ONE, State:OPEN]
2019-10-08 21:58:33,614 [grpc-default-executor-7] INFO  impl.RaftServerProxy (RaftServerProxy.java:addNew(89)) - 139b8de3-1a59-4817-9c24-be5a95a55bea: addNew group-D22AD276343F:[139b8de3-1a59-4817-9c24-be5a95a55bea:192.168.151.107:41077] returns group-D22AD276343F:java.util.concurrent.CompletableFuture@62fee339[Not completed]
2019-10-08 21:58:33,615 [pool-433-thread-1] INFO  impl.RaftServerImpl (RaftServerImpl.java:<init>(95)) - 139b8de3-1a59-4817-9c24-be5a95a55bea: new RaftServerImpl for group-D22AD276343F:[139b8de3-1a59-4817-9c24-be5a95a55bea:192.168.151.107:41077] with ContainerStateMachine:uninitialized
2019-10-08 21:58:33,615 [pool-433-thread-1] INFO  server.RaftServerConfigKeys (ConfUtils.java:logGet(43)) - raft.server.rpc.timeout.min = 5s (custom)
2019-10-08 21:58:33,615 [pool-433-thread-1] INFO  server.RaftServerConfigKeys (ConfUtils.java:logGet(43)) - raft.server.rpc.timeout.max = 5200ms (custom)
2019-10-08 21:58:33,615 [pool-433-thread-1] INFO  server.RaftServerConfigKeys (ConfUtils.java:logGet(43)) - raft.server.rpcslowness.timeout = 120s (custom)
2019-10-08 21:58:33,615 [pool-433-thread-1] INFO  server.RaftServerConfigKeys (ConfUtils.java:logGet(43)) - raft.server.sleep.deviation.threshold = 300 (default)
2019-10-08 21:58:33,615 [pool-433-thread-1] INFO  server.RaftServerConfigKeys (ConfUtils.java:logGet(43)) - raft.server.log.appender.install.snapshot.enabled = false (custom)
2019-10-08 21:58:33,615 [pool-433-thread-1] INFO  impl.RaftServerImpl (ServerState.java:<init>(103)) - 139b8de3-1a59-4817-9c24-be5a95a55bea@group-D22AD276343F: ConfigurationManager, init=-1: [139b8de3-1a59-4817-9c24-be5a95a55bea:192.168.151.107:41077], old=null, confs=<EMPTY_MAP>
2019-10-08 21:58:33,616 [pool-433-thread-1] INFO  server.RaftServerConfigKeys (ConfUtils.java:logGet(43)) - raft.server.storage.dir = [/workdir/hadoop-ozone/integration-test/target/test-dir/MiniOzoneClusterImpl-b5d04183-30b1-438a-9e7c-4476fbb0217c/datanode-5/data/ratis] (custom)
2019-10-08 21:58:33,616 [pool-433-thread-1] INFO  server.RaftServerConfigKeys (ConfUtils.java:logGet(43)) - raft.server.log.corruption.policy = EXCEPTION (default)
2019-10-08 21:58:33,616 [pool-433-thread-1] INFO  storage.RaftStorageDirectory (RaftStorageDirectory.java:analyzeStorage(246)) - The storage directory /workdir/hadoop-ozone/integration-test/target/test-dir/MiniOzoneClusterImpl-b5d04183-30b1-438a-9e7c-4476fbb0217c/datanode-5/data/ratis/21e69eb9-80ba-4118-bbca-d22ad276343f does not exist. Creating ...
2019-10-08 21:58:33,628 [pool-433-thread-1] INFO  storage.RaftStorageDirectory (RaftStorageDirectory.java:tryLock(328)) - Lock on /workdir/hadoop-ozone/integration-test/target/test-dir/MiniOzoneClusterImpl-b5d04183-30b1-438a-9e7c-4476fbb0217c/datanode-5/data/ratis/21e69eb9-80ba-4118-bbca-d22ad276343f/in_use.lock acquired by nodename 25773@pr-hdds-2217-2kdk4-3258704453
2019-10-08 21:58:33,641 [pool-433-thread-1] INFO  storage.RaftStorage (RaftStorage.java:format(84)) - Storage directory /workdir/hadoop-ozone/integration-test/target/test-dir/MiniOzoneClusterImpl-b5d04183-30b1-438a-9e7c-4476fbb0217c/datanode-5/data/ratis/21e69eb9-80ba-4118-bbca-d22ad276343f has been successfully formatted.
2019-10-08 21:58:33,641 [pool-433-thread-1] INFO  ratis.ContainerStateMachine (ContainerStateMachine.java:loadSnapshot(231)) - group-D22AD276343F: The snapshot info is null. Setting the last applied indexto:(t:0, i:~)
2019-10-08 21:58:33,641 [pool-433-thread-1] INFO  server.RaftServerConfigKeys (ConfUtils.java:logGet(43)) - raft.server.notification.no-leader.timeout = 120s (custom)
2019-10-08 21:58:33,641 [pool-433-thread-1] INFO  server.RaftServerConfigKeys (ConfUtils.java:logGet(43)) - raft.server.log.use.memory = false (default)
2019-10-08 21:58:33,641 [pool-433-thread-1] INFO  server.RaftServerConfigKeys (ConfUtils.java:logGet(43)) - raft.server.log.purge.gap = 1000000 (custom)
2019-10-08 21:58:33,641 [pool-433-thread-1] INFO  server.RaftServerConfigKeys (ConfUtils.java:logGet(43)) - raft.server.log.appender.buffer.byte-limit = 33554432 (custom)
2019-10-08 21:58:33,641 [pool-433-thread-1] INFO  server.RaftServerConfigKeys (ConfUtils.java:logGet(43)) - raft.server.log.segment.size.max = 1048576 (custom)
2019-10-08 21:58:33,642 [pool-433-thread-1] INFO  server.RaftServerConfigKeys (ConfUtils.java:logGet(43)) - raft.server.log.segment.cache.num.max = 2 (custom)
2019-10-08 21:58:33,642 [pool-433-thread-1] INFO  segmented.SegmentedRaftLogWorker (SegmentedRaftLogWorker.java:<init>(173)) - new 139b8de3-1a59-4817-9c24-be5a95a55bea@group-D22AD276343F-SegmentedRaftLogWorker for RaftStorage:Storage Directory /workdir/hadoop-ozone/integration-test/target/test-dir/MiniOzoneClusterImpl-b5d04183-30b1-438a-9e7c-4476fbb0217c/datanode-5/data/ratis/21e69eb9-80ba-4118-bbca-d22ad276343f
2019-10-08 21:58:33,643 [pool-433-thread-1] INFO  server.RaftServerConfigKeys (ConfUtils.java:logGet(43)) - raft.server.log.queue.byte-limit = 2147483647 (custom)
2019-10-08 21:58:33,643 [pool-433-thread-1] INFO  server.RaftServerConfigKeys (ConfUtils.java:logGet(43)) - raft.server.log.queue.element-limit = 1024 (custom)
2019-10-08 21:58:33,643 [pool-433-thread-1] INFO  server.RaftServerConfigKeys (ConfUtils.java:logGet(43)) - raft.server.log.segment.size.max = 1048576 (custom)
2019-10-08 21:58:33,643 [pool-433-thread-1] INFO  server.RaftServerConfigKeys (ConfUtils.java:logGet(43)) - raft.server.log.preallocated.size = 16384 (custom)
2019-10-08 21:58:33,643 [pool-433-thread-1] INFO  server.RaftServerConfigKeys (ConfUtils.java:logGet(43)) - raft.server.log.write.buffer.size = 33554432 (custom)
2019-10-08 21:58:33,643 [pool-433-thread-1] INFO  server.RaftServerConfigKeys (ConfUtils.java:logGet(43)) - raft.server.log.force.sync.num = 128 (default)
2019-10-08 21:58:33,643 [pool-433-thread-1] INFO  server.RaftServerConfigKeys (ConfUtils.java:logGet(43)) - raft.server.log.statemachine.data.sync = true (default)
2019-10-08 21:58:33,643 [pool-433-thread-1] INFO  server.RaftServerConfigKeys (ConfUtils.java:logGet(43)) - raft.server.log.statemachine.data.sync.timeout = 10s (default)
2019-10-08 21:58:33,643 [pool-433-thread-1] INFO  server.RaftServerConfigKeys (ConfUtils.java:logGet(43)) - raft.server.log.statemachine.data.sync.timeout.retry = -1 (default)
2019-10-08 21:58:33,643 [pool-433-thread-1] INFO  server.RaftServerConfigKeys (ConfUtils.java:logGet(43)) - raft.server.log.statemachine.data.caching.enabled = true (custom)
2019-10-08 21:58:33,644 [pool-433-thread-1] INFO  segmented.SegmentedRaftLogWorker (SegmentedRaftLogWorker.java:lambda$new$0(128)) - 139b8de3-1a59-4817-9c24-be5a95a55bea@group-D22AD276343F-SegmentedRaftLogWorker: flushIndex: setUnconditionally 0 -> -1
2019-10-08 21:58:33,644 [pool-433-thread-1] INFO  server.RaftServerConfigKeys (ConfUtils.java:logGet(43)) - raft.server.snapshot.auto.trigger.enabled = true (custom)
2019-10-08 21:58:33,644 [pool-433-thread-1] INFO  server.RaftServerConfigKeys (ConfUtils.java:logGet(43)) - raft.server.snapshot.auto.trigger.threshold = 10000 (custom)
2019-10-08 21:58:33,644 [pool-433-thread-1] INFO  server.RaftServerConfigKeys (ConfUtils.java:logGet(43)) - raft.server.snapshot.retention.file.num = 5 (custom)
2019-10-08 21:58:33,644 [pool-433-thread-1] INFO  server.RaftServerConfigKeys (ConfUtils.java:logGet(43)) - raft.server.retrycache.expirytime = 600000ms (custom)
2019-10-08 21:58:33,645 [pool-433-thread-1] INFO  impl.RaftServerImpl (RaftServerImpl.java:start(181)) - 139b8de3-1a59-4817-9c24-be5a95a55bea@group-D22AD276343F: start as a follower, conf=-1: [139b8de3-1a59-4817-9c24-be5a95a55bea:192.168.151.107:41077], old=null
2019-10-08 21:58:33,645 [pool-433-thread-1] INFO  impl.RaftServerImpl (RaftServerImpl.java:setRole(170)) - 139b8de3-1a59-4817-9c24-be5a95a55bea@group-D22AD276343F: changes role from      null to FOLLOWER at term 0 for startAsFollower
2019-10-08 21:58:33,645 [pool-433-thread-1] INFO  impl.RoleInfo (RoleInfo.java:updateAndGet(143)) - 139b8de3-1a59-4817-9c24-be5a95a55bea: start FollowerState
2019-10-08 21:58:33,646 [pool-433-thread-1] INFO  util.JmxRegister (JmxRegister.java:tryRegister(44)) - Successfully registered JMX Bean with object name Ratis:service=RaftServer,group=group-D22AD276343F,id=139b8de3-1a59-4817-9c24-be5a95a55bea
2019-10-08 21:58:33,648 [RatisPipelineUtilsThread] INFO  pipeline.PipelineStateManager (PipelineStateManager.java:addPipeline(56)) - Created pipeline Pipeline[ Id: 21e69eb9-80ba-4118-bbca-d22ad276343f, Nodes: 139b8de3-1a59-4817-9c24-be5a95a55bea{ip: 192.168.151.107, host: pr-hdds-2217-2kdk4-3258704453, networkLocation: /default-rack, certSerialId: null}, Type:RATIS, Factor:ONE, State:OPEN]
2019-10-08 21:58:33,671 [grpc-default-executor-3] INFO  impl.RaftServerProxy (RaftServerProxy.java:addNew(89)) - 3c15ff24-c36c-4c0a-bb05-599d7fd0bd78: addNew group-3979F03BAFC9:[f6e098c0-4eb5-47e1-b5c2-bc996a6adebc:192.168.151.107:40748, 3c15ff24-c36c-4c0a-bb05-599d7fd0bd78:192.168.151.107:37771, 139b8de3-1a59-4817-9c24-be5a95a55bea:192.168.151.107:41077] returns group-3979F03BAFC9:java.util.concurrent.CompletableFuture@755e4696[Not completed]
2019-10-08 21:58:33,672 [grpc-default-executor-7] INFO  impl.RaftServerProxy (RaftServerProxy.java:addNew(89)) - 139b8de3-1a59-4817-9c24-be5a95a55bea: addNew group-3979F03BAFC9:[f6e098c0-4eb5-47e1-b5c2-bc996a6adebc:192.168.151.107:40748, 3c15ff24-c36c-4c0a-bb05-599d7fd0bd78:192.168.151.107:37771, 139b8de3-1a59-4817-9c24-be5a95a55bea:192.168.151.107:41077] returns group-3979F03BAFC9:java.util.concurrent.CompletableFuture@4df78c9[Not completed]
2019-10-08 21:58:33,672 [pool-413-thread-1] INFO  impl.RaftServerImpl (RaftServerImpl.java:<init>(95)) - 3c15ff24-c36c-4c0a-bb05-599d7fd0bd78: new RaftServerImpl for group-3979F03BAFC9:[f6e098c0-4eb5-47e1-b5c2-bc996a6adebc:192.168.151.107:40748, 3c15ff24-c36c-4c0a-bb05-599d7fd0bd78:192.168.151.107:37771, 139b8de3-1a59-4817-9c24-be5a95a55bea:192.168.151.107:41077] with ContainerStateMachine:uninitialized
2019-10-08 21:58:33,672 [grpc-default-executor-3] INFO  impl.RaftServerProxy (RaftServerProxy.java:addNew(89)) - f6e098c0-4eb5-47e1-b5c2-bc996a6adebc: addNew group-3979F03BAFC9:[f6e098c0-4eb5-47e1-b5c2-bc996a6adebc:192.168.151.107:40748, 3c15ff24-c36c-4c0a-bb05-599d7fd0bd78:192.168.151.107:37771, 139b8de3-1a59-4817-9c24-be5a95a55bea:192.168.151.107:41077] returns group-3979F03BAFC9:java.util.concurrent.CompletableFuture@14f50818[Not completed]
2019-10-08 21:58:33,672 [pool-413-thread-1] INFO  server.RaftServerConfigKeys (ConfUtils.java:logGet(43)) - raft.server.rpc.timeout.min = 5s (custom)
2019-10-08 21:58:33,672 [pool-413-thread-1] INFO  server.RaftServerConfigKeys (ConfUtils.java:logGet(43)) - raft.server.rpc.timeout.max = 5200ms (custom)
2019-10-08 21:58:33,672 [pool-413-thread-1] INFO  server.RaftServerConfigKeys (ConfUtils.java:logGet(43)) - raft.server.rpcslowness.timeout = 120s (custom)
2019-10-08 21:58:33,672 [pool-413-thread-1] INFO  server.RaftServerConfigKeys (ConfUtils.java:logGet(43)) - raft.server.sleep.deviation.threshold = 300 (default)
2019-10-08 21:58:33,672 [pool-433-thread-1] INFO  impl.RaftServerImpl (RaftServerImpl.java:<init>(95)) - 139b8de3-1a59-4817-9c24-be5a95a55bea: new RaftServerImpl for group-3979F03BAFC9:[f6e098c0-4eb5-47e1-b5c2-bc996a6adebc:192.168.151.107:40748, 3c15ff24-c36c-4c0a-bb05-599d7fd0bd78:192.168.151.107:37771, 139b8de3-1a59-4817-9c24-be5a95a55bea:192.168.151.107:41077] with ContainerStateMachine:uninitialized
2019-10-08 21:58:33,672 [pool-413-thread-1] INFO  server.RaftServerConfigKeys (ConfUtils.java:logGet(43)) - raft.server.log.appender.install.snapshot.enabled = false (custom)
2019-10-08 21:58:33,672 [pool-433-thread-1] INFO  server.RaftServerConfigKeys (ConfUtils.java:logGet(43)) - raft.server.rpc.timeout.min = 5s (custom)
2019-10-08 21:58:33,672 [pool-413-thread-1] INFO  impl.RaftServerImpl (ServerState.java:<init>(103)) - 3c15ff24-c36c-4c0a-bb05-599d7fd0bd78@group-3979F03BAFC9: ConfigurationManager, init=-1: [f6e098c0-4eb5-47e1-b5c2-bc996a6adebc:192.168.151.107:40748, 3c15ff24-c36c-4c0a-bb05-599d7fd0bd78:192.168.151.107:37771, 139b8de3-1a59-4817-9c24-be5a95a55bea:192.168.151.107:41077], old=null, confs=<EMPTY_MAP>
2019-10-08 21:58:33,673 [pool-433-thread-1] INFO  server.RaftServerConfigKeys (ConfUtils.java:logGet(43)) - raft.server.rpc.timeout.max = 5200ms (custom)
2019-10-08 21:58:33,673 [pool-413-thread-1] INFO  server.RaftServerConfigKeys (ConfUtils.java:logGet(43)) - raft.server.storage.dir = [/workdir/hadoop-ozone/integration-test/target/test-dir/MiniOzoneClusterImpl-b5d04183-30b1-438a-9e7c-4476fbb0217c/datanode-3/data/ratis] (custom)
2019-10-08 21:58:33,673 [pool-423-thread-1] INFO  impl.RaftServerImpl (RaftServerImpl.java:<init>(95)) - f6e098c0-4eb5-47e1-b5c2-bc996a6adebc: new RaftServerImpl for group-3979F03BAFC9:[f6e098c0-4eb5-47e1-b5c2-bc996a6adebc:192.168.151.107:40748, 3c15ff24-c36c-4c0a-bb05-599d7fd0bd78:192.168.151.107:37771, 139b8de3-1a59-4817-9c24-be5a95a55bea:192.168.151.107:41077] with ContainerStateMachine:uninitialized
2019-10-08 21:58:33,673 [pool-433-thread-1] INFO  server.RaftServerConfigKeys (ConfUtils.java:logGet(43)) - raft.server.rpcslowness.timeout = 120s (custom)
2019-10-08 21:58:33,673 [pool-423-thread-1] INFO  server.RaftServerConfigKeys (ConfUtils.java:logGet(43)) - raft.server.rpc.timeout.min = 5s (custom)
2019-10-08 21:58:33,673 [pool-413-thread-1] INFO  server.RaftServerConfigKeys (ConfUtils.java:logGet(43)) - raft.server.log.corruption.policy = EXCEPTION (default)
2019-10-08 21:58:33,673 [pool-423-thread-1] INFO  server.RaftServerConfigKeys (ConfUtils.java:logGet(43)) - raft.server.rpc.timeout.max = 5200ms (custom)
2019-10-08 21:58:33,673 [pool-423-thread-1] INFO  server.RaftServerConfigKeys (ConfUtils.java:logGet(43)) - raft.server.rpcslowness.timeout = 120s (custom)
2019-10-08 21:58:33,673 [pool-433-thread-1] INFO  server.RaftServerConfigKeys (ConfUtils.java:logGet(43)) - raft.server.sleep.deviation.threshold = 300 (default)
2019-10-08 21:58:33,673 [pool-423-thread-1] INFO  server.RaftServerConfigKeys (ConfUtils.java:logGet(43)) - raft.server.sleep.deviation.threshold = 300 (default)
2019-10-08 21:58:33,673 [pool-413-thread-1] INFO  storage.RaftStorageDirectory (RaftStorageDirectory.java:analyzeStorage(246)) - The storage directory /workdir/hadoop-ozone/integration-test/target/test-dir/MiniOzoneClusterImpl-b5d04183-30b1-438a-9e7c-4476fbb0217c/datanode-3/data/ratis/4abe8e13-83d0-44a2-a88a-3979f03bafc9 does not exist. Creating ...
2019-10-08 21:58:33,674 [pool-423-thread-1] INFO  server.RaftServerConfigKeys (ConfUtils.java:logGet(43)) - raft.server.log.appender.install.snapshot.enabled = false (custom)
2019-10-08 21:58:33,673 [pool-433-thread-1] INFO  server.RaftServerConfigKeys (ConfUtils.java:logGet(43)) - raft.server.log.appender.install.snapshot.enabled = false (custom)
2019-10-08 21:58:33,674 [pool-423-thread-1] INFO  impl.RaftServerImpl (ServerState.java:<init>(103)) - f6e098c0-4eb5-47e1-b5c2-bc996a6adebc@group-3979F03BAFC9: ConfigurationManager, init=-1: [f6e098c0-4eb5-47e1-b5c2-bc996a6adebc:192.168.151.107:40748, 3c15ff24-c36c-4c0a-bb05-599d7fd0bd78:192.168.151.107:37771, 139b8de3-1a59-4817-9c24-be5a95a55bea:192.168.151.107:41077], old=null, confs=<EMPTY_MAP>
2019-10-08 21:58:33,674 [pool-433-thread-1] INFO  impl.RaftServerImpl (ServerState.java:<init>(103)) - 139b8de3-1a59-4817-9c24-be5a95a55bea@group-3979F03BAFC9: ConfigurationManager, init=-1: [f6e098c0-4eb5-47e1-b5c2-bc996a6adebc:192.168.151.107:40748, 3c15ff24-c36c-4c0a-bb05-599d7fd0bd78:192.168.151.107:37771, 139b8de3-1a59-4817-9c24-be5a95a55bea:192.168.151.107:41077], old=null, confs=<EMPTY_MAP>
2019-10-08 21:58:33,674 [pool-423-thread-1] INFO  server.RaftServerConfigKeys (ConfUtils.java:logGet(43)) - raft.server.storage.dir = [/workdir/hadoop-ozone/integration-test/target/test-dir/MiniOzoneClusterImpl-b5d04183-30b1-438a-9e7c-4476fbb0217c/datanode-4/data/ratis] (custom)
2019-10-08 21:58:33,674 [pool-433-thread-1] INFO  server.RaftServerConfigKeys (ConfUtils.java:logGet(43)) - raft.server.storage.dir = [/workdir/hadoop-ozone/integration-test/target/test-dir/MiniOzoneClusterImpl-b5d04183-30b1-438a-9e7c-4476fbb0217c/datanode-5/data/ratis] (custom)
2019-10-08 21:58:33,674 [pool-423-thread-1] INFO  server.RaftServerConfigKeys (ConfUtils.java:logGet(43)) - raft.server.log.corruption.policy = EXCEPTION (default)
2019-10-08 21:58:33,674 [pool-433-thread-1] INFO  server.RaftServerConfigKeys (ConfUtils.java:logGet(43)) - raft.server.log.corruption.policy = EXCEPTION (default)
2019-10-08 21:58:33,674 [pool-423-thread-1] INFO  storage.RaftStorageDirectory (RaftStorageDirectory.java:analyzeStorage(246)) - The storage directory /workdir/hadoop-ozone/integration-test/target/test-dir/MiniOzoneClusterImpl-b5d04183-30b1-438a-9e7c-4476fbb0217c/datanode-4/data/ratis/4abe8e13-83d0-44a2-a88a-3979f03bafc9 does not exist. Creating ...
2019-10-08 21:58:33,674 [pool-433-thread-1] INFO  storage.RaftStorageDirectory (RaftStorageDirectory.java:analyzeStorage(246)) - The storage directory /workdir/hadoop-ozone/integration-test/target/test-dir/MiniOzoneClusterImpl-b5d04183-30b1-438a-9e7c-4476fbb0217c/datanode-5/data/ratis/4abe8e13-83d0-44a2-a88a-3979f03bafc9 does not exist. Creating ...
2019-10-08 21:58:33,675 [main] INFO  ozone.MiniOzoneClusterImpl (MiniOzoneClusterImpl.java:lambda$waitForClusterToBeReady$0(147)) - Waiting for cluster to be ready. Got 6 of 7 DN Heartbeats.
2019-10-08 21:58:33,676 [IPC Server handler 0 on 34765] INFO  net.NetworkTopology (NetworkTopologyImpl.java:add(111)) - Added a new node: /default-rack/eec71576-95f8-49b2-9bc7-5c6b555a9767
2019-10-08 21:58:33,676 [IPC Server handler 0 on 34765] INFO  node.SCMNodeManager (SCMNodeManager.java:register(268)) - Registered Data node : eec71576-95f8-49b2-9bc7-5c6b555a9767{ip: 192.168.151.107, host: pr-hdds-2217-2kdk4-3258704453, networkLocation: /default-rack, certSerialId: null}
2019-10-08 21:58:33,687 [pool-433-thread-1] INFO  storage.RaftStorageDirectory (RaftStorageDirectory.java:tryLock(328)) - Lock on /workdir/hadoop-ozone/integration-test/target/test-dir/MiniOzoneClusterImpl-b5d04183-30b1-438a-9e7c-4476fbb0217c/datanode-5/data/ratis/4abe8e13-83d0-44a2-a88a-3979f03bafc9/in_use.lock acquired by nodename 25773@pr-hdds-2217-2kdk4-3258704453
2019-10-08 21:58:33,687 [pool-423-thread-1] INFO  storage.RaftStorageDirectory (RaftStorageDirectory.java:tryLock(328)) - Lock on /workdir/hadoop-ozone/integration-test/target/test-dir/MiniOzoneClusterImpl-b5d04183-30b1-438a-9e7c-4476fbb0217c/datanode-4/data/ratis/4abe8e13-83d0-44a2-a88a-3979f03bafc9/in_use.lock acquired by nodename 25773@pr-hdds-2217-2kdk4-3258704453
2019-10-08 21:58:33,687 [pool-413-thread-1] INFO  storage.RaftStorageDirectory (RaftStorageDirectory.java:tryLock(328)) - Lock on /workdir/hadoop-ozone/integration-test/target/test-dir/MiniOzoneClusterImpl-b5d04183-30b1-438a-9e7c-4476fbb0217c/datanode-3/data/ratis/4abe8e13-83d0-44a2-a88a-3979f03bafc9/in_use.lock acquired by nodename 25773@pr-hdds-2217-2kdk4-3258704453
2019-10-08 21:58:33,700 [pool-423-thread-1] INFO  storage.RaftStorage (RaftStorage.java:format(84)) - Storage directory /workdir/hadoop-ozone/integration-test/target/test-dir/MiniOzoneClusterImpl-b5d04183-30b1-438a-9e7c-4476fbb0217c/datanode-4/data/ratis/4abe8e13-83d0-44a2-a88a-3979f03bafc9 has been successfully formatted.
2019-10-08 21:58:33,700 [pool-433-thread-1] INFO  storage.RaftStorage (RaftStorage.java:format(84)) - Storage directory /workdir/hadoop-ozone/integration-test/target/test-dir/MiniOzoneClusterImpl-b5d04183-30b1-438a-9e7c-4476fbb0217c/datanode-5/data/ratis/4abe8e13-83d0-44a2-a88a-3979f03bafc9 has been successfully formatted.
2019-10-08 21:58:33,700 [pool-413-thread-1] INFO  storage.RaftStorage (RaftStorage.java:format(84)) - Storage directory /workdir/hadoop-ozone/integration-test/target/test-dir/MiniOzoneClusterImpl-b5d04183-30b1-438a-9e7c-4476fbb0217c/datanode-3/data/ratis/4abe8e13-83d0-44a2-a88a-3979f03bafc9 has been successfully formatted.
2019-10-08 21:58:33,701 [pool-423-thread-1] INFO  ratis.ContainerStateMachine (ContainerStateMachine.java:loadSnapshot(231)) - group-3979F03BAFC9: The snapshot info is null. Setting the last applied indexto:(t:0, i:~)
2019-10-08 21:58:33,701 [pool-433-thread-1] INFO  ratis.ContainerStateMachine (ContainerStateMachine.java:loadSnapshot(231)) - group-3979F03BAFC9: The snapshot info is null. Setting the last applied indexto:(t:0, i:~)
2019-10-08 21:58:33,701 [pool-423-thread-1] INFO  server.RaftServerConfigKeys (ConfUtils.java:logGet(43)) - raft.server.notification.no-leader.timeout = 120s (custom)
2019-10-08 21:58:33,701 [pool-413-thread-1] INFO  ratis.ContainerStateMachine (ContainerStateMachine.java:loadSnapshot(231)) - group-3979F03BAFC9: The snapshot info is null. Setting the last applied indexto:(t:0, i:~)
2019-10-08 21:58:33,701 [pool-423-thread-1] INFO  server.RaftServerConfigKeys (ConfUtils.java:logGet(43)) - raft.server.log.use.memory = false (default)
2019-10-08 21:58:33,701 [pool-433-thread-1] INFO  server.RaftServerConfigKeys (ConfUtils.java:logGet(43)) - raft.server.notification.no-leader.timeout = 120s (custom)
2019-10-08 21:58:33,701 [pool-423-thread-1] INFO  server.RaftServerConfigKeys (ConfUtils.java:logGet(43)) - raft.server.log.purge.gap = 1000000 (custom)
2019-10-08 21:58:33,701 [pool-413-thread-1] INFO  server.RaftServerConfigKeys (ConfUtils.java:logGet(43)) - raft.server.notification.no-leader.timeout = 120s (custom)
2019-10-08 21:58:33,701 [pool-423-thread-1] INFO  server.RaftServerConfigKeys (ConfUtils.java:logGet(43)) - raft.server.log.appender.buffer.byte-limit = 33554432 (custom)
2019-10-08 21:58:33,701 [pool-433-thread-1] INFO  server.RaftServerConfigKeys (ConfUtils.java:logGet(43)) - raft.server.log.use.memory = false (default)
2019-10-08 21:58:33,702 [pool-423-thread-1] INFO  server.RaftServerConfigKeys (ConfUtils.java:logGet(43)) - raft.server.log.segment.size.max = 1048576 (custom)
2019-10-08 21:58:33,702 [pool-413-thread-1] INFO  server.RaftServerConfigKeys (ConfUtils.java:logGet(43)) - raft.server.log.use.memory = false (default)
2019-10-08 21:58:33,702 [pool-423-thread-1] INFO  server.RaftServerConfigKeys (ConfUtils.java:logGet(43)) - raft.server.log.segment.cache.num.max = 2 (custom)
2019-10-08 21:58:33,702 [pool-433-thread-1] INFO  server.RaftServerConfigKeys (ConfUtils.java:logGet(43)) - raft.server.log.purge.gap = 1000000 (custom)
2019-10-08 21:58:33,702 [pool-423-thread-1] INFO  segmented.SegmentedRaftLogWorker (SegmentedRaftLogWorker.java:<init>(173)) - new f6e098c0-4eb5-47e1-b5c2-bc996a6adebc@group-3979F03BAFC9-SegmentedRaftLogWorker for RaftStorage:Storage Directory /workdir/hadoop-ozone/integration-test/target/test-dir/MiniOzoneClusterImpl-b5d04183-30b1-438a-9e7c-4476fbb0217c/datanode-4/data/ratis/4abe8e13-83d0-44a2-a88a-3979f03bafc9
2019-10-08 21:58:33,702 [pool-423-thread-1] INFO  server.RaftServerConfigKeys (ConfUtils.java:logGet(43)) - raft.server.log.queue.byte-limit = 2147483647 (custom)
2019-10-08 21:58:33,702 [pool-413-thread-1] INFO  server.RaftServerConfigKeys (ConfUtils.java:logGet(43)) - raft.server.log.purge.gap = 1000000 (custom)
2019-10-08 21:58:33,702 [pool-423-thread-1] INFO  server.RaftServerConfigKeys (ConfUtils.java:logGet(43)) - raft.server.log.queue.element-limit = 1024 (custom)
2019-10-08 21:58:33,702 [pool-433-thread-1] INFO  server.RaftServerConfigKeys (ConfUtils.java:logGet(43)) - raft.server.log.appender.buffer.byte-limit = 33554432 (custom)
2019-10-08 21:58:33,703 [pool-423-thread-1] INFO  server.RaftServerConfigKeys (ConfUtils.java:logGet(43)) - raft.server.log.segment.size.max = 1048576 (custom)
2019-10-08 21:58:33,702 [pool-413-thread-1] INFO  server.RaftServerConfigKeys (ConfUtils.java:logGet(43)) - raft.server.log.appender.buffer.byte-limit = 33554432 (custom)
2019-10-08 21:58:33,703 [pool-423-thread-1] INFO  server.RaftServerConfigKeys (ConfUtils.java:logGet(43)) - raft.server.log.preallocated.size = 16384 (custom)
2019-10-08 21:58:33,703 [pool-433-thread-1] INFO  server.RaftServerConfigKeys (ConfUtils.java:logGet(43)) - raft.server.log.segment.size.max = 1048576 (custom)
2019-10-08 21:58:33,703 [pool-423-thread-1] INFO  server.RaftServerConfigKeys (ConfUtils.java:logGet(43)) - raft.server.log.write.buffer.size = 33554432 (custom)
2019-10-08 21:58:33,703 [pool-413-thread-1] INFO  server.RaftServerConfigKeys (ConfUtils.java:logGet(43)) - raft.server.log.segment.size.max = 1048576 (custom)
2019-10-08 21:58:33,703 [pool-423-thread-1] INFO  server.RaftServerConfigKeys (ConfUtils.java:logGet(43)) - raft.server.log.force.sync.num = 128 (default)
2019-10-08 21:58:33,703 [pool-433-thread-1] INFO  server.RaftServerConfigKeys (ConfUtils.java:logGet(43)) - raft.server.log.segment.cache.num.max = 2 (custom)
2019-10-08 21:58:33,703 [pool-423-thread-1] INFO  server.RaftServerConfigKeys (ConfUtils.java:logGet(43)) - raft.server.log.statemachine.data.sync = true (default)
2019-10-08 21:58:33,703 [pool-413-thread-1] INFO  server.RaftServerConfigKeys (ConfUtils.java:logGet(43)) - raft.server.log.segment.cache.num.max = 2 (custom)
2019-10-08 21:58:33,704 [pool-423-thread-1] INFO  server.RaftServerConfigKeys (ConfUtils.java:logGet(43)) - raft.server.log.statemachine.data.sync.timeout = 10s (default)
2019-10-08 21:58:33,704 [pool-433-thread-1] INFO  segmented.SegmentedRaftLogWorker (SegmentedRaftLogWorker.java:<init>(173)) - new 139b8de3-1a59-4817-9c24-be5a95a55bea@group-3979F03BAFC9-SegmentedRaftLogWorker for RaftStorage:Storage Directory /workdir/hadoop-ozone/integration-test/target/test-dir/MiniOzoneClusterImpl-b5d04183-30b1-438a-9e7c-4476fbb0217c/datanode-5/data/ratis/4abe8e13-83d0-44a2-a88a-3979f03bafc9
2019-10-08 21:58:33,704 [pool-423-thread-1] INFO  server.RaftServerConfigKeys (ConfUtils.java:logGet(43)) - raft.server.log.statemachine.data.sync.timeout.retry = -1 (default)
2019-10-08 21:58:33,704 [pool-413-thread-1] INFO  segmented.SegmentedRaftLogWorker (SegmentedRaftLogWorker.java:<init>(173)) - new 3c15ff24-c36c-4c0a-bb05-599d7fd0bd78@group-3979F03BAFC9-SegmentedRaftLogWorker for RaftStorage:Storage Directory /workdir/hadoop-ozone/integration-test/target/test-dir/MiniOzoneClusterImpl-b5d04183-30b1-438a-9e7c-4476fbb0217c/datanode-3/data/ratis/4abe8e13-83d0-44a2-a88a-3979f03bafc9
2019-10-08 21:58:33,704 [pool-423-thread-1] INFO  server.RaftServerConfigKeys (ConfUtils.java:logGet(43)) - raft.server.log.statemachine.data.caching.enabled = true (custom)
2019-10-08 21:58:33,704 [pool-433-thread-1] INFO  server.RaftServerConfigKeys (ConfUtils.java:logGet(43)) - raft.server.log.queue.byte-limit = 2147483647 (custom)
2019-10-08 21:58:33,705 [pool-423-thread-1] INFO  segmented.SegmentedRaftLogWorker (SegmentedRaftLogWorker.java:lambda$new$0(128)) - f6e098c0-4eb5-47e1-b5c2-bc996a6adebc@group-3979F03BAFC9-SegmentedRaftLogWorker: flushIndex: setUnconditionally 0 -> -1
2019-10-08 21:58:33,704 [pool-413-thread-1] INFO  server.RaftServerConfigKeys (ConfUtils.java:logGet(43)) - raft.server.log.queue.byte-limit = 2147483647 (custom)
2019-10-08 21:58:33,705 [pool-423-thread-1] INFO  server.RaftServerConfigKeys (ConfUtils.java:logGet(43)) - raft.server.snapshot.auto.trigger.enabled = true (custom)
2019-10-08 21:58:33,705 [pool-433-thread-1] INFO  server.RaftServerConfigKeys (ConfUtils.java:logGet(43)) - raft.server.log.queue.element-limit = 1024 (custom)
2019-10-08 21:58:33,705 [pool-423-thread-1] INFO  server.RaftServerConfigKeys (ConfUtils.java:logGet(43)) - raft.server.snapshot.auto.trigger.threshold = 10000 (custom)
2019-10-08 21:58:33,705 [pool-413-thread-1] INFO  server.RaftServerConfigKeys (ConfUtils.java:logGet(43)) - raft.server.log.queue.element-limit = 1024 (custom)
2019-10-08 21:58:33,705 [pool-423-thread-1] INFO  server.RaftServerConfigKeys (ConfUtils.java:logGet(43)) - raft.server.snapshot.retention.file.num = 5 (custom)
2019-10-08 21:58:33,705 [pool-433-thread-1] INFO  server.RaftServerConfigKeys (ConfUtils.java:logGet(43)) - raft.server.log.segment.size.max = 1048576 (custom)
2019-10-08 21:58:33,705 [pool-423-thread-1] INFO  server.RaftServerConfigKeys (ConfUtils.java:logGet(43)) - raft.server.retrycache.expirytime = 600000ms (custom)
2019-10-08 21:58:33,705 [pool-413-thread-1] INFO  server.RaftServerConfigKeys (ConfUtils.java:logGet(43)) - raft.server.log.segment.size.max = 1048576 (custom)
2019-10-08 21:58:33,706 [pool-433-thread-1] INFO  server.RaftServerConfigKeys (ConfUtils.java:logGet(43)) - raft.server.log.preallocated.size = 16384 (custom)
2019-10-08 21:58:33,706 [pool-413-thread-1] INFO  server.RaftServerConfigKeys (ConfUtils.java:logGet(43)) - raft.server.log.preallocated.size = 16384 (custom)
2019-10-08 21:58:33,706 [pool-433-thread-1] INFO  server.RaftServerConfigKeys (ConfUtils.java:logGet(43)) - raft.server.log.write.buffer.size = 33554432 (custom)
2019-10-08 21:58:33,706 [pool-413-thread-1] INFO  server.RaftServerConfigKeys (ConfUtils.java:logGet(43)) - raft.server.log.write.buffer.size = 33554432 (custom)
2019-10-08 21:58:33,706 [pool-433-thread-1] INFO  server.RaftServerConfigKeys (ConfUtils.java:logGet(43)) - raft.server.log.force.sync.num = 128 (default)
2019-10-08 21:58:33,706 [pool-413-thread-1] INFO  server.RaftServerConfigKeys (ConfUtils.java:logGet(43)) - raft.server.log.force.sync.num = 128 (default)
2019-10-08 21:58:33,706 [pool-433-thread-1] INFO  server.RaftServerConfigKeys (ConfUtils.java:logGet(43)) - raft.server.log.statemachine.data.sync = true (default)
2019-10-08 21:58:33,707 [pool-413-thread-1] INFO  server.RaftServerConfigKeys (ConfUtils.java:logGet(43)) - raft.server.log.statemachine.data.sync = true (default)
2019-10-08 21:58:33,707 [pool-433-thread-1] INFO  server.RaftServerConfigKeys (ConfUtils.java:logGet(43)) - raft.server.log.statemachine.data.sync.timeout = 10s (default)
2019-10-08 21:58:33,707 [pool-413-thread-1] INFO  server.RaftServerConfigKeys (ConfUtils.java:logGet(43)) - raft.server.log.statemachine.data.sync.timeout = 10s (default)
2019-10-08 21:58:33,707 [pool-423-thread-1] INFO  impl.RaftServerImpl (RaftServerImpl.java:start(181)) - f6e098c0-4eb5-47e1-b5c2-bc996a6adebc@group-3979F03BAFC9: start as a follower, conf=-1: [f6e098c0-4eb5-47e1-b5c2-bc996a6adebc:192.168.151.107:40748, 3c15ff24-c36c-4c0a-bb05-599d7fd0bd78:192.168.151.107:37771, 139b8de3-1a59-4817-9c24-be5a95a55bea:192.168.151.107:41077], old=null
2019-10-08 21:58:33,707 [pool-433-thread-1] INFO  server.RaftServerConfigKeys (ConfUtils.java:logGet(43)) - raft.server.log.statemachine.data.sync.timeout.retry = -1 (default)
2019-10-08 21:58:33,707 [pool-423-thread-1] INFO  impl.RaftServerImpl (RaftServerImpl.java:setRole(170)) - f6e098c0-4eb5-47e1-b5c2-bc996a6adebc@group-3979F03BAFC9: changes role from      null to FOLLOWER at term 0 for startAsFollower
2019-10-08 21:58:33,707 [pool-413-thread-1] INFO  server.RaftServerConfigKeys (ConfUtils.java:logGet(43)) - raft.server.log.statemachine.data.sync.timeout.retry = -1 (default)
2019-10-08 21:58:33,707 [pool-423-thread-1] INFO  impl.RoleInfo (RoleInfo.java:updateAndGet(143)) - f6e098c0-4eb5-47e1-b5c2-bc996a6adebc: start FollowerState
2019-10-08 21:58:33,707 [pool-433-thread-1] INFO  server.RaftServerConfigKeys (ConfUtils.java:logGet(43)) - raft.server.log.statemachine.data.caching.enabled = true (custom)
2019-10-08 21:58:33,707 [pool-413-thread-1] INFO  server.RaftServerConfigKeys (ConfUtils.java:logGet(43)) - raft.server.log.statemachine.data.caching.enabled = true (custom)
2019-10-08 21:58:33,708 [pool-423-thread-1] INFO  util.JmxRegister (JmxRegister.java:tryRegister(44)) - Successfully registered JMX Bean with object name Ratis:service=RaftServer,group=group-3979F03BAFC9,id=f6e098c0-4eb5-47e1-b5c2-bc996a6adebc
2019-10-08 21:58:33,708 [pool-433-thread-1] INFO  segmented.SegmentedRaftLogWorker (SegmentedRaftLogWorker.java:lambda$new$0(128)) - 139b8de3-1a59-4817-9c24-be5a95a55bea@group-3979F03BAFC9-SegmentedRaftLogWorker: flushIndex: setUnconditionally 0 -> -1
2019-10-08 21:58:33,708 [pool-413-thread-1] INFO  segmented.SegmentedRaftLogWorker (SegmentedRaftLogWorker.java:lambda$new$0(128)) - 3c15ff24-c36c-4c0a-bb05-599d7fd0bd78@group-3979F03BAFC9-SegmentedRaftLogWorker: flushIndex: setUnconditionally 0 -> -1
2019-10-08 21:58:33,708 [pool-433-thread-1] INFO  server.RaftServerConfigKeys (ConfUtils.java:logGet(43)) - raft.server.snapshot.auto.trigger.enabled = true (custom)
2019-10-08 21:58:33,708 [pool-413-thread-1] INFO  server.RaftServerConfigKeys (ConfUtils.java:logGet(43)) - raft.server.snapshot.auto.trigger.enabled = true (custom)
2019-10-08 21:58:33,708 [pool-433-thread-1] INFO  server.RaftServerConfigKeys (ConfUtils.java:logGet(43)) - raft.server.snapshot.auto.trigger.threshold = 10000 (custom)
2019-10-08 21:58:33,708 [pool-413-thread-1] INFO  server.RaftServerConfigKeys (ConfUtils.java:logGet(43)) - raft.server.snapshot.auto.trigger.threshold = 10000 (custom)
2019-10-08 21:58:33,708 [pool-433-thread-1] INFO  server.RaftServerConfigKeys (ConfUtils.java:logGet(43)) - raft.server.snapshot.retention.file.num = 5 (custom)
2019-10-08 21:58:33,708 [pool-413-thread-1] INFO  server.RaftServerConfigKeys (ConfUtils.java:logGet(43)) - raft.server.snapshot.retention.file.num = 5 (custom)
2019-10-08 21:58:33,709 [pool-433-thread-1] INFO  server.RaftServerConfigKeys (ConfUtils.java:logGet(43)) - raft.server.retrycache.expirytime = 600000ms (custom)
2019-10-08 21:58:33,709 [pool-413-thread-1] INFO  server.RaftServerConfigKeys (ConfUtils.java:logGet(43)) - raft.server.retrycache.expirytime = 600000ms (custom)
2019-10-08 21:58:33,711 [pool-413-thread-1] INFO  impl.RaftServerImpl (RaftServerImpl.java:start(181)) - 3c15ff24-c36c-4c0a-bb05-599d7fd0bd78@group-3979F03BAFC9: start as a follower, conf=-1: [f6e098c0-4eb5-47e1-b5c2-bc996a6adebc:192.168.151.107:40748, 3c15ff24-c36c-4c0a-bb05-599d7fd0bd78:192.168.151.107:37771, 139b8de3-1a59-4817-9c24-be5a95a55bea:192.168.151.107:41077], old=null
2019-10-08 21:58:33,711 [pool-433-thread-1] INFO  impl.RaftServerImpl (RaftServerImpl.java:start(181)) - 139b8de3-1a59-4817-9c24-be5a95a55bea@group-3979F03BAFC9: start as a follower, conf=-1: [f6e098c0-4eb5-47e1-b5c2-bc996a6adebc:192.168.151.107:40748, 3c15ff24-c36c-4c0a-bb05-599d7fd0bd78:192.168.151.107:37771, 139b8de3-1a59-4817-9c24-be5a95a55bea:192.168.151.107:41077], old=null
2019-10-08 21:58:33,711 [pool-413-thread-1] INFO  impl.RaftServerImpl (RaftServerImpl.java:setRole(170)) - 3c15ff24-c36c-4c0a-bb05-599d7fd0bd78@group-3979F03BAFC9: changes role from      null to FOLLOWER at term 0 for startAsFollower
2019-10-08 21:58:33,711 [pool-433-thread-1] INFO  impl.RaftServerImpl (RaftServerImpl.java:setRole(170)) - 139b8de3-1a59-4817-9c24-be5a95a55bea@group-3979F03BAFC9: changes role from      null to FOLLOWER at term 0 for startAsFollower
2019-10-08 21:58:33,711 [pool-413-thread-1] INFO  impl.RoleInfo (RoleInfo.java:updateAndGet(143)) - 3c15ff24-c36c-4c0a-bb05-599d7fd0bd78: start FollowerState
2019-10-08 21:58:33,711 [pool-433-thread-1] INFO  impl.RoleInfo (RoleInfo.java:updateAndGet(143)) - 139b8de3-1a59-4817-9c24-be5a95a55bea: start FollowerState
2019-10-08 21:58:33,711 [pool-413-thread-1] INFO  util.JmxRegister (JmxRegister.java:tryRegister(44)) - Successfully registered JMX Bean with object name Ratis:service=RaftServer,group=group-3979F03BAFC9,id=3c15ff24-c36c-4c0a-bb05-599d7fd0bd78
2019-10-08 21:58:33,711 [pool-433-thread-1] INFO  util.JmxRegister (JmxRegister.java:tryRegister(44)) - Successfully registered JMX Bean with object name Ratis:service=RaftServer,group=group-3979F03BAFC9,id=139b8de3-1a59-4817-9c24-be5a95a55bea
2019-10-08 21:58:33,715 [RatisPipelineUtilsThread] INFO  pipeline.PipelineStateManager (PipelineStateManager.java:addPipeline(56)) - Created pipeline Pipeline[ Id: 4abe8e13-83d0-44a2-a88a-3979f03bafc9, Nodes: 3c15ff24-c36c-4c0a-bb05-599d7fd0bd78{ip: 192.168.151.107, host: pr-hdds-2217-2kdk4-3258704453, networkLocation: /default-rack, certSerialId: null}139b8de3-1a59-4817-9c24-be5a95a55bea{ip: 192.168.151.107, host: pr-hdds-2217-2kdk4-3258704453, networkLocation: /default-rack, certSerialId: null}f6e098c0-4eb5-47e1-b5c2-bc996a6adebc{ip: 192.168.151.107, host: pr-hdds-2217-2kdk4-3258704453, networkLocation: /default-rack, certSerialId: null}, Type:RATIS, Factor:THREE, State:OPEN]
2019-10-08 21:58:34,470 [grpc-default-executor-3] WARN  server.GrpcLogAppender (LogUtils.java:warn(134)) - 12a1f04c-09b4-4c0f-87a4-bd1bfeb86722@group-98E3FAD48EE3->9241910e-7215-4b10-8981-67058d2a4474-AppendLogResponseHandler: Failed appendEntries: org.apache.ratis.thirdparty.io.grpc.StatusRuntimeException: UNAVAILABLE: io exception
2019-10-08 21:58:34,470 [grpc-default-executor-5] WARN  server.GrpcLogAppender (LogUtils.java:warn(134)) - 12a1f04c-09b4-4c0f-87a4-bd1bfeb86722@group-98E3FAD48EE3->5fe831c6-d7d2-49de-98c2-18dc53ff8363-AppendLogResponseHandler: Failed appendEntries: org.apache.ratis.thirdparty.io.grpc.StatusRuntimeException: UNAVAILABLE: io exception
2019-10-08 21:58:34,470 [grpc-default-executor-3] INFO  impl.FollowerInfo (FollowerInfo.java:lambda$new$0(51)) - 12a1f04c-09b4-4c0f-87a4-bd1bfeb86722@group-98E3FAD48EE3->9241910e-7215-4b10-8981-67058d2a4474: nextIndex: updateUnconditionally 0 -> 0
2019-10-08 21:58:34,470 [grpc-default-executor-5] INFO  impl.FollowerInfo (FollowerInfo.java:lambda$new$0(51)) - 12a1f04c-09b4-4c0f-87a4-bd1bfeb86722@group-98E3FAD48EE3->5fe831c6-d7d2-49de-98c2-18dc53ff8363: nextIndex: updateUnconditionally 0 -> 0
2019-10-08 21:58:34,675 [main] INFO  ozone.MiniOzoneClusterImpl (MiniOzoneClusterImpl.java:lambda$waitForClusterToBeReady$0(147)) - Cluster is ready. Got 7 of 7 DN Heartbeats.
2019-10-08 21:58:34,750 [main] INFO  rpc.RpcClient (RpcClient.java:createVolume(277)) - Creating Volume: watchforcommithandlingtest, with jenkins1000 as owner.
2019-10-08 21:58:34,753 [IPC Server handler 1 on 36539] INFO  volume.OMVolumeCreateRequest (OMVolumeCreateRequest.java:validateAndUpdateCache(193)) - created volume:watchforcommithandlingtest for user:jenkins1000
2019-10-08 21:58:34,778 [main] INFO  rpc.RpcClient (RpcClient.java:createBucket(416)) - Creating Bucket: watchforcommithandlingtest/watchforcommithandlingtest, with Versioning false and Storage Type set to DISK and Encryption set to false 
2019-10-08 21:58:34,785 [main] INFO  ozone.MiniOzoneClusterImpl (MiniOzoneClusterImpl.java:getStorageContainerLocationClient(234)) - Creating StorageContainerLocationProtocol RPC client with address /0.0.0.0:33593
2019-10-08 21:58:36,173 [Thread-2338] INFO  container.ReplicationManager (ReplicationManager.java:start(162)) - Starting Replication Monitor Thread.
2019-10-08 21:58:36,180 [ReplicationMonitor] INFO  container.ReplicationManager (ReplicationManager.java:run(225)) - Replication Monitor Thread took 1 milliseconds for processing 1 containers.
2019-10-08 21:58:36,970 [grpc-default-executor-7] WARN  server.GrpcLogAppender (LogUtils.java:warn(134)) - 12a1f04c-09b4-4c0f-87a4-bd1bfeb86722@group-98E3FAD48EE3->5fe831c6-d7d2-49de-98c2-18dc53ff8363-AppendLogResponseHandler: Failed appendEntries: org.apache.ratis.thirdparty.io.grpc.StatusRuntimeException: UNAVAILABLE: io exception
2019-10-08 21:58:36,970 [grpc-default-executor-1] WARN  server.GrpcLogAppender (LogUtils.java:warn(134)) - 12a1f04c-09b4-4c0f-87a4-bd1bfeb86722@group-98E3FAD48EE3->9241910e-7215-4b10-8981-67058d2a4474-AppendLogResponseHandler: Failed appendEntries: org.apache.ratis.thirdparty.io.grpc.StatusRuntimeException: UNAVAILABLE: io exception
2019-10-08 21:58:36,970 [grpc-default-executor-7] INFO  impl.FollowerInfo (FollowerInfo.java:lambda$new$0(51)) - 12a1f04c-09b4-4c0f-87a4-bd1bfeb86722@group-98E3FAD48EE3->5fe831c6-d7d2-49de-98c2-18dc53ff8363: nextIndex: updateUnconditionally 0 -> 0
2019-10-08 21:58:36,970 [grpc-default-executor-1] INFO  impl.FollowerInfo (FollowerInfo.java:lambda$new$0(51)) - 12a1f04c-09b4-4c0f-87a4-bd1bfeb86722@group-98E3FAD48EE3->9241910e-7215-4b10-8981-67058d2a4474: nextIndex: updateUnconditionally 0 -> 0
2019-10-08 21:58:38,419 [Thread-2340] INFO  impl.FollowerState (FollowerState.java:run(108)) - 5d9d4753-5868-46ae-88db-59d46778e9c7@group-D43906ED83D5-FollowerState: change to CANDIDATE, lastRpcTime:5198ms, electionTimeout:5198ms
2019-10-08 21:58:38,420 [Thread-2340] INFO  impl.RoleInfo (RoleInfo.java:shutdownFollowerState(121)) - 5d9d4753-5868-46ae-88db-59d46778e9c7: shutdown FollowerState
2019-10-08 21:58:38,420 [Thread-2340] INFO  impl.RaftServerImpl (RaftServerImpl.java:setRole(170)) - 5d9d4753-5868-46ae-88db-59d46778e9c7@group-D43906ED83D5: changes role from  FOLLOWER to CANDIDATE at term 0 for changeToCandidate
2019-10-08 21:58:38,421 [Thread-2340] INFO  impl.RoleInfo (RoleInfo.java:updateAndGet(143)) - 5d9d4753-5868-46ae-88db-59d46778e9c7: start LeaderElection
2019-10-08 21:58:38,428 [Thread-2343] INFO  impl.FollowerState (FollowerState.java:run(108)) - 447b4921-8c2d-43b9-b073-18b4d5d7c4f6@group-94304248273E-FollowerState: change to CANDIDATE, lastRpcTime:5131ms, electionTimeout:5126ms
2019-10-08 21:58:38,437 [Thread-2343] INFO  impl.RoleInfo (RoleInfo.java:shutdownFollowerState(121)) - 447b4921-8c2d-43b9-b073-18b4d5d7c4f6: shutdown FollowerState
2019-10-08 21:58:38,437 [Thread-2343] INFO  impl.RaftServerImpl (RaftServerImpl.java:setRole(170)) - 447b4921-8c2d-43b9-b073-18b4d5d7c4f6@group-94304248273E: changes role from  FOLLOWER to CANDIDATE at term 0 for changeToCandidate
2019-10-08 21:58:38,437 [Thread-2343] INFO  impl.RoleInfo (RoleInfo.java:updateAndGet(143)) - 447b4921-8c2d-43b9-b073-18b4d5d7c4f6: start LeaderElection
2019-10-08 21:58:38,458 [5d9d4753-5868-46ae-88db-59d46778e9c7@group-D43906ED83D5-LeaderElection58] INFO  impl.LeaderElection (LeaderElection.java:askForVotes(178)) - 5d9d4753-5868-46ae-88db-59d46778e9c7@group-D43906ED83D5-LeaderElection58: begin an election at term 1 for -1: [5d9d4753-5868-46ae-88db-59d46778e9c7:192.168.151.107:41968], old=null
2019-10-08 21:58:38,459 [5d9d4753-5868-46ae-88db-59d46778e9c7@group-D43906ED83D5-LeaderElection58] INFO  impl.RoleInfo (RoleInfo.java:shutdownLeaderElection(134)) - 5d9d4753-5868-46ae-88db-59d46778e9c7: shutdown LeaderElection
2019-10-08 21:58:38,459 [5d9d4753-5868-46ae-88db-59d46778e9c7@group-D43906ED83D5-LeaderElection58] INFO  impl.RaftServerImpl (RaftServerImpl.java:setRole(170)) - 5d9d4753-5868-46ae-88db-59d46778e9c7@group-D43906ED83D5: changes role from CANDIDATE to LEADER at term 1 for changeToLeader
2019-10-08 21:58:38,459 [5d9d4753-5868-46ae-88db-59d46778e9c7@group-D43906ED83D5-LeaderElection58] INFO  impl.RaftServerImpl (ServerState.java:setLeader(255)) - 5d9d4753-5868-46ae-88db-59d46778e9c7@group-D43906ED83D5: change Leader from null to 5d9d4753-5868-46ae-88db-59d46778e9c7 at term 1 for becomeLeader, leader elected after 5247ms
2019-10-08 21:58:38,459 [5d9d4753-5868-46ae-88db-59d46778e9c7@group-D43906ED83D5-LeaderElection58] INFO  server.RaftServerConfigKeys (ConfUtils.java:logGet(43)) - raft.server.staging.catchup.gap = 1000 (default)
2019-10-08 21:58:38,459 [5d9d4753-5868-46ae-88db-59d46778e9c7@group-D43906ED83D5-LeaderElection58] INFO  server.RaftServerConfigKeys (ConfUtils.java:logGet(43)) - raft.server.rpc.sleep.time = 25ms (default)
2019-10-08 21:58:38,459 [5d9d4753-5868-46ae-88db-59d46778e9c7@group-D43906ED83D5-LeaderElection58] INFO  server.RaftServerConfigKeys (ConfUtils.java:logGet(43)) - raft.server.write.element-limit = 4096 (default)
2019-10-08 21:58:38,460 [5d9d4753-5868-46ae-88db-59d46778e9c7@group-D43906ED83D5-LeaderElection58] INFO  server.RaftServerConfigKeys (ConfUtils.java:logGet(43)) - raft.server.watch.timeout = 10s (default)
2019-10-08 21:58:38,460 [5d9d4753-5868-46ae-88db-59d46778e9c7@group-D43906ED83D5-LeaderElection58] INFO  server.RaftServerConfigKeys (ConfUtils.java:logGet(43)) - raft.server.watch.timeout.denomination = 1s (default)
2019-10-08 21:58:38,460 [5d9d4753-5868-46ae-88db-59d46778e9c7@group-D43906ED83D5-LeaderElection58] INFO  server.RaftServerConfigKeys (ConfUtils.java:logGet(43)) - raft.server.watch.element-limit = 65536 (default)
2019-10-08 21:58:38,460 [447b4921-8c2d-43b9-b073-18b4d5d7c4f6@group-94304248273E-LeaderElection59] INFO  impl.LeaderElection (LeaderElection.java:askForVotes(178)) - 447b4921-8c2d-43b9-b073-18b4d5d7c4f6@group-94304248273E-LeaderElection59: begin an election at term 1 for -1: [447b4921-8c2d-43b9-b073-18b4d5d7c4f6:192.168.151.107:46602], old=null
2019-10-08 21:58:38,460 [447b4921-8c2d-43b9-b073-18b4d5d7c4f6@group-94304248273E-LeaderElection59] INFO  impl.RoleInfo (RoleInfo.java:shutdownLeaderElection(134)) - 447b4921-8c2d-43b9-b073-18b4d5d7c4f6: shutdown LeaderElection
2019-10-08 21:58:38,460 [447b4921-8c2d-43b9-b073-18b4d5d7c4f6@group-94304248273E-LeaderElection59] INFO  impl.RaftServerImpl (RaftServerImpl.java:setRole(170)) - 447b4921-8c2d-43b9-b073-18b4d5d7c4f6@group-94304248273E: changes role from CANDIDATE to LEADER at term 1 for changeToLeader
2019-10-08 21:58:38,461 [447b4921-8c2d-43b9-b073-18b4d5d7c4f6@group-94304248273E-LeaderElection59] INFO  impl.RaftServerImpl (ServerState.java:setLeader(255)) - 447b4921-8c2d-43b9-b073-18b4d5d7c4f6@group-94304248273E: change Leader from null to 447b4921-8c2d-43b9-b073-18b4d5d7c4f6 at term 1 for becomeLeader, leader elected after 5171ms
2019-10-08 21:58:38,461 [447b4921-8c2d-43b9-b073-18b4d5d7c4f6@group-94304248273E-LeaderElection59] INFO  server.RaftServerConfigKeys (ConfUtils.java:logGet(43)) - raft.server.staging.catchup.gap = 1000 (default)
2019-10-08 21:58:38,461 [447b4921-8c2d-43b9-b073-18b4d5d7c4f6@group-94304248273E-LeaderElection59] INFO  server.RaftServerConfigKeys (ConfUtils.java:logGet(43)) - raft.server.rpc.sleep.time = 25ms (default)
2019-10-08 21:58:38,461 [447b4921-8c2d-43b9-b073-18b4d5d7c4f6@group-94304248273E-LeaderElection59] INFO  server.RaftServerConfigKeys (ConfUtils.java:logGet(43)) - raft.server.write.element-limit = 4096 (default)
2019-10-08 21:58:38,461 [447b4921-8c2d-43b9-b073-18b4d5d7c4f6@group-94304248273E-LeaderElection59] INFO  server.RaftServerConfigKeys (ConfUtils.java:logGet(43)) - raft.server.watch.timeout = 10s (default)
2019-10-08 21:58:38,461 [447b4921-8c2d-43b9-b073-18b4d5d7c4f6@group-94304248273E-LeaderElection59] INFO  server.RaftServerConfigKeys (ConfUtils.java:logGet(43)) - raft.server.watch.timeout.denomination = 1s (default)
2019-10-08 21:58:38,461 [447b4921-8c2d-43b9-b073-18b4d5d7c4f6@group-94304248273E-LeaderElection59] INFO  server.RaftServerConfigKeys (ConfUtils.java:logGet(43)) - raft.server.watch.element-limit = 65536 (default)
2019-10-08 21:58:38,462 [5d9d4753-5868-46ae-88db-59d46778e9c7@group-D43906ED83D5-LeaderElection58] INFO  impl.RoleInfo (RoleInfo.java:updateAndGet(143)) - 5d9d4753-5868-46ae-88db-59d46778e9c7: start LeaderState
2019-10-08 21:58:38,463 [5d9d4753-5868-46ae-88db-59d46778e9c7@group-D43906ED83D5-LeaderElection58] INFO  segmented.SegmentedRaftLogWorker (SegmentedRaftLogWorker.java:startLogSegment(385)) - 5d9d4753-5868-46ae-88db-59d46778e9c7@group-D43906ED83D5-SegmentedRaftLogWorker: Starting segment from index:0
2019-10-08 21:58:38,463 [5d9d4753-5868-46ae-88db-59d46778e9c7@group-D43906ED83D5-LeaderElection58] INFO  impl.RaftServerImpl (ServerState.java:setRaftConf(356)) - 5d9d4753-5868-46ae-88db-59d46778e9c7@group-D43906ED83D5: set configuration 0: [5d9d4753-5868-46ae-88db-59d46778e9c7:192.168.151.107:41968], old=null at 0
2019-10-08 21:58:38,464 [447b4921-8c2d-43b9-b073-18b4d5d7c4f6@group-94304248273E-LeaderElection59] INFO  impl.RoleInfo (RoleInfo.java:updateAndGet(143)) - 447b4921-8c2d-43b9-b073-18b4d5d7c4f6: start LeaderState
2019-10-08 21:58:38,464 [447b4921-8c2d-43b9-b073-18b4d5d7c4f6@group-94304248273E-LeaderElection59] INFO  segmented.SegmentedRaftLogWorker (SegmentedRaftLogWorker.java:startLogSegment(385)) - 447b4921-8c2d-43b9-b073-18b4d5d7c4f6@group-94304248273E-SegmentedRaftLogWorker: Starting segment from index:0
2019-10-08 21:58:38,464 [447b4921-8c2d-43b9-b073-18b4d5d7c4f6@group-94304248273E-LeaderElection59] INFO  impl.RaftServerImpl (ServerState.java:setRaftConf(356)) - 447b4921-8c2d-43b9-b073-18b4d5d7c4f6@group-94304248273E: set configuration 0: [447b4921-8c2d-43b9-b073-18b4d5d7c4f6:192.168.151.107:46602], old=null at 0
2019-10-08 21:58:38,510 [5d9d4753-5868-46ae-88db-59d46778e9c7@group-D43906ED83D5-SegmentedRaftLogWorker] INFO  segmented.SegmentedRaftLogWorker (SegmentedRaftLogWorker.java:execute(574)) - 5d9d4753-5868-46ae-88db-59d46778e9c7@group-D43906ED83D5-SegmentedRaftLogWorker: created new log segment /workdir/hadoop-ozone/integration-test/target/test-dir/MiniOzoneClusterImpl-b5d04183-30b1-438a-9e7c-4476fbb0217c/datanode-0/data/ratis/47251558-b85d-492b-9db1-d43906ed83d5/current/log_inprogress_0
2019-10-08 21:58:38,510 [447b4921-8c2d-43b9-b073-18b4d5d7c4f6@group-94304248273E-SegmentedRaftLogWorker] INFO  segmented.SegmentedRaftLogWorker (SegmentedRaftLogWorker.java:execute(574)) - 447b4921-8c2d-43b9-b073-18b4d5d7c4f6@group-94304248273E-SegmentedRaftLogWorker: created new log segment /workdir/hadoop-ozone/integration-test/target/test-dir/MiniOzoneClusterImpl-b5d04183-30b1-438a-9e7c-4476fbb0217c/datanode-1/data/ratis/f7b9fa21-3aca-4826-975b-94304248273e/current/log_inprogress_0
2019-10-08 21:58:38,512 [Thread-2349] INFO  impl.FollowerState (FollowerState.java:run(108)) - 6f427bc6-6379-4232-9c9d-b34be0db073c@group-67C6FC6BB742-FollowerState: change to CANDIDATE, lastRpcTime:5065ms, electionTimeout:5065ms
2019-10-08 21:58:38,512 [Thread-2349] INFO  impl.RoleInfo (RoleInfo.java:shutdownFollowerState(121)) - 6f427bc6-6379-4232-9c9d-b34be0db073c: shutdown FollowerState
2019-10-08 21:58:38,513 [Thread-2349] INFO  impl.RaftServerImpl (RaftServerImpl.java:setRole(170)) - 6f427bc6-6379-4232-9c9d-b34be0db073c@group-67C6FC6BB742: changes role from  FOLLOWER to CANDIDATE at term 0 for changeToCandidate
2019-10-08 21:58:38,513 [Thread-2349] INFO  impl.RoleInfo (RoleInfo.java:updateAndGet(143)) - 6f427bc6-6379-4232-9c9d-b34be0db073c: start LeaderElection
2019-10-08 21:58:38,537 [6f427bc6-6379-4232-9c9d-b34be0db073c@group-67C6FC6BB742-LeaderElection60] INFO  impl.LeaderElection (LeaderElection.java:askForVotes(178)) - 6f427bc6-6379-4232-9c9d-b34be0db073c@group-67C6FC6BB742-LeaderElection60: begin an election at term 1 for -1: [5d9d4753-5868-46ae-88db-59d46778e9c7:192.168.151.107:41968, 6f427bc6-6379-4232-9c9d-b34be0db073c:192.168.151.107:33953, 447b4921-8c2d-43b9-b073-18b4d5d7c4f6:192.168.151.107:46602], old=null
2019-10-08 21:58:38,541 [grpc-default-executor-1] INFO  impl.RaftServerImpl (RaftServerImpl.java:setRole(170)) - 447b4921-8c2d-43b9-b073-18b4d5d7c4f6@group-67C6FC6BB742: changes role from  FOLLOWER to FOLLOWER at term 1 for recognizeCandidate:6f427bc6-6379-4232-9c9d-b34be0db073c
2019-10-08 21:58:38,541 [grpc-default-executor-7] INFO  impl.RaftServerImpl (RaftServerImpl.java:setRole(170)) - 5d9d4753-5868-46ae-88db-59d46778e9c7@group-67C6FC6BB742: changes role from  FOLLOWER to FOLLOWER at term 1 for recognizeCandidate:6f427bc6-6379-4232-9c9d-b34be0db073c
2019-10-08 21:58:38,541 [grpc-default-executor-1] INFO  impl.RoleInfo (RoleInfo.java:shutdownFollowerState(121)) - 447b4921-8c2d-43b9-b073-18b4d5d7c4f6: shutdown FollowerState
2019-10-08 21:58:38,541 [grpc-default-executor-7] INFO  impl.RoleInfo (RoleInfo.java:shutdownFollowerState(121)) - 5d9d4753-5868-46ae-88db-59d46778e9c7: shutdown FollowerState
2019-10-08 21:58:38,542 [grpc-default-executor-1] INFO  impl.RoleInfo (RoleInfo.java:updateAndGet(143)) - 447b4921-8c2d-43b9-b073-18b4d5d7c4f6: start FollowerState
2019-10-08 21:58:38,542 [Thread-2354] INFO  impl.FollowerState (FollowerState.java:run(117)) - 5d9d4753-5868-46ae-88db-59d46778e9c7@group-67C6FC6BB742-FollowerState was interrupted: java.lang.InterruptedException: sleep interrupted
2019-10-08 21:58:38,542 [grpc-default-executor-7] INFO  impl.RoleInfo (RoleInfo.java:updateAndGet(143)) - 5d9d4753-5868-46ae-88db-59d46778e9c7: start FollowerState
2019-10-08 21:58:38,542 [Thread-2352] INFO  impl.FollowerState (FollowerState.java:run(117)) - 447b4921-8c2d-43b9-b073-18b4d5d7c4f6@group-67C6FC6BB742-FollowerState was interrupted: java.lang.InterruptedException: sleep interrupted
2019-10-08 21:58:38,560 [Thread-2346] INFO  impl.FollowerState (FollowerState.java:run(108)) - 6f427bc6-6379-4232-9c9d-b34be0db073c@group-AE0F82F88AF1-FollowerState: change to CANDIDATE, lastRpcTime:5187ms, electionTimeout:5187ms
2019-10-08 21:58:38,560 [Thread-2346] INFO  impl.RoleInfo (RoleInfo.java:shutdownFollowerState(121)) - 6f427bc6-6379-4232-9c9d-b34be0db073c: shutdown FollowerState
2019-10-08 21:58:38,560 [Thread-2346] INFO  impl.RaftServerImpl (RaftServerImpl.java:setRole(170)) - 6f427bc6-6379-4232-9c9d-b34be0db073c@group-AE0F82F88AF1: changes role from  FOLLOWER to CANDIDATE at term 0 for changeToCandidate
2019-10-08 21:58:38,560 [Thread-2346] INFO  impl.RoleInfo (RoleInfo.java:updateAndGet(143)) - 6f427bc6-6379-4232-9c9d-b34be0db073c: start LeaderElection
2019-10-08 21:58:38,571 [6f427bc6-6379-4232-9c9d-b34be0db073c@group-67C6FC6BB742-LeaderElection60] INFO  impl.LeaderElection (LeaderElection.java:logAndReturn(56)) - 6f427bc6-6379-4232-9c9d-b34be0db073c@group-67C6FC6BB742-LeaderElection60: Election PASSED; received 1 response(s) [6f427bc6-6379-4232-9c9d-b34be0db073c<-447b4921-8c2d-43b9-b073-18b4d5d7c4f6#0:OK-t1] and 0 exception(s); 6f427bc6-6379-4232-9c9d-b34be0db073c@group-67C6FC6BB742:t1, leader=null, voted=6f427bc6-6379-4232-9c9d-b34be0db073c, raftlog=6f427bc6-6379-4232-9c9d-b34be0db073c@group-67C6FC6BB742-SegmentedRaftLog:OPENED:c-1,f-1,i0, conf=-1: [5d9d4753-5868-46ae-88db-59d46778e9c7:192.168.151.107:41968, 6f427bc6-6379-4232-9c9d-b34be0db073c:192.168.151.107:33953, 447b4921-8c2d-43b9-b073-18b4d5d7c4f6:192.168.151.107:46602], old=null
2019-10-08 21:58:38,571 [6f427bc6-6379-4232-9c9d-b34be0db073c@group-67C6FC6BB742-LeaderElection60] INFO  impl.RoleInfo (RoleInfo.java:shutdownLeaderElection(134)) - 6f427bc6-6379-4232-9c9d-b34be0db073c: shutdown LeaderElection
2019-10-08 21:58:38,571 [6f427bc6-6379-4232-9c9d-b34be0db073c@group-67C6FC6BB742-LeaderElection60] INFO  impl.RaftServerImpl (RaftServerImpl.java:setRole(170)) - 6f427bc6-6379-4232-9c9d-b34be0db073c@group-67C6FC6BB742: changes role from CANDIDATE to LEADER at term 1 for changeToLeader
2019-10-08 21:58:38,571 [6f427bc6-6379-4232-9c9d-b34be0db073c@group-67C6FC6BB742-LeaderElection60] INFO  impl.RaftServerImpl (ServerState.java:setLeader(255)) - 6f427bc6-6379-4232-9c9d-b34be0db073c@group-67C6FC6BB742: change Leader from null to 6f427bc6-6379-4232-9c9d-b34be0db073c at term 1 for becomeLeader, leader elected after 5132ms
2019-10-08 21:58:38,571 [6f427bc6-6379-4232-9c9d-b34be0db073c@group-67C6FC6BB742-LeaderElection60] INFO  server.RaftServerConfigKeys (ConfUtils.java:logGet(43)) - raft.server.staging.catchup.gap = 1000 (default)
2019-10-08 21:58:38,571 [6f427bc6-6379-4232-9c9d-b34be0db073c@group-67C6FC6BB742-LeaderElection60] INFO  server.RaftServerConfigKeys (ConfUtils.java:logGet(43)) - raft.server.rpc.sleep.time = 25ms (default)
2019-10-08 21:58:38,572 [6f427bc6-6379-4232-9c9d-b34be0db073c@group-67C6FC6BB742-LeaderElection60] INFO  server.RaftServerConfigKeys (ConfUtils.java:logGet(43)) - raft.server.write.element-limit = 4096 (default)
2019-10-08 21:58:38,572 [6f427bc6-6379-4232-9c9d-b34be0db073c@group-67C6FC6BB742-LeaderElection60] INFO  server.RaftServerConfigKeys (ConfUtils.java:logGet(43)) - raft.server.watch.timeout = 10s (default)
2019-10-08 21:58:38,572 [6f427bc6-6379-4232-9c9d-b34be0db073c@group-67C6FC6BB742-LeaderElection60] INFO  server.RaftServerConfigKeys (ConfUtils.java:logGet(43)) - raft.server.watch.timeout.denomination = 1s (default)
2019-10-08 21:58:38,572 [6f427bc6-6379-4232-9c9d-b34be0db073c@group-67C6FC6BB742-LeaderElection60] INFO  server.RaftServerConfigKeys (ConfUtils.java:logGet(43)) - raft.server.watch.element-limit = 65536 (default)
2019-10-08 21:58:38,573 [6f427bc6-6379-4232-9c9d-b34be0db073c@group-67C6FC6BB742-LeaderElection60] INFO  server.RaftServerConfigKeys (ConfUtils.java:logGet(43)) - raft.server.log.appender.snapshot.chunk.size.max = 16MB (=16777216) (default)
2019-10-08 21:58:38,573 [6f427bc6-6379-4232-9c9d-b34be0db073c@group-67C6FC6BB742-LeaderElection60] INFO  server.RaftServerConfigKeys (ConfUtils.java:logGet(43)) - raft.server.log.appender.buffer.byte-limit = 33554432 (custom)
2019-10-08 21:58:38,573 [6f427bc6-6379-4232-9c9d-b34be0db073c@group-67C6FC6BB742-LeaderElection60] INFO  server.RaftServerConfigKeys (ConfUtils.java:logGet(43)) - raft.server.log.appender.buffer.element-limit = 1 (custom)
2019-10-08 21:58:38,574 [6f427bc6-6379-4232-9c9d-b34be0db073c@group-67C6FC6BB742-LeaderElection60] INFO  grpc.GrpcConfigKeys$Server (ConfUtils.java:logGet(43)) - raft.grpc.server.leader.outstanding.appends.max = 128 (default)
2019-10-08 21:58:38,574 [6f427bc6-6379-4232-9c9d-b34be0db073c@group-67C6FC6BB742-LeaderElection60] INFO  server.RaftServerConfigKeys (ConfUtils.java:logGet(43)) - raft.server.rpc.request.timeout = 3000ms (default)
2019-10-08 21:58:38,574 [6f427bc6-6379-4232-9c9d-b34be0db073c@group-67C6FC6BB742-LeaderElection60] INFO  server.RaftServerConfigKeys (ConfUtils.java:logGet(43)) - raft.server.log.appender.install.snapshot.enabled = false (custom)
2019-10-08 21:58:38,574 [6f427bc6-6379-4232-9c9d-b34be0db073c@group-67C6FC6BB742-LeaderElection60] INFO  server.RaftServerConfigKeys (ConfUtils.java:logGet(43)) - raft.server.log.appender.snapshot.chunk.size.max = 16MB (=16777216) (default)
2019-10-08 21:58:38,574 [6f427bc6-6379-4232-9c9d-b34be0db073c@group-67C6FC6BB742-LeaderElection60] INFO  server.RaftServerConfigKeys (ConfUtils.java:logGet(43)) - raft.server.log.appender.buffer.byte-limit = 33554432 (custom)
2019-10-08 21:58:38,574 [6f427bc6-6379-4232-9c9d-b34be0db073c@group-67C6FC6BB742-LeaderElection60] INFO  server.RaftServerConfigKeys (ConfUtils.java:logGet(43)) - raft.server.log.appender.buffer.element-limit = 1 (custom)
2019-10-08 21:58:38,574 [6f427bc6-6379-4232-9c9d-b34be0db073c@group-67C6FC6BB742-LeaderElection60] INFO  grpc.GrpcConfigKeys$Server (ConfUtils.java:logGet(43)) - raft.grpc.server.leader.outstanding.appends.max = 128 (default)
2019-10-08 21:58:38,575 [6f427bc6-6379-4232-9c9d-b34be0db073c@group-67C6FC6BB742-LeaderElection60] INFO  server.RaftServerConfigKeys (ConfUtils.java:logGet(43)) - raft.server.rpc.request.timeout = 3000ms (default)
2019-10-08 21:58:38,575 [6f427bc6-6379-4232-9c9d-b34be0db073c@group-67C6FC6BB742-LeaderElection60] INFO  server.RaftServerConfigKeys (ConfUtils.java:logGet(43)) - raft.server.log.appender.install.snapshot.enabled = false (custom)
2019-10-08 21:58:38,575 [6f427bc6-6379-4232-9c9d-b34be0db073c@group-67C6FC6BB742-LeaderElection60] INFO  impl.RoleInfo (RoleInfo.java:updateAndGet(143)) - 6f427bc6-6379-4232-9c9d-b34be0db073c: start LeaderState
2019-10-08 21:58:38,575 [6f427bc6-6379-4232-9c9d-b34be0db073c@group-67C6FC6BB742-LeaderElection60] INFO  segmented.SegmentedRaftLogWorker (SegmentedRaftLogWorker.java:startLogSegment(385)) - 6f427bc6-6379-4232-9c9d-b34be0db073c@group-67C6FC6BB742-SegmentedRaftLogWorker: Starting segment from index:0
2019-10-08 21:58:38,576 [6f427bc6-6379-4232-9c9d-b34be0db073c@group-67C6FC6BB742-LeaderElection60] INFO  impl.RaftServerImpl (ServerState.java:setRaftConf(356)) - 6f427bc6-6379-4232-9c9d-b34be0db073c@group-67C6FC6BB742: set configuration 0: [5d9d4753-5868-46ae-88db-59d46778e9c7:192.168.151.107:41968, 6f427bc6-6379-4232-9c9d-b34be0db073c:192.168.151.107:33953, 447b4921-8c2d-43b9-b073-18b4d5d7c4f6:192.168.151.107:46602], old=null at 0
2019-10-08 21:58:38,611 [grpc-default-executor-7] INFO  impl.RaftServerImpl (ServerState.java:setLeader(255)) - 447b4921-8c2d-43b9-b073-18b4d5d7c4f6@group-67C6FC6BB742: change Leader from null to 6f427bc6-6379-4232-9c9d-b34be0db073c at term 1 for appendEntries, leader elected after 5172ms
2019-10-08 21:58:38,611 [6f427bc6-6379-4232-9c9d-b34be0db073c@group-AE0F82F88AF1-LeaderElection61] INFO  impl.LeaderElection (LeaderElection.java:askForVotes(178)) - 6f427bc6-6379-4232-9c9d-b34be0db073c@group-AE0F82F88AF1-LeaderElection61: begin an election at term 1 for -1: [6f427bc6-6379-4232-9c9d-b34be0db073c:192.168.151.107:33953], old=null
2019-10-08 21:58:38,612 [6f427bc6-6379-4232-9c9d-b34be0db073c@group-AE0F82F88AF1-LeaderElection61] INFO  impl.RoleInfo (RoleInfo.java:shutdownLeaderElection(134)) - 6f427bc6-6379-4232-9c9d-b34be0db073c: shutdown LeaderElection
2019-10-08 21:58:38,618 [grpc-default-executor-1] INFO  impl.RaftServerImpl (ServerState.java:setLeader(255)) - 5d9d4753-5868-46ae-88db-59d46778e9c7@group-67C6FC6BB742: change Leader from null to 6f427bc6-6379-4232-9c9d-b34be0db073c at term 1 for appendEntries, leader elected after 5178ms
2019-10-08 21:58:38,622 [6f427bc6-6379-4232-9c9d-b34be0db073c@group-AE0F82F88AF1-LeaderElection61] INFO  impl.RaftServerImpl (RaftServerImpl.java:setRole(170)) - 6f427bc6-6379-4232-9c9d-b34be0db073c@group-AE0F82F88AF1: changes role from CANDIDATE to LEADER at term 1 for changeToLeader
2019-10-08 21:58:38,622 [6f427bc6-6379-4232-9c9d-b34be0db073c@group-AE0F82F88AF1-LeaderElection61] INFO  impl.RaftServerImpl (ServerState.java:setLeader(255)) - 6f427bc6-6379-4232-9c9d-b34be0db073c@group-AE0F82F88AF1: change Leader from null to 6f427bc6-6379-4232-9c9d-b34be0db073c at term 1 for becomeLeader, leader elected after 5255ms
2019-10-08 21:58:38,622 [6f427bc6-6379-4232-9c9d-b34be0db073c@group-AE0F82F88AF1-LeaderElection61] INFO  server.RaftServerConfigKeys (ConfUtils.java:logGet(43)) - raft.server.staging.catchup.gap = 1000 (default)
2019-10-08 21:58:38,622 [6f427bc6-6379-4232-9c9d-b34be0db073c@group-AE0F82F88AF1-LeaderElection61] INFO  server.RaftServerConfigKeys (ConfUtils.java:logGet(43)) - raft.server.rpc.sleep.time = 25ms (default)
2019-10-08 21:58:38,623 [6f427bc6-6379-4232-9c9d-b34be0db073c@group-AE0F82F88AF1-LeaderElection61] INFO  server.RaftServerConfigKeys (ConfUtils.java:logGet(43)) - raft.server.write.element-limit = 4096 (default)
2019-10-08 21:58:38,623 [6f427bc6-6379-4232-9c9d-b34be0db073c@group-AE0F82F88AF1-LeaderElection61] INFO  server.RaftServerConfigKeys (ConfUtils.java:logGet(43)) - raft.server.watch.timeout = 10s (default)
2019-10-08 21:58:38,623 [6f427bc6-6379-4232-9c9d-b34be0db073c@group-AE0F82F88AF1-LeaderElection61] INFO  server.RaftServerConfigKeys (ConfUtils.java:logGet(43)) - raft.server.watch.timeout.denomination = 1s (default)
2019-10-08 21:58:38,623 [6f427bc6-6379-4232-9c9d-b34be0db073c@group-AE0F82F88AF1-LeaderElection61] INFO  server.RaftServerConfigKeys (ConfUtils.java:logGet(43)) - raft.server.watch.element-limit = 65536 (default)
2019-10-08 21:58:38,623 [6f427bc6-6379-4232-9c9d-b34be0db073c@group-67C6FC6BB742-SegmentedRaftLogWorker] INFO  segmented.SegmentedRaftLogWorker (SegmentedRaftLogWorker.java:execute(574)) - 6f427bc6-6379-4232-9c9d-b34be0db073c@group-67C6FC6BB742-SegmentedRaftLogWorker: created new log segment /workdir/hadoop-ozone/integration-test/target/test-dir/MiniOzoneClusterImpl-b5d04183-30b1-438a-9e7c-4476fbb0217c/datanode-2/data/ratis/9cc85d93-ddda-4153-9672-67c6fc6bb742/current/log_inprogress_0
2019-10-08 21:58:38,624 [grpc-default-executor-7] INFO  impl.RaftServerImpl (ServerState.java:setRaftConf(356)) - 5d9d4753-5868-46ae-88db-59d46778e9c7@group-67C6FC6BB742: set configuration 0: [5d9d4753-5868-46ae-88db-59d46778e9c7:192.168.151.107:41968, 6f427bc6-6379-4232-9c9d-b34be0db073c:192.168.151.107:33953, 447b4921-8c2d-43b9-b073-18b4d5d7c4f6:192.168.151.107:46602], old=null at 0
2019-10-08 21:58:38,624 [grpc-default-executor-1] INFO  impl.RaftServerImpl (ServerState.java:setRaftConf(356)) - 447b4921-8c2d-43b9-b073-18b4d5d7c4f6@group-67C6FC6BB742: set configuration 0: [5d9d4753-5868-46ae-88db-59d46778e9c7:192.168.151.107:41968, 6f427bc6-6379-4232-9c9d-b34be0db073c:192.168.151.107:33953, 447b4921-8c2d-43b9-b073-18b4d5d7c4f6:192.168.151.107:46602], old=null at 0
2019-10-08 21:58:38,624 [grpc-default-executor-7] INFO  segmented.SegmentedRaftLogWorker (SegmentedRaftLogWorker.java:startLogSegment(385)) - 5d9d4753-5868-46ae-88db-59d46778e9c7@group-67C6FC6BB742-SegmentedRaftLogWorker: Starting segment from index:0
2019-10-08 21:58:38,624 [grpc-default-executor-1] INFO  segmented.SegmentedRaftLogWorker (SegmentedRaftLogWorker.java:startLogSegment(385)) - 447b4921-8c2d-43b9-b073-18b4d5d7c4f6@group-67C6FC6BB742-SegmentedRaftLogWorker: Starting segment from index:0
2019-10-08 21:58:38,625 [6f427bc6-6379-4232-9c9d-b34be0db073c@group-AE0F82F88AF1-LeaderElection61] INFO  impl.RoleInfo (RoleInfo.java:updateAndGet(143)) - 6f427bc6-6379-4232-9c9d-b34be0db073c: start LeaderState
2019-10-08 21:58:38,625 [6f427bc6-6379-4232-9c9d-b34be0db073c@group-AE0F82F88AF1-LeaderElection61] INFO  segmented.SegmentedRaftLogWorker (SegmentedRaftLogWorker.java:startLogSegment(385)) - 6f427bc6-6379-4232-9c9d-b34be0db073c@group-AE0F82F88AF1-SegmentedRaftLogWorker: Starting segment from index:0
2019-10-08 21:58:38,626 [6f427bc6-6379-4232-9c9d-b34be0db073c@group-AE0F82F88AF1-LeaderElection61] INFO  impl.RaftServerImpl (ServerState.java:setRaftConf(356)) - 6f427bc6-6379-4232-9c9d-b34be0db073c@group-AE0F82F88AF1: set configuration 0: [6f427bc6-6379-4232-9c9d-b34be0db073c:192.168.151.107:33953], old=null at 0
2019-10-08 21:58:38,633 [Thread-2358] INFO  impl.FollowerState (FollowerState.java:run(108)) - 3c15ff24-c36c-4c0a-bb05-599d7fd0bd78@group-7E14F61A4C61-FollowerState: change to CANDIDATE, lastRpcTime:5079ms, electionTimeout:5079ms
2019-10-08 21:58:38,633 [Thread-2358] INFO  impl.RoleInfo (RoleInfo.java:shutdownFollowerState(121)) - 3c15ff24-c36c-4c0a-bb05-599d7fd0bd78: shutdown FollowerState
2019-10-08 21:58:38,634 [Thread-2358] INFO  impl.RaftServerImpl (RaftServerImpl.java:setRole(170)) - 3c15ff24-c36c-4c0a-bb05-599d7fd0bd78@group-7E14F61A4C61: changes role from  FOLLOWER to CANDIDATE at term 0 for changeToCandidate
2019-10-08 21:58:38,634 [Thread-2358] INFO  impl.RoleInfo (RoleInfo.java:updateAndGet(143)) - 3c15ff24-c36c-4c0a-bb05-599d7fd0bd78: start LeaderElection
2019-10-08 21:58:38,672 [EventQueue-StaleNodeForStaleNodeHandler] INFO  node.StaleNodeHandler (StaleNodeHandler.java:onMessage(58)) - Datanode 5fe831c6-d7d2-49de-98c2-18dc53ff8363{ip: 192.168.151.107, host: pr-hdds-2217-2kdk4-3258704453, networkLocation: /default-rack, certSerialId: null} moved to stale state. Finalizing its pipelines [PipelineID=1b05c59c-c9ce-4404-a896-98e3fad48ee3, PipelineID=dbc5cc5b-414e-47d2-afe6-fa42898d53b9]
2019-10-08 21:58:38,672 [EventQueue-StaleNodeForStaleNodeHandler] INFO  pipeline.SCMPipelineManager (SCMPipelineManager.java:finalizeAndDestroyPipeline(315)) - destroying pipeline:Pipeline[ Id: 1b05c59c-c9ce-4404-a896-98e3fad48ee3, Nodes: 5fe831c6-d7d2-49de-98c2-18dc53ff8363{ip: 192.168.151.107, host: pr-hdds-2217-2kdk4-3258704453, networkLocation: /default-rack, certSerialId: null}9241910e-7215-4b10-8981-67058d2a4474{ip: 192.168.151.107, host: pr-hdds-2217-2kdk4-3258704453, networkLocation: /default-rack, certSerialId: null}12a1f04c-09b4-4c0f-87a4-bd1bfeb86722{ip: 192.168.151.107, host: pr-hdds-2217-2kdk4-3258704453, networkLocation: /default-rack, certSerialId: null}, Type:RATIS, Factor:THREE, State:OPEN]
2019-10-08 21:58:38,673 [EventQueue-StaleNodeForStaleNodeHandler] INFO  pipeline.PipelineStateManager (PipelineStateManager.java:finalizePipeline(123)) - Pipeline Pipeline[ Id: 1b05c59c-c9ce-4404-a896-98e3fad48ee3, Nodes: 5fe831c6-d7d2-49de-98c2-18dc53ff8363{ip: 192.168.151.107, host: pr-hdds-2217-2kdk4-3258704453, networkLocation: /default-rack, certSerialId: null}9241910e-7215-4b10-8981-67058d2a4474{ip: 192.168.151.107, host: pr-hdds-2217-2kdk4-3258704453, networkLocation: /default-rack, certSerialId: null}12a1f04c-09b4-4c0f-87a4-bd1bfeb86722{ip: 192.168.151.107, host: pr-hdds-2217-2kdk4-3258704453, networkLocation: /default-rack, certSerialId: null}, Type:RATIS, Factor:THREE, State:CLOSED] moved to CLOSED state
2019-10-08 21:58:38,673 [EventQueue-CloseContainerForCloseContainerEventHandler] INFO  container.CloseContainerEventHandler (CloseContainerEventHandler.java:onMessage(61)) - Close container Event triggered for container : #1
2019-10-08 21:58:38,673 [EventQueue-StaleNodeForStaleNodeHandler] INFO  pipeline.SCMPipelineManager (SCMPipelineManager.java:finalizeAndDestroyPipeline(315)) - destroying pipeline:Pipeline[ Id: dbc5cc5b-414e-47d2-afe6-fa42898d53b9, Nodes: 5fe831c6-d7d2-49de-98c2-18dc53ff8363{ip: 192.168.151.107, host: pr-hdds-2217-2kdk4-3258704453, networkLocation: /default-rack, certSerialId: null}, Type:RATIS, Factor:ONE, State:OPEN]
2019-10-08 21:58:38,674 [EventQueue-StaleNodeForStaleNodeHandler] INFO  pipeline.PipelineStateManager (PipelineStateManager.java:finalizePipeline(123)) - Pipeline Pipeline[ Id: dbc5cc5b-414e-47d2-afe6-fa42898d53b9, Nodes: 5fe831c6-d7d2-49de-98c2-18dc53ff8363{ip: 192.168.151.107, host: pr-hdds-2217-2kdk4-3258704453, networkLocation: /default-rack, certSerialId: null}, Type:RATIS, Factor:ONE, State:CLOSED] moved to CLOSED state
2019-10-08 21:58:38,678 [5d9d4753-5868-46ae-88db-59d46778e9c7@group-67C6FC6BB742-SegmentedRaftLogWorker] INFO  segmented.SegmentedRaftLogWorker (SegmentedRaftLogWorker.java:execute(574)) - 5d9d4753-5868-46ae-88db-59d46778e9c7@group-67C6FC6BB742-SegmentedRaftLogWorker: created new log segment /workdir/hadoop-ozone/integration-test/target/test-dir/MiniOzoneClusterImpl-b5d04183-30b1-438a-9e7c-4476fbb0217c/datanode-0/data/ratis/9cc85d93-ddda-4153-9672-67c6fc6bb742/current/log_inprogress_0
2019-10-08 21:58:38,678 [6f427bc6-6379-4232-9c9d-b34be0db073c@group-AE0F82F88AF1-SegmentedRaftLogWorker] INFO  segmented.SegmentedRaftLogWorker (SegmentedRaftLogWorker.java:execute(574)) - 6f427bc6-6379-4232-9c9d-b34be0db073c@group-AE0F82F88AF1-SegmentedRaftLogWorker: created new log segment /workdir/hadoop-ozone/integration-test/target/test-dir/MiniOzoneClusterImpl-b5d04183-30b1-438a-9e7c-4476fbb0217c/datanode-2/data/ratis/75d7add8-0af6-46c2-bc50-ae0f82f88af1/current/log_inprogress_0
2019-10-08 21:58:38,678 [3c15ff24-c36c-4c0a-bb05-599d7fd0bd78@group-7E14F61A4C61-LeaderElection62] INFO  impl.LeaderElection (LeaderElection.java:askForVotes(178)) - 3c15ff24-c36c-4c0a-bb05-599d7fd0bd78@group-7E14F61A4C61-LeaderElection62: begin an election at term 1 for -1: [3c15ff24-c36c-4c0a-bb05-599d7fd0bd78:192.168.151.107:37771], old=null
2019-10-08 21:58:38,678 [447b4921-8c2d-43b9-b073-18b4d5d7c4f6@group-67C6FC6BB742-SegmentedRaftLogWorker] INFO  segmented.SegmentedRaftLogWorker (SegmentedRaftLogWorker.java:execute(574)) - 447b4921-8c2d-43b9-b073-18b4d5d7c4f6@group-67C6FC6BB742-SegmentedRaftLogWorker: created new log segment /workdir/hadoop-ozone/integration-test/target/test-dir/MiniOzoneClusterImpl-b5d04183-30b1-438a-9e7c-4476fbb0217c/datanode-1/data/ratis/9cc85d93-ddda-4153-9672-67c6fc6bb742/current/log_inprogress_0
2019-10-08 21:58:38,678 [3c15ff24-c36c-4c0a-bb05-599d7fd0bd78@group-7E14F61A4C61-LeaderElection62] INFO  impl.RoleInfo (RoleInfo.java:shutdownLeaderElection(134)) - 3c15ff24-c36c-4c0a-bb05-599d7fd0bd78: shutdown LeaderElection
2019-10-08 21:58:38,679 [3c15ff24-c36c-4c0a-bb05-599d7fd0bd78@group-7E14F61A4C61-LeaderElection62] INFO  impl.RaftServerImpl (RaftServerImpl.java:setRole(170)) - 3c15ff24-c36c-4c0a-bb05-599d7fd0bd78@group-7E14F61A4C61: changes role from CANDIDATE to LEADER at term 1 for changeToLeader
2019-10-08 21:58:38,679 [3c15ff24-c36c-4c0a-bb05-599d7fd0bd78@group-7E14F61A4C61-LeaderElection62] INFO  impl.RaftServerImpl (ServerState.java:setLeader(255)) - 3c15ff24-c36c-4c0a-bb05-599d7fd0bd78@group-7E14F61A4C61: change Leader from null to 3c15ff24-c36c-4c0a-bb05-599d7fd0bd78 at term 1 for becomeLeader, leader elected after 5131ms
2019-10-08 21:58:38,679 [3c15ff24-c36c-4c0a-bb05-599d7fd0bd78@group-7E14F61A4C61-LeaderElection62] INFO  server.RaftServerConfigKeys (ConfUtils.java:logGet(43)) - raft.server.staging.catchup.gap = 1000 (default)
2019-10-08 21:58:38,679 [3c15ff24-c36c-4c0a-bb05-599d7fd0bd78@group-7E14F61A4C61-LeaderElection62] INFO  server.RaftServerConfigKeys (ConfUtils.java:logGet(43)) - raft.server.rpc.sleep.time = 25ms (default)
2019-10-08 21:58:38,679 [3c15ff24-c36c-4c0a-bb05-599d7fd0bd78@group-7E14F61A4C61-LeaderElection62] INFO  server.RaftServerConfigKeys (ConfUtils.java:logGet(43)) - raft.server.write.element-limit = 4096 (default)
2019-10-08 21:58:38,679 [3c15ff24-c36c-4c0a-bb05-599d7fd0bd78@group-7E14F61A4C61-LeaderElection62] INFO  server.RaftServerConfigKeys (ConfUtils.java:logGet(43)) - raft.server.watch.timeout = 10s (default)
2019-10-08 21:58:38,679 [3c15ff24-c36c-4c0a-bb05-599d7fd0bd78@group-7E14F61A4C61-LeaderElection62] INFO  server.RaftServerConfigKeys (ConfUtils.java:logGet(43)) - raft.server.watch.timeout.denomination = 1s (default)
2019-10-08 21:58:38,679 [3c15ff24-c36c-4c0a-bb05-599d7fd0bd78@group-7E14F61A4C61-LeaderElection62] INFO  server.RaftServerConfigKeys (ConfUtils.java:logGet(43)) - raft.server.watch.element-limit = 65536 (default)
2019-10-08 21:58:38,681 [3c15ff24-c36c-4c0a-bb05-599d7fd0bd78@group-7E14F61A4C61-LeaderElection62] INFO  impl.RoleInfo (RoleInfo.java:updateAndGet(143)) - 3c15ff24-c36c-4c0a-bb05-599d7fd0bd78: start LeaderState
2019-10-08 21:58:38,681 [3c15ff24-c36c-4c0a-bb05-599d7fd0bd78@group-7E14F61A4C61-LeaderElection62] INFO  segmented.SegmentedRaftLogWorker (SegmentedRaftLogWorker.java:startLogSegment(385)) - 3c15ff24-c36c-4c0a-bb05-599d7fd0bd78@group-7E14F61A4C61-SegmentedRaftLogWorker: Starting segment from index:0
2019-10-08 21:58:38,682 [3c15ff24-c36c-4c0a-bb05-599d7fd0bd78@group-7E14F61A4C61-LeaderElection62] INFO  impl.RaftServerImpl (ServerState.java:setRaftConf(356)) - 3c15ff24-c36c-4c0a-bb05-599d7fd0bd78@group-7E14F61A4C61: set configuration 0: [3c15ff24-c36c-4c0a-bb05-599d7fd0bd78:192.168.151.107:37771], old=null at 0
2019-10-08 21:58:38,710 [Thread-2367] INFO  impl.FollowerState (FollowerState.java:run(108)) - f6e098c0-4eb5-47e1-b5c2-bc996a6adebc@group-3979F03BAFC9-FollowerState: change to CANDIDATE, lastRpcTime:5002ms, electionTimeout:5002ms
2019-10-08 21:58:38,710 [Thread-2367] INFO  impl.RoleInfo (RoleInfo.java:shutdownFollowerState(121)) - f6e098c0-4eb5-47e1-b5c2-bc996a6adebc: shutdown FollowerState
2019-10-08 21:58:38,710 [Thread-2367] INFO  impl.RaftServerImpl (RaftServerImpl.java:setRole(170)) - f6e098c0-4eb5-47e1-b5c2-bc996a6adebc@group-3979F03BAFC9: changes role from  FOLLOWER to CANDIDATE at term 0 for changeToCandidate
2019-10-08 21:58:38,710 [Thread-2367] INFO  impl.RoleInfo (RoleInfo.java:updateAndGet(143)) - f6e098c0-4eb5-47e1-b5c2-bc996a6adebc: start LeaderElection
2019-10-08 21:58:38,725 [3c15ff24-c36c-4c0a-bb05-599d7fd0bd78@group-7E14F61A4C61-SegmentedRaftLogWorker] INFO  segmented.SegmentedRaftLogWorker (SegmentedRaftLogWorker.java:execute(574)) - 3c15ff24-c36c-4c0a-bb05-599d7fd0bd78@group-7E14F61A4C61-SegmentedRaftLogWorker: created new log segment /workdir/hadoop-ozone/integration-test/target/test-dir/MiniOzoneClusterImpl-b5d04183-30b1-438a-9e7c-4476fbb0217c/datanode-3/data/ratis/c17db92f-0fc8-4731-b5e8-7e14f61a4c61/current/log_inprogress_0
2019-10-08 21:58:38,738 [f6e098c0-4eb5-47e1-b5c2-bc996a6adebc@group-3979F03BAFC9-LeaderElection63] INFO  impl.LeaderElection (LeaderElection.java:askForVotes(178)) - f6e098c0-4eb5-47e1-b5c2-bc996a6adebc@group-3979F03BAFC9-LeaderElection63: begin an election at term 1 for -1: [f6e098c0-4eb5-47e1-b5c2-bc996a6adebc:192.168.151.107:40748, 3c15ff24-c36c-4c0a-bb05-599d7fd0bd78:192.168.151.107:37771, 139b8de3-1a59-4817-9c24-be5a95a55bea:192.168.151.107:41077], old=null
2019-10-08 21:58:38,747 [grpc-default-executor-1] INFO  impl.RaftServerImpl (RaftServerImpl.java:setRole(170)) - 3c15ff24-c36c-4c0a-bb05-599d7fd0bd78@group-3979F03BAFC9: changes role from  FOLLOWER to FOLLOWER at term 1 for recognizeCandidate:f6e098c0-4eb5-47e1-b5c2-bc996a6adebc
2019-10-08 21:58:38,751 [grpc-default-executor-7] INFO  impl.RaftServerImpl (RaftServerImpl.java:setRole(170)) - 139b8de3-1a59-4817-9c24-be5a95a55bea@group-3979F03BAFC9: changes role from  FOLLOWER to FOLLOWER at term 1 for recognizeCandidate:f6e098c0-4eb5-47e1-b5c2-bc996a6adebc
2019-10-08 21:58:38,752 [grpc-default-executor-7] INFO  impl.RoleInfo (RoleInfo.java:shutdownFollowerState(121)) - 139b8de3-1a59-4817-9c24-be5a95a55bea: shutdown FollowerState
2019-10-08 21:58:38,747 [Thread-2361] INFO  impl.FollowerState (FollowerState.java:run(108)) - f6e098c0-4eb5-47e1-b5c2-bc996a6adebc@group-C225753A7394-FollowerState: change to CANDIDATE, lastRpcTime:5145ms, electionTimeout:5141ms
2019-10-08 21:58:38,752 [grpc-default-executor-7] INFO  impl.RoleInfo (RoleInfo.java:updateAndGet(143)) - 139b8de3-1a59-4817-9c24-be5a95a55bea: start FollowerState
2019-10-08 21:58:38,752 [grpc-default-executor-1] INFO  impl.RoleInfo (RoleInfo.java:shutdownFollowerState(121)) - 3c15ff24-c36c-4c0a-bb05-599d7fd0bd78: shutdown FollowerState
2019-10-08 21:58:38,753 [Thread-2361] INFO  impl.RoleInfo (RoleInfo.java:shutdownFollowerState(121)) - f6e098c0-4eb5-47e1-b5c2-bc996a6adebc: shutdown FollowerState
2019-10-08 21:58:38,752 [Thread-2372] INFO  impl.FollowerState (FollowerState.java:run(117)) - 139b8de3-1a59-4817-9c24-be5a95a55bea@group-3979F03BAFC9-FollowerState was interrupted: java.lang.InterruptedException: sleep interrupted
2019-10-08 21:58:38,753 [Thread-2371] INFO  impl.FollowerState (FollowerState.java:run(117)) - 3c15ff24-c36c-4c0a-bb05-599d7fd0bd78@group-3979F03BAFC9-FollowerState was interrupted: java.lang.InterruptedException: sleep interrupted
2019-10-08 21:58:38,753 [Thread-2361] INFO  impl.RaftServerImpl (RaftServerImpl.java:setRole(170)) - f6e098c0-4eb5-47e1-b5c2-bc996a6adebc@group-C225753A7394: changes role from  FOLLOWER to CANDIDATE at term 0 for changeToCandidate
2019-10-08 21:58:38,753 [grpc-default-executor-1] INFO  impl.RoleInfo (RoleInfo.java:updateAndGet(143)) - 3c15ff24-c36c-4c0a-bb05-599d7fd0bd78: start FollowerState
2019-10-08 21:58:38,762 [Thread-2361] INFO  impl.RoleInfo (RoleInfo.java:updateAndGet(143)) - f6e098c0-4eb5-47e1-b5c2-bc996a6adebc: start LeaderElection
2019-10-08 21:58:38,776 [f6e098c0-4eb5-47e1-b5c2-bc996a6adebc@group-3979F03BAFC9-LeaderElection63] INFO  impl.LeaderElection (LeaderElection.java:logAndReturn(56)) - f6e098c0-4eb5-47e1-b5c2-bc996a6adebc@group-3979F03BAFC9-LeaderElection63: Election PASSED; received 1 response(s) [f6e098c0-4eb5-47e1-b5c2-bc996a6adebc<-139b8de3-1a59-4817-9c24-be5a95a55bea#0:OK-t1] and 0 exception(s); f6e098c0-4eb5-47e1-b5c2-bc996a6adebc@group-3979F03BAFC9:t1, leader=null, voted=f6e098c0-4eb5-47e1-b5c2-bc996a6adebc, raftlog=f6e098c0-4eb5-47e1-b5c2-bc996a6adebc@group-3979F03BAFC9-SegmentedRaftLog:OPENED:c-1,f-1,i0, conf=-1: [f6e098c0-4eb5-47e1-b5c2-bc996a6adebc:192.168.151.107:40748, 3c15ff24-c36c-4c0a-bb05-599d7fd0bd78:192.168.151.107:37771, 139b8de3-1a59-4817-9c24-be5a95a55bea:192.168.151.107:41077], old=null
2019-10-08 21:58:38,776 [f6e098c0-4eb5-47e1-b5c2-bc996a6adebc@group-3979F03BAFC9-LeaderElection63] INFO  impl.RoleInfo (RoleInfo.java:shutdownLeaderElection(134)) - f6e098c0-4eb5-47e1-b5c2-bc996a6adebc: shutdown LeaderElection
2019-10-08 21:58:38,776 [f6e098c0-4eb5-47e1-b5c2-bc996a6adebc@group-3979F03BAFC9-LeaderElection63] INFO  impl.RaftServerImpl (RaftServerImpl.java:setRole(170)) - f6e098c0-4eb5-47e1-b5c2-bc996a6adebc@group-3979F03BAFC9: changes role from CANDIDATE to LEADER at term 1 for changeToLeader
2019-10-08 21:58:38,776 [f6e098c0-4eb5-47e1-b5c2-bc996a6adebc@group-3979F03BAFC9-LeaderElection63] INFO  impl.RaftServerImpl (ServerState.java:setLeader(255)) - f6e098c0-4eb5-47e1-b5c2-bc996a6adebc@group-3979F03BAFC9: change Leader from null to f6e098c0-4eb5-47e1-b5c2-bc996a6adebc at term 1 for becomeLeader, leader elected after 5075ms
2019-10-08 21:58:38,777 [f6e098c0-4eb5-47e1-b5c2-bc996a6adebc@group-3979F03BAFC9-LeaderElection63] INFO  server.RaftServerConfigKeys (ConfUtils.java:logGet(43)) - raft.server.staging.catchup.gap = 1000 (default)
2019-10-08 21:58:38,777 [f6e098c0-4eb5-47e1-b5c2-bc996a6adebc@group-3979F03BAFC9-LeaderElection63] INFO  server.RaftServerConfigKeys (ConfUtils.java:logGet(43)) - raft.server.rpc.sleep.time = 25ms (default)
2019-10-08 21:58:38,777 [f6e098c0-4eb5-47e1-b5c2-bc996a6adebc@group-3979F03BAFC9-LeaderElection63] INFO  server.RaftServerConfigKeys (ConfUtils.java:logGet(43)) - raft.server.write.element-limit = 4096 (default)
2019-10-08 21:58:38,777 [f6e098c0-4eb5-47e1-b5c2-bc996a6adebc@group-3979F03BAFC9-LeaderElection63] INFO  server.RaftServerConfigKeys (ConfUtils.java:logGet(43)) - raft.server.watch.timeout = 10s (default)
2019-10-08 21:58:38,777 [f6e098c0-4eb5-47e1-b5c2-bc996a6adebc@group-3979F03BAFC9-LeaderElection63] INFO  server.RaftServerConfigKeys (ConfUtils.java:logGet(43)) - raft.server.watch.timeout.denomination = 1s (default)
2019-10-08 21:58:38,777 [f6e098c0-4eb5-47e1-b5c2-bc996a6adebc@group-3979F03BAFC9-LeaderElection63] INFO  server.RaftServerConfigKeys (ConfUtils.java:logGet(43)) - raft.server.watch.element-limit = 65536 (default)
2019-10-08 21:58:38,778 [f6e098c0-4eb5-47e1-b5c2-bc996a6adebc@group-3979F03BAFC9-LeaderElection63] INFO  server.RaftServerConfigKeys (ConfUtils.java:logGet(43)) - raft.server.log.appender.snapshot.chunk.size.max = 16MB (=16777216) (default)
2019-10-08 21:58:38,778 [f6e098c0-4eb5-47e1-b5c2-bc996a6adebc@group-3979F03BAFC9-LeaderElection63] INFO  server.RaftServerConfigKeys (ConfUtils.java:logGet(43)) - raft.server.log.appender.buffer.byte-limit = 33554432 (custom)
2019-10-08 21:58:38,778 [f6e098c0-4eb5-47e1-b5c2-bc996a6adebc@group-3979F03BAFC9-LeaderElection63] INFO  server.RaftServerConfigKeys (ConfUtils.java:logGet(43)) - raft.server.log.appender.buffer.element-limit = 1 (custom)
2019-10-08 21:58:38,779 [f6e098c0-4eb5-47e1-b5c2-bc996a6adebc@group-3979F03BAFC9-LeaderElection63] INFO  grpc.GrpcConfigKeys$Server (ConfUtils.java:logGet(43)) - raft.grpc.server.leader.outstanding.appends.max = 128 (default)
2019-10-08 21:58:38,779 [f6e098c0-4eb5-47e1-b5c2-bc996a6adebc@group-3979F03BAFC9-LeaderElection63] INFO  server.RaftServerConfigKeys (ConfUtils.java:logGet(43)) - raft.server.rpc.request.timeout = 3000ms (default)
2019-10-08 21:58:38,779 [f6e098c0-4eb5-47e1-b5c2-bc996a6adebc@group-3979F03BAFC9-LeaderElection63] INFO  server.RaftServerConfigKeys (ConfUtils.java:logGet(43)) - raft.server.log.appender.install.snapshot.enabled = false (custom)
2019-10-08 21:58:38,779 [f6e098c0-4eb5-47e1-b5c2-bc996a6adebc@group-3979F03BAFC9-LeaderElection63] INFO  server.RaftServerConfigKeys (ConfUtils.java:logGet(43)) - raft.server.log.appender.snapshot.chunk.size.max = 16MB (=16777216) (default)
2019-10-08 21:58:38,779 [f6e098c0-4eb5-47e1-b5c2-bc996a6adebc@group-3979F03BAFC9-LeaderElection63] INFO  server.RaftServerConfigKeys (ConfUtils.java:logGet(43)) - raft.server.log.appender.buffer.byte-limit = 33554432 (custom)
2019-10-08 21:58:38,779 [f6e098c0-4eb5-47e1-b5c2-bc996a6adebc@group-3979F03BAFC9-LeaderElection63] INFO  server.RaftServerConfigKeys (ConfUtils.java:logGet(43)) - raft.server.log.appender.buffer.element-limit = 1 (custom)
2019-10-08 21:58:38,779 [f6e098c0-4eb5-47e1-b5c2-bc996a6adebc@group-3979F03BAFC9-LeaderElection63] INFO  grpc.GrpcConfigKeys$Server (ConfUtils.java:logGet(43)) - raft.grpc.server.leader.outstanding.appends.max = 128 (default)
2019-10-08 21:58:38,779 [f6e098c0-4eb5-47e1-b5c2-bc996a6adebc@group-3979F03BAFC9-LeaderElection63] INFO  server.RaftServerConfigKeys (ConfUtils.java:logGet(43)) - raft.server.rpc.request.timeout = 3000ms (default)
2019-10-08 21:58:38,780 [f6e098c0-4eb5-47e1-b5c2-bc996a6adebc@group-3979F03BAFC9-LeaderElection63] INFO  server.RaftServerConfigKeys (ConfUtils.java:logGet(43)) - raft.server.log.appender.install.snapshot.enabled = false (custom)
2019-10-08 21:58:38,780 [f6e098c0-4eb5-47e1-b5c2-bc996a6adebc@group-3979F03BAFC9-LeaderElection63] INFO  impl.RoleInfo (RoleInfo.java:updateAndGet(143)) - f6e098c0-4eb5-47e1-b5c2-bc996a6adebc: start LeaderState
2019-10-08 21:58:38,780 [f6e098c0-4eb5-47e1-b5c2-bc996a6adebc@group-3979F03BAFC9-LeaderElection63] INFO  segmented.SegmentedRaftLogWorker (SegmentedRaftLogWorker.java:startLogSegment(385)) - f6e098c0-4eb5-47e1-b5c2-bc996a6adebc@group-3979F03BAFC9-SegmentedRaftLogWorker: Starting segment from index:0
2019-10-08 21:58:38,781 [f6e098c0-4eb5-47e1-b5c2-bc996a6adebc@group-3979F03BAFC9-LeaderElection63] INFO  impl.RaftServerImpl (ServerState.java:setRaftConf(356)) - f6e098c0-4eb5-47e1-b5c2-bc996a6adebc@group-3979F03BAFC9: set configuration 0: [f6e098c0-4eb5-47e1-b5c2-bc996a6adebc:192.168.151.107:40748, 3c15ff24-c36c-4c0a-bb05-599d7fd0bd78:192.168.151.107:37771, 139b8de3-1a59-4817-9c24-be5a95a55bea:192.168.151.107:41077], old=null at 0
2019-10-08 21:58:38,819 [Thread-2364] INFO  impl.FollowerState (FollowerState.java:run(108)) - 139b8de3-1a59-4817-9c24-be5a95a55bea@group-D22AD276343F-FollowerState: change to CANDIDATE, lastRpcTime:5173ms, electionTimeout:5169ms
2019-10-08 21:58:38,819 [Thread-2364] INFO  impl.RoleInfo (RoleInfo.java:shutdownFollowerState(121)) - 139b8de3-1a59-4817-9c24-be5a95a55bea: shutdown FollowerState
2019-10-08 21:58:38,819 [Thread-2364] INFO  impl.RaftServerImpl (RaftServerImpl.java:setRole(170)) - 139b8de3-1a59-4817-9c24-be5a95a55bea@group-D22AD276343F: changes role from  FOLLOWER to CANDIDATE at term 0 for changeToCandidate
2019-10-08 21:58:38,819 [Thread-2364] INFO  impl.RoleInfo (RoleInfo.java:updateAndGet(143)) - 139b8de3-1a59-4817-9c24-be5a95a55bea: start LeaderElection
2019-10-08 21:58:38,819 [f6e098c0-4eb5-47e1-b5c2-bc996a6adebc@group-C225753A7394-LeaderElection64] INFO  impl.LeaderElection (LeaderElection.java:askForVotes(178)) - f6e098c0-4eb5-47e1-b5c2-bc996a6adebc@group-C225753A7394-LeaderElection64: begin an election at term 1 for -1: [f6e098c0-4eb5-47e1-b5c2-bc996a6adebc:192.168.151.107:40748], old=null
2019-10-08 21:58:38,819 [grpc-default-executor-7] INFO  impl.RaftServerImpl (ServerState.java:setLeader(255)) - 3c15ff24-c36c-4c0a-bb05-599d7fd0bd78@group-3979F03BAFC9: change Leader from null to f6e098c0-4eb5-47e1-b5c2-bc996a6adebc at term 1 for appendEntries, leader elected after 5118ms
2019-10-08 21:58:38,819 [f6e098c0-4eb5-47e1-b5c2-bc996a6adebc@group-C225753A7394-LeaderElection64] INFO  impl.RoleInfo (RoleInfo.java:shutdownLeaderElection(134)) - f6e098c0-4eb5-47e1-b5c2-bc996a6adebc: shutdown LeaderElection
2019-10-08 21:58:38,834 [f6e098c0-4eb5-47e1-b5c2-bc996a6adebc@group-3979F03BAFC9-SegmentedRaftLogWorker] INFO  segmented.SegmentedRaftLogWorker (SegmentedRaftLogWorker.java:execute(574)) - f6e098c0-4eb5-47e1-b5c2-bc996a6adebc@group-3979F03BAFC9-SegmentedRaftLogWorker: created new log segment /workdir/hadoop-ozone/integration-test/target/test-dir/MiniOzoneClusterImpl-b5d04183-30b1-438a-9e7c-4476fbb0217c/datanode-4/data/ratis/4abe8e13-83d0-44a2-a88a-3979f03bafc9/current/log_inprogress_0
2019-10-08 21:58:38,834 [f6e098c0-4eb5-47e1-b5c2-bc996a6adebc@group-C225753A7394-LeaderElection64] INFO  impl.RaftServerImpl (RaftServerImpl.java:setRole(170)) - f6e098c0-4eb5-47e1-b5c2-bc996a6adebc@group-C225753A7394: changes role from CANDIDATE to LEADER at term 1 for changeToLeader
2019-10-08 21:58:38,839 [grpc-default-executor-2] INFO  impl.RaftServerImpl (ServerState.java:setLeader(255)) - 139b8de3-1a59-4817-9c24-be5a95a55bea@group-3979F03BAFC9: change Leader from null to f6e098c0-4eb5-47e1-b5c2-bc996a6adebc at term 1 for appendEntries, leader elected after 5137ms
2019-10-08 21:58:38,839 [f6e098c0-4eb5-47e1-b5c2-bc996a6adebc@group-C225753A7394-LeaderElection64] INFO  impl.RaftServerImpl (ServerState.java:setLeader(255)) - f6e098c0-4eb5-47e1-b5c2-bc996a6adebc@group-C225753A7394: change Leader from null to f6e098c0-4eb5-47e1-b5c2-bc996a6adebc at term 1 for becomeLeader, leader elected after 5244ms
2019-10-08 21:58:38,839 [f6e098c0-4eb5-47e1-b5c2-bc996a6adebc@group-C225753A7394-LeaderElection64] INFO  server.RaftServerConfigKeys (ConfUtils.java:logGet(43)) - raft.server.staging.catchup.gap = 1000 (default)
2019-10-08 21:58:38,840 [f6e098c0-4eb5-47e1-b5c2-bc996a6adebc@group-C225753A7394-LeaderElection64] INFO  server.RaftServerConfigKeys (ConfUtils.java:logGet(43)) - raft.server.rpc.sleep.time = 25ms (default)
2019-10-08 21:58:38,840 [f6e098c0-4eb5-47e1-b5c2-bc996a6adebc@group-C225753A7394-LeaderElection64] INFO  server.RaftServerConfigKeys (ConfUtils.java:logGet(43)) - raft.server.write.element-limit = 4096 (default)
2019-10-08 21:58:38,840 [f6e098c0-4eb5-47e1-b5c2-bc996a6adebc@group-C225753A7394-LeaderElection64] INFO  server.RaftServerConfigKeys (ConfUtils.java:logGet(43)) - raft.server.watch.timeout = 10s (default)
2019-10-08 21:58:38,840 [f6e098c0-4eb5-47e1-b5c2-bc996a6adebc@group-C225753A7394-LeaderElection64] INFO  server.RaftServerConfigKeys (ConfUtils.java:logGet(43)) - raft.server.watch.timeout.denomination = 1s (default)
2019-10-08 21:58:38,840 [f6e098c0-4eb5-47e1-b5c2-bc996a6adebc@group-C225753A7394-LeaderElection64] INFO  server.RaftServerConfigKeys (ConfUtils.java:logGet(43)) - raft.server.watch.element-limit = 65536 (default)
2019-10-08 21:58:38,841 [grpc-default-executor-2] INFO  impl.RaftServerImpl (ServerState.java:setRaftConf(356)) - 3c15ff24-c36c-4c0a-bb05-599d7fd0bd78@group-3979F03BAFC9: set configuration 0: [f6e098c0-4eb5-47e1-b5c2-bc996a6adebc:192.168.151.107:40748, 3c15ff24-c36c-4c0a-bb05-599d7fd0bd78:192.168.151.107:37771, 139b8de3-1a59-4817-9c24-be5a95a55bea:192.168.151.107:41077], old=null at 0
2019-10-08 21:58:38,841 [grpc-default-executor-2] INFO  segmented.SegmentedRaftLogWorker (SegmentedRaftLogWorker.java:startLogSegment(385)) - 3c15ff24-c36c-4c0a-bb05-599d7fd0bd78@group-3979F03BAFC9-SegmentedRaftLogWorker: Starting segment from index:0
2019-10-08 21:58:38,841 [grpc-default-executor-7] INFO  impl.RaftServerImpl (ServerState.java:setRaftConf(356)) - 139b8de3-1a59-4817-9c24-be5a95a55bea@group-3979F03BAFC9: set configuration 0: [f6e098c0-4eb5-47e1-b5c2-bc996a6adebc:192.168.151.107:40748, 3c15ff24-c36c-4c0a-bb05-599d7fd0bd78:192.168.151.107:37771, 139b8de3-1a59-4817-9c24-be5a95a55bea:192.168.151.107:41077], old=null at 0
2019-10-08 21:58:38,842 [grpc-default-executor-7] INFO  segmented.SegmentedRaftLogWorker (SegmentedRaftLogWorker.java:startLogSegment(385)) - 139b8de3-1a59-4817-9c24-be5a95a55bea@group-3979F03BAFC9-SegmentedRaftLogWorker: Starting segment from index:0
2019-10-08 21:58:38,842 [f6e098c0-4eb5-47e1-b5c2-bc996a6adebc@group-C225753A7394-LeaderElection64] INFO  impl.RoleInfo (RoleInfo.java:updateAndGet(143)) - f6e098c0-4eb5-47e1-b5c2-bc996a6adebc: start LeaderState
2019-10-08 21:58:38,842 [f6e098c0-4eb5-47e1-b5c2-bc996a6adebc@group-C225753A7394-LeaderElection64] INFO  segmented.SegmentedRaftLogWorker (SegmentedRaftLogWorker.java:startLogSegment(385)) - f6e098c0-4eb5-47e1-b5c2-bc996a6adebc@group-C225753A7394-SegmentedRaftLogWorker: Starting segment from index:0
2019-10-08 21:58:38,843 [f6e098c0-4eb5-47e1-b5c2-bc996a6adebc@group-C225753A7394-LeaderElection64] INFO  impl.RaftServerImpl (ServerState.java:setRaftConf(356)) - f6e098c0-4eb5-47e1-b5c2-bc996a6adebc@group-C225753A7394: set configuration 0: [f6e098c0-4eb5-47e1-b5c2-bc996a6adebc:192.168.151.107:40748], old=null at 0
2019-10-08 21:58:38,853 [139b8de3-1a59-4817-9c24-be5a95a55bea@group-D22AD276343F-LeaderElection65] INFO  impl.LeaderElection (LeaderElection.java:askForVotes(178)) - 139b8de3-1a59-4817-9c24-be5a95a55bea@group-D22AD276343F-LeaderElection65: begin an election at term 1 for -1: [139b8de3-1a59-4817-9c24-be5a95a55bea:192.168.151.107:41077], old=null
2019-10-08 21:58:38,853 [139b8de3-1a59-4817-9c24-be5a95a55bea@group-D22AD276343F-LeaderElection65] INFO  impl.RoleInfo (RoleInfo.java:shutdownLeaderElection(134)) - 139b8de3-1a59-4817-9c24-be5a95a55bea: shutdown LeaderElection
2019-10-08 21:58:38,853 [139b8de3-1a59-4817-9c24-be5a95a55bea@group-D22AD276343F-LeaderElection65] INFO  impl.RaftServerImpl (RaftServerImpl.java:setRole(170)) - 139b8de3-1a59-4817-9c24-be5a95a55bea@group-D22AD276343F: changes role from CANDIDATE to LEADER at term 1 for changeToLeader
2019-10-08 21:58:38,853 [139b8de3-1a59-4817-9c24-be5a95a55bea@group-D22AD276343F-LeaderElection65] INFO  impl.RaftServerImpl (ServerState.java:setLeader(255)) - 139b8de3-1a59-4817-9c24-be5a95a55bea@group-D22AD276343F: change Leader from null to 139b8de3-1a59-4817-9c24-be5a95a55bea at term 1 for becomeLeader, leader elected after 5212ms
2019-10-08 21:58:38,854 [139b8de3-1a59-4817-9c24-be5a95a55bea@group-D22AD276343F-LeaderElection65] INFO  server.RaftServerConfigKeys (ConfUtils.java:logGet(43)) - raft.server.staging.catchup.gap = 1000 (default)
2019-10-08 21:58:38,854 [139b8de3-1a59-4817-9c24-be5a95a55bea@group-D22AD276343F-LeaderElection65] INFO  server.RaftServerConfigKeys (ConfUtils.java:logGet(43)) - raft.server.rpc.sleep.time = 25ms (default)
2019-10-08 21:58:38,854 [139b8de3-1a59-4817-9c24-be5a95a55bea@group-D22AD276343F-LeaderElection65] INFO  server.RaftServerConfigKeys (ConfUtils.java:logGet(43)) - raft.server.write.element-limit = 4096 (default)
2019-10-08 21:58:38,854 [139b8de3-1a59-4817-9c24-be5a95a55bea@group-D22AD276343F-LeaderElection65] INFO  server.RaftServerConfigKeys (ConfUtils.java:logGet(43)) - raft.server.watch.timeout = 10s (default)
2019-10-08 21:58:38,854 [139b8de3-1a59-4817-9c24-be5a95a55bea@group-D22AD276343F-LeaderElection65] INFO  server.RaftServerConfigKeys (ConfUtils.java:logGet(43)) - raft.server.watch.timeout.denomination = 1s (default)
2019-10-08 21:58:38,854 [139b8de3-1a59-4817-9c24-be5a95a55bea@group-D22AD276343F-LeaderElection65] INFO  server.RaftServerConfigKeys (ConfUtils.java:logGet(43)) - raft.server.watch.element-limit = 65536 (default)
2019-10-08 21:58:38,857 [139b8de3-1a59-4817-9c24-be5a95a55bea@group-D22AD276343F-LeaderElection65] INFO  impl.RoleInfo (RoleInfo.java:updateAndGet(143)) - 139b8de3-1a59-4817-9c24-be5a95a55bea: start LeaderState
2019-10-08 21:58:38,857 [139b8de3-1a59-4817-9c24-be5a95a55bea@group-D22AD276343F-LeaderElection65] INFO  segmented.SegmentedRaftLogWorker (SegmentedRaftLogWorker.java:startLogSegment(385)) - 139b8de3-1a59-4817-9c24-be5a95a55bea@group-D22AD276343F-SegmentedRaftLogWorker: Starting segment from index:0
2019-10-08 21:58:38,858 [139b8de3-1a59-4817-9c24-be5a95a55bea@group-D22AD276343F-LeaderElection65] INFO  impl.RaftServerImpl (ServerState.java:setRaftConf(356)) - 139b8de3-1a59-4817-9c24-be5a95a55bea@group-D22AD276343F: set configuration 0: [139b8de3-1a59-4817-9c24-be5a95a55bea:192.168.151.107:41077], old=null at 0
2019-10-08 21:58:38,888 [139b8de3-1a59-4817-9c24-be5a95a55bea@group-3979F03BAFC9-SegmentedRaftLogWorker] INFO  segmented.SegmentedRaftLogWorker (SegmentedRaftLogWorker.java:execute(574)) - 139b8de3-1a59-4817-9c24-be5a95a55bea@group-3979F03BAFC9-SegmentedRaftLogWorker: created new log segment /workdir/hadoop-ozone/integration-test/target/test-dir/MiniOzoneClusterImpl-b5d04183-30b1-438a-9e7c-4476fbb0217c/datanode-5/data/ratis/4abe8e13-83d0-44a2-a88a-3979f03bafc9/current/log_inprogress_0
2019-10-08 21:58:38,888 [f6e098c0-4eb5-47e1-b5c2-bc996a6adebc@group-C225753A7394-SegmentedRaftLogWorker] INFO  segmented.SegmentedRaftLogWorker (SegmentedRaftLogWorker.java:execute(574)) - f6e098c0-4eb5-47e1-b5c2-bc996a6adebc@group-C225753A7394-SegmentedRaftLogWorker: created new log segment /workdir/hadoop-ozone/integration-test/target/test-dir/MiniOzoneClusterImpl-b5d04183-30b1-438a-9e7c-4476fbb0217c/datanode-4/data/ratis/ae1fa18e-4334-4f7b-8fe4-c225753a7394/current/log_inprogress_0
2019-10-08 21:58:38,888 [3c15ff24-c36c-4c0a-bb05-599d7fd0bd78@group-3979F03BAFC9-SegmentedRaftLogWorker] INFO  segmented.SegmentedRaftLogWorker (SegmentedRaftLogWorker.java:execute(574)) - 3c15ff24-c36c-4c0a-bb05-599d7fd0bd78@group-3979F03BAFC9-SegmentedRaftLogWorker: created new log segment /workdir/hadoop-ozone/integration-test/target/test-dir/MiniOzoneClusterImpl-b5d04183-30b1-438a-9e7c-4476fbb0217c/datanode-3/data/ratis/4abe8e13-83d0-44a2-a88a-3979f03bafc9/current/log_inprogress_0
2019-10-08 21:58:38,901 [139b8de3-1a59-4817-9c24-be5a95a55bea@group-D22AD276343F-SegmentedRaftLogWorker] INFO  segmented.SegmentedRaftLogWorker (SegmentedRaftLogWorker.java:execute(574)) - 139b8de3-1a59-4817-9c24-be5a95a55bea@group-D22AD276343F-SegmentedRaftLogWorker: created new log segment /workdir/hadoop-ozone/integration-test/target/test-dir/MiniOzoneClusterImpl-b5d04183-30b1-438a-9e7c-4476fbb0217c/datanode-5/data/ratis/21e69eb9-80ba-4118-bbca-d22ad276343f/current/log_inprogress_0
2019-10-08 21:58:39,093 [Datanode State Machine Thread - 0] INFO  statemachine.DatanodeStateMachine (DatanodeStateMachine.java:lambda$startDaemon$0(350)) - Ozone container server started.
2019-10-08 21:58:39,471 [grpc-default-executor-2] WARN  server.GrpcLogAppender (LogUtils.java:warn(134)) - 12a1f04c-09b4-4c0f-87a4-bd1bfeb86722@group-98E3FAD48EE3->9241910e-7215-4b10-8981-67058d2a4474-AppendLogResponseHandler: Failed appendEntries: org.apache.ratis.thirdparty.io.grpc.StatusRuntimeException: UNAVAILABLE: io exception
2019-10-08 21:58:39,471 [grpc-default-executor-7] WARN  server.GrpcLogAppender (LogUtils.java:warn(134)) - 12a1f04c-09b4-4c0f-87a4-bd1bfeb86722@group-98E3FAD48EE3->5fe831c6-d7d2-49de-98c2-18dc53ff8363-AppendLogResponseHandler: Failed appendEntries: org.apache.ratis.thirdparty.io.grpc.StatusRuntimeException: UNAVAILABLE: io exception
2019-10-08 21:58:39,471 [grpc-default-executor-2] INFO  impl.FollowerInfo (FollowerInfo.java:lambda$new$0(51)) - 12a1f04c-09b4-4c0f-87a4-bd1bfeb86722@group-98E3FAD48EE3->9241910e-7215-4b10-8981-67058d2a4474: nextIndex: updateUnconditionally 0 -> 0
2019-10-08 21:58:39,471 [grpc-default-executor-7] INFO  impl.FollowerInfo (FollowerInfo.java:lambda$new$0(51)) - 12a1f04c-09b4-4c0f-87a4-bd1bfeb86722@group-98E3FAD48EE3->5fe831c6-d7d2-49de-98c2-18dc53ff8363: nextIndex: updateUnconditionally 0 -> 0
2019-10-08 21:58:40,489 [grpc-default-executor-1] WARN  server.GrpcLogAppender (LogUtils.java:warn(134)) - 12a1f04c-09b4-4c0f-87a4-bd1bfeb86722@group-98E3FAD48EE3->5fe831c6-d7d2-49de-98c2-18dc53ff8363-AppendLogResponseHandler: Failed appendEntries: org.apache.ratis.thirdparty.io.grpc.StatusRuntimeException: UNAVAILABLE: io exception
2019-10-08 21:58:40,489 [grpc-default-executor-2] WARN  server.GrpcLogAppender (LogUtils.java:warn(134)) - 12a1f04c-09b4-4c0f-87a4-bd1bfeb86722@group-98E3FAD48EE3->9241910e-7215-4b10-8981-67058d2a4474-AppendLogResponseHandler: Failed appendEntries: org.apache.ratis.thirdparty.io.grpc.StatusRuntimeException: UNAVAILABLE: io exception
2019-10-08 21:58:40,489 [grpc-default-executor-1] INFO  impl.FollowerInfo (FollowerInfo.java:lambda$new$0(51)) - 12a1f04c-09b4-4c0f-87a4-bd1bfeb86722@group-98E3FAD48EE3->5fe831c6-d7d2-49de-98c2-18dc53ff8363: nextIndex: updateUnconditionally 1 -> 0
2019-10-08 21:58:40,490 [grpc-default-executor-2] INFO  impl.FollowerInfo (FollowerInfo.java:lambda$new$0(51)) - 12a1f04c-09b4-4c0f-87a4-bd1bfeb86722@group-98E3FAD48EE3->9241910e-7215-4b10-8981-67058d2a4474: nextIndex: updateUnconditionally 1 -> 0
2019-10-08 21:58:42,057 [Thread-2460] INFO  client.GrpcClientProtocolService (GrpcClientProtocolService.java:lambda$processClientRequest$0(278)) - Failed RaftClientRequest:client-26288ADCA04B->12a1f04c-09b4-4c0f-87a4-bd1bfeb86722@group-98E3FAD48EE3, cid=67, seq=0, Watch-ALL_COMMITTED(11), Message:<EMPTY>, reply=RaftClientReply:client-26288ADCA04B->12a1f04c-09b4-4c0f-87a4-bd1bfeb86722@group-98E3FAD48EE3, cid=67, FAILED org.apache.ratis.protocol.NotReplicatedException: Request with call Id 67 and log index 11 is not yet replicated to ALL_COMMITTED, logIndex=11, commits[12a1f04c-09b4-4c0f-87a4-bd1bfeb86722:c2, 9241910e-7215-4b10-8981-67058d2a4474:c2, 5fe831c6-d7d2-49de-98c2-18dc53ff8363:c2]
2019-10-08 21:58:42,060 [Thread-2459] INFO  client.GrpcClientProtocolService (GrpcClientProtocolService.java:lambda$processClientRequest$0(278)) - Failed RaftClientRequest:client-26288ADCA04B->12a1f04c-09b4-4c0f-87a4-bd1bfeb86722@group-98E3FAD48EE3, cid=68, seq=0, Watch-MAJORITY_COMMITTED(11), Message:<EMPTY>, reply=RaftClientReply:client-26288ADCA04B->12a1f04c-09b4-4c0f-87a4-bd1bfeb86722@group-98E3FAD48EE3, cid=68, FAILED org.apache.ratis.protocol.NotReplicatedException: Request with call Id 68 and log index 11 is not yet replicated to MAJORITY_COMMITTED, logIndex=11, commits[12a1f04c-09b4-4c0f-87a4-bd1bfeb86722:c2, 9241910e-7215-4b10-8981-67058d2a4474:c2, 5fe831c6-d7d2-49de-98c2-18dc53ff8363:c2]
2019-10-08 21:58:42,990 [grpc-default-executor-1] WARN  server.GrpcLogAppender (LogUtils.java:warn(134)) - 12a1f04c-09b4-4c0f-87a4-bd1bfeb86722@group-98E3FAD48EE3->5fe831c6-d7d2-49de-98c2-18dc53ff8363-AppendLogResponseHandler: Failed appendEntries: org.apache.ratis.thirdparty.io.grpc.StatusRuntimeException: UNAVAILABLE: io exception
2019-10-08 21:58:42,990 [grpc-default-executor-2] WARN  server.GrpcLogAppender (LogUtils.java:warn(134)) - 12a1f04c-09b4-4c0f-87a4-bd1bfeb86722@group-98E3FAD48EE3->9241910e-7215-4b10-8981-67058d2a4474-AppendLogResponseHandler: Failed appendEntries: org.apache.ratis.thirdparty.io.grpc.StatusRuntimeException: UNAVAILABLE: io exception
2019-10-08 21:58:42,991 [grpc-default-executor-1] INFO  impl.FollowerInfo (FollowerInfo.java:lambda$new$0(51)) - 12a1f04c-09b4-4c0f-87a4-bd1bfeb86722@group-98E3FAD48EE3->5fe831c6-d7d2-49de-98c2-18dc53ff8363: nextIndex: updateUnconditionally 0 -> 0
2019-10-08 21:58:42,991 [grpc-default-executor-2] INFO  impl.FollowerInfo (FollowerInfo.java:lambda$new$0(51)) - 12a1f04c-09b4-4c0f-87a4-bd1bfeb86722@group-98E3FAD48EE3->9241910e-7215-4b10-8981-67058d2a4474: nextIndex: updateUnconditionally 0 -> 0
2019-10-08 21:58:44,065 [main] INFO  ozoneimpl.OzoneContainer (OzoneContainer.java:stop(227)) - Attempting to stop container services.
2019-10-08 21:58:44,066 [main] INFO  impl.RaftServerProxy (RaftServerProxy.java:lambda$close$4(314)) - 5d9d4753-5868-46ae-88db-59d46778e9c7: close
2019-10-08 21:58:44,067 [main] INFO  impl.RaftServerImpl (RaftServerImpl.java:lambda$shutdown$3(247)) - 5d9d4753-5868-46ae-88db-59d46778e9c7@group-D43906ED83D5: shutdown
2019-10-08 21:58:44,068 [main] INFO  util.JmxRegister (JmxRegister.java:unregister(73)) - Successfully un-registered JMX Bean with object name Ratis:service=RaftServer,group=group-D43906ED83D5,id=5d9d4753-5868-46ae-88db-59d46778e9c7
2019-10-08 21:58:44,068 [main] INFO  impl.RoleInfo (RoleInfo.java:shutdownLeaderState(104)) - 5d9d4753-5868-46ae-88db-59d46778e9c7: shutdown LeaderState
2019-10-08 21:58:44,069 [main] INFO  impl.PendingRequests (PendingRequests.java:sendNotLeaderResponses(202)) - 5d9d4753-5868-46ae-88db-59d46778e9c7@group-D43906ED83D5-PendingRequests: sendNotLeaderResponses
2019-10-08 21:58:44,069 [main] INFO  impl.StateMachineUpdater (StateMachineUpdater.java:stopAndJoin(136)) - 5d9d4753-5868-46ae-88db-59d46778e9c7@group-D43906ED83D5-StateMachineUpdater: set stopIndex = 0
2019-10-08 21:58:44,070 [main] INFO  impl.RaftServerImpl (ServerState.java:close(387)) - 5d9d4753-5868-46ae-88db-59d46778e9c7@group-D43906ED83D5: closes. applyIndex: 0
2019-10-08 21:58:44,071 [5d9d4753-5868-46ae-88db-59d46778e9c7@group-D43906ED83D5-SegmentedRaftLogWorker] INFO  segmented.SegmentedRaftLogWorker (SegmentedRaftLogWorker.java:run(316)) - 5d9d4753-5868-46ae-88db-59d46778e9c7@group-D43906ED83D5-SegmentedRaftLogWorker was interrupted, exiting. There are 0 tasks remaining in the queue.
2019-10-08 21:58:44,078 [main] INFO  segmented.SegmentedRaftLogWorker (SegmentedRaftLogWorker.java:close(224)) - 5d9d4753-5868-46ae-88db-59d46778e9c7@group-D43906ED83D5-SegmentedRaftLogWorker close()
2019-10-08 21:58:44,088 [main] INFO  impl.RaftServerImpl (RaftServerImpl.java:lambda$shutdown$3(247)) - 5d9d4753-5868-46ae-88db-59d46778e9c7@group-67C6FC6BB742: shutdown
2019-10-08 21:58:44,088 [main] INFO  util.JmxRegister (JmxRegister.java:unregister(73)) - Successfully un-registered JMX Bean with object name Ratis:service=RaftServer,group=group-67C6FC6BB742,id=5d9d4753-5868-46ae-88db-59d46778e9c7
2019-10-08 21:58:44,089 [main] INFO  impl.RoleInfo (RoleInfo.java:shutdownFollowerState(121)) - 5d9d4753-5868-46ae-88db-59d46778e9c7: shutdown FollowerState
2019-10-08 21:58:44,089 [main] INFO  impl.StateMachineUpdater (StateMachineUpdater.java:stopAndJoin(136)) - 5d9d4753-5868-46ae-88db-59d46778e9c7@group-67C6FC6BB742-StateMachineUpdater: set stopIndex = 2
2019-10-08 21:58:44,089 [Thread-2401] INFO  impl.FollowerState (FollowerState.java:run(117)) - 5d9d4753-5868-46ae-88db-59d46778e9c7@group-67C6FC6BB742-FollowerState was interrupted: java.lang.InterruptedException: sleep interrupted
2019-10-08 21:58:44,090 [5d9d4753-5868-46ae-88db-59d46778e9c7@group-67C6FC6BB742-StateMachineUpdater] INFO  ratis.ContainerStateMachine (ContainerStateMachine.java:takeSnapshot(294)) - group-67C6FC6BB742: Taking a snapshot at:(t:1, i:1) file /workdir/hadoop-ozone/integration-test/target/test-dir/MiniOzoneClusterImpl-b5d04183-30b1-438a-9e7c-4476fbb0217c/datanode-0/data/ratis/9cc85d93-ddda-4153-9672-67c6fc6bb742/sm/snapshot.1_1
2019-10-08 21:58:44,107 [5d9d4753-5868-46ae-88db-59d46778e9c7@group-67C6FC6BB742-StateMachineUpdater] INFO  ratis.ContainerStateMachine (ContainerStateMachine.java:takeSnapshot(305)) - group-67C6FC6BB742: Finished taking a snapshot at:(t:1, i:1) file:/workdir/hadoop-ozone/integration-test/target/test-dir/MiniOzoneClusterImpl-b5d04183-30b1-438a-9e7c-4476fbb0217c/datanode-0/data/ratis/9cc85d93-ddda-4153-9672-67c6fc6bb742/sm/snapshot.1_1 time:18
2019-10-08 21:58:44,108 [5d9d4753-5868-46ae-88db-59d46778e9c7@group-67C6FC6BB742-StateMachineUpdater] INFO  impl.StateMachineUpdater (StateMachineUpdater.java:takeSnapshot(269)) - 5d9d4753-5868-46ae-88db-59d46778e9c7@group-67C6FC6BB742-StateMachineUpdater: Took a snapshot at index 1
2019-10-08 21:58:44,108 [5d9d4753-5868-46ae-88db-59d46778e9c7@group-67C6FC6BB742-StateMachineUpdater] INFO  impl.StateMachineUpdater (StateMachineUpdater.java:lambda$new$0(84)) - 5d9d4753-5868-46ae-88db-59d46778e9c7@group-67C6FC6BB742-StateMachineUpdater: snapshotIndex: updateIncreasingly -1 -> 1
2019-10-08 21:58:44,108 [5d9d4753-5868-46ae-88db-59d46778e9c7@group-67C6FC6BB742-StateMachineUpdater] INFO  ratis.ContainerStateMachine (ContainerStateMachine.java:takeSnapshot(294)) - group-67C6FC6BB742: Taking a snapshot at:(t:1, i:1) file /workdir/hadoop-ozone/integration-test/target/test-dir/MiniOzoneClusterImpl-b5d04183-30b1-438a-9e7c-4476fbb0217c/datanode-0/data/ratis/9cc85d93-ddda-4153-9672-67c6fc6bb742/sm/snapshot.1_1
2019-10-08 21:58:44,120 [5d9d4753-5868-46ae-88db-59d46778e9c7@group-67C6FC6BB742-StateMachineUpdater] INFO  ratis.ContainerStateMachine (ContainerStateMachine.java:takeSnapshot(305)) - group-67C6FC6BB742: Finished taking a snapshot at:(t:1, i:1) file:/workdir/hadoop-ozone/integration-test/target/test-dir/MiniOzoneClusterImpl-b5d04183-30b1-438a-9e7c-4476fbb0217c/datanode-0/data/ratis/9cc85d93-ddda-4153-9672-67c6fc6bb742/sm/snapshot.1_1 time:12
2019-10-08 21:58:44,120 [5d9d4753-5868-46ae-88db-59d46778e9c7@group-67C6FC6BB742-StateMachineUpdater] INFO  impl.StateMachineUpdater (StateMachineUpdater.java:takeSnapshot(269)) - 5d9d4753-5868-46ae-88db-59d46778e9c7@group-67C6FC6BB742-StateMachineUpdater: Took a snapshot at index 1
2019-10-08 21:58:44,120 [5d9d4753-5868-46ae-88db-59d46778e9c7@group-67C6FC6BB742-StateMachineUpdater] INFO  impl.StateMachineUpdater (StateMachineUpdater.java:lambda$new$0(84)) - 5d9d4753-5868-46ae-88db-59d46778e9c7@group-67C6FC6BB742-StateMachineUpdater: snapshotIndex: updateIncreasingly 1 -> 1
2019-10-08 21:58:44,121 [main] INFO  impl.RaftServerImpl (ServerState.java:close(387)) - 5d9d4753-5868-46ae-88db-59d46778e9c7@group-67C6FC6BB742: closes. applyIndex: 2
2019-10-08 21:58:44,121 [5d9d4753-5868-46ae-88db-59d46778e9c7@group-67C6FC6BB742-SegmentedRaftLogWorker] INFO  segmented.SegmentedRaftLogWorker (SegmentedRaftLogWorker.java:run(316)) - 5d9d4753-5868-46ae-88db-59d46778e9c7@group-67C6FC6BB742-SegmentedRaftLogWorker was interrupted, exiting. There are 0 tasks remaining in the queue.
2019-10-08 21:58:44,126 [main] INFO  segmented.SegmentedRaftLogWorker (SegmentedRaftLogWorker.java:close(224)) - 5d9d4753-5868-46ae-88db-59d46778e9c7@group-67C6FC6BB742-SegmentedRaftLogWorker close()
2019-10-08 21:58:44,134 [main] INFO  server.GrpcService (GrpcService.java:closeImpl(164)) - 5d9d4753-5868-46ae-88db-59d46778e9c7: shutdown server with port 41968 now
2019-10-08 21:58:44,136 [grpc-default-executor-2] WARN  server.GrpcServerProtocolService (LogUtils.java:warn(134)) - 5d9d4753-5868-46ae-88db-59d46778e9c7: installSnapshot onError, lastRequest: 6f427bc6-6379-4232-9c9d-b34be0db073c->5d9d4753-5868-46ae-88db-59d46778e9c7#5-t1, previous=(t:1, i:2), leaderCommit=2, initializing? false, entries: <empty>: org.apache.ratis.thirdparty.io.grpc.StatusRuntimeException: CANCELLED: cancelled before receiving half close
2019-10-08 21:58:44,136 [grpc-default-executor-3] WARN  server.GrpcLogAppender (LogUtils.java:warn(134)) - 6f427bc6-6379-4232-9c9d-b34be0db073c@group-67C6FC6BB742->5d9d4753-5868-46ae-88db-59d46778e9c7-AppendLogResponseHandler: Failed appendEntries: org.apache.ratis.thirdparty.io.grpc.StatusRuntimeException: CANCELLED: HTTP/2 error code: CANCEL
Received Rst Stream
2019-10-08 21:58:44,136 [main] INFO  server.GrpcService (GrpcService.java:closeImpl(172)) - 5d9d4753-5868-46ae-88db-59d46778e9c7: shutdown server with port 41968 successfully
2019-10-08 21:58:44,136 [grpc-default-executor-3] INFO  impl.FollowerInfo (FollowerInfo.java:lambda$new$0(51)) - 6f427bc6-6379-4232-9c9d-b34be0db073c@group-67C6FC6BB742->5d9d4753-5868-46ae-88db-59d46778e9c7: nextIndex: updateUnconditionally 3 -> 2
2019-10-08 21:58:44,141 [refreshUsed-/workdir/hadoop-ozone/integration-test/target/test-dir/MiniOzoneClusterImpl-b5d04183-30b1-438a-9e7c-4476fbb0217c/datanode-0/data/containers] WARN  fs.CachingGetSpaceUsed (CachingGetSpaceUsed.java:run(183)) - Thread Interrupted waiting to refresh disk information: sleep interrupted
2019-10-08 21:58:44,158 [main] INFO  utils.BackgroundService (BackgroundService.java:shutdown(148)) - Shutting down service BlockDeletingService
2019-10-08 21:58:44,170 [main] INFO  statemachine.DatanodeStateMachine (DatanodeStateMachine.java:stopDaemon(395)) - Ozone container server stopped.
2019-10-08 21:58:44,172 [main] INFO  handler.ContextHandler (ContextHandler.java:doStop(910)) - Stopped o.e.j.w.WebAppContext@1788cb61{/,null,UNAVAILABLE}{/hddsDatanode}
2019-10-08 21:58:44,174 [main] INFO  server.AbstractConnector (AbstractConnector.java:doStop(318)) - Stopped ServerConnector@16d431b4{HTTP/1.1,[http/1.1]}{0.0.0.0:0}
2019-10-08 21:58:44,174 [main] INFO  handler.ContextHandler (ContextHandler.java:doStop(910)) - Stopped o.e.j.s.ServletContextHandler@1a1c21b4{/static,jar:file:/home/user/.m2/repository/org/apache/hadoop/hadoop-hdds-container-service/0.5.0-SNAPSHOT/hadoop-hdds-container-service-0.5.0-SNAPSHOT.jar!/webapps/static,UNAVAILABLE}
2019-10-08 21:58:44,174 [main] INFO  handler.ContextHandler (ContextHandler.java:doStop(910)) - Stopped o.e.j.s.ServletContextHandler@34a20f16{/logs,file:///workdir/hadoop-ozone/integration-test/target/log,UNAVAILABLE}
2019-10-08 21:58:44,190 [grpc-default-executor-1] WARN  server.GrpcLogAppender (LogUtils.java:warn(134)) - 6f427bc6-6379-4232-9c9d-b34be0db073c@group-67C6FC6BB742->5d9d4753-5868-46ae-88db-59d46778e9c7-AppendLogResponseHandler: Failed appendEntries: org.apache.ratis.thirdparty.io.grpc.StatusRuntimeException: UNAVAILABLE: io exception
2019-10-08 21:58:44,190 [grpc-default-executor-1] INFO  impl.FollowerInfo (FollowerInfo.java:lambda$new$0(51)) - 6f427bc6-6379-4232-9c9d-b34be0db073c@group-67C6FC6BB742->5d9d4753-5868-46ae-88db-59d46778e9c7: nextIndex: updateUnconditionally 3 -> 2
2019-10-08 21:58:44,203 [grpc-default-executor-2] WARN  server.GrpcLogAppender (LogUtils.java:warn(134)) - 6f427bc6-6379-4232-9c9d-b34be0db073c@group-67C6FC6BB742->5d9d4753-5868-46ae-88db-59d46778e9c7-AppendLogResponseHandler: Failed appendEntries: org.apache.ratis.thirdparty.io.grpc.StatusRuntimeException: UNAVAILABLE: io exception
2019-10-08 21:58:44,203 [grpc-default-executor-2] INFO  impl.FollowerInfo (FollowerInfo.java:lambda$new$0(51)) - 6f427bc6-6379-4232-9c9d-b34be0db073c@group-67C6FC6BB742->5d9d4753-5868-46ae-88db-59d46778e9c7: nextIndex: updateUnconditionally 3 -> 2
2019-10-08 21:58:44,216 [grpc-default-executor-2] WARN  server.GrpcLogAppender (LogUtils.java:warn(134)) - 6f427bc6-6379-4232-9c9d-b34be0db073c@group-67C6FC6BB742->5d9d4753-5868-46ae-88db-59d46778e9c7-AppendLogResponseHandler: Failed appendEntries: org.apache.ratis.thirdparty.io.grpc.StatusRuntimeException: UNAVAILABLE: io exception
2019-10-08 21:58:44,216 [grpc-default-executor-2] INFO  impl.FollowerInfo (FollowerInfo.java:lambda$new$0(51)) - 6f427bc6-6379-4232-9c9d-b34be0db073c@group-67C6FC6BB742->5d9d4753-5868-46ae-88db-59d46778e9c7: nextIndex: updateUnconditionally 3 -> 2
2019-10-08 21:58:44,217 [EventQueue-IncrementalContainerReportForIncrementalContainerReportHandler] WARN  container.IncrementalContainerReportHandler (AbstractContainerReportHandler.java:updateContainerState(143)) - Container #1 is in OPEN state, but the datanode 6f427bc6-6379-4232-9c9d-b34be0db073c{ip: 192.168.151.107, host: pr-hdds-2217-2kdk4-3258704453, networkLocation: /default-rack, certSerialId: null} reports an CLOSING replica.
2019-10-08 21:58:44,230 [EventQueue-IncrementalContainerReportForIncrementalContainerReportHandler] WARN  container.IncrementalContainerReportHandler (AbstractContainerReportHandler.java:updateContainerState(143)) - Container #1 is in OPEN state, but the datanode 447b4921-8c2d-43b9-b073-18b4d5d7c4f6{ip: 192.168.151.107, host: pr-hdds-2217-2kdk4-3258704453, networkLocation: /default-rack, certSerialId: null} reports an CLOSING replica.
2019-10-08 21:58:44,273 [RatisApplyTransactionExecutor 1] INFO  interfaces.Container (KeyValueContainer.java:flushAndSyncDB(386)) - Container 1 is synced with bcsId 0.
2019-10-08 21:58:44,309 [RatisApplyTransactionExecutor 1] INFO  interfaces.Container (KeyValueContainer.java:flushAndSyncDB(386)) - Container 1 is synced with bcsId 0.
2019-10-08 21:58:44,311 [RatisApplyTransactionExecutor 1] INFO  interfaces.Container (KeyValueContainer.java:flushAndSyncDB(386)) - Container 1 is synced with bcsId 0.
2019-10-08 21:58:44,311 [RatisApplyTransactionExecutor 1] INFO  interfaces.Container (KeyValueContainer.java:flushAndSyncDB(386)) - Container 1 is synced with bcsId 0.
2019-10-08 21:58:44,316 [RatisApplyTransactionExecutor 1] INFO  interfaces.Container (KeyValueContainer.java:close(335)) - Container 1 is closed with bcsId 0.
2019-10-08 21:58:44,316 [RatisApplyTransactionExecutor 1] INFO  interfaces.Container (KeyValueContainer.java:close(335)) - Container 1 is closed with bcsId 0.
2019-10-08 21:58:44,382 [EventQueue-IncrementalContainerReportForIncrementalContainerReportHandler] WARN  container.IncrementalContainerReportHandler (AbstractContainerReportHandler.java:updateContainerState(143)) - Container #1 is in OPEN state, but the datanode 447b4921-8c2d-43b9-b073-18b4d5d7c4f6{ip: 192.168.151.107, host: pr-hdds-2217-2kdk4-3258704453, networkLocation: /default-rack, certSerialId: null} reports an CLOSED replica.
2019-10-08 21:58:44,383 [EventQueue-IncrementalContainerReportForIncrementalContainerReportHandler] WARN  container.IncrementalContainerReportHandler (AbstractContainerReportHandler.java:updateContainerState(143)) - Container #1 is in OPEN state, but the datanode 6f427bc6-6379-4232-9c9d-b34be0db073c{ip: 192.168.151.107, host: pr-hdds-2217-2kdk4-3258704453, networkLocation: /default-rack, certSerialId: null} reports an CLOSED replica.
2019-10-08 21:58:44,584 [EventQueue-StaleNodeForStaleNodeHandler] INFO  node.StaleNodeHandler (StaleNodeHandler.java:onMessage(58)) - Datanode 9241910e-7215-4b10-8981-67058d2a4474{ip: 192.168.151.107, host: pr-hdds-2217-2kdk4-3258704453, networkLocation: /default-rack, certSerialId: null} moved to stale state. Finalizing its pipelines [PipelineID=1b05c59c-c9ce-4404-a896-98e3fad48ee3, PipelineID=c5317986-fa31-4248-8358-72e9f3e1a562]
2019-10-08 21:58:44,585 [EventQueue-StaleNodeForStaleNodeHandler] INFO  pipeline.SCMPipelineManager (SCMPipelineManager.java:finalizeAndDestroyPipeline(315)) - destroying pipeline:Pipeline[ Id: 1b05c59c-c9ce-4404-a896-98e3fad48ee3, Nodes: 5fe831c6-d7d2-49de-98c2-18dc53ff8363{ip: 192.168.151.107, host: pr-hdds-2217-2kdk4-3258704453, networkLocation: /default-rack, certSerialId: null}9241910e-7215-4b10-8981-67058d2a4474{ip: 192.168.151.107, host: pr-hdds-2217-2kdk4-3258704453, networkLocation: /default-rack, certSerialId: null}12a1f04c-09b4-4c0f-87a4-bd1bfeb86722{ip: 192.168.151.107, host: pr-hdds-2217-2kdk4-3258704453, networkLocation: /default-rack, certSerialId: null}, Type:RATIS, Factor:THREE, State:CLOSED]
2019-10-08 21:58:44,585 [EventQueue-StaleNodeForStaleNodeHandler] INFO  pipeline.SCMPipelineManager (SCMPipelineManager.java:finalizeAndDestroyPipeline(315)) - destroying pipeline:Pipeline[ Id: c5317986-fa31-4248-8358-72e9f3e1a562, Nodes: 9241910e-7215-4b10-8981-67058d2a4474{ip: 192.168.151.107, host: pr-hdds-2217-2kdk4-3258704453, networkLocation: /default-rack, certSerialId: null}, Type:RATIS, Factor:ONE, State:OPEN]
2019-10-08 21:58:44,585 [EventQueue-StaleNodeForStaleNodeHandler] INFO  pipeline.PipelineStateManager (PipelineStateManager.java:finalizePipeline(123)) - Pipeline Pipeline[ Id: c5317986-fa31-4248-8358-72e9f3e1a562, Nodes: 9241910e-7215-4b10-8981-67058d2a4474{ip: 192.168.151.107, host: pr-hdds-2217-2kdk4-3258704453, networkLocation: /default-rack, certSerialId: null}, Type:RATIS, Factor:ONE, State:CLOSED] moved to CLOSED state
2019-10-08 21:58:45,490 [grpc-default-executor-7] WARN  server.GrpcLogAppender (LogUtils.java:warn(134)) - 12a1f04c-09b4-4c0f-87a4-bd1bfeb86722@group-98E3FAD48EE3->5fe831c6-d7d2-49de-98c2-18dc53ff8363-AppendLogResponseHandler: Failed appendEntries: org.apache.ratis.thirdparty.io.grpc.StatusRuntimeException: UNAVAILABLE: io exception
2019-10-08 21:58:45,490 [grpc-default-executor-3] WARN  server.GrpcLogAppender (LogUtils.java:warn(134)) - 12a1f04c-09b4-4c0f-87a4-bd1bfeb86722@group-98E3FAD48EE3->9241910e-7215-4b10-8981-67058d2a4474-AppendLogResponseHandler: Failed appendEntries: org.apache.ratis.thirdparty.io.grpc.StatusRuntimeException: UNAVAILABLE: io exception
2019-10-08 21:58:45,490 [grpc-default-executor-7] INFO  impl.FollowerInfo (FollowerInfo.java:lambda$new$0(51)) - 12a1f04c-09b4-4c0f-87a4-bd1bfeb86722@group-98E3FAD48EE3->5fe831c6-d7d2-49de-98c2-18dc53ff8363: nextIndex: updateUnconditionally 0 -> 0
2019-10-08 21:58:45,491 [grpc-default-executor-3] INFO  impl.FollowerInfo (FollowerInfo.java:lambda$new$0(51)) - 12a1f04c-09b4-4c0f-87a4-bd1bfeb86722@group-98E3FAD48EE3->9241910e-7215-4b10-8981-67058d2a4474: nextIndex: updateUnconditionally 0 -> 0
2019-10-08 21:58:46,717 [grpc-default-executor-8] WARN  server.GrpcLogAppender (LogUtils.java:warn(134)) - 6f427bc6-6379-4232-9c9d-b34be0db073c@group-67C6FC6BB742->5d9d4753-5868-46ae-88db-59d46778e9c7-AppendLogResponseHandler: Failed appendEntries: org.apache.ratis.thirdparty.io.grpc.StatusRuntimeException: UNAVAILABLE: io exception
2019-10-08 21:58:46,718 [grpc-default-executor-8] INFO  impl.FollowerInfo (FollowerInfo.java:lambda$new$0(51)) - 6f427bc6-6379-4232-9c9d-b34be0db073c@group-67C6FC6BB742->5d9d4753-5868-46ae-88db-59d46778e9c7: nextIndex: updateUnconditionally 2 -> 1
2019-10-08 21:58:47,382 [main] WARN  scm.XceiverClientRatis (XceiverClientRatis.java:watchForCommit(269)) - 3 way commit failed on pipeline Pipeline[ Id: 9cc85d93-ddda-4153-9672-67c6fc6bb742, Nodes: 5d9d4753-5868-46ae-88db-59d46778e9c7{ip: 192.168.151.107, host: pr-hdds-2217-2kdk4-3258704453, networkLocation: /default-rack, certSerialId: null}447b4921-8c2d-43b9-b073-18b4d5d7c4f6{ip: 192.168.151.107, host: pr-hdds-2217-2kdk4-3258704453, networkLocation: /default-rack, certSerialId: null}6f427bc6-6379-4232-9c9d-b34be0db073c{ip: 192.168.151.107, host: pr-hdds-2217-2kdk4-3258704453, networkLocation: /default-rack, certSerialId: null}, Type:RATIS, Factor:THREE, State:OPEN]
java.util.concurrent.TimeoutException
	at java.util.concurrent.CompletableFuture.timedGet(CompletableFuture.java:1771)
	at java.util.concurrent.CompletableFuture.get(CompletableFuture.java:1915)
	at org.apache.hadoop.hdds.scm.XceiverClientRatis.watchForCommit(XceiverClientRatis.java:266)
	at org.apache.hadoop.ozone.client.rpc.TestWatchForCommit.test2WayCommitForTimeoutException(TestWatchForCommit.java:391)
	at sun.reflect.NativeMethodAccessorImpl.invoke0(Native Method)
	at sun.reflect.NativeMethodAccessorImpl.invoke(NativeMethodAccessorImpl.java:62)
	at sun.reflect.DelegatingMethodAccessorImpl.invoke(DelegatingMethodAccessorImpl.java:43)
	at java.lang.reflect.Method.invoke(Method.java:498)
	at org.junit.runners.model.FrameworkMethod$1.runReflectiveCall(FrameworkMethod.java:47)
	at org.junit.internal.runners.model.ReflectiveCallable.run(ReflectiveCallable.java:12)
	at org.junit.runners.model.FrameworkMethod.invokeExplosively(FrameworkMethod.java:44)
	at org.junit.internal.runners.statements.InvokeMethod.evaluate(InvokeMethod.java:17)
	at org.junit.runners.ParentRunner.runLeaf(ParentRunner.java:271)
	at org.junit.runners.BlockJUnit4ClassRunner.runChild(BlockJUnit4ClassRunner.java:70)
	at org.junit.runners.BlockJUnit4ClassRunner.runChild(BlockJUnit4ClassRunner.java:50)
	at org.junit.runners.ParentRunner$3.run(ParentRunner.java:238)
	at org.junit.runners.ParentRunner$1.schedule(ParentRunner.java:63)
	at org.junit.runners.ParentRunner.runChildren(ParentRunner.java:236)
	at org.junit.runners.ParentRunner.access$000(ParentRunner.java:53)
	at org.junit.runners.ParentRunner$2.evaluate(ParentRunner.java:229)
	at org.junit.runners.ParentRunner.run(ParentRunner.java:309)
	at org.apache.maven.surefire.junit4.JUnit4Provider.execute(JUnit4Provider.java:365)
	at org.apache.maven.surefire.junit4.JUnit4Provider.executeWithRerun(JUnit4Provider.java:273)
	at org.apache.maven.surefire.junit4.JUnit4Provider.executeTestSet(JUnit4Provider.java:238)
	at org.apache.maven.surefire.junit4.JUnit4Provider.invoke(JUnit4Provider.java:159)
	at org.apache.maven.surefire.booter.ForkedBooter.invokeProviderInSameClassLoader(ForkedBooter.java:384)
	at org.apache.maven.surefire.booter.ForkedBooter.runSuitesInProcess(ForkedBooter.java:345)
	at org.apache.maven.surefire.booter.ForkedBooter.execute(ForkedBooter.java:126)
	at org.apache.maven.surefire.booter.ForkedBooter.main(ForkedBooter.java:418)
2019-10-08 21:58:47,412 [Thread-2482] INFO  client.GrpcClientProtocolService (GrpcClientProtocolService.java:lambda$processClientRequest$0(278)) - Failed RaftClientRequest:client-9CA59650238C->447b4921-8c2d-43b9-b073-18b4d5d7c4f6@group-67C6FC6BB742, cid=105, seq=0, Watch-MAJORITY_COMMITTED(3), Message:<EMPTY>, reply=RaftClientReply:client-9CA59650238C->447b4921-8c2d-43b9-b073-18b4d5d7c4f6@group-67C6FC6BB742, cid=105, FAILED org.apache.ratis.protocol.NotLeaderException: Server 447b4921-8c2d-43b9-b073-18b4d5d7c4f6@group-67C6FC6BB742 is not the leader 6f427bc6-6379-4232-9c9d-b34be0db073c:192.168.151.107:33953, logIndex=0, commits[447b4921-8c2d-43b9-b073-18b4d5d7c4f6:c4, 5d9d4753-5868-46ae-88db-59d46778e9c7:c2, 6f427bc6-6379-4232-9c9d-b34be0db073c:c4]
2019-10-08 21:58:47,991 [grpc-default-executor-3] WARN  server.GrpcLogAppender (LogUtils.java:warn(134)) - 12a1f04c-09b4-4c0f-87a4-bd1bfeb86722@group-98E3FAD48EE3->5fe831c6-d7d2-49de-98c2-18dc53ff8363-AppendLogResponseHandler: Failed appendEntries: org.apache.ratis.thirdparty.io.grpc.StatusRuntimeException: UNAVAILABLE: io exception
2019-10-08 21:58:47,991 [grpc-default-executor-2] WARN  server.GrpcLogAppender (LogUtils.java:warn(134)) - 12a1f04c-09b4-4c0f-87a4-bd1bfeb86722@group-98E3FAD48EE3->9241910e-7215-4b10-8981-67058d2a4474-AppendLogResponseHandler: Failed appendEntries: org.apache.ratis.thirdparty.io.grpc.StatusRuntimeException: UNAVAILABLE: io exception
2019-10-08 21:58:47,991 [grpc-default-executor-3] INFO  impl.FollowerInfo (FollowerInfo.java:lambda$new$0(51)) - 12a1f04c-09b4-4c0f-87a4-bd1bfeb86722@group-98E3FAD48EE3->5fe831c6-d7d2-49de-98c2-18dc53ff8363: nextIndex: updateUnconditionally 0 -> 0
2019-10-08 21:58:47,991 [grpc-default-executor-2] INFO  impl.FollowerInfo (FollowerInfo.java:lambda$new$0(51)) - 12a1f04c-09b4-4c0f-87a4-bd1bfeb86722@group-98E3FAD48EE3->9241910e-7215-4b10-8981-67058d2a4474: nextIndex: updateUnconditionally 0 -> 0
2019-10-08 21:58:49,218 [grpc-default-executor-8] WARN  server.GrpcLogAppender (LogUtils.java:warn(134)) - 6f427bc6-6379-4232-9c9d-b34be0db073c@group-67C6FC6BB742->5d9d4753-5868-46ae-88db-59d46778e9c7-AppendLogResponseHandler: Failed appendEntries: org.apache.ratis.thirdparty.io.grpc.StatusRuntimeException: UNAVAILABLE: io exception
2019-10-08 21:58:49,219 [grpc-default-executor-8] INFO  impl.FollowerInfo (FollowerInfo.java:lambda$new$0(51)) - 6f427bc6-6379-4232-9c9d-b34be0db073c@group-67C6FC6BB742->5d9d4753-5868-46ae-88db-59d46778e9c7: nextIndex: updateUnconditionally 1 -> 0
]]></system-out>
    <system-err><![CDATA[Oct 08, 2019 9:58:44 PM org.apache.ratis.thirdparty.io.grpc.internal.SerializingExecutor run
SEVERE: Exception while executing runnable org.apache.ratis.thirdparty.io.grpc.internal.ServerImpl$JumpToApplicationThreadServerStreamListener$1Closed@6dcf33ab
org.apache.ratis.thirdparty.io.grpc.StatusRuntimeException: CANCELLED: call already cancelled
	at org.apache.ratis.thirdparty.io.grpc.Status.asRuntimeException(Status.java:517)
	at org.apache.ratis.thirdparty.io.grpc.stub.ServerCalls$ServerCallStreamObserverImpl.onCompleted(ServerCalls.java:356)
	at org.apache.ratis.grpc.server.GrpcServerProtocolService$ServerRequestStreamObserver.onError(GrpcServerProtocolService.java:121)
	at org.apache.ratis.thirdparty.io.grpc.stub.ServerCalls$StreamingServerCallHandler$StreamingServerCallListener.onCancel(ServerCalls.java:269)
	at org.apache.ratis.thirdparty.io.grpc.internal.ServerCallImpl$ServerStreamListenerImpl.closed(ServerCallImpl.java:293)
	at org.apache.ratis.thirdparty.io.grpc.internal.ServerImpl$JumpToApplicationThreadServerStreamListener$1Closed.runInContext(ServerImpl.java:741)
	at org.apache.ratis.thirdparty.io.grpc.internal.ContextRunnable.run(ContextRunnable.java:37)
	at org.apache.ratis.thirdparty.io.grpc.internal.SerializingExecutor.run(SerializingExecutor.java:123)
	at java.util.concurrent.ThreadPoolExecutor.runWorker(ThreadPoolExecutor.java:1149)
	at java.util.concurrent.ThreadPoolExecutor$Worker.run(ThreadPoolExecutor.java:624)
	at java.lang.Thread.run(Thread.java:748)

]]></system-err>
  </testcase>
</testsuite>