<?xml version="1.0" encoding="UTF-8"?>
<testsuite xmlns:xsi="http://www.w3.org/2001/XMLSchema-instance" xsi:noNamespaceSchemaLocation="https://maven.apache.org/surefire/maven-surefire-plugin/xsd/surefire-test-report.xsd" name="org.apache.hadoop.ozone.client.rpc.TestBlockOutputStreamWithFailures" time="740.438" tests="8" errors="0" skipped="0" failures="2">
  <properties>
    <property name="awt.toolkit" value="sun.awt.X11.XToolkit"/>
    <property name="file.encoding.pkg" value="sun.io"/>
    <property name="java.specification.version" value="1.8"/>
    <property name="sun.cpu.isalist" value=""/>
    <property name="sun.jnu.encoding" value="UTF-8"/>
    <property name="java.class.path" value="/workdir/hadoop-ozone/integration-test/target/test-classes:/workdir/hadoop-ozone/integration-test/target/classes:/home/user/.m2/repository/org/apache/hadoop/hadoop-ozone-common/0.5.0-SNAPSHOT/hadoop-ozone-common-0.5.0-SNAPSHOT.jar:/home/user/.m2/repository/org/apache/commons/commons-compress/1.4.1/commons-compress-1.4.1.jar:/home/user/.m2/repository/org/tukaani/xz/1.0/xz-1.0.jar:/home/user/.m2/repository/org/apache/hadoop/hadoop-common/3.2.0/hadoop-common-3.2.0.jar:/home/user/.m2/repository/org/apache/hadoop/hadoop-hdfs/3.2.0/hadoop-hdfs-3.2.0.jar:/home/user/.m2/repository/org/apache/hadoop/hadoop-hdfs-client/3.2.0/hadoop-hdfs-client-3.2.0.jar:/home/user/.m2/repository/com/fasterxml/jackson/core/jackson-annotations/2.9.9/jackson-annotations-2.9.9.jar:/home/user/.m2/repository/org/apache/hadoop/hadoop-hdds-common/0.5.0-SNAPSHOT/hadoop-hdds-common-0.5.0-SNAPSHOT.jar:/home/user/.m2/repository/javax/annotation/javax.annotation-api/1.2/javax.annotation-api-1.2.jar:/home/user/.m2/repository/org/apache/ratis/ratis-server/0.5.0-201fc85-SNAPSHOT/ratis-server-0.5.0-201fc85-SNAPSHOT.jar:/home/user/.m2/repository/org/apache/ratis/ratis-thirdparty-misc/0.2.0/ratis-thirdparty-misc-0.2.0.jar:/home/user/.m2/repository/org/apache/ratis/ratis-proto/0.5.0-201fc85-SNAPSHOT/ratis-proto-0.5.0-201fc85-SNAPSHOT.jar:/home/user/.m2/repository/org/apache/ratis/ratis-common/0.5.0-201fc85-SNAPSHOT/ratis-common-0.5.0-201fc85-SNAPSHOT.jar:/home/user/.m2/repository/org/apache/ratis/ratis-client/0.5.0-201fc85-SNAPSHOT/ratis-client-0.5.0-201fc85-SNAPSHOT.jar:/home/user/.m2/repository/org/apache/ratis/ratis-metrics/0.5.0-201fc85-SNAPSHOT/ratis-metrics-0.5.0-201fc85-SNAPSHOT.jar:/home/user/.m2/repository/com/github/joshelser/dropwizard-metrics-hadoop-metrics2-reporter/0.1.2/dropwizard-metrics-hadoop-metrics2-reporter-0.1.2.jar:/home/user/.m2/repository/io/dropwizard/metrics/metrics-jvm/3.2.5/metrics-jvm-3.2.5.jar:/home/user/.m2/repository/io/dropwizard/metrics/metrics-ganglia/3.2.5/metrics-ganglia-3.2.5.jar:/home/user/.m2/repository/info/ganglia/gmetric4j/gmetric4j/1.0.7/gmetric4j-1.0.7.jar:/home/user/.m2/repository/org/apache/ratis/ratis-netty/0.5.0-201fc85-SNAPSHOT/ratis-netty-0.5.0-201fc85-SNAPSHOT.jar:/home/user/.m2/repository/org/apache/ratis/ratis-grpc/0.5.0-201fc85-SNAPSHOT/ratis-grpc-0.5.0-201fc85-SNAPSHOT.jar:/home/user/.m2/repository/org/rocksdb/rocksdbjni/6.0.1/rocksdbjni-6.0.1.jar:/home/user/.m2/repository/org/apache/logging/log4j/log4j-api/2.11.0/log4j-api-2.11.0.jar:/home/user/.m2/repository/org/apache/logging/log4j/log4j-core/2.11.0/log4j-core-2.11.0.jar:/home/user/.m2/repository/com/lmax/disruptor/3.4.2/disruptor-3.4.2.jar:/home/user/.m2/repository/org/apache/commons/commons-pool2/2.6.0/commons-pool2-2.6.0.jar:/home/user/.m2/repository/org/bouncycastle/bcpkix-jdk15on/1.60/bcpkix-jdk15on-1.60.jar:/home/user/.m2/repository/commons-validator/commons-validator/1.6/commons-validator-1.6.jar:/home/user/.m2/repository/commons-digester/commons-digester/1.8.1/commons-digester-1.8.1.jar:/home/user/.m2/repository/io/jaegertracing/jaeger-client/0.34.0/jaeger-client-0.34.0.jar:/home/user/.m2/repository/io/jaegertracing/jaeger-thrift/0.34.0/jaeger-thrift-0.34.0.jar:/home/user/.m2/repository/org/apache/thrift/libthrift/0.12.0/libthrift-0.12.0.jar:/home/user/.m2/repository/com/squareup/okhttp3/okhttp/3.9.0/okhttp-3.9.0.jar:/home/user/.m2/repository/com/squareup/okio/okio/1.13.0/okio-1.13.0.jar:/home/user/.m2/repository/io/jaegertracing/jaeger-core/0.34.0/jaeger-core-0.34.0.jar:/home/user/.m2/repository/io/jaegertracing/jaeger-tracerresolver/0.34.0/jaeger-tracerresolver-0.34.0.jar:/home/user/.m2/repository/io/opentracing/contrib/opentracing-tracerresolver/0.1.5/opentracing-tracerresolver-0.1.5.jar:/home/user/.m2/repository/io/opentracing/opentracing-util/0.31.0/opentracing-util-0.31.0.jar:/home/user/.m2/repository/io/opentracing/opentracing-api/0.31.0/opentracing-api-0.31.0.jar:/home/user/.m2/repository/io/opentracing/opentracing-noop/0.31.0/opentracing-noop-0.31.0.jar:/home/user/.m2/repository/org/apache/hadoop/hadoop-hdds-server-framework/0.5.0-SNAPSHOT/hadoop-hdds-server-framework-0.5.0-SNAPSHOT.jar:/home/user/.m2/repository/org/apache/hadoop/hadoop-hdds-container-service/0.5.0-SNAPSHOT/hadoop-hdds-container-service-0.5.0-SNAPSHOT.jar:/home/user/.m2/repository/org/apache/hadoop/hadoop-hdds-client/0.5.0-SNAPSHOT/hadoop-hdds-client-0.5.0-SNAPSHOT.jar:/home/user/.m2/repository/org/apache/hadoop/hadoop-hdds-tools/0.5.0-SNAPSHOT/hadoop-hdds-tools-0.5.0-SNAPSHOT.jar:/home/user/.m2/repository/org/apache/hadoop/hadoop-hdds-server-scm/0.5.0-SNAPSHOT/hadoop-hdds-server-scm-0.5.0-SNAPSHOT.jar:/home/user/.m2/repository/org/apache/hadoop/hadoop-hdds-docs/0.5.0-SNAPSHOT/hadoop-hdds-docs-0.5.0-SNAPSHOT.jar:/home/user/.m2/repository/io/dropwizard/metrics/metrics-core/3.2.4/metrics-core-3.2.4.jar:/home/user/.m2/repository/org/hamcrest/hamcrest-all/1.3/hamcrest-all-1.3.jar:/home/user/.m2/repository/org/bouncycastle/bcprov-jdk15on/1.60/bcprov-jdk15on-1.60.jar:/home/user/.m2/repository/info/picocli/picocli/3.9.6/picocli-3.9.6.jar:/home/user/.m2/repository/com/google/protobuf/protobuf-java/2.5.0/protobuf-java-2.5.0.jar:/home/user/.m2/repository/com/google/guava/guava/11.0.2/guava-11.0.2.jar:/home/user/.m2/repository/org/apache/hadoop/hadoop-ozone-ozone-manager/0.5.0-SNAPSHOT/hadoop-ozone-ozone-manager-0.5.0-SNAPSHOT.jar:/home/user/.m2/repository/org/apache/hadoop/hadoop-minikdc/3.2.0/hadoop-minikdc-3.2.0.jar:/home/user/.m2/repository/commons-io/commons-io/2.5/commons-io-2.5.jar:/home/user/.m2/repository/org/apache/kerby/kerb-simplekdc/1.0.1/kerb-simplekdc-1.0.1.jar:/home/user/.m2/repository/org/apache/kerby/kerb-client/1.0.1/kerb-client-1.0.1.jar:/home/user/.m2/repository/org/apache/kerby/kerby-config/1.0.1/kerby-config-1.0.1.jar:/home/user/.m2/repository/org/apache/kerby/kerb-core/1.0.1/kerb-core-1.0.1.jar:/home/user/.m2/repository/org/apache/kerby/kerby-pkix/1.0.1/kerby-pkix-1.0.1.jar:/home/user/.m2/repository/org/apache/kerby/kerby-asn1/1.0.1/kerby-asn1-1.0.1.jar:/home/user/.m2/repository/org/apache/kerby/kerby-util/1.0.1/kerby-util-1.0.1.jar:/home/user/.m2/repository/org/apache/kerby/kerb-common/1.0.1/kerb-common-1.0.1.jar:/home/user/.m2/repository/org/apache/kerby/kerb-crypto/1.0.1/kerb-crypto-1.0.1.jar:/home/user/.m2/repository/org/apache/kerby/kerb-util/1.0.1/kerb-util-1.0.1.jar:/home/user/.m2/repository/org/apache/kerby/token-provider/1.0.1/token-provider-1.0.1.jar:/home/user/.m2/repository/org/apache/kerby/kerb-admin/1.0.1/kerb-admin-1.0.1.jar:/home/user/.m2/repository/org/apache/kerby/kerb-server/1.0.1/kerb-server-1.0.1.jar:/home/user/.m2/repository/org/apache/kerby/kerb-identity/1.0.1/kerb-identity-1.0.1.jar:/home/user/.m2/repository/org/apache/kerby/kerby-xdr/1.0.1/kerby-xdr-1.0.1.jar:/home/user/.m2/repository/org/slf4j/slf4j-log4j12/1.7.25/slf4j-log4j12-1.7.25.jar:/home/user/.m2/repository/org/apache/hadoop/hadoop-ozone-s3gateway/0.5.0-SNAPSHOT/hadoop-ozone-s3gateway-0.5.0-SNAPSHOT.jar:/home/user/.m2/repository/org/jboss/weld/servlet/weld-servlet/2.4.7.Final/weld-servlet-2.4.7.Final.jar:/home/user/.m2/repository/org/glassfish/jersey/containers/jersey-container-servlet-core/2.27/jersey-container-servlet-core-2.27.jar:/home/user/.m2/repository/org/glassfish/hk2/external/javax.inject/2.5.0-b42/javax.inject-2.5.0-b42.jar:/home/user/.m2/repository/org/glassfish/jersey/core/jersey-common/2.27/jersey-common-2.27.jar:/home/user/.m2/repository/org/glassfish/hk2/osgi-resource-locator/1.0.1/osgi-resource-locator-1.0.1.jar:/home/user/.m2/repository/javax/ws/rs/javax.ws.rs-api/2.1/javax.ws.rs-api-2.1.jar:/home/user/.m2/repository/org/glassfish/jersey/ext/cdi/jersey-cdi1x/2.27/jersey-cdi1x-2.27.jar:/home/user/.m2/repository/org/glassfish/jersey/inject/jersey-hk2/2.27/jersey-hk2-2.27.jar:/home/user/.m2/repository/org/glassfish/hk2/hk2-locator/2.5.0-b42/hk2-locator-2.5.0-b42.jar:/home/user/.m2/repository/org/javassist/javassist/3.22.0-CR2/javassist-3.22.0-CR2.jar:/home/user/.m2/repository/org/glassfish/hk2/hk2-api/2.5.0/hk2-api-2.5.0.jar:/home/user/.m2/repository/org/glassfish/hk2/external/jakarta.inject/2.5.0/jakarta.inject-2.5.0.jar:/home/user/.m2/repository/org/glassfish/hk2/hk2-utils/2.5.0/hk2-utils-2.5.0.jar:/home/user/.m2/repository/jakarta/annotation/jakarta.annotation-api/1.3.4/jakarta.annotation-api-1.3.4.jar:/home/user/.m2/repository/org/glassfish/hk2/external/aopalliance-repackaged/2.5.0/aopalliance-repackaged-2.5.0.jar:/home/user/.m2/repository/com/fasterxml/jackson/dataformat/jackson-dataformat-xml/2.9.0/jackson-dataformat-xml-2.9.0.jar:/home/user/.m2/repository/com/fasterxml/jackson/core/jackson-core/2.9.9/jackson-core-2.9.9.jar:/home/user/.m2/repository/com/fasterxml/jackson/module/jackson-module-jaxb-annotations/2.9.9/jackson-module-jaxb-annotations-2.9.9.jar:/home/user/.m2/repository/javax/enterprise/cdi-api/1.2/cdi-api-1.2.jar:/home/user/.m2/repository/javax/el/javax.el-api/3.0.0/javax.el-api-3.0.0.jar:/home/user/.m2/repository/javax/interceptor/javax.interceptor-api/1.2/javax.interceptor-api-1.2.jar:/home/user/.m2/repository/javax/inject/javax.inject/1/javax.inject-1.jar:/home/user/.m2/repository/com/sun/xml/bind/jaxb-impl/2.3.0.1/jaxb-impl-2.3.0.1.jar:/home/user/.m2/repository/com/sun/xml/bind/jaxb-core/2.3.0.1/jaxb-core-2.3.0.1.jar:/home/user/.m2/repository/javax/xml/bind/jaxb-api/2.3.0/jaxb-api-2.3.0.jar:/home/user/.m2/repository/javax/activation/activation/1.1.1/activation-1.1.1.jar:/home/user/.m2/repository/org/apache/hadoop/hadoop-ozone-csi/0.5.0-SNAPSHOT/hadoop-ozone-csi-0.5.0-SNAPSHOT.jar:/home/user/.m2/repository/com/google/protobuf/protobuf-java-util/3.5.1/protobuf-java-util-3.5.1.jar:/home/user/.m2/repository/org/apache/hadoop/hadoop-hdds-config/0.5.0-SNAPSHOT/hadoop-hdds-config-0.5.0-SNAPSHOT.jar:/home/user/.m2/repository/io/grpc/grpc-netty/1.17.1/grpc-netty-1.17.1.jar:/home/user/.m2/repository/io/grpc/grpc-core/1.17.1/grpc-core-1.17.1.jar:/home/user/.m2/repository/io/grpc/grpc-context/1.17.1/grpc-context-1.17.1.jar:/home/user/.m2/repository/com/google/errorprone/error_prone_annotations/2.2.0/error_prone_annotations-2.2.0.jar:/home/user/.m2/repository/org/codehaus/mojo/animal-sniffer-annotations/1.17/animal-sniffer-annotations-1.17.jar:/home/user/.m2/repository/io/opencensus/opencensus-api/0.17.0/opencensus-api-0.17.0.jar:/home/user/.m2/repository/io/opencensus/opencensus-contrib-grpc-metrics/0.17.0/opencensus-contrib-grpc-metrics-0.17.0.jar:/home/user/.m2/repository/io/netty/netty-codec-http2/4.1.30.Final/netty-codec-http2-4.1.30.Final.jar:/home/user/.m2/repository/io/netty/netty-codec-http/4.1.30.Final/netty-codec-http-4.1.30.Final.jar:/home/user/.m2/repository/io/netty/netty-codec/4.1.30.Final/netty-codec-4.1.30.Final.jar:/home/user/.m2/repository/io/netty/netty-handler/4.1.30.Final/netty-handler-4.1.30.Final.jar:/home/user/.m2/repository/io/netty/netty-handler-proxy/4.1.30.Final/netty-handler-proxy-4.1.30.Final.jar:/home/user/.m2/repository/io/netty/netty-codec-socks/4.1.30.Final/netty-codec-socks-4.1.30.Final.jar:/home/user/.m2/repository/io/netty/netty-transport-native-epoll/4.1.30.Final/netty-transport-native-epoll-4.1.30.Final.jar:/home/user/.m2/repository/io/netty/netty-common/4.1.30.Final/netty-common-4.1.30.Final.jar:/home/user/.m2/repository/io/netty/netty-buffer/4.1.30.Final/netty-buffer-4.1.30.Final.jar:/home/user/.m2/repository/io/netty/netty-transport/4.1.30.Final/netty-transport-4.1.30.Final.jar:/home/user/.m2/repository/io/netty/netty-resolver/4.1.30.Final/netty-resolver-4.1.30.Final.jar:/home/user/.m2/repository/io/netty/netty-transport-native-unix-common/4.1.30.Final/netty-transport-native-unix-common-4.1.30.Final.jar:/home/user/.m2/repository/io/grpc/grpc-protobuf/1.17.1/grpc-protobuf-1.17.1.jar:/home/user/.m2/repository/com/google/api/grpc/proto-google-common-protos/1.0.0/proto-google-common-protos-1.0.0.jar:/home/user/.m2/repository/io/grpc/grpc-protobuf-lite/1.17.1/grpc-protobuf-lite-1.17.1.jar:/home/user/.m2/repository/io/grpc/grpc-stub/1.17.1/grpc-stub-1.17.1.jar:/home/user/.m2/repository/org/apache/hadoop/hadoop-ozone-recon/0.5.0-SNAPSHOT/hadoop-ozone-recon-0.5.0-SNAPSHOT.jar:/home/user/.m2/repository/org/apache/hadoop/hadoop-ozone-reconcodegen/0.5.0-SNAPSHOT/hadoop-ozone-reconcodegen-0.5.0-SNAPSHOT.jar:/home/user/.m2/repository/com/google/inject/extensions/guice-multibindings/4.0/guice-multibindings-4.0.jar:/home/user/.m2/repository/com/google/inject/guice/4.0/guice-4.0.jar:/home/user/.m2/repository/aopalliance/aopalliance/1.0/aopalliance-1.0.jar:/home/user/.m2/repository/com/google/inject/extensions/guice-servlet/4.0/guice-servlet-4.0.jar:/home/user/.m2/repository/org/glassfish/jersey/containers/jersey-container-servlet/2.27/jersey-container-servlet-2.27.jar:/home/user/.m2/repository/org/glassfish/hk2/guice-bridge/2.5.0/guice-bridge-2.5.0.jar:/home/user/.m2/repository/org/glassfish/jersey/core/jersey-server/2.27/jersey-server-2.27.jar:/home/user/.m2/repository/org/glassfish/jersey/core/jersey-client/2.27/jersey-client-2.27.jar:/home/user/.m2/repository/org/glassfish/jersey/media/jersey-media-jaxb/2.27/jersey-media-jaxb-2.27.jar:/home/user/.m2/repository/javax/validation/validation-api/1.1.0.Final/validation-api-1.1.0.Final.jar:/home/user/.m2/repository/org/glassfish/jersey/media/jersey-media-json-jackson/2.27/jersey-media-json-jackson-2.27.jar:/home/user/.m2/repository/org/glassfish/jersey/ext/jersey-entity-filtering/2.27/jersey-entity-filtering-2.27.jar:/home/user/.m2/repository/com/google/inject/extensions/guice-assistedinject/4.0/guice-assistedinject-4.0.jar:/home/user/.m2/repository/org/jooq/jooq/3.11.10/jooq-3.11.10.jar:/home/user/.m2/repository/org/jooq/jooq-meta/3.11.10/jooq-meta-3.11.10.jar:/home/user/.m2/repository/org/jooq/jooq-codegen/3.11.10/jooq-codegen-3.11.10.jar:/home/user/.m2/repository/com/jolbox/bonecp/0.8.0.RELEASE/bonecp-0.8.0.RELEASE.jar:/home/user/.m2/repository/org/xerial/sqlite-jdbc/3.25.2/sqlite-jdbc-3.25.2.jar:/home/user/.m2/repository/org/springframework/spring-jdbc/5.1.3.RELEASE/spring-jdbc-5.1.3.RELEASE.jar:/home/user/.m2/repository/org/springframework/spring-beans/5.1.3.RELEASE/spring-beans-5.1.3.RELEASE.jar:/home/user/.m2/repository/org/springframework/spring-core/5.1.3.RELEASE/spring-core-5.1.3.RELEASE.jar:/home/user/.m2/repository/org/springframework/spring-jcl/5.1.3.RELEASE/spring-jcl-5.1.3.RELEASE.jar:/home/user/.m2/repository/org/springframework/spring-tx/5.1.3.RELEASE/spring-tx-5.1.3.RELEASE.jar:/home/user/.m2/repository/org/apache/hadoop/hadoop-ozone-client/0.5.0-SNAPSHOT/hadoop-ozone-client-0.5.0-SNAPSHOT.jar:/home/user/.m2/repository/commons-lang/commons-lang/2.6/commons-lang-2.6.jar:/home/user/.m2/repository/org/apache/hadoop/hadoop-ozone-ozone-manager/0.5.0-SNAPSHOT/hadoop-ozone-ozone-manager-0.5.0-SNAPSHOT-tests.jar:/home/user/.m2/repository/junit/junit/4.11/junit-4.11.jar:/home/user/.m2/repository/org/hamcrest/hamcrest-core/1.3/hamcrest-core-1.3.jar:/home/user/.m2/repository/org/openjdk/jmh/jmh-core/1.19/jmh-core-1.19.jar:/home/user/.m2/repository/net/sf/jopt-simple/jopt-simple/4.6/jopt-simple-4.6.jar:/home/user/.m2/repository/org/apache/commons/commons-math3/3.1.1/commons-math3-3.1.1.jar:/home/user/.m2/repository/org/openjdk/jmh/jmh-generator-annprocess/1.19/jmh-generator-annprocess-1.19.jar:/home/user/.m2/repository/org/mockito/mockito-all/1.8.5/mockito-all-1.8.5.jar:/home/user/.m2/repository/org/apache/hadoop/hadoop-kms/3.2.0/hadoop-kms-3.2.0.jar:/home/user/.m2/repository/org/apache/hadoop/hadoop-auth/3.2.0/hadoop-auth-3.2.0.jar:/home/user/.m2/repository/com/nimbusds/nimbus-jose-jwt/4.41.1/nimbus-jose-jwt-4.41.1.jar:/home/user/.m2/repository/com/github/stephenc/jcip/jcip-annotations/1.0-1/jcip-annotations-1.0-1.jar:/home/user/.m2/repository/net/minidev/json-smart/2.3/json-smart-2.3.jar:/home/user/.m2/repository/net/minidev/accessors-smart/1.2/accessors-smart-1.2.jar:/home/user/.m2/repository/org/ow2/asm/asm/5.0.4/asm-5.0.4.jar:/home/user/.m2/repository/org/apache/curator/curator-framework/2.12.0/curator-framework-2.12.0.jar:/home/user/.m2/repository/com/sun/jersey/jersey-core/1.19/jersey-core-1.19.jar:/home/user/.m2/repository/javax/ws/rs/jsr311-api/1.1.1/jsr311-api-1.1.1.jar:/home/user/.m2/repository/com/sun/jersey/jersey-server/1.19/jersey-server-1.19.jar:/home/user/.m2/repository/javax/servlet/javax.servlet-api/3.1.0/javax.servlet-api-3.1.0.jar:/home/user/.m2/repository/org/eclipse/jetty/jetty-server/9.3.25.v20180904/jetty-server-9.3.25.v20180904.jar:/home/user/.m2/repository/org/eclipse/jetty/jetty-http/9.3.25.v20180904/jetty-http-9.3.25.v20180904.jar:/home/user/.m2/repository/org/eclipse/jetty/jetty-io/9.3.25.v20180904/jetty-io-9.3.25.v20180904.jar:/home/user/.m2/repository/org/eclipse/jetty/jetty-webapp/9.3.25.v20180904/jetty-webapp-9.3.25.v20180904.jar:/home/user/.m2/repository/org/eclipse/jetty/jetty-xml/9.3.25.v20180904/jetty-xml-9.3.25.v20180904.jar:/home/user/.m2/repository/log4j/log4j/1.2.17/log4j-1.2.17.jar:/home/user/.m2/repository/org/slf4j/slf4j-api/1.7.25/slf4j-api-1.7.25.jar:/home/user/.m2/repository/org/slf4j/jul-to-slf4j/1.7.25/jul-to-slf4j-1.7.25.jar:/home/user/.m2/repository/org/eclipse/jetty/jetty-util/9.3.25.v20180904/jetty-util-9.3.25.v20180904.jar:/home/user/.m2/repository/com/fasterxml/jackson/core/jackson-databind/2.9.9/jackson-databind-2.9.9.jar:/home/user/.m2/repository/org/apache/hadoop/hadoop-kms/3.2.0/hadoop-kms-3.2.0-tests.jar:/home/user/.m2/repository/org/apache/hadoop/hadoop-hdds-server-scm/0.5.0-SNAPSHOT/hadoop-hdds-server-scm-0.5.0-SNAPSHOT-tests.jar:/home/user/.m2/repository/org/apache/hadoop/hadoop-hdds-container-service/0.5.0-SNAPSHOT/hadoop-hdds-container-service-0.5.0-SNAPSHOT-tests.jar:/home/user/.m2/repository/org/yaml/snakeyaml/1.16/snakeyaml-1.16.jar:/home/user/.m2/repository/org/apache/hadoop/hadoop-common/3.2.0/hadoop-common-3.2.0-tests.jar:/home/user/.m2/repository/org/apache/hadoop/hadoop-annotations/3.2.0/hadoop-annotations-3.2.0.jar:/usr/lib/jvm/java-1.8-openjdk/jre/../lib/tools.jar:/home/user/.m2/repository/commons-cli/commons-cli/1.2/commons-cli-1.2.jar:/home/user/.m2/repository/org/apache/httpcomponents/httpclient/4.5.2/httpclient-4.5.2.jar:/home/user/.m2/repository/org/apache/httpcomponents/httpcore/4.4.4/httpcore-4.4.4.jar:/home/user/.m2/repository/commons-codec/commons-codec/1.11/commons-codec-1.11.jar:/home/user/.m2/repository/commons-net/commons-net/3.6/commons-net-3.6.jar:/home/user/.m2/repository/commons-collections/commons-collections/3.2.2/commons-collections-3.2.2.jar:/home/user/.m2/repository/org/eclipse/jetty/jetty-servlet/9.3.25.v20180904/jetty-servlet-9.3.25.v20180904.jar:/home/user/.m2/repository/org/eclipse/jetty/jetty-security/9.3.25.v20180904/jetty-security-9.3.25.v20180904.jar:/home/user/.m2/repository/javax/servlet/jsp/jsp-api/2.1/jsp-api-2.1.jar:/home/user/.m2/repository/com/sun/jersey/jersey-servlet/1.19/jersey-servlet-1.19.jar:/home/user/.m2/repository/com/sun/jersey/jersey-json/1.19/jersey-json-1.19.jar:/home/user/.m2/repository/org/codehaus/jettison/jettison/1.1/jettison-1.1.jar:/home/user/.m2/repository/org/codehaus/jackson/jackson-core-asl/1.9.13/jackson-core-asl-1.9.13.jar:/home/user/.m2/repository/org/codehaus/jackson/jackson-mapper-asl/1.9.13/jackson-mapper-asl-1.9.13.jar:/home/user/.m2/repository/org/codehaus/jackson/jackson-jaxrs/1.9.13/jackson-jaxrs-1.9.13.jar:/home/user/.m2/repository/org/codehaus/jackson/jackson-xc/1.9.13/jackson-xc-1.9.13.jar:/home/user/.m2/repository/commons-logging/commons-logging/1.1.3/commons-logging-1.1.3.jar:/home/user/.m2/repository/commons-beanutils/commons-beanutils/1.9.4/commons-beanutils-1.9.4.jar:/home/user/.m2/repository/org/apache/commons/commons-configuration2/2.1.1/commons-configuration2-2.1.1.jar:/home/user/.m2/repository/org/apache/commons/commons-lang3/3.7/commons-lang3-3.7.jar:/home/user/.m2/repository/org/apache/commons/commons-text/1.4/commons-text-1.4.jar:/home/user/.m2/repository/org/apache/avro/avro/1.7.7/avro-1.7.7.jar:/home/user/.m2/repository/com/thoughtworks/paranamer/paranamer/2.3/paranamer-2.3.jar:/home/user/.m2/repository/org/xerial/snappy/snappy-java/1.0.5/snappy-java-1.0.5.jar:/home/user/.m2/repository/com/google/re2j/re2j/1.1/re2j-1.1.jar:/home/user/.m2/repository/com/google/code/gson/gson/2.2.4/gson-2.2.4.jar:/home/user/.m2/repository/com/jcraft/jsch/0.1.54/jsch-0.1.54.jar:/home/user/.m2/repository/org/apache/curator/curator-client/2.12.0/curator-client-2.12.0.jar:/home/user/.m2/repository/org/apache/curator/curator-recipes/2.12.0/curator-recipes-2.12.0.jar:/home/user/.m2/repository/com/google/code/findbugs/jsr305/3.0.0/jsr305-3.0.0.jar:/home/user/.m2/repository/org/apache/htrace/htrace-core4/4.1.0-incubating/htrace-core4-4.1.0-incubating.jar:/home/user/.m2/repository/org/apache/zookeeper/zookeeper/3.4.13/zookeeper-3.4.13.jar:/home/user/.m2/repository/jline/jline/0.9.94/jline-0.9.94.jar:/home/user/.m2/repository/org/apache/yetus/audience-annotations/0.5.0/audience-annotations-0.5.0.jar:/home/user/.m2/repository/org/codehaus/woodstox/stax2-api/3.1.4/stax2-api-3.1.4.jar:/home/user/.m2/repository/com/fasterxml/woodstox/woodstox-core/5.0.3/woodstox-core-5.0.3.jar:/home/user/.m2/repository/dnsjava/dnsjava/2.1.7/dnsjava-2.1.7.jar:/home/user/.m2/repository/org/apache/hadoop/hadoop-hdfs/3.2.0/hadoop-hdfs-3.2.0-tests.jar:/home/user/.m2/repository/org/eclipse/jetty/jetty-util-ajax/9.3.25.v20180904/jetty-util-ajax-9.3.25.v20180904.jar:/home/user/.m2/repository/commons-daemon/commons-daemon/1.0.13/commons-daemon-1.0.13.jar:/home/user/.m2/repository/io/netty/netty/3.10.5.Final/netty-3.10.5.Final.jar:/home/user/.m2/repository/io/netty/netty-all/4.0.52.Final/netty-all-4.0.52.Final.jar:/home/user/.m2/repository/org/fusesource/leveldbjni/leveldbjni-all/1.8/leveldbjni-all-1.8.jar:"/>
    <property name="java.vm.vendor" value="IcedTea"/>
    <property name="sun.arch.data.model" value="64"/>
    <property name="test.build.dir" value="/workdir/hadoop-ozone/integration-test/target/test-dir"/>
    <property name="test.cache.data" value=""/>
    <property name="java.vendor.url" value="https://icedtea.classpath.org"/>
    <property name="user.timezone" value=""/>
    <property name="java.vm.specification.version" value="1.8"/>
    <property name="os.name" value="Linux"/>
    <property name="test.build.data" value="/workdir/hadoop-ozone/integration-test/target/test-dir"/>
    <property name="user.country" value="US"/>
    <property name="sun.java.launcher" value="SUN_STANDARD"/>
    <property name="sun.boot.library.path" value="/usr/lib/jvm/java-1.8-openjdk/jre/lib/amd64"/>
    <property name="sun.java.command" value="/workdir/hadoop-ozone/integration-test/target/surefire/surefirebooter7620606939974570579.jar /workdir/hadoop-ozone/integration-test/target/surefire 2019-10-08T20-43-55_116-jvmRun1 surefire7816912393764153470tmp surefire_647163870904884550695tmp"/>
    <property name="test" value="!TestMiniChaosOzoneCluster"/>
    <property name="surefire.test.class.path" value="/workdir/hadoop-ozone/integration-test/target/test-classes:/workdir/hadoop-ozone/integration-test/target/classes:/home/user/.m2/repository/org/apache/hadoop/hadoop-ozone-common/0.5.0-SNAPSHOT/hadoop-ozone-common-0.5.0-SNAPSHOT.jar:/home/user/.m2/repository/org/apache/commons/commons-compress/1.4.1/commons-compress-1.4.1.jar:/home/user/.m2/repository/org/tukaani/xz/1.0/xz-1.0.jar:/home/user/.m2/repository/org/apache/hadoop/hadoop-common/3.2.0/hadoop-common-3.2.0.jar:/home/user/.m2/repository/org/apache/hadoop/hadoop-hdfs/3.2.0/hadoop-hdfs-3.2.0.jar:/home/user/.m2/repository/org/apache/hadoop/hadoop-hdfs-client/3.2.0/hadoop-hdfs-client-3.2.0.jar:/home/user/.m2/repository/com/fasterxml/jackson/core/jackson-annotations/2.9.9/jackson-annotations-2.9.9.jar:/home/user/.m2/repository/org/apache/hadoop/hadoop-hdds-common/0.5.0-SNAPSHOT/hadoop-hdds-common-0.5.0-SNAPSHOT.jar:/home/user/.m2/repository/javax/annotation/javax.annotation-api/1.2/javax.annotation-api-1.2.jar:/home/user/.m2/repository/org/apache/ratis/ratis-server/0.5.0-201fc85-SNAPSHOT/ratis-server-0.5.0-201fc85-SNAPSHOT.jar:/home/user/.m2/repository/org/apache/ratis/ratis-thirdparty-misc/0.2.0/ratis-thirdparty-misc-0.2.0.jar:/home/user/.m2/repository/org/apache/ratis/ratis-proto/0.5.0-201fc85-SNAPSHOT/ratis-proto-0.5.0-201fc85-SNAPSHOT.jar:/home/user/.m2/repository/org/apache/ratis/ratis-common/0.5.0-201fc85-SNAPSHOT/ratis-common-0.5.0-201fc85-SNAPSHOT.jar:/home/user/.m2/repository/org/apache/ratis/ratis-client/0.5.0-201fc85-SNAPSHOT/ratis-client-0.5.0-201fc85-SNAPSHOT.jar:/home/user/.m2/repository/org/apache/ratis/ratis-metrics/0.5.0-201fc85-SNAPSHOT/ratis-metrics-0.5.0-201fc85-SNAPSHOT.jar:/home/user/.m2/repository/com/github/joshelser/dropwizard-metrics-hadoop-metrics2-reporter/0.1.2/dropwizard-metrics-hadoop-metrics2-reporter-0.1.2.jar:/home/user/.m2/repository/io/dropwizard/metrics/metrics-jvm/3.2.5/metrics-jvm-3.2.5.jar:/home/user/.m2/repository/io/dropwizard/metrics/metrics-ganglia/3.2.5/metrics-ganglia-3.2.5.jar:/home/user/.m2/repository/info/ganglia/gmetric4j/gmetric4j/1.0.7/gmetric4j-1.0.7.jar:/home/user/.m2/repository/org/apache/ratis/ratis-netty/0.5.0-201fc85-SNAPSHOT/ratis-netty-0.5.0-201fc85-SNAPSHOT.jar:/home/user/.m2/repository/org/apache/ratis/ratis-grpc/0.5.0-201fc85-SNAPSHOT/ratis-grpc-0.5.0-201fc85-SNAPSHOT.jar:/home/user/.m2/repository/org/rocksdb/rocksdbjni/6.0.1/rocksdbjni-6.0.1.jar:/home/user/.m2/repository/org/apache/logging/log4j/log4j-api/2.11.0/log4j-api-2.11.0.jar:/home/user/.m2/repository/org/apache/logging/log4j/log4j-core/2.11.0/log4j-core-2.11.0.jar:/home/user/.m2/repository/com/lmax/disruptor/3.4.2/disruptor-3.4.2.jar:/home/user/.m2/repository/org/apache/commons/commons-pool2/2.6.0/commons-pool2-2.6.0.jar:/home/user/.m2/repository/org/bouncycastle/bcpkix-jdk15on/1.60/bcpkix-jdk15on-1.60.jar:/home/user/.m2/repository/commons-validator/commons-validator/1.6/commons-validator-1.6.jar:/home/user/.m2/repository/commons-digester/commons-digester/1.8.1/commons-digester-1.8.1.jar:/home/user/.m2/repository/io/jaegertracing/jaeger-client/0.34.0/jaeger-client-0.34.0.jar:/home/user/.m2/repository/io/jaegertracing/jaeger-thrift/0.34.0/jaeger-thrift-0.34.0.jar:/home/user/.m2/repository/org/apache/thrift/libthrift/0.12.0/libthrift-0.12.0.jar:/home/user/.m2/repository/com/squareup/okhttp3/okhttp/3.9.0/okhttp-3.9.0.jar:/home/user/.m2/repository/com/squareup/okio/okio/1.13.0/okio-1.13.0.jar:/home/user/.m2/repository/io/jaegertracing/jaeger-core/0.34.0/jaeger-core-0.34.0.jar:/home/user/.m2/repository/io/jaegertracing/jaeger-tracerresolver/0.34.0/jaeger-tracerresolver-0.34.0.jar:/home/user/.m2/repository/io/opentracing/contrib/opentracing-tracerresolver/0.1.5/opentracing-tracerresolver-0.1.5.jar:/home/user/.m2/repository/io/opentracing/opentracing-util/0.31.0/opentracing-util-0.31.0.jar:/home/user/.m2/repository/io/opentracing/opentracing-api/0.31.0/opentracing-api-0.31.0.jar:/home/user/.m2/repository/io/opentracing/opentracing-noop/0.31.0/opentracing-noop-0.31.0.jar:/home/user/.m2/repository/org/apache/hadoop/hadoop-hdds-server-framework/0.5.0-SNAPSHOT/hadoop-hdds-server-framework-0.5.0-SNAPSHOT.jar:/home/user/.m2/repository/org/apache/hadoop/hadoop-hdds-container-service/0.5.0-SNAPSHOT/hadoop-hdds-container-service-0.5.0-SNAPSHOT.jar:/home/user/.m2/repository/org/apache/hadoop/hadoop-hdds-client/0.5.0-SNAPSHOT/hadoop-hdds-client-0.5.0-SNAPSHOT.jar:/home/user/.m2/repository/org/apache/hadoop/hadoop-hdds-tools/0.5.0-SNAPSHOT/hadoop-hdds-tools-0.5.0-SNAPSHOT.jar:/home/user/.m2/repository/org/apache/hadoop/hadoop-hdds-server-scm/0.5.0-SNAPSHOT/hadoop-hdds-server-scm-0.5.0-SNAPSHOT.jar:/home/user/.m2/repository/org/apache/hadoop/hadoop-hdds-docs/0.5.0-SNAPSHOT/hadoop-hdds-docs-0.5.0-SNAPSHOT.jar:/home/user/.m2/repository/io/dropwizard/metrics/metrics-core/3.2.4/metrics-core-3.2.4.jar:/home/user/.m2/repository/org/hamcrest/hamcrest-all/1.3/hamcrest-all-1.3.jar:/home/user/.m2/repository/org/bouncycastle/bcprov-jdk15on/1.60/bcprov-jdk15on-1.60.jar:/home/user/.m2/repository/info/picocli/picocli/3.9.6/picocli-3.9.6.jar:/home/user/.m2/repository/com/google/protobuf/protobuf-java/2.5.0/protobuf-java-2.5.0.jar:/home/user/.m2/repository/com/google/guava/guava/11.0.2/guava-11.0.2.jar:/home/user/.m2/repository/org/apache/hadoop/hadoop-ozone-ozone-manager/0.5.0-SNAPSHOT/hadoop-ozone-ozone-manager-0.5.0-SNAPSHOT.jar:/home/user/.m2/repository/org/apache/hadoop/hadoop-minikdc/3.2.0/hadoop-minikdc-3.2.0.jar:/home/user/.m2/repository/commons-io/commons-io/2.5/commons-io-2.5.jar:/home/user/.m2/repository/org/apache/kerby/kerb-simplekdc/1.0.1/kerb-simplekdc-1.0.1.jar:/home/user/.m2/repository/org/apache/kerby/kerb-client/1.0.1/kerb-client-1.0.1.jar:/home/user/.m2/repository/org/apache/kerby/kerby-config/1.0.1/kerby-config-1.0.1.jar:/home/user/.m2/repository/org/apache/kerby/kerb-core/1.0.1/kerb-core-1.0.1.jar:/home/user/.m2/repository/org/apache/kerby/kerby-pkix/1.0.1/kerby-pkix-1.0.1.jar:/home/user/.m2/repository/org/apache/kerby/kerby-asn1/1.0.1/kerby-asn1-1.0.1.jar:/home/user/.m2/repository/org/apache/kerby/kerby-util/1.0.1/kerby-util-1.0.1.jar:/home/user/.m2/repository/org/apache/kerby/kerb-common/1.0.1/kerb-common-1.0.1.jar:/home/user/.m2/repository/org/apache/kerby/kerb-crypto/1.0.1/kerb-crypto-1.0.1.jar:/home/user/.m2/repository/org/apache/kerby/kerb-util/1.0.1/kerb-util-1.0.1.jar:/home/user/.m2/repository/org/apache/kerby/token-provider/1.0.1/token-provider-1.0.1.jar:/home/user/.m2/repository/org/apache/kerby/kerb-admin/1.0.1/kerb-admin-1.0.1.jar:/home/user/.m2/repository/org/apache/kerby/kerb-server/1.0.1/kerb-server-1.0.1.jar:/home/user/.m2/repository/org/apache/kerby/kerb-identity/1.0.1/kerb-identity-1.0.1.jar:/home/user/.m2/repository/org/apache/kerby/kerby-xdr/1.0.1/kerby-xdr-1.0.1.jar:/home/user/.m2/repository/org/slf4j/slf4j-log4j12/1.7.25/slf4j-log4j12-1.7.25.jar:/home/user/.m2/repository/org/apache/hadoop/hadoop-ozone-s3gateway/0.5.0-SNAPSHOT/hadoop-ozone-s3gateway-0.5.0-SNAPSHOT.jar:/home/user/.m2/repository/org/jboss/weld/servlet/weld-servlet/2.4.7.Final/weld-servlet-2.4.7.Final.jar:/home/user/.m2/repository/org/glassfish/jersey/containers/jersey-container-servlet-core/2.27/jersey-container-servlet-core-2.27.jar:/home/user/.m2/repository/org/glassfish/hk2/external/javax.inject/2.5.0-b42/javax.inject-2.5.0-b42.jar:/home/user/.m2/repository/org/glassfish/jersey/core/jersey-common/2.27/jersey-common-2.27.jar:/home/user/.m2/repository/org/glassfish/hk2/osgi-resource-locator/1.0.1/osgi-resource-locator-1.0.1.jar:/home/user/.m2/repository/javax/ws/rs/javax.ws.rs-api/2.1/javax.ws.rs-api-2.1.jar:/home/user/.m2/repository/org/glassfish/jersey/ext/cdi/jersey-cdi1x/2.27/jersey-cdi1x-2.27.jar:/home/user/.m2/repository/org/glassfish/jersey/inject/jersey-hk2/2.27/jersey-hk2-2.27.jar:/home/user/.m2/repository/org/glassfish/hk2/hk2-locator/2.5.0-b42/hk2-locator-2.5.0-b42.jar:/home/user/.m2/repository/org/javassist/javassist/3.22.0-CR2/javassist-3.22.0-CR2.jar:/home/user/.m2/repository/org/glassfish/hk2/hk2-api/2.5.0/hk2-api-2.5.0.jar:/home/user/.m2/repository/org/glassfish/hk2/external/jakarta.inject/2.5.0/jakarta.inject-2.5.0.jar:/home/user/.m2/repository/org/glassfish/hk2/hk2-utils/2.5.0/hk2-utils-2.5.0.jar:/home/user/.m2/repository/jakarta/annotation/jakarta.annotation-api/1.3.4/jakarta.annotation-api-1.3.4.jar:/home/user/.m2/repository/org/glassfish/hk2/external/aopalliance-repackaged/2.5.0/aopalliance-repackaged-2.5.0.jar:/home/user/.m2/repository/com/fasterxml/jackson/dataformat/jackson-dataformat-xml/2.9.0/jackson-dataformat-xml-2.9.0.jar:/home/user/.m2/repository/com/fasterxml/jackson/core/jackson-core/2.9.9/jackson-core-2.9.9.jar:/home/user/.m2/repository/com/fasterxml/jackson/module/jackson-module-jaxb-annotations/2.9.9/jackson-module-jaxb-annotations-2.9.9.jar:/home/user/.m2/repository/javax/enterprise/cdi-api/1.2/cdi-api-1.2.jar:/home/user/.m2/repository/javax/el/javax.el-api/3.0.0/javax.el-api-3.0.0.jar:/home/user/.m2/repository/javax/interceptor/javax.interceptor-api/1.2/javax.interceptor-api-1.2.jar:/home/user/.m2/repository/javax/inject/javax.inject/1/javax.inject-1.jar:/home/user/.m2/repository/com/sun/xml/bind/jaxb-impl/2.3.0.1/jaxb-impl-2.3.0.1.jar:/home/user/.m2/repository/com/sun/xml/bind/jaxb-core/2.3.0.1/jaxb-core-2.3.0.1.jar:/home/user/.m2/repository/javax/xml/bind/jaxb-api/2.3.0/jaxb-api-2.3.0.jar:/home/user/.m2/repository/javax/activation/activation/1.1.1/activation-1.1.1.jar:/home/user/.m2/repository/org/apache/hadoop/hadoop-ozone-csi/0.5.0-SNAPSHOT/hadoop-ozone-csi-0.5.0-SNAPSHOT.jar:/home/user/.m2/repository/com/google/protobuf/protobuf-java-util/3.5.1/protobuf-java-util-3.5.1.jar:/home/user/.m2/repository/org/apache/hadoop/hadoop-hdds-config/0.5.0-SNAPSHOT/hadoop-hdds-config-0.5.0-SNAPSHOT.jar:/home/user/.m2/repository/io/grpc/grpc-netty/1.17.1/grpc-netty-1.17.1.jar:/home/user/.m2/repository/io/grpc/grpc-core/1.17.1/grpc-core-1.17.1.jar:/home/user/.m2/repository/io/grpc/grpc-context/1.17.1/grpc-context-1.17.1.jar:/home/user/.m2/repository/com/google/errorprone/error_prone_annotations/2.2.0/error_prone_annotations-2.2.0.jar:/home/user/.m2/repository/org/codehaus/mojo/animal-sniffer-annotations/1.17/animal-sniffer-annotations-1.17.jar:/home/user/.m2/repository/io/opencensus/opencensus-api/0.17.0/opencensus-api-0.17.0.jar:/home/user/.m2/repository/io/opencensus/opencensus-contrib-grpc-metrics/0.17.0/opencensus-contrib-grpc-metrics-0.17.0.jar:/home/user/.m2/repository/io/netty/netty-codec-http2/4.1.30.Final/netty-codec-http2-4.1.30.Final.jar:/home/user/.m2/repository/io/netty/netty-codec-http/4.1.30.Final/netty-codec-http-4.1.30.Final.jar:/home/user/.m2/repository/io/netty/netty-codec/4.1.30.Final/netty-codec-4.1.30.Final.jar:/home/user/.m2/repository/io/netty/netty-handler/4.1.30.Final/netty-handler-4.1.30.Final.jar:/home/user/.m2/repository/io/netty/netty-handler-proxy/4.1.30.Final/netty-handler-proxy-4.1.30.Final.jar:/home/user/.m2/repository/io/netty/netty-codec-socks/4.1.30.Final/netty-codec-socks-4.1.30.Final.jar:/home/user/.m2/repository/io/netty/netty-transport-native-epoll/4.1.30.Final/netty-transport-native-epoll-4.1.30.Final.jar:/home/user/.m2/repository/io/netty/netty-common/4.1.30.Final/netty-common-4.1.30.Final.jar:/home/user/.m2/repository/io/netty/netty-buffer/4.1.30.Final/netty-buffer-4.1.30.Final.jar:/home/user/.m2/repository/io/netty/netty-transport/4.1.30.Final/netty-transport-4.1.30.Final.jar:/home/user/.m2/repository/io/netty/netty-resolver/4.1.30.Final/netty-resolver-4.1.30.Final.jar:/home/user/.m2/repository/io/netty/netty-transport-native-unix-common/4.1.30.Final/netty-transport-native-unix-common-4.1.30.Final.jar:/home/user/.m2/repository/io/grpc/grpc-protobuf/1.17.1/grpc-protobuf-1.17.1.jar:/home/user/.m2/repository/com/google/api/grpc/proto-google-common-protos/1.0.0/proto-google-common-protos-1.0.0.jar:/home/user/.m2/repository/io/grpc/grpc-protobuf-lite/1.17.1/grpc-protobuf-lite-1.17.1.jar:/home/user/.m2/repository/io/grpc/grpc-stub/1.17.1/grpc-stub-1.17.1.jar:/home/user/.m2/repository/org/apache/hadoop/hadoop-ozone-recon/0.5.0-SNAPSHOT/hadoop-ozone-recon-0.5.0-SNAPSHOT.jar:/home/user/.m2/repository/org/apache/hadoop/hadoop-ozone-reconcodegen/0.5.0-SNAPSHOT/hadoop-ozone-reconcodegen-0.5.0-SNAPSHOT.jar:/home/user/.m2/repository/com/google/inject/extensions/guice-multibindings/4.0/guice-multibindings-4.0.jar:/home/user/.m2/repository/com/google/inject/guice/4.0/guice-4.0.jar:/home/user/.m2/repository/aopalliance/aopalliance/1.0/aopalliance-1.0.jar:/home/user/.m2/repository/com/google/inject/extensions/guice-servlet/4.0/guice-servlet-4.0.jar:/home/user/.m2/repository/org/glassfish/jersey/containers/jersey-container-servlet/2.27/jersey-container-servlet-2.27.jar:/home/user/.m2/repository/org/glassfish/hk2/guice-bridge/2.5.0/guice-bridge-2.5.0.jar:/home/user/.m2/repository/org/glassfish/jersey/core/jersey-server/2.27/jersey-server-2.27.jar:/home/user/.m2/repository/org/glassfish/jersey/core/jersey-client/2.27/jersey-client-2.27.jar:/home/user/.m2/repository/org/glassfish/jersey/media/jersey-media-jaxb/2.27/jersey-media-jaxb-2.27.jar:/home/user/.m2/repository/javax/validation/validation-api/1.1.0.Final/validation-api-1.1.0.Final.jar:/home/user/.m2/repository/org/glassfish/jersey/media/jersey-media-json-jackson/2.27/jersey-media-json-jackson-2.27.jar:/home/user/.m2/repository/org/glassfish/jersey/ext/jersey-entity-filtering/2.27/jersey-entity-filtering-2.27.jar:/home/user/.m2/repository/com/google/inject/extensions/guice-assistedinject/4.0/guice-assistedinject-4.0.jar:/home/user/.m2/repository/org/jooq/jooq/3.11.10/jooq-3.11.10.jar:/home/user/.m2/repository/org/jooq/jooq-meta/3.11.10/jooq-meta-3.11.10.jar:/home/user/.m2/repository/org/jooq/jooq-codegen/3.11.10/jooq-codegen-3.11.10.jar:/home/user/.m2/repository/com/jolbox/bonecp/0.8.0.RELEASE/bonecp-0.8.0.RELEASE.jar:/home/user/.m2/repository/org/xerial/sqlite-jdbc/3.25.2/sqlite-jdbc-3.25.2.jar:/home/user/.m2/repository/org/springframework/spring-jdbc/5.1.3.RELEASE/spring-jdbc-5.1.3.RELEASE.jar:/home/user/.m2/repository/org/springframework/spring-beans/5.1.3.RELEASE/spring-beans-5.1.3.RELEASE.jar:/home/user/.m2/repository/org/springframework/spring-core/5.1.3.RELEASE/spring-core-5.1.3.RELEASE.jar:/home/user/.m2/repository/org/springframework/spring-jcl/5.1.3.RELEASE/spring-jcl-5.1.3.RELEASE.jar:/home/user/.m2/repository/org/springframework/spring-tx/5.1.3.RELEASE/spring-tx-5.1.3.RELEASE.jar:/home/user/.m2/repository/org/apache/hadoop/hadoop-ozone-client/0.5.0-SNAPSHOT/hadoop-ozone-client-0.5.0-SNAPSHOT.jar:/home/user/.m2/repository/commons-lang/commons-lang/2.6/commons-lang-2.6.jar:/home/user/.m2/repository/org/apache/hadoop/hadoop-ozone-ozone-manager/0.5.0-SNAPSHOT/hadoop-ozone-ozone-manager-0.5.0-SNAPSHOT-tests.jar:/home/user/.m2/repository/junit/junit/4.11/junit-4.11.jar:/home/user/.m2/repository/org/hamcrest/hamcrest-core/1.3/hamcrest-core-1.3.jar:/home/user/.m2/repository/org/openjdk/jmh/jmh-core/1.19/jmh-core-1.19.jar:/home/user/.m2/repository/net/sf/jopt-simple/jopt-simple/4.6/jopt-simple-4.6.jar:/home/user/.m2/repository/org/apache/commons/commons-math3/3.1.1/commons-math3-3.1.1.jar:/home/user/.m2/repository/org/openjdk/jmh/jmh-generator-annprocess/1.19/jmh-generator-annprocess-1.19.jar:/home/user/.m2/repository/org/mockito/mockito-all/1.8.5/mockito-all-1.8.5.jar:/home/user/.m2/repository/org/apache/hadoop/hadoop-kms/3.2.0/hadoop-kms-3.2.0.jar:/home/user/.m2/repository/org/apache/hadoop/hadoop-auth/3.2.0/hadoop-auth-3.2.0.jar:/home/user/.m2/repository/com/nimbusds/nimbus-jose-jwt/4.41.1/nimbus-jose-jwt-4.41.1.jar:/home/user/.m2/repository/com/github/stephenc/jcip/jcip-annotations/1.0-1/jcip-annotations-1.0-1.jar:/home/user/.m2/repository/net/minidev/json-smart/2.3/json-smart-2.3.jar:/home/user/.m2/repository/net/minidev/accessors-smart/1.2/accessors-smart-1.2.jar:/home/user/.m2/repository/org/ow2/asm/asm/5.0.4/asm-5.0.4.jar:/home/user/.m2/repository/org/apache/curator/curator-framework/2.12.0/curator-framework-2.12.0.jar:/home/user/.m2/repository/com/sun/jersey/jersey-core/1.19/jersey-core-1.19.jar:/home/user/.m2/repository/javax/ws/rs/jsr311-api/1.1.1/jsr311-api-1.1.1.jar:/home/user/.m2/repository/com/sun/jersey/jersey-server/1.19/jersey-server-1.19.jar:/home/user/.m2/repository/javax/servlet/javax.servlet-api/3.1.0/javax.servlet-api-3.1.0.jar:/home/user/.m2/repository/org/eclipse/jetty/jetty-server/9.3.25.v20180904/jetty-server-9.3.25.v20180904.jar:/home/user/.m2/repository/org/eclipse/jetty/jetty-http/9.3.25.v20180904/jetty-http-9.3.25.v20180904.jar:/home/user/.m2/repository/org/eclipse/jetty/jetty-io/9.3.25.v20180904/jetty-io-9.3.25.v20180904.jar:/home/user/.m2/repository/org/eclipse/jetty/jetty-webapp/9.3.25.v20180904/jetty-webapp-9.3.25.v20180904.jar:/home/user/.m2/repository/org/eclipse/jetty/jetty-xml/9.3.25.v20180904/jetty-xml-9.3.25.v20180904.jar:/home/user/.m2/repository/log4j/log4j/1.2.17/log4j-1.2.17.jar:/home/user/.m2/repository/org/slf4j/slf4j-api/1.7.25/slf4j-api-1.7.25.jar:/home/user/.m2/repository/org/slf4j/jul-to-slf4j/1.7.25/jul-to-slf4j-1.7.25.jar:/home/user/.m2/repository/org/eclipse/jetty/jetty-util/9.3.25.v20180904/jetty-util-9.3.25.v20180904.jar:/home/user/.m2/repository/com/fasterxml/jackson/core/jackson-databind/2.9.9/jackson-databind-2.9.9.jar:/home/user/.m2/repository/org/apache/hadoop/hadoop-kms/3.2.0/hadoop-kms-3.2.0-tests.jar:/home/user/.m2/repository/org/apache/hadoop/hadoop-hdds-server-scm/0.5.0-SNAPSHOT/hadoop-hdds-server-scm-0.5.0-SNAPSHOT-tests.jar:/home/user/.m2/repository/org/apache/hadoop/hadoop-hdds-container-service/0.5.0-SNAPSHOT/hadoop-hdds-container-service-0.5.0-SNAPSHOT-tests.jar:/home/user/.m2/repository/org/yaml/snakeyaml/1.16/snakeyaml-1.16.jar:/home/user/.m2/repository/org/apache/hadoop/hadoop-common/3.2.0/hadoop-common-3.2.0-tests.jar:/home/user/.m2/repository/org/apache/hadoop/hadoop-annotations/3.2.0/hadoop-annotations-3.2.0.jar:/usr/lib/jvm/java-1.8-openjdk/jre/../lib/tools.jar:/home/user/.m2/repository/commons-cli/commons-cli/1.2/commons-cli-1.2.jar:/home/user/.m2/repository/org/apache/httpcomponents/httpclient/4.5.2/httpclient-4.5.2.jar:/home/user/.m2/repository/org/apache/httpcomponents/httpcore/4.4.4/httpcore-4.4.4.jar:/home/user/.m2/repository/commons-codec/commons-codec/1.11/commons-codec-1.11.jar:/home/user/.m2/repository/commons-net/commons-net/3.6/commons-net-3.6.jar:/home/user/.m2/repository/commons-collections/commons-collections/3.2.2/commons-collections-3.2.2.jar:/home/user/.m2/repository/org/eclipse/jetty/jetty-servlet/9.3.25.v20180904/jetty-servlet-9.3.25.v20180904.jar:/home/user/.m2/repository/org/eclipse/jetty/jetty-security/9.3.25.v20180904/jetty-security-9.3.25.v20180904.jar:/home/user/.m2/repository/javax/servlet/jsp/jsp-api/2.1/jsp-api-2.1.jar:/home/user/.m2/repository/com/sun/jersey/jersey-servlet/1.19/jersey-servlet-1.19.jar:/home/user/.m2/repository/com/sun/jersey/jersey-json/1.19/jersey-json-1.19.jar:/home/user/.m2/repository/org/codehaus/jettison/jettison/1.1/jettison-1.1.jar:/home/user/.m2/repository/org/codehaus/jackson/jackson-core-asl/1.9.13/jackson-core-asl-1.9.13.jar:/home/user/.m2/repository/org/codehaus/jackson/jackson-mapper-asl/1.9.13/jackson-mapper-asl-1.9.13.jar:/home/user/.m2/repository/org/codehaus/jackson/jackson-jaxrs/1.9.13/jackson-jaxrs-1.9.13.jar:/home/user/.m2/repository/org/codehaus/jackson/jackson-xc/1.9.13/jackson-xc-1.9.13.jar:/home/user/.m2/repository/commons-logging/commons-logging/1.1.3/commons-logging-1.1.3.jar:/home/user/.m2/repository/commons-beanutils/commons-beanutils/1.9.4/commons-beanutils-1.9.4.jar:/home/user/.m2/repository/org/apache/commons/commons-configuration2/2.1.1/commons-configuration2-2.1.1.jar:/home/user/.m2/repository/org/apache/commons/commons-lang3/3.7/commons-lang3-3.7.jar:/home/user/.m2/repository/org/apache/commons/commons-text/1.4/commons-text-1.4.jar:/home/user/.m2/repository/org/apache/avro/avro/1.7.7/avro-1.7.7.jar:/home/user/.m2/repository/com/thoughtworks/paranamer/paranamer/2.3/paranamer-2.3.jar:/home/user/.m2/repository/org/xerial/snappy/snappy-java/1.0.5/snappy-java-1.0.5.jar:/home/user/.m2/repository/com/google/re2j/re2j/1.1/re2j-1.1.jar:/home/user/.m2/repository/com/google/code/gson/gson/2.2.4/gson-2.2.4.jar:/home/user/.m2/repository/com/jcraft/jsch/0.1.54/jsch-0.1.54.jar:/home/user/.m2/repository/org/apache/curator/curator-client/2.12.0/curator-client-2.12.0.jar:/home/user/.m2/repository/org/apache/curator/curator-recipes/2.12.0/curator-recipes-2.12.0.jar:/home/user/.m2/repository/com/google/code/findbugs/jsr305/3.0.0/jsr305-3.0.0.jar:/home/user/.m2/repository/org/apache/htrace/htrace-core4/4.1.0-incubating/htrace-core4-4.1.0-incubating.jar:/home/user/.m2/repository/org/apache/zookeeper/zookeeper/3.4.13/zookeeper-3.4.13.jar:/home/user/.m2/repository/jline/jline/0.9.94/jline-0.9.94.jar:/home/user/.m2/repository/org/apache/yetus/audience-annotations/0.5.0/audience-annotations-0.5.0.jar:/home/user/.m2/repository/org/codehaus/woodstox/stax2-api/3.1.4/stax2-api-3.1.4.jar:/home/user/.m2/repository/com/fasterxml/woodstox/woodstox-core/5.0.3/woodstox-core-5.0.3.jar:/home/user/.m2/repository/dnsjava/dnsjava/2.1.7/dnsjava-2.1.7.jar:/home/user/.m2/repository/org/apache/hadoop/hadoop-hdfs/3.2.0/hadoop-hdfs-3.2.0-tests.jar:/home/user/.m2/repository/org/eclipse/jetty/jetty-util-ajax/9.3.25.v20180904/jetty-util-ajax-9.3.25.v20180904.jar:/home/user/.m2/repository/commons-daemon/commons-daemon/1.0.13/commons-daemon-1.0.13.jar:/home/user/.m2/repository/io/netty/netty/3.10.5.Final/netty-3.10.5.Final.jar:/home/user/.m2/repository/io/netty/netty-all/4.0.52.Final/netty-all-4.0.52.Final.jar:/home/user/.m2/repository/org/fusesource/leveldbjni/leveldbjni-all/1.8/leveldbjni-all-1.8.jar:"/>
    <property name="sun.cpu.endian" value="little"/>
    <property name="user.home" value="/home/user"/>
    <property name="user.language" value="en"/>
    <property name="java.specification.vendor" value="Oracle Corporation"/>
    <property name="java.home" value="/usr/lib/jvm/java-1.8-openjdk/jre"/>
    <property name="java.security.krb5.conf" value="/workdir/hadoop-ozone/integration-test/target/test-classes/krb5.conf"/>
    <property name="basedir" value="/workdir/hadoop-ozone/integration-test"/>
    <property name="file.separator" value="/"/>
    <property name="line.separator" value="&#10;"/>
    <property name="java.vm.specification.vendor" value="Oracle Corporation"/>
    <property name="java.specification.name" value="Java Platform API Specification"/>
    <property name="java.awt.graphicsenv" value="sun.awt.X11GraphicsEnvironment"/>
    <property name="surefire.real.class.path" value="/workdir/hadoop-ozone/integration-test/target/surefire/surefirebooter7620606939974570579.jar"/>
    <property name="hadoop.log.dir" value="/workdir/hadoop-ozone/integration-test/target/log"/>
    <property name="sun.boot.class.path" value="/usr/lib/jvm/java-1.8-openjdk/jre/lib/resources.jar:/usr/lib/jvm/java-1.8-openjdk/jre/lib/rt.jar:/usr/lib/jvm/java-1.8-openjdk/jre/lib/sunrsasign.jar:/usr/lib/jvm/java-1.8-openjdk/jre/lib/jsse.jar:/usr/lib/jvm/java-1.8-openjdk/jre/lib/jce.jar:/usr/lib/jvm/java-1.8-openjdk/jre/lib/charsets.jar:/usr/lib/jvm/java-1.8-openjdk/jre/lib/jfr.jar:/usr/lib/jvm/java-1.8-openjdk/jre/classes"/>
    <property name="sun.management.compiler" value="HotSpot 64-Bit Tiered Compilers"/>
    <property name="java.runtime.version" value="1.8.0_212-b04"/>
    <property name="java.net.preferIPv4Stack" value="true"/>
    <property name="user.name" value="jenkins1000"/>
    <property name="path.separator" value=":"/>
    <property name="java.security.egd" value="file:///dev/urandom"/>
    <property name="os.version" value="3.10.0-957.12.2.el7.x86_64"/>
    <property name="java.endorsed.dirs" value="/usr/lib/jvm/java-1.8-openjdk/jre/lib/endorsed"/>
    <property name="java.runtime.name" value="OpenJDK Runtime Environment"/>
    <property name="file.encoding" value="UTF-8"/>
    <property name="java.vm.name" value="OpenJDK 64-Bit Server VM"/>
    <property name="test.build.webapps" value=""/>
    <property name="localRepository" value="/home/user/.m2/repository"/>
    <property name="java.vendor.url.bug" value="https://icedtea.classpath.org/bugzilla"/>
    <property name="java.io.tmpdir" value="/tmp"/>
    <property name="require.test.libhadoop" value=""/>
    <property name="java.version" value="1.8.0_212"/>
    <property name="user.dir" value="/workdir/hadoop-ozone/integration-test"/>
    <property name="os.arch" value="amd64"/>
    <property name="java.vm.specification.name" value="Java Virtual Machine Specification"/>
    <property name="test.build.classes" value="/workdir/hadoop-ozone/integration-test/target/test-classes"/>
    <property name="java.awt.printerjob" value="sun.print.PSPrinterJob"/>
    <property name="sun.os.patch.level" value="unknown"/>
    <property name="hadoop.tmp.dir" value="/workdir/hadoop-ozone/integration-test/target/tmp"/>
    <property name="java.library.path" value="/usr/lib/jvm/java-1.8-openjdk/jre/lib/amd64/server:/usr/lib/jvm/java-1.8-openjdk/jre/lib/amd64:/usr/lib/jvm/java-1.8-openjdk/jre/../lib/amd64:/workdir/hadoop-ozone/integration-test/target/native/target/usr/local/lib:/workdir/hadoop-ozone/integration-test/../../hadoop-common-project/hadoop-common/target/native/target/usr/local/lib:/usr/java/packages/lib/amd64:/usr/lib64:/lib64:/lib:/usr/lib"/>
    <property name="java.vm.info" value="mixed mode"/>
    <property name="java.vendor" value="IcedTea"/>
    <property name="java.vm.version" value="25.212-b04"/>
    <property name="java.ext.dirs" value="/usr/lib/jvm/java-1.8-openjdk/jre/lib/ext:/usr/java/packages/lib/ext"/>
    <property name="sun.io.unicode.encoding" value="UnicodeLittle"/>
    <property name="java.class.version" value="52.0"/>
  </properties>
  <testcase name="test2DatanodesFailure" classname="org.apache.hadoop.ozone.client.rpc.TestBlockOutputStreamWithFailures" time="109.514"/>
  <testcase name="testDatanodeFailureWithPreAllocation" classname="org.apache.hadoop.ozone.client.rpc.TestBlockOutputStreamWithFailures" time="221.932"/>
  <testcase name="testDatanodeFailureWithSingleNodeRatis" classname="org.apache.hadoop.ozone.client.rpc.TestBlockOutputStreamWithFailures" time="221.396"/>
  <testcase name="testWatchForCommitWithSingleNodeRatis" classname="org.apache.hadoop.ozone.client.rpc.TestBlockOutputStreamWithFailures" time="33.905"/>
  <testcase name="testWatchForCommitDatanodeFailure" classname="org.apache.hadoop.ozone.client.rpc.TestBlockOutputStreamWithFailures" time="42.4">
    <failure message="expected:&lt;2&gt; but was:&lt;3&gt;" type="java.lang.AssertionError"><![CDATA[java.lang.AssertionError: expected:<2> but was:<3>
	at org.junit.Assert.fail(Assert.java:88)
	at org.junit.Assert.failNotEquals(Assert.java:743)
	at org.junit.Assert.assertEquals(Assert.java:118)
	at org.junit.Assert.assertEquals(Assert.java:555)
	at org.junit.Assert.assertEquals(Assert.java:542)
	at org.apache.hadoop.ozone.client.rpc.TestBlockOutputStreamWithFailures.testWatchForCommitDatanodeFailure(TestBlockOutputStreamWithFailures.java:366)
	at sun.reflect.NativeMethodAccessorImpl.invoke0(Native Method)
	at sun.reflect.NativeMethodAccessorImpl.invoke(NativeMethodAccessorImpl.java:62)
	at sun.reflect.DelegatingMethodAccessorImpl.invoke(DelegatingMethodAccessorImpl.java:43)
	at java.lang.reflect.Method.invoke(Method.java:498)
	at org.junit.runners.model.FrameworkMethod$1.runReflectiveCall(FrameworkMethod.java:47)
	at org.junit.internal.runners.model.ReflectiveCallable.run(ReflectiveCallable.java:12)
	at org.junit.runners.model.FrameworkMethod.invokeExplosively(FrameworkMethod.java:44)
	at org.junit.internal.runners.statements.InvokeMethod.evaluate(InvokeMethod.java:17)
	at org.junit.internal.runners.statements.RunBefores.evaluate(RunBefores.java:26)
	at org.junit.internal.runners.statements.RunAfters.evaluate(RunAfters.java:27)
	at org.junit.runners.ParentRunner.runLeaf(ParentRunner.java:271)
	at org.junit.runners.BlockJUnit4ClassRunner.runChild(BlockJUnit4ClassRunner.java:70)
	at org.junit.runners.BlockJUnit4ClassRunner.runChild(BlockJUnit4ClassRunner.java:50)
	at org.junit.runners.ParentRunner$3.run(ParentRunner.java:238)
	at org.junit.runners.ParentRunner$1.schedule(ParentRunner.java:63)
	at org.junit.runners.ParentRunner.runChildren(ParentRunner.java:236)
	at org.junit.runners.ParentRunner.access$000(ParentRunner.java:53)
	at org.junit.runners.ParentRunner$2.evaluate(ParentRunner.java:229)
	at org.junit.runners.ParentRunner.run(ParentRunner.java:309)
	at org.apache.maven.surefire.junit4.JUnit4Provider.execute(JUnit4Provider.java:365)
	at org.apache.maven.surefire.junit4.JUnit4Provider.executeWithRerun(JUnit4Provider.java:273)
	at org.apache.maven.surefire.junit4.JUnit4Provider.executeTestSet(JUnit4Provider.java:238)
	at org.apache.maven.surefire.junit4.JUnit4Provider.invoke(JUnit4Provider.java:159)
	at org.apache.maven.surefire.booter.ForkedBooter.invokeProviderInSameClassLoader(ForkedBooter.java:384)
	at org.apache.maven.surefire.booter.ForkedBooter.runSuitesInProcess(ForkedBooter.java:345)
	at org.apache.maven.surefire.booter.ForkedBooter.execute(ForkedBooter.java:126)
	at org.apache.maven.surefire.booter.ForkedBooter.main(ForkedBooter.java:418)
]]></failure>
    <system-out><![CDATA[2019-10-08 21:40:34,491 [main] WARN  server.ServerUtils (ServerUtils.java:getScmDbDir(145)) - ozone.scm.db.dirs is not configured. We recommend adding this setting. Falling back to ozone.metadata.dirs instead.
2019-10-08 21:40:34,507 [main] WARN  server.ServerUtils (ServerUtils.java:getScmDbDir(145)) - ozone.scm.db.dirs is not configured. We recommend adding this setting. Falling back to ozone.metadata.dirs instead.
2019-10-08 21:40:34,507 [main] WARN  server.ServerUtils (ServerUtils.java:getScmDbDir(145)) - ozone.scm.db.dirs is not configured. We recommend adding this setting. Falling back to ozone.metadata.dirs instead.
2019-10-08 21:40:34,508 [main] INFO  db.DBStoreBuilder (DBStoreBuilder.java:addTable(117)) - using custom profile for table: deletedBlocks
2019-10-08 21:40:34,508 [main] INFO  db.DBStoreBuilder (DBStoreBuilder.java:processTables(168)) - Using default column profile:DBProfile.DISK for Table:deletedBlocks
2019-10-08 21:40:34,508 [main] INFO  db.DBStoreBuilder (DBStoreBuilder.java:addTable(117)) - using custom profile for table: validCerts
2019-10-08 21:40:34,508 [main] INFO  db.DBStoreBuilder (DBStoreBuilder.java:processTables(168)) - Using default column profile:DBProfile.DISK for Table:validCerts
2019-10-08 21:40:34,509 [main] INFO  db.DBStoreBuilder (DBStoreBuilder.java:addTable(117)) - using custom profile for table: revokedCerts
2019-10-08 21:40:34,509 [main] INFO  db.DBStoreBuilder (DBStoreBuilder.java:processTables(168)) - Using default column profile:DBProfile.DISK for Table:revokedCerts
2019-10-08 21:40:34,509 [main] INFO  db.DBStoreBuilder (DBStoreBuilder.java:addTable(117)) - using custom profile for table: default
2019-10-08 21:40:34,509 [main] INFO  db.DBStoreBuilder (DBStoreBuilder.java:processTables(174)) - Using default column profile:DBProfile.DISK for Table:default
2019-10-08 21:40:34,509 [main] INFO  db.DBStoreBuilder (DBStoreBuilder.java:getDbProfile(205)) - Using default options. DBProfile.DISK
2019-10-08 21:40:34,674 [main] INFO  net.NodeSchemaLoader (NodeSchemaLoader.java:loadSchemaFromFile(125)) - Loading file from sun.misc.CompoundEnumeration@3fb450d7
2019-10-08 21:40:34,675 [main] INFO  net.NodeSchemaLoader (NodeSchemaLoader.java:loadSchema(171)) - Loading network topology layer schema file
2019-10-08 21:40:34,678 [main] INFO  node.SCMNodeManager (SCMNodeManager.java:<init>(116)) - Entering startup safe mode.
2019-10-08 21:40:34,679 [main] INFO  algorithms.ContainerPlacementPolicyFactory (ContainerPlacementPolicyFactory.java:getPolicy(57)) - Create container placement policy of type org.apache.hadoop.hdds.scm.container.placement.algorithms.SCMContainerPlacementRandom
2019-10-08 21:40:34,679 [main] WARN  server.ServerUtils (ServerUtils.java:getScmDbDir(145)) - ozone.scm.db.dirs is not configured. We recommend adding this setting. Falling back to ozone.metadata.dirs instead.
2019-10-08 21:40:34,726 [main] INFO  pipeline.SCMPipelineManager (SCMPipelineManager.java:initializePipelineState(132)) - No pipeline exists in current db
2019-10-08 21:40:34,726 [main] WARN  server.ServerUtils (ServerUtils.java:getScmDbDir(145)) - ozone.scm.db.dirs is not configured. We recommend adding this setting. Falling back to ozone.metadata.dirs instead.
2019-10-08 21:40:34,776 [main] WARN  events.EventQueue (EventQueue.java:fireEvent(183)) - No event handler registered for event TypedEvent{payloadType=SafeModeStatus, name='SafeModeStatus'}
2019-10-08 21:40:34,777 [main] INFO  ipc.CallQueueManager (CallQueueManager.java:<init>(84)) - Using callQueue: class java.util.concurrent.LinkedBlockingQueue, queueCapacity: 2000, scheduler: class org.apache.hadoop.ipc.DefaultRpcScheduler, ipcBackoff: false.
2019-10-08 21:40:34,777 [Socket Reader #1 for port 34191] INFO  ipc.Server (Server.java:run(1074)) - Starting Socket Reader #1 for port 34191
2019-10-08 21:40:34,780 [main] INFO  ipc.CallQueueManager (CallQueueManager.java:<init>(84)) - Using callQueue: class java.util.concurrent.LinkedBlockingQueue, queueCapacity: 2000, scheduler: class org.apache.hadoop.ipc.DefaultRpcScheduler, ipcBackoff: false.
2019-10-08 21:40:34,780 [Socket Reader #1 for port 36546] INFO  ipc.Server (Server.java:run(1074)) - Starting Socket Reader #1 for port 36546
2019-10-08 21:40:34,782 [main] INFO  ipc.CallQueueManager (CallQueueManager.java:<init>(84)) - Using callQueue: class java.util.concurrent.LinkedBlockingQueue, queueCapacity: 2000, scheduler: class org.apache.hadoop.ipc.DefaultRpcScheduler, ipcBackoff: false.
2019-10-08 21:40:34,782 [Socket Reader #1 for port 43598] INFO  ipc.Server (Server.java:run(1074)) - Starting Socket Reader #1 for port 43598
2019-10-08 21:40:34,785 [main] INFO  hdfs.DFSUtil (DFSUtil.java:httpServerTemplateForNNAndJN(1641)) - Starting Web-server for scm at: http://0.0.0.0:0
2019-10-08 21:40:34,787 [main] INFO  server.AuthenticationFilter (AuthenticationFilter.java:constructSecretProvider(240)) - Unable to initialize FileSignerSecretProvider, falling back to use random secrets.
2019-10-08 21:40:34,788 [main] WARN  http.HttpRequestLog (HttpRequestLog.java:getRequestLog(97)) - Jetty request log can only be enabled using Log4j
2019-10-08 21:40:34,789 [main] INFO  http.HttpServer2 (HttpServer2.java:addGlobalFilter(975)) - Added global filter 'safety' (class=org.apache.hadoop.http.HttpServer2$QuotingInputFilter)
2019-10-08 21:40:34,790 [main] INFO  http.HttpServer2 (HttpServer2.java:addFilter(948)) - Added filter static_user_filter (class=org.apache.hadoop.http.lib.StaticUserWebFilter$StaticUserFilter) to context scm
2019-10-08 21:40:34,790 [main] INFO  http.HttpServer2 (HttpServer2.java:addFilter(958)) - Added filter static_user_filter (class=org.apache.hadoop.http.lib.StaticUserWebFilter$StaticUserFilter) to context static
2019-10-08 21:40:34,790 [main] INFO  http.HttpServer2 (HttpServer2.java:addFilter(958)) - Added filter static_user_filter (class=org.apache.hadoop.http.lib.StaticUserWebFilter$StaticUserFilter) to context logs
2019-10-08 21:40:34,792 [main] INFO  server.StorageContainerManager (StorageContainerManager.java:start(770)) - StorageContainerLocationProtocol RPC server is listening at /0.0.0.0:43598
2019-10-08 21:40:34,795 [main] WARN  impl.MetricsConfig (MetricsConfig.java:loadFirst(134)) - Cannot locate configuration: tried hadoop-metrics2-storagecontainermanager.properties,hadoop-metrics2.properties
2019-10-08 21:40:34,796 [main] INFO  impl.MetricsSystemImpl (MetricsSystemImpl.java:startTimer(374)) - Scheduled Metric snapshot period at 10 second(s).
2019-10-08 21:40:34,796 [main] INFO  impl.MetricsSystemImpl (MetricsSystemImpl.java:start(191)) - StorageContainerManager metrics system started
2019-10-08 21:40:34,893 [main] WARN  impl.MetricsSystemImpl (MetricsSystemImpl.java:register(276)) - Sink prometheus already exists!
2019-10-08 21:40:34,935 [main] INFO  server.SCMClientProtocolServer (SCMClientProtocolServer.java:start(159)) - RPC server for Client  is listening at /0.0.0.0:43598
2019-10-08 21:40:34,935 [IPC Server Responder] INFO  ipc.Server (Server.java:run(1314)) - IPC Server Responder: starting
2019-10-08 21:40:34,935 [IPC Server listener on 43598] INFO  ipc.Server (Server.java:run(1153)) - IPC Server listener on 43598: starting
2019-10-08 21:40:34,939 [main] INFO  server.StorageContainerManager (StorageContainerManager.java:start(780)) - ScmBlockLocationProtocol RPC server is listening at /0.0.0.0:36546
2019-10-08 21:40:34,939 [main] INFO  server.SCMBlockProtocolServer (SCMBlockProtocolServer.java:start(146)) - RPC server for Block Protocol is listening at /0.0.0.0:36546
2019-10-08 21:40:34,939 [IPC Server Responder] INFO  ipc.Server (Server.java:run(1314)) - IPC Server Responder: starting
2019-10-08 21:40:34,940 [IPC Server listener on 36546] INFO  ipc.Server (Server.java:run(1153)) - IPC Server listener on 36546: starting
2019-10-08 21:40:34,943 [main] INFO  server.StorageContainerManager (StorageContainerManager.java:start(784)) - ScmDatanodeProtocl RPC server is listening at /0.0.0.0:34191
2019-10-08 21:40:34,943 [main] INFO  server.SCMDatanodeProtocolServer (SCMDatanodeProtocolServer.java:start(169)) - RPC server for DataNodes is listening at /0.0.0.0:34191
2019-10-08 21:40:34,943 [IPC Server Responder] INFO  ipc.Server (Server.java:run(1314)) - IPC Server Responder: starting
2019-10-08 21:40:34,944 [IPC Server listener on 34191] INFO  ipc.Server (Server.java:run(1153)) - IPC Server listener on 34191: starting
2019-10-08 21:40:34,947 [main] INFO  http.HttpServer2 (HttpServer2.java:bindListener(1191)) - Jetty bound to port 41748
2019-10-08 21:40:34,947 [main] INFO  server.Server (Server.java:doStart(351)) - jetty-9.3.25.v20180904, build timestamp: 2018-09-04T21:11:46Z, git hash: 3ce520221d0240229c862b122d2b06c12a625732
2019-10-08 21:40:34,949 [main] INFO  handler.ContextHandler (ContextHandler.java:doStart(781)) - Started o.e.j.s.ServletContextHandler@64656b9e{/logs,file:///workdir/hadoop-ozone/integration-test/target/log,AVAILABLE}
2019-10-08 21:40:34,950 [main] INFO  handler.ContextHandler (ContextHandler.java:doStart(781)) - Started o.e.j.s.ServletContextHandler@45554613{/static,file:///workdir/hadoop-ozone/integration-test/target/test-classes/webapps/static,AVAILABLE}
2019-10-08 21:40:34,953 [main] INFO  handler.ContextHandler (ContextHandler.java:doStart(781)) - Started o.e.j.w.WebAppContext@2b999ee8{/,file:///workdir/hadoop-ozone/integration-test/target/test-classes/webapps/scm/,AVAILABLE}{/scm}
2019-10-08 21:40:34,954 [main] INFO  server.AbstractConnector (AbstractConnector.java:doStart(278)) - Started ServerConnector@31ab1e67{HTTP/1.1,[http/1.1]}{0.0.0.0:41748}
2019-10-08 21:40:34,955 [main] INFO  server.Server (Server.java:doStart(419)) - Started @587819ms
2019-10-08 21:40:34,955 [main] WARN  impl.MetricsSystemImpl (MetricsSystemImpl.java:register(276)) - Sink prometheus already exists!
2019-10-08 21:40:34,956 [main] INFO  server.BaseHttpServer (BaseHttpServer.java:updateConnectorAddress(215)) - HTTP server of SCM is listening at http://0.0.0.0:41748
2019-10-08 21:40:34,957 [main] WARN  server.ServerUtils (ServerUtils.java:getDBPath(222)) - ozone.om.db.dirs is not configured. We recommend adding this setting. Falling back to ozone.metadata.dirs instead.
2019-10-08 21:40:34,957 [org.apache.hadoop.util.JvmPauseMonitor$Monitor@3487442d] INFO  util.JvmPauseMonitor (JvmPauseMonitor.java:run(188)) - Starting JVM pause monitor
2019-10-08 21:40:34,970 [main] INFO  ha.OMHANodeDetails (OMHANodeDetails.java:loadOMHAConfig(190)) - Configuration either no ozone.om.address set. Falling back to the default OM address /127.0.0.1:0
2019-10-08 21:40:34,970 [main] INFO  ha.OMHANodeDetails (OMHANodeDetails.java:getOMNodeDetails(220)) - OM Service ID is not set. Setting it to the default ID: omServiceIdDefault
2019-10-08 21:40:34,971 [main] WARN  server.ServerUtils (ServerUtils.java:getDBPath(222)) - ozone.om.db.dirs is not configured. We recommend adding this setting. Falling back to ozone.metadata.dirs instead.
2019-10-08 21:40:34,971 [main] WARN  server.ServerUtils (ServerUtils.java:getDBPath(222)) - ozone.om.db.dirs is not configured. We recommend adding this setting. Falling back to ozone.metadata.dirs instead.
2019-10-08 21:40:34,978 [main] WARN  server.ServerUtils (ServerUtils.java:getDBPath(222)) - ozone.om.db.dirs is not configured. We recommend adding this setting. Falling back to ozone.metadata.dirs instead.
2019-10-08 21:40:34,978 [main] INFO  db.DBStoreBuilder (DBStoreBuilder.java:addTable(117)) - using custom profile for table: userTable
2019-10-08 21:40:34,978 [main] INFO  db.DBStoreBuilder (DBStoreBuilder.java:processTables(168)) - Using default column profile:DBProfile.DISK for Table:userTable
2019-10-08 21:40:34,979 [main] INFO  db.DBStoreBuilder (DBStoreBuilder.java:addTable(117)) - using custom profile for table: volumeTable
2019-10-08 21:40:34,979 [main] INFO  db.DBStoreBuilder (DBStoreBuilder.java:processTables(168)) - Using default column profile:DBProfile.DISK for Table:volumeTable
2019-10-08 21:40:34,979 [main] INFO  db.DBStoreBuilder (DBStoreBuilder.java:addTable(117)) - using custom profile for table: bucketTable
2019-10-08 21:40:34,979 [main] INFO  db.DBStoreBuilder (DBStoreBuilder.java:processTables(168)) - Using default column profile:DBProfile.DISK for Table:bucketTable
2019-10-08 21:40:34,980 [main] INFO  db.DBStoreBuilder (DBStoreBuilder.java:addTable(117)) - using custom profile for table: keyTable
2019-10-08 21:40:34,980 [main] INFO  db.DBStoreBuilder (DBStoreBuilder.java:processTables(168)) - Using default column profile:DBProfile.DISK for Table:keyTable
2019-10-08 21:40:34,980 [main] INFO  db.DBStoreBuilder (DBStoreBuilder.java:addTable(117)) - using custom profile for table: deletedTable
2019-10-08 21:40:34,980 [main] INFO  db.DBStoreBuilder (DBStoreBuilder.java:processTables(168)) - Using default column profile:DBProfile.DISK for Table:deletedTable
2019-10-08 21:40:34,981 [main] INFO  db.DBStoreBuilder (DBStoreBuilder.java:addTable(117)) - using custom profile for table: openKeyTable
2019-10-08 21:40:34,981 [main] INFO  db.DBStoreBuilder (DBStoreBuilder.java:processTables(168)) - Using default column profile:DBProfile.DISK for Table:openKeyTable
2019-10-08 21:40:34,981 [main] INFO  db.DBStoreBuilder (DBStoreBuilder.java:addTable(117)) - using custom profile for table: s3Table
2019-10-08 21:40:34,981 [main] INFO  db.DBStoreBuilder (DBStoreBuilder.java:processTables(168)) - Using default column profile:DBProfile.DISK for Table:s3Table
2019-10-08 21:40:34,982 [main] INFO  db.DBStoreBuilder (DBStoreBuilder.java:addTable(117)) - using custom profile for table: multipartInfoTable
2019-10-08 21:40:34,982 [main] INFO  db.DBStoreBuilder (DBStoreBuilder.java:processTables(168)) - Using default column profile:DBProfile.DISK for Table:multipartInfoTable
2019-10-08 21:40:34,982 [main] INFO  db.DBStoreBuilder (DBStoreBuilder.java:addTable(117)) - using custom profile for table: dTokenTable
2019-10-08 21:40:34,982 [main] INFO  db.DBStoreBuilder (DBStoreBuilder.java:processTables(168)) - Using default column profile:DBProfile.DISK for Table:dTokenTable
2019-10-08 21:40:34,983 [main] INFO  db.DBStoreBuilder (DBStoreBuilder.java:addTable(117)) - using custom profile for table: s3SecretTable
2019-10-08 21:40:34,983 [main] INFO  db.DBStoreBuilder (DBStoreBuilder.java:processTables(168)) - Using default column profile:DBProfile.DISK for Table:s3SecretTable
2019-10-08 21:40:34,983 [main] INFO  db.DBStoreBuilder (DBStoreBuilder.java:addTable(117)) - using custom profile for table: prefixTable
2019-10-08 21:40:34,983 [main] INFO  db.DBStoreBuilder (DBStoreBuilder.java:processTables(168)) - Using default column profile:DBProfile.DISK for Table:prefixTable
2019-10-08 21:40:34,983 [main] INFO  db.DBStoreBuilder (DBStoreBuilder.java:addTable(117)) - using custom profile for table: default
2019-10-08 21:40:34,984 [main] INFO  db.DBStoreBuilder (DBStoreBuilder.java:processTables(174)) - Using default column profile:DBProfile.DISK for Table:default
2019-10-08 21:40:34,984 [main] INFO  db.DBStoreBuilder (DBStoreBuilder.java:getDbProfile(205)) - Using default options. DBProfile.DISK
2019-10-08 21:40:35,446 [main] INFO  ipc.CallQueueManager (CallQueueManager.java:<init>(84)) - Using callQueue: class java.util.concurrent.LinkedBlockingQueue, queueCapacity: 2000, scheduler: class org.apache.hadoop.ipc.DefaultRpcScheduler, ipcBackoff: false.
2019-10-08 21:40:35,447 [Socket Reader #1 for port 46487] INFO  ipc.Server (Server.java:run(1074)) - Starting Socket Reader #1 for port 46487
2019-10-08 21:40:35,458 [main] INFO  om.OzoneManager (OzoneManager.java:start(1069)) - OzoneManager RPC server is listening at localhost/127.0.0.1:46487
2019-10-08 21:40:35,458 [main] INFO  impl.MetricsSystemImpl (MetricsSystemImpl.java:init(158)) - OzoneManager metrics system started (again)
2019-10-08 21:40:35,460 [IPC Server listener on 46487] INFO  ipc.Server (Server.java:run(1153)) - IPC Server listener on 46487: starting
2019-10-08 21:40:35,460 [IPC Server Responder] INFO  ipc.Server (Server.java:run(1314)) - IPC Server Responder: starting
2019-10-08 21:40:35,467 [main] INFO  hdfs.DFSUtil (DFSUtil.java:httpServerTemplateForNNAndJN(1641)) - Starting Web-server for ozoneManager at: http://0.0.0.0:0
2019-10-08 21:40:35,468 [main] INFO  server.AuthenticationFilter (AuthenticationFilter.java:constructSecretProvider(240)) - Unable to initialize FileSignerSecretProvider, falling back to use random secrets.
2019-10-08 21:40:35,469 [main] WARN  http.HttpRequestLog (HttpRequestLog.java:getRequestLog(97)) - Jetty request log can only be enabled using Log4j
2019-10-08 21:40:35,471 [main] INFO  http.HttpServer2 (HttpServer2.java:addGlobalFilter(975)) - Added global filter 'safety' (class=org.apache.hadoop.http.HttpServer2$QuotingInputFilter)
2019-10-08 21:40:35,472 [main] INFO  http.HttpServer2 (HttpServer2.java:addFilter(948)) - Added filter static_user_filter (class=org.apache.hadoop.http.lib.StaticUserWebFilter$StaticUserFilter) to context ozoneManager
2019-10-08 21:40:35,472 [main] INFO  http.HttpServer2 (HttpServer2.java:addFilter(958)) - Added filter static_user_filter (class=org.apache.hadoop.http.lib.StaticUserWebFilter$StaticUserFilter) to context logs
2019-10-08 21:40:35,472 [main] INFO  http.HttpServer2 (HttpServer2.java:addFilter(958)) - Added filter static_user_filter (class=org.apache.hadoop.http.lib.StaticUserWebFilter$StaticUserFilter) to context static
2019-10-08 21:40:35,473 [main] INFO  http.HttpServer2 (HttpServer2.java:bindListener(1191)) - Jetty bound to port 40967
2019-10-08 21:40:35,473 [main] INFO  server.Server (Server.java:doStart(351)) - jetty-9.3.25.v20180904, build timestamp: 2018-09-04T21:11:46Z, git hash: 3ce520221d0240229c862b122d2b06c12a625732
2019-10-08 21:40:35,474 [main] INFO  handler.ContextHandler (ContextHandler.java:doStart(781)) - Started o.e.j.s.ServletContextHandler@72a8361b{/logs,file:///workdir/hadoop-ozone/integration-test/target/log,AVAILABLE}
2019-10-08 21:40:35,475 [main] INFO  handler.ContextHandler (ContextHandler.java:doStart(781)) - Started o.e.j.s.ServletContextHandler@c48b543{/static,file:///workdir/hadoop-ozone/integration-test/target/test-classes/webapps/static,AVAILABLE}
2019-10-08 21:40:35,478 [main] INFO  handler.ContextHandler (ContextHandler.java:doStart(781)) - Started o.e.j.w.WebAppContext@1373e3ee{/,file:///workdir/hadoop-ozone/integration-test/target/test-classes/webapps/ozoneManager/,AVAILABLE}{/ozoneManager}
2019-10-08 21:40:35,479 [main] INFO  server.AbstractConnector (AbstractConnector.java:doStart(278)) - Started ServerConnector@175c5c3a{HTTP/1.1,[http/1.1]}{0.0.0.0:40967}
2019-10-08 21:40:35,480 [main] INFO  server.Server (Server.java:doStart(419)) - Started @588344ms
2019-10-08 21:40:35,480 [main] WARN  impl.MetricsSystemImpl (MetricsSystemImpl.java:register(276)) - Sink prometheus already exists!
2019-10-08 21:40:35,481 [main] INFO  server.BaseHttpServer (BaseHttpServer.java:updateConnectorAddress(215)) - HTTP server of OZONEMANAGER is listening at http://0.0.0.0:40967
2019-10-08 21:40:35,495 [main] INFO  impl.MetricsSystemImpl (MetricsSystemImpl.java:init(158)) - HddsDatanode metrics system started (again)
2019-10-08 21:40:35,499 [main] INFO  ozone.HddsDatanodeService (HddsDatanodeService.java:start(184)) - HddsDatanodeService host:pr-hdds-2217-2kdk4-3258704453 ip:192.168.151.107
2019-10-08 21:40:35,506 [main] INFO  volume.HddsVolume (HddsVolume.java:<init>(176)) - Creating Volume: /workdir/hadoop-ozone/integration-test/target/test-dir/MiniOzoneClusterImpl-7fb7994d-4bc0-4253-a887-0c3ab883c7d2/datanode-0/data/containers/hdds of  storage type : DISK and capacity : 1482555576320
2019-10-08 21:40:35,506 [main] INFO  volume.VolumeSet (VolumeSet.java:initializeVolumeSet(170)) - Added Volume : /workdir/hadoop-ozone/integration-test/target/test-dir/MiniOzoneClusterImpl-7fb7994d-4bc0-4253-a887-0c3ab883c7d2/datanode-0/data/containers/hdds to VolumeSet
2019-10-08 21:40:35,506 [main] INFO  volume.ThrottledAsyncChecker (ThrottledAsyncChecker.java:schedule(139)) - Scheduling a check for org.apache.hadoop.ozone.container.common.volume.HddsVolume@58a3d521
2019-10-08 21:40:35,508 [main] INFO  volume.HddsVolumeChecker (HddsVolumeChecker.java:checkAllVolumes(202)) - Scheduled health check for volume org.apache.hadoop.ozone.container.common.volume.HddsVolume@58a3d521
2019-10-08 21:40:35,521 [main] INFO  impl.RaftServerProxy (ConfUtils.java:logGet(43)) - raft.rpc.type = GRPC (default)
2019-10-08 21:40:35,521 [main] INFO  grpc.GrpcFactory (GrpcFactory.java:checkPooledByteBufAllocatorUseCacheForAllThreads(45)) - PERFORMANCE WARNING: useCacheForAllThreads is true that may cause Netty to create a lot garbage objects and, as a result, trigger GC.
	It is recommended to disable useCacheForAllThreads by setting -Dorg.apache.ratis.thirdparty.io.netty.allocator.useCacheForAllThreads=false in command line.
2019-10-08 21:40:35,521 [main] INFO  grpc.GrpcConfigKeys$Server (ConfUtils.java:logGet(43)) - raft.grpc.server.port = 0 (default)
2019-10-08 21:40:35,521 [main] INFO  server.GrpcService (ConfUtils.java:logGet(43)) - raft.grpc.message.size.max = 33570816 (custom)
2019-10-08 21:40:35,522 [main] INFO  server.RaftServerConfigKeys (ConfUtils.java:logGet(43)) - raft.server.log.appender.buffer.byte-limit = 33554432 (custom)
2019-10-08 21:40:35,522 [main] INFO  server.GrpcService (ConfUtils.java:logGet(43)) - raft.grpc.flow.control.window = 1MB (=1048576) (default)
2019-10-08 21:40:35,522 [main] INFO  server.RaftServerConfigKeys (ConfUtils.java:logGet(43)) - raft.server.rpc.request.timeout = 3000ms (default)
2019-10-08 21:40:35,523 [main] INFO  server.RaftServerConfigKeys (ConfUtils.java:logGet(43)) - raft.server.storage.dir = [/workdir/hadoop-ozone/integration-test/target/test-dir/MiniOzoneClusterImpl-7fb7994d-4bc0-4253-a887-0c3ab883c7d2/datanode-0/data/ratis] (custom)
2019-10-08 21:40:35,525 [main] INFO  hdfs.DFSUtil (DFSUtil.java:httpServerTemplateForNNAndJN(1641)) - Starting Web-server for hddsDatanode at: http://0.0.0.0:0
2019-10-08 21:40:35,526 [main] INFO  server.AuthenticationFilter (AuthenticationFilter.java:constructSecretProvider(240)) - Unable to initialize FileSignerSecretProvider, falling back to use random secrets.
2019-10-08 21:40:35,527 [main] WARN  http.HttpRequestLog (HttpRequestLog.java:getRequestLog(97)) - Jetty request log can only be enabled using Log4j
2019-10-08 21:40:35,528 [main] INFO  http.HttpServer2 (HttpServer2.java:addGlobalFilter(975)) - Added global filter 'safety' (class=org.apache.hadoop.http.HttpServer2$QuotingInputFilter)
2019-10-08 21:40:35,529 [main] INFO  http.HttpServer2 (HttpServer2.java:addFilter(948)) - Added filter static_user_filter (class=org.apache.hadoop.http.lib.StaticUserWebFilter$StaticUserFilter) to context hddsDatanode
2019-10-08 21:40:35,529 [main] INFO  http.HttpServer2 (HttpServer2.java:addFilter(958)) - Added filter static_user_filter (class=org.apache.hadoop.http.lib.StaticUserWebFilter$StaticUserFilter) to context static
2019-10-08 21:40:35,529 [main] INFO  http.HttpServer2 (HttpServer2.java:addFilter(958)) - Added filter static_user_filter (class=org.apache.hadoop.http.lib.StaticUserWebFilter$StaticUserFilter) to context logs
2019-10-08 21:40:35,530 [main] INFO  http.HttpServer2 (HttpServer2.java:bindListener(1191)) - Jetty bound to port 43028
2019-10-08 21:40:35,530 [main] INFO  server.Server (Server.java:doStart(351)) - jetty-9.3.25.v20180904, build timestamp: 2018-09-04T21:11:46Z, git hash: 3ce520221d0240229c862b122d2b06c12a625732
2019-10-08 21:40:35,531 [main] INFO  handler.ContextHandler (ContextHandler.java:doStart(781)) - Started o.e.j.s.ServletContextHandler@2365ea38{/logs,file:///workdir/hadoop-ozone/integration-test/target/log,AVAILABLE}
2019-10-08 21:40:35,532 [main] INFO  handler.ContextHandler (ContextHandler.java:doStart(781)) - Started o.e.j.s.ServletContextHandler@49232c6f{/static,jar:file:/home/user/.m2/repository/org/apache/hadoop/hadoop-hdds-container-service/0.5.0-SNAPSHOT/hadoop-hdds-container-service-0.5.0-SNAPSHOT.jar!/webapps/static,AVAILABLE}
2019-10-08 21:40:35,564 [main] INFO  handler.ContextHandler (ContextHandler.java:doStart(781)) - Started o.e.j.w.WebAppContext@7741ae1b{/,file:///tmp/jetty-0.0.0.0-43028-hddsDatanode-_-any-6885176876746988561.dir/webapp/,AVAILABLE}{/hddsDatanode}
2019-10-08 21:40:35,564 [main] INFO  server.AbstractConnector (AbstractConnector.java:doStart(278)) - Started ServerConnector@50e5032c{HTTP/1.1,[http/1.1]}{0.0.0.0:43028}
2019-10-08 21:40:35,566 [main] INFO  server.Server (Server.java:doStart(419)) - Started @588430ms
2019-10-08 21:40:35,566 [main] WARN  impl.MetricsSystemImpl (MetricsSystemImpl.java:register(276)) - Sink prometheus already exists!
2019-10-08 21:40:35,567 [main] INFO  server.BaseHttpServer (BaseHttpServer.java:updateConnectorAddress(215)) - HTTP server of HDDSDATANODE is listening at http://0.0.0.0:43028
2019-10-08 21:40:35,567 [main] INFO  impl.MetricsSystemImpl (MetricsSystemImpl.java:init(158)) - HddsDatanode metrics system started (again)
2019-10-08 21:40:35,571 [org.apache.hadoop.util.JvmPauseMonitor$Monitor@706d6bd3] INFO  util.JvmPauseMonitor (JvmPauseMonitor.java:run(188)) - Starting JVM pause monitor
2019-10-08 21:40:35,571 [main] INFO  ozone.HddsDatanodeService (HddsDatanodeService.java:start(184)) - HddsDatanodeService host:pr-hdds-2217-2kdk4-3258704453 ip:192.168.151.107
2019-10-08 21:40:35,572 [Datanode State Machine Thread - 0] INFO  datanode.InitDatanodeState (InitDatanodeState.java:persistContainerDatanodeDetails(140)) - DatanodeDetails is persisted to /workdir/hadoop-ozone/integration-test/target/test-dir/MiniOzoneClusterImpl-7fb7994d-4bc0-4253-a887-0c3ab883c7d2/datanode-0/meta/datanode.id
2019-10-08 21:40:35,577 [main] INFO  volume.HddsVolume (HddsVolume.java:<init>(176)) - Creating Volume: /workdir/hadoop-ozone/integration-test/target/test-dir/MiniOzoneClusterImpl-7fb7994d-4bc0-4253-a887-0c3ab883c7d2/datanode-1/data/containers/hdds of  storage type : DISK and capacity : 1482555576320
2019-10-08 21:40:35,577 [main] INFO  volume.VolumeSet (VolumeSet.java:initializeVolumeSet(170)) - Added Volume : /workdir/hadoop-ozone/integration-test/target/test-dir/MiniOzoneClusterImpl-7fb7994d-4bc0-4253-a887-0c3ab883c7d2/datanode-1/data/containers/hdds to VolumeSet
2019-10-08 21:40:35,577 [main] INFO  volume.ThrottledAsyncChecker (ThrottledAsyncChecker.java:schedule(139)) - Scheduling a check for org.apache.hadoop.ozone.container.common.volume.HddsVolume@3079c26a
2019-10-08 21:40:35,577 [main] INFO  volume.HddsVolumeChecker (HddsVolumeChecker.java:checkAllVolumes(202)) - Scheduled health check for volume org.apache.hadoop.ozone.container.common.volume.HddsVolume@3079c26a
2019-10-08 21:40:35,588 [main] INFO  impl.RaftServerProxy (ConfUtils.java:logGet(43)) - raft.rpc.type = GRPC (default)
2019-10-08 21:40:35,589 [main] INFO  grpc.GrpcFactory (GrpcFactory.java:checkPooledByteBufAllocatorUseCacheForAllThreads(45)) - PERFORMANCE WARNING: useCacheForAllThreads is true that may cause Netty to create a lot garbage objects and, as a result, trigger GC.
	It is recommended to disable useCacheForAllThreads by setting -Dorg.apache.ratis.thirdparty.io.netty.allocator.useCacheForAllThreads=false in command line.
2019-10-08 21:40:35,589 [main] INFO  grpc.GrpcConfigKeys$Server (ConfUtils.java:logGet(43)) - raft.grpc.server.port = 0 (default)
2019-10-08 21:40:35,589 [main] INFO  server.GrpcService (ConfUtils.java:logGet(43)) - raft.grpc.message.size.max = 33570816 (custom)
2019-10-08 21:40:35,589 [main] INFO  server.RaftServerConfigKeys (ConfUtils.java:logGet(43)) - raft.server.log.appender.buffer.byte-limit = 33554432 (custom)
2019-10-08 21:40:35,589 [main] INFO  server.GrpcService (ConfUtils.java:logGet(43)) - raft.grpc.flow.control.window = 1MB (=1048576) (default)
2019-10-08 21:40:35,590 [main] INFO  server.RaftServerConfigKeys (ConfUtils.java:logGet(43)) - raft.server.rpc.request.timeout = 3000ms (default)
2019-10-08 21:40:35,590 [main] INFO  server.RaftServerConfigKeys (ConfUtils.java:logGet(43)) - raft.server.storage.dir = [/workdir/hadoop-ozone/integration-test/target/test-dir/MiniOzoneClusterImpl-7fb7994d-4bc0-4253-a887-0c3ab883c7d2/datanode-1/data/ratis] (custom)
2019-10-08 21:40:35,591 [main] INFO  hdfs.DFSUtil (DFSUtil.java:httpServerTemplateForNNAndJN(1641)) - Starting Web-server for hddsDatanode at: http://0.0.0.0:0
2019-10-08 21:40:35,593 [main] INFO  server.AuthenticationFilter (AuthenticationFilter.java:constructSecretProvider(240)) - Unable to initialize FileSignerSecretProvider, falling back to use random secrets.
2019-10-08 21:40:35,593 [main] WARN  http.HttpRequestLog (HttpRequestLog.java:getRequestLog(97)) - Jetty request log can only be enabled using Log4j
2019-10-08 21:40:35,594 [main] INFO  http.HttpServer2 (HttpServer2.java:addGlobalFilter(975)) - Added global filter 'safety' (class=org.apache.hadoop.http.HttpServer2$QuotingInputFilter)
2019-10-08 21:40:35,595 [main] INFO  http.HttpServer2 (HttpServer2.java:addFilter(948)) - Added filter static_user_filter (class=org.apache.hadoop.http.lib.StaticUserWebFilter$StaticUserFilter) to context hddsDatanode
2019-10-08 21:40:35,595 [main] INFO  http.HttpServer2 (HttpServer2.java:addFilter(958)) - Added filter static_user_filter (class=org.apache.hadoop.http.lib.StaticUserWebFilter$StaticUserFilter) to context static
2019-10-08 21:40:35,595 [main] INFO  http.HttpServer2 (HttpServer2.java:addFilter(958)) - Added filter static_user_filter (class=org.apache.hadoop.http.lib.StaticUserWebFilter$StaticUserFilter) to context logs
2019-10-08 21:40:35,595 [main] INFO  http.HttpServer2 (HttpServer2.java:bindListener(1191)) - Jetty bound to port 35763
2019-10-08 21:40:35,596 [main] INFO  server.Server (Server.java:doStart(351)) - jetty-9.3.25.v20180904, build timestamp: 2018-09-04T21:11:46Z, git hash: 3ce520221d0240229c862b122d2b06c12a625732
2019-10-08 21:40:35,597 [main] INFO  handler.ContextHandler (ContextHandler.java:doStart(781)) - Started o.e.j.s.ServletContextHandler@1c84d80a{/logs,file:///workdir/hadoop-ozone/integration-test/target/log,AVAILABLE}
2019-10-08 21:40:35,597 [main] INFO  handler.ContextHandler (ContextHandler.java:doStart(781)) - Started o.e.j.s.ServletContextHandler@629075f4{/static,jar:file:/home/user/.m2/repository/org/apache/hadoop/hadoop-hdds-container-service/0.5.0-SNAPSHOT/hadoop-hdds-container-service-0.5.0-SNAPSHOT.jar!/webapps/static,AVAILABLE}
2019-10-08 21:40:35,672 [main] INFO  handler.ContextHandler (ContextHandler.java:doStart(781)) - Started o.e.j.w.WebAppContext@115c946b{/,file:///tmp/jetty-0.0.0.0-35763-hddsDatanode-_-any-7184124798077376809.dir/webapp/,AVAILABLE}{/hddsDatanode}
2019-10-08 21:40:35,672 [main] INFO  server.AbstractConnector (AbstractConnector.java:doStart(278)) - Started ServerConnector@79ca7bea{HTTP/1.1,[http/1.1]}{0.0.0.0:35763}
2019-10-08 21:40:35,674 [main] INFO  server.Server (Server.java:doStart(419)) - Started @588538ms
2019-10-08 21:40:35,674 [main] WARN  impl.MetricsSystemImpl (MetricsSystemImpl.java:register(276)) - Sink prometheus already exists!
2019-10-08 21:40:35,675 [main] INFO  server.BaseHttpServer (BaseHttpServer.java:updateConnectorAddress(215)) - HTTP server of HDDSDATANODE is listening at http://0.0.0.0:35763
2019-10-08 21:40:35,675 [main] INFO  impl.MetricsSystemImpl (MetricsSystemImpl.java:init(158)) - HddsDatanode metrics system started (again)
2019-10-08 21:40:35,679 [org.apache.hadoop.util.JvmPauseMonitor$Monitor@28cabaf5] INFO  util.JvmPauseMonitor (JvmPauseMonitor.java:run(188)) - Starting JVM pause monitor
2019-10-08 21:40:35,680 [main] INFO  ozone.HddsDatanodeService (HddsDatanodeService.java:start(184)) - HddsDatanodeService host:pr-hdds-2217-2kdk4-3258704453 ip:192.168.151.107
2019-10-08 21:40:35,681 [Datanode State Machine Thread - 0] INFO  datanode.InitDatanodeState (InitDatanodeState.java:persistContainerDatanodeDetails(140)) - DatanodeDetails is persisted to /workdir/hadoop-ozone/integration-test/target/test-dir/MiniOzoneClusterImpl-7fb7994d-4bc0-4253-a887-0c3ab883c7d2/datanode-1/meta/datanode.id
2019-10-08 21:40:35,686 [main] INFO  volume.HddsVolume (HddsVolume.java:<init>(176)) - Creating Volume: /workdir/hadoop-ozone/integration-test/target/test-dir/MiniOzoneClusterImpl-7fb7994d-4bc0-4253-a887-0c3ab883c7d2/datanode-2/data/containers/hdds of  storage type : DISK and capacity : 1482555576320
2019-10-08 21:40:35,686 [main] INFO  volume.VolumeSet (VolumeSet.java:initializeVolumeSet(170)) - Added Volume : /workdir/hadoop-ozone/integration-test/target/test-dir/MiniOzoneClusterImpl-7fb7994d-4bc0-4253-a887-0c3ab883c7d2/datanode-2/data/containers/hdds to VolumeSet
2019-10-08 21:40:35,686 [main] INFO  volume.ThrottledAsyncChecker (ThrottledAsyncChecker.java:schedule(139)) - Scheduling a check for org.apache.hadoop.ozone.container.common.volume.HddsVolume@4fb57fb3
2019-10-08 21:40:35,687 [main] INFO  volume.HddsVolumeChecker (HddsVolumeChecker.java:checkAllVolumes(202)) - Scheduled health check for volume org.apache.hadoop.ozone.container.common.volume.HddsVolume@4fb57fb3
2019-10-08 21:40:35,698 [main] INFO  impl.RaftServerProxy (ConfUtils.java:logGet(43)) - raft.rpc.type = GRPC (default)
2019-10-08 21:40:35,698 [main] INFO  grpc.GrpcFactory (GrpcFactory.java:checkPooledByteBufAllocatorUseCacheForAllThreads(45)) - PERFORMANCE WARNING: useCacheForAllThreads is true that may cause Netty to create a lot garbage objects and, as a result, trigger GC.
	It is recommended to disable useCacheForAllThreads by setting -Dorg.apache.ratis.thirdparty.io.netty.allocator.useCacheForAllThreads=false in command line.
2019-10-08 21:40:35,699 [main] INFO  grpc.GrpcConfigKeys$Server (ConfUtils.java:logGet(43)) - raft.grpc.server.port = 0 (default)
2019-10-08 21:40:35,699 [main] INFO  server.GrpcService (ConfUtils.java:logGet(43)) - raft.grpc.message.size.max = 33570816 (custom)
2019-10-08 21:40:35,699 [main] INFO  server.RaftServerConfigKeys (ConfUtils.java:logGet(43)) - raft.server.log.appender.buffer.byte-limit = 33554432 (custom)
2019-10-08 21:40:35,699 [main] INFO  server.GrpcService (ConfUtils.java:logGet(43)) - raft.grpc.flow.control.window = 1MB (=1048576) (default)
2019-10-08 21:40:35,699 [main] INFO  server.RaftServerConfigKeys (ConfUtils.java:logGet(43)) - raft.server.rpc.request.timeout = 3000ms (default)
2019-10-08 21:40:35,700 [main] INFO  server.RaftServerConfigKeys (ConfUtils.java:logGet(43)) - raft.server.storage.dir = [/workdir/hadoop-ozone/integration-test/target/test-dir/MiniOzoneClusterImpl-7fb7994d-4bc0-4253-a887-0c3ab883c7d2/datanode-2/data/ratis] (custom)
2019-10-08 21:40:35,701 [main] INFO  hdfs.DFSUtil (DFSUtil.java:httpServerTemplateForNNAndJN(1641)) - Starting Web-server for hddsDatanode at: http://0.0.0.0:0
2019-10-08 21:40:35,702 [main] INFO  server.AuthenticationFilter (AuthenticationFilter.java:constructSecretProvider(240)) - Unable to initialize FileSignerSecretProvider, falling back to use random secrets.
2019-10-08 21:40:35,703 [main] WARN  http.HttpRequestLog (HttpRequestLog.java:getRequestLog(97)) - Jetty request log can only be enabled using Log4j
2019-10-08 21:40:35,704 [main] INFO  http.HttpServer2 (HttpServer2.java:addGlobalFilter(975)) - Added global filter 'safety' (class=org.apache.hadoop.http.HttpServer2$QuotingInputFilter)
2019-10-08 21:40:35,704 [main] INFO  http.HttpServer2 (HttpServer2.java:addFilter(948)) - Added filter static_user_filter (class=org.apache.hadoop.http.lib.StaticUserWebFilter$StaticUserFilter) to context hddsDatanode
2019-10-08 21:40:35,704 [main] INFO  http.HttpServer2 (HttpServer2.java:addFilter(958)) - Added filter static_user_filter (class=org.apache.hadoop.http.lib.StaticUserWebFilter$StaticUserFilter) to context logs
2019-10-08 21:40:35,704 [main] INFO  http.HttpServer2 (HttpServer2.java:addFilter(958)) - Added filter static_user_filter (class=org.apache.hadoop.http.lib.StaticUserWebFilter$StaticUserFilter) to context static
2019-10-08 21:40:35,705 [main] INFO  http.HttpServer2 (HttpServer2.java:bindListener(1191)) - Jetty bound to port 33066
2019-10-08 21:40:35,705 [main] INFO  server.Server (Server.java:doStart(351)) - jetty-9.3.25.v20180904, build timestamp: 2018-09-04T21:11:46Z, git hash: 3ce520221d0240229c862b122d2b06c12a625732
2019-10-08 21:40:35,707 [main] INFO  handler.ContextHandler (ContextHandler.java:doStart(781)) - Started o.e.j.s.ServletContextHandler@712e787e{/logs,file:///workdir/hadoop-ozone/integration-test/target/log,AVAILABLE}
2019-10-08 21:40:35,707 [main] INFO  handler.ContextHandler (ContextHandler.java:doStart(781)) - Started o.e.j.s.ServletContextHandler@578c3fd9{/static,jar:file:/home/user/.m2/repository/org/apache/hadoop/hadoop-hdds-container-service/0.5.0-SNAPSHOT/hadoop-hdds-container-service-0.5.0-SNAPSHOT.jar!/webapps/static,AVAILABLE}
2019-10-08 21:40:35,736 [main] INFO  handler.ContextHandler (ContextHandler.java:doStart(781)) - Started o.e.j.w.WebAppContext@6cdee57{/,file:///tmp/jetty-0.0.0.0-33066-hddsDatanode-_-any-295799475047671696.dir/webapp/,AVAILABLE}{/hddsDatanode}
2019-10-08 21:40:35,736 [main] INFO  server.AbstractConnector (AbstractConnector.java:doStart(278)) - Started ServerConnector@482f7af0{HTTP/1.1,[http/1.1]}{0.0.0.0:33066}
2019-10-08 21:40:35,737 [main] INFO  server.Server (Server.java:doStart(419)) - Started @588601ms
2019-10-08 21:40:35,737 [main] WARN  impl.MetricsSystemImpl (MetricsSystemImpl.java:register(276)) - Sink prometheus already exists!
2019-10-08 21:40:35,738 [main] INFO  server.BaseHttpServer (BaseHttpServer.java:updateConnectorAddress(215)) - HTTP server of HDDSDATANODE is listening at http://0.0.0.0:33066
2019-10-08 21:40:35,738 [main] INFO  impl.MetricsSystemImpl (MetricsSystemImpl.java:init(158)) - HddsDatanode metrics system started (again)
2019-10-08 21:40:35,743 [org.apache.hadoop.util.JvmPauseMonitor$Monitor@6641c25a] INFO  util.JvmPauseMonitor (JvmPauseMonitor.java:run(188)) - Starting JVM pause monitor
2019-10-08 21:40:35,743 [main] INFO  ozone.HddsDatanodeService (HddsDatanodeService.java:start(184)) - HddsDatanodeService host:pr-hdds-2217-2kdk4-3258704453 ip:192.168.151.107
2019-10-08 21:40:35,744 [Datanode State Machine Thread - 0] INFO  datanode.InitDatanodeState (InitDatanodeState.java:persistContainerDatanodeDetails(140)) - DatanodeDetails is persisted to /workdir/hadoop-ozone/integration-test/target/test-dir/MiniOzoneClusterImpl-7fb7994d-4bc0-4253-a887-0c3ab883c7d2/datanode-2/meta/datanode.id
2019-10-08 21:40:35,749 [main] INFO  volume.HddsVolume (HddsVolume.java:<init>(176)) - Creating Volume: /workdir/hadoop-ozone/integration-test/target/test-dir/MiniOzoneClusterImpl-7fb7994d-4bc0-4253-a887-0c3ab883c7d2/datanode-3/data/containers/hdds of  storage type : DISK and capacity : 1482555576320
2019-10-08 21:40:35,750 [main] INFO  volume.VolumeSet (VolumeSet.java:initializeVolumeSet(170)) - Added Volume : /workdir/hadoop-ozone/integration-test/target/test-dir/MiniOzoneClusterImpl-7fb7994d-4bc0-4253-a887-0c3ab883c7d2/datanode-3/data/containers/hdds to VolumeSet
2019-10-08 21:40:35,750 [main] INFO  volume.ThrottledAsyncChecker (ThrottledAsyncChecker.java:schedule(139)) - Scheduling a check for org.apache.hadoop.ozone.container.common.volume.HddsVolume@3344d163
2019-10-08 21:40:35,750 [main] INFO  volume.HddsVolumeChecker (HddsVolumeChecker.java:checkAllVolumes(202)) - Scheduled health check for volume org.apache.hadoop.ozone.container.common.volume.HddsVolume@3344d163
2019-10-08 21:40:35,766 [main] INFO  impl.RaftServerProxy (ConfUtils.java:logGet(43)) - raft.rpc.type = GRPC (default)
2019-10-08 21:40:35,767 [main] INFO  grpc.GrpcFactory (GrpcFactory.java:checkPooledByteBufAllocatorUseCacheForAllThreads(45)) - PERFORMANCE WARNING: useCacheForAllThreads is true that may cause Netty to create a lot garbage objects and, as a result, trigger GC.
	It is recommended to disable useCacheForAllThreads by setting -Dorg.apache.ratis.thirdparty.io.netty.allocator.useCacheForAllThreads=false in command line.
2019-10-08 21:40:35,767 [main] INFO  grpc.GrpcConfigKeys$Server (ConfUtils.java:logGet(43)) - raft.grpc.server.port = 0 (default)
2019-10-08 21:40:35,767 [main] INFO  server.GrpcService (ConfUtils.java:logGet(43)) - raft.grpc.message.size.max = 33570816 (custom)
2019-10-08 21:40:35,767 [main] INFO  server.RaftServerConfigKeys (ConfUtils.java:logGet(43)) - raft.server.log.appender.buffer.byte-limit = 33554432 (custom)
2019-10-08 21:40:35,768 [main] INFO  server.GrpcService (ConfUtils.java:logGet(43)) - raft.grpc.flow.control.window = 1MB (=1048576) (default)
2019-10-08 21:40:35,768 [main] INFO  server.RaftServerConfigKeys (ConfUtils.java:logGet(43)) - raft.server.rpc.request.timeout = 3000ms (default)
2019-10-08 21:40:35,768 [main] INFO  server.RaftServerConfigKeys (ConfUtils.java:logGet(43)) - raft.server.storage.dir = [/workdir/hadoop-ozone/integration-test/target/test-dir/MiniOzoneClusterImpl-7fb7994d-4bc0-4253-a887-0c3ab883c7d2/datanode-3/data/ratis] (custom)
2019-10-08 21:40:35,770 [main] INFO  hdfs.DFSUtil (DFSUtil.java:httpServerTemplateForNNAndJN(1641)) - Starting Web-server for hddsDatanode at: http://0.0.0.0:0
2019-10-08 21:40:35,772 [main] INFO  server.AuthenticationFilter (AuthenticationFilter.java:constructSecretProvider(240)) - Unable to initialize FileSignerSecretProvider, falling back to use random secrets.
2019-10-08 21:40:35,772 [main] WARN  http.HttpRequestLog (HttpRequestLog.java:getRequestLog(97)) - Jetty request log can only be enabled using Log4j
2019-10-08 21:40:35,774 [main] INFO  http.HttpServer2 (HttpServer2.java:addGlobalFilter(975)) - Added global filter 'safety' (class=org.apache.hadoop.http.HttpServer2$QuotingInputFilter)
2019-10-08 21:40:35,774 [main] INFO  http.HttpServer2 (HttpServer2.java:addFilter(948)) - Added filter static_user_filter (class=org.apache.hadoop.http.lib.StaticUserWebFilter$StaticUserFilter) to context hddsDatanode
2019-10-08 21:40:35,774 [main] INFO  http.HttpServer2 (HttpServer2.java:addFilter(958)) - Added filter static_user_filter (class=org.apache.hadoop.http.lib.StaticUserWebFilter$StaticUserFilter) to context static
2019-10-08 21:40:35,775 [main] INFO  http.HttpServer2 (HttpServer2.java:addFilter(958)) - Added filter static_user_filter (class=org.apache.hadoop.http.lib.StaticUserWebFilter$StaticUserFilter) to context logs
2019-10-08 21:40:35,775 [main] INFO  http.HttpServer2 (HttpServer2.java:bindListener(1191)) - Jetty bound to port 40775
2019-10-08 21:40:35,776 [main] INFO  server.Server (Server.java:doStart(351)) - jetty-9.3.25.v20180904, build timestamp: 2018-09-04T21:11:46Z, git hash: 3ce520221d0240229c862b122d2b06c12a625732
2019-10-08 21:40:35,777 [main] INFO  handler.ContextHandler (ContextHandler.java:doStart(781)) - Started o.e.j.s.ServletContextHandler@7dbae40{/logs,file:///workdir/hadoop-ozone/integration-test/target/log,AVAILABLE}
2019-10-08 21:40:35,778 [main] INFO  handler.ContextHandler (ContextHandler.java:doStart(781)) - Started o.e.j.s.ServletContextHandler@5403907{/static,jar:file:/home/user/.m2/repository/org/apache/hadoop/hadoop-hdds-container-service/0.5.0-SNAPSHOT/hadoop-hdds-container-service-0.5.0-SNAPSHOT.jar!/webapps/static,AVAILABLE}
2019-10-08 21:40:35,818 [main] INFO  handler.ContextHandler (ContextHandler.java:doStart(781)) - Started o.e.j.w.WebAppContext@1fe8f5e8{/,file:///tmp/jetty-0.0.0.0-40775-hddsDatanode-_-any-5492925596123094188.dir/webapp/,AVAILABLE}{/hddsDatanode}
2019-10-08 21:40:35,818 [main] INFO  server.AbstractConnector (AbstractConnector.java:doStart(278)) - Started ServerConnector@39449465{HTTP/1.1,[http/1.1]}{0.0.0.0:40775}
2019-10-08 21:40:35,820 [main] INFO  server.Server (Server.java:doStart(419)) - Started @588684ms
2019-10-08 21:40:35,820 [main] WARN  impl.MetricsSystemImpl (MetricsSystemImpl.java:register(276)) - Sink prometheus already exists!
2019-10-08 21:40:35,821 [main] INFO  server.BaseHttpServer (BaseHttpServer.java:updateConnectorAddress(215)) - HTTP server of HDDSDATANODE is listening at http://0.0.0.0:40775
2019-10-08 21:40:35,821 [main] INFO  impl.MetricsSystemImpl (MetricsSystemImpl.java:init(158)) - HddsDatanode metrics system started (again)
2019-10-08 21:40:35,822 [org.apache.hadoop.util.JvmPauseMonitor$Monitor@e2da38b] INFO  util.JvmPauseMonitor (JvmPauseMonitor.java:run(188)) - Starting JVM pause monitor
2019-10-08 21:40:35,824 [Datanode State Machine Thread - 0] INFO  datanode.InitDatanodeState (InitDatanodeState.java:persistContainerDatanodeDetails(140)) - DatanodeDetails is persisted to /workdir/hadoop-ozone/integration-test/target/test-dir/MiniOzoneClusterImpl-7fb7994d-4bc0-4253-a887-0c3ab883c7d2/datanode-3/meta/datanode.id
2019-10-08 21:40:35,827 [main] INFO  ozone.HddsDatanodeService (HddsDatanodeService.java:start(184)) - HddsDatanodeService host:pr-hdds-2217-2kdk4-3258704453 ip:192.168.151.107
2019-10-08 21:40:35,833 [main] INFO  volume.HddsVolume (HddsVolume.java:<init>(176)) - Creating Volume: /workdir/hadoop-ozone/integration-test/target/test-dir/MiniOzoneClusterImpl-7fb7994d-4bc0-4253-a887-0c3ab883c7d2/datanode-4/data/containers/hdds of  storage type : DISK and capacity : 1482555576320
2019-10-08 21:40:35,833 [main] INFO  volume.VolumeSet (VolumeSet.java:initializeVolumeSet(170)) - Added Volume : /workdir/hadoop-ozone/integration-test/target/test-dir/MiniOzoneClusterImpl-7fb7994d-4bc0-4253-a887-0c3ab883c7d2/datanode-4/data/containers/hdds to VolumeSet
2019-10-08 21:40:35,833 [main] INFO  volume.ThrottledAsyncChecker (ThrottledAsyncChecker.java:schedule(139)) - Scheduling a check for org.apache.hadoop.ozone.container.common.volume.HddsVolume@621f23ac
2019-10-08 21:40:35,834 [main] INFO  volume.HddsVolumeChecker (HddsVolumeChecker.java:checkAllVolumes(202)) - Scheduled health check for volume org.apache.hadoop.ozone.container.common.volume.HddsVolume@621f23ac
2019-10-08 21:40:35,849 [main] INFO  impl.RaftServerProxy (ConfUtils.java:logGet(43)) - raft.rpc.type = GRPC (default)
2019-10-08 21:40:35,849 [main] INFO  grpc.GrpcFactory (GrpcFactory.java:checkPooledByteBufAllocatorUseCacheForAllThreads(45)) - PERFORMANCE WARNING: useCacheForAllThreads is true that may cause Netty to create a lot garbage objects and, as a result, trigger GC.
	It is recommended to disable useCacheForAllThreads by setting -Dorg.apache.ratis.thirdparty.io.netty.allocator.useCacheForAllThreads=false in command line.
2019-10-08 21:40:35,850 [main] INFO  grpc.GrpcConfigKeys$Server (ConfUtils.java:logGet(43)) - raft.grpc.server.port = 0 (default)
2019-10-08 21:40:35,850 [main] INFO  server.GrpcService (ConfUtils.java:logGet(43)) - raft.grpc.message.size.max = 33570816 (custom)
2019-10-08 21:40:35,850 [main] INFO  server.RaftServerConfigKeys (ConfUtils.java:logGet(43)) - raft.server.log.appender.buffer.byte-limit = 33554432 (custom)
2019-10-08 21:40:35,850 [main] INFO  server.GrpcService (ConfUtils.java:logGet(43)) - raft.grpc.flow.control.window = 1MB (=1048576) (default)
2019-10-08 21:40:35,851 [main] INFO  server.RaftServerConfigKeys (ConfUtils.java:logGet(43)) - raft.server.rpc.request.timeout = 3000ms (default)
2019-10-08 21:40:35,851 [main] INFO  server.RaftServerConfigKeys (ConfUtils.java:logGet(43)) - raft.server.storage.dir = [/workdir/hadoop-ozone/integration-test/target/test-dir/MiniOzoneClusterImpl-7fb7994d-4bc0-4253-a887-0c3ab883c7d2/datanode-4/data/ratis] (custom)
2019-10-08 21:40:35,853 [main] INFO  hdfs.DFSUtil (DFSUtil.java:httpServerTemplateForNNAndJN(1641)) - Starting Web-server for hddsDatanode at: http://0.0.0.0:0
2019-10-08 21:40:35,855 [main] INFO  server.AuthenticationFilter (AuthenticationFilter.java:constructSecretProvider(240)) - Unable to initialize FileSignerSecretProvider, falling back to use random secrets.
2019-10-08 21:40:35,855 [main] WARN  http.HttpRequestLog (HttpRequestLog.java:getRequestLog(97)) - Jetty request log can only be enabled using Log4j
2019-10-08 21:40:35,857 [main] INFO  http.HttpServer2 (HttpServer2.java:addGlobalFilter(975)) - Added global filter 'safety' (class=org.apache.hadoop.http.HttpServer2$QuotingInputFilter)
2019-10-08 21:40:35,857 [main] INFO  http.HttpServer2 (HttpServer2.java:addFilter(948)) - Added filter static_user_filter (class=org.apache.hadoop.http.lib.StaticUserWebFilter$StaticUserFilter) to context hddsDatanode
2019-10-08 21:40:35,857 [main] INFO  http.HttpServer2 (HttpServer2.java:addFilter(958)) - Added filter static_user_filter (class=org.apache.hadoop.http.lib.StaticUserWebFilter$StaticUserFilter) to context logs
2019-10-08 21:40:35,858 [main] INFO  http.HttpServer2 (HttpServer2.java:addFilter(958)) - Added filter static_user_filter (class=org.apache.hadoop.http.lib.StaticUserWebFilter$StaticUserFilter) to context static
2019-10-08 21:40:35,858 [main] INFO  http.HttpServer2 (HttpServer2.java:bindListener(1191)) - Jetty bound to port 43292
2019-10-08 21:40:35,858 [main] INFO  server.Server (Server.java:doStart(351)) - jetty-9.3.25.v20180904, build timestamp: 2018-09-04T21:11:46Z, git hash: 3ce520221d0240229c862b122d2b06c12a625732
2019-10-08 21:40:35,860 [main] INFO  handler.ContextHandler (ContextHandler.java:doStart(781)) - Started o.e.j.s.ServletContextHandler@7f2b584b{/logs,file:///workdir/hadoop-ozone/integration-test/target/log,AVAILABLE}
2019-10-08 21:40:35,860 [main] INFO  handler.ContextHandler (ContextHandler.java:doStart(781)) - Started o.e.j.s.ServletContextHandler@56a05324{/static,jar:file:/home/user/.m2/repository/org/apache/hadoop/hadoop-hdds-container-service/0.5.0-SNAPSHOT/hadoop-hdds-container-service-0.5.0-SNAPSHOT.jar!/webapps/static,AVAILABLE}
2019-10-08 21:40:35,888 [main] INFO  handler.ContextHandler (ContextHandler.java:doStart(781)) - Started o.e.j.w.WebAppContext@5b066c33{/,file:///tmp/jetty-0.0.0.0-43292-hddsDatanode-_-any-4828358084423735858.dir/webapp/,AVAILABLE}{/hddsDatanode}
2019-10-08 21:40:35,889 [main] INFO  server.AbstractConnector (AbstractConnector.java:doStart(278)) - Started ServerConnector@62ea8931{HTTP/1.1,[http/1.1]}{0.0.0.0:43292}
2019-10-08 21:40:35,891 [main] INFO  server.Server (Server.java:doStart(419)) - Started @588755ms
2019-10-08 21:40:35,891 [main] WARN  impl.MetricsSystemImpl (MetricsSystemImpl.java:register(276)) - Sink prometheus already exists!
2019-10-08 21:40:35,892 [main] INFO  server.BaseHttpServer (BaseHttpServer.java:updateConnectorAddress(215)) - HTTP server of HDDSDATANODE is listening at http://0.0.0.0:43292
2019-10-08 21:40:35,892 [main] INFO  impl.MetricsSystemImpl (MetricsSystemImpl.java:init(158)) - HddsDatanode metrics system started (again)
2019-10-08 21:40:35,898 [main] INFO  ozone.HddsDatanodeService (HddsDatanodeService.java:start(184)) - HddsDatanodeService host:pr-hdds-2217-2kdk4-3258704453 ip:192.168.151.107
2019-10-08 21:40:35,899 [org.apache.hadoop.util.JvmPauseMonitor$Monitor@45915994] INFO  util.JvmPauseMonitor (JvmPauseMonitor.java:run(188)) - Starting JVM pause monitor
2019-10-08 21:40:35,901 [Datanode State Machine Thread - 0] INFO  datanode.InitDatanodeState (InitDatanodeState.java:persistContainerDatanodeDetails(140)) - DatanodeDetails is persisted to /workdir/hadoop-ozone/integration-test/target/test-dir/MiniOzoneClusterImpl-7fb7994d-4bc0-4253-a887-0c3ab883c7d2/datanode-4/meta/datanode.id
2019-10-08 21:40:35,905 [main] INFO  volume.HddsVolume (HddsVolume.java:<init>(176)) - Creating Volume: /workdir/hadoop-ozone/integration-test/target/test-dir/MiniOzoneClusterImpl-7fb7994d-4bc0-4253-a887-0c3ab883c7d2/datanode-5/data/containers/hdds of  storage type : DISK and capacity : 1482555576320
2019-10-08 21:40:35,905 [main] INFO  volume.VolumeSet (VolumeSet.java:initializeVolumeSet(170)) - Added Volume : /workdir/hadoop-ozone/integration-test/target/test-dir/MiniOzoneClusterImpl-7fb7994d-4bc0-4253-a887-0c3ab883c7d2/datanode-5/data/containers/hdds to VolumeSet
2019-10-08 21:40:35,905 [main] INFO  volume.ThrottledAsyncChecker (ThrottledAsyncChecker.java:schedule(139)) - Scheduling a check for org.apache.hadoop.ozone.container.common.volume.HddsVolume@4c635edc
2019-10-08 21:40:35,906 [main] INFO  volume.HddsVolumeChecker (HddsVolumeChecker.java:checkAllVolumes(202)) - Scheduled health check for volume org.apache.hadoop.ozone.container.common.volume.HddsVolume@4c635edc
2019-10-08 21:40:35,918 [main] INFO  impl.RaftServerProxy (ConfUtils.java:logGet(43)) - raft.rpc.type = GRPC (default)
2019-10-08 21:40:35,918 [main] INFO  grpc.GrpcFactory (GrpcFactory.java:checkPooledByteBufAllocatorUseCacheForAllThreads(45)) - PERFORMANCE WARNING: useCacheForAllThreads is true that may cause Netty to create a lot garbage objects and, as a result, trigger GC.
	It is recommended to disable useCacheForAllThreads by setting -Dorg.apache.ratis.thirdparty.io.netty.allocator.useCacheForAllThreads=false in command line.
2019-10-08 21:40:35,918 [main] INFO  grpc.GrpcConfigKeys$Server (ConfUtils.java:logGet(43)) - raft.grpc.server.port = 0 (default)
2019-10-08 21:40:35,918 [main] INFO  server.GrpcService (ConfUtils.java:logGet(43)) - raft.grpc.message.size.max = 33570816 (custom)
2019-10-08 21:40:35,919 [main] INFO  server.RaftServerConfigKeys (ConfUtils.java:logGet(43)) - raft.server.log.appender.buffer.byte-limit = 33554432 (custom)
2019-10-08 21:40:35,919 [main] INFO  server.GrpcService (ConfUtils.java:logGet(43)) - raft.grpc.flow.control.window = 1MB (=1048576) (default)
2019-10-08 21:40:35,919 [main] INFO  server.RaftServerConfigKeys (ConfUtils.java:logGet(43)) - raft.server.rpc.request.timeout = 3000ms (default)
2019-10-08 21:40:35,919 [main] INFO  server.RaftServerConfigKeys (ConfUtils.java:logGet(43)) - raft.server.storage.dir = [/workdir/hadoop-ozone/integration-test/target/test-dir/MiniOzoneClusterImpl-7fb7994d-4bc0-4253-a887-0c3ab883c7d2/datanode-5/data/ratis] (custom)
2019-10-08 21:40:35,921 [main] INFO  hdfs.DFSUtil (DFSUtil.java:httpServerTemplateForNNAndJN(1641)) - Starting Web-server for hddsDatanode at: http://0.0.0.0:0
2019-10-08 21:40:35,922 [main] INFO  server.AuthenticationFilter (AuthenticationFilter.java:constructSecretProvider(240)) - Unable to initialize FileSignerSecretProvider, falling back to use random secrets.
2019-10-08 21:40:35,922 [main] WARN  http.HttpRequestLog (HttpRequestLog.java:getRequestLog(97)) - Jetty request log can only be enabled using Log4j
2019-10-08 21:40:35,923 [main] INFO  http.HttpServer2 (HttpServer2.java:addGlobalFilter(975)) - Added global filter 'safety' (class=org.apache.hadoop.http.HttpServer2$QuotingInputFilter)
2019-10-08 21:40:35,924 [main] INFO  http.HttpServer2 (HttpServer2.java:addFilter(948)) - Added filter static_user_filter (class=org.apache.hadoop.http.lib.StaticUserWebFilter$StaticUserFilter) to context hddsDatanode
2019-10-08 21:40:35,924 [main] INFO  http.HttpServer2 (HttpServer2.java:addFilter(958)) - Added filter static_user_filter (class=org.apache.hadoop.http.lib.StaticUserWebFilter$StaticUserFilter) to context static
2019-10-08 21:40:35,924 [main] INFO  http.HttpServer2 (HttpServer2.java:addFilter(958)) - Added filter static_user_filter (class=org.apache.hadoop.http.lib.StaticUserWebFilter$StaticUserFilter) to context logs
2019-10-08 21:40:35,925 [main] INFO  http.HttpServer2 (HttpServer2.java:bindListener(1191)) - Jetty bound to port 42275
2019-10-08 21:40:35,925 [main] INFO  server.Server (Server.java:doStart(351)) - jetty-9.3.25.v20180904, build timestamp: 2018-09-04T21:11:46Z, git hash: 3ce520221d0240229c862b122d2b06c12a625732
2019-10-08 21:40:35,926 [main] INFO  handler.ContextHandler (ContextHandler.java:doStart(781)) - Started o.e.j.s.ServletContextHandler@51b87df7{/logs,file:///workdir/hadoop-ozone/integration-test/target/log,AVAILABLE}
2019-10-08 21:40:35,927 [main] INFO  handler.ContextHandler (ContextHandler.java:doStart(781)) - Started o.e.j.s.ServletContextHandler@634e1b39{/static,jar:file:/home/user/.m2/repository/org/apache/hadoop/hadoop-hdds-container-service/0.5.0-SNAPSHOT/hadoop-hdds-container-service-0.5.0-SNAPSHOT.jar!/webapps/static,AVAILABLE}
2019-10-08 21:40:35,953 [main] INFO  handler.ContextHandler (ContextHandler.java:doStart(781)) - Started o.e.j.w.WebAppContext@cf01c2e{/,file:///tmp/jetty-0.0.0.0-42275-hddsDatanode-_-any-6177751447120887833.dir/webapp/,AVAILABLE}{/hddsDatanode}
2019-10-08 21:40:35,954 [main] INFO  server.AbstractConnector (AbstractConnector.java:doStart(278)) - Started ServerConnector@6f15f52a{HTTP/1.1,[http/1.1]}{0.0.0.0:42275}
2019-10-08 21:40:35,956 [main] INFO  server.Server (Server.java:doStart(419)) - Started @588820ms
2019-10-08 21:40:35,956 [main] WARN  impl.MetricsSystemImpl (MetricsSystemImpl.java:register(276)) - Sink prometheus already exists!
2019-10-08 21:40:35,956 [main] INFO  server.BaseHttpServer (BaseHttpServer.java:updateConnectorAddress(215)) - HTTP server of HDDSDATANODE is listening at http://0.0.0.0:42275
2019-10-08 21:40:35,957 [main] INFO  impl.MetricsSystemImpl (MetricsSystemImpl.java:init(158)) - HddsDatanode metrics system started (again)
2019-10-08 21:40:35,962 [org.apache.hadoop.util.JvmPauseMonitor$Monitor@a255ee4] INFO  util.JvmPauseMonitor (JvmPauseMonitor.java:run(188)) - Starting JVM pause monitor
2019-10-08 21:40:35,963 [main] INFO  ozone.HddsDatanodeService (HddsDatanodeService.java:start(184)) - HddsDatanodeService host:pr-hdds-2217-2kdk4-3258704453 ip:192.168.151.107
2019-10-08 21:40:35,963 [Datanode State Machine Thread - 0] INFO  datanode.InitDatanodeState (InitDatanodeState.java:persistContainerDatanodeDetails(140)) - DatanodeDetails is persisted to /workdir/hadoop-ozone/integration-test/target/test-dir/MiniOzoneClusterImpl-7fb7994d-4bc0-4253-a887-0c3ab883c7d2/datanode-5/meta/datanode.id
2019-10-08 21:40:35,969 [main] INFO  volume.HddsVolume (HddsVolume.java:<init>(176)) - Creating Volume: /workdir/hadoop-ozone/integration-test/target/test-dir/MiniOzoneClusterImpl-7fb7994d-4bc0-4253-a887-0c3ab883c7d2/datanode-6/data/containers/hdds of  storage type : DISK and capacity : 1482555576320
2019-10-08 21:40:35,969 [main] INFO  volume.VolumeSet (VolumeSet.java:initializeVolumeSet(170)) - Added Volume : /workdir/hadoop-ozone/integration-test/target/test-dir/MiniOzoneClusterImpl-7fb7994d-4bc0-4253-a887-0c3ab883c7d2/datanode-6/data/containers/hdds to VolumeSet
2019-10-08 21:40:35,969 [main] INFO  volume.ThrottledAsyncChecker (ThrottledAsyncChecker.java:schedule(139)) - Scheduling a check for org.apache.hadoop.ozone.container.common.volume.HddsVolume@5d2a86c0
2019-10-08 21:40:35,970 [main] INFO  volume.HddsVolumeChecker (HddsVolumeChecker.java:checkAllVolumes(202)) - Scheduled health check for volume org.apache.hadoop.ozone.container.common.volume.HddsVolume@5d2a86c0
2019-10-08 21:40:35,981 [main] INFO  impl.RaftServerProxy (ConfUtils.java:logGet(43)) - raft.rpc.type = GRPC (default)
2019-10-08 21:40:35,982 [main] INFO  grpc.GrpcFactory (GrpcFactory.java:checkPooledByteBufAllocatorUseCacheForAllThreads(45)) - PERFORMANCE WARNING: useCacheForAllThreads is true that may cause Netty to create a lot garbage objects and, as a result, trigger GC.
	It is recommended to disable useCacheForAllThreads by setting -Dorg.apache.ratis.thirdparty.io.netty.allocator.useCacheForAllThreads=false in command line.
2019-10-08 21:40:35,982 [main] INFO  grpc.GrpcConfigKeys$Server (ConfUtils.java:logGet(43)) - raft.grpc.server.port = 0 (default)
2019-10-08 21:40:35,982 [main] INFO  server.GrpcService (ConfUtils.java:logGet(43)) - raft.grpc.message.size.max = 33570816 (custom)
2019-10-08 21:40:35,982 [main] INFO  server.RaftServerConfigKeys (ConfUtils.java:logGet(43)) - raft.server.log.appender.buffer.byte-limit = 33554432 (custom)
2019-10-08 21:40:35,982 [main] INFO  server.GrpcService (ConfUtils.java:logGet(43)) - raft.grpc.flow.control.window = 1MB (=1048576) (default)
2019-10-08 21:40:35,982 [main] INFO  server.RaftServerConfigKeys (ConfUtils.java:logGet(43)) - raft.server.rpc.request.timeout = 3000ms (default)
2019-10-08 21:40:35,983 [main] INFO  server.RaftServerConfigKeys (ConfUtils.java:logGet(43)) - raft.server.storage.dir = [/workdir/hadoop-ozone/integration-test/target/test-dir/MiniOzoneClusterImpl-7fb7994d-4bc0-4253-a887-0c3ab883c7d2/datanode-6/data/ratis] (custom)
2019-10-08 21:40:35,984 [main] INFO  hdfs.DFSUtil (DFSUtil.java:httpServerTemplateForNNAndJN(1641)) - Starting Web-server for hddsDatanode at: http://0.0.0.0:0
2019-10-08 21:40:35,985 [main] INFO  server.AuthenticationFilter (AuthenticationFilter.java:constructSecretProvider(240)) - Unable to initialize FileSignerSecretProvider, falling back to use random secrets.
2019-10-08 21:40:35,985 [main] WARN  http.HttpRequestLog (HttpRequestLog.java:getRequestLog(97)) - Jetty request log can only be enabled using Log4j
2019-10-08 21:40:35,987 [main] INFO  http.HttpServer2 (HttpServer2.java:addGlobalFilter(975)) - Added global filter 'safety' (class=org.apache.hadoop.http.HttpServer2$QuotingInputFilter)
2019-10-08 21:40:35,987 [main] INFO  http.HttpServer2 (HttpServer2.java:addFilter(948)) - Added filter static_user_filter (class=org.apache.hadoop.http.lib.StaticUserWebFilter$StaticUserFilter) to context hddsDatanode
2019-10-08 21:40:35,987 [main] INFO  http.HttpServer2 (HttpServer2.java:addFilter(958)) - Added filter static_user_filter (class=org.apache.hadoop.http.lib.StaticUserWebFilter$StaticUserFilter) to context static
2019-10-08 21:40:35,987 [main] INFO  http.HttpServer2 (HttpServer2.java:addFilter(958)) - Added filter static_user_filter (class=org.apache.hadoop.http.lib.StaticUserWebFilter$StaticUserFilter) to context logs
2019-10-08 21:40:35,988 [main] INFO  http.HttpServer2 (HttpServer2.java:bindListener(1191)) - Jetty bound to port 43550
2019-10-08 21:40:35,988 [main] INFO  server.Server (Server.java:doStart(351)) - jetty-9.3.25.v20180904, build timestamp: 2018-09-04T21:11:46Z, git hash: 3ce520221d0240229c862b122d2b06c12a625732
2019-10-08 21:40:35,989 [main] INFO  handler.ContextHandler (ContextHandler.java:doStart(781)) - Started o.e.j.s.ServletContextHandler@437281c5{/logs,file:///workdir/hadoop-ozone/integration-test/target/log,AVAILABLE}
2019-10-08 21:40:35,990 [main] INFO  handler.ContextHandler (ContextHandler.java:doStart(781)) - Started o.e.j.s.ServletContextHandler@24a4e2c5{/static,jar:file:/home/user/.m2/repository/org/apache/hadoop/hadoop-hdds-container-service/0.5.0-SNAPSHOT/hadoop-hdds-container-service-0.5.0-SNAPSHOT.jar!/webapps/static,AVAILABLE}
2019-10-08 21:40:36,016 [main] INFO  handler.ContextHandler (ContextHandler.java:doStart(781)) - Started o.e.j.w.WebAppContext@c14e5a5{/,file:///tmp/jetty-0.0.0.0-43550-hddsDatanode-_-any-6952536516579831267.dir/webapp/,AVAILABLE}{/hddsDatanode}
2019-10-08 21:40:36,017 [main] INFO  server.AbstractConnector (AbstractConnector.java:doStart(278)) - Started ServerConnector@16f15ae9{HTTP/1.1,[http/1.1]}{0.0.0.0:43550}
2019-10-08 21:40:36,021 [main] INFO  server.Server (Server.java:doStart(419)) - Started @588885ms
2019-10-08 21:40:36,022 [main] WARN  impl.MetricsSystemImpl (MetricsSystemImpl.java:register(276)) - Sink prometheus already exists!
2019-10-08 21:40:36,023 [main] INFO  server.BaseHttpServer (BaseHttpServer.java:updateConnectorAddress(215)) - HTTP server of HDDSDATANODE is listening at http://0.0.0.0:43550
2019-10-08 21:40:36,023 [main] INFO  ozone.MiniOzoneClusterImpl (MiniOzoneClusterImpl.java:lambda$waitForClusterToBeReady$0(147)) - Waiting for cluster to be ready. Got 0 of 7 DN Heartbeats.
2019-10-08 21:40:36,024 [org.apache.hadoop.util.JvmPauseMonitor$Monitor@5ef902fc] INFO  util.JvmPauseMonitor (JvmPauseMonitor.java:run(188)) - Starting JVM pause monitor
2019-10-08 21:40:36,026 [Datanode State Machine Thread - 0] INFO  datanode.InitDatanodeState (InitDatanodeState.java:persistContainerDatanodeDetails(140)) - DatanodeDetails is persisted to /workdir/hadoop-ozone/integration-test/target/test-dir/MiniOzoneClusterImpl-7fb7994d-4bc0-4253-a887-0c3ab883c7d2/datanode-6/meta/datanode.id
2019-10-08 21:40:37,024 [main] INFO  ozone.MiniOzoneClusterImpl (MiniOzoneClusterImpl.java:lambda$waitForClusterToBeReady$0(147)) - Waiting for cluster to be ready. Got 0 of 7 DN Heartbeats.
2019-10-08 21:40:37,598 [Datanode State Machine Thread - 0] INFO  ozoneimpl.OzoneContainer (OzoneContainer.java:start(213)) - Attempting to start container services.
2019-10-08 21:40:37,598 [Datanode State Machine Thread - 0] INFO  ozoneimpl.OzoneContainer (OzoneContainer.java:startContainerScrub(177)) - Background container scanner has been disabled.
2019-10-08 21:40:37,599 [Datanode State Machine Thread - 0] INFO  ratis.XceiverServerRatis (XceiverServerRatis.java:start(418)) - Starting XceiverServerRatis 8c43b318-eee5-46fe-878c-785d6b15b75a at port 0
2019-10-08 21:40:37,603 [Datanode State Machine Thread - 0] INFO  impl.RaftServerProxy (RaftServerProxy.java:lambda$start$3(299)) - 8c43b318-eee5-46fe-878c-785d6b15b75a: start RPC server
2019-10-08 21:40:37,605 [Datanode State Machine Thread - 0] INFO  server.GrpcService (GrpcService.java:startImpl(158)) - 8c43b318-eee5-46fe-878c-785d6b15b75a: GrpcService started, listening on 0.0.0.0/0.0.0.0:35559
2019-10-08 21:40:37,606 [Datanode State Machine Thread - 0] INFO  ratis.XceiverServerRatis (XceiverServerRatis.java:start(428)) - XceiverServerRatis 8c43b318-eee5-46fe-878c-785d6b15b75a is started using port 35559
2019-10-08 21:40:37,608 [Datanode State Machine Thread - 0] INFO  server.XceiverServerGrpc (XceiverServerGrpc.java:start(149)) - XceiverServerGrpc 8c43b318-eee5-46fe-878c-785d6b15b75a is started using port 41969
2019-10-08 21:40:37,707 [Datanode State Machine Thread - 0] INFO  ozoneimpl.OzoneContainer (OzoneContainer.java:start(213)) - Attempting to start container services.
2019-10-08 21:40:37,707 [Datanode State Machine Thread - 0] INFO  ozoneimpl.OzoneContainer (OzoneContainer.java:startContainerScrub(177)) - Background container scanner has been disabled.
2019-10-08 21:40:37,707 [Datanode State Machine Thread - 0] INFO  ratis.XceiverServerRatis (XceiverServerRatis.java:start(418)) - Starting XceiverServerRatis 5e869320-ccac-4aeb-8df2-e4f668b3d0f4 at port 0
2019-10-08 21:40:37,712 [Datanode State Machine Thread - 0] INFO  impl.RaftServerProxy (RaftServerProxy.java:lambda$start$3(299)) - 5e869320-ccac-4aeb-8df2-e4f668b3d0f4: start RPC server
2019-10-08 21:40:37,713 [Datanode State Machine Thread - 0] INFO  server.GrpcService (GrpcService.java:startImpl(158)) - 5e869320-ccac-4aeb-8df2-e4f668b3d0f4: GrpcService started, listening on 0.0.0.0/0.0.0.0:33051
2019-10-08 21:40:37,713 [Datanode State Machine Thread - 0] INFO  ratis.XceiverServerRatis (XceiverServerRatis.java:start(428)) - XceiverServerRatis 5e869320-ccac-4aeb-8df2-e4f668b3d0f4 is started using port 33051
2019-10-08 21:40:37,713 [Datanode State Machine Thread - 0] INFO  server.XceiverServerGrpc (XceiverServerGrpc.java:start(149)) - XceiverServerGrpc 5e869320-ccac-4aeb-8df2-e4f668b3d0f4 is started using port 35916
2019-10-08 21:40:37,756 [Datanode State Machine Thread - 0] INFO  ozoneimpl.OzoneContainer (OzoneContainer.java:start(213)) - Attempting to start container services.
2019-10-08 21:40:37,756 [Datanode State Machine Thread - 0] INFO  ozoneimpl.OzoneContainer (OzoneContainer.java:startContainerScrub(177)) - Background container scanner has been disabled.
2019-10-08 21:40:37,757 [Datanode State Machine Thread - 0] INFO  ratis.XceiverServerRatis (XceiverServerRatis.java:start(418)) - Starting XceiverServerRatis f3a9150c-a922-470c-8d35-94a0c83d506b at port 0
2019-10-08 21:40:37,761 [Datanode State Machine Thread - 0] INFO  impl.RaftServerProxy (RaftServerProxy.java:lambda$start$3(299)) - f3a9150c-a922-470c-8d35-94a0c83d506b: start RPC server
2019-10-08 21:40:37,762 [Datanode State Machine Thread - 0] INFO  server.GrpcService (GrpcService.java:startImpl(158)) - f3a9150c-a922-470c-8d35-94a0c83d506b: GrpcService started, listening on 0.0.0.0/0.0.0.0:43452
2019-10-08 21:40:37,762 [Datanode State Machine Thread - 0] INFO  ratis.XceiverServerRatis (XceiverServerRatis.java:start(428)) - XceiverServerRatis f3a9150c-a922-470c-8d35-94a0c83d506b is started using port 43452
2019-10-08 21:40:37,764 [Datanode State Machine Thread - 0] INFO  server.XceiverServerGrpc (XceiverServerGrpc.java:start(149)) - XceiverServerGrpc f3a9150c-a922-470c-8d35-94a0c83d506b is started using port 42263
2019-10-08 21:40:37,836 [Datanode State Machine Thread - 0] INFO  ozoneimpl.OzoneContainer (OzoneContainer.java:start(213)) - Attempting to start container services.
2019-10-08 21:40:37,836 [Datanode State Machine Thread - 0] INFO  ozoneimpl.OzoneContainer (OzoneContainer.java:startContainerScrub(177)) - Background container scanner has been disabled.
2019-10-08 21:40:37,837 [Datanode State Machine Thread - 0] INFO  ratis.XceiverServerRatis (XceiverServerRatis.java:start(418)) - Starting XceiverServerRatis 943987cc-052a-4c66-b334-3413c0116694 at port 0
2019-10-08 21:40:37,842 [Datanode State Machine Thread - 0] INFO  impl.RaftServerProxy (RaftServerProxy.java:lambda$start$3(299)) - 943987cc-052a-4c66-b334-3413c0116694: start RPC server
2019-10-08 21:40:37,845 [Datanode State Machine Thread - 0] INFO  server.GrpcService (GrpcService.java:startImpl(158)) - 943987cc-052a-4c66-b334-3413c0116694: GrpcService started, listening on 0.0.0.0/0.0.0.0:44948
2019-10-08 21:40:37,846 [Datanode State Machine Thread - 0] INFO  ratis.XceiverServerRatis (XceiverServerRatis.java:start(428)) - XceiverServerRatis 943987cc-052a-4c66-b334-3413c0116694 is started using port 44948
2019-10-08 21:40:37,846 [Datanode State Machine Thread - 0] INFO  server.XceiverServerGrpc (XceiverServerGrpc.java:start(149)) - XceiverServerGrpc 943987cc-052a-4c66-b334-3413c0116694 is started using port 42581
2019-10-08 21:40:37,914 [Datanode State Machine Thread - 0] INFO  ozoneimpl.OzoneContainer (OzoneContainer.java:start(213)) - Attempting to start container services.
2019-10-08 21:40:37,914 [Datanode State Machine Thread - 0] INFO  ozoneimpl.OzoneContainer (OzoneContainer.java:startContainerScrub(177)) - Background container scanner has been disabled.
2019-10-08 21:40:37,914 [Datanode State Machine Thread - 0] INFO  ratis.XceiverServerRatis (XceiverServerRatis.java:start(418)) - Starting XceiverServerRatis 02b80970-fa1c-404f-b5fe-a1cf6fa01e71 at port 0
2019-10-08 21:40:37,919 [Datanode State Machine Thread - 0] INFO  impl.RaftServerProxy (RaftServerProxy.java:lambda$start$3(299)) - 02b80970-fa1c-404f-b5fe-a1cf6fa01e71: start RPC server
2019-10-08 21:40:37,919 [Datanode State Machine Thread - 0] INFO  server.GrpcService (GrpcService.java:startImpl(158)) - 02b80970-fa1c-404f-b5fe-a1cf6fa01e71: GrpcService started, listening on 0.0.0.0/0.0.0.0:40218
2019-10-08 21:40:37,920 [Datanode State Machine Thread - 0] INFO  ratis.XceiverServerRatis (XceiverServerRatis.java:start(428)) - XceiverServerRatis 02b80970-fa1c-404f-b5fe-a1cf6fa01e71 is started using port 40218
2019-10-08 21:40:37,922 [Datanode State Machine Thread - 0] INFO  server.XceiverServerGrpc (XceiverServerGrpc.java:start(149)) - XceiverServerGrpc 02b80970-fa1c-404f-b5fe-a1cf6fa01e71 is started using port 43746
2019-10-08 21:40:37,987 [Datanode State Machine Thread - 0] INFO  ozoneimpl.OzoneContainer (OzoneContainer.java:start(213)) - Attempting to start container services.
2019-10-08 21:40:37,987 [Datanode State Machine Thread - 0] INFO  ozoneimpl.OzoneContainer (OzoneContainer.java:startContainerScrub(177)) - Background container scanner has been disabled.
2019-10-08 21:40:37,987 [Datanode State Machine Thread - 0] INFO  ratis.XceiverServerRatis (XceiverServerRatis.java:start(418)) - Starting XceiverServerRatis 6127908d-2d89-4418-b2d1-db9941b4b945 at port 0
2019-10-08 21:40:37,991 [Datanode State Machine Thread - 0] INFO  impl.RaftServerProxy (RaftServerProxy.java:lambda$start$3(299)) - 6127908d-2d89-4418-b2d1-db9941b4b945: start RPC server
2019-10-08 21:40:37,991 [Datanode State Machine Thread - 0] INFO  server.GrpcService (GrpcService.java:startImpl(158)) - 6127908d-2d89-4418-b2d1-db9941b4b945: GrpcService started, listening on 0.0.0.0/0.0.0.0:36582
2019-10-08 21:40:37,991 [Datanode State Machine Thread - 0] INFO  ratis.XceiverServerRatis (XceiverServerRatis.java:start(428)) - XceiverServerRatis 6127908d-2d89-4418-b2d1-db9941b4b945 is started using port 36582
2019-10-08 21:40:37,994 [Datanode State Machine Thread - 0] INFO  server.XceiverServerGrpc (XceiverServerGrpc.java:start(149)) - XceiverServerGrpc 6127908d-2d89-4418-b2d1-db9941b4b945 is started using port 41670
2019-10-08 21:40:38,024 [main] INFO  ozone.MiniOzoneClusterImpl (MiniOzoneClusterImpl.java:lambda$waitForClusterToBeReady$0(147)) - Waiting for cluster to be ready. Got 0 of 7 DN Heartbeats.
2019-10-08 21:40:38,038 [Datanode State Machine Thread - 0] INFO  ozoneimpl.OzoneContainer (OzoneContainer.java:start(213)) - Attempting to start container services.
2019-10-08 21:40:38,038 [Datanode State Machine Thread - 0] INFO  ozoneimpl.OzoneContainer (OzoneContainer.java:startContainerScrub(177)) - Background container scanner has been disabled.
2019-10-08 21:40:38,038 [Datanode State Machine Thread - 0] INFO  ratis.XceiverServerRatis (XceiverServerRatis.java:start(418)) - Starting XceiverServerRatis 2fadce2d-0f30-4c07-bb86-65c3390b8d84 at port 0
2019-10-08 21:40:38,043 [Datanode State Machine Thread - 0] INFO  impl.RaftServerProxy (RaftServerProxy.java:lambda$start$3(299)) - 2fadce2d-0f30-4c07-bb86-65c3390b8d84: start RPC server
2019-10-08 21:40:38,053 [Datanode State Machine Thread - 0] INFO  server.GrpcService (GrpcService.java:startImpl(158)) - 2fadce2d-0f30-4c07-bb86-65c3390b8d84: GrpcService started, listening on 0.0.0.0/0.0.0.0:39198
2019-10-08 21:40:38,054 [Datanode State Machine Thread - 0] INFO  ratis.XceiverServerRatis (XceiverServerRatis.java:start(428)) - XceiverServerRatis 2fadce2d-0f30-4c07-bb86-65c3390b8d84 is started using port 39198
2019-10-08 21:40:38,056 [Datanode State Machine Thread - 0] INFO  server.XceiverServerGrpc (XceiverServerGrpc.java:start(149)) - XceiverServerGrpc 2fadce2d-0f30-4c07-bb86-65c3390b8d84 is started using port 44927
2019-10-08 21:40:39,025 [main] INFO  ozone.MiniOzoneClusterImpl (MiniOzoneClusterImpl.java:lambda$waitForClusterToBeReady$0(147)) - Waiting for cluster to be ready. Got 0 of 7 DN Heartbeats.
2019-10-08 21:40:39,574 [IPC Server handler 1 on 34191] INFO  net.NetworkTopology (NetworkTopologyImpl.java:add(111)) - Added a new node: /default-rack/8c43b318-eee5-46fe-878c-785d6b15b75a
2019-10-08 21:40:39,576 [IPC Server handler 1 on 34191] INFO  node.SCMNodeManager (SCMNodeManager.java:register(268)) - Registered Data node : 8c43b318-eee5-46fe-878c-785d6b15b75a{ip: 192.168.151.107, host: pr-hdds-2217-2kdk4-3258704453, networkLocation: /default-rack, certSerialId: null}
2019-10-08 21:40:39,577 [EventQueue-NodeRegistrationContainerReportForDataNodeSafeModeRule] INFO  safemode.SCMSafeModeManager (DataNodeSafeModeRule.java:process(71)) - SCM in safe mode. 1 DataNodes registered, 1 required.
2019-10-08 21:40:39,579 [EventQueue-NodeRegistrationContainerReportForDataNodeSafeModeRule] INFO  safemode.SCMSafeModeManager (SCMSafeModeManager.java:validateSafeModeExitRules(177)) - ScmSafeModeManager, all rules are successfully validated
2019-10-08 21:40:39,579 [EventQueue-NodeRegistrationContainerReportForDataNodeSafeModeRule] INFO  safemode.SCMSafeModeManager (SCMSafeModeManager.java:exitSafeMode(193)) - SCM exiting safe mode.
2019-10-08 21:40:39,588 [grpc-default-executor-8] INFO  impl.RaftServerProxy (RaftServerProxy.java:addNew(89)) - 8c43b318-eee5-46fe-878c-785d6b15b75a: addNew group-D74E408DEE57:[8c43b318-eee5-46fe-878c-785d6b15b75a:192.168.151.107:35559] returns group-D74E408DEE57:java.util.concurrent.CompletableFuture@6f0f049c[Not completed]
2019-10-08 21:40:39,589 [pool-409-thread-1] INFO  impl.RaftServerImpl (RaftServerImpl.java:<init>(95)) - 8c43b318-eee5-46fe-878c-785d6b15b75a: new RaftServerImpl for group-D74E408DEE57:[8c43b318-eee5-46fe-878c-785d6b15b75a:192.168.151.107:35559] with ContainerStateMachine:uninitialized
2019-10-08 21:40:39,589 [pool-409-thread-1] INFO  server.RaftServerConfigKeys (ConfUtils.java:logGet(43)) - raft.server.rpc.timeout.min = 5s (custom)
2019-10-08 21:40:39,589 [pool-409-thread-1] INFO  server.RaftServerConfigKeys (ConfUtils.java:logGet(43)) - raft.server.rpc.timeout.max = 5200ms (custom)
2019-10-08 21:40:39,590 [pool-409-thread-1] INFO  server.RaftServerConfigKeys (ConfUtils.java:logGet(43)) - raft.server.rpcslowness.timeout = 120s (custom)
2019-10-08 21:40:39,590 [pool-409-thread-1] INFO  server.RaftServerConfigKeys (ConfUtils.java:logGet(43)) - raft.server.sleep.deviation.threshold = 300 (default)
2019-10-08 21:40:39,590 [pool-409-thread-1] INFO  server.RaftServerConfigKeys (ConfUtils.java:logGet(43)) - raft.server.log.appender.install.snapshot.enabled = false (custom)
2019-10-08 21:40:39,590 [pool-409-thread-1] INFO  impl.RaftServerImpl (ServerState.java:<init>(103)) - 8c43b318-eee5-46fe-878c-785d6b15b75a@group-D74E408DEE57: ConfigurationManager, init=-1: [8c43b318-eee5-46fe-878c-785d6b15b75a:192.168.151.107:35559], old=null, confs=<EMPTY_MAP>
2019-10-08 21:40:39,590 [pool-409-thread-1] INFO  server.RaftServerConfigKeys (ConfUtils.java:logGet(43)) - raft.server.storage.dir = [/workdir/hadoop-ozone/integration-test/target/test-dir/MiniOzoneClusterImpl-7fb7994d-4bc0-4253-a887-0c3ab883c7d2/datanode-0/data/ratis] (custom)
2019-10-08 21:40:39,590 [pool-409-thread-1] INFO  server.RaftServerConfigKeys (ConfUtils.java:logGet(43)) - raft.server.log.corruption.policy = EXCEPTION (default)
2019-10-08 21:40:39,590 [pool-409-thread-1] INFO  storage.RaftStorageDirectory (RaftStorageDirectory.java:analyzeStorage(246)) - The storage directory /workdir/hadoop-ozone/integration-test/target/test-dir/MiniOzoneClusterImpl-7fb7994d-4bc0-4253-a887-0c3ab883c7d2/datanode-0/data/ratis/e90d636a-421c-4eb7-97aa-d74e408dee57 does not exist. Creating ...
2019-10-08 21:40:39,604 [pool-409-thread-1] INFO  storage.RaftStorageDirectory (RaftStorageDirectory.java:tryLock(328)) - Lock on /workdir/hadoop-ozone/integration-test/target/test-dir/MiniOzoneClusterImpl-7fb7994d-4bc0-4253-a887-0c3ab883c7d2/datanode-0/data/ratis/e90d636a-421c-4eb7-97aa-d74e408dee57/in_use.lock acquired by nodename 23712@pr-hdds-2217-2kdk4-3258704453
2019-10-08 21:40:39,618 [pool-409-thread-1] INFO  storage.RaftStorage (RaftStorage.java:format(84)) - Storage directory /workdir/hadoop-ozone/integration-test/target/test-dir/MiniOzoneClusterImpl-7fb7994d-4bc0-4253-a887-0c3ab883c7d2/datanode-0/data/ratis/e90d636a-421c-4eb7-97aa-d74e408dee57 has been successfully formatted.
2019-10-08 21:40:39,618 [pool-409-thread-1] INFO  ratis.ContainerStateMachine (ContainerStateMachine.java:loadSnapshot(231)) - group-D74E408DEE57: The snapshot info is null. Setting the last applied indexto:(t:0, i:~)
2019-10-08 21:40:39,618 [pool-409-thread-1] INFO  server.RaftServerConfigKeys (ConfUtils.java:logGet(43)) - raft.server.notification.no-leader.timeout = 120s (custom)
2019-10-08 21:40:39,618 [pool-409-thread-1] INFO  server.RaftServerConfigKeys (ConfUtils.java:logGet(43)) - raft.server.log.use.memory = false (default)
2019-10-08 21:40:39,619 [pool-409-thread-1] INFO  server.RaftServerConfigKeys (ConfUtils.java:logGet(43)) - raft.server.log.purge.gap = 1000000 (custom)
2019-10-08 21:40:39,619 [pool-409-thread-1] INFO  server.RaftServerConfigKeys (ConfUtils.java:logGet(43)) - raft.server.log.appender.buffer.byte-limit = 33554432 (custom)
2019-10-08 21:40:39,619 [pool-409-thread-1] INFO  server.RaftServerConfigKeys (ConfUtils.java:logGet(43)) - raft.server.log.segment.size.max = 1048576 (custom)
2019-10-08 21:40:39,620 [pool-409-thread-1] INFO  server.RaftServerConfigKeys (ConfUtils.java:logGet(43)) - raft.server.log.segment.cache.num.max = 2 (custom)
2019-10-08 21:40:39,620 [pool-409-thread-1] INFO  segmented.SegmentedRaftLogWorker (SegmentedRaftLogWorker.java:<init>(173)) - new 8c43b318-eee5-46fe-878c-785d6b15b75a@group-D74E408DEE57-SegmentedRaftLogWorker for RaftStorage:Storage Directory /workdir/hadoop-ozone/integration-test/target/test-dir/MiniOzoneClusterImpl-7fb7994d-4bc0-4253-a887-0c3ab883c7d2/datanode-0/data/ratis/e90d636a-421c-4eb7-97aa-d74e408dee57
2019-10-08 21:40:39,620 [pool-409-thread-1] INFO  server.RaftServerConfigKeys (ConfUtils.java:logGet(43)) - raft.server.log.queue.byte-limit = 2147483647 (custom)
2019-10-08 21:40:39,620 [pool-409-thread-1] INFO  server.RaftServerConfigKeys (ConfUtils.java:logGet(43)) - raft.server.log.queue.element-limit = 1024 (custom)
2019-10-08 21:40:39,620 [pool-409-thread-1] INFO  server.RaftServerConfigKeys (ConfUtils.java:logGet(43)) - raft.server.log.segment.size.max = 1048576 (custom)
2019-10-08 21:40:39,621 [pool-409-thread-1] INFO  server.RaftServerConfigKeys (ConfUtils.java:logGet(43)) - raft.server.log.preallocated.size = 16384 (custom)
2019-10-08 21:40:39,621 [pool-409-thread-1] INFO  server.RaftServerConfigKeys (ConfUtils.java:logGet(43)) - raft.server.log.write.buffer.size = 33554432 (custom)
2019-10-08 21:40:39,621 [pool-409-thread-1] INFO  server.RaftServerConfigKeys (ConfUtils.java:logGet(43)) - raft.server.log.force.sync.num = 128 (default)
2019-10-08 21:40:39,621 [pool-409-thread-1] INFO  server.RaftServerConfigKeys (ConfUtils.java:logGet(43)) - raft.server.log.statemachine.data.sync = true (default)
2019-10-08 21:40:39,621 [pool-409-thread-1] INFO  server.RaftServerConfigKeys (ConfUtils.java:logGet(43)) - raft.server.log.statemachine.data.sync.timeout = 10s (default)
2019-10-08 21:40:39,621 [pool-409-thread-1] INFO  server.RaftServerConfigKeys (ConfUtils.java:logGet(43)) - raft.server.log.statemachine.data.sync.timeout.retry = -1 (default)
2019-10-08 21:40:39,621 [pool-409-thread-1] INFO  server.RaftServerConfigKeys (ConfUtils.java:logGet(43)) - raft.server.log.statemachine.data.caching.enabled = true (custom)
2019-10-08 21:40:39,621 [pool-409-thread-1] INFO  segmented.SegmentedRaftLogWorker (SegmentedRaftLogWorker.java:lambda$new$0(128)) - 8c43b318-eee5-46fe-878c-785d6b15b75a@group-D74E408DEE57-SegmentedRaftLogWorker: flushIndex: setUnconditionally 0 -> -1
2019-10-08 21:40:39,622 [pool-409-thread-1] INFO  server.RaftServerConfigKeys (ConfUtils.java:logGet(43)) - raft.server.snapshot.auto.trigger.enabled = true (custom)
2019-10-08 21:40:39,622 [pool-409-thread-1] INFO  server.RaftServerConfigKeys (ConfUtils.java:logGet(43)) - raft.server.snapshot.auto.trigger.threshold = 10000 (custom)
2019-10-08 21:40:39,622 [pool-409-thread-1] INFO  server.RaftServerConfigKeys (ConfUtils.java:logGet(43)) - raft.server.snapshot.retention.file.num = 5 (custom)
2019-10-08 21:40:39,622 [pool-409-thread-1] INFO  server.RaftServerConfigKeys (ConfUtils.java:logGet(43)) - raft.server.retrycache.expirytime = 600000ms (custom)
2019-10-08 21:40:39,623 [pool-409-thread-1] INFO  impl.RaftServerImpl (RaftServerImpl.java:start(181)) - 8c43b318-eee5-46fe-878c-785d6b15b75a@group-D74E408DEE57: start as a follower, conf=-1: [8c43b318-eee5-46fe-878c-785d6b15b75a:192.168.151.107:35559], old=null
2019-10-08 21:40:39,623 [pool-409-thread-1] INFO  impl.RaftServerImpl (RaftServerImpl.java:setRole(170)) - 8c43b318-eee5-46fe-878c-785d6b15b75a@group-D74E408DEE57: changes role from      null to FOLLOWER at term 0 for startAsFollower
2019-10-08 21:40:39,623 [pool-409-thread-1] INFO  impl.RoleInfo (RoleInfo.java:updateAndGet(143)) - 8c43b318-eee5-46fe-878c-785d6b15b75a: start FollowerState
2019-10-08 21:40:39,623 [pool-409-thread-1] INFO  util.JmxRegister (JmxRegister.java:tryRegister(44)) - Successfully registered JMX Bean with object name Ratis:service=RaftServer,group=group-D74E408DEE57,id=8c43b318-eee5-46fe-878c-785d6b15b75a
2019-10-08 21:40:39,630 [RatisPipelineUtilsThread] INFO  pipeline.PipelineStateManager (PipelineStateManager.java:addPipeline(56)) - Created pipeline Pipeline[ Id: e90d636a-421c-4eb7-97aa-d74e408dee57, Nodes: 8c43b318-eee5-46fe-878c-785d6b15b75a{ip: 192.168.151.107, host: pr-hdds-2217-2kdk4-3258704453, networkLocation: /default-rack, certSerialId: null}, Type:RATIS, Factor:ONE, State:OPEN]
2019-10-08 21:40:39,680 [IPC Server handler 3 on 34191] INFO  net.NetworkTopology (NetworkTopologyImpl.java:add(111)) - Added a new node: /default-rack/5e869320-ccac-4aeb-8df2-e4f668b3d0f4
2019-10-08 21:40:39,681 [IPC Server handler 3 on 34191] INFO  node.SCMNodeManager (SCMNodeManager.java:register(268)) - Registered Data node : 5e869320-ccac-4aeb-8df2-e4f668b3d0f4{ip: 192.168.151.107, host: pr-hdds-2217-2kdk4-3258704453, networkLocation: /default-rack, certSerialId: null}
2019-10-08 21:40:39,688 [grpc-default-executor-8] INFO  impl.RaftServerProxy (RaftServerProxy.java:addNew(89)) - 5e869320-ccac-4aeb-8df2-e4f668b3d0f4: addNew group-DE8E30053BF5:[5e869320-ccac-4aeb-8df2-e4f668b3d0f4:192.168.151.107:33051] returns group-DE8E30053BF5:java.util.concurrent.CompletableFuture@1a6c6d35[Not completed]
2019-10-08 21:40:39,689 [pool-419-thread-1] INFO  impl.RaftServerImpl (RaftServerImpl.java:<init>(95)) - 5e869320-ccac-4aeb-8df2-e4f668b3d0f4: new RaftServerImpl for group-DE8E30053BF5:[5e869320-ccac-4aeb-8df2-e4f668b3d0f4:192.168.151.107:33051] with ContainerStateMachine:uninitialized
2019-10-08 21:40:39,689 [pool-419-thread-1] INFO  server.RaftServerConfigKeys (ConfUtils.java:logGet(43)) - raft.server.rpc.timeout.min = 5s (custom)
2019-10-08 21:40:39,689 [pool-419-thread-1] INFO  server.RaftServerConfigKeys (ConfUtils.java:logGet(43)) - raft.server.rpc.timeout.max = 5200ms (custom)
2019-10-08 21:40:39,689 [pool-419-thread-1] INFO  server.RaftServerConfigKeys (ConfUtils.java:logGet(43)) - raft.server.rpcslowness.timeout = 120s (custom)
2019-10-08 21:40:39,689 [pool-419-thread-1] INFO  server.RaftServerConfigKeys (ConfUtils.java:logGet(43)) - raft.server.sleep.deviation.threshold = 300 (default)
2019-10-08 21:40:39,690 [pool-419-thread-1] INFO  server.RaftServerConfigKeys (ConfUtils.java:logGet(43)) - raft.server.log.appender.install.snapshot.enabled = false (custom)
2019-10-08 21:40:39,690 [pool-419-thread-1] INFO  impl.RaftServerImpl (ServerState.java:<init>(103)) - 5e869320-ccac-4aeb-8df2-e4f668b3d0f4@group-DE8E30053BF5: ConfigurationManager, init=-1: [5e869320-ccac-4aeb-8df2-e4f668b3d0f4:192.168.151.107:33051], old=null, confs=<EMPTY_MAP>
2019-10-08 21:40:39,690 [pool-419-thread-1] INFO  server.RaftServerConfigKeys (ConfUtils.java:logGet(43)) - raft.server.storage.dir = [/workdir/hadoop-ozone/integration-test/target/test-dir/MiniOzoneClusterImpl-7fb7994d-4bc0-4253-a887-0c3ab883c7d2/datanode-1/data/ratis] (custom)
2019-10-08 21:40:39,690 [pool-419-thread-1] INFO  server.RaftServerConfigKeys (ConfUtils.java:logGet(43)) - raft.server.log.corruption.policy = EXCEPTION (default)
2019-10-08 21:40:39,691 [pool-419-thread-1] INFO  storage.RaftStorageDirectory (RaftStorageDirectory.java:analyzeStorage(246)) - The storage directory /workdir/hadoop-ozone/integration-test/target/test-dir/MiniOzoneClusterImpl-7fb7994d-4bc0-4253-a887-0c3ab883c7d2/datanode-1/data/ratis/9d3c4d7b-11ca-44da-8752-de8e30053bf5 does not exist. Creating ...
2019-10-08 21:40:39,703 [pool-419-thread-1] INFO  storage.RaftStorageDirectory (RaftStorageDirectory.java:tryLock(328)) - Lock on /workdir/hadoop-ozone/integration-test/target/test-dir/MiniOzoneClusterImpl-7fb7994d-4bc0-4253-a887-0c3ab883c7d2/datanode-1/data/ratis/9d3c4d7b-11ca-44da-8752-de8e30053bf5/in_use.lock acquired by nodename 23712@pr-hdds-2217-2kdk4-3258704453
2019-10-08 21:40:39,717 [pool-419-thread-1] INFO  storage.RaftStorage (RaftStorage.java:format(84)) - Storage directory /workdir/hadoop-ozone/integration-test/target/test-dir/MiniOzoneClusterImpl-7fb7994d-4bc0-4253-a887-0c3ab883c7d2/datanode-1/data/ratis/9d3c4d7b-11ca-44da-8752-de8e30053bf5 has been successfully formatted.
2019-10-08 21:40:39,717 [pool-419-thread-1] INFO  ratis.ContainerStateMachine (ContainerStateMachine.java:loadSnapshot(231)) - group-DE8E30053BF5: The snapshot info is null. Setting the last applied indexto:(t:0, i:~)
2019-10-08 21:40:39,718 [pool-419-thread-1] INFO  server.RaftServerConfigKeys (ConfUtils.java:logGet(43)) - raft.server.notification.no-leader.timeout = 120s (custom)
2019-10-08 21:40:39,718 [pool-419-thread-1] INFO  server.RaftServerConfigKeys (ConfUtils.java:logGet(43)) - raft.server.log.use.memory = false (default)
2019-10-08 21:40:39,718 [pool-419-thread-1] INFO  server.RaftServerConfigKeys (ConfUtils.java:logGet(43)) - raft.server.log.purge.gap = 1000000 (custom)
2019-10-08 21:40:39,718 [pool-419-thread-1] INFO  server.RaftServerConfigKeys (ConfUtils.java:logGet(43)) - raft.server.log.appender.buffer.byte-limit = 33554432 (custom)
2019-10-08 21:40:39,718 [pool-419-thread-1] INFO  server.RaftServerConfigKeys (ConfUtils.java:logGet(43)) - raft.server.log.segment.size.max = 1048576 (custom)
2019-10-08 21:40:39,721 [pool-419-thread-1] INFO  server.RaftServerConfigKeys (ConfUtils.java:logGet(43)) - raft.server.log.segment.cache.num.max = 2 (custom)
2019-10-08 21:40:39,721 [pool-419-thread-1] INFO  segmented.SegmentedRaftLogWorker (SegmentedRaftLogWorker.java:<init>(173)) - new 5e869320-ccac-4aeb-8df2-e4f668b3d0f4@group-DE8E30053BF5-SegmentedRaftLogWorker for RaftStorage:Storage Directory /workdir/hadoop-ozone/integration-test/target/test-dir/MiniOzoneClusterImpl-7fb7994d-4bc0-4253-a887-0c3ab883c7d2/datanode-1/data/ratis/9d3c4d7b-11ca-44da-8752-de8e30053bf5
2019-10-08 21:40:39,721 [pool-419-thread-1] INFO  server.RaftServerConfigKeys (ConfUtils.java:logGet(43)) - raft.server.log.queue.byte-limit = 2147483647 (custom)
2019-10-08 21:40:39,721 [pool-419-thread-1] INFO  server.RaftServerConfigKeys (ConfUtils.java:logGet(43)) - raft.server.log.queue.element-limit = 1024 (custom)
2019-10-08 21:40:39,721 [pool-419-thread-1] INFO  server.RaftServerConfigKeys (ConfUtils.java:logGet(43)) - raft.server.log.segment.size.max = 1048576 (custom)
2019-10-08 21:40:39,721 [pool-419-thread-1] INFO  server.RaftServerConfigKeys (ConfUtils.java:logGet(43)) - raft.server.log.preallocated.size = 16384 (custom)
2019-10-08 21:40:39,722 [pool-419-thread-1] INFO  server.RaftServerConfigKeys (ConfUtils.java:logGet(43)) - raft.server.log.write.buffer.size = 33554432 (custom)
2019-10-08 21:40:39,722 [pool-419-thread-1] INFO  server.RaftServerConfigKeys (ConfUtils.java:logGet(43)) - raft.server.log.force.sync.num = 128 (default)
2019-10-08 21:40:39,722 [pool-419-thread-1] INFO  server.RaftServerConfigKeys (ConfUtils.java:logGet(43)) - raft.server.log.statemachine.data.sync = true (default)
2019-10-08 21:40:39,722 [pool-419-thread-1] INFO  server.RaftServerConfigKeys (ConfUtils.java:logGet(43)) - raft.server.log.statemachine.data.sync.timeout = 10s (default)
2019-10-08 21:40:39,722 [pool-419-thread-1] INFO  server.RaftServerConfigKeys (ConfUtils.java:logGet(43)) - raft.server.log.statemachine.data.sync.timeout.retry = -1 (default)
2019-10-08 21:40:39,722 [pool-419-thread-1] INFO  server.RaftServerConfigKeys (ConfUtils.java:logGet(43)) - raft.server.log.statemachine.data.caching.enabled = true (custom)
2019-10-08 21:40:39,723 [pool-419-thread-1] INFO  segmented.SegmentedRaftLogWorker (SegmentedRaftLogWorker.java:lambda$new$0(128)) - 5e869320-ccac-4aeb-8df2-e4f668b3d0f4@group-DE8E30053BF5-SegmentedRaftLogWorker: flushIndex: setUnconditionally 0 -> -1
2019-10-08 21:40:39,723 [pool-419-thread-1] INFO  server.RaftServerConfigKeys (ConfUtils.java:logGet(43)) - raft.server.snapshot.auto.trigger.enabled = true (custom)
2019-10-08 21:40:39,723 [pool-419-thread-1] INFO  server.RaftServerConfigKeys (ConfUtils.java:logGet(43)) - raft.server.snapshot.auto.trigger.threshold = 10000 (custom)
2019-10-08 21:40:39,723 [pool-419-thread-1] INFO  server.RaftServerConfigKeys (ConfUtils.java:logGet(43)) - raft.server.snapshot.retention.file.num = 5 (custom)
2019-10-08 21:40:39,723 [pool-419-thread-1] INFO  server.RaftServerConfigKeys (ConfUtils.java:logGet(43)) - raft.server.retrycache.expirytime = 600000ms (custom)
2019-10-08 21:40:39,725 [pool-419-thread-1] INFO  impl.RaftServerImpl (RaftServerImpl.java:start(181)) - 5e869320-ccac-4aeb-8df2-e4f668b3d0f4@group-DE8E30053BF5: start as a follower, conf=-1: [5e869320-ccac-4aeb-8df2-e4f668b3d0f4:192.168.151.107:33051], old=null
2019-10-08 21:40:39,725 [pool-419-thread-1] INFO  impl.RaftServerImpl (RaftServerImpl.java:setRole(170)) - 5e869320-ccac-4aeb-8df2-e4f668b3d0f4@group-DE8E30053BF5: changes role from      null to FOLLOWER at term 0 for startAsFollower
2019-10-08 21:40:39,725 [pool-419-thread-1] INFO  impl.RoleInfo (RoleInfo.java:updateAndGet(143)) - 5e869320-ccac-4aeb-8df2-e4f668b3d0f4: start FollowerState
2019-10-08 21:40:39,725 [pool-419-thread-1] INFO  util.JmxRegister (JmxRegister.java:tryRegister(44)) - Successfully registered JMX Bean with object name Ratis:service=RaftServer,group=group-DE8E30053BF5,id=5e869320-ccac-4aeb-8df2-e4f668b3d0f4
2019-10-08 21:40:39,733 [RatisPipelineUtilsThread] INFO  pipeline.PipelineStateManager (PipelineStateManager.java:addPipeline(56)) - Created pipeline Pipeline[ Id: 9d3c4d7b-11ca-44da-8752-de8e30053bf5, Nodes: 5e869320-ccac-4aeb-8df2-e4f668b3d0f4{ip: 192.168.151.107, host: pr-hdds-2217-2kdk4-3258704453, networkLocation: /default-rack, certSerialId: null}, Type:RATIS, Factor:ONE, State:OPEN]
2019-10-08 21:40:39,743 [IPC Server handler 7 on 34191] INFO  net.NetworkTopology (NetworkTopologyImpl.java:add(111)) - Added a new node: /default-rack/f3a9150c-a922-470c-8d35-94a0c83d506b
2019-10-08 21:40:39,743 [IPC Server handler 7 on 34191] INFO  node.SCMNodeManager (SCMNodeManager.java:register(268)) - Registered Data node : f3a9150c-a922-470c-8d35-94a0c83d506b{ip: 192.168.151.107, host: pr-hdds-2217-2kdk4-3258704453, networkLocation: /default-rack, certSerialId: null}
2019-10-08 21:40:39,748 [grpc-default-executor-8] INFO  impl.RaftServerProxy (RaftServerProxy.java:addNew(89)) - f3a9150c-a922-470c-8d35-94a0c83d506b: addNew group-86BC1B1873A0:[f3a9150c-a922-470c-8d35-94a0c83d506b:192.168.151.107:43452] returns group-86BC1B1873A0:java.util.concurrent.CompletableFuture@6751c17f[Not completed]
2019-10-08 21:40:39,749 [pool-429-thread-1] INFO  impl.RaftServerImpl (RaftServerImpl.java:<init>(95)) - f3a9150c-a922-470c-8d35-94a0c83d506b: new RaftServerImpl for group-86BC1B1873A0:[f3a9150c-a922-470c-8d35-94a0c83d506b:192.168.151.107:43452] with ContainerStateMachine:uninitialized
2019-10-08 21:40:39,750 [pool-429-thread-1] INFO  server.RaftServerConfigKeys (ConfUtils.java:logGet(43)) - raft.server.rpc.timeout.min = 5s (custom)
2019-10-08 21:40:39,750 [pool-429-thread-1] INFO  server.RaftServerConfigKeys (ConfUtils.java:logGet(43)) - raft.server.rpc.timeout.max = 5200ms (custom)
2019-10-08 21:40:39,750 [pool-429-thread-1] INFO  server.RaftServerConfigKeys (ConfUtils.java:logGet(43)) - raft.server.rpcslowness.timeout = 120s (custom)
2019-10-08 21:40:39,750 [pool-429-thread-1] INFO  server.RaftServerConfigKeys (ConfUtils.java:logGet(43)) - raft.server.sleep.deviation.threshold = 300 (default)
2019-10-08 21:40:39,750 [pool-429-thread-1] INFO  server.RaftServerConfigKeys (ConfUtils.java:logGet(43)) - raft.server.log.appender.install.snapshot.enabled = false (custom)
2019-10-08 21:40:39,750 [pool-429-thread-1] INFO  impl.RaftServerImpl (ServerState.java:<init>(103)) - f3a9150c-a922-470c-8d35-94a0c83d506b@group-86BC1B1873A0: ConfigurationManager, init=-1: [f3a9150c-a922-470c-8d35-94a0c83d506b:192.168.151.107:43452], old=null, confs=<EMPTY_MAP>
2019-10-08 21:40:39,750 [pool-429-thread-1] INFO  server.RaftServerConfigKeys (ConfUtils.java:logGet(43)) - raft.server.storage.dir = [/workdir/hadoop-ozone/integration-test/target/test-dir/MiniOzoneClusterImpl-7fb7994d-4bc0-4253-a887-0c3ab883c7d2/datanode-2/data/ratis] (custom)
2019-10-08 21:40:39,751 [pool-429-thread-1] INFO  server.RaftServerConfigKeys (ConfUtils.java:logGet(43)) - raft.server.log.corruption.policy = EXCEPTION (default)
2019-10-08 21:40:39,751 [pool-429-thread-1] INFO  storage.RaftStorageDirectory (RaftStorageDirectory.java:analyzeStorage(246)) - The storage directory /workdir/hadoop-ozone/integration-test/target/test-dir/MiniOzoneClusterImpl-7fb7994d-4bc0-4253-a887-0c3ab883c7d2/datanode-2/data/ratis/8ba952c8-ceaa-47b9-a07b-86bc1b1873a0 does not exist. Creating ...
2019-10-08 21:40:39,763 [pool-429-thread-1] INFO  storage.RaftStorageDirectory (RaftStorageDirectory.java:tryLock(328)) - Lock on /workdir/hadoop-ozone/integration-test/target/test-dir/MiniOzoneClusterImpl-7fb7994d-4bc0-4253-a887-0c3ab883c7d2/datanode-2/data/ratis/8ba952c8-ceaa-47b9-a07b-86bc1b1873a0/in_use.lock acquired by nodename 23712@pr-hdds-2217-2kdk4-3258704453
2019-10-08 21:40:39,776 [pool-429-thread-1] INFO  storage.RaftStorage (RaftStorage.java:format(84)) - Storage directory /workdir/hadoop-ozone/integration-test/target/test-dir/MiniOzoneClusterImpl-7fb7994d-4bc0-4253-a887-0c3ab883c7d2/datanode-2/data/ratis/8ba952c8-ceaa-47b9-a07b-86bc1b1873a0 has been successfully formatted.
2019-10-08 21:40:39,777 [pool-429-thread-1] INFO  ratis.ContainerStateMachine (ContainerStateMachine.java:loadSnapshot(231)) - group-86BC1B1873A0: The snapshot info is null. Setting the last applied indexto:(t:0, i:~)
2019-10-08 21:40:39,777 [pool-429-thread-1] INFO  server.RaftServerConfigKeys (ConfUtils.java:logGet(43)) - raft.server.notification.no-leader.timeout = 120s (custom)
2019-10-08 21:40:39,777 [pool-429-thread-1] INFO  server.RaftServerConfigKeys (ConfUtils.java:logGet(43)) - raft.server.log.use.memory = false (default)
2019-10-08 21:40:39,777 [pool-429-thread-1] INFO  server.RaftServerConfigKeys (ConfUtils.java:logGet(43)) - raft.server.log.purge.gap = 1000000 (custom)
2019-10-08 21:40:39,777 [pool-429-thread-1] INFO  server.RaftServerConfigKeys (ConfUtils.java:logGet(43)) - raft.server.log.appender.buffer.byte-limit = 33554432 (custom)
2019-10-08 21:40:39,777 [pool-429-thread-1] INFO  server.RaftServerConfigKeys (ConfUtils.java:logGet(43)) - raft.server.log.segment.size.max = 1048576 (custom)
2019-10-08 21:40:39,779 [pool-429-thread-1] INFO  server.RaftServerConfigKeys (ConfUtils.java:logGet(43)) - raft.server.log.segment.cache.num.max = 2 (custom)
2019-10-08 21:40:39,779 [pool-429-thread-1] INFO  segmented.SegmentedRaftLogWorker (SegmentedRaftLogWorker.java:<init>(173)) - new f3a9150c-a922-470c-8d35-94a0c83d506b@group-86BC1B1873A0-SegmentedRaftLogWorker for RaftStorage:Storage Directory /workdir/hadoop-ozone/integration-test/target/test-dir/MiniOzoneClusterImpl-7fb7994d-4bc0-4253-a887-0c3ab883c7d2/datanode-2/data/ratis/8ba952c8-ceaa-47b9-a07b-86bc1b1873a0
2019-10-08 21:40:39,779 [pool-429-thread-1] INFO  server.RaftServerConfigKeys (ConfUtils.java:logGet(43)) - raft.server.log.queue.byte-limit = 2147483647 (custom)
2019-10-08 21:40:39,779 [pool-429-thread-1] INFO  server.RaftServerConfigKeys (ConfUtils.java:logGet(43)) - raft.server.log.queue.element-limit = 1024 (custom)
2019-10-08 21:40:39,779 [pool-429-thread-1] INFO  server.RaftServerConfigKeys (ConfUtils.java:logGet(43)) - raft.server.log.segment.size.max = 1048576 (custom)
2019-10-08 21:40:39,779 [pool-429-thread-1] INFO  server.RaftServerConfigKeys (ConfUtils.java:logGet(43)) - raft.server.log.preallocated.size = 16384 (custom)
2019-10-08 21:40:39,779 [pool-429-thread-1] INFO  server.RaftServerConfigKeys (ConfUtils.java:logGet(43)) - raft.server.log.write.buffer.size = 33554432 (custom)
2019-10-08 21:40:39,779 [pool-429-thread-1] INFO  server.RaftServerConfigKeys (ConfUtils.java:logGet(43)) - raft.server.log.force.sync.num = 128 (default)
2019-10-08 21:40:39,780 [pool-429-thread-1] INFO  server.RaftServerConfigKeys (ConfUtils.java:logGet(43)) - raft.server.log.statemachine.data.sync = true (default)
2019-10-08 21:40:39,780 [pool-429-thread-1] INFO  server.RaftServerConfigKeys (ConfUtils.java:logGet(43)) - raft.server.log.statemachine.data.sync.timeout = 10s (default)
2019-10-08 21:40:39,780 [pool-429-thread-1] INFO  server.RaftServerConfigKeys (ConfUtils.java:logGet(43)) - raft.server.log.statemachine.data.sync.timeout.retry = -1 (default)
2019-10-08 21:40:39,780 [pool-429-thread-1] INFO  server.RaftServerConfigKeys (ConfUtils.java:logGet(43)) - raft.server.log.statemachine.data.caching.enabled = true (custom)
2019-10-08 21:40:39,780 [pool-429-thread-1] INFO  segmented.SegmentedRaftLogWorker (SegmentedRaftLogWorker.java:lambda$new$0(128)) - f3a9150c-a922-470c-8d35-94a0c83d506b@group-86BC1B1873A0-SegmentedRaftLogWorker: flushIndex: setUnconditionally 0 -> -1
2019-10-08 21:40:39,781 [pool-429-thread-1] INFO  server.RaftServerConfigKeys (ConfUtils.java:logGet(43)) - raft.server.snapshot.auto.trigger.enabled = true (custom)
2019-10-08 21:40:39,781 [pool-429-thread-1] INFO  server.RaftServerConfigKeys (ConfUtils.java:logGet(43)) - raft.server.snapshot.auto.trigger.threshold = 10000 (custom)
2019-10-08 21:40:39,781 [pool-429-thread-1] INFO  server.RaftServerConfigKeys (ConfUtils.java:logGet(43)) - raft.server.snapshot.retention.file.num = 5 (custom)
2019-10-08 21:40:39,781 [pool-429-thread-1] INFO  server.RaftServerConfigKeys (ConfUtils.java:logGet(43)) - raft.server.retrycache.expirytime = 600000ms (custom)
2019-10-08 21:40:39,782 [pool-429-thread-1] INFO  impl.RaftServerImpl (RaftServerImpl.java:start(181)) - f3a9150c-a922-470c-8d35-94a0c83d506b@group-86BC1B1873A0: start as a follower, conf=-1: [f3a9150c-a922-470c-8d35-94a0c83d506b:192.168.151.107:43452], old=null
2019-10-08 21:40:39,782 [pool-429-thread-1] INFO  impl.RaftServerImpl (RaftServerImpl.java:setRole(170)) - f3a9150c-a922-470c-8d35-94a0c83d506b@group-86BC1B1873A0: changes role from      null to FOLLOWER at term 0 for startAsFollower
2019-10-08 21:40:39,782 [pool-429-thread-1] INFO  impl.RoleInfo (RoleInfo.java:updateAndGet(143)) - f3a9150c-a922-470c-8d35-94a0c83d506b: start FollowerState
2019-10-08 21:40:39,783 [pool-429-thread-1] INFO  util.JmxRegister (JmxRegister.java:tryRegister(44)) - Successfully registered JMX Bean with object name Ratis:service=RaftServer,group=group-86BC1B1873A0,id=f3a9150c-a922-470c-8d35-94a0c83d506b
2019-10-08 21:40:39,788 [RatisPipelineUtilsThread] INFO  pipeline.PipelineStateManager (PipelineStateManager.java:addPipeline(56)) - Created pipeline Pipeline[ Id: 8ba952c8-ceaa-47b9-a07b-86bc1b1873a0, Nodes: f3a9150c-a922-470c-8d35-94a0c83d506b{ip: 192.168.151.107, host: pr-hdds-2217-2kdk4-3258704453, networkLocation: /default-rack, certSerialId: null}, Type:RATIS, Factor:ONE, State:OPEN]
2019-10-08 21:40:39,816 [grpc-default-executor-9] INFO  impl.RaftServerProxy (RaftServerProxy.java:addNew(89)) - 8c43b318-eee5-46fe-878c-785d6b15b75a: addNew group-4EC4E3941097:[f3a9150c-a922-470c-8d35-94a0c83d506b:192.168.151.107:43452, 8c43b318-eee5-46fe-878c-785d6b15b75a:192.168.151.107:35559, 5e869320-ccac-4aeb-8df2-e4f668b3d0f4:192.168.151.107:33051] returns group-4EC4E3941097:java.util.concurrent.CompletableFuture@3146f6df[Not completed]
2019-10-08 21:40:39,816 [grpc-default-executor-11] INFO  impl.RaftServerProxy (RaftServerProxy.java:addNew(89)) - 5e869320-ccac-4aeb-8df2-e4f668b3d0f4: addNew group-4EC4E3941097:[f3a9150c-a922-470c-8d35-94a0c83d506b:192.168.151.107:43452, 8c43b318-eee5-46fe-878c-785d6b15b75a:192.168.151.107:35559, 5e869320-ccac-4aeb-8df2-e4f668b3d0f4:192.168.151.107:33051] returns group-4EC4E3941097:java.util.concurrent.CompletableFuture@6861781f[Not completed]
2019-10-08 21:40:39,816 [grpc-default-executor-8] INFO  impl.RaftServerProxy (RaftServerProxy.java:addNew(89)) - f3a9150c-a922-470c-8d35-94a0c83d506b: addNew group-4EC4E3941097:[f3a9150c-a922-470c-8d35-94a0c83d506b:192.168.151.107:43452, 8c43b318-eee5-46fe-878c-785d6b15b75a:192.168.151.107:35559, 5e869320-ccac-4aeb-8df2-e4f668b3d0f4:192.168.151.107:33051] returns group-4EC4E3941097:java.util.concurrent.CompletableFuture@167d7701[Not completed]
2019-10-08 21:40:39,817 [pool-409-thread-1] INFO  impl.RaftServerImpl (RaftServerImpl.java:<init>(95)) - 8c43b318-eee5-46fe-878c-785d6b15b75a: new RaftServerImpl for group-4EC4E3941097:[f3a9150c-a922-470c-8d35-94a0c83d506b:192.168.151.107:43452, 8c43b318-eee5-46fe-878c-785d6b15b75a:192.168.151.107:35559, 5e869320-ccac-4aeb-8df2-e4f668b3d0f4:192.168.151.107:33051] with ContainerStateMachine:uninitialized
2019-10-08 21:40:39,818 [pool-409-thread-1] INFO  server.RaftServerConfigKeys (ConfUtils.java:logGet(43)) - raft.server.rpc.timeout.min = 5s (custom)
2019-10-08 21:40:39,818 [pool-409-thread-1] INFO  server.RaftServerConfigKeys (ConfUtils.java:logGet(43)) - raft.server.rpc.timeout.max = 5200ms (custom)
2019-10-08 21:40:39,818 [pool-409-thread-1] INFO  server.RaftServerConfigKeys (ConfUtils.java:logGet(43)) - raft.server.rpcslowness.timeout = 120s (custom)
2019-10-08 21:40:39,818 [pool-409-thread-1] INFO  server.RaftServerConfigKeys (ConfUtils.java:logGet(43)) - raft.server.sleep.deviation.threshold = 300 (default)
2019-10-08 21:40:39,818 [pool-409-thread-1] INFO  server.RaftServerConfigKeys (ConfUtils.java:logGet(43)) - raft.server.log.appender.install.snapshot.enabled = false (custom)
2019-10-08 21:40:39,818 [pool-409-thread-1] INFO  impl.RaftServerImpl (ServerState.java:<init>(103)) - 8c43b318-eee5-46fe-878c-785d6b15b75a@group-4EC4E3941097: ConfigurationManager, init=-1: [f3a9150c-a922-470c-8d35-94a0c83d506b:192.168.151.107:43452, 8c43b318-eee5-46fe-878c-785d6b15b75a:192.168.151.107:35559, 5e869320-ccac-4aeb-8df2-e4f668b3d0f4:192.168.151.107:33051], old=null, confs=<EMPTY_MAP>
2019-10-08 21:40:39,818 [pool-429-thread-1] INFO  impl.RaftServerImpl (RaftServerImpl.java:<init>(95)) - f3a9150c-a922-470c-8d35-94a0c83d506b: new RaftServerImpl for group-4EC4E3941097:[f3a9150c-a922-470c-8d35-94a0c83d506b:192.168.151.107:43452, 8c43b318-eee5-46fe-878c-785d6b15b75a:192.168.151.107:35559, 5e869320-ccac-4aeb-8df2-e4f668b3d0f4:192.168.151.107:33051] with ContainerStateMachine:uninitialized
2019-10-08 21:40:39,818 [pool-409-thread-1] INFO  server.RaftServerConfigKeys (ConfUtils.java:logGet(43)) - raft.server.storage.dir = [/workdir/hadoop-ozone/integration-test/target/test-dir/MiniOzoneClusterImpl-7fb7994d-4bc0-4253-a887-0c3ab883c7d2/datanode-0/data/ratis] (custom)
2019-10-08 21:40:39,818 [pool-429-thread-1] INFO  server.RaftServerConfigKeys (ConfUtils.java:logGet(43)) - raft.server.rpc.timeout.min = 5s (custom)
2019-10-08 21:40:39,818 [pool-419-thread-1] INFO  impl.RaftServerImpl (RaftServerImpl.java:<init>(95)) - 5e869320-ccac-4aeb-8df2-e4f668b3d0f4: new RaftServerImpl for group-4EC4E3941097:[f3a9150c-a922-470c-8d35-94a0c83d506b:192.168.151.107:43452, 8c43b318-eee5-46fe-878c-785d6b15b75a:192.168.151.107:35559, 5e869320-ccac-4aeb-8df2-e4f668b3d0f4:192.168.151.107:33051] with ContainerStateMachine:uninitialized
2019-10-08 21:40:39,818 [pool-429-thread-1] INFO  server.RaftServerConfigKeys (ConfUtils.java:logGet(43)) - raft.server.rpc.timeout.max = 5200ms (custom)
2019-10-08 21:40:39,818 [pool-409-thread-1] INFO  server.RaftServerConfigKeys (ConfUtils.java:logGet(43)) - raft.server.log.corruption.policy = EXCEPTION (default)
2019-10-08 21:40:39,819 [pool-429-thread-1] INFO  server.RaftServerConfigKeys (ConfUtils.java:logGet(43)) - raft.server.rpcslowness.timeout = 120s (custom)
2019-10-08 21:40:39,819 [pool-419-thread-1] INFO  server.RaftServerConfigKeys (ConfUtils.java:logGet(43)) - raft.server.rpc.timeout.min = 5s (custom)
2019-10-08 21:40:39,819 [pool-429-thread-1] INFO  server.RaftServerConfigKeys (ConfUtils.java:logGet(43)) - raft.server.sleep.deviation.threshold = 300 (default)
2019-10-08 21:40:39,819 [pool-409-thread-1] INFO  storage.RaftStorageDirectory (RaftStorageDirectory.java:analyzeStorage(246)) - The storage directory /workdir/hadoop-ozone/integration-test/target/test-dir/MiniOzoneClusterImpl-7fb7994d-4bc0-4253-a887-0c3ab883c7d2/datanode-0/data/ratis/abbe4d11-1c07-4bcf-a5cb-4ec4e3941097 does not exist. Creating ...
2019-10-08 21:40:39,819 [pool-429-thread-1] INFO  server.RaftServerConfigKeys (ConfUtils.java:logGet(43)) - raft.server.log.appender.install.snapshot.enabled = false (custom)
2019-10-08 21:40:39,819 [pool-419-thread-1] INFO  server.RaftServerConfigKeys (ConfUtils.java:logGet(43)) - raft.server.rpc.timeout.max = 5200ms (custom)
2019-10-08 21:40:39,819 [pool-429-thread-1] INFO  impl.RaftServerImpl (ServerState.java:<init>(103)) - f3a9150c-a922-470c-8d35-94a0c83d506b@group-4EC4E3941097: ConfigurationManager, init=-1: [f3a9150c-a922-470c-8d35-94a0c83d506b:192.168.151.107:43452, 8c43b318-eee5-46fe-878c-785d6b15b75a:192.168.151.107:35559, 5e869320-ccac-4aeb-8df2-e4f668b3d0f4:192.168.151.107:33051], old=null, confs=<EMPTY_MAP>
2019-10-08 21:40:39,819 [pool-419-thread-1] INFO  server.RaftServerConfigKeys (ConfUtils.java:logGet(43)) - raft.server.rpcslowness.timeout = 120s (custom)
2019-10-08 21:40:39,819 [pool-429-thread-1] INFO  server.RaftServerConfigKeys (ConfUtils.java:logGet(43)) - raft.server.storage.dir = [/workdir/hadoop-ozone/integration-test/target/test-dir/MiniOzoneClusterImpl-7fb7994d-4bc0-4253-a887-0c3ab883c7d2/datanode-2/data/ratis] (custom)
2019-10-08 21:40:39,819 [pool-419-thread-1] INFO  server.RaftServerConfigKeys (ConfUtils.java:logGet(43)) - raft.server.sleep.deviation.threshold = 300 (default)
2019-10-08 21:40:39,820 [pool-419-thread-1] INFO  server.RaftServerConfigKeys (ConfUtils.java:logGet(43)) - raft.server.log.appender.install.snapshot.enabled = false (custom)
2019-10-08 21:40:39,820 [pool-429-thread-1] INFO  server.RaftServerConfigKeys (ConfUtils.java:logGet(43)) - raft.server.log.corruption.policy = EXCEPTION (default)
2019-10-08 21:40:39,820 [pool-419-thread-1] INFO  impl.RaftServerImpl (ServerState.java:<init>(103)) - 5e869320-ccac-4aeb-8df2-e4f668b3d0f4@group-4EC4E3941097: ConfigurationManager, init=-1: [f3a9150c-a922-470c-8d35-94a0c83d506b:192.168.151.107:43452, 8c43b318-eee5-46fe-878c-785d6b15b75a:192.168.151.107:35559, 5e869320-ccac-4aeb-8df2-e4f668b3d0f4:192.168.151.107:33051], old=null, confs=<EMPTY_MAP>
2019-10-08 21:40:39,820 [pool-429-thread-1] INFO  storage.RaftStorageDirectory (RaftStorageDirectory.java:analyzeStorage(246)) - The storage directory /workdir/hadoop-ozone/integration-test/target/test-dir/MiniOzoneClusterImpl-7fb7994d-4bc0-4253-a887-0c3ab883c7d2/datanode-2/data/ratis/abbe4d11-1c07-4bcf-a5cb-4ec4e3941097 does not exist. Creating ...
2019-10-08 21:40:39,820 [pool-419-thread-1] INFO  server.RaftServerConfigKeys (ConfUtils.java:logGet(43)) - raft.server.storage.dir = [/workdir/hadoop-ozone/integration-test/target/test-dir/MiniOzoneClusterImpl-7fb7994d-4bc0-4253-a887-0c3ab883c7d2/datanode-1/data/ratis] (custom)
2019-10-08 21:40:39,820 [pool-419-thread-1] INFO  server.RaftServerConfigKeys (ConfUtils.java:logGet(43)) - raft.server.log.corruption.policy = EXCEPTION (default)
2019-10-08 21:40:39,820 [pool-419-thread-1] INFO  storage.RaftStorageDirectory (RaftStorageDirectory.java:analyzeStorage(246)) - The storage directory /workdir/hadoop-ozone/integration-test/target/test-dir/MiniOzoneClusterImpl-7fb7994d-4bc0-4253-a887-0c3ab883c7d2/datanode-1/data/ratis/abbe4d11-1c07-4bcf-a5cb-4ec4e3941097 does not exist. Creating ...
2019-10-08 21:40:39,823 [IPC Server handler 10 on 34191] INFO  net.NetworkTopology (NetworkTopologyImpl.java:add(111)) - Added a new node: /default-rack/943987cc-052a-4c66-b334-3413c0116694
2019-10-08 21:40:39,824 [IPC Server handler 10 on 34191] INFO  node.SCMNodeManager (SCMNodeManager.java:register(268)) - Registered Data node : 943987cc-052a-4c66-b334-3413c0116694{ip: 192.168.151.107, host: pr-hdds-2217-2kdk4-3258704453, networkLocation: /default-rack, certSerialId: null}
2019-10-08 21:40:39,844 [pool-429-thread-1] INFO  storage.RaftStorageDirectory (RaftStorageDirectory.java:tryLock(328)) - Lock on /workdir/hadoop-ozone/integration-test/target/test-dir/MiniOzoneClusterImpl-7fb7994d-4bc0-4253-a887-0c3ab883c7d2/datanode-2/data/ratis/abbe4d11-1c07-4bcf-a5cb-4ec4e3941097/in_use.lock acquired by nodename 23712@pr-hdds-2217-2kdk4-3258704453
2019-10-08 21:40:39,844 [pool-419-thread-1] INFO  storage.RaftStorageDirectory (RaftStorageDirectory.java:tryLock(328)) - Lock on /workdir/hadoop-ozone/integration-test/target/test-dir/MiniOzoneClusterImpl-7fb7994d-4bc0-4253-a887-0c3ab883c7d2/datanode-1/data/ratis/abbe4d11-1c07-4bcf-a5cb-4ec4e3941097/in_use.lock acquired by nodename 23712@pr-hdds-2217-2kdk4-3258704453
2019-10-08 21:40:39,844 [pool-409-thread-1] INFO  storage.RaftStorageDirectory (RaftStorageDirectory.java:tryLock(328)) - Lock on /workdir/hadoop-ozone/integration-test/target/test-dir/MiniOzoneClusterImpl-7fb7994d-4bc0-4253-a887-0c3ab883c7d2/datanode-0/data/ratis/abbe4d11-1c07-4bcf-a5cb-4ec4e3941097/in_use.lock acquired by nodename 23712@pr-hdds-2217-2kdk4-3258704453
2019-10-08 21:40:39,870 [pool-409-thread-1] INFO  storage.RaftStorage (RaftStorage.java:format(84)) - Storage directory /workdir/hadoop-ozone/integration-test/target/test-dir/MiniOzoneClusterImpl-7fb7994d-4bc0-4253-a887-0c3ab883c7d2/datanode-0/data/ratis/abbe4d11-1c07-4bcf-a5cb-4ec4e3941097 has been successfully formatted.
2019-10-08 21:40:39,870 [pool-419-thread-1] INFO  storage.RaftStorage (RaftStorage.java:format(84)) - Storage directory /workdir/hadoop-ozone/integration-test/target/test-dir/MiniOzoneClusterImpl-7fb7994d-4bc0-4253-a887-0c3ab883c7d2/datanode-1/data/ratis/abbe4d11-1c07-4bcf-a5cb-4ec4e3941097 has been successfully formatted.
2019-10-08 21:40:39,870 [pool-429-thread-1] INFO  storage.RaftStorage (RaftStorage.java:format(84)) - Storage directory /workdir/hadoop-ozone/integration-test/target/test-dir/MiniOzoneClusterImpl-7fb7994d-4bc0-4253-a887-0c3ab883c7d2/datanode-2/data/ratis/abbe4d11-1c07-4bcf-a5cb-4ec4e3941097 has been successfully formatted.
2019-10-08 21:40:39,870 [pool-419-thread-1] INFO  ratis.ContainerStateMachine (ContainerStateMachine.java:loadSnapshot(231)) - group-4EC4E3941097: The snapshot info is null. Setting the last applied indexto:(t:0, i:~)
2019-10-08 21:40:39,871 [pool-429-thread-1] INFO  ratis.ContainerStateMachine (ContainerStateMachine.java:loadSnapshot(231)) - group-4EC4E3941097: The snapshot info is null. Setting the last applied indexto:(t:0, i:~)
2019-10-08 21:40:39,871 [pool-429-thread-1] INFO  server.RaftServerConfigKeys (ConfUtils.java:logGet(43)) - raft.server.notification.no-leader.timeout = 120s (custom)
2019-10-08 21:40:39,871 [pool-429-thread-1] INFO  server.RaftServerConfigKeys (ConfUtils.java:logGet(43)) - raft.server.log.use.memory = false (default)
2019-10-08 21:40:39,871 [pool-429-thread-1] INFO  server.RaftServerConfigKeys (ConfUtils.java:logGet(43)) - raft.server.log.purge.gap = 1000000 (custom)
2019-10-08 21:40:39,870 [pool-409-thread-1] INFO  ratis.ContainerStateMachine (ContainerStateMachine.java:loadSnapshot(231)) - group-4EC4E3941097: The snapshot info is null. Setting the last applied indexto:(t:0, i:~)
2019-10-08 21:40:39,871 [pool-429-thread-1] INFO  server.RaftServerConfigKeys (ConfUtils.java:logGet(43)) - raft.server.log.appender.buffer.byte-limit = 33554432 (custom)
2019-10-08 21:40:39,872 [pool-429-thread-1] INFO  server.RaftServerConfigKeys (ConfUtils.java:logGet(43)) - raft.server.log.segment.size.max = 1048576 (custom)
2019-10-08 21:40:39,872 [pool-429-thread-1] INFO  server.RaftServerConfigKeys (ConfUtils.java:logGet(43)) - raft.server.log.segment.cache.num.max = 2 (custom)
2019-10-08 21:40:39,872 [pool-429-thread-1] INFO  segmented.SegmentedRaftLogWorker (SegmentedRaftLogWorker.java:<init>(173)) - new f3a9150c-a922-470c-8d35-94a0c83d506b@group-4EC4E3941097-SegmentedRaftLogWorker for RaftStorage:Storage Directory /workdir/hadoop-ozone/integration-test/target/test-dir/MiniOzoneClusterImpl-7fb7994d-4bc0-4253-a887-0c3ab883c7d2/datanode-2/data/ratis/abbe4d11-1c07-4bcf-a5cb-4ec4e3941097
2019-10-08 21:40:39,872 [pool-429-thread-1] INFO  server.RaftServerConfigKeys (ConfUtils.java:logGet(43)) - raft.server.log.queue.byte-limit = 2147483647 (custom)
2019-10-08 21:40:39,872 [pool-429-thread-1] INFO  server.RaftServerConfigKeys (ConfUtils.java:logGet(43)) - raft.server.log.queue.element-limit = 1024 (custom)
2019-10-08 21:40:39,872 [pool-429-thread-1] INFO  server.RaftServerConfigKeys (ConfUtils.java:logGet(43)) - raft.server.log.segment.size.max = 1048576 (custom)
2019-10-08 21:40:39,872 [pool-429-thread-1] INFO  server.RaftServerConfigKeys (ConfUtils.java:logGet(43)) - raft.server.log.preallocated.size = 16384 (custom)
2019-10-08 21:40:39,873 [pool-429-thread-1] INFO  server.RaftServerConfigKeys (ConfUtils.java:logGet(43)) - raft.server.log.write.buffer.size = 33554432 (custom)
2019-10-08 21:40:39,873 [pool-429-thread-1] INFO  server.RaftServerConfigKeys (ConfUtils.java:logGet(43)) - raft.server.log.force.sync.num = 128 (default)
2019-10-08 21:40:39,873 [pool-429-thread-1] INFO  server.RaftServerConfigKeys (ConfUtils.java:logGet(43)) - raft.server.log.statemachine.data.sync = true (default)
2019-10-08 21:40:39,873 [pool-429-thread-1] INFO  server.RaftServerConfigKeys (ConfUtils.java:logGet(43)) - raft.server.log.statemachine.data.sync.timeout = 10s (default)
2019-10-08 21:40:39,873 [pool-429-thread-1] INFO  server.RaftServerConfigKeys (ConfUtils.java:logGet(43)) - raft.server.log.statemachine.data.sync.timeout.retry = -1 (default)
2019-10-08 21:40:39,873 [pool-429-thread-1] INFO  server.RaftServerConfigKeys (ConfUtils.java:logGet(43)) - raft.server.log.statemachine.data.caching.enabled = true (custom)
2019-10-08 21:40:39,874 [pool-429-thread-1] INFO  segmented.SegmentedRaftLogWorker (SegmentedRaftLogWorker.java:lambda$new$0(128)) - f3a9150c-a922-470c-8d35-94a0c83d506b@group-4EC4E3941097-SegmentedRaftLogWorker: flushIndex: setUnconditionally 0 -> -1
2019-10-08 21:40:39,871 [pool-419-thread-1] INFO  server.RaftServerConfigKeys (ConfUtils.java:logGet(43)) - raft.server.notification.no-leader.timeout = 120s (custom)
2019-10-08 21:40:39,874 [pool-419-thread-1] INFO  server.RaftServerConfigKeys (ConfUtils.java:logGet(43)) - raft.server.log.use.memory = false (default)
2019-10-08 21:40:39,874 [pool-419-thread-1] INFO  server.RaftServerConfigKeys (ConfUtils.java:logGet(43)) - raft.server.log.purge.gap = 1000000 (custom)
2019-10-08 21:40:39,874 [pool-419-thread-1] INFO  server.RaftServerConfigKeys (ConfUtils.java:logGet(43)) - raft.server.log.appender.buffer.byte-limit = 33554432 (custom)
2019-10-08 21:40:39,874 [pool-419-thread-1] INFO  server.RaftServerConfigKeys (ConfUtils.java:logGet(43)) - raft.server.log.segment.size.max = 1048576 (custom)
2019-10-08 21:40:39,875 [pool-419-thread-1] INFO  server.RaftServerConfigKeys (ConfUtils.java:logGet(43)) - raft.server.log.segment.cache.num.max = 2 (custom)
2019-10-08 21:40:39,875 [pool-419-thread-1] INFO  segmented.SegmentedRaftLogWorker (SegmentedRaftLogWorker.java:<init>(173)) - new 5e869320-ccac-4aeb-8df2-e4f668b3d0f4@group-4EC4E3941097-SegmentedRaftLogWorker for RaftStorage:Storage Directory /workdir/hadoop-ozone/integration-test/target/test-dir/MiniOzoneClusterImpl-7fb7994d-4bc0-4253-a887-0c3ab883c7d2/datanode-1/data/ratis/abbe4d11-1c07-4bcf-a5cb-4ec4e3941097
2019-10-08 21:40:39,875 [pool-419-thread-1] INFO  server.RaftServerConfigKeys (ConfUtils.java:logGet(43)) - raft.server.log.queue.byte-limit = 2147483647 (custom)
2019-10-08 21:40:39,875 [pool-419-thread-1] INFO  server.RaftServerConfigKeys (ConfUtils.java:logGet(43)) - raft.server.log.queue.element-limit = 1024 (custom)
2019-10-08 21:40:39,875 [pool-419-thread-1] INFO  server.RaftServerConfigKeys (ConfUtils.java:logGet(43)) - raft.server.log.segment.size.max = 1048576 (custom)
2019-10-08 21:40:39,875 [pool-419-thread-1] INFO  server.RaftServerConfigKeys (ConfUtils.java:logGet(43)) - raft.server.log.preallocated.size = 16384 (custom)
2019-10-08 21:40:39,875 [pool-419-thread-1] INFO  server.RaftServerConfigKeys (ConfUtils.java:logGet(43)) - raft.server.log.write.buffer.size = 33554432 (custom)
2019-10-08 21:40:39,875 [pool-419-thread-1] INFO  server.RaftServerConfigKeys (ConfUtils.java:logGet(43)) - raft.server.log.force.sync.num = 128 (default)
2019-10-08 21:40:39,876 [pool-419-thread-1] INFO  server.RaftServerConfigKeys (ConfUtils.java:logGet(43)) - raft.server.log.statemachine.data.sync = true (default)
2019-10-08 21:40:39,871 [pool-409-thread-1] INFO  server.RaftServerConfigKeys (ConfUtils.java:logGet(43)) - raft.server.notification.no-leader.timeout = 120s (custom)
2019-10-08 21:40:39,876 [pool-429-thread-1] INFO  server.RaftServerConfigKeys (ConfUtils.java:logGet(43)) - raft.server.snapshot.auto.trigger.enabled = true (custom)
2019-10-08 21:40:39,876 [pool-419-thread-1] INFO  server.RaftServerConfigKeys (ConfUtils.java:logGet(43)) - raft.server.log.statemachine.data.sync.timeout = 10s (default)
2019-10-08 21:40:39,876 [pool-419-thread-1] INFO  server.RaftServerConfigKeys (ConfUtils.java:logGet(43)) - raft.server.log.statemachine.data.sync.timeout.retry = -1 (default)
2019-10-08 21:40:39,876 [pool-429-thread-1] INFO  server.RaftServerConfigKeys (ConfUtils.java:logGet(43)) - raft.server.snapshot.auto.trigger.threshold = 10000 (custom)
2019-10-08 21:40:39,876 [pool-429-thread-1] INFO  server.RaftServerConfigKeys (ConfUtils.java:logGet(43)) - raft.server.snapshot.retention.file.num = 5 (custom)
2019-10-08 21:40:39,877 [pool-429-thread-1] INFO  server.RaftServerConfigKeys (ConfUtils.java:logGet(43)) - raft.server.retrycache.expirytime = 600000ms (custom)
2019-10-08 21:40:39,876 [pool-409-thread-1] INFO  server.RaftServerConfigKeys (ConfUtils.java:logGet(43)) - raft.server.log.use.memory = false (default)
2019-10-08 21:40:39,877 [pool-409-thread-1] INFO  server.RaftServerConfigKeys (ConfUtils.java:logGet(43)) - raft.server.log.purge.gap = 1000000 (custom)
2019-10-08 21:40:39,877 [pool-409-thread-1] INFO  server.RaftServerConfigKeys (ConfUtils.java:logGet(43)) - raft.server.log.appender.buffer.byte-limit = 33554432 (custom)
2019-10-08 21:40:39,877 [pool-409-thread-1] INFO  server.RaftServerConfigKeys (ConfUtils.java:logGet(43)) - raft.server.log.segment.size.max = 1048576 (custom)
2019-10-08 21:40:39,877 [pool-409-thread-1] INFO  server.RaftServerConfigKeys (ConfUtils.java:logGet(43)) - raft.server.log.segment.cache.num.max = 2 (custom)
2019-10-08 21:40:39,877 [pool-409-thread-1] INFO  segmented.SegmentedRaftLogWorker (SegmentedRaftLogWorker.java:<init>(173)) - new 8c43b318-eee5-46fe-878c-785d6b15b75a@group-4EC4E3941097-SegmentedRaftLogWorker for RaftStorage:Storage Directory /workdir/hadoop-ozone/integration-test/target/test-dir/MiniOzoneClusterImpl-7fb7994d-4bc0-4253-a887-0c3ab883c7d2/datanode-0/data/ratis/abbe4d11-1c07-4bcf-a5cb-4ec4e3941097
2019-10-08 21:40:39,878 [pool-409-thread-1] INFO  server.RaftServerConfigKeys (ConfUtils.java:logGet(43)) - raft.server.log.queue.byte-limit = 2147483647 (custom)
2019-10-08 21:40:39,878 [pool-409-thread-1] INFO  server.RaftServerConfigKeys (ConfUtils.java:logGet(43)) - raft.server.log.queue.element-limit = 1024 (custom)
2019-10-08 21:40:39,878 [pool-409-thread-1] INFO  server.RaftServerConfigKeys (ConfUtils.java:logGet(43)) - raft.server.log.segment.size.max = 1048576 (custom)
2019-10-08 21:40:39,878 [pool-419-thread-1] INFO  server.RaftServerConfigKeys (ConfUtils.java:logGet(43)) - raft.server.log.statemachine.data.caching.enabled = true (custom)
2019-10-08 21:40:39,878 [pool-409-thread-1] INFO  server.RaftServerConfigKeys (ConfUtils.java:logGet(43)) - raft.server.log.preallocated.size = 16384 (custom)
2019-10-08 21:40:39,878 [pool-429-thread-1] INFO  impl.RaftServerImpl (RaftServerImpl.java:start(181)) - f3a9150c-a922-470c-8d35-94a0c83d506b@group-4EC4E3941097: start as a follower, conf=-1: [f3a9150c-a922-470c-8d35-94a0c83d506b:192.168.151.107:43452, 8c43b318-eee5-46fe-878c-785d6b15b75a:192.168.151.107:35559, 5e869320-ccac-4aeb-8df2-e4f668b3d0f4:192.168.151.107:33051], old=null
2019-10-08 21:40:39,878 [pool-409-thread-1] INFO  server.RaftServerConfigKeys (ConfUtils.java:logGet(43)) - raft.server.log.write.buffer.size = 33554432 (custom)
2019-10-08 21:40:39,878 [pool-419-thread-1] INFO  segmented.SegmentedRaftLogWorker (SegmentedRaftLogWorker.java:lambda$new$0(128)) - 5e869320-ccac-4aeb-8df2-e4f668b3d0f4@group-4EC4E3941097-SegmentedRaftLogWorker: flushIndex: setUnconditionally 0 -> -1
2019-10-08 21:40:39,878 [pool-429-thread-1] INFO  impl.RaftServerImpl (RaftServerImpl.java:setRole(170)) - f3a9150c-a922-470c-8d35-94a0c83d506b@group-4EC4E3941097: changes role from      null to FOLLOWER at term 0 for startAsFollower
2019-10-08 21:40:39,878 [pool-409-thread-1] INFO  server.RaftServerConfigKeys (ConfUtils.java:logGet(43)) - raft.server.log.force.sync.num = 128 (default)
2019-10-08 21:40:39,879 [pool-419-thread-1] INFO  server.RaftServerConfigKeys (ConfUtils.java:logGet(43)) - raft.server.snapshot.auto.trigger.enabled = true (custom)
2019-10-08 21:40:39,879 [pool-429-thread-1] INFO  impl.RoleInfo (RoleInfo.java:updateAndGet(143)) - f3a9150c-a922-470c-8d35-94a0c83d506b: start FollowerState
2019-10-08 21:40:39,879 [pool-419-thread-1] INFO  server.RaftServerConfigKeys (ConfUtils.java:logGet(43)) - raft.server.snapshot.auto.trigger.threshold = 10000 (custom)
2019-10-08 21:40:39,879 [pool-409-thread-1] INFO  server.RaftServerConfigKeys (ConfUtils.java:logGet(43)) - raft.server.log.statemachine.data.sync = true (default)
2019-10-08 21:40:39,889 [pool-429-thread-1] INFO  util.JmxRegister (JmxRegister.java:tryRegister(44)) - Successfully registered JMX Bean with object name Ratis:service=RaftServer,group=group-4EC4E3941097,id=f3a9150c-a922-470c-8d35-94a0c83d506b
2019-10-08 21:40:39,879 [pool-419-thread-1] INFO  server.RaftServerConfigKeys (ConfUtils.java:logGet(43)) - raft.server.snapshot.retention.file.num = 5 (custom)
2019-10-08 21:40:39,889 [pool-409-thread-1] INFO  server.RaftServerConfigKeys (ConfUtils.java:logGet(43)) - raft.server.log.statemachine.data.sync.timeout = 10s (default)
2019-10-08 21:40:39,889 [pool-419-thread-1] INFO  server.RaftServerConfigKeys (ConfUtils.java:logGet(43)) - raft.server.retrycache.expirytime = 600000ms (custom)
2019-10-08 21:40:39,889 [pool-409-thread-1] INFO  server.RaftServerConfigKeys (ConfUtils.java:logGet(43)) - raft.server.log.statemachine.data.sync.timeout.retry = -1 (default)
2019-10-08 21:40:39,889 [pool-409-thread-1] INFO  server.RaftServerConfigKeys (ConfUtils.java:logGet(43)) - raft.server.log.statemachine.data.caching.enabled = true (custom)
2019-10-08 21:40:39,890 [pool-409-thread-1] INFO  segmented.SegmentedRaftLogWorker (SegmentedRaftLogWorker.java:lambda$new$0(128)) - 8c43b318-eee5-46fe-878c-785d6b15b75a@group-4EC4E3941097-SegmentedRaftLogWorker: flushIndex: setUnconditionally 0 -> -1
2019-10-08 21:40:39,890 [pool-409-thread-1] INFO  server.RaftServerConfigKeys (ConfUtils.java:logGet(43)) - raft.server.snapshot.auto.trigger.enabled = true (custom)
2019-10-08 21:40:39,890 [pool-409-thread-1] INFO  server.RaftServerConfigKeys (ConfUtils.java:logGet(43)) - raft.server.snapshot.auto.trigger.threshold = 10000 (custom)
2019-10-08 21:40:39,890 [pool-409-thread-1] INFO  server.RaftServerConfigKeys (ConfUtils.java:logGet(43)) - raft.server.snapshot.retention.file.num = 5 (custom)
2019-10-08 21:40:39,891 [pool-409-thread-1] INFO  server.RaftServerConfigKeys (ConfUtils.java:logGet(43)) - raft.server.retrycache.expirytime = 600000ms (custom)
2019-10-08 21:40:39,891 [pool-419-thread-1] INFO  impl.RaftServerImpl (RaftServerImpl.java:start(181)) - 5e869320-ccac-4aeb-8df2-e4f668b3d0f4@group-4EC4E3941097: start as a follower, conf=-1: [f3a9150c-a922-470c-8d35-94a0c83d506b:192.168.151.107:43452, 8c43b318-eee5-46fe-878c-785d6b15b75a:192.168.151.107:35559, 5e869320-ccac-4aeb-8df2-e4f668b3d0f4:192.168.151.107:33051], old=null
2019-10-08 21:40:39,891 [pool-419-thread-1] INFO  impl.RaftServerImpl (RaftServerImpl.java:setRole(170)) - 5e869320-ccac-4aeb-8df2-e4f668b3d0f4@group-4EC4E3941097: changes role from      null to FOLLOWER at term 0 for startAsFollower
2019-10-08 21:40:39,898 [pool-419-thread-1] INFO  impl.RoleInfo (RoleInfo.java:updateAndGet(143)) - 5e869320-ccac-4aeb-8df2-e4f668b3d0f4: start FollowerState
2019-10-08 21:40:39,898 [pool-419-thread-1] INFO  util.JmxRegister (JmxRegister.java:tryRegister(44)) - Successfully registered JMX Bean with object name Ratis:service=RaftServer,group=group-4EC4E3941097,id=5e869320-ccac-4aeb-8df2-e4f668b3d0f4
2019-10-08 21:40:39,901 [pool-409-thread-1] INFO  impl.RaftServerImpl (RaftServerImpl.java:start(181)) - 8c43b318-eee5-46fe-878c-785d6b15b75a@group-4EC4E3941097: start as a follower, conf=-1: [f3a9150c-a922-470c-8d35-94a0c83d506b:192.168.151.107:43452, 8c43b318-eee5-46fe-878c-785d6b15b75a:192.168.151.107:35559, 5e869320-ccac-4aeb-8df2-e4f668b3d0f4:192.168.151.107:33051], old=null
2019-10-08 21:40:39,901 [pool-409-thread-1] INFO  impl.RaftServerImpl (RaftServerImpl.java:setRole(170)) - 8c43b318-eee5-46fe-878c-785d6b15b75a@group-4EC4E3941097: changes role from      null to FOLLOWER at term 0 for startAsFollower
2019-10-08 21:40:39,901 [pool-409-thread-1] INFO  impl.RoleInfo (RoleInfo.java:updateAndGet(143)) - 8c43b318-eee5-46fe-878c-785d6b15b75a: start FollowerState
2019-10-08 21:40:39,901 [pool-409-thread-1] INFO  util.JmxRegister (JmxRegister.java:tryRegister(44)) - Successfully registered JMX Bean with object name Ratis:service=RaftServer,group=group-4EC4E3941097,id=8c43b318-eee5-46fe-878c-785d6b15b75a
2019-10-08 21:40:39,902 [IPC Server handler 12 on 34191] INFO  net.NetworkTopology (NetworkTopologyImpl.java:add(111)) - Added a new node: /default-rack/02b80970-fa1c-404f-b5fe-a1cf6fa01e71
2019-10-08 21:40:39,902 [IPC Server handler 12 on 34191] INFO  node.SCMNodeManager (SCMNodeManager.java:register(268)) - Registered Data node : 02b80970-fa1c-404f-b5fe-a1cf6fa01e71{ip: 192.168.151.107, host: pr-hdds-2217-2kdk4-3258704453, networkLocation: /default-rack, certSerialId: null}
2019-10-08 21:40:39,908 [RatisPipelineUtilsThread] INFO  pipeline.PipelineStateManager (PipelineStateManager.java:addPipeline(56)) - Created pipeline Pipeline[ Id: abbe4d11-1c07-4bcf-a5cb-4ec4e3941097, Nodes: 5e869320-ccac-4aeb-8df2-e4f668b3d0f4{ip: 192.168.151.107, host: pr-hdds-2217-2kdk4-3258704453, networkLocation: /default-rack, certSerialId: null}f3a9150c-a922-470c-8d35-94a0c83d506b{ip: 192.168.151.107, host: pr-hdds-2217-2kdk4-3258704453, networkLocation: /default-rack, certSerialId: null}8c43b318-eee5-46fe-878c-785d6b15b75a{ip: 192.168.151.107, host: pr-hdds-2217-2kdk4-3258704453, networkLocation: /default-rack, certSerialId: null}, Type:RATIS, Factor:THREE, State:OPEN]
2019-10-08 21:40:39,962 [IPC Server handler 2 on 34191] INFO  net.NetworkTopology (NetworkTopologyImpl.java:add(111)) - Added a new node: /default-rack/6127908d-2d89-4418-b2d1-db9941b4b945
2019-10-08 21:40:39,962 [IPC Server handler 2 on 34191] INFO  node.SCMNodeManager (SCMNodeManager.java:register(268)) - Registered Data node : 6127908d-2d89-4418-b2d1-db9941b4b945{ip: 192.168.151.107, host: pr-hdds-2217-2kdk4-3258704453, networkLocation: /default-rack, certSerialId: null}
2019-10-08 21:40:39,970 [grpc-default-executor-8] INFO  impl.RaftServerProxy (RaftServerProxy.java:addNew(89)) - 6127908d-2d89-4418-b2d1-db9941b4b945: addNew group-B5BD5209581C:[6127908d-2d89-4418-b2d1-db9941b4b945:192.168.151.107:36582] returns group-B5BD5209581C:java.util.concurrent.CompletableFuture@68d347a9[Not completed]
2019-10-08 21:40:39,974 [pool-459-thread-1] INFO  impl.RaftServerImpl (RaftServerImpl.java:<init>(95)) - 6127908d-2d89-4418-b2d1-db9941b4b945: new RaftServerImpl for group-B5BD5209581C:[6127908d-2d89-4418-b2d1-db9941b4b945:192.168.151.107:36582] with ContainerStateMachine:uninitialized
2019-10-08 21:40:39,974 [pool-459-thread-1] INFO  server.RaftServerConfigKeys (ConfUtils.java:logGet(43)) - raft.server.rpc.timeout.min = 5s (custom)
2019-10-08 21:40:39,974 [pool-459-thread-1] INFO  server.RaftServerConfigKeys (ConfUtils.java:logGet(43)) - raft.server.rpc.timeout.max = 5200ms (custom)
2019-10-08 21:40:39,975 [pool-459-thread-1] INFO  server.RaftServerConfigKeys (ConfUtils.java:logGet(43)) - raft.server.rpcslowness.timeout = 120s (custom)
2019-10-08 21:40:39,975 [pool-459-thread-1] INFO  server.RaftServerConfigKeys (ConfUtils.java:logGet(43)) - raft.server.sleep.deviation.threshold = 300 (default)
2019-10-08 21:40:39,975 [pool-459-thread-1] INFO  server.RaftServerConfigKeys (ConfUtils.java:logGet(43)) - raft.server.log.appender.install.snapshot.enabled = false (custom)
2019-10-08 21:40:39,975 [pool-459-thread-1] INFO  impl.RaftServerImpl (ServerState.java:<init>(103)) - 6127908d-2d89-4418-b2d1-db9941b4b945@group-B5BD5209581C: ConfigurationManager, init=-1: [6127908d-2d89-4418-b2d1-db9941b4b945:192.168.151.107:36582], old=null, confs=<EMPTY_MAP>
2019-10-08 21:40:39,975 [pool-459-thread-1] INFO  server.RaftServerConfigKeys (ConfUtils.java:logGet(43)) - raft.server.storage.dir = [/workdir/hadoop-ozone/integration-test/target/test-dir/MiniOzoneClusterImpl-7fb7994d-4bc0-4253-a887-0c3ab883c7d2/datanode-5/data/ratis] (custom)
2019-10-08 21:40:39,975 [pool-459-thread-1] INFO  server.RaftServerConfigKeys (ConfUtils.java:logGet(43)) - raft.server.log.corruption.policy = EXCEPTION (default)
2019-10-08 21:40:39,975 [pool-459-thread-1] INFO  storage.RaftStorageDirectory (RaftStorageDirectory.java:analyzeStorage(246)) - The storage directory /workdir/hadoop-ozone/integration-test/target/test-dir/MiniOzoneClusterImpl-7fb7994d-4bc0-4253-a887-0c3ab883c7d2/datanode-5/data/ratis/a95f4ca9-731d-42aa-a5d3-b5bd5209581c does not exist. Creating ...
2019-10-08 21:40:39,988 [pool-459-thread-1] INFO  storage.RaftStorageDirectory (RaftStorageDirectory.java:tryLock(328)) - Lock on /workdir/hadoop-ozone/integration-test/target/test-dir/MiniOzoneClusterImpl-7fb7994d-4bc0-4253-a887-0c3ab883c7d2/datanode-5/data/ratis/a95f4ca9-731d-42aa-a5d3-b5bd5209581c/in_use.lock acquired by nodename 23712@pr-hdds-2217-2kdk4-3258704453
2019-10-08 21:40:40,001 [pool-459-thread-1] INFO  storage.RaftStorage (RaftStorage.java:format(84)) - Storage directory /workdir/hadoop-ozone/integration-test/target/test-dir/MiniOzoneClusterImpl-7fb7994d-4bc0-4253-a887-0c3ab883c7d2/datanode-5/data/ratis/a95f4ca9-731d-42aa-a5d3-b5bd5209581c has been successfully formatted.
2019-10-08 21:40:40,001 [pool-459-thread-1] INFO  ratis.ContainerStateMachine (ContainerStateMachine.java:loadSnapshot(231)) - group-B5BD5209581C: The snapshot info is null. Setting the last applied indexto:(t:0, i:~)
2019-10-08 21:40:40,002 [pool-459-thread-1] INFO  server.RaftServerConfigKeys (ConfUtils.java:logGet(43)) - raft.server.notification.no-leader.timeout = 120s (custom)
2019-10-08 21:40:40,002 [pool-459-thread-1] INFO  server.RaftServerConfigKeys (ConfUtils.java:logGet(43)) - raft.server.log.use.memory = false (default)
2019-10-08 21:40:40,002 [pool-459-thread-1] INFO  server.RaftServerConfigKeys (ConfUtils.java:logGet(43)) - raft.server.log.purge.gap = 1000000 (custom)
2019-10-08 21:40:40,002 [pool-459-thread-1] INFO  server.RaftServerConfigKeys (ConfUtils.java:logGet(43)) - raft.server.log.appender.buffer.byte-limit = 33554432 (custom)
2019-10-08 21:40:40,002 [pool-459-thread-1] INFO  server.RaftServerConfigKeys (ConfUtils.java:logGet(43)) - raft.server.log.segment.size.max = 1048576 (custom)
2019-10-08 21:40:40,004 [pool-459-thread-1] INFO  server.RaftServerConfigKeys (ConfUtils.java:logGet(43)) - raft.server.log.segment.cache.num.max = 2 (custom)
2019-10-08 21:40:40,004 [pool-459-thread-1] INFO  segmented.SegmentedRaftLogWorker (SegmentedRaftLogWorker.java:<init>(173)) - new 6127908d-2d89-4418-b2d1-db9941b4b945@group-B5BD5209581C-SegmentedRaftLogWorker for RaftStorage:Storage Directory /workdir/hadoop-ozone/integration-test/target/test-dir/MiniOzoneClusterImpl-7fb7994d-4bc0-4253-a887-0c3ab883c7d2/datanode-5/data/ratis/a95f4ca9-731d-42aa-a5d3-b5bd5209581c
2019-10-08 21:40:40,004 [pool-459-thread-1] INFO  server.RaftServerConfigKeys (ConfUtils.java:logGet(43)) - raft.server.log.queue.byte-limit = 2147483647 (custom)
2019-10-08 21:40:40,004 [pool-459-thread-1] INFO  server.RaftServerConfigKeys (ConfUtils.java:logGet(43)) - raft.server.log.queue.element-limit = 1024 (custom)
2019-10-08 21:40:40,004 [pool-459-thread-1] INFO  server.RaftServerConfigKeys (ConfUtils.java:logGet(43)) - raft.server.log.segment.size.max = 1048576 (custom)
2019-10-08 21:40:40,005 [pool-459-thread-1] INFO  server.RaftServerConfigKeys (ConfUtils.java:logGet(43)) - raft.server.log.preallocated.size = 16384 (custom)
2019-10-08 21:40:40,005 [pool-459-thread-1] INFO  server.RaftServerConfigKeys (ConfUtils.java:logGet(43)) - raft.server.log.write.buffer.size = 33554432 (custom)
2019-10-08 21:40:40,005 [pool-459-thread-1] INFO  server.RaftServerConfigKeys (ConfUtils.java:logGet(43)) - raft.server.log.force.sync.num = 128 (default)
2019-10-08 21:40:40,005 [pool-459-thread-1] INFO  server.RaftServerConfigKeys (ConfUtils.java:logGet(43)) - raft.server.log.statemachine.data.sync = true (default)
2019-10-08 21:40:40,005 [pool-459-thread-1] INFO  server.RaftServerConfigKeys (ConfUtils.java:logGet(43)) - raft.server.log.statemachine.data.sync.timeout = 10s (default)
2019-10-08 21:40:40,005 [pool-459-thread-1] INFO  server.RaftServerConfigKeys (ConfUtils.java:logGet(43)) - raft.server.log.statemachine.data.sync.timeout.retry = -1 (default)
2019-10-08 21:40:40,006 [pool-459-thread-1] INFO  server.RaftServerConfigKeys (ConfUtils.java:logGet(43)) - raft.server.log.statemachine.data.caching.enabled = true (custom)
2019-10-08 21:40:40,006 [pool-459-thread-1] INFO  segmented.SegmentedRaftLogWorker (SegmentedRaftLogWorker.java:lambda$new$0(128)) - 6127908d-2d89-4418-b2d1-db9941b4b945@group-B5BD5209581C-SegmentedRaftLogWorker: flushIndex: setUnconditionally 0 -> -1
2019-10-08 21:40:40,006 [pool-459-thread-1] INFO  server.RaftServerConfigKeys (ConfUtils.java:logGet(43)) - raft.server.snapshot.auto.trigger.enabled = true (custom)
2019-10-08 21:40:40,006 [pool-459-thread-1] INFO  server.RaftServerConfigKeys (ConfUtils.java:logGet(43)) - raft.server.snapshot.auto.trigger.threshold = 10000 (custom)
2019-10-08 21:40:40,006 [pool-459-thread-1] INFO  server.RaftServerConfigKeys (ConfUtils.java:logGet(43)) - raft.server.snapshot.retention.file.num = 5 (custom)
2019-10-08 21:40:40,007 [pool-459-thread-1] INFO  server.RaftServerConfigKeys (ConfUtils.java:logGet(43)) - raft.server.retrycache.expirytime = 600000ms (custom)
2019-10-08 21:40:40,008 [pool-459-thread-1] INFO  impl.RaftServerImpl (RaftServerImpl.java:start(181)) - 6127908d-2d89-4418-b2d1-db9941b4b945@group-B5BD5209581C: start as a follower, conf=-1: [6127908d-2d89-4418-b2d1-db9941b4b945:192.168.151.107:36582], old=null
2019-10-08 21:40:40,008 [pool-459-thread-1] INFO  impl.RaftServerImpl (RaftServerImpl.java:setRole(170)) - 6127908d-2d89-4418-b2d1-db9941b4b945@group-B5BD5209581C: changes role from      null to FOLLOWER at term 0 for startAsFollower
2019-10-08 21:40:40,008 [pool-459-thread-1] INFO  impl.RoleInfo (RoleInfo.java:updateAndGet(143)) - 6127908d-2d89-4418-b2d1-db9941b4b945: start FollowerState
2019-10-08 21:40:40,009 [pool-459-thread-1] INFO  util.JmxRegister (JmxRegister.java:tryRegister(44)) - Successfully registered JMX Bean with object name Ratis:service=RaftServer,group=group-B5BD5209581C,id=6127908d-2d89-4418-b2d1-db9941b4b945
2019-10-08 21:40:40,018 [RatisPipelineUtilsThread] INFO  pipeline.PipelineStateManager (PipelineStateManager.java:addPipeline(56)) - Created pipeline Pipeline[ Id: a95f4ca9-731d-42aa-a5d3-b5bd5209581c, Nodes: 6127908d-2d89-4418-b2d1-db9941b4b945{ip: 192.168.151.107, host: pr-hdds-2217-2kdk4-3258704453, networkLocation: /default-rack, certSerialId: null}, Type:RATIS, Factor:ONE, State:OPEN]
2019-10-08 21:40:40,025 [main] INFO  ozone.MiniOzoneClusterImpl (MiniOzoneClusterImpl.java:lambda$waitForClusterToBeReady$0(147)) - Waiting for cluster to be ready. Got 6 of 7 DN Heartbeats.
2019-10-08 21:40:40,025 [IPC Server handler 0 on 34191] INFO  net.NetworkTopology (NetworkTopologyImpl.java:add(111)) - Added a new node: /default-rack/2fadce2d-0f30-4c07-bb86-65c3390b8d84
2019-10-08 21:40:40,026 [IPC Server handler 0 on 34191] INFO  node.SCMNodeManager (SCMNodeManager.java:register(268)) - Registered Data node : 2fadce2d-0f30-4c07-bb86-65c3390b8d84{ip: 192.168.151.107, host: pr-hdds-2217-2kdk4-3258704453, networkLocation: /default-rack, certSerialId: null}
2019-10-08 21:40:40,031 [grpc-default-executor-8] INFO  impl.RaftServerProxy (RaftServerProxy.java:addNew(89)) - 943987cc-052a-4c66-b334-3413c0116694: addNew group-A975645EBE1C:[943987cc-052a-4c66-b334-3413c0116694:192.168.151.107:44948] returns group-A975645EBE1C:java.util.concurrent.CompletableFuture@67c73d42[Not completed]
2019-10-08 21:40:40,031 [pool-439-thread-1] INFO  impl.RaftServerImpl (RaftServerImpl.java:<init>(95)) - 943987cc-052a-4c66-b334-3413c0116694: new RaftServerImpl for group-A975645EBE1C:[943987cc-052a-4c66-b334-3413c0116694:192.168.151.107:44948] with ContainerStateMachine:uninitialized
2019-10-08 21:40:40,031 [pool-439-thread-1] INFO  server.RaftServerConfigKeys (ConfUtils.java:logGet(43)) - raft.server.rpc.timeout.min = 5s (custom)
2019-10-08 21:40:40,032 [pool-439-thread-1] INFO  server.RaftServerConfigKeys (ConfUtils.java:logGet(43)) - raft.server.rpc.timeout.max = 5200ms (custom)
2019-10-08 21:40:40,032 [pool-439-thread-1] INFO  server.RaftServerConfigKeys (ConfUtils.java:logGet(43)) - raft.server.rpcslowness.timeout = 120s (custom)
2019-10-08 21:40:40,032 [pool-439-thread-1] INFO  server.RaftServerConfigKeys (ConfUtils.java:logGet(43)) - raft.server.sleep.deviation.threshold = 300 (default)
2019-10-08 21:40:40,032 [pool-439-thread-1] INFO  server.RaftServerConfigKeys (ConfUtils.java:logGet(43)) - raft.server.log.appender.install.snapshot.enabled = false (custom)
2019-10-08 21:40:40,032 [pool-439-thread-1] INFO  impl.RaftServerImpl (ServerState.java:<init>(103)) - 943987cc-052a-4c66-b334-3413c0116694@group-A975645EBE1C: ConfigurationManager, init=-1: [943987cc-052a-4c66-b334-3413c0116694:192.168.151.107:44948], old=null, confs=<EMPTY_MAP>
2019-10-08 21:40:40,032 [pool-439-thread-1] INFO  server.RaftServerConfigKeys (ConfUtils.java:logGet(43)) - raft.server.storage.dir = [/workdir/hadoop-ozone/integration-test/target/test-dir/MiniOzoneClusterImpl-7fb7994d-4bc0-4253-a887-0c3ab883c7d2/datanode-3/data/ratis] (custom)
2019-10-08 21:40:40,032 [pool-439-thread-1] INFO  server.RaftServerConfigKeys (ConfUtils.java:logGet(43)) - raft.server.log.corruption.policy = EXCEPTION (default)
2019-10-08 21:40:40,032 [pool-439-thread-1] INFO  storage.RaftStorageDirectory (RaftStorageDirectory.java:analyzeStorage(246)) - The storage directory /workdir/hadoop-ozone/integration-test/target/test-dir/MiniOzoneClusterImpl-7fb7994d-4bc0-4253-a887-0c3ab883c7d2/datanode-3/data/ratis/37e07cc8-8c68-439a-b346-a975645ebe1c does not exist. Creating ...
2019-10-08 21:40:40,047 [pool-439-thread-1] INFO  storage.RaftStorageDirectory (RaftStorageDirectory.java:tryLock(328)) - Lock on /workdir/hadoop-ozone/integration-test/target/test-dir/MiniOzoneClusterImpl-7fb7994d-4bc0-4253-a887-0c3ab883c7d2/datanode-3/data/ratis/37e07cc8-8c68-439a-b346-a975645ebe1c/in_use.lock acquired by nodename 23712@pr-hdds-2217-2kdk4-3258704453
2019-10-08 21:40:40,059 [pool-439-thread-1] INFO  storage.RaftStorage (RaftStorage.java:format(84)) - Storage directory /workdir/hadoop-ozone/integration-test/target/test-dir/MiniOzoneClusterImpl-7fb7994d-4bc0-4253-a887-0c3ab883c7d2/datanode-3/data/ratis/37e07cc8-8c68-439a-b346-a975645ebe1c has been successfully formatted.
2019-10-08 21:40:40,060 [pool-439-thread-1] INFO  ratis.ContainerStateMachine (ContainerStateMachine.java:loadSnapshot(231)) - group-A975645EBE1C: The snapshot info is null. Setting the last applied indexto:(t:0, i:~)
2019-10-08 21:40:40,060 [pool-439-thread-1] INFO  server.RaftServerConfigKeys (ConfUtils.java:logGet(43)) - raft.server.notification.no-leader.timeout = 120s (custom)
2019-10-08 21:40:40,060 [pool-439-thread-1] INFO  server.RaftServerConfigKeys (ConfUtils.java:logGet(43)) - raft.server.log.use.memory = false (default)
2019-10-08 21:40:40,060 [pool-439-thread-1] INFO  server.RaftServerConfigKeys (ConfUtils.java:logGet(43)) - raft.server.log.purge.gap = 1000000 (custom)
2019-10-08 21:40:40,060 [pool-439-thread-1] INFO  server.RaftServerConfigKeys (ConfUtils.java:logGet(43)) - raft.server.log.appender.buffer.byte-limit = 33554432 (custom)
2019-10-08 21:40:40,060 [pool-439-thread-1] INFO  server.RaftServerConfigKeys (ConfUtils.java:logGet(43)) - raft.server.log.segment.size.max = 1048576 (custom)
2019-10-08 21:40:40,061 [pool-439-thread-1] INFO  server.RaftServerConfigKeys (ConfUtils.java:logGet(43)) - raft.server.log.segment.cache.num.max = 2 (custom)
2019-10-08 21:40:40,061 [pool-439-thread-1] INFO  segmented.SegmentedRaftLogWorker (SegmentedRaftLogWorker.java:<init>(173)) - new 943987cc-052a-4c66-b334-3413c0116694@group-A975645EBE1C-SegmentedRaftLogWorker for RaftStorage:Storage Directory /workdir/hadoop-ozone/integration-test/target/test-dir/MiniOzoneClusterImpl-7fb7994d-4bc0-4253-a887-0c3ab883c7d2/datanode-3/data/ratis/37e07cc8-8c68-439a-b346-a975645ebe1c
2019-10-08 21:40:40,062 [pool-439-thread-1] INFO  server.RaftServerConfigKeys (ConfUtils.java:logGet(43)) - raft.server.log.queue.byte-limit = 2147483647 (custom)
2019-10-08 21:40:40,062 [pool-439-thread-1] INFO  server.RaftServerConfigKeys (ConfUtils.java:logGet(43)) - raft.server.log.queue.element-limit = 1024 (custom)
2019-10-08 21:40:40,062 [pool-439-thread-1] INFO  server.RaftServerConfigKeys (ConfUtils.java:logGet(43)) - raft.server.log.segment.size.max = 1048576 (custom)
2019-10-08 21:40:40,062 [pool-439-thread-1] INFO  server.RaftServerConfigKeys (ConfUtils.java:logGet(43)) - raft.server.log.preallocated.size = 16384 (custom)
2019-10-08 21:40:40,062 [pool-439-thread-1] INFO  server.RaftServerConfigKeys (ConfUtils.java:logGet(43)) - raft.server.log.write.buffer.size = 33554432 (custom)
2019-10-08 21:40:40,062 [pool-439-thread-1] INFO  server.RaftServerConfigKeys (ConfUtils.java:logGet(43)) - raft.server.log.force.sync.num = 128 (default)
2019-10-08 21:40:40,062 [pool-439-thread-1] INFO  server.RaftServerConfigKeys (ConfUtils.java:logGet(43)) - raft.server.log.statemachine.data.sync = true (default)
2019-10-08 21:40:40,062 [pool-439-thread-1] INFO  server.RaftServerConfigKeys (ConfUtils.java:logGet(43)) - raft.server.log.statemachine.data.sync.timeout = 10s (default)
2019-10-08 21:40:40,062 [pool-439-thread-1] INFO  server.RaftServerConfigKeys (ConfUtils.java:logGet(43)) - raft.server.log.statemachine.data.sync.timeout.retry = -1 (default)
2019-10-08 21:40:40,062 [pool-439-thread-1] INFO  server.RaftServerConfigKeys (ConfUtils.java:logGet(43)) - raft.server.log.statemachine.data.caching.enabled = true (custom)
2019-10-08 21:40:40,063 [pool-439-thread-1] INFO  segmented.SegmentedRaftLogWorker (SegmentedRaftLogWorker.java:lambda$new$0(128)) - 943987cc-052a-4c66-b334-3413c0116694@group-A975645EBE1C-SegmentedRaftLogWorker: flushIndex: setUnconditionally 0 -> -1
2019-10-08 21:40:40,063 [pool-439-thread-1] INFO  server.RaftServerConfigKeys (ConfUtils.java:logGet(43)) - raft.server.snapshot.auto.trigger.enabled = true (custom)
2019-10-08 21:40:40,063 [pool-439-thread-1] INFO  server.RaftServerConfigKeys (ConfUtils.java:logGet(43)) - raft.server.snapshot.auto.trigger.threshold = 10000 (custom)
2019-10-08 21:40:40,063 [pool-439-thread-1] INFO  server.RaftServerConfigKeys (ConfUtils.java:logGet(43)) - raft.server.snapshot.retention.file.num = 5 (custom)
2019-10-08 21:40:40,063 [pool-439-thread-1] INFO  server.RaftServerConfigKeys (ConfUtils.java:logGet(43)) - raft.server.retrycache.expirytime = 600000ms (custom)
2019-10-08 21:40:40,064 [pool-439-thread-1] INFO  impl.RaftServerImpl (RaftServerImpl.java:start(181)) - 943987cc-052a-4c66-b334-3413c0116694@group-A975645EBE1C: start as a follower, conf=-1: [943987cc-052a-4c66-b334-3413c0116694:192.168.151.107:44948], old=null
2019-10-08 21:40:40,064 [pool-439-thread-1] INFO  impl.RaftServerImpl (RaftServerImpl.java:setRole(170)) - 943987cc-052a-4c66-b334-3413c0116694@group-A975645EBE1C: changes role from      null to FOLLOWER at term 0 for startAsFollower
2019-10-08 21:40:40,064 [pool-439-thread-1] INFO  impl.RoleInfo (RoleInfo.java:updateAndGet(143)) - 943987cc-052a-4c66-b334-3413c0116694: start FollowerState
2019-10-08 21:40:40,064 [pool-439-thread-1] INFO  util.JmxRegister (JmxRegister.java:tryRegister(44)) - Successfully registered JMX Bean with object name Ratis:service=RaftServer,group=group-A975645EBE1C,id=943987cc-052a-4c66-b334-3413c0116694
2019-10-08 21:40:40,070 [RatisPipelineUtilsThread] INFO  pipeline.PipelineStateManager (PipelineStateManager.java:addPipeline(56)) - Created pipeline Pipeline[ Id: 37e07cc8-8c68-439a-b346-a975645ebe1c, Nodes: 943987cc-052a-4c66-b334-3413c0116694{ip: 192.168.151.107, host: pr-hdds-2217-2kdk4-3258704453, networkLocation: /default-rack, certSerialId: null}, Type:RATIS, Factor:ONE, State:OPEN]
2019-10-08 21:40:40,079 [grpc-default-executor-8] INFO  impl.RaftServerProxy (RaftServerProxy.java:addNew(89)) - 02b80970-fa1c-404f-b5fe-a1cf6fa01e71: addNew group-E4F808037A2A:[02b80970-fa1c-404f-b5fe-a1cf6fa01e71:192.168.151.107:40218] returns group-E4F808037A2A:java.util.concurrent.CompletableFuture@4852a9ca[Not completed]
2019-10-08 21:40:40,080 [pool-449-thread-1] INFO  impl.RaftServerImpl (RaftServerImpl.java:<init>(95)) - 02b80970-fa1c-404f-b5fe-a1cf6fa01e71: new RaftServerImpl for group-E4F808037A2A:[02b80970-fa1c-404f-b5fe-a1cf6fa01e71:192.168.151.107:40218] with ContainerStateMachine:uninitialized
2019-10-08 21:40:40,080 [pool-449-thread-1] INFO  server.RaftServerConfigKeys (ConfUtils.java:logGet(43)) - raft.server.rpc.timeout.min = 5s (custom)
2019-10-08 21:40:40,080 [pool-449-thread-1] INFO  server.RaftServerConfigKeys (ConfUtils.java:logGet(43)) - raft.server.rpc.timeout.max = 5200ms (custom)
2019-10-08 21:40:40,080 [pool-449-thread-1] INFO  server.RaftServerConfigKeys (ConfUtils.java:logGet(43)) - raft.server.rpcslowness.timeout = 120s (custom)
2019-10-08 21:40:40,080 [pool-449-thread-1] INFO  server.RaftServerConfigKeys (ConfUtils.java:logGet(43)) - raft.server.sleep.deviation.threshold = 300 (default)
2019-10-08 21:40:40,080 [pool-449-thread-1] INFO  server.RaftServerConfigKeys (ConfUtils.java:logGet(43)) - raft.server.log.appender.install.snapshot.enabled = false (custom)
2019-10-08 21:40:40,080 [pool-449-thread-1] INFO  impl.RaftServerImpl (ServerState.java:<init>(103)) - 02b80970-fa1c-404f-b5fe-a1cf6fa01e71@group-E4F808037A2A: ConfigurationManager, init=-1: [02b80970-fa1c-404f-b5fe-a1cf6fa01e71:192.168.151.107:40218], old=null, confs=<EMPTY_MAP>
2019-10-08 21:40:40,081 [pool-449-thread-1] INFO  server.RaftServerConfigKeys (ConfUtils.java:logGet(43)) - raft.server.storage.dir = [/workdir/hadoop-ozone/integration-test/target/test-dir/MiniOzoneClusterImpl-7fb7994d-4bc0-4253-a887-0c3ab883c7d2/datanode-4/data/ratis] (custom)
2019-10-08 21:40:40,081 [pool-449-thread-1] INFO  server.RaftServerConfigKeys (ConfUtils.java:logGet(43)) - raft.server.log.corruption.policy = EXCEPTION (default)
2019-10-08 21:40:40,081 [pool-449-thread-1] INFO  storage.RaftStorageDirectory (RaftStorageDirectory.java:analyzeStorage(246)) - The storage directory /workdir/hadoop-ozone/integration-test/target/test-dir/MiniOzoneClusterImpl-7fb7994d-4bc0-4253-a887-0c3ab883c7d2/datanode-4/data/ratis/de58bca9-6be1-4cee-87da-e4f808037a2a does not exist. Creating ...
2019-10-08 21:40:40,093 [pool-449-thread-1] INFO  storage.RaftStorageDirectory (RaftStorageDirectory.java:tryLock(328)) - Lock on /workdir/hadoop-ozone/integration-test/target/test-dir/MiniOzoneClusterImpl-7fb7994d-4bc0-4253-a887-0c3ab883c7d2/datanode-4/data/ratis/de58bca9-6be1-4cee-87da-e4f808037a2a/in_use.lock acquired by nodename 23712@pr-hdds-2217-2kdk4-3258704453
2019-10-08 21:40:40,106 [pool-449-thread-1] INFO  storage.RaftStorage (RaftStorage.java:format(84)) - Storage directory /workdir/hadoop-ozone/integration-test/target/test-dir/MiniOzoneClusterImpl-7fb7994d-4bc0-4253-a887-0c3ab883c7d2/datanode-4/data/ratis/de58bca9-6be1-4cee-87da-e4f808037a2a has been successfully formatted.
2019-10-08 21:40:40,107 [pool-449-thread-1] INFO  ratis.ContainerStateMachine (ContainerStateMachine.java:loadSnapshot(231)) - group-E4F808037A2A: The snapshot info is null. Setting the last applied indexto:(t:0, i:~)
2019-10-08 21:40:40,107 [pool-449-thread-1] INFO  server.RaftServerConfigKeys (ConfUtils.java:logGet(43)) - raft.server.notification.no-leader.timeout = 120s (custom)
2019-10-08 21:40:40,107 [pool-449-thread-1] INFO  server.RaftServerConfigKeys (ConfUtils.java:logGet(43)) - raft.server.log.use.memory = false (default)
2019-10-08 21:40:40,107 [pool-449-thread-1] INFO  server.RaftServerConfigKeys (ConfUtils.java:logGet(43)) - raft.server.log.purge.gap = 1000000 (custom)
2019-10-08 21:40:40,107 [pool-449-thread-1] INFO  server.RaftServerConfigKeys (ConfUtils.java:logGet(43)) - raft.server.log.appender.buffer.byte-limit = 33554432 (custom)
2019-10-08 21:40:40,107 [pool-449-thread-1] INFO  server.RaftServerConfigKeys (ConfUtils.java:logGet(43)) - raft.server.log.segment.size.max = 1048576 (custom)
2019-10-08 21:40:40,108 [pool-449-thread-1] INFO  server.RaftServerConfigKeys (ConfUtils.java:logGet(43)) - raft.server.log.segment.cache.num.max = 2 (custom)
2019-10-08 21:40:40,108 [pool-449-thread-1] INFO  segmented.SegmentedRaftLogWorker (SegmentedRaftLogWorker.java:<init>(173)) - new 02b80970-fa1c-404f-b5fe-a1cf6fa01e71@group-E4F808037A2A-SegmentedRaftLogWorker for RaftStorage:Storage Directory /workdir/hadoop-ozone/integration-test/target/test-dir/MiniOzoneClusterImpl-7fb7994d-4bc0-4253-a887-0c3ab883c7d2/datanode-4/data/ratis/de58bca9-6be1-4cee-87da-e4f808037a2a
2019-10-08 21:40:40,108 [pool-449-thread-1] INFO  server.RaftServerConfigKeys (ConfUtils.java:logGet(43)) - raft.server.log.queue.byte-limit = 2147483647 (custom)
2019-10-08 21:40:40,109 [pool-449-thread-1] INFO  server.RaftServerConfigKeys (ConfUtils.java:logGet(43)) - raft.server.log.queue.element-limit = 1024 (custom)
2019-10-08 21:40:40,109 [pool-449-thread-1] INFO  server.RaftServerConfigKeys (ConfUtils.java:logGet(43)) - raft.server.log.segment.size.max = 1048576 (custom)
2019-10-08 21:40:40,109 [pool-449-thread-1] INFO  server.RaftServerConfigKeys (ConfUtils.java:logGet(43)) - raft.server.log.preallocated.size = 16384 (custom)
2019-10-08 21:40:40,109 [pool-449-thread-1] INFO  server.RaftServerConfigKeys (ConfUtils.java:logGet(43)) - raft.server.log.write.buffer.size = 33554432 (custom)
2019-10-08 21:40:40,109 [pool-449-thread-1] INFO  server.RaftServerConfigKeys (ConfUtils.java:logGet(43)) - raft.server.log.force.sync.num = 128 (default)
2019-10-08 21:40:40,109 [pool-449-thread-1] INFO  server.RaftServerConfigKeys (ConfUtils.java:logGet(43)) - raft.server.log.statemachine.data.sync = true (default)
2019-10-08 21:40:40,109 [pool-449-thread-1] INFO  server.RaftServerConfigKeys (ConfUtils.java:logGet(43)) - raft.server.log.statemachine.data.sync.timeout = 10s (default)
2019-10-08 21:40:40,109 [pool-449-thread-1] INFO  server.RaftServerConfigKeys (ConfUtils.java:logGet(43)) - raft.server.log.statemachine.data.sync.timeout.retry = -1 (default)
2019-10-08 21:40:40,110 [pool-449-thread-1] INFO  server.RaftServerConfigKeys (ConfUtils.java:logGet(43)) - raft.server.log.statemachine.data.caching.enabled = true (custom)
2019-10-08 21:40:40,110 [pool-449-thread-1] INFO  segmented.SegmentedRaftLogWorker (SegmentedRaftLogWorker.java:lambda$new$0(128)) - 02b80970-fa1c-404f-b5fe-a1cf6fa01e71@group-E4F808037A2A-SegmentedRaftLogWorker: flushIndex: setUnconditionally 0 -> -1
2019-10-08 21:40:40,110 [pool-449-thread-1] INFO  server.RaftServerConfigKeys (ConfUtils.java:logGet(43)) - raft.server.snapshot.auto.trigger.enabled = true (custom)
2019-10-08 21:40:40,110 [pool-449-thread-1] INFO  server.RaftServerConfigKeys (ConfUtils.java:logGet(43)) - raft.server.snapshot.auto.trigger.threshold = 10000 (custom)
2019-10-08 21:40:40,110 [pool-449-thread-1] INFO  server.RaftServerConfigKeys (ConfUtils.java:logGet(43)) - raft.server.snapshot.retention.file.num = 5 (custom)
2019-10-08 21:40:40,110 [pool-449-thread-1] INFO  server.RaftServerConfigKeys (ConfUtils.java:logGet(43)) - raft.server.retrycache.expirytime = 600000ms (custom)
2019-10-08 21:40:40,111 [pool-449-thread-1] INFO  impl.RaftServerImpl (RaftServerImpl.java:start(181)) - 02b80970-fa1c-404f-b5fe-a1cf6fa01e71@group-E4F808037A2A: start as a follower, conf=-1: [02b80970-fa1c-404f-b5fe-a1cf6fa01e71:192.168.151.107:40218], old=null
2019-10-08 21:40:40,112 [pool-449-thread-1] INFO  impl.RaftServerImpl (RaftServerImpl.java:setRole(170)) - 02b80970-fa1c-404f-b5fe-a1cf6fa01e71@group-E4F808037A2A: changes role from      null to FOLLOWER at term 0 for startAsFollower
2019-10-08 21:40:40,112 [pool-449-thread-1] INFO  impl.RoleInfo (RoleInfo.java:updateAndGet(143)) - 02b80970-fa1c-404f-b5fe-a1cf6fa01e71: start FollowerState
2019-10-08 21:40:40,112 [pool-449-thread-1] INFO  util.JmxRegister (JmxRegister.java:tryRegister(44)) - Successfully registered JMX Bean with object name Ratis:service=RaftServer,group=group-E4F808037A2A,id=02b80970-fa1c-404f-b5fe-a1cf6fa01e71
2019-10-08 21:40:40,118 [RatisPipelineUtilsThread] INFO  pipeline.PipelineStateManager (PipelineStateManager.java:addPipeline(56)) - Created pipeline Pipeline[ Id: de58bca9-6be1-4cee-87da-e4f808037a2a, Nodes: 02b80970-fa1c-404f-b5fe-a1cf6fa01e71{ip: 192.168.151.107, host: pr-hdds-2217-2kdk4-3258704453, networkLocation: /default-rack, certSerialId: null}, Type:RATIS, Factor:ONE, State:OPEN]
2019-10-08 21:40:40,126 [grpc-default-executor-8] INFO  impl.RaftServerProxy (RaftServerProxy.java:addNew(89)) - 2fadce2d-0f30-4c07-bb86-65c3390b8d84: addNew group-C9DCADA4242F:[2fadce2d-0f30-4c07-bb86-65c3390b8d84:192.168.151.107:39198] returns group-C9DCADA4242F:java.util.concurrent.CompletableFuture@67c83634[Not completed]
2019-10-08 21:40:40,127 [pool-469-thread-1] INFO  impl.RaftServerImpl (RaftServerImpl.java:<init>(95)) - 2fadce2d-0f30-4c07-bb86-65c3390b8d84: new RaftServerImpl for group-C9DCADA4242F:[2fadce2d-0f30-4c07-bb86-65c3390b8d84:192.168.151.107:39198] with ContainerStateMachine:uninitialized
2019-10-08 21:40:40,127 [pool-469-thread-1] INFO  server.RaftServerConfigKeys (ConfUtils.java:logGet(43)) - raft.server.rpc.timeout.min = 5s (custom)
2019-10-08 21:40:40,127 [pool-469-thread-1] INFO  server.RaftServerConfigKeys (ConfUtils.java:logGet(43)) - raft.server.rpc.timeout.max = 5200ms (custom)
2019-10-08 21:40:40,127 [pool-469-thread-1] INFO  server.RaftServerConfigKeys (ConfUtils.java:logGet(43)) - raft.server.rpcslowness.timeout = 120s (custom)
2019-10-08 21:40:40,127 [pool-469-thread-1] INFO  server.RaftServerConfigKeys (ConfUtils.java:logGet(43)) - raft.server.sleep.deviation.threshold = 300 (default)
2019-10-08 21:40:40,127 [pool-469-thread-1] INFO  server.RaftServerConfigKeys (ConfUtils.java:logGet(43)) - raft.server.log.appender.install.snapshot.enabled = false (custom)
2019-10-08 21:40:40,127 [pool-469-thread-1] INFO  impl.RaftServerImpl (ServerState.java:<init>(103)) - 2fadce2d-0f30-4c07-bb86-65c3390b8d84@group-C9DCADA4242F: ConfigurationManager, init=-1: [2fadce2d-0f30-4c07-bb86-65c3390b8d84:192.168.151.107:39198], old=null, confs=<EMPTY_MAP>
2019-10-08 21:40:40,127 [pool-469-thread-1] INFO  server.RaftServerConfigKeys (ConfUtils.java:logGet(43)) - raft.server.storage.dir = [/workdir/hadoop-ozone/integration-test/target/test-dir/MiniOzoneClusterImpl-7fb7994d-4bc0-4253-a887-0c3ab883c7d2/datanode-6/data/ratis] (custom)
2019-10-08 21:40:40,128 [pool-469-thread-1] INFO  server.RaftServerConfigKeys (ConfUtils.java:logGet(43)) - raft.server.log.corruption.policy = EXCEPTION (default)
2019-10-08 21:40:40,128 [pool-469-thread-1] INFO  storage.RaftStorageDirectory (RaftStorageDirectory.java:analyzeStorage(246)) - The storage directory /workdir/hadoop-ozone/integration-test/target/test-dir/MiniOzoneClusterImpl-7fb7994d-4bc0-4253-a887-0c3ab883c7d2/datanode-6/data/ratis/c6ad7bfc-60eb-461c-be4c-c9dcada4242f does not exist. Creating ...
2019-10-08 21:40:40,140 [pool-469-thread-1] INFO  storage.RaftStorageDirectory (RaftStorageDirectory.java:tryLock(328)) - Lock on /workdir/hadoop-ozone/integration-test/target/test-dir/MiniOzoneClusterImpl-7fb7994d-4bc0-4253-a887-0c3ab883c7d2/datanode-6/data/ratis/c6ad7bfc-60eb-461c-be4c-c9dcada4242f/in_use.lock acquired by nodename 23712@pr-hdds-2217-2kdk4-3258704453
2019-10-08 21:40:40,153 [pool-469-thread-1] INFO  storage.RaftStorage (RaftStorage.java:format(84)) - Storage directory /workdir/hadoop-ozone/integration-test/target/test-dir/MiniOzoneClusterImpl-7fb7994d-4bc0-4253-a887-0c3ab883c7d2/datanode-6/data/ratis/c6ad7bfc-60eb-461c-be4c-c9dcada4242f has been successfully formatted.
2019-10-08 21:40:40,153 [pool-469-thread-1] INFO  ratis.ContainerStateMachine (ContainerStateMachine.java:loadSnapshot(231)) - group-C9DCADA4242F: The snapshot info is null. Setting the last applied indexto:(t:0, i:~)
2019-10-08 21:40:40,153 [pool-469-thread-1] INFO  server.RaftServerConfigKeys (ConfUtils.java:logGet(43)) - raft.server.notification.no-leader.timeout = 120s (custom)
2019-10-08 21:40:40,153 [pool-469-thread-1] INFO  server.RaftServerConfigKeys (ConfUtils.java:logGet(43)) - raft.server.log.use.memory = false (default)
2019-10-08 21:40:40,153 [pool-469-thread-1] INFO  server.RaftServerConfigKeys (ConfUtils.java:logGet(43)) - raft.server.log.purge.gap = 1000000 (custom)
2019-10-08 21:40:40,153 [pool-469-thread-1] INFO  server.RaftServerConfigKeys (ConfUtils.java:logGet(43)) - raft.server.log.appender.buffer.byte-limit = 33554432 (custom)
2019-10-08 21:40:40,153 [pool-469-thread-1] INFO  server.RaftServerConfigKeys (ConfUtils.java:logGet(43)) - raft.server.log.segment.size.max = 1048576 (custom)
2019-10-08 21:40:40,155 [pool-469-thread-1] INFO  server.RaftServerConfigKeys (ConfUtils.java:logGet(43)) - raft.server.log.segment.cache.num.max = 2 (custom)
2019-10-08 21:40:40,155 [pool-469-thread-1] INFO  segmented.SegmentedRaftLogWorker (SegmentedRaftLogWorker.java:<init>(173)) - new 2fadce2d-0f30-4c07-bb86-65c3390b8d84@group-C9DCADA4242F-SegmentedRaftLogWorker for RaftStorage:Storage Directory /workdir/hadoop-ozone/integration-test/target/test-dir/MiniOzoneClusterImpl-7fb7994d-4bc0-4253-a887-0c3ab883c7d2/datanode-6/data/ratis/c6ad7bfc-60eb-461c-be4c-c9dcada4242f
2019-10-08 21:40:40,155 [pool-469-thread-1] INFO  server.RaftServerConfigKeys (ConfUtils.java:logGet(43)) - raft.server.log.queue.byte-limit = 2147483647 (custom)
2019-10-08 21:40:40,155 [pool-469-thread-1] INFO  server.RaftServerConfigKeys (ConfUtils.java:logGet(43)) - raft.server.log.queue.element-limit = 1024 (custom)
2019-10-08 21:40:40,155 [pool-469-thread-1] INFO  server.RaftServerConfigKeys (ConfUtils.java:logGet(43)) - raft.server.log.segment.size.max = 1048576 (custom)
2019-10-08 21:40:40,155 [pool-469-thread-1] INFO  server.RaftServerConfigKeys (ConfUtils.java:logGet(43)) - raft.server.log.preallocated.size = 16384 (custom)
2019-10-08 21:40:40,155 [pool-469-thread-1] INFO  server.RaftServerConfigKeys (ConfUtils.java:logGet(43)) - raft.server.log.write.buffer.size = 33554432 (custom)
2019-10-08 21:40:40,155 [pool-469-thread-1] INFO  server.RaftServerConfigKeys (ConfUtils.java:logGet(43)) - raft.server.log.force.sync.num = 128 (default)
2019-10-08 21:40:40,155 [pool-469-thread-1] INFO  server.RaftServerConfigKeys (ConfUtils.java:logGet(43)) - raft.server.log.statemachine.data.sync = true (default)
2019-10-08 21:40:40,156 [pool-469-thread-1] INFO  server.RaftServerConfigKeys (ConfUtils.java:logGet(43)) - raft.server.log.statemachine.data.sync.timeout = 10s (default)
2019-10-08 21:40:40,156 [pool-469-thread-1] INFO  server.RaftServerConfigKeys (ConfUtils.java:logGet(43)) - raft.server.log.statemachine.data.sync.timeout.retry = -1 (default)
2019-10-08 21:40:40,156 [pool-469-thread-1] INFO  server.RaftServerConfigKeys (ConfUtils.java:logGet(43)) - raft.server.log.statemachine.data.caching.enabled = true (custom)
2019-10-08 21:40:40,156 [pool-469-thread-1] INFO  segmented.SegmentedRaftLogWorker (SegmentedRaftLogWorker.java:lambda$new$0(128)) - 2fadce2d-0f30-4c07-bb86-65c3390b8d84@group-C9DCADA4242F-SegmentedRaftLogWorker: flushIndex: setUnconditionally 0 -> -1
2019-10-08 21:40:40,156 [pool-469-thread-1] INFO  server.RaftServerConfigKeys (ConfUtils.java:logGet(43)) - raft.server.snapshot.auto.trigger.enabled = true (custom)
2019-10-08 21:40:40,156 [pool-469-thread-1] INFO  server.RaftServerConfigKeys (ConfUtils.java:logGet(43)) - raft.server.snapshot.auto.trigger.threshold = 10000 (custom)
2019-10-08 21:40:40,156 [pool-469-thread-1] INFO  server.RaftServerConfigKeys (ConfUtils.java:logGet(43)) - raft.server.snapshot.retention.file.num = 5 (custom)
2019-10-08 21:40:40,157 [pool-469-thread-1] INFO  server.RaftServerConfigKeys (ConfUtils.java:logGet(43)) - raft.server.retrycache.expirytime = 600000ms (custom)
2019-10-08 21:40:40,158 [pool-469-thread-1] INFO  impl.RaftServerImpl (RaftServerImpl.java:start(181)) - 2fadce2d-0f30-4c07-bb86-65c3390b8d84@group-C9DCADA4242F: start as a follower, conf=-1: [2fadce2d-0f30-4c07-bb86-65c3390b8d84:192.168.151.107:39198], old=null
2019-10-08 21:40:40,158 [pool-469-thread-1] INFO  impl.RaftServerImpl (RaftServerImpl.java:setRole(170)) - 2fadce2d-0f30-4c07-bb86-65c3390b8d84@group-C9DCADA4242F: changes role from      null to FOLLOWER at term 0 for startAsFollower
2019-10-08 21:40:40,158 [pool-469-thread-1] INFO  impl.RoleInfo (RoleInfo.java:updateAndGet(143)) - 2fadce2d-0f30-4c07-bb86-65c3390b8d84: start FollowerState
2019-10-08 21:40:40,158 [pool-469-thread-1] INFO  util.JmxRegister (JmxRegister.java:tryRegister(44)) - Successfully registered JMX Bean with object name Ratis:service=RaftServer,group=group-C9DCADA4242F,id=2fadce2d-0f30-4c07-bb86-65c3390b8d84
2019-10-08 21:40:40,164 [RatisPipelineUtilsThread] INFO  pipeline.PipelineStateManager (PipelineStateManager.java:addPipeline(56)) - Created pipeline Pipeline[ Id: c6ad7bfc-60eb-461c-be4c-c9dcada4242f, Nodes: 2fadce2d-0f30-4c07-bb86-65c3390b8d84{ip: 192.168.151.107, host: pr-hdds-2217-2kdk4-3258704453, networkLocation: /default-rack, certSerialId: null}, Type:RATIS, Factor:ONE, State:OPEN]
2019-10-08 21:40:40,175 [grpc-default-executor-11] INFO  impl.RaftServerProxy (RaftServerProxy.java:addNew(89)) - 6127908d-2d89-4418-b2d1-db9941b4b945: addNew group-6372521898F1:[6127908d-2d89-4418-b2d1-db9941b4b945:192.168.151.107:36582, 02b80970-fa1c-404f-b5fe-a1cf6fa01e71:192.168.151.107:40218, 943987cc-052a-4c66-b334-3413c0116694:192.168.151.107:44948] returns group-6372521898F1:java.util.concurrent.CompletableFuture@5fa33884[Not completed]
2019-10-08 21:40:40,175 [grpc-default-executor-8] INFO  impl.RaftServerProxy (RaftServerProxy.java:addNew(89)) - 943987cc-052a-4c66-b334-3413c0116694: addNew group-6372521898F1:[6127908d-2d89-4418-b2d1-db9941b4b945:192.168.151.107:36582, 02b80970-fa1c-404f-b5fe-a1cf6fa01e71:192.168.151.107:40218, 943987cc-052a-4c66-b334-3413c0116694:192.168.151.107:44948] returns group-6372521898F1:java.util.concurrent.CompletableFuture@21b6b4c8[Not completed]
2019-10-08 21:40:40,175 [grpc-default-executor-9] INFO  impl.RaftServerProxy (RaftServerProxy.java:addNew(89)) - 02b80970-fa1c-404f-b5fe-a1cf6fa01e71: addNew group-6372521898F1:[6127908d-2d89-4418-b2d1-db9941b4b945:192.168.151.107:36582, 02b80970-fa1c-404f-b5fe-a1cf6fa01e71:192.168.151.107:40218, 943987cc-052a-4c66-b334-3413c0116694:192.168.151.107:44948] returns group-6372521898F1:java.util.concurrent.CompletableFuture@255bcdae[Not completed]
2019-10-08 21:40:40,176 [pool-449-thread-1] INFO  impl.RaftServerImpl (RaftServerImpl.java:<init>(95)) - 02b80970-fa1c-404f-b5fe-a1cf6fa01e71: new RaftServerImpl for group-6372521898F1:[6127908d-2d89-4418-b2d1-db9941b4b945:192.168.151.107:36582, 02b80970-fa1c-404f-b5fe-a1cf6fa01e71:192.168.151.107:40218, 943987cc-052a-4c66-b334-3413c0116694:192.168.151.107:44948] with ContainerStateMachine:uninitialized
2019-10-08 21:40:40,176 [pool-449-thread-1] INFO  server.RaftServerConfigKeys (ConfUtils.java:logGet(43)) - raft.server.rpc.timeout.min = 5s (custom)
2019-10-08 21:40:40,176 [pool-449-thread-1] INFO  server.RaftServerConfigKeys (ConfUtils.java:logGet(43)) - raft.server.rpc.timeout.max = 5200ms (custom)
2019-10-08 21:40:40,176 [pool-449-thread-1] INFO  server.RaftServerConfigKeys (ConfUtils.java:logGet(43)) - raft.server.rpcslowness.timeout = 120s (custom)
2019-10-08 21:40:40,176 [pool-449-thread-1] INFO  server.RaftServerConfigKeys (ConfUtils.java:logGet(43)) - raft.server.sleep.deviation.threshold = 300 (default)
2019-10-08 21:40:40,176 [pool-439-thread-1] INFO  impl.RaftServerImpl (RaftServerImpl.java:<init>(95)) - 943987cc-052a-4c66-b334-3413c0116694: new RaftServerImpl for group-6372521898F1:[6127908d-2d89-4418-b2d1-db9941b4b945:192.168.151.107:36582, 02b80970-fa1c-404f-b5fe-a1cf6fa01e71:192.168.151.107:40218, 943987cc-052a-4c66-b334-3413c0116694:192.168.151.107:44948] with ContainerStateMachine:uninitialized
2019-10-08 21:40:40,176 [pool-449-thread-1] INFO  server.RaftServerConfigKeys (ConfUtils.java:logGet(43)) - raft.server.log.appender.install.snapshot.enabled = false (custom)
2019-10-08 21:40:40,177 [pool-439-thread-1] INFO  server.RaftServerConfigKeys (ConfUtils.java:logGet(43)) - raft.server.rpc.timeout.min = 5s (custom)
2019-10-08 21:40:40,177 [pool-459-thread-1] INFO  impl.RaftServerImpl (RaftServerImpl.java:<init>(95)) - 6127908d-2d89-4418-b2d1-db9941b4b945: new RaftServerImpl for group-6372521898F1:[6127908d-2d89-4418-b2d1-db9941b4b945:192.168.151.107:36582, 02b80970-fa1c-404f-b5fe-a1cf6fa01e71:192.168.151.107:40218, 943987cc-052a-4c66-b334-3413c0116694:192.168.151.107:44948] with ContainerStateMachine:uninitialized
2019-10-08 21:40:40,177 [pool-449-thread-1] INFO  impl.RaftServerImpl (ServerState.java:<init>(103)) - 02b80970-fa1c-404f-b5fe-a1cf6fa01e71@group-6372521898F1: ConfigurationManager, init=-1: [6127908d-2d89-4418-b2d1-db9941b4b945:192.168.151.107:36582, 02b80970-fa1c-404f-b5fe-a1cf6fa01e71:192.168.151.107:40218, 943987cc-052a-4c66-b334-3413c0116694:192.168.151.107:44948], old=null, confs=<EMPTY_MAP>
2019-10-08 21:40:40,177 [pool-459-thread-1] INFO  server.RaftServerConfigKeys (ConfUtils.java:logGet(43)) - raft.server.rpc.timeout.min = 5s (custom)
2019-10-08 21:40:40,177 [pool-439-thread-1] INFO  server.RaftServerConfigKeys (ConfUtils.java:logGet(43)) - raft.server.rpc.timeout.max = 5200ms (custom)
2019-10-08 21:40:40,177 [pool-459-thread-1] INFO  server.RaftServerConfigKeys (ConfUtils.java:logGet(43)) - raft.server.rpc.timeout.max = 5200ms (custom)
2019-10-08 21:40:40,177 [pool-449-thread-1] INFO  server.RaftServerConfigKeys (ConfUtils.java:logGet(43)) - raft.server.storage.dir = [/workdir/hadoop-ozone/integration-test/target/test-dir/MiniOzoneClusterImpl-7fb7994d-4bc0-4253-a887-0c3ab883c7d2/datanode-4/data/ratis] (custom)
2019-10-08 21:40:40,177 [pool-459-thread-1] INFO  server.RaftServerConfigKeys (ConfUtils.java:logGet(43)) - raft.server.rpcslowness.timeout = 120s (custom)
2019-10-08 21:40:40,177 [pool-439-thread-1] INFO  server.RaftServerConfigKeys (ConfUtils.java:logGet(43)) - raft.server.rpcslowness.timeout = 120s (custom)
2019-10-08 21:40:40,177 [pool-449-thread-1] INFO  server.RaftServerConfigKeys (ConfUtils.java:logGet(43)) - raft.server.log.corruption.policy = EXCEPTION (default)
2019-10-08 21:40:40,177 [pool-459-thread-1] INFO  server.RaftServerConfigKeys (ConfUtils.java:logGet(43)) - raft.server.sleep.deviation.threshold = 300 (default)
2019-10-08 21:40:40,178 [pool-439-thread-1] INFO  server.RaftServerConfigKeys (ConfUtils.java:logGet(43)) - raft.server.sleep.deviation.threshold = 300 (default)
2019-10-08 21:40:40,178 [pool-449-thread-1] INFO  storage.RaftStorageDirectory (RaftStorageDirectory.java:analyzeStorage(246)) - The storage directory /workdir/hadoop-ozone/integration-test/target/test-dir/MiniOzoneClusterImpl-7fb7994d-4bc0-4253-a887-0c3ab883c7d2/datanode-4/data/ratis/1c16f05f-bbe0-401b-a355-6372521898f1 does not exist. Creating ...
2019-10-08 21:40:40,178 [pool-459-thread-1] INFO  server.RaftServerConfigKeys (ConfUtils.java:logGet(43)) - raft.server.log.appender.install.snapshot.enabled = false (custom)
2019-10-08 21:40:40,178 [pool-439-thread-1] INFO  server.RaftServerConfigKeys (ConfUtils.java:logGet(43)) - raft.server.log.appender.install.snapshot.enabled = false (custom)
2019-10-08 21:40:40,178 [pool-459-thread-1] INFO  impl.RaftServerImpl (ServerState.java:<init>(103)) - 6127908d-2d89-4418-b2d1-db9941b4b945@group-6372521898F1: ConfigurationManager, init=-1: [6127908d-2d89-4418-b2d1-db9941b4b945:192.168.151.107:36582, 02b80970-fa1c-404f-b5fe-a1cf6fa01e71:192.168.151.107:40218, 943987cc-052a-4c66-b334-3413c0116694:192.168.151.107:44948], old=null, confs=<EMPTY_MAP>
2019-10-08 21:40:40,178 [pool-439-thread-1] INFO  impl.RaftServerImpl (ServerState.java:<init>(103)) - 943987cc-052a-4c66-b334-3413c0116694@group-6372521898F1: ConfigurationManager, init=-1: [6127908d-2d89-4418-b2d1-db9941b4b945:192.168.151.107:36582, 02b80970-fa1c-404f-b5fe-a1cf6fa01e71:192.168.151.107:40218, 943987cc-052a-4c66-b334-3413c0116694:192.168.151.107:44948], old=null, confs=<EMPTY_MAP>
2019-10-08 21:40:40,178 [pool-459-thread-1] INFO  server.RaftServerConfigKeys (ConfUtils.java:logGet(43)) - raft.server.storage.dir = [/workdir/hadoop-ozone/integration-test/target/test-dir/MiniOzoneClusterImpl-7fb7994d-4bc0-4253-a887-0c3ab883c7d2/datanode-5/data/ratis] (custom)
2019-10-08 21:40:40,178 [pool-439-thread-1] INFO  server.RaftServerConfigKeys (ConfUtils.java:logGet(43)) - raft.server.storage.dir = [/workdir/hadoop-ozone/integration-test/target/test-dir/MiniOzoneClusterImpl-7fb7994d-4bc0-4253-a887-0c3ab883c7d2/datanode-3/data/ratis] (custom)
2019-10-08 21:40:40,178 [pool-459-thread-1] INFO  server.RaftServerConfigKeys (ConfUtils.java:logGet(43)) - raft.server.log.corruption.policy = EXCEPTION (default)
2019-10-08 21:40:40,179 [pool-459-thread-1] INFO  storage.RaftStorageDirectory (RaftStorageDirectory.java:analyzeStorage(246)) - The storage directory /workdir/hadoop-ozone/integration-test/target/test-dir/MiniOzoneClusterImpl-7fb7994d-4bc0-4253-a887-0c3ab883c7d2/datanode-5/data/ratis/1c16f05f-bbe0-401b-a355-6372521898f1 does not exist. Creating ...
2019-10-08 21:40:40,179 [pool-439-thread-1] INFO  server.RaftServerConfigKeys (ConfUtils.java:logGet(43)) - raft.server.log.corruption.policy = EXCEPTION (default)
2019-10-08 21:40:40,179 [pool-439-thread-1] INFO  storage.RaftStorageDirectory (RaftStorageDirectory.java:analyzeStorage(246)) - The storage directory /workdir/hadoop-ozone/integration-test/target/test-dir/MiniOzoneClusterImpl-7fb7994d-4bc0-4253-a887-0c3ab883c7d2/datanode-3/data/ratis/1c16f05f-bbe0-401b-a355-6372521898f1 does not exist. Creating ...
2019-10-08 21:40:40,191 [pool-459-thread-1] INFO  storage.RaftStorageDirectory (RaftStorageDirectory.java:tryLock(328)) - Lock on /workdir/hadoop-ozone/integration-test/target/test-dir/MiniOzoneClusterImpl-7fb7994d-4bc0-4253-a887-0c3ab883c7d2/datanode-5/data/ratis/1c16f05f-bbe0-401b-a355-6372521898f1/in_use.lock acquired by nodename 23712@pr-hdds-2217-2kdk4-3258704453
2019-10-08 21:40:40,191 [pool-439-thread-1] INFO  storage.RaftStorageDirectory (RaftStorageDirectory.java:tryLock(328)) - Lock on /workdir/hadoop-ozone/integration-test/target/test-dir/MiniOzoneClusterImpl-7fb7994d-4bc0-4253-a887-0c3ab883c7d2/datanode-3/data/ratis/1c16f05f-bbe0-401b-a355-6372521898f1/in_use.lock acquired by nodename 23712@pr-hdds-2217-2kdk4-3258704453
2019-10-08 21:40:40,191 [pool-449-thread-1] INFO  storage.RaftStorageDirectory (RaftStorageDirectory.java:tryLock(328)) - Lock on /workdir/hadoop-ozone/integration-test/target/test-dir/MiniOzoneClusterImpl-7fb7994d-4bc0-4253-a887-0c3ab883c7d2/datanode-4/data/ratis/1c16f05f-bbe0-401b-a355-6372521898f1/in_use.lock acquired by nodename 23712@pr-hdds-2217-2kdk4-3258704453
2019-10-08 21:40:40,204 [pool-439-thread-1] INFO  storage.RaftStorage (RaftStorage.java:format(84)) - Storage directory /workdir/hadoop-ozone/integration-test/target/test-dir/MiniOzoneClusterImpl-7fb7994d-4bc0-4253-a887-0c3ab883c7d2/datanode-3/data/ratis/1c16f05f-bbe0-401b-a355-6372521898f1 has been successfully formatted.
2019-10-08 21:40:40,204 [pool-459-thread-1] INFO  storage.RaftStorage (RaftStorage.java:format(84)) - Storage directory /workdir/hadoop-ozone/integration-test/target/test-dir/MiniOzoneClusterImpl-7fb7994d-4bc0-4253-a887-0c3ab883c7d2/datanode-5/data/ratis/1c16f05f-bbe0-401b-a355-6372521898f1 has been successfully formatted.
2019-10-08 21:40:40,204 [pool-449-thread-1] INFO  storage.RaftStorage (RaftStorage.java:format(84)) - Storage directory /workdir/hadoop-ozone/integration-test/target/test-dir/MiniOzoneClusterImpl-7fb7994d-4bc0-4253-a887-0c3ab883c7d2/datanode-4/data/ratis/1c16f05f-bbe0-401b-a355-6372521898f1 has been successfully formatted.
2019-10-08 21:40:40,205 [pool-459-thread-1] INFO  ratis.ContainerStateMachine (ContainerStateMachine.java:loadSnapshot(231)) - group-6372521898F1: The snapshot info is null. Setting the last applied indexto:(t:0, i:~)
2019-10-08 21:40:40,205 [pool-449-thread-1] INFO  ratis.ContainerStateMachine (ContainerStateMachine.java:loadSnapshot(231)) - group-6372521898F1: The snapshot info is null. Setting the last applied indexto:(t:0, i:~)
2019-10-08 21:40:40,205 [pool-439-thread-1] INFO  ratis.ContainerStateMachine (ContainerStateMachine.java:loadSnapshot(231)) - group-6372521898F1: The snapshot info is null. Setting the last applied indexto:(t:0, i:~)
2019-10-08 21:40:40,205 [pool-449-thread-1] INFO  server.RaftServerConfigKeys (ConfUtils.java:logGet(43)) - raft.server.notification.no-leader.timeout = 120s (custom)
2019-10-08 21:40:40,205 [pool-459-thread-1] INFO  server.RaftServerConfigKeys (ConfUtils.java:logGet(43)) - raft.server.notification.no-leader.timeout = 120s (custom)
2019-10-08 21:40:40,205 [pool-449-thread-1] INFO  server.RaftServerConfigKeys (ConfUtils.java:logGet(43)) - raft.server.log.use.memory = false (default)
2019-10-08 21:40:40,205 [pool-439-thread-1] INFO  server.RaftServerConfigKeys (ConfUtils.java:logGet(43)) - raft.server.notification.no-leader.timeout = 120s (custom)
2019-10-08 21:40:40,205 [pool-449-thread-1] INFO  server.RaftServerConfigKeys (ConfUtils.java:logGet(43)) - raft.server.log.purge.gap = 1000000 (custom)
2019-10-08 21:40:40,205 [pool-459-thread-1] INFO  server.RaftServerConfigKeys (ConfUtils.java:logGet(43)) - raft.server.log.use.memory = false (default)
2019-10-08 21:40:40,205 [pool-449-thread-1] INFO  server.RaftServerConfigKeys (ConfUtils.java:logGet(43)) - raft.server.log.appender.buffer.byte-limit = 33554432 (custom)
2019-10-08 21:40:40,205 [pool-439-thread-1] INFO  server.RaftServerConfigKeys (ConfUtils.java:logGet(43)) - raft.server.log.use.memory = false (default)
2019-10-08 21:40:40,206 [pool-449-thread-1] INFO  server.RaftServerConfigKeys (ConfUtils.java:logGet(43)) - raft.server.log.segment.size.max = 1048576 (custom)
2019-10-08 21:40:40,205 [pool-459-thread-1] INFO  server.RaftServerConfigKeys (ConfUtils.java:logGet(43)) - raft.server.log.purge.gap = 1000000 (custom)
2019-10-08 21:40:40,206 [pool-449-thread-1] INFO  server.RaftServerConfigKeys (ConfUtils.java:logGet(43)) - raft.server.log.segment.cache.num.max = 2 (custom)
2019-10-08 21:40:40,206 [pool-439-thread-1] INFO  server.RaftServerConfigKeys (ConfUtils.java:logGet(43)) - raft.server.log.purge.gap = 1000000 (custom)
2019-10-08 21:40:40,206 [pool-449-thread-1] INFO  segmented.SegmentedRaftLogWorker (SegmentedRaftLogWorker.java:<init>(173)) - new 02b80970-fa1c-404f-b5fe-a1cf6fa01e71@group-6372521898F1-SegmentedRaftLogWorker for RaftStorage:Storage Directory /workdir/hadoop-ozone/integration-test/target/test-dir/MiniOzoneClusterImpl-7fb7994d-4bc0-4253-a887-0c3ab883c7d2/datanode-4/data/ratis/1c16f05f-bbe0-401b-a355-6372521898f1
2019-10-08 21:40:40,206 [pool-459-thread-1] INFO  server.RaftServerConfigKeys (ConfUtils.java:logGet(43)) - raft.server.log.appender.buffer.byte-limit = 33554432 (custom)
2019-10-08 21:40:40,206 [pool-449-thread-1] INFO  server.RaftServerConfigKeys (ConfUtils.java:logGet(43)) - raft.server.log.queue.byte-limit = 2147483647 (custom)
2019-10-08 21:40:40,206 [pool-439-thread-1] INFO  server.RaftServerConfigKeys (ConfUtils.java:logGet(43)) - raft.server.log.appender.buffer.byte-limit = 33554432 (custom)
2019-10-08 21:40:40,206 [pool-449-thread-1] INFO  server.RaftServerConfigKeys (ConfUtils.java:logGet(43)) - raft.server.log.queue.element-limit = 1024 (custom)
2019-10-08 21:40:40,206 [pool-449-thread-1] INFO  server.RaftServerConfigKeys (ConfUtils.java:logGet(43)) - raft.server.log.segment.size.max = 1048576 (custom)
2019-10-08 21:40:40,206 [pool-459-thread-1] INFO  server.RaftServerConfigKeys (ConfUtils.java:logGet(43)) - raft.server.log.segment.size.max = 1048576 (custom)
2019-10-08 21:40:40,206 [pool-449-thread-1] INFO  server.RaftServerConfigKeys (ConfUtils.java:logGet(43)) - raft.server.log.preallocated.size = 16384 (custom)
2019-10-08 21:40:40,207 [pool-449-thread-1] INFO  server.RaftServerConfigKeys (ConfUtils.java:logGet(43)) - raft.server.log.write.buffer.size = 33554432 (custom)
2019-10-08 21:40:40,206 [pool-439-thread-1] INFO  server.RaftServerConfigKeys (ConfUtils.java:logGet(43)) - raft.server.log.segment.size.max = 1048576 (custom)
2019-10-08 21:40:40,207 [pool-449-thread-1] INFO  server.RaftServerConfigKeys (ConfUtils.java:logGet(43)) - raft.server.log.force.sync.num = 128 (default)
2019-10-08 21:40:40,207 [pool-449-thread-1] INFO  server.RaftServerConfigKeys (ConfUtils.java:logGet(43)) - raft.server.log.statemachine.data.sync = true (default)
2019-10-08 21:40:40,207 [pool-459-thread-1] INFO  server.RaftServerConfigKeys (ConfUtils.java:logGet(43)) - raft.server.log.segment.cache.num.max = 2 (custom)
2019-10-08 21:40:40,207 [pool-449-thread-1] INFO  server.RaftServerConfigKeys (ConfUtils.java:logGet(43)) - raft.server.log.statemachine.data.sync.timeout = 10s (default)
2019-10-08 21:40:40,207 [pool-439-thread-1] INFO  server.RaftServerConfigKeys (ConfUtils.java:logGet(43)) - raft.server.log.segment.cache.num.max = 2 (custom)
2019-10-08 21:40:40,207 [pool-449-thread-1] INFO  server.RaftServerConfigKeys (ConfUtils.java:logGet(43)) - raft.server.log.statemachine.data.sync.timeout.retry = -1 (default)
2019-10-08 21:40:40,207 [pool-459-thread-1] INFO  segmented.SegmentedRaftLogWorker (SegmentedRaftLogWorker.java:<init>(173)) - new 6127908d-2d89-4418-b2d1-db9941b4b945@group-6372521898F1-SegmentedRaftLogWorker for RaftStorage:Storage Directory /workdir/hadoop-ozone/integration-test/target/test-dir/MiniOzoneClusterImpl-7fb7994d-4bc0-4253-a887-0c3ab883c7d2/datanode-5/data/ratis/1c16f05f-bbe0-401b-a355-6372521898f1
2019-10-08 21:40:40,207 [pool-449-thread-1] INFO  server.RaftServerConfigKeys (ConfUtils.java:logGet(43)) - raft.server.log.statemachine.data.caching.enabled = true (custom)
2019-10-08 21:40:40,207 [pool-439-thread-1] INFO  segmented.SegmentedRaftLogWorker (SegmentedRaftLogWorker.java:<init>(173)) - new 943987cc-052a-4c66-b334-3413c0116694@group-6372521898F1-SegmentedRaftLogWorker for RaftStorage:Storage Directory /workdir/hadoop-ozone/integration-test/target/test-dir/MiniOzoneClusterImpl-7fb7994d-4bc0-4253-a887-0c3ab883c7d2/datanode-3/data/ratis/1c16f05f-bbe0-401b-a355-6372521898f1
2019-10-08 21:40:40,207 [pool-459-thread-1] INFO  server.RaftServerConfigKeys (ConfUtils.java:logGet(43)) - raft.server.log.queue.byte-limit = 2147483647 (custom)
2019-10-08 21:40:40,207 [pool-449-thread-1] INFO  segmented.SegmentedRaftLogWorker (SegmentedRaftLogWorker.java:lambda$new$0(128)) - 02b80970-fa1c-404f-b5fe-a1cf6fa01e71@group-6372521898F1-SegmentedRaftLogWorker: flushIndex: setUnconditionally 0 -> -1
2019-10-08 21:40:40,207 [pool-439-thread-1] INFO  server.RaftServerConfigKeys (ConfUtils.java:logGet(43)) - raft.server.log.queue.byte-limit = 2147483647 (custom)
2019-10-08 21:40:40,208 [pool-459-thread-1] INFO  server.RaftServerConfigKeys (ConfUtils.java:logGet(43)) - raft.server.log.queue.element-limit = 1024 (custom)
2019-10-08 21:40:40,208 [pool-449-thread-1] INFO  server.RaftServerConfigKeys (ConfUtils.java:logGet(43)) - raft.server.snapshot.auto.trigger.enabled = true (custom)
2019-10-08 21:40:40,208 [pool-439-thread-1] INFO  server.RaftServerConfigKeys (ConfUtils.java:logGet(43)) - raft.server.log.queue.element-limit = 1024 (custom)
2019-10-08 21:40:40,208 [pool-449-thread-1] INFO  server.RaftServerConfigKeys (ConfUtils.java:logGet(43)) - raft.server.snapshot.auto.trigger.threshold = 10000 (custom)
2019-10-08 21:40:40,208 [pool-459-thread-1] INFO  server.RaftServerConfigKeys (ConfUtils.java:logGet(43)) - raft.server.log.segment.size.max = 1048576 (custom)
2019-10-08 21:40:40,208 [pool-449-thread-1] INFO  server.RaftServerConfigKeys (ConfUtils.java:logGet(43)) - raft.server.snapshot.retention.file.num = 5 (custom)
2019-10-08 21:40:40,208 [pool-439-thread-1] INFO  server.RaftServerConfigKeys (ConfUtils.java:logGet(43)) - raft.server.log.segment.size.max = 1048576 (custom)
2019-10-08 21:40:40,208 [pool-449-thread-1] INFO  server.RaftServerConfigKeys (ConfUtils.java:logGet(43)) - raft.server.retrycache.expirytime = 600000ms (custom)
2019-10-08 21:40:40,208 [pool-459-thread-1] INFO  server.RaftServerConfigKeys (ConfUtils.java:logGet(43)) - raft.server.log.preallocated.size = 16384 (custom)
2019-10-08 21:40:40,208 [pool-439-thread-1] INFO  server.RaftServerConfigKeys (ConfUtils.java:logGet(43)) - raft.server.log.preallocated.size = 16384 (custom)
2019-10-08 21:40:40,208 [pool-459-thread-1] INFO  server.RaftServerConfigKeys (ConfUtils.java:logGet(43)) - raft.server.log.write.buffer.size = 33554432 (custom)
2019-10-08 21:40:40,208 [pool-439-thread-1] INFO  server.RaftServerConfigKeys (ConfUtils.java:logGet(43)) - raft.server.log.write.buffer.size = 33554432 (custom)
2019-10-08 21:40:40,209 [pool-459-thread-1] INFO  server.RaftServerConfigKeys (ConfUtils.java:logGet(43)) - raft.server.log.force.sync.num = 128 (default)
2019-10-08 21:40:40,209 [pool-439-thread-1] INFO  server.RaftServerConfigKeys (ConfUtils.java:logGet(43)) - raft.server.log.force.sync.num = 128 (default)
2019-10-08 21:40:40,209 [pool-459-thread-1] INFO  server.RaftServerConfigKeys (ConfUtils.java:logGet(43)) - raft.server.log.statemachine.data.sync = true (default)
2019-10-08 21:40:40,209 [pool-439-thread-1] INFO  server.RaftServerConfigKeys (ConfUtils.java:logGet(43)) - raft.server.log.statemachine.data.sync = true (default)
2019-10-08 21:40:40,209 [pool-459-thread-1] INFO  server.RaftServerConfigKeys (ConfUtils.java:logGet(43)) - raft.server.log.statemachine.data.sync.timeout = 10s (default)
2019-10-08 21:40:40,209 [pool-439-thread-1] INFO  server.RaftServerConfigKeys (ConfUtils.java:logGet(43)) - raft.server.log.statemachine.data.sync.timeout = 10s (default)
2019-10-08 21:40:40,209 [pool-459-thread-1] INFO  server.RaftServerConfigKeys (ConfUtils.java:logGet(43)) - raft.server.log.statemachine.data.sync.timeout.retry = -1 (default)
2019-10-08 21:40:40,209 [pool-439-thread-1] INFO  server.RaftServerConfigKeys (ConfUtils.java:logGet(43)) - raft.server.log.statemachine.data.sync.timeout.retry = -1 (default)
2019-10-08 21:40:40,209 [pool-449-thread-1] INFO  impl.RaftServerImpl (RaftServerImpl.java:start(181)) - 02b80970-fa1c-404f-b5fe-a1cf6fa01e71@group-6372521898F1: start as a follower, conf=-1: [6127908d-2d89-4418-b2d1-db9941b4b945:192.168.151.107:36582, 02b80970-fa1c-404f-b5fe-a1cf6fa01e71:192.168.151.107:40218, 943987cc-052a-4c66-b334-3413c0116694:192.168.151.107:44948], old=null
2019-10-08 21:40:40,209 [pool-459-thread-1] INFO  server.RaftServerConfigKeys (ConfUtils.java:logGet(43)) - raft.server.log.statemachine.data.caching.enabled = true (custom)
2019-10-08 21:40:40,209 [pool-449-thread-1] INFO  impl.RaftServerImpl (RaftServerImpl.java:setRole(170)) - 02b80970-fa1c-404f-b5fe-a1cf6fa01e71@group-6372521898F1: changes role from      null to FOLLOWER at term 0 for startAsFollower
2019-10-08 21:40:40,209 [pool-439-thread-1] INFO  server.RaftServerConfigKeys (ConfUtils.java:logGet(43)) - raft.server.log.statemachine.data.caching.enabled = true (custom)
2019-10-08 21:40:40,210 [pool-459-thread-1] INFO  segmented.SegmentedRaftLogWorker (SegmentedRaftLogWorker.java:lambda$new$0(128)) - 6127908d-2d89-4418-b2d1-db9941b4b945@group-6372521898F1-SegmentedRaftLogWorker: flushIndex: setUnconditionally 0 -> -1
2019-10-08 21:40:40,210 [pool-449-thread-1] INFO  impl.RoleInfo (RoleInfo.java:updateAndGet(143)) - 02b80970-fa1c-404f-b5fe-a1cf6fa01e71: start FollowerState
2019-10-08 21:40:40,210 [pool-439-thread-1] INFO  segmented.SegmentedRaftLogWorker (SegmentedRaftLogWorker.java:lambda$new$0(128)) - 943987cc-052a-4c66-b334-3413c0116694@group-6372521898F1-SegmentedRaftLogWorker: flushIndex: setUnconditionally 0 -> -1
2019-10-08 21:40:40,210 [pool-459-thread-1] INFO  server.RaftServerConfigKeys (ConfUtils.java:logGet(43)) - raft.server.snapshot.auto.trigger.enabled = true (custom)
2019-10-08 21:40:40,210 [pool-459-thread-1] INFO  server.RaftServerConfigKeys (ConfUtils.java:logGet(43)) - raft.server.snapshot.auto.trigger.threshold = 10000 (custom)
2019-10-08 21:40:40,210 [pool-449-thread-1] INFO  util.JmxRegister (JmxRegister.java:tryRegister(44)) - Successfully registered JMX Bean with object name Ratis:service=RaftServer,group=group-6372521898F1,id=02b80970-fa1c-404f-b5fe-a1cf6fa01e71
2019-10-08 21:40:40,210 [pool-459-thread-1] INFO  server.RaftServerConfigKeys (ConfUtils.java:logGet(43)) - raft.server.snapshot.retention.file.num = 5 (custom)
2019-10-08 21:40:40,210 [pool-439-thread-1] INFO  server.RaftServerConfigKeys (ConfUtils.java:logGet(43)) - raft.server.snapshot.auto.trigger.enabled = true (custom)
2019-10-08 21:40:40,210 [pool-459-thread-1] INFO  server.RaftServerConfigKeys (ConfUtils.java:logGet(43)) - raft.server.retrycache.expirytime = 600000ms (custom)
2019-10-08 21:40:40,210 [pool-439-thread-1] INFO  server.RaftServerConfigKeys (ConfUtils.java:logGet(43)) - raft.server.snapshot.auto.trigger.threshold = 10000 (custom)
2019-10-08 21:40:40,210 [pool-439-thread-1] INFO  server.RaftServerConfigKeys (ConfUtils.java:logGet(43)) - raft.server.snapshot.retention.file.num = 5 (custom)
2019-10-08 21:40:40,211 [pool-439-thread-1] INFO  server.RaftServerConfigKeys (ConfUtils.java:logGet(43)) - raft.server.retrycache.expirytime = 600000ms (custom)
2019-10-08 21:40:40,215 [pool-459-thread-1] INFO  impl.RaftServerImpl (RaftServerImpl.java:start(181)) - 6127908d-2d89-4418-b2d1-db9941b4b945@group-6372521898F1: start as a follower, conf=-1: [6127908d-2d89-4418-b2d1-db9941b4b945:192.168.151.107:36582, 02b80970-fa1c-404f-b5fe-a1cf6fa01e71:192.168.151.107:40218, 943987cc-052a-4c66-b334-3413c0116694:192.168.151.107:44948], old=null
2019-10-08 21:40:40,215 [pool-459-thread-1] INFO  impl.RaftServerImpl (RaftServerImpl.java:setRole(170)) - 6127908d-2d89-4418-b2d1-db9941b4b945@group-6372521898F1: changes role from      null to FOLLOWER at term 0 for startAsFollower
2019-10-08 21:40:40,215 [pool-439-thread-1] INFO  impl.RaftServerImpl (RaftServerImpl.java:start(181)) - 943987cc-052a-4c66-b334-3413c0116694@group-6372521898F1: start as a follower, conf=-1: [6127908d-2d89-4418-b2d1-db9941b4b945:192.168.151.107:36582, 02b80970-fa1c-404f-b5fe-a1cf6fa01e71:192.168.151.107:40218, 943987cc-052a-4c66-b334-3413c0116694:192.168.151.107:44948], old=null
2019-10-08 21:40:40,215 [pool-459-thread-1] INFO  impl.RoleInfo (RoleInfo.java:updateAndGet(143)) - 6127908d-2d89-4418-b2d1-db9941b4b945: start FollowerState
2019-10-08 21:40:40,215 [pool-439-thread-1] INFO  impl.RaftServerImpl (RaftServerImpl.java:setRole(170)) - 943987cc-052a-4c66-b334-3413c0116694@group-6372521898F1: changes role from      null to FOLLOWER at term 0 for startAsFollower
2019-10-08 21:40:40,216 [pool-439-thread-1] INFO  impl.RoleInfo (RoleInfo.java:updateAndGet(143)) - 943987cc-052a-4c66-b334-3413c0116694: start FollowerState
2019-10-08 21:40:40,216 [pool-459-thread-1] INFO  util.JmxRegister (JmxRegister.java:tryRegister(44)) - Successfully registered JMX Bean with object name Ratis:service=RaftServer,group=group-6372521898F1,id=6127908d-2d89-4418-b2d1-db9941b4b945
2019-10-08 21:40:40,216 [pool-439-thread-1] INFO  util.JmxRegister (JmxRegister.java:tryRegister(44)) - Successfully registered JMX Bean with object name Ratis:service=RaftServer,group=group-6372521898F1,id=943987cc-052a-4c66-b334-3413c0116694
2019-10-08 21:40:40,222 [RatisPipelineUtilsThread] INFO  pipeline.PipelineStateManager (PipelineStateManager.java:addPipeline(56)) - Created pipeline Pipeline[ Id: 1c16f05f-bbe0-401b-a355-6372521898f1, Nodes: 6127908d-2d89-4418-b2d1-db9941b4b945{ip: 192.168.151.107, host: pr-hdds-2217-2kdk4-3258704453, networkLocation: /default-rack, certSerialId: null}943987cc-052a-4c66-b334-3413c0116694{ip: 192.168.151.107, host: pr-hdds-2217-2kdk4-3258704453, networkLocation: /default-rack, certSerialId: null}02b80970-fa1c-404f-b5fe-a1cf6fa01e71{ip: 192.168.151.107, host: pr-hdds-2217-2kdk4-3258704453, networkLocation: /default-rack, certSerialId: null}, Type:RATIS, Factor:THREE, State:OPEN]
2019-10-08 21:40:41,025 [main] INFO  ozone.MiniOzoneClusterImpl (MiniOzoneClusterImpl.java:lambda$waitForClusterToBeReady$0(147)) - Cluster is ready. Got 7 of 7 DN Heartbeats.
2019-10-08 21:40:41,067 [main] INFO  rpc.RpcClient (RpcClient.java:createVolume(277)) - Creating Volume: testblockoutputstream, with jenkins1000 as owner.
2019-10-08 21:40:41,070 [IPC Server handler 3 on 46487] INFO  volume.OMVolumeCreateRequest (OMVolumeCreateRequest.java:validateAndUpdateCache(193)) - created volume:testblockoutputstream for user:jenkins1000
2019-10-08 21:40:41,087 [main] INFO  rpc.RpcClient (RpcClient.java:createBucket(416)) - Creating Bucket: testblockoutputstream/testblockoutputstream, with Versioning false and Storage Type set to DISK and Encryption set to false 
2019-10-08 21:40:42,581 [Thread-3058] INFO  container.ReplicationManager (ReplicationManager.java:start(162)) - Starting Replication Monitor Thread.
2019-10-08 21:40:42,585 [ReplicationMonitor] INFO  container.ReplicationManager (ReplicationManager.java:run(225)) - Replication Monitor Thread took 0 milliseconds for processing 1 containers.
2019-10-08 21:40:44,750 [Thread-3060] INFO  impl.FollowerState (FollowerState.java:run(108)) - 8c43b318-eee5-46fe-878c-785d6b15b75a@group-D74E408DEE57-FollowerState: change to CANDIDATE, lastRpcTime:5127ms, electionTimeout:5127ms
2019-10-08 21:40:44,752 [Thread-3060] INFO  impl.RoleInfo (RoleInfo.java:shutdownFollowerState(121)) - 8c43b318-eee5-46fe-878c-785d6b15b75a: shutdown FollowerState
2019-10-08 21:40:44,752 [Thread-3060] INFO  impl.RaftServerImpl (RaftServerImpl.java:setRole(170)) - 8c43b318-eee5-46fe-878c-785d6b15b75a@group-D74E408DEE57: changes role from  FOLLOWER to CANDIDATE at term 0 for changeToCandidate
2019-10-08 21:40:44,752 [Thread-3060] INFO  impl.RoleInfo (RoleInfo.java:updateAndGet(143)) - 8c43b318-eee5-46fe-878c-785d6b15b75a: start LeaderElection
2019-10-08 21:40:44,797 [8c43b318-eee5-46fe-878c-785d6b15b75a@group-D74E408DEE57-LeaderElection65] INFO  impl.LeaderElection (LeaderElection.java:askForVotes(178)) - 8c43b318-eee5-46fe-878c-785d6b15b75a@group-D74E408DEE57-LeaderElection65: begin an election at term 1 for -1: [8c43b318-eee5-46fe-878c-785d6b15b75a:192.168.151.107:35559], old=null
2019-10-08 21:40:44,798 [8c43b318-eee5-46fe-878c-785d6b15b75a@group-D74E408DEE57-LeaderElection65] INFO  impl.RoleInfo (RoleInfo.java:shutdownLeaderElection(134)) - 8c43b318-eee5-46fe-878c-785d6b15b75a: shutdown LeaderElection
2019-10-08 21:40:44,798 [8c43b318-eee5-46fe-878c-785d6b15b75a@group-D74E408DEE57-LeaderElection65] INFO  impl.RaftServerImpl (RaftServerImpl.java:setRole(170)) - 8c43b318-eee5-46fe-878c-785d6b15b75a@group-D74E408DEE57: changes role from CANDIDATE to LEADER at term 1 for changeToLeader
2019-10-08 21:40:44,798 [8c43b318-eee5-46fe-878c-785d6b15b75a@group-D74E408DEE57-LeaderElection65] INFO  impl.RaftServerImpl (ServerState.java:setLeader(255)) - 8c43b318-eee5-46fe-878c-785d6b15b75a@group-D74E408DEE57: change Leader from null to 8c43b318-eee5-46fe-878c-785d6b15b75a at term 1 for becomeLeader, leader elected after 5179ms
2019-10-08 21:40:44,798 [8c43b318-eee5-46fe-878c-785d6b15b75a@group-D74E408DEE57-LeaderElection65] INFO  server.RaftServerConfigKeys (ConfUtils.java:logGet(43)) - raft.server.staging.catchup.gap = 1000 (default)
2019-10-08 21:40:44,798 [8c43b318-eee5-46fe-878c-785d6b15b75a@group-D74E408DEE57-LeaderElection65] INFO  server.RaftServerConfigKeys (ConfUtils.java:logGet(43)) - raft.server.rpc.sleep.time = 25ms (default)
2019-10-08 21:40:44,799 [8c43b318-eee5-46fe-878c-785d6b15b75a@group-D74E408DEE57-LeaderElection65] INFO  server.RaftServerConfigKeys (ConfUtils.java:logGet(43)) - raft.server.write.element-limit = 4096 (default)
2019-10-08 21:40:44,799 [8c43b318-eee5-46fe-878c-785d6b15b75a@group-D74E408DEE57-LeaderElection65] INFO  server.RaftServerConfigKeys (ConfUtils.java:logGet(43)) - raft.server.watch.timeout = 10s (default)
2019-10-08 21:40:44,799 [8c43b318-eee5-46fe-878c-785d6b15b75a@group-D74E408DEE57-LeaderElection65] INFO  server.RaftServerConfigKeys (ConfUtils.java:logGet(43)) - raft.server.watch.timeout.denomination = 1s (default)
2019-10-08 21:40:44,799 [8c43b318-eee5-46fe-878c-785d6b15b75a@group-D74E408DEE57-LeaderElection65] INFO  server.RaftServerConfigKeys (ConfUtils.java:logGet(43)) - raft.server.watch.element-limit = 65536 (default)
2019-10-08 21:40:44,802 [8c43b318-eee5-46fe-878c-785d6b15b75a@group-D74E408DEE57-LeaderElection65] INFO  impl.RoleInfo (RoleInfo.java:updateAndGet(143)) - 8c43b318-eee5-46fe-878c-785d6b15b75a: start LeaderState
2019-10-08 21:40:44,802 [8c43b318-eee5-46fe-878c-785d6b15b75a@group-D74E408DEE57-LeaderElection65] INFO  segmented.SegmentedRaftLogWorker (SegmentedRaftLogWorker.java:startLogSegment(385)) - 8c43b318-eee5-46fe-878c-785d6b15b75a@group-D74E408DEE57-SegmentedRaftLogWorker: Starting segment from index:0
2019-10-08 21:40:44,803 [8c43b318-eee5-46fe-878c-785d6b15b75a@group-D74E408DEE57-LeaderElection65] INFO  impl.RaftServerImpl (ServerState.java:setRaftConf(356)) - 8c43b318-eee5-46fe-878c-785d6b15b75a@group-D74E408DEE57: set configuration 0: [8c43b318-eee5-46fe-878c-785d6b15b75a:192.168.151.107:35559], old=null at 0
2019-10-08 21:40:44,854 [8c43b318-eee5-46fe-878c-785d6b15b75a@group-D74E408DEE57-SegmentedRaftLogWorker] INFO  segmented.SegmentedRaftLogWorker (SegmentedRaftLogWorker.java:execute(574)) - 8c43b318-eee5-46fe-878c-785d6b15b75a@group-D74E408DEE57-SegmentedRaftLogWorker: created new log segment /workdir/hadoop-ozone/integration-test/target/test-dir/MiniOzoneClusterImpl-7fb7994d-4bc0-4253-a887-0c3ab883c7d2/datanode-0/data/ratis/e90d636a-421c-4eb7-97aa-d74e408dee57/current/log_inprogress_0
2019-10-08 21:40:44,889 [Thread-3063] INFO  impl.FollowerState (FollowerState.java:run(108)) - 5e869320-ccac-4aeb-8df2-e4f668b3d0f4@group-DE8E30053BF5-FollowerState: change to CANDIDATE, lastRpcTime:5163ms, electionTimeout:5163ms
2019-10-08 21:40:44,889 [Thread-3063] INFO  impl.RoleInfo (RoleInfo.java:shutdownFollowerState(121)) - 5e869320-ccac-4aeb-8df2-e4f668b3d0f4: shutdown FollowerState
2019-10-08 21:40:44,889 [Thread-3063] INFO  impl.RaftServerImpl (RaftServerImpl.java:setRole(170)) - 5e869320-ccac-4aeb-8df2-e4f668b3d0f4@group-DE8E30053BF5: changes role from  FOLLOWER to CANDIDATE at term 0 for changeToCandidate
2019-10-08 21:40:44,889 [Thread-3063] INFO  impl.RoleInfo (RoleInfo.java:updateAndGet(143)) - 5e869320-ccac-4aeb-8df2-e4f668b3d0f4: start LeaderElection
2019-10-08 21:40:44,905 [5e869320-ccac-4aeb-8df2-e4f668b3d0f4@group-DE8E30053BF5-LeaderElection66] INFO  impl.LeaderElection (LeaderElection.java:askForVotes(178)) - 5e869320-ccac-4aeb-8df2-e4f668b3d0f4@group-DE8E30053BF5-LeaderElection66: begin an election at term 1 for -1: [5e869320-ccac-4aeb-8df2-e4f668b3d0f4:192.168.151.107:33051], old=null
2019-10-08 21:40:44,906 [5e869320-ccac-4aeb-8df2-e4f668b3d0f4@group-DE8E30053BF5-LeaderElection66] INFO  impl.RoleInfo (RoleInfo.java:shutdownLeaderElection(134)) - 5e869320-ccac-4aeb-8df2-e4f668b3d0f4: shutdown LeaderElection
2019-10-08 21:40:44,906 [5e869320-ccac-4aeb-8df2-e4f668b3d0f4@group-DE8E30053BF5-LeaderElection66] INFO  impl.RaftServerImpl (RaftServerImpl.java:setRole(170)) - 5e869320-ccac-4aeb-8df2-e4f668b3d0f4@group-DE8E30053BF5: changes role from CANDIDATE to LEADER at term 1 for changeToLeader
2019-10-08 21:40:44,906 [5e869320-ccac-4aeb-8df2-e4f668b3d0f4@group-DE8E30053BF5-LeaderElection66] INFO  impl.RaftServerImpl (ServerState.java:setLeader(255)) - 5e869320-ccac-4aeb-8df2-e4f668b3d0f4@group-DE8E30053BF5: change Leader from null to 5e869320-ccac-4aeb-8df2-e4f668b3d0f4 at term 1 for becomeLeader, leader elected after 5188ms
2019-10-08 21:40:44,906 [5e869320-ccac-4aeb-8df2-e4f668b3d0f4@group-DE8E30053BF5-LeaderElection66] INFO  server.RaftServerConfigKeys (ConfUtils.java:logGet(43)) - raft.server.staging.catchup.gap = 1000 (default)
2019-10-08 21:40:44,906 [5e869320-ccac-4aeb-8df2-e4f668b3d0f4@group-DE8E30053BF5-LeaderElection66] INFO  server.RaftServerConfigKeys (ConfUtils.java:logGet(43)) - raft.server.rpc.sleep.time = 25ms (default)
2019-10-08 21:40:44,906 [5e869320-ccac-4aeb-8df2-e4f668b3d0f4@group-DE8E30053BF5-LeaderElection66] INFO  server.RaftServerConfigKeys (ConfUtils.java:logGet(43)) - raft.server.write.element-limit = 4096 (default)
2019-10-08 21:40:44,906 [5e869320-ccac-4aeb-8df2-e4f668b3d0f4@group-DE8E30053BF5-LeaderElection66] INFO  server.RaftServerConfigKeys (ConfUtils.java:logGet(43)) - raft.server.watch.timeout = 10s (default)
2019-10-08 21:40:44,907 [5e869320-ccac-4aeb-8df2-e4f668b3d0f4@group-DE8E30053BF5-LeaderElection66] INFO  server.RaftServerConfigKeys (ConfUtils.java:logGet(43)) - raft.server.watch.timeout.denomination = 1s (default)
2019-10-08 21:40:44,907 [5e869320-ccac-4aeb-8df2-e4f668b3d0f4@group-DE8E30053BF5-LeaderElection66] INFO  server.RaftServerConfigKeys (ConfUtils.java:logGet(43)) - raft.server.watch.element-limit = 65536 (default)
2019-10-08 21:40:44,908 [5e869320-ccac-4aeb-8df2-e4f668b3d0f4@group-DE8E30053BF5-LeaderElection66] INFO  impl.RoleInfo (RoleInfo.java:updateAndGet(143)) - 5e869320-ccac-4aeb-8df2-e4f668b3d0f4: start LeaderState
2019-10-08 21:40:44,909 [5e869320-ccac-4aeb-8df2-e4f668b3d0f4@group-DE8E30053BF5-LeaderElection66] INFO  segmented.SegmentedRaftLogWorker (SegmentedRaftLogWorker.java:startLogSegment(385)) - 5e869320-ccac-4aeb-8df2-e4f668b3d0f4@group-DE8E30053BF5-SegmentedRaftLogWorker: Starting segment from index:0
2019-10-08 21:40:44,909 [5e869320-ccac-4aeb-8df2-e4f668b3d0f4@group-DE8E30053BF5-LeaderElection66] INFO  impl.RaftServerImpl (ServerState.java:setRaftConf(356)) - 5e869320-ccac-4aeb-8df2-e4f668b3d0f4@group-DE8E30053BF5: set configuration 0: [5e869320-ccac-4aeb-8df2-e4f668b3d0f4:192.168.151.107:33051], old=null at 0
2019-10-08 21:40:44,947 [Thread-3066] INFO  impl.FollowerState (FollowerState.java:run(108)) - f3a9150c-a922-470c-8d35-94a0c83d506b@group-86BC1B1873A0-FollowerState: change to CANDIDATE, lastRpcTime:5164ms, electionTimeout:5163ms
2019-10-08 21:40:44,947 [Thread-3066] INFO  impl.RoleInfo (RoleInfo.java:shutdownFollowerState(121)) - f3a9150c-a922-470c-8d35-94a0c83d506b: shutdown FollowerState
2019-10-08 21:40:44,947 [Thread-3066] INFO  impl.RaftServerImpl (RaftServerImpl.java:setRole(170)) - f3a9150c-a922-470c-8d35-94a0c83d506b@group-86BC1B1873A0: changes role from  FOLLOWER to CANDIDATE at term 0 for changeToCandidate
2019-10-08 21:40:44,947 [Thread-3066] INFO  impl.RoleInfo (RoleInfo.java:updateAndGet(143)) - f3a9150c-a922-470c-8d35-94a0c83d506b: start LeaderElection
2019-10-08 21:40:44,951 [Thread-3073] INFO  impl.FollowerState (FollowerState.java:run(108)) - 5e869320-ccac-4aeb-8df2-e4f668b3d0f4@group-4EC4E3941097-FollowerState: change to CANDIDATE, lastRpcTime:5052ms, electionTimeout:5013ms
2019-10-08 21:40:44,951 [Thread-3073] INFO  impl.RoleInfo (RoleInfo.java:shutdownFollowerState(121)) - 5e869320-ccac-4aeb-8df2-e4f668b3d0f4: shutdown FollowerState
2019-10-08 21:40:44,955 [Thread-3073] INFO  impl.RaftServerImpl (RaftServerImpl.java:setRole(170)) - 5e869320-ccac-4aeb-8df2-e4f668b3d0f4@group-4EC4E3941097: changes role from  FOLLOWER to CANDIDATE at term 0 for changeToCandidate
2019-10-08 21:40:44,955 [Thread-3073] INFO  impl.RoleInfo (RoleInfo.java:updateAndGet(143)) - 5e869320-ccac-4aeb-8df2-e4f668b3d0f4: start LeaderElection
2019-10-08 21:40:44,961 [5e869320-ccac-4aeb-8df2-e4f668b3d0f4@group-DE8E30053BF5-SegmentedRaftLogWorker] INFO  segmented.SegmentedRaftLogWorker (SegmentedRaftLogWorker.java:execute(574)) - 5e869320-ccac-4aeb-8df2-e4f668b3d0f4@group-DE8E30053BF5-SegmentedRaftLogWorker: created new log segment /workdir/hadoop-ozone/integration-test/target/test-dir/MiniOzoneClusterImpl-7fb7994d-4bc0-4253-a887-0c3ab883c7d2/datanode-1/data/ratis/9d3c4d7b-11ca-44da-8752-de8e30053bf5/current/log_inprogress_0
2019-10-08 21:40:44,961 [f3a9150c-a922-470c-8d35-94a0c83d506b@group-86BC1B1873A0-LeaderElection67] INFO  impl.LeaderElection (LeaderElection.java:askForVotes(178)) - f3a9150c-a922-470c-8d35-94a0c83d506b@group-86BC1B1873A0-LeaderElection67: begin an election at term 1 for -1: [f3a9150c-a922-470c-8d35-94a0c83d506b:192.168.151.107:43452], old=null
2019-10-08 21:40:44,961 [f3a9150c-a922-470c-8d35-94a0c83d506b@group-86BC1B1873A0-LeaderElection67] INFO  impl.RoleInfo (RoleInfo.java:shutdownLeaderElection(134)) - f3a9150c-a922-470c-8d35-94a0c83d506b: shutdown LeaderElection
2019-10-08 21:40:44,961 [f3a9150c-a922-470c-8d35-94a0c83d506b@group-86BC1B1873A0-LeaderElection67] INFO  impl.RaftServerImpl (RaftServerImpl.java:setRole(170)) - f3a9150c-a922-470c-8d35-94a0c83d506b@group-86BC1B1873A0: changes role from CANDIDATE to LEADER at term 1 for changeToLeader
2019-10-08 21:40:44,962 [f3a9150c-a922-470c-8d35-94a0c83d506b@group-86BC1B1873A0-LeaderElection67] INFO  impl.RaftServerImpl (ServerState.java:setLeader(255)) - f3a9150c-a922-470c-8d35-94a0c83d506b@group-86BC1B1873A0: change Leader from null to f3a9150c-a922-470c-8d35-94a0c83d506b at term 1 for becomeLeader, leader elected after 5184ms
2019-10-08 21:40:44,962 [f3a9150c-a922-470c-8d35-94a0c83d506b@group-86BC1B1873A0-LeaderElection67] INFO  server.RaftServerConfigKeys (ConfUtils.java:logGet(43)) - raft.server.staging.catchup.gap = 1000 (default)
2019-10-08 21:40:44,962 [f3a9150c-a922-470c-8d35-94a0c83d506b@group-86BC1B1873A0-LeaderElection67] INFO  server.RaftServerConfigKeys (ConfUtils.java:logGet(43)) - raft.server.rpc.sleep.time = 25ms (default)
2019-10-08 21:40:44,962 [f3a9150c-a922-470c-8d35-94a0c83d506b@group-86BC1B1873A0-LeaderElection67] INFO  server.RaftServerConfigKeys (ConfUtils.java:logGet(43)) - raft.server.write.element-limit = 4096 (default)
2019-10-08 21:40:44,962 [f3a9150c-a922-470c-8d35-94a0c83d506b@group-86BC1B1873A0-LeaderElection67] INFO  server.RaftServerConfigKeys (ConfUtils.java:logGet(43)) - raft.server.watch.timeout = 10s (default)
2019-10-08 21:40:44,962 [f3a9150c-a922-470c-8d35-94a0c83d506b@group-86BC1B1873A0-LeaderElection67] INFO  server.RaftServerConfigKeys (ConfUtils.java:logGet(43)) - raft.server.watch.timeout.denomination = 1s (default)
2019-10-08 21:40:44,963 [f3a9150c-a922-470c-8d35-94a0c83d506b@group-86BC1B1873A0-LeaderElection67] INFO  server.RaftServerConfigKeys (ConfUtils.java:logGet(43)) - raft.server.watch.element-limit = 65536 (default)
2019-10-08 21:40:44,964 [f3a9150c-a922-470c-8d35-94a0c83d506b@group-86BC1B1873A0-LeaderElection67] INFO  impl.RoleInfo (RoleInfo.java:updateAndGet(143)) - f3a9150c-a922-470c-8d35-94a0c83d506b: start LeaderState
2019-10-08 21:40:44,964 [f3a9150c-a922-470c-8d35-94a0c83d506b@group-86BC1B1873A0-LeaderElection67] INFO  segmented.SegmentedRaftLogWorker (SegmentedRaftLogWorker.java:startLogSegment(385)) - f3a9150c-a922-470c-8d35-94a0c83d506b@group-86BC1B1873A0-SegmentedRaftLogWorker: Starting segment from index:0
2019-10-08 21:40:44,965 [f3a9150c-a922-470c-8d35-94a0c83d506b@group-86BC1B1873A0-LeaderElection67] INFO  impl.RaftServerImpl (ServerState.java:setRaftConf(356)) - f3a9150c-a922-470c-8d35-94a0c83d506b@group-86BC1B1873A0: set configuration 0: [f3a9150c-a922-470c-8d35-94a0c83d506b:192.168.151.107:43452], old=null at 0
2019-10-08 21:40:44,974 [5e869320-ccac-4aeb-8df2-e4f668b3d0f4@group-4EC4E3941097-LeaderElection68] INFO  impl.LeaderElection (LeaderElection.java:askForVotes(178)) - 5e869320-ccac-4aeb-8df2-e4f668b3d0f4@group-4EC4E3941097-LeaderElection68: begin an election at term 1 for -1: [f3a9150c-a922-470c-8d35-94a0c83d506b:192.168.151.107:43452, 8c43b318-eee5-46fe-878c-785d6b15b75a:192.168.151.107:35559, 5e869320-ccac-4aeb-8df2-e4f668b3d0f4:192.168.151.107:33051], old=null
2019-10-08 21:40:44,979 [grpc-default-executor-8] INFO  impl.RaftServerImpl (RaftServerImpl.java:setRole(170)) - f3a9150c-a922-470c-8d35-94a0c83d506b@group-4EC4E3941097: changes role from  FOLLOWER to FOLLOWER at term 1 for recognizeCandidate:5e869320-ccac-4aeb-8df2-e4f668b3d0f4
2019-10-08 21:40:44,979 [grpc-default-executor-9] INFO  impl.RaftServerImpl (RaftServerImpl.java:setRole(170)) - 8c43b318-eee5-46fe-878c-785d6b15b75a@group-4EC4E3941097: changes role from  FOLLOWER to FOLLOWER at term 1 for recognizeCandidate:5e869320-ccac-4aeb-8df2-e4f668b3d0f4
2019-10-08 21:40:44,979 [grpc-default-executor-8] INFO  impl.RoleInfo (RoleInfo.java:shutdownFollowerState(121)) - f3a9150c-a922-470c-8d35-94a0c83d506b: shutdown FollowerState
2019-10-08 21:40:44,979 [grpc-default-executor-9] INFO  impl.RoleInfo (RoleInfo.java:shutdownFollowerState(121)) - 8c43b318-eee5-46fe-878c-785d6b15b75a: shutdown FollowerState
2019-10-08 21:40:44,979 [grpc-default-executor-8] INFO  impl.RoleInfo (RoleInfo.java:updateAndGet(143)) - f3a9150c-a922-470c-8d35-94a0c83d506b: start FollowerState
2019-10-08 21:40:44,979 [grpc-default-executor-9] INFO  impl.RoleInfo (RoleInfo.java:updateAndGet(143)) - 8c43b318-eee5-46fe-878c-785d6b15b75a: start FollowerState
2019-10-08 21:40:44,979 [Thread-3069] INFO  impl.FollowerState (FollowerState.java:run(117)) - f3a9150c-a922-470c-8d35-94a0c83d506b@group-4EC4E3941097-FollowerState was interrupted: java.lang.InterruptedException: sleep interrupted
2019-10-08 21:40:44,980 [Thread-3074] INFO  impl.FollowerState (FollowerState.java:run(117)) - 8c43b318-eee5-46fe-878c-785d6b15b75a@group-4EC4E3941097-FollowerState was interrupted: java.lang.InterruptedException: sleep interrupted
2019-10-08 21:40:45,017 [f3a9150c-a922-470c-8d35-94a0c83d506b@group-86BC1B1873A0-SegmentedRaftLogWorker] INFO  segmented.SegmentedRaftLogWorker (SegmentedRaftLogWorker.java:execute(574)) - f3a9150c-a922-470c-8d35-94a0c83d506b@group-86BC1B1873A0-SegmentedRaftLogWorker: created new log segment /workdir/hadoop-ozone/integration-test/target/test-dir/MiniOzoneClusterImpl-7fb7994d-4bc0-4253-a887-0c3ab883c7d2/datanode-2/data/ratis/8ba952c8-ceaa-47b9-a07b-86bc1b1873a0/current/log_inprogress_0
2019-10-08 21:40:45,021 [5e869320-ccac-4aeb-8df2-e4f668b3d0f4@group-4EC4E3941097-LeaderElection68] INFO  impl.LeaderElection (LeaderElection.java:logAndReturn(56)) - 5e869320-ccac-4aeb-8df2-e4f668b3d0f4@group-4EC4E3941097-LeaderElection68: Election PASSED; received 1 response(s) [5e869320-ccac-4aeb-8df2-e4f668b3d0f4<-8c43b318-eee5-46fe-878c-785d6b15b75a#0:OK-t1] and 0 exception(s); 5e869320-ccac-4aeb-8df2-e4f668b3d0f4@group-4EC4E3941097:t1, leader=null, voted=5e869320-ccac-4aeb-8df2-e4f668b3d0f4, raftlog=5e869320-ccac-4aeb-8df2-e4f668b3d0f4@group-4EC4E3941097-SegmentedRaftLog:OPENED:c-1,f-1,i0, conf=-1: [f3a9150c-a922-470c-8d35-94a0c83d506b:192.168.151.107:43452, 8c43b318-eee5-46fe-878c-785d6b15b75a:192.168.151.107:35559, 5e869320-ccac-4aeb-8df2-e4f668b3d0f4:192.168.151.107:33051], old=null
2019-10-08 21:40:45,021 [5e869320-ccac-4aeb-8df2-e4f668b3d0f4@group-4EC4E3941097-LeaderElection68] INFO  impl.RoleInfo (RoleInfo.java:shutdownLeaderElection(134)) - 5e869320-ccac-4aeb-8df2-e4f668b3d0f4: shutdown LeaderElection
2019-10-08 21:40:45,021 [5e869320-ccac-4aeb-8df2-e4f668b3d0f4@group-4EC4E3941097-LeaderElection68] INFO  impl.RaftServerImpl (RaftServerImpl.java:setRole(170)) - 5e869320-ccac-4aeb-8df2-e4f668b3d0f4@group-4EC4E3941097: changes role from CANDIDATE to LEADER at term 1 for changeToLeader
2019-10-08 21:40:45,021 [5e869320-ccac-4aeb-8df2-e4f668b3d0f4@group-4EC4E3941097-LeaderElection68] INFO  impl.RaftServerImpl (ServerState.java:setLeader(255)) - 5e869320-ccac-4aeb-8df2-e4f668b3d0f4@group-4EC4E3941097: change Leader from null to 5e869320-ccac-4aeb-8df2-e4f668b3d0f4 at term 1 for becomeLeader, leader elected after 5150ms
2019-10-08 21:40:45,021 [5e869320-ccac-4aeb-8df2-e4f668b3d0f4@group-4EC4E3941097-LeaderElection68] INFO  server.RaftServerConfigKeys (ConfUtils.java:logGet(43)) - raft.server.staging.catchup.gap = 1000 (default)
2019-10-08 21:40:45,022 [5e869320-ccac-4aeb-8df2-e4f668b3d0f4@group-4EC4E3941097-LeaderElection68] INFO  server.RaftServerConfigKeys (ConfUtils.java:logGet(43)) - raft.server.rpc.sleep.time = 25ms (default)
2019-10-08 21:40:45,022 [5e869320-ccac-4aeb-8df2-e4f668b3d0f4@group-4EC4E3941097-LeaderElection68] INFO  server.RaftServerConfigKeys (ConfUtils.java:logGet(43)) - raft.server.write.element-limit = 4096 (default)
2019-10-08 21:40:45,022 [5e869320-ccac-4aeb-8df2-e4f668b3d0f4@group-4EC4E3941097-LeaderElection68] INFO  server.RaftServerConfigKeys (ConfUtils.java:logGet(43)) - raft.server.watch.timeout = 10s (default)
2019-10-08 21:40:45,022 [5e869320-ccac-4aeb-8df2-e4f668b3d0f4@group-4EC4E3941097-LeaderElection68] INFO  server.RaftServerConfigKeys (ConfUtils.java:logGet(43)) - raft.server.watch.timeout.denomination = 1s (default)
2019-10-08 21:40:45,022 [5e869320-ccac-4aeb-8df2-e4f668b3d0f4@group-4EC4E3941097-LeaderElection68] INFO  server.RaftServerConfigKeys (ConfUtils.java:logGet(43)) - raft.server.watch.element-limit = 65536 (default)
2019-10-08 21:40:45,024 [5e869320-ccac-4aeb-8df2-e4f668b3d0f4@group-4EC4E3941097-LeaderElection68] INFO  server.RaftServerConfigKeys (ConfUtils.java:logGet(43)) - raft.server.log.appender.snapshot.chunk.size.max = 16MB (=16777216) (default)
2019-10-08 21:40:45,025 [5e869320-ccac-4aeb-8df2-e4f668b3d0f4@group-4EC4E3941097-LeaderElection68] INFO  server.RaftServerConfigKeys (ConfUtils.java:logGet(43)) - raft.server.log.appender.buffer.byte-limit = 33554432 (custom)
2019-10-08 21:40:45,025 [5e869320-ccac-4aeb-8df2-e4f668b3d0f4@group-4EC4E3941097-LeaderElection68] INFO  server.RaftServerConfigKeys (ConfUtils.java:logGet(43)) - raft.server.log.appender.buffer.element-limit = 1 (custom)
2019-10-08 21:40:45,025 [5e869320-ccac-4aeb-8df2-e4f668b3d0f4@group-4EC4E3941097-LeaderElection68] INFO  grpc.GrpcConfigKeys$Server (ConfUtils.java:logGet(43)) - raft.grpc.server.leader.outstanding.appends.max = 128 (default)
2019-10-08 21:40:45,025 [5e869320-ccac-4aeb-8df2-e4f668b3d0f4@group-4EC4E3941097-LeaderElection68] INFO  server.RaftServerConfigKeys (ConfUtils.java:logGet(43)) - raft.server.rpc.request.timeout = 3000ms (default)
2019-10-08 21:40:45,025 [5e869320-ccac-4aeb-8df2-e4f668b3d0f4@group-4EC4E3941097-LeaderElection68] INFO  server.RaftServerConfigKeys (ConfUtils.java:logGet(43)) - raft.server.log.appender.install.snapshot.enabled = false (custom)
2019-10-08 21:40:45,026 [5e869320-ccac-4aeb-8df2-e4f668b3d0f4@group-4EC4E3941097-LeaderElection68] INFO  server.RaftServerConfigKeys (ConfUtils.java:logGet(43)) - raft.server.log.appender.snapshot.chunk.size.max = 16MB (=16777216) (default)
2019-10-08 21:40:45,026 [5e869320-ccac-4aeb-8df2-e4f668b3d0f4@group-4EC4E3941097-LeaderElection68] INFO  server.RaftServerConfigKeys (ConfUtils.java:logGet(43)) - raft.server.log.appender.buffer.byte-limit = 33554432 (custom)
2019-10-08 21:40:45,026 [5e869320-ccac-4aeb-8df2-e4f668b3d0f4@group-4EC4E3941097-LeaderElection68] INFO  server.RaftServerConfigKeys (ConfUtils.java:logGet(43)) - raft.server.log.appender.buffer.element-limit = 1 (custom)
2019-10-08 21:40:45,026 [5e869320-ccac-4aeb-8df2-e4f668b3d0f4@group-4EC4E3941097-LeaderElection68] INFO  grpc.GrpcConfigKeys$Server (ConfUtils.java:logGet(43)) - raft.grpc.server.leader.outstanding.appends.max = 128 (default)
2019-10-08 21:40:45,027 [5e869320-ccac-4aeb-8df2-e4f668b3d0f4@group-4EC4E3941097-LeaderElection68] INFO  server.RaftServerConfigKeys (ConfUtils.java:logGet(43)) - raft.server.rpc.request.timeout = 3000ms (default)
2019-10-08 21:40:45,027 [5e869320-ccac-4aeb-8df2-e4f668b3d0f4@group-4EC4E3941097-LeaderElection68] INFO  server.RaftServerConfigKeys (ConfUtils.java:logGet(43)) - raft.server.log.appender.install.snapshot.enabled = false (custom)
2019-10-08 21:40:45,027 [5e869320-ccac-4aeb-8df2-e4f668b3d0f4@group-4EC4E3941097-LeaderElection68] INFO  impl.RoleInfo (RoleInfo.java:updateAndGet(143)) - 5e869320-ccac-4aeb-8df2-e4f668b3d0f4: start LeaderState
2019-10-08 21:40:45,027 [5e869320-ccac-4aeb-8df2-e4f668b3d0f4@group-4EC4E3941097-LeaderElection68] INFO  segmented.SegmentedRaftLogWorker (SegmentedRaftLogWorker.java:startLogSegment(385)) - 5e869320-ccac-4aeb-8df2-e4f668b3d0f4@group-4EC4E3941097-SegmentedRaftLogWorker: Starting segment from index:0
2019-10-08 21:40:45,028 [5e869320-ccac-4aeb-8df2-e4f668b3d0f4@group-4EC4E3941097-LeaderElection68] INFO  impl.RaftServerImpl (ServerState.java:setRaftConf(356)) - 5e869320-ccac-4aeb-8df2-e4f668b3d0f4@group-4EC4E3941097: set configuration 0: [f3a9150c-a922-470c-8d35-94a0c83d506b:192.168.151.107:43452, 8c43b318-eee5-46fe-878c-785d6b15b75a:192.168.151.107:35559, 5e869320-ccac-4aeb-8df2-e4f668b3d0f4:192.168.151.107:33051], old=null at 0
2019-10-08 21:40:45,072 [grpc-default-executor-8] INFO  impl.RaftServerImpl (ServerState.java:setLeader(255)) - 8c43b318-eee5-46fe-878c-785d6b15b75a@group-4EC4E3941097: change Leader from null to 5e869320-ccac-4aeb-8df2-e4f668b3d0f4 at term 1 for appendEntries, leader elected after 5200ms
2019-10-08 21:40:45,072 [grpc-default-executor-9] INFO  impl.RaftServerImpl (ServerState.java:setLeader(255)) - f3a9150c-a922-470c-8d35-94a0c83d506b@group-4EC4E3941097: change Leader from null to 5e869320-ccac-4aeb-8df2-e4f668b3d0f4 at term 1 for appendEntries, leader elected after 5201ms
2019-10-08 21:40:45,081 [grpc-default-executor-8] INFO  impl.RaftServerImpl (ServerState.java:setRaftConf(356)) - f3a9150c-a922-470c-8d35-94a0c83d506b@group-4EC4E3941097: set configuration 0: [f3a9150c-a922-470c-8d35-94a0c83d506b:192.168.151.107:43452, 8c43b318-eee5-46fe-878c-785d6b15b75a:192.168.151.107:35559, 5e869320-ccac-4aeb-8df2-e4f668b3d0f4:192.168.151.107:33051], old=null at 0
2019-10-08 21:40:45,081 [grpc-default-executor-9] INFO  impl.RaftServerImpl (ServerState.java:setRaftConf(356)) - 8c43b318-eee5-46fe-878c-785d6b15b75a@group-4EC4E3941097: set configuration 0: [f3a9150c-a922-470c-8d35-94a0c83d506b:192.168.151.107:43452, 8c43b318-eee5-46fe-878c-785d6b15b75a:192.168.151.107:35559, 5e869320-ccac-4aeb-8df2-e4f668b3d0f4:192.168.151.107:33051], old=null at 0
2019-10-08 21:40:45,081 [grpc-default-executor-8] INFO  segmented.SegmentedRaftLogWorker (SegmentedRaftLogWorker.java:startLogSegment(385)) - f3a9150c-a922-470c-8d35-94a0c83d506b@group-4EC4E3941097-SegmentedRaftLogWorker: Starting segment from index:0
2019-10-08 21:40:45,082 [grpc-default-executor-9] INFO  segmented.SegmentedRaftLogWorker (SegmentedRaftLogWorker.java:startLogSegment(385)) - 8c43b318-eee5-46fe-878c-785d6b15b75a@group-4EC4E3941097-SegmentedRaftLogWorker: Starting segment from index:0
2019-10-08 21:40:45,099 [5e869320-ccac-4aeb-8df2-e4f668b3d0f4@group-4EC4E3941097-SegmentedRaftLogWorker] INFO  segmented.SegmentedRaftLogWorker (SegmentedRaftLogWorker.java:execute(574)) - 5e869320-ccac-4aeb-8df2-e4f668b3d0f4@group-4EC4E3941097-SegmentedRaftLogWorker: created new log segment /workdir/hadoop-ozone/integration-test/target/test-dir/MiniOzoneClusterImpl-7fb7994d-4bc0-4253-a887-0c3ab883c7d2/datanode-1/data/ratis/abbe4d11-1c07-4bcf-a5cb-4ec4e3941097/current/log_inprogress_0
2019-10-08 21:40:45,116 [Thread-3081] INFO  impl.FollowerState (FollowerState.java:run(108)) - 943987cc-052a-4c66-b334-3413c0116694@group-A975645EBE1C-FollowerState: change to CANDIDATE, lastRpcTime:5051ms, electionTimeout:5051ms
2019-10-08 21:40:45,116 [Thread-3081] INFO  impl.RoleInfo (RoleInfo.java:shutdownFollowerState(121)) - 943987cc-052a-4c66-b334-3413c0116694: shutdown FollowerState
2019-10-08 21:40:45,116 [Thread-3081] INFO  impl.RaftServerImpl (RaftServerImpl.java:setRole(170)) - 943987cc-052a-4c66-b334-3413c0116694@group-A975645EBE1C: changes role from  FOLLOWER to CANDIDATE at term 0 for changeToCandidate
2019-10-08 21:40:45,116 [Thread-3081] INFO  impl.RoleInfo (RoleInfo.java:updateAndGet(143)) - 943987cc-052a-4c66-b334-3413c0116694: start LeaderElection
2019-10-08 21:40:45,131 [f3a9150c-a922-470c-8d35-94a0c83d506b@group-4EC4E3941097-SegmentedRaftLogWorker] INFO  segmented.SegmentedRaftLogWorker (SegmentedRaftLogWorker.java:execute(574)) - f3a9150c-a922-470c-8d35-94a0c83d506b@group-4EC4E3941097-SegmentedRaftLogWorker: created new log segment /workdir/hadoop-ozone/integration-test/target/test-dir/MiniOzoneClusterImpl-7fb7994d-4bc0-4253-a887-0c3ab883c7d2/datanode-2/data/ratis/abbe4d11-1c07-4bcf-a5cb-4ec4e3941097/current/log_inprogress_0
2019-10-08 21:40:45,144 [8c43b318-eee5-46fe-878c-785d6b15b75a@group-4EC4E3941097-SegmentedRaftLogWorker] INFO  segmented.SegmentedRaftLogWorker (SegmentedRaftLogWorker.java:execute(574)) - 8c43b318-eee5-46fe-878c-785d6b15b75a@group-4EC4E3941097-SegmentedRaftLogWorker: created new log segment /workdir/hadoop-ozone/integration-test/target/test-dir/MiniOzoneClusterImpl-7fb7994d-4bc0-4253-a887-0c3ab883c7d2/datanode-0/data/ratis/abbe4d11-1c07-4bcf-a5cb-4ec4e3941097/current/log_inprogress_0
2019-10-08 21:40:45,145 [943987cc-052a-4c66-b334-3413c0116694@group-A975645EBE1C-LeaderElection69] INFO  impl.LeaderElection (LeaderElection.java:askForVotes(178)) - 943987cc-052a-4c66-b334-3413c0116694@group-A975645EBE1C-LeaderElection69: begin an election at term 1 for -1: [943987cc-052a-4c66-b334-3413c0116694:192.168.151.107:44948], old=null
2019-10-08 21:40:45,145 [943987cc-052a-4c66-b334-3413c0116694@group-A975645EBE1C-LeaderElection69] INFO  impl.RoleInfo (RoleInfo.java:shutdownLeaderElection(134)) - 943987cc-052a-4c66-b334-3413c0116694: shutdown LeaderElection
2019-10-08 21:40:45,145 [943987cc-052a-4c66-b334-3413c0116694@group-A975645EBE1C-LeaderElection69] INFO  impl.RaftServerImpl (RaftServerImpl.java:setRole(170)) - 943987cc-052a-4c66-b334-3413c0116694@group-A975645EBE1C: changes role from CANDIDATE to LEADER at term 1 for changeToLeader
2019-10-08 21:40:45,145 [943987cc-052a-4c66-b334-3413c0116694@group-A975645EBE1C-LeaderElection69] INFO  impl.RaftServerImpl (ServerState.java:setLeader(255)) - 943987cc-052a-4c66-b334-3413c0116694@group-A975645EBE1C: change Leader from null to 943987cc-052a-4c66-b334-3413c0116694 at term 1 for becomeLeader, leader elected after 5085ms
2019-10-08 21:40:45,145 [943987cc-052a-4c66-b334-3413c0116694@group-A975645EBE1C-LeaderElection69] INFO  server.RaftServerConfigKeys (ConfUtils.java:logGet(43)) - raft.server.staging.catchup.gap = 1000 (default)
2019-10-08 21:40:45,146 [943987cc-052a-4c66-b334-3413c0116694@group-A975645EBE1C-LeaderElection69] INFO  server.RaftServerConfigKeys (ConfUtils.java:logGet(43)) - raft.server.rpc.sleep.time = 25ms (default)
2019-10-08 21:40:45,146 [943987cc-052a-4c66-b334-3413c0116694@group-A975645EBE1C-LeaderElection69] INFO  server.RaftServerConfigKeys (ConfUtils.java:logGet(43)) - raft.server.write.element-limit = 4096 (default)
2019-10-08 21:40:45,146 [943987cc-052a-4c66-b334-3413c0116694@group-A975645EBE1C-LeaderElection69] INFO  server.RaftServerConfigKeys (ConfUtils.java:logGet(43)) - raft.server.watch.timeout = 10s (default)
2019-10-08 21:40:45,146 [943987cc-052a-4c66-b334-3413c0116694@group-A975645EBE1C-LeaderElection69] INFO  server.RaftServerConfigKeys (ConfUtils.java:logGet(43)) - raft.server.watch.timeout.denomination = 1s (default)
2019-10-08 21:40:45,146 [943987cc-052a-4c66-b334-3413c0116694@group-A975645EBE1C-LeaderElection69] INFO  server.RaftServerConfigKeys (ConfUtils.java:logGet(43)) - raft.server.watch.element-limit = 65536 (default)
2019-10-08 21:40:45,148 [943987cc-052a-4c66-b334-3413c0116694@group-A975645EBE1C-LeaderElection69] INFO  impl.RoleInfo (RoleInfo.java:updateAndGet(143)) - 943987cc-052a-4c66-b334-3413c0116694: start LeaderState
2019-10-08 21:40:45,148 [943987cc-052a-4c66-b334-3413c0116694@group-A975645EBE1C-LeaderElection69] INFO  segmented.SegmentedRaftLogWorker (SegmentedRaftLogWorker.java:startLogSegment(385)) - 943987cc-052a-4c66-b334-3413c0116694@group-A975645EBE1C-SegmentedRaftLogWorker: Starting segment from index:0
2019-10-08 21:40:45,149 [943987cc-052a-4c66-b334-3413c0116694@group-A975645EBE1C-LeaderElection69] INFO  impl.RaftServerImpl (ServerState.java:setRaftConf(356)) - 943987cc-052a-4c66-b334-3413c0116694@group-A975645EBE1C: set configuration 0: [943987cc-052a-4c66-b334-3413c0116694:192.168.151.107:44948], old=null at 0
2019-10-08 21:40:45,190 [Thread-3078] INFO  impl.FollowerState (FollowerState.java:run(108)) - 6127908d-2d89-4418-b2d1-db9941b4b945@group-B5BD5209581C-FollowerState: change to CANDIDATE, lastRpcTime:5181ms, electionTimeout:5140ms
2019-10-08 21:40:45,190 [Thread-3078] INFO  impl.RoleInfo (RoleInfo.java:shutdownFollowerState(121)) - 6127908d-2d89-4418-b2d1-db9941b4b945: shutdown FollowerState
2019-10-08 21:40:45,190 [Thread-3078] INFO  impl.RaftServerImpl (RaftServerImpl.java:setRole(170)) - 6127908d-2d89-4418-b2d1-db9941b4b945@group-B5BD5209581C: changes role from  FOLLOWER to CANDIDATE at term 0 for changeToCandidate
2019-10-08 21:40:45,191 [Thread-3078] INFO  impl.RoleInfo (RoleInfo.java:updateAndGet(143)) - 6127908d-2d89-4418-b2d1-db9941b4b945: start LeaderElection
2019-10-08 21:40:45,202 [943987cc-052a-4c66-b334-3413c0116694@group-A975645EBE1C-SegmentedRaftLogWorker] INFO  segmented.SegmentedRaftLogWorker (SegmentedRaftLogWorker.java:execute(574)) - 943987cc-052a-4c66-b334-3413c0116694@group-A975645EBE1C-SegmentedRaftLogWorker: created new log segment /workdir/hadoop-ozone/integration-test/target/test-dir/MiniOzoneClusterImpl-7fb7994d-4bc0-4253-a887-0c3ab883c7d2/datanode-3/data/ratis/37e07cc8-8c68-439a-b346-a975645ebe1c/current/log_inprogress_0
2019-10-08 21:40:45,202 [6127908d-2d89-4418-b2d1-db9941b4b945@group-B5BD5209581C-LeaderElection70] INFO  impl.LeaderElection (LeaderElection.java:askForVotes(178)) - 6127908d-2d89-4418-b2d1-db9941b4b945@group-B5BD5209581C-LeaderElection70: begin an election at term 1 for -1: [6127908d-2d89-4418-b2d1-db9941b4b945:192.168.151.107:36582], old=null
2019-10-08 21:40:45,202 [6127908d-2d89-4418-b2d1-db9941b4b945@group-B5BD5209581C-LeaderElection70] INFO  impl.RoleInfo (RoleInfo.java:shutdownLeaderElection(134)) - 6127908d-2d89-4418-b2d1-db9941b4b945: shutdown LeaderElection
2019-10-08 21:40:45,202 [6127908d-2d89-4418-b2d1-db9941b4b945@group-B5BD5209581C-LeaderElection70] INFO  impl.RaftServerImpl (RaftServerImpl.java:setRole(170)) - 6127908d-2d89-4418-b2d1-db9941b4b945@group-B5BD5209581C: changes role from CANDIDATE to LEADER at term 1 for changeToLeader
2019-10-08 21:40:45,202 [6127908d-2d89-4418-b2d1-db9941b4b945@group-B5BD5209581C-LeaderElection70] INFO  impl.RaftServerImpl (ServerState.java:setLeader(255)) - 6127908d-2d89-4418-b2d1-db9941b4b945@group-B5BD5209581C: change Leader from null to 6127908d-2d89-4418-b2d1-db9941b4b945 at term 1 for becomeLeader, leader elected after 5200ms
2019-10-08 21:40:45,202 [6127908d-2d89-4418-b2d1-db9941b4b945@group-B5BD5209581C-LeaderElection70] INFO  server.RaftServerConfigKeys (ConfUtils.java:logGet(43)) - raft.server.staging.catchup.gap = 1000 (default)
2019-10-08 21:40:45,203 [6127908d-2d89-4418-b2d1-db9941b4b945@group-B5BD5209581C-LeaderElection70] INFO  server.RaftServerConfigKeys (ConfUtils.java:logGet(43)) - raft.server.rpc.sleep.time = 25ms (default)
2019-10-08 21:40:45,203 [6127908d-2d89-4418-b2d1-db9941b4b945@group-B5BD5209581C-LeaderElection70] INFO  server.RaftServerConfigKeys (ConfUtils.java:logGet(43)) - raft.server.write.element-limit = 4096 (default)
2019-10-08 21:40:45,203 [6127908d-2d89-4418-b2d1-db9941b4b945@group-B5BD5209581C-LeaderElection70] INFO  server.RaftServerConfigKeys (ConfUtils.java:logGet(43)) - raft.server.watch.timeout = 10s (default)
2019-10-08 21:40:45,203 [6127908d-2d89-4418-b2d1-db9941b4b945@group-B5BD5209581C-LeaderElection70] INFO  server.RaftServerConfigKeys (ConfUtils.java:logGet(43)) - raft.server.watch.timeout.denomination = 1s (default)
2019-10-08 21:40:45,203 [6127908d-2d89-4418-b2d1-db9941b4b945@group-B5BD5209581C-LeaderElection70] INFO  server.RaftServerConfigKeys (ConfUtils.java:logGet(43)) - raft.server.watch.element-limit = 65536 (default)
2019-10-08 21:40:45,205 [6127908d-2d89-4418-b2d1-db9941b4b945@group-B5BD5209581C-LeaderElection70] INFO  impl.RoleInfo (RoleInfo.java:updateAndGet(143)) - 6127908d-2d89-4418-b2d1-db9941b4b945: start LeaderState
2019-10-08 21:40:45,205 [6127908d-2d89-4418-b2d1-db9941b4b945@group-B5BD5209581C-LeaderElection70] INFO  segmented.SegmentedRaftLogWorker (SegmentedRaftLogWorker.java:startLogSegment(385)) - 6127908d-2d89-4418-b2d1-db9941b4b945@group-B5BD5209581C-SegmentedRaftLogWorker: Starting segment from index:0
2019-10-08 21:40:45,206 [6127908d-2d89-4418-b2d1-db9941b4b945@group-B5BD5209581C-LeaderElection70] INFO  impl.RaftServerImpl (ServerState.java:setRaftConf(356)) - 6127908d-2d89-4418-b2d1-db9941b4b945@group-B5BD5209581C: set configuration 0: [6127908d-2d89-4418-b2d1-db9941b4b945:192.168.151.107:36582], old=null at 0
2019-10-08 21:40:45,248 [Thread-3090] INFO  impl.FollowerState (FollowerState.java:run(108)) - 02b80970-fa1c-404f-b5fe-a1cf6fa01e71@group-6372521898F1-FollowerState: change to CANDIDATE, lastRpcTime:5038ms, electionTimeout:5001ms
2019-10-08 21:40:45,248 [Thread-3090] INFO  impl.RoleInfo (RoleInfo.java:shutdownFollowerState(121)) - 02b80970-fa1c-404f-b5fe-a1cf6fa01e71: shutdown FollowerState
2019-10-08 21:40:45,248 [Thread-3090] INFO  impl.RaftServerImpl (RaftServerImpl.java:setRole(170)) - 02b80970-fa1c-404f-b5fe-a1cf6fa01e71@group-6372521898F1: changes role from  FOLLOWER to CANDIDATE at term 0 for changeToCandidate
2019-10-08 21:40:45,249 [Thread-3090] INFO  impl.RoleInfo (RoleInfo.java:updateAndGet(143)) - 02b80970-fa1c-404f-b5fe-a1cf6fa01e71: start LeaderElection
2019-10-08 21:40:45,249 [6127908d-2d89-4418-b2d1-db9941b4b945@group-B5BD5209581C-SegmentedRaftLogWorker] INFO  segmented.SegmentedRaftLogWorker (SegmentedRaftLogWorker.java:execute(574)) - 6127908d-2d89-4418-b2d1-db9941b4b945@group-B5BD5209581C-SegmentedRaftLogWorker: created new log segment /workdir/hadoop-ozone/integration-test/target/test-dir/MiniOzoneClusterImpl-7fb7994d-4bc0-4253-a887-0c3ab883c7d2/datanode-5/data/ratis/a95f4ca9-731d-42aa-a5d3-b5bd5209581c/current/log_inprogress_0
2019-10-08 21:40:45,265 [Thread-3094] INFO  impl.FollowerState (FollowerState.java:run(108)) - 6127908d-2d89-4418-b2d1-db9941b4b945@group-6372521898F1-FollowerState: change to CANDIDATE, lastRpcTime:5049ms, electionTimeout:5049ms
2019-10-08 21:40:45,265 [Thread-3094] INFO  impl.RoleInfo (RoleInfo.java:shutdownFollowerState(121)) - 6127908d-2d89-4418-b2d1-db9941b4b945: shutdown FollowerState
2019-10-08 21:40:45,265 [Thread-3094] INFO  impl.RaftServerImpl (RaftServerImpl.java:setRole(170)) - 6127908d-2d89-4418-b2d1-db9941b4b945@group-6372521898F1: changes role from  FOLLOWER to CANDIDATE at term 0 for changeToCandidate
2019-10-08 21:40:45,265 [Thread-3094] INFO  impl.RoleInfo (RoleInfo.java:updateAndGet(143)) - 6127908d-2d89-4418-b2d1-db9941b4b945: start LeaderElection
2019-10-08 21:40:45,268 [02b80970-fa1c-404f-b5fe-a1cf6fa01e71@group-6372521898F1-LeaderElection71] INFO  impl.LeaderElection (LeaderElection.java:askForVotes(178)) - 02b80970-fa1c-404f-b5fe-a1cf6fa01e71@group-6372521898F1-LeaderElection71: begin an election at term 1 for -1: [6127908d-2d89-4418-b2d1-db9941b4b945:192.168.151.107:36582, 02b80970-fa1c-404f-b5fe-a1cf6fa01e71:192.168.151.107:40218, 943987cc-052a-4c66-b334-3413c0116694:192.168.151.107:44948], old=null
2019-10-08 21:40:45,271 [Thread-3084] INFO  impl.FollowerState (FollowerState.java:run(108)) - 02b80970-fa1c-404f-b5fe-a1cf6fa01e71@group-E4F808037A2A-FollowerState: change to CANDIDATE, lastRpcTime:5159ms, electionTimeout:5154ms
2019-10-08 21:40:45,271 [Thread-3084] INFO  impl.RoleInfo (RoleInfo.java:shutdownFollowerState(121)) - 02b80970-fa1c-404f-b5fe-a1cf6fa01e71: shutdown FollowerState
2019-10-08 21:40:45,271 [Thread-3084] INFO  impl.RaftServerImpl (RaftServerImpl.java:setRole(170)) - 02b80970-fa1c-404f-b5fe-a1cf6fa01e71@group-E4F808037A2A: changes role from  FOLLOWER to CANDIDATE at term 0 for changeToCandidate
2019-10-08 21:40:45,271 [Thread-3084] INFO  impl.RoleInfo (RoleInfo.java:updateAndGet(143)) - 02b80970-fa1c-404f-b5fe-a1cf6fa01e71: start LeaderElection
2019-10-08 21:40:45,290 [6127908d-2d89-4418-b2d1-db9941b4b945@group-6372521898F1-LeaderElection72] INFO  impl.LeaderElection (LeaderElection.java:askForVotes(178)) - 6127908d-2d89-4418-b2d1-db9941b4b945@group-6372521898F1-LeaderElection72: begin an election at term 1 for -1: [6127908d-2d89-4418-b2d1-db9941b4b945:192.168.151.107:36582, 02b80970-fa1c-404f-b5fe-a1cf6fa01e71:192.168.151.107:40218, 943987cc-052a-4c66-b334-3413c0116694:192.168.151.107:44948], old=null
2019-10-08 21:40:45,290 [02b80970-fa1c-404f-b5fe-a1cf6fa01e71@group-E4F808037A2A-LeaderElection73] INFO  impl.LeaderElection (LeaderElection.java:askForVotes(178)) - 02b80970-fa1c-404f-b5fe-a1cf6fa01e71@group-E4F808037A2A-LeaderElection73: begin an election at term 1 for -1: [02b80970-fa1c-404f-b5fe-a1cf6fa01e71:192.168.151.107:40218], old=null
2019-10-08 21:40:45,291 [02b80970-fa1c-404f-b5fe-a1cf6fa01e71@group-E4F808037A2A-LeaderElection73] INFO  impl.RoleInfo (RoleInfo.java:shutdownLeaderElection(134)) - 02b80970-fa1c-404f-b5fe-a1cf6fa01e71: shutdown LeaderElection
2019-10-08 21:40:45,291 [02b80970-fa1c-404f-b5fe-a1cf6fa01e71@group-E4F808037A2A-LeaderElection73] INFO  impl.RaftServerImpl (RaftServerImpl.java:setRole(170)) - 02b80970-fa1c-404f-b5fe-a1cf6fa01e71@group-E4F808037A2A: changes role from CANDIDATE to LEADER at term 1 for changeToLeader
2019-10-08 21:40:45,291 [02b80970-fa1c-404f-b5fe-a1cf6fa01e71@group-E4F808037A2A-LeaderElection73] INFO  impl.RaftServerImpl (ServerState.java:setLeader(255)) - 02b80970-fa1c-404f-b5fe-a1cf6fa01e71@group-E4F808037A2A: change Leader from null to 02b80970-fa1c-404f-b5fe-a1cf6fa01e71 at term 1 for becomeLeader, leader elected after 5184ms
2019-10-08 21:40:45,291 [02b80970-fa1c-404f-b5fe-a1cf6fa01e71@group-E4F808037A2A-LeaderElection73] INFO  server.RaftServerConfigKeys (ConfUtils.java:logGet(43)) - raft.server.staging.catchup.gap = 1000 (default)
2019-10-08 21:40:45,291 [02b80970-fa1c-404f-b5fe-a1cf6fa01e71@group-E4F808037A2A-LeaderElection73] INFO  server.RaftServerConfigKeys (ConfUtils.java:logGet(43)) - raft.server.rpc.sleep.time = 25ms (default)
2019-10-08 21:40:45,292 [02b80970-fa1c-404f-b5fe-a1cf6fa01e71@group-E4F808037A2A-LeaderElection73] INFO  server.RaftServerConfigKeys (ConfUtils.java:logGet(43)) - raft.server.write.element-limit = 4096 (default)
2019-10-08 21:40:45,292 [grpc-default-executor-11] INFO  impl.RaftServerImpl (RaftServerImpl.java:setRole(170)) - 943987cc-052a-4c66-b334-3413c0116694@group-6372521898F1: changes role from  FOLLOWER to FOLLOWER at term 1 for recognizeCandidate:02b80970-fa1c-404f-b5fe-a1cf6fa01e71
2019-10-08 21:40:45,295 [02b80970-fa1c-404f-b5fe-a1cf6fa01e71@group-E4F808037A2A-LeaderElection73] INFO  server.RaftServerConfigKeys (ConfUtils.java:logGet(43)) - raft.server.watch.timeout = 10s (default)
2019-10-08 21:40:45,295 [grpc-default-executor-11] INFO  impl.RoleInfo (RoleInfo.java:shutdownFollowerState(121)) - 943987cc-052a-4c66-b334-3413c0116694: shutdown FollowerState
2019-10-08 21:40:45,296 [02b80970-fa1c-404f-b5fe-a1cf6fa01e71@group-E4F808037A2A-LeaderElection73] INFO  server.RaftServerConfigKeys (ConfUtils.java:logGet(43)) - raft.server.watch.timeout.denomination = 1s (default)
2019-10-08 21:40:45,296 [grpc-default-executor-11] INFO  impl.RoleInfo (RoleInfo.java:updateAndGet(143)) - 943987cc-052a-4c66-b334-3413c0116694: start FollowerState
2019-10-08 21:40:45,296 [Thread-3095] INFO  impl.FollowerState (FollowerState.java:run(117)) - 943987cc-052a-4c66-b334-3413c0116694@group-6372521898F1-FollowerState was interrupted: java.lang.InterruptedException: sleep interrupted
2019-10-08 21:40:45,296 [02b80970-fa1c-404f-b5fe-a1cf6fa01e71@group-E4F808037A2A-LeaderElection73] INFO  server.RaftServerConfigKeys (ConfUtils.java:logGet(43)) - raft.server.watch.element-limit = 65536 (default)
2019-10-08 21:40:45,317 [02b80970-fa1c-404f-b5fe-a1cf6fa01e71@group-E4F808037A2A-LeaderElection73] INFO  impl.RoleInfo (RoleInfo.java:updateAndGet(143)) - 02b80970-fa1c-404f-b5fe-a1cf6fa01e71: start LeaderState
2019-10-08 21:40:45,318 [02b80970-fa1c-404f-b5fe-a1cf6fa01e71@group-E4F808037A2A-LeaderElection73] INFO  segmented.SegmentedRaftLogWorker (SegmentedRaftLogWorker.java:startLogSegment(385)) - 02b80970-fa1c-404f-b5fe-a1cf6fa01e71@group-E4F808037A2A-SegmentedRaftLogWorker: Starting segment from index:0
2019-10-08 21:40:45,318 [02b80970-fa1c-404f-b5fe-a1cf6fa01e71@group-E4F808037A2A-LeaderElection73] INFO  impl.RaftServerImpl (ServerState.java:setRaftConf(356)) - 02b80970-fa1c-404f-b5fe-a1cf6fa01e71@group-E4F808037A2A: set configuration 0: [02b80970-fa1c-404f-b5fe-a1cf6fa01e71:192.168.151.107:40218], old=null at 0
2019-10-08 21:40:45,361 [Thread-3087] INFO  impl.FollowerState (FollowerState.java:run(108)) - 2fadce2d-0f30-4c07-bb86-65c3390b8d84@group-C9DCADA4242F-FollowerState: change to CANDIDATE, lastRpcTime:5202ms, electionTimeout:5190ms
2019-10-08 21:40:45,361 [Thread-3087] INFO  impl.RoleInfo (RoleInfo.java:shutdownFollowerState(121)) - 2fadce2d-0f30-4c07-bb86-65c3390b8d84: shutdown FollowerState
2019-10-08 21:40:45,361 [Thread-3087] INFO  impl.RaftServerImpl (RaftServerImpl.java:setRole(170)) - 2fadce2d-0f30-4c07-bb86-65c3390b8d84@group-C9DCADA4242F: changes role from  FOLLOWER to CANDIDATE at term 0 for changeToCandidate
2019-10-08 21:40:45,365 [6127908d-2d89-4418-b2d1-db9941b4b945@group-6372521898F1-LeaderElection72] INFO  impl.LeaderElection (LeaderElection.java:logAndReturn(56)) - 6127908d-2d89-4418-b2d1-db9941b4b945@group-6372521898F1-LeaderElection72: Election REJECTED; received 2 response(s) [6127908d-2d89-4418-b2d1-db9941b4b945<-02b80970-fa1c-404f-b5fe-a1cf6fa01e71#0:FAIL-t1, 6127908d-2d89-4418-b2d1-db9941b4b945<-943987cc-052a-4c66-b334-3413c0116694#0:FAIL-t1] and 0 exception(s); 6127908d-2d89-4418-b2d1-db9941b4b945@group-6372521898F1:t1, leader=null, voted=6127908d-2d89-4418-b2d1-db9941b4b945, raftlog=6127908d-2d89-4418-b2d1-db9941b4b945@group-6372521898F1-SegmentedRaftLog:OPENED:c-1,f-1,i0, conf=-1: [6127908d-2d89-4418-b2d1-db9941b4b945:192.168.151.107:36582, 02b80970-fa1c-404f-b5fe-a1cf6fa01e71:192.168.151.107:40218, 943987cc-052a-4c66-b334-3413c0116694:192.168.151.107:44948], old=null
2019-10-08 21:40:45,365 [Thread-3087] INFO  impl.RoleInfo (RoleInfo.java:updateAndGet(143)) - 2fadce2d-0f30-4c07-bb86-65c3390b8d84: start LeaderElection
2019-10-08 21:40:45,365 [6127908d-2d89-4418-b2d1-db9941b4b945@group-6372521898F1-LeaderElection72] INFO  impl.RaftServerImpl (RaftServerImpl.java:setRole(170)) - 6127908d-2d89-4418-b2d1-db9941b4b945@group-6372521898F1: changes role from CANDIDATE to FOLLOWER at term 1 for DISCOVERED_A_NEW_TERM
2019-10-08 21:40:45,369 [6127908d-2d89-4418-b2d1-db9941b4b945@group-6372521898F1-LeaderElection72] INFO  impl.RoleInfo (RoleInfo.java:shutdownLeaderElection(134)) - 6127908d-2d89-4418-b2d1-db9941b4b945: shutdown LeaderElection
2019-10-08 21:40:45,365 [02b80970-fa1c-404f-b5fe-a1cf6fa01e71@group-6372521898F1-LeaderElection71] INFO  impl.LeaderElection (LeaderElection.java:logAndReturn(56)) - 02b80970-fa1c-404f-b5fe-a1cf6fa01e71@group-6372521898F1-LeaderElection71: Election PASSED; received 2 response(s) [02b80970-fa1c-404f-b5fe-a1cf6fa01e71<-6127908d-2d89-4418-b2d1-db9941b4b945#0:FAIL-t1, 02b80970-fa1c-404f-b5fe-a1cf6fa01e71<-943987cc-052a-4c66-b334-3413c0116694#0:OK-t1] and 0 exception(s); 02b80970-fa1c-404f-b5fe-a1cf6fa01e71@group-6372521898F1:t1, leader=null, voted=02b80970-fa1c-404f-b5fe-a1cf6fa01e71, raftlog=02b80970-fa1c-404f-b5fe-a1cf6fa01e71@group-6372521898F1-SegmentedRaftLog:OPENED:c-1,f-1,i0, conf=-1: [6127908d-2d89-4418-b2d1-db9941b4b945:192.168.151.107:36582, 02b80970-fa1c-404f-b5fe-a1cf6fa01e71:192.168.151.107:40218, 943987cc-052a-4c66-b334-3413c0116694:192.168.151.107:44948], old=null
2019-10-08 21:40:45,376 [02b80970-fa1c-404f-b5fe-a1cf6fa01e71@group-E4F808037A2A-SegmentedRaftLogWorker] INFO  segmented.SegmentedRaftLogWorker (SegmentedRaftLogWorker.java:execute(574)) - 02b80970-fa1c-404f-b5fe-a1cf6fa01e71@group-E4F808037A2A-SegmentedRaftLogWorker: created new log segment /workdir/hadoop-ozone/integration-test/target/test-dir/MiniOzoneClusterImpl-7fb7994d-4bc0-4253-a887-0c3ab883c7d2/datanode-4/data/ratis/de58bca9-6be1-4cee-87da-e4f808037a2a/current/log_inprogress_0
2019-10-08 21:40:45,376 [6127908d-2d89-4418-b2d1-db9941b4b945@group-6372521898F1-LeaderElection72] INFO  impl.RoleInfo (RoleInfo.java:updateAndGet(143)) - 6127908d-2d89-4418-b2d1-db9941b4b945: start FollowerState
2019-10-08 21:40:45,380 [02b80970-fa1c-404f-b5fe-a1cf6fa01e71@group-6372521898F1-LeaderElection71] INFO  impl.RoleInfo (RoleInfo.java:shutdownLeaderElection(134)) - 02b80970-fa1c-404f-b5fe-a1cf6fa01e71: shutdown LeaderElection
2019-10-08 21:40:45,380 [02b80970-fa1c-404f-b5fe-a1cf6fa01e71@group-6372521898F1-LeaderElection71] INFO  impl.RaftServerImpl (RaftServerImpl.java:setRole(170)) - 02b80970-fa1c-404f-b5fe-a1cf6fa01e71@group-6372521898F1: changes role from CANDIDATE to LEADER at term 1 for changeToLeader
2019-10-08 21:40:45,380 [02b80970-fa1c-404f-b5fe-a1cf6fa01e71@group-6372521898F1-LeaderElection71] INFO  impl.RaftServerImpl (ServerState.java:setLeader(255)) - 02b80970-fa1c-404f-b5fe-a1cf6fa01e71@group-6372521898F1: change Leader from null to 02b80970-fa1c-404f-b5fe-a1cf6fa01e71 at term 1 for becomeLeader, leader elected after 5175ms
2019-10-08 21:40:45,381 [02b80970-fa1c-404f-b5fe-a1cf6fa01e71@group-6372521898F1-LeaderElection71] INFO  server.RaftServerConfigKeys (ConfUtils.java:logGet(43)) - raft.server.staging.catchup.gap = 1000 (default)
2019-10-08 21:40:45,381 [02b80970-fa1c-404f-b5fe-a1cf6fa01e71@group-6372521898F1-LeaderElection71] INFO  server.RaftServerConfigKeys (ConfUtils.java:logGet(43)) - raft.server.rpc.sleep.time = 25ms (default)
2019-10-08 21:40:45,381 [02b80970-fa1c-404f-b5fe-a1cf6fa01e71@group-6372521898F1-LeaderElection71] INFO  server.RaftServerConfigKeys (ConfUtils.java:logGet(43)) - raft.server.write.element-limit = 4096 (default)
2019-10-08 21:40:45,381 [02b80970-fa1c-404f-b5fe-a1cf6fa01e71@group-6372521898F1-LeaderElection71] INFO  server.RaftServerConfigKeys (ConfUtils.java:logGet(43)) - raft.server.watch.timeout = 10s (default)
2019-10-08 21:40:45,381 [02b80970-fa1c-404f-b5fe-a1cf6fa01e71@group-6372521898F1-LeaderElection71] INFO  server.RaftServerConfigKeys (ConfUtils.java:logGet(43)) - raft.server.watch.timeout.denomination = 1s (default)
2019-10-08 21:40:45,382 [02b80970-fa1c-404f-b5fe-a1cf6fa01e71@group-6372521898F1-LeaderElection71] INFO  server.RaftServerConfigKeys (ConfUtils.java:logGet(43)) - raft.server.watch.element-limit = 65536 (default)
2019-10-08 21:40:45,386 [02b80970-fa1c-404f-b5fe-a1cf6fa01e71@group-6372521898F1-LeaderElection71] INFO  server.RaftServerConfigKeys (ConfUtils.java:logGet(43)) - raft.server.log.appender.snapshot.chunk.size.max = 16MB (=16777216) (default)
2019-10-08 21:40:45,387 [02b80970-fa1c-404f-b5fe-a1cf6fa01e71@group-6372521898F1-LeaderElection71] INFO  server.RaftServerConfigKeys (ConfUtils.java:logGet(43)) - raft.server.log.appender.buffer.byte-limit = 33554432 (custom)
2019-10-08 21:40:45,387 [02b80970-fa1c-404f-b5fe-a1cf6fa01e71@group-6372521898F1-LeaderElection71] INFO  server.RaftServerConfigKeys (ConfUtils.java:logGet(43)) - raft.server.log.appender.buffer.element-limit = 1 (custom)
2019-10-08 21:40:45,387 [02b80970-fa1c-404f-b5fe-a1cf6fa01e71@group-6372521898F1-LeaderElection71] INFO  grpc.GrpcConfigKeys$Server (ConfUtils.java:logGet(43)) - raft.grpc.server.leader.outstanding.appends.max = 128 (default)
2019-10-08 21:40:45,387 [02b80970-fa1c-404f-b5fe-a1cf6fa01e71@group-6372521898F1-LeaderElection71] INFO  server.RaftServerConfigKeys (ConfUtils.java:logGet(43)) - raft.server.rpc.request.timeout = 3000ms (default)
2019-10-08 21:40:45,390 [2fadce2d-0f30-4c07-bb86-65c3390b8d84@group-C9DCADA4242F-LeaderElection74] INFO  impl.LeaderElection (LeaderElection.java:askForVotes(178)) - 2fadce2d-0f30-4c07-bb86-65c3390b8d84@group-C9DCADA4242F-LeaderElection74: begin an election at term 1 for -1: [2fadce2d-0f30-4c07-bb86-65c3390b8d84:192.168.151.107:39198], old=null
2019-10-08 21:40:45,390 [02b80970-fa1c-404f-b5fe-a1cf6fa01e71@group-6372521898F1-LeaderElection71] INFO  server.RaftServerConfigKeys (ConfUtils.java:logGet(43)) - raft.server.log.appender.install.snapshot.enabled = false (custom)
2019-10-08 21:40:45,390 [2fadce2d-0f30-4c07-bb86-65c3390b8d84@group-C9DCADA4242F-LeaderElection74] INFO  impl.RoleInfo (RoleInfo.java:shutdownLeaderElection(134)) - 2fadce2d-0f30-4c07-bb86-65c3390b8d84: shutdown LeaderElection
2019-10-08 21:40:45,391 [2fadce2d-0f30-4c07-bb86-65c3390b8d84@group-C9DCADA4242F-LeaderElection74] INFO  impl.RaftServerImpl (RaftServerImpl.java:setRole(170)) - 2fadce2d-0f30-4c07-bb86-65c3390b8d84@group-C9DCADA4242F: changes role from CANDIDATE to LEADER at term 1 for changeToLeader
2019-10-08 21:40:45,391 [02b80970-fa1c-404f-b5fe-a1cf6fa01e71@group-6372521898F1-LeaderElection71] INFO  server.RaftServerConfigKeys (ConfUtils.java:logGet(43)) - raft.server.log.appender.snapshot.chunk.size.max = 16MB (=16777216) (default)
2019-10-08 21:40:45,391 [2fadce2d-0f30-4c07-bb86-65c3390b8d84@group-C9DCADA4242F-LeaderElection74] INFO  impl.RaftServerImpl (ServerState.java:setLeader(255)) - 2fadce2d-0f30-4c07-bb86-65c3390b8d84@group-C9DCADA4242F: change Leader from null to 2fadce2d-0f30-4c07-bb86-65c3390b8d84 at term 1 for becomeLeader, leader elected after 5238ms
2019-10-08 21:40:45,391 [02b80970-fa1c-404f-b5fe-a1cf6fa01e71@group-6372521898F1-LeaderElection71] INFO  server.RaftServerConfigKeys (ConfUtils.java:logGet(43)) - raft.server.log.appender.buffer.byte-limit = 33554432 (custom)
2019-10-08 21:40:45,392 [2fadce2d-0f30-4c07-bb86-65c3390b8d84@group-C9DCADA4242F-LeaderElection74] INFO  server.RaftServerConfigKeys (ConfUtils.java:logGet(43)) - raft.server.staging.catchup.gap = 1000 (default)
2019-10-08 21:40:45,392 [02b80970-fa1c-404f-b5fe-a1cf6fa01e71@group-6372521898F1-LeaderElection71] INFO  server.RaftServerConfigKeys (ConfUtils.java:logGet(43)) - raft.server.log.appender.buffer.element-limit = 1 (custom)
2019-10-08 21:40:45,392 [2fadce2d-0f30-4c07-bb86-65c3390b8d84@group-C9DCADA4242F-LeaderElection74] INFO  server.RaftServerConfigKeys (ConfUtils.java:logGet(43)) - raft.server.rpc.sleep.time = 25ms (default)
2019-10-08 21:40:45,392 [02b80970-fa1c-404f-b5fe-a1cf6fa01e71@group-6372521898F1-LeaderElection71] INFO  grpc.GrpcConfigKeys$Server (ConfUtils.java:logGet(43)) - raft.grpc.server.leader.outstanding.appends.max = 128 (default)
2019-10-08 21:40:45,392 [2fadce2d-0f30-4c07-bb86-65c3390b8d84@group-C9DCADA4242F-LeaderElection74] INFO  server.RaftServerConfigKeys (ConfUtils.java:logGet(43)) - raft.server.write.element-limit = 4096 (default)
2019-10-08 21:40:45,392 [02b80970-fa1c-404f-b5fe-a1cf6fa01e71@group-6372521898F1-LeaderElection71] INFO  server.RaftServerConfigKeys (ConfUtils.java:logGet(43)) - raft.server.rpc.request.timeout = 3000ms (default)
2019-10-08 21:40:45,393 [2fadce2d-0f30-4c07-bb86-65c3390b8d84@group-C9DCADA4242F-LeaderElection74] INFO  server.RaftServerConfigKeys (ConfUtils.java:logGet(43)) - raft.server.watch.timeout = 10s (default)
2019-10-08 21:40:45,393 [02b80970-fa1c-404f-b5fe-a1cf6fa01e71@group-6372521898F1-LeaderElection71] INFO  server.RaftServerConfigKeys (ConfUtils.java:logGet(43)) - raft.server.log.appender.install.snapshot.enabled = false (custom)
2019-10-08 21:40:45,393 [2fadce2d-0f30-4c07-bb86-65c3390b8d84@group-C9DCADA4242F-LeaderElection74] INFO  server.RaftServerConfigKeys (ConfUtils.java:logGet(43)) - raft.server.watch.timeout.denomination = 1s (default)
2019-10-08 21:40:45,393 [02b80970-fa1c-404f-b5fe-a1cf6fa01e71@group-6372521898F1-LeaderElection71] INFO  impl.RoleInfo (RoleInfo.java:updateAndGet(143)) - 02b80970-fa1c-404f-b5fe-a1cf6fa01e71: start LeaderState
2019-10-08 21:40:45,393 [2fadce2d-0f30-4c07-bb86-65c3390b8d84@group-C9DCADA4242F-LeaderElection74] INFO  server.RaftServerConfigKeys (ConfUtils.java:logGet(43)) - raft.server.watch.element-limit = 65536 (default)
2019-10-08 21:40:45,394 [02b80970-fa1c-404f-b5fe-a1cf6fa01e71@group-6372521898F1-LeaderElection71] INFO  segmented.SegmentedRaftLogWorker (SegmentedRaftLogWorker.java:startLogSegment(385)) - 02b80970-fa1c-404f-b5fe-a1cf6fa01e71@group-6372521898F1-SegmentedRaftLogWorker: Starting segment from index:0
2019-10-08 21:40:45,398 [02b80970-fa1c-404f-b5fe-a1cf6fa01e71@group-6372521898F1-LeaderElection71] INFO  impl.RaftServerImpl (ServerState.java:setRaftConf(356)) - 02b80970-fa1c-404f-b5fe-a1cf6fa01e71@group-6372521898F1: set configuration 0: [6127908d-2d89-4418-b2d1-db9941b4b945:192.168.151.107:36582, 02b80970-fa1c-404f-b5fe-a1cf6fa01e71:192.168.151.107:40218, 943987cc-052a-4c66-b334-3413c0116694:192.168.151.107:44948], old=null at 0
2019-10-08 21:40:45,436 [grpc-default-executor-11] INFO  impl.RaftServerImpl (ServerState.java:setLeader(255)) - 6127908d-2d89-4418-b2d1-db9941b4b945@group-6372521898F1: change Leader from null to 02b80970-fa1c-404f-b5fe-a1cf6fa01e71 at term 1 for appendEntries, leader elected after 5230ms
2019-10-08 21:40:45,444 [2fadce2d-0f30-4c07-bb86-65c3390b8d84@group-C9DCADA4242F-LeaderElection74] INFO  impl.RoleInfo (RoleInfo.java:updateAndGet(143)) - 2fadce2d-0f30-4c07-bb86-65c3390b8d84: start LeaderState
2019-10-08 21:40:45,444 [2fadce2d-0f30-4c07-bb86-65c3390b8d84@group-C9DCADA4242F-LeaderElection74] INFO  segmented.SegmentedRaftLogWorker (SegmentedRaftLogWorker.java:startLogSegment(385)) - 2fadce2d-0f30-4c07-bb86-65c3390b8d84@group-C9DCADA4242F-SegmentedRaftLogWorker: Starting segment from index:0
2019-10-08 21:40:45,444 [grpc-default-executor-4] INFO  impl.RaftServerImpl (ServerState.java:setLeader(255)) - 943987cc-052a-4c66-b334-3413c0116694@group-6372521898F1: change Leader from null to 02b80970-fa1c-404f-b5fe-a1cf6fa01e71 at term 1 for appendEntries, leader elected after 5239ms
2019-10-08 21:40:45,445 [2fadce2d-0f30-4c07-bb86-65c3390b8d84@group-C9DCADA4242F-LeaderElection74] INFO  impl.RaftServerImpl (ServerState.java:setRaftConf(356)) - 2fadce2d-0f30-4c07-bb86-65c3390b8d84@group-C9DCADA4242F: set configuration 0: [2fadce2d-0f30-4c07-bb86-65c3390b8d84:192.168.151.107:39198], old=null at 0
2019-10-08 21:40:45,445 [grpc-default-executor-8] INFO  impl.RaftServerImpl (ServerState.java:setRaftConf(356)) - 6127908d-2d89-4418-b2d1-db9941b4b945@group-6372521898F1: set configuration 0: [6127908d-2d89-4418-b2d1-db9941b4b945:192.168.151.107:36582, 02b80970-fa1c-404f-b5fe-a1cf6fa01e71:192.168.151.107:40218, 943987cc-052a-4c66-b334-3413c0116694:192.168.151.107:44948], old=null at 0
2019-10-08 21:40:45,474 [02b80970-fa1c-404f-b5fe-a1cf6fa01e71@group-6372521898F1-SegmentedRaftLogWorker] INFO  segmented.SegmentedRaftLogWorker (SegmentedRaftLogWorker.java:execute(574)) - 02b80970-fa1c-404f-b5fe-a1cf6fa01e71@group-6372521898F1-SegmentedRaftLogWorker: created new log segment /workdir/hadoop-ozone/integration-test/target/test-dir/MiniOzoneClusterImpl-7fb7994d-4bc0-4253-a887-0c3ab883c7d2/datanode-4/data/ratis/1c16f05f-bbe0-401b-a355-6372521898f1/current/log_inprogress_0
2019-10-08 21:40:45,475 [grpc-default-executor-8] INFO  segmented.SegmentedRaftLogWorker (SegmentedRaftLogWorker.java:startLogSegment(385)) - 6127908d-2d89-4418-b2d1-db9941b4b945@group-6372521898F1-SegmentedRaftLogWorker: Starting segment from index:0
2019-10-08 21:40:45,481 [grpc-default-executor-4] INFO  impl.RaftServerImpl (ServerState.java:setRaftConf(356)) - 943987cc-052a-4c66-b334-3413c0116694@group-6372521898F1: set configuration 0: [6127908d-2d89-4418-b2d1-db9941b4b945:192.168.151.107:36582, 02b80970-fa1c-404f-b5fe-a1cf6fa01e71:192.168.151.107:40218, 943987cc-052a-4c66-b334-3413c0116694:192.168.151.107:44948], old=null at 0
2019-10-08 21:40:45,481 [grpc-default-executor-4] INFO  segmented.SegmentedRaftLogWorker (SegmentedRaftLogWorker.java:startLogSegment(385)) - 943987cc-052a-4c66-b334-3413c0116694@group-6372521898F1-SegmentedRaftLogWorker: Starting segment from index:0
2019-10-08 21:40:45,487 [2fadce2d-0f30-4c07-bb86-65c3390b8d84@group-C9DCADA4242F-SegmentedRaftLogWorker] INFO  segmented.SegmentedRaftLogWorker (SegmentedRaftLogWorker.java:execute(574)) - 2fadce2d-0f30-4c07-bb86-65c3390b8d84@group-C9DCADA4242F-SegmentedRaftLogWorker: created new log segment /workdir/hadoop-ozone/integration-test/target/test-dir/MiniOzoneClusterImpl-7fb7994d-4bc0-4253-a887-0c3ab883c7d2/datanode-6/data/ratis/c6ad7bfc-60eb-461c-be4c-c9dcada4242f/current/log_inprogress_0
2019-10-08 21:40:45,517 [943987cc-052a-4c66-b334-3413c0116694@group-6372521898F1-SegmentedRaftLogWorker] INFO  segmented.SegmentedRaftLogWorker (SegmentedRaftLogWorker.java:execute(574)) - 943987cc-052a-4c66-b334-3413c0116694@group-6372521898F1-SegmentedRaftLogWorker: created new log segment /workdir/hadoop-ozone/integration-test/target/test-dir/MiniOzoneClusterImpl-7fb7994d-4bc0-4253-a887-0c3ab883c7d2/datanode-3/data/ratis/1c16f05f-bbe0-401b-a355-6372521898f1/current/log_inprogress_0
2019-10-08 21:40:45,571 [6127908d-2d89-4418-b2d1-db9941b4b945@group-6372521898F1-SegmentedRaftLogWorker] INFO  segmented.SegmentedRaftLogWorker (SegmentedRaftLogWorker.java:execute(574)) - 6127908d-2d89-4418-b2d1-db9941b4b945@group-6372521898F1-SegmentedRaftLogWorker: created new log segment /workdir/hadoop-ozone/integration-test/target/test-dir/MiniOzoneClusterImpl-7fb7994d-4bc0-4253-a887-0c3ab883c7d2/datanode-5/data/ratis/1c16f05f-bbe0-401b-a355-6372521898f1/current/log_inprogress_0
2019-10-08 21:40:46,361 [Datanode State Machine Thread - 0] INFO  statemachine.DatanodeStateMachine (DatanodeStateMachine.java:lambda$startDaemon$0(350)) - Ozone container server started.
2019-10-08 21:40:50,441 [EventQueue-StaleNodeForStaleNodeHandler] INFO  node.StaleNodeHandler (StaleNodeHandler.java:onMessage(58)) - Datanode 5e869320-ccac-4aeb-8df2-e4f668b3d0f4{ip: 192.168.151.107, host: pr-hdds-2217-2kdk4-3258704453, networkLocation: /default-rack, certSerialId: null} moved to stale state. Finalizing its pipelines [PipelineID=9d3c4d7b-11ca-44da-8752-de8e30053bf5, PipelineID=abbe4d11-1c07-4bcf-a5cb-4ec4e3941097]
2019-10-08 21:40:50,442 [EventQueue-StaleNodeForStaleNodeHandler] INFO  pipeline.SCMPipelineManager (SCMPipelineManager.java:finalizeAndDestroyPipeline(315)) - destroying pipeline:Pipeline[ Id: 9d3c4d7b-11ca-44da-8752-de8e30053bf5, Nodes: 5e869320-ccac-4aeb-8df2-e4f668b3d0f4{ip: 192.168.151.107, host: pr-hdds-2217-2kdk4-3258704453, networkLocation: /default-rack, certSerialId: null}, Type:RATIS, Factor:ONE, State:OPEN]
2019-10-08 21:40:50,443 [EventQueue-StaleNodeForStaleNodeHandler] INFO  pipeline.PipelineStateManager (PipelineStateManager.java:finalizePipeline(123)) - Pipeline Pipeline[ Id: 9d3c4d7b-11ca-44da-8752-de8e30053bf5, Nodes: 5e869320-ccac-4aeb-8df2-e4f668b3d0f4{ip: 192.168.151.107, host: pr-hdds-2217-2kdk4-3258704453, networkLocation: /default-rack, certSerialId: null}, Type:RATIS, Factor:ONE, State:CLOSED] moved to CLOSED state
2019-10-08 21:40:50,443 [EventQueue-StaleNodeForStaleNodeHandler] INFO  pipeline.SCMPipelineManager (SCMPipelineManager.java:finalizeAndDestroyPipeline(315)) - destroying pipeline:Pipeline[ Id: abbe4d11-1c07-4bcf-a5cb-4ec4e3941097, Nodes: 5e869320-ccac-4aeb-8df2-e4f668b3d0f4{ip: 192.168.151.107, host: pr-hdds-2217-2kdk4-3258704453, networkLocation: /default-rack, certSerialId: null}f3a9150c-a922-470c-8d35-94a0c83d506b{ip: 192.168.151.107, host: pr-hdds-2217-2kdk4-3258704453, networkLocation: /default-rack, certSerialId: null}8c43b318-eee5-46fe-878c-785d6b15b75a{ip: 192.168.151.107, host: pr-hdds-2217-2kdk4-3258704453, networkLocation: /default-rack, certSerialId: null}, Type:RATIS, Factor:THREE, State:OPEN]
2019-10-08 21:40:50,443 [EventQueue-StaleNodeForStaleNodeHandler] INFO  pipeline.PipelineStateManager (PipelineStateManager.java:finalizePipeline(123)) - Pipeline Pipeline[ Id: abbe4d11-1c07-4bcf-a5cb-4ec4e3941097, Nodes: 5e869320-ccac-4aeb-8df2-e4f668b3d0f4{ip: 192.168.151.107, host: pr-hdds-2217-2kdk4-3258704453, networkLocation: /default-rack, certSerialId: null}f3a9150c-a922-470c-8d35-94a0c83d506b{ip: 192.168.151.107, host: pr-hdds-2217-2kdk4-3258704453, networkLocation: /default-rack, certSerialId: null}8c43b318-eee5-46fe-878c-785d6b15b75a{ip: 192.168.151.107, host: pr-hdds-2217-2kdk4-3258704453, networkLocation: /default-rack, certSerialId: null}, Type:RATIS, Factor:THREE, State:CLOSED] moved to CLOSED state
2019-10-08 21:40:50,443 [EventQueue-CloseContainerForCloseContainerEventHandler] INFO  container.CloseContainerEventHandler (CloseContainerEventHandler.java:onMessage(61)) - Close container Event triggered for container : #1
2019-10-08 21:40:50,705 [main] INFO  ozoneimpl.OzoneContainer (OzoneContainer.java:stop(227)) - Attempting to stop container services.
2019-10-08 21:40:50,709 [main] INFO  impl.RaftServerProxy (RaftServerProxy.java:lambda$close$4(314)) - 5e869320-ccac-4aeb-8df2-e4f668b3d0f4: close
2019-10-08 21:40:50,709 [main] INFO  impl.RaftServerImpl (RaftServerImpl.java:lambda$shutdown$3(247)) - 5e869320-ccac-4aeb-8df2-e4f668b3d0f4@group-DE8E30053BF5: shutdown
2019-10-08 21:40:50,710 [main] INFO  util.JmxRegister (JmxRegister.java:unregister(73)) - Successfully un-registered JMX Bean with object name Ratis:service=RaftServer,group=group-DE8E30053BF5,id=5e869320-ccac-4aeb-8df2-e4f668b3d0f4
2019-10-08 21:40:50,710 [main] INFO  impl.RoleInfo (RoleInfo.java:shutdownLeaderState(104)) - 5e869320-ccac-4aeb-8df2-e4f668b3d0f4: shutdown LeaderState
2019-10-08 21:40:50,710 [main] INFO  impl.PendingRequests (PendingRequests.java:sendNotLeaderResponses(202)) - 5e869320-ccac-4aeb-8df2-e4f668b3d0f4@group-DE8E30053BF5-PendingRequests: sendNotLeaderResponses
2019-10-08 21:40:50,710 [main] INFO  impl.StateMachineUpdater (StateMachineUpdater.java:stopAndJoin(136)) - 5e869320-ccac-4aeb-8df2-e4f668b3d0f4@group-DE8E30053BF5-StateMachineUpdater: set stopIndex = 0
2019-10-08 21:40:50,711 [main] INFO  impl.RaftServerImpl (ServerState.java:close(387)) - 5e869320-ccac-4aeb-8df2-e4f668b3d0f4@group-DE8E30053BF5: closes. applyIndex: 0
2019-10-08 21:40:50,711 [5e869320-ccac-4aeb-8df2-e4f668b3d0f4@group-DE8E30053BF5-SegmentedRaftLogWorker] INFO  segmented.SegmentedRaftLogWorker (SegmentedRaftLogWorker.java:run(316)) - 5e869320-ccac-4aeb-8df2-e4f668b3d0f4@group-DE8E30053BF5-SegmentedRaftLogWorker was interrupted, exiting. There are 0 tasks remaining in the queue.
2019-10-08 21:40:50,714 [main] INFO  segmented.SegmentedRaftLogWorker (SegmentedRaftLogWorker.java:close(224)) - 5e869320-ccac-4aeb-8df2-e4f668b3d0f4@group-DE8E30053BF5-SegmentedRaftLogWorker close()
2019-10-08 21:40:50,717 [main] INFO  impl.RaftServerImpl (RaftServerImpl.java:lambda$shutdown$3(247)) - 5e869320-ccac-4aeb-8df2-e4f668b3d0f4@group-4EC4E3941097: shutdown
2019-10-08 21:40:50,717 [main] INFO  util.JmxRegister (JmxRegister.java:unregister(73)) - Successfully un-registered JMX Bean with object name Ratis:service=RaftServer,group=group-4EC4E3941097,id=5e869320-ccac-4aeb-8df2-e4f668b3d0f4
2019-10-08 21:40:50,717 [main] INFO  impl.RoleInfo (RoleInfo.java:shutdownLeaderState(104)) - 5e869320-ccac-4aeb-8df2-e4f668b3d0f4: shutdown LeaderState
2019-10-08 21:40:50,721 [main] INFO  impl.PendingRequests (PendingRequests.java:sendNotLeaderResponses(202)) - 5e869320-ccac-4aeb-8df2-e4f668b3d0f4@group-4EC4E3941097-PendingRequests: sendNotLeaderResponses
2019-10-08 21:40:50,721 [org.apache.ratis.server.impl.LogAppender$AppenderDaemon$$Lambda$533/22912421@1bfb34c9] WARN  server.GrpcLogAppender (GrpcLogAppender.java:mayWait(143)) - 5e869320-ccac-4aeb-8df2-e4f668b3d0f4@group-4EC4E3941097->f3a9150c-a922-470c-8d35-94a0c83d506b-GrpcLogAppender: Wait interrupted by java.lang.InterruptedException
2019-10-08 21:40:50,721 [org.apache.ratis.server.impl.LogAppender$AppenderDaemon$$Lambda$533/22912421@41f02c7e] WARN  server.GrpcLogAppender (GrpcLogAppender.java:mayWait(143)) - 5e869320-ccac-4aeb-8df2-e4f668b3d0f4@group-4EC4E3941097->8c43b318-eee5-46fe-878c-785d6b15b75a-GrpcLogAppender: Wait interrupted by java.lang.InterruptedException
2019-10-08 21:40:50,724 [main] INFO  impl.StateMachineUpdater (StateMachineUpdater.java:stopAndJoin(136)) - 5e869320-ccac-4aeb-8df2-e4f668b3d0f4@group-4EC4E3941097-StateMachineUpdater: set stopIndex = 16
2019-10-08 21:40:50,724 [5e869320-ccac-4aeb-8df2-e4f668b3d0f4@group-4EC4E3941097-StateMachineUpdater] INFO  ratis.ContainerStateMachine (ContainerStateMachine.java:takeSnapshot(294)) - group-4EC4E3941097: Taking a snapshot at:(t:1, i:14) file /workdir/hadoop-ozone/integration-test/target/test-dir/MiniOzoneClusterImpl-7fb7994d-4bc0-4253-a887-0c3ab883c7d2/datanode-1/data/ratis/abbe4d11-1c07-4bcf-a5cb-4ec4e3941097/sm/snapshot.1_14
2019-10-08 21:40:50,724 [grpc-default-executor-4] INFO  server.GrpcServerProtocolService (GrpcServerProtocolService.java:onCompleted(113)) - 8c43b318-eee5-46fe-878c-785d6b15b75a: Completed APPEND_ENTRIES, lastRequest: 5e869320-ccac-4aeb-8df2-e4f668b3d0f4->8c43b318-eee5-46fe-878c-785d6b15b75a#19-t1, previous=(t:1, i:16), leaderCommit=16, initializing? false, entries: <empty>
2019-10-08 21:40:50,725 [grpc-default-executor-8] INFO  server.GrpcServerProtocolService (GrpcServerProtocolService.java:onCompleted(113)) - f3a9150c-a922-470c-8d35-94a0c83d506b: Completed APPEND_ENTRIES, lastRequest: 5e869320-ccac-4aeb-8df2-e4f668b3d0f4->f3a9150c-a922-470c-8d35-94a0c83d506b#19-t1, previous=(t:1, i:16), leaderCommit=16, initializing? false, entries: <empty>
2019-10-08 21:40:50,725 [grpc-default-executor-8] INFO  server.GrpcLogAppender (GrpcLogAppender.java:onCompleted(293)) - 5e869320-ccac-4aeb-8df2-e4f668b3d0f4@group-4EC4E3941097->f3a9150c-a922-470c-8d35-94a0c83d506b-AppendLogResponseHandler: follower responses appendEntries COMPLETED
2019-10-08 21:40:50,726 [grpc-default-executor-4] INFO  server.GrpcLogAppender (GrpcLogAppender.java:onCompleted(293)) - 5e869320-ccac-4aeb-8df2-e4f668b3d0f4@group-4EC4E3941097->8c43b318-eee5-46fe-878c-785d6b15b75a-AppendLogResponseHandler: follower responses appendEntries COMPLETED
2019-10-08 21:40:50,726 [grpc-default-executor-8] INFO  impl.FollowerInfo (FollowerInfo.java:lambda$new$0(51)) - 5e869320-ccac-4aeb-8df2-e4f668b3d0f4@group-4EC4E3941097->f3a9150c-a922-470c-8d35-94a0c83d506b: nextIndex: updateUnconditionally 17 -> 16
2019-10-08 21:40:50,726 [grpc-default-executor-4] INFO  impl.FollowerInfo (FollowerInfo.java:lambda$new$0(51)) - 5e869320-ccac-4aeb-8df2-e4f668b3d0f4@group-4EC4E3941097->8c43b318-eee5-46fe-878c-785d6b15b75a: nextIndex: updateUnconditionally 17 -> 16
2019-10-08 21:40:50,738 [5e869320-ccac-4aeb-8df2-e4f668b3d0f4@group-4EC4E3941097-StateMachineUpdater] INFO  ratis.ContainerStateMachine (ContainerStateMachine.java:takeSnapshot(305)) - group-4EC4E3941097: Finished taking a snapshot at:(t:1, i:14) file:/workdir/hadoop-ozone/integration-test/target/test-dir/MiniOzoneClusterImpl-7fb7994d-4bc0-4253-a887-0c3ab883c7d2/datanode-1/data/ratis/abbe4d11-1c07-4bcf-a5cb-4ec4e3941097/sm/snapshot.1_14 time:14
2019-10-08 21:40:50,739 [5e869320-ccac-4aeb-8df2-e4f668b3d0f4@group-4EC4E3941097-StateMachineUpdater] INFO  impl.StateMachineUpdater (StateMachineUpdater.java:takeSnapshot(269)) - 5e869320-ccac-4aeb-8df2-e4f668b3d0f4@group-4EC4E3941097-StateMachineUpdater: Took a snapshot at index 14
2019-10-08 21:40:50,739 [5e869320-ccac-4aeb-8df2-e4f668b3d0f4@group-4EC4E3941097-StateMachineUpdater] INFO  impl.StateMachineUpdater (StateMachineUpdater.java:lambda$new$0(84)) - 5e869320-ccac-4aeb-8df2-e4f668b3d0f4@group-4EC4E3941097-StateMachineUpdater: snapshotIndex: updateIncreasingly -1 -> 14
2019-10-08 21:40:50,739 [5e869320-ccac-4aeb-8df2-e4f668b3d0f4@group-4EC4E3941097-StateMachineUpdater] INFO  ratis.ContainerStateMachine (ContainerStateMachine.java:takeSnapshot(294)) - group-4EC4E3941097: Taking a snapshot at:(t:1, i:14) file /workdir/hadoop-ozone/integration-test/target/test-dir/MiniOzoneClusterImpl-7fb7994d-4bc0-4253-a887-0c3ab883c7d2/datanode-1/data/ratis/abbe4d11-1c07-4bcf-a5cb-4ec4e3941097/sm/snapshot.1_14
2019-10-08 21:40:50,751 [5e869320-ccac-4aeb-8df2-e4f668b3d0f4@group-4EC4E3941097-StateMachineUpdater] INFO  ratis.ContainerStateMachine (ContainerStateMachine.java:takeSnapshot(305)) - group-4EC4E3941097: Finished taking a snapshot at:(t:1, i:14) file:/workdir/hadoop-ozone/integration-test/target/test-dir/MiniOzoneClusterImpl-7fb7994d-4bc0-4253-a887-0c3ab883c7d2/datanode-1/data/ratis/abbe4d11-1c07-4bcf-a5cb-4ec4e3941097/sm/snapshot.1_14 time:12
2019-10-08 21:40:50,751 [5e869320-ccac-4aeb-8df2-e4f668b3d0f4@group-4EC4E3941097-StateMachineUpdater] INFO  impl.StateMachineUpdater (StateMachineUpdater.java:takeSnapshot(269)) - 5e869320-ccac-4aeb-8df2-e4f668b3d0f4@group-4EC4E3941097-StateMachineUpdater: Took a snapshot at index 14
2019-10-08 21:40:50,751 [5e869320-ccac-4aeb-8df2-e4f668b3d0f4@group-4EC4E3941097-StateMachineUpdater] INFO  impl.StateMachineUpdater (StateMachineUpdater.java:lambda$new$0(84)) - 5e869320-ccac-4aeb-8df2-e4f668b3d0f4@group-4EC4E3941097-StateMachineUpdater: snapshotIndex: updateIncreasingly 14 -> 14
2019-10-08 21:40:50,752 [main] INFO  impl.RaftServerImpl (ServerState.java:close(387)) - 5e869320-ccac-4aeb-8df2-e4f668b3d0f4@group-4EC4E3941097: closes. applyIndex: 16
2019-10-08 21:40:50,752 [5e869320-ccac-4aeb-8df2-e4f668b3d0f4@group-4EC4E3941097-SegmentedRaftLogWorker] INFO  segmented.SegmentedRaftLogWorker (SegmentedRaftLogWorker.java:run(316)) - 5e869320-ccac-4aeb-8df2-e4f668b3d0f4@group-4EC4E3941097-SegmentedRaftLogWorker was interrupted, exiting. There are 0 tasks remaining in the queue.
2019-10-08 21:40:50,754 [main] INFO  segmented.SegmentedRaftLogWorker (SegmentedRaftLogWorker.java:close(224)) - 5e869320-ccac-4aeb-8df2-e4f668b3d0f4@group-4EC4E3941097-SegmentedRaftLogWorker close()
2019-10-08 21:40:50,757 [main] INFO  server.GrpcService (GrpcService.java:closeImpl(164)) - 5e869320-ccac-4aeb-8df2-e4f668b3d0f4: shutdown server with port 33051 now
2019-10-08 21:40:50,758 [grpc-default-executor-8] WARN  client.GrpcClientProtocolService (LogUtils.java:warn(134)) - 2-UnorderedRequestStreamObserver2: onError: org.apache.ratis.thirdparty.io.grpc.StatusRuntimeException: CANCELLED: cancelled before receiving half close
2019-10-08 21:40:50,758 [main] INFO  server.GrpcService (GrpcService.java:closeImpl(172)) - 5e869320-ccac-4aeb-8df2-e4f668b3d0f4: shutdown server with port 33051 successfully
2019-10-08 21:40:50,760 [refreshUsed-/workdir/hadoop-ozone/integration-test/target/test-dir/MiniOzoneClusterImpl-7fb7994d-4bc0-4253-a887-0c3ab883c7d2/datanode-1/data/containers] WARN  fs.CachingGetSpaceUsed (CachingGetSpaceUsed.java:run(183)) - Thread Interrupted waiting to refresh disk information: sleep interrupted
2019-10-08 21:40:50,773 [main] INFO  utils.BackgroundService (BackgroundService.java:shutdown(148)) - Shutting down service BlockDeletingService
2019-10-08 21:40:50,778 [main] INFO  statemachine.DatanodeStateMachine (DatanodeStateMachine.java:stopDaemon(395)) - Ozone container server stopped.
2019-10-08 21:40:50,779 [main] INFO  handler.ContextHandler (ContextHandler.java:doStop(910)) - Stopped o.e.j.w.WebAppContext@115c946b{/,null,UNAVAILABLE}{/hddsDatanode}
2019-10-08 21:40:50,780 [main] INFO  server.AbstractConnector (AbstractConnector.java:doStop(318)) - Stopped ServerConnector@79ca7bea{HTTP/1.1,[http/1.1]}{0.0.0.0:0}
2019-10-08 21:40:50,780 [main] INFO  handler.ContextHandler (ContextHandler.java:doStop(910)) - Stopped o.e.j.s.ServletContextHandler@629075f4{/static,jar:file:/home/user/.m2/repository/org/apache/hadoop/hadoop-hdds-container-service/0.5.0-SNAPSHOT/hadoop-hdds-container-service-0.5.0-SNAPSHOT.jar!/webapps/static,UNAVAILABLE}
2019-10-08 21:40:50,781 [main] INFO  handler.ContextHandler (ContextHandler.java:doStop(910)) - Stopped o.e.j.s.ServletContextHandler@1c84d80a{/logs,file:///workdir/hadoop-ozone/integration-test/target/log,UNAVAILABLE}
2019-10-08 21:41:00,363 [Thread-3120] INFO  impl.FollowerState (FollowerState.java:run(108)) - 8c43b318-eee5-46fe-878c-785d6b15b75a@group-4EC4E3941097-FollowerState: change to CANDIDATE, lastRpcTime:9653ms, electionTimeout:5106ms
2019-10-08 21:41:00,364 [Thread-3120] INFO  impl.RoleInfo (RoleInfo.java:shutdownFollowerState(121)) - 8c43b318-eee5-46fe-878c-785d6b15b75a: shutdown FollowerState
2019-10-08 21:41:00,364 [Thread-3120] INFO  impl.RaftServerImpl (RaftServerImpl.java:setRole(170)) - 8c43b318-eee5-46fe-878c-785d6b15b75a@group-4EC4E3941097: changes role from  FOLLOWER to CANDIDATE at term 1 for changeToCandidate
2019-10-08 21:41:00,364 [Thread-3120] INFO  impl.RoleInfo (RoleInfo.java:updateAndGet(143)) - 8c43b318-eee5-46fe-878c-785d6b15b75a: start LeaderElection
2019-10-08 21:41:00,371 [8c43b318-eee5-46fe-878c-785d6b15b75a@group-4EC4E3941097-LeaderElection75] INFO  impl.RaftServerImpl (ServerState.java:setLeader(255)) - 8c43b318-eee5-46fe-878c-785d6b15b75a@group-4EC4E3941097: change Leader from 5e869320-ccac-4aeb-8df2-e4f668b3d0f4 to null at term 1 for initElection
2019-10-08 21:41:00,385 [8c43b318-eee5-46fe-878c-785d6b15b75a@group-4EC4E3941097-LeaderElection75] INFO  impl.LeaderElection (LeaderElection.java:askForVotes(178)) - 8c43b318-eee5-46fe-878c-785d6b15b75a@group-4EC4E3941097-LeaderElection75: begin an election at term 2 for 0: [f3a9150c-a922-470c-8d35-94a0c83d506b:192.168.151.107:43452, 8c43b318-eee5-46fe-878c-785d6b15b75a:192.168.151.107:35559, 5e869320-ccac-4aeb-8df2-e4f668b3d0f4:192.168.151.107:33051], old=null
2019-10-08 21:41:00,388 [8c43b318-eee5-46fe-878c-785d6b15b75a@group-4EC4E3941097-LeaderElection75] INFO  impl.LeaderElection (LogUtils.java:infoOrTrace(149)) - 8c43b318-eee5-46fe-878c-785d6b15b75a@group-4EC4E3941097-LeaderElection75 got exception when requesting votes: {}
java.util.concurrent.ExecutionException: org.apache.ratis.thirdparty.io.grpc.StatusRuntimeException: UNAVAILABLE: io exception
	at java.util.concurrent.FutureTask.report(FutureTask.java:122)
	at java.util.concurrent.FutureTask.get(FutureTask.java:192)
	at org.apache.ratis.server.impl.LeaderElection.waitForResults(LeaderElection.java:259)
	at org.apache.ratis.server.impl.LeaderElection.askForVotes(LeaderElection.java:197)
	at org.apache.ratis.server.impl.LeaderElection.run(LeaderElection.java:133)
	at java.lang.Thread.run(Thread.java:748)
Caused by: org.apache.ratis.thirdparty.io.grpc.StatusRuntimeException: UNAVAILABLE: io exception
	at org.apache.ratis.thirdparty.io.grpc.stub.ClientCalls.toStatusRuntimeException(ClientCalls.java:233)
	at org.apache.ratis.thirdparty.io.grpc.stub.ClientCalls.getUnchecked(ClientCalls.java:214)
	at org.apache.ratis.thirdparty.io.grpc.stub.ClientCalls.blockingUnaryCall(ClientCalls.java:139)
	at org.apache.ratis.proto.grpc.RaftServerProtocolServiceGrpc$RaftServerProtocolServiceBlockingStub.requestVote(RaftServerProtocolServiceGrpc.java:265)
	at org.apache.ratis.grpc.server.GrpcServerProtocolClient.requestVote(GrpcServerProtocolClient.java:99)
	at org.apache.ratis.grpc.server.GrpcService.requestVote(GrpcService.java:204)
	at org.apache.ratis.server.impl.LeaderElection.lambda$submitRequests$1(LeaderElection.java:234)
	at java.util.concurrent.FutureTask.run(FutureTask.java:266)
	at java.util.concurrent.Executors$RunnableAdapter.call(Executors.java:511)
	at java.util.concurrent.FutureTask.run(FutureTask.java:266)
	at java.util.concurrent.ThreadPoolExecutor.runWorker(ThreadPoolExecutor.java:1149)
	at java.util.concurrent.ThreadPoolExecutor$Worker.run(ThreadPoolExecutor.java:624)
	... 1 more
Caused by: org.apache.ratis.thirdparty.io.netty.channel.AbstractChannel$AnnotatedConnectException: Connection refused: /192.168.151.107:33051
	at sun.nio.ch.SocketChannelImpl.checkConnect(Native Method)
	at sun.nio.ch.SocketChannelImpl.finishConnect(SocketChannelImpl.java:717)
	at org.apache.ratis.thirdparty.io.netty.channel.socket.nio.NioSocketChannel.doFinishConnect(NioSocketChannel.java:327)
	at org.apache.ratis.thirdparty.io.netty.channel.nio.AbstractNioChannel$AbstractNioUnsafe.finishConnect(AbstractNioChannel.java:340)
	at org.apache.ratis.thirdparty.io.netty.channel.nio.NioEventLoop.processSelectedKey(NioEventLoop.java:632)
	at org.apache.ratis.thirdparty.io.netty.channel.nio.NioEventLoop.processSelectedKeysOptimized(NioEventLoop.java:579)
	at org.apache.ratis.thirdparty.io.netty.channel.nio.NioEventLoop.processSelectedKeys(NioEventLoop.java:496)
	at org.apache.ratis.thirdparty.io.netty.channel.nio.NioEventLoop.run(NioEventLoop.java:458)
	at org.apache.ratis.thirdparty.io.netty.util.concurrent.SingleThreadEventExecutor$5.run(SingleThreadEventExecutor.java:897)
	at org.apache.ratis.thirdparty.io.netty.util.concurrent.FastThreadLocalRunnable.run(FastThreadLocalRunnable.java:30)
	... 1 more
Caused by: java.net.ConnectException: Connection refused
	... 11 more
2019-10-08 21:41:00,393 [grpc-default-executor-9] INFO  impl.RaftServerImpl (ServerState.java:setLeader(255)) - f3a9150c-a922-470c-8d35-94a0c83d506b@group-4EC4E3941097: change Leader from 5e869320-ccac-4aeb-8df2-e4f668b3d0f4 to null at term 2 for updateCurrentTerm
2019-10-08 21:41:00,393 [grpc-default-executor-9] INFO  impl.RaftServerImpl (RaftServerImpl.java:setRole(170)) - f3a9150c-a922-470c-8d35-94a0c83d506b@group-4EC4E3941097: changes role from  FOLLOWER to FOLLOWER at term 2 for recognizeCandidate:8c43b318-eee5-46fe-878c-785d6b15b75a
2019-10-08 21:41:00,394 [grpc-default-executor-9] INFO  impl.RoleInfo (RoleInfo.java:shutdownFollowerState(121)) - f3a9150c-a922-470c-8d35-94a0c83d506b: shutdown FollowerState
2019-10-08 21:41:00,394 [grpc-default-executor-9] INFO  impl.RoleInfo (RoleInfo.java:updateAndGet(143)) - f3a9150c-a922-470c-8d35-94a0c83d506b: start FollowerState
2019-10-08 21:41:00,394 [Thread-3119] INFO  impl.FollowerState (FollowerState.java:run(117)) - f3a9150c-a922-470c-8d35-94a0c83d506b@group-4EC4E3941097-FollowerState was interrupted: java.lang.InterruptedException: sleep interrupted
2019-10-08 21:41:00,416 [8c43b318-eee5-46fe-878c-785d6b15b75a@group-4EC4E3941097-LeaderElection75] INFO  impl.LeaderElection (LeaderElection.java:logAndReturn(56)) - 8c43b318-eee5-46fe-878c-785d6b15b75a@group-4EC4E3941097-LeaderElection75: Election PASSED; received 1 response(s) [8c43b318-eee5-46fe-878c-785d6b15b75a<-f3a9150c-a922-470c-8d35-94a0c83d506b#0:OK-t2] and 1 exception(s); 8c43b318-eee5-46fe-878c-785d6b15b75a@group-4EC4E3941097:t2, leader=null, voted=8c43b318-eee5-46fe-878c-785d6b15b75a, raftlog=8c43b318-eee5-46fe-878c-785d6b15b75a@group-4EC4E3941097-SegmentedRaftLog:OPENED:c16,f16,i16, conf=0: [f3a9150c-a922-470c-8d35-94a0c83d506b:192.168.151.107:43452, 8c43b318-eee5-46fe-878c-785d6b15b75a:192.168.151.107:35559, 5e869320-ccac-4aeb-8df2-e4f668b3d0f4:192.168.151.107:33051], old=null
2019-10-08 21:41:00,416 [8c43b318-eee5-46fe-878c-785d6b15b75a@group-4EC4E3941097-LeaderElection75] INFO  impl.LeaderElection (LogUtils.java:infoOrTrace(149)) -   Exception 0: {}
java.util.concurrent.ExecutionException: org.apache.ratis.thirdparty.io.grpc.StatusRuntimeException: UNAVAILABLE: io exception
	at java.util.concurrent.FutureTask.report(FutureTask.java:122)
	at java.util.concurrent.FutureTask.get(FutureTask.java:192)
	at org.apache.ratis.server.impl.LeaderElection.waitForResults(LeaderElection.java:259)
	at org.apache.ratis.server.impl.LeaderElection.askForVotes(LeaderElection.java:197)
	at org.apache.ratis.server.impl.LeaderElection.run(LeaderElection.java:133)
	at java.lang.Thread.run(Thread.java:748)
Caused by: org.apache.ratis.thirdparty.io.grpc.StatusRuntimeException: UNAVAILABLE: io exception
	at org.apache.ratis.thirdparty.io.grpc.stub.ClientCalls.toStatusRuntimeException(ClientCalls.java:233)
	at org.apache.ratis.thirdparty.io.grpc.stub.ClientCalls.getUnchecked(ClientCalls.java:214)
	at org.apache.ratis.thirdparty.io.grpc.stub.ClientCalls.blockingUnaryCall(ClientCalls.java:139)
	at org.apache.ratis.proto.grpc.RaftServerProtocolServiceGrpc$RaftServerProtocolServiceBlockingStub.requestVote(RaftServerProtocolServiceGrpc.java:265)
	at org.apache.ratis.grpc.server.GrpcServerProtocolClient.requestVote(GrpcServerProtocolClient.java:99)
	at org.apache.ratis.grpc.server.GrpcService.requestVote(GrpcService.java:204)
	at org.apache.ratis.server.impl.LeaderElection.lambda$submitRequests$1(LeaderElection.java:234)
	at java.util.concurrent.FutureTask.run(FutureTask.java:266)
	at java.util.concurrent.Executors$RunnableAdapter.call(Executors.java:511)
	at java.util.concurrent.FutureTask.run(FutureTask.java:266)
	at java.util.concurrent.ThreadPoolExecutor.runWorker(ThreadPoolExecutor.java:1149)
	at java.util.concurrent.ThreadPoolExecutor$Worker.run(ThreadPoolExecutor.java:624)
	... 1 more
Caused by: org.apache.ratis.thirdparty.io.netty.channel.AbstractChannel$AnnotatedConnectException: Connection refused: /192.168.151.107:33051
	at sun.nio.ch.SocketChannelImpl.checkConnect(Native Method)
	at sun.nio.ch.SocketChannelImpl.finishConnect(SocketChannelImpl.java:717)
	at org.apache.ratis.thirdparty.io.netty.channel.socket.nio.NioSocketChannel.doFinishConnect(NioSocketChannel.java:327)
	at org.apache.ratis.thirdparty.io.netty.channel.nio.AbstractNioChannel$AbstractNioUnsafe.finishConnect(AbstractNioChannel.java:340)
	at org.apache.ratis.thirdparty.io.netty.channel.nio.NioEventLoop.processSelectedKey(NioEventLoop.java:632)
	at org.apache.ratis.thirdparty.io.netty.channel.nio.NioEventLoop.processSelectedKeysOptimized(NioEventLoop.java:579)
	at org.apache.ratis.thirdparty.io.netty.channel.nio.NioEventLoop.processSelectedKeys(NioEventLoop.java:496)
	at org.apache.ratis.thirdparty.io.netty.channel.nio.NioEventLoop.run(NioEventLoop.java:458)
	at org.apache.ratis.thirdparty.io.netty.util.concurrent.SingleThreadEventExecutor$5.run(SingleThreadEventExecutor.java:897)
	at org.apache.ratis.thirdparty.io.netty.util.concurrent.FastThreadLocalRunnable.run(FastThreadLocalRunnable.java:30)
	... 1 more
Caused by: java.net.ConnectException: Connection refused
	... 11 more
2019-10-08 21:41:00,416 [8c43b318-eee5-46fe-878c-785d6b15b75a@group-4EC4E3941097-LeaderElection75] INFO  impl.RoleInfo (RoleInfo.java:shutdownLeaderElection(134)) - 8c43b318-eee5-46fe-878c-785d6b15b75a: shutdown LeaderElection
2019-10-08 21:41:00,416 [8c43b318-eee5-46fe-878c-785d6b15b75a@group-4EC4E3941097-LeaderElection75] INFO  impl.RaftServerImpl (RaftServerImpl.java:setRole(170)) - 8c43b318-eee5-46fe-878c-785d6b15b75a@group-4EC4E3941097: changes role from CANDIDATE to LEADER at term 2 for changeToLeader
2019-10-08 21:41:00,416 [8c43b318-eee5-46fe-878c-785d6b15b75a@group-4EC4E3941097-LeaderElection75] INFO  impl.RaftServerImpl (ServerState.java:setLeader(255)) - 8c43b318-eee5-46fe-878c-785d6b15b75a@group-4EC4E3941097: change Leader from null to 8c43b318-eee5-46fe-878c-785d6b15b75a at term 2 for becomeLeader, leader elected after 45ms
2019-10-08 21:41:00,417 [8c43b318-eee5-46fe-878c-785d6b15b75a@group-4EC4E3941097-LeaderElection75] INFO  server.RaftServerConfigKeys (ConfUtils.java:logGet(43)) - raft.server.staging.catchup.gap = 1000 (default)
2019-10-08 21:41:00,417 [8c43b318-eee5-46fe-878c-785d6b15b75a@group-4EC4E3941097-LeaderElection75] INFO  server.RaftServerConfigKeys (ConfUtils.java:logGet(43)) - raft.server.rpc.sleep.time = 25ms (default)
2019-10-08 21:41:00,417 [8c43b318-eee5-46fe-878c-785d6b15b75a@group-4EC4E3941097-LeaderElection75] INFO  server.RaftServerConfigKeys (ConfUtils.java:logGet(43)) - raft.server.write.element-limit = 4096 (default)
2019-10-08 21:41:00,417 [8c43b318-eee5-46fe-878c-785d6b15b75a@group-4EC4E3941097-LeaderElection75] INFO  server.RaftServerConfigKeys (ConfUtils.java:logGet(43)) - raft.server.watch.timeout = 10s (default)
2019-10-08 21:41:00,417 [8c43b318-eee5-46fe-878c-785d6b15b75a@group-4EC4E3941097-LeaderElection75] INFO  server.RaftServerConfigKeys (ConfUtils.java:logGet(43)) - raft.server.watch.timeout.denomination = 1s (default)
2019-10-08 21:41:00,417 [8c43b318-eee5-46fe-878c-785d6b15b75a@group-4EC4E3941097-LeaderElection75] INFO  server.RaftServerConfigKeys (ConfUtils.java:logGet(43)) - raft.server.watch.element-limit = 65536 (default)
2019-10-08 21:41:00,419 [8c43b318-eee5-46fe-878c-785d6b15b75a@group-4EC4E3941097-LeaderElection75] INFO  server.RaftServerConfigKeys (ConfUtils.java:logGet(43)) - raft.server.log.appender.snapshot.chunk.size.max = 16MB (=16777216) (default)
2019-10-08 21:41:00,420 [8c43b318-eee5-46fe-878c-785d6b15b75a@group-4EC4E3941097-LeaderElection75] INFO  server.RaftServerConfigKeys (ConfUtils.java:logGet(43)) - raft.server.log.appender.buffer.byte-limit = 33554432 (custom)
2019-10-08 21:41:00,420 [8c43b318-eee5-46fe-878c-785d6b15b75a@group-4EC4E3941097-LeaderElection75] INFO  server.RaftServerConfigKeys (ConfUtils.java:logGet(43)) - raft.server.log.appender.buffer.element-limit = 1 (custom)
2019-10-08 21:41:00,420 [8c43b318-eee5-46fe-878c-785d6b15b75a@group-4EC4E3941097-LeaderElection75] INFO  grpc.GrpcConfigKeys$Server (ConfUtils.java:logGet(43)) - raft.grpc.server.leader.outstanding.appends.max = 128 (default)
2019-10-08 21:41:00,420 [8c43b318-eee5-46fe-878c-785d6b15b75a@group-4EC4E3941097-LeaderElection75] INFO  server.RaftServerConfigKeys (ConfUtils.java:logGet(43)) - raft.server.rpc.request.timeout = 3000ms (default)
2019-10-08 21:41:00,420 [8c43b318-eee5-46fe-878c-785d6b15b75a@group-4EC4E3941097-LeaderElection75] INFO  server.RaftServerConfigKeys (ConfUtils.java:logGet(43)) - raft.server.log.appender.install.snapshot.enabled = false (custom)
2019-10-08 21:41:00,420 [8c43b318-eee5-46fe-878c-785d6b15b75a@group-4EC4E3941097-LeaderElection75] INFO  server.RaftServerConfigKeys (ConfUtils.java:logGet(43)) - raft.server.log.appender.snapshot.chunk.size.max = 16MB (=16777216) (default)
2019-10-08 21:41:00,421 [8c43b318-eee5-46fe-878c-785d6b15b75a@group-4EC4E3941097-LeaderElection75] INFO  server.RaftServerConfigKeys (ConfUtils.java:logGet(43)) - raft.server.log.appender.buffer.byte-limit = 33554432 (custom)
2019-10-08 21:41:00,421 [8c43b318-eee5-46fe-878c-785d6b15b75a@group-4EC4E3941097-LeaderElection75] INFO  server.RaftServerConfigKeys (ConfUtils.java:logGet(43)) - raft.server.log.appender.buffer.element-limit = 1 (custom)
2019-10-08 21:41:00,421 [8c43b318-eee5-46fe-878c-785d6b15b75a@group-4EC4E3941097-LeaderElection75] INFO  grpc.GrpcConfigKeys$Server (ConfUtils.java:logGet(43)) - raft.grpc.server.leader.outstanding.appends.max = 128 (default)
2019-10-08 21:41:00,421 [8c43b318-eee5-46fe-878c-785d6b15b75a@group-4EC4E3941097-LeaderElection75] INFO  server.RaftServerConfigKeys (ConfUtils.java:logGet(43)) - raft.server.rpc.request.timeout = 3000ms (default)
2019-10-08 21:41:00,421 [8c43b318-eee5-46fe-878c-785d6b15b75a@group-4EC4E3941097-LeaderElection75] INFO  server.RaftServerConfigKeys (ConfUtils.java:logGet(43)) - raft.server.log.appender.install.snapshot.enabled = false (custom)
2019-10-08 21:41:00,421 [8c43b318-eee5-46fe-878c-785d6b15b75a@group-4EC4E3941097-LeaderElection75] INFO  impl.RoleInfo (RoleInfo.java:updateAndGet(143)) - 8c43b318-eee5-46fe-878c-785d6b15b75a: start LeaderState
2019-10-08 21:41:00,422 [8c43b318-eee5-46fe-878c-785d6b15b75a@group-4EC4E3941097-LeaderElection75] INFO  segmented.SegmentedRaftLogWorker (SegmentedRaftLogWorker.java:rollLogSegment(390)) - 8c43b318-eee5-46fe-878c-785d6b15b75a@group-4EC4E3941097-SegmentedRaftLogWorker: Rolling segment log-0_16 to index:16
2019-10-08 21:41:00,424 [8c43b318-eee5-46fe-878c-785d6b15b75a@group-4EC4E3941097-LeaderElection75] INFO  impl.RaftServerImpl (ServerState.java:setRaftConf(356)) - 8c43b318-eee5-46fe-878c-785d6b15b75a@group-4EC4E3941097: set configuration 17: [f3a9150c-a922-470c-8d35-94a0c83d506b:192.168.151.107:43452, 8c43b318-eee5-46fe-878c-785d6b15b75a:192.168.151.107:35559, 5e869320-ccac-4aeb-8df2-e4f668b3d0f4:192.168.151.107:33051], old=null at 17
2019-10-08 21:41:00,425 [grpc-default-executor-9] WARN  server.GrpcLogAppender (LogUtils.java:warn(134)) - 8c43b318-eee5-46fe-878c-785d6b15b75a@group-4EC4E3941097->5e869320-ccac-4aeb-8df2-e4f668b3d0f4-AppendLogResponseHandler: Failed appendEntries: org.apache.ratis.thirdparty.io.grpc.StatusRuntimeException: UNAVAILABLE: io exception
2019-10-08 21:41:00,429 [grpc-default-executor-9] INFO  impl.FollowerInfo (FollowerInfo.java:lambda$new$0(51)) - 8c43b318-eee5-46fe-878c-785d6b15b75a@group-4EC4E3941097->5e869320-ccac-4aeb-8df2-e4f668b3d0f4: nextIndex: updateUnconditionally 17 -> 1
2019-10-08 21:41:00,429 [8c43b318-eee5-46fe-878c-785d6b15b75a@group-4EC4E3941097-SegmentedRaftLogWorker] INFO  segmented.SegmentedRaftLogWorker (SegmentedRaftLogWorker.java:execute(531)) - 8c43b318-eee5-46fe-878c-785d6b15b75a@group-4EC4E3941097-SegmentedRaftLogWorker: Rolled log segment from /workdir/hadoop-ozone/integration-test/target/test-dir/MiniOzoneClusterImpl-7fb7994d-4bc0-4253-a887-0c3ab883c7d2/datanode-0/data/ratis/abbe4d11-1c07-4bcf-a5cb-4ec4e3941097/current/log_inprogress_0 to /workdir/hadoop-ozone/integration-test/target/test-dir/MiniOzoneClusterImpl-7fb7994d-4bc0-4253-a887-0c3ab883c7d2/datanode-0/data/ratis/abbe4d11-1c07-4bcf-a5cb-4ec4e3941097/current/log_0-16
2019-10-08 21:41:00,429 [grpc-default-executor-9] INFO  impl.RaftServerImpl (ServerState.java:setLeader(255)) - f3a9150c-a922-470c-8d35-94a0c83d506b@group-4EC4E3941097: change Leader from null to 8c43b318-eee5-46fe-878c-785d6b15b75a at term 2 for appendEntries, leader elected after 36ms
2019-10-08 21:41:00,432 [grpc-default-executor-9] INFO  impl.RaftServerImpl (ServerState.java:setRaftConf(356)) - f3a9150c-a922-470c-8d35-94a0c83d506b@group-4EC4E3941097: set configuration 17: [f3a9150c-a922-470c-8d35-94a0c83d506b:192.168.151.107:43452, 8c43b318-eee5-46fe-878c-785d6b15b75a:192.168.151.107:35559, 5e869320-ccac-4aeb-8df2-e4f668b3d0f4:192.168.151.107:33051], old=null at 17
2019-10-08 21:41:00,432 [grpc-default-executor-9] INFO  segmented.SegmentedRaftLogWorker (SegmentedRaftLogWorker.java:rollLogSegment(390)) - f3a9150c-a922-470c-8d35-94a0c83d506b@group-4EC4E3941097-SegmentedRaftLogWorker: Rolling segment log-0_16 to index:16
2019-10-08 21:41:00,433 [f3a9150c-a922-470c-8d35-94a0c83d506b@group-4EC4E3941097-SegmentedRaftLogWorker] INFO  segmented.SegmentedRaftLogWorker (SegmentedRaftLogWorker.java:execute(531)) - f3a9150c-a922-470c-8d35-94a0c83d506b@group-4EC4E3941097-SegmentedRaftLogWorker: Rolled log segment from /workdir/hadoop-ozone/integration-test/target/test-dir/MiniOzoneClusterImpl-7fb7994d-4bc0-4253-a887-0c3ab883c7d2/datanode-2/data/ratis/abbe4d11-1c07-4bcf-a5cb-4ec4e3941097/current/log_inprogress_0 to /workdir/hadoop-ozone/integration-test/target/test-dir/MiniOzoneClusterImpl-7fb7994d-4bc0-4253-a887-0c3ab883c7d2/datanode-2/data/ratis/abbe4d11-1c07-4bcf-a5cb-4ec4e3941097/current/log_0-16
2019-10-08 21:41:00,479 [8c43b318-eee5-46fe-878c-785d6b15b75a@group-4EC4E3941097-SegmentedRaftLogWorker] INFO  segmented.SegmentedRaftLogWorker (SegmentedRaftLogWorker.java:execute(574)) - 8c43b318-eee5-46fe-878c-785d6b15b75a@group-4EC4E3941097-SegmentedRaftLogWorker: created new log segment /workdir/hadoop-ozone/integration-test/target/test-dir/MiniOzoneClusterImpl-7fb7994d-4bc0-4253-a887-0c3ab883c7d2/datanode-0/data/ratis/abbe4d11-1c07-4bcf-a5cb-4ec4e3941097/current/log_inprogress_17
2019-10-08 21:41:00,491 [f3a9150c-a922-470c-8d35-94a0c83d506b@group-4EC4E3941097-SegmentedRaftLogWorker] INFO  segmented.SegmentedRaftLogWorker (SegmentedRaftLogWorker.java:execute(574)) - f3a9150c-a922-470c-8d35-94a0c83d506b@group-4EC4E3941097-SegmentedRaftLogWorker: created new log segment /workdir/hadoop-ozone/integration-test/target/test-dir/MiniOzoneClusterImpl-7fb7994d-4bc0-4253-a887-0c3ab883c7d2/datanode-2/data/ratis/abbe4d11-1c07-4bcf-a5cb-4ec4e3941097/current/log_inprogress_17
2019-10-08 21:41:00,513 [grpc-default-executor-8] WARN  server.GrpcLogAppender (LogUtils.java:warn(134)) - 8c43b318-eee5-46fe-878c-785d6b15b75a@group-4EC4E3941097->5e869320-ccac-4aeb-8df2-e4f668b3d0f4-AppendLogResponseHandler: Failed appendEntries: org.apache.ratis.thirdparty.io.grpc.StatusRuntimeException: UNAVAILABLE: io exception
2019-10-08 21:41:00,514 [grpc-default-executor-8] INFO  impl.FollowerInfo (FollowerInfo.java:lambda$new$0(51)) - 8c43b318-eee5-46fe-878c-785d6b15b75a@group-4EC4E3941097->5e869320-ccac-4aeb-8df2-e4f668b3d0f4: nextIndex: updateUnconditionally 2 -> 1
2019-10-08 21:41:00,525 [grpc-default-executor-9] WARN  server.GrpcLogAppender (LogUtils.java:warn(134)) - 8c43b318-eee5-46fe-878c-785d6b15b75a@group-4EC4E3941097->5e869320-ccac-4aeb-8df2-e4f668b3d0f4-AppendLogResponseHandler: Failed appendEntries: org.apache.ratis.thirdparty.io.grpc.StatusRuntimeException: UNAVAILABLE: io exception
2019-10-08 21:41:00,525 [grpc-default-executor-9] INFO  impl.FollowerInfo (FollowerInfo.java:lambda$new$0(51)) - 8c43b318-eee5-46fe-878c-785d6b15b75a@group-4EC4E3941097->5e869320-ccac-4aeb-8df2-e4f668b3d0f4: nextIndex: updateUnconditionally 2 -> 1
21:41:00.934 [grpc-default-executor-9] ERROR DNAudit - user=null | ip=null | op=WRITE_CHUNK {blockData=conID: 1 locID: 102928930642067469 bcsId: 14} | ret=FAILURE
org.apache.hadoop.hdds.scm.container.common.helpers.ContainerNotOpenException: Container 1 in CLOSING state
	at org.apache.hadoop.ozone.container.common.impl.HddsDispatcher.validateContainerCommand(HddsDispatcher.java:434) ~[hadoop-hdds-container-service-0.5.0-SNAPSHOT.jar:?]
	at org.apache.hadoop.ozone.container.common.transport.server.ratis.ContainerStateMachine.startTransaction(ContainerStateMachine.java:320) ~[hadoop-hdds-container-service-0.5.0-SNAPSHOT.jar:?]
	at org.apache.ratis.server.impl.RaftServerImpl.submitClientRequestAsync(RaftServerImpl.java:569) ~[ratis-server-0.5.0-201fc85-SNAPSHOT.jar:0.5.0-201fc85-SNAPSHOT]
	at org.apache.ratis.server.impl.RaftServerProxy.lambda$submitClientRequestAsync$7(RaftServerProxy.java:333) ~[ratis-server-0.5.0-201fc85-SNAPSHOT.jar:0.5.0-201fc85-SNAPSHOT]
	at org.apache.ratis.server.impl.RaftServerProxy.lambda$null$5(RaftServerProxy.java:328) ~[ratis-server-0.5.0-201fc85-SNAPSHOT.jar:0.5.0-201fc85-SNAPSHOT]
	at org.apache.ratis.util.JavaUtils.callAsUnchecked(JavaUtils.java:109) ~[ratis-common-0.5.0-201fc85-SNAPSHOT.jar:0.5.0-201fc85-SNAPSHOT]
	at org.apache.ratis.server.impl.RaftServerProxy.lambda$submitRequest$6(RaftServerProxy.java:328) ~[ratis-server-0.5.0-201fc85-SNAPSHOT.jar:0.5.0-201fc85-SNAPSHOT]
	at java.util.concurrent.CompletableFuture.uniComposeStage(CompletableFuture.java:981) ~[?:1.8.0_212]
	at java.util.concurrent.CompletableFuture.thenCompose(CompletableFuture.java:2124) ~[?:1.8.0_212]
	at org.apache.ratis.server.impl.RaftServerProxy.submitRequest(RaftServerProxy.java:327) ~[ratis-server-0.5.0-201fc85-SNAPSHOT.jar:0.5.0-201fc85-SNAPSHOT]
	at org.apache.ratis.server.impl.RaftServerProxy.submitClientRequestAsync(RaftServerProxy.java:333) ~[ratis-server-0.5.0-201fc85-SNAPSHOT.jar:0.5.0-201fc85-SNAPSHOT]
	at org.apache.ratis.grpc.client.GrpcClientProtocolService$RequestStreamObserver.processClientRequest(GrpcClientProtocolService.java:220) ~[ratis-grpc-0.5.0-201fc85-SNAPSHOT.jar:0.5.0-201fc85-SNAPSHOT]
	at org.apache.ratis.grpc.client.GrpcClientProtocolService$OrderedRequestStreamObserver.processClientRequest(GrpcClientProtocolService.java:326) ~[ratis-grpc-0.5.0-201fc85-SNAPSHOT.jar:0.5.0-201fc85-SNAPSHOT]
	at org.apache.ratis.util.SlidingWindow$Server.processRequestsFromHead(SlidingWindow.java:429) [ratis-common-0.5.0-201fc85-SNAPSHOT.jar:0.5.0-201fc85-SNAPSHOT]
	at org.apache.ratis.util.SlidingWindow$Server.receivedRequest(SlidingWindow.java:421) [ratis-common-0.5.0-201fc85-SNAPSHOT.jar:0.5.0-201fc85-SNAPSHOT]
	at org.apache.ratis.grpc.client.GrpcClientProtocolService$OrderedRequestStreamObserver.processClientRequest(GrpcClientProtocolService.java:345) [ratis-grpc-0.5.0-201fc85-SNAPSHOT.jar:0.5.0-201fc85-SNAPSHOT]
	at org.apache.ratis.grpc.client.GrpcClientProtocolService$RequestStreamObserver.onNext(GrpcClientProtocolService.java:240) [ratis-grpc-0.5.0-201fc85-SNAPSHOT.jar:0.5.0-201fc85-SNAPSHOT]
	at org.apache.ratis.grpc.client.GrpcClientProtocolService$RequestStreamObserver.onNext(GrpcClientProtocolService.java:168) [ratis-grpc-0.5.0-201fc85-SNAPSHOT.jar:0.5.0-201fc85-SNAPSHOT]
	at org.apache.ratis.thirdparty.io.grpc.stub.ServerCalls$StreamingServerCallHandler$StreamingServerCallListener.onMessage(ServerCalls.java:248) [ratis-thirdparty-misc-0.2.0.jar:0.2.0]
	at org.apache.ratis.thirdparty.io.grpc.internal.ServerCallImpl$ServerStreamListenerImpl.messagesAvailable(ServerCallImpl.java:263) [ratis-thirdparty-misc-0.2.0.jar:0.2.0]
	at org.apache.ratis.thirdparty.io.grpc.internal.ServerImpl$JumpToApplicationThreadServerStreamListener$1MessagesAvailable.runInContext(ServerImpl.java:686) [ratis-thirdparty-misc-0.2.0.jar:0.2.0]
	at org.apache.ratis.thirdparty.io.grpc.internal.ContextRunnable.run(ContextRunnable.java:37) [ratis-thirdparty-misc-0.2.0.jar:0.2.0]
	at org.apache.ratis.thirdparty.io.grpc.internal.SerializingExecutor.run(SerializingExecutor.java:123) [ratis-thirdparty-misc-0.2.0.jar:0.2.0]
	at java.util.concurrent.ThreadPoolExecutor.runWorker(ThreadPoolExecutor.java:1149) [?:1.8.0_212]
	at java.util.concurrent.ThreadPoolExecutor$Worker.run(ThreadPoolExecutor.java:624) [?:1.8.0_212]
	at java.lang.Thread.run(Thread.java:748) [?:1.8.0_212]
21:41:00.950 [grpc-default-executor-4] ERROR DNAudit - user=null | ip=null | op=WRITE_CHUNK {blockData=conID: 1 locID: 102928930642067469 bcsId: 14} | ret=FAILURE
org.apache.hadoop.hdds.scm.container.common.helpers.ContainerNotOpenException: Container 1 in CLOSING state
	at org.apache.hadoop.ozone.container.common.impl.HddsDispatcher.validateContainerCommand(HddsDispatcher.java:434) ~[hadoop-hdds-container-service-0.5.0-SNAPSHOT.jar:?]
	at org.apache.hadoop.ozone.container.common.transport.server.ratis.ContainerStateMachine.startTransaction(ContainerStateMachine.java:320) ~[hadoop-hdds-container-service-0.5.0-SNAPSHOT.jar:?]
	at org.apache.ratis.server.impl.RaftServerImpl.submitClientRequestAsync(RaftServerImpl.java:569) ~[ratis-server-0.5.0-201fc85-SNAPSHOT.jar:0.5.0-201fc85-SNAPSHOT]
	at org.apache.ratis.server.impl.RaftServerProxy.lambda$submitClientRequestAsync$7(RaftServerProxy.java:333) ~[ratis-server-0.5.0-201fc85-SNAPSHOT.jar:0.5.0-201fc85-SNAPSHOT]
	at org.apache.ratis.server.impl.RaftServerProxy.lambda$null$5(RaftServerProxy.java:328) ~[ratis-server-0.5.0-201fc85-SNAPSHOT.jar:0.5.0-201fc85-SNAPSHOT]
	at org.apache.ratis.util.JavaUtils.callAsUnchecked(JavaUtils.java:109) ~[ratis-common-0.5.0-201fc85-SNAPSHOT.jar:0.5.0-201fc85-SNAPSHOT]
	at org.apache.ratis.server.impl.RaftServerProxy.lambda$submitRequest$6(RaftServerProxy.java:328) ~[ratis-server-0.5.0-201fc85-SNAPSHOT.jar:0.5.0-201fc85-SNAPSHOT]
	at java.util.concurrent.CompletableFuture.uniComposeStage(CompletableFuture.java:981) ~[?:1.8.0_212]
	at java.util.concurrent.CompletableFuture.thenCompose(CompletableFuture.java:2124) ~[?:1.8.0_212]
	at org.apache.ratis.server.impl.RaftServerProxy.submitRequest(RaftServerProxy.java:327) ~[ratis-server-0.5.0-201fc85-SNAPSHOT.jar:0.5.0-201fc85-SNAPSHOT]
	at org.apache.ratis.server.impl.RaftServerProxy.submitClientRequestAsync(RaftServerProxy.java:333) ~[ratis-server-0.5.0-201fc85-SNAPSHOT.jar:0.5.0-201fc85-SNAPSHOT]
	at org.apache.ratis.grpc.client.GrpcClientProtocolService$RequestStreamObserver.processClientRequest(GrpcClientProtocolService.java:220) ~[ratis-grpc-0.5.0-201fc85-SNAPSHOT.jar:0.5.0-201fc85-SNAPSHOT]
	at org.apache.ratis.grpc.client.GrpcClientProtocolService$OrderedRequestStreamObserver.processClientRequest(GrpcClientProtocolService.java:326) ~[ratis-grpc-0.5.0-201fc85-SNAPSHOT.jar:0.5.0-201fc85-SNAPSHOT]
	at org.apache.ratis.util.SlidingWindow$Server.processRequestsFromHead(SlidingWindow.java:429) [ratis-common-0.5.0-201fc85-SNAPSHOT.jar:0.5.0-201fc85-SNAPSHOT]
	at org.apache.ratis.util.SlidingWindow$Server.receivedRequest(SlidingWindow.java:421) [ratis-common-0.5.0-201fc85-SNAPSHOT.jar:0.5.0-201fc85-SNAPSHOT]
	at org.apache.ratis.grpc.client.GrpcClientProtocolService$OrderedRequestStreamObserver.processClientRequest(GrpcClientProtocolService.java:345) [ratis-grpc-0.5.0-201fc85-SNAPSHOT.jar:0.5.0-201fc85-SNAPSHOT]
	at org.apache.ratis.grpc.client.GrpcClientProtocolService$RequestStreamObserver.onNext(GrpcClientProtocolService.java:240) [ratis-grpc-0.5.0-201fc85-SNAPSHOT.jar:0.5.0-201fc85-SNAPSHOT]
	at org.apache.ratis.grpc.client.GrpcClientProtocolService$RequestStreamObserver.onNext(GrpcClientProtocolService.java:168) [ratis-grpc-0.5.0-201fc85-SNAPSHOT.jar:0.5.0-201fc85-SNAPSHOT]
	at org.apache.ratis.thirdparty.io.grpc.stub.ServerCalls$StreamingServerCallHandler$StreamingServerCallListener.onMessage(ServerCalls.java:248) [ratis-thirdparty-misc-0.2.0.jar:0.2.0]
	at org.apache.ratis.thirdparty.io.grpc.internal.ServerCallImpl$ServerStreamListenerImpl.messagesAvailable(ServerCallImpl.java:263) [ratis-thirdparty-misc-0.2.0.jar:0.2.0]
	at org.apache.ratis.thirdparty.io.grpc.internal.ServerImpl$JumpToApplicationThreadServerStreamListener$1MessagesAvailable.runInContext(ServerImpl.java:686) [ratis-thirdparty-misc-0.2.0.jar:0.2.0]
	at org.apache.ratis.thirdparty.io.grpc.internal.ContextRunnable.run(ContextRunnable.java:37) [ratis-thirdparty-misc-0.2.0.jar:0.2.0]
	at org.apache.ratis.thirdparty.io.grpc.internal.SerializingExecutor.run(SerializingExecutor.java:123) [ratis-thirdparty-misc-0.2.0.jar:0.2.0]
	at java.util.concurrent.ThreadPoolExecutor.runWorker(ThreadPoolExecutor.java:1149) [?:1.8.0_212]
	at java.util.concurrent.ThreadPoolExecutor$Worker.run(ThreadPoolExecutor.java:624) [?:1.8.0_212]
	at java.lang.Thread.run(Thread.java:748) [?:1.8.0_212]
21:41:00.953 [grpc-default-executor-4] ERROR DNAudit - user=null | ip=null | op=PUT_BLOCK {blockData=[blockId=conID: 1 locID: 102928930642067469 bcsId: 0,size=650]} | ret=FAILURE
org.apache.hadoop.hdds.scm.container.common.helpers.ContainerNotOpenException: Container 1 in CLOSING state
	at org.apache.hadoop.ozone.container.common.impl.HddsDispatcher.validateContainerCommand(HddsDispatcher.java:434) ~[hadoop-hdds-container-service-0.5.0-SNAPSHOT.jar:?]
	at org.apache.hadoop.ozone.container.common.transport.server.ratis.ContainerStateMachine.startTransaction(ContainerStateMachine.java:320) ~[hadoop-hdds-container-service-0.5.0-SNAPSHOT.jar:?]
	at org.apache.ratis.server.impl.RaftServerImpl.submitClientRequestAsync(RaftServerImpl.java:569) ~[ratis-server-0.5.0-201fc85-SNAPSHOT.jar:0.5.0-201fc85-SNAPSHOT]
	at org.apache.ratis.server.impl.RaftServerProxy.lambda$submitClientRequestAsync$7(RaftServerProxy.java:333) ~[ratis-server-0.5.0-201fc85-SNAPSHOT.jar:0.5.0-201fc85-SNAPSHOT]
	at org.apache.ratis.server.impl.RaftServerProxy.lambda$null$5(RaftServerProxy.java:328) ~[ratis-server-0.5.0-201fc85-SNAPSHOT.jar:0.5.0-201fc85-SNAPSHOT]
	at org.apache.ratis.util.JavaUtils.callAsUnchecked(JavaUtils.java:109) ~[ratis-common-0.5.0-201fc85-SNAPSHOT.jar:0.5.0-201fc85-SNAPSHOT]
	at org.apache.ratis.server.impl.RaftServerProxy.lambda$submitRequest$6(RaftServerProxy.java:328) ~[ratis-server-0.5.0-201fc85-SNAPSHOT.jar:0.5.0-201fc85-SNAPSHOT]
	at java.util.concurrent.CompletableFuture.uniComposeStage(CompletableFuture.java:981) ~[?:1.8.0_212]
	at java.util.concurrent.CompletableFuture.thenCompose(CompletableFuture.java:2124) ~[?:1.8.0_212]
	at org.apache.ratis.server.impl.RaftServerProxy.submitRequest(RaftServerProxy.java:327) ~[ratis-server-0.5.0-201fc85-SNAPSHOT.jar:0.5.0-201fc85-SNAPSHOT]
	at org.apache.ratis.server.impl.RaftServerProxy.submitClientRequestAsync(RaftServerProxy.java:333) ~[ratis-server-0.5.0-201fc85-SNAPSHOT.jar:0.5.0-201fc85-SNAPSHOT]
	at org.apache.ratis.grpc.client.GrpcClientProtocolService$RequestStreamObserver.processClientRequest(GrpcClientProtocolService.java:220) ~[ratis-grpc-0.5.0-201fc85-SNAPSHOT.jar:0.5.0-201fc85-SNAPSHOT]
	at org.apache.ratis.grpc.client.GrpcClientProtocolService$OrderedRequestStreamObserver.processClientRequest(GrpcClientProtocolService.java:326) ~[ratis-grpc-0.5.0-201fc85-SNAPSHOT.jar:0.5.0-201fc85-SNAPSHOT]
	at org.apache.ratis.util.SlidingWindow$Server.processRequestsFromHead(SlidingWindow.java:429) [ratis-common-0.5.0-201fc85-SNAPSHOT.jar:0.5.0-201fc85-SNAPSHOT]
	at org.apache.ratis.util.SlidingWindow$Server.receivedRequest(SlidingWindow.java:421) [ratis-common-0.5.0-201fc85-SNAPSHOT.jar:0.5.0-201fc85-SNAPSHOT]
	at org.apache.ratis.grpc.client.GrpcClientProtocolService$OrderedRequestStreamObserver.processClientRequest(GrpcClientProtocolService.java:345) [ratis-grpc-0.5.0-201fc85-SNAPSHOT.jar:0.5.0-201fc85-SNAPSHOT]
	at org.apache.ratis.grpc.client.GrpcClientProtocolService$RequestStreamObserver.onNext(GrpcClientProtocolService.java:240) [ratis-grpc-0.5.0-201fc85-SNAPSHOT.jar:0.5.0-201fc85-SNAPSHOT]
	at org.apache.ratis.grpc.client.GrpcClientProtocolService$RequestStreamObserver.onNext(GrpcClientProtocolService.java:168) [ratis-grpc-0.5.0-201fc85-SNAPSHOT.jar:0.5.0-201fc85-SNAPSHOT]
	at org.apache.ratis.thirdparty.io.grpc.stub.ServerCalls$StreamingServerCallHandler$StreamingServerCallListener.onMessage(ServerCalls.java:248) [ratis-thirdparty-misc-0.2.0.jar:0.2.0]
	at org.apache.ratis.thirdparty.io.grpc.internal.ServerCallImpl$ServerStreamListenerImpl.messagesAvailable(ServerCallImpl.java:263) [ratis-thirdparty-misc-0.2.0.jar:0.2.0]
	at org.apache.ratis.thirdparty.io.grpc.internal.ServerImpl$JumpToApplicationThreadServerStreamListener$1MessagesAvailable.runInContext(ServerImpl.java:686) [ratis-thirdparty-misc-0.2.0.jar:0.2.0]
	at org.apache.ratis.thirdparty.io.grpc.internal.ContextRunnable.run(ContextRunnable.java:37) [ratis-thirdparty-misc-0.2.0.jar:0.2.0]
	at org.apache.ratis.thirdparty.io.grpc.internal.SerializingExecutor.run(SerializingExecutor.java:123) [ratis-thirdparty-misc-0.2.0.jar:0.2.0]
	at java.util.concurrent.ThreadPoolExecutor.runWorker(ThreadPoolExecutor.java:1149) [?:1.8.0_212]
	at java.util.concurrent.ThreadPoolExecutor$Worker.run(ThreadPoolExecutor.java:624) [?:1.8.0_212]
	at java.lang.Thread.run(Thread.java:748) [?:1.8.0_212]
21:41:00.961 [grpc-default-executor-4] ERROR DNAudit - user=null | ip=null | op=WRITE_CHUNK {blockData=conID: 1 locID: 102928930642067469 bcsId: 14} | ret=FAILURE
org.apache.hadoop.hdds.scm.container.common.helpers.ContainerNotOpenException: Container 1 in CLOSING state
	at org.apache.hadoop.ozone.container.common.impl.HddsDispatcher.validateContainerCommand(HddsDispatcher.java:434) ~[hadoop-hdds-container-service-0.5.0-SNAPSHOT.jar:?]
	at org.apache.hadoop.ozone.container.common.transport.server.ratis.ContainerStateMachine.startTransaction(ContainerStateMachine.java:320) ~[hadoop-hdds-container-service-0.5.0-SNAPSHOT.jar:?]
	at org.apache.ratis.server.impl.RaftServerImpl.submitClientRequestAsync(RaftServerImpl.java:569) ~[ratis-server-0.5.0-201fc85-SNAPSHOT.jar:0.5.0-201fc85-SNAPSHOT]
	at org.apache.ratis.server.impl.RaftServerProxy.lambda$submitClientRequestAsync$7(RaftServerProxy.java:333) ~[ratis-server-0.5.0-201fc85-SNAPSHOT.jar:0.5.0-201fc85-SNAPSHOT]
	at org.apache.ratis.server.impl.RaftServerProxy.lambda$null$5(RaftServerProxy.java:328) ~[ratis-server-0.5.0-201fc85-SNAPSHOT.jar:0.5.0-201fc85-SNAPSHOT]
	at org.apache.ratis.util.JavaUtils.callAsUnchecked(JavaUtils.java:109) ~[ratis-common-0.5.0-201fc85-SNAPSHOT.jar:0.5.0-201fc85-SNAPSHOT]
	at org.apache.ratis.server.impl.RaftServerProxy.lambda$submitRequest$6(RaftServerProxy.java:328) ~[ratis-server-0.5.0-201fc85-SNAPSHOT.jar:0.5.0-201fc85-SNAPSHOT]
	at java.util.concurrent.CompletableFuture.uniComposeStage(CompletableFuture.java:981) ~[?:1.8.0_212]
	at java.util.concurrent.CompletableFuture.thenCompose(CompletableFuture.java:2124) ~[?:1.8.0_212]
	at org.apache.ratis.server.impl.RaftServerProxy.submitRequest(RaftServerProxy.java:327) ~[ratis-server-0.5.0-201fc85-SNAPSHOT.jar:0.5.0-201fc85-SNAPSHOT]
	at org.apache.ratis.server.impl.RaftServerProxy.submitClientRequestAsync(RaftServerProxy.java:333) ~[ratis-server-0.5.0-201fc85-SNAPSHOT.jar:0.5.0-201fc85-SNAPSHOT]
	at org.apache.ratis.grpc.client.GrpcClientProtocolService$RequestStreamObserver.processClientRequest(GrpcClientProtocolService.java:220) ~[ratis-grpc-0.5.0-201fc85-SNAPSHOT.jar:0.5.0-201fc85-SNAPSHOT]
	at org.apache.ratis.grpc.client.GrpcClientProtocolService$OrderedRequestStreamObserver.processClientRequest(GrpcClientProtocolService.java:326) ~[ratis-grpc-0.5.0-201fc85-SNAPSHOT.jar:0.5.0-201fc85-SNAPSHOT]
	at org.apache.ratis.util.SlidingWindow$Server.processRequestsFromHead(SlidingWindow.java:429) [ratis-common-0.5.0-201fc85-SNAPSHOT.jar:0.5.0-201fc85-SNAPSHOT]
	at org.apache.ratis.util.SlidingWindow$Server.receivedRequest(SlidingWindow.java:421) [ratis-common-0.5.0-201fc85-SNAPSHOT.jar:0.5.0-201fc85-SNAPSHOT]
	at org.apache.ratis.grpc.client.GrpcClientProtocolService$OrderedRequestStreamObserver.processClientRequest(GrpcClientProtocolService.java:345) [ratis-grpc-0.5.0-201fc85-SNAPSHOT.jar:0.5.0-201fc85-SNAPSHOT]
	at org.apache.ratis.grpc.client.GrpcClientProtocolService$RequestStreamObserver.onNext(GrpcClientProtocolService.java:240) [ratis-grpc-0.5.0-201fc85-SNAPSHOT.jar:0.5.0-201fc85-SNAPSHOT]
	at org.apache.ratis.grpc.client.GrpcClientProtocolService$RequestStreamObserver.onNext(GrpcClientProtocolService.java:168) [ratis-grpc-0.5.0-201fc85-SNAPSHOT.jar:0.5.0-201fc85-SNAPSHOT]
	at org.apache.ratis.thirdparty.io.grpc.stub.ServerCalls$StreamingServerCallHandler$StreamingServerCallListener.onMessage(ServerCalls.java:248) [ratis-thirdparty-misc-0.2.0.jar:0.2.0]
	at org.apache.ratis.thirdparty.io.grpc.internal.ServerCallImpl$ServerStreamListenerImpl.messagesAvailable(ServerCallImpl.java:263) [ratis-thirdparty-misc-0.2.0.jar:0.2.0]
	at org.apache.ratis.thirdparty.io.grpc.internal.ServerImpl$JumpToApplicationThreadServerStreamListener$1MessagesAvailable.runInContext(ServerImpl.java:686) [ratis-thirdparty-misc-0.2.0.jar:0.2.0]
	at org.apache.ratis.thirdparty.io.grpc.internal.ContextRunnable.run(ContextRunnable.java:37) [ratis-thirdparty-misc-0.2.0.jar:0.2.0]
	at org.apache.ratis.thirdparty.io.grpc.internal.SerializingExecutor.run(SerializingExecutor.java:123) [ratis-thirdparty-misc-0.2.0.jar:0.2.0]
	at java.util.concurrent.ThreadPoolExecutor.runWorker(ThreadPoolExecutor.java:1149) [?:1.8.0_212]
	at java.util.concurrent.ThreadPoolExecutor$Worker.run(ThreadPoolExecutor.java:624) [?:1.8.0_212]
	at java.lang.Thread.run(Thread.java:748) [?:1.8.0_212]
21:41:00.977 [grpc-default-executor-4] ERROR DNAudit - user=null | ip=null | op=WRITE_CHUNK {blockData=conID: 1 locID: 102928930642067469 bcsId: 14} | ret=FAILURE
org.apache.hadoop.hdds.scm.container.common.helpers.ContainerNotOpenException: Container 1 in CLOSING state
	at org.apache.hadoop.ozone.container.common.impl.HddsDispatcher.validateContainerCommand(HddsDispatcher.java:434) ~[hadoop-hdds-container-service-0.5.0-SNAPSHOT.jar:?]
	at org.apache.hadoop.ozone.container.common.transport.server.ratis.ContainerStateMachine.startTransaction(ContainerStateMachine.java:320) ~[hadoop-hdds-container-service-0.5.0-SNAPSHOT.jar:?]
	at org.apache.ratis.server.impl.RaftServerImpl.submitClientRequestAsync(RaftServerImpl.java:569) ~[ratis-server-0.5.0-201fc85-SNAPSHOT.jar:0.5.0-201fc85-SNAPSHOT]
	at org.apache.ratis.server.impl.RaftServerProxy.lambda$submitClientRequestAsync$7(RaftServerProxy.java:333) ~[ratis-server-0.5.0-201fc85-SNAPSHOT.jar:0.5.0-201fc85-SNAPSHOT]
	at org.apache.ratis.server.impl.RaftServerProxy.lambda$null$5(RaftServerProxy.java:328) ~[ratis-server-0.5.0-201fc85-SNAPSHOT.jar:0.5.0-201fc85-SNAPSHOT]
	at org.apache.ratis.util.JavaUtils.callAsUnchecked(JavaUtils.java:109) ~[ratis-common-0.5.0-201fc85-SNAPSHOT.jar:0.5.0-201fc85-SNAPSHOT]
	at org.apache.ratis.server.impl.RaftServerProxy.lambda$submitRequest$6(RaftServerProxy.java:328) ~[ratis-server-0.5.0-201fc85-SNAPSHOT.jar:0.5.0-201fc85-SNAPSHOT]
	at java.util.concurrent.CompletableFuture.uniComposeStage(CompletableFuture.java:981) ~[?:1.8.0_212]
	at java.util.concurrent.CompletableFuture.thenCompose(CompletableFuture.java:2124) ~[?:1.8.0_212]
	at org.apache.ratis.server.impl.RaftServerProxy.submitRequest(RaftServerProxy.java:327) ~[ratis-server-0.5.0-201fc85-SNAPSHOT.jar:0.5.0-201fc85-SNAPSHOT]
	at org.apache.ratis.server.impl.RaftServerProxy.submitClientRequestAsync(RaftServerProxy.java:333) ~[ratis-server-0.5.0-201fc85-SNAPSHOT.jar:0.5.0-201fc85-SNAPSHOT]
	at org.apache.ratis.grpc.client.GrpcClientProtocolService$RequestStreamObserver.processClientRequest(GrpcClientProtocolService.java:220) ~[ratis-grpc-0.5.0-201fc85-SNAPSHOT.jar:0.5.0-201fc85-SNAPSHOT]
	at org.apache.ratis.grpc.client.GrpcClientProtocolService$OrderedRequestStreamObserver.processClientRequest(GrpcClientProtocolService.java:326) ~[ratis-grpc-0.5.0-201fc85-SNAPSHOT.jar:0.5.0-201fc85-SNAPSHOT]
	at org.apache.ratis.util.SlidingWindow$Server.processRequestsFromHead(SlidingWindow.java:429) [ratis-common-0.5.0-201fc85-SNAPSHOT.jar:0.5.0-201fc85-SNAPSHOT]
	at org.apache.ratis.util.SlidingWindow$Server.receivedRequest(SlidingWindow.java:421) [ratis-common-0.5.0-201fc85-SNAPSHOT.jar:0.5.0-201fc85-SNAPSHOT]
	at org.apache.ratis.grpc.client.GrpcClientProtocolService$OrderedRequestStreamObserver.processClientRequest(GrpcClientProtocolService.java:345) [ratis-grpc-0.5.0-201fc85-SNAPSHOT.jar:0.5.0-201fc85-SNAPSHOT]
	at org.apache.ratis.grpc.client.GrpcClientProtocolService$RequestStreamObserver.onNext(GrpcClientProtocolService.java:240) [ratis-grpc-0.5.0-201fc85-SNAPSHOT.jar:0.5.0-201fc85-SNAPSHOT]
	at org.apache.ratis.grpc.client.GrpcClientProtocolService$RequestStreamObserver.onNext(GrpcClientProtocolService.java:168) [ratis-grpc-0.5.0-201fc85-SNAPSHOT.jar:0.5.0-201fc85-SNAPSHOT]
	at org.apache.ratis.thirdparty.io.grpc.stub.ServerCalls$StreamingServerCallHandler$StreamingServerCallListener.onMessage(ServerCalls.java:248) [ratis-thirdparty-misc-0.2.0.jar:0.2.0]
	at org.apache.ratis.thirdparty.io.grpc.internal.ServerCallImpl$ServerStreamListenerImpl.messagesAvailable(ServerCallImpl.java:263) [ratis-thirdparty-misc-0.2.0.jar:0.2.0]
	at org.apache.ratis.thirdparty.io.grpc.internal.ServerImpl$JumpToApplicationThreadServerStreamListener$1MessagesAvailable.runInContext(ServerImpl.java:686) [ratis-thirdparty-misc-0.2.0.jar:0.2.0]
	at org.apache.ratis.thirdparty.io.grpc.internal.ContextRunnable.run(ContextRunnable.java:37) [ratis-thirdparty-misc-0.2.0.jar:0.2.0]
	at org.apache.ratis.thirdparty.io.grpc.internal.SerializingExecutor.run(SerializingExecutor.java:123) [ratis-thirdparty-misc-0.2.0.jar:0.2.0]
	at java.util.concurrent.ThreadPoolExecutor.runWorker(ThreadPoolExecutor.java:1149) [?:1.8.0_212]
	at java.util.concurrent.ThreadPoolExecutor$Worker.run(ThreadPoolExecutor.java:624) [?:1.8.0_212]
	at java.lang.Thread.run(Thread.java:748) [?:1.8.0_212]
21:41:00.981 [grpc-default-executor-4] ERROR DNAudit - user=null | ip=null | op=PUT_BLOCK {blockData=[blockId=conID: 1 locID: 102928930642067469 bcsId: 0,size=800]} | ret=FAILURE
org.apache.hadoop.hdds.scm.container.common.helpers.ContainerNotOpenException: Container 1 in CLOSING state
	at org.apache.hadoop.ozone.container.common.impl.HddsDispatcher.validateContainerCommand(HddsDispatcher.java:434) ~[hadoop-hdds-container-service-0.5.0-SNAPSHOT.jar:?]
	at org.apache.hadoop.ozone.container.common.transport.server.ratis.ContainerStateMachine.startTransaction(ContainerStateMachine.java:320) ~[hadoop-hdds-container-service-0.5.0-SNAPSHOT.jar:?]
	at org.apache.ratis.server.impl.RaftServerImpl.submitClientRequestAsync(RaftServerImpl.java:569) ~[ratis-server-0.5.0-201fc85-SNAPSHOT.jar:0.5.0-201fc85-SNAPSHOT]
	at org.apache.ratis.server.impl.RaftServerProxy.lambda$submitClientRequestAsync$7(RaftServerProxy.java:333) ~[ratis-server-0.5.0-201fc85-SNAPSHOT.jar:0.5.0-201fc85-SNAPSHOT]
	at org.apache.ratis.server.impl.RaftServerProxy.lambda$null$5(RaftServerProxy.java:328) ~[ratis-server-0.5.0-201fc85-SNAPSHOT.jar:0.5.0-201fc85-SNAPSHOT]
	at org.apache.ratis.util.JavaUtils.callAsUnchecked(JavaUtils.java:109) ~[ratis-common-0.5.0-201fc85-SNAPSHOT.jar:0.5.0-201fc85-SNAPSHOT]
	at org.apache.ratis.server.impl.RaftServerProxy.lambda$submitRequest$6(RaftServerProxy.java:328) ~[ratis-server-0.5.0-201fc85-SNAPSHOT.jar:0.5.0-201fc85-SNAPSHOT]
	at java.util.concurrent.CompletableFuture.uniComposeStage(CompletableFuture.java:981) ~[?:1.8.0_212]
	at java.util.concurrent.CompletableFuture.thenCompose(CompletableFuture.java:2124) ~[?:1.8.0_212]
	at org.apache.ratis.server.impl.RaftServerProxy.submitRequest(RaftServerProxy.java:327) ~[ratis-server-0.5.0-201fc85-SNAPSHOT.jar:0.5.0-201fc85-SNAPSHOT]
	at org.apache.ratis.server.impl.RaftServerProxy.submitClientRequestAsync(RaftServerProxy.java:333) ~[ratis-server-0.5.0-201fc85-SNAPSHOT.jar:0.5.0-201fc85-SNAPSHOT]
	at org.apache.ratis.grpc.client.GrpcClientProtocolService$RequestStreamObserver.processClientRequest(GrpcClientProtocolService.java:220) ~[ratis-grpc-0.5.0-201fc85-SNAPSHOT.jar:0.5.0-201fc85-SNAPSHOT]
	at org.apache.ratis.grpc.client.GrpcClientProtocolService$OrderedRequestStreamObserver.processClientRequest(GrpcClientProtocolService.java:326) ~[ratis-grpc-0.5.0-201fc85-SNAPSHOT.jar:0.5.0-201fc85-SNAPSHOT]
	at org.apache.ratis.util.SlidingWindow$Server.processRequestsFromHead(SlidingWindow.java:429) [ratis-common-0.5.0-201fc85-SNAPSHOT.jar:0.5.0-201fc85-SNAPSHOT]
	at org.apache.ratis.util.SlidingWindow$Server.receivedRequest(SlidingWindow.java:421) [ratis-common-0.5.0-201fc85-SNAPSHOT.jar:0.5.0-201fc85-SNAPSHOT]
	at org.apache.ratis.grpc.client.GrpcClientProtocolService$OrderedRequestStreamObserver.processClientRequest(GrpcClientProtocolService.java:345) [ratis-grpc-0.5.0-201fc85-SNAPSHOT.jar:0.5.0-201fc85-SNAPSHOT]
	at org.apache.ratis.grpc.client.GrpcClientProtocolService$RequestStreamObserver.onNext(GrpcClientProtocolService.java:240) [ratis-grpc-0.5.0-201fc85-SNAPSHOT.jar:0.5.0-201fc85-SNAPSHOT]
	at org.apache.ratis.grpc.client.GrpcClientProtocolService$RequestStreamObserver.onNext(GrpcClientProtocolService.java:168) [ratis-grpc-0.5.0-201fc85-SNAPSHOT.jar:0.5.0-201fc85-SNAPSHOT]
	at org.apache.ratis.thirdparty.io.grpc.stub.ServerCalls$StreamingServerCallHandler$StreamingServerCallListener.onMessage(ServerCalls.java:248) [ratis-thirdparty-misc-0.2.0.jar:0.2.0]
	at org.apache.ratis.thirdparty.io.grpc.internal.ServerCallImpl$ServerStreamListenerImpl.messagesAvailable(ServerCallImpl.java:263) [ratis-thirdparty-misc-0.2.0.jar:0.2.0]
	at org.apache.ratis.thirdparty.io.grpc.internal.ServerImpl$JumpToApplicationThreadServerStreamListener$1MessagesAvailable.runInContext(ServerImpl.java:686) [ratis-thirdparty-misc-0.2.0.jar:0.2.0]
	at org.apache.ratis.thirdparty.io.grpc.internal.ContextRunnable.run(ContextRunnable.java:37) [ratis-thirdparty-misc-0.2.0.jar:0.2.0]
	at org.apache.ratis.thirdparty.io.grpc.internal.SerializingExecutor.run(SerializingExecutor.java:123) [ratis-thirdparty-misc-0.2.0.jar:0.2.0]
	at java.util.concurrent.ThreadPoolExecutor.runWorker(ThreadPoolExecutor.java:1149) [?:1.8.0_212]
	at java.util.concurrent.ThreadPoolExecutor$Worker.run(ThreadPoolExecutor.java:624) [?:1.8.0_212]
	at java.lang.Thread.run(Thread.java:748) [?:1.8.0_212]
2019-10-08 21:41:01,380 [main] INFO  ozone.MiniOzoneClusterImpl (MiniOzoneClusterImpl.java:shutdown(314)) - Shutting down the Mini Ozone Cluster
2019-10-08 21:41:01,380 [main] INFO  ozone.MiniOzoneClusterImpl (MiniOzoneClusterImpl.java:stop(330)) - Stopping the Mini Ozone Cluster
2019-10-08 21:41:01,381 [main] INFO  ozone.MiniOzoneClusterImpl (MiniOzoneClusterImpl.java:stopOM(400)) - Stopping the OzoneManager
2019-10-08 21:41:01,381 [main] INFO  ipc.Server (Server.java:stop(3082)) - Stopping server on 46487
2019-10-08 21:41:01,394 [IPC Server listener on 46487] INFO  ipc.Server (Server.java:run(1185)) - Stopping IPC Server listener on 46487
2019-10-08 21:41:01,398 [IPC Server Responder] INFO  ipc.Server (Server.java:run(1319)) - Stopping IPC Server Responder
2019-10-08 21:41:01,398 [main] INFO  ratis.OzoneManagerDoubleBuffer (OzoneManagerDoubleBuffer.java:stop(248)) - Stopping OMDoubleBuffer flush thread
2019-10-08 21:41:01,411 [OMDoubleBufferFlushThread] INFO  ratis.OzoneManagerDoubleBuffer (OzoneManagerDoubleBuffer.java:flushTransactions(191)) - OMDoubleBuffer flush thread OMDoubleBufferFlushThread is interrupted and will exit. OMDoubleBufferFlushThread
2019-10-08 21:41:01,420 [main] INFO  utils.BackgroundService (BackgroundService.java:shutdown(148)) - Shutting down service KeyDeletingService
2019-10-08 21:41:01,423 [main] INFO  handler.ContextHandler (ContextHandler.java:doStop(910)) - Stopped o.e.j.w.WebAppContext@1373e3ee{/,null,UNAVAILABLE}{/ozoneManager}
2019-10-08 21:41:01,424 [main] INFO  server.AbstractConnector (AbstractConnector.java:doStop(318)) - Stopped ServerConnector@175c5c3a{HTTP/1.1,[http/1.1]}{0.0.0.0:0}
2019-10-08 21:41:01,425 [main] INFO  handler.ContextHandler (ContextHandler.java:doStop(910)) - Stopped o.e.j.s.ServletContextHandler@c48b543{/static,file:///workdir/hadoop-ozone/integration-test/target/test-classes/webapps/static,UNAVAILABLE}
2019-10-08 21:41:01,425 [main] INFO  handler.ContextHandler (ContextHandler.java:doStop(910)) - Stopped o.e.j.s.ServletContextHandler@72a8361b{/logs,file:///workdir/hadoop-ozone/integration-test/target/log,UNAVAILABLE}
2019-10-08 21:41:01,428 [main] INFO  ozone.MiniOzoneClusterImpl (MiniOzoneClusterImpl.java:stopDatanodes(377)) - Stopping the HddsDatanodes
2019-10-08 21:41:02,162 [Datanode State Machine Thread - 0] INFO  statemachine.DatanodeStateMachine (DatanodeStateMachine.java:lambda$startDaemon$0(350)) - Ozone container server started.
2019-10-08 21:41:02,378 [Datanode State Machine Thread - 0] INFO  statemachine.DatanodeStateMachine (DatanodeStateMachine.java:lambda$startDaemon$0(350)) - Ozone container server started.
2019-10-08 21:41:03,029 [grpc-default-executor-8] WARN  server.GrpcLogAppender (LogUtils.java:warn(134)) - 8c43b318-eee5-46fe-878c-785d6b15b75a@group-4EC4E3941097->5e869320-ccac-4aeb-8df2-e4f668b3d0f4-AppendLogResponseHandler: Failed appendEntries: org.apache.ratis.thirdparty.io.grpc.StatusRuntimeException: UNAVAILABLE: io exception
2019-10-08 21:41:03,030 [grpc-default-executor-8] INFO  impl.FollowerInfo (FollowerInfo.java:lambda$new$0(51)) - 8c43b318-eee5-46fe-878c-785d6b15b75a@group-4EC4E3941097->5e869320-ccac-4aeb-8df2-e4f668b3d0f4: nextIndex: updateUnconditionally 1 -> 0
2019-10-08 21:41:05,532 [grpc-default-executor-8] WARN  server.GrpcLogAppender (LogUtils.java:warn(134)) - 8c43b318-eee5-46fe-878c-785d6b15b75a@group-4EC4E3941097->5e869320-ccac-4aeb-8df2-e4f668b3d0f4-AppendLogResponseHandler: Failed appendEntries: org.apache.ratis.thirdparty.io.grpc.StatusRuntimeException: UNAVAILABLE: io exception
2019-10-08 21:41:05,533 [grpc-default-executor-8] INFO  impl.FollowerInfo (FollowerInfo.java:lambda$new$0(51)) - 8c43b318-eee5-46fe-878c-785d6b15b75a@group-4EC4E3941097->5e869320-ccac-4aeb-8df2-e4f668b3d0f4: nextIndex: updateUnconditionally 0 -> 0
2019-10-08 21:41:06,179 [EventQueue-StaleNodeForStaleNodeHandler] INFO  node.StaleNodeHandler (StaleNodeHandler.java:onMessage(58)) - Datanode 02b80970-fa1c-404f-b5fe-a1cf6fa01e71{ip: 192.168.151.107, host: pr-hdds-2217-2kdk4-3258704453, networkLocation: /default-rack, certSerialId: null} moved to stale state. Finalizing its pipelines [PipelineID=de58bca9-6be1-4cee-87da-e4f808037a2a, PipelineID=1c16f05f-bbe0-401b-a355-6372521898f1]
2019-10-08 21:41:06,180 [EventQueue-StaleNodeForStaleNodeHandler] INFO  pipeline.SCMPipelineManager (SCMPipelineManager.java:finalizeAndDestroyPipeline(315)) - destroying pipeline:Pipeline[ Id: de58bca9-6be1-4cee-87da-e4f808037a2a, Nodes: 02b80970-fa1c-404f-b5fe-a1cf6fa01e71{ip: 192.168.151.107, host: pr-hdds-2217-2kdk4-3258704453, networkLocation: /default-rack, certSerialId: null}, Type:RATIS, Factor:ONE, State:OPEN]
2019-10-08 21:41:06,180 [EventQueue-StaleNodeForStaleNodeHandler] INFO  pipeline.PipelineStateManager (PipelineStateManager.java:finalizePipeline(123)) - Pipeline Pipeline[ Id: de58bca9-6be1-4cee-87da-e4f808037a2a, Nodes: 02b80970-fa1c-404f-b5fe-a1cf6fa01e71{ip: 192.168.151.107, host: pr-hdds-2217-2kdk4-3258704453, networkLocation: /default-rack, certSerialId: null}, Type:RATIS, Factor:ONE, State:CLOSED] moved to CLOSED state
2019-10-08 21:41:06,181 [EventQueue-StaleNodeForStaleNodeHandler] INFO  pipeline.SCMPipelineManager (SCMPipelineManager.java:finalizeAndDestroyPipeline(315)) - destroying pipeline:Pipeline[ Id: 1c16f05f-bbe0-401b-a355-6372521898f1, Nodes: 6127908d-2d89-4418-b2d1-db9941b4b945{ip: 192.168.151.107, host: pr-hdds-2217-2kdk4-3258704453, networkLocation: /default-rack, certSerialId: null}943987cc-052a-4c66-b334-3413c0116694{ip: 192.168.151.107, host: pr-hdds-2217-2kdk4-3258704453, networkLocation: /default-rack, certSerialId: null}02b80970-fa1c-404f-b5fe-a1cf6fa01e71{ip: 192.168.151.107, host: pr-hdds-2217-2kdk4-3258704453, networkLocation: /default-rack, certSerialId: null}, Type:RATIS, Factor:THREE, State:OPEN]
2019-10-08 21:41:06,182 [EventQueue-StaleNodeForStaleNodeHandler] INFO  pipeline.PipelineStateManager (PipelineStateManager.java:finalizePipeline(123)) - Pipeline Pipeline[ Id: 1c16f05f-bbe0-401b-a355-6372521898f1, Nodes: 6127908d-2d89-4418-b2d1-db9941b4b945{ip: 192.168.151.107, host: pr-hdds-2217-2kdk4-3258704453, networkLocation: /default-rack, certSerialId: null}943987cc-052a-4c66-b334-3413c0116694{ip: 192.168.151.107, host: pr-hdds-2217-2kdk4-3258704453, networkLocation: /default-rack, certSerialId: null}02b80970-fa1c-404f-b5fe-a1cf6fa01e71{ip: 192.168.151.107, host: pr-hdds-2217-2kdk4-3258704453, networkLocation: /default-rack, certSerialId: null}, Type:RATIS, Factor:THREE, State:CLOSED] moved to CLOSED state
2019-10-08 21:41:06,182 [EventQueue-CloseContainerForCloseContainerEventHandler] INFO  container.CloseContainerEventHandler (CloseContainerEventHandler.java:onMessage(61)) - Close container Event triggered for container : #2
2019-10-08 21:41:06,386 [EventQueue-StaleNodeForStaleNodeHandler] INFO  node.StaleNodeHandler (StaleNodeHandler.java:onMessage(58)) - Datanode f3a9150c-a922-470c-8d35-94a0c83d506b{ip: 192.168.151.107, host: pr-hdds-2217-2kdk4-3258704453, networkLocation: /default-rack, certSerialId: null} moved to stale state. Finalizing its pipelines [PipelineID=abbe4d11-1c07-4bcf-a5cb-4ec4e3941097, PipelineID=8ba952c8-ceaa-47b9-a07b-86bc1b1873a0]
2019-10-08 21:41:06,392 [EventQueue-StaleNodeForStaleNodeHandler] INFO  pipeline.SCMPipelineManager (SCMPipelineManager.java:finalizeAndDestroyPipeline(315)) - destroying pipeline:Pipeline[ Id: abbe4d11-1c07-4bcf-a5cb-4ec4e3941097, Nodes: 5e869320-ccac-4aeb-8df2-e4f668b3d0f4{ip: 192.168.151.107, host: pr-hdds-2217-2kdk4-3258704453, networkLocation: /default-rack, certSerialId: null}f3a9150c-a922-470c-8d35-94a0c83d506b{ip: 192.168.151.107, host: pr-hdds-2217-2kdk4-3258704453, networkLocation: /default-rack, certSerialId: null}8c43b318-eee5-46fe-878c-785d6b15b75a{ip: 192.168.151.107, host: pr-hdds-2217-2kdk4-3258704453, networkLocation: /default-rack, certSerialId: null}, Type:RATIS, Factor:THREE, State:CLOSED]
2019-10-08 21:41:06,392 [EventQueue-StaleNodeForStaleNodeHandler] INFO  pipeline.SCMPipelineManager (SCMPipelineManager.java:finalizeAndDestroyPipeline(315)) - destroying pipeline:Pipeline[ Id: 8ba952c8-ceaa-47b9-a07b-86bc1b1873a0, Nodes: f3a9150c-a922-470c-8d35-94a0c83d506b{ip: 192.168.151.107, host: pr-hdds-2217-2kdk4-3258704453, networkLocation: /default-rack, certSerialId: null}, Type:RATIS, Factor:ONE, State:OPEN]
2019-10-08 21:41:06,392 [EventQueue-StaleNodeForStaleNodeHandler] INFO  pipeline.PipelineStateManager (PipelineStateManager.java:finalizePipeline(123)) - Pipeline Pipeline[ Id: 8ba952c8-ceaa-47b9-a07b-86bc1b1873a0, Nodes: f3a9150c-a922-470c-8d35-94a0c83d506b{ip: 192.168.151.107, host: pr-hdds-2217-2kdk4-3258704453, networkLocation: /default-rack, certSerialId: null}, Type:RATIS, Factor:ONE, State:CLOSED] moved to CLOSED state
2019-10-08 21:41:06,429 [main] INFO  ozoneimpl.OzoneContainer (OzoneContainer.java:stop(227)) - Attempting to stop container services.
2019-10-08 21:41:06,429 [ForkJoinPool.commonPool-worker-1] INFO  ozoneimpl.OzoneContainer (OzoneContainer.java:stop(227)) - Attempting to stop container services.
2019-10-08 21:41:06,432 [main] INFO  impl.RaftServerProxy (RaftServerProxy.java:lambda$close$4(314)) - 02b80970-fa1c-404f-b5fe-a1cf6fa01e71: close
2019-10-08 21:41:06,432 [ForkJoinPool.commonPool-worker-1] INFO  impl.RaftServerProxy (RaftServerProxy.java:lambda$close$4(314)) - f3a9150c-a922-470c-8d35-94a0c83d506b: close
2019-10-08 21:41:06,432 [main] INFO  impl.RaftServerImpl (RaftServerImpl.java:lambda$shutdown$3(247)) - 02b80970-fa1c-404f-b5fe-a1cf6fa01e71@group-E4F808037A2A: shutdown
2019-10-08 21:41:06,433 [ForkJoinPool.commonPool-worker-1] INFO  impl.RaftServerImpl (RaftServerImpl.java:lambda$shutdown$3(247)) - f3a9150c-a922-470c-8d35-94a0c83d506b@group-4EC4E3941097: shutdown
2019-10-08 21:41:06,433 [main] INFO  util.JmxRegister (JmxRegister.java:unregister(73)) - Successfully un-registered JMX Bean with object name Ratis:service=RaftServer,group=group-E4F808037A2A,id=02b80970-fa1c-404f-b5fe-a1cf6fa01e71
2019-10-08 21:41:06,433 [ForkJoinPool.commonPool-worker-1] INFO  util.JmxRegister (JmxRegister.java:unregister(73)) - Successfully un-registered JMX Bean with object name Ratis:service=RaftServer,group=group-4EC4E3941097,id=f3a9150c-a922-470c-8d35-94a0c83d506b
2019-10-08 21:41:06,433 [main] INFO  impl.RoleInfo (RoleInfo.java:shutdownLeaderState(104)) - 02b80970-fa1c-404f-b5fe-a1cf6fa01e71: shutdown LeaderState
2019-10-08 21:41:06,433 [ForkJoinPool.commonPool-worker-1] INFO  impl.RoleInfo (RoleInfo.java:shutdownFollowerState(121)) - f3a9150c-a922-470c-8d35-94a0c83d506b: shutdown FollowerState
2019-10-08 21:41:06,434 [main] INFO  impl.PendingRequests (PendingRequests.java:sendNotLeaderResponses(202)) - 02b80970-fa1c-404f-b5fe-a1cf6fa01e71@group-E4F808037A2A-PendingRequests: sendNotLeaderResponses
2019-10-08 21:41:06,434 [f3a9150c-a922-470c-8d35-94a0c83d506b@group-4EC4E3941097-StateMachineUpdater] INFO  ratis.ContainerStateMachine (ContainerStateMachine.java:takeSnapshot(294)) - group-4EC4E3941097: Taking a snapshot at:(t:1, i:14) file /workdir/hadoop-ozone/integration-test/target/test-dir/MiniOzoneClusterImpl-7fb7994d-4bc0-4253-a887-0c3ab883c7d2/datanode-2/data/ratis/abbe4d11-1c07-4bcf-a5cb-4ec4e3941097/sm/snapshot.1_14
2019-10-08 21:41:06,434 [Thread-3250] INFO  impl.FollowerState (FollowerState.java:run(117)) - f3a9150c-a922-470c-8d35-94a0c83d506b@group-4EC4E3941097-FollowerState was interrupted: java.lang.InterruptedException: sleep interrupted
2019-10-08 21:41:06,434 [ForkJoinPool.commonPool-worker-1] INFO  impl.StateMachineUpdater (StateMachineUpdater.java:stopAndJoin(136)) - f3a9150c-a922-470c-8d35-94a0c83d506b@group-4EC4E3941097-StateMachineUpdater: set stopIndex = 18
2019-10-08 21:41:06,436 [main] INFO  impl.StateMachineUpdater (StateMachineUpdater.java:stopAndJoin(136)) - 02b80970-fa1c-404f-b5fe-a1cf6fa01e71@group-E4F808037A2A-StateMachineUpdater: set stopIndex = 0
2019-10-08 21:41:06,437 [main] INFO  impl.RaftServerImpl (ServerState.java:close(387)) - 02b80970-fa1c-404f-b5fe-a1cf6fa01e71@group-E4F808037A2A: closes. applyIndex: 0
2019-10-08 21:41:06,438 [02b80970-fa1c-404f-b5fe-a1cf6fa01e71@group-E4F808037A2A-SegmentedRaftLogWorker] INFO  segmented.SegmentedRaftLogWorker (SegmentedRaftLogWorker.java:run(316)) - 02b80970-fa1c-404f-b5fe-a1cf6fa01e71@group-E4F808037A2A-SegmentedRaftLogWorker was interrupted, exiting. There are 0 tasks remaining in the queue.
2019-10-08 21:41:06,440 [main] INFO  segmented.SegmentedRaftLogWorker (SegmentedRaftLogWorker.java:close(224)) - 02b80970-fa1c-404f-b5fe-a1cf6fa01e71@group-E4F808037A2A-SegmentedRaftLogWorker close()
2019-10-08 21:41:06,443 [main] INFO  impl.RaftServerImpl (RaftServerImpl.java:lambda$shutdown$3(247)) - 02b80970-fa1c-404f-b5fe-a1cf6fa01e71@group-6372521898F1: shutdown
2019-10-08 21:41:06,444 [main] INFO  util.JmxRegister (JmxRegister.java:unregister(73)) - Successfully un-registered JMX Bean with object name Ratis:service=RaftServer,group=group-6372521898F1,id=02b80970-fa1c-404f-b5fe-a1cf6fa01e71
2019-10-08 21:41:06,444 [main] INFO  impl.RoleInfo (RoleInfo.java:shutdownLeaderState(104)) - 02b80970-fa1c-404f-b5fe-a1cf6fa01e71: shutdown LeaderState
2019-10-08 21:41:06,448 [main] INFO  impl.PendingRequests (PendingRequests.java:sendNotLeaderResponses(202)) - 02b80970-fa1c-404f-b5fe-a1cf6fa01e71@group-6372521898F1-PendingRequests: sendNotLeaderResponses
2019-10-08 21:41:06,448 [org.apache.ratis.server.impl.LogAppender$AppenderDaemon$$Lambda$533/22912421@8b295ea] WARN  server.GrpcLogAppender (GrpcLogAppender.java:mayWait(143)) - 02b80970-fa1c-404f-b5fe-a1cf6fa01e71@group-6372521898F1->6127908d-2d89-4418-b2d1-db9941b4b945-GrpcLogAppender: Wait interrupted by java.lang.InterruptedException
2019-10-08 21:41:06,448 [org.apache.ratis.server.impl.LogAppender$AppenderDaemon$$Lambda$533/22912421@cb4af9d] WARN  server.GrpcLogAppender (GrpcLogAppender.java:mayWait(143)) - 02b80970-fa1c-404f-b5fe-a1cf6fa01e71@group-6372521898F1->943987cc-052a-4c66-b334-3413c0116694-GrpcLogAppender: Wait interrupted by java.lang.InterruptedException
2019-10-08 21:41:06,452 [f3a9150c-a922-470c-8d35-94a0c83d506b@group-4EC4E3941097-StateMachineUpdater] INFO  ratis.ContainerStateMachine (ContainerStateMachine.java:takeSnapshot(305)) - group-4EC4E3941097: Finished taking a snapshot at:(t:1, i:14) file:/workdir/hadoop-ozone/integration-test/target/test-dir/MiniOzoneClusterImpl-7fb7994d-4bc0-4253-a887-0c3ab883c7d2/datanode-2/data/ratis/abbe4d11-1c07-4bcf-a5cb-4ec4e3941097/sm/snapshot.1_14 time:16
2019-10-08 21:41:06,452 [main] INFO  impl.StateMachineUpdater (StateMachineUpdater.java:stopAndJoin(136)) - 02b80970-fa1c-404f-b5fe-a1cf6fa01e71@group-6372521898F1-StateMachineUpdater: set stopIndex = 16
2019-10-08 21:41:06,453 [grpc-default-executor-8] INFO  server.GrpcServerProtocolService (GrpcServerProtocolService.java:onCompleted(113)) - 943987cc-052a-4c66-b334-3413c0116694: Completed APPEND_ENTRIES, lastRequest: 02b80970-fa1c-404f-b5fe-a1cf6fa01e71->943987cc-052a-4c66-b334-3413c0116694#25-t1, previous=(t:1, i:16), leaderCommit=16, initializing? false, entries: <empty>
2019-10-08 21:41:06,453 [f3a9150c-a922-470c-8d35-94a0c83d506b@group-4EC4E3941097-StateMachineUpdater] INFO  impl.StateMachineUpdater (StateMachineUpdater.java:takeSnapshot(269)) - f3a9150c-a922-470c-8d35-94a0c83d506b@group-4EC4E3941097-StateMachineUpdater: Took a snapshot at index 14
2019-10-08 21:41:06,453 [grpc-default-executor-4] INFO  server.GrpcServerProtocolService (GrpcServerProtocolService.java:onCompleted(113)) - 6127908d-2d89-4418-b2d1-db9941b4b945: Completed APPEND_ENTRIES, lastRequest: 02b80970-fa1c-404f-b5fe-a1cf6fa01e71->6127908d-2d89-4418-b2d1-db9941b4b945#25-t1, previous=(t:1, i:16), leaderCommit=16, initializing? false, entries: <empty>
2019-10-08 21:41:06,452 [02b80970-fa1c-404f-b5fe-a1cf6fa01e71@group-6372521898F1-StateMachineUpdater] INFO  ratis.ContainerStateMachine (ContainerStateMachine.java:takeSnapshot(294)) - group-6372521898F1: Taking a snapshot at:(t:1, i:14) file /workdir/hadoop-ozone/integration-test/target/test-dir/MiniOzoneClusterImpl-7fb7994d-4bc0-4253-a887-0c3ab883c7d2/datanode-4/data/ratis/1c16f05f-bbe0-401b-a355-6372521898f1/sm/snapshot.1_14
2019-10-08 21:41:06,453 [f3a9150c-a922-470c-8d35-94a0c83d506b@group-4EC4E3941097-StateMachineUpdater] INFO  impl.StateMachineUpdater (StateMachineUpdater.java:lambda$new$0(84)) - f3a9150c-a922-470c-8d35-94a0c83d506b@group-4EC4E3941097-StateMachineUpdater: snapshotIndex: updateIncreasingly -1 -> 14
2019-10-08 21:41:06,453 [grpc-default-executor-4] INFO  server.GrpcLogAppender (GrpcLogAppender.java:onCompleted(293)) - 02b80970-fa1c-404f-b5fe-a1cf6fa01e71@group-6372521898F1->6127908d-2d89-4418-b2d1-db9941b4b945-AppendLogResponseHandler: follower responses appendEntries COMPLETED
2019-10-08 21:41:06,453 [grpc-default-executor-8] INFO  server.GrpcLogAppender (GrpcLogAppender.java:onCompleted(293)) - 02b80970-fa1c-404f-b5fe-a1cf6fa01e71@group-6372521898F1->943987cc-052a-4c66-b334-3413c0116694-AppendLogResponseHandler: follower responses appendEntries COMPLETED
2019-10-08 21:41:06,454 [f3a9150c-a922-470c-8d35-94a0c83d506b@group-4EC4E3941097-StateMachineUpdater] INFO  ratis.ContainerStateMachine (ContainerStateMachine.java:takeSnapshot(294)) - group-4EC4E3941097: Taking a snapshot at:(t:1, i:14) file /workdir/hadoop-ozone/integration-test/target/test-dir/MiniOzoneClusterImpl-7fb7994d-4bc0-4253-a887-0c3ab883c7d2/datanode-2/data/ratis/abbe4d11-1c07-4bcf-a5cb-4ec4e3941097/sm/snapshot.1_14
2019-10-08 21:41:06,454 [grpc-default-executor-4] INFO  impl.FollowerInfo (FollowerInfo.java:lambda$new$0(51)) - 02b80970-fa1c-404f-b5fe-a1cf6fa01e71@group-6372521898F1->6127908d-2d89-4418-b2d1-db9941b4b945: nextIndex: updateUnconditionally 17 -> 16
2019-10-08 21:41:06,454 [grpc-default-executor-8] INFO  impl.FollowerInfo (FollowerInfo.java:lambda$new$0(51)) - 02b80970-fa1c-404f-b5fe-a1cf6fa01e71@group-6372521898F1->943987cc-052a-4c66-b334-3413c0116694: nextIndex: updateUnconditionally 17 -> 16
2019-10-08 21:41:06,466 [f3a9150c-a922-470c-8d35-94a0c83d506b@group-4EC4E3941097-StateMachineUpdater] INFO  ratis.ContainerStateMachine (ContainerStateMachine.java:takeSnapshot(305)) - group-4EC4E3941097: Finished taking a snapshot at:(t:1, i:14) file:/workdir/hadoop-ozone/integration-test/target/test-dir/MiniOzoneClusterImpl-7fb7994d-4bc0-4253-a887-0c3ab883c7d2/datanode-2/data/ratis/abbe4d11-1c07-4bcf-a5cb-4ec4e3941097/sm/snapshot.1_14 time:13
2019-10-08 21:41:06,466 [02b80970-fa1c-404f-b5fe-a1cf6fa01e71@group-6372521898F1-StateMachineUpdater] INFO  ratis.ContainerStateMachine (ContainerStateMachine.java:takeSnapshot(305)) - group-6372521898F1: Finished taking a snapshot at:(t:1, i:14) file:/workdir/hadoop-ozone/integration-test/target/test-dir/MiniOzoneClusterImpl-7fb7994d-4bc0-4253-a887-0c3ab883c7d2/datanode-4/data/ratis/1c16f05f-bbe0-401b-a355-6372521898f1/sm/snapshot.1_14 time:14
2019-10-08 21:41:06,467 [f3a9150c-a922-470c-8d35-94a0c83d506b@group-4EC4E3941097-StateMachineUpdater] INFO  impl.StateMachineUpdater (StateMachineUpdater.java:takeSnapshot(269)) - f3a9150c-a922-470c-8d35-94a0c83d506b@group-4EC4E3941097-StateMachineUpdater: Took a snapshot at index 14
2019-10-08 21:41:06,467 [f3a9150c-a922-470c-8d35-94a0c83d506b@group-4EC4E3941097-StateMachineUpdater] INFO  impl.StateMachineUpdater (StateMachineUpdater.java:lambda$new$0(84)) - f3a9150c-a922-470c-8d35-94a0c83d506b@group-4EC4E3941097-StateMachineUpdater: snapshotIndex: updateIncreasingly 14 -> 14
2019-10-08 21:41:06,467 [02b80970-fa1c-404f-b5fe-a1cf6fa01e71@group-6372521898F1-StateMachineUpdater] INFO  impl.StateMachineUpdater (StateMachineUpdater.java:takeSnapshot(269)) - 02b80970-fa1c-404f-b5fe-a1cf6fa01e71@group-6372521898F1-StateMachineUpdater: Took a snapshot at index 14
2019-10-08 21:41:06,467 [02b80970-fa1c-404f-b5fe-a1cf6fa01e71@group-6372521898F1-StateMachineUpdater] INFO  impl.StateMachineUpdater (StateMachineUpdater.java:lambda$new$0(84)) - 02b80970-fa1c-404f-b5fe-a1cf6fa01e71@group-6372521898F1-StateMachineUpdater: snapshotIndex: updateIncreasingly -1 -> 14
2019-10-08 21:41:06,467 [ForkJoinPool.commonPool-worker-1] INFO  impl.RaftServerImpl (ServerState.java:close(387)) - f3a9150c-a922-470c-8d35-94a0c83d506b@group-4EC4E3941097: closes. applyIndex: 18
2019-10-08 21:41:06,467 [02b80970-fa1c-404f-b5fe-a1cf6fa01e71@group-6372521898F1-StateMachineUpdater] INFO  ratis.ContainerStateMachine (ContainerStateMachine.java:takeSnapshot(294)) - group-6372521898F1: Taking a snapshot at:(t:1, i:14) file /workdir/hadoop-ozone/integration-test/target/test-dir/MiniOzoneClusterImpl-7fb7994d-4bc0-4253-a887-0c3ab883c7d2/datanode-4/data/ratis/1c16f05f-bbe0-401b-a355-6372521898f1/sm/snapshot.1_14
2019-10-08 21:41:06,467 [f3a9150c-a922-470c-8d35-94a0c83d506b@group-4EC4E3941097-SegmentedRaftLogWorker] INFO  segmented.SegmentedRaftLogWorker (SegmentedRaftLogWorker.java:run(316)) - f3a9150c-a922-470c-8d35-94a0c83d506b@group-4EC4E3941097-SegmentedRaftLogWorker was interrupted, exiting. There are 0 tasks remaining in the queue.
2019-10-08 21:41:06,470 [ForkJoinPool.commonPool-worker-1] INFO  segmented.SegmentedRaftLogWorker (SegmentedRaftLogWorker.java:close(224)) - f3a9150c-a922-470c-8d35-94a0c83d506b@group-4EC4E3941097-SegmentedRaftLogWorker close()
2019-10-08 21:41:06,474 [ForkJoinPool.commonPool-worker-1] INFO  impl.RaftServerImpl (RaftServerImpl.java:lambda$shutdown$3(247)) - f3a9150c-a922-470c-8d35-94a0c83d506b@group-86BC1B1873A0: shutdown
2019-10-08 21:41:06,474 [ForkJoinPool.commonPool-worker-1] INFO  util.JmxRegister (JmxRegister.java:unregister(73)) - Successfully un-registered JMX Bean with object name Ratis:service=RaftServer,group=group-86BC1B1873A0,id=f3a9150c-a922-470c-8d35-94a0c83d506b
2019-10-08 21:41:06,474 [ForkJoinPool.commonPool-worker-1] INFO  impl.RoleInfo (RoleInfo.java:shutdownLeaderState(104)) - f3a9150c-a922-470c-8d35-94a0c83d506b: shutdown LeaderState
2019-10-08 21:41:06,474 [ForkJoinPool.commonPool-worker-1] INFO  impl.PendingRequests (PendingRequests.java:sendNotLeaderResponses(202)) - f3a9150c-a922-470c-8d35-94a0c83d506b@group-86BC1B1873A0-PendingRequests: sendNotLeaderResponses
2019-10-08 21:41:06,474 [ForkJoinPool.commonPool-worker-1] INFO  impl.StateMachineUpdater (StateMachineUpdater.java:stopAndJoin(136)) - f3a9150c-a922-470c-8d35-94a0c83d506b@group-86BC1B1873A0-StateMachineUpdater: set stopIndex = 0
2019-10-08 21:41:06,475 [ForkJoinPool.commonPool-worker-1] INFO  impl.RaftServerImpl (ServerState.java:close(387)) - f3a9150c-a922-470c-8d35-94a0c83d506b@group-86BC1B1873A0: closes. applyIndex: 0
2019-10-08 21:41:06,475 [f3a9150c-a922-470c-8d35-94a0c83d506b@group-86BC1B1873A0-SegmentedRaftLogWorker] INFO  segmented.SegmentedRaftLogWorker (SegmentedRaftLogWorker.java:run(316)) - f3a9150c-a922-470c-8d35-94a0c83d506b@group-86BC1B1873A0-SegmentedRaftLogWorker was interrupted, exiting. There are 0 tasks remaining in the queue.
2019-10-08 21:41:06,477 [ForkJoinPool.commonPool-worker-1] INFO  segmented.SegmentedRaftLogWorker (SegmentedRaftLogWorker.java:close(224)) - f3a9150c-a922-470c-8d35-94a0c83d506b@group-86BC1B1873A0-SegmentedRaftLogWorker close()
2019-10-08 21:41:06,480 [ForkJoinPool.commonPool-worker-1] INFO  server.GrpcService (GrpcService.java:closeImpl(164)) - f3a9150c-a922-470c-8d35-94a0c83d506b: shutdown server with port 43452 now
2019-10-08 21:41:06,481 [02b80970-fa1c-404f-b5fe-a1cf6fa01e71@group-6372521898F1-StateMachineUpdater] INFO  ratis.ContainerStateMachine (ContainerStateMachine.java:takeSnapshot(305)) - group-6372521898F1: Finished taking a snapshot at:(t:1, i:14) file:/workdir/hadoop-ozone/integration-test/target/test-dir/MiniOzoneClusterImpl-7fb7994d-4bc0-4253-a887-0c3ab883c7d2/datanode-4/data/ratis/1c16f05f-bbe0-401b-a355-6372521898f1/sm/snapshot.1_14 time:13
2019-10-08 21:41:06,481 [02b80970-fa1c-404f-b5fe-a1cf6fa01e71@group-6372521898F1-StateMachineUpdater] INFO  impl.StateMachineUpdater (StateMachineUpdater.java:takeSnapshot(269)) - 02b80970-fa1c-404f-b5fe-a1cf6fa01e71@group-6372521898F1-StateMachineUpdater: Took a snapshot at index 14
2019-10-08 21:41:06,481 [02b80970-fa1c-404f-b5fe-a1cf6fa01e71@group-6372521898F1-StateMachineUpdater] INFO  impl.StateMachineUpdater (StateMachineUpdater.java:lambda$new$0(84)) - 02b80970-fa1c-404f-b5fe-a1cf6fa01e71@group-6372521898F1-StateMachineUpdater: snapshotIndex: updateIncreasingly 14 -> 14
2019-10-08 21:41:06,481 [main] INFO  impl.RaftServerImpl (ServerState.java:close(387)) - 02b80970-fa1c-404f-b5fe-a1cf6fa01e71@group-6372521898F1: closes. applyIndex: 16
2019-10-08 21:41:06,481 [grpc-default-executor-4] WARN  server.GrpcServerProtocolService (LogUtils.java:warn(134)) - f3a9150c-a922-470c-8d35-94a0c83d506b: installSnapshot onError, lastRequest: 8c43b318-eee5-46fe-878c-785d6b15b75a->f3a9150c-a922-470c-8d35-94a0c83d506b#4-t2, previous=(t:2, i:18), leaderCommit=18, initializing? false, entries: <empty>: org.apache.ratis.thirdparty.io.grpc.StatusRuntimeException: CANCELLED: cancelled before receiving half close
2019-10-08 21:41:06,482 [grpc-default-executor-9] WARN  server.GrpcLogAppender (LogUtils.java:warn(134)) - 8c43b318-eee5-46fe-878c-785d6b15b75a@group-4EC4E3941097->f3a9150c-a922-470c-8d35-94a0c83d506b-AppendLogResponseHandler: Failed appendEntries: org.apache.ratis.thirdparty.io.grpc.StatusRuntimeException: CANCELLED: HTTP/2 error code: CANCEL
Received Rst Stream
2019-10-08 21:41:06,481 [ForkJoinPool.commonPool-worker-1] INFO  server.GrpcService (GrpcService.java:closeImpl(172)) - f3a9150c-a922-470c-8d35-94a0c83d506b: shutdown server with port 43452 successfully
2019-10-08 21:41:06,482 [grpc-default-executor-9] INFO  impl.FollowerInfo (FollowerInfo.java:lambda$new$0(51)) - 8c43b318-eee5-46fe-878c-785d6b15b75a@group-4EC4E3941097->f3a9150c-a922-470c-8d35-94a0c83d506b: nextIndex: updateUnconditionally 19 -> 18
2019-10-08 21:41:06,482 [02b80970-fa1c-404f-b5fe-a1cf6fa01e71@group-6372521898F1-SegmentedRaftLogWorker] INFO  segmented.SegmentedRaftLogWorker (SegmentedRaftLogWorker.java:run(316)) - 02b80970-fa1c-404f-b5fe-a1cf6fa01e71@group-6372521898F1-SegmentedRaftLogWorker was interrupted, exiting. There are 0 tasks remaining in the queue.
2019-10-08 21:41:06,485 [main] INFO  segmented.SegmentedRaftLogWorker (SegmentedRaftLogWorker.java:close(224)) - 02b80970-fa1c-404f-b5fe-a1cf6fa01e71@group-6372521898F1-SegmentedRaftLogWorker close()
2019-10-08 21:41:06,488 [main] INFO  server.GrpcService (GrpcService.java:closeImpl(164)) - 02b80970-fa1c-404f-b5fe-a1cf6fa01e71: shutdown server with port 40218 now
2019-10-08 21:41:06,489 [refreshUsed-/workdir/hadoop-ozone/integration-test/target/test-dir/MiniOzoneClusterImpl-7fb7994d-4bc0-4253-a887-0c3ab883c7d2/datanode-2/data/containers] WARN  fs.CachingGetSpaceUsed (CachingGetSpaceUsed.java:run(183)) - Thread Interrupted waiting to refresh disk information: sleep interrupted
2019-10-08 21:41:06,489 [grpc-default-executor-9] WARN  client.GrpcClientProtocolService (LogUtils.java:warn(134)) - 1-UnorderedRequestStreamObserver1: onError: org.apache.ratis.thirdparty.io.grpc.StatusRuntimeException: CANCELLED: cancelled before receiving half close
2019-10-08 21:41:06,489 [main] INFO  server.GrpcService (GrpcService.java:closeImpl(172)) - 02b80970-fa1c-404f-b5fe-a1cf6fa01e71: shutdown server with port 40218 successfully
2019-10-08 21:41:06,493 [refreshUsed-/workdir/hadoop-ozone/integration-test/target/test-dir/MiniOzoneClusterImpl-7fb7994d-4bc0-4253-a887-0c3ab883c7d2/datanode-4/data/containers] WARN  fs.CachingGetSpaceUsed (CachingGetSpaceUsed.java:run(183)) - Thread Interrupted waiting to refresh disk information: sleep interrupted
2019-10-08 21:41:06,507 [ForkJoinPool.commonPool-worker-1] INFO  utils.BackgroundService (BackgroundService.java:shutdown(148)) - Shutting down service BlockDeletingService
2019-10-08 21:41:06,507 [main] INFO  utils.BackgroundService (BackgroundService.java:shutdown(148)) - Shutting down service BlockDeletingService
2019-10-08 21:41:06,513 [main] INFO  statemachine.DatanodeStateMachine (DatanodeStateMachine.java:stopDaemon(395)) - Ozone container server stopped.
2019-10-08 21:41:06,513 [ForkJoinPool.commonPool-worker-1] INFO  statemachine.DatanodeStateMachine (DatanodeStateMachine.java:stopDaemon(395)) - Ozone container server stopped.
2019-10-08 21:41:06,518 [ForkJoinPool.commonPool-worker-1] INFO  handler.ContextHandler (ContextHandler.java:doStop(910)) - Stopped o.e.j.w.WebAppContext@6cdee57{/,null,UNAVAILABLE}{/hddsDatanode}
2019-10-08 21:41:06,518 [main] INFO  handler.ContextHandler (ContextHandler.java:doStop(910)) - Stopped o.e.j.w.WebAppContext@5b066c33{/,null,UNAVAILABLE}{/hddsDatanode}
2019-10-08 21:41:06,519 [ForkJoinPool.commonPool-worker-1] INFO  server.AbstractConnector (AbstractConnector.java:doStop(318)) - Stopped ServerConnector@482f7af0{HTTP/1.1,[http/1.1]}{0.0.0.0:0}
2019-10-08 21:41:06,519 [main] INFO  server.AbstractConnector (AbstractConnector.java:doStop(318)) - Stopped ServerConnector@62ea8931{HTTP/1.1,[http/1.1]}{0.0.0.0:0}
2019-10-08 21:41:06,520 [ForkJoinPool.commonPool-worker-1] INFO  handler.ContextHandler (ContextHandler.java:doStop(910)) - Stopped o.e.j.s.ServletContextHandler@578c3fd9{/static,jar:file:/home/user/.m2/repository/org/apache/hadoop/hadoop-hdds-container-service/0.5.0-SNAPSHOT/hadoop-hdds-container-service-0.5.0-SNAPSHOT.jar!/webapps/static,UNAVAILABLE}
2019-10-08 21:41:06,520 [main] INFO  handler.ContextHandler (ContextHandler.java:doStop(910)) - Stopped o.e.j.s.ServletContextHandler@56a05324{/static,jar:file:/home/user/.m2/repository/org/apache/hadoop/hadoop-hdds-container-service/0.5.0-SNAPSHOT/hadoop-hdds-container-service-0.5.0-SNAPSHOT.jar!/webapps/static,UNAVAILABLE}
2019-10-08 21:41:06,522 [ForkJoinPool.commonPool-worker-1] INFO  handler.ContextHandler (ContextHandler.java:doStop(910)) - Stopped o.e.j.s.ServletContextHandler@712e787e{/logs,file:///workdir/hadoop-ozone/integration-test/target/log,UNAVAILABLE}
2019-10-08 21:41:06,522 [main] INFO  handler.ContextHandler (ContextHandler.java:doStop(910)) - Stopped o.e.j.s.ServletContextHandler@7f2b584b{/logs,file:///workdir/hadoop-ozone/integration-test/target/log,UNAVAILABLE}
2019-10-08 21:41:07,161 [Datanode State Machine Thread - 0] INFO  statemachine.DatanodeStateMachine (DatanodeStateMachine.java:lambda$startDaemon$0(350)) - Ozone container server started.
2019-10-08 21:41:07,378 [Datanode State Machine Thread - 0] INFO  statemachine.DatanodeStateMachine (DatanodeStateMachine.java:lambda$startDaemon$0(350)) - Ozone container server started.
2019-10-08 21:41:08,031 [grpc-default-executor-9] WARN  server.GrpcLogAppender (LogUtils.java:warn(134)) - 8c43b318-eee5-46fe-878c-785d6b15b75a@group-4EC4E3941097->5e869320-ccac-4aeb-8df2-e4f668b3d0f4-AppendLogResponseHandler: Failed appendEntries: org.apache.ratis.thirdparty.io.grpc.StatusRuntimeException: UNAVAILABLE: io exception
2019-10-08 21:41:08,031 [grpc-default-executor-9] INFO  impl.FollowerInfo (FollowerInfo.java:lambda$new$0(51)) - 8c43b318-eee5-46fe-878c-785d6b15b75a@group-4EC4E3941097->5e869320-ccac-4aeb-8df2-e4f668b3d0f4: nextIndex: updateUnconditionally 0 -> 0
2019-10-08 21:41:08,035 [grpc-default-executor-4] WARN  server.GrpcLogAppender (LogUtils.java:warn(134)) - 8c43b318-eee5-46fe-878c-785d6b15b75a@group-4EC4E3941097->f3a9150c-a922-470c-8d35-94a0c83d506b-AppendLogResponseHandler: Failed appendEntries: org.apache.ratis.thirdparty.io.grpc.StatusRuntimeException: UNAVAILABLE: io exception
2019-10-08 21:41:08,036 [grpc-default-executor-4] INFO  impl.FollowerInfo (FollowerInfo.java:lambda$new$0(51)) - 8c43b318-eee5-46fe-878c-785d6b15b75a@group-4EC4E3941097->f3a9150c-a922-470c-8d35-94a0c83d506b: nextIndex: updateUnconditionally 18 -> 17
2019-10-08 21:41:10,536 [grpc-default-executor-4] WARN  server.GrpcLogAppender (LogUtils.java:warn(134)) - 8c43b318-eee5-46fe-878c-785d6b15b75a@group-4EC4E3941097->5e869320-ccac-4aeb-8df2-e4f668b3d0f4-AppendLogResponseHandler: Failed appendEntries: org.apache.ratis.thirdparty.io.grpc.StatusRuntimeException: UNAVAILABLE: io exception
2019-10-08 21:41:10,537 [grpc-default-executor-9] WARN  server.GrpcLogAppender (LogUtils.java:warn(134)) - 8c43b318-eee5-46fe-878c-785d6b15b75a@group-4EC4E3941097->f3a9150c-a922-470c-8d35-94a0c83d506b-AppendLogResponseHandler: Failed appendEntries: org.apache.ratis.thirdparty.io.grpc.StatusRuntimeException: UNAVAILABLE: io exception
2019-10-08 21:41:10,537 [grpc-default-executor-4] INFO  impl.FollowerInfo (FollowerInfo.java:lambda$new$0(51)) - 8c43b318-eee5-46fe-878c-785d6b15b75a@group-4EC4E3941097->5e869320-ccac-4aeb-8df2-e4f668b3d0f4: nextIndex: updateUnconditionally 0 -> 0
2019-10-08 21:41:10,537 [grpc-default-executor-9] INFO  impl.FollowerInfo (FollowerInfo.java:lambda$new$0(51)) - 8c43b318-eee5-46fe-878c-785d6b15b75a@group-4EC4E3941097->f3a9150c-a922-470c-8d35-94a0c83d506b: nextIndex: updateUnconditionally 17 -> 16
2019-10-08 21:41:11,194 [EventQueue-StaleNodeForStaleNodeHandler] INFO  node.StaleNodeHandler (StaleNodeHandler.java:onMessage(58)) - Datanode 943987cc-052a-4c66-b334-3413c0116694{ip: 192.168.151.107, host: pr-hdds-2217-2kdk4-3258704453, networkLocation: /default-rack, certSerialId: null} moved to stale state. Finalizing its pipelines [PipelineID=37e07cc8-8c68-439a-b346-a975645ebe1c, PipelineID=1c16f05f-bbe0-401b-a355-6372521898f1]
2019-10-08 21:41:11,195 [EventQueue-StaleNodeForStaleNodeHandler] INFO  pipeline.SCMPipelineManager (SCMPipelineManager.java:finalizeAndDestroyPipeline(315)) - destroying pipeline:Pipeline[ Id: 37e07cc8-8c68-439a-b346-a975645ebe1c, Nodes: 943987cc-052a-4c66-b334-3413c0116694{ip: 192.168.151.107, host: pr-hdds-2217-2kdk4-3258704453, networkLocation: /default-rack, certSerialId: null}, Type:RATIS, Factor:ONE, State:OPEN]
2019-10-08 21:41:11,195 [EventQueue-StaleNodeForStaleNodeHandler] INFO  pipeline.PipelineStateManager (PipelineStateManager.java:finalizePipeline(123)) - Pipeline Pipeline[ Id: 37e07cc8-8c68-439a-b346-a975645ebe1c, Nodes: 943987cc-052a-4c66-b334-3413c0116694{ip: 192.168.151.107, host: pr-hdds-2217-2kdk4-3258704453, networkLocation: /default-rack, certSerialId: null}, Type:RATIS, Factor:ONE, State:CLOSED] moved to CLOSED state
2019-10-08 21:41:11,196 [EventQueue-StaleNodeForStaleNodeHandler] INFO  pipeline.SCMPipelineManager (SCMPipelineManager.java:finalizeAndDestroyPipeline(315)) - destroying pipeline:Pipeline[ Id: 1c16f05f-bbe0-401b-a355-6372521898f1, Nodes: 6127908d-2d89-4418-b2d1-db9941b4b945{ip: 192.168.151.107, host: pr-hdds-2217-2kdk4-3258704453, networkLocation: /default-rack, certSerialId: null}943987cc-052a-4c66-b334-3413c0116694{ip: 192.168.151.107, host: pr-hdds-2217-2kdk4-3258704453, networkLocation: /default-rack, certSerialId: null}02b80970-fa1c-404f-b5fe-a1cf6fa01e71{ip: 192.168.151.107, host: pr-hdds-2217-2kdk4-3258704453, networkLocation: /default-rack, certSerialId: null}, Type:RATIS, Factor:THREE, State:CLOSED]
2019-10-08 21:41:11,394 [EventQueue-StaleNodeForStaleNodeHandler] INFO  node.StaleNodeHandler (StaleNodeHandler.java:onMessage(58)) - Datanode 8c43b318-eee5-46fe-878c-785d6b15b75a{ip: 192.168.151.107, host: pr-hdds-2217-2kdk4-3258704453, networkLocation: /default-rack, certSerialId: null} moved to stale state. Finalizing its pipelines [PipelineID=e90d636a-421c-4eb7-97aa-d74e408dee57, PipelineID=abbe4d11-1c07-4bcf-a5cb-4ec4e3941097]
2019-10-08 21:41:11,395 [EventQueue-StaleNodeForStaleNodeHandler] INFO  pipeline.SCMPipelineManager (SCMPipelineManager.java:finalizeAndDestroyPipeline(315)) - destroying pipeline:Pipeline[ Id: e90d636a-421c-4eb7-97aa-d74e408dee57, Nodes: 8c43b318-eee5-46fe-878c-785d6b15b75a{ip: 192.168.151.107, host: pr-hdds-2217-2kdk4-3258704453, networkLocation: /default-rack, certSerialId: null}, Type:RATIS, Factor:ONE, State:OPEN]
2019-10-08 21:41:11,395 [EventQueue-StaleNodeForStaleNodeHandler] INFO  pipeline.PipelineStateManager (PipelineStateManager.java:finalizePipeline(123)) - Pipeline Pipeline[ Id: e90d636a-421c-4eb7-97aa-d74e408dee57, Nodes: 8c43b318-eee5-46fe-878c-785d6b15b75a{ip: 192.168.151.107, host: pr-hdds-2217-2kdk4-3258704453, networkLocation: /default-rack, certSerialId: null}, Type:RATIS, Factor:ONE, State:CLOSED] moved to CLOSED state
2019-10-08 21:41:11,395 [EventQueue-StaleNodeForStaleNodeHandler] INFO  pipeline.SCMPipelineManager (SCMPipelineManager.java:finalizeAndDestroyPipeline(315)) - destroying pipeline:Pipeline[ Id: abbe4d11-1c07-4bcf-a5cb-4ec4e3941097, Nodes: 5e869320-ccac-4aeb-8df2-e4f668b3d0f4{ip: 192.168.151.107, host: pr-hdds-2217-2kdk4-3258704453, networkLocation: /default-rack, certSerialId: null}f3a9150c-a922-470c-8d35-94a0c83d506b{ip: 192.168.151.107, host: pr-hdds-2217-2kdk4-3258704453, networkLocation: /default-rack, certSerialId: null}8c43b318-eee5-46fe-878c-785d6b15b75a{ip: 192.168.151.107, host: pr-hdds-2217-2kdk4-3258704453, networkLocation: /default-rack, certSerialId: null}, Type:RATIS, Factor:THREE, State:CLOSED]
2019-10-08 21:41:11,524 [main] INFO  ozoneimpl.OzoneContainer (OzoneContainer.java:stop(227)) - Attempting to stop container services.
2019-10-08 21:41:11,524 [ForkJoinPool.commonPool-worker-1] INFO  ozoneimpl.OzoneContainer (OzoneContainer.java:stop(227)) - Attempting to stop container services.
2019-10-08 21:41:11,531 [main] INFO  impl.RaftServerProxy (RaftServerProxy.java:lambda$close$4(314)) - 943987cc-052a-4c66-b334-3413c0116694: close
2019-10-08 21:41:11,531 [ForkJoinPool.commonPool-worker-1] INFO  impl.RaftServerProxy (RaftServerProxy.java:lambda$close$4(314)) - 8c43b318-eee5-46fe-878c-785d6b15b75a: close
2019-10-08 21:41:11,531 [main] INFO  impl.RaftServerImpl (RaftServerImpl.java:lambda$shutdown$3(247)) - 943987cc-052a-4c66-b334-3413c0116694@group-A975645EBE1C: shutdown
2019-10-08 21:41:11,531 [ForkJoinPool.commonPool-worker-1] INFO  impl.RaftServerImpl (RaftServerImpl.java:lambda$shutdown$3(247)) - 8c43b318-eee5-46fe-878c-785d6b15b75a@group-D74E408DEE57: shutdown
2019-10-08 21:41:11,532 [main] INFO  util.JmxRegister (JmxRegister.java:unregister(73)) - Successfully un-registered JMX Bean with object name Ratis:service=RaftServer,group=group-A975645EBE1C,id=943987cc-052a-4c66-b334-3413c0116694
2019-10-08 21:41:11,532 [ForkJoinPool.commonPool-worker-1] INFO  util.JmxRegister (JmxRegister.java:unregister(73)) - Successfully un-registered JMX Bean with object name Ratis:service=RaftServer,group=group-D74E408DEE57,id=8c43b318-eee5-46fe-878c-785d6b15b75a
2019-10-08 21:41:11,532 [main] INFO  impl.RoleInfo (RoleInfo.java:shutdownLeaderState(104)) - 943987cc-052a-4c66-b334-3413c0116694: shutdown LeaderState
2019-10-08 21:41:11,533 [ForkJoinPool.commonPool-worker-1] INFO  impl.RoleInfo (RoleInfo.java:shutdownLeaderState(104)) - 8c43b318-eee5-46fe-878c-785d6b15b75a: shutdown LeaderState
2019-10-08 21:41:11,533 [main] INFO  impl.PendingRequests (PendingRequests.java:sendNotLeaderResponses(202)) - 943987cc-052a-4c66-b334-3413c0116694@group-A975645EBE1C-PendingRequests: sendNotLeaderResponses
2019-10-08 21:41:11,533 [ForkJoinPool.commonPool-worker-1] INFO  impl.PendingRequests (PendingRequests.java:sendNotLeaderResponses(202)) - 8c43b318-eee5-46fe-878c-785d6b15b75a@group-D74E408DEE57-PendingRequests: sendNotLeaderResponses
2019-10-08 21:41:11,534 [main] INFO  impl.StateMachineUpdater (StateMachineUpdater.java:stopAndJoin(136)) - 943987cc-052a-4c66-b334-3413c0116694@group-A975645EBE1C-StateMachineUpdater: set stopIndex = 0
2019-10-08 21:41:11,534 [ForkJoinPool.commonPool-worker-1] INFO  impl.StateMachineUpdater (StateMachineUpdater.java:stopAndJoin(136)) - 8c43b318-eee5-46fe-878c-785d6b15b75a@group-D74E408DEE57-StateMachineUpdater: set stopIndex = 0
2019-10-08 21:41:11,534 [main] INFO  impl.RaftServerImpl (ServerState.java:close(387)) - 943987cc-052a-4c66-b334-3413c0116694@group-A975645EBE1C: closes. applyIndex: 0
2019-10-08 21:41:11,534 [ForkJoinPool.commonPool-worker-1] INFO  impl.RaftServerImpl (ServerState.java:close(387)) - 8c43b318-eee5-46fe-878c-785d6b15b75a@group-D74E408DEE57: closes. applyIndex: 0
2019-10-08 21:41:11,535 [943987cc-052a-4c66-b334-3413c0116694@group-A975645EBE1C-SegmentedRaftLogWorker] INFO  segmented.SegmentedRaftLogWorker (SegmentedRaftLogWorker.java:run(316)) - 943987cc-052a-4c66-b334-3413c0116694@group-A975645EBE1C-SegmentedRaftLogWorker was interrupted, exiting. There are 0 tasks remaining in the queue.
2019-10-08 21:41:11,535 [8c43b318-eee5-46fe-878c-785d6b15b75a@group-D74E408DEE57-SegmentedRaftLogWorker] INFO  segmented.SegmentedRaftLogWorker (SegmentedRaftLogWorker.java:run(316)) - 8c43b318-eee5-46fe-878c-785d6b15b75a@group-D74E408DEE57-SegmentedRaftLogWorker was interrupted, exiting. There are 0 tasks remaining in the queue.
2019-10-08 21:41:11,537 [main] INFO  segmented.SegmentedRaftLogWorker (SegmentedRaftLogWorker.java:close(224)) - 943987cc-052a-4c66-b334-3413c0116694@group-A975645EBE1C-SegmentedRaftLogWorker close()
2019-10-08 21:41:11,540 [ForkJoinPool.commonPool-worker-1] INFO  segmented.SegmentedRaftLogWorker (SegmentedRaftLogWorker.java:close(224)) - 8c43b318-eee5-46fe-878c-785d6b15b75a@group-D74E408DEE57-SegmentedRaftLogWorker close()
2019-10-08 21:41:11,544 [main] INFO  impl.RaftServerImpl (RaftServerImpl.java:lambda$shutdown$3(247)) - 943987cc-052a-4c66-b334-3413c0116694@group-6372521898F1: shutdown
2019-10-08 21:41:11,547 [ForkJoinPool.commonPool-worker-1] INFO  impl.RaftServerImpl (RaftServerImpl.java:lambda$shutdown$3(247)) - 8c43b318-eee5-46fe-878c-785d6b15b75a@group-4EC4E3941097: shutdown
2019-10-08 21:41:11,548 [main] INFO  util.JmxRegister (JmxRegister.java:unregister(73)) - Successfully un-registered JMX Bean with object name Ratis:service=RaftServer,group=group-6372521898F1,id=943987cc-052a-4c66-b334-3413c0116694
2019-10-08 21:41:11,548 [main] INFO  impl.RoleInfo (RoleInfo.java:shutdownFollowerState(121)) - 943987cc-052a-4c66-b334-3413c0116694: shutdown FollowerState
2019-10-08 21:41:11,548 [ForkJoinPool.commonPool-worker-1] INFO  util.JmxRegister (JmxRegister.java:unregister(73)) - Successfully un-registered JMX Bean with object name Ratis:service=RaftServer,group=group-4EC4E3941097,id=8c43b318-eee5-46fe-878c-785d6b15b75a
2019-10-08 21:41:11,549 [main] INFO  impl.StateMachineUpdater (StateMachineUpdater.java:stopAndJoin(136)) - 943987cc-052a-4c66-b334-3413c0116694@group-6372521898F1-StateMachineUpdater: set stopIndex = 16
2019-10-08 21:41:11,549 [943987cc-052a-4c66-b334-3413c0116694@group-6372521898F1-StateMachineUpdater] INFO  ratis.ContainerStateMachine (ContainerStateMachine.java:takeSnapshot(294)) - group-6372521898F1: Taking a snapshot at:(t:1, i:14) file /workdir/hadoop-ozone/integration-test/target/test-dir/MiniOzoneClusterImpl-7fb7994d-4bc0-4253-a887-0c3ab883c7d2/datanode-3/data/ratis/1c16f05f-bbe0-401b-a355-6372521898f1/sm/snapshot.1_14
2019-10-08 21:41:11,549 [Thread-3143] INFO  impl.FollowerState (FollowerState.java:run(117)) - 943987cc-052a-4c66-b334-3413c0116694@group-6372521898F1-FollowerState was interrupted: java.lang.InterruptedException: sleep interrupted
2019-10-08 21:41:11,549 [ForkJoinPool.commonPool-worker-1] INFO  impl.RoleInfo (RoleInfo.java:shutdownLeaderState(104)) - 8c43b318-eee5-46fe-878c-785d6b15b75a: shutdown LeaderState
2019-10-08 21:41:11,555 [ForkJoinPool.commonPool-worker-1] INFO  impl.PendingRequests (PendingRequests.java:sendNotLeaderResponses(202)) - 8c43b318-eee5-46fe-878c-785d6b15b75a@group-4EC4E3941097-PendingRequests: sendNotLeaderResponses
2019-10-08 21:41:11,555 [org.apache.ratis.server.impl.LogAppender$AppenderDaemon$$Lambda$533/22912421@45b63898] WARN  server.GrpcLogAppender (GrpcLogAppender.java:mayWait(143)) - 8c43b318-eee5-46fe-878c-785d6b15b75a@group-4EC4E3941097->5e869320-ccac-4aeb-8df2-e4f668b3d0f4-GrpcLogAppender: Wait interrupted by java.lang.InterruptedException
2019-10-08 21:41:11,555 [org.apache.ratis.server.impl.LogAppender$AppenderDaemon$$Lambda$533/22912421@669e558] WARN  server.GrpcLogAppender (GrpcLogAppender.java:mayWait(143)) - 8c43b318-eee5-46fe-878c-785d6b15b75a@group-4EC4E3941097->f3a9150c-a922-470c-8d35-94a0c83d506b-GrpcLogAppender: Wait interrupted by java.lang.InterruptedException
2019-10-08 21:41:11,556 [ForkJoinPool.commonPool-worker-1] INFO  impl.StateMachineUpdater (StateMachineUpdater.java:stopAndJoin(136)) - 8c43b318-eee5-46fe-878c-785d6b15b75a@group-4EC4E3941097-StateMachineUpdater: set stopIndex = 18
2019-10-08 21:41:11,556 [8c43b318-eee5-46fe-878c-785d6b15b75a@group-4EC4E3941097-StateMachineUpdater] INFO  ratis.ContainerStateMachine (ContainerStateMachine.java:takeSnapshot(294)) - group-4EC4E3941097: Taking a snapshot at:(t:1, i:14) file /workdir/hadoop-ozone/integration-test/target/test-dir/MiniOzoneClusterImpl-7fb7994d-4bc0-4253-a887-0c3ab883c7d2/datanode-0/data/ratis/abbe4d11-1c07-4bcf-a5cb-4ec4e3941097/sm/snapshot.1_14
2019-10-08 21:41:11,570 [8c43b318-eee5-46fe-878c-785d6b15b75a@group-4EC4E3941097-StateMachineUpdater] INFO  ratis.ContainerStateMachine (ContainerStateMachine.java:takeSnapshot(305)) - group-4EC4E3941097: Finished taking a snapshot at:(t:1, i:14) file:/workdir/hadoop-ozone/integration-test/target/test-dir/MiniOzoneClusterImpl-7fb7994d-4bc0-4253-a887-0c3ab883c7d2/datanode-0/data/ratis/abbe4d11-1c07-4bcf-a5cb-4ec4e3941097/sm/snapshot.1_14 time:14
2019-10-08 21:41:11,570 [943987cc-052a-4c66-b334-3413c0116694@group-6372521898F1-StateMachineUpdater] INFO  ratis.ContainerStateMachine (ContainerStateMachine.java:takeSnapshot(305)) - group-6372521898F1: Finished taking a snapshot at:(t:1, i:14) file:/workdir/hadoop-ozone/integration-test/target/test-dir/MiniOzoneClusterImpl-7fb7994d-4bc0-4253-a887-0c3ab883c7d2/datanode-3/data/ratis/1c16f05f-bbe0-401b-a355-6372521898f1/sm/snapshot.1_14 time:20
2019-10-08 21:41:11,570 [8c43b318-eee5-46fe-878c-785d6b15b75a@group-4EC4E3941097-StateMachineUpdater] INFO  impl.StateMachineUpdater (StateMachineUpdater.java:takeSnapshot(269)) - 8c43b318-eee5-46fe-878c-785d6b15b75a@group-4EC4E3941097-StateMachineUpdater: Took a snapshot at index 14
2019-10-08 21:41:11,570 [943987cc-052a-4c66-b334-3413c0116694@group-6372521898F1-StateMachineUpdater] INFO  impl.StateMachineUpdater (StateMachineUpdater.java:takeSnapshot(269)) - 943987cc-052a-4c66-b334-3413c0116694@group-6372521898F1-StateMachineUpdater: Took a snapshot at index 14
2019-10-08 21:41:11,570 [8c43b318-eee5-46fe-878c-785d6b15b75a@group-4EC4E3941097-StateMachineUpdater] INFO  impl.StateMachineUpdater (StateMachineUpdater.java:lambda$new$0(84)) - 8c43b318-eee5-46fe-878c-785d6b15b75a@group-4EC4E3941097-StateMachineUpdater: snapshotIndex: updateIncreasingly -1 -> 14
2019-10-08 21:41:11,570 [943987cc-052a-4c66-b334-3413c0116694@group-6372521898F1-StateMachineUpdater] INFO  impl.StateMachineUpdater (StateMachineUpdater.java:lambda$new$0(84)) - 943987cc-052a-4c66-b334-3413c0116694@group-6372521898F1-StateMachineUpdater: snapshotIndex: updateIncreasingly -1 -> 14
2019-10-08 21:41:11,571 [8c43b318-eee5-46fe-878c-785d6b15b75a@group-4EC4E3941097-StateMachineUpdater] INFO  ratis.ContainerStateMachine (ContainerStateMachine.java:takeSnapshot(294)) - group-4EC4E3941097: Taking a snapshot at:(t:1, i:14) file /workdir/hadoop-ozone/integration-test/target/test-dir/MiniOzoneClusterImpl-7fb7994d-4bc0-4253-a887-0c3ab883c7d2/datanode-0/data/ratis/abbe4d11-1c07-4bcf-a5cb-4ec4e3941097/sm/snapshot.1_14
2019-10-08 21:41:11,571 [943987cc-052a-4c66-b334-3413c0116694@group-6372521898F1-StateMachineUpdater] INFO  ratis.ContainerStateMachine (ContainerStateMachine.java:takeSnapshot(294)) - group-6372521898F1: Taking a snapshot at:(t:1, i:14) file /workdir/hadoop-ozone/integration-test/target/test-dir/MiniOzoneClusterImpl-7fb7994d-4bc0-4253-a887-0c3ab883c7d2/datanode-3/data/ratis/1c16f05f-bbe0-401b-a355-6372521898f1/sm/snapshot.1_14
2019-10-08 21:41:11,586 [943987cc-052a-4c66-b334-3413c0116694@group-6372521898F1-StateMachineUpdater] INFO  ratis.ContainerStateMachine (ContainerStateMachine.java:takeSnapshot(305)) - group-6372521898F1: Finished taking a snapshot at:(t:1, i:14) file:/workdir/hadoop-ozone/integration-test/target/test-dir/MiniOzoneClusterImpl-7fb7994d-4bc0-4253-a887-0c3ab883c7d2/datanode-3/data/ratis/1c16f05f-bbe0-401b-a355-6372521898f1/sm/snapshot.1_14 time:14
2019-10-08 21:41:11,586 [8c43b318-eee5-46fe-878c-785d6b15b75a@group-4EC4E3941097-StateMachineUpdater] INFO  ratis.ContainerStateMachine (ContainerStateMachine.java:takeSnapshot(305)) - group-4EC4E3941097: Finished taking a snapshot at:(t:1, i:14) file:/workdir/hadoop-ozone/integration-test/target/test-dir/MiniOzoneClusterImpl-7fb7994d-4bc0-4253-a887-0c3ab883c7d2/datanode-0/data/ratis/abbe4d11-1c07-4bcf-a5cb-4ec4e3941097/sm/snapshot.1_14 time:15
2019-10-08 21:41:11,586 [943987cc-052a-4c66-b334-3413c0116694@group-6372521898F1-StateMachineUpdater] INFO  impl.StateMachineUpdater (StateMachineUpdater.java:takeSnapshot(269)) - 943987cc-052a-4c66-b334-3413c0116694@group-6372521898F1-StateMachineUpdater: Took a snapshot at index 14
2019-10-08 21:41:11,586 [943987cc-052a-4c66-b334-3413c0116694@group-6372521898F1-StateMachineUpdater] INFO  impl.StateMachineUpdater (StateMachineUpdater.java:lambda$new$0(84)) - 943987cc-052a-4c66-b334-3413c0116694@group-6372521898F1-StateMachineUpdater: snapshotIndex: updateIncreasingly 14 -> 14
2019-10-08 21:41:11,586 [8c43b318-eee5-46fe-878c-785d6b15b75a@group-4EC4E3941097-StateMachineUpdater] INFO  impl.StateMachineUpdater (StateMachineUpdater.java:takeSnapshot(269)) - 8c43b318-eee5-46fe-878c-785d6b15b75a@group-4EC4E3941097-StateMachineUpdater: Took a snapshot at index 14
2019-10-08 21:41:11,586 [8c43b318-eee5-46fe-878c-785d6b15b75a@group-4EC4E3941097-StateMachineUpdater] INFO  impl.StateMachineUpdater (StateMachineUpdater.java:lambda$new$0(84)) - 8c43b318-eee5-46fe-878c-785d6b15b75a@group-4EC4E3941097-StateMachineUpdater: snapshotIndex: updateIncreasingly 14 -> 14
2019-10-08 21:41:11,586 [main] INFO  impl.RaftServerImpl (ServerState.java:close(387)) - 943987cc-052a-4c66-b334-3413c0116694@group-6372521898F1: closes. applyIndex: 16
2019-10-08 21:41:11,586 [ForkJoinPool.commonPool-worker-1] INFO  impl.RaftServerImpl (ServerState.java:close(387)) - 8c43b318-eee5-46fe-878c-785d6b15b75a@group-4EC4E3941097: closes. applyIndex: 18
2019-10-08 21:41:11,587 [943987cc-052a-4c66-b334-3413c0116694@group-6372521898F1-SegmentedRaftLogWorker] INFO  segmented.SegmentedRaftLogWorker (SegmentedRaftLogWorker.java:run(316)) - 943987cc-052a-4c66-b334-3413c0116694@group-6372521898F1-SegmentedRaftLogWorker was interrupted, exiting. There are 0 tasks remaining in the queue.
2019-10-08 21:41:11,589 [main] INFO  segmented.SegmentedRaftLogWorker (SegmentedRaftLogWorker.java:close(224)) - 943987cc-052a-4c66-b334-3413c0116694@group-6372521898F1-SegmentedRaftLogWorker close()
2019-10-08 21:41:11,589 [8c43b318-eee5-46fe-878c-785d6b15b75a@group-4EC4E3941097-SegmentedRaftLogWorker] INFO  segmented.SegmentedRaftLogWorker (SegmentedRaftLogWorker.java:run(316)) - 8c43b318-eee5-46fe-878c-785d6b15b75a@group-4EC4E3941097-SegmentedRaftLogWorker was interrupted, exiting. There are 0 tasks remaining in the queue.
2019-10-08 21:41:11,592 [main] INFO  server.GrpcService (GrpcService.java:closeImpl(164)) - 943987cc-052a-4c66-b334-3413c0116694: shutdown server with port 44948 now
2019-10-08 21:41:11,593 [ForkJoinPool.commonPool-worker-1] INFO  segmented.SegmentedRaftLogWorker (SegmentedRaftLogWorker.java:close(224)) - 8c43b318-eee5-46fe-878c-785d6b15b75a@group-4EC4E3941097-SegmentedRaftLogWorker close()
2019-10-08 21:41:11,596 [ForkJoinPool.commonPool-worker-1] INFO  server.GrpcService (GrpcService.java:closeImpl(164)) - 8c43b318-eee5-46fe-878c-785d6b15b75a: shutdown server with port 35559 now
2019-10-08 21:41:11,598 [ForkJoinPool.commonPool-worker-1] INFO  server.GrpcService (GrpcService.java:closeImpl(172)) - 8c43b318-eee5-46fe-878c-785d6b15b75a: shutdown server with port 35559 successfully
2019-10-08 21:41:11,598 [main] INFO  server.GrpcService (GrpcService.java:closeImpl(172)) - 943987cc-052a-4c66-b334-3413c0116694: shutdown server with port 44948 successfully
2019-10-08 21:41:11,601 [refreshUsed-/workdir/hadoop-ozone/integration-test/target/test-dir/MiniOzoneClusterImpl-7fb7994d-4bc0-4253-a887-0c3ab883c7d2/datanode-3/data/containers] WARN  fs.CachingGetSpaceUsed (CachingGetSpaceUsed.java:run(183)) - Thread Interrupted waiting to refresh disk information: sleep interrupted
2019-10-08 21:41:11,606 [refreshUsed-/workdir/hadoop-ozone/integration-test/target/test-dir/MiniOzoneClusterImpl-7fb7994d-4bc0-4253-a887-0c3ab883c7d2/datanode-0/data/containers] WARN  fs.CachingGetSpaceUsed (CachingGetSpaceUsed.java:run(183)) - Thread Interrupted waiting to refresh disk information: sleep interrupted
2019-10-08 21:41:11,616 [main] INFO  utils.BackgroundService (BackgroundService.java:shutdown(148)) - Shutting down service BlockDeletingService
2019-10-08 21:41:11,617 [ForkJoinPool.commonPool-worker-1] INFO  utils.BackgroundService (BackgroundService.java:shutdown(148)) - Shutting down service BlockDeletingService
2019-10-08 21:41:11,622 [ForkJoinPool.commonPool-worker-1] INFO  statemachine.DatanodeStateMachine (DatanodeStateMachine.java:stopDaemon(395)) - Ozone container server stopped.
2019-10-08 21:41:11,623 [main] INFO  statemachine.DatanodeStateMachine (DatanodeStateMachine.java:stopDaemon(395)) - Ozone container server stopped.
2019-10-08 21:41:11,627 [main] INFO  handler.ContextHandler (ContextHandler.java:doStop(910)) - Stopped o.e.j.w.WebAppContext@1fe8f5e8{/,null,UNAVAILABLE}{/hddsDatanode}
2019-10-08 21:41:11,627 [ForkJoinPool.commonPool-worker-1] INFO  handler.ContextHandler (ContextHandler.java:doStop(910)) - Stopped o.e.j.w.WebAppContext@7741ae1b{/,null,UNAVAILABLE}{/hddsDatanode}
2019-10-08 21:41:11,628 [ForkJoinPool.commonPool-worker-1] INFO  server.AbstractConnector (AbstractConnector.java:doStop(318)) - Stopped ServerConnector@50e5032c{HTTP/1.1,[http/1.1]}{0.0.0.0:0}
2019-10-08 21:41:11,628 [main] INFO  server.AbstractConnector (AbstractConnector.java:doStop(318)) - Stopped ServerConnector@39449465{HTTP/1.1,[http/1.1]}{0.0.0.0:0}
2019-10-08 21:41:11,629 [ForkJoinPool.commonPool-worker-1] INFO  handler.ContextHandler (ContextHandler.java:doStop(910)) - Stopped o.e.j.s.ServletContextHandler@49232c6f{/static,jar:file:/home/user/.m2/repository/org/apache/hadoop/hadoop-hdds-container-service/0.5.0-SNAPSHOT/hadoop-hdds-container-service-0.5.0-SNAPSHOT.jar!/webapps/static,UNAVAILABLE}
2019-10-08 21:41:11,629 [main] INFO  handler.ContextHandler (ContextHandler.java:doStop(910)) - Stopped o.e.j.s.ServletContextHandler@5403907{/static,jar:file:/home/user/.m2/repository/org/apache/hadoop/hadoop-hdds-container-service/0.5.0-SNAPSHOT/hadoop-hdds-container-service-0.5.0-SNAPSHOT.jar!/webapps/static,UNAVAILABLE}
2019-10-08 21:41:11,630 [ForkJoinPool.commonPool-worker-1] INFO  handler.ContextHandler (ContextHandler.java:doStop(910)) - Stopped o.e.j.s.ServletContextHandler@2365ea38{/logs,file:///workdir/hadoop-ozone/integration-test/target/log,UNAVAILABLE}
2019-10-08 21:41:11,631 [main] INFO  handler.ContextHandler (ContextHandler.java:doStop(910)) - Stopped o.e.j.s.ServletContextHandler@7dbae40{/logs,file:///workdir/hadoop-ozone/integration-test/target/log,UNAVAILABLE}
2019-10-08 21:41:12,039 [Datanode State Machine Thread - 0] INFO  statemachine.DatanodeStateMachine (DatanodeStateMachine.java:lambda$startDaemon$0(350)) - Ozone container server started.
2019-10-08 21:41:12,181 [Datanode State Machine Thread - 0] INFO  statemachine.DatanodeStateMachine (DatanodeStateMachine.java:lambda$startDaemon$0(350)) - Ozone container server started.
2019-10-08 21:41:15,998 [Thread-3146] INFO  impl.FollowerState (FollowerState.java:run(108)) - 6127908d-2d89-4418-b2d1-db9941b4b945@group-6372521898F1-FollowerState: change to CANDIDATE, lastRpcTime:9617ms, electionTimeout:5124ms
2019-10-08 21:41:15,999 [Thread-3146] INFO  impl.RoleInfo (RoleInfo.java:shutdownFollowerState(121)) - 6127908d-2d89-4418-b2d1-db9941b4b945: shutdown FollowerState
2019-10-08 21:41:15,999 [Thread-3146] INFO  impl.RaftServerImpl (RaftServerImpl.java:setRole(170)) - 6127908d-2d89-4418-b2d1-db9941b4b945@group-6372521898F1: changes role from  FOLLOWER to CANDIDATE at term 1 for changeToCandidate
2019-10-08 21:41:15,999 [Thread-3146] INFO  impl.RoleInfo (RoleInfo.java:updateAndGet(143)) - 6127908d-2d89-4418-b2d1-db9941b4b945: start LeaderElection
2019-10-08 21:41:16,005 [6127908d-2d89-4418-b2d1-db9941b4b945@group-6372521898F1-LeaderElection76] INFO  impl.RaftServerImpl (ServerState.java:setLeader(255)) - 6127908d-2d89-4418-b2d1-db9941b4b945@group-6372521898F1: change Leader from 02b80970-fa1c-404f-b5fe-a1cf6fa01e71 to null at term 1 for initElection
2019-10-08 21:41:16,020 [6127908d-2d89-4418-b2d1-db9941b4b945@group-6372521898F1-LeaderElection76] INFO  impl.LeaderElection (LeaderElection.java:askForVotes(178)) - 6127908d-2d89-4418-b2d1-db9941b4b945@group-6372521898F1-LeaderElection76: begin an election at term 2 for 0: [6127908d-2d89-4418-b2d1-db9941b4b945:192.168.151.107:36582, 02b80970-fa1c-404f-b5fe-a1cf6fa01e71:192.168.151.107:40218, 943987cc-052a-4c66-b334-3413c0116694:192.168.151.107:44948], old=null
2019-10-08 21:41:16,026 [6127908d-2d89-4418-b2d1-db9941b4b945@group-6372521898F1-LeaderElection76] INFO  impl.LeaderElection (LogUtils.java:infoOrTrace(149)) - 6127908d-2d89-4418-b2d1-db9941b4b945@group-6372521898F1-LeaderElection76 got exception when requesting votes: {}
java.util.concurrent.ExecutionException: org.apache.ratis.thirdparty.io.grpc.StatusRuntimeException: UNAVAILABLE: io exception
	at java.util.concurrent.FutureTask.report(FutureTask.java:122)
	at java.util.concurrent.FutureTask.get(FutureTask.java:192)
	at org.apache.ratis.server.impl.LeaderElection.waitForResults(LeaderElection.java:259)
	at org.apache.ratis.server.impl.LeaderElection.askForVotes(LeaderElection.java:197)
	at org.apache.ratis.server.impl.LeaderElection.run(LeaderElection.java:133)
	at java.lang.Thread.run(Thread.java:748)
Caused by: org.apache.ratis.thirdparty.io.grpc.StatusRuntimeException: UNAVAILABLE: io exception
	at org.apache.ratis.thirdparty.io.grpc.stub.ClientCalls.toStatusRuntimeException(ClientCalls.java:233)
	at org.apache.ratis.thirdparty.io.grpc.stub.ClientCalls.getUnchecked(ClientCalls.java:214)
	at org.apache.ratis.thirdparty.io.grpc.stub.ClientCalls.blockingUnaryCall(ClientCalls.java:139)
	at org.apache.ratis.proto.grpc.RaftServerProtocolServiceGrpc$RaftServerProtocolServiceBlockingStub.requestVote(RaftServerProtocolServiceGrpc.java:265)
	at org.apache.ratis.grpc.server.GrpcServerProtocolClient.requestVote(GrpcServerProtocolClient.java:99)
	at org.apache.ratis.grpc.server.GrpcService.requestVote(GrpcService.java:204)
	at org.apache.ratis.server.impl.LeaderElection.lambda$submitRequests$1(LeaderElection.java:234)
	at java.util.concurrent.FutureTask.run(FutureTask.java:266)
	at java.util.concurrent.Executors$RunnableAdapter.call(Executors.java:511)
	at java.util.concurrent.FutureTask.run(FutureTask.java:266)
	at java.util.concurrent.ThreadPoolExecutor.runWorker(ThreadPoolExecutor.java:1149)
	at java.util.concurrent.ThreadPoolExecutor$Worker.run(ThreadPoolExecutor.java:624)
	... 1 more
Caused by: org.apache.ratis.thirdparty.io.netty.channel.AbstractChannel$AnnotatedConnectException: Connection refused: /192.168.151.107:44948
	at sun.nio.ch.SocketChannelImpl.checkConnect(Native Method)
	at sun.nio.ch.SocketChannelImpl.finishConnect(SocketChannelImpl.java:717)
	at org.apache.ratis.thirdparty.io.netty.channel.socket.nio.NioSocketChannel.doFinishConnect(NioSocketChannel.java:327)
	at org.apache.ratis.thirdparty.io.netty.channel.nio.AbstractNioChannel$AbstractNioUnsafe.finishConnect(AbstractNioChannel.java:340)
	at org.apache.ratis.thirdparty.io.netty.channel.nio.NioEventLoop.processSelectedKey(NioEventLoop.java:632)
	at org.apache.ratis.thirdparty.io.netty.channel.nio.NioEventLoop.processSelectedKeysOptimized(NioEventLoop.java:579)
	at org.apache.ratis.thirdparty.io.netty.channel.nio.NioEventLoop.processSelectedKeys(NioEventLoop.java:496)
	at org.apache.ratis.thirdparty.io.netty.channel.nio.NioEventLoop.run(NioEventLoop.java:458)
	at org.apache.ratis.thirdparty.io.netty.util.concurrent.SingleThreadEventExecutor$5.run(SingleThreadEventExecutor.java:897)
	at org.apache.ratis.thirdparty.io.netty.util.concurrent.FastThreadLocalRunnable.run(FastThreadLocalRunnable.java:30)
	... 1 more
Caused by: java.net.ConnectException: Connection refused
	... 11 more
2019-10-08 21:41:16,036 [6127908d-2d89-4418-b2d1-db9941b4b945@group-6372521898F1-LeaderElection76] INFO  impl.LeaderElection (LogUtils.java:infoOrTrace(149)) - 6127908d-2d89-4418-b2d1-db9941b4b945@group-6372521898F1-LeaderElection76 got exception when requesting votes: {}
java.util.concurrent.ExecutionException: org.apache.ratis.thirdparty.io.grpc.StatusRuntimeException: UNAVAILABLE: io exception
	at java.util.concurrent.FutureTask.report(FutureTask.java:122)
	at java.util.concurrent.FutureTask.get(FutureTask.java:192)
	at org.apache.ratis.server.impl.LeaderElection.waitForResults(LeaderElection.java:259)
	at org.apache.ratis.server.impl.LeaderElection.askForVotes(LeaderElection.java:197)
	at org.apache.ratis.server.impl.LeaderElection.run(LeaderElection.java:133)
	at java.lang.Thread.run(Thread.java:748)
Caused by: org.apache.ratis.thirdparty.io.grpc.StatusRuntimeException: UNAVAILABLE: io exception
	at org.apache.ratis.thirdparty.io.grpc.stub.ClientCalls.toStatusRuntimeException(ClientCalls.java:233)
	at org.apache.ratis.thirdparty.io.grpc.stub.ClientCalls.getUnchecked(ClientCalls.java:214)
	at org.apache.ratis.thirdparty.io.grpc.stub.ClientCalls.blockingUnaryCall(ClientCalls.java:139)
	at org.apache.ratis.proto.grpc.RaftServerProtocolServiceGrpc$RaftServerProtocolServiceBlockingStub.requestVote(RaftServerProtocolServiceGrpc.java:265)
	at org.apache.ratis.grpc.server.GrpcServerProtocolClient.requestVote(GrpcServerProtocolClient.java:99)
	at org.apache.ratis.grpc.server.GrpcService.requestVote(GrpcService.java:204)
	at org.apache.ratis.server.impl.LeaderElection.lambda$submitRequests$1(LeaderElection.java:234)
	at java.util.concurrent.FutureTask.run(FutureTask.java:266)
	at java.util.concurrent.Executors$RunnableAdapter.call(Executors.java:511)
	at java.util.concurrent.FutureTask.run(FutureTask.java:266)
	at java.util.concurrent.ThreadPoolExecutor.runWorker(ThreadPoolExecutor.java:1149)
	at java.util.concurrent.ThreadPoolExecutor$Worker.run(ThreadPoolExecutor.java:624)
	... 1 more
Caused by: org.apache.ratis.thirdparty.io.netty.channel.AbstractChannel$AnnotatedConnectException: Connection refused: /192.168.151.107:40218
	at sun.nio.ch.SocketChannelImpl.checkConnect(Native Method)
	at sun.nio.ch.SocketChannelImpl.finishConnect(SocketChannelImpl.java:717)
	at org.apache.ratis.thirdparty.io.netty.channel.socket.nio.NioSocketChannel.doFinishConnect(NioSocketChannel.java:327)
	at org.apache.ratis.thirdparty.io.netty.channel.nio.AbstractNioChannel$AbstractNioUnsafe.finishConnect(AbstractNioChannel.java:340)
	at org.apache.ratis.thirdparty.io.netty.channel.nio.NioEventLoop.processSelectedKey(NioEventLoop.java:632)
	at org.apache.ratis.thirdparty.io.netty.channel.nio.NioEventLoop.processSelectedKeysOptimized(NioEventLoop.java:579)
	at org.apache.ratis.thirdparty.io.netty.channel.nio.NioEventLoop.processSelectedKeys(NioEventLoop.java:496)
	at org.apache.ratis.thirdparty.io.netty.channel.nio.NioEventLoop.run(NioEventLoop.java:458)
	at org.apache.ratis.thirdparty.io.netty.util.concurrent.SingleThreadEventExecutor$5.run(SingleThreadEventExecutor.java:897)
	at org.apache.ratis.thirdparty.io.netty.util.concurrent.FastThreadLocalRunnable.run(FastThreadLocalRunnable.java:30)
	... 1 more
Caused by: java.net.ConnectException: Connection refused
	... 11 more
2019-10-08 21:41:16,036 [6127908d-2d89-4418-b2d1-db9941b4b945@group-6372521898F1-LeaderElection76] INFO  impl.LeaderElection (LeaderElection.java:logAndReturn(56)) - 6127908d-2d89-4418-b2d1-db9941b4b945@group-6372521898F1-LeaderElection76: Election REJECTED; received 0 response(s) [] and 2 exception(s); 6127908d-2d89-4418-b2d1-db9941b4b945@group-6372521898F1:t2, leader=null, voted=6127908d-2d89-4418-b2d1-db9941b4b945, raftlog=6127908d-2d89-4418-b2d1-db9941b4b945@group-6372521898F1-SegmentedRaftLog:OPENED:c16,f16,i16, conf=0: [6127908d-2d89-4418-b2d1-db9941b4b945:192.168.151.107:36582, 02b80970-fa1c-404f-b5fe-a1cf6fa01e71:192.168.151.107:40218, 943987cc-052a-4c66-b334-3413c0116694:192.168.151.107:44948], old=null
2019-10-08 21:41:16,036 [6127908d-2d89-4418-b2d1-db9941b4b945@group-6372521898F1-LeaderElection76] INFO  impl.LeaderElection (LogUtils.java:infoOrTrace(149)) -   Exception 0: {}
java.util.concurrent.ExecutionException: org.apache.ratis.thirdparty.io.grpc.StatusRuntimeException: UNAVAILABLE: io exception
	at java.util.concurrent.FutureTask.report(FutureTask.java:122)
	at java.util.concurrent.FutureTask.get(FutureTask.java:192)
	at org.apache.ratis.server.impl.LeaderElection.waitForResults(LeaderElection.java:259)
	at org.apache.ratis.server.impl.LeaderElection.askForVotes(LeaderElection.java:197)
	at org.apache.ratis.server.impl.LeaderElection.run(LeaderElection.java:133)
	at java.lang.Thread.run(Thread.java:748)
Caused by: org.apache.ratis.thirdparty.io.grpc.StatusRuntimeException: UNAVAILABLE: io exception
	at org.apache.ratis.thirdparty.io.grpc.stub.ClientCalls.toStatusRuntimeException(ClientCalls.java:233)
	at org.apache.ratis.thirdparty.io.grpc.stub.ClientCalls.getUnchecked(ClientCalls.java:214)
	at org.apache.ratis.thirdparty.io.grpc.stub.ClientCalls.blockingUnaryCall(ClientCalls.java:139)
	at org.apache.ratis.proto.grpc.RaftServerProtocolServiceGrpc$RaftServerProtocolServiceBlockingStub.requestVote(RaftServerProtocolServiceGrpc.java:265)
	at org.apache.ratis.grpc.server.GrpcServerProtocolClient.requestVote(GrpcServerProtocolClient.java:99)
	at org.apache.ratis.grpc.server.GrpcService.requestVote(GrpcService.java:204)
	at org.apache.ratis.server.impl.LeaderElection.lambda$submitRequests$1(LeaderElection.java:234)
	at java.util.concurrent.FutureTask.run(FutureTask.java:266)
	at java.util.concurrent.Executors$RunnableAdapter.call(Executors.java:511)
	at java.util.concurrent.FutureTask.run(FutureTask.java:266)
	at java.util.concurrent.ThreadPoolExecutor.runWorker(ThreadPoolExecutor.java:1149)
	at java.util.concurrent.ThreadPoolExecutor$Worker.run(ThreadPoolExecutor.java:624)
	... 1 more
Caused by: org.apache.ratis.thirdparty.io.netty.channel.AbstractChannel$AnnotatedConnectException: Connection refused: /192.168.151.107:44948
	at sun.nio.ch.SocketChannelImpl.checkConnect(Native Method)
	at sun.nio.ch.SocketChannelImpl.finishConnect(SocketChannelImpl.java:717)
	at org.apache.ratis.thirdparty.io.netty.channel.socket.nio.NioSocketChannel.doFinishConnect(NioSocketChannel.java:327)
	at org.apache.ratis.thirdparty.io.netty.channel.nio.AbstractNioChannel$AbstractNioUnsafe.finishConnect(AbstractNioChannel.java:340)
	at org.apache.ratis.thirdparty.io.netty.channel.nio.NioEventLoop.processSelectedKey(NioEventLoop.java:632)
	at org.apache.ratis.thirdparty.io.netty.channel.nio.NioEventLoop.processSelectedKeysOptimized(NioEventLoop.java:579)
	at org.apache.ratis.thirdparty.io.netty.channel.nio.NioEventLoop.processSelectedKeys(NioEventLoop.java:496)
	at org.apache.ratis.thirdparty.io.netty.channel.nio.NioEventLoop.run(NioEventLoop.java:458)
	at org.apache.ratis.thirdparty.io.netty.util.concurrent.SingleThreadEventExecutor$5.run(SingleThreadEventExecutor.java:897)
	at org.apache.ratis.thirdparty.io.netty.util.concurrent.FastThreadLocalRunnable.run(FastThreadLocalRunnable.java:30)
	... 1 more
Caused by: java.net.ConnectException: Connection refused
	... 11 more
2019-10-08 21:41:16,037 [6127908d-2d89-4418-b2d1-db9941b4b945@group-6372521898F1-LeaderElection76] INFO  impl.LeaderElection (LogUtils.java:infoOrTrace(149)) -   Exception 1: {}
java.util.concurrent.ExecutionException: org.apache.ratis.thirdparty.io.grpc.StatusRuntimeException: UNAVAILABLE: io exception
	at java.util.concurrent.FutureTask.report(FutureTask.java:122)
	at java.util.concurrent.FutureTask.get(FutureTask.java:192)
	at org.apache.ratis.server.impl.LeaderElection.waitForResults(LeaderElection.java:259)
	at org.apache.ratis.server.impl.LeaderElection.askForVotes(LeaderElection.java:197)
	at org.apache.ratis.server.impl.LeaderElection.run(LeaderElection.java:133)
	at java.lang.Thread.run(Thread.java:748)
Caused by: org.apache.ratis.thirdparty.io.grpc.StatusRuntimeException: UNAVAILABLE: io exception
	at org.apache.ratis.thirdparty.io.grpc.stub.ClientCalls.toStatusRuntimeException(ClientCalls.java:233)
	at org.apache.ratis.thirdparty.io.grpc.stub.ClientCalls.getUnchecked(ClientCalls.java:214)
	at org.apache.ratis.thirdparty.io.grpc.stub.ClientCalls.blockingUnaryCall(ClientCalls.java:139)
	at org.apache.ratis.proto.grpc.RaftServerProtocolServiceGrpc$RaftServerProtocolServiceBlockingStub.requestVote(RaftServerProtocolServiceGrpc.java:265)
	at org.apache.ratis.grpc.server.GrpcServerProtocolClient.requestVote(GrpcServerProtocolClient.java:99)
	at org.apache.ratis.grpc.server.GrpcService.requestVote(GrpcService.java:204)
	at org.apache.ratis.server.impl.LeaderElection.lambda$submitRequests$1(LeaderElection.java:234)
	at java.util.concurrent.FutureTask.run(FutureTask.java:266)
	at java.util.concurrent.Executors$RunnableAdapter.call(Executors.java:511)
	at java.util.concurrent.FutureTask.run(FutureTask.java:266)
	at java.util.concurrent.ThreadPoolExecutor.runWorker(ThreadPoolExecutor.java:1149)
	at java.util.concurrent.ThreadPoolExecutor$Worker.run(ThreadPoolExecutor.java:624)
	... 1 more
Caused by: org.apache.ratis.thirdparty.io.netty.channel.AbstractChannel$AnnotatedConnectException: Connection refused: /192.168.151.107:40218
	at sun.nio.ch.SocketChannelImpl.checkConnect(Native Method)
	at sun.nio.ch.SocketChannelImpl.finishConnect(SocketChannelImpl.java:717)
	at org.apache.ratis.thirdparty.io.netty.channel.socket.nio.NioSocketChannel.doFinishConnect(NioSocketChannel.java:327)
	at org.apache.ratis.thirdparty.io.netty.channel.nio.AbstractNioChannel$AbstractNioUnsafe.finishConnect(AbstractNioChannel.java:340)
	at org.apache.ratis.thirdparty.io.netty.channel.nio.NioEventLoop.processSelectedKey(NioEventLoop.java:632)
	at org.apache.ratis.thirdparty.io.netty.channel.nio.NioEventLoop.processSelectedKeysOptimized(NioEventLoop.java:579)
	at org.apache.ratis.thirdparty.io.netty.channel.nio.NioEventLoop.processSelectedKeys(NioEventLoop.java:496)
	at org.apache.ratis.thirdparty.io.netty.channel.nio.NioEventLoop.run(NioEventLoop.java:458)
	at org.apache.ratis.thirdparty.io.netty.util.concurrent.SingleThreadEventExecutor$5.run(SingleThreadEventExecutor.java:897)
	at org.apache.ratis.thirdparty.io.netty.util.concurrent.FastThreadLocalRunnable.run(FastThreadLocalRunnable.java:30)
	... 1 more
Caused by: java.net.ConnectException: Connection refused
	... 11 more
2019-10-08 21:41:16,037 [6127908d-2d89-4418-b2d1-db9941b4b945@group-6372521898F1-LeaderElection76] INFO  impl.RaftServerImpl (RaftServerImpl.java:setRole(170)) - 6127908d-2d89-4418-b2d1-db9941b4b945@group-6372521898F1: changes role from CANDIDATE to FOLLOWER at term 2 for DISCOVERED_A_NEW_TERM
2019-10-08 21:41:16,037 [6127908d-2d89-4418-b2d1-db9941b4b945@group-6372521898F1-LeaderElection76] INFO  impl.RoleInfo (RoleInfo.java:shutdownLeaderElection(134)) - 6127908d-2d89-4418-b2d1-db9941b4b945: shutdown LeaderElection
2019-10-08 21:41:16,037 [6127908d-2d89-4418-b2d1-db9941b4b945@group-6372521898F1-LeaderElection76] INFO  impl.RoleInfo (RoleInfo.java:updateAndGet(143)) - 6127908d-2d89-4418-b2d1-db9941b4b945: start FollowerState
2019-10-08 21:41:16,105 [EventQueue-StaleNodeForStaleNodeHandler] INFO  node.StaleNodeHandler (StaleNodeHandler.java:onMessage(58)) - Datanode 2fadce2d-0f30-4c07-bb86-65c3390b8d84{ip: 192.168.151.107, host: pr-hdds-2217-2kdk4-3258704453, networkLocation: /default-rack, certSerialId: null} moved to stale state. Finalizing its pipelines [PipelineID=c6ad7bfc-60eb-461c-be4c-c9dcada4242f]
2019-10-08 21:41:16,108 [EventQueue-StaleNodeForStaleNodeHandler] INFO  pipeline.SCMPipelineManager (SCMPipelineManager.java:finalizeAndDestroyPipeline(315)) - destroying pipeline:Pipeline[ Id: c6ad7bfc-60eb-461c-be4c-c9dcada4242f, Nodes: 2fadce2d-0f30-4c07-bb86-65c3390b8d84{ip: 192.168.151.107, host: pr-hdds-2217-2kdk4-3258704453, networkLocation: /default-rack, certSerialId: null}, Type:RATIS, Factor:ONE, State:OPEN]
2019-10-08 21:41:16,108 [EventQueue-StaleNodeForStaleNodeHandler] INFO  pipeline.PipelineStateManager (PipelineStateManager.java:finalizePipeline(123)) - Pipeline Pipeline[ Id: c6ad7bfc-60eb-461c-be4c-c9dcada4242f, Nodes: 2fadce2d-0f30-4c07-bb86-65c3390b8d84{ip: 192.168.151.107, host: pr-hdds-2217-2kdk4-3258704453, networkLocation: /default-rack, certSerialId: null}, Type:RATIS, Factor:ONE, State:CLOSED] moved to CLOSED state
2019-10-08 21:41:16,205 [EventQueue-StaleNodeForStaleNodeHandler] INFO  node.StaleNodeHandler (StaleNodeHandler.java:onMessage(58)) - Datanode 6127908d-2d89-4418-b2d1-db9941b4b945{ip: 192.168.151.107, host: pr-hdds-2217-2kdk4-3258704453, networkLocation: /default-rack, certSerialId: null} moved to stale state. Finalizing its pipelines [PipelineID=a95f4ca9-731d-42aa-a5d3-b5bd5209581c, PipelineID=1c16f05f-bbe0-401b-a355-6372521898f1]
2019-10-08 21:41:16,205 [EventQueue-StaleNodeForStaleNodeHandler] INFO  pipeline.SCMPipelineManager (SCMPipelineManager.java:finalizeAndDestroyPipeline(315)) - destroying pipeline:Pipeline[ Id: a95f4ca9-731d-42aa-a5d3-b5bd5209581c, Nodes: 6127908d-2d89-4418-b2d1-db9941b4b945{ip: 192.168.151.107, host: pr-hdds-2217-2kdk4-3258704453, networkLocation: /default-rack, certSerialId: null}, Type:RATIS, Factor:ONE, State:OPEN]
2019-10-08 21:41:16,205 [EventQueue-StaleNodeForStaleNodeHandler] INFO  pipeline.PipelineStateManager (PipelineStateManager.java:finalizePipeline(123)) - Pipeline Pipeline[ Id: a95f4ca9-731d-42aa-a5d3-b5bd5209581c, Nodes: 6127908d-2d89-4418-b2d1-db9941b4b945{ip: 192.168.151.107, host: pr-hdds-2217-2kdk4-3258704453, networkLocation: /default-rack, certSerialId: null}, Type:RATIS, Factor:ONE, State:CLOSED] moved to CLOSED state
2019-10-08 21:41:16,206 [EventQueue-StaleNodeForStaleNodeHandler] INFO  pipeline.SCMPipelineManager (SCMPipelineManager.java:finalizeAndDestroyPipeline(315)) - destroying pipeline:Pipeline[ Id: 1c16f05f-bbe0-401b-a355-6372521898f1, Nodes: 6127908d-2d89-4418-b2d1-db9941b4b945{ip: 192.168.151.107, host: pr-hdds-2217-2kdk4-3258704453, networkLocation: /default-rack, certSerialId: null}943987cc-052a-4c66-b334-3413c0116694{ip: 192.168.151.107, host: pr-hdds-2217-2kdk4-3258704453, networkLocation: /default-rack, certSerialId: null}02b80970-fa1c-404f-b5fe-a1cf6fa01e71{ip: 192.168.151.107, host: pr-hdds-2217-2kdk4-3258704453, networkLocation: /default-rack, certSerialId: null}, Type:RATIS, Factor:THREE, State:CLOSED]
2019-10-08 21:41:16,633 [main] INFO  ozoneimpl.OzoneContainer (OzoneContainer.java:stop(227)) - Attempting to stop container services.
2019-10-08 21:41:16,633 [ForkJoinPool.commonPool-worker-1] INFO  ozoneimpl.OzoneContainer (OzoneContainer.java:stop(227)) - Attempting to stop container services.
2019-10-08 21:41:16,638 [main] INFO  impl.RaftServerProxy (RaftServerProxy.java:lambda$close$4(314)) - 6127908d-2d89-4418-b2d1-db9941b4b945: close
2019-10-08 21:41:16,638 [ForkJoinPool.commonPool-worker-1] INFO  impl.RaftServerProxy (RaftServerProxy.java:lambda$close$4(314)) - 2fadce2d-0f30-4c07-bb86-65c3390b8d84: close
2019-10-08 21:41:16,639 [ForkJoinPool.commonPool-worker-1] INFO  impl.RaftServerImpl (RaftServerImpl.java:lambda$shutdown$3(247)) - 2fadce2d-0f30-4c07-bb86-65c3390b8d84@group-C9DCADA4242F: shutdown
2019-10-08 21:41:16,639 [main] INFO  impl.RaftServerImpl (RaftServerImpl.java:lambda$shutdown$3(247)) - 6127908d-2d89-4418-b2d1-db9941b4b945@group-B5BD5209581C: shutdown
2019-10-08 21:41:16,639 [ForkJoinPool.commonPool-worker-1] INFO  util.JmxRegister (JmxRegister.java:unregister(73)) - Successfully un-registered JMX Bean with object name Ratis:service=RaftServer,group=group-C9DCADA4242F,id=2fadce2d-0f30-4c07-bb86-65c3390b8d84
2019-10-08 21:41:16,639 [main] INFO  util.JmxRegister (JmxRegister.java:unregister(73)) - Successfully un-registered JMX Bean with object name Ratis:service=RaftServer,group=group-B5BD5209581C,id=6127908d-2d89-4418-b2d1-db9941b4b945
2019-10-08 21:41:16,639 [ForkJoinPool.commonPool-worker-1] INFO  impl.RoleInfo (RoleInfo.java:shutdownLeaderState(104)) - 2fadce2d-0f30-4c07-bb86-65c3390b8d84: shutdown LeaderState
2019-10-08 21:41:16,640 [main] INFO  impl.RoleInfo (RoleInfo.java:shutdownLeaderState(104)) - 6127908d-2d89-4418-b2d1-db9941b4b945: shutdown LeaderState
2019-10-08 21:41:16,640 [ForkJoinPool.commonPool-worker-1] INFO  impl.PendingRequests (PendingRequests.java:sendNotLeaderResponses(202)) - 2fadce2d-0f30-4c07-bb86-65c3390b8d84@group-C9DCADA4242F-PendingRequests: sendNotLeaderResponses
2019-10-08 21:41:16,641 [main] INFO  impl.PendingRequests (PendingRequests.java:sendNotLeaderResponses(202)) - 6127908d-2d89-4418-b2d1-db9941b4b945@group-B5BD5209581C-PendingRequests: sendNotLeaderResponses
2019-10-08 21:41:16,641 [ForkJoinPool.commonPool-worker-1] INFO  impl.StateMachineUpdater (StateMachineUpdater.java:stopAndJoin(136)) - 2fadce2d-0f30-4c07-bb86-65c3390b8d84@group-C9DCADA4242F-StateMachineUpdater: set stopIndex = 0
2019-10-08 21:41:16,641 [main] INFO  impl.StateMachineUpdater (StateMachineUpdater.java:stopAndJoin(136)) - 6127908d-2d89-4418-b2d1-db9941b4b945@group-B5BD5209581C-StateMachineUpdater: set stopIndex = 0
2019-10-08 21:41:16,642 [main] INFO  impl.RaftServerImpl (ServerState.java:close(387)) - 6127908d-2d89-4418-b2d1-db9941b4b945@group-B5BD5209581C: closes. applyIndex: 0
2019-10-08 21:41:16,642 [ForkJoinPool.commonPool-worker-1] INFO  impl.RaftServerImpl (ServerState.java:close(387)) - 2fadce2d-0f30-4c07-bb86-65c3390b8d84@group-C9DCADA4242F: closes. applyIndex: 0
2019-10-08 21:41:16,643 [6127908d-2d89-4418-b2d1-db9941b4b945@group-B5BD5209581C-SegmentedRaftLogWorker] INFO  segmented.SegmentedRaftLogWorker (SegmentedRaftLogWorker.java:run(316)) - 6127908d-2d89-4418-b2d1-db9941b4b945@group-B5BD5209581C-SegmentedRaftLogWorker was interrupted, exiting. There are 0 tasks remaining in the queue.
2019-10-08 21:41:16,643 [2fadce2d-0f30-4c07-bb86-65c3390b8d84@group-C9DCADA4242F-SegmentedRaftLogWorker] INFO  segmented.SegmentedRaftLogWorker (SegmentedRaftLogWorker.java:run(316)) - 2fadce2d-0f30-4c07-bb86-65c3390b8d84@group-C9DCADA4242F-SegmentedRaftLogWorker was interrupted, exiting. There are 0 tasks remaining in the queue.
2019-10-08 21:41:16,645 [main] INFO  segmented.SegmentedRaftLogWorker (SegmentedRaftLogWorker.java:close(224)) - 6127908d-2d89-4418-b2d1-db9941b4b945@group-B5BD5209581C-SegmentedRaftLogWorker close()
2019-10-08 21:41:16,645 [ForkJoinPool.commonPool-worker-1] INFO  segmented.SegmentedRaftLogWorker (SegmentedRaftLogWorker.java:close(224)) - 2fadce2d-0f30-4c07-bb86-65c3390b8d84@group-C9DCADA4242F-SegmentedRaftLogWorker close()
2019-10-08 21:41:16,648 [main] INFO  impl.RaftServerImpl (RaftServerImpl.java:lambda$shutdown$3(247)) - 6127908d-2d89-4418-b2d1-db9941b4b945@group-6372521898F1: shutdown
2019-10-08 21:41:16,654 [ForkJoinPool.commonPool-worker-1] INFO  server.GrpcService (GrpcService.java:closeImpl(164)) - 2fadce2d-0f30-4c07-bb86-65c3390b8d84: shutdown server with port 39198 now
2019-10-08 21:41:16,655 [main] INFO  util.JmxRegister (JmxRegister.java:unregister(73)) - Successfully un-registered JMX Bean with object name Ratis:service=RaftServer,group=group-6372521898F1,id=6127908d-2d89-4418-b2d1-db9941b4b945
2019-10-08 21:41:16,656 [main] INFO  impl.RoleInfo (RoleInfo.java:shutdownFollowerState(121)) - 6127908d-2d89-4418-b2d1-db9941b4b945: shutdown FollowerState
2019-10-08 21:41:16,656 [ForkJoinPool.commonPool-worker-1] INFO  server.GrpcService (GrpcService.java:closeImpl(172)) - 2fadce2d-0f30-4c07-bb86-65c3390b8d84: shutdown server with port 39198 successfully
2019-10-08 21:41:16,656 [main] INFO  impl.StateMachineUpdater (StateMachineUpdater.java:stopAndJoin(136)) - 6127908d-2d89-4418-b2d1-db9941b4b945@group-6372521898F1-StateMachineUpdater: set stopIndex = 16
2019-10-08 21:41:16,656 [6127908d-2d89-4418-b2d1-db9941b4b945@group-6372521898F1-StateMachineUpdater] INFO  ratis.ContainerStateMachine (ContainerStateMachine.java:takeSnapshot(294)) - group-6372521898F1: Taking a snapshot at:(t:1, i:14) file /workdir/hadoop-ozone/integration-test/target/test-dir/MiniOzoneClusterImpl-7fb7994d-4bc0-4253-a887-0c3ab883c7d2/datanode-5/data/ratis/1c16f05f-bbe0-401b-a355-6372521898f1/sm/snapshot.1_14
2019-10-08 21:41:16,656 [Thread-3329] INFO  impl.FollowerState (FollowerState.java:run(117)) - 6127908d-2d89-4418-b2d1-db9941b4b945@group-6372521898F1-FollowerState was interrupted: java.lang.InterruptedException: sleep interrupted
2019-10-08 21:41:16,660 [refreshUsed-/workdir/hadoop-ozone/integration-test/target/test-dir/MiniOzoneClusterImpl-7fb7994d-4bc0-4253-a887-0c3ab883c7d2/datanode-6/data/containers] WARN  fs.CachingGetSpaceUsed (CachingGetSpaceUsed.java:run(183)) - Thread Interrupted waiting to refresh disk information: sleep interrupted
2019-10-08 21:41:16,672 [6127908d-2d89-4418-b2d1-db9941b4b945@group-6372521898F1-StateMachineUpdater] INFO  ratis.ContainerStateMachine (ContainerStateMachine.java:takeSnapshot(305)) - group-6372521898F1: Finished taking a snapshot at:(t:1, i:14) file:/workdir/hadoop-ozone/integration-test/target/test-dir/MiniOzoneClusterImpl-7fb7994d-4bc0-4253-a887-0c3ab883c7d2/datanode-5/data/ratis/1c16f05f-bbe0-401b-a355-6372521898f1/sm/snapshot.1_14 time:15
2019-10-08 21:41:16,672 [6127908d-2d89-4418-b2d1-db9941b4b945@group-6372521898F1-StateMachineUpdater] INFO  impl.StateMachineUpdater (StateMachineUpdater.java:takeSnapshot(269)) - 6127908d-2d89-4418-b2d1-db9941b4b945@group-6372521898F1-StateMachineUpdater: Took a snapshot at index 14
2019-10-08 21:41:16,672 [6127908d-2d89-4418-b2d1-db9941b4b945@group-6372521898F1-StateMachineUpdater] INFO  impl.StateMachineUpdater (StateMachineUpdater.java:lambda$new$0(84)) - 6127908d-2d89-4418-b2d1-db9941b4b945@group-6372521898F1-StateMachineUpdater: snapshotIndex: updateIncreasingly -1 -> 14
2019-10-08 21:41:16,672 [6127908d-2d89-4418-b2d1-db9941b4b945@group-6372521898F1-StateMachineUpdater] INFO  ratis.ContainerStateMachine (ContainerStateMachine.java:takeSnapshot(294)) - group-6372521898F1: Taking a snapshot at:(t:1, i:14) file /workdir/hadoop-ozone/integration-test/target/test-dir/MiniOzoneClusterImpl-7fb7994d-4bc0-4253-a887-0c3ab883c7d2/datanode-5/data/ratis/1c16f05f-bbe0-401b-a355-6372521898f1/sm/snapshot.1_14
2019-10-08 21:41:16,678 [ForkJoinPool.commonPool-worker-1] INFO  utils.BackgroundService (BackgroundService.java:shutdown(148)) - Shutting down service BlockDeletingService
2019-10-08 21:41:16,681 [ForkJoinPool.commonPool-worker-1] INFO  statemachine.DatanodeStateMachine (DatanodeStateMachine.java:stopDaemon(395)) - Ozone container server stopped.
2019-10-08 21:41:16,684 [6127908d-2d89-4418-b2d1-db9941b4b945@group-6372521898F1-StateMachineUpdater] INFO  ratis.ContainerStateMachine (ContainerStateMachine.java:takeSnapshot(305)) - group-6372521898F1: Finished taking a snapshot at:(t:1, i:14) file:/workdir/hadoop-ozone/integration-test/target/test-dir/MiniOzoneClusterImpl-7fb7994d-4bc0-4253-a887-0c3ab883c7d2/datanode-5/data/ratis/1c16f05f-bbe0-401b-a355-6372521898f1/sm/snapshot.1_14 time:12
2019-10-08 21:41:16,685 [6127908d-2d89-4418-b2d1-db9941b4b945@group-6372521898F1-StateMachineUpdater] INFO  impl.StateMachineUpdater (StateMachineUpdater.java:takeSnapshot(269)) - 6127908d-2d89-4418-b2d1-db9941b4b945@group-6372521898F1-StateMachineUpdater: Took a snapshot at index 14
2019-10-08 21:41:16,685 [6127908d-2d89-4418-b2d1-db9941b4b945@group-6372521898F1-StateMachineUpdater] INFO  impl.StateMachineUpdater (StateMachineUpdater.java:lambda$new$0(84)) - 6127908d-2d89-4418-b2d1-db9941b4b945@group-6372521898F1-StateMachineUpdater: snapshotIndex: updateIncreasingly 14 -> 14
2019-10-08 21:41:16,686 [main] INFO  impl.RaftServerImpl (ServerState.java:close(387)) - 6127908d-2d89-4418-b2d1-db9941b4b945@group-6372521898F1: closes. applyIndex: 16
2019-10-08 21:41:16,686 [ForkJoinPool.commonPool-worker-1] INFO  handler.ContextHandler (ContextHandler.java:doStop(910)) - Stopped o.e.j.w.WebAppContext@c14e5a5{/,null,UNAVAILABLE}{/hddsDatanode}
2019-10-08 21:41:16,687 [6127908d-2d89-4418-b2d1-db9941b4b945@group-6372521898F1-SegmentedRaftLogWorker] INFO  segmented.SegmentedRaftLogWorker (SegmentedRaftLogWorker.java:run(316)) - 6127908d-2d89-4418-b2d1-db9941b4b945@group-6372521898F1-SegmentedRaftLogWorker was interrupted, exiting. There are 0 tasks remaining in the queue.
2019-10-08 21:41:16,687 [main] INFO  segmented.SegmentedRaftLogWorker (SegmentedRaftLogWorker.java:close(224)) - 6127908d-2d89-4418-b2d1-db9941b4b945@group-6372521898F1-SegmentedRaftLogWorker close()
2019-10-08 21:41:16,688 [ForkJoinPool.commonPool-worker-1] INFO  server.AbstractConnector (AbstractConnector.java:doStop(318)) - Stopped ServerConnector@16f15ae9{HTTP/1.1,[http/1.1]}{0.0.0.0:0}
2019-10-08 21:41:16,689 [main] INFO  server.GrpcService (GrpcService.java:closeImpl(164)) - 6127908d-2d89-4418-b2d1-db9941b4b945: shutdown server with port 36582 now
2019-10-08 21:41:16,693 [ForkJoinPool.commonPool-worker-1] INFO  handler.ContextHandler (ContextHandler.java:doStop(910)) - Stopped o.e.j.s.ServletContextHandler@24a4e2c5{/static,jar:file:/home/user/.m2/repository/org/apache/hadoop/hadoop-hdds-container-service/0.5.0-SNAPSHOT/hadoop-hdds-container-service-0.5.0-SNAPSHOT.jar!/webapps/static,UNAVAILABLE}
2019-10-08 21:41:16,694 [ForkJoinPool.commonPool-worker-1] INFO  handler.ContextHandler (ContextHandler.java:doStop(910)) - Stopped o.e.j.s.ServletContextHandler@437281c5{/logs,file:///workdir/hadoop-ozone/integration-test/target/log,UNAVAILABLE}
2019-10-08 21:41:16,694 [main] INFO  server.GrpcService (GrpcService.java:closeImpl(172)) - 6127908d-2d89-4418-b2d1-db9941b4b945: shutdown server with port 36582 successfully
2019-10-08 21:41:16,698 [refreshUsed-/workdir/hadoop-ozone/integration-test/target/test-dir/MiniOzoneClusterImpl-7fb7994d-4bc0-4253-a887-0c3ab883c7d2/datanode-5/data/containers] WARN  fs.CachingGetSpaceUsed (CachingGetSpaceUsed.java:run(183)) - Thread Interrupted waiting to refresh disk information: sleep interrupted
2019-10-08 21:41:16,713 [main] INFO  utils.BackgroundService (BackgroundService.java:shutdown(148)) - Shutting down service BlockDeletingService
2019-10-08 21:41:16,718 [main] INFO  statemachine.DatanodeStateMachine (DatanodeStateMachine.java:stopDaemon(395)) - Ozone container server stopped.
2019-10-08 21:41:16,719 [main] INFO  handler.ContextHandler (ContextHandler.java:doStop(910)) - Stopped o.e.j.w.WebAppContext@cf01c2e{/,null,UNAVAILABLE}{/hddsDatanode}
2019-10-08 21:41:16,719 [main] INFO  server.AbstractConnector (AbstractConnector.java:doStop(318)) - Stopped ServerConnector@6f15f52a{HTTP/1.1,[http/1.1]}{0.0.0.0:0}
2019-10-08 21:41:16,720 [main] INFO  handler.ContextHandler (ContextHandler.java:doStop(910)) - Stopped o.e.j.s.ServletContextHandler@634e1b39{/static,jar:file:/home/user/.m2/repository/org/apache/hadoop/hadoop-hdds-container-service/0.5.0-SNAPSHOT/hadoop-hdds-container-service-0.5.0-SNAPSHOT.jar!/webapps/static,UNAVAILABLE}
2019-10-08 21:41:16,720 [main] INFO  handler.ContextHandler (ContextHandler.java:doStop(910)) - Stopped o.e.j.s.ServletContextHandler@51b87df7{/logs,file:///workdir/hadoop-ozone/integration-test/target/log,UNAVAILABLE}
2019-10-08 21:41:16,721 [main] INFO  ozone.MiniOzoneClusterImpl (MiniOzoneClusterImpl.java:stopSCM(392)) - Stopping the StorageContainerManager
2019-10-08 21:41:16,721 [main] INFO  server.StorageContainerManager (StorageContainerManager.java:stop(808)) - Stopping Replication Manager Service.
2019-10-08 21:41:16,722 [main] INFO  container.ReplicationManager (ReplicationManager.java:stop(203)) - Stopping Replication Monitor Thread.
2019-10-08 21:41:16,722 [main] INFO  server.StorageContainerManager (StorageContainerManager.java:stop(815)) - Stopping Lease Manager of the command watchers
2019-10-08 21:41:16,722 [main] INFO  server.StorageContainerManager (StorageContainerManager.java:stop(822)) - Stopping datanode service RPC server
2019-10-08 21:41:16,722 [main] INFO  server.SCMDatanodeProtocolServer (SCMDatanodeProtocolServer.java:stop(346)) - Stopping the RPC server for DataNodes
2019-10-08 21:41:16,722 [main] INFO  ipc.Server (Server.java:stop(3082)) - Stopping server on 34191
2019-10-08 21:41:16,724 [IPC Server listener on 34191] INFO  ipc.Server (Server.java:run(1185)) - Stopping IPC Server listener on 34191
2019-10-08 21:41:16,726 [IPC Server Responder] INFO  ipc.Server (Server.java:run(1319)) - Stopping IPC Server Responder
2019-10-08 21:41:16,806 [SCM Heartbeat Processing Thread - 0] WARN  node.NodeStateManager (NodeStateManager.java:scheduleNextHealthCheck(646)) - Current Thread is interrupted, shutting down HB processing thread for Node Manager.
2019-10-08 21:41:16,806 [main] INFO  server.StorageContainerManager (StorageContainerManager.java:stop(830)) - Stopping block service RPC server
2019-10-08 21:41:16,807 [main] INFO  server.SCMBlockProtocolServer (SCMBlockProtocolServer.java:stop(155)) - Stopping the RPC server for Block Protocol
2019-10-08 21:41:16,807 [main] INFO  ipc.Server (Server.java:stop(3082)) - Stopping server on 36546
2019-10-08 21:41:16,809 [IPC Server listener on 36546] INFO  ipc.Server (Server.java:run(1185)) - Stopping IPC Server listener on 36546
2019-10-08 21:41:16,810 [main] INFO  server.StorageContainerManager (StorageContainerManager.java:stop(837)) - Stopping the StorageContainerLocationProtocol RPC server
2019-10-08 21:41:16,810 [IPC Server Responder] INFO  ipc.Server (Server.java:run(1319)) - Stopping IPC Server Responder
2019-10-08 21:41:16,811 [main] INFO  server.SCMClientProtocolServer (SCMClientProtocolServer.java:stop(168)) - Stopping the RPC server for Client Protocol
2019-10-08 21:41:16,811 [main] INFO  ipc.Server (Server.java:stop(3082)) - Stopping server on 43598
2019-10-08 21:41:16,812 [IPC Server listener on 43598] INFO  ipc.Server (Server.java:run(1185)) - Stopping IPC Server listener on 43598
2019-10-08 21:41:16,813 [main] INFO  server.StorageContainerManager (StorageContainerManager.java:stop(844)) - Stopping Storage Container Manager HTTP server.
2019-10-08 21:41:16,813 [IPC Server Responder] INFO  ipc.Server (Server.java:run(1319)) - Stopping IPC Server Responder
2019-10-08 21:41:16,814 [main] INFO  handler.ContextHandler (ContextHandler.java:doStop(910)) - Stopped o.e.j.w.WebAppContext@2b999ee8{/,null,UNAVAILABLE}{/scm}
2019-10-08 21:41:16,815 [main] INFO  server.AbstractConnector (AbstractConnector.java:doStop(318)) - Stopped ServerConnector@31ab1e67{HTTP/1.1,[http/1.1]}{0.0.0.0:0}
2019-10-08 21:41:16,816 [main] INFO  handler.ContextHandler (ContextHandler.java:doStop(910)) - Stopped o.e.j.s.ServletContextHandler@45554613{/static,file:///workdir/hadoop-ozone/integration-test/target/test-classes/webapps/static,UNAVAILABLE}
2019-10-08 21:41:16,816 [main] INFO  handler.ContextHandler (ContextHandler.java:doStop(910)) - Stopped o.e.j.s.ServletContextHandler@64656b9e{/logs,file:///workdir/hadoop-ozone/integration-test/target/log,UNAVAILABLE}
2019-10-08 21:41:16,817 [main] INFO  server.StorageContainerManager (StorageContainerManager.java:stop(855)) - Stopping Block Manager Service.
2019-10-08 21:41:16,817 [main] INFO  utils.BackgroundService (BackgroundService.java:shutdown(148)) - Shutting down service SCMBlockDeletingService
2019-10-08 21:41:16,818 [main] INFO  utils.BackgroundService (BackgroundService.java:shutdown(148)) - Shutting down service SCMBlockDeletingService
2019-10-08 21:41:16,818 [main] INFO  server.StorageContainerManager (StorageContainerManager.java:stop(877)) - Stopping SCM Event Queue.
2019-10-08 21:41:16,822 [main] INFO  impl.MetricsSystemImpl (MetricsSystemImpl.java:stop(210)) - Stopping HddsDatanode metrics system...
2019-10-08 21:41:16,840 [main] INFO  impl.MetricsSystemImpl (MetricsSystemImpl.java:stop(216)) - HddsDatanode metrics system stopped.
]]></system-out>
    <system-err><![CDATA[Oct 08, 2019 9:41:06 PM org.apache.ratis.thirdparty.io.grpc.internal.SerializingExecutor run
SEVERE: Exception while executing runnable org.apache.ratis.thirdparty.io.grpc.internal.ServerImpl$JumpToApplicationThreadServerStreamListener$1Closed@72d9b9be
org.apache.ratis.thirdparty.io.grpc.StatusRuntimeException: CANCELLED: call already cancelled
	at org.apache.ratis.thirdparty.io.grpc.Status.asRuntimeException(Status.java:517)
	at org.apache.ratis.thirdparty.io.grpc.stub.ServerCalls$ServerCallStreamObserverImpl.onCompleted(ServerCalls.java:356)
	at org.apache.ratis.grpc.server.GrpcServerProtocolService$ServerRequestStreamObserver.onError(GrpcServerProtocolService.java:121)
	at org.apache.ratis.thirdparty.io.grpc.stub.ServerCalls$StreamingServerCallHandler$StreamingServerCallListener.onCancel(ServerCalls.java:269)
	at org.apache.ratis.thirdparty.io.grpc.internal.ServerCallImpl$ServerStreamListenerImpl.closed(ServerCallImpl.java:293)
	at org.apache.ratis.thirdparty.io.grpc.internal.ServerImpl$JumpToApplicationThreadServerStreamListener$1Closed.runInContext(ServerImpl.java:741)
	at org.apache.ratis.thirdparty.io.grpc.internal.ContextRunnable.run(ContextRunnable.java:37)
	at org.apache.ratis.thirdparty.io.grpc.internal.SerializingExecutor.run(SerializingExecutor.java:123)
	at java.util.concurrent.ThreadPoolExecutor.runWorker(ThreadPoolExecutor.java:1149)
	at java.util.concurrent.ThreadPoolExecutor$Worker.run(ThreadPoolExecutor.java:624)
	at java.lang.Thread.run(Thread.java:748)

]]></system-err>
  </testcase>
  <testcase name="testFailureWithPrimeSizedData" classname="org.apache.hadoop.ozone.client.rpc.TestBlockOutputStreamWithFailures" time="35.356"/>
  <testcase name="testWatchForCommitWithCloseContainerException" classname="org.apache.hadoop.ozone.client.rpc.TestBlockOutputStreamWithFailures" time="34.424"/>
  <testcase name="testExceptionDuringClose" classname="org.apache.hadoop.ozone.client.rpc.TestBlockOutputStreamWithFailures" time="41.285">
    <failure message="expected:&lt;92&gt; but was:&lt;94&gt;" type="java.lang.AssertionError"><![CDATA[java.lang.AssertionError: expected:<92> but was:<94>
	at org.junit.Assert.fail(Assert.java:88)
	at org.junit.Assert.failNotEquals(Assert.java:743)
	at org.junit.Assert.assertEquals(Assert.java:118)
	at org.junit.Assert.assertEquals(Assert.java:555)
	at org.junit.Assert.assertEquals(Assert.java:542)
	at org.apache.hadoop.ozone.client.rpc.TestBlockOutputStreamWithFailures.testExceptionDuringClose(TestBlockOutputStreamWithFailures.java:726)
	at sun.reflect.NativeMethodAccessorImpl.invoke0(Native Method)
	at sun.reflect.NativeMethodAccessorImpl.invoke(NativeMethodAccessorImpl.java:62)
	at sun.reflect.DelegatingMethodAccessorImpl.invoke(DelegatingMethodAccessorImpl.java:43)
	at java.lang.reflect.Method.invoke(Method.java:498)
	at org.junit.runners.model.FrameworkMethod$1.runReflectiveCall(FrameworkMethod.java:47)
	at org.junit.internal.runners.model.ReflectiveCallable.run(ReflectiveCallable.java:12)
	at org.junit.runners.model.FrameworkMethod.invokeExplosively(FrameworkMethod.java:44)
	at org.junit.internal.runners.statements.InvokeMethod.evaluate(InvokeMethod.java:17)
	at org.junit.internal.runners.statements.RunBefores.evaluate(RunBefores.java:26)
	at org.junit.internal.runners.statements.RunAfters.evaluate(RunAfters.java:27)
	at org.junit.runners.ParentRunner.runLeaf(ParentRunner.java:271)
	at org.junit.runners.BlockJUnit4ClassRunner.runChild(BlockJUnit4ClassRunner.java:70)
	at org.junit.runners.BlockJUnit4ClassRunner.runChild(BlockJUnit4ClassRunner.java:50)
	at org.junit.runners.ParentRunner$3.run(ParentRunner.java:238)
	at org.junit.runners.ParentRunner$1.schedule(ParentRunner.java:63)
	at org.junit.runners.ParentRunner.runChildren(ParentRunner.java:236)
	at org.junit.runners.ParentRunner.access$000(ParentRunner.java:53)
	at org.junit.runners.ParentRunner$2.evaluate(ParentRunner.java:229)
	at org.junit.runners.ParentRunner.run(ParentRunner.java:309)
	at org.apache.maven.surefire.junit4.JUnit4Provider.execute(JUnit4Provider.java:365)
	at org.apache.maven.surefire.junit4.JUnit4Provider.executeWithRerun(JUnit4Provider.java:273)
	at org.apache.maven.surefire.junit4.JUnit4Provider.executeTestSet(JUnit4Provider.java:238)
	at org.apache.maven.surefire.junit4.JUnit4Provider.invoke(JUnit4Provider.java:159)
	at org.apache.maven.surefire.booter.ForkedBooter.invokeProviderInSameClassLoader(ForkedBooter.java:384)
	at org.apache.maven.surefire.booter.ForkedBooter.runSuitesInProcess(ForkedBooter.java:345)
	at org.apache.maven.surefire.booter.ForkedBooter.execute(ForkedBooter.java:126)
	at org.apache.maven.surefire.booter.ForkedBooter.main(ForkedBooter.java:418)
]]></failure>
    <system-out><![CDATA[2019-10-08 21:42:26,680 [main] WARN  server.ServerUtils (ServerUtils.java:getScmDbDir(145)) - ozone.scm.db.dirs is not configured. We recommend adding this setting. Falling back to ozone.metadata.dirs instead.
2019-10-08 21:42:26,702 [main] WARN  server.ServerUtils (ServerUtils.java:getScmDbDir(145)) - ozone.scm.db.dirs is not configured. We recommend adding this setting. Falling back to ozone.metadata.dirs instead.
2019-10-08 21:42:26,702 [main] WARN  server.ServerUtils (ServerUtils.java:getScmDbDir(145)) - ozone.scm.db.dirs is not configured. We recommend adding this setting. Falling back to ozone.metadata.dirs instead.
2019-10-08 21:42:26,703 [main] INFO  db.DBStoreBuilder (DBStoreBuilder.java:addTable(117)) - using custom profile for table: deletedBlocks
2019-10-08 21:42:26,703 [main] INFO  db.DBStoreBuilder (DBStoreBuilder.java:processTables(168)) - Using default column profile:DBProfile.DISK for Table:deletedBlocks
2019-10-08 21:42:26,703 [main] INFO  db.DBStoreBuilder (DBStoreBuilder.java:addTable(117)) - using custom profile for table: validCerts
2019-10-08 21:42:26,703 [main] INFO  db.DBStoreBuilder (DBStoreBuilder.java:processTables(168)) - Using default column profile:DBProfile.DISK for Table:validCerts
2019-10-08 21:42:26,703 [main] INFO  db.DBStoreBuilder (DBStoreBuilder.java:addTable(117)) - using custom profile for table: revokedCerts
2019-10-08 21:42:26,703 [main] INFO  db.DBStoreBuilder (DBStoreBuilder.java:processTables(168)) - Using default column profile:DBProfile.DISK for Table:revokedCerts
2019-10-08 21:42:26,704 [main] INFO  db.DBStoreBuilder (DBStoreBuilder.java:addTable(117)) - using custom profile for table: default
2019-10-08 21:42:26,704 [main] INFO  db.DBStoreBuilder (DBStoreBuilder.java:processTables(174)) - Using default column profile:DBProfile.DISK for Table:default
2019-10-08 21:42:26,704 [main] INFO  db.DBStoreBuilder (DBStoreBuilder.java:getDbProfile(205)) - Using default options. DBProfile.DISK
2019-10-08 21:42:26,847 [main] INFO  net.NodeSchemaLoader (NodeSchemaLoader.java:loadSchemaFromFile(125)) - Loading file from sun.misc.CompoundEnumeration@41d20f06
2019-10-08 21:42:26,847 [main] INFO  net.NodeSchemaLoader (NodeSchemaLoader.java:loadSchema(171)) - Loading network topology layer schema file
2019-10-08 21:42:26,852 [main] INFO  node.SCMNodeManager (SCMNodeManager.java:<init>(116)) - Entering startup safe mode.
2019-10-08 21:42:26,853 [main] INFO  algorithms.ContainerPlacementPolicyFactory (ContainerPlacementPolicyFactory.java:getPolicy(57)) - Create container placement policy of type org.apache.hadoop.hdds.scm.container.placement.algorithms.SCMContainerPlacementRandom
2019-10-08 21:42:26,853 [main] WARN  server.ServerUtils (ServerUtils.java:getScmDbDir(145)) - ozone.scm.db.dirs is not configured. We recommend adding this setting. Falling back to ozone.metadata.dirs instead.
2019-10-08 21:42:26,888 [main] INFO  pipeline.SCMPipelineManager (SCMPipelineManager.java:initializePipelineState(132)) - No pipeline exists in current db
2019-10-08 21:42:26,888 [main] WARN  server.ServerUtils (ServerUtils.java:getScmDbDir(145)) - ozone.scm.db.dirs is not configured. We recommend adding this setting. Falling back to ozone.metadata.dirs instead.
2019-10-08 21:42:26,914 [main] WARN  events.EventQueue (EventQueue.java:fireEvent(183)) - No event handler registered for event TypedEvent{payloadType=SafeModeStatus, name='SafeModeStatus'}
2019-10-08 21:42:26,915 [main] INFO  ipc.CallQueueManager (CallQueueManager.java:<init>(84)) - Using callQueue: class java.util.concurrent.LinkedBlockingQueue, queueCapacity: 2000, scheduler: class org.apache.hadoop.ipc.DefaultRpcScheduler, ipcBackoff: false.
2019-10-08 21:42:26,916 [Socket Reader #1 for port 45394] INFO  ipc.Server (Server.java:run(1074)) - Starting Socket Reader #1 for port 45394
2019-10-08 21:42:26,918 [main] INFO  ipc.CallQueueManager (CallQueueManager.java:<init>(84)) - Using callQueue: class java.util.concurrent.LinkedBlockingQueue, queueCapacity: 2000, scheduler: class org.apache.hadoop.ipc.DefaultRpcScheduler, ipcBackoff: false.
2019-10-08 21:42:26,919 [Socket Reader #1 for port 32983] INFO  ipc.Server (Server.java:run(1074)) - Starting Socket Reader #1 for port 32983
2019-10-08 21:42:26,923 [main] INFO  ipc.CallQueueManager (CallQueueManager.java:<init>(84)) - Using callQueue: class java.util.concurrent.LinkedBlockingQueue, queueCapacity: 2000, scheduler: class org.apache.hadoop.ipc.DefaultRpcScheduler, ipcBackoff: false.
2019-10-08 21:42:26,924 [Socket Reader #1 for port 37463] INFO  ipc.Server (Server.java:run(1074)) - Starting Socket Reader #1 for port 37463
2019-10-08 21:42:26,927 [main] INFO  hdfs.DFSUtil (DFSUtil.java:httpServerTemplateForNNAndJN(1641)) - Starting Web-server for scm at: http://0.0.0.0:0
2019-10-08 21:42:26,930 [main] INFO  server.AuthenticationFilter (AuthenticationFilter.java:constructSecretProvider(240)) - Unable to initialize FileSignerSecretProvider, falling back to use random secrets.
2019-10-08 21:42:26,931 [main] WARN  http.HttpRequestLog (HttpRequestLog.java:getRequestLog(97)) - Jetty request log can only be enabled using Log4j
2019-10-08 21:42:26,933 [main] INFO  http.HttpServer2 (HttpServer2.java:addGlobalFilter(975)) - Added global filter 'safety' (class=org.apache.hadoop.http.HttpServer2$QuotingInputFilter)
2019-10-08 21:42:26,934 [main] INFO  http.HttpServer2 (HttpServer2.java:addFilter(948)) - Added filter static_user_filter (class=org.apache.hadoop.http.lib.StaticUserWebFilter$StaticUserFilter) to context scm
2019-10-08 21:42:26,934 [main] INFO  http.HttpServer2 (HttpServer2.java:addFilter(958)) - Added filter static_user_filter (class=org.apache.hadoop.http.lib.StaticUserWebFilter$StaticUserFilter) to context static
2019-10-08 21:42:26,934 [main] INFO  http.HttpServer2 (HttpServer2.java:addFilter(958)) - Added filter static_user_filter (class=org.apache.hadoop.http.lib.StaticUserWebFilter$StaticUserFilter) to context logs
2019-10-08 21:42:26,936 [main] INFO  server.StorageContainerManager (StorageContainerManager.java:start(770)) - StorageContainerLocationProtocol RPC server is listening at /0.0.0.0:37463
2019-10-08 21:42:26,939 [main] WARN  impl.MetricsConfig (MetricsConfig.java:loadFirst(134)) - Cannot locate configuration: tried hadoop-metrics2-storagecontainermanager.properties,hadoop-metrics2.properties
2019-10-08 21:42:26,940 [main] INFO  impl.MetricsSystemImpl (MetricsSystemImpl.java:startTimer(374)) - Scheduled Metric snapshot period at 10 second(s).
2019-10-08 21:42:26,940 [main] INFO  impl.MetricsSystemImpl (MetricsSystemImpl.java:start(191)) - StorageContainerManager metrics system started
2019-10-08 21:42:27,279 [main] WARN  impl.MetricsSystemImpl (MetricsSystemImpl.java:register(276)) - Sink prometheus already exists!
2019-10-08 21:42:27,398 [main] INFO  server.SCMClientProtocolServer (SCMClientProtocolServer.java:start(159)) - RPC server for Client  is listening at /0.0.0.0:37463
2019-10-08 21:42:27,398 [IPC Server Responder] INFO  ipc.Server (Server.java:run(1314)) - IPC Server Responder: starting
2019-10-08 21:42:27,400 [IPC Server listener on 37463] INFO  ipc.Server (Server.java:run(1153)) - IPC Server listener on 37463: starting
2019-10-08 21:42:27,404 [main] INFO  server.StorageContainerManager (StorageContainerManager.java:start(780)) - ScmBlockLocationProtocol RPC server is listening at /0.0.0.0:32983
2019-10-08 21:42:27,404 [main] INFO  server.SCMBlockProtocolServer (SCMBlockProtocolServer.java:start(146)) - RPC server for Block Protocol is listening at /0.0.0.0:32983
2019-10-08 21:42:27,404 [IPC Server Responder] INFO  ipc.Server (Server.java:run(1314)) - IPC Server Responder: starting
2019-10-08 21:42:27,404 [IPC Server listener on 32983] INFO  ipc.Server (Server.java:run(1153)) - IPC Server listener on 32983: starting
2019-10-08 21:42:27,407 [main] INFO  server.StorageContainerManager (StorageContainerManager.java:start(784)) - ScmDatanodeProtocl RPC server is listening at /0.0.0.0:45394
2019-10-08 21:42:27,408 [main] INFO  server.SCMDatanodeProtocolServer (SCMDatanodeProtocolServer.java:start(169)) - RPC server for DataNodes is listening at /0.0.0.0:45394
2019-10-08 21:42:27,408 [IPC Server Responder] INFO  ipc.Server (Server.java:run(1314)) - IPC Server Responder: starting
2019-10-08 21:42:27,408 [IPC Server listener on 45394] INFO  ipc.Server (Server.java:run(1153)) - IPC Server listener on 45394: starting
2019-10-08 21:42:27,413 [main] INFO  http.HttpServer2 (HttpServer2.java:bindListener(1191)) - Jetty bound to port 43985
2019-10-08 21:42:27,414 [main] INFO  server.Server (Server.java:doStart(351)) - jetty-9.3.25.v20180904, build timestamp: 2018-09-04T21:11:46Z, git hash: 3ce520221d0240229c862b122d2b06c12a625732
2019-10-08 21:42:27,418 [main] INFO  handler.ContextHandler (ContextHandler.java:doStart(781)) - Started o.e.j.s.ServletContextHandler@71b0289b{/logs,file:///workdir/hadoop-ozone/integration-test/target/log,AVAILABLE}
2019-10-08 21:42:27,419 [main] INFO  handler.ContextHandler (ContextHandler.java:doStart(781)) - Started o.e.j.s.ServletContextHandler@563172d3{/static,file:///workdir/hadoop-ozone/integration-test/target/test-classes/webapps/static,AVAILABLE}
2019-10-08 21:42:27,422 [main] INFO  handler.ContextHandler (ContextHandler.java:doStart(781)) - Started o.e.j.w.WebAppContext@8851ec{/,file:///workdir/hadoop-ozone/integration-test/target/test-classes/webapps/scm/,AVAILABLE}{/scm}
2019-10-08 21:42:27,422 [main] INFO  server.AbstractConnector (AbstractConnector.java:doStart(278)) - Started ServerConnector@18b40fe6{HTTP/1.1,[http/1.1]}{0.0.0.0:43985}
2019-10-08 21:42:27,430 [main] INFO  server.Server (Server.java:doStart(419)) - Started @700294ms
2019-10-08 21:42:27,430 [main] WARN  impl.MetricsSystemImpl (MetricsSystemImpl.java:register(276)) - Sink prometheus already exists!
2019-10-08 21:42:27,431 [main] INFO  server.BaseHttpServer (BaseHttpServer.java:updateConnectorAddress(215)) - HTTP server of SCM is listening at http://0.0.0.0:43985
2019-10-08 21:42:27,433 [main] WARN  server.ServerUtils (ServerUtils.java:getDBPath(222)) - ozone.om.db.dirs is not configured. We recommend adding this setting. Falling back to ozone.metadata.dirs instead.
2019-10-08 21:42:27,434 [org.apache.hadoop.util.JvmPauseMonitor$Monitor@67d5ac2f] INFO  util.JvmPauseMonitor (JvmPauseMonitor.java:run(188)) - Starting JVM pause monitor
2019-10-08 21:42:27,449 [main] INFO  ha.OMHANodeDetails (OMHANodeDetails.java:loadOMHAConfig(190)) - Configuration either no ozone.om.address set. Falling back to the default OM address /127.0.0.1:0
2019-10-08 21:42:27,449 [main] INFO  ha.OMHANodeDetails (OMHANodeDetails.java:getOMNodeDetails(220)) - OM Service ID is not set. Setting it to the default ID: omServiceIdDefault
2019-10-08 21:42:27,450 [main] WARN  server.ServerUtils (ServerUtils.java:getDBPath(222)) - ozone.om.db.dirs is not configured. We recommend adding this setting. Falling back to ozone.metadata.dirs instead.
2019-10-08 21:42:27,450 [main] WARN  server.ServerUtils (ServerUtils.java:getDBPath(222)) - ozone.om.db.dirs is not configured. We recommend adding this setting. Falling back to ozone.metadata.dirs instead.
2019-10-08 21:42:27,459 [main] WARN  server.ServerUtils (ServerUtils.java:getDBPath(222)) - ozone.om.db.dirs is not configured. We recommend adding this setting. Falling back to ozone.metadata.dirs instead.
2019-10-08 21:42:27,460 [main] INFO  db.DBStoreBuilder (DBStoreBuilder.java:addTable(117)) - using custom profile for table: userTable
2019-10-08 21:42:27,460 [main] INFO  db.DBStoreBuilder (DBStoreBuilder.java:processTables(168)) - Using default column profile:DBProfile.DISK for Table:userTable
2019-10-08 21:42:27,461 [main] INFO  db.DBStoreBuilder (DBStoreBuilder.java:addTable(117)) - using custom profile for table: volumeTable
2019-10-08 21:42:27,461 [main] INFO  db.DBStoreBuilder (DBStoreBuilder.java:processTables(168)) - Using default column profile:DBProfile.DISK for Table:volumeTable
2019-10-08 21:42:27,461 [main] INFO  db.DBStoreBuilder (DBStoreBuilder.java:addTable(117)) - using custom profile for table: bucketTable
2019-10-08 21:42:27,461 [main] INFO  db.DBStoreBuilder (DBStoreBuilder.java:processTables(168)) - Using default column profile:DBProfile.DISK for Table:bucketTable
2019-10-08 21:42:27,462 [main] INFO  db.DBStoreBuilder (DBStoreBuilder.java:addTable(117)) - using custom profile for table: keyTable
2019-10-08 21:42:27,462 [main] INFO  db.DBStoreBuilder (DBStoreBuilder.java:processTables(168)) - Using default column profile:DBProfile.DISK for Table:keyTable
2019-10-08 21:42:27,462 [main] INFO  db.DBStoreBuilder (DBStoreBuilder.java:addTable(117)) - using custom profile for table: deletedTable
2019-10-08 21:42:27,462 [main] INFO  db.DBStoreBuilder (DBStoreBuilder.java:processTables(168)) - Using default column profile:DBProfile.DISK for Table:deletedTable
2019-10-08 21:42:27,462 [main] INFO  db.DBStoreBuilder (DBStoreBuilder.java:addTable(117)) - using custom profile for table: openKeyTable
2019-10-08 21:42:27,462 [main] INFO  db.DBStoreBuilder (DBStoreBuilder.java:processTables(168)) - Using default column profile:DBProfile.DISK for Table:openKeyTable
2019-10-08 21:42:27,462 [main] INFO  db.DBStoreBuilder (DBStoreBuilder.java:addTable(117)) - using custom profile for table: s3Table
2019-10-08 21:42:27,463 [main] INFO  db.DBStoreBuilder (DBStoreBuilder.java:processTables(168)) - Using default column profile:DBProfile.DISK for Table:s3Table
2019-10-08 21:42:27,463 [main] INFO  db.DBStoreBuilder (DBStoreBuilder.java:addTable(117)) - using custom profile for table: multipartInfoTable
2019-10-08 21:42:27,463 [main] INFO  db.DBStoreBuilder (DBStoreBuilder.java:processTables(168)) - Using default column profile:DBProfile.DISK for Table:multipartInfoTable
2019-10-08 21:42:27,463 [main] INFO  db.DBStoreBuilder (DBStoreBuilder.java:addTable(117)) - using custom profile for table: dTokenTable
2019-10-08 21:42:27,463 [main] INFO  db.DBStoreBuilder (DBStoreBuilder.java:processTables(168)) - Using default column profile:DBProfile.DISK for Table:dTokenTable
2019-10-08 21:42:27,463 [main] INFO  db.DBStoreBuilder (DBStoreBuilder.java:addTable(117)) - using custom profile for table: s3SecretTable
2019-10-08 21:42:27,463 [main] INFO  db.DBStoreBuilder (DBStoreBuilder.java:processTables(168)) - Using default column profile:DBProfile.DISK for Table:s3SecretTable
2019-10-08 21:42:27,464 [main] INFO  db.DBStoreBuilder (DBStoreBuilder.java:addTable(117)) - using custom profile for table: prefixTable
2019-10-08 21:42:27,464 [main] INFO  db.DBStoreBuilder (DBStoreBuilder.java:processTables(168)) - Using default column profile:DBProfile.DISK for Table:prefixTable
2019-10-08 21:42:27,464 [main] INFO  db.DBStoreBuilder (DBStoreBuilder.java:addTable(117)) - using custom profile for table: default
2019-10-08 21:42:27,464 [main] INFO  db.DBStoreBuilder (DBStoreBuilder.java:processTables(174)) - Using default column profile:DBProfile.DISK for Table:default
2019-10-08 21:42:27,464 [main] INFO  db.DBStoreBuilder (DBStoreBuilder.java:getDbProfile(205)) - Using default options. DBProfile.DISK
2019-10-08 21:42:27,895 [main] INFO  ipc.CallQueueManager (CallQueueManager.java:<init>(84)) - Using callQueue: class java.util.concurrent.LinkedBlockingQueue, queueCapacity: 2000, scheduler: class org.apache.hadoop.ipc.DefaultRpcScheduler, ipcBackoff: false.
2019-10-08 21:42:27,896 [Socket Reader #1 for port 35117] INFO  ipc.Server (Server.java:run(1074)) - Starting Socket Reader #1 for port 35117
2019-10-08 21:42:27,909 [main] INFO  om.OzoneManager (OzoneManager.java:start(1069)) - OzoneManager RPC server is listening at localhost/127.0.0.1:35117
2019-10-08 21:42:27,909 [main] INFO  impl.MetricsSystemImpl (MetricsSystemImpl.java:init(158)) - OzoneManager metrics system started (again)
2019-10-08 21:42:27,909 [IPC Server Responder] INFO  ipc.Server (Server.java:run(1314)) - IPC Server Responder: starting
2019-10-08 21:42:27,912 [IPC Server listener on 35117] INFO  ipc.Server (Server.java:run(1153)) - IPC Server listener on 35117: starting
2019-10-08 21:42:27,920 [main] INFO  hdfs.DFSUtil (DFSUtil.java:httpServerTemplateForNNAndJN(1641)) - Starting Web-server for ozoneManager at: http://0.0.0.0:0
2019-10-08 21:42:27,922 [main] INFO  server.AuthenticationFilter (AuthenticationFilter.java:constructSecretProvider(240)) - Unable to initialize FileSignerSecretProvider, falling back to use random secrets.
2019-10-08 21:42:27,922 [main] WARN  http.HttpRequestLog (HttpRequestLog.java:getRequestLog(97)) - Jetty request log can only be enabled using Log4j
2019-10-08 21:42:27,925 [main] INFO  http.HttpServer2 (HttpServer2.java:addGlobalFilter(975)) - Added global filter 'safety' (class=org.apache.hadoop.http.HttpServer2$QuotingInputFilter)
2019-10-08 21:42:27,925 [main] INFO  http.HttpServer2 (HttpServer2.java:addFilter(948)) - Added filter static_user_filter (class=org.apache.hadoop.http.lib.StaticUserWebFilter$StaticUserFilter) to context ozoneManager
2019-10-08 21:42:27,926 [main] INFO  http.HttpServer2 (HttpServer2.java:addFilter(958)) - Added filter static_user_filter (class=org.apache.hadoop.http.lib.StaticUserWebFilter$StaticUserFilter) to context static
2019-10-08 21:42:27,926 [main] INFO  http.HttpServer2 (HttpServer2.java:addFilter(958)) - Added filter static_user_filter (class=org.apache.hadoop.http.lib.StaticUserWebFilter$StaticUserFilter) to context logs
2019-10-08 21:42:27,927 [main] INFO  http.HttpServer2 (HttpServer2.java:bindListener(1191)) - Jetty bound to port 39921
2019-10-08 21:42:27,927 [main] INFO  server.Server (Server.java:doStart(351)) - jetty-9.3.25.v20180904, build timestamp: 2018-09-04T21:11:46Z, git hash: 3ce520221d0240229c862b122d2b06c12a625732
2019-10-08 21:42:27,929 [main] INFO  handler.ContextHandler (ContextHandler.java:doStart(781)) - Started o.e.j.s.ServletContextHandler@36525ab{/logs,file:///workdir/hadoop-ozone/integration-test/target/log,AVAILABLE}
2019-10-08 21:42:27,929 [main] INFO  handler.ContextHandler (ContextHandler.java:doStart(781)) - Started o.e.j.s.ServletContextHandler@39851c5{/static,file:///workdir/hadoop-ozone/integration-test/target/test-classes/webapps/static,AVAILABLE}
2019-10-08 21:42:27,935 [main] INFO  handler.ContextHandler (ContextHandler.java:doStart(781)) - Started o.e.j.w.WebAppContext@756c67cd{/,file:///workdir/hadoop-ozone/integration-test/target/test-classes/webapps/ozoneManager/,AVAILABLE}{/ozoneManager}
2019-10-08 21:42:27,936 [main] INFO  server.AbstractConnector (AbstractConnector.java:doStart(278)) - Started ServerConnector@50de907a{HTTP/1.1,[http/1.1]}{0.0.0.0:39921}
2019-10-08 21:42:27,938 [main] INFO  server.Server (Server.java:doStart(419)) - Started @700801ms
2019-10-08 21:42:27,938 [main] WARN  impl.MetricsSystemImpl (MetricsSystemImpl.java:register(276)) - Sink prometheus already exists!
2019-10-08 21:42:27,939 [main] INFO  server.BaseHttpServer (BaseHttpServer.java:updateConnectorAddress(215)) - HTTP server of OZONEMANAGER is listening at http://0.0.0.0:39921
2019-10-08 21:42:27,951 [main] INFO  impl.MetricsSystemImpl (MetricsSystemImpl.java:init(158)) - HddsDatanode metrics system started (again)
2019-10-08 21:42:27,958 [main] INFO  ozone.HddsDatanodeService (HddsDatanodeService.java:start(184)) - HddsDatanodeService host:pr-hdds-2217-2kdk4-3258704453 ip:192.168.151.107
2019-10-08 21:42:27,967 [main] INFO  volume.HddsVolume (HddsVolume.java:<init>(176)) - Creating Volume: /workdir/hadoop-ozone/integration-test/target/test-dir/MiniOzoneClusterImpl-a786e4cc-4f7e-42c9-bee1-c977ab225390/datanode-0/data/containers/hdds of  storage type : DISK and capacity : 1482555576320
2019-10-08 21:42:27,967 [main] INFO  volume.VolumeSet (VolumeSet.java:initializeVolumeSet(170)) - Added Volume : /workdir/hadoop-ozone/integration-test/target/test-dir/MiniOzoneClusterImpl-a786e4cc-4f7e-42c9-bee1-c977ab225390/datanode-0/data/containers/hdds to VolumeSet
2019-10-08 21:42:27,968 [main] INFO  volume.ThrottledAsyncChecker (ThrottledAsyncChecker.java:schedule(139)) - Scheduling a check for org.apache.hadoop.ozone.container.common.volume.HddsVolume@110620d
2019-10-08 21:42:27,968 [main] INFO  volume.HddsVolumeChecker (HddsVolumeChecker.java:checkAllVolumes(202)) - Scheduled health check for volume org.apache.hadoop.ozone.container.common.volume.HddsVolume@110620d
2019-10-08 21:42:27,981 [main] INFO  impl.RaftServerProxy (ConfUtils.java:logGet(43)) - raft.rpc.type = GRPC (default)
2019-10-08 21:42:27,982 [main] INFO  grpc.GrpcFactory (GrpcFactory.java:checkPooledByteBufAllocatorUseCacheForAllThreads(45)) - PERFORMANCE WARNING: useCacheForAllThreads is true that may cause Netty to create a lot garbage objects and, as a result, trigger GC.
	It is recommended to disable useCacheForAllThreads by setting -Dorg.apache.ratis.thirdparty.io.netty.allocator.useCacheForAllThreads=false in command line.
2019-10-08 21:42:27,982 [main] INFO  grpc.GrpcConfigKeys$Server (ConfUtils.java:logGet(43)) - raft.grpc.server.port = 0 (default)
2019-10-08 21:42:27,982 [main] INFO  server.GrpcService (ConfUtils.java:logGet(43)) - raft.grpc.message.size.max = 33570816 (custom)
2019-10-08 21:42:27,982 [main] INFO  server.RaftServerConfigKeys (ConfUtils.java:logGet(43)) - raft.server.log.appender.buffer.byte-limit = 33554432 (custom)
2019-10-08 21:42:27,982 [main] INFO  server.GrpcService (ConfUtils.java:logGet(43)) - raft.grpc.flow.control.window = 1MB (=1048576) (default)
2019-10-08 21:42:27,983 [main] INFO  server.RaftServerConfigKeys (ConfUtils.java:logGet(43)) - raft.server.rpc.request.timeout = 3000ms (default)
2019-10-08 21:42:27,983 [main] INFO  server.RaftServerConfigKeys (ConfUtils.java:logGet(43)) - raft.server.storage.dir = [/workdir/hadoop-ozone/integration-test/target/test-dir/MiniOzoneClusterImpl-a786e4cc-4f7e-42c9-bee1-c977ab225390/datanode-0/data/ratis] (custom)
2019-10-08 21:42:27,985 [main] INFO  hdfs.DFSUtil (DFSUtil.java:httpServerTemplateForNNAndJN(1641)) - Starting Web-server for hddsDatanode at: http://0.0.0.0:0
2019-10-08 21:42:27,986 [main] INFO  server.AuthenticationFilter (AuthenticationFilter.java:constructSecretProvider(240)) - Unable to initialize FileSignerSecretProvider, falling back to use random secrets.
2019-10-08 21:42:27,986 [main] WARN  http.HttpRequestLog (HttpRequestLog.java:getRequestLog(97)) - Jetty request log can only be enabled using Log4j
2019-10-08 21:42:27,988 [main] INFO  http.HttpServer2 (HttpServer2.java:addGlobalFilter(975)) - Added global filter 'safety' (class=org.apache.hadoop.http.HttpServer2$QuotingInputFilter)
2019-10-08 21:42:27,988 [main] INFO  http.HttpServer2 (HttpServer2.java:addFilter(948)) - Added filter static_user_filter (class=org.apache.hadoop.http.lib.StaticUserWebFilter$StaticUserFilter) to context hddsDatanode
2019-10-08 21:42:27,988 [main] INFO  http.HttpServer2 (HttpServer2.java:addFilter(958)) - Added filter static_user_filter (class=org.apache.hadoop.http.lib.StaticUserWebFilter$StaticUserFilter) to context static
2019-10-08 21:42:27,989 [main] INFO  http.HttpServer2 (HttpServer2.java:addFilter(958)) - Added filter static_user_filter (class=org.apache.hadoop.http.lib.StaticUserWebFilter$StaticUserFilter) to context logs
2019-10-08 21:42:27,989 [main] INFO  http.HttpServer2 (HttpServer2.java:bindListener(1191)) - Jetty bound to port 46123
2019-10-08 21:42:27,989 [main] INFO  server.Server (Server.java:doStart(351)) - jetty-9.3.25.v20180904, build timestamp: 2018-09-04T21:11:46Z, git hash: 3ce520221d0240229c862b122d2b06c12a625732
2019-10-08 21:42:27,990 [main] INFO  handler.ContextHandler (ContextHandler.java:doStart(781)) - Started o.e.j.s.ServletContextHandler@5bb97fe7{/logs,file:///workdir/hadoop-ozone/integration-test/target/log,AVAILABLE}
2019-10-08 21:42:27,991 [main] INFO  handler.ContextHandler (ContextHandler.java:doStart(781)) - Started o.e.j.s.ServletContextHandler@63262071{/static,jar:file:/home/user/.m2/repository/org/apache/hadoop/hadoop-hdds-container-service/0.5.0-SNAPSHOT/hadoop-hdds-container-service-0.5.0-SNAPSHOT.jar!/webapps/static,AVAILABLE}
2019-10-08 21:42:28,018 [main] INFO  handler.ContextHandler (ContextHandler.java:doStart(781)) - Started o.e.j.w.WebAppContext@1f0e2bdc{/,file:///tmp/jetty-0.0.0.0-46123-hddsDatanode-_-any-8663912373746041793.dir/webapp/,AVAILABLE}{/hddsDatanode}
2019-10-08 21:42:28,018 [main] INFO  server.AbstractConnector (AbstractConnector.java:doStart(278)) - Started ServerConnector@682266d8{HTTP/1.1,[http/1.1]}{0.0.0.0:46123}
2019-10-08 21:42:28,020 [main] INFO  server.Server (Server.java:doStart(419)) - Started @700884ms
2019-10-08 21:42:28,020 [main] WARN  impl.MetricsSystemImpl (MetricsSystemImpl.java:register(276)) - Sink prometheus already exists!
2019-10-08 21:42:28,021 [main] INFO  server.BaseHttpServer (BaseHttpServer.java:updateConnectorAddress(215)) - HTTP server of HDDSDATANODE is listening at http://0.0.0.0:46123
2019-10-08 21:42:28,021 [main] INFO  impl.MetricsSystemImpl (MetricsSystemImpl.java:init(158)) - HddsDatanode metrics system started (again)
2019-10-08 21:42:28,027 [org.apache.hadoop.util.JvmPauseMonitor$Monitor@70202286] INFO  util.JvmPauseMonitor (JvmPauseMonitor.java:run(188)) - Starting JVM pause monitor
2019-10-08 21:42:28,028 [main] INFO  ozone.HddsDatanodeService (HddsDatanodeService.java:start(184)) - HddsDatanodeService host:pr-hdds-2217-2kdk4-3258704453 ip:192.168.151.107
2019-10-08 21:42:28,029 [Datanode State Machine Thread - 0] INFO  datanode.InitDatanodeState (InitDatanodeState.java:persistContainerDatanodeDetails(140)) - DatanodeDetails is persisted to /workdir/hadoop-ozone/integration-test/target/test-dir/MiniOzoneClusterImpl-a786e4cc-4f7e-42c9-bee1-c977ab225390/datanode-0/meta/datanode.id
2019-10-08 21:42:28,036 [main] INFO  volume.HddsVolume (HddsVolume.java:<init>(176)) - Creating Volume: /workdir/hadoop-ozone/integration-test/target/test-dir/MiniOzoneClusterImpl-a786e4cc-4f7e-42c9-bee1-c977ab225390/datanode-1/data/containers/hdds of  storage type : DISK and capacity : 1482555576320
2019-10-08 21:42:28,036 [main] INFO  volume.VolumeSet (VolumeSet.java:initializeVolumeSet(170)) - Added Volume : /workdir/hadoop-ozone/integration-test/target/test-dir/MiniOzoneClusterImpl-a786e4cc-4f7e-42c9-bee1-c977ab225390/datanode-1/data/containers/hdds to VolumeSet
2019-10-08 21:42:28,036 [main] INFO  volume.ThrottledAsyncChecker (ThrottledAsyncChecker.java:schedule(139)) - Scheduling a check for org.apache.hadoop.ozone.container.common.volume.HddsVolume@4ebfb045
2019-10-08 21:42:28,037 [main] INFO  volume.HddsVolumeChecker (HddsVolumeChecker.java:checkAllVolumes(202)) - Scheduled health check for volume org.apache.hadoop.ozone.container.common.volume.HddsVolume@4ebfb045
2019-10-08 21:42:28,051 [main] INFO  impl.RaftServerProxy (ConfUtils.java:logGet(43)) - raft.rpc.type = GRPC (default)
2019-10-08 21:42:28,051 [main] INFO  grpc.GrpcFactory (GrpcFactory.java:checkPooledByteBufAllocatorUseCacheForAllThreads(45)) - PERFORMANCE WARNING: useCacheForAllThreads is true that may cause Netty to create a lot garbage objects and, as a result, trigger GC.
	It is recommended to disable useCacheForAllThreads by setting -Dorg.apache.ratis.thirdparty.io.netty.allocator.useCacheForAllThreads=false in command line.
2019-10-08 21:42:28,051 [main] INFO  grpc.GrpcConfigKeys$Server (ConfUtils.java:logGet(43)) - raft.grpc.server.port = 0 (default)
2019-10-08 21:42:28,051 [main] INFO  server.GrpcService (ConfUtils.java:logGet(43)) - raft.grpc.message.size.max = 33570816 (custom)
2019-10-08 21:42:28,051 [main] INFO  server.RaftServerConfigKeys (ConfUtils.java:logGet(43)) - raft.server.log.appender.buffer.byte-limit = 33554432 (custom)
2019-10-08 21:42:28,052 [main] INFO  server.GrpcService (ConfUtils.java:logGet(43)) - raft.grpc.flow.control.window = 1MB (=1048576) (default)
2019-10-08 21:42:28,052 [main] INFO  server.RaftServerConfigKeys (ConfUtils.java:logGet(43)) - raft.server.rpc.request.timeout = 3000ms (default)
2019-10-08 21:42:28,052 [main] INFO  server.RaftServerConfigKeys (ConfUtils.java:logGet(43)) - raft.server.storage.dir = [/workdir/hadoop-ozone/integration-test/target/test-dir/MiniOzoneClusterImpl-a786e4cc-4f7e-42c9-bee1-c977ab225390/datanode-1/data/ratis] (custom)
2019-10-08 21:42:28,054 [main] INFO  hdfs.DFSUtil (DFSUtil.java:httpServerTemplateForNNAndJN(1641)) - Starting Web-server for hddsDatanode at: http://0.0.0.0:0
2019-10-08 21:42:28,055 [main] INFO  server.AuthenticationFilter (AuthenticationFilter.java:constructSecretProvider(240)) - Unable to initialize FileSignerSecretProvider, falling back to use random secrets.
2019-10-08 21:42:28,055 [main] WARN  http.HttpRequestLog (HttpRequestLog.java:getRequestLog(97)) - Jetty request log can only be enabled using Log4j
2019-10-08 21:42:28,056 [main] INFO  http.HttpServer2 (HttpServer2.java:addGlobalFilter(975)) - Added global filter 'safety' (class=org.apache.hadoop.http.HttpServer2$QuotingInputFilter)
2019-10-08 21:42:28,057 [main] INFO  http.HttpServer2 (HttpServer2.java:addFilter(948)) - Added filter static_user_filter (class=org.apache.hadoop.http.lib.StaticUserWebFilter$StaticUserFilter) to context hddsDatanode
2019-10-08 21:42:28,057 [main] INFO  http.HttpServer2 (HttpServer2.java:addFilter(958)) - Added filter static_user_filter (class=org.apache.hadoop.http.lib.StaticUserWebFilter$StaticUserFilter) to context logs
2019-10-08 21:42:28,057 [main] INFO  http.HttpServer2 (HttpServer2.java:addFilter(958)) - Added filter static_user_filter (class=org.apache.hadoop.http.lib.StaticUserWebFilter$StaticUserFilter) to context static
2019-10-08 21:42:28,058 [main] INFO  http.HttpServer2 (HttpServer2.java:bindListener(1191)) - Jetty bound to port 41323
2019-10-08 21:42:28,058 [main] INFO  server.Server (Server.java:doStart(351)) - jetty-9.3.25.v20180904, build timestamp: 2018-09-04T21:11:46Z, git hash: 3ce520221d0240229c862b122d2b06c12a625732
2019-10-08 21:42:28,059 [main] INFO  handler.ContextHandler (ContextHandler.java:doStart(781)) - Started o.e.j.s.ServletContextHandler@284d4885{/logs,file:///workdir/hadoop-ozone/integration-test/target/log,AVAILABLE}
2019-10-08 21:42:28,059 [main] INFO  handler.ContextHandler (ContextHandler.java:doStart(781)) - Started o.e.j.s.ServletContextHandler@a69f9d{/static,jar:file:/home/user/.m2/repository/org/apache/hadoop/hadoop-hdds-container-service/0.5.0-SNAPSHOT/hadoop-hdds-container-service-0.5.0-SNAPSHOT.jar!/webapps/static,AVAILABLE}
2019-10-08 21:42:28,085 [main] INFO  handler.ContextHandler (ContextHandler.java:doStart(781)) - Started o.e.j.w.WebAppContext@278de2b2{/,file:///tmp/jetty-0.0.0.0-41323-hddsDatanode-_-any-8354242734119196762.dir/webapp/,AVAILABLE}{/hddsDatanode}
2019-10-08 21:42:28,086 [main] INFO  server.AbstractConnector (AbstractConnector.java:doStart(278)) - Started ServerConnector@1fc1c7e{HTTP/1.1,[http/1.1]}{0.0.0.0:41323}
2019-10-08 21:42:28,088 [main] INFO  server.Server (Server.java:doStart(419)) - Started @700952ms
2019-10-08 21:42:28,088 [main] WARN  impl.MetricsSystemImpl (MetricsSystemImpl.java:register(276)) - Sink prometheus already exists!
2019-10-08 21:42:28,088 [main] INFO  server.BaseHttpServer (BaseHttpServer.java:updateConnectorAddress(215)) - HTTP server of HDDSDATANODE is listening at http://0.0.0.0:41323
2019-10-08 21:42:28,089 [main] INFO  impl.MetricsSystemImpl (MetricsSystemImpl.java:init(158)) - HddsDatanode metrics system started (again)
2019-10-08 21:42:28,095 [org.apache.hadoop.util.JvmPauseMonitor$Monitor@43d23983] INFO  util.JvmPauseMonitor (JvmPauseMonitor.java:run(188)) - Starting JVM pause monitor
2019-10-08 21:42:28,096 [main] INFO  ozone.HddsDatanodeService (HddsDatanodeService.java:start(184)) - HddsDatanodeService host:pr-hdds-2217-2kdk4-3258704453 ip:192.168.151.107
2019-10-08 21:42:28,096 [Datanode State Machine Thread - 0] INFO  datanode.InitDatanodeState (InitDatanodeState.java:persistContainerDatanodeDetails(140)) - DatanodeDetails is persisted to /workdir/hadoop-ozone/integration-test/target/test-dir/MiniOzoneClusterImpl-a786e4cc-4f7e-42c9-bee1-c977ab225390/datanode-1/meta/datanode.id
2019-10-08 21:42:28,102 [main] INFO  volume.HddsVolume (HddsVolume.java:<init>(176)) - Creating Volume: /workdir/hadoop-ozone/integration-test/target/test-dir/MiniOzoneClusterImpl-a786e4cc-4f7e-42c9-bee1-c977ab225390/datanode-2/data/containers/hdds of  storage type : DISK and capacity : 1482555576320
2019-10-08 21:42:28,102 [main] INFO  volume.VolumeSet (VolumeSet.java:initializeVolumeSet(170)) - Added Volume : /workdir/hadoop-ozone/integration-test/target/test-dir/MiniOzoneClusterImpl-a786e4cc-4f7e-42c9-bee1-c977ab225390/datanode-2/data/containers/hdds to VolumeSet
2019-10-08 21:42:28,102 [main] INFO  volume.ThrottledAsyncChecker (ThrottledAsyncChecker.java:schedule(139)) - Scheduling a check for org.apache.hadoop.ozone.container.common.volume.HddsVolume@55638165
2019-10-08 21:42:28,103 [main] INFO  volume.HddsVolumeChecker (HddsVolumeChecker.java:checkAllVolumes(202)) - Scheduled health check for volume org.apache.hadoop.ozone.container.common.volume.HddsVolume@55638165
2019-10-08 21:42:28,116 [main] INFO  impl.RaftServerProxy (ConfUtils.java:logGet(43)) - raft.rpc.type = GRPC (default)
2019-10-08 21:42:28,116 [main] INFO  grpc.GrpcFactory (GrpcFactory.java:checkPooledByteBufAllocatorUseCacheForAllThreads(45)) - PERFORMANCE WARNING: useCacheForAllThreads is true that may cause Netty to create a lot garbage objects and, as a result, trigger GC.
	It is recommended to disable useCacheForAllThreads by setting -Dorg.apache.ratis.thirdparty.io.netty.allocator.useCacheForAllThreads=false in command line.
2019-10-08 21:42:28,116 [main] INFO  grpc.GrpcConfigKeys$Server (ConfUtils.java:logGet(43)) - raft.grpc.server.port = 0 (default)
2019-10-08 21:42:28,116 [main] INFO  server.GrpcService (ConfUtils.java:logGet(43)) - raft.grpc.message.size.max = 33570816 (custom)
2019-10-08 21:42:28,117 [main] INFO  server.RaftServerConfigKeys (ConfUtils.java:logGet(43)) - raft.server.log.appender.buffer.byte-limit = 33554432 (custom)
2019-10-08 21:42:28,117 [main] INFO  server.GrpcService (ConfUtils.java:logGet(43)) - raft.grpc.flow.control.window = 1MB (=1048576) (default)
2019-10-08 21:42:28,117 [main] INFO  server.RaftServerConfigKeys (ConfUtils.java:logGet(43)) - raft.server.rpc.request.timeout = 3000ms (default)
2019-10-08 21:42:28,117 [main] INFO  server.RaftServerConfigKeys (ConfUtils.java:logGet(43)) - raft.server.storage.dir = [/workdir/hadoop-ozone/integration-test/target/test-dir/MiniOzoneClusterImpl-a786e4cc-4f7e-42c9-bee1-c977ab225390/datanode-2/data/ratis] (custom)
2019-10-08 21:42:28,118 [main] INFO  hdfs.DFSUtil (DFSUtil.java:httpServerTemplateForNNAndJN(1641)) - Starting Web-server for hddsDatanode at: http://0.0.0.0:0
2019-10-08 21:42:28,120 [main] INFO  server.AuthenticationFilter (AuthenticationFilter.java:constructSecretProvider(240)) - Unable to initialize FileSignerSecretProvider, falling back to use random secrets.
2019-10-08 21:42:28,120 [main] WARN  http.HttpRequestLog (HttpRequestLog.java:getRequestLog(97)) - Jetty request log can only be enabled using Log4j
2019-10-08 21:42:28,121 [main] INFO  http.HttpServer2 (HttpServer2.java:addGlobalFilter(975)) - Added global filter 'safety' (class=org.apache.hadoop.http.HttpServer2$QuotingInputFilter)
2019-10-08 21:42:28,121 [main] INFO  http.HttpServer2 (HttpServer2.java:addFilter(948)) - Added filter static_user_filter (class=org.apache.hadoop.http.lib.StaticUserWebFilter$StaticUserFilter) to context hddsDatanode
2019-10-08 21:42:28,121 [main] INFO  http.HttpServer2 (HttpServer2.java:addFilter(958)) - Added filter static_user_filter (class=org.apache.hadoop.http.lib.StaticUserWebFilter$StaticUserFilter) to context static
2019-10-08 21:42:28,122 [main] INFO  http.HttpServer2 (HttpServer2.java:addFilter(958)) - Added filter static_user_filter (class=org.apache.hadoop.http.lib.StaticUserWebFilter$StaticUserFilter) to context logs
2019-10-08 21:42:28,122 [main] INFO  http.HttpServer2 (HttpServer2.java:bindListener(1191)) - Jetty bound to port 38846
2019-10-08 21:42:28,122 [main] INFO  server.Server (Server.java:doStart(351)) - jetty-9.3.25.v20180904, build timestamp: 2018-09-04T21:11:46Z, git hash: 3ce520221d0240229c862b122d2b06c12a625732
2019-10-08 21:42:28,123 [main] INFO  handler.ContextHandler (ContextHandler.java:doStart(781)) - Started o.e.j.s.ServletContextHandler@6f8ac8d5{/logs,file:///workdir/hadoop-ozone/integration-test/target/log,AVAILABLE}
2019-10-08 21:42:28,124 [main] INFO  handler.ContextHandler (ContextHandler.java:doStart(781)) - Started o.e.j.s.ServletContextHandler@6ac756b{/static,jar:file:/home/user/.m2/repository/org/apache/hadoop/hadoop-hdds-container-service/0.5.0-SNAPSHOT/hadoop-hdds-container-service-0.5.0-SNAPSHOT.jar!/webapps/static,AVAILABLE}
2019-10-08 21:42:28,150 [main] INFO  handler.ContextHandler (ContextHandler.java:doStart(781)) - Started o.e.j.w.WebAppContext@7c5c20ed{/,file:///tmp/jetty-0.0.0.0-38846-hddsDatanode-_-any-3643422100454360584.dir/webapp/,AVAILABLE}{/hddsDatanode}
2019-10-08 21:42:28,151 [main] INFO  server.AbstractConnector (AbstractConnector.java:doStart(278)) - Started ServerConnector@6113a26f{HTTP/1.1,[http/1.1]}{0.0.0.0:38846}
2019-10-08 21:42:28,152 [main] INFO  server.Server (Server.java:doStart(419)) - Started @701016ms
2019-10-08 21:42:28,153 [main] WARN  impl.MetricsSystemImpl (MetricsSystemImpl.java:register(276)) - Sink prometheus already exists!
2019-10-08 21:42:28,153 [main] INFO  server.BaseHttpServer (BaseHttpServer.java:updateConnectorAddress(215)) - HTTP server of HDDSDATANODE is listening at http://0.0.0.0:38846
2019-10-08 21:42:28,154 [main] INFO  impl.MetricsSystemImpl (MetricsSystemImpl.java:init(158)) - HddsDatanode metrics system started (again)
2019-10-08 21:42:28,160 [org.apache.hadoop.util.JvmPauseMonitor$Monitor@11234578] INFO  util.JvmPauseMonitor (JvmPauseMonitor.java:run(188)) - Starting JVM pause monitor
2019-10-08 21:42:28,161 [main] INFO  ozone.HddsDatanodeService (HddsDatanodeService.java:start(184)) - HddsDatanodeService host:pr-hdds-2217-2kdk4-3258704453 ip:192.168.151.107
2019-10-08 21:42:28,162 [Datanode State Machine Thread - 0] INFO  datanode.InitDatanodeState (InitDatanodeState.java:persistContainerDatanodeDetails(140)) - DatanodeDetails is persisted to /workdir/hadoop-ozone/integration-test/target/test-dir/MiniOzoneClusterImpl-a786e4cc-4f7e-42c9-bee1-c977ab225390/datanode-2/meta/datanode.id
2019-10-08 21:42:28,169 [main] INFO  volume.HddsVolume (HddsVolume.java:<init>(176)) - Creating Volume: /workdir/hadoop-ozone/integration-test/target/test-dir/MiniOzoneClusterImpl-a786e4cc-4f7e-42c9-bee1-c977ab225390/datanode-3/data/containers/hdds of  storage type : DISK and capacity : 1482555576320
2019-10-08 21:42:28,170 [main] INFO  volume.VolumeSet (VolumeSet.java:initializeVolumeSet(170)) - Added Volume : /workdir/hadoop-ozone/integration-test/target/test-dir/MiniOzoneClusterImpl-a786e4cc-4f7e-42c9-bee1-c977ab225390/datanode-3/data/containers/hdds to VolumeSet
2019-10-08 21:42:28,170 [main] INFO  volume.ThrottledAsyncChecker (ThrottledAsyncChecker.java:schedule(139)) - Scheduling a check for org.apache.hadoop.ozone.container.common.volume.HddsVolume@69fe7090
2019-10-08 21:42:28,170 [main] INFO  volume.HddsVolumeChecker (HddsVolumeChecker.java:checkAllVolumes(202)) - Scheduled health check for volume org.apache.hadoop.ozone.container.common.volume.HddsVolume@69fe7090
2019-10-08 21:42:28,182 [main] INFO  impl.RaftServerProxy (ConfUtils.java:logGet(43)) - raft.rpc.type = GRPC (default)
2019-10-08 21:42:28,182 [main] INFO  grpc.GrpcFactory (GrpcFactory.java:checkPooledByteBufAllocatorUseCacheForAllThreads(45)) - PERFORMANCE WARNING: useCacheForAllThreads is true that may cause Netty to create a lot garbage objects and, as a result, trigger GC.
	It is recommended to disable useCacheForAllThreads by setting -Dorg.apache.ratis.thirdparty.io.netty.allocator.useCacheForAllThreads=false in command line.
2019-10-08 21:42:28,183 [main] INFO  grpc.GrpcConfigKeys$Server (ConfUtils.java:logGet(43)) - raft.grpc.server.port = 0 (default)
2019-10-08 21:42:28,183 [main] INFO  server.GrpcService (ConfUtils.java:logGet(43)) - raft.grpc.message.size.max = 33570816 (custom)
2019-10-08 21:42:28,183 [main] INFO  server.RaftServerConfigKeys (ConfUtils.java:logGet(43)) - raft.server.log.appender.buffer.byte-limit = 33554432 (custom)
2019-10-08 21:42:28,183 [main] INFO  server.GrpcService (ConfUtils.java:logGet(43)) - raft.grpc.flow.control.window = 1MB (=1048576) (default)
2019-10-08 21:42:28,183 [main] INFO  server.RaftServerConfigKeys (ConfUtils.java:logGet(43)) - raft.server.rpc.request.timeout = 3000ms (default)
2019-10-08 21:42:28,184 [main] INFO  server.RaftServerConfigKeys (ConfUtils.java:logGet(43)) - raft.server.storage.dir = [/workdir/hadoop-ozone/integration-test/target/test-dir/MiniOzoneClusterImpl-a786e4cc-4f7e-42c9-bee1-c977ab225390/datanode-3/data/ratis] (custom)
2019-10-08 21:42:28,185 [main] INFO  hdfs.DFSUtil (DFSUtil.java:httpServerTemplateForNNAndJN(1641)) - Starting Web-server for hddsDatanode at: http://0.0.0.0:0
2019-10-08 21:42:28,186 [main] INFO  server.AuthenticationFilter (AuthenticationFilter.java:constructSecretProvider(240)) - Unable to initialize FileSignerSecretProvider, falling back to use random secrets.
2019-10-08 21:42:28,186 [main] WARN  http.HttpRequestLog (HttpRequestLog.java:getRequestLog(97)) - Jetty request log can only be enabled using Log4j
2019-10-08 21:42:28,188 [main] INFO  http.HttpServer2 (HttpServer2.java:addGlobalFilter(975)) - Added global filter 'safety' (class=org.apache.hadoop.http.HttpServer2$QuotingInputFilter)
2019-10-08 21:42:28,188 [main] INFO  http.HttpServer2 (HttpServer2.java:addFilter(948)) - Added filter static_user_filter (class=org.apache.hadoop.http.lib.StaticUserWebFilter$StaticUserFilter) to context hddsDatanode
2019-10-08 21:42:28,188 [main] INFO  http.HttpServer2 (HttpServer2.java:addFilter(958)) - Added filter static_user_filter (class=org.apache.hadoop.http.lib.StaticUserWebFilter$StaticUserFilter) to context logs
2019-10-08 21:42:28,188 [main] INFO  http.HttpServer2 (HttpServer2.java:addFilter(958)) - Added filter static_user_filter (class=org.apache.hadoop.http.lib.StaticUserWebFilter$StaticUserFilter) to context static
2019-10-08 21:42:28,189 [main] INFO  http.HttpServer2 (HttpServer2.java:bindListener(1191)) - Jetty bound to port 36197
2019-10-08 21:42:28,189 [main] INFO  server.Server (Server.java:doStart(351)) - jetty-9.3.25.v20180904, build timestamp: 2018-09-04T21:11:46Z, git hash: 3ce520221d0240229c862b122d2b06c12a625732
2019-10-08 21:42:28,190 [main] INFO  handler.ContextHandler (ContextHandler.java:doStart(781)) - Started o.e.j.s.ServletContextHandler@8af1c49{/logs,file:///workdir/hadoop-ozone/integration-test/target/log,AVAILABLE}
2019-10-08 21:42:28,191 [main] INFO  handler.ContextHandler (ContextHandler.java:doStart(781)) - Started o.e.j.s.ServletContextHandler@23469199{/static,jar:file:/home/user/.m2/repository/org/apache/hadoop/hadoop-hdds-container-service/0.5.0-SNAPSHOT/hadoop-hdds-container-service-0.5.0-SNAPSHOT.jar!/webapps/static,AVAILABLE}
2019-10-08 21:42:28,217 [main] INFO  handler.ContextHandler (ContextHandler.java:doStart(781)) - Started o.e.j.w.WebAppContext@da22aa{/,file:///tmp/jetty-0.0.0.0-36197-hddsDatanode-_-any-5444762425369317009.dir/webapp/,AVAILABLE}{/hddsDatanode}
2019-10-08 21:42:28,218 [main] INFO  server.AbstractConnector (AbstractConnector.java:doStart(278)) - Started ServerConnector@75452aea{HTTP/1.1,[http/1.1]}{0.0.0.0:36197}
2019-10-08 21:42:28,219 [main] INFO  server.Server (Server.java:doStart(419)) - Started @701083ms
2019-10-08 21:42:28,220 [main] WARN  impl.MetricsSystemImpl (MetricsSystemImpl.java:register(276)) - Sink prometheus already exists!
2019-10-08 21:42:28,220 [main] INFO  server.BaseHttpServer (BaseHttpServer.java:updateConnectorAddress(215)) - HTTP server of HDDSDATANODE is listening at http://0.0.0.0:36197
2019-10-08 21:42:28,221 [main] INFO  impl.MetricsSystemImpl (MetricsSystemImpl.java:init(158)) - HddsDatanode metrics system started (again)
2019-10-08 21:42:28,230 [org.apache.hadoop.util.JvmPauseMonitor$Monitor@5bf12ac8] INFO  util.JvmPauseMonitor (JvmPauseMonitor.java:run(188)) - Starting JVM pause monitor
2019-10-08 21:42:28,231 [Datanode State Machine Thread - 0] INFO  datanode.InitDatanodeState (InitDatanodeState.java:persistContainerDatanodeDetails(140)) - DatanodeDetails is persisted to /workdir/hadoop-ozone/integration-test/target/test-dir/MiniOzoneClusterImpl-a786e4cc-4f7e-42c9-bee1-c977ab225390/datanode-3/meta/datanode.id
2019-10-08 21:42:28,232 [main] INFO  ozone.HddsDatanodeService (HddsDatanodeService.java:start(184)) - HddsDatanodeService host:pr-hdds-2217-2kdk4-3258704453 ip:192.168.151.107
2019-10-08 21:42:28,238 [main] INFO  volume.HddsVolume (HddsVolume.java:<init>(176)) - Creating Volume: /workdir/hadoop-ozone/integration-test/target/test-dir/MiniOzoneClusterImpl-a786e4cc-4f7e-42c9-bee1-c977ab225390/datanode-4/data/containers/hdds of  storage type : DISK and capacity : 1482555576320
2019-10-08 21:42:28,239 [main] INFO  volume.VolumeSet (VolumeSet.java:initializeVolumeSet(170)) - Added Volume : /workdir/hadoop-ozone/integration-test/target/test-dir/MiniOzoneClusterImpl-a786e4cc-4f7e-42c9-bee1-c977ab225390/datanode-4/data/containers/hdds to VolumeSet
2019-10-08 21:42:28,239 [main] INFO  volume.ThrottledAsyncChecker (ThrottledAsyncChecker.java:schedule(139)) - Scheduling a check for org.apache.hadoop.ozone.container.common.volume.HddsVolume@1d1cfe4
2019-10-08 21:42:28,241 [main] INFO  volume.HddsVolumeChecker (HddsVolumeChecker.java:checkAllVolumes(202)) - Scheduled health check for volume org.apache.hadoop.ozone.container.common.volume.HddsVolume@1d1cfe4
2019-10-08 21:42:28,253 [main] INFO  impl.RaftServerProxy (ConfUtils.java:logGet(43)) - raft.rpc.type = GRPC (default)
2019-10-08 21:42:28,253 [main] INFO  grpc.GrpcFactory (GrpcFactory.java:checkPooledByteBufAllocatorUseCacheForAllThreads(45)) - PERFORMANCE WARNING: useCacheForAllThreads is true that may cause Netty to create a lot garbage objects and, as a result, trigger GC.
	It is recommended to disable useCacheForAllThreads by setting -Dorg.apache.ratis.thirdparty.io.netty.allocator.useCacheForAllThreads=false in command line.
2019-10-08 21:42:28,253 [main] INFO  grpc.GrpcConfigKeys$Server (ConfUtils.java:logGet(43)) - raft.grpc.server.port = 0 (default)
2019-10-08 21:42:28,254 [main] INFO  server.GrpcService (ConfUtils.java:logGet(43)) - raft.grpc.message.size.max = 33570816 (custom)
2019-10-08 21:42:28,254 [main] INFO  server.RaftServerConfigKeys (ConfUtils.java:logGet(43)) - raft.server.log.appender.buffer.byte-limit = 33554432 (custom)
2019-10-08 21:42:28,254 [main] INFO  server.GrpcService (ConfUtils.java:logGet(43)) - raft.grpc.flow.control.window = 1MB (=1048576) (default)
2019-10-08 21:42:28,254 [main] INFO  server.RaftServerConfigKeys (ConfUtils.java:logGet(43)) - raft.server.rpc.request.timeout = 3000ms (default)
2019-10-08 21:42:28,255 [main] INFO  server.RaftServerConfigKeys (ConfUtils.java:logGet(43)) - raft.server.storage.dir = [/workdir/hadoop-ozone/integration-test/target/test-dir/MiniOzoneClusterImpl-a786e4cc-4f7e-42c9-bee1-c977ab225390/datanode-4/data/ratis] (custom)
2019-10-08 21:42:28,256 [main] INFO  hdfs.DFSUtil (DFSUtil.java:httpServerTemplateForNNAndJN(1641)) - Starting Web-server for hddsDatanode at: http://0.0.0.0:0
2019-10-08 21:42:28,257 [main] INFO  server.AuthenticationFilter (AuthenticationFilter.java:constructSecretProvider(240)) - Unable to initialize FileSignerSecretProvider, falling back to use random secrets.
2019-10-08 21:42:28,258 [main] WARN  http.HttpRequestLog (HttpRequestLog.java:getRequestLog(97)) - Jetty request log can only be enabled using Log4j
2019-10-08 21:42:28,259 [main] INFO  http.HttpServer2 (HttpServer2.java:addGlobalFilter(975)) - Added global filter 'safety' (class=org.apache.hadoop.http.HttpServer2$QuotingInputFilter)
2019-10-08 21:42:28,260 [main] INFO  http.HttpServer2 (HttpServer2.java:addFilter(948)) - Added filter static_user_filter (class=org.apache.hadoop.http.lib.StaticUserWebFilter$StaticUserFilter) to context hddsDatanode
2019-10-08 21:42:28,260 [main] INFO  http.HttpServer2 (HttpServer2.java:addFilter(958)) - Added filter static_user_filter (class=org.apache.hadoop.http.lib.StaticUserWebFilter$StaticUserFilter) to context logs
2019-10-08 21:42:28,260 [main] INFO  http.HttpServer2 (HttpServer2.java:addFilter(958)) - Added filter static_user_filter (class=org.apache.hadoop.http.lib.StaticUserWebFilter$StaticUserFilter) to context static
2019-10-08 21:42:28,261 [main] INFO  http.HttpServer2 (HttpServer2.java:bindListener(1191)) - Jetty bound to port 44607
2019-10-08 21:42:28,261 [main] INFO  server.Server (Server.java:doStart(351)) - jetty-9.3.25.v20180904, build timestamp: 2018-09-04T21:11:46Z, git hash: 3ce520221d0240229c862b122d2b06c12a625732
2019-10-08 21:42:28,263 [main] INFO  handler.ContextHandler (ContextHandler.java:doStart(781)) - Started o.e.j.s.ServletContextHandler@14656be5{/logs,file:///workdir/hadoop-ozone/integration-test/target/log,AVAILABLE}
2019-10-08 21:42:28,264 [main] INFO  handler.ContextHandler (ContextHandler.java:doStart(781)) - Started o.e.j.s.ServletContextHandler@5db9f51f{/static,jar:file:/home/user/.m2/repository/org/apache/hadoop/hadoop-hdds-container-service/0.5.0-SNAPSHOT/hadoop-hdds-container-service-0.5.0-SNAPSHOT.jar!/webapps/static,AVAILABLE}
2019-10-08 21:42:28,290 [main] INFO  handler.ContextHandler (ContextHandler.java:doStart(781)) - Started o.e.j.w.WebAppContext@5c0e2ec{/,file:///tmp/jetty-0.0.0.0-44607-hddsDatanode-_-any-8968988330542239428.dir/webapp/,AVAILABLE}{/hddsDatanode}
2019-10-08 21:42:28,290 [main] INFO  server.AbstractConnector (AbstractConnector.java:doStart(278)) - Started ServerConnector@4fa8bebb{HTTP/1.1,[http/1.1]}{0.0.0.0:44607}
2019-10-08 21:42:28,292 [main] INFO  server.Server (Server.java:doStart(419)) - Started @701156ms
2019-10-08 21:42:28,292 [main] WARN  impl.MetricsSystemImpl (MetricsSystemImpl.java:register(276)) - Sink prometheus already exists!
2019-10-08 21:42:28,293 [main] INFO  server.BaseHttpServer (BaseHttpServer.java:updateConnectorAddress(215)) - HTTP server of HDDSDATANODE is listening at http://0.0.0.0:44607
2019-10-08 21:42:28,293 [main] INFO  impl.MetricsSystemImpl (MetricsSystemImpl.java:init(158)) - HddsDatanode metrics system started (again)
2019-10-08 21:42:28,300 [org.apache.hadoop.util.JvmPauseMonitor$Monitor@2a084ba0] INFO  util.JvmPauseMonitor (JvmPauseMonitor.java:run(188)) - Starting JVM pause monitor
2019-10-08 21:42:28,301 [main] INFO  ozone.HddsDatanodeService (HddsDatanodeService.java:start(184)) - HddsDatanodeService host:pr-hdds-2217-2kdk4-3258704453 ip:192.168.151.107
2019-10-08 21:42:28,302 [Datanode State Machine Thread - 0] INFO  datanode.InitDatanodeState (InitDatanodeState.java:persistContainerDatanodeDetails(140)) - DatanodeDetails is persisted to /workdir/hadoop-ozone/integration-test/target/test-dir/MiniOzoneClusterImpl-a786e4cc-4f7e-42c9-bee1-c977ab225390/datanode-4/meta/datanode.id
2019-10-08 21:42:28,307 [main] INFO  volume.HddsVolume (HddsVolume.java:<init>(176)) - Creating Volume: /workdir/hadoop-ozone/integration-test/target/test-dir/MiniOzoneClusterImpl-a786e4cc-4f7e-42c9-bee1-c977ab225390/datanode-5/data/containers/hdds of  storage type : DISK and capacity : 1482555576320
2019-10-08 21:42:28,308 [main] INFO  volume.VolumeSet (VolumeSet.java:initializeVolumeSet(170)) - Added Volume : /workdir/hadoop-ozone/integration-test/target/test-dir/MiniOzoneClusterImpl-a786e4cc-4f7e-42c9-bee1-c977ab225390/datanode-5/data/containers/hdds to VolumeSet
2019-10-08 21:42:28,308 [main] INFO  volume.ThrottledAsyncChecker (ThrottledAsyncChecker.java:schedule(139)) - Scheduling a check for org.apache.hadoop.ozone.container.common.volume.HddsVolume@4ae49387
2019-10-08 21:42:28,309 [main] INFO  volume.HddsVolumeChecker (HddsVolumeChecker.java:checkAllVolumes(202)) - Scheduled health check for volume org.apache.hadoop.ozone.container.common.volume.HddsVolume@4ae49387
2019-10-08 21:42:28,321 [main] INFO  impl.RaftServerProxy (ConfUtils.java:logGet(43)) - raft.rpc.type = GRPC (default)
2019-10-08 21:42:28,322 [main] INFO  grpc.GrpcFactory (GrpcFactory.java:checkPooledByteBufAllocatorUseCacheForAllThreads(45)) - PERFORMANCE WARNING: useCacheForAllThreads is true that may cause Netty to create a lot garbage objects and, as a result, trigger GC.
	It is recommended to disable useCacheForAllThreads by setting -Dorg.apache.ratis.thirdparty.io.netty.allocator.useCacheForAllThreads=false in command line.
2019-10-08 21:42:28,322 [main] INFO  grpc.GrpcConfigKeys$Server (ConfUtils.java:logGet(43)) - raft.grpc.server.port = 0 (default)
2019-10-08 21:42:28,322 [main] INFO  server.GrpcService (ConfUtils.java:logGet(43)) - raft.grpc.message.size.max = 33570816 (custom)
2019-10-08 21:42:28,322 [main] INFO  server.RaftServerConfigKeys (ConfUtils.java:logGet(43)) - raft.server.log.appender.buffer.byte-limit = 33554432 (custom)
2019-10-08 21:42:28,323 [main] INFO  server.GrpcService (ConfUtils.java:logGet(43)) - raft.grpc.flow.control.window = 1MB (=1048576) (default)
2019-10-08 21:42:28,323 [main] INFO  server.RaftServerConfigKeys (ConfUtils.java:logGet(43)) - raft.server.rpc.request.timeout = 3000ms (default)
2019-10-08 21:42:28,324 [main] INFO  server.RaftServerConfigKeys (ConfUtils.java:logGet(43)) - raft.server.storage.dir = [/workdir/hadoop-ozone/integration-test/target/test-dir/MiniOzoneClusterImpl-a786e4cc-4f7e-42c9-bee1-c977ab225390/datanode-5/data/ratis] (custom)
2019-10-08 21:42:28,325 [main] INFO  hdfs.DFSUtil (DFSUtil.java:httpServerTemplateForNNAndJN(1641)) - Starting Web-server for hddsDatanode at: http://0.0.0.0:0
2019-10-08 21:42:28,327 [main] INFO  server.AuthenticationFilter (AuthenticationFilter.java:constructSecretProvider(240)) - Unable to initialize FileSignerSecretProvider, falling back to use random secrets.
2019-10-08 21:42:28,328 [main] WARN  http.HttpRequestLog (HttpRequestLog.java:getRequestLog(97)) - Jetty request log can only be enabled using Log4j
2019-10-08 21:42:28,329 [main] INFO  http.HttpServer2 (HttpServer2.java:addGlobalFilter(975)) - Added global filter 'safety' (class=org.apache.hadoop.http.HttpServer2$QuotingInputFilter)
2019-10-08 21:42:28,330 [main] INFO  http.HttpServer2 (HttpServer2.java:addFilter(948)) - Added filter static_user_filter (class=org.apache.hadoop.http.lib.StaticUserWebFilter$StaticUserFilter) to context hddsDatanode
2019-10-08 21:42:28,330 [main] INFO  http.HttpServer2 (HttpServer2.java:addFilter(958)) - Added filter static_user_filter (class=org.apache.hadoop.http.lib.StaticUserWebFilter$StaticUserFilter) to context static
2019-10-08 21:42:28,331 [main] INFO  http.HttpServer2 (HttpServer2.java:addFilter(958)) - Added filter static_user_filter (class=org.apache.hadoop.http.lib.StaticUserWebFilter$StaticUserFilter) to context logs
2019-10-08 21:42:28,331 [main] INFO  http.HttpServer2 (HttpServer2.java:bindListener(1191)) - Jetty bound to port 39552
2019-10-08 21:42:28,332 [main] INFO  server.Server (Server.java:doStart(351)) - jetty-9.3.25.v20180904, build timestamp: 2018-09-04T21:11:46Z, git hash: 3ce520221d0240229c862b122d2b06c12a625732
2019-10-08 21:42:28,333 [main] INFO  handler.ContextHandler (ContextHandler.java:doStart(781)) - Started o.e.j.s.ServletContextHandler@6fbe4800{/logs,file:///workdir/hadoop-ozone/integration-test/target/log,AVAILABLE}
2019-10-08 21:42:28,334 [main] INFO  handler.ContextHandler (ContextHandler.java:doStart(781)) - Started o.e.j.s.ServletContextHandler@1179fc8c{/static,jar:file:/home/user/.m2/repository/org/apache/hadoop/hadoop-hdds-container-service/0.5.0-SNAPSHOT/hadoop-hdds-container-service-0.5.0-SNAPSHOT.jar!/webapps/static,AVAILABLE}
2019-10-08 21:42:28,360 [main] INFO  handler.ContextHandler (ContextHandler.java:doStart(781)) - Started o.e.j.w.WebAppContext@2807cf3{/,file:///tmp/jetty-0.0.0.0-39552-hddsDatanode-_-any-7663118594700900767.dir/webapp/,AVAILABLE}{/hddsDatanode}
2019-10-08 21:42:28,361 [main] INFO  server.AbstractConnector (AbstractConnector.java:doStart(278)) - Started ServerConnector@298e002d{HTTP/1.1,[http/1.1]}{0.0.0.0:39552}
2019-10-08 21:42:28,363 [main] INFO  server.Server (Server.java:doStart(419)) - Started @701227ms
2019-10-08 21:42:28,363 [main] WARN  impl.MetricsSystemImpl (MetricsSystemImpl.java:register(276)) - Sink prometheus already exists!
2019-10-08 21:42:28,364 [main] INFO  server.BaseHttpServer (BaseHttpServer.java:updateConnectorAddress(215)) - HTTP server of HDDSDATANODE is listening at http://0.0.0.0:39552
2019-10-08 21:42:28,364 [main] INFO  impl.MetricsSystemImpl (MetricsSystemImpl.java:init(158)) - HddsDatanode metrics system started (again)
2019-10-08 21:42:28,372 [org.apache.hadoop.util.JvmPauseMonitor$Monitor@532c9eb1] INFO  util.JvmPauseMonitor (JvmPauseMonitor.java:run(188)) - Starting JVM pause monitor
2019-10-08 21:42:28,373 [main] INFO  ozone.HddsDatanodeService (HddsDatanodeService.java:start(184)) - HddsDatanodeService host:pr-hdds-2217-2kdk4-3258704453 ip:192.168.151.107
2019-10-08 21:42:28,374 [Datanode State Machine Thread - 0] INFO  datanode.InitDatanodeState (InitDatanodeState.java:persistContainerDatanodeDetails(140)) - DatanodeDetails is persisted to /workdir/hadoop-ozone/integration-test/target/test-dir/MiniOzoneClusterImpl-a786e4cc-4f7e-42c9-bee1-c977ab225390/datanode-5/meta/datanode.id
2019-10-08 21:42:28,380 [main] INFO  volume.HddsVolume (HddsVolume.java:<init>(176)) - Creating Volume: /workdir/hadoop-ozone/integration-test/target/test-dir/MiniOzoneClusterImpl-a786e4cc-4f7e-42c9-bee1-c977ab225390/datanode-6/data/containers/hdds of  storage type : DISK and capacity : 1482555576320
2019-10-08 21:42:28,380 [main] INFO  volume.VolumeSet (VolumeSet.java:initializeVolumeSet(170)) - Added Volume : /workdir/hadoop-ozone/integration-test/target/test-dir/MiniOzoneClusterImpl-a786e4cc-4f7e-42c9-bee1-c977ab225390/datanode-6/data/containers/hdds to VolumeSet
2019-10-08 21:42:28,380 [main] INFO  volume.ThrottledAsyncChecker (ThrottledAsyncChecker.java:schedule(139)) - Scheduling a check for org.apache.hadoop.ozone.container.common.volume.HddsVolume@46524ebe
2019-10-08 21:42:28,381 [main] INFO  volume.HddsVolumeChecker (HddsVolumeChecker.java:checkAllVolumes(202)) - Scheduled health check for volume org.apache.hadoop.ozone.container.common.volume.HddsVolume@46524ebe
2019-10-08 21:42:28,394 [main] INFO  impl.RaftServerProxy (ConfUtils.java:logGet(43)) - raft.rpc.type = GRPC (default)
2019-10-08 21:42:28,394 [main] INFO  grpc.GrpcFactory (GrpcFactory.java:checkPooledByteBufAllocatorUseCacheForAllThreads(45)) - PERFORMANCE WARNING: useCacheForAllThreads is true that may cause Netty to create a lot garbage objects and, as a result, trigger GC.
	It is recommended to disable useCacheForAllThreads by setting -Dorg.apache.ratis.thirdparty.io.netty.allocator.useCacheForAllThreads=false in command line.
2019-10-08 21:42:28,395 [main] INFO  grpc.GrpcConfigKeys$Server (ConfUtils.java:logGet(43)) - raft.grpc.server.port = 0 (default)
2019-10-08 21:42:28,395 [main] INFO  server.GrpcService (ConfUtils.java:logGet(43)) - raft.grpc.message.size.max = 33570816 (custom)
2019-10-08 21:42:28,395 [main] INFO  server.RaftServerConfigKeys (ConfUtils.java:logGet(43)) - raft.server.log.appender.buffer.byte-limit = 33554432 (custom)
2019-10-08 21:42:28,395 [main] INFO  server.GrpcService (ConfUtils.java:logGet(43)) - raft.grpc.flow.control.window = 1MB (=1048576) (default)
2019-10-08 21:42:28,395 [main] INFO  server.RaftServerConfigKeys (ConfUtils.java:logGet(43)) - raft.server.rpc.request.timeout = 3000ms (default)
2019-10-08 21:42:28,396 [main] INFO  server.RaftServerConfigKeys (ConfUtils.java:logGet(43)) - raft.server.storage.dir = [/workdir/hadoop-ozone/integration-test/target/test-dir/MiniOzoneClusterImpl-a786e4cc-4f7e-42c9-bee1-c977ab225390/datanode-6/data/ratis] (custom)
2019-10-08 21:42:28,397 [main] INFO  hdfs.DFSUtil (DFSUtil.java:httpServerTemplateForNNAndJN(1641)) - Starting Web-server for hddsDatanode at: http://0.0.0.0:0
2019-10-08 21:42:28,398 [main] INFO  server.AuthenticationFilter (AuthenticationFilter.java:constructSecretProvider(240)) - Unable to initialize FileSignerSecretProvider, falling back to use random secrets.
2019-10-08 21:42:28,398 [main] WARN  http.HttpRequestLog (HttpRequestLog.java:getRequestLog(97)) - Jetty request log can only be enabled using Log4j
2019-10-08 21:42:28,400 [main] INFO  http.HttpServer2 (HttpServer2.java:addGlobalFilter(975)) - Added global filter 'safety' (class=org.apache.hadoop.http.HttpServer2$QuotingInputFilter)
2019-10-08 21:42:28,400 [main] INFO  http.HttpServer2 (HttpServer2.java:addFilter(948)) - Added filter static_user_filter (class=org.apache.hadoop.http.lib.StaticUserWebFilter$StaticUserFilter) to context hddsDatanode
2019-10-08 21:42:28,401 [main] INFO  http.HttpServer2 (HttpServer2.java:addFilter(958)) - Added filter static_user_filter (class=org.apache.hadoop.http.lib.StaticUserWebFilter$StaticUserFilter) to context logs
2019-10-08 21:42:28,401 [main] INFO  http.HttpServer2 (HttpServer2.java:addFilter(958)) - Added filter static_user_filter (class=org.apache.hadoop.http.lib.StaticUserWebFilter$StaticUserFilter) to context static
2019-10-08 21:42:28,402 [main] INFO  http.HttpServer2 (HttpServer2.java:bindListener(1191)) - Jetty bound to port 36010
2019-10-08 21:42:28,402 [main] INFO  server.Server (Server.java:doStart(351)) - jetty-9.3.25.v20180904, build timestamp: 2018-09-04T21:11:46Z, git hash: 3ce520221d0240229c862b122d2b06c12a625732
2019-10-08 21:42:28,404 [main] INFO  handler.ContextHandler (ContextHandler.java:doStart(781)) - Started o.e.j.s.ServletContextHandler@7d537616{/logs,file:///workdir/hadoop-ozone/integration-test/target/log,AVAILABLE}
2019-10-08 21:42:28,405 [main] INFO  handler.ContextHandler (ContextHandler.java:doStart(781)) - Started o.e.j.s.ServletContextHandler@19d27c27{/static,jar:file:/home/user/.m2/repository/org/apache/hadoop/hadoop-hdds-container-service/0.5.0-SNAPSHOT/hadoop-hdds-container-service-0.5.0-SNAPSHOT.jar!/webapps/static,AVAILABLE}
2019-10-08 21:42:28,438 [main] INFO  handler.ContextHandler (ContextHandler.java:doStart(781)) - Started o.e.j.w.WebAppContext@61e14b53{/,file:///tmp/jetty-0.0.0.0-36010-hddsDatanode-_-any-7801039826030251431.dir/webapp/,AVAILABLE}{/hddsDatanode}
2019-10-08 21:42:28,438 [main] INFO  server.AbstractConnector (AbstractConnector.java:doStart(278)) - Started ServerConnector@31b6b0c7{HTTP/1.1,[http/1.1]}{0.0.0.0:36010}
2019-10-08 21:42:28,440 [main] INFO  server.Server (Server.java:doStart(419)) - Started @701304ms
2019-10-08 21:42:28,440 [main] WARN  impl.MetricsSystemImpl (MetricsSystemImpl.java:register(276)) - Sink prometheus already exists!
2019-10-08 21:42:28,441 [main] INFO  server.BaseHttpServer (BaseHttpServer.java:updateConnectorAddress(215)) - HTTP server of HDDSDATANODE is listening at http://0.0.0.0:36010
2019-10-08 21:42:28,441 [main] INFO  ozone.MiniOzoneClusterImpl (MiniOzoneClusterImpl.java:lambda$waitForClusterToBeReady$0(147)) - Waiting for cluster to be ready. Got 0 of 7 DN Heartbeats.
2019-10-08 21:42:28,442 [org.apache.hadoop.util.JvmPauseMonitor$Monitor@ad5d066] INFO  util.JvmPauseMonitor (JvmPauseMonitor.java:run(188)) - Starting JVM pause monitor
2019-10-08 21:42:28,444 [Datanode State Machine Thread - 0] INFO  datanode.InitDatanodeState (InitDatanodeState.java:persistContainerDatanodeDetails(140)) - DatanodeDetails is persisted to /workdir/hadoop-ozone/integration-test/target/test-dir/MiniOzoneClusterImpl-a786e4cc-4f7e-42c9-bee1-c977ab225390/datanode-6/meta/datanode.id
2019-10-08 21:42:29,442 [main] INFO  ozone.MiniOzoneClusterImpl (MiniOzoneClusterImpl.java:lambda$waitForClusterToBeReady$0(147)) - Waiting for cluster to be ready. Got 0 of 7 DN Heartbeats.
2019-10-08 21:42:30,069 [Datanode State Machine Thread - 0] INFO  ozoneimpl.OzoneContainer (OzoneContainer.java:start(213)) - Attempting to start container services.
2019-10-08 21:42:30,069 [Datanode State Machine Thread - 0] INFO  ozoneimpl.OzoneContainer (OzoneContainer.java:startContainerScrub(177)) - Background container scanner has been disabled.
2019-10-08 21:42:30,070 [Datanode State Machine Thread - 0] INFO  ratis.XceiverServerRatis (XceiverServerRatis.java:start(418)) - Starting XceiverServerRatis 37f282ad-bafe-4016-8440-19fd6e71650b at port 0
2019-10-08 21:42:30,077 [Datanode State Machine Thread - 0] INFO  impl.RaftServerProxy (RaftServerProxy.java:lambda$start$3(299)) - 37f282ad-bafe-4016-8440-19fd6e71650b: start RPC server
2019-10-08 21:42:30,079 [Datanode State Machine Thread - 0] INFO  server.GrpcService (GrpcService.java:startImpl(158)) - 37f282ad-bafe-4016-8440-19fd6e71650b: GrpcService started, listening on 0.0.0.0/0.0.0.0:40714
2019-10-08 21:42:30,079 [Datanode State Machine Thread - 0] INFO  ratis.XceiverServerRatis (XceiverServerRatis.java:start(428)) - XceiverServerRatis 37f282ad-bafe-4016-8440-19fd6e71650b is started using port 40714
2019-10-08 21:42:30,080 [Datanode State Machine Thread - 0] INFO  server.XceiverServerGrpc (XceiverServerGrpc.java:start(149)) - XceiverServerGrpc 37f282ad-bafe-4016-8440-19fd6e71650b is started using port 41349
2019-10-08 21:42:30,110 [Datanode State Machine Thread - 0] INFO  ozoneimpl.OzoneContainer (OzoneContainer.java:start(213)) - Attempting to start container services.
2019-10-08 21:42:30,111 [Datanode State Machine Thread - 0] INFO  ozoneimpl.OzoneContainer (OzoneContainer.java:startContainerScrub(177)) - Background container scanner has been disabled.
2019-10-08 21:42:30,111 [Datanode State Machine Thread - 0] INFO  ratis.XceiverServerRatis (XceiverServerRatis.java:start(418)) - Starting XceiverServerRatis f79a475a-f87d-4dd7-800d-a3fc318e6f3c at port 0
2019-10-08 21:42:30,117 [Datanode State Machine Thread - 0] INFO  impl.RaftServerProxy (RaftServerProxy.java:lambda$start$3(299)) - f79a475a-f87d-4dd7-800d-a3fc318e6f3c: start RPC server
2019-10-08 21:42:30,118 [Datanode State Machine Thread - 0] INFO  server.GrpcService (GrpcService.java:startImpl(158)) - f79a475a-f87d-4dd7-800d-a3fc318e6f3c: GrpcService started, listening on 0.0.0.0/0.0.0.0:40831
2019-10-08 21:42:30,118 [Datanode State Machine Thread - 0] INFO  ratis.XceiverServerRatis (XceiverServerRatis.java:start(428)) - XceiverServerRatis f79a475a-f87d-4dd7-800d-a3fc318e6f3c is started using port 40831
2019-10-08 21:42:30,139 [Datanode State Machine Thread - 0] INFO  server.XceiverServerGrpc (XceiverServerGrpc.java:start(149)) - XceiverServerGrpc f79a475a-f87d-4dd7-800d-a3fc318e6f3c is started using port 34087
2019-10-08 21:42:30,175 [Datanode State Machine Thread - 0] INFO  ozoneimpl.OzoneContainer (OzoneContainer.java:start(213)) - Attempting to start container services.
2019-10-08 21:42:30,175 [Datanode State Machine Thread - 0] INFO  ozoneimpl.OzoneContainer (OzoneContainer.java:startContainerScrub(177)) - Background container scanner has been disabled.
2019-10-08 21:42:30,176 [Datanode State Machine Thread - 0] INFO  ratis.XceiverServerRatis (XceiverServerRatis.java:start(418)) - Starting XceiverServerRatis d8bec1eb-3a40-4d5f-9cdd-386f74de3faa at port 0
2019-10-08 21:42:30,185 [Datanode State Machine Thread - 0] INFO  impl.RaftServerProxy (RaftServerProxy.java:lambda$start$3(299)) - d8bec1eb-3a40-4d5f-9cdd-386f74de3faa: start RPC server
2019-10-08 21:42:30,186 [Datanode State Machine Thread - 0] INFO  server.GrpcService (GrpcService.java:startImpl(158)) - d8bec1eb-3a40-4d5f-9cdd-386f74de3faa: GrpcService started, listening on 0.0.0.0/0.0.0.0:37030
2019-10-08 21:42:30,186 [Datanode State Machine Thread - 0] INFO  ratis.XceiverServerRatis (XceiverServerRatis.java:start(428)) - XceiverServerRatis d8bec1eb-3a40-4d5f-9cdd-386f74de3faa is started using port 37030
2019-10-08 21:42:30,197 [Datanode State Machine Thread - 0] INFO  server.XceiverServerGrpc (XceiverServerGrpc.java:start(149)) - XceiverServerGrpc d8bec1eb-3a40-4d5f-9cdd-386f74de3faa is started using port 36644
2019-10-08 21:42:30,245 [Datanode State Machine Thread - 0] INFO  ozoneimpl.OzoneContainer (OzoneContainer.java:start(213)) - Attempting to start container services.
2019-10-08 21:42:30,245 [Datanode State Machine Thread - 0] INFO  ozoneimpl.OzoneContainer (OzoneContainer.java:startContainerScrub(177)) - Background container scanner has been disabled.
2019-10-08 21:42:30,246 [Datanode State Machine Thread - 0] INFO  ratis.XceiverServerRatis (XceiverServerRatis.java:start(418)) - Starting XceiverServerRatis 02dfbb81-41fe-4c9c-9f09-786b8c3590a1 at port 0
2019-10-08 21:42:30,251 [Datanode State Machine Thread - 0] INFO  impl.RaftServerProxy (RaftServerProxy.java:lambda$start$3(299)) - 02dfbb81-41fe-4c9c-9f09-786b8c3590a1: start RPC server
2019-10-08 21:42:30,252 [Datanode State Machine Thread - 0] INFO  server.GrpcService (GrpcService.java:startImpl(158)) - 02dfbb81-41fe-4c9c-9f09-786b8c3590a1: GrpcService started, listening on 0.0.0.0/0.0.0.0:44243
2019-10-08 21:42:30,252 [Datanode State Machine Thread - 0] INFO  ratis.XceiverServerRatis (XceiverServerRatis.java:start(428)) - XceiverServerRatis 02dfbb81-41fe-4c9c-9f09-786b8c3590a1 is started using port 44243
2019-10-08 21:42:30,252 [Datanode State Machine Thread - 0] INFO  server.XceiverServerGrpc (XceiverServerGrpc.java:start(149)) - XceiverServerGrpc 02dfbb81-41fe-4c9c-9f09-786b8c3590a1 is started using port 34889
2019-10-08 21:42:30,315 [Datanode State Machine Thread - 0] INFO  ozoneimpl.OzoneContainer (OzoneContainer.java:start(213)) - Attempting to start container services.
2019-10-08 21:42:30,315 [Datanode State Machine Thread - 0] INFO  ozoneimpl.OzoneContainer (OzoneContainer.java:startContainerScrub(177)) - Background container scanner has been disabled.
2019-10-08 21:42:30,315 [Datanode State Machine Thread - 0] INFO  ratis.XceiverServerRatis (XceiverServerRatis.java:start(418)) - Starting XceiverServerRatis 9cadff80-323a-4875-a850-3abc17c82d3b at port 0
2019-10-08 21:42:30,320 [Datanode State Machine Thread - 0] INFO  impl.RaftServerProxy (RaftServerProxy.java:lambda$start$3(299)) - 9cadff80-323a-4875-a850-3abc17c82d3b: start RPC server
2019-10-08 21:42:30,320 [Datanode State Machine Thread - 0] INFO  server.GrpcService (GrpcService.java:startImpl(158)) - 9cadff80-323a-4875-a850-3abc17c82d3b: GrpcService started, listening on 0.0.0.0/0.0.0.0:38629
2019-10-08 21:42:30,321 [Datanode State Machine Thread - 0] INFO  ratis.XceiverServerRatis (XceiverServerRatis.java:start(428)) - XceiverServerRatis 9cadff80-323a-4875-a850-3abc17c82d3b is started using port 38629
2019-10-08 21:42:30,321 [Datanode State Machine Thread - 0] INFO  server.XceiverServerGrpc (XceiverServerGrpc.java:start(149)) - XceiverServerGrpc 9cadff80-323a-4875-a850-3abc17c82d3b is started using port 41072
2019-10-08 21:42:30,387 [Datanode State Machine Thread - 0] INFO  ozoneimpl.OzoneContainer (OzoneContainer.java:start(213)) - Attempting to start container services.
2019-10-08 21:42:30,387 [Datanode State Machine Thread - 0] INFO  ozoneimpl.OzoneContainer (OzoneContainer.java:startContainerScrub(177)) - Background container scanner has been disabled.
2019-10-08 21:42:30,387 [Datanode State Machine Thread - 0] INFO  ratis.XceiverServerRatis (XceiverServerRatis.java:start(418)) - Starting XceiverServerRatis cd004493-3f35-4f7b-8d64-4b1cedb0745f at port 0
2019-10-08 21:42:30,394 [Datanode State Machine Thread - 0] INFO  impl.RaftServerProxy (RaftServerProxy.java:lambda$start$3(299)) - cd004493-3f35-4f7b-8d64-4b1cedb0745f: start RPC server
2019-10-08 21:42:30,398 [Datanode State Machine Thread - 0] INFO  server.GrpcService (GrpcService.java:startImpl(158)) - cd004493-3f35-4f7b-8d64-4b1cedb0745f: GrpcService started, listening on 0.0.0.0/0.0.0.0:44169
2019-10-08 21:42:30,398 [Datanode State Machine Thread - 0] INFO  ratis.XceiverServerRatis (XceiverServerRatis.java:start(428)) - XceiverServerRatis cd004493-3f35-4f7b-8d64-4b1cedb0745f is started using port 44169
2019-10-08 21:42:30,398 [Datanode State Machine Thread - 0] INFO  server.XceiverServerGrpc (XceiverServerGrpc.java:start(149)) - XceiverServerGrpc cd004493-3f35-4f7b-8d64-4b1cedb0745f is started using port 45096
2019-10-08 21:42:30,443 [main] INFO  ozone.MiniOzoneClusterImpl (MiniOzoneClusterImpl.java:lambda$waitForClusterToBeReady$0(147)) - Waiting for cluster to be ready. Got 0 of 7 DN Heartbeats.
2019-10-08 21:42:30,452 [Datanode State Machine Thread - 0] INFO  ozoneimpl.OzoneContainer (OzoneContainer.java:start(213)) - Attempting to start container services.
2019-10-08 21:42:30,452 [Datanode State Machine Thread - 0] INFO  ozoneimpl.OzoneContainer (OzoneContainer.java:startContainerScrub(177)) - Background container scanner has been disabled.
2019-10-08 21:42:30,452 [Datanode State Machine Thread - 0] INFO  ratis.XceiverServerRatis (XceiverServerRatis.java:start(418)) - Starting XceiverServerRatis e9ac3b00-6169-4822-b384-d084a198d5d2 at port 0
2019-10-08 21:42:30,460 [Datanode State Machine Thread - 0] INFO  impl.RaftServerProxy (RaftServerProxy.java:lambda$start$3(299)) - e9ac3b00-6169-4822-b384-d084a198d5d2: start RPC server
2019-10-08 21:42:30,463 [Datanode State Machine Thread - 0] INFO  server.GrpcService (GrpcService.java:startImpl(158)) - e9ac3b00-6169-4822-b384-d084a198d5d2: GrpcService started, listening on 0.0.0.0/0.0.0.0:42762
2019-10-08 21:42:30,464 [Datanode State Machine Thread - 0] INFO  ratis.XceiverServerRatis (XceiverServerRatis.java:start(428)) - XceiverServerRatis e9ac3b00-6169-4822-b384-d084a198d5d2 is started using port 42762
2019-10-08 21:42:30,466 [Datanode State Machine Thread - 0] INFO  server.XceiverServerGrpc (XceiverServerGrpc.java:start(149)) - XceiverServerGrpc e9ac3b00-6169-4822-b384-d084a198d5d2 is started using port 45414
2019-10-08 21:42:31,443 [main] INFO  ozone.MiniOzoneClusterImpl (MiniOzoneClusterImpl.java:lambda$waitForClusterToBeReady$0(147)) - Waiting for cluster to be ready. Got 0 of 7 DN Heartbeats.
2019-10-08 21:42:32,041 [IPC Server handler 2 on 45394] INFO  net.NetworkTopology (NetworkTopologyImpl.java:add(111)) - Added a new node: /default-rack/37f282ad-bafe-4016-8440-19fd6e71650b
2019-10-08 21:42:32,047 [IPC Server handler 2 on 45394] INFO  node.SCMNodeManager (SCMNodeManager.java:register(268)) - Registered Data node : 37f282ad-bafe-4016-8440-19fd6e71650b{ip: 192.168.151.107, host: pr-hdds-2217-2kdk4-3258704453, networkLocation: /default-rack, certSerialId: null}
2019-10-08 21:42:32,048 [EventQueue-NodeRegistrationContainerReportForDataNodeSafeModeRule] INFO  safemode.SCMSafeModeManager (DataNodeSafeModeRule.java:process(71)) - SCM in safe mode. 1 DataNodes registered, 1 required.
2019-10-08 21:42:32,052 [EventQueue-NodeRegistrationContainerReportForContainerSafeModeRule] INFO  safemode.SCMSafeModeManager (SCMSafeModeManager.java:validateSafeModeExitRules(177)) - ScmSafeModeManager, all rules are successfully validated
2019-10-08 21:42:32,052 [EventQueue-NodeRegistrationContainerReportForContainerSafeModeRule] INFO  safemode.SCMSafeModeManager (SCMSafeModeManager.java:exitSafeMode(193)) - SCM exiting safe mode.
2019-10-08 21:42:32,062 [grpc-default-executor-11] INFO  impl.RaftServerProxy (RaftServerProxy.java:addNew(89)) - 37f282ad-bafe-4016-8440-19fd6e71650b: addNew group-75F67EEDE390:[37f282ad-bafe-4016-8440-19fd6e71650b:192.168.151.107:40714] returns group-75F67EEDE390:java.util.concurrent.CompletableFuture@f795a50[Not completed]
2019-10-08 21:42:32,065 [pool-679-thread-1] INFO  impl.RaftServerImpl (RaftServerImpl.java:<init>(95)) - 37f282ad-bafe-4016-8440-19fd6e71650b: new RaftServerImpl for group-75F67EEDE390:[37f282ad-bafe-4016-8440-19fd6e71650b:192.168.151.107:40714] with ContainerStateMachine:uninitialized
2019-10-08 21:42:32,065 [pool-679-thread-1] INFO  server.RaftServerConfigKeys (ConfUtils.java:logGet(43)) - raft.server.rpc.timeout.min = 5s (custom)
2019-10-08 21:42:32,065 [pool-679-thread-1] INFO  server.RaftServerConfigKeys (ConfUtils.java:logGet(43)) - raft.server.rpc.timeout.max = 5200ms (custom)
2019-10-08 21:42:32,065 [pool-679-thread-1] INFO  server.RaftServerConfigKeys (ConfUtils.java:logGet(43)) - raft.server.rpcslowness.timeout = 120s (custom)
2019-10-08 21:42:32,065 [pool-679-thread-1] INFO  server.RaftServerConfigKeys (ConfUtils.java:logGet(43)) - raft.server.sleep.deviation.threshold = 300 (default)
2019-10-08 21:42:32,065 [pool-679-thread-1] INFO  server.RaftServerConfigKeys (ConfUtils.java:logGet(43)) - raft.server.log.appender.install.snapshot.enabled = false (custom)
2019-10-08 21:42:32,066 [pool-679-thread-1] INFO  impl.RaftServerImpl (ServerState.java:<init>(103)) - 37f282ad-bafe-4016-8440-19fd6e71650b@group-75F67EEDE390: ConfigurationManager, init=-1: [37f282ad-bafe-4016-8440-19fd6e71650b:192.168.151.107:40714], old=null, confs=<EMPTY_MAP>
2019-10-08 21:42:32,066 [pool-679-thread-1] INFO  server.RaftServerConfigKeys (ConfUtils.java:logGet(43)) - raft.server.storage.dir = [/workdir/hadoop-ozone/integration-test/target/test-dir/MiniOzoneClusterImpl-a786e4cc-4f7e-42c9-bee1-c977ab225390/datanode-0/data/ratis] (custom)
2019-10-08 21:42:32,066 [pool-679-thread-1] INFO  server.RaftServerConfigKeys (ConfUtils.java:logGet(43)) - raft.server.log.corruption.policy = EXCEPTION (default)
2019-10-08 21:42:32,066 [pool-679-thread-1] INFO  storage.RaftStorageDirectory (RaftStorageDirectory.java:analyzeStorage(246)) - The storage directory /workdir/hadoop-ozone/integration-test/target/test-dir/MiniOzoneClusterImpl-a786e4cc-4f7e-42c9-bee1-c977ab225390/datanode-0/data/ratis/da05ffe4-3343-4673-b9ec-75f67eede390 does not exist. Creating ...
2019-10-08 21:42:32,080 [pool-679-thread-1] INFO  storage.RaftStorageDirectory (RaftStorageDirectory.java:tryLock(328)) - Lock on /workdir/hadoop-ozone/integration-test/target/test-dir/MiniOzoneClusterImpl-a786e4cc-4f7e-42c9-bee1-c977ab225390/datanode-0/data/ratis/da05ffe4-3343-4673-b9ec-75f67eede390/in_use.lock acquired by nodename 23712@pr-hdds-2217-2kdk4-3258704453
2019-10-08 21:42:32,093 [pool-679-thread-1] INFO  storage.RaftStorage (RaftStorage.java:format(84)) - Storage directory /workdir/hadoop-ozone/integration-test/target/test-dir/MiniOzoneClusterImpl-a786e4cc-4f7e-42c9-bee1-c977ab225390/datanode-0/data/ratis/da05ffe4-3343-4673-b9ec-75f67eede390 has been successfully formatted.
2019-10-08 21:42:32,094 [pool-679-thread-1] INFO  ratis.ContainerStateMachine (ContainerStateMachine.java:loadSnapshot(231)) - group-75F67EEDE390: The snapshot info is null. Setting the last applied indexto:(t:0, i:~)
2019-10-08 21:42:32,094 [pool-679-thread-1] INFO  server.RaftServerConfigKeys (ConfUtils.java:logGet(43)) - raft.server.notification.no-leader.timeout = 120s (custom)
2019-10-08 21:42:32,094 [pool-679-thread-1] INFO  server.RaftServerConfigKeys (ConfUtils.java:logGet(43)) - raft.server.log.use.memory = false (default)
2019-10-08 21:42:32,094 [pool-679-thread-1] INFO  server.RaftServerConfigKeys (ConfUtils.java:logGet(43)) - raft.server.log.purge.gap = 1000000 (custom)
2019-10-08 21:42:32,094 [pool-679-thread-1] INFO  server.RaftServerConfigKeys (ConfUtils.java:logGet(43)) - raft.server.log.appender.buffer.byte-limit = 33554432 (custom)
2019-10-08 21:42:32,094 [pool-679-thread-1] INFO  server.RaftServerConfigKeys (ConfUtils.java:logGet(43)) - raft.server.log.segment.size.max = 1048576 (custom)
2019-10-08 21:42:32,095 [IPC Server handler 0 on 45394] INFO  net.NetworkTopology (NetworkTopologyImpl.java:add(111)) - Added a new node: /default-rack/f79a475a-f87d-4dd7-800d-a3fc318e6f3c
2019-10-08 21:42:32,095 [IPC Server handler 0 on 45394] INFO  node.SCMNodeManager (SCMNodeManager.java:register(268)) - Registered Data node : f79a475a-f87d-4dd7-800d-a3fc318e6f3c{ip: 192.168.151.107, host: pr-hdds-2217-2kdk4-3258704453, networkLocation: /default-rack, certSerialId: null}
2019-10-08 21:42:32,096 [pool-679-thread-1] INFO  server.RaftServerConfigKeys (ConfUtils.java:logGet(43)) - raft.server.log.segment.cache.num.max = 2 (custom)
2019-10-08 21:42:32,097 [pool-679-thread-1] INFO  segmented.SegmentedRaftLogWorker (SegmentedRaftLogWorker.java:<init>(173)) - new 37f282ad-bafe-4016-8440-19fd6e71650b@group-75F67EEDE390-SegmentedRaftLogWorker for RaftStorage:Storage Directory /workdir/hadoop-ozone/integration-test/target/test-dir/MiniOzoneClusterImpl-a786e4cc-4f7e-42c9-bee1-c977ab225390/datanode-0/data/ratis/da05ffe4-3343-4673-b9ec-75f67eede390
2019-10-08 21:42:32,097 [pool-679-thread-1] INFO  server.RaftServerConfigKeys (ConfUtils.java:logGet(43)) - raft.server.log.queue.byte-limit = 2147483647 (custom)
2019-10-08 21:42:32,097 [pool-679-thread-1] INFO  server.RaftServerConfigKeys (ConfUtils.java:logGet(43)) - raft.server.log.queue.element-limit = 1024 (custom)
2019-10-08 21:42:32,097 [pool-679-thread-1] INFO  server.RaftServerConfigKeys (ConfUtils.java:logGet(43)) - raft.server.log.segment.size.max = 1048576 (custom)
2019-10-08 21:42:32,097 [pool-679-thread-1] INFO  server.RaftServerConfigKeys (ConfUtils.java:logGet(43)) - raft.server.log.preallocated.size = 16384 (custom)
2019-10-08 21:42:32,097 [pool-679-thread-1] INFO  server.RaftServerConfigKeys (ConfUtils.java:logGet(43)) - raft.server.log.write.buffer.size = 33554432 (custom)
2019-10-08 21:42:32,097 [pool-679-thread-1] INFO  server.RaftServerConfigKeys (ConfUtils.java:logGet(43)) - raft.server.log.force.sync.num = 128 (default)
2019-10-08 21:42:32,097 [pool-679-thread-1] INFO  server.RaftServerConfigKeys (ConfUtils.java:logGet(43)) - raft.server.log.statemachine.data.sync = true (default)
2019-10-08 21:42:32,097 [pool-679-thread-1] INFO  server.RaftServerConfigKeys (ConfUtils.java:logGet(43)) - raft.server.log.statemachine.data.sync.timeout = 10s (default)
2019-10-08 21:42:32,098 [pool-679-thread-1] INFO  server.RaftServerConfigKeys (ConfUtils.java:logGet(43)) - raft.server.log.statemachine.data.sync.timeout.retry = -1 (default)
2019-10-08 21:42:32,098 [pool-679-thread-1] INFO  server.RaftServerConfigKeys (ConfUtils.java:logGet(43)) - raft.server.log.statemachine.data.caching.enabled = true (custom)
2019-10-08 21:42:32,098 [pool-679-thread-1] INFO  segmented.SegmentedRaftLogWorker (SegmentedRaftLogWorker.java:lambda$new$0(128)) - 37f282ad-bafe-4016-8440-19fd6e71650b@group-75F67EEDE390-SegmentedRaftLogWorker: flushIndex: setUnconditionally 0 -> -1
2019-10-08 21:42:32,099 [pool-679-thread-1] INFO  server.RaftServerConfigKeys (ConfUtils.java:logGet(43)) - raft.server.snapshot.auto.trigger.enabled = true (custom)
2019-10-08 21:42:32,099 [pool-679-thread-1] INFO  server.RaftServerConfigKeys (ConfUtils.java:logGet(43)) - raft.server.snapshot.auto.trigger.threshold = 10000 (custom)
2019-10-08 21:42:32,099 [pool-679-thread-1] INFO  server.RaftServerConfigKeys (ConfUtils.java:logGet(43)) - raft.server.snapshot.retention.file.num = 5 (custom)
2019-10-08 21:42:32,099 [pool-679-thread-1] INFO  server.RaftServerConfigKeys (ConfUtils.java:logGet(43)) - raft.server.retrycache.expirytime = 600000ms (custom)
2019-10-08 21:42:32,101 [pool-679-thread-1] INFO  impl.RaftServerImpl (RaftServerImpl.java:start(181)) - 37f282ad-bafe-4016-8440-19fd6e71650b@group-75F67EEDE390: start as a follower, conf=-1: [37f282ad-bafe-4016-8440-19fd6e71650b:192.168.151.107:40714], old=null
2019-10-08 21:42:32,101 [pool-679-thread-1] INFO  impl.RaftServerImpl (RaftServerImpl.java:setRole(170)) - 37f282ad-bafe-4016-8440-19fd6e71650b@group-75F67EEDE390: changes role from      null to FOLLOWER at term 0 for startAsFollower
2019-10-08 21:42:32,101 [pool-679-thread-1] INFO  impl.RoleInfo (RoleInfo.java:updateAndGet(143)) - 37f282ad-bafe-4016-8440-19fd6e71650b: start FollowerState
2019-10-08 21:42:32,102 [pool-679-thread-1] INFO  util.JmxRegister (JmxRegister.java:tryRegister(44)) - Successfully registered JMX Bean with object name Ratis:service=RaftServer,group=group-75F67EEDE390,id=37f282ad-bafe-4016-8440-19fd6e71650b
2019-10-08 21:42:32,109 [RatisPipelineUtilsThread] INFO  pipeline.PipelineStateManager (PipelineStateManager.java:addPipeline(56)) - Created pipeline Pipeline[ Id: da05ffe4-3343-4673-b9ec-75f67eede390, Nodes: 37f282ad-bafe-4016-8440-19fd6e71650b{ip: 192.168.151.107, host: pr-hdds-2217-2kdk4-3258704453, networkLocation: /default-rack, certSerialId: null}, Type:RATIS, Factor:ONE, State:OPEN]
2019-10-08 21:42:32,115 [grpc-default-executor-11] INFO  impl.RaftServerProxy (RaftServerProxy.java:addNew(89)) - f79a475a-f87d-4dd7-800d-a3fc318e6f3c: addNew group-439CFF5D7497:[f79a475a-f87d-4dd7-800d-a3fc318e6f3c:192.168.151.107:40831] returns group-439CFF5D7497:java.util.concurrent.CompletableFuture@1d30950d[Not completed]
2019-10-08 21:42:32,116 [pool-689-thread-1] INFO  impl.RaftServerImpl (RaftServerImpl.java:<init>(95)) - f79a475a-f87d-4dd7-800d-a3fc318e6f3c: new RaftServerImpl for group-439CFF5D7497:[f79a475a-f87d-4dd7-800d-a3fc318e6f3c:192.168.151.107:40831] with ContainerStateMachine:uninitialized
2019-10-08 21:42:32,117 [pool-689-thread-1] INFO  server.RaftServerConfigKeys (ConfUtils.java:logGet(43)) - raft.server.rpc.timeout.min = 5s (custom)
2019-10-08 21:42:32,117 [pool-689-thread-1] INFO  server.RaftServerConfigKeys (ConfUtils.java:logGet(43)) - raft.server.rpc.timeout.max = 5200ms (custom)
2019-10-08 21:42:32,117 [pool-689-thread-1] INFO  server.RaftServerConfigKeys (ConfUtils.java:logGet(43)) - raft.server.rpcslowness.timeout = 120s (custom)
2019-10-08 21:42:32,117 [pool-689-thread-1] INFO  server.RaftServerConfigKeys (ConfUtils.java:logGet(43)) - raft.server.sleep.deviation.threshold = 300 (default)
2019-10-08 21:42:32,117 [pool-689-thread-1] INFO  server.RaftServerConfigKeys (ConfUtils.java:logGet(43)) - raft.server.log.appender.install.snapshot.enabled = false (custom)
2019-10-08 21:42:32,117 [pool-689-thread-1] INFO  impl.RaftServerImpl (ServerState.java:<init>(103)) - f79a475a-f87d-4dd7-800d-a3fc318e6f3c@group-439CFF5D7497: ConfigurationManager, init=-1: [f79a475a-f87d-4dd7-800d-a3fc318e6f3c:192.168.151.107:40831], old=null, confs=<EMPTY_MAP>
2019-10-08 21:42:32,117 [pool-689-thread-1] INFO  server.RaftServerConfigKeys (ConfUtils.java:logGet(43)) - raft.server.storage.dir = [/workdir/hadoop-ozone/integration-test/target/test-dir/MiniOzoneClusterImpl-a786e4cc-4f7e-42c9-bee1-c977ab225390/datanode-1/data/ratis] (custom)
2019-10-08 21:42:32,117 [pool-689-thread-1] INFO  server.RaftServerConfigKeys (ConfUtils.java:logGet(43)) - raft.server.log.corruption.policy = EXCEPTION (default)
2019-10-08 21:42:32,117 [pool-689-thread-1] INFO  storage.RaftStorageDirectory (RaftStorageDirectory.java:analyzeStorage(246)) - The storage directory /workdir/hadoop-ozone/integration-test/target/test-dir/MiniOzoneClusterImpl-a786e4cc-4f7e-42c9-bee1-c977ab225390/datanode-1/data/ratis/1c8df400-bf37-498b-91cf-439cff5d7497 does not exist. Creating ...
2019-10-08 21:42:32,130 [pool-689-thread-1] INFO  storage.RaftStorageDirectory (RaftStorageDirectory.java:tryLock(328)) - Lock on /workdir/hadoop-ozone/integration-test/target/test-dir/MiniOzoneClusterImpl-a786e4cc-4f7e-42c9-bee1-c977ab225390/datanode-1/data/ratis/1c8df400-bf37-498b-91cf-439cff5d7497/in_use.lock acquired by nodename 23712@pr-hdds-2217-2kdk4-3258704453
2019-10-08 21:42:32,142 [pool-689-thread-1] INFO  storage.RaftStorage (RaftStorage.java:format(84)) - Storage directory /workdir/hadoop-ozone/integration-test/target/test-dir/MiniOzoneClusterImpl-a786e4cc-4f7e-42c9-bee1-c977ab225390/datanode-1/data/ratis/1c8df400-bf37-498b-91cf-439cff5d7497 has been successfully formatted.
2019-10-08 21:42:32,143 [pool-689-thread-1] INFO  ratis.ContainerStateMachine (ContainerStateMachine.java:loadSnapshot(231)) - group-439CFF5D7497: The snapshot info is null. Setting the last applied indexto:(t:0, i:~)
2019-10-08 21:42:32,143 [pool-689-thread-1] INFO  server.RaftServerConfigKeys (ConfUtils.java:logGet(43)) - raft.server.notification.no-leader.timeout = 120s (custom)
2019-10-08 21:42:32,143 [pool-689-thread-1] INFO  server.RaftServerConfigKeys (ConfUtils.java:logGet(43)) - raft.server.log.use.memory = false (default)
2019-10-08 21:42:32,143 [pool-689-thread-1] INFO  server.RaftServerConfigKeys (ConfUtils.java:logGet(43)) - raft.server.log.purge.gap = 1000000 (custom)
2019-10-08 21:42:32,143 [pool-689-thread-1] INFO  server.RaftServerConfigKeys (ConfUtils.java:logGet(43)) - raft.server.log.appender.buffer.byte-limit = 33554432 (custom)
2019-10-08 21:42:32,143 [pool-689-thread-1] INFO  server.RaftServerConfigKeys (ConfUtils.java:logGet(43)) - raft.server.log.segment.size.max = 1048576 (custom)
2019-10-08 21:42:32,144 [pool-689-thread-1] INFO  server.RaftServerConfigKeys (ConfUtils.java:logGet(43)) - raft.server.log.segment.cache.num.max = 2 (custom)
2019-10-08 21:42:32,144 [pool-689-thread-1] INFO  segmented.SegmentedRaftLogWorker (SegmentedRaftLogWorker.java:<init>(173)) - new f79a475a-f87d-4dd7-800d-a3fc318e6f3c@group-439CFF5D7497-SegmentedRaftLogWorker for RaftStorage:Storage Directory /workdir/hadoop-ozone/integration-test/target/test-dir/MiniOzoneClusterImpl-a786e4cc-4f7e-42c9-bee1-c977ab225390/datanode-1/data/ratis/1c8df400-bf37-498b-91cf-439cff5d7497
2019-10-08 21:42:32,144 [pool-689-thread-1] INFO  server.RaftServerConfigKeys (ConfUtils.java:logGet(43)) - raft.server.log.queue.byte-limit = 2147483647 (custom)
2019-10-08 21:42:32,144 [pool-689-thread-1] INFO  server.RaftServerConfigKeys (ConfUtils.java:logGet(43)) - raft.server.log.queue.element-limit = 1024 (custom)
2019-10-08 21:42:32,145 [pool-689-thread-1] INFO  server.RaftServerConfigKeys (ConfUtils.java:logGet(43)) - raft.server.log.segment.size.max = 1048576 (custom)
2019-10-08 21:42:32,145 [pool-689-thread-1] INFO  server.RaftServerConfigKeys (ConfUtils.java:logGet(43)) - raft.server.log.preallocated.size = 16384 (custom)
2019-10-08 21:42:32,145 [pool-689-thread-1] INFO  server.RaftServerConfigKeys (ConfUtils.java:logGet(43)) - raft.server.log.write.buffer.size = 33554432 (custom)
2019-10-08 21:42:32,145 [pool-689-thread-1] INFO  server.RaftServerConfigKeys (ConfUtils.java:logGet(43)) - raft.server.log.force.sync.num = 128 (default)
2019-10-08 21:42:32,145 [pool-689-thread-1] INFO  server.RaftServerConfigKeys (ConfUtils.java:logGet(43)) - raft.server.log.statemachine.data.sync = true (default)
2019-10-08 21:42:32,145 [pool-689-thread-1] INFO  server.RaftServerConfigKeys (ConfUtils.java:logGet(43)) - raft.server.log.statemachine.data.sync.timeout = 10s (default)
2019-10-08 21:42:32,145 [pool-689-thread-1] INFO  server.RaftServerConfigKeys (ConfUtils.java:logGet(43)) - raft.server.log.statemachine.data.sync.timeout.retry = -1 (default)
2019-10-08 21:42:32,145 [pool-689-thread-1] INFO  server.RaftServerConfigKeys (ConfUtils.java:logGet(43)) - raft.server.log.statemachine.data.caching.enabled = true (custom)
2019-10-08 21:42:32,145 [pool-689-thread-1] INFO  segmented.SegmentedRaftLogWorker (SegmentedRaftLogWorker.java:lambda$new$0(128)) - f79a475a-f87d-4dd7-800d-a3fc318e6f3c@group-439CFF5D7497-SegmentedRaftLogWorker: flushIndex: setUnconditionally 0 -> -1
2019-10-08 21:42:32,146 [pool-689-thread-1] INFO  server.RaftServerConfigKeys (ConfUtils.java:logGet(43)) - raft.server.snapshot.auto.trigger.enabled = true (custom)
2019-10-08 21:42:32,146 [pool-689-thread-1] INFO  server.RaftServerConfigKeys (ConfUtils.java:logGet(43)) - raft.server.snapshot.auto.trigger.threshold = 10000 (custom)
2019-10-08 21:42:32,146 [pool-689-thread-1] INFO  server.RaftServerConfigKeys (ConfUtils.java:logGet(43)) - raft.server.snapshot.retention.file.num = 5 (custom)
2019-10-08 21:42:32,146 [pool-689-thread-1] INFO  server.RaftServerConfigKeys (ConfUtils.java:logGet(43)) - raft.server.retrycache.expirytime = 600000ms (custom)
2019-10-08 21:42:32,147 [pool-689-thread-1] INFO  impl.RaftServerImpl (RaftServerImpl.java:start(181)) - f79a475a-f87d-4dd7-800d-a3fc318e6f3c@group-439CFF5D7497: start as a follower, conf=-1: [f79a475a-f87d-4dd7-800d-a3fc318e6f3c:192.168.151.107:40831], old=null
2019-10-08 21:42:32,147 [pool-689-thread-1] INFO  impl.RaftServerImpl (RaftServerImpl.java:setRole(170)) - f79a475a-f87d-4dd7-800d-a3fc318e6f3c@group-439CFF5D7497: changes role from      null to FOLLOWER at term 0 for startAsFollower
2019-10-08 21:42:32,147 [pool-689-thread-1] INFO  impl.RoleInfo (RoleInfo.java:updateAndGet(143)) - f79a475a-f87d-4dd7-800d-a3fc318e6f3c: start FollowerState
2019-10-08 21:42:32,147 [pool-689-thread-1] INFO  util.JmxRegister (JmxRegister.java:tryRegister(44)) - Successfully registered JMX Bean with object name Ratis:service=RaftServer,group=group-439CFF5D7497,id=f79a475a-f87d-4dd7-800d-a3fc318e6f3c
2019-10-08 21:42:32,153 [RatisPipelineUtilsThread] INFO  pipeline.PipelineStateManager (PipelineStateManager.java:addPipeline(56)) - Created pipeline Pipeline[ Id: 1c8df400-bf37-498b-91cf-439cff5d7497, Nodes: f79a475a-f87d-4dd7-800d-a3fc318e6f3c{ip: 192.168.151.107, host: pr-hdds-2217-2kdk4-3258704453, networkLocation: /default-rack, certSerialId: null}, Type:RATIS, Factor:ONE, State:OPEN]
2019-10-08 21:42:32,162 [IPC Server handler 3 on 45394] INFO  net.NetworkTopology (NetworkTopologyImpl.java:add(111)) - Added a new node: /default-rack/d8bec1eb-3a40-4d5f-9cdd-386f74de3faa
2019-10-08 21:42:32,163 [IPC Server handler 3 on 45394] INFO  node.SCMNodeManager (SCMNodeManager.java:register(268)) - Registered Data node : d8bec1eb-3a40-4d5f-9cdd-386f74de3faa{ip: 192.168.151.107, host: pr-hdds-2217-2kdk4-3258704453, networkLocation: /default-rack, certSerialId: null}
2019-10-08 21:42:32,168 [grpc-default-executor-11] INFO  impl.RaftServerProxy (RaftServerProxy.java:addNew(89)) - d8bec1eb-3a40-4d5f-9cdd-386f74de3faa: addNew group-40487416EDCC:[d8bec1eb-3a40-4d5f-9cdd-386f74de3faa:192.168.151.107:37030] returns group-40487416EDCC:java.util.concurrent.CompletableFuture@425e8375[Not completed]
2019-10-08 21:42:32,169 [pool-699-thread-1] INFO  impl.RaftServerImpl (RaftServerImpl.java:<init>(95)) - d8bec1eb-3a40-4d5f-9cdd-386f74de3faa: new RaftServerImpl for group-40487416EDCC:[d8bec1eb-3a40-4d5f-9cdd-386f74de3faa:192.168.151.107:37030] with ContainerStateMachine:uninitialized
2019-10-08 21:42:32,169 [pool-699-thread-1] INFO  server.RaftServerConfigKeys (ConfUtils.java:logGet(43)) - raft.server.rpc.timeout.min = 5s (custom)
2019-10-08 21:42:32,169 [pool-699-thread-1] INFO  server.RaftServerConfigKeys (ConfUtils.java:logGet(43)) - raft.server.rpc.timeout.max = 5200ms (custom)
2019-10-08 21:42:32,170 [pool-699-thread-1] INFO  server.RaftServerConfigKeys (ConfUtils.java:logGet(43)) - raft.server.rpcslowness.timeout = 120s (custom)
2019-10-08 21:42:32,170 [pool-699-thread-1] INFO  server.RaftServerConfigKeys (ConfUtils.java:logGet(43)) - raft.server.sleep.deviation.threshold = 300 (default)
2019-10-08 21:42:32,170 [pool-699-thread-1] INFO  server.RaftServerConfigKeys (ConfUtils.java:logGet(43)) - raft.server.log.appender.install.snapshot.enabled = false (custom)
2019-10-08 21:42:32,170 [pool-699-thread-1] INFO  impl.RaftServerImpl (ServerState.java:<init>(103)) - d8bec1eb-3a40-4d5f-9cdd-386f74de3faa@group-40487416EDCC: ConfigurationManager, init=-1: [d8bec1eb-3a40-4d5f-9cdd-386f74de3faa:192.168.151.107:37030], old=null, confs=<EMPTY_MAP>
2019-10-08 21:42:32,170 [pool-699-thread-1] INFO  server.RaftServerConfigKeys (ConfUtils.java:logGet(43)) - raft.server.storage.dir = [/workdir/hadoop-ozone/integration-test/target/test-dir/MiniOzoneClusterImpl-a786e4cc-4f7e-42c9-bee1-c977ab225390/datanode-2/data/ratis] (custom)
2019-10-08 21:42:32,170 [pool-699-thread-1] INFO  server.RaftServerConfigKeys (ConfUtils.java:logGet(43)) - raft.server.log.corruption.policy = EXCEPTION (default)
2019-10-08 21:42:32,171 [pool-699-thread-1] INFO  storage.RaftStorageDirectory (RaftStorageDirectory.java:analyzeStorage(246)) - The storage directory /workdir/hadoop-ozone/integration-test/target/test-dir/MiniOzoneClusterImpl-a786e4cc-4f7e-42c9-bee1-c977ab225390/datanode-2/data/ratis/6ab993c3-3ac1-4a7f-99d1-40487416edcc does not exist. Creating ...
2019-10-08 21:42:32,183 [pool-699-thread-1] INFO  storage.RaftStorageDirectory (RaftStorageDirectory.java:tryLock(328)) - Lock on /workdir/hadoop-ozone/integration-test/target/test-dir/MiniOzoneClusterImpl-a786e4cc-4f7e-42c9-bee1-c977ab225390/datanode-2/data/ratis/6ab993c3-3ac1-4a7f-99d1-40487416edcc/in_use.lock acquired by nodename 23712@pr-hdds-2217-2kdk4-3258704453
2019-10-08 21:42:32,195 [pool-699-thread-1] INFO  storage.RaftStorage (RaftStorage.java:format(84)) - Storage directory /workdir/hadoop-ozone/integration-test/target/test-dir/MiniOzoneClusterImpl-a786e4cc-4f7e-42c9-bee1-c977ab225390/datanode-2/data/ratis/6ab993c3-3ac1-4a7f-99d1-40487416edcc has been successfully formatted.
2019-10-08 21:42:32,195 [pool-699-thread-1] INFO  ratis.ContainerStateMachine (ContainerStateMachine.java:loadSnapshot(231)) - group-40487416EDCC: The snapshot info is null. Setting the last applied indexto:(t:0, i:~)
2019-10-08 21:42:32,196 [pool-699-thread-1] INFO  server.RaftServerConfigKeys (ConfUtils.java:logGet(43)) - raft.server.notification.no-leader.timeout = 120s (custom)
2019-10-08 21:42:32,196 [pool-699-thread-1] INFO  server.RaftServerConfigKeys (ConfUtils.java:logGet(43)) - raft.server.log.use.memory = false (default)
2019-10-08 21:42:32,196 [pool-699-thread-1] INFO  server.RaftServerConfigKeys (ConfUtils.java:logGet(43)) - raft.server.log.purge.gap = 1000000 (custom)
2019-10-08 21:42:32,196 [pool-699-thread-1] INFO  server.RaftServerConfigKeys (ConfUtils.java:logGet(43)) - raft.server.log.appender.buffer.byte-limit = 33554432 (custom)
2019-10-08 21:42:32,196 [pool-699-thread-1] INFO  server.RaftServerConfigKeys (ConfUtils.java:logGet(43)) - raft.server.log.segment.size.max = 1048576 (custom)
2019-10-08 21:42:32,197 [pool-699-thread-1] INFO  server.RaftServerConfigKeys (ConfUtils.java:logGet(43)) - raft.server.log.segment.cache.num.max = 2 (custom)
2019-10-08 21:42:32,198 [pool-699-thread-1] INFO  segmented.SegmentedRaftLogWorker (SegmentedRaftLogWorker.java:<init>(173)) - new d8bec1eb-3a40-4d5f-9cdd-386f74de3faa@group-40487416EDCC-SegmentedRaftLogWorker for RaftStorage:Storage Directory /workdir/hadoop-ozone/integration-test/target/test-dir/MiniOzoneClusterImpl-a786e4cc-4f7e-42c9-bee1-c977ab225390/datanode-2/data/ratis/6ab993c3-3ac1-4a7f-99d1-40487416edcc
2019-10-08 21:42:32,198 [pool-699-thread-1] INFO  server.RaftServerConfigKeys (ConfUtils.java:logGet(43)) - raft.server.log.queue.byte-limit = 2147483647 (custom)
2019-10-08 21:42:32,198 [pool-699-thread-1] INFO  server.RaftServerConfigKeys (ConfUtils.java:logGet(43)) - raft.server.log.queue.element-limit = 1024 (custom)
2019-10-08 21:42:32,198 [pool-699-thread-1] INFO  server.RaftServerConfigKeys (ConfUtils.java:logGet(43)) - raft.server.log.segment.size.max = 1048576 (custom)
2019-10-08 21:42:32,198 [pool-699-thread-1] INFO  server.RaftServerConfigKeys (ConfUtils.java:logGet(43)) - raft.server.log.preallocated.size = 16384 (custom)
2019-10-08 21:42:32,198 [pool-699-thread-1] INFO  server.RaftServerConfigKeys (ConfUtils.java:logGet(43)) - raft.server.log.write.buffer.size = 33554432 (custom)
2019-10-08 21:42:32,198 [pool-699-thread-1] INFO  server.RaftServerConfigKeys (ConfUtils.java:logGet(43)) - raft.server.log.force.sync.num = 128 (default)
2019-10-08 21:42:32,198 [pool-699-thread-1] INFO  server.RaftServerConfigKeys (ConfUtils.java:logGet(43)) - raft.server.log.statemachine.data.sync = true (default)
2019-10-08 21:42:32,198 [pool-699-thread-1] INFO  server.RaftServerConfigKeys (ConfUtils.java:logGet(43)) - raft.server.log.statemachine.data.sync.timeout = 10s (default)
2019-10-08 21:42:32,199 [pool-699-thread-1] INFO  server.RaftServerConfigKeys (ConfUtils.java:logGet(43)) - raft.server.log.statemachine.data.sync.timeout.retry = -1 (default)
2019-10-08 21:42:32,199 [pool-699-thread-1] INFO  server.RaftServerConfigKeys (ConfUtils.java:logGet(43)) - raft.server.log.statemachine.data.caching.enabled = true (custom)
2019-10-08 21:42:32,199 [pool-699-thread-1] INFO  segmented.SegmentedRaftLogWorker (SegmentedRaftLogWorker.java:lambda$new$0(128)) - d8bec1eb-3a40-4d5f-9cdd-386f74de3faa@group-40487416EDCC-SegmentedRaftLogWorker: flushIndex: setUnconditionally 0 -> -1
2019-10-08 21:42:32,199 [pool-699-thread-1] INFO  server.RaftServerConfigKeys (ConfUtils.java:logGet(43)) - raft.server.snapshot.auto.trigger.enabled = true (custom)
2019-10-08 21:42:32,200 [pool-699-thread-1] INFO  server.RaftServerConfigKeys (ConfUtils.java:logGet(43)) - raft.server.snapshot.auto.trigger.threshold = 10000 (custom)
2019-10-08 21:42:32,200 [pool-699-thread-1] INFO  server.RaftServerConfigKeys (ConfUtils.java:logGet(43)) - raft.server.snapshot.retention.file.num = 5 (custom)
2019-10-08 21:42:32,200 [pool-699-thread-1] INFO  server.RaftServerConfigKeys (ConfUtils.java:logGet(43)) - raft.server.retrycache.expirytime = 600000ms (custom)
2019-10-08 21:42:32,201 [pool-699-thread-1] INFO  impl.RaftServerImpl (RaftServerImpl.java:start(181)) - d8bec1eb-3a40-4d5f-9cdd-386f74de3faa@group-40487416EDCC: start as a follower, conf=-1: [d8bec1eb-3a40-4d5f-9cdd-386f74de3faa:192.168.151.107:37030], old=null
2019-10-08 21:42:32,201 [pool-699-thread-1] INFO  impl.RaftServerImpl (RaftServerImpl.java:setRole(170)) - d8bec1eb-3a40-4d5f-9cdd-386f74de3faa@group-40487416EDCC: changes role from      null to FOLLOWER at term 0 for startAsFollower
2019-10-08 21:42:32,201 [pool-699-thread-1] INFO  impl.RoleInfo (RoleInfo.java:updateAndGet(143)) - d8bec1eb-3a40-4d5f-9cdd-386f74de3faa: start FollowerState
2019-10-08 21:42:32,202 [pool-699-thread-1] INFO  util.JmxRegister (JmxRegister.java:tryRegister(44)) - Successfully registered JMX Bean with object name Ratis:service=RaftServer,group=group-40487416EDCC,id=d8bec1eb-3a40-4d5f-9cdd-386f74de3faa
2019-10-08 21:42:32,207 [RatisPipelineUtilsThread] INFO  pipeline.PipelineStateManager (PipelineStateManager.java:addPipeline(56)) - Created pipeline Pipeline[ Id: 6ab993c3-3ac1-4a7f-99d1-40487416edcc, Nodes: d8bec1eb-3a40-4d5f-9cdd-386f74de3faa{ip: 192.168.151.107, host: pr-hdds-2217-2kdk4-3258704453, networkLocation: /default-rack, certSerialId: null}, Type:RATIS, Factor:ONE, State:OPEN]
2019-10-08 21:42:32,215 [grpc-default-executor-12] INFO  impl.RaftServerProxy (RaftServerProxy.java:addNew(89)) - f79a475a-f87d-4dd7-800d-a3fc318e6f3c: addNew group-B2FB7A36E2A4:[f79a475a-f87d-4dd7-800d-a3fc318e6f3c:192.168.151.107:40831, 37f282ad-bafe-4016-8440-19fd6e71650b:192.168.151.107:40714, d8bec1eb-3a40-4d5f-9cdd-386f74de3faa:192.168.151.107:37030] returns group-B2FB7A36E2A4:java.util.concurrent.CompletableFuture@37e64659[Not completed]
2019-10-08 21:42:32,215 [grpc-default-executor-11] INFO  impl.RaftServerProxy (RaftServerProxy.java:addNew(89)) - d8bec1eb-3a40-4d5f-9cdd-386f74de3faa: addNew group-B2FB7A36E2A4:[f79a475a-f87d-4dd7-800d-a3fc318e6f3c:192.168.151.107:40831, 37f282ad-bafe-4016-8440-19fd6e71650b:192.168.151.107:40714, d8bec1eb-3a40-4d5f-9cdd-386f74de3faa:192.168.151.107:37030] returns group-B2FB7A36E2A4:java.util.concurrent.CompletableFuture@74977d6b[Not completed]
2019-10-08 21:42:32,215 [grpc-default-executor-4] INFO  impl.RaftServerProxy (RaftServerProxy.java:addNew(89)) - 37f282ad-bafe-4016-8440-19fd6e71650b: addNew group-B2FB7A36E2A4:[f79a475a-f87d-4dd7-800d-a3fc318e6f3c:192.168.151.107:40831, 37f282ad-bafe-4016-8440-19fd6e71650b:192.168.151.107:40714, d8bec1eb-3a40-4d5f-9cdd-386f74de3faa:192.168.151.107:37030] returns group-B2FB7A36E2A4:java.util.concurrent.CompletableFuture@4f95ffab[Not completed]
2019-10-08 21:42:32,215 [pool-689-thread-1] INFO  impl.RaftServerImpl (RaftServerImpl.java:<init>(95)) - f79a475a-f87d-4dd7-800d-a3fc318e6f3c: new RaftServerImpl for group-B2FB7A36E2A4:[f79a475a-f87d-4dd7-800d-a3fc318e6f3c:192.168.151.107:40831, 37f282ad-bafe-4016-8440-19fd6e71650b:192.168.151.107:40714, d8bec1eb-3a40-4d5f-9cdd-386f74de3faa:192.168.151.107:37030] with ContainerStateMachine:uninitialized
2019-10-08 21:42:32,215 [pool-689-thread-1] INFO  server.RaftServerConfigKeys (ConfUtils.java:logGet(43)) - raft.server.rpc.timeout.min = 5s (custom)
2019-10-08 21:42:32,215 [pool-689-thread-1] INFO  server.RaftServerConfigKeys (ConfUtils.java:logGet(43)) - raft.server.rpc.timeout.max = 5200ms (custom)
2019-10-08 21:42:32,216 [pool-689-thread-1] INFO  server.RaftServerConfigKeys (ConfUtils.java:logGet(43)) - raft.server.rpcslowness.timeout = 120s (custom)
2019-10-08 21:42:32,216 [pool-689-thread-1] INFO  server.RaftServerConfigKeys (ConfUtils.java:logGet(43)) - raft.server.sleep.deviation.threshold = 300 (default)
2019-10-08 21:42:32,216 [pool-689-thread-1] INFO  server.RaftServerConfigKeys (ConfUtils.java:logGet(43)) - raft.server.log.appender.install.snapshot.enabled = false (custom)
2019-10-08 21:42:32,216 [pool-689-thread-1] INFO  impl.RaftServerImpl (ServerState.java:<init>(103)) - f79a475a-f87d-4dd7-800d-a3fc318e6f3c@group-B2FB7A36E2A4: ConfigurationManager, init=-1: [f79a475a-f87d-4dd7-800d-a3fc318e6f3c:192.168.151.107:40831, 37f282ad-bafe-4016-8440-19fd6e71650b:192.168.151.107:40714, d8bec1eb-3a40-4d5f-9cdd-386f74de3faa:192.168.151.107:37030], old=null, confs=<EMPTY_MAP>
2019-10-08 21:42:32,216 [pool-689-thread-1] INFO  server.RaftServerConfigKeys (ConfUtils.java:logGet(43)) - raft.server.storage.dir = [/workdir/hadoop-ozone/integration-test/target/test-dir/MiniOzoneClusterImpl-a786e4cc-4f7e-42c9-bee1-c977ab225390/datanode-1/data/ratis] (custom)
2019-10-08 21:42:32,216 [pool-689-thread-1] INFO  server.RaftServerConfigKeys (ConfUtils.java:logGet(43)) - raft.server.log.corruption.policy = EXCEPTION (default)
2019-10-08 21:42:32,216 [pool-689-thread-1] INFO  storage.RaftStorageDirectory (RaftStorageDirectory.java:analyzeStorage(246)) - The storage directory /workdir/hadoop-ozone/integration-test/target/test-dir/MiniOzoneClusterImpl-a786e4cc-4f7e-42c9-bee1-c977ab225390/datanode-1/data/ratis/92fc36b6-e86c-457c-8f1b-b2fb7a36e2a4 does not exist. Creating ...
2019-10-08 21:42:32,216 [pool-679-thread-1] INFO  impl.RaftServerImpl (RaftServerImpl.java:<init>(95)) - 37f282ad-bafe-4016-8440-19fd6e71650b: new RaftServerImpl for group-B2FB7A36E2A4:[f79a475a-f87d-4dd7-800d-a3fc318e6f3c:192.168.151.107:40831, 37f282ad-bafe-4016-8440-19fd6e71650b:192.168.151.107:40714, d8bec1eb-3a40-4d5f-9cdd-386f74de3faa:192.168.151.107:37030] with ContainerStateMachine:uninitialized
2019-10-08 21:42:32,217 [pool-679-thread-1] INFO  server.RaftServerConfigKeys (ConfUtils.java:logGet(43)) - raft.server.rpc.timeout.min = 5s (custom)
2019-10-08 21:42:32,217 [pool-679-thread-1] INFO  server.RaftServerConfigKeys (ConfUtils.java:logGet(43)) - raft.server.rpc.timeout.max = 5200ms (custom)
2019-10-08 21:42:32,217 [pool-679-thread-1] INFO  server.RaftServerConfigKeys (ConfUtils.java:logGet(43)) - raft.server.rpcslowness.timeout = 120s (custom)
2019-10-08 21:42:32,217 [pool-699-thread-1] INFO  impl.RaftServerImpl (RaftServerImpl.java:<init>(95)) - d8bec1eb-3a40-4d5f-9cdd-386f74de3faa: new RaftServerImpl for group-B2FB7A36E2A4:[f79a475a-f87d-4dd7-800d-a3fc318e6f3c:192.168.151.107:40831, 37f282ad-bafe-4016-8440-19fd6e71650b:192.168.151.107:40714, d8bec1eb-3a40-4d5f-9cdd-386f74de3faa:192.168.151.107:37030] with ContainerStateMachine:uninitialized
2019-10-08 21:42:32,217 [pool-679-thread-1] INFO  server.RaftServerConfigKeys (ConfUtils.java:logGet(43)) - raft.server.sleep.deviation.threshold = 300 (default)
2019-10-08 21:42:32,217 [pool-699-thread-1] INFO  server.RaftServerConfigKeys (ConfUtils.java:logGet(43)) - raft.server.rpc.timeout.min = 5s (custom)
2019-10-08 21:42:32,218 [pool-679-thread-1] INFO  server.RaftServerConfigKeys (ConfUtils.java:logGet(43)) - raft.server.log.appender.install.snapshot.enabled = false (custom)
2019-10-08 21:42:32,218 [pool-699-thread-1] INFO  server.RaftServerConfigKeys (ConfUtils.java:logGet(43)) - raft.server.rpc.timeout.max = 5200ms (custom)
2019-10-08 21:42:32,218 [pool-679-thread-1] INFO  impl.RaftServerImpl (ServerState.java:<init>(103)) - 37f282ad-bafe-4016-8440-19fd6e71650b@group-B2FB7A36E2A4: ConfigurationManager, init=-1: [f79a475a-f87d-4dd7-800d-a3fc318e6f3c:192.168.151.107:40831, 37f282ad-bafe-4016-8440-19fd6e71650b:192.168.151.107:40714, d8bec1eb-3a40-4d5f-9cdd-386f74de3faa:192.168.151.107:37030], old=null, confs=<EMPTY_MAP>
2019-10-08 21:42:32,218 [pool-699-thread-1] INFO  server.RaftServerConfigKeys (ConfUtils.java:logGet(43)) - raft.server.rpcslowness.timeout = 120s (custom)
2019-10-08 21:42:32,218 [pool-679-thread-1] INFO  server.RaftServerConfigKeys (ConfUtils.java:logGet(43)) - raft.server.storage.dir = [/workdir/hadoop-ozone/integration-test/target/test-dir/MiniOzoneClusterImpl-a786e4cc-4f7e-42c9-bee1-c977ab225390/datanode-0/data/ratis] (custom)
2019-10-08 21:42:32,218 [pool-699-thread-1] INFO  server.RaftServerConfigKeys (ConfUtils.java:logGet(43)) - raft.server.sleep.deviation.threshold = 300 (default)
2019-10-08 21:42:32,218 [pool-679-thread-1] INFO  server.RaftServerConfigKeys (ConfUtils.java:logGet(43)) - raft.server.log.corruption.policy = EXCEPTION (default)
2019-10-08 21:42:32,219 [pool-699-thread-1] INFO  server.RaftServerConfigKeys (ConfUtils.java:logGet(43)) - raft.server.log.appender.install.snapshot.enabled = false (custom)
2019-10-08 21:42:32,219 [pool-679-thread-1] INFO  storage.RaftStorageDirectory (RaftStorageDirectory.java:analyzeStorage(246)) - The storage directory /workdir/hadoop-ozone/integration-test/target/test-dir/MiniOzoneClusterImpl-a786e4cc-4f7e-42c9-bee1-c977ab225390/datanode-0/data/ratis/92fc36b6-e86c-457c-8f1b-b2fb7a36e2a4 does not exist. Creating ...
2019-10-08 21:42:32,219 [pool-699-thread-1] INFO  impl.RaftServerImpl (ServerState.java:<init>(103)) - d8bec1eb-3a40-4d5f-9cdd-386f74de3faa@group-B2FB7A36E2A4: ConfigurationManager, init=-1: [f79a475a-f87d-4dd7-800d-a3fc318e6f3c:192.168.151.107:40831, 37f282ad-bafe-4016-8440-19fd6e71650b:192.168.151.107:40714, d8bec1eb-3a40-4d5f-9cdd-386f74de3faa:192.168.151.107:37030], old=null, confs=<EMPTY_MAP>
2019-10-08 21:42:32,219 [pool-699-thread-1] INFO  server.RaftServerConfigKeys (ConfUtils.java:logGet(43)) - raft.server.storage.dir = [/workdir/hadoop-ozone/integration-test/target/test-dir/MiniOzoneClusterImpl-a786e4cc-4f7e-42c9-bee1-c977ab225390/datanode-2/data/ratis] (custom)
2019-10-08 21:42:32,219 [pool-699-thread-1] INFO  server.RaftServerConfigKeys (ConfUtils.java:logGet(43)) - raft.server.log.corruption.policy = EXCEPTION (default)
2019-10-08 21:42:32,220 [pool-699-thread-1] INFO  storage.RaftStorageDirectory (RaftStorageDirectory.java:analyzeStorage(246)) - The storage directory /workdir/hadoop-ozone/integration-test/target/test-dir/MiniOzoneClusterImpl-a786e4cc-4f7e-42c9-bee1-c977ab225390/datanode-2/data/ratis/92fc36b6-e86c-457c-8f1b-b2fb7a36e2a4 does not exist. Creating ...
2019-10-08 21:42:32,232 [IPC Server handler 5 on 45394] INFO  net.NetworkTopology (NetworkTopologyImpl.java:add(111)) - Added a new node: /default-rack/02dfbb81-41fe-4c9c-9f09-786b8c3590a1
2019-10-08 21:42:32,232 [IPC Server handler 5 on 45394] INFO  node.SCMNodeManager (SCMNodeManager.java:register(268)) - Registered Data node : 02dfbb81-41fe-4c9c-9f09-786b8c3590a1{ip: 192.168.151.107, host: pr-hdds-2217-2kdk4-3258704453, networkLocation: /default-rack, certSerialId: null}
2019-10-08 21:42:32,241 [pool-689-thread-1] INFO  storage.RaftStorageDirectory (RaftStorageDirectory.java:tryLock(328)) - Lock on /workdir/hadoop-ozone/integration-test/target/test-dir/MiniOzoneClusterImpl-a786e4cc-4f7e-42c9-bee1-c977ab225390/datanode-1/data/ratis/92fc36b6-e86c-457c-8f1b-b2fb7a36e2a4/in_use.lock acquired by nodename 23712@pr-hdds-2217-2kdk4-3258704453
2019-10-08 21:42:32,241 [pool-679-thread-1] INFO  storage.RaftStorageDirectory (RaftStorageDirectory.java:tryLock(328)) - Lock on /workdir/hadoop-ozone/integration-test/target/test-dir/MiniOzoneClusterImpl-a786e4cc-4f7e-42c9-bee1-c977ab225390/datanode-0/data/ratis/92fc36b6-e86c-457c-8f1b-b2fb7a36e2a4/in_use.lock acquired by nodename 23712@pr-hdds-2217-2kdk4-3258704453
2019-10-08 21:42:32,241 [pool-699-thread-1] INFO  storage.RaftStorageDirectory (RaftStorageDirectory.java:tryLock(328)) - Lock on /workdir/hadoop-ozone/integration-test/target/test-dir/MiniOzoneClusterImpl-a786e4cc-4f7e-42c9-bee1-c977ab225390/datanode-2/data/ratis/92fc36b6-e86c-457c-8f1b-b2fb7a36e2a4/in_use.lock acquired by nodename 23712@pr-hdds-2217-2kdk4-3258704453
2019-10-08 21:42:32,267 [pool-689-thread-1] INFO  storage.RaftStorage (RaftStorage.java:format(84)) - Storage directory /workdir/hadoop-ozone/integration-test/target/test-dir/MiniOzoneClusterImpl-a786e4cc-4f7e-42c9-bee1-c977ab225390/datanode-1/data/ratis/92fc36b6-e86c-457c-8f1b-b2fb7a36e2a4 has been successfully formatted.
2019-10-08 21:42:32,267 [pool-699-thread-1] INFO  storage.RaftStorage (RaftStorage.java:format(84)) - Storage directory /workdir/hadoop-ozone/integration-test/target/test-dir/MiniOzoneClusterImpl-a786e4cc-4f7e-42c9-bee1-c977ab225390/datanode-2/data/ratis/92fc36b6-e86c-457c-8f1b-b2fb7a36e2a4 has been successfully formatted.
2019-10-08 21:42:32,267 [pool-689-thread-1] INFO  ratis.ContainerStateMachine (ContainerStateMachine.java:loadSnapshot(231)) - group-B2FB7A36E2A4: The snapshot info is null. Setting the last applied indexto:(t:0, i:~)
2019-10-08 21:42:32,267 [pool-679-thread-1] INFO  storage.RaftStorage (RaftStorage.java:format(84)) - Storage directory /workdir/hadoop-ozone/integration-test/target/test-dir/MiniOzoneClusterImpl-a786e4cc-4f7e-42c9-bee1-c977ab225390/datanode-0/data/ratis/92fc36b6-e86c-457c-8f1b-b2fb7a36e2a4 has been successfully formatted.
2019-10-08 21:42:32,267 [pool-699-thread-1] INFO  ratis.ContainerStateMachine (ContainerStateMachine.java:loadSnapshot(231)) - group-B2FB7A36E2A4: The snapshot info is null. Setting the last applied indexto:(t:0, i:~)
2019-10-08 21:42:32,267 [pool-689-thread-1] INFO  server.RaftServerConfigKeys (ConfUtils.java:logGet(43)) - raft.server.notification.no-leader.timeout = 120s (custom)
2019-10-08 21:42:32,267 [pool-699-thread-1] INFO  server.RaftServerConfigKeys (ConfUtils.java:logGet(43)) - raft.server.notification.no-leader.timeout = 120s (custom)
2019-10-08 21:42:32,267 [pool-679-thread-1] INFO  ratis.ContainerStateMachine (ContainerStateMachine.java:loadSnapshot(231)) - group-B2FB7A36E2A4: The snapshot info is null. Setting the last applied indexto:(t:0, i:~)
2019-10-08 21:42:32,268 [pool-699-thread-1] INFO  server.RaftServerConfigKeys (ConfUtils.java:logGet(43)) - raft.server.log.use.memory = false (default)
2019-10-08 21:42:32,268 [pool-689-thread-1] INFO  server.RaftServerConfigKeys (ConfUtils.java:logGet(43)) - raft.server.log.use.memory = false (default)
2019-10-08 21:42:32,268 [pool-699-thread-1] INFO  server.RaftServerConfigKeys (ConfUtils.java:logGet(43)) - raft.server.log.purge.gap = 1000000 (custom)
2019-10-08 21:42:32,268 [pool-679-thread-1] INFO  server.RaftServerConfigKeys (ConfUtils.java:logGet(43)) - raft.server.notification.no-leader.timeout = 120s (custom)
2019-10-08 21:42:32,268 [pool-699-thread-1] INFO  server.RaftServerConfigKeys (ConfUtils.java:logGet(43)) - raft.server.log.appender.buffer.byte-limit = 33554432 (custom)
2019-10-08 21:42:32,268 [pool-689-thread-1] INFO  server.RaftServerConfigKeys (ConfUtils.java:logGet(43)) - raft.server.log.purge.gap = 1000000 (custom)
2019-10-08 21:42:32,268 [pool-699-thread-1] INFO  server.RaftServerConfigKeys (ConfUtils.java:logGet(43)) - raft.server.log.segment.size.max = 1048576 (custom)
2019-10-08 21:42:32,268 [pool-679-thread-1] INFO  server.RaftServerConfigKeys (ConfUtils.java:logGet(43)) - raft.server.log.use.memory = false (default)
2019-10-08 21:42:32,269 [pool-699-thread-1] INFO  server.RaftServerConfigKeys (ConfUtils.java:logGet(43)) - raft.server.log.segment.cache.num.max = 2 (custom)
2019-10-08 21:42:32,269 [pool-689-thread-1] INFO  server.RaftServerConfigKeys (ConfUtils.java:logGet(43)) - raft.server.log.appender.buffer.byte-limit = 33554432 (custom)
2019-10-08 21:42:32,269 [pool-699-thread-1] INFO  segmented.SegmentedRaftLogWorker (SegmentedRaftLogWorker.java:<init>(173)) - new d8bec1eb-3a40-4d5f-9cdd-386f74de3faa@group-B2FB7A36E2A4-SegmentedRaftLogWorker for RaftStorage:Storage Directory /workdir/hadoop-ozone/integration-test/target/test-dir/MiniOzoneClusterImpl-a786e4cc-4f7e-42c9-bee1-c977ab225390/datanode-2/data/ratis/92fc36b6-e86c-457c-8f1b-b2fb7a36e2a4
2019-10-08 21:42:32,269 [pool-679-thread-1] INFO  server.RaftServerConfigKeys (ConfUtils.java:logGet(43)) - raft.server.log.purge.gap = 1000000 (custom)
2019-10-08 21:42:32,269 [pool-699-thread-1] INFO  server.RaftServerConfigKeys (ConfUtils.java:logGet(43)) - raft.server.log.queue.byte-limit = 2147483647 (custom)
2019-10-08 21:42:32,269 [pool-689-thread-1] INFO  server.RaftServerConfigKeys (ConfUtils.java:logGet(43)) - raft.server.log.segment.size.max = 1048576 (custom)
2019-10-08 21:42:32,269 [pool-699-thread-1] INFO  server.RaftServerConfigKeys (ConfUtils.java:logGet(43)) - raft.server.log.queue.element-limit = 1024 (custom)
2019-10-08 21:42:32,269 [pool-679-thread-1] INFO  server.RaftServerConfigKeys (ConfUtils.java:logGet(43)) - raft.server.log.appender.buffer.byte-limit = 33554432 (custom)
2019-10-08 21:42:32,270 [pool-699-thread-1] INFO  server.RaftServerConfigKeys (ConfUtils.java:logGet(43)) - raft.server.log.segment.size.max = 1048576 (custom)
2019-10-08 21:42:32,270 [pool-689-thread-1] INFO  server.RaftServerConfigKeys (ConfUtils.java:logGet(43)) - raft.server.log.segment.cache.num.max = 2 (custom)
2019-10-08 21:42:32,270 [pool-699-thread-1] INFO  server.RaftServerConfigKeys (ConfUtils.java:logGet(43)) - raft.server.log.preallocated.size = 16384 (custom)
2019-10-08 21:42:32,270 [pool-679-thread-1] INFO  server.RaftServerConfigKeys (ConfUtils.java:logGet(43)) - raft.server.log.segment.size.max = 1048576 (custom)
2019-10-08 21:42:32,270 [pool-699-thread-1] INFO  server.RaftServerConfigKeys (ConfUtils.java:logGet(43)) - raft.server.log.write.buffer.size = 33554432 (custom)
2019-10-08 21:42:32,270 [pool-689-thread-1] INFO  segmented.SegmentedRaftLogWorker (SegmentedRaftLogWorker.java:<init>(173)) - new f79a475a-f87d-4dd7-800d-a3fc318e6f3c@group-B2FB7A36E2A4-SegmentedRaftLogWorker for RaftStorage:Storage Directory /workdir/hadoop-ozone/integration-test/target/test-dir/MiniOzoneClusterImpl-a786e4cc-4f7e-42c9-bee1-c977ab225390/datanode-1/data/ratis/92fc36b6-e86c-457c-8f1b-b2fb7a36e2a4
2019-10-08 21:42:32,270 [pool-699-thread-1] INFO  server.RaftServerConfigKeys (ConfUtils.java:logGet(43)) - raft.server.log.force.sync.num = 128 (default)
2019-10-08 21:42:32,270 [pool-679-thread-1] INFO  server.RaftServerConfigKeys (ConfUtils.java:logGet(43)) - raft.server.log.segment.cache.num.max = 2 (custom)
2019-10-08 21:42:32,271 [pool-699-thread-1] INFO  server.RaftServerConfigKeys (ConfUtils.java:logGet(43)) - raft.server.log.statemachine.data.sync = true (default)
2019-10-08 21:42:32,271 [pool-689-thread-1] INFO  server.RaftServerConfigKeys (ConfUtils.java:logGet(43)) - raft.server.log.queue.byte-limit = 2147483647 (custom)
2019-10-08 21:42:32,271 [pool-699-thread-1] INFO  server.RaftServerConfigKeys (ConfUtils.java:logGet(43)) - raft.server.log.statemachine.data.sync.timeout = 10s (default)
2019-10-08 21:42:32,271 [pool-679-thread-1] INFO  segmented.SegmentedRaftLogWorker (SegmentedRaftLogWorker.java:<init>(173)) - new 37f282ad-bafe-4016-8440-19fd6e71650b@group-B2FB7A36E2A4-SegmentedRaftLogWorker for RaftStorage:Storage Directory /workdir/hadoop-ozone/integration-test/target/test-dir/MiniOzoneClusterImpl-a786e4cc-4f7e-42c9-bee1-c977ab225390/datanode-0/data/ratis/92fc36b6-e86c-457c-8f1b-b2fb7a36e2a4
2019-10-08 21:42:32,271 [pool-699-thread-1] INFO  server.RaftServerConfigKeys (ConfUtils.java:logGet(43)) - raft.server.log.statemachine.data.sync.timeout.retry = -1 (default)
2019-10-08 21:42:32,271 [pool-689-thread-1] INFO  server.RaftServerConfigKeys (ConfUtils.java:logGet(43)) - raft.server.log.queue.element-limit = 1024 (custom)
2019-10-08 21:42:32,272 [pool-699-thread-1] INFO  server.RaftServerConfigKeys (ConfUtils.java:logGet(43)) - raft.server.log.statemachine.data.caching.enabled = true (custom)
2019-10-08 21:42:32,271 [pool-679-thread-1] INFO  server.RaftServerConfigKeys (ConfUtils.java:logGet(43)) - raft.server.log.queue.byte-limit = 2147483647 (custom)
2019-10-08 21:42:32,272 [pool-699-thread-1] INFO  segmented.SegmentedRaftLogWorker (SegmentedRaftLogWorker.java:lambda$new$0(128)) - d8bec1eb-3a40-4d5f-9cdd-386f74de3faa@group-B2FB7A36E2A4-SegmentedRaftLogWorker: flushIndex: setUnconditionally 0 -> -1
2019-10-08 21:42:32,272 [pool-689-thread-1] INFO  server.RaftServerConfigKeys (ConfUtils.java:logGet(43)) - raft.server.log.segment.size.max = 1048576 (custom)
2019-10-08 21:42:32,272 [pool-679-thread-1] INFO  server.RaftServerConfigKeys (ConfUtils.java:logGet(43)) - raft.server.log.queue.element-limit = 1024 (custom)
2019-10-08 21:42:32,272 [pool-699-thread-1] INFO  server.RaftServerConfigKeys (ConfUtils.java:logGet(43)) - raft.server.snapshot.auto.trigger.enabled = true (custom)
2019-10-08 21:42:32,272 [pool-689-thread-1] INFO  server.RaftServerConfigKeys (ConfUtils.java:logGet(43)) - raft.server.log.preallocated.size = 16384 (custom)
2019-10-08 21:42:32,272 [pool-699-thread-1] INFO  server.RaftServerConfigKeys (ConfUtils.java:logGet(43)) - raft.server.snapshot.auto.trigger.threshold = 10000 (custom)
2019-10-08 21:42:32,272 [pool-679-thread-1] INFO  server.RaftServerConfigKeys (ConfUtils.java:logGet(43)) - raft.server.log.segment.size.max = 1048576 (custom)
2019-10-08 21:42:32,273 [pool-699-thread-1] INFO  server.RaftServerConfigKeys (ConfUtils.java:logGet(43)) - raft.server.snapshot.retention.file.num = 5 (custom)
2019-10-08 21:42:32,273 [pool-689-thread-1] INFO  server.RaftServerConfigKeys (ConfUtils.java:logGet(43)) - raft.server.log.write.buffer.size = 33554432 (custom)
2019-10-08 21:42:32,273 [pool-699-thread-1] INFO  server.RaftServerConfigKeys (ConfUtils.java:logGet(43)) - raft.server.retrycache.expirytime = 600000ms (custom)
2019-10-08 21:42:32,273 [pool-679-thread-1] INFO  server.RaftServerConfigKeys (ConfUtils.java:logGet(43)) - raft.server.log.preallocated.size = 16384 (custom)
2019-10-08 21:42:32,273 [pool-689-thread-1] INFO  server.RaftServerConfigKeys (ConfUtils.java:logGet(43)) - raft.server.log.force.sync.num = 128 (default)
2019-10-08 21:42:32,273 [pool-679-thread-1] INFO  server.RaftServerConfigKeys (ConfUtils.java:logGet(43)) - raft.server.log.write.buffer.size = 33554432 (custom)
2019-10-08 21:42:32,273 [pool-689-thread-1] INFO  server.RaftServerConfigKeys (ConfUtils.java:logGet(43)) - raft.server.log.statemachine.data.sync = true (default)
2019-10-08 21:42:32,274 [pool-679-thread-1] INFO  server.RaftServerConfigKeys (ConfUtils.java:logGet(43)) - raft.server.log.force.sync.num = 128 (default)
2019-10-08 21:42:32,274 [pool-689-thread-1] INFO  server.RaftServerConfigKeys (ConfUtils.java:logGet(43)) - raft.server.log.statemachine.data.sync.timeout = 10s (default)
2019-10-08 21:42:32,274 [pool-679-thread-1] INFO  server.RaftServerConfigKeys (ConfUtils.java:logGet(43)) - raft.server.log.statemachine.data.sync = true (default)
2019-10-08 21:42:32,274 [pool-689-thread-1] INFO  server.RaftServerConfigKeys (ConfUtils.java:logGet(43)) - raft.server.log.statemachine.data.sync.timeout.retry = -1 (default)
2019-10-08 21:42:32,274 [pool-679-thread-1] INFO  server.RaftServerConfigKeys (ConfUtils.java:logGet(43)) - raft.server.log.statemachine.data.sync.timeout = 10s (default)
2019-10-08 21:42:32,274 [pool-689-thread-1] INFO  server.RaftServerConfigKeys (ConfUtils.java:logGet(43)) - raft.server.log.statemachine.data.caching.enabled = true (custom)
2019-10-08 21:42:32,274 [pool-679-thread-1] INFO  server.RaftServerConfigKeys (ConfUtils.java:logGet(43)) - raft.server.log.statemachine.data.sync.timeout.retry = -1 (default)
2019-10-08 21:42:32,274 [pool-689-thread-1] INFO  segmented.SegmentedRaftLogWorker (SegmentedRaftLogWorker.java:lambda$new$0(128)) - f79a475a-f87d-4dd7-800d-a3fc318e6f3c@group-B2FB7A36E2A4-SegmentedRaftLogWorker: flushIndex: setUnconditionally 0 -> -1
2019-10-08 21:42:32,275 [pool-679-thread-1] INFO  server.RaftServerConfigKeys (ConfUtils.java:logGet(43)) - raft.server.log.statemachine.data.caching.enabled = true (custom)
2019-10-08 21:42:32,275 [pool-689-thread-1] INFO  server.RaftServerConfigKeys (ConfUtils.java:logGet(43)) - raft.server.snapshot.auto.trigger.enabled = true (custom)
2019-10-08 21:42:32,275 [pool-689-thread-1] INFO  server.RaftServerConfigKeys (ConfUtils.java:logGet(43)) - raft.server.snapshot.auto.trigger.threshold = 10000 (custom)
2019-10-08 21:42:32,275 [pool-679-thread-1] INFO  segmented.SegmentedRaftLogWorker (SegmentedRaftLogWorker.java:lambda$new$0(128)) - 37f282ad-bafe-4016-8440-19fd6e71650b@group-B2FB7A36E2A4-SegmentedRaftLogWorker: flushIndex: setUnconditionally 0 -> -1
2019-10-08 21:42:32,275 [pool-699-thread-1] INFO  impl.RaftServerImpl (RaftServerImpl.java:start(181)) - d8bec1eb-3a40-4d5f-9cdd-386f74de3faa@group-B2FB7A36E2A4: start as a follower, conf=-1: [f79a475a-f87d-4dd7-800d-a3fc318e6f3c:192.168.151.107:40831, 37f282ad-bafe-4016-8440-19fd6e71650b:192.168.151.107:40714, d8bec1eb-3a40-4d5f-9cdd-386f74de3faa:192.168.151.107:37030], old=null
2019-10-08 21:42:32,275 [pool-699-thread-1] INFO  impl.RaftServerImpl (RaftServerImpl.java:setRole(170)) - d8bec1eb-3a40-4d5f-9cdd-386f74de3faa@group-B2FB7A36E2A4: changes role from      null to FOLLOWER at term 0 for startAsFollower
2019-10-08 21:42:32,275 [pool-689-thread-1] INFO  server.RaftServerConfigKeys (ConfUtils.java:logGet(43)) - raft.server.snapshot.retention.file.num = 5 (custom)
2019-10-08 21:42:32,275 [pool-699-thread-1] INFO  impl.RoleInfo (RoleInfo.java:updateAndGet(143)) - d8bec1eb-3a40-4d5f-9cdd-386f74de3faa: start FollowerState
2019-10-08 21:42:32,275 [pool-679-thread-1] INFO  server.RaftServerConfigKeys (ConfUtils.java:logGet(43)) - raft.server.snapshot.auto.trigger.enabled = true (custom)
2019-10-08 21:42:32,276 [pool-689-thread-1] INFO  server.RaftServerConfigKeys (ConfUtils.java:logGet(43)) - raft.server.retrycache.expirytime = 600000ms (custom)
2019-10-08 21:42:32,276 [pool-699-thread-1] INFO  util.JmxRegister (JmxRegister.java:tryRegister(44)) - Successfully registered JMX Bean with object name Ratis:service=RaftServer,group=group-B2FB7A36E2A4,id=d8bec1eb-3a40-4d5f-9cdd-386f74de3faa
2019-10-08 21:42:32,276 [pool-679-thread-1] INFO  server.RaftServerConfigKeys (ConfUtils.java:logGet(43)) - raft.server.snapshot.auto.trigger.threshold = 10000 (custom)
2019-10-08 21:42:32,276 [pool-679-thread-1] INFO  server.RaftServerConfigKeys (ConfUtils.java:logGet(43)) - raft.server.snapshot.retention.file.num = 5 (custom)
2019-10-08 21:42:32,277 [pool-679-thread-1] INFO  server.RaftServerConfigKeys (ConfUtils.java:logGet(43)) - raft.server.retrycache.expirytime = 600000ms (custom)
2019-10-08 21:42:32,279 [pool-689-thread-1] INFO  impl.RaftServerImpl (RaftServerImpl.java:start(181)) - f79a475a-f87d-4dd7-800d-a3fc318e6f3c@group-B2FB7A36E2A4: start as a follower, conf=-1: [f79a475a-f87d-4dd7-800d-a3fc318e6f3c:192.168.151.107:40831, 37f282ad-bafe-4016-8440-19fd6e71650b:192.168.151.107:40714, d8bec1eb-3a40-4d5f-9cdd-386f74de3faa:192.168.151.107:37030], old=null
2019-10-08 21:42:32,280 [pool-689-thread-1] INFO  impl.RaftServerImpl (RaftServerImpl.java:setRole(170)) - f79a475a-f87d-4dd7-800d-a3fc318e6f3c@group-B2FB7A36E2A4: changes role from      null to FOLLOWER at term 0 for startAsFollower
2019-10-08 21:42:32,280 [pool-689-thread-1] INFO  impl.RoleInfo (RoleInfo.java:updateAndGet(143)) - f79a475a-f87d-4dd7-800d-a3fc318e6f3c: start FollowerState
2019-10-08 21:42:32,280 [pool-689-thread-1] INFO  util.JmxRegister (JmxRegister.java:tryRegister(44)) - Successfully registered JMX Bean with object name Ratis:service=RaftServer,group=group-B2FB7A36E2A4,id=f79a475a-f87d-4dd7-800d-a3fc318e6f3c
2019-10-08 21:42:32,280 [pool-679-thread-1] INFO  impl.RaftServerImpl (RaftServerImpl.java:start(181)) - 37f282ad-bafe-4016-8440-19fd6e71650b@group-B2FB7A36E2A4: start as a follower, conf=-1: [f79a475a-f87d-4dd7-800d-a3fc318e6f3c:192.168.151.107:40831, 37f282ad-bafe-4016-8440-19fd6e71650b:192.168.151.107:40714, d8bec1eb-3a40-4d5f-9cdd-386f74de3faa:192.168.151.107:37030], old=null
2019-10-08 21:42:32,280 [pool-679-thread-1] INFO  impl.RaftServerImpl (RaftServerImpl.java:setRole(170)) - 37f282ad-bafe-4016-8440-19fd6e71650b@group-B2FB7A36E2A4: changes role from      null to FOLLOWER at term 0 for startAsFollower
2019-10-08 21:42:32,281 [pool-679-thread-1] INFO  impl.RoleInfo (RoleInfo.java:updateAndGet(143)) - 37f282ad-bafe-4016-8440-19fd6e71650b: start FollowerState
2019-10-08 21:42:32,284 [pool-679-thread-1] INFO  util.JmxRegister (JmxRegister.java:tryRegister(44)) - Successfully registered JMX Bean with object name Ratis:service=RaftServer,group=group-B2FB7A36E2A4,id=37f282ad-bafe-4016-8440-19fd6e71650b
2019-10-08 21:42:32,294 [RatisPipelineUtilsThread] INFO  pipeline.PipelineStateManager (PipelineStateManager.java:addPipeline(56)) - Created pipeline Pipeline[ Id: 92fc36b6-e86c-457c-8f1b-b2fb7a36e2a4, Nodes: 37f282ad-bafe-4016-8440-19fd6e71650b{ip: 192.168.151.107, host: pr-hdds-2217-2kdk4-3258704453, networkLocation: /default-rack, certSerialId: null}f79a475a-f87d-4dd7-800d-a3fc318e6f3c{ip: 192.168.151.107, host: pr-hdds-2217-2kdk4-3258704453, networkLocation: /default-rack, certSerialId: null}d8bec1eb-3a40-4d5f-9cdd-386f74de3faa{ip: 192.168.151.107, host: pr-hdds-2217-2kdk4-3258704453, networkLocation: /default-rack, certSerialId: null}, Type:RATIS, Factor:THREE, State:OPEN]
2019-10-08 21:42:32,301 [IPC Server handler 6 on 45394] INFO  net.NetworkTopology (NetworkTopologyImpl.java:add(111)) - Added a new node: /default-rack/9cadff80-323a-4875-a850-3abc17c82d3b
2019-10-08 21:42:32,303 [IPC Server handler 6 on 45394] INFO  node.SCMNodeManager (SCMNodeManager.java:register(268)) - Registered Data node : 9cadff80-323a-4875-a850-3abc17c82d3b{ip: 192.168.151.107, host: pr-hdds-2217-2kdk4-3258704453, networkLocation: /default-rack, certSerialId: null}
2019-10-08 21:42:32,308 [grpc-default-executor-4] INFO  impl.RaftServerProxy (RaftServerProxy.java:addNew(89)) - 02dfbb81-41fe-4c9c-9f09-786b8c3590a1: addNew group-36C614EE03B0:[02dfbb81-41fe-4c9c-9f09-786b8c3590a1:192.168.151.107:44243] returns group-36C614EE03B0:java.util.concurrent.CompletableFuture@7caa3a9e[Not completed]
2019-10-08 21:42:32,311 [pool-709-thread-1] INFO  impl.RaftServerImpl (RaftServerImpl.java:<init>(95)) - 02dfbb81-41fe-4c9c-9f09-786b8c3590a1: new RaftServerImpl for group-36C614EE03B0:[02dfbb81-41fe-4c9c-9f09-786b8c3590a1:192.168.151.107:44243] with ContainerStateMachine:uninitialized
2019-10-08 21:42:32,311 [pool-709-thread-1] INFO  server.RaftServerConfigKeys (ConfUtils.java:logGet(43)) - raft.server.rpc.timeout.min = 5s (custom)
2019-10-08 21:42:32,311 [pool-709-thread-1] INFO  server.RaftServerConfigKeys (ConfUtils.java:logGet(43)) - raft.server.rpc.timeout.max = 5200ms (custom)
2019-10-08 21:42:32,311 [pool-709-thread-1] INFO  server.RaftServerConfigKeys (ConfUtils.java:logGet(43)) - raft.server.rpcslowness.timeout = 120s (custom)
2019-10-08 21:42:32,311 [pool-709-thread-1] INFO  server.RaftServerConfigKeys (ConfUtils.java:logGet(43)) - raft.server.sleep.deviation.threshold = 300 (default)
2019-10-08 21:42:32,311 [pool-709-thread-1] INFO  server.RaftServerConfigKeys (ConfUtils.java:logGet(43)) - raft.server.log.appender.install.snapshot.enabled = false (custom)
2019-10-08 21:42:32,311 [pool-709-thread-1] INFO  impl.RaftServerImpl (ServerState.java:<init>(103)) - 02dfbb81-41fe-4c9c-9f09-786b8c3590a1@group-36C614EE03B0: ConfigurationManager, init=-1: [02dfbb81-41fe-4c9c-9f09-786b8c3590a1:192.168.151.107:44243], old=null, confs=<EMPTY_MAP>
2019-10-08 21:42:32,311 [pool-709-thread-1] INFO  server.RaftServerConfigKeys (ConfUtils.java:logGet(43)) - raft.server.storage.dir = [/workdir/hadoop-ozone/integration-test/target/test-dir/MiniOzoneClusterImpl-a786e4cc-4f7e-42c9-bee1-c977ab225390/datanode-3/data/ratis] (custom)
2019-10-08 21:42:32,312 [pool-709-thread-1] INFO  server.RaftServerConfigKeys (ConfUtils.java:logGet(43)) - raft.server.log.corruption.policy = EXCEPTION (default)
2019-10-08 21:42:32,312 [pool-709-thread-1] INFO  storage.RaftStorageDirectory (RaftStorageDirectory.java:analyzeStorage(246)) - The storage directory /workdir/hadoop-ozone/integration-test/target/test-dir/MiniOzoneClusterImpl-a786e4cc-4f7e-42c9-bee1-c977ab225390/datanode-3/data/ratis/7fd9d292-c6af-4cc6-9295-36c614ee03b0 does not exist. Creating ...
2019-10-08 21:42:32,323 [pool-709-thread-1] INFO  storage.RaftStorageDirectory (RaftStorageDirectory.java:tryLock(328)) - Lock on /workdir/hadoop-ozone/integration-test/target/test-dir/MiniOzoneClusterImpl-a786e4cc-4f7e-42c9-bee1-c977ab225390/datanode-3/data/ratis/7fd9d292-c6af-4cc6-9295-36c614ee03b0/in_use.lock acquired by nodename 23712@pr-hdds-2217-2kdk4-3258704453
2019-10-08 21:42:32,327 [pool-709-thread-1] INFO  storage.RaftStorage (RaftStorage.java:format(84)) - Storage directory /workdir/hadoop-ozone/integration-test/target/test-dir/MiniOzoneClusterImpl-a786e4cc-4f7e-42c9-bee1-c977ab225390/datanode-3/data/ratis/7fd9d292-c6af-4cc6-9295-36c614ee03b0 has been successfully formatted.
2019-10-08 21:42:32,327 [pool-709-thread-1] INFO  ratis.ContainerStateMachine (ContainerStateMachine.java:loadSnapshot(231)) - group-36C614EE03B0: The snapshot info is null. Setting the last applied indexto:(t:0, i:~)
2019-10-08 21:42:32,327 [pool-709-thread-1] INFO  server.RaftServerConfigKeys (ConfUtils.java:logGet(43)) - raft.server.notification.no-leader.timeout = 120s (custom)
2019-10-08 21:42:32,327 [pool-709-thread-1] INFO  server.RaftServerConfigKeys (ConfUtils.java:logGet(43)) - raft.server.log.use.memory = false (default)
2019-10-08 21:42:32,327 [pool-709-thread-1] INFO  server.RaftServerConfigKeys (ConfUtils.java:logGet(43)) - raft.server.log.purge.gap = 1000000 (custom)
2019-10-08 21:42:32,327 [pool-709-thread-1] INFO  server.RaftServerConfigKeys (ConfUtils.java:logGet(43)) - raft.server.log.appender.buffer.byte-limit = 33554432 (custom)
2019-10-08 21:42:32,327 [pool-709-thread-1] INFO  server.RaftServerConfigKeys (ConfUtils.java:logGet(43)) - raft.server.log.segment.size.max = 1048576 (custom)
2019-10-08 21:42:32,328 [pool-709-thread-1] INFO  server.RaftServerConfigKeys (ConfUtils.java:logGet(43)) - raft.server.log.segment.cache.num.max = 2 (custom)
2019-10-08 21:42:32,329 [pool-709-thread-1] INFO  segmented.SegmentedRaftLogWorker (SegmentedRaftLogWorker.java:<init>(173)) - new 02dfbb81-41fe-4c9c-9f09-786b8c3590a1@group-36C614EE03B0-SegmentedRaftLogWorker for RaftStorage:Storage Directory /workdir/hadoop-ozone/integration-test/target/test-dir/MiniOzoneClusterImpl-a786e4cc-4f7e-42c9-bee1-c977ab225390/datanode-3/data/ratis/7fd9d292-c6af-4cc6-9295-36c614ee03b0
2019-10-08 21:42:32,329 [pool-709-thread-1] INFO  server.RaftServerConfigKeys (ConfUtils.java:logGet(43)) - raft.server.log.queue.byte-limit = 2147483647 (custom)
2019-10-08 21:42:32,329 [pool-709-thread-1] INFO  server.RaftServerConfigKeys (ConfUtils.java:logGet(43)) - raft.server.log.queue.element-limit = 1024 (custom)
2019-10-08 21:42:32,329 [pool-709-thread-1] INFO  server.RaftServerConfigKeys (ConfUtils.java:logGet(43)) - raft.server.log.segment.size.max = 1048576 (custom)
2019-10-08 21:42:32,329 [pool-709-thread-1] INFO  server.RaftServerConfigKeys (ConfUtils.java:logGet(43)) - raft.server.log.preallocated.size = 16384 (custom)
2019-10-08 21:42:32,329 [pool-709-thread-1] INFO  server.RaftServerConfigKeys (ConfUtils.java:logGet(43)) - raft.server.log.write.buffer.size = 33554432 (custom)
2019-10-08 21:42:32,329 [pool-709-thread-1] INFO  server.RaftServerConfigKeys (ConfUtils.java:logGet(43)) - raft.server.log.force.sync.num = 128 (default)
2019-10-08 21:42:32,329 [pool-709-thread-1] INFO  server.RaftServerConfigKeys (ConfUtils.java:logGet(43)) - raft.server.log.statemachine.data.sync = true (default)
2019-10-08 21:42:32,329 [pool-709-thread-1] INFO  server.RaftServerConfigKeys (ConfUtils.java:logGet(43)) - raft.server.log.statemachine.data.sync.timeout = 10s (default)
2019-10-08 21:42:32,329 [pool-709-thread-1] INFO  server.RaftServerConfigKeys (ConfUtils.java:logGet(43)) - raft.server.log.statemachine.data.sync.timeout.retry = -1 (default)
2019-10-08 21:42:32,330 [pool-709-thread-1] INFO  server.RaftServerConfigKeys (ConfUtils.java:logGet(43)) - raft.server.log.statemachine.data.caching.enabled = true (custom)
2019-10-08 21:42:32,330 [pool-709-thread-1] INFO  segmented.SegmentedRaftLogWorker (SegmentedRaftLogWorker.java:lambda$new$0(128)) - 02dfbb81-41fe-4c9c-9f09-786b8c3590a1@group-36C614EE03B0-SegmentedRaftLogWorker: flushIndex: setUnconditionally 0 -> -1
2019-10-08 21:42:32,330 [pool-709-thread-1] INFO  server.RaftServerConfigKeys (ConfUtils.java:logGet(43)) - raft.server.snapshot.auto.trigger.enabled = true (custom)
2019-10-08 21:42:32,330 [pool-709-thread-1] INFO  server.RaftServerConfigKeys (ConfUtils.java:logGet(43)) - raft.server.snapshot.auto.trigger.threshold = 10000 (custom)
2019-10-08 21:42:32,330 [pool-709-thread-1] INFO  server.RaftServerConfigKeys (ConfUtils.java:logGet(43)) - raft.server.snapshot.retention.file.num = 5 (custom)
2019-10-08 21:42:32,330 [pool-709-thread-1] INFO  server.RaftServerConfigKeys (ConfUtils.java:logGet(43)) - raft.server.retrycache.expirytime = 600000ms (custom)
2019-10-08 21:42:32,331 [pool-709-thread-1] INFO  impl.RaftServerImpl (RaftServerImpl.java:start(181)) - 02dfbb81-41fe-4c9c-9f09-786b8c3590a1@group-36C614EE03B0: start as a follower, conf=-1: [02dfbb81-41fe-4c9c-9f09-786b8c3590a1:192.168.151.107:44243], old=null
2019-10-08 21:42:32,331 [pool-709-thread-1] INFO  impl.RaftServerImpl (RaftServerImpl.java:setRole(170)) - 02dfbb81-41fe-4c9c-9f09-786b8c3590a1@group-36C614EE03B0: changes role from      null to FOLLOWER at term 0 for startAsFollower
2019-10-08 21:42:32,331 [pool-709-thread-1] INFO  impl.RoleInfo (RoleInfo.java:updateAndGet(143)) - 02dfbb81-41fe-4c9c-9f09-786b8c3590a1: start FollowerState
2019-10-08 21:42:32,332 [pool-709-thread-1] INFO  util.JmxRegister (JmxRegister.java:tryRegister(44)) - Successfully registered JMX Bean with object name Ratis:service=RaftServer,group=group-36C614EE03B0,id=02dfbb81-41fe-4c9c-9f09-786b8c3590a1
2019-10-08 21:42:32,338 [RatisPipelineUtilsThread] INFO  pipeline.PipelineStateManager (PipelineStateManager.java:addPipeline(56)) - Created pipeline Pipeline[ Id: 7fd9d292-c6af-4cc6-9295-36c614ee03b0, Nodes: 02dfbb81-41fe-4c9c-9f09-786b8c3590a1{ip: 192.168.151.107, host: pr-hdds-2217-2kdk4-3258704453, networkLocation: /default-rack, certSerialId: null}, Type:RATIS, Factor:ONE, State:OPEN]
2019-10-08 21:42:32,345 [grpc-default-executor-4] INFO  impl.RaftServerProxy (RaftServerProxy.java:addNew(89)) - 9cadff80-323a-4875-a850-3abc17c82d3b: addNew group-327F9DED9526:[9cadff80-323a-4875-a850-3abc17c82d3b:192.168.151.107:38629] returns group-327F9DED9526:java.util.concurrent.CompletableFuture@cb753c4[Not completed]
2019-10-08 21:42:32,346 [pool-719-thread-1] INFO  impl.RaftServerImpl (RaftServerImpl.java:<init>(95)) - 9cadff80-323a-4875-a850-3abc17c82d3b: new RaftServerImpl for group-327F9DED9526:[9cadff80-323a-4875-a850-3abc17c82d3b:192.168.151.107:38629] with ContainerStateMachine:uninitialized
2019-10-08 21:42:32,346 [pool-719-thread-1] INFO  server.RaftServerConfigKeys (ConfUtils.java:logGet(43)) - raft.server.rpc.timeout.min = 5s (custom)
2019-10-08 21:42:32,346 [pool-719-thread-1] INFO  server.RaftServerConfigKeys (ConfUtils.java:logGet(43)) - raft.server.rpc.timeout.max = 5200ms (custom)
2019-10-08 21:42:32,346 [pool-719-thread-1] INFO  server.RaftServerConfigKeys (ConfUtils.java:logGet(43)) - raft.server.rpcslowness.timeout = 120s (custom)
2019-10-08 21:42:32,346 [pool-719-thread-1] INFO  server.RaftServerConfigKeys (ConfUtils.java:logGet(43)) - raft.server.sleep.deviation.threshold = 300 (default)
2019-10-08 21:42:32,346 [pool-719-thread-1] INFO  server.RaftServerConfigKeys (ConfUtils.java:logGet(43)) - raft.server.log.appender.install.snapshot.enabled = false (custom)
2019-10-08 21:42:32,346 [pool-719-thread-1] INFO  impl.RaftServerImpl (ServerState.java:<init>(103)) - 9cadff80-323a-4875-a850-3abc17c82d3b@group-327F9DED9526: ConfigurationManager, init=-1: [9cadff80-323a-4875-a850-3abc17c82d3b:192.168.151.107:38629], old=null, confs=<EMPTY_MAP>
2019-10-08 21:42:32,347 [pool-719-thread-1] INFO  server.RaftServerConfigKeys (ConfUtils.java:logGet(43)) - raft.server.storage.dir = [/workdir/hadoop-ozone/integration-test/target/test-dir/MiniOzoneClusterImpl-a786e4cc-4f7e-42c9-bee1-c977ab225390/datanode-4/data/ratis] (custom)
2019-10-08 21:42:32,347 [pool-719-thread-1] INFO  server.RaftServerConfigKeys (ConfUtils.java:logGet(43)) - raft.server.log.corruption.policy = EXCEPTION (default)
2019-10-08 21:42:32,347 [pool-719-thread-1] INFO  storage.RaftStorageDirectory (RaftStorageDirectory.java:analyzeStorage(246)) - The storage directory /workdir/hadoop-ozone/integration-test/target/test-dir/MiniOzoneClusterImpl-a786e4cc-4f7e-42c9-bee1-c977ab225390/datanode-4/data/ratis/0007baee-d7b2-4f3d-ac6f-327f9ded9526 does not exist. Creating ...
2019-10-08 21:42:32,351 [pool-719-thread-1] INFO  storage.RaftStorageDirectory (RaftStorageDirectory.java:tryLock(328)) - Lock on /workdir/hadoop-ozone/integration-test/target/test-dir/MiniOzoneClusterImpl-a786e4cc-4f7e-42c9-bee1-c977ab225390/datanode-4/data/ratis/0007baee-d7b2-4f3d-ac6f-327f9ded9526/in_use.lock acquired by nodename 23712@pr-hdds-2217-2kdk4-3258704453
2019-10-08 21:42:32,355 [pool-719-thread-1] INFO  storage.RaftStorage (RaftStorage.java:format(84)) - Storage directory /workdir/hadoop-ozone/integration-test/target/test-dir/MiniOzoneClusterImpl-a786e4cc-4f7e-42c9-bee1-c977ab225390/datanode-4/data/ratis/0007baee-d7b2-4f3d-ac6f-327f9ded9526 has been successfully formatted.
2019-10-08 21:42:32,355 [pool-719-thread-1] INFO  ratis.ContainerStateMachine (ContainerStateMachine.java:loadSnapshot(231)) - group-327F9DED9526: The snapshot info is null. Setting the last applied indexto:(t:0, i:~)
2019-10-08 21:42:32,355 [pool-719-thread-1] INFO  server.RaftServerConfigKeys (ConfUtils.java:logGet(43)) - raft.server.notification.no-leader.timeout = 120s (custom)
2019-10-08 21:42:32,355 [pool-719-thread-1] INFO  server.RaftServerConfigKeys (ConfUtils.java:logGet(43)) - raft.server.log.use.memory = false (default)
2019-10-08 21:42:32,355 [pool-719-thread-1] INFO  server.RaftServerConfigKeys (ConfUtils.java:logGet(43)) - raft.server.log.purge.gap = 1000000 (custom)
2019-10-08 21:42:32,355 [pool-719-thread-1] INFO  server.RaftServerConfigKeys (ConfUtils.java:logGet(43)) - raft.server.log.appender.buffer.byte-limit = 33554432 (custom)
2019-10-08 21:42:32,355 [pool-719-thread-1] INFO  server.RaftServerConfigKeys (ConfUtils.java:logGet(43)) - raft.server.log.segment.size.max = 1048576 (custom)
2019-10-08 21:42:32,357 [pool-719-thread-1] INFO  server.RaftServerConfigKeys (ConfUtils.java:logGet(43)) - raft.server.log.segment.cache.num.max = 2 (custom)
2019-10-08 21:42:32,357 [pool-719-thread-1] INFO  segmented.SegmentedRaftLogWorker (SegmentedRaftLogWorker.java:<init>(173)) - new 9cadff80-323a-4875-a850-3abc17c82d3b@group-327F9DED9526-SegmentedRaftLogWorker for RaftStorage:Storage Directory /workdir/hadoop-ozone/integration-test/target/test-dir/MiniOzoneClusterImpl-a786e4cc-4f7e-42c9-bee1-c977ab225390/datanode-4/data/ratis/0007baee-d7b2-4f3d-ac6f-327f9ded9526
2019-10-08 21:42:32,357 [pool-719-thread-1] INFO  server.RaftServerConfigKeys (ConfUtils.java:logGet(43)) - raft.server.log.queue.byte-limit = 2147483647 (custom)
2019-10-08 21:42:32,357 [pool-719-thread-1] INFO  server.RaftServerConfigKeys (ConfUtils.java:logGet(43)) - raft.server.log.queue.element-limit = 1024 (custom)
2019-10-08 21:42:32,357 [pool-719-thread-1] INFO  server.RaftServerConfigKeys (ConfUtils.java:logGet(43)) - raft.server.log.segment.size.max = 1048576 (custom)
2019-10-08 21:42:32,357 [pool-719-thread-1] INFO  server.RaftServerConfigKeys (ConfUtils.java:logGet(43)) - raft.server.log.preallocated.size = 16384 (custom)
2019-10-08 21:42:32,357 [pool-719-thread-1] INFO  server.RaftServerConfigKeys (ConfUtils.java:logGet(43)) - raft.server.log.write.buffer.size = 33554432 (custom)
2019-10-08 21:42:32,357 [pool-719-thread-1] INFO  server.RaftServerConfigKeys (ConfUtils.java:logGet(43)) - raft.server.log.force.sync.num = 128 (default)
2019-10-08 21:42:32,357 [pool-719-thread-1] INFO  server.RaftServerConfigKeys (ConfUtils.java:logGet(43)) - raft.server.log.statemachine.data.sync = true (default)
2019-10-08 21:42:32,357 [pool-719-thread-1] INFO  server.RaftServerConfigKeys (ConfUtils.java:logGet(43)) - raft.server.log.statemachine.data.sync.timeout = 10s (default)
2019-10-08 21:42:32,358 [pool-719-thread-1] INFO  server.RaftServerConfigKeys (ConfUtils.java:logGet(43)) - raft.server.log.statemachine.data.sync.timeout.retry = -1 (default)
2019-10-08 21:42:32,358 [pool-719-thread-1] INFO  server.RaftServerConfigKeys (ConfUtils.java:logGet(43)) - raft.server.log.statemachine.data.caching.enabled = true (custom)
2019-10-08 21:42:32,358 [pool-719-thread-1] INFO  segmented.SegmentedRaftLogWorker (SegmentedRaftLogWorker.java:lambda$new$0(128)) - 9cadff80-323a-4875-a850-3abc17c82d3b@group-327F9DED9526-SegmentedRaftLogWorker: flushIndex: setUnconditionally 0 -> -1
2019-10-08 21:42:32,358 [pool-719-thread-1] INFO  server.RaftServerConfigKeys (ConfUtils.java:logGet(43)) - raft.server.snapshot.auto.trigger.enabled = true (custom)
2019-10-08 21:42:32,358 [pool-719-thread-1] INFO  server.RaftServerConfigKeys (ConfUtils.java:logGet(43)) - raft.server.snapshot.auto.trigger.threshold = 10000 (custom)
2019-10-08 21:42:32,358 [pool-719-thread-1] INFO  server.RaftServerConfigKeys (ConfUtils.java:logGet(43)) - raft.server.snapshot.retention.file.num = 5 (custom)
2019-10-08 21:42:32,359 [pool-719-thread-1] INFO  server.RaftServerConfigKeys (ConfUtils.java:logGet(43)) - raft.server.retrycache.expirytime = 600000ms (custom)
2019-10-08 21:42:32,360 [pool-719-thread-1] INFO  impl.RaftServerImpl (RaftServerImpl.java:start(181)) - 9cadff80-323a-4875-a850-3abc17c82d3b@group-327F9DED9526: start as a follower, conf=-1: [9cadff80-323a-4875-a850-3abc17c82d3b:192.168.151.107:38629], old=null
2019-10-08 21:42:32,360 [pool-719-thread-1] INFO  impl.RaftServerImpl (RaftServerImpl.java:setRole(170)) - 9cadff80-323a-4875-a850-3abc17c82d3b@group-327F9DED9526: changes role from      null to FOLLOWER at term 0 for startAsFollower
2019-10-08 21:42:32,360 [pool-719-thread-1] INFO  impl.RoleInfo (RoleInfo.java:updateAndGet(143)) - 9cadff80-323a-4875-a850-3abc17c82d3b: start FollowerState
2019-10-08 21:42:32,360 [pool-719-thread-1] INFO  util.JmxRegister (JmxRegister.java:tryRegister(44)) - Successfully registered JMX Bean with object name Ratis:service=RaftServer,group=group-327F9DED9526,id=9cadff80-323a-4875-a850-3abc17c82d3b
2019-10-08 21:42:32,367 [RatisPipelineUtilsThread] INFO  pipeline.PipelineStateManager (PipelineStateManager.java:addPipeline(56)) - Created pipeline Pipeline[ Id: 0007baee-d7b2-4f3d-ac6f-327f9ded9526, Nodes: 9cadff80-323a-4875-a850-3abc17c82d3b{ip: 192.168.151.107, host: pr-hdds-2217-2kdk4-3258704453, networkLocation: /default-rack, certSerialId: null}, Type:RATIS, Factor:ONE, State:OPEN]
2019-10-08 21:42:32,374 [IPC Server handler 7 on 45394] INFO  net.NetworkTopology (NetworkTopologyImpl.java:add(111)) - Added a new node: /default-rack/cd004493-3f35-4f7b-8d64-4b1cedb0745f
2019-10-08 21:42:32,374 [IPC Server handler 7 on 45394] INFO  node.SCMNodeManager (SCMNodeManager.java:register(268)) - Registered Data node : cd004493-3f35-4f7b-8d64-4b1cedb0745f{ip: 192.168.151.107, host: pr-hdds-2217-2kdk4-3258704453, networkLocation: /default-rack, certSerialId: null}
2019-10-08 21:42:32,395 [grpc-default-executor-4] INFO  impl.RaftServerProxy (RaftServerProxy.java:addNew(89)) - cd004493-3f35-4f7b-8d64-4b1cedb0745f: addNew group-A106A1E3FA9C:[cd004493-3f35-4f7b-8d64-4b1cedb0745f:192.168.151.107:44169] returns group-A106A1E3FA9C:java.util.concurrent.CompletableFuture@6a306c5a[Not completed]
2019-10-08 21:42:32,396 [pool-729-thread-1] INFO  impl.RaftServerImpl (RaftServerImpl.java:<init>(95)) - cd004493-3f35-4f7b-8d64-4b1cedb0745f: new RaftServerImpl for group-A106A1E3FA9C:[cd004493-3f35-4f7b-8d64-4b1cedb0745f:192.168.151.107:44169] with ContainerStateMachine:uninitialized
2019-10-08 21:42:32,396 [pool-729-thread-1] INFO  server.RaftServerConfigKeys (ConfUtils.java:logGet(43)) - raft.server.rpc.timeout.min = 5s (custom)
2019-10-08 21:42:32,396 [pool-729-thread-1] INFO  server.RaftServerConfigKeys (ConfUtils.java:logGet(43)) - raft.server.rpc.timeout.max = 5200ms (custom)
2019-10-08 21:42:32,396 [pool-729-thread-1] INFO  server.RaftServerConfigKeys (ConfUtils.java:logGet(43)) - raft.server.rpcslowness.timeout = 120s (custom)
2019-10-08 21:42:32,396 [pool-729-thread-1] INFO  server.RaftServerConfigKeys (ConfUtils.java:logGet(43)) - raft.server.sleep.deviation.threshold = 300 (default)
2019-10-08 21:42:32,396 [pool-729-thread-1] INFO  server.RaftServerConfigKeys (ConfUtils.java:logGet(43)) - raft.server.log.appender.install.snapshot.enabled = false (custom)
2019-10-08 21:42:32,396 [pool-729-thread-1] INFO  impl.RaftServerImpl (ServerState.java:<init>(103)) - cd004493-3f35-4f7b-8d64-4b1cedb0745f@group-A106A1E3FA9C: ConfigurationManager, init=-1: [cd004493-3f35-4f7b-8d64-4b1cedb0745f:192.168.151.107:44169], old=null, confs=<EMPTY_MAP>
2019-10-08 21:42:32,396 [pool-729-thread-1] INFO  server.RaftServerConfigKeys (ConfUtils.java:logGet(43)) - raft.server.storage.dir = [/workdir/hadoop-ozone/integration-test/target/test-dir/MiniOzoneClusterImpl-a786e4cc-4f7e-42c9-bee1-c977ab225390/datanode-5/data/ratis] (custom)
2019-10-08 21:42:32,396 [pool-729-thread-1] INFO  server.RaftServerConfigKeys (ConfUtils.java:logGet(43)) - raft.server.log.corruption.policy = EXCEPTION (default)
2019-10-08 21:42:32,397 [pool-729-thread-1] INFO  storage.RaftStorageDirectory (RaftStorageDirectory.java:analyzeStorage(246)) - The storage directory /workdir/hadoop-ozone/integration-test/target/test-dir/MiniOzoneClusterImpl-a786e4cc-4f7e-42c9-bee1-c977ab225390/datanode-5/data/ratis/3f7642f9-abad-4dbc-b0c8-a106a1e3fa9c does not exist. Creating ...
2019-10-08 21:42:32,409 [pool-729-thread-1] INFO  storage.RaftStorageDirectory (RaftStorageDirectory.java:tryLock(328)) - Lock on /workdir/hadoop-ozone/integration-test/target/test-dir/MiniOzoneClusterImpl-a786e4cc-4f7e-42c9-bee1-c977ab225390/datanode-5/data/ratis/3f7642f9-abad-4dbc-b0c8-a106a1e3fa9c/in_use.lock acquired by nodename 23712@pr-hdds-2217-2kdk4-3258704453
2019-10-08 21:42:32,421 [pool-729-thread-1] INFO  storage.RaftStorage (RaftStorage.java:format(84)) - Storage directory /workdir/hadoop-ozone/integration-test/target/test-dir/MiniOzoneClusterImpl-a786e4cc-4f7e-42c9-bee1-c977ab225390/datanode-5/data/ratis/3f7642f9-abad-4dbc-b0c8-a106a1e3fa9c has been successfully formatted.
2019-10-08 21:42:32,421 [pool-729-thread-1] INFO  ratis.ContainerStateMachine (ContainerStateMachine.java:loadSnapshot(231)) - group-A106A1E3FA9C: The snapshot info is null. Setting the last applied indexto:(t:0, i:~)
2019-10-08 21:42:32,421 [pool-729-thread-1] INFO  server.RaftServerConfigKeys (ConfUtils.java:logGet(43)) - raft.server.notification.no-leader.timeout = 120s (custom)
2019-10-08 21:42:32,421 [pool-729-thread-1] INFO  server.RaftServerConfigKeys (ConfUtils.java:logGet(43)) - raft.server.log.use.memory = false (default)
2019-10-08 21:42:32,421 [pool-729-thread-1] INFO  server.RaftServerConfigKeys (ConfUtils.java:logGet(43)) - raft.server.log.purge.gap = 1000000 (custom)
2019-10-08 21:42:32,422 [pool-729-thread-1] INFO  server.RaftServerConfigKeys (ConfUtils.java:logGet(43)) - raft.server.log.appender.buffer.byte-limit = 33554432 (custom)
2019-10-08 21:42:32,422 [pool-729-thread-1] INFO  server.RaftServerConfigKeys (ConfUtils.java:logGet(43)) - raft.server.log.segment.size.max = 1048576 (custom)
2019-10-08 21:42:32,423 [pool-729-thread-1] INFO  server.RaftServerConfigKeys (ConfUtils.java:logGet(43)) - raft.server.log.segment.cache.num.max = 2 (custom)
2019-10-08 21:42:32,423 [pool-729-thread-1] INFO  segmented.SegmentedRaftLogWorker (SegmentedRaftLogWorker.java:<init>(173)) - new cd004493-3f35-4f7b-8d64-4b1cedb0745f@group-A106A1E3FA9C-SegmentedRaftLogWorker for RaftStorage:Storage Directory /workdir/hadoop-ozone/integration-test/target/test-dir/MiniOzoneClusterImpl-a786e4cc-4f7e-42c9-bee1-c977ab225390/datanode-5/data/ratis/3f7642f9-abad-4dbc-b0c8-a106a1e3fa9c
2019-10-08 21:42:32,423 [pool-729-thread-1] INFO  server.RaftServerConfigKeys (ConfUtils.java:logGet(43)) - raft.server.log.queue.byte-limit = 2147483647 (custom)
2019-10-08 21:42:32,423 [pool-729-thread-1] INFO  server.RaftServerConfigKeys (ConfUtils.java:logGet(43)) - raft.server.log.queue.element-limit = 1024 (custom)
2019-10-08 21:42:32,423 [pool-729-thread-1] INFO  server.RaftServerConfigKeys (ConfUtils.java:logGet(43)) - raft.server.log.segment.size.max = 1048576 (custom)
2019-10-08 21:42:32,423 [pool-729-thread-1] INFO  server.RaftServerConfigKeys (ConfUtils.java:logGet(43)) - raft.server.log.preallocated.size = 16384 (custom)
2019-10-08 21:42:32,423 [pool-729-thread-1] INFO  server.RaftServerConfigKeys (ConfUtils.java:logGet(43)) - raft.server.log.write.buffer.size = 33554432 (custom)
2019-10-08 21:42:32,423 [pool-729-thread-1] INFO  server.RaftServerConfigKeys (ConfUtils.java:logGet(43)) - raft.server.log.force.sync.num = 128 (default)
2019-10-08 21:42:32,423 [pool-729-thread-1] INFO  server.RaftServerConfigKeys (ConfUtils.java:logGet(43)) - raft.server.log.statemachine.data.sync = true (default)
2019-10-08 21:42:32,423 [pool-729-thread-1] INFO  server.RaftServerConfigKeys (ConfUtils.java:logGet(43)) - raft.server.log.statemachine.data.sync.timeout = 10s (default)
2019-10-08 21:42:32,423 [pool-729-thread-1] INFO  server.RaftServerConfigKeys (ConfUtils.java:logGet(43)) - raft.server.log.statemachine.data.sync.timeout.retry = -1 (default)
2019-10-08 21:42:32,424 [pool-729-thread-1] INFO  server.RaftServerConfigKeys (ConfUtils.java:logGet(43)) - raft.server.log.statemachine.data.caching.enabled = true (custom)
2019-10-08 21:42:32,424 [pool-729-thread-1] INFO  segmented.SegmentedRaftLogWorker (SegmentedRaftLogWorker.java:lambda$new$0(128)) - cd004493-3f35-4f7b-8d64-4b1cedb0745f@group-A106A1E3FA9C-SegmentedRaftLogWorker: flushIndex: setUnconditionally 0 -> -1
2019-10-08 21:42:32,424 [pool-729-thread-1] INFO  server.RaftServerConfigKeys (ConfUtils.java:logGet(43)) - raft.server.snapshot.auto.trigger.enabled = true (custom)
2019-10-08 21:42:32,424 [pool-729-thread-1] INFO  server.RaftServerConfigKeys (ConfUtils.java:logGet(43)) - raft.server.snapshot.auto.trigger.threshold = 10000 (custom)
2019-10-08 21:42:32,424 [pool-729-thread-1] INFO  server.RaftServerConfigKeys (ConfUtils.java:logGet(43)) - raft.server.snapshot.retention.file.num = 5 (custom)
2019-10-08 21:42:32,424 [pool-729-thread-1] INFO  server.RaftServerConfigKeys (ConfUtils.java:logGet(43)) - raft.server.retrycache.expirytime = 600000ms (custom)
2019-10-08 21:42:32,425 [pool-729-thread-1] INFO  impl.RaftServerImpl (RaftServerImpl.java:start(181)) - cd004493-3f35-4f7b-8d64-4b1cedb0745f@group-A106A1E3FA9C: start as a follower, conf=-1: [cd004493-3f35-4f7b-8d64-4b1cedb0745f:192.168.151.107:44169], old=null
2019-10-08 21:42:32,425 [pool-729-thread-1] INFO  impl.RaftServerImpl (RaftServerImpl.java:setRole(170)) - cd004493-3f35-4f7b-8d64-4b1cedb0745f@group-A106A1E3FA9C: changes role from      null to FOLLOWER at term 0 for startAsFollower
2019-10-08 21:42:32,425 [pool-729-thread-1] INFO  impl.RoleInfo (RoleInfo.java:updateAndGet(143)) - cd004493-3f35-4f7b-8d64-4b1cedb0745f: start FollowerState
2019-10-08 21:42:32,425 [pool-729-thread-1] INFO  util.JmxRegister (JmxRegister.java:tryRegister(44)) - Successfully registered JMX Bean with object name Ratis:service=RaftServer,group=group-A106A1E3FA9C,id=cd004493-3f35-4f7b-8d64-4b1cedb0745f
2019-10-08 21:42:32,432 [RatisPipelineUtilsThread] INFO  pipeline.PipelineStateManager (PipelineStateManager.java:addPipeline(56)) - Created pipeline Pipeline[ Id: 3f7642f9-abad-4dbc-b0c8-a106a1e3fa9c, Nodes: cd004493-3f35-4f7b-8d64-4b1cedb0745f{ip: 192.168.151.107, host: pr-hdds-2217-2kdk4-3258704453, networkLocation: /default-rack, certSerialId: null}, Type:RATIS, Factor:ONE, State:OPEN]
2019-10-08 21:42:32,446 [main] INFO  ozone.MiniOzoneClusterImpl (MiniOzoneClusterImpl.java:lambda$waitForClusterToBeReady$0(147)) - Waiting for cluster to be ready. Got 6 of 7 DN Heartbeats.
2019-10-08 21:42:32,446 [IPC Server handler 2 on 45394] INFO  net.NetworkTopology (NetworkTopologyImpl.java:add(111)) - Added a new node: /default-rack/e9ac3b00-6169-4822-b384-d084a198d5d2
2019-10-08 21:42:32,446 [IPC Server handler 2 on 45394] INFO  node.SCMNodeManager (SCMNodeManager.java:register(268)) - Registered Data node : e9ac3b00-6169-4822-b384-d084a198d5d2{ip: 192.168.151.107, host: pr-hdds-2217-2kdk4-3258704453, networkLocation: /default-rack, certSerialId: null}
2019-10-08 21:42:32,447 [grpc-default-executor-11] INFO  impl.RaftServerProxy (RaftServerProxy.java:addNew(89)) - cd004493-3f35-4f7b-8d64-4b1cedb0745f: addNew group-268F5F9AA7A0:[9cadff80-323a-4875-a850-3abc17c82d3b:192.168.151.107:38629, cd004493-3f35-4f7b-8d64-4b1cedb0745f:192.168.151.107:44169, 02dfbb81-41fe-4c9c-9f09-786b8c3590a1:192.168.151.107:44243] returns group-268F5F9AA7A0:java.util.concurrent.CompletableFuture@d208549[Not completed]
2019-10-08 21:42:32,447 [grpc-default-executor-12] INFO  impl.RaftServerProxy (RaftServerProxy.java:addNew(89)) - 02dfbb81-41fe-4c9c-9f09-786b8c3590a1: addNew group-268F5F9AA7A0:[9cadff80-323a-4875-a850-3abc17c82d3b:192.168.151.107:38629, cd004493-3f35-4f7b-8d64-4b1cedb0745f:192.168.151.107:44169, 02dfbb81-41fe-4c9c-9f09-786b8c3590a1:192.168.151.107:44243] returns group-268F5F9AA7A0:java.util.concurrent.CompletableFuture@613e6f8c[Not completed]
2019-10-08 21:42:32,447 [grpc-default-executor-11] INFO  impl.RaftServerProxy (RaftServerProxy.java:addNew(89)) - 9cadff80-323a-4875-a850-3abc17c82d3b: addNew group-268F5F9AA7A0:[9cadff80-323a-4875-a850-3abc17c82d3b:192.168.151.107:38629, cd004493-3f35-4f7b-8d64-4b1cedb0745f:192.168.151.107:44169, 02dfbb81-41fe-4c9c-9f09-786b8c3590a1:192.168.151.107:44243] returns group-268F5F9AA7A0:java.util.concurrent.CompletableFuture@292da3bd[Not completed]
2019-10-08 21:42:32,448 [pool-709-thread-1] INFO  impl.RaftServerImpl (RaftServerImpl.java:<init>(95)) - 02dfbb81-41fe-4c9c-9f09-786b8c3590a1: new RaftServerImpl for group-268F5F9AA7A0:[9cadff80-323a-4875-a850-3abc17c82d3b:192.168.151.107:38629, cd004493-3f35-4f7b-8d64-4b1cedb0745f:192.168.151.107:44169, 02dfbb81-41fe-4c9c-9f09-786b8c3590a1:192.168.151.107:44243] with ContainerStateMachine:uninitialized
2019-10-08 21:42:32,448 [pool-709-thread-1] INFO  server.RaftServerConfigKeys (ConfUtils.java:logGet(43)) - raft.server.rpc.timeout.min = 5s (custom)
2019-10-08 21:42:32,448 [pool-709-thread-1] INFO  server.RaftServerConfigKeys (ConfUtils.java:logGet(43)) - raft.server.rpc.timeout.max = 5200ms (custom)
2019-10-08 21:42:32,448 [pool-719-thread-1] INFO  impl.RaftServerImpl (RaftServerImpl.java:<init>(95)) - 9cadff80-323a-4875-a850-3abc17c82d3b: new RaftServerImpl for group-268F5F9AA7A0:[9cadff80-323a-4875-a850-3abc17c82d3b:192.168.151.107:38629, cd004493-3f35-4f7b-8d64-4b1cedb0745f:192.168.151.107:44169, 02dfbb81-41fe-4c9c-9f09-786b8c3590a1:192.168.151.107:44243] with ContainerStateMachine:uninitialized
2019-10-08 21:42:32,448 [pool-709-thread-1] INFO  server.RaftServerConfigKeys (ConfUtils.java:logGet(43)) - raft.server.rpcslowness.timeout = 120s (custom)
2019-10-08 21:42:32,449 [pool-719-thread-1] INFO  server.RaftServerConfigKeys (ConfUtils.java:logGet(43)) - raft.server.rpc.timeout.min = 5s (custom)
2019-10-08 21:42:32,449 [pool-709-thread-1] INFO  server.RaftServerConfigKeys (ConfUtils.java:logGet(43)) - raft.server.sleep.deviation.threshold = 300 (default)
2019-10-08 21:42:32,449 [pool-719-thread-1] INFO  server.RaftServerConfigKeys (ConfUtils.java:logGet(43)) - raft.server.rpc.timeout.max = 5200ms (custom)
2019-10-08 21:42:32,449 [pool-729-thread-1] INFO  impl.RaftServerImpl (RaftServerImpl.java:<init>(95)) - cd004493-3f35-4f7b-8d64-4b1cedb0745f: new RaftServerImpl for group-268F5F9AA7A0:[9cadff80-323a-4875-a850-3abc17c82d3b:192.168.151.107:38629, cd004493-3f35-4f7b-8d64-4b1cedb0745f:192.168.151.107:44169, 02dfbb81-41fe-4c9c-9f09-786b8c3590a1:192.168.151.107:44243] with ContainerStateMachine:uninitialized
2019-10-08 21:42:32,449 [pool-709-thread-1] INFO  server.RaftServerConfigKeys (ConfUtils.java:logGet(43)) - raft.server.log.appender.install.snapshot.enabled = false (custom)
2019-10-08 21:42:32,449 [pool-729-thread-1] INFO  server.RaftServerConfigKeys (ConfUtils.java:logGet(43)) - raft.server.rpc.timeout.min = 5s (custom)
2019-10-08 21:42:32,449 [pool-719-thread-1] INFO  server.RaftServerConfigKeys (ConfUtils.java:logGet(43)) - raft.server.rpcslowness.timeout = 120s (custom)
2019-10-08 21:42:32,449 [pool-729-thread-1] INFO  server.RaftServerConfigKeys (ConfUtils.java:logGet(43)) - raft.server.rpc.timeout.max = 5200ms (custom)
2019-10-08 21:42:32,449 [pool-709-thread-1] INFO  impl.RaftServerImpl (ServerState.java:<init>(103)) - 02dfbb81-41fe-4c9c-9f09-786b8c3590a1@group-268F5F9AA7A0: ConfigurationManager, init=-1: [9cadff80-323a-4875-a850-3abc17c82d3b:192.168.151.107:38629, cd004493-3f35-4f7b-8d64-4b1cedb0745f:192.168.151.107:44169, 02dfbb81-41fe-4c9c-9f09-786b8c3590a1:192.168.151.107:44243], old=null, confs=<EMPTY_MAP>
2019-10-08 21:42:32,450 [pool-729-thread-1] INFO  server.RaftServerConfigKeys (ConfUtils.java:logGet(43)) - raft.server.rpcslowness.timeout = 120s (custom)
2019-10-08 21:42:32,449 [pool-719-thread-1] INFO  server.RaftServerConfigKeys (ConfUtils.java:logGet(43)) - raft.server.sleep.deviation.threshold = 300 (default)
2019-10-08 21:42:32,450 [pool-729-thread-1] INFO  server.RaftServerConfigKeys (ConfUtils.java:logGet(43)) - raft.server.sleep.deviation.threshold = 300 (default)
2019-10-08 21:42:32,450 [pool-709-thread-1] INFO  server.RaftServerConfigKeys (ConfUtils.java:logGet(43)) - raft.server.storage.dir = [/workdir/hadoop-ozone/integration-test/target/test-dir/MiniOzoneClusterImpl-a786e4cc-4f7e-42c9-bee1-c977ab225390/datanode-3/data/ratis] (custom)
2019-10-08 21:42:32,450 [pool-729-thread-1] INFO  server.RaftServerConfigKeys (ConfUtils.java:logGet(43)) - raft.server.log.appender.install.snapshot.enabled = false (custom)
2019-10-08 21:42:32,450 [pool-719-thread-1] INFO  server.RaftServerConfigKeys (ConfUtils.java:logGet(43)) - raft.server.log.appender.install.snapshot.enabled = false (custom)
2019-10-08 21:42:32,450 [pool-709-thread-1] INFO  server.RaftServerConfigKeys (ConfUtils.java:logGet(43)) - raft.server.log.corruption.policy = EXCEPTION (default)
2019-10-08 21:42:32,450 [pool-729-thread-1] INFO  impl.RaftServerImpl (ServerState.java:<init>(103)) - cd004493-3f35-4f7b-8d64-4b1cedb0745f@group-268F5F9AA7A0: ConfigurationManager, init=-1: [9cadff80-323a-4875-a850-3abc17c82d3b:192.168.151.107:38629, cd004493-3f35-4f7b-8d64-4b1cedb0745f:192.168.151.107:44169, 02dfbb81-41fe-4c9c-9f09-786b8c3590a1:192.168.151.107:44243], old=null, confs=<EMPTY_MAP>
2019-10-08 21:42:32,450 [pool-719-thread-1] INFO  impl.RaftServerImpl (ServerState.java:<init>(103)) - 9cadff80-323a-4875-a850-3abc17c82d3b@group-268F5F9AA7A0: ConfigurationManager, init=-1: [9cadff80-323a-4875-a850-3abc17c82d3b:192.168.151.107:38629, cd004493-3f35-4f7b-8d64-4b1cedb0745f:192.168.151.107:44169, 02dfbb81-41fe-4c9c-9f09-786b8c3590a1:192.168.151.107:44243], old=null, confs=<EMPTY_MAP>
2019-10-08 21:42:32,450 [pool-729-thread-1] INFO  server.RaftServerConfigKeys (ConfUtils.java:logGet(43)) - raft.server.storage.dir = [/workdir/hadoop-ozone/integration-test/target/test-dir/MiniOzoneClusterImpl-a786e4cc-4f7e-42c9-bee1-c977ab225390/datanode-5/data/ratis] (custom)
2019-10-08 21:42:32,450 [pool-709-thread-1] INFO  storage.RaftStorageDirectory (RaftStorageDirectory.java:analyzeStorage(246)) - The storage directory /workdir/hadoop-ozone/integration-test/target/test-dir/MiniOzoneClusterImpl-a786e4cc-4f7e-42c9-bee1-c977ab225390/datanode-3/data/ratis/0c72ea3e-6e0f-43fb-85a8-268f5f9aa7a0 does not exist. Creating ...
2019-10-08 21:42:32,451 [pool-729-thread-1] INFO  server.RaftServerConfigKeys (ConfUtils.java:logGet(43)) - raft.server.log.corruption.policy = EXCEPTION (default)
2019-10-08 21:42:32,451 [pool-719-thread-1] INFO  server.RaftServerConfigKeys (ConfUtils.java:logGet(43)) - raft.server.storage.dir = [/workdir/hadoop-ozone/integration-test/target/test-dir/MiniOzoneClusterImpl-a786e4cc-4f7e-42c9-bee1-c977ab225390/datanode-4/data/ratis] (custom)
2019-10-08 21:42:32,451 [pool-729-thread-1] INFO  storage.RaftStorageDirectory (RaftStorageDirectory.java:analyzeStorage(246)) - The storage directory /workdir/hadoop-ozone/integration-test/target/test-dir/MiniOzoneClusterImpl-a786e4cc-4f7e-42c9-bee1-c977ab225390/datanode-5/data/ratis/0c72ea3e-6e0f-43fb-85a8-268f5f9aa7a0 does not exist. Creating ...
2019-10-08 21:42:32,451 [pool-719-thread-1] INFO  server.RaftServerConfigKeys (ConfUtils.java:logGet(43)) - raft.server.log.corruption.policy = EXCEPTION (default)
2019-10-08 21:42:32,451 [pool-719-thread-1] INFO  storage.RaftStorageDirectory (RaftStorageDirectory.java:analyzeStorage(246)) - The storage directory /workdir/hadoop-ozone/integration-test/target/test-dir/MiniOzoneClusterImpl-a786e4cc-4f7e-42c9-bee1-c977ab225390/datanode-4/data/ratis/0c72ea3e-6e0f-43fb-85a8-268f5f9aa7a0 does not exist. Creating ...
2019-10-08 21:42:32,476 [pool-709-thread-1] INFO  storage.RaftStorageDirectory (RaftStorageDirectory.java:tryLock(328)) - Lock on /workdir/hadoop-ozone/integration-test/target/test-dir/MiniOzoneClusterImpl-a786e4cc-4f7e-42c9-bee1-c977ab225390/datanode-3/data/ratis/0c72ea3e-6e0f-43fb-85a8-268f5f9aa7a0/in_use.lock acquired by nodename 23712@pr-hdds-2217-2kdk4-3258704453
2019-10-08 21:42:32,476 [pool-729-thread-1] INFO  storage.RaftStorageDirectory (RaftStorageDirectory.java:tryLock(328)) - Lock on /workdir/hadoop-ozone/integration-test/target/test-dir/MiniOzoneClusterImpl-a786e4cc-4f7e-42c9-bee1-c977ab225390/datanode-5/data/ratis/0c72ea3e-6e0f-43fb-85a8-268f5f9aa7a0/in_use.lock acquired by nodename 23712@pr-hdds-2217-2kdk4-3258704453
2019-10-08 21:42:32,476 [pool-719-thread-1] INFO  storage.RaftStorageDirectory (RaftStorageDirectory.java:tryLock(328)) - Lock on /workdir/hadoop-ozone/integration-test/target/test-dir/MiniOzoneClusterImpl-a786e4cc-4f7e-42c9-bee1-c977ab225390/datanode-4/data/ratis/0c72ea3e-6e0f-43fb-85a8-268f5f9aa7a0/in_use.lock acquired by nodename 23712@pr-hdds-2217-2kdk4-3258704453
2019-10-08 21:42:32,500 [pool-709-thread-1] INFO  storage.RaftStorage (RaftStorage.java:format(84)) - Storage directory /workdir/hadoop-ozone/integration-test/target/test-dir/MiniOzoneClusterImpl-a786e4cc-4f7e-42c9-bee1-c977ab225390/datanode-3/data/ratis/0c72ea3e-6e0f-43fb-85a8-268f5f9aa7a0 has been successfully formatted.
2019-10-08 21:42:32,500 [pool-729-thread-1] INFO  storage.RaftStorage (RaftStorage.java:format(84)) - Storage directory /workdir/hadoop-ozone/integration-test/target/test-dir/MiniOzoneClusterImpl-a786e4cc-4f7e-42c9-bee1-c977ab225390/datanode-5/data/ratis/0c72ea3e-6e0f-43fb-85a8-268f5f9aa7a0 has been successfully formatted.
2019-10-08 21:42:32,500 [pool-719-thread-1] INFO  storage.RaftStorage (RaftStorage.java:format(84)) - Storage directory /workdir/hadoop-ozone/integration-test/target/test-dir/MiniOzoneClusterImpl-a786e4cc-4f7e-42c9-bee1-c977ab225390/datanode-4/data/ratis/0c72ea3e-6e0f-43fb-85a8-268f5f9aa7a0 has been successfully formatted.
2019-10-08 21:42:32,501 [pool-729-thread-1] INFO  ratis.ContainerStateMachine (ContainerStateMachine.java:loadSnapshot(231)) - group-268F5F9AA7A0: The snapshot info is null. Setting the last applied indexto:(t:0, i:~)
2019-10-08 21:42:32,501 [pool-709-thread-1] INFO  ratis.ContainerStateMachine (ContainerStateMachine.java:loadSnapshot(231)) - group-268F5F9AA7A0: The snapshot info is null. Setting the last applied indexto:(t:0, i:~)
2019-10-08 21:42:32,501 [pool-729-thread-1] INFO  server.RaftServerConfigKeys (ConfUtils.java:logGet(43)) - raft.server.notification.no-leader.timeout = 120s (custom)
2019-10-08 21:42:32,501 [pool-719-thread-1] INFO  ratis.ContainerStateMachine (ContainerStateMachine.java:loadSnapshot(231)) - group-268F5F9AA7A0: The snapshot info is null. Setting the last applied indexto:(t:0, i:~)
2019-10-08 21:42:32,501 [pool-729-thread-1] INFO  server.RaftServerConfigKeys (ConfUtils.java:logGet(43)) - raft.server.log.use.memory = false (default)
2019-10-08 21:42:32,501 [pool-709-thread-1] INFO  server.RaftServerConfigKeys (ConfUtils.java:logGet(43)) - raft.server.notification.no-leader.timeout = 120s (custom)
2019-10-08 21:42:32,501 [pool-729-thread-1] INFO  server.RaftServerConfigKeys (ConfUtils.java:logGet(43)) - raft.server.log.purge.gap = 1000000 (custom)
2019-10-08 21:42:32,501 [pool-719-thread-1] INFO  server.RaftServerConfigKeys (ConfUtils.java:logGet(43)) - raft.server.notification.no-leader.timeout = 120s (custom)
2019-10-08 21:42:32,501 [pool-729-thread-1] INFO  server.RaftServerConfigKeys (ConfUtils.java:logGet(43)) - raft.server.log.appender.buffer.byte-limit = 33554432 (custom)
2019-10-08 21:42:32,501 [pool-709-thread-1] INFO  server.RaftServerConfigKeys (ConfUtils.java:logGet(43)) - raft.server.log.use.memory = false (default)
2019-10-08 21:42:32,501 [pool-729-thread-1] INFO  server.RaftServerConfigKeys (ConfUtils.java:logGet(43)) - raft.server.log.segment.size.max = 1048576 (custom)
2019-10-08 21:42:32,501 [pool-719-thread-1] INFO  server.RaftServerConfigKeys (ConfUtils.java:logGet(43)) - raft.server.log.use.memory = false (default)
2019-10-08 21:42:32,502 [pool-729-thread-1] INFO  server.RaftServerConfigKeys (ConfUtils.java:logGet(43)) - raft.server.log.segment.cache.num.max = 2 (custom)
2019-10-08 21:42:32,502 [pool-709-thread-1] INFO  server.RaftServerConfigKeys (ConfUtils.java:logGet(43)) - raft.server.log.purge.gap = 1000000 (custom)
2019-10-08 21:42:32,502 [pool-729-thread-1] INFO  segmented.SegmentedRaftLogWorker (SegmentedRaftLogWorker.java:<init>(173)) - new cd004493-3f35-4f7b-8d64-4b1cedb0745f@group-268F5F9AA7A0-SegmentedRaftLogWorker for RaftStorage:Storage Directory /workdir/hadoop-ozone/integration-test/target/test-dir/MiniOzoneClusterImpl-a786e4cc-4f7e-42c9-bee1-c977ab225390/datanode-5/data/ratis/0c72ea3e-6e0f-43fb-85a8-268f5f9aa7a0
2019-10-08 21:42:32,502 [pool-719-thread-1] INFO  server.RaftServerConfigKeys (ConfUtils.java:logGet(43)) - raft.server.log.purge.gap = 1000000 (custom)
2019-10-08 21:42:32,502 [pool-729-thread-1] INFO  server.RaftServerConfigKeys (ConfUtils.java:logGet(43)) - raft.server.log.queue.byte-limit = 2147483647 (custom)
2019-10-08 21:42:32,502 [pool-709-thread-1] INFO  server.RaftServerConfigKeys (ConfUtils.java:logGet(43)) - raft.server.log.appender.buffer.byte-limit = 33554432 (custom)
2019-10-08 21:42:32,502 [pool-729-thread-1] INFO  server.RaftServerConfigKeys (ConfUtils.java:logGet(43)) - raft.server.log.queue.element-limit = 1024 (custom)
2019-10-08 21:42:32,502 [pool-719-thread-1] INFO  server.RaftServerConfigKeys (ConfUtils.java:logGet(43)) - raft.server.log.appender.buffer.byte-limit = 33554432 (custom)
2019-10-08 21:42:32,502 [pool-729-thread-1] INFO  server.RaftServerConfigKeys (ConfUtils.java:logGet(43)) - raft.server.log.segment.size.max = 1048576 (custom)
2019-10-08 21:42:32,502 [pool-709-thread-1] INFO  server.RaftServerConfigKeys (ConfUtils.java:logGet(43)) - raft.server.log.segment.size.max = 1048576 (custom)
2019-10-08 21:42:32,503 [pool-729-thread-1] INFO  server.RaftServerConfigKeys (ConfUtils.java:logGet(43)) - raft.server.log.preallocated.size = 16384 (custom)
2019-10-08 21:42:32,503 [pool-719-thread-1] INFO  server.RaftServerConfigKeys (ConfUtils.java:logGet(43)) - raft.server.log.segment.size.max = 1048576 (custom)
2019-10-08 21:42:32,503 [pool-729-thread-1] INFO  server.RaftServerConfigKeys (ConfUtils.java:logGet(43)) - raft.server.log.write.buffer.size = 33554432 (custom)
2019-10-08 21:42:32,503 [pool-709-thread-1] INFO  server.RaftServerConfigKeys (ConfUtils.java:logGet(43)) - raft.server.log.segment.cache.num.max = 2 (custom)
2019-10-08 21:42:32,503 [pool-729-thread-1] INFO  server.RaftServerConfigKeys (ConfUtils.java:logGet(43)) - raft.server.log.force.sync.num = 128 (default)
2019-10-08 21:42:32,503 [pool-719-thread-1] INFO  server.RaftServerConfigKeys (ConfUtils.java:logGet(43)) - raft.server.log.segment.cache.num.max = 2 (custom)
2019-10-08 21:42:32,503 [pool-729-thread-1] INFO  server.RaftServerConfigKeys (ConfUtils.java:logGet(43)) - raft.server.log.statemachine.data.sync = true (default)
2019-10-08 21:42:32,503 [pool-709-thread-1] INFO  segmented.SegmentedRaftLogWorker (SegmentedRaftLogWorker.java:<init>(173)) - new 02dfbb81-41fe-4c9c-9f09-786b8c3590a1@group-268F5F9AA7A0-SegmentedRaftLogWorker for RaftStorage:Storage Directory /workdir/hadoop-ozone/integration-test/target/test-dir/MiniOzoneClusterImpl-a786e4cc-4f7e-42c9-bee1-c977ab225390/datanode-3/data/ratis/0c72ea3e-6e0f-43fb-85a8-268f5f9aa7a0
2019-10-08 21:42:32,503 [pool-729-thread-1] INFO  server.RaftServerConfigKeys (ConfUtils.java:logGet(43)) - raft.server.log.statemachine.data.sync.timeout = 10s (default)
2019-10-08 21:42:32,503 [pool-719-thread-1] INFO  segmented.SegmentedRaftLogWorker (SegmentedRaftLogWorker.java:<init>(173)) - new 9cadff80-323a-4875-a850-3abc17c82d3b@group-268F5F9AA7A0-SegmentedRaftLogWorker for RaftStorage:Storage Directory /workdir/hadoop-ozone/integration-test/target/test-dir/MiniOzoneClusterImpl-a786e4cc-4f7e-42c9-bee1-c977ab225390/datanode-4/data/ratis/0c72ea3e-6e0f-43fb-85a8-268f5f9aa7a0
2019-10-08 21:42:32,503 [pool-729-thread-1] INFO  server.RaftServerConfigKeys (ConfUtils.java:logGet(43)) - raft.server.log.statemachine.data.sync.timeout.retry = -1 (default)
2019-10-08 21:42:32,503 [pool-709-thread-1] INFO  server.RaftServerConfigKeys (ConfUtils.java:logGet(43)) - raft.server.log.queue.byte-limit = 2147483647 (custom)
2019-10-08 21:42:32,504 [pool-729-thread-1] INFO  server.RaftServerConfigKeys (ConfUtils.java:logGet(43)) - raft.server.log.statemachine.data.caching.enabled = true (custom)
2019-10-08 21:42:32,504 [pool-719-thread-1] INFO  server.RaftServerConfigKeys (ConfUtils.java:logGet(43)) - raft.server.log.queue.byte-limit = 2147483647 (custom)
2019-10-08 21:42:32,504 [pool-709-thread-1] INFO  server.RaftServerConfigKeys (ConfUtils.java:logGet(43)) - raft.server.log.queue.element-limit = 1024 (custom)
2019-10-08 21:42:32,504 [pool-729-thread-1] INFO  segmented.SegmentedRaftLogWorker (SegmentedRaftLogWorker.java:lambda$new$0(128)) - cd004493-3f35-4f7b-8d64-4b1cedb0745f@group-268F5F9AA7A0-SegmentedRaftLogWorker: flushIndex: setUnconditionally 0 -> -1
2019-10-08 21:42:32,504 [pool-719-thread-1] INFO  server.RaftServerConfigKeys (ConfUtils.java:logGet(43)) - raft.server.log.queue.element-limit = 1024 (custom)
2019-10-08 21:42:32,504 [pool-709-thread-1] INFO  server.RaftServerConfigKeys (ConfUtils.java:logGet(43)) - raft.server.log.segment.size.max = 1048576 (custom)
2019-10-08 21:42:32,504 [pool-729-thread-1] INFO  server.RaftServerConfigKeys (ConfUtils.java:logGet(43)) - raft.server.snapshot.auto.trigger.enabled = true (custom)
2019-10-08 21:42:32,504 [pool-719-thread-1] INFO  server.RaftServerConfigKeys (ConfUtils.java:logGet(43)) - raft.server.log.segment.size.max = 1048576 (custom)
2019-10-08 21:42:32,504 [pool-729-thread-1] INFO  server.RaftServerConfigKeys (ConfUtils.java:logGet(43)) - raft.server.snapshot.auto.trigger.threshold = 10000 (custom)
2019-10-08 21:42:32,504 [pool-709-thread-1] INFO  server.RaftServerConfigKeys (ConfUtils.java:logGet(43)) - raft.server.log.preallocated.size = 16384 (custom)
2019-10-08 21:42:32,504 [pool-729-thread-1] INFO  server.RaftServerConfigKeys (ConfUtils.java:logGet(43)) - raft.server.snapshot.retention.file.num = 5 (custom)
2019-10-08 21:42:32,504 [pool-719-thread-1] INFO  server.RaftServerConfigKeys (ConfUtils.java:logGet(43)) - raft.server.log.preallocated.size = 16384 (custom)
2019-10-08 21:42:32,505 [pool-729-thread-1] INFO  server.RaftServerConfigKeys (ConfUtils.java:logGet(43)) - raft.server.retrycache.expirytime = 600000ms (custom)
2019-10-08 21:42:32,505 [pool-709-thread-1] INFO  server.RaftServerConfigKeys (ConfUtils.java:logGet(43)) - raft.server.log.write.buffer.size = 33554432 (custom)
2019-10-08 21:42:32,505 [pool-719-thread-1] INFO  server.RaftServerConfigKeys (ConfUtils.java:logGet(43)) - raft.server.log.write.buffer.size = 33554432 (custom)
2019-10-08 21:42:32,505 [pool-709-thread-1] INFO  server.RaftServerConfigKeys (ConfUtils.java:logGet(43)) - raft.server.log.force.sync.num = 128 (default)
2019-10-08 21:42:32,505 [pool-719-thread-1] INFO  server.RaftServerConfigKeys (ConfUtils.java:logGet(43)) - raft.server.log.force.sync.num = 128 (default)
2019-10-08 21:42:32,505 [pool-709-thread-1] INFO  server.RaftServerConfigKeys (ConfUtils.java:logGet(43)) - raft.server.log.statemachine.data.sync = true (default)
2019-10-08 21:42:32,505 [pool-719-thread-1] INFO  server.RaftServerConfigKeys (ConfUtils.java:logGet(43)) - raft.server.log.statemachine.data.sync = true (default)
2019-10-08 21:42:32,505 [pool-709-thread-1] INFO  server.RaftServerConfigKeys (ConfUtils.java:logGet(43)) - raft.server.log.statemachine.data.sync.timeout = 10s (default)
2019-10-08 21:42:32,505 [pool-719-thread-1] INFO  server.RaftServerConfigKeys (ConfUtils.java:logGet(43)) - raft.server.log.statemachine.data.sync.timeout = 10s (default)
2019-10-08 21:42:32,506 [pool-709-thread-1] INFO  server.RaftServerConfigKeys (ConfUtils.java:logGet(43)) - raft.server.log.statemachine.data.sync.timeout.retry = -1 (default)
2019-10-08 21:42:32,506 [pool-719-thread-1] INFO  server.RaftServerConfigKeys (ConfUtils.java:logGet(43)) - raft.server.log.statemachine.data.sync.timeout.retry = -1 (default)
2019-10-08 21:42:32,506 [pool-709-thread-1] INFO  server.RaftServerConfigKeys (ConfUtils.java:logGet(43)) - raft.server.log.statemachine.data.caching.enabled = true (custom)
2019-10-08 21:42:32,506 [pool-719-thread-1] INFO  server.RaftServerConfigKeys (ConfUtils.java:logGet(43)) - raft.server.log.statemachine.data.caching.enabled = true (custom)
2019-10-08 21:42:32,506 [pool-729-thread-1] INFO  impl.RaftServerImpl (RaftServerImpl.java:start(181)) - cd004493-3f35-4f7b-8d64-4b1cedb0745f@group-268F5F9AA7A0: start as a follower, conf=-1: [9cadff80-323a-4875-a850-3abc17c82d3b:192.168.151.107:38629, cd004493-3f35-4f7b-8d64-4b1cedb0745f:192.168.151.107:44169, 02dfbb81-41fe-4c9c-9f09-786b8c3590a1:192.168.151.107:44243], old=null
2019-10-08 21:42:32,506 [pool-709-thread-1] INFO  segmented.SegmentedRaftLogWorker (SegmentedRaftLogWorker.java:lambda$new$0(128)) - 02dfbb81-41fe-4c9c-9f09-786b8c3590a1@group-268F5F9AA7A0-SegmentedRaftLogWorker: flushIndex: setUnconditionally 0 -> -1
2019-10-08 21:42:32,506 [pool-729-thread-1] INFO  impl.RaftServerImpl (RaftServerImpl.java:setRole(170)) - cd004493-3f35-4f7b-8d64-4b1cedb0745f@group-268F5F9AA7A0: changes role from      null to FOLLOWER at term 0 for startAsFollower
2019-10-08 21:42:32,506 [pool-719-thread-1] INFO  segmented.SegmentedRaftLogWorker (SegmentedRaftLogWorker.java:lambda$new$0(128)) - 9cadff80-323a-4875-a850-3abc17c82d3b@group-268F5F9AA7A0-SegmentedRaftLogWorker: flushIndex: setUnconditionally 0 -> -1
2019-10-08 21:42:32,506 [pool-709-thread-1] INFO  server.RaftServerConfigKeys (ConfUtils.java:logGet(43)) - raft.server.snapshot.auto.trigger.enabled = true (custom)
2019-10-08 21:42:32,506 [pool-729-thread-1] INFO  impl.RoleInfo (RoleInfo.java:updateAndGet(143)) - cd004493-3f35-4f7b-8d64-4b1cedb0745f: start FollowerState
2019-10-08 21:42:32,506 [pool-709-thread-1] INFO  server.RaftServerConfigKeys (ConfUtils.java:logGet(43)) - raft.server.snapshot.auto.trigger.threshold = 10000 (custom)
2019-10-08 21:42:32,506 [pool-719-thread-1] INFO  server.RaftServerConfigKeys (ConfUtils.java:logGet(43)) - raft.server.snapshot.auto.trigger.enabled = true (custom)
2019-10-08 21:42:32,507 [pool-709-thread-1] INFO  server.RaftServerConfigKeys (ConfUtils.java:logGet(43)) - raft.server.snapshot.retention.file.num = 5 (custom)
2019-10-08 21:42:32,507 [pool-719-thread-1] INFO  server.RaftServerConfigKeys (ConfUtils.java:logGet(43)) - raft.server.snapshot.auto.trigger.threshold = 10000 (custom)
2019-10-08 21:42:32,507 [pool-729-thread-1] INFO  util.JmxRegister (JmxRegister.java:tryRegister(44)) - Successfully registered JMX Bean with object name Ratis:service=RaftServer,group=group-268F5F9AA7A0,id=cd004493-3f35-4f7b-8d64-4b1cedb0745f
2019-10-08 21:42:32,507 [pool-719-thread-1] INFO  server.RaftServerConfigKeys (ConfUtils.java:logGet(43)) - raft.server.snapshot.retention.file.num = 5 (custom)
2019-10-08 21:42:32,507 [pool-709-thread-1] INFO  server.RaftServerConfigKeys (ConfUtils.java:logGet(43)) - raft.server.retrycache.expirytime = 600000ms (custom)
2019-10-08 21:42:32,507 [pool-719-thread-1] INFO  server.RaftServerConfigKeys (ConfUtils.java:logGet(43)) - raft.server.retrycache.expirytime = 600000ms (custom)
2019-10-08 21:42:32,509 [pool-719-thread-1] INFO  impl.RaftServerImpl (RaftServerImpl.java:start(181)) - 9cadff80-323a-4875-a850-3abc17c82d3b@group-268F5F9AA7A0: start as a follower, conf=-1: [9cadff80-323a-4875-a850-3abc17c82d3b:192.168.151.107:38629, cd004493-3f35-4f7b-8d64-4b1cedb0745f:192.168.151.107:44169, 02dfbb81-41fe-4c9c-9f09-786b8c3590a1:192.168.151.107:44243], old=null
2019-10-08 21:42:32,509 [pool-709-thread-1] INFO  impl.RaftServerImpl (RaftServerImpl.java:start(181)) - 02dfbb81-41fe-4c9c-9f09-786b8c3590a1@group-268F5F9AA7A0: start as a follower, conf=-1: [9cadff80-323a-4875-a850-3abc17c82d3b:192.168.151.107:38629, cd004493-3f35-4f7b-8d64-4b1cedb0745f:192.168.151.107:44169, 02dfbb81-41fe-4c9c-9f09-786b8c3590a1:192.168.151.107:44243], old=null
2019-10-08 21:42:32,509 [pool-719-thread-1] INFO  impl.RaftServerImpl (RaftServerImpl.java:setRole(170)) - 9cadff80-323a-4875-a850-3abc17c82d3b@group-268F5F9AA7A0: changes role from      null to FOLLOWER at term 0 for startAsFollower
2019-10-08 21:42:32,513 [pool-709-thread-1] INFO  impl.RaftServerImpl (RaftServerImpl.java:setRole(170)) - 02dfbb81-41fe-4c9c-9f09-786b8c3590a1@group-268F5F9AA7A0: changes role from      null to FOLLOWER at term 0 for startAsFollower
2019-10-08 21:42:32,513 [pool-719-thread-1] INFO  impl.RoleInfo (RoleInfo.java:updateAndGet(143)) - 9cadff80-323a-4875-a850-3abc17c82d3b: start FollowerState
2019-10-08 21:42:32,513 [pool-709-thread-1] INFO  impl.RoleInfo (RoleInfo.java:updateAndGet(143)) - 02dfbb81-41fe-4c9c-9f09-786b8c3590a1: start FollowerState
2019-10-08 21:42:32,513 [pool-719-thread-1] INFO  util.JmxRegister (JmxRegister.java:tryRegister(44)) - Successfully registered JMX Bean with object name Ratis:service=RaftServer,group=group-268F5F9AA7A0,id=9cadff80-323a-4875-a850-3abc17c82d3b
2019-10-08 21:42:32,514 [pool-709-thread-1] INFO  util.JmxRegister (JmxRegister.java:tryRegister(44)) - Successfully registered JMX Bean with object name Ratis:service=RaftServer,group=group-268F5F9AA7A0,id=02dfbb81-41fe-4c9c-9f09-786b8c3590a1
2019-10-08 21:42:32,521 [RatisPipelineUtilsThread] INFO  pipeline.PipelineStateManager (PipelineStateManager.java:addPipeline(56)) - Created pipeline Pipeline[ Id: 0c72ea3e-6e0f-43fb-85a8-268f5f9aa7a0, Nodes: 02dfbb81-41fe-4c9c-9f09-786b8c3590a1{ip: 192.168.151.107, host: pr-hdds-2217-2kdk4-3258704453, networkLocation: /default-rack, certSerialId: null}cd004493-3f35-4f7b-8d64-4b1cedb0745f{ip: 192.168.151.107, host: pr-hdds-2217-2kdk4-3258704453, networkLocation: /default-rack, certSerialId: null}9cadff80-323a-4875-a850-3abc17c82d3b{ip: 192.168.151.107, host: pr-hdds-2217-2kdk4-3258704453, networkLocation: /default-rack, certSerialId: null}, Type:RATIS, Factor:THREE, State:OPEN]
2019-10-08 21:42:33,446 [main] INFO  ozone.MiniOzoneClusterImpl (MiniOzoneClusterImpl.java:lambda$waitForClusterToBeReady$0(147)) - Cluster is ready. Got 7 of 7 DN Heartbeats.
2019-10-08 21:42:33,485 [main] INFO  rpc.RpcClient (RpcClient.java:createVolume(277)) - Creating Volume: testblockoutputstream, with jenkins1000 as owner.
2019-10-08 21:42:33,487 [IPC Server handler 2 on 35117] INFO  volume.OMVolumeCreateRequest (OMVolumeCreateRequest.java:validateAndUpdateCache(193)) - created volume:testblockoutputstream for user:jenkins1000
2019-10-08 21:42:33,507 [main] INFO  rpc.RpcClient (RpcClient.java:createBucket(416)) - Creating Bucket: testblockoutputstream/testblockoutputstream, with Versioning false and Storage Type set to DISK and Encryption set to false 
2019-10-08 21:42:35,054 [Thread-4412] INFO  container.ReplicationManager (ReplicationManager.java:start(162)) - Starting Replication Monitor Thread.
2019-10-08 21:42:35,061 [ReplicationMonitor] INFO  container.ReplicationManager (ReplicationManager.java:run(225)) - Replication Monitor Thread took 1 milliseconds for processing 1 containers.
2019-10-08 21:42:37,153 [Thread-4414] INFO  impl.FollowerState (FollowerState.java:run(108)) - 37f282ad-bafe-4016-8440-19fd6e71650b@group-75F67EEDE390-FollowerState: change to CANDIDATE, lastRpcTime:5051ms, electionTimeout:5051ms
2019-10-08 21:42:37,153 [Thread-4414] INFO  impl.RoleInfo (RoleInfo.java:shutdownFollowerState(121)) - 37f282ad-bafe-4016-8440-19fd6e71650b: shutdown FollowerState
2019-10-08 21:42:37,153 [Thread-4414] INFO  impl.RaftServerImpl (RaftServerImpl.java:setRole(170)) - 37f282ad-bafe-4016-8440-19fd6e71650b@group-75F67EEDE390: changes role from  FOLLOWER to CANDIDATE at term 0 for changeToCandidate
2019-10-08 21:42:37,154 [Thread-4414] INFO  impl.RoleInfo (RoleInfo.java:updateAndGet(143)) - 37f282ad-bafe-4016-8440-19fd6e71650b: start LeaderElection
2019-10-08 21:42:37,164 [Thread-4417] INFO  impl.FollowerState (FollowerState.java:run(108)) - f79a475a-f87d-4dd7-800d-a3fc318e6f3c@group-439CFF5D7497-FollowerState: change to CANDIDATE, lastRpcTime:5016ms, electionTimeout:5016ms
2019-10-08 21:42:37,164 [Thread-4417] INFO  impl.RoleInfo (RoleInfo.java:shutdownFollowerState(121)) - f79a475a-f87d-4dd7-800d-a3fc318e6f3c: shutdown FollowerState
2019-10-08 21:42:37,164 [Thread-4417] INFO  impl.RaftServerImpl (RaftServerImpl.java:setRole(170)) - f79a475a-f87d-4dd7-800d-a3fc318e6f3c@group-439CFF5D7497: changes role from  FOLLOWER to CANDIDATE at term 0 for changeToCandidate
2019-10-08 21:42:37,164 [Thread-4417] INFO  impl.RoleInfo (RoleInfo.java:updateAndGet(143)) - f79a475a-f87d-4dd7-800d-a3fc318e6f3c: start LeaderElection
2019-10-08 21:42:37,186 [37f282ad-bafe-4016-8440-19fd6e71650b@group-75F67EEDE390-LeaderElection99] INFO  impl.LeaderElection (LeaderElection.java:askForVotes(178)) - 37f282ad-bafe-4016-8440-19fd6e71650b@group-75F67EEDE390-LeaderElection99: begin an election at term 1 for -1: [37f282ad-bafe-4016-8440-19fd6e71650b:192.168.151.107:40714], old=null
2019-10-08 21:42:37,187 [37f282ad-bafe-4016-8440-19fd6e71650b@group-75F67EEDE390-LeaderElection99] INFO  impl.RoleInfo (RoleInfo.java:shutdownLeaderElection(134)) - 37f282ad-bafe-4016-8440-19fd6e71650b: shutdown LeaderElection
2019-10-08 21:42:37,187 [37f282ad-bafe-4016-8440-19fd6e71650b@group-75F67EEDE390-LeaderElection99] INFO  impl.RaftServerImpl (RaftServerImpl.java:setRole(170)) - 37f282ad-bafe-4016-8440-19fd6e71650b@group-75F67EEDE390: changes role from CANDIDATE to LEADER at term 1 for changeToLeader
2019-10-08 21:42:37,187 [37f282ad-bafe-4016-8440-19fd6e71650b@group-75F67EEDE390-LeaderElection99] INFO  impl.RaftServerImpl (ServerState.java:setLeader(255)) - 37f282ad-bafe-4016-8440-19fd6e71650b@group-75F67EEDE390: change Leader from null to 37f282ad-bafe-4016-8440-19fd6e71650b at term 1 for becomeLeader, leader elected after 5093ms
2019-10-08 21:42:37,187 [37f282ad-bafe-4016-8440-19fd6e71650b@group-75F67EEDE390-LeaderElection99] INFO  server.RaftServerConfigKeys (ConfUtils.java:logGet(43)) - raft.server.staging.catchup.gap = 1000 (default)
2019-10-08 21:42:37,187 [37f282ad-bafe-4016-8440-19fd6e71650b@group-75F67EEDE390-LeaderElection99] INFO  server.RaftServerConfigKeys (ConfUtils.java:logGet(43)) - raft.server.rpc.sleep.time = 25ms (default)
2019-10-08 21:42:37,188 [37f282ad-bafe-4016-8440-19fd6e71650b@group-75F67EEDE390-LeaderElection99] INFO  server.RaftServerConfigKeys (ConfUtils.java:logGet(43)) - raft.server.write.element-limit = 4096 (default)
2019-10-08 21:42:37,188 [37f282ad-bafe-4016-8440-19fd6e71650b@group-75F67EEDE390-LeaderElection99] INFO  server.RaftServerConfigKeys (ConfUtils.java:logGet(43)) - raft.server.watch.timeout = 10s (default)
2019-10-08 21:42:37,188 [37f282ad-bafe-4016-8440-19fd6e71650b@group-75F67EEDE390-LeaderElection99] INFO  server.RaftServerConfigKeys (ConfUtils.java:logGet(43)) - raft.server.watch.timeout.denomination = 1s (default)
2019-10-08 21:42:37,188 [37f282ad-bafe-4016-8440-19fd6e71650b@group-75F67EEDE390-LeaderElection99] INFO  server.RaftServerConfigKeys (ConfUtils.java:logGet(43)) - raft.server.watch.element-limit = 65536 (default)
2019-10-08 21:42:37,189 [f79a475a-f87d-4dd7-800d-a3fc318e6f3c@group-439CFF5D7497-LeaderElection100] INFO  impl.LeaderElection (LeaderElection.java:askForVotes(178)) - f79a475a-f87d-4dd7-800d-a3fc318e6f3c@group-439CFF5D7497-LeaderElection100: begin an election at term 1 for -1: [f79a475a-f87d-4dd7-800d-a3fc318e6f3c:192.168.151.107:40831], old=null
2019-10-08 21:42:37,189 [f79a475a-f87d-4dd7-800d-a3fc318e6f3c@group-439CFF5D7497-LeaderElection100] INFO  impl.RoleInfo (RoleInfo.java:shutdownLeaderElection(134)) - f79a475a-f87d-4dd7-800d-a3fc318e6f3c: shutdown LeaderElection
2019-10-08 21:42:37,189 [f79a475a-f87d-4dd7-800d-a3fc318e6f3c@group-439CFF5D7497-LeaderElection100] INFO  impl.RaftServerImpl (RaftServerImpl.java:setRole(170)) - f79a475a-f87d-4dd7-800d-a3fc318e6f3c@group-439CFF5D7497: changes role from CANDIDATE to LEADER at term 1 for changeToLeader
2019-10-08 21:42:37,189 [f79a475a-f87d-4dd7-800d-a3fc318e6f3c@group-439CFF5D7497-LeaderElection100] INFO  impl.RaftServerImpl (ServerState.java:setLeader(255)) - f79a475a-f87d-4dd7-800d-a3fc318e6f3c@group-439CFF5D7497: change Leader from null to f79a475a-f87d-4dd7-800d-a3fc318e6f3c at term 1 for becomeLeader, leader elected after 5046ms
2019-10-08 21:42:37,189 [f79a475a-f87d-4dd7-800d-a3fc318e6f3c@group-439CFF5D7497-LeaderElection100] INFO  server.RaftServerConfigKeys (ConfUtils.java:logGet(43)) - raft.server.staging.catchup.gap = 1000 (default)
2019-10-08 21:42:37,189 [f79a475a-f87d-4dd7-800d-a3fc318e6f3c@group-439CFF5D7497-LeaderElection100] INFO  server.RaftServerConfigKeys (ConfUtils.java:logGet(43)) - raft.server.rpc.sleep.time = 25ms (default)
2019-10-08 21:42:37,189 [f79a475a-f87d-4dd7-800d-a3fc318e6f3c@group-439CFF5D7497-LeaderElection100] INFO  server.RaftServerConfigKeys (ConfUtils.java:logGet(43)) - raft.server.write.element-limit = 4096 (default)
2019-10-08 21:42:37,189 [f79a475a-f87d-4dd7-800d-a3fc318e6f3c@group-439CFF5D7497-LeaderElection100] INFO  server.RaftServerConfigKeys (ConfUtils.java:logGet(43)) - raft.server.watch.timeout = 10s (default)
2019-10-08 21:42:37,189 [f79a475a-f87d-4dd7-800d-a3fc318e6f3c@group-439CFF5D7497-LeaderElection100] INFO  server.RaftServerConfigKeys (ConfUtils.java:logGet(43)) - raft.server.watch.timeout.denomination = 1s (default)
2019-10-08 21:42:37,189 [f79a475a-f87d-4dd7-800d-a3fc318e6f3c@group-439CFF5D7497-LeaderElection100] INFO  server.RaftServerConfigKeys (ConfUtils.java:logGet(43)) - raft.server.watch.element-limit = 65536 (default)
2019-10-08 21:42:37,191 [f79a475a-f87d-4dd7-800d-a3fc318e6f3c@group-439CFF5D7497-LeaderElection100] INFO  impl.RoleInfo (RoleInfo.java:updateAndGet(143)) - f79a475a-f87d-4dd7-800d-a3fc318e6f3c: start LeaderState
2019-10-08 21:42:37,191 [37f282ad-bafe-4016-8440-19fd6e71650b@group-75F67EEDE390-LeaderElection99] INFO  impl.RoleInfo (RoleInfo.java:updateAndGet(143)) - 37f282ad-bafe-4016-8440-19fd6e71650b: start LeaderState
2019-10-08 21:42:37,192 [f79a475a-f87d-4dd7-800d-a3fc318e6f3c@group-439CFF5D7497-LeaderElection100] INFO  segmented.SegmentedRaftLogWorker (SegmentedRaftLogWorker.java:startLogSegment(385)) - f79a475a-f87d-4dd7-800d-a3fc318e6f3c@group-439CFF5D7497-SegmentedRaftLogWorker: Starting segment from index:0
2019-10-08 21:42:37,192 [37f282ad-bafe-4016-8440-19fd6e71650b@group-75F67EEDE390-LeaderElection99] INFO  segmented.SegmentedRaftLogWorker (SegmentedRaftLogWorker.java:startLogSegment(385)) - 37f282ad-bafe-4016-8440-19fd6e71650b@group-75F67EEDE390-SegmentedRaftLogWorker: Starting segment from index:0
2019-10-08 21:42:37,192 [f79a475a-f87d-4dd7-800d-a3fc318e6f3c@group-439CFF5D7497-LeaderElection100] INFO  impl.RaftServerImpl (ServerState.java:setRaftConf(356)) - f79a475a-f87d-4dd7-800d-a3fc318e6f3c@group-439CFF5D7497: set configuration 0: [f79a475a-f87d-4dd7-800d-a3fc318e6f3c:192.168.151.107:40831], old=null at 0
2019-10-08 21:42:37,192 [37f282ad-bafe-4016-8440-19fd6e71650b@group-75F67EEDE390-LeaderElection99] INFO  impl.RaftServerImpl (ServerState.java:setRaftConf(356)) - 37f282ad-bafe-4016-8440-19fd6e71650b@group-75F67EEDE390: set configuration 0: [37f282ad-bafe-4016-8440-19fd6e71650b:192.168.151.107:40714], old=null at 0
2019-10-08 21:42:37,231 [f79a475a-f87d-4dd7-800d-a3fc318e6f3c@group-439CFF5D7497-SegmentedRaftLogWorker] INFO  segmented.SegmentedRaftLogWorker (SegmentedRaftLogWorker.java:execute(574)) - f79a475a-f87d-4dd7-800d-a3fc318e6f3c@group-439CFF5D7497-SegmentedRaftLogWorker: created new log segment /workdir/hadoop-ozone/integration-test/target/test-dir/MiniOzoneClusterImpl-a786e4cc-4f7e-42c9-bee1-c977ab225390/datanode-1/data/ratis/1c8df400-bf37-498b-91cf-439cff5d7497/current/log_inprogress_0
2019-10-08 21:42:37,231 [37f282ad-bafe-4016-8440-19fd6e71650b@group-75F67EEDE390-SegmentedRaftLogWorker] INFO  segmented.SegmentedRaftLogWorker (SegmentedRaftLogWorker.java:execute(574)) - 37f282ad-bafe-4016-8440-19fd6e71650b@group-75F67EEDE390-SegmentedRaftLogWorker: created new log segment /workdir/hadoop-ozone/integration-test/target/test-dir/MiniOzoneClusterImpl-a786e4cc-4f7e-42c9-bee1-c977ab225390/datanode-0/data/ratis/da05ffe4-3343-4673-b9ec-75f67eede390/current/log_inprogress_0
2019-10-08 21:42:37,269 [Thread-4420] INFO  impl.FollowerState (FollowerState.java:run(108)) - d8bec1eb-3a40-4d5f-9cdd-386f74de3faa@group-40487416EDCC-FollowerState: change to CANDIDATE, lastRpcTime:5067ms, electionTimeout:5067ms
2019-10-08 21:42:37,269 [Thread-4420] INFO  impl.RoleInfo (RoleInfo.java:shutdownFollowerState(121)) - d8bec1eb-3a40-4d5f-9cdd-386f74de3faa: shutdown FollowerState
2019-10-08 21:42:37,269 [Thread-4420] INFO  impl.RaftServerImpl (RaftServerImpl.java:setRole(170)) - d8bec1eb-3a40-4d5f-9cdd-386f74de3faa@group-40487416EDCC: changes role from  FOLLOWER to CANDIDATE at term 0 for changeToCandidate
2019-10-08 21:42:37,270 [Thread-4420] INFO  impl.RoleInfo (RoleInfo.java:updateAndGet(143)) - d8bec1eb-3a40-4d5f-9cdd-386f74de3faa: start LeaderElection
2019-10-08 21:42:37,300 [d8bec1eb-3a40-4d5f-9cdd-386f74de3faa@group-40487416EDCC-LeaderElection101] INFO  impl.LeaderElection (LeaderElection.java:askForVotes(178)) - d8bec1eb-3a40-4d5f-9cdd-386f74de3faa@group-40487416EDCC-LeaderElection101: begin an election at term 1 for -1: [d8bec1eb-3a40-4d5f-9cdd-386f74de3faa:192.168.151.107:37030], old=null
2019-10-08 21:42:37,301 [d8bec1eb-3a40-4d5f-9cdd-386f74de3faa@group-40487416EDCC-LeaderElection101] INFO  impl.RoleInfo (RoleInfo.java:shutdownLeaderElection(134)) - d8bec1eb-3a40-4d5f-9cdd-386f74de3faa: shutdown LeaderElection
2019-10-08 21:42:37,301 [d8bec1eb-3a40-4d5f-9cdd-386f74de3faa@group-40487416EDCC-LeaderElection101] INFO  impl.RaftServerImpl (RaftServerImpl.java:setRole(170)) - d8bec1eb-3a40-4d5f-9cdd-386f74de3faa@group-40487416EDCC: changes role from CANDIDATE to LEADER at term 1 for changeToLeader
2019-10-08 21:42:37,301 [d8bec1eb-3a40-4d5f-9cdd-386f74de3faa@group-40487416EDCC-LeaderElection101] INFO  impl.RaftServerImpl (ServerState.java:setLeader(255)) - d8bec1eb-3a40-4d5f-9cdd-386f74de3faa@group-40487416EDCC: change Leader from null to d8bec1eb-3a40-4d5f-9cdd-386f74de3faa at term 1 for becomeLeader, leader elected after 5105ms
2019-10-08 21:42:37,301 [d8bec1eb-3a40-4d5f-9cdd-386f74de3faa@group-40487416EDCC-LeaderElection101] INFO  server.RaftServerConfigKeys (ConfUtils.java:logGet(43)) - raft.server.staging.catchup.gap = 1000 (default)
2019-10-08 21:42:37,301 [d8bec1eb-3a40-4d5f-9cdd-386f74de3faa@group-40487416EDCC-LeaderElection101] INFO  server.RaftServerConfigKeys (ConfUtils.java:logGet(43)) - raft.server.rpc.sleep.time = 25ms (default)
2019-10-08 21:42:37,301 [d8bec1eb-3a40-4d5f-9cdd-386f74de3faa@group-40487416EDCC-LeaderElection101] INFO  server.RaftServerConfigKeys (ConfUtils.java:logGet(43)) - raft.server.write.element-limit = 4096 (default)
2019-10-08 21:42:37,301 [d8bec1eb-3a40-4d5f-9cdd-386f74de3faa@group-40487416EDCC-LeaderElection101] INFO  server.RaftServerConfigKeys (ConfUtils.java:logGet(43)) - raft.server.watch.timeout = 10s (default)
2019-10-08 21:42:37,301 [d8bec1eb-3a40-4d5f-9cdd-386f74de3faa@group-40487416EDCC-LeaderElection101] INFO  server.RaftServerConfigKeys (ConfUtils.java:logGet(43)) - raft.server.watch.timeout.denomination = 1s (default)
2019-10-08 21:42:37,301 [d8bec1eb-3a40-4d5f-9cdd-386f74de3faa@group-40487416EDCC-LeaderElection101] INFO  server.RaftServerConfigKeys (ConfUtils.java:logGet(43)) - raft.server.watch.element-limit = 65536 (default)
2019-10-08 21:42:37,302 [d8bec1eb-3a40-4d5f-9cdd-386f74de3faa@group-40487416EDCC-LeaderElection101] INFO  impl.RoleInfo (RoleInfo.java:updateAndGet(143)) - d8bec1eb-3a40-4d5f-9cdd-386f74de3faa: start LeaderState
2019-10-08 21:42:37,303 [d8bec1eb-3a40-4d5f-9cdd-386f74de3faa@group-40487416EDCC-LeaderElection101] INFO  segmented.SegmentedRaftLogWorker (SegmentedRaftLogWorker.java:startLogSegment(385)) - d8bec1eb-3a40-4d5f-9cdd-386f74de3faa@group-40487416EDCC-SegmentedRaftLogWorker: Starting segment from index:0
2019-10-08 21:42:37,303 [d8bec1eb-3a40-4d5f-9cdd-386f74de3faa@group-40487416EDCC-LeaderElection101] INFO  impl.RaftServerImpl (ServerState.java:setRaftConf(356)) - d8bec1eb-3a40-4d5f-9cdd-386f74de3faa@group-40487416EDCC: set configuration 0: [d8bec1eb-3a40-4d5f-9cdd-386f74de3faa:192.168.151.107:37030], old=null at 0
2019-10-08 21:42:37,332 [Thread-4426] INFO  impl.FollowerState (FollowerState.java:run(108)) - f79a475a-f87d-4dd7-800d-a3fc318e6f3c@group-B2FB7A36E2A4-FollowerState: change to CANDIDATE, lastRpcTime:5052ms, electionTimeout:5052ms
2019-10-08 21:42:37,333 [Thread-4426] INFO  impl.RoleInfo (RoleInfo.java:shutdownFollowerState(121)) - f79a475a-f87d-4dd7-800d-a3fc318e6f3c: shutdown FollowerState
2019-10-08 21:42:37,333 [Thread-4426] INFO  impl.RaftServerImpl (RaftServerImpl.java:setRole(170)) - f79a475a-f87d-4dd7-800d-a3fc318e6f3c@group-B2FB7A36E2A4: changes role from  FOLLOWER to CANDIDATE at term 0 for changeToCandidate
2019-10-08 21:42:37,333 [Thread-4426] INFO  impl.RoleInfo (RoleInfo.java:updateAndGet(143)) - f79a475a-f87d-4dd7-800d-a3fc318e6f3c: start LeaderElection
2019-10-08 21:42:37,342 [d8bec1eb-3a40-4d5f-9cdd-386f74de3faa@group-40487416EDCC-SegmentedRaftLogWorker] INFO  segmented.SegmentedRaftLogWorker (SegmentedRaftLogWorker.java:execute(574)) - d8bec1eb-3a40-4d5f-9cdd-386f74de3faa@group-40487416EDCC-SegmentedRaftLogWorker: created new log segment /workdir/hadoop-ozone/integration-test/target/test-dir/MiniOzoneClusterImpl-a786e4cc-4f7e-42c9-bee1-c977ab225390/datanode-2/data/ratis/6ab993c3-3ac1-4a7f-99d1-40487416edcc/current/log_inprogress_0
2019-10-08 21:42:37,343 [f79a475a-f87d-4dd7-800d-a3fc318e6f3c@group-B2FB7A36E2A4-LeaderElection102] INFO  impl.LeaderElection (LeaderElection.java:askForVotes(178)) - f79a475a-f87d-4dd7-800d-a3fc318e6f3c@group-B2FB7A36E2A4-LeaderElection102: begin an election at term 1 for -1: [f79a475a-f87d-4dd7-800d-a3fc318e6f3c:192.168.151.107:40831, 37f282ad-bafe-4016-8440-19fd6e71650b:192.168.151.107:40714, d8bec1eb-3a40-4d5f-9cdd-386f74de3faa:192.168.151.107:37030], old=null
2019-10-08 21:42:37,500 [Thread-4438] INFO  impl.FollowerState (FollowerState.java:run(108)) - cd004493-3f35-4f7b-8d64-4b1cedb0745f@group-A106A1E3FA9C-FollowerState: change to CANDIDATE, lastRpcTime:5074ms, electionTimeout:5026ms
2019-10-08 21:42:37,500 [Thread-4423] INFO  impl.FollowerState (FollowerState.java:run(108)) - d8bec1eb-3a40-4d5f-9cdd-386f74de3faa@group-B2FB7A36E2A4-FollowerState: change to CANDIDATE, lastRpcTime:5224ms, electionTimeout:5149ms
2019-10-08 21:42:37,500 [Thread-4438] INFO  impl.RoleInfo (RoleInfo.java:shutdownFollowerState(121)) - cd004493-3f35-4f7b-8d64-4b1cedb0745f: shutdown FollowerState
2019-10-08 21:42:37,500 [Thread-4428] INFO  impl.FollowerState (FollowerState.java:run(108)) - 37f282ad-bafe-4016-8440-19fd6e71650b@group-B2FB7A36E2A4-FollowerState: change to CANDIDATE, lastRpcTime:5219ms, electionTimeout:5109ms
2019-10-08 21:42:37,500 [Thread-4435] INFO  impl.FollowerState (FollowerState.java:run(108)) - 9cadff80-323a-4875-a850-3abc17c82d3b@group-327F9DED9526-FollowerState: change to CANDIDATE, lastRpcTime:5139ms, electionTimeout:5118ms
2019-10-08 21:42:37,500 [Thread-4432] INFO  impl.FollowerState (FollowerState.java:run(108)) - 02dfbb81-41fe-4c9c-9f09-786b8c3590a1@group-36C614EE03B0-FollowerState: change to CANDIDATE, lastRpcTime:5168ms, electionTimeout:5103ms
2019-10-08 21:42:37,523 [Thread-4428] INFO  impl.RoleInfo (RoleInfo.java:shutdownFollowerState(121)) - 37f282ad-bafe-4016-8440-19fd6e71650b: shutdown FollowerState
2019-10-08 21:42:37,523 [Thread-4435] INFO  impl.RoleInfo (RoleInfo.java:shutdownFollowerState(121)) - 9cadff80-323a-4875-a850-3abc17c82d3b: shutdown FollowerState
2019-10-08 21:42:37,506 [Thread-4438] INFO  impl.RaftServerImpl (RaftServerImpl.java:setRole(170)) - cd004493-3f35-4f7b-8d64-4b1cedb0745f@group-A106A1E3FA9C: changes role from  FOLLOWER to CANDIDATE at term 0 for changeToCandidate
2019-10-08 21:42:37,528 [Thread-4435] INFO  impl.RaftServerImpl (RaftServerImpl.java:setRole(170)) - 9cadff80-323a-4875-a850-3abc17c82d3b@group-327F9DED9526: changes role from  FOLLOWER to CANDIDATE at term 0 for changeToCandidate
2019-10-08 21:42:37,528 [Thread-4428] INFO  impl.RaftServerImpl (RaftServerImpl.java:setRole(170)) - 37f282ad-bafe-4016-8440-19fd6e71650b@group-B2FB7A36E2A4: changes role from  FOLLOWER to CANDIDATE at term 0 for changeToCandidate
2019-10-08 21:42:37,528 [Thread-4438] INFO  impl.RoleInfo (RoleInfo.java:updateAndGet(143)) - cd004493-3f35-4f7b-8d64-4b1cedb0745f: start LeaderElection
2019-10-08 21:42:37,529 [Thread-4428] INFO  impl.RoleInfo (RoleInfo.java:updateAndGet(143)) - 37f282ad-bafe-4016-8440-19fd6e71650b: start LeaderElection
2019-10-08 21:42:37,542 [Thread-4435] INFO  impl.RoleInfo (RoleInfo.java:updateAndGet(143)) - 9cadff80-323a-4875-a850-3abc17c82d3b: start LeaderElection
2019-10-08 21:42:37,542 [grpc-default-executor-12] INFO  impl.RaftServerImpl (RaftServerImpl.java:setRole(170)) - 37f282ad-bafe-4016-8440-19fd6e71650b@group-B2FB7A36E2A4: changes role from CANDIDATE to FOLLOWER at term 1 for recognizeCandidate:f79a475a-f87d-4dd7-800d-a3fc318e6f3c
2019-10-08 21:42:37,554 [Thread-4432] INFO  impl.RoleInfo (RoleInfo.java:shutdownFollowerState(121)) - 02dfbb81-41fe-4c9c-9f09-786b8c3590a1: shutdown FollowerState
2019-10-08 21:42:37,542 [Thread-4423] INFO  impl.RoleInfo (RoleInfo.java:shutdownFollowerState(121)) - d8bec1eb-3a40-4d5f-9cdd-386f74de3faa: shutdown FollowerState
2019-10-08 21:42:37,569 [Thread-4432] INFO  impl.RaftServerImpl (RaftServerImpl.java:setRole(170)) - 02dfbb81-41fe-4c9c-9f09-786b8c3590a1@group-36C614EE03B0: changes role from  FOLLOWER to CANDIDATE at term 0 for changeToCandidate
2019-10-08 21:42:37,569 [grpc-default-executor-12] INFO  impl.RoleInfo (RoleInfo.java:shutdownLeaderElection(134)) - 37f282ad-bafe-4016-8440-19fd6e71650b: shutdown LeaderElection
2019-10-08 21:42:37,569 [Thread-4432] INFO  impl.RoleInfo (RoleInfo.java:updateAndGet(143)) - 02dfbb81-41fe-4c9c-9f09-786b8c3590a1: start LeaderElection
2019-10-08 21:42:37,569 [Thread-4423] INFO  impl.RaftServerImpl (RaftServerImpl.java:setRole(170)) - d8bec1eb-3a40-4d5f-9cdd-386f74de3faa@group-B2FB7A36E2A4: changes role from  FOLLOWER to CANDIDATE at term 0 for changeToCandidate
2019-10-08 21:42:37,574 [Thread-4446] INFO  impl.FollowerState (FollowerState.java:run(108)) - 02dfbb81-41fe-4c9c-9f09-786b8c3590a1@group-268F5F9AA7A0-FollowerState: change to CANDIDATE, lastRpcTime:5060ms, electionTimeout:5060ms
2019-10-08 21:42:37,578 [Thread-4423] INFO  impl.RoleInfo (RoleInfo.java:updateAndGet(143)) - d8bec1eb-3a40-4d5f-9cdd-386f74de3faa: start LeaderElection
2019-10-08 21:42:37,578 [grpc-default-executor-12] INFO  impl.RoleInfo (RoleInfo.java:updateAndGet(143)) - 37f282ad-bafe-4016-8440-19fd6e71650b: start FollowerState
2019-10-08 21:42:37,578 [Thread-4446] INFO  impl.RoleInfo (RoleInfo.java:shutdownFollowerState(121)) - 02dfbb81-41fe-4c9c-9f09-786b8c3590a1: shutdown FollowerState
2019-10-08 21:42:37,579 [Thread-4446] INFO  impl.RaftServerImpl (RaftServerImpl.java:setRole(170)) - 02dfbb81-41fe-4c9c-9f09-786b8c3590a1@group-268F5F9AA7A0: changes role from  FOLLOWER to CANDIDATE at term 0 for changeToCandidate
2019-10-08 21:42:37,587 [Thread-4446] INFO  impl.RoleInfo (RoleInfo.java:updateAndGet(143)) - 02dfbb81-41fe-4c9c-9f09-786b8c3590a1: start LeaderElection
2019-10-08 21:42:37,587 [grpc-default-executor-11] INFO  impl.RaftServerImpl (RaftServerImpl.java:setRole(170)) - d8bec1eb-3a40-4d5f-9cdd-386f74de3faa@group-B2FB7A36E2A4: changes role from CANDIDATE to FOLLOWER at term 1 for recognizeCandidate:f79a475a-f87d-4dd7-800d-a3fc318e6f3c
2019-10-08 21:42:37,587 [grpc-default-executor-11] INFO  impl.RoleInfo (RoleInfo.java:shutdownLeaderElection(134)) - d8bec1eb-3a40-4d5f-9cdd-386f74de3faa: shutdown LeaderElection
2019-10-08 21:42:37,595 [grpc-default-executor-11] INFO  impl.RoleInfo (RoleInfo.java:updateAndGet(143)) - d8bec1eb-3a40-4d5f-9cdd-386f74de3faa: start FollowerState
2019-10-08 21:42:37,603 [Thread-4445] INFO  impl.FollowerState (FollowerState.java:run(108)) - 9cadff80-323a-4875-a850-3abc17c82d3b@group-268F5F9AA7A0-FollowerState: change to CANDIDATE, lastRpcTime:5089ms, electionTimeout:5084ms
2019-10-08 21:42:37,607 [Thread-4445] INFO  impl.RoleInfo (RoleInfo.java:shutdownFollowerState(121)) - 9cadff80-323a-4875-a850-3abc17c82d3b: shutdown FollowerState
2019-10-08 21:42:37,608 [Thread-4445] INFO  impl.RaftServerImpl (RaftServerImpl.java:setRole(170)) - 9cadff80-323a-4875-a850-3abc17c82d3b@group-268F5F9AA7A0: changes role from  FOLLOWER to CANDIDATE at term 0 for changeToCandidate
2019-10-08 21:42:37,608 [Thread-4445] INFO  impl.RoleInfo (RoleInfo.java:updateAndGet(143)) - 9cadff80-323a-4875-a850-3abc17c82d3b: start LeaderElection
2019-10-08 21:42:37,667 [02dfbb81-41fe-4c9c-9f09-786b8c3590a1@group-268F5F9AA7A0-LeaderElection108] INFO  impl.LeaderElection (LeaderElection.java:askForVotes(178)) - 02dfbb81-41fe-4c9c-9f09-786b8c3590a1@group-268F5F9AA7A0-LeaderElection108: begin an election at term 1 for -1: [9cadff80-323a-4875-a850-3abc17c82d3b:192.168.151.107:38629, cd004493-3f35-4f7b-8d64-4b1cedb0745f:192.168.151.107:44169, 02dfbb81-41fe-4c9c-9f09-786b8c3590a1:192.168.151.107:44243], old=null
2019-10-08 21:42:37,667 [Thread-4441] INFO  impl.FollowerState (FollowerState.java:run(108)) - cd004493-3f35-4f7b-8d64-4b1cedb0745f@group-268F5F9AA7A0-FollowerState: change to CANDIDATE, lastRpcTime:5160ms, electionTimeout:5128ms
2019-10-08 21:42:37,667 [9cadff80-323a-4875-a850-3abc17c82d3b@group-327F9DED9526-LeaderElection104] INFO  impl.LeaderElection (LeaderElection.java:askForVotes(178)) - 9cadff80-323a-4875-a850-3abc17c82d3b@group-327F9DED9526-LeaderElection104: begin an election at term 1 for -1: [9cadff80-323a-4875-a850-3abc17c82d3b:192.168.151.107:38629], old=null
2019-10-08 21:42:37,667 [cd004493-3f35-4f7b-8d64-4b1cedb0745f@group-A106A1E3FA9C-LeaderElection103] INFO  impl.LeaderElection (LeaderElection.java:askForVotes(178)) - cd004493-3f35-4f7b-8d64-4b1cedb0745f@group-A106A1E3FA9C-LeaderElection103: begin an election at term 1 for -1: [cd004493-3f35-4f7b-8d64-4b1cedb0745f:192.168.151.107:44169], old=null
2019-10-08 21:42:37,667 [02dfbb81-41fe-4c9c-9f09-786b8c3590a1@group-36C614EE03B0-LeaderElection106] INFO  impl.LeaderElection (LeaderElection.java:askForVotes(178)) - 02dfbb81-41fe-4c9c-9f09-786b8c3590a1@group-36C614EE03B0-LeaderElection106: begin an election at term 1 for -1: [02dfbb81-41fe-4c9c-9f09-786b8c3590a1:192.168.151.107:44243], old=null
2019-10-08 21:42:37,667 [cd004493-3f35-4f7b-8d64-4b1cedb0745f@group-A106A1E3FA9C-LeaderElection103] INFO  impl.RoleInfo (RoleInfo.java:shutdownLeaderElection(134)) - cd004493-3f35-4f7b-8d64-4b1cedb0745f: shutdown LeaderElection
2019-10-08 21:42:37,667 [9cadff80-323a-4875-a850-3abc17c82d3b@group-327F9DED9526-LeaderElection104] INFO  impl.RoleInfo (RoleInfo.java:shutdownLeaderElection(134)) - 9cadff80-323a-4875-a850-3abc17c82d3b: shutdown LeaderElection
2019-10-08 21:42:37,667 [Thread-4441] INFO  impl.RoleInfo (RoleInfo.java:shutdownFollowerState(121)) - cd004493-3f35-4f7b-8d64-4b1cedb0745f: shutdown FollowerState
2019-10-08 21:42:37,667 [9cadff80-323a-4875-a850-3abc17c82d3b@group-327F9DED9526-LeaderElection104] INFO  impl.RaftServerImpl (RaftServerImpl.java:setRole(170)) - 9cadff80-323a-4875-a850-3abc17c82d3b@group-327F9DED9526: changes role from CANDIDATE to LEADER at term 1 for changeToLeader
2019-10-08 21:42:37,667 [cd004493-3f35-4f7b-8d64-4b1cedb0745f@group-A106A1E3FA9C-LeaderElection103] INFO  impl.RaftServerImpl (RaftServerImpl.java:setRole(170)) - cd004493-3f35-4f7b-8d64-4b1cedb0745f@group-A106A1E3FA9C: changes role from CANDIDATE to LEADER at term 1 for changeToLeader
2019-10-08 21:42:37,667 [02dfbb81-41fe-4c9c-9f09-786b8c3590a1@group-36C614EE03B0-LeaderElection106] INFO  impl.RoleInfo (RoleInfo.java:shutdownLeaderElection(134)) - 02dfbb81-41fe-4c9c-9f09-786b8c3590a1: shutdown LeaderElection
2019-10-08 21:42:37,671 [cd004493-3f35-4f7b-8d64-4b1cedb0745f@group-A106A1E3FA9C-LeaderElection103] INFO  impl.RaftServerImpl (ServerState.java:setLeader(255)) - cd004493-3f35-4f7b-8d64-4b1cedb0745f@group-A106A1E3FA9C: change Leader from null to cd004493-3f35-4f7b-8d64-4b1cedb0745f at term 1 for becomeLeader, leader elected after 5250ms
2019-10-08 21:42:37,671 [9cadff80-323a-4875-a850-3abc17c82d3b@group-327F9DED9526-LeaderElection104] INFO  impl.RaftServerImpl (ServerState.java:setLeader(255)) - 9cadff80-323a-4875-a850-3abc17c82d3b@group-327F9DED9526: change Leader from null to 9cadff80-323a-4875-a850-3abc17c82d3b at term 1 for becomeLeader, leader elected after 5316ms
2019-10-08 21:42:37,668 [Thread-4441] INFO  impl.RaftServerImpl (RaftServerImpl.java:setRole(170)) - cd004493-3f35-4f7b-8d64-4b1cedb0745f@group-268F5F9AA7A0: changes role from  FOLLOWER to CANDIDATE at term 0 for changeToCandidate
2019-10-08 21:42:37,672 [9cadff80-323a-4875-a850-3abc17c82d3b@group-327F9DED9526-LeaderElection104] INFO  server.RaftServerConfigKeys (ConfUtils.java:logGet(43)) - raft.server.staging.catchup.gap = 1000 (default)
2019-10-08 21:42:37,672 [cd004493-3f35-4f7b-8d64-4b1cedb0745f@group-A106A1E3FA9C-LeaderElection103] INFO  server.RaftServerConfigKeys (ConfUtils.java:logGet(43)) - raft.server.staging.catchup.gap = 1000 (default)
2019-10-08 21:42:37,671 [f79a475a-f87d-4dd7-800d-a3fc318e6f3c@group-B2FB7A36E2A4-LeaderElection102] INFO  impl.LeaderElection (LeaderElection.java:logAndReturn(56)) - f79a475a-f87d-4dd7-800d-a3fc318e6f3c@group-B2FB7A36E2A4-LeaderElection102: Election REJECTED; received 2 response(s) [f79a475a-f87d-4dd7-800d-a3fc318e6f3c<-37f282ad-bafe-4016-8440-19fd6e71650b#0:FAIL-t1, f79a475a-f87d-4dd7-800d-a3fc318e6f3c<-d8bec1eb-3a40-4d5f-9cdd-386f74de3faa#0:FAIL-t1] and 0 exception(s); f79a475a-f87d-4dd7-800d-a3fc318e6f3c@group-B2FB7A36E2A4:t1, leader=null, voted=f79a475a-f87d-4dd7-800d-a3fc318e6f3c, raftlog=f79a475a-f87d-4dd7-800d-a3fc318e6f3c@group-B2FB7A36E2A4-SegmentedRaftLog:OPENED:c-1,f-1,i0, conf=-1: [f79a475a-f87d-4dd7-800d-a3fc318e6f3c:192.168.151.107:40831, 37f282ad-bafe-4016-8440-19fd6e71650b:192.168.151.107:40714, d8bec1eb-3a40-4d5f-9cdd-386f74de3faa:192.168.151.107:37030], old=null
2019-10-08 21:42:37,671 [02dfbb81-41fe-4c9c-9f09-786b8c3590a1@group-36C614EE03B0-LeaderElection106] INFO  impl.RaftServerImpl (RaftServerImpl.java:setRole(170)) - 02dfbb81-41fe-4c9c-9f09-786b8c3590a1@group-36C614EE03B0: changes role from CANDIDATE to LEADER at term 1 for changeToLeader
2019-10-08 21:42:37,672 [f79a475a-f87d-4dd7-800d-a3fc318e6f3c@group-B2FB7A36E2A4-LeaderElection102] INFO  impl.RaftServerImpl (RaftServerImpl.java:setRole(170)) - f79a475a-f87d-4dd7-800d-a3fc318e6f3c@group-B2FB7A36E2A4: changes role from CANDIDATE to FOLLOWER at term 1 for DISCOVERED_A_NEW_TERM
2019-10-08 21:42:37,672 [cd004493-3f35-4f7b-8d64-4b1cedb0745f@group-A106A1E3FA9C-LeaderElection103] INFO  server.RaftServerConfigKeys (ConfUtils.java:logGet(43)) - raft.server.rpc.sleep.time = 25ms (default)
2019-10-08 21:42:37,672 [9cadff80-323a-4875-a850-3abc17c82d3b@group-327F9DED9526-LeaderElection104] INFO  server.RaftServerConfigKeys (ConfUtils.java:logGet(43)) - raft.server.rpc.sleep.time = 25ms (default)
2019-10-08 21:42:37,672 [Thread-4441] INFO  impl.RoleInfo (RoleInfo.java:updateAndGet(143)) - cd004493-3f35-4f7b-8d64-4b1cedb0745f: start LeaderElection
2019-10-08 21:42:37,676 [9cadff80-323a-4875-a850-3abc17c82d3b@group-327F9DED9526-LeaderElection104] INFO  server.RaftServerConfigKeys (ConfUtils.java:logGet(43)) - raft.server.write.element-limit = 4096 (default)
2019-10-08 21:42:37,676 [cd004493-3f35-4f7b-8d64-4b1cedb0745f@group-A106A1E3FA9C-LeaderElection103] INFO  server.RaftServerConfigKeys (ConfUtils.java:logGet(43)) - raft.server.write.element-limit = 4096 (default)
2019-10-08 21:42:37,674 [f79a475a-f87d-4dd7-800d-a3fc318e6f3c@group-B2FB7A36E2A4-LeaderElection102] INFO  impl.RoleInfo (RoleInfo.java:shutdownLeaderElection(134)) - f79a475a-f87d-4dd7-800d-a3fc318e6f3c: shutdown LeaderElection
2019-10-08 21:42:37,672 [02dfbb81-41fe-4c9c-9f09-786b8c3590a1@group-36C614EE03B0-LeaderElection106] INFO  impl.RaftServerImpl (ServerState.java:setLeader(255)) - 02dfbb81-41fe-4c9c-9f09-786b8c3590a1@group-36C614EE03B0: change Leader from null to 02dfbb81-41fe-4c9c-9f09-786b8c3590a1 at term 1 for becomeLeader, leader elected after 5345ms
2019-10-08 21:42:37,680 [f79a475a-f87d-4dd7-800d-a3fc318e6f3c@group-B2FB7A36E2A4-LeaderElection102] INFO  impl.RoleInfo (RoleInfo.java:updateAndGet(143)) - f79a475a-f87d-4dd7-800d-a3fc318e6f3c: start FollowerState
2019-10-08 21:42:37,677 [cd004493-3f35-4f7b-8d64-4b1cedb0745f@group-A106A1E3FA9C-LeaderElection103] INFO  server.RaftServerConfigKeys (ConfUtils.java:logGet(43)) - raft.server.watch.timeout = 10s (default)
2019-10-08 21:42:37,677 [9cadff80-323a-4875-a850-3abc17c82d3b@group-327F9DED9526-LeaderElection104] INFO  server.RaftServerConfigKeys (ConfUtils.java:logGet(43)) - raft.server.watch.timeout = 10s (default)
2019-10-08 21:42:37,682 [cd004493-3f35-4f7b-8d64-4b1cedb0745f@group-A106A1E3FA9C-LeaderElection103] INFO  server.RaftServerConfigKeys (ConfUtils.java:logGet(43)) - raft.server.watch.timeout.denomination = 1s (default)
2019-10-08 21:42:37,680 [02dfbb81-41fe-4c9c-9f09-786b8c3590a1@group-36C614EE03B0-LeaderElection106] INFO  server.RaftServerConfigKeys (ConfUtils.java:logGet(43)) - raft.server.staging.catchup.gap = 1000 (default)
2019-10-08 21:42:37,684 [02dfbb81-41fe-4c9c-9f09-786b8c3590a1@group-36C614EE03B0-LeaderElection106] INFO  server.RaftServerConfigKeys (ConfUtils.java:logGet(43)) - raft.server.rpc.sleep.time = 25ms (default)
2019-10-08 21:42:37,682 [cd004493-3f35-4f7b-8d64-4b1cedb0745f@group-A106A1E3FA9C-LeaderElection103] INFO  server.RaftServerConfigKeys (ConfUtils.java:logGet(43)) - raft.server.watch.element-limit = 65536 (default)
2019-10-08 21:42:37,682 [9cadff80-323a-4875-a850-3abc17c82d3b@group-327F9DED9526-LeaderElection104] INFO  server.RaftServerConfigKeys (ConfUtils.java:logGet(43)) - raft.server.watch.timeout.denomination = 1s (default)
2019-10-08 21:42:37,684 [02dfbb81-41fe-4c9c-9f09-786b8c3590a1@group-36C614EE03B0-LeaderElection106] INFO  server.RaftServerConfigKeys (ConfUtils.java:logGet(43)) - raft.server.write.element-limit = 4096 (default)
2019-10-08 21:42:37,684 [9cadff80-323a-4875-a850-3abc17c82d3b@group-327F9DED9526-LeaderElection104] INFO  server.RaftServerConfigKeys (ConfUtils.java:logGet(43)) - raft.server.watch.element-limit = 65536 (default)
2019-10-08 21:42:37,684 [02dfbb81-41fe-4c9c-9f09-786b8c3590a1@group-36C614EE03B0-LeaderElection106] INFO  server.RaftServerConfigKeys (ConfUtils.java:logGet(43)) - raft.server.watch.timeout = 10s (default)
2019-10-08 21:42:37,686 [02dfbb81-41fe-4c9c-9f09-786b8c3590a1@group-36C614EE03B0-LeaderElection106] INFO  server.RaftServerConfigKeys (ConfUtils.java:logGet(43)) - raft.server.watch.timeout.denomination = 1s (default)
2019-10-08 21:42:37,686 [02dfbb81-41fe-4c9c-9f09-786b8c3590a1@group-36C614EE03B0-LeaderElection106] INFO  server.RaftServerConfigKeys (ConfUtils.java:logGet(43)) - raft.server.watch.element-limit = 65536 (default)
2019-10-08 21:42:37,692 [9cadff80-323a-4875-a850-3abc17c82d3b@group-268F5F9AA7A0-LeaderElection109] INFO  impl.LeaderElection (LeaderElection.java:askForVotes(178)) - 9cadff80-323a-4875-a850-3abc17c82d3b@group-268F5F9AA7A0-LeaderElection109: begin an election at term 1 for -1: [9cadff80-323a-4875-a850-3abc17c82d3b:192.168.151.107:38629, cd004493-3f35-4f7b-8d64-4b1cedb0745f:192.168.151.107:44169, 02dfbb81-41fe-4c9c-9f09-786b8c3590a1:192.168.151.107:44243], old=null
2019-10-08 21:42:37,692 [37f282ad-bafe-4016-8440-19fd6e71650b@group-B2FB7A36E2A4-LeaderElection105] INFO  impl.LeaderElection (LeaderElection.java:askForVotes(178)) - 37f282ad-bafe-4016-8440-19fd6e71650b@group-B2FB7A36E2A4-LeaderElection105: begin an election at term 2 for -1: [f79a475a-f87d-4dd7-800d-a3fc318e6f3c:192.168.151.107:40831, 37f282ad-bafe-4016-8440-19fd6e71650b:192.168.151.107:40714, d8bec1eb-3a40-4d5f-9cdd-386f74de3faa:192.168.151.107:37030], old=null
2019-10-08 21:42:37,705 [cd004493-3f35-4f7b-8d64-4b1cedb0745f@group-268F5F9AA7A0-LeaderElection110] INFO  impl.LeaderElection (LeaderElection.java:askForVotes(178)) - cd004493-3f35-4f7b-8d64-4b1cedb0745f@group-268F5F9AA7A0-LeaderElection110: begin an election at term 1 for -1: [9cadff80-323a-4875-a850-3abc17c82d3b:192.168.151.107:38629, cd004493-3f35-4f7b-8d64-4b1cedb0745f:192.168.151.107:44169, 02dfbb81-41fe-4c9c-9f09-786b8c3590a1:192.168.151.107:44243], old=null
2019-10-08 21:42:37,706 [37f282ad-bafe-4016-8440-19fd6e71650b@group-B2FB7A36E2A4-LeaderElection105] INFO  impl.LeaderElection (LeaderElection.java:logAndReturn(56)) - 37f282ad-bafe-4016-8440-19fd6e71650b@group-B2FB7A36E2A4-LeaderElection105: Election REJECTED; received 0 response(s) [] and 0 exception(s); 37f282ad-bafe-4016-8440-19fd6e71650b@group-B2FB7A36E2A4:t2, leader=null, voted=37f282ad-bafe-4016-8440-19fd6e71650b, raftlog=37f282ad-bafe-4016-8440-19fd6e71650b@group-B2FB7A36E2A4-SegmentedRaftLog:OPENED:c-1,f-1,i0, conf=-1: [f79a475a-f87d-4dd7-800d-a3fc318e6f3c:192.168.151.107:40831, 37f282ad-bafe-4016-8440-19fd6e71650b:192.168.151.107:40714, d8bec1eb-3a40-4d5f-9cdd-386f74de3faa:192.168.151.107:37030], old=null
2019-10-08 21:42:37,706 [cd004493-3f35-4f7b-8d64-4b1cedb0745f@group-A106A1E3FA9C-LeaderElection103] INFO  impl.RoleInfo (RoleInfo.java:updateAndGet(143)) - cd004493-3f35-4f7b-8d64-4b1cedb0745f: start LeaderState
2019-10-08 21:42:37,707 [cd004493-3f35-4f7b-8d64-4b1cedb0745f@group-A106A1E3FA9C-LeaderElection103] INFO  segmented.SegmentedRaftLogWorker (SegmentedRaftLogWorker.java:startLogSegment(385)) - cd004493-3f35-4f7b-8d64-4b1cedb0745f@group-A106A1E3FA9C-SegmentedRaftLogWorker: Starting segment from index:0
2019-10-08 21:42:37,707 [9cadff80-323a-4875-a850-3abc17c82d3b@group-327F9DED9526-LeaderElection104] INFO  impl.RoleInfo (RoleInfo.java:updateAndGet(143)) - 9cadff80-323a-4875-a850-3abc17c82d3b: start LeaderState
2019-10-08 21:42:37,711 [9cadff80-323a-4875-a850-3abc17c82d3b@group-327F9DED9526-LeaderElection104] INFO  segmented.SegmentedRaftLogWorker (SegmentedRaftLogWorker.java:startLogSegment(385)) - 9cadff80-323a-4875-a850-3abc17c82d3b@group-327F9DED9526-SegmentedRaftLogWorker: Starting segment from index:0
2019-10-08 21:42:37,711 [02dfbb81-41fe-4c9c-9f09-786b8c3590a1@group-36C614EE03B0-LeaderElection106] INFO  impl.RoleInfo (RoleInfo.java:updateAndGet(143)) - 02dfbb81-41fe-4c9c-9f09-786b8c3590a1: start LeaderState
2019-10-08 21:42:37,712 [9cadff80-323a-4875-a850-3abc17c82d3b@group-327F9DED9526-LeaderElection104] INFO  impl.RaftServerImpl (ServerState.java:setRaftConf(356)) - 9cadff80-323a-4875-a850-3abc17c82d3b@group-327F9DED9526: set configuration 0: [9cadff80-323a-4875-a850-3abc17c82d3b:192.168.151.107:38629], old=null at 0
2019-10-08 21:42:37,712 [02dfbb81-41fe-4c9c-9f09-786b8c3590a1@group-36C614EE03B0-LeaderElection106] INFO  segmented.SegmentedRaftLogWorker (SegmentedRaftLogWorker.java:startLogSegment(385)) - 02dfbb81-41fe-4c9c-9f09-786b8c3590a1@group-36C614EE03B0-SegmentedRaftLogWorker: Starting segment from index:0
2019-10-08 21:42:37,712 [cd004493-3f35-4f7b-8d64-4b1cedb0745f@group-A106A1E3FA9C-LeaderElection103] INFO  impl.RaftServerImpl (ServerState.java:setRaftConf(356)) - cd004493-3f35-4f7b-8d64-4b1cedb0745f@group-A106A1E3FA9C: set configuration 0: [cd004493-3f35-4f7b-8d64-4b1cedb0745f:192.168.151.107:44169], old=null at 0
2019-10-08 21:42:37,712 [grpc-default-executor-4] INFO  impl.RaftServerImpl (RaftServerImpl.java:setRole(170)) - d8bec1eb-3a40-4d5f-9cdd-386f74de3faa@group-B2FB7A36E2A4: changes role from  FOLLOWER to FOLLOWER at term 2 for recognizeCandidate:37f282ad-bafe-4016-8440-19fd6e71650b
2019-10-08 21:42:37,712 [grpc-default-executor-4] INFO  impl.RoleInfo (RoleInfo.java:shutdownFollowerState(121)) - d8bec1eb-3a40-4d5f-9cdd-386f74de3faa: shutdown FollowerState
2019-10-08 21:42:37,713 [02dfbb81-41fe-4c9c-9f09-786b8c3590a1@group-36C614EE03B0-LeaderElection106] INFO  impl.RaftServerImpl (ServerState.java:setRaftConf(356)) - 02dfbb81-41fe-4c9c-9f09-786b8c3590a1@group-36C614EE03B0: set configuration 0: [02dfbb81-41fe-4c9c-9f09-786b8c3590a1:192.168.151.107:44243], old=null at 0
2019-10-08 21:42:37,713 [grpc-default-executor-11] INFO  impl.RaftServerImpl (RaftServerImpl.java:setRole(170)) - f79a475a-f87d-4dd7-800d-a3fc318e6f3c@group-B2FB7A36E2A4: changes role from  FOLLOWER to FOLLOWER at term 2 for recognizeCandidate:37f282ad-bafe-4016-8440-19fd6e71650b
2019-10-08 21:42:37,713 [Thread-4477] INFO  impl.FollowerState (FollowerState.java:run(117)) - d8bec1eb-3a40-4d5f-9cdd-386f74de3faa@group-B2FB7A36E2A4-FollowerState was interrupted: java.lang.InterruptedException: sleep interrupted
2019-10-08 21:42:37,713 [grpc-default-executor-4] INFO  impl.RoleInfo (RoleInfo.java:updateAndGet(143)) - d8bec1eb-3a40-4d5f-9cdd-386f74de3faa: start FollowerState
2019-10-08 21:42:37,713 [grpc-default-executor-11] INFO  impl.RoleInfo (RoleInfo.java:shutdownFollowerState(121)) - f79a475a-f87d-4dd7-800d-a3fc318e6f3c: shutdown FollowerState
2019-10-08 21:42:37,714 [grpc-default-executor-11] INFO  impl.RoleInfo (RoleInfo.java:updateAndGet(143)) - f79a475a-f87d-4dd7-800d-a3fc318e6f3c: start FollowerState
2019-10-08 21:42:37,749 [Thread-4484] INFO  impl.FollowerState (FollowerState.java:run(117)) - f79a475a-f87d-4dd7-800d-a3fc318e6f3c@group-B2FB7A36E2A4-FollowerState was interrupted: java.lang.InterruptedException: sleep interrupted
2019-10-08 21:42:37,763 [02dfbb81-41fe-4c9c-9f09-786b8c3590a1@group-36C614EE03B0-SegmentedRaftLogWorker] INFO  segmented.SegmentedRaftLogWorker (SegmentedRaftLogWorker.java:execute(574)) - 02dfbb81-41fe-4c9c-9f09-786b8c3590a1@group-36C614EE03B0-SegmentedRaftLogWorker: created new log segment /workdir/hadoop-ozone/integration-test/target/test-dir/MiniOzoneClusterImpl-a786e4cc-4f7e-42c9-bee1-c977ab225390/datanode-3/data/ratis/7fd9d292-c6af-4cc6-9295-36c614ee03b0/current/log_inprogress_0
2019-10-08 21:42:37,763 [9cadff80-323a-4875-a850-3abc17c82d3b@group-268F5F9AA7A0-LeaderElection109] INFO  impl.LeaderElection (LeaderElection.java:logAndReturn(56)) - 9cadff80-323a-4875-a850-3abc17c82d3b@group-268F5F9AA7A0-LeaderElection109: Election REJECTED; received 2 response(s) [9cadff80-323a-4875-a850-3abc17c82d3b<-cd004493-3f35-4f7b-8d64-4b1cedb0745f#0:FAIL-t1, 9cadff80-323a-4875-a850-3abc17c82d3b<-02dfbb81-41fe-4c9c-9f09-786b8c3590a1#0:FAIL-t1] and 0 exception(s); 9cadff80-323a-4875-a850-3abc17c82d3b@group-268F5F9AA7A0:t1, leader=null, voted=9cadff80-323a-4875-a850-3abc17c82d3b, raftlog=9cadff80-323a-4875-a850-3abc17c82d3b@group-268F5F9AA7A0-SegmentedRaftLog:OPENED:c-1,f-1,i0, conf=-1: [9cadff80-323a-4875-a850-3abc17c82d3b:192.168.151.107:38629, cd004493-3f35-4f7b-8d64-4b1cedb0745f:192.168.151.107:44169, 02dfbb81-41fe-4c9c-9f09-786b8c3590a1:192.168.151.107:44243], old=null
2019-10-08 21:42:37,763 [cd004493-3f35-4f7b-8d64-4b1cedb0745f@group-A106A1E3FA9C-SegmentedRaftLogWorker] INFO  segmented.SegmentedRaftLogWorker (SegmentedRaftLogWorker.java:execute(574)) - cd004493-3f35-4f7b-8d64-4b1cedb0745f@group-A106A1E3FA9C-SegmentedRaftLogWorker: created new log segment /workdir/hadoop-ozone/integration-test/target/test-dir/MiniOzoneClusterImpl-a786e4cc-4f7e-42c9-bee1-c977ab225390/datanode-5/data/ratis/3f7642f9-abad-4dbc-b0c8-a106a1e3fa9c/current/log_inprogress_0
2019-10-08 21:42:37,763 [9cadff80-323a-4875-a850-3abc17c82d3b@group-327F9DED9526-SegmentedRaftLogWorker] INFO  segmented.SegmentedRaftLogWorker (SegmentedRaftLogWorker.java:execute(574)) - 9cadff80-323a-4875-a850-3abc17c82d3b@group-327F9DED9526-SegmentedRaftLogWorker: created new log segment /workdir/hadoop-ozone/integration-test/target/test-dir/MiniOzoneClusterImpl-a786e4cc-4f7e-42c9-bee1-c977ab225390/datanode-4/data/ratis/0007baee-d7b2-4f3d-ac6f-327f9ded9526/current/log_inprogress_0
2019-10-08 21:42:37,764 [9cadff80-323a-4875-a850-3abc17c82d3b@group-268F5F9AA7A0-LeaderElection109] INFO  impl.RaftServerImpl (RaftServerImpl.java:setRole(170)) - 9cadff80-323a-4875-a850-3abc17c82d3b@group-268F5F9AA7A0: changes role from CANDIDATE to FOLLOWER at term 1 for DISCOVERED_A_NEW_TERM
2019-10-08 21:42:37,766 [9cadff80-323a-4875-a850-3abc17c82d3b@group-268F5F9AA7A0-LeaderElection109] INFO  impl.RoleInfo (RoleInfo.java:shutdownLeaderElection(134)) - 9cadff80-323a-4875-a850-3abc17c82d3b: shutdown LeaderElection
2019-10-08 21:42:37,764 [cd004493-3f35-4f7b-8d64-4b1cedb0745f@group-268F5F9AA7A0-LeaderElection110] INFO  impl.LeaderElection (LeaderElection.java:logAndReturn(56)) - cd004493-3f35-4f7b-8d64-4b1cedb0745f@group-268F5F9AA7A0-LeaderElection110: Election REJECTED; received 2 response(s) [cd004493-3f35-4f7b-8d64-4b1cedb0745f<-9cadff80-323a-4875-a850-3abc17c82d3b#0:FAIL-t1, cd004493-3f35-4f7b-8d64-4b1cedb0745f<-02dfbb81-41fe-4c9c-9f09-786b8c3590a1#0:FAIL-t1] and 0 exception(s); cd004493-3f35-4f7b-8d64-4b1cedb0745f@group-268F5F9AA7A0:t1, leader=null, voted=cd004493-3f35-4f7b-8d64-4b1cedb0745f, raftlog=cd004493-3f35-4f7b-8d64-4b1cedb0745f@group-268F5F9AA7A0-SegmentedRaftLog:OPENED:c-1,f-1,i0, conf=-1: [9cadff80-323a-4875-a850-3abc17c82d3b:192.168.151.107:38629, cd004493-3f35-4f7b-8d64-4b1cedb0745f:192.168.151.107:44169, 02dfbb81-41fe-4c9c-9f09-786b8c3590a1:192.168.151.107:44243], old=null
2019-10-08 21:42:37,766 [9cadff80-323a-4875-a850-3abc17c82d3b@group-268F5F9AA7A0-LeaderElection109] INFO  impl.RoleInfo (RoleInfo.java:updateAndGet(143)) - 9cadff80-323a-4875-a850-3abc17c82d3b: start FollowerState
2019-10-08 21:42:37,766 [cd004493-3f35-4f7b-8d64-4b1cedb0745f@group-268F5F9AA7A0-LeaderElection110] INFO  impl.RaftServerImpl (RaftServerImpl.java:setRole(170)) - cd004493-3f35-4f7b-8d64-4b1cedb0745f@group-268F5F9AA7A0: changes role from CANDIDATE to FOLLOWER at term 1 for DISCOVERED_A_NEW_TERM
2019-10-08 21:42:37,769 [cd004493-3f35-4f7b-8d64-4b1cedb0745f@group-268F5F9AA7A0-LeaderElection110] INFO  impl.RoleInfo (RoleInfo.java:shutdownLeaderElection(134)) - cd004493-3f35-4f7b-8d64-4b1cedb0745f: shutdown LeaderElection
2019-10-08 21:42:37,769 [cd004493-3f35-4f7b-8d64-4b1cedb0745f@group-268F5F9AA7A0-LeaderElection110] INFO  impl.RoleInfo (RoleInfo.java:updateAndGet(143)) - cd004493-3f35-4f7b-8d64-4b1cedb0745f: start FollowerState
2019-10-08 21:42:37,771 [02dfbb81-41fe-4c9c-9f09-786b8c3590a1@group-268F5F9AA7A0-LeaderElection108] INFO  impl.LeaderElection (LeaderElection.java:logAndReturn(56)) - 02dfbb81-41fe-4c9c-9f09-786b8c3590a1@group-268F5F9AA7A0-LeaderElection108: Election REJECTED; received 2 response(s) [02dfbb81-41fe-4c9c-9f09-786b8c3590a1<-9cadff80-323a-4875-a850-3abc17c82d3b#0:FAIL-t1, 02dfbb81-41fe-4c9c-9f09-786b8c3590a1<-cd004493-3f35-4f7b-8d64-4b1cedb0745f#0:FAIL-t1] and 0 exception(s); 02dfbb81-41fe-4c9c-9f09-786b8c3590a1@group-268F5F9AA7A0:t1, leader=null, voted=02dfbb81-41fe-4c9c-9f09-786b8c3590a1, raftlog=02dfbb81-41fe-4c9c-9f09-786b8c3590a1@group-268F5F9AA7A0-SegmentedRaftLog:OPENED:c-1,f-1,i0, conf=-1: [9cadff80-323a-4875-a850-3abc17c82d3b:192.168.151.107:38629, cd004493-3f35-4f7b-8d64-4b1cedb0745f:192.168.151.107:44169, 02dfbb81-41fe-4c9c-9f09-786b8c3590a1:192.168.151.107:44243], old=null
2019-10-08 21:42:37,771 [02dfbb81-41fe-4c9c-9f09-786b8c3590a1@group-268F5F9AA7A0-LeaderElection108] INFO  impl.RaftServerImpl (RaftServerImpl.java:setRole(170)) - 02dfbb81-41fe-4c9c-9f09-786b8c3590a1@group-268F5F9AA7A0: changes role from CANDIDATE to FOLLOWER at term 1 for DISCOVERED_A_NEW_TERM
2019-10-08 21:42:37,771 [02dfbb81-41fe-4c9c-9f09-786b8c3590a1@group-268F5F9AA7A0-LeaderElection108] INFO  impl.RoleInfo (RoleInfo.java:shutdownLeaderElection(134)) - 02dfbb81-41fe-4c9c-9f09-786b8c3590a1: shutdown LeaderElection
2019-10-08 21:42:37,772 [02dfbb81-41fe-4c9c-9f09-786b8c3590a1@group-268F5F9AA7A0-LeaderElection108] INFO  impl.RoleInfo (RoleInfo.java:updateAndGet(143)) - 02dfbb81-41fe-4c9c-9f09-786b8c3590a1: start FollowerState
2019-10-08 21:42:42,754 [Thread-4474] INFO  impl.FollowerState (FollowerState.java:run(108)) - 37f282ad-bafe-4016-8440-19fd6e71650b@group-B2FB7A36E2A4-FollowerState: change to CANDIDATE, lastRpcTime:5176ms, electionTimeout:5153ms
2019-10-08 21:42:42,759 [Thread-4474] INFO  impl.RoleInfo (RoleInfo.java:shutdownFollowerState(121)) - 37f282ad-bafe-4016-8440-19fd6e71650b: shutdown FollowerState
2019-10-08 21:42:42,759 [Thread-4474] INFO  impl.RaftServerImpl (RaftServerImpl.java:setRole(170)) - 37f282ad-bafe-4016-8440-19fd6e71650b@group-B2FB7A36E2A4: changes role from  FOLLOWER to CANDIDATE at term 2 for changeToCandidate
2019-10-08 21:42:42,759 [Thread-4474] INFO  impl.RoleInfo (RoleInfo.java:updateAndGet(143)) - 37f282ad-bafe-4016-8440-19fd6e71650b: start LeaderElection
2019-10-08 21:42:42,763 [Thread-4493] INFO  impl.FollowerState (FollowerState.java:run(108)) - d8bec1eb-3a40-4d5f-9cdd-386f74de3faa@group-B2FB7A36E2A4-FollowerState: change to CANDIDATE, lastRpcTime:5049ms, electionTimeout:5049ms
2019-10-08 21:42:42,763 [Thread-4493] INFO  impl.RoleInfo (RoleInfo.java:shutdownFollowerState(121)) - d8bec1eb-3a40-4d5f-9cdd-386f74de3faa: shutdown FollowerState
2019-10-08 21:42:42,763 [Thread-4493] INFO  impl.RaftServerImpl (RaftServerImpl.java:setRole(170)) - d8bec1eb-3a40-4d5f-9cdd-386f74de3faa@group-B2FB7A36E2A4: changes role from  FOLLOWER to CANDIDATE at term 2 for changeToCandidate
2019-10-08 21:42:42,763 [Thread-4493] INFO  impl.RoleInfo (RoleInfo.java:updateAndGet(143)) - d8bec1eb-3a40-4d5f-9cdd-386f74de3faa: start LeaderElection
2019-10-08 21:42:42,791 [37f282ad-bafe-4016-8440-19fd6e71650b@group-B2FB7A36E2A4-LeaderElection111] INFO  impl.LeaderElection (LeaderElection.java:askForVotes(178)) - 37f282ad-bafe-4016-8440-19fd6e71650b@group-B2FB7A36E2A4-LeaderElection111: begin an election at term 3 for -1: [f79a475a-f87d-4dd7-800d-a3fc318e6f3c:192.168.151.107:40831, 37f282ad-bafe-4016-8440-19fd6e71650b:192.168.151.107:40714, d8bec1eb-3a40-4d5f-9cdd-386f74de3faa:192.168.151.107:37030], old=null
2019-10-08 21:42:42,791 [d8bec1eb-3a40-4d5f-9cdd-386f74de3faa@group-B2FB7A36E2A4-LeaderElection112] INFO  impl.LeaderElection (LeaderElection.java:askForVotes(178)) - d8bec1eb-3a40-4d5f-9cdd-386f74de3faa@group-B2FB7A36E2A4-LeaderElection112: begin an election at term 3 for -1: [f79a475a-f87d-4dd7-800d-a3fc318e6f3c:192.168.151.107:40831, 37f282ad-bafe-4016-8440-19fd6e71650b:192.168.151.107:40714, d8bec1eb-3a40-4d5f-9cdd-386f74de3faa:192.168.151.107:37030], old=null
2019-10-08 21:42:42,795 [grpc-default-executor-4] INFO  impl.RaftServerImpl (RaftServerImpl.java:setRole(170)) - f79a475a-f87d-4dd7-800d-a3fc318e6f3c@group-B2FB7A36E2A4: changes role from  FOLLOWER to FOLLOWER at term 3 for recognizeCandidate:d8bec1eb-3a40-4d5f-9cdd-386f74de3faa
2019-10-08 21:42:42,796 [grpc-default-executor-4] INFO  impl.RoleInfo (RoleInfo.java:shutdownFollowerState(121)) - f79a475a-f87d-4dd7-800d-a3fc318e6f3c: shutdown FollowerState
2019-10-08 21:42:42,796 [grpc-default-executor-4] INFO  impl.RoleInfo (RoleInfo.java:updateAndGet(143)) - f79a475a-f87d-4dd7-800d-a3fc318e6f3c: start FollowerState
2019-10-08 21:42:42,796 [Thread-4495] INFO  impl.FollowerState (FollowerState.java:run(117)) - f79a475a-f87d-4dd7-800d-a3fc318e6f3c@group-B2FB7A36E2A4-FollowerState was interrupted: java.lang.InterruptedException: sleep interrupted
2019-10-08 21:42:42,820 [d8bec1eb-3a40-4d5f-9cdd-386f74de3faa@group-B2FB7A36E2A4-LeaderElection112] INFO  impl.LeaderElection (LeaderElection.java:logAndReturn(56)) - d8bec1eb-3a40-4d5f-9cdd-386f74de3faa@group-B2FB7A36E2A4-LeaderElection112: Election PASSED; received 2 response(s) [d8bec1eb-3a40-4d5f-9cdd-386f74de3faa<-f79a475a-f87d-4dd7-800d-a3fc318e6f3c#0:OK-t3, d8bec1eb-3a40-4d5f-9cdd-386f74de3faa<-37f282ad-bafe-4016-8440-19fd6e71650b#0:FAIL-t3] and 0 exception(s); d8bec1eb-3a40-4d5f-9cdd-386f74de3faa@group-B2FB7A36E2A4:t3, leader=null, voted=d8bec1eb-3a40-4d5f-9cdd-386f74de3faa, raftlog=d8bec1eb-3a40-4d5f-9cdd-386f74de3faa@group-B2FB7A36E2A4-SegmentedRaftLog:OPENED:c-1,f-1,i0, conf=-1: [f79a475a-f87d-4dd7-800d-a3fc318e6f3c:192.168.151.107:40831, 37f282ad-bafe-4016-8440-19fd6e71650b:192.168.151.107:40714, d8bec1eb-3a40-4d5f-9cdd-386f74de3faa:192.168.151.107:37030], old=null
2019-10-08 21:42:42,820 [37f282ad-bafe-4016-8440-19fd6e71650b@group-B2FB7A36E2A4-LeaderElection111] INFO  impl.LeaderElection (LeaderElection.java:logAndReturn(56)) - 37f282ad-bafe-4016-8440-19fd6e71650b@group-B2FB7A36E2A4-LeaderElection111: Election REJECTED; received 2 response(s) [37f282ad-bafe-4016-8440-19fd6e71650b<-f79a475a-f87d-4dd7-800d-a3fc318e6f3c#0:FAIL-t3, 37f282ad-bafe-4016-8440-19fd6e71650b<-d8bec1eb-3a40-4d5f-9cdd-386f74de3faa#0:FAIL-t3] and 0 exception(s); 37f282ad-bafe-4016-8440-19fd6e71650b@group-B2FB7A36E2A4:t3, leader=null, voted=37f282ad-bafe-4016-8440-19fd6e71650b, raftlog=37f282ad-bafe-4016-8440-19fd6e71650b@group-B2FB7A36E2A4-SegmentedRaftLog:OPENED:c-1,f-1,i0, conf=-1: [f79a475a-f87d-4dd7-800d-a3fc318e6f3c:192.168.151.107:40831, 37f282ad-bafe-4016-8440-19fd6e71650b:192.168.151.107:40714, d8bec1eb-3a40-4d5f-9cdd-386f74de3faa:192.168.151.107:37030], old=null
2019-10-08 21:42:42,820 [d8bec1eb-3a40-4d5f-9cdd-386f74de3faa@group-B2FB7A36E2A4-LeaderElection112] INFO  impl.RoleInfo (RoleInfo.java:shutdownLeaderElection(134)) - d8bec1eb-3a40-4d5f-9cdd-386f74de3faa: shutdown LeaderElection
2019-10-08 21:42:42,824 [d8bec1eb-3a40-4d5f-9cdd-386f74de3faa@group-B2FB7A36E2A4-LeaderElection112] INFO  impl.RaftServerImpl (RaftServerImpl.java:setRole(170)) - d8bec1eb-3a40-4d5f-9cdd-386f74de3faa@group-B2FB7A36E2A4: changes role from CANDIDATE to LEADER at term 3 for changeToLeader
2019-10-08 21:42:42,824 [d8bec1eb-3a40-4d5f-9cdd-386f74de3faa@group-B2FB7A36E2A4-LeaderElection112] INFO  impl.RaftServerImpl (ServerState.java:setLeader(255)) - d8bec1eb-3a40-4d5f-9cdd-386f74de3faa@group-B2FB7A36E2A4: change Leader from null to d8bec1eb-3a40-4d5f-9cdd-386f74de3faa at term 3 for becomeLeader, leader elected after 10556ms
2019-10-08 21:42:42,824 [d8bec1eb-3a40-4d5f-9cdd-386f74de3faa@group-B2FB7A36E2A4-LeaderElection112] INFO  server.RaftServerConfigKeys (ConfUtils.java:logGet(43)) - raft.server.staging.catchup.gap = 1000 (default)
2019-10-08 21:42:42,824 [d8bec1eb-3a40-4d5f-9cdd-386f74de3faa@group-B2FB7A36E2A4-LeaderElection112] INFO  server.RaftServerConfigKeys (ConfUtils.java:logGet(43)) - raft.server.rpc.sleep.time = 25ms (default)
2019-10-08 21:42:42,825 [d8bec1eb-3a40-4d5f-9cdd-386f74de3faa@group-B2FB7A36E2A4-LeaderElection112] INFO  server.RaftServerConfigKeys (ConfUtils.java:logGet(43)) - raft.server.write.element-limit = 4096 (default)
2019-10-08 21:42:42,825 [d8bec1eb-3a40-4d5f-9cdd-386f74de3faa@group-B2FB7A36E2A4-LeaderElection112] INFO  server.RaftServerConfigKeys (ConfUtils.java:logGet(43)) - raft.server.watch.timeout = 10s (default)
2019-10-08 21:42:42,825 [d8bec1eb-3a40-4d5f-9cdd-386f74de3faa@group-B2FB7A36E2A4-LeaderElection112] INFO  server.RaftServerConfigKeys (ConfUtils.java:logGet(43)) - raft.server.watch.timeout.denomination = 1s (default)
2019-10-08 21:42:42,825 [d8bec1eb-3a40-4d5f-9cdd-386f74de3faa@group-B2FB7A36E2A4-LeaderElection112] INFO  server.RaftServerConfigKeys (ConfUtils.java:logGet(43)) - raft.server.watch.element-limit = 65536 (default)
2019-10-08 21:42:42,824 [37f282ad-bafe-4016-8440-19fd6e71650b@group-B2FB7A36E2A4-LeaderElection111] INFO  impl.RaftServerImpl (RaftServerImpl.java:setRole(170)) - 37f282ad-bafe-4016-8440-19fd6e71650b@group-B2FB7A36E2A4: changes role from CANDIDATE to FOLLOWER at term 3 for DISCOVERED_A_NEW_TERM
2019-10-08 21:42:42,842 [37f282ad-bafe-4016-8440-19fd6e71650b@group-B2FB7A36E2A4-LeaderElection111] INFO  impl.RoleInfo (RoleInfo.java:shutdownLeaderElection(134)) - 37f282ad-bafe-4016-8440-19fd6e71650b: shutdown LeaderElection
2019-10-08 21:42:42,842 [Thread-4497] INFO  impl.FollowerState (FollowerState.java:run(108)) - cd004493-3f35-4f7b-8d64-4b1cedb0745f@group-268F5F9AA7A0-FollowerState: change to CANDIDATE, lastRpcTime:5073ms, electionTimeout:5067ms
2019-10-08 21:42:42,844 [37f282ad-bafe-4016-8440-19fd6e71650b@group-B2FB7A36E2A4-LeaderElection111] INFO  impl.RoleInfo (RoleInfo.java:updateAndGet(143)) - 37f282ad-bafe-4016-8440-19fd6e71650b: start FollowerState
2019-10-08 21:42:42,845 [Thread-4497] INFO  impl.RoleInfo (RoleInfo.java:shutdownFollowerState(121)) - cd004493-3f35-4f7b-8d64-4b1cedb0745f: shutdown FollowerState
2019-10-08 21:42:42,845 [Thread-4497] INFO  impl.RaftServerImpl (RaftServerImpl.java:setRole(170)) - cd004493-3f35-4f7b-8d64-4b1cedb0745f@group-268F5F9AA7A0: changes role from  FOLLOWER to CANDIDATE at term 1 for changeToCandidate
2019-10-08 21:42:42,845 [Thread-4497] INFO  impl.RoleInfo (RoleInfo.java:updateAndGet(143)) - cd004493-3f35-4f7b-8d64-4b1cedb0745f: start LeaderElection
2019-10-08 21:42:42,848 [d8bec1eb-3a40-4d5f-9cdd-386f74de3faa@group-B2FB7A36E2A4-LeaderElection112] INFO  server.RaftServerConfigKeys (ConfUtils.java:logGet(43)) - raft.server.log.appender.snapshot.chunk.size.max = 16MB (=16777216) (default)
2019-10-08 21:42:42,849 [d8bec1eb-3a40-4d5f-9cdd-386f74de3faa@group-B2FB7A36E2A4-LeaderElection112] INFO  server.RaftServerConfigKeys (ConfUtils.java:logGet(43)) - raft.server.log.appender.buffer.byte-limit = 33554432 (custom)
2019-10-08 21:42:42,849 [d8bec1eb-3a40-4d5f-9cdd-386f74de3faa@group-B2FB7A36E2A4-LeaderElection112] INFO  server.RaftServerConfigKeys (ConfUtils.java:logGet(43)) - raft.server.log.appender.buffer.element-limit = 1 (custom)
2019-10-08 21:42:42,849 [d8bec1eb-3a40-4d5f-9cdd-386f74de3faa@group-B2FB7A36E2A4-LeaderElection112] INFO  grpc.GrpcConfigKeys$Server (ConfUtils.java:logGet(43)) - raft.grpc.server.leader.outstanding.appends.max = 128 (default)
2019-10-08 21:42:42,849 [d8bec1eb-3a40-4d5f-9cdd-386f74de3faa@group-B2FB7A36E2A4-LeaderElection112] INFO  server.RaftServerConfigKeys (ConfUtils.java:logGet(43)) - raft.server.rpc.request.timeout = 3000ms (default)
2019-10-08 21:42:42,849 [d8bec1eb-3a40-4d5f-9cdd-386f74de3faa@group-B2FB7A36E2A4-LeaderElection112] INFO  server.RaftServerConfigKeys (ConfUtils.java:logGet(43)) - raft.server.log.appender.install.snapshot.enabled = false (custom)
2019-10-08 21:42:42,850 [d8bec1eb-3a40-4d5f-9cdd-386f74de3faa@group-B2FB7A36E2A4-LeaderElection112] INFO  server.RaftServerConfigKeys (ConfUtils.java:logGet(43)) - raft.server.log.appender.snapshot.chunk.size.max = 16MB (=16777216) (default)
2019-10-08 21:42:42,850 [d8bec1eb-3a40-4d5f-9cdd-386f74de3faa@group-B2FB7A36E2A4-LeaderElection112] INFO  server.RaftServerConfigKeys (ConfUtils.java:logGet(43)) - raft.server.log.appender.buffer.byte-limit = 33554432 (custom)
2019-10-08 21:42:42,850 [d8bec1eb-3a40-4d5f-9cdd-386f74de3faa@group-B2FB7A36E2A4-LeaderElection112] INFO  server.RaftServerConfigKeys (ConfUtils.java:logGet(43)) - raft.server.log.appender.buffer.element-limit = 1 (custom)
2019-10-08 21:42:42,850 [d8bec1eb-3a40-4d5f-9cdd-386f74de3faa@group-B2FB7A36E2A4-LeaderElection112] INFO  grpc.GrpcConfigKeys$Server (ConfUtils.java:logGet(43)) - raft.grpc.server.leader.outstanding.appends.max = 128 (default)
2019-10-08 21:42:42,852 [d8bec1eb-3a40-4d5f-9cdd-386f74de3faa@group-B2FB7A36E2A4-LeaderElection112] INFO  server.RaftServerConfigKeys (ConfUtils.java:logGet(43)) - raft.server.rpc.request.timeout = 3000ms (default)
2019-10-08 21:42:42,852 [d8bec1eb-3a40-4d5f-9cdd-386f74de3faa@group-B2FB7A36E2A4-LeaderElection112] INFO  server.RaftServerConfigKeys (ConfUtils.java:logGet(43)) - raft.server.log.appender.install.snapshot.enabled = false (custom)
2019-10-08 21:42:42,852 [cd004493-3f35-4f7b-8d64-4b1cedb0745f@group-268F5F9AA7A0-LeaderElection113] INFO  impl.LeaderElection (LeaderElection.java:askForVotes(178)) - cd004493-3f35-4f7b-8d64-4b1cedb0745f@group-268F5F9AA7A0-LeaderElection113: begin an election at term 2 for -1: [9cadff80-323a-4875-a850-3abc17c82d3b:192.168.151.107:38629, cd004493-3f35-4f7b-8d64-4b1cedb0745f:192.168.151.107:44169, 02dfbb81-41fe-4c9c-9f09-786b8c3590a1:192.168.151.107:44243], old=null
2019-10-08 21:42:42,853 [d8bec1eb-3a40-4d5f-9cdd-386f74de3faa@group-B2FB7A36E2A4-LeaderElection112] INFO  impl.RoleInfo (RoleInfo.java:updateAndGet(143)) - d8bec1eb-3a40-4d5f-9cdd-386f74de3faa: start LeaderState
2019-10-08 21:42:42,854 [d8bec1eb-3a40-4d5f-9cdd-386f74de3faa@group-B2FB7A36E2A4-LeaderElection112] INFO  segmented.SegmentedRaftLogWorker (SegmentedRaftLogWorker.java:startLogSegment(385)) - d8bec1eb-3a40-4d5f-9cdd-386f74de3faa@group-B2FB7A36E2A4-SegmentedRaftLogWorker: Starting segment from index:0
2019-10-08 21:42:42,854 [grpc-default-executor-4] INFO  impl.RaftServerImpl (RaftServerImpl.java:setRole(170)) - 9cadff80-323a-4875-a850-3abc17c82d3b@group-268F5F9AA7A0: changes role from  FOLLOWER to FOLLOWER at term 2 for recognizeCandidate:cd004493-3f35-4f7b-8d64-4b1cedb0745f
2019-10-08 21:42:42,854 [grpc-default-executor-4] INFO  impl.RoleInfo (RoleInfo.java:shutdownFollowerState(121)) - 9cadff80-323a-4875-a850-3abc17c82d3b: shutdown FollowerState
2019-10-08 21:42:42,855 [grpc-default-executor-9] INFO  impl.RaftServerImpl (RaftServerImpl.java:setRole(170)) - 02dfbb81-41fe-4c9c-9f09-786b8c3590a1@group-268F5F9AA7A0: changes role from  FOLLOWER to FOLLOWER at term 2 for recognizeCandidate:cd004493-3f35-4f7b-8d64-4b1cedb0745f
2019-10-08 21:42:42,855 [grpc-default-executor-9] INFO  impl.RoleInfo (RoleInfo.java:shutdownFollowerState(121)) - 02dfbb81-41fe-4c9c-9f09-786b8c3590a1: shutdown FollowerState
2019-10-08 21:42:42,883 [grpc-default-executor-4] INFO  impl.RoleInfo (RoleInfo.java:updateAndGet(143)) - 9cadff80-323a-4875-a850-3abc17c82d3b: start FollowerState
2019-10-08 21:42:42,855 [d8bec1eb-3a40-4d5f-9cdd-386f74de3faa@group-B2FB7A36E2A4-LeaderElection112] INFO  impl.RaftServerImpl (ServerState.java:setRaftConf(356)) - d8bec1eb-3a40-4d5f-9cdd-386f74de3faa@group-B2FB7A36E2A4: set configuration 0: [f79a475a-f87d-4dd7-800d-a3fc318e6f3c:192.168.151.107:40831, 37f282ad-bafe-4016-8440-19fd6e71650b:192.168.151.107:40714, d8bec1eb-3a40-4d5f-9cdd-386f74de3faa:192.168.151.107:37030], old=null at 0
2019-10-08 21:42:42,885 [Thread-4498] INFO  impl.FollowerState (FollowerState.java:run(117)) - 02dfbb81-41fe-4c9c-9f09-786b8c3590a1@group-268F5F9AA7A0-FollowerState was interrupted: java.lang.InterruptedException: sleep interrupted
2019-10-08 21:42:42,886 [d8bec1eb-3a40-4d5f-9cdd-386f74de3faa@group-B2FB7A36E2A4-SegmentedRaftLogWorker] INFO  segmented.SegmentedRaftLogWorker (SegmentedRaftLogWorker.java:execute(574)) - d8bec1eb-3a40-4d5f-9cdd-386f74de3faa@group-B2FB7A36E2A4-SegmentedRaftLogWorker: created new log segment /workdir/hadoop-ozone/integration-test/target/test-dir/MiniOzoneClusterImpl-a786e4cc-4f7e-42c9-bee1-c977ab225390/datanode-2/data/ratis/92fc36b6-e86c-457c-8f1b-b2fb7a36e2a4/current/log_inprogress_0
2019-10-08 21:42:42,883 [Thread-4496] INFO  impl.FollowerState (FollowerState.java:run(117)) - 9cadff80-323a-4875-a850-3abc17c82d3b@group-268F5F9AA7A0-FollowerState was interrupted: java.lang.InterruptedException: sleep interrupted
2019-10-08 21:42:42,883 [grpc-default-executor-9] INFO  impl.RoleInfo (RoleInfo.java:updateAndGet(143)) - 02dfbb81-41fe-4c9c-9f09-786b8c3590a1: start FollowerState
2019-10-08 21:42:42,892 [grpc-default-executor-12] INFO  impl.RaftServerImpl (ServerState.java:setLeader(255)) - 37f282ad-bafe-4016-8440-19fd6e71650b@group-B2FB7A36E2A4: change Leader from null to d8bec1eb-3a40-4d5f-9cdd-386f74de3faa at term 3 for appendEntries, leader elected after 10623ms
2019-10-08 21:42:42,892 [grpc-default-executor-11] INFO  impl.RaftServerImpl (ServerState.java:setLeader(255)) - f79a475a-f87d-4dd7-800d-a3fc318e6f3c@group-B2FB7A36E2A4: change Leader from null to d8bec1eb-3a40-4d5f-9cdd-386f74de3faa at term 3 for appendEntries, leader elected after 10625ms
2019-10-08 21:42:42,894 [grpc-default-executor-12] INFO  impl.RaftServerImpl (ServerState.java:setRaftConf(356)) - 37f282ad-bafe-4016-8440-19fd6e71650b@group-B2FB7A36E2A4: set configuration 0: [f79a475a-f87d-4dd7-800d-a3fc318e6f3c:192.168.151.107:40831, 37f282ad-bafe-4016-8440-19fd6e71650b:192.168.151.107:40714, d8bec1eb-3a40-4d5f-9cdd-386f74de3faa:192.168.151.107:37030], old=null at 0
2019-10-08 21:42:42,894 [grpc-default-executor-12] INFO  segmented.SegmentedRaftLogWorker (SegmentedRaftLogWorker.java:startLogSegment(385)) - 37f282ad-bafe-4016-8440-19fd6e71650b@group-B2FB7A36E2A4-SegmentedRaftLogWorker: Starting segment from index:0
2019-10-08 21:42:42,894 [grpc-default-executor-11] INFO  impl.RaftServerImpl (ServerState.java:setRaftConf(356)) - f79a475a-f87d-4dd7-800d-a3fc318e6f3c@group-B2FB7A36E2A4: set configuration 0: [f79a475a-f87d-4dd7-800d-a3fc318e6f3c:192.168.151.107:40831, 37f282ad-bafe-4016-8440-19fd6e71650b:192.168.151.107:40714, d8bec1eb-3a40-4d5f-9cdd-386f74de3faa:192.168.151.107:37030], old=null at 0
2019-10-08 21:42:42,894 [grpc-default-executor-11] INFO  segmented.SegmentedRaftLogWorker (SegmentedRaftLogWorker.java:startLogSegment(385)) - f79a475a-f87d-4dd7-800d-a3fc318e6f3c@group-B2FB7A36E2A4-SegmentedRaftLogWorker: Starting segment from index:0
2019-10-08 21:42:42,895 [cd004493-3f35-4f7b-8d64-4b1cedb0745f@group-268F5F9AA7A0-LeaderElection113] INFO  impl.LeaderElection (LeaderElection.java:logAndReturn(56)) - cd004493-3f35-4f7b-8d64-4b1cedb0745f@group-268F5F9AA7A0-LeaderElection113: Election PASSED; received 1 response(s) [cd004493-3f35-4f7b-8d64-4b1cedb0745f<-9cadff80-323a-4875-a850-3abc17c82d3b#0:OK-t2] and 0 exception(s); cd004493-3f35-4f7b-8d64-4b1cedb0745f@group-268F5F9AA7A0:t2, leader=null, voted=cd004493-3f35-4f7b-8d64-4b1cedb0745f, raftlog=cd004493-3f35-4f7b-8d64-4b1cedb0745f@group-268F5F9AA7A0-SegmentedRaftLog:OPENED:c-1,f-1,i0, conf=-1: [9cadff80-323a-4875-a850-3abc17c82d3b:192.168.151.107:38629, cd004493-3f35-4f7b-8d64-4b1cedb0745f:192.168.151.107:44169, 02dfbb81-41fe-4c9c-9f09-786b8c3590a1:192.168.151.107:44243], old=null
2019-10-08 21:42:42,896 [cd004493-3f35-4f7b-8d64-4b1cedb0745f@group-268F5F9AA7A0-LeaderElection113] INFO  impl.RoleInfo (RoleInfo.java:shutdownLeaderElection(134)) - cd004493-3f35-4f7b-8d64-4b1cedb0745f: shutdown LeaderElection
2019-10-08 21:42:42,896 [cd004493-3f35-4f7b-8d64-4b1cedb0745f@group-268F5F9AA7A0-LeaderElection113] INFO  impl.RaftServerImpl (RaftServerImpl.java:setRole(170)) - cd004493-3f35-4f7b-8d64-4b1cedb0745f@group-268F5F9AA7A0: changes role from CANDIDATE to LEADER at term 2 for changeToLeader
2019-10-08 21:42:42,896 [cd004493-3f35-4f7b-8d64-4b1cedb0745f@group-268F5F9AA7A0-LeaderElection113] INFO  impl.RaftServerImpl (ServerState.java:setLeader(255)) - cd004493-3f35-4f7b-8d64-4b1cedb0745f@group-268F5F9AA7A0: change Leader from null to cd004493-3f35-4f7b-8d64-4b1cedb0745f at term 2 for becomeLeader, leader elected after 10395ms
2019-10-08 21:42:42,896 [cd004493-3f35-4f7b-8d64-4b1cedb0745f@group-268F5F9AA7A0-LeaderElection113] INFO  server.RaftServerConfigKeys (ConfUtils.java:logGet(43)) - raft.server.staging.catchup.gap = 1000 (default)
2019-10-08 21:42:42,896 [cd004493-3f35-4f7b-8d64-4b1cedb0745f@group-268F5F9AA7A0-LeaderElection113] INFO  server.RaftServerConfigKeys (ConfUtils.java:logGet(43)) - raft.server.rpc.sleep.time = 25ms (default)
2019-10-08 21:42:42,897 [cd004493-3f35-4f7b-8d64-4b1cedb0745f@group-268F5F9AA7A0-LeaderElection113] INFO  server.RaftServerConfigKeys (ConfUtils.java:logGet(43)) - raft.server.write.element-limit = 4096 (default)
2019-10-08 21:42:42,897 [cd004493-3f35-4f7b-8d64-4b1cedb0745f@group-268F5F9AA7A0-LeaderElection113] INFO  server.RaftServerConfigKeys (ConfUtils.java:logGet(43)) - raft.server.watch.timeout = 10s (default)
2019-10-08 21:42:42,897 [cd004493-3f35-4f7b-8d64-4b1cedb0745f@group-268F5F9AA7A0-LeaderElection113] INFO  server.RaftServerConfigKeys (ConfUtils.java:logGet(43)) - raft.server.watch.timeout.denomination = 1s (default)
2019-10-08 21:42:42,897 [cd004493-3f35-4f7b-8d64-4b1cedb0745f@group-268F5F9AA7A0-LeaderElection113] INFO  server.RaftServerConfigKeys (ConfUtils.java:logGet(43)) - raft.server.watch.element-limit = 65536 (default)
2019-10-08 21:42:42,900 [cd004493-3f35-4f7b-8d64-4b1cedb0745f@group-268F5F9AA7A0-LeaderElection113] INFO  server.RaftServerConfigKeys (ConfUtils.java:logGet(43)) - raft.server.log.appender.snapshot.chunk.size.max = 16MB (=16777216) (default)
2019-10-08 21:42:42,900 [cd004493-3f35-4f7b-8d64-4b1cedb0745f@group-268F5F9AA7A0-LeaderElection113] INFO  server.RaftServerConfigKeys (ConfUtils.java:logGet(43)) - raft.server.log.appender.buffer.byte-limit = 33554432 (custom)
2019-10-08 21:42:42,900 [cd004493-3f35-4f7b-8d64-4b1cedb0745f@group-268F5F9AA7A0-LeaderElection113] INFO  server.RaftServerConfigKeys (ConfUtils.java:logGet(43)) - raft.server.log.appender.buffer.element-limit = 1 (custom)
2019-10-08 21:42:42,900 [cd004493-3f35-4f7b-8d64-4b1cedb0745f@group-268F5F9AA7A0-LeaderElection113] INFO  grpc.GrpcConfigKeys$Server (ConfUtils.java:logGet(43)) - raft.grpc.server.leader.outstanding.appends.max = 128 (default)
2019-10-08 21:42:42,924 [cd004493-3f35-4f7b-8d64-4b1cedb0745f@group-268F5F9AA7A0-LeaderElection113] INFO  server.RaftServerConfigKeys (ConfUtils.java:logGet(43)) - raft.server.rpc.request.timeout = 3000ms (default)
2019-10-08 21:42:42,924 [cd004493-3f35-4f7b-8d64-4b1cedb0745f@group-268F5F9AA7A0-LeaderElection113] INFO  server.RaftServerConfigKeys (ConfUtils.java:logGet(43)) - raft.server.log.appender.install.snapshot.enabled = false (custom)
2019-10-08 21:42:42,924 [cd004493-3f35-4f7b-8d64-4b1cedb0745f@group-268F5F9AA7A0-LeaderElection113] INFO  server.RaftServerConfigKeys (ConfUtils.java:logGet(43)) - raft.server.log.appender.snapshot.chunk.size.max = 16MB (=16777216) (default)
2019-10-08 21:42:42,925 [cd004493-3f35-4f7b-8d64-4b1cedb0745f@group-268F5F9AA7A0-LeaderElection113] INFO  server.RaftServerConfigKeys (ConfUtils.java:logGet(43)) - raft.server.log.appender.buffer.byte-limit = 33554432 (custom)
2019-10-08 21:42:42,925 [cd004493-3f35-4f7b-8d64-4b1cedb0745f@group-268F5F9AA7A0-LeaderElection113] INFO  server.RaftServerConfigKeys (ConfUtils.java:logGet(43)) - raft.server.log.appender.buffer.element-limit = 1 (custom)
2019-10-08 21:42:42,925 [cd004493-3f35-4f7b-8d64-4b1cedb0745f@group-268F5F9AA7A0-LeaderElection113] INFO  grpc.GrpcConfigKeys$Server (ConfUtils.java:logGet(43)) - raft.grpc.server.leader.outstanding.appends.max = 128 (default)
2019-10-08 21:42:42,925 [cd004493-3f35-4f7b-8d64-4b1cedb0745f@group-268F5F9AA7A0-LeaderElection113] INFO  server.RaftServerConfigKeys (ConfUtils.java:logGet(43)) - raft.server.rpc.request.timeout = 3000ms (default)
2019-10-08 21:42:42,925 [cd004493-3f35-4f7b-8d64-4b1cedb0745f@group-268F5F9AA7A0-LeaderElection113] INFO  server.RaftServerConfigKeys (ConfUtils.java:logGet(43)) - raft.server.log.appender.install.snapshot.enabled = false (custom)
2019-10-08 21:42:42,925 [cd004493-3f35-4f7b-8d64-4b1cedb0745f@group-268F5F9AA7A0-LeaderElection113] INFO  impl.RoleInfo (RoleInfo.java:updateAndGet(143)) - cd004493-3f35-4f7b-8d64-4b1cedb0745f: start LeaderState
2019-10-08 21:42:42,926 [cd004493-3f35-4f7b-8d64-4b1cedb0745f@group-268F5F9AA7A0-LeaderElection113] INFO  segmented.SegmentedRaftLogWorker (SegmentedRaftLogWorker.java:startLogSegment(385)) - cd004493-3f35-4f7b-8d64-4b1cedb0745f@group-268F5F9AA7A0-SegmentedRaftLogWorker: Starting segment from index:0
2019-10-08 21:42:42,926 [cd004493-3f35-4f7b-8d64-4b1cedb0745f@group-268F5F9AA7A0-LeaderElection113] INFO  impl.RaftServerImpl (ServerState.java:setRaftConf(356)) - cd004493-3f35-4f7b-8d64-4b1cedb0745f@group-268F5F9AA7A0: set configuration 0: [9cadff80-323a-4875-a850-3abc17c82d3b:192.168.151.107:38629, cd004493-3f35-4f7b-8d64-4b1cedb0745f:192.168.151.107:44169, 02dfbb81-41fe-4c9c-9f09-786b8c3590a1:192.168.151.107:44243], old=null at 0
2019-10-08 21:42:42,927 [grpc-default-executor-9] INFO  impl.RaftServerImpl (ServerState.java:setLeader(255)) - 02dfbb81-41fe-4c9c-9f09-786b8c3590a1@group-268F5F9AA7A0: change Leader from null to cd004493-3f35-4f7b-8d64-4b1cedb0745f at term 2 for appendEntries, leader elected after 10426ms
2019-10-08 21:42:42,930 [37f282ad-bafe-4016-8440-19fd6e71650b@group-B2FB7A36E2A4-SegmentedRaftLogWorker] INFO  segmented.SegmentedRaftLogWorker (SegmentedRaftLogWorker.java:execute(574)) - 37f282ad-bafe-4016-8440-19fd6e71650b@group-B2FB7A36E2A4-SegmentedRaftLogWorker: created new log segment /workdir/hadoop-ozone/integration-test/target/test-dir/MiniOzoneClusterImpl-a786e4cc-4f7e-42c9-bee1-c977ab225390/datanode-0/data/ratis/92fc36b6-e86c-457c-8f1b-b2fb7a36e2a4/current/log_inprogress_0
2019-10-08 21:42:42,930 [f79a475a-f87d-4dd7-800d-a3fc318e6f3c@group-B2FB7A36E2A4-SegmentedRaftLogWorker] INFO  segmented.SegmentedRaftLogWorker (SegmentedRaftLogWorker.java:execute(574)) - f79a475a-f87d-4dd7-800d-a3fc318e6f3c@group-B2FB7A36E2A4-SegmentedRaftLogWorker: created new log segment /workdir/hadoop-ozone/integration-test/target/test-dir/MiniOzoneClusterImpl-a786e4cc-4f7e-42c9-bee1-c977ab225390/datanode-1/data/ratis/92fc36b6-e86c-457c-8f1b-b2fb7a36e2a4/current/log_inprogress_0
2019-10-08 21:42:42,930 [grpc-default-executor-4] INFO  impl.RaftServerImpl (ServerState.java:setLeader(255)) - 9cadff80-323a-4875-a850-3abc17c82d3b@group-268F5F9AA7A0: change Leader from null to cd004493-3f35-4f7b-8d64-4b1cedb0745f at term 2 for appendEntries, leader elected after 10429ms
2019-10-08 21:42:42,931 [grpc-default-executor-9] INFO  impl.RaftServerImpl (ServerState.java:setRaftConf(356)) - 02dfbb81-41fe-4c9c-9f09-786b8c3590a1@group-268F5F9AA7A0: set configuration 0: [9cadff80-323a-4875-a850-3abc17c82d3b:192.168.151.107:38629, cd004493-3f35-4f7b-8d64-4b1cedb0745f:192.168.151.107:44169, 02dfbb81-41fe-4c9c-9f09-786b8c3590a1:192.168.151.107:44243], old=null at 0
2019-10-08 21:42:42,932 [grpc-default-executor-9] INFO  segmented.SegmentedRaftLogWorker (SegmentedRaftLogWorker.java:startLogSegment(385)) - 02dfbb81-41fe-4c9c-9f09-786b8c3590a1@group-268F5F9AA7A0-SegmentedRaftLogWorker: Starting segment from index:0
2019-10-08 21:42:42,932 [grpc-default-executor-4] INFO  impl.RaftServerImpl (ServerState.java:setRaftConf(356)) - 9cadff80-323a-4875-a850-3abc17c82d3b@group-268F5F9AA7A0: set configuration 0: [9cadff80-323a-4875-a850-3abc17c82d3b:192.168.151.107:38629, cd004493-3f35-4f7b-8d64-4b1cedb0745f:192.168.151.107:44169, 02dfbb81-41fe-4c9c-9f09-786b8c3590a1:192.168.151.107:44243], old=null at 0
2019-10-08 21:42:42,932 [grpc-default-executor-4] INFO  segmented.SegmentedRaftLogWorker (SegmentedRaftLogWorker.java:startLogSegment(385)) - 9cadff80-323a-4875-a850-3abc17c82d3b@group-268F5F9AA7A0-SegmentedRaftLogWorker: Starting segment from index:0
2019-10-08 21:42:42,958 [cd004493-3f35-4f7b-8d64-4b1cedb0745f@group-268F5F9AA7A0-SegmentedRaftLogWorker] INFO  segmented.SegmentedRaftLogWorker (SegmentedRaftLogWorker.java:execute(574)) - cd004493-3f35-4f7b-8d64-4b1cedb0745f@group-268F5F9AA7A0-SegmentedRaftLogWorker: created new log segment /workdir/hadoop-ozone/integration-test/target/test-dir/MiniOzoneClusterImpl-a786e4cc-4f7e-42c9-bee1-c977ab225390/datanode-5/data/ratis/0c72ea3e-6e0f-43fb-85a8-268f5f9aa7a0/current/log_inprogress_0
2019-10-08 21:42:42,963 [9cadff80-323a-4875-a850-3abc17c82d3b@group-268F5F9AA7A0-SegmentedRaftLogWorker] INFO  segmented.SegmentedRaftLogWorker (SegmentedRaftLogWorker.java:execute(574)) - 9cadff80-323a-4875-a850-3abc17c82d3b@group-268F5F9AA7A0-SegmentedRaftLogWorker: created new log segment /workdir/hadoop-ozone/integration-test/target/test-dir/MiniOzoneClusterImpl-a786e4cc-4f7e-42c9-bee1-c977ab225390/datanode-4/data/ratis/0c72ea3e-6e0f-43fb-85a8-268f5f9aa7a0/current/log_inprogress_0
2019-10-08 21:42:42,968 [02dfbb81-41fe-4c9c-9f09-786b8c3590a1@group-268F5F9AA7A0-SegmentedRaftLogWorker] INFO  segmented.SegmentedRaftLogWorker (SegmentedRaftLogWorker.java:execute(574)) - 02dfbb81-41fe-4c9c-9f09-786b8c3590a1@group-268F5F9AA7A0-SegmentedRaftLogWorker: created new log segment /workdir/hadoop-ozone/integration-test/target/test-dir/MiniOzoneClusterImpl-a786e4cc-4f7e-42c9-bee1-c977ab225390/datanode-3/data/ratis/0c72ea3e-6e0f-43fb-85a8-268f5f9aa7a0/current/log_inprogress_0
2019-10-08 21:42:46,166 [main] WARN  scm.XceiverClientRatis (XceiverClientRatis.java:watchForCommit(269)) - 3 way commit failed on pipeline Pipeline[ Id: 92fc36b6-e86c-457c-8f1b-b2fb7a36e2a4, Nodes: 37f282ad-bafe-4016-8440-19fd6e71650b{ip: 192.168.151.107, host: pr-hdds-2217-2kdk4-3258704453, networkLocation: /default-rack, certSerialId: null}f79a475a-f87d-4dd7-800d-a3fc318e6f3c{ip: 192.168.151.107, host: pr-hdds-2217-2kdk4-3258704453, networkLocation: /default-rack, certSerialId: null}d8bec1eb-3a40-4d5f-9cdd-386f74de3faa{ip: 192.168.151.107, host: pr-hdds-2217-2kdk4-3258704453, networkLocation: /default-rack, certSerialId: null}, Type:RATIS, Factor:THREE, State:OPEN]
java.util.concurrent.TimeoutException
	at java.util.concurrent.CompletableFuture.timedGet(CompletableFuture.java:1771)
	at java.util.concurrent.CompletableFuture.get(CompletableFuture.java:1915)
	at org.apache.hadoop.hdds.scm.XceiverClientRatis.watchForCommit(XceiverClientRatis.java:266)
	at org.apache.hadoop.hdds.scm.storage.CommitWatcher.watchForCommit(CommitWatcher.java:194)
	at org.apache.hadoop.hdds.scm.storage.CommitWatcher.watchOnLastIndex(CommitWatcher.java:157)
	at org.apache.hadoop.hdds.scm.storage.BlockOutputStream.watchForCommit(BlockOutputStream.java:347)
	at org.apache.hadoop.hdds.scm.storage.BlockOutputStream.handleFlush(BlockOutputStream.java:479)
	at org.apache.hadoop.hdds.scm.storage.BlockOutputStream.flush(BlockOutputStream.java:428)
	at org.apache.hadoop.ozone.client.io.BlockOutputStreamEntry.flush(BlockOutputStreamEntry.java:136)
	at org.apache.hadoop.ozone.client.io.KeyOutputStream.handleFlushOrClose(KeyOutputStream.java:443)
	at org.apache.hadoop.ozone.client.io.KeyOutputStream.flush(KeyOutputStream.java:397)
	at org.apache.hadoop.ozone.client.io.OzoneOutputStream.flush(OzoneOutputStream.java:54)
	at org.apache.hadoop.ozone.client.rpc.TestBlockOutputStreamWithFailures.testExceptionDuringClose(TestBlockOutputStreamWithFailures.java:720)
	at sun.reflect.NativeMethodAccessorImpl.invoke0(Native Method)
	at sun.reflect.NativeMethodAccessorImpl.invoke(NativeMethodAccessorImpl.java:62)
	at sun.reflect.DelegatingMethodAccessorImpl.invoke(DelegatingMethodAccessorImpl.java:43)
	at java.lang.reflect.Method.invoke(Method.java:498)
	at org.junit.runners.model.FrameworkMethod$1.runReflectiveCall(FrameworkMethod.java:47)
	at org.junit.internal.runners.model.ReflectiveCallable.run(ReflectiveCallable.java:12)
	at org.junit.runners.model.FrameworkMethod.invokeExplosively(FrameworkMethod.java:44)
	at org.junit.internal.runners.statements.InvokeMethod.evaluate(InvokeMethod.java:17)
	at org.junit.internal.runners.statements.RunBefores.evaluate(RunBefores.java:26)
	at org.junit.internal.runners.statements.RunAfters.evaluate(RunAfters.java:27)
	at org.junit.runners.ParentRunner.runLeaf(ParentRunner.java:271)
	at org.junit.runners.BlockJUnit4ClassRunner.runChild(BlockJUnit4ClassRunner.java:70)
	at org.junit.runners.BlockJUnit4ClassRunner.runChild(BlockJUnit4ClassRunner.java:50)
	at org.junit.runners.ParentRunner$3.run(ParentRunner.java:238)
	at org.junit.runners.ParentRunner$1.schedule(ParentRunner.java:63)
	at org.junit.runners.ParentRunner.runChildren(ParentRunner.java:236)
	at org.junit.runners.ParentRunner.access$000(ParentRunner.java:53)
	at org.junit.runners.ParentRunner$2.evaluate(ParentRunner.java:229)
	at org.junit.runners.ParentRunner.run(ParentRunner.java:309)
	at org.apache.maven.surefire.junit4.JUnit4Provider.execute(JUnit4Provider.java:365)
	at org.apache.maven.surefire.junit4.JUnit4Provider.executeWithRerun(JUnit4Provider.java:273)
	at org.apache.maven.surefire.junit4.JUnit4Provider.executeTestSet(JUnit4Provider.java:238)
	at org.apache.maven.surefire.junit4.JUnit4Provider.invoke(JUnit4Provider.java:159)
	at org.apache.maven.surefire.booter.ForkedBooter.invokeProviderInSameClassLoader(ForkedBooter.java:384)
	at org.apache.maven.surefire.booter.ForkedBooter.runSuitesInProcess(ForkedBooter.java:345)
	at org.apache.maven.surefire.booter.ForkedBooter.execute(ForkedBooter.java:126)
	at org.apache.maven.surefire.booter.ForkedBooter.main(ForkedBooter.java:418)
2019-10-08 21:42:47,168 [main] WARN  storage.CommitWatcher (CommitWatcher.java:watchForCommit(203)) - watchForCommit failed for index 4
java.util.concurrent.TimeoutException
	at java.util.concurrent.CompletableFuture.timedGet(CompletableFuture.java:1771)
	at java.util.concurrent.CompletableFuture.get(CompletableFuture.java:1915)
	at org.apache.hadoop.hdds.scm.XceiverClientRatis.watchForCommit(XceiverClientRatis.java:275)
	at org.apache.hadoop.hdds.scm.storage.CommitWatcher.watchForCommit(CommitWatcher.java:194)
	at org.apache.hadoop.hdds.scm.storage.CommitWatcher.watchOnLastIndex(CommitWatcher.java:157)
	at org.apache.hadoop.hdds.scm.storage.BlockOutputStream.watchForCommit(BlockOutputStream.java:347)
	at org.apache.hadoop.hdds.scm.storage.BlockOutputStream.handleFlush(BlockOutputStream.java:479)
	at org.apache.hadoop.hdds.scm.storage.BlockOutputStream.flush(BlockOutputStream.java:428)
	at org.apache.hadoop.ozone.client.io.BlockOutputStreamEntry.flush(BlockOutputStreamEntry.java:136)
	at org.apache.hadoop.ozone.client.io.KeyOutputStream.handleFlushOrClose(KeyOutputStream.java:443)
	at org.apache.hadoop.ozone.client.io.KeyOutputStream.flush(KeyOutputStream.java:397)
	at org.apache.hadoop.ozone.client.io.OzoneOutputStream.flush(OzoneOutputStream.java:54)
	at org.apache.hadoop.ozone.client.rpc.TestBlockOutputStreamWithFailures.testExceptionDuringClose(TestBlockOutputStreamWithFailures.java:720)
	at sun.reflect.NativeMethodAccessorImpl.invoke0(Native Method)
	at sun.reflect.NativeMethodAccessorImpl.invoke(NativeMethodAccessorImpl.java:62)
	at sun.reflect.DelegatingMethodAccessorImpl.invoke(DelegatingMethodAccessorImpl.java:43)
	at java.lang.reflect.Method.invoke(Method.java:498)
	at org.junit.runners.model.FrameworkMethod$1.runReflectiveCall(FrameworkMethod.java:47)
	at org.junit.internal.runners.model.ReflectiveCallable.run(ReflectiveCallable.java:12)
	at org.junit.runners.model.FrameworkMethod.invokeExplosively(FrameworkMethod.java:44)
	at org.junit.internal.runners.statements.InvokeMethod.evaluate(InvokeMethod.java:17)
	at org.junit.internal.runners.statements.RunBefores.evaluate(RunBefores.java:26)
	at org.junit.internal.runners.statements.RunAfters.evaluate(RunAfters.java:27)
	at org.junit.runners.ParentRunner.runLeaf(ParentRunner.java:271)
	at org.junit.runners.BlockJUnit4ClassRunner.runChild(BlockJUnit4ClassRunner.java:70)
	at org.junit.runners.BlockJUnit4ClassRunner.runChild(BlockJUnit4ClassRunner.java:50)
	at org.junit.runners.ParentRunner$3.run(ParentRunner.java:238)
	at org.junit.runners.ParentRunner$1.schedule(ParentRunner.java:63)
	at org.junit.runners.ParentRunner.runChildren(ParentRunner.java:236)
	at org.junit.runners.ParentRunner.access$000(ParentRunner.java:53)
	at org.junit.runners.ParentRunner$2.evaluate(ParentRunner.java:229)
	at org.junit.runners.ParentRunner.run(ParentRunner.java:309)
	at org.apache.maven.surefire.junit4.JUnit4Provider.execute(JUnit4Provider.java:365)
	at org.apache.maven.surefire.junit4.JUnit4Provider.executeWithRerun(JUnit4Provider.java:273)
	at org.apache.maven.surefire.junit4.JUnit4Provider.executeTestSet(JUnit4Provider.java:238)
	at org.apache.maven.surefire.junit4.JUnit4Provider.invoke(JUnit4Provider.java:159)
	at org.apache.maven.surefire.booter.ForkedBooter.invokeProviderInSameClassLoader(ForkedBooter.java:384)
	at org.apache.maven.surefire.booter.ForkedBooter.runSuitesInProcess(ForkedBooter.java:345)
	at org.apache.maven.surefire.booter.ForkedBooter.execute(ForkedBooter.java:126)
	at org.apache.maven.surefire.booter.ForkedBooter.main(ForkedBooter.java:418)
2019-10-08 21:42:47,169 [main] WARN  io.KeyOutputStream (KeyOutputStream.java:handleException(274)) - Encountered exception java.io.IOException: Unexpected Storage Container Exception: java.io.IOException: Unexpected Storage Container Exception: java.util.concurrent.TimeoutException on the pipeline Pipeline[ Id: 92fc36b6-e86c-457c-8f1b-b2fb7a36e2a4, Nodes: 37f282ad-bafe-4016-8440-19fd6e71650b{ip: 192.168.151.107, host: pr-hdds-2217-2kdk4-3258704453, networkLocation: /default-rack, certSerialId: null}f79a475a-f87d-4dd7-800d-a3fc318e6f3c{ip: 192.168.151.107, host: pr-hdds-2217-2kdk4-3258704453, networkLocation: /default-rack, certSerialId: null}d8bec1eb-3a40-4d5f-9cdd-386f74de3faa{ip: 192.168.151.107, host: pr-hdds-2217-2kdk4-3258704453, networkLocation: /default-rack, certSerialId: null}, Type:RATIS, Factor:THREE, State:OPEN]. The last committed block length is 0, uncommitted data length is 167 retry count 0
2019-10-08 21:42:47,429 [main] INFO  ozone.MiniOzoneClusterImpl (MiniOzoneClusterImpl.java:shutdown(314)) - Shutting down the Mini Ozone Cluster
2019-10-08 21:42:47,430 [main] INFO  ozone.MiniOzoneClusterImpl (MiniOzoneClusterImpl.java:stop(330)) - Stopping the Mini Ozone Cluster
2019-10-08 21:42:47,430 [main] INFO  ozone.MiniOzoneClusterImpl (MiniOzoneClusterImpl.java:stopOM(400)) - Stopping the OzoneManager
2019-10-08 21:42:47,430 [main] INFO  ipc.Server (Server.java:stop(3082)) - Stopping server on 35117
2019-10-08 21:42:47,448 [IPC Server listener on 35117] INFO  ipc.Server (Server.java:run(1185)) - Stopping IPC Server listener on 35117
2019-10-08 21:42:47,456 [IPC Server Responder] INFO  ipc.Server (Server.java:run(1319)) - Stopping IPC Server Responder
2019-10-08 21:42:47,456 [main] INFO  ratis.OzoneManagerDoubleBuffer (OzoneManagerDoubleBuffer.java:stop(248)) - Stopping OMDoubleBuffer flush thread
2019-10-08 21:42:47,466 [OMDoubleBufferFlushThread] INFO  ratis.OzoneManagerDoubleBuffer (OzoneManagerDoubleBuffer.java:flushTransactions(191)) - OMDoubleBuffer flush thread OMDoubleBufferFlushThread is interrupted and will exit. OMDoubleBufferFlushThread
2019-10-08 21:42:47,466 [main] INFO  utils.BackgroundService (BackgroundService.java:shutdown(148)) - Shutting down service KeyDeletingService
2019-10-08 21:42:47,468 [main] INFO  handler.ContextHandler (ContextHandler.java:doStop(910)) - Stopped o.e.j.w.WebAppContext@756c67cd{/,null,UNAVAILABLE}{/ozoneManager}
2019-10-08 21:42:47,469 [main] INFO  server.AbstractConnector (AbstractConnector.java:doStop(318)) - Stopped ServerConnector@50de907a{HTTP/1.1,[http/1.1]}{0.0.0.0:0}
2019-10-08 21:42:47,469 [main] INFO  handler.ContextHandler (ContextHandler.java:doStop(910)) - Stopped o.e.j.s.ServletContextHandler@39851c5{/static,file:///workdir/hadoop-ozone/integration-test/target/test-classes/webapps/static,UNAVAILABLE}
2019-10-08 21:42:47,469 [main] INFO  handler.ContextHandler (ContextHandler.java:doStop(910)) - Stopped o.e.j.s.ServletContextHandler@36525ab{/logs,file:///workdir/hadoop-ozone/integration-test/target/log,UNAVAILABLE}
2019-10-08 21:42:47,472 [main] INFO  ozone.MiniOzoneClusterImpl (MiniOzoneClusterImpl.java:stopDatanodes(377)) - Stopping the HddsDatanodes
2019-10-08 21:42:48,073 [Datanode State Machine Thread - 0] INFO  statemachine.DatanodeStateMachine (DatanodeStateMachine.java:lambda$startDaemon$0(350)) - Ozone container server started.
2019-10-08 21:42:48,375 [Datanode State Machine Thread - 0] INFO  statemachine.DatanodeStateMachine (DatanodeStateMachine.java:lambda$startDaemon$0(350)) - Ozone container server started.
2019-10-08 21:42:52,134 [EventQueue-StaleNodeForStaleNodeHandler] INFO  node.StaleNodeHandler (StaleNodeHandler.java:onMessage(58)) - Datanode f79a475a-f87d-4dd7-800d-a3fc318e6f3c{ip: 192.168.151.107, host: pr-hdds-2217-2kdk4-3258704453, networkLocation: /default-rack, certSerialId: null} moved to stale state. Finalizing its pipelines [PipelineID=1c8df400-bf37-498b-91cf-439cff5d7497, PipelineID=92fc36b6-e86c-457c-8f1b-b2fb7a36e2a4]
2019-10-08 21:42:52,135 [EventQueue-StaleNodeForStaleNodeHandler] INFO  pipeline.SCMPipelineManager (SCMPipelineManager.java:finalizeAndDestroyPipeline(315)) - destroying pipeline:Pipeline[ Id: 1c8df400-bf37-498b-91cf-439cff5d7497, Nodes: f79a475a-f87d-4dd7-800d-a3fc318e6f3c{ip: 192.168.151.107, host: pr-hdds-2217-2kdk4-3258704453, networkLocation: /default-rack, certSerialId: null}, Type:RATIS, Factor:ONE, State:OPEN]
2019-10-08 21:42:52,136 [EventQueue-StaleNodeForStaleNodeHandler] INFO  pipeline.PipelineStateManager (PipelineStateManager.java:finalizePipeline(123)) - Pipeline Pipeline[ Id: 1c8df400-bf37-498b-91cf-439cff5d7497, Nodes: f79a475a-f87d-4dd7-800d-a3fc318e6f3c{ip: 192.168.151.107, host: pr-hdds-2217-2kdk4-3258704453, networkLocation: /default-rack, certSerialId: null}, Type:RATIS, Factor:ONE, State:CLOSED] moved to CLOSED state
2019-10-08 21:42:52,136 [EventQueue-StaleNodeForStaleNodeHandler] INFO  pipeline.SCMPipelineManager (SCMPipelineManager.java:finalizeAndDestroyPipeline(315)) - destroying pipeline:Pipeline[ Id: 92fc36b6-e86c-457c-8f1b-b2fb7a36e2a4, Nodes: 37f282ad-bafe-4016-8440-19fd6e71650b{ip: 192.168.151.107, host: pr-hdds-2217-2kdk4-3258704453, networkLocation: /default-rack, certSerialId: null}f79a475a-f87d-4dd7-800d-a3fc318e6f3c{ip: 192.168.151.107, host: pr-hdds-2217-2kdk4-3258704453, networkLocation: /default-rack, certSerialId: null}d8bec1eb-3a40-4d5f-9cdd-386f74de3faa{ip: 192.168.151.107, host: pr-hdds-2217-2kdk4-3258704453, networkLocation: /default-rack, certSerialId: null}, Type:RATIS, Factor:THREE, State:OPEN]
2019-10-08 21:42:52,137 [EventQueue-StaleNodeForStaleNodeHandler] INFO  pipeline.PipelineStateManager (PipelineStateManager.java:finalizePipeline(123)) - Pipeline Pipeline[ Id: 92fc36b6-e86c-457c-8f1b-b2fb7a36e2a4, Nodes: 37f282ad-bafe-4016-8440-19fd6e71650b{ip: 192.168.151.107, host: pr-hdds-2217-2kdk4-3258704453, networkLocation: /default-rack, certSerialId: null}f79a475a-f87d-4dd7-800d-a3fc318e6f3c{ip: 192.168.151.107, host: pr-hdds-2217-2kdk4-3258704453, networkLocation: /default-rack, certSerialId: null}d8bec1eb-3a40-4d5f-9cdd-386f74de3faa{ip: 192.168.151.107, host: pr-hdds-2217-2kdk4-3258704453, networkLocation: /default-rack, certSerialId: null}, Type:RATIS, Factor:THREE, State:CLOSED] moved to CLOSED state
2019-10-08 21:42:52,137 [EventQueue-CloseContainerForCloseContainerEventHandler] INFO  container.CloseContainerEventHandler (CloseContainerEventHandler.java:onMessage(61)) - Close container Event triggered for container : #1
2019-10-08 21:42:52,434 [EventQueue-StaleNodeForStaleNodeHandler] INFO  node.StaleNodeHandler (StaleNodeHandler.java:onMessage(58)) - Datanode 9cadff80-323a-4875-a850-3abc17c82d3b{ip: 192.168.151.107, host: pr-hdds-2217-2kdk4-3258704453, networkLocation: /default-rack, certSerialId: null} moved to stale state. Finalizing its pipelines [PipelineID=0c72ea3e-6e0f-43fb-85a8-268f5f9aa7a0, PipelineID=0007baee-d7b2-4f3d-ac6f-327f9ded9526]
2019-10-08 21:42:52,439 [EventQueue-StaleNodeForStaleNodeHandler] INFO  pipeline.SCMPipelineManager (SCMPipelineManager.java:finalizeAndDestroyPipeline(315)) - destroying pipeline:Pipeline[ Id: 0c72ea3e-6e0f-43fb-85a8-268f5f9aa7a0, Nodes: 02dfbb81-41fe-4c9c-9f09-786b8c3590a1{ip: 192.168.151.107, host: pr-hdds-2217-2kdk4-3258704453, networkLocation: /default-rack, certSerialId: null}cd004493-3f35-4f7b-8d64-4b1cedb0745f{ip: 192.168.151.107, host: pr-hdds-2217-2kdk4-3258704453, networkLocation: /default-rack, certSerialId: null}9cadff80-323a-4875-a850-3abc17c82d3b{ip: 192.168.151.107, host: pr-hdds-2217-2kdk4-3258704453, networkLocation: /default-rack, certSerialId: null}, Type:RATIS, Factor:THREE, State:OPEN]
2019-10-08 21:42:52,439 [EventQueue-StaleNodeForStaleNodeHandler] INFO  pipeline.PipelineStateManager (PipelineStateManager.java:finalizePipeline(123)) - Pipeline Pipeline[ Id: 0c72ea3e-6e0f-43fb-85a8-268f5f9aa7a0, Nodes: 02dfbb81-41fe-4c9c-9f09-786b8c3590a1{ip: 192.168.151.107, host: pr-hdds-2217-2kdk4-3258704453, networkLocation: /default-rack, certSerialId: null}cd004493-3f35-4f7b-8d64-4b1cedb0745f{ip: 192.168.151.107, host: pr-hdds-2217-2kdk4-3258704453, networkLocation: /default-rack, certSerialId: null}9cadff80-323a-4875-a850-3abc17c82d3b{ip: 192.168.151.107, host: pr-hdds-2217-2kdk4-3258704453, networkLocation: /default-rack, certSerialId: null}, Type:RATIS, Factor:THREE, State:CLOSED] moved to CLOSED state
2019-10-08 21:42:52,439 [EventQueue-CloseContainerForCloseContainerEventHandler] INFO  container.CloseContainerEventHandler (CloseContainerEventHandler.java:onMessage(61)) - Close container Event triggered for container : #2
2019-10-08 21:42:52,442 [EventQueue-StaleNodeForStaleNodeHandler] INFO  pipeline.SCMPipelineManager (SCMPipelineManager.java:finalizeAndDestroyPipeline(315)) - destroying pipeline:Pipeline[ Id: 0007baee-d7b2-4f3d-ac6f-327f9ded9526, Nodes: 9cadff80-323a-4875-a850-3abc17c82d3b{ip: 192.168.151.107, host: pr-hdds-2217-2kdk4-3258704453, networkLocation: /default-rack, certSerialId: null}, Type:RATIS, Factor:ONE, State:OPEN]
2019-10-08 21:42:52,446 [EventQueue-StaleNodeForStaleNodeHandler] INFO  pipeline.PipelineStateManager (PipelineStateManager.java:finalizePipeline(123)) - Pipeline Pipeline[ Id: 0007baee-d7b2-4f3d-ac6f-327f9ded9526, Nodes: 9cadff80-323a-4875-a850-3abc17c82d3b{ip: 192.168.151.107, host: pr-hdds-2217-2kdk4-3258704453, networkLocation: /default-rack, certSerialId: null}, Type:RATIS, Factor:ONE, State:CLOSED] moved to CLOSED state
2019-10-08 21:42:52,473 [ForkJoinPool.commonPool-worker-0] INFO  ozoneimpl.OzoneContainer (OzoneContainer.java:stop(227)) - Attempting to stop container services.
2019-10-08 21:42:52,473 [main] INFO  ozoneimpl.OzoneContainer (OzoneContainer.java:stop(227)) - Attempting to stop container services.
2019-10-08 21:42:52,475 [ForkJoinPool.commonPool-worker-0] INFO  impl.RaftServerProxy (RaftServerProxy.java:lambda$close$4(314)) - f79a475a-f87d-4dd7-800d-a3fc318e6f3c: close
2019-10-08 21:42:52,475 [main] INFO  impl.RaftServerProxy (RaftServerProxy.java:lambda$close$4(314)) - 9cadff80-323a-4875-a850-3abc17c82d3b: close
2019-10-08 21:42:52,476 [ForkJoinPool.commonPool-worker-0] INFO  impl.RaftServerImpl (RaftServerImpl.java:lambda$shutdown$3(247)) - f79a475a-f87d-4dd7-800d-a3fc318e6f3c@group-439CFF5D7497: shutdown
2019-10-08 21:42:52,476 [main] INFO  impl.RaftServerImpl (RaftServerImpl.java:lambda$shutdown$3(247)) - 9cadff80-323a-4875-a850-3abc17c82d3b@group-268F5F9AA7A0: shutdown
2019-10-08 21:42:52,476 [ForkJoinPool.commonPool-worker-0] INFO  util.JmxRegister (JmxRegister.java:unregister(73)) - Successfully un-registered JMX Bean with object name Ratis:service=RaftServer,group=group-439CFF5D7497,id=f79a475a-f87d-4dd7-800d-a3fc318e6f3c
2019-10-08 21:42:52,476 [main] INFO  util.JmxRegister (JmxRegister.java:unregister(73)) - Successfully un-registered JMX Bean with object name Ratis:service=RaftServer,group=group-268F5F9AA7A0,id=9cadff80-323a-4875-a850-3abc17c82d3b
2019-10-08 21:42:52,477 [ForkJoinPool.commonPool-worker-0] INFO  impl.RoleInfo (RoleInfo.java:shutdownLeaderState(104)) - f79a475a-f87d-4dd7-800d-a3fc318e6f3c: shutdown LeaderState
2019-10-08 21:42:52,477 [main] INFO  impl.RoleInfo (RoleInfo.java:shutdownFollowerState(121)) - 9cadff80-323a-4875-a850-3abc17c82d3b: shutdown FollowerState
2019-10-08 21:42:52,477 [ForkJoinPool.commonPool-worker-0] INFO  impl.PendingRequests (PendingRequests.java:sendNotLeaderResponses(202)) - f79a475a-f87d-4dd7-800d-a3fc318e6f3c@group-439CFF5D7497-PendingRequests: sendNotLeaderResponses
2019-10-08 21:42:52,478 [Thread-4523] INFO  impl.FollowerState (FollowerState.java:run(117)) - 9cadff80-323a-4875-a850-3abc17c82d3b@group-268F5F9AA7A0-FollowerState was interrupted: java.lang.InterruptedException: sleep interrupted
2019-10-08 21:42:52,478 [main] INFO  impl.StateMachineUpdater (StateMachineUpdater.java:stopAndJoin(136)) - 9cadff80-323a-4875-a850-3abc17c82d3b@group-268F5F9AA7A0-StateMachineUpdater: set stopIndex = 6
2019-10-08 21:42:52,481 [ForkJoinPool.commonPool-worker-0] INFO  impl.StateMachineUpdater (StateMachineUpdater.java:stopAndJoin(136)) - f79a475a-f87d-4dd7-800d-a3fc318e6f3c@group-439CFF5D7497-StateMachineUpdater: set stopIndex = 0
2019-10-08 21:42:52,478 [9cadff80-323a-4875-a850-3abc17c82d3b@group-268F5F9AA7A0-StateMachineUpdater] INFO  ratis.ContainerStateMachine (ContainerStateMachine.java:takeSnapshot(294)) - group-268F5F9AA7A0: Taking a snapshot at:(t:2, i:4) file /workdir/hadoop-ozone/integration-test/target/test-dir/MiniOzoneClusterImpl-a786e4cc-4f7e-42c9-bee1-c977ab225390/datanode-4/data/ratis/0c72ea3e-6e0f-43fb-85a8-268f5f9aa7a0/sm/snapshot.2_4
2019-10-08 21:42:52,481 [ForkJoinPool.commonPool-worker-0] INFO  impl.RaftServerImpl (ServerState.java:close(387)) - f79a475a-f87d-4dd7-800d-a3fc318e6f3c@group-439CFF5D7497: closes. applyIndex: 0
2019-10-08 21:42:52,482 [f79a475a-f87d-4dd7-800d-a3fc318e6f3c@group-439CFF5D7497-SegmentedRaftLogWorker] INFO  segmented.SegmentedRaftLogWorker (SegmentedRaftLogWorker.java:run(316)) - f79a475a-f87d-4dd7-800d-a3fc318e6f3c@group-439CFF5D7497-SegmentedRaftLogWorker was interrupted, exiting. There are 0 tasks remaining in the queue.
2019-10-08 21:42:52,485 [ForkJoinPool.commonPool-worker-0] INFO  segmented.SegmentedRaftLogWorker (SegmentedRaftLogWorker.java:close(224)) - f79a475a-f87d-4dd7-800d-a3fc318e6f3c@group-439CFF5D7497-SegmentedRaftLogWorker close()
2019-10-08 21:42:52,491 [ForkJoinPool.commonPool-worker-0] INFO  impl.RaftServerImpl (RaftServerImpl.java:lambda$shutdown$3(247)) - f79a475a-f87d-4dd7-800d-a3fc318e6f3c@group-B2FB7A36E2A4: shutdown
2019-10-08 21:42:52,491 [ForkJoinPool.commonPool-worker-0] INFO  util.JmxRegister (JmxRegister.java:unregister(73)) - Successfully un-registered JMX Bean with object name Ratis:service=RaftServer,group=group-B2FB7A36E2A4,id=f79a475a-f87d-4dd7-800d-a3fc318e6f3c
2019-10-08 21:42:52,492 [ForkJoinPool.commonPool-worker-0] INFO  impl.RoleInfo (RoleInfo.java:shutdownFollowerState(121)) - f79a475a-f87d-4dd7-800d-a3fc318e6f3c: shutdown FollowerState
2019-10-08 21:42:52,492 [ForkJoinPool.commonPool-worker-0] INFO  impl.StateMachineUpdater (StateMachineUpdater.java:stopAndJoin(136)) - f79a475a-f87d-4dd7-800d-a3fc318e6f3c@group-B2FB7A36E2A4-StateMachineUpdater: set stopIndex = 6
2019-10-08 21:42:52,492 [f79a475a-f87d-4dd7-800d-a3fc318e6f3c@group-B2FB7A36E2A4-StateMachineUpdater] INFO  ratis.ContainerStateMachine (ContainerStateMachine.java:takeSnapshot(294)) - group-B2FB7A36E2A4: Taking a snapshot at:(t:3, i:6) file /workdir/hadoop-ozone/integration-test/target/test-dir/MiniOzoneClusterImpl-a786e4cc-4f7e-42c9-bee1-c977ab225390/datanode-1/data/ratis/92fc36b6-e86c-457c-8f1b-b2fb7a36e2a4/sm/snapshot.3_6
2019-10-08 21:42:52,492 [Thread-4513] INFO  impl.FollowerState (FollowerState.java:run(117)) - f79a475a-f87d-4dd7-800d-a3fc318e6f3c@group-B2FB7A36E2A4-FollowerState was interrupted: java.lang.InterruptedException: sleep interrupted
2019-10-08 21:42:52,510 [f79a475a-f87d-4dd7-800d-a3fc318e6f3c@group-B2FB7A36E2A4-StateMachineUpdater] INFO  ratis.ContainerStateMachine (ContainerStateMachine.java:takeSnapshot(305)) - group-B2FB7A36E2A4: Finished taking a snapshot at:(t:3, i:6) file:/workdir/hadoop-ozone/integration-test/target/test-dir/MiniOzoneClusterImpl-a786e4cc-4f7e-42c9-bee1-c977ab225390/datanode-1/data/ratis/92fc36b6-e86c-457c-8f1b-b2fb7a36e2a4/sm/snapshot.3_6 time:18
2019-10-08 21:42:52,510 [9cadff80-323a-4875-a850-3abc17c82d3b@group-268F5F9AA7A0-StateMachineUpdater] INFO  ratis.ContainerStateMachine (ContainerStateMachine.java:takeSnapshot(305)) - group-268F5F9AA7A0: Finished taking a snapshot at:(t:2, i:4) file:/workdir/hadoop-ozone/integration-test/target/test-dir/MiniOzoneClusterImpl-a786e4cc-4f7e-42c9-bee1-c977ab225390/datanode-4/data/ratis/0c72ea3e-6e0f-43fb-85a8-268f5f9aa7a0/sm/snapshot.2_4 time:33
2019-10-08 21:42:52,511 [9cadff80-323a-4875-a850-3abc17c82d3b@group-268F5F9AA7A0-StateMachineUpdater] INFO  impl.StateMachineUpdater (StateMachineUpdater.java:takeSnapshot(269)) - 9cadff80-323a-4875-a850-3abc17c82d3b@group-268F5F9AA7A0-StateMachineUpdater: Took a snapshot at index 4
2019-10-08 21:42:52,511 [f79a475a-f87d-4dd7-800d-a3fc318e6f3c@group-B2FB7A36E2A4-StateMachineUpdater] INFO  impl.StateMachineUpdater (StateMachineUpdater.java:takeSnapshot(269)) - f79a475a-f87d-4dd7-800d-a3fc318e6f3c@group-B2FB7A36E2A4-StateMachineUpdater: Took a snapshot at index 6
2019-10-08 21:42:52,511 [9cadff80-323a-4875-a850-3abc17c82d3b@group-268F5F9AA7A0-StateMachineUpdater] INFO  impl.StateMachineUpdater (StateMachineUpdater.java:lambda$new$0(84)) - 9cadff80-323a-4875-a850-3abc17c82d3b@group-268F5F9AA7A0-StateMachineUpdater: snapshotIndex: updateIncreasingly -1 -> 4
2019-10-08 21:42:52,511 [f79a475a-f87d-4dd7-800d-a3fc318e6f3c@group-B2FB7A36E2A4-StateMachineUpdater] INFO  impl.StateMachineUpdater (StateMachineUpdater.java:lambda$new$0(84)) - f79a475a-f87d-4dd7-800d-a3fc318e6f3c@group-B2FB7A36E2A4-StateMachineUpdater: snapshotIndex: updateIncreasingly -1 -> 6
2019-10-08 21:42:52,512 [9cadff80-323a-4875-a850-3abc17c82d3b@group-268F5F9AA7A0-StateMachineUpdater] INFO  ratis.ContainerStateMachine (ContainerStateMachine.java:takeSnapshot(294)) - group-268F5F9AA7A0: Taking a snapshot at:(t:2, i:4) file /workdir/hadoop-ozone/integration-test/target/test-dir/MiniOzoneClusterImpl-a786e4cc-4f7e-42c9-bee1-c977ab225390/datanode-4/data/ratis/0c72ea3e-6e0f-43fb-85a8-268f5f9aa7a0/sm/snapshot.2_4
2019-10-08 21:42:52,512 [ForkJoinPool.commonPool-worker-0] INFO  impl.RaftServerImpl (ServerState.java:close(387)) - f79a475a-f87d-4dd7-800d-a3fc318e6f3c@group-B2FB7A36E2A4: closes. applyIndex: 6
2019-10-08 21:42:52,512 [f79a475a-f87d-4dd7-800d-a3fc318e6f3c@group-B2FB7A36E2A4-SegmentedRaftLogWorker] INFO  segmented.SegmentedRaftLogWorker (SegmentedRaftLogWorker.java:run(316)) - f79a475a-f87d-4dd7-800d-a3fc318e6f3c@group-B2FB7A36E2A4-SegmentedRaftLogWorker was interrupted, exiting. There are 0 tasks remaining in the queue.
2019-10-08 21:42:52,515 [ForkJoinPool.commonPool-worker-0] INFO  segmented.SegmentedRaftLogWorker (SegmentedRaftLogWorker.java:close(224)) - f79a475a-f87d-4dd7-800d-a3fc318e6f3c@group-B2FB7A36E2A4-SegmentedRaftLogWorker close()
2019-10-08 21:42:52,520 [ForkJoinPool.commonPool-worker-0] INFO  server.GrpcService (GrpcService.java:closeImpl(164)) - f79a475a-f87d-4dd7-800d-a3fc318e6f3c: shutdown server with port 40831 now
2019-10-08 21:42:52,521 [grpc-default-executor-9] WARN  server.GrpcServerProtocolService (LogUtils.java:warn(134)) - f79a475a-f87d-4dd7-800d-a3fc318e6f3c: installSnapshot onError, lastRequest: d8bec1eb-3a40-4d5f-9cdd-386f74de3faa->f79a475a-f87d-4dd7-800d-a3fc318e6f3c#9-t3, previous=(t:3, i:6), leaderCommit=6, initializing? false, entries: <empty>: org.apache.ratis.thirdparty.io.grpc.StatusRuntimeException: CANCELLED: cancelled before receiving half close
2019-10-08 21:42:52,521 [ForkJoinPool.commonPool-worker-0] INFO  server.GrpcService (GrpcService.java:closeImpl(172)) - f79a475a-f87d-4dd7-800d-a3fc318e6f3c: shutdown server with port 40831 successfully
2019-10-08 21:42:52,522 [grpc-default-executor-4] WARN  server.GrpcLogAppender (LogUtils.java:warn(134)) - d8bec1eb-3a40-4d5f-9cdd-386f74de3faa@group-B2FB7A36E2A4->f79a475a-f87d-4dd7-800d-a3fc318e6f3c-AppendLogResponseHandler: Failed appendEntries: org.apache.ratis.thirdparty.io.grpc.StatusRuntimeException: CANCELLED: HTTP/2 error code: CANCEL
Received Rst Stream
2019-10-08 21:42:52,522 [grpc-default-executor-4] INFO  impl.FollowerInfo (FollowerInfo.java:lambda$new$0(51)) - d8bec1eb-3a40-4d5f-9cdd-386f74de3faa@group-B2FB7A36E2A4->f79a475a-f87d-4dd7-800d-a3fc318e6f3c: nextIndex: updateUnconditionally 7 -> 6
2019-10-08 21:42:52,525 [refreshUsed-/workdir/hadoop-ozone/integration-test/target/test-dir/MiniOzoneClusterImpl-a786e4cc-4f7e-42c9-bee1-c977ab225390/datanode-1/data/containers] WARN  fs.CachingGetSpaceUsed (CachingGetSpaceUsed.java:run(183)) - Thread Interrupted waiting to refresh disk information: sleep interrupted
2019-10-08 21:42:52,525 [9cadff80-323a-4875-a850-3abc17c82d3b@group-268F5F9AA7A0-StateMachineUpdater] INFO  ratis.ContainerStateMachine (ContainerStateMachine.java:takeSnapshot(305)) - group-268F5F9AA7A0: Finished taking a snapshot at:(t:2, i:4) file:/workdir/hadoop-ozone/integration-test/target/test-dir/MiniOzoneClusterImpl-a786e4cc-4f7e-42c9-bee1-c977ab225390/datanode-4/data/ratis/0c72ea3e-6e0f-43fb-85a8-268f5f9aa7a0/sm/snapshot.2_4 time:13
2019-10-08 21:42:52,525 [9cadff80-323a-4875-a850-3abc17c82d3b@group-268F5F9AA7A0-StateMachineUpdater] INFO  impl.StateMachineUpdater (StateMachineUpdater.java:takeSnapshot(269)) - 9cadff80-323a-4875-a850-3abc17c82d3b@group-268F5F9AA7A0-StateMachineUpdater: Took a snapshot at index 4
2019-10-08 21:42:52,526 [9cadff80-323a-4875-a850-3abc17c82d3b@group-268F5F9AA7A0-StateMachineUpdater] INFO  impl.StateMachineUpdater (StateMachineUpdater.java:lambda$new$0(84)) - 9cadff80-323a-4875-a850-3abc17c82d3b@group-268F5F9AA7A0-StateMachineUpdater: snapshotIndex: updateIncreasingly 4 -> 4
2019-10-08 21:42:52,526 [main] INFO  impl.RaftServerImpl (ServerState.java:close(387)) - 9cadff80-323a-4875-a850-3abc17c82d3b@group-268F5F9AA7A0: closes. applyIndex: 6
2019-10-08 21:42:52,526 [9cadff80-323a-4875-a850-3abc17c82d3b@group-268F5F9AA7A0-SegmentedRaftLogWorker] INFO  segmented.SegmentedRaftLogWorker (SegmentedRaftLogWorker.java:run(316)) - 9cadff80-323a-4875-a850-3abc17c82d3b@group-268F5F9AA7A0-SegmentedRaftLogWorker was interrupted, exiting. There are 0 tasks remaining in the queue.
2019-10-08 21:42:52,530 [main] INFO  segmented.SegmentedRaftLogWorker (SegmentedRaftLogWorker.java:close(224)) - 9cadff80-323a-4875-a850-3abc17c82d3b@group-268F5F9AA7A0-SegmentedRaftLogWorker close()
2019-10-08 21:42:52,533 [main] INFO  impl.RaftServerImpl (RaftServerImpl.java:lambda$shutdown$3(247)) - 9cadff80-323a-4875-a850-3abc17c82d3b@group-327F9DED9526: shutdown
2019-10-08 21:42:52,534 [main] INFO  util.JmxRegister (JmxRegister.java:unregister(73)) - Successfully un-registered JMX Bean with object name Ratis:service=RaftServer,group=group-327F9DED9526,id=9cadff80-323a-4875-a850-3abc17c82d3b
2019-10-08 21:42:52,534 [main] INFO  impl.RoleInfo (RoleInfo.java:shutdownLeaderState(104)) - 9cadff80-323a-4875-a850-3abc17c82d3b: shutdown LeaderState
2019-10-08 21:42:52,535 [main] INFO  impl.PendingRequests (PendingRequests.java:sendNotLeaderResponses(202)) - 9cadff80-323a-4875-a850-3abc17c82d3b@group-327F9DED9526-PendingRequests: sendNotLeaderResponses
2019-10-08 21:42:52,535 [main] INFO  impl.StateMachineUpdater (StateMachineUpdater.java:stopAndJoin(136)) - 9cadff80-323a-4875-a850-3abc17c82d3b@group-327F9DED9526-StateMachineUpdater: set stopIndex = 0
2019-10-08 21:42:52,535 [main] INFO  impl.RaftServerImpl (ServerState.java:close(387)) - 9cadff80-323a-4875-a850-3abc17c82d3b@group-327F9DED9526: closes. applyIndex: 0
2019-10-08 21:42:52,535 [9cadff80-323a-4875-a850-3abc17c82d3b@group-327F9DED9526-SegmentedRaftLogWorker] INFO  segmented.SegmentedRaftLogWorker (SegmentedRaftLogWorker.java:run(316)) - 9cadff80-323a-4875-a850-3abc17c82d3b@group-327F9DED9526-SegmentedRaftLogWorker was interrupted, exiting. There are 0 tasks remaining in the queue.
2019-10-08 21:42:52,538 [main] INFO  segmented.SegmentedRaftLogWorker (SegmentedRaftLogWorker.java:close(224)) - 9cadff80-323a-4875-a850-3abc17c82d3b@group-327F9DED9526-SegmentedRaftLogWorker close()
2019-10-08 21:42:52,541 [main] INFO  server.GrpcService (GrpcService.java:closeImpl(164)) - 9cadff80-323a-4875-a850-3abc17c82d3b: shutdown server with port 38629 now
2019-10-08 21:42:52,542 [grpc-default-executor-9] WARN  server.GrpcServerProtocolService (LogUtils.java:warn(134)) - 9cadff80-323a-4875-a850-3abc17c82d3b: installSnapshot onError, lastRequest: cd004493-3f35-4f7b-8d64-4b1cedb0745f->9cadff80-323a-4875-a850-3abc17c82d3b#10-t2, previous=(t:2, i:6), leaderCommit=6, initializing? false, entries: <empty>: org.apache.ratis.thirdparty.io.grpc.StatusRuntimeException: CANCELLED: cancelled before receiving half close
2019-10-08 21:42:52,542 [main] INFO  server.GrpcService (GrpcService.java:closeImpl(172)) - 9cadff80-323a-4875-a850-3abc17c82d3b: shutdown server with port 38629 successfully
2019-10-08 21:42:52,543 [grpc-default-executor-9] WARN  server.GrpcLogAppender (LogUtils.java:warn(134)) - cd004493-3f35-4f7b-8d64-4b1cedb0745f@group-268F5F9AA7A0->9cadff80-323a-4875-a850-3abc17c82d3b-AppendLogResponseHandler: Failed appendEntries: org.apache.ratis.thirdparty.io.grpc.StatusRuntimeException: CANCELLED: HTTP/2 error code: CANCEL
Received Rst Stream
2019-10-08 21:42:52,543 [grpc-default-executor-9] INFO  impl.FollowerInfo (FollowerInfo.java:lambda$new$0(51)) - cd004493-3f35-4f7b-8d64-4b1cedb0745f@group-268F5F9AA7A0->9cadff80-323a-4875-a850-3abc17c82d3b: nextIndex: updateUnconditionally 7 -> 6
2019-10-08 21:42:52,544 [refreshUsed-/workdir/hadoop-ozone/integration-test/target/test-dir/MiniOzoneClusterImpl-a786e4cc-4f7e-42c9-bee1-c977ab225390/datanode-4/data/containers] WARN  fs.CachingGetSpaceUsed (CachingGetSpaceUsed.java:run(183)) - Thread Interrupted waiting to refresh disk information: sleep interrupted
2019-10-08 21:42:52,557 [main] INFO  utils.BackgroundService (BackgroundService.java:shutdown(148)) - Shutting down service BlockDeletingService
2019-10-08 21:42:52,557 [ForkJoinPool.commonPool-worker-0] INFO  utils.BackgroundService (BackgroundService.java:shutdown(148)) - Shutting down service BlockDeletingService
2019-10-08 21:42:52,567 [main] INFO  statemachine.DatanodeStateMachine (DatanodeStateMachine.java:stopDaemon(395)) - Ozone container server stopped.
2019-10-08 21:42:52,569 [ForkJoinPool.commonPool-worker-0] INFO  statemachine.DatanodeStateMachine (DatanodeStateMachine.java:stopDaemon(395)) - Ozone container server stopped.
2019-10-08 21:42:52,577 [ForkJoinPool.commonPool-worker-0] INFO  handler.ContextHandler (ContextHandler.java:doStop(910)) - Stopped o.e.j.w.WebAppContext@278de2b2{/,null,UNAVAILABLE}{/hddsDatanode}
2019-10-08 21:42:52,577 [main] INFO  handler.ContextHandler (ContextHandler.java:doStop(910)) - Stopped o.e.j.w.WebAppContext@5c0e2ec{/,null,UNAVAILABLE}{/hddsDatanode}
2019-10-08 21:42:52,578 [ForkJoinPool.commonPool-worker-0] INFO  server.AbstractConnector (AbstractConnector.java:doStop(318)) - Stopped ServerConnector@1fc1c7e{HTTP/1.1,[http/1.1]}{0.0.0.0:0}
2019-10-08 21:42:52,578 [main] INFO  server.AbstractConnector (AbstractConnector.java:doStop(318)) - Stopped ServerConnector@4fa8bebb{HTTP/1.1,[http/1.1]}{0.0.0.0:0}
2019-10-08 21:42:52,580 [ForkJoinPool.commonPool-worker-0] INFO  handler.ContextHandler (ContextHandler.java:doStop(910)) - Stopped o.e.j.s.ServletContextHandler@a69f9d{/static,jar:file:/home/user/.m2/repository/org/apache/hadoop/hadoop-hdds-container-service/0.5.0-SNAPSHOT/hadoop-hdds-container-service-0.5.0-SNAPSHOT.jar!/webapps/static,UNAVAILABLE}
2019-10-08 21:42:52,580 [main] INFO  handler.ContextHandler (ContextHandler.java:doStop(910)) - Stopped o.e.j.s.ServletContextHandler@5db9f51f{/static,jar:file:/home/user/.m2/repository/org/apache/hadoop/hadoop-hdds-container-service/0.5.0-SNAPSHOT/hadoop-hdds-container-service-0.5.0-SNAPSHOT.jar!/webapps/static,UNAVAILABLE}
2019-10-08 21:42:52,582 [ForkJoinPool.commonPool-worker-0] INFO  handler.ContextHandler (ContextHandler.java:doStop(910)) - Stopped o.e.j.s.ServletContextHandler@284d4885{/logs,file:///workdir/hadoop-ozone/integration-test/target/log,UNAVAILABLE}
2019-10-08 21:42:52,582 [main] INFO  handler.ContextHandler (ContextHandler.java:doStop(910)) - Stopped o.e.j.s.ServletContextHandler@14656be5{/logs,file:///workdir/hadoop-ozone/integration-test/target/log,UNAVAILABLE}
2019-10-08 21:42:52,656 [grpc-default-executor-9] WARN  server.GrpcLogAppender (LogUtils.java:warn(134)) - d8bec1eb-3a40-4d5f-9cdd-386f74de3faa@group-B2FB7A36E2A4->f79a475a-f87d-4dd7-800d-a3fc318e6f3c-AppendLogResponseHandler: Failed appendEntries: org.apache.ratis.thirdparty.io.grpc.StatusRuntimeException: UNAVAILABLE: io exception
2019-10-08 21:42:52,656 [grpc-default-executor-9] INFO  impl.FollowerInfo (FollowerInfo.java:lambda$new$0(51)) - d8bec1eb-3a40-4d5f-9cdd-386f74de3faa@group-B2FB7A36E2A4->f79a475a-f87d-4dd7-800d-a3fc318e6f3c: nextIndex: updateUnconditionally 6 -> 5
2019-10-08 21:42:53,073 [Datanode State Machine Thread - 0] INFO  statemachine.DatanodeStateMachine (DatanodeStateMachine.java:lambda$startDaemon$0(350)) - Ozone container server started.
2019-10-08 21:42:53,376 [Datanode State Machine Thread - 0] INFO  statemachine.DatanodeStateMachine (DatanodeStateMachine.java:lambda$startDaemon$0(350)) - Ozone container server started.
2019-10-08 21:42:54,923 [grpc-default-executor-4] WARN  server.GrpcLogAppender (LogUtils.java:warn(134)) - cd004493-3f35-4f7b-8d64-4b1cedb0745f@group-268F5F9AA7A0->9cadff80-323a-4875-a850-3abc17c82d3b-AppendLogResponseHandler: Failed appendEntries: org.apache.ratis.thirdparty.io.grpc.StatusRuntimeException: UNAVAILABLE: io exception
2019-10-08 21:42:54,924 [grpc-default-executor-4] INFO  impl.FollowerInfo (FollowerInfo.java:lambda$new$0(51)) - cd004493-3f35-4f7b-8d64-4b1cedb0745f@group-268F5F9AA7A0->9cadff80-323a-4875-a850-3abc17c82d3b: nextIndex: updateUnconditionally 6 -> 5
2019-10-08 21:42:55,156 [grpc-default-executor-11] WARN  server.GrpcLogAppender (LogUtils.java:warn(134)) - d8bec1eb-3a40-4d5f-9cdd-386f74de3faa@group-B2FB7A36E2A4->f79a475a-f87d-4dd7-800d-a3fc318e6f3c-AppendLogResponseHandler: Failed appendEntries: org.apache.ratis.thirdparty.io.grpc.StatusRuntimeException: UNAVAILABLE: io exception
2019-10-08 21:42:55,156 [grpc-default-executor-11] INFO  impl.FollowerInfo (FollowerInfo.java:lambda$new$0(51)) - d8bec1eb-3a40-4d5f-9cdd-386f74de3faa@group-B2FB7A36E2A4->f79a475a-f87d-4dd7-800d-a3fc318e6f3c: nextIndex: updateUnconditionally 5 -> 4
2019-10-08 21:42:55,394 [grpc-default-executor-4] WARN  server.GrpcLogAppender (LogUtils.java:warn(134)) - cd004493-3f35-4f7b-8d64-4b1cedb0745f@group-268F5F9AA7A0->9cadff80-323a-4875-a850-3abc17c82d3b-AppendLogResponseHandler: Failed appendEntries: org.apache.ratis.thirdparty.io.grpc.StatusRuntimeException: UNAVAILABLE: io exception
2019-10-08 21:42:55,395 [grpc-default-executor-4] INFO  impl.FollowerInfo (FollowerInfo.java:lambda$new$0(51)) - cd004493-3f35-4f7b-8d64-4b1cedb0745f@group-268F5F9AA7A0->9cadff80-323a-4875-a850-3abc17c82d3b: nextIndex: updateUnconditionally 6 -> 5
2019-10-08 21:42:55,407 [grpc-default-executor-11] WARN  server.GrpcLogAppender (LogUtils.java:warn(134)) - cd004493-3f35-4f7b-8d64-4b1cedb0745f@group-268F5F9AA7A0->9cadff80-323a-4875-a850-3abc17c82d3b-AppendLogResponseHandler: Failed appendEntries: org.apache.ratis.thirdparty.io.grpc.StatusRuntimeException: UNAVAILABLE: io exception
2019-10-08 21:42:55,407 [grpc-default-executor-11] INFO  impl.FollowerInfo (FollowerInfo.java:lambda$new$0(51)) - cd004493-3f35-4f7b-8d64-4b1cedb0745f@group-268F5F9AA7A0->9cadff80-323a-4875-a850-3abc17c82d3b: nextIndex: updateUnconditionally 6 -> 5
2019-10-08 21:42:55,421 [grpc-default-executor-11] WARN  server.GrpcLogAppender (LogUtils.java:warn(134)) - cd004493-3f35-4f7b-8d64-4b1cedb0745f@group-268F5F9AA7A0->9cadff80-323a-4875-a850-3abc17c82d3b-AppendLogResponseHandler: Failed appendEntries: org.apache.ratis.thirdparty.io.grpc.StatusRuntimeException: UNAVAILABLE: io exception
2019-10-08 21:42:55,421 [grpc-default-executor-11] INFO  impl.FollowerInfo (FollowerInfo.java:lambda$new$0(51)) - cd004493-3f35-4f7b-8d64-4b1cedb0745f@group-268F5F9AA7A0->9cadff80-323a-4875-a850-3abc17c82d3b: nextIndex: updateUnconditionally 6 -> 5
2019-10-08 21:42:55,432 [RatisApplyTransactionExecutor 2] INFO  interfaces.Container (KeyValueContainer.java:flushAndSyncDB(386)) - Container 2 is synced with bcsId 4.
2019-10-08 21:42:55,432 [RatisApplyTransactionExecutor 2] INFO  interfaces.Container (KeyValueContainer.java:flushAndSyncDB(386)) - Container 2 is synced with bcsId 4.
2019-10-08 21:42:55,447 [RatisApplyTransactionExecutor 2] INFO  interfaces.Container (KeyValueContainer.java:close(335)) - Container 2 is closed with bcsId 4.
2019-10-08 21:42:55,448 [RatisApplyTransactionExecutor 2] INFO  interfaces.Container (KeyValueContainer.java:flushAndSyncDB(386)) - Container 2 is synced with bcsId 4.
2019-10-08 21:42:55,448 [RatisApplyTransactionExecutor 2] INFO  interfaces.Container (KeyValueContainer.java:flushAndSyncDB(386)) - Container 2 is synced with bcsId 4.
2019-10-08 21:42:55,448 [EventQueue-IncrementalContainerReportForIncrementalContainerReportHandler] INFO  container.IncrementalContainerReportHandler (AbstractContainerReportHandler.java:updateContainerState(176)) - Moving container #2 to CLOSED state, datanode cd004493-3f35-4f7b-8d64-4b1cedb0745f{ip: 192.168.151.107, host: pr-hdds-2217-2kdk4-3258704453, networkLocation: /default-rack, certSerialId: null} reported CLOSED replica.
2019-10-08 21:42:55,462 [RatisApplyTransactionExecutor 2] INFO  interfaces.Container (KeyValueContainer.java:close(335)) - Container 2 is closed with bcsId 4.
2019-10-08 21:42:57,138 [EventQueue-StaleNodeForStaleNodeHandler] INFO  node.StaleNodeHandler (StaleNodeHandler.java:onMessage(58)) - Datanode d8bec1eb-3a40-4d5f-9cdd-386f74de3faa{ip: 192.168.151.107, host: pr-hdds-2217-2kdk4-3258704453, networkLocation: /default-rack, certSerialId: null} moved to stale state. Finalizing its pipelines [PipelineID=6ab993c3-3ac1-4a7f-99d1-40487416edcc, PipelineID=92fc36b6-e86c-457c-8f1b-b2fb7a36e2a4]
2019-10-08 21:42:57,138 [EventQueue-StaleNodeForStaleNodeHandler] INFO  pipeline.SCMPipelineManager (SCMPipelineManager.java:finalizeAndDestroyPipeline(315)) - destroying pipeline:Pipeline[ Id: 6ab993c3-3ac1-4a7f-99d1-40487416edcc, Nodes: d8bec1eb-3a40-4d5f-9cdd-386f74de3faa{ip: 192.168.151.107, host: pr-hdds-2217-2kdk4-3258704453, networkLocation: /default-rack, certSerialId: null}, Type:RATIS, Factor:ONE, State:OPEN]
2019-10-08 21:42:57,139 [EventQueue-StaleNodeForStaleNodeHandler] INFO  pipeline.PipelineStateManager (PipelineStateManager.java:finalizePipeline(123)) - Pipeline Pipeline[ Id: 6ab993c3-3ac1-4a7f-99d1-40487416edcc, Nodes: d8bec1eb-3a40-4d5f-9cdd-386f74de3faa{ip: 192.168.151.107, host: pr-hdds-2217-2kdk4-3258704453, networkLocation: /default-rack, certSerialId: null}, Type:RATIS, Factor:ONE, State:CLOSED] moved to CLOSED state
2019-10-08 21:42:57,139 [EventQueue-StaleNodeForStaleNodeHandler] INFO  pipeline.SCMPipelineManager (SCMPipelineManager.java:finalizeAndDestroyPipeline(315)) - destroying pipeline:Pipeline[ Id: 92fc36b6-e86c-457c-8f1b-b2fb7a36e2a4, Nodes: 37f282ad-bafe-4016-8440-19fd6e71650b{ip: 192.168.151.107, host: pr-hdds-2217-2kdk4-3258704453, networkLocation: /default-rack, certSerialId: null}f79a475a-f87d-4dd7-800d-a3fc318e6f3c{ip: 192.168.151.107, host: pr-hdds-2217-2kdk4-3258704453, networkLocation: /default-rack, certSerialId: null}d8bec1eb-3a40-4d5f-9cdd-386f74de3faa{ip: 192.168.151.107, host: pr-hdds-2217-2kdk4-3258704453, networkLocation: /default-rack, certSerialId: null}, Type:RATIS, Factor:THREE, State:CLOSED]
2019-10-08 21:42:57,439 [EventQueue-StaleNodeForStaleNodeHandler] INFO  node.StaleNodeHandler (StaleNodeHandler.java:onMessage(58)) - Datanode 02dfbb81-41fe-4c9c-9f09-786b8c3590a1{ip: 192.168.151.107, host: pr-hdds-2217-2kdk4-3258704453, networkLocation: /default-rack, certSerialId: null} moved to stale state. Finalizing its pipelines [PipelineID=0c72ea3e-6e0f-43fb-85a8-268f5f9aa7a0, PipelineID=7fd9d292-c6af-4cc6-9295-36c614ee03b0]
2019-10-08 21:42:57,439 [EventQueue-StaleNodeForStaleNodeHandler] INFO  pipeline.SCMPipelineManager (SCMPipelineManager.java:finalizeAndDestroyPipeline(315)) - destroying pipeline:Pipeline[ Id: 0c72ea3e-6e0f-43fb-85a8-268f5f9aa7a0, Nodes: 02dfbb81-41fe-4c9c-9f09-786b8c3590a1{ip: 192.168.151.107, host: pr-hdds-2217-2kdk4-3258704453, networkLocation: /default-rack, certSerialId: null}cd004493-3f35-4f7b-8d64-4b1cedb0745f{ip: 192.168.151.107, host: pr-hdds-2217-2kdk4-3258704453, networkLocation: /default-rack, certSerialId: null}9cadff80-323a-4875-a850-3abc17c82d3b{ip: 192.168.151.107, host: pr-hdds-2217-2kdk4-3258704453, networkLocation: /default-rack, certSerialId: null}, Type:RATIS, Factor:THREE, State:CLOSED]
2019-10-08 21:42:57,439 [EventQueue-StaleNodeForStaleNodeHandler] INFO  pipeline.SCMPipelineManager (SCMPipelineManager.java:finalizeAndDestroyPipeline(315)) - destroying pipeline:Pipeline[ Id: 7fd9d292-c6af-4cc6-9295-36c614ee03b0, Nodes: 02dfbb81-41fe-4c9c-9f09-786b8c3590a1{ip: 192.168.151.107, host: pr-hdds-2217-2kdk4-3258704453, networkLocation: /default-rack, certSerialId: null}, Type:RATIS, Factor:ONE, State:OPEN]
2019-10-08 21:42:57,439 [EventQueue-StaleNodeForStaleNodeHandler] INFO  pipeline.PipelineStateManager (PipelineStateManager.java:finalizePipeline(123)) - Pipeline Pipeline[ Id: 7fd9d292-c6af-4cc6-9295-36c614ee03b0, Nodes: 02dfbb81-41fe-4c9c-9f09-786b8c3590a1{ip: 192.168.151.107, host: pr-hdds-2217-2kdk4-3258704453, networkLocation: /default-rack, certSerialId: null}, Type:RATIS, Factor:ONE, State:CLOSED] moved to CLOSED state
2019-10-08 21:42:57,584 [ForkJoinPool.commonPool-worker-0] INFO  ozoneimpl.OzoneContainer (OzoneContainer.java:stop(227)) - Attempting to stop container services.
2019-10-08 21:42:57,584 [main] INFO  ozoneimpl.OzoneContainer (OzoneContainer.java:stop(227)) - Attempting to stop container services.
2019-10-08 21:42:57,587 [ForkJoinPool.commonPool-worker-0] INFO  impl.RaftServerProxy (RaftServerProxy.java:lambda$close$4(314)) - d8bec1eb-3a40-4d5f-9cdd-386f74de3faa: close
2019-10-08 21:42:57,588 [main] INFO  impl.RaftServerProxy (RaftServerProxy.java:lambda$close$4(314)) - 02dfbb81-41fe-4c9c-9f09-786b8c3590a1: close
2019-10-08 21:42:57,588 [ForkJoinPool.commonPool-worker-0] INFO  impl.RaftServerImpl (RaftServerImpl.java:lambda$shutdown$3(247)) - d8bec1eb-3a40-4d5f-9cdd-386f74de3faa@group-40487416EDCC: shutdown
2019-10-08 21:42:57,588 [main] INFO  impl.RaftServerImpl (RaftServerImpl.java:lambda$shutdown$3(247)) - 02dfbb81-41fe-4c9c-9f09-786b8c3590a1@group-268F5F9AA7A0: shutdown
2019-10-08 21:42:57,588 [ForkJoinPool.commonPool-worker-0] INFO  util.JmxRegister (JmxRegister.java:unregister(73)) - Successfully un-registered JMX Bean with object name Ratis:service=RaftServer,group=group-40487416EDCC,id=d8bec1eb-3a40-4d5f-9cdd-386f74de3faa
2019-10-08 21:42:57,588 [main] INFO  util.JmxRegister (JmxRegister.java:unregister(73)) - Successfully un-registered JMX Bean with object name Ratis:service=RaftServer,group=group-268F5F9AA7A0,id=02dfbb81-41fe-4c9c-9f09-786b8c3590a1
2019-10-08 21:42:57,588 [ForkJoinPool.commonPool-worker-0] INFO  impl.RoleInfo (RoleInfo.java:shutdownLeaderState(104)) - d8bec1eb-3a40-4d5f-9cdd-386f74de3faa: shutdown LeaderState
2019-10-08 21:42:57,588 [main] INFO  impl.RoleInfo (RoleInfo.java:shutdownFollowerState(121)) - 02dfbb81-41fe-4c9c-9f09-786b8c3590a1: shutdown FollowerState
2019-10-08 21:42:57,589 [ForkJoinPool.commonPool-worker-0] INFO  impl.PendingRequests (PendingRequests.java:sendNotLeaderResponses(202)) - d8bec1eb-3a40-4d5f-9cdd-386f74de3faa@group-40487416EDCC-PendingRequests: sendNotLeaderResponses
2019-10-08 21:42:57,589 [02dfbb81-41fe-4c9c-9f09-786b8c3590a1@group-268F5F9AA7A0-StateMachineUpdater] INFO  ratis.ContainerStateMachine (ContainerStateMachine.java:takeSnapshot(294)) - group-268F5F9AA7A0: Taking a snapshot at:(t:2, i:7) file /workdir/hadoop-ozone/integration-test/target/test-dir/MiniOzoneClusterImpl-a786e4cc-4f7e-42c9-bee1-c977ab225390/datanode-3/data/ratis/0c72ea3e-6e0f-43fb-85a8-268f5f9aa7a0/sm/snapshot.2_7
2019-10-08 21:42:57,589 [main] INFO  impl.StateMachineUpdater (StateMachineUpdater.java:stopAndJoin(136)) - 02dfbb81-41fe-4c9c-9f09-786b8c3590a1@group-268F5F9AA7A0-StateMachineUpdater: set stopIndex = 7
2019-10-08 21:42:57,589 [ForkJoinPool.commonPool-worker-0] INFO  impl.StateMachineUpdater (StateMachineUpdater.java:stopAndJoin(136)) - d8bec1eb-3a40-4d5f-9cdd-386f74de3faa@group-40487416EDCC-StateMachineUpdater: set stopIndex = 0
2019-10-08 21:42:57,590 [ForkJoinPool.commonPool-worker-0] INFO  impl.RaftServerImpl (ServerState.java:close(387)) - d8bec1eb-3a40-4d5f-9cdd-386f74de3faa@group-40487416EDCC: closes. applyIndex: 0
2019-10-08 21:42:57,589 [Thread-4524] INFO  impl.FollowerState (FollowerState.java:run(117)) - 02dfbb81-41fe-4c9c-9f09-786b8c3590a1@group-268F5F9AA7A0-FollowerState was interrupted: java.lang.InterruptedException: sleep interrupted
2019-10-08 21:42:57,592 [d8bec1eb-3a40-4d5f-9cdd-386f74de3faa@group-40487416EDCC-SegmentedRaftLogWorker] INFO  segmented.SegmentedRaftLogWorker (SegmentedRaftLogWorker.java:run(316)) - d8bec1eb-3a40-4d5f-9cdd-386f74de3faa@group-40487416EDCC-SegmentedRaftLogWorker was interrupted, exiting. There are 0 tasks remaining in the queue.
2019-10-08 21:42:57,593 [ForkJoinPool.commonPool-worker-0] INFO  segmented.SegmentedRaftLogWorker (SegmentedRaftLogWorker.java:close(224)) - d8bec1eb-3a40-4d5f-9cdd-386f74de3faa@group-40487416EDCC-SegmentedRaftLogWorker close()
2019-10-08 21:42:57,596 [ForkJoinPool.commonPool-worker-0] INFO  impl.RaftServerImpl (RaftServerImpl.java:lambda$shutdown$3(247)) - d8bec1eb-3a40-4d5f-9cdd-386f74de3faa@group-B2FB7A36E2A4: shutdown
2019-10-08 21:42:57,596 [ForkJoinPool.commonPool-worker-0] INFO  util.JmxRegister (JmxRegister.java:unregister(73)) - Successfully un-registered JMX Bean with object name Ratis:service=RaftServer,group=group-B2FB7A36E2A4,id=d8bec1eb-3a40-4d5f-9cdd-386f74de3faa
2019-10-08 21:42:57,597 [ForkJoinPool.commonPool-worker-0] INFO  impl.RoleInfo (RoleInfo.java:shutdownLeaderState(104)) - d8bec1eb-3a40-4d5f-9cdd-386f74de3faa: shutdown LeaderState
2019-10-08 21:42:57,600 [org.apache.ratis.server.impl.LogAppender$AppenderDaemon$$Lambda$533/22912421@34abfbb3] WARN  server.GrpcLogAppender (GrpcLogAppender.java:mayWait(143)) - d8bec1eb-3a40-4d5f-9cdd-386f74de3faa@group-B2FB7A36E2A4->37f282ad-bafe-4016-8440-19fd6e71650b-GrpcLogAppender: Wait interrupted by java.lang.InterruptedException
2019-10-08 21:42:57,600 [ForkJoinPool.commonPool-worker-0] INFO  impl.PendingRequests (PendingRequests.java:sendNotLeaderResponses(202)) - d8bec1eb-3a40-4d5f-9cdd-386f74de3faa@group-B2FB7A36E2A4-PendingRequests: sendNotLeaderResponses
2019-10-08 21:42:57,600 [org.apache.ratis.server.impl.LogAppender$AppenderDaemon$$Lambda$533/22912421@5c25811e] WARN  server.GrpcLogAppender (GrpcLogAppender.java:mayWait(143)) - d8bec1eb-3a40-4d5f-9cdd-386f74de3faa@group-B2FB7A36E2A4->f79a475a-f87d-4dd7-800d-a3fc318e6f3c-GrpcLogAppender: Wait interrupted by java.lang.InterruptedException
2019-10-08 21:42:57,614 [02dfbb81-41fe-4c9c-9f09-786b8c3590a1@group-268F5F9AA7A0-StateMachineUpdater] INFO  ratis.ContainerStateMachine (ContainerStateMachine.java:takeSnapshot(305)) - group-268F5F9AA7A0: Finished taking a snapshot at:(t:2, i:7) file:/workdir/hadoop-ozone/integration-test/target/test-dir/MiniOzoneClusterImpl-a786e4cc-4f7e-42c9-bee1-c977ab225390/datanode-3/data/ratis/0c72ea3e-6e0f-43fb-85a8-268f5f9aa7a0/sm/snapshot.2_7 time:25
2019-10-08 21:42:57,614 [d8bec1eb-3a40-4d5f-9cdd-386f74de3faa@group-B2FB7A36E2A4-StateMachineUpdater] INFO  ratis.ContainerStateMachine (ContainerStateMachine.java:takeSnapshot(294)) - group-B2FB7A36E2A4: Taking a snapshot at:(t:3, i:6) file /workdir/hadoop-ozone/integration-test/target/test-dir/MiniOzoneClusterImpl-a786e4cc-4f7e-42c9-bee1-c977ab225390/datanode-2/data/ratis/92fc36b6-e86c-457c-8f1b-b2fb7a36e2a4/sm/snapshot.3_6
2019-10-08 21:42:57,614 [02dfbb81-41fe-4c9c-9f09-786b8c3590a1@group-268F5F9AA7A0-StateMachineUpdater] INFO  impl.StateMachineUpdater (StateMachineUpdater.java:takeSnapshot(269)) - 02dfbb81-41fe-4c9c-9f09-786b8c3590a1@group-268F5F9AA7A0-StateMachineUpdater: Took a snapshot at index 7
2019-10-08 21:42:57,614 [ForkJoinPool.commonPool-worker-0] INFO  impl.StateMachineUpdater (StateMachineUpdater.java:stopAndJoin(136)) - d8bec1eb-3a40-4d5f-9cdd-386f74de3faa@group-B2FB7A36E2A4-StateMachineUpdater: set stopIndex = 6
2019-10-08 21:42:57,615 [grpc-default-executor-11] INFO  server.GrpcServerProtocolService (GrpcServerProtocolService.java:onCompleted(113)) - 37f282ad-bafe-4016-8440-19fd6e71650b: Completed APPEND_ENTRIES, lastRequest: d8bec1eb-3a40-4d5f-9cdd-386f74de3faa->37f282ad-bafe-4016-8440-19fd6e71650b#11-t3, previous=(t:3, i:6), leaderCommit=6, initializing? false, entries: <empty>
2019-10-08 21:42:57,614 [02dfbb81-41fe-4c9c-9f09-786b8c3590a1@group-268F5F9AA7A0-StateMachineUpdater] INFO  impl.StateMachineUpdater (StateMachineUpdater.java:lambda$new$0(84)) - 02dfbb81-41fe-4c9c-9f09-786b8c3590a1@group-268F5F9AA7A0-StateMachineUpdater: snapshotIndex: updateIncreasingly -1 -> 7
2019-10-08 21:42:57,615 [grpc-default-executor-11] INFO  server.GrpcLogAppender (GrpcLogAppender.java:onCompleted(293)) - d8bec1eb-3a40-4d5f-9cdd-386f74de3faa@group-B2FB7A36E2A4->37f282ad-bafe-4016-8440-19fd6e71650b-AppendLogResponseHandler: follower responses appendEntries COMPLETED
2019-10-08 21:42:57,615 [main] INFO  impl.RaftServerImpl (ServerState.java:close(387)) - 02dfbb81-41fe-4c9c-9f09-786b8c3590a1@group-268F5F9AA7A0: closes. applyIndex: 7
2019-10-08 21:42:57,616 [02dfbb81-41fe-4c9c-9f09-786b8c3590a1@group-268F5F9AA7A0-SegmentedRaftLogWorker] INFO  segmented.SegmentedRaftLogWorker (SegmentedRaftLogWorker.java:run(316)) - 02dfbb81-41fe-4c9c-9f09-786b8c3590a1@group-268F5F9AA7A0-SegmentedRaftLogWorker was interrupted, exiting. There are 0 tasks remaining in the queue.
2019-10-08 21:42:57,616 [grpc-default-executor-11] INFO  impl.FollowerInfo (FollowerInfo.java:lambda$new$0(51)) - d8bec1eb-3a40-4d5f-9cdd-386f74de3faa@group-B2FB7A36E2A4->37f282ad-bafe-4016-8440-19fd6e71650b: nextIndex: updateUnconditionally 7 -> 6
2019-10-08 21:42:57,618 [main] INFO  segmented.SegmentedRaftLogWorker (SegmentedRaftLogWorker.java:close(224)) - 02dfbb81-41fe-4c9c-9f09-786b8c3590a1@group-268F5F9AA7A0-SegmentedRaftLogWorker close()
2019-10-08 21:42:57,622 [main] INFO  impl.RaftServerImpl (RaftServerImpl.java:lambda$shutdown$3(247)) - 02dfbb81-41fe-4c9c-9f09-786b8c3590a1@group-36C614EE03B0: shutdown
2019-10-08 21:42:57,622 [main] INFO  util.JmxRegister (JmxRegister.java:unregister(73)) - Successfully un-registered JMX Bean with object name Ratis:service=RaftServer,group=group-36C614EE03B0,id=02dfbb81-41fe-4c9c-9f09-786b8c3590a1
2019-10-08 21:42:57,622 [main] INFO  impl.RoleInfo (RoleInfo.java:shutdownLeaderState(104)) - 02dfbb81-41fe-4c9c-9f09-786b8c3590a1: shutdown LeaderState
2019-10-08 21:42:57,623 [main] INFO  impl.PendingRequests (PendingRequests.java:sendNotLeaderResponses(202)) - 02dfbb81-41fe-4c9c-9f09-786b8c3590a1@group-36C614EE03B0-PendingRequests: sendNotLeaderResponses
2019-10-08 21:42:57,623 [main] INFO  impl.StateMachineUpdater (StateMachineUpdater.java:stopAndJoin(136)) - 02dfbb81-41fe-4c9c-9f09-786b8c3590a1@group-36C614EE03B0-StateMachineUpdater: set stopIndex = 0
2019-10-08 21:42:57,623 [main] INFO  impl.RaftServerImpl (ServerState.java:close(387)) - 02dfbb81-41fe-4c9c-9f09-786b8c3590a1@group-36C614EE03B0: closes. applyIndex: 0
2019-10-08 21:42:57,624 [02dfbb81-41fe-4c9c-9f09-786b8c3590a1@group-36C614EE03B0-SegmentedRaftLogWorker] INFO  segmented.SegmentedRaftLogWorker (SegmentedRaftLogWorker.java:run(316)) - 02dfbb81-41fe-4c9c-9f09-786b8c3590a1@group-36C614EE03B0-SegmentedRaftLogWorker was interrupted, exiting. There are 0 tasks remaining in the queue.
2019-10-08 21:42:57,625 [main] INFO  segmented.SegmentedRaftLogWorker (SegmentedRaftLogWorker.java:close(224)) - 02dfbb81-41fe-4c9c-9f09-786b8c3590a1@group-36C614EE03B0-SegmentedRaftLogWorker close()
2019-10-08 21:42:57,633 [main] INFO  server.GrpcService (GrpcService.java:closeImpl(164)) - 02dfbb81-41fe-4c9c-9f09-786b8c3590a1: shutdown server with port 44243 now
2019-10-08 21:42:57,633 [d8bec1eb-3a40-4d5f-9cdd-386f74de3faa@group-B2FB7A36E2A4-StateMachineUpdater] INFO  ratis.ContainerStateMachine (ContainerStateMachine.java:takeSnapshot(305)) - group-B2FB7A36E2A4: Finished taking a snapshot at:(t:3, i:6) file:/workdir/hadoop-ozone/integration-test/target/test-dir/MiniOzoneClusterImpl-a786e4cc-4f7e-42c9-bee1-c977ab225390/datanode-2/data/ratis/92fc36b6-e86c-457c-8f1b-b2fb7a36e2a4/sm/snapshot.3_6 time:20
2019-10-08 21:42:57,633 [d8bec1eb-3a40-4d5f-9cdd-386f74de3faa@group-B2FB7A36E2A4-StateMachineUpdater] INFO  impl.StateMachineUpdater (StateMachineUpdater.java:takeSnapshot(269)) - d8bec1eb-3a40-4d5f-9cdd-386f74de3faa@group-B2FB7A36E2A4-StateMachineUpdater: Took a snapshot at index 6
2019-10-08 21:42:57,633 [d8bec1eb-3a40-4d5f-9cdd-386f74de3faa@group-B2FB7A36E2A4-StateMachineUpdater] INFO  impl.StateMachineUpdater (StateMachineUpdater.java:lambda$new$0(84)) - d8bec1eb-3a40-4d5f-9cdd-386f74de3faa@group-B2FB7A36E2A4-StateMachineUpdater: snapshotIndex: updateIncreasingly -1 -> 6
2019-10-08 21:42:57,634 [ForkJoinPool.commonPool-worker-0] INFO  impl.RaftServerImpl (ServerState.java:close(387)) - d8bec1eb-3a40-4d5f-9cdd-386f74de3faa@group-B2FB7A36E2A4: closes. applyIndex: 6
2019-10-08 21:42:57,634 [main] INFO  server.GrpcService (GrpcService.java:closeImpl(172)) - 02dfbb81-41fe-4c9c-9f09-786b8c3590a1: shutdown server with port 44243 successfully
2019-10-08 21:42:57,634 [grpc-default-executor-9] WARN  server.GrpcServerProtocolService (LogUtils.java:warn(134)) - 02dfbb81-41fe-4c9c-9f09-786b8c3590a1: installSnapshot onError, lastRequest: cd004493-3f35-4f7b-8d64-4b1cedb0745f->02dfbb81-41fe-4c9c-9f09-786b8c3590a1#13-t2, previous=(t:2, i:7), leaderCommit=7, initializing? false, entries: size=1, first=(t:2, i:8), METADATAENTRY(c7): org.apache.ratis.thirdparty.io.grpc.StatusRuntimeException: CANCELLED: cancelled before receiving half close
2019-10-08 21:42:57,634 [d8bec1eb-3a40-4d5f-9cdd-386f74de3faa@group-B2FB7A36E2A4-SegmentedRaftLogWorker] INFO  segmented.SegmentedRaftLogWorker (SegmentedRaftLogWorker.java:run(316)) - d8bec1eb-3a40-4d5f-9cdd-386f74de3faa@group-B2FB7A36E2A4-SegmentedRaftLogWorker was interrupted, exiting. There are 0 tasks remaining in the queue.
2019-10-08 21:42:57,634 [grpc-default-executor-4] WARN  server.GrpcLogAppender (LogUtils.java:warn(134)) - cd004493-3f35-4f7b-8d64-4b1cedb0745f@group-268F5F9AA7A0->02dfbb81-41fe-4c9c-9f09-786b8c3590a1-AppendLogResponseHandler: Failed appendEntries: org.apache.ratis.thirdparty.io.grpc.StatusRuntimeException: CANCELLED: HTTP/2 error code: CANCEL
Received Rst Stream
2019-10-08 21:42:57,635 [grpc-default-executor-4] INFO  impl.FollowerInfo (FollowerInfo.java:lambda$new$0(51)) - cd004493-3f35-4f7b-8d64-4b1cedb0745f@group-268F5F9AA7A0->02dfbb81-41fe-4c9c-9f09-786b8c3590a1: nextIndex: updateUnconditionally 9 -> 8
2019-10-08 21:42:57,638 [ForkJoinPool.commonPool-worker-0] INFO  segmented.SegmentedRaftLogWorker (SegmentedRaftLogWorker.java:close(224)) - d8bec1eb-3a40-4d5f-9cdd-386f74de3faa@group-B2FB7A36E2A4-SegmentedRaftLogWorker close()
2019-10-08 21:42:57,640 [ForkJoinPool.commonPool-worker-0] INFO  server.GrpcService (GrpcService.java:closeImpl(164)) - d8bec1eb-3a40-4d5f-9cdd-386f74de3faa: shutdown server with port 37030 now
2019-10-08 21:42:57,641 [grpc-default-executor-4] WARN  client.GrpcClientProtocolService (LogUtils.java:warn(134)) - 5-UnorderedRequestStreamObserver5: onError: org.apache.ratis.thirdparty.io.grpc.StatusRuntimeException: CANCELLED: cancelled before receiving half close
2019-10-08 21:42:57,642 [refreshUsed-/workdir/hadoop-ozone/integration-test/target/test-dir/MiniOzoneClusterImpl-a786e4cc-4f7e-42c9-bee1-c977ab225390/datanode-3/data/containers] WARN  fs.CachingGetSpaceUsed (CachingGetSpaceUsed.java:run(183)) - Thread Interrupted waiting to refresh disk information: sleep interrupted
2019-10-08 21:42:57,642 [ForkJoinPool.commonPool-worker-0] INFO  server.GrpcService (GrpcService.java:closeImpl(172)) - d8bec1eb-3a40-4d5f-9cdd-386f74de3faa: shutdown server with port 37030 successfully
2019-10-08 21:42:57,645 [refreshUsed-/workdir/hadoop-ozone/integration-test/target/test-dir/MiniOzoneClusterImpl-a786e4cc-4f7e-42c9-bee1-c977ab225390/datanode-2/data/containers] WARN  fs.CachingGetSpaceUsed (CachingGetSpaceUsed.java:run(183)) - Thread Interrupted waiting to refresh disk information: sleep interrupted
2019-10-08 21:42:57,658 [ForkJoinPool.commonPool-worker-0] INFO  utils.BackgroundService (BackgroundService.java:shutdown(148)) - Shutting down service BlockDeletingService
2019-10-08 21:42:57,664 [ForkJoinPool.commonPool-worker-0] INFO  statemachine.DatanodeStateMachine (DatanodeStateMachine.java:stopDaemon(395)) - Ozone container server stopped.
2019-10-08 21:42:57,669 [ForkJoinPool.commonPool-worker-0] INFO  handler.ContextHandler (ContextHandler.java:doStop(910)) - Stopped o.e.j.w.WebAppContext@7c5c20ed{/,null,UNAVAILABLE}{/hddsDatanode}
2019-10-08 21:42:57,669 [ForkJoinPool.commonPool-worker-0] INFO  server.AbstractConnector (AbstractConnector.java:doStop(318)) - Stopped ServerConnector@6113a26f{HTTP/1.1,[http/1.1]}{0.0.0.0:0}
2019-10-08 21:42:57,671 [ForkJoinPool.commonPool-worker-0] INFO  handler.ContextHandler (ContextHandler.java:doStop(910)) - Stopped o.e.j.s.ServletContextHandler@6ac756b{/static,jar:file:/home/user/.m2/repository/org/apache/hadoop/hadoop-hdds-container-service/0.5.0-SNAPSHOT/hadoop-hdds-container-service-0.5.0-SNAPSHOT.jar!/webapps/static,UNAVAILABLE}
2019-10-08 21:42:57,672 [ForkJoinPool.commonPool-worker-0] INFO  handler.ContextHandler (ContextHandler.java:doStop(910)) - Stopped o.e.j.s.ServletContextHandler@6f8ac8d5{/logs,file:///workdir/hadoop-ozone/integration-test/target/log,UNAVAILABLE}
2019-10-08 21:42:57,674 [main] INFO  utils.BackgroundService (BackgroundService.java:shutdown(148)) - Shutting down service BlockDeletingService
2019-10-08 21:42:57,678 [main] INFO  statemachine.DatanodeStateMachine (DatanodeStateMachine.java:stopDaemon(395)) - Ozone container server stopped.
2019-10-08 21:42:57,679 [main] INFO  handler.ContextHandler (ContextHandler.java:doStop(910)) - Stopped o.e.j.w.WebAppContext@da22aa{/,null,UNAVAILABLE}{/hddsDatanode}
2019-10-08 21:42:57,680 [main] INFO  server.AbstractConnector (AbstractConnector.java:doStop(318)) - Stopped ServerConnector@75452aea{HTTP/1.1,[http/1.1]}{0.0.0.0:0}
2019-10-08 21:42:57,680 [main] INFO  handler.ContextHandler (ContextHandler.java:doStop(910)) - Stopped o.e.j.s.ServletContextHandler@23469199{/static,jar:file:/home/user/.m2/repository/org/apache/hadoop/hadoop-hdds-container-service/0.5.0-SNAPSHOT/hadoop-hdds-container-service-0.5.0-SNAPSHOT.jar!/webapps/static,UNAVAILABLE}
2019-10-08 21:42:57,680 [main] INFO  handler.ContextHandler (ContextHandler.java:doStop(910)) - Stopped o.e.j.s.ServletContextHandler@8af1c49{/logs,file:///workdir/hadoop-ozone/integration-test/target/log,UNAVAILABLE}
2019-10-08 21:42:57,921 [grpc-default-executor-4] WARN  server.GrpcLogAppender (LogUtils.java:warn(134)) - cd004493-3f35-4f7b-8d64-4b1cedb0745f@group-268F5F9AA7A0->9cadff80-323a-4875-a850-3abc17c82d3b-AppendLogResponseHandler: Failed appendEntries: org.apache.ratis.thirdparty.io.grpc.StatusRuntimeException: UNAVAILABLE: io exception
2019-10-08 21:42:57,921 [grpc-default-executor-4] INFO  impl.FollowerInfo (FollowerInfo.java:lambda$new$0(51)) - cd004493-3f35-4f7b-8d64-4b1cedb0745f@group-268F5F9AA7A0->9cadff80-323a-4875-a850-3abc17c82d3b: nextIndex: updateUnconditionally 5 -> 4
2019-10-08 21:42:57,921 [grpc-default-executor-9] WARN  server.GrpcLogAppender (LogUtils.java:warn(134)) - cd004493-3f35-4f7b-8d64-4b1cedb0745f@group-268F5F9AA7A0->02dfbb81-41fe-4c9c-9f09-786b8c3590a1-AppendLogResponseHandler: Failed appendEntries: org.apache.ratis.thirdparty.io.grpc.StatusRuntimeException: UNAVAILABLE: io exception
2019-10-08 21:42:57,921 [grpc-default-executor-9] INFO  impl.FollowerInfo (FollowerInfo.java:lambda$new$0(51)) - cd004493-3f35-4f7b-8d64-4b1cedb0745f@group-268F5F9AA7A0->02dfbb81-41fe-4c9c-9f09-786b8c3590a1: nextIndex: updateUnconditionally 8 -> 7
2019-10-08 21:42:58,135 [Datanode State Machine Thread - 0] INFO  statemachine.DatanodeStateMachine (DatanodeStateMachine.java:lambda$startDaemon$0(350)) - Ozone container server started.
2019-10-08 21:42:58,496 [Datanode State Machine Thread - 0] INFO  statemachine.DatanodeStateMachine (DatanodeStateMachine.java:lambda$startDaemon$0(350)) - Ozone container server started.
2019-10-08 21:43:00,422 [grpc-default-executor-12] WARN  server.GrpcLogAppender (LogUtils.java:warn(134)) - cd004493-3f35-4f7b-8d64-4b1cedb0745f@group-268F5F9AA7A0->9cadff80-323a-4875-a850-3abc17c82d3b-AppendLogResponseHandler: Failed appendEntries: org.apache.ratis.thirdparty.io.grpc.StatusRuntimeException: UNAVAILABLE: io exception
2019-10-08 21:43:00,422 [grpc-default-executor-11] WARN  server.GrpcLogAppender (LogUtils.java:warn(134)) - cd004493-3f35-4f7b-8d64-4b1cedb0745f@group-268F5F9AA7A0->02dfbb81-41fe-4c9c-9f09-786b8c3590a1-AppendLogResponseHandler: Failed appendEntries: org.apache.ratis.thirdparty.io.grpc.StatusRuntimeException: UNAVAILABLE: io exception
2019-10-08 21:43:00,422 [grpc-default-executor-12] INFO  impl.FollowerInfo (FollowerInfo.java:lambda$new$0(51)) - cd004493-3f35-4f7b-8d64-4b1cedb0745f@group-268F5F9AA7A0->9cadff80-323a-4875-a850-3abc17c82d3b: nextIndex: updateUnconditionally 4 -> 3
2019-10-08 21:43:00,423 [grpc-default-executor-11] INFO  impl.FollowerInfo (FollowerInfo.java:lambda$new$0(51)) - cd004493-3f35-4f7b-8d64-4b1cedb0745f@group-268F5F9AA7A0->02dfbb81-41fe-4c9c-9f09-786b8c3590a1: nextIndex: updateUnconditionally 7 -> 6
2019-10-08 21:43:02,146 [EventQueue-StaleNodeForStaleNodeHandler] INFO  node.StaleNodeHandler (StaleNodeHandler.java:onMessage(58)) - Datanode 37f282ad-bafe-4016-8440-19fd6e71650b{ip: 192.168.151.107, host: pr-hdds-2217-2kdk4-3258704453, networkLocation: /default-rack, certSerialId: null} moved to stale state. Finalizing its pipelines [PipelineID=da05ffe4-3343-4673-b9ec-75f67eede390, PipelineID=92fc36b6-e86c-457c-8f1b-b2fb7a36e2a4]
2019-10-08 21:43:02,147 [EventQueue-StaleNodeForStaleNodeHandler] INFO  pipeline.SCMPipelineManager (SCMPipelineManager.java:finalizeAndDestroyPipeline(315)) - destroying pipeline:Pipeline[ Id: da05ffe4-3343-4673-b9ec-75f67eede390, Nodes: 37f282ad-bafe-4016-8440-19fd6e71650b{ip: 192.168.151.107, host: pr-hdds-2217-2kdk4-3258704453, networkLocation: /default-rack, certSerialId: null}, Type:RATIS, Factor:ONE, State:OPEN]
2019-10-08 21:43:02,147 [EventQueue-StaleNodeForStaleNodeHandler] INFO  pipeline.PipelineStateManager (PipelineStateManager.java:finalizePipeline(123)) - Pipeline Pipeline[ Id: da05ffe4-3343-4673-b9ec-75f67eede390, Nodes: 37f282ad-bafe-4016-8440-19fd6e71650b{ip: 192.168.151.107, host: pr-hdds-2217-2kdk4-3258704453, networkLocation: /default-rack, certSerialId: null}, Type:RATIS, Factor:ONE, State:CLOSED] moved to CLOSED state
2019-10-08 21:43:02,148 [EventQueue-StaleNodeForStaleNodeHandler] INFO  pipeline.SCMPipelineManager (SCMPipelineManager.java:finalizeAndDestroyPipeline(315)) - destroying pipeline:Pipeline[ Id: 92fc36b6-e86c-457c-8f1b-b2fb7a36e2a4, Nodes: 37f282ad-bafe-4016-8440-19fd6e71650b{ip: 192.168.151.107, host: pr-hdds-2217-2kdk4-3258704453, networkLocation: /default-rack, certSerialId: null}f79a475a-f87d-4dd7-800d-a3fc318e6f3c{ip: 192.168.151.107, host: pr-hdds-2217-2kdk4-3258704453, networkLocation: /default-rack, certSerialId: null}d8bec1eb-3a40-4d5f-9cdd-386f74de3faa{ip: 192.168.151.107, host: pr-hdds-2217-2kdk4-3258704453, networkLocation: /default-rack, certSerialId: null}, Type:RATIS, Factor:THREE, State:CLOSED]
2019-10-08 21:43:02,546 [EventQueue-StaleNodeForStaleNodeHandler] INFO  node.StaleNodeHandler (StaleNodeHandler.java:onMessage(58)) - Datanode e9ac3b00-6169-4822-b384-d084a198d5d2{ip: 192.168.151.107, host: pr-hdds-2217-2kdk4-3258704453, networkLocation: /default-rack, certSerialId: null} moved to stale state. Finalizing its pipelines []
2019-10-08 21:43:02,674 [ForkJoinPool.commonPool-worker-0] INFO  ozoneimpl.OzoneContainer (OzoneContainer.java:stop(227)) - Attempting to stop container services.
2019-10-08 21:43:02,678 [ForkJoinPool.commonPool-worker-0] INFO  impl.RaftServerProxy (RaftServerProxy.java:lambda$close$4(314)) - 37f282ad-bafe-4016-8440-19fd6e71650b: close
2019-10-08 21:43:02,679 [ForkJoinPool.commonPool-worker-0] INFO  impl.RaftServerImpl (RaftServerImpl.java:lambda$shutdown$3(247)) - 37f282ad-bafe-4016-8440-19fd6e71650b@group-75F67EEDE390: shutdown
2019-10-08 21:43:02,679 [ForkJoinPool.commonPool-worker-0] INFO  util.JmxRegister (JmxRegister.java:unregister(73)) - Successfully un-registered JMX Bean with object name Ratis:service=RaftServer,group=group-75F67EEDE390,id=37f282ad-bafe-4016-8440-19fd6e71650b
2019-10-08 21:43:02,679 [ForkJoinPool.commonPool-worker-0] INFO  impl.RoleInfo (RoleInfo.java:shutdownLeaderState(104)) - 37f282ad-bafe-4016-8440-19fd6e71650b: shutdown LeaderState
2019-10-08 21:43:02,679 [ForkJoinPool.commonPool-worker-0] INFO  impl.PendingRequests (PendingRequests.java:sendNotLeaderResponses(202)) - 37f282ad-bafe-4016-8440-19fd6e71650b@group-75F67EEDE390-PendingRequests: sendNotLeaderResponses
2019-10-08 21:43:02,680 [ForkJoinPool.commonPool-worker-0] INFO  impl.StateMachineUpdater (StateMachineUpdater.java:stopAndJoin(136)) - 37f282ad-bafe-4016-8440-19fd6e71650b@group-75F67EEDE390-StateMachineUpdater: set stopIndex = 0
2019-10-08 21:43:02,681 [ForkJoinPool.commonPool-worker-0] INFO  impl.RaftServerImpl (ServerState.java:close(387)) - 37f282ad-bafe-4016-8440-19fd6e71650b@group-75F67EEDE390: closes. applyIndex: 0
2019-10-08 21:43:02,681 [main] INFO  ozoneimpl.OzoneContainer (OzoneContainer.java:stop(227)) - Attempting to stop container services.
2019-10-08 21:43:02,681 [37f282ad-bafe-4016-8440-19fd6e71650b@group-75F67EEDE390-SegmentedRaftLogWorker] INFO  segmented.SegmentedRaftLogWorker (SegmentedRaftLogWorker.java:run(316)) - 37f282ad-bafe-4016-8440-19fd6e71650b@group-75F67EEDE390-SegmentedRaftLogWorker was interrupted, exiting. There are 0 tasks remaining in the queue.
2019-10-08 21:43:02,682 [main] INFO  impl.RaftServerProxy (RaftServerProxy.java:lambda$close$4(314)) - e9ac3b00-6169-4822-b384-d084a198d5d2: close
2019-10-08 21:43:02,685 [main] INFO  server.GrpcService (GrpcService.java:closeImpl(164)) - e9ac3b00-6169-4822-b384-d084a198d5d2: shutdown server with port 42762 now
2019-10-08 21:43:02,685 [ForkJoinPool.commonPool-worker-0] INFO  segmented.SegmentedRaftLogWorker (SegmentedRaftLogWorker.java:close(224)) - 37f282ad-bafe-4016-8440-19fd6e71650b@group-75F67EEDE390-SegmentedRaftLogWorker close()
2019-10-08 21:43:02,688 [ForkJoinPool.commonPool-worker-0] INFO  impl.RaftServerImpl (RaftServerImpl.java:lambda$shutdown$3(247)) - 37f282ad-bafe-4016-8440-19fd6e71650b@group-B2FB7A36E2A4: shutdown
2019-10-08 21:43:02,688 [ForkJoinPool.commonPool-worker-0] INFO  util.JmxRegister (JmxRegister.java:unregister(73)) - Successfully un-registered JMX Bean with object name Ratis:service=RaftServer,group=group-B2FB7A36E2A4,id=37f282ad-bafe-4016-8440-19fd6e71650b
2019-10-08 21:43:02,688 [main] INFO  server.GrpcService (GrpcService.java:closeImpl(172)) - e9ac3b00-6169-4822-b384-d084a198d5d2: shutdown server with port 42762 successfully
2019-10-08 21:43:02,688 [ForkJoinPool.commonPool-worker-0] INFO  impl.RoleInfo (RoleInfo.java:shutdownFollowerState(121)) - 37f282ad-bafe-4016-8440-19fd6e71650b: shutdown FollowerState
2019-10-08 21:43:02,690 [ForkJoinPool.commonPool-worker-0] INFO  impl.StateMachineUpdater (StateMachineUpdater.java:stopAndJoin(136)) - 37f282ad-bafe-4016-8440-19fd6e71650b@group-B2FB7A36E2A4-StateMachineUpdater: set stopIndex = 6
2019-10-08 21:43:02,693 [Thread-4515] INFO  impl.FollowerState (FollowerState.java:run(117)) - 37f282ad-bafe-4016-8440-19fd6e71650b@group-B2FB7A36E2A4-FollowerState was interrupted: java.lang.InterruptedException: sleep interrupted
2019-10-08 21:43:02,693 [37f282ad-bafe-4016-8440-19fd6e71650b@group-B2FB7A36E2A4-StateMachineUpdater] INFO  ratis.ContainerStateMachine (ContainerStateMachine.java:takeSnapshot(294)) - group-B2FB7A36E2A4: Taking a snapshot at:(t:3, i:6) file /workdir/hadoop-ozone/integration-test/target/test-dir/MiniOzoneClusterImpl-a786e4cc-4f7e-42c9-bee1-c977ab225390/datanode-0/data/ratis/92fc36b6-e86c-457c-8f1b-b2fb7a36e2a4/sm/snapshot.3_6
2019-10-08 21:43:02,697 [refreshUsed-/workdir/hadoop-ozone/integration-test/target/test-dir/MiniOzoneClusterImpl-a786e4cc-4f7e-42c9-bee1-c977ab225390/datanode-6/data/containers] WARN  fs.CachingGetSpaceUsed (CachingGetSpaceUsed.java:run(183)) - Thread Interrupted waiting to refresh disk information: sleep interrupted
2019-10-08 21:43:02,710 [main] INFO  utils.BackgroundService (BackgroundService.java:shutdown(148)) - Shutting down service BlockDeletingService
2019-10-08 21:43:02,715 [37f282ad-bafe-4016-8440-19fd6e71650b@group-B2FB7A36E2A4-StateMachineUpdater] INFO  ratis.ContainerStateMachine (ContainerStateMachine.java:takeSnapshot(305)) - group-B2FB7A36E2A4: Finished taking a snapshot at:(t:3, i:6) file:/workdir/hadoop-ozone/integration-test/target/test-dir/MiniOzoneClusterImpl-a786e4cc-4f7e-42c9-bee1-c977ab225390/datanode-0/data/ratis/92fc36b6-e86c-457c-8f1b-b2fb7a36e2a4/sm/snapshot.3_6 time:22
2019-10-08 21:43:02,715 [37f282ad-bafe-4016-8440-19fd6e71650b@group-B2FB7A36E2A4-StateMachineUpdater] INFO  impl.StateMachineUpdater (StateMachineUpdater.java:takeSnapshot(269)) - 37f282ad-bafe-4016-8440-19fd6e71650b@group-B2FB7A36E2A4-StateMachineUpdater: Took a snapshot at index 6
2019-10-08 21:43:02,715 [37f282ad-bafe-4016-8440-19fd6e71650b@group-B2FB7A36E2A4-StateMachineUpdater] INFO  impl.StateMachineUpdater (StateMachineUpdater.java:lambda$new$0(84)) - 37f282ad-bafe-4016-8440-19fd6e71650b@group-B2FB7A36E2A4-StateMachineUpdater: snapshotIndex: updateIncreasingly -1 -> 6
2019-10-08 21:43:02,717 [main] INFO  statemachine.DatanodeStateMachine (DatanodeStateMachine.java:stopDaemon(395)) - Ozone container server stopped.
2019-10-08 21:43:02,718 [ForkJoinPool.commonPool-worker-0] INFO  impl.RaftServerImpl (ServerState.java:close(387)) - 37f282ad-bafe-4016-8440-19fd6e71650b@group-B2FB7A36E2A4: closes. applyIndex: 6
2019-10-08 21:43:02,718 [37f282ad-bafe-4016-8440-19fd6e71650b@group-B2FB7A36E2A4-SegmentedRaftLogWorker] INFO  segmented.SegmentedRaftLogWorker (SegmentedRaftLogWorker.java:run(316)) - 37f282ad-bafe-4016-8440-19fd6e71650b@group-B2FB7A36E2A4-SegmentedRaftLogWorker was interrupted, exiting. There are 0 tasks remaining in the queue.
2019-10-08 21:43:02,720 [ForkJoinPool.commonPool-worker-0] INFO  segmented.SegmentedRaftLogWorker (SegmentedRaftLogWorker.java:close(224)) - 37f282ad-bafe-4016-8440-19fd6e71650b@group-B2FB7A36E2A4-SegmentedRaftLogWorker close()
2019-10-08 21:43:02,729 [ForkJoinPool.commonPool-worker-0] INFO  server.GrpcService (GrpcService.java:closeImpl(164)) - 37f282ad-bafe-4016-8440-19fd6e71650b: shutdown server with port 40714 now
2019-10-08 21:43:02,730 [ForkJoinPool.commonPool-worker-0] INFO  server.GrpcService (GrpcService.java:closeImpl(172)) - 37f282ad-bafe-4016-8440-19fd6e71650b: shutdown server with port 40714 successfully
2019-10-08 21:43:02,730 [main] INFO  handler.ContextHandler (ContextHandler.java:doStop(910)) - Stopped o.e.j.w.WebAppContext@61e14b53{/,null,UNAVAILABLE}{/hddsDatanode}
2019-10-08 21:43:02,731 [refreshUsed-/workdir/hadoop-ozone/integration-test/target/test-dir/MiniOzoneClusterImpl-a786e4cc-4f7e-42c9-bee1-c977ab225390/datanode-0/data/containers] WARN  fs.CachingGetSpaceUsed (CachingGetSpaceUsed.java:run(183)) - Thread Interrupted waiting to refresh disk information: sleep interrupted
2019-10-08 21:43:02,732 [main] INFO  server.AbstractConnector (AbstractConnector.java:doStop(318)) - Stopped ServerConnector@31b6b0c7{HTTP/1.1,[http/1.1]}{0.0.0.0:0}
2019-10-08 21:43:02,733 [main] INFO  handler.ContextHandler (ContextHandler.java:doStop(910)) - Stopped o.e.j.s.ServletContextHandler@19d27c27{/static,jar:file:/home/user/.m2/repository/org/apache/hadoop/hadoop-hdds-container-service/0.5.0-SNAPSHOT/hadoop-hdds-container-service-0.5.0-SNAPSHOT.jar!/webapps/static,UNAVAILABLE}
2019-10-08 21:43:02,733 [main] INFO  handler.ContextHandler (ContextHandler.java:doStop(910)) - Stopped o.e.j.s.ServletContextHandler@7d537616{/logs,file:///workdir/hadoop-ozone/integration-test/target/log,UNAVAILABLE}
2019-10-08 21:43:02,743 [ForkJoinPool.commonPool-worker-0] INFO  utils.BackgroundService (BackgroundService.java:shutdown(148)) - Shutting down service BlockDeletingService
2019-10-08 21:43:02,749 [ForkJoinPool.commonPool-worker-0] INFO  statemachine.DatanodeStateMachine (DatanodeStateMachine.java:stopDaemon(395)) - Ozone container server stopped.
2019-10-08 21:43:02,754 [ForkJoinPool.commonPool-worker-0] INFO  handler.ContextHandler (ContextHandler.java:doStop(910)) - Stopped o.e.j.w.WebAppContext@1f0e2bdc{/,null,UNAVAILABLE}{/hddsDatanode}
2019-10-08 21:43:02,754 [ForkJoinPool.commonPool-worker-0] INFO  server.AbstractConnector (AbstractConnector.java:doStop(318)) - Stopped ServerConnector@682266d8{HTTP/1.1,[http/1.1]}{0.0.0.0:0}
2019-10-08 21:43:02,756 [ForkJoinPool.commonPool-worker-0] INFO  handler.ContextHandler (ContextHandler.java:doStop(910)) - Stopped o.e.j.s.ServletContextHandler@63262071{/static,jar:file:/home/user/.m2/repository/org/apache/hadoop/hadoop-hdds-container-service/0.5.0-SNAPSHOT/hadoop-hdds-container-service-0.5.0-SNAPSHOT.jar!/webapps/static,UNAVAILABLE}
2019-10-08 21:43:02,757 [ForkJoinPool.commonPool-worker-0] INFO  handler.ContextHandler (ContextHandler.java:doStop(910)) - Stopped o.e.j.s.ServletContextHandler@5bb97fe7{/logs,file:///workdir/hadoop-ozone/integration-test/target/log,UNAVAILABLE}
2019-10-08 21:43:02,924 [grpc-default-executor-12] WARN  server.GrpcLogAppender (LogUtils.java:warn(134)) - cd004493-3f35-4f7b-8d64-4b1cedb0745f@group-268F5F9AA7A0->9cadff80-323a-4875-a850-3abc17c82d3b-AppendLogResponseHandler: Failed appendEntries: org.apache.ratis.thirdparty.io.grpc.StatusRuntimeException: UNAVAILABLE: io exception
2019-10-08 21:43:02,924 [grpc-default-executor-11] WARN  server.GrpcLogAppender (LogUtils.java:warn(134)) - cd004493-3f35-4f7b-8d64-4b1cedb0745f@group-268F5F9AA7A0->02dfbb81-41fe-4c9c-9f09-786b8c3590a1-AppendLogResponseHandler: Failed appendEntries: org.apache.ratis.thirdparty.io.grpc.StatusRuntimeException: UNAVAILABLE: io exception
2019-10-08 21:43:02,925 [grpc-default-executor-12] INFO  impl.FollowerInfo (FollowerInfo.java:lambda$new$0(51)) - cd004493-3f35-4f7b-8d64-4b1cedb0745f@group-268F5F9AA7A0->9cadff80-323a-4875-a850-3abc17c82d3b: nextIndex: updateUnconditionally 3 -> 2
2019-10-08 21:43:02,925 [grpc-default-executor-11] INFO  impl.FollowerInfo (FollowerInfo.java:lambda$new$0(51)) - cd004493-3f35-4f7b-8d64-4b1cedb0745f@group-268F5F9AA7A0->02dfbb81-41fe-4c9c-9f09-786b8c3590a1: nextIndex: updateUnconditionally 6 -> 5
2019-10-08 21:43:03,449 [Datanode State Machine Thread - 0] INFO  statemachine.DatanodeStateMachine (DatanodeStateMachine.java:lambda$startDaemon$0(350)) - Ozone container server started.
2019-10-08 21:43:05,425 [grpc-default-executor-11] WARN  server.GrpcLogAppender (LogUtils.java:warn(134)) - cd004493-3f35-4f7b-8d64-4b1cedb0745f@group-268F5F9AA7A0->9cadff80-323a-4875-a850-3abc17c82d3b-AppendLogResponseHandler: Failed appendEntries: org.apache.ratis.thirdparty.io.grpc.StatusRuntimeException: UNAVAILABLE: io exception
2019-10-08 21:43:05,425 [grpc-default-executor-9] WARN  server.GrpcLogAppender (LogUtils.java:warn(134)) - cd004493-3f35-4f7b-8d64-4b1cedb0745f@group-268F5F9AA7A0->02dfbb81-41fe-4c9c-9f09-786b8c3590a1-AppendLogResponseHandler: Failed appendEntries: org.apache.ratis.thirdparty.io.grpc.StatusRuntimeException: UNAVAILABLE: io exception
2019-10-08 21:43:05,426 [grpc-default-executor-11] INFO  impl.FollowerInfo (FollowerInfo.java:lambda$new$0(51)) - cd004493-3f35-4f7b-8d64-4b1cedb0745f@group-268F5F9AA7A0->9cadff80-323a-4875-a850-3abc17c82d3b: nextIndex: updateUnconditionally 2 -> 1
2019-10-08 21:43:05,426 [grpc-default-executor-9] INFO  impl.FollowerInfo (FollowerInfo.java:lambda$new$0(51)) - cd004493-3f35-4f7b-8d64-4b1cedb0745f@group-268F5F9AA7A0->02dfbb81-41fe-4c9c-9f09-786b8c3590a1: nextIndex: updateUnconditionally 5 -> 4
2019-10-08 21:43:07,453 [EventQueue-StaleNodeForStaleNodeHandler] INFO  node.StaleNodeHandler (StaleNodeHandler.java:onMessage(58)) - Datanode cd004493-3f35-4f7b-8d64-4b1cedb0745f{ip: 192.168.151.107, host: pr-hdds-2217-2kdk4-3258704453, networkLocation: /default-rack, certSerialId: null} moved to stale state. Finalizing its pipelines [PipelineID=0c72ea3e-6e0f-43fb-85a8-268f5f9aa7a0, PipelineID=3f7642f9-abad-4dbc-b0c8-a106a1e3fa9c]
2019-10-08 21:43:07,454 [EventQueue-StaleNodeForStaleNodeHandler] INFO  pipeline.SCMPipelineManager (SCMPipelineManager.java:finalizeAndDestroyPipeline(315)) - destroying pipeline:Pipeline[ Id: 0c72ea3e-6e0f-43fb-85a8-268f5f9aa7a0, Nodes: 02dfbb81-41fe-4c9c-9f09-786b8c3590a1{ip: 192.168.151.107, host: pr-hdds-2217-2kdk4-3258704453, networkLocation: /default-rack, certSerialId: null}cd004493-3f35-4f7b-8d64-4b1cedb0745f{ip: 192.168.151.107, host: pr-hdds-2217-2kdk4-3258704453, networkLocation: /default-rack, certSerialId: null}9cadff80-323a-4875-a850-3abc17c82d3b{ip: 192.168.151.107, host: pr-hdds-2217-2kdk4-3258704453, networkLocation: /default-rack, certSerialId: null}, Type:RATIS, Factor:THREE, State:CLOSED]
2019-10-08 21:43:07,454 [EventQueue-StaleNodeForStaleNodeHandler] INFO  pipeline.SCMPipelineManager (SCMPipelineManager.java:finalizeAndDestroyPipeline(315)) - destroying pipeline:Pipeline[ Id: 3f7642f9-abad-4dbc-b0c8-a106a1e3fa9c, Nodes: cd004493-3f35-4f7b-8d64-4b1cedb0745f{ip: 192.168.151.107, host: pr-hdds-2217-2kdk4-3258704453, networkLocation: /default-rack, certSerialId: null}, Type:RATIS, Factor:ONE, State:OPEN]
2019-10-08 21:43:07,454 [EventQueue-StaleNodeForStaleNodeHandler] INFO  pipeline.PipelineStateManager (PipelineStateManager.java:finalizePipeline(123)) - Pipeline Pipeline[ Id: 3f7642f9-abad-4dbc-b0c8-a106a1e3fa9c, Nodes: cd004493-3f35-4f7b-8d64-4b1cedb0745f{ip: 192.168.151.107, host: pr-hdds-2217-2kdk4-3258704453, networkLocation: /default-rack, certSerialId: null}, Type:RATIS, Factor:ONE, State:CLOSED] moved to CLOSED state
2019-10-08 21:43:07,736 [main] INFO  ozoneimpl.OzoneContainer (OzoneContainer.java:stop(227)) - Attempting to stop container services.
2019-10-08 21:43:07,739 [main] INFO  impl.RaftServerProxy (RaftServerProxy.java:lambda$close$4(314)) - cd004493-3f35-4f7b-8d64-4b1cedb0745f: close
2019-10-08 21:43:07,740 [main] INFO  impl.RaftServerImpl (RaftServerImpl.java:lambda$shutdown$3(247)) - cd004493-3f35-4f7b-8d64-4b1cedb0745f@group-268F5F9AA7A0: shutdown
2019-10-08 21:43:07,740 [ForkJoinPool.commonPool-worker-1] INFO  impl.RaftServerImpl (RaftServerImpl.java:lambda$shutdown$3(247)) - cd004493-3f35-4f7b-8d64-4b1cedb0745f@group-A106A1E3FA9C: shutdown
2019-10-08 21:43:07,741 [main] INFO  util.JmxRegister (JmxRegister.java:unregister(73)) - Successfully un-registered JMX Bean with object name Ratis:service=RaftServer,group=group-268F5F9AA7A0,id=cd004493-3f35-4f7b-8d64-4b1cedb0745f
2019-10-08 21:43:07,741 [ForkJoinPool.commonPool-worker-1] INFO  util.JmxRegister (JmxRegister.java:unregister(73)) - Successfully un-registered JMX Bean with object name Ratis:service=RaftServer,group=group-A106A1E3FA9C,id=cd004493-3f35-4f7b-8d64-4b1cedb0745f
2019-10-08 21:43:07,741 [main] INFO  impl.RoleInfo (RoleInfo.java:shutdownLeaderState(104)) - cd004493-3f35-4f7b-8d64-4b1cedb0745f: shutdown LeaderState
2019-10-08 21:43:07,741 [ForkJoinPool.commonPool-worker-1] INFO  impl.RoleInfo (RoleInfo.java:shutdownLeaderState(104)) - cd004493-3f35-4f7b-8d64-4b1cedb0745f: shutdown LeaderState
2019-10-08 21:43:07,744 [main] INFO  impl.PendingRequests (PendingRequests.java:sendNotLeaderResponses(202)) - cd004493-3f35-4f7b-8d64-4b1cedb0745f@group-268F5F9AA7A0-PendingRequests: sendNotLeaderResponses
2019-10-08 21:43:07,744 [org.apache.ratis.server.impl.LogAppender$AppenderDaemon$$Lambda$533/22912421@6507124f] WARN  server.GrpcLogAppender (GrpcLogAppender.java:mayWait(143)) - cd004493-3f35-4f7b-8d64-4b1cedb0745f@group-268F5F9AA7A0->9cadff80-323a-4875-a850-3abc17c82d3b-GrpcLogAppender: Wait interrupted by java.lang.InterruptedException
2019-10-08 21:43:07,744 [org.apache.ratis.server.impl.LogAppender$AppenderDaemon$$Lambda$533/22912421@2025d28f] WARN  server.GrpcLogAppender (GrpcLogAppender.java:mayWait(143)) - cd004493-3f35-4f7b-8d64-4b1cedb0745f@group-268F5F9AA7A0->02dfbb81-41fe-4c9c-9f09-786b8c3590a1-GrpcLogAppender: Wait interrupted by java.lang.InterruptedException
2019-10-08 21:43:07,744 [ForkJoinPool.commonPool-worker-1] INFO  impl.PendingRequests (PendingRequests.java:sendNotLeaderResponses(202)) - cd004493-3f35-4f7b-8d64-4b1cedb0745f@group-A106A1E3FA9C-PendingRequests: sendNotLeaderResponses
2019-10-08 21:43:07,745 [ForkJoinPool.commonPool-worker-1] INFO  impl.StateMachineUpdater (StateMachineUpdater.java:stopAndJoin(136)) - cd004493-3f35-4f7b-8d64-4b1cedb0745f@group-A106A1E3FA9C-StateMachineUpdater: set stopIndex = 0
2019-10-08 21:43:07,745 [main] INFO  impl.StateMachineUpdater (StateMachineUpdater.java:stopAndJoin(136)) - cd004493-3f35-4f7b-8d64-4b1cedb0745f@group-268F5F9AA7A0-StateMachineUpdater: set stopIndex = 8
2019-10-08 21:43:07,746 [ForkJoinPool.commonPool-worker-1] INFO  impl.RaftServerImpl (ServerState.java:close(387)) - cd004493-3f35-4f7b-8d64-4b1cedb0745f@group-A106A1E3FA9C: closes. applyIndex: 0
2019-10-08 21:43:07,746 [cd004493-3f35-4f7b-8d64-4b1cedb0745f@group-268F5F9AA7A0-StateMachineUpdater] INFO  ratis.ContainerStateMachine (ContainerStateMachine.java:takeSnapshot(294)) - group-268F5F9AA7A0: Taking a snapshot at:(t:2, i:8) file /workdir/hadoop-ozone/integration-test/target/test-dir/MiniOzoneClusterImpl-a786e4cc-4f7e-42c9-bee1-c977ab225390/datanode-5/data/ratis/0c72ea3e-6e0f-43fb-85a8-268f5f9aa7a0/sm/snapshot.2_8
2019-10-08 21:43:07,746 [cd004493-3f35-4f7b-8d64-4b1cedb0745f@group-A106A1E3FA9C-SegmentedRaftLogWorker] INFO  segmented.SegmentedRaftLogWorker (SegmentedRaftLogWorker.java:run(316)) - cd004493-3f35-4f7b-8d64-4b1cedb0745f@group-A106A1E3FA9C-SegmentedRaftLogWorker was interrupted, exiting. There are 0 tasks remaining in the queue.
2019-10-08 21:43:07,747 [ForkJoinPool.commonPool-worker-1] INFO  segmented.SegmentedRaftLogWorker (SegmentedRaftLogWorker.java:close(224)) - cd004493-3f35-4f7b-8d64-4b1cedb0745f@group-A106A1E3FA9C-SegmentedRaftLogWorker close()
2019-10-08 21:43:07,761 [cd004493-3f35-4f7b-8d64-4b1cedb0745f@group-268F5F9AA7A0-StateMachineUpdater] INFO  ratis.ContainerStateMachine (ContainerStateMachine.java:takeSnapshot(305)) - group-268F5F9AA7A0: Finished taking a snapshot at:(t:2, i:8) file:/workdir/hadoop-ozone/integration-test/target/test-dir/MiniOzoneClusterImpl-a786e4cc-4f7e-42c9-bee1-c977ab225390/datanode-5/data/ratis/0c72ea3e-6e0f-43fb-85a8-268f5f9aa7a0/sm/snapshot.2_8 time:16
2019-10-08 21:43:07,761 [cd004493-3f35-4f7b-8d64-4b1cedb0745f@group-268F5F9AA7A0-StateMachineUpdater] INFO  impl.StateMachineUpdater (StateMachineUpdater.java:takeSnapshot(269)) - cd004493-3f35-4f7b-8d64-4b1cedb0745f@group-268F5F9AA7A0-StateMachineUpdater: Took a snapshot at index 8
2019-10-08 21:43:07,762 [cd004493-3f35-4f7b-8d64-4b1cedb0745f@group-268F5F9AA7A0-StateMachineUpdater] INFO  impl.StateMachineUpdater (StateMachineUpdater.java:lambda$new$0(84)) - cd004493-3f35-4f7b-8d64-4b1cedb0745f@group-268F5F9AA7A0-StateMachineUpdater: snapshotIndex: updateIncreasingly -1 -> 8
2019-10-08 21:43:07,762 [main] INFO  impl.RaftServerImpl (ServerState.java:close(387)) - cd004493-3f35-4f7b-8d64-4b1cedb0745f@group-268F5F9AA7A0: closes. applyIndex: 8
2019-10-08 21:43:07,763 [cd004493-3f35-4f7b-8d64-4b1cedb0745f@group-268F5F9AA7A0-SegmentedRaftLogWorker] INFO  segmented.SegmentedRaftLogWorker (SegmentedRaftLogWorker.java:run(316)) - cd004493-3f35-4f7b-8d64-4b1cedb0745f@group-268F5F9AA7A0-SegmentedRaftLogWorker was interrupted, exiting. There are 0 tasks remaining in the queue.
2019-10-08 21:43:07,763 [main] INFO  segmented.SegmentedRaftLogWorker (SegmentedRaftLogWorker.java:close(224)) - cd004493-3f35-4f7b-8d64-4b1cedb0745f@group-268F5F9AA7A0-SegmentedRaftLogWorker close()
2019-10-08 21:43:07,763 [main] INFO  server.GrpcService (GrpcService.java:closeImpl(164)) - cd004493-3f35-4f7b-8d64-4b1cedb0745f: shutdown server with port 44169 now
2019-10-08 21:43:07,764 [main] INFO  server.GrpcService (GrpcService.java:closeImpl(172)) - cd004493-3f35-4f7b-8d64-4b1cedb0745f: shutdown server with port 44169 successfully
2019-10-08 21:43:07,769 [refreshUsed-/workdir/hadoop-ozone/integration-test/target/test-dir/MiniOzoneClusterImpl-a786e4cc-4f7e-42c9-bee1-c977ab225390/datanode-5/data/containers] WARN  fs.CachingGetSpaceUsed (CachingGetSpaceUsed.java:run(183)) - Thread Interrupted waiting to refresh disk information: sleep interrupted
2019-10-08 21:43:07,782 [main] INFO  utils.BackgroundService (BackgroundService.java:shutdown(148)) - Shutting down service BlockDeletingService
2019-10-08 21:43:07,786 [main] INFO  statemachine.DatanodeStateMachine (DatanodeStateMachine.java:stopDaemon(395)) - Ozone container server stopped.
2019-10-08 21:43:07,798 [main] INFO  handler.ContextHandler (ContextHandler.java:doStop(910)) - Stopped o.e.j.w.WebAppContext@2807cf3{/,null,UNAVAILABLE}{/hddsDatanode}
2019-10-08 21:43:07,799 [main] INFO  server.AbstractConnector (AbstractConnector.java:doStop(318)) - Stopped ServerConnector@298e002d{HTTP/1.1,[http/1.1]}{0.0.0.0:0}
2019-10-08 21:43:07,799 [main] INFO  handler.ContextHandler (ContextHandler.java:doStop(910)) - Stopped o.e.j.s.ServletContextHandler@1179fc8c{/static,jar:file:/home/user/.m2/repository/org/apache/hadoop/hadoop-hdds-container-service/0.5.0-SNAPSHOT/hadoop-hdds-container-service-0.5.0-SNAPSHOT.jar!/webapps/static,UNAVAILABLE}
2019-10-08 21:43:07,800 [main] INFO  handler.ContextHandler (ContextHandler.java:doStop(910)) - Stopped o.e.j.s.ServletContextHandler@6fbe4800{/logs,file:///workdir/hadoop-ozone/integration-test/target/log,UNAVAILABLE}
2019-10-08 21:43:07,801 [main] INFO  ozone.MiniOzoneClusterImpl (MiniOzoneClusterImpl.java:stopSCM(392)) - Stopping the StorageContainerManager
2019-10-08 21:43:07,801 [main] INFO  server.StorageContainerManager (StorageContainerManager.java:stop(808)) - Stopping Replication Manager Service.
2019-10-08 21:43:07,801 [main] INFO  container.ReplicationManager (ReplicationManager.java:stop(203)) - Stopping Replication Monitor Thread.
2019-10-08 21:43:07,801 [main] INFO  server.StorageContainerManager (StorageContainerManager.java:stop(815)) - Stopping Lease Manager of the command watchers
2019-10-08 21:43:07,801 [main] INFO  server.StorageContainerManager (StorageContainerManager.java:stop(822)) - Stopping datanode service RPC server
2019-10-08 21:43:07,802 [main] INFO  server.SCMDatanodeProtocolServer (SCMDatanodeProtocolServer.java:stop(346)) - Stopping the RPC server for DataNodes
2019-10-08 21:43:07,802 [main] INFO  ipc.Server (Server.java:stop(3082)) - Stopping server on 45394
2019-10-08 21:43:07,804 [IPC Server listener on 45394] INFO  ipc.Server (Server.java:run(1185)) - Stopping IPC Server listener on 45394
2019-10-08 21:43:07,805 [IPC Server Responder] INFO  ipc.Server (Server.java:run(1319)) - Stopping IPC Server Responder
2019-10-08 21:43:07,853 [SCM Heartbeat Processing Thread - 0] WARN  node.NodeStateManager (NodeStateManager.java:scheduleNextHealthCheck(646)) - Current Thread is interrupted, shutting down HB processing thread for Node Manager.
2019-10-08 21:43:07,853 [main] INFO  server.StorageContainerManager (StorageContainerManager.java:stop(830)) - Stopping block service RPC server
2019-10-08 21:43:07,854 [main] INFO  server.SCMBlockProtocolServer (SCMBlockProtocolServer.java:stop(155)) - Stopping the RPC server for Block Protocol
2019-10-08 21:43:07,854 [main] INFO  ipc.Server (Server.java:stop(3082)) - Stopping server on 32983
2019-10-08 21:43:07,867 [main] INFO  server.StorageContainerManager (StorageContainerManager.java:stop(837)) - Stopping the StorageContainerLocationProtocol RPC server
2019-10-08 21:43:07,867 [IPC Server Responder] INFO  ipc.Server (Server.java:run(1319)) - Stopping IPC Server Responder
2019-10-08 21:43:07,867 [main] INFO  server.SCMClientProtocolServer (SCMClientProtocolServer.java:stop(168)) - Stopping the RPC server for Client Protocol
2019-10-08 21:43:07,868 [main] INFO  ipc.Server (Server.java:stop(3082)) - Stopping server on 37463
2019-10-08 21:43:07,867 [IPC Server listener on 32983] INFO  ipc.Server (Server.java:run(1185)) - Stopping IPC Server listener on 32983
2019-10-08 21:43:07,871 [IPC Server listener on 37463] INFO  ipc.Server (Server.java:run(1185)) - Stopping IPC Server listener on 37463
2019-10-08 21:43:07,871 [main] INFO  server.StorageContainerManager (StorageContainerManager.java:stop(844)) - Stopping Storage Container Manager HTTP server.
2019-10-08 21:43:07,871 [IPC Server Responder] INFO  ipc.Server (Server.java:run(1319)) - Stopping IPC Server Responder
2019-10-08 21:43:07,872 [main] INFO  handler.ContextHandler (ContextHandler.java:doStop(910)) - Stopped o.e.j.w.WebAppContext@8851ec{/,null,UNAVAILABLE}{/scm}
2019-10-08 21:43:07,874 [main] INFO  server.AbstractConnector (AbstractConnector.java:doStop(318)) - Stopped ServerConnector@18b40fe6{HTTP/1.1,[http/1.1]}{0.0.0.0:0}
2019-10-08 21:43:07,874 [main] INFO  handler.ContextHandler (ContextHandler.java:doStop(910)) - Stopped o.e.j.s.ServletContextHandler@563172d3{/static,file:///workdir/hadoop-ozone/integration-test/target/test-classes/webapps/static,UNAVAILABLE}
2019-10-08 21:43:07,875 [main] INFO  handler.ContextHandler (ContextHandler.java:doStop(910)) - Stopped o.e.j.s.ServletContextHandler@71b0289b{/logs,file:///workdir/hadoop-ozone/integration-test/target/log,UNAVAILABLE}
2019-10-08 21:43:07,876 [main] INFO  server.StorageContainerManager (StorageContainerManager.java:stop(855)) - Stopping Block Manager Service.
2019-10-08 21:43:07,876 [main] INFO  utils.BackgroundService (BackgroundService.java:shutdown(148)) - Shutting down service SCMBlockDeletingService
2019-10-08 21:43:07,876 [main] INFO  utils.BackgroundService (BackgroundService.java:shutdown(148)) - Shutting down service SCMBlockDeletingService
2019-10-08 21:43:07,877 [main] INFO  server.StorageContainerManager (StorageContainerManager.java:stop(877)) - Stopping SCM Event Queue.
2019-10-08 21:43:07,882 [main] INFO  impl.MetricsSystemImpl (MetricsSystemImpl.java:stop(210)) - Stopping HddsDatanode metrics system...
2019-10-08 21:43:07,916 [main] INFO  impl.MetricsSystemImpl (MetricsSystemImpl.java:stop(216)) - HddsDatanode metrics system stopped.
]]></system-out>
    <system-err><![CDATA[Oct 08, 2019 9:42:37 PM org.apache.ratis.thirdparty.io.grpc.internal.ManagedChannelOrphanWrapper$ManagedChannelReference cleanQueue
SEVERE: *~*~*~ Channel ManagedChannelImpl{logId=3648, target=192.168.151.107:38610} was not shutdown properly!!! ~*~*~*
    Make sure to call shutdown()/shutdownNow() and wait until awaitTermination() returns true.
java.lang.RuntimeException: ManagedChannel allocation site
	at org.apache.ratis.thirdparty.io.grpc.internal.ManagedChannelOrphanWrapper$ManagedChannelReference.<init>(ManagedChannelOrphanWrapper.java:103)
	at org.apache.ratis.thirdparty.io.grpc.internal.ManagedChannelOrphanWrapper.<init>(ManagedChannelOrphanWrapper.java:53)
	at org.apache.ratis.thirdparty.io.grpc.internal.ManagedChannelOrphanWrapper.<init>(ManagedChannelOrphanWrapper.java:44)
	at org.apache.ratis.thirdparty.io.grpc.internal.AbstractManagedChannelImplBuilder.build(AbstractManagedChannelImplBuilder.java:411)
	at org.apache.ratis.grpc.client.GrpcClientProtocolClient.<init>(GrpcClientProtocolClient.java:128)
	at org.apache.ratis.grpc.client.GrpcClientRpc.lambda$new$0(GrpcClientRpc.java:55)
	at org.apache.ratis.util.PeerProxyMap$PeerAndProxy.lambda$getProxy$0(PeerProxyMap.java:61)
	at org.apache.ratis.util.LifeCycle.startAndTransition(LifeCycle.java:202)
	at org.apache.ratis.util.PeerProxyMap$PeerAndProxy.getProxy(PeerProxyMap.java:60)
	at org.apache.ratis.util.PeerProxyMap.getProxy(PeerProxyMap.java:108)
	at org.apache.ratis.grpc.client.GrpcClientRpc.sendRequestAsync(GrpcClientRpc.java:66)
	at org.apache.ratis.client.impl.OrderedAsync.sendRequest(OrderedAsync.java:208)
	at org.apache.ratis.client.impl.OrderedAsync.sendRequestWithRetry(OrderedAsync.java:169)
	at org.apache.ratis.util.SlidingWindow$Client.sendOrDelayRequest(SlidingWindow.java:278)
	at org.apache.ratis.util.SlidingWindow$Client.submitNewRequest(SlidingWindow.java:257)
	at org.apache.ratis.client.impl.OrderedAsync.send(OrderedAsync.java:155)
	at org.apache.ratis.client.impl.RaftClientImpl.sendAsync(RaftClientImpl.java:144)
	at org.apache.ratis.client.impl.RaftClientImpl.sendAsync(RaftClientImpl.java:124)
	at org.apache.hadoop.hdds.scm.XceiverClientRatis.sendRequestAsync(XceiverClientRatis.java:230)
	at org.apache.hadoop.hdds.scm.XceiverClientRatis.sendCommandAsync(XceiverClientRatis.java:309)
	at org.apache.hadoop.hdds.scm.storage.ContainerProtocolCalls.writeChunkAsync(ContainerProtocolCalls.java:310)
	at org.apache.hadoop.hdds.scm.storage.BlockOutputStream.writeChunkToContainer(BlockOutputStream.java:601)
	at org.apache.hadoop.hdds.scm.storage.BlockOutputStream.writeChunk(BlockOutputStream.java:459)
	at org.apache.hadoop.hdds.scm.storage.BlockOutputStream.writeOnRetry(BlockOutputStream.java:285)
	at org.apache.hadoop.ozone.client.io.BlockOutputStreamEntry.writeOnRetry(BlockOutputStreamEntry.java:200)
	at org.apache.hadoop.ozone.client.io.KeyOutputStream.handleWrite(KeyOutputStream.java:206)
	at org.apache.hadoop.ozone.client.io.KeyOutputStream.handleRetry(KeyOutputStream.java:375)
	at org.apache.hadoop.ozone.client.io.KeyOutputStream.handleException(KeyOutputStream.java:324)
	at org.apache.hadoop.ozone.client.io.KeyOutputStream.handleFlushOrClose(KeyOutputStream.java:449)
	at org.apache.hadoop.ozone.client.io.KeyOutputStream.handleWrite(KeyOutputStream.java:232)
	at org.apache.hadoop.ozone.client.io.KeyOutputStream.write(KeyOutputStream.java:190)
	at org.apache.hadoop.ozone.client.io.OzoneOutputStream.write(OzoneOutputStream.java:49)
	at java.io.OutputStream.write(OutputStream.java:75)
	at org.apache.hadoop.ozone.client.rpc.TestBlockOutputStreamWithFailures.testWatchForCommitWithCloseContainerException(TestBlockOutputStreamWithFailures.java:227)
	at sun.reflect.NativeMethodAccessorImpl.invoke0(Native Method)
	at sun.reflect.NativeMethodAccessorImpl.invoke(NativeMethodAccessorImpl.java:62)
	at sun.reflect.DelegatingMethodAccessorImpl.invoke(DelegatingMethodAccessorImpl.java:43)
	at java.lang.reflect.Method.invoke(Method.java:498)
	at org.junit.runners.model.FrameworkMethod$1.runReflectiveCall(FrameworkMethod.java:47)
	at org.junit.internal.runners.model.ReflectiveCallable.run(ReflectiveCallable.java:12)
	at org.junit.runners.model.FrameworkMethod.invokeExplosively(FrameworkMethod.java:44)
	at org.junit.internal.runners.statements.InvokeMethod.evaluate(InvokeMethod.java:17)
	at org.junit.internal.runners.statements.RunBefores.evaluate(RunBefores.java:26)
	at org.junit.internal.runners.statements.RunAfters.evaluate(RunAfters.java:27)
	at org.junit.runners.ParentRunner.runLeaf(ParentRunner.java:271)
	at org.junit.runners.BlockJUnit4ClassRunner.runChild(BlockJUnit4ClassRunner.java:70)
	at org.junit.runners.BlockJUnit4ClassRunner.runChild(BlockJUnit4ClassRunner.java:50)
	at org.junit.runners.ParentRunner$3.run(ParentRunner.java:238)
	at org.junit.runners.ParentRunner$1.schedule(ParentRunner.java:63)
	at org.junit.runners.ParentRunner.runChildren(ParentRunner.java:236)
	at org.junit.runners.ParentRunner.access$000(ParentRunner.java:53)
	at org.junit.runners.ParentRunner$2.evaluate(ParentRunner.java:229)
	at org.junit.runners.ParentRunner.run(ParentRunner.java:309)
	at org.apache.maven.surefire.junit4.JUnit4Provider.execute(JUnit4Provider.java:365)
	at org.apache.maven.surefire.junit4.JUnit4Provider.executeWithRerun(JUnit4Provider.java:273)
	at org.apache.maven.surefire.junit4.JUnit4Provider.executeTestSet(JUnit4Provider.java:238)
	at org.apache.maven.surefire.junit4.JUnit4Provider.invoke(JUnit4Provider.java:159)
	at org.apache.maven.surefire.booter.ForkedBooter.invokeProviderInSameClassLoader(ForkedBooter.java:384)
	at org.apache.maven.surefire.booter.ForkedBooter.runSuitesInProcess(ForkedBooter.java:345)
	at org.apache.maven.surefire.booter.ForkedBooter.execute(ForkedBooter.java:126)
	at org.apache.maven.surefire.booter.ForkedBooter.main(ForkedBooter.java:418)

Oct 08, 2019 9:42:37 PM org.apache.ratis.thirdparty.io.grpc.internal.ManagedChannelOrphanWrapper$ManagedChannelReference cleanQueue
SEVERE: *~*~*~ Channel ManagedChannelImpl{logId=3668, target=192.168.151.107:37657} was not shutdown properly!!! ~*~*~*
    Make sure to call shutdown()/shutdownNow() and wait until awaitTermination() returns true.
java.lang.RuntimeException: ManagedChannel allocation site
	at org.apache.ratis.thirdparty.io.grpc.internal.ManagedChannelOrphanWrapper$ManagedChannelReference.<init>(ManagedChannelOrphanWrapper.java:103)
	at org.apache.ratis.thirdparty.io.grpc.internal.ManagedChannelOrphanWrapper.<init>(ManagedChannelOrphanWrapper.java:53)
	at org.apache.ratis.thirdparty.io.grpc.internal.ManagedChannelOrphanWrapper.<init>(ManagedChannelOrphanWrapper.java:44)
	at org.apache.ratis.thirdparty.io.grpc.internal.AbstractManagedChannelImplBuilder.build(AbstractManagedChannelImplBuilder.java:411)
	at org.apache.hadoop.hdds.scm.XceiverClientGrpc.connectToDatanode(XceiverClientGrpc.java:181)
	at org.apache.hadoop.hdds.scm.XceiverClientGrpc.reconnect(XceiverClientGrpc.java:429)
	at org.apache.hadoop.hdds.scm.XceiverClientGrpc.sendCommandAsync(XceiverClientGrpc.java:378)
	at org.apache.hadoop.hdds.scm.XceiverClientGrpc.sendCommandWithRetry(XceiverClientGrpc.java:291)
	at org.apache.hadoop.hdds.scm.XceiverClientGrpc.sendCommandWithTraceIDAndRetry(XceiverClientGrpc.java:257)
	at org.apache.hadoop.hdds.scm.XceiverClientGrpc.sendCommand(XceiverClientGrpc.java:240)
	at org.apache.hadoop.hdds.scm.storage.ContainerProtocolCalls.getBlock(ContainerProtocolCalls.java:118)
	at org.apache.hadoop.hdds.scm.storage.BlockInputStream.getChunkInfos(BlockInputStream.java:167)
	at org.apache.hadoop.hdds.scm.storage.BlockInputStream.initialize(BlockInputStream.java:118)
	at org.apache.hadoop.hdds.scm.storage.BlockInputStream.read(BlockInputStream.java:222)
	at org.apache.hadoop.ozone.client.io.KeyInputStream.read(KeyInputStream.java:171)
	at org.apache.hadoop.ozone.client.io.OzoneInputStream.read(OzoneInputStream.java:47)
	at java.io.InputStream.read(InputStream.java:101)
	at org.apache.hadoop.ozone.container.ContainerTestHelper.validateData(ContainerTestHelper.java:714)
	at org.apache.hadoop.ozone.client.rpc.TestBlockOutputStreamWithFailures.validateData(TestBlockOutputStreamWithFailures.java:1216)
	at org.apache.hadoop.ozone.client.rpc.TestBlockOutputStreamWithFailures.testWatchForCommitWithCloseContainerException(TestBlockOutputStreamWithFailures.java:260)
	at sun.reflect.NativeMethodAccessorImpl.invoke0(Native Method)
	at sun.reflect.NativeMethodAccessorImpl.invoke(NativeMethodAccessorImpl.java:62)
	at sun.reflect.DelegatingMethodAccessorImpl.invoke(DelegatingMethodAccessorImpl.java:43)
	at java.lang.reflect.Method.invoke(Method.java:498)
	at org.junit.runners.model.FrameworkMethod$1.runReflectiveCall(FrameworkMethod.java:47)
	at org.junit.internal.runners.model.ReflectiveCallable.run(ReflectiveCallable.java:12)
	at org.junit.runners.model.FrameworkMethod.invokeExplosively(FrameworkMethod.java:44)
	at org.junit.internal.runners.statements.InvokeMethod.evaluate(InvokeMethod.java:17)
	at org.junit.internal.runners.statements.RunBefores.evaluate(RunBefores.java:26)
	at org.junit.internal.runners.statements.RunAfters.evaluate(RunAfters.java:27)
	at org.junit.runners.ParentRunner.runLeaf(ParentRunner.java:271)
	at org.junit.runners.BlockJUnit4ClassRunner.runChild(BlockJUnit4ClassRunner.java:70)
	at org.junit.runners.BlockJUnit4ClassRunner.runChild(BlockJUnit4ClassRunner.java:50)
	at org.junit.runners.ParentRunner$3.run(ParentRunner.java:238)
	at org.junit.runners.ParentRunner$1.schedule(ParentRunner.java:63)
	at org.junit.runners.ParentRunner.runChildren(ParentRunner.java:236)
	at org.junit.runners.ParentRunner.access$000(ParentRunner.java:53)
	at org.junit.runners.ParentRunner$2.evaluate(ParentRunner.java:229)
	at org.junit.runners.ParentRunner.run(ParentRunner.java:309)
	at org.apache.maven.surefire.junit4.JUnit4Provider.execute(JUnit4Provider.java:365)
	at org.apache.maven.surefire.junit4.JUnit4Provider.executeWithRerun(JUnit4Provider.java:273)
	at org.apache.maven.surefire.junit4.JUnit4Provider.executeTestSet(JUnit4Provider.java:238)
	at org.apache.maven.surefire.junit4.JUnit4Provider.invoke(JUnit4Provider.java:159)
	at org.apache.maven.surefire.booter.ForkedBooter.invokeProviderInSameClassLoader(ForkedBooter.java:384)
	at org.apache.maven.surefire.booter.ForkedBooter.runSuitesInProcess(ForkedBooter.java:345)
	at org.apache.maven.surefire.booter.ForkedBooter.execute(ForkedBooter.java:126)
	at org.apache.maven.surefire.booter.ForkedBooter.main(ForkedBooter.java:418)

Oct 08, 2019 9:42:37 PM org.apache.ratis.thirdparty.io.grpc.internal.ManagedChannelOrphanWrapper$ManagedChannelReference cleanQueue
SEVERE: *~*~*~ Channel ManagedChannelImpl{logId=3658, target=192.168.151.107:45826} was not shutdown properly!!! ~*~*~*
    Make sure to call shutdown()/shutdownNow() and wait until awaitTermination() returns true.
java.lang.RuntimeException: ManagedChannel allocation site
	at org.apache.ratis.thirdparty.io.grpc.internal.ManagedChannelOrphanWrapper$ManagedChannelReference.<init>(ManagedChannelOrphanWrapper.java:103)
	at org.apache.ratis.thirdparty.io.grpc.internal.ManagedChannelOrphanWrapper.<init>(ManagedChannelOrphanWrapper.java:53)
	at org.apache.ratis.thirdparty.io.grpc.internal.ManagedChannelOrphanWrapper.<init>(ManagedChannelOrphanWrapper.java:44)
	at org.apache.ratis.thirdparty.io.grpc.internal.AbstractManagedChannelImplBuilder.build(AbstractManagedChannelImplBuilder.java:411)
	at org.apache.hadoop.hdds.scm.XceiverClientGrpc.connectToDatanode(XceiverClientGrpc.java:181)
	at org.apache.hadoop.hdds.scm.XceiverClientGrpc.reconnect(XceiverClientGrpc.java:429)
	at org.apache.hadoop.hdds.scm.XceiverClientGrpc.sendCommandAsync(XceiverClientGrpc.java:378)
	at org.apache.hadoop.hdds.scm.XceiverClientGrpc.sendCommandWithRetry(XceiverClientGrpc.java:291)
	at org.apache.hadoop.hdds.scm.XceiverClientGrpc.sendCommandWithTraceIDAndRetry(XceiverClientGrpc.java:257)
	at org.apache.hadoop.hdds.scm.XceiverClientGrpc.sendCommand(XceiverClientGrpc.java:240)
	at org.apache.hadoop.hdds.scm.storage.ContainerProtocolCalls.readChunk(ContainerProtocolCalls.java:245)
	at org.apache.hadoop.hdds.scm.storage.ChunkInputStream.readChunk(ChunkInputStream.java:335)
	at org.apache.hadoop.hdds.scm.storage.ChunkInputStream.readChunkFromContainer(ChunkInputStream.java:307)
	at org.apache.hadoop.hdds.scm.storage.ChunkInputStream.prepareRead(ChunkInputStream.java:259)
	at org.apache.hadoop.hdds.scm.storage.ChunkInputStream.read(ChunkInputStream.java:144)
	at org.apache.hadoop.hdds.scm.storage.BlockInputStream.read(BlockInputStream.java:239)
	at org.apache.hadoop.ozone.client.io.KeyInputStream.read(KeyInputStream.java:171)
	at org.apache.hadoop.ozone.client.io.OzoneInputStream.read(OzoneInputStream.java:47)
	at java.io.InputStream.read(InputStream.java:101)
	at org.apache.hadoop.ozone.container.ContainerTestHelper.validateData(ContainerTestHelper.java:714)
	at org.apache.hadoop.ozone.client.rpc.TestBlockOutputStreamWithFailures.validateData(TestBlockOutputStreamWithFailures.java:1216)
	at org.apache.hadoop.ozone.client.rpc.TestBlockOutputStreamWithFailures.testWatchForCommitWithCloseContainerException(TestBlockOutputStreamWithFailures.java:260)
	at sun.reflect.NativeMethodAccessorImpl.invoke0(Native Method)
	at sun.reflect.NativeMethodAccessorImpl.invoke(NativeMethodAccessorImpl.java:62)
	at sun.reflect.DelegatingMethodAccessorImpl.invoke(DelegatingMethodAccessorImpl.java:43)
	at java.lang.reflect.Method.invoke(Method.java:498)
	at org.junit.runners.model.FrameworkMethod$1.runReflectiveCall(FrameworkMethod.java:47)
	at org.junit.internal.runners.model.ReflectiveCallable.run(ReflectiveCallable.java:12)
	at org.junit.runners.model.FrameworkMethod.invokeExplosively(FrameworkMethod.java:44)
	at org.junit.internal.runners.statements.InvokeMethod.evaluate(InvokeMethod.java:17)
	at org.junit.internal.runners.statements.RunBefores.evaluate(RunBefores.java:26)
	at org.junit.internal.runners.statements.RunAfters.evaluate(RunAfters.java:27)
	at org.junit.runners.ParentRunner.runLeaf(ParentRunner.java:271)
	at org.junit.runners.BlockJUnit4ClassRunner.runChild(BlockJUnit4ClassRunner.java:70)
	at org.junit.runners.BlockJUnit4ClassRunner.runChild(BlockJUnit4ClassRunner.java:50)
	at org.junit.runners.ParentRunner$3.run(ParentRunner.java:238)
	at org.junit.runners.ParentRunner$1.schedule(ParentRunner.java:63)
	at org.junit.runners.ParentRunner.runChildren(ParentRunner.java:236)
	at org.junit.runners.ParentRunner.access$000(ParentRunner.java:53)
	at org.junit.runners.ParentRunner$2.evaluate(ParentRunner.java:229)
	at org.junit.runners.ParentRunner.run(ParentRunner.java:309)
	at org.apache.maven.surefire.junit4.JUnit4Provider.execute(JUnit4Provider.java:365)
	at org.apache.maven.surefire.junit4.JUnit4Provider.executeWithRerun(JUnit4Provider.java:273)
	at org.apache.maven.surefire.junit4.JUnit4Provider.executeTestSet(JUnit4Provider.java:238)
	at org.apache.maven.surefire.junit4.JUnit4Provider.invoke(JUnit4Provider.java:159)
	at org.apache.maven.surefire.booter.ForkedBooter.invokeProviderInSameClassLoader(ForkedBooter.java:384)
	at org.apache.maven.surefire.booter.ForkedBooter.runSuitesInProcess(ForkedBooter.java:345)
	at org.apache.maven.surefire.booter.ForkedBooter.execute(ForkedBooter.java:126)
	at org.apache.maven.surefire.booter.ForkedBooter.main(ForkedBooter.java:418)

Oct 08, 2019 9:42:37 PM org.apache.ratis.thirdparty.io.grpc.internal.ManagedChannelOrphanWrapper$ManagedChannelReference cleanQueue
SEVERE: *~*~*~ Channel ManagedChannelImpl{logId=3643, target=192.168.151.107:41585} was not shutdown properly!!! ~*~*~*
    Make sure to call shutdown()/shutdownNow() and wait until awaitTermination() returns true.
java.lang.RuntimeException: ManagedChannel allocation site
	at org.apache.ratis.thirdparty.io.grpc.internal.ManagedChannelOrphanWrapper$ManagedChannelReference.<init>(ManagedChannelOrphanWrapper.java:103)
	at org.apache.ratis.thirdparty.io.grpc.internal.ManagedChannelOrphanWrapper.<init>(ManagedChannelOrphanWrapper.java:53)
	at org.apache.ratis.thirdparty.io.grpc.internal.ManagedChannelOrphanWrapper.<init>(ManagedChannelOrphanWrapper.java:44)
	at org.apache.ratis.thirdparty.io.grpc.internal.AbstractManagedChannelImplBuilder.build(AbstractManagedChannelImplBuilder.java:411)
	at org.apache.ratis.grpc.client.GrpcClientProtocolClient.<init>(GrpcClientProtocolClient.java:128)
	at org.apache.ratis.grpc.client.GrpcClientRpc.lambda$new$0(GrpcClientRpc.java:55)
	at org.apache.ratis.util.PeerProxyMap$PeerAndProxy.lambda$getProxy$0(PeerProxyMap.java:61)
	at org.apache.ratis.util.LifeCycle.startAndTransition(LifeCycle.java:202)
	at org.apache.ratis.util.PeerProxyMap$PeerAndProxy.getProxy(PeerProxyMap.java:60)
	at org.apache.ratis.util.PeerProxyMap.getProxy(PeerProxyMap.java:108)
	at org.apache.ratis.grpc.client.GrpcClientRpc.sendRequestAsync(GrpcClientRpc.java:66)
	at org.apache.ratis.client.impl.OrderedAsync.sendRequest(OrderedAsync.java:208)
	at org.apache.ratis.client.impl.OrderedAsync.sendRequestWithRetry(OrderedAsync.java:169)
	at org.apache.ratis.util.SlidingWindow$Client.sendOrDelayRequest(SlidingWindow.java:278)
	at org.apache.ratis.util.SlidingWindow$Client.retry(SlidingWindow.java:294)
	at org.apache.ratis.client.impl.OrderedAsync.lambda$scheduleWithTimeout$7(OrderedAsync.java:195)
	at org.apache.ratis.util.TimeoutScheduler.lambda$onTimeout$0(TimeoutScheduler.java:113)
	at org.apache.ratis.util.TimeoutScheduler.lambda$onTimeout$1(TimeoutScheduler.java:133)
	at org.apache.ratis.util.LogUtils.runAndLog(LogUtils.java:50)
	at org.apache.ratis.util.LogUtils$1.run(LogUtils.java:91)
	at java.util.concurrent.Executors$RunnableAdapter.call(Executors.java:511)
	at java.util.concurrent.FutureTask.run(FutureTask.java:266)
	at java.util.concurrent.ScheduledThreadPoolExecutor$ScheduledFutureTask.access$201(ScheduledThreadPoolExecutor.java:180)
	at java.util.concurrent.ScheduledThreadPoolExecutor$ScheduledFutureTask.run(ScheduledThreadPoolExecutor.java:293)
	at java.util.concurrent.ThreadPoolExecutor.runWorker(ThreadPoolExecutor.java:1149)
	at java.util.concurrent.ThreadPoolExecutor$Worker.run(ThreadPoolExecutor.java:624)
	at java.lang.Thread.run(Thread.java:748)

Oct 08, 2019 9:42:37 PM org.apache.ratis.thirdparty.io.grpc.internal.ManagedChannelOrphanWrapper$ManagedChannelReference cleanQueue
SEVERE: *~*~*~ Channel ManagedChannelImpl{logId=3426, target=192.168.151.107:35963} was not shutdown properly!!! ~*~*~*
    Make sure to call shutdown()/shutdownNow() and wait until awaitTermination() returns true.
java.lang.RuntimeException: ManagedChannel allocation site
	at org.apache.ratis.thirdparty.io.grpc.internal.ManagedChannelOrphanWrapper$ManagedChannelReference.<init>(ManagedChannelOrphanWrapper.java:103)
	at org.apache.ratis.thirdparty.io.grpc.internal.ManagedChannelOrphanWrapper.<init>(ManagedChannelOrphanWrapper.java:53)
	at org.apache.ratis.thirdparty.io.grpc.internal.ManagedChannelOrphanWrapper.<init>(ManagedChannelOrphanWrapper.java:44)
	at org.apache.ratis.thirdparty.io.grpc.internal.AbstractManagedChannelImplBuilder.build(AbstractManagedChannelImplBuilder.java:411)
	at org.apache.hadoop.hdds.scm.XceiverClientGrpc.connectToDatanode(XceiverClientGrpc.java:181)
	at org.apache.hadoop.hdds.scm.XceiverClientGrpc.reconnect(XceiverClientGrpc.java:429)
	at org.apache.hadoop.hdds.scm.XceiverClientGrpc.sendCommandAsync(XceiverClientGrpc.java:378)
	at org.apache.hadoop.hdds.scm.XceiverClientGrpc.sendCommandWithRetry(XceiverClientGrpc.java:291)
	at org.apache.hadoop.hdds.scm.XceiverClientGrpc.sendCommandWithTraceIDAndRetry(XceiverClientGrpc.java:257)
	at org.apache.hadoop.hdds.scm.XceiverClientGrpc.sendCommand(XceiverClientGrpc.java:240)
	at org.apache.hadoop.hdds.scm.storage.ContainerProtocolCalls.readChunk(ContainerProtocolCalls.java:245)
	at org.apache.hadoop.hdds.scm.storage.ChunkInputStream.readChunk(ChunkInputStream.java:335)
	at org.apache.hadoop.hdds.scm.storage.ChunkInputStream.readChunkFromContainer(ChunkInputStream.java:307)
	at org.apache.hadoop.hdds.scm.storage.ChunkInputStream.prepareRead(ChunkInputStream.java:259)
	at org.apache.hadoop.hdds.scm.storage.ChunkInputStream.read(ChunkInputStream.java:144)
	at org.apache.hadoop.hdds.scm.storage.BlockInputStream.read(BlockInputStream.java:239)
	at org.apache.hadoop.ozone.client.io.KeyInputStream.read(KeyInputStream.java:171)
	at org.apache.hadoop.ozone.client.io.OzoneInputStream.read(OzoneInputStream.java:47)
	at java.io.InputStream.read(InputStream.java:101)
	at org.apache.hadoop.ozone.container.ContainerTestHelper.validateData(ContainerTestHelper.java:714)
	at org.apache.hadoop.ozone.client.rpc.TestBlockOutputStreamWithFailures.validateData(TestBlockOutputStreamWithFailures.java:1216)
	at org.apache.hadoop.ozone.client.rpc.TestBlockOutputStreamWithFailures.testFailureWithPrimeSizedData(TestBlockOutputStreamWithFailures.java:662)
	at sun.reflect.NativeMethodAccessorImpl.invoke0(Native Method)
	at sun.reflect.NativeMethodAccessorImpl.invoke(NativeMethodAccessorImpl.java:62)
	at sun.reflect.DelegatingMethodAccessorImpl.invoke(DelegatingMethodAccessorImpl.java:43)
	at java.lang.reflect.Method.invoke(Method.java:498)
	at org.junit.runners.model.FrameworkMethod$1.runReflectiveCall(FrameworkMethod.java:47)
	at org.junit.internal.runners.model.ReflectiveCallable.run(ReflectiveCallable.java:12)
	at org.junit.runners.model.FrameworkMethod.invokeExplosively(FrameworkMethod.java:44)
	at org.junit.internal.runners.statements.InvokeMethod.evaluate(InvokeMethod.java:17)
	at org.junit.internal.runners.statements.RunBefores.evaluate(RunBefores.java:26)
	at org.junit.internal.runners.statements.RunAfters.evaluate(RunAfters.java:27)
	at org.junit.runners.ParentRunner.runLeaf(ParentRunner.java:271)
	at org.junit.runners.BlockJUnit4ClassRunner.runChild(BlockJUnit4ClassRunner.java:70)
	at org.junit.runners.BlockJUnit4ClassRunner.runChild(BlockJUnit4ClassRunner.java:50)
	at org.junit.runners.ParentRunner$3.run(ParentRunner.java:238)
	at org.junit.runners.ParentRunner$1.schedule(ParentRunner.java:63)
	at org.junit.runners.ParentRunner.runChildren(ParentRunner.java:236)
	at org.junit.runners.ParentRunner.access$000(ParentRunner.java:53)
	at org.junit.runners.ParentRunner$2.evaluate(ParentRunner.java:229)
	at org.junit.runners.ParentRunner.run(ParentRunner.java:309)
	at org.apache.maven.surefire.junit4.JUnit4Provider.execute(JUnit4Provider.java:365)
	at org.apache.maven.surefire.junit4.JUnit4Provider.executeWithRerun(JUnit4Provider.java:273)
	at org.apache.maven.surefire.junit4.JUnit4Provider.executeTestSet(JUnit4Provider.java:238)
	at org.apache.maven.surefire.junit4.JUnit4Provider.invoke(JUnit4Provider.java:159)
	at org.apache.maven.surefire.booter.ForkedBooter.invokeProviderInSameClassLoader(ForkedBooter.java:384)
	at org.apache.maven.surefire.booter.ForkedBooter.runSuitesInProcess(ForkedBooter.java:345)
	at org.apache.maven.surefire.booter.ForkedBooter.execute(ForkedBooter.java:126)
	at org.apache.maven.surefire.booter.ForkedBooter.main(ForkedBooter.java:418)

Oct 08, 2019 9:42:37 PM org.apache.ratis.thirdparty.io.grpc.internal.ManagedChannelOrphanWrapper$ManagedChannelReference cleanQueue
SEVERE: *~*~*~ Channel ManagedChannelImpl{logId=3406, target=192.168.151.107:37443} was not shutdown properly!!! ~*~*~*
    Make sure to call shutdown()/shutdownNow() and wait until awaitTermination() returns true.
java.lang.RuntimeException: ManagedChannel allocation site
	at org.apache.ratis.thirdparty.io.grpc.internal.ManagedChannelOrphanWrapper$ManagedChannelReference.<init>(ManagedChannelOrphanWrapper.java:103)
	at org.apache.ratis.thirdparty.io.grpc.internal.ManagedChannelOrphanWrapper.<init>(ManagedChannelOrphanWrapper.java:53)
	at org.apache.ratis.thirdparty.io.grpc.internal.ManagedChannelOrphanWrapper.<init>(ManagedChannelOrphanWrapper.java:44)
	at org.apache.ratis.thirdparty.io.grpc.internal.AbstractManagedChannelImplBuilder.build(AbstractManagedChannelImplBuilder.java:411)
	at org.apache.ratis.grpc.client.GrpcClientProtocolClient.<init>(GrpcClientProtocolClient.java:128)
	at org.apache.ratis.grpc.client.GrpcClientRpc.lambda$new$0(GrpcClientRpc.java:55)
	at org.apache.ratis.util.PeerProxyMap$PeerAndProxy.lambda$getProxy$0(PeerProxyMap.java:61)
	at org.apache.ratis.util.LifeCycle.startAndTransition(LifeCycle.java:202)
	at org.apache.ratis.util.PeerProxyMap$PeerAndProxy.getProxy(PeerProxyMap.java:60)
	at org.apache.ratis.util.PeerProxyMap.getProxy(PeerProxyMap.java:108)
	at org.apache.ratis.grpc.client.GrpcClientRpc.sendRequestAsync(GrpcClientRpc.java:66)
	at org.apache.ratis.client.impl.OrderedAsync.sendRequest(OrderedAsync.java:208)
	at org.apache.ratis.client.impl.OrderedAsync.sendRequestWithRetry(OrderedAsync.java:169)
	at org.apache.ratis.util.SlidingWindow$Client.sendOrDelayRequest(SlidingWindow.java:278)
	at org.apache.ratis.util.SlidingWindow$Client.retry(SlidingWindow.java:294)
	at org.apache.ratis.client.impl.OrderedAsync.lambda$scheduleWithTimeout$7(OrderedAsync.java:195)
	at org.apache.ratis.util.TimeoutScheduler.lambda$onTimeout$0(TimeoutScheduler.java:113)
	at org.apache.ratis.util.TimeoutScheduler.lambda$onTimeout$1(TimeoutScheduler.java:133)
	at org.apache.ratis.util.LogUtils.runAndLog(LogUtils.java:50)
	at org.apache.ratis.util.LogUtils$1.run(LogUtils.java:91)
	at java.util.concurrent.Executors$RunnableAdapter.call(Executors.java:511)
	at java.util.concurrent.FutureTask.run(FutureTask.java:266)
	at java.util.concurrent.ScheduledThreadPoolExecutor$ScheduledFutureTask.access$201(ScheduledThreadPoolExecutor.java:180)
	at java.util.concurrent.ScheduledThreadPoolExecutor$ScheduledFutureTask.run(ScheduledThreadPoolExecutor.java:293)
	at java.util.concurrent.ThreadPoolExecutor.runWorker(ThreadPoolExecutor.java:1149)
	at java.util.concurrent.ThreadPoolExecutor$Worker.run(ThreadPoolExecutor.java:624)
	at java.lang.Thread.run(Thread.java:748)

Oct 08, 2019 9:42:37 PM org.apache.ratis.thirdparty.io.grpc.internal.ManagedChannelOrphanWrapper$ManagedChannelReference cleanQueue
SEVERE: *~*~*~ Channel ManagedChannelImpl{logId=3421, target=192.168.151.107:34192} was not shutdown properly!!! ~*~*~*
    Make sure to call shutdown()/shutdownNow() and wait until awaitTermination() returns true.
java.lang.RuntimeException: ManagedChannel allocation site
	at org.apache.ratis.thirdparty.io.grpc.internal.ManagedChannelOrphanWrapper$ManagedChannelReference.<init>(ManagedChannelOrphanWrapper.java:103)
	at org.apache.ratis.thirdparty.io.grpc.internal.ManagedChannelOrphanWrapper.<init>(ManagedChannelOrphanWrapper.java:53)
	at org.apache.ratis.thirdparty.io.grpc.internal.ManagedChannelOrphanWrapper.<init>(ManagedChannelOrphanWrapper.java:44)
	at org.apache.ratis.thirdparty.io.grpc.internal.AbstractManagedChannelImplBuilder.build(AbstractManagedChannelImplBuilder.java:411)
	at org.apache.hadoop.hdds.scm.XceiverClientGrpc.connectToDatanode(XceiverClientGrpc.java:181)
	at org.apache.hadoop.hdds.scm.XceiverClientGrpc.reconnect(XceiverClientGrpc.java:429)
	at org.apache.hadoop.hdds.scm.XceiverClientGrpc.sendCommandAsync(XceiverClientGrpc.java:378)
	at org.apache.hadoop.hdds.scm.XceiverClientGrpc.sendCommandWithRetry(XceiverClientGrpc.java:291)
	at org.apache.hadoop.hdds.scm.XceiverClientGrpc.sendCommandWithTraceIDAndRetry(XceiverClientGrpc.java:257)
	at org.apache.hadoop.hdds.scm.XceiverClientGrpc.sendCommand(XceiverClientGrpc.java:240)
	at org.apache.hadoop.hdds.scm.storage.ContainerProtocolCalls.getBlock(ContainerProtocolCalls.java:118)
	at org.apache.hadoop.hdds.scm.storage.BlockInputStream.getChunkInfos(BlockInputStream.java:167)
	at org.apache.hadoop.hdds.scm.storage.BlockInputStream.initialize(BlockInputStream.java:118)
	at org.apache.hadoop.hdds.scm.storage.BlockInputStream.read(BlockInputStream.java:222)
	at org.apache.hadoop.ozone.client.io.KeyInputStream.read(KeyInputStream.java:171)
	at org.apache.hadoop.ozone.client.io.OzoneInputStream.read(OzoneInputStream.java:47)
	at java.io.InputStream.read(InputStream.java:101)
	at org.apache.hadoop.ozone.container.ContainerTestHelper.validateData(ContainerTestHelper.java:714)
	at org.apache.hadoop.ozone.client.rpc.TestBlockOutputStreamWithFailures.validateData(TestBlockOutputStreamWithFailures.java:1216)
	at org.apache.hadoop.ozone.client.rpc.TestBlockOutputStreamWithFailures.testFailureWithPrimeSizedData(TestBlockOutputStreamWithFailures.java:662)
	at sun.reflect.NativeMethodAccessorImpl.invoke0(Native Method)
	at sun.reflect.NativeMethodAccessorImpl.invoke(NativeMethodAccessorImpl.java:62)
	at sun.reflect.DelegatingMethodAccessorImpl.invoke(DelegatingMethodAccessorImpl.java:43)
	at java.lang.reflect.Method.invoke(Method.java:498)
	at org.junit.runners.model.FrameworkMethod$1.runReflectiveCall(FrameworkMethod.java:47)
	at org.junit.internal.runners.model.ReflectiveCallable.run(ReflectiveCallable.java:12)
	at org.junit.runners.model.FrameworkMethod.invokeExplosively(FrameworkMethod.java:44)
	at org.junit.internal.runners.statements.InvokeMethod.evaluate(InvokeMethod.java:17)
	at org.junit.internal.runners.statements.RunBefores.evaluate(RunBefores.java:26)
	at org.junit.internal.runners.statements.RunAfters.evaluate(RunAfters.java:27)
	at org.junit.runners.ParentRunner.runLeaf(ParentRunner.java:271)
	at org.junit.runners.BlockJUnit4ClassRunner.runChild(BlockJUnit4ClassRunner.java:70)
	at org.junit.runners.BlockJUnit4ClassRunner.runChild(BlockJUnit4ClassRunner.java:50)
	at org.junit.runners.ParentRunner$3.run(ParentRunner.java:238)
	at org.junit.runners.ParentRunner$1.schedule(ParentRunner.java:63)
	at org.junit.runners.ParentRunner.runChildren(ParentRunner.java:236)
	at org.junit.runners.ParentRunner.access$000(ParentRunner.java:53)
	at org.junit.runners.ParentRunner$2.evaluate(ParentRunner.java:229)
	at org.junit.runners.ParentRunner.run(ParentRunner.java:309)
	at org.apache.maven.surefire.junit4.JUnit4Provider.execute(JUnit4Provider.java:365)
	at org.apache.maven.surefire.junit4.JUnit4Provider.executeWithRerun(JUnit4Provider.java:273)
	at org.apache.maven.surefire.junit4.JUnit4Provider.executeTestSet(JUnit4Provider.java:238)
	at org.apache.maven.surefire.junit4.JUnit4Provider.invoke(JUnit4Provider.java:159)
	at org.apache.maven.surefire.booter.ForkedBooter.invokeProviderInSameClassLoader(ForkedBooter.java:384)
	at org.apache.maven.surefire.booter.ForkedBooter.runSuitesInProcess(ForkedBooter.java:345)
	at org.apache.maven.surefire.booter.ForkedBooter.execute(ForkedBooter.java:126)
	at org.apache.maven.surefire.booter.ForkedBooter.main(ForkedBooter.java:418)

Oct 08, 2019 9:42:37 PM org.apache.ratis.thirdparty.io.grpc.internal.ManagedChannelOrphanWrapper$ManagedChannelReference cleanQueue
SEVERE: *~*~*~ Channel ManagedChannelImpl{logId=3416, target=192.168.151.107:45703} was not shutdown properly!!! ~*~*~*
    Make sure to call shutdown()/shutdownNow() and wait until awaitTermination() returns true.
java.lang.RuntimeException: ManagedChannel allocation site
	at org.apache.ratis.thirdparty.io.grpc.internal.ManagedChannelOrphanWrapper$ManagedChannelReference.<init>(ManagedChannelOrphanWrapper.java:103)
	at org.apache.ratis.thirdparty.io.grpc.internal.ManagedChannelOrphanWrapper.<init>(ManagedChannelOrphanWrapper.java:53)
	at org.apache.ratis.thirdparty.io.grpc.internal.ManagedChannelOrphanWrapper.<init>(ManagedChannelOrphanWrapper.java:44)
	at org.apache.ratis.thirdparty.io.grpc.internal.AbstractManagedChannelImplBuilder.build(AbstractManagedChannelImplBuilder.java:411)
	at org.apache.hadoop.hdds.scm.XceiverClientGrpc.connectToDatanode(XceiverClientGrpc.java:181)
	at org.apache.hadoop.hdds.scm.XceiverClientGrpc.reconnect(XceiverClientGrpc.java:429)
	at org.apache.hadoop.hdds.scm.XceiverClientGrpc.sendCommandAsync(XceiverClientGrpc.java:378)
	at org.apache.hadoop.hdds.scm.XceiverClientGrpc.sendCommandWithRetry(XceiverClientGrpc.java:291)
	at org.apache.hadoop.hdds.scm.XceiverClientGrpc.sendCommandWithTraceIDAndRetry(XceiverClientGrpc.java:257)
	at org.apache.hadoop.hdds.scm.XceiverClientGrpc.sendCommand(XceiverClientGrpc.java:240)
	at org.apache.hadoop.hdds.scm.storage.ContainerProtocolCalls.getBlock(ContainerProtocolCalls.java:118)
	at org.apache.hadoop.hdds.scm.storage.BlockInputStream.getChunkInfos(BlockInputStream.java:167)
	at org.apache.hadoop.hdds.scm.storage.BlockInputStream.initialize(BlockInputStream.java:118)
	at org.apache.hadoop.hdds.scm.storage.BlockInputStream.read(BlockInputStream.java:222)
	at org.apache.hadoop.ozone.client.io.KeyInputStream.read(KeyInputStream.java:171)
	at org.apache.hadoop.ozone.client.io.OzoneInputStream.read(OzoneInputStream.java:47)
	at java.io.InputStream.read(InputStream.java:101)
	at org.apache.hadoop.ozone.container.ContainerTestHelper.validateData(ContainerTestHelper.java:714)
	at org.apache.hadoop.ozone.client.rpc.TestBlockOutputStreamWithFailures.validateData(TestBlockOutputStreamWithFailures.java:1216)
	at org.apache.hadoop.ozone.client.rpc.TestBlockOutputStreamWithFailures.testFailureWithPrimeSizedData(TestBlockOutputStreamWithFailures.java:662)
	at sun.reflect.NativeMethodAccessorImpl.invoke0(Native Method)
	at sun.reflect.NativeMethodAccessorImpl.invoke(NativeMethodAccessorImpl.java:62)
	at sun.reflect.DelegatingMethodAccessorImpl.invoke(DelegatingMethodAccessorImpl.java:43)
	at java.lang.reflect.Method.invoke(Method.java:498)
	at org.junit.runners.model.FrameworkMethod$1.runReflectiveCall(FrameworkMethod.java:47)
	at org.junit.internal.runners.model.ReflectiveCallable.run(ReflectiveCallable.java:12)
	at org.junit.runners.model.FrameworkMethod.invokeExplosively(FrameworkMethod.java:44)
	at org.junit.internal.runners.statements.InvokeMethod.evaluate(InvokeMethod.java:17)
	at org.junit.internal.runners.statements.RunBefores.evaluate(RunBefores.java:26)
	at org.junit.internal.runners.statements.RunAfters.evaluate(RunAfters.java:27)
	at org.junit.runners.ParentRunner.runLeaf(ParentRunner.java:271)
	at org.junit.runners.BlockJUnit4ClassRunner.runChild(BlockJUnit4ClassRunner.java:70)
	at org.junit.runners.BlockJUnit4ClassRunner.runChild(BlockJUnit4ClassRunner.java:50)
	at org.junit.runners.ParentRunner$3.run(ParentRunner.java:238)
	at org.junit.runners.ParentRunner$1.schedule(ParentRunner.java:63)
	at org.junit.runners.ParentRunner.runChildren(ParentRunner.java:236)
	at org.junit.runners.ParentRunner.access$000(ParentRunner.java:53)
	at org.junit.runners.ParentRunner$2.evaluate(ParentRunner.java:229)
	at org.junit.runners.ParentRunner.run(ParentRunner.java:309)
	at org.apache.maven.surefire.junit4.JUnit4Provider.execute(JUnit4Provider.java:365)
	at org.apache.maven.surefire.junit4.JUnit4Provider.executeWithRerun(JUnit4Provider.java:273)
	at org.apache.maven.surefire.junit4.JUnit4Provider.executeTestSet(JUnit4Provider.java:238)
	at org.apache.maven.surefire.junit4.JUnit4Provider.invoke(JUnit4Provider.java:159)
	at org.apache.maven.surefire.booter.ForkedBooter.invokeProviderInSameClassLoader(ForkedBooter.java:384)
	at org.apache.maven.surefire.booter.ForkedBooter.runSuitesInProcess(ForkedBooter.java:345)
	at org.apache.maven.surefire.booter.ForkedBooter.execute(ForkedBooter.java:126)
	at org.apache.maven.surefire.booter.ForkedBooter.main(ForkedBooter.java:418)

Oct 08, 2019 9:42:37 PM org.apache.ratis.thirdparty.io.grpc.internal.ManagedChannelOrphanWrapper$ManagedChannelReference cleanQueue
SEVERE: *~*~*~ Channel ManagedChannelImpl{logId=3411, target=192.168.151.107:32889} was not shutdown properly!!! ~*~*~*
    Make sure to call shutdown()/shutdownNow() and wait until awaitTermination() returns true.
java.lang.RuntimeException: ManagedChannel allocation site
	at org.apache.ratis.thirdparty.io.grpc.internal.ManagedChannelOrphanWrapper$ManagedChannelReference.<init>(ManagedChannelOrphanWrapper.java:103)
	at org.apache.ratis.thirdparty.io.grpc.internal.ManagedChannelOrphanWrapper.<init>(ManagedChannelOrphanWrapper.java:53)
	at org.apache.ratis.thirdparty.io.grpc.internal.ManagedChannelOrphanWrapper.<init>(ManagedChannelOrphanWrapper.java:44)
	at org.apache.ratis.thirdparty.io.grpc.internal.AbstractManagedChannelImplBuilder.build(AbstractManagedChannelImplBuilder.java:411)
	at org.apache.ratis.grpc.client.GrpcClientProtocolClient.<init>(GrpcClientProtocolClient.java:128)
	at org.apache.ratis.grpc.client.GrpcClientRpc.lambda$new$0(GrpcClientRpc.java:55)
	at org.apache.ratis.util.PeerProxyMap$PeerAndProxy.lambda$getProxy$0(PeerProxyMap.java:61)
	at org.apache.ratis.util.LifeCycle.startAndTransition(LifeCycle.java:202)
	at org.apache.ratis.util.PeerProxyMap$PeerAndProxy.getProxy(PeerProxyMap.java:60)
	at org.apache.ratis.util.PeerProxyMap.getProxy(PeerProxyMap.java:108)
	at org.apache.ratis.grpc.client.GrpcClientRpc.sendRequestAsync(GrpcClientRpc.java:66)
	at org.apache.ratis.client.impl.OrderedAsync.sendRequest(OrderedAsync.java:208)
	at org.apache.ratis.client.impl.OrderedAsync.sendRequestWithRetry(OrderedAsync.java:169)
	at org.apache.ratis.util.SlidingWindow$Client.sendOrDelayRequest(SlidingWindow.java:278)
	at org.apache.ratis.util.SlidingWindow$Client.submitNewRequest(SlidingWindow.java:257)
	at org.apache.ratis.client.impl.OrderedAsync.send(OrderedAsync.java:155)
	at org.apache.ratis.client.impl.RaftClientImpl.sendAsync(RaftClientImpl.java:144)
	at org.apache.ratis.client.impl.RaftClientImpl.sendAsync(RaftClientImpl.java:124)
	at org.apache.hadoop.hdds.scm.XceiverClientRatis.sendRequestAsync(XceiverClientRatis.java:230)
	at org.apache.hadoop.hdds.scm.XceiverClientRatis.sendCommandAsync(XceiverClientRatis.java:309)
	at org.apache.hadoop.hdds.scm.storage.ContainerProtocolCalls.writeChunkAsync(ContainerProtocolCalls.java:310)
	at org.apache.hadoop.hdds.scm.storage.BlockOutputStream.writeChunkToContainer(BlockOutputStream.java:601)
	at org.apache.hadoop.hdds.scm.storage.BlockOutputStream.writeChunk(BlockOutputStream.java:459)
	at org.apache.hadoop.hdds.scm.storage.BlockOutputStream.writeOnRetry(BlockOutputStream.java:285)
	at org.apache.hadoop.ozone.client.io.BlockOutputStreamEntry.writeOnRetry(BlockOutputStreamEntry.java:200)
	at org.apache.hadoop.ozone.client.io.KeyOutputStream.handleWrite(KeyOutputStream.java:206)
	at org.apache.hadoop.ozone.client.io.KeyOutputStream.handleRetry(KeyOutputStream.java:375)
	at org.apache.hadoop.ozone.client.io.KeyOutputStream.handleException(KeyOutputStream.java:324)
	at org.apache.hadoop.ozone.client.io.KeyOutputStream.handleFlushOrClose(KeyOutputStream.java:449)
	at org.apache.hadoop.ozone.client.io.KeyOutputStream.flush(KeyOutputStream.java:397)
	at org.apache.hadoop.ozone.client.io.OzoneOutputStream.flush(OzoneOutputStream.java:54)
	at org.apache.hadoop.ozone.client.rpc.TestBlockOutputStreamWithFailures.testFailureWithPrimeSizedData(TestBlockOutputStreamWithFailures.java:633)
	at sun.reflect.NativeMethodAccessorImpl.invoke0(Native Method)
	at sun.reflect.NativeMethodAccessorImpl.invoke(NativeMethodAccessorImpl.java:62)
	at sun.reflect.DelegatingMethodAccessorImpl.invoke(DelegatingMethodAccessorImpl.java:43)
	at java.lang.reflect.Method.invoke(Method.java:498)
	at org.junit.runners.model.FrameworkMethod$1.runReflectiveCall(FrameworkMethod.java:47)
	at org.junit.internal.runners.model.ReflectiveCallable.run(ReflectiveCallable.java:12)
	at org.junit.runners.model.FrameworkMethod.invokeExplosively(FrameworkMethod.java:44)
	at org.junit.internal.runners.statements.InvokeMethod.evaluate(InvokeMethod.java:17)
	at org.junit.internal.runners.statements.RunBefores.evaluate(RunBefores.java:26)
	at org.junit.internal.runners.statements.RunAfters.evaluate(RunAfters.java:27)
	at org.junit.runners.ParentRunner.runLeaf(ParentRunner.java:271)
	at org.junit.runners.BlockJUnit4ClassRunner.runChild(BlockJUnit4ClassRunner.java:70)
	at org.junit.runners.BlockJUnit4ClassRunner.runChild(BlockJUnit4ClassRunner.java:50)
	at org.junit.runners.ParentRunner$3.run(ParentRunner.java:238)
	at org.junit.runners.ParentRunner$1.schedule(ParentRunner.java:63)
	at org.junit.runners.ParentRunner.runChildren(ParentRunner.java:236)
	at org.junit.runners.ParentRunner.access$000(ParentRunner.java:53)
	at org.junit.runners.ParentRunner$2.evaluate(ParentRunner.java:229)
	at org.junit.runners.ParentRunner.run(ParentRunner.java:309)
	at org.apache.maven.surefire.junit4.JUnit4Provider.execute(JUnit4Provider.java:365)
	at org.apache.maven.surefire.junit4.JUnit4Provider.executeWithRerun(JUnit4Provider.java:273)
	at org.apache.maven.surefire.junit4.JUnit4Provider.executeTestSet(JUnit4Provider.java:238)
	at org.apache.maven.surefire.junit4.JUnit4Provider.invoke(JUnit4Provider.java:159)
	at org.apache.maven.surefire.booter.ForkedBooter.invokeProviderInSameClassLoader(ForkedBooter.java:384)
	at org.apache.maven.surefire.booter.ForkedBooter.runSuitesInProcess(ForkedBooter.java:345)
	at org.apache.maven.surefire.booter.ForkedBooter.execute(ForkedBooter.java:126)
	at org.apache.maven.surefire.booter.ForkedBooter.main(ForkedBooter.java:418)

Oct 08, 2019 9:42:37 PM org.apache.ratis.thirdparty.io.grpc.internal.ManagedChannelOrphanWrapper$ManagedChannelReference cleanQueue
SEVERE: *~*~*~ Channel ManagedChannelImpl{logId=3663, target=192.168.151.107:41766} was not shutdown properly!!! ~*~*~*
    Make sure to call shutdown()/shutdownNow() and wait until awaitTermination() returns true.
java.lang.RuntimeException: ManagedChannel allocation site
	at org.apache.ratis.thirdparty.io.grpc.internal.ManagedChannelOrphanWrapper$ManagedChannelReference.<init>(ManagedChannelOrphanWrapper.java:103)
	at org.apache.ratis.thirdparty.io.grpc.internal.ManagedChannelOrphanWrapper.<init>(ManagedChannelOrphanWrapper.java:53)
	at org.apache.ratis.thirdparty.io.grpc.internal.ManagedChannelOrphanWrapper.<init>(ManagedChannelOrphanWrapper.java:44)
	at org.apache.ratis.thirdparty.io.grpc.internal.AbstractManagedChannelImplBuilder.build(AbstractManagedChannelImplBuilder.java:411)
	at org.apache.hadoop.hdds.scm.XceiverClientGrpc.connectToDatanode(XceiverClientGrpc.java:181)
	at org.apache.hadoop.hdds.scm.XceiverClientGrpc.reconnect(XceiverClientGrpc.java:429)
	at org.apache.hadoop.hdds.scm.XceiverClientGrpc.sendCommandAsync(XceiverClientGrpc.java:378)
	at org.apache.hadoop.hdds.scm.XceiverClientGrpc.sendCommandWithRetry(XceiverClientGrpc.java:291)
	at org.apache.hadoop.hdds.scm.XceiverClientGrpc.sendCommandWithTraceIDAndRetry(XceiverClientGrpc.java:257)
	at org.apache.hadoop.hdds.scm.XceiverClientGrpc.sendCommand(XceiverClientGrpc.java:240)
	at org.apache.hadoop.hdds.scm.storage.ContainerProtocolCalls.readChunk(ContainerProtocolCalls.java:245)
	at org.apache.hadoop.hdds.scm.storage.ChunkInputStream.readChunk(ChunkInputStream.java:335)
	at org.apache.hadoop.hdds.scm.storage.ChunkInputStream.readChunkFromContainer(ChunkInputStream.java:307)
	at org.apache.hadoop.hdds.scm.storage.ChunkInputStream.prepareRead(ChunkInputStream.java:259)
	at org.apache.hadoop.hdds.scm.storage.ChunkInputStream.read(ChunkInputStream.java:144)
	at org.apache.hadoop.hdds.scm.storage.BlockInputStream.read(BlockInputStream.java:239)
	at org.apache.hadoop.ozone.client.io.KeyInputStream.read(KeyInputStream.java:171)
	at org.apache.hadoop.ozone.client.io.OzoneInputStream.read(OzoneInputStream.java:47)
	at java.io.InputStream.read(InputStream.java:101)
	at org.apache.hadoop.ozone.container.ContainerTestHelper.validateData(ContainerTestHelper.java:714)
	at org.apache.hadoop.ozone.client.rpc.TestBlockOutputStreamWithFailures.validateData(TestBlockOutputStreamWithFailures.java:1216)
	at org.apache.hadoop.ozone.client.rpc.TestBlockOutputStreamWithFailures.testWatchForCommitWithCloseContainerException(TestBlockOutputStreamWithFailures.java:260)
	at sun.reflect.NativeMethodAccessorImpl.invoke0(Native Method)
	at sun.reflect.NativeMethodAccessorImpl.invoke(NativeMethodAccessorImpl.java:62)
	at sun.reflect.DelegatingMethodAccessorImpl.invoke(DelegatingMethodAccessorImpl.java:43)
	at java.lang.reflect.Method.invoke(Method.java:498)
	at org.junit.runners.model.FrameworkMethod$1.runReflectiveCall(FrameworkMethod.java:47)
	at org.junit.internal.runners.model.ReflectiveCallable.run(ReflectiveCallable.java:12)
	at org.junit.runners.model.FrameworkMethod.invokeExplosively(FrameworkMethod.java:44)
	at org.junit.internal.runners.statements.InvokeMethod.evaluate(InvokeMethod.java:17)
	at org.junit.internal.runners.statements.RunBefores.evaluate(RunBefores.java:26)
	at org.junit.internal.runners.statements.RunAfters.evaluate(RunAfters.java:27)
	at org.junit.runners.ParentRunner.runLeaf(ParentRunner.java:271)
	at org.junit.runners.BlockJUnit4ClassRunner.runChild(BlockJUnit4ClassRunner.java:70)
	at org.junit.runners.BlockJUnit4ClassRunner.runChild(BlockJUnit4ClassRunner.java:50)
	at org.junit.runners.ParentRunner$3.run(ParentRunner.java:238)
	at org.junit.runners.ParentRunner$1.schedule(ParentRunner.java:63)
	at org.junit.runners.ParentRunner.runChildren(ParentRunner.java:236)
	at org.junit.runners.ParentRunner.access$000(ParentRunner.java:53)
	at org.junit.runners.ParentRunner$2.evaluate(ParentRunner.java:229)
	at org.junit.runners.ParentRunner.run(ParentRunner.java:309)
	at org.apache.maven.surefire.junit4.JUnit4Provider.execute(JUnit4Provider.java:365)
	at org.apache.maven.surefire.junit4.JUnit4Provider.executeWithRerun(JUnit4Provider.java:273)
	at org.apache.maven.surefire.junit4.JUnit4Provider.executeTestSet(JUnit4Provider.java:238)
	at org.apache.maven.surefire.junit4.JUnit4Provider.invoke(JUnit4Provider.java:159)
	at org.apache.maven.surefire.booter.ForkedBooter.invokeProviderInSameClassLoader(ForkedBooter.java:384)
	at org.apache.maven.surefire.booter.ForkedBooter.runSuitesInProcess(ForkedBooter.java:345)
	at org.apache.maven.surefire.booter.ForkedBooter.execute(ForkedBooter.java:126)
	at org.apache.maven.surefire.booter.ForkedBooter.main(ForkedBooter.java:418)

Oct 08, 2019 9:42:37 PM org.apache.ratis.thirdparty.io.grpc.internal.ManagedChannelOrphanWrapper$ManagedChannelReference cleanQueue
SEVERE: *~*~*~ Channel ManagedChannelImpl{logId=3673, target=192.168.151.107:40653} was not shutdown properly!!! ~*~*~*
    Make sure to call shutdown()/shutdownNow() and wait until awaitTermination() returns true.
java.lang.RuntimeException: ManagedChannel allocation site
	at org.apache.ratis.thirdparty.io.grpc.internal.ManagedChannelOrphanWrapper$ManagedChannelReference.<init>(ManagedChannelOrphanWrapper.java:103)
	at org.apache.ratis.thirdparty.io.grpc.internal.ManagedChannelOrphanWrapper.<init>(ManagedChannelOrphanWrapper.java:53)
	at org.apache.ratis.thirdparty.io.grpc.internal.ManagedChannelOrphanWrapper.<init>(ManagedChannelOrphanWrapper.java:44)
	at org.apache.ratis.thirdparty.io.grpc.internal.AbstractManagedChannelImplBuilder.build(AbstractManagedChannelImplBuilder.java:411)
	at org.apache.hadoop.hdds.scm.XceiverClientGrpc.connectToDatanode(XceiverClientGrpc.java:181)
	at org.apache.hadoop.hdds.scm.XceiverClientGrpc.reconnect(XceiverClientGrpc.java:429)
	at org.apache.hadoop.hdds.scm.XceiverClientGrpc.sendCommandAsync(XceiverClientGrpc.java:378)
	at org.apache.hadoop.hdds.scm.XceiverClientGrpc.sendCommandWithRetry(XceiverClientGrpc.java:291)
	at org.apache.hadoop.hdds.scm.XceiverClientGrpc.sendCommandWithTraceIDAndRetry(XceiverClientGrpc.java:257)
	at org.apache.hadoop.hdds.scm.XceiverClientGrpc.sendCommand(XceiverClientGrpc.java:240)
	at org.apache.hadoop.hdds.scm.storage.ContainerProtocolCalls.readChunk(ContainerProtocolCalls.java:245)
	at org.apache.hadoop.hdds.scm.storage.ChunkInputStream.readChunk(ChunkInputStream.java:335)
	at org.apache.hadoop.hdds.scm.storage.ChunkInputStream.readChunkFromContainer(ChunkInputStream.java:307)
	at org.apache.hadoop.hdds.scm.storage.ChunkInputStream.prepareRead(ChunkInputStream.java:259)
	at org.apache.hadoop.hdds.scm.storage.ChunkInputStream.read(ChunkInputStream.java:144)
	at org.apache.hadoop.hdds.scm.storage.BlockInputStream.read(BlockInputStream.java:239)
	at org.apache.hadoop.ozone.client.io.KeyInputStream.read(KeyInputStream.java:171)
	at org.apache.hadoop.ozone.client.io.OzoneInputStream.read(OzoneInputStream.java:47)
	at java.io.InputStream.read(InputStream.java:101)
	at org.apache.hadoop.ozone.container.ContainerTestHelper.validateData(ContainerTestHelper.java:714)
	at org.apache.hadoop.ozone.client.rpc.TestBlockOutputStreamWithFailures.validateData(TestBlockOutputStreamWithFailures.java:1216)
	at org.apache.hadoop.ozone.client.rpc.TestBlockOutputStreamWithFailures.testWatchForCommitWithCloseContainerException(TestBlockOutputStreamWithFailures.java:260)
	at sun.reflect.NativeMethodAccessorImpl.invoke0(Native Method)
	at sun.reflect.NativeMethodAccessorImpl.invoke(NativeMethodAccessorImpl.java:62)
	at sun.reflect.DelegatingMethodAccessorImpl.invoke(DelegatingMethodAccessorImpl.java:43)
	at java.lang.reflect.Method.invoke(Method.java:498)
	at org.junit.runners.model.FrameworkMethod$1.runReflectiveCall(FrameworkMethod.java:47)
	at org.junit.internal.runners.model.ReflectiveCallable.run(ReflectiveCallable.java:12)
	at org.junit.runners.model.FrameworkMethod.invokeExplosively(FrameworkMethod.java:44)
	at org.junit.internal.runners.statements.InvokeMethod.evaluate(InvokeMethod.java:17)
	at org.junit.internal.runners.statements.RunBefores.evaluate(RunBefores.java:26)
	at org.junit.internal.runners.statements.RunAfters.evaluate(RunAfters.java:27)
	at org.junit.runners.ParentRunner.runLeaf(ParentRunner.java:271)
	at org.junit.runners.BlockJUnit4ClassRunner.runChild(BlockJUnit4ClassRunner.java:70)
	at org.junit.runners.BlockJUnit4ClassRunner.runChild(BlockJUnit4ClassRunner.java:50)
	at org.junit.runners.ParentRunner$3.run(ParentRunner.java:238)
	at org.junit.runners.ParentRunner$1.schedule(ParentRunner.java:63)
	at org.junit.runners.ParentRunner.runChildren(ParentRunner.java:236)
	at org.junit.runners.ParentRunner.access$000(ParentRunner.java:53)
	at org.junit.runners.ParentRunner$2.evaluate(ParentRunner.java:229)
	at org.junit.runners.ParentRunner.run(ParentRunner.java:309)
	at org.apache.maven.surefire.junit4.JUnit4Provider.execute(JUnit4Provider.java:365)
	at org.apache.maven.surefire.junit4.JUnit4Provider.executeWithRerun(JUnit4Provider.java:273)
	at org.apache.maven.surefire.junit4.JUnit4Provider.executeTestSet(JUnit4Provider.java:238)
	at org.apache.maven.surefire.junit4.JUnit4Provider.invoke(JUnit4Provider.java:159)
	at org.apache.maven.surefire.booter.ForkedBooter.invokeProviderInSameClassLoader(ForkedBooter.java:384)
	at org.apache.maven.surefire.booter.ForkedBooter.runSuitesInProcess(ForkedBooter.java:345)
	at org.apache.maven.surefire.booter.ForkedBooter.execute(ForkedBooter.java:126)
	at org.apache.maven.surefire.booter.ForkedBooter.main(ForkedBooter.java:418)

Oct 08, 2019 9:42:37 PM org.apache.ratis.thirdparty.io.grpc.internal.ManagedChannelOrphanWrapper$ManagedChannelReference cleanQueue
SEVERE: *~*~*~ Channel ManagedChannelImpl{logId=3653, target=192.168.151.107:46047} was not shutdown properly!!! ~*~*~*
    Make sure to call shutdown()/shutdownNow() and wait until awaitTermination() returns true.
java.lang.RuntimeException: ManagedChannel allocation site
	at org.apache.ratis.thirdparty.io.grpc.internal.ManagedChannelOrphanWrapper$ManagedChannelReference.<init>(ManagedChannelOrphanWrapper.java:103)
	at org.apache.ratis.thirdparty.io.grpc.internal.ManagedChannelOrphanWrapper.<init>(ManagedChannelOrphanWrapper.java:53)
	at org.apache.ratis.thirdparty.io.grpc.internal.ManagedChannelOrphanWrapper.<init>(ManagedChannelOrphanWrapper.java:44)
	at org.apache.ratis.thirdparty.io.grpc.internal.AbstractManagedChannelImplBuilder.build(AbstractManagedChannelImplBuilder.java:411)
	at org.apache.hadoop.hdds.scm.XceiverClientGrpc.connectToDatanode(XceiverClientGrpc.java:181)
	at org.apache.hadoop.hdds.scm.XceiverClientGrpc.reconnect(XceiverClientGrpc.java:429)
	at org.apache.hadoop.hdds.scm.XceiverClientGrpc.sendCommandAsync(XceiverClientGrpc.java:378)
	at org.apache.hadoop.hdds.scm.XceiverClientGrpc.sendCommandWithRetry(XceiverClientGrpc.java:291)
	at org.apache.hadoop.hdds.scm.XceiverClientGrpc.sendCommandWithTraceIDAndRetry(XceiverClientGrpc.java:257)
	at org.apache.hadoop.hdds.scm.XceiverClientGrpc.sendCommand(XceiverClientGrpc.java:240)
	at org.apache.hadoop.hdds.scm.storage.ContainerProtocolCalls.getBlock(ContainerProtocolCalls.java:118)
	at org.apache.hadoop.hdds.scm.storage.BlockInputStream.getChunkInfos(BlockInputStream.java:167)
	at org.apache.hadoop.hdds.scm.storage.BlockInputStream.initialize(BlockInputStream.java:118)
	at org.apache.hadoop.hdds.scm.storage.BlockInputStream.read(BlockInputStream.java:222)
	at org.apache.hadoop.ozone.client.io.KeyInputStream.read(KeyInputStream.java:171)
	at org.apache.hadoop.ozone.client.io.OzoneInputStream.read(OzoneInputStream.java:47)
	at java.io.InputStream.read(InputStream.java:101)
	at org.apache.hadoop.ozone.container.ContainerTestHelper.validateData(ContainerTestHelper.java:714)
	at org.apache.hadoop.ozone.client.rpc.TestBlockOutputStreamWithFailures.validateData(TestBlockOutputStreamWithFailures.java:1216)
	at org.apache.hadoop.ozone.client.rpc.TestBlockOutputStreamWithFailures.testWatchForCommitWithCloseContainerException(TestBlockOutputStreamWithFailures.java:260)
	at sun.reflect.NativeMethodAccessorImpl.invoke0(Native Method)
	at sun.reflect.NativeMethodAccessorImpl.invoke(NativeMethodAccessorImpl.java:62)
	at sun.reflect.DelegatingMethodAccessorImpl.invoke(DelegatingMethodAccessorImpl.java:43)
	at java.lang.reflect.Method.invoke(Method.java:498)
	at org.junit.runners.model.FrameworkMethod$1.runReflectiveCall(FrameworkMethod.java:47)
	at org.junit.internal.runners.model.ReflectiveCallable.run(ReflectiveCallable.java:12)
	at org.junit.runners.model.FrameworkMethod.invokeExplosively(FrameworkMethod.java:44)
	at org.junit.internal.runners.statements.InvokeMethod.evaluate(InvokeMethod.java:17)
	at org.junit.internal.runners.statements.RunBefores.evaluate(RunBefores.java:26)
	at org.junit.internal.runners.statements.RunAfters.evaluate(RunAfters.java:27)
	at org.junit.runners.ParentRunner.runLeaf(ParentRunner.java:271)
	at org.junit.runners.BlockJUnit4ClassRunner.runChild(BlockJUnit4ClassRunner.java:70)
	at org.junit.runners.BlockJUnit4ClassRunner.runChild(BlockJUnit4ClassRunner.java:50)
	at org.junit.runners.ParentRunner$3.run(ParentRunner.java:238)
	at org.junit.runners.ParentRunner$1.schedule(ParentRunner.java:63)
	at org.junit.runners.ParentRunner.runChildren(ParentRunner.java:236)
	at org.junit.runners.ParentRunner.access$000(ParentRunner.java:53)
	at org.junit.runners.ParentRunner$2.evaluate(ParentRunner.java:229)
	at org.junit.runners.ParentRunner.run(ParentRunner.java:309)
	at org.apache.maven.surefire.junit4.JUnit4Provider.execute(JUnit4Provider.java:365)
	at org.apache.maven.surefire.junit4.JUnit4Provider.executeWithRerun(JUnit4Provider.java:273)
	at org.apache.maven.surefire.junit4.JUnit4Provider.executeTestSet(JUnit4Provider.java:238)
	at org.apache.maven.surefire.junit4.JUnit4Provider.invoke(JUnit4Provider.java:159)
	at org.apache.maven.surefire.booter.ForkedBooter.invokeProviderInSameClassLoader(ForkedBooter.java:384)
	at org.apache.maven.surefire.booter.ForkedBooter.runSuitesInProcess(ForkedBooter.java:345)
	at org.apache.maven.surefire.booter.ForkedBooter.execute(ForkedBooter.java:126)
	at org.apache.maven.surefire.booter.ForkedBooter.main(ForkedBooter.java:418)

Oct 08, 2019 9:42:52 PM org.apache.ratis.thirdparty.io.grpc.internal.SerializingExecutor run
SEVERE: Exception while executing runnable org.apache.ratis.thirdparty.io.grpc.internal.ServerImpl$JumpToApplicationThreadServerStreamListener$1Closed@589b42a6
org.apache.ratis.thirdparty.io.grpc.StatusRuntimeException: CANCELLED: call already cancelled
	at org.apache.ratis.thirdparty.io.grpc.Status.asRuntimeException(Status.java:517)
	at org.apache.ratis.thirdparty.io.grpc.stub.ServerCalls$ServerCallStreamObserverImpl.onCompleted(ServerCalls.java:356)
	at org.apache.ratis.grpc.server.GrpcServerProtocolService$ServerRequestStreamObserver.onError(GrpcServerProtocolService.java:121)
	at org.apache.ratis.thirdparty.io.grpc.stub.ServerCalls$StreamingServerCallHandler$StreamingServerCallListener.onCancel(ServerCalls.java:269)
	at org.apache.ratis.thirdparty.io.grpc.internal.ServerCallImpl$ServerStreamListenerImpl.closed(ServerCallImpl.java:293)
	at org.apache.ratis.thirdparty.io.grpc.internal.ServerImpl$JumpToApplicationThreadServerStreamListener$1Closed.runInContext(ServerImpl.java:741)
	at org.apache.ratis.thirdparty.io.grpc.internal.ContextRunnable.run(ContextRunnable.java:37)
	at org.apache.ratis.thirdparty.io.grpc.internal.SerializingExecutor.run(SerializingExecutor.java:123)
	at java.util.concurrent.ThreadPoolExecutor.runWorker(ThreadPoolExecutor.java:1149)
	at java.util.concurrent.ThreadPoolExecutor$Worker.run(ThreadPoolExecutor.java:624)
	at java.lang.Thread.run(Thread.java:748)

Oct 08, 2019 9:42:52 PM org.apache.ratis.thirdparty.io.grpc.internal.SerializingExecutor run
SEVERE: Exception while executing runnable org.apache.ratis.thirdparty.io.grpc.internal.ServerImpl$JumpToApplicationThreadServerStreamListener$1Closed@40f470f4
org.apache.ratis.thirdparty.io.grpc.StatusRuntimeException: CANCELLED: call already cancelled
	at org.apache.ratis.thirdparty.io.grpc.Status.asRuntimeException(Status.java:517)
	at org.apache.ratis.thirdparty.io.grpc.stub.ServerCalls$ServerCallStreamObserverImpl.onCompleted(ServerCalls.java:356)
	at org.apache.ratis.grpc.server.GrpcServerProtocolService$ServerRequestStreamObserver.onError(GrpcServerProtocolService.java:121)
	at org.apache.ratis.thirdparty.io.grpc.stub.ServerCalls$StreamingServerCallHandler$StreamingServerCallListener.onCancel(ServerCalls.java:269)
	at org.apache.ratis.thirdparty.io.grpc.internal.ServerCallImpl$ServerStreamListenerImpl.closed(ServerCallImpl.java:293)
	at org.apache.ratis.thirdparty.io.grpc.internal.ServerImpl$JumpToApplicationThreadServerStreamListener$1Closed.runInContext(ServerImpl.java:741)
	at org.apache.ratis.thirdparty.io.grpc.internal.ContextRunnable.run(ContextRunnable.java:37)
	at org.apache.ratis.thirdparty.io.grpc.internal.SerializingExecutor.run(SerializingExecutor.java:123)
	at java.util.concurrent.ThreadPoolExecutor.runWorker(ThreadPoolExecutor.java:1149)
	at java.util.concurrent.ThreadPoolExecutor$Worker.run(ThreadPoolExecutor.java:624)
	at java.lang.Thread.run(Thread.java:748)

Oct 08, 2019 9:42:57 PM org.apache.ratis.thirdparty.io.grpc.internal.SerializingExecutor run
SEVERE: Exception while executing runnable org.apache.ratis.thirdparty.io.grpc.internal.ServerImpl$JumpToApplicationThreadServerStreamListener$1Closed@5d2aec3e
org.apache.ratis.thirdparty.io.grpc.StatusRuntimeException: CANCELLED: call already cancelled
	at org.apache.ratis.thirdparty.io.grpc.Status.asRuntimeException(Status.java:517)
	at org.apache.ratis.thirdparty.io.grpc.stub.ServerCalls$ServerCallStreamObserverImpl.onCompleted(ServerCalls.java:356)
	at org.apache.ratis.grpc.server.GrpcServerProtocolService$ServerRequestStreamObserver.onError(GrpcServerProtocolService.java:121)
	at org.apache.ratis.thirdparty.io.grpc.stub.ServerCalls$StreamingServerCallHandler$StreamingServerCallListener.onCancel(ServerCalls.java:269)
	at org.apache.ratis.thirdparty.io.grpc.internal.ServerCallImpl$ServerStreamListenerImpl.closed(ServerCallImpl.java:293)
	at org.apache.ratis.thirdparty.io.grpc.internal.ServerImpl$JumpToApplicationThreadServerStreamListener$1Closed.runInContext(ServerImpl.java:741)
	at org.apache.ratis.thirdparty.io.grpc.internal.ContextRunnable.run(ContextRunnable.java:37)
	at org.apache.ratis.thirdparty.io.grpc.internal.SerializingExecutor.run(SerializingExecutor.java:123)
	at java.util.concurrent.ThreadPoolExecutor.runWorker(ThreadPoolExecutor.java:1149)
	at java.util.concurrent.ThreadPoolExecutor$Worker.run(ThreadPoolExecutor.java:624)
	at java.lang.Thread.run(Thread.java:748)

]]></system-err>
  </testcase>
</testsuite>