<?xml version="1.0" encoding="UTF-8"?>
<testsuite xmlns:xsi="http://www.w3.org/2001/XMLSchema-instance" xsi:noNamespaceSchemaLocation="https://maven.apache.org/surefire/maven-surefire-plugin/xsd/surefire-test-report.xsd" name="org.apache.hadoop.ozone.client.rpc.TestWatchForCommit" time="257.426" tests="5" errors="1" skipped="0" failures="0">
  <properties>
    <property name="awt.toolkit" value="sun.awt.X11.XToolkit"/>
    <property name="file.encoding.pkg" value="sun.io"/>
    <property name="java.specification.version" value="1.8"/>
    <property name="sun.cpu.isalist" value=""/>
    <property name="sun.jnu.encoding" value="UTF-8"/>
    <property name="java.class.path" value="/workdir/hadoop-ozone/integration-test/target/test-classes:/workdir/hadoop-ozone/integration-test/target/classes:/home/user/.m2/repository/org/apache/hadoop/hadoop-ozone-common/0.5.0-SNAPSHOT/hadoop-ozone-common-0.5.0-SNAPSHOT.jar:/home/user/.m2/repository/org/apache/commons/commons-compress/1.4.1/commons-compress-1.4.1.jar:/home/user/.m2/repository/org/tukaani/xz/1.0/xz-1.0.jar:/home/user/.m2/repository/org/apache/hadoop/hadoop-common/3.2.0/hadoop-common-3.2.0.jar:/home/user/.m2/repository/org/apache/hadoop/hadoop-hdfs/3.2.0/hadoop-hdfs-3.2.0.jar:/home/user/.m2/repository/org/apache/hadoop/hadoop-hdfs-client/3.2.0/hadoop-hdfs-client-3.2.0.jar:/home/user/.m2/repository/com/fasterxml/jackson/core/jackson-annotations/2.9.9/jackson-annotations-2.9.9.jar:/home/user/.m2/repository/org/apache/hadoop/hadoop-hdds-common/0.5.0-SNAPSHOT/hadoop-hdds-common-0.5.0-SNAPSHOT.jar:/home/user/.m2/repository/javax/annotation/javax.annotation-api/1.2/javax.annotation-api-1.2.jar:/home/user/.m2/repository/org/apache/ratis/ratis-server/0.5.0-201fc85-SNAPSHOT/ratis-server-0.5.0-201fc85-SNAPSHOT.jar:/home/user/.m2/repository/org/apache/ratis/ratis-thirdparty-misc/0.2.0/ratis-thirdparty-misc-0.2.0.jar:/home/user/.m2/repository/org/apache/ratis/ratis-proto/0.5.0-201fc85-SNAPSHOT/ratis-proto-0.5.0-201fc85-SNAPSHOT.jar:/home/user/.m2/repository/org/apache/ratis/ratis-common/0.5.0-201fc85-SNAPSHOT/ratis-common-0.5.0-201fc85-SNAPSHOT.jar:/home/user/.m2/repository/org/apache/ratis/ratis-client/0.5.0-201fc85-SNAPSHOT/ratis-client-0.5.0-201fc85-SNAPSHOT.jar:/home/user/.m2/repository/org/apache/ratis/ratis-metrics/0.5.0-201fc85-SNAPSHOT/ratis-metrics-0.5.0-201fc85-SNAPSHOT.jar:/home/user/.m2/repository/com/github/joshelser/dropwizard-metrics-hadoop-metrics2-reporter/0.1.2/dropwizard-metrics-hadoop-metrics2-reporter-0.1.2.jar:/home/user/.m2/repository/io/dropwizard/metrics/metrics-jvm/3.2.5/metrics-jvm-3.2.5.jar:/home/user/.m2/repository/io/dropwizard/metrics/metrics-ganglia/3.2.5/metrics-ganglia-3.2.5.jar:/home/user/.m2/repository/info/ganglia/gmetric4j/gmetric4j/1.0.7/gmetric4j-1.0.7.jar:/home/user/.m2/repository/org/apache/ratis/ratis-netty/0.5.0-201fc85-SNAPSHOT/ratis-netty-0.5.0-201fc85-SNAPSHOT.jar:/home/user/.m2/repository/org/apache/ratis/ratis-grpc/0.5.0-201fc85-SNAPSHOT/ratis-grpc-0.5.0-201fc85-SNAPSHOT.jar:/home/user/.m2/repository/org/rocksdb/rocksdbjni/6.0.1/rocksdbjni-6.0.1.jar:/home/user/.m2/repository/org/apache/logging/log4j/log4j-api/2.11.0/log4j-api-2.11.0.jar:/home/user/.m2/repository/org/apache/logging/log4j/log4j-core/2.11.0/log4j-core-2.11.0.jar:/home/user/.m2/repository/com/lmax/disruptor/3.4.2/disruptor-3.4.2.jar:/home/user/.m2/repository/org/apache/commons/commons-pool2/2.6.0/commons-pool2-2.6.0.jar:/home/user/.m2/repository/org/bouncycastle/bcpkix-jdk15on/1.60/bcpkix-jdk15on-1.60.jar:/home/user/.m2/repository/commons-validator/commons-validator/1.6/commons-validator-1.6.jar:/home/user/.m2/repository/commons-digester/commons-digester/1.8.1/commons-digester-1.8.1.jar:/home/user/.m2/repository/io/jaegertracing/jaeger-client/0.34.0/jaeger-client-0.34.0.jar:/home/user/.m2/repository/io/jaegertracing/jaeger-thrift/0.34.0/jaeger-thrift-0.34.0.jar:/home/user/.m2/repository/org/apache/thrift/libthrift/0.12.0/libthrift-0.12.0.jar:/home/user/.m2/repository/com/squareup/okhttp3/okhttp/3.9.0/okhttp-3.9.0.jar:/home/user/.m2/repository/com/squareup/okio/okio/1.13.0/okio-1.13.0.jar:/home/user/.m2/repository/io/jaegertracing/jaeger-core/0.34.0/jaeger-core-0.34.0.jar:/home/user/.m2/repository/io/jaegertracing/jaeger-tracerresolver/0.34.0/jaeger-tracerresolver-0.34.0.jar:/home/user/.m2/repository/io/opentracing/contrib/opentracing-tracerresolver/0.1.5/opentracing-tracerresolver-0.1.5.jar:/home/user/.m2/repository/io/opentracing/opentracing-util/0.31.0/opentracing-util-0.31.0.jar:/home/user/.m2/repository/io/opentracing/opentracing-api/0.31.0/opentracing-api-0.31.0.jar:/home/user/.m2/repository/io/opentracing/opentracing-noop/0.31.0/opentracing-noop-0.31.0.jar:/home/user/.m2/repository/org/apache/hadoop/hadoop-hdds-server-framework/0.5.0-SNAPSHOT/hadoop-hdds-server-framework-0.5.0-SNAPSHOT.jar:/home/user/.m2/repository/org/apache/hadoop/hadoop-hdds-container-service/0.5.0-SNAPSHOT/hadoop-hdds-container-service-0.5.0-SNAPSHOT.jar:/home/user/.m2/repository/org/apache/hadoop/hadoop-hdds-client/0.5.0-SNAPSHOT/hadoop-hdds-client-0.5.0-SNAPSHOT.jar:/home/user/.m2/repository/org/apache/hadoop/hadoop-hdds-tools/0.5.0-SNAPSHOT/hadoop-hdds-tools-0.5.0-SNAPSHOT.jar:/home/user/.m2/repository/org/apache/hadoop/hadoop-hdds-server-scm/0.5.0-SNAPSHOT/hadoop-hdds-server-scm-0.5.0-SNAPSHOT.jar:/home/user/.m2/repository/org/apache/hadoop/hadoop-hdds-docs/0.5.0-SNAPSHOT/hadoop-hdds-docs-0.5.0-SNAPSHOT.jar:/home/user/.m2/repository/io/dropwizard/metrics/metrics-core/3.2.4/metrics-core-3.2.4.jar:/home/user/.m2/repository/org/hamcrest/hamcrest-all/1.3/hamcrest-all-1.3.jar:/home/user/.m2/repository/org/bouncycastle/bcprov-jdk15on/1.60/bcprov-jdk15on-1.60.jar:/home/user/.m2/repository/info/picocli/picocli/3.9.6/picocli-3.9.6.jar:/home/user/.m2/repository/com/google/protobuf/protobuf-java/2.5.0/protobuf-java-2.5.0.jar:/home/user/.m2/repository/com/google/guava/guava/11.0.2/guava-11.0.2.jar:/home/user/.m2/repository/org/apache/hadoop/hadoop-ozone-ozone-manager/0.5.0-SNAPSHOT/hadoop-ozone-ozone-manager-0.5.0-SNAPSHOT.jar:/home/user/.m2/repository/org/apache/hadoop/hadoop-minikdc/3.2.0/hadoop-minikdc-3.2.0.jar:/home/user/.m2/repository/commons-io/commons-io/2.5/commons-io-2.5.jar:/home/user/.m2/repository/org/apache/kerby/kerb-simplekdc/1.0.1/kerb-simplekdc-1.0.1.jar:/home/user/.m2/repository/org/apache/kerby/kerb-client/1.0.1/kerb-client-1.0.1.jar:/home/user/.m2/repository/org/apache/kerby/kerby-config/1.0.1/kerby-config-1.0.1.jar:/home/user/.m2/repository/org/apache/kerby/kerb-core/1.0.1/kerb-core-1.0.1.jar:/home/user/.m2/repository/org/apache/kerby/kerby-pkix/1.0.1/kerby-pkix-1.0.1.jar:/home/user/.m2/repository/org/apache/kerby/kerby-asn1/1.0.1/kerby-asn1-1.0.1.jar:/home/user/.m2/repository/org/apache/kerby/kerby-util/1.0.1/kerby-util-1.0.1.jar:/home/user/.m2/repository/org/apache/kerby/kerb-common/1.0.1/kerb-common-1.0.1.jar:/home/user/.m2/repository/org/apache/kerby/kerb-crypto/1.0.1/kerb-crypto-1.0.1.jar:/home/user/.m2/repository/org/apache/kerby/kerb-util/1.0.1/kerb-util-1.0.1.jar:/home/user/.m2/repository/org/apache/kerby/token-provider/1.0.1/token-provider-1.0.1.jar:/home/user/.m2/repository/org/apache/kerby/kerb-admin/1.0.1/kerb-admin-1.0.1.jar:/home/user/.m2/repository/org/apache/kerby/kerb-server/1.0.1/kerb-server-1.0.1.jar:/home/user/.m2/repository/org/apache/kerby/kerb-identity/1.0.1/kerb-identity-1.0.1.jar:/home/user/.m2/repository/org/apache/kerby/kerby-xdr/1.0.1/kerby-xdr-1.0.1.jar:/home/user/.m2/repository/org/slf4j/slf4j-log4j12/1.7.25/slf4j-log4j12-1.7.25.jar:/home/user/.m2/repository/org/apache/hadoop/hadoop-ozone-s3gateway/0.5.0-SNAPSHOT/hadoop-ozone-s3gateway-0.5.0-SNAPSHOT.jar:/home/user/.m2/repository/org/jboss/weld/servlet/weld-servlet/2.4.7.Final/weld-servlet-2.4.7.Final.jar:/home/user/.m2/repository/org/glassfish/jersey/containers/jersey-container-servlet-core/2.27/jersey-container-servlet-core-2.27.jar:/home/user/.m2/repository/org/glassfish/hk2/external/javax.inject/2.5.0-b42/javax.inject-2.5.0-b42.jar:/home/user/.m2/repository/org/glassfish/jersey/core/jersey-common/2.27/jersey-common-2.27.jar:/home/user/.m2/repository/org/glassfish/hk2/osgi-resource-locator/1.0.1/osgi-resource-locator-1.0.1.jar:/home/user/.m2/repository/javax/ws/rs/javax.ws.rs-api/2.1/javax.ws.rs-api-2.1.jar:/home/user/.m2/repository/org/glassfish/jersey/ext/cdi/jersey-cdi1x/2.27/jersey-cdi1x-2.27.jar:/home/user/.m2/repository/org/glassfish/jersey/inject/jersey-hk2/2.27/jersey-hk2-2.27.jar:/home/user/.m2/repository/org/glassfish/hk2/hk2-locator/2.5.0-b42/hk2-locator-2.5.0-b42.jar:/home/user/.m2/repository/org/javassist/javassist/3.22.0-CR2/javassist-3.22.0-CR2.jar:/home/user/.m2/repository/org/glassfish/hk2/hk2-api/2.5.0/hk2-api-2.5.0.jar:/home/user/.m2/repository/org/glassfish/hk2/external/jakarta.inject/2.5.0/jakarta.inject-2.5.0.jar:/home/user/.m2/repository/org/glassfish/hk2/hk2-utils/2.5.0/hk2-utils-2.5.0.jar:/home/user/.m2/repository/jakarta/annotation/jakarta.annotation-api/1.3.4/jakarta.annotation-api-1.3.4.jar:/home/user/.m2/repository/org/glassfish/hk2/external/aopalliance-repackaged/2.5.0/aopalliance-repackaged-2.5.0.jar:/home/user/.m2/repository/com/fasterxml/jackson/dataformat/jackson-dataformat-xml/2.9.0/jackson-dataformat-xml-2.9.0.jar:/home/user/.m2/repository/com/fasterxml/jackson/core/jackson-core/2.9.9/jackson-core-2.9.9.jar:/home/user/.m2/repository/com/fasterxml/jackson/module/jackson-module-jaxb-annotations/2.9.9/jackson-module-jaxb-annotations-2.9.9.jar:/home/user/.m2/repository/javax/enterprise/cdi-api/1.2/cdi-api-1.2.jar:/home/user/.m2/repository/javax/el/javax.el-api/3.0.0/javax.el-api-3.0.0.jar:/home/user/.m2/repository/javax/interceptor/javax.interceptor-api/1.2/javax.interceptor-api-1.2.jar:/home/user/.m2/repository/javax/inject/javax.inject/1/javax.inject-1.jar:/home/user/.m2/repository/com/sun/xml/bind/jaxb-impl/2.3.0.1/jaxb-impl-2.3.0.1.jar:/home/user/.m2/repository/com/sun/xml/bind/jaxb-core/2.3.0.1/jaxb-core-2.3.0.1.jar:/home/user/.m2/repository/javax/xml/bind/jaxb-api/2.3.0/jaxb-api-2.3.0.jar:/home/user/.m2/repository/javax/activation/activation/1.1.1/activation-1.1.1.jar:/home/user/.m2/repository/org/apache/hadoop/hadoop-ozone-csi/0.5.0-SNAPSHOT/hadoop-ozone-csi-0.5.0-SNAPSHOT.jar:/home/user/.m2/repository/com/google/protobuf/protobuf-java-util/3.5.1/protobuf-java-util-3.5.1.jar:/home/user/.m2/repository/org/apache/hadoop/hadoop-hdds-config/0.5.0-SNAPSHOT/hadoop-hdds-config-0.5.0-SNAPSHOT.jar:/home/user/.m2/repository/io/grpc/grpc-netty/1.17.1/grpc-netty-1.17.1.jar:/home/user/.m2/repository/io/grpc/grpc-core/1.17.1/grpc-core-1.17.1.jar:/home/user/.m2/repository/io/grpc/grpc-context/1.17.1/grpc-context-1.17.1.jar:/home/user/.m2/repository/com/google/errorprone/error_prone_annotations/2.2.0/error_prone_annotations-2.2.0.jar:/home/user/.m2/repository/org/codehaus/mojo/animal-sniffer-annotations/1.17/animal-sniffer-annotations-1.17.jar:/home/user/.m2/repository/io/opencensus/opencensus-api/0.17.0/opencensus-api-0.17.0.jar:/home/user/.m2/repository/io/opencensus/opencensus-contrib-grpc-metrics/0.17.0/opencensus-contrib-grpc-metrics-0.17.0.jar:/home/user/.m2/repository/io/netty/netty-codec-http2/4.1.30.Final/netty-codec-http2-4.1.30.Final.jar:/home/user/.m2/repository/io/netty/netty-codec-http/4.1.30.Final/netty-codec-http-4.1.30.Final.jar:/home/user/.m2/repository/io/netty/netty-codec/4.1.30.Final/netty-codec-4.1.30.Final.jar:/home/user/.m2/repository/io/netty/netty-handler/4.1.30.Final/netty-handler-4.1.30.Final.jar:/home/user/.m2/repository/io/netty/netty-handler-proxy/4.1.30.Final/netty-handler-proxy-4.1.30.Final.jar:/home/user/.m2/repository/io/netty/netty-codec-socks/4.1.30.Final/netty-codec-socks-4.1.30.Final.jar:/home/user/.m2/repository/io/netty/netty-transport-native-epoll/4.1.30.Final/netty-transport-native-epoll-4.1.30.Final.jar:/home/user/.m2/repository/io/netty/netty-common/4.1.30.Final/netty-common-4.1.30.Final.jar:/home/user/.m2/repository/io/netty/netty-buffer/4.1.30.Final/netty-buffer-4.1.30.Final.jar:/home/user/.m2/repository/io/netty/netty-transport/4.1.30.Final/netty-transport-4.1.30.Final.jar:/home/user/.m2/repository/io/netty/netty-resolver/4.1.30.Final/netty-resolver-4.1.30.Final.jar:/home/user/.m2/repository/io/netty/netty-transport-native-unix-common/4.1.30.Final/netty-transport-native-unix-common-4.1.30.Final.jar:/home/user/.m2/repository/io/grpc/grpc-protobuf/1.17.1/grpc-protobuf-1.17.1.jar:/home/user/.m2/repository/com/google/api/grpc/proto-google-common-protos/1.0.0/proto-google-common-protos-1.0.0.jar:/home/user/.m2/repository/io/grpc/grpc-protobuf-lite/1.17.1/grpc-protobuf-lite-1.17.1.jar:/home/user/.m2/repository/io/grpc/grpc-stub/1.17.1/grpc-stub-1.17.1.jar:/home/user/.m2/repository/org/apache/hadoop/hadoop-ozone-recon/0.5.0-SNAPSHOT/hadoop-ozone-recon-0.5.0-SNAPSHOT.jar:/home/user/.m2/repository/org/apache/hadoop/hadoop-ozone-reconcodegen/0.5.0-SNAPSHOT/hadoop-ozone-reconcodegen-0.5.0-SNAPSHOT.jar:/home/user/.m2/repository/com/google/inject/extensions/guice-multibindings/4.0/guice-multibindings-4.0.jar:/home/user/.m2/repository/com/google/inject/guice/4.0/guice-4.0.jar:/home/user/.m2/repository/aopalliance/aopalliance/1.0/aopalliance-1.0.jar:/home/user/.m2/repository/com/google/inject/extensions/guice-servlet/4.0/guice-servlet-4.0.jar:/home/user/.m2/repository/org/glassfish/jersey/containers/jersey-container-servlet/2.27/jersey-container-servlet-2.27.jar:/home/user/.m2/repository/org/glassfish/hk2/guice-bridge/2.5.0/guice-bridge-2.5.0.jar:/home/user/.m2/repository/org/glassfish/jersey/core/jersey-server/2.27/jersey-server-2.27.jar:/home/user/.m2/repository/org/glassfish/jersey/core/jersey-client/2.27/jersey-client-2.27.jar:/home/user/.m2/repository/org/glassfish/jersey/media/jersey-media-jaxb/2.27/jersey-media-jaxb-2.27.jar:/home/user/.m2/repository/javax/validation/validation-api/1.1.0.Final/validation-api-1.1.0.Final.jar:/home/user/.m2/repository/org/glassfish/jersey/media/jersey-media-json-jackson/2.27/jersey-media-json-jackson-2.27.jar:/home/user/.m2/repository/org/glassfish/jersey/ext/jersey-entity-filtering/2.27/jersey-entity-filtering-2.27.jar:/home/user/.m2/repository/com/google/inject/extensions/guice-assistedinject/4.0/guice-assistedinject-4.0.jar:/home/user/.m2/repository/org/jooq/jooq/3.11.10/jooq-3.11.10.jar:/home/user/.m2/repository/org/jooq/jooq-meta/3.11.10/jooq-meta-3.11.10.jar:/home/user/.m2/repository/org/jooq/jooq-codegen/3.11.10/jooq-codegen-3.11.10.jar:/home/user/.m2/repository/com/jolbox/bonecp/0.8.0.RELEASE/bonecp-0.8.0.RELEASE.jar:/home/user/.m2/repository/org/xerial/sqlite-jdbc/3.25.2/sqlite-jdbc-3.25.2.jar:/home/user/.m2/repository/org/springframework/spring-jdbc/5.1.3.RELEASE/spring-jdbc-5.1.3.RELEASE.jar:/home/user/.m2/repository/org/springframework/spring-beans/5.1.3.RELEASE/spring-beans-5.1.3.RELEASE.jar:/home/user/.m2/repository/org/springframework/spring-core/5.1.3.RELEASE/spring-core-5.1.3.RELEASE.jar:/home/user/.m2/repository/org/springframework/spring-jcl/5.1.3.RELEASE/spring-jcl-5.1.3.RELEASE.jar:/home/user/.m2/repository/org/springframework/spring-tx/5.1.3.RELEASE/spring-tx-5.1.3.RELEASE.jar:/home/user/.m2/repository/org/apache/hadoop/hadoop-ozone-client/0.5.0-SNAPSHOT/hadoop-ozone-client-0.5.0-SNAPSHOT.jar:/home/user/.m2/repository/commons-lang/commons-lang/2.6/commons-lang-2.6.jar:/home/user/.m2/repository/org/apache/hadoop/hadoop-ozone-ozone-manager/0.5.0-SNAPSHOT/hadoop-ozone-ozone-manager-0.5.0-SNAPSHOT-tests.jar:/home/user/.m2/repository/junit/junit/4.11/junit-4.11.jar:/home/user/.m2/repository/org/hamcrest/hamcrest-core/1.3/hamcrest-core-1.3.jar:/home/user/.m2/repository/org/openjdk/jmh/jmh-core/1.19/jmh-core-1.19.jar:/home/user/.m2/repository/net/sf/jopt-simple/jopt-simple/4.6/jopt-simple-4.6.jar:/home/user/.m2/repository/org/apache/commons/commons-math3/3.1.1/commons-math3-3.1.1.jar:/home/user/.m2/repository/org/openjdk/jmh/jmh-generator-annprocess/1.19/jmh-generator-annprocess-1.19.jar:/home/user/.m2/repository/org/mockito/mockito-all/1.8.5/mockito-all-1.8.5.jar:/home/user/.m2/repository/org/apache/hadoop/hadoop-kms/3.2.0/hadoop-kms-3.2.0.jar:/home/user/.m2/repository/org/apache/hadoop/hadoop-auth/3.2.0/hadoop-auth-3.2.0.jar:/home/user/.m2/repository/com/nimbusds/nimbus-jose-jwt/4.41.1/nimbus-jose-jwt-4.41.1.jar:/home/user/.m2/repository/com/github/stephenc/jcip/jcip-annotations/1.0-1/jcip-annotations-1.0-1.jar:/home/user/.m2/repository/net/minidev/json-smart/2.3/json-smart-2.3.jar:/home/user/.m2/repository/net/minidev/accessors-smart/1.2/accessors-smart-1.2.jar:/home/user/.m2/repository/org/ow2/asm/asm/5.0.4/asm-5.0.4.jar:/home/user/.m2/repository/org/apache/curator/curator-framework/2.12.0/curator-framework-2.12.0.jar:/home/user/.m2/repository/com/sun/jersey/jersey-core/1.19/jersey-core-1.19.jar:/home/user/.m2/repository/javax/ws/rs/jsr311-api/1.1.1/jsr311-api-1.1.1.jar:/home/user/.m2/repository/com/sun/jersey/jersey-server/1.19/jersey-server-1.19.jar:/home/user/.m2/repository/javax/servlet/javax.servlet-api/3.1.0/javax.servlet-api-3.1.0.jar:/home/user/.m2/repository/org/eclipse/jetty/jetty-server/9.3.25.v20180904/jetty-server-9.3.25.v20180904.jar:/home/user/.m2/repository/org/eclipse/jetty/jetty-http/9.3.25.v20180904/jetty-http-9.3.25.v20180904.jar:/home/user/.m2/repository/org/eclipse/jetty/jetty-io/9.3.25.v20180904/jetty-io-9.3.25.v20180904.jar:/home/user/.m2/repository/org/eclipse/jetty/jetty-webapp/9.3.25.v20180904/jetty-webapp-9.3.25.v20180904.jar:/home/user/.m2/repository/org/eclipse/jetty/jetty-xml/9.3.25.v20180904/jetty-xml-9.3.25.v20180904.jar:/home/user/.m2/repository/log4j/log4j/1.2.17/log4j-1.2.17.jar:/home/user/.m2/repository/org/slf4j/slf4j-api/1.7.25/slf4j-api-1.7.25.jar:/home/user/.m2/repository/org/slf4j/jul-to-slf4j/1.7.25/jul-to-slf4j-1.7.25.jar:/home/user/.m2/repository/org/eclipse/jetty/jetty-util/9.3.25.v20180904/jetty-util-9.3.25.v20180904.jar:/home/user/.m2/repository/com/fasterxml/jackson/core/jackson-databind/2.9.9/jackson-databind-2.9.9.jar:/home/user/.m2/repository/org/apache/hadoop/hadoop-kms/3.2.0/hadoop-kms-3.2.0-tests.jar:/home/user/.m2/repository/org/apache/hadoop/hadoop-hdds-server-scm/0.5.0-SNAPSHOT/hadoop-hdds-server-scm-0.5.0-SNAPSHOT-tests.jar:/home/user/.m2/repository/org/apache/hadoop/hadoop-hdds-container-service/0.5.0-SNAPSHOT/hadoop-hdds-container-service-0.5.0-SNAPSHOT-tests.jar:/home/user/.m2/repository/org/yaml/snakeyaml/1.16/snakeyaml-1.16.jar:/home/user/.m2/repository/org/apache/hadoop/hadoop-common/3.2.0/hadoop-common-3.2.0-tests.jar:/home/user/.m2/repository/org/apache/hadoop/hadoop-annotations/3.2.0/hadoop-annotations-3.2.0.jar:/usr/lib/jvm/java-1.8-openjdk/jre/../lib/tools.jar:/home/user/.m2/repository/commons-cli/commons-cli/1.2/commons-cli-1.2.jar:/home/user/.m2/repository/org/apache/httpcomponents/httpclient/4.5.2/httpclient-4.5.2.jar:/home/user/.m2/repository/org/apache/httpcomponents/httpcore/4.4.4/httpcore-4.4.4.jar:/home/user/.m2/repository/commons-codec/commons-codec/1.11/commons-codec-1.11.jar:/home/user/.m2/repository/commons-net/commons-net/3.6/commons-net-3.6.jar:/home/user/.m2/repository/commons-collections/commons-collections/3.2.2/commons-collections-3.2.2.jar:/home/user/.m2/repository/org/eclipse/jetty/jetty-servlet/9.3.25.v20180904/jetty-servlet-9.3.25.v20180904.jar:/home/user/.m2/repository/org/eclipse/jetty/jetty-security/9.3.25.v20180904/jetty-security-9.3.25.v20180904.jar:/home/user/.m2/repository/javax/servlet/jsp/jsp-api/2.1/jsp-api-2.1.jar:/home/user/.m2/repository/com/sun/jersey/jersey-servlet/1.19/jersey-servlet-1.19.jar:/home/user/.m2/repository/com/sun/jersey/jersey-json/1.19/jersey-json-1.19.jar:/home/user/.m2/repository/org/codehaus/jettison/jettison/1.1/jettison-1.1.jar:/home/user/.m2/repository/org/codehaus/jackson/jackson-core-asl/1.9.13/jackson-core-asl-1.9.13.jar:/home/user/.m2/repository/org/codehaus/jackson/jackson-mapper-asl/1.9.13/jackson-mapper-asl-1.9.13.jar:/home/user/.m2/repository/org/codehaus/jackson/jackson-jaxrs/1.9.13/jackson-jaxrs-1.9.13.jar:/home/user/.m2/repository/org/codehaus/jackson/jackson-xc/1.9.13/jackson-xc-1.9.13.jar:/home/user/.m2/repository/commons-logging/commons-logging/1.1.3/commons-logging-1.1.3.jar:/home/user/.m2/repository/commons-beanutils/commons-beanutils/1.9.4/commons-beanutils-1.9.4.jar:/home/user/.m2/repository/org/apache/commons/commons-configuration2/2.1.1/commons-configuration2-2.1.1.jar:/home/user/.m2/repository/org/apache/commons/commons-lang3/3.7/commons-lang3-3.7.jar:/home/user/.m2/repository/org/apache/commons/commons-text/1.4/commons-text-1.4.jar:/home/user/.m2/repository/org/apache/avro/avro/1.7.7/avro-1.7.7.jar:/home/user/.m2/repository/com/thoughtworks/paranamer/paranamer/2.3/paranamer-2.3.jar:/home/user/.m2/repository/org/xerial/snappy/snappy-java/1.0.5/snappy-java-1.0.5.jar:/home/user/.m2/repository/com/google/re2j/re2j/1.1/re2j-1.1.jar:/home/user/.m2/repository/com/google/code/gson/gson/2.2.4/gson-2.2.4.jar:/home/user/.m2/repository/com/jcraft/jsch/0.1.54/jsch-0.1.54.jar:/home/user/.m2/repository/org/apache/curator/curator-client/2.12.0/curator-client-2.12.0.jar:/home/user/.m2/repository/org/apache/curator/curator-recipes/2.12.0/curator-recipes-2.12.0.jar:/home/user/.m2/repository/com/google/code/findbugs/jsr305/3.0.0/jsr305-3.0.0.jar:/home/user/.m2/repository/org/apache/htrace/htrace-core4/4.1.0-incubating/htrace-core4-4.1.0-incubating.jar:/home/user/.m2/repository/org/apache/zookeeper/zookeeper/3.4.13/zookeeper-3.4.13.jar:/home/user/.m2/repository/jline/jline/0.9.94/jline-0.9.94.jar:/home/user/.m2/repository/org/apache/yetus/audience-annotations/0.5.0/audience-annotations-0.5.0.jar:/home/user/.m2/repository/org/codehaus/woodstox/stax2-api/3.1.4/stax2-api-3.1.4.jar:/home/user/.m2/repository/com/fasterxml/woodstox/woodstox-core/5.0.3/woodstox-core-5.0.3.jar:/home/user/.m2/repository/dnsjava/dnsjava/2.1.7/dnsjava-2.1.7.jar:/home/user/.m2/repository/org/apache/hadoop/hadoop-hdfs/3.2.0/hadoop-hdfs-3.2.0-tests.jar:/home/user/.m2/repository/org/eclipse/jetty/jetty-util-ajax/9.3.25.v20180904/jetty-util-ajax-9.3.25.v20180904.jar:/home/user/.m2/repository/commons-daemon/commons-daemon/1.0.13/commons-daemon-1.0.13.jar:/home/user/.m2/repository/io/netty/netty/3.10.5.Final/netty-3.10.5.Final.jar:/home/user/.m2/repository/io/netty/netty-all/4.0.52.Final/netty-all-4.0.52.Final.jar:/home/user/.m2/repository/org/fusesource/leveldbjni/leveldbjni-all/1.8/leveldbjni-all-1.8.jar:"/>
    <property name="java.vm.vendor" value="IcedTea"/>
    <property name="sun.arch.data.model" value="64"/>
    <property name="test.build.dir" value="/workdir/hadoop-ozone/integration-test/target/test-dir"/>
    <property name="test.cache.data" value=""/>
    <property name="java.vendor.url" value="https://icedtea.classpath.org"/>
    <property name="user.timezone" value=""/>
    <property name="java.vm.specification.version" value="1.8"/>
    <property name="os.name" value="Linux"/>
    <property name="test.build.data" value="/workdir/hadoop-ozone/integration-test/target/test-dir"/>
    <property name="user.country" value="US"/>
    <property name="sun.java.launcher" value="SUN_STANDARD"/>
    <property name="sun.boot.library.path" value="/usr/lib/jvm/java-1.8-openjdk/jre/lib/amd64"/>
    <property name="sun.java.command" value="/workdir/hadoop-ozone/integration-test/target/surefire/surefirebooter7654637206897151517.jar /workdir/hadoop-ozone/integration-test/target/surefire 2019-10-03T19-13-20_813-jvmRun1 surefire5816024630629813907tmp surefire_546411961802916906789tmp"/>
    <property name="test" value="!TestMiniChaosOzoneCluster"/>
    <property name="surefire.test.class.path" value="/workdir/hadoop-ozone/integration-test/target/test-classes:/workdir/hadoop-ozone/integration-test/target/classes:/home/user/.m2/repository/org/apache/hadoop/hadoop-ozone-common/0.5.0-SNAPSHOT/hadoop-ozone-common-0.5.0-SNAPSHOT.jar:/home/user/.m2/repository/org/apache/commons/commons-compress/1.4.1/commons-compress-1.4.1.jar:/home/user/.m2/repository/org/tukaani/xz/1.0/xz-1.0.jar:/home/user/.m2/repository/org/apache/hadoop/hadoop-common/3.2.0/hadoop-common-3.2.0.jar:/home/user/.m2/repository/org/apache/hadoop/hadoop-hdfs/3.2.0/hadoop-hdfs-3.2.0.jar:/home/user/.m2/repository/org/apache/hadoop/hadoop-hdfs-client/3.2.0/hadoop-hdfs-client-3.2.0.jar:/home/user/.m2/repository/com/fasterxml/jackson/core/jackson-annotations/2.9.9/jackson-annotations-2.9.9.jar:/home/user/.m2/repository/org/apache/hadoop/hadoop-hdds-common/0.5.0-SNAPSHOT/hadoop-hdds-common-0.5.0-SNAPSHOT.jar:/home/user/.m2/repository/javax/annotation/javax.annotation-api/1.2/javax.annotation-api-1.2.jar:/home/user/.m2/repository/org/apache/ratis/ratis-server/0.5.0-201fc85-SNAPSHOT/ratis-server-0.5.0-201fc85-SNAPSHOT.jar:/home/user/.m2/repository/org/apache/ratis/ratis-thirdparty-misc/0.2.0/ratis-thirdparty-misc-0.2.0.jar:/home/user/.m2/repository/org/apache/ratis/ratis-proto/0.5.0-201fc85-SNAPSHOT/ratis-proto-0.5.0-201fc85-SNAPSHOT.jar:/home/user/.m2/repository/org/apache/ratis/ratis-common/0.5.0-201fc85-SNAPSHOT/ratis-common-0.5.0-201fc85-SNAPSHOT.jar:/home/user/.m2/repository/org/apache/ratis/ratis-client/0.5.0-201fc85-SNAPSHOT/ratis-client-0.5.0-201fc85-SNAPSHOT.jar:/home/user/.m2/repository/org/apache/ratis/ratis-metrics/0.5.0-201fc85-SNAPSHOT/ratis-metrics-0.5.0-201fc85-SNAPSHOT.jar:/home/user/.m2/repository/com/github/joshelser/dropwizard-metrics-hadoop-metrics2-reporter/0.1.2/dropwizard-metrics-hadoop-metrics2-reporter-0.1.2.jar:/home/user/.m2/repository/io/dropwizard/metrics/metrics-jvm/3.2.5/metrics-jvm-3.2.5.jar:/home/user/.m2/repository/io/dropwizard/metrics/metrics-ganglia/3.2.5/metrics-ganglia-3.2.5.jar:/home/user/.m2/repository/info/ganglia/gmetric4j/gmetric4j/1.0.7/gmetric4j-1.0.7.jar:/home/user/.m2/repository/org/apache/ratis/ratis-netty/0.5.0-201fc85-SNAPSHOT/ratis-netty-0.5.0-201fc85-SNAPSHOT.jar:/home/user/.m2/repository/org/apache/ratis/ratis-grpc/0.5.0-201fc85-SNAPSHOT/ratis-grpc-0.5.0-201fc85-SNAPSHOT.jar:/home/user/.m2/repository/org/rocksdb/rocksdbjni/6.0.1/rocksdbjni-6.0.1.jar:/home/user/.m2/repository/org/apache/logging/log4j/log4j-api/2.11.0/log4j-api-2.11.0.jar:/home/user/.m2/repository/org/apache/logging/log4j/log4j-core/2.11.0/log4j-core-2.11.0.jar:/home/user/.m2/repository/com/lmax/disruptor/3.4.2/disruptor-3.4.2.jar:/home/user/.m2/repository/org/apache/commons/commons-pool2/2.6.0/commons-pool2-2.6.0.jar:/home/user/.m2/repository/org/bouncycastle/bcpkix-jdk15on/1.60/bcpkix-jdk15on-1.60.jar:/home/user/.m2/repository/commons-validator/commons-validator/1.6/commons-validator-1.6.jar:/home/user/.m2/repository/commons-digester/commons-digester/1.8.1/commons-digester-1.8.1.jar:/home/user/.m2/repository/io/jaegertracing/jaeger-client/0.34.0/jaeger-client-0.34.0.jar:/home/user/.m2/repository/io/jaegertracing/jaeger-thrift/0.34.0/jaeger-thrift-0.34.0.jar:/home/user/.m2/repository/org/apache/thrift/libthrift/0.12.0/libthrift-0.12.0.jar:/home/user/.m2/repository/com/squareup/okhttp3/okhttp/3.9.0/okhttp-3.9.0.jar:/home/user/.m2/repository/com/squareup/okio/okio/1.13.0/okio-1.13.0.jar:/home/user/.m2/repository/io/jaegertracing/jaeger-core/0.34.0/jaeger-core-0.34.0.jar:/home/user/.m2/repository/io/jaegertracing/jaeger-tracerresolver/0.34.0/jaeger-tracerresolver-0.34.0.jar:/home/user/.m2/repository/io/opentracing/contrib/opentracing-tracerresolver/0.1.5/opentracing-tracerresolver-0.1.5.jar:/home/user/.m2/repository/io/opentracing/opentracing-util/0.31.0/opentracing-util-0.31.0.jar:/home/user/.m2/repository/io/opentracing/opentracing-api/0.31.0/opentracing-api-0.31.0.jar:/home/user/.m2/repository/io/opentracing/opentracing-noop/0.31.0/opentracing-noop-0.31.0.jar:/home/user/.m2/repository/org/apache/hadoop/hadoop-hdds-server-framework/0.5.0-SNAPSHOT/hadoop-hdds-server-framework-0.5.0-SNAPSHOT.jar:/home/user/.m2/repository/org/apache/hadoop/hadoop-hdds-container-service/0.5.0-SNAPSHOT/hadoop-hdds-container-service-0.5.0-SNAPSHOT.jar:/home/user/.m2/repository/org/apache/hadoop/hadoop-hdds-client/0.5.0-SNAPSHOT/hadoop-hdds-client-0.5.0-SNAPSHOT.jar:/home/user/.m2/repository/org/apache/hadoop/hadoop-hdds-tools/0.5.0-SNAPSHOT/hadoop-hdds-tools-0.5.0-SNAPSHOT.jar:/home/user/.m2/repository/org/apache/hadoop/hadoop-hdds-server-scm/0.5.0-SNAPSHOT/hadoop-hdds-server-scm-0.5.0-SNAPSHOT.jar:/home/user/.m2/repository/org/apache/hadoop/hadoop-hdds-docs/0.5.0-SNAPSHOT/hadoop-hdds-docs-0.5.0-SNAPSHOT.jar:/home/user/.m2/repository/io/dropwizard/metrics/metrics-core/3.2.4/metrics-core-3.2.4.jar:/home/user/.m2/repository/org/hamcrest/hamcrest-all/1.3/hamcrest-all-1.3.jar:/home/user/.m2/repository/org/bouncycastle/bcprov-jdk15on/1.60/bcprov-jdk15on-1.60.jar:/home/user/.m2/repository/info/picocli/picocli/3.9.6/picocli-3.9.6.jar:/home/user/.m2/repository/com/google/protobuf/protobuf-java/2.5.0/protobuf-java-2.5.0.jar:/home/user/.m2/repository/com/google/guava/guava/11.0.2/guava-11.0.2.jar:/home/user/.m2/repository/org/apache/hadoop/hadoop-ozone-ozone-manager/0.5.0-SNAPSHOT/hadoop-ozone-ozone-manager-0.5.0-SNAPSHOT.jar:/home/user/.m2/repository/org/apache/hadoop/hadoop-minikdc/3.2.0/hadoop-minikdc-3.2.0.jar:/home/user/.m2/repository/commons-io/commons-io/2.5/commons-io-2.5.jar:/home/user/.m2/repository/org/apache/kerby/kerb-simplekdc/1.0.1/kerb-simplekdc-1.0.1.jar:/home/user/.m2/repository/org/apache/kerby/kerb-client/1.0.1/kerb-client-1.0.1.jar:/home/user/.m2/repository/org/apache/kerby/kerby-config/1.0.1/kerby-config-1.0.1.jar:/home/user/.m2/repository/org/apache/kerby/kerb-core/1.0.1/kerb-core-1.0.1.jar:/home/user/.m2/repository/org/apache/kerby/kerby-pkix/1.0.1/kerby-pkix-1.0.1.jar:/home/user/.m2/repository/org/apache/kerby/kerby-asn1/1.0.1/kerby-asn1-1.0.1.jar:/home/user/.m2/repository/org/apache/kerby/kerby-util/1.0.1/kerby-util-1.0.1.jar:/home/user/.m2/repository/org/apache/kerby/kerb-common/1.0.1/kerb-common-1.0.1.jar:/home/user/.m2/repository/org/apache/kerby/kerb-crypto/1.0.1/kerb-crypto-1.0.1.jar:/home/user/.m2/repository/org/apache/kerby/kerb-util/1.0.1/kerb-util-1.0.1.jar:/home/user/.m2/repository/org/apache/kerby/token-provider/1.0.1/token-provider-1.0.1.jar:/home/user/.m2/repository/org/apache/kerby/kerb-admin/1.0.1/kerb-admin-1.0.1.jar:/home/user/.m2/repository/org/apache/kerby/kerb-server/1.0.1/kerb-server-1.0.1.jar:/home/user/.m2/repository/org/apache/kerby/kerb-identity/1.0.1/kerb-identity-1.0.1.jar:/home/user/.m2/repository/org/apache/kerby/kerby-xdr/1.0.1/kerby-xdr-1.0.1.jar:/home/user/.m2/repository/org/slf4j/slf4j-log4j12/1.7.25/slf4j-log4j12-1.7.25.jar:/home/user/.m2/repository/org/apache/hadoop/hadoop-ozone-s3gateway/0.5.0-SNAPSHOT/hadoop-ozone-s3gateway-0.5.0-SNAPSHOT.jar:/home/user/.m2/repository/org/jboss/weld/servlet/weld-servlet/2.4.7.Final/weld-servlet-2.4.7.Final.jar:/home/user/.m2/repository/org/glassfish/jersey/containers/jersey-container-servlet-core/2.27/jersey-container-servlet-core-2.27.jar:/home/user/.m2/repository/org/glassfish/hk2/external/javax.inject/2.5.0-b42/javax.inject-2.5.0-b42.jar:/home/user/.m2/repository/org/glassfish/jersey/core/jersey-common/2.27/jersey-common-2.27.jar:/home/user/.m2/repository/org/glassfish/hk2/osgi-resource-locator/1.0.1/osgi-resource-locator-1.0.1.jar:/home/user/.m2/repository/javax/ws/rs/javax.ws.rs-api/2.1/javax.ws.rs-api-2.1.jar:/home/user/.m2/repository/org/glassfish/jersey/ext/cdi/jersey-cdi1x/2.27/jersey-cdi1x-2.27.jar:/home/user/.m2/repository/org/glassfish/jersey/inject/jersey-hk2/2.27/jersey-hk2-2.27.jar:/home/user/.m2/repository/org/glassfish/hk2/hk2-locator/2.5.0-b42/hk2-locator-2.5.0-b42.jar:/home/user/.m2/repository/org/javassist/javassist/3.22.0-CR2/javassist-3.22.0-CR2.jar:/home/user/.m2/repository/org/glassfish/hk2/hk2-api/2.5.0/hk2-api-2.5.0.jar:/home/user/.m2/repository/org/glassfish/hk2/external/jakarta.inject/2.5.0/jakarta.inject-2.5.0.jar:/home/user/.m2/repository/org/glassfish/hk2/hk2-utils/2.5.0/hk2-utils-2.5.0.jar:/home/user/.m2/repository/jakarta/annotation/jakarta.annotation-api/1.3.4/jakarta.annotation-api-1.3.4.jar:/home/user/.m2/repository/org/glassfish/hk2/external/aopalliance-repackaged/2.5.0/aopalliance-repackaged-2.5.0.jar:/home/user/.m2/repository/com/fasterxml/jackson/dataformat/jackson-dataformat-xml/2.9.0/jackson-dataformat-xml-2.9.0.jar:/home/user/.m2/repository/com/fasterxml/jackson/core/jackson-core/2.9.9/jackson-core-2.9.9.jar:/home/user/.m2/repository/com/fasterxml/jackson/module/jackson-module-jaxb-annotations/2.9.9/jackson-module-jaxb-annotations-2.9.9.jar:/home/user/.m2/repository/javax/enterprise/cdi-api/1.2/cdi-api-1.2.jar:/home/user/.m2/repository/javax/el/javax.el-api/3.0.0/javax.el-api-3.0.0.jar:/home/user/.m2/repository/javax/interceptor/javax.interceptor-api/1.2/javax.interceptor-api-1.2.jar:/home/user/.m2/repository/javax/inject/javax.inject/1/javax.inject-1.jar:/home/user/.m2/repository/com/sun/xml/bind/jaxb-impl/2.3.0.1/jaxb-impl-2.3.0.1.jar:/home/user/.m2/repository/com/sun/xml/bind/jaxb-core/2.3.0.1/jaxb-core-2.3.0.1.jar:/home/user/.m2/repository/javax/xml/bind/jaxb-api/2.3.0/jaxb-api-2.3.0.jar:/home/user/.m2/repository/javax/activation/activation/1.1.1/activation-1.1.1.jar:/home/user/.m2/repository/org/apache/hadoop/hadoop-ozone-csi/0.5.0-SNAPSHOT/hadoop-ozone-csi-0.5.0-SNAPSHOT.jar:/home/user/.m2/repository/com/google/protobuf/protobuf-java-util/3.5.1/protobuf-java-util-3.5.1.jar:/home/user/.m2/repository/org/apache/hadoop/hadoop-hdds-config/0.5.0-SNAPSHOT/hadoop-hdds-config-0.5.0-SNAPSHOT.jar:/home/user/.m2/repository/io/grpc/grpc-netty/1.17.1/grpc-netty-1.17.1.jar:/home/user/.m2/repository/io/grpc/grpc-core/1.17.1/grpc-core-1.17.1.jar:/home/user/.m2/repository/io/grpc/grpc-context/1.17.1/grpc-context-1.17.1.jar:/home/user/.m2/repository/com/google/errorprone/error_prone_annotations/2.2.0/error_prone_annotations-2.2.0.jar:/home/user/.m2/repository/org/codehaus/mojo/animal-sniffer-annotations/1.17/animal-sniffer-annotations-1.17.jar:/home/user/.m2/repository/io/opencensus/opencensus-api/0.17.0/opencensus-api-0.17.0.jar:/home/user/.m2/repository/io/opencensus/opencensus-contrib-grpc-metrics/0.17.0/opencensus-contrib-grpc-metrics-0.17.0.jar:/home/user/.m2/repository/io/netty/netty-codec-http2/4.1.30.Final/netty-codec-http2-4.1.30.Final.jar:/home/user/.m2/repository/io/netty/netty-codec-http/4.1.30.Final/netty-codec-http-4.1.30.Final.jar:/home/user/.m2/repository/io/netty/netty-codec/4.1.30.Final/netty-codec-4.1.30.Final.jar:/home/user/.m2/repository/io/netty/netty-handler/4.1.30.Final/netty-handler-4.1.30.Final.jar:/home/user/.m2/repository/io/netty/netty-handler-proxy/4.1.30.Final/netty-handler-proxy-4.1.30.Final.jar:/home/user/.m2/repository/io/netty/netty-codec-socks/4.1.30.Final/netty-codec-socks-4.1.30.Final.jar:/home/user/.m2/repository/io/netty/netty-transport-native-epoll/4.1.30.Final/netty-transport-native-epoll-4.1.30.Final.jar:/home/user/.m2/repository/io/netty/netty-common/4.1.30.Final/netty-common-4.1.30.Final.jar:/home/user/.m2/repository/io/netty/netty-buffer/4.1.30.Final/netty-buffer-4.1.30.Final.jar:/home/user/.m2/repository/io/netty/netty-transport/4.1.30.Final/netty-transport-4.1.30.Final.jar:/home/user/.m2/repository/io/netty/netty-resolver/4.1.30.Final/netty-resolver-4.1.30.Final.jar:/home/user/.m2/repository/io/netty/netty-transport-native-unix-common/4.1.30.Final/netty-transport-native-unix-common-4.1.30.Final.jar:/home/user/.m2/repository/io/grpc/grpc-protobuf/1.17.1/grpc-protobuf-1.17.1.jar:/home/user/.m2/repository/com/google/api/grpc/proto-google-common-protos/1.0.0/proto-google-common-protos-1.0.0.jar:/home/user/.m2/repository/io/grpc/grpc-protobuf-lite/1.17.1/grpc-protobuf-lite-1.17.1.jar:/home/user/.m2/repository/io/grpc/grpc-stub/1.17.1/grpc-stub-1.17.1.jar:/home/user/.m2/repository/org/apache/hadoop/hadoop-ozone-recon/0.5.0-SNAPSHOT/hadoop-ozone-recon-0.5.0-SNAPSHOT.jar:/home/user/.m2/repository/org/apache/hadoop/hadoop-ozone-reconcodegen/0.5.0-SNAPSHOT/hadoop-ozone-reconcodegen-0.5.0-SNAPSHOT.jar:/home/user/.m2/repository/com/google/inject/extensions/guice-multibindings/4.0/guice-multibindings-4.0.jar:/home/user/.m2/repository/com/google/inject/guice/4.0/guice-4.0.jar:/home/user/.m2/repository/aopalliance/aopalliance/1.0/aopalliance-1.0.jar:/home/user/.m2/repository/com/google/inject/extensions/guice-servlet/4.0/guice-servlet-4.0.jar:/home/user/.m2/repository/org/glassfish/jersey/containers/jersey-container-servlet/2.27/jersey-container-servlet-2.27.jar:/home/user/.m2/repository/org/glassfish/hk2/guice-bridge/2.5.0/guice-bridge-2.5.0.jar:/home/user/.m2/repository/org/glassfish/jersey/core/jersey-server/2.27/jersey-server-2.27.jar:/home/user/.m2/repository/org/glassfish/jersey/core/jersey-client/2.27/jersey-client-2.27.jar:/home/user/.m2/repository/org/glassfish/jersey/media/jersey-media-jaxb/2.27/jersey-media-jaxb-2.27.jar:/home/user/.m2/repository/javax/validation/validation-api/1.1.0.Final/validation-api-1.1.0.Final.jar:/home/user/.m2/repository/org/glassfish/jersey/media/jersey-media-json-jackson/2.27/jersey-media-json-jackson-2.27.jar:/home/user/.m2/repository/org/glassfish/jersey/ext/jersey-entity-filtering/2.27/jersey-entity-filtering-2.27.jar:/home/user/.m2/repository/com/google/inject/extensions/guice-assistedinject/4.0/guice-assistedinject-4.0.jar:/home/user/.m2/repository/org/jooq/jooq/3.11.10/jooq-3.11.10.jar:/home/user/.m2/repository/org/jooq/jooq-meta/3.11.10/jooq-meta-3.11.10.jar:/home/user/.m2/repository/org/jooq/jooq-codegen/3.11.10/jooq-codegen-3.11.10.jar:/home/user/.m2/repository/com/jolbox/bonecp/0.8.0.RELEASE/bonecp-0.8.0.RELEASE.jar:/home/user/.m2/repository/org/xerial/sqlite-jdbc/3.25.2/sqlite-jdbc-3.25.2.jar:/home/user/.m2/repository/org/springframework/spring-jdbc/5.1.3.RELEASE/spring-jdbc-5.1.3.RELEASE.jar:/home/user/.m2/repository/org/springframework/spring-beans/5.1.3.RELEASE/spring-beans-5.1.3.RELEASE.jar:/home/user/.m2/repository/org/springframework/spring-core/5.1.3.RELEASE/spring-core-5.1.3.RELEASE.jar:/home/user/.m2/repository/org/springframework/spring-jcl/5.1.3.RELEASE/spring-jcl-5.1.3.RELEASE.jar:/home/user/.m2/repository/org/springframework/spring-tx/5.1.3.RELEASE/spring-tx-5.1.3.RELEASE.jar:/home/user/.m2/repository/org/apache/hadoop/hadoop-ozone-client/0.5.0-SNAPSHOT/hadoop-ozone-client-0.5.0-SNAPSHOT.jar:/home/user/.m2/repository/commons-lang/commons-lang/2.6/commons-lang-2.6.jar:/home/user/.m2/repository/org/apache/hadoop/hadoop-ozone-ozone-manager/0.5.0-SNAPSHOT/hadoop-ozone-ozone-manager-0.5.0-SNAPSHOT-tests.jar:/home/user/.m2/repository/junit/junit/4.11/junit-4.11.jar:/home/user/.m2/repository/org/hamcrest/hamcrest-core/1.3/hamcrest-core-1.3.jar:/home/user/.m2/repository/org/openjdk/jmh/jmh-core/1.19/jmh-core-1.19.jar:/home/user/.m2/repository/net/sf/jopt-simple/jopt-simple/4.6/jopt-simple-4.6.jar:/home/user/.m2/repository/org/apache/commons/commons-math3/3.1.1/commons-math3-3.1.1.jar:/home/user/.m2/repository/org/openjdk/jmh/jmh-generator-annprocess/1.19/jmh-generator-annprocess-1.19.jar:/home/user/.m2/repository/org/mockito/mockito-all/1.8.5/mockito-all-1.8.5.jar:/home/user/.m2/repository/org/apache/hadoop/hadoop-kms/3.2.0/hadoop-kms-3.2.0.jar:/home/user/.m2/repository/org/apache/hadoop/hadoop-auth/3.2.0/hadoop-auth-3.2.0.jar:/home/user/.m2/repository/com/nimbusds/nimbus-jose-jwt/4.41.1/nimbus-jose-jwt-4.41.1.jar:/home/user/.m2/repository/com/github/stephenc/jcip/jcip-annotations/1.0-1/jcip-annotations-1.0-1.jar:/home/user/.m2/repository/net/minidev/json-smart/2.3/json-smart-2.3.jar:/home/user/.m2/repository/net/minidev/accessors-smart/1.2/accessors-smart-1.2.jar:/home/user/.m2/repository/org/ow2/asm/asm/5.0.4/asm-5.0.4.jar:/home/user/.m2/repository/org/apache/curator/curator-framework/2.12.0/curator-framework-2.12.0.jar:/home/user/.m2/repository/com/sun/jersey/jersey-core/1.19/jersey-core-1.19.jar:/home/user/.m2/repository/javax/ws/rs/jsr311-api/1.1.1/jsr311-api-1.1.1.jar:/home/user/.m2/repository/com/sun/jersey/jersey-server/1.19/jersey-server-1.19.jar:/home/user/.m2/repository/javax/servlet/javax.servlet-api/3.1.0/javax.servlet-api-3.1.0.jar:/home/user/.m2/repository/org/eclipse/jetty/jetty-server/9.3.25.v20180904/jetty-server-9.3.25.v20180904.jar:/home/user/.m2/repository/org/eclipse/jetty/jetty-http/9.3.25.v20180904/jetty-http-9.3.25.v20180904.jar:/home/user/.m2/repository/org/eclipse/jetty/jetty-io/9.3.25.v20180904/jetty-io-9.3.25.v20180904.jar:/home/user/.m2/repository/org/eclipse/jetty/jetty-webapp/9.3.25.v20180904/jetty-webapp-9.3.25.v20180904.jar:/home/user/.m2/repository/org/eclipse/jetty/jetty-xml/9.3.25.v20180904/jetty-xml-9.3.25.v20180904.jar:/home/user/.m2/repository/log4j/log4j/1.2.17/log4j-1.2.17.jar:/home/user/.m2/repository/org/slf4j/slf4j-api/1.7.25/slf4j-api-1.7.25.jar:/home/user/.m2/repository/org/slf4j/jul-to-slf4j/1.7.25/jul-to-slf4j-1.7.25.jar:/home/user/.m2/repository/org/eclipse/jetty/jetty-util/9.3.25.v20180904/jetty-util-9.3.25.v20180904.jar:/home/user/.m2/repository/com/fasterxml/jackson/core/jackson-databind/2.9.9/jackson-databind-2.9.9.jar:/home/user/.m2/repository/org/apache/hadoop/hadoop-kms/3.2.0/hadoop-kms-3.2.0-tests.jar:/home/user/.m2/repository/org/apache/hadoop/hadoop-hdds-server-scm/0.5.0-SNAPSHOT/hadoop-hdds-server-scm-0.5.0-SNAPSHOT-tests.jar:/home/user/.m2/repository/org/apache/hadoop/hadoop-hdds-container-service/0.5.0-SNAPSHOT/hadoop-hdds-container-service-0.5.0-SNAPSHOT-tests.jar:/home/user/.m2/repository/org/yaml/snakeyaml/1.16/snakeyaml-1.16.jar:/home/user/.m2/repository/org/apache/hadoop/hadoop-common/3.2.0/hadoop-common-3.2.0-tests.jar:/home/user/.m2/repository/org/apache/hadoop/hadoop-annotations/3.2.0/hadoop-annotations-3.2.0.jar:/usr/lib/jvm/java-1.8-openjdk/jre/../lib/tools.jar:/home/user/.m2/repository/commons-cli/commons-cli/1.2/commons-cli-1.2.jar:/home/user/.m2/repository/org/apache/httpcomponents/httpclient/4.5.2/httpclient-4.5.2.jar:/home/user/.m2/repository/org/apache/httpcomponents/httpcore/4.4.4/httpcore-4.4.4.jar:/home/user/.m2/repository/commons-codec/commons-codec/1.11/commons-codec-1.11.jar:/home/user/.m2/repository/commons-net/commons-net/3.6/commons-net-3.6.jar:/home/user/.m2/repository/commons-collections/commons-collections/3.2.2/commons-collections-3.2.2.jar:/home/user/.m2/repository/org/eclipse/jetty/jetty-servlet/9.3.25.v20180904/jetty-servlet-9.3.25.v20180904.jar:/home/user/.m2/repository/org/eclipse/jetty/jetty-security/9.3.25.v20180904/jetty-security-9.3.25.v20180904.jar:/home/user/.m2/repository/javax/servlet/jsp/jsp-api/2.1/jsp-api-2.1.jar:/home/user/.m2/repository/com/sun/jersey/jersey-servlet/1.19/jersey-servlet-1.19.jar:/home/user/.m2/repository/com/sun/jersey/jersey-json/1.19/jersey-json-1.19.jar:/home/user/.m2/repository/org/codehaus/jettison/jettison/1.1/jettison-1.1.jar:/home/user/.m2/repository/org/codehaus/jackson/jackson-core-asl/1.9.13/jackson-core-asl-1.9.13.jar:/home/user/.m2/repository/org/codehaus/jackson/jackson-mapper-asl/1.9.13/jackson-mapper-asl-1.9.13.jar:/home/user/.m2/repository/org/codehaus/jackson/jackson-jaxrs/1.9.13/jackson-jaxrs-1.9.13.jar:/home/user/.m2/repository/org/codehaus/jackson/jackson-xc/1.9.13/jackson-xc-1.9.13.jar:/home/user/.m2/repository/commons-logging/commons-logging/1.1.3/commons-logging-1.1.3.jar:/home/user/.m2/repository/commons-beanutils/commons-beanutils/1.9.4/commons-beanutils-1.9.4.jar:/home/user/.m2/repository/org/apache/commons/commons-configuration2/2.1.1/commons-configuration2-2.1.1.jar:/home/user/.m2/repository/org/apache/commons/commons-lang3/3.7/commons-lang3-3.7.jar:/home/user/.m2/repository/org/apache/commons/commons-text/1.4/commons-text-1.4.jar:/home/user/.m2/repository/org/apache/avro/avro/1.7.7/avro-1.7.7.jar:/home/user/.m2/repository/com/thoughtworks/paranamer/paranamer/2.3/paranamer-2.3.jar:/home/user/.m2/repository/org/xerial/snappy/snappy-java/1.0.5/snappy-java-1.0.5.jar:/home/user/.m2/repository/com/google/re2j/re2j/1.1/re2j-1.1.jar:/home/user/.m2/repository/com/google/code/gson/gson/2.2.4/gson-2.2.4.jar:/home/user/.m2/repository/com/jcraft/jsch/0.1.54/jsch-0.1.54.jar:/home/user/.m2/repository/org/apache/curator/curator-client/2.12.0/curator-client-2.12.0.jar:/home/user/.m2/repository/org/apache/curator/curator-recipes/2.12.0/curator-recipes-2.12.0.jar:/home/user/.m2/repository/com/google/code/findbugs/jsr305/3.0.0/jsr305-3.0.0.jar:/home/user/.m2/repository/org/apache/htrace/htrace-core4/4.1.0-incubating/htrace-core4-4.1.0-incubating.jar:/home/user/.m2/repository/org/apache/zookeeper/zookeeper/3.4.13/zookeeper-3.4.13.jar:/home/user/.m2/repository/jline/jline/0.9.94/jline-0.9.94.jar:/home/user/.m2/repository/org/apache/yetus/audience-annotations/0.5.0/audience-annotations-0.5.0.jar:/home/user/.m2/repository/org/codehaus/woodstox/stax2-api/3.1.4/stax2-api-3.1.4.jar:/home/user/.m2/repository/com/fasterxml/woodstox/woodstox-core/5.0.3/woodstox-core-5.0.3.jar:/home/user/.m2/repository/dnsjava/dnsjava/2.1.7/dnsjava-2.1.7.jar:/home/user/.m2/repository/org/apache/hadoop/hadoop-hdfs/3.2.0/hadoop-hdfs-3.2.0-tests.jar:/home/user/.m2/repository/org/eclipse/jetty/jetty-util-ajax/9.3.25.v20180904/jetty-util-ajax-9.3.25.v20180904.jar:/home/user/.m2/repository/commons-daemon/commons-daemon/1.0.13/commons-daemon-1.0.13.jar:/home/user/.m2/repository/io/netty/netty/3.10.5.Final/netty-3.10.5.Final.jar:/home/user/.m2/repository/io/netty/netty-all/4.0.52.Final/netty-all-4.0.52.Final.jar:/home/user/.m2/repository/org/fusesource/leveldbjni/leveldbjni-all/1.8/leveldbjni-all-1.8.jar:"/>
    <property name="sun.cpu.endian" value="little"/>
    <property name="user.home" value="/home/user"/>
    <property name="user.language" value="en"/>
    <property name="java.specification.vendor" value="Oracle Corporation"/>
    <property name="java.home" value="/usr/lib/jvm/java-1.8-openjdk/jre"/>
    <property name="java.security.krb5.conf" value="/workdir/hadoop-ozone/integration-test/target/test-classes/krb5.conf"/>
    <property name="basedir" value="/workdir/hadoop-ozone/integration-test"/>
    <property name="file.separator" value="/"/>
    <property name="line.separator" value="&#10;"/>
    <property name="java.vm.specification.vendor" value="Oracle Corporation"/>
    <property name="java.specification.name" value="Java Platform API Specification"/>
    <property name="java.awt.graphicsenv" value="sun.awt.X11GraphicsEnvironment"/>
    <property name="surefire.real.class.path" value="/workdir/hadoop-ozone/integration-test/target/surefire/surefirebooter7654637206897151517.jar"/>
    <property name="hadoop.log.dir" value="/workdir/hadoop-ozone/integration-test/target/log"/>
    <property name="sun.boot.class.path" value="/usr/lib/jvm/java-1.8-openjdk/jre/lib/resources.jar:/usr/lib/jvm/java-1.8-openjdk/jre/lib/rt.jar:/usr/lib/jvm/java-1.8-openjdk/jre/lib/sunrsasign.jar:/usr/lib/jvm/java-1.8-openjdk/jre/lib/jsse.jar:/usr/lib/jvm/java-1.8-openjdk/jre/lib/jce.jar:/usr/lib/jvm/java-1.8-openjdk/jre/lib/charsets.jar:/usr/lib/jvm/java-1.8-openjdk/jre/lib/jfr.jar:/usr/lib/jvm/java-1.8-openjdk/jre/classes"/>
    <property name="sun.management.compiler" value="HotSpot 64-Bit Tiered Compilers"/>
    <property name="java.runtime.version" value="1.8.0_212-b04"/>
    <property name="java.net.preferIPv4Stack" value="true"/>
    <property name="user.name" value="jenkins1000"/>
    <property name="path.separator" value=":"/>
    <property name="java.security.egd" value="file:///dev/urandom"/>
    <property name="os.version" value="3.10.0-957.12.2.el7.x86_64"/>
    <property name="java.endorsed.dirs" value="/usr/lib/jvm/java-1.8-openjdk/jre/lib/endorsed"/>
    <property name="java.runtime.name" value="OpenJDK Runtime Environment"/>
    <property name="file.encoding" value="UTF-8"/>
    <property name="java.vm.name" value="OpenJDK 64-Bit Server VM"/>
    <property name="test.build.webapps" value=""/>
    <property name="localRepository" value="/home/user/.m2/repository"/>
    <property name="java.vendor.url.bug" value="https://icedtea.classpath.org/bugzilla"/>
    <property name="java.io.tmpdir" value="/tmp"/>
    <property name="require.test.libhadoop" value=""/>
    <property name="java.version" value="1.8.0_212"/>
    <property name="user.dir" value="/workdir/hadoop-ozone/integration-test"/>
    <property name="os.arch" value="amd64"/>
    <property name="java.vm.specification.name" value="Java Virtual Machine Specification"/>
    <property name="test.build.classes" value="/workdir/hadoop-ozone/integration-test/target/test-classes"/>
    <property name="java.awt.printerjob" value="sun.print.PSPrinterJob"/>
    <property name="sun.os.patch.level" value="unknown"/>
    <property name="hadoop.tmp.dir" value="/workdir/hadoop-ozone/integration-test/target/tmp"/>
    <property name="java.library.path" value="/usr/lib/jvm/java-1.8-openjdk/jre/lib/amd64/server:/usr/lib/jvm/java-1.8-openjdk/jre/lib/amd64:/usr/lib/jvm/java-1.8-openjdk/jre/../lib/amd64:/workdir/hadoop-ozone/integration-test/target/native/target/usr/local/lib:/workdir/hadoop-ozone/integration-test/../../hadoop-common-project/hadoop-common/target/native/target/usr/local/lib:/usr/java/packages/lib/amd64:/usr/lib64:/lib64:/lib:/usr/lib"/>
    <property name="java.vm.info" value="mixed mode"/>
    <property name="java.vendor" value="IcedTea"/>
    <property name="java.vm.version" value="25.212-b04"/>
    <property name="java.ext.dirs" value="/usr/lib/jvm/java-1.8-openjdk/jre/lib/ext:/usr/java/packages/lib/ext"/>
    <property name="sun.io.unicode.encoding" value="UnicodeLittle"/>
    <property name="java.class.version" value="52.0"/>
  </properties>
  <testcase name="testWatchForCommitWithKeyWrite" classname="org.apache.hadoop.ozone.client.rpc.TestWatchForCommit" time="78.303"/>
  <testcase name="testWatchForCommitWithSmallerTimeoutValue" classname="org.apache.hadoop.ozone.client.rpc.TestWatchForCommit" time="42.583"/>
  <testcase name="testWatchForCommitForRetryfailure" classname="org.apache.hadoop.ozone.client.rpc.TestWatchForCommit" time="75.135"/>
  <testcase name="testWatchForCommitForGroupMismatchException" classname="org.apache.hadoop.ozone.client.rpc.TestWatchForCommit" time="34.71"/>
  <testcase name="test2WayCommitForTimeoutException" classname="org.apache.hadoop.ozone.client.rpc.TestWatchForCommit" time="26.631">
    <error message="org.apache.ratis.protocol.RaftRetryFailureException: Failed RaftClientRequest:client-75BF9CC5910B-&gt;092cf0d2-5d64-4f0a-81f7-c3af7735fcdb@group-311569148025, cid=101, seq=2*, RW, org.apache.hadoop.hdds.scm.XceiverClientRatis$$Lambda$525/2099541600@69493f7f for 20 attempts with RetryLimited(maxAttempts=20, sleepTime=1000ms)" type="java.util.concurrent.ExecutionException">java.util.concurrent.ExecutionException: org.apache.ratis.protocol.RaftRetryFailureException: Failed RaftClientRequest:client-75BF9CC5910B->092cf0d2-5d64-4f0a-81f7-c3af7735fcdb@group-311569148025, cid=101, seq=2*, RW, org.apache.hadoop.hdds.scm.XceiverClientRatis$$Lambda$525/2099541600@69493f7f for 20 attempts with RetryLimited(maxAttempts=20, sleepTime=1000ms)
	at java.util.concurrent.CompletableFuture.reportGet(CompletableFuture.java:357)
	at java.util.concurrent.CompletableFuture.get(CompletableFuture.java:1895)
	at org.apache.hadoop.ozone.client.rpc.TestWatchForCommit.test2WayCommitForTimeoutException(TestWatchForCommit.java:390)
	at sun.reflect.NativeMethodAccessorImpl.invoke0(Native Method)
	at sun.reflect.NativeMethodAccessorImpl.invoke(NativeMethodAccessorImpl.java:62)
	at sun.reflect.DelegatingMethodAccessorImpl.invoke(DelegatingMethodAccessorImpl.java:43)
	at java.lang.reflect.Method.invoke(Method.java:498)
	at org.junit.runners.model.FrameworkMethod$1.runReflectiveCall(FrameworkMethod.java:47)
	at org.junit.internal.runners.model.ReflectiveCallable.run(ReflectiveCallable.java:12)
	at org.junit.runners.model.FrameworkMethod.invokeExplosively(FrameworkMethod.java:44)
	at org.junit.internal.runners.statements.InvokeMethod.evaluate(InvokeMethod.java:17)
	at org.junit.runners.ParentRunner.runLeaf(ParentRunner.java:271)
	at org.junit.runners.BlockJUnit4ClassRunner.runChild(BlockJUnit4ClassRunner.java:70)
	at org.junit.runners.BlockJUnit4ClassRunner.runChild(BlockJUnit4ClassRunner.java:50)
	at org.junit.runners.ParentRunner$3.run(ParentRunner.java:238)
	at org.junit.runners.ParentRunner$1.schedule(ParentRunner.java:63)
	at org.junit.runners.ParentRunner.runChildren(ParentRunner.java:236)
	at org.junit.runners.ParentRunner.access$000(ParentRunner.java:53)
	at org.junit.runners.ParentRunner$2.evaluate(ParentRunner.java:229)
	at org.junit.runners.ParentRunner.run(ParentRunner.java:309)
	at org.apache.maven.surefire.junit4.JUnit4Provider.execute(JUnit4Provider.java:365)
	at org.apache.maven.surefire.junit4.JUnit4Provider.executeWithRerun(JUnit4Provider.java:273)
	at org.apache.maven.surefire.junit4.JUnit4Provider.executeTestSet(JUnit4Provider.java:238)
	at org.apache.maven.surefire.junit4.JUnit4Provider.invoke(JUnit4Provider.java:159)
	at org.apache.maven.surefire.booter.ForkedBooter.invokeProviderInSameClassLoader(ForkedBooter.java:384)
	at org.apache.maven.surefire.booter.ForkedBooter.runSuitesInProcess(ForkedBooter.java:345)
	at org.apache.maven.surefire.booter.ForkedBooter.execute(ForkedBooter.java:126)
	at org.apache.maven.surefire.booter.ForkedBooter.main(ForkedBooter.java:418)
Caused by: org.apache.ratis.protocol.RaftRetryFailureException: Failed RaftClientRequest:client-75BF9CC5910B->092cf0d2-5d64-4f0a-81f7-c3af7735fcdb@group-311569148025, cid=101, seq=2*, RW, org.apache.hadoop.hdds.scm.XceiverClientRatis$$Lambda$525/2099541600@69493f7f for 20 attempts with RetryLimited(maxAttempts=20, sleepTime=1000ms)
	at org.apache.ratis.client.impl.RaftClientImpl.noMoreRetries(RaftClientImpl.java:271)
	at org.apache.ratis.client.impl.OrderedAsync.handleAsyncRetryFailure(OrderedAsync.java:138)
	at org.apache.ratis.client.impl.OrderedAsync.lambda$sendRequest$10(OrderedAsync.java:230)
	at java.util.concurrent.CompletableFuture.uniExceptionally(CompletableFuture.java:870)
	at java.util.concurrent.CompletableFuture$UniExceptionally.tryFire(CompletableFuture.java:852)
	at java.util.concurrent.CompletableFuture.postComplete(CompletableFuture.java:474)
	at java.util.concurrent.CompletableFuture.completeExceptionally(CompletableFuture.java:1977)
	at org.apache.ratis.grpc.client.GrpcClientProtocolClient$AsyncStreamObservers.completeReplyExceptionally(GrpcClientProtocolClient.java:345)
	at org.apache.ratis.grpc.client.GrpcClientProtocolClient$AsyncStreamObservers.access$000(GrpcClientProtocolClient.java:261)
	at org.apache.ratis.grpc.client.GrpcClientProtocolClient$AsyncStreamObservers$1.onNext(GrpcClientProtocolClient.java:273)
	at org.apache.ratis.grpc.client.GrpcClientProtocolClient$AsyncStreamObservers$1.onNext(GrpcClientProtocolClient.java:264)
	at org.apache.ratis.thirdparty.io.grpc.stub.ClientCalls$StreamObserverToCallListenerAdapter.onMessage(ClientCalls.java:421)
	at org.apache.ratis.thirdparty.io.grpc.ForwardingClientCallListener.onMessage(ForwardingClientCallListener.java:33)
	at org.apache.ratis.thirdparty.io.grpc.ForwardingClientCallListener.onMessage(ForwardingClientCallListener.java:33)
	at org.apache.ratis.thirdparty.io.grpc.internal.ClientCallImpl$ClientStreamListenerImpl$1MessagesAvailable.runInContext(ClientCallImpl.java:519)
	at org.apache.ratis.thirdparty.io.grpc.internal.ContextRunnable.run(ContextRunnable.java:37)
	at org.apache.ratis.thirdparty.io.grpc.internal.SerializingExecutor.run(SerializingExecutor.java:123)
	at java.util.concurrent.ThreadPoolExecutor.runWorker(ThreadPoolExecutor.java:1149)
	at java.util.concurrent.ThreadPoolExecutor$Worker.run(ThreadPoolExecutor.java:624)
	at java.lang.Thread.run(Thread.java:748)
Caused by: org.apache.ratis.protocol.NotLeaderException: Server 092cf0d2-5d64-4f0a-81f7-c3af7735fcdb@group-311569148025 is not the leader 8a3381ef-363a-4b22-9139-8be250b93f9a:192.168.164.195:46598
	at org.apache.ratis.client.impl.ClientProtoUtils.toRaftClientReply(ClientProtoUtils.java:243)
	at org.apache.ratis.grpc.client.GrpcClientProtocolClient$AsyncStreamObservers$1.onNext(GrpcClientProtocolClient.java:269)
	... 10 more
</error>
    <system-out><![CDATA[2019-10-03 19:53:16,473 [main] WARN  server.ServerUtils (ServerUtils.java:getScmDbDir(145)) - ozone.scm.db.dirs is not configured. We recommend adding this setting. Falling back to ozone.metadata.dirs instead.
2019-10-03 19:53:16,489 [main] WARN  server.ServerUtils (ServerUtils.java:getScmDbDir(145)) - ozone.scm.db.dirs is not configured. We recommend adding this setting. Falling back to ozone.metadata.dirs instead.
2019-10-03 19:53:16,490 [main] WARN  server.ServerUtils (ServerUtils.java:getScmDbDir(145)) - ozone.scm.db.dirs is not configured. We recommend adding this setting. Falling back to ozone.metadata.dirs instead.
2019-10-03 19:53:16,490 [main] INFO  db.DBStoreBuilder (DBStoreBuilder.java:addTable(110)) - using custom profile for table: deletedBlocks
2019-10-03 19:53:16,490 [main] INFO  db.DBStoreBuilder (DBStoreBuilder.java:processTables(161)) - Using default column profile:DBProfile.DISK for Table:deletedBlocks
2019-10-03 19:53:16,491 [main] INFO  db.DBStoreBuilder (DBStoreBuilder.java:addTable(110)) - using custom profile for table: validCerts
2019-10-03 19:53:16,491 [main] INFO  db.DBStoreBuilder (DBStoreBuilder.java:processTables(161)) - Using default column profile:DBProfile.DISK for Table:validCerts
2019-10-03 19:53:16,491 [main] INFO  db.DBStoreBuilder (DBStoreBuilder.java:addTable(110)) - using custom profile for table: revokedCerts
2019-10-03 19:53:16,491 [main] INFO  db.DBStoreBuilder (DBStoreBuilder.java:processTables(161)) - Using default column profile:DBProfile.DISK for Table:revokedCerts
2019-10-03 19:53:16,491 [main] INFO  db.DBStoreBuilder (DBStoreBuilder.java:addTable(110)) - using custom profile for table: default
2019-10-03 19:53:16,492 [main] INFO  db.DBStoreBuilder (DBStoreBuilder.java:processTables(167)) - Using default column profile:DBProfile.DISK for Table:default
2019-10-03 19:53:16,492 [main] INFO  db.DBStoreBuilder (DBStoreBuilder.java:getDbProfile(198)) - Using default options. DBProfile.DISK
2019-10-03 19:53:16,701 [main] INFO  net.NodeSchemaLoader (NodeSchemaLoader.java:loadSchemaFromFile(125)) - Loading file from sun.misc.CompoundEnumeration@13cc0b90
2019-10-03 19:53:16,701 [main] INFO  net.NodeSchemaLoader (NodeSchemaLoader.java:loadSchema(171)) - Loading network topology layer schema file
2019-10-03 19:53:16,706 [main] WARN  server.ServerUtils (ServerUtils.java:sanitizeUserArgs(70)) - ozone.scm.stale.node.interval value = 300000 is larger than max = 100000 based on the key value of ozone.scm.heartbeat.thread.interval, reset to the max value 100000.
2019-10-03 19:53:16,707 [main] WARN  server.ServerUtils (ServerUtils.java:sanitizeUserArgs(70)) - ozone.scm.stale.node.interval value = 300000 is larger than max = 100000 based on the key value of ozone.scm.heartbeat.thread.interval, reset to the max value 100000.
2019-10-03 19:53:16,707 [main] INFO  node.SCMNodeManager (SCMNodeManager.java:<init>(116)) - Entering startup safe mode.
2019-10-03 19:53:16,708 [main] INFO  algorithms.ContainerPlacementPolicyFactory (ContainerPlacementPolicyFactory.java:getPolicy(57)) - Create container placement policy of type org.apache.hadoop.hdds.scm.container.placement.algorithms.SCMContainerPlacementRandom
2019-10-03 19:53:16,708 [main] WARN  server.ServerUtils (ServerUtils.java:getScmDbDir(145)) - ozone.scm.db.dirs is not configured. We recommend adding this setting. Falling back to ozone.metadata.dirs instead.
2019-10-03 19:53:16,778 [main] INFO  pipeline.SCMPipelineManager (SCMPipelineManager.java:initializePipelineState(132)) - No pipeline exists in current db
2019-10-03 19:53:16,778 [main] WARN  server.ServerUtils (ServerUtils.java:getScmDbDir(145)) - ozone.scm.db.dirs is not configured. We recommend adding this setting. Falling back to ozone.metadata.dirs instead.
2019-10-03 19:53:16,853 [main] WARN  events.EventQueue (EventQueue.java:fireEvent(183)) - No event handler registered for event TypedEvent{payloadType=SafeModeStatus, name='SafeModeStatus'}
2019-10-03 19:53:16,854 [main] INFO  ipc.CallQueueManager (CallQueueManager.java:<init>(84)) - Using callQueue: class java.util.concurrent.LinkedBlockingQueue, queueCapacity: 2000, scheduler: class org.apache.hadoop.ipc.DefaultRpcScheduler, ipcBackoff: false.
2019-10-03 19:53:16,855 [Socket Reader #1 for port 35539] INFO  ipc.Server (Server.java:run(1074)) - Starting Socket Reader #1 for port 35539
2019-10-03 19:53:16,856 [main] INFO  ipc.CallQueueManager (CallQueueManager.java:<init>(84)) - Using callQueue: class java.util.concurrent.LinkedBlockingQueue, queueCapacity: 2000, scheduler: class org.apache.hadoop.ipc.DefaultRpcScheduler, ipcBackoff: false.
2019-10-03 19:53:16,858 [Socket Reader #1 for port 37751] INFO  ipc.Server (Server.java:run(1074)) - Starting Socket Reader #1 for port 37751
2019-10-03 19:53:16,859 [main] INFO  ipc.CallQueueManager (CallQueueManager.java:<init>(84)) - Using callQueue: class java.util.concurrent.LinkedBlockingQueue, queueCapacity: 2000, scheduler: class org.apache.hadoop.ipc.DefaultRpcScheduler, ipcBackoff: false.
2019-10-03 19:53:16,860 [Socket Reader #1 for port 36698] INFO  ipc.Server (Server.java:run(1074)) - Starting Socket Reader #1 for port 36698
2019-10-03 19:53:16,862 [main] INFO  hdfs.DFSUtil (DFSUtil.java:httpServerTemplateForNNAndJN(1641)) - Starting Web-server for scm at: http://0.0.0.0:0
2019-10-03 19:53:16,865 [main] INFO  server.AuthenticationFilter (AuthenticationFilter.java:constructSecretProvider(240)) - Unable to initialize FileSignerSecretProvider, falling back to use random secrets.
2019-10-03 19:53:16,865 [main] WARN  http.HttpRequestLog (HttpRequestLog.java:getRequestLog(97)) - Jetty request log can only be enabled using Log4j
2019-10-03 19:53:16,868 [main] INFO  http.HttpServer2 (HttpServer2.java:addGlobalFilter(975)) - Added global filter 'safety' (class=org.apache.hadoop.http.HttpServer2$QuotingInputFilter)
2019-10-03 19:53:16,868 [main] INFO  http.HttpServer2 (HttpServer2.java:addFilter(948)) - Added filter static_user_filter (class=org.apache.hadoop.http.lib.StaticUserWebFilter$StaticUserFilter) to context scm
2019-10-03 19:53:16,868 [main] INFO  http.HttpServer2 (HttpServer2.java:addFilter(958)) - Added filter static_user_filter (class=org.apache.hadoop.http.lib.StaticUserWebFilter$StaticUserFilter) to context logs
2019-10-03 19:53:16,869 [main] INFO  http.HttpServer2 (HttpServer2.java:addFilter(958)) - Added filter static_user_filter (class=org.apache.hadoop.http.lib.StaticUserWebFilter$StaticUserFilter) to context static
2019-10-03 19:53:16,871 [main] INFO  server.StorageContainerManager (StorageContainerManager.java:start(770)) - StorageContainerLocationProtocol RPC server is listening at /0.0.0.0:36698
2019-10-03 19:53:16,874 [main] WARN  impl.MetricsConfig (MetricsConfig.java:loadFirst(134)) - Cannot locate configuration: tried hadoop-metrics2-storagecontainermanager.properties,hadoop-metrics2.properties
2019-10-03 19:53:16,875 [main] INFO  impl.MetricsSystemImpl (MetricsSystemImpl.java:startTimer(374)) - Scheduled Metric snapshot period at 10 second(s).
2019-10-03 19:53:16,875 [main] INFO  impl.MetricsSystemImpl (MetricsSystemImpl.java:start(191)) - StorageContainerManager metrics system started
2019-10-03 19:53:16,947 [main] WARN  impl.MetricsSystemImpl (MetricsSystemImpl.java:register(276)) - Sink prometheus already exists!
2019-10-03 19:53:17,052 [main] INFO  server.SCMClientProtocolServer (SCMClientProtocolServer.java:start(150)) - RPC server for Client  is listening at /0.0.0.0:36698
2019-10-03 19:53:17,053 [IPC Server Responder] INFO  ipc.Server (Server.java:run(1314)) - IPC Server Responder: starting
2019-10-03 19:53:17,053 [IPC Server listener on 36698] INFO  ipc.Server (Server.java:run(1153)) - IPC Server listener on 36698: starting
2019-10-03 19:53:17,056 [main] INFO  server.StorageContainerManager (StorageContainerManager.java:start(780)) - ScmBlockLocationProtocol RPC server is listening at /0.0.0.0:37751
2019-10-03 19:53:17,056 [main] INFO  server.SCMBlockProtocolServer (SCMBlockProtocolServer.java:start(146)) - RPC server for Block Protocol is listening at /0.0.0.0:37751
2019-10-03 19:53:17,057 [IPC Server Responder] INFO  ipc.Server (Server.java:run(1314)) - IPC Server Responder: starting
2019-10-03 19:53:17,057 [IPC Server listener on 37751] INFO  ipc.Server (Server.java:run(1153)) - IPC Server listener on 37751: starting
2019-10-03 19:53:17,062 [main] INFO  server.StorageContainerManager (StorageContainerManager.java:start(784)) - ScmDatanodeProtocl RPC server is listening at /0.0.0.0:35539
2019-10-03 19:53:17,062 [main] INFO  server.SCMDatanodeProtocolServer (SCMDatanodeProtocolServer.java:start(191)) - RPC server for DataNodes is listening at /0.0.0.0:35539
2019-10-03 19:53:17,062 [IPC Server Responder] INFO  ipc.Server (Server.java:run(1314)) - IPC Server Responder: starting
2019-10-03 19:53:17,062 [IPC Server listener on 35539] INFO  ipc.Server (Server.java:run(1153)) - IPC Server listener on 35539: starting
2019-10-03 19:53:17,065 [main] INFO  http.HttpServer2 (HttpServer2.java:bindListener(1191)) - Jetty bound to port 39356
2019-10-03 19:53:17,066 [main] INFO  server.Server (Server.java:doStart(351)) - jetty-9.3.25.v20180904, build timestamp: 2018-09-04T21:11:46Z, git hash: 3ce520221d0240229c862b122d2b06c12a625732
2019-10-03 19:53:17,067 [main] INFO  handler.ContextHandler (ContextHandler.java:doStart(781)) - Started o.e.j.s.ServletContextHandler@280fafd{/logs,file:///workdir/hadoop-ozone/integration-test/target/log,AVAILABLE}
2019-10-03 19:53:17,068 [main] INFO  handler.ContextHandler (ContextHandler.java:doStart(781)) - Started o.e.j.s.ServletContextHandler@14b275bd{/static,file:///workdir/hadoop-ozone/integration-test/target/test-classes/webapps/static,AVAILABLE}
2019-10-03 19:53:17,072 [main] INFO  handler.ContextHandler (ContextHandler.java:doStart(781)) - Started o.e.j.w.WebAppContext@3520958b{/,file:///workdir/hadoop-ozone/integration-test/target/test-classes/webapps/scm/,AVAILABLE}{/scm}
2019-10-03 19:53:17,072 [main] INFO  server.AbstractConnector (AbstractConnector.java:doStart(278)) - Started ServerConnector@6cc64028{HTTP/1.1,[http/1.1]}{0.0.0.0:39356}
2019-10-03 19:53:17,073 [main] INFO  server.Server (Server.java:doStart(419)) - Started @231788ms
2019-10-03 19:53:17,073 [main] WARN  impl.MetricsSystemImpl (MetricsSystemImpl.java:register(276)) - Sink prometheus already exists!
2019-10-03 19:53:17,075 [main] INFO  server.BaseHttpServer (BaseHttpServer.java:updateConnectorAddress(215)) - HTTP server of SCM is listening at http://0.0.0.0:39356
2019-10-03 19:53:17,076 [main] WARN  server.ServerUtils (ServerUtils.java:getDBPath(222)) - ozone.om.db.dirs is not configured. We recommend adding this setting. Falling back to ozone.metadata.dirs instead.
2019-10-03 19:53:17,076 [org.apache.hadoop.util.JvmPauseMonitor$Monitor@5b1e88f] INFO  util.JvmPauseMonitor (JvmPauseMonitor.java:run(188)) - Starting JVM pause monitor
2019-10-03 19:53:17,090 [main] WARN  server.ServerUtils (ServerUtils.java:getDBPath(222)) - ozone.om.db.dirs is not configured. We recommend adding this setting. Falling back to ozone.metadata.dirs instead.
2019-10-03 19:53:17,091 [main] WARN  server.ServerUtils (ServerUtils.java:getDBPath(222)) - ozone.om.db.dirs is not configured. We recommend adding this setting. Falling back to ozone.metadata.dirs instead.
2019-10-03 19:53:17,091 [main] INFO  om.OzoneManager (OzoneManager.java:setOMNodeDetails(652)) - OM Service ID is not set. Setting it to the default ID: omServiceIdDefault
2019-10-03 19:53:17,091 [main] INFO  om.OzoneManager (OzoneManager.java:setOMNodeDetails(658)) - OM Node ID is not set. Setting it to the OmStorage's OmID: fc357cca-9ec2-4577-87da-fb715cd73714
2019-10-03 19:53:17,092 [main] INFO  om.OzoneManager (OzoneManager.java:loadOMHAConfigs(609)) - Found matching OM address with OMServiceId: null, OMNodeId: null, RPC Address: localhost:0 and Ratis port: 9872
2019-10-03 19:53:17,103 [main] WARN  server.ServerUtils (ServerUtils.java:getDBPath(222)) - ozone.om.db.dirs is not configured. We recommend adding this setting. Falling back to ozone.metadata.dirs instead.
2019-10-03 19:53:17,104 [main] INFO  db.DBStoreBuilder (DBStoreBuilder.java:addTable(110)) - using custom profile for table: userTable
2019-10-03 19:53:17,104 [main] INFO  db.DBStoreBuilder (DBStoreBuilder.java:processTables(161)) - Using default column profile:DBProfile.DISK for Table:userTable
2019-10-03 19:53:17,104 [main] INFO  db.DBStoreBuilder (DBStoreBuilder.java:addTable(110)) - using custom profile for table: volumeTable
2019-10-03 19:53:17,105 [main] INFO  db.DBStoreBuilder (DBStoreBuilder.java:processTables(161)) - Using default column profile:DBProfile.DISK for Table:volumeTable
2019-10-03 19:53:17,105 [main] INFO  db.DBStoreBuilder (DBStoreBuilder.java:addTable(110)) - using custom profile for table: bucketTable
2019-10-03 19:53:17,105 [main] INFO  db.DBStoreBuilder (DBStoreBuilder.java:processTables(161)) - Using default column profile:DBProfile.DISK for Table:bucketTable
2019-10-03 19:53:17,105 [main] INFO  db.DBStoreBuilder (DBStoreBuilder.java:addTable(110)) - using custom profile for table: keyTable
2019-10-03 19:53:17,106 [main] INFO  db.DBStoreBuilder (DBStoreBuilder.java:processTables(161)) - Using default column profile:DBProfile.DISK for Table:keyTable
2019-10-03 19:53:17,106 [main] INFO  db.DBStoreBuilder (DBStoreBuilder.java:addTable(110)) - using custom profile for table: deletedTable
2019-10-03 19:53:17,106 [main] INFO  db.DBStoreBuilder (DBStoreBuilder.java:processTables(161)) - Using default column profile:DBProfile.DISK for Table:deletedTable
2019-10-03 19:53:17,106 [main] INFO  db.DBStoreBuilder (DBStoreBuilder.java:addTable(110)) - using custom profile for table: openKeyTable
2019-10-03 19:53:17,107 [main] INFO  db.DBStoreBuilder (DBStoreBuilder.java:processTables(161)) - Using default column profile:DBProfile.DISK for Table:openKeyTable
2019-10-03 19:53:17,107 [main] INFO  db.DBStoreBuilder (DBStoreBuilder.java:addTable(110)) - using custom profile for table: s3Table
2019-10-03 19:53:17,107 [main] INFO  db.DBStoreBuilder (DBStoreBuilder.java:processTables(161)) - Using default column profile:DBProfile.DISK for Table:s3Table
2019-10-03 19:53:17,107 [main] INFO  db.DBStoreBuilder (DBStoreBuilder.java:addTable(110)) - using custom profile for table: multipartInfoTable
2019-10-03 19:53:17,107 [main] INFO  db.DBStoreBuilder (DBStoreBuilder.java:processTables(161)) - Using default column profile:DBProfile.DISK for Table:multipartInfoTable
2019-10-03 19:53:17,108 [main] INFO  db.DBStoreBuilder (DBStoreBuilder.java:addTable(110)) - using custom profile for table: dTokenTable
2019-10-03 19:53:17,108 [main] INFO  db.DBStoreBuilder (DBStoreBuilder.java:processTables(161)) - Using default column profile:DBProfile.DISK for Table:dTokenTable
2019-10-03 19:53:17,108 [main] INFO  db.DBStoreBuilder (DBStoreBuilder.java:addTable(110)) - using custom profile for table: s3SecretTable
2019-10-03 19:53:17,108 [main] INFO  db.DBStoreBuilder (DBStoreBuilder.java:processTables(161)) - Using default column profile:DBProfile.DISK for Table:s3SecretTable
2019-10-03 19:53:17,109 [main] INFO  db.DBStoreBuilder (DBStoreBuilder.java:addTable(110)) - using custom profile for table: prefixTable
2019-10-03 19:53:17,109 [main] INFO  db.DBStoreBuilder (DBStoreBuilder.java:processTables(161)) - Using default column profile:DBProfile.DISK for Table:prefixTable
2019-10-03 19:53:17,109 [main] INFO  db.DBStoreBuilder (DBStoreBuilder.java:addTable(110)) - using custom profile for table: default
2019-10-03 19:53:17,109 [main] INFO  db.DBStoreBuilder (DBStoreBuilder.java:processTables(167)) - Using default column profile:DBProfile.DISK for Table:default
2019-10-03 19:53:17,110 [main] INFO  db.DBStoreBuilder (DBStoreBuilder.java:getDbProfile(198)) - Using default options. DBProfile.DISK
2019-10-03 19:53:17,709 [main] INFO  ipc.CallQueueManager (CallQueueManager.java:<init>(84)) - Using callQueue: class java.util.concurrent.LinkedBlockingQueue, queueCapacity: 2000, scheduler: class org.apache.hadoop.ipc.DefaultRpcScheduler, ipcBackoff: false.
2019-10-03 19:53:17,710 [Socket Reader #1 for port 44021] INFO  ipc.Server (Server.java:run(1074)) - Starting Socket Reader #1 for port 44021
2019-10-03 19:53:17,724 [main] INFO  om.OzoneManager (OzoneManager.java:start(1243)) - OzoneManager RPC server is listening at localhost/127.0.0.1:44021
2019-10-03 19:53:17,724 [main] INFO  impl.MetricsSystemImpl (MetricsSystemImpl.java:init(158)) - OzoneManager metrics system started (again)
2019-10-03 19:53:17,725 [IPC Server Responder] INFO  ipc.Server (Server.java:run(1314)) - IPC Server Responder: starting
2019-10-03 19:53:17,725 [IPC Server listener on 44021] INFO  ipc.Server (Server.java:run(1153)) - IPC Server listener on 44021: starting
2019-10-03 19:53:17,730 [main] INFO  hdfs.DFSUtil (DFSUtil.java:httpServerTemplateForNNAndJN(1641)) - Starting Web-server for ozoneManager at: http://0.0.0.0:0
2019-10-03 19:53:17,732 [main] INFO  server.AuthenticationFilter (AuthenticationFilter.java:constructSecretProvider(240)) - Unable to initialize FileSignerSecretProvider, falling back to use random secrets.
2019-10-03 19:53:17,733 [main] WARN  http.HttpRequestLog (HttpRequestLog.java:getRequestLog(97)) - Jetty request log can only be enabled using Log4j
2019-10-03 19:53:17,735 [main] INFO  http.HttpServer2 (HttpServer2.java:addGlobalFilter(975)) - Added global filter 'safety' (class=org.apache.hadoop.http.HttpServer2$QuotingInputFilter)
2019-10-03 19:53:17,736 [main] INFO  http.HttpServer2 (HttpServer2.java:addFilter(948)) - Added filter static_user_filter (class=org.apache.hadoop.http.lib.StaticUserWebFilter$StaticUserFilter) to context ozoneManager
2019-10-03 19:53:17,736 [main] INFO  http.HttpServer2 (HttpServer2.java:addFilter(958)) - Added filter static_user_filter (class=org.apache.hadoop.http.lib.StaticUserWebFilter$StaticUserFilter) to context logs
2019-10-03 19:53:17,736 [main] INFO  http.HttpServer2 (HttpServer2.java:addFilter(958)) - Added filter static_user_filter (class=org.apache.hadoop.http.lib.StaticUserWebFilter$StaticUserFilter) to context static
2019-10-03 19:53:17,737 [main] INFO  http.HttpServer2 (HttpServer2.java:bindListener(1191)) - Jetty bound to port 42062
2019-10-03 19:53:17,737 [main] INFO  server.Server (Server.java:doStart(351)) - jetty-9.3.25.v20180904, build timestamp: 2018-09-04T21:11:46Z, git hash: 3ce520221d0240229c862b122d2b06c12a625732
2019-10-03 19:53:17,739 [main] INFO  handler.ContextHandler (ContextHandler.java:doStart(781)) - Started o.e.j.s.ServletContextHandler@7ddcb0dc{/logs,file:///workdir/hadoop-ozone/integration-test/target/log,AVAILABLE}
2019-10-03 19:53:17,740 [main] INFO  handler.ContextHandler (ContextHandler.java:doStart(781)) - Started o.e.j.s.ServletContextHandler@2c1d57bc{/static,file:///workdir/hadoop-ozone/integration-test/target/test-classes/webapps/static,AVAILABLE}
2019-10-03 19:53:17,744 [main] INFO  handler.ContextHandler (ContextHandler.java:doStart(781)) - Started o.e.j.w.WebAppContext@68631b1d{/,file:///workdir/hadoop-ozone/integration-test/target/test-classes/webapps/ozoneManager/,AVAILABLE}{/ozoneManager}
2019-10-03 19:53:17,745 [main] INFO  server.AbstractConnector (AbstractConnector.java:doStart(278)) - Started ServerConnector@5a48da4f{HTTP/1.1,[http/1.1]}{0.0.0.0:42062}
2019-10-03 19:53:17,746 [main] INFO  server.Server (Server.java:doStart(419)) - Started @232462ms
2019-10-03 19:53:17,746 [main] WARN  impl.MetricsSystemImpl (MetricsSystemImpl.java:register(276)) - Sink prometheus already exists!
2019-10-03 19:53:17,747 [main] INFO  server.BaseHttpServer (BaseHttpServer.java:updateConnectorAddress(215)) - HTTP server of OZONEMANAGER is listening at http://0.0.0.0:42062
2019-10-03 19:53:17,765 [main] INFO  impl.MetricsSystemImpl (MetricsSystemImpl.java:init(158)) - HddsDatanode metrics system started (again)
2019-10-03 19:53:17,769 [main] INFO  ozone.HddsDatanodeService (HddsDatanodeService.java:start(184)) - HddsDatanodeService host:pr-hdds-2199-dnstouuidmap-84vvh-1531155352 ip:192.168.164.195
2019-10-03 19:53:17,776 [main] INFO  volume.HddsVolume (HddsVolume.java:<init>(176)) - Creating Volume: /workdir/hadoop-ozone/integration-test/target/test-dir/MiniOzoneClusterImpl-1277cde4-a404-4099-88bc-5733a0f2746f/datanode-0/data/containers/hdds of  storage type : DISK and capacity : 1482555576320
2019-10-03 19:53:17,776 [main] INFO  volume.VolumeSet (VolumeSet.java:initializeVolumeSet(170)) - Added Volume : /workdir/hadoop-ozone/integration-test/target/test-dir/MiniOzoneClusterImpl-1277cde4-a404-4099-88bc-5733a0f2746f/datanode-0/data/containers/hdds to VolumeSet
2019-10-03 19:53:17,777 [main] INFO  volume.ThrottledAsyncChecker (ThrottledAsyncChecker.java:schedule(139)) - Scheduling a check for org.apache.hadoop.ozone.container.common.volume.HddsVolume@5a4d4f9c
2019-10-03 19:53:17,778 [main] INFO  volume.HddsVolumeChecker (HddsVolumeChecker.java:checkAllVolumes(202)) - Scheduled health check for volume org.apache.hadoop.ozone.container.common.volume.HddsVolume@5a4d4f9c
2019-10-03 19:53:17,794 [main] INFO  impl.RaftServerProxy (ConfUtils.java:logGet(43)) - raft.rpc.type = GRPC (default)
2019-10-03 19:53:17,795 [main] INFO  grpc.GrpcFactory (GrpcFactory.java:checkPooledByteBufAllocatorUseCacheForAllThreads(45)) - PERFORMANCE WARNING: useCacheForAllThreads is true that may cause Netty to create a lot garbage objects and, as a result, trigger GC.
	It is recommended to disable useCacheForAllThreads by setting -Dorg.apache.ratis.thirdparty.io.netty.allocator.useCacheForAllThreads=false in command line.
2019-10-03 19:53:17,795 [main] INFO  grpc.GrpcConfigKeys$Server (ConfUtils.java:logGet(43)) - raft.grpc.server.port = 0 (default)
2019-10-03 19:53:17,795 [main] INFO  server.GrpcService (ConfUtils.java:logGet(43)) - raft.grpc.message.size.max = 33570816 (custom)
2019-10-03 19:53:17,795 [main] INFO  server.RaftServerConfigKeys (ConfUtils.java:logGet(43)) - raft.server.log.appender.buffer.byte-limit = 33554432 (custom)
2019-10-03 19:53:17,796 [main] INFO  server.GrpcService (ConfUtils.java:logGet(43)) - raft.grpc.flow.control.window = 1MB (=1048576) (default)
2019-10-03 19:53:17,796 [main] INFO  server.RaftServerConfigKeys (ConfUtils.java:logGet(43)) - raft.server.rpc.request.timeout = 3000ms (default)
2019-10-03 19:53:17,796 [main] INFO  server.RaftServerConfigKeys (ConfUtils.java:logGet(43)) - raft.server.storage.dir = [/workdir/hadoop-ozone/integration-test/target/test-dir/MiniOzoneClusterImpl-1277cde4-a404-4099-88bc-5733a0f2746f/datanode-0/data/ratis] (custom)
2019-10-03 19:53:17,797 [main] INFO  hdfs.DFSUtil (DFSUtil.java:httpServerTemplateForNNAndJN(1641)) - Starting Web-server for hddsDatanode at: http://0.0.0.0:0
2019-10-03 19:53:17,798 [main] INFO  server.AuthenticationFilter (AuthenticationFilter.java:constructSecretProvider(240)) - Unable to initialize FileSignerSecretProvider, falling back to use random secrets.
2019-10-03 19:53:17,799 [main] WARN  http.HttpRequestLog (HttpRequestLog.java:getRequestLog(97)) - Jetty request log can only be enabled using Log4j
2019-10-03 19:53:17,800 [main] INFO  http.HttpServer2 (HttpServer2.java:addGlobalFilter(975)) - Added global filter 'safety' (class=org.apache.hadoop.http.HttpServer2$QuotingInputFilter)
2019-10-03 19:53:17,801 [main] INFO  http.HttpServer2 (HttpServer2.java:addFilter(948)) - Added filter static_user_filter (class=org.apache.hadoop.http.lib.StaticUserWebFilter$StaticUserFilter) to context hddsDatanode
2019-10-03 19:53:17,801 [main] INFO  http.HttpServer2 (HttpServer2.java:addFilter(958)) - Added filter static_user_filter (class=org.apache.hadoop.http.lib.StaticUserWebFilter$StaticUserFilter) to context logs
2019-10-03 19:53:17,801 [main] INFO  http.HttpServer2 (HttpServer2.java:addFilter(958)) - Added filter static_user_filter (class=org.apache.hadoop.http.lib.StaticUserWebFilter$StaticUserFilter) to context static
2019-10-03 19:53:17,801 [main] INFO  http.HttpServer2 (HttpServer2.java:bindListener(1191)) - Jetty bound to port 41812
2019-10-03 19:53:17,802 [main] INFO  server.Server (Server.java:doStart(351)) - jetty-9.3.25.v20180904, build timestamp: 2018-09-04T21:11:46Z, git hash: 3ce520221d0240229c862b122d2b06c12a625732
2019-10-03 19:53:17,803 [main] INFO  handler.ContextHandler (ContextHandler.java:doStart(781)) - Started o.e.j.s.ServletContextHandler@1ee5632d{/logs,file:///workdir/hadoop-ozone/integration-test/target/log,AVAILABLE}
2019-10-03 19:53:17,804 [main] INFO  handler.ContextHandler (ContextHandler.java:doStart(781)) - Started o.e.j.s.ServletContextHandler@563ccd31{/static,jar:file:/home/user/.m2/repository/org/apache/hadoop/hadoop-hdds-container-service/0.5.0-SNAPSHOT/hadoop-hdds-container-service-0.5.0-SNAPSHOT.jar!/webapps/static,AVAILABLE}
2019-10-03 19:53:17,831 [main] INFO  handler.ContextHandler (ContextHandler.java:doStart(781)) - Started o.e.j.w.WebAppContext@257f30f7{/,file:///tmp/jetty-0.0.0.0-41812-hddsDatanode-_-any-3748350700716598306.dir/webapp/,AVAILABLE}{/hddsDatanode}
2019-10-03 19:53:17,832 [main] INFO  server.AbstractConnector (AbstractConnector.java:doStart(278)) - Started ServerConnector@3fde2209{HTTP/1.1,[http/1.1]}{0.0.0.0:41812}
2019-10-03 19:53:17,833 [main] INFO  server.Server (Server.java:doStart(419)) - Started @232548ms
2019-10-03 19:53:17,833 [main] WARN  impl.MetricsSystemImpl (MetricsSystemImpl.java:register(276)) - Sink prometheus already exists!
2019-10-03 19:53:17,833 [main] INFO  server.BaseHttpServer (BaseHttpServer.java:updateConnectorAddress(215)) - HTTP server of HDDSDATANODE is listening at http://0.0.0.0:41812
2019-10-03 19:53:17,834 [main] INFO  impl.MetricsSystemImpl (MetricsSystemImpl.java:init(158)) - HddsDatanode metrics system started (again)
2019-10-03 19:53:17,837 [org.apache.hadoop.util.JvmPauseMonitor$Monitor@560979f5] INFO  util.JvmPauseMonitor (JvmPauseMonitor.java:run(188)) - Starting JVM pause monitor
2019-10-03 19:53:17,838 [main] INFO  ozone.HddsDatanodeService (HddsDatanodeService.java:start(184)) - HddsDatanodeService host:pr-hdds-2199-dnstouuidmap-84vvh-1531155352 ip:192.168.164.195
2019-10-03 19:53:17,840 [Datanode State Machine Thread - 0] INFO  datanode.InitDatanodeState (InitDatanodeState.java:persistContainerDatanodeDetails(140)) - DatanodeDetails is persisted to /workdir/hadoop-ozone/integration-test/target/test-dir/MiniOzoneClusterImpl-1277cde4-a404-4099-88bc-5733a0f2746f/datanode-0/meta/datanode.id
2019-10-03 19:53:17,843 [main] INFO  volume.HddsVolume (HddsVolume.java:<init>(176)) - Creating Volume: /workdir/hadoop-ozone/integration-test/target/test-dir/MiniOzoneClusterImpl-1277cde4-a404-4099-88bc-5733a0f2746f/datanode-1/data/containers/hdds of  storage type : DISK and capacity : 1482555576320
2019-10-03 19:53:17,843 [main] INFO  volume.VolumeSet (VolumeSet.java:initializeVolumeSet(170)) - Added Volume : /workdir/hadoop-ozone/integration-test/target/test-dir/MiniOzoneClusterImpl-1277cde4-a404-4099-88bc-5733a0f2746f/datanode-1/data/containers/hdds to VolumeSet
2019-10-03 19:53:17,843 [main] INFO  volume.ThrottledAsyncChecker (ThrottledAsyncChecker.java:schedule(139)) - Scheduling a check for org.apache.hadoop.ozone.container.common.volume.HddsVolume@4ef18604
2019-10-03 19:53:17,844 [main] INFO  volume.HddsVolumeChecker (HddsVolumeChecker.java:checkAllVolumes(202)) - Scheduled health check for volume org.apache.hadoop.ozone.container.common.volume.HddsVolume@4ef18604
2019-10-03 19:53:17,856 [main] INFO  impl.RaftServerProxy (ConfUtils.java:logGet(43)) - raft.rpc.type = GRPC (default)
2019-10-03 19:53:17,857 [main] INFO  grpc.GrpcFactory (GrpcFactory.java:checkPooledByteBufAllocatorUseCacheForAllThreads(45)) - PERFORMANCE WARNING: useCacheForAllThreads is true that may cause Netty to create a lot garbage objects and, as a result, trigger GC.
	It is recommended to disable useCacheForAllThreads by setting -Dorg.apache.ratis.thirdparty.io.netty.allocator.useCacheForAllThreads=false in command line.
2019-10-03 19:53:17,857 [main] INFO  grpc.GrpcConfigKeys$Server (ConfUtils.java:logGet(43)) - raft.grpc.server.port = 0 (default)
2019-10-03 19:53:17,857 [main] INFO  server.GrpcService (ConfUtils.java:logGet(43)) - raft.grpc.message.size.max = 33570816 (custom)
2019-10-03 19:53:17,857 [main] INFO  server.RaftServerConfigKeys (ConfUtils.java:logGet(43)) - raft.server.log.appender.buffer.byte-limit = 33554432 (custom)
2019-10-03 19:53:17,857 [main] INFO  server.GrpcService (ConfUtils.java:logGet(43)) - raft.grpc.flow.control.window = 1MB (=1048576) (default)
2019-10-03 19:53:17,857 [main] INFO  server.RaftServerConfigKeys (ConfUtils.java:logGet(43)) - raft.server.rpc.request.timeout = 3000ms (default)
2019-10-03 19:53:17,858 [main] INFO  server.RaftServerConfigKeys (ConfUtils.java:logGet(43)) - raft.server.storage.dir = [/workdir/hadoop-ozone/integration-test/target/test-dir/MiniOzoneClusterImpl-1277cde4-a404-4099-88bc-5733a0f2746f/datanode-1/data/ratis] (custom)
2019-10-03 19:53:17,859 [main] INFO  hdfs.DFSUtil (DFSUtil.java:httpServerTemplateForNNAndJN(1641)) - Starting Web-server for hddsDatanode at: http://0.0.0.0:0
2019-10-03 19:53:17,860 [main] INFO  server.AuthenticationFilter (AuthenticationFilter.java:constructSecretProvider(240)) - Unable to initialize FileSignerSecretProvider, falling back to use random secrets.
2019-10-03 19:53:17,860 [main] WARN  http.HttpRequestLog (HttpRequestLog.java:getRequestLog(97)) - Jetty request log can only be enabled using Log4j
2019-10-03 19:53:17,862 [main] INFO  http.HttpServer2 (HttpServer2.java:addGlobalFilter(975)) - Added global filter 'safety' (class=org.apache.hadoop.http.HttpServer2$QuotingInputFilter)
2019-10-03 19:53:17,862 [main] INFO  http.HttpServer2 (HttpServer2.java:addFilter(948)) - Added filter static_user_filter (class=org.apache.hadoop.http.lib.StaticUserWebFilter$StaticUserFilter) to context hddsDatanode
2019-10-03 19:53:17,862 [main] INFO  http.HttpServer2 (HttpServer2.java:addFilter(958)) - Added filter static_user_filter (class=org.apache.hadoop.http.lib.StaticUserWebFilter$StaticUserFilter) to context static
2019-10-03 19:53:17,863 [main] INFO  http.HttpServer2 (HttpServer2.java:addFilter(958)) - Added filter static_user_filter (class=org.apache.hadoop.http.lib.StaticUserWebFilter$StaticUserFilter) to context logs
2019-10-03 19:53:17,863 [main] INFO  http.HttpServer2 (HttpServer2.java:bindListener(1191)) - Jetty bound to port 38106
2019-10-03 19:53:17,863 [main] INFO  server.Server (Server.java:doStart(351)) - jetty-9.3.25.v20180904, build timestamp: 2018-09-04T21:11:46Z, git hash: 3ce520221d0240229c862b122d2b06c12a625732
2019-10-03 19:53:17,865 [main] INFO  handler.ContextHandler (ContextHandler.java:doStart(781)) - Started o.e.j.s.ServletContextHandler@6544899b{/logs,file:///workdir/hadoop-ozone/integration-test/target/log,AVAILABLE}
2019-10-03 19:53:17,865 [main] INFO  handler.ContextHandler (ContextHandler.java:doStart(781)) - Started o.e.j.s.ServletContextHandler@1bd8afc8{/static,jar:file:/home/user/.m2/repository/org/apache/hadoop/hadoop-hdds-container-service/0.5.0-SNAPSHOT/hadoop-hdds-container-service-0.5.0-SNAPSHOT.jar!/webapps/static,AVAILABLE}
2019-10-03 19:53:17,893 [main] INFO  handler.ContextHandler (ContextHandler.java:doStart(781)) - Started o.e.j.w.WebAppContext@256bb5be{/,file:///tmp/jetty-0.0.0.0-38106-hddsDatanode-_-any-4843905002097922308.dir/webapp/,AVAILABLE}{/hddsDatanode}
2019-10-03 19:53:17,893 [main] INFO  server.AbstractConnector (AbstractConnector.java:doStart(278)) - Started ServerConnector@5fef0c19{HTTP/1.1,[http/1.1]}{0.0.0.0:38106}
2019-10-03 19:53:17,894 [main] INFO  server.Server (Server.java:doStart(419)) - Started @232610ms
2019-10-03 19:53:17,894 [main] WARN  impl.MetricsSystemImpl (MetricsSystemImpl.java:register(276)) - Sink prometheus already exists!
2019-10-03 19:53:17,895 [main] INFO  server.BaseHttpServer (BaseHttpServer.java:updateConnectorAddress(215)) - HTTP server of HDDSDATANODE is listening at http://0.0.0.0:38106
2019-10-03 19:53:17,895 [main] INFO  impl.MetricsSystemImpl (MetricsSystemImpl.java:init(158)) - HddsDatanode metrics system started (again)
2019-10-03 19:53:17,899 [org.apache.hadoop.util.JvmPauseMonitor$Monitor@5486adcc] INFO  util.JvmPauseMonitor (JvmPauseMonitor.java:run(188)) - Starting JVM pause monitor
2019-10-03 19:53:17,899 [main] INFO  ozone.HddsDatanodeService (HddsDatanodeService.java:start(184)) - HddsDatanodeService host:pr-hdds-2199-dnstouuidmap-84vvh-1531155352 ip:192.168.164.195
2019-10-03 19:53:17,900 [Datanode State Machine Thread - 0] INFO  datanode.InitDatanodeState (InitDatanodeState.java:persistContainerDatanodeDetails(140)) - DatanodeDetails is persisted to /workdir/hadoop-ozone/integration-test/target/test-dir/MiniOzoneClusterImpl-1277cde4-a404-4099-88bc-5733a0f2746f/datanode-1/meta/datanode.id
2019-10-03 19:53:17,905 [main] INFO  volume.HddsVolume (HddsVolume.java:<init>(176)) - Creating Volume: /workdir/hadoop-ozone/integration-test/target/test-dir/MiniOzoneClusterImpl-1277cde4-a404-4099-88bc-5733a0f2746f/datanode-2/data/containers/hdds of  storage type : DISK and capacity : 1482555576320
2019-10-03 19:53:17,906 [main] INFO  volume.VolumeSet (VolumeSet.java:initializeVolumeSet(170)) - Added Volume : /workdir/hadoop-ozone/integration-test/target/test-dir/MiniOzoneClusterImpl-1277cde4-a404-4099-88bc-5733a0f2746f/datanode-2/data/containers/hdds to VolumeSet
2019-10-03 19:53:17,906 [main] INFO  volume.ThrottledAsyncChecker (ThrottledAsyncChecker.java:schedule(139)) - Scheduling a check for org.apache.hadoop.ozone.container.common.volume.HddsVolume@50598a1a
2019-10-03 19:53:17,906 [main] INFO  volume.HddsVolumeChecker (HddsVolumeChecker.java:checkAllVolumes(202)) - Scheduled health check for volume org.apache.hadoop.ozone.container.common.volume.HddsVolume@50598a1a
2019-10-03 19:53:17,919 [main] INFO  impl.RaftServerProxy (ConfUtils.java:logGet(43)) - raft.rpc.type = GRPC (default)
2019-10-03 19:53:17,920 [main] INFO  grpc.GrpcFactory (GrpcFactory.java:checkPooledByteBufAllocatorUseCacheForAllThreads(45)) - PERFORMANCE WARNING: useCacheForAllThreads is true that may cause Netty to create a lot garbage objects and, as a result, trigger GC.
	It is recommended to disable useCacheForAllThreads by setting -Dorg.apache.ratis.thirdparty.io.netty.allocator.useCacheForAllThreads=false in command line.
2019-10-03 19:53:17,920 [main] INFO  grpc.GrpcConfigKeys$Server (ConfUtils.java:logGet(43)) - raft.grpc.server.port = 0 (default)
2019-10-03 19:53:17,920 [main] INFO  server.GrpcService (ConfUtils.java:logGet(43)) - raft.grpc.message.size.max = 33570816 (custom)
2019-10-03 19:53:17,920 [main] INFO  server.RaftServerConfigKeys (ConfUtils.java:logGet(43)) - raft.server.log.appender.buffer.byte-limit = 33554432 (custom)
2019-10-03 19:53:17,920 [main] INFO  server.GrpcService (ConfUtils.java:logGet(43)) - raft.grpc.flow.control.window = 1MB (=1048576) (default)
2019-10-03 19:53:17,920 [main] INFO  server.RaftServerConfigKeys (ConfUtils.java:logGet(43)) - raft.server.rpc.request.timeout = 3000ms (default)
2019-10-03 19:53:17,921 [main] INFO  server.RaftServerConfigKeys (ConfUtils.java:logGet(43)) - raft.server.storage.dir = [/workdir/hadoop-ozone/integration-test/target/test-dir/MiniOzoneClusterImpl-1277cde4-a404-4099-88bc-5733a0f2746f/datanode-2/data/ratis] (custom)
2019-10-03 19:53:17,922 [main] INFO  hdfs.DFSUtil (DFSUtil.java:httpServerTemplateForNNAndJN(1641)) - Starting Web-server for hddsDatanode at: http://0.0.0.0:0
2019-10-03 19:53:17,923 [main] INFO  server.AuthenticationFilter (AuthenticationFilter.java:constructSecretProvider(240)) - Unable to initialize FileSignerSecretProvider, falling back to use random secrets.
2019-10-03 19:53:17,923 [main] WARN  http.HttpRequestLog (HttpRequestLog.java:getRequestLog(97)) - Jetty request log can only be enabled using Log4j
2019-10-03 19:53:17,924 [main] INFO  http.HttpServer2 (HttpServer2.java:addGlobalFilter(975)) - Added global filter 'safety' (class=org.apache.hadoop.http.HttpServer2$QuotingInputFilter)
2019-10-03 19:53:17,925 [main] INFO  http.HttpServer2 (HttpServer2.java:addFilter(948)) - Added filter static_user_filter (class=org.apache.hadoop.http.lib.StaticUserWebFilter$StaticUserFilter) to context hddsDatanode
2019-10-03 19:53:17,925 [main] INFO  http.HttpServer2 (HttpServer2.java:addFilter(958)) - Added filter static_user_filter (class=org.apache.hadoop.http.lib.StaticUserWebFilter$StaticUserFilter) to context logs
2019-10-03 19:53:17,925 [main] INFO  http.HttpServer2 (HttpServer2.java:addFilter(958)) - Added filter static_user_filter (class=org.apache.hadoop.http.lib.StaticUserWebFilter$StaticUserFilter) to context static
2019-10-03 19:53:17,926 [main] INFO  http.HttpServer2 (HttpServer2.java:bindListener(1191)) - Jetty bound to port 43996
2019-10-03 19:53:17,926 [main] INFO  server.Server (Server.java:doStart(351)) - jetty-9.3.25.v20180904, build timestamp: 2018-09-04T21:11:46Z, git hash: 3ce520221d0240229c862b122d2b06c12a625732
2019-10-03 19:53:17,927 [main] INFO  handler.ContextHandler (ContextHandler.java:doStart(781)) - Started o.e.j.s.ServletContextHandler@8b13d91{/logs,file:///workdir/hadoop-ozone/integration-test/target/log,AVAILABLE}
2019-10-03 19:53:17,928 [main] INFO  handler.ContextHandler (ContextHandler.java:doStart(781)) - Started o.e.j.s.ServletContextHandler@2589d787{/static,jar:file:/home/user/.m2/repository/org/apache/hadoop/hadoop-hdds-container-service/0.5.0-SNAPSHOT/hadoop-hdds-container-service-0.5.0-SNAPSHOT.jar!/webapps/static,AVAILABLE}
2019-10-03 19:53:17,954 [main] INFO  handler.ContextHandler (ContextHandler.java:doStart(781)) - Started o.e.j.w.WebAppContext@6cbb7a7d{/,file:///tmp/jetty-0.0.0.0-43996-hddsDatanode-_-any-7815771258263720207.dir/webapp/,AVAILABLE}{/hddsDatanode}
2019-10-03 19:53:17,954 [main] INFO  server.AbstractConnector (AbstractConnector.java:doStart(278)) - Started ServerConnector@cdb3c85{HTTP/1.1,[http/1.1]}{0.0.0.0:43996}
2019-10-03 19:53:17,956 [main] INFO  server.Server (Server.java:doStart(419)) - Started @232671ms
2019-10-03 19:53:17,956 [main] WARN  impl.MetricsSystemImpl (MetricsSystemImpl.java:register(276)) - Sink prometheus already exists!
2019-10-03 19:53:17,956 [main] INFO  server.BaseHttpServer (BaseHttpServer.java:updateConnectorAddress(215)) - HTTP server of HDDSDATANODE is listening at http://0.0.0.0:43996
2019-10-03 19:53:17,956 [main] INFO  impl.MetricsSystemImpl (MetricsSystemImpl.java:init(158)) - HddsDatanode metrics system started (again)
2019-10-03 19:53:17,960 [org.apache.hadoop.util.JvmPauseMonitor$Monitor@2254da0a] INFO  util.JvmPauseMonitor (JvmPauseMonitor.java:run(188)) - Starting JVM pause monitor
2019-10-03 19:53:17,961 [main] INFO  ozone.HddsDatanodeService (HddsDatanodeService.java:start(184)) - HddsDatanodeService host:pr-hdds-2199-dnstouuidmap-84vvh-1531155352 ip:192.168.164.195
2019-10-03 19:53:17,962 [Datanode State Machine Thread - 0] INFO  datanode.InitDatanodeState (InitDatanodeState.java:persistContainerDatanodeDetails(140)) - DatanodeDetails is persisted to /workdir/hadoop-ozone/integration-test/target/test-dir/MiniOzoneClusterImpl-1277cde4-a404-4099-88bc-5733a0f2746f/datanode-2/meta/datanode.id
2019-10-03 19:53:17,966 [main] INFO  volume.HddsVolume (HddsVolume.java:<init>(176)) - Creating Volume: /workdir/hadoop-ozone/integration-test/target/test-dir/MiniOzoneClusterImpl-1277cde4-a404-4099-88bc-5733a0f2746f/datanode-3/data/containers/hdds of  storage type : DISK and capacity : 1482555576320
2019-10-03 19:53:17,967 [main] INFO  volume.VolumeSet (VolumeSet.java:initializeVolumeSet(170)) - Added Volume : /workdir/hadoop-ozone/integration-test/target/test-dir/MiniOzoneClusterImpl-1277cde4-a404-4099-88bc-5733a0f2746f/datanode-3/data/containers/hdds to VolumeSet
2019-10-03 19:53:17,967 [main] INFO  volume.ThrottledAsyncChecker (ThrottledAsyncChecker.java:schedule(139)) - Scheduling a check for org.apache.hadoop.ozone.container.common.volume.HddsVolume@34279b8a
2019-10-03 19:53:17,967 [main] INFO  volume.HddsVolumeChecker (HddsVolumeChecker.java:checkAllVolumes(202)) - Scheduled health check for volume org.apache.hadoop.ozone.container.common.volume.HddsVolume@34279b8a
2019-10-03 19:53:17,981 [main] INFO  impl.RaftServerProxy (ConfUtils.java:logGet(43)) - raft.rpc.type = GRPC (default)
2019-10-03 19:53:17,981 [main] INFO  grpc.GrpcFactory (GrpcFactory.java:checkPooledByteBufAllocatorUseCacheForAllThreads(45)) - PERFORMANCE WARNING: useCacheForAllThreads is true that may cause Netty to create a lot garbage objects and, as a result, trigger GC.
	It is recommended to disable useCacheForAllThreads by setting -Dorg.apache.ratis.thirdparty.io.netty.allocator.useCacheForAllThreads=false in command line.
2019-10-03 19:53:17,981 [main] INFO  grpc.GrpcConfigKeys$Server (ConfUtils.java:logGet(43)) - raft.grpc.server.port = 0 (default)
2019-10-03 19:53:17,981 [main] INFO  server.GrpcService (ConfUtils.java:logGet(43)) - raft.grpc.message.size.max = 33570816 (custom)
2019-10-03 19:53:17,981 [main] INFO  server.RaftServerConfigKeys (ConfUtils.java:logGet(43)) - raft.server.log.appender.buffer.byte-limit = 33554432 (custom)
2019-10-03 19:53:17,981 [main] INFO  server.GrpcService (ConfUtils.java:logGet(43)) - raft.grpc.flow.control.window = 1MB (=1048576) (default)
2019-10-03 19:53:17,982 [main] INFO  server.RaftServerConfigKeys (ConfUtils.java:logGet(43)) - raft.server.rpc.request.timeout = 3000ms (default)
2019-10-03 19:53:17,982 [main] INFO  server.RaftServerConfigKeys (ConfUtils.java:logGet(43)) - raft.server.storage.dir = [/workdir/hadoop-ozone/integration-test/target/test-dir/MiniOzoneClusterImpl-1277cde4-a404-4099-88bc-5733a0f2746f/datanode-3/data/ratis] (custom)
2019-10-03 19:53:17,983 [main] INFO  hdfs.DFSUtil (DFSUtil.java:httpServerTemplateForNNAndJN(1641)) - Starting Web-server for hddsDatanode at: http://0.0.0.0:0
2019-10-03 19:53:17,984 [main] INFO  server.AuthenticationFilter (AuthenticationFilter.java:constructSecretProvider(240)) - Unable to initialize FileSignerSecretProvider, falling back to use random secrets.
2019-10-03 19:53:17,984 [main] WARN  http.HttpRequestLog (HttpRequestLog.java:getRequestLog(97)) - Jetty request log can only be enabled using Log4j
2019-10-03 19:53:17,986 [main] INFO  http.HttpServer2 (HttpServer2.java:addGlobalFilter(975)) - Added global filter 'safety' (class=org.apache.hadoop.http.HttpServer2$QuotingInputFilter)
2019-10-03 19:53:17,986 [main] INFO  http.HttpServer2 (HttpServer2.java:addFilter(948)) - Added filter static_user_filter (class=org.apache.hadoop.http.lib.StaticUserWebFilter$StaticUserFilter) to context hddsDatanode
2019-10-03 19:53:17,986 [main] INFO  http.HttpServer2 (HttpServer2.java:addFilter(958)) - Added filter static_user_filter (class=org.apache.hadoop.http.lib.StaticUserWebFilter$StaticUserFilter) to context static
2019-10-03 19:53:17,986 [main] INFO  http.HttpServer2 (HttpServer2.java:addFilter(958)) - Added filter static_user_filter (class=org.apache.hadoop.http.lib.StaticUserWebFilter$StaticUserFilter) to context logs
2019-10-03 19:53:17,987 [main] INFO  http.HttpServer2 (HttpServer2.java:bindListener(1191)) - Jetty bound to port 35677
2019-10-03 19:53:17,987 [main] INFO  server.Server (Server.java:doStart(351)) - jetty-9.3.25.v20180904, build timestamp: 2018-09-04T21:11:46Z, git hash: 3ce520221d0240229c862b122d2b06c12a625732
2019-10-03 19:53:17,988 [main] INFO  handler.ContextHandler (ContextHandler.java:doStart(781)) - Started o.e.j.s.ServletContextHandler@69a40b3c{/logs,file:///workdir/hadoop-ozone/integration-test/target/log,AVAILABLE}
2019-10-03 19:53:17,989 [main] INFO  handler.ContextHandler (ContextHandler.java:doStart(781)) - Started o.e.j.s.ServletContextHandler@6629643d{/static,jar:file:/home/user/.m2/repository/org/apache/hadoop/hadoop-hdds-container-service/0.5.0-SNAPSHOT/hadoop-hdds-container-service-0.5.0-SNAPSHOT.jar!/webapps/static,AVAILABLE}
2019-10-03 19:53:18,016 [main] INFO  handler.ContextHandler (ContextHandler.java:doStart(781)) - Started o.e.j.w.WebAppContext@2725ca05{/,file:///tmp/jetty-0.0.0.0-35677-hddsDatanode-_-any-2129599382963764520.dir/webapp/,AVAILABLE}{/hddsDatanode}
2019-10-03 19:53:18,016 [main] INFO  server.AbstractConnector (AbstractConnector.java:doStart(278)) - Started ServerConnector@7b9088f2{HTTP/1.1,[http/1.1]}{0.0.0.0:35677}
2019-10-03 19:53:18,018 [main] INFO  server.Server (Server.java:doStart(419)) - Started @232733ms
2019-10-03 19:53:18,018 [main] WARN  impl.MetricsSystemImpl (MetricsSystemImpl.java:register(276)) - Sink prometheus already exists!
2019-10-03 19:53:18,018 [main] INFO  server.BaseHttpServer (BaseHttpServer.java:updateConnectorAddress(215)) - HTTP server of HDDSDATANODE is listening at http://0.0.0.0:35677
2019-10-03 19:53:18,019 [main] INFO  impl.MetricsSystemImpl (MetricsSystemImpl.java:init(158)) - HddsDatanode metrics system started (again)
2019-10-03 19:53:18,023 [org.apache.hadoop.util.JvmPauseMonitor$Monitor@7ac821be] INFO  util.JvmPauseMonitor (JvmPauseMonitor.java:run(188)) - Starting JVM pause monitor
2019-10-03 19:53:18,024 [main] INFO  ozone.HddsDatanodeService (HddsDatanodeService.java:start(184)) - HddsDatanodeService host:pr-hdds-2199-dnstouuidmap-84vvh-1531155352 ip:192.168.164.195
2019-10-03 19:53:18,024 [Datanode State Machine Thread - 0] INFO  datanode.InitDatanodeState (InitDatanodeState.java:persistContainerDatanodeDetails(140)) - DatanodeDetails is persisted to /workdir/hadoop-ozone/integration-test/target/test-dir/MiniOzoneClusterImpl-1277cde4-a404-4099-88bc-5733a0f2746f/datanode-3/meta/datanode.id
2019-10-03 19:53:18,029 [main] INFO  volume.HddsVolume (HddsVolume.java:<init>(176)) - Creating Volume: /workdir/hadoop-ozone/integration-test/target/test-dir/MiniOzoneClusterImpl-1277cde4-a404-4099-88bc-5733a0f2746f/datanode-4/data/containers/hdds of  storage type : DISK and capacity : 1482555576320
2019-10-03 19:53:18,030 [main] INFO  volume.VolumeSet (VolumeSet.java:initializeVolumeSet(170)) - Added Volume : /workdir/hadoop-ozone/integration-test/target/test-dir/MiniOzoneClusterImpl-1277cde4-a404-4099-88bc-5733a0f2746f/datanode-4/data/containers/hdds to VolumeSet
2019-10-03 19:53:18,030 [main] INFO  volume.ThrottledAsyncChecker (ThrottledAsyncChecker.java:schedule(139)) - Scheduling a check for org.apache.hadoop.ozone.container.common.volume.HddsVolume@6ac45c0c
2019-10-03 19:53:18,030 [main] INFO  volume.HddsVolumeChecker (HddsVolumeChecker.java:checkAllVolumes(202)) - Scheduled health check for volume org.apache.hadoop.ozone.container.common.volume.HddsVolume@6ac45c0c
2019-10-03 19:53:18,044 [main] INFO  impl.RaftServerProxy (ConfUtils.java:logGet(43)) - raft.rpc.type = GRPC (default)
2019-10-03 19:53:18,044 [main] INFO  grpc.GrpcFactory (GrpcFactory.java:checkPooledByteBufAllocatorUseCacheForAllThreads(45)) - PERFORMANCE WARNING: useCacheForAllThreads is true that may cause Netty to create a lot garbage objects and, as a result, trigger GC.
	It is recommended to disable useCacheForAllThreads by setting -Dorg.apache.ratis.thirdparty.io.netty.allocator.useCacheForAllThreads=false in command line.
2019-10-03 19:53:18,044 [main] INFO  grpc.GrpcConfigKeys$Server (ConfUtils.java:logGet(43)) - raft.grpc.server.port = 0 (default)
2019-10-03 19:53:18,044 [main] INFO  server.GrpcService (ConfUtils.java:logGet(43)) - raft.grpc.message.size.max = 33570816 (custom)
2019-10-03 19:53:18,045 [main] INFO  server.RaftServerConfigKeys (ConfUtils.java:logGet(43)) - raft.server.log.appender.buffer.byte-limit = 33554432 (custom)
2019-10-03 19:53:18,045 [main] INFO  server.GrpcService (ConfUtils.java:logGet(43)) - raft.grpc.flow.control.window = 1MB (=1048576) (default)
2019-10-03 19:53:18,045 [main] INFO  server.RaftServerConfigKeys (ConfUtils.java:logGet(43)) - raft.server.rpc.request.timeout = 3000ms (default)
2019-10-03 19:53:18,045 [main] INFO  server.RaftServerConfigKeys (ConfUtils.java:logGet(43)) - raft.server.storage.dir = [/workdir/hadoop-ozone/integration-test/target/test-dir/MiniOzoneClusterImpl-1277cde4-a404-4099-88bc-5733a0f2746f/datanode-4/data/ratis] (custom)
2019-10-03 19:53:18,046 [main] INFO  hdfs.DFSUtil (DFSUtil.java:httpServerTemplateForNNAndJN(1641)) - Starting Web-server for hddsDatanode at: http://0.0.0.0:0
2019-10-03 19:53:18,048 [main] INFO  server.AuthenticationFilter (AuthenticationFilter.java:constructSecretProvider(240)) - Unable to initialize FileSignerSecretProvider, falling back to use random secrets.
2019-10-03 19:53:18,048 [main] WARN  http.HttpRequestLog (HttpRequestLog.java:getRequestLog(97)) - Jetty request log can only be enabled using Log4j
2019-10-03 19:53:18,049 [main] INFO  http.HttpServer2 (HttpServer2.java:addGlobalFilter(975)) - Added global filter 'safety' (class=org.apache.hadoop.http.HttpServer2$QuotingInputFilter)
2019-10-03 19:53:18,050 [main] INFO  http.HttpServer2 (HttpServer2.java:addFilter(948)) - Added filter static_user_filter (class=org.apache.hadoop.http.lib.StaticUserWebFilter$StaticUserFilter) to context hddsDatanode
2019-10-03 19:53:18,050 [main] INFO  http.HttpServer2 (HttpServer2.java:addFilter(958)) - Added filter static_user_filter (class=org.apache.hadoop.http.lib.StaticUserWebFilter$StaticUserFilter) to context logs
2019-10-03 19:53:18,050 [main] INFO  http.HttpServer2 (HttpServer2.java:addFilter(958)) - Added filter static_user_filter (class=org.apache.hadoop.http.lib.StaticUserWebFilter$StaticUserFilter) to context static
2019-10-03 19:53:18,051 [main] INFO  http.HttpServer2 (HttpServer2.java:bindListener(1191)) - Jetty bound to port 40173
2019-10-03 19:53:18,051 [main] INFO  server.Server (Server.java:doStart(351)) - jetty-9.3.25.v20180904, build timestamp: 2018-09-04T21:11:46Z, git hash: 3ce520221d0240229c862b122d2b06c12a625732
2019-10-03 19:53:18,052 [main] INFO  handler.ContextHandler (ContextHandler.java:doStart(781)) - Started o.e.j.s.ServletContextHandler@7d59e968{/logs,file:///workdir/hadoop-ozone/integration-test/target/log,AVAILABLE}
2019-10-03 19:53:18,053 [main] INFO  handler.ContextHandler (ContextHandler.java:doStart(781)) - Started o.e.j.s.ServletContextHandler@581c9bb7{/static,jar:file:/home/user/.m2/repository/org/apache/hadoop/hadoop-hdds-container-service/0.5.0-SNAPSHOT/hadoop-hdds-container-service-0.5.0-SNAPSHOT.jar!/webapps/static,AVAILABLE}
2019-10-03 19:53:18,081 [main] INFO  handler.ContextHandler (ContextHandler.java:doStart(781)) - Started o.e.j.w.WebAppContext@28b8f98a{/,file:///tmp/jetty-0.0.0.0-40173-hddsDatanode-_-any-2718756048797829682.dir/webapp/,AVAILABLE}{/hddsDatanode}
2019-10-03 19:53:18,081 [main] INFO  server.AbstractConnector (AbstractConnector.java:doStart(278)) - Started ServerConnector@3b4ef59f{HTTP/1.1,[http/1.1]}{0.0.0.0:40173}
2019-10-03 19:53:18,083 [main] INFO  server.Server (Server.java:doStart(419)) - Started @232799ms
2019-10-03 19:53:18,083 [main] WARN  impl.MetricsSystemImpl (MetricsSystemImpl.java:register(276)) - Sink prometheus already exists!
2019-10-03 19:53:18,084 [main] INFO  server.BaseHttpServer (BaseHttpServer.java:updateConnectorAddress(215)) - HTTP server of HDDSDATANODE is listening at http://0.0.0.0:40173
2019-10-03 19:53:18,084 [main] INFO  impl.MetricsSystemImpl (MetricsSystemImpl.java:init(158)) - HddsDatanode metrics system started (again)
2019-10-03 19:53:18,089 [org.apache.hadoop.util.JvmPauseMonitor$Monitor@6c14f557] INFO  util.JvmPauseMonitor (JvmPauseMonitor.java:run(188)) - Starting JVM pause monitor
2019-10-03 19:53:18,090 [main] INFO  ozone.HddsDatanodeService (HddsDatanodeService.java:start(184)) - HddsDatanodeService host:pr-hdds-2199-dnstouuidmap-84vvh-1531155352 ip:192.168.164.195
2019-10-03 19:53:18,090 [Datanode State Machine Thread - 0] INFO  datanode.InitDatanodeState (InitDatanodeState.java:persistContainerDatanodeDetails(140)) - DatanodeDetails is persisted to /workdir/hadoop-ozone/integration-test/target/test-dir/MiniOzoneClusterImpl-1277cde4-a404-4099-88bc-5733a0f2746f/datanode-4/meta/datanode.id
2019-10-03 19:53:18,095 [main] INFO  volume.HddsVolume (HddsVolume.java:<init>(176)) - Creating Volume: /workdir/hadoop-ozone/integration-test/target/test-dir/MiniOzoneClusterImpl-1277cde4-a404-4099-88bc-5733a0f2746f/datanode-5/data/containers/hdds of  storage type : DISK and capacity : 1482555576320
2019-10-03 19:53:18,095 [main] INFO  volume.VolumeSet (VolumeSet.java:initializeVolumeSet(170)) - Added Volume : /workdir/hadoop-ozone/integration-test/target/test-dir/MiniOzoneClusterImpl-1277cde4-a404-4099-88bc-5733a0f2746f/datanode-5/data/containers/hdds to VolumeSet
2019-10-03 19:53:18,096 [main] INFO  volume.ThrottledAsyncChecker (ThrottledAsyncChecker.java:schedule(139)) - Scheduling a check for org.apache.hadoop.ozone.container.common.volume.HddsVolume@5eb87338
2019-10-03 19:53:18,096 [main] INFO  volume.HddsVolumeChecker (HddsVolumeChecker.java:checkAllVolumes(202)) - Scheduled health check for volume org.apache.hadoop.ozone.container.common.volume.HddsVolume@5eb87338
2019-10-03 19:53:18,109 [main] INFO  impl.RaftServerProxy (ConfUtils.java:logGet(43)) - raft.rpc.type = GRPC (default)
2019-10-03 19:53:18,109 [main] INFO  grpc.GrpcFactory (GrpcFactory.java:checkPooledByteBufAllocatorUseCacheForAllThreads(45)) - PERFORMANCE WARNING: useCacheForAllThreads is true that may cause Netty to create a lot garbage objects and, as a result, trigger GC.
	It is recommended to disable useCacheForAllThreads by setting -Dorg.apache.ratis.thirdparty.io.netty.allocator.useCacheForAllThreads=false in command line.
2019-10-03 19:53:18,109 [main] INFO  grpc.GrpcConfigKeys$Server (ConfUtils.java:logGet(43)) - raft.grpc.server.port = 0 (default)
2019-10-03 19:53:18,110 [main] INFO  server.GrpcService (ConfUtils.java:logGet(43)) - raft.grpc.message.size.max = 33570816 (custom)
2019-10-03 19:53:18,110 [main] INFO  server.RaftServerConfigKeys (ConfUtils.java:logGet(43)) - raft.server.log.appender.buffer.byte-limit = 33554432 (custom)
2019-10-03 19:53:18,110 [main] INFO  server.GrpcService (ConfUtils.java:logGet(43)) - raft.grpc.flow.control.window = 1MB (=1048576) (default)
2019-10-03 19:53:18,110 [main] INFO  server.RaftServerConfigKeys (ConfUtils.java:logGet(43)) - raft.server.rpc.request.timeout = 3000ms (default)
2019-10-03 19:53:18,110 [main] INFO  server.RaftServerConfigKeys (ConfUtils.java:logGet(43)) - raft.server.storage.dir = [/workdir/hadoop-ozone/integration-test/target/test-dir/MiniOzoneClusterImpl-1277cde4-a404-4099-88bc-5733a0f2746f/datanode-5/data/ratis] (custom)
2019-10-03 19:53:18,111 [main] INFO  hdfs.DFSUtil (DFSUtil.java:httpServerTemplateForNNAndJN(1641)) - Starting Web-server for hddsDatanode at: http://0.0.0.0:0
2019-10-03 19:53:18,113 [main] INFO  server.AuthenticationFilter (AuthenticationFilter.java:constructSecretProvider(240)) - Unable to initialize FileSignerSecretProvider, falling back to use random secrets.
2019-10-03 19:53:18,113 [main] WARN  http.HttpRequestLog (HttpRequestLog.java:getRequestLog(97)) - Jetty request log can only be enabled using Log4j
2019-10-03 19:53:18,114 [main] INFO  http.HttpServer2 (HttpServer2.java:addGlobalFilter(975)) - Added global filter 'safety' (class=org.apache.hadoop.http.HttpServer2$QuotingInputFilter)
2019-10-03 19:53:18,115 [main] INFO  http.HttpServer2 (HttpServer2.java:addFilter(948)) - Added filter static_user_filter (class=org.apache.hadoop.http.lib.StaticUserWebFilter$StaticUserFilter) to context hddsDatanode
2019-10-03 19:53:18,115 [main] INFO  http.HttpServer2 (HttpServer2.java:addFilter(958)) - Added filter static_user_filter (class=org.apache.hadoop.http.lib.StaticUserWebFilter$StaticUserFilter) to context static
2019-10-03 19:53:18,115 [main] INFO  http.HttpServer2 (HttpServer2.java:addFilter(958)) - Added filter static_user_filter (class=org.apache.hadoop.http.lib.StaticUserWebFilter$StaticUserFilter) to context logs
2019-10-03 19:53:18,116 [main] INFO  http.HttpServer2 (HttpServer2.java:bindListener(1191)) - Jetty bound to port 35133
2019-10-03 19:53:18,116 [main] INFO  server.Server (Server.java:doStart(351)) - jetty-9.3.25.v20180904, build timestamp: 2018-09-04T21:11:46Z, git hash: 3ce520221d0240229c862b122d2b06c12a625732
2019-10-03 19:53:18,117 [main] INFO  handler.ContextHandler (ContextHandler.java:doStart(781)) - Started o.e.j.s.ServletContextHandler@5b8853{/logs,file:///workdir/hadoop-ozone/integration-test/target/log,AVAILABLE}
2019-10-03 19:53:18,118 [main] INFO  handler.ContextHandler (ContextHandler.java:doStart(781)) - Started o.e.j.s.ServletContextHandler@5d1bdd4a{/static,jar:file:/home/user/.m2/repository/org/apache/hadoop/hadoop-hdds-container-service/0.5.0-SNAPSHOT/hadoop-hdds-container-service-0.5.0-SNAPSHOT.jar!/webapps/static,AVAILABLE}
2019-10-03 19:53:18,155 [main] INFO  handler.ContextHandler (ContextHandler.java:doStart(781)) - Started o.e.j.w.WebAppContext@7a606260{/,file:///tmp/jetty-0.0.0.0-35133-hddsDatanode-_-any-5720240350231408791.dir/webapp/,AVAILABLE}{/hddsDatanode}
2019-10-03 19:53:18,156 [main] INFO  server.AbstractConnector (AbstractConnector.java:doStart(278)) - Started ServerConnector@5dbab232{HTTP/1.1,[http/1.1]}{0.0.0.0:35133}
2019-10-03 19:53:18,157 [main] INFO  server.Server (Server.java:doStart(419)) - Started @232873ms
2019-10-03 19:53:18,157 [main] WARN  impl.MetricsSystemImpl (MetricsSystemImpl.java:register(276)) - Sink prometheus already exists!
2019-10-03 19:53:18,158 [main] INFO  server.BaseHttpServer (BaseHttpServer.java:updateConnectorAddress(215)) - HTTP server of HDDSDATANODE is listening at http://0.0.0.0:35133
2019-10-03 19:53:18,158 [main] INFO  impl.MetricsSystemImpl (MetricsSystemImpl.java:init(158)) - HddsDatanode metrics system started (again)
2019-10-03 19:53:18,165 [main] INFO  ozone.HddsDatanodeService (HddsDatanodeService.java:start(184)) - HddsDatanodeService host:pr-hdds-2199-dnstouuidmap-84vvh-1531155352 ip:192.168.164.195
2019-10-03 19:53:18,166 [org.apache.hadoop.util.JvmPauseMonitor$Monitor@28271851] INFO  util.JvmPauseMonitor (JvmPauseMonitor.java:run(188)) - Starting JVM pause monitor
2019-10-03 19:53:18,168 [Datanode State Machine Thread - 0] INFO  datanode.InitDatanodeState (InitDatanodeState.java:persistContainerDatanodeDetails(140)) - DatanodeDetails is persisted to /workdir/hadoop-ozone/integration-test/target/test-dir/MiniOzoneClusterImpl-1277cde4-a404-4099-88bc-5733a0f2746f/datanode-5/meta/datanode.id
2019-10-03 19:53:18,172 [main] INFO  volume.HddsVolume (HddsVolume.java:<init>(176)) - Creating Volume: /workdir/hadoop-ozone/integration-test/target/test-dir/MiniOzoneClusterImpl-1277cde4-a404-4099-88bc-5733a0f2746f/datanode-6/data/containers/hdds of  storage type : DISK and capacity : 1482555576320
2019-10-03 19:53:18,172 [main] INFO  volume.VolumeSet (VolumeSet.java:initializeVolumeSet(170)) - Added Volume : /workdir/hadoop-ozone/integration-test/target/test-dir/MiniOzoneClusterImpl-1277cde4-a404-4099-88bc-5733a0f2746f/datanode-6/data/containers/hdds to VolumeSet
2019-10-03 19:53:18,172 [main] INFO  volume.ThrottledAsyncChecker (ThrottledAsyncChecker.java:schedule(139)) - Scheduling a check for org.apache.hadoop.ozone.container.common.volume.HddsVolume@6486fe7b
2019-10-03 19:53:18,173 [main] INFO  volume.HddsVolumeChecker (HddsVolumeChecker.java:checkAllVolumes(202)) - Scheduled health check for volume org.apache.hadoop.ozone.container.common.volume.HddsVolume@6486fe7b
2019-10-03 19:53:18,186 [main] INFO  impl.RaftServerProxy (ConfUtils.java:logGet(43)) - raft.rpc.type = GRPC (default)
2019-10-03 19:53:18,186 [main] INFO  grpc.GrpcFactory (GrpcFactory.java:checkPooledByteBufAllocatorUseCacheForAllThreads(45)) - PERFORMANCE WARNING: useCacheForAllThreads is true that may cause Netty to create a lot garbage objects and, as a result, trigger GC.
	It is recommended to disable useCacheForAllThreads by setting -Dorg.apache.ratis.thirdparty.io.netty.allocator.useCacheForAllThreads=false in command line.
2019-10-03 19:53:18,186 [main] INFO  grpc.GrpcConfigKeys$Server (ConfUtils.java:logGet(43)) - raft.grpc.server.port = 0 (default)
2019-10-03 19:53:18,186 [main] INFO  server.GrpcService (ConfUtils.java:logGet(43)) - raft.grpc.message.size.max = 33570816 (custom)
2019-10-03 19:53:18,186 [main] INFO  server.RaftServerConfigKeys (ConfUtils.java:logGet(43)) - raft.server.log.appender.buffer.byte-limit = 33554432 (custom)
2019-10-03 19:53:18,187 [main] INFO  server.GrpcService (ConfUtils.java:logGet(43)) - raft.grpc.flow.control.window = 1MB (=1048576) (default)
2019-10-03 19:53:18,187 [main] INFO  server.RaftServerConfigKeys (ConfUtils.java:logGet(43)) - raft.server.rpc.request.timeout = 3000ms (default)
2019-10-03 19:53:18,187 [main] INFO  server.RaftServerConfigKeys (ConfUtils.java:logGet(43)) - raft.server.storage.dir = [/workdir/hadoop-ozone/integration-test/target/test-dir/MiniOzoneClusterImpl-1277cde4-a404-4099-88bc-5733a0f2746f/datanode-6/data/ratis] (custom)
2019-10-03 19:53:18,188 [main] INFO  hdfs.DFSUtil (DFSUtil.java:httpServerTemplateForNNAndJN(1641)) - Starting Web-server for hddsDatanode at: http://0.0.0.0:0
2019-10-03 19:53:18,189 [main] INFO  server.AuthenticationFilter (AuthenticationFilter.java:constructSecretProvider(240)) - Unable to initialize FileSignerSecretProvider, falling back to use random secrets.
2019-10-03 19:53:18,189 [main] WARN  http.HttpRequestLog (HttpRequestLog.java:getRequestLog(97)) - Jetty request log can only be enabled using Log4j
2019-10-03 19:53:18,191 [main] INFO  http.HttpServer2 (HttpServer2.java:addGlobalFilter(975)) - Added global filter 'safety' (class=org.apache.hadoop.http.HttpServer2$QuotingInputFilter)
2019-10-03 19:53:18,191 [main] INFO  http.HttpServer2 (HttpServer2.java:addFilter(948)) - Added filter static_user_filter (class=org.apache.hadoop.http.lib.StaticUserWebFilter$StaticUserFilter) to context hddsDatanode
2019-10-03 19:53:18,191 [main] INFO  http.HttpServer2 (HttpServer2.java:addFilter(958)) - Added filter static_user_filter (class=org.apache.hadoop.http.lib.StaticUserWebFilter$StaticUserFilter) to context logs
2019-10-03 19:53:18,191 [main] INFO  http.HttpServer2 (HttpServer2.java:addFilter(958)) - Added filter static_user_filter (class=org.apache.hadoop.http.lib.StaticUserWebFilter$StaticUserFilter) to context static
2019-10-03 19:53:18,192 [main] INFO  http.HttpServer2 (HttpServer2.java:bindListener(1191)) - Jetty bound to port 44651
2019-10-03 19:53:18,192 [main] INFO  server.Server (Server.java:doStart(351)) - jetty-9.3.25.v20180904, build timestamp: 2018-09-04T21:11:46Z, git hash: 3ce520221d0240229c862b122d2b06c12a625732
2019-10-03 19:53:18,194 [main] INFO  handler.ContextHandler (ContextHandler.java:doStart(781)) - Started o.e.j.s.ServletContextHandler@72a8361b{/logs,file:///workdir/hadoop-ozone/integration-test/target/log,AVAILABLE}
2019-10-03 19:53:18,194 [main] INFO  handler.ContextHandler (ContextHandler.java:doStart(781)) - Started o.e.j.s.ServletContextHandler@c48b543{/static,jar:file:/home/user/.m2/repository/org/apache/hadoop/hadoop-hdds-container-service/0.5.0-SNAPSHOT/hadoop-hdds-container-service-0.5.0-SNAPSHOT.jar!/webapps/static,AVAILABLE}
2019-10-03 19:53:18,233 [main] INFO  handler.ContextHandler (ContextHandler.java:doStart(781)) - Started o.e.j.w.WebAppContext@3a788fe0{/,file:///tmp/jetty-0.0.0.0-44651-hddsDatanode-_-any-3716845671792733345.dir/webapp/,AVAILABLE}{/hddsDatanode}
2019-10-03 19:53:18,233 [main] INFO  server.AbstractConnector (AbstractConnector.java:doStart(278)) - Started ServerConnector@430df350{HTTP/1.1,[http/1.1]}{0.0.0.0:44651}
2019-10-03 19:53:18,236 [main] INFO  server.Server (Server.java:doStart(419)) - Started @232951ms
2019-10-03 19:53:18,236 [main] WARN  impl.MetricsSystemImpl (MetricsSystemImpl.java:register(276)) - Sink prometheus already exists!
2019-10-03 19:53:18,236 [main] INFO  server.BaseHttpServer (BaseHttpServer.java:updateConnectorAddress(215)) - HTTP server of HDDSDATANODE is listening at http://0.0.0.0:44651
2019-10-03 19:53:18,237 [main] INFO  ozone.MiniOzoneClusterImpl (MiniOzoneClusterImpl.java:lambda$waitForClusterToBeReady$0(147)) - Waiting for cluster to be ready. Got 0 of 7 DN Heartbeats.
2019-10-03 19:53:18,237 [org.apache.hadoop.util.JvmPauseMonitor$Monitor@65bf9fa2] INFO  util.JvmPauseMonitor (JvmPauseMonitor.java:run(188)) - Starting JVM pause monitor
2019-10-03 19:53:18,238 [Datanode State Machine Thread - 0] INFO  datanode.InitDatanodeState (InitDatanodeState.java:persistContainerDatanodeDetails(140)) - DatanodeDetails is persisted to /workdir/hadoop-ozone/integration-test/target/test-dir/MiniOzoneClusterImpl-1277cde4-a404-4099-88bc-5733a0f2746f/datanode-6/meta/datanode.id
2019-10-03 19:53:19,237 [main] INFO  ozone.MiniOzoneClusterImpl (MiniOzoneClusterImpl.java:lambda$waitForClusterToBeReady$0(147)) - Waiting for cluster to be ready. Got 0 of 7 DN Heartbeats.
2019-10-03 19:53:19,886 [Datanode State Machine Thread - 0] INFO  ozoneimpl.OzoneContainer (OzoneContainer.java:start(217)) - Attempting to start container services.
2019-10-03 19:53:19,887 [Datanode State Machine Thread - 0] INFO  ozoneimpl.OzoneContainer (OzoneContainer.java:startContainerScrub(179)) - Background container scanner has been disabled.
2019-10-03 19:53:19,887 [Datanode State Machine Thread - 0] INFO  ratis.XceiverServerRatis (XceiverServerRatis.java:start(417)) - Starting XceiverServerRatis 1da3039e-9ddf-46d7-b590-0485b646c749 at port 0
2019-10-03 19:53:19,894 [Datanode State Machine Thread - 0] INFO  impl.RaftServerProxy (RaftServerProxy.java:lambda$start$3(299)) - 1da3039e-9ddf-46d7-b590-0485b646c749: start RPC server
2019-10-03 19:53:19,895 [Datanode State Machine Thread - 0] INFO  server.GrpcService (GrpcService.java:startImpl(158)) - 1da3039e-9ddf-46d7-b590-0485b646c749: GrpcService started, listening on 0.0.0.0/0.0.0.0:37963
2019-10-03 19:53:19,896 [Datanode State Machine Thread - 0] INFO  ratis.XceiverServerRatis (XceiverServerRatis.java:start(427)) - XceiverServerRatis 1da3039e-9ddf-46d7-b590-0485b646c749 is started using port 37963
2019-10-03 19:53:19,896 [Datanode State Machine Thread - 0] INFO  server.XceiverServerGrpc (XceiverServerGrpc.java:start(149)) - XceiverServerGrpc 1da3039e-9ddf-46d7-b590-0485b646c749 is started using port 34787
2019-10-03 19:53:19,915 [Datanode State Machine Thread - 0] INFO  ozoneimpl.OzoneContainer (OzoneContainer.java:start(217)) - Attempting to start container services.
2019-10-03 19:53:19,915 [Datanode State Machine Thread - 0] INFO  ozoneimpl.OzoneContainer (OzoneContainer.java:startContainerScrub(179)) - Background container scanner has been disabled.
2019-10-03 19:53:19,915 [Datanode State Machine Thread - 0] INFO  ratis.XceiverServerRatis (XceiverServerRatis.java:start(417)) - Starting XceiverServerRatis ec68cd31-786a-4caa-9bbb-4f7512a61922 at port 0
2019-10-03 19:53:19,921 [Datanode State Machine Thread - 0] INFO  impl.RaftServerProxy (RaftServerProxy.java:lambda$start$3(299)) - ec68cd31-786a-4caa-9bbb-4f7512a61922: start RPC server
2019-10-03 19:53:19,921 [Datanode State Machine Thread - 0] INFO  server.GrpcService (GrpcService.java:startImpl(158)) - ec68cd31-786a-4caa-9bbb-4f7512a61922: GrpcService started, listening on 0.0.0.0/0.0.0.0:34756
2019-10-03 19:53:19,921 [Datanode State Machine Thread - 0] INFO  ratis.XceiverServerRatis (XceiverServerRatis.java:start(427)) - XceiverServerRatis ec68cd31-786a-4caa-9bbb-4f7512a61922 is started using port 34756
2019-10-03 19:53:19,922 [Datanode State Machine Thread - 0] INFO  server.XceiverServerGrpc (XceiverServerGrpc.java:start(149)) - XceiverServerGrpc ec68cd31-786a-4caa-9bbb-4f7512a61922 is started using port 41349
2019-10-03 19:53:19,976 [Datanode State Machine Thread - 0] INFO  ozoneimpl.OzoneContainer (OzoneContainer.java:start(217)) - Attempting to start container services.
2019-10-03 19:53:19,976 [Datanode State Machine Thread - 0] INFO  ozoneimpl.OzoneContainer (OzoneContainer.java:startContainerScrub(179)) - Background container scanner has been disabled.
2019-10-03 19:53:19,976 [Datanode State Machine Thread - 0] INFO  ratis.XceiverServerRatis (XceiverServerRatis.java:start(417)) - Starting XceiverServerRatis 8a3381ef-363a-4b22-9139-8be250b93f9a at port 0
2019-10-03 19:53:19,983 [Datanode State Machine Thread - 0] INFO  impl.RaftServerProxy (RaftServerProxy.java:lambda$start$3(299)) - 8a3381ef-363a-4b22-9139-8be250b93f9a: start RPC server
2019-10-03 19:53:19,984 [Datanode State Machine Thread - 0] INFO  server.GrpcService (GrpcService.java:startImpl(158)) - 8a3381ef-363a-4b22-9139-8be250b93f9a: GrpcService started, listening on 0.0.0.0/0.0.0.0:46598
2019-10-03 19:53:19,984 [Datanode State Machine Thread - 0] INFO  ratis.XceiverServerRatis (XceiverServerRatis.java:start(427)) - XceiverServerRatis 8a3381ef-363a-4b22-9139-8be250b93f9a is started using port 46598
2019-10-03 19:53:19,985 [Datanode State Machine Thread - 0] INFO  server.XceiverServerGrpc (XceiverServerGrpc.java:start(149)) - XceiverServerGrpc 8a3381ef-363a-4b22-9139-8be250b93f9a is started using port 35813
2019-10-03 19:53:20,036 [Datanode State Machine Thread - 0] INFO  ozoneimpl.OzoneContainer (OzoneContainer.java:start(217)) - Attempting to start container services.
2019-10-03 19:53:20,036 [Datanode State Machine Thread - 0] INFO  ozoneimpl.OzoneContainer (OzoneContainer.java:startContainerScrub(179)) - Background container scanner has been disabled.
2019-10-03 19:53:20,036 [Datanode State Machine Thread - 0] INFO  ratis.XceiverServerRatis (XceiverServerRatis.java:start(417)) - Starting XceiverServerRatis 092cf0d2-5d64-4f0a-81f7-c3af7735fcdb at port 0
2019-10-03 19:53:20,043 [Datanode State Machine Thread - 0] INFO  impl.RaftServerProxy (RaftServerProxy.java:lambda$start$3(299)) - 092cf0d2-5d64-4f0a-81f7-c3af7735fcdb: start RPC server
2019-10-03 19:53:20,043 [Datanode State Machine Thread - 0] INFO  server.GrpcService (GrpcService.java:startImpl(158)) - 092cf0d2-5d64-4f0a-81f7-c3af7735fcdb: GrpcService started, listening on 0.0.0.0/0.0.0.0:35706
2019-10-03 19:53:20,043 [Datanode State Machine Thread - 0] INFO  ratis.XceiverServerRatis (XceiverServerRatis.java:start(427)) - XceiverServerRatis 092cf0d2-5d64-4f0a-81f7-c3af7735fcdb is started using port 35706
2019-10-03 19:53:20,044 [Datanode State Machine Thread - 0] INFO  server.XceiverServerGrpc (XceiverServerGrpc.java:start(149)) - XceiverServerGrpc 092cf0d2-5d64-4f0a-81f7-c3af7735fcdb is started using port 35395
2019-10-03 19:53:20,102 [Datanode State Machine Thread - 0] INFO  ozoneimpl.OzoneContainer (OzoneContainer.java:start(217)) - Attempting to start container services.
2019-10-03 19:53:20,103 [Datanode State Machine Thread - 0] INFO  ozoneimpl.OzoneContainer (OzoneContainer.java:startContainerScrub(179)) - Background container scanner has been disabled.
2019-10-03 19:53:20,103 [Datanode State Machine Thread - 0] INFO  ratis.XceiverServerRatis (XceiverServerRatis.java:start(417)) - Starting XceiverServerRatis 4532c6d6-fa2f-4f5c-9ba8-2924db140c1f at port 0
2019-10-03 19:53:20,109 [Datanode State Machine Thread - 0] INFO  impl.RaftServerProxy (RaftServerProxy.java:lambda$start$3(299)) - 4532c6d6-fa2f-4f5c-9ba8-2924db140c1f: start RPC server
2019-10-03 19:53:20,110 [Datanode State Machine Thread - 0] INFO  server.GrpcService (GrpcService.java:startImpl(158)) - 4532c6d6-fa2f-4f5c-9ba8-2924db140c1f: GrpcService started, listening on 0.0.0.0/0.0.0.0:33186
2019-10-03 19:53:20,110 [Datanode State Machine Thread - 0] INFO  ratis.XceiverServerRatis (XceiverServerRatis.java:start(427)) - XceiverServerRatis 4532c6d6-fa2f-4f5c-9ba8-2924db140c1f is started using port 33186
2019-10-03 19:53:20,110 [Datanode State Machine Thread - 0] INFO  server.XceiverServerGrpc (XceiverServerGrpc.java:start(149)) - XceiverServerGrpc 4532c6d6-fa2f-4f5c-9ba8-2924db140c1f is started using port 40966
2019-10-03 19:53:20,193 [Datanode State Machine Thread - 0] INFO  ozoneimpl.OzoneContainer (OzoneContainer.java:start(217)) - Attempting to start container services.
2019-10-03 19:53:20,193 [Datanode State Machine Thread - 0] INFO  ozoneimpl.OzoneContainer (OzoneContainer.java:startContainerScrub(179)) - Background container scanner has been disabled.
2019-10-03 19:53:20,194 [Datanode State Machine Thread - 0] INFO  ratis.XceiverServerRatis (XceiverServerRatis.java:start(417)) - Starting XceiverServerRatis 4a591fa4-3596-4559-9a62-fe29295a4789 at port 0
2019-10-03 19:53:20,199 [Datanode State Machine Thread - 0] INFO  impl.RaftServerProxy (RaftServerProxy.java:lambda$start$3(299)) - 4a591fa4-3596-4559-9a62-fe29295a4789: start RPC server
2019-10-03 19:53:20,200 [Datanode State Machine Thread - 0] INFO  server.GrpcService (GrpcService.java:startImpl(158)) - 4a591fa4-3596-4559-9a62-fe29295a4789: GrpcService started, listening on 0.0.0.0/0.0.0.0:41230
2019-10-03 19:53:20,200 [Datanode State Machine Thread - 0] INFO  ratis.XceiverServerRatis (XceiverServerRatis.java:start(427)) - XceiverServerRatis 4a591fa4-3596-4559-9a62-fe29295a4789 is started using port 41230
2019-10-03 19:53:20,201 [Datanode State Machine Thread - 0] INFO  server.XceiverServerGrpc (XceiverServerGrpc.java:start(149)) - XceiverServerGrpc 4a591fa4-3596-4559-9a62-fe29295a4789 is started using port 33148
2019-10-03 19:53:20,238 [main] INFO  ozone.MiniOzoneClusterImpl (MiniOzoneClusterImpl.java:lambda$waitForClusterToBeReady$0(147)) - Waiting for cluster to be ready. Got 0 of 7 DN Heartbeats.
2019-10-03 19:53:20,251 [Datanode State Machine Thread - 0] INFO  ozoneimpl.OzoneContainer (OzoneContainer.java:start(217)) - Attempting to start container services.
2019-10-03 19:53:20,251 [Datanode State Machine Thread - 0] INFO  ozoneimpl.OzoneContainer (OzoneContainer.java:startContainerScrub(179)) - Background container scanner has been disabled.
2019-10-03 19:53:20,251 [Datanode State Machine Thread - 0] INFO  ratis.XceiverServerRatis (XceiverServerRatis.java:start(417)) - Starting XceiverServerRatis 5b5a13de-9345-4350-b88b-0d1725df0e9f at port 0
2019-10-03 19:53:20,256 [Datanode State Machine Thread - 0] INFO  impl.RaftServerProxy (RaftServerProxy.java:lambda$start$3(299)) - 5b5a13de-9345-4350-b88b-0d1725df0e9f: start RPC server
2019-10-03 19:53:20,257 [Datanode State Machine Thread - 0] INFO  server.GrpcService (GrpcService.java:startImpl(158)) - 5b5a13de-9345-4350-b88b-0d1725df0e9f: GrpcService started, listening on 0.0.0.0/0.0.0.0:35102
2019-10-03 19:53:20,257 [Datanode State Machine Thread - 0] INFO  ratis.XceiverServerRatis (XceiverServerRatis.java:start(427)) - XceiverServerRatis 5b5a13de-9345-4350-b88b-0d1725df0e9f is started using port 35102
2019-10-03 19:53:20,257 [Datanode State Machine Thread - 0] INFO  server.XceiverServerGrpc (XceiverServerGrpc.java:start(149)) - XceiverServerGrpc 5b5a13de-9345-4350-b88b-0d1725df0e9f is started using port 45231
2019-10-03 19:53:21,238 [main] INFO  ozone.MiniOzoneClusterImpl (MiniOzoneClusterImpl.java:lambda$waitForClusterToBeReady$0(147)) - Waiting for cluster to be ready. Got 0 of 7 DN Heartbeats.
2019-10-03 19:53:21,846 [IPC Server handler 3 on 35539] INFO  net.NetworkTopology (NetworkTopologyImpl.java:add(111)) - Added a new node: /default-rack/1da3039e-9ddf-46d7-b590-0485b646c749
2019-10-03 19:53:21,848 [IPC Server handler 3 on 35539] INFO  node.SCMNodeManager (SCMNodeManager.java:register(268)) - Registered Data node : 1da3039e-9ddf-46d7-b590-0485b646c749{ip: 192.168.164.195, host: pr-hdds-2199-dnstouuidmap-84vvh-1531155352, networkLocation: /default-rack, certSerialId: null}
2019-10-03 19:53:21,850 [EventQueue-NodeRegistrationContainerReportForDataNodeSafeModeRule] INFO  safemode.SCMSafeModeManager (DataNodeSafeModeRule.java:process(71)) - SCM in safe mode. 1 DataNodes registered, 1 required.
2019-10-03 19:53:21,852 [EventQueue-NodeRegistrationContainerReportForDataNodeSafeModeRule] INFO  safemode.SCMSafeModeManager (SCMSafeModeManager.java:validateSafeModeExitRules(177)) - ScmSafeModeManager, all rules are successfully validated
2019-10-03 19:53:21,852 [EventQueue-NodeRegistrationContainerReportForDataNodeSafeModeRule] INFO  safemode.SCMSafeModeManager (SCMSafeModeManager.java:exitSafeMode(193)) - SCM exiting safe mode.
2019-10-03 19:53:21,866 [grpc-default-executor-3] INFO  impl.RaftServerProxy (RaftServerProxy.java:addNew(89)) - 1da3039e-9ddf-46d7-b590-0485b646c749: addNew group-31B5EC843379:[1da3039e-9ddf-46d7-b590-0485b646c749:192.168.164.195:37963] returns group-31B5EC843379:java.util.concurrent.CompletableFuture@529a4362[Not completed]
2019-10-03 19:53:21,871 [pool-383-thread-1] INFO  impl.RaftServerImpl (RaftServerImpl.java:<init>(95)) - 1da3039e-9ddf-46d7-b590-0485b646c749: new RaftServerImpl for group-31B5EC843379:[1da3039e-9ddf-46d7-b590-0485b646c749:192.168.164.195:37963] with ContainerStateMachine:uninitialized
2019-10-03 19:53:21,871 [pool-383-thread-1] INFO  server.RaftServerConfigKeys (ConfUtils.java:logGet(43)) - raft.server.rpc.timeout.min = 5s (custom)
2019-10-03 19:53:21,871 [pool-383-thread-1] INFO  server.RaftServerConfigKeys (ConfUtils.java:logGet(43)) - raft.server.rpc.timeout.max = 5200ms (custom)
2019-10-03 19:53:21,872 [pool-383-thread-1] INFO  server.RaftServerConfigKeys (ConfUtils.java:logGet(43)) - raft.server.rpcslowness.timeout = 120s (custom)
2019-10-03 19:53:21,872 [pool-383-thread-1] INFO  server.RaftServerConfigKeys (ConfUtils.java:logGet(43)) - raft.server.sleep.deviation.threshold = 300 (default)
2019-10-03 19:53:21,872 [pool-383-thread-1] INFO  server.RaftServerConfigKeys (ConfUtils.java:logGet(43)) - raft.server.log.appender.install.snapshot.enabled = false (custom)
2019-10-03 19:53:21,872 [pool-383-thread-1] INFO  impl.RaftServerImpl (ServerState.java:<init>(103)) - 1da3039e-9ddf-46d7-b590-0485b646c749@group-31B5EC843379: ConfigurationManager, init=-1: [1da3039e-9ddf-46d7-b590-0485b646c749:192.168.164.195:37963], old=null, confs=<EMPTY_MAP>
2019-10-03 19:53:21,872 [pool-383-thread-1] INFO  server.RaftServerConfigKeys (ConfUtils.java:logGet(43)) - raft.server.storage.dir = [/workdir/hadoop-ozone/integration-test/target/test-dir/MiniOzoneClusterImpl-1277cde4-a404-4099-88bc-5733a0f2746f/datanode-0/data/ratis] (custom)
2019-10-03 19:53:21,873 [pool-383-thread-1] INFO  server.RaftServerConfigKeys (ConfUtils.java:logGet(43)) - raft.server.log.corruption.policy = EXCEPTION (default)
2019-10-03 19:53:21,873 [pool-383-thread-1] INFO  storage.RaftStorageDirectory (RaftStorageDirectory.java:analyzeStorage(246)) - The storage directory /workdir/hadoop-ozone/integration-test/target/test-dir/MiniOzoneClusterImpl-1277cde4-a404-4099-88bc-5733a0f2746f/datanode-0/data/ratis/b38e7b75-ac4d-430e-8b01-31b5ec843379 does not exist. Creating ...
2019-10-03 19:53:21,887 [pool-383-thread-1] INFO  storage.RaftStorageDirectory (RaftStorageDirectory.java:tryLock(328)) - Lock on /workdir/hadoop-ozone/integration-test/target/test-dir/MiniOzoneClusterImpl-1277cde4-a404-4099-88bc-5733a0f2746f/datanode-0/data/ratis/b38e7b75-ac4d-430e-8b01-31b5ec843379/in_use.lock acquired by nodename 984@pr-hdds-2199-dnstouuidmap-84vvh-1531155352
2019-10-03 19:53:21,901 [IPC Server handler 4 on 35539] INFO  net.NetworkTopology (NetworkTopologyImpl.java:add(111)) - Added a new node: /default-rack/ec68cd31-786a-4caa-9bbb-4f7512a61922
2019-10-03 19:53:21,901 [IPC Server handler 4 on 35539] INFO  node.SCMNodeManager (SCMNodeManager.java:register(268)) - Registered Data node : ec68cd31-786a-4caa-9bbb-4f7512a61922{ip: 192.168.164.195, host: pr-hdds-2199-dnstouuidmap-84vvh-1531155352, networkLocation: /default-rack, certSerialId: null}
2019-10-03 19:53:21,915 [pool-383-thread-1] INFO  storage.RaftStorage (RaftStorage.java:format(84)) - Storage directory /workdir/hadoop-ozone/integration-test/target/test-dir/MiniOzoneClusterImpl-1277cde4-a404-4099-88bc-5733a0f2746f/datanode-0/data/ratis/b38e7b75-ac4d-430e-8b01-31b5ec843379 has been successfully formatted.
2019-10-03 19:53:21,915 [pool-383-thread-1] INFO  ratis.ContainerStateMachine (ContainerStateMachine.java:loadSnapshot(230)) - group-31B5EC843379: The snapshot info is null. Setting the last applied indexto:(t:0, i:~)
2019-10-03 19:53:21,915 [pool-383-thread-1] INFO  server.RaftServerConfigKeys (ConfUtils.java:logGet(43)) - raft.server.notification.no-leader.timeout = 120s (custom)
2019-10-03 19:53:21,915 [pool-383-thread-1] INFO  server.RaftServerConfigKeys (ConfUtils.java:logGet(43)) - raft.server.log.use.memory = false (default)
2019-10-03 19:53:21,916 [pool-383-thread-1] INFO  server.RaftServerConfigKeys (ConfUtils.java:logGet(43)) - raft.server.log.purge.gap = 1000000 (custom)
2019-10-03 19:53:21,916 [pool-383-thread-1] INFO  server.RaftServerConfigKeys (ConfUtils.java:logGet(43)) - raft.server.log.appender.buffer.byte-limit = 33554432 (custom)
2019-10-03 19:53:21,916 [pool-383-thread-1] INFO  server.RaftServerConfigKeys (ConfUtils.java:logGet(43)) - raft.server.log.segment.size.max = 1048576 (custom)
2019-10-03 19:53:21,920 [pool-383-thread-1] INFO  server.RaftServerConfigKeys (ConfUtils.java:logGet(43)) - raft.server.log.segment.cache.num.max = 2 (custom)
2019-10-03 19:53:21,920 [pool-383-thread-1] INFO  segmented.SegmentedRaftLogWorker (SegmentedRaftLogWorker.java:<init>(173)) - new 1da3039e-9ddf-46d7-b590-0485b646c749@group-31B5EC843379-SegmentedRaftLogWorker for RaftStorage:Storage Directory /workdir/hadoop-ozone/integration-test/target/test-dir/MiniOzoneClusterImpl-1277cde4-a404-4099-88bc-5733a0f2746f/datanode-0/data/ratis/b38e7b75-ac4d-430e-8b01-31b5ec843379
2019-10-03 19:53:21,920 [pool-383-thread-1] INFO  server.RaftServerConfigKeys (ConfUtils.java:logGet(43)) - raft.server.log.queue.byte-limit = 2147483647 (custom)
2019-10-03 19:53:21,920 [pool-383-thread-1] INFO  server.RaftServerConfigKeys (ConfUtils.java:logGet(43)) - raft.server.log.queue.element-limit = 1024 (custom)
2019-10-03 19:53:21,921 [pool-383-thread-1] INFO  server.RaftServerConfigKeys (ConfUtils.java:logGet(43)) - raft.server.log.segment.size.max = 1048576 (custom)
2019-10-03 19:53:21,921 [pool-383-thread-1] INFO  server.RaftServerConfigKeys (ConfUtils.java:logGet(43)) - raft.server.log.preallocated.size = 16384 (custom)
2019-10-03 19:53:21,921 [pool-383-thread-1] INFO  server.RaftServerConfigKeys (ConfUtils.java:logGet(43)) - raft.server.log.write.buffer.size = 33554432 (custom)
2019-10-03 19:53:21,921 [pool-383-thread-1] INFO  server.RaftServerConfigKeys (ConfUtils.java:logGet(43)) - raft.server.log.force.sync.num = 128 (default)
2019-10-03 19:53:21,921 [pool-383-thread-1] INFO  server.RaftServerConfigKeys (ConfUtils.java:logGet(43)) - raft.server.log.statemachine.data.sync = true (default)
2019-10-03 19:53:21,921 [pool-383-thread-1] INFO  server.RaftServerConfigKeys (ConfUtils.java:logGet(43)) - raft.server.log.statemachine.data.sync.timeout = 10s (default)
2019-10-03 19:53:21,921 [pool-383-thread-1] INFO  server.RaftServerConfigKeys (ConfUtils.java:logGet(43)) - raft.server.log.statemachine.data.sync.timeout.retry = -1 (default)
2019-10-03 19:53:21,922 [pool-383-thread-1] INFO  server.RaftServerConfigKeys (ConfUtils.java:logGet(43)) - raft.server.log.statemachine.data.caching.enabled = true (custom)
2019-10-03 19:53:21,922 [pool-383-thread-1] INFO  segmented.SegmentedRaftLogWorker (SegmentedRaftLogWorker.java:lambda$new$0(128)) - 1da3039e-9ddf-46d7-b590-0485b646c749@group-31B5EC843379-SegmentedRaftLogWorker: flushIndex: setUnconditionally 0 -> -1
2019-10-03 19:53:21,923 [pool-383-thread-1] INFO  server.RaftServerConfigKeys (ConfUtils.java:logGet(43)) - raft.server.snapshot.auto.trigger.enabled = true (custom)
2019-10-03 19:53:21,923 [pool-383-thread-1] INFO  server.RaftServerConfigKeys (ConfUtils.java:logGet(43)) - raft.server.snapshot.auto.trigger.threshold = 10000 (custom)
2019-10-03 19:53:21,923 [pool-383-thread-1] INFO  server.RaftServerConfigKeys (ConfUtils.java:logGet(43)) - raft.server.snapshot.retention.file.num = 5 (custom)
2019-10-03 19:53:21,923 [pool-383-thread-1] INFO  server.RaftServerConfigKeys (ConfUtils.java:logGet(43)) - raft.server.retrycache.expirytime = 600000ms (custom)
2019-10-03 19:53:21,925 [pool-383-thread-1] INFO  impl.RaftServerImpl (RaftServerImpl.java:start(181)) - 1da3039e-9ddf-46d7-b590-0485b646c749@group-31B5EC843379: start as a follower, conf=-1: [1da3039e-9ddf-46d7-b590-0485b646c749:192.168.164.195:37963], old=null
2019-10-03 19:53:21,925 [pool-383-thread-1] INFO  impl.RaftServerImpl (RaftServerImpl.java:setRole(170)) - 1da3039e-9ddf-46d7-b590-0485b646c749@group-31B5EC843379: changes role from      null to FOLLOWER at term 0 for startAsFollower
2019-10-03 19:53:21,925 [pool-383-thread-1] INFO  impl.RoleInfo (RoleInfo.java:updateAndGet(143)) - 1da3039e-9ddf-46d7-b590-0485b646c749: start FollowerState
2019-10-03 19:53:21,926 [pool-383-thread-1] INFO  util.JmxRegister (JmxRegister.java:tryRegister(44)) - Successfully registered JMX Bean with object name Ratis:service=RaftServer,group=group-31B5EC843379,id=1da3039e-9ddf-46d7-b590-0485b646c749
2019-10-03 19:53:21,931 [RatisPipelineUtilsThread] INFO  pipeline.PipelineStateManager (PipelineStateManager.java:addPipeline(56)) - Created pipeline Pipeline[ Id: b38e7b75-ac4d-430e-8b01-31b5ec843379, Nodes: 1da3039e-9ddf-46d7-b590-0485b646c749{ip: 192.168.164.195, host: pr-hdds-2199-dnstouuidmap-84vvh-1531155352, networkLocation: /default-rack, certSerialId: null}, Type:RATIS, Factor:ONE, State:OPEN]
2019-10-03 19:53:21,938 [grpc-default-executor-3] INFO  impl.RaftServerProxy (RaftServerProxy.java:addNew(89)) - ec68cd31-786a-4caa-9bbb-4f7512a61922: addNew group-C510B7448A77:[ec68cd31-786a-4caa-9bbb-4f7512a61922:192.168.164.195:34756] returns group-C510B7448A77:java.util.concurrent.CompletableFuture@60736cc9[Not completed]
2019-10-03 19:53:21,940 [pool-393-thread-1] INFO  impl.RaftServerImpl (RaftServerImpl.java:<init>(95)) - ec68cd31-786a-4caa-9bbb-4f7512a61922: new RaftServerImpl for group-C510B7448A77:[ec68cd31-786a-4caa-9bbb-4f7512a61922:192.168.164.195:34756] with ContainerStateMachine:uninitialized
2019-10-03 19:53:21,940 [pool-393-thread-1] INFO  server.RaftServerConfigKeys (ConfUtils.java:logGet(43)) - raft.server.rpc.timeout.min = 5s (custom)
2019-10-03 19:53:21,940 [pool-393-thread-1] INFO  server.RaftServerConfigKeys (ConfUtils.java:logGet(43)) - raft.server.rpc.timeout.max = 5200ms (custom)
2019-10-03 19:53:21,940 [pool-393-thread-1] INFO  server.RaftServerConfigKeys (ConfUtils.java:logGet(43)) - raft.server.rpcslowness.timeout = 120s (custom)
2019-10-03 19:53:21,940 [pool-393-thread-1] INFO  server.RaftServerConfigKeys (ConfUtils.java:logGet(43)) - raft.server.sleep.deviation.threshold = 300 (default)
2019-10-03 19:53:21,940 [pool-393-thread-1] INFO  server.RaftServerConfigKeys (ConfUtils.java:logGet(43)) - raft.server.log.appender.install.snapshot.enabled = false (custom)
2019-10-03 19:53:21,940 [pool-393-thread-1] INFO  impl.RaftServerImpl (ServerState.java:<init>(103)) - ec68cd31-786a-4caa-9bbb-4f7512a61922@group-C510B7448A77: ConfigurationManager, init=-1: [ec68cd31-786a-4caa-9bbb-4f7512a61922:192.168.164.195:34756], old=null, confs=<EMPTY_MAP>
2019-10-03 19:53:21,941 [pool-393-thread-1] INFO  server.RaftServerConfigKeys (ConfUtils.java:logGet(43)) - raft.server.storage.dir = [/workdir/hadoop-ozone/integration-test/target/test-dir/MiniOzoneClusterImpl-1277cde4-a404-4099-88bc-5733a0f2746f/datanode-1/data/ratis] (custom)
2019-10-03 19:53:21,941 [pool-393-thread-1] INFO  server.RaftServerConfigKeys (ConfUtils.java:logGet(43)) - raft.server.log.corruption.policy = EXCEPTION (default)
2019-10-03 19:53:21,941 [pool-393-thread-1] INFO  storage.RaftStorageDirectory (RaftStorageDirectory.java:analyzeStorage(246)) - The storage directory /workdir/hadoop-ozone/integration-test/target/test-dir/MiniOzoneClusterImpl-1277cde4-a404-4099-88bc-5733a0f2746f/datanode-1/data/ratis/58f473c0-25db-4a32-b592-c510b7448a77 does not exist. Creating ...
2019-10-03 19:53:21,954 [pool-393-thread-1] INFO  storage.RaftStorageDirectory (RaftStorageDirectory.java:tryLock(328)) - Lock on /workdir/hadoop-ozone/integration-test/target/test-dir/MiniOzoneClusterImpl-1277cde4-a404-4099-88bc-5733a0f2746f/datanode-1/data/ratis/58f473c0-25db-4a32-b592-c510b7448a77/in_use.lock acquired by nodename 984@pr-hdds-2199-dnstouuidmap-84vvh-1531155352
2019-10-03 19:53:21,961 [IPC Server handler 5 on 35539] INFO  net.NetworkTopology (NetworkTopologyImpl.java:add(111)) - Added a new node: /default-rack/8a3381ef-363a-4b22-9139-8be250b93f9a
2019-10-03 19:53:21,961 [IPC Server handler 5 on 35539] INFO  node.SCMNodeManager (SCMNodeManager.java:register(268)) - Registered Data node : 8a3381ef-363a-4b22-9139-8be250b93f9a{ip: 192.168.164.195, host: pr-hdds-2199-dnstouuidmap-84vvh-1531155352, networkLocation: /default-rack, certSerialId: null}
2019-10-03 19:53:21,967 [pool-393-thread-1] INFO  storage.RaftStorage (RaftStorage.java:format(84)) - Storage directory /workdir/hadoop-ozone/integration-test/target/test-dir/MiniOzoneClusterImpl-1277cde4-a404-4099-88bc-5733a0f2746f/datanode-1/data/ratis/58f473c0-25db-4a32-b592-c510b7448a77 has been successfully formatted.
2019-10-03 19:53:21,967 [pool-393-thread-1] INFO  ratis.ContainerStateMachine (ContainerStateMachine.java:loadSnapshot(230)) - group-C510B7448A77: The snapshot info is null. Setting the last applied indexto:(t:0, i:~)
2019-10-03 19:53:21,967 [pool-393-thread-1] INFO  server.RaftServerConfigKeys (ConfUtils.java:logGet(43)) - raft.server.notification.no-leader.timeout = 120s (custom)
2019-10-03 19:53:21,967 [pool-393-thread-1] INFO  server.RaftServerConfigKeys (ConfUtils.java:logGet(43)) - raft.server.log.use.memory = false (default)
2019-10-03 19:53:21,967 [pool-393-thread-1] INFO  server.RaftServerConfigKeys (ConfUtils.java:logGet(43)) - raft.server.log.purge.gap = 1000000 (custom)
2019-10-03 19:53:21,968 [pool-393-thread-1] INFO  server.RaftServerConfigKeys (ConfUtils.java:logGet(43)) - raft.server.log.appender.buffer.byte-limit = 33554432 (custom)
2019-10-03 19:53:21,968 [pool-393-thread-1] INFO  server.RaftServerConfigKeys (ConfUtils.java:logGet(43)) - raft.server.log.segment.size.max = 1048576 (custom)
2019-10-03 19:53:21,969 [pool-393-thread-1] INFO  server.RaftServerConfigKeys (ConfUtils.java:logGet(43)) - raft.server.log.segment.cache.num.max = 2 (custom)
2019-10-03 19:53:21,969 [pool-393-thread-1] INFO  segmented.SegmentedRaftLogWorker (SegmentedRaftLogWorker.java:<init>(173)) - new ec68cd31-786a-4caa-9bbb-4f7512a61922@group-C510B7448A77-SegmentedRaftLogWorker for RaftStorage:Storage Directory /workdir/hadoop-ozone/integration-test/target/test-dir/MiniOzoneClusterImpl-1277cde4-a404-4099-88bc-5733a0f2746f/datanode-1/data/ratis/58f473c0-25db-4a32-b592-c510b7448a77
2019-10-03 19:53:21,969 [pool-393-thread-1] INFO  server.RaftServerConfigKeys (ConfUtils.java:logGet(43)) - raft.server.log.queue.byte-limit = 2147483647 (custom)
2019-10-03 19:53:21,970 [pool-393-thread-1] INFO  server.RaftServerConfigKeys (ConfUtils.java:logGet(43)) - raft.server.log.queue.element-limit = 1024 (custom)
2019-10-03 19:53:21,970 [pool-393-thread-1] INFO  server.RaftServerConfigKeys (ConfUtils.java:logGet(43)) - raft.server.log.segment.size.max = 1048576 (custom)
2019-10-03 19:53:21,970 [pool-393-thread-1] INFO  server.RaftServerConfigKeys (ConfUtils.java:logGet(43)) - raft.server.log.preallocated.size = 16384 (custom)
2019-10-03 19:53:21,970 [pool-393-thread-1] INFO  server.RaftServerConfigKeys (ConfUtils.java:logGet(43)) - raft.server.log.write.buffer.size = 33554432 (custom)
2019-10-03 19:53:21,970 [pool-393-thread-1] INFO  server.RaftServerConfigKeys (ConfUtils.java:logGet(43)) - raft.server.log.force.sync.num = 128 (default)
2019-10-03 19:53:21,970 [pool-393-thread-1] INFO  server.RaftServerConfigKeys (ConfUtils.java:logGet(43)) - raft.server.log.statemachine.data.sync = true (default)
2019-10-03 19:53:21,970 [pool-393-thread-1] INFO  server.RaftServerConfigKeys (ConfUtils.java:logGet(43)) - raft.server.log.statemachine.data.sync.timeout = 10s (default)
2019-10-03 19:53:21,970 [pool-393-thread-1] INFO  server.RaftServerConfigKeys (ConfUtils.java:logGet(43)) - raft.server.log.statemachine.data.sync.timeout.retry = -1 (default)
2019-10-03 19:53:21,971 [pool-393-thread-1] INFO  server.RaftServerConfigKeys (ConfUtils.java:logGet(43)) - raft.server.log.statemachine.data.caching.enabled = true (custom)
2019-10-03 19:53:21,971 [pool-393-thread-1] INFO  segmented.SegmentedRaftLogWorker (SegmentedRaftLogWorker.java:lambda$new$0(128)) - ec68cd31-786a-4caa-9bbb-4f7512a61922@group-C510B7448A77-SegmentedRaftLogWorker: flushIndex: setUnconditionally 0 -> -1
2019-10-03 19:53:21,971 [pool-393-thread-1] INFO  server.RaftServerConfigKeys (ConfUtils.java:logGet(43)) - raft.server.snapshot.auto.trigger.enabled = true (custom)
2019-10-03 19:53:21,971 [pool-393-thread-1] INFO  server.RaftServerConfigKeys (ConfUtils.java:logGet(43)) - raft.server.snapshot.auto.trigger.threshold = 10000 (custom)
2019-10-03 19:53:21,971 [pool-393-thread-1] INFO  server.RaftServerConfigKeys (ConfUtils.java:logGet(43)) - raft.server.snapshot.retention.file.num = 5 (custom)
2019-10-03 19:53:21,971 [pool-393-thread-1] INFO  server.RaftServerConfigKeys (ConfUtils.java:logGet(43)) - raft.server.retrycache.expirytime = 600000ms (custom)
2019-10-03 19:53:21,973 [pool-393-thread-1] INFO  impl.RaftServerImpl (RaftServerImpl.java:start(181)) - ec68cd31-786a-4caa-9bbb-4f7512a61922@group-C510B7448A77: start as a follower, conf=-1: [ec68cd31-786a-4caa-9bbb-4f7512a61922:192.168.164.195:34756], old=null
2019-10-03 19:53:21,973 [pool-393-thread-1] INFO  impl.RaftServerImpl (RaftServerImpl.java:setRole(170)) - ec68cd31-786a-4caa-9bbb-4f7512a61922@group-C510B7448A77: changes role from      null to FOLLOWER at term 0 for startAsFollower
2019-10-03 19:53:21,973 [pool-393-thread-1] INFO  impl.RoleInfo (RoleInfo.java:updateAndGet(143)) - ec68cd31-786a-4caa-9bbb-4f7512a61922: start FollowerState
2019-10-03 19:53:21,973 [pool-393-thread-1] INFO  util.JmxRegister (JmxRegister.java:tryRegister(44)) - Successfully registered JMX Bean with object name Ratis:service=RaftServer,group=group-C510B7448A77,id=ec68cd31-786a-4caa-9bbb-4f7512a61922
2019-10-03 19:53:21,976 [RatisPipelineUtilsThread] INFO  pipeline.PipelineStateManager (PipelineStateManager.java:addPipeline(56)) - Created pipeline Pipeline[ Id: 58f473c0-25db-4a32-b592-c510b7448a77, Nodes: ec68cd31-786a-4caa-9bbb-4f7512a61922{ip: 192.168.164.195, host: pr-hdds-2199-dnstouuidmap-84vvh-1531155352, networkLocation: /default-rack, certSerialId: null}, Type:RATIS, Factor:ONE, State:OPEN]
2019-10-03 19:53:21,986 [grpc-default-executor-3] INFO  impl.RaftServerProxy (RaftServerProxy.java:addNew(89)) - 8a3381ef-363a-4b22-9139-8be250b93f9a: addNew group-E12A9E0D066B:[8a3381ef-363a-4b22-9139-8be250b93f9a:192.168.164.195:46598] returns group-E12A9E0D066B:java.util.concurrent.CompletableFuture@924b465[Not completed]
2019-10-03 19:53:21,986 [pool-403-thread-1] INFO  impl.RaftServerImpl (RaftServerImpl.java:<init>(95)) - 8a3381ef-363a-4b22-9139-8be250b93f9a: new RaftServerImpl for group-E12A9E0D066B:[8a3381ef-363a-4b22-9139-8be250b93f9a:192.168.164.195:46598] with ContainerStateMachine:uninitialized
2019-10-03 19:53:21,987 [pool-403-thread-1] INFO  server.RaftServerConfigKeys (ConfUtils.java:logGet(43)) - raft.server.rpc.timeout.min = 5s (custom)
2019-10-03 19:53:21,987 [pool-403-thread-1] INFO  server.RaftServerConfigKeys (ConfUtils.java:logGet(43)) - raft.server.rpc.timeout.max = 5200ms (custom)
2019-10-03 19:53:21,987 [pool-403-thread-1] INFO  server.RaftServerConfigKeys (ConfUtils.java:logGet(43)) - raft.server.rpcslowness.timeout = 120s (custom)
2019-10-03 19:53:21,987 [pool-403-thread-1] INFO  server.RaftServerConfigKeys (ConfUtils.java:logGet(43)) - raft.server.sleep.deviation.threshold = 300 (default)
2019-10-03 19:53:21,987 [pool-403-thread-1] INFO  server.RaftServerConfigKeys (ConfUtils.java:logGet(43)) - raft.server.log.appender.install.snapshot.enabled = false (custom)
2019-10-03 19:53:21,987 [pool-403-thread-1] INFO  impl.RaftServerImpl (ServerState.java:<init>(103)) - 8a3381ef-363a-4b22-9139-8be250b93f9a@group-E12A9E0D066B: ConfigurationManager, init=-1: [8a3381ef-363a-4b22-9139-8be250b93f9a:192.168.164.195:46598], old=null, confs=<EMPTY_MAP>
2019-10-03 19:53:21,987 [pool-403-thread-1] INFO  server.RaftServerConfigKeys (ConfUtils.java:logGet(43)) - raft.server.storage.dir = [/workdir/hadoop-ozone/integration-test/target/test-dir/MiniOzoneClusterImpl-1277cde4-a404-4099-88bc-5733a0f2746f/datanode-2/data/ratis] (custom)
2019-10-03 19:53:21,987 [pool-403-thread-1] INFO  server.RaftServerConfigKeys (ConfUtils.java:logGet(43)) - raft.server.log.corruption.policy = EXCEPTION (default)
2019-10-03 19:53:21,987 [pool-403-thread-1] INFO  storage.RaftStorageDirectory (RaftStorageDirectory.java:analyzeStorage(246)) - The storage directory /workdir/hadoop-ozone/integration-test/target/test-dir/MiniOzoneClusterImpl-1277cde4-a404-4099-88bc-5733a0f2746f/datanode-2/data/ratis/7409a6fc-33bb-4979-93e1-e12a9e0d066b does not exist. Creating ...
2019-10-03 19:53:22,001 [pool-403-thread-1] INFO  storage.RaftStorageDirectory (RaftStorageDirectory.java:tryLock(328)) - Lock on /workdir/hadoop-ozone/integration-test/target/test-dir/MiniOzoneClusterImpl-1277cde4-a404-4099-88bc-5733a0f2746f/datanode-2/data/ratis/7409a6fc-33bb-4979-93e1-e12a9e0d066b/in_use.lock acquired by nodename 984@pr-hdds-2199-dnstouuidmap-84vvh-1531155352
2019-10-03 19:53:22,013 [pool-403-thread-1] INFO  storage.RaftStorage (RaftStorage.java:format(84)) - Storage directory /workdir/hadoop-ozone/integration-test/target/test-dir/MiniOzoneClusterImpl-1277cde4-a404-4099-88bc-5733a0f2746f/datanode-2/data/ratis/7409a6fc-33bb-4979-93e1-e12a9e0d066b has been successfully formatted.
2019-10-03 19:53:22,014 [pool-403-thread-1] INFO  ratis.ContainerStateMachine (ContainerStateMachine.java:loadSnapshot(230)) - group-E12A9E0D066B: The snapshot info is null. Setting the last applied indexto:(t:0, i:~)
2019-10-03 19:53:22,014 [pool-403-thread-1] INFO  server.RaftServerConfigKeys (ConfUtils.java:logGet(43)) - raft.server.notification.no-leader.timeout = 120s (custom)
2019-10-03 19:53:22,014 [pool-403-thread-1] INFO  server.RaftServerConfigKeys (ConfUtils.java:logGet(43)) - raft.server.log.use.memory = false (default)
2019-10-03 19:53:22,014 [pool-403-thread-1] INFO  server.RaftServerConfigKeys (ConfUtils.java:logGet(43)) - raft.server.log.purge.gap = 1000000 (custom)
2019-10-03 19:53:22,014 [pool-403-thread-1] INFO  server.RaftServerConfigKeys (ConfUtils.java:logGet(43)) - raft.server.log.appender.buffer.byte-limit = 33554432 (custom)
2019-10-03 19:53:22,015 [pool-403-thread-1] INFO  server.RaftServerConfigKeys (ConfUtils.java:logGet(43)) - raft.server.log.segment.size.max = 1048576 (custom)
2019-10-03 19:53:22,016 [pool-403-thread-1] INFO  server.RaftServerConfigKeys (ConfUtils.java:logGet(43)) - raft.server.log.segment.cache.num.max = 2 (custom)
2019-10-03 19:53:22,017 [pool-403-thread-1] INFO  segmented.SegmentedRaftLogWorker (SegmentedRaftLogWorker.java:<init>(173)) - new 8a3381ef-363a-4b22-9139-8be250b93f9a@group-E12A9E0D066B-SegmentedRaftLogWorker for RaftStorage:Storage Directory /workdir/hadoop-ozone/integration-test/target/test-dir/MiniOzoneClusterImpl-1277cde4-a404-4099-88bc-5733a0f2746f/datanode-2/data/ratis/7409a6fc-33bb-4979-93e1-e12a9e0d066b
2019-10-03 19:53:22,017 [pool-403-thread-1] INFO  server.RaftServerConfigKeys (ConfUtils.java:logGet(43)) - raft.server.log.queue.byte-limit = 2147483647 (custom)
2019-10-03 19:53:22,017 [pool-403-thread-1] INFO  server.RaftServerConfigKeys (ConfUtils.java:logGet(43)) - raft.server.log.queue.element-limit = 1024 (custom)
2019-10-03 19:53:22,017 [pool-403-thread-1] INFO  server.RaftServerConfigKeys (ConfUtils.java:logGet(43)) - raft.server.log.segment.size.max = 1048576 (custom)
2019-10-03 19:53:22,017 [pool-403-thread-1] INFO  server.RaftServerConfigKeys (ConfUtils.java:logGet(43)) - raft.server.log.preallocated.size = 16384 (custom)
2019-10-03 19:53:22,017 [pool-403-thread-1] INFO  server.RaftServerConfigKeys (ConfUtils.java:logGet(43)) - raft.server.log.write.buffer.size = 33554432 (custom)
2019-10-03 19:53:22,017 [pool-403-thread-1] INFO  server.RaftServerConfigKeys (ConfUtils.java:logGet(43)) - raft.server.log.force.sync.num = 128 (default)
2019-10-03 19:53:22,017 [pool-403-thread-1] INFO  server.RaftServerConfigKeys (ConfUtils.java:logGet(43)) - raft.server.log.statemachine.data.sync = true (default)
2019-10-03 19:53:22,018 [pool-403-thread-1] INFO  server.RaftServerConfigKeys (ConfUtils.java:logGet(43)) - raft.server.log.statemachine.data.sync.timeout = 10s (default)
2019-10-03 19:53:22,018 [pool-403-thread-1] INFO  server.RaftServerConfigKeys (ConfUtils.java:logGet(43)) - raft.server.log.statemachine.data.sync.timeout.retry = -1 (default)
2019-10-03 19:53:22,018 [pool-403-thread-1] INFO  server.RaftServerConfigKeys (ConfUtils.java:logGet(43)) - raft.server.log.statemachine.data.caching.enabled = true (custom)
2019-10-03 19:53:22,019 [pool-403-thread-1] INFO  segmented.SegmentedRaftLogWorker (SegmentedRaftLogWorker.java:lambda$new$0(128)) - 8a3381ef-363a-4b22-9139-8be250b93f9a@group-E12A9E0D066B-SegmentedRaftLogWorker: flushIndex: setUnconditionally 0 -> -1
2019-10-03 19:53:22,019 [pool-403-thread-1] INFO  server.RaftServerConfigKeys (ConfUtils.java:logGet(43)) - raft.server.snapshot.auto.trigger.enabled = true (custom)
2019-10-03 19:53:22,020 [pool-403-thread-1] INFO  server.RaftServerConfigKeys (ConfUtils.java:logGet(43)) - raft.server.snapshot.auto.trigger.threshold = 10000 (custom)
2019-10-03 19:53:22,020 [pool-403-thread-1] INFO  server.RaftServerConfigKeys (ConfUtils.java:logGet(43)) - raft.server.snapshot.retention.file.num = 5 (custom)
2019-10-03 19:53:22,020 [pool-403-thread-1] INFO  server.RaftServerConfigKeys (ConfUtils.java:logGet(43)) - raft.server.retrycache.expirytime = 600000ms (custom)
2019-10-03 19:53:22,022 [pool-403-thread-1] INFO  impl.RaftServerImpl (RaftServerImpl.java:start(181)) - 8a3381ef-363a-4b22-9139-8be250b93f9a@group-E12A9E0D066B: start as a follower, conf=-1: [8a3381ef-363a-4b22-9139-8be250b93f9a:192.168.164.195:46598], old=null
2019-10-03 19:53:22,022 [pool-403-thread-1] INFO  impl.RaftServerImpl (RaftServerImpl.java:setRole(170)) - 8a3381ef-363a-4b22-9139-8be250b93f9a@group-E12A9E0D066B: changes role from      null to FOLLOWER at term 0 for startAsFollower
2019-10-03 19:53:22,022 [pool-403-thread-1] INFO  impl.RoleInfo (RoleInfo.java:updateAndGet(143)) - 8a3381ef-363a-4b22-9139-8be250b93f9a: start FollowerState
2019-10-03 19:53:22,022 [pool-403-thread-1] INFO  util.JmxRegister (JmxRegister.java:tryRegister(44)) - Successfully registered JMX Bean with object name Ratis:service=RaftServer,group=group-E12A9E0D066B,id=8a3381ef-363a-4b22-9139-8be250b93f9a
2019-10-03 19:53:22,024 [IPC Server handler 7 on 35539] INFO  net.NetworkTopology (NetworkTopologyImpl.java:add(111)) - Added a new node: /default-rack/092cf0d2-5d64-4f0a-81f7-c3af7735fcdb
2019-10-03 19:53:22,025 [IPC Server handler 7 on 35539] INFO  node.SCMNodeManager (SCMNodeManager.java:register(268)) - Registered Data node : 092cf0d2-5d64-4f0a-81f7-c3af7735fcdb{ip: 192.168.164.195, host: pr-hdds-2199-dnstouuidmap-84vvh-1531155352, networkLocation: /default-rack, certSerialId: null}
2019-10-03 19:53:22,027 [RatisPipelineUtilsThread] INFO  pipeline.PipelineStateManager (PipelineStateManager.java:addPipeline(56)) - Created pipeline Pipeline[ Id: 7409a6fc-33bb-4979-93e1-e12a9e0d066b, Nodes: 8a3381ef-363a-4b22-9139-8be250b93f9a{ip: 192.168.164.195, host: pr-hdds-2199-dnstouuidmap-84vvh-1531155352, networkLocation: /default-rack, certSerialId: null}, Type:RATIS, Factor:ONE, State:OPEN]
2019-10-03 19:53:22,036 [grpc-default-executor-3] INFO  impl.RaftServerProxy (RaftServerProxy.java:addNew(89)) - 092cf0d2-5d64-4f0a-81f7-c3af7735fcdb: addNew group-133DDE9EC62F:[092cf0d2-5d64-4f0a-81f7-c3af7735fcdb:192.168.164.195:35706] returns group-133DDE9EC62F:java.util.concurrent.CompletableFuture@7248b221[Not completed]
2019-10-03 19:53:22,038 [pool-413-thread-1] INFO  impl.RaftServerImpl (RaftServerImpl.java:<init>(95)) - 092cf0d2-5d64-4f0a-81f7-c3af7735fcdb: new RaftServerImpl for group-133DDE9EC62F:[092cf0d2-5d64-4f0a-81f7-c3af7735fcdb:192.168.164.195:35706] with ContainerStateMachine:uninitialized
2019-10-03 19:53:22,038 [pool-413-thread-1] INFO  server.RaftServerConfigKeys (ConfUtils.java:logGet(43)) - raft.server.rpc.timeout.min = 5s (custom)
2019-10-03 19:53:22,038 [pool-413-thread-1] INFO  server.RaftServerConfigKeys (ConfUtils.java:logGet(43)) - raft.server.rpc.timeout.max = 5200ms (custom)
2019-10-03 19:53:22,038 [pool-413-thread-1] INFO  server.RaftServerConfigKeys (ConfUtils.java:logGet(43)) - raft.server.rpcslowness.timeout = 120s (custom)
2019-10-03 19:53:22,038 [pool-413-thread-1] INFO  server.RaftServerConfigKeys (ConfUtils.java:logGet(43)) - raft.server.sleep.deviation.threshold = 300 (default)
2019-10-03 19:53:22,038 [pool-413-thread-1] INFO  server.RaftServerConfigKeys (ConfUtils.java:logGet(43)) - raft.server.log.appender.install.snapshot.enabled = false (custom)
2019-10-03 19:53:22,039 [pool-413-thread-1] INFO  impl.RaftServerImpl (ServerState.java:<init>(103)) - 092cf0d2-5d64-4f0a-81f7-c3af7735fcdb@group-133DDE9EC62F: ConfigurationManager, init=-1: [092cf0d2-5d64-4f0a-81f7-c3af7735fcdb:192.168.164.195:35706], old=null, confs=<EMPTY_MAP>
2019-10-03 19:53:22,039 [pool-413-thread-1] INFO  server.RaftServerConfigKeys (ConfUtils.java:logGet(43)) - raft.server.storage.dir = [/workdir/hadoop-ozone/integration-test/target/test-dir/MiniOzoneClusterImpl-1277cde4-a404-4099-88bc-5733a0f2746f/datanode-3/data/ratis] (custom)
2019-10-03 19:53:22,039 [pool-413-thread-1] INFO  server.RaftServerConfigKeys (ConfUtils.java:logGet(43)) - raft.server.log.corruption.policy = EXCEPTION (default)
2019-10-03 19:53:22,039 [pool-413-thread-1] INFO  storage.RaftStorageDirectory (RaftStorageDirectory.java:analyzeStorage(246)) - The storage directory /workdir/hadoop-ozone/integration-test/target/test-dir/MiniOzoneClusterImpl-1277cde4-a404-4099-88bc-5733a0f2746f/datanode-3/data/ratis/e952a02e-19c1-4d0a-af0b-133dde9ec62f does not exist. Creating ...
2019-10-03 19:53:22,052 [pool-413-thread-1] INFO  storage.RaftStorageDirectory (RaftStorageDirectory.java:tryLock(328)) - Lock on /workdir/hadoop-ozone/integration-test/target/test-dir/MiniOzoneClusterImpl-1277cde4-a404-4099-88bc-5733a0f2746f/datanode-3/data/ratis/e952a02e-19c1-4d0a-af0b-133dde9ec62f/in_use.lock acquired by nodename 984@pr-hdds-2199-dnstouuidmap-84vvh-1531155352
2019-10-03 19:53:22,064 [pool-413-thread-1] INFO  storage.RaftStorage (RaftStorage.java:format(84)) - Storage directory /workdir/hadoop-ozone/integration-test/target/test-dir/MiniOzoneClusterImpl-1277cde4-a404-4099-88bc-5733a0f2746f/datanode-3/data/ratis/e952a02e-19c1-4d0a-af0b-133dde9ec62f has been successfully formatted.
2019-10-03 19:53:22,065 [pool-413-thread-1] INFO  ratis.ContainerStateMachine (ContainerStateMachine.java:loadSnapshot(230)) - group-133DDE9EC62F: The snapshot info is null. Setting the last applied indexto:(t:0, i:~)
2019-10-03 19:53:22,065 [pool-413-thread-1] INFO  server.RaftServerConfigKeys (ConfUtils.java:logGet(43)) - raft.server.notification.no-leader.timeout = 120s (custom)
2019-10-03 19:53:22,065 [pool-413-thread-1] INFO  server.RaftServerConfigKeys (ConfUtils.java:logGet(43)) - raft.server.log.use.memory = false (default)
2019-10-03 19:53:22,065 [pool-413-thread-1] INFO  server.RaftServerConfigKeys (ConfUtils.java:logGet(43)) - raft.server.log.purge.gap = 1000000 (custom)
2019-10-03 19:53:22,065 [pool-413-thread-1] INFO  server.RaftServerConfigKeys (ConfUtils.java:logGet(43)) - raft.server.log.appender.buffer.byte-limit = 33554432 (custom)
2019-10-03 19:53:22,065 [pool-413-thread-1] INFO  server.RaftServerConfigKeys (ConfUtils.java:logGet(43)) - raft.server.log.segment.size.max = 1048576 (custom)
2019-10-03 19:53:22,067 [pool-413-thread-1] INFO  server.RaftServerConfigKeys (ConfUtils.java:logGet(43)) - raft.server.log.segment.cache.num.max = 2 (custom)
2019-10-03 19:53:22,067 [pool-413-thread-1] INFO  segmented.SegmentedRaftLogWorker (SegmentedRaftLogWorker.java:<init>(173)) - new 092cf0d2-5d64-4f0a-81f7-c3af7735fcdb@group-133DDE9EC62F-SegmentedRaftLogWorker for RaftStorage:Storage Directory /workdir/hadoop-ozone/integration-test/target/test-dir/MiniOzoneClusterImpl-1277cde4-a404-4099-88bc-5733a0f2746f/datanode-3/data/ratis/e952a02e-19c1-4d0a-af0b-133dde9ec62f
2019-10-03 19:53:22,067 [pool-413-thread-1] INFO  server.RaftServerConfigKeys (ConfUtils.java:logGet(43)) - raft.server.log.queue.byte-limit = 2147483647 (custom)
2019-10-03 19:53:22,067 [pool-413-thread-1] INFO  server.RaftServerConfigKeys (ConfUtils.java:logGet(43)) - raft.server.log.queue.element-limit = 1024 (custom)
2019-10-03 19:53:22,067 [pool-413-thread-1] INFO  server.RaftServerConfigKeys (ConfUtils.java:logGet(43)) - raft.server.log.segment.size.max = 1048576 (custom)
2019-10-03 19:53:22,067 [pool-413-thread-1] INFO  server.RaftServerConfigKeys (ConfUtils.java:logGet(43)) - raft.server.log.preallocated.size = 16384 (custom)
2019-10-03 19:53:22,067 [pool-413-thread-1] INFO  server.RaftServerConfigKeys (ConfUtils.java:logGet(43)) - raft.server.log.write.buffer.size = 33554432 (custom)
2019-10-03 19:53:22,068 [pool-413-thread-1] INFO  server.RaftServerConfigKeys (ConfUtils.java:logGet(43)) - raft.server.log.force.sync.num = 128 (default)
2019-10-03 19:53:22,068 [pool-413-thread-1] INFO  server.RaftServerConfigKeys (ConfUtils.java:logGet(43)) - raft.server.log.statemachine.data.sync = true (default)
2019-10-03 19:53:22,068 [pool-413-thread-1] INFO  server.RaftServerConfigKeys (ConfUtils.java:logGet(43)) - raft.server.log.statemachine.data.sync.timeout = 10s (default)
2019-10-03 19:53:22,068 [pool-413-thread-1] INFO  server.RaftServerConfigKeys (ConfUtils.java:logGet(43)) - raft.server.log.statemachine.data.sync.timeout.retry = -1 (default)
2019-10-03 19:53:22,068 [pool-413-thread-1] INFO  server.RaftServerConfigKeys (ConfUtils.java:logGet(43)) - raft.server.log.statemachine.data.caching.enabled = true (custom)
2019-10-03 19:53:22,068 [pool-413-thread-1] INFO  segmented.SegmentedRaftLogWorker (SegmentedRaftLogWorker.java:lambda$new$0(128)) - 092cf0d2-5d64-4f0a-81f7-c3af7735fcdb@group-133DDE9EC62F-SegmentedRaftLogWorker: flushIndex: setUnconditionally 0 -> -1
2019-10-03 19:53:22,069 [pool-413-thread-1] INFO  server.RaftServerConfigKeys (ConfUtils.java:logGet(43)) - raft.server.snapshot.auto.trigger.enabled = true (custom)
2019-10-03 19:53:22,069 [pool-413-thread-1] INFO  server.RaftServerConfigKeys (ConfUtils.java:logGet(43)) - raft.server.snapshot.auto.trigger.threshold = 10000 (custom)
2019-10-03 19:53:22,069 [pool-413-thread-1] INFO  server.RaftServerConfigKeys (ConfUtils.java:logGet(43)) - raft.server.snapshot.retention.file.num = 5 (custom)
2019-10-03 19:53:22,069 [pool-413-thread-1] INFO  server.RaftServerConfigKeys (ConfUtils.java:logGet(43)) - raft.server.retrycache.expirytime = 600000ms (custom)
2019-10-03 19:53:22,071 [pool-413-thread-1] INFO  impl.RaftServerImpl (RaftServerImpl.java:start(181)) - 092cf0d2-5d64-4f0a-81f7-c3af7735fcdb@group-133DDE9EC62F: start as a follower, conf=-1: [092cf0d2-5d64-4f0a-81f7-c3af7735fcdb:192.168.164.195:35706], old=null
2019-10-03 19:53:22,071 [pool-413-thread-1] INFO  impl.RaftServerImpl (RaftServerImpl.java:setRole(170)) - 092cf0d2-5d64-4f0a-81f7-c3af7735fcdb@group-133DDE9EC62F: changes role from      null to FOLLOWER at term 0 for startAsFollower
2019-10-03 19:53:22,071 [pool-413-thread-1] INFO  impl.RoleInfo (RoleInfo.java:updateAndGet(143)) - 092cf0d2-5d64-4f0a-81f7-c3af7735fcdb: start FollowerState
2019-10-03 19:53:22,071 [pool-413-thread-1] INFO  util.JmxRegister (JmxRegister.java:tryRegister(44)) - Successfully registered JMX Bean with object name Ratis:service=RaftServer,group=group-133DDE9EC62F,id=092cf0d2-5d64-4f0a-81f7-c3af7735fcdb
2019-10-03 19:53:22,076 [RatisPipelineUtilsThread] INFO  pipeline.PipelineStateManager (PipelineStateManager.java:addPipeline(56)) - Created pipeline Pipeline[ Id: e952a02e-19c1-4d0a-af0b-133dde9ec62f, Nodes: 092cf0d2-5d64-4f0a-81f7-c3af7735fcdb{ip: 192.168.164.195, host: pr-hdds-2199-dnstouuidmap-84vvh-1531155352, networkLocation: /default-rack, certSerialId: null}, Type:RATIS, Factor:ONE, State:OPEN]
2019-10-03 19:53:22,093 [IPC Server handler 1 on 35539] INFO  net.NetworkTopology (NetworkTopologyImpl.java:add(111)) - Added a new node: /default-rack/4532c6d6-fa2f-4f5c-9ba8-2924db140c1f
2019-10-03 19:53:22,093 [grpc-default-executor-2] INFO  impl.RaftServerProxy (RaftServerProxy.java:addNew(89)) - 092cf0d2-5d64-4f0a-81f7-c3af7735fcdb: addNew group-311569148025:[ec68cd31-786a-4caa-9bbb-4f7512a61922:192.168.164.195:34756, 092cf0d2-5d64-4f0a-81f7-c3af7735fcdb:192.168.164.195:35706, 8a3381ef-363a-4b22-9139-8be250b93f9a:192.168.164.195:46598] returns group-311569148025:java.util.concurrent.CompletableFuture@f67fb72[Not completed]
2019-10-03 19:53:22,093 [IPC Server handler 1 on 35539] INFO  node.SCMNodeManager (SCMNodeManager.java:register(268)) - Registered Data node : 4532c6d6-fa2f-4f5c-9ba8-2924db140c1f{ip: 192.168.164.195, host: pr-hdds-2199-dnstouuidmap-84vvh-1531155352, networkLocation: /default-rack, certSerialId: null}
2019-10-03 19:53:22,098 [grpc-default-executor-6] INFO  impl.RaftServerProxy (RaftServerProxy.java:addNew(89)) - 8a3381ef-363a-4b22-9139-8be250b93f9a: addNew group-311569148025:[ec68cd31-786a-4caa-9bbb-4f7512a61922:192.168.164.195:34756, 092cf0d2-5d64-4f0a-81f7-c3af7735fcdb:192.168.164.195:35706, 8a3381ef-363a-4b22-9139-8be250b93f9a:192.168.164.195:46598] returns group-311569148025:java.util.concurrent.CompletableFuture@507275e8[Not completed]
2019-10-03 19:53:22,098 [grpc-default-executor-3] INFO  impl.RaftServerProxy (RaftServerProxy.java:addNew(89)) - ec68cd31-786a-4caa-9bbb-4f7512a61922: addNew group-311569148025:[ec68cd31-786a-4caa-9bbb-4f7512a61922:192.168.164.195:34756, 092cf0d2-5d64-4f0a-81f7-c3af7735fcdb:192.168.164.195:35706, 8a3381ef-363a-4b22-9139-8be250b93f9a:192.168.164.195:46598] returns group-311569148025:java.util.concurrent.CompletableFuture@78aa2705[Not completed]
2019-10-03 19:53:22,099 [pool-413-thread-1] INFO  impl.RaftServerImpl (RaftServerImpl.java:<init>(95)) - 092cf0d2-5d64-4f0a-81f7-c3af7735fcdb: new RaftServerImpl for group-311569148025:[ec68cd31-786a-4caa-9bbb-4f7512a61922:192.168.164.195:34756, 092cf0d2-5d64-4f0a-81f7-c3af7735fcdb:192.168.164.195:35706, 8a3381ef-363a-4b22-9139-8be250b93f9a:192.168.164.195:46598] with ContainerStateMachine:uninitialized
2019-10-03 19:53:22,100 [pool-413-thread-1] INFO  server.RaftServerConfigKeys (ConfUtils.java:logGet(43)) - raft.server.rpc.timeout.min = 5s (custom)
2019-10-03 19:53:22,100 [pool-413-thread-1] INFO  server.RaftServerConfigKeys (ConfUtils.java:logGet(43)) - raft.server.rpc.timeout.max = 5200ms (custom)
2019-10-03 19:53:22,100 [pool-413-thread-1] INFO  server.RaftServerConfigKeys (ConfUtils.java:logGet(43)) - raft.server.rpcslowness.timeout = 120s (custom)
2019-10-03 19:53:22,100 [pool-413-thread-1] INFO  server.RaftServerConfigKeys (ConfUtils.java:logGet(43)) - raft.server.sleep.deviation.threshold = 300 (default)
2019-10-03 19:53:22,100 [pool-413-thread-1] INFO  server.RaftServerConfigKeys (ConfUtils.java:logGet(43)) - raft.server.log.appender.install.snapshot.enabled = false (custom)
2019-10-03 19:53:22,100 [pool-393-thread-1] INFO  impl.RaftServerImpl (RaftServerImpl.java:<init>(95)) - ec68cd31-786a-4caa-9bbb-4f7512a61922: new RaftServerImpl for group-311569148025:[ec68cd31-786a-4caa-9bbb-4f7512a61922:192.168.164.195:34756, 092cf0d2-5d64-4f0a-81f7-c3af7735fcdb:192.168.164.195:35706, 8a3381ef-363a-4b22-9139-8be250b93f9a:192.168.164.195:46598] with ContainerStateMachine:uninitialized
2019-10-03 19:53:22,100 [pool-413-thread-1] INFO  impl.RaftServerImpl (ServerState.java:<init>(103)) - 092cf0d2-5d64-4f0a-81f7-c3af7735fcdb@group-311569148025: ConfigurationManager, init=-1: [ec68cd31-786a-4caa-9bbb-4f7512a61922:192.168.164.195:34756, 092cf0d2-5d64-4f0a-81f7-c3af7735fcdb:192.168.164.195:35706, 8a3381ef-363a-4b22-9139-8be250b93f9a:192.168.164.195:46598], old=null, confs=<EMPTY_MAP>
2019-10-03 19:53:22,100 [pool-393-thread-1] INFO  server.RaftServerConfigKeys (ConfUtils.java:logGet(43)) - raft.server.rpc.timeout.min = 5s (custom)
2019-10-03 19:53:22,101 [pool-413-thread-1] INFO  server.RaftServerConfigKeys (ConfUtils.java:logGet(43)) - raft.server.storage.dir = [/workdir/hadoop-ozone/integration-test/target/test-dir/MiniOzoneClusterImpl-1277cde4-a404-4099-88bc-5733a0f2746f/datanode-3/data/ratis] (custom)
2019-10-03 19:53:22,101 [pool-393-thread-1] INFO  server.RaftServerConfigKeys (ConfUtils.java:logGet(43)) - raft.server.rpc.timeout.max = 5200ms (custom)
2019-10-03 19:53:22,101 [pool-393-thread-1] INFO  server.RaftServerConfigKeys (ConfUtils.java:logGet(43)) - raft.server.rpcslowness.timeout = 120s (custom)
2019-10-03 19:53:22,101 [pool-413-thread-1] INFO  server.RaftServerConfigKeys (ConfUtils.java:logGet(43)) - raft.server.log.corruption.policy = EXCEPTION (default)
2019-10-03 19:53:22,101 [pool-403-thread-1] INFO  impl.RaftServerImpl (RaftServerImpl.java:<init>(95)) - 8a3381ef-363a-4b22-9139-8be250b93f9a: new RaftServerImpl for group-311569148025:[ec68cd31-786a-4caa-9bbb-4f7512a61922:192.168.164.195:34756, 092cf0d2-5d64-4f0a-81f7-c3af7735fcdb:192.168.164.195:35706, 8a3381ef-363a-4b22-9139-8be250b93f9a:192.168.164.195:46598] with ContainerStateMachine:uninitialized
2019-10-03 19:53:22,101 [pool-393-thread-1] INFO  server.RaftServerConfigKeys (ConfUtils.java:logGet(43)) - raft.server.sleep.deviation.threshold = 300 (default)
2019-10-03 19:53:22,101 [pool-403-thread-1] INFO  server.RaftServerConfigKeys (ConfUtils.java:logGet(43)) - raft.server.rpc.timeout.min = 5s (custom)
2019-10-03 19:53:22,101 [pool-413-thread-1] INFO  storage.RaftStorageDirectory (RaftStorageDirectory.java:analyzeStorage(246)) - The storage directory /workdir/hadoop-ozone/integration-test/target/test-dir/MiniOzoneClusterImpl-1277cde4-a404-4099-88bc-5733a0f2746f/datanode-3/data/ratis/e01926eb-76f2-40a7-80a9-311569148025 does not exist. Creating ...
2019-10-03 19:53:22,101 [pool-403-thread-1] INFO  server.RaftServerConfigKeys (ConfUtils.java:logGet(43)) - raft.server.rpc.timeout.max = 5200ms (custom)
2019-10-03 19:53:22,101 [pool-393-thread-1] INFO  server.RaftServerConfigKeys (ConfUtils.java:logGet(43)) - raft.server.log.appender.install.snapshot.enabled = false (custom)
2019-10-03 19:53:22,102 [pool-403-thread-1] INFO  server.RaftServerConfigKeys (ConfUtils.java:logGet(43)) - raft.server.rpcslowness.timeout = 120s (custom)
2019-10-03 19:53:22,102 [pool-393-thread-1] INFO  impl.RaftServerImpl (ServerState.java:<init>(103)) - ec68cd31-786a-4caa-9bbb-4f7512a61922@group-311569148025: ConfigurationManager, init=-1: [ec68cd31-786a-4caa-9bbb-4f7512a61922:192.168.164.195:34756, 092cf0d2-5d64-4f0a-81f7-c3af7735fcdb:192.168.164.195:35706, 8a3381ef-363a-4b22-9139-8be250b93f9a:192.168.164.195:46598], old=null, confs=<EMPTY_MAP>
2019-10-03 19:53:22,102 [pool-403-thread-1] INFO  server.RaftServerConfigKeys (ConfUtils.java:logGet(43)) - raft.server.sleep.deviation.threshold = 300 (default)
2019-10-03 19:53:22,102 [pool-393-thread-1] INFO  server.RaftServerConfigKeys (ConfUtils.java:logGet(43)) - raft.server.storage.dir = [/workdir/hadoop-ozone/integration-test/target/test-dir/MiniOzoneClusterImpl-1277cde4-a404-4099-88bc-5733a0f2746f/datanode-1/data/ratis] (custom)
2019-10-03 19:53:22,102 [pool-403-thread-1] INFO  server.RaftServerConfigKeys (ConfUtils.java:logGet(43)) - raft.server.log.appender.install.snapshot.enabled = false (custom)
2019-10-03 19:53:22,102 [pool-393-thread-1] INFO  server.RaftServerConfigKeys (ConfUtils.java:logGet(43)) - raft.server.log.corruption.policy = EXCEPTION (default)
2019-10-03 19:53:22,102 [pool-403-thread-1] INFO  impl.RaftServerImpl (ServerState.java:<init>(103)) - 8a3381ef-363a-4b22-9139-8be250b93f9a@group-311569148025: ConfigurationManager, init=-1: [ec68cd31-786a-4caa-9bbb-4f7512a61922:192.168.164.195:34756, 092cf0d2-5d64-4f0a-81f7-c3af7735fcdb:192.168.164.195:35706, 8a3381ef-363a-4b22-9139-8be250b93f9a:192.168.164.195:46598], old=null, confs=<EMPTY_MAP>
2019-10-03 19:53:22,103 [pool-393-thread-1] INFO  storage.RaftStorageDirectory (RaftStorageDirectory.java:analyzeStorage(246)) - The storage directory /workdir/hadoop-ozone/integration-test/target/test-dir/MiniOzoneClusterImpl-1277cde4-a404-4099-88bc-5733a0f2746f/datanode-1/data/ratis/e01926eb-76f2-40a7-80a9-311569148025 does not exist. Creating ...
2019-10-03 19:53:22,103 [pool-403-thread-1] INFO  server.RaftServerConfigKeys (ConfUtils.java:logGet(43)) - raft.server.storage.dir = [/workdir/hadoop-ozone/integration-test/target/test-dir/MiniOzoneClusterImpl-1277cde4-a404-4099-88bc-5733a0f2746f/datanode-2/data/ratis] (custom)
2019-10-03 19:53:22,103 [pool-403-thread-1] INFO  server.RaftServerConfigKeys (ConfUtils.java:logGet(43)) - raft.server.log.corruption.policy = EXCEPTION (default)
2019-10-03 19:53:22,103 [pool-403-thread-1] INFO  storage.RaftStorageDirectory (RaftStorageDirectory.java:analyzeStorage(246)) - The storage directory /workdir/hadoop-ozone/integration-test/target/test-dir/MiniOzoneClusterImpl-1277cde4-a404-4099-88bc-5733a0f2746f/datanode-2/data/ratis/e01926eb-76f2-40a7-80a9-311569148025 does not exist. Creating ...
2019-10-03 19:53:22,115 [pool-403-thread-1] INFO  storage.RaftStorageDirectory (RaftStorageDirectory.java:tryLock(328)) - Lock on /workdir/hadoop-ozone/integration-test/target/test-dir/MiniOzoneClusterImpl-1277cde4-a404-4099-88bc-5733a0f2746f/datanode-2/data/ratis/e01926eb-76f2-40a7-80a9-311569148025/in_use.lock acquired by nodename 984@pr-hdds-2199-dnstouuidmap-84vvh-1531155352
2019-10-03 19:53:22,115 [pool-413-thread-1] INFO  storage.RaftStorageDirectory (RaftStorageDirectory.java:tryLock(328)) - Lock on /workdir/hadoop-ozone/integration-test/target/test-dir/MiniOzoneClusterImpl-1277cde4-a404-4099-88bc-5733a0f2746f/datanode-3/data/ratis/e01926eb-76f2-40a7-80a9-311569148025/in_use.lock acquired by nodename 984@pr-hdds-2199-dnstouuidmap-84vvh-1531155352
2019-10-03 19:53:22,115 [pool-393-thread-1] INFO  storage.RaftStorageDirectory (RaftStorageDirectory.java:tryLock(328)) - Lock on /workdir/hadoop-ozone/integration-test/target/test-dir/MiniOzoneClusterImpl-1277cde4-a404-4099-88bc-5733a0f2746f/datanode-1/data/ratis/e01926eb-76f2-40a7-80a9-311569148025/in_use.lock acquired by nodename 984@pr-hdds-2199-dnstouuidmap-84vvh-1531155352
2019-10-03 19:53:22,129 [pool-413-thread-1] INFO  storage.RaftStorage (RaftStorage.java:format(84)) - Storage directory /workdir/hadoop-ozone/integration-test/target/test-dir/MiniOzoneClusterImpl-1277cde4-a404-4099-88bc-5733a0f2746f/datanode-3/data/ratis/e01926eb-76f2-40a7-80a9-311569148025 has been successfully formatted.
2019-10-03 19:53:22,129 [pool-403-thread-1] INFO  storage.RaftStorage (RaftStorage.java:format(84)) - Storage directory /workdir/hadoop-ozone/integration-test/target/test-dir/MiniOzoneClusterImpl-1277cde4-a404-4099-88bc-5733a0f2746f/datanode-2/data/ratis/e01926eb-76f2-40a7-80a9-311569148025 has been successfully formatted.
2019-10-03 19:53:22,129 [pool-393-thread-1] INFO  storage.RaftStorage (RaftStorage.java:format(84)) - Storage directory /workdir/hadoop-ozone/integration-test/target/test-dir/MiniOzoneClusterImpl-1277cde4-a404-4099-88bc-5733a0f2746f/datanode-1/data/ratis/e01926eb-76f2-40a7-80a9-311569148025 has been successfully formatted.
2019-10-03 19:53:22,129 [pool-413-thread-1] INFO  ratis.ContainerStateMachine (ContainerStateMachine.java:loadSnapshot(230)) - group-311569148025: The snapshot info is null. Setting the last applied indexto:(t:0, i:~)
2019-10-03 19:53:22,129 [pool-393-thread-1] INFO  ratis.ContainerStateMachine (ContainerStateMachine.java:loadSnapshot(230)) - group-311569148025: The snapshot info is null. Setting the last applied indexto:(t:0, i:~)
2019-10-03 19:53:22,129 [pool-403-thread-1] INFO  ratis.ContainerStateMachine (ContainerStateMachine.java:loadSnapshot(230)) - group-311569148025: The snapshot info is null. Setting the last applied indexto:(t:0, i:~)
2019-10-03 19:53:22,129 [pool-393-thread-1] INFO  server.RaftServerConfigKeys (ConfUtils.java:logGet(43)) - raft.server.notification.no-leader.timeout = 120s (custom)
2019-10-03 19:53:22,129 [pool-413-thread-1] INFO  server.RaftServerConfigKeys (ConfUtils.java:logGet(43)) - raft.server.notification.no-leader.timeout = 120s (custom)
2019-10-03 19:53:22,129 [pool-393-thread-1] INFO  server.RaftServerConfigKeys (ConfUtils.java:logGet(43)) - raft.server.log.use.memory = false (default)
2019-10-03 19:53:22,129 [pool-403-thread-1] INFO  server.RaftServerConfigKeys (ConfUtils.java:logGet(43)) - raft.server.notification.no-leader.timeout = 120s (custom)
2019-10-03 19:53:22,130 [pool-393-thread-1] INFO  server.RaftServerConfigKeys (ConfUtils.java:logGet(43)) - raft.server.log.purge.gap = 1000000 (custom)
2019-10-03 19:53:22,130 [pool-413-thread-1] INFO  server.RaftServerConfigKeys (ConfUtils.java:logGet(43)) - raft.server.log.use.memory = false (default)
2019-10-03 19:53:22,130 [pool-393-thread-1] INFO  server.RaftServerConfigKeys (ConfUtils.java:logGet(43)) - raft.server.log.appender.buffer.byte-limit = 33554432 (custom)
2019-10-03 19:53:22,130 [pool-403-thread-1] INFO  server.RaftServerConfigKeys (ConfUtils.java:logGet(43)) - raft.server.log.use.memory = false (default)
2019-10-03 19:53:22,130 [pool-393-thread-1] INFO  server.RaftServerConfigKeys (ConfUtils.java:logGet(43)) - raft.server.log.segment.size.max = 1048576 (custom)
2019-10-03 19:53:22,130 [pool-413-thread-1] INFO  server.RaftServerConfigKeys (ConfUtils.java:logGet(43)) - raft.server.log.purge.gap = 1000000 (custom)
2019-10-03 19:53:22,130 [pool-393-thread-1] INFO  server.RaftServerConfigKeys (ConfUtils.java:logGet(43)) - raft.server.log.segment.cache.num.max = 2 (custom)
2019-10-03 19:53:22,130 [pool-403-thread-1] INFO  server.RaftServerConfigKeys (ConfUtils.java:logGet(43)) - raft.server.log.purge.gap = 1000000 (custom)
2019-10-03 19:53:22,130 [pool-393-thread-1] INFO  segmented.SegmentedRaftLogWorker (SegmentedRaftLogWorker.java:<init>(173)) - new ec68cd31-786a-4caa-9bbb-4f7512a61922@group-311569148025-SegmentedRaftLogWorker for RaftStorage:Storage Directory /workdir/hadoop-ozone/integration-test/target/test-dir/MiniOzoneClusterImpl-1277cde4-a404-4099-88bc-5733a0f2746f/datanode-1/data/ratis/e01926eb-76f2-40a7-80a9-311569148025
2019-10-03 19:53:22,130 [pool-413-thread-1] INFO  server.RaftServerConfigKeys (ConfUtils.java:logGet(43)) - raft.server.log.appender.buffer.byte-limit = 33554432 (custom)
2019-10-03 19:53:22,131 [pool-393-thread-1] INFO  server.RaftServerConfigKeys (ConfUtils.java:logGet(43)) - raft.server.log.queue.byte-limit = 2147483647 (custom)
2019-10-03 19:53:22,131 [pool-403-thread-1] INFO  server.RaftServerConfigKeys (ConfUtils.java:logGet(43)) - raft.server.log.appender.buffer.byte-limit = 33554432 (custom)
2019-10-03 19:53:22,131 [pool-393-thread-1] INFO  server.RaftServerConfigKeys (ConfUtils.java:logGet(43)) - raft.server.log.queue.element-limit = 1024 (custom)
2019-10-03 19:53:22,131 [pool-413-thread-1] INFO  server.RaftServerConfigKeys (ConfUtils.java:logGet(43)) - raft.server.log.segment.size.max = 1048576 (custom)
2019-10-03 19:53:22,131 [pool-393-thread-1] INFO  server.RaftServerConfigKeys (ConfUtils.java:logGet(43)) - raft.server.log.segment.size.max = 1048576 (custom)
2019-10-03 19:53:22,131 [pool-403-thread-1] INFO  server.RaftServerConfigKeys (ConfUtils.java:logGet(43)) - raft.server.log.segment.size.max = 1048576 (custom)
2019-10-03 19:53:22,131 [pool-393-thread-1] INFO  server.RaftServerConfigKeys (ConfUtils.java:logGet(43)) - raft.server.log.preallocated.size = 16384 (custom)
2019-10-03 19:53:22,131 [pool-413-thread-1] INFO  server.RaftServerConfigKeys (ConfUtils.java:logGet(43)) - raft.server.log.segment.cache.num.max = 2 (custom)
2019-10-03 19:53:22,131 [pool-393-thread-1] INFO  server.RaftServerConfigKeys (ConfUtils.java:logGet(43)) - raft.server.log.write.buffer.size = 33554432 (custom)
2019-10-03 19:53:22,131 [pool-403-thread-1] INFO  server.RaftServerConfigKeys (ConfUtils.java:logGet(43)) - raft.server.log.segment.cache.num.max = 2 (custom)
2019-10-03 19:53:22,132 [pool-393-thread-1] INFO  server.RaftServerConfigKeys (ConfUtils.java:logGet(43)) - raft.server.log.force.sync.num = 128 (default)
2019-10-03 19:53:22,132 [pool-413-thread-1] INFO  segmented.SegmentedRaftLogWorker (SegmentedRaftLogWorker.java:<init>(173)) - new 092cf0d2-5d64-4f0a-81f7-c3af7735fcdb@group-311569148025-SegmentedRaftLogWorker for RaftStorage:Storage Directory /workdir/hadoop-ozone/integration-test/target/test-dir/MiniOzoneClusterImpl-1277cde4-a404-4099-88bc-5733a0f2746f/datanode-3/data/ratis/e01926eb-76f2-40a7-80a9-311569148025
2019-10-03 19:53:22,132 [pool-393-thread-1] INFO  server.RaftServerConfigKeys (ConfUtils.java:logGet(43)) - raft.server.log.statemachine.data.sync = true (default)
2019-10-03 19:53:22,132 [pool-403-thread-1] INFO  segmented.SegmentedRaftLogWorker (SegmentedRaftLogWorker.java:<init>(173)) - new 8a3381ef-363a-4b22-9139-8be250b93f9a@group-311569148025-SegmentedRaftLogWorker for RaftStorage:Storage Directory /workdir/hadoop-ozone/integration-test/target/test-dir/MiniOzoneClusterImpl-1277cde4-a404-4099-88bc-5733a0f2746f/datanode-2/data/ratis/e01926eb-76f2-40a7-80a9-311569148025
2019-10-03 19:53:22,132 [pool-393-thread-1] INFO  server.RaftServerConfigKeys (ConfUtils.java:logGet(43)) - raft.server.log.statemachine.data.sync.timeout = 10s (default)
2019-10-03 19:53:22,132 [pool-413-thread-1] INFO  server.RaftServerConfigKeys (ConfUtils.java:logGet(43)) - raft.server.log.queue.byte-limit = 2147483647 (custom)
2019-10-03 19:53:22,132 [pool-393-thread-1] INFO  server.RaftServerConfigKeys (ConfUtils.java:logGet(43)) - raft.server.log.statemachine.data.sync.timeout.retry = -1 (default)
2019-10-03 19:53:22,132 [pool-403-thread-1] INFO  server.RaftServerConfigKeys (ConfUtils.java:logGet(43)) - raft.server.log.queue.byte-limit = 2147483647 (custom)
2019-10-03 19:53:22,133 [pool-393-thread-1] INFO  server.RaftServerConfigKeys (ConfUtils.java:logGet(43)) - raft.server.log.statemachine.data.caching.enabled = true (custom)
2019-10-03 19:53:22,132 [pool-413-thread-1] INFO  server.RaftServerConfigKeys (ConfUtils.java:logGet(43)) - raft.server.log.queue.element-limit = 1024 (custom)
2019-10-03 19:53:22,133 [pool-403-thread-1] INFO  server.RaftServerConfigKeys (ConfUtils.java:logGet(43)) - raft.server.log.queue.element-limit = 1024 (custom)
2019-10-03 19:53:22,133 [pool-413-thread-1] INFO  server.RaftServerConfigKeys (ConfUtils.java:logGet(43)) - raft.server.log.segment.size.max = 1048576 (custom)
2019-10-03 19:53:22,133 [pool-393-thread-1] INFO  segmented.SegmentedRaftLogWorker (SegmentedRaftLogWorker.java:lambda$new$0(128)) - ec68cd31-786a-4caa-9bbb-4f7512a61922@group-311569148025-SegmentedRaftLogWorker: flushIndex: setUnconditionally 0 -> -1
2019-10-03 19:53:22,133 [pool-413-thread-1] INFO  server.RaftServerConfigKeys (ConfUtils.java:logGet(43)) - raft.server.log.preallocated.size = 16384 (custom)
2019-10-03 19:53:22,133 [pool-403-thread-1] INFO  server.RaftServerConfigKeys (ConfUtils.java:logGet(43)) - raft.server.log.segment.size.max = 1048576 (custom)
2019-10-03 19:53:22,133 [pool-393-thread-1] INFO  server.RaftServerConfigKeys (ConfUtils.java:logGet(43)) - raft.server.snapshot.auto.trigger.enabled = true (custom)
2019-10-03 19:53:22,133 [pool-413-thread-1] INFO  server.RaftServerConfigKeys (ConfUtils.java:logGet(43)) - raft.server.log.write.buffer.size = 33554432 (custom)
2019-10-03 19:53:22,134 [pool-393-thread-1] INFO  server.RaftServerConfigKeys (ConfUtils.java:logGet(43)) - raft.server.snapshot.auto.trigger.threshold = 10000 (custom)
2019-10-03 19:53:22,134 [pool-403-thread-1] INFO  server.RaftServerConfigKeys (ConfUtils.java:logGet(43)) - raft.server.log.preallocated.size = 16384 (custom)
2019-10-03 19:53:22,134 [pool-393-thread-1] INFO  server.RaftServerConfigKeys (ConfUtils.java:logGet(43)) - raft.server.snapshot.retention.file.num = 5 (custom)
2019-10-03 19:53:22,134 [pool-413-thread-1] INFO  server.RaftServerConfigKeys (ConfUtils.java:logGet(43)) - raft.server.log.force.sync.num = 128 (default)
2019-10-03 19:53:22,134 [pool-393-thread-1] INFO  server.RaftServerConfigKeys (ConfUtils.java:logGet(43)) - raft.server.retrycache.expirytime = 600000ms (custom)
2019-10-03 19:53:22,134 [pool-403-thread-1] INFO  server.RaftServerConfigKeys (ConfUtils.java:logGet(43)) - raft.server.log.write.buffer.size = 33554432 (custom)
2019-10-03 19:53:22,134 [pool-413-thread-1] INFO  server.RaftServerConfigKeys (ConfUtils.java:logGet(43)) - raft.server.log.statemachine.data.sync = true (default)
2019-10-03 19:53:22,134 [pool-403-thread-1] INFO  server.RaftServerConfigKeys (ConfUtils.java:logGet(43)) - raft.server.log.force.sync.num = 128 (default)
2019-10-03 19:53:22,135 [pool-413-thread-1] INFO  server.RaftServerConfigKeys (ConfUtils.java:logGet(43)) - raft.server.log.statemachine.data.sync.timeout = 10s (default)
2019-10-03 19:53:22,135 [pool-403-thread-1] INFO  server.RaftServerConfigKeys (ConfUtils.java:logGet(43)) - raft.server.log.statemachine.data.sync = true (default)
2019-10-03 19:53:22,135 [pool-413-thread-1] INFO  server.RaftServerConfigKeys (ConfUtils.java:logGet(43)) - raft.server.log.statemachine.data.sync.timeout.retry = -1 (default)
2019-10-03 19:53:22,135 [pool-403-thread-1] INFO  server.RaftServerConfigKeys (ConfUtils.java:logGet(43)) - raft.server.log.statemachine.data.sync.timeout = 10s (default)
2019-10-03 19:53:22,135 [pool-413-thread-1] INFO  server.RaftServerConfigKeys (ConfUtils.java:logGet(43)) - raft.server.log.statemachine.data.caching.enabled = true (custom)
2019-10-03 19:53:22,135 [pool-403-thread-1] INFO  server.RaftServerConfigKeys (ConfUtils.java:logGet(43)) - raft.server.log.statemachine.data.sync.timeout.retry = -1 (default)
2019-10-03 19:53:22,136 [pool-413-thread-1] INFO  segmented.SegmentedRaftLogWorker (SegmentedRaftLogWorker.java:lambda$new$0(128)) - 092cf0d2-5d64-4f0a-81f7-c3af7735fcdb@group-311569148025-SegmentedRaftLogWorker: flushIndex: setUnconditionally 0 -> -1
2019-10-03 19:53:22,136 [pool-393-thread-1] INFO  impl.RaftServerImpl (RaftServerImpl.java:start(181)) - ec68cd31-786a-4caa-9bbb-4f7512a61922@group-311569148025: start as a follower, conf=-1: [ec68cd31-786a-4caa-9bbb-4f7512a61922:192.168.164.195:34756, 092cf0d2-5d64-4f0a-81f7-c3af7735fcdb:192.168.164.195:35706, 8a3381ef-363a-4b22-9139-8be250b93f9a:192.168.164.195:46598], old=null
2019-10-03 19:53:22,136 [pool-403-thread-1] INFO  server.RaftServerConfigKeys (ConfUtils.java:logGet(43)) - raft.server.log.statemachine.data.caching.enabled = true (custom)
2019-10-03 19:53:22,136 [pool-413-thread-1] INFO  server.RaftServerConfigKeys (ConfUtils.java:logGet(43)) - raft.server.snapshot.auto.trigger.enabled = true (custom)
2019-10-03 19:53:22,136 [pool-393-thread-1] INFO  impl.RaftServerImpl (RaftServerImpl.java:setRole(170)) - ec68cd31-786a-4caa-9bbb-4f7512a61922@group-311569148025: changes role from      null to FOLLOWER at term 0 for startAsFollower
2019-10-03 19:53:22,136 [pool-413-thread-1] INFO  server.RaftServerConfigKeys (ConfUtils.java:logGet(43)) - raft.server.snapshot.auto.trigger.threshold = 10000 (custom)
2019-10-03 19:53:22,136 [pool-393-thread-1] INFO  impl.RoleInfo (RoleInfo.java:updateAndGet(143)) - ec68cd31-786a-4caa-9bbb-4f7512a61922: start FollowerState
2019-10-03 19:53:22,136 [pool-403-thread-1] INFO  segmented.SegmentedRaftLogWorker (SegmentedRaftLogWorker.java:lambda$new$0(128)) - 8a3381ef-363a-4b22-9139-8be250b93f9a@group-311569148025-SegmentedRaftLogWorker: flushIndex: setUnconditionally 0 -> -1
2019-10-03 19:53:22,137 [pool-393-thread-1] INFO  util.JmxRegister (JmxRegister.java:tryRegister(44)) - Successfully registered JMX Bean with object name Ratis:service=RaftServer,group=group-311569148025,id=ec68cd31-786a-4caa-9bbb-4f7512a61922
2019-10-03 19:53:22,136 [pool-413-thread-1] INFO  server.RaftServerConfigKeys (ConfUtils.java:logGet(43)) - raft.server.snapshot.retention.file.num = 5 (custom)
2019-10-03 19:53:22,137 [pool-403-thread-1] INFO  server.RaftServerConfigKeys (ConfUtils.java:logGet(43)) - raft.server.snapshot.auto.trigger.enabled = true (custom)
2019-10-03 19:53:22,137 [pool-413-thread-1] INFO  server.RaftServerConfigKeys (ConfUtils.java:logGet(43)) - raft.server.retrycache.expirytime = 600000ms (custom)
2019-10-03 19:53:22,137 [pool-403-thread-1] INFO  server.RaftServerConfigKeys (ConfUtils.java:logGet(43)) - raft.server.snapshot.auto.trigger.threshold = 10000 (custom)
2019-10-03 19:53:22,137 [pool-403-thread-1] INFO  server.RaftServerConfigKeys (ConfUtils.java:logGet(43)) - raft.server.snapshot.retention.file.num = 5 (custom)
2019-10-03 19:53:22,137 [pool-403-thread-1] INFO  server.RaftServerConfigKeys (ConfUtils.java:logGet(43)) - raft.server.retrycache.expirytime = 600000ms (custom)
2019-10-03 19:53:22,140 [pool-413-thread-1] INFO  impl.RaftServerImpl (RaftServerImpl.java:start(181)) - 092cf0d2-5d64-4f0a-81f7-c3af7735fcdb@group-311569148025: start as a follower, conf=-1: [ec68cd31-786a-4caa-9bbb-4f7512a61922:192.168.164.195:34756, 092cf0d2-5d64-4f0a-81f7-c3af7735fcdb:192.168.164.195:35706, 8a3381ef-363a-4b22-9139-8be250b93f9a:192.168.164.195:46598], old=null
2019-10-03 19:53:22,140 [pool-413-thread-1] INFO  impl.RaftServerImpl (RaftServerImpl.java:setRole(170)) - 092cf0d2-5d64-4f0a-81f7-c3af7735fcdb@group-311569148025: changes role from      null to FOLLOWER at term 0 for startAsFollower
2019-10-03 19:53:22,140 [pool-413-thread-1] INFO  impl.RoleInfo (RoleInfo.java:updateAndGet(143)) - 092cf0d2-5d64-4f0a-81f7-c3af7735fcdb: start FollowerState
2019-10-03 19:53:22,140 [pool-403-thread-1] INFO  impl.RaftServerImpl (RaftServerImpl.java:start(181)) - 8a3381ef-363a-4b22-9139-8be250b93f9a@group-311569148025: start as a follower, conf=-1: [ec68cd31-786a-4caa-9bbb-4f7512a61922:192.168.164.195:34756, 092cf0d2-5d64-4f0a-81f7-c3af7735fcdb:192.168.164.195:35706, 8a3381ef-363a-4b22-9139-8be250b93f9a:192.168.164.195:46598], old=null
2019-10-03 19:53:22,140 [pool-413-thread-1] INFO  util.JmxRegister (JmxRegister.java:tryRegister(44)) - Successfully registered JMX Bean with object name Ratis:service=RaftServer,group=group-311569148025,id=092cf0d2-5d64-4f0a-81f7-c3af7735fcdb
2019-10-03 19:53:22,140 [pool-403-thread-1] INFO  impl.RaftServerImpl (RaftServerImpl.java:setRole(170)) - 8a3381ef-363a-4b22-9139-8be250b93f9a@group-311569148025: changes role from      null to FOLLOWER at term 0 for startAsFollower
2019-10-03 19:53:22,141 [pool-403-thread-1] INFO  impl.RoleInfo (RoleInfo.java:updateAndGet(143)) - 8a3381ef-363a-4b22-9139-8be250b93f9a: start FollowerState
2019-10-03 19:53:22,141 [pool-403-thread-1] INFO  util.JmxRegister (JmxRegister.java:tryRegister(44)) - Successfully registered JMX Bean with object name Ratis:service=RaftServer,group=group-311569148025,id=8a3381ef-363a-4b22-9139-8be250b93f9a
2019-10-03 19:53:22,145 [RatisPipelineUtilsThread] INFO  pipeline.PipelineStateManager (PipelineStateManager.java:addPipeline(56)) - Created pipeline Pipeline[ Id: e01926eb-76f2-40a7-80a9-311569148025, Nodes: ec68cd31-786a-4caa-9bbb-4f7512a61922{ip: 192.168.164.195, host: pr-hdds-2199-dnstouuidmap-84vvh-1531155352, networkLocation: /default-rack, certSerialId: null}092cf0d2-5d64-4f0a-81f7-c3af7735fcdb{ip: 192.168.164.195, host: pr-hdds-2199-dnstouuidmap-84vvh-1531155352, networkLocation: /default-rack, certSerialId: null}8a3381ef-363a-4b22-9139-8be250b93f9a{ip: 192.168.164.195, host: pr-hdds-2199-dnstouuidmap-84vvh-1531155352, networkLocation: /default-rack, certSerialId: null}, Type:RATIS, Factor:THREE, State:OPEN]
2019-10-03 19:53:22,157 [grpc-default-executor-3] INFO  impl.RaftServerProxy (RaftServerProxy.java:addNew(89)) - 4532c6d6-fa2f-4f5c-9ba8-2924db140c1f: addNew group-8B5D4A79A2DE:[4532c6d6-fa2f-4f5c-9ba8-2924db140c1f:192.168.164.195:33186] returns group-8B5D4A79A2DE:java.util.concurrent.CompletableFuture@5c3aea3c[Not completed]
2019-10-03 19:53:22,159 [pool-423-thread-1] INFO  impl.RaftServerImpl (RaftServerImpl.java:<init>(95)) - 4532c6d6-fa2f-4f5c-9ba8-2924db140c1f: new RaftServerImpl for group-8B5D4A79A2DE:[4532c6d6-fa2f-4f5c-9ba8-2924db140c1f:192.168.164.195:33186] with ContainerStateMachine:uninitialized
2019-10-03 19:53:22,161 [pool-423-thread-1] INFO  server.RaftServerConfigKeys (ConfUtils.java:logGet(43)) - raft.server.rpc.timeout.min = 5s (custom)
2019-10-03 19:53:22,161 [pool-423-thread-1] INFO  server.RaftServerConfigKeys (ConfUtils.java:logGet(43)) - raft.server.rpc.timeout.max = 5200ms (custom)
2019-10-03 19:53:22,161 [pool-423-thread-1] INFO  server.RaftServerConfigKeys (ConfUtils.java:logGet(43)) - raft.server.rpcslowness.timeout = 120s (custom)
2019-10-03 19:53:22,162 [pool-423-thread-1] INFO  server.RaftServerConfigKeys (ConfUtils.java:logGet(43)) - raft.server.sleep.deviation.threshold = 300 (default)
2019-10-03 19:53:22,162 [pool-423-thread-1] INFO  server.RaftServerConfigKeys (ConfUtils.java:logGet(43)) - raft.server.log.appender.install.snapshot.enabled = false (custom)
2019-10-03 19:53:22,162 [pool-423-thread-1] INFO  impl.RaftServerImpl (ServerState.java:<init>(103)) - 4532c6d6-fa2f-4f5c-9ba8-2924db140c1f@group-8B5D4A79A2DE: ConfigurationManager, init=-1: [4532c6d6-fa2f-4f5c-9ba8-2924db140c1f:192.168.164.195:33186], old=null, confs=<EMPTY_MAP>
2019-10-03 19:53:22,162 [pool-423-thread-1] INFO  server.RaftServerConfigKeys (ConfUtils.java:logGet(43)) - raft.server.storage.dir = [/workdir/hadoop-ozone/integration-test/target/test-dir/MiniOzoneClusterImpl-1277cde4-a404-4099-88bc-5733a0f2746f/datanode-4/data/ratis] (custom)
2019-10-03 19:53:22,162 [pool-423-thread-1] INFO  server.RaftServerConfigKeys (ConfUtils.java:logGet(43)) - raft.server.log.corruption.policy = EXCEPTION (default)
2019-10-03 19:53:22,163 [pool-423-thread-1] INFO  storage.RaftStorageDirectory (RaftStorageDirectory.java:analyzeStorage(246)) - The storage directory /workdir/hadoop-ozone/integration-test/target/test-dir/MiniOzoneClusterImpl-1277cde4-a404-4099-88bc-5733a0f2746f/datanode-4/data/ratis/2c3500dc-61f2-4275-b904-8b5d4a79a2de does not exist. Creating ...
2019-10-03 19:53:22,168 [IPC Server handler 2 on 35539] INFO  net.NetworkTopology (NetworkTopologyImpl.java:add(111)) - Added a new node: /default-rack/4a591fa4-3596-4559-9a62-fe29295a4789
2019-10-03 19:53:22,168 [IPC Server handler 2 on 35539] INFO  node.SCMNodeManager (SCMNodeManager.java:register(268)) - Registered Data node : 4a591fa4-3596-4559-9a62-fe29295a4789{ip: 192.168.164.195, host: pr-hdds-2199-dnstouuidmap-84vvh-1531155352, networkLocation: /default-rack, certSerialId: null}
2019-10-03 19:53:22,176 [pool-423-thread-1] INFO  storage.RaftStorageDirectory (RaftStorageDirectory.java:tryLock(328)) - Lock on /workdir/hadoop-ozone/integration-test/target/test-dir/MiniOzoneClusterImpl-1277cde4-a404-4099-88bc-5733a0f2746f/datanode-4/data/ratis/2c3500dc-61f2-4275-b904-8b5d4a79a2de/in_use.lock acquired by nodename 984@pr-hdds-2199-dnstouuidmap-84vvh-1531155352
2019-10-03 19:53:22,190 [pool-423-thread-1] INFO  storage.RaftStorage (RaftStorage.java:format(84)) - Storage directory /workdir/hadoop-ozone/integration-test/target/test-dir/MiniOzoneClusterImpl-1277cde4-a404-4099-88bc-5733a0f2746f/datanode-4/data/ratis/2c3500dc-61f2-4275-b904-8b5d4a79a2de has been successfully formatted.
2019-10-03 19:53:22,190 [pool-423-thread-1] INFO  ratis.ContainerStateMachine (ContainerStateMachine.java:loadSnapshot(230)) - group-8B5D4A79A2DE: The snapshot info is null. Setting the last applied indexto:(t:0, i:~)
2019-10-03 19:53:22,191 [pool-423-thread-1] INFO  server.RaftServerConfigKeys (ConfUtils.java:logGet(43)) - raft.server.notification.no-leader.timeout = 120s (custom)
2019-10-03 19:53:22,191 [pool-423-thread-1] INFO  server.RaftServerConfigKeys (ConfUtils.java:logGet(43)) - raft.server.log.use.memory = false (default)
2019-10-03 19:53:22,191 [pool-423-thread-1] INFO  server.RaftServerConfigKeys (ConfUtils.java:logGet(43)) - raft.server.log.purge.gap = 1000000 (custom)
2019-10-03 19:53:22,191 [pool-423-thread-1] INFO  server.RaftServerConfigKeys (ConfUtils.java:logGet(43)) - raft.server.log.appender.buffer.byte-limit = 33554432 (custom)
2019-10-03 19:53:22,191 [pool-423-thread-1] INFO  server.RaftServerConfigKeys (ConfUtils.java:logGet(43)) - raft.server.log.segment.size.max = 1048576 (custom)
2019-10-03 19:53:22,193 [pool-423-thread-1] INFO  server.RaftServerConfigKeys (ConfUtils.java:logGet(43)) - raft.server.log.segment.cache.num.max = 2 (custom)
2019-10-03 19:53:22,193 [pool-423-thread-1] INFO  segmented.SegmentedRaftLogWorker (SegmentedRaftLogWorker.java:<init>(173)) - new 4532c6d6-fa2f-4f5c-9ba8-2924db140c1f@group-8B5D4A79A2DE-SegmentedRaftLogWorker for RaftStorage:Storage Directory /workdir/hadoop-ozone/integration-test/target/test-dir/MiniOzoneClusterImpl-1277cde4-a404-4099-88bc-5733a0f2746f/datanode-4/data/ratis/2c3500dc-61f2-4275-b904-8b5d4a79a2de
2019-10-03 19:53:22,193 [pool-423-thread-1] INFO  server.RaftServerConfigKeys (ConfUtils.java:logGet(43)) - raft.server.log.queue.byte-limit = 2147483647 (custom)
2019-10-03 19:53:22,194 [pool-423-thread-1] INFO  server.RaftServerConfigKeys (ConfUtils.java:logGet(43)) - raft.server.log.queue.element-limit = 1024 (custom)
2019-10-03 19:53:22,194 [pool-423-thread-1] INFO  server.RaftServerConfigKeys (ConfUtils.java:logGet(43)) - raft.server.log.segment.size.max = 1048576 (custom)
2019-10-03 19:53:22,194 [pool-423-thread-1] INFO  server.RaftServerConfigKeys (ConfUtils.java:logGet(43)) - raft.server.log.preallocated.size = 16384 (custom)
2019-10-03 19:53:22,194 [pool-423-thread-1] INFO  server.RaftServerConfigKeys (ConfUtils.java:logGet(43)) - raft.server.log.write.buffer.size = 33554432 (custom)
2019-10-03 19:53:22,194 [pool-423-thread-1] INFO  server.RaftServerConfigKeys (ConfUtils.java:logGet(43)) - raft.server.log.force.sync.num = 128 (default)
2019-10-03 19:53:22,194 [pool-423-thread-1] INFO  server.RaftServerConfigKeys (ConfUtils.java:logGet(43)) - raft.server.log.statemachine.data.sync = true (default)
2019-10-03 19:53:22,194 [pool-423-thread-1] INFO  server.RaftServerConfigKeys (ConfUtils.java:logGet(43)) - raft.server.log.statemachine.data.sync.timeout = 10s (default)
2019-10-03 19:53:22,194 [pool-423-thread-1] INFO  server.RaftServerConfigKeys (ConfUtils.java:logGet(43)) - raft.server.log.statemachine.data.sync.timeout.retry = -1 (default)
2019-10-03 19:53:22,195 [pool-423-thread-1] INFO  server.RaftServerConfigKeys (ConfUtils.java:logGet(43)) - raft.server.log.statemachine.data.caching.enabled = true (custom)
2019-10-03 19:53:22,195 [pool-423-thread-1] INFO  segmented.SegmentedRaftLogWorker (SegmentedRaftLogWorker.java:lambda$new$0(128)) - 4532c6d6-fa2f-4f5c-9ba8-2924db140c1f@group-8B5D4A79A2DE-SegmentedRaftLogWorker: flushIndex: setUnconditionally 0 -> -1
2019-10-03 19:53:22,195 [pool-423-thread-1] INFO  server.RaftServerConfigKeys (ConfUtils.java:logGet(43)) - raft.server.snapshot.auto.trigger.enabled = true (custom)
2019-10-03 19:53:22,196 [pool-423-thread-1] INFO  server.RaftServerConfigKeys (ConfUtils.java:logGet(43)) - raft.server.snapshot.auto.trigger.threshold = 10000 (custom)
2019-10-03 19:53:22,196 [pool-423-thread-1] INFO  server.RaftServerConfigKeys (ConfUtils.java:logGet(43)) - raft.server.snapshot.retention.file.num = 5 (custom)
2019-10-03 19:53:22,196 [pool-423-thread-1] INFO  server.RaftServerConfigKeys (ConfUtils.java:logGet(43)) - raft.server.retrycache.expirytime = 600000ms (custom)
2019-10-03 19:53:22,198 [pool-423-thread-1] INFO  impl.RaftServerImpl (RaftServerImpl.java:start(181)) - 4532c6d6-fa2f-4f5c-9ba8-2924db140c1f@group-8B5D4A79A2DE: start as a follower, conf=-1: [4532c6d6-fa2f-4f5c-9ba8-2924db140c1f:192.168.164.195:33186], old=null
2019-10-03 19:53:22,198 [pool-423-thread-1] INFO  impl.RaftServerImpl (RaftServerImpl.java:setRole(170)) - 4532c6d6-fa2f-4f5c-9ba8-2924db140c1f@group-8B5D4A79A2DE: changes role from      null to FOLLOWER at term 0 for startAsFollower
2019-10-03 19:53:22,198 [pool-423-thread-1] INFO  impl.RoleInfo (RoleInfo.java:updateAndGet(143)) - 4532c6d6-fa2f-4f5c-9ba8-2924db140c1f: start FollowerState
2019-10-03 19:53:22,198 [pool-423-thread-1] INFO  util.JmxRegister (JmxRegister.java:tryRegister(44)) - Successfully registered JMX Bean with object name Ratis:service=RaftServer,group=group-8B5D4A79A2DE,id=4532c6d6-fa2f-4f5c-9ba8-2924db140c1f
2019-10-03 19:53:22,203 [RatisPipelineUtilsThread] INFO  pipeline.PipelineStateManager (PipelineStateManager.java:addPipeline(56)) - Created pipeline Pipeline[ Id: 2c3500dc-61f2-4275-b904-8b5d4a79a2de, Nodes: 4532c6d6-fa2f-4f5c-9ba8-2924db140c1f{ip: 192.168.164.195, host: pr-hdds-2199-dnstouuidmap-84vvh-1531155352, networkLocation: /default-rack, certSerialId: null}, Type:RATIS, Factor:ONE, State:OPEN]
2019-10-03 19:53:22,210 [grpc-default-executor-3] INFO  impl.RaftServerProxy (RaftServerProxy.java:addNew(89)) - 4a591fa4-3596-4559-9a62-fe29295a4789: addNew group-6A859238F4B4:[4a591fa4-3596-4559-9a62-fe29295a4789:192.168.164.195:41230] returns group-6A859238F4B4:java.util.concurrent.CompletableFuture@311fcdae[Not completed]
2019-10-03 19:53:22,212 [pool-433-thread-1] INFO  impl.RaftServerImpl (RaftServerImpl.java:<init>(95)) - 4a591fa4-3596-4559-9a62-fe29295a4789: new RaftServerImpl for group-6A859238F4B4:[4a591fa4-3596-4559-9a62-fe29295a4789:192.168.164.195:41230] with ContainerStateMachine:uninitialized
2019-10-03 19:53:22,212 [pool-433-thread-1] INFO  server.RaftServerConfigKeys (ConfUtils.java:logGet(43)) - raft.server.rpc.timeout.min = 5s (custom)
2019-10-03 19:53:22,212 [pool-433-thread-1] INFO  server.RaftServerConfigKeys (ConfUtils.java:logGet(43)) - raft.server.rpc.timeout.max = 5200ms (custom)
2019-10-03 19:53:22,212 [pool-433-thread-1] INFO  server.RaftServerConfigKeys (ConfUtils.java:logGet(43)) - raft.server.rpcslowness.timeout = 120s (custom)
2019-10-03 19:53:22,213 [pool-433-thread-1] INFO  server.RaftServerConfigKeys (ConfUtils.java:logGet(43)) - raft.server.sleep.deviation.threshold = 300 (default)
2019-10-03 19:53:22,213 [pool-433-thread-1] INFO  server.RaftServerConfigKeys (ConfUtils.java:logGet(43)) - raft.server.log.appender.install.snapshot.enabled = false (custom)
2019-10-03 19:53:22,213 [pool-433-thread-1] INFO  impl.RaftServerImpl (ServerState.java:<init>(103)) - 4a591fa4-3596-4559-9a62-fe29295a4789@group-6A859238F4B4: ConfigurationManager, init=-1: [4a591fa4-3596-4559-9a62-fe29295a4789:192.168.164.195:41230], old=null, confs=<EMPTY_MAP>
2019-10-03 19:53:22,213 [pool-433-thread-1] INFO  server.RaftServerConfigKeys (ConfUtils.java:logGet(43)) - raft.server.storage.dir = [/workdir/hadoop-ozone/integration-test/target/test-dir/MiniOzoneClusterImpl-1277cde4-a404-4099-88bc-5733a0f2746f/datanode-5/data/ratis] (custom)
2019-10-03 19:53:22,213 [pool-433-thread-1] INFO  server.RaftServerConfigKeys (ConfUtils.java:logGet(43)) - raft.server.log.corruption.policy = EXCEPTION (default)
2019-10-03 19:53:22,213 [pool-433-thread-1] INFO  storage.RaftStorageDirectory (RaftStorageDirectory.java:analyzeStorage(246)) - The storage directory /workdir/hadoop-ozone/integration-test/target/test-dir/MiniOzoneClusterImpl-1277cde4-a404-4099-88bc-5733a0f2746f/datanode-5/data/ratis/ae69c242-ea06-4f54-aa9a-6a859238f4b4 does not exist. Creating ...
2019-10-03 19:53:22,226 [pool-433-thread-1] INFO  storage.RaftStorageDirectory (RaftStorageDirectory.java:tryLock(328)) - Lock on /workdir/hadoop-ozone/integration-test/target/test-dir/MiniOzoneClusterImpl-1277cde4-a404-4099-88bc-5733a0f2746f/datanode-5/data/ratis/ae69c242-ea06-4f54-aa9a-6a859238f4b4/in_use.lock acquired by nodename 984@pr-hdds-2199-dnstouuidmap-84vvh-1531155352
2019-10-03 19:53:22,238 [IPC Server handler 3 on 35539] INFO  net.NetworkTopology (NetworkTopologyImpl.java:add(111)) - Added a new node: /default-rack/5b5a13de-9345-4350-b88b-0d1725df0e9f
2019-10-03 19:53:22,238 [IPC Server handler 3 on 35539] INFO  node.SCMNodeManager (SCMNodeManager.java:register(268)) - Registered Data node : 5b5a13de-9345-4350-b88b-0d1725df0e9f{ip: 192.168.164.195, host: pr-hdds-2199-dnstouuidmap-84vvh-1531155352, networkLocation: /default-rack, certSerialId: null}
2019-10-03 19:53:22,238 [pool-433-thread-1] INFO  storage.RaftStorage (RaftStorage.java:format(84)) - Storage directory /workdir/hadoop-ozone/integration-test/target/test-dir/MiniOzoneClusterImpl-1277cde4-a404-4099-88bc-5733a0f2746f/datanode-5/data/ratis/ae69c242-ea06-4f54-aa9a-6a859238f4b4 has been successfully formatted.
2019-10-03 19:53:22,239 [main] INFO  ozone.MiniOzoneClusterImpl (MiniOzoneClusterImpl.java:lambda$waitForClusterToBeReady$0(147)) - Cluster is ready. Got 7 of 7 DN Heartbeats.
2019-10-03 19:53:22,239 [pool-433-thread-1] INFO  ratis.ContainerStateMachine (ContainerStateMachine.java:loadSnapshot(230)) - group-6A859238F4B4: The snapshot info is null. Setting the last applied indexto:(t:0, i:~)
2019-10-03 19:53:22,239 [pool-433-thread-1] INFO  server.RaftServerConfigKeys (ConfUtils.java:logGet(43)) - raft.server.notification.no-leader.timeout = 120s (custom)
2019-10-03 19:53:22,239 [pool-433-thread-1] INFO  server.RaftServerConfigKeys (ConfUtils.java:logGet(43)) - raft.server.log.use.memory = false (default)
2019-10-03 19:53:22,240 [pool-433-thread-1] INFO  server.RaftServerConfigKeys (ConfUtils.java:logGet(43)) - raft.server.log.purge.gap = 1000000 (custom)
2019-10-03 19:53:22,240 [pool-433-thread-1] INFO  server.RaftServerConfigKeys (ConfUtils.java:logGet(43)) - raft.server.log.appender.buffer.byte-limit = 33554432 (custom)
2019-10-03 19:53:22,240 [pool-433-thread-1] INFO  server.RaftServerConfigKeys (ConfUtils.java:logGet(43)) - raft.server.log.segment.size.max = 1048576 (custom)
2019-10-03 19:53:22,242 [pool-433-thread-1] INFO  server.RaftServerConfigKeys (ConfUtils.java:logGet(43)) - raft.server.log.segment.cache.num.max = 2 (custom)
2019-10-03 19:53:22,242 [pool-433-thread-1] INFO  segmented.SegmentedRaftLogWorker (SegmentedRaftLogWorker.java:<init>(173)) - new 4a591fa4-3596-4559-9a62-fe29295a4789@group-6A859238F4B4-SegmentedRaftLogWorker for RaftStorage:Storage Directory /workdir/hadoop-ozone/integration-test/target/test-dir/MiniOzoneClusterImpl-1277cde4-a404-4099-88bc-5733a0f2746f/datanode-5/data/ratis/ae69c242-ea06-4f54-aa9a-6a859238f4b4
2019-10-03 19:53:22,242 [pool-433-thread-1] INFO  server.RaftServerConfigKeys (ConfUtils.java:logGet(43)) - raft.server.log.queue.byte-limit = 2147483647 (custom)
2019-10-03 19:53:22,242 [pool-433-thread-1] INFO  server.RaftServerConfigKeys (ConfUtils.java:logGet(43)) - raft.server.log.queue.element-limit = 1024 (custom)
2019-10-03 19:53:22,242 [pool-433-thread-1] INFO  server.RaftServerConfigKeys (ConfUtils.java:logGet(43)) - raft.server.log.segment.size.max = 1048576 (custom)
2019-10-03 19:53:22,243 [pool-433-thread-1] INFO  server.RaftServerConfigKeys (ConfUtils.java:logGet(43)) - raft.server.log.preallocated.size = 16384 (custom)
2019-10-03 19:53:22,243 [pool-433-thread-1] INFO  server.RaftServerConfigKeys (ConfUtils.java:logGet(43)) - raft.server.log.write.buffer.size = 33554432 (custom)
2019-10-03 19:53:22,246 [pool-433-thread-1] INFO  server.RaftServerConfigKeys (ConfUtils.java:logGet(43)) - raft.server.log.force.sync.num = 128 (default)
2019-10-03 19:53:22,247 [pool-433-thread-1] INFO  server.RaftServerConfigKeys (ConfUtils.java:logGet(43)) - raft.server.log.statemachine.data.sync = true (default)
2019-10-03 19:53:22,247 [pool-433-thread-1] INFO  server.RaftServerConfigKeys (ConfUtils.java:logGet(43)) - raft.server.log.statemachine.data.sync.timeout = 10s (default)
2019-10-03 19:53:22,248 [pool-433-thread-1] INFO  server.RaftServerConfigKeys (ConfUtils.java:logGet(43)) - raft.server.log.statemachine.data.sync.timeout.retry = -1 (default)
2019-10-03 19:53:22,248 [pool-433-thread-1] INFO  server.RaftServerConfigKeys (ConfUtils.java:logGet(43)) - raft.server.log.statemachine.data.caching.enabled = true (custom)
2019-10-03 19:53:22,248 [pool-433-thread-1] INFO  segmented.SegmentedRaftLogWorker (SegmentedRaftLogWorker.java:lambda$new$0(128)) - 4a591fa4-3596-4559-9a62-fe29295a4789@group-6A859238F4B4-SegmentedRaftLogWorker: flushIndex: setUnconditionally 0 -> -1
2019-10-03 19:53:22,248 [pool-433-thread-1] INFO  server.RaftServerConfigKeys (ConfUtils.java:logGet(43)) - raft.server.snapshot.auto.trigger.enabled = true (custom)
2019-10-03 19:53:22,248 [pool-433-thread-1] INFO  server.RaftServerConfigKeys (ConfUtils.java:logGet(43)) - raft.server.snapshot.auto.trigger.threshold = 10000 (custom)
2019-10-03 19:53:22,248 [pool-433-thread-1] INFO  server.RaftServerConfigKeys (ConfUtils.java:logGet(43)) - raft.server.snapshot.retention.file.num = 5 (custom)
2019-10-03 19:53:22,249 [pool-433-thread-1] INFO  server.RaftServerConfigKeys (ConfUtils.java:logGet(43)) - raft.server.retrycache.expirytime = 600000ms (custom)
2019-10-03 19:53:22,251 [pool-433-thread-1] INFO  impl.RaftServerImpl (RaftServerImpl.java:start(181)) - 4a591fa4-3596-4559-9a62-fe29295a4789@group-6A859238F4B4: start as a follower, conf=-1: [4a591fa4-3596-4559-9a62-fe29295a4789:192.168.164.195:41230], old=null
2019-10-03 19:53:22,251 [pool-433-thread-1] INFO  impl.RaftServerImpl (RaftServerImpl.java:setRole(170)) - 4a591fa4-3596-4559-9a62-fe29295a4789@group-6A859238F4B4: changes role from      null to FOLLOWER at term 0 for startAsFollower
2019-10-03 19:53:22,251 [pool-433-thread-1] INFO  impl.RoleInfo (RoleInfo.java:updateAndGet(143)) - 4a591fa4-3596-4559-9a62-fe29295a4789: start FollowerState
2019-10-03 19:53:22,251 [pool-433-thread-1] INFO  util.JmxRegister (JmxRegister.java:tryRegister(44)) - Successfully registered JMX Bean with object name Ratis:service=RaftServer,group=group-6A859238F4B4,id=4a591fa4-3596-4559-9a62-fe29295a4789
2019-10-03 19:53:22,272 [RatisPipelineUtilsThread] INFO  pipeline.PipelineStateManager (PipelineStateManager.java:addPipeline(56)) - Created pipeline Pipeline[ Id: ae69c242-ea06-4f54-aa9a-6a859238f4b4, Nodes: 4a591fa4-3596-4559-9a62-fe29295a4789{ip: 192.168.164.195, host: pr-hdds-2199-dnstouuidmap-84vvh-1531155352, networkLocation: /default-rack, certSerialId: null}, Type:RATIS, Factor:ONE, State:OPEN]
2019-10-03 19:53:22,273 [main] INFO  rpc.RpcClient (RpcClient.java:createVolume(276)) - Creating Volume: watchforcommithandlingtest, with jenkins1000 as owner.
2019-10-03 19:53:22,279 [grpc-default-executor-3] INFO  impl.RaftServerProxy (RaftServerProxy.java:addNew(89)) - 5b5a13de-9345-4350-b88b-0d1725df0e9f: addNew group-D7D9170E087F:[5b5a13de-9345-4350-b88b-0d1725df0e9f:192.168.164.195:35102] returns group-D7D9170E087F:java.util.concurrent.CompletableFuture@12bb67dd[Not completed]
2019-10-03 19:53:22,279 [IPC Server handler 1 on 44021] INFO  volume.OMVolumeCreateRequest (OMVolumeCreateRequest.java:validateAndUpdateCache(194)) - created volume:watchforcommithandlingtest for user:jenkins1000
2019-10-03 19:53:22,280 [pool-443-thread-1] INFO  impl.RaftServerImpl (RaftServerImpl.java:<init>(95)) - 5b5a13de-9345-4350-b88b-0d1725df0e9f: new RaftServerImpl for group-D7D9170E087F:[5b5a13de-9345-4350-b88b-0d1725df0e9f:192.168.164.195:35102] with ContainerStateMachine:uninitialized
2019-10-03 19:53:22,280 [pool-443-thread-1] INFO  server.RaftServerConfigKeys (ConfUtils.java:logGet(43)) - raft.server.rpc.timeout.min = 5s (custom)
2019-10-03 19:53:22,281 [pool-443-thread-1] INFO  server.RaftServerConfigKeys (ConfUtils.java:logGet(43)) - raft.server.rpc.timeout.max = 5200ms (custom)
2019-10-03 19:53:22,281 [pool-443-thread-1] INFO  server.RaftServerConfigKeys (ConfUtils.java:logGet(43)) - raft.server.rpcslowness.timeout = 120s (custom)
2019-10-03 19:53:22,281 [pool-443-thread-1] INFO  server.RaftServerConfigKeys (ConfUtils.java:logGet(43)) - raft.server.sleep.deviation.threshold = 300 (default)
2019-10-03 19:53:22,281 [pool-443-thread-1] INFO  server.RaftServerConfigKeys (ConfUtils.java:logGet(43)) - raft.server.log.appender.install.snapshot.enabled = false (custom)
2019-10-03 19:53:22,281 [pool-443-thread-1] INFO  impl.RaftServerImpl (ServerState.java:<init>(103)) - 5b5a13de-9345-4350-b88b-0d1725df0e9f@group-D7D9170E087F: ConfigurationManager, init=-1: [5b5a13de-9345-4350-b88b-0d1725df0e9f:192.168.164.195:35102], old=null, confs=<EMPTY_MAP>
2019-10-03 19:53:22,283 [pool-443-thread-1] INFO  server.RaftServerConfigKeys (ConfUtils.java:logGet(43)) - raft.server.storage.dir = [/workdir/hadoop-ozone/integration-test/target/test-dir/MiniOzoneClusterImpl-1277cde4-a404-4099-88bc-5733a0f2746f/datanode-6/data/ratis] (custom)
2019-10-03 19:53:22,283 [pool-443-thread-1] INFO  server.RaftServerConfigKeys (ConfUtils.java:logGet(43)) - raft.server.log.corruption.policy = EXCEPTION (default)
2019-10-03 19:53:22,283 [pool-443-thread-1] INFO  storage.RaftStorageDirectory (RaftStorageDirectory.java:analyzeStorage(246)) - The storage directory /workdir/hadoop-ozone/integration-test/target/test-dir/MiniOzoneClusterImpl-1277cde4-a404-4099-88bc-5733a0f2746f/datanode-6/data/ratis/9f571db1-5830-49fb-9fd5-d7d9170e087f does not exist. Creating ...
2019-10-03 19:53:22,290 [main] INFO  rpc.RpcClient (RpcClient.java:createBucket(415)) - Creating Bucket: watchforcommithandlingtest/watchforcommithandlingtest, with Versioning false and Storage Type set to DISK and Encryption set to false 
2019-10-03 19:53:22,293 [main] INFO  ozone.MiniOzoneClusterImpl (MiniOzoneClusterImpl.java:getStorageContainerLocationClient(234)) - Creating StorageContainerLocationProtocol RPC client with address /0.0.0.0:36698
2019-10-03 19:53:22,301 [pool-443-thread-1] INFO  storage.RaftStorageDirectory (RaftStorageDirectory.java:tryLock(328)) - Lock on /workdir/hadoop-ozone/integration-test/target/test-dir/MiniOzoneClusterImpl-1277cde4-a404-4099-88bc-5733a0f2746f/datanode-6/data/ratis/9f571db1-5830-49fb-9fd5-d7d9170e087f/in_use.lock acquired by nodename 984@pr-hdds-2199-dnstouuidmap-84vvh-1531155352
2019-10-03 19:53:22,314 [pool-443-thread-1] INFO  storage.RaftStorage (RaftStorage.java:format(84)) - Storage directory /workdir/hadoop-ozone/integration-test/target/test-dir/MiniOzoneClusterImpl-1277cde4-a404-4099-88bc-5733a0f2746f/datanode-6/data/ratis/9f571db1-5830-49fb-9fd5-d7d9170e087f has been successfully formatted.
2019-10-03 19:53:22,314 [pool-443-thread-1] INFO  ratis.ContainerStateMachine (ContainerStateMachine.java:loadSnapshot(230)) - group-D7D9170E087F: The snapshot info is null. Setting the last applied indexto:(t:0, i:~)
2019-10-03 19:53:22,314 [pool-443-thread-1] INFO  server.RaftServerConfigKeys (ConfUtils.java:logGet(43)) - raft.server.notification.no-leader.timeout = 120s (custom)
2019-10-03 19:53:22,314 [pool-443-thread-1] INFO  server.RaftServerConfigKeys (ConfUtils.java:logGet(43)) - raft.server.log.use.memory = false (default)
2019-10-03 19:53:22,315 [pool-443-thread-1] INFO  server.RaftServerConfigKeys (ConfUtils.java:logGet(43)) - raft.server.log.purge.gap = 1000000 (custom)
2019-10-03 19:53:22,315 [pool-443-thread-1] INFO  server.RaftServerConfigKeys (ConfUtils.java:logGet(43)) - raft.server.log.appender.buffer.byte-limit = 33554432 (custom)
2019-10-03 19:53:22,315 [pool-443-thread-1] INFO  server.RaftServerConfigKeys (ConfUtils.java:logGet(43)) - raft.server.log.segment.size.max = 1048576 (custom)
2019-10-03 19:53:22,316 [pool-443-thread-1] INFO  server.RaftServerConfigKeys (ConfUtils.java:logGet(43)) - raft.server.log.segment.cache.num.max = 2 (custom)
2019-10-03 19:53:22,316 [pool-443-thread-1] INFO  segmented.SegmentedRaftLogWorker (SegmentedRaftLogWorker.java:<init>(173)) - new 5b5a13de-9345-4350-b88b-0d1725df0e9f@group-D7D9170E087F-SegmentedRaftLogWorker for RaftStorage:Storage Directory /workdir/hadoop-ozone/integration-test/target/test-dir/MiniOzoneClusterImpl-1277cde4-a404-4099-88bc-5733a0f2746f/datanode-6/data/ratis/9f571db1-5830-49fb-9fd5-d7d9170e087f
2019-10-03 19:53:22,316 [pool-443-thread-1] INFO  server.RaftServerConfigKeys (ConfUtils.java:logGet(43)) - raft.server.log.queue.byte-limit = 2147483647 (custom)
2019-10-03 19:53:22,316 [pool-443-thread-1] INFO  server.RaftServerConfigKeys (ConfUtils.java:logGet(43)) - raft.server.log.queue.element-limit = 1024 (custom)
2019-10-03 19:53:22,316 [pool-443-thread-1] INFO  server.RaftServerConfigKeys (ConfUtils.java:logGet(43)) - raft.server.log.segment.size.max = 1048576 (custom)
2019-10-03 19:53:22,316 [pool-443-thread-1] INFO  server.RaftServerConfigKeys (ConfUtils.java:logGet(43)) - raft.server.log.preallocated.size = 16384 (custom)
2019-10-03 19:53:22,316 [pool-443-thread-1] INFO  server.RaftServerConfigKeys (ConfUtils.java:logGet(43)) - raft.server.log.write.buffer.size = 33554432 (custom)
2019-10-03 19:53:22,316 [pool-443-thread-1] INFO  server.RaftServerConfigKeys (ConfUtils.java:logGet(43)) - raft.server.log.force.sync.num = 128 (default)
2019-10-03 19:53:22,316 [pool-443-thread-1] INFO  server.RaftServerConfigKeys (ConfUtils.java:logGet(43)) - raft.server.log.statemachine.data.sync = true (default)
2019-10-03 19:53:22,317 [pool-443-thread-1] INFO  server.RaftServerConfigKeys (ConfUtils.java:logGet(43)) - raft.server.log.statemachine.data.sync.timeout = 10s (default)
2019-10-03 19:53:22,317 [pool-443-thread-1] INFO  server.RaftServerConfigKeys (ConfUtils.java:logGet(43)) - raft.server.log.statemachine.data.sync.timeout.retry = -1 (default)
2019-10-03 19:53:22,317 [pool-443-thread-1] INFO  server.RaftServerConfigKeys (ConfUtils.java:logGet(43)) - raft.server.log.statemachine.data.caching.enabled = true (custom)
2019-10-03 19:53:22,317 [pool-443-thread-1] INFO  segmented.SegmentedRaftLogWorker (SegmentedRaftLogWorker.java:lambda$new$0(128)) - 5b5a13de-9345-4350-b88b-0d1725df0e9f@group-D7D9170E087F-SegmentedRaftLogWorker: flushIndex: setUnconditionally 0 -> -1
2019-10-03 19:53:22,317 [pool-443-thread-1] INFO  server.RaftServerConfigKeys (ConfUtils.java:logGet(43)) - raft.server.snapshot.auto.trigger.enabled = true (custom)
2019-10-03 19:53:22,318 [pool-443-thread-1] INFO  server.RaftServerConfigKeys (ConfUtils.java:logGet(43)) - raft.server.snapshot.auto.trigger.threshold = 10000 (custom)
2019-10-03 19:53:22,318 [pool-443-thread-1] INFO  server.RaftServerConfigKeys (ConfUtils.java:logGet(43)) - raft.server.snapshot.retention.file.num = 5 (custom)
2019-10-03 19:53:22,318 [pool-443-thread-1] INFO  server.RaftServerConfigKeys (ConfUtils.java:logGet(43)) - raft.server.retrycache.expirytime = 600000ms (custom)
2019-10-03 19:53:22,319 [pool-443-thread-1] INFO  impl.RaftServerImpl (RaftServerImpl.java:start(181)) - 5b5a13de-9345-4350-b88b-0d1725df0e9f@group-D7D9170E087F: start as a follower, conf=-1: [5b5a13de-9345-4350-b88b-0d1725df0e9f:192.168.164.195:35102], old=null
2019-10-03 19:53:22,319 [pool-443-thread-1] INFO  impl.RaftServerImpl (RaftServerImpl.java:setRole(170)) - 5b5a13de-9345-4350-b88b-0d1725df0e9f@group-D7D9170E087F: changes role from      null to FOLLOWER at term 0 for startAsFollower
2019-10-03 19:53:22,319 [pool-443-thread-1] INFO  impl.RoleInfo (RoleInfo.java:updateAndGet(143)) - 5b5a13de-9345-4350-b88b-0d1725df0e9f: start FollowerState
2019-10-03 19:53:22,319 [pool-443-thread-1] INFO  util.JmxRegister (JmxRegister.java:tryRegister(44)) - Successfully registered JMX Bean with object name Ratis:service=RaftServer,group=group-D7D9170E087F,id=5b5a13de-9345-4350-b88b-0d1725df0e9f
2019-10-03 19:53:22,323 [RatisPipelineUtilsThread] INFO  pipeline.PipelineStateManager (PipelineStateManager.java:addPipeline(56)) - Created pipeline Pipeline[ Id: 9f571db1-5830-49fb-9fd5-d7d9170e087f, Nodes: 5b5a13de-9345-4350-b88b-0d1725df0e9f{ip: 192.168.164.195, host: pr-hdds-2199-dnstouuidmap-84vvh-1531155352, networkLocation: /default-rack, certSerialId: null}, Type:RATIS, Factor:ONE, State:OPEN]
2019-10-03 19:53:22,339 [grpc-default-executor-3] INFO  impl.RaftServerProxy (RaftServerProxy.java:addNew(89)) - 4a591fa4-3596-4559-9a62-fe29295a4789: addNew group-AB4870A55C8C:[4532c6d6-fa2f-4f5c-9ba8-2924db140c1f:192.168.164.195:33186, 4a591fa4-3596-4559-9a62-fe29295a4789:192.168.164.195:41230, 5b5a13de-9345-4350-b88b-0d1725df0e9f:192.168.164.195:35102] returns group-AB4870A55C8C:java.util.concurrent.CompletableFuture@1a6b69f0[Not completed]
2019-10-03 19:53:22,339 [grpc-default-executor-2] INFO  impl.RaftServerProxy (RaftServerProxy.java:addNew(89)) - 4532c6d6-fa2f-4f5c-9ba8-2924db140c1f: addNew group-AB4870A55C8C:[4532c6d6-fa2f-4f5c-9ba8-2924db140c1f:192.168.164.195:33186, 4a591fa4-3596-4559-9a62-fe29295a4789:192.168.164.195:41230, 5b5a13de-9345-4350-b88b-0d1725df0e9f:192.168.164.195:35102] returns group-AB4870A55C8C:java.util.concurrent.CompletableFuture@2983ab89[Not completed]
2019-10-03 19:53:22,343 [grpc-default-executor-2] INFO  impl.RaftServerProxy (RaftServerProxy.java:addNew(89)) - 5b5a13de-9345-4350-b88b-0d1725df0e9f: addNew group-AB4870A55C8C:[4532c6d6-fa2f-4f5c-9ba8-2924db140c1f:192.168.164.195:33186, 4a591fa4-3596-4559-9a62-fe29295a4789:192.168.164.195:41230, 5b5a13de-9345-4350-b88b-0d1725df0e9f:192.168.164.195:35102] returns group-AB4870A55C8C:java.util.concurrent.CompletableFuture@4cde38e0[Not completed]
2019-10-03 19:53:22,343 [pool-433-thread-1] INFO  impl.RaftServerImpl (RaftServerImpl.java:<init>(95)) - 4a591fa4-3596-4559-9a62-fe29295a4789: new RaftServerImpl for group-AB4870A55C8C:[4532c6d6-fa2f-4f5c-9ba8-2924db140c1f:192.168.164.195:33186, 4a591fa4-3596-4559-9a62-fe29295a4789:192.168.164.195:41230, 5b5a13de-9345-4350-b88b-0d1725df0e9f:192.168.164.195:35102] with ContainerStateMachine:uninitialized
2019-10-03 19:53:22,343 [pool-433-thread-1] INFO  server.RaftServerConfigKeys (ConfUtils.java:logGet(43)) - raft.server.rpc.timeout.min = 5s (custom)
2019-10-03 19:53:22,343 [pool-433-thread-1] INFO  server.RaftServerConfigKeys (ConfUtils.java:logGet(43)) - raft.server.rpc.timeout.max = 5200ms (custom)
2019-10-03 19:53:22,343 [pool-433-thread-1] INFO  server.RaftServerConfigKeys (ConfUtils.java:logGet(43)) - raft.server.rpcslowness.timeout = 120s (custom)
2019-10-03 19:53:22,343 [pool-433-thread-1] INFO  server.RaftServerConfigKeys (ConfUtils.java:logGet(43)) - raft.server.sleep.deviation.threshold = 300 (default)
2019-10-03 19:53:22,343 [pool-433-thread-1] INFO  server.RaftServerConfigKeys (ConfUtils.java:logGet(43)) - raft.server.log.appender.install.snapshot.enabled = false (custom)
2019-10-03 19:53:22,343 [pool-433-thread-1] INFO  impl.RaftServerImpl (ServerState.java:<init>(103)) - 4a591fa4-3596-4559-9a62-fe29295a4789@group-AB4870A55C8C: ConfigurationManager, init=-1: [4532c6d6-fa2f-4f5c-9ba8-2924db140c1f:192.168.164.195:33186, 4a591fa4-3596-4559-9a62-fe29295a4789:192.168.164.195:41230, 5b5a13de-9345-4350-b88b-0d1725df0e9f:192.168.164.195:35102], old=null, confs=<EMPTY_MAP>
2019-10-03 19:53:22,344 [pool-433-thread-1] INFO  server.RaftServerConfigKeys (ConfUtils.java:logGet(43)) - raft.server.storage.dir = [/workdir/hadoop-ozone/integration-test/target/test-dir/MiniOzoneClusterImpl-1277cde4-a404-4099-88bc-5733a0f2746f/datanode-5/data/ratis] (custom)
2019-10-03 19:53:22,344 [pool-433-thread-1] INFO  server.RaftServerConfigKeys (ConfUtils.java:logGet(43)) - raft.server.log.corruption.policy = EXCEPTION (default)
2019-10-03 19:53:22,344 [pool-423-thread-1] INFO  impl.RaftServerImpl (RaftServerImpl.java:<init>(95)) - 4532c6d6-fa2f-4f5c-9ba8-2924db140c1f: new RaftServerImpl for group-AB4870A55C8C:[4532c6d6-fa2f-4f5c-9ba8-2924db140c1f:192.168.164.195:33186, 4a591fa4-3596-4559-9a62-fe29295a4789:192.168.164.195:41230, 5b5a13de-9345-4350-b88b-0d1725df0e9f:192.168.164.195:35102] with ContainerStateMachine:uninitialized
2019-10-03 19:53:22,344 [pool-433-thread-1] INFO  storage.RaftStorageDirectory (RaftStorageDirectory.java:analyzeStorage(246)) - The storage directory /workdir/hadoop-ozone/integration-test/target/test-dir/MiniOzoneClusterImpl-1277cde4-a404-4099-88bc-5733a0f2746f/datanode-5/data/ratis/9a3926ea-af29-4124-b8a2-ab4870a55c8c does not exist. Creating ...
2019-10-03 19:53:22,344 [pool-423-thread-1] INFO  server.RaftServerConfigKeys (ConfUtils.java:logGet(43)) - raft.server.rpc.timeout.min = 5s (custom)
2019-10-03 19:53:22,344 [pool-423-thread-1] INFO  server.RaftServerConfigKeys (ConfUtils.java:logGet(43)) - raft.server.rpc.timeout.max = 5200ms (custom)
2019-10-03 19:53:22,344 [pool-443-thread-1] INFO  impl.RaftServerImpl (RaftServerImpl.java:<init>(95)) - 5b5a13de-9345-4350-b88b-0d1725df0e9f: new RaftServerImpl for group-AB4870A55C8C:[4532c6d6-fa2f-4f5c-9ba8-2924db140c1f:192.168.164.195:33186, 4a591fa4-3596-4559-9a62-fe29295a4789:192.168.164.195:41230, 5b5a13de-9345-4350-b88b-0d1725df0e9f:192.168.164.195:35102] with ContainerStateMachine:uninitialized
2019-10-03 19:53:22,344 [pool-423-thread-1] INFO  server.RaftServerConfigKeys (ConfUtils.java:logGet(43)) - raft.server.rpcslowness.timeout = 120s (custom)
2019-10-03 19:53:22,344 [pool-443-thread-1] INFO  server.RaftServerConfigKeys (ConfUtils.java:logGet(43)) - raft.server.rpc.timeout.min = 5s (custom)
2019-10-03 19:53:22,344 [pool-423-thread-1] INFO  server.RaftServerConfigKeys (ConfUtils.java:logGet(43)) - raft.server.sleep.deviation.threshold = 300 (default)
2019-10-03 19:53:22,344 [pool-443-thread-1] INFO  server.RaftServerConfigKeys (ConfUtils.java:logGet(43)) - raft.server.rpc.timeout.max = 5200ms (custom)
2019-10-03 19:53:22,345 [pool-423-thread-1] INFO  server.RaftServerConfigKeys (ConfUtils.java:logGet(43)) - raft.server.log.appender.install.snapshot.enabled = false (custom)
2019-10-03 19:53:22,345 [pool-443-thread-1] INFO  server.RaftServerConfigKeys (ConfUtils.java:logGet(43)) - raft.server.rpcslowness.timeout = 120s (custom)
2019-10-03 19:53:22,345 [pool-423-thread-1] INFO  impl.RaftServerImpl (ServerState.java:<init>(103)) - 4532c6d6-fa2f-4f5c-9ba8-2924db140c1f@group-AB4870A55C8C: ConfigurationManager, init=-1: [4532c6d6-fa2f-4f5c-9ba8-2924db140c1f:192.168.164.195:33186, 4a591fa4-3596-4559-9a62-fe29295a4789:192.168.164.195:41230, 5b5a13de-9345-4350-b88b-0d1725df0e9f:192.168.164.195:35102], old=null, confs=<EMPTY_MAP>
2019-10-03 19:53:22,345 [pool-443-thread-1] INFO  server.RaftServerConfigKeys (ConfUtils.java:logGet(43)) - raft.server.sleep.deviation.threshold = 300 (default)
2019-10-03 19:53:22,345 [pool-423-thread-1] INFO  server.RaftServerConfigKeys (ConfUtils.java:logGet(43)) - raft.server.storage.dir = [/workdir/hadoop-ozone/integration-test/target/test-dir/MiniOzoneClusterImpl-1277cde4-a404-4099-88bc-5733a0f2746f/datanode-4/data/ratis] (custom)
2019-10-03 19:53:22,345 [pool-443-thread-1] INFO  server.RaftServerConfigKeys (ConfUtils.java:logGet(43)) - raft.server.log.appender.install.snapshot.enabled = false (custom)
2019-10-03 19:53:22,345 [pool-443-thread-1] INFO  impl.RaftServerImpl (ServerState.java:<init>(103)) - 5b5a13de-9345-4350-b88b-0d1725df0e9f@group-AB4870A55C8C: ConfigurationManager, init=-1: [4532c6d6-fa2f-4f5c-9ba8-2924db140c1f:192.168.164.195:33186, 4a591fa4-3596-4559-9a62-fe29295a4789:192.168.164.195:41230, 5b5a13de-9345-4350-b88b-0d1725df0e9f:192.168.164.195:35102], old=null, confs=<EMPTY_MAP>
2019-10-03 19:53:22,345 [pool-423-thread-1] INFO  server.RaftServerConfigKeys (ConfUtils.java:logGet(43)) - raft.server.log.corruption.policy = EXCEPTION (default)
2019-10-03 19:53:22,345 [pool-443-thread-1] INFO  server.RaftServerConfigKeys (ConfUtils.java:logGet(43)) - raft.server.storage.dir = [/workdir/hadoop-ozone/integration-test/target/test-dir/MiniOzoneClusterImpl-1277cde4-a404-4099-88bc-5733a0f2746f/datanode-6/data/ratis] (custom)
2019-10-03 19:53:22,346 [pool-423-thread-1] INFO  storage.RaftStorageDirectory (RaftStorageDirectory.java:analyzeStorage(246)) - The storage directory /workdir/hadoop-ozone/integration-test/target/test-dir/MiniOzoneClusterImpl-1277cde4-a404-4099-88bc-5733a0f2746f/datanode-4/data/ratis/9a3926ea-af29-4124-b8a2-ab4870a55c8c does not exist. Creating ...
2019-10-03 19:53:22,346 [pool-443-thread-1] INFO  server.RaftServerConfigKeys (ConfUtils.java:logGet(43)) - raft.server.log.corruption.policy = EXCEPTION (default)
2019-10-03 19:53:22,346 [pool-443-thread-1] INFO  storage.RaftStorageDirectory (RaftStorageDirectory.java:analyzeStorage(246)) - The storage directory /workdir/hadoop-ozone/integration-test/target/test-dir/MiniOzoneClusterImpl-1277cde4-a404-4099-88bc-5733a0f2746f/datanode-6/data/ratis/9a3926ea-af29-4124-b8a2-ab4870a55c8c does not exist. Creating ...
2019-10-03 19:53:22,357 [pool-433-thread-1] INFO  storage.RaftStorageDirectory (RaftStorageDirectory.java:tryLock(328)) - Lock on /workdir/hadoop-ozone/integration-test/target/test-dir/MiniOzoneClusterImpl-1277cde4-a404-4099-88bc-5733a0f2746f/datanode-5/data/ratis/9a3926ea-af29-4124-b8a2-ab4870a55c8c/in_use.lock acquired by nodename 984@pr-hdds-2199-dnstouuidmap-84vvh-1531155352
2019-10-03 19:53:22,357 [pool-443-thread-1] INFO  storage.RaftStorageDirectory (RaftStorageDirectory.java:tryLock(328)) - Lock on /workdir/hadoop-ozone/integration-test/target/test-dir/MiniOzoneClusterImpl-1277cde4-a404-4099-88bc-5733a0f2746f/datanode-6/data/ratis/9a3926ea-af29-4124-b8a2-ab4870a55c8c/in_use.lock acquired by nodename 984@pr-hdds-2199-dnstouuidmap-84vvh-1531155352
2019-10-03 19:53:22,357 [pool-423-thread-1] INFO  storage.RaftStorageDirectory (RaftStorageDirectory.java:tryLock(328)) - Lock on /workdir/hadoop-ozone/integration-test/target/test-dir/MiniOzoneClusterImpl-1277cde4-a404-4099-88bc-5733a0f2746f/datanode-4/data/ratis/9a3926ea-af29-4124-b8a2-ab4870a55c8c/in_use.lock acquired by nodename 984@pr-hdds-2199-dnstouuidmap-84vvh-1531155352
2019-10-03 19:53:22,372 [pool-443-thread-1] INFO  storage.RaftStorage (RaftStorage.java:format(84)) - Storage directory /workdir/hadoop-ozone/integration-test/target/test-dir/MiniOzoneClusterImpl-1277cde4-a404-4099-88bc-5733a0f2746f/datanode-6/data/ratis/9a3926ea-af29-4124-b8a2-ab4870a55c8c has been successfully formatted.
2019-10-03 19:53:22,372 [pool-423-thread-1] INFO  storage.RaftStorage (RaftStorage.java:format(84)) - Storage directory /workdir/hadoop-ozone/integration-test/target/test-dir/MiniOzoneClusterImpl-1277cde4-a404-4099-88bc-5733a0f2746f/datanode-4/data/ratis/9a3926ea-af29-4124-b8a2-ab4870a55c8c has been successfully formatted.
2019-10-03 19:53:22,372 [pool-433-thread-1] INFO  storage.RaftStorage (RaftStorage.java:format(84)) - Storage directory /workdir/hadoop-ozone/integration-test/target/test-dir/MiniOzoneClusterImpl-1277cde4-a404-4099-88bc-5733a0f2746f/datanode-5/data/ratis/9a3926ea-af29-4124-b8a2-ab4870a55c8c has been successfully formatted.
2019-10-03 19:53:22,372 [pool-443-thread-1] INFO  ratis.ContainerStateMachine (ContainerStateMachine.java:loadSnapshot(230)) - group-AB4870A55C8C: The snapshot info is null. Setting the last applied indexto:(t:0, i:~)
2019-10-03 19:53:22,372 [pool-423-thread-1] INFO  ratis.ContainerStateMachine (ContainerStateMachine.java:loadSnapshot(230)) - group-AB4870A55C8C: The snapshot info is null. Setting the last applied indexto:(t:0, i:~)
2019-10-03 19:53:22,373 [pool-433-thread-1] INFO  ratis.ContainerStateMachine (ContainerStateMachine.java:loadSnapshot(230)) - group-AB4870A55C8C: The snapshot info is null. Setting the last applied indexto:(t:0, i:~)
2019-10-03 19:53:22,373 [pool-423-thread-1] INFO  server.RaftServerConfigKeys (ConfUtils.java:logGet(43)) - raft.server.notification.no-leader.timeout = 120s (custom)
2019-10-03 19:53:22,373 [pool-443-thread-1] INFO  server.RaftServerConfigKeys (ConfUtils.java:logGet(43)) - raft.server.notification.no-leader.timeout = 120s (custom)
2019-10-03 19:53:22,373 [pool-423-thread-1] INFO  server.RaftServerConfigKeys (ConfUtils.java:logGet(43)) - raft.server.log.use.memory = false (default)
2019-10-03 19:53:22,373 [pool-433-thread-1] INFO  server.RaftServerConfigKeys (ConfUtils.java:logGet(43)) - raft.server.notification.no-leader.timeout = 120s (custom)
2019-10-03 19:53:22,373 [pool-423-thread-1] INFO  server.RaftServerConfigKeys (ConfUtils.java:logGet(43)) - raft.server.log.purge.gap = 1000000 (custom)
2019-10-03 19:53:22,374 [pool-423-thread-1] INFO  server.RaftServerConfigKeys (ConfUtils.java:logGet(43)) - raft.server.log.appender.buffer.byte-limit = 33554432 (custom)
2019-10-03 19:53:22,373 [pool-443-thread-1] INFO  server.RaftServerConfigKeys (ConfUtils.java:logGet(43)) - raft.server.log.use.memory = false (default)
2019-10-03 19:53:22,374 [pool-423-thread-1] INFO  server.RaftServerConfigKeys (ConfUtils.java:logGet(43)) - raft.server.log.segment.size.max = 1048576 (custom)
2019-10-03 19:53:22,373 [pool-433-thread-1] INFO  server.RaftServerConfigKeys (ConfUtils.java:logGet(43)) - raft.server.log.use.memory = false (default)
2019-10-03 19:53:22,374 [pool-423-thread-1] INFO  server.RaftServerConfigKeys (ConfUtils.java:logGet(43)) - raft.server.log.segment.cache.num.max = 2 (custom)
2019-10-03 19:53:22,374 [pool-443-thread-1] INFO  server.RaftServerConfigKeys (ConfUtils.java:logGet(43)) - raft.server.log.purge.gap = 1000000 (custom)
2019-10-03 19:53:22,374 [pool-423-thread-1] INFO  segmented.SegmentedRaftLogWorker (SegmentedRaftLogWorker.java:<init>(173)) - new 4532c6d6-fa2f-4f5c-9ba8-2924db140c1f@group-AB4870A55C8C-SegmentedRaftLogWorker for RaftStorage:Storage Directory /workdir/hadoop-ozone/integration-test/target/test-dir/MiniOzoneClusterImpl-1277cde4-a404-4099-88bc-5733a0f2746f/datanode-4/data/ratis/9a3926ea-af29-4124-b8a2-ab4870a55c8c
2019-10-03 19:53:22,375 [pool-423-thread-1] INFO  server.RaftServerConfigKeys (ConfUtils.java:logGet(43)) - raft.server.log.queue.byte-limit = 2147483647 (custom)
2019-10-03 19:53:22,374 [pool-433-thread-1] INFO  server.RaftServerConfigKeys (ConfUtils.java:logGet(43)) - raft.server.log.purge.gap = 1000000 (custom)
2019-10-03 19:53:22,375 [pool-423-thread-1] INFO  server.RaftServerConfigKeys (ConfUtils.java:logGet(43)) - raft.server.log.queue.element-limit = 1024 (custom)
2019-10-03 19:53:22,374 [pool-443-thread-1] INFO  server.RaftServerConfigKeys (ConfUtils.java:logGet(43)) - raft.server.log.appender.buffer.byte-limit = 33554432 (custom)
2019-10-03 19:53:22,375 [pool-443-thread-1] INFO  server.RaftServerConfigKeys (ConfUtils.java:logGet(43)) - raft.server.log.segment.size.max = 1048576 (custom)
2019-10-03 19:53:22,375 [pool-423-thread-1] INFO  server.RaftServerConfigKeys (ConfUtils.java:logGet(43)) - raft.server.log.segment.size.max = 1048576 (custom)
2019-10-03 19:53:22,375 [pool-433-thread-1] INFO  server.RaftServerConfigKeys (ConfUtils.java:logGet(43)) - raft.server.log.appender.buffer.byte-limit = 33554432 (custom)
2019-10-03 19:53:22,376 [pool-423-thread-1] INFO  server.RaftServerConfigKeys (ConfUtils.java:logGet(43)) - raft.server.log.preallocated.size = 16384 (custom)
2019-10-03 19:53:22,375 [pool-443-thread-1] INFO  server.RaftServerConfigKeys (ConfUtils.java:logGet(43)) - raft.server.log.segment.cache.num.max = 2 (custom)
2019-10-03 19:53:22,376 [pool-423-thread-1] INFO  server.RaftServerConfigKeys (ConfUtils.java:logGet(43)) - raft.server.log.write.buffer.size = 33554432 (custom)
2019-10-03 19:53:22,376 [pool-423-thread-1] INFO  server.RaftServerConfigKeys (ConfUtils.java:logGet(43)) - raft.server.log.force.sync.num = 128 (default)
2019-10-03 19:53:22,376 [pool-433-thread-1] INFO  server.RaftServerConfigKeys (ConfUtils.java:logGet(43)) - raft.server.log.segment.size.max = 1048576 (custom)
2019-10-03 19:53:22,376 [pool-423-thread-1] INFO  server.RaftServerConfigKeys (ConfUtils.java:logGet(43)) - raft.server.log.statemachine.data.sync = true (default)
2019-10-03 19:53:22,376 [pool-443-thread-1] INFO  segmented.SegmentedRaftLogWorker (SegmentedRaftLogWorker.java:<init>(173)) - new 5b5a13de-9345-4350-b88b-0d1725df0e9f@group-AB4870A55C8C-SegmentedRaftLogWorker for RaftStorage:Storage Directory /workdir/hadoop-ozone/integration-test/target/test-dir/MiniOzoneClusterImpl-1277cde4-a404-4099-88bc-5733a0f2746f/datanode-6/data/ratis/9a3926ea-af29-4124-b8a2-ab4870a55c8c
2019-10-03 19:53:22,376 [pool-423-thread-1] INFO  server.RaftServerConfigKeys (ConfUtils.java:logGet(43)) - raft.server.log.statemachine.data.sync.timeout = 10s (default)
2019-10-03 19:53:22,376 [pool-433-thread-1] INFO  server.RaftServerConfigKeys (ConfUtils.java:logGet(43)) - raft.server.log.segment.cache.num.max = 2 (custom)
2019-10-03 19:53:22,377 [pool-423-thread-1] INFO  server.RaftServerConfigKeys (ConfUtils.java:logGet(43)) - raft.server.log.statemachine.data.sync.timeout.retry = -1 (default)
2019-10-03 19:53:22,377 [pool-443-thread-1] INFO  server.RaftServerConfigKeys (ConfUtils.java:logGet(43)) - raft.server.log.queue.byte-limit = 2147483647 (custom)
2019-10-03 19:53:22,377 [pool-423-thread-1] INFO  server.RaftServerConfigKeys (ConfUtils.java:logGet(43)) - raft.server.log.statemachine.data.caching.enabled = true (custom)
2019-10-03 19:53:22,377 [pool-433-thread-1] INFO  segmented.SegmentedRaftLogWorker (SegmentedRaftLogWorker.java:<init>(173)) - new 4a591fa4-3596-4559-9a62-fe29295a4789@group-AB4870A55C8C-SegmentedRaftLogWorker for RaftStorage:Storage Directory /workdir/hadoop-ozone/integration-test/target/test-dir/MiniOzoneClusterImpl-1277cde4-a404-4099-88bc-5733a0f2746f/datanode-5/data/ratis/9a3926ea-af29-4124-b8a2-ab4870a55c8c
2019-10-03 19:53:22,377 [pool-443-thread-1] INFO  server.RaftServerConfigKeys (ConfUtils.java:logGet(43)) - raft.server.log.queue.element-limit = 1024 (custom)
2019-10-03 19:53:22,378 [pool-423-thread-1] INFO  segmented.SegmentedRaftLogWorker (SegmentedRaftLogWorker.java:lambda$new$0(128)) - 4532c6d6-fa2f-4f5c-9ba8-2924db140c1f@group-AB4870A55C8C-SegmentedRaftLogWorker: flushIndex: setUnconditionally 0 -> -1
2019-10-03 19:53:22,377 [pool-433-thread-1] INFO  server.RaftServerConfigKeys (ConfUtils.java:logGet(43)) - raft.server.log.queue.byte-limit = 2147483647 (custom)
2019-10-03 19:53:22,378 [pool-443-thread-1] INFO  server.RaftServerConfigKeys (ConfUtils.java:logGet(43)) - raft.server.log.segment.size.max = 1048576 (custom)
2019-10-03 19:53:22,378 [pool-433-thread-1] INFO  server.RaftServerConfigKeys (ConfUtils.java:logGet(43)) - raft.server.log.queue.element-limit = 1024 (custom)
2019-10-03 19:53:22,378 [pool-423-thread-1] INFO  server.RaftServerConfigKeys (ConfUtils.java:logGet(43)) - raft.server.snapshot.auto.trigger.enabled = true (custom)
2019-10-03 19:53:22,378 [pool-443-thread-1] INFO  server.RaftServerConfigKeys (ConfUtils.java:logGet(43)) - raft.server.log.preallocated.size = 16384 (custom)
2019-10-03 19:53:22,378 [pool-423-thread-1] INFO  server.RaftServerConfigKeys (ConfUtils.java:logGet(43)) - raft.server.snapshot.auto.trigger.threshold = 10000 (custom)
2019-10-03 19:53:22,378 [pool-433-thread-1] INFO  server.RaftServerConfigKeys (ConfUtils.java:logGet(43)) - raft.server.log.segment.size.max = 1048576 (custom)
2019-10-03 19:53:22,379 [pool-423-thread-1] INFO  server.RaftServerConfigKeys (ConfUtils.java:logGet(43)) - raft.server.snapshot.retention.file.num = 5 (custom)
2019-10-03 19:53:22,378 [pool-443-thread-1] INFO  server.RaftServerConfigKeys (ConfUtils.java:logGet(43)) - raft.server.log.write.buffer.size = 33554432 (custom)
2019-10-03 19:53:22,379 [pool-423-thread-1] INFO  server.RaftServerConfigKeys (ConfUtils.java:logGet(43)) - raft.server.retrycache.expirytime = 600000ms (custom)
2019-10-03 19:53:22,379 [pool-433-thread-1] INFO  server.RaftServerConfigKeys (ConfUtils.java:logGet(43)) - raft.server.log.preallocated.size = 16384 (custom)
2019-10-03 19:53:22,379 [pool-443-thread-1] INFO  server.RaftServerConfigKeys (ConfUtils.java:logGet(43)) - raft.server.log.force.sync.num = 128 (default)
2019-10-03 19:53:22,379 [pool-433-thread-1] INFO  server.RaftServerConfigKeys (ConfUtils.java:logGet(43)) - raft.server.log.write.buffer.size = 33554432 (custom)
2019-10-03 19:53:22,379 [pool-443-thread-1] INFO  server.RaftServerConfigKeys (ConfUtils.java:logGet(43)) - raft.server.log.statemachine.data.sync = true (default)
2019-10-03 19:53:22,379 [pool-433-thread-1] INFO  server.RaftServerConfigKeys (ConfUtils.java:logGet(43)) - raft.server.log.force.sync.num = 128 (default)
2019-10-03 19:53:22,380 [pool-443-thread-1] INFO  server.RaftServerConfigKeys (ConfUtils.java:logGet(43)) - raft.server.log.statemachine.data.sync.timeout = 10s (default)
2019-10-03 19:53:22,380 [pool-433-thread-1] INFO  server.RaftServerConfigKeys (ConfUtils.java:logGet(43)) - raft.server.log.statemachine.data.sync = true (default)
2019-10-03 19:53:22,380 [pool-443-thread-1] INFO  server.RaftServerConfigKeys (ConfUtils.java:logGet(43)) - raft.server.log.statemachine.data.sync.timeout.retry = -1 (default)
2019-10-03 19:53:22,380 [pool-433-thread-1] INFO  server.RaftServerConfigKeys (ConfUtils.java:logGet(43)) - raft.server.log.statemachine.data.sync.timeout = 10s (default)
2019-10-03 19:53:22,380 [pool-443-thread-1] INFO  server.RaftServerConfigKeys (ConfUtils.java:logGet(43)) - raft.server.log.statemachine.data.caching.enabled = true (custom)
2019-10-03 19:53:22,380 [pool-433-thread-1] INFO  server.RaftServerConfigKeys (ConfUtils.java:logGet(43)) - raft.server.log.statemachine.data.sync.timeout.retry = -1 (default)
2019-10-03 19:53:22,380 [pool-443-thread-1] INFO  segmented.SegmentedRaftLogWorker (SegmentedRaftLogWorker.java:lambda$new$0(128)) - 5b5a13de-9345-4350-b88b-0d1725df0e9f@group-AB4870A55C8C-SegmentedRaftLogWorker: flushIndex: setUnconditionally 0 -> -1
2019-10-03 19:53:22,380 [pool-433-thread-1] INFO  server.RaftServerConfigKeys (ConfUtils.java:logGet(43)) - raft.server.log.statemachine.data.caching.enabled = true (custom)
2019-10-03 19:53:22,381 [pool-443-thread-1] INFO  server.RaftServerConfigKeys (ConfUtils.java:logGet(43)) - raft.server.snapshot.auto.trigger.enabled = true (custom)
2019-10-03 19:53:22,381 [pool-433-thread-1] INFO  segmented.SegmentedRaftLogWorker (SegmentedRaftLogWorker.java:lambda$new$0(128)) - 4a591fa4-3596-4559-9a62-fe29295a4789@group-AB4870A55C8C-SegmentedRaftLogWorker: flushIndex: setUnconditionally 0 -> -1
2019-10-03 19:53:22,381 [pool-443-thread-1] INFO  server.RaftServerConfigKeys (ConfUtils.java:logGet(43)) - raft.server.snapshot.auto.trigger.threshold = 10000 (custom)
2019-10-03 19:53:22,381 [pool-443-thread-1] INFO  server.RaftServerConfigKeys (ConfUtils.java:logGet(43)) - raft.server.snapshot.retention.file.num = 5 (custom)
2019-10-03 19:53:22,381 [pool-433-thread-1] INFO  server.RaftServerConfigKeys (ConfUtils.java:logGet(43)) - raft.server.snapshot.auto.trigger.enabled = true (custom)
2019-10-03 19:53:22,381 [pool-423-thread-1] INFO  impl.RaftServerImpl (RaftServerImpl.java:start(181)) - 4532c6d6-fa2f-4f5c-9ba8-2924db140c1f@group-AB4870A55C8C: start as a follower, conf=-1: [4532c6d6-fa2f-4f5c-9ba8-2924db140c1f:192.168.164.195:33186, 4a591fa4-3596-4559-9a62-fe29295a4789:192.168.164.195:41230, 5b5a13de-9345-4350-b88b-0d1725df0e9f:192.168.164.195:35102], old=null
2019-10-03 19:53:22,381 [pool-443-thread-1] INFO  server.RaftServerConfigKeys (ConfUtils.java:logGet(43)) - raft.server.retrycache.expirytime = 600000ms (custom)
2019-10-03 19:53:22,381 [pool-423-thread-1] INFO  impl.RaftServerImpl (RaftServerImpl.java:setRole(170)) - 4532c6d6-fa2f-4f5c-9ba8-2924db140c1f@group-AB4870A55C8C: changes role from      null to FOLLOWER at term 0 for startAsFollower
2019-10-03 19:53:22,381 [pool-433-thread-1] INFO  server.RaftServerConfigKeys (ConfUtils.java:logGet(43)) - raft.server.snapshot.auto.trigger.threshold = 10000 (custom)
2019-10-03 19:53:22,382 [pool-423-thread-1] INFO  impl.RoleInfo (RoleInfo.java:updateAndGet(143)) - 4532c6d6-fa2f-4f5c-9ba8-2924db140c1f: start FollowerState
2019-10-03 19:53:22,382 [pool-433-thread-1] INFO  server.RaftServerConfigKeys (ConfUtils.java:logGet(43)) - raft.server.snapshot.retention.file.num = 5 (custom)
2019-10-03 19:53:22,382 [pool-433-thread-1] INFO  server.RaftServerConfigKeys (ConfUtils.java:logGet(43)) - raft.server.retrycache.expirytime = 600000ms (custom)
2019-10-03 19:53:22,382 [pool-423-thread-1] INFO  util.JmxRegister (JmxRegister.java:tryRegister(44)) - Successfully registered JMX Bean with object name Ratis:service=RaftServer,group=group-AB4870A55C8C,id=4532c6d6-fa2f-4f5c-9ba8-2924db140c1f
2019-10-03 19:53:22,384 [pool-443-thread-1] INFO  impl.RaftServerImpl (RaftServerImpl.java:start(181)) - 5b5a13de-9345-4350-b88b-0d1725df0e9f@group-AB4870A55C8C: start as a follower, conf=-1: [4532c6d6-fa2f-4f5c-9ba8-2924db140c1f:192.168.164.195:33186, 4a591fa4-3596-4559-9a62-fe29295a4789:192.168.164.195:41230, 5b5a13de-9345-4350-b88b-0d1725df0e9f:192.168.164.195:35102], old=null
2019-10-03 19:53:22,384 [pool-443-thread-1] INFO  impl.RaftServerImpl (RaftServerImpl.java:setRole(170)) - 5b5a13de-9345-4350-b88b-0d1725df0e9f@group-AB4870A55C8C: changes role from      null to FOLLOWER at term 0 for startAsFollower
2019-10-03 19:53:22,384 [pool-443-thread-1] INFO  impl.RoleInfo (RoleInfo.java:updateAndGet(143)) - 5b5a13de-9345-4350-b88b-0d1725df0e9f: start FollowerState
2019-10-03 19:53:22,384 [pool-443-thread-1] INFO  util.JmxRegister (JmxRegister.java:tryRegister(44)) - Successfully registered JMX Bean with object name Ratis:service=RaftServer,group=group-AB4870A55C8C,id=5b5a13de-9345-4350-b88b-0d1725df0e9f
2019-10-03 19:53:22,385 [pool-433-thread-1] INFO  impl.RaftServerImpl (RaftServerImpl.java:start(181)) - 4a591fa4-3596-4559-9a62-fe29295a4789@group-AB4870A55C8C: start as a follower, conf=-1: [4532c6d6-fa2f-4f5c-9ba8-2924db140c1f:192.168.164.195:33186, 4a591fa4-3596-4559-9a62-fe29295a4789:192.168.164.195:41230, 5b5a13de-9345-4350-b88b-0d1725df0e9f:192.168.164.195:35102], old=null
2019-10-03 19:53:22,385 [pool-433-thread-1] INFO  impl.RaftServerImpl (RaftServerImpl.java:setRole(170)) - 4a591fa4-3596-4559-9a62-fe29295a4789@group-AB4870A55C8C: changes role from      null to FOLLOWER at term 0 for startAsFollower
2019-10-03 19:53:22,385 [pool-433-thread-1] INFO  impl.RoleInfo (RoleInfo.java:updateAndGet(143)) - 4a591fa4-3596-4559-9a62-fe29295a4789: start FollowerState
2019-10-03 19:53:22,385 [pool-433-thread-1] INFO  util.JmxRegister (JmxRegister.java:tryRegister(44)) - Successfully registered JMX Bean with object name Ratis:service=RaftServer,group=group-AB4870A55C8C,id=4a591fa4-3596-4559-9a62-fe29295a4789
2019-10-03 19:53:22,389 [RatisPipelineUtilsThread] INFO  pipeline.PipelineStateManager (PipelineStateManager.java:addPipeline(56)) - Created pipeline Pipeline[ Id: 9a3926ea-af29-4124-b8a2-ab4870a55c8c, Nodes: 4532c6d6-fa2f-4f5c-9ba8-2924db140c1f{ip: 192.168.164.195, host: pr-hdds-2199-dnstouuidmap-84vvh-1531155352, networkLocation: /default-rack, certSerialId: null}4a591fa4-3596-4559-9a62-fe29295a4789{ip: 192.168.164.195, host: pr-hdds-2199-dnstouuidmap-84vvh-1531155352, networkLocation: /default-rack, certSerialId: null}5b5a13de-9345-4350-b88b-0d1725df0e9f{ip: 192.168.164.195, host: pr-hdds-2199-dnstouuidmap-84vvh-1531155352, networkLocation: /default-rack, certSerialId: null}, Type:RATIS, Factor:THREE, State:OPEN]
2019-10-03 19:53:24,855 [Thread-2306] INFO  container.ReplicationManager (ReplicationManager.java:start(162)) - Starting Replication Monitor Thread.
2019-10-03 19:53:24,865 [ReplicationMonitor] INFO  container.ReplicationManager (ReplicationManager.java:run(225)) - Replication Monitor Thread took 0 milliseconds for processing 1 containers.
2019-10-03 19:53:26,975 [Thread-2308] INFO  impl.FollowerState (FollowerState.java:run(108)) - 1da3039e-9ddf-46d7-b590-0485b646c749@group-31B5EC843379-FollowerState: change to CANDIDATE, lastRpcTime:5049ms, electionTimeout:5049ms
2019-10-03 19:53:26,975 [Thread-2308] INFO  impl.RoleInfo (RoleInfo.java:shutdownFollowerState(121)) - 1da3039e-9ddf-46d7-b590-0485b646c749: shutdown FollowerState
2019-10-03 19:53:26,976 [Thread-2308] INFO  impl.RaftServerImpl (RaftServerImpl.java:setRole(170)) - 1da3039e-9ddf-46d7-b590-0485b646c749@group-31B5EC843379: changes role from  FOLLOWER to CANDIDATE at term 0 for changeToCandidate
2019-10-03 19:53:26,976 [Thread-2308] INFO  impl.RoleInfo (RoleInfo.java:updateAndGet(143)) - 1da3039e-9ddf-46d7-b590-0485b646c749: start LeaderElection
2019-10-03 19:53:27,011 [1da3039e-9ddf-46d7-b590-0485b646c749@group-31B5EC843379-LeaderElection58] INFO  impl.LeaderElection (LeaderElection.java:askForVotes(178)) - 1da3039e-9ddf-46d7-b590-0485b646c749@group-31B5EC843379-LeaderElection58: begin an election at term 1 for -1: [1da3039e-9ddf-46d7-b590-0485b646c749:192.168.164.195:37963], old=null
2019-10-03 19:53:27,011 [1da3039e-9ddf-46d7-b590-0485b646c749@group-31B5EC843379-LeaderElection58] INFO  impl.RoleInfo (RoleInfo.java:shutdownLeaderElection(134)) - 1da3039e-9ddf-46d7-b590-0485b646c749: shutdown LeaderElection
2019-10-03 19:53:27,011 [1da3039e-9ddf-46d7-b590-0485b646c749@group-31B5EC843379-LeaderElection58] INFO  impl.RaftServerImpl (RaftServerImpl.java:setRole(170)) - 1da3039e-9ddf-46d7-b590-0485b646c749@group-31B5EC843379: changes role from CANDIDATE to LEADER at term 1 for changeToLeader
2019-10-03 19:53:27,011 [1da3039e-9ddf-46d7-b590-0485b646c749@group-31B5EC843379-LeaderElection58] INFO  impl.RaftServerImpl (ServerState.java:setLeader(255)) - 1da3039e-9ddf-46d7-b590-0485b646c749@group-31B5EC843379: change Leader from null to 1da3039e-9ddf-46d7-b590-0485b646c749 at term 1 for becomeLeader, leader elected after 5096ms
2019-10-03 19:53:27,011 [1da3039e-9ddf-46d7-b590-0485b646c749@group-31B5EC843379-LeaderElection58] INFO  server.RaftServerConfigKeys (ConfUtils.java:logGet(43)) - raft.server.staging.catchup.gap = 1000 (default)
2019-10-03 19:53:27,012 [1da3039e-9ddf-46d7-b590-0485b646c749@group-31B5EC843379-LeaderElection58] INFO  server.RaftServerConfigKeys (ConfUtils.java:logGet(43)) - raft.server.rpc.sleep.time = 25ms (default)
2019-10-03 19:53:27,012 [1da3039e-9ddf-46d7-b590-0485b646c749@group-31B5EC843379-LeaderElection58] INFO  server.RaftServerConfigKeys (ConfUtils.java:logGet(43)) - raft.server.write.element-limit = 4096 (default)
2019-10-03 19:53:27,012 [1da3039e-9ddf-46d7-b590-0485b646c749@group-31B5EC843379-LeaderElection58] INFO  server.RaftServerConfigKeys (ConfUtils.java:logGet(43)) - raft.server.watch.timeout = 10s (default)
2019-10-03 19:53:27,012 [1da3039e-9ddf-46d7-b590-0485b646c749@group-31B5EC843379-LeaderElection58] INFO  server.RaftServerConfigKeys (ConfUtils.java:logGet(43)) - raft.server.watch.timeout.denomination = 1s (default)
2019-10-03 19:53:27,012 [1da3039e-9ddf-46d7-b590-0485b646c749@group-31B5EC843379-LeaderElection58] INFO  server.RaftServerConfigKeys (ConfUtils.java:logGet(43)) - raft.server.watch.element-limit = 65536 (default)
2019-10-03 19:53:27,014 [Thread-2311] INFO  impl.FollowerState (FollowerState.java:run(108)) - ec68cd31-786a-4caa-9bbb-4f7512a61922@group-C510B7448A77-FollowerState: change to CANDIDATE, lastRpcTime:5040ms, electionTimeout:5040ms
2019-10-03 19:53:27,014 [Thread-2311] INFO  impl.RoleInfo (RoleInfo.java:shutdownFollowerState(121)) - ec68cd31-786a-4caa-9bbb-4f7512a61922: shutdown FollowerState
2019-10-03 19:53:27,014 [Thread-2311] INFO  impl.RaftServerImpl (RaftServerImpl.java:setRole(170)) - ec68cd31-786a-4caa-9bbb-4f7512a61922@group-C510B7448A77: changes role from  FOLLOWER to CANDIDATE at term 0 for changeToCandidate
2019-10-03 19:53:27,014 [Thread-2311] INFO  impl.RoleInfo (RoleInfo.java:updateAndGet(143)) - ec68cd31-786a-4caa-9bbb-4f7512a61922: start LeaderElection
2019-10-03 19:53:27,014 [1da3039e-9ddf-46d7-b590-0485b646c749@group-31B5EC843379-LeaderElection58] INFO  impl.RoleInfo (RoleInfo.java:updateAndGet(143)) - 1da3039e-9ddf-46d7-b590-0485b646c749: start LeaderState
2019-10-03 19:53:27,018 [1da3039e-9ddf-46d7-b590-0485b646c749@group-31B5EC843379-LeaderElection58] INFO  segmented.SegmentedRaftLogWorker (SegmentedRaftLogWorker.java:startLogSegment(385)) - 1da3039e-9ddf-46d7-b590-0485b646c749@group-31B5EC843379-SegmentedRaftLogWorker: Starting segment from index:0
2019-10-03 19:53:27,019 [1da3039e-9ddf-46d7-b590-0485b646c749@group-31B5EC843379-LeaderElection58] INFO  impl.RaftServerImpl (ServerState.java:setRaftConf(356)) - 1da3039e-9ddf-46d7-b590-0485b646c749@group-31B5EC843379: set configuration 0: [1da3039e-9ddf-46d7-b590-0485b646c749:192.168.164.195:37963], old=null at 0
2019-10-03 19:53:27,030 [ec68cd31-786a-4caa-9bbb-4f7512a61922@group-C510B7448A77-LeaderElection59] INFO  impl.LeaderElection (LeaderElection.java:askForVotes(178)) - ec68cd31-786a-4caa-9bbb-4f7512a61922@group-C510B7448A77-LeaderElection59: begin an election at term 1 for -1: [ec68cd31-786a-4caa-9bbb-4f7512a61922:192.168.164.195:34756], old=null
2019-10-03 19:53:27,030 [ec68cd31-786a-4caa-9bbb-4f7512a61922@group-C510B7448A77-LeaderElection59] INFO  impl.RoleInfo (RoleInfo.java:shutdownLeaderElection(134)) - ec68cd31-786a-4caa-9bbb-4f7512a61922: shutdown LeaderElection
2019-10-03 19:53:27,030 [ec68cd31-786a-4caa-9bbb-4f7512a61922@group-C510B7448A77-LeaderElection59] INFO  impl.RaftServerImpl (RaftServerImpl.java:setRole(170)) - ec68cd31-786a-4caa-9bbb-4f7512a61922@group-C510B7448A77: changes role from CANDIDATE to LEADER at term 1 for changeToLeader
2019-10-03 19:53:27,030 [ec68cd31-786a-4caa-9bbb-4f7512a61922@group-C510B7448A77-LeaderElection59] INFO  impl.RaftServerImpl (ServerState.java:setLeader(255)) - ec68cd31-786a-4caa-9bbb-4f7512a61922@group-C510B7448A77: change Leader from null to ec68cd31-786a-4caa-9bbb-4f7512a61922 at term 1 for becomeLeader, leader elected after 5062ms
2019-10-03 19:53:27,030 [ec68cd31-786a-4caa-9bbb-4f7512a61922@group-C510B7448A77-LeaderElection59] INFO  server.RaftServerConfigKeys (ConfUtils.java:logGet(43)) - raft.server.staging.catchup.gap = 1000 (default)
2019-10-03 19:53:27,030 [ec68cd31-786a-4caa-9bbb-4f7512a61922@group-C510B7448A77-LeaderElection59] INFO  server.RaftServerConfigKeys (ConfUtils.java:logGet(43)) - raft.server.rpc.sleep.time = 25ms (default)
2019-10-03 19:53:27,030 [ec68cd31-786a-4caa-9bbb-4f7512a61922@group-C510B7448A77-LeaderElection59] INFO  server.RaftServerConfigKeys (ConfUtils.java:logGet(43)) - raft.server.write.element-limit = 4096 (default)
2019-10-03 19:53:27,030 [ec68cd31-786a-4caa-9bbb-4f7512a61922@group-C510B7448A77-LeaderElection59] INFO  server.RaftServerConfigKeys (ConfUtils.java:logGet(43)) - raft.server.watch.timeout = 10s (default)
2019-10-03 19:53:27,030 [ec68cd31-786a-4caa-9bbb-4f7512a61922@group-C510B7448A77-LeaderElection59] INFO  server.RaftServerConfigKeys (ConfUtils.java:logGet(43)) - raft.server.watch.timeout.denomination = 1s (default)
2019-10-03 19:53:27,030 [ec68cd31-786a-4caa-9bbb-4f7512a61922@group-C510B7448A77-LeaderElection59] INFO  server.RaftServerConfigKeys (ConfUtils.java:logGet(43)) - raft.server.watch.element-limit = 65536 (default)
2019-10-03 19:53:27,032 [ec68cd31-786a-4caa-9bbb-4f7512a61922@group-C510B7448A77-LeaderElection59] INFO  impl.RoleInfo (RoleInfo.java:updateAndGet(143)) - ec68cd31-786a-4caa-9bbb-4f7512a61922: start LeaderState
2019-10-03 19:53:27,032 [ec68cd31-786a-4caa-9bbb-4f7512a61922@group-C510B7448A77-LeaderElection59] INFO  segmented.SegmentedRaftLogWorker (SegmentedRaftLogWorker.java:startLogSegment(385)) - ec68cd31-786a-4caa-9bbb-4f7512a61922@group-C510B7448A77-SegmentedRaftLogWorker: Starting segment from index:0
2019-10-03 19:53:27,032 [ec68cd31-786a-4caa-9bbb-4f7512a61922@group-C510B7448A77-LeaderElection59] INFO  impl.RaftServerImpl (ServerState.java:setRaftConf(356)) - ec68cd31-786a-4caa-9bbb-4f7512a61922@group-C510B7448A77: set configuration 0: [ec68cd31-786a-4caa-9bbb-4f7512a61922:192.168.164.195:34756], old=null at 0
2019-10-03 19:53:27,058 [1da3039e-9ddf-46d7-b590-0485b646c749@group-31B5EC843379-SegmentedRaftLogWorker] INFO  segmented.SegmentedRaftLogWorker (SegmentedRaftLogWorker.java:execute(574)) - 1da3039e-9ddf-46d7-b590-0485b646c749@group-31B5EC843379-SegmentedRaftLogWorker: created new log segment /workdir/hadoop-ozone/integration-test/target/test-dir/MiniOzoneClusterImpl-1277cde4-a404-4099-88bc-5733a0f2746f/datanode-0/data/ratis/b38e7b75-ac4d-430e-8b01-31b5ec843379/current/log_inprogress_0
2019-10-03 19:53:27,071 [ec68cd31-786a-4caa-9bbb-4f7512a61922@group-C510B7448A77-SegmentedRaftLogWorker] INFO  segmented.SegmentedRaftLogWorker (SegmentedRaftLogWorker.java:execute(574)) - ec68cd31-786a-4caa-9bbb-4f7512a61922@group-C510B7448A77-SegmentedRaftLogWorker: created new log segment /workdir/hadoop-ozone/integration-test/target/test-dir/MiniOzoneClusterImpl-1277cde4-a404-4099-88bc-5733a0f2746f/datanode-1/data/ratis/58f473c0-25db-4a32-b592-c510b7448a77/current/log_inprogress_0
2019-10-03 19:53:27,110 [Thread-2317] INFO  impl.FollowerState (FollowerState.java:run(108)) - 092cf0d2-5d64-4f0a-81f7-c3af7735fcdb@group-133DDE9EC62F-FollowerState: change to CANDIDATE, lastRpcTime:5038ms, electionTimeout:5038ms
2019-10-03 19:53:27,110 [Thread-2317] INFO  impl.RoleInfo (RoleInfo.java:shutdownFollowerState(121)) - 092cf0d2-5d64-4f0a-81f7-c3af7735fcdb: shutdown FollowerState
2019-10-03 19:53:27,110 [Thread-2317] INFO  impl.RaftServerImpl (RaftServerImpl.java:setRole(170)) - 092cf0d2-5d64-4f0a-81f7-c3af7735fcdb@group-133DDE9EC62F: changes role from  FOLLOWER to CANDIDATE at term 0 for changeToCandidate
2019-10-03 19:53:27,110 [Thread-2317] INFO  impl.RoleInfo (RoleInfo.java:updateAndGet(143)) - 092cf0d2-5d64-4f0a-81f7-c3af7735fcdb: start LeaderElection
2019-10-03 19:53:27,127 [Thread-2314] INFO  impl.FollowerState (FollowerState.java:run(108)) - 8a3381ef-363a-4b22-9139-8be250b93f9a@group-E12A9E0D066B-FollowerState: change to CANDIDATE, lastRpcTime:5105ms, electionTimeout:5105ms
2019-10-03 19:53:27,127 [Thread-2314] INFO  impl.RoleInfo (RoleInfo.java:shutdownFollowerState(121)) - 8a3381ef-363a-4b22-9139-8be250b93f9a: shutdown FollowerState
2019-10-03 19:53:27,128 [Thread-2314] INFO  impl.RaftServerImpl (RaftServerImpl.java:setRole(170)) - 8a3381ef-363a-4b22-9139-8be250b93f9a@group-E12A9E0D066B: changes role from  FOLLOWER to CANDIDATE at term 0 for changeToCandidate
2019-10-03 19:53:27,128 [Thread-2314] INFO  impl.RoleInfo (RoleInfo.java:updateAndGet(143)) - 8a3381ef-363a-4b22-9139-8be250b93f9a: start LeaderElection
2019-10-03 19:53:27,135 [092cf0d2-5d64-4f0a-81f7-c3af7735fcdb@group-133DDE9EC62F-LeaderElection60] INFO  impl.LeaderElection (LeaderElection.java:askForVotes(178)) - 092cf0d2-5d64-4f0a-81f7-c3af7735fcdb@group-133DDE9EC62F-LeaderElection60: begin an election at term 1 for -1: [092cf0d2-5d64-4f0a-81f7-c3af7735fcdb:192.168.164.195:35706], old=null
2019-10-03 19:53:27,135 [092cf0d2-5d64-4f0a-81f7-c3af7735fcdb@group-133DDE9EC62F-LeaderElection60] INFO  impl.RoleInfo (RoleInfo.java:shutdownLeaderElection(134)) - 092cf0d2-5d64-4f0a-81f7-c3af7735fcdb: shutdown LeaderElection
2019-10-03 19:53:27,135 [092cf0d2-5d64-4f0a-81f7-c3af7735fcdb@group-133DDE9EC62F-LeaderElection60] INFO  impl.RaftServerImpl (RaftServerImpl.java:setRole(170)) - 092cf0d2-5d64-4f0a-81f7-c3af7735fcdb@group-133DDE9EC62F: changes role from CANDIDATE to LEADER at term 1 for changeToLeader
2019-10-03 19:53:27,135 [092cf0d2-5d64-4f0a-81f7-c3af7735fcdb@group-133DDE9EC62F-LeaderElection60] INFO  impl.RaftServerImpl (ServerState.java:setLeader(255)) - 092cf0d2-5d64-4f0a-81f7-c3af7735fcdb@group-133DDE9EC62F: change Leader from null to 092cf0d2-5d64-4f0a-81f7-c3af7735fcdb at term 1 for becomeLeader, leader elected after 5070ms
2019-10-03 19:53:27,135 [092cf0d2-5d64-4f0a-81f7-c3af7735fcdb@group-133DDE9EC62F-LeaderElection60] INFO  server.RaftServerConfigKeys (ConfUtils.java:logGet(43)) - raft.server.staging.catchup.gap = 1000 (default)
2019-10-03 19:53:27,135 [092cf0d2-5d64-4f0a-81f7-c3af7735fcdb@group-133DDE9EC62F-LeaderElection60] INFO  server.RaftServerConfigKeys (ConfUtils.java:logGet(43)) - raft.server.rpc.sleep.time = 25ms (default)
2019-10-03 19:53:27,135 [092cf0d2-5d64-4f0a-81f7-c3af7735fcdb@group-133DDE9EC62F-LeaderElection60] INFO  server.RaftServerConfigKeys (ConfUtils.java:logGet(43)) - raft.server.write.element-limit = 4096 (default)
2019-10-03 19:53:27,136 [092cf0d2-5d64-4f0a-81f7-c3af7735fcdb@group-133DDE9EC62F-LeaderElection60] INFO  server.RaftServerConfigKeys (ConfUtils.java:logGet(43)) - raft.server.watch.timeout = 10s (default)
2019-10-03 19:53:27,136 [092cf0d2-5d64-4f0a-81f7-c3af7735fcdb@group-133DDE9EC62F-LeaderElection60] INFO  server.RaftServerConfigKeys (ConfUtils.java:logGet(43)) - raft.server.watch.timeout.denomination = 1s (default)
2019-10-03 19:53:27,136 [092cf0d2-5d64-4f0a-81f7-c3af7735fcdb@group-133DDE9EC62F-LeaderElection60] INFO  server.RaftServerConfigKeys (ConfUtils.java:logGet(43)) - raft.server.watch.element-limit = 65536 (default)
2019-10-03 19:53:27,138 [092cf0d2-5d64-4f0a-81f7-c3af7735fcdb@group-133DDE9EC62F-LeaderElection60] INFO  impl.RoleInfo (RoleInfo.java:updateAndGet(143)) - 092cf0d2-5d64-4f0a-81f7-c3af7735fcdb: start LeaderState
2019-10-03 19:53:27,139 [092cf0d2-5d64-4f0a-81f7-c3af7735fcdb@group-133DDE9EC62F-LeaderElection60] INFO  segmented.SegmentedRaftLogWorker (SegmentedRaftLogWorker.java:startLogSegment(385)) - 092cf0d2-5d64-4f0a-81f7-c3af7735fcdb@group-133DDE9EC62F-SegmentedRaftLogWorker: Starting segment from index:0
2019-10-03 19:53:27,139 [092cf0d2-5d64-4f0a-81f7-c3af7735fcdb@group-133DDE9EC62F-LeaderElection60] INFO  impl.RaftServerImpl (ServerState.java:setRaftConf(356)) - 092cf0d2-5d64-4f0a-81f7-c3af7735fcdb@group-133DDE9EC62F: set configuration 0: [092cf0d2-5d64-4f0a-81f7-c3af7735fcdb:192.168.164.195:35706], old=null at 0
2019-10-03 19:53:27,147 [8a3381ef-363a-4b22-9139-8be250b93f9a@group-E12A9E0D066B-LeaderElection61] INFO  impl.LeaderElection (LeaderElection.java:askForVotes(178)) - 8a3381ef-363a-4b22-9139-8be250b93f9a@group-E12A9E0D066B-LeaderElection61: begin an election at term 1 for -1: [8a3381ef-363a-4b22-9139-8be250b93f9a:192.168.164.195:46598], old=null
2019-10-03 19:53:27,147 [8a3381ef-363a-4b22-9139-8be250b93f9a@group-E12A9E0D066B-LeaderElection61] INFO  impl.RoleInfo (RoleInfo.java:shutdownLeaderElection(134)) - 8a3381ef-363a-4b22-9139-8be250b93f9a: shutdown LeaderElection
2019-10-03 19:53:27,147 [8a3381ef-363a-4b22-9139-8be250b93f9a@group-E12A9E0D066B-LeaderElection61] INFO  impl.RaftServerImpl (RaftServerImpl.java:setRole(170)) - 8a3381ef-363a-4b22-9139-8be250b93f9a@group-E12A9E0D066B: changes role from CANDIDATE to LEADER at term 1 for changeToLeader
2019-10-03 19:53:27,147 [8a3381ef-363a-4b22-9139-8be250b93f9a@group-E12A9E0D066B-LeaderElection61] INFO  impl.RaftServerImpl (ServerState.java:setLeader(255)) - 8a3381ef-363a-4b22-9139-8be250b93f9a@group-E12A9E0D066B: change Leader from null to 8a3381ef-363a-4b22-9139-8be250b93f9a at term 1 for becomeLeader, leader elected after 5133ms
2019-10-03 19:53:27,148 [8a3381ef-363a-4b22-9139-8be250b93f9a@group-E12A9E0D066B-LeaderElection61] INFO  server.RaftServerConfigKeys (ConfUtils.java:logGet(43)) - raft.server.staging.catchup.gap = 1000 (default)
2019-10-03 19:53:27,148 [8a3381ef-363a-4b22-9139-8be250b93f9a@group-E12A9E0D066B-LeaderElection61] INFO  server.RaftServerConfigKeys (ConfUtils.java:logGet(43)) - raft.server.rpc.sleep.time = 25ms (default)
2019-10-03 19:53:27,148 [8a3381ef-363a-4b22-9139-8be250b93f9a@group-E12A9E0D066B-LeaderElection61] INFO  server.RaftServerConfigKeys (ConfUtils.java:logGet(43)) - raft.server.write.element-limit = 4096 (default)
2019-10-03 19:53:27,148 [8a3381ef-363a-4b22-9139-8be250b93f9a@group-E12A9E0D066B-LeaderElection61] INFO  server.RaftServerConfigKeys (ConfUtils.java:logGet(43)) - raft.server.watch.timeout = 10s (default)
2019-10-03 19:53:27,148 [8a3381ef-363a-4b22-9139-8be250b93f9a@group-E12A9E0D066B-LeaderElection61] INFO  server.RaftServerConfigKeys (ConfUtils.java:logGet(43)) - raft.server.watch.timeout.denomination = 1s (default)
2019-10-03 19:53:27,148 [8a3381ef-363a-4b22-9139-8be250b93f9a@group-E12A9E0D066B-LeaderElection61] INFO  server.RaftServerConfigKeys (ConfUtils.java:logGet(43)) - raft.server.watch.element-limit = 65536 (default)
2019-10-03 19:53:27,150 [8a3381ef-363a-4b22-9139-8be250b93f9a@group-E12A9E0D066B-LeaderElection61] INFO  impl.RoleInfo (RoleInfo.java:updateAndGet(143)) - 8a3381ef-363a-4b22-9139-8be250b93f9a: start LeaderState
2019-10-03 19:53:27,150 [8a3381ef-363a-4b22-9139-8be250b93f9a@group-E12A9E0D066B-LeaderElection61] INFO  segmented.SegmentedRaftLogWorker (SegmentedRaftLogWorker.java:startLogSegment(385)) - 8a3381ef-363a-4b22-9139-8be250b93f9a@group-E12A9E0D066B-SegmentedRaftLogWorker: Starting segment from index:0
2019-10-03 19:53:27,151 [8a3381ef-363a-4b22-9139-8be250b93f9a@group-E12A9E0D066B-LeaderElection61] INFO  impl.RaftServerImpl (ServerState.java:setRaftConf(356)) - 8a3381ef-363a-4b22-9139-8be250b93f9a@group-E12A9E0D066B: set configuration 0: [8a3381ef-363a-4b22-9139-8be250b93f9a:192.168.164.195:46598], old=null at 0
2019-10-03 19:53:27,175 [Thread-2320] INFO  impl.FollowerState (FollowerState.java:run(108)) - ec68cd31-786a-4caa-9bbb-4f7512a61922@group-311569148025-FollowerState: change to CANDIDATE, lastRpcTime:5038ms, electionTimeout:5038ms
2019-10-03 19:53:27,175 [Thread-2320] INFO  impl.RoleInfo (RoleInfo.java:shutdownFollowerState(121)) - ec68cd31-786a-4caa-9bbb-4f7512a61922: shutdown FollowerState
2019-10-03 19:53:27,175 [Thread-2320] INFO  impl.RaftServerImpl (RaftServerImpl.java:setRole(170)) - ec68cd31-786a-4caa-9bbb-4f7512a61922@group-311569148025: changes role from  FOLLOWER to CANDIDATE at term 0 for changeToCandidate
2019-10-03 19:53:27,175 [Thread-2320] INFO  impl.RoleInfo (RoleInfo.java:updateAndGet(143)) - ec68cd31-786a-4caa-9bbb-4f7512a61922: start LeaderElection
2019-10-03 19:53:27,181 [092cf0d2-5d64-4f0a-81f7-c3af7735fcdb@group-133DDE9EC62F-SegmentedRaftLogWorker] INFO  segmented.SegmentedRaftLogWorker (SegmentedRaftLogWorker.java:execute(574)) - 092cf0d2-5d64-4f0a-81f7-c3af7735fcdb@group-133DDE9EC62F-SegmentedRaftLogWorker: created new log segment /workdir/hadoop-ozone/integration-test/target/test-dir/MiniOzoneClusterImpl-1277cde4-a404-4099-88bc-5733a0f2746f/datanode-3/data/ratis/e952a02e-19c1-4d0a-af0b-133dde9ec62f/current/log_inprogress_0
2019-10-03 19:53:27,194 [8a3381ef-363a-4b22-9139-8be250b93f9a@group-E12A9E0D066B-SegmentedRaftLogWorker] INFO  segmented.SegmentedRaftLogWorker (SegmentedRaftLogWorker.java:execute(574)) - 8a3381ef-363a-4b22-9139-8be250b93f9a@group-E12A9E0D066B-SegmentedRaftLogWorker: created new log segment /workdir/hadoop-ozone/integration-test/target/test-dir/MiniOzoneClusterImpl-1277cde4-a404-4099-88bc-5733a0f2746f/datanode-2/data/ratis/7409a6fc-33bb-4979-93e1-e12a9e0d066b/current/log_inprogress_0
2019-10-03 19:53:27,195 [ec68cd31-786a-4caa-9bbb-4f7512a61922@group-311569148025-LeaderElection62] INFO  impl.LeaderElection (LeaderElection.java:askForVotes(178)) - ec68cd31-786a-4caa-9bbb-4f7512a61922@group-311569148025-LeaderElection62: begin an election at term 1 for -1: [ec68cd31-786a-4caa-9bbb-4f7512a61922:192.168.164.195:34756, 092cf0d2-5d64-4f0a-81f7-c3af7735fcdb:192.168.164.195:35706, 8a3381ef-363a-4b22-9139-8be250b93f9a:192.168.164.195:46598], old=null
2019-10-03 19:53:27,200 [grpc-default-executor-3] INFO  impl.RaftServerImpl (RaftServerImpl.java:setRole(170)) - 8a3381ef-363a-4b22-9139-8be250b93f9a@group-311569148025: changes role from  FOLLOWER to FOLLOWER at term 1 for recognizeCandidate:ec68cd31-786a-4caa-9bbb-4f7512a61922
2019-10-03 19:53:27,200 [grpc-default-executor-3] INFO  impl.RoleInfo (RoleInfo.java:shutdownFollowerState(121)) - 8a3381ef-363a-4b22-9139-8be250b93f9a: shutdown FollowerState
2019-10-03 19:53:27,212 [grpc-default-executor-2] INFO  impl.RaftServerImpl (RaftServerImpl.java:setRole(170)) - 092cf0d2-5d64-4f0a-81f7-c3af7735fcdb@group-311569148025: changes role from  FOLLOWER to FOLLOWER at term 1 for recognizeCandidate:ec68cd31-786a-4caa-9bbb-4f7512a61922
2019-10-03 19:53:27,212 [grpc-default-executor-3] INFO  impl.RoleInfo (RoleInfo.java:updateAndGet(143)) - 8a3381ef-363a-4b22-9139-8be250b93f9a: start FollowerState
2019-10-03 19:53:27,213 [Thread-2325] INFO  impl.FollowerState (FollowerState.java:run(117)) - 8a3381ef-363a-4b22-9139-8be250b93f9a@group-311569148025-FollowerState was interrupted: java.lang.InterruptedException: sleep interrupted
2019-10-03 19:53:27,213 [grpc-default-executor-2] INFO  impl.RoleInfo (RoleInfo.java:shutdownFollowerState(121)) - 092cf0d2-5d64-4f0a-81f7-c3af7735fcdb: shutdown FollowerState
2019-10-03 19:53:27,215 [grpc-default-executor-2] INFO  impl.RoleInfo (RoleInfo.java:updateAndGet(143)) - 092cf0d2-5d64-4f0a-81f7-c3af7735fcdb: start FollowerState
2019-10-03 19:53:27,215 [Thread-2324] INFO  impl.FollowerState (FollowerState.java:run(117)) - 092cf0d2-5d64-4f0a-81f7-c3af7735fcdb@group-311569148025-FollowerState was interrupted: java.lang.InterruptedException: sleep interrupted
2019-10-03 19:53:27,220 [Thread-2329] INFO  impl.FollowerState (FollowerState.java:run(108)) - 4532c6d6-fa2f-4f5c-9ba8-2924db140c1f@group-8B5D4A79A2DE-FollowerState: change to CANDIDATE, lastRpcTime:5022ms, electionTimeout:5022ms
2019-10-03 19:53:27,220 [Thread-2329] INFO  impl.RoleInfo (RoleInfo.java:shutdownFollowerState(121)) - 4532c6d6-fa2f-4f5c-9ba8-2924db140c1f: shutdown FollowerState
2019-10-03 19:53:27,221 [Thread-2329] INFO  impl.RaftServerImpl (RaftServerImpl.java:setRole(170)) - 4532c6d6-fa2f-4f5c-9ba8-2924db140c1f@group-8B5D4A79A2DE: changes role from  FOLLOWER to CANDIDATE at term 0 for changeToCandidate
2019-10-03 19:53:27,221 [Thread-2329] INFO  impl.RoleInfo (RoleInfo.java:updateAndGet(143)) - 4532c6d6-fa2f-4f5c-9ba8-2924db140c1f: start LeaderElection
2019-10-03 19:53:27,230 [4532c6d6-fa2f-4f5c-9ba8-2924db140c1f@group-8B5D4A79A2DE-LeaderElection63] INFO  impl.LeaderElection (LeaderElection.java:askForVotes(178)) - 4532c6d6-fa2f-4f5c-9ba8-2924db140c1f@group-8B5D4A79A2DE-LeaderElection63: begin an election at term 1 for -1: [4532c6d6-fa2f-4f5c-9ba8-2924db140c1f:192.168.164.195:33186], old=null
2019-10-03 19:53:27,230 [4532c6d6-fa2f-4f5c-9ba8-2924db140c1f@group-8B5D4A79A2DE-LeaderElection63] INFO  impl.RoleInfo (RoleInfo.java:shutdownLeaderElection(134)) - 4532c6d6-fa2f-4f5c-9ba8-2924db140c1f: shutdown LeaderElection
2019-10-03 19:53:27,230 [4532c6d6-fa2f-4f5c-9ba8-2924db140c1f@group-8B5D4A79A2DE-LeaderElection63] INFO  impl.RaftServerImpl (RaftServerImpl.java:setRole(170)) - 4532c6d6-fa2f-4f5c-9ba8-2924db140c1f@group-8B5D4A79A2DE: changes role from CANDIDATE to LEADER at term 1 for changeToLeader
2019-10-03 19:53:27,230 [4532c6d6-fa2f-4f5c-9ba8-2924db140c1f@group-8B5D4A79A2DE-LeaderElection63] INFO  impl.RaftServerImpl (ServerState.java:setLeader(255)) - 4532c6d6-fa2f-4f5c-9ba8-2924db140c1f@group-8B5D4A79A2DE: change Leader from null to 4532c6d6-fa2f-4f5c-9ba8-2924db140c1f at term 1 for becomeLeader, leader elected after 5039ms
2019-10-03 19:53:27,230 [4532c6d6-fa2f-4f5c-9ba8-2924db140c1f@group-8B5D4A79A2DE-LeaderElection63] INFO  server.RaftServerConfigKeys (ConfUtils.java:logGet(43)) - raft.server.staging.catchup.gap = 1000 (default)
2019-10-03 19:53:27,231 [4532c6d6-fa2f-4f5c-9ba8-2924db140c1f@group-8B5D4A79A2DE-LeaderElection63] INFO  server.RaftServerConfigKeys (ConfUtils.java:logGet(43)) - raft.server.rpc.sleep.time = 25ms (default)
2019-10-03 19:53:27,231 [ec68cd31-786a-4caa-9bbb-4f7512a61922@group-311569148025-LeaderElection62] INFO  impl.LeaderElection (LeaderElection.java:logAndReturn(56)) - ec68cd31-786a-4caa-9bbb-4f7512a61922@group-311569148025-LeaderElection62: Election PASSED; received 1 response(s) [ec68cd31-786a-4caa-9bbb-4f7512a61922<-8a3381ef-363a-4b22-9139-8be250b93f9a#0:OK-t1] and 0 exception(s); ec68cd31-786a-4caa-9bbb-4f7512a61922@group-311569148025:t1, leader=null, voted=ec68cd31-786a-4caa-9bbb-4f7512a61922, raftlog=ec68cd31-786a-4caa-9bbb-4f7512a61922@group-311569148025-SegmentedRaftLog:OPENED:c-1,f-1,i0, conf=-1: [ec68cd31-786a-4caa-9bbb-4f7512a61922:192.168.164.195:34756, 092cf0d2-5d64-4f0a-81f7-c3af7735fcdb:192.168.164.195:35706, 8a3381ef-363a-4b22-9139-8be250b93f9a:192.168.164.195:46598], old=null
2019-10-03 19:53:27,231 [4532c6d6-fa2f-4f5c-9ba8-2924db140c1f@group-8B5D4A79A2DE-LeaderElection63] INFO  server.RaftServerConfigKeys (ConfUtils.java:logGet(43)) - raft.server.write.element-limit = 4096 (default)
2019-10-03 19:53:27,231 [ec68cd31-786a-4caa-9bbb-4f7512a61922@group-311569148025-LeaderElection62] INFO  impl.RoleInfo (RoleInfo.java:shutdownLeaderElection(134)) - ec68cd31-786a-4caa-9bbb-4f7512a61922: shutdown LeaderElection
2019-10-03 19:53:27,231 [4532c6d6-fa2f-4f5c-9ba8-2924db140c1f@group-8B5D4A79A2DE-LeaderElection63] INFO  server.RaftServerConfigKeys (ConfUtils.java:logGet(43)) - raft.server.watch.timeout = 10s (default)
2019-10-03 19:53:27,233 [ec68cd31-786a-4caa-9bbb-4f7512a61922@group-311569148025-LeaderElection62] INFO  impl.RaftServerImpl (RaftServerImpl.java:setRole(170)) - ec68cd31-786a-4caa-9bbb-4f7512a61922@group-311569148025: changes role from CANDIDATE to LEADER at term 1 for changeToLeader
2019-10-03 19:53:27,233 [4532c6d6-fa2f-4f5c-9ba8-2924db140c1f@group-8B5D4A79A2DE-LeaderElection63] INFO  server.RaftServerConfigKeys (ConfUtils.java:logGet(43)) - raft.server.watch.timeout.denomination = 1s (default)
2019-10-03 19:53:27,233 [ec68cd31-786a-4caa-9bbb-4f7512a61922@group-311569148025-LeaderElection62] INFO  impl.RaftServerImpl (ServerState.java:setLeader(255)) - ec68cd31-786a-4caa-9bbb-4f7512a61922@group-311569148025: change Leader from null to ec68cd31-786a-4caa-9bbb-4f7512a61922 at term 1 for becomeLeader, leader elected after 5103ms
2019-10-03 19:53:27,233 [4532c6d6-fa2f-4f5c-9ba8-2924db140c1f@group-8B5D4A79A2DE-LeaderElection63] INFO  server.RaftServerConfigKeys (ConfUtils.java:logGet(43)) - raft.server.watch.element-limit = 65536 (default)
2019-10-03 19:53:27,233 [ec68cd31-786a-4caa-9bbb-4f7512a61922@group-311569148025-LeaderElection62] INFO  server.RaftServerConfigKeys (ConfUtils.java:logGet(43)) - raft.server.staging.catchup.gap = 1000 (default)
2019-10-03 19:53:27,233 [ec68cd31-786a-4caa-9bbb-4f7512a61922@group-311569148025-LeaderElection62] INFO  server.RaftServerConfigKeys (ConfUtils.java:logGet(43)) - raft.server.rpc.sleep.time = 25ms (default)
2019-10-03 19:53:27,233 [ec68cd31-786a-4caa-9bbb-4f7512a61922@group-311569148025-LeaderElection62] INFO  server.RaftServerConfigKeys (ConfUtils.java:logGet(43)) - raft.server.write.element-limit = 4096 (default)
2019-10-03 19:53:27,234 [ec68cd31-786a-4caa-9bbb-4f7512a61922@group-311569148025-LeaderElection62] INFO  server.RaftServerConfigKeys (ConfUtils.java:logGet(43)) - raft.server.watch.timeout = 10s (default)
2019-10-03 19:53:27,234 [ec68cd31-786a-4caa-9bbb-4f7512a61922@group-311569148025-LeaderElection62] INFO  server.RaftServerConfigKeys (ConfUtils.java:logGet(43)) - raft.server.watch.timeout.denomination = 1s (default)
2019-10-03 19:53:27,234 [ec68cd31-786a-4caa-9bbb-4f7512a61922@group-311569148025-LeaderElection62] INFO  server.RaftServerConfigKeys (ConfUtils.java:logGet(43)) - raft.server.watch.element-limit = 65536 (default)
2019-10-03 19:53:27,234 [4532c6d6-fa2f-4f5c-9ba8-2924db140c1f@group-8B5D4A79A2DE-LeaderElection63] INFO  impl.RoleInfo (RoleInfo.java:updateAndGet(143)) - 4532c6d6-fa2f-4f5c-9ba8-2924db140c1f: start LeaderState
2019-10-03 19:53:27,235 [4532c6d6-fa2f-4f5c-9ba8-2924db140c1f@group-8B5D4A79A2DE-LeaderElection63] INFO  segmented.SegmentedRaftLogWorker (SegmentedRaftLogWorker.java:startLogSegment(385)) - 4532c6d6-fa2f-4f5c-9ba8-2924db140c1f@group-8B5D4A79A2DE-SegmentedRaftLogWorker: Starting segment from index:0
2019-10-03 19:53:27,235 [4532c6d6-fa2f-4f5c-9ba8-2924db140c1f@group-8B5D4A79A2DE-LeaderElection63] INFO  impl.RaftServerImpl (ServerState.java:setRaftConf(356)) - 4532c6d6-fa2f-4f5c-9ba8-2924db140c1f@group-8B5D4A79A2DE: set configuration 0: [4532c6d6-fa2f-4f5c-9ba8-2924db140c1f:192.168.164.195:33186], old=null at 0
2019-10-03 19:53:27,235 [ec68cd31-786a-4caa-9bbb-4f7512a61922@group-311569148025-LeaderElection62] INFO  server.RaftServerConfigKeys (ConfUtils.java:logGet(43)) - raft.server.log.appender.snapshot.chunk.size.max = 16MB (=16777216) (default)
2019-10-03 19:53:27,236 [ec68cd31-786a-4caa-9bbb-4f7512a61922@group-311569148025-LeaderElection62] INFO  server.RaftServerConfigKeys (ConfUtils.java:logGet(43)) - raft.server.log.appender.buffer.byte-limit = 33554432 (custom)
2019-10-03 19:53:27,236 [ec68cd31-786a-4caa-9bbb-4f7512a61922@group-311569148025-LeaderElection62] INFO  server.RaftServerConfigKeys (ConfUtils.java:logGet(43)) - raft.server.log.appender.buffer.element-limit = 1 (custom)
2019-10-03 19:53:27,236 [ec68cd31-786a-4caa-9bbb-4f7512a61922@group-311569148025-LeaderElection62] INFO  grpc.GrpcConfigKeys$Server (ConfUtils.java:logGet(43)) - raft.grpc.server.leader.outstanding.appends.max = 128 (default)
2019-10-03 19:53:27,236 [ec68cd31-786a-4caa-9bbb-4f7512a61922@group-311569148025-LeaderElection62] INFO  server.RaftServerConfigKeys (ConfUtils.java:logGet(43)) - raft.server.rpc.request.timeout = 3000ms (default)
2019-10-03 19:53:27,236 [ec68cd31-786a-4caa-9bbb-4f7512a61922@group-311569148025-LeaderElection62] INFO  server.RaftServerConfigKeys (ConfUtils.java:logGet(43)) - raft.server.log.appender.install.snapshot.enabled = false (custom)
2019-10-03 19:53:27,237 [ec68cd31-786a-4caa-9bbb-4f7512a61922@group-311569148025-LeaderElection62] INFO  server.RaftServerConfigKeys (ConfUtils.java:logGet(43)) - raft.server.log.appender.snapshot.chunk.size.max = 16MB (=16777216) (default)
2019-10-03 19:53:27,237 [ec68cd31-786a-4caa-9bbb-4f7512a61922@group-311569148025-LeaderElection62] INFO  server.RaftServerConfigKeys (ConfUtils.java:logGet(43)) - raft.server.log.appender.buffer.byte-limit = 33554432 (custom)
2019-10-03 19:53:27,237 [ec68cd31-786a-4caa-9bbb-4f7512a61922@group-311569148025-LeaderElection62] INFO  server.RaftServerConfigKeys (ConfUtils.java:logGet(43)) - raft.server.log.appender.buffer.element-limit = 1 (custom)
2019-10-03 19:53:27,237 [ec68cd31-786a-4caa-9bbb-4f7512a61922@group-311569148025-LeaderElection62] INFO  grpc.GrpcConfigKeys$Server (ConfUtils.java:logGet(43)) - raft.grpc.server.leader.outstanding.appends.max = 128 (default)
2019-10-03 19:53:27,237 [ec68cd31-786a-4caa-9bbb-4f7512a61922@group-311569148025-LeaderElection62] INFO  server.RaftServerConfigKeys (ConfUtils.java:logGet(43)) - raft.server.rpc.request.timeout = 3000ms (default)
2019-10-03 19:53:27,237 [ec68cd31-786a-4caa-9bbb-4f7512a61922@group-311569148025-LeaderElection62] INFO  server.RaftServerConfigKeys (ConfUtils.java:logGet(43)) - raft.server.log.appender.install.snapshot.enabled = false (custom)
2019-10-03 19:53:27,237 [ec68cd31-786a-4caa-9bbb-4f7512a61922@group-311569148025-LeaderElection62] INFO  impl.RoleInfo (RoleInfo.java:updateAndGet(143)) - ec68cd31-786a-4caa-9bbb-4f7512a61922: start LeaderState
2019-10-03 19:53:27,238 [ec68cd31-786a-4caa-9bbb-4f7512a61922@group-311569148025-LeaderElection62] INFO  segmented.SegmentedRaftLogWorker (SegmentedRaftLogWorker.java:startLogSegment(385)) - ec68cd31-786a-4caa-9bbb-4f7512a61922@group-311569148025-SegmentedRaftLogWorker: Starting segment from index:0
2019-10-03 19:53:27,238 [ec68cd31-786a-4caa-9bbb-4f7512a61922@group-311569148025-LeaderElection62] INFO  impl.RaftServerImpl (ServerState.java:setRaftConf(356)) - ec68cd31-786a-4caa-9bbb-4f7512a61922@group-311569148025: set configuration 0: [ec68cd31-786a-4caa-9bbb-4f7512a61922:192.168.164.195:34756, 092cf0d2-5d64-4f0a-81f7-c3af7735fcdb:192.168.164.195:35706, 8a3381ef-363a-4b22-9139-8be250b93f9a:192.168.164.195:46598], old=null at 0
2019-10-03 19:53:27,268 [grpc-default-executor-3] INFO  impl.RaftServerImpl (ServerState.java:setLeader(255)) - 8a3381ef-363a-4b22-9139-8be250b93f9a@group-311569148025: change Leader from null to ec68cd31-786a-4caa-9bbb-4f7512a61922 at term 1 for appendEntries, leader elected after 5138ms
2019-10-03 19:53:27,268 [grpc-default-executor-2] INFO  impl.RaftServerImpl (ServerState.java:setLeader(255)) - 092cf0d2-5d64-4f0a-81f7-c3af7735fcdb@group-311569148025: change Leader from null to ec68cd31-786a-4caa-9bbb-4f7512a61922 at term 1 for appendEntries, leader elected after 5138ms
2019-10-03 19:53:27,272 [grpc-default-executor-2] INFO  impl.RaftServerImpl (ServerState.java:setRaftConf(356)) - 8a3381ef-363a-4b22-9139-8be250b93f9a@group-311569148025: set configuration 0: [ec68cd31-786a-4caa-9bbb-4f7512a61922:192.168.164.195:34756, 092cf0d2-5d64-4f0a-81f7-c3af7735fcdb:192.168.164.195:35706, 8a3381ef-363a-4b22-9139-8be250b93f9a:192.168.164.195:46598], old=null at 0
2019-10-03 19:53:27,272 [grpc-default-executor-3] INFO  impl.RaftServerImpl (ServerState.java:setRaftConf(356)) - 092cf0d2-5d64-4f0a-81f7-c3af7735fcdb@group-311569148025: set configuration 0: [ec68cd31-786a-4caa-9bbb-4f7512a61922:192.168.164.195:34756, 092cf0d2-5d64-4f0a-81f7-c3af7735fcdb:192.168.164.195:35706, 8a3381ef-363a-4b22-9139-8be250b93f9a:192.168.164.195:46598], old=null at 0
2019-10-03 19:53:27,272 [grpc-default-executor-2] INFO  segmented.SegmentedRaftLogWorker (SegmentedRaftLogWorker.java:startLogSegment(385)) - 8a3381ef-363a-4b22-9139-8be250b93f9a@group-311569148025-SegmentedRaftLogWorker: Starting segment from index:0
2019-10-03 19:53:27,272 [grpc-default-executor-3] INFO  segmented.SegmentedRaftLogWorker (SegmentedRaftLogWorker.java:startLogSegment(385)) - 092cf0d2-5d64-4f0a-81f7-c3af7735fcdb@group-311569148025-SegmentedRaftLogWorker: Starting segment from index:0
2019-10-03 19:53:27,272 [4532c6d6-fa2f-4f5c-9ba8-2924db140c1f@group-8B5D4A79A2DE-SegmentedRaftLogWorker] INFO  segmented.SegmentedRaftLogWorker (SegmentedRaftLogWorker.java:execute(574)) - 4532c6d6-fa2f-4f5c-9ba8-2924db140c1f@group-8B5D4A79A2DE-SegmentedRaftLogWorker: created new log segment /workdir/hadoop-ozone/integration-test/target/test-dir/MiniOzoneClusterImpl-1277cde4-a404-4099-88bc-5733a0f2746f/datanode-4/data/ratis/2c3500dc-61f2-4275-b904-8b5d4a79a2de/current/log_inprogress_0
2019-10-03 19:53:27,272 [ec68cd31-786a-4caa-9bbb-4f7512a61922@group-311569148025-SegmentedRaftLogWorker] INFO  segmented.SegmentedRaftLogWorker (SegmentedRaftLogWorker.java:execute(574)) - ec68cd31-786a-4caa-9bbb-4f7512a61922@group-311569148025-SegmentedRaftLogWorker: created new log segment /workdir/hadoop-ozone/integration-test/target/test-dir/MiniOzoneClusterImpl-1277cde4-a404-4099-88bc-5733a0f2746f/datanode-1/data/ratis/e01926eb-76f2-40a7-80a9-311569148025/current/log_inprogress_0
2019-10-03 19:53:27,322 [8a3381ef-363a-4b22-9139-8be250b93f9a@group-311569148025-SegmentedRaftLogWorker] INFO  segmented.SegmentedRaftLogWorker (SegmentedRaftLogWorker.java:execute(574)) - 8a3381ef-363a-4b22-9139-8be250b93f9a@group-311569148025-SegmentedRaftLogWorker: created new log segment /workdir/hadoop-ozone/integration-test/target/test-dir/MiniOzoneClusterImpl-1277cde4-a404-4099-88bc-5733a0f2746f/datanode-2/data/ratis/e01926eb-76f2-40a7-80a9-311569148025/current/log_inprogress_0
2019-10-03 19:53:27,322 [092cf0d2-5d64-4f0a-81f7-c3af7735fcdb@group-311569148025-SegmentedRaftLogWorker] INFO  segmented.SegmentedRaftLogWorker (SegmentedRaftLogWorker.java:execute(574)) - 092cf0d2-5d64-4f0a-81f7-c3af7735fcdb@group-311569148025-SegmentedRaftLogWorker: created new log segment /workdir/hadoop-ozone/integration-test/target/test-dir/MiniOzoneClusterImpl-1277cde4-a404-4099-88bc-5733a0f2746f/datanode-3/data/ratis/e01926eb-76f2-40a7-80a9-311569148025/current/log_inprogress_0
2019-10-03 19:53:27,358 [Thread-2337] INFO  impl.FollowerState (FollowerState.java:run(108)) - 5b5a13de-9345-4350-b88b-0d1725df0e9f@group-D7D9170E087F-FollowerState: change to CANDIDATE, lastRpcTime:5039ms, electionTimeout:5039ms
2019-10-03 19:53:27,359 [Thread-2337] INFO  impl.RoleInfo (RoleInfo.java:shutdownFollowerState(121)) - 5b5a13de-9345-4350-b88b-0d1725df0e9f: shutdown FollowerState
2019-10-03 19:53:27,359 [Thread-2337] INFO  impl.RaftServerImpl (RaftServerImpl.java:setRole(170)) - 5b5a13de-9345-4350-b88b-0d1725df0e9f@group-D7D9170E087F: changes role from  FOLLOWER to CANDIDATE at term 0 for changeToCandidate
2019-10-03 19:53:27,359 [Thread-2337] INFO  impl.RoleInfo (RoleInfo.java:updateAndGet(143)) - 5b5a13de-9345-4350-b88b-0d1725df0e9f: start LeaderElection
2019-10-03 19:53:27,381 [5b5a13de-9345-4350-b88b-0d1725df0e9f@group-D7D9170E087F-LeaderElection64] INFO  impl.LeaderElection (LeaderElection.java:askForVotes(178)) - 5b5a13de-9345-4350-b88b-0d1725df0e9f@group-D7D9170E087F-LeaderElection64: begin an election at term 1 for -1: [5b5a13de-9345-4350-b88b-0d1725df0e9f:192.168.164.195:35102], old=null
2019-10-03 19:53:27,381 [5b5a13de-9345-4350-b88b-0d1725df0e9f@group-D7D9170E087F-LeaderElection64] INFO  impl.RoleInfo (RoleInfo.java:shutdownLeaderElection(134)) - 5b5a13de-9345-4350-b88b-0d1725df0e9f: shutdown LeaderElection
2019-10-03 19:53:27,381 [5b5a13de-9345-4350-b88b-0d1725df0e9f@group-D7D9170E087F-LeaderElection64] INFO  impl.RaftServerImpl (RaftServerImpl.java:setRole(170)) - 5b5a13de-9345-4350-b88b-0d1725df0e9f@group-D7D9170E087F: changes role from CANDIDATE to LEADER at term 1 for changeToLeader
2019-10-03 19:53:27,381 [5b5a13de-9345-4350-b88b-0d1725df0e9f@group-D7D9170E087F-LeaderElection64] INFO  impl.RaftServerImpl (ServerState.java:setLeader(255)) - 5b5a13de-9345-4350-b88b-0d1725df0e9f@group-D7D9170E087F: change Leader from null to 5b5a13de-9345-4350-b88b-0d1725df0e9f at term 1 for becomeLeader, leader elected after 5067ms
2019-10-03 19:53:27,382 [5b5a13de-9345-4350-b88b-0d1725df0e9f@group-D7D9170E087F-LeaderElection64] INFO  server.RaftServerConfigKeys (ConfUtils.java:logGet(43)) - raft.server.staging.catchup.gap = 1000 (default)
2019-10-03 19:53:27,382 [5b5a13de-9345-4350-b88b-0d1725df0e9f@group-D7D9170E087F-LeaderElection64] INFO  server.RaftServerConfigKeys (ConfUtils.java:logGet(43)) - raft.server.rpc.sleep.time = 25ms (default)
2019-10-03 19:53:27,382 [5b5a13de-9345-4350-b88b-0d1725df0e9f@group-D7D9170E087F-LeaderElection64] INFO  server.RaftServerConfigKeys (ConfUtils.java:logGet(43)) - raft.server.write.element-limit = 4096 (default)
2019-10-03 19:53:27,382 [5b5a13de-9345-4350-b88b-0d1725df0e9f@group-D7D9170E087F-LeaderElection64] INFO  server.RaftServerConfigKeys (ConfUtils.java:logGet(43)) - raft.server.watch.timeout = 10s (default)
2019-10-03 19:53:27,382 [5b5a13de-9345-4350-b88b-0d1725df0e9f@group-D7D9170E087F-LeaderElection64] INFO  server.RaftServerConfigKeys (ConfUtils.java:logGet(43)) - raft.server.watch.timeout.denomination = 1s (default)
2019-10-03 19:53:27,382 [5b5a13de-9345-4350-b88b-0d1725df0e9f@group-D7D9170E087F-LeaderElection64] INFO  server.RaftServerConfigKeys (ConfUtils.java:logGet(43)) - raft.server.watch.element-limit = 65536 (default)
2019-10-03 19:53:27,383 [5b5a13de-9345-4350-b88b-0d1725df0e9f@group-D7D9170E087F-LeaderElection64] INFO  impl.RoleInfo (RoleInfo.java:updateAndGet(143)) - 5b5a13de-9345-4350-b88b-0d1725df0e9f: start LeaderState
2019-10-03 19:53:27,383 [5b5a13de-9345-4350-b88b-0d1725df0e9f@group-D7D9170E087F-LeaderElection64] INFO  segmented.SegmentedRaftLogWorker (SegmentedRaftLogWorker.java:startLogSegment(385)) - 5b5a13de-9345-4350-b88b-0d1725df0e9f@group-D7D9170E087F-SegmentedRaftLogWorker: Starting segment from index:0
2019-10-03 19:53:27,384 [5b5a13de-9345-4350-b88b-0d1725df0e9f@group-D7D9170E087F-LeaderElection64] INFO  impl.RaftServerImpl (ServerState.java:setRaftConf(356)) - 5b5a13de-9345-4350-b88b-0d1725df0e9f@group-D7D9170E087F: set configuration 0: [5b5a13de-9345-4350-b88b-0d1725df0e9f:192.168.164.195:35102], old=null at 0
2019-10-03 19:53:27,386 [Thread-2334] INFO  impl.FollowerState (FollowerState.java:run(108)) - 4a591fa4-3596-4559-9a62-fe29295a4789@group-6A859238F4B4-FollowerState: change to CANDIDATE, lastRpcTime:5134ms, electionTimeout:5134ms
2019-10-03 19:53:27,386 [Thread-2334] INFO  impl.RoleInfo (RoleInfo.java:shutdownFollowerState(121)) - 4a591fa4-3596-4559-9a62-fe29295a4789: shutdown FollowerState
2019-10-03 19:53:27,386 [Thread-2334] INFO  impl.RaftServerImpl (RaftServerImpl.java:setRole(170)) - 4a591fa4-3596-4559-9a62-fe29295a4789@group-6A859238F4B4: changes role from  FOLLOWER to CANDIDATE at term 0 for changeToCandidate
2019-10-03 19:53:27,386 [Thread-2334] INFO  impl.RoleInfo (RoleInfo.java:updateAndGet(143)) - 4a591fa4-3596-4559-9a62-fe29295a4789: start LeaderElection
2019-10-03 19:53:27,420 [Thread-2341] INFO  impl.FollowerState (FollowerState.java:run(108)) - 4532c6d6-fa2f-4f5c-9ba8-2924db140c1f@group-AB4870A55C8C-FollowerState: change to CANDIDATE, lastRpcTime:5038ms, electionTimeout:5020ms
2019-10-03 19:53:27,420 [Thread-2341] INFO  impl.RoleInfo (RoleInfo.java:shutdownFollowerState(121)) - 4532c6d6-fa2f-4f5c-9ba8-2924db140c1f: shutdown FollowerState
2019-10-03 19:53:27,421 [Thread-2341] INFO  impl.RaftServerImpl (RaftServerImpl.java:setRole(170)) - 4532c6d6-fa2f-4f5c-9ba8-2924db140c1f@group-AB4870A55C8C: changes role from  FOLLOWER to CANDIDATE at term 0 for changeToCandidate
2019-10-03 19:53:27,421 [Thread-2341] INFO  impl.RoleInfo (RoleInfo.java:updateAndGet(143)) - 4532c6d6-fa2f-4f5c-9ba8-2924db140c1f: start LeaderElection
2019-10-03 19:53:27,442 [5b5a13de-9345-4350-b88b-0d1725df0e9f@group-D7D9170E087F-SegmentedRaftLogWorker] INFO  segmented.SegmentedRaftLogWorker (SegmentedRaftLogWorker.java:execute(574)) - 5b5a13de-9345-4350-b88b-0d1725df0e9f@group-D7D9170E087F-SegmentedRaftLogWorker: created new log segment /workdir/hadoop-ozone/integration-test/target/test-dir/MiniOzoneClusterImpl-1277cde4-a404-4099-88bc-5733a0f2746f/datanode-6/data/ratis/9f571db1-5830-49fb-9fd5-d7d9170e087f/current/log_inprogress_0
2019-10-03 19:53:27,442 [4a591fa4-3596-4559-9a62-fe29295a4789@group-6A859238F4B4-LeaderElection65] INFO  impl.LeaderElection (LeaderElection.java:askForVotes(178)) - 4a591fa4-3596-4559-9a62-fe29295a4789@group-6A859238F4B4-LeaderElection65: begin an election at term 1 for -1: [4a591fa4-3596-4559-9a62-fe29295a4789:192.168.164.195:41230], old=null
2019-10-03 19:53:27,442 [4532c6d6-fa2f-4f5c-9ba8-2924db140c1f@group-AB4870A55C8C-LeaderElection66] INFO  impl.LeaderElection (LeaderElection.java:askForVotes(178)) - 4532c6d6-fa2f-4f5c-9ba8-2924db140c1f@group-AB4870A55C8C-LeaderElection66: begin an election at term 1 for -1: [4532c6d6-fa2f-4f5c-9ba8-2924db140c1f:192.168.164.195:33186, 4a591fa4-3596-4559-9a62-fe29295a4789:192.168.164.195:41230, 5b5a13de-9345-4350-b88b-0d1725df0e9f:192.168.164.195:35102], old=null
2019-10-03 19:53:27,442 [4a591fa4-3596-4559-9a62-fe29295a4789@group-6A859238F4B4-LeaderElection65] INFO  impl.RoleInfo (RoleInfo.java:shutdownLeaderElection(134)) - 4a591fa4-3596-4559-9a62-fe29295a4789: shutdown LeaderElection
2019-10-03 19:53:27,442 [4a591fa4-3596-4559-9a62-fe29295a4789@group-6A859238F4B4-LeaderElection65] INFO  impl.RaftServerImpl (RaftServerImpl.java:setRole(170)) - 4a591fa4-3596-4559-9a62-fe29295a4789@group-6A859238F4B4: changes role from CANDIDATE to LEADER at term 1 for changeToLeader
2019-10-03 19:53:27,442 [Thread-2343] INFO  impl.FollowerState (FollowerState.java:run(108)) - 5b5a13de-9345-4350-b88b-0d1725df0e9f@group-AB4870A55C8C-FollowerState: change to CANDIDATE, lastRpcTime:5058ms, electionTimeout:5058ms
2019-10-03 19:53:27,442 [4a591fa4-3596-4559-9a62-fe29295a4789@group-6A859238F4B4-LeaderElection65] INFO  impl.RaftServerImpl (ServerState.java:setLeader(255)) - 4a591fa4-3596-4559-9a62-fe29295a4789@group-6A859238F4B4: change Leader from null to 4a591fa4-3596-4559-9a62-fe29295a4789 at term 1 for becomeLeader, leader elected after 5203ms
2019-10-03 19:53:27,443 [Thread-2343] INFO  impl.RoleInfo (RoleInfo.java:shutdownFollowerState(121)) - 5b5a13de-9345-4350-b88b-0d1725df0e9f: shutdown FollowerState
2019-10-03 19:53:27,443 [4a591fa4-3596-4559-9a62-fe29295a4789@group-6A859238F4B4-LeaderElection65] INFO  server.RaftServerConfigKeys (ConfUtils.java:logGet(43)) - raft.server.staging.catchup.gap = 1000 (default)
2019-10-03 19:53:27,443 [Thread-2343] INFO  impl.RaftServerImpl (RaftServerImpl.java:setRole(170)) - 5b5a13de-9345-4350-b88b-0d1725df0e9f@group-AB4870A55C8C: changes role from  FOLLOWER to CANDIDATE at term 0 for changeToCandidate
2019-10-03 19:53:27,443 [4a591fa4-3596-4559-9a62-fe29295a4789@group-6A859238F4B4-LeaderElection65] INFO  server.RaftServerConfigKeys (ConfUtils.java:logGet(43)) - raft.server.rpc.sleep.time = 25ms (default)
2019-10-03 19:53:27,443 [Thread-2343] INFO  impl.RoleInfo (RoleInfo.java:updateAndGet(143)) - 5b5a13de-9345-4350-b88b-0d1725df0e9f: start LeaderElection
2019-10-03 19:53:27,443 [4a591fa4-3596-4559-9a62-fe29295a4789@group-6A859238F4B4-LeaderElection65] INFO  server.RaftServerConfigKeys (ConfUtils.java:logGet(43)) - raft.server.write.element-limit = 4096 (default)
2019-10-03 19:53:27,453 [4a591fa4-3596-4559-9a62-fe29295a4789@group-6A859238F4B4-LeaderElection65] INFO  server.RaftServerConfigKeys (ConfUtils.java:logGet(43)) - raft.server.watch.timeout = 10s (default)
2019-10-03 19:53:27,458 [4a591fa4-3596-4559-9a62-fe29295a4789@group-6A859238F4B4-LeaderElection65] INFO  server.RaftServerConfigKeys (ConfUtils.java:logGet(43)) - raft.server.watch.timeout.denomination = 1s (default)
2019-10-03 19:53:27,458 [4a591fa4-3596-4559-9a62-fe29295a4789@group-6A859238F4B4-LeaderElection65] INFO  server.RaftServerConfigKeys (ConfUtils.java:logGet(43)) - raft.server.watch.element-limit = 65536 (default)
2019-10-03 19:53:27,463 [4a591fa4-3596-4559-9a62-fe29295a4789@group-6A859238F4B4-LeaderElection65] INFO  impl.RoleInfo (RoleInfo.java:updateAndGet(143)) - 4a591fa4-3596-4559-9a62-fe29295a4789: start LeaderState
2019-10-03 19:53:27,466 [4a591fa4-3596-4559-9a62-fe29295a4789@group-6A859238F4B4-LeaderElection65] INFO  segmented.SegmentedRaftLogWorker (SegmentedRaftLogWorker.java:startLogSegment(385)) - 4a591fa4-3596-4559-9a62-fe29295a4789@group-6A859238F4B4-SegmentedRaftLogWorker: Starting segment from index:0
2019-10-03 19:53:27,471 [grpc-default-executor-3] INFO  impl.RaftServerImpl (RaftServerImpl.java:setRole(170)) - 4a591fa4-3596-4559-9a62-fe29295a4789@group-AB4870A55C8C: changes role from  FOLLOWER to FOLLOWER at term 1 for recognizeCandidate:4532c6d6-fa2f-4f5c-9ba8-2924db140c1f
2019-10-03 19:53:27,472 [grpc-default-executor-3] INFO  impl.RoleInfo (RoleInfo.java:shutdownFollowerState(121)) - 4a591fa4-3596-4559-9a62-fe29295a4789: shutdown FollowerState
2019-10-03 19:53:27,472 [4a591fa4-3596-4559-9a62-fe29295a4789@group-6A859238F4B4-LeaderElection65] INFO  impl.RaftServerImpl (ServerState.java:setRaftConf(356)) - 4a591fa4-3596-4559-9a62-fe29295a4789@group-6A859238F4B4: set configuration 0: [4a591fa4-3596-4559-9a62-fe29295a4789:192.168.164.195:41230], old=null at 0
2019-10-03 19:53:27,472 [grpc-default-executor-3] INFO  impl.RoleInfo (RoleInfo.java:updateAndGet(143)) - 4a591fa4-3596-4559-9a62-fe29295a4789: start FollowerState
2019-10-03 19:53:27,472 [Thread-2344] INFO  impl.FollowerState (FollowerState.java:run(117)) - 4a591fa4-3596-4559-9a62-fe29295a4789@group-AB4870A55C8C-FollowerState was interrupted: java.lang.InterruptedException: sleep interrupted
2019-10-03 19:53:27,474 [5b5a13de-9345-4350-b88b-0d1725df0e9f@group-AB4870A55C8C-LeaderElection67] INFO  impl.LeaderElection (LeaderElection.java:askForVotes(178)) - 5b5a13de-9345-4350-b88b-0d1725df0e9f@group-AB4870A55C8C-LeaderElection67: begin an election at term 1 for -1: [4532c6d6-fa2f-4f5c-9ba8-2924db140c1f:192.168.164.195:33186, 4a591fa4-3596-4559-9a62-fe29295a4789:192.168.164.195:41230, 5b5a13de-9345-4350-b88b-0d1725df0e9f:192.168.164.195:35102], old=null
2019-10-03 19:53:27,476 [4532c6d6-fa2f-4f5c-9ba8-2924db140c1f@group-AB4870A55C8C-LeaderElection66] INFO  impl.LeaderElection (LeaderElection.java:logAndReturn(56)) - 4532c6d6-fa2f-4f5c-9ba8-2924db140c1f@group-AB4870A55C8C-LeaderElection66: Election PASSED; received 2 response(s) [4532c6d6-fa2f-4f5c-9ba8-2924db140c1f<-4a591fa4-3596-4559-9a62-fe29295a4789#0:OK-t1, 4532c6d6-fa2f-4f5c-9ba8-2924db140c1f<-5b5a13de-9345-4350-b88b-0d1725df0e9f#0:FAIL-t1] and 0 exception(s); 4532c6d6-fa2f-4f5c-9ba8-2924db140c1f@group-AB4870A55C8C:t1, leader=null, voted=4532c6d6-fa2f-4f5c-9ba8-2924db140c1f, raftlog=4532c6d6-fa2f-4f5c-9ba8-2924db140c1f@group-AB4870A55C8C-SegmentedRaftLog:OPENED:c-1,f-1,i0, conf=-1: [4532c6d6-fa2f-4f5c-9ba8-2924db140c1f:192.168.164.195:33186, 4a591fa4-3596-4559-9a62-fe29295a4789:192.168.164.195:41230, 5b5a13de-9345-4350-b88b-0d1725df0e9f:192.168.164.195:35102], old=null
2019-10-03 19:53:27,476 [4532c6d6-fa2f-4f5c-9ba8-2924db140c1f@group-AB4870A55C8C-LeaderElection66] INFO  impl.RoleInfo (RoleInfo.java:shutdownLeaderElection(134)) - 4532c6d6-fa2f-4f5c-9ba8-2924db140c1f: shutdown LeaderElection
2019-10-03 19:53:27,503 [4532c6d6-fa2f-4f5c-9ba8-2924db140c1f@group-AB4870A55C8C-LeaderElection66] INFO  impl.RaftServerImpl (RaftServerImpl.java:setRole(170)) - 4532c6d6-fa2f-4f5c-9ba8-2924db140c1f@group-AB4870A55C8C: changes role from CANDIDATE to LEADER at term 1 for changeToLeader
2019-10-03 19:53:27,503 [4532c6d6-fa2f-4f5c-9ba8-2924db140c1f@group-AB4870A55C8C-LeaderElection66] INFO  impl.RaftServerImpl (ServerState.java:setLeader(255)) - 4532c6d6-fa2f-4f5c-9ba8-2924db140c1f@group-AB4870A55C8C: change Leader from null to 4532c6d6-fa2f-4f5c-9ba8-2924db140c1f at term 1 for becomeLeader, leader elected after 5130ms
2019-10-03 19:53:27,503 [4532c6d6-fa2f-4f5c-9ba8-2924db140c1f@group-AB4870A55C8C-LeaderElection66] INFO  server.RaftServerConfigKeys (ConfUtils.java:logGet(43)) - raft.server.staging.catchup.gap = 1000 (default)
2019-10-03 19:53:27,506 [4532c6d6-fa2f-4f5c-9ba8-2924db140c1f@group-AB4870A55C8C-LeaderElection66] INFO  server.RaftServerConfigKeys (ConfUtils.java:logGet(43)) - raft.server.rpc.sleep.time = 25ms (default)
2019-10-03 19:53:27,507 [4532c6d6-fa2f-4f5c-9ba8-2924db140c1f@group-AB4870A55C8C-LeaderElection66] INFO  server.RaftServerConfigKeys (ConfUtils.java:logGet(43)) - raft.server.write.element-limit = 4096 (default)
2019-10-03 19:53:27,507 [4532c6d6-fa2f-4f5c-9ba8-2924db140c1f@group-AB4870A55C8C-LeaderElection66] INFO  server.RaftServerConfigKeys (ConfUtils.java:logGet(43)) - raft.server.watch.timeout = 10s (default)
2019-10-03 19:53:27,507 [4532c6d6-fa2f-4f5c-9ba8-2924db140c1f@group-AB4870A55C8C-LeaderElection66] INFO  server.RaftServerConfigKeys (ConfUtils.java:logGet(43)) - raft.server.watch.timeout.denomination = 1s (default)
2019-10-03 19:53:27,507 [4532c6d6-fa2f-4f5c-9ba8-2924db140c1f@group-AB4870A55C8C-LeaderElection66] INFO  server.RaftServerConfigKeys (ConfUtils.java:logGet(43)) - raft.server.watch.element-limit = 65536 (default)
2019-10-03 19:53:27,511 [4532c6d6-fa2f-4f5c-9ba8-2924db140c1f@group-AB4870A55C8C-LeaderElection66] INFO  server.RaftServerConfigKeys (ConfUtils.java:logGet(43)) - raft.server.log.appender.snapshot.chunk.size.max = 16MB (=16777216) (default)
2019-10-03 19:53:27,511 [4532c6d6-fa2f-4f5c-9ba8-2924db140c1f@group-AB4870A55C8C-LeaderElection66] INFO  server.RaftServerConfigKeys (ConfUtils.java:logGet(43)) - raft.server.log.appender.buffer.byte-limit = 33554432 (custom)
2019-10-03 19:53:27,512 [4532c6d6-fa2f-4f5c-9ba8-2924db140c1f@group-AB4870A55C8C-LeaderElection66] INFO  server.RaftServerConfigKeys (ConfUtils.java:logGet(43)) - raft.server.log.appender.buffer.element-limit = 1 (custom)
2019-10-03 19:53:27,514 [4532c6d6-fa2f-4f5c-9ba8-2924db140c1f@group-AB4870A55C8C-LeaderElection66] INFO  grpc.GrpcConfigKeys$Server (ConfUtils.java:logGet(43)) - raft.grpc.server.leader.outstanding.appends.max = 128 (default)
2019-10-03 19:53:27,516 [4532c6d6-fa2f-4f5c-9ba8-2924db140c1f@group-AB4870A55C8C-LeaderElection66] INFO  server.RaftServerConfigKeys (ConfUtils.java:logGet(43)) - raft.server.rpc.request.timeout = 3000ms (default)
2019-10-03 19:53:27,516 [4532c6d6-fa2f-4f5c-9ba8-2924db140c1f@group-AB4870A55C8C-LeaderElection66] INFO  server.RaftServerConfigKeys (ConfUtils.java:logGet(43)) - raft.server.log.appender.install.snapshot.enabled = false (custom)
2019-10-03 19:53:27,517 [4532c6d6-fa2f-4f5c-9ba8-2924db140c1f@group-AB4870A55C8C-LeaderElection66] INFO  server.RaftServerConfigKeys (ConfUtils.java:logGet(43)) - raft.server.log.appender.snapshot.chunk.size.max = 16MB (=16777216) (default)
2019-10-03 19:53:27,517 [4532c6d6-fa2f-4f5c-9ba8-2924db140c1f@group-AB4870A55C8C-LeaderElection66] INFO  server.RaftServerConfigKeys (ConfUtils.java:logGet(43)) - raft.server.log.appender.buffer.byte-limit = 33554432 (custom)
2019-10-03 19:53:27,517 [4532c6d6-fa2f-4f5c-9ba8-2924db140c1f@group-AB4870A55C8C-LeaderElection66] INFO  server.RaftServerConfigKeys (ConfUtils.java:logGet(43)) - raft.server.log.appender.buffer.element-limit = 1 (custom)
2019-10-03 19:53:27,517 [4532c6d6-fa2f-4f5c-9ba8-2924db140c1f@group-AB4870A55C8C-LeaderElection66] INFO  grpc.GrpcConfigKeys$Server (ConfUtils.java:logGet(43)) - raft.grpc.server.leader.outstanding.appends.max = 128 (default)
2019-10-03 19:53:27,519 [4532c6d6-fa2f-4f5c-9ba8-2924db140c1f@group-AB4870A55C8C-LeaderElection66] INFO  server.RaftServerConfigKeys (ConfUtils.java:logGet(43)) - raft.server.rpc.request.timeout = 3000ms (default)
2019-10-03 19:53:27,520 [4532c6d6-fa2f-4f5c-9ba8-2924db140c1f@group-AB4870A55C8C-LeaderElection66] INFO  server.RaftServerConfigKeys (ConfUtils.java:logGet(43)) - raft.server.log.appender.install.snapshot.enabled = false (custom)
2019-10-03 19:53:27,520 [4532c6d6-fa2f-4f5c-9ba8-2924db140c1f@group-AB4870A55C8C-LeaderElection66] INFO  impl.RoleInfo (RoleInfo.java:updateAndGet(143)) - 4532c6d6-fa2f-4f5c-9ba8-2924db140c1f: start LeaderState
2019-10-03 19:53:27,520 [4532c6d6-fa2f-4f5c-9ba8-2924db140c1f@group-AB4870A55C8C-LeaderElection66] INFO  segmented.SegmentedRaftLogWorker (SegmentedRaftLogWorker.java:startLogSegment(385)) - 4532c6d6-fa2f-4f5c-9ba8-2924db140c1f@group-AB4870A55C8C-SegmentedRaftLogWorker: Starting segment from index:0
2019-10-03 19:53:27,521 [4532c6d6-fa2f-4f5c-9ba8-2924db140c1f@group-AB4870A55C8C-LeaderElection66] INFO  impl.RaftServerImpl (ServerState.java:setRaftConf(356)) - 4532c6d6-fa2f-4f5c-9ba8-2924db140c1f@group-AB4870A55C8C: set configuration 0: [4532c6d6-fa2f-4f5c-9ba8-2924db140c1f:192.168.164.195:33186, 4a591fa4-3596-4559-9a62-fe29295a4789:192.168.164.195:41230, 5b5a13de-9345-4350-b88b-0d1725df0e9f:192.168.164.195:35102], old=null at 0
2019-10-03 19:53:27,551 [4a591fa4-3596-4559-9a62-fe29295a4789@group-6A859238F4B4-SegmentedRaftLogWorker] INFO  segmented.SegmentedRaftLogWorker (SegmentedRaftLogWorker.java:execute(574)) - 4a591fa4-3596-4559-9a62-fe29295a4789@group-6A859238F4B4-SegmentedRaftLogWorker: created new log segment /workdir/hadoop-ozone/integration-test/target/test-dir/MiniOzoneClusterImpl-1277cde4-a404-4099-88bc-5733a0f2746f/datanode-5/data/ratis/ae69c242-ea06-4f54-aa9a-6a859238f4b4/current/log_inprogress_0
2019-10-03 19:53:27,554 [grpc-default-executor-3] INFO  impl.RaftServerImpl (RaftServerImpl.java:requestVote(754)) - 4532c6d6-fa2f-4f5c-9ba8-2924db140c1f@group-AB4870A55C8C-   LEADER: Withhold vote from candidate 5b5a13de-9345-4350-b88b-0d1725df0e9f with term 1. State: leader=4532c6d6-fa2f-4f5c-9ba8-2924db140c1f, term=1, lastRpcElapsed=null
2019-10-03 19:53:27,557 [grpc-default-executor-6] INFO  impl.RaftServerImpl (ServerState.java:setLeader(255)) - 4a591fa4-3596-4559-9a62-fe29295a4789@group-AB4870A55C8C: change Leader from null to 4532c6d6-fa2f-4f5c-9ba8-2924db140c1f at term 1 for appendEntries, leader elected after 5184ms
2019-10-03 19:53:27,557 [grpc-default-executor-3] INFO  impl.RaftServerImpl (RaftServerImpl.java:setRole(170)) - 5b5a13de-9345-4350-b88b-0d1725df0e9f@group-AB4870A55C8C: changes role from CANDIDATE to FOLLOWER at term 1 for appendEntries
2019-10-03 19:53:27,557 [5b5a13de-9345-4350-b88b-0d1725df0e9f@group-AB4870A55C8C-LeaderElection67] INFO  impl.LeaderElection (LeaderElection.java:logAndReturn(56)) - 5b5a13de-9345-4350-b88b-0d1725df0e9f@group-AB4870A55C8C-LeaderElection67: Election REJECTED; received 2 response(s) [5b5a13de-9345-4350-b88b-0d1725df0e9f<-4532c6d6-fa2f-4f5c-9ba8-2924db140c1f#0:FAIL-t1, 5b5a13de-9345-4350-b88b-0d1725df0e9f<-4a591fa4-3596-4559-9a62-fe29295a4789#0:FAIL-t1] and 0 exception(s); 5b5a13de-9345-4350-b88b-0d1725df0e9f@group-AB4870A55C8C:t1, leader=null, voted=5b5a13de-9345-4350-b88b-0d1725df0e9f, raftlog=5b5a13de-9345-4350-b88b-0d1725df0e9f@group-AB4870A55C8C-SegmentedRaftLog:OPENED:c-1,f-1,i0, conf=-1: [4532c6d6-fa2f-4f5c-9ba8-2924db140c1f:192.168.164.195:33186, 4a591fa4-3596-4559-9a62-fe29295a4789:192.168.164.195:41230, 5b5a13de-9345-4350-b88b-0d1725df0e9f:192.168.164.195:35102], old=null
2019-10-03 19:53:27,558 [grpc-default-executor-3] INFO  impl.RoleInfo (RoleInfo.java:shutdownLeaderElection(134)) - 5b5a13de-9345-4350-b88b-0d1725df0e9f: shutdown LeaderElection
2019-10-03 19:53:27,558 [grpc-default-executor-3] INFO  impl.RoleInfo (RoleInfo.java:updateAndGet(143)) - 5b5a13de-9345-4350-b88b-0d1725df0e9f: start FollowerState
2019-10-03 19:53:27,558 [grpc-default-executor-3] INFO  impl.RaftServerImpl (ServerState.java:setLeader(255)) - 5b5a13de-9345-4350-b88b-0d1725df0e9f@group-AB4870A55C8C: change Leader from null to 4532c6d6-fa2f-4f5c-9ba8-2924db140c1f at term 1 for appendEntries, leader elected after 5185ms
2019-10-03 19:53:27,559 [grpc-default-executor-3] INFO  impl.RaftServerImpl (ServerState.java:setRaftConf(356)) - 4a591fa4-3596-4559-9a62-fe29295a4789@group-AB4870A55C8C: set configuration 0: [4532c6d6-fa2f-4f5c-9ba8-2924db140c1f:192.168.164.195:33186, 4a591fa4-3596-4559-9a62-fe29295a4789:192.168.164.195:41230, 5b5a13de-9345-4350-b88b-0d1725df0e9f:192.168.164.195:35102], old=null at 0
2019-10-03 19:53:27,559 [grpc-default-executor-3] INFO  segmented.SegmentedRaftLogWorker (SegmentedRaftLogWorker.java:startLogSegment(385)) - 4a591fa4-3596-4559-9a62-fe29295a4789@group-AB4870A55C8C-SegmentedRaftLogWorker: Starting segment from index:0
2019-10-03 19:53:27,559 [grpc-default-executor-3] INFO  impl.RaftServerImpl (ServerState.java:setRaftConf(356)) - 5b5a13de-9345-4350-b88b-0d1725df0e9f@group-AB4870A55C8C: set configuration 0: [4532c6d6-fa2f-4f5c-9ba8-2924db140c1f:192.168.164.195:33186, 4a591fa4-3596-4559-9a62-fe29295a4789:192.168.164.195:41230, 5b5a13de-9345-4350-b88b-0d1725df0e9f:192.168.164.195:35102], old=null at 0
2019-10-03 19:53:27,560 [grpc-default-executor-3] INFO  segmented.SegmentedRaftLogWorker (SegmentedRaftLogWorker.java:startLogSegment(385)) - 5b5a13de-9345-4350-b88b-0d1725df0e9f@group-AB4870A55C8C-SegmentedRaftLogWorker: Starting segment from index:0
2019-10-03 19:53:27,572 [4532c6d6-fa2f-4f5c-9ba8-2924db140c1f@group-AB4870A55C8C-SegmentedRaftLogWorker] INFO  segmented.SegmentedRaftLogWorker (SegmentedRaftLogWorker.java:execute(574)) - 4532c6d6-fa2f-4f5c-9ba8-2924db140c1f@group-AB4870A55C8C-SegmentedRaftLogWorker: created new log segment /workdir/hadoop-ozone/integration-test/target/test-dir/MiniOzoneClusterImpl-1277cde4-a404-4099-88bc-5733a0f2746f/datanode-4/data/ratis/9a3926ea-af29-4124-b8a2-ab4870a55c8c/current/log_inprogress_0
2019-10-03 19:53:27,629 [5b5a13de-9345-4350-b88b-0d1725df0e9f@group-AB4870A55C8C-SegmentedRaftLogWorker] INFO  segmented.SegmentedRaftLogWorker (SegmentedRaftLogWorker.java:execute(574)) - 5b5a13de-9345-4350-b88b-0d1725df0e9f@group-AB4870A55C8C-SegmentedRaftLogWorker: created new log segment /workdir/hadoop-ozone/integration-test/target/test-dir/MiniOzoneClusterImpl-1277cde4-a404-4099-88bc-5733a0f2746f/datanode-6/data/ratis/9a3926ea-af29-4124-b8a2-ab4870a55c8c/current/log_inprogress_0
2019-10-03 19:53:27,629 [4a591fa4-3596-4559-9a62-fe29295a4789@group-AB4870A55C8C-SegmentedRaftLogWorker] INFO  segmented.SegmentedRaftLogWorker (SegmentedRaftLogWorker.java:execute(574)) - 4a591fa4-3596-4559-9a62-fe29295a4789@group-AB4870A55C8C-SegmentedRaftLogWorker: created new log segment /workdir/hadoop-ozone/integration-test/target/test-dir/MiniOzoneClusterImpl-1277cde4-a404-4099-88bc-5733a0f2746f/datanode-5/data/ratis/9a3926ea-af29-4124-b8a2-ab4870a55c8c/current/log_inprogress_0
2019-10-03 19:53:28,703 [Datanode State Machine Thread - 0] INFO  statemachine.DatanodeStateMachine (DatanodeStateMachine.java:lambda$startDaemon$0(350)) - Ozone container server started.
2019-10-03 19:53:32,718 [main] INFO  ozoneimpl.OzoneContainer (OzoneContainer.java:stop(231)) - Attempting to stop container services.
2019-10-03 19:53:32,720 [main] INFO  impl.RaftServerProxy (RaftServerProxy.java:lambda$close$4(314)) - ec68cd31-786a-4caa-9bbb-4f7512a61922: close
2019-10-03 19:53:32,721 [main] INFO  impl.RaftServerImpl (RaftServerImpl.java:lambda$shutdown$3(247)) - ec68cd31-786a-4caa-9bbb-4f7512a61922@group-311569148025: shutdown
2019-10-03 19:53:32,721 [main] INFO  util.JmxRegister (JmxRegister.java:unregister(73)) - Successfully un-registered JMX Bean with object name Ratis:service=RaftServer,group=group-311569148025,id=ec68cd31-786a-4caa-9bbb-4f7512a61922
2019-10-03 19:53:32,722 [main] INFO  impl.RoleInfo (RoleInfo.java:shutdownLeaderState(104)) - ec68cd31-786a-4caa-9bbb-4f7512a61922: shutdown LeaderState
2019-10-03 19:53:32,730 [org.apache.ratis.server.impl.LogAppender$AppenderDaemon$$Lambda$541/828980027@1accf2cc] WARN  server.GrpcLogAppender (GrpcLogAppender.java:mayWait(143)) - ec68cd31-786a-4caa-9bbb-4f7512a61922@group-311569148025->8a3381ef-363a-4b22-9139-8be250b93f9a-GrpcLogAppender: Wait interrupted by java.lang.InterruptedException
2019-10-03 19:53:32,730 [main] INFO  impl.PendingRequests (PendingRequests.java:sendNotLeaderResponses(202)) - ec68cd31-786a-4caa-9bbb-4f7512a61922@group-311569148025-PendingRequests: sendNotLeaderResponses
2019-10-03 19:53:32,730 [org.apache.ratis.server.impl.LogAppender$AppenderDaemon$$Lambda$541/828980027@69e04830] WARN  server.GrpcLogAppender (GrpcLogAppender.java:mayWait(143)) - ec68cd31-786a-4caa-9bbb-4f7512a61922@group-311569148025->092cf0d2-5d64-4f0a-81f7-c3af7735fcdb-GrpcLogAppender: Wait interrupted by java.lang.InterruptedException
2019-10-03 19:53:32,746 [main] INFO  impl.StateMachineUpdater (StateMachineUpdater.java:stopAndJoin(136)) - ec68cd31-786a-4caa-9bbb-4f7512a61922@group-311569148025-StateMachineUpdater: set stopIndex = 2
2019-10-03 19:53:32,747 [grpc-default-executor-6] INFO  server.GrpcServerProtocolService (GrpcServerProtocolService.java:onCompleted(113)) - 8a3381ef-363a-4b22-9139-8be250b93f9a: Completed APPEND_ENTRIES, lastRequest: ec68cd31-786a-4caa-9bbb-4f7512a61922->8a3381ef-363a-4b22-9139-8be250b93f9a#5-t1, previous=(t:1, i:2), leaderCommit=2, initializing? false, entries: <empty>
2019-10-03 19:53:32,747 [ec68cd31-786a-4caa-9bbb-4f7512a61922@group-311569148025-StateMachineUpdater] INFO  ratis.ContainerStateMachine (ContainerStateMachine.java:takeSnapshot(293)) - group-311569148025: Taking a snapshot at:(t:1, i:2) file /workdir/hadoop-ozone/integration-test/target/test-dir/MiniOzoneClusterImpl-1277cde4-a404-4099-88bc-5733a0f2746f/datanode-1/data/ratis/e01926eb-76f2-40a7-80a9-311569148025/sm/snapshot.1_2
2019-10-03 19:53:32,750 [grpc-default-executor-3] INFO  server.GrpcServerProtocolService (GrpcServerProtocolService.java:onCompleted(113)) - 092cf0d2-5d64-4f0a-81f7-c3af7735fcdb: Completed APPEND_ENTRIES, lastRequest: ec68cd31-786a-4caa-9bbb-4f7512a61922->092cf0d2-5d64-4f0a-81f7-c3af7735fcdb#5-t1, previous=(t:1, i:2), leaderCommit=2, initializing? false, entries: <empty>
2019-10-03 19:53:32,750 [grpc-default-executor-3] INFO  server.GrpcLogAppender (GrpcLogAppender.java:onCompleted(293)) - ec68cd31-786a-4caa-9bbb-4f7512a61922@group-311569148025->8a3381ef-363a-4b22-9139-8be250b93f9a-AppendLogResponseHandler: follower responses appendEntries COMPLETED
2019-10-03 19:53:32,750 [grpc-default-executor-5] INFO  server.GrpcLogAppender (GrpcLogAppender.java:onCompleted(293)) - ec68cd31-786a-4caa-9bbb-4f7512a61922@group-311569148025->092cf0d2-5d64-4f0a-81f7-c3af7735fcdb-AppendLogResponseHandler: follower responses appendEntries COMPLETED
2019-10-03 19:53:32,754 [grpc-default-executor-3] INFO  impl.FollowerInfo (FollowerInfo.java:lambda$new$0(51)) - ec68cd31-786a-4caa-9bbb-4f7512a61922@group-311569148025->8a3381ef-363a-4b22-9139-8be250b93f9a: nextIndex: updateUnconditionally 3 -> 2
2019-10-03 19:53:32,754 [grpc-default-executor-5] INFO  impl.FollowerInfo (FollowerInfo.java:lambda$new$0(51)) - ec68cd31-786a-4caa-9bbb-4f7512a61922@group-311569148025->092cf0d2-5d64-4f0a-81f7-c3af7735fcdb: nextIndex: updateUnconditionally 3 -> 2
2019-10-03 19:53:32,764 [ec68cd31-786a-4caa-9bbb-4f7512a61922@group-311569148025-StateMachineUpdater] INFO  ratis.ContainerStateMachine (ContainerStateMachine.java:takeSnapshot(304)) - group-311569148025: Finished taking a snapshot at:(t:1, i:2) file:/workdir/hadoop-ozone/integration-test/target/test-dir/MiniOzoneClusterImpl-1277cde4-a404-4099-88bc-5733a0f2746f/datanode-1/data/ratis/e01926eb-76f2-40a7-80a9-311569148025/sm/snapshot.1_2 time:17
2019-10-03 19:53:32,765 [ec68cd31-786a-4caa-9bbb-4f7512a61922@group-311569148025-StateMachineUpdater] INFO  impl.StateMachineUpdater (StateMachineUpdater.java:takeSnapshot(269)) - ec68cd31-786a-4caa-9bbb-4f7512a61922@group-311569148025-StateMachineUpdater: Took a snapshot at index 2
2019-10-03 19:53:32,765 [ec68cd31-786a-4caa-9bbb-4f7512a61922@group-311569148025-StateMachineUpdater] INFO  impl.StateMachineUpdater (StateMachineUpdater.java:lambda$new$0(84)) - ec68cd31-786a-4caa-9bbb-4f7512a61922@group-311569148025-StateMachineUpdater: snapshotIndex: updateIncreasingly -1 -> 2
2019-10-03 19:53:32,765 [main] INFO  impl.RaftServerImpl (ServerState.java:close(387)) - ec68cd31-786a-4caa-9bbb-4f7512a61922@group-311569148025: closes. applyIndex: 2
2019-10-03 19:53:32,766 [ec68cd31-786a-4caa-9bbb-4f7512a61922@group-311569148025-SegmentedRaftLogWorker] INFO  segmented.SegmentedRaftLogWorker (SegmentedRaftLogWorker.java:run(316)) - ec68cd31-786a-4caa-9bbb-4f7512a61922@group-311569148025-SegmentedRaftLogWorker was interrupted, exiting. There are 0 tasks remaining in the queue.
2019-10-03 19:53:32,768 [main] INFO  segmented.SegmentedRaftLogWorker (SegmentedRaftLogWorker.java:close(224)) - ec68cd31-786a-4caa-9bbb-4f7512a61922@group-311569148025-SegmentedRaftLogWorker close()
2019-10-03 19:53:32,773 [main] INFO  impl.RaftServerImpl (RaftServerImpl.java:lambda$shutdown$3(247)) - ec68cd31-786a-4caa-9bbb-4f7512a61922@group-C510B7448A77: shutdown
2019-10-03 19:53:32,774 [main] INFO  util.JmxRegister (JmxRegister.java:unregister(73)) - Successfully un-registered JMX Bean with object name Ratis:service=RaftServer,group=group-C510B7448A77,id=ec68cd31-786a-4caa-9bbb-4f7512a61922
2019-10-03 19:53:32,774 [main] INFO  impl.RoleInfo (RoleInfo.java:shutdownLeaderState(104)) - ec68cd31-786a-4caa-9bbb-4f7512a61922: shutdown LeaderState
2019-10-03 19:53:32,774 [main] INFO  impl.PendingRequests (PendingRequests.java:sendNotLeaderResponses(202)) - ec68cd31-786a-4caa-9bbb-4f7512a61922@group-C510B7448A77-PendingRequests: sendNotLeaderResponses
2019-10-03 19:53:32,774 [main] INFO  impl.StateMachineUpdater (StateMachineUpdater.java:stopAndJoin(136)) - ec68cd31-786a-4caa-9bbb-4f7512a61922@group-C510B7448A77-StateMachineUpdater: set stopIndex = 0
2019-10-03 19:53:32,775 [main] INFO  impl.RaftServerImpl (ServerState.java:close(387)) - ec68cd31-786a-4caa-9bbb-4f7512a61922@group-C510B7448A77: closes. applyIndex: 0
2019-10-03 19:53:32,775 [ec68cd31-786a-4caa-9bbb-4f7512a61922@group-C510B7448A77-SegmentedRaftLogWorker] INFO  segmented.SegmentedRaftLogWorker (SegmentedRaftLogWorker.java:run(316)) - ec68cd31-786a-4caa-9bbb-4f7512a61922@group-C510B7448A77-SegmentedRaftLogWorker was interrupted, exiting. There are 0 tasks remaining in the queue.
2019-10-03 19:53:32,777 [main] INFO  segmented.SegmentedRaftLogWorker (SegmentedRaftLogWorker.java:close(224)) - ec68cd31-786a-4caa-9bbb-4f7512a61922@group-C510B7448A77-SegmentedRaftLogWorker close()
2019-10-03 19:53:32,782 [main] INFO  server.GrpcService (GrpcService.java:closeImpl(164)) - ec68cd31-786a-4caa-9bbb-4f7512a61922: shutdown server with port 34756 now
2019-10-03 19:53:32,783 [main] INFO  server.GrpcService (GrpcService.java:closeImpl(172)) - ec68cd31-786a-4caa-9bbb-4f7512a61922: shutdown server with port 34756 successfully
2019-10-03 19:53:32,785 [refreshUsed-/workdir/hadoop-ozone/integration-test/target/test-dir/MiniOzoneClusterImpl-1277cde4-a404-4099-88bc-5733a0f2746f/datanode-1/data/containers] WARN  fs.CachingGetSpaceUsed (CachingGetSpaceUsed.java:run(183)) - Thread Interrupted waiting to refresh disk information: sleep interrupted
2019-10-03 19:53:32,798 [main] INFO  utils.BackgroundService (BackgroundService.java:shutdown(148)) - Shutting down service BlockDeletingService
2019-10-03 19:53:32,805 [main] INFO  statemachine.DatanodeStateMachine (DatanodeStateMachine.java:stopDaemon(395)) - Ozone container server stopped.
2019-10-03 19:53:32,808 [main] INFO  handler.ContextHandler (ContextHandler.java:doStop(910)) - Stopped o.e.j.w.WebAppContext@256bb5be{/,null,UNAVAILABLE}{/hddsDatanode}
2019-10-03 19:53:32,809 [main] INFO  server.AbstractConnector (AbstractConnector.java:doStop(318)) - Stopped ServerConnector@5fef0c19{HTTP/1.1,[http/1.1]}{0.0.0.0:0}
2019-10-03 19:53:32,809 [main] INFO  handler.ContextHandler (ContextHandler.java:doStop(910)) - Stopped o.e.j.s.ServletContextHandler@1bd8afc8{/static,jar:file:/home/user/.m2/repository/org/apache/hadoop/hadoop-hdds-container-service/0.5.0-SNAPSHOT/hadoop-hdds-container-service-0.5.0-SNAPSHOT.jar!/webapps/static,UNAVAILABLE}
2019-10-03 19:53:32,810 [main] INFO  handler.ContextHandler (ContextHandler.java:doStop(910)) - Stopped o.e.j.s.ServletContextHandler@6544899b{/logs,file:///workdir/hadoop-ozone/integration-test/target/log,UNAVAILABLE}
2019-10-03 19:53:42,380 [Thread-2371] INFO  impl.FollowerState (FollowerState.java:run(108)) - 8a3381ef-363a-4b22-9139-8be250b93f9a@group-311569148025-FollowerState: change to CANDIDATE, lastRpcTime:9766ms, electionTimeout:5080ms
2019-10-03 19:53:42,381 [Thread-2371] INFO  impl.RoleInfo (RoleInfo.java:shutdownFollowerState(121)) - 8a3381ef-363a-4b22-9139-8be250b93f9a: shutdown FollowerState
2019-10-03 19:53:42,381 [Thread-2371] INFO  impl.RaftServerImpl (RaftServerImpl.java:setRole(170)) - 8a3381ef-363a-4b22-9139-8be250b93f9a@group-311569148025: changes role from  FOLLOWER to CANDIDATE at term 1 for changeToCandidate
2019-10-03 19:53:42,382 [Thread-2371] INFO  impl.RoleInfo (RoleInfo.java:updateAndGet(143)) - 8a3381ef-363a-4b22-9139-8be250b93f9a: start LeaderElection
2019-10-03 19:53:42,383 [8a3381ef-363a-4b22-9139-8be250b93f9a@group-311569148025-LeaderElection68] INFO  impl.RaftServerImpl (ServerState.java:setLeader(255)) - 8a3381ef-363a-4b22-9139-8be250b93f9a@group-311569148025: change Leader from ec68cd31-786a-4caa-9bbb-4f7512a61922 to null at term 1 for initElection
2019-10-03 19:53:42,396 [8a3381ef-363a-4b22-9139-8be250b93f9a@group-311569148025-LeaderElection68] INFO  impl.LeaderElection (LeaderElection.java:askForVotes(178)) - 8a3381ef-363a-4b22-9139-8be250b93f9a@group-311569148025-LeaderElection68: begin an election at term 2 for 0: [ec68cd31-786a-4caa-9bbb-4f7512a61922:192.168.164.195:34756, 092cf0d2-5d64-4f0a-81f7-c3af7735fcdb:192.168.164.195:35706, 8a3381ef-363a-4b22-9139-8be250b93f9a:192.168.164.195:46598], old=null
2019-10-03 19:53:42,398 [8a3381ef-363a-4b22-9139-8be250b93f9a@group-311569148025-LeaderElection68] INFO  impl.LeaderElection (LogUtils.java:infoOrTrace(149)) - 8a3381ef-363a-4b22-9139-8be250b93f9a@group-311569148025-LeaderElection68 got exception when requesting votes: {}
java.util.concurrent.ExecutionException: org.apache.ratis.thirdparty.io.grpc.StatusRuntimeException: UNAVAILABLE: io exception
	at java.util.concurrent.FutureTask.report(FutureTask.java:122)
	at java.util.concurrent.FutureTask.get(FutureTask.java:192)
	at org.apache.ratis.server.impl.LeaderElection.waitForResults(LeaderElection.java:259)
	at org.apache.ratis.server.impl.LeaderElection.askForVotes(LeaderElection.java:197)
	at org.apache.ratis.server.impl.LeaderElection.run(LeaderElection.java:133)
	at java.lang.Thread.run(Thread.java:748)
Caused by: org.apache.ratis.thirdparty.io.grpc.StatusRuntimeException: UNAVAILABLE: io exception
	at org.apache.ratis.thirdparty.io.grpc.stub.ClientCalls.toStatusRuntimeException(ClientCalls.java:233)
	at org.apache.ratis.thirdparty.io.grpc.stub.ClientCalls.getUnchecked(ClientCalls.java:214)
	at org.apache.ratis.thirdparty.io.grpc.stub.ClientCalls.blockingUnaryCall(ClientCalls.java:139)
	at org.apache.ratis.proto.grpc.RaftServerProtocolServiceGrpc$RaftServerProtocolServiceBlockingStub.requestVote(RaftServerProtocolServiceGrpc.java:265)
	at org.apache.ratis.grpc.server.GrpcServerProtocolClient.requestVote(GrpcServerProtocolClient.java:99)
	at org.apache.ratis.grpc.server.GrpcService.requestVote(GrpcService.java:204)
	at org.apache.ratis.server.impl.LeaderElection.lambda$submitRequests$1(LeaderElection.java:234)
	at java.util.concurrent.FutureTask.run(FutureTask.java:266)
	at java.util.concurrent.Executors$RunnableAdapter.call(Executors.java:511)
	at java.util.concurrent.FutureTask.run(FutureTask.java:266)
	at java.util.concurrent.ThreadPoolExecutor.runWorker(ThreadPoolExecutor.java:1149)
	at java.util.concurrent.ThreadPoolExecutor$Worker.run(ThreadPoolExecutor.java:624)
	... 1 more
Caused by: org.apache.ratis.thirdparty.io.netty.channel.AbstractChannel$AnnotatedConnectException: Connection refused: /192.168.164.195:34756
	at sun.nio.ch.SocketChannelImpl.checkConnect(Native Method)
	at sun.nio.ch.SocketChannelImpl.finishConnect(SocketChannelImpl.java:717)
	at org.apache.ratis.thirdparty.io.netty.channel.socket.nio.NioSocketChannel.doFinishConnect(NioSocketChannel.java:327)
	at org.apache.ratis.thirdparty.io.netty.channel.nio.AbstractNioChannel$AbstractNioUnsafe.finishConnect(AbstractNioChannel.java:340)
	at org.apache.ratis.thirdparty.io.netty.channel.nio.NioEventLoop.processSelectedKey(NioEventLoop.java:632)
	at org.apache.ratis.thirdparty.io.netty.channel.nio.NioEventLoop.processSelectedKeysOptimized(NioEventLoop.java:579)
	at org.apache.ratis.thirdparty.io.netty.channel.nio.NioEventLoop.processSelectedKeys(NioEventLoop.java:496)
	at org.apache.ratis.thirdparty.io.netty.channel.nio.NioEventLoop.run(NioEventLoop.java:458)
	at org.apache.ratis.thirdparty.io.netty.util.concurrent.SingleThreadEventExecutor$5.run(SingleThreadEventExecutor.java:897)
	at org.apache.ratis.thirdparty.io.netty.util.concurrent.FastThreadLocalRunnable.run(FastThreadLocalRunnable.java:30)
	... 1 more
Caused by: java.net.ConnectException: Connection refused
	... 11 more
2019-10-03 19:53:42,404 [grpc-default-executor-3] INFO  impl.RaftServerImpl (ServerState.java:setLeader(255)) - 092cf0d2-5d64-4f0a-81f7-c3af7735fcdb@group-311569148025: change Leader from ec68cd31-786a-4caa-9bbb-4f7512a61922 to null at term 2 for updateCurrentTerm
2019-10-03 19:53:42,404 [grpc-default-executor-3] INFO  impl.RaftServerImpl (RaftServerImpl.java:setRole(170)) - 092cf0d2-5d64-4f0a-81f7-c3af7735fcdb@group-311569148025: changes role from  FOLLOWER to FOLLOWER at term 2 for recognizeCandidate:8a3381ef-363a-4b22-9139-8be250b93f9a
2019-10-03 19:53:42,404 [grpc-default-executor-3] INFO  impl.RoleInfo (RoleInfo.java:shutdownFollowerState(121)) - 092cf0d2-5d64-4f0a-81f7-c3af7735fcdb: shutdown FollowerState
2019-10-03 19:53:42,404 [grpc-default-executor-3] INFO  impl.RoleInfo (RoleInfo.java:updateAndGet(143)) - 092cf0d2-5d64-4f0a-81f7-c3af7735fcdb: start FollowerState
2019-10-03 19:53:42,404 [Thread-2372] INFO  impl.FollowerState (FollowerState.java:run(117)) - 092cf0d2-5d64-4f0a-81f7-c3af7735fcdb@group-311569148025-FollowerState was interrupted: java.lang.InterruptedException: sleep interrupted
2019-10-03 19:53:42,410 [8a3381ef-363a-4b22-9139-8be250b93f9a@group-311569148025-LeaderElection68] INFO  impl.LeaderElection (LeaderElection.java:logAndReturn(56)) - 8a3381ef-363a-4b22-9139-8be250b93f9a@group-311569148025-LeaderElection68: Election PASSED; received 1 response(s) [8a3381ef-363a-4b22-9139-8be250b93f9a<-092cf0d2-5d64-4f0a-81f7-c3af7735fcdb#0:OK-t2] and 1 exception(s); 8a3381ef-363a-4b22-9139-8be250b93f9a@group-311569148025:t2, leader=null, voted=8a3381ef-363a-4b22-9139-8be250b93f9a, raftlog=8a3381ef-363a-4b22-9139-8be250b93f9a@group-311569148025-SegmentedRaftLog:OPENED:c2,f2,i2, conf=0: [ec68cd31-786a-4caa-9bbb-4f7512a61922:192.168.164.195:34756, 092cf0d2-5d64-4f0a-81f7-c3af7735fcdb:192.168.164.195:35706, 8a3381ef-363a-4b22-9139-8be250b93f9a:192.168.164.195:46598], old=null
2019-10-03 19:53:42,410 [8a3381ef-363a-4b22-9139-8be250b93f9a@group-311569148025-LeaderElection68] INFO  impl.LeaderElection (LogUtils.java:infoOrTrace(149)) -   Exception 0: {}
java.util.concurrent.ExecutionException: org.apache.ratis.thirdparty.io.grpc.StatusRuntimeException: UNAVAILABLE: io exception
	at java.util.concurrent.FutureTask.report(FutureTask.java:122)
	at java.util.concurrent.FutureTask.get(FutureTask.java:192)
	at org.apache.ratis.server.impl.LeaderElection.waitForResults(LeaderElection.java:259)
	at org.apache.ratis.server.impl.LeaderElection.askForVotes(LeaderElection.java:197)
	at org.apache.ratis.server.impl.LeaderElection.run(LeaderElection.java:133)
	at java.lang.Thread.run(Thread.java:748)
Caused by: org.apache.ratis.thirdparty.io.grpc.StatusRuntimeException: UNAVAILABLE: io exception
	at org.apache.ratis.thirdparty.io.grpc.stub.ClientCalls.toStatusRuntimeException(ClientCalls.java:233)
	at org.apache.ratis.thirdparty.io.grpc.stub.ClientCalls.getUnchecked(ClientCalls.java:214)
	at org.apache.ratis.thirdparty.io.grpc.stub.ClientCalls.blockingUnaryCall(ClientCalls.java:139)
	at org.apache.ratis.proto.grpc.RaftServerProtocolServiceGrpc$RaftServerProtocolServiceBlockingStub.requestVote(RaftServerProtocolServiceGrpc.java:265)
	at org.apache.ratis.grpc.server.GrpcServerProtocolClient.requestVote(GrpcServerProtocolClient.java:99)
	at org.apache.ratis.grpc.server.GrpcService.requestVote(GrpcService.java:204)
	at org.apache.ratis.server.impl.LeaderElection.lambda$submitRequests$1(LeaderElection.java:234)
	at java.util.concurrent.FutureTask.run(FutureTask.java:266)
	at java.util.concurrent.Executors$RunnableAdapter.call(Executors.java:511)
	at java.util.concurrent.FutureTask.run(FutureTask.java:266)
	at java.util.concurrent.ThreadPoolExecutor.runWorker(ThreadPoolExecutor.java:1149)
	at java.util.concurrent.ThreadPoolExecutor$Worker.run(ThreadPoolExecutor.java:624)
	... 1 more
Caused by: org.apache.ratis.thirdparty.io.netty.channel.AbstractChannel$AnnotatedConnectException: Connection refused: /192.168.164.195:34756
	at sun.nio.ch.SocketChannelImpl.checkConnect(Native Method)
	at sun.nio.ch.SocketChannelImpl.finishConnect(SocketChannelImpl.java:717)
	at org.apache.ratis.thirdparty.io.netty.channel.socket.nio.NioSocketChannel.doFinishConnect(NioSocketChannel.java:327)
	at org.apache.ratis.thirdparty.io.netty.channel.nio.AbstractNioChannel$AbstractNioUnsafe.finishConnect(AbstractNioChannel.java:340)
	at org.apache.ratis.thirdparty.io.netty.channel.nio.NioEventLoop.processSelectedKey(NioEventLoop.java:632)
	at org.apache.ratis.thirdparty.io.netty.channel.nio.NioEventLoop.processSelectedKeysOptimized(NioEventLoop.java:579)
	at org.apache.ratis.thirdparty.io.netty.channel.nio.NioEventLoop.processSelectedKeys(NioEventLoop.java:496)
	at org.apache.ratis.thirdparty.io.netty.channel.nio.NioEventLoop.run(NioEventLoop.java:458)
	at org.apache.ratis.thirdparty.io.netty.util.concurrent.SingleThreadEventExecutor$5.run(SingleThreadEventExecutor.java:897)
	at org.apache.ratis.thirdparty.io.netty.util.concurrent.FastThreadLocalRunnable.run(FastThreadLocalRunnable.java:30)
	... 1 more
Caused by: java.net.ConnectException: Connection refused
	... 11 more
2019-10-03 19:53:42,410 [8a3381ef-363a-4b22-9139-8be250b93f9a@group-311569148025-LeaderElection68] INFO  impl.RoleInfo (RoleInfo.java:shutdownLeaderElection(134)) - 8a3381ef-363a-4b22-9139-8be250b93f9a: shutdown LeaderElection
2019-10-03 19:53:42,411 [8a3381ef-363a-4b22-9139-8be250b93f9a@group-311569148025-LeaderElection68] INFO  impl.RaftServerImpl (RaftServerImpl.java:setRole(170)) - 8a3381ef-363a-4b22-9139-8be250b93f9a@group-311569148025: changes role from CANDIDATE to LEADER at term 2 for changeToLeader
2019-10-03 19:53:42,411 [8a3381ef-363a-4b22-9139-8be250b93f9a@group-311569148025-LeaderElection68] INFO  impl.RaftServerImpl (ServerState.java:setLeader(255)) - 8a3381ef-363a-4b22-9139-8be250b93f9a@group-311569148025: change Leader from null to 8a3381ef-363a-4b22-9139-8be250b93f9a at term 2 for becomeLeader, leader elected after 28ms
2019-10-03 19:53:42,411 [8a3381ef-363a-4b22-9139-8be250b93f9a@group-311569148025-LeaderElection68] INFO  server.RaftServerConfigKeys (ConfUtils.java:logGet(43)) - raft.server.staging.catchup.gap = 1000 (default)
2019-10-03 19:53:42,411 [8a3381ef-363a-4b22-9139-8be250b93f9a@group-311569148025-LeaderElection68] INFO  server.RaftServerConfigKeys (ConfUtils.java:logGet(43)) - raft.server.rpc.sleep.time = 25ms (default)
2019-10-03 19:53:42,411 [8a3381ef-363a-4b22-9139-8be250b93f9a@group-311569148025-LeaderElection68] INFO  server.RaftServerConfigKeys (ConfUtils.java:logGet(43)) - raft.server.write.element-limit = 4096 (default)
2019-10-03 19:53:42,411 [8a3381ef-363a-4b22-9139-8be250b93f9a@group-311569148025-LeaderElection68] INFO  server.RaftServerConfigKeys (ConfUtils.java:logGet(43)) - raft.server.watch.timeout = 10s (default)
2019-10-03 19:53:42,411 [8a3381ef-363a-4b22-9139-8be250b93f9a@group-311569148025-LeaderElection68] INFO  server.RaftServerConfigKeys (ConfUtils.java:logGet(43)) - raft.server.watch.timeout.denomination = 1s (default)
2019-10-03 19:53:42,411 [8a3381ef-363a-4b22-9139-8be250b93f9a@group-311569148025-LeaderElection68] INFO  server.RaftServerConfigKeys (ConfUtils.java:logGet(43)) - raft.server.watch.element-limit = 65536 (default)
2019-10-03 19:53:42,414 [8a3381ef-363a-4b22-9139-8be250b93f9a@group-311569148025-LeaderElection68] INFO  server.RaftServerConfigKeys (ConfUtils.java:logGet(43)) - raft.server.log.appender.snapshot.chunk.size.max = 16MB (=16777216) (default)
2019-10-03 19:53:42,414 [8a3381ef-363a-4b22-9139-8be250b93f9a@group-311569148025-LeaderElection68] INFO  server.RaftServerConfigKeys (ConfUtils.java:logGet(43)) - raft.server.log.appender.buffer.byte-limit = 33554432 (custom)
2019-10-03 19:53:42,414 [8a3381ef-363a-4b22-9139-8be250b93f9a@group-311569148025-LeaderElection68] INFO  server.RaftServerConfigKeys (ConfUtils.java:logGet(43)) - raft.server.log.appender.buffer.element-limit = 1 (custom)
2019-10-03 19:53:42,415 [8a3381ef-363a-4b22-9139-8be250b93f9a@group-311569148025-LeaderElection68] INFO  grpc.GrpcConfigKeys$Server (ConfUtils.java:logGet(43)) - raft.grpc.server.leader.outstanding.appends.max = 128 (default)
2019-10-03 19:53:42,415 [8a3381ef-363a-4b22-9139-8be250b93f9a@group-311569148025-LeaderElection68] INFO  server.RaftServerConfigKeys (ConfUtils.java:logGet(43)) - raft.server.rpc.request.timeout = 3000ms (default)
2019-10-03 19:53:42,415 [8a3381ef-363a-4b22-9139-8be250b93f9a@group-311569148025-LeaderElection68] INFO  server.RaftServerConfigKeys (ConfUtils.java:logGet(43)) - raft.server.log.appender.install.snapshot.enabled = false (custom)
2019-10-03 19:53:42,415 [8a3381ef-363a-4b22-9139-8be250b93f9a@group-311569148025-LeaderElection68] INFO  server.RaftServerConfigKeys (ConfUtils.java:logGet(43)) - raft.server.log.appender.snapshot.chunk.size.max = 16MB (=16777216) (default)
2019-10-03 19:53:42,415 [8a3381ef-363a-4b22-9139-8be250b93f9a@group-311569148025-LeaderElection68] INFO  server.RaftServerConfigKeys (ConfUtils.java:logGet(43)) - raft.server.log.appender.buffer.byte-limit = 33554432 (custom)
2019-10-03 19:53:42,415 [8a3381ef-363a-4b22-9139-8be250b93f9a@group-311569148025-LeaderElection68] INFO  server.RaftServerConfigKeys (ConfUtils.java:logGet(43)) - raft.server.log.appender.buffer.element-limit = 1 (custom)
2019-10-03 19:53:42,415 [8a3381ef-363a-4b22-9139-8be250b93f9a@group-311569148025-LeaderElection68] INFO  grpc.GrpcConfigKeys$Server (ConfUtils.java:logGet(43)) - raft.grpc.server.leader.outstanding.appends.max = 128 (default)
2019-10-03 19:53:42,415 [8a3381ef-363a-4b22-9139-8be250b93f9a@group-311569148025-LeaderElection68] INFO  server.RaftServerConfigKeys (ConfUtils.java:logGet(43)) - raft.server.rpc.request.timeout = 3000ms (default)
2019-10-03 19:53:42,415 [8a3381ef-363a-4b22-9139-8be250b93f9a@group-311569148025-LeaderElection68] INFO  server.RaftServerConfigKeys (ConfUtils.java:logGet(43)) - raft.server.log.appender.install.snapshot.enabled = false (custom)
2019-10-03 19:53:42,416 [8a3381ef-363a-4b22-9139-8be250b93f9a@group-311569148025-LeaderElection68] INFO  impl.RoleInfo (RoleInfo.java:updateAndGet(143)) - 8a3381ef-363a-4b22-9139-8be250b93f9a: start LeaderState
2019-10-03 19:53:42,416 [8a3381ef-363a-4b22-9139-8be250b93f9a@group-311569148025-LeaderElection68] INFO  segmented.SegmentedRaftLogWorker (SegmentedRaftLogWorker.java:rollLogSegment(390)) - 8a3381ef-363a-4b22-9139-8be250b93f9a@group-311569148025-SegmentedRaftLogWorker: Rolling segment log-0_2 to index:2
2019-10-03 19:53:42,417 [8a3381ef-363a-4b22-9139-8be250b93f9a@group-311569148025-LeaderElection68] INFO  impl.RaftServerImpl (ServerState.java:setRaftConf(356)) - 8a3381ef-363a-4b22-9139-8be250b93f9a@group-311569148025: set configuration 3: [ec68cd31-786a-4caa-9bbb-4f7512a61922:192.168.164.195:34756, 092cf0d2-5d64-4f0a-81f7-c3af7735fcdb:192.168.164.195:35706, 8a3381ef-363a-4b22-9139-8be250b93f9a:192.168.164.195:46598], old=null at 3
2019-10-03 19:53:42,417 [grpc-default-executor-3] WARN  server.GrpcLogAppender (LogUtils.java:warn(134)) - 8a3381ef-363a-4b22-9139-8be250b93f9a@group-311569148025->ec68cd31-786a-4caa-9bbb-4f7512a61922-AppendLogResponseHandler: Failed appendEntries: org.apache.ratis.thirdparty.io.grpc.StatusRuntimeException: UNAVAILABLE: io exception
2019-10-03 19:53:42,419 [8a3381ef-363a-4b22-9139-8be250b93f9a@group-311569148025-SegmentedRaftLogWorker] INFO  segmented.SegmentedRaftLogWorker (SegmentedRaftLogWorker.java:execute(531)) - 8a3381ef-363a-4b22-9139-8be250b93f9a@group-311569148025-SegmentedRaftLogWorker: Rolled log segment from /workdir/hadoop-ozone/integration-test/target/test-dir/MiniOzoneClusterImpl-1277cde4-a404-4099-88bc-5733a0f2746f/datanode-2/data/ratis/e01926eb-76f2-40a7-80a9-311569148025/current/log_inprogress_0 to /workdir/hadoop-ozone/integration-test/target/test-dir/MiniOzoneClusterImpl-1277cde4-a404-4099-88bc-5733a0f2746f/datanode-2/data/ratis/e01926eb-76f2-40a7-80a9-311569148025/current/log_0-2
2019-10-03 19:53:42,421 [grpc-default-executor-3] INFO  impl.FollowerInfo (FollowerInfo.java:lambda$new$0(51)) - 8a3381ef-363a-4b22-9139-8be250b93f9a@group-311569148025->ec68cd31-786a-4caa-9bbb-4f7512a61922: nextIndex: updateUnconditionally 3 -> 1
2019-10-03 19:53:42,421 [grpc-default-executor-3] INFO  impl.RaftServerImpl (ServerState.java:setLeader(255)) - 092cf0d2-5d64-4f0a-81f7-c3af7735fcdb@group-311569148025: change Leader from null to 8a3381ef-363a-4b22-9139-8be250b93f9a at term 2 for appendEntries, leader elected after 17ms
2019-10-03 19:53:42,423 [grpc-default-executor-3] INFO  impl.RaftServerImpl (ServerState.java:setRaftConf(356)) - 092cf0d2-5d64-4f0a-81f7-c3af7735fcdb@group-311569148025: set configuration 3: [ec68cd31-786a-4caa-9bbb-4f7512a61922:192.168.164.195:34756, 092cf0d2-5d64-4f0a-81f7-c3af7735fcdb:192.168.164.195:35706, 8a3381ef-363a-4b22-9139-8be250b93f9a:192.168.164.195:46598], old=null at 3
2019-10-03 19:53:42,424 [grpc-default-executor-3] INFO  segmented.SegmentedRaftLogWorker (SegmentedRaftLogWorker.java:rollLogSegment(390)) - 092cf0d2-5d64-4f0a-81f7-c3af7735fcdb@group-311569148025-SegmentedRaftLogWorker: Rolling segment log-0_2 to index:2
2019-10-03 19:53:42,424 [092cf0d2-5d64-4f0a-81f7-c3af7735fcdb@group-311569148025-SegmentedRaftLogWorker] INFO  segmented.SegmentedRaftLogWorker (SegmentedRaftLogWorker.java:execute(531)) - 092cf0d2-5d64-4f0a-81f7-c3af7735fcdb@group-311569148025-SegmentedRaftLogWorker: Rolled log segment from /workdir/hadoop-ozone/integration-test/target/test-dir/MiniOzoneClusterImpl-1277cde4-a404-4099-88bc-5733a0f2746f/datanode-3/data/ratis/e01926eb-76f2-40a7-80a9-311569148025/current/log_inprogress_0 to /workdir/hadoop-ozone/integration-test/target/test-dir/MiniOzoneClusterImpl-1277cde4-a404-4099-88bc-5733a0f2746f/datanode-3/data/ratis/e01926eb-76f2-40a7-80a9-311569148025/current/log_0-2
2019-10-03 19:53:42,462 [8a3381ef-363a-4b22-9139-8be250b93f9a@group-311569148025-SegmentedRaftLogWorker] INFO  segmented.SegmentedRaftLogWorker (SegmentedRaftLogWorker.java:execute(574)) - 8a3381ef-363a-4b22-9139-8be250b93f9a@group-311569148025-SegmentedRaftLogWorker: created new log segment /workdir/hadoop-ozone/integration-test/target/test-dir/MiniOzoneClusterImpl-1277cde4-a404-4099-88bc-5733a0f2746f/datanode-2/data/ratis/e01926eb-76f2-40a7-80a9-311569148025/current/log_inprogress_3
2019-10-03 19:53:42,519 [092cf0d2-5d64-4f0a-81f7-c3af7735fcdb@group-311569148025-SegmentedRaftLogWorker] INFO  segmented.SegmentedRaftLogWorker (SegmentedRaftLogWorker.java:execute(574)) - 092cf0d2-5d64-4f0a-81f7-c3af7735fcdb@group-311569148025-SegmentedRaftLogWorker: created new log segment /workdir/hadoop-ozone/integration-test/target/test-dir/MiniOzoneClusterImpl-1277cde4-a404-4099-88bc-5733a0f2746f/datanode-3/data/ratis/e01926eb-76f2-40a7-80a9-311569148025/current/log_inprogress_3
2019-10-03 19:53:42,542 [grpc-default-executor-6] WARN  server.GrpcLogAppender (LogUtils.java:warn(134)) - 8a3381ef-363a-4b22-9139-8be250b93f9a@group-311569148025->ec68cd31-786a-4caa-9bbb-4f7512a61922-AppendLogResponseHandler: Failed appendEntries: org.apache.ratis.thirdparty.io.grpc.StatusRuntimeException: UNAVAILABLE: io exception
2019-10-03 19:53:42,542 [grpc-default-executor-6] INFO  impl.FollowerInfo (FollowerInfo.java:lambda$new$0(51)) - 8a3381ef-363a-4b22-9139-8be250b93f9a@group-311569148025->ec68cd31-786a-4caa-9bbb-4f7512a61922: nextIndex: updateUnconditionally 2 -> 1
2019-10-03 19:53:42,556 [grpc-default-executor-3] WARN  server.GrpcLogAppender (LogUtils.java:warn(134)) - 8a3381ef-363a-4b22-9139-8be250b93f9a@group-311569148025->ec68cd31-786a-4caa-9bbb-4f7512a61922-AppendLogResponseHandler: Failed appendEntries: org.apache.ratis.thirdparty.io.grpc.StatusRuntimeException: UNAVAILABLE: io exception
2019-10-03 19:53:42,556 [grpc-default-executor-3] INFO  impl.FollowerInfo (FollowerInfo.java:lambda$new$0(51)) - 8a3381ef-363a-4b22-9139-8be250b93f9a@group-311569148025->ec68cd31-786a-4caa-9bbb-4f7512a61922: nextIndex: updateUnconditionally 2 -> 1
]]></system-out>
  </testcase>
</testsuite>