<?xml version="1.0" encoding="UTF-8"?>
<testsuite xmlns:xsi="http://www.w3.org/2001/XMLSchema-instance" xsi:noNamespaceSchemaLocation="https://maven.apache.org/surefire/maven-surefire-plugin/xsd/surefire-test-report.xsd" name="org.apache.hadoop.ozone.client.rpc.TestBlockOutputStreamWithFailures" time="734.621" tests="8" errors="0" skipped="0" failures="1">
  <properties>
    <property name="awt.toolkit" value="sun.awt.X11.XToolkit"/>
    <property name="file.encoding.pkg" value="sun.io"/>
    <property name="java.specification.version" value="1.8"/>
    <property name="sun.cpu.isalist" value=""/>
    <property name="sun.jnu.encoding" value="UTF-8"/>
    <property name="java.class.path" value="/workdir/hadoop-ozone/integration-test/target/test-classes:/workdir/hadoop-ozone/integration-test/target/classes:/home/user/.m2/repository/org/apache/hadoop/hadoop-ozone-common/0.5.0-SNAPSHOT/hadoop-ozone-common-0.5.0-SNAPSHOT.jar:/home/user/.m2/repository/org/apache/commons/commons-compress/1.4.1/commons-compress-1.4.1.jar:/home/user/.m2/repository/org/tukaani/xz/1.0/xz-1.0.jar:/home/user/.m2/repository/org/apache/hadoop/hadoop-common/3.2.0/hadoop-common-3.2.0.jar:/home/user/.m2/repository/org/apache/hadoop/hadoop-hdfs/3.2.0/hadoop-hdfs-3.2.0.jar:/home/user/.m2/repository/org/apache/hadoop/hadoop-hdfs-client/3.2.0/hadoop-hdfs-client-3.2.0.jar:/home/user/.m2/repository/com/fasterxml/jackson/core/jackson-annotations/2.9.9/jackson-annotations-2.9.9.jar:/home/user/.m2/repository/org/apache/hadoop/hadoop-hdds-common/0.5.0-SNAPSHOT/hadoop-hdds-common-0.5.0-SNAPSHOT.jar:/home/user/.m2/repository/javax/annotation/javax.annotation-api/1.2/javax.annotation-api-1.2.jar:/home/user/.m2/repository/org/apache/ratis/ratis-server/0.5.0-201fc85-SNAPSHOT/ratis-server-0.5.0-201fc85-SNAPSHOT.jar:/home/user/.m2/repository/org/apache/ratis/ratis-thirdparty-misc/0.2.0/ratis-thirdparty-misc-0.2.0.jar:/home/user/.m2/repository/org/apache/ratis/ratis-proto/0.5.0-201fc85-SNAPSHOT/ratis-proto-0.5.0-201fc85-SNAPSHOT.jar:/home/user/.m2/repository/org/apache/ratis/ratis-common/0.5.0-201fc85-SNAPSHOT/ratis-common-0.5.0-201fc85-SNAPSHOT.jar:/home/user/.m2/repository/org/apache/ratis/ratis-client/0.5.0-201fc85-SNAPSHOT/ratis-client-0.5.0-201fc85-SNAPSHOT.jar:/home/user/.m2/repository/org/apache/ratis/ratis-metrics/0.5.0-201fc85-SNAPSHOT/ratis-metrics-0.5.0-201fc85-SNAPSHOT.jar:/home/user/.m2/repository/com/github/joshelser/dropwizard-metrics-hadoop-metrics2-reporter/0.1.2/dropwizard-metrics-hadoop-metrics2-reporter-0.1.2.jar:/home/user/.m2/repository/io/dropwizard/metrics/metrics-jvm/3.2.5/metrics-jvm-3.2.5.jar:/home/user/.m2/repository/io/dropwizard/metrics/metrics-ganglia/3.2.5/metrics-ganglia-3.2.5.jar:/home/user/.m2/repository/info/ganglia/gmetric4j/gmetric4j/1.0.7/gmetric4j-1.0.7.jar:/home/user/.m2/repository/org/apache/ratis/ratis-netty/0.5.0-201fc85-SNAPSHOT/ratis-netty-0.5.0-201fc85-SNAPSHOT.jar:/home/user/.m2/repository/org/apache/ratis/ratis-grpc/0.5.0-201fc85-SNAPSHOT/ratis-grpc-0.5.0-201fc85-SNAPSHOT.jar:/home/user/.m2/repository/org/rocksdb/rocksdbjni/6.0.1/rocksdbjni-6.0.1.jar:/home/user/.m2/repository/org/apache/logging/log4j/log4j-api/2.11.0/log4j-api-2.11.0.jar:/home/user/.m2/repository/org/apache/logging/log4j/log4j-core/2.11.0/log4j-core-2.11.0.jar:/home/user/.m2/repository/com/lmax/disruptor/3.4.2/disruptor-3.4.2.jar:/home/user/.m2/repository/org/apache/commons/commons-pool2/2.6.0/commons-pool2-2.6.0.jar:/home/user/.m2/repository/org/bouncycastle/bcpkix-jdk15on/1.60/bcpkix-jdk15on-1.60.jar:/home/user/.m2/repository/commons-validator/commons-validator/1.6/commons-validator-1.6.jar:/home/user/.m2/repository/commons-digester/commons-digester/1.8.1/commons-digester-1.8.1.jar:/home/user/.m2/repository/io/jaegertracing/jaeger-client/0.34.0/jaeger-client-0.34.0.jar:/home/user/.m2/repository/io/jaegertracing/jaeger-thrift/0.34.0/jaeger-thrift-0.34.0.jar:/home/user/.m2/repository/org/apache/thrift/libthrift/0.12.0/libthrift-0.12.0.jar:/home/user/.m2/repository/com/squareup/okhttp3/okhttp/3.9.0/okhttp-3.9.0.jar:/home/user/.m2/repository/com/squareup/okio/okio/1.13.0/okio-1.13.0.jar:/home/user/.m2/repository/io/jaegertracing/jaeger-core/0.34.0/jaeger-core-0.34.0.jar:/home/user/.m2/repository/io/jaegertracing/jaeger-tracerresolver/0.34.0/jaeger-tracerresolver-0.34.0.jar:/home/user/.m2/repository/io/opentracing/contrib/opentracing-tracerresolver/0.1.5/opentracing-tracerresolver-0.1.5.jar:/home/user/.m2/repository/io/opentracing/opentracing-util/0.31.0/opentracing-util-0.31.0.jar:/home/user/.m2/repository/io/opentracing/opentracing-api/0.31.0/opentracing-api-0.31.0.jar:/home/user/.m2/repository/io/opentracing/opentracing-noop/0.31.0/opentracing-noop-0.31.0.jar:/home/user/.m2/repository/org/apache/hadoop/hadoop-hdds-server-framework/0.5.0-SNAPSHOT/hadoop-hdds-server-framework-0.5.0-SNAPSHOT.jar:/home/user/.m2/repository/org/apache/hadoop/hadoop-hdds-container-service/0.5.0-SNAPSHOT/hadoop-hdds-container-service-0.5.0-SNAPSHOT.jar:/home/user/.m2/repository/org/apache/hadoop/hadoop-hdds-client/0.5.0-SNAPSHOT/hadoop-hdds-client-0.5.0-SNAPSHOT.jar:/home/user/.m2/repository/org/apache/hadoop/hadoop-hdds-tools/0.5.0-SNAPSHOT/hadoop-hdds-tools-0.5.0-SNAPSHOT.jar:/home/user/.m2/repository/org/apache/hadoop/hadoop-hdds-server-scm/0.5.0-SNAPSHOT/hadoop-hdds-server-scm-0.5.0-SNAPSHOT.jar:/home/user/.m2/repository/org/apache/hadoop/hadoop-hdds-docs/0.5.0-SNAPSHOT/hadoop-hdds-docs-0.5.0-SNAPSHOT.jar:/home/user/.m2/repository/io/dropwizard/metrics/metrics-core/3.2.4/metrics-core-3.2.4.jar:/home/user/.m2/repository/org/hamcrest/hamcrest-all/1.3/hamcrest-all-1.3.jar:/home/user/.m2/repository/org/bouncycastle/bcprov-jdk15on/1.60/bcprov-jdk15on-1.60.jar:/home/user/.m2/repository/info/picocli/picocli/3.9.6/picocli-3.9.6.jar:/home/user/.m2/repository/com/google/protobuf/protobuf-java/2.5.0/protobuf-java-2.5.0.jar:/home/user/.m2/repository/com/google/guava/guava/11.0.2/guava-11.0.2.jar:/home/user/.m2/repository/org/apache/hadoop/hadoop-ozone-ozone-manager/0.5.0-SNAPSHOT/hadoop-ozone-ozone-manager-0.5.0-SNAPSHOT.jar:/home/user/.m2/repository/org/apache/hadoop/hadoop-minikdc/3.2.0/hadoop-minikdc-3.2.0.jar:/home/user/.m2/repository/commons-io/commons-io/2.5/commons-io-2.5.jar:/home/user/.m2/repository/org/apache/kerby/kerb-simplekdc/1.0.1/kerb-simplekdc-1.0.1.jar:/home/user/.m2/repository/org/apache/kerby/kerb-client/1.0.1/kerb-client-1.0.1.jar:/home/user/.m2/repository/org/apache/kerby/kerby-config/1.0.1/kerby-config-1.0.1.jar:/home/user/.m2/repository/org/apache/kerby/kerb-core/1.0.1/kerb-core-1.0.1.jar:/home/user/.m2/repository/org/apache/kerby/kerby-pkix/1.0.1/kerby-pkix-1.0.1.jar:/home/user/.m2/repository/org/apache/kerby/kerby-asn1/1.0.1/kerby-asn1-1.0.1.jar:/home/user/.m2/repository/org/apache/kerby/kerby-util/1.0.1/kerby-util-1.0.1.jar:/home/user/.m2/repository/org/apache/kerby/kerb-common/1.0.1/kerb-common-1.0.1.jar:/home/user/.m2/repository/org/apache/kerby/kerb-crypto/1.0.1/kerb-crypto-1.0.1.jar:/home/user/.m2/repository/org/apache/kerby/kerb-util/1.0.1/kerb-util-1.0.1.jar:/home/user/.m2/repository/org/apache/kerby/token-provider/1.0.1/token-provider-1.0.1.jar:/home/user/.m2/repository/org/apache/kerby/kerb-admin/1.0.1/kerb-admin-1.0.1.jar:/home/user/.m2/repository/org/apache/kerby/kerb-server/1.0.1/kerb-server-1.0.1.jar:/home/user/.m2/repository/org/apache/kerby/kerb-identity/1.0.1/kerb-identity-1.0.1.jar:/home/user/.m2/repository/org/apache/kerby/kerby-xdr/1.0.1/kerby-xdr-1.0.1.jar:/home/user/.m2/repository/org/slf4j/slf4j-log4j12/1.7.25/slf4j-log4j12-1.7.25.jar:/home/user/.m2/repository/org/apache/hadoop/hadoop-ozone-s3gateway/0.5.0-SNAPSHOT/hadoop-ozone-s3gateway-0.5.0-SNAPSHOT.jar:/home/user/.m2/repository/org/jboss/weld/servlet/weld-servlet/2.4.7.Final/weld-servlet-2.4.7.Final.jar:/home/user/.m2/repository/org/glassfish/jersey/containers/jersey-container-servlet-core/2.27/jersey-container-servlet-core-2.27.jar:/home/user/.m2/repository/org/glassfish/hk2/external/javax.inject/2.5.0-b42/javax.inject-2.5.0-b42.jar:/home/user/.m2/repository/org/glassfish/jersey/core/jersey-common/2.27/jersey-common-2.27.jar:/home/user/.m2/repository/org/glassfish/hk2/osgi-resource-locator/1.0.1/osgi-resource-locator-1.0.1.jar:/home/user/.m2/repository/javax/ws/rs/javax.ws.rs-api/2.1/javax.ws.rs-api-2.1.jar:/home/user/.m2/repository/org/glassfish/jersey/ext/cdi/jersey-cdi1x/2.27/jersey-cdi1x-2.27.jar:/home/user/.m2/repository/org/glassfish/jersey/inject/jersey-hk2/2.27/jersey-hk2-2.27.jar:/home/user/.m2/repository/org/glassfish/hk2/hk2-locator/2.5.0-b42/hk2-locator-2.5.0-b42.jar:/home/user/.m2/repository/org/javassist/javassist/3.22.0-CR2/javassist-3.22.0-CR2.jar:/home/user/.m2/repository/org/glassfish/hk2/hk2-api/2.5.0/hk2-api-2.5.0.jar:/home/user/.m2/repository/org/glassfish/hk2/external/jakarta.inject/2.5.0/jakarta.inject-2.5.0.jar:/home/user/.m2/repository/org/glassfish/hk2/hk2-utils/2.5.0/hk2-utils-2.5.0.jar:/home/user/.m2/repository/jakarta/annotation/jakarta.annotation-api/1.3.4/jakarta.annotation-api-1.3.4.jar:/home/user/.m2/repository/org/glassfish/hk2/external/aopalliance-repackaged/2.5.0/aopalliance-repackaged-2.5.0.jar:/home/user/.m2/repository/com/fasterxml/jackson/dataformat/jackson-dataformat-xml/2.9.0/jackson-dataformat-xml-2.9.0.jar:/home/user/.m2/repository/com/fasterxml/jackson/core/jackson-core/2.9.9/jackson-core-2.9.9.jar:/home/user/.m2/repository/com/fasterxml/jackson/module/jackson-module-jaxb-annotations/2.9.9/jackson-module-jaxb-annotations-2.9.9.jar:/home/user/.m2/repository/javax/enterprise/cdi-api/1.2/cdi-api-1.2.jar:/home/user/.m2/repository/javax/el/javax.el-api/3.0.0/javax.el-api-3.0.0.jar:/home/user/.m2/repository/javax/interceptor/javax.interceptor-api/1.2/javax.interceptor-api-1.2.jar:/home/user/.m2/repository/javax/inject/javax.inject/1/javax.inject-1.jar:/home/user/.m2/repository/com/sun/xml/bind/jaxb-impl/2.3.0.1/jaxb-impl-2.3.0.1.jar:/home/user/.m2/repository/com/sun/xml/bind/jaxb-core/2.3.0.1/jaxb-core-2.3.0.1.jar:/home/user/.m2/repository/javax/xml/bind/jaxb-api/2.3.0/jaxb-api-2.3.0.jar:/home/user/.m2/repository/javax/activation/activation/1.1.1/activation-1.1.1.jar:/home/user/.m2/repository/org/apache/hadoop/hadoop-ozone-csi/0.5.0-SNAPSHOT/hadoop-ozone-csi-0.5.0-SNAPSHOT.jar:/home/user/.m2/repository/com/google/protobuf/protobuf-java-util/3.5.1/protobuf-java-util-3.5.1.jar:/home/user/.m2/repository/org/apache/hadoop/hadoop-hdds-config/0.5.0-SNAPSHOT/hadoop-hdds-config-0.5.0-SNAPSHOT.jar:/home/user/.m2/repository/io/grpc/grpc-netty/1.17.1/grpc-netty-1.17.1.jar:/home/user/.m2/repository/io/grpc/grpc-core/1.17.1/grpc-core-1.17.1.jar:/home/user/.m2/repository/io/grpc/grpc-context/1.17.1/grpc-context-1.17.1.jar:/home/user/.m2/repository/com/google/errorprone/error_prone_annotations/2.2.0/error_prone_annotations-2.2.0.jar:/home/user/.m2/repository/org/codehaus/mojo/animal-sniffer-annotations/1.17/animal-sniffer-annotations-1.17.jar:/home/user/.m2/repository/io/opencensus/opencensus-api/0.17.0/opencensus-api-0.17.0.jar:/home/user/.m2/repository/io/opencensus/opencensus-contrib-grpc-metrics/0.17.0/opencensus-contrib-grpc-metrics-0.17.0.jar:/home/user/.m2/repository/io/netty/netty-codec-http2/4.1.30.Final/netty-codec-http2-4.1.30.Final.jar:/home/user/.m2/repository/io/netty/netty-codec-http/4.1.30.Final/netty-codec-http-4.1.30.Final.jar:/home/user/.m2/repository/io/netty/netty-codec/4.1.30.Final/netty-codec-4.1.30.Final.jar:/home/user/.m2/repository/io/netty/netty-handler/4.1.30.Final/netty-handler-4.1.30.Final.jar:/home/user/.m2/repository/io/netty/netty-handler-proxy/4.1.30.Final/netty-handler-proxy-4.1.30.Final.jar:/home/user/.m2/repository/io/netty/netty-codec-socks/4.1.30.Final/netty-codec-socks-4.1.30.Final.jar:/home/user/.m2/repository/io/netty/netty-transport-native-epoll/4.1.30.Final/netty-transport-native-epoll-4.1.30.Final.jar:/home/user/.m2/repository/io/netty/netty-common/4.1.30.Final/netty-common-4.1.30.Final.jar:/home/user/.m2/repository/io/netty/netty-buffer/4.1.30.Final/netty-buffer-4.1.30.Final.jar:/home/user/.m2/repository/io/netty/netty-transport/4.1.30.Final/netty-transport-4.1.30.Final.jar:/home/user/.m2/repository/io/netty/netty-resolver/4.1.30.Final/netty-resolver-4.1.30.Final.jar:/home/user/.m2/repository/io/netty/netty-transport-native-unix-common/4.1.30.Final/netty-transport-native-unix-common-4.1.30.Final.jar:/home/user/.m2/repository/io/grpc/grpc-protobuf/1.17.1/grpc-protobuf-1.17.1.jar:/home/user/.m2/repository/com/google/api/grpc/proto-google-common-protos/1.0.0/proto-google-common-protos-1.0.0.jar:/home/user/.m2/repository/io/grpc/grpc-protobuf-lite/1.17.1/grpc-protobuf-lite-1.17.1.jar:/home/user/.m2/repository/io/grpc/grpc-stub/1.17.1/grpc-stub-1.17.1.jar:/home/user/.m2/repository/org/apache/hadoop/hadoop-ozone-recon/0.5.0-SNAPSHOT/hadoop-ozone-recon-0.5.0-SNAPSHOT.jar:/home/user/.m2/repository/org/apache/hadoop/hadoop-ozone-reconcodegen/0.5.0-SNAPSHOT/hadoop-ozone-reconcodegen-0.5.0-SNAPSHOT.jar:/home/user/.m2/repository/com/google/inject/extensions/guice-multibindings/4.0/guice-multibindings-4.0.jar:/home/user/.m2/repository/com/google/inject/guice/4.0/guice-4.0.jar:/home/user/.m2/repository/aopalliance/aopalliance/1.0/aopalliance-1.0.jar:/home/user/.m2/repository/com/google/inject/extensions/guice-servlet/4.0/guice-servlet-4.0.jar:/home/user/.m2/repository/org/glassfish/jersey/containers/jersey-container-servlet/2.27/jersey-container-servlet-2.27.jar:/home/user/.m2/repository/org/glassfish/hk2/guice-bridge/2.5.0/guice-bridge-2.5.0.jar:/home/user/.m2/repository/org/glassfish/jersey/core/jersey-server/2.27/jersey-server-2.27.jar:/home/user/.m2/repository/org/glassfish/jersey/core/jersey-client/2.27/jersey-client-2.27.jar:/home/user/.m2/repository/org/glassfish/jersey/media/jersey-media-jaxb/2.27/jersey-media-jaxb-2.27.jar:/home/user/.m2/repository/javax/validation/validation-api/1.1.0.Final/validation-api-1.1.0.Final.jar:/home/user/.m2/repository/org/glassfish/jersey/media/jersey-media-json-jackson/2.27/jersey-media-json-jackson-2.27.jar:/home/user/.m2/repository/org/glassfish/jersey/ext/jersey-entity-filtering/2.27/jersey-entity-filtering-2.27.jar:/home/user/.m2/repository/com/google/inject/extensions/guice-assistedinject/4.0/guice-assistedinject-4.0.jar:/home/user/.m2/repository/org/jooq/jooq/3.11.10/jooq-3.11.10.jar:/home/user/.m2/repository/org/jooq/jooq-meta/3.11.10/jooq-meta-3.11.10.jar:/home/user/.m2/repository/org/jooq/jooq-codegen/3.11.10/jooq-codegen-3.11.10.jar:/home/user/.m2/repository/com/jolbox/bonecp/0.8.0.RELEASE/bonecp-0.8.0.RELEASE.jar:/home/user/.m2/repository/org/xerial/sqlite-jdbc/3.25.2/sqlite-jdbc-3.25.2.jar:/home/user/.m2/repository/org/springframework/spring-jdbc/5.1.3.RELEASE/spring-jdbc-5.1.3.RELEASE.jar:/home/user/.m2/repository/org/springframework/spring-beans/5.1.3.RELEASE/spring-beans-5.1.3.RELEASE.jar:/home/user/.m2/repository/org/springframework/spring-core/5.1.3.RELEASE/spring-core-5.1.3.RELEASE.jar:/home/user/.m2/repository/org/springframework/spring-jcl/5.1.3.RELEASE/spring-jcl-5.1.3.RELEASE.jar:/home/user/.m2/repository/org/springframework/spring-tx/5.1.3.RELEASE/spring-tx-5.1.3.RELEASE.jar:/home/user/.m2/repository/org/apache/hadoop/hadoop-ozone-client/0.5.0-SNAPSHOT/hadoop-ozone-client-0.5.0-SNAPSHOT.jar:/home/user/.m2/repository/commons-lang/commons-lang/2.6/commons-lang-2.6.jar:/home/user/.m2/repository/org/apache/hadoop/hadoop-ozone-ozone-manager/0.5.0-SNAPSHOT/hadoop-ozone-ozone-manager-0.5.0-SNAPSHOT-tests.jar:/home/user/.m2/repository/junit/junit/4.11/junit-4.11.jar:/home/user/.m2/repository/org/hamcrest/hamcrest-core/1.3/hamcrest-core-1.3.jar:/home/user/.m2/repository/org/openjdk/jmh/jmh-core/1.19/jmh-core-1.19.jar:/home/user/.m2/repository/net/sf/jopt-simple/jopt-simple/4.6/jopt-simple-4.6.jar:/home/user/.m2/repository/org/apache/commons/commons-math3/3.1.1/commons-math3-3.1.1.jar:/home/user/.m2/repository/org/openjdk/jmh/jmh-generator-annprocess/1.19/jmh-generator-annprocess-1.19.jar:/home/user/.m2/repository/org/mockito/mockito-all/1.8.5/mockito-all-1.8.5.jar:/home/user/.m2/repository/org/apache/hadoop/hadoop-kms/3.2.0/hadoop-kms-3.2.0.jar:/home/user/.m2/repository/org/apache/hadoop/hadoop-auth/3.2.0/hadoop-auth-3.2.0.jar:/home/user/.m2/repository/com/nimbusds/nimbus-jose-jwt/4.41.1/nimbus-jose-jwt-4.41.1.jar:/home/user/.m2/repository/com/github/stephenc/jcip/jcip-annotations/1.0-1/jcip-annotations-1.0-1.jar:/home/user/.m2/repository/net/minidev/json-smart/2.3/json-smart-2.3.jar:/home/user/.m2/repository/net/minidev/accessors-smart/1.2/accessors-smart-1.2.jar:/home/user/.m2/repository/org/ow2/asm/asm/5.0.4/asm-5.0.4.jar:/home/user/.m2/repository/org/apache/curator/curator-framework/2.12.0/curator-framework-2.12.0.jar:/home/user/.m2/repository/com/sun/jersey/jersey-core/1.19/jersey-core-1.19.jar:/home/user/.m2/repository/javax/ws/rs/jsr311-api/1.1.1/jsr311-api-1.1.1.jar:/home/user/.m2/repository/com/sun/jersey/jersey-server/1.19/jersey-server-1.19.jar:/home/user/.m2/repository/javax/servlet/javax.servlet-api/3.1.0/javax.servlet-api-3.1.0.jar:/home/user/.m2/repository/org/eclipse/jetty/jetty-server/9.3.25.v20180904/jetty-server-9.3.25.v20180904.jar:/home/user/.m2/repository/org/eclipse/jetty/jetty-http/9.3.25.v20180904/jetty-http-9.3.25.v20180904.jar:/home/user/.m2/repository/org/eclipse/jetty/jetty-io/9.3.25.v20180904/jetty-io-9.3.25.v20180904.jar:/home/user/.m2/repository/org/eclipse/jetty/jetty-webapp/9.3.25.v20180904/jetty-webapp-9.3.25.v20180904.jar:/home/user/.m2/repository/org/eclipse/jetty/jetty-xml/9.3.25.v20180904/jetty-xml-9.3.25.v20180904.jar:/home/user/.m2/repository/log4j/log4j/1.2.17/log4j-1.2.17.jar:/home/user/.m2/repository/org/slf4j/slf4j-api/1.7.25/slf4j-api-1.7.25.jar:/home/user/.m2/repository/org/slf4j/jul-to-slf4j/1.7.25/jul-to-slf4j-1.7.25.jar:/home/user/.m2/repository/org/eclipse/jetty/jetty-util/9.3.25.v20180904/jetty-util-9.3.25.v20180904.jar:/home/user/.m2/repository/com/fasterxml/jackson/core/jackson-databind/2.9.9/jackson-databind-2.9.9.jar:/home/user/.m2/repository/org/apache/hadoop/hadoop-kms/3.2.0/hadoop-kms-3.2.0-tests.jar:/home/user/.m2/repository/org/apache/hadoop/hadoop-hdds-server-scm/0.5.0-SNAPSHOT/hadoop-hdds-server-scm-0.5.0-SNAPSHOT-tests.jar:/home/user/.m2/repository/org/apache/hadoop/hadoop-hdds-container-service/0.5.0-SNAPSHOT/hadoop-hdds-container-service-0.5.0-SNAPSHOT-tests.jar:/home/user/.m2/repository/org/yaml/snakeyaml/1.16/snakeyaml-1.16.jar:/home/user/.m2/repository/org/apache/hadoop/hadoop-common/3.2.0/hadoop-common-3.2.0-tests.jar:/home/user/.m2/repository/org/apache/hadoop/hadoop-annotations/3.2.0/hadoop-annotations-3.2.0.jar:/usr/lib/jvm/java-1.8-openjdk/jre/../lib/tools.jar:/home/user/.m2/repository/commons-cli/commons-cli/1.2/commons-cli-1.2.jar:/home/user/.m2/repository/org/apache/httpcomponents/httpclient/4.5.2/httpclient-4.5.2.jar:/home/user/.m2/repository/org/apache/httpcomponents/httpcore/4.4.4/httpcore-4.4.4.jar:/home/user/.m2/repository/commons-codec/commons-codec/1.11/commons-codec-1.11.jar:/home/user/.m2/repository/commons-net/commons-net/3.6/commons-net-3.6.jar:/home/user/.m2/repository/commons-collections/commons-collections/3.2.2/commons-collections-3.2.2.jar:/home/user/.m2/repository/org/eclipse/jetty/jetty-servlet/9.3.25.v20180904/jetty-servlet-9.3.25.v20180904.jar:/home/user/.m2/repository/org/eclipse/jetty/jetty-security/9.3.25.v20180904/jetty-security-9.3.25.v20180904.jar:/home/user/.m2/repository/javax/servlet/jsp/jsp-api/2.1/jsp-api-2.1.jar:/home/user/.m2/repository/com/sun/jersey/jersey-servlet/1.19/jersey-servlet-1.19.jar:/home/user/.m2/repository/com/sun/jersey/jersey-json/1.19/jersey-json-1.19.jar:/home/user/.m2/repository/org/codehaus/jettison/jettison/1.1/jettison-1.1.jar:/home/user/.m2/repository/org/codehaus/jackson/jackson-core-asl/1.9.13/jackson-core-asl-1.9.13.jar:/home/user/.m2/repository/org/codehaus/jackson/jackson-mapper-asl/1.9.13/jackson-mapper-asl-1.9.13.jar:/home/user/.m2/repository/org/codehaus/jackson/jackson-jaxrs/1.9.13/jackson-jaxrs-1.9.13.jar:/home/user/.m2/repository/org/codehaus/jackson/jackson-xc/1.9.13/jackson-xc-1.9.13.jar:/home/user/.m2/repository/commons-logging/commons-logging/1.1.3/commons-logging-1.1.3.jar:/home/user/.m2/repository/commons-beanutils/commons-beanutils/1.9.4/commons-beanutils-1.9.4.jar:/home/user/.m2/repository/org/apache/commons/commons-configuration2/2.1.1/commons-configuration2-2.1.1.jar:/home/user/.m2/repository/org/apache/commons/commons-lang3/3.7/commons-lang3-3.7.jar:/home/user/.m2/repository/org/apache/commons/commons-text/1.4/commons-text-1.4.jar:/home/user/.m2/repository/org/apache/avro/avro/1.7.7/avro-1.7.7.jar:/home/user/.m2/repository/com/thoughtworks/paranamer/paranamer/2.3/paranamer-2.3.jar:/home/user/.m2/repository/org/xerial/snappy/snappy-java/1.0.5/snappy-java-1.0.5.jar:/home/user/.m2/repository/com/google/re2j/re2j/1.1/re2j-1.1.jar:/home/user/.m2/repository/com/google/code/gson/gson/2.2.4/gson-2.2.4.jar:/home/user/.m2/repository/com/jcraft/jsch/0.1.54/jsch-0.1.54.jar:/home/user/.m2/repository/org/apache/curator/curator-client/2.12.0/curator-client-2.12.0.jar:/home/user/.m2/repository/org/apache/curator/curator-recipes/2.12.0/curator-recipes-2.12.0.jar:/home/user/.m2/repository/com/google/code/findbugs/jsr305/3.0.0/jsr305-3.0.0.jar:/home/user/.m2/repository/org/apache/htrace/htrace-core4/4.1.0-incubating/htrace-core4-4.1.0-incubating.jar:/home/user/.m2/repository/org/apache/zookeeper/zookeeper/3.4.13/zookeeper-3.4.13.jar:/home/user/.m2/repository/jline/jline/0.9.94/jline-0.9.94.jar:/home/user/.m2/repository/org/apache/yetus/audience-annotations/0.5.0/audience-annotations-0.5.0.jar:/home/user/.m2/repository/org/codehaus/woodstox/stax2-api/3.1.4/stax2-api-3.1.4.jar:/home/user/.m2/repository/com/fasterxml/woodstox/woodstox-core/5.0.3/woodstox-core-5.0.3.jar:/home/user/.m2/repository/dnsjava/dnsjava/2.1.7/dnsjava-2.1.7.jar:/home/user/.m2/repository/org/apache/hadoop/hadoop-hdfs/3.2.0/hadoop-hdfs-3.2.0-tests.jar:/home/user/.m2/repository/org/eclipse/jetty/jetty-util-ajax/9.3.25.v20180904/jetty-util-ajax-9.3.25.v20180904.jar:/home/user/.m2/repository/commons-daemon/commons-daemon/1.0.13/commons-daemon-1.0.13.jar:/home/user/.m2/repository/io/netty/netty/3.10.5.Final/netty-3.10.5.Final.jar:/home/user/.m2/repository/io/netty/netty-all/4.0.52.Final/netty-all-4.0.52.Final.jar:/home/user/.m2/repository/org/fusesource/leveldbjni/leveldbjni-all/1.8/leveldbjni-all-1.8.jar:"/>
    <property name="java.vm.vendor" value="IcedTea"/>
    <property name="sun.arch.data.model" value="64"/>
    <property name="test.build.dir" value="/workdir/hadoop-ozone/integration-test/target/test-dir"/>
    <property name="test.cache.data" value=""/>
    <property name="java.vendor.url" value="https://icedtea.classpath.org"/>
    <property name="user.timezone" value=""/>
    <property name="java.vm.specification.version" value="1.8"/>
    <property name="os.name" value="Linux"/>
    <property name="test.build.data" value="/workdir/hadoop-ozone/integration-test/target/test-dir"/>
    <property name="user.country" value="US"/>
    <property name="sun.java.launcher" value="SUN_STANDARD"/>
    <property name="sun.boot.library.path" value="/usr/lib/jvm/java-1.8-openjdk/jre/lib/amd64"/>
    <property name="sun.java.command" value="/workdir/hadoop-ozone/integration-test/target/surefire/surefirebooter1401544924537881463.jar /workdir/hadoop-ozone/integration-test/target/surefire 2019-10-09T06-56-07_726-jvmRun1 surefire4986946613472153386tmp surefire_561286402750155109714tmp"/>
    <property name="test" value="!TestMiniChaosOzoneCluster"/>
    <property name="surefire.test.class.path" value="/workdir/hadoop-ozone/integration-test/target/test-classes:/workdir/hadoop-ozone/integration-test/target/classes:/home/user/.m2/repository/org/apache/hadoop/hadoop-ozone-common/0.5.0-SNAPSHOT/hadoop-ozone-common-0.5.0-SNAPSHOT.jar:/home/user/.m2/repository/org/apache/commons/commons-compress/1.4.1/commons-compress-1.4.1.jar:/home/user/.m2/repository/org/tukaani/xz/1.0/xz-1.0.jar:/home/user/.m2/repository/org/apache/hadoop/hadoop-common/3.2.0/hadoop-common-3.2.0.jar:/home/user/.m2/repository/org/apache/hadoop/hadoop-hdfs/3.2.0/hadoop-hdfs-3.2.0.jar:/home/user/.m2/repository/org/apache/hadoop/hadoop-hdfs-client/3.2.0/hadoop-hdfs-client-3.2.0.jar:/home/user/.m2/repository/com/fasterxml/jackson/core/jackson-annotations/2.9.9/jackson-annotations-2.9.9.jar:/home/user/.m2/repository/org/apache/hadoop/hadoop-hdds-common/0.5.0-SNAPSHOT/hadoop-hdds-common-0.5.0-SNAPSHOT.jar:/home/user/.m2/repository/javax/annotation/javax.annotation-api/1.2/javax.annotation-api-1.2.jar:/home/user/.m2/repository/org/apache/ratis/ratis-server/0.5.0-201fc85-SNAPSHOT/ratis-server-0.5.0-201fc85-SNAPSHOT.jar:/home/user/.m2/repository/org/apache/ratis/ratis-thirdparty-misc/0.2.0/ratis-thirdparty-misc-0.2.0.jar:/home/user/.m2/repository/org/apache/ratis/ratis-proto/0.5.0-201fc85-SNAPSHOT/ratis-proto-0.5.0-201fc85-SNAPSHOT.jar:/home/user/.m2/repository/org/apache/ratis/ratis-common/0.5.0-201fc85-SNAPSHOT/ratis-common-0.5.0-201fc85-SNAPSHOT.jar:/home/user/.m2/repository/org/apache/ratis/ratis-client/0.5.0-201fc85-SNAPSHOT/ratis-client-0.5.0-201fc85-SNAPSHOT.jar:/home/user/.m2/repository/org/apache/ratis/ratis-metrics/0.5.0-201fc85-SNAPSHOT/ratis-metrics-0.5.0-201fc85-SNAPSHOT.jar:/home/user/.m2/repository/com/github/joshelser/dropwizard-metrics-hadoop-metrics2-reporter/0.1.2/dropwizard-metrics-hadoop-metrics2-reporter-0.1.2.jar:/home/user/.m2/repository/io/dropwizard/metrics/metrics-jvm/3.2.5/metrics-jvm-3.2.5.jar:/home/user/.m2/repository/io/dropwizard/metrics/metrics-ganglia/3.2.5/metrics-ganglia-3.2.5.jar:/home/user/.m2/repository/info/ganglia/gmetric4j/gmetric4j/1.0.7/gmetric4j-1.0.7.jar:/home/user/.m2/repository/org/apache/ratis/ratis-netty/0.5.0-201fc85-SNAPSHOT/ratis-netty-0.5.0-201fc85-SNAPSHOT.jar:/home/user/.m2/repository/org/apache/ratis/ratis-grpc/0.5.0-201fc85-SNAPSHOT/ratis-grpc-0.5.0-201fc85-SNAPSHOT.jar:/home/user/.m2/repository/org/rocksdb/rocksdbjni/6.0.1/rocksdbjni-6.0.1.jar:/home/user/.m2/repository/org/apache/logging/log4j/log4j-api/2.11.0/log4j-api-2.11.0.jar:/home/user/.m2/repository/org/apache/logging/log4j/log4j-core/2.11.0/log4j-core-2.11.0.jar:/home/user/.m2/repository/com/lmax/disruptor/3.4.2/disruptor-3.4.2.jar:/home/user/.m2/repository/org/apache/commons/commons-pool2/2.6.0/commons-pool2-2.6.0.jar:/home/user/.m2/repository/org/bouncycastle/bcpkix-jdk15on/1.60/bcpkix-jdk15on-1.60.jar:/home/user/.m2/repository/commons-validator/commons-validator/1.6/commons-validator-1.6.jar:/home/user/.m2/repository/commons-digester/commons-digester/1.8.1/commons-digester-1.8.1.jar:/home/user/.m2/repository/io/jaegertracing/jaeger-client/0.34.0/jaeger-client-0.34.0.jar:/home/user/.m2/repository/io/jaegertracing/jaeger-thrift/0.34.0/jaeger-thrift-0.34.0.jar:/home/user/.m2/repository/org/apache/thrift/libthrift/0.12.0/libthrift-0.12.0.jar:/home/user/.m2/repository/com/squareup/okhttp3/okhttp/3.9.0/okhttp-3.9.0.jar:/home/user/.m2/repository/com/squareup/okio/okio/1.13.0/okio-1.13.0.jar:/home/user/.m2/repository/io/jaegertracing/jaeger-core/0.34.0/jaeger-core-0.34.0.jar:/home/user/.m2/repository/io/jaegertracing/jaeger-tracerresolver/0.34.0/jaeger-tracerresolver-0.34.0.jar:/home/user/.m2/repository/io/opentracing/contrib/opentracing-tracerresolver/0.1.5/opentracing-tracerresolver-0.1.5.jar:/home/user/.m2/repository/io/opentracing/opentracing-util/0.31.0/opentracing-util-0.31.0.jar:/home/user/.m2/repository/io/opentracing/opentracing-api/0.31.0/opentracing-api-0.31.0.jar:/home/user/.m2/repository/io/opentracing/opentracing-noop/0.31.0/opentracing-noop-0.31.0.jar:/home/user/.m2/repository/org/apache/hadoop/hadoop-hdds-server-framework/0.5.0-SNAPSHOT/hadoop-hdds-server-framework-0.5.0-SNAPSHOT.jar:/home/user/.m2/repository/org/apache/hadoop/hadoop-hdds-container-service/0.5.0-SNAPSHOT/hadoop-hdds-container-service-0.5.0-SNAPSHOT.jar:/home/user/.m2/repository/org/apache/hadoop/hadoop-hdds-client/0.5.0-SNAPSHOT/hadoop-hdds-client-0.5.0-SNAPSHOT.jar:/home/user/.m2/repository/org/apache/hadoop/hadoop-hdds-tools/0.5.0-SNAPSHOT/hadoop-hdds-tools-0.5.0-SNAPSHOT.jar:/home/user/.m2/repository/org/apache/hadoop/hadoop-hdds-server-scm/0.5.0-SNAPSHOT/hadoop-hdds-server-scm-0.5.0-SNAPSHOT.jar:/home/user/.m2/repository/org/apache/hadoop/hadoop-hdds-docs/0.5.0-SNAPSHOT/hadoop-hdds-docs-0.5.0-SNAPSHOT.jar:/home/user/.m2/repository/io/dropwizard/metrics/metrics-core/3.2.4/metrics-core-3.2.4.jar:/home/user/.m2/repository/org/hamcrest/hamcrest-all/1.3/hamcrest-all-1.3.jar:/home/user/.m2/repository/org/bouncycastle/bcprov-jdk15on/1.60/bcprov-jdk15on-1.60.jar:/home/user/.m2/repository/info/picocli/picocli/3.9.6/picocli-3.9.6.jar:/home/user/.m2/repository/com/google/protobuf/protobuf-java/2.5.0/protobuf-java-2.5.0.jar:/home/user/.m2/repository/com/google/guava/guava/11.0.2/guava-11.0.2.jar:/home/user/.m2/repository/org/apache/hadoop/hadoop-ozone-ozone-manager/0.5.0-SNAPSHOT/hadoop-ozone-ozone-manager-0.5.0-SNAPSHOT.jar:/home/user/.m2/repository/org/apache/hadoop/hadoop-minikdc/3.2.0/hadoop-minikdc-3.2.0.jar:/home/user/.m2/repository/commons-io/commons-io/2.5/commons-io-2.5.jar:/home/user/.m2/repository/org/apache/kerby/kerb-simplekdc/1.0.1/kerb-simplekdc-1.0.1.jar:/home/user/.m2/repository/org/apache/kerby/kerb-client/1.0.1/kerb-client-1.0.1.jar:/home/user/.m2/repository/org/apache/kerby/kerby-config/1.0.1/kerby-config-1.0.1.jar:/home/user/.m2/repository/org/apache/kerby/kerb-core/1.0.1/kerb-core-1.0.1.jar:/home/user/.m2/repository/org/apache/kerby/kerby-pkix/1.0.1/kerby-pkix-1.0.1.jar:/home/user/.m2/repository/org/apache/kerby/kerby-asn1/1.0.1/kerby-asn1-1.0.1.jar:/home/user/.m2/repository/org/apache/kerby/kerby-util/1.0.1/kerby-util-1.0.1.jar:/home/user/.m2/repository/org/apache/kerby/kerb-common/1.0.1/kerb-common-1.0.1.jar:/home/user/.m2/repository/org/apache/kerby/kerb-crypto/1.0.1/kerb-crypto-1.0.1.jar:/home/user/.m2/repository/org/apache/kerby/kerb-util/1.0.1/kerb-util-1.0.1.jar:/home/user/.m2/repository/org/apache/kerby/token-provider/1.0.1/token-provider-1.0.1.jar:/home/user/.m2/repository/org/apache/kerby/kerb-admin/1.0.1/kerb-admin-1.0.1.jar:/home/user/.m2/repository/org/apache/kerby/kerb-server/1.0.1/kerb-server-1.0.1.jar:/home/user/.m2/repository/org/apache/kerby/kerb-identity/1.0.1/kerb-identity-1.0.1.jar:/home/user/.m2/repository/org/apache/kerby/kerby-xdr/1.0.1/kerby-xdr-1.0.1.jar:/home/user/.m2/repository/org/slf4j/slf4j-log4j12/1.7.25/slf4j-log4j12-1.7.25.jar:/home/user/.m2/repository/org/apache/hadoop/hadoop-ozone-s3gateway/0.5.0-SNAPSHOT/hadoop-ozone-s3gateway-0.5.0-SNAPSHOT.jar:/home/user/.m2/repository/org/jboss/weld/servlet/weld-servlet/2.4.7.Final/weld-servlet-2.4.7.Final.jar:/home/user/.m2/repository/org/glassfish/jersey/containers/jersey-container-servlet-core/2.27/jersey-container-servlet-core-2.27.jar:/home/user/.m2/repository/org/glassfish/hk2/external/javax.inject/2.5.0-b42/javax.inject-2.5.0-b42.jar:/home/user/.m2/repository/org/glassfish/jersey/core/jersey-common/2.27/jersey-common-2.27.jar:/home/user/.m2/repository/org/glassfish/hk2/osgi-resource-locator/1.0.1/osgi-resource-locator-1.0.1.jar:/home/user/.m2/repository/javax/ws/rs/javax.ws.rs-api/2.1/javax.ws.rs-api-2.1.jar:/home/user/.m2/repository/org/glassfish/jersey/ext/cdi/jersey-cdi1x/2.27/jersey-cdi1x-2.27.jar:/home/user/.m2/repository/org/glassfish/jersey/inject/jersey-hk2/2.27/jersey-hk2-2.27.jar:/home/user/.m2/repository/org/glassfish/hk2/hk2-locator/2.5.0-b42/hk2-locator-2.5.0-b42.jar:/home/user/.m2/repository/org/javassist/javassist/3.22.0-CR2/javassist-3.22.0-CR2.jar:/home/user/.m2/repository/org/glassfish/hk2/hk2-api/2.5.0/hk2-api-2.5.0.jar:/home/user/.m2/repository/org/glassfish/hk2/external/jakarta.inject/2.5.0/jakarta.inject-2.5.0.jar:/home/user/.m2/repository/org/glassfish/hk2/hk2-utils/2.5.0/hk2-utils-2.5.0.jar:/home/user/.m2/repository/jakarta/annotation/jakarta.annotation-api/1.3.4/jakarta.annotation-api-1.3.4.jar:/home/user/.m2/repository/org/glassfish/hk2/external/aopalliance-repackaged/2.5.0/aopalliance-repackaged-2.5.0.jar:/home/user/.m2/repository/com/fasterxml/jackson/dataformat/jackson-dataformat-xml/2.9.0/jackson-dataformat-xml-2.9.0.jar:/home/user/.m2/repository/com/fasterxml/jackson/core/jackson-core/2.9.9/jackson-core-2.9.9.jar:/home/user/.m2/repository/com/fasterxml/jackson/module/jackson-module-jaxb-annotations/2.9.9/jackson-module-jaxb-annotations-2.9.9.jar:/home/user/.m2/repository/javax/enterprise/cdi-api/1.2/cdi-api-1.2.jar:/home/user/.m2/repository/javax/el/javax.el-api/3.0.0/javax.el-api-3.0.0.jar:/home/user/.m2/repository/javax/interceptor/javax.interceptor-api/1.2/javax.interceptor-api-1.2.jar:/home/user/.m2/repository/javax/inject/javax.inject/1/javax.inject-1.jar:/home/user/.m2/repository/com/sun/xml/bind/jaxb-impl/2.3.0.1/jaxb-impl-2.3.0.1.jar:/home/user/.m2/repository/com/sun/xml/bind/jaxb-core/2.3.0.1/jaxb-core-2.3.0.1.jar:/home/user/.m2/repository/javax/xml/bind/jaxb-api/2.3.0/jaxb-api-2.3.0.jar:/home/user/.m2/repository/javax/activation/activation/1.1.1/activation-1.1.1.jar:/home/user/.m2/repository/org/apache/hadoop/hadoop-ozone-csi/0.5.0-SNAPSHOT/hadoop-ozone-csi-0.5.0-SNAPSHOT.jar:/home/user/.m2/repository/com/google/protobuf/protobuf-java-util/3.5.1/protobuf-java-util-3.5.1.jar:/home/user/.m2/repository/org/apache/hadoop/hadoop-hdds-config/0.5.0-SNAPSHOT/hadoop-hdds-config-0.5.0-SNAPSHOT.jar:/home/user/.m2/repository/io/grpc/grpc-netty/1.17.1/grpc-netty-1.17.1.jar:/home/user/.m2/repository/io/grpc/grpc-core/1.17.1/grpc-core-1.17.1.jar:/home/user/.m2/repository/io/grpc/grpc-context/1.17.1/grpc-context-1.17.1.jar:/home/user/.m2/repository/com/google/errorprone/error_prone_annotations/2.2.0/error_prone_annotations-2.2.0.jar:/home/user/.m2/repository/org/codehaus/mojo/animal-sniffer-annotations/1.17/animal-sniffer-annotations-1.17.jar:/home/user/.m2/repository/io/opencensus/opencensus-api/0.17.0/opencensus-api-0.17.0.jar:/home/user/.m2/repository/io/opencensus/opencensus-contrib-grpc-metrics/0.17.0/opencensus-contrib-grpc-metrics-0.17.0.jar:/home/user/.m2/repository/io/netty/netty-codec-http2/4.1.30.Final/netty-codec-http2-4.1.30.Final.jar:/home/user/.m2/repository/io/netty/netty-codec-http/4.1.30.Final/netty-codec-http-4.1.30.Final.jar:/home/user/.m2/repository/io/netty/netty-codec/4.1.30.Final/netty-codec-4.1.30.Final.jar:/home/user/.m2/repository/io/netty/netty-handler/4.1.30.Final/netty-handler-4.1.30.Final.jar:/home/user/.m2/repository/io/netty/netty-handler-proxy/4.1.30.Final/netty-handler-proxy-4.1.30.Final.jar:/home/user/.m2/repository/io/netty/netty-codec-socks/4.1.30.Final/netty-codec-socks-4.1.30.Final.jar:/home/user/.m2/repository/io/netty/netty-transport-native-epoll/4.1.30.Final/netty-transport-native-epoll-4.1.30.Final.jar:/home/user/.m2/repository/io/netty/netty-common/4.1.30.Final/netty-common-4.1.30.Final.jar:/home/user/.m2/repository/io/netty/netty-buffer/4.1.30.Final/netty-buffer-4.1.30.Final.jar:/home/user/.m2/repository/io/netty/netty-transport/4.1.30.Final/netty-transport-4.1.30.Final.jar:/home/user/.m2/repository/io/netty/netty-resolver/4.1.30.Final/netty-resolver-4.1.30.Final.jar:/home/user/.m2/repository/io/netty/netty-transport-native-unix-common/4.1.30.Final/netty-transport-native-unix-common-4.1.30.Final.jar:/home/user/.m2/repository/io/grpc/grpc-protobuf/1.17.1/grpc-protobuf-1.17.1.jar:/home/user/.m2/repository/com/google/api/grpc/proto-google-common-protos/1.0.0/proto-google-common-protos-1.0.0.jar:/home/user/.m2/repository/io/grpc/grpc-protobuf-lite/1.17.1/grpc-protobuf-lite-1.17.1.jar:/home/user/.m2/repository/io/grpc/grpc-stub/1.17.1/grpc-stub-1.17.1.jar:/home/user/.m2/repository/org/apache/hadoop/hadoop-ozone-recon/0.5.0-SNAPSHOT/hadoop-ozone-recon-0.5.0-SNAPSHOT.jar:/home/user/.m2/repository/org/apache/hadoop/hadoop-ozone-reconcodegen/0.5.0-SNAPSHOT/hadoop-ozone-reconcodegen-0.5.0-SNAPSHOT.jar:/home/user/.m2/repository/com/google/inject/extensions/guice-multibindings/4.0/guice-multibindings-4.0.jar:/home/user/.m2/repository/com/google/inject/guice/4.0/guice-4.0.jar:/home/user/.m2/repository/aopalliance/aopalliance/1.0/aopalliance-1.0.jar:/home/user/.m2/repository/com/google/inject/extensions/guice-servlet/4.0/guice-servlet-4.0.jar:/home/user/.m2/repository/org/glassfish/jersey/containers/jersey-container-servlet/2.27/jersey-container-servlet-2.27.jar:/home/user/.m2/repository/org/glassfish/hk2/guice-bridge/2.5.0/guice-bridge-2.5.0.jar:/home/user/.m2/repository/org/glassfish/jersey/core/jersey-server/2.27/jersey-server-2.27.jar:/home/user/.m2/repository/org/glassfish/jersey/core/jersey-client/2.27/jersey-client-2.27.jar:/home/user/.m2/repository/org/glassfish/jersey/media/jersey-media-jaxb/2.27/jersey-media-jaxb-2.27.jar:/home/user/.m2/repository/javax/validation/validation-api/1.1.0.Final/validation-api-1.1.0.Final.jar:/home/user/.m2/repository/org/glassfish/jersey/media/jersey-media-json-jackson/2.27/jersey-media-json-jackson-2.27.jar:/home/user/.m2/repository/org/glassfish/jersey/ext/jersey-entity-filtering/2.27/jersey-entity-filtering-2.27.jar:/home/user/.m2/repository/com/google/inject/extensions/guice-assistedinject/4.0/guice-assistedinject-4.0.jar:/home/user/.m2/repository/org/jooq/jooq/3.11.10/jooq-3.11.10.jar:/home/user/.m2/repository/org/jooq/jooq-meta/3.11.10/jooq-meta-3.11.10.jar:/home/user/.m2/repository/org/jooq/jooq-codegen/3.11.10/jooq-codegen-3.11.10.jar:/home/user/.m2/repository/com/jolbox/bonecp/0.8.0.RELEASE/bonecp-0.8.0.RELEASE.jar:/home/user/.m2/repository/org/xerial/sqlite-jdbc/3.25.2/sqlite-jdbc-3.25.2.jar:/home/user/.m2/repository/org/springframework/spring-jdbc/5.1.3.RELEASE/spring-jdbc-5.1.3.RELEASE.jar:/home/user/.m2/repository/org/springframework/spring-beans/5.1.3.RELEASE/spring-beans-5.1.3.RELEASE.jar:/home/user/.m2/repository/org/springframework/spring-core/5.1.3.RELEASE/spring-core-5.1.3.RELEASE.jar:/home/user/.m2/repository/org/springframework/spring-jcl/5.1.3.RELEASE/spring-jcl-5.1.3.RELEASE.jar:/home/user/.m2/repository/org/springframework/spring-tx/5.1.3.RELEASE/spring-tx-5.1.3.RELEASE.jar:/home/user/.m2/repository/org/apache/hadoop/hadoop-ozone-client/0.5.0-SNAPSHOT/hadoop-ozone-client-0.5.0-SNAPSHOT.jar:/home/user/.m2/repository/commons-lang/commons-lang/2.6/commons-lang-2.6.jar:/home/user/.m2/repository/org/apache/hadoop/hadoop-ozone-ozone-manager/0.5.0-SNAPSHOT/hadoop-ozone-ozone-manager-0.5.0-SNAPSHOT-tests.jar:/home/user/.m2/repository/junit/junit/4.11/junit-4.11.jar:/home/user/.m2/repository/org/hamcrest/hamcrest-core/1.3/hamcrest-core-1.3.jar:/home/user/.m2/repository/org/openjdk/jmh/jmh-core/1.19/jmh-core-1.19.jar:/home/user/.m2/repository/net/sf/jopt-simple/jopt-simple/4.6/jopt-simple-4.6.jar:/home/user/.m2/repository/org/apache/commons/commons-math3/3.1.1/commons-math3-3.1.1.jar:/home/user/.m2/repository/org/openjdk/jmh/jmh-generator-annprocess/1.19/jmh-generator-annprocess-1.19.jar:/home/user/.m2/repository/org/mockito/mockito-all/1.8.5/mockito-all-1.8.5.jar:/home/user/.m2/repository/org/apache/hadoop/hadoop-kms/3.2.0/hadoop-kms-3.2.0.jar:/home/user/.m2/repository/org/apache/hadoop/hadoop-auth/3.2.0/hadoop-auth-3.2.0.jar:/home/user/.m2/repository/com/nimbusds/nimbus-jose-jwt/4.41.1/nimbus-jose-jwt-4.41.1.jar:/home/user/.m2/repository/com/github/stephenc/jcip/jcip-annotations/1.0-1/jcip-annotations-1.0-1.jar:/home/user/.m2/repository/net/minidev/json-smart/2.3/json-smart-2.3.jar:/home/user/.m2/repository/net/minidev/accessors-smart/1.2/accessors-smart-1.2.jar:/home/user/.m2/repository/org/ow2/asm/asm/5.0.4/asm-5.0.4.jar:/home/user/.m2/repository/org/apache/curator/curator-framework/2.12.0/curator-framework-2.12.0.jar:/home/user/.m2/repository/com/sun/jersey/jersey-core/1.19/jersey-core-1.19.jar:/home/user/.m2/repository/javax/ws/rs/jsr311-api/1.1.1/jsr311-api-1.1.1.jar:/home/user/.m2/repository/com/sun/jersey/jersey-server/1.19/jersey-server-1.19.jar:/home/user/.m2/repository/javax/servlet/javax.servlet-api/3.1.0/javax.servlet-api-3.1.0.jar:/home/user/.m2/repository/org/eclipse/jetty/jetty-server/9.3.25.v20180904/jetty-server-9.3.25.v20180904.jar:/home/user/.m2/repository/org/eclipse/jetty/jetty-http/9.3.25.v20180904/jetty-http-9.3.25.v20180904.jar:/home/user/.m2/repository/org/eclipse/jetty/jetty-io/9.3.25.v20180904/jetty-io-9.3.25.v20180904.jar:/home/user/.m2/repository/org/eclipse/jetty/jetty-webapp/9.3.25.v20180904/jetty-webapp-9.3.25.v20180904.jar:/home/user/.m2/repository/org/eclipse/jetty/jetty-xml/9.3.25.v20180904/jetty-xml-9.3.25.v20180904.jar:/home/user/.m2/repository/log4j/log4j/1.2.17/log4j-1.2.17.jar:/home/user/.m2/repository/org/slf4j/slf4j-api/1.7.25/slf4j-api-1.7.25.jar:/home/user/.m2/repository/org/slf4j/jul-to-slf4j/1.7.25/jul-to-slf4j-1.7.25.jar:/home/user/.m2/repository/org/eclipse/jetty/jetty-util/9.3.25.v20180904/jetty-util-9.3.25.v20180904.jar:/home/user/.m2/repository/com/fasterxml/jackson/core/jackson-databind/2.9.9/jackson-databind-2.9.9.jar:/home/user/.m2/repository/org/apache/hadoop/hadoop-kms/3.2.0/hadoop-kms-3.2.0-tests.jar:/home/user/.m2/repository/org/apache/hadoop/hadoop-hdds-server-scm/0.5.0-SNAPSHOT/hadoop-hdds-server-scm-0.5.0-SNAPSHOT-tests.jar:/home/user/.m2/repository/org/apache/hadoop/hadoop-hdds-container-service/0.5.0-SNAPSHOT/hadoop-hdds-container-service-0.5.0-SNAPSHOT-tests.jar:/home/user/.m2/repository/org/yaml/snakeyaml/1.16/snakeyaml-1.16.jar:/home/user/.m2/repository/org/apache/hadoop/hadoop-common/3.2.0/hadoop-common-3.2.0-tests.jar:/home/user/.m2/repository/org/apache/hadoop/hadoop-annotations/3.2.0/hadoop-annotations-3.2.0.jar:/usr/lib/jvm/java-1.8-openjdk/jre/../lib/tools.jar:/home/user/.m2/repository/commons-cli/commons-cli/1.2/commons-cli-1.2.jar:/home/user/.m2/repository/org/apache/httpcomponents/httpclient/4.5.2/httpclient-4.5.2.jar:/home/user/.m2/repository/org/apache/httpcomponents/httpcore/4.4.4/httpcore-4.4.4.jar:/home/user/.m2/repository/commons-codec/commons-codec/1.11/commons-codec-1.11.jar:/home/user/.m2/repository/commons-net/commons-net/3.6/commons-net-3.6.jar:/home/user/.m2/repository/commons-collections/commons-collections/3.2.2/commons-collections-3.2.2.jar:/home/user/.m2/repository/org/eclipse/jetty/jetty-servlet/9.3.25.v20180904/jetty-servlet-9.3.25.v20180904.jar:/home/user/.m2/repository/org/eclipse/jetty/jetty-security/9.3.25.v20180904/jetty-security-9.3.25.v20180904.jar:/home/user/.m2/repository/javax/servlet/jsp/jsp-api/2.1/jsp-api-2.1.jar:/home/user/.m2/repository/com/sun/jersey/jersey-servlet/1.19/jersey-servlet-1.19.jar:/home/user/.m2/repository/com/sun/jersey/jersey-json/1.19/jersey-json-1.19.jar:/home/user/.m2/repository/org/codehaus/jettison/jettison/1.1/jettison-1.1.jar:/home/user/.m2/repository/org/codehaus/jackson/jackson-core-asl/1.9.13/jackson-core-asl-1.9.13.jar:/home/user/.m2/repository/org/codehaus/jackson/jackson-mapper-asl/1.9.13/jackson-mapper-asl-1.9.13.jar:/home/user/.m2/repository/org/codehaus/jackson/jackson-jaxrs/1.9.13/jackson-jaxrs-1.9.13.jar:/home/user/.m2/repository/org/codehaus/jackson/jackson-xc/1.9.13/jackson-xc-1.9.13.jar:/home/user/.m2/repository/commons-logging/commons-logging/1.1.3/commons-logging-1.1.3.jar:/home/user/.m2/repository/commons-beanutils/commons-beanutils/1.9.4/commons-beanutils-1.9.4.jar:/home/user/.m2/repository/org/apache/commons/commons-configuration2/2.1.1/commons-configuration2-2.1.1.jar:/home/user/.m2/repository/org/apache/commons/commons-lang3/3.7/commons-lang3-3.7.jar:/home/user/.m2/repository/org/apache/commons/commons-text/1.4/commons-text-1.4.jar:/home/user/.m2/repository/org/apache/avro/avro/1.7.7/avro-1.7.7.jar:/home/user/.m2/repository/com/thoughtworks/paranamer/paranamer/2.3/paranamer-2.3.jar:/home/user/.m2/repository/org/xerial/snappy/snappy-java/1.0.5/snappy-java-1.0.5.jar:/home/user/.m2/repository/com/google/re2j/re2j/1.1/re2j-1.1.jar:/home/user/.m2/repository/com/google/code/gson/gson/2.2.4/gson-2.2.4.jar:/home/user/.m2/repository/com/jcraft/jsch/0.1.54/jsch-0.1.54.jar:/home/user/.m2/repository/org/apache/curator/curator-client/2.12.0/curator-client-2.12.0.jar:/home/user/.m2/repository/org/apache/curator/curator-recipes/2.12.0/curator-recipes-2.12.0.jar:/home/user/.m2/repository/com/google/code/findbugs/jsr305/3.0.0/jsr305-3.0.0.jar:/home/user/.m2/repository/org/apache/htrace/htrace-core4/4.1.0-incubating/htrace-core4-4.1.0-incubating.jar:/home/user/.m2/repository/org/apache/zookeeper/zookeeper/3.4.13/zookeeper-3.4.13.jar:/home/user/.m2/repository/jline/jline/0.9.94/jline-0.9.94.jar:/home/user/.m2/repository/org/apache/yetus/audience-annotations/0.5.0/audience-annotations-0.5.0.jar:/home/user/.m2/repository/org/codehaus/woodstox/stax2-api/3.1.4/stax2-api-3.1.4.jar:/home/user/.m2/repository/com/fasterxml/woodstox/woodstox-core/5.0.3/woodstox-core-5.0.3.jar:/home/user/.m2/repository/dnsjava/dnsjava/2.1.7/dnsjava-2.1.7.jar:/home/user/.m2/repository/org/apache/hadoop/hadoop-hdfs/3.2.0/hadoop-hdfs-3.2.0-tests.jar:/home/user/.m2/repository/org/eclipse/jetty/jetty-util-ajax/9.3.25.v20180904/jetty-util-ajax-9.3.25.v20180904.jar:/home/user/.m2/repository/commons-daemon/commons-daemon/1.0.13/commons-daemon-1.0.13.jar:/home/user/.m2/repository/io/netty/netty/3.10.5.Final/netty-3.10.5.Final.jar:/home/user/.m2/repository/io/netty/netty-all/4.0.52.Final/netty-all-4.0.52.Final.jar:/home/user/.m2/repository/org/fusesource/leveldbjni/leveldbjni-all/1.8/leveldbjni-all-1.8.jar:"/>
    <property name="sun.cpu.endian" value="little"/>
    <property name="user.home" value="/home/user"/>
    <property name="user.language" value="en"/>
    <property name="java.specification.vendor" value="Oracle Corporation"/>
    <property name="java.home" value="/usr/lib/jvm/java-1.8-openjdk/jre"/>
    <property name="java.security.krb5.conf" value="/workdir/hadoop-ozone/integration-test/target/test-classes/krb5.conf"/>
    <property name="basedir" value="/workdir/hadoop-ozone/integration-test"/>
    <property name="file.separator" value="/"/>
    <property name="line.separator" value="&#10;"/>
    <property name="java.vm.specification.vendor" value="Oracle Corporation"/>
    <property name="java.specification.name" value="Java Platform API Specification"/>
    <property name="java.awt.graphicsenv" value="sun.awt.X11GraphicsEnvironment"/>
    <property name="surefire.real.class.path" value="/workdir/hadoop-ozone/integration-test/target/surefire/surefirebooter1401544924537881463.jar"/>
    <property name="hadoop.log.dir" value="/workdir/hadoop-ozone/integration-test/target/log"/>
    <property name="sun.boot.class.path" value="/usr/lib/jvm/java-1.8-openjdk/jre/lib/resources.jar:/usr/lib/jvm/java-1.8-openjdk/jre/lib/rt.jar:/usr/lib/jvm/java-1.8-openjdk/jre/lib/sunrsasign.jar:/usr/lib/jvm/java-1.8-openjdk/jre/lib/jsse.jar:/usr/lib/jvm/java-1.8-openjdk/jre/lib/jce.jar:/usr/lib/jvm/java-1.8-openjdk/jre/lib/charsets.jar:/usr/lib/jvm/java-1.8-openjdk/jre/lib/jfr.jar:/usr/lib/jvm/java-1.8-openjdk/jre/classes"/>
    <property name="sun.management.compiler" value="HotSpot 64-Bit Tiered Compilers"/>
    <property name="java.runtime.version" value="1.8.0_212-b04"/>
    <property name="java.net.preferIPv4Stack" value="true"/>
    <property name="user.name" value="jenkins1000"/>
    <property name="path.separator" value=":"/>
    <property name="java.security.egd" value="file:///dev/urandom"/>
    <property name="os.version" value="3.10.0-957.12.2.el7.x86_64"/>
    <property name="java.endorsed.dirs" value="/usr/lib/jvm/java-1.8-openjdk/jre/lib/endorsed"/>
    <property name="java.runtime.name" value="OpenJDK Runtime Environment"/>
    <property name="file.encoding" value="UTF-8"/>
    <property name="java.vm.name" value="OpenJDK 64-Bit Server VM"/>
    <property name="test.build.webapps" value=""/>
    <property name="localRepository" value="/home/user/.m2/repository"/>
    <property name="java.vendor.url.bug" value="https://icedtea.classpath.org/bugzilla"/>
    <property name="java.io.tmpdir" value="/tmp"/>
    <property name="require.test.libhadoop" value=""/>
    <property name="java.version" value="1.8.0_212"/>
    <property name="user.dir" value="/workdir/hadoop-ozone/integration-test"/>
    <property name="os.arch" value="amd64"/>
    <property name="java.vm.specification.name" value="Java Virtual Machine Specification"/>
    <property name="test.build.classes" value="/workdir/hadoop-ozone/integration-test/target/test-classes"/>
    <property name="java.awt.printerjob" value="sun.print.PSPrinterJob"/>
    <property name="sun.os.patch.level" value="unknown"/>
    <property name="hadoop.tmp.dir" value="/workdir/hadoop-ozone/integration-test/target/tmp"/>
    <property name="java.library.path" value="/usr/lib/jvm/java-1.8-openjdk/jre/lib/amd64/server:/usr/lib/jvm/java-1.8-openjdk/jre/lib/amd64:/usr/lib/jvm/java-1.8-openjdk/jre/../lib/amd64:/workdir/hadoop-ozone/integration-test/target/native/target/usr/local/lib:/workdir/hadoop-ozone/integration-test/../../hadoop-common-project/hadoop-common/target/native/target/usr/local/lib:/usr/java/packages/lib/amd64:/usr/lib64:/lib64:/lib:/usr/lib"/>
    <property name="java.vm.info" value="mixed mode"/>
    <property name="java.vendor" value="IcedTea"/>
    <property name="java.vm.version" value="25.212-b04"/>
    <property name="java.ext.dirs" value="/usr/lib/jvm/java-1.8-openjdk/jre/lib/ext:/usr/java/packages/lib/ext"/>
    <property name="sun.io.unicode.encoding" value="UnicodeLittle"/>
    <property name="java.class.version" value="52.0"/>
  </properties>
  <testcase name="test2DatanodesFailure" classname="org.apache.hadoop.ozone.client.rpc.TestBlockOutputStreamWithFailures" time="105.072"/>
  <testcase name="testDatanodeFailureWithPreAllocation" classname="org.apache.hadoop.ozone.client.rpc.TestBlockOutputStreamWithFailures" time="223.4"/>
  <testcase name="testDatanodeFailureWithSingleNodeRatis" classname="org.apache.hadoop.ozone.client.rpc.TestBlockOutputStreamWithFailures" time="222.329"/>
  <testcase name="testWatchForCommitWithSingleNodeRatis" classname="org.apache.hadoop.ozone.client.rpc.TestBlockOutputStreamWithFailures" time="33.073"/>
  <testcase name="testWatchForCommitDatanodeFailure" classname="org.apache.hadoop.ozone.client.rpc.TestBlockOutputStreamWithFailures" time="42.298">
    <failure message="expected:&lt;2&gt; but was:&lt;3&gt;" type="java.lang.AssertionError"><![CDATA[java.lang.AssertionError: expected:<2> but was:<3>
	at org.junit.Assert.fail(Assert.java:88)
	at org.junit.Assert.failNotEquals(Assert.java:743)
	at org.junit.Assert.assertEquals(Assert.java:118)
	at org.junit.Assert.assertEquals(Assert.java:555)
	at org.junit.Assert.assertEquals(Assert.java:542)
	at org.apache.hadoop.ozone.client.rpc.TestBlockOutputStreamWithFailures.testWatchForCommitDatanodeFailure(TestBlockOutputStreamWithFailures.java:366)
	at sun.reflect.NativeMethodAccessorImpl.invoke0(Native Method)
	at sun.reflect.NativeMethodAccessorImpl.invoke(NativeMethodAccessorImpl.java:62)
	at sun.reflect.DelegatingMethodAccessorImpl.invoke(DelegatingMethodAccessorImpl.java:43)
	at java.lang.reflect.Method.invoke(Method.java:498)
	at org.junit.runners.model.FrameworkMethod$1.runReflectiveCall(FrameworkMethod.java:47)
	at org.junit.internal.runners.model.ReflectiveCallable.run(ReflectiveCallable.java:12)
	at org.junit.runners.model.FrameworkMethod.invokeExplosively(FrameworkMethod.java:44)
	at org.junit.internal.runners.statements.InvokeMethod.evaluate(InvokeMethod.java:17)
	at org.junit.internal.runners.statements.RunBefores.evaluate(RunBefores.java:26)
	at org.junit.internal.runners.statements.RunAfters.evaluate(RunAfters.java:27)
	at org.junit.runners.ParentRunner.runLeaf(ParentRunner.java:271)
	at org.junit.runners.BlockJUnit4ClassRunner.runChild(BlockJUnit4ClassRunner.java:70)
	at org.junit.runners.BlockJUnit4ClassRunner.runChild(BlockJUnit4ClassRunner.java:50)
	at org.junit.runners.ParentRunner$3.run(ParentRunner.java:238)
	at org.junit.runners.ParentRunner$1.schedule(ParentRunner.java:63)
	at org.junit.runners.ParentRunner.runChildren(ParentRunner.java:236)
	at org.junit.runners.ParentRunner.access$000(ParentRunner.java:53)
	at org.junit.runners.ParentRunner$2.evaluate(ParentRunner.java:229)
	at org.junit.runners.ParentRunner.run(ParentRunner.java:309)
	at org.apache.maven.surefire.junit4.JUnit4Provider.execute(JUnit4Provider.java:365)
	at org.apache.maven.surefire.junit4.JUnit4Provider.executeWithRerun(JUnit4Provider.java:273)
	at org.apache.maven.surefire.junit4.JUnit4Provider.executeTestSet(JUnit4Provider.java:238)
	at org.apache.maven.surefire.junit4.JUnit4Provider.invoke(JUnit4Provider.java:159)
	at org.apache.maven.surefire.booter.ForkedBooter.invokeProviderInSameClassLoader(ForkedBooter.java:384)
	at org.apache.maven.surefire.booter.ForkedBooter.runSuitesInProcess(ForkedBooter.java:345)
	at org.apache.maven.surefire.booter.ForkedBooter.execute(ForkedBooter.java:126)
	at org.apache.maven.surefire.booter.ForkedBooter.main(ForkedBooter.java:418)
]]></failure>
    <system-out><![CDATA[2019-10-09 08:01:12,128 [main] WARN  server.ServerUtils (ServerUtils.java:getScmDbDir(145)) - ozone.scm.db.dirs is not configured. We recommend adding this setting. Falling back to ozone.metadata.dirs instead.
2019-10-09 08:01:12,143 [main] WARN  server.ServerUtils (ServerUtils.java:getScmDbDir(145)) - ozone.scm.db.dirs is not configured. We recommend adding this setting. Falling back to ozone.metadata.dirs instead.
2019-10-09 08:01:12,143 [main] WARN  server.ServerUtils (ServerUtils.java:getScmDbDir(145)) - ozone.scm.db.dirs is not configured. We recommend adding this setting. Falling back to ozone.metadata.dirs instead.
2019-10-09 08:01:12,144 [main] INFO  db.DBStoreBuilder (DBStoreBuilder.java:addTable(117)) - using custom profile for table: deletedBlocks
2019-10-09 08:01:12,144 [main] INFO  db.DBStoreBuilder (DBStoreBuilder.java:processTables(168)) - Using default column profile:DBProfile.DISK for Table:deletedBlocks
2019-10-09 08:01:12,144 [main] INFO  db.DBStoreBuilder (DBStoreBuilder.java:addTable(117)) - using custom profile for table: validCerts
2019-10-09 08:01:12,145 [main] INFO  db.DBStoreBuilder (DBStoreBuilder.java:processTables(168)) - Using default column profile:DBProfile.DISK for Table:validCerts
2019-10-09 08:01:12,145 [main] INFO  db.DBStoreBuilder (DBStoreBuilder.java:addTable(117)) - using custom profile for table: revokedCerts
2019-10-09 08:01:12,145 [main] INFO  db.DBStoreBuilder (DBStoreBuilder.java:processTables(168)) - Using default column profile:DBProfile.DISK for Table:revokedCerts
2019-10-09 08:01:12,145 [main] INFO  db.DBStoreBuilder (DBStoreBuilder.java:addTable(117)) - using custom profile for table: default
2019-10-09 08:01:12,145 [main] INFO  db.DBStoreBuilder (DBStoreBuilder.java:processTables(174)) - Using default column profile:DBProfile.DISK for Table:default
2019-10-09 08:01:12,145 [main] INFO  db.DBStoreBuilder (DBStoreBuilder.java:getDbProfile(205)) - Using default options. DBProfile.DISK
2019-10-09 08:01:12,258 [main] INFO  net.NodeSchemaLoader (NodeSchemaLoader.java:loadSchemaFromFile(125)) - Loading file from sun.misc.CompoundEnumeration@252ec02e
2019-10-09 08:01:12,258 [main] INFO  net.NodeSchemaLoader (NodeSchemaLoader.java:loadSchema(171)) - Loading network topology layer schema file
2019-10-09 08:01:12,263 [main] INFO  node.SCMNodeManager (SCMNodeManager.java:<init>(116)) - Entering startup safe mode.
2019-10-09 08:01:12,263 [main] INFO  algorithms.ContainerPlacementPolicyFactory (ContainerPlacementPolicyFactory.java:getPolicy(57)) - Create container placement policy of type org.apache.hadoop.hdds.scm.container.placement.algorithms.SCMContainerPlacementRandom
2019-10-09 08:01:12,263 [main] WARN  server.ServerUtils (ServerUtils.java:getScmDbDir(145)) - ozone.scm.db.dirs is not configured. We recommend adding this setting. Falling back to ozone.metadata.dirs instead.
2019-10-09 08:01:12,287 [main] INFO  pipeline.SCMPipelineManager (SCMPipelineManager.java:initializePipelineState(132)) - No pipeline exists in current db
2019-10-09 08:01:12,287 [main] WARN  server.ServerUtils (ServerUtils.java:getScmDbDir(145)) - ozone.scm.db.dirs is not configured. We recommend adding this setting. Falling back to ozone.metadata.dirs instead.
2019-10-09 08:01:12,312 [main] WARN  events.EventQueue (EventQueue.java:fireEvent(183)) - No event handler registered for event TypedEvent{payloadType=SafeModeStatus, name='SafeModeStatus'}
2019-10-09 08:01:12,313 [main] INFO  ipc.CallQueueManager (CallQueueManager.java:<init>(84)) - Using callQueue: class java.util.concurrent.LinkedBlockingQueue, queueCapacity: 2000, scheduler: class org.apache.hadoop.ipc.DefaultRpcScheduler, ipcBackoff: false.
2019-10-09 08:01:12,314 [Socket Reader #1 for port 43644] INFO  ipc.Server (Server.java:run(1074)) - Starting Socket Reader #1 for port 43644
2019-10-09 08:01:12,316 [main] INFO  ipc.CallQueueManager (CallQueueManager.java:<init>(84)) - Using callQueue: class java.util.concurrent.LinkedBlockingQueue, queueCapacity: 2000, scheduler: class org.apache.hadoop.ipc.DefaultRpcScheduler, ipcBackoff: false.
2019-10-09 08:01:12,317 [Socket Reader #1 for port 46070] INFO  ipc.Server (Server.java:run(1074)) - Starting Socket Reader #1 for port 46070
2019-10-09 08:01:12,319 [main] INFO  ipc.CallQueueManager (CallQueueManager.java:<init>(84)) - Using callQueue: class java.util.concurrent.LinkedBlockingQueue, queueCapacity: 2000, scheduler: class org.apache.hadoop.ipc.DefaultRpcScheduler, ipcBackoff: false.
2019-10-09 08:01:12,319 [Socket Reader #1 for port 33809] INFO  ipc.Server (Server.java:run(1074)) - Starting Socket Reader #1 for port 33809
2019-10-09 08:01:12,322 [main] INFO  hdfs.DFSUtil (DFSUtil.java:httpServerTemplateForNNAndJN(1641)) - Starting Web-server for scm at: http://0.0.0.0:0
2019-10-09 08:01:12,324 [main] INFO  server.AuthenticationFilter (AuthenticationFilter.java:constructSecretProvider(240)) - Unable to initialize FileSignerSecretProvider, falling back to use random secrets.
2019-10-09 08:01:12,325 [main] WARN  http.HttpRequestLog (HttpRequestLog.java:getRequestLog(97)) - Jetty request log can only be enabled using Log4j
2019-10-09 08:01:12,327 [main] INFO  http.HttpServer2 (HttpServer2.java:addGlobalFilter(975)) - Added global filter 'safety' (class=org.apache.hadoop.http.HttpServer2$QuotingInputFilter)
2019-10-09 08:01:12,328 [main] INFO  http.HttpServer2 (HttpServer2.java:addFilter(948)) - Added filter static_user_filter (class=org.apache.hadoop.http.lib.StaticUserWebFilter$StaticUserFilter) to context scm
2019-10-09 08:01:12,328 [main] INFO  http.HttpServer2 (HttpServer2.java:addFilter(958)) - Added filter static_user_filter (class=org.apache.hadoop.http.lib.StaticUserWebFilter$StaticUserFilter) to context logs
2019-10-09 08:01:12,328 [main] INFO  http.HttpServer2 (HttpServer2.java:addFilter(958)) - Added filter static_user_filter (class=org.apache.hadoop.http.lib.StaticUserWebFilter$StaticUserFilter) to context static
2019-10-09 08:01:12,330 [main] INFO  server.StorageContainerManager (StorageContainerManager.java:start(772)) - StorageContainerLocationProtocol RPC server is listening at /0.0.0.0:33809
2019-10-09 08:01:12,332 [main] WARN  impl.MetricsConfig (MetricsConfig.java:loadFirst(134)) - Cannot locate configuration: tried hadoop-metrics2-storagecontainermanager.properties,hadoop-metrics2.properties
2019-10-09 08:01:12,333 [main] INFO  impl.MetricsSystemImpl (MetricsSystemImpl.java:startTimer(374)) - Scheduled Metric snapshot period at 10 second(s).
2019-10-09 08:01:12,333 [main] INFO  impl.MetricsSystemImpl (MetricsSystemImpl.java:start(191)) - StorageContainerManager metrics system started
2019-10-09 08:01:12,448 [main] WARN  impl.MetricsSystemImpl (MetricsSystemImpl.java:register(276)) - Sink prometheus already exists!
2019-10-09 08:01:12,526 [main] INFO  server.SCMClientProtocolServer (SCMClientProtocolServer.java:start(159)) - RPC server for Client  is listening at /0.0.0.0:33809
2019-10-09 08:01:12,527 [IPC Server Responder] INFO  ipc.Server (Server.java:run(1314)) - IPC Server Responder: starting
2019-10-09 08:01:12,528 [IPC Server listener on 33809] INFO  ipc.Server (Server.java:run(1153)) - IPC Server listener on 33809: starting
2019-10-09 08:01:12,532 [main] INFO  server.StorageContainerManager (StorageContainerManager.java:start(782)) - ScmBlockLocationProtocol RPC server is listening at /0.0.0.0:46070
2019-10-09 08:01:12,533 [main] INFO  server.SCMBlockProtocolServer (SCMBlockProtocolServer.java:start(146)) - RPC server for Block Protocol is listening at /0.0.0.0:46070
2019-10-09 08:01:12,533 [IPC Server Responder] INFO  ipc.Server (Server.java:run(1314)) - IPC Server Responder: starting
2019-10-09 08:01:12,534 [IPC Server listener on 46070] INFO  ipc.Server (Server.java:run(1153)) - IPC Server listener on 46070: starting
2019-10-09 08:01:12,537 [main] INFO  server.StorageContainerManager (StorageContainerManager.java:start(786)) - ScmDatanodeProtocl RPC server is listening at /0.0.0.0:43644
2019-10-09 08:01:12,537 [main] INFO  server.SCMDatanodeProtocolServer (SCMDatanodeProtocolServer.java:start(169)) - RPC server for DataNodes is listening at /0.0.0.0:43644
2019-10-09 08:01:12,537 [IPC Server Responder] INFO  ipc.Server (Server.java:run(1314)) - IPC Server Responder: starting
2019-10-09 08:01:12,538 [IPC Server listener on 43644] INFO  ipc.Server (Server.java:run(1153)) - IPC Server listener on 43644: starting
2019-10-09 08:01:12,541 [main] INFO  http.HttpServer2 (HttpServer2.java:bindListener(1191)) - Jetty bound to port 39737
2019-10-09 08:01:12,541 [main] INFO  server.Server (Server.java:doStart(351)) - jetty-9.3.25.v20180904, build timestamp: 2018-09-04T21:11:46Z, git hash: 3ce520221d0240229c862b122d2b06c12a625732
2019-10-09 08:01:12,543 [main] INFO  handler.ContextHandler (ContextHandler.java:doStart(781)) - Started o.e.j.s.ServletContextHandler@49a38b1{/logs,file:///workdir/hadoop-ozone/integration-test/target/log,AVAILABLE}
2019-10-09 08:01:12,544 [main] INFO  handler.ContextHandler (ContextHandler.java:doStart(781)) - Started o.e.j.s.ServletContextHandler@53d6e959{/static,file:///workdir/hadoop-ozone/integration-test/target/test-classes/webapps/static,AVAILABLE}
2019-10-09 08:01:12,548 [main] INFO  handler.ContextHandler (ContextHandler.java:doStart(781)) - Started o.e.j.w.WebAppContext@6750e381{/,file:///workdir/hadoop-ozone/integration-test/target/test-classes/webapps/scm/,AVAILABLE}{/scm}
2019-10-09 08:01:12,549 [main] INFO  server.AbstractConnector (AbstractConnector.java:doStart(278)) - Started ServerConnector@5d850a25{HTTP/1.1,[http/1.1]}{0.0.0.0:39737}
2019-10-09 08:01:12,550 [main] INFO  server.Server (Server.java:doStart(419)) - Started @584797ms
2019-10-09 08:01:12,550 [main] WARN  impl.MetricsSystemImpl (MetricsSystemImpl.java:register(276)) - Sink prometheus already exists!
2019-10-09 08:01:12,551 [main] INFO  server.BaseHttpServer (BaseHttpServer.java:updateConnectorAddress(215)) - HTTP server of SCM is listening at http://0.0.0.0:39737
2019-10-09 08:01:12,553 [org.apache.hadoop.util.JvmPauseMonitor$Monitor@3e14d390] INFO  util.JvmPauseMonitor (JvmPauseMonitor.java:run(188)) - Starting JVM pause monitor
2019-10-09 08:01:12,553 [main] WARN  server.ServerUtils (ServerUtils.java:getDBPath(222)) - ozone.om.db.dirs is not configured. We recommend adding this setting. Falling back to ozone.metadata.dirs instead.
2019-10-09 08:01:12,566 [main] INFO  ha.OMHANodeDetails (OMHANodeDetails.java:loadOMHAConfig(190)) - Configuration either no ozone.om.address set. Falling back to the default OM address /127.0.0.1:0
2019-10-09 08:01:12,567 [main] INFO  ha.OMHANodeDetails (OMHANodeDetails.java:getOMNodeDetails(220)) - OM Service ID is not set. Setting it to the default ID: omServiceIdDefault
2019-10-09 08:01:12,567 [main] WARN  server.ServerUtils (ServerUtils.java:getDBPath(222)) - ozone.om.db.dirs is not configured. We recommend adding this setting. Falling back to ozone.metadata.dirs instead.
2019-10-09 08:01:12,568 [main] WARN  server.ServerUtils (ServerUtils.java:getDBPath(222)) - ozone.om.db.dirs is not configured. We recommend adding this setting. Falling back to ozone.metadata.dirs instead.
2019-10-09 08:01:12,575 [main] WARN  server.ServerUtils (ServerUtils.java:getDBPath(222)) - ozone.om.db.dirs is not configured. We recommend adding this setting. Falling back to ozone.metadata.dirs instead.
2019-10-09 08:01:12,576 [main] INFO  db.DBStoreBuilder (DBStoreBuilder.java:addTable(117)) - using custom profile for table: userTable
2019-10-09 08:01:12,576 [main] INFO  db.DBStoreBuilder (DBStoreBuilder.java:processTables(168)) - Using default column profile:DBProfile.DISK for Table:userTable
2019-10-09 08:01:12,576 [main] INFO  db.DBStoreBuilder (DBStoreBuilder.java:addTable(117)) - using custom profile for table: volumeTable
2019-10-09 08:01:12,576 [main] INFO  db.DBStoreBuilder (DBStoreBuilder.java:processTables(168)) - Using default column profile:DBProfile.DISK for Table:volumeTable
2019-10-09 08:01:12,576 [main] INFO  db.DBStoreBuilder (DBStoreBuilder.java:addTable(117)) - using custom profile for table: bucketTable
2019-10-09 08:01:12,577 [main] INFO  db.DBStoreBuilder (DBStoreBuilder.java:processTables(168)) - Using default column profile:DBProfile.DISK for Table:bucketTable
2019-10-09 08:01:12,577 [main] INFO  db.DBStoreBuilder (DBStoreBuilder.java:addTable(117)) - using custom profile for table: keyTable
2019-10-09 08:01:12,577 [main] INFO  db.DBStoreBuilder (DBStoreBuilder.java:processTables(168)) - Using default column profile:DBProfile.DISK for Table:keyTable
2019-10-09 08:01:12,577 [main] INFO  db.DBStoreBuilder (DBStoreBuilder.java:addTable(117)) - using custom profile for table: deletedTable
2019-10-09 08:01:12,577 [main] INFO  db.DBStoreBuilder (DBStoreBuilder.java:processTables(168)) - Using default column profile:DBProfile.DISK for Table:deletedTable
2019-10-09 08:01:12,578 [main] INFO  db.DBStoreBuilder (DBStoreBuilder.java:addTable(117)) - using custom profile for table: openKeyTable
2019-10-09 08:01:12,578 [main] INFO  db.DBStoreBuilder (DBStoreBuilder.java:processTables(168)) - Using default column profile:DBProfile.DISK for Table:openKeyTable
2019-10-09 08:01:12,578 [main] INFO  db.DBStoreBuilder (DBStoreBuilder.java:addTable(117)) - using custom profile for table: s3Table
2019-10-09 08:01:12,578 [main] INFO  db.DBStoreBuilder (DBStoreBuilder.java:processTables(168)) - Using default column profile:DBProfile.DISK for Table:s3Table
2019-10-09 08:01:12,579 [main] INFO  db.DBStoreBuilder (DBStoreBuilder.java:addTable(117)) - using custom profile for table: multipartInfoTable
2019-10-09 08:01:12,579 [main] INFO  db.DBStoreBuilder (DBStoreBuilder.java:processTables(168)) - Using default column profile:DBProfile.DISK for Table:multipartInfoTable
2019-10-09 08:01:12,579 [main] INFO  db.DBStoreBuilder (DBStoreBuilder.java:addTable(117)) - using custom profile for table: dTokenTable
2019-10-09 08:01:12,579 [main] INFO  db.DBStoreBuilder (DBStoreBuilder.java:processTables(168)) - Using default column profile:DBProfile.DISK for Table:dTokenTable
2019-10-09 08:01:12,579 [main] INFO  db.DBStoreBuilder (DBStoreBuilder.java:addTable(117)) - using custom profile for table: s3SecretTable
2019-10-09 08:01:12,579 [main] INFO  db.DBStoreBuilder (DBStoreBuilder.java:processTables(168)) - Using default column profile:DBProfile.DISK for Table:s3SecretTable
2019-10-09 08:01:12,580 [main] INFO  db.DBStoreBuilder (DBStoreBuilder.java:addTable(117)) - using custom profile for table: prefixTable
2019-10-09 08:01:12,580 [main] INFO  db.DBStoreBuilder (DBStoreBuilder.java:processTables(168)) - Using default column profile:DBProfile.DISK for Table:prefixTable
2019-10-09 08:01:12,580 [main] INFO  db.DBStoreBuilder (DBStoreBuilder.java:addTable(117)) - using custom profile for table: default
2019-10-09 08:01:12,581 [main] INFO  db.DBStoreBuilder (DBStoreBuilder.java:processTables(174)) - Using default column profile:DBProfile.DISK for Table:default
2019-10-09 08:01:12,581 [main] INFO  db.DBStoreBuilder (DBStoreBuilder.java:getDbProfile(205)) - Using default options. DBProfile.DISK
2019-10-09 08:01:13,057 [main] INFO  ipc.CallQueueManager (CallQueueManager.java:<init>(84)) - Using callQueue: class java.util.concurrent.LinkedBlockingQueue, queueCapacity: 2000, scheduler: class org.apache.hadoop.ipc.DefaultRpcScheduler, ipcBackoff: false.
2019-10-09 08:01:13,058 [Socket Reader #1 for port 38221] INFO  ipc.Server (Server.java:run(1074)) - Starting Socket Reader #1 for port 38221
2019-10-09 08:01:13,070 [main] INFO  om.OzoneManager (OzoneManager.java:start(1069)) - OzoneManager RPC server is listening at localhost/127.0.0.1:38221
2019-10-09 08:01:13,070 [main] INFO  impl.MetricsSystemImpl (MetricsSystemImpl.java:init(158)) - OzoneManager metrics system started (again)
2019-10-09 08:01:13,071 [IPC Server Responder] INFO  ipc.Server (Server.java:run(1314)) - IPC Server Responder: starting
2019-10-09 08:01:13,071 [IPC Server listener on 38221] INFO  ipc.Server (Server.java:run(1153)) - IPC Server listener on 38221: starting
2019-10-09 08:01:13,076 [main] INFO  hdfs.DFSUtil (DFSUtil.java:httpServerTemplateForNNAndJN(1641)) - Starting Web-server for ozoneManager at: http://0.0.0.0:0
2019-10-09 08:01:13,078 [main] INFO  server.AuthenticationFilter (AuthenticationFilter.java:constructSecretProvider(240)) - Unable to initialize FileSignerSecretProvider, falling back to use random secrets.
2019-10-09 08:01:13,078 [main] WARN  http.HttpRequestLog (HttpRequestLog.java:getRequestLog(97)) - Jetty request log can only be enabled using Log4j
2019-10-09 08:01:13,079 [main] INFO  http.HttpServer2 (HttpServer2.java:addGlobalFilter(975)) - Added global filter 'safety' (class=org.apache.hadoop.http.HttpServer2$QuotingInputFilter)
2019-10-09 08:01:13,080 [main] INFO  http.HttpServer2 (HttpServer2.java:addFilter(948)) - Added filter static_user_filter (class=org.apache.hadoop.http.lib.StaticUserWebFilter$StaticUserFilter) to context ozoneManager
2019-10-09 08:01:13,080 [main] INFO  http.HttpServer2 (HttpServer2.java:addFilter(958)) - Added filter static_user_filter (class=org.apache.hadoop.http.lib.StaticUserWebFilter$StaticUserFilter) to context logs
2019-10-09 08:01:13,080 [main] INFO  http.HttpServer2 (HttpServer2.java:addFilter(958)) - Added filter static_user_filter (class=org.apache.hadoop.http.lib.StaticUserWebFilter$StaticUserFilter) to context static
2019-10-09 08:01:13,080 [main] INFO  http.HttpServer2 (HttpServer2.java:bindListener(1191)) - Jetty bound to port 42411
2019-10-09 08:01:13,080 [main] INFO  server.Server (Server.java:doStart(351)) - jetty-9.3.25.v20180904, build timestamp: 2018-09-04T21:11:46Z, git hash: 3ce520221d0240229c862b122d2b06c12a625732
2019-10-09 08:01:13,082 [main] INFO  handler.ContextHandler (ContextHandler.java:doStart(781)) - Started o.e.j.s.ServletContextHandler@681e913c{/logs,file:///workdir/hadoop-ozone/integration-test/target/log,AVAILABLE}
2019-10-09 08:01:13,082 [main] INFO  handler.ContextHandler (ContextHandler.java:doStart(781)) - Started o.e.j.s.ServletContextHandler@1eeb5818{/static,file:///workdir/hadoop-ozone/integration-test/target/test-classes/webapps/static,AVAILABLE}
2019-10-09 08:01:13,085 [main] INFO  handler.ContextHandler (ContextHandler.java:doStart(781)) - Started o.e.j.w.WebAppContext@78b03788{/,file:///workdir/hadoop-ozone/integration-test/target/test-classes/webapps/ozoneManager/,AVAILABLE}{/ozoneManager}
2019-10-09 08:01:13,086 [main] INFO  server.AbstractConnector (AbstractConnector.java:doStart(278)) - Started ServerConnector@3f5dfe69{HTTP/1.1,[http/1.1]}{0.0.0.0:42411}
2019-10-09 08:01:13,087 [main] INFO  server.Server (Server.java:doStart(419)) - Started @585335ms
2019-10-09 08:01:13,087 [main] WARN  impl.MetricsSystemImpl (MetricsSystemImpl.java:register(276)) - Sink prometheus already exists!
2019-10-09 08:01:13,088 [main] INFO  server.BaseHttpServer (BaseHttpServer.java:updateConnectorAddress(215)) - HTTP server of OZONEMANAGER is listening at http://0.0.0.0:42411
2019-10-09 08:01:13,100 [main] INFO  impl.MetricsSystemImpl (MetricsSystemImpl.java:init(158)) - HddsDatanode metrics system started (again)
2019-10-09 08:01:13,104 [main] INFO  ozone.HddsDatanodeService (HddsDatanodeService.java:start(184)) - HddsDatanodeService host:pr-hdds-2267-jsbhp-248048675 ip:192.168.30.26
2019-10-09 08:01:13,110 [main] INFO  volume.HddsVolume (HddsVolume.java:<init>(176)) - Creating Volume: /workdir/hadoop-ozone/integration-test/target/test-dir/MiniOzoneClusterImpl-4df022c4-1e45-4101-a2a2-7a234f72b8c5/datanode-0/data/containers/hdds of  storage type : DISK and capacity : 1482555576320
2019-10-09 08:01:13,110 [main] INFO  volume.VolumeSet (VolumeSet.java:initializeVolumeSet(170)) - Added Volume : /workdir/hadoop-ozone/integration-test/target/test-dir/MiniOzoneClusterImpl-4df022c4-1e45-4101-a2a2-7a234f72b8c5/datanode-0/data/containers/hdds to VolumeSet
2019-10-09 08:01:13,110 [main] INFO  volume.ThrottledAsyncChecker (ThrottledAsyncChecker.java:schedule(141)) - Scheduling a check for org.apache.hadoop.ozone.container.common.volume.HddsVolume@48e41b5d
2019-10-09 08:01:13,111 [main] INFO  volume.HddsVolumeChecker (HddsVolumeChecker.java:checkAllVolumes(204)) - Scheduled health check for volume org.apache.hadoop.ozone.container.common.volume.HddsVolume@48e41b5d
2019-10-09 08:01:13,123 [main] INFO  impl.RaftServerProxy (ConfUtils.java:logGet(43)) - raft.rpc.type = GRPC (default)
2019-10-09 08:01:13,123 [main] INFO  grpc.GrpcFactory (GrpcFactory.java:checkPooledByteBufAllocatorUseCacheForAllThreads(45)) - PERFORMANCE WARNING: useCacheForAllThreads is true that may cause Netty to create a lot garbage objects and, as a result, trigger GC.
	It is recommended to disable useCacheForAllThreads by setting -Dorg.apache.ratis.thirdparty.io.netty.allocator.useCacheForAllThreads=false in command line.
2019-10-09 08:01:13,124 [main] INFO  grpc.GrpcConfigKeys$Server (ConfUtils.java:logGet(43)) - raft.grpc.server.port = 0 (default)
2019-10-09 08:01:13,124 [main] INFO  server.GrpcService (ConfUtils.java:logGet(43)) - raft.grpc.message.size.max = 33570816 (custom)
2019-10-09 08:01:13,124 [main] INFO  server.RaftServerConfigKeys (ConfUtils.java:logGet(43)) - raft.server.log.appender.buffer.byte-limit = 33554432 (custom)
2019-10-09 08:01:13,124 [main] INFO  server.GrpcService (ConfUtils.java:logGet(43)) - raft.grpc.flow.control.window = 1MB (=1048576) (default)
2019-10-09 08:01:13,124 [main] INFO  server.RaftServerConfigKeys (ConfUtils.java:logGet(43)) - raft.server.rpc.request.timeout = 3000ms (default)
2019-10-09 08:01:13,125 [main] INFO  server.RaftServerConfigKeys (ConfUtils.java:logGet(43)) - raft.server.storage.dir = [/workdir/hadoop-ozone/integration-test/target/test-dir/MiniOzoneClusterImpl-4df022c4-1e45-4101-a2a2-7a234f72b8c5/datanode-0/data/ratis] (custom)
2019-10-09 08:01:13,127 [main] INFO  hdfs.DFSUtil (DFSUtil.java:httpServerTemplateForNNAndJN(1641)) - Starting Web-server for hddsDatanode at: http://0.0.0.0:0
2019-10-09 08:01:13,128 [main] INFO  server.AuthenticationFilter (AuthenticationFilter.java:constructSecretProvider(240)) - Unable to initialize FileSignerSecretProvider, falling back to use random secrets.
2019-10-09 08:01:13,128 [main] WARN  http.HttpRequestLog (HttpRequestLog.java:getRequestLog(97)) - Jetty request log can only be enabled using Log4j
2019-10-09 08:01:13,129 [main] INFO  http.HttpServer2 (HttpServer2.java:addGlobalFilter(975)) - Added global filter 'safety' (class=org.apache.hadoop.http.HttpServer2$QuotingInputFilter)
2019-10-09 08:01:13,130 [main] INFO  http.HttpServer2 (HttpServer2.java:addFilter(948)) - Added filter static_user_filter (class=org.apache.hadoop.http.lib.StaticUserWebFilter$StaticUserFilter) to context hddsDatanode
2019-10-09 08:01:13,130 [main] INFO  http.HttpServer2 (HttpServer2.java:addFilter(958)) - Added filter static_user_filter (class=org.apache.hadoop.http.lib.StaticUserWebFilter$StaticUserFilter) to context logs
2019-10-09 08:01:13,130 [main] INFO  http.HttpServer2 (HttpServer2.java:addFilter(958)) - Added filter static_user_filter (class=org.apache.hadoop.http.lib.StaticUserWebFilter$StaticUserFilter) to context static
2019-10-09 08:01:13,131 [main] INFO  http.HttpServer2 (HttpServer2.java:bindListener(1191)) - Jetty bound to port 39922
2019-10-09 08:01:13,131 [main] INFO  server.Server (Server.java:doStart(351)) - jetty-9.3.25.v20180904, build timestamp: 2018-09-04T21:11:46Z, git hash: 3ce520221d0240229c862b122d2b06c12a625732
2019-10-09 08:01:13,132 [main] INFO  handler.ContextHandler (ContextHandler.java:doStart(781)) - Started o.e.j.s.ServletContextHandler@129c4d19{/logs,file:///workdir/hadoop-ozone/integration-test/target/log,AVAILABLE}
2019-10-09 08:01:13,133 [main] INFO  handler.ContextHandler (ContextHandler.java:doStart(781)) - Started o.e.j.s.ServletContextHandler@13278a41{/static,jar:file:/home/user/.m2/repository/org/apache/hadoop/hadoop-hdds-container-service/0.5.0-SNAPSHOT/hadoop-hdds-container-service-0.5.0-SNAPSHOT.jar!/webapps/static,AVAILABLE}
2019-10-09 08:01:13,161 [main] INFO  handler.ContextHandler (ContextHandler.java:doStart(781)) - Started o.e.j.w.WebAppContext@325162e9{/,file:///tmp/jetty-0.0.0.0-39922-hddsDatanode-_-any-7205203050474988598.dir/webapp/,AVAILABLE}{/hddsDatanode}
2019-10-09 08:01:13,161 [main] INFO  server.AbstractConnector (AbstractConnector.java:doStart(278)) - Started ServerConnector@1ee40b5c{HTTP/1.1,[http/1.1]}{0.0.0.0:39922}
2019-10-09 08:01:13,162 [main] INFO  server.Server (Server.java:doStart(419)) - Started @585410ms
2019-10-09 08:01:13,163 [main] WARN  impl.MetricsSystemImpl (MetricsSystemImpl.java:register(276)) - Sink prometheus already exists!
2019-10-09 08:01:13,163 [main] INFO  server.BaseHttpServer (BaseHttpServer.java:updateConnectorAddress(215)) - HTTP server of HDDSDATANODE is listening at http://0.0.0.0:39922
2019-10-09 08:01:13,164 [main] INFO  impl.MetricsSystemImpl (MetricsSystemImpl.java:init(158)) - HddsDatanode metrics system started (again)
2019-10-09 08:01:13,167 [org.apache.hadoop.util.JvmPauseMonitor$Monitor@5b13179] INFO  util.JvmPauseMonitor (JvmPauseMonitor.java:run(188)) - Starting JVM pause monitor
2019-10-09 08:01:13,168 [main] INFO  ozone.HddsDatanodeService (HddsDatanodeService.java:start(184)) - HddsDatanodeService host:pr-hdds-2267-jsbhp-248048675 ip:192.168.30.26
2019-10-09 08:01:13,170 [Datanode State Machine Thread - 0] INFO  datanode.InitDatanodeState (InitDatanodeState.java:persistContainerDatanodeDetails(140)) - DatanodeDetails is persisted to /workdir/hadoop-ozone/integration-test/target/test-dir/MiniOzoneClusterImpl-4df022c4-1e45-4101-a2a2-7a234f72b8c5/datanode-0/meta/datanode.id
2019-10-09 08:01:13,174 [main] INFO  volume.HddsVolume (HddsVolume.java:<init>(176)) - Creating Volume: /workdir/hadoop-ozone/integration-test/target/test-dir/MiniOzoneClusterImpl-4df022c4-1e45-4101-a2a2-7a234f72b8c5/datanode-1/data/containers/hdds of  storage type : DISK and capacity : 1482555576320
2019-10-09 08:01:13,174 [main] INFO  volume.VolumeSet (VolumeSet.java:initializeVolumeSet(170)) - Added Volume : /workdir/hadoop-ozone/integration-test/target/test-dir/MiniOzoneClusterImpl-4df022c4-1e45-4101-a2a2-7a234f72b8c5/datanode-1/data/containers/hdds to VolumeSet
2019-10-09 08:01:13,174 [main] INFO  volume.ThrottledAsyncChecker (ThrottledAsyncChecker.java:schedule(141)) - Scheduling a check for org.apache.hadoop.ozone.container.common.volume.HddsVolume@37775bb1
2019-10-09 08:01:13,175 [main] INFO  volume.HddsVolumeChecker (HddsVolumeChecker.java:checkAllVolumes(204)) - Scheduled health check for volume org.apache.hadoop.ozone.container.common.volume.HddsVolume@37775bb1
2019-10-09 08:01:13,188 [main] INFO  impl.RaftServerProxy (ConfUtils.java:logGet(43)) - raft.rpc.type = GRPC (default)
2019-10-09 08:01:13,188 [main] INFO  grpc.GrpcFactory (GrpcFactory.java:checkPooledByteBufAllocatorUseCacheForAllThreads(45)) - PERFORMANCE WARNING: useCacheForAllThreads is true that may cause Netty to create a lot garbage objects and, as a result, trigger GC.
	It is recommended to disable useCacheForAllThreads by setting -Dorg.apache.ratis.thirdparty.io.netty.allocator.useCacheForAllThreads=false in command line.
2019-10-09 08:01:13,188 [main] INFO  grpc.GrpcConfigKeys$Server (ConfUtils.java:logGet(43)) - raft.grpc.server.port = 0 (default)
2019-10-09 08:01:13,188 [main] INFO  server.GrpcService (ConfUtils.java:logGet(43)) - raft.grpc.message.size.max = 33570816 (custom)
2019-10-09 08:01:13,188 [main] INFO  server.RaftServerConfigKeys (ConfUtils.java:logGet(43)) - raft.server.log.appender.buffer.byte-limit = 33554432 (custom)
2019-10-09 08:01:13,188 [main] INFO  server.GrpcService (ConfUtils.java:logGet(43)) - raft.grpc.flow.control.window = 1MB (=1048576) (default)
2019-10-09 08:01:13,189 [main] INFO  server.RaftServerConfigKeys (ConfUtils.java:logGet(43)) - raft.server.rpc.request.timeout = 3000ms (default)
2019-10-09 08:01:13,189 [main] INFO  server.RaftServerConfigKeys (ConfUtils.java:logGet(43)) - raft.server.storage.dir = [/workdir/hadoop-ozone/integration-test/target/test-dir/MiniOzoneClusterImpl-4df022c4-1e45-4101-a2a2-7a234f72b8c5/datanode-1/data/ratis] (custom)
2019-10-09 08:01:13,190 [main] INFO  hdfs.DFSUtil (DFSUtil.java:httpServerTemplateForNNAndJN(1641)) - Starting Web-server for hddsDatanode at: http://0.0.0.0:0
2019-10-09 08:01:13,191 [main] INFO  server.AuthenticationFilter (AuthenticationFilter.java:constructSecretProvider(240)) - Unable to initialize FileSignerSecretProvider, falling back to use random secrets.
2019-10-09 08:01:13,191 [main] WARN  http.HttpRequestLog (HttpRequestLog.java:getRequestLog(97)) - Jetty request log can only be enabled using Log4j
2019-10-09 08:01:13,192 [main] INFO  http.HttpServer2 (HttpServer2.java:addGlobalFilter(975)) - Added global filter 'safety' (class=org.apache.hadoop.http.HttpServer2$QuotingInputFilter)
2019-10-09 08:01:13,193 [main] INFO  http.HttpServer2 (HttpServer2.java:addFilter(948)) - Added filter static_user_filter (class=org.apache.hadoop.http.lib.StaticUserWebFilter$StaticUserFilter) to context hddsDatanode
2019-10-09 08:01:13,193 [main] INFO  http.HttpServer2 (HttpServer2.java:addFilter(958)) - Added filter static_user_filter (class=org.apache.hadoop.http.lib.StaticUserWebFilter$StaticUserFilter) to context logs
2019-10-09 08:01:13,193 [main] INFO  http.HttpServer2 (HttpServer2.java:addFilter(958)) - Added filter static_user_filter (class=org.apache.hadoop.http.lib.StaticUserWebFilter$StaticUserFilter) to context static
2019-10-09 08:01:13,194 [main] INFO  http.HttpServer2 (HttpServer2.java:bindListener(1191)) - Jetty bound to port 39519
2019-10-09 08:01:13,194 [main] INFO  server.Server (Server.java:doStart(351)) - jetty-9.3.25.v20180904, build timestamp: 2018-09-04T21:11:46Z, git hash: 3ce520221d0240229c862b122d2b06c12a625732
2019-10-09 08:01:13,195 [main] INFO  handler.ContextHandler (ContextHandler.java:doStart(781)) - Started o.e.j.s.ServletContextHandler@39652a30{/logs,file:///workdir/hadoop-ozone/integration-test/target/log,AVAILABLE}
2019-10-09 08:01:13,196 [main] INFO  handler.ContextHandler (ContextHandler.java:doStart(781)) - Started o.e.j.s.ServletContextHandler@40c8067{/static,jar:file:/home/user/.m2/repository/org/apache/hadoop/hadoop-hdds-container-service/0.5.0-SNAPSHOT/hadoop-hdds-container-service-0.5.0-SNAPSHOT.jar!/webapps/static,AVAILABLE}
2019-10-09 08:01:13,231 [main] INFO  handler.ContextHandler (ContextHandler.java:doStart(781)) - Started o.e.j.w.WebAppContext@76a362a4{/,file:///tmp/jetty-0.0.0.0-39519-hddsDatanode-_-any-3114948830899433601.dir/webapp/,AVAILABLE}{/hddsDatanode}
2019-10-09 08:01:13,231 [main] INFO  server.AbstractConnector (AbstractConnector.java:doStart(278)) - Started ServerConnector@61da0413{HTTP/1.1,[http/1.1]}{0.0.0.0:39519}
2019-10-09 08:01:13,233 [main] INFO  server.Server (Server.java:doStart(419)) - Started @585480ms
2019-10-09 08:01:13,233 [main] WARN  impl.MetricsSystemImpl (MetricsSystemImpl.java:register(276)) - Sink prometheus already exists!
2019-10-09 08:01:13,234 [main] INFO  server.BaseHttpServer (BaseHttpServer.java:updateConnectorAddress(215)) - HTTP server of HDDSDATANODE is listening at http://0.0.0.0:39519
2019-10-09 08:01:13,234 [main] INFO  impl.MetricsSystemImpl (MetricsSystemImpl.java:init(158)) - HddsDatanode metrics system started (again)
2019-10-09 08:01:13,239 [org.apache.hadoop.util.JvmPauseMonitor$Monitor@204578b6] INFO  util.JvmPauseMonitor (JvmPauseMonitor.java:run(188)) - Starting JVM pause monitor
2019-10-09 08:01:13,240 [main] INFO  ozone.HddsDatanodeService (HddsDatanodeService.java:start(184)) - HddsDatanodeService host:pr-hdds-2267-jsbhp-248048675 ip:192.168.30.26
2019-10-09 08:01:13,241 [Datanode State Machine Thread - 0] INFO  datanode.InitDatanodeState (InitDatanodeState.java:persistContainerDatanodeDetails(140)) - DatanodeDetails is persisted to /workdir/hadoop-ozone/integration-test/target/test-dir/MiniOzoneClusterImpl-4df022c4-1e45-4101-a2a2-7a234f72b8c5/datanode-1/meta/datanode.id
2019-10-09 08:01:13,247 [main] INFO  volume.HddsVolume (HddsVolume.java:<init>(176)) - Creating Volume: /workdir/hadoop-ozone/integration-test/target/test-dir/MiniOzoneClusterImpl-4df022c4-1e45-4101-a2a2-7a234f72b8c5/datanode-2/data/containers/hdds of  storage type : DISK and capacity : 1482555576320
2019-10-09 08:01:13,247 [main] INFO  volume.VolumeSet (VolumeSet.java:initializeVolumeSet(170)) - Added Volume : /workdir/hadoop-ozone/integration-test/target/test-dir/MiniOzoneClusterImpl-4df022c4-1e45-4101-a2a2-7a234f72b8c5/datanode-2/data/containers/hdds to VolumeSet
2019-10-09 08:01:13,248 [main] INFO  volume.ThrottledAsyncChecker (ThrottledAsyncChecker.java:schedule(141)) - Scheduling a check for org.apache.hadoop.ozone.container.common.volume.HddsVolume@27f71195
2019-10-09 08:01:13,248 [main] INFO  volume.HddsVolumeChecker (HddsVolumeChecker.java:checkAllVolumes(204)) - Scheduled health check for volume org.apache.hadoop.ozone.container.common.volume.HddsVolume@27f71195
2019-10-09 08:01:13,265 [main] INFO  impl.RaftServerProxy (ConfUtils.java:logGet(43)) - raft.rpc.type = GRPC (default)
2019-10-09 08:01:13,265 [main] INFO  grpc.GrpcFactory (GrpcFactory.java:checkPooledByteBufAllocatorUseCacheForAllThreads(45)) - PERFORMANCE WARNING: useCacheForAllThreads is true that may cause Netty to create a lot garbage objects and, as a result, trigger GC.
	It is recommended to disable useCacheForAllThreads by setting -Dorg.apache.ratis.thirdparty.io.netty.allocator.useCacheForAllThreads=false in command line.
2019-10-09 08:01:13,266 [main] INFO  grpc.GrpcConfigKeys$Server (ConfUtils.java:logGet(43)) - raft.grpc.server.port = 0 (default)
2019-10-09 08:01:13,266 [main] INFO  server.GrpcService (ConfUtils.java:logGet(43)) - raft.grpc.message.size.max = 33570816 (custom)
2019-10-09 08:01:13,266 [main] INFO  server.RaftServerConfigKeys (ConfUtils.java:logGet(43)) - raft.server.log.appender.buffer.byte-limit = 33554432 (custom)
2019-10-09 08:01:13,266 [main] INFO  server.GrpcService (ConfUtils.java:logGet(43)) - raft.grpc.flow.control.window = 1MB (=1048576) (default)
2019-10-09 08:01:13,267 [main] INFO  server.RaftServerConfigKeys (ConfUtils.java:logGet(43)) - raft.server.rpc.request.timeout = 3000ms (default)
2019-10-09 08:01:13,267 [main] INFO  server.RaftServerConfigKeys (ConfUtils.java:logGet(43)) - raft.server.storage.dir = [/workdir/hadoop-ozone/integration-test/target/test-dir/MiniOzoneClusterImpl-4df022c4-1e45-4101-a2a2-7a234f72b8c5/datanode-2/data/ratis] (custom)
2019-10-09 08:01:13,269 [main] INFO  hdfs.DFSUtil (DFSUtil.java:httpServerTemplateForNNAndJN(1641)) - Starting Web-server for hddsDatanode at: http://0.0.0.0:0
2019-10-09 08:01:13,270 [main] INFO  server.AuthenticationFilter (AuthenticationFilter.java:constructSecretProvider(240)) - Unable to initialize FileSignerSecretProvider, falling back to use random secrets.
2019-10-09 08:01:13,271 [main] WARN  http.HttpRequestLog (HttpRequestLog.java:getRequestLog(97)) - Jetty request log can only be enabled using Log4j
2019-10-09 08:01:13,272 [main] INFO  http.HttpServer2 (HttpServer2.java:addGlobalFilter(975)) - Added global filter 'safety' (class=org.apache.hadoop.http.HttpServer2$QuotingInputFilter)
2019-10-09 08:01:13,273 [main] INFO  http.HttpServer2 (HttpServer2.java:addFilter(948)) - Added filter static_user_filter (class=org.apache.hadoop.http.lib.StaticUserWebFilter$StaticUserFilter) to context hddsDatanode
2019-10-09 08:01:13,273 [main] INFO  http.HttpServer2 (HttpServer2.java:addFilter(958)) - Added filter static_user_filter (class=org.apache.hadoop.http.lib.StaticUserWebFilter$StaticUserFilter) to context logs
2019-10-09 08:01:13,273 [main] INFO  http.HttpServer2 (HttpServer2.java:addFilter(958)) - Added filter static_user_filter (class=org.apache.hadoop.http.lib.StaticUserWebFilter$StaticUserFilter) to context static
2019-10-09 08:01:13,273 [main] INFO  http.HttpServer2 (HttpServer2.java:bindListener(1191)) - Jetty bound to port 41608
2019-10-09 08:01:13,274 [main] INFO  server.Server (Server.java:doStart(351)) - jetty-9.3.25.v20180904, build timestamp: 2018-09-04T21:11:46Z, git hash: 3ce520221d0240229c862b122d2b06c12a625732
2019-10-09 08:01:13,275 [main] INFO  handler.ContextHandler (ContextHandler.java:doStart(781)) - Started o.e.j.s.ServletContextHandler@7d484fcd{/logs,file:///workdir/hadoop-ozone/integration-test/target/log,AVAILABLE}
2019-10-09 08:01:13,276 [main] INFO  handler.ContextHandler (ContextHandler.java:doStart(781)) - Started o.e.j.s.ServletContextHandler@d25e878{/static,jar:file:/home/user/.m2/repository/org/apache/hadoop/hadoop-hdds-container-service/0.5.0-SNAPSHOT/hadoop-hdds-container-service-0.5.0-SNAPSHOT.jar!/webapps/static,AVAILABLE}
2019-10-09 08:01:13,303 [main] INFO  handler.ContextHandler (ContextHandler.java:doStart(781)) - Started o.e.j.w.WebAppContext@54495935{/,file:///tmp/jetty-0.0.0.0-41608-hddsDatanode-_-any-1638290210456103598.dir/webapp/,AVAILABLE}{/hddsDatanode}
2019-10-09 08:01:13,304 [main] INFO  server.AbstractConnector (AbstractConnector.java:doStart(278)) - Started ServerConnector@67c6f4d8{HTTP/1.1,[http/1.1]}{0.0.0.0:41608}
2019-10-09 08:01:13,306 [main] INFO  server.Server (Server.java:doStart(419)) - Started @585553ms
2019-10-09 08:01:13,306 [main] WARN  impl.MetricsSystemImpl (MetricsSystemImpl.java:register(276)) - Sink prometheus already exists!
2019-10-09 08:01:13,306 [main] INFO  server.BaseHttpServer (BaseHttpServer.java:updateConnectorAddress(215)) - HTTP server of HDDSDATANODE is listening at http://0.0.0.0:41608
2019-10-09 08:01:13,307 [main] INFO  impl.MetricsSystemImpl (MetricsSystemImpl.java:init(158)) - HddsDatanode metrics system started (again)
2019-10-09 08:01:13,311 [org.apache.hadoop.util.JvmPauseMonitor$Monitor@155caf4b] INFO  util.JvmPauseMonitor (JvmPauseMonitor.java:run(188)) - Starting JVM pause monitor
2019-10-09 08:01:13,312 [main] INFO  ozone.HddsDatanodeService (HddsDatanodeService.java:start(184)) - HddsDatanodeService host:pr-hdds-2267-jsbhp-248048675 ip:192.168.30.26
2019-10-09 08:01:13,313 [Datanode State Machine Thread - 0] INFO  datanode.InitDatanodeState (InitDatanodeState.java:persistContainerDatanodeDetails(140)) - DatanodeDetails is persisted to /workdir/hadoop-ozone/integration-test/target/test-dir/MiniOzoneClusterImpl-4df022c4-1e45-4101-a2a2-7a234f72b8c5/datanode-2/meta/datanode.id
2019-10-09 08:01:13,318 [main] INFO  volume.HddsVolume (HddsVolume.java:<init>(176)) - Creating Volume: /workdir/hadoop-ozone/integration-test/target/test-dir/MiniOzoneClusterImpl-4df022c4-1e45-4101-a2a2-7a234f72b8c5/datanode-3/data/containers/hdds of  storage type : DISK and capacity : 1482555576320
2019-10-09 08:01:13,318 [main] INFO  volume.VolumeSet (VolumeSet.java:initializeVolumeSet(170)) - Added Volume : /workdir/hadoop-ozone/integration-test/target/test-dir/MiniOzoneClusterImpl-4df022c4-1e45-4101-a2a2-7a234f72b8c5/datanode-3/data/containers/hdds to VolumeSet
2019-10-09 08:01:13,319 [main] INFO  volume.ThrottledAsyncChecker (ThrottledAsyncChecker.java:schedule(141)) - Scheduling a check for org.apache.hadoop.ozone.container.common.volume.HddsVolume@458031da
2019-10-09 08:01:13,319 [main] INFO  volume.HddsVolumeChecker (HddsVolumeChecker.java:checkAllVolumes(204)) - Scheduled health check for volume org.apache.hadoop.ozone.container.common.volume.HddsVolume@458031da
2019-10-09 08:01:13,331 [main] INFO  impl.RaftServerProxy (ConfUtils.java:logGet(43)) - raft.rpc.type = GRPC (default)
2019-10-09 08:01:13,331 [main] INFO  grpc.GrpcFactory (GrpcFactory.java:checkPooledByteBufAllocatorUseCacheForAllThreads(45)) - PERFORMANCE WARNING: useCacheForAllThreads is true that may cause Netty to create a lot garbage objects and, as a result, trigger GC.
	It is recommended to disable useCacheForAllThreads by setting -Dorg.apache.ratis.thirdparty.io.netty.allocator.useCacheForAllThreads=false in command line.
2019-10-09 08:01:13,331 [main] INFO  grpc.GrpcConfigKeys$Server (ConfUtils.java:logGet(43)) - raft.grpc.server.port = 0 (default)
2019-10-09 08:01:13,331 [main] INFO  server.GrpcService (ConfUtils.java:logGet(43)) - raft.grpc.message.size.max = 33570816 (custom)
2019-10-09 08:01:13,332 [main] INFO  server.RaftServerConfigKeys (ConfUtils.java:logGet(43)) - raft.server.log.appender.buffer.byte-limit = 33554432 (custom)
2019-10-09 08:01:13,332 [main] INFO  server.GrpcService (ConfUtils.java:logGet(43)) - raft.grpc.flow.control.window = 1MB (=1048576) (default)
2019-10-09 08:01:13,332 [main] INFO  server.RaftServerConfigKeys (ConfUtils.java:logGet(43)) - raft.server.rpc.request.timeout = 3000ms (default)
2019-10-09 08:01:13,332 [main] INFO  server.RaftServerConfigKeys (ConfUtils.java:logGet(43)) - raft.server.storage.dir = [/workdir/hadoop-ozone/integration-test/target/test-dir/MiniOzoneClusterImpl-4df022c4-1e45-4101-a2a2-7a234f72b8c5/datanode-3/data/ratis] (custom)
2019-10-09 08:01:13,333 [main] INFO  hdfs.DFSUtil (DFSUtil.java:httpServerTemplateForNNAndJN(1641)) - Starting Web-server for hddsDatanode at: http://0.0.0.0:0
2019-10-09 08:01:13,334 [main] INFO  server.AuthenticationFilter (AuthenticationFilter.java:constructSecretProvider(240)) - Unable to initialize FileSignerSecretProvider, falling back to use random secrets.
2019-10-09 08:01:13,335 [main] WARN  http.HttpRequestLog (HttpRequestLog.java:getRequestLog(97)) - Jetty request log can only be enabled using Log4j
2019-10-09 08:01:13,336 [main] INFO  http.HttpServer2 (HttpServer2.java:addGlobalFilter(975)) - Added global filter 'safety' (class=org.apache.hadoop.http.HttpServer2$QuotingInputFilter)
2019-10-09 08:01:13,336 [main] INFO  http.HttpServer2 (HttpServer2.java:addFilter(948)) - Added filter static_user_filter (class=org.apache.hadoop.http.lib.StaticUserWebFilter$StaticUserFilter) to context hddsDatanode
2019-10-09 08:01:13,336 [main] INFO  http.HttpServer2 (HttpServer2.java:addFilter(958)) - Added filter static_user_filter (class=org.apache.hadoop.http.lib.StaticUserWebFilter$StaticUserFilter) to context static
2019-10-09 08:01:13,336 [main] INFO  http.HttpServer2 (HttpServer2.java:addFilter(958)) - Added filter static_user_filter (class=org.apache.hadoop.http.lib.StaticUserWebFilter$StaticUserFilter) to context logs
2019-10-09 08:01:13,337 [main] INFO  http.HttpServer2 (HttpServer2.java:bindListener(1191)) - Jetty bound to port 36030
2019-10-09 08:01:13,337 [main] INFO  server.Server (Server.java:doStart(351)) - jetty-9.3.25.v20180904, build timestamp: 2018-09-04T21:11:46Z, git hash: 3ce520221d0240229c862b122d2b06c12a625732
2019-10-09 08:01:13,338 [main] INFO  handler.ContextHandler (ContextHandler.java:doStart(781)) - Started o.e.j.s.ServletContextHandler@1bee0085{/logs,file:///workdir/hadoop-ozone/integration-test/target/log,AVAILABLE}
2019-10-09 08:01:13,339 [main] INFO  handler.ContextHandler (ContextHandler.java:doStart(781)) - Started o.e.j.s.ServletContextHandler@13f40d71{/static,jar:file:/home/user/.m2/repository/org/apache/hadoop/hadoop-hdds-container-service/0.5.0-SNAPSHOT/hadoop-hdds-container-service-0.5.0-SNAPSHOT.jar!/webapps/static,AVAILABLE}
2019-10-09 08:01:13,367 [main] INFO  handler.ContextHandler (ContextHandler.java:doStart(781)) - Started o.e.j.w.WebAppContext@7b297740{/,file:///tmp/jetty-0.0.0.0-36030-hddsDatanode-_-any-5572092558107358632.dir/webapp/,AVAILABLE}{/hddsDatanode}
2019-10-09 08:01:13,367 [main] INFO  server.AbstractConnector (AbstractConnector.java:doStart(278)) - Started ServerConnector@1b7554d4{HTTP/1.1,[http/1.1]}{0.0.0.0:36030}
2019-10-09 08:01:13,367 [main] INFO  server.Server (Server.java:doStart(419)) - Started @585615ms
2019-10-09 08:01:13,368 [main] WARN  impl.MetricsSystemImpl (MetricsSystemImpl.java:register(276)) - Sink prometheus already exists!
2019-10-09 08:01:13,373 [main] INFO  server.BaseHttpServer (BaseHttpServer.java:updateConnectorAddress(215)) - HTTP server of HDDSDATANODE is listening at http://0.0.0.0:36030
2019-10-09 08:01:13,373 [main] INFO  impl.MetricsSystemImpl (MetricsSystemImpl.java:init(158)) - HddsDatanode metrics system started (again)
2019-10-09 08:01:13,380 [main] INFO  ozone.HddsDatanodeService (HddsDatanodeService.java:start(184)) - HddsDatanodeService host:pr-hdds-2267-jsbhp-248048675 ip:192.168.30.26
2019-10-09 08:01:13,383 [org.apache.hadoop.util.JvmPauseMonitor$Monitor@35fc13f9] INFO  util.JvmPauseMonitor (JvmPauseMonitor.java:run(188)) - Starting JVM pause monitor
2019-10-09 08:01:13,384 [Datanode State Machine Thread - 0] INFO  datanode.InitDatanodeState (InitDatanodeState.java:persistContainerDatanodeDetails(140)) - DatanodeDetails is persisted to /workdir/hadoop-ozone/integration-test/target/test-dir/MiniOzoneClusterImpl-4df022c4-1e45-4101-a2a2-7a234f72b8c5/datanode-3/meta/datanode.id
2019-10-09 08:01:13,388 [main] INFO  volume.HddsVolume (HddsVolume.java:<init>(176)) - Creating Volume: /workdir/hadoop-ozone/integration-test/target/test-dir/MiniOzoneClusterImpl-4df022c4-1e45-4101-a2a2-7a234f72b8c5/datanode-4/data/containers/hdds of  storage type : DISK and capacity : 1482555576320
2019-10-09 08:01:13,389 [main] INFO  volume.VolumeSet (VolumeSet.java:initializeVolumeSet(170)) - Added Volume : /workdir/hadoop-ozone/integration-test/target/test-dir/MiniOzoneClusterImpl-4df022c4-1e45-4101-a2a2-7a234f72b8c5/datanode-4/data/containers/hdds to VolumeSet
2019-10-09 08:01:13,389 [main] INFO  volume.ThrottledAsyncChecker (ThrottledAsyncChecker.java:schedule(141)) - Scheduling a check for org.apache.hadoop.ozone.container.common.volume.HddsVolume@123307c4
2019-10-09 08:01:13,389 [main] INFO  volume.HddsVolumeChecker (HddsVolumeChecker.java:checkAllVolumes(204)) - Scheduled health check for volume org.apache.hadoop.ozone.container.common.volume.HddsVolume@123307c4
2019-10-09 08:01:13,404 [main] INFO  impl.RaftServerProxy (ConfUtils.java:logGet(43)) - raft.rpc.type = GRPC (default)
2019-10-09 08:01:13,405 [main] INFO  grpc.GrpcFactory (GrpcFactory.java:checkPooledByteBufAllocatorUseCacheForAllThreads(45)) - PERFORMANCE WARNING: useCacheForAllThreads is true that may cause Netty to create a lot garbage objects and, as a result, trigger GC.
	It is recommended to disable useCacheForAllThreads by setting -Dorg.apache.ratis.thirdparty.io.netty.allocator.useCacheForAllThreads=false in command line.
2019-10-09 08:01:13,405 [main] INFO  grpc.GrpcConfigKeys$Server (ConfUtils.java:logGet(43)) - raft.grpc.server.port = 0 (default)
2019-10-09 08:01:13,405 [main] INFO  server.GrpcService (ConfUtils.java:logGet(43)) - raft.grpc.message.size.max = 33570816 (custom)
2019-10-09 08:01:13,405 [main] INFO  server.RaftServerConfigKeys (ConfUtils.java:logGet(43)) - raft.server.log.appender.buffer.byte-limit = 33554432 (custom)
2019-10-09 08:01:13,405 [main] INFO  server.GrpcService (ConfUtils.java:logGet(43)) - raft.grpc.flow.control.window = 1MB (=1048576) (default)
2019-10-09 08:01:13,405 [main] INFO  server.RaftServerConfigKeys (ConfUtils.java:logGet(43)) - raft.server.rpc.request.timeout = 3000ms (default)
2019-10-09 08:01:13,406 [main] INFO  server.RaftServerConfigKeys (ConfUtils.java:logGet(43)) - raft.server.storage.dir = [/workdir/hadoop-ozone/integration-test/target/test-dir/MiniOzoneClusterImpl-4df022c4-1e45-4101-a2a2-7a234f72b8c5/datanode-4/data/ratis] (custom)
2019-10-09 08:01:13,407 [main] INFO  hdfs.DFSUtil (DFSUtil.java:httpServerTemplateForNNAndJN(1641)) - Starting Web-server for hddsDatanode at: http://0.0.0.0:0
2019-10-09 08:01:13,408 [main] INFO  server.AuthenticationFilter (AuthenticationFilter.java:constructSecretProvider(240)) - Unable to initialize FileSignerSecretProvider, falling back to use random secrets.
2019-10-09 08:01:13,409 [main] WARN  http.HttpRequestLog (HttpRequestLog.java:getRequestLog(97)) - Jetty request log can only be enabled using Log4j
2019-10-09 08:01:13,410 [main] INFO  http.HttpServer2 (HttpServer2.java:addGlobalFilter(975)) - Added global filter 'safety' (class=org.apache.hadoop.http.HttpServer2$QuotingInputFilter)
2019-10-09 08:01:13,411 [main] INFO  http.HttpServer2 (HttpServer2.java:addFilter(948)) - Added filter static_user_filter (class=org.apache.hadoop.http.lib.StaticUserWebFilter$StaticUserFilter) to context hddsDatanode
2019-10-09 08:01:13,411 [main] INFO  http.HttpServer2 (HttpServer2.java:addFilter(958)) - Added filter static_user_filter (class=org.apache.hadoop.http.lib.StaticUserWebFilter$StaticUserFilter) to context logs
2019-10-09 08:01:13,411 [main] INFO  http.HttpServer2 (HttpServer2.java:addFilter(958)) - Added filter static_user_filter (class=org.apache.hadoop.http.lib.StaticUserWebFilter$StaticUserFilter) to context static
2019-10-09 08:01:13,412 [main] INFO  http.HttpServer2 (HttpServer2.java:bindListener(1191)) - Jetty bound to port 45580
2019-10-09 08:01:13,412 [main] INFO  server.Server (Server.java:doStart(351)) - jetty-9.3.25.v20180904, build timestamp: 2018-09-04T21:11:46Z, git hash: 3ce520221d0240229c862b122d2b06c12a625732
2019-10-09 08:01:13,414 [main] INFO  handler.ContextHandler (ContextHandler.java:doStart(781)) - Started o.e.j.s.ServletContextHandler@76a9a009{/logs,file:///workdir/hadoop-ozone/integration-test/target/log,AVAILABLE}
2019-10-09 08:01:13,414 [main] INFO  handler.ContextHandler (ContextHandler.java:doStart(781)) - Started o.e.j.s.ServletContextHandler@34009349{/static,jar:file:/home/user/.m2/repository/org/apache/hadoop/hadoop-hdds-container-service/0.5.0-SNAPSHOT/hadoop-hdds-container-service-0.5.0-SNAPSHOT.jar!/webapps/static,AVAILABLE}
2019-10-09 08:01:13,446 [main] INFO  handler.ContextHandler (ContextHandler.java:doStart(781)) - Started o.e.j.w.WebAppContext@2d22d3b1{/,file:///tmp/jetty-0.0.0.0-45580-hddsDatanode-_-any-5844528780880270461.dir/webapp/,AVAILABLE}{/hddsDatanode}
2019-10-09 08:01:13,447 [main] INFO  server.AbstractConnector (AbstractConnector.java:doStart(278)) - Started ServerConnector@7ec3a8bd{HTTP/1.1,[http/1.1]}{0.0.0.0:45580}
2019-10-09 08:01:13,448 [main] INFO  server.Server (Server.java:doStart(419)) - Started @585696ms
2019-10-09 08:01:13,448 [main] WARN  impl.MetricsSystemImpl (MetricsSystemImpl.java:register(276)) - Sink prometheus already exists!
2019-10-09 08:01:13,449 [main] INFO  server.BaseHttpServer (BaseHttpServer.java:updateConnectorAddress(215)) - HTTP server of HDDSDATANODE is listening at http://0.0.0.0:45580
2019-10-09 08:01:13,449 [main] INFO  impl.MetricsSystemImpl (MetricsSystemImpl.java:init(158)) - HddsDatanode metrics system started (again)
2019-10-09 08:01:13,455 [org.apache.hadoop.util.JvmPauseMonitor$Monitor@e7c435a] INFO  util.JvmPauseMonitor (JvmPauseMonitor.java:run(188)) - Starting JVM pause monitor
2019-10-09 08:01:13,455 [main] INFO  ozone.HddsDatanodeService (HddsDatanodeService.java:start(184)) - HddsDatanodeService host:pr-hdds-2267-jsbhp-248048675 ip:192.168.30.26
2019-10-09 08:01:13,456 [Datanode State Machine Thread - 0] INFO  datanode.InitDatanodeState (InitDatanodeState.java:persistContainerDatanodeDetails(140)) - DatanodeDetails is persisted to /workdir/hadoop-ozone/integration-test/target/test-dir/MiniOzoneClusterImpl-4df022c4-1e45-4101-a2a2-7a234f72b8c5/datanode-4/meta/datanode.id
2019-10-09 08:01:13,461 [main] INFO  volume.HddsVolume (HddsVolume.java:<init>(176)) - Creating Volume: /workdir/hadoop-ozone/integration-test/target/test-dir/MiniOzoneClusterImpl-4df022c4-1e45-4101-a2a2-7a234f72b8c5/datanode-5/data/containers/hdds of  storage type : DISK and capacity : 1482555576320
2019-10-09 08:01:13,461 [main] INFO  volume.VolumeSet (VolumeSet.java:initializeVolumeSet(170)) - Added Volume : /workdir/hadoop-ozone/integration-test/target/test-dir/MiniOzoneClusterImpl-4df022c4-1e45-4101-a2a2-7a234f72b8c5/datanode-5/data/containers/hdds to VolumeSet
2019-10-09 08:01:13,461 [main] INFO  volume.ThrottledAsyncChecker (ThrottledAsyncChecker.java:schedule(141)) - Scheduling a check for org.apache.hadoop.ozone.container.common.volume.HddsVolume@10ed037a
2019-10-09 08:01:13,461 [main] INFO  volume.HddsVolumeChecker (HddsVolumeChecker.java:checkAllVolumes(204)) - Scheduled health check for volume org.apache.hadoop.ozone.container.common.volume.HddsVolume@10ed037a
2019-10-09 08:01:13,473 [main] INFO  impl.RaftServerProxy (ConfUtils.java:logGet(43)) - raft.rpc.type = GRPC (default)
2019-10-09 08:01:13,473 [main] INFO  grpc.GrpcFactory (GrpcFactory.java:checkPooledByteBufAllocatorUseCacheForAllThreads(45)) - PERFORMANCE WARNING: useCacheForAllThreads is true that may cause Netty to create a lot garbage objects and, as a result, trigger GC.
	It is recommended to disable useCacheForAllThreads by setting -Dorg.apache.ratis.thirdparty.io.netty.allocator.useCacheForAllThreads=false in command line.
2019-10-09 08:01:13,473 [main] INFO  grpc.GrpcConfigKeys$Server (ConfUtils.java:logGet(43)) - raft.grpc.server.port = 0 (default)
2019-10-09 08:01:13,473 [main] INFO  server.GrpcService (ConfUtils.java:logGet(43)) - raft.grpc.message.size.max = 33570816 (custom)
2019-10-09 08:01:13,473 [main] INFO  server.RaftServerConfigKeys (ConfUtils.java:logGet(43)) - raft.server.log.appender.buffer.byte-limit = 33554432 (custom)
2019-10-09 08:01:13,474 [main] INFO  server.GrpcService (ConfUtils.java:logGet(43)) - raft.grpc.flow.control.window = 1MB (=1048576) (default)
2019-10-09 08:01:13,474 [main] INFO  server.RaftServerConfigKeys (ConfUtils.java:logGet(43)) - raft.server.rpc.request.timeout = 3000ms (default)
2019-10-09 08:01:13,474 [main] INFO  server.RaftServerConfigKeys (ConfUtils.java:logGet(43)) - raft.server.storage.dir = [/workdir/hadoop-ozone/integration-test/target/test-dir/MiniOzoneClusterImpl-4df022c4-1e45-4101-a2a2-7a234f72b8c5/datanode-5/data/ratis] (custom)
2019-10-09 08:01:13,475 [main] INFO  hdfs.DFSUtil (DFSUtil.java:httpServerTemplateForNNAndJN(1641)) - Starting Web-server for hddsDatanode at: http://0.0.0.0:0
2019-10-09 08:01:13,476 [main] INFO  server.AuthenticationFilter (AuthenticationFilter.java:constructSecretProvider(240)) - Unable to initialize FileSignerSecretProvider, falling back to use random secrets.
2019-10-09 08:01:13,476 [main] WARN  http.HttpRequestLog (HttpRequestLog.java:getRequestLog(97)) - Jetty request log can only be enabled using Log4j
2019-10-09 08:01:13,477 [main] INFO  http.HttpServer2 (HttpServer2.java:addGlobalFilter(975)) - Added global filter 'safety' (class=org.apache.hadoop.http.HttpServer2$QuotingInputFilter)
2019-10-09 08:01:13,478 [main] INFO  http.HttpServer2 (HttpServer2.java:addFilter(948)) - Added filter static_user_filter (class=org.apache.hadoop.http.lib.StaticUserWebFilter$StaticUserFilter) to context hddsDatanode
2019-10-09 08:01:13,478 [main] INFO  http.HttpServer2 (HttpServer2.java:addFilter(958)) - Added filter static_user_filter (class=org.apache.hadoop.http.lib.StaticUserWebFilter$StaticUserFilter) to context static
2019-10-09 08:01:13,478 [main] INFO  http.HttpServer2 (HttpServer2.java:addFilter(958)) - Added filter static_user_filter (class=org.apache.hadoop.http.lib.StaticUserWebFilter$StaticUserFilter) to context logs
2019-10-09 08:01:13,478 [main] INFO  http.HttpServer2 (HttpServer2.java:bindListener(1191)) - Jetty bound to port 37663
2019-10-09 08:01:13,479 [main] INFO  server.Server (Server.java:doStart(351)) - jetty-9.3.25.v20180904, build timestamp: 2018-09-04T21:11:46Z, git hash: 3ce520221d0240229c862b122d2b06c12a625732
2019-10-09 08:01:13,480 [main] INFO  handler.ContextHandler (ContextHandler.java:doStart(781)) - Started o.e.j.s.ServletContextHandler@649b5891{/logs,file:///workdir/hadoop-ozone/integration-test/target/log,AVAILABLE}
2019-10-09 08:01:13,480 [main] INFO  handler.ContextHandler (ContextHandler.java:doStart(781)) - Started o.e.j.s.ServletContextHandler@1be52861{/static,jar:file:/home/user/.m2/repository/org/apache/hadoop/hadoop-hdds-container-service/0.5.0-SNAPSHOT/hadoop-hdds-container-service-0.5.0-SNAPSHOT.jar!/webapps/static,AVAILABLE}
2019-10-09 08:01:13,507 [main] INFO  handler.ContextHandler (ContextHandler.java:doStart(781)) - Started o.e.j.w.WebAppContext@7ac058a0{/,file:///tmp/jetty-0.0.0.0-37663-hddsDatanode-_-any-5259077008056034479.dir/webapp/,AVAILABLE}{/hddsDatanode}
2019-10-09 08:01:13,508 [main] INFO  server.AbstractConnector (AbstractConnector.java:doStart(278)) - Started ServerConnector@736b21ee{HTTP/1.1,[http/1.1]}{0.0.0.0:37663}
2019-10-09 08:01:13,509 [main] INFO  server.Server (Server.java:doStart(419)) - Started @585756ms
2019-10-09 08:01:13,509 [main] WARN  impl.MetricsSystemImpl (MetricsSystemImpl.java:register(276)) - Sink prometheus already exists!
2019-10-09 08:01:13,509 [main] INFO  server.BaseHttpServer (BaseHttpServer.java:updateConnectorAddress(215)) - HTTP server of HDDSDATANODE is listening at http://0.0.0.0:37663
2019-10-09 08:01:13,509 [main] INFO  impl.MetricsSystemImpl (MetricsSystemImpl.java:init(158)) - HddsDatanode metrics system started (again)
2019-10-09 08:01:13,515 [org.apache.hadoop.util.JvmPauseMonitor$Monitor@338bc1a4] INFO  util.JvmPauseMonitor (JvmPauseMonitor.java:run(188)) - Starting JVM pause monitor
2019-10-09 08:01:13,515 [main] INFO  ozone.HddsDatanodeService (HddsDatanodeService.java:start(184)) - HddsDatanodeService host:pr-hdds-2267-jsbhp-248048675 ip:192.168.30.26
2019-10-09 08:01:13,516 [Datanode State Machine Thread - 0] INFO  datanode.InitDatanodeState (InitDatanodeState.java:persistContainerDatanodeDetails(140)) - DatanodeDetails is persisted to /workdir/hadoop-ozone/integration-test/target/test-dir/MiniOzoneClusterImpl-4df022c4-1e45-4101-a2a2-7a234f72b8c5/datanode-5/meta/datanode.id
2019-10-09 08:01:13,520 [main] INFO  volume.HddsVolume (HddsVolume.java:<init>(176)) - Creating Volume: /workdir/hadoop-ozone/integration-test/target/test-dir/MiniOzoneClusterImpl-4df022c4-1e45-4101-a2a2-7a234f72b8c5/datanode-6/data/containers/hdds of  storage type : DISK and capacity : 1482555576320
2019-10-09 08:01:13,520 [main] INFO  volume.VolumeSet (VolumeSet.java:initializeVolumeSet(170)) - Added Volume : /workdir/hadoop-ozone/integration-test/target/test-dir/MiniOzoneClusterImpl-4df022c4-1e45-4101-a2a2-7a234f72b8c5/datanode-6/data/containers/hdds to VolumeSet
2019-10-09 08:01:13,521 [main] INFO  volume.ThrottledAsyncChecker (ThrottledAsyncChecker.java:schedule(141)) - Scheduling a check for org.apache.hadoop.ozone.container.common.volume.HddsVolume@625487a6
2019-10-09 08:01:13,521 [main] INFO  volume.HddsVolumeChecker (HddsVolumeChecker.java:checkAllVolumes(204)) - Scheduled health check for volume org.apache.hadoop.ozone.container.common.volume.HddsVolume@625487a6
2019-10-09 08:01:13,531 [main] INFO  impl.RaftServerProxy (ConfUtils.java:logGet(43)) - raft.rpc.type = GRPC (default)
2019-10-09 08:01:13,532 [main] INFO  grpc.GrpcFactory (GrpcFactory.java:checkPooledByteBufAllocatorUseCacheForAllThreads(45)) - PERFORMANCE WARNING: useCacheForAllThreads is true that may cause Netty to create a lot garbage objects and, as a result, trigger GC.
	It is recommended to disable useCacheForAllThreads by setting -Dorg.apache.ratis.thirdparty.io.netty.allocator.useCacheForAllThreads=false in command line.
2019-10-09 08:01:13,532 [main] INFO  grpc.GrpcConfigKeys$Server (ConfUtils.java:logGet(43)) - raft.grpc.server.port = 0 (default)
2019-10-09 08:01:13,532 [main] INFO  server.GrpcService (ConfUtils.java:logGet(43)) - raft.grpc.message.size.max = 33570816 (custom)
2019-10-09 08:01:13,532 [main] INFO  server.RaftServerConfigKeys (ConfUtils.java:logGet(43)) - raft.server.log.appender.buffer.byte-limit = 33554432 (custom)
2019-10-09 08:01:13,532 [main] INFO  server.GrpcService (ConfUtils.java:logGet(43)) - raft.grpc.flow.control.window = 1MB (=1048576) (default)
2019-10-09 08:01:13,532 [main] INFO  server.RaftServerConfigKeys (ConfUtils.java:logGet(43)) - raft.server.rpc.request.timeout = 3000ms (default)
2019-10-09 08:01:13,533 [main] INFO  server.RaftServerConfigKeys (ConfUtils.java:logGet(43)) - raft.server.storage.dir = [/workdir/hadoop-ozone/integration-test/target/test-dir/MiniOzoneClusterImpl-4df022c4-1e45-4101-a2a2-7a234f72b8c5/datanode-6/data/ratis] (custom)
2019-10-09 08:01:13,534 [main] INFO  hdfs.DFSUtil (DFSUtil.java:httpServerTemplateForNNAndJN(1641)) - Starting Web-server for hddsDatanode at: http://0.0.0.0:0
2019-10-09 08:01:13,535 [main] INFO  server.AuthenticationFilter (AuthenticationFilter.java:constructSecretProvider(240)) - Unable to initialize FileSignerSecretProvider, falling back to use random secrets.
2019-10-09 08:01:13,535 [main] WARN  http.HttpRequestLog (HttpRequestLog.java:getRequestLog(97)) - Jetty request log can only be enabled using Log4j
2019-10-09 08:01:13,536 [main] INFO  http.HttpServer2 (HttpServer2.java:addGlobalFilter(975)) - Added global filter 'safety' (class=org.apache.hadoop.http.HttpServer2$QuotingInputFilter)
2019-10-09 08:01:13,536 [main] INFO  http.HttpServer2 (HttpServer2.java:addFilter(948)) - Added filter static_user_filter (class=org.apache.hadoop.http.lib.StaticUserWebFilter$StaticUserFilter) to context hddsDatanode
2019-10-09 08:01:13,536 [main] INFO  http.HttpServer2 (HttpServer2.java:addFilter(958)) - Added filter static_user_filter (class=org.apache.hadoop.http.lib.StaticUserWebFilter$StaticUserFilter) to context static
2019-10-09 08:01:13,536 [main] INFO  http.HttpServer2 (HttpServer2.java:addFilter(958)) - Added filter static_user_filter (class=org.apache.hadoop.http.lib.StaticUserWebFilter$StaticUserFilter) to context logs
2019-10-09 08:01:13,537 [main] INFO  http.HttpServer2 (HttpServer2.java:bindListener(1191)) - Jetty bound to port 39873
2019-10-09 08:01:13,537 [main] INFO  server.Server (Server.java:doStart(351)) - jetty-9.3.25.v20180904, build timestamp: 2018-09-04T21:11:46Z, git hash: 3ce520221d0240229c862b122d2b06c12a625732
2019-10-09 08:01:13,538 [main] INFO  handler.ContextHandler (ContextHandler.java:doStart(781)) - Started o.e.j.s.ServletContextHandler@68bd8ca7{/logs,file:///workdir/hadoop-ozone/integration-test/target/log,AVAILABLE}
2019-10-09 08:01:13,539 [main] INFO  handler.ContextHandler (ContextHandler.java:doStart(781)) - Started o.e.j.s.ServletContextHandler@4b28a7bf{/static,jar:file:/home/user/.m2/repository/org/apache/hadoop/hadoop-hdds-container-service/0.5.0-SNAPSHOT/hadoop-hdds-container-service-0.5.0-SNAPSHOT.jar!/webapps/static,AVAILABLE}
2019-10-09 08:01:13,566 [main] INFO  handler.ContextHandler (ContextHandler.java:doStart(781)) - Started o.e.j.w.WebAppContext@5b0902b4{/,file:///tmp/jetty-0.0.0.0-39873-hddsDatanode-_-any-2366405045417999315.dir/webapp/,AVAILABLE}{/hddsDatanode}
2019-10-09 08:01:13,566 [main] INFO  server.AbstractConnector (AbstractConnector.java:doStart(278)) - Started ServerConnector@9d3d54e{HTTP/1.1,[http/1.1]}{0.0.0.0:39873}
2019-10-09 08:01:13,570 [main] INFO  server.Server (Server.java:doStart(419)) - Started @585817ms
2019-10-09 08:01:13,570 [main] WARN  impl.MetricsSystemImpl (MetricsSystemImpl.java:register(276)) - Sink prometheus already exists!
2019-10-09 08:01:13,571 [main] INFO  server.BaseHttpServer (BaseHttpServer.java:updateConnectorAddress(215)) - HTTP server of HDDSDATANODE is listening at http://0.0.0.0:39873
2019-10-09 08:01:13,571 [main] INFO  ozone.MiniOzoneClusterImpl (MiniOzoneClusterImpl.java:lambda$waitForClusterToBeReady$0(147)) - Waiting for cluster to be ready. Got 0 of 7 DN Heartbeats.
2019-10-09 08:01:13,572 [org.apache.hadoop.util.JvmPauseMonitor$Monitor@555a80de] INFO  util.JvmPauseMonitor (JvmPauseMonitor.java:run(188)) - Starting JVM pause monitor
2019-10-09 08:01:13,574 [Datanode State Machine Thread - 0] INFO  datanode.InitDatanodeState (InitDatanodeState.java:persistContainerDatanodeDetails(140)) - DatanodeDetails is persisted to /workdir/hadoop-ozone/integration-test/target/test-dir/MiniOzoneClusterImpl-4df022c4-1e45-4101-a2a2-7a234f72b8c5/datanode-6/meta/datanode.id
2019-10-09 08:01:14,571 [main] INFO  ozone.MiniOzoneClusterImpl (MiniOzoneClusterImpl.java:lambda$waitForClusterToBeReady$0(147)) - Waiting for cluster to be ready. Got 0 of 7 DN Heartbeats.
2019-10-09 08:01:15,201 [Datanode State Machine Thread - 0] INFO  ozoneimpl.OzoneContainer (OzoneContainer.java:start(213)) - Attempting to start container services.
2019-10-09 08:01:15,203 [Datanode State Machine Thread - 0] INFO  ozoneimpl.OzoneContainer (OzoneContainer.java:startContainerScrub(177)) - Background container scanner has been disabled.
2019-10-09 08:01:15,204 [Datanode State Machine Thread - 0] INFO  ratis.XceiverServerRatis (XceiverServerRatis.java:start(418)) - Starting XceiverServerRatis 073fd5a2-9708-4ee1-989d-fb2c807bc92e at port 0
2019-10-09 08:01:15,212 [Datanode State Machine Thread - 0] INFO  impl.RaftServerProxy (RaftServerProxy.java:lambda$start$3(299)) - 073fd5a2-9708-4ee1-989d-fb2c807bc92e: start RPC server
2019-10-09 08:01:15,216 [Datanode State Machine Thread - 0] INFO  server.GrpcService (GrpcService.java:startImpl(158)) - 073fd5a2-9708-4ee1-989d-fb2c807bc92e: GrpcService started, listening on 0.0.0.0/0.0.0.0:43196
2019-10-09 08:01:15,216 [Datanode State Machine Thread - 0] INFO  ratis.XceiverServerRatis (XceiverServerRatis.java:start(428)) - XceiverServerRatis 073fd5a2-9708-4ee1-989d-fb2c807bc92e is started using port 43196
2019-10-09 08:01:15,216 [Datanode State Machine Thread - 0] INFO  server.XceiverServerGrpc (XceiverServerGrpc.java:start(149)) - XceiverServerGrpc 073fd5a2-9708-4ee1-989d-fb2c807bc92e is started using port 37898
2019-10-09 08:01:15,255 [Datanode State Machine Thread - 0] INFO  ozoneimpl.OzoneContainer (OzoneContainer.java:start(213)) - Attempting to start container services.
2019-10-09 08:01:15,256 [Datanode State Machine Thread - 0] INFO  ozoneimpl.OzoneContainer (OzoneContainer.java:startContainerScrub(177)) - Background container scanner has been disabled.
2019-10-09 08:01:15,256 [Datanode State Machine Thread - 0] INFO  ratis.XceiverServerRatis (XceiverServerRatis.java:start(418)) - Starting XceiverServerRatis 1b70438d-a4e3-4816-9602-0f37573f16e9 at port 0
2019-10-09 08:01:15,261 [Datanode State Machine Thread - 0] INFO  impl.RaftServerProxy (RaftServerProxy.java:lambda$start$3(299)) - 1b70438d-a4e3-4816-9602-0f37573f16e9: start RPC server
2019-10-09 08:01:15,262 [Datanode State Machine Thread - 0] INFO  server.GrpcService (GrpcService.java:startImpl(158)) - 1b70438d-a4e3-4816-9602-0f37573f16e9: GrpcService started, listening on 0.0.0.0/0.0.0.0:40185
2019-10-09 08:01:15,262 [Datanode State Machine Thread - 0] INFO  ratis.XceiverServerRatis (XceiverServerRatis.java:start(428)) - XceiverServerRatis 1b70438d-a4e3-4816-9602-0f37573f16e9 is started using port 40185
2019-10-09 08:01:15,264 [Datanode State Machine Thread - 0] INFO  server.XceiverServerGrpc (XceiverServerGrpc.java:start(149)) - XceiverServerGrpc 1b70438d-a4e3-4816-9602-0f37573f16e9 is started using port 43568
2019-10-09 08:01:15,326 [Datanode State Machine Thread - 0] INFO  ozoneimpl.OzoneContainer (OzoneContainer.java:start(213)) - Attempting to start container services.
2019-10-09 08:01:15,326 [Datanode State Machine Thread - 0] INFO  ozoneimpl.OzoneContainer (OzoneContainer.java:startContainerScrub(177)) - Background container scanner has been disabled.
2019-10-09 08:01:15,326 [Datanode State Machine Thread - 0] INFO  ratis.XceiverServerRatis (XceiverServerRatis.java:start(418)) - Starting XceiverServerRatis 3867358e-0593-45dd-9259-84e61f3a3ea7 at port 0
2019-10-09 08:01:15,333 [Datanode State Machine Thread - 0] INFO  impl.RaftServerProxy (RaftServerProxy.java:lambda$start$3(299)) - 3867358e-0593-45dd-9259-84e61f3a3ea7: start RPC server
2019-10-09 08:01:15,336 [Datanode State Machine Thread - 0] INFO  server.GrpcService (GrpcService.java:startImpl(158)) - 3867358e-0593-45dd-9259-84e61f3a3ea7: GrpcService started, listening on 0.0.0.0/0.0.0.0:40376
2019-10-09 08:01:15,336 [Datanode State Machine Thread - 0] INFO  ratis.XceiverServerRatis (XceiverServerRatis.java:start(428)) - XceiverServerRatis 3867358e-0593-45dd-9259-84e61f3a3ea7 is started using port 40376
2019-10-09 08:01:15,336 [Datanode State Machine Thread - 0] INFO  server.XceiverServerGrpc (XceiverServerGrpc.java:start(149)) - XceiverServerGrpc 3867358e-0593-45dd-9259-84e61f3a3ea7 is started using port 38055
2019-10-09 08:01:15,397 [Datanode State Machine Thread - 0] INFO  ozoneimpl.OzoneContainer (OzoneContainer.java:start(213)) - Attempting to start container services.
2019-10-09 08:01:15,397 [Datanode State Machine Thread - 0] INFO  ozoneimpl.OzoneContainer (OzoneContainer.java:startContainerScrub(177)) - Background container scanner has been disabled.
2019-10-09 08:01:15,398 [Datanode State Machine Thread - 0] INFO  ratis.XceiverServerRatis (XceiverServerRatis.java:start(418)) - Starting XceiverServerRatis 378e8ca1-a439-4b49-a1cd-52eabd12a77e at port 0
2019-10-09 08:01:15,405 [Datanode State Machine Thread - 0] INFO  impl.RaftServerProxy (RaftServerProxy.java:lambda$start$3(299)) - 378e8ca1-a439-4b49-a1cd-52eabd12a77e: start RPC server
2019-10-09 08:01:15,408 [Datanode State Machine Thread - 0] INFO  server.GrpcService (GrpcService.java:startImpl(158)) - 378e8ca1-a439-4b49-a1cd-52eabd12a77e: GrpcService started, listening on 0.0.0.0/0.0.0.0:45153
2019-10-09 08:01:15,408 [Datanode State Machine Thread - 0] INFO  ratis.XceiverServerRatis (XceiverServerRatis.java:start(428)) - XceiverServerRatis 378e8ca1-a439-4b49-a1cd-52eabd12a77e is started using port 45153
2019-10-09 08:01:15,410 [Datanode State Machine Thread - 0] INFO  server.XceiverServerGrpc (XceiverServerGrpc.java:start(149)) - XceiverServerGrpc 378e8ca1-a439-4b49-a1cd-52eabd12a77e is started using port 45840
2019-10-09 08:01:15,468 [Datanode State Machine Thread - 0] INFO  ozoneimpl.OzoneContainer (OzoneContainer.java:start(213)) - Attempting to start container services.
2019-10-09 08:01:15,469 [Datanode State Machine Thread - 0] INFO  ozoneimpl.OzoneContainer (OzoneContainer.java:startContainerScrub(177)) - Background container scanner has been disabled.
2019-10-09 08:01:15,469 [Datanode State Machine Thread - 0] INFO  ratis.XceiverServerRatis (XceiverServerRatis.java:start(418)) - Starting XceiverServerRatis ecfccb84-3385-49f9-89df-2dc682e40b30 at port 0
2019-10-09 08:01:15,476 [Datanode State Machine Thread - 0] INFO  impl.RaftServerProxy (RaftServerProxy.java:lambda$start$3(299)) - ecfccb84-3385-49f9-89df-2dc682e40b30: start RPC server
2019-10-09 08:01:15,477 [Datanode State Machine Thread - 0] INFO  server.GrpcService (GrpcService.java:startImpl(158)) - ecfccb84-3385-49f9-89df-2dc682e40b30: GrpcService started, listening on 0.0.0.0/0.0.0.0:42281
2019-10-09 08:01:15,477 [Datanode State Machine Thread - 0] INFO  ratis.XceiverServerRatis (XceiverServerRatis.java:start(428)) - XceiverServerRatis ecfccb84-3385-49f9-89df-2dc682e40b30 is started using port 42281
2019-10-09 08:01:15,478 [Datanode State Machine Thread - 0] INFO  server.XceiverServerGrpc (XceiverServerGrpc.java:start(149)) - XceiverServerGrpc ecfccb84-3385-49f9-89df-2dc682e40b30 is started using port 34733
2019-10-09 08:01:15,530 [Datanode State Machine Thread - 0] INFO  ozoneimpl.OzoneContainer (OzoneContainer.java:start(213)) - Attempting to start container services.
2019-10-09 08:01:15,531 [Datanode State Machine Thread - 0] INFO  ozoneimpl.OzoneContainer (OzoneContainer.java:startContainerScrub(177)) - Background container scanner has been disabled.
2019-10-09 08:01:15,531 [Datanode State Machine Thread - 0] INFO  ratis.XceiverServerRatis (XceiverServerRatis.java:start(418)) - Starting XceiverServerRatis a4988454-66ec-443f-97d8-24dbcdced6c5 at port 0
2019-10-09 08:01:15,538 [Datanode State Machine Thread - 0] INFO  impl.RaftServerProxy (RaftServerProxy.java:lambda$start$3(299)) - a4988454-66ec-443f-97d8-24dbcdced6c5: start RPC server
2019-10-09 08:01:15,539 [Datanode State Machine Thread - 0] INFO  server.GrpcService (GrpcService.java:startImpl(158)) - a4988454-66ec-443f-97d8-24dbcdced6c5: GrpcService started, listening on 0.0.0.0/0.0.0.0:33450
2019-10-09 08:01:15,539 [Datanode State Machine Thread - 0] INFO  ratis.XceiverServerRatis (XceiverServerRatis.java:start(428)) - XceiverServerRatis a4988454-66ec-443f-97d8-24dbcdced6c5 is started using port 33450
2019-10-09 08:01:15,540 [Datanode State Machine Thread - 0] INFO  server.XceiverServerGrpc (XceiverServerGrpc.java:start(149)) - XceiverServerGrpc a4988454-66ec-443f-97d8-24dbcdced6c5 is started using port 45462
2019-10-09 08:01:15,572 [main] INFO  ozone.MiniOzoneClusterImpl (MiniOzoneClusterImpl.java:lambda$waitForClusterToBeReady$0(147)) - Waiting for cluster to be ready. Got 0 of 7 DN Heartbeats.
2019-10-09 08:01:15,587 [Datanode State Machine Thread - 0] INFO  ozoneimpl.OzoneContainer (OzoneContainer.java:start(213)) - Attempting to start container services.
2019-10-09 08:01:15,587 [Datanode State Machine Thread - 0] INFO  ozoneimpl.OzoneContainer (OzoneContainer.java:startContainerScrub(177)) - Background container scanner has been disabled.
2019-10-09 08:01:15,587 [Datanode State Machine Thread - 0] INFO  ratis.XceiverServerRatis (XceiverServerRatis.java:start(418)) - Starting XceiverServerRatis 47b9f0ae-ccc1-46e4-8719-b00f15f21b54 at port 0
2019-10-09 08:01:15,594 [Datanode State Machine Thread - 0] INFO  impl.RaftServerProxy (RaftServerProxy.java:lambda$start$3(299)) - 47b9f0ae-ccc1-46e4-8719-b00f15f21b54: start RPC server
2019-10-09 08:01:15,608 [Datanode State Machine Thread - 0] INFO  server.GrpcService (GrpcService.java:startImpl(158)) - 47b9f0ae-ccc1-46e4-8719-b00f15f21b54: GrpcService started, listening on 0.0.0.0/0.0.0.0:37463
2019-10-09 08:01:15,609 [Datanode State Machine Thread - 0] INFO  ratis.XceiverServerRatis (XceiverServerRatis.java:start(428)) - XceiverServerRatis 47b9f0ae-ccc1-46e4-8719-b00f15f21b54 is started using port 37463
2019-10-09 08:01:15,612 [Datanode State Machine Thread - 0] INFO  server.XceiverServerGrpc (XceiverServerGrpc.java:start(149)) - XceiverServerGrpc 47b9f0ae-ccc1-46e4-8719-b00f15f21b54 is started using port 41479
2019-10-09 08:01:16,573 [main] INFO  ozone.MiniOzoneClusterImpl (MiniOzoneClusterImpl.java:lambda$waitForClusterToBeReady$0(147)) - Waiting for cluster to be ready. Got 0 of 7 DN Heartbeats.
2019-10-09 08:01:17,173 [IPC Server handler 1 on 43644] INFO  net.NetworkTopology (NetworkTopologyImpl.java:add(111)) - Added a new node: /default-rack/073fd5a2-9708-4ee1-989d-fb2c807bc92e
2019-10-09 08:01:17,176 [IPC Server handler 1 on 43644] INFO  node.SCMNodeManager (SCMNodeManager.java:register(268)) - Registered Data node : 073fd5a2-9708-4ee1-989d-fb2c807bc92e{ip: 192.168.30.26, host: pr-hdds-2267-jsbhp-248048675, networkLocation: /default-rack, certSerialId: null}
2019-10-09 08:01:17,177 [EventQueue-NodeRegistrationContainerReportForDataNodeSafeModeRule] INFO  safemode.SCMSafeModeManager (DataNodeSafeModeRule.java:process(71)) - SCM in safe mode. 1 DataNodes registered, 1 required.
2019-10-09 08:01:17,179 [EventQueue-NodeRegistrationContainerReportForDataNodeSafeModeRule] INFO  safemode.SCMSafeModeManager (SCMSafeModeManager.java:validateSafeModeExitRules(177)) - ScmSafeModeManager, all rules are successfully validated
2019-10-09 08:01:17,179 [EventQueue-NodeRegistrationContainerReportForDataNodeSafeModeRule] INFO  safemode.SCMSafeModeManager (SCMSafeModeManager.java:exitSafeMode(193)) - SCM exiting safe mode.
2019-10-09 08:01:17,193 [grpc-default-executor-6] INFO  impl.RaftServerProxy (RaftServerProxy.java:addNew(89)) - 073fd5a2-9708-4ee1-989d-fb2c807bc92e: addNew group-1160CF3FA398:[073fd5a2-9708-4ee1-989d-fb2c807bc92e:192.168.30.26:43196] returns group-1160CF3FA398:java.util.concurrent.CompletableFuture@4a78b791[Not completed]
2019-10-09 08:01:17,196 [pool-409-thread-1] INFO  impl.RaftServerImpl (RaftServerImpl.java:<init>(95)) - 073fd5a2-9708-4ee1-989d-fb2c807bc92e: new RaftServerImpl for group-1160CF3FA398:[073fd5a2-9708-4ee1-989d-fb2c807bc92e:192.168.30.26:43196] with ContainerStateMachine:uninitialized
2019-10-09 08:01:17,196 [pool-409-thread-1] INFO  server.RaftServerConfigKeys (ConfUtils.java:logGet(43)) - raft.server.rpc.timeout.min = 5s (custom)
2019-10-09 08:01:17,196 [pool-409-thread-1] INFO  server.RaftServerConfigKeys (ConfUtils.java:logGet(43)) - raft.server.rpc.timeout.max = 5200ms (custom)
2019-10-09 08:01:17,197 [pool-409-thread-1] INFO  server.RaftServerConfigKeys (ConfUtils.java:logGet(43)) - raft.server.rpcslowness.timeout = 120s (custom)
2019-10-09 08:01:17,197 [pool-409-thread-1] INFO  server.RaftServerConfigKeys (ConfUtils.java:logGet(43)) - raft.server.sleep.deviation.threshold = 300 (default)
2019-10-09 08:01:17,197 [pool-409-thread-1] INFO  server.RaftServerConfigKeys (ConfUtils.java:logGet(43)) - raft.server.log.appender.install.snapshot.enabled = false (custom)
2019-10-09 08:01:17,197 [pool-409-thread-1] INFO  impl.RaftServerImpl (ServerState.java:<init>(103)) - 073fd5a2-9708-4ee1-989d-fb2c807bc92e@group-1160CF3FA398: ConfigurationManager, init=-1: [073fd5a2-9708-4ee1-989d-fb2c807bc92e:192.168.30.26:43196], old=null, confs=<EMPTY_MAP>
2019-10-09 08:01:17,197 [pool-409-thread-1] INFO  server.RaftServerConfigKeys (ConfUtils.java:logGet(43)) - raft.server.storage.dir = [/workdir/hadoop-ozone/integration-test/target/test-dir/MiniOzoneClusterImpl-4df022c4-1e45-4101-a2a2-7a234f72b8c5/datanode-0/data/ratis] (custom)
2019-10-09 08:01:17,198 [pool-409-thread-1] INFO  server.RaftServerConfigKeys (ConfUtils.java:logGet(43)) - raft.server.log.corruption.policy = EXCEPTION (default)
2019-10-09 08:01:17,198 [pool-409-thread-1] INFO  storage.RaftStorageDirectory (RaftStorageDirectory.java:analyzeStorage(246)) - The storage directory /workdir/hadoop-ozone/integration-test/target/test-dir/MiniOzoneClusterImpl-4df022c4-1e45-4101-a2a2-7a234f72b8c5/datanode-0/data/ratis/896bbe9a-cf7c-4498-83cd-1160cf3fa398 does not exist. Creating ...
2019-10-09 08:01:17,212 [pool-409-thread-1] INFO  storage.RaftStorageDirectory (RaftStorageDirectory.java:tryLock(328)) - Lock on /workdir/hadoop-ozone/integration-test/target/test-dir/MiniOzoneClusterImpl-4df022c4-1e45-4101-a2a2-7a234f72b8c5/datanode-0/data/ratis/896bbe9a-cf7c-4498-83cd-1160cf3fa398/in_use.lock acquired by nodename 25493@pr-hdds-2267-jsbhp-248048675
2019-10-09 08:01:17,226 [pool-409-thread-1] INFO  storage.RaftStorage (RaftStorage.java:format(84)) - Storage directory /workdir/hadoop-ozone/integration-test/target/test-dir/MiniOzoneClusterImpl-4df022c4-1e45-4101-a2a2-7a234f72b8c5/datanode-0/data/ratis/896bbe9a-cf7c-4498-83cd-1160cf3fa398 has been successfully formatted.
2019-10-09 08:01:17,226 [pool-409-thread-1] INFO  ratis.ContainerStateMachine (ContainerStateMachine.java:loadSnapshot(231)) - group-1160CF3FA398: The snapshot info is null. Setting the last applied indexto:(t:0, i:~)
2019-10-09 08:01:17,226 [pool-409-thread-1] INFO  server.RaftServerConfigKeys (ConfUtils.java:logGet(43)) - raft.server.notification.no-leader.timeout = 120s (custom)
2019-10-09 08:01:17,226 [pool-409-thread-1] INFO  server.RaftServerConfigKeys (ConfUtils.java:logGet(43)) - raft.server.log.use.memory = false (default)
2019-10-09 08:01:17,227 [pool-409-thread-1] INFO  server.RaftServerConfigKeys (ConfUtils.java:logGet(43)) - raft.server.log.purge.gap = 1000000 (custom)
2019-10-09 08:01:17,227 [pool-409-thread-1] INFO  server.RaftServerConfigKeys (ConfUtils.java:logGet(43)) - raft.server.log.appender.buffer.byte-limit = 33554432 (custom)
2019-10-09 08:01:17,227 [pool-409-thread-1] INFO  server.RaftServerConfigKeys (ConfUtils.java:logGet(43)) - raft.server.log.segment.size.max = 1048576 (custom)
2019-10-09 08:01:17,229 [pool-409-thread-1] INFO  server.RaftServerConfigKeys (ConfUtils.java:logGet(43)) - raft.server.log.segment.cache.num.max = 2 (custom)
2019-10-09 08:01:17,229 [pool-409-thread-1] INFO  segmented.SegmentedRaftLogWorker (SegmentedRaftLogWorker.java:<init>(173)) - new 073fd5a2-9708-4ee1-989d-fb2c807bc92e@group-1160CF3FA398-SegmentedRaftLogWorker for RaftStorage:Storage Directory /workdir/hadoop-ozone/integration-test/target/test-dir/MiniOzoneClusterImpl-4df022c4-1e45-4101-a2a2-7a234f72b8c5/datanode-0/data/ratis/896bbe9a-cf7c-4498-83cd-1160cf3fa398
2019-10-09 08:01:17,229 [pool-409-thread-1] INFO  server.RaftServerConfigKeys (ConfUtils.java:logGet(43)) - raft.server.log.queue.byte-limit = 2147483647 (custom)
2019-10-09 08:01:17,229 [pool-409-thread-1] INFO  server.RaftServerConfigKeys (ConfUtils.java:logGet(43)) - raft.server.log.queue.element-limit = 1024 (custom)
2019-10-09 08:01:17,229 [pool-409-thread-1] INFO  server.RaftServerConfigKeys (ConfUtils.java:logGet(43)) - raft.server.log.segment.size.max = 1048576 (custom)
2019-10-09 08:01:17,229 [pool-409-thread-1] INFO  server.RaftServerConfigKeys (ConfUtils.java:logGet(43)) - raft.server.log.preallocated.size = 16384 (custom)
2019-10-09 08:01:17,230 [pool-409-thread-1] INFO  server.RaftServerConfigKeys (ConfUtils.java:logGet(43)) - raft.server.log.write.buffer.size = 33554432 (custom)
2019-10-09 08:01:17,230 [pool-409-thread-1] INFO  server.RaftServerConfigKeys (ConfUtils.java:logGet(43)) - raft.server.log.force.sync.num = 128 (default)
2019-10-09 08:01:17,230 [pool-409-thread-1] INFO  server.RaftServerConfigKeys (ConfUtils.java:logGet(43)) - raft.server.log.statemachine.data.sync = true (default)
2019-10-09 08:01:17,230 [pool-409-thread-1] INFO  server.RaftServerConfigKeys (ConfUtils.java:logGet(43)) - raft.server.log.statemachine.data.sync.timeout = 10s (default)
2019-10-09 08:01:17,230 [pool-409-thread-1] INFO  server.RaftServerConfigKeys (ConfUtils.java:logGet(43)) - raft.server.log.statemachine.data.sync.timeout.retry = -1 (default)
2019-10-09 08:01:17,230 [pool-409-thread-1] INFO  server.RaftServerConfigKeys (ConfUtils.java:logGet(43)) - raft.server.log.statemachine.data.caching.enabled = true (custom)
2019-10-09 08:01:17,231 [pool-409-thread-1] INFO  segmented.SegmentedRaftLogWorker (SegmentedRaftLogWorker.java:lambda$new$0(128)) - 073fd5a2-9708-4ee1-989d-fb2c807bc92e@group-1160CF3FA398-SegmentedRaftLogWorker: flushIndex: setUnconditionally 0 -> -1
2019-10-09 08:01:17,231 [pool-409-thread-1] INFO  server.RaftServerConfigKeys (ConfUtils.java:logGet(43)) - raft.server.snapshot.auto.trigger.enabled = true (custom)
2019-10-09 08:01:17,231 [pool-409-thread-1] INFO  server.RaftServerConfigKeys (ConfUtils.java:logGet(43)) - raft.server.snapshot.auto.trigger.threshold = 10000 (custom)
2019-10-09 08:01:17,232 [pool-409-thread-1] INFO  server.RaftServerConfigKeys (ConfUtils.java:logGet(43)) - raft.server.snapshot.retention.file.num = 5 (custom)
2019-10-09 08:01:17,232 [pool-409-thread-1] INFO  server.RaftServerConfigKeys (ConfUtils.java:logGet(43)) - raft.server.retrycache.expirytime = 600000ms (custom)
2019-10-09 08:01:17,233 [pool-409-thread-1] INFO  impl.RaftServerImpl (RaftServerImpl.java:start(181)) - 073fd5a2-9708-4ee1-989d-fb2c807bc92e@group-1160CF3FA398: start as a follower, conf=-1: [073fd5a2-9708-4ee1-989d-fb2c807bc92e:192.168.30.26:43196], old=null
2019-10-09 08:01:17,234 [pool-409-thread-1] INFO  impl.RaftServerImpl (RaftServerImpl.java:setRole(170)) - 073fd5a2-9708-4ee1-989d-fb2c807bc92e@group-1160CF3FA398: changes role from      null to FOLLOWER at term 0 for startAsFollower
2019-10-09 08:01:17,234 [pool-409-thread-1] INFO  impl.RoleInfo (RoleInfo.java:updateAndGet(143)) - 073fd5a2-9708-4ee1-989d-fb2c807bc92e: start FollowerState
2019-10-09 08:01:17,234 [pool-409-thread-1] INFO  util.JmxRegister (JmxRegister.java:tryRegister(44)) - Successfully registered JMX Bean with object name Ratis:service=RaftServer,group=group-1160CF3FA398,id=073fd5a2-9708-4ee1-989d-fb2c807bc92e
2019-10-09 08:01:17,241 [IPC Server handler 3 on 43644] INFO  net.NetworkTopology (NetworkTopologyImpl.java:add(111)) - Added a new node: /default-rack/1b70438d-a4e3-4816-9602-0f37573f16e9
2019-10-09 08:01:17,241 [IPC Server handler 3 on 43644] INFO  node.SCMNodeManager (SCMNodeManager.java:register(268)) - Registered Data node : 1b70438d-a4e3-4816-9602-0f37573f16e9{ip: 192.168.30.26, host: pr-hdds-2267-jsbhp-248048675, networkLocation: /default-rack, certSerialId: null}
2019-10-09 08:01:17,241 [RatisPipelineUtilsThread] INFO  pipeline.PipelineStateManager (PipelineStateManager.java:addPipeline(56)) - Created pipeline Pipeline[ Id: 896bbe9a-cf7c-4498-83cd-1160cf3fa398, Nodes: 073fd5a2-9708-4ee1-989d-fb2c807bc92e{ip: 192.168.30.26, host: pr-hdds-2267-jsbhp-248048675, networkLocation: /default-rack, certSerialId: null}, Type:RATIS, Factor:ONE, State:OPEN]
2019-10-09 08:01:17,249 [grpc-default-executor-6] INFO  impl.RaftServerProxy (RaftServerProxy.java:addNew(89)) - 1b70438d-a4e3-4816-9602-0f37573f16e9: addNew group-3DFDD96DB6B9:[1b70438d-a4e3-4816-9602-0f37573f16e9:192.168.30.26:40185] returns group-3DFDD96DB6B9:java.util.concurrent.CompletableFuture@66215906[Not completed]
2019-10-09 08:01:17,250 [pool-419-thread-1] INFO  impl.RaftServerImpl (RaftServerImpl.java:<init>(95)) - 1b70438d-a4e3-4816-9602-0f37573f16e9: new RaftServerImpl for group-3DFDD96DB6B9:[1b70438d-a4e3-4816-9602-0f37573f16e9:192.168.30.26:40185] with ContainerStateMachine:uninitialized
2019-10-09 08:01:17,251 [pool-419-thread-1] INFO  server.RaftServerConfigKeys (ConfUtils.java:logGet(43)) - raft.server.rpc.timeout.min = 5s (custom)
2019-10-09 08:01:17,251 [pool-419-thread-1] INFO  server.RaftServerConfigKeys (ConfUtils.java:logGet(43)) - raft.server.rpc.timeout.max = 5200ms (custom)
2019-10-09 08:01:17,251 [pool-419-thread-1] INFO  server.RaftServerConfigKeys (ConfUtils.java:logGet(43)) - raft.server.rpcslowness.timeout = 120s (custom)
2019-10-09 08:01:17,251 [pool-419-thread-1] INFO  server.RaftServerConfigKeys (ConfUtils.java:logGet(43)) - raft.server.sleep.deviation.threshold = 300 (default)
2019-10-09 08:01:17,251 [pool-419-thread-1] INFO  server.RaftServerConfigKeys (ConfUtils.java:logGet(43)) - raft.server.log.appender.install.snapshot.enabled = false (custom)
2019-10-09 08:01:17,251 [pool-419-thread-1] INFO  impl.RaftServerImpl (ServerState.java:<init>(103)) - 1b70438d-a4e3-4816-9602-0f37573f16e9@group-3DFDD96DB6B9: ConfigurationManager, init=-1: [1b70438d-a4e3-4816-9602-0f37573f16e9:192.168.30.26:40185], old=null, confs=<EMPTY_MAP>
2019-10-09 08:01:17,251 [pool-419-thread-1] INFO  server.RaftServerConfigKeys (ConfUtils.java:logGet(43)) - raft.server.storage.dir = [/workdir/hadoop-ozone/integration-test/target/test-dir/MiniOzoneClusterImpl-4df022c4-1e45-4101-a2a2-7a234f72b8c5/datanode-1/data/ratis] (custom)
2019-10-09 08:01:17,251 [pool-419-thread-1] INFO  server.RaftServerConfigKeys (ConfUtils.java:logGet(43)) - raft.server.log.corruption.policy = EXCEPTION (default)
2019-10-09 08:01:17,252 [pool-419-thread-1] INFO  storage.RaftStorageDirectory (RaftStorageDirectory.java:analyzeStorage(246)) - The storage directory /workdir/hadoop-ozone/integration-test/target/test-dir/MiniOzoneClusterImpl-4df022c4-1e45-4101-a2a2-7a234f72b8c5/datanode-1/data/ratis/f970802b-1820-43ce-bfce-3dfdd96db6b9 does not exist. Creating ...
2019-10-09 08:01:17,264 [pool-419-thread-1] INFO  storage.RaftStorageDirectory (RaftStorageDirectory.java:tryLock(328)) - Lock on /workdir/hadoop-ozone/integration-test/target/test-dir/MiniOzoneClusterImpl-4df022c4-1e45-4101-a2a2-7a234f72b8c5/datanode-1/data/ratis/f970802b-1820-43ce-bfce-3dfdd96db6b9/in_use.lock acquired by nodename 25493@pr-hdds-2267-jsbhp-248048675
2019-10-09 08:01:17,278 [pool-419-thread-1] INFO  storage.RaftStorage (RaftStorage.java:format(84)) - Storage directory /workdir/hadoop-ozone/integration-test/target/test-dir/MiniOzoneClusterImpl-4df022c4-1e45-4101-a2a2-7a234f72b8c5/datanode-1/data/ratis/f970802b-1820-43ce-bfce-3dfdd96db6b9 has been successfully formatted.
2019-10-09 08:01:17,278 [pool-419-thread-1] INFO  ratis.ContainerStateMachine (ContainerStateMachine.java:loadSnapshot(231)) - group-3DFDD96DB6B9: The snapshot info is null. Setting the last applied indexto:(t:0, i:~)
2019-10-09 08:01:17,278 [pool-419-thread-1] INFO  server.RaftServerConfigKeys (ConfUtils.java:logGet(43)) - raft.server.notification.no-leader.timeout = 120s (custom)
2019-10-09 08:01:17,278 [pool-419-thread-1] INFO  server.RaftServerConfigKeys (ConfUtils.java:logGet(43)) - raft.server.log.use.memory = false (default)
2019-10-09 08:01:17,278 [pool-419-thread-1] INFO  server.RaftServerConfigKeys (ConfUtils.java:logGet(43)) - raft.server.log.purge.gap = 1000000 (custom)
2019-10-09 08:01:17,278 [pool-419-thread-1] INFO  server.RaftServerConfigKeys (ConfUtils.java:logGet(43)) - raft.server.log.appender.buffer.byte-limit = 33554432 (custom)
2019-10-09 08:01:17,278 [pool-419-thread-1] INFO  server.RaftServerConfigKeys (ConfUtils.java:logGet(43)) - raft.server.log.segment.size.max = 1048576 (custom)
2019-10-09 08:01:17,280 [pool-419-thread-1] INFO  server.RaftServerConfigKeys (ConfUtils.java:logGet(43)) - raft.server.log.segment.cache.num.max = 2 (custom)
2019-10-09 08:01:17,280 [pool-419-thread-1] INFO  segmented.SegmentedRaftLogWorker (SegmentedRaftLogWorker.java:<init>(173)) - new 1b70438d-a4e3-4816-9602-0f37573f16e9@group-3DFDD96DB6B9-SegmentedRaftLogWorker for RaftStorage:Storage Directory /workdir/hadoop-ozone/integration-test/target/test-dir/MiniOzoneClusterImpl-4df022c4-1e45-4101-a2a2-7a234f72b8c5/datanode-1/data/ratis/f970802b-1820-43ce-bfce-3dfdd96db6b9
2019-10-09 08:01:17,280 [pool-419-thread-1] INFO  server.RaftServerConfigKeys (ConfUtils.java:logGet(43)) - raft.server.log.queue.byte-limit = 2147483647 (custom)
2019-10-09 08:01:17,280 [pool-419-thread-1] INFO  server.RaftServerConfigKeys (ConfUtils.java:logGet(43)) - raft.server.log.queue.element-limit = 1024 (custom)
2019-10-09 08:01:17,280 [pool-419-thread-1] INFO  server.RaftServerConfigKeys (ConfUtils.java:logGet(43)) - raft.server.log.segment.size.max = 1048576 (custom)
2019-10-09 08:01:17,280 [pool-419-thread-1] INFO  server.RaftServerConfigKeys (ConfUtils.java:logGet(43)) - raft.server.log.preallocated.size = 16384 (custom)
2019-10-09 08:01:17,280 [pool-419-thread-1] INFO  server.RaftServerConfigKeys (ConfUtils.java:logGet(43)) - raft.server.log.write.buffer.size = 33554432 (custom)
2019-10-09 08:01:17,280 [pool-419-thread-1] INFO  server.RaftServerConfigKeys (ConfUtils.java:logGet(43)) - raft.server.log.force.sync.num = 128 (default)
2019-10-09 08:01:17,280 [pool-419-thread-1] INFO  server.RaftServerConfigKeys (ConfUtils.java:logGet(43)) - raft.server.log.statemachine.data.sync = true (default)
2019-10-09 08:01:17,281 [pool-419-thread-1] INFO  server.RaftServerConfigKeys (ConfUtils.java:logGet(43)) - raft.server.log.statemachine.data.sync.timeout = 10s (default)
2019-10-09 08:01:17,281 [pool-419-thread-1] INFO  server.RaftServerConfigKeys (ConfUtils.java:logGet(43)) - raft.server.log.statemachine.data.sync.timeout.retry = -1 (default)
2019-10-09 08:01:17,281 [pool-419-thread-1] INFO  server.RaftServerConfigKeys (ConfUtils.java:logGet(43)) - raft.server.log.statemachine.data.caching.enabled = true (custom)
2019-10-09 08:01:17,281 [pool-419-thread-1] INFO  segmented.SegmentedRaftLogWorker (SegmentedRaftLogWorker.java:lambda$new$0(128)) - 1b70438d-a4e3-4816-9602-0f37573f16e9@group-3DFDD96DB6B9-SegmentedRaftLogWorker: flushIndex: setUnconditionally 0 -> -1
2019-10-09 08:01:17,281 [pool-419-thread-1] INFO  server.RaftServerConfigKeys (ConfUtils.java:logGet(43)) - raft.server.snapshot.auto.trigger.enabled = true (custom)
2019-10-09 08:01:17,282 [pool-419-thread-1] INFO  server.RaftServerConfigKeys (ConfUtils.java:logGet(43)) - raft.server.snapshot.auto.trigger.threshold = 10000 (custom)
2019-10-09 08:01:17,282 [pool-419-thread-1] INFO  server.RaftServerConfigKeys (ConfUtils.java:logGet(43)) - raft.server.snapshot.retention.file.num = 5 (custom)
2019-10-09 08:01:17,282 [pool-419-thread-1] INFO  server.RaftServerConfigKeys (ConfUtils.java:logGet(43)) - raft.server.retrycache.expirytime = 600000ms (custom)
2019-10-09 08:01:17,283 [pool-419-thread-1] INFO  impl.RaftServerImpl (RaftServerImpl.java:start(181)) - 1b70438d-a4e3-4816-9602-0f37573f16e9@group-3DFDD96DB6B9: start as a follower, conf=-1: [1b70438d-a4e3-4816-9602-0f37573f16e9:192.168.30.26:40185], old=null
2019-10-09 08:01:17,283 [pool-419-thread-1] INFO  impl.RaftServerImpl (RaftServerImpl.java:setRole(170)) - 1b70438d-a4e3-4816-9602-0f37573f16e9@group-3DFDD96DB6B9: changes role from      null to FOLLOWER at term 0 for startAsFollower
2019-10-09 08:01:17,283 [pool-419-thread-1] INFO  impl.RoleInfo (RoleInfo.java:updateAndGet(143)) - 1b70438d-a4e3-4816-9602-0f37573f16e9: start FollowerState
2019-10-09 08:01:17,283 [pool-419-thread-1] INFO  util.JmxRegister (JmxRegister.java:tryRegister(44)) - Successfully registered JMX Bean with object name Ratis:service=RaftServer,group=group-3DFDD96DB6B9,id=1b70438d-a4e3-4816-9602-0f37573f16e9
2019-10-09 08:01:17,289 [RatisPipelineUtilsThread] INFO  pipeline.PipelineStateManager (PipelineStateManager.java:addPipeline(56)) - Created pipeline Pipeline[ Id: f970802b-1820-43ce-bfce-3dfdd96db6b9, Nodes: 1b70438d-a4e3-4816-9602-0f37573f16e9{ip: 192.168.30.26, host: pr-hdds-2267-jsbhp-248048675, networkLocation: /default-rack, certSerialId: null}, Type:RATIS, Factor:ONE, State:OPEN]
2019-10-09 08:01:17,313 [IPC Server handler 4 on 43644] INFO  net.NetworkTopology (NetworkTopologyImpl.java:add(111)) - Added a new node: /default-rack/3867358e-0593-45dd-9259-84e61f3a3ea7
2019-10-09 08:01:17,313 [IPC Server handler 4 on 43644] INFO  node.SCMNodeManager (SCMNodeManager.java:register(268)) - Registered Data node : 3867358e-0593-45dd-9259-84e61f3a3ea7{ip: 192.168.30.26, host: pr-hdds-2267-jsbhp-248048675, networkLocation: /default-rack, certSerialId: null}
2019-10-09 08:01:17,324 [grpc-default-executor-6] INFO  impl.RaftServerProxy (RaftServerProxy.java:addNew(89)) - 3867358e-0593-45dd-9259-84e61f3a3ea7: addNew group-EEC9EBFE976A:[3867358e-0593-45dd-9259-84e61f3a3ea7:192.168.30.26:40376] returns group-EEC9EBFE976A:java.util.concurrent.CompletableFuture@1fa86ab4[Not completed]
2019-10-09 08:01:17,326 [pool-429-thread-1] INFO  impl.RaftServerImpl (RaftServerImpl.java:<init>(95)) - 3867358e-0593-45dd-9259-84e61f3a3ea7: new RaftServerImpl for group-EEC9EBFE976A:[3867358e-0593-45dd-9259-84e61f3a3ea7:192.168.30.26:40376] with ContainerStateMachine:uninitialized
2019-10-09 08:01:17,326 [pool-429-thread-1] INFO  server.RaftServerConfigKeys (ConfUtils.java:logGet(43)) - raft.server.rpc.timeout.min = 5s (custom)
2019-10-09 08:01:17,326 [pool-429-thread-1] INFO  server.RaftServerConfigKeys (ConfUtils.java:logGet(43)) - raft.server.rpc.timeout.max = 5200ms (custom)
2019-10-09 08:01:17,327 [pool-429-thread-1] INFO  server.RaftServerConfigKeys (ConfUtils.java:logGet(43)) - raft.server.rpcslowness.timeout = 120s (custom)
2019-10-09 08:01:17,327 [pool-429-thread-1] INFO  server.RaftServerConfigKeys (ConfUtils.java:logGet(43)) - raft.server.sleep.deviation.threshold = 300 (default)
2019-10-09 08:01:17,327 [pool-429-thread-1] INFO  server.RaftServerConfigKeys (ConfUtils.java:logGet(43)) - raft.server.log.appender.install.snapshot.enabled = false (custom)
2019-10-09 08:01:17,327 [pool-429-thread-1] INFO  impl.RaftServerImpl (ServerState.java:<init>(103)) - 3867358e-0593-45dd-9259-84e61f3a3ea7@group-EEC9EBFE976A: ConfigurationManager, init=-1: [3867358e-0593-45dd-9259-84e61f3a3ea7:192.168.30.26:40376], old=null, confs=<EMPTY_MAP>
2019-10-09 08:01:17,328 [pool-429-thread-1] INFO  server.RaftServerConfigKeys (ConfUtils.java:logGet(43)) - raft.server.storage.dir = [/workdir/hadoop-ozone/integration-test/target/test-dir/MiniOzoneClusterImpl-4df022c4-1e45-4101-a2a2-7a234f72b8c5/datanode-2/data/ratis] (custom)
2019-10-09 08:01:17,328 [pool-429-thread-1] INFO  server.RaftServerConfigKeys (ConfUtils.java:logGet(43)) - raft.server.log.corruption.policy = EXCEPTION (default)
2019-10-09 08:01:17,328 [pool-429-thread-1] INFO  storage.RaftStorageDirectory (RaftStorageDirectory.java:analyzeStorage(246)) - The storage directory /workdir/hadoop-ozone/integration-test/target/test-dir/MiniOzoneClusterImpl-4df022c4-1e45-4101-a2a2-7a234f72b8c5/datanode-2/data/ratis/f8edbfda-4df2-4925-ab1a-eec9ebfe976a does not exist. Creating ...
2019-10-09 08:01:17,342 [pool-429-thread-1] INFO  storage.RaftStorageDirectory (RaftStorageDirectory.java:tryLock(328)) - Lock on /workdir/hadoop-ozone/integration-test/target/test-dir/MiniOzoneClusterImpl-4df022c4-1e45-4101-a2a2-7a234f72b8c5/datanode-2/data/ratis/f8edbfda-4df2-4925-ab1a-eec9ebfe976a/in_use.lock acquired by nodename 25493@pr-hdds-2267-jsbhp-248048675
2019-10-09 08:01:17,356 [pool-429-thread-1] INFO  storage.RaftStorage (RaftStorage.java:format(84)) - Storage directory /workdir/hadoop-ozone/integration-test/target/test-dir/MiniOzoneClusterImpl-4df022c4-1e45-4101-a2a2-7a234f72b8c5/datanode-2/data/ratis/f8edbfda-4df2-4925-ab1a-eec9ebfe976a has been successfully formatted.
2019-10-09 08:01:17,356 [pool-429-thread-1] INFO  ratis.ContainerStateMachine (ContainerStateMachine.java:loadSnapshot(231)) - group-EEC9EBFE976A: The snapshot info is null. Setting the last applied indexto:(t:0, i:~)
2019-10-09 08:01:17,356 [pool-429-thread-1] INFO  server.RaftServerConfigKeys (ConfUtils.java:logGet(43)) - raft.server.notification.no-leader.timeout = 120s (custom)
2019-10-09 08:01:17,356 [pool-429-thread-1] INFO  server.RaftServerConfigKeys (ConfUtils.java:logGet(43)) - raft.server.log.use.memory = false (default)
2019-10-09 08:01:17,356 [pool-429-thread-1] INFO  server.RaftServerConfigKeys (ConfUtils.java:logGet(43)) - raft.server.log.purge.gap = 1000000 (custom)
2019-10-09 08:01:17,357 [pool-429-thread-1] INFO  server.RaftServerConfigKeys (ConfUtils.java:logGet(43)) - raft.server.log.appender.buffer.byte-limit = 33554432 (custom)
2019-10-09 08:01:17,357 [pool-429-thread-1] INFO  server.RaftServerConfigKeys (ConfUtils.java:logGet(43)) - raft.server.log.segment.size.max = 1048576 (custom)
2019-10-09 08:01:17,358 [pool-429-thread-1] INFO  server.RaftServerConfigKeys (ConfUtils.java:logGet(43)) - raft.server.log.segment.cache.num.max = 2 (custom)
2019-10-09 08:01:17,358 [pool-429-thread-1] INFO  segmented.SegmentedRaftLogWorker (SegmentedRaftLogWorker.java:<init>(173)) - new 3867358e-0593-45dd-9259-84e61f3a3ea7@group-EEC9EBFE976A-SegmentedRaftLogWorker for RaftStorage:Storage Directory /workdir/hadoop-ozone/integration-test/target/test-dir/MiniOzoneClusterImpl-4df022c4-1e45-4101-a2a2-7a234f72b8c5/datanode-2/data/ratis/f8edbfda-4df2-4925-ab1a-eec9ebfe976a
2019-10-09 08:01:17,358 [pool-429-thread-1] INFO  server.RaftServerConfigKeys (ConfUtils.java:logGet(43)) - raft.server.log.queue.byte-limit = 2147483647 (custom)
2019-10-09 08:01:17,358 [pool-429-thread-1] INFO  server.RaftServerConfigKeys (ConfUtils.java:logGet(43)) - raft.server.log.queue.element-limit = 1024 (custom)
2019-10-09 08:01:17,358 [pool-429-thread-1] INFO  server.RaftServerConfigKeys (ConfUtils.java:logGet(43)) - raft.server.log.segment.size.max = 1048576 (custom)
2019-10-09 08:01:17,358 [pool-429-thread-1] INFO  server.RaftServerConfigKeys (ConfUtils.java:logGet(43)) - raft.server.log.preallocated.size = 16384 (custom)
2019-10-09 08:01:17,358 [pool-429-thread-1] INFO  server.RaftServerConfigKeys (ConfUtils.java:logGet(43)) - raft.server.log.write.buffer.size = 33554432 (custom)
2019-10-09 08:01:17,358 [pool-429-thread-1] INFO  server.RaftServerConfigKeys (ConfUtils.java:logGet(43)) - raft.server.log.force.sync.num = 128 (default)
2019-10-09 08:01:17,358 [pool-429-thread-1] INFO  server.RaftServerConfigKeys (ConfUtils.java:logGet(43)) - raft.server.log.statemachine.data.sync = true (default)
2019-10-09 08:01:17,358 [pool-429-thread-1] INFO  server.RaftServerConfigKeys (ConfUtils.java:logGet(43)) - raft.server.log.statemachine.data.sync.timeout = 10s (default)
2019-10-09 08:01:17,359 [pool-429-thread-1] INFO  server.RaftServerConfigKeys (ConfUtils.java:logGet(43)) - raft.server.log.statemachine.data.sync.timeout.retry = -1 (default)
2019-10-09 08:01:17,359 [pool-429-thread-1] INFO  server.RaftServerConfigKeys (ConfUtils.java:logGet(43)) - raft.server.log.statemachine.data.caching.enabled = true (custom)
2019-10-09 08:01:17,359 [pool-429-thread-1] INFO  segmented.SegmentedRaftLogWorker (SegmentedRaftLogWorker.java:lambda$new$0(128)) - 3867358e-0593-45dd-9259-84e61f3a3ea7@group-EEC9EBFE976A-SegmentedRaftLogWorker: flushIndex: setUnconditionally 0 -> -1
2019-10-09 08:01:17,359 [pool-429-thread-1] INFO  server.RaftServerConfigKeys (ConfUtils.java:logGet(43)) - raft.server.snapshot.auto.trigger.enabled = true (custom)
2019-10-09 08:01:17,359 [pool-429-thread-1] INFO  server.RaftServerConfigKeys (ConfUtils.java:logGet(43)) - raft.server.snapshot.auto.trigger.threshold = 10000 (custom)
2019-10-09 08:01:17,359 [pool-429-thread-1] INFO  server.RaftServerConfigKeys (ConfUtils.java:logGet(43)) - raft.server.snapshot.retention.file.num = 5 (custom)
2019-10-09 08:01:17,359 [pool-429-thread-1] INFO  server.RaftServerConfigKeys (ConfUtils.java:logGet(43)) - raft.server.retrycache.expirytime = 600000ms (custom)
2019-10-09 08:01:17,360 [pool-429-thread-1] INFO  impl.RaftServerImpl (RaftServerImpl.java:start(181)) - 3867358e-0593-45dd-9259-84e61f3a3ea7@group-EEC9EBFE976A: start as a follower, conf=-1: [3867358e-0593-45dd-9259-84e61f3a3ea7:192.168.30.26:40376], old=null
2019-10-09 08:01:17,361 [pool-429-thread-1] INFO  impl.RaftServerImpl (RaftServerImpl.java:setRole(170)) - 3867358e-0593-45dd-9259-84e61f3a3ea7@group-EEC9EBFE976A: changes role from      null to FOLLOWER at term 0 for startAsFollower
2019-10-09 08:01:17,361 [pool-429-thread-1] INFO  impl.RoleInfo (RoleInfo.java:updateAndGet(143)) - 3867358e-0593-45dd-9259-84e61f3a3ea7: start FollowerState
2019-10-09 08:01:17,361 [pool-429-thread-1] INFO  util.JmxRegister (JmxRegister.java:tryRegister(44)) - Successfully registered JMX Bean with object name Ratis:service=RaftServer,group=group-EEC9EBFE976A,id=3867358e-0593-45dd-9259-84e61f3a3ea7
2019-10-09 08:01:17,369 [RatisPipelineUtilsThread] INFO  pipeline.PipelineStateManager (PipelineStateManager.java:addPipeline(56)) - Created pipeline Pipeline[ Id: f8edbfda-4df2-4925-ab1a-eec9ebfe976a, Nodes: 3867358e-0593-45dd-9259-84e61f3a3ea7{ip: 192.168.30.26, host: pr-hdds-2267-jsbhp-248048675, networkLocation: /default-rack, certSerialId: null}, Type:RATIS, Factor:ONE, State:OPEN]
2019-10-09 08:01:17,391 [IPC Server handler 5 on 43644] INFO  net.NetworkTopology (NetworkTopologyImpl.java:add(111)) - Added a new node: /default-rack/378e8ca1-a439-4b49-a1cd-52eabd12a77e
2019-10-09 08:01:17,392 [IPC Server handler 5 on 43644] INFO  node.SCMNodeManager (SCMNodeManager.java:register(268)) - Registered Data node : 378e8ca1-a439-4b49-a1cd-52eabd12a77e{ip: 192.168.30.26, host: pr-hdds-2267-jsbhp-248048675, networkLocation: /default-rack, certSerialId: null}
2019-10-09 08:01:17,396 [grpc-default-executor-7] INFO  impl.RaftServerProxy (RaftServerProxy.java:addNew(89)) - 3867358e-0593-45dd-9259-84e61f3a3ea7: addNew group-BFF9D2052DC2:[3867358e-0593-45dd-9259-84e61f3a3ea7:192.168.30.26:40376, 073fd5a2-9708-4ee1-989d-fb2c807bc92e:192.168.30.26:43196, 1b70438d-a4e3-4816-9602-0f37573f16e9:192.168.30.26:40185] returns group-BFF9D2052DC2:java.util.concurrent.CompletableFuture@5c451c5f[Not completed]
2019-10-09 08:01:17,396 [grpc-default-executor-6] INFO  impl.RaftServerProxy (RaftServerProxy.java:addNew(89)) - 1b70438d-a4e3-4816-9602-0f37573f16e9: addNew group-BFF9D2052DC2:[3867358e-0593-45dd-9259-84e61f3a3ea7:192.168.30.26:40376, 073fd5a2-9708-4ee1-989d-fb2c807bc92e:192.168.30.26:43196, 1b70438d-a4e3-4816-9602-0f37573f16e9:192.168.30.26:40185] returns group-BFF9D2052DC2:java.util.concurrent.CompletableFuture@28e197a3[Not completed]
2019-10-09 08:01:17,399 [grpc-default-executor-7] INFO  impl.RaftServerProxy (RaftServerProxy.java:addNew(89)) - 073fd5a2-9708-4ee1-989d-fb2c807bc92e: addNew group-BFF9D2052DC2:[3867358e-0593-45dd-9259-84e61f3a3ea7:192.168.30.26:40376, 073fd5a2-9708-4ee1-989d-fb2c807bc92e:192.168.30.26:43196, 1b70438d-a4e3-4816-9602-0f37573f16e9:192.168.30.26:40185] returns group-BFF9D2052DC2:java.util.concurrent.CompletableFuture@73f3096d[Not completed]
2019-10-09 08:01:17,400 [pool-429-thread-1] INFO  impl.RaftServerImpl (RaftServerImpl.java:<init>(95)) - 3867358e-0593-45dd-9259-84e61f3a3ea7: new RaftServerImpl for group-BFF9D2052DC2:[3867358e-0593-45dd-9259-84e61f3a3ea7:192.168.30.26:40376, 073fd5a2-9708-4ee1-989d-fb2c807bc92e:192.168.30.26:43196, 1b70438d-a4e3-4816-9602-0f37573f16e9:192.168.30.26:40185] with ContainerStateMachine:uninitialized
2019-10-09 08:01:17,400 [pool-429-thread-1] INFO  server.RaftServerConfigKeys (ConfUtils.java:logGet(43)) - raft.server.rpc.timeout.min = 5s (custom)
2019-10-09 08:01:17,400 [pool-429-thread-1] INFO  server.RaftServerConfigKeys (ConfUtils.java:logGet(43)) - raft.server.rpc.timeout.max = 5200ms (custom)
2019-10-09 08:01:17,400 [pool-429-thread-1] INFO  server.RaftServerConfigKeys (ConfUtils.java:logGet(43)) - raft.server.rpcslowness.timeout = 120s (custom)
2019-10-09 08:01:17,400 [pool-429-thread-1] INFO  server.RaftServerConfigKeys (ConfUtils.java:logGet(43)) - raft.server.sleep.deviation.threshold = 300 (default)
2019-10-09 08:01:17,400 [pool-429-thread-1] INFO  server.RaftServerConfigKeys (ConfUtils.java:logGet(43)) - raft.server.log.appender.install.snapshot.enabled = false (custom)
2019-10-09 08:01:17,400 [pool-409-thread-1] INFO  impl.RaftServerImpl (RaftServerImpl.java:<init>(95)) - 073fd5a2-9708-4ee1-989d-fb2c807bc92e: new RaftServerImpl for group-BFF9D2052DC2:[3867358e-0593-45dd-9259-84e61f3a3ea7:192.168.30.26:40376, 073fd5a2-9708-4ee1-989d-fb2c807bc92e:192.168.30.26:43196, 1b70438d-a4e3-4816-9602-0f37573f16e9:192.168.30.26:40185] with ContainerStateMachine:uninitialized
2019-10-09 08:01:17,400 [pool-429-thread-1] INFO  impl.RaftServerImpl (ServerState.java:<init>(103)) - 3867358e-0593-45dd-9259-84e61f3a3ea7@group-BFF9D2052DC2: ConfigurationManager, init=-1: [3867358e-0593-45dd-9259-84e61f3a3ea7:192.168.30.26:40376, 073fd5a2-9708-4ee1-989d-fb2c807bc92e:192.168.30.26:43196, 1b70438d-a4e3-4816-9602-0f37573f16e9:192.168.30.26:40185], old=null, confs=<EMPTY_MAP>
2019-10-09 08:01:17,400 [pool-409-thread-1] INFO  server.RaftServerConfigKeys (ConfUtils.java:logGet(43)) - raft.server.rpc.timeout.min = 5s (custom)
2019-10-09 08:01:17,401 [pool-429-thread-1] INFO  server.RaftServerConfigKeys (ConfUtils.java:logGet(43)) - raft.server.storage.dir = [/workdir/hadoop-ozone/integration-test/target/test-dir/MiniOzoneClusterImpl-4df022c4-1e45-4101-a2a2-7a234f72b8c5/datanode-2/data/ratis] (custom)
2019-10-09 08:01:17,401 [pool-409-thread-1] INFO  server.RaftServerConfigKeys (ConfUtils.java:logGet(43)) - raft.server.rpc.timeout.max = 5200ms (custom)
2019-10-09 08:01:17,401 [pool-419-thread-1] INFO  impl.RaftServerImpl (RaftServerImpl.java:<init>(95)) - 1b70438d-a4e3-4816-9602-0f37573f16e9: new RaftServerImpl for group-BFF9D2052DC2:[3867358e-0593-45dd-9259-84e61f3a3ea7:192.168.30.26:40376, 073fd5a2-9708-4ee1-989d-fb2c807bc92e:192.168.30.26:43196, 1b70438d-a4e3-4816-9602-0f37573f16e9:192.168.30.26:40185] with ContainerStateMachine:uninitialized
2019-10-09 08:01:17,401 [pool-429-thread-1] INFO  server.RaftServerConfigKeys (ConfUtils.java:logGet(43)) - raft.server.log.corruption.policy = EXCEPTION (default)
2019-10-09 08:01:17,401 [pool-409-thread-1] INFO  server.RaftServerConfigKeys (ConfUtils.java:logGet(43)) - raft.server.rpcslowness.timeout = 120s (custom)
2019-10-09 08:01:17,401 [pool-429-thread-1] INFO  storage.RaftStorageDirectory (RaftStorageDirectory.java:analyzeStorage(246)) - The storage directory /workdir/hadoop-ozone/integration-test/target/test-dir/MiniOzoneClusterImpl-4df022c4-1e45-4101-a2a2-7a234f72b8c5/datanode-2/data/ratis/56386311-4264-4549-8661-bff9d2052dc2 does not exist. Creating ...
2019-10-09 08:01:17,401 [pool-419-thread-1] INFO  server.RaftServerConfigKeys (ConfUtils.java:logGet(43)) - raft.server.rpc.timeout.min = 5s (custom)
2019-10-09 08:01:17,401 [pool-409-thread-1] INFO  server.RaftServerConfigKeys (ConfUtils.java:logGet(43)) - raft.server.sleep.deviation.threshold = 300 (default)
2019-10-09 08:01:17,401 [pool-419-thread-1] INFO  server.RaftServerConfigKeys (ConfUtils.java:logGet(43)) - raft.server.rpc.timeout.max = 5200ms (custom)
2019-10-09 08:01:17,401 [pool-409-thread-1] INFO  server.RaftServerConfigKeys (ConfUtils.java:logGet(43)) - raft.server.log.appender.install.snapshot.enabled = false (custom)
2019-10-09 08:01:17,401 [pool-419-thread-1] INFO  server.RaftServerConfigKeys (ConfUtils.java:logGet(43)) - raft.server.rpcslowness.timeout = 120s (custom)
2019-10-09 08:01:17,402 [pool-409-thread-1] INFO  impl.RaftServerImpl (ServerState.java:<init>(103)) - 073fd5a2-9708-4ee1-989d-fb2c807bc92e@group-BFF9D2052DC2: ConfigurationManager, init=-1: [3867358e-0593-45dd-9259-84e61f3a3ea7:192.168.30.26:40376, 073fd5a2-9708-4ee1-989d-fb2c807bc92e:192.168.30.26:43196, 1b70438d-a4e3-4816-9602-0f37573f16e9:192.168.30.26:40185], old=null, confs=<EMPTY_MAP>
2019-10-09 08:01:17,402 [pool-419-thread-1] INFO  server.RaftServerConfigKeys (ConfUtils.java:logGet(43)) - raft.server.sleep.deviation.threshold = 300 (default)
2019-10-09 08:01:17,402 [pool-409-thread-1] INFO  server.RaftServerConfigKeys (ConfUtils.java:logGet(43)) - raft.server.storage.dir = [/workdir/hadoop-ozone/integration-test/target/test-dir/MiniOzoneClusterImpl-4df022c4-1e45-4101-a2a2-7a234f72b8c5/datanode-0/data/ratis] (custom)
2019-10-09 08:01:17,402 [pool-419-thread-1] INFO  server.RaftServerConfigKeys (ConfUtils.java:logGet(43)) - raft.server.log.appender.install.snapshot.enabled = false (custom)
2019-10-09 08:01:17,402 [pool-419-thread-1] INFO  impl.RaftServerImpl (ServerState.java:<init>(103)) - 1b70438d-a4e3-4816-9602-0f37573f16e9@group-BFF9D2052DC2: ConfigurationManager, init=-1: [3867358e-0593-45dd-9259-84e61f3a3ea7:192.168.30.26:40376, 073fd5a2-9708-4ee1-989d-fb2c807bc92e:192.168.30.26:43196, 1b70438d-a4e3-4816-9602-0f37573f16e9:192.168.30.26:40185], old=null, confs=<EMPTY_MAP>
2019-10-09 08:01:17,402 [pool-409-thread-1] INFO  server.RaftServerConfigKeys (ConfUtils.java:logGet(43)) - raft.server.log.corruption.policy = EXCEPTION (default)
2019-10-09 08:01:17,402 [pool-419-thread-1] INFO  server.RaftServerConfigKeys (ConfUtils.java:logGet(43)) - raft.server.storage.dir = [/workdir/hadoop-ozone/integration-test/target/test-dir/MiniOzoneClusterImpl-4df022c4-1e45-4101-a2a2-7a234f72b8c5/datanode-1/data/ratis] (custom)
2019-10-09 08:01:17,402 [pool-409-thread-1] INFO  storage.RaftStorageDirectory (RaftStorageDirectory.java:analyzeStorage(246)) - The storage directory /workdir/hadoop-ozone/integration-test/target/test-dir/MiniOzoneClusterImpl-4df022c4-1e45-4101-a2a2-7a234f72b8c5/datanode-0/data/ratis/56386311-4264-4549-8661-bff9d2052dc2 does not exist. Creating ...
2019-10-09 08:01:17,402 [pool-419-thread-1] INFO  server.RaftServerConfigKeys (ConfUtils.java:logGet(43)) - raft.server.log.corruption.policy = EXCEPTION (default)
2019-10-09 08:01:17,402 [pool-419-thread-1] INFO  storage.RaftStorageDirectory (RaftStorageDirectory.java:analyzeStorage(246)) - The storage directory /workdir/hadoop-ozone/integration-test/target/test-dir/MiniOzoneClusterImpl-4df022c4-1e45-4101-a2a2-7a234f72b8c5/datanode-1/data/ratis/56386311-4264-4549-8661-bff9d2052dc2 does not exist. Creating ...
2019-10-09 08:01:17,413 [pool-409-thread-1] INFO  storage.RaftStorageDirectory (RaftStorageDirectory.java:tryLock(328)) - Lock on /workdir/hadoop-ozone/integration-test/target/test-dir/MiniOzoneClusterImpl-4df022c4-1e45-4101-a2a2-7a234f72b8c5/datanode-0/data/ratis/56386311-4264-4549-8661-bff9d2052dc2/in_use.lock acquired by nodename 25493@pr-hdds-2267-jsbhp-248048675
2019-10-09 08:01:17,413 [pool-419-thread-1] INFO  storage.RaftStorageDirectory (RaftStorageDirectory.java:tryLock(328)) - Lock on /workdir/hadoop-ozone/integration-test/target/test-dir/MiniOzoneClusterImpl-4df022c4-1e45-4101-a2a2-7a234f72b8c5/datanode-1/data/ratis/56386311-4264-4549-8661-bff9d2052dc2/in_use.lock acquired by nodename 25493@pr-hdds-2267-jsbhp-248048675
2019-10-09 08:01:17,413 [pool-429-thread-1] INFO  storage.RaftStorageDirectory (RaftStorageDirectory.java:tryLock(328)) - Lock on /workdir/hadoop-ozone/integration-test/target/test-dir/MiniOzoneClusterImpl-4df022c4-1e45-4101-a2a2-7a234f72b8c5/datanode-2/data/ratis/56386311-4264-4549-8661-bff9d2052dc2/in_use.lock acquired by nodename 25493@pr-hdds-2267-jsbhp-248048675
2019-10-09 08:01:17,418 [pool-409-thread-1] INFO  storage.RaftStorage (RaftStorage.java:format(84)) - Storage directory /workdir/hadoop-ozone/integration-test/target/test-dir/MiniOzoneClusterImpl-4df022c4-1e45-4101-a2a2-7a234f72b8c5/datanode-0/data/ratis/56386311-4264-4549-8661-bff9d2052dc2 has been successfully formatted.
2019-10-09 08:01:17,418 [pool-419-thread-1] INFO  storage.RaftStorage (RaftStorage.java:format(84)) - Storage directory /workdir/hadoop-ozone/integration-test/target/test-dir/MiniOzoneClusterImpl-4df022c4-1e45-4101-a2a2-7a234f72b8c5/datanode-1/data/ratis/56386311-4264-4549-8661-bff9d2052dc2 has been successfully formatted.
2019-10-09 08:01:17,418 [pool-429-thread-1] INFO  storage.RaftStorage (RaftStorage.java:format(84)) - Storage directory /workdir/hadoop-ozone/integration-test/target/test-dir/MiniOzoneClusterImpl-4df022c4-1e45-4101-a2a2-7a234f72b8c5/datanode-2/data/ratis/56386311-4264-4549-8661-bff9d2052dc2 has been successfully formatted.
2019-10-09 08:01:17,418 [pool-409-thread-1] INFO  ratis.ContainerStateMachine (ContainerStateMachine.java:loadSnapshot(231)) - group-BFF9D2052DC2: The snapshot info is null. Setting the last applied indexto:(t:0, i:~)
2019-10-09 08:01:17,418 [pool-429-thread-1] INFO  ratis.ContainerStateMachine (ContainerStateMachine.java:loadSnapshot(231)) - group-BFF9D2052DC2: The snapshot info is null. Setting the last applied indexto:(t:0, i:~)
2019-10-09 08:01:17,418 [pool-419-thread-1] INFO  ratis.ContainerStateMachine (ContainerStateMachine.java:loadSnapshot(231)) - group-BFF9D2052DC2: The snapshot info is null. Setting the last applied indexto:(t:0, i:~)
2019-10-09 08:01:17,418 [pool-429-thread-1] INFO  server.RaftServerConfigKeys (ConfUtils.java:logGet(43)) - raft.server.notification.no-leader.timeout = 120s (custom)
2019-10-09 08:01:17,418 [pool-409-thread-1] INFO  server.RaftServerConfigKeys (ConfUtils.java:logGet(43)) - raft.server.notification.no-leader.timeout = 120s (custom)
2019-10-09 08:01:17,418 [pool-429-thread-1] INFO  server.RaftServerConfigKeys (ConfUtils.java:logGet(43)) - raft.server.log.use.memory = false (default)
2019-10-09 08:01:17,418 [pool-419-thread-1] INFO  server.RaftServerConfigKeys (ConfUtils.java:logGet(43)) - raft.server.notification.no-leader.timeout = 120s (custom)
2019-10-09 08:01:17,419 [pool-429-thread-1] INFO  server.RaftServerConfigKeys (ConfUtils.java:logGet(43)) - raft.server.log.purge.gap = 1000000 (custom)
2019-10-09 08:01:17,418 [pool-409-thread-1] INFO  server.RaftServerConfigKeys (ConfUtils.java:logGet(43)) - raft.server.log.use.memory = false (default)
2019-10-09 08:01:17,419 [pool-429-thread-1] INFO  server.RaftServerConfigKeys (ConfUtils.java:logGet(43)) - raft.server.log.appender.buffer.byte-limit = 33554432 (custom)
2019-10-09 08:01:17,419 [pool-419-thread-1] INFO  server.RaftServerConfigKeys (ConfUtils.java:logGet(43)) - raft.server.log.use.memory = false (default)
2019-10-09 08:01:17,419 [pool-429-thread-1] INFO  server.RaftServerConfigKeys (ConfUtils.java:logGet(43)) - raft.server.log.segment.size.max = 1048576 (custom)
2019-10-09 08:01:17,419 [pool-409-thread-1] INFO  server.RaftServerConfigKeys (ConfUtils.java:logGet(43)) - raft.server.log.purge.gap = 1000000 (custom)
2019-10-09 08:01:17,419 [pool-429-thread-1] INFO  server.RaftServerConfigKeys (ConfUtils.java:logGet(43)) - raft.server.log.segment.cache.num.max = 2 (custom)
2019-10-09 08:01:17,419 [pool-419-thread-1] INFO  server.RaftServerConfigKeys (ConfUtils.java:logGet(43)) - raft.server.log.purge.gap = 1000000 (custom)
2019-10-09 08:01:17,419 [pool-429-thread-1] INFO  segmented.SegmentedRaftLogWorker (SegmentedRaftLogWorker.java:<init>(173)) - new 3867358e-0593-45dd-9259-84e61f3a3ea7@group-BFF9D2052DC2-SegmentedRaftLogWorker for RaftStorage:Storage Directory /workdir/hadoop-ozone/integration-test/target/test-dir/MiniOzoneClusterImpl-4df022c4-1e45-4101-a2a2-7a234f72b8c5/datanode-2/data/ratis/56386311-4264-4549-8661-bff9d2052dc2
2019-10-09 08:01:17,419 [pool-409-thread-1] INFO  server.RaftServerConfigKeys (ConfUtils.java:logGet(43)) - raft.server.log.appender.buffer.byte-limit = 33554432 (custom)
2019-10-09 08:01:17,419 [pool-429-thread-1] INFO  server.RaftServerConfigKeys (ConfUtils.java:logGet(43)) - raft.server.log.queue.byte-limit = 2147483647 (custom)
2019-10-09 08:01:17,419 [pool-419-thread-1] INFO  server.RaftServerConfigKeys (ConfUtils.java:logGet(43)) - raft.server.log.appender.buffer.byte-limit = 33554432 (custom)
2019-10-09 08:01:17,420 [pool-429-thread-1] INFO  server.RaftServerConfigKeys (ConfUtils.java:logGet(43)) - raft.server.log.queue.element-limit = 1024 (custom)
2019-10-09 08:01:17,419 [pool-409-thread-1] INFO  server.RaftServerConfigKeys (ConfUtils.java:logGet(43)) - raft.server.log.segment.size.max = 1048576 (custom)
2019-10-09 08:01:17,420 [pool-429-thread-1] INFO  server.RaftServerConfigKeys (ConfUtils.java:logGet(43)) - raft.server.log.segment.size.max = 1048576 (custom)
2019-10-09 08:01:17,420 [pool-419-thread-1] INFO  server.RaftServerConfigKeys (ConfUtils.java:logGet(43)) - raft.server.log.segment.size.max = 1048576 (custom)
2019-10-09 08:01:17,420 [pool-429-thread-1] INFO  server.RaftServerConfigKeys (ConfUtils.java:logGet(43)) - raft.server.log.preallocated.size = 16384 (custom)
2019-10-09 08:01:17,420 [pool-409-thread-1] INFO  server.RaftServerConfigKeys (ConfUtils.java:logGet(43)) - raft.server.log.segment.cache.num.max = 2 (custom)
2019-10-09 08:01:17,420 [pool-429-thread-1] INFO  server.RaftServerConfigKeys (ConfUtils.java:logGet(43)) - raft.server.log.write.buffer.size = 33554432 (custom)
2019-10-09 08:01:17,420 [pool-419-thread-1] INFO  server.RaftServerConfigKeys (ConfUtils.java:logGet(43)) - raft.server.log.segment.cache.num.max = 2 (custom)
2019-10-09 08:01:17,420 [pool-429-thread-1] INFO  server.RaftServerConfigKeys (ConfUtils.java:logGet(43)) - raft.server.log.force.sync.num = 128 (default)
2019-10-09 08:01:17,420 [pool-409-thread-1] INFO  segmented.SegmentedRaftLogWorker (SegmentedRaftLogWorker.java:<init>(173)) - new 073fd5a2-9708-4ee1-989d-fb2c807bc92e@group-BFF9D2052DC2-SegmentedRaftLogWorker for RaftStorage:Storage Directory /workdir/hadoop-ozone/integration-test/target/test-dir/MiniOzoneClusterImpl-4df022c4-1e45-4101-a2a2-7a234f72b8c5/datanode-0/data/ratis/56386311-4264-4549-8661-bff9d2052dc2
2019-10-09 08:01:17,420 [pool-429-thread-1] INFO  server.RaftServerConfigKeys (ConfUtils.java:logGet(43)) - raft.server.log.statemachine.data.sync = true (default)
2019-10-09 08:01:17,420 [pool-419-thread-1] INFO  segmented.SegmentedRaftLogWorker (SegmentedRaftLogWorker.java:<init>(173)) - new 1b70438d-a4e3-4816-9602-0f37573f16e9@group-BFF9D2052DC2-SegmentedRaftLogWorker for RaftStorage:Storage Directory /workdir/hadoop-ozone/integration-test/target/test-dir/MiniOzoneClusterImpl-4df022c4-1e45-4101-a2a2-7a234f72b8c5/datanode-1/data/ratis/56386311-4264-4549-8661-bff9d2052dc2
2019-10-09 08:01:17,421 [pool-429-thread-1] INFO  server.RaftServerConfigKeys (ConfUtils.java:logGet(43)) - raft.server.log.statemachine.data.sync.timeout = 10s (default)
2019-10-09 08:01:17,420 [pool-409-thread-1] INFO  server.RaftServerConfigKeys (ConfUtils.java:logGet(43)) - raft.server.log.queue.byte-limit = 2147483647 (custom)
2019-10-09 08:01:17,421 [pool-429-thread-1] INFO  server.RaftServerConfigKeys (ConfUtils.java:logGet(43)) - raft.server.log.statemachine.data.sync.timeout.retry = -1 (default)
2019-10-09 08:01:17,421 [pool-419-thread-1] INFO  server.RaftServerConfigKeys (ConfUtils.java:logGet(43)) - raft.server.log.queue.byte-limit = 2147483647 (custom)
2019-10-09 08:01:17,421 [pool-429-thread-1] INFO  server.RaftServerConfigKeys (ConfUtils.java:logGet(43)) - raft.server.log.statemachine.data.caching.enabled = true (custom)
2019-10-09 08:01:17,421 [pool-409-thread-1] INFO  server.RaftServerConfigKeys (ConfUtils.java:logGet(43)) - raft.server.log.queue.element-limit = 1024 (custom)
2019-10-09 08:01:17,421 [pool-419-thread-1] INFO  server.RaftServerConfigKeys (ConfUtils.java:logGet(43)) - raft.server.log.queue.element-limit = 1024 (custom)
2019-10-09 08:01:17,421 [pool-429-thread-1] INFO  segmented.SegmentedRaftLogWorker (SegmentedRaftLogWorker.java:lambda$new$0(128)) - 3867358e-0593-45dd-9259-84e61f3a3ea7@group-BFF9D2052DC2-SegmentedRaftLogWorker: flushIndex: setUnconditionally 0 -> -1
2019-10-09 08:01:17,421 [pool-409-thread-1] INFO  server.RaftServerConfigKeys (ConfUtils.java:logGet(43)) - raft.server.log.segment.size.max = 1048576 (custom)
2019-10-09 08:01:17,421 [pool-419-thread-1] INFO  server.RaftServerConfigKeys (ConfUtils.java:logGet(43)) - raft.server.log.segment.size.max = 1048576 (custom)
2019-10-09 08:01:17,421 [pool-429-thread-1] INFO  server.RaftServerConfigKeys (ConfUtils.java:logGet(43)) - raft.server.snapshot.auto.trigger.enabled = true (custom)
2019-10-09 08:01:17,421 [pool-409-thread-1] INFO  server.RaftServerConfigKeys (ConfUtils.java:logGet(43)) - raft.server.log.preallocated.size = 16384 (custom)
2019-10-09 08:01:17,422 [pool-429-thread-1] INFO  server.RaftServerConfigKeys (ConfUtils.java:logGet(43)) - raft.server.snapshot.auto.trigger.threshold = 10000 (custom)
2019-10-09 08:01:17,421 [pool-419-thread-1] INFO  server.RaftServerConfigKeys (ConfUtils.java:logGet(43)) - raft.server.log.preallocated.size = 16384 (custom)
2019-10-09 08:01:17,422 [pool-429-thread-1] INFO  server.RaftServerConfigKeys (ConfUtils.java:logGet(43)) - raft.server.snapshot.retention.file.num = 5 (custom)
2019-10-09 08:01:17,422 [pool-409-thread-1] INFO  server.RaftServerConfigKeys (ConfUtils.java:logGet(43)) - raft.server.log.write.buffer.size = 33554432 (custom)
2019-10-09 08:01:17,422 [pool-429-thread-1] INFO  server.RaftServerConfigKeys (ConfUtils.java:logGet(43)) - raft.server.retrycache.expirytime = 600000ms (custom)
2019-10-09 08:01:17,422 [pool-419-thread-1] INFO  server.RaftServerConfigKeys (ConfUtils.java:logGet(43)) - raft.server.log.write.buffer.size = 33554432 (custom)
2019-10-09 08:01:17,422 [pool-409-thread-1] INFO  server.RaftServerConfigKeys (ConfUtils.java:logGet(43)) - raft.server.log.force.sync.num = 128 (default)
2019-10-09 08:01:17,422 [pool-419-thread-1] INFO  server.RaftServerConfigKeys (ConfUtils.java:logGet(43)) - raft.server.log.force.sync.num = 128 (default)
2019-10-09 08:01:17,422 [pool-409-thread-1] INFO  server.RaftServerConfigKeys (ConfUtils.java:logGet(43)) - raft.server.log.statemachine.data.sync = true (default)
2019-10-09 08:01:17,422 [pool-419-thread-1] INFO  server.RaftServerConfigKeys (ConfUtils.java:logGet(43)) - raft.server.log.statemachine.data.sync = true (default)
2019-10-09 08:01:17,422 [pool-409-thread-1] INFO  server.RaftServerConfigKeys (ConfUtils.java:logGet(43)) - raft.server.log.statemachine.data.sync.timeout = 10s (default)
2019-10-09 08:01:17,422 [pool-419-thread-1] INFO  server.RaftServerConfigKeys (ConfUtils.java:logGet(43)) - raft.server.log.statemachine.data.sync.timeout = 10s (default)
2019-10-09 08:01:17,423 [pool-409-thread-1] INFO  server.RaftServerConfigKeys (ConfUtils.java:logGet(43)) - raft.server.log.statemachine.data.sync.timeout.retry = -1 (default)
2019-10-09 08:01:17,423 [pool-419-thread-1] INFO  server.RaftServerConfigKeys (ConfUtils.java:logGet(43)) - raft.server.log.statemachine.data.sync.timeout.retry = -1 (default)
2019-10-09 08:01:17,423 [pool-409-thread-1] INFO  server.RaftServerConfigKeys (ConfUtils.java:logGet(43)) - raft.server.log.statemachine.data.caching.enabled = true (custom)
2019-10-09 08:01:17,423 [pool-419-thread-1] INFO  server.RaftServerConfigKeys (ConfUtils.java:logGet(43)) - raft.server.log.statemachine.data.caching.enabled = true (custom)
2019-10-09 08:01:17,423 [pool-409-thread-1] INFO  segmented.SegmentedRaftLogWorker (SegmentedRaftLogWorker.java:lambda$new$0(128)) - 073fd5a2-9708-4ee1-989d-fb2c807bc92e@group-BFF9D2052DC2-SegmentedRaftLogWorker: flushIndex: setUnconditionally 0 -> -1
2019-10-09 08:01:17,423 [pool-419-thread-1] INFO  segmented.SegmentedRaftLogWorker (SegmentedRaftLogWorker.java:lambda$new$0(128)) - 1b70438d-a4e3-4816-9602-0f37573f16e9@group-BFF9D2052DC2-SegmentedRaftLogWorker: flushIndex: setUnconditionally 0 -> -1
2019-10-09 08:01:17,423 [pool-429-thread-1] INFO  impl.RaftServerImpl (RaftServerImpl.java:start(181)) - 3867358e-0593-45dd-9259-84e61f3a3ea7@group-BFF9D2052DC2: start as a follower, conf=-1: [3867358e-0593-45dd-9259-84e61f3a3ea7:192.168.30.26:40376, 073fd5a2-9708-4ee1-989d-fb2c807bc92e:192.168.30.26:43196, 1b70438d-a4e3-4816-9602-0f37573f16e9:192.168.30.26:40185], old=null
2019-10-09 08:01:17,423 [pool-409-thread-1] INFO  server.RaftServerConfigKeys (ConfUtils.java:logGet(43)) - raft.server.snapshot.auto.trigger.enabled = true (custom)
2019-10-09 08:01:17,423 [pool-419-thread-1] INFO  server.RaftServerConfigKeys (ConfUtils.java:logGet(43)) - raft.server.snapshot.auto.trigger.enabled = true (custom)
2019-10-09 08:01:17,423 [pool-429-thread-1] INFO  impl.RaftServerImpl (RaftServerImpl.java:setRole(170)) - 3867358e-0593-45dd-9259-84e61f3a3ea7@group-BFF9D2052DC2: changes role from      null to FOLLOWER at term 0 for startAsFollower
2019-10-09 08:01:17,423 [pool-419-thread-1] INFO  server.RaftServerConfigKeys (ConfUtils.java:logGet(43)) - raft.server.snapshot.auto.trigger.threshold = 10000 (custom)
2019-10-09 08:01:17,423 [pool-409-thread-1] INFO  server.RaftServerConfigKeys (ConfUtils.java:logGet(43)) - raft.server.snapshot.auto.trigger.threshold = 10000 (custom)
2019-10-09 08:01:17,424 [pool-419-thread-1] INFO  server.RaftServerConfigKeys (ConfUtils.java:logGet(43)) - raft.server.snapshot.retention.file.num = 5 (custom)
2019-10-09 08:01:17,423 [pool-429-thread-1] INFO  impl.RoleInfo (RoleInfo.java:updateAndGet(143)) - 3867358e-0593-45dd-9259-84e61f3a3ea7: start FollowerState
2019-10-09 08:01:17,424 [pool-419-thread-1] INFO  server.RaftServerConfigKeys (ConfUtils.java:logGet(43)) - raft.server.retrycache.expirytime = 600000ms (custom)
2019-10-09 08:01:17,424 [pool-409-thread-1] INFO  server.RaftServerConfigKeys (ConfUtils.java:logGet(43)) - raft.server.snapshot.retention.file.num = 5 (custom)
2019-10-09 08:01:17,424 [pool-409-thread-1] INFO  server.RaftServerConfigKeys (ConfUtils.java:logGet(43)) - raft.server.retrycache.expirytime = 600000ms (custom)
2019-10-09 08:01:17,435 [pool-429-thread-1] INFO  util.JmxRegister (JmxRegister.java:tryRegister(44)) - Successfully registered JMX Bean with object name Ratis:service=RaftServer,group=group-BFF9D2052DC2,id=3867358e-0593-45dd-9259-84e61f3a3ea7
2019-10-09 08:01:17,438 [pool-409-thread-1] INFO  impl.RaftServerImpl (RaftServerImpl.java:start(181)) - 073fd5a2-9708-4ee1-989d-fb2c807bc92e@group-BFF9D2052DC2: start as a follower, conf=-1: [3867358e-0593-45dd-9259-84e61f3a3ea7:192.168.30.26:40376, 073fd5a2-9708-4ee1-989d-fb2c807bc92e:192.168.30.26:43196, 1b70438d-a4e3-4816-9602-0f37573f16e9:192.168.30.26:40185], old=null
2019-10-09 08:01:17,438 [pool-419-thread-1] INFO  impl.RaftServerImpl (RaftServerImpl.java:start(181)) - 1b70438d-a4e3-4816-9602-0f37573f16e9@group-BFF9D2052DC2: start as a follower, conf=-1: [3867358e-0593-45dd-9259-84e61f3a3ea7:192.168.30.26:40376, 073fd5a2-9708-4ee1-989d-fb2c807bc92e:192.168.30.26:43196, 1b70438d-a4e3-4816-9602-0f37573f16e9:192.168.30.26:40185], old=null
2019-10-09 08:01:17,439 [pool-409-thread-1] INFO  impl.RaftServerImpl (RaftServerImpl.java:setRole(170)) - 073fd5a2-9708-4ee1-989d-fb2c807bc92e@group-BFF9D2052DC2: changes role from      null to FOLLOWER at term 0 for startAsFollower
2019-10-09 08:01:17,439 [pool-419-thread-1] INFO  impl.RaftServerImpl (RaftServerImpl.java:setRole(170)) - 1b70438d-a4e3-4816-9602-0f37573f16e9@group-BFF9D2052DC2: changes role from      null to FOLLOWER at term 0 for startAsFollower
2019-10-09 08:01:17,448 [pool-419-thread-1] INFO  impl.RoleInfo (RoleInfo.java:updateAndGet(143)) - 1b70438d-a4e3-4816-9602-0f37573f16e9: start FollowerState
2019-10-09 08:01:17,448 [pool-409-thread-1] INFO  impl.RoleInfo (RoleInfo.java:updateAndGet(143)) - 073fd5a2-9708-4ee1-989d-fb2c807bc92e: start FollowerState
2019-10-09 08:01:17,448 [pool-419-thread-1] INFO  util.JmxRegister (JmxRegister.java:tryRegister(44)) - Successfully registered JMX Bean with object name Ratis:service=RaftServer,group=group-BFF9D2052DC2,id=1b70438d-a4e3-4816-9602-0f37573f16e9
2019-10-09 08:01:17,448 [pool-409-thread-1] INFO  util.JmxRegister (JmxRegister.java:tryRegister(44)) - Successfully registered JMX Bean with object name Ratis:service=RaftServer,group=group-BFF9D2052DC2,id=073fd5a2-9708-4ee1-989d-fb2c807bc92e
2019-10-09 08:01:17,457 [IPC Server handler 6 on 43644] INFO  net.NetworkTopology (NetworkTopologyImpl.java:add(111)) - Added a new node: /default-rack/ecfccb84-3385-49f9-89df-2dc682e40b30
2019-10-09 08:01:17,457 [RatisPipelineUtilsThread] INFO  pipeline.PipelineStateManager (PipelineStateManager.java:addPipeline(56)) - Created pipeline Pipeline[ Id: 56386311-4264-4549-8661-bff9d2052dc2, Nodes: 073fd5a2-9708-4ee1-989d-fb2c807bc92e{ip: 192.168.30.26, host: pr-hdds-2267-jsbhp-248048675, networkLocation: /default-rack, certSerialId: null}3867358e-0593-45dd-9259-84e61f3a3ea7{ip: 192.168.30.26, host: pr-hdds-2267-jsbhp-248048675, networkLocation: /default-rack, certSerialId: null}1b70438d-a4e3-4816-9602-0f37573f16e9{ip: 192.168.30.26, host: pr-hdds-2267-jsbhp-248048675, networkLocation: /default-rack, certSerialId: null}, Type:RATIS, Factor:THREE, State:OPEN]
2019-10-09 08:01:17,457 [IPC Server handler 6 on 43644] INFO  node.SCMNodeManager (SCMNodeManager.java:register(268)) - Registered Data node : ecfccb84-3385-49f9-89df-2dc682e40b30{ip: 192.168.30.26, host: pr-hdds-2267-jsbhp-248048675, networkLocation: /default-rack, certSerialId: null}
2019-10-09 08:01:17,516 [IPC Server handler 19 on 43644] INFO  net.NetworkTopology (NetworkTopologyImpl.java:add(111)) - Added a new node: /default-rack/a4988454-66ec-443f-97d8-24dbcdced6c5
2019-10-09 08:01:17,519 [IPC Server handler 19 on 43644] INFO  node.SCMNodeManager (SCMNodeManager.java:register(268)) - Registered Data node : a4988454-66ec-443f-97d8-24dbcdced6c5{ip: 192.168.30.26, host: pr-hdds-2267-jsbhp-248048675, networkLocation: /default-rack, certSerialId: null}
2019-10-09 08:01:17,532 [grpc-default-executor-7] INFO  impl.RaftServerProxy (RaftServerProxy.java:addNew(89)) - 378e8ca1-a439-4b49-a1cd-52eabd12a77e: addNew group-E4ADAD187C2F:[378e8ca1-a439-4b49-a1cd-52eabd12a77e:192.168.30.26:45153] returns group-E4ADAD187C2F:java.util.concurrent.CompletableFuture@3246841[Not completed]
2019-10-09 08:01:17,533 [pool-439-thread-1] INFO  impl.RaftServerImpl (RaftServerImpl.java:<init>(95)) - 378e8ca1-a439-4b49-a1cd-52eabd12a77e: new RaftServerImpl for group-E4ADAD187C2F:[378e8ca1-a439-4b49-a1cd-52eabd12a77e:192.168.30.26:45153] with ContainerStateMachine:uninitialized
2019-10-09 08:01:17,533 [pool-439-thread-1] INFO  server.RaftServerConfigKeys (ConfUtils.java:logGet(43)) - raft.server.rpc.timeout.min = 5s (custom)
2019-10-09 08:01:17,533 [pool-439-thread-1] INFO  server.RaftServerConfigKeys (ConfUtils.java:logGet(43)) - raft.server.rpc.timeout.max = 5200ms (custom)
2019-10-09 08:01:17,533 [pool-439-thread-1] INFO  server.RaftServerConfigKeys (ConfUtils.java:logGet(43)) - raft.server.rpcslowness.timeout = 120s (custom)
2019-10-09 08:01:17,533 [pool-439-thread-1] INFO  server.RaftServerConfigKeys (ConfUtils.java:logGet(43)) - raft.server.sleep.deviation.threshold = 300 (default)
2019-10-09 08:01:17,534 [pool-439-thread-1] INFO  server.RaftServerConfigKeys (ConfUtils.java:logGet(43)) - raft.server.log.appender.install.snapshot.enabled = false (custom)
2019-10-09 08:01:17,534 [pool-439-thread-1] INFO  impl.RaftServerImpl (ServerState.java:<init>(103)) - 378e8ca1-a439-4b49-a1cd-52eabd12a77e@group-E4ADAD187C2F: ConfigurationManager, init=-1: [378e8ca1-a439-4b49-a1cd-52eabd12a77e:192.168.30.26:45153], old=null, confs=<EMPTY_MAP>
2019-10-09 08:01:17,534 [pool-439-thread-1] INFO  server.RaftServerConfigKeys (ConfUtils.java:logGet(43)) - raft.server.storage.dir = [/workdir/hadoop-ozone/integration-test/target/test-dir/MiniOzoneClusterImpl-4df022c4-1e45-4101-a2a2-7a234f72b8c5/datanode-3/data/ratis] (custom)
2019-10-09 08:01:17,534 [pool-439-thread-1] INFO  server.RaftServerConfigKeys (ConfUtils.java:logGet(43)) - raft.server.log.corruption.policy = EXCEPTION (default)
2019-10-09 08:01:17,534 [pool-439-thread-1] INFO  storage.RaftStorageDirectory (RaftStorageDirectory.java:analyzeStorage(246)) - The storage directory /workdir/hadoop-ozone/integration-test/target/test-dir/MiniOzoneClusterImpl-4df022c4-1e45-4101-a2a2-7a234f72b8c5/datanode-3/data/ratis/0faae73a-54e8-435a-8ba1-e4adad187c2f does not exist. Creating ...
2019-10-09 08:01:17,548 [pool-439-thread-1] INFO  storage.RaftStorageDirectory (RaftStorageDirectory.java:tryLock(328)) - Lock on /workdir/hadoop-ozone/integration-test/target/test-dir/MiniOzoneClusterImpl-4df022c4-1e45-4101-a2a2-7a234f72b8c5/datanode-3/data/ratis/0faae73a-54e8-435a-8ba1-e4adad187c2f/in_use.lock acquired by nodename 25493@pr-hdds-2267-jsbhp-248048675
2019-10-09 08:01:17,562 [pool-439-thread-1] INFO  storage.RaftStorage (RaftStorage.java:format(84)) - Storage directory /workdir/hadoop-ozone/integration-test/target/test-dir/MiniOzoneClusterImpl-4df022c4-1e45-4101-a2a2-7a234f72b8c5/datanode-3/data/ratis/0faae73a-54e8-435a-8ba1-e4adad187c2f has been successfully formatted.
2019-10-09 08:01:17,562 [pool-439-thread-1] INFO  ratis.ContainerStateMachine (ContainerStateMachine.java:loadSnapshot(231)) - group-E4ADAD187C2F: The snapshot info is null. Setting the last applied indexto:(t:0, i:~)
2019-10-09 08:01:17,563 [pool-439-thread-1] INFO  server.RaftServerConfigKeys (ConfUtils.java:logGet(43)) - raft.server.notification.no-leader.timeout = 120s (custom)
2019-10-09 08:01:17,563 [pool-439-thread-1] INFO  server.RaftServerConfigKeys (ConfUtils.java:logGet(43)) - raft.server.log.use.memory = false (default)
2019-10-09 08:01:17,563 [pool-439-thread-1] INFO  server.RaftServerConfigKeys (ConfUtils.java:logGet(43)) - raft.server.log.purge.gap = 1000000 (custom)
2019-10-09 08:01:17,563 [pool-439-thread-1] INFO  server.RaftServerConfigKeys (ConfUtils.java:logGet(43)) - raft.server.log.appender.buffer.byte-limit = 33554432 (custom)
2019-10-09 08:01:17,563 [pool-439-thread-1] INFO  server.RaftServerConfigKeys (ConfUtils.java:logGet(43)) - raft.server.log.segment.size.max = 1048576 (custom)
2019-10-09 08:01:17,565 [pool-439-thread-1] INFO  server.RaftServerConfigKeys (ConfUtils.java:logGet(43)) - raft.server.log.segment.cache.num.max = 2 (custom)
2019-10-09 08:01:17,565 [pool-439-thread-1] INFO  segmented.SegmentedRaftLogWorker (SegmentedRaftLogWorker.java:<init>(173)) - new 378e8ca1-a439-4b49-a1cd-52eabd12a77e@group-E4ADAD187C2F-SegmentedRaftLogWorker for RaftStorage:Storage Directory /workdir/hadoop-ozone/integration-test/target/test-dir/MiniOzoneClusterImpl-4df022c4-1e45-4101-a2a2-7a234f72b8c5/datanode-3/data/ratis/0faae73a-54e8-435a-8ba1-e4adad187c2f
2019-10-09 08:01:17,565 [pool-439-thread-1] INFO  server.RaftServerConfigKeys (ConfUtils.java:logGet(43)) - raft.server.log.queue.byte-limit = 2147483647 (custom)
2019-10-09 08:01:17,565 [pool-439-thread-1] INFO  server.RaftServerConfigKeys (ConfUtils.java:logGet(43)) - raft.server.log.queue.element-limit = 1024 (custom)
2019-10-09 08:01:17,565 [pool-439-thread-1] INFO  server.RaftServerConfigKeys (ConfUtils.java:logGet(43)) - raft.server.log.segment.size.max = 1048576 (custom)
2019-10-09 08:01:17,565 [pool-439-thread-1] INFO  server.RaftServerConfigKeys (ConfUtils.java:logGet(43)) - raft.server.log.preallocated.size = 16384 (custom)
2019-10-09 08:01:17,565 [pool-439-thread-1] INFO  server.RaftServerConfigKeys (ConfUtils.java:logGet(43)) - raft.server.log.write.buffer.size = 33554432 (custom)
2019-10-09 08:01:17,566 [pool-439-thread-1] INFO  server.RaftServerConfigKeys (ConfUtils.java:logGet(43)) - raft.server.log.force.sync.num = 128 (default)
2019-10-09 08:01:17,566 [pool-439-thread-1] INFO  server.RaftServerConfigKeys (ConfUtils.java:logGet(43)) - raft.server.log.statemachine.data.sync = true (default)
2019-10-09 08:01:17,566 [pool-439-thread-1] INFO  server.RaftServerConfigKeys (ConfUtils.java:logGet(43)) - raft.server.log.statemachine.data.sync.timeout = 10s (default)
2019-10-09 08:01:17,566 [pool-439-thread-1] INFO  server.RaftServerConfigKeys (ConfUtils.java:logGet(43)) - raft.server.log.statemachine.data.sync.timeout.retry = -1 (default)
2019-10-09 08:01:17,566 [pool-439-thread-1] INFO  server.RaftServerConfigKeys (ConfUtils.java:logGet(43)) - raft.server.log.statemachine.data.caching.enabled = true (custom)
2019-10-09 08:01:17,567 [pool-439-thread-1] INFO  segmented.SegmentedRaftLogWorker (SegmentedRaftLogWorker.java:lambda$new$0(128)) - 378e8ca1-a439-4b49-a1cd-52eabd12a77e@group-E4ADAD187C2F-SegmentedRaftLogWorker: flushIndex: setUnconditionally 0 -> -1
2019-10-09 08:01:17,567 [pool-439-thread-1] INFO  server.RaftServerConfigKeys (ConfUtils.java:logGet(43)) - raft.server.snapshot.auto.trigger.enabled = true (custom)
2019-10-09 08:01:17,567 [pool-439-thread-1] INFO  server.RaftServerConfigKeys (ConfUtils.java:logGet(43)) - raft.server.snapshot.auto.trigger.threshold = 10000 (custom)
2019-10-09 08:01:17,567 [pool-439-thread-1] INFO  server.RaftServerConfigKeys (ConfUtils.java:logGet(43)) - raft.server.snapshot.retention.file.num = 5 (custom)
2019-10-09 08:01:17,567 [pool-439-thread-1] INFO  server.RaftServerConfigKeys (ConfUtils.java:logGet(43)) - raft.server.retrycache.expirytime = 600000ms (custom)
2019-10-09 08:01:17,569 [pool-439-thread-1] INFO  impl.RaftServerImpl (RaftServerImpl.java:start(181)) - 378e8ca1-a439-4b49-a1cd-52eabd12a77e@group-E4ADAD187C2F: start as a follower, conf=-1: [378e8ca1-a439-4b49-a1cd-52eabd12a77e:192.168.30.26:45153], old=null
2019-10-09 08:01:17,569 [pool-439-thread-1] INFO  impl.RaftServerImpl (RaftServerImpl.java:setRole(170)) - 378e8ca1-a439-4b49-a1cd-52eabd12a77e@group-E4ADAD187C2F: changes role from      null to FOLLOWER at term 0 for startAsFollower
2019-10-09 08:01:17,569 [pool-439-thread-1] INFO  impl.RoleInfo (RoleInfo.java:updateAndGet(143)) - 378e8ca1-a439-4b49-a1cd-52eabd12a77e: start FollowerState
2019-10-09 08:01:17,569 [pool-439-thread-1] INFO  util.JmxRegister (JmxRegister.java:tryRegister(44)) - Successfully registered JMX Bean with object name Ratis:service=RaftServer,group=group-E4ADAD187C2F,id=378e8ca1-a439-4b49-a1cd-52eabd12a77e
2019-10-09 08:01:17,575 [main] INFO  ozone.MiniOzoneClusterImpl (MiniOzoneClusterImpl.java:lambda$waitForClusterToBeReady$0(147)) - Waiting for cluster to be ready. Got 6 of 7 DN Heartbeats.
2019-10-09 08:01:17,576 [IPC Server handler 1 on 43644] INFO  net.NetworkTopology (NetworkTopologyImpl.java:add(111)) - Added a new node: /default-rack/47b9f0ae-ccc1-46e4-8719-b00f15f21b54
2019-10-09 08:01:17,576 [RatisPipelineUtilsThread] INFO  pipeline.PipelineStateManager (PipelineStateManager.java:addPipeline(56)) - Created pipeline Pipeline[ Id: 0faae73a-54e8-435a-8ba1-e4adad187c2f, Nodes: 378e8ca1-a439-4b49-a1cd-52eabd12a77e{ip: 192.168.30.26, host: pr-hdds-2267-jsbhp-248048675, networkLocation: /default-rack, certSerialId: null}, Type:RATIS, Factor:ONE, State:OPEN]
2019-10-09 08:01:17,576 [IPC Server handler 1 on 43644] INFO  node.SCMNodeManager (SCMNodeManager.java:register(268)) - Registered Data node : 47b9f0ae-ccc1-46e4-8719-b00f15f21b54{ip: 192.168.30.26, host: pr-hdds-2267-jsbhp-248048675, networkLocation: /default-rack, certSerialId: null}
2019-10-09 08:01:17,584 [grpc-default-executor-7] INFO  impl.RaftServerProxy (RaftServerProxy.java:addNew(89)) - 47b9f0ae-ccc1-46e4-8719-b00f15f21b54: addNew group-065F05BB640B:[47b9f0ae-ccc1-46e4-8719-b00f15f21b54:192.168.30.26:37463] returns group-065F05BB640B:java.util.concurrent.CompletableFuture@4792a957[Not completed]
2019-10-09 08:01:17,587 [pool-469-thread-1] INFO  impl.RaftServerImpl (RaftServerImpl.java:<init>(95)) - 47b9f0ae-ccc1-46e4-8719-b00f15f21b54: new RaftServerImpl for group-065F05BB640B:[47b9f0ae-ccc1-46e4-8719-b00f15f21b54:192.168.30.26:37463] with ContainerStateMachine:uninitialized
2019-10-09 08:01:17,587 [pool-469-thread-1] INFO  server.RaftServerConfigKeys (ConfUtils.java:logGet(43)) - raft.server.rpc.timeout.min = 5s (custom)
2019-10-09 08:01:17,587 [pool-469-thread-1] INFO  server.RaftServerConfigKeys (ConfUtils.java:logGet(43)) - raft.server.rpc.timeout.max = 5200ms (custom)
2019-10-09 08:01:17,587 [pool-469-thread-1] INFO  server.RaftServerConfigKeys (ConfUtils.java:logGet(43)) - raft.server.rpcslowness.timeout = 120s (custom)
2019-10-09 08:01:17,587 [pool-469-thread-1] INFO  server.RaftServerConfigKeys (ConfUtils.java:logGet(43)) - raft.server.sleep.deviation.threshold = 300 (default)
2019-10-09 08:01:17,587 [pool-469-thread-1] INFO  server.RaftServerConfigKeys (ConfUtils.java:logGet(43)) - raft.server.log.appender.install.snapshot.enabled = false (custom)
2019-10-09 08:01:17,587 [pool-469-thread-1] INFO  impl.RaftServerImpl (ServerState.java:<init>(103)) - 47b9f0ae-ccc1-46e4-8719-b00f15f21b54@group-065F05BB640B: ConfigurationManager, init=-1: [47b9f0ae-ccc1-46e4-8719-b00f15f21b54:192.168.30.26:37463], old=null, confs=<EMPTY_MAP>
2019-10-09 08:01:17,588 [pool-469-thread-1] INFO  server.RaftServerConfigKeys (ConfUtils.java:logGet(43)) - raft.server.storage.dir = [/workdir/hadoop-ozone/integration-test/target/test-dir/MiniOzoneClusterImpl-4df022c4-1e45-4101-a2a2-7a234f72b8c5/datanode-6/data/ratis] (custom)
2019-10-09 08:01:17,588 [pool-469-thread-1] INFO  server.RaftServerConfigKeys (ConfUtils.java:logGet(43)) - raft.server.log.corruption.policy = EXCEPTION (default)
2019-10-09 08:01:17,588 [pool-469-thread-1] INFO  storage.RaftStorageDirectory (RaftStorageDirectory.java:analyzeStorage(246)) - The storage directory /workdir/hadoop-ozone/integration-test/target/test-dir/MiniOzoneClusterImpl-4df022c4-1e45-4101-a2a2-7a234f72b8c5/datanode-6/data/ratis/b0279fd8-f641-40b3-be12-065f05bb640b does not exist. Creating ...
2019-10-09 08:01:17,601 [pool-469-thread-1] INFO  storage.RaftStorageDirectory (RaftStorageDirectory.java:tryLock(328)) - Lock on /workdir/hadoop-ozone/integration-test/target/test-dir/MiniOzoneClusterImpl-4df022c4-1e45-4101-a2a2-7a234f72b8c5/datanode-6/data/ratis/b0279fd8-f641-40b3-be12-065f05bb640b/in_use.lock acquired by nodename 25493@pr-hdds-2267-jsbhp-248048675
2019-10-09 08:01:17,615 [pool-469-thread-1] INFO  storage.RaftStorage (RaftStorage.java:format(84)) - Storage directory /workdir/hadoop-ozone/integration-test/target/test-dir/MiniOzoneClusterImpl-4df022c4-1e45-4101-a2a2-7a234f72b8c5/datanode-6/data/ratis/b0279fd8-f641-40b3-be12-065f05bb640b has been successfully formatted.
2019-10-09 08:01:17,615 [pool-469-thread-1] INFO  ratis.ContainerStateMachine (ContainerStateMachine.java:loadSnapshot(231)) - group-065F05BB640B: The snapshot info is null. Setting the last applied indexto:(t:0, i:~)
2019-10-09 08:01:17,615 [pool-469-thread-1] INFO  server.RaftServerConfigKeys (ConfUtils.java:logGet(43)) - raft.server.notification.no-leader.timeout = 120s (custom)
2019-10-09 08:01:17,615 [pool-469-thread-1] INFO  server.RaftServerConfigKeys (ConfUtils.java:logGet(43)) - raft.server.log.use.memory = false (default)
2019-10-09 08:01:17,615 [pool-469-thread-1] INFO  server.RaftServerConfigKeys (ConfUtils.java:logGet(43)) - raft.server.log.purge.gap = 1000000 (custom)
2019-10-09 08:01:17,616 [pool-469-thread-1] INFO  server.RaftServerConfigKeys (ConfUtils.java:logGet(43)) - raft.server.log.appender.buffer.byte-limit = 33554432 (custom)
2019-10-09 08:01:17,616 [pool-469-thread-1] INFO  server.RaftServerConfigKeys (ConfUtils.java:logGet(43)) - raft.server.log.segment.size.max = 1048576 (custom)
2019-10-09 08:01:17,617 [pool-469-thread-1] INFO  server.RaftServerConfigKeys (ConfUtils.java:logGet(43)) - raft.server.log.segment.cache.num.max = 2 (custom)
2019-10-09 08:01:17,618 [pool-469-thread-1] INFO  segmented.SegmentedRaftLogWorker (SegmentedRaftLogWorker.java:<init>(173)) - new 47b9f0ae-ccc1-46e4-8719-b00f15f21b54@group-065F05BB640B-SegmentedRaftLogWorker for RaftStorage:Storage Directory /workdir/hadoop-ozone/integration-test/target/test-dir/MiniOzoneClusterImpl-4df022c4-1e45-4101-a2a2-7a234f72b8c5/datanode-6/data/ratis/b0279fd8-f641-40b3-be12-065f05bb640b
2019-10-09 08:01:17,618 [pool-469-thread-1] INFO  server.RaftServerConfigKeys (ConfUtils.java:logGet(43)) - raft.server.log.queue.byte-limit = 2147483647 (custom)
2019-10-09 08:01:17,618 [pool-469-thread-1] INFO  server.RaftServerConfigKeys (ConfUtils.java:logGet(43)) - raft.server.log.queue.element-limit = 1024 (custom)
2019-10-09 08:01:17,618 [pool-469-thread-1] INFO  server.RaftServerConfigKeys (ConfUtils.java:logGet(43)) - raft.server.log.segment.size.max = 1048576 (custom)
2019-10-09 08:01:17,618 [pool-469-thread-1] INFO  server.RaftServerConfigKeys (ConfUtils.java:logGet(43)) - raft.server.log.preallocated.size = 16384 (custom)
2019-10-09 08:01:17,618 [pool-469-thread-1] INFO  server.RaftServerConfigKeys (ConfUtils.java:logGet(43)) - raft.server.log.write.buffer.size = 33554432 (custom)
2019-10-09 08:01:17,618 [pool-469-thread-1] INFO  server.RaftServerConfigKeys (ConfUtils.java:logGet(43)) - raft.server.log.force.sync.num = 128 (default)
2019-10-09 08:01:17,618 [pool-469-thread-1] INFO  server.RaftServerConfigKeys (ConfUtils.java:logGet(43)) - raft.server.log.statemachine.data.sync = true (default)
2019-10-09 08:01:17,619 [pool-469-thread-1] INFO  server.RaftServerConfigKeys (ConfUtils.java:logGet(43)) - raft.server.log.statemachine.data.sync.timeout = 10s (default)
2019-10-09 08:01:17,619 [pool-469-thread-1] INFO  server.RaftServerConfigKeys (ConfUtils.java:logGet(43)) - raft.server.log.statemachine.data.sync.timeout.retry = -1 (default)
2019-10-09 08:01:17,619 [pool-469-thread-1] INFO  server.RaftServerConfigKeys (ConfUtils.java:logGet(43)) - raft.server.log.statemachine.data.caching.enabled = true (custom)
2019-10-09 08:01:17,619 [pool-469-thread-1] INFO  segmented.SegmentedRaftLogWorker (SegmentedRaftLogWorker.java:lambda$new$0(128)) - 47b9f0ae-ccc1-46e4-8719-b00f15f21b54@group-065F05BB640B-SegmentedRaftLogWorker: flushIndex: setUnconditionally 0 -> -1
2019-10-09 08:01:17,620 [pool-469-thread-1] INFO  server.RaftServerConfigKeys (ConfUtils.java:logGet(43)) - raft.server.snapshot.auto.trigger.enabled = true (custom)
2019-10-09 08:01:17,620 [pool-469-thread-1] INFO  server.RaftServerConfigKeys (ConfUtils.java:logGet(43)) - raft.server.snapshot.auto.trigger.threshold = 10000 (custom)
2019-10-09 08:01:17,620 [pool-469-thread-1] INFO  server.RaftServerConfigKeys (ConfUtils.java:logGet(43)) - raft.server.snapshot.retention.file.num = 5 (custom)
2019-10-09 08:01:17,620 [pool-469-thread-1] INFO  server.RaftServerConfigKeys (ConfUtils.java:logGet(43)) - raft.server.retrycache.expirytime = 600000ms (custom)
2019-10-09 08:01:17,622 [pool-469-thread-1] INFO  impl.RaftServerImpl (RaftServerImpl.java:start(181)) - 47b9f0ae-ccc1-46e4-8719-b00f15f21b54@group-065F05BB640B: start as a follower, conf=-1: [47b9f0ae-ccc1-46e4-8719-b00f15f21b54:192.168.30.26:37463], old=null
2019-10-09 08:01:17,622 [pool-469-thread-1] INFO  impl.RaftServerImpl (RaftServerImpl.java:setRole(170)) - 47b9f0ae-ccc1-46e4-8719-b00f15f21b54@group-065F05BB640B: changes role from      null to FOLLOWER at term 0 for startAsFollower
2019-10-09 08:01:17,622 [pool-469-thread-1] INFO  impl.RoleInfo (RoleInfo.java:updateAndGet(143)) - 47b9f0ae-ccc1-46e4-8719-b00f15f21b54: start FollowerState
2019-10-09 08:01:17,622 [pool-469-thread-1] INFO  util.JmxRegister (JmxRegister.java:tryRegister(44)) - Successfully registered JMX Bean with object name Ratis:service=RaftServer,group=group-065F05BB640B,id=47b9f0ae-ccc1-46e4-8719-b00f15f21b54
2019-10-09 08:01:17,629 [RatisPipelineUtilsThread] INFO  pipeline.PipelineStateManager (PipelineStateManager.java:addPipeline(56)) - Created pipeline Pipeline[ Id: b0279fd8-f641-40b3-be12-065f05bb640b, Nodes: 47b9f0ae-ccc1-46e4-8719-b00f15f21b54{ip: 192.168.30.26, host: pr-hdds-2267-jsbhp-248048675, networkLocation: /default-rack, certSerialId: null}, Type:RATIS, Factor:ONE, State:OPEN]
2019-10-09 08:01:17,636 [grpc-default-executor-7] INFO  impl.RaftServerProxy (RaftServerProxy.java:addNew(89)) - a4988454-66ec-443f-97d8-24dbcdced6c5: addNew group-58201F9C55BC:[a4988454-66ec-443f-97d8-24dbcdced6c5:192.168.30.26:33450] returns group-58201F9C55BC:java.util.concurrent.CompletableFuture@20797c55[Not completed]
2019-10-09 08:01:17,637 [pool-459-thread-1] INFO  impl.RaftServerImpl (RaftServerImpl.java:<init>(95)) - a4988454-66ec-443f-97d8-24dbcdced6c5: new RaftServerImpl for group-58201F9C55BC:[a4988454-66ec-443f-97d8-24dbcdced6c5:192.168.30.26:33450] with ContainerStateMachine:uninitialized
2019-10-09 08:01:17,637 [pool-459-thread-1] INFO  server.RaftServerConfigKeys (ConfUtils.java:logGet(43)) - raft.server.rpc.timeout.min = 5s (custom)
2019-10-09 08:01:17,637 [pool-459-thread-1] INFO  server.RaftServerConfigKeys (ConfUtils.java:logGet(43)) - raft.server.rpc.timeout.max = 5200ms (custom)
2019-10-09 08:01:17,637 [pool-459-thread-1] INFO  server.RaftServerConfigKeys (ConfUtils.java:logGet(43)) - raft.server.rpcslowness.timeout = 120s (custom)
2019-10-09 08:01:17,637 [pool-459-thread-1] INFO  server.RaftServerConfigKeys (ConfUtils.java:logGet(43)) - raft.server.sleep.deviation.threshold = 300 (default)
2019-10-09 08:01:17,637 [pool-459-thread-1] INFO  server.RaftServerConfigKeys (ConfUtils.java:logGet(43)) - raft.server.log.appender.install.snapshot.enabled = false (custom)
2019-10-09 08:01:17,637 [pool-459-thread-1] INFO  impl.RaftServerImpl (ServerState.java:<init>(103)) - a4988454-66ec-443f-97d8-24dbcdced6c5@group-58201F9C55BC: ConfigurationManager, init=-1: [a4988454-66ec-443f-97d8-24dbcdced6c5:192.168.30.26:33450], old=null, confs=<EMPTY_MAP>
2019-10-09 08:01:17,637 [pool-459-thread-1] INFO  server.RaftServerConfigKeys (ConfUtils.java:logGet(43)) - raft.server.storage.dir = [/workdir/hadoop-ozone/integration-test/target/test-dir/MiniOzoneClusterImpl-4df022c4-1e45-4101-a2a2-7a234f72b8c5/datanode-5/data/ratis] (custom)
2019-10-09 08:01:17,638 [pool-459-thread-1] INFO  server.RaftServerConfigKeys (ConfUtils.java:logGet(43)) - raft.server.log.corruption.policy = EXCEPTION (default)
2019-10-09 08:01:17,638 [pool-459-thread-1] INFO  storage.RaftStorageDirectory (RaftStorageDirectory.java:analyzeStorage(246)) - The storage directory /workdir/hadoop-ozone/integration-test/target/test-dir/MiniOzoneClusterImpl-4df022c4-1e45-4101-a2a2-7a234f72b8c5/datanode-5/data/ratis/6f42a6e2-8793-47f1-a4d1-58201f9c55bc does not exist. Creating ...
2019-10-09 08:01:17,651 [pool-459-thread-1] INFO  storage.RaftStorageDirectory (RaftStorageDirectory.java:tryLock(328)) - Lock on /workdir/hadoop-ozone/integration-test/target/test-dir/MiniOzoneClusterImpl-4df022c4-1e45-4101-a2a2-7a234f72b8c5/datanode-5/data/ratis/6f42a6e2-8793-47f1-a4d1-58201f9c55bc/in_use.lock acquired by nodename 25493@pr-hdds-2267-jsbhp-248048675
2019-10-09 08:01:17,664 [pool-459-thread-1] INFO  storage.RaftStorage (RaftStorage.java:format(84)) - Storage directory /workdir/hadoop-ozone/integration-test/target/test-dir/MiniOzoneClusterImpl-4df022c4-1e45-4101-a2a2-7a234f72b8c5/datanode-5/data/ratis/6f42a6e2-8793-47f1-a4d1-58201f9c55bc has been successfully formatted.
2019-10-09 08:01:17,664 [pool-459-thread-1] INFO  ratis.ContainerStateMachine (ContainerStateMachine.java:loadSnapshot(231)) - group-58201F9C55BC: The snapshot info is null. Setting the last applied indexto:(t:0, i:~)
2019-10-09 08:01:17,665 [pool-459-thread-1] INFO  server.RaftServerConfigKeys (ConfUtils.java:logGet(43)) - raft.server.notification.no-leader.timeout = 120s (custom)
2019-10-09 08:01:17,665 [pool-459-thread-1] INFO  server.RaftServerConfigKeys (ConfUtils.java:logGet(43)) - raft.server.log.use.memory = false (default)
2019-10-09 08:01:17,665 [pool-459-thread-1] INFO  server.RaftServerConfigKeys (ConfUtils.java:logGet(43)) - raft.server.log.purge.gap = 1000000 (custom)
2019-10-09 08:01:17,665 [pool-459-thread-1] INFO  server.RaftServerConfigKeys (ConfUtils.java:logGet(43)) - raft.server.log.appender.buffer.byte-limit = 33554432 (custom)
2019-10-09 08:01:17,665 [pool-459-thread-1] INFO  server.RaftServerConfigKeys (ConfUtils.java:logGet(43)) - raft.server.log.segment.size.max = 1048576 (custom)
2019-10-09 08:01:17,666 [pool-459-thread-1] INFO  server.RaftServerConfigKeys (ConfUtils.java:logGet(43)) - raft.server.log.segment.cache.num.max = 2 (custom)
2019-10-09 08:01:17,666 [pool-459-thread-1] INFO  segmented.SegmentedRaftLogWorker (SegmentedRaftLogWorker.java:<init>(173)) - new a4988454-66ec-443f-97d8-24dbcdced6c5@group-58201F9C55BC-SegmentedRaftLogWorker for RaftStorage:Storage Directory /workdir/hadoop-ozone/integration-test/target/test-dir/MiniOzoneClusterImpl-4df022c4-1e45-4101-a2a2-7a234f72b8c5/datanode-5/data/ratis/6f42a6e2-8793-47f1-a4d1-58201f9c55bc
2019-10-09 08:01:17,666 [pool-459-thread-1] INFO  server.RaftServerConfigKeys (ConfUtils.java:logGet(43)) - raft.server.log.queue.byte-limit = 2147483647 (custom)
2019-10-09 08:01:17,666 [pool-459-thread-1] INFO  server.RaftServerConfigKeys (ConfUtils.java:logGet(43)) - raft.server.log.queue.element-limit = 1024 (custom)
2019-10-09 08:01:17,666 [pool-459-thread-1] INFO  server.RaftServerConfigKeys (ConfUtils.java:logGet(43)) - raft.server.log.segment.size.max = 1048576 (custom)
2019-10-09 08:01:17,666 [pool-459-thread-1] INFO  server.RaftServerConfigKeys (ConfUtils.java:logGet(43)) - raft.server.log.preallocated.size = 16384 (custom)
2019-10-09 08:01:17,666 [pool-459-thread-1] INFO  server.RaftServerConfigKeys (ConfUtils.java:logGet(43)) - raft.server.log.write.buffer.size = 33554432 (custom)
2019-10-09 08:01:17,667 [pool-459-thread-1] INFO  server.RaftServerConfigKeys (ConfUtils.java:logGet(43)) - raft.server.log.force.sync.num = 128 (default)
2019-10-09 08:01:17,667 [pool-459-thread-1] INFO  server.RaftServerConfigKeys (ConfUtils.java:logGet(43)) - raft.server.log.statemachine.data.sync = true (default)
2019-10-09 08:01:17,667 [pool-459-thread-1] INFO  server.RaftServerConfigKeys (ConfUtils.java:logGet(43)) - raft.server.log.statemachine.data.sync.timeout = 10s (default)
2019-10-09 08:01:17,667 [pool-459-thread-1] INFO  server.RaftServerConfigKeys (ConfUtils.java:logGet(43)) - raft.server.log.statemachine.data.sync.timeout.retry = -1 (default)
2019-10-09 08:01:17,667 [pool-459-thread-1] INFO  server.RaftServerConfigKeys (ConfUtils.java:logGet(43)) - raft.server.log.statemachine.data.caching.enabled = true (custom)
2019-10-09 08:01:17,667 [pool-459-thread-1] INFO  segmented.SegmentedRaftLogWorker (SegmentedRaftLogWorker.java:lambda$new$0(128)) - a4988454-66ec-443f-97d8-24dbcdced6c5@group-58201F9C55BC-SegmentedRaftLogWorker: flushIndex: setUnconditionally 0 -> -1
2019-10-09 08:01:17,667 [pool-459-thread-1] INFO  server.RaftServerConfigKeys (ConfUtils.java:logGet(43)) - raft.server.snapshot.auto.trigger.enabled = true (custom)
2019-10-09 08:01:17,668 [pool-459-thread-1] INFO  server.RaftServerConfigKeys (ConfUtils.java:logGet(43)) - raft.server.snapshot.auto.trigger.threshold = 10000 (custom)
2019-10-09 08:01:17,668 [pool-459-thread-1] INFO  server.RaftServerConfigKeys (ConfUtils.java:logGet(43)) - raft.server.snapshot.retention.file.num = 5 (custom)
2019-10-09 08:01:17,668 [pool-459-thread-1] INFO  server.RaftServerConfigKeys (ConfUtils.java:logGet(43)) - raft.server.retrycache.expirytime = 600000ms (custom)
2019-10-09 08:01:17,669 [pool-459-thread-1] INFO  impl.RaftServerImpl (RaftServerImpl.java:start(181)) - a4988454-66ec-443f-97d8-24dbcdced6c5@group-58201F9C55BC: start as a follower, conf=-1: [a4988454-66ec-443f-97d8-24dbcdced6c5:192.168.30.26:33450], old=null
2019-10-09 08:01:17,669 [pool-459-thread-1] INFO  impl.RaftServerImpl (RaftServerImpl.java:setRole(170)) - a4988454-66ec-443f-97d8-24dbcdced6c5@group-58201F9C55BC: changes role from      null to FOLLOWER at term 0 for startAsFollower
2019-10-09 08:01:17,669 [pool-459-thread-1] INFO  impl.RoleInfo (RoleInfo.java:updateAndGet(143)) - a4988454-66ec-443f-97d8-24dbcdced6c5: start FollowerState
2019-10-09 08:01:17,669 [pool-459-thread-1] INFO  util.JmxRegister (JmxRegister.java:tryRegister(44)) - Successfully registered JMX Bean with object name Ratis:service=RaftServer,group=group-58201F9C55BC,id=a4988454-66ec-443f-97d8-24dbcdced6c5
2019-10-09 08:01:17,675 [RatisPipelineUtilsThread] INFO  pipeline.PipelineStateManager (PipelineStateManager.java:addPipeline(56)) - Created pipeline Pipeline[ Id: 6f42a6e2-8793-47f1-a4d1-58201f9c55bc, Nodes: a4988454-66ec-443f-97d8-24dbcdced6c5{ip: 192.168.30.26, host: pr-hdds-2267-jsbhp-248048675, networkLocation: /default-rack, certSerialId: null}, Type:RATIS, Factor:ONE, State:OPEN]
2019-10-09 08:01:17,684 [grpc-default-executor-7] INFO  impl.RaftServerProxy (RaftServerProxy.java:addNew(89)) - ecfccb84-3385-49f9-89df-2dc682e40b30: addNew group-C0636DDD7BF9:[ecfccb84-3385-49f9-89df-2dc682e40b30:192.168.30.26:42281] returns group-C0636DDD7BF9:java.util.concurrent.CompletableFuture@7f8c9038[Not completed]
2019-10-09 08:01:17,687 [pool-449-thread-1] INFO  impl.RaftServerImpl (RaftServerImpl.java:<init>(95)) - ecfccb84-3385-49f9-89df-2dc682e40b30: new RaftServerImpl for group-C0636DDD7BF9:[ecfccb84-3385-49f9-89df-2dc682e40b30:192.168.30.26:42281] with ContainerStateMachine:uninitialized
2019-10-09 08:01:17,687 [pool-449-thread-1] INFO  server.RaftServerConfigKeys (ConfUtils.java:logGet(43)) - raft.server.rpc.timeout.min = 5s (custom)
2019-10-09 08:01:17,687 [pool-449-thread-1] INFO  server.RaftServerConfigKeys (ConfUtils.java:logGet(43)) - raft.server.rpc.timeout.max = 5200ms (custom)
2019-10-09 08:01:17,687 [pool-449-thread-1] INFO  server.RaftServerConfigKeys (ConfUtils.java:logGet(43)) - raft.server.rpcslowness.timeout = 120s (custom)
2019-10-09 08:01:17,687 [pool-449-thread-1] INFO  server.RaftServerConfigKeys (ConfUtils.java:logGet(43)) - raft.server.sleep.deviation.threshold = 300 (default)
2019-10-09 08:01:17,688 [pool-449-thread-1] INFO  server.RaftServerConfigKeys (ConfUtils.java:logGet(43)) - raft.server.log.appender.install.snapshot.enabled = false (custom)
2019-10-09 08:01:17,688 [pool-449-thread-1] INFO  impl.RaftServerImpl (ServerState.java:<init>(103)) - ecfccb84-3385-49f9-89df-2dc682e40b30@group-C0636DDD7BF9: ConfigurationManager, init=-1: [ecfccb84-3385-49f9-89df-2dc682e40b30:192.168.30.26:42281], old=null, confs=<EMPTY_MAP>
2019-10-09 08:01:17,688 [pool-449-thread-1] INFO  server.RaftServerConfigKeys (ConfUtils.java:logGet(43)) - raft.server.storage.dir = [/workdir/hadoop-ozone/integration-test/target/test-dir/MiniOzoneClusterImpl-4df022c4-1e45-4101-a2a2-7a234f72b8c5/datanode-4/data/ratis] (custom)
2019-10-09 08:01:17,689 [pool-449-thread-1] INFO  server.RaftServerConfigKeys (ConfUtils.java:logGet(43)) - raft.server.log.corruption.policy = EXCEPTION (default)
2019-10-09 08:01:17,689 [pool-449-thread-1] INFO  storage.RaftStorageDirectory (RaftStorageDirectory.java:analyzeStorage(246)) - The storage directory /workdir/hadoop-ozone/integration-test/target/test-dir/MiniOzoneClusterImpl-4df022c4-1e45-4101-a2a2-7a234f72b8c5/datanode-4/data/ratis/f0a24234-d398-480b-95b6-c0636ddd7bf9 does not exist. Creating ...
2019-10-09 08:01:17,702 [pool-449-thread-1] INFO  storage.RaftStorageDirectory (RaftStorageDirectory.java:tryLock(328)) - Lock on /workdir/hadoop-ozone/integration-test/target/test-dir/MiniOzoneClusterImpl-4df022c4-1e45-4101-a2a2-7a234f72b8c5/datanode-4/data/ratis/f0a24234-d398-480b-95b6-c0636ddd7bf9/in_use.lock acquired by nodename 25493@pr-hdds-2267-jsbhp-248048675
2019-10-09 08:01:17,717 [pool-449-thread-1] INFO  storage.RaftStorage (RaftStorage.java:format(84)) - Storage directory /workdir/hadoop-ozone/integration-test/target/test-dir/MiniOzoneClusterImpl-4df022c4-1e45-4101-a2a2-7a234f72b8c5/datanode-4/data/ratis/f0a24234-d398-480b-95b6-c0636ddd7bf9 has been successfully formatted.
2019-10-09 08:01:17,717 [pool-449-thread-1] INFO  ratis.ContainerStateMachine (ContainerStateMachine.java:loadSnapshot(231)) - group-C0636DDD7BF9: The snapshot info is null. Setting the last applied indexto:(t:0, i:~)
2019-10-09 08:01:17,717 [pool-449-thread-1] INFO  server.RaftServerConfigKeys (ConfUtils.java:logGet(43)) - raft.server.notification.no-leader.timeout = 120s (custom)
2019-10-09 08:01:17,717 [pool-449-thread-1] INFO  server.RaftServerConfigKeys (ConfUtils.java:logGet(43)) - raft.server.log.use.memory = false (default)
2019-10-09 08:01:17,718 [pool-449-thread-1] INFO  server.RaftServerConfigKeys (ConfUtils.java:logGet(43)) - raft.server.log.purge.gap = 1000000 (custom)
2019-10-09 08:01:17,718 [pool-449-thread-1] INFO  server.RaftServerConfigKeys (ConfUtils.java:logGet(43)) - raft.server.log.appender.buffer.byte-limit = 33554432 (custom)
2019-10-09 08:01:17,718 [pool-449-thread-1] INFO  server.RaftServerConfigKeys (ConfUtils.java:logGet(43)) - raft.server.log.segment.size.max = 1048576 (custom)
2019-10-09 08:01:17,720 [pool-449-thread-1] INFO  server.RaftServerConfigKeys (ConfUtils.java:logGet(43)) - raft.server.log.segment.cache.num.max = 2 (custom)
2019-10-09 08:01:17,721 [pool-449-thread-1] INFO  segmented.SegmentedRaftLogWorker (SegmentedRaftLogWorker.java:<init>(173)) - new ecfccb84-3385-49f9-89df-2dc682e40b30@group-C0636DDD7BF9-SegmentedRaftLogWorker for RaftStorage:Storage Directory /workdir/hadoop-ozone/integration-test/target/test-dir/MiniOzoneClusterImpl-4df022c4-1e45-4101-a2a2-7a234f72b8c5/datanode-4/data/ratis/f0a24234-d398-480b-95b6-c0636ddd7bf9
2019-10-09 08:01:17,721 [pool-449-thread-1] INFO  server.RaftServerConfigKeys (ConfUtils.java:logGet(43)) - raft.server.log.queue.byte-limit = 2147483647 (custom)
2019-10-09 08:01:17,721 [pool-449-thread-1] INFO  server.RaftServerConfigKeys (ConfUtils.java:logGet(43)) - raft.server.log.queue.element-limit = 1024 (custom)
2019-10-09 08:01:17,721 [pool-449-thread-1] INFO  server.RaftServerConfigKeys (ConfUtils.java:logGet(43)) - raft.server.log.segment.size.max = 1048576 (custom)
2019-10-09 08:01:17,721 [pool-449-thread-1] INFO  server.RaftServerConfigKeys (ConfUtils.java:logGet(43)) - raft.server.log.preallocated.size = 16384 (custom)
2019-10-09 08:01:17,722 [pool-449-thread-1] INFO  server.RaftServerConfigKeys (ConfUtils.java:logGet(43)) - raft.server.log.write.buffer.size = 33554432 (custom)
2019-10-09 08:01:17,722 [pool-449-thread-1] INFO  server.RaftServerConfigKeys (ConfUtils.java:logGet(43)) - raft.server.log.force.sync.num = 128 (default)
2019-10-09 08:01:17,722 [pool-449-thread-1] INFO  server.RaftServerConfigKeys (ConfUtils.java:logGet(43)) - raft.server.log.statemachine.data.sync = true (default)
2019-10-09 08:01:17,722 [pool-449-thread-1] INFO  server.RaftServerConfigKeys (ConfUtils.java:logGet(43)) - raft.server.log.statemachine.data.sync.timeout = 10s (default)
2019-10-09 08:01:17,722 [pool-449-thread-1] INFO  server.RaftServerConfigKeys (ConfUtils.java:logGet(43)) - raft.server.log.statemachine.data.sync.timeout.retry = -1 (default)
2019-10-09 08:01:17,723 [pool-449-thread-1] INFO  server.RaftServerConfigKeys (ConfUtils.java:logGet(43)) - raft.server.log.statemachine.data.caching.enabled = true (custom)
2019-10-09 08:01:17,723 [pool-449-thread-1] INFO  segmented.SegmentedRaftLogWorker (SegmentedRaftLogWorker.java:lambda$new$0(128)) - ecfccb84-3385-49f9-89df-2dc682e40b30@group-C0636DDD7BF9-SegmentedRaftLogWorker: flushIndex: setUnconditionally 0 -> -1
2019-10-09 08:01:17,724 [pool-449-thread-1] INFO  server.RaftServerConfigKeys (ConfUtils.java:logGet(43)) - raft.server.snapshot.auto.trigger.enabled = true (custom)
2019-10-09 08:01:17,724 [pool-449-thread-1] INFO  server.RaftServerConfigKeys (ConfUtils.java:logGet(43)) - raft.server.snapshot.auto.trigger.threshold = 10000 (custom)
2019-10-09 08:01:17,724 [pool-449-thread-1] INFO  server.RaftServerConfigKeys (ConfUtils.java:logGet(43)) - raft.server.snapshot.retention.file.num = 5 (custom)
2019-10-09 08:01:17,724 [pool-449-thread-1] INFO  server.RaftServerConfigKeys (ConfUtils.java:logGet(43)) - raft.server.retrycache.expirytime = 600000ms (custom)
2019-10-09 08:01:17,726 [pool-449-thread-1] INFO  impl.RaftServerImpl (RaftServerImpl.java:start(181)) - ecfccb84-3385-49f9-89df-2dc682e40b30@group-C0636DDD7BF9: start as a follower, conf=-1: [ecfccb84-3385-49f9-89df-2dc682e40b30:192.168.30.26:42281], old=null
2019-10-09 08:01:17,727 [pool-449-thread-1] INFO  impl.RaftServerImpl (RaftServerImpl.java:setRole(170)) - ecfccb84-3385-49f9-89df-2dc682e40b30@group-C0636DDD7BF9: changes role from      null to FOLLOWER at term 0 for startAsFollower
2019-10-09 08:01:17,727 [pool-449-thread-1] INFO  impl.RoleInfo (RoleInfo.java:updateAndGet(143)) - ecfccb84-3385-49f9-89df-2dc682e40b30: start FollowerState
2019-10-09 08:01:17,727 [pool-449-thread-1] INFO  util.JmxRegister (JmxRegister.java:tryRegister(44)) - Successfully registered JMX Bean with object name Ratis:service=RaftServer,group=group-C0636DDD7BF9,id=ecfccb84-3385-49f9-89df-2dc682e40b30
2019-10-09 08:01:17,735 [RatisPipelineUtilsThread] INFO  pipeline.PipelineStateManager (PipelineStateManager.java:addPipeline(56)) - Created pipeline Pipeline[ Id: f0a24234-d398-480b-95b6-c0636ddd7bf9, Nodes: ecfccb84-3385-49f9-89df-2dc682e40b30{ip: 192.168.30.26, host: pr-hdds-2267-jsbhp-248048675, networkLocation: /default-rack, certSerialId: null}, Type:RATIS, Factor:ONE, State:OPEN]
2019-10-09 08:01:17,753 [grpc-default-executor-8] INFO  impl.RaftServerProxy (RaftServerProxy.java:addNew(89)) - a4988454-66ec-443f-97d8-24dbcdced6c5: addNew group-EF8375718EC5:[a4988454-66ec-443f-97d8-24dbcdced6c5:192.168.30.26:33450, 378e8ca1-a439-4b49-a1cd-52eabd12a77e:192.168.30.26:45153, 47b9f0ae-ccc1-46e4-8719-b00f15f21b54:192.168.30.26:37463] returns group-EF8375718EC5:java.util.concurrent.CompletableFuture@5e13a843[Not completed]
2019-10-09 08:01:17,755 [grpc-default-executor-6] INFO  impl.RaftServerProxy (RaftServerProxy.java:addNew(89)) - 47b9f0ae-ccc1-46e4-8719-b00f15f21b54: addNew group-EF8375718EC5:[a4988454-66ec-443f-97d8-24dbcdced6c5:192.168.30.26:33450, 378e8ca1-a439-4b49-a1cd-52eabd12a77e:192.168.30.26:45153, 47b9f0ae-ccc1-46e4-8719-b00f15f21b54:192.168.30.26:37463] returns group-EF8375718EC5:java.util.concurrent.CompletableFuture@68b856fe[Not completed]
2019-10-09 08:01:17,759 [grpc-default-executor-8] INFO  impl.RaftServerProxy (RaftServerProxy.java:addNew(89)) - 378e8ca1-a439-4b49-a1cd-52eabd12a77e: addNew group-EF8375718EC5:[a4988454-66ec-443f-97d8-24dbcdced6c5:192.168.30.26:33450, 378e8ca1-a439-4b49-a1cd-52eabd12a77e:192.168.30.26:45153, 47b9f0ae-ccc1-46e4-8719-b00f15f21b54:192.168.30.26:37463] returns group-EF8375718EC5:java.util.concurrent.CompletableFuture@550dd52[Not completed]
2019-10-09 08:01:17,760 [pool-469-thread-1] INFO  impl.RaftServerImpl (RaftServerImpl.java:<init>(95)) - 47b9f0ae-ccc1-46e4-8719-b00f15f21b54: new RaftServerImpl for group-EF8375718EC5:[a4988454-66ec-443f-97d8-24dbcdced6c5:192.168.30.26:33450, 378e8ca1-a439-4b49-a1cd-52eabd12a77e:192.168.30.26:45153, 47b9f0ae-ccc1-46e4-8719-b00f15f21b54:192.168.30.26:37463] with ContainerStateMachine:uninitialized
2019-10-09 08:01:17,760 [pool-469-thread-1] INFO  server.RaftServerConfigKeys (ConfUtils.java:logGet(43)) - raft.server.rpc.timeout.min = 5s (custom)
2019-10-09 08:01:17,760 [pool-469-thread-1] INFO  server.RaftServerConfigKeys (ConfUtils.java:logGet(43)) - raft.server.rpc.timeout.max = 5200ms (custom)
2019-10-09 08:01:17,760 [pool-469-thread-1] INFO  server.RaftServerConfigKeys (ConfUtils.java:logGet(43)) - raft.server.rpcslowness.timeout = 120s (custom)
2019-10-09 08:01:17,760 [pool-469-thread-1] INFO  server.RaftServerConfigKeys (ConfUtils.java:logGet(43)) - raft.server.sleep.deviation.threshold = 300 (default)
2019-10-09 08:01:17,760 [pool-469-thread-1] INFO  server.RaftServerConfigKeys (ConfUtils.java:logGet(43)) - raft.server.log.appender.install.snapshot.enabled = false (custom)
2019-10-09 08:01:17,761 [pool-469-thread-1] INFO  impl.RaftServerImpl (ServerState.java:<init>(103)) - 47b9f0ae-ccc1-46e4-8719-b00f15f21b54@group-EF8375718EC5: ConfigurationManager, init=-1: [a4988454-66ec-443f-97d8-24dbcdced6c5:192.168.30.26:33450, 378e8ca1-a439-4b49-a1cd-52eabd12a77e:192.168.30.26:45153, 47b9f0ae-ccc1-46e4-8719-b00f15f21b54:192.168.30.26:37463], old=null, confs=<EMPTY_MAP>
2019-10-09 08:01:17,761 [pool-439-thread-1] INFO  impl.RaftServerImpl (RaftServerImpl.java:<init>(95)) - 378e8ca1-a439-4b49-a1cd-52eabd12a77e: new RaftServerImpl for group-EF8375718EC5:[a4988454-66ec-443f-97d8-24dbcdced6c5:192.168.30.26:33450, 378e8ca1-a439-4b49-a1cd-52eabd12a77e:192.168.30.26:45153, 47b9f0ae-ccc1-46e4-8719-b00f15f21b54:192.168.30.26:37463] with ContainerStateMachine:uninitialized
2019-10-09 08:01:17,761 [pool-469-thread-1] INFO  server.RaftServerConfigKeys (ConfUtils.java:logGet(43)) - raft.server.storage.dir = [/workdir/hadoop-ozone/integration-test/target/test-dir/MiniOzoneClusterImpl-4df022c4-1e45-4101-a2a2-7a234f72b8c5/datanode-6/data/ratis] (custom)
2019-10-09 08:01:17,761 [pool-439-thread-1] INFO  server.RaftServerConfigKeys (ConfUtils.java:logGet(43)) - raft.server.rpc.timeout.min = 5s (custom)
2019-10-09 08:01:17,761 [pool-459-thread-1] INFO  impl.RaftServerImpl (RaftServerImpl.java:<init>(95)) - a4988454-66ec-443f-97d8-24dbcdced6c5: new RaftServerImpl for group-EF8375718EC5:[a4988454-66ec-443f-97d8-24dbcdced6c5:192.168.30.26:33450, 378e8ca1-a439-4b49-a1cd-52eabd12a77e:192.168.30.26:45153, 47b9f0ae-ccc1-46e4-8719-b00f15f21b54:192.168.30.26:37463] with ContainerStateMachine:uninitialized
2019-10-09 08:01:17,761 [pool-439-thread-1] INFO  server.RaftServerConfigKeys (ConfUtils.java:logGet(43)) - raft.server.rpc.timeout.max = 5200ms (custom)
2019-10-09 08:01:17,761 [pool-469-thread-1] INFO  server.RaftServerConfigKeys (ConfUtils.java:logGet(43)) - raft.server.log.corruption.policy = EXCEPTION (default)
2019-10-09 08:01:17,761 [pool-439-thread-1] INFO  server.RaftServerConfigKeys (ConfUtils.java:logGet(43)) - raft.server.rpcslowness.timeout = 120s (custom)
2019-10-09 08:01:17,762 [pool-439-thread-1] INFO  server.RaftServerConfigKeys (ConfUtils.java:logGet(43)) - raft.server.sleep.deviation.threshold = 300 (default)
2019-10-09 08:01:17,761 [pool-459-thread-1] INFO  server.RaftServerConfigKeys (ConfUtils.java:logGet(43)) - raft.server.rpc.timeout.min = 5s (custom)
2019-10-09 08:01:17,762 [pool-439-thread-1] INFO  server.RaftServerConfigKeys (ConfUtils.java:logGet(43)) - raft.server.log.appender.install.snapshot.enabled = false (custom)
2019-10-09 08:01:17,762 [pool-469-thread-1] INFO  storage.RaftStorageDirectory (RaftStorageDirectory.java:analyzeStorage(246)) - The storage directory /workdir/hadoop-ozone/integration-test/target/test-dir/MiniOzoneClusterImpl-4df022c4-1e45-4101-a2a2-7a234f72b8c5/datanode-6/data/ratis/fb31f444-c33b-4c0e-ab12-ef8375718ec5 does not exist. Creating ...
2019-10-09 08:01:17,762 [pool-439-thread-1] INFO  impl.RaftServerImpl (ServerState.java:<init>(103)) - 378e8ca1-a439-4b49-a1cd-52eabd12a77e@group-EF8375718EC5: ConfigurationManager, init=-1: [a4988454-66ec-443f-97d8-24dbcdced6c5:192.168.30.26:33450, 378e8ca1-a439-4b49-a1cd-52eabd12a77e:192.168.30.26:45153, 47b9f0ae-ccc1-46e4-8719-b00f15f21b54:192.168.30.26:37463], old=null, confs=<EMPTY_MAP>
2019-10-09 08:01:17,762 [pool-459-thread-1] INFO  server.RaftServerConfigKeys (ConfUtils.java:logGet(43)) - raft.server.rpc.timeout.max = 5200ms (custom)
2019-10-09 08:01:17,762 [pool-439-thread-1] INFO  server.RaftServerConfigKeys (ConfUtils.java:logGet(43)) - raft.server.storage.dir = [/workdir/hadoop-ozone/integration-test/target/test-dir/MiniOzoneClusterImpl-4df022c4-1e45-4101-a2a2-7a234f72b8c5/datanode-3/data/ratis] (custom)
2019-10-09 08:01:17,762 [pool-459-thread-1] INFO  server.RaftServerConfigKeys (ConfUtils.java:logGet(43)) - raft.server.rpcslowness.timeout = 120s (custom)
2019-10-09 08:01:17,763 [pool-439-thread-1] INFO  server.RaftServerConfigKeys (ConfUtils.java:logGet(43)) - raft.server.log.corruption.policy = EXCEPTION (default)
2019-10-09 08:01:17,763 [pool-459-thread-1] INFO  server.RaftServerConfigKeys (ConfUtils.java:logGet(43)) - raft.server.sleep.deviation.threshold = 300 (default)
2019-10-09 08:01:17,763 [pool-439-thread-1] INFO  storage.RaftStorageDirectory (RaftStorageDirectory.java:analyzeStorage(246)) - The storage directory /workdir/hadoop-ozone/integration-test/target/test-dir/MiniOzoneClusterImpl-4df022c4-1e45-4101-a2a2-7a234f72b8c5/datanode-3/data/ratis/fb31f444-c33b-4c0e-ab12-ef8375718ec5 does not exist. Creating ...
2019-10-09 08:01:17,763 [pool-459-thread-1] INFO  server.RaftServerConfigKeys (ConfUtils.java:logGet(43)) - raft.server.log.appender.install.snapshot.enabled = false (custom)
2019-10-09 08:01:17,763 [pool-459-thread-1] INFO  impl.RaftServerImpl (ServerState.java:<init>(103)) - a4988454-66ec-443f-97d8-24dbcdced6c5@group-EF8375718EC5: ConfigurationManager, init=-1: [a4988454-66ec-443f-97d8-24dbcdced6c5:192.168.30.26:33450, 378e8ca1-a439-4b49-a1cd-52eabd12a77e:192.168.30.26:45153, 47b9f0ae-ccc1-46e4-8719-b00f15f21b54:192.168.30.26:37463], old=null, confs=<EMPTY_MAP>
2019-10-09 08:01:17,763 [pool-459-thread-1] INFO  server.RaftServerConfigKeys (ConfUtils.java:logGet(43)) - raft.server.storage.dir = [/workdir/hadoop-ozone/integration-test/target/test-dir/MiniOzoneClusterImpl-4df022c4-1e45-4101-a2a2-7a234f72b8c5/datanode-5/data/ratis] (custom)
2019-10-09 08:01:17,763 [pool-459-thread-1] INFO  server.RaftServerConfigKeys (ConfUtils.java:logGet(43)) - raft.server.log.corruption.policy = EXCEPTION (default)
2019-10-09 08:01:17,764 [pool-459-thread-1] INFO  storage.RaftStorageDirectory (RaftStorageDirectory.java:analyzeStorage(246)) - The storage directory /workdir/hadoop-ozone/integration-test/target/test-dir/MiniOzoneClusterImpl-4df022c4-1e45-4101-a2a2-7a234f72b8c5/datanode-5/data/ratis/fb31f444-c33b-4c0e-ab12-ef8375718ec5 does not exist. Creating ...
2019-10-09 08:01:17,776 [pool-459-thread-1] INFO  storage.RaftStorageDirectory (RaftStorageDirectory.java:tryLock(328)) - Lock on /workdir/hadoop-ozone/integration-test/target/test-dir/MiniOzoneClusterImpl-4df022c4-1e45-4101-a2a2-7a234f72b8c5/datanode-5/data/ratis/fb31f444-c33b-4c0e-ab12-ef8375718ec5/in_use.lock acquired by nodename 25493@pr-hdds-2267-jsbhp-248048675
2019-10-09 08:01:17,776 [pool-439-thread-1] INFO  storage.RaftStorageDirectory (RaftStorageDirectory.java:tryLock(328)) - Lock on /workdir/hadoop-ozone/integration-test/target/test-dir/MiniOzoneClusterImpl-4df022c4-1e45-4101-a2a2-7a234f72b8c5/datanode-3/data/ratis/fb31f444-c33b-4c0e-ab12-ef8375718ec5/in_use.lock acquired by nodename 25493@pr-hdds-2267-jsbhp-248048675
2019-10-09 08:01:17,776 [pool-469-thread-1] INFO  storage.RaftStorageDirectory (RaftStorageDirectory.java:tryLock(328)) - Lock on /workdir/hadoop-ozone/integration-test/target/test-dir/MiniOzoneClusterImpl-4df022c4-1e45-4101-a2a2-7a234f72b8c5/datanode-6/data/ratis/fb31f444-c33b-4c0e-ab12-ef8375718ec5/in_use.lock acquired by nodename 25493@pr-hdds-2267-jsbhp-248048675
2019-10-09 08:01:17,795 [pool-439-thread-1] INFO  storage.RaftStorage (RaftStorage.java:format(84)) - Storage directory /workdir/hadoop-ozone/integration-test/target/test-dir/MiniOzoneClusterImpl-4df022c4-1e45-4101-a2a2-7a234f72b8c5/datanode-3/data/ratis/fb31f444-c33b-4c0e-ab12-ef8375718ec5 has been successfully formatted.
2019-10-09 08:01:17,795 [pool-459-thread-1] INFO  storage.RaftStorage (RaftStorage.java:format(84)) - Storage directory /workdir/hadoop-ozone/integration-test/target/test-dir/MiniOzoneClusterImpl-4df022c4-1e45-4101-a2a2-7a234f72b8c5/datanode-5/data/ratis/fb31f444-c33b-4c0e-ab12-ef8375718ec5 has been successfully formatted.
2019-10-09 08:01:17,795 [pool-469-thread-1] INFO  storage.RaftStorage (RaftStorage.java:format(84)) - Storage directory /workdir/hadoop-ozone/integration-test/target/test-dir/MiniOzoneClusterImpl-4df022c4-1e45-4101-a2a2-7a234f72b8c5/datanode-6/data/ratis/fb31f444-c33b-4c0e-ab12-ef8375718ec5 has been successfully formatted.
2019-10-09 08:01:17,795 [pool-459-thread-1] INFO  ratis.ContainerStateMachine (ContainerStateMachine.java:loadSnapshot(231)) - group-EF8375718EC5: The snapshot info is null. Setting the last applied indexto:(t:0, i:~)
2019-10-09 08:01:17,795 [pool-439-thread-1] INFO  ratis.ContainerStateMachine (ContainerStateMachine.java:loadSnapshot(231)) - group-EF8375718EC5: The snapshot info is null. Setting the last applied indexto:(t:0, i:~)
2019-10-09 08:01:17,796 [pool-459-thread-1] INFO  server.RaftServerConfigKeys (ConfUtils.java:logGet(43)) - raft.server.notification.no-leader.timeout = 120s (custom)
2019-10-09 08:01:17,796 [pool-469-thread-1] INFO  ratis.ContainerStateMachine (ContainerStateMachine.java:loadSnapshot(231)) - group-EF8375718EC5: The snapshot info is null. Setting the last applied indexto:(t:0, i:~)
2019-10-09 08:01:17,796 [pool-459-thread-1] INFO  server.RaftServerConfigKeys (ConfUtils.java:logGet(43)) - raft.server.log.use.memory = false (default)
2019-10-09 08:01:17,796 [pool-459-thread-1] INFO  server.RaftServerConfigKeys (ConfUtils.java:logGet(43)) - raft.server.log.purge.gap = 1000000 (custom)
2019-10-09 08:01:17,796 [pool-439-thread-1] INFO  server.RaftServerConfigKeys (ConfUtils.java:logGet(43)) - raft.server.notification.no-leader.timeout = 120s (custom)
2019-10-09 08:01:17,796 [pool-459-thread-1] INFO  server.RaftServerConfigKeys (ConfUtils.java:logGet(43)) - raft.server.log.appender.buffer.byte-limit = 33554432 (custom)
2019-10-09 08:01:17,796 [pool-469-thread-1] INFO  server.RaftServerConfigKeys (ConfUtils.java:logGet(43)) - raft.server.notification.no-leader.timeout = 120s (custom)
2019-10-09 08:01:17,797 [pool-459-thread-1] INFO  server.RaftServerConfigKeys (ConfUtils.java:logGet(43)) - raft.server.log.segment.size.max = 1048576 (custom)
2019-10-09 08:01:17,796 [pool-439-thread-1] INFO  server.RaftServerConfigKeys (ConfUtils.java:logGet(43)) - raft.server.log.use.memory = false (default)
2019-10-09 08:01:17,797 [pool-459-thread-1] INFO  server.RaftServerConfigKeys (ConfUtils.java:logGet(43)) - raft.server.log.segment.cache.num.max = 2 (custom)
2019-10-09 08:01:17,797 [pool-469-thread-1] INFO  server.RaftServerConfigKeys (ConfUtils.java:logGet(43)) - raft.server.log.use.memory = false (default)
2019-10-09 08:01:17,797 [pool-459-thread-1] INFO  segmented.SegmentedRaftLogWorker (SegmentedRaftLogWorker.java:<init>(173)) - new a4988454-66ec-443f-97d8-24dbcdced6c5@group-EF8375718EC5-SegmentedRaftLogWorker for RaftStorage:Storage Directory /workdir/hadoop-ozone/integration-test/target/test-dir/MiniOzoneClusterImpl-4df022c4-1e45-4101-a2a2-7a234f72b8c5/datanode-5/data/ratis/fb31f444-c33b-4c0e-ab12-ef8375718ec5
2019-10-09 08:01:17,797 [pool-459-thread-1] INFO  server.RaftServerConfigKeys (ConfUtils.java:logGet(43)) - raft.server.log.queue.byte-limit = 2147483647 (custom)
2019-10-09 08:01:17,797 [pool-439-thread-1] INFO  server.RaftServerConfigKeys (ConfUtils.java:logGet(43)) - raft.server.log.purge.gap = 1000000 (custom)
2019-10-09 08:01:17,797 [pool-459-thread-1] INFO  server.RaftServerConfigKeys (ConfUtils.java:logGet(43)) - raft.server.log.queue.element-limit = 1024 (custom)
2019-10-09 08:01:17,797 [pool-469-thread-1] INFO  server.RaftServerConfigKeys (ConfUtils.java:logGet(43)) - raft.server.log.purge.gap = 1000000 (custom)
2019-10-09 08:01:17,798 [pool-459-thread-1] INFO  server.RaftServerConfigKeys (ConfUtils.java:logGet(43)) - raft.server.log.segment.size.max = 1048576 (custom)
2019-10-09 08:01:17,798 [pool-439-thread-1] INFO  server.RaftServerConfigKeys (ConfUtils.java:logGet(43)) - raft.server.log.appender.buffer.byte-limit = 33554432 (custom)
2019-10-09 08:01:17,798 [pool-459-thread-1] INFO  server.RaftServerConfigKeys (ConfUtils.java:logGet(43)) - raft.server.log.preallocated.size = 16384 (custom)
2019-10-09 08:01:17,798 [pool-459-thread-1] INFO  server.RaftServerConfigKeys (ConfUtils.java:logGet(43)) - raft.server.log.write.buffer.size = 33554432 (custom)
2019-10-09 08:01:17,798 [pool-469-thread-1] INFO  server.RaftServerConfigKeys (ConfUtils.java:logGet(43)) - raft.server.log.appender.buffer.byte-limit = 33554432 (custom)
2019-10-09 08:01:17,798 [pool-459-thread-1] INFO  server.RaftServerConfigKeys (ConfUtils.java:logGet(43)) - raft.server.log.force.sync.num = 128 (default)
2019-10-09 08:01:17,798 [pool-439-thread-1] INFO  server.RaftServerConfigKeys (ConfUtils.java:logGet(43)) - raft.server.log.segment.size.max = 1048576 (custom)
2019-10-09 08:01:17,799 [pool-459-thread-1] INFO  server.RaftServerConfigKeys (ConfUtils.java:logGet(43)) - raft.server.log.statemachine.data.sync = true (default)
2019-10-09 08:01:17,799 [pool-469-thread-1] INFO  server.RaftServerConfigKeys (ConfUtils.java:logGet(43)) - raft.server.log.segment.size.max = 1048576 (custom)
2019-10-09 08:01:17,799 [pool-459-thread-1] INFO  server.RaftServerConfigKeys (ConfUtils.java:logGet(43)) - raft.server.log.statemachine.data.sync.timeout = 10s (default)
2019-10-09 08:01:17,799 [pool-439-thread-1] INFO  server.RaftServerConfigKeys (ConfUtils.java:logGet(43)) - raft.server.log.segment.cache.num.max = 2 (custom)
2019-10-09 08:01:17,799 [pool-459-thread-1] INFO  server.RaftServerConfigKeys (ConfUtils.java:logGet(43)) - raft.server.log.statemachine.data.sync.timeout.retry = -1 (default)
2019-10-09 08:01:17,799 [pool-469-thread-1] INFO  server.RaftServerConfigKeys (ConfUtils.java:logGet(43)) - raft.server.log.segment.cache.num.max = 2 (custom)
2019-10-09 08:01:17,799 [pool-459-thread-1] INFO  server.RaftServerConfigKeys (ConfUtils.java:logGet(43)) - raft.server.log.statemachine.data.caching.enabled = true (custom)
2019-10-09 08:01:17,799 [pool-439-thread-1] INFO  segmented.SegmentedRaftLogWorker (SegmentedRaftLogWorker.java:<init>(173)) - new 378e8ca1-a439-4b49-a1cd-52eabd12a77e@group-EF8375718EC5-SegmentedRaftLogWorker for RaftStorage:Storage Directory /workdir/hadoop-ozone/integration-test/target/test-dir/MiniOzoneClusterImpl-4df022c4-1e45-4101-a2a2-7a234f72b8c5/datanode-3/data/ratis/fb31f444-c33b-4c0e-ab12-ef8375718ec5
2019-10-09 08:01:17,800 [pool-469-thread-1] INFO  segmented.SegmentedRaftLogWorker (SegmentedRaftLogWorker.java:<init>(173)) - new 47b9f0ae-ccc1-46e4-8719-b00f15f21b54@group-EF8375718EC5-SegmentedRaftLogWorker for RaftStorage:Storage Directory /workdir/hadoop-ozone/integration-test/target/test-dir/MiniOzoneClusterImpl-4df022c4-1e45-4101-a2a2-7a234f72b8c5/datanode-6/data/ratis/fb31f444-c33b-4c0e-ab12-ef8375718ec5
2019-10-09 08:01:17,800 [pool-439-thread-1] INFO  server.RaftServerConfigKeys (ConfUtils.java:logGet(43)) - raft.server.log.queue.byte-limit = 2147483647 (custom)
2019-10-09 08:01:17,800 [pool-459-thread-1] INFO  segmented.SegmentedRaftLogWorker (SegmentedRaftLogWorker.java:lambda$new$0(128)) - a4988454-66ec-443f-97d8-24dbcdced6c5@group-EF8375718EC5-SegmentedRaftLogWorker: flushIndex: setUnconditionally 0 -> -1
2019-10-09 08:01:17,800 [pool-439-thread-1] INFO  server.RaftServerConfigKeys (ConfUtils.java:logGet(43)) - raft.server.log.queue.element-limit = 1024 (custom)
2019-10-09 08:01:17,800 [pool-469-thread-1] INFO  server.RaftServerConfigKeys (ConfUtils.java:logGet(43)) - raft.server.log.queue.byte-limit = 2147483647 (custom)
2019-10-09 08:01:17,800 [pool-439-thread-1] INFO  server.RaftServerConfigKeys (ConfUtils.java:logGet(43)) - raft.server.log.segment.size.max = 1048576 (custom)
2019-10-09 08:01:17,800 [pool-459-thread-1] INFO  server.RaftServerConfigKeys (ConfUtils.java:logGet(43)) - raft.server.snapshot.auto.trigger.enabled = true (custom)
2019-10-09 08:01:17,801 [pool-439-thread-1] INFO  server.RaftServerConfigKeys (ConfUtils.java:logGet(43)) - raft.server.log.preallocated.size = 16384 (custom)
2019-10-09 08:01:17,800 [pool-469-thread-1] INFO  server.RaftServerConfigKeys (ConfUtils.java:logGet(43)) - raft.server.log.queue.element-limit = 1024 (custom)
2019-10-09 08:01:17,801 [pool-439-thread-1] INFO  server.RaftServerConfigKeys (ConfUtils.java:logGet(43)) - raft.server.log.write.buffer.size = 33554432 (custom)
2019-10-09 08:01:17,801 [pool-439-thread-1] INFO  server.RaftServerConfigKeys (ConfUtils.java:logGet(43)) - raft.server.log.force.sync.num = 128 (default)
2019-10-09 08:01:17,801 [pool-459-thread-1] INFO  server.RaftServerConfigKeys (ConfUtils.java:logGet(43)) - raft.server.snapshot.auto.trigger.threshold = 10000 (custom)
2019-10-09 08:01:17,801 [pool-439-thread-1] INFO  server.RaftServerConfigKeys (ConfUtils.java:logGet(43)) - raft.server.log.statemachine.data.sync = true (default)
2019-10-09 08:01:17,801 [pool-469-thread-1] INFO  server.RaftServerConfigKeys (ConfUtils.java:logGet(43)) - raft.server.log.segment.size.max = 1048576 (custom)
2019-10-09 08:01:17,802 [pool-439-thread-1] INFO  server.RaftServerConfigKeys (ConfUtils.java:logGet(43)) - raft.server.log.statemachine.data.sync.timeout = 10s (default)
2019-10-09 08:01:17,802 [pool-439-thread-1] INFO  server.RaftServerConfigKeys (ConfUtils.java:logGet(43)) - raft.server.log.statemachine.data.sync.timeout.retry = -1 (default)
2019-10-09 08:01:17,801 [pool-459-thread-1] INFO  server.RaftServerConfigKeys (ConfUtils.java:logGet(43)) - raft.server.snapshot.retention.file.num = 5 (custom)
2019-10-09 08:01:17,802 [pool-439-thread-1] INFO  server.RaftServerConfigKeys (ConfUtils.java:logGet(43)) - raft.server.log.statemachine.data.caching.enabled = true (custom)
2019-10-09 08:01:17,802 [pool-469-thread-1] INFO  server.RaftServerConfigKeys (ConfUtils.java:logGet(43)) - raft.server.log.preallocated.size = 16384 (custom)
2019-10-09 08:01:17,802 [pool-459-thread-1] INFO  server.RaftServerConfigKeys (ConfUtils.java:logGet(43)) - raft.server.retrycache.expirytime = 600000ms (custom)
2019-10-09 08:01:17,802 [pool-469-thread-1] INFO  server.RaftServerConfigKeys (ConfUtils.java:logGet(43)) - raft.server.log.write.buffer.size = 33554432 (custom)
2019-10-09 08:01:17,802 [pool-439-thread-1] INFO  segmented.SegmentedRaftLogWorker (SegmentedRaftLogWorker.java:lambda$new$0(128)) - 378e8ca1-a439-4b49-a1cd-52eabd12a77e@group-EF8375718EC5-SegmentedRaftLogWorker: flushIndex: setUnconditionally 0 -> -1
2019-10-09 08:01:17,803 [pool-469-thread-1] INFO  server.RaftServerConfigKeys (ConfUtils.java:logGet(43)) - raft.server.log.force.sync.num = 128 (default)
2019-10-09 08:01:17,803 [pool-469-thread-1] INFO  server.RaftServerConfigKeys (ConfUtils.java:logGet(43)) - raft.server.log.statemachine.data.sync = true (default)
2019-10-09 08:01:17,803 [pool-469-thread-1] INFO  server.RaftServerConfigKeys (ConfUtils.java:logGet(43)) - raft.server.log.statemachine.data.sync.timeout = 10s (default)
2019-10-09 08:01:17,803 [pool-439-thread-1] INFO  server.RaftServerConfigKeys (ConfUtils.java:logGet(43)) - raft.server.snapshot.auto.trigger.enabled = true (custom)
2019-10-09 08:01:17,803 [pool-469-thread-1] INFO  server.RaftServerConfigKeys (ConfUtils.java:logGet(43)) - raft.server.log.statemachine.data.sync.timeout.retry = -1 (default)
2019-10-09 08:01:17,803 [pool-439-thread-1] INFO  server.RaftServerConfigKeys (ConfUtils.java:logGet(43)) - raft.server.snapshot.auto.trigger.threshold = 10000 (custom)
2019-10-09 08:01:17,803 [pool-469-thread-1] INFO  server.RaftServerConfigKeys (ConfUtils.java:logGet(43)) - raft.server.log.statemachine.data.caching.enabled = true (custom)
2019-10-09 08:01:17,804 [pool-439-thread-1] INFO  server.RaftServerConfigKeys (ConfUtils.java:logGet(43)) - raft.server.snapshot.retention.file.num = 5 (custom)
2019-10-09 08:01:17,804 [pool-459-thread-1] INFO  impl.RaftServerImpl (RaftServerImpl.java:start(181)) - a4988454-66ec-443f-97d8-24dbcdced6c5@group-EF8375718EC5: start as a follower, conf=-1: [a4988454-66ec-443f-97d8-24dbcdced6c5:192.168.30.26:33450, 378e8ca1-a439-4b49-a1cd-52eabd12a77e:192.168.30.26:45153, 47b9f0ae-ccc1-46e4-8719-b00f15f21b54:192.168.30.26:37463], old=null
2019-10-09 08:01:17,804 [pool-439-thread-1] INFO  server.RaftServerConfigKeys (ConfUtils.java:logGet(43)) - raft.server.retrycache.expirytime = 600000ms (custom)
2019-10-09 08:01:17,804 [pool-469-thread-1] INFO  segmented.SegmentedRaftLogWorker (SegmentedRaftLogWorker.java:lambda$new$0(128)) - 47b9f0ae-ccc1-46e4-8719-b00f15f21b54@group-EF8375718EC5-SegmentedRaftLogWorker: flushIndex: setUnconditionally 0 -> -1
2019-10-09 08:01:17,804 [pool-459-thread-1] INFO  impl.RaftServerImpl (RaftServerImpl.java:setRole(170)) - a4988454-66ec-443f-97d8-24dbcdced6c5@group-EF8375718EC5: changes role from      null to FOLLOWER at term 0 for startAsFollower
2019-10-09 08:01:17,804 [pool-459-thread-1] INFO  impl.RoleInfo (RoleInfo.java:updateAndGet(143)) - a4988454-66ec-443f-97d8-24dbcdced6c5: start FollowerState
2019-10-09 08:01:17,804 [pool-469-thread-1] INFO  server.RaftServerConfigKeys (ConfUtils.java:logGet(43)) - raft.server.snapshot.auto.trigger.enabled = true (custom)
2019-10-09 08:01:17,804 [pool-469-thread-1] INFO  server.RaftServerConfigKeys (ConfUtils.java:logGet(43)) - raft.server.snapshot.auto.trigger.threshold = 10000 (custom)
2019-10-09 08:01:17,805 [pool-469-thread-1] INFO  server.RaftServerConfigKeys (ConfUtils.java:logGet(43)) - raft.server.snapshot.retention.file.num = 5 (custom)
2019-10-09 08:01:17,805 [pool-469-thread-1] INFO  server.RaftServerConfigKeys (ConfUtils.java:logGet(43)) - raft.server.retrycache.expirytime = 600000ms (custom)
2019-10-09 08:01:17,805 [pool-459-thread-1] INFO  util.JmxRegister (JmxRegister.java:tryRegister(44)) - Successfully registered JMX Bean with object name Ratis:service=RaftServer,group=group-EF8375718EC5,id=a4988454-66ec-443f-97d8-24dbcdced6c5
2019-10-09 08:01:17,806 [pool-439-thread-1] INFO  impl.RaftServerImpl (RaftServerImpl.java:start(181)) - 378e8ca1-a439-4b49-a1cd-52eabd12a77e@group-EF8375718EC5: start as a follower, conf=-1: [a4988454-66ec-443f-97d8-24dbcdced6c5:192.168.30.26:33450, 378e8ca1-a439-4b49-a1cd-52eabd12a77e:192.168.30.26:45153, 47b9f0ae-ccc1-46e4-8719-b00f15f21b54:192.168.30.26:37463], old=null
2019-10-09 08:01:17,806 [pool-439-thread-1] INFO  impl.RaftServerImpl (RaftServerImpl.java:setRole(170)) - 378e8ca1-a439-4b49-a1cd-52eabd12a77e@group-EF8375718EC5: changes role from      null to FOLLOWER at term 0 for startAsFollower
2019-10-09 08:01:17,806 [pool-439-thread-1] INFO  impl.RoleInfo (RoleInfo.java:updateAndGet(143)) - 378e8ca1-a439-4b49-a1cd-52eabd12a77e: start FollowerState
2019-10-09 08:01:17,807 [pool-439-thread-1] INFO  util.JmxRegister (JmxRegister.java:tryRegister(44)) - Successfully registered JMX Bean with object name Ratis:service=RaftServer,group=group-EF8375718EC5,id=378e8ca1-a439-4b49-a1cd-52eabd12a77e
2019-10-09 08:01:17,808 [pool-469-thread-1] INFO  impl.RaftServerImpl (RaftServerImpl.java:start(181)) - 47b9f0ae-ccc1-46e4-8719-b00f15f21b54@group-EF8375718EC5: start as a follower, conf=-1: [a4988454-66ec-443f-97d8-24dbcdced6c5:192.168.30.26:33450, 378e8ca1-a439-4b49-a1cd-52eabd12a77e:192.168.30.26:45153, 47b9f0ae-ccc1-46e4-8719-b00f15f21b54:192.168.30.26:37463], old=null
2019-10-09 08:01:17,808 [pool-469-thread-1] INFO  impl.RaftServerImpl (RaftServerImpl.java:setRole(170)) - 47b9f0ae-ccc1-46e4-8719-b00f15f21b54@group-EF8375718EC5: changes role from      null to FOLLOWER at term 0 for startAsFollower
2019-10-09 08:01:17,809 [pool-469-thread-1] INFO  impl.RoleInfo (RoleInfo.java:updateAndGet(143)) - 47b9f0ae-ccc1-46e4-8719-b00f15f21b54: start FollowerState
2019-10-09 08:01:17,809 [pool-469-thread-1] INFO  util.JmxRegister (JmxRegister.java:tryRegister(44)) - Successfully registered JMX Bean with object name Ratis:service=RaftServer,group=group-EF8375718EC5,id=47b9f0ae-ccc1-46e4-8719-b00f15f21b54
2019-10-09 08:01:17,823 [RatisPipelineUtilsThread] INFO  pipeline.PipelineStateManager (PipelineStateManager.java:addPipeline(56)) - Created pipeline Pipeline[ Id: fb31f444-c33b-4c0e-ab12-ef8375718ec5, Nodes: 47b9f0ae-ccc1-46e4-8719-b00f15f21b54{ip: 192.168.30.26, host: pr-hdds-2267-jsbhp-248048675, networkLocation: /default-rack, certSerialId: null}378e8ca1-a439-4b49-a1cd-52eabd12a77e{ip: 192.168.30.26, host: pr-hdds-2267-jsbhp-248048675, networkLocation: /default-rack, certSerialId: null}a4988454-66ec-443f-97d8-24dbcdced6c5{ip: 192.168.30.26, host: pr-hdds-2267-jsbhp-248048675, networkLocation: /default-rack, certSerialId: null}, Type:RATIS, Factor:THREE, State:OPEN]
2019-10-09 08:01:18,575 [main] INFO  ozone.MiniOzoneClusterImpl (MiniOzoneClusterImpl.java:lambda$waitForClusterToBeReady$0(147)) - Cluster is ready. Got 7 of 7 DN Heartbeats.
2019-10-09 08:01:18,628 [main] INFO  rpc.RpcClient (RpcClient.java:createVolume(272)) - Creating Volume: testblockoutputstream, with jenkins1000 as owner.
2019-10-09 08:01:18,632 [IPC Server handler 3 on 38221] INFO  volume.OMVolumeCreateRequest (OMVolumeCreateRequest.java:validateAndUpdateCache(193)) - created volume:testblockoutputstream for user:jenkins1000
2019-10-09 08:01:18,651 [main] INFO  rpc.RpcClient (RpcClient.java:createBucket(411)) - Creating Bucket: testblockoutputstream/testblockoutputstream, with Versioning false and Storage Type set to DISK and Encryption set to false 
2019-10-09 08:01:20,181 [Thread-3076] INFO  container.ReplicationManager (ReplicationManager.java:start(162)) - Starting Replication Monitor Thread.
2019-10-09 08:01:20,186 [ReplicationMonitor] INFO  container.ReplicationManager (ReplicationManager.java:run(225)) - Replication Monitor Thread took 1 milliseconds for processing 1 containers.
2019-10-09 08:01:22,290 [Thread-3081] INFO  impl.FollowerState (FollowerState.java:run(108)) - 1b70438d-a4e3-4816-9602-0f37573f16e9@group-3DFDD96DB6B9-FollowerState: change to CANDIDATE, lastRpcTime:5006ms, electionTimeout:5006ms
2019-10-09 08:01:22,291 [Thread-3081] INFO  impl.RoleInfo (RoleInfo.java:shutdownFollowerState(121)) - 1b70438d-a4e3-4816-9602-0f37573f16e9: shutdown FollowerState
2019-10-09 08:01:22,291 [Thread-3081] INFO  impl.RaftServerImpl (RaftServerImpl.java:setRole(170)) - 1b70438d-a4e3-4816-9602-0f37573f16e9@group-3DFDD96DB6B9: changes role from  FOLLOWER to CANDIDATE at term 0 for changeToCandidate
2019-10-09 08:01:22,291 [Thread-3081] INFO  impl.RoleInfo (RoleInfo.java:updateAndGet(143)) - 1b70438d-a4e3-4816-9602-0f37573f16e9: start LeaderElection
2019-10-09 08:01:22,312 [1b70438d-a4e3-4816-9602-0f37573f16e9@group-3DFDD96DB6B9-LeaderElection65] INFO  impl.LeaderElection (LeaderElection.java:askForVotes(178)) - 1b70438d-a4e3-4816-9602-0f37573f16e9@group-3DFDD96DB6B9-LeaderElection65: begin an election at term 1 for -1: [1b70438d-a4e3-4816-9602-0f37573f16e9:192.168.30.26:40185], old=null
2019-10-09 08:01:22,313 [1b70438d-a4e3-4816-9602-0f37573f16e9@group-3DFDD96DB6B9-LeaderElection65] INFO  impl.RoleInfo (RoleInfo.java:shutdownLeaderElection(134)) - 1b70438d-a4e3-4816-9602-0f37573f16e9: shutdown LeaderElection
2019-10-09 08:01:22,313 [1b70438d-a4e3-4816-9602-0f37573f16e9@group-3DFDD96DB6B9-LeaderElection65] INFO  impl.RaftServerImpl (RaftServerImpl.java:setRole(170)) - 1b70438d-a4e3-4816-9602-0f37573f16e9@group-3DFDD96DB6B9: changes role from CANDIDATE to LEADER at term 1 for changeToLeader
2019-10-09 08:01:22,313 [1b70438d-a4e3-4816-9602-0f37573f16e9@group-3DFDD96DB6B9-LeaderElection65] INFO  impl.RaftServerImpl (ServerState.java:setLeader(255)) - 1b70438d-a4e3-4816-9602-0f37573f16e9@group-3DFDD96DB6B9: change Leader from null to 1b70438d-a4e3-4816-9602-0f37573f16e9 at term 1 for becomeLeader, leader elected after 5034ms
2019-10-09 08:01:22,313 [1b70438d-a4e3-4816-9602-0f37573f16e9@group-3DFDD96DB6B9-LeaderElection65] INFO  server.RaftServerConfigKeys (ConfUtils.java:logGet(43)) - raft.server.staging.catchup.gap = 1000 (default)
2019-10-09 08:01:22,314 [1b70438d-a4e3-4816-9602-0f37573f16e9@group-3DFDD96DB6B9-LeaderElection65] INFO  server.RaftServerConfigKeys (ConfUtils.java:logGet(43)) - raft.server.rpc.sleep.time = 25ms (default)
2019-10-09 08:01:22,314 [1b70438d-a4e3-4816-9602-0f37573f16e9@group-3DFDD96DB6B9-LeaderElection65] INFO  server.RaftServerConfigKeys (ConfUtils.java:logGet(43)) - raft.server.write.element-limit = 4096 (default)
2019-10-09 08:01:22,314 [1b70438d-a4e3-4816-9602-0f37573f16e9@group-3DFDD96DB6B9-LeaderElection65] INFO  server.RaftServerConfigKeys (ConfUtils.java:logGet(43)) - raft.server.watch.timeout = 10s (default)
2019-10-09 08:01:22,315 [1b70438d-a4e3-4816-9602-0f37573f16e9@group-3DFDD96DB6B9-LeaderElection65] INFO  server.RaftServerConfigKeys (ConfUtils.java:logGet(43)) - raft.server.watch.timeout.denomination = 1s (default)
2019-10-09 08:01:22,315 [1b70438d-a4e3-4816-9602-0f37573f16e9@group-3DFDD96DB6B9-LeaderElection65] INFO  server.RaftServerConfigKeys (ConfUtils.java:logGet(43)) - raft.server.watch.element-limit = 65536 (default)
2019-10-09 08:01:22,319 [1b70438d-a4e3-4816-9602-0f37573f16e9@group-3DFDD96DB6B9-LeaderElection65] INFO  impl.RoleInfo (RoleInfo.java:updateAndGet(143)) - 1b70438d-a4e3-4816-9602-0f37573f16e9: start LeaderState
2019-10-09 08:01:22,320 [1b70438d-a4e3-4816-9602-0f37573f16e9@group-3DFDD96DB6B9-LeaderElection65] INFO  segmented.SegmentedRaftLogWorker (SegmentedRaftLogWorker.java:startLogSegment(385)) - 1b70438d-a4e3-4816-9602-0f37573f16e9@group-3DFDD96DB6B9-SegmentedRaftLogWorker: Starting segment from index:0
2019-10-09 08:01:22,321 [1b70438d-a4e3-4816-9602-0f37573f16e9@group-3DFDD96DB6B9-LeaderElection65] INFO  impl.RaftServerImpl (ServerState.java:setRaftConf(356)) - 1b70438d-a4e3-4816-9602-0f37573f16e9@group-3DFDD96DB6B9: set configuration 0: [1b70438d-a4e3-4816-9602-0f37573f16e9:192.168.30.26:40185], old=null at 0
2019-10-09 08:01:22,366 [1b70438d-a4e3-4816-9602-0f37573f16e9@group-3DFDD96DB6B9-SegmentedRaftLogWorker] INFO  segmented.SegmentedRaftLogWorker (SegmentedRaftLogWorker.java:execute(574)) - 1b70438d-a4e3-4816-9602-0f37573f16e9@group-3DFDD96DB6B9-SegmentedRaftLogWorker: created new log segment /workdir/hadoop-ozone/integration-test/target/test-dir/MiniOzoneClusterImpl-4df022c4-1e45-4101-a2a2-7a234f72b8c5/datanode-1/data/ratis/f970802b-1820-43ce-bfce-3dfdd96db6b9/current/log_inprogress_0
2019-10-09 08:01:22,414 [Thread-3078] INFO  impl.FollowerState (FollowerState.java:run(108)) - 073fd5a2-9708-4ee1-989d-fb2c807bc92e@group-1160CF3FA398-FollowerState: change to CANDIDATE, lastRpcTime:5180ms, electionTimeout:5180ms
2019-10-09 08:01:22,414 [Thread-3078] INFO  impl.RoleInfo (RoleInfo.java:shutdownFollowerState(121)) - 073fd5a2-9708-4ee1-989d-fb2c807bc92e: shutdown FollowerState
2019-10-09 08:01:22,414 [Thread-3078] INFO  impl.RaftServerImpl (RaftServerImpl.java:setRole(170)) - 073fd5a2-9708-4ee1-989d-fb2c807bc92e@group-1160CF3FA398: changes role from  FOLLOWER to CANDIDATE at term 0 for changeToCandidate
2019-10-09 08:01:22,415 [Thread-3078] INFO  impl.RoleInfo (RoleInfo.java:updateAndGet(143)) - 073fd5a2-9708-4ee1-989d-fb2c807bc92e: start LeaderElection
2019-10-09 08:01:22,443 [073fd5a2-9708-4ee1-989d-fb2c807bc92e@group-1160CF3FA398-LeaderElection66] INFO  impl.LeaderElection (LeaderElection.java:askForVotes(178)) - 073fd5a2-9708-4ee1-989d-fb2c807bc92e@group-1160CF3FA398-LeaderElection66: begin an election at term 1 for -1: [073fd5a2-9708-4ee1-989d-fb2c807bc92e:192.168.30.26:43196], old=null
2019-10-09 08:01:22,443 [073fd5a2-9708-4ee1-989d-fb2c807bc92e@group-1160CF3FA398-LeaderElection66] INFO  impl.RoleInfo (RoleInfo.java:shutdownLeaderElection(134)) - 073fd5a2-9708-4ee1-989d-fb2c807bc92e: shutdown LeaderElection
2019-10-09 08:01:22,443 [073fd5a2-9708-4ee1-989d-fb2c807bc92e@group-1160CF3FA398-LeaderElection66] INFO  impl.RaftServerImpl (RaftServerImpl.java:setRole(170)) - 073fd5a2-9708-4ee1-989d-fb2c807bc92e@group-1160CF3FA398: changes role from CANDIDATE to LEADER at term 1 for changeToLeader
2019-10-09 08:01:22,443 [073fd5a2-9708-4ee1-989d-fb2c807bc92e@group-1160CF3FA398-LeaderElection66] INFO  impl.RaftServerImpl (ServerState.java:setLeader(255)) - 073fd5a2-9708-4ee1-989d-fb2c807bc92e@group-1160CF3FA398: change Leader from null to 073fd5a2-9708-4ee1-989d-fb2c807bc92e at term 1 for becomeLeader, leader elected after 5216ms
2019-10-09 08:01:22,443 [073fd5a2-9708-4ee1-989d-fb2c807bc92e@group-1160CF3FA398-LeaderElection66] INFO  server.RaftServerConfigKeys (ConfUtils.java:logGet(43)) - raft.server.staging.catchup.gap = 1000 (default)
2019-10-09 08:01:22,443 [073fd5a2-9708-4ee1-989d-fb2c807bc92e@group-1160CF3FA398-LeaderElection66] INFO  server.RaftServerConfigKeys (ConfUtils.java:logGet(43)) - raft.server.rpc.sleep.time = 25ms (default)
2019-10-09 08:01:22,443 [073fd5a2-9708-4ee1-989d-fb2c807bc92e@group-1160CF3FA398-LeaderElection66] INFO  server.RaftServerConfigKeys (ConfUtils.java:logGet(43)) - raft.server.write.element-limit = 4096 (default)
2019-10-09 08:01:22,443 [073fd5a2-9708-4ee1-989d-fb2c807bc92e@group-1160CF3FA398-LeaderElection66] INFO  server.RaftServerConfigKeys (ConfUtils.java:logGet(43)) - raft.server.watch.timeout = 10s (default)
2019-10-09 08:01:22,444 [073fd5a2-9708-4ee1-989d-fb2c807bc92e@group-1160CF3FA398-LeaderElection66] INFO  server.RaftServerConfigKeys (ConfUtils.java:logGet(43)) - raft.server.watch.timeout.denomination = 1s (default)
2019-10-09 08:01:22,444 [073fd5a2-9708-4ee1-989d-fb2c807bc92e@group-1160CF3FA398-LeaderElection66] INFO  server.RaftServerConfigKeys (ConfUtils.java:logGet(43)) - raft.server.watch.element-limit = 65536 (default)
2019-10-09 08:01:22,446 [073fd5a2-9708-4ee1-989d-fb2c807bc92e@group-1160CF3FA398-LeaderElection66] INFO  impl.RoleInfo (RoleInfo.java:updateAndGet(143)) - 073fd5a2-9708-4ee1-989d-fb2c807bc92e: start LeaderState
2019-10-09 08:01:22,446 [073fd5a2-9708-4ee1-989d-fb2c807bc92e@group-1160CF3FA398-LeaderElection66] INFO  segmented.SegmentedRaftLogWorker (SegmentedRaftLogWorker.java:startLogSegment(385)) - 073fd5a2-9708-4ee1-989d-fb2c807bc92e@group-1160CF3FA398-SegmentedRaftLogWorker: Starting segment from index:0
2019-10-09 08:01:22,446 [073fd5a2-9708-4ee1-989d-fb2c807bc92e@group-1160CF3FA398-LeaderElection66] INFO  impl.RaftServerImpl (ServerState.java:setRaftConf(356)) - 073fd5a2-9708-4ee1-989d-fb2c807bc92e@group-1160CF3FA398: set configuration 0: [073fd5a2-9708-4ee1-989d-fb2c807bc92e:192.168.30.26:43196], old=null at 0
2019-10-09 08:01:22,469 [Thread-3084] INFO  impl.FollowerState (FollowerState.java:run(108)) - 3867358e-0593-45dd-9259-84e61f3a3ea7@group-EEC9EBFE976A-FollowerState: change to CANDIDATE, lastRpcTime:5108ms, electionTimeout:5092ms
2019-10-09 08:01:22,470 [Thread-3084] INFO  impl.RoleInfo (RoleInfo.java:shutdownFollowerState(121)) - 3867358e-0593-45dd-9259-84e61f3a3ea7: shutdown FollowerState
2019-10-09 08:01:22,470 [Thread-3084] INFO  impl.RaftServerImpl (RaftServerImpl.java:setRole(170)) - 3867358e-0593-45dd-9259-84e61f3a3ea7@group-EEC9EBFE976A: changes role from  FOLLOWER to CANDIDATE at term 0 for changeToCandidate
2019-10-09 08:01:22,470 [Thread-3084] INFO  impl.RoleInfo (RoleInfo.java:updateAndGet(143)) - 3867358e-0593-45dd-9259-84e61f3a3ea7: start LeaderElection
2019-10-09 08:01:22,476 [Thread-3092] INFO  impl.FollowerState (FollowerState.java:run(108)) - 1b70438d-a4e3-4816-9602-0f37573f16e9@group-BFF9D2052DC2-FollowerState: change to CANDIDATE, lastRpcTime:5028ms, electionTimeout:5025ms
2019-10-09 08:01:22,477 [Thread-3092] INFO  impl.RoleInfo (RoleInfo.java:shutdownFollowerState(121)) - 1b70438d-a4e3-4816-9602-0f37573f16e9: shutdown FollowerState
2019-10-09 08:01:22,477 [Thread-3092] INFO  impl.RaftServerImpl (RaftServerImpl.java:setRole(170)) - 1b70438d-a4e3-4816-9602-0f37573f16e9@group-BFF9D2052DC2: changes role from  FOLLOWER to CANDIDATE at term 0 for changeToCandidate
2019-10-09 08:01:22,477 [Thread-3092] INFO  impl.RoleInfo (RoleInfo.java:updateAndGet(143)) - 1b70438d-a4e3-4816-9602-0f37573f16e9: start LeaderElection
2019-10-09 08:01:22,483 [073fd5a2-9708-4ee1-989d-fb2c807bc92e@group-1160CF3FA398-SegmentedRaftLogWorker] INFO  segmented.SegmentedRaftLogWorker (SegmentedRaftLogWorker.java:execute(574)) - 073fd5a2-9708-4ee1-989d-fb2c807bc92e@group-1160CF3FA398-SegmentedRaftLogWorker: created new log segment /workdir/hadoop-ozone/integration-test/target/test-dir/MiniOzoneClusterImpl-4df022c4-1e45-4101-a2a2-7a234f72b8c5/datanode-0/data/ratis/896bbe9a-cf7c-4498-83cd-1160cf3fa398/current/log_inprogress_0
2019-10-09 08:01:22,483 [3867358e-0593-45dd-9259-84e61f3a3ea7@group-EEC9EBFE976A-LeaderElection67] INFO  impl.LeaderElection (LeaderElection.java:askForVotes(178)) - 3867358e-0593-45dd-9259-84e61f3a3ea7@group-EEC9EBFE976A-LeaderElection67: begin an election at term 1 for -1: [3867358e-0593-45dd-9259-84e61f3a3ea7:192.168.30.26:40376], old=null
2019-10-09 08:01:22,483 [3867358e-0593-45dd-9259-84e61f3a3ea7@group-EEC9EBFE976A-LeaderElection67] INFO  impl.RoleInfo (RoleInfo.java:shutdownLeaderElection(134)) - 3867358e-0593-45dd-9259-84e61f3a3ea7: shutdown LeaderElection
2019-10-09 08:01:22,483 [3867358e-0593-45dd-9259-84e61f3a3ea7@group-EEC9EBFE976A-LeaderElection67] INFO  impl.RaftServerImpl (RaftServerImpl.java:setRole(170)) - 3867358e-0593-45dd-9259-84e61f3a3ea7@group-EEC9EBFE976A: changes role from CANDIDATE to LEADER at term 1 for changeToLeader
2019-10-09 08:01:22,483 [3867358e-0593-45dd-9259-84e61f3a3ea7@group-EEC9EBFE976A-LeaderElection67] INFO  impl.RaftServerImpl (ServerState.java:setLeader(255)) - 3867358e-0593-45dd-9259-84e61f3a3ea7@group-EEC9EBFE976A: change Leader from null to 3867358e-0593-45dd-9259-84e61f3a3ea7 at term 1 for becomeLeader, leader elected after 5127ms
2019-10-09 08:01:22,484 [3867358e-0593-45dd-9259-84e61f3a3ea7@group-EEC9EBFE976A-LeaderElection67] INFO  server.RaftServerConfigKeys (ConfUtils.java:logGet(43)) - raft.server.staging.catchup.gap = 1000 (default)
2019-10-09 08:01:22,484 [3867358e-0593-45dd-9259-84e61f3a3ea7@group-EEC9EBFE976A-LeaderElection67] INFO  server.RaftServerConfigKeys (ConfUtils.java:logGet(43)) - raft.server.rpc.sleep.time = 25ms (default)
2019-10-09 08:01:22,484 [3867358e-0593-45dd-9259-84e61f3a3ea7@group-EEC9EBFE976A-LeaderElection67] INFO  server.RaftServerConfigKeys (ConfUtils.java:logGet(43)) - raft.server.write.element-limit = 4096 (default)
2019-10-09 08:01:22,484 [3867358e-0593-45dd-9259-84e61f3a3ea7@group-EEC9EBFE976A-LeaderElection67] INFO  server.RaftServerConfigKeys (ConfUtils.java:logGet(43)) - raft.server.watch.timeout = 10s (default)
2019-10-09 08:01:22,484 [3867358e-0593-45dd-9259-84e61f3a3ea7@group-EEC9EBFE976A-LeaderElection67] INFO  server.RaftServerConfigKeys (ConfUtils.java:logGet(43)) - raft.server.watch.timeout.denomination = 1s (default)
2019-10-09 08:01:22,484 [3867358e-0593-45dd-9259-84e61f3a3ea7@group-EEC9EBFE976A-LeaderElection67] INFO  server.RaftServerConfigKeys (ConfUtils.java:logGet(43)) - raft.server.watch.element-limit = 65536 (default)
2019-10-09 08:01:22,486 [3867358e-0593-45dd-9259-84e61f3a3ea7@group-EEC9EBFE976A-LeaderElection67] INFO  impl.RoleInfo (RoleInfo.java:updateAndGet(143)) - 3867358e-0593-45dd-9259-84e61f3a3ea7: start LeaderState
2019-10-09 08:01:22,487 [3867358e-0593-45dd-9259-84e61f3a3ea7@group-EEC9EBFE976A-LeaderElection67] INFO  segmented.SegmentedRaftLogWorker (SegmentedRaftLogWorker.java:startLogSegment(385)) - 3867358e-0593-45dd-9259-84e61f3a3ea7@group-EEC9EBFE976A-SegmentedRaftLogWorker: Starting segment from index:0
2019-10-09 08:01:22,487 [3867358e-0593-45dd-9259-84e61f3a3ea7@group-EEC9EBFE976A-LeaderElection67] INFO  impl.RaftServerImpl (ServerState.java:setRaftConf(356)) - 3867358e-0593-45dd-9259-84e61f3a3ea7@group-EEC9EBFE976A: set configuration 0: [3867358e-0593-45dd-9259-84e61f3a3ea7:192.168.30.26:40376], old=null at 0
2019-10-09 08:01:22,521 [Thread-3087] INFO  impl.FollowerState (FollowerState.java:run(108)) - 3867358e-0593-45dd-9259-84e61f3a3ea7@group-BFF9D2052DC2-FollowerState: change to CANDIDATE, lastRpcTime:5097ms, electionTimeout:5097ms
2019-10-09 08:01:22,521 [Thread-3087] INFO  impl.RoleInfo (RoleInfo.java:shutdownFollowerState(121)) - 3867358e-0593-45dd-9259-84e61f3a3ea7: shutdown FollowerState
2019-10-09 08:01:22,522 [Thread-3087] INFO  impl.RaftServerImpl (RaftServerImpl.java:setRole(170)) - 3867358e-0593-45dd-9259-84e61f3a3ea7@group-BFF9D2052DC2: changes role from  FOLLOWER to CANDIDATE at term 0 for changeToCandidate
2019-10-09 08:01:22,522 [1b70438d-a4e3-4816-9602-0f37573f16e9@group-BFF9D2052DC2-LeaderElection68] INFO  impl.LeaderElection (LeaderElection.java:askForVotes(178)) - 1b70438d-a4e3-4816-9602-0f37573f16e9@group-BFF9D2052DC2-LeaderElection68: begin an election at term 1 for -1: [3867358e-0593-45dd-9259-84e61f3a3ea7:192.168.30.26:40376, 073fd5a2-9708-4ee1-989d-fb2c807bc92e:192.168.30.26:43196, 1b70438d-a4e3-4816-9602-0f37573f16e9:192.168.30.26:40185], old=null
2019-10-09 08:01:22,522 [Thread-3087] INFO  impl.RoleInfo (RoleInfo.java:updateAndGet(143)) - 3867358e-0593-45dd-9259-84e61f3a3ea7: start LeaderElection
2019-10-09 08:01:22,526 [3867358e-0593-45dd-9259-84e61f3a3ea7@group-EEC9EBFE976A-SegmentedRaftLogWorker] INFO  segmented.SegmentedRaftLogWorker (SegmentedRaftLogWorker.java:execute(574)) - 3867358e-0593-45dd-9259-84e61f3a3ea7@group-EEC9EBFE976A-SegmentedRaftLogWorker: created new log segment /workdir/hadoop-ozone/integration-test/target/test-dir/MiniOzoneClusterImpl-4df022c4-1e45-4101-a2a2-7a234f72b8c5/datanode-2/data/ratis/f8edbfda-4df2-4925-ab1a-eec9ebfe976a/current/log_inprogress_0
2019-10-09 08:01:22,541 [3867358e-0593-45dd-9259-84e61f3a3ea7@group-BFF9D2052DC2-LeaderElection69] INFO  impl.LeaderElection (LeaderElection.java:askForVotes(178)) - 3867358e-0593-45dd-9259-84e61f3a3ea7@group-BFF9D2052DC2-LeaderElection69: begin an election at term 1 for -1: [3867358e-0593-45dd-9259-84e61f3a3ea7:192.168.30.26:40376, 073fd5a2-9708-4ee1-989d-fb2c807bc92e:192.168.30.26:43196, 1b70438d-a4e3-4816-9602-0f37573f16e9:192.168.30.26:40185], old=null
2019-10-09 08:01:22,550 [grpc-default-executor-8] INFO  impl.RaftServerImpl (RaftServerImpl.java:setRole(170)) - 073fd5a2-9708-4ee1-989d-fb2c807bc92e@group-BFF9D2052DC2: changes role from  FOLLOWER to FOLLOWER at term 1 for recognizeCandidate:1b70438d-a4e3-4816-9602-0f37573f16e9
2019-10-09 08:01:22,553 [grpc-default-executor-8] INFO  impl.RoleInfo (RoleInfo.java:shutdownFollowerState(121)) - 073fd5a2-9708-4ee1-989d-fb2c807bc92e: shutdown FollowerState
2019-10-09 08:01:22,554 [grpc-default-executor-8] INFO  impl.RoleInfo (RoleInfo.java:updateAndGet(143)) - 073fd5a2-9708-4ee1-989d-fb2c807bc92e: start FollowerState
2019-10-09 08:01:22,554 [Thread-3091] INFO  impl.FollowerState (FollowerState.java:run(117)) - 073fd5a2-9708-4ee1-989d-fb2c807bc92e@group-BFF9D2052DC2-FollowerState was interrupted: java.lang.InterruptedException: sleep interrupted
2019-10-09 08:01:22,599 [1b70438d-a4e3-4816-9602-0f37573f16e9@group-BFF9D2052DC2-LeaderElection68] INFO  impl.LeaderElection (LeaderElection.java:logAndReturn(56)) - 1b70438d-a4e3-4816-9602-0f37573f16e9@group-BFF9D2052DC2-LeaderElection68: Election PASSED; received 2 response(s) [1b70438d-a4e3-4816-9602-0f37573f16e9<-3867358e-0593-45dd-9259-84e61f3a3ea7#0:FAIL-t1, 1b70438d-a4e3-4816-9602-0f37573f16e9<-073fd5a2-9708-4ee1-989d-fb2c807bc92e#0:OK-t1] and 0 exception(s); 1b70438d-a4e3-4816-9602-0f37573f16e9@group-BFF9D2052DC2:t1, leader=null, voted=1b70438d-a4e3-4816-9602-0f37573f16e9, raftlog=1b70438d-a4e3-4816-9602-0f37573f16e9@group-BFF9D2052DC2-SegmentedRaftLog:OPENED:c-1,f-1,i0, conf=-1: [3867358e-0593-45dd-9259-84e61f3a3ea7:192.168.30.26:40376, 073fd5a2-9708-4ee1-989d-fb2c807bc92e:192.168.30.26:43196, 1b70438d-a4e3-4816-9602-0f37573f16e9:192.168.30.26:40185], old=null
2019-10-09 08:01:22,599 [1b70438d-a4e3-4816-9602-0f37573f16e9@group-BFF9D2052DC2-LeaderElection68] INFO  impl.RoleInfo (RoleInfo.java:shutdownLeaderElection(134)) - 1b70438d-a4e3-4816-9602-0f37573f16e9: shutdown LeaderElection
2019-10-09 08:01:22,599 [1b70438d-a4e3-4816-9602-0f37573f16e9@group-BFF9D2052DC2-LeaderElection68] INFO  impl.RaftServerImpl (RaftServerImpl.java:setRole(170)) - 1b70438d-a4e3-4816-9602-0f37573f16e9@group-BFF9D2052DC2: changes role from CANDIDATE to LEADER at term 1 for changeToLeader
2019-10-09 08:01:22,599 [1b70438d-a4e3-4816-9602-0f37573f16e9@group-BFF9D2052DC2-LeaderElection68] INFO  impl.RaftServerImpl (ServerState.java:setLeader(255)) - 1b70438d-a4e3-4816-9602-0f37573f16e9@group-BFF9D2052DC2: change Leader from null to 1b70438d-a4e3-4816-9602-0f37573f16e9 at term 1 for becomeLeader, leader elected after 5181ms
2019-10-09 08:01:22,599 [3867358e-0593-45dd-9259-84e61f3a3ea7@group-BFF9D2052DC2-LeaderElection69] INFO  impl.LeaderElection (LeaderElection.java:logAndReturn(56)) - 3867358e-0593-45dd-9259-84e61f3a3ea7@group-BFF9D2052DC2-LeaderElection69: Election REJECTED; received 2 response(s) [3867358e-0593-45dd-9259-84e61f3a3ea7<-073fd5a2-9708-4ee1-989d-fb2c807bc92e#0:FAIL-t1, 3867358e-0593-45dd-9259-84e61f3a3ea7<-1b70438d-a4e3-4816-9602-0f37573f16e9#0:FAIL-t1] and 0 exception(s); 3867358e-0593-45dd-9259-84e61f3a3ea7@group-BFF9D2052DC2:t1, leader=null, voted=3867358e-0593-45dd-9259-84e61f3a3ea7, raftlog=3867358e-0593-45dd-9259-84e61f3a3ea7@group-BFF9D2052DC2-SegmentedRaftLog:OPENED:c-1,f-1,i0, conf=-1: [3867358e-0593-45dd-9259-84e61f3a3ea7:192.168.30.26:40376, 073fd5a2-9708-4ee1-989d-fb2c807bc92e:192.168.30.26:43196, 1b70438d-a4e3-4816-9602-0f37573f16e9:192.168.30.26:40185], old=null
2019-10-09 08:01:22,600 [1b70438d-a4e3-4816-9602-0f37573f16e9@group-BFF9D2052DC2-LeaderElection68] INFO  server.RaftServerConfigKeys (ConfUtils.java:logGet(43)) - raft.server.staging.catchup.gap = 1000 (default)
2019-10-09 08:01:22,602 [3867358e-0593-45dd-9259-84e61f3a3ea7@group-BFF9D2052DC2-LeaderElection69] INFO  impl.RaftServerImpl (RaftServerImpl.java:setRole(170)) - 3867358e-0593-45dd-9259-84e61f3a3ea7@group-BFF9D2052DC2: changes role from CANDIDATE to FOLLOWER at term 1 for DISCOVERED_A_NEW_TERM
2019-10-09 08:01:22,604 [3867358e-0593-45dd-9259-84e61f3a3ea7@group-BFF9D2052DC2-LeaderElection69] INFO  impl.RoleInfo (RoleInfo.java:shutdownLeaderElection(134)) - 3867358e-0593-45dd-9259-84e61f3a3ea7: shutdown LeaderElection
2019-10-09 08:01:22,602 [1b70438d-a4e3-4816-9602-0f37573f16e9@group-BFF9D2052DC2-LeaderElection68] INFO  server.RaftServerConfigKeys (ConfUtils.java:logGet(43)) - raft.server.rpc.sleep.time = 25ms (default)
2019-10-09 08:01:22,604 [3867358e-0593-45dd-9259-84e61f3a3ea7@group-BFF9D2052DC2-LeaderElection69] INFO  impl.RoleInfo (RoleInfo.java:updateAndGet(143)) - 3867358e-0593-45dd-9259-84e61f3a3ea7: start FollowerState
2019-10-09 08:01:22,604 [1b70438d-a4e3-4816-9602-0f37573f16e9@group-BFF9D2052DC2-LeaderElection68] INFO  server.RaftServerConfigKeys (ConfUtils.java:logGet(43)) - raft.server.write.element-limit = 4096 (default)
2019-10-09 08:01:22,605 [1b70438d-a4e3-4816-9602-0f37573f16e9@group-BFF9D2052DC2-LeaderElection68] INFO  server.RaftServerConfigKeys (ConfUtils.java:logGet(43)) - raft.server.watch.timeout = 10s (default)
2019-10-09 08:01:22,605 [1b70438d-a4e3-4816-9602-0f37573f16e9@group-BFF9D2052DC2-LeaderElection68] INFO  server.RaftServerConfigKeys (ConfUtils.java:logGet(43)) - raft.server.watch.timeout.denomination = 1s (default)
2019-10-09 08:01:22,605 [1b70438d-a4e3-4816-9602-0f37573f16e9@group-BFF9D2052DC2-LeaderElection68] INFO  server.RaftServerConfigKeys (ConfUtils.java:logGet(43)) - raft.server.watch.element-limit = 65536 (default)
2019-10-09 08:01:22,607 [1b70438d-a4e3-4816-9602-0f37573f16e9@group-BFF9D2052DC2-LeaderElection68] INFO  server.RaftServerConfigKeys (ConfUtils.java:logGet(43)) - raft.server.log.appender.snapshot.chunk.size.max = 16MB (=16777216) (default)
2019-10-09 08:01:22,607 [1b70438d-a4e3-4816-9602-0f37573f16e9@group-BFF9D2052DC2-LeaderElection68] INFO  server.RaftServerConfigKeys (ConfUtils.java:logGet(43)) - raft.server.log.appender.buffer.byte-limit = 33554432 (custom)
2019-10-09 08:01:22,607 [1b70438d-a4e3-4816-9602-0f37573f16e9@group-BFF9D2052DC2-LeaderElection68] INFO  server.RaftServerConfigKeys (ConfUtils.java:logGet(43)) - raft.server.log.appender.buffer.element-limit = 1 (custom)
2019-10-09 08:01:22,608 [1b70438d-a4e3-4816-9602-0f37573f16e9@group-BFF9D2052DC2-LeaderElection68] INFO  grpc.GrpcConfigKeys$Server (ConfUtils.java:logGet(43)) - raft.grpc.server.leader.outstanding.appends.max = 128 (default)
2019-10-09 08:01:22,608 [1b70438d-a4e3-4816-9602-0f37573f16e9@group-BFF9D2052DC2-LeaderElection68] INFO  server.RaftServerConfigKeys (ConfUtils.java:logGet(43)) - raft.server.rpc.request.timeout = 3000ms (default)
2019-10-09 08:01:22,608 [1b70438d-a4e3-4816-9602-0f37573f16e9@group-BFF9D2052DC2-LeaderElection68] INFO  server.RaftServerConfigKeys (ConfUtils.java:logGet(43)) - raft.server.log.appender.install.snapshot.enabled = false (custom)
2019-10-09 08:01:22,608 [1b70438d-a4e3-4816-9602-0f37573f16e9@group-BFF9D2052DC2-LeaderElection68] INFO  server.RaftServerConfigKeys (ConfUtils.java:logGet(43)) - raft.server.log.appender.snapshot.chunk.size.max = 16MB (=16777216) (default)
2019-10-09 08:01:22,608 [1b70438d-a4e3-4816-9602-0f37573f16e9@group-BFF9D2052DC2-LeaderElection68] INFO  server.RaftServerConfigKeys (ConfUtils.java:logGet(43)) - raft.server.log.appender.buffer.byte-limit = 33554432 (custom)
2019-10-09 08:01:22,609 [1b70438d-a4e3-4816-9602-0f37573f16e9@group-BFF9D2052DC2-LeaderElection68] INFO  server.RaftServerConfigKeys (ConfUtils.java:logGet(43)) - raft.server.log.appender.buffer.element-limit = 1 (custom)
2019-10-09 08:01:22,609 [1b70438d-a4e3-4816-9602-0f37573f16e9@group-BFF9D2052DC2-LeaderElection68] INFO  grpc.GrpcConfigKeys$Server (ConfUtils.java:logGet(43)) - raft.grpc.server.leader.outstanding.appends.max = 128 (default)
2019-10-09 08:01:22,609 [1b70438d-a4e3-4816-9602-0f37573f16e9@group-BFF9D2052DC2-LeaderElection68] INFO  server.RaftServerConfigKeys (ConfUtils.java:logGet(43)) - raft.server.rpc.request.timeout = 3000ms (default)
2019-10-09 08:01:22,609 [1b70438d-a4e3-4816-9602-0f37573f16e9@group-BFF9D2052DC2-LeaderElection68] INFO  server.RaftServerConfigKeys (ConfUtils.java:logGet(43)) - raft.server.log.appender.install.snapshot.enabled = false (custom)
2019-10-09 08:01:22,609 [1b70438d-a4e3-4816-9602-0f37573f16e9@group-BFF9D2052DC2-LeaderElection68] INFO  impl.RoleInfo (RoleInfo.java:updateAndGet(143)) - 1b70438d-a4e3-4816-9602-0f37573f16e9: start LeaderState
2019-10-09 08:01:22,610 [1b70438d-a4e3-4816-9602-0f37573f16e9@group-BFF9D2052DC2-LeaderElection68] INFO  segmented.SegmentedRaftLogWorker (SegmentedRaftLogWorker.java:startLogSegment(385)) - 1b70438d-a4e3-4816-9602-0f37573f16e9@group-BFF9D2052DC2-SegmentedRaftLogWorker: Starting segment from index:0
2019-10-09 08:01:22,611 [1b70438d-a4e3-4816-9602-0f37573f16e9@group-BFF9D2052DC2-LeaderElection68] INFO  impl.RaftServerImpl (ServerState.java:setRaftConf(356)) - 1b70438d-a4e3-4816-9602-0f37573f16e9@group-BFF9D2052DC2: set configuration 0: [3867358e-0593-45dd-9259-84e61f3a3ea7:192.168.30.26:40376, 073fd5a2-9708-4ee1-989d-fb2c807bc92e:192.168.30.26:43196, 1b70438d-a4e3-4816-9602-0f37573f16e9:192.168.30.26:40185], old=null at 0
2019-10-09 08:01:22,650 [grpc-default-executor-8] INFO  impl.RaftServerImpl (ServerState.java:setLeader(255)) - 3867358e-0593-45dd-9259-84e61f3a3ea7@group-BFF9D2052DC2: change Leader from null to 1b70438d-a4e3-4816-9602-0f37573f16e9 at term 1 for appendEntries, leader elected after 5231ms
2019-10-09 08:01:22,650 [grpc-default-executor-6] INFO  impl.RaftServerImpl (ServerState.java:setLeader(255)) - 073fd5a2-9708-4ee1-989d-fb2c807bc92e@group-BFF9D2052DC2: change Leader from null to 1b70438d-a4e3-4816-9602-0f37573f16e9 at term 1 for appendEntries, leader elected after 5231ms
2019-10-09 08:01:22,652 [grpc-default-executor-6] INFO  impl.RaftServerImpl (ServerState.java:setRaftConf(356)) - 073fd5a2-9708-4ee1-989d-fb2c807bc92e@group-BFF9D2052DC2: set configuration 0: [3867358e-0593-45dd-9259-84e61f3a3ea7:192.168.30.26:40376, 073fd5a2-9708-4ee1-989d-fb2c807bc92e:192.168.30.26:43196, 1b70438d-a4e3-4816-9602-0f37573f16e9:192.168.30.26:40185], old=null at 0
2019-10-09 08:01:22,652 [grpc-default-executor-8] INFO  impl.RaftServerImpl (ServerState.java:setRaftConf(356)) - 3867358e-0593-45dd-9259-84e61f3a3ea7@group-BFF9D2052DC2: set configuration 0: [3867358e-0593-45dd-9259-84e61f3a3ea7:192.168.30.26:40376, 073fd5a2-9708-4ee1-989d-fb2c807bc92e:192.168.30.26:43196, 1b70438d-a4e3-4816-9602-0f37573f16e9:192.168.30.26:40185], old=null at 0
2019-10-09 08:01:22,653 [grpc-default-executor-6] INFO  segmented.SegmentedRaftLogWorker (SegmentedRaftLogWorker.java:startLogSegment(385)) - 073fd5a2-9708-4ee1-989d-fb2c807bc92e@group-BFF9D2052DC2-SegmentedRaftLogWorker: Starting segment from index:0
2019-10-09 08:01:22,653 [grpc-default-executor-8] INFO  segmented.SegmentedRaftLogWorker (SegmentedRaftLogWorker.java:startLogSegment(385)) - 3867358e-0593-45dd-9259-84e61f3a3ea7@group-BFF9D2052DC2-SegmentedRaftLogWorker: Starting segment from index:0
2019-10-09 08:01:22,661 [1b70438d-a4e3-4816-9602-0f37573f16e9@group-BFF9D2052DC2-SegmentedRaftLogWorker] INFO  segmented.SegmentedRaftLogWorker (SegmentedRaftLogWorker.java:execute(574)) - 1b70438d-a4e3-4816-9602-0f37573f16e9@group-BFF9D2052DC2-SegmentedRaftLogWorker: created new log segment /workdir/hadoop-ozone/integration-test/target/test-dir/MiniOzoneClusterImpl-4df022c4-1e45-4101-a2a2-7a234f72b8c5/datanode-1/data/ratis/56386311-4264-4549-8661-bff9d2052dc2/current/log_inprogress_0
2019-10-09 08:01:22,706 [073fd5a2-9708-4ee1-989d-fb2c807bc92e@group-BFF9D2052DC2-SegmentedRaftLogWorker] INFO  segmented.SegmentedRaftLogWorker (SegmentedRaftLogWorker.java:execute(574)) - 073fd5a2-9708-4ee1-989d-fb2c807bc92e@group-BFF9D2052DC2-SegmentedRaftLogWorker: created new log segment /workdir/hadoop-ozone/integration-test/target/test-dir/MiniOzoneClusterImpl-4df022c4-1e45-4101-a2a2-7a234f72b8c5/datanode-0/data/ratis/56386311-4264-4549-8661-bff9d2052dc2/current/log_inprogress_0
2019-10-09 08:01:22,706 [3867358e-0593-45dd-9259-84e61f3a3ea7@group-BFF9D2052DC2-SegmentedRaftLogWorker] INFO  segmented.SegmentedRaftLogWorker (SegmentedRaftLogWorker.java:execute(574)) - 3867358e-0593-45dd-9259-84e61f3a3ea7@group-BFF9D2052DC2-SegmentedRaftLogWorker: created new log segment /workdir/hadoop-ozone/integration-test/target/test-dir/MiniOzoneClusterImpl-4df022c4-1e45-4101-a2a2-7a234f72b8c5/datanode-2/data/ratis/56386311-4264-4549-8661-bff9d2052dc2/current/log_inprogress_0
2019-10-09 08:01:22,719 [Thread-3099] INFO  impl.FollowerState (FollowerState.java:run(108)) - 47b9f0ae-ccc1-46e4-8719-b00f15f21b54@group-065F05BB640B-FollowerState: change to CANDIDATE, lastRpcTime:5096ms, electionTimeout:5096ms
2019-10-09 08:01:22,719 [Thread-3099] INFO  impl.RoleInfo (RoleInfo.java:shutdownFollowerState(121)) - 47b9f0ae-ccc1-46e4-8719-b00f15f21b54: shutdown FollowerState
2019-10-09 08:01:22,719 [Thread-3099] INFO  impl.RaftServerImpl (RaftServerImpl.java:setRole(170)) - 47b9f0ae-ccc1-46e4-8719-b00f15f21b54@group-065F05BB640B: changes role from  FOLLOWER to CANDIDATE at term 0 for changeToCandidate
2019-10-09 08:01:22,719 [Thread-3099] INFO  impl.RoleInfo (RoleInfo.java:updateAndGet(143)) - 47b9f0ae-ccc1-46e4-8719-b00f15f21b54: start LeaderElection
2019-10-09 08:01:22,724 [Thread-3096] INFO  impl.FollowerState (FollowerState.java:run(108)) - 378e8ca1-a439-4b49-a1cd-52eabd12a77e@group-E4ADAD187C2F-FollowerState: change to CANDIDATE, lastRpcTime:5155ms, electionTimeout:5152ms
2019-10-09 08:01:22,727 [Thread-3096] INFO  impl.RoleInfo (RoleInfo.java:shutdownFollowerState(121)) - 378e8ca1-a439-4b49-a1cd-52eabd12a77e: shutdown FollowerState
2019-10-09 08:01:22,727 [Thread-3096] INFO  impl.RaftServerImpl (RaftServerImpl.java:setRole(170)) - 378e8ca1-a439-4b49-a1cd-52eabd12a77e@group-E4ADAD187C2F: changes role from  FOLLOWER to CANDIDATE at term 0 for changeToCandidate
2019-10-09 08:01:22,728 [Thread-3096] INFO  impl.RoleInfo (RoleInfo.java:updateAndGet(143)) - 378e8ca1-a439-4b49-a1cd-52eabd12a77e: start LeaderElection
2019-10-09 08:01:22,741 [378e8ca1-a439-4b49-a1cd-52eabd12a77e@group-E4ADAD187C2F-LeaderElection71] INFO  impl.LeaderElection (LeaderElection.java:askForVotes(178)) - 378e8ca1-a439-4b49-a1cd-52eabd12a77e@group-E4ADAD187C2F-LeaderElection71: begin an election at term 1 for -1: [378e8ca1-a439-4b49-a1cd-52eabd12a77e:192.168.30.26:45153], old=null
2019-10-09 08:01:22,741 [47b9f0ae-ccc1-46e4-8719-b00f15f21b54@group-065F05BB640B-LeaderElection70] INFO  impl.LeaderElection (LeaderElection.java:askForVotes(178)) - 47b9f0ae-ccc1-46e4-8719-b00f15f21b54@group-065F05BB640B-LeaderElection70: begin an election at term 1 for -1: [47b9f0ae-ccc1-46e4-8719-b00f15f21b54:192.168.30.26:37463], old=null
2019-10-09 08:01:22,741 [378e8ca1-a439-4b49-a1cd-52eabd12a77e@group-E4ADAD187C2F-LeaderElection71] INFO  impl.RoleInfo (RoleInfo.java:shutdownLeaderElection(134)) - 378e8ca1-a439-4b49-a1cd-52eabd12a77e: shutdown LeaderElection
2019-10-09 08:01:22,742 [47b9f0ae-ccc1-46e4-8719-b00f15f21b54@group-065F05BB640B-LeaderElection70] INFO  impl.RoleInfo (RoleInfo.java:shutdownLeaderElection(134)) - 47b9f0ae-ccc1-46e4-8719-b00f15f21b54: shutdown LeaderElection
2019-10-09 08:01:22,742 [378e8ca1-a439-4b49-a1cd-52eabd12a77e@group-E4ADAD187C2F-LeaderElection71] INFO  impl.RaftServerImpl (RaftServerImpl.java:setRole(170)) - 378e8ca1-a439-4b49-a1cd-52eabd12a77e@group-E4ADAD187C2F: changes role from CANDIDATE to LEADER at term 1 for changeToLeader
2019-10-09 08:01:22,742 [47b9f0ae-ccc1-46e4-8719-b00f15f21b54@group-065F05BB640B-LeaderElection70] INFO  impl.RaftServerImpl (RaftServerImpl.java:setRole(170)) - 47b9f0ae-ccc1-46e4-8719-b00f15f21b54@group-065F05BB640B: changes role from CANDIDATE to LEADER at term 1 for changeToLeader
2019-10-09 08:01:22,742 [378e8ca1-a439-4b49-a1cd-52eabd12a77e@group-E4ADAD187C2F-LeaderElection71] INFO  impl.RaftServerImpl (ServerState.java:setLeader(255)) - 378e8ca1-a439-4b49-a1cd-52eabd12a77e@group-E4ADAD187C2F: change Leader from null to 378e8ca1-a439-4b49-a1cd-52eabd12a77e at term 1 for becomeLeader, leader elected after 5179ms
2019-10-09 08:01:22,742 [47b9f0ae-ccc1-46e4-8719-b00f15f21b54@group-065F05BB640B-LeaderElection70] INFO  impl.RaftServerImpl (ServerState.java:setLeader(255)) - 47b9f0ae-ccc1-46e4-8719-b00f15f21b54@group-065F05BB640B: change Leader from null to 47b9f0ae-ccc1-46e4-8719-b00f15f21b54 at term 1 for becomeLeader, leader elected after 5126ms
2019-10-09 08:01:22,742 [378e8ca1-a439-4b49-a1cd-52eabd12a77e@group-E4ADAD187C2F-LeaderElection71] INFO  server.RaftServerConfigKeys (ConfUtils.java:logGet(43)) - raft.server.staging.catchup.gap = 1000 (default)
2019-10-09 08:01:22,742 [47b9f0ae-ccc1-46e4-8719-b00f15f21b54@group-065F05BB640B-LeaderElection70] INFO  server.RaftServerConfigKeys (ConfUtils.java:logGet(43)) - raft.server.staging.catchup.gap = 1000 (default)
2019-10-09 08:01:22,742 [378e8ca1-a439-4b49-a1cd-52eabd12a77e@group-E4ADAD187C2F-LeaderElection71] INFO  server.RaftServerConfigKeys (ConfUtils.java:logGet(43)) - raft.server.rpc.sleep.time = 25ms (default)
2019-10-09 08:01:22,742 [47b9f0ae-ccc1-46e4-8719-b00f15f21b54@group-065F05BB640B-LeaderElection70] INFO  server.RaftServerConfigKeys (ConfUtils.java:logGet(43)) - raft.server.rpc.sleep.time = 25ms (default)
2019-10-09 08:01:22,743 [378e8ca1-a439-4b49-a1cd-52eabd12a77e@group-E4ADAD187C2F-LeaderElection71] INFO  server.RaftServerConfigKeys (ConfUtils.java:logGet(43)) - raft.server.write.element-limit = 4096 (default)
2019-10-09 08:01:22,743 [47b9f0ae-ccc1-46e4-8719-b00f15f21b54@group-065F05BB640B-LeaderElection70] INFO  server.RaftServerConfigKeys (ConfUtils.java:logGet(43)) - raft.server.write.element-limit = 4096 (default)
2019-10-09 08:01:22,743 [378e8ca1-a439-4b49-a1cd-52eabd12a77e@group-E4ADAD187C2F-LeaderElection71] INFO  server.RaftServerConfigKeys (ConfUtils.java:logGet(43)) - raft.server.watch.timeout = 10s (default)
2019-10-09 08:01:22,743 [47b9f0ae-ccc1-46e4-8719-b00f15f21b54@group-065F05BB640B-LeaderElection70] INFO  server.RaftServerConfigKeys (ConfUtils.java:logGet(43)) - raft.server.watch.timeout = 10s (default)
2019-10-09 08:01:22,743 [378e8ca1-a439-4b49-a1cd-52eabd12a77e@group-E4ADAD187C2F-LeaderElection71] INFO  server.RaftServerConfigKeys (ConfUtils.java:logGet(43)) - raft.server.watch.timeout.denomination = 1s (default)
2019-10-09 08:01:22,743 [47b9f0ae-ccc1-46e4-8719-b00f15f21b54@group-065F05BB640B-LeaderElection70] INFO  server.RaftServerConfigKeys (ConfUtils.java:logGet(43)) - raft.server.watch.timeout.denomination = 1s (default)
2019-10-09 08:01:22,743 [378e8ca1-a439-4b49-a1cd-52eabd12a77e@group-E4ADAD187C2F-LeaderElection71] INFO  server.RaftServerConfigKeys (ConfUtils.java:logGet(43)) - raft.server.watch.element-limit = 65536 (default)
2019-10-09 08:01:22,743 [47b9f0ae-ccc1-46e4-8719-b00f15f21b54@group-065F05BB640B-LeaderElection70] INFO  server.RaftServerConfigKeys (ConfUtils.java:logGet(43)) - raft.server.watch.element-limit = 65536 (default)
2019-10-09 08:01:22,746 [378e8ca1-a439-4b49-a1cd-52eabd12a77e@group-E4ADAD187C2F-LeaderElection71] INFO  impl.RoleInfo (RoleInfo.java:updateAndGet(143)) - 378e8ca1-a439-4b49-a1cd-52eabd12a77e: start LeaderState
2019-10-09 08:01:22,746 [47b9f0ae-ccc1-46e4-8719-b00f15f21b54@group-065F05BB640B-LeaderElection70] INFO  impl.RoleInfo (RoleInfo.java:updateAndGet(143)) - 47b9f0ae-ccc1-46e4-8719-b00f15f21b54: start LeaderState
2019-10-09 08:01:22,746 [378e8ca1-a439-4b49-a1cd-52eabd12a77e@group-E4ADAD187C2F-LeaderElection71] INFO  segmented.SegmentedRaftLogWorker (SegmentedRaftLogWorker.java:startLogSegment(385)) - 378e8ca1-a439-4b49-a1cd-52eabd12a77e@group-E4ADAD187C2F-SegmentedRaftLogWorker: Starting segment from index:0
2019-10-09 08:01:22,747 [47b9f0ae-ccc1-46e4-8719-b00f15f21b54@group-065F05BB640B-LeaderElection70] INFO  segmented.SegmentedRaftLogWorker (SegmentedRaftLogWorker.java:startLogSegment(385)) - 47b9f0ae-ccc1-46e4-8719-b00f15f21b54@group-065F05BB640B-SegmentedRaftLogWorker: Starting segment from index:0
2019-10-09 08:01:22,747 [378e8ca1-a439-4b49-a1cd-52eabd12a77e@group-E4ADAD187C2F-LeaderElection71] INFO  impl.RaftServerImpl (ServerState.java:setRaftConf(356)) - 378e8ca1-a439-4b49-a1cd-52eabd12a77e@group-E4ADAD187C2F: set configuration 0: [378e8ca1-a439-4b49-a1cd-52eabd12a77e:192.168.30.26:45153], old=null at 0
2019-10-09 08:01:22,747 [47b9f0ae-ccc1-46e4-8719-b00f15f21b54@group-065F05BB640B-LeaderElection70] INFO  impl.RaftServerImpl (ServerState.java:setRaftConf(356)) - 47b9f0ae-ccc1-46e4-8719-b00f15f21b54@group-065F05BB640B: set configuration 0: [47b9f0ae-ccc1-46e4-8719-b00f15f21b54:192.168.30.26:37463], old=null at 0
2019-10-09 08:01:22,795 [378e8ca1-a439-4b49-a1cd-52eabd12a77e@group-E4ADAD187C2F-SegmentedRaftLogWorker] INFO  segmented.SegmentedRaftLogWorker (SegmentedRaftLogWorker.java:execute(574)) - 378e8ca1-a439-4b49-a1cd-52eabd12a77e@group-E4ADAD187C2F-SegmentedRaftLogWorker: created new log segment /workdir/hadoop-ozone/integration-test/target/test-dir/MiniOzoneClusterImpl-4df022c4-1e45-4101-a2a2-7a234f72b8c5/datanode-3/data/ratis/0faae73a-54e8-435a-8ba1-e4adad187c2f/current/log_inprogress_0
2019-10-09 08:01:22,798 [Thread-3102] INFO  impl.FollowerState (FollowerState.java:run(108)) - a4988454-66ec-443f-97d8-24dbcdced6c5@group-58201F9C55BC-FollowerState: change to CANDIDATE, lastRpcTime:5129ms, electionTimeout:5129ms
2019-10-09 08:01:22,799 [Thread-3102] INFO  impl.RoleInfo (RoleInfo.java:shutdownFollowerState(121)) - a4988454-66ec-443f-97d8-24dbcdced6c5: shutdown FollowerState
2019-10-09 08:01:22,799 [Thread-3102] INFO  impl.RaftServerImpl (RaftServerImpl.java:setRole(170)) - a4988454-66ec-443f-97d8-24dbcdced6c5@group-58201F9C55BC: changes role from  FOLLOWER to CANDIDATE at term 0 for changeToCandidate
2019-10-09 08:01:22,799 [Thread-3102] INFO  impl.RoleInfo (RoleInfo.java:updateAndGet(143)) - a4988454-66ec-443f-97d8-24dbcdced6c5: start LeaderElection
2019-10-09 08:01:22,831 [47b9f0ae-ccc1-46e4-8719-b00f15f21b54@group-065F05BB640B-SegmentedRaftLogWorker] INFO  segmented.SegmentedRaftLogWorker (SegmentedRaftLogWorker.java:execute(574)) - 47b9f0ae-ccc1-46e4-8719-b00f15f21b54@group-065F05BB640B-SegmentedRaftLogWorker: created new log segment /workdir/hadoop-ozone/integration-test/target/test-dir/MiniOzoneClusterImpl-4df022c4-1e45-4101-a2a2-7a234f72b8c5/datanode-6/data/ratis/b0279fd8-f641-40b3-be12-065f05bb640b/current/log_inprogress_0
2019-10-09 08:01:22,831 [a4988454-66ec-443f-97d8-24dbcdced6c5@group-58201F9C55BC-LeaderElection72] INFO  impl.LeaderElection (LeaderElection.java:askForVotes(178)) - a4988454-66ec-443f-97d8-24dbcdced6c5@group-58201F9C55BC-LeaderElection72: begin an election at term 1 for -1: [a4988454-66ec-443f-97d8-24dbcdced6c5:192.168.30.26:33450], old=null
2019-10-09 08:01:22,831 [a4988454-66ec-443f-97d8-24dbcdced6c5@group-58201F9C55BC-LeaderElection72] INFO  impl.RoleInfo (RoleInfo.java:shutdownLeaderElection(134)) - a4988454-66ec-443f-97d8-24dbcdced6c5: shutdown LeaderElection
2019-10-09 08:01:22,831 [a4988454-66ec-443f-97d8-24dbcdced6c5@group-58201F9C55BC-LeaderElection72] INFO  impl.RaftServerImpl (RaftServerImpl.java:setRole(170)) - a4988454-66ec-443f-97d8-24dbcdced6c5@group-58201F9C55BC: changes role from CANDIDATE to LEADER at term 1 for changeToLeader
2019-10-09 08:01:22,831 [a4988454-66ec-443f-97d8-24dbcdced6c5@group-58201F9C55BC-LeaderElection72] INFO  impl.RaftServerImpl (ServerState.java:setLeader(255)) - a4988454-66ec-443f-97d8-24dbcdced6c5@group-58201F9C55BC: change Leader from null to a4988454-66ec-443f-97d8-24dbcdced6c5 at term 1 for becomeLeader, leader elected after 5166ms
2019-10-09 08:01:22,831 [a4988454-66ec-443f-97d8-24dbcdced6c5@group-58201F9C55BC-LeaderElection72] INFO  server.RaftServerConfigKeys (ConfUtils.java:logGet(43)) - raft.server.staging.catchup.gap = 1000 (default)
2019-10-09 08:01:22,832 [a4988454-66ec-443f-97d8-24dbcdced6c5@group-58201F9C55BC-LeaderElection72] INFO  server.RaftServerConfigKeys (ConfUtils.java:logGet(43)) - raft.server.rpc.sleep.time = 25ms (default)
2019-10-09 08:01:22,832 [a4988454-66ec-443f-97d8-24dbcdced6c5@group-58201F9C55BC-LeaderElection72] INFO  server.RaftServerConfigKeys (ConfUtils.java:logGet(43)) - raft.server.write.element-limit = 4096 (default)
2019-10-09 08:01:22,832 [a4988454-66ec-443f-97d8-24dbcdced6c5@group-58201F9C55BC-LeaderElection72] INFO  server.RaftServerConfigKeys (ConfUtils.java:logGet(43)) - raft.server.watch.timeout = 10s (default)
2019-10-09 08:01:22,832 [a4988454-66ec-443f-97d8-24dbcdced6c5@group-58201F9C55BC-LeaderElection72] INFO  server.RaftServerConfigKeys (ConfUtils.java:logGet(43)) - raft.server.watch.timeout.denomination = 1s (default)
2019-10-09 08:01:22,832 [a4988454-66ec-443f-97d8-24dbcdced6c5@group-58201F9C55BC-LeaderElection72] INFO  server.RaftServerConfigKeys (ConfUtils.java:logGet(43)) - raft.server.watch.element-limit = 65536 (default)
2019-10-09 08:01:22,834 [a4988454-66ec-443f-97d8-24dbcdced6c5@group-58201F9C55BC-LeaderElection72] INFO  impl.RoleInfo (RoleInfo.java:updateAndGet(143)) - a4988454-66ec-443f-97d8-24dbcdced6c5: start LeaderState
2019-10-09 08:01:22,834 [a4988454-66ec-443f-97d8-24dbcdced6c5@group-58201F9C55BC-LeaderElection72] INFO  segmented.SegmentedRaftLogWorker (SegmentedRaftLogWorker.java:startLogSegment(385)) - a4988454-66ec-443f-97d8-24dbcdced6c5@group-58201F9C55BC-SegmentedRaftLogWorker: Starting segment from index:0
2019-10-09 08:01:22,835 [a4988454-66ec-443f-97d8-24dbcdced6c5@group-58201F9C55BC-LeaderElection72] INFO  impl.RaftServerImpl (ServerState.java:setRaftConf(356)) - a4988454-66ec-443f-97d8-24dbcdced6c5@group-58201F9C55BC: set configuration 0: [a4988454-66ec-443f-97d8-24dbcdced6c5:192.168.30.26:33450], old=null at 0
2019-10-09 08:01:22,878 [a4988454-66ec-443f-97d8-24dbcdced6c5@group-58201F9C55BC-SegmentedRaftLogWorker] INFO  segmented.SegmentedRaftLogWorker (SegmentedRaftLogWorker.java:execute(574)) - a4988454-66ec-443f-97d8-24dbcdced6c5@group-58201F9C55BC-SegmentedRaftLogWorker: created new log segment /workdir/hadoop-ozone/integration-test/target/test-dir/MiniOzoneClusterImpl-4df022c4-1e45-4101-a2a2-7a234f72b8c5/datanode-5/data/ratis/6f42a6e2-8793-47f1-a4d1-58201f9c55bc/current/log_inprogress_0
2019-10-09 08:01:22,899 [Thread-3105] INFO  impl.FollowerState (FollowerState.java:run(108)) - ecfccb84-3385-49f9-89df-2dc682e40b30@group-C0636DDD7BF9-FollowerState: change to CANDIDATE, lastRpcTime:5172ms, electionTimeout:5172ms
2019-10-09 08:01:22,900 [Thread-3105] INFO  impl.RoleInfo (RoleInfo.java:shutdownFollowerState(121)) - ecfccb84-3385-49f9-89df-2dc682e40b30: shutdown FollowerState
2019-10-09 08:01:22,900 [Thread-3105] INFO  impl.RaftServerImpl (RaftServerImpl.java:setRole(170)) - ecfccb84-3385-49f9-89df-2dc682e40b30@group-C0636DDD7BF9: changes role from  FOLLOWER to CANDIDATE at term 0 for changeToCandidate
2019-10-09 08:01:22,900 [Thread-3105] INFO  impl.RoleInfo (RoleInfo.java:updateAndGet(143)) - ecfccb84-3385-49f9-89df-2dc682e40b30: start LeaderElection
2019-10-09 08:01:22,904 [Thread-3113] INFO  impl.FollowerState (FollowerState.java:run(108)) - 47b9f0ae-ccc1-46e4-8719-b00f15f21b54@group-EF8375718EC5-FollowerState: change to CANDIDATE, lastRpcTime:5094ms, electionTimeout:5092ms
2019-10-09 08:01:22,904 [Thread-3113] INFO  impl.RoleInfo (RoleInfo.java:shutdownFollowerState(121)) - 47b9f0ae-ccc1-46e4-8719-b00f15f21b54: shutdown FollowerState
2019-10-09 08:01:22,907 [Thread-3113] INFO  impl.RaftServerImpl (RaftServerImpl.java:setRole(170)) - 47b9f0ae-ccc1-46e4-8719-b00f15f21b54@group-EF8375718EC5: changes role from  FOLLOWER to CANDIDATE at term 0 for changeToCandidate
2019-10-09 08:01:22,907 [Thread-3113] INFO  impl.RoleInfo (RoleInfo.java:updateAndGet(143)) - 47b9f0ae-ccc1-46e4-8719-b00f15f21b54: start LeaderElection
2019-10-09 08:01:22,927 [ecfccb84-3385-49f9-89df-2dc682e40b30@group-C0636DDD7BF9-LeaderElection73] INFO  impl.LeaderElection (LeaderElection.java:askForVotes(178)) - ecfccb84-3385-49f9-89df-2dc682e40b30@group-C0636DDD7BF9-LeaderElection73: begin an election at term 1 for -1: [ecfccb84-3385-49f9-89df-2dc682e40b30:192.168.30.26:42281], old=null
2019-10-09 08:01:22,928 [47b9f0ae-ccc1-46e4-8719-b00f15f21b54@group-EF8375718EC5-LeaderElection74] INFO  impl.LeaderElection (LeaderElection.java:askForVotes(178)) - 47b9f0ae-ccc1-46e4-8719-b00f15f21b54@group-EF8375718EC5-LeaderElection74: begin an election at term 1 for -1: [a4988454-66ec-443f-97d8-24dbcdced6c5:192.168.30.26:33450, 378e8ca1-a439-4b49-a1cd-52eabd12a77e:192.168.30.26:45153, 47b9f0ae-ccc1-46e4-8719-b00f15f21b54:192.168.30.26:37463], old=null
2019-10-09 08:01:22,928 [ecfccb84-3385-49f9-89df-2dc682e40b30@group-C0636DDD7BF9-LeaderElection73] INFO  impl.RoleInfo (RoleInfo.java:shutdownLeaderElection(134)) - ecfccb84-3385-49f9-89df-2dc682e40b30: shutdown LeaderElection
2019-10-09 08:01:22,928 [ecfccb84-3385-49f9-89df-2dc682e40b30@group-C0636DDD7BF9-LeaderElection73] INFO  impl.RaftServerImpl (RaftServerImpl.java:setRole(170)) - ecfccb84-3385-49f9-89df-2dc682e40b30@group-C0636DDD7BF9: changes role from CANDIDATE to LEADER at term 1 for changeToLeader
2019-10-09 08:01:22,928 [ecfccb84-3385-49f9-89df-2dc682e40b30@group-C0636DDD7BF9-LeaderElection73] INFO  impl.RaftServerImpl (ServerState.java:setLeader(255)) - ecfccb84-3385-49f9-89df-2dc682e40b30@group-C0636DDD7BF9: change Leader from null to ecfccb84-3385-49f9-89df-2dc682e40b30 at term 1 for becomeLeader, leader elected after 5210ms
2019-10-09 08:01:22,928 [ecfccb84-3385-49f9-89df-2dc682e40b30@group-C0636DDD7BF9-LeaderElection73] INFO  server.RaftServerConfigKeys (ConfUtils.java:logGet(43)) - raft.server.staging.catchup.gap = 1000 (default)
2019-10-09 08:01:22,928 [ecfccb84-3385-49f9-89df-2dc682e40b30@group-C0636DDD7BF9-LeaderElection73] INFO  server.RaftServerConfigKeys (ConfUtils.java:logGet(43)) - raft.server.rpc.sleep.time = 25ms (default)
2019-10-09 08:01:22,929 [ecfccb84-3385-49f9-89df-2dc682e40b30@group-C0636DDD7BF9-LeaderElection73] INFO  server.RaftServerConfigKeys (ConfUtils.java:logGet(43)) - raft.server.write.element-limit = 4096 (default)
2019-10-09 08:01:22,929 [ecfccb84-3385-49f9-89df-2dc682e40b30@group-C0636DDD7BF9-LeaderElection73] INFO  server.RaftServerConfigKeys (ConfUtils.java:logGet(43)) - raft.server.watch.timeout = 10s (default)
2019-10-09 08:01:22,929 [ecfccb84-3385-49f9-89df-2dc682e40b30@group-C0636DDD7BF9-LeaderElection73] INFO  server.RaftServerConfigKeys (ConfUtils.java:logGet(43)) - raft.server.watch.timeout.denomination = 1s (default)
2019-10-09 08:01:22,929 [ecfccb84-3385-49f9-89df-2dc682e40b30@group-C0636DDD7BF9-LeaderElection73] INFO  server.RaftServerConfigKeys (ConfUtils.java:logGet(43)) - raft.server.watch.element-limit = 65536 (default)
2019-10-09 08:01:22,931 [ecfccb84-3385-49f9-89df-2dc682e40b30@group-C0636DDD7BF9-LeaderElection73] INFO  impl.RoleInfo (RoleInfo.java:updateAndGet(143)) - ecfccb84-3385-49f9-89df-2dc682e40b30: start LeaderState
2019-10-09 08:01:22,935 [grpc-default-executor-6] INFO  impl.RaftServerImpl (RaftServerImpl.java:setRole(170)) - 378e8ca1-a439-4b49-a1cd-52eabd12a77e@group-EF8375718EC5: changes role from  FOLLOWER to FOLLOWER at term 1 for recognizeCandidate:47b9f0ae-ccc1-46e4-8719-b00f15f21b54
2019-10-09 08:01:22,935 [ecfccb84-3385-49f9-89df-2dc682e40b30@group-C0636DDD7BF9-LeaderElection73] INFO  segmented.SegmentedRaftLogWorker (SegmentedRaftLogWorker.java:startLogSegment(385)) - ecfccb84-3385-49f9-89df-2dc682e40b30@group-C0636DDD7BF9-SegmentedRaftLogWorker: Starting segment from index:0
2019-10-09 08:01:22,935 [grpc-default-executor-6] INFO  impl.RoleInfo (RoleInfo.java:shutdownFollowerState(121)) - 378e8ca1-a439-4b49-a1cd-52eabd12a77e: shutdown FollowerState
2019-10-09 08:01:22,935 [grpc-default-executor-8] INFO  impl.RaftServerImpl (RaftServerImpl.java:setRole(170)) - a4988454-66ec-443f-97d8-24dbcdced6c5@group-EF8375718EC5: changes role from  FOLLOWER to FOLLOWER at term 1 for recognizeCandidate:47b9f0ae-ccc1-46e4-8719-b00f15f21b54
2019-10-09 08:01:22,936 [grpc-default-executor-6] INFO  impl.RoleInfo (RoleInfo.java:updateAndGet(143)) - 378e8ca1-a439-4b49-a1cd-52eabd12a77e: start FollowerState
2019-10-09 08:01:22,936 [ecfccb84-3385-49f9-89df-2dc682e40b30@group-C0636DDD7BF9-LeaderElection73] INFO  impl.RaftServerImpl (ServerState.java:setRaftConf(356)) - ecfccb84-3385-49f9-89df-2dc682e40b30@group-C0636DDD7BF9: set configuration 0: [ecfccb84-3385-49f9-89df-2dc682e40b30:192.168.30.26:42281], old=null at 0
2019-10-09 08:01:22,936 [Thread-3111] INFO  impl.FollowerState (FollowerState.java:run(117)) - 378e8ca1-a439-4b49-a1cd-52eabd12a77e@group-EF8375718EC5-FollowerState was interrupted: java.lang.InterruptedException: sleep interrupted
2019-10-09 08:01:22,936 [grpc-default-executor-8] INFO  impl.RoleInfo (RoleInfo.java:shutdownFollowerState(121)) - a4988454-66ec-443f-97d8-24dbcdced6c5: shutdown FollowerState
2019-10-09 08:01:22,975 [grpc-default-executor-8] INFO  impl.RoleInfo (RoleInfo.java:updateAndGet(143)) - a4988454-66ec-443f-97d8-24dbcdced6c5: start FollowerState
2019-10-09 08:01:22,975 [Thread-3109] INFO  impl.FollowerState (FollowerState.java:run(117)) - a4988454-66ec-443f-97d8-24dbcdced6c5@group-EF8375718EC5-FollowerState was interrupted: java.lang.InterruptedException: sleep interrupted
2019-10-09 08:01:22,984 [ecfccb84-3385-49f9-89df-2dc682e40b30@group-C0636DDD7BF9-SegmentedRaftLogWorker] INFO  segmented.SegmentedRaftLogWorker (SegmentedRaftLogWorker.java:execute(574)) - ecfccb84-3385-49f9-89df-2dc682e40b30@group-C0636DDD7BF9-SegmentedRaftLogWorker: created new log segment /workdir/hadoop-ozone/integration-test/target/test-dir/MiniOzoneClusterImpl-4df022c4-1e45-4101-a2a2-7a234f72b8c5/datanode-4/data/ratis/f0a24234-d398-480b-95b6-c0636ddd7bf9/current/log_inprogress_0
2019-10-09 08:01:22,990 [47b9f0ae-ccc1-46e4-8719-b00f15f21b54@group-EF8375718EC5-LeaderElection74] INFO  impl.LeaderElection (LeaderElection.java:logAndReturn(56)) - 47b9f0ae-ccc1-46e4-8719-b00f15f21b54@group-EF8375718EC5-LeaderElection74: Election PASSED; received 1 response(s) [47b9f0ae-ccc1-46e4-8719-b00f15f21b54<-378e8ca1-a439-4b49-a1cd-52eabd12a77e#0:OK-t1] and 0 exception(s); 47b9f0ae-ccc1-46e4-8719-b00f15f21b54@group-EF8375718EC5:t1, leader=null, voted=47b9f0ae-ccc1-46e4-8719-b00f15f21b54, raftlog=47b9f0ae-ccc1-46e4-8719-b00f15f21b54@group-EF8375718EC5-SegmentedRaftLog:OPENED:c-1,f-1,i0, conf=-1: [a4988454-66ec-443f-97d8-24dbcdced6c5:192.168.30.26:33450, 378e8ca1-a439-4b49-a1cd-52eabd12a77e:192.168.30.26:45153, 47b9f0ae-ccc1-46e4-8719-b00f15f21b54:192.168.30.26:37463], old=null
2019-10-09 08:01:22,990 [47b9f0ae-ccc1-46e4-8719-b00f15f21b54@group-EF8375718EC5-LeaderElection74] INFO  impl.RoleInfo (RoleInfo.java:shutdownLeaderElection(134)) - 47b9f0ae-ccc1-46e4-8719-b00f15f21b54: shutdown LeaderElection
2019-10-09 08:01:22,991 [47b9f0ae-ccc1-46e4-8719-b00f15f21b54@group-EF8375718EC5-LeaderElection74] INFO  impl.RaftServerImpl (RaftServerImpl.java:setRole(170)) - 47b9f0ae-ccc1-46e4-8719-b00f15f21b54@group-EF8375718EC5: changes role from CANDIDATE to LEADER at term 1 for changeToLeader
2019-10-09 08:01:22,991 [47b9f0ae-ccc1-46e4-8719-b00f15f21b54@group-EF8375718EC5-LeaderElection74] INFO  impl.RaftServerImpl (ServerState.java:setLeader(255)) - 47b9f0ae-ccc1-46e4-8719-b00f15f21b54@group-EF8375718EC5: change Leader from null to 47b9f0ae-ccc1-46e4-8719-b00f15f21b54 at term 1 for becomeLeader, leader elected after 5194ms
2019-10-09 08:01:22,991 [47b9f0ae-ccc1-46e4-8719-b00f15f21b54@group-EF8375718EC5-LeaderElection74] INFO  server.RaftServerConfigKeys (ConfUtils.java:logGet(43)) - raft.server.staging.catchup.gap = 1000 (default)
2019-10-09 08:01:22,991 [47b9f0ae-ccc1-46e4-8719-b00f15f21b54@group-EF8375718EC5-LeaderElection74] INFO  server.RaftServerConfigKeys (ConfUtils.java:logGet(43)) - raft.server.rpc.sleep.time = 25ms (default)
2019-10-09 08:01:22,991 [47b9f0ae-ccc1-46e4-8719-b00f15f21b54@group-EF8375718EC5-LeaderElection74] INFO  server.RaftServerConfigKeys (ConfUtils.java:logGet(43)) - raft.server.write.element-limit = 4096 (default)
2019-10-09 08:01:22,991 [47b9f0ae-ccc1-46e4-8719-b00f15f21b54@group-EF8375718EC5-LeaderElection74] INFO  server.RaftServerConfigKeys (ConfUtils.java:logGet(43)) - raft.server.watch.timeout = 10s (default)
2019-10-09 08:01:22,991 [47b9f0ae-ccc1-46e4-8719-b00f15f21b54@group-EF8375718EC5-LeaderElection74] INFO  server.RaftServerConfigKeys (ConfUtils.java:logGet(43)) - raft.server.watch.timeout.denomination = 1s (default)
2019-10-09 08:01:22,991 [47b9f0ae-ccc1-46e4-8719-b00f15f21b54@group-EF8375718EC5-LeaderElection74] INFO  server.RaftServerConfigKeys (ConfUtils.java:logGet(43)) - raft.server.watch.element-limit = 65536 (default)
2019-10-09 08:01:22,993 [47b9f0ae-ccc1-46e4-8719-b00f15f21b54@group-EF8375718EC5-LeaderElection74] INFO  server.RaftServerConfigKeys (ConfUtils.java:logGet(43)) - raft.server.log.appender.snapshot.chunk.size.max = 16MB (=16777216) (default)
2019-10-09 08:01:22,993 [47b9f0ae-ccc1-46e4-8719-b00f15f21b54@group-EF8375718EC5-LeaderElection74] INFO  server.RaftServerConfigKeys (ConfUtils.java:logGet(43)) - raft.server.log.appender.buffer.byte-limit = 33554432 (custom)
2019-10-09 08:01:22,994 [47b9f0ae-ccc1-46e4-8719-b00f15f21b54@group-EF8375718EC5-LeaderElection74] INFO  server.RaftServerConfigKeys (ConfUtils.java:logGet(43)) - raft.server.log.appender.buffer.element-limit = 1 (custom)
2019-10-09 08:01:22,994 [47b9f0ae-ccc1-46e4-8719-b00f15f21b54@group-EF8375718EC5-LeaderElection74] INFO  grpc.GrpcConfigKeys$Server (ConfUtils.java:logGet(43)) - raft.grpc.server.leader.outstanding.appends.max = 128 (default)
2019-10-09 08:01:22,994 [47b9f0ae-ccc1-46e4-8719-b00f15f21b54@group-EF8375718EC5-LeaderElection74] INFO  server.RaftServerConfigKeys (ConfUtils.java:logGet(43)) - raft.server.rpc.request.timeout = 3000ms (default)
2019-10-09 08:01:22,994 [47b9f0ae-ccc1-46e4-8719-b00f15f21b54@group-EF8375718EC5-LeaderElection74] INFO  server.RaftServerConfigKeys (ConfUtils.java:logGet(43)) - raft.server.log.appender.install.snapshot.enabled = false (custom)
2019-10-09 08:01:22,994 [47b9f0ae-ccc1-46e4-8719-b00f15f21b54@group-EF8375718EC5-LeaderElection74] INFO  server.RaftServerConfigKeys (ConfUtils.java:logGet(43)) - raft.server.log.appender.snapshot.chunk.size.max = 16MB (=16777216) (default)
2019-10-09 08:01:22,994 [47b9f0ae-ccc1-46e4-8719-b00f15f21b54@group-EF8375718EC5-LeaderElection74] INFO  server.RaftServerConfigKeys (ConfUtils.java:logGet(43)) - raft.server.log.appender.buffer.byte-limit = 33554432 (custom)
2019-10-09 08:01:22,995 [47b9f0ae-ccc1-46e4-8719-b00f15f21b54@group-EF8375718EC5-LeaderElection74] INFO  server.RaftServerConfigKeys (ConfUtils.java:logGet(43)) - raft.server.log.appender.buffer.element-limit = 1 (custom)
2019-10-09 08:01:22,995 [47b9f0ae-ccc1-46e4-8719-b00f15f21b54@group-EF8375718EC5-LeaderElection74] INFO  grpc.GrpcConfigKeys$Server (ConfUtils.java:logGet(43)) - raft.grpc.server.leader.outstanding.appends.max = 128 (default)
2019-10-09 08:01:22,995 [47b9f0ae-ccc1-46e4-8719-b00f15f21b54@group-EF8375718EC5-LeaderElection74] INFO  server.RaftServerConfigKeys (ConfUtils.java:logGet(43)) - raft.server.rpc.request.timeout = 3000ms (default)
2019-10-09 08:01:22,995 [47b9f0ae-ccc1-46e4-8719-b00f15f21b54@group-EF8375718EC5-LeaderElection74] INFO  server.RaftServerConfigKeys (ConfUtils.java:logGet(43)) - raft.server.log.appender.install.snapshot.enabled = false (custom)
2019-10-09 08:01:22,995 [47b9f0ae-ccc1-46e4-8719-b00f15f21b54@group-EF8375718EC5-LeaderElection74] INFO  impl.RoleInfo (RoleInfo.java:updateAndGet(143)) - 47b9f0ae-ccc1-46e4-8719-b00f15f21b54: start LeaderState
2019-10-09 08:01:22,995 [47b9f0ae-ccc1-46e4-8719-b00f15f21b54@group-EF8375718EC5-LeaderElection74] INFO  segmented.SegmentedRaftLogWorker (SegmentedRaftLogWorker.java:startLogSegment(385)) - 47b9f0ae-ccc1-46e4-8719-b00f15f21b54@group-EF8375718EC5-SegmentedRaftLogWorker: Starting segment from index:0
2019-10-09 08:01:22,996 [47b9f0ae-ccc1-46e4-8719-b00f15f21b54@group-EF8375718EC5-LeaderElection74] INFO  impl.RaftServerImpl (ServerState.java:setRaftConf(356)) - 47b9f0ae-ccc1-46e4-8719-b00f15f21b54@group-EF8375718EC5: set configuration 0: [a4988454-66ec-443f-97d8-24dbcdced6c5:192.168.30.26:33450, 378e8ca1-a439-4b49-a1cd-52eabd12a77e:192.168.30.26:45153, 47b9f0ae-ccc1-46e4-8719-b00f15f21b54:192.168.30.26:37463], old=null at 0
2019-10-09 08:01:23,035 [grpc-default-executor-6] INFO  impl.RaftServerImpl (ServerState.java:setLeader(255)) - 378e8ca1-a439-4b49-a1cd-52eabd12a77e@group-EF8375718EC5: change Leader from null to 47b9f0ae-ccc1-46e4-8719-b00f15f21b54 at term 1 for appendEntries, leader elected after 5239ms
2019-10-09 08:01:23,043 [grpc-default-executor-7] INFO  impl.RaftServerImpl (ServerState.java:setLeader(255)) - a4988454-66ec-443f-97d8-24dbcdced6c5@group-EF8375718EC5: change Leader from null to 47b9f0ae-ccc1-46e4-8719-b00f15f21b54 at term 1 for appendEntries, leader elected after 5245ms
2019-10-09 08:01:23,047 [47b9f0ae-ccc1-46e4-8719-b00f15f21b54@group-EF8375718EC5-SegmentedRaftLogWorker] INFO  segmented.SegmentedRaftLogWorker (SegmentedRaftLogWorker.java:execute(574)) - 47b9f0ae-ccc1-46e4-8719-b00f15f21b54@group-EF8375718EC5-SegmentedRaftLogWorker: created new log segment /workdir/hadoop-ozone/integration-test/target/test-dir/MiniOzoneClusterImpl-4df022c4-1e45-4101-a2a2-7a234f72b8c5/datanode-6/data/ratis/fb31f444-c33b-4c0e-ab12-ef8375718ec5/current/log_inprogress_0
2019-10-09 08:01:23,047 [grpc-default-executor-7] INFO  impl.RaftServerImpl (ServerState.java:setRaftConf(356)) - 378e8ca1-a439-4b49-a1cd-52eabd12a77e@group-EF8375718EC5: set configuration 0: [a4988454-66ec-443f-97d8-24dbcdced6c5:192.168.30.26:33450, 378e8ca1-a439-4b49-a1cd-52eabd12a77e:192.168.30.26:45153, 47b9f0ae-ccc1-46e4-8719-b00f15f21b54:192.168.30.26:37463], old=null at 0
2019-10-09 08:01:23,048 [grpc-default-executor-7] INFO  segmented.SegmentedRaftLogWorker (SegmentedRaftLogWorker.java:startLogSegment(385)) - 378e8ca1-a439-4b49-a1cd-52eabd12a77e@group-EF8375718EC5-SegmentedRaftLogWorker: Starting segment from index:0
2019-10-09 08:01:23,048 [grpc-default-executor-6] INFO  impl.RaftServerImpl (ServerState.java:setRaftConf(356)) - a4988454-66ec-443f-97d8-24dbcdced6c5@group-EF8375718EC5: set configuration 0: [a4988454-66ec-443f-97d8-24dbcdced6c5:192.168.30.26:33450, 378e8ca1-a439-4b49-a1cd-52eabd12a77e:192.168.30.26:45153, 47b9f0ae-ccc1-46e4-8719-b00f15f21b54:192.168.30.26:37463], old=null at 0
2019-10-09 08:01:23,048 [grpc-default-executor-6] INFO  segmented.SegmentedRaftLogWorker (SegmentedRaftLogWorker.java:startLogSegment(385)) - a4988454-66ec-443f-97d8-24dbcdced6c5@group-EF8375718EC5-SegmentedRaftLogWorker: Starting segment from index:0
2019-10-09 08:01:23,102 [378e8ca1-a439-4b49-a1cd-52eabd12a77e@group-EF8375718EC5-SegmentedRaftLogWorker] INFO  segmented.SegmentedRaftLogWorker (SegmentedRaftLogWorker.java:execute(574)) - 378e8ca1-a439-4b49-a1cd-52eabd12a77e@group-EF8375718EC5-SegmentedRaftLogWorker: created new log segment /workdir/hadoop-ozone/integration-test/target/test-dir/MiniOzoneClusterImpl-4df022c4-1e45-4101-a2a2-7a234f72b8c5/datanode-3/data/ratis/fb31f444-c33b-4c0e-ab12-ef8375718ec5/current/log_inprogress_0
2019-10-09 08:01:23,102 [a4988454-66ec-443f-97d8-24dbcdced6c5@group-EF8375718EC5-SegmentedRaftLogWorker] INFO  segmented.SegmentedRaftLogWorker (SegmentedRaftLogWorker.java:execute(574)) - a4988454-66ec-443f-97d8-24dbcdced6c5@group-EF8375718EC5-SegmentedRaftLogWorker: created new log segment /workdir/hadoop-ozone/integration-test/target/test-dir/MiniOzoneClusterImpl-4df022c4-1e45-4101-a2a2-7a234f72b8c5/datanode-5/data/ratis/fb31f444-c33b-4c0e-ab12-ef8375718ec5/current/log_inprogress_0
2019-10-09 08:01:24,961 [Datanode State Machine Thread - 0] INFO  statemachine.DatanodeStateMachine (DatanodeStateMachine.java:lambda$startDaemon$0(350)) - Ozone container server started.
2019-10-09 08:01:28,993 [EventQueue-StaleNodeForStaleNodeHandler] INFO  node.StaleNodeHandler (StaleNodeHandler.java:onMessage(58)) - Datanode 47b9f0ae-ccc1-46e4-8719-b00f15f21b54{ip: 192.168.30.26, host: pr-hdds-2267-jsbhp-248048675, networkLocation: /default-rack, certSerialId: null} moved to stale state. Finalizing its pipelines [PipelineID=b0279fd8-f641-40b3-be12-065f05bb640b, PipelineID=fb31f444-c33b-4c0e-ab12-ef8375718ec5]
2019-10-09 08:01:28,994 [EventQueue-StaleNodeForStaleNodeHandler] INFO  pipeline.SCMPipelineManager (SCMPipelineManager.java:finalizeAndDestroyPipeline(315)) - destroying pipeline:Pipeline[ Id: b0279fd8-f641-40b3-be12-065f05bb640b, Nodes: 47b9f0ae-ccc1-46e4-8719-b00f15f21b54{ip: 192.168.30.26, host: pr-hdds-2267-jsbhp-248048675, networkLocation: /default-rack, certSerialId: null}, Type:RATIS, Factor:ONE, State:OPEN]
2019-10-09 08:01:28,994 [EventQueue-StaleNodeForStaleNodeHandler] INFO  pipeline.PipelineStateManager (PipelineStateManager.java:finalizePipeline(123)) - Pipeline Pipeline[ Id: b0279fd8-f641-40b3-be12-065f05bb640b, Nodes: 47b9f0ae-ccc1-46e4-8719-b00f15f21b54{ip: 192.168.30.26, host: pr-hdds-2267-jsbhp-248048675, networkLocation: /default-rack, certSerialId: null}, Type:RATIS, Factor:ONE, State:CLOSED] moved to CLOSED state
2019-10-09 08:01:28,995 [EventQueue-StaleNodeForStaleNodeHandler] INFO  pipeline.SCMPipelineManager (SCMPipelineManager.java:finalizeAndDestroyPipeline(315)) - destroying pipeline:Pipeline[ Id: fb31f444-c33b-4c0e-ab12-ef8375718ec5, Nodes: 47b9f0ae-ccc1-46e4-8719-b00f15f21b54{ip: 192.168.30.26, host: pr-hdds-2267-jsbhp-248048675, networkLocation: /default-rack, certSerialId: null}378e8ca1-a439-4b49-a1cd-52eabd12a77e{ip: 192.168.30.26, host: pr-hdds-2267-jsbhp-248048675, networkLocation: /default-rack, certSerialId: null}a4988454-66ec-443f-97d8-24dbcdced6c5{ip: 192.168.30.26, host: pr-hdds-2267-jsbhp-248048675, networkLocation: /default-rack, certSerialId: null}, Type:RATIS, Factor:THREE, State:OPEN]
2019-10-09 08:01:28,995 [EventQueue-StaleNodeForStaleNodeHandler] INFO  pipeline.PipelineStateManager (PipelineStateManager.java:finalizePipeline(123)) - Pipeline Pipeline[ Id: fb31f444-c33b-4c0e-ab12-ef8375718ec5, Nodes: 47b9f0ae-ccc1-46e4-8719-b00f15f21b54{ip: 192.168.30.26, host: pr-hdds-2267-jsbhp-248048675, networkLocation: /default-rack, certSerialId: null}378e8ca1-a439-4b49-a1cd-52eabd12a77e{ip: 192.168.30.26, host: pr-hdds-2267-jsbhp-248048675, networkLocation: /default-rack, certSerialId: null}a4988454-66ec-443f-97d8-24dbcdced6c5{ip: 192.168.30.26, host: pr-hdds-2267-jsbhp-248048675, networkLocation: /default-rack, certSerialId: null}, Type:RATIS, Factor:THREE, State:CLOSED] moved to CLOSED state
2019-10-09 08:01:28,995 [EventQueue-CloseContainerForCloseContainerEventHandler] INFO  container.CloseContainerEventHandler (CloseContainerEventHandler.java:onMessage(61)) - Close container Event triggered for container : #1
2019-10-09 08:01:29,156 [main] INFO  ozoneimpl.OzoneContainer (OzoneContainer.java:stop(227)) - Attempting to stop container services.
2019-10-09 08:01:29,160 [main] INFO  impl.RaftServerProxy (RaftServerProxy.java:lambda$close$4(314)) - 47b9f0ae-ccc1-46e4-8719-b00f15f21b54: close
2019-10-09 08:01:29,161 [main] INFO  impl.RaftServerImpl (RaftServerImpl.java:lambda$shutdown$3(247)) - 47b9f0ae-ccc1-46e4-8719-b00f15f21b54@group-065F05BB640B: shutdown
2019-10-09 08:01:29,161 [main] INFO  util.JmxRegister (JmxRegister.java:unregister(73)) - Successfully un-registered JMX Bean with object name Ratis:service=RaftServer,group=group-065F05BB640B,id=47b9f0ae-ccc1-46e4-8719-b00f15f21b54
2019-10-09 08:01:29,161 [main] INFO  impl.RoleInfo (RoleInfo.java:shutdownLeaderState(104)) - 47b9f0ae-ccc1-46e4-8719-b00f15f21b54: shutdown LeaderState
2019-10-09 08:01:29,162 [main] INFO  impl.PendingRequests (PendingRequests.java:sendNotLeaderResponses(202)) - 47b9f0ae-ccc1-46e4-8719-b00f15f21b54@group-065F05BB640B-PendingRequests: sendNotLeaderResponses
2019-10-09 08:01:29,162 [main] INFO  impl.StateMachineUpdater (StateMachineUpdater.java:stopAndJoin(136)) - 47b9f0ae-ccc1-46e4-8719-b00f15f21b54@group-065F05BB640B-StateMachineUpdater: set stopIndex = 0
2019-10-09 08:01:29,163 [main] INFO  impl.RaftServerImpl (ServerState.java:close(387)) - 47b9f0ae-ccc1-46e4-8719-b00f15f21b54@group-065F05BB640B: closes. applyIndex: 0
2019-10-09 08:01:29,163 [47b9f0ae-ccc1-46e4-8719-b00f15f21b54@group-065F05BB640B-SegmentedRaftLogWorker] INFO  segmented.SegmentedRaftLogWorker (SegmentedRaftLogWorker.java:run(316)) - 47b9f0ae-ccc1-46e4-8719-b00f15f21b54@group-065F05BB640B-SegmentedRaftLogWorker was interrupted, exiting. There are 0 tasks remaining in the queue.
2019-10-09 08:01:29,166 [main] INFO  segmented.SegmentedRaftLogWorker (SegmentedRaftLogWorker.java:close(224)) - 47b9f0ae-ccc1-46e4-8719-b00f15f21b54@group-065F05BB640B-SegmentedRaftLogWorker close()
2019-10-09 08:01:29,171 [main] INFO  impl.RaftServerImpl (RaftServerImpl.java:lambda$shutdown$3(247)) - 47b9f0ae-ccc1-46e4-8719-b00f15f21b54@group-EF8375718EC5: shutdown
2019-10-09 08:01:29,171 [main] INFO  util.JmxRegister (JmxRegister.java:unregister(73)) - Successfully un-registered JMX Bean with object name Ratis:service=RaftServer,group=group-EF8375718EC5,id=47b9f0ae-ccc1-46e4-8719-b00f15f21b54
2019-10-09 08:01:29,172 [main] INFO  impl.RoleInfo (RoleInfo.java:shutdownLeaderState(104)) - 47b9f0ae-ccc1-46e4-8719-b00f15f21b54: shutdown LeaderState
2019-10-09 08:01:29,176 [main] INFO  impl.PendingRequests (PendingRequests.java:sendNotLeaderResponses(202)) - 47b9f0ae-ccc1-46e4-8719-b00f15f21b54@group-EF8375718EC5-PendingRequests: sendNotLeaderResponses
2019-10-09 08:01:29,176 [org.apache.ratis.server.impl.LogAppender$AppenderDaemon$$Lambda$543/973976147@342cb766] WARN  server.GrpcLogAppender (GrpcLogAppender.java:mayWait(143)) - 47b9f0ae-ccc1-46e4-8719-b00f15f21b54@group-EF8375718EC5->a4988454-66ec-443f-97d8-24dbcdced6c5-GrpcLogAppender: Wait interrupted by java.lang.InterruptedException
2019-10-09 08:01:29,176 [org.apache.ratis.server.impl.LogAppender$AppenderDaemon$$Lambda$543/973976147@7d516150] WARN  server.GrpcLogAppender (GrpcLogAppender.java:mayWait(143)) - 47b9f0ae-ccc1-46e4-8719-b00f15f21b54@group-EF8375718EC5->378e8ca1-a439-4b49-a1cd-52eabd12a77e-GrpcLogAppender: Wait interrupted by java.lang.InterruptedException
2019-10-09 08:01:29,180 [grpc-default-executor-6] INFO  server.GrpcServerProtocolService (GrpcServerProtocolService.java:onCompleted(113)) - a4988454-66ec-443f-97d8-24dbcdced6c5: Completed APPEND_ENTRIES, lastRequest: 47b9f0ae-ccc1-46e4-8719-b00f15f21b54->a4988454-66ec-443f-97d8-24dbcdced6c5#17-t1, previous=(t:1, i:14), leaderCommit=14, initializing? false, entries: <empty>
2019-10-09 08:01:29,183 [main] INFO  impl.StateMachineUpdater (StateMachineUpdater.java:stopAndJoin(136)) - 47b9f0ae-ccc1-46e4-8719-b00f15f21b54@group-EF8375718EC5-StateMachineUpdater: set stopIndex = 14
2019-10-09 08:01:29,183 [grpc-default-executor-8] INFO  server.GrpcServerProtocolService (GrpcServerProtocolService.java:onCompleted(113)) - 378e8ca1-a439-4b49-a1cd-52eabd12a77e: Completed APPEND_ENTRIES, lastRequest: 47b9f0ae-ccc1-46e4-8719-b00f15f21b54->378e8ca1-a439-4b49-a1cd-52eabd12a77e#17-t1, previous=(t:1, i:14), leaderCommit=14, initializing? false, entries: <empty>
2019-10-09 08:01:29,186 [grpc-default-executor-6] INFO  server.GrpcLogAppender (GrpcLogAppender.java:onCompleted(293)) - 47b9f0ae-ccc1-46e4-8719-b00f15f21b54@group-EF8375718EC5->a4988454-66ec-443f-97d8-24dbcdced6c5-AppendLogResponseHandler: follower responses appendEntries COMPLETED
2019-10-09 08:01:29,183 [47b9f0ae-ccc1-46e4-8719-b00f15f21b54@group-EF8375718EC5-StateMachineUpdater] INFO  ratis.ContainerStateMachine (ContainerStateMachine.java:takeSnapshot(294)) - group-EF8375718EC5: Taking a snapshot at:(t:1, i:13) file /workdir/hadoop-ozone/integration-test/target/test-dir/MiniOzoneClusterImpl-4df022c4-1e45-4101-a2a2-7a234f72b8c5/datanode-6/data/ratis/fb31f444-c33b-4c0e-ab12-ef8375718ec5/sm/snapshot.1_13
2019-10-09 08:01:29,186 [grpc-default-executor-7] INFO  server.GrpcLogAppender (GrpcLogAppender.java:onCompleted(293)) - 47b9f0ae-ccc1-46e4-8719-b00f15f21b54@group-EF8375718EC5->378e8ca1-a439-4b49-a1cd-52eabd12a77e-AppendLogResponseHandler: follower responses appendEntries COMPLETED
2019-10-09 08:01:29,189 [grpc-default-executor-6] INFO  impl.FollowerInfo (FollowerInfo.java:lambda$new$0(51)) - 47b9f0ae-ccc1-46e4-8719-b00f15f21b54@group-EF8375718EC5->a4988454-66ec-443f-97d8-24dbcdced6c5: nextIndex: updateUnconditionally 15 -> 14
2019-10-09 08:01:29,190 [grpc-default-executor-7] INFO  impl.FollowerInfo (FollowerInfo.java:lambda$new$0(51)) - 47b9f0ae-ccc1-46e4-8719-b00f15f21b54@group-EF8375718EC5->378e8ca1-a439-4b49-a1cd-52eabd12a77e: nextIndex: updateUnconditionally 15 -> 14
2019-10-09 08:01:29,203 [47b9f0ae-ccc1-46e4-8719-b00f15f21b54@group-EF8375718EC5-StateMachineUpdater] INFO  ratis.ContainerStateMachine (ContainerStateMachine.java:takeSnapshot(305)) - group-EF8375718EC5: Finished taking a snapshot at:(t:1, i:13) file:/workdir/hadoop-ozone/integration-test/target/test-dir/MiniOzoneClusterImpl-4df022c4-1e45-4101-a2a2-7a234f72b8c5/datanode-6/data/ratis/fb31f444-c33b-4c0e-ab12-ef8375718ec5/sm/snapshot.1_13 time:19
2019-10-09 08:01:29,203 [47b9f0ae-ccc1-46e4-8719-b00f15f21b54@group-EF8375718EC5-StateMachineUpdater] INFO  impl.StateMachineUpdater (StateMachineUpdater.java:takeSnapshot(269)) - 47b9f0ae-ccc1-46e4-8719-b00f15f21b54@group-EF8375718EC5-StateMachineUpdater: Took a snapshot at index 13
2019-10-09 08:01:29,203 [47b9f0ae-ccc1-46e4-8719-b00f15f21b54@group-EF8375718EC5-StateMachineUpdater] INFO  impl.StateMachineUpdater (StateMachineUpdater.java:lambda$new$0(84)) - 47b9f0ae-ccc1-46e4-8719-b00f15f21b54@group-EF8375718EC5-StateMachineUpdater: snapshotIndex: updateIncreasingly -1 -> 13
2019-10-09 08:01:29,204 [47b9f0ae-ccc1-46e4-8719-b00f15f21b54@group-EF8375718EC5-StateMachineUpdater] INFO  ratis.ContainerStateMachine (ContainerStateMachine.java:takeSnapshot(294)) - group-EF8375718EC5: Taking a snapshot at:(t:1, i:13) file /workdir/hadoop-ozone/integration-test/target/test-dir/MiniOzoneClusterImpl-4df022c4-1e45-4101-a2a2-7a234f72b8c5/datanode-6/data/ratis/fb31f444-c33b-4c0e-ab12-ef8375718ec5/sm/snapshot.1_13
2019-10-09 08:01:29,217 [47b9f0ae-ccc1-46e4-8719-b00f15f21b54@group-EF8375718EC5-StateMachineUpdater] INFO  ratis.ContainerStateMachine (ContainerStateMachine.java:takeSnapshot(305)) - group-EF8375718EC5: Finished taking a snapshot at:(t:1, i:13) file:/workdir/hadoop-ozone/integration-test/target/test-dir/MiniOzoneClusterImpl-4df022c4-1e45-4101-a2a2-7a234f72b8c5/datanode-6/data/ratis/fb31f444-c33b-4c0e-ab12-ef8375718ec5/sm/snapshot.1_13 time:13
2019-10-09 08:01:29,217 [47b9f0ae-ccc1-46e4-8719-b00f15f21b54@group-EF8375718EC5-StateMachineUpdater] INFO  impl.StateMachineUpdater (StateMachineUpdater.java:takeSnapshot(269)) - 47b9f0ae-ccc1-46e4-8719-b00f15f21b54@group-EF8375718EC5-StateMachineUpdater: Took a snapshot at index 13
2019-10-09 08:01:29,217 [47b9f0ae-ccc1-46e4-8719-b00f15f21b54@group-EF8375718EC5-StateMachineUpdater] INFO  impl.StateMachineUpdater (StateMachineUpdater.java:lambda$new$0(84)) - 47b9f0ae-ccc1-46e4-8719-b00f15f21b54@group-EF8375718EC5-StateMachineUpdater: snapshotIndex: updateIncreasingly 13 -> 13
2019-10-09 08:01:29,217 [main] INFO  impl.RaftServerImpl (ServerState.java:close(387)) - 47b9f0ae-ccc1-46e4-8719-b00f15f21b54@group-EF8375718EC5: closes. applyIndex: 14
2019-10-09 08:01:29,218 [47b9f0ae-ccc1-46e4-8719-b00f15f21b54@group-EF8375718EC5-SegmentedRaftLogWorker] INFO  segmented.SegmentedRaftLogWorker (SegmentedRaftLogWorker.java:run(316)) - 47b9f0ae-ccc1-46e4-8719-b00f15f21b54@group-EF8375718EC5-SegmentedRaftLogWorker was interrupted, exiting. There are 0 tasks remaining in the queue.
2019-10-09 08:01:29,220 [main] INFO  segmented.SegmentedRaftLogWorker (SegmentedRaftLogWorker.java:close(224)) - 47b9f0ae-ccc1-46e4-8719-b00f15f21b54@group-EF8375718EC5-SegmentedRaftLogWorker close()
2019-10-09 08:01:29,225 [main] INFO  server.GrpcService (GrpcService.java:closeImpl(164)) - 47b9f0ae-ccc1-46e4-8719-b00f15f21b54: shutdown server with port 37463 now
2019-10-09 08:01:29,228 [grpc-default-executor-6] WARN  client.GrpcClientProtocolService (LogUtils.java:warn(134)) - 4-UnorderedRequestStreamObserver4: onError: org.apache.ratis.thirdparty.io.grpc.StatusRuntimeException: CANCELLED: cancelled before receiving half close
2019-10-09 08:01:29,230 [main] INFO  server.GrpcService (GrpcService.java:closeImpl(172)) - 47b9f0ae-ccc1-46e4-8719-b00f15f21b54: shutdown server with port 37463 successfully
2019-10-09 08:01:29,236 [refreshUsed-/workdir/hadoop-ozone/integration-test/target/test-dir/MiniOzoneClusterImpl-4df022c4-1e45-4101-a2a2-7a234f72b8c5/datanode-6/data/containers] WARN  fs.CachingGetSpaceUsed (CachingGetSpaceUsed.java:run(183)) - Thread Interrupted waiting to refresh disk information: sleep interrupted
2019-10-09 08:01:29,251 [main] INFO  utils.BackgroundService (BackgroundService.java:shutdown(151)) - Shutting down service BlockDeletingService
2019-10-09 08:01:29,259 [main] INFO  statemachine.DatanodeStateMachine (DatanodeStateMachine.java:stopDaemon(395)) - Ozone container server stopped.
2019-10-09 08:01:29,260 [main] INFO  handler.ContextHandler (ContextHandler.java:doStop(910)) - Stopped o.e.j.w.WebAppContext@5b0902b4{/,null,UNAVAILABLE}{/hddsDatanode}
2019-10-09 08:01:29,262 [main] INFO  server.AbstractConnector (AbstractConnector.java:doStop(318)) - Stopped ServerConnector@9d3d54e{HTTP/1.1,[http/1.1]}{0.0.0.0:0}
2019-10-09 08:01:29,263 [main] INFO  handler.ContextHandler (ContextHandler.java:doStop(910)) - Stopped o.e.j.s.ServletContextHandler@4b28a7bf{/static,jar:file:/home/user/.m2/repository/org/apache/hadoop/hadoop-hdds-container-service/0.5.0-SNAPSHOT/hadoop-hdds-container-service-0.5.0-SNAPSHOT.jar!/webapps/static,UNAVAILABLE}
2019-10-09 08:01:29,263 [main] INFO  handler.ContextHandler (ContextHandler.java:doStop(910)) - Stopped o.e.j.s.ServletContextHandler@68bd8ca7{/logs,file:///workdir/hadoop-ozone/integration-test/target/log,UNAVAILABLE}
2019-10-09 08:01:38,093 [Thread-3165] INFO  impl.FollowerState (FollowerState.java:run(108)) - a4988454-66ec-443f-97d8-24dbcdced6c5@group-EF8375718EC5-FollowerState: change to CANDIDATE, lastRpcTime:8940ms, electionTimeout:5053ms
2019-10-09 08:01:38,094 [Thread-3165] INFO  impl.RoleInfo (RoleInfo.java:shutdownFollowerState(121)) - a4988454-66ec-443f-97d8-24dbcdced6c5: shutdown FollowerState
2019-10-09 08:01:38,094 [Thread-3165] INFO  impl.RaftServerImpl (RaftServerImpl.java:setRole(170)) - a4988454-66ec-443f-97d8-24dbcdced6c5@group-EF8375718EC5: changes role from  FOLLOWER to CANDIDATE at term 1 for changeToCandidate
2019-10-09 08:01:38,094 [Thread-3165] INFO  impl.RoleInfo (RoleInfo.java:updateAndGet(143)) - a4988454-66ec-443f-97d8-24dbcdced6c5: start LeaderElection
2019-10-09 08:01:38,097 [a4988454-66ec-443f-97d8-24dbcdced6c5@group-EF8375718EC5-LeaderElection75] INFO  impl.RaftServerImpl (ServerState.java:setLeader(255)) - a4988454-66ec-443f-97d8-24dbcdced6c5@group-EF8375718EC5: change Leader from 47b9f0ae-ccc1-46e4-8719-b00f15f21b54 to null at term 1 for initElection
2019-10-09 08:01:38,112 [a4988454-66ec-443f-97d8-24dbcdced6c5@group-EF8375718EC5-LeaderElection75] INFO  impl.LeaderElection (LeaderElection.java:askForVotes(178)) - a4988454-66ec-443f-97d8-24dbcdced6c5@group-EF8375718EC5-LeaderElection75: begin an election at term 2 for 0: [a4988454-66ec-443f-97d8-24dbcdced6c5:192.168.30.26:33450, 378e8ca1-a439-4b49-a1cd-52eabd12a77e:192.168.30.26:45153, 47b9f0ae-ccc1-46e4-8719-b00f15f21b54:192.168.30.26:37463], old=null
2019-10-09 08:01:38,115 [a4988454-66ec-443f-97d8-24dbcdced6c5@group-EF8375718EC5-LeaderElection75] INFO  impl.LeaderElection (LogUtils.java:infoOrTrace(149)) - a4988454-66ec-443f-97d8-24dbcdced6c5@group-EF8375718EC5-LeaderElection75 got exception when requesting votes: {}
java.util.concurrent.ExecutionException: org.apache.ratis.thirdparty.io.grpc.StatusRuntimeException: UNAVAILABLE: io exception
	at java.util.concurrent.FutureTask.report(FutureTask.java:122)
	at java.util.concurrent.FutureTask.get(FutureTask.java:192)
	at org.apache.ratis.server.impl.LeaderElection.waitForResults(LeaderElection.java:259)
	at org.apache.ratis.server.impl.LeaderElection.askForVotes(LeaderElection.java:197)
	at org.apache.ratis.server.impl.LeaderElection.run(LeaderElection.java:133)
	at java.lang.Thread.run(Thread.java:748)
Caused by: org.apache.ratis.thirdparty.io.grpc.StatusRuntimeException: UNAVAILABLE: io exception
	at org.apache.ratis.thirdparty.io.grpc.stub.ClientCalls.toStatusRuntimeException(ClientCalls.java:233)
	at org.apache.ratis.thirdparty.io.grpc.stub.ClientCalls.getUnchecked(ClientCalls.java:214)
	at org.apache.ratis.thirdparty.io.grpc.stub.ClientCalls.blockingUnaryCall(ClientCalls.java:139)
	at org.apache.ratis.proto.grpc.RaftServerProtocolServiceGrpc$RaftServerProtocolServiceBlockingStub.requestVote(RaftServerProtocolServiceGrpc.java:265)
	at org.apache.ratis.grpc.server.GrpcServerProtocolClient.requestVote(GrpcServerProtocolClient.java:99)
	at org.apache.ratis.grpc.server.GrpcService.requestVote(GrpcService.java:204)
	at org.apache.ratis.server.impl.LeaderElection.lambda$submitRequests$1(LeaderElection.java:234)
	at java.util.concurrent.FutureTask.run(FutureTask.java:266)
	at java.util.concurrent.Executors$RunnableAdapter.call(Executors.java:511)
	at java.util.concurrent.FutureTask.run(FutureTask.java:266)
	at java.util.concurrent.ThreadPoolExecutor.runWorker(ThreadPoolExecutor.java:1149)
	at java.util.concurrent.ThreadPoolExecutor$Worker.run(ThreadPoolExecutor.java:624)
	... 1 more
Caused by: org.apache.ratis.thirdparty.io.netty.channel.AbstractChannel$AnnotatedConnectException: Connection refused: /192.168.30.26:37463
	at sun.nio.ch.SocketChannelImpl.checkConnect(Native Method)
	at sun.nio.ch.SocketChannelImpl.finishConnect(SocketChannelImpl.java:717)
	at org.apache.ratis.thirdparty.io.netty.channel.socket.nio.NioSocketChannel.doFinishConnect(NioSocketChannel.java:327)
	at org.apache.ratis.thirdparty.io.netty.channel.nio.AbstractNioChannel$AbstractNioUnsafe.finishConnect(AbstractNioChannel.java:340)
	at org.apache.ratis.thirdparty.io.netty.channel.nio.NioEventLoop.processSelectedKey(NioEventLoop.java:632)
	at org.apache.ratis.thirdparty.io.netty.channel.nio.NioEventLoop.processSelectedKeysOptimized(NioEventLoop.java:579)
	at org.apache.ratis.thirdparty.io.netty.channel.nio.NioEventLoop.processSelectedKeys(NioEventLoop.java:496)
	at org.apache.ratis.thirdparty.io.netty.channel.nio.NioEventLoop.run(NioEventLoop.java:458)
	at org.apache.ratis.thirdparty.io.netty.util.concurrent.SingleThreadEventExecutor$5.run(SingleThreadEventExecutor.java:897)
	at org.apache.ratis.thirdparty.io.netty.util.concurrent.FastThreadLocalRunnable.run(FastThreadLocalRunnable.java:30)
	... 1 more
Caused by: java.net.ConnectException: Connection refused
	... 11 more
2019-10-09 08:01:38,120 [grpc-default-executor-6] INFO  impl.RaftServerImpl (ServerState.java:setLeader(255)) - 378e8ca1-a439-4b49-a1cd-52eabd12a77e@group-EF8375718EC5: change Leader from 47b9f0ae-ccc1-46e4-8719-b00f15f21b54 to null at term 2 for updateCurrentTerm
2019-10-09 08:01:38,120 [grpc-default-executor-6] INFO  impl.RaftServerImpl (RaftServerImpl.java:setRole(170)) - 378e8ca1-a439-4b49-a1cd-52eabd12a77e@group-EF8375718EC5: changes role from  FOLLOWER to FOLLOWER at term 2 for recognizeCandidate:a4988454-66ec-443f-97d8-24dbcdced6c5
2019-10-09 08:01:38,120 [grpc-default-executor-6] INFO  impl.RoleInfo (RoleInfo.java:shutdownFollowerState(121)) - 378e8ca1-a439-4b49-a1cd-52eabd12a77e: shutdown FollowerState
2019-10-09 08:01:38,121 [grpc-default-executor-6] INFO  impl.RoleInfo (RoleInfo.java:updateAndGet(143)) - 378e8ca1-a439-4b49-a1cd-52eabd12a77e: start FollowerState
2019-10-09 08:01:38,121 [Thread-3164] INFO  impl.FollowerState (FollowerState.java:run(117)) - 378e8ca1-a439-4b49-a1cd-52eabd12a77e@group-EF8375718EC5-FollowerState was interrupted: java.lang.InterruptedException: sleep interrupted
2019-10-09 08:01:38,139 [a4988454-66ec-443f-97d8-24dbcdced6c5@group-EF8375718EC5-LeaderElection75] INFO  impl.LeaderElection (LeaderElection.java:logAndReturn(56)) - a4988454-66ec-443f-97d8-24dbcdced6c5@group-EF8375718EC5-LeaderElection75: Election PASSED; received 1 response(s) [a4988454-66ec-443f-97d8-24dbcdced6c5<-378e8ca1-a439-4b49-a1cd-52eabd12a77e#0:OK-t2] and 1 exception(s); a4988454-66ec-443f-97d8-24dbcdced6c5@group-EF8375718EC5:t2, leader=null, voted=a4988454-66ec-443f-97d8-24dbcdced6c5, raftlog=a4988454-66ec-443f-97d8-24dbcdced6c5@group-EF8375718EC5-SegmentedRaftLog:OPENED:c14,f14,i14, conf=0: [a4988454-66ec-443f-97d8-24dbcdced6c5:192.168.30.26:33450, 378e8ca1-a439-4b49-a1cd-52eabd12a77e:192.168.30.26:45153, 47b9f0ae-ccc1-46e4-8719-b00f15f21b54:192.168.30.26:37463], old=null
2019-10-09 08:01:38,139 [a4988454-66ec-443f-97d8-24dbcdced6c5@group-EF8375718EC5-LeaderElection75] INFO  impl.LeaderElection (LogUtils.java:infoOrTrace(149)) -   Exception 0: {}
java.util.concurrent.ExecutionException: org.apache.ratis.thirdparty.io.grpc.StatusRuntimeException: UNAVAILABLE: io exception
	at java.util.concurrent.FutureTask.report(FutureTask.java:122)
	at java.util.concurrent.FutureTask.get(FutureTask.java:192)
	at org.apache.ratis.server.impl.LeaderElection.waitForResults(LeaderElection.java:259)
	at org.apache.ratis.server.impl.LeaderElection.askForVotes(LeaderElection.java:197)
	at org.apache.ratis.server.impl.LeaderElection.run(LeaderElection.java:133)
	at java.lang.Thread.run(Thread.java:748)
Caused by: org.apache.ratis.thirdparty.io.grpc.StatusRuntimeException: UNAVAILABLE: io exception
	at org.apache.ratis.thirdparty.io.grpc.stub.ClientCalls.toStatusRuntimeException(ClientCalls.java:233)
	at org.apache.ratis.thirdparty.io.grpc.stub.ClientCalls.getUnchecked(ClientCalls.java:214)
	at org.apache.ratis.thirdparty.io.grpc.stub.ClientCalls.blockingUnaryCall(ClientCalls.java:139)
	at org.apache.ratis.proto.grpc.RaftServerProtocolServiceGrpc$RaftServerProtocolServiceBlockingStub.requestVote(RaftServerProtocolServiceGrpc.java:265)
	at org.apache.ratis.grpc.server.GrpcServerProtocolClient.requestVote(GrpcServerProtocolClient.java:99)
	at org.apache.ratis.grpc.server.GrpcService.requestVote(GrpcService.java:204)
	at org.apache.ratis.server.impl.LeaderElection.lambda$submitRequests$1(LeaderElection.java:234)
	at java.util.concurrent.FutureTask.run(FutureTask.java:266)
	at java.util.concurrent.Executors$RunnableAdapter.call(Executors.java:511)
	at java.util.concurrent.FutureTask.run(FutureTask.java:266)
	at java.util.concurrent.ThreadPoolExecutor.runWorker(ThreadPoolExecutor.java:1149)
	at java.util.concurrent.ThreadPoolExecutor$Worker.run(ThreadPoolExecutor.java:624)
	... 1 more
Caused by: org.apache.ratis.thirdparty.io.netty.channel.AbstractChannel$AnnotatedConnectException: Connection refused: /192.168.30.26:37463
	at sun.nio.ch.SocketChannelImpl.checkConnect(Native Method)
	at sun.nio.ch.SocketChannelImpl.finishConnect(SocketChannelImpl.java:717)
	at org.apache.ratis.thirdparty.io.netty.channel.socket.nio.NioSocketChannel.doFinishConnect(NioSocketChannel.java:327)
	at org.apache.ratis.thirdparty.io.netty.channel.nio.AbstractNioChannel$AbstractNioUnsafe.finishConnect(AbstractNioChannel.java:340)
	at org.apache.ratis.thirdparty.io.netty.channel.nio.NioEventLoop.processSelectedKey(NioEventLoop.java:632)
	at org.apache.ratis.thirdparty.io.netty.channel.nio.NioEventLoop.processSelectedKeysOptimized(NioEventLoop.java:579)
	at org.apache.ratis.thirdparty.io.netty.channel.nio.NioEventLoop.processSelectedKeys(NioEventLoop.java:496)
	at org.apache.ratis.thirdparty.io.netty.channel.nio.NioEventLoop.run(NioEventLoop.java:458)
	at org.apache.ratis.thirdparty.io.netty.util.concurrent.SingleThreadEventExecutor$5.run(SingleThreadEventExecutor.java:897)
	at org.apache.ratis.thirdparty.io.netty.util.concurrent.FastThreadLocalRunnable.run(FastThreadLocalRunnable.java:30)
	... 1 more
Caused by: java.net.ConnectException: Connection refused
	... 11 more
2019-10-09 08:01:38,139 [a4988454-66ec-443f-97d8-24dbcdced6c5@group-EF8375718EC5-LeaderElection75] INFO  impl.RoleInfo (RoleInfo.java:shutdownLeaderElection(134)) - a4988454-66ec-443f-97d8-24dbcdced6c5: shutdown LeaderElection
2019-10-09 08:01:38,140 [a4988454-66ec-443f-97d8-24dbcdced6c5@group-EF8375718EC5-LeaderElection75] INFO  impl.RaftServerImpl (RaftServerImpl.java:setRole(170)) - a4988454-66ec-443f-97d8-24dbcdced6c5@group-EF8375718EC5: changes role from CANDIDATE to LEADER at term 2 for changeToLeader
2019-10-09 08:01:38,140 [a4988454-66ec-443f-97d8-24dbcdced6c5@group-EF8375718EC5-LeaderElection75] INFO  impl.RaftServerImpl (ServerState.java:setLeader(255)) - a4988454-66ec-443f-97d8-24dbcdced6c5@group-EF8375718EC5: change Leader from null to a4988454-66ec-443f-97d8-24dbcdced6c5 at term 2 for becomeLeader, leader elected after 42ms
2019-10-09 08:01:38,140 [a4988454-66ec-443f-97d8-24dbcdced6c5@group-EF8375718EC5-LeaderElection75] INFO  server.RaftServerConfigKeys (ConfUtils.java:logGet(43)) - raft.server.staging.catchup.gap = 1000 (default)
2019-10-09 08:01:38,140 [a4988454-66ec-443f-97d8-24dbcdced6c5@group-EF8375718EC5-LeaderElection75] INFO  server.RaftServerConfigKeys (ConfUtils.java:logGet(43)) - raft.server.rpc.sleep.time = 25ms (default)
2019-10-09 08:01:38,141 [a4988454-66ec-443f-97d8-24dbcdced6c5@group-EF8375718EC5-LeaderElection75] INFO  server.RaftServerConfigKeys (ConfUtils.java:logGet(43)) - raft.server.write.element-limit = 4096 (default)
2019-10-09 08:01:38,141 [a4988454-66ec-443f-97d8-24dbcdced6c5@group-EF8375718EC5-LeaderElection75] INFO  server.RaftServerConfigKeys (ConfUtils.java:logGet(43)) - raft.server.watch.timeout = 10s (default)
2019-10-09 08:01:38,141 [a4988454-66ec-443f-97d8-24dbcdced6c5@group-EF8375718EC5-LeaderElection75] INFO  server.RaftServerConfigKeys (ConfUtils.java:logGet(43)) - raft.server.watch.timeout.denomination = 1s (default)
2019-10-09 08:01:38,141 [a4988454-66ec-443f-97d8-24dbcdced6c5@group-EF8375718EC5-LeaderElection75] INFO  server.RaftServerConfigKeys (ConfUtils.java:logGet(43)) - raft.server.watch.element-limit = 65536 (default)
2019-10-09 08:01:38,146 [a4988454-66ec-443f-97d8-24dbcdced6c5@group-EF8375718EC5-LeaderElection75] INFO  server.RaftServerConfigKeys (ConfUtils.java:logGet(43)) - raft.server.log.appender.snapshot.chunk.size.max = 16MB (=16777216) (default)
2019-10-09 08:01:38,147 [a4988454-66ec-443f-97d8-24dbcdced6c5@group-EF8375718EC5-LeaderElection75] INFO  server.RaftServerConfigKeys (ConfUtils.java:logGet(43)) - raft.server.log.appender.buffer.byte-limit = 33554432 (custom)
2019-10-09 08:01:38,147 [a4988454-66ec-443f-97d8-24dbcdced6c5@group-EF8375718EC5-LeaderElection75] INFO  server.RaftServerConfigKeys (ConfUtils.java:logGet(43)) - raft.server.log.appender.buffer.element-limit = 1 (custom)
2019-10-09 08:01:38,147 [a4988454-66ec-443f-97d8-24dbcdced6c5@group-EF8375718EC5-LeaderElection75] INFO  grpc.GrpcConfigKeys$Server (ConfUtils.java:logGet(43)) - raft.grpc.server.leader.outstanding.appends.max = 128 (default)
2019-10-09 08:01:38,148 [a4988454-66ec-443f-97d8-24dbcdced6c5@group-EF8375718EC5-LeaderElection75] INFO  server.RaftServerConfigKeys (ConfUtils.java:logGet(43)) - raft.server.rpc.request.timeout = 3000ms (default)
2019-10-09 08:01:38,148 [a4988454-66ec-443f-97d8-24dbcdced6c5@group-EF8375718EC5-LeaderElection75] INFO  server.RaftServerConfigKeys (ConfUtils.java:logGet(43)) - raft.server.log.appender.install.snapshot.enabled = false (custom)
2019-10-09 08:01:38,148 [a4988454-66ec-443f-97d8-24dbcdced6c5@group-EF8375718EC5-LeaderElection75] INFO  server.RaftServerConfigKeys (ConfUtils.java:logGet(43)) - raft.server.log.appender.snapshot.chunk.size.max = 16MB (=16777216) (default)
2019-10-09 08:01:38,148 [a4988454-66ec-443f-97d8-24dbcdced6c5@group-EF8375718EC5-LeaderElection75] INFO  server.RaftServerConfigKeys (ConfUtils.java:logGet(43)) - raft.server.log.appender.buffer.byte-limit = 33554432 (custom)
2019-10-09 08:01:38,149 [a4988454-66ec-443f-97d8-24dbcdced6c5@group-EF8375718EC5-LeaderElection75] INFO  server.RaftServerConfigKeys (ConfUtils.java:logGet(43)) - raft.server.log.appender.buffer.element-limit = 1 (custom)
2019-10-09 08:01:38,149 [a4988454-66ec-443f-97d8-24dbcdced6c5@group-EF8375718EC5-LeaderElection75] INFO  grpc.GrpcConfigKeys$Server (ConfUtils.java:logGet(43)) - raft.grpc.server.leader.outstanding.appends.max = 128 (default)
2019-10-09 08:01:38,149 [a4988454-66ec-443f-97d8-24dbcdced6c5@group-EF8375718EC5-LeaderElection75] INFO  server.RaftServerConfigKeys (ConfUtils.java:logGet(43)) - raft.server.rpc.request.timeout = 3000ms (default)
2019-10-09 08:01:38,149 [a4988454-66ec-443f-97d8-24dbcdced6c5@group-EF8375718EC5-LeaderElection75] INFO  server.RaftServerConfigKeys (ConfUtils.java:logGet(43)) - raft.server.log.appender.install.snapshot.enabled = false (custom)
2019-10-09 08:01:38,150 [a4988454-66ec-443f-97d8-24dbcdced6c5@group-EF8375718EC5-LeaderElection75] INFO  impl.RoleInfo (RoleInfo.java:updateAndGet(143)) - a4988454-66ec-443f-97d8-24dbcdced6c5: start LeaderState
2019-10-09 08:01:38,150 [a4988454-66ec-443f-97d8-24dbcdced6c5@group-EF8375718EC5-LeaderElection75] INFO  segmented.SegmentedRaftLogWorker (SegmentedRaftLogWorker.java:rollLogSegment(390)) - a4988454-66ec-443f-97d8-24dbcdced6c5@group-EF8375718EC5-SegmentedRaftLogWorker: Rolling segment log-0_14 to index:14
2019-10-09 08:01:38,151 [a4988454-66ec-443f-97d8-24dbcdced6c5@group-EF8375718EC5-LeaderElection75] INFO  impl.RaftServerImpl (ServerState.java:setRaftConf(356)) - a4988454-66ec-443f-97d8-24dbcdced6c5@group-EF8375718EC5: set configuration 15: [a4988454-66ec-443f-97d8-24dbcdced6c5:192.168.30.26:33450, 378e8ca1-a439-4b49-a1cd-52eabd12a77e:192.168.30.26:45153, 47b9f0ae-ccc1-46e4-8719-b00f15f21b54:192.168.30.26:37463], old=null at 15
2019-10-09 08:01:38,152 [a4988454-66ec-443f-97d8-24dbcdced6c5@group-EF8375718EC5-SegmentedRaftLogWorker] INFO  segmented.SegmentedRaftLogWorker (SegmentedRaftLogWorker.java:execute(531)) - a4988454-66ec-443f-97d8-24dbcdced6c5@group-EF8375718EC5-SegmentedRaftLogWorker: Rolled log segment from /workdir/hadoop-ozone/integration-test/target/test-dir/MiniOzoneClusterImpl-4df022c4-1e45-4101-a2a2-7a234f72b8c5/datanode-5/data/ratis/fb31f444-c33b-4c0e-ab12-ef8375718ec5/current/log_inprogress_0 to /workdir/hadoop-ozone/integration-test/target/test-dir/MiniOzoneClusterImpl-4df022c4-1e45-4101-a2a2-7a234f72b8c5/datanode-5/data/ratis/fb31f444-c33b-4c0e-ab12-ef8375718ec5/current/log_0-14
2019-10-09 08:01:38,152 [grpc-default-executor-6] WARN  server.GrpcLogAppender (LogUtils.java:warn(134)) - a4988454-66ec-443f-97d8-24dbcdced6c5@group-EF8375718EC5->47b9f0ae-ccc1-46e4-8719-b00f15f21b54-AppendLogResponseHandler: Failed appendEntries: org.apache.ratis.thirdparty.io.grpc.StatusRuntimeException: UNAVAILABLE: io exception
2019-10-09 08:01:38,154 [grpc-default-executor-6] INFO  impl.FollowerInfo (FollowerInfo.java:lambda$new$0(51)) - a4988454-66ec-443f-97d8-24dbcdced6c5@group-EF8375718EC5->47b9f0ae-ccc1-46e4-8719-b00f15f21b54: nextIndex: updateUnconditionally 15 -> 1
2019-10-09 08:01:38,154 [grpc-default-executor-7] INFO  impl.RaftServerImpl (ServerState.java:setLeader(255)) - 378e8ca1-a439-4b49-a1cd-52eabd12a77e@group-EF8375718EC5: change Leader from null to a4988454-66ec-443f-97d8-24dbcdced6c5 at term 2 for appendEntries, leader elected after 34ms
2019-10-09 08:01:38,193 [grpc-default-executor-7] INFO  impl.RaftServerImpl (ServerState.java:setRaftConf(356)) - 378e8ca1-a439-4b49-a1cd-52eabd12a77e@group-EF8375718EC5: set configuration 15: [a4988454-66ec-443f-97d8-24dbcdced6c5:192.168.30.26:33450, 378e8ca1-a439-4b49-a1cd-52eabd12a77e:192.168.30.26:45153, 47b9f0ae-ccc1-46e4-8719-b00f15f21b54:192.168.30.26:37463], old=null at 15
2019-10-09 08:01:38,193 [grpc-default-executor-7] INFO  segmented.SegmentedRaftLogWorker (SegmentedRaftLogWorker.java:rollLogSegment(390)) - 378e8ca1-a439-4b49-a1cd-52eabd12a77e@group-EF8375718EC5-SegmentedRaftLogWorker: Rolling segment log-0_14 to index:14
2019-10-09 08:01:38,194 [378e8ca1-a439-4b49-a1cd-52eabd12a77e@group-EF8375718EC5-SegmentedRaftLogWorker] INFO  segmented.SegmentedRaftLogWorker (SegmentedRaftLogWorker.java:execute(531)) - 378e8ca1-a439-4b49-a1cd-52eabd12a77e@group-EF8375718EC5-SegmentedRaftLogWorker: Rolled log segment from /workdir/hadoop-ozone/integration-test/target/test-dir/MiniOzoneClusterImpl-4df022c4-1e45-4101-a2a2-7a234f72b8c5/datanode-3/data/ratis/fb31f444-c33b-4c0e-ab12-ef8375718ec5/current/log_inprogress_0 to /workdir/hadoop-ozone/integration-test/target/test-dir/MiniOzoneClusterImpl-4df022c4-1e45-4101-a2a2-7a234f72b8c5/datanode-3/data/ratis/fb31f444-c33b-4c0e-ab12-ef8375718ec5/current/log_0-14
2019-10-09 08:01:38,212 [a4988454-66ec-443f-97d8-24dbcdced6c5@group-EF8375718EC5-SegmentedRaftLogWorker] INFO  segmented.SegmentedRaftLogWorker (SegmentedRaftLogWorker.java:execute(574)) - a4988454-66ec-443f-97d8-24dbcdced6c5@group-EF8375718EC5-SegmentedRaftLogWorker: created new log segment /workdir/hadoop-ozone/integration-test/target/test-dir/MiniOzoneClusterImpl-4df022c4-1e45-4101-a2a2-7a234f72b8c5/datanode-5/data/ratis/fb31f444-c33b-4c0e-ab12-ef8375718ec5/current/log_inprogress_15
2019-10-09 08:01:38,233 [378e8ca1-a439-4b49-a1cd-52eabd12a77e@group-EF8375718EC5-SegmentedRaftLogWorker] INFO  segmented.SegmentedRaftLogWorker (SegmentedRaftLogWorker.java:execute(574)) - 378e8ca1-a439-4b49-a1cd-52eabd12a77e@group-EF8375718EC5-SegmentedRaftLogWorker: created new log segment /workdir/hadoop-ozone/integration-test/target/test-dir/MiniOzoneClusterImpl-4df022c4-1e45-4101-a2a2-7a234f72b8c5/datanode-3/data/ratis/fb31f444-c33b-4c0e-ab12-ef8375718ec5/current/log_inprogress_15
2019-10-09 08:01:38,248 [grpc-default-executor-8] WARN  server.GrpcLogAppender (LogUtils.java:warn(134)) - a4988454-66ec-443f-97d8-24dbcdced6c5@group-EF8375718EC5->47b9f0ae-ccc1-46e4-8719-b00f15f21b54-AppendLogResponseHandler: Failed appendEntries: org.apache.ratis.thirdparty.io.grpc.StatusRuntimeException: UNAVAILABLE: io exception
2019-10-09 08:01:38,248 [grpc-default-executor-8] INFO  impl.FollowerInfo (FollowerInfo.java:lambda$new$0(51)) - a4988454-66ec-443f-97d8-24dbcdced6c5@group-EF8375718EC5->47b9f0ae-ccc1-46e4-8719-b00f15f21b54: nextIndex: updateUnconditionally 2 -> 1
08:01:38.448 [grpc-default-executor-8] ERROR DNAudit - user=null | ip=null | op=WRITE_CHUNK {blockData=conID: 1 locID: 102931371043782669 bcsId: 13} | ret=FAILURE
org.apache.hadoop.hdds.scm.container.common.helpers.ContainerNotOpenException: Container 1 in CLOSING state
	at org.apache.hadoop.ozone.container.common.impl.HddsDispatcher.validateContainerCommand(HddsDispatcher.java:436) ~[hadoop-hdds-container-service-0.5.0-SNAPSHOT.jar:?]
	at org.apache.hadoop.ozone.container.common.transport.server.ratis.ContainerStateMachine.startTransaction(ContainerStateMachine.java:320) ~[hadoop-hdds-container-service-0.5.0-SNAPSHOT.jar:?]
	at org.apache.ratis.server.impl.RaftServerImpl.submitClientRequestAsync(RaftServerImpl.java:569) ~[ratis-server-0.5.0-201fc85-SNAPSHOT.jar:0.5.0-201fc85-SNAPSHOT]
	at org.apache.ratis.server.impl.RaftServerProxy.lambda$submitClientRequestAsync$7(RaftServerProxy.java:333) ~[ratis-server-0.5.0-201fc85-SNAPSHOT.jar:0.5.0-201fc85-SNAPSHOT]
	at org.apache.ratis.server.impl.RaftServerProxy.lambda$null$5(RaftServerProxy.java:328) ~[ratis-server-0.5.0-201fc85-SNAPSHOT.jar:0.5.0-201fc85-SNAPSHOT]
	at org.apache.ratis.util.JavaUtils.callAsUnchecked(JavaUtils.java:109) ~[ratis-common-0.5.0-201fc85-SNAPSHOT.jar:0.5.0-201fc85-SNAPSHOT]
	at org.apache.ratis.server.impl.RaftServerProxy.lambda$submitRequest$6(RaftServerProxy.java:328) ~[ratis-server-0.5.0-201fc85-SNAPSHOT.jar:0.5.0-201fc85-SNAPSHOT]
	at java.util.concurrent.CompletableFuture.uniComposeStage(CompletableFuture.java:981) ~[?:1.8.0_212]
	at java.util.concurrent.CompletableFuture.thenCompose(CompletableFuture.java:2124) ~[?:1.8.0_212]
	at org.apache.ratis.server.impl.RaftServerProxy.submitRequest(RaftServerProxy.java:327) ~[ratis-server-0.5.0-201fc85-SNAPSHOT.jar:0.5.0-201fc85-SNAPSHOT]
	at org.apache.ratis.server.impl.RaftServerProxy.submitClientRequestAsync(RaftServerProxy.java:333) ~[ratis-server-0.5.0-201fc85-SNAPSHOT.jar:0.5.0-201fc85-SNAPSHOT]
	at org.apache.ratis.grpc.client.GrpcClientProtocolService$RequestStreamObserver.processClientRequest(GrpcClientProtocolService.java:220) ~[ratis-grpc-0.5.0-201fc85-SNAPSHOT.jar:0.5.0-201fc85-SNAPSHOT]
	at org.apache.ratis.grpc.client.GrpcClientProtocolService$OrderedRequestStreamObserver.processClientRequest(GrpcClientProtocolService.java:326) ~[ratis-grpc-0.5.0-201fc85-SNAPSHOT.jar:0.5.0-201fc85-SNAPSHOT]
	at org.apache.ratis.util.SlidingWindow$Server.processRequestsFromHead(SlidingWindow.java:429) [ratis-common-0.5.0-201fc85-SNAPSHOT.jar:0.5.0-201fc85-SNAPSHOT]
	at org.apache.ratis.util.SlidingWindow$Server.receivedRequest(SlidingWindow.java:421) [ratis-common-0.5.0-201fc85-SNAPSHOT.jar:0.5.0-201fc85-SNAPSHOT]
	at org.apache.ratis.grpc.client.GrpcClientProtocolService$OrderedRequestStreamObserver.processClientRequest(GrpcClientProtocolService.java:345) [ratis-grpc-0.5.0-201fc85-SNAPSHOT.jar:0.5.0-201fc85-SNAPSHOT]
	at org.apache.ratis.grpc.client.GrpcClientProtocolService$RequestStreamObserver.onNext(GrpcClientProtocolService.java:240) [ratis-grpc-0.5.0-201fc85-SNAPSHOT.jar:0.5.0-201fc85-SNAPSHOT]
	at org.apache.ratis.grpc.client.GrpcClientProtocolService$RequestStreamObserver.onNext(GrpcClientProtocolService.java:168) [ratis-grpc-0.5.0-201fc85-SNAPSHOT.jar:0.5.0-201fc85-SNAPSHOT]
	at org.apache.ratis.thirdparty.io.grpc.stub.ServerCalls$StreamingServerCallHandler$StreamingServerCallListener.onMessage(ServerCalls.java:248) [ratis-thirdparty-misc-0.2.0.jar:0.2.0]
	at org.apache.ratis.thirdparty.io.grpc.internal.ServerCallImpl$ServerStreamListenerImpl.messagesAvailable(ServerCallImpl.java:263) [ratis-thirdparty-misc-0.2.0.jar:0.2.0]
	at org.apache.ratis.thirdparty.io.grpc.internal.ServerImpl$JumpToApplicationThreadServerStreamListener$1MessagesAvailable.runInContext(ServerImpl.java:686) [ratis-thirdparty-misc-0.2.0.jar:0.2.0]
	at org.apache.ratis.thirdparty.io.grpc.internal.ContextRunnable.run(ContextRunnable.java:37) [ratis-thirdparty-misc-0.2.0.jar:0.2.0]
	at org.apache.ratis.thirdparty.io.grpc.internal.SerializingExecutor.run(SerializingExecutor.java:123) [ratis-thirdparty-misc-0.2.0.jar:0.2.0]
	at java.util.concurrent.ThreadPoolExecutor.runWorker(ThreadPoolExecutor.java:1149) [?:1.8.0_212]
	at java.util.concurrent.ThreadPoolExecutor$Worker.run(ThreadPoolExecutor.java:624) [?:1.8.0_212]
	at java.lang.Thread.run(Thread.java:748) [?:1.8.0_212]
08:01:38.461 [grpc-default-executor-7] ERROR DNAudit - user=null | ip=null | op=WRITE_CHUNK {blockData=conID: 1 locID: 102931371043782669 bcsId: 13} | ret=FAILURE
org.apache.hadoop.hdds.scm.container.common.helpers.ContainerNotOpenException: Container 1 in CLOSING state
	at org.apache.hadoop.ozone.container.common.impl.HddsDispatcher.validateContainerCommand(HddsDispatcher.java:436) ~[hadoop-hdds-container-service-0.5.0-SNAPSHOT.jar:?]
	at org.apache.hadoop.ozone.container.common.transport.server.ratis.ContainerStateMachine.startTransaction(ContainerStateMachine.java:320) ~[hadoop-hdds-container-service-0.5.0-SNAPSHOT.jar:?]
	at org.apache.ratis.server.impl.RaftServerImpl.submitClientRequestAsync(RaftServerImpl.java:569) ~[ratis-server-0.5.0-201fc85-SNAPSHOT.jar:0.5.0-201fc85-SNAPSHOT]
	at org.apache.ratis.server.impl.RaftServerProxy.lambda$submitClientRequestAsync$7(RaftServerProxy.java:333) ~[ratis-server-0.5.0-201fc85-SNAPSHOT.jar:0.5.0-201fc85-SNAPSHOT]
	at org.apache.ratis.server.impl.RaftServerProxy.lambda$null$5(RaftServerProxy.java:328) ~[ratis-server-0.5.0-201fc85-SNAPSHOT.jar:0.5.0-201fc85-SNAPSHOT]
	at org.apache.ratis.util.JavaUtils.callAsUnchecked(JavaUtils.java:109) ~[ratis-common-0.5.0-201fc85-SNAPSHOT.jar:0.5.0-201fc85-SNAPSHOT]
	at org.apache.ratis.server.impl.RaftServerProxy.lambda$submitRequest$6(RaftServerProxy.java:328) ~[ratis-server-0.5.0-201fc85-SNAPSHOT.jar:0.5.0-201fc85-SNAPSHOT]
	at java.util.concurrent.CompletableFuture.uniComposeStage(CompletableFuture.java:981) ~[?:1.8.0_212]
	at java.util.concurrent.CompletableFuture.thenCompose(CompletableFuture.java:2124) ~[?:1.8.0_212]
	at org.apache.ratis.server.impl.RaftServerProxy.submitRequest(RaftServerProxy.java:327) ~[ratis-server-0.5.0-201fc85-SNAPSHOT.jar:0.5.0-201fc85-SNAPSHOT]
	at org.apache.ratis.server.impl.RaftServerProxy.submitClientRequestAsync(RaftServerProxy.java:333) ~[ratis-server-0.5.0-201fc85-SNAPSHOT.jar:0.5.0-201fc85-SNAPSHOT]
	at org.apache.ratis.grpc.client.GrpcClientProtocolService$RequestStreamObserver.processClientRequest(GrpcClientProtocolService.java:220) ~[ratis-grpc-0.5.0-201fc85-SNAPSHOT.jar:0.5.0-201fc85-SNAPSHOT]
	at org.apache.ratis.grpc.client.GrpcClientProtocolService$OrderedRequestStreamObserver.processClientRequest(GrpcClientProtocolService.java:326) ~[ratis-grpc-0.5.0-201fc85-SNAPSHOT.jar:0.5.0-201fc85-SNAPSHOT]
	at org.apache.ratis.util.SlidingWindow$Server.processRequestsFromHead(SlidingWindow.java:429) [ratis-common-0.5.0-201fc85-SNAPSHOT.jar:0.5.0-201fc85-SNAPSHOT]
	at org.apache.ratis.util.SlidingWindow$Server.receivedRequest(SlidingWindow.java:421) [ratis-common-0.5.0-201fc85-SNAPSHOT.jar:0.5.0-201fc85-SNAPSHOT]
	at org.apache.ratis.grpc.client.GrpcClientProtocolService$OrderedRequestStreamObserver.processClientRequest(GrpcClientProtocolService.java:345) [ratis-grpc-0.5.0-201fc85-SNAPSHOT.jar:0.5.0-201fc85-SNAPSHOT]
	at org.apache.ratis.grpc.client.GrpcClientProtocolService$RequestStreamObserver.onNext(GrpcClientProtocolService.java:240) [ratis-grpc-0.5.0-201fc85-SNAPSHOT.jar:0.5.0-201fc85-SNAPSHOT]
	at org.apache.ratis.grpc.client.GrpcClientProtocolService$RequestStreamObserver.onNext(GrpcClientProtocolService.java:168) [ratis-grpc-0.5.0-201fc85-SNAPSHOT.jar:0.5.0-201fc85-SNAPSHOT]
	at org.apache.ratis.thirdparty.io.grpc.stub.ServerCalls$StreamingServerCallHandler$StreamingServerCallListener.onMessage(ServerCalls.java:248) [ratis-thirdparty-misc-0.2.0.jar:0.2.0]
	at org.apache.ratis.thirdparty.io.grpc.internal.ServerCallImpl$ServerStreamListenerImpl.messagesAvailable(ServerCallImpl.java:263) [ratis-thirdparty-misc-0.2.0.jar:0.2.0]
	at org.apache.ratis.thirdparty.io.grpc.internal.ServerImpl$JumpToApplicationThreadServerStreamListener$1MessagesAvailable.runInContext(ServerImpl.java:686) [ratis-thirdparty-misc-0.2.0.jar:0.2.0]
	at org.apache.ratis.thirdparty.io.grpc.internal.ContextRunnable.run(ContextRunnable.java:37) [ratis-thirdparty-misc-0.2.0.jar:0.2.0]
	at org.apache.ratis.thirdparty.io.grpc.internal.SerializingExecutor.run(SerializingExecutor.java:123) [ratis-thirdparty-misc-0.2.0.jar:0.2.0]
	at java.util.concurrent.ThreadPoolExecutor.runWorker(ThreadPoolExecutor.java:1149) [?:1.8.0_212]
	at java.util.concurrent.ThreadPoolExecutor$Worker.run(ThreadPoolExecutor.java:624) [?:1.8.0_212]
	at java.lang.Thread.run(Thread.java:748) [?:1.8.0_212]
08:01:38.464 [grpc-default-executor-7] ERROR DNAudit - user=null | ip=null | op=PUT_BLOCK {blockData=[blockId=conID: 1 locID: 102931371043782669 bcsId: 0,size=650]} | ret=FAILURE
org.apache.hadoop.hdds.scm.container.common.helpers.ContainerNotOpenException: Container 1 in CLOSING state
	at org.apache.hadoop.ozone.container.common.impl.HddsDispatcher.validateContainerCommand(HddsDispatcher.java:436) ~[hadoop-hdds-container-service-0.5.0-SNAPSHOT.jar:?]
	at org.apache.hadoop.ozone.container.common.transport.server.ratis.ContainerStateMachine.startTransaction(ContainerStateMachine.java:320) ~[hadoop-hdds-container-service-0.5.0-SNAPSHOT.jar:?]
	at org.apache.ratis.server.impl.RaftServerImpl.submitClientRequestAsync(RaftServerImpl.java:569) ~[ratis-server-0.5.0-201fc85-SNAPSHOT.jar:0.5.0-201fc85-SNAPSHOT]
	at org.apache.ratis.server.impl.RaftServerProxy.lambda$submitClientRequestAsync$7(RaftServerProxy.java:333) ~[ratis-server-0.5.0-201fc85-SNAPSHOT.jar:0.5.0-201fc85-SNAPSHOT]
	at org.apache.ratis.server.impl.RaftServerProxy.lambda$null$5(RaftServerProxy.java:328) ~[ratis-server-0.5.0-201fc85-SNAPSHOT.jar:0.5.0-201fc85-SNAPSHOT]
	at org.apache.ratis.util.JavaUtils.callAsUnchecked(JavaUtils.java:109) ~[ratis-common-0.5.0-201fc85-SNAPSHOT.jar:0.5.0-201fc85-SNAPSHOT]
	at org.apache.ratis.server.impl.RaftServerProxy.lambda$submitRequest$6(RaftServerProxy.java:328) ~[ratis-server-0.5.0-201fc85-SNAPSHOT.jar:0.5.0-201fc85-SNAPSHOT]
	at java.util.concurrent.CompletableFuture.uniComposeStage(CompletableFuture.java:981) ~[?:1.8.0_212]
	at java.util.concurrent.CompletableFuture.thenCompose(CompletableFuture.java:2124) ~[?:1.8.0_212]
	at org.apache.ratis.server.impl.RaftServerProxy.submitRequest(RaftServerProxy.java:327) ~[ratis-server-0.5.0-201fc85-SNAPSHOT.jar:0.5.0-201fc85-SNAPSHOT]
	at org.apache.ratis.server.impl.RaftServerProxy.submitClientRequestAsync(RaftServerProxy.java:333) ~[ratis-server-0.5.0-201fc85-SNAPSHOT.jar:0.5.0-201fc85-SNAPSHOT]
	at org.apache.ratis.grpc.client.GrpcClientProtocolService$RequestStreamObserver.processClientRequest(GrpcClientProtocolService.java:220) ~[ratis-grpc-0.5.0-201fc85-SNAPSHOT.jar:0.5.0-201fc85-SNAPSHOT]
	at org.apache.ratis.grpc.client.GrpcClientProtocolService$OrderedRequestStreamObserver.processClientRequest(GrpcClientProtocolService.java:326) ~[ratis-grpc-0.5.0-201fc85-SNAPSHOT.jar:0.5.0-201fc85-SNAPSHOT]
	at org.apache.ratis.util.SlidingWindow$Server.processRequestsFromHead(SlidingWindow.java:429) [ratis-common-0.5.0-201fc85-SNAPSHOT.jar:0.5.0-201fc85-SNAPSHOT]
	at org.apache.ratis.util.SlidingWindow$Server.receivedRequest(SlidingWindow.java:421) [ratis-common-0.5.0-201fc85-SNAPSHOT.jar:0.5.0-201fc85-SNAPSHOT]
	at org.apache.ratis.grpc.client.GrpcClientProtocolService$OrderedRequestStreamObserver.processClientRequest(GrpcClientProtocolService.java:345) [ratis-grpc-0.5.0-201fc85-SNAPSHOT.jar:0.5.0-201fc85-SNAPSHOT]
	at org.apache.ratis.grpc.client.GrpcClientProtocolService$RequestStreamObserver.onNext(GrpcClientProtocolService.java:240) [ratis-grpc-0.5.0-201fc85-SNAPSHOT.jar:0.5.0-201fc85-SNAPSHOT]
	at org.apache.ratis.grpc.client.GrpcClientProtocolService$RequestStreamObserver.onNext(GrpcClientProtocolService.java:168) [ratis-grpc-0.5.0-201fc85-SNAPSHOT.jar:0.5.0-201fc85-SNAPSHOT]
	at org.apache.ratis.thirdparty.io.grpc.stub.ServerCalls$StreamingServerCallHandler$StreamingServerCallListener.onMessage(ServerCalls.java:248) [ratis-thirdparty-misc-0.2.0.jar:0.2.0]
	at org.apache.ratis.thirdparty.io.grpc.internal.ServerCallImpl$ServerStreamListenerImpl.messagesAvailable(ServerCallImpl.java:263) [ratis-thirdparty-misc-0.2.0.jar:0.2.0]
	at org.apache.ratis.thirdparty.io.grpc.internal.ServerImpl$JumpToApplicationThreadServerStreamListener$1MessagesAvailable.runInContext(ServerImpl.java:686) [ratis-thirdparty-misc-0.2.0.jar:0.2.0]
	at org.apache.ratis.thirdparty.io.grpc.internal.ContextRunnable.run(ContextRunnable.java:37) [ratis-thirdparty-misc-0.2.0.jar:0.2.0]
	at org.apache.ratis.thirdparty.io.grpc.internal.SerializingExecutor.run(SerializingExecutor.java:123) [ratis-thirdparty-misc-0.2.0.jar:0.2.0]
	at java.util.concurrent.ThreadPoolExecutor.runWorker(ThreadPoolExecutor.java:1149) [?:1.8.0_212]
	at java.util.concurrent.ThreadPoolExecutor$Worker.run(ThreadPoolExecutor.java:624) [?:1.8.0_212]
	at java.lang.Thread.run(Thread.java:748) [?:1.8.0_212]
08:01:38.474 [grpc-default-executor-7] ERROR DNAudit - user=null | ip=null | op=WRITE_CHUNK {blockData=conID: 1 locID: 102931371043782669 bcsId: 13} | ret=FAILURE
org.apache.hadoop.hdds.scm.container.common.helpers.ContainerNotOpenException: Container 1 in CLOSING state
	at org.apache.hadoop.ozone.container.common.impl.HddsDispatcher.validateContainerCommand(HddsDispatcher.java:436) ~[hadoop-hdds-container-service-0.5.0-SNAPSHOT.jar:?]
	at org.apache.hadoop.ozone.container.common.transport.server.ratis.ContainerStateMachine.startTransaction(ContainerStateMachine.java:320) ~[hadoop-hdds-container-service-0.5.0-SNAPSHOT.jar:?]
	at org.apache.ratis.server.impl.RaftServerImpl.submitClientRequestAsync(RaftServerImpl.java:569) ~[ratis-server-0.5.0-201fc85-SNAPSHOT.jar:0.5.0-201fc85-SNAPSHOT]
	at org.apache.ratis.server.impl.RaftServerProxy.lambda$submitClientRequestAsync$7(RaftServerProxy.java:333) ~[ratis-server-0.5.0-201fc85-SNAPSHOT.jar:0.5.0-201fc85-SNAPSHOT]
	at org.apache.ratis.server.impl.RaftServerProxy.lambda$null$5(RaftServerProxy.java:328) ~[ratis-server-0.5.0-201fc85-SNAPSHOT.jar:0.5.0-201fc85-SNAPSHOT]
	at org.apache.ratis.util.JavaUtils.callAsUnchecked(JavaUtils.java:109) ~[ratis-common-0.5.0-201fc85-SNAPSHOT.jar:0.5.0-201fc85-SNAPSHOT]
	at org.apache.ratis.server.impl.RaftServerProxy.lambda$submitRequest$6(RaftServerProxy.java:328) ~[ratis-server-0.5.0-201fc85-SNAPSHOT.jar:0.5.0-201fc85-SNAPSHOT]
	at java.util.concurrent.CompletableFuture.uniComposeStage(CompletableFuture.java:981) ~[?:1.8.0_212]
	at java.util.concurrent.CompletableFuture.thenCompose(CompletableFuture.java:2124) ~[?:1.8.0_212]
	at org.apache.ratis.server.impl.RaftServerProxy.submitRequest(RaftServerProxy.java:327) ~[ratis-server-0.5.0-201fc85-SNAPSHOT.jar:0.5.0-201fc85-SNAPSHOT]
	at org.apache.ratis.server.impl.RaftServerProxy.submitClientRequestAsync(RaftServerProxy.java:333) ~[ratis-server-0.5.0-201fc85-SNAPSHOT.jar:0.5.0-201fc85-SNAPSHOT]
	at org.apache.ratis.grpc.client.GrpcClientProtocolService$RequestStreamObserver.processClientRequest(GrpcClientProtocolService.java:220) ~[ratis-grpc-0.5.0-201fc85-SNAPSHOT.jar:0.5.0-201fc85-SNAPSHOT]
	at org.apache.ratis.grpc.client.GrpcClientProtocolService$OrderedRequestStreamObserver.processClientRequest(GrpcClientProtocolService.java:326) ~[ratis-grpc-0.5.0-201fc85-SNAPSHOT.jar:0.5.0-201fc85-SNAPSHOT]
	at org.apache.ratis.util.SlidingWindow$Server.processRequestsFromHead(SlidingWindow.java:429) [ratis-common-0.5.0-201fc85-SNAPSHOT.jar:0.5.0-201fc85-SNAPSHOT]
	at org.apache.ratis.util.SlidingWindow$Server.receivedRequest(SlidingWindow.java:421) [ratis-common-0.5.0-201fc85-SNAPSHOT.jar:0.5.0-201fc85-SNAPSHOT]
	at org.apache.ratis.grpc.client.GrpcClientProtocolService$OrderedRequestStreamObserver.processClientRequest(GrpcClientProtocolService.java:345) [ratis-grpc-0.5.0-201fc85-SNAPSHOT.jar:0.5.0-201fc85-SNAPSHOT]
	at org.apache.ratis.grpc.client.GrpcClientProtocolService$RequestStreamObserver.onNext(GrpcClientProtocolService.java:240) [ratis-grpc-0.5.0-201fc85-SNAPSHOT.jar:0.5.0-201fc85-SNAPSHOT]
	at org.apache.ratis.grpc.client.GrpcClientProtocolService$RequestStreamObserver.onNext(GrpcClientProtocolService.java:168) [ratis-grpc-0.5.0-201fc85-SNAPSHOT.jar:0.5.0-201fc85-SNAPSHOT]
	at org.apache.ratis.thirdparty.io.grpc.stub.ServerCalls$StreamingServerCallHandler$StreamingServerCallListener.onMessage(ServerCalls.java:248) [ratis-thirdparty-misc-0.2.0.jar:0.2.0]
	at org.apache.ratis.thirdparty.io.grpc.internal.ServerCallImpl$ServerStreamListenerImpl.messagesAvailable(ServerCallImpl.java:263) [ratis-thirdparty-misc-0.2.0.jar:0.2.0]
	at org.apache.ratis.thirdparty.io.grpc.internal.ServerImpl$JumpToApplicationThreadServerStreamListener$1MessagesAvailable.runInContext(ServerImpl.java:686) [ratis-thirdparty-misc-0.2.0.jar:0.2.0]
	at org.apache.ratis.thirdparty.io.grpc.internal.ContextRunnable.run(ContextRunnable.java:37) [ratis-thirdparty-misc-0.2.0.jar:0.2.0]
	at org.apache.ratis.thirdparty.io.grpc.internal.SerializingExecutor.run(SerializingExecutor.java:123) [ratis-thirdparty-misc-0.2.0.jar:0.2.0]
	at java.util.concurrent.ThreadPoolExecutor.runWorker(ThreadPoolExecutor.java:1149) [?:1.8.0_212]
	at java.util.concurrent.ThreadPoolExecutor$Worker.run(ThreadPoolExecutor.java:624) [?:1.8.0_212]
	at java.lang.Thread.run(Thread.java:748) [?:1.8.0_212]
08:01:38.476 [grpc-default-executor-7] ERROR DNAudit - user=null | ip=null | op=WRITE_CHUNK {blockData=conID: 1 locID: 102931371043782669 bcsId: 13} | ret=FAILURE
org.apache.hadoop.hdds.scm.container.common.helpers.ContainerNotOpenException: Container 1 in CLOSING state
	at org.apache.hadoop.ozone.container.common.impl.HddsDispatcher.validateContainerCommand(HddsDispatcher.java:436) ~[hadoop-hdds-container-service-0.5.0-SNAPSHOT.jar:?]
	at org.apache.hadoop.ozone.container.common.transport.server.ratis.ContainerStateMachine.startTransaction(ContainerStateMachine.java:320) ~[hadoop-hdds-container-service-0.5.0-SNAPSHOT.jar:?]
	at org.apache.ratis.server.impl.RaftServerImpl.submitClientRequestAsync(RaftServerImpl.java:569) ~[ratis-server-0.5.0-201fc85-SNAPSHOT.jar:0.5.0-201fc85-SNAPSHOT]
	at org.apache.ratis.server.impl.RaftServerProxy.lambda$submitClientRequestAsync$7(RaftServerProxy.java:333) ~[ratis-server-0.5.0-201fc85-SNAPSHOT.jar:0.5.0-201fc85-SNAPSHOT]
	at org.apache.ratis.server.impl.RaftServerProxy.lambda$null$5(RaftServerProxy.java:328) ~[ratis-server-0.5.0-201fc85-SNAPSHOT.jar:0.5.0-201fc85-SNAPSHOT]
	at org.apache.ratis.util.JavaUtils.callAsUnchecked(JavaUtils.java:109) ~[ratis-common-0.5.0-201fc85-SNAPSHOT.jar:0.5.0-201fc85-SNAPSHOT]
	at org.apache.ratis.server.impl.RaftServerProxy.lambda$submitRequest$6(RaftServerProxy.java:328) ~[ratis-server-0.5.0-201fc85-SNAPSHOT.jar:0.5.0-201fc85-SNAPSHOT]
	at java.util.concurrent.CompletableFuture.uniComposeStage(CompletableFuture.java:981) ~[?:1.8.0_212]
	at java.util.concurrent.CompletableFuture.thenCompose(CompletableFuture.java:2124) ~[?:1.8.0_212]
	at org.apache.ratis.server.impl.RaftServerProxy.submitRequest(RaftServerProxy.java:327) ~[ratis-server-0.5.0-201fc85-SNAPSHOT.jar:0.5.0-201fc85-SNAPSHOT]
	at org.apache.ratis.server.impl.RaftServerProxy.submitClientRequestAsync(RaftServerProxy.java:333) ~[ratis-server-0.5.0-201fc85-SNAPSHOT.jar:0.5.0-201fc85-SNAPSHOT]
	at org.apache.ratis.grpc.client.GrpcClientProtocolService$RequestStreamObserver.processClientRequest(GrpcClientProtocolService.java:220) ~[ratis-grpc-0.5.0-201fc85-SNAPSHOT.jar:0.5.0-201fc85-SNAPSHOT]
	at org.apache.ratis.grpc.client.GrpcClientProtocolService$OrderedRequestStreamObserver.processClientRequest(GrpcClientProtocolService.java:326) ~[ratis-grpc-0.5.0-201fc85-SNAPSHOT.jar:0.5.0-201fc85-SNAPSHOT]
	at org.apache.ratis.util.SlidingWindow$Server.processRequestsFromHead(SlidingWindow.java:429) [ratis-common-0.5.0-201fc85-SNAPSHOT.jar:0.5.0-201fc85-SNAPSHOT]
	at org.apache.ratis.util.SlidingWindow$Server.receivedRequest(SlidingWindow.java:421) [ratis-common-0.5.0-201fc85-SNAPSHOT.jar:0.5.0-201fc85-SNAPSHOT]
	at org.apache.ratis.grpc.client.GrpcClientProtocolService$OrderedRequestStreamObserver.processClientRequest(GrpcClientProtocolService.java:345) [ratis-grpc-0.5.0-201fc85-SNAPSHOT.jar:0.5.0-201fc85-SNAPSHOT]
	at org.apache.ratis.grpc.client.GrpcClientProtocolService$RequestStreamObserver.onNext(GrpcClientProtocolService.java:240) [ratis-grpc-0.5.0-201fc85-SNAPSHOT.jar:0.5.0-201fc85-SNAPSHOT]
	at org.apache.ratis.grpc.client.GrpcClientProtocolService$RequestStreamObserver.onNext(GrpcClientProtocolService.java:168) [ratis-grpc-0.5.0-201fc85-SNAPSHOT.jar:0.5.0-201fc85-SNAPSHOT]
	at org.apache.ratis.thirdparty.io.grpc.stub.ServerCalls$StreamingServerCallHandler$StreamingServerCallListener.onMessage(ServerCalls.java:248) [ratis-thirdparty-misc-0.2.0.jar:0.2.0]
	at org.apache.ratis.thirdparty.io.grpc.internal.ServerCallImpl$ServerStreamListenerImpl.messagesAvailable(ServerCallImpl.java:263) [ratis-thirdparty-misc-0.2.0.jar:0.2.0]
	at org.apache.ratis.thirdparty.io.grpc.internal.ServerImpl$JumpToApplicationThreadServerStreamListener$1MessagesAvailable.runInContext(ServerImpl.java:686) [ratis-thirdparty-misc-0.2.0.jar:0.2.0]
	at org.apache.ratis.thirdparty.io.grpc.internal.ContextRunnable.run(ContextRunnable.java:37) [ratis-thirdparty-misc-0.2.0.jar:0.2.0]
	at org.apache.ratis.thirdparty.io.grpc.internal.SerializingExecutor.run(SerializingExecutor.java:123) [ratis-thirdparty-misc-0.2.0.jar:0.2.0]
	at java.util.concurrent.ThreadPoolExecutor.runWorker(ThreadPoolExecutor.java:1149) [?:1.8.0_212]
	at java.util.concurrent.ThreadPoolExecutor$Worker.run(ThreadPoolExecutor.java:624) [?:1.8.0_212]
	at java.lang.Thread.run(Thread.java:748) [?:1.8.0_212]
08:01:38.485 [grpc-default-executor-7] ERROR DNAudit - user=null | ip=null | op=PUT_BLOCK {blockData=[blockId=conID: 1 locID: 102931371043782669 bcsId: 0,size=800]} | ret=FAILURE
org.apache.hadoop.hdds.scm.container.common.helpers.ContainerNotOpenException: Container 1 in CLOSING state
	at org.apache.hadoop.ozone.container.common.impl.HddsDispatcher.validateContainerCommand(HddsDispatcher.java:436) ~[hadoop-hdds-container-service-0.5.0-SNAPSHOT.jar:?]
	at org.apache.hadoop.ozone.container.common.transport.server.ratis.ContainerStateMachine.startTransaction(ContainerStateMachine.java:320) ~[hadoop-hdds-container-service-0.5.0-SNAPSHOT.jar:?]
	at org.apache.ratis.server.impl.RaftServerImpl.submitClientRequestAsync(RaftServerImpl.java:569) ~[ratis-server-0.5.0-201fc85-SNAPSHOT.jar:0.5.0-201fc85-SNAPSHOT]
	at org.apache.ratis.server.impl.RaftServerProxy.lambda$submitClientRequestAsync$7(RaftServerProxy.java:333) ~[ratis-server-0.5.0-201fc85-SNAPSHOT.jar:0.5.0-201fc85-SNAPSHOT]
	at org.apache.ratis.server.impl.RaftServerProxy.lambda$null$5(RaftServerProxy.java:328) ~[ratis-server-0.5.0-201fc85-SNAPSHOT.jar:0.5.0-201fc85-SNAPSHOT]
	at org.apache.ratis.util.JavaUtils.callAsUnchecked(JavaUtils.java:109) ~[ratis-common-0.5.0-201fc85-SNAPSHOT.jar:0.5.0-201fc85-SNAPSHOT]
	at org.apache.ratis.server.impl.RaftServerProxy.lambda$submitRequest$6(RaftServerProxy.java:328) ~[ratis-server-0.5.0-201fc85-SNAPSHOT.jar:0.5.0-201fc85-SNAPSHOT]
	at java.util.concurrent.CompletableFuture.uniComposeStage(CompletableFuture.java:981) ~[?:1.8.0_212]
	at java.util.concurrent.CompletableFuture.thenCompose(CompletableFuture.java:2124) ~[?:1.8.0_212]
	at org.apache.ratis.server.impl.RaftServerProxy.submitRequest(RaftServerProxy.java:327) ~[ratis-server-0.5.0-201fc85-SNAPSHOT.jar:0.5.0-201fc85-SNAPSHOT]
	at org.apache.ratis.server.impl.RaftServerProxy.submitClientRequestAsync(RaftServerProxy.java:333) ~[ratis-server-0.5.0-201fc85-SNAPSHOT.jar:0.5.0-201fc85-SNAPSHOT]
	at org.apache.ratis.grpc.client.GrpcClientProtocolService$RequestStreamObserver.processClientRequest(GrpcClientProtocolService.java:220) ~[ratis-grpc-0.5.0-201fc85-SNAPSHOT.jar:0.5.0-201fc85-SNAPSHOT]
	at org.apache.ratis.grpc.client.GrpcClientProtocolService$OrderedRequestStreamObserver.processClientRequest(GrpcClientProtocolService.java:326) ~[ratis-grpc-0.5.0-201fc85-SNAPSHOT.jar:0.5.0-201fc85-SNAPSHOT]
	at org.apache.ratis.util.SlidingWindow$Server.processRequestsFromHead(SlidingWindow.java:429) [ratis-common-0.5.0-201fc85-SNAPSHOT.jar:0.5.0-201fc85-SNAPSHOT]
	at org.apache.ratis.util.SlidingWindow$Server.receivedRequest(SlidingWindow.java:421) [ratis-common-0.5.0-201fc85-SNAPSHOT.jar:0.5.0-201fc85-SNAPSHOT]
	at org.apache.ratis.grpc.client.GrpcClientProtocolService$OrderedRequestStreamObserver.processClientRequest(GrpcClientProtocolService.java:345) [ratis-grpc-0.5.0-201fc85-SNAPSHOT.jar:0.5.0-201fc85-SNAPSHOT]
	at org.apache.ratis.grpc.client.GrpcClientProtocolService$RequestStreamObserver.onNext(GrpcClientProtocolService.java:240) [ratis-grpc-0.5.0-201fc85-SNAPSHOT.jar:0.5.0-201fc85-SNAPSHOT]
	at org.apache.ratis.grpc.client.GrpcClientProtocolService$RequestStreamObserver.onNext(GrpcClientProtocolService.java:168) [ratis-grpc-0.5.0-201fc85-SNAPSHOT.jar:0.5.0-201fc85-SNAPSHOT]
	at org.apache.ratis.thirdparty.io.grpc.stub.ServerCalls$StreamingServerCallHandler$StreamingServerCallListener.onMessage(ServerCalls.java:248) [ratis-thirdparty-misc-0.2.0.jar:0.2.0]
	at org.apache.ratis.thirdparty.io.grpc.internal.ServerCallImpl$ServerStreamListenerImpl.messagesAvailable(ServerCallImpl.java:263) [ratis-thirdparty-misc-0.2.0.jar:0.2.0]
	at org.apache.ratis.thirdparty.io.grpc.internal.ServerImpl$JumpToApplicationThreadServerStreamListener$1MessagesAvailable.runInContext(ServerImpl.java:686) [ratis-thirdparty-misc-0.2.0.jar:0.2.0]
	at org.apache.ratis.thirdparty.io.grpc.internal.ContextRunnable.run(ContextRunnable.java:37) [ratis-thirdparty-misc-0.2.0.jar:0.2.0]
	at org.apache.ratis.thirdparty.io.grpc.internal.SerializingExecutor.run(SerializingExecutor.java:123) [ratis-thirdparty-misc-0.2.0.jar:0.2.0]
	at java.util.concurrent.ThreadPoolExecutor.runWorker(ThreadPoolExecutor.java:1149) [?:1.8.0_212]
	at java.util.concurrent.ThreadPoolExecutor$Worker.run(ThreadPoolExecutor.java:624) [?:1.8.0_212]
	at java.lang.Thread.run(Thread.java:748) [?:1.8.0_212]
2019-10-09 08:01:38,845 [main] INFO  ozone.MiniOzoneClusterImpl (MiniOzoneClusterImpl.java:shutdown(314)) - Shutting down the Mini Ozone Cluster
2019-10-09 08:01:38,846 [main] INFO  ozone.MiniOzoneClusterImpl (MiniOzoneClusterImpl.java:stop(330)) - Stopping the Mini Ozone Cluster
2019-10-09 08:01:38,846 [main] INFO  ozone.MiniOzoneClusterImpl (MiniOzoneClusterImpl.java:stopOM(400)) - Stopping the OzoneManager
2019-10-09 08:01:38,846 [main] INFO  ipc.Server (Server.java:stop(3082)) - Stopping server on 38221
2019-10-09 08:01:38,871 [IPC Server listener on 38221] INFO  ipc.Server (Server.java:run(1185)) - Stopping IPC Server listener on 38221
2019-10-09 08:01:38,873 [main] INFO  ratis.OzoneManagerDoubleBuffer (OzoneManagerDoubleBuffer.java:stop(248)) - Stopping OMDoubleBuffer flush thread
2019-10-09 08:01:38,873 [IPC Server Responder] INFO  ipc.Server (Server.java:run(1319)) - Stopping IPC Server Responder
2019-10-09 08:01:38,879 [OMDoubleBufferFlushThread] INFO  ratis.OzoneManagerDoubleBuffer (OzoneManagerDoubleBuffer.java:flushTransactions(191)) - OMDoubleBuffer flush thread OMDoubleBufferFlushThread is interrupted and will exit. OMDoubleBufferFlushThread
2019-10-09 08:01:38,884 [main] INFO  utils.BackgroundService (BackgroundService.java:shutdown(151)) - Shutting down service KeyDeletingService
2019-10-09 08:01:38,903 [main] INFO  handler.ContextHandler (ContextHandler.java:doStop(910)) - Stopped o.e.j.w.WebAppContext@78b03788{/,null,UNAVAILABLE}{/ozoneManager}
2019-10-09 08:01:38,904 [main] INFO  server.AbstractConnector (AbstractConnector.java:doStop(318)) - Stopped ServerConnector@3f5dfe69{HTTP/1.1,[http/1.1]}{0.0.0.0:0}
2019-10-09 08:01:38,904 [main] INFO  handler.ContextHandler (ContextHandler.java:doStop(910)) - Stopped o.e.j.s.ServletContextHandler@1eeb5818{/static,file:///workdir/hadoop-ozone/integration-test/target/test-classes/webapps/static,UNAVAILABLE}
2019-10-09 08:01:38,905 [main] INFO  handler.ContextHandler (ContextHandler.java:doStop(910)) - Stopped o.e.j.s.ServletContextHandler@681e913c{/logs,file:///workdir/hadoop-ozone/integration-test/target/log,UNAVAILABLE}
2019-10-09 08:01:38,907 [main] INFO  ozone.MiniOzoneClusterImpl (MiniOzoneClusterImpl.java:stopDatanodes(377)) - Stopping the HddsDatanodes
2019-10-09 08:01:39,470 [Datanode State Machine Thread - 0] INFO  statemachine.DatanodeStateMachine (DatanodeStateMachine.java:lambda$startDaemon$0(350)) - Ozone container server started.
2019-10-09 08:01:39,643 [Datanode State Machine Thread - 0] INFO  statemachine.DatanodeStateMachine (DatanodeStateMachine.java:lambda$startDaemon$0(350)) - Ozone container server started.
2019-10-09 08:01:40,751 [grpc-default-executor-7] WARN  server.GrpcLogAppender (LogUtils.java:warn(134)) - a4988454-66ec-443f-97d8-24dbcdced6c5@group-EF8375718EC5->47b9f0ae-ccc1-46e4-8719-b00f15f21b54-AppendLogResponseHandler: Failed appendEntries: org.apache.ratis.thirdparty.io.grpc.StatusRuntimeException: UNAVAILABLE: io exception
2019-10-09 08:01:40,752 [grpc-default-executor-7] INFO  impl.FollowerInfo (FollowerInfo.java:lambda$new$0(51)) - a4988454-66ec-443f-97d8-24dbcdced6c5@group-EF8375718EC5->47b9f0ae-ccc1-46e4-8719-b00f15f21b54: nextIndex: updateUnconditionally 1 -> 0
2019-10-09 08:01:43,256 [grpc-default-executor-7] WARN  server.GrpcLogAppender (LogUtils.java:warn(134)) - a4988454-66ec-443f-97d8-24dbcdced6c5@group-EF8375718EC5->47b9f0ae-ccc1-46e4-8719-b00f15f21b54-AppendLogResponseHandler: Failed appendEntries: org.apache.ratis.thirdparty.io.grpc.StatusRuntimeException: UNAVAILABLE: io exception
2019-10-09 08:01:43,257 [grpc-default-executor-7] INFO  impl.FollowerInfo (FollowerInfo.java:lambda$new$0(51)) - a4988454-66ec-443f-97d8-24dbcdced6c5@group-EF8375718EC5->47b9f0ae-ccc1-46e4-8719-b00f15f21b54: nextIndex: updateUnconditionally 0 -> 0
2019-10-09 08:01:43,513 [EventQueue-StaleNodeForStaleNodeHandler] INFO  node.StaleNodeHandler (StaleNodeHandler.java:onMessage(58)) - Datanode ecfccb84-3385-49f9-89df-2dc682e40b30{ip: 192.168.30.26, host: pr-hdds-2267-jsbhp-248048675, networkLocation: /default-rack, certSerialId: null} moved to stale state. Finalizing its pipelines [PipelineID=f0a24234-d398-480b-95b6-c0636ddd7bf9]
2019-10-09 08:01:43,513 [EventQueue-StaleNodeForStaleNodeHandler] INFO  pipeline.SCMPipelineManager (SCMPipelineManager.java:finalizeAndDestroyPipeline(315)) - destroying pipeline:Pipeline[ Id: f0a24234-d398-480b-95b6-c0636ddd7bf9, Nodes: ecfccb84-3385-49f9-89df-2dc682e40b30{ip: 192.168.30.26, host: pr-hdds-2267-jsbhp-248048675, networkLocation: /default-rack, certSerialId: null}, Type:RATIS, Factor:ONE, State:OPEN]
2019-10-09 08:01:43,513 [EventQueue-StaleNodeForStaleNodeHandler] INFO  pipeline.PipelineStateManager (PipelineStateManager.java:finalizePipeline(123)) - Pipeline Pipeline[ Id: f0a24234-d398-480b-95b6-c0636ddd7bf9, Nodes: ecfccb84-3385-49f9-89df-2dc682e40b30{ip: 192.168.30.26, host: pr-hdds-2267-jsbhp-248048675, networkLocation: /default-rack, certSerialId: null}, Type:RATIS, Factor:ONE, State:CLOSED] moved to CLOSED state
2019-10-09 08:01:43,713 [EventQueue-StaleNodeForStaleNodeHandler] INFO  node.StaleNodeHandler (StaleNodeHandler.java:onMessage(58)) - Datanode 1b70438d-a4e3-4816-9602-0f37573f16e9{ip: 192.168.30.26, host: pr-hdds-2267-jsbhp-248048675, networkLocation: /default-rack, certSerialId: null} moved to stale state. Finalizing its pipelines [PipelineID=f970802b-1820-43ce-bfce-3dfdd96db6b9, PipelineID=56386311-4264-4549-8661-bff9d2052dc2]
2019-10-09 08:01:43,713 [EventQueue-StaleNodeForStaleNodeHandler] INFO  pipeline.SCMPipelineManager (SCMPipelineManager.java:finalizeAndDestroyPipeline(315)) - destroying pipeline:Pipeline[ Id: f970802b-1820-43ce-bfce-3dfdd96db6b9, Nodes: 1b70438d-a4e3-4816-9602-0f37573f16e9{ip: 192.168.30.26, host: pr-hdds-2267-jsbhp-248048675, networkLocation: /default-rack, certSerialId: null}, Type:RATIS, Factor:ONE, State:OPEN]
2019-10-09 08:01:43,714 [EventQueue-StaleNodeForStaleNodeHandler] INFO  pipeline.PipelineStateManager (PipelineStateManager.java:finalizePipeline(123)) - Pipeline Pipeline[ Id: f970802b-1820-43ce-bfce-3dfdd96db6b9, Nodes: 1b70438d-a4e3-4816-9602-0f37573f16e9{ip: 192.168.30.26, host: pr-hdds-2267-jsbhp-248048675, networkLocation: /default-rack, certSerialId: null}, Type:RATIS, Factor:ONE, State:CLOSED] moved to CLOSED state
2019-10-09 08:01:43,714 [EventQueue-StaleNodeForStaleNodeHandler] INFO  pipeline.SCMPipelineManager (SCMPipelineManager.java:finalizeAndDestroyPipeline(315)) - destroying pipeline:Pipeline[ Id: 56386311-4264-4549-8661-bff9d2052dc2, Nodes: 073fd5a2-9708-4ee1-989d-fb2c807bc92e{ip: 192.168.30.26, host: pr-hdds-2267-jsbhp-248048675, networkLocation: /default-rack, certSerialId: null}3867358e-0593-45dd-9259-84e61f3a3ea7{ip: 192.168.30.26, host: pr-hdds-2267-jsbhp-248048675, networkLocation: /default-rack, certSerialId: null}1b70438d-a4e3-4816-9602-0f37573f16e9{ip: 192.168.30.26, host: pr-hdds-2267-jsbhp-248048675, networkLocation: /default-rack, certSerialId: null}, Type:RATIS, Factor:THREE, State:OPEN]
2019-10-09 08:01:43,714 [EventQueue-StaleNodeForStaleNodeHandler] INFO  pipeline.PipelineStateManager (PipelineStateManager.java:finalizePipeline(123)) - Pipeline Pipeline[ Id: 56386311-4264-4549-8661-bff9d2052dc2, Nodes: 073fd5a2-9708-4ee1-989d-fb2c807bc92e{ip: 192.168.30.26, host: pr-hdds-2267-jsbhp-248048675, networkLocation: /default-rack, certSerialId: null}3867358e-0593-45dd-9259-84e61f3a3ea7{ip: 192.168.30.26, host: pr-hdds-2267-jsbhp-248048675, networkLocation: /default-rack, certSerialId: null}1b70438d-a4e3-4816-9602-0f37573f16e9{ip: 192.168.30.26, host: pr-hdds-2267-jsbhp-248048675, networkLocation: /default-rack, certSerialId: null}, Type:RATIS, Factor:THREE, State:CLOSED] moved to CLOSED state
2019-10-09 08:01:43,714 [EventQueue-CloseContainerForCloseContainerEventHandler] INFO  container.CloseContainerEventHandler (CloseContainerEventHandler.java:onMessage(61)) - Close container Event triggered for container : #2
2019-10-09 08:01:43,909 [main] INFO  ozoneimpl.OzoneContainer (OzoneContainer.java:stop(227)) - Attempting to stop container services.
2019-10-09 08:01:43,912 [ForkJoinPool.commonPool-worker-0] INFO  ozoneimpl.OzoneContainer (OzoneContainer.java:stop(227)) - Attempting to stop container services.
2019-10-09 08:01:43,913 [main] INFO  impl.RaftServerProxy (RaftServerProxy.java:lambda$close$4(314)) - ecfccb84-3385-49f9-89df-2dc682e40b30: close
2019-10-09 08:01:43,913 [ForkJoinPool.commonPool-worker-0] INFO  impl.RaftServerProxy (RaftServerProxy.java:lambda$close$4(314)) - 1b70438d-a4e3-4816-9602-0f37573f16e9: close
2019-10-09 08:01:43,913 [main] INFO  impl.RaftServerImpl (RaftServerImpl.java:lambda$shutdown$3(247)) - ecfccb84-3385-49f9-89df-2dc682e40b30@group-C0636DDD7BF9: shutdown
2019-10-09 08:01:43,913 [ForkJoinPool.commonPool-worker-0] INFO  impl.RaftServerImpl (RaftServerImpl.java:lambda$shutdown$3(247)) - 1b70438d-a4e3-4816-9602-0f37573f16e9@group-3DFDD96DB6B9: shutdown
2019-10-09 08:01:43,914 [main] INFO  util.JmxRegister (JmxRegister.java:unregister(73)) - Successfully un-registered JMX Bean with object name Ratis:service=RaftServer,group=group-C0636DDD7BF9,id=ecfccb84-3385-49f9-89df-2dc682e40b30
2019-10-09 08:01:43,914 [ForkJoinPool.commonPool-worker-0] INFO  util.JmxRegister (JmxRegister.java:unregister(73)) - Successfully un-registered JMX Bean with object name Ratis:service=RaftServer,group=group-3DFDD96DB6B9,id=1b70438d-a4e3-4816-9602-0f37573f16e9
2019-10-09 08:01:43,915 [main] INFO  impl.RoleInfo (RoleInfo.java:shutdownLeaderState(104)) - ecfccb84-3385-49f9-89df-2dc682e40b30: shutdown LeaderState
2019-10-09 08:01:43,915 [ForkJoinPool.commonPool-worker-0] INFO  impl.RoleInfo (RoleInfo.java:shutdownLeaderState(104)) - 1b70438d-a4e3-4816-9602-0f37573f16e9: shutdown LeaderState
2019-10-09 08:01:43,915 [main] INFO  impl.PendingRequests (PendingRequests.java:sendNotLeaderResponses(202)) - ecfccb84-3385-49f9-89df-2dc682e40b30@group-C0636DDD7BF9-PendingRequests: sendNotLeaderResponses
2019-10-09 08:01:43,915 [ForkJoinPool.commonPool-worker-0] INFO  impl.PendingRequests (PendingRequests.java:sendNotLeaderResponses(202)) - 1b70438d-a4e3-4816-9602-0f37573f16e9@group-3DFDD96DB6B9-PendingRequests: sendNotLeaderResponses
2019-10-09 08:01:43,916 [main] INFO  impl.StateMachineUpdater (StateMachineUpdater.java:stopAndJoin(136)) - ecfccb84-3385-49f9-89df-2dc682e40b30@group-C0636DDD7BF9-StateMachineUpdater: set stopIndex = 0
2019-10-09 08:01:43,916 [ForkJoinPool.commonPool-worker-0] INFO  impl.StateMachineUpdater (StateMachineUpdater.java:stopAndJoin(136)) - 1b70438d-a4e3-4816-9602-0f37573f16e9@group-3DFDD96DB6B9-StateMachineUpdater: set stopIndex = 0
2019-10-09 08:01:43,917 [main] INFO  impl.RaftServerImpl (ServerState.java:close(387)) - ecfccb84-3385-49f9-89df-2dc682e40b30@group-C0636DDD7BF9: closes. applyIndex: 0
2019-10-09 08:01:43,917 [ForkJoinPool.commonPool-worker-0] INFO  impl.RaftServerImpl (ServerState.java:close(387)) - 1b70438d-a4e3-4816-9602-0f37573f16e9@group-3DFDD96DB6B9: closes. applyIndex: 0
2019-10-09 08:01:43,917 [ecfccb84-3385-49f9-89df-2dc682e40b30@group-C0636DDD7BF9-SegmentedRaftLogWorker] INFO  segmented.SegmentedRaftLogWorker (SegmentedRaftLogWorker.java:run(316)) - ecfccb84-3385-49f9-89df-2dc682e40b30@group-C0636DDD7BF9-SegmentedRaftLogWorker was interrupted, exiting. There are 0 tasks remaining in the queue.
2019-10-09 08:01:43,917 [1b70438d-a4e3-4816-9602-0f37573f16e9@group-3DFDD96DB6B9-SegmentedRaftLogWorker] INFO  segmented.SegmentedRaftLogWorker (SegmentedRaftLogWorker.java:run(316)) - 1b70438d-a4e3-4816-9602-0f37573f16e9@group-3DFDD96DB6B9-SegmentedRaftLogWorker was interrupted, exiting. There are 0 tasks remaining in the queue.
2019-10-09 08:01:43,921 [main] INFO  segmented.SegmentedRaftLogWorker (SegmentedRaftLogWorker.java:close(224)) - ecfccb84-3385-49f9-89df-2dc682e40b30@group-C0636DDD7BF9-SegmentedRaftLogWorker close()
2019-10-09 08:01:43,921 [ForkJoinPool.commonPool-worker-0] INFO  segmented.SegmentedRaftLogWorker (SegmentedRaftLogWorker.java:close(224)) - 1b70438d-a4e3-4816-9602-0f37573f16e9@group-3DFDD96DB6B9-SegmentedRaftLogWorker close()
2019-10-09 08:01:43,926 [main] INFO  server.GrpcService (GrpcService.java:closeImpl(164)) - ecfccb84-3385-49f9-89df-2dc682e40b30: shutdown server with port 42281 now
2019-10-09 08:01:43,931 [ForkJoinPool.commonPool-worker-0] INFO  impl.RaftServerImpl (RaftServerImpl.java:lambda$shutdown$3(247)) - 1b70438d-a4e3-4816-9602-0f37573f16e9@group-BFF9D2052DC2: shutdown
2019-10-09 08:01:43,932 [ForkJoinPool.commonPool-worker-0] INFO  util.JmxRegister (JmxRegister.java:unregister(73)) - Successfully un-registered JMX Bean with object name Ratis:service=RaftServer,group=group-BFF9D2052DC2,id=1b70438d-a4e3-4816-9602-0f37573f16e9
2019-10-09 08:01:43,932 [main] INFO  server.GrpcService (GrpcService.java:closeImpl(172)) - ecfccb84-3385-49f9-89df-2dc682e40b30: shutdown server with port 42281 successfully
2019-10-09 08:01:43,932 [ForkJoinPool.commonPool-worker-0] INFO  impl.RoleInfo (RoleInfo.java:shutdownLeaderState(104)) - 1b70438d-a4e3-4816-9602-0f37573f16e9: shutdown LeaderState
2019-10-09 08:01:43,938 [ForkJoinPool.commonPool-worker-0] INFO  impl.PendingRequests (PendingRequests.java:sendNotLeaderResponses(202)) - 1b70438d-a4e3-4816-9602-0f37573f16e9@group-BFF9D2052DC2-PendingRequests: sendNotLeaderResponses
2019-10-09 08:01:43,938 [org.apache.ratis.server.impl.LogAppender$AppenderDaemon$$Lambda$543/973976147@23260d8f] WARN  server.GrpcLogAppender (GrpcLogAppender.java:mayWait(143)) - 1b70438d-a4e3-4816-9602-0f37573f16e9@group-BFF9D2052DC2->073fd5a2-9708-4ee1-989d-fb2c807bc92e-GrpcLogAppender: Wait interrupted by java.lang.InterruptedException
2019-10-09 08:01:43,939 [org.apache.ratis.server.impl.LogAppender$AppenderDaemon$$Lambda$543/973976147@2267724c] WARN  server.GrpcLogAppender (GrpcLogAppender.java:mayWait(143)) - 1b70438d-a4e3-4816-9602-0f37573f16e9@group-BFF9D2052DC2->3867358e-0593-45dd-9259-84e61f3a3ea7-GrpcLogAppender: Wait interrupted by java.lang.InterruptedException
2019-10-09 08:01:43,939 [grpc-default-executor-6] INFO  server.GrpcServerProtocolService (GrpcServerProtocolService.java:onCompleted(113)) - 073fd5a2-9708-4ee1-989d-fb2c807bc92e: Completed APPEND_ENTRIES, lastRequest: 1b70438d-a4e3-4816-9602-0f37573f16e9->073fd5a2-9708-4ee1-989d-fb2c807bc92e#24-t1, previous=(t:1, i:15), leaderCommit=15, initializing? false, entries: <empty>
2019-10-09 08:01:43,939 [grpc-default-executor-7] INFO  server.GrpcServerProtocolService (GrpcServerProtocolService.java:onCompleted(113)) - 3867358e-0593-45dd-9259-84e61f3a3ea7: Completed APPEND_ENTRIES, lastRequest: 1b70438d-a4e3-4816-9602-0f37573f16e9->3867358e-0593-45dd-9259-84e61f3a3ea7#24-t1, previous=(t:1, i:15), leaderCommit=15, initializing? false, entries: <empty>
2019-10-09 08:01:43,955 [grpc-default-executor-7] INFO  server.GrpcLogAppender (GrpcLogAppender.java:onCompleted(293)) - 1b70438d-a4e3-4816-9602-0f37573f16e9@group-BFF9D2052DC2->3867358e-0593-45dd-9259-84e61f3a3ea7-AppendLogResponseHandler: follower responses appendEntries COMPLETED
2019-10-09 08:01:43,955 [grpc-default-executor-6] INFO  server.GrpcLogAppender (GrpcLogAppender.java:onCompleted(293)) - 1b70438d-a4e3-4816-9602-0f37573f16e9@group-BFF9D2052DC2->073fd5a2-9708-4ee1-989d-fb2c807bc92e-AppendLogResponseHandler: follower responses appendEntries COMPLETED
2019-10-09 08:01:43,955 [ForkJoinPool.commonPool-worker-0] INFO  impl.StateMachineUpdater (StateMachineUpdater.java:stopAndJoin(136)) - 1b70438d-a4e3-4816-9602-0f37573f16e9@group-BFF9D2052DC2-StateMachineUpdater: set stopIndex = 15
2019-10-09 08:01:43,955 [1b70438d-a4e3-4816-9602-0f37573f16e9@group-BFF9D2052DC2-StateMachineUpdater] INFO  ratis.ContainerStateMachine (ContainerStateMachine.java:takeSnapshot(294)) - group-BFF9D2052DC2: Taking a snapshot at:(t:1, i:13) file /workdir/hadoop-ozone/integration-test/target/test-dir/MiniOzoneClusterImpl-4df022c4-1e45-4101-a2a2-7a234f72b8c5/datanode-1/data/ratis/56386311-4264-4549-8661-bff9d2052dc2/sm/snapshot.1_13
2019-10-09 08:01:43,956 [grpc-default-executor-7] INFO  impl.FollowerInfo (FollowerInfo.java:lambda$new$0(51)) - 1b70438d-a4e3-4816-9602-0f37573f16e9@group-BFF9D2052DC2->3867358e-0593-45dd-9259-84e61f3a3ea7: nextIndex: updateUnconditionally 16 -> 15
2019-10-09 08:01:43,957 [grpc-default-executor-6] INFO  impl.FollowerInfo (FollowerInfo.java:lambda$new$0(51)) - 1b70438d-a4e3-4816-9602-0f37573f16e9@group-BFF9D2052DC2->073fd5a2-9708-4ee1-989d-fb2c807bc92e: nextIndex: updateUnconditionally 16 -> 15
2019-10-09 08:01:43,958 [refreshUsed-/workdir/hadoop-ozone/integration-test/target/test-dir/MiniOzoneClusterImpl-4df022c4-1e45-4101-a2a2-7a234f72b8c5/datanode-4/data/containers] WARN  fs.CachingGetSpaceUsed (CachingGetSpaceUsed.java:run(183)) - Thread Interrupted waiting to refresh disk information: sleep interrupted
2019-10-09 08:01:43,971 [1b70438d-a4e3-4816-9602-0f37573f16e9@group-BFF9D2052DC2-StateMachineUpdater] INFO  ratis.ContainerStateMachine (ContainerStateMachine.java:takeSnapshot(305)) - group-BFF9D2052DC2: Finished taking a snapshot at:(t:1, i:13) file:/workdir/hadoop-ozone/integration-test/target/test-dir/MiniOzoneClusterImpl-4df022c4-1e45-4101-a2a2-7a234f72b8c5/datanode-1/data/ratis/56386311-4264-4549-8661-bff9d2052dc2/sm/snapshot.1_13 time:16
2019-10-09 08:01:43,971 [1b70438d-a4e3-4816-9602-0f37573f16e9@group-BFF9D2052DC2-StateMachineUpdater] INFO  impl.StateMachineUpdater (StateMachineUpdater.java:takeSnapshot(269)) - 1b70438d-a4e3-4816-9602-0f37573f16e9@group-BFF9D2052DC2-StateMachineUpdater: Took a snapshot at index 13
2019-10-09 08:01:43,971 [1b70438d-a4e3-4816-9602-0f37573f16e9@group-BFF9D2052DC2-StateMachineUpdater] INFO  impl.StateMachineUpdater (StateMachineUpdater.java:lambda$new$0(84)) - 1b70438d-a4e3-4816-9602-0f37573f16e9@group-BFF9D2052DC2-StateMachineUpdater: snapshotIndex: updateIncreasingly -1 -> 13
2019-10-09 08:01:43,971 [1b70438d-a4e3-4816-9602-0f37573f16e9@group-BFF9D2052DC2-StateMachineUpdater] INFO  ratis.ContainerStateMachine (ContainerStateMachine.java:takeSnapshot(294)) - group-BFF9D2052DC2: Taking a snapshot at:(t:1, i:13) file /workdir/hadoop-ozone/integration-test/target/test-dir/MiniOzoneClusterImpl-4df022c4-1e45-4101-a2a2-7a234f72b8c5/datanode-1/data/ratis/56386311-4264-4549-8661-bff9d2052dc2/sm/snapshot.1_13
2019-10-09 08:01:43,984 [1b70438d-a4e3-4816-9602-0f37573f16e9@group-BFF9D2052DC2-StateMachineUpdater] INFO  ratis.ContainerStateMachine (ContainerStateMachine.java:takeSnapshot(305)) - group-BFF9D2052DC2: Finished taking a snapshot at:(t:1, i:13) file:/workdir/hadoop-ozone/integration-test/target/test-dir/MiniOzoneClusterImpl-4df022c4-1e45-4101-a2a2-7a234f72b8c5/datanode-1/data/ratis/56386311-4264-4549-8661-bff9d2052dc2/sm/snapshot.1_13 time:13
2019-10-09 08:01:43,985 [1b70438d-a4e3-4816-9602-0f37573f16e9@group-BFF9D2052DC2-StateMachineUpdater] INFO  impl.StateMachineUpdater (StateMachineUpdater.java:takeSnapshot(269)) - 1b70438d-a4e3-4816-9602-0f37573f16e9@group-BFF9D2052DC2-StateMachineUpdater: Took a snapshot at index 13
2019-10-09 08:01:43,985 [1b70438d-a4e3-4816-9602-0f37573f16e9@group-BFF9D2052DC2-StateMachineUpdater] INFO  impl.StateMachineUpdater (StateMachineUpdater.java:lambda$new$0(84)) - 1b70438d-a4e3-4816-9602-0f37573f16e9@group-BFF9D2052DC2-StateMachineUpdater: snapshotIndex: updateIncreasingly 13 -> 13
2019-10-09 08:01:43,985 [ForkJoinPool.commonPool-worker-0] INFO  impl.RaftServerImpl (ServerState.java:close(387)) - 1b70438d-a4e3-4816-9602-0f37573f16e9@group-BFF9D2052DC2: closes. applyIndex: 15
2019-10-09 08:01:43,985 [1b70438d-a4e3-4816-9602-0f37573f16e9@group-BFF9D2052DC2-SegmentedRaftLogWorker] INFO  segmented.SegmentedRaftLogWorker (SegmentedRaftLogWorker.java:run(316)) - 1b70438d-a4e3-4816-9602-0f37573f16e9@group-BFF9D2052DC2-SegmentedRaftLogWorker was interrupted, exiting. There are 0 tasks remaining in the queue.
2019-10-09 08:01:43,985 [main] INFO  utils.BackgroundService (BackgroundService.java:shutdown(151)) - Shutting down service BlockDeletingService
2019-10-09 08:01:43,988 [ForkJoinPool.commonPool-worker-0] INFO  segmented.SegmentedRaftLogWorker (SegmentedRaftLogWorker.java:close(224)) - 1b70438d-a4e3-4816-9602-0f37573f16e9@group-BFF9D2052DC2-SegmentedRaftLogWorker close()
2019-10-09 08:01:43,990 [ForkJoinPool.commonPool-worker-0] INFO  server.GrpcService (GrpcService.java:closeImpl(164)) - 1b70438d-a4e3-4816-9602-0f37573f16e9: shutdown server with port 40185 now
2019-10-09 08:01:43,995 [main] INFO  statemachine.DatanodeStateMachine (DatanodeStateMachine.java:stopDaemon(395)) - Ozone container server stopped.
2019-10-09 08:01:43,995 [ForkJoinPool.commonPool-worker-0] INFO  server.GrpcService (GrpcService.java:closeImpl(172)) - 1b70438d-a4e3-4816-9602-0f37573f16e9: shutdown server with port 40185 successfully
2019-10-09 08:01:43,995 [grpc-default-executor-7] WARN  client.GrpcClientProtocolService (LogUtils.java:warn(134)) - 1-UnorderedRequestStreamObserver1: onError: org.apache.ratis.thirdparty.io.grpc.StatusRuntimeException: CANCELLED: cancelled before receiving half close
2019-10-09 08:01:43,997 [refreshUsed-/workdir/hadoop-ozone/integration-test/target/test-dir/MiniOzoneClusterImpl-4df022c4-1e45-4101-a2a2-7a234f72b8c5/datanode-1/data/containers] WARN  fs.CachingGetSpaceUsed (CachingGetSpaceUsed.java:run(183)) - Thread Interrupted waiting to refresh disk information: sleep interrupted
2019-10-09 08:01:44,000 [main] INFO  handler.ContextHandler (ContextHandler.java:doStop(910)) - Stopped o.e.j.w.WebAppContext@2d22d3b1{/,null,UNAVAILABLE}{/hddsDatanode}
2019-10-09 08:01:44,001 [main] INFO  server.AbstractConnector (AbstractConnector.java:doStop(318)) - Stopped ServerConnector@7ec3a8bd{HTTP/1.1,[http/1.1]}{0.0.0.0:0}
2019-10-09 08:01:44,001 [main] INFO  handler.ContextHandler (ContextHandler.java:doStop(910)) - Stopped o.e.j.s.ServletContextHandler@34009349{/static,jar:file:/home/user/.m2/repository/org/apache/hadoop/hadoop-hdds-container-service/0.5.0-SNAPSHOT/hadoop-hdds-container-service-0.5.0-SNAPSHOT.jar!/webapps/static,UNAVAILABLE}
2019-10-09 08:01:44,002 [main] INFO  handler.ContextHandler (ContextHandler.java:doStop(910)) - Stopped o.e.j.s.ServletContextHandler@76a9a009{/logs,file:///workdir/hadoop-ozone/integration-test/target/log,UNAVAILABLE}
2019-10-09 08:01:44,011 [ForkJoinPool.commonPool-worker-0] INFO  utils.BackgroundService (BackgroundService.java:shutdown(151)) - Shutting down service BlockDeletingService
2019-10-09 08:01:44,015 [ForkJoinPool.commonPool-worker-0] INFO  statemachine.DatanodeStateMachine (DatanodeStateMachine.java:stopDaemon(395)) - Ozone container server stopped.
2019-10-09 08:01:44,019 [ForkJoinPool.commonPool-worker-0] INFO  handler.ContextHandler (ContextHandler.java:doStop(910)) - Stopped o.e.j.w.WebAppContext@76a362a4{/,null,UNAVAILABLE}{/hddsDatanode}
2019-10-09 08:01:44,020 [ForkJoinPool.commonPool-worker-0] INFO  server.AbstractConnector (AbstractConnector.java:doStop(318)) - Stopped ServerConnector@61da0413{HTTP/1.1,[http/1.1]}{0.0.0.0:0}
2019-10-09 08:01:44,025 [ForkJoinPool.commonPool-worker-0] INFO  handler.ContextHandler (ContextHandler.java:doStop(910)) - Stopped o.e.j.s.ServletContextHandler@40c8067{/static,jar:file:/home/user/.m2/repository/org/apache/hadoop/hadoop-hdds-container-service/0.5.0-SNAPSHOT/hadoop-hdds-container-service-0.5.0-SNAPSHOT.jar!/webapps/static,UNAVAILABLE}
2019-10-09 08:01:44,025 [ForkJoinPool.commonPool-worker-0] INFO  handler.ContextHandler (ContextHandler.java:doStop(910)) - Stopped o.e.j.s.ServletContextHandler@39652a30{/logs,file:///workdir/hadoop-ozone/integration-test/target/log,UNAVAILABLE}
2019-10-09 08:01:44,643 [Datanode State Machine Thread - 0] INFO  statemachine.DatanodeStateMachine (DatanodeStateMachine.java:lambda$startDaemon$0(350)) - Ozone container server started.
2019-10-09 08:01:44,979 [Datanode State Machine Thread - 0] INFO  statemachine.DatanodeStateMachine (DatanodeStateMachine.java:lambda$startDaemon$0(350)) - Ozone container server started.
2019-10-09 08:01:45,754 [grpc-default-executor-7] WARN  server.GrpcLogAppender (LogUtils.java:warn(134)) - a4988454-66ec-443f-97d8-24dbcdced6c5@group-EF8375718EC5->47b9f0ae-ccc1-46e4-8719-b00f15f21b54-AppendLogResponseHandler: Failed appendEntries: org.apache.ratis.thirdparty.io.grpc.StatusRuntimeException: UNAVAILABLE: io exception
2019-10-09 08:01:45,754 [grpc-default-executor-7] INFO  impl.FollowerInfo (FollowerInfo.java:lambda$new$0(51)) - a4988454-66ec-443f-97d8-24dbcdced6c5@group-EF8375718EC5->47b9f0ae-ccc1-46e4-8719-b00f15f21b54: nextIndex: updateUnconditionally 0 -> 0
2019-10-09 08:01:48,269 [grpc-default-executor-5] WARN  server.GrpcLogAppender (LogUtils.java:warn(134)) - a4988454-66ec-443f-97d8-24dbcdced6c5@group-EF8375718EC5->47b9f0ae-ccc1-46e4-8719-b00f15f21b54-AppendLogResponseHandler: Failed appendEntries: org.apache.ratis.thirdparty.io.grpc.StatusRuntimeException: UNAVAILABLE: io exception
2019-10-09 08:01:48,271 [grpc-default-executor-5] INFO  impl.FollowerInfo (FollowerInfo.java:lambda$new$0(51)) - a4988454-66ec-443f-97d8-24dbcdced6c5@group-EF8375718EC5->47b9f0ae-ccc1-46e4-8719-b00f15f21b54: nextIndex: updateUnconditionally 0 -> 0
2019-10-09 08:01:48,720 [EventQueue-StaleNodeForStaleNodeHandler] INFO  node.StaleNodeHandler (StaleNodeHandler.java:onMessage(58)) - Datanode 3867358e-0593-45dd-9259-84e61f3a3ea7{ip: 192.168.30.26, host: pr-hdds-2267-jsbhp-248048675, networkLocation: /default-rack, certSerialId: null} moved to stale state. Finalizing its pipelines [PipelineID=f8edbfda-4df2-4925-ab1a-eec9ebfe976a, PipelineID=56386311-4264-4549-8661-bff9d2052dc2]
2019-10-09 08:01:48,721 [EventQueue-StaleNodeForStaleNodeHandler] INFO  pipeline.SCMPipelineManager (SCMPipelineManager.java:finalizeAndDestroyPipeline(315)) - destroying pipeline:Pipeline[ Id: f8edbfda-4df2-4925-ab1a-eec9ebfe976a, Nodes: 3867358e-0593-45dd-9259-84e61f3a3ea7{ip: 192.168.30.26, host: pr-hdds-2267-jsbhp-248048675, networkLocation: /default-rack, certSerialId: null}, Type:RATIS, Factor:ONE, State:OPEN]
2019-10-09 08:01:48,721 [EventQueue-StaleNodeForStaleNodeHandler] INFO  pipeline.PipelineStateManager (PipelineStateManager.java:finalizePipeline(123)) - Pipeline Pipeline[ Id: f8edbfda-4df2-4925-ab1a-eec9ebfe976a, Nodes: 3867358e-0593-45dd-9259-84e61f3a3ea7{ip: 192.168.30.26, host: pr-hdds-2267-jsbhp-248048675, networkLocation: /default-rack, certSerialId: null}, Type:RATIS, Factor:ONE, State:CLOSED] moved to CLOSED state
2019-10-09 08:01:48,722 [EventQueue-StaleNodeForStaleNodeHandler] INFO  pipeline.SCMPipelineManager (SCMPipelineManager.java:finalizeAndDestroyPipeline(315)) - destroying pipeline:Pipeline[ Id: 56386311-4264-4549-8661-bff9d2052dc2, Nodes: 073fd5a2-9708-4ee1-989d-fb2c807bc92e{ip: 192.168.30.26, host: pr-hdds-2267-jsbhp-248048675, networkLocation: /default-rack, certSerialId: null}3867358e-0593-45dd-9259-84e61f3a3ea7{ip: 192.168.30.26, host: pr-hdds-2267-jsbhp-248048675, networkLocation: /default-rack, certSerialId: null}1b70438d-a4e3-4816-9602-0f37573f16e9{ip: 192.168.30.26, host: pr-hdds-2267-jsbhp-248048675, networkLocation: /default-rack, certSerialId: null}, Type:RATIS, Factor:THREE, State:CLOSED]
2019-10-09 08:01:49,006 [main] INFO  ozoneimpl.OzoneContainer (OzoneContainer.java:stop(227)) - Attempting to stop container services.
2019-10-09 08:01:49,008 [main] INFO  impl.RaftServerProxy (RaftServerProxy.java:lambda$close$4(314)) - 378e8ca1-a439-4b49-a1cd-52eabd12a77e: close
2019-10-09 08:01:49,009 [main] INFO  impl.RaftServerImpl (RaftServerImpl.java:lambda$shutdown$3(247)) - 378e8ca1-a439-4b49-a1cd-52eabd12a77e@group-EF8375718EC5: shutdown
2019-10-09 08:01:49,009 [main] INFO  util.JmxRegister (JmxRegister.java:unregister(73)) - Successfully un-registered JMX Bean with object name Ratis:service=RaftServer,group=group-EF8375718EC5,id=378e8ca1-a439-4b49-a1cd-52eabd12a77e
2019-10-09 08:01:49,010 [main] INFO  impl.RoleInfo (RoleInfo.java:shutdownFollowerState(121)) - 378e8ca1-a439-4b49-a1cd-52eabd12a77e: shutdown FollowerState
2019-10-09 08:01:49,011 [main] INFO  impl.StateMachineUpdater (StateMachineUpdater.java:stopAndJoin(136)) - 378e8ca1-a439-4b49-a1cd-52eabd12a77e@group-EF8375718EC5-StateMachineUpdater: set stopIndex = 16
2019-10-09 08:01:49,011 [378e8ca1-a439-4b49-a1cd-52eabd12a77e@group-EF8375718EC5-StateMachineUpdater] INFO  ratis.ContainerStateMachine (ContainerStateMachine.java:takeSnapshot(294)) - group-EF8375718EC5: Taking a snapshot at:(t:1, i:13) file /workdir/hadoop-ozone/integration-test/target/test-dir/MiniOzoneClusterImpl-4df022c4-1e45-4101-a2a2-7a234f72b8c5/datanode-3/data/ratis/fb31f444-c33b-4c0e-ab12-ef8375718ec5/sm/snapshot.1_13
2019-10-09 08:01:49,011 [Thread-3267] INFO  impl.FollowerState (FollowerState.java:run(117)) - 378e8ca1-a439-4b49-a1cd-52eabd12a77e@group-EF8375718EC5-FollowerState was interrupted: java.lang.InterruptedException: sleep interrupted
2019-10-09 08:01:49,020 [EventQueue-StaleNodeForStaleNodeHandler] INFO  node.StaleNodeHandler (StaleNodeHandler.java:onMessage(58)) - Datanode 378e8ca1-a439-4b49-a1cd-52eabd12a77e{ip: 192.168.30.26, host: pr-hdds-2267-jsbhp-248048675, networkLocation: /default-rack, certSerialId: null} moved to stale state. Finalizing its pipelines [PipelineID=fb31f444-c33b-4c0e-ab12-ef8375718ec5, PipelineID=0faae73a-54e8-435a-8ba1-e4adad187c2f]
2019-10-09 08:01:49,021 [EventQueue-StaleNodeForStaleNodeHandler] INFO  pipeline.SCMPipelineManager (SCMPipelineManager.java:finalizeAndDestroyPipeline(315)) - destroying pipeline:Pipeline[ Id: fb31f444-c33b-4c0e-ab12-ef8375718ec5, Nodes: 47b9f0ae-ccc1-46e4-8719-b00f15f21b54{ip: 192.168.30.26, host: pr-hdds-2267-jsbhp-248048675, networkLocation: /default-rack, certSerialId: null}378e8ca1-a439-4b49-a1cd-52eabd12a77e{ip: 192.168.30.26, host: pr-hdds-2267-jsbhp-248048675, networkLocation: /default-rack, certSerialId: null}a4988454-66ec-443f-97d8-24dbcdced6c5{ip: 192.168.30.26, host: pr-hdds-2267-jsbhp-248048675, networkLocation: /default-rack, certSerialId: null}, Type:RATIS, Factor:THREE, State:CLOSED]
2019-10-09 08:01:49,021 [EventQueue-StaleNodeForStaleNodeHandler] INFO  pipeline.SCMPipelineManager (SCMPipelineManager.java:finalizeAndDestroyPipeline(315)) - destroying pipeline:Pipeline[ Id: 0faae73a-54e8-435a-8ba1-e4adad187c2f, Nodes: 378e8ca1-a439-4b49-a1cd-52eabd12a77e{ip: 192.168.30.26, host: pr-hdds-2267-jsbhp-248048675, networkLocation: /default-rack, certSerialId: null}, Type:RATIS, Factor:ONE, State:OPEN]
2019-10-09 08:01:49,021 [EventQueue-StaleNodeForStaleNodeHandler] INFO  pipeline.PipelineStateManager (PipelineStateManager.java:finalizePipeline(123)) - Pipeline Pipeline[ Id: 0faae73a-54e8-435a-8ba1-e4adad187c2f, Nodes: 378e8ca1-a439-4b49-a1cd-52eabd12a77e{ip: 192.168.30.26, host: pr-hdds-2267-jsbhp-248048675, networkLocation: /default-rack, certSerialId: null}, Type:RATIS, Factor:ONE, State:CLOSED] moved to CLOSED state
2019-10-09 08:01:49,027 [ForkJoinPool.commonPool-worker-0] INFO  ozoneimpl.OzoneContainer (OzoneContainer.java:stop(227)) - Attempting to stop container services.
2019-10-09 08:01:49,029 [ForkJoinPool.commonPool-worker-0] INFO  impl.RaftServerProxy (RaftServerProxy.java:lambda$close$4(314)) - 3867358e-0593-45dd-9259-84e61f3a3ea7: close
2019-10-09 08:01:49,029 [ForkJoinPool.commonPool-worker-0] INFO  impl.RaftServerImpl (RaftServerImpl.java:lambda$shutdown$3(247)) - 3867358e-0593-45dd-9259-84e61f3a3ea7@group-EEC9EBFE976A: shutdown
2019-10-09 08:01:49,030 [ForkJoinPool.commonPool-worker-0] INFO  util.JmxRegister (JmxRegister.java:unregister(73)) - Successfully un-registered JMX Bean with object name Ratis:service=RaftServer,group=group-EEC9EBFE976A,id=3867358e-0593-45dd-9259-84e61f3a3ea7
2019-10-09 08:01:49,030 [ForkJoinPool.commonPool-worker-0] INFO  impl.RoleInfo (RoleInfo.java:shutdownLeaderState(104)) - 3867358e-0593-45dd-9259-84e61f3a3ea7: shutdown LeaderState
2019-10-09 08:01:49,030 [378e8ca1-a439-4b49-a1cd-52eabd12a77e@group-EF8375718EC5-StateMachineUpdater] INFO  ratis.ContainerStateMachine (ContainerStateMachine.java:takeSnapshot(305)) - group-EF8375718EC5: Finished taking a snapshot at:(t:1, i:13) file:/workdir/hadoop-ozone/integration-test/target/test-dir/MiniOzoneClusterImpl-4df022c4-1e45-4101-a2a2-7a234f72b8c5/datanode-3/data/ratis/fb31f444-c33b-4c0e-ab12-ef8375718ec5/sm/snapshot.1_13 time:19
2019-10-09 08:01:49,031 [ForkJoinPool.commonPool-worker-0] INFO  impl.PendingRequests (PendingRequests.java:sendNotLeaderResponses(202)) - 3867358e-0593-45dd-9259-84e61f3a3ea7@group-EEC9EBFE976A-PendingRequests: sendNotLeaderResponses
2019-10-09 08:01:49,031 [378e8ca1-a439-4b49-a1cd-52eabd12a77e@group-EF8375718EC5-StateMachineUpdater] INFO  impl.StateMachineUpdater (StateMachineUpdater.java:takeSnapshot(269)) - 378e8ca1-a439-4b49-a1cd-52eabd12a77e@group-EF8375718EC5-StateMachineUpdater: Took a snapshot at index 13
2019-10-09 08:01:49,031 [378e8ca1-a439-4b49-a1cd-52eabd12a77e@group-EF8375718EC5-StateMachineUpdater] INFO  impl.StateMachineUpdater (StateMachineUpdater.java:lambda$new$0(84)) - 378e8ca1-a439-4b49-a1cd-52eabd12a77e@group-EF8375718EC5-StateMachineUpdater: snapshotIndex: updateIncreasingly -1 -> 13
2019-10-09 08:01:49,031 [ForkJoinPool.commonPool-worker-0] INFO  impl.StateMachineUpdater (StateMachineUpdater.java:stopAndJoin(136)) - 3867358e-0593-45dd-9259-84e61f3a3ea7@group-EEC9EBFE976A-StateMachineUpdater: set stopIndex = 0
2019-10-09 08:01:49,032 [ForkJoinPool.commonPool-worker-0] INFO  impl.RaftServerImpl (ServerState.java:close(387)) - 3867358e-0593-45dd-9259-84e61f3a3ea7@group-EEC9EBFE976A: closes. applyIndex: 0
2019-10-09 08:01:49,032 [378e8ca1-a439-4b49-a1cd-52eabd12a77e@group-EF8375718EC5-StateMachineUpdater] INFO  ratis.ContainerStateMachine (ContainerStateMachine.java:takeSnapshot(294)) - group-EF8375718EC5: Taking a snapshot at:(t:1, i:13) file /workdir/hadoop-ozone/integration-test/target/test-dir/MiniOzoneClusterImpl-4df022c4-1e45-4101-a2a2-7a234f72b8c5/datanode-3/data/ratis/fb31f444-c33b-4c0e-ab12-ef8375718ec5/sm/snapshot.1_13
2019-10-09 08:01:49,033 [3867358e-0593-45dd-9259-84e61f3a3ea7@group-EEC9EBFE976A-SegmentedRaftLogWorker] INFO  segmented.SegmentedRaftLogWorker (SegmentedRaftLogWorker.java:run(316)) - 3867358e-0593-45dd-9259-84e61f3a3ea7@group-EEC9EBFE976A-SegmentedRaftLogWorker was interrupted, exiting. There are 0 tasks remaining in the queue.
2019-10-09 08:01:49,035 [ForkJoinPool.commonPool-worker-0] INFO  segmented.SegmentedRaftLogWorker (SegmentedRaftLogWorker.java:close(224)) - 3867358e-0593-45dd-9259-84e61f3a3ea7@group-EEC9EBFE976A-SegmentedRaftLogWorker close()
2019-10-09 08:01:49,039 [ForkJoinPool.commonPool-worker-0] INFO  impl.RaftServerImpl (RaftServerImpl.java:lambda$shutdown$3(247)) - 3867358e-0593-45dd-9259-84e61f3a3ea7@group-BFF9D2052DC2: shutdown
2019-10-09 08:01:49,039 [ForkJoinPool.commonPool-worker-0] INFO  util.JmxRegister (JmxRegister.java:unregister(73)) - Successfully un-registered JMX Bean with object name Ratis:service=RaftServer,group=group-BFF9D2052DC2,id=3867358e-0593-45dd-9259-84e61f3a3ea7
2019-10-09 08:01:49,040 [ForkJoinPool.commonPool-worker-0] INFO  impl.RoleInfo (RoleInfo.java:shutdownFollowerState(121)) - 3867358e-0593-45dd-9259-84e61f3a3ea7: shutdown FollowerState
2019-10-09 08:01:49,040 [ForkJoinPool.commonPool-worker-0] INFO  impl.StateMachineUpdater (StateMachineUpdater.java:stopAndJoin(136)) - 3867358e-0593-45dd-9259-84e61f3a3ea7@group-BFF9D2052DC2-StateMachineUpdater: set stopIndex = 15
2019-10-09 08:01:49,040 [3867358e-0593-45dd-9259-84e61f3a3ea7@group-BFF9D2052DC2-StateMachineUpdater] INFO  ratis.ContainerStateMachine (ContainerStateMachine.java:takeSnapshot(294)) - group-BFF9D2052DC2: Taking a snapshot at:(t:1, i:13) file /workdir/hadoop-ozone/integration-test/target/test-dir/MiniOzoneClusterImpl-4df022c4-1e45-4101-a2a2-7a234f72b8c5/datanode-2/data/ratis/56386311-4264-4549-8661-bff9d2052dc2/sm/snapshot.1_13
2019-10-09 08:01:49,040 [Thread-3141] INFO  impl.FollowerState (FollowerState.java:run(117)) - 3867358e-0593-45dd-9259-84e61f3a3ea7@group-BFF9D2052DC2-FollowerState was interrupted: java.lang.InterruptedException: sleep interrupted
2019-10-09 08:01:49,046 [3867358e-0593-45dd-9259-84e61f3a3ea7@group-BFF9D2052DC2-StateMachineUpdater] INFO  ratis.ContainerStateMachine (ContainerStateMachine.java:takeSnapshot(305)) - group-BFF9D2052DC2: Finished taking a snapshot at:(t:1, i:13) file:/workdir/hadoop-ozone/integration-test/target/test-dir/MiniOzoneClusterImpl-4df022c4-1e45-4101-a2a2-7a234f72b8c5/datanode-2/data/ratis/56386311-4264-4549-8661-bff9d2052dc2/sm/snapshot.1_13 time:6
2019-10-09 08:01:49,046 [378e8ca1-a439-4b49-a1cd-52eabd12a77e@group-EF8375718EC5-StateMachineUpdater] INFO  ratis.ContainerStateMachine (ContainerStateMachine.java:takeSnapshot(305)) - group-EF8375718EC5: Finished taking a snapshot at:(t:1, i:13) file:/workdir/hadoop-ozone/integration-test/target/test-dir/MiniOzoneClusterImpl-4df022c4-1e45-4101-a2a2-7a234f72b8c5/datanode-3/data/ratis/fb31f444-c33b-4c0e-ab12-ef8375718ec5/sm/snapshot.1_13 time:14
2019-10-09 08:01:49,047 [3867358e-0593-45dd-9259-84e61f3a3ea7@group-BFF9D2052DC2-StateMachineUpdater] INFO  impl.StateMachineUpdater (StateMachineUpdater.java:takeSnapshot(269)) - 3867358e-0593-45dd-9259-84e61f3a3ea7@group-BFF9D2052DC2-StateMachineUpdater: Took a snapshot at index 13
2019-10-09 08:01:49,047 [378e8ca1-a439-4b49-a1cd-52eabd12a77e@group-EF8375718EC5-StateMachineUpdater] INFO  impl.StateMachineUpdater (StateMachineUpdater.java:takeSnapshot(269)) - 378e8ca1-a439-4b49-a1cd-52eabd12a77e@group-EF8375718EC5-StateMachineUpdater: Took a snapshot at index 13
2019-10-09 08:01:49,047 [3867358e-0593-45dd-9259-84e61f3a3ea7@group-BFF9D2052DC2-StateMachineUpdater] INFO  impl.StateMachineUpdater (StateMachineUpdater.java:lambda$new$0(84)) - 3867358e-0593-45dd-9259-84e61f3a3ea7@group-BFF9D2052DC2-StateMachineUpdater: snapshotIndex: updateIncreasingly -1 -> 13
2019-10-09 08:01:49,047 [378e8ca1-a439-4b49-a1cd-52eabd12a77e@group-EF8375718EC5-StateMachineUpdater] INFO  impl.StateMachineUpdater (StateMachineUpdater.java:lambda$new$0(84)) - 378e8ca1-a439-4b49-a1cd-52eabd12a77e@group-EF8375718EC5-StateMachineUpdater: snapshotIndex: updateIncreasingly 13 -> 13
2019-10-09 08:01:49,047 [3867358e-0593-45dd-9259-84e61f3a3ea7@group-BFF9D2052DC2-StateMachineUpdater] INFO  ratis.ContainerStateMachine (ContainerStateMachine.java:takeSnapshot(294)) - group-BFF9D2052DC2: Taking a snapshot at:(t:1, i:13) file /workdir/hadoop-ozone/integration-test/target/test-dir/MiniOzoneClusterImpl-4df022c4-1e45-4101-a2a2-7a234f72b8c5/datanode-2/data/ratis/56386311-4264-4549-8661-bff9d2052dc2/sm/snapshot.1_13
2019-10-09 08:01:49,047 [main] INFO  impl.RaftServerImpl (ServerState.java:close(387)) - 378e8ca1-a439-4b49-a1cd-52eabd12a77e@group-EF8375718EC5: closes. applyIndex: 16
2019-10-09 08:01:49,048 [378e8ca1-a439-4b49-a1cd-52eabd12a77e@group-EF8375718EC5-SegmentedRaftLogWorker] INFO  segmented.SegmentedRaftLogWorker (SegmentedRaftLogWorker.java:run(316)) - 378e8ca1-a439-4b49-a1cd-52eabd12a77e@group-EF8375718EC5-SegmentedRaftLogWorker was interrupted, exiting. There are 0 tasks remaining in the queue.
2019-10-09 08:01:49,050 [main] INFO  segmented.SegmentedRaftLogWorker (SegmentedRaftLogWorker.java:close(224)) - 378e8ca1-a439-4b49-a1cd-52eabd12a77e@group-EF8375718EC5-SegmentedRaftLogWorker close()
2019-10-09 08:01:49,057 [main] INFO  impl.RaftServerImpl (RaftServerImpl.java:lambda$shutdown$3(247)) - 378e8ca1-a439-4b49-a1cd-52eabd12a77e@group-E4ADAD187C2F: shutdown
2019-10-09 08:01:49,058 [main] INFO  util.JmxRegister (JmxRegister.java:unregister(73)) - Successfully un-registered JMX Bean with object name Ratis:service=RaftServer,group=group-E4ADAD187C2F,id=378e8ca1-a439-4b49-a1cd-52eabd12a77e
2019-10-09 08:01:49,058 [main] INFO  impl.RoleInfo (RoleInfo.java:shutdownLeaderState(104)) - 378e8ca1-a439-4b49-a1cd-52eabd12a77e: shutdown LeaderState
2019-10-09 08:01:49,059 [main] INFO  impl.PendingRequests (PendingRequests.java:sendNotLeaderResponses(202)) - 378e8ca1-a439-4b49-a1cd-52eabd12a77e@group-E4ADAD187C2F-PendingRequests: sendNotLeaderResponses
2019-10-09 08:01:49,059 [main] INFO  impl.StateMachineUpdater (StateMachineUpdater.java:stopAndJoin(136)) - 378e8ca1-a439-4b49-a1cd-52eabd12a77e@group-E4ADAD187C2F-StateMachineUpdater: set stopIndex = 0
2019-10-09 08:01:49,059 [main] INFO  impl.RaftServerImpl (ServerState.java:close(387)) - 378e8ca1-a439-4b49-a1cd-52eabd12a77e@group-E4ADAD187C2F: closes. applyIndex: 0
2019-10-09 08:01:49,060 [3867358e-0593-45dd-9259-84e61f3a3ea7@group-BFF9D2052DC2-StateMachineUpdater] INFO  ratis.ContainerStateMachine (ContainerStateMachine.java:takeSnapshot(305)) - group-BFF9D2052DC2: Finished taking a snapshot at:(t:1, i:13) file:/workdir/hadoop-ozone/integration-test/target/test-dir/MiniOzoneClusterImpl-4df022c4-1e45-4101-a2a2-7a234f72b8c5/datanode-2/data/ratis/56386311-4264-4549-8661-bff9d2052dc2/sm/snapshot.1_13 time:13
2019-10-09 08:01:49,060 [378e8ca1-a439-4b49-a1cd-52eabd12a77e@group-E4ADAD187C2F-SegmentedRaftLogWorker] INFO  segmented.SegmentedRaftLogWorker (SegmentedRaftLogWorker.java:run(316)) - 378e8ca1-a439-4b49-a1cd-52eabd12a77e@group-E4ADAD187C2F-SegmentedRaftLogWorker was interrupted, exiting. There are 0 tasks remaining in the queue.
2019-10-09 08:01:49,060 [3867358e-0593-45dd-9259-84e61f3a3ea7@group-BFF9D2052DC2-StateMachineUpdater] INFO  impl.StateMachineUpdater (StateMachineUpdater.java:takeSnapshot(269)) - 3867358e-0593-45dd-9259-84e61f3a3ea7@group-BFF9D2052DC2-StateMachineUpdater: Took a snapshot at index 13
2019-10-09 08:01:49,062 [3867358e-0593-45dd-9259-84e61f3a3ea7@group-BFF9D2052DC2-StateMachineUpdater] INFO  impl.StateMachineUpdater (StateMachineUpdater.java:lambda$new$0(84)) - 3867358e-0593-45dd-9259-84e61f3a3ea7@group-BFF9D2052DC2-StateMachineUpdater: snapshotIndex: updateIncreasingly 13 -> 13
2019-10-09 08:01:49,062 [main] INFO  segmented.SegmentedRaftLogWorker (SegmentedRaftLogWorker.java:close(224)) - 378e8ca1-a439-4b49-a1cd-52eabd12a77e@group-E4ADAD187C2F-SegmentedRaftLogWorker close()
2019-10-09 08:01:49,062 [ForkJoinPool.commonPool-worker-0] INFO  impl.RaftServerImpl (ServerState.java:close(387)) - 3867358e-0593-45dd-9259-84e61f3a3ea7@group-BFF9D2052DC2: closes. applyIndex: 15
2019-10-09 08:01:49,065 [main] INFO  server.GrpcService (GrpcService.java:closeImpl(164)) - 378e8ca1-a439-4b49-a1cd-52eabd12a77e: shutdown server with port 45153 now
2019-10-09 08:01:49,065 [3867358e-0593-45dd-9259-84e61f3a3ea7@group-BFF9D2052DC2-SegmentedRaftLogWorker] INFO  segmented.SegmentedRaftLogWorker (SegmentedRaftLogWorker.java:run(316)) - 3867358e-0593-45dd-9259-84e61f3a3ea7@group-BFF9D2052DC2-SegmentedRaftLogWorker was interrupted, exiting. There are 0 tasks remaining in the queue.
2019-10-09 08:01:49,067 [ForkJoinPool.commonPool-worker-0] INFO  segmented.SegmentedRaftLogWorker (SegmentedRaftLogWorker.java:close(224)) - 3867358e-0593-45dd-9259-84e61f3a3ea7@group-BFF9D2052DC2-SegmentedRaftLogWorker close()
2019-10-09 08:01:49,069 [ForkJoinPool.commonPool-worker-0] INFO  server.GrpcService (GrpcService.java:closeImpl(164)) - 3867358e-0593-45dd-9259-84e61f3a3ea7: shutdown server with port 40376 now
2019-10-09 08:01:49,070 [grpc-default-executor-6] WARN  server.GrpcServerProtocolService (LogUtils.java:warn(134)) - 378e8ca1-a439-4b49-a1cd-52eabd12a77e: installSnapshot onError, lastRequest: a4988454-66ec-443f-97d8-24dbcdced6c5->378e8ca1-a439-4b49-a1cd-52eabd12a77e#6-t2, previous=(t:2, i:16), leaderCommit=16, initializing? false, entries: <empty>: org.apache.ratis.thirdparty.io.grpc.StatusRuntimeException: CANCELLED: cancelled before receiving half close
2019-10-09 08:01:49,070 [main] INFO  server.GrpcService (GrpcService.java:closeImpl(172)) - 378e8ca1-a439-4b49-a1cd-52eabd12a77e: shutdown server with port 45153 successfully
2019-10-09 08:01:49,071 [grpc-default-executor-5] WARN  server.GrpcLogAppender (LogUtils.java:warn(134)) - a4988454-66ec-443f-97d8-24dbcdced6c5@group-EF8375718EC5->378e8ca1-a439-4b49-a1cd-52eabd12a77e-AppendLogResponseHandler: Failed appendEntries: org.apache.ratis.thirdparty.io.grpc.StatusRuntimeException: CANCELLED: HTTP/2 error code: CANCEL
Received Rst Stream
2019-10-09 08:01:49,071 [ForkJoinPool.commonPool-worker-0] INFO  server.GrpcService (GrpcService.java:closeImpl(172)) - 3867358e-0593-45dd-9259-84e61f3a3ea7: shutdown server with port 40376 successfully
2019-10-09 08:01:49,072 [grpc-default-executor-5] INFO  impl.FollowerInfo (FollowerInfo.java:lambda$new$0(51)) - a4988454-66ec-443f-97d8-24dbcdced6c5@group-EF8375718EC5->378e8ca1-a439-4b49-a1cd-52eabd12a77e: nextIndex: updateUnconditionally 17 -> 16
2019-10-09 08:01:49,075 [refreshUsed-/workdir/hadoop-ozone/integration-test/target/test-dir/MiniOzoneClusterImpl-4df022c4-1e45-4101-a2a2-7a234f72b8c5/datanode-3/data/containers] WARN  fs.CachingGetSpaceUsed (CachingGetSpaceUsed.java:run(183)) - Thread Interrupted waiting to refresh disk information: sleep interrupted
2019-10-09 08:01:49,081 [refreshUsed-/workdir/hadoop-ozone/integration-test/target/test-dir/MiniOzoneClusterImpl-4df022c4-1e45-4101-a2a2-7a234f72b8c5/datanode-2/data/containers] WARN  fs.CachingGetSpaceUsed (CachingGetSpaceUsed.java:run(183)) - Thread Interrupted waiting to refresh disk information: sleep interrupted
2019-10-09 08:01:49,095 [main] INFO  utils.BackgroundService (BackgroundService.java:shutdown(151)) - Shutting down service BlockDeletingService
2019-10-09 08:01:49,099 [main] INFO  statemachine.DatanodeStateMachine (DatanodeStateMachine.java:stopDaemon(395)) - Ozone container server stopped.
2019-10-09 08:01:49,102 [ForkJoinPool.commonPool-worker-0] INFO  utils.BackgroundService (BackgroundService.java:shutdown(151)) - Shutting down service BlockDeletingService
2019-10-09 08:01:49,105 [ForkJoinPool.commonPool-worker-0] INFO  statemachine.DatanodeStateMachine (DatanodeStateMachine.java:stopDaemon(395)) - Ozone container server stopped.
2019-10-09 08:01:49,115 [ForkJoinPool.commonPool-worker-0] INFO  handler.ContextHandler (ContextHandler.java:doStop(910)) - Stopped o.e.j.w.WebAppContext@54495935{/,null,UNAVAILABLE}{/hddsDatanode}
2019-10-09 08:01:49,115 [main] INFO  handler.ContextHandler (ContextHandler.java:doStop(910)) - Stopped o.e.j.w.WebAppContext@7b297740{/,null,UNAVAILABLE}{/hddsDatanode}
2019-10-09 08:01:49,115 [ForkJoinPool.commonPool-worker-0] INFO  server.AbstractConnector (AbstractConnector.java:doStop(318)) - Stopped ServerConnector@67c6f4d8{HTTP/1.1,[http/1.1]}{0.0.0.0:0}
2019-10-09 08:01:49,115 [ForkJoinPool.commonPool-worker-0] INFO  handler.ContextHandler (ContextHandler.java:doStop(910)) - Stopped o.e.j.s.ServletContextHandler@d25e878{/static,jar:file:/home/user/.m2/repository/org/apache/hadoop/hadoop-hdds-container-service/0.5.0-SNAPSHOT/hadoop-hdds-container-service-0.5.0-SNAPSHOT.jar!/webapps/static,UNAVAILABLE}
2019-10-09 08:01:49,116 [main] INFO  server.AbstractConnector (AbstractConnector.java:doStop(318)) - Stopped ServerConnector@1b7554d4{HTTP/1.1,[http/1.1]}{0.0.0.0:0}
2019-10-09 08:01:49,116 [ForkJoinPool.commonPool-worker-0] INFO  handler.ContextHandler (ContextHandler.java:doStop(910)) - Stopped o.e.j.s.ServletContextHandler@7d484fcd{/logs,file:///workdir/hadoop-ozone/integration-test/target/log,UNAVAILABLE}
2019-10-09 08:01:49,116 [main] INFO  handler.ContextHandler (ContextHandler.java:doStop(910)) - Stopped o.e.j.s.ServletContextHandler@13f40d71{/static,jar:file:/home/user/.m2/repository/org/apache/hadoop/hadoop-hdds-container-service/0.5.0-SNAPSHOT/hadoop-hdds-container-service-0.5.0-SNAPSHOT.jar!/webapps/static,UNAVAILABLE}
2019-10-09 08:01:49,117 [main] INFO  handler.ContextHandler (ContextHandler.java:doStop(910)) - Stopped o.e.j.s.ServletContextHandler@1bee0085{/logs,file:///workdir/hadoop-ozone/integration-test/target/log,UNAVAILABLE}
2019-10-09 08:01:49,662 [Datanode State Machine Thread - 0] INFO  statemachine.DatanodeStateMachine (DatanodeStateMachine.java:lambda$startDaemon$0(350)) - Ozone container server started.
2019-10-09 08:01:49,980 [Datanode State Machine Thread - 0] INFO  statemachine.DatanodeStateMachine (DatanodeStateMachine.java:lambda$startDaemon$0(350)) - Ozone container server started.
2019-10-09 08:01:50,770 [grpc-default-executor-5] WARN  server.GrpcLogAppender (LogUtils.java:warn(134)) - a4988454-66ec-443f-97d8-24dbcdced6c5@group-EF8375718EC5->47b9f0ae-ccc1-46e4-8719-b00f15f21b54-AppendLogResponseHandler: Failed appendEntries: org.apache.ratis.thirdparty.io.grpc.StatusRuntimeException: UNAVAILABLE: io exception
2019-10-09 08:01:50,771 [grpc-default-executor-5] INFO  impl.FollowerInfo (FollowerInfo.java:lambda$new$0(51)) - a4988454-66ec-443f-97d8-24dbcdced6c5@group-EF8375718EC5->47b9f0ae-ccc1-46e4-8719-b00f15f21b54: nextIndex: updateUnconditionally 0 -> 0
2019-10-09 08:01:50,771 [grpc-default-executor-7] WARN  server.GrpcLogAppender (LogUtils.java:warn(134)) - a4988454-66ec-443f-97d8-24dbcdced6c5@group-EF8375718EC5->378e8ca1-a439-4b49-a1cd-52eabd12a77e-AppendLogResponseHandler: Failed appendEntries: org.apache.ratis.thirdparty.io.grpc.StatusRuntimeException: UNAVAILABLE: io exception
2019-10-09 08:01:50,772 [grpc-default-executor-7] INFO  impl.FollowerInfo (FollowerInfo.java:lambda$new$0(51)) - a4988454-66ec-443f-97d8-24dbcdced6c5@group-EF8375718EC5->378e8ca1-a439-4b49-a1cd-52eabd12a77e: nextIndex: updateUnconditionally 16 -> 15
2019-10-09 08:01:53,277 [grpc-default-executor-7] WARN  server.GrpcLogAppender (LogUtils.java:warn(134)) - a4988454-66ec-443f-97d8-24dbcdced6c5@group-EF8375718EC5->378e8ca1-a439-4b49-a1cd-52eabd12a77e-AppendLogResponseHandler: Failed appendEntries: org.apache.ratis.thirdparty.io.grpc.StatusRuntimeException: UNAVAILABLE: io exception
2019-10-09 08:01:53,277 [grpc-default-executor-5] WARN  server.GrpcLogAppender (LogUtils.java:warn(134)) - a4988454-66ec-443f-97d8-24dbcdced6c5@group-EF8375718EC5->47b9f0ae-ccc1-46e4-8719-b00f15f21b54-AppendLogResponseHandler: Failed appendEntries: org.apache.ratis.thirdparty.io.grpc.StatusRuntimeException: UNAVAILABLE: io exception
2019-10-09 08:01:53,279 [grpc-default-executor-5] INFO  impl.FollowerInfo (FollowerInfo.java:lambda$new$0(51)) - a4988454-66ec-443f-97d8-24dbcdced6c5@group-EF8375718EC5->47b9f0ae-ccc1-46e4-8719-b00f15f21b54: nextIndex: updateUnconditionally 0 -> 0
2019-10-09 08:01:53,279 [grpc-default-executor-7] INFO  impl.FollowerInfo (FollowerInfo.java:lambda$new$0(51)) - a4988454-66ec-443f-97d8-24dbcdced6c5@group-EF8375718EC5->378e8ca1-a439-4b49-a1cd-52eabd12a77e: nextIndex: updateUnconditionally 15 -> 14
2019-10-09 08:01:53,475 [Thread-3140] INFO  impl.FollowerState (FollowerState.java:run(108)) - 073fd5a2-9708-4ee1-989d-fb2c807bc92e@group-BFF9D2052DC2-FollowerState: change to CANDIDATE, lastRpcTime:9621ms, electionTimeout:5199ms
2019-10-09 08:01:53,476 [Thread-3140] INFO  impl.RoleInfo (RoleInfo.java:shutdownFollowerState(121)) - 073fd5a2-9708-4ee1-989d-fb2c807bc92e: shutdown FollowerState
2019-10-09 08:01:53,477 [Thread-3140] INFO  impl.RaftServerImpl (RaftServerImpl.java:setRole(170)) - 073fd5a2-9708-4ee1-989d-fb2c807bc92e@group-BFF9D2052DC2: changes role from  FOLLOWER to CANDIDATE at term 1 for changeToCandidate
2019-10-09 08:01:53,477 [Thread-3140] INFO  impl.RoleInfo (RoleInfo.java:updateAndGet(143)) - 073fd5a2-9708-4ee1-989d-fb2c807bc92e: start LeaderElection
2019-10-09 08:01:53,485 [073fd5a2-9708-4ee1-989d-fb2c807bc92e@group-BFF9D2052DC2-LeaderElection76] INFO  impl.RaftServerImpl (ServerState.java:setLeader(255)) - 073fd5a2-9708-4ee1-989d-fb2c807bc92e@group-BFF9D2052DC2: change Leader from 1b70438d-a4e3-4816-9602-0f37573f16e9 to null at term 1 for initElection
2019-10-09 08:01:53,502 [073fd5a2-9708-4ee1-989d-fb2c807bc92e@group-BFF9D2052DC2-LeaderElection76] INFO  impl.LeaderElection (LeaderElection.java:askForVotes(178)) - 073fd5a2-9708-4ee1-989d-fb2c807bc92e@group-BFF9D2052DC2-LeaderElection76: begin an election at term 2 for 0: [3867358e-0593-45dd-9259-84e61f3a3ea7:192.168.30.26:40376, 073fd5a2-9708-4ee1-989d-fb2c807bc92e:192.168.30.26:43196, 1b70438d-a4e3-4816-9602-0f37573f16e9:192.168.30.26:40185], old=null
2019-10-09 08:01:53,511 [073fd5a2-9708-4ee1-989d-fb2c807bc92e@group-BFF9D2052DC2-LeaderElection76] INFO  impl.LeaderElection (LogUtils.java:infoOrTrace(149)) - 073fd5a2-9708-4ee1-989d-fb2c807bc92e@group-BFF9D2052DC2-LeaderElection76 got exception when requesting votes: {}
java.util.concurrent.ExecutionException: org.apache.ratis.thirdparty.io.grpc.StatusRuntimeException: UNAVAILABLE: io exception
	at java.util.concurrent.FutureTask.report(FutureTask.java:122)
	at java.util.concurrent.FutureTask.get(FutureTask.java:192)
	at org.apache.ratis.server.impl.LeaderElection.waitForResults(LeaderElection.java:259)
	at org.apache.ratis.server.impl.LeaderElection.askForVotes(LeaderElection.java:197)
	at org.apache.ratis.server.impl.LeaderElection.run(LeaderElection.java:133)
	at java.lang.Thread.run(Thread.java:748)
Caused by: org.apache.ratis.thirdparty.io.grpc.StatusRuntimeException: UNAVAILABLE: io exception
	at org.apache.ratis.thirdparty.io.grpc.stub.ClientCalls.toStatusRuntimeException(ClientCalls.java:233)
	at org.apache.ratis.thirdparty.io.grpc.stub.ClientCalls.getUnchecked(ClientCalls.java:214)
	at org.apache.ratis.thirdparty.io.grpc.stub.ClientCalls.blockingUnaryCall(ClientCalls.java:139)
	at org.apache.ratis.proto.grpc.RaftServerProtocolServiceGrpc$RaftServerProtocolServiceBlockingStub.requestVote(RaftServerProtocolServiceGrpc.java:265)
	at org.apache.ratis.grpc.server.GrpcServerProtocolClient.requestVote(GrpcServerProtocolClient.java:99)
	at org.apache.ratis.grpc.server.GrpcService.requestVote(GrpcService.java:204)
	at org.apache.ratis.server.impl.LeaderElection.lambda$submitRequests$1(LeaderElection.java:234)
	at java.util.concurrent.FutureTask.run(FutureTask.java:266)
	at java.util.concurrent.Executors$RunnableAdapter.call(Executors.java:511)
	at java.util.concurrent.FutureTask.run(FutureTask.java:266)
	at java.util.concurrent.ThreadPoolExecutor.runWorker(ThreadPoolExecutor.java:1149)
	at java.util.concurrent.ThreadPoolExecutor$Worker.run(ThreadPoolExecutor.java:624)
	... 1 more
Caused by: org.apache.ratis.thirdparty.io.netty.channel.AbstractChannel$AnnotatedConnectException: Connection refused: /192.168.30.26:40376
	at sun.nio.ch.SocketChannelImpl.checkConnect(Native Method)
	at sun.nio.ch.SocketChannelImpl.finishConnect(SocketChannelImpl.java:717)
	at org.apache.ratis.thirdparty.io.netty.channel.socket.nio.NioSocketChannel.doFinishConnect(NioSocketChannel.java:327)
	at org.apache.ratis.thirdparty.io.netty.channel.nio.AbstractNioChannel$AbstractNioUnsafe.finishConnect(AbstractNioChannel.java:340)
	at org.apache.ratis.thirdparty.io.netty.channel.nio.NioEventLoop.processSelectedKey(NioEventLoop.java:632)
	at org.apache.ratis.thirdparty.io.netty.channel.nio.NioEventLoop.processSelectedKeysOptimized(NioEventLoop.java:579)
	at org.apache.ratis.thirdparty.io.netty.channel.nio.NioEventLoop.processSelectedKeys(NioEventLoop.java:496)
	at org.apache.ratis.thirdparty.io.netty.channel.nio.NioEventLoop.run(NioEventLoop.java:458)
	at org.apache.ratis.thirdparty.io.netty.util.concurrent.SingleThreadEventExecutor$5.run(SingleThreadEventExecutor.java:897)
	at org.apache.ratis.thirdparty.io.netty.util.concurrent.FastThreadLocalRunnable.run(FastThreadLocalRunnable.java:30)
	... 1 more
Caused by: java.net.ConnectException: Connection refused
	... 11 more
2019-10-09 08:01:53,515 [073fd5a2-9708-4ee1-989d-fb2c807bc92e@group-BFF9D2052DC2-LeaderElection76] INFO  impl.LeaderElection (LogUtils.java:infoOrTrace(149)) - 073fd5a2-9708-4ee1-989d-fb2c807bc92e@group-BFF9D2052DC2-LeaderElection76 got exception when requesting votes: {}
java.util.concurrent.ExecutionException: org.apache.ratis.thirdparty.io.grpc.StatusRuntimeException: UNAVAILABLE: io exception
	at java.util.concurrent.FutureTask.report(FutureTask.java:122)
	at java.util.concurrent.FutureTask.get(FutureTask.java:192)
	at org.apache.ratis.server.impl.LeaderElection.waitForResults(LeaderElection.java:259)
	at org.apache.ratis.server.impl.LeaderElection.askForVotes(LeaderElection.java:197)
	at org.apache.ratis.server.impl.LeaderElection.run(LeaderElection.java:133)
	at java.lang.Thread.run(Thread.java:748)
Caused by: org.apache.ratis.thirdparty.io.grpc.StatusRuntimeException: UNAVAILABLE: io exception
	at org.apache.ratis.thirdparty.io.grpc.stub.ClientCalls.toStatusRuntimeException(ClientCalls.java:233)
	at org.apache.ratis.thirdparty.io.grpc.stub.ClientCalls.getUnchecked(ClientCalls.java:214)
	at org.apache.ratis.thirdparty.io.grpc.stub.ClientCalls.blockingUnaryCall(ClientCalls.java:139)
	at org.apache.ratis.proto.grpc.RaftServerProtocolServiceGrpc$RaftServerProtocolServiceBlockingStub.requestVote(RaftServerProtocolServiceGrpc.java:265)
	at org.apache.ratis.grpc.server.GrpcServerProtocolClient.requestVote(GrpcServerProtocolClient.java:99)
	at org.apache.ratis.grpc.server.GrpcService.requestVote(GrpcService.java:204)
	at org.apache.ratis.server.impl.LeaderElection.lambda$submitRequests$1(LeaderElection.java:234)
	at java.util.concurrent.FutureTask.run(FutureTask.java:266)
	at java.util.concurrent.Executors$RunnableAdapter.call(Executors.java:511)
	at java.util.concurrent.FutureTask.run(FutureTask.java:266)
	at java.util.concurrent.ThreadPoolExecutor.runWorker(ThreadPoolExecutor.java:1149)
	at java.util.concurrent.ThreadPoolExecutor$Worker.run(ThreadPoolExecutor.java:624)
	... 1 more
Caused by: org.apache.ratis.thirdparty.io.netty.channel.AbstractChannel$AnnotatedConnectException: Connection refused: /192.168.30.26:40185
	at sun.nio.ch.SocketChannelImpl.checkConnect(Native Method)
	at sun.nio.ch.SocketChannelImpl.finishConnect(SocketChannelImpl.java:717)
	at org.apache.ratis.thirdparty.io.netty.channel.socket.nio.NioSocketChannel.doFinishConnect(NioSocketChannel.java:327)
	at org.apache.ratis.thirdparty.io.netty.channel.nio.AbstractNioChannel$AbstractNioUnsafe.finishConnect(AbstractNioChannel.java:340)
	at org.apache.ratis.thirdparty.io.netty.channel.nio.NioEventLoop.processSelectedKey(NioEventLoop.java:632)
	at org.apache.ratis.thirdparty.io.netty.channel.nio.NioEventLoop.processSelectedKeysOptimized(NioEventLoop.java:579)
	at org.apache.ratis.thirdparty.io.netty.channel.nio.NioEventLoop.processSelectedKeys(NioEventLoop.java:496)
	at org.apache.ratis.thirdparty.io.netty.channel.nio.NioEventLoop.run(NioEventLoop.java:458)
	at org.apache.ratis.thirdparty.io.netty.util.concurrent.SingleThreadEventExecutor$5.run(SingleThreadEventExecutor.java:897)
	at org.apache.ratis.thirdparty.io.netty.util.concurrent.FastThreadLocalRunnable.run(FastThreadLocalRunnable.java:30)
	... 1 more
Caused by: java.net.ConnectException: Connection refused
	... 11 more
2019-10-09 08:01:53,518 [073fd5a2-9708-4ee1-989d-fb2c807bc92e@group-BFF9D2052DC2-LeaderElection76] INFO  impl.LeaderElection (LeaderElection.java:logAndReturn(56)) - 073fd5a2-9708-4ee1-989d-fb2c807bc92e@group-BFF9D2052DC2-LeaderElection76: Election REJECTED; received 0 response(s) [] and 2 exception(s); 073fd5a2-9708-4ee1-989d-fb2c807bc92e@group-BFF9D2052DC2:t2, leader=null, voted=073fd5a2-9708-4ee1-989d-fb2c807bc92e, raftlog=073fd5a2-9708-4ee1-989d-fb2c807bc92e@group-BFF9D2052DC2-SegmentedRaftLog:OPENED:c15,f15,i15, conf=0: [3867358e-0593-45dd-9259-84e61f3a3ea7:192.168.30.26:40376, 073fd5a2-9708-4ee1-989d-fb2c807bc92e:192.168.30.26:43196, 1b70438d-a4e3-4816-9602-0f37573f16e9:192.168.30.26:40185], old=null
2019-10-09 08:01:53,518 [073fd5a2-9708-4ee1-989d-fb2c807bc92e@group-BFF9D2052DC2-LeaderElection76] INFO  impl.LeaderElection (LogUtils.java:infoOrTrace(149)) -   Exception 0: {}
java.util.concurrent.ExecutionException: org.apache.ratis.thirdparty.io.grpc.StatusRuntimeException: UNAVAILABLE: io exception
	at java.util.concurrent.FutureTask.report(FutureTask.java:122)
	at java.util.concurrent.FutureTask.get(FutureTask.java:192)
	at org.apache.ratis.server.impl.LeaderElection.waitForResults(LeaderElection.java:259)
	at org.apache.ratis.server.impl.LeaderElection.askForVotes(LeaderElection.java:197)
	at org.apache.ratis.server.impl.LeaderElection.run(LeaderElection.java:133)
	at java.lang.Thread.run(Thread.java:748)
Caused by: org.apache.ratis.thirdparty.io.grpc.StatusRuntimeException: UNAVAILABLE: io exception
	at org.apache.ratis.thirdparty.io.grpc.stub.ClientCalls.toStatusRuntimeException(ClientCalls.java:233)
	at org.apache.ratis.thirdparty.io.grpc.stub.ClientCalls.getUnchecked(ClientCalls.java:214)
	at org.apache.ratis.thirdparty.io.grpc.stub.ClientCalls.blockingUnaryCall(ClientCalls.java:139)
	at org.apache.ratis.proto.grpc.RaftServerProtocolServiceGrpc$RaftServerProtocolServiceBlockingStub.requestVote(RaftServerProtocolServiceGrpc.java:265)
	at org.apache.ratis.grpc.server.GrpcServerProtocolClient.requestVote(GrpcServerProtocolClient.java:99)
	at org.apache.ratis.grpc.server.GrpcService.requestVote(GrpcService.java:204)
	at org.apache.ratis.server.impl.LeaderElection.lambda$submitRequests$1(LeaderElection.java:234)
	at java.util.concurrent.FutureTask.run(FutureTask.java:266)
	at java.util.concurrent.Executors$RunnableAdapter.call(Executors.java:511)
	at java.util.concurrent.FutureTask.run(FutureTask.java:266)
	at java.util.concurrent.ThreadPoolExecutor.runWorker(ThreadPoolExecutor.java:1149)
	at java.util.concurrent.ThreadPoolExecutor$Worker.run(ThreadPoolExecutor.java:624)
	... 1 more
Caused by: org.apache.ratis.thirdparty.io.netty.channel.AbstractChannel$AnnotatedConnectException: Connection refused: /192.168.30.26:40376
	at sun.nio.ch.SocketChannelImpl.checkConnect(Native Method)
	at sun.nio.ch.SocketChannelImpl.finishConnect(SocketChannelImpl.java:717)
	at org.apache.ratis.thirdparty.io.netty.channel.socket.nio.NioSocketChannel.doFinishConnect(NioSocketChannel.java:327)
	at org.apache.ratis.thirdparty.io.netty.channel.nio.AbstractNioChannel$AbstractNioUnsafe.finishConnect(AbstractNioChannel.java:340)
	at org.apache.ratis.thirdparty.io.netty.channel.nio.NioEventLoop.processSelectedKey(NioEventLoop.java:632)
	at org.apache.ratis.thirdparty.io.netty.channel.nio.NioEventLoop.processSelectedKeysOptimized(NioEventLoop.java:579)
	at org.apache.ratis.thirdparty.io.netty.channel.nio.NioEventLoop.processSelectedKeys(NioEventLoop.java:496)
	at org.apache.ratis.thirdparty.io.netty.channel.nio.NioEventLoop.run(NioEventLoop.java:458)
	at org.apache.ratis.thirdparty.io.netty.util.concurrent.SingleThreadEventExecutor$5.run(SingleThreadEventExecutor.java:897)
	at org.apache.ratis.thirdparty.io.netty.util.concurrent.FastThreadLocalRunnable.run(FastThreadLocalRunnable.java:30)
	... 1 more
Caused by: java.net.ConnectException: Connection refused
	... 11 more
2019-10-09 08:01:53,518 [073fd5a2-9708-4ee1-989d-fb2c807bc92e@group-BFF9D2052DC2-LeaderElection76] INFO  impl.LeaderElection (LogUtils.java:infoOrTrace(149)) -   Exception 1: {}
java.util.concurrent.ExecutionException: org.apache.ratis.thirdparty.io.grpc.StatusRuntimeException: UNAVAILABLE: io exception
	at java.util.concurrent.FutureTask.report(FutureTask.java:122)
	at java.util.concurrent.FutureTask.get(FutureTask.java:192)
	at org.apache.ratis.server.impl.LeaderElection.waitForResults(LeaderElection.java:259)
	at org.apache.ratis.server.impl.LeaderElection.askForVotes(LeaderElection.java:197)
	at org.apache.ratis.server.impl.LeaderElection.run(LeaderElection.java:133)
	at java.lang.Thread.run(Thread.java:748)
Caused by: org.apache.ratis.thirdparty.io.grpc.StatusRuntimeException: UNAVAILABLE: io exception
	at org.apache.ratis.thirdparty.io.grpc.stub.ClientCalls.toStatusRuntimeException(ClientCalls.java:233)
	at org.apache.ratis.thirdparty.io.grpc.stub.ClientCalls.getUnchecked(ClientCalls.java:214)
	at org.apache.ratis.thirdparty.io.grpc.stub.ClientCalls.blockingUnaryCall(ClientCalls.java:139)
	at org.apache.ratis.proto.grpc.RaftServerProtocolServiceGrpc$RaftServerProtocolServiceBlockingStub.requestVote(RaftServerProtocolServiceGrpc.java:265)
	at org.apache.ratis.grpc.server.GrpcServerProtocolClient.requestVote(GrpcServerProtocolClient.java:99)
	at org.apache.ratis.grpc.server.GrpcService.requestVote(GrpcService.java:204)
	at org.apache.ratis.server.impl.LeaderElection.lambda$submitRequests$1(LeaderElection.java:234)
	at java.util.concurrent.FutureTask.run(FutureTask.java:266)
	at java.util.concurrent.Executors$RunnableAdapter.call(Executors.java:511)
	at java.util.concurrent.FutureTask.run(FutureTask.java:266)
	at java.util.concurrent.ThreadPoolExecutor.runWorker(ThreadPoolExecutor.java:1149)
	at java.util.concurrent.ThreadPoolExecutor$Worker.run(ThreadPoolExecutor.java:624)
	... 1 more
Caused by: org.apache.ratis.thirdparty.io.netty.channel.AbstractChannel$AnnotatedConnectException: Connection refused: /192.168.30.26:40185
	at sun.nio.ch.SocketChannelImpl.checkConnect(Native Method)
	at sun.nio.ch.SocketChannelImpl.finishConnect(SocketChannelImpl.java:717)
	at org.apache.ratis.thirdparty.io.netty.channel.socket.nio.NioSocketChannel.doFinishConnect(NioSocketChannel.java:327)
	at org.apache.ratis.thirdparty.io.netty.channel.nio.AbstractNioChannel$AbstractNioUnsafe.finishConnect(AbstractNioChannel.java:340)
	at org.apache.ratis.thirdparty.io.netty.channel.nio.NioEventLoop.processSelectedKey(NioEventLoop.java:632)
	at org.apache.ratis.thirdparty.io.netty.channel.nio.NioEventLoop.processSelectedKeysOptimized(NioEventLoop.java:579)
	at org.apache.ratis.thirdparty.io.netty.channel.nio.NioEventLoop.processSelectedKeys(NioEventLoop.java:496)
	at org.apache.ratis.thirdparty.io.netty.channel.nio.NioEventLoop.run(NioEventLoop.java:458)
	at org.apache.ratis.thirdparty.io.netty.util.concurrent.SingleThreadEventExecutor$5.run(SingleThreadEventExecutor.java:897)
	at org.apache.ratis.thirdparty.io.netty.util.concurrent.FastThreadLocalRunnable.run(FastThreadLocalRunnable.java:30)
	... 1 more
Caused by: java.net.ConnectException: Connection refused
	... 11 more
2019-10-09 08:01:53,518 [073fd5a2-9708-4ee1-989d-fb2c807bc92e@group-BFF9D2052DC2-LeaderElection76] INFO  impl.RaftServerImpl (RaftServerImpl.java:setRole(170)) - 073fd5a2-9708-4ee1-989d-fb2c807bc92e@group-BFF9D2052DC2: changes role from CANDIDATE to FOLLOWER at term 2 for DISCOVERED_A_NEW_TERM
2019-10-09 08:01:53,519 [073fd5a2-9708-4ee1-989d-fb2c807bc92e@group-BFF9D2052DC2-LeaderElection76] INFO  impl.RoleInfo (RoleInfo.java:shutdownLeaderElection(134)) - 073fd5a2-9708-4ee1-989d-fb2c807bc92e: shutdown LeaderElection
2019-10-09 08:01:53,519 [073fd5a2-9708-4ee1-989d-fb2c807bc92e@group-BFF9D2052DC2-LeaderElection76] INFO  impl.RoleInfo (RoleInfo.java:updateAndGet(143)) - 073fd5a2-9708-4ee1-989d-fb2c807bc92e: start FollowerState
2019-10-09 08:01:53,727 [EventQueue-StaleNodeForStaleNodeHandler] INFO  node.StaleNodeHandler (StaleNodeHandler.java:onMessage(58)) - Datanode 073fd5a2-9708-4ee1-989d-fb2c807bc92e{ip: 192.168.30.26, host: pr-hdds-2267-jsbhp-248048675, networkLocation: /default-rack, certSerialId: null} moved to stale state. Finalizing its pipelines [PipelineID=56386311-4264-4549-8661-bff9d2052dc2, PipelineID=896bbe9a-cf7c-4498-83cd-1160cf3fa398]
2019-10-09 08:01:53,732 [EventQueue-StaleNodeForStaleNodeHandler] INFO  pipeline.SCMPipelineManager (SCMPipelineManager.java:finalizeAndDestroyPipeline(315)) - destroying pipeline:Pipeline[ Id: 56386311-4264-4549-8661-bff9d2052dc2, Nodes: 073fd5a2-9708-4ee1-989d-fb2c807bc92e{ip: 192.168.30.26, host: pr-hdds-2267-jsbhp-248048675, networkLocation: /default-rack, certSerialId: null}3867358e-0593-45dd-9259-84e61f3a3ea7{ip: 192.168.30.26, host: pr-hdds-2267-jsbhp-248048675, networkLocation: /default-rack, certSerialId: null}1b70438d-a4e3-4816-9602-0f37573f16e9{ip: 192.168.30.26, host: pr-hdds-2267-jsbhp-248048675, networkLocation: /default-rack, certSerialId: null}, Type:RATIS, Factor:THREE, State:CLOSED]
2019-10-09 08:01:53,733 [EventQueue-StaleNodeForStaleNodeHandler] INFO  pipeline.SCMPipelineManager (SCMPipelineManager.java:finalizeAndDestroyPipeline(315)) - destroying pipeline:Pipeline[ Id: 896bbe9a-cf7c-4498-83cd-1160cf3fa398, Nodes: 073fd5a2-9708-4ee1-989d-fb2c807bc92e{ip: 192.168.30.26, host: pr-hdds-2267-jsbhp-248048675, networkLocation: /default-rack, certSerialId: null}, Type:RATIS, Factor:ONE, State:OPEN]
2019-10-09 08:01:53,733 [EventQueue-StaleNodeForStaleNodeHandler] INFO  pipeline.PipelineStateManager (PipelineStateManager.java:finalizePipeline(123)) - Pipeline Pipeline[ Id: 896bbe9a-cf7c-4498-83cd-1160cf3fa398, Nodes: 073fd5a2-9708-4ee1-989d-fb2c807bc92e{ip: 192.168.30.26, host: pr-hdds-2267-jsbhp-248048675, networkLocation: /default-rack, certSerialId: null}, Type:RATIS, Factor:ONE, State:CLOSED] moved to CLOSED state
2019-10-09 08:01:54,027 [EventQueue-StaleNodeForStaleNodeHandler] INFO  node.StaleNodeHandler (StaleNodeHandler.java:onMessage(58)) - Datanode a4988454-66ec-443f-97d8-24dbcdced6c5{ip: 192.168.30.26, host: pr-hdds-2267-jsbhp-248048675, networkLocation: /default-rack, certSerialId: null} moved to stale state. Finalizing its pipelines [PipelineID=6f42a6e2-8793-47f1-a4d1-58201f9c55bc, PipelineID=fb31f444-c33b-4c0e-ab12-ef8375718ec5]
2019-10-09 08:01:54,028 [EventQueue-StaleNodeForStaleNodeHandler] INFO  pipeline.SCMPipelineManager (SCMPipelineManager.java:finalizeAndDestroyPipeline(315)) - destroying pipeline:Pipeline[ Id: 6f42a6e2-8793-47f1-a4d1-58201f9c55bc, Nodes: a4988454-66ec-443f-97d8-24dbcdced6c5{ip: 192.168.30.26, host: pr-hdds-2267-jsbhp-248048675, networkLocation: /default-rack, certSerialId: null}, Type:RATIS, Factor:ONE, State:OPEN]
2019-10-09 08:01:54,028 [EventQueue-StaleNodeForStaleNodeHandler] INFO  pipeline.PipelineStateManager (PipelineStateManager.java:finalizePipeline(123)) - Pipeline Pipeline[ Id: 6f42a6e2-8793-47f1-a4d1-58201f9c55bc, Nodes: a4988454-66ec-443f-97d8-24dbcdced6c5{ip: 192.168.30.26, host: pr-hdds-2267-jsbhp-248048675, networkLocation: /default-rack, certSerialId: null}, Type:RATIS, Factor:ONE, State:CLOSED] moved to CLOSED state
2019-10-09 08:01:54,028 [EventQueue-StaleNodeForStaleNodeHandler] INFO  pipeline.SCMPipelineManager (SCMPipelineManager.java:finalizeAndDestroyPipeline(315)) - destroying pipeline:Pipeline[ Id: fb31f444-c33b-4c0e-ab12-ef8375718ec5, Nodes: 47b9f0ae-ccc1-46e4-8719-b00f15f21b54{ip: 192.168.30.26, host: pr-hdds-2267-jsbhp-248048675, networkLocation: /default-rack, certSerialId: null}378e8ca1-a439-4b49-a1cd-52eabd12a77e{ip: 192.168.30.26, host: pr-hdds-2267-jsbhp-248048675, networkLocation: /default-rack, certSerialId: null}a4988454-66ec-443f-97d8-24dbcdced6c5{ip: 192.168.30.26, host: pr-hdds-2267-jsbhp-248048675, networkLocation: /default-rack, certSerialId: null}, Type:RATIS, Factor:THREE, State:CLOSED]
2019-10-09 08:01:54,119 [ForkJoinPool.commonPool-worker-0] INFO  ozoneimpl.OzoneContainer (OzoneContainer.java:stop(227)) - Attempting to stop container services.
2019-10-09 08:01:54,119 [main] INFO  ozoneimpl.OzoneContainer (OzoneContainer.java:stop(227)) - Attempting to stop container services.
2019-10-09 08:01:54,125 [ForkJoinPool.commonPool-worker-0] INFO  impl.RaftServerProxy (RaftServerProxy.java:lambda$close$4(314)) - 073fd5a2-9708-4ee1-989d-fb2c807bc92e: close
2019-10-09 08:01:54,126 [main] INFO  impl.RaftServerProxy (RaftServerProxy.java:lambda$close$4(314)) - a4988454-66ec-443f-97d8-24dbcdced6c5: close
2019-10-09 08:01:54,126 [main] INFO  impl.RaftServerImpl (RaftServerImpl.java:lambda$shutdown$3(247)) - a4988454-66ec-443f-97d8-24dbcdced6c5@group-58201F9C55BC: shutdown
2019-10-09 08:01:54,126 [ForkJoinPool.commonPool-worker-0] INFO  impl.RaftServerImpl (RaftServerImpl.java:lambda$shutdown$3(247)) - 073fd5a2-9708-4ee1-989d-fb2c807bc92e@group-BFF9D2052DC2: shutdown
2019-10-09 08:01:54,127 [main] INFO  util.JmxRegister (JmxRegister.java:unregister(73)) - Successfully un-registered JMX Bean with object name Ratis:service=RaftServer,group=group-58201F9C55BC,id=a4988454-66ec-443f-97d8-24dbcdced6c5
2019-10-09 08:01:54,127 [ForkJoinPool.commonPool-worker-0] INFO  util.JmxRegister (JmxRegister.java:unregister(73)) - Successfully un-registered JMX Bean with object name Ratis:service=RaftServer,group=group-BFF9D2052DC2,id=073fd5a2-9708-4ee1-989d-fb2c807bc92e
2019-10-09 08:01:54,127 [main] INFO  impl.RoleInfo (RoleInfo.java:shutdownLeaderState(104)) - a4988454-66ec-443f-97d8-24dbcdced6c5: shutdown LeaderState
2019-10-09 08:01:54,128 [ForkJoinPool.commonPool-worker-0] INFO  impl.RoleInfo (RoleInfo.java:shutdownFollowerState(121)) - 073fd5a2-9708-4ee1-989d-fb2c807bc92e: shutdown FollowerState
2019-10-09 08:01:54,128 [main] INFO  impl.PendingRequests (PendingRequests.java:sendNotLeaderResponses(202)) - a4988454-66ec-443f-97d8-24dbcdced6c5@group-58201F9C55BC-PendingRequests: sendNotLeaderResponses
2019-10-09 08:01:54,129 [Thread-3344] INFO  impl.FollowerState (FollowerState.java:run(117)) - 073fd5a2-9708-4ee1-989d-fb2c807bc92e@group-BFF9D2052DC2-FollowerState was interrupted: java.lang.InterruptedException: sleep interrupted
2019-10-09 08:01:54,128 [ForkJoinPool.commonPool-worker-0] INFO  impl.StateMachineUpdater (StateMachineUpdater.java:stopAndJoin(136)) - 073fd5a2-9708-4ee1-989d-fb2c807bc92e@group-BFF9D2052DC2-StateMachineUpdater: set stopIndex = 15
2019-10-09 08:01:54,131 [main] INFO  impl.StateMachineUpdater (StateMachineUpdater.java:stopAndJoin(136)) - a4988454-66ec-443f-97d8-24dbcdced6c5@group-58201F9C55BC-StateMachineUpdater: set stopIndex = 0
2019-10-09 08:01:54,129 [073fd5a2-9708-4ee1-989d-fb2c807bc92e@group-BFF9D2052DC2-StateMachineUpdater] INFO  ratis.ContainerStateMachine (ContainerStateMachine.java:takeSnapshot(294)) - group-BFF9D2052DC2: Taking a snapshot at:(t:1, i:13) file /workdir/hadoop-ozone/integration-test/target/test-dir/MiniOzoneClusterImpl-4df022c4-1e45-4101-a2a2-7a234f72b8c5/datanode-0/data/ratis/56386311-4264-4549-8661-bff9d2052dc2/sm/snapshot.1_13
2019-10-09 08:01:54,131 [main] INFO  impl.RaftServerImpl (ServerState.java:close(387)) - a4988454-66ec-443f-97d8-24dbcdced6c5@group-58201F9C55BC: closes. applyIndex: 0
2019-10-09 08:01:54,132 [a4988454-66ec-443f-97d8-24dbcdced6c5@group-58201F9C55BC-SegmentedRaftLogWorker] INFO  segmented.SegmentedRaftLogWorker (SegmentedRaftLogWorker.java:run(316)) - a4988454-66ec-443f-97d8-24dbcdced6c5@group-58201F9C55BC-SegmentedRaftLogWorker was interrupted, exiting. There are 0 tasks remaining in the queue.
2019-10-09 08:01:54,134 [main] INFO  segmented.SegmentedRaftLogWorker (SegmentedRaftLogWorker.java:close(224)) - a4988454-66ec-443f-97d8-24dbcdced6c5@group-58201F9C55BC-SegmentedRaftLogWorker close()
2019-10-09 08:01:54,138 [main] INFO  impl.RaftServerImpl (RaftServerImpl.java:lambda$shutdown$3(247)) - a4988454-66ec-443f-97d8-24dbcdced6c5@group-EF8375718EC5: shutdown
2019-10-09 08:01:54,138 [main] INFO  util.JmxRegister (JmxRegister.java:unregister(73)) - Successfully un-registered JMX Bean with object name Ratis:service=RaftServer,group=group-EF8375718EC5,id=a4988454-66ec-443f-97d8-24dbcdced6c5
2019-10-09 08:01:54,139 [main] INFO  impl.RoleInfo (RoleInfo.java:shutdownLeaderState(104)) - a4988454-66ec-443f-97d8-24dbcdced6c5: shutdown LeaderState
2019-10-09 08:01:54,142 [main] INFO  impl.PendingRequests (PendingRequests.java:sendNotLeaderResponses(202)) - a4988454-66ec-443f-97d8-24dbcdced6c5@group-EF8375718EC5-PendingRequests: sendNotLeaderResponses
2019-10-09 08:01:54,142 [org.apache.ratis.server.impl.LogAppender$AppenderDaemon$$Lambda$543/973976147@53888a6a] WARN  server.GrpcLogAppender (GrpcLogAppender.java:mayWait(143)) - a4988454-66ec-443f-97d8-24dbcdced6c5@group-EF8375718EC5->47b9f0ae-ccc1-46e4-8719-b00f15f21b54-GrpcLogAppender: Wait interrupted by java.lang.InterruptedException
2019-10-09 08:01:54,142 [org.apache.ratis.server.impl.LogAppender$AppenderDaemon$$Lambda$543/973976147@4499c8f0] WARN  server.GrpcLogAppender (GrpcLogAppender.java:mayWait(143)) - a4988454-66ec-443f-97d8-24dbcdced6c5@group-EF8375718EC5->378e8ca1-a439-4b49-a1cd-52eabd12a77e-GrpcLogAppender: Wait interrupted by java.lang.InterruptedException
2019-10-09 08:01:54,143 [main] INFO  impl.StateMachineUpdater (StateMachineUpdater.java:stopAndJoin(136)) - a4988454-66ec-443f-97d8-24dbcdced6c5@group-EF8375718EC5-StateMachineUpdater: set stopIndex = 16
2019-10-09 08:01:54,143 [a4988454-66ec-443f-97d8-24dbcdced6c5@group-EF8375718EC5-StateMachineUpdater] INFO  ratis.ContainerStateMachine (ContainerStateMachine.java:takeSnapshot(294)) - group-EF8375718EC5: Taking a snapshot at:(t:1, i:13) file /workdir/hadoop-ozone/integration-test/target/test-dir/MiniOzoneClusterImpl-4df022c4-1e45-4101-a2a2-7a234f72b8c5/datanode-5/data/ratis/fb31f444-c33b-4c0e-ab12-ef8375718ec5/sm/snapshot.1_13
2019-10-09 08:01:54,146 [073fd5a2-9708-4ee1-989d-fb2c807bc92e@group-BFF9D2052DC2-StateMachineUpdater] INFO  ratis.ContainerStateMachine (ContainerStateMachine.java:takeSnapshot(305)) - group-BFF9D2052DC2: Finished taking a snapshot at:(t:1, i:13) file:/workdir/hadoop-ozone/integration-test/target/test-dir/MiniOzoneClusterImpl-4df022c4-1e45-4101-a2a2-7a234f72b8c5/datanode-0/data/ratis/56386311-4264-4549-8661-bff9d2052dc2/sm/snapshot.1_13 time:17
2019-10-09 08:01:54,147 [073fd5a2-9708-4ee1-989d-fb2c807bc92e@group-BFF9D2052DC2-StateMachineUpdater] INFO  impl.StateMachineUpdater (StateMachineUpdater.java:takeSnapshot(269)) - 073fd5a2-9708-4ee1-989d-fb2c807bc92e@group-BFF9D2052DC2-StateMachineUpdater: Took a snapshot at index 13
2019-10-09 08:01:54,147 [073fd5a2-9708-4ee1-989d-fb2c807bc92e@group-BFF9D2052DC2-StateMachineUpdater] INFO  impl.StateMachineUpdater (StateMachineUpdater.java:lambda$new$0(84)) - 073fd5a2-9708-4ee1-989d-fb2c807bc92e@group-BFF9D2052DC2-StateMachineUpdater: snapshotIndex: updateIncreasingly -1 -> 13
2019-10-09 08:01:54,148 [073fd5a2-9708-4ee1-989d-fb2c807bc92e@group-BFF9D2052DC2-StateMachineUpdater] INFO  ratis.ContainerStateMachine (ContainerStateMachine.java:takeSnapshot(294)) - group-BFF9D2052DC2: Taking a snapshot at:(t:1, i:13) file /workdir/hadoop-ozone/integration-test/target/test-dir/MiniOzoneClusterImpl-4df022c4-1e45-4101-a2a2-7a234f72b8c5/datanode-0/data/ratis/56386311-4264-4549-8661-bff9d2052dc2/sm/snapshot.1_13
2019-10-09 08:01:54,149 [a4988454-66ec-443f-97d8-24dbcdced6c5@group-EF8375718EC5-StateMachineUpdater] INFO  ratis.ContainerStateMachine (ContainerStateMachine.java:takeSnapshot(305)) - group-EF8375718EC5: Finished taking a snapshot at:(t:1, i:13) file:/workdir/hadoop-ozone/integration-test/target/test-dir/MiniOzoneClusterImpl-4df022c4-1e45-4101-a2a2-7a234f72b8c5/datanode-5/data/ratis/fb31f444-c33b-4c0e-ab12-ef8375718ec5/sm/snapshot.1_13 time:6
2019-10-09 08:01:54,149 [a4988454-66ec-443f-97d8-24dbcdced6c5@group-EF8375718EC5-StateMachineUpdater] INFO  impl.StateMachineUpdater (StateMachineUpdater.java:takeSnapshot(269)) - a4988454-66ec-443f-97d8-24dbcdced6c5@group-EF8375718EC5-StateMachineUpdater: Took a snapshot at index 13
2019-10-09 08:01:54,149 [a4988454-66ec-443f-97d8-24dbcdced6c5@group-EF8375718EC5-StateMachineUpdater] INFO  impl.StateMachineUpdater (StateMachineUpdater.java:lambda$new$0(84)) - a4988454-66ec-443f-97d8-24dbcdced6c5@group-EF8375718EC5-StateMachineUpdater: snapshotIndex: updateIncreasingly -1 -> 13
2019-10-09 08:01:54,149 [a4988454-66ec-443f-97d8-24dbcdced6c5@group-EF8375718EC5-StateMachineUpdater] INFO  ratis.ContainerStateMachine (ContainerStateMachine.java:takeSnapshot(294)) - group-EF8375718EC5: Taking a snapshot at:(t:1, i:13) file /workdir/hadoop-ozone/integration-test/target/test-dir/MiniOzoneClusterImpl-4df022c4-1e45-4101-a2a2-7a234f72b8c5/datanode-5/data/ratis/fb31f444-c33b-4c0e-ab12-ef8375718ec5/sm/snapshot.1_13
2019-10-09 08:01:54,153 [a4988454-66ec-443f-97d8-24dbcdced6c5@group-EF8375718EC5-StateMachineUpdater] INFO  ratis.ContainerStateMachine (ContainerStateMachine.java:takeSnapshot(305)) - group-EF8375718EC5: Finished taking a snapshot at:(t:1, i:13) file:/workdir/hadoop-ozone/integration-test/target/test-dir/MiniOzoneClusterImpl-4df022c4-1e45-4101-a2a2-7a234f72b8c5/datanode-5/data/ratis/fb31f444-c33b-4c0e-ab12-ef8375718ec5/sm/snapshot.1_13 time:4
2019-10-09 08:01:54,153 [073fd5a2-9708-4ee1-989d-fb2c807bc92e@group-BFF9D2052DC2-StateMachineUpdater] INFO  ratis.ContainerStateMachine (ContainerStateMachine.java:takeSnapshot(305)) - group-BFF9D2052DC2: Finished taking a snapshot at:(t:1, i:13) file:/workdir/hadoop-ozone/integration-test/target/test-dir/MiniOzoneClusterImpl-4df022c4-1e45-4101-a2a2-7a234f72b8c5/datanode-0/data/ratis/56386311-4264-4549-8661-bff9d2052dc2/sm/snapshot.1_13 time:5
2019-10-09 08:01:54,154 [a4988454-66ec-443f-97d8-24dbcdced6c5@group-EF8375718EC5-StateMachineUpdater] INFO  impl.StateMachineUpdater (StateMachineUpdater.java:takeSnapshot(269)) - a4988454-66ec-443f-97d8-24dbcdced6c5@group-EF8375718EC5-StateMachineUpdater: Took a snapshot at index 13
2019-10-09 08:01:54,154 [a4988454-66ec-443f-97d8-24dbcdced6c5@group-EF8375718EC5-StateMachineUpdater] INFO  impl.StateMachineUpdater (StateMachineUpdater.java:lambda$new$0(84)) - a4988454-66ec-443f-97d8-24dbcdced6c5@group-EF8375718EC5-StateMachineUpdater: snapshotIndex: updateIncreasingly 13 -> 13
2019-10-09 08:01:54,154 [073fd5a2-9708-4ee1-989d-fb2c807bc92e@group-BFF9D2052DC2-StateMachineUpdater] INFO  impl.StateMachineUpdater (StateMachineUpdater.java:takeSnapshot(269)) - 073fd5a2-9708-4ee1-989d-fb2c807bc92e@group-BFF9D2052DC2-StateMachineUpdater: Took a snapshot at index 13
2019-10-09 08:01:54,154 [main] INFO  impl.RaftServerImpl (ServerState.java:close(387)) - a4988454-66ec-443f-97d8-24dbcdced6c5@group-EF8375718EC5: closes. applyIndex: 16
2019-10-09 08:01:54,154 [073fd5a2-9708-4ee1-989d-fb2c807bc92e@group-BFF9D2052DC2-StateMachineUpdater] INFO  impl.StateMachineUpdater (StateMachineUpdater.java:lambda$new$0(84)) - 073fd5a2-9708-4ee1-989d-fb2c807bc92e@group-BFF9D2052DC2-StateMachineUpdater: snapshotIndex: updateIncreasingly 13 -> 13
2019-10-09 08:01:54,155 [a4988454-66ec-443f-97d8-24dbcdced6c5@group-EF8375718EC5-SegmentedRaftLogWorker] INFO  segmented.SegmentedRaftLogWorker (SegmentedRaftLogWorker.java:run(316)) - a4988454-66ec-443f-97d8-24dbcdced6c5@group-EF8375718EC5-SegmentedRaftLogWorker was interrupted, exiting. There are 0 tasks remaining in the queue.
2019-10-09 08:01:54,155 [ForkJoinPool.commonPool-worker-0] INFO  impl.RaftServerImpl (ServerState.java:close(387)) - 073fd5a2-9708-4ee1-989d-fb2c807bc92e@group-BFF9D2052DC2: closes. applyIndex: 15
2019-10-09 08:01:54,157 [main] INFO  segmented.SegmentedRaftLogWorker (SegmentedRaftLogWorker.java:close(224)) - a4988454-66ec-443f-97d8-24dbcdced6c5@group-EF8375718EC5-SegmentedRaftLogWorker close()
2019-10-09 08:01:54,157 [073fd5a2-9708-4ee1-989d-fb2c807bc92e@group-BFF9D2052DC2-SegmentedRaftLogWorker] INFO  segmented.SegmentedRaftLogWorker (SegmentedRaftLogWorker.java:run(316)) - 073fd5a2-9708-4ee1-989d-fb2c807bc92e@group-BFF9D2052DC2-SegmentedRaftLogWorker was interrupted, exiting. There are 0 tasks remaining in the queue.
2019-10-09 08:01:54,161 [main] INFO  server.GrpcService (GrpcService.java:closeImpl(164)) - a4988454-66ec-443f-97d8-24dbcdced6c5: shutdown server with port 33450 now
2019-10-09 08:01:54,163 [ForkJoinPool.commonPool-worker-0] INFO  segmented.SegmentedRaftLogWorker (SegmentedRaftLogWorker.java:close(224)) - 073fd5a2-9708-4ee1-989d-fb2c807bc92e@group-BFF9D2052DC2-SegmentedRaftLogWorker close()
2019-10-09 08:01:54,178 [ForkJoinPool.commonPool-worker-0] INFO  impl.RaftServerImpl (RaftServerImpl.java:lambda$shutdown$3(247)) - 073fd5a2-9708-4ee1-989d-fb2c807bc92e@group-1160CF3FA398: shutdown
2019-10-09 08:01:54,178 [ForkJoinPool.commonPool-worker-0] INFO  util.JmxRegister (JmxRegister.java:unregister(73)) - Successfully un-registered JMX Bean with object name Ratis:service=RaftServer,group=group-1160CF3FA398,id=073fd5a2-9708-4ee1-989d-fb2c807bc92e
2019-10-09 08:01:54,178 [main] INFO  server.GrpcService (GrpcService.java:closeImpl(172)) - a4988454-66ec-443f-97d8-24dbcdced6c5: shutdown server with port 33450 successfully
2019-10-09 08:01:54,179 [ForkJoinPool.commonPool-worker-0] INFO  impl.RoleInfo (RoleInfo.java:shutdownLeaderState(104)) - 073fd5a2-9708-4ee1-989d-fb2c807bc92e: shutdown LeaderState
2019-10-09 08:01:54,179 [ForkJoinPool.commonPool-worker-0] INFO  impl.PendingRequests (PendingRequests.java:sendNotLeaderResponses(202)) - 073fd5a2-9708-4ee1-989d-fb2c807bc92e@group-1160CF3FA398-PendingRequests: sendNotLeaderResponses
2019-10-09 08:01:54,180 [ForkJoinPool.commonPool-worker-0] INFO  impl.StateMachineUpdater (StateMachineUpdater.java:stopAndJoin(136)) - 073fd5a2-9708-4ee1-989d-fb2c807bc92e@group-1160CF3FA398-StateMachineUpdater: set stopIndex = 0
2019-10-09 08:01:54,180 [ForkJoinPool.commonPool-worker-0] INFO  impl.RaftServerImpl (ServerState.java:close(387)) - 073fd5a2-9708-4ee1-989d-fb2c807bc92e@group-1160CF3FA398: closes. applyIndex: 0
2019-10-09 08:01:54,181 [073fd5a2-9708-4ee1-989d-fb2c807bc92e@group-1160CF3FA398-SegmentedRaftLogWorker] INFO  segmented.SegmentedRaftLogWorker (SegmentedRaftLogWorker.java:run(316)) - 073fd5a2-9708-4ee1-989d-fb2c807bc92e@group-1160CF3FA398-SegmentedRaftLogWorker was interrupted, exiting. There are 0 tasks remaining in the queue.
2019-10-09 08:01:54,181 [ForkJoinPool.commonPool-worker-0] INFO  segmented.SegmentedRaftLogWorker (SegmentedRaftLogWorker.java:close(224)) - 073fd5a2-9708-4ee1-989d-fb2c807bc92e@group-1160CF3FA398-SegmentedRaftLogWorker close()
2019-10-09 08:01:54,183 [ForkJoinPool.commonPool-worker-0] INFO  server.GrpcService (GrpcService.java:closeImpl(164)) - 073fd5a2-9708-4ee1-989d-fb2c807bc92e: shutdown server with port 43196 now
2019-10-09 08:01:54,184 [ForkJoinPool.commonPool-worker-0] INFO  server.GrpcService (GrpcService.java:closeImpl(172)) - 073fd5a2-9708-4ee1-989d-fb2c807bc92e: shutdown server with port 43196 successfully
2019-10-09 08:01:54,185 [refreshUsed-/workdir/hadoop-ozone/integration-test/target/test-dir/MiniOzoneClusterImpl-4df022c4-1e45-4101-a2a2-7a234f72b8c5/datanode-5/data/containers] WARN  fs.CachingGetSpaceUsed (CachingGetSpaceUsed.java:run(183)) - Thread Interrupted waiting to refresh disk information: sleep interrupted
2019-10-09 08:01:54,190 [refreshUsed-/workdir/hadoop-ozone/integration-test/target/test-dir/MiniOzoneClusterImpl-4df022c4-1e45-4101-a2a2-7a234f72b8c5/datanode-0/data/containers] WARN  fs.CachingGetSpaceUsed (CachingGetSpaceUsed.java:run(183)) - Thread Interrupted waiting to refresh disk information: sleep interrupted
2019-10-09 08:01:54,207 [ForkJoinPool.commonPool-worker-0] INFO  utils.BackgroundService (BackgroundService.java:shutdown(151)) - Shutting down service BlockDeletingService
2019-10-09 08:01:54,212 [ForkJoinPool.commonPool-worker-0] INFO  statemachine.DatanodeStateMachine (DatanodeStateMachine.java:stopDaemon(395)) - Ozone container server stopped.
2019-10-09 08:01:54,216 [ForkJoinPool.commonPool-worker-0] INFO  handler.ContextHandler (ContextHandler.java:doStop(910)) - Stopped o.e.j.w.WebAppContext@325162e9{/,null,UNAVAILABLE}{/hddsDatanode}
2019-10-09 08:01:54,216 [main] INFO  utils.BackgroundService (BackgroundService.java:shutdown(151)) - Shutting down service BlockDeletingService
2019-10-09 08:01:54,217 [ForkJoinPool.commonPool-worker-0] INFO  server.AbstractConnector (AbstractConnector.java:doStop(318)) - Stopped ServerConnector@1ee40b5c{HTTP/1.1,[http/1.1]}{0.0.0.0:0}
2019-10-09 08:01:54,220 [ForkJoinPool.commonPool-worker-0] INFO  handler.ContextHandler (ContextHandler.java:doStop(910)) - Stopped o.e.j.s.ServletContextHandler@13278a41{/static,jar:file:/home/user/.m2/repository/org/apache/hadoop/hadoop-hdds-container-service/0.5.0-SNAPSHOT/hadoop-hdds-container-service-0.5.0-SNAPSHOT.jar!/webapps/static,UNAVAILABLE}
2019-10-09 08:01:54,221 [main] INFO  statemachine.DatanodeStateMachine (DatanodeStateMachine.java:stopDaemon(395)) - Ozone container server stopped.
2019-10-09 08:01:54,221 [ForkJoinPool.commonPool-worker-0] INFO  handler.ContextHandler (ContextHandler.java:doStop(910)) - Stopped o.e.j.s.ServletContextHandler@129c4d19{/logs,file:///workdir/hadoop-ozone/integration-test/target/log,UNAVAILABLE}
2019-10-09 08:01:54,222 [main] INFO  handler.ContextHandler (ContextHandler.java:doStop(910)) - Stopped o.e.j.w.WebAppContext@7ac058a0{/,null,UNAVAILABLE}{/hddsDatanode}
2019-10-09 08:01:54,223 [main] INFO  server.AbstractConnector (AbstractConnector.java:doStop(318)) - Stopped ServerConnector@736b21ee{HTTP/1.1,[http/1.1]}{0.0.0.0:0}
2019-10-09 08:01:54,224 [main] INFO  handler.ContextHandler (ContextHandler.java:doStop(910)) - Stopped o.e.j.s.ServletContextHandler@1be52861{/static,jar:file:/home/user/.m2/repository/org/apache/hadoop/hadoop-hdds-container-service/0.5.0-SNAPSHOT/hadoop-hdds-container-service-0.5.0-SNAPSHOT.jar!/webapps/static,UNAVAILABLE}
2019-10-09 08:01:54,224 [main] INFO  handler.ContextHandler (ContextHandler.java:doStop(910)) - Stopped o.e.j.s.ServletContextHandler@649b5891{/logs,file:///workdir/hadoop-ozone/integration-test/target/log,UNAVAILABLE}
2019-10-09 08:01:54,225 [main] INFO  ozone.MiniOzoneClusterImpl (MiniOzoneClusterImpl.java:stopSCM(392)) - Stopping the StorageContainerManager
2019-10-09 08:01:54,226 [main] INFO  server.StorageContainerManager (StorageContainerManager.java:stop(810)) - Stopping Replication Manager Service.
2019-10-09 08:01:54,226 [main] INFO  container.ReplicationManager (ReplicationManager.java:stop(203)) - Stopping Replication Monitor Thread.
2019-10-09 08:01:54,226 [main] INFO  server.StorageContainerManager (StorageContainerManager.java:stop(817)) - Stopping Lease Manager of the command watchers
2019-10-09 08:01:54,226 [main] INFO  server.StorageContainerManager (StorageContainerManager.java:stop(824)) - Stopping datanode service RPC server
2019-10-09 08:01:54,227 [main] INFO  server.SCMDatanodeProtocolServer (SCMDatanodeProtocolServer.java:stop(346)) - Stopping the RPC server for DataNodes
2019-10-09 08:01:54,227 [main] INFO  ipc.Server (Server.java:stop(3082)) - Stopping server on 43644
2019-10-09 08:01:54,230 [IPC Server listener on 43644] INFO  ipc.Server (Server.java:run(1185)) - Stopping IPC Server listener on 43644
2019-10-09 08:01:54,230 [IPC Server Responder] INFO  ipc.Server (Server.java:run(1319)) - Stopping IPC Server Responder
2019-10-09 08:01:54,327 [SCM Heartbeat Processing Thread - 0] WARN  node.NodeStateManager (NodeStateManager.java:scheduleNextHealthCheck(646)) - Current Thread is interrupted, shutting down HB processing thread for Node Manager.
2019-10-09 08:01:54,328 [main] INFO  server.StorageContainerManager (StorageContainerManager.java:stop(832)) - Stopping block service RPC server
2019-10-09 08:01:54,328 [main] INFO  server.SCMBlockProtocolServer (SCMBlockProtocolServer.java:stop(155)) - Stopping the RPC server for Block Protocol
2019-10-09 08:01:54,328 [main] INFO  ipc.Server (Server.java:stop(3082)) - Stopping server on 46070
2019-10-09 08:01:54,331 [main] INFO  server.StorageContainerManager (StorageContainerManager.java:stop(839)) - Stopping the StorageContainerLocationProtocol RPC server
2019-10-09 08:01:54,332 [IPC Server listener on 46070] INFO  ipc.Server (Server.java:run(1185)) - Stopping IPC Server listener on 46070
2019-10-09 08:01:54,332 [IPC Server Responder] INFO  ipc.Server (Server.java:run(1319)) - Stopping IPC Server Responder
2019-10-09 08:01:54,332 [main] INFO  server.SCMClientProtocolServer (SCMClientProtocolServer.java:stop(168)) - Stopping the RPC server for Client Protocol
2019-10-09 08:01:54,332 [main] INFO  ipc.Server (Server.java:stop(3082)) - Stopping server on 33809
2019-10-09 08:01:54,335 [IPC Server listener on 33809] INFO  ipc.Server (Server.java:run(1185)) - Stopping IPC Server listener on 33809
2019-10-09 08:01:54,335 [main] INFO  server.StorageContainerManager (StorageContainerManager.java:stop(846)) - Stopping Storage Container Manager HTTP server.
2019-10-09 08:01:54,335 [IPC Server Responder] INFO  ipc.Server (Server.java:run(1319)) - Stopping IPC Server Responder
2019-10-09 08:01:54,336 [main] INFO  handler.ContextHandler (ContextHandler.java:doStop(910)) - Stopped o.e.j.w.WebAppContext@6750e381{/,null,UNAVAILABLE}{/scm}
2019-10-09 08:01:54,337 [main] INFO  server.AbstractConnector (AbstractConnector.java:doStop(318)) - Stopped ServerConnector@5d850a25{HTTP/1.1,[http/1.1]}{0.0.0.0:0}
2019-10-09 08:01:54,337 [main] INFO  handler.ContextHandler (ContextHandler.java:doStop(910)) - Stopped o.e.j.s.ServletContextHandler@53d6e959{/static,file:///workdir/hadoop-ozone/integration-test/target/test-classes/webapps/static,UNAVAILABLE}
2019-10-09 08:01:54,338 [main] INFO  handler.ContextHandler (ContextHandler.java:doStop(910)) - Stopped o.e.j.s.ServletContextHandler@49a38b1{/logs,file:///workdir/hadoop-ozone/integration-test/target/log,UNAVAILABLE}
2019-10-09 08:01:54,339 [main] INFO  server.StorageContainerManager (StorageContainerManager.java:stop(857)) - Stopping Block Manager Service.
2019-10-09 08:01:54,339 [main] INFO  utils.BackgroundService (BackgroundService.java:shutdown(151)) - Shutting down service SCMBlockDeletingService
2019-10-09 08:01:54,339 [main] INFO  utils.BackgroundService (BackgroundService.java:shutdown(151)) - Shutting down service SCMBlockDeletingService
2019-10-09 08:01:54,340 [main] INFO  server.StorageContainerManager (StorageContainerManager.java:stop(879)) - Stopping SCM Event Queue.
2019-10-09 08:01:54,344 [main] INFO  impl.MetricsSystemImpl (MetricsSystemImpl.java:stop(210)) - Stopping HddsDatanode metrics system...
2019-10-09 08:01:54,373 [main] INFO  impl.MetricsSystemImpl (MetricsSystemImpl.java:stop(216)) - HddsDatanode metrics system stopped.
]]></system-out>
    <system-err><![CDATA[Oct 09, 2019 8:01:49 AM org.apache.ratis.thirdparty.io.grpc.internal.SerializingExecutor run
SEVERE: Exception while executing runnable org.apache.ratis.thirdparty.io.grpc.internal.ServerImpl$JumpToApplicationThreadServerStreamListener$1Closed@11404ce8
org.apache.ratis.thirdparty.io.grpc.StatusRuntimeException: CANCELLED: call already cancelled
	at org.apache.ratis.thirdparty.io.grpc.Status.asRuntimeException(Status.java:517)
	at org.apache.ratis.thirdparty.io.grpc.stub.ServerCalls$ServerCallStreamObserverImpl.onCompleted(ServerCalls.java:356)
	at org.apache.ratis.grpc.server.GrpcServerProtocolService$ServerRequestStreamObserver.onError(GrpcServerProtocolService.java:121)
	at org.apache.ratis.thirdparty.io.grpc.stub.ServerCalls$StreamingServerCallHandler$StreamingServerCallListener.onCancel(ServerCalls.java:269)
	at org.apache.ratis.thirdparty.io.grpc.internal.ServerCallImpl$ServerStreamListenerImpl.closed(ServerCallImpl.java:293)
	at org.apache.ratis.thirdparty.io.grpc.internal.ServerImpl$JumpToApplicationThreadServerStreamListener$1Closed.runInContext(ServerImpl.java:741)
	at org.apache.ratis.thirdparty.io.grpc.internal.ContextRunnable.run(ContextRunnable.java:37)
	at org.apache.ratis.thirdparty.io.grpc.internal.SerializingExecutor.run(SerializingExecutor.java:123)
	at java.util.concurrent.ThreadPoolExecutor.runWorker(ThreadPoolExecutor.java:1149)
	at java.util.concurrent.ThreadPoolExecutor$Worker.run(ThreadPoolExecutor.java:624)
	at java.lang.Thread.run(Thread.java:748)

]]></system-err>
  </testcase>
  <testcase name="testFailureWithPrimeSizedData" classname="org.apache.hadoop.ozone.client.rpc.TestBlockOutputStreamWithFailures" time="33.438"/>
  <testcase name="testWatchForCommitWithCloseContainerException" classname="org.apache.hadoop.ozone.client.rpc.TestBlockOutputStreamWithFailures" time="39.837"/>
  <testcase name="testExceptionDuringClose" classname="org.apache.hadoop.ozone.client.rpc.TestBlockOutputStreamWithFailures" time="34.982"/>
</testsuite>