<?xml version="1.0" encoding="UTF-8"?>
<testsuite xmlns:xsi="http://www.w3.org/2001/XMLSchema-instance" xsi:noNamespaceSchemaLocation="https://maven.apache.org/surefire/maven-surefire-plugin/xsd/surefire-test-report.xsd" name="org.apache.hadoop.ozone.client.rpc.TestWatchForCommit" time="250.593" tests="5" errors="1" skipped="0" failures="0">
  <properties>
    <property name="awt.toolkit" value="sun.awt.X11.XToolkit"/>
    <property name="file.encoding.pkg" value="sun.io"/>
    <property name="java.specification.version" value="1.8"/>
    <property name="sun.cpu.isalist" value=""/>
    <property name="sun.jnu.encoding" value="UTF-8"/>
    <property name="java.class.path" value="/workdir/hadoop-ozone/integration-test/target/test-classes:/workdir/hadoop-ozone/integration-test/target/classes:/home/user/.m2/repository/org/apache/hadoop/hadoop-ozone-common/0.5.0-SNAPSHOT/hadoop-ozone-common-0.5.0-SNAPSHOT.jar:/home/user/.m2/repository/org/apache/commons/commons-compress/1.4.1/commons-compress-1.4.1.jar:/home/user/.m2/repository/org/tukaani/xz/1.0/xz-1.0.jar:/home/user/.m2/repository/org/apache/hadoop/hadoop-common/3.2.0/hadoop-common-3.2.0.jar:/home/user/.m2/repository/org/apache/hadoop/hadoop-hdfs/3.2.0/hadoop-hdfs-3.2.0.jar:/home/user/.m2/repository/org/apache/hadoop/hadoop-hdfs-client/3.2.0/hadoop-hdfs-client-3.2.0.jar:/home/user/.m2/repository/com/fasterxml/jackson/core/jackson-annotations/2.9.9/jackson-annotations-2.9.9.jar:/home/user/.m2/repository/org/apache/hadoop/hadoop-hdds-common/0.5.0-SNAPSHOT/hadoop-hdds-common-0.5.0-SNAPSHOT.jar:/home/user/.m2/repository/javax/annotation/javax.annotation-api/1.2/javax.annotation-api-1.2.jar:/home/user/.m2/repository/org/apache/ratis/ratis-server/0.5.0-201fc85-SNAPSHOT/ratis-server-0.5.0-201fc85-SNAPSHOT.jar:/home/user/.m2/repository/org/apache/ratis/ratis-thirdparty-misc/0.2.0/ratis-thirdparty-misc-0.2.0.jar:/home/user/.m2/repository/org/apache/ratis/ratis-proto/0.5.0-201fc85-SNAPSHOT/ratis-proto-0.5.0-201fc85-SNAPSHOT.jar:/home/user/.m2/repository/org/apache/ratis/ratis-common/0.5.0-201fc85-SNAPSHOT/ratis-common-0.5.0-201fc85-SNAPSHOT.jar:/home/user/.m2/repository/org/apache/ratis/ratis-client/0.5.0-201fc85-SNAPSHOT/ratis-client-0.5.0-201fc85-SNAPSHOT.jar:/home/user/.m2/repository/org/apache/ratis/ratis-metrics/0.5.0-201fc85-SNAPSHOT/ratis-metrics-0.5.0-201fc85-SNAPSHOT.jar:/home/user/.m2/repository/com/github/joshelser/dropwizard-metrics-hadoop-metrics2-reporter/0.1.2/dropwizard-metrics-hadoop-metrics2-reporter-0.1.2.jar:/home/user/.m2/repository/io/dropwizard/metrics/metrics-jvm/3.2.5/metrics-jvm-3.2.5.jar:/home/user/.m2/repository/io/dropwizard/metrics/metrics-ganglia/3.2.5/metrics-ganglia-3.2.5.jar:/home/user/.m2/repository/info/ganglia/gmetric4j/gmetric4j/1.0.7/gmetric4j-1.0.7.jar:/home/user/.m2/repository/org/apache/ratis/ratis-netty/0.5.0-201fc85-SNAPSHOT/ratis-netty-0.5.0-201fc85-SNAPSHOT.jar:/home/user/.m2/repository/org/apache/ratis/ratis-grpc/0.5.0-201fc85-SNAPSHOT/ratis-grpc-0.5.0-201fc85-SNAPSHOT.jar:/home/user/.m2/repository/org/rocksdb/rocksdbjni/6.0.1/rocksdbjni-6.0.1.jar:/home/user/.m2/repository/org/apache/logging/log4j/log4j-api/2.11.0/log4j-api-2.11.0.jar:/home/user/.m2/repository/org/apache/logging/log4j/log4j-core/2.11.0/log4j-core-2.11.0.jar:/home/user/.m2/repository/com/lmax/disruptor/3.4.2/disruptor-3.4.2.jar:/home/user/.m2/repository/org/apache/commons/commons-pool2/2.6.0/commons-pool2-2.6.0.jar:/home/user/.m2/repository/org/bouncycastle/bcpkix-jdk15on/1.60/bcpkix-jdk15on-1.60.jar:/home/user/.m2/repository/commons-validator/commons-validator/1.6/commons-validator-1.6.jar:/home/user/.m2/repository/commons-digester/commons-digester/1.8.1/commons-digester-1.8.1.jar:/home/user/.m2/repository/io/jaegertracing/jaeger-client/0.34.0/jaeger-client-0.34.0.jar:/home/user/.m2/repository/io/jaegertracing/jaeger-thrift/0.34.0/jaeger-thrift-0.34.0.jar:/home/user/.m2/repository/org/apache/thrift/libthrift/0.12.0/libthrift-0.12.0.jar:/home/user/.m2/repository/com/squareup/okhttp3/okhttp/3.9.0/okhttp-3.9.0.jar:/home/user/.m2/repository/com/squareup/okio/okio/1.13.0/okio-1.13.0.jar:/home/user/.m2/repository/io/jaegertracing/jaeger-core/0.34.0/jaeger-core-0.34.0.jar:/home/user/.m2/repository/io/jaegertracing/jaeger-tracerresolver/0.34.0/jaeger-tracerresolver-0.34.0.jar:/home/user/.m2/repository/io/opentracing/contrib/opentracing-tracerresolver/0.1.5/opentracing-tracerresolver-0.1.5.jar:/home/user/.m2/repository/io/opentracing/opentracing-util/0.31.0/opentracing-util-0.31.0.jar:/home/user/.m2/repository/io/opentracing/opentracing-api/0.31.0/opentracing-api-0.31.0.jar:/home/user/.m2/repository/io/opentracing/opentracing-noop/0.31.0/opentracing-noop-0.31.0.jar:/home/user/.m2/repository/org/apache/hadoop/hadoop-hdds-server-framework/0.5.0-SNAPSHOT/hadoop-hdds-server-framework-0.5.0-SNAPSHOT.jar:/home/user/.m2/repository/org/apache/hadoop/hadoop-hdds-container-service/0.5.0-SNAPSHOT/hadoop-hdds-container-service-0.5.0-SNAPSHOT.jar:/home/user/.m2/repository/org/apache/hadoop/hadoop-hdds-client/0.5.0-SNAPSHOT/hadoop-hdds-client-0.5.0-SNAPSHOT.jar:/home/user/.m2/repository/org/apache/hadoop/hadoop-hdds-tools/0.5.0-SNAPSHOT/hadoop-hdds-tools-0.5.0-SNAPSHOT.jar:/home/user/.m2/repository/org/apache/hadoop/hadoop-hdds-server-scm/0.5.0-SNAPSHOT/hadoop-hdds-server-scm-0.5.0-SNAPSHOT.jar:/home/user/.m2/repository/org/apache/hadoop/hadoop-hdds-docs/0.5.0-SNAPSHOT/hadoop-hdds-docs-0.5.0-SNAPSHOT.jar:/home/user/.m2/repository/io/dropwizard/metrics/metrics-core/3.2.4/metrics-core-3.2.4.jar:/home/user/.m2/repository/org/hamcrest/hamcrest-all/1.3/hamcrest-all-1.3.jar:/home/user/.m2/repository/org/bouncycastle/bcprov-jdk15on/1.60/bcprov-jdk15on-1.60.jar:/home/user/.m2/repository/info/picocli/picocli/3.9.6/picocli-3.9.6.jar:/home/user/.m2/repository/com/google/protobuf/protobuf-java/2.5.0/protobuf-java-2.5.0.jar:/home/user/.m2/repository/com/google/guava/guava/11.0.2/guava-11.0.2.jar:/home/user/.m2/repository/org/apache/hadoop/hadoop-ozone-ozone-manager/0.5.0-SNAPSHOT/hadoop-ozone-ozone-manager-0.5.0-SNAPSHOT.jar:/home/user/.m2/repository/org/apache/hadoop/hadoop-minikdc/3.2.0/hadoop-minikdc-3.2.0.jar:/home/user/.m2/repository/commons-io/commons-io/2.5/commons-io-2.5.jar:/home/user/.m2/repository/org/apache/kerby/kerb-simplekdc/1.0.1/kerb-simplekdc-1.0.1.jar:/home/user/.m2/repository/org/apache/kerby/kerb-client/1.0.1/kerb-client-1.0.1.jar:/home/user/.m2/repository/org/apache/kerby/kerby-config/1.0.1/kerby-config-1.0.1.jar:/home/user/.m2/repository/org/apache/kerby/kerb-core/1.0.1/kerb-core-1.0.1.jar:/home/user/.m2/repository/org/apache/kerby/kerby-pkix/1.0.1/kerby-pkix-1.0.1.jar:/home/user/.m2/repository/org/apache/kerby/kerby-asn1/1.0.1/kerby-asn1-1.0.1.jar:/home/user/.m2/repository/org/apache/kerby/kerby-util/1.0.1/kerby-util-1.0.1.jar:/home/user/.m2/repository/org/apache/kerby/kerb-common/1.0.1/kerb-common-1.0.1.jar:/home/user/.m2/repository/org/apache/kerby/kerb-crypto/1.0.1/kerb-crypto-1.0.1.jar:/home/user/.m2/repository/org/apache/kerby/kerb-util/1.0.1/kerb-util-1.0.1.jar:/home/user/.m2/repository/org/apache/kerby/token-provider/1.0.1/token-provider-1.0.1.jar:/home/user/.m2/repository/org/apache/kerby/kerb-admin/1.0.1/kerb-admin-1.0.1.jar:/home/user/.m2/repository/org/apache/kerby/kerb-server/1.0.1/kerb-server-1.0.1.jar:/home/user/.m2/repository/org/apache/kerby/kerb-identity/1.0.1/kerb-identity-1.0.1.jar:/home/user/.m2/repository/org/apache/kerby/kerby-xdr/1.0.1/kerby-xdr-1.0.1.jar:/home/user/.m2/repository/org/slf4j/slf4j-log4j12/1.7.25/slf4j-log4j12-1.7.25.jar:/home/user/.m2/repository/org/apache/hadoop/hadoop-ozone-s3gateway/0.5.0-SNAPSHOT/hadoop-ozone-s3gateway-0.5.0-SNAPSHOT.jar:/home/user/.m2/repository/org/jboss/weld/servlet/weld-servlet/2.4.7.Final/weld-servlet-2.4.7.Final.jar:/home/user/.m2/repository/org/glassfish/jersey/containers/jersey-container-servlet-core/2.27/jersey-container-servlet-core-2.27.jar:/home/user/.m2/repository/org/glassfish/hk2/external/javax.inject/2.5.0-b42/javax.inject-2.5.0-b42.jar:/home/user/.m2/repository/org/glassfish/jersey/core/jersey-common/2.27/jersey-common-2.27.jar:/home/user/.m2/repository/org/glassfish/hk2/osgi-resource-locator/1.0.1/osgi-resource-locator-1.0.1.jar:/home/user/.m2/repository/javax/ws/rs/javax.ws.rs-api/2.1/javax.ws.rs-api-2.1.jar:/home/user/.m2/repository/org/glassfish/jersey/ext/cdi/jersey-cdi1x/2.27/jersey-cdi1x-2.27.jar:/home/user/.m2/repository/org/glassfish/jersey/inject/jersey-hk2/2.27/jersey-hk2-2.27.jar:/home/user/.m2/repository/org/glassfish/hk2/hk2-locator/2.5.0-b42/hk2-locator-2.5.0-b42.jar:/home/user/.m2/repository/org/javassist/javassist/3.22.0-CR2/javassist-3.22.0-CR2.jar:/home/user/.m2/repository/org/glassfish/hk2/hk2-api/2.5.0/hk2-api-2.5.0.jar:/home/user/.m2/repository/org/glassfish/hk2/external/jakarta.inject/2.5.0/jakarta.inject-2.5.0.jar:/home/user/.m2/repository/org/glassfish/hk2/hk2-utils/2.5.0/hk2-utils-2.5.0.jar:/home/user/.m2/repository/jakarta/annotation/jakarta.annotation-api/1.3.4/jakarta.annotation-api-1.3.4.jar:/home/user/.m2/repository/org/glassfish/hk2/external/aopalliance-repackaged/2.5.0/aopalliance-repackaged-2.5.0.jar:/home/user/.m2/repository/com/fasterxml/jackson/dataformat/jackson-dataformat-xml/2.9.0/jackson-dataformat-xml-2.9.0.jar:/home/user/.m2/repository/com/fasterxml/jackson/core/jackson-core/2.9.9/jackson-core-2.9.9.jar:/home/user/.m2/repository/com/fasterxml/jackson/module/jackson-module-jaxb-annotations/2.9.9/jackson-module-jaxb-annotations-2.9.9.jar:/home/user/.m2/repository/javax/enterprise/cdi-api/1.2/cdi-api-1.2.jar:/home/user/.m2/repository/javax/el/javax.el-api/3.0.0/javax.el-api-3.0.0.jar:/home/user/.m2/repository/javax/interceptor/javax.interceptor-api/1.2/javax.interceptor-api-1.2.jar:/home/user/.m2/repository/javax/inject/javax.inject/1/javax.inject-1.jar:/home/user/.m2/repository/com/sun/xml/bind/jaxb-impl/2.3.0.1/jaxb-impl-2.3.0.1.jar:/home/user/.m2/repository/com/sun/xml/bind/jaxb-core/2.3.0.1/jaxb-core-2.3.0.1.jar:/home/user/.m2/repository/javax/xml/bind/jaxb-api/2.3.0/jaxb-api-2.3.0.jar:/home/user/.m2/repository/javax/activation/activation/1.1.1/activation-1.1.1.jar:/home/user/.m2/repository/org/apache/hadoop/hadoop-ozone-csi/0.5.0-SNAPSHOT/hadoop-ozone-csi-0.5.0-SNAPSHOT.jar:/home/user/.m2/repository/com/google/protobuf/protobuf-java-util/3.5.1/protobuf-java-util-3.5.1.jar:/home/user/.m2/repository/org/apache/hadoop/hadoop-hdds-config/0.5.0-SNAPSHOT/hadoop-hdds-config-0.5.0-SNAPSHOT.jar:/home/user/.m2/repository/io/grpc/grpc-netty/1.17.1/grpc-netty-1.17.1.jar:/home/user/.m2/repository/io/grpc/grpc-core/1.17.1/grpc-core-1.17.1.jar:/home/user/.m2/repository/io/grpc/grpc-context/1.17.1/grpc-context-1.17.1.jar:/home/user/.m2/repository/com/google/errorprone/error_prone_annotations/2.2.0/error_prone_annotations-2.2.0.jar:/home/user/.m2/repository/org/codehaus/mojo/animal-sniffer-annotations/1.17/animal-sniffer-annotations-1.17.jar:/home/user/.m2/repository/io/opencensus/opencensus-api/0.17.0/opencensus-api-0.17.0.jar:/home/user/.m2/repository/io/opencensus/opencensus-contrib-grpc-metrics/0.17.0/opencensus-contrib-grpc-metrics-0.17.0.jar:/home/user/.m2/repository/io/netty/netty-codec-http2/4.1.30.Final/netty-codec-http2-4.1.30.Final.jar:/home/user/.m2/repository/io/netty/netty-codec-http/4.1.30.Final/netty-codec-http-4.1.30.Final.jar:/home/user/.m2/repository/io/netty/netty-codec/4.1.30.Final/netty-codec-4.1.30.Final.jar:/home/user/.m2/repository/io/netty/netty-handler/4.1.30.Final/netty-handler-4.1.30.Final.jar:/home/user/.m2/repository/io/netty/netty-handler-proxy/4.1.30.Final/netty-handler-proxy-4.1.30.Final.jar:/home/user/.m2/repository/io/netty/netty-codec-socks/4.1.30.Final/netty-codec-socks-4.1.30.Final.jar:/home/user/.m2/repository/io/netty/netty-transport-native-epoll/4.1.30.Final/netty-transport-native-epoll-4.1.30.Final.jar:/home/user/.m2/repository/io/netty/netty-common/4.1.30.Final/netty-common-4.1.30.Final.jar:/home/user/.m2/repository/io/netty/netty-buffer/4.1.30.Final/netty-buffer-4.1.30.Final.jar:/home/user/.m2/repository/io/netty/netty-transport/4.1.30.Final/netty-transport-4.1.30.Final.jar:/home/user/.m2/repository/io/netty/netty-resolver/4.1.30.Final/netty-resolver-4.1.30.Final.jar:/home/user/.m2/repository/io/netty/netty-transport-native-unix-common/4.1.30.Final/netty-transport-native-unix-common-4.1.30.Final.jar:/home/user/.m2/repository/io/grpc/grpc-protobuf/1.17.1/grpc-protobuf-1.17.1.jar:/home/user/.m2/repository/com/google/api/grpc/proto-google-common-protos/1.0.0/proto-google-common-protos-1.0.0.jar:/home/user/.m2/repository/io/grpc/grpc-protobuf-lite/1.17.1/grpc-protobuf-lite-1.17.1.jar:/home/user/.m2/repository/io/grpc/grpc-stub/1.17.1/grpc-stub-1.17.1.jar:/home/user/.m2/repository/org/apache/hadoop/hadoop-ozone-recon/0.5.0-SNAPSHOT/hadoop-ozone-recon-0.5.0-SNAPSHOT.jar:/home/user/.m2/repository/org/apache/hadoop/hadoop-ozone-reconcodegen/0.5.0-SNAPSHOT/hadoop-ozone-reconcodegen-0.5.0-SNAPSHOT.jar:/home/user/.m2/repository/com/google/inject/extensions/guice-multibindings/4.0/guice-multibindings-4.0.jar:/home/user/.m2/repository/com/google/inject/guice/4.0/guice-4.0.jar:/home/user/.m2/repository/aopalliance/aopalliance/1.0/aopalliance-1.0.jar:/home/user/.m2/repository/com/google/inject/extensions/guice-servlet/4.0/guice-servlet-4.0.jar:/home/user/.m2/repository/org/glassfish/jersey/containers/jersey-container-servlet/2.27/jersey-container-servlet-2.27.jar:/home/user/.m2/repository/org/glassfish/hk2/guice-bridge/2.5.0/guice-bridge-2.5.0.jar:/home/user/.m2/repository/org/glassfish/jersey/core/jersey-server/2.27/jersey-server-2.27.jar:/home/user/.m2/repository/org/glassfish/jersey/core/jersey-client/2.27/jersey-client-2.27.jar:/home/user/.m2/repository/org/glassfish/jersey/media/jersey-media-jaxb/2.27/jersey-media-jaxb-2.27.jar:/home/user/.m2/repository/javax/validation/validation-api/1.1.0.Final/validation-api-1.1.0.Final.jar:/home/user/.m2/repository/org/glassfish/jersey/media/jersey-media-json-jackson/2.27/jersey-media-json-jackson-2.27.jar:/home/user/.m2/repository/org/glassfish/jersey/ext/jersey-entity-filtering/2.27/jersey-entity-filtering-2.27.jar:/home/user/.m2/repository/com/google/inject/extensions/guice-assistedinject/4.0/guice-assistedinject-4.0.jar:/home/user/.m2/repository/org/jooq/jooq/3.11.10/jooq-3.11.10.jar:/home/user/.m2/repository/org/jooq/jooq-meta/3.11.10/jooq-meta-3.11.10.jar:/home/user/.m2/repository/org/jooq/jooq-codegen/3.11.10/jooq-codegen-3.11.10.jar:/home/user/.m2/repository/com/jolbox/bonecp/0.8.0.RELEASE/bonecp-0.8.0.RELEASE.jar:/home/user/.m2/repository/org/xerial/sqlite-jdbc/3.25.2/sqlite-jdbc-3.25.2.jar:/home/user/.m2/repository/org/springframework/spring-jdbc/5.1.3.RELEASE/spring-jdbc-5.1.3.RELEASE.jar:/home/user/.m2/repository/org/springframework/spring-beans/5.1.3.RELEASE/spring-beans-5.1.3.RELEASE.jar:/home/user/.m2/repository/org/springframework/spring-core/5.1.3.RELEASE/spring-core-5.1.3.RELEASE.jar:/home/user/.m2/repository/org/springframework/spring-jcl/5.1.3.RELEASE/spring-jcl-5.1.3.RELEASE.jar:/home/user/.m2/repository/org/springframework/spring-tx/5.1.3.RELEASE/spring-tx-5.1.3.RELEASE.jar:/home/user/.m2/repository/org/apache/hadoop/hadoop-ozone-client/0.5.0-SNAPSHOT/hadoop-ozone-client-0.5.0-SNAPSHOT.jar:/home/user/.m2/repository/commons-lang/commons-lang/2.6/commons-lang-2.6.jar:/home/user/.m2/repository/org/apache/hadoop/hadoop-ozone-ozone-manager/0.5.0-SNAPSHOT/hadoop-ozone-ozone-manager-0.5.0-SNAPSHOT-tests.jar:/home/user/.m2/repository/junit/junit/4.11/junit-4.11.jar:/home/user/.m2/repository/org/hamcrest/hamcrest-core/1.3/hamcrest-core-1.3.jar:/home/user/.m2/repository/org/openjdk/jmh/jmh-core/1.19/jmh-core-1.19.jar:/home/user/.m2/repository/net/sf/jopt-simple/jopt-simple/4.6/jopt-simple-4.6.jar:/home/user/.m2/repository/org/apache/commons/commons-math3/3.1.1/commons-math3-3.1.1.jar:/home/user/.m2/repository/org/openjdk/jmh/jmh-generator-annprocess/1.19/jmh-generator-annprocess-1.19.jar:/home/user/.m2/repository/org/mockito/mockito-all/1.8.5/mockito-all-1.8.5.jar:/home/user/.m2/repository/org/apache/hadoop/hadoop-kms/3.2.0/hadoop-kms-3.2.0.jar:/home/user/.m2/repository/org/apache/hadoop/hadoop-auth/3.2.0/hadoop-auth-3.2.0.jar:/home/user/.m2/repository/com/nimbusds/nimbus-jose-jwt/4.41.1/nimbus-jose-jwt-4.41.1.jar:/home/user/.m2/repository/com/github/stephenc/jcip/jcip-annotations/1.0-1/jcip-annotations-1.0-1.jar:/home/user/.m2/repository/net/minidev/json-smart/2.3/json-smart-2.3.jar:/home/user/.m2/repository/net/minidev/accessors-smart/1.2/accessors-smart-1.2.jar:/home/user/.m2/repository/org/ow2/asm/asm/5.0.4/asm-5.0.4.jar:/home/user/.m2/repository/org/apache/curator/curator-framework/2.12.0/curator-framework-2.12.0.jar:/home/user/.m2/repository/com/sun/jersey/jersey-core/1.19/jersey-core-1.19.jar:/home/user/.m2/repository/javax/ws/rs/jsr311-api/1.1.1/jsr311-api-1.1.1.jar:/home/user/.m2/repository/com/sun/jersey/jersey-server/1.19/jersey-server-1.19.jar:/home/user/.m2/repository/javax/servlet/javax.servlet-api/3.1.0/javax.servlet-api-3.1.0.jar:/home/user/.m2/repository/org/eclipse/jetty/jetty-server/9.3.25.v20180904/jetty-server-9.3.25.v20180904.jar:/home/user/.m2/repository/org/eclipse/jetty/jetty-http/9.3.25.v20180904/jetty-http-9.3.25.v20180904.jar:/home/user/.m2/repository/org/eclipse/jetty/jetty-io/9.3.25.v20180904/jetty-io-9.3.25.v20180904.jar:/home/user/.m2/repository/org/eclipse/jetty/jetty-webapp/9.3.25.v20180904/jetty-webapp-9.3.25.v20180904.jar:/home/user/.m2/repository/org/eclipse/jetty/jetty-xml/9.3.25.v20180904/jetty-xml-9.3.25.v20180904.jar:/home/user/.m2/repository/log4j/log4j/1.2.17/log4j-1.2.17.jar:/home/user/.m2/repository/org/slf4j/slf4j-api/1.7.25/slf4j-api-1.7.25.jar:/home/user/.m2/repository/org/slf4j/jul-to-slf4j/1.7.25/jul-to-slf4j-1.7.25.jar:/home/user/.m2/repository/org/eclipse/jetty/jetty-util/9.3.25.v20180904/jetty-util-9.3.25.v20180904.jar:/home/user/.m2/repository/com/fasterxml/jackson/core/jackson-databind/2.9.9/jackson-databind-2.9.9.jar:/home/user/.m2/repository/org/apache/hadoop/hadoop-kms/3.2.0/hadoop-kms-3.2.0-tests.jar:/home/user/.m2/repository/org/apache/hadoop/hadoop-hdds-server-scm/0.5.0-SNAPSHOT/hadoop-hdds-server-scm-0.5.0-SNAPSHOT-tests.jar:/home/user/.m2/repository/org/apache/hadoop/hadoop-hdds-container-service/0.5.0-SNAPSHOT/hadoop-hdds-container-service-0.5.0-SNAPSHOT-tests.jar:/home/user/.m2/repository/org/yaml/snakeyaml/1.16/snakeyaml-1.16.jar:/home/user/.m2/repository/org/apache/hadoop/hadoop-common/3.2.0/hadoop-common-3.2.0-tests.jar:/home/user/.m2/repository/org/apache/hadoop/hadoop-annotations/3.2.0/hadoop-annotations-3.2.0.jar:/usr/lib/jvm/java-1.8-openjdk/jre/../lib/tools.jar:/home/user/.m2/repository/commons-cli/commons-cli/1.2/commons-cli-1.2.jar:/home/user/.m2/repository/org/apache/httpcomponents/httpclient/4.5.2/httpclient-4.5.2.jar:/home/user/.m2/repository/org/apache/httpcomponents/httpcore/4.4.4/httpcore-4.4.4.jar:/home/user/.m2/repository/commons-codec/commons-codec/1.11/commons-codec-1.11.jar:/home/user/.m2/repository/commons-net/commons-net/3.6/commons-net-3.6.jar:/home/user/.m2/repository/commons-collections/commons-collections/3.2.2/commons-collections-3.2.2.jar:/home/user/.m2/repository/org/eclipse/jetty/jetty-servlet/9.3.25.v20180904/jetty-servlet-9.3.25.v20180904.jar:/home/user/.m2/repository/org/eclipse/jetty/jetty-security/9.3.25.v20180904/jetty-security-9.3.25.v20180904.jar:/home/user/.m2/repository/javax/servlet/jsp/jsp-api/2.1/jsp-api-2.1.jar:/home/user/.m2/repository/com/sun/jersey/jersey-servlet/1.19/jersey-servlet-1.19.jar:/home/user/.m2/repository/com/sun/jersey/jersey-json/1.19/jersey-json-1.19.jar:/home/user/.m2/repository/org/codehaus/jettison/jettison/1.1/jettison-1.1.jar:/home/user/.m2/repository/org/codehaus/jackson/jackson-core-asl/1.9.13/jackson-core-asl-1.9.13.jar:/home/user/.m2/repository/org/codehaus/jackson/jackson-mapper-asl/1.9.13/jackson-mapper-asl-1.9.13.jar:/home/user/.m2/repository/org/codehaus/jackson/jackson-jaxrs/1.9.13/jackson-jaxrs-1.9.13.jar:/home/user/.m2/repository/org/codehaus/jackson/jackson-xc/1.9.13/jackson-xc-1.9.13.jar:/home/user/.m2/repository/commons-logging/commons-logging/1.1.3/commons-logging-1.1.3.jar:/home/user/.m2/repository/commons-beanutils/commons-beanutils/1.9.4/commons-beanutils-1.9.4.jar:/home/user/.m2/repository/org/apache/commons/commons-configuration2/2.1.1/commons-configuration2-2.1.1.jar:/home/user/.m2/repository/org/apache/commons/commons-lang3/3.7/commons-lang3-3.7.jar:/home/user/.m2/repository/org/apache/commons/commons-text/1.4/commons-text-1.4.jar:/home/user/.m2/repository/org/apache/avro/avro/1.7.7/avro-1.7.7.jar:/home/user/.m2/repository/com/thoughtworks/paranamer/paranamer/2.3/paranamer-2.3.jar:/home/user/.m2/repository/org/xerial/snappy/snappy-java/1.0.5/snappy-java-1.0.5.jar:/home/user/.m2/repository/com/google/re2j/re2j/1.1/re2j-1.1.jar:/home/user/.m2/repository/com/google/code/gson/gson/2.2.4/gson-2.2.4.jar:/home/user/.m2/repository/com/jcraft/jsch/0.1.54/jsch-0.1.54.jar:/home/user/.m2/repository/org/apache/curator/curator-client/2.12.0/curator-client-2.12.0.jar:/home/user/.m2/repository/org/apache/curator/curator-recipes/2.12.0/curator-recipes-2.12.0.jar:/home/user/.m2/repository/com/google/code/findbugs/jsr305/3.0.0/jsr305-3.0.0.jar:/home/user/.m2/repository/org/apache/htrace/htrace-core4/4.1.0-incubating/htrace-core4-4.1.0-incubating.jar:/home/user/.m2/repository/org/apache/zookeeper/zookeeper/3.4.13/zookeeper-3.4.13.jar:/home/user/.m2/repository/jline/jline/0.9.94/jline-0.9.94.jar:/home/user/.m2/repository/org/apache/yetus/audience-annotations/0.5.0/audience-annotations-0.5.0.jar:/home/user/.m2/repository/org/codehaus/woodstox/stax2-api/3.1.4/stax2-api-3.1.4.jar:/home/user/.m2/repository/com/fasterxml/woodstox/woodstox-core/5.0.3/woodstox-core-5.0.3.jar:/home/user/.m2/repository/dnsjava/dnsjava/2.1.7/dnsjava-2.1.7.jar:/home/user/.m2/repository/org/apache/hadoop/hadoop-hdfs/3.2.0/hadoop-hdfs-3.2.0-tests.jar:/home/user/.m2/repository/org/eclipse/jetty/jetty-util-ajax/9.3.25.v20180904/jetty-util-ajax-9.3.25.v20180904.jar:/home/user/.m2/repository/commons-daemon/commons-daemon/1.0.13/commons-daemon-1.0.13.jar:/home/user/.m2/repository/io/netty/netty/3.10.5.Final/netty-3.10.5.Final.jar:/home/user/.m2/repository/io/netty/netty-all/4.0.52.Final/netty-all-4.0.52.Final.jar:/home/user/.m2/repository/org/fusesource/leveldbjni/leveldbjni-all/1.8/leveldbjni-all-1.8.jar:"/>
    <property name="java.vm.vendor" value="IcedTea"/>
    <property name="sun.arch.data.model" value="64"/>
    <property name="test.build.dir" value="/workdir/hadoop-ozone/integration-test/target/test-dir"/>
    <property name="test.cache.data" value=""/>
    <property name="java.vendor.url" value="https://icedtea.classpath.org"/>
    <property name="user.timezone" value=""/>
    <property name="java.vm.specification.version" value="1.8"/>
    <property name="os.name" value="Linux"/>
    <property name="test.build.data" value="/workdir/hadoop-ozone/integration-test/target/test-dir"/>
    <property name="user.country" value="US"/>
    <property name="sun.java.launcher" value="SUN_STANDARD"/>
    <property name="sun.boot.library.path" value="/usr/lib/jvm/java-1.8-openjdk/jre/lib/amd64"/>
    <property name="sun.java.command" value="/workdir/hadoop-ozone/integration-test/target/surefire/surefirebooter2601919980583937763.jar /workdir/hadoop-ozone/integration-test/target/surefire 2019-10-09T06-56-07_726-jvmRun1 surefire2854640850165521281tmp surefire_628440078110009339181tmp"/>
    <property name="test" value="!TestMiniChaosOzoneCluster"/>
    <property name="surefire.test.class.path" value="/workdir/hadoop-ozone/integration-test/target/test-classes:/workdir/hadoop-ozone/integration-test/target/classes:/home/user/.m2/repository/org/apache/hadoop/hadoop-ozone-common/0.5.0-SNAPSHOT/hadoop-ozone-common-0.5.0-SNAPSHOT.jar:/home/user/.m2/repository/org/apache/commons/commons-compress/1.4.1/commons-compress-1.4.1.jar:/home/user/.m2/repository/org/tukaani/xz/1.0/xz-1.0.jar:/home/user/.m2/repository/org/apache/hadoop/hadoop-common/3.2.0/hadoop-common-3.2.0.jar:/home/user/.m2/repository/org/apache/hadoop/hadoop-hdfs/3.2.0/hadoop-hdfs-3.2.0.jar:/home/user/.m2/repository/org/apache/hadoop/hadoop-hdfs-client/3.2.0/hadoop-hdfs-client-3.2.0.jar:/home/user/.m2/repository/com/fasterxml/jackson/core/jackson-annotations/2.9.9/jackson-annotations-2.9.9.jar:/home/user/.m2/repository/org/apache/hadoop/hadoop-hdds-common/0.5.0-SNAPSHOT/hadoop-hdds-common-0.5.0-SNAPSHOT.jar:/home/user/.m2/repository/javax/annotation/javax.annotation-api/1.2/javax.annotation-api-1.2.jar:/home/user/.m2/repository/org/apache/ratis/ratis-server/0.5.0-201fc85-SNAPSHOT/ratis-server-0.5.0-201fc85-SNAPSHOT.jar:/home/user/.m2/repository/org/apache/ratis/ratis-thirdparty-misc/0.2.0/ratis-thirdparty-misc-0.2.0.jar:/home/user/.m2/repository/org/apache/ratis/ratis-proto/0.5.0-201fc85-SNAPSHOT/ratis-proto-0.5.0-201fc85-SNAPSHOT.jar:/home/user/.m2/repository/org/apache/ratis/ratis-common/0.5.0-201fc85-SNAPSHOT/ratis-common-0.5.0-201fc85-SNAPSHOT.jar:/home/user/.m2/repository/org/apache/ratis/ratis-client/0.5.0-201fc85-SNAPSHOT/ratis-client-0.5.0-201fc85-SNAPSHOT.jar:/home/user/.m2/repository/org/apache/ratis/ratis-metrics/0.5.0-201fc85-SNAPSHOT/ratis-metrics-0.5.0-201fc85-SNAPSHOT.jar:/home/user/.m2/repository/com/github/joshelser/dropwizard-metrics-hadoop-metrics2-reporter/0.1.2/dropwizard-metrics-hadoop-metrics2-reporter-0.1.2.jar:/home/user/.m2/repository/io/dropwizard/metrics/metrics-jvm/3.2.5/metrics-jvm-3.2.5.jar:/home/user/.m2/repository/io/dropwizard/metrics/metrics-ganglia/3.2.5/metrics-ganglia-3.2.5.jar:/home/user/.m2/repository/info/ganglia/gmetric4j/gmetric4j/1.0.7/gmetric4j-1.0.7.jar:/home/user/.m2/repository/org/apache/ratis/ratis-netty/0.5.0-201fc85-SNAPSHOT/ratis-netty-0.5.0-201fc85-SNAPSHOT.jar:/home/user/.m2/repository/org/apache/ratis/ratis-grpc/0.5.0-201fc85-SNAPSHOT/ratis-grpc-0.5.0-201fc85-SNAPSHOT.jar:/home/user/.m2/repository/org/rocksdb/rocksdbjni/6.0.1/rocksdbjni-6.0.1.jar:/home/user/.m2/repository/org/apache/logging/log4j/log4j-api/2.11.0/log4j-api-2.11.0.jar:/home/user/.m2/repository/org/apache/logging/log4j/log4j-core/2.11.0/log4j-core-2.11.0.jar:/home/user/.m2/repository/com/lmax/disruptor/3.4.2/disruptor-3.4.2.jar:/home/user/.m2/repository/org/apache/commons/commons-pool2/2.6.0/commons-pool2-2.6.0.jar:/home/user/.m2/repository/org/bouncycastle/bcpkix-jdk15on/1.60/bcpkix-jdk15on-1.60.jar:/home/user/.m2/repository/commons-validator/commons-validator/1.6/commons-validator-1.6.jar:/home/user/.m2/repository/commons-digester/commons-digester/1.8.1/commons-digester-1.8.1.jar:/home/user/.m2/repository/io/jaegertracing/jaeger-client/0.34.0/jaeger-client-0.34.0.jar:/home/user/.m2/repository/io/jaegertracing/jaeger-thrift/0.34.0/jaeger-thrift-0.34.0.jar:/home/user/.m2/repository/org/apache/thrift/libthrift/0.12.0/libthrift-0.12.0.jar:/home/user/.m2/repository/com/squareup/okhttp3/okhttp/3.9.0/okhttp-3.9.0.jar:/home/user/.m2/repository/com/squareup/okio/okio/1.13.0/okio-1.13.0.jar:/home/user/.m2/repository/io/jaegertracing/jaeger-core/0.34.0/jaeger-core-0.34.0.jar:/home/user/.m2/repository/io/jaegertracing/jaeger-tracerresolver/0.34.0/jaeger-tracerresolver-0.34.0.jar:/home/user/.m2/repository/io/opentracing/contrib/opentracing-tracerresolver/0.1.5/opentracing-tracerresolver-0.1.5.jar:/home/user/.m2/repository/io/opentracing/opentracing-util/0.31.0/opentracing-util-0.31.0.jar:/home/user/.m2/repository/io/opentracing/opentracing-api/0.31.0/opentracing-api-0.31.0.jar:/home/user/.m2/repository/io/opentracing/opentracing-noop/0.31.0/opentracing-noop-0.31.0.jar:/home/user/.m2/repository/org/apache/hadoop/hadoop-hdds-server-framework/0.5.0-SNAPSHOT/hadoop-hdds-server-framework-0.5.0-SNAPSHOT.jar:/home/user/.m2/repository/org/apache/hadoop/hadoop-hdds-container-service/0.5.0-SNAPSHOT/hadoop-hdds-container-service-0.5.0-SNAPSHOT.jar:/home/user/.m2/repository/org/apache/hadoop/hadoop-hdds-client/0.5.0-SNAPSHOT/hadoop-hdds-client-0.5.0-SNAPSHOT.jar:/home/user/.m2/repository/org/apache/hadoop/hadoop-hdds-tools/0.5.0-SNAPSHOT/hadoop-hdds-tools-0.5.0-SNAPSHOT.jar:/home/user/.m2/repository/org/apache/hadoop/hadoop-hdds-server-scm/0.5.0-SNAPSHOT/hadoop-hdds-server-scm-0.5.0-SNAPSHOT.jar:/home/user/.m2/repository/org/apache/hadoop/hadoop-hdds-docs/0.5.0-SNAPSHOT/hadoop-hdds-docs-0.5.0-SNAPSHOT.jar:/home/user/.m2/repository/io/dropwizard/metrics/metrics-core/3.2.4/metrics-core-3.2.4.jar:/home/user/.m2/repository/org/hamcrest/hamcrest-all/1.3/hamcrest-all-1.3.jar:/home/user/.m2/repository/org/bouncycastle/bcprov-jdk15on/1.60/bcprov-jdk15on-1.60.jar:/home/user/.m2/repository/info/picocli/picocli/3.9.6/picocli-3.9.6.jar:/home/user/.m2/repository/com/google/protobuf/protobuf-java/2.5.0/protobuf-java-2.5.0.jar:/home/user/.m2/repository/com/google/guava/guava/11.0.2/guava-11.0.2.jar:/home/user/.m2/repository/org/apache/hadoop/hadoop-ozone-ozone-manager/0.5.0-SNAPSHOT/hadoop-ozone-ozone-manager-0.5.0-SNAPSHOT.jar:/home/user/.m2/repository/org/apache/hadoop/hadoop-minikdc/3.2.0/hadoop-minikdc-3.2.0.jar:/home/user/.m2/repository/commons-io/commons-io/2.5/commons-io-2.5.jar:/home/user/.m2/repository/org/apache/kerby/kerb-simplekdc/1.0.1/kerb-simplekdc-1.0.1.jar:/home/user/.m2/repository/org/apache/kerby/kerb-client/1.0.1/kerb-client-1.0.1.jar:/home/user/.m2/repository/org/apache/kerby/kerby-config/1.0.1/kerby-config-1.0.1.jar:/home/user/.m2/repository/org/apache/kerby/kerb-core/1.0.1/kerb-core-1.0.1.jar:/home/user/.m2/repository/org/apache/kerby/kerby-pkix/1.0.1/kerby-pkix-1.0.1.jar:/home/user/.m2/repository/org/apache/kerby/kerby-asn1/1.0.1/kerby-asn1-1.0.1.jar:/home/user/.m2/repository/org/apache/kerby/kerby-util/1.0.1/kerby-util-1.0.1.jar:/home/user/.m2/repository/org/apache/kerby/kerb-common/1.0.1/kerb-common-1.0.1.jar:/home/user/.m2/repository/org/apache/kerby/kerb-crypto/1.0.1/kerb-crypto-1.0.1.jar:/home/user/.m2/repository/org/apache/kerby/kerb-util/1.0.1/kerb-util-1.0.1.jar:/home/user/.m2/repository/org/apache/kerby/token-provider/1.0.1/token-provider-1.0.1.jar:/home/user/.m2/repository/org/apache/kerby/kerb-admin/1.0.1/kerb-admin-1.0.1.jar:/home/user/.m2/repository/org/apache/kerby/kerb-server/1.0.1/kerb-server-1.0.1.jar:/home/user/.m2/repository/org/apache/kerby/kerb-identity/1.0.1/kerb-identity-1.0.1.jar:/home/user/.m2/repository/org/apache/kerby/kerby-xdr/1.0.1/kerby-xdr-1.0.1.jar:/home/user/.m2/repository/org/slf4j/slf4j-log4j12/1.7.25/slf4j-log4j12-1.7.25.jar:/home/user/.m2/repository/org/apache/hadoop/hadoop-ozone-s3gateway/0.5.0-SNAPSHOT/hadoop-ozone-s3gateway-0.5.0-SNAPSHOT.jar:/home/user/.m2/repository/org/jboss/weld/servlet/weld-servlet/2.4.7.Final/weld-servlet-2.4.7.Final.jar:/home/user/.m2/repository/org/glassfish/jersey/containers/jersey-container-servlet-core/2.27/jersey-container-servlet-core-2.27.jar:/home/user/.m2/repository/org/glassfish/hk2/external/javax.inject/2.5.0-b42/javax.inject-2.5.0-b42.jar:/home/user/.m2/repository/org/glassfish/jersey/core/jersey-common/2.27/jersey-common-2.27.jar:/home/user/.m2/repository/org/glassfish/hk2/osgi-resource-locator/1.0.1/osgi-resource-locator-1.0.1.jar:/home/user/.m2/repository/javax/ws/rs/javax.ws.rs-api/2.1/javax.ws.rs-api-2.1.jar:/home/user/.m2/repository/org/glassfish/jersey/ext/cdi/jersey-cdi1x/2.27/jersey-cdi1x-2.27.jar:/home/user/.m2/repository/org/glassfish/jersey/inject/jersey-hk2/2.27/jersey-hk2-2.27.jar:/home/user/.m2/repository/org/glassfish/hk2/hk2-locator/2.5.0-b42/hk2-locator-2.5.0-b42.jar:/home/user/.m2/repository/org/javassist/javassist/3.22.0-CR2/javassist-3.22.0-CR2.jar:/home/user/.m2/repository/org/glassfish/hk2/hk2-api/2.5.0/hk2-api-2.5.0.jar:/home/user/.m2/repository/org/glassfish/hk2/external/jakarta.inject/2.5.0/jakarta.inject-2.5.0.jar:/home/user/.m2/repository/org/glassfish/hk2/hk2-utils/2.5.0/hk2-utils-2.5.0.jar:/home/user/.m2/repository/jakarta/annotation/jakarta.annotation-api/1.3.4/jakarta.annotation-api-1.3.4.jar:/home/user/.m2/repository/org/glassfish/hk2/external/aopalliance-repackaged/2.5.0/aopalliance-repackaged-2.5.0.jar:/home/user/.m2/repository/com/fasterxml/jackson/dataformat/jackson-dataformat-xml/2.9.0/jackson-dataformat-xml-2.9.0.jar:/home/user/.m2/repository/com/fasterxml/jackson/core/jackson-core/2.9.9/jackson-core-2.9.9.jar:/home/user/.m2/repository/com/fasterxml/jackson/module/jackson-module-jaxb-annotations/2.9.9/jackson-module-jaxb-annotations-2.9.9.jar:/home/user/.m2/repository/javax/enterprise/cdi-api/1.2/cdi-api-1.2.jar:/home/user/.m2/repository/javax/el/javax.el-api/3.0.0/javax.el-api-3.0.0.jar:/home/user/.m2/repository/javax/interceptor/javax.interceptor-api/1.2/javax.interceptor-api-1.2.jar:/home/user/.m2/repository/javax/inject/javax.inject/1/javax.inject-1.jar:/home/user/.m2/repository/com/sun/xml/bind/jaxb-impl/2.3.0.1/jaxb-impl-2.3.0.1.jar:/home/user/.m2/repository/com/sun/xml/bind/jaxb-core/2.3.0.1/jaxb-core-2.3.0.1.jar:/home/user/.m2/repository/javax/xml/bind/jaxb-api/2.3.0/jaxb-api-2.3.0.jar:/home/user/.m2/repository/javax/activation/activation/1.1.1/activation-1.1.1.jar:/home/user/.m2/repository/org/apache/hadoop/hadoop-ozone-csi/0.5.0-SNAPSHOT/hadoop-ozone-csi-0.5.0-SNAPSHOT.jar:/home/user/.m2/repository/com/google/protobuf/protobuf-java-util/3.5.1/protobuf-java-util-3.5.1.jar:/home/user/.m2/repository/org/apache/hadoop/hadoop-hdds-config/0.5.0-SNAPSHOT/hadoop-hdds-config-0.5.0-SNAPSHOT.jar:/home/user/.m2/repository/io/grpc/grpc-netty/1.17.1/grpc-netty-1.17.1.jar:/home/user/.m2/repository/io/grpc/grpc-core/1.17.1/grpc-core-1.17.1.jar:/home/user/.m2/repository/io/grpc/grpc-context/1.17.1/grpc-context-1.17.1.jar:/home/user/.m2/repository/com/google/errorprone/error_prone_annotations/2.2.0/error_prone_annotations-2.2.0.jar:/home/user/.m2/repository/org/codehaus/mojo/animal-sniffer-annotations/1.17/animal-sniffer-annotations-1.17.jar:/home/user/.m2/repository/io/opencensus/opencensus-api/0.17.0/opencensus-api-0.17.0.jar:/home/user/.m2/repository/io/opencensus/opencensus-contrib-grpc-metrics/0.17.0/opencensus-contrib-grpc-metrics-0.17.0.jar:/home/user/.m2/repository/io/netty/netty-codec-http2/4.1.30.Final/netty-codec-http2-4.1.30.Final.jar:/home/user/.m2/repository/io/netty/netty-codec-http/4.1.30.Final/netty-codec-http-4.1.30.Final.jar:/home/user/.m2/repository/io/netty/netty-codec/4.1.30.Final/netty-codec-4.1.30.Final.jar:/home/user/.m2/repository/io/netty/netty-handler/4.1.30.Final/netty-handler-4.1.30.Final.jar:/home/user/.m2/repository/io/netty/netty-handler-proxy/4.1.30.Final/netty-handler-proxy-4.1.30.Final.jar:/home/user/.m2/repository/io/netty/netty-codec-socks/4.1.30.Final/netty-codec-socks-4.1.30.Final.jar:/home/user/.m2/repository/io/netty/netty-transport-native-epoll/4.1.30.Final/netty-transport-native-epoll-4.1.30.Final.jar:/home/user/.m2/repository/io/netty/netty-common/4.1.30.Final/netty-common-4.1.30.Final.jar:/home/user/.m2/repository/io/netty/netty-buffer/4.1.30.Final/netty-buffer-4.1.30.Final.jar:/home/user/.m2/repository/io/netty/netty-transport/4.1.30.Final/netty-transport-4.1.30.Final.jar:/home/user/.m2/repository/io/netty/netty-resolver/4.1.30.Final/netty-resolver-4.1.30.Final.jar:/home/user/.m2/repository/io/netty/netty-transport-native-unix-common/4.1.30.Final/netty-transport-native-unix-common-4.1.30.Final.jar:/home/user/.m2/repository/io/grpc/grpc-protobuf/1.17.1/grpc-protobuf-1.17.1.jar:/home/user/.m2/repository/com/google/api/grpc/proto-google-common-protos/1.0.0/proto-google-common-protos-1.0.0.jar:/home/user/.m2/repository/io/grpc/grpc-protobuf-lite/1.17.1/grpc-protobuf-lite-1.17.1.jar:/home/user/.m2/repository/io/grpc/grpc-stub/1.17.1/grpc-stub-1.17.1.jar:/home/user/.m2/repository/org/apache/hadoop/hadoop-ozone-recon/0.5.0-SNAPSHOT/hadoop-ozone-recon-0.5.0-SNAPSHOT.jar:/home/user/.m2/repository/org/apache/hadoop/hadoop-ozone-reconcodegen/0.5.0-SNAPSHOT/hadoop-ozone-reconcodegen-0.5.0-SNAPSHOT.jar:/home/user/.m2/repository/com/google/inject/extensions/guice-multibindings/4.0/guice-multibindings-4.0.jar:/home/user/.m2/repository/com/google/inject/guice/4.0/guice-4.0.jar:/home/user/.m2/repository/aopalliance/aopalliance/1.0/aopalliance-1.0.jar:/home/user/.m2/repository/com/google/inject/extensions/guice-servlet/4.0/guice-servlet-4.0.jar:/home/user/.m2/repository/org/glassfish/jersey/containers/jersey-container-servlet/2.27/jersey-container-servlet-2.27.jar:/home/user/.m2/repository/org/glassfish/hk2/guice-bridge/2.5.0/guice-bridge-2.5.0.jar:/home/user/.m2/repository/org/glassfish/jersey/core/jersey-server/2.27/jersey-server-2.27.jar:/home/user/.m2/repository/org/glassfish/jersey/core/jersey-client/2.27/jersey-client-2.27.jar:/home/user/.m2/repository/org/glassfish/jersey/media/jersey-media-jaxb/2.27/jersey-media-jaxb-2.27.jar:/home/user/.m2/repository/javax/validation/validation-api/1.1.0.Final/validation-api-1.1.0.Final.jar:/home/user/.m2/repository/org/glassfish/jersey/media/jersey-media-json-jackson/2.27/jersey-media-json-jackson-2.27.jar:/home/user/.m2/repository/org/glassfish/jersey/ext/jersey-entity-filtering/2.27/jersey-entity-filtering-2.27.jar:/home/user/.m2/repository/com/google/inject/extensions/guice-assistedinject/4.0/guice-assistedinject-4.0.jar:/home/user/.m2/repository/org/jooq/jooq/3.11.10/jooq-3.11.10.jar:/home/user/.m2/repository/org/jooq/jooq-meta/3.11.10/jooq-meta-3.11.10.jar:/home/user/.m2/repository/org/jooq/jooq-codegen/3.11.10/jooq-codegen-3.11.10.jar:/home/user/.m2/repository/com/jolbox/bonecp/0.8.0.RELEASE/bonecp-0.8.0.RELEASE.jar:/home/user/.m2/repository/org/xerial/sqlite-jdbc/3.25.2/sqlite-jdbc-3.25.2.jar:/home/user/.m2/repository/org/springframework/spring-jdbc/5.1.3.RELEASE/spring-jdbc-5.1.3.RELEASE.jar:/home/user/.m2/repository/org/springframework/spring-beans/5.1.3.RELEASE/spring-beans-5.1.3.RELEASE.jar:/home/user/.m2/repository/org/springframework/spring-core/5.1.3.RELEASE/spring-core-5.1.3.RELEASE.jar:/home/user/.m2/repository/org/springframework/spring-jcl/5.1.3.RELEASE/spring-jcl-5.1.3.RELEASE.jar:/home/user/.m2/repository/org/springframework/spring-tx/5.1.3.RELEASE/spring-tx-5.1.3.RELEASE.jar:/home/user/.m2/repository/org/apache/hadoop/hadoop-ozone-client/0.5.0-SNAPSHOT/hadoop-ozone-client-0.5.0-SNAPSHOT.jar:/home/user/.m2/repository/commons-lang/commons-lang/2.6/commons-lang-2.6.jar:/home/user/.m2/repository/org/apache/hadoop/hadoop-ozone-ozone-manager/0.5.0-SNAPSHOT/hadoop-ozone-ozone-manager-0.5.0-SNAPSHOT-tests.jar:/home/user/.m2/repository/junit/junit/4.11/junit-4.11.jar:/home/user/.m2/repository/org/hamcrest/hamcrest-core/1.3/hamcrest-core-1.3.jar:/home/user/.m2/repository/org/openjdk/jmh/jmh-core/1.19/jmh-core-1.19.jar:/home/user/.m2/repository/net/sf/jopt-simple/jopt-simple/4.6/jopt-simple-4.6.jar:/home/user/.m2/repository/org/apache/commons/commons-math3/3.1.1/commons-math3-3.1.1.jar:/home/user/.m2/repository/org/openjdk/jmh/jmh-generator-annprocess/1.19/jmh-generator-annprocess-1.19.jar:/home/user/.m2/repository/org/mockito/mockito-all/1.8.5/mockito-all-1.8.5.jar:/home/user/.m2/repository/org/apache/hadoop/hadoop-kms/3.2.0/hadoop-kms-3.2.0.jar:/home/user/.m2/repository/org/apache/hadoop/hadoop-auth/3.2.0/hadoop-auth-3.2.0.jar:/home/user/.m2/repository/com/nimbusds/nimbus-jose-jwt/4.41.1/nimbus-jose-jwt-4.41.1.jar:/home/user/.m2/repository/com/github/stephenc/jcip/jcip-annotations/1.0-1/jcip-annotations-1.0-1.jar:/home/user/.m2/repository/net/minidev/json-smart/2.3/json-smart-2.3.jar:/home/user/.m2/repository/net/minidev/accessors-smart/1.2/accessors-smart-1.2.jar:/home/user/.m2/repository/org/ow2/asm/asm/5.0.4/asm-5.0.4.jar:/home/user/.m2/repository/org/apache/curator/curator-framework/2.12.0/curator-framework-2.12.0.jar:/home/user/.m2/repository/com/sun/jersey/jersey-core/1.19/jersey-core-1.19.jar:/home/user/.m2/repository/javax/ws/rs/jsr311-api/1.1.1/jsr311-api-1.1.1.jar:/home/user/.m2/repository/com/sun/jersey/jersey-server/1.19/jersey-server-1.19.jar:/home/user/.m2/repository/javax/servlet/javax.servlet-api/3.1.0/javax.servlet-api-3.1.0.jar:/home/user/.m2/repository/org/eclipse/jetty/jetty-server/9.3.25.v20180904/jetty-server-9.3.25.v20180904.jar:/home/user/.m2/repository/org/eclipse/jetty/jetty-http/9.3.25.v20180904/jetty-http-9.3.25.v20180904.jar:/home/user/.m2/repository/org/eclipse/jetty/jetty-io/9.3.25.v20180904/jetty-io-9.3.25.v20180904.jar:/home/user/.m2/repository/org/eclipse/jetty/jetty-webapp/9.3.25.v20180904/jetty-webapp-9.3.25.v20180904.jar:/home/user/.m2/repository/org/eclipse/jetty/jetty-xml/9.3.25.v20180904/jetty-xml-9.3.25.v20180904.jar:/home/user/.m2/repository/log4j/log4j/1.2.17/log4j-1.2.17.jar:/home/user/.m2/repository/org/slf4j/slf4j-api/1.7.25/slf4j-api-1.7.25.jar:/home/user/.m2/repository/org/slf4j/jul-to-slf4j/1.7.25/jul-to-slf4j-1.7.25.jar:/home/user/.m2/repository/org/eclipse/jetty/jetty-util/9.3.25.v20180904/jetty-util-9.3.25.v20180904.jar:/home/user/.m2/repository/com/fasterxml/jackson/core/jackson-databind/2.9.9/jackson-databind-2.9.9.jar:/home/user/.m2/repository/org/apache/hadoop/hadoop-kms/3.2.0/hadoop-kms-3.2.0-tests.jar:/home/user/.m2/repository/org/apache/hadoop/hadoop-hdds-server-scm/0.5.0-SNAPSHOT/hadoop-hdds-server-scm-0.5.0-SNAPSHOT-tests.jar:/home/user/.m2/repository/org/apache/hadoop/hadoop-hdds-container-service/0.5.0-SNAPSHOT/hadoop-hdds-container-service-0.5.0-SNAPSHOT-tests.jar:/home/user/.m2/repository/org/yaml/snakeyaml/1.16/snakeyaml-1.16.jar:/home/user/.m2/repository/org/apache/hadoop/hadoop-common/3.2.0/hadoop-common-3.2.0-tests.jar:/home/user/.m2/repository/org/apache/hadoop/hadoop-annotations/3.2.0/hadoop-annotations-3.2.0.jar:/usr/lib/jvm/java-1.8-openjdk/jre/../lib/tools.jar:/home/user/.m2/repository/commons-cli/commons-cli/1.2/commons-cli-1.2.jar:/home/user/.m2/repository/org/apache/httpcomponents/httpclient/4.5.2/httpclient-4.5.2.jar:/home/user/.m2/repository/org/apache/httpcomponents/httpcore/4.4.4/httpcore-4.4.4.jar:/home/user/.m2/repository/commons-codec/commons-codec/1.11/commons-codec-1.11.jar:/home/user/.m2/repository/commons-net/commons-net/3.6/commons-net-3.6.jar:/home/user/.m2/repository/commons-collections/commons-collections/3.2.2/commons-collections-3.2.2.jar:/home/user/.m2/repository/org/eclipse/jetty/jetty-servlet/9.3.25.v20180904/jetty-servlet-9.3.25.v20180904.jar:/home/user/.m2/repository/org/eclipse/jetty/jetty-security/9.3.25.v20180904/jetty-security-9.3.25.v20180904.jar:/home/user/.m2/repository/javax/servlet/jsp/jsp-api/2.1/jsp-api-2.1.jar:/home/user/.m2/repository/com/sun/jersey/jersey-servlet/1.19/jersey-servlet-1.19.jar:/home/user/.m2/repository/com/sun/jersey/jersey-json/1.19/jersey-json-1.19.jar:/home/user/.m2/repository/org/codehaus/jettison/jettison/1.1/jettison-1.1.jar:/home/user/.m2/repository/org/codehaus/jackson/jackson-core-asl/1.9.13/jackson-core-asl-1.9.13.jar:/home/user/.m2/repository/org/codehaus/jackson/jackson-mapper-asl/1.9.13/jackson-mapper-asl-1.9.13.jar:/home/user/.m2/repository/org/codehaus/jackson/jackson-jaxrs/1.9.13/jackson-jaxrs-1.9.13.jar:/home/user/.m2/repository/org/codehaus/jackson/jackson-xc/1.9.13/jackson-xc-1.9.13.jar:/home/user/.m2/repository/commons-logging/commons-logging/1.1.3/commons-logging-1.1.3.jar:/home/user/.m2/repository/commons-beanutils/commons-beanutils/1.9.4/commons-beanutils-1.9.4.jar:/home/user/.m2/repository/org/apache/commons/commons-configuration2/2.1.1/commons-configuration2-2.1.1.jar:/home/user/.m2/repository/org/apache/commons/commons-lang3/3.7/commons-lang3-3.7.jar:/home/user/.m2/repository/org/apache/commons/commons-text/1.4/commons-text-1.4.jar:/home/user/.m2/repository/org/apache/avro/avro/1.7.7/avro-1.7.7.jar:/home/user/.m2/repository/com/thoughtworks/paranamer/paranamer/2.3/paranamer-2.3.jar:/home/user/.m2/repository/org/xerial/snappy/snappy-java/1.0.5/snappy-java-1.0.5.jar:/home/user/.m2/repository/com/google/re2j/re2j/1.1/re2j-1.1.jar:/home/user/.m2/repository/com/google/code/gson/gson/2.2.4/gson-2.2.4.jar:/home/user/.m2/repository/com/jcraft/jsch/0.1.54/jsch-0.1.54.jar:/home/user/.m2/repository/org/apache/curator/curator-client/2.12.0/curator-client-2.12.0.jar:/home/user/.m2/repository/org/apache/curator/curator-recipes/2.12.0/curator-recipes-2.12.0.jar:/home/user/.m2/repository/com/google/code/findbugs/jsr305/3.0.0/jsr305-3.0.0.jar:/home/user/.m2/repository/org/apache/htrace/htrace-core4/4.1.0-incubating/htrace-core4-4.1.0-incubating.jar:/home/user/.m2/repository/org/apache/zookeeper/zookeeper/3.4.13/zookeeper-3.4.13.jar:/home/user/.m2/repository/jline/jline/0.9.94/jline-0.9.94.jar:/home/user/.m2/repository/org/apache/yetus/audience-annotations/0.5.0/audience-annotations-0.5.0.jar:/home/user/.m2/repository/org/codehaus/woodstox/stax2-api/3.1.4/stax2-api-3.1.4.jar:/home/user/.m2/repository/com/fasterxml/woodstox/woodstox-core/5.0.3/woodstox-core-5.0.3.jar:/home/user/.m2/repository/dnsjava/dnsjava/2.1.7/dnsjava-2.1.7.jar:/home/user/.m2/repository/org/apache/hadoop/hadoop-hdfs/3.2.0/hadoop-hdfs-3.2.0-tests.jar:/home/user/.m2/repository/org/eclipse/jetty/jetty-util-ajax/9.3.25.v20180904/jetty-util-ajax-9.3.25.v20180904.jar:/home/user/.m2/repository/commons-daemon/commons-daemon/1.0.13/commons-daemon-1.0.13.jar:/home/user/.m2/repository/io/netty/netty/3.10.5.Final/netty-3.10.5.Final.jar:/home/user/.m2/repository/io/netty/netty-all/4.0.52.Final/netty-all-4.0.52.Final.jar:/home/user/.m2/repository/org/fusesource/leveldbjni/leveldbjni-all/1.8/leveldbjni-all-1.8.jar:"/>
    <property name="sun.cpu.endian" value="little"/>
    <property name="user.home" value="/home/user"/>
    <property name="user.language" value="en"/>
    <property name="java.specification.vendor" value="Oracle Corporation"/>
    <property name="java.home" value="/usr/lib/jvm/java-1.8-openjdk/jre"/>
    <property name="java.security.krb5.conf" value="/workdir/hadoop-ozone/integration-test/target/test-classes/krb5.conf"/>
    <property name="basedir" value="/workdir/hadoop-ozone/integration-test"/>
    <property name="file.separator" value="/"/>
    <property name="line.separator" value="&#10;"/>
    <property name="java.vm.specification.vendor" value="Oracle Corporation"/>
    <property name="java.specification.name" value="Java Platform API Specification"/>
    <property name="java.awt.graphicsenv" value="sun.awt.X11GraphicsEnvironment"/>
    <property name="surefire.real.class.path" value="/workdir/hadoop-ozone/integration-test/target/surefire/surefirebooter2601919980583937763.jar"/>
    <property name="hadoop.log.dir" value="/workdir/hadoop-ozone/integration-test/target/log"/>
    <property name="sun.boot.class.path" value="/usr/lib/jvm/java-1.8-openjdk/jre/lib/resources.jar:/usr/lib/jvm/java-1.8-openjdk/jre/lib/rt.jar:/usr/lib/jvm/java-1.8-openjdk/jre/lib/sunrsasign.jar:/usr/lib/jvm/java-1.8-openjdk/jre/lib/jsse.jar:/usr/lib/jvm/java-1.8-openjdk/jre/lib/jce.jar:/usr/lib/jvm/java-1.8-openjdk/jre/lib/charsets.jar:/usr/lib/jvm/java-1.8-openjdk/jre/lib/jfr.jar:/usr/lib/jvm/java-1.8-openjdk/jre/classes"/>
    <property name="sun.management.compiler" value="HotSpot 64-Bit Tiered Compilers"/>
    <property name="java.runtime.version" value="1.8.0_212-b04"/>
    <property name="java.net.preferIPv4Stack" value="true"/>
    <property name="user.name" value="jenkins1000"/>
    <property name="path.separator" value=":"/>
    <property name="java.security.egd" value="file:///dev/urandom"/>
    <property name="os.version" value="3.10.0-957.12.2.el7.x86_64"/>
    <property name="java.endorsed.dirs" value="/usr/lib/jvm/java-1.8-openjdk/jre/lib/endorsed"/>
    <property name="java.runtime.name" value="OpenJDK Runtime Environment"/>
    <property name="file.encoding" value="UTF-8"/>
    <property name="java.vm.name" value="OpenJDK 64-Bit Server VM"/>
    <property name="test.build.webapps" value=""/>
    <property name="localRepository" value="/home/user/.m2/repository"/>
    <property name="java.vendor.url.bug" value="https://icedtea.classpath.org/bugzilla"/>
    <property name="java.io.tmpdir" value="/tmp"/>
    <property name="require.test.libhadoop" value=""/>
    <property name="java.version" value="1.8.0_212"/>
    <property name="user.dir" value="/workdir/hadoop-ozone/integration-test"/>
    <property name="os.arch" value="amd64"/>
    <property name="java.vm.specification.name" value="Java Virtual Machine Specification"/>
    <property name="test.build.classes" value="/workdir/hadoop-ozone/integration-test/target/test-classes"/>
    <property name="java.awt.printerjob" value="sun.print.PSPrinterJob"/>
    <property name="sun.os.patch.level" value="unknown"/>
    <property name="hadoop.tmp.dir" value="/workdir/hadoop-ozone/integration-test/target/tmp"/>
    <property name="java.library.path" value="/usr/lib/jvm/java-1.8-openjdk/jre/lib/amd64/server:/usr/lib/jvm/java-1.8-openjdk/jre/lib/amd64:/usr/lib/jvm/java-1.8-openjdk/jre/../lib/amd64:/workdir/hadoop-ozone/integration-test/target/native/target/usr/local/lib:/workdir/hadoop-ozone/integration-test/../../hadoop-common-project/hadoop-common/target/native/target/usr/local/lib:/usr/java/packages/lib/amd64:/usr/lib64:/lib64:/lib:/usr/lib"/>
    <property name="java.vm.info" value="mixed mode"/>
    <property name="java.vendor" value="IcedTea"/>
    <property name="java.vm.version" value="25.212-b04"/>
    <property name="java.ext.dirs" value="/usr/lib/jvm/java-1.8-openjdk/jre/lib/ext:/usr/java/packages/lib/ext"/>
    <property name="sun.io.unicode.encoding" value="UnicodeLittle"/>
    <property name="java.class.version" value="52.0"/>
  </properties>
  <testcase name="testWatchForCommitWithKeyWrite" classname="org.apache.hadoop.ozone.client.rpc.TestWatchForCommit" time="77.752"/>
  <testcase name="testWatchForCommitWithSmallerTimeoutValue" classname="org.apache.hadoop.ozone.client.rpc.TestWatchForCommit" time="42.697"/>
  <testcase name="testWatchForCommitForRetryfailure" classname="org.apache.hadoop.ozone.client.rpc.TestWatchForCommit" time="71.904"/>
  <testcase name="testWatchForCommitForGroupMismatchException" classname="org.apache.hadoop.ozone.client.rpc.TestWatchForCommit" time="32.12"/>
  <testcase name="test2WayCommitForTimeoutException" classname="org.apache.hadoop.ozone.client.rpc.TestWatchForCommit" time="26.055">
    <error message="org.apache.ratis.protocol.RaftRetryFailureException: Failed RaftClientRequest:client-A7496ABEEA2D-&gt;3bc82a09-eb4e-4191-b983-4b4db2cc119a@group-8B014107F92B, cid=101, seq=2*, RW, cmdType: CloseContainer&#10;traceID: &quot;b33f9be1dc094684:b33f9be1dc094684:0:0&quot;&#10;containerID: 1&#10;datanodeUuid: &quot;4f5831d1-4364-49f1-869b-a9f19d711711&quot;&#10;closeContainer {&#10;}&#10;, data.size=0 for 20 attempts with RetryLimited(maxAttempts=20, sleepTime=1000ms)" type="java.util.concurrent.ExecutionException">java.util.concurrent.ExecutionException: 
org.apache.ratis.protocol.RaftRetryFailureException: Failed RaftClientRequest:client-A7496ABEEA2D->3bc82a09-eb4e-4191-b983-4b4db2cc119a@group-8B014107F92B, cid=101, seq=2*, RW, cmdType: CloseContainer
traceID: "b33f9be1dc094684:b33f9be1dc094684:0:0"
containerID: 1
datanodeUuid: "4f5831d1-4364-49f1-869b-a9f19d711711"
closeContainer {
}
, data.size=0 for 20 attempts with RetryLimited(maxAttempts=20, sleepTime=1000ms)
	at java.util.concurrent.CompletableFuture.reportGet(CompletableFuture.java:357)
	at java.util.concurrent.CompletableFuture.get(CompletableFuture.java:1895)
	at org.apache.hadoop.ozone.client.rpc.TestWatchForCommit.test2WayCommitForTimeoutException(TestWatchForCommit.java:390)
	at sun.reflect.NativeMethodAccessorImpl.invoke0(Native Method)
	at sun.reflect.NativeMethodAccessorImpl.invoke(NativeMethodAccessorImpl.java:62)
	at sun.reflect.DelegatingMethodAccessorImpl.invoke(DelegatingMethodAccessorImpl.java:43)
	at java.lang.reflect.Method.invoke(Method.java:498)
	at org.junit.runners.model.FrameworkMethod$1.runReflectiveCall(FrameworkMethod.java:47)
	at org.junit.internal.runners.model.ReflectiveCallable.run(ReflectiveCallable.java:12)
	at org.junit.runners.model.FrameworkMethod.invokeExplosively(FrameworkMethod.java:44)
	at org.junit.internal.runners.statements.InvokeMethod.evaluate(InvokeMethod.java:17)
	at org.junit.runners.ParentRunner.runLeaf(ParentRunner.java:271)
	at org.junit.runners.BlockJUnit4ClassRunner.runChild(BlockJUnit4ClassRunner.java:70)
	at org.junit.runners.BlockJUnit4ClassRunner.runChild(BlockJUnit4ClassRunner.java:50)
	at org.junit.runners.ParentRunner$3.run(ParentRunner.java:238)
	at org.junit.runners.ParentRunner$1.schedule(ParentRunner.java:63)
	at org.junit.runners.ParentRunner.runChildren(ParentRunner.java:236)
	at org.junit.runners.ParentRunner.access$000(ParentRunner.java:53)
	at org.junit.runners.ParentRunner$2.evaluate(ParentRunner.java:229)
	at org.junit.runners.ParentRunner.run(ParentRunner.java:309)
	at org.apache.maven.surefire.junit4.JUnit4Provider.execute(JUnit4Provider.java:365)
	at org.apache.maven.surefire.junit4.JUnit4Provider.executeWithRerun(JUnit4Provider.java:273)
	at org.apache.maven.surefire.junit4.JUnit4Provider.executeTestSet(JUnit4Provider.java:238)
	at org.apache.maven.surefire.junit4.JUnit4Provider.invoke(JUnit4Provider.java:159)
	at org.apache.maven.surefire.booter.ForkedBooter.invokeProviderInSameClassLoader(ForkedBooter.java:384)
	at org.apache.maven.surefire.booter.ForkedBooter.runSuitesInProcess(ForkedBooter.java:345)
	at org.apache.maven.surefire.booter.ForkedBooter.execute(ForkedBooter.java:126)
	at org.apache.maven.surefire.booter.ForkedBooter.main(ForkedBooter.java:418)
Caused by: org.apache.ratis.protocol.RaftRetryFailureException: Failed RaftClientRequest:client-A7496ABEEA2D->3bc82a09-eb4e-4191-b983-4b4db2cc119a@group-8B014107F92B, cid=101, seq=2*, RW, cmdType: CloseContainer
traceID: "b33f9be1dc094684:b33f9be1dc094684:0:0"
containerID: 1
datanodeUuid: "4f5831d1-4364-49f1-869b-a9f19d711711"
closeContainer {
}
, data.size=0 for 20 attempts with RetryLimited(maxAttempts=20, sleepTime=1000ms)
	at org.apache.ratis.client.impl.RaftClientImpl.noMoreRetries(RaftClientImpl.java:271)
	at org.apache.ratis.client.impl.OrderedAsync.handleAsyncRetryFailure(OrderedAsync.java:138)
	at org.apache.ratis.client.impl.OrderedAsync.lambda$sendRequest$10(OrderedAsync.java:230)
	at java.util.concurrent.CompletableFuture.uniExceptionally(CompletableFuture.java:870)
	at java.util.concurrent.CompletableFuture$UniExceptionally.tryFire(CompletableFuture.java:852)
	at java.util.concurrent.CompletableFuture.postComplete(CompletableFuture.java:474)
	at java.util.concurrent.CompletableFuture.completeExceptionally(CompletableFuture.java:1977)
	at org.apache.ratis.grpc.client.GrpcClientProtocolClient$AsyncStreamObservers.completeReplyExceptionally(GrpcClientProtocolClient.java:345)
	at org.apache.ratis.grpc.client.GrpcClientProtocolClient$AsyncStreamObservers.access$000(GrpcClientProtocolClient.java:261)
	at org.apache.ratis.grpc.client.GrpcClientProtocolClient$AsyncStreamObservers$1.onNext(GrpcClientProtocolClient.java:273)
	at org.apache.ratis.grpc.client.GrpcClientProtocolClient$AsyncStreamObservers$1.onNext(GrpcClientProtocolClient.java:264)
	at org.apache.ratis.thirdparty.io.grpc.stub.ClientCalls$StreamObserverToCallListenerAdapter.onMessage(ClientCalls.java:421)
	at org.apache.ratis.thirdparty.io.grpc.ForwardingClientCallListener.onMessage(ForwardingClientCallListener.java:33)
	at org.apache.ratis.thirdparty.io.grpc.ForwardingClientCallListener.onMessage(ForwardingClientCallListener.java:33)
	at org.apache.ratis.thirdparty.io.grpc.internal.ClientCallImpl$ClientStreamListenerImpl$1MessagesAvailable.runInContext(ClientCallImpl.java:519)
	at org.apache.ratis.thirdparty.io.grpc.internal.ContextRunnable.run(ContextRunnable.java:37)
	at org.apache.ratis.thirdparty.io.grpc.internal.SerializingExecutor.run(SerializingExecutor.java:123)
	at java.util.concurrent.ThreadPoolExecutor.runWorker(ThreadPoolExecutor.java:1149)
	at java.util.concurrent.ThreadPoolExecutor$Worker.run(ThreadPoolExecutor.java:624)
	at java.lang.Thread.run(Thread.java:748)
Caused by: org.apache.ratis.protocol.NotLeaderException: Server 3bc82a09-eb4e-4191-b983-4b4db2cc119a@group-8B014107F92B is not the leader
	at org.apache.ratis.client.impl.ClientProtoUtils.toRaftClientReply(ClientProtoUtils.java:243)
	at org.apache.ratis.grpc.client.GrpcClientProtocolClient$AsyncStreamObservers$1.onNext(GrpcClientProtocolClient.java:269)
	... 10 more
</error>
    <system-out><![CDATA[2019-10-09 08:12:40,148 [main] WARN  server.ServerUtils (ServerUtils.java:getScmDbDir(145)) - ozone.scm.db.dirs is not configured. We recommend adding this setting. Falling back to ozone.metadata.dirs instead.
2019-10-09 08:12:40,162 [main] WARN  server.ServerUtils (ServerUtils.java:getScmDbDir(145)) - ozone.scm.db.dirs is not configured. We recommend adding this setting. Falling back to ozone.metadata.dirs instead.
2019-10-09 08:12:40,162 [main] WARN  server.ServerUtils (ServerUtils.java:getScmDbDir(145)) - ozone.scm.db.dirs is not configured. We recommend adding this setting. Falling back to ozone.metadata.dirs instead.
2019-10-09 08:12:40,163 [main] INFO  db.DBStoreBuilder (DBStoreBuilder.java:addTable(117)) - using custom profile for table: deletedBlocks
2019-10-09 08:12:40,163 [main] INFO  db.DBStoreBuilder (DBStoreBuilder.java:processTables(168)) - Using default column profile:DBProfile.DISK for Table:deletedBlocks
2019-10-09 08:12:40,163 [main] INFO  db.DBStoreBuilder (DBStoreBuilder.java:addTable(117)) - using custom profile for table: validCerts
2019-10-09 08:12:40,163 [main] INFO  db.DBStoreBuilder (DBStoreBuilder.java:processTables(168)) - Using default column profile:DBProfile.DISK for Table:validCerts
2019-10-09 08:12:40,164 [main] INFO  db.DBStoreBuilder (DBStoreBuilder.java:addTable(117)) - using custom profile for table: revokedCerts
2019-10-09 08:12:40,164 [main] INFO  db.DBStoreBuilder (DBStoreBuilder.java:processTables(168)) - Using default column profile:DBProfile.DISK for Table:revokedCerts
2019-10-09 08:12:40,164 [main] INFO  db.DBStoreBuilder (DBStoreBuilder.java:addTable(117)) - using custom profile for table: default
2019-10-09 08:12:40,164 [main] INFO  db.DBStoreBuilder (DBStoreBuilder.java:processTables(174)) - Using default column profile:DBProfile.DISK for Table:default
2019-10-09 08:12:40,164 [main] INFO  db.DBStoreBuilder (DBStoreBuilder.java:getDbProfile(205)) - Using default options. DBProfile.DISK
2019-10-09 08:12:40,244 [main] INFO  net.NodeSchemaLoader (NodeSchemaLoader.java:loadSchemaFromFile(125)) - Loading file from sun.misc.CompoundEnumeration@6a98f353
2019-10-09 08:12:40,244 [main] INFO  net.NodeSchemaLoader (NodeSchemaLoader.java:loadSchema(171)) - Loading network topology layer schema file
2019-10-09 08:12:40,249 [main] WARN  server.ServerUtils (ServerUtils.java:sanitizeUserArgs(70)) - ozone.scm.stale.node.interval value = 300000 is larger than max = 100000 based on the key value of ozone.scm.heartbeat.thread.interval, reset to the max value 100000.
2019-10-09 08:12:40,249 [main] WARN  server.ServerUtils (ServerUtils.java:sanitizeUserArgs(70)) - ozone.scm.stale.node.interval value = 300000 is larger than max = 100000 based on the key value of ozone.scm.heartbeat.thread.interval, reset to the max value 100000.
2019-10-09 08:12:40,249 [main] INFO  node.SCMNodeManager (SCMNodeManager.java:<init>(116)) - Entering startup safe mode.
2019-10-09 08:12:40,250 [main] INFO  algorithms.ContainerPlacementPolicyFactory (ContainerPlacementPolicyFactory.java:getPolicy(57)) - Create container placement policy of type org.apache.hadoop.hdds.scm.container.placement.algorithms.SCMContainerPlacementRandom
2019-10-09 08:12:40,250 [main] WARN  server.ServerUtils (ServerUtils.java:getScmDbDir(145)) - ozone.scm.db.dirs is not configured. We recommend adding this setting. Falling back to ozone.metadata.dirs instead.
2019-10-09 08:12:40,271 [main] INFO  pipeline.SCMPipelineManager (SCMPipelineManager.java:initializePipelineState(132)) - No pipeline exists in current db
2019-10-09 08:12:40,272 [main] WARN  server.ServerUtils (ServerUtils.java:getScmDbDir(145)) - ozone.scm.db.dirs is not configured. We recommend adding this setting. Falling back to ozone.metadata.dirs instead.
2019-10-09 08:12:40,295 [main] WARN  events.EventQueue (EventQueue.java:fireEvent(183)) - No event handler registered for event TypedEvent{payloadType=SafeModeStatus, name='SafeModeStatus'}
2019-10-09 08:12:40,296 [main] INFO  ipc.CallQueueManager (CallQueueManager.java:<init>(84)) - Using callQueue: class java.util.concurrent.LinkedBlockingQueue, queueCapacity: 2000, scheduler: class org.apache.hadoop.ipc.DefaultRpcScheduler, ipcBackoff: false.
2019-10-09 08:12:40,297 [Socket Reader #1 for port 45398] INFO  ipc.Server (Server.java:run(1074)) - Starting Socket Reader #1 for port 45398
2019-10-09 08:12:40,299 [main] INFO  ipc.CallQueueManager (CallQueueManager.java:<init>(84)) - Using callQueue: class java.util.concurrent.LinkedBlockingQueue, queueCapacity: 2000, scheduler: class org.apache.hadoop.ipc.DefaultRpcScheduler, ipcBackoff: false.
2019-10-09 08:12:40,299 [Socket Reader #1 for port 36588] INFO  ipc.Server (Server.java:run(1074)) - Starting Socket Reader #1 for port 36588
2019-10-09 08:12:40,301 [main] INFO  ipc.CallQueueManager (CallQueueManager.java:<init>(84)) - Using callQueue: class java.util.concurrent.LinkedBlockingQueue, queueCapacity: 2000, scheduler: class org.apache.hadoop.ipc.DefaultRpcScheduler, ipcBackoff: false.
2019-10-09 08:12:40,301 [Socket Reader #1 for port 36886] INFO  ipc.Server (Server.java:run(1074)) - Starting Socket Reader #1 for port 36886
2019-10-09 08:12:40,304 [main] INFO  hdfs.DFSUtil (DFSUtil.java:httpServerTemplateForNNAndJN(1641)) - Starting Web-server for scm at: http://0.0.0.0:0
2019-10-09 08:12:40,306 [main] INFO  server.AuthenticationFilter (AuthenticationFilter.java:constructSecretProvider(240)) - Unable to initialize FileSignerSecretProvider, falling back to use random secrets.
2019-10-09 08:12:40,307 [main] WARN  http.HttpRequestLog (HttpRequestLog.java:getRequestLog(97)) - Jetty request log can only be enabled using Log4j
2019-10-09 08:12:40,309 [main] INFO  http.HttpServer2 (HttpServer2.java:addGlobalFilter(975)) - Added global filter 'safety' (class=org.apache.hadoop.http.HttpServer2$QuotingInputFilter)
2019-10-09 08:12:40,310 [main] INFO  http.HttpServer2 (HttpServer2.java:addFilter(948)) - Added filter static_user_filter (class=org.apache.hadoop.http.lib.StaticUserWebFilter$StaticUserFilter) to context scm
2019-10-09 08:12:40,310 [main] INFO  http.HttpServer2 (HttpServer2.java:addFilter(958)) - Added filter static_user_filter (class=org.apache.hadoop.http.lib.StaticUserWebFilter$StaticUserFilter) to context logs
2019-10-09 08:12:40,310 [main] INFO  http.HttpServer2 (HttpServer2.java:addFilter(958)) - Added filter static_user_filter (class=org.apache.hadoop.http.lib.StaticUserWebFilter$StaticUserFilter) to context static
2019-10-09 08:12:40,313 [main] INFO  server.StorageContainerManager (StorageContainerManager.java:start(772)) - StorageContainerLocationProtocol RPC server is listening at /0.0.0.0:36886
2019-10-09 08:12:40,315 [main] WARN  impl.MetricsConfig (MetricsConfig.java:loadFirst(134)) - Cannot locate configuration: tried hadoop-metrics2-storagecontainermanager.properties,hadoop-metrics2.properties
2019-10-09 08:12:40,316 [main] INFO  impl.MetricsSystemImpl (MetricsSystemImpl.java:startTimer(374)) - Scheduled Metric snapshot period at 10 second(s).
2019-10-09 08:12:40,316 [main] INFO  impl.MetricsSystemImpl (MetricsSystemImpl.java:start(191)) - StorageContainerManager metrics system started
2019-10-09 08:12:40,384 [main] WARN  impl.MetricsSystemImpl (MetricsSystemImpl.java:register(276)) - Sink prometheus already exists!
2019-10-09 08:12:40,491 [main] INFO  server.SCMClientProtocolServer (SCMClientProtocolServer.java:start(159)) - RPC server for Client  is listening at /0.0.0.0:36886
2019-10-09 08:12:40,492 [IPC Server Responder] INFO  ipc.Server (Server.java:run(1314)) - IPC Server Responder: starting
2019-10-09 08:12:40,492 [IPC Server listener on 36886] INFO  ipc.Server (Server.java:run(1153)) - IPC Server listener on 36886: starting
2019-10-09 08:12:40,496 [main] INFO  server.StorageContainerManager (StorageContainerManager.java:start(782)) - ScmBlockLocationProtocol RPC server is listening at /0.0.0.0:36588
2019-10-09 08:12:40,496 [main] INFO  server.SCMBlockProtocolServer (SCMBlockProtocolServer.java:start(146)) - RPC server for Block Protocol is listening at /0.0.0.0:36588
2019-10-09 08:12:40,497 [IPC Server Responder] INFO  ipc.Server (Server.java:run(1314)) - IPC Server Responder: starting
2019-10-09 08:12:40,497 [IPC Server listener on 36588] INFO  ipc.Server (Server.java:run(1153)) - IPC Server listener on 36588: starting
2019-10-09 08:12:40,503 [main] INFO  server.StorageContainerManager (StorageContainerManager.java:start(786)) - ScmDatanodeProtocl RPC server is listening at /0.0.0.0:45398
2019-10-09 08:12:40,503 [main] INFO  server.SCMDatanodeProtocolServer (SCMDatanodeProtocolServer.java:start(169)) - RPC server for DataNodes is listening at /0.0.0.0:45398
2019-10-09 08:12:40,504 [IPC Server listener on 45398] INFO  ipc.Server (Server.java:run(1153)) - IPC Server listener on 45398: starting
2019-10-09 08:12:40,504 [IPC Server Responder] INFO  ipc.Server (Server.java:run(1314)) - IPC Server Responder: starting
2019-10-09 08:12:40,507 [main] INFO  http.HttpServer2 (HttpServer2.java:bindListener(1191)) - Jetty bound to port 46050
2019-10-09 08:12:40,507 [main] INFO  server.Server (Server.java:doStart(351)) - jetty-9.3.25.v20180904, build timestamp: 2018-09-04T21:11:46Z, git hash: 3ce520221d0240229c862b122d2b06c12a625732
2019-10-09 08:12:40,508 [main] INFO  handler.ContextHandler (ContextHandler.java:doStart(781)) - Started o.e.j.s.ServletContextHandler@525647f3{/logs,file:///workdir/hadoop-ozone/integration-test/target/log,AVAILABLE}
2019-10-09 08:12:40,509 [main] INFO  handler.ContextHandler (ContextHandler.java:doStart(781)) - Started o.e.j.s.ServletContextHandler@20a24edf{/static,file:///workdir/hadoop-ozone/integration-test/target/test-classes/webapps/static,AVAILABLE}
2019-10-09 08:12:40,513 [main] INFO  handler.ContextHandler (ContextHandler.java:doStart(781)) - Started o.e.j.w.WebAppContext@1d2fb82{/,file:///workdir/hadoop-ozone/integration-test/target/test-classes/webapps/scm/,AVAILABLE}{/scm}
2019-10-09 08:12:40,513 [main] INFO  server.AbstractConnector (AbstractConnector.java:doStart(278)) - Started ServerConnector@34045582{HTTP/1.1,[http/1.1]}{0.0.0.0:46050}
2019-10-09 08:12:40,514 [main] INFO  server.Server (Server.java:doStart(419)) - Started @225277ms
2019-10-09 08:12:40,514 [main] WARN  impl.MetricsSystemImpl (MetricsSystemImpl.java:register(276)) - Sink prometheus already exists!
2019-10-09 08:12:40,515 [main] INFO  server.BaseHttpServer (BaseHttpServer.java:updateConnectorAddress(215)) - HTTP server of SCM is listening at http://0.0.0.0:46050
2019-10-09 08:12:40,515 [main] WARN  server.ServerUtils (ServerUtils.java:getDBPath(222)) - ozone.om.db.dirs is not configured. We recommend adding this setting. Falling back to ozone.metadata.dirs instead.
2019-10-09 08:12:40,516 [org.apache.hadoop.util.JvmPauseMonitor$Monitor@1edccfd4] INFO  util.JvmPauseMonitor (JvmPauseMonitor.java:run(188)) - Starting JVM pause monitor
2019-10-09 08:12:40,529 [main] INFO  ha.OMHANodeDetails (OMHANodeDetails.java:loadOMHAConfig(190)) - Configuration either no ozone.om.address set. Falling back to the default OM address /127.0.0.1:0
2019-10-09 08:12:40,529 [main] INFO  ha.OMHANodeDetails (OMHANodeDetails.java:getOMNodeDetails(220)) - OM Service ID is not set. Setting it to the default ID: omServiceIdDefault
2019-10-09 08:12:40,529 [main] WARN  server.ServerUtils (ServerUtils.java:getDBPath(222)) - ozone.om.db.dirs is not configured. We recommend adding this setting. Falling back to ozone.metadata.dirs instead.
2019-10-09 08:12:40,530 [main] WARN  server.ServerUtils (ServerUtils.java:getDBPath(222)) - ozone.om.db.dirs is not configured. We recommend adding this setting. Falling back to ozone.metadata.dirs instead.
2019-10-09 08:12:40,537 [main] WARN  server.ServerUtils (ServerUtils.java:getDBPath(222)) - ozone.om.db.dirs is not configured. We recommend adding this setting. Falling back to ozone.metadata.dirs instead.
2019-10-09 08:12:40,538 [main] INFO  db.DBStoreBuilder (DBStoreBuilder.java:addTable(117)) - using custom profile for table: userTable
2019-10-09 08:12:40,538 [main] INFO  db.DBStoreBuilder (DBStoreBuilder.java:processTables(168)) - Using default column profile:DBProfile.DISK for Table:userTable
2019-10-09 08:12:40,538 [main] INFO  db.DBStoreBuilder (DBStoreBuilder.java:addTable(117)) - using custom profile for table: volumeTable
2019-10-09 08:12:40,538 [main] INFO  db.DBStoreBuilder (DBStoreBuilder.java:processTables(168)) - Using default column profile:DBProfile.DISK for Table:volumeTable
2019-10-09 08:12:40,539 [main] INFO  db.DBStoreBuilder (DBStoreBuilder.java:addTable(117)) - using custom profile for table: bucketTable
2019-10-09 08:12:40,539 [main] INFO  db.DBStoreBuilder (DBStoreBuilder.java:processTables(168)) - Using default column profile:DBProfile.DISK for Table:bucketTable
2019-10-09 08:12:40,539 [main] INFO  db.DBStoreBuilder (DBStoreBuilder.java:addTable(117)) - using custom profile for table: keyTable
2019-10-09 08:12:40,539 [main] INFO  db.DBStoreBuilder (DBStoreBuilder.java:processTables(168)) - Using default column profile:DBProfile.DISK for Table:keyTable
2019-10-09 08:12:40,539 [main] INFO  db.DBStoreBuilder (DBStoreBuilder.java:addTable(117)) - using custom profile for table: deletedTable
2019-10-09 08:12:40,539 [main] INFO  db.DBStoreBuilder (DBStoreBuilder.java:processTables(168)) - Using default column profile:DBProfile.DISK for Table:deletedTable
2019-10-09 08:12:40,540 [main] INFO  db.DBStoreBuilder (DBStoreBuilder.java:addTable(117)) - using custom profile for table: openKeyTable
2019-10-09 08:12:40,540 [main] INFO  db.DBStoreBuilder (DBStoreBuilder.java:processTables(168)) - Using default column profile:DBProfile.DISK for Table:openKeyTable
2019-10-09 08:12:40,540 [main] INFO  db.DBStoreBuilder (DBStoreBuilder.java:addTable(117)) - using custom profile for table: s3Table
2019-10-09 08:12:40,540 [main] INFO  db.DBStoreBuilder (DBStoreBuilder.java:processTables(168)) - Using default column profile:DBProfile.DISK for Table:s3Table
2019-10-09 08:12:40,540 [main] INFO  db.DBStoreBuilder (DBStoreBuilder.java:addTable(117)) - using custom profile for table: multipartInfoTable
2019-10-09 08:12:40,540 [main] INFO  db.DBStoreBuilder (DBStoreBuilder.java:processTables(168)) - Using default column profile:DBProfile.DISK for Table:multipartInfoTable
2019-10-09 08:12:40,541 [main] INFO  db.DBStoreBuilder (DBStoreBuilder.java:addTable(117)) - using custom profile for table: dTokenTable
2019-10-09 08:12:40,541 [main] INFO  db.DBStoreBuilder (DBStoreBuilder.java:processTables(168)) - Using default column profile:DBProfile.DISK for Table:dTokenTable
2019-10-09 08:12:40,541 [main] INFO  db.DBStoreBuilder (DBStoreBuilder.java:addTable(117)) - using custom profile for table: s3SecretTable
2019-10-09 08:12:40,541 [main] INFO  db.DBStoreBuilder (DBStoreBuilder.java:processTables(168)) - Using default column profile:DBProfile.DISK for Table:s3SecretTable
2019-10-09 08:12:40,541 [main] INFO  db.DBStoreBuilder (DBStoreBuilder.java:addTable(117)) - using custom profile for table: prefixTable
2019-10-09 08:12:40,541 [main] INFO  db.DBStoreBuilder (DBStoreBuilder.java:processTables(168)) - Using default column profile:DBProfile.DISK for Table:prefixTable
2019-10-09 08:12:40,542 [main] INFO  db.DBStoreBuilder (DBStoreBuilder.java:addTable(117)) - using custom profile for table: default
2019-10-09 08:12:40,542 [main] INFO  db.DBStoreBuilder (DBStoreBuilder.java:processTables(174)) - Using default column profile:DBProfile.DISK for Table:default
2019-10-09 08:12:40,542 [main] INFO  db.DBStoreBuilder (DBStoreBuilder.java:getDbProfile(205)) - Using default options. DBProfile.DISK
2019-10-09 08:12:40,975 [main] INFO  ipc.CallQueueManager (CallQueueManager.java:<init>(84)) - Using callQueue: class java.util.concurrent.LinkedBlockingQueue, queueCapacity: 2000, scheduler: class org.apache.hadoop.ipc.DefaultRpcScheduler, ipcBackoff: false.
2019-10-09 08:12:40,976 [Socket Reader #1 for port 33444] INFO  ipc.Server (Server.java:run(1074)) - Starting Socket Reader #1 for port 33444
2019-10-09 08:12:40,988 [main] INFO  om.OzoneManager (OzoneManager.java:start(1069)) - OzoneManager RPC server is listening at localhost/127.0.0.1:33444
2019-10-09 08:12:40,988 [main] INFO  impl.MetricsSystemImpl (MetricsSystemImpl.java:init(158)) - OzoneManager metrics system started (again)
2019-10-09 08:12:40,989 [IPC Server listener on 33444] INFO  ipc.Server (Server.java:run(1153)) - IPC Server listener on 33444: starting
2019-10-09 08:12:40,989 [IPC Server Responder] INFO  ipc.Server (Server.java:run(1314)) - IPC Server Responder: starting
2019-10-09 08:12:40,995 [main] INFO  hdfs.DFSUtil (DFSUtil.java:httpServerTemplateForNNAndJN(1641)) - Starting Web-server for ozoneManager at: http://0.0.0.0:0
2019-10-09 08:12:40,996 [main] INFO  server.AuthenticationFilter (AuthenticationFilter.java:constructSecretProvider(240)) - Unable to initialize FileSignerSecretProvider, falling back to use random secrets.
2019-10-09 08:12:40,997 [main] WARN  http.HttpRequestLog (HttpRequestLog.java:getRequestLog(97)) - Jetty request log can only be enabled using Log4j
2019-10-09 08:12:40,999 [main] INFO  http.HttpServer2 (HttpServer2.java:addGlobalFilter(975)) - Added global filter 'safety' (class=org.apache.hadoop.http.HttpServer2$QuotingInputFilter)
2019-10-09 08:12:40,999 [main] INFO  http.HttpServer2 (HttpServer2.java:addFilter(948)) - Added filter static_user_filter (class=org.apache.hadoop.http.lib.StaticUserWebFilter$StaticUserFilter) to context ozoneManager
2019-10-09 08:12:41,000 [main] INFO  http.HttpServer2 (HttpServer2.java:addFilter(958)) - Added filter static_user_filter (class=org.apache.hadoop.http.lib.StaticUserWebFilter$StaticUserFilter) to context logs
2019-10-09 08:12:41,000 [main] INFO  http.HttpServer2 (HttpServer2.java:addFilter(958)) - Added filter static_user_filter (class=org.apache.hadoop.http.lib.StaticUserWebFilter$StaticUserFilter) to context static
2019-10-09 08:12:41,001 [main] INFO  http.HttpServer2 (HttpServer2.java:bindListener(1191)) - Jetty bound to port 34184
2019-10-09 08:12:41,001 [main] INFO  server.Server (Server.java:doStart(351)) - jetty-9.3.25.v20180904, build timestamp: 2018-09-04T21:11:46Z, git hash: 3ce520221d0240229c862b122d2b06c12a625732
2019-10-09 08:12:41,003 [main] INFO  handler.ContextHandler (ContextHandler.java:doStart(781)) - Started o.e.j.s.ServletContextHandler@f5bf288{/logs,file:///workdir/hadoop-ozone/integration-test/target/log,AVAILABLE}
2019-10-09 08:12:41,003 [main] INFO  handler.ContextHandler (ContextHandler.java:doStart(781)) - Started o.e.j.s.ServletContextHandler@26c77f54{/static,file:///workdir/hadoop-ozone/integration-test/target/test-classes/webapps/static,AVAILABLE}
2019-10-09 08:12:41,008 [main] INFO  handler.ContextHandler (ContextHandler.java:doStart(781)) - Started o.e.j.w.WebAppContext@5a48da4f{/,file:///workdir/hadoop-ozone/integration-test/target/test-classes/webapps/ozoneManager/,AVAILABLE}{/ozoneManager}
2019-10-09 08:12:41,008 [main] INFO  server.AbstractConnector (AbstractConnector.java:doStart(278)) - Started ServerConnector@a0c5be{HTTP/1.1,[http/1.1]}{0.0.0.0:34184}
2019-10-09 08:12:41,009 [main] INFO  server.Server (Server.java:doStart(419)) - Started @225772ms
2019-10-09 08:12:41,009 [main] WARN  impl.MetricsSystemImpl (MetricsSystemImpl.java:register(276)) - Sink prometheus already exists!
2019-10-09 08:12:41,010 [main] INFO  server.BaseHttpServer (BaseHttpServer.java:updateConnectorAddress(215)) - HTTP server of OZONEMANAGER is listening at http://0.0.0.0:34184
2019-10-09 08:12:41,024 [main] INFO  impl.MetricsSystemImpl (MetricsSystemImpl.java:init(158)) - HddsDatanode metrics system started (again)
2019-10-09 08:12:41,027 [main] INFO  ozone.HddsDatanodeService (HddsDatanodeService.java:start(184)) - HddsDatanodeService host:pr-hdds-2267-jsbhp-248048675 ip:192.168.30.26
2019-10-09 08:12:41,033 [main] INFO  volume.HddsVolume (HddsVolume.java:<init>(176)) - Creating Volume: /workdir/hadoop-ozone/integration-test/target/test-dir/MiniOzoneClusterImpl-5209a03e-550f-4d6f-8cfb-5acb6562be12/datanode-0/data/containers/hdds of  storage type : DISK and capacity : 1482555576320
2019-10-09 08:12:41,034 [main] INFO  volume.VolumeSet (VolumeSet.java:initializeVolumeSet(170)) - Added Volume : /workdir/hadoop-ozone/integration-test/target/test-dir/MiniOzoneClusterImpl-5209a03e-550f-4d6f-8cfb-5acb6562be12/datanode-0/data/containers/hdds to VolumeSet
2019-10-09 08:12:41,034 [main] INFO  volume.ThrottledAsyncChecker (ThrottledAsyncChecker.java:schedule(141)) - Scheduling a check for org.apache.hadoop.ozone.container.common.volume.HddsVolume@153d6d74
2019-10-09 08:12:41,034 [main] INFO  volume.HddsVolumeChecker (HddsVolumeChecker.java:checkAllVolumes(204)) - Scheduled health check for volume org.apache.hadoop.ozone.container.common.volume.HddsVolume@153d6d74
2019-10-09 08:12:41,047 [main] INFO  impl.RaftServerProxy (ConfUtils.java:logGet(43)) - raft.rpc.type = GRPC (default)
2019-10-09 08:12:41,048 [main] INFO  grpc.GrpcFactory (GrpcFactory.java:checkPooledByteBufAllocatorUseCacheForAllThreads(45)) - PERFORMANCE WARNING: useCacheForAllThreads is true that may cause Netty to create a lot garbage objects and, as a result, trigger GC.
	It is recommended to disable useCacheForAllThreads by setting -Dorg.apache.ratis.thirdparty.io.netty.allocator.useCacheForAllThreads=false in command line.
2019-10-09 08:12:41,048 [main] INFO  grpc.GrpcConfigKeys$Server (ConfUtils.java:logGet(43)) - raft.grpc.server.port = 0 (default)
2019-10-09 08:12:41,048 [main] INFO  server.GrpcService (ConfUtils.java:logGet(43)) - raft.grpc.message.size.max = 33570816 (custom)
2019-10-09 08:12:41,048 [main] INFO  server.RaftServerConfigKeys (ConfUtils.java:logGet(43)) - raft.server.log.appender.buffer.byte-limit = 33554432 (custom)
2019-10-09 08:12:41,048 [main] INFO  server.GrpcService (ConfUtils.java:logGet(43)) - raft.grpc.flow.control.window = 1MB (=1048576) (default)
2019-10-09 08:12:41,049 [main] INFO  server.RaftServerConfigKeys (ConfUtils.java:logGet(43)) - raft.server.rpc.request.timeout = 3000ms (default)
2019-10-09 08:12:41,050 [main] INFO  server.RaftServerConfigKeys (ConfUtils.java:logGet(43)) - raft.server.storage.dir = [/workdir/hadoop-ozone/integration-test/target/test-dir/MiniOzoneClusterImpl-5209a03e-550f-4d6f-8cfb-5acb6562be12/datanode-0/data/ratis] (custom)
2019-10-09 08:12:41,051 [main] INFO  hdfs.DFSUtil (DFSUtil.java:httpServerTemplateForNNAndJN(1641)) - Starting Web-server for hddsDatanode at: http://0.0.0.0:0
2019-10-09 08:12:41,052 [main] INFO  server.AuthenticationFilter (AuthenticationFilter.java:constructSecretProvider(240)) - Unable to initialize FileSignerSecretProvider, falling back to use random secrets.
2019-10-09 08:12:41,052 [main] WARN  http.HttpRequestLog (HttpRequestLog.java:getRequestLog(97)) - Jetty request log can only be enabled using Log4j
2019-10-09 08:12:41,054 [main] INFO  http.HttpServer2 (HttpServer2.java:addGlobalFilter(975)) - Added global filter 'safety' (class=org.apache.hadoop.http.HttpServer2$QuotingInputFilter)
2019-10-09 08:12:41,054 [main] INFO  http.HttpServer2 (HttpServer2.java:addFilter(948)) - Added filter static_user_filter (class=org.apache.hadoop.http.lib.StaticUserWebFilter$StaticUserFilter) to context hddsDatanode
2019-10-09 08:12:41,054 [main] INFO  http.HttpServer2 (HttpServer2.java:addFilter(958)) - Added filter static_user_filter (class=org.apache.hadoop.http.lib.StaticUserWebFilter$StaticUserFilter) to context static
2019-10-09 08:12:41,054 [main] INFO  http.HttpServer2 (HttpServer2.java:addFilter(958)) - Added filter static_user_filter (class=org.apache.hadoop.http.lib.StaticUserWebFilter$StaticUserFilter) to context logs
2019-10-09 08:12:41,055 [main] INFO  http.HttpServer2 (HttpServer2.java:bindListener(1191)) - Jetty bound to port 37386
2019-10-09 08:12:41,055 [main] INFO  server.Server (Server.java:doStart(351)) - jetty-9.3.25.v20180904, build timestamp: 2018-09-04T21:11:46Z, git hash: 3ce520221d0240229c862b122d2b06c12a625732
2019-10-09 08:12:41,056 [main] INFO  handler.ContextHandler (ContextHandler.java:doStart(781)) - Started o.e.j.s.ServletContextHandler@52a7928a{/logs,file:///workdir/hadoop-ozone/integration-test/target/log,AVAILABLE}
2019-10-09 08:12:41,057 [main] INFO  handler.ContextHandler (ContextHandler.java:doStart(781)) - Started o.e.j.s.ServletContextHandler@72465eb2{/static,jar:file:/home/user/.m2/repository/org/apache/hadoop/hadoop-hdds-container-service/0.5.0-SNAPSHOT/hadoop-hdds-container-service-0.5.0-SNAPSHOT.jar!/webapps/static,AVAILABLE}
2019-10-09 08:12:41,084 [main] INFO  handler.ContextHandler (ContextHandler.java:doStart(781)) - Started o.e.j.w.WebAppContext@3fde2209{/,file:///tmp/jetty-0.0.0.0-37386-hddsDatanode-_-any-4930569510726228541.dir/webapp/,AVAILABLE}{/hddsDatanode}
2019-10-09 08:12:41,085 [main] INFO  server.AbstractConnector (AbstractConnector.java:doStart(278)) - Started ServerConnector@1f916219{HTTP/1.1,[http/1.1]}{0.0.0.0:37386}
2019-10-09 08:12:41,086 [main] INFO  server.Server (Server.java:doStart(419)) - Started @225849ms
2019-10-09 08:12:41,086 [main] WARN  impl.MetricsSystemImpl (MetricsSystemImpl.java:register(276)) - Sink prometheus already exists!
2019-10-09 08:12:41,087 [main] INFO  server.BaseHttpServer (BaseHttpServer.java:updateConnectorAddress(215)) - HTTP server of HDDSDATANODE is listening at http://0.0.0.0:37386
2019-10-09 08:12:41,087 [main] INFO  impl.MetricsSystemImpl (MetricsSystemImpl.java:init(158)) - HddsDatanode metrics system started (again)
2019-10-09 08:12:41,090 [org.apache.hadoop.util.JvmPauseMonitor$Monitor@4da0e11a] INFO  util.JvmPauseMonitor (JvmPauseMonitor.java:run(188)) - Starting JVM pause monitor
2019-10-09 08:12:41,091 [main] INFO  ozone.HddsDatanodeService (HddsDatanodeService.java:start(184)) - HddsDatanodeService host:pr-hdds-2267-jsbhp-248048675 ip:192.168.30.26
2019-10-09 08:12:41,092 [Datanode State Machine Thread - 0] INFO  datanode.InitDatanodeState (InitDatanodeState.java:persistContainerDatanodeDetails(140)) - DatanodeDetails is persisted to /workdir/hadoop-ozone/integration-test/target/test-dir/MiniOzoneClusterImpl-5209a03e-550f-4d6f-8cfb-5acb6562be12/datanode-0/meta/datanode.id
2019-10-09 08:12:41,097 [main] INFO  volume.HddsVolume (HddsVolume.java:<init>(176)) - Creating Volume: /workdir/hadoop-ozone/integration-test/target/test-dir/MiniOzoneClusterImpl-5209a03e-550f-4d6f-8cfb-5acb6562be12/datanode-1/data/containers/hdds of  storage type : DISK and capacity : 1482555576320
2019-10-09 08:12:41,097 [main] INFO  volume.VolumeSet (VolumeSet.java:initializeVolumeSet(170)) - Added Volume : /workdir/hadoop-ozone/integration-test/target/test-dir/MiniOzoneClusterImpl-5209a03e-550f-4d6f-8cfb-5acb6562be12/datanode-1/data/containers/hdds to VolumeSet
2019-10-09 08:12:41,097 [main] INFO  volume.ThrottledAsyncChecker (ThrottledAsyncChecker.java:schedule(141)) - Scheduling a check for org.apache.hadoop.ozone.container.common.volume.HddsVolume@372f0a99
2019-10-09 08:12:41,097 [main] INFO  volume.HddsVolumeChecker (HddsVolumeChecker.java:checkAllVolumes(204)) - Scheduled health check for volume org.apache.hadoop.ozone.container.common.volume.HddsVolume@372f0a99
2019-10-09 08:12:41,108 [main] INFO  impl.RaftServerProxy (ConfUtils.java:logGet(43)) - raft.rpc.type = GRPC (default)
2019-10-09 08:12:41,109 [main] INFO  grpc.GrpcFactory (GrpcFactory.java:checkPooledByteBufAllocatorUseCacheForAllThreads(45)) - PERFORMANCE WARNING: useCacheForAllThreads is true that may cause Netty to create a lot garbage objects and, as a result, trigger GC.
	It is recommended to disable useCacheForAllThreads by setting -Dorg.apache.ratis.thirdparty.io.netty.allocator.useCacheForAllThreads=false in command line.
2019-10-09 08:12:41,109 [main] INFO  grpc.GrpcConfigKeys$Server (ConfUtils.java:logGet(43)) - raft.grpc.server.port = 0 (default)
2019-10-09 08:12:41,109 [main] INFO  server.GrpcService (ConfUtils.java:logGet(43)) - raft.grpc.message.size.max = 33570816 (custom)
2019-10-09 08:12:41,109 [main] INFO  server.RaftServerConfigKeys (ConfUtils.java:logGet(43)) - raft.server.log.appender.buffer.byte-limit = 33554432 (custom)
2019-10-09 08:12:41,109 [main] INFO  server.GrpcService (ConfUtils.java:logGet(43)) - raft.grpc.flow.control.window = 1MB (=1048576) (default)
2019-10-09 08:12:41,109 [main] INFO  server.RaftServerConfigKeys (ConfUtils.java:logGet(43)) - raft.server.rpc.request.timeout = 3000ms (default)
2019-10-09 08:12:41,110 [main] INFO  server.RaftServerConfigKeys (ConfUtils.java:logGet(43)) - raft.server.storage.dir = [/workdir/hadoop-ozone/integration-test/target/test-dir/MiniOzoneClusterImpl-5209a03e-550f-4d6f-8cfb-5acb6562be12/datanode-1/data/ratis] (custom)
2019-10-09 08:12:41,111 [main] INFO  hdfs.DFSUtil (DFSUtil.java:httpServerTemplateForNNAndJN(1641)) - Starting Web-server for hddsDatanode at: http://0.0.0.0:0
2019-10-09 08:12:41,112 [main] INFO  server.AuthenticationFilter (AuthenticationFilter.java:constructSecretProvider(240)) - Unable to initialize FileSignerSecretProvider, falling back to use random secrets.
2019-10-09 08:12:41,112 [main] WARN  http.HttpRequestLog (HttpRequestLog.java:getRequestLog(97)) - Jetty request log can only be enabled using Log4j
2019-10-09 08:12:41,114 [main] INFO  http.HttpServer2 (HttpServer2.java:addGlobalFilter(975)) - Added global filter 'safety' (class=org.apache.hadoop.http.HttpServer2$QuotingInputFilter)
2019-10-09 08:12:41,114 [main] INFO  http.HttpServer2 (HttpServer2.java:addFilter(948)) - Added filter static_user_filter (class=org.apache.hadoop.http.lib.StaticUserWebFilter$StaticUserFilter) to context hddsDatanode
2019-10-09 08:12:41,114 [main] INFO  http.HttpServer2 (HttpServer2.java:addFilter(958)) - Added filter static_user_filter (class=org.apache.hadoop.http.lib.StaticUserWebFilter$StaticUserFilter) to context logs
2019-10-09 08:12:41,114 [main] INFO  http.HttpServer2 (HttpServer2.java:addFilter(958)) - Added filter static_user_filter (class=org.apache.hadoop.http.lib.StaticUserWebFilter$StaticUserFilter) to context static
2019-10-09 08:12:41,115 [main] INFO  http.HttpServer2 (HttpServer2.java:bindListener(1191)) - Jetty bound to port 37080
2019-10-09 08:12:41,115 [main] INFO  server.Server (Server.java:doStart(351)) - jetty-9.3.25.v20180904, build timestamp: 2018-09-04T21:11:46Z, git hash: 3ce520221d0240229c862b122d2b06c12a625732
2019-10-09 08:12:41,116 [main] INFO  handler.ContextHandler (ContextHandler.java:doStart(781)) - Started o.e.j.s.ServletContextHandler@6da54910{/logs,file:///workdir/hadoop-ozone/integration-test/target/log,AVAILABLE}
2019-10-09 08:12:41,117 [main] INFO  handler.ContextHandler (ContextHandler.java:doStart(781)) - Started o.e.j.s.ServletContextHandler@24134cbc{/static,jar:file:/home/user/.m2/repository/org/apache/hadoop/hadoop-hdds-container-service/0.5.0-SNAPSHOT/hadoop-hdds-container-service-0.5.0-SNAPSHOT.jar!/webapps/static,AVAILABLE}
2019-10-09 08:12:41,146 [main] INFO  handler.ContextHandler (ContextHandler.java:doStart(781)) - Started o.e.j.w.WebAppContext@5fef0c19{/,file:///tmp/jetty-0.0.0.0-37080-hddsDatanode-_-any-7109885093982364730.dir/webapp/,AVAILABLE}{/hddsDatanode}
2019-10-09 08:12:41,146 [main] INFO  server.AbstractConnector (AbstractConnector.java:doStart(278)) - Started ServerConnector@2e6d76ba{HTTP/1.1,[http/1.1]}{0.0.0.0:37080}
2019-10-09 08:12:41,148 [main] INFO  server.Server (Server.java:doStart(419)) - Started @225910ms
2019-10-09 08:12:41,148 [main] WARN  impl.MetricsSystemImpl (MetricsSystemImpl.java:register(276)) - Sink prometheus already exists!
2019-10-09 08:12:41,148 [main] INFO  server.BaseHttpServer (BaseHttpServer.java:updateConnectorAddress(215)) - HTTP server of HDDSDATANODE is listening at http://0.0.0.0:37080
2019-10-09 08:12:41,149 [main] INFO  impl.MetricsSystemImpl (MetricsSystemImpl.java:init(158)) - HddsDatanode metrics system started (again)
2019-10-09 08:12:41,152 [org.apache.hadoop.util.JvmPauseMonitor$Monitor@1e28fbf2] INFO  util.JvmPauseMonitor (JvmPauseMonitor.java:run(188)) - Starting JVM pause monitor
2019-10-09 08:12:41,153 [main] INFO  ozone.HddsDatanodeService (HddsDatanodeService.java:start(184)) - HddsDatanodeService host:pr-hdds-2267-jsbhp-248048675 ip:192.168.30.26
2019-10-09 08:12:41,154 [Datanode State Machine Thread - 0] INFO  datanode.InitDatanodeState (InitDatanodeState.java:persistContainerDatanodeDetails(140)) - DatanodeDetails is persisted to /workdir/hadoop-ozone/integration-test/target/test-dir/MiniOzoneClusterImpl-5209a03e-550f-4d6f-8cfb-5acb6562be12/datanode-1/meta/datanode.id
2019-10-09 08:12:41,159 [main] INFO  volume.HddsVolume (HddsVolume.java:<init>(176)) - Creating Volume: /workdir/hadoop-ozone/integration-test/target/test-dir/MiniOzoneClusterImpl-5209a03e-550f-4d6f-8cfb-5acb6562be12/datanode-2/data/containers/hdds of  storage type : DISK and capacity : 1482555576320
2019-10-09 08:12:41,159 [main] INFO  volume.VolumeSet (VolumeSet.java:initializeVolumeSet(170)) - Added Volume : /workdir/hadoop-ozone/integration-test/target/test-dir/MiniOzoneClusterImpl-5209a03e-550f-4d6f-8cfb-5acb6562be12/datanode-2/data/containers/hdds to VolumeSet
2019-10-09 08:12:41,160 [main] INFO  volume.ThrottledAsyncChecker (ThrottledAsyncChecker.java:schedule(141)) - Scheduling a check for org.apache.hadoop.ozone.container.common.volume.HddsVolume@14de1901
2019-10-09 08:12:41,160 [main] INFO  volume.HddsVolumeChecker (HddsVolumeChecker.java:checkAllVolumes(204)) - Scheduled health check for volume org.apache.hadoop.ozone.container.common.volume.HddsVolume@14de1901
2019-10-09 08:12:41,171 [main] INFO  impl.RaftServerProxy (ConfUtils.java:logGet(43)) - raft.rpc.type = GRPC (default)
2019-10-09 08:12:41,171 [main] INFO  grpc.GrpcFactory (GrpcFactory.java:checkPooledByteBufAllocatorUseCacheForAllThreads(45)) - PERFORMANCE WARNING: useCacheForAllThreads is true that may cause Netty to create a lot garbage objects and, as a result, trigger GC.
	It is recommended to disable useCacheForAllThreads by setting -Dorg.apache.ratis.thirdparty.io.netty.allocator.useCacheForAllThreads=false in command line.
2019-10-09 08:12:41,171 [main] INFO  grpc.GrpcConfigKeys$Server (ConfUtils.java:logGet(43)) - raft.grpc.server.port = 0 (default)
2019-10-09 08:12:41,171 [main] INFO  server.GrpcService (ConfUtils.java:logGet(43)) - raft.grpc.message.size.max = 33570816 (custom)
2019-10-09 08:12:41,172 [main] INFO  server.RaftServerConfigKeys (ConfUtils.java:logGet(43)) - raft.server.log.appender.buffer.byte-limit = 33554432 (custom)
2019-10-09 08:12:41,172 [main] INFO  server.GrpcService (ConfUtils.java:logGet(43)) - raft.grpc.flow.control.window = 1MB (=1048576) (default)
2019-10-09 08:12:41,172 [main] INFO  server.RaftServerConfigKeys (ConfUtils.java:logGet(43)) - raft.server.rpc.request.timeout = 3000ms (default)
2019-10-09 08:12:41,172 [main] INFO  server.RaftServerConfigKeys (ConfUtils.java:logGet(43)) - raft.server.storage.dir = [/workdir/hadoop-ozone/integration-test/target/test-dir/MiniOzoneClusterImpl-5209a03e-550f-4d6f-8cfb-5acb6562be12/datanode-2/data/ratis] (custom)
2019-10-09 08:12:41,173 [main] INFO  hdfs.DFSUtil (DFSUtil.java:httpServerTemplateForNNAndJN(1641)) - Starting Web-server for hddsDatanode at: http://0.0.0.0:0
2019-10-09 08:12:41,174 [main] INFO  server.AuthenticationFilter (AuthenticationFilter.java:constructSecretProvider(240)) - Unable to initialize FileSignerSecretProvider, falling back to use random secrets.
2019-10-09 08:12:41,175 [main] WARN  http.HttpRequestLog (HttpRequestLog.java:getRequestLog(97)) - Jetty request log can only be enabled using Log4j
2019-10-09 08:12:41,176 [main] INFO  http.HttpServer2 (HttpServer2.java:addGlobalFilter(975)) - Added global filter 'safety' (class=org.apache.hadoop.http.HttpServer2$QuotingInputFilter)
2019-10-09 08:12:41,176 [main] INFO  http.HttpServer2 (HttpServer2.java:addFilter(948)) - Added filter static_user_filter (class=org.apache.hadoop.http.lib.StaticUserWebFilter$StaticUserFilter) to context hddsDatanode
2019-10-09 08:12:41,176 [main] INFO  http.HttpServer2 (HttpServer2.java:addFilter(958)) - Added filter static_user_filter (class=org.apache.hadoop.http.lib.StaticUserWebFilter$StaticUserFilter) to context logs
2019-10-09 08:12:41,176 [main] INFO  http.HttpServer2 (HttpServer2.java:addFilter(958)) - Added filter static_user_filter (class=org.apache.hadoop.http.lib.StaticUserWebFilter$StaticUserFilter) to context static
2019-10-09 08:12:41,177 [main] INFO  http.HttpServer2 (HttpServer2.java:bindListener(1191)) - Jetty bound to port 43682
2019-10-09 08:12:41,177 [main] INFO  server.Server (Server.java:doStart(351)) - jetty-9.3.25.v20180904, build timestamp: 2018-09-04T21:11:46Z, git hash: 3ce520221d0240229c862b122d2b06c12a625732
2019-10-09 08:12:41,178 [main] INFO  handler.ContextHandler (ContextHandler.java:doStart(781)) - Started o.e.j.s.ServletContextHandler@285a4fe3{/logs,file:///workdir/hadoop-ozone/integration-test/target/log,AVAILABLE}
2019-10-09 08:12:41,179 [main] INFO  handler.ContextHandler (ContextHandler.java:doStart(781)) - Started o.e.j.s.ServletContextHandler@1788cb61{/static,jar:file:/home/user/.m2/repository/org/apache/hadoop/hadoop-hdds-container-service/0.5.0-SNAPSHOT/hadoop-hdds-container-service-0.5.0-SNAPSHOT.jar!/webapps/static,AVAILABLE}
2019-10-09 08:12:41,206 [main] INFO  handler.ContextHandler (ContextHandler.java:doStart(781)) - Started o.e.j.w.WebAppContext@cdb3c85{/,file:///tmp/jetty-0.0.0.0-43682-hddsDatanode-_-any-930707745746402.dir/webapp/,AVAILABLE}{/hddsDatanode}
2019-10-09 08:12:41,207 [main] INFO  server.AbstractConnector (AbstractConnector.java:doStart(278)) - Started ServerConnector@37606fee{HTTP/1.1,[http/1.1]}{0.0.0.0:43682}
2019-10-09 08:12:41,208 [main] INFO  server.Server (Server.java:doStart(419)) - Started @225971ms
2019-10-09 08:12:41,208 [main] WARN  impl.MetricsSystemImpl (MetricsSystemImpl.java:register(276)) - Sink prometheus already exists!
2019-10-09 08:12:41,209 [main] INFO  server.BaseHttpServer (BaseHttpServer.java:updateConnectorAddress(215)) - HTTP server of HDDSDATANODE is listening at http://0.0.0.0:43682
2019-10-09 08:12:41,209 [main] INFO  impl.MetricsSystemImpl (MetricsSystemImpl.java:init(158)) - HddsDatanode metrics system started (again)
2019-10-09 08:12:41,213 [org.apache.hadoop.util.JvmPauseMonitor$Monitor@1239eed4] INFO  util.JvmPauseMonitor (JvmPauseMonitor.java:run(188)) - Starting JVM pause monitor
2019-10-09 08:12:41,214 [Datanode State Machine Thread - 0] INFO  datanode.InitDatanodeState (InitDatanodeState.java:persistContainerDatanodeDetails(140)) - DatanodeDetails is persisted to /workdir/hadoop-ozone/integration-test/target/test-dir/MiniOzoneClusterImpl-5209a03e-550f-4d6f-8cfb-5acb6562be12/datanode-2/meta/datanode.id
2019-10-09 08:12:41,214 [main] INFO  ozone.HddsDatanodeService (HddsDatanodeService.java:start(184)) - HddsDatanodeService host:pr-hdds-2267-jsbhp-248048675 ip:192.168.30.26
2019-10-09 08:12:41,220 [main] INFO  volume.HddsVolume (HddsVolume.java:<init>(176)) - Creating Volume: /workdir/hadoop-ozone/integration-test/target/test-dir/MiniOzoneClusterImpl-5209a03e-550f-4d6f-8cfb-5acb6562be12/datanode-3/data/containers/hdds of  storage type : DISK and capacity : 1482555576320
2019-10-09 08:12:41,221 [main] INFO  volume.VolumeSet (VolumeSet.java:initializeVolumeSet(170)) - Added Volume : /workdir/hadoop-ozone/integration-test/target/test-dir/MiniOzoneClusterImpl-5209a03e-550f-4d6f-8cfb-5acb6562be12/datanode-3/data/containers/hdds to VolumeSet
2019-10-09 08:12:41,221 [main] INFO  volume.ThrottledAsyncChecker (ThrottledAsyncChecker.java:schedule(141)) - Scheduling a check for org.apache.hadoop.ozone.container.common.volume.HddsVolume@687389a6
2019-10-09 08:12:41,221 [main] INFO  volume.HddsVolumeChecker (HddsVolumeChecker.java:checkAllVolumes(204)) - Scheduled health check for volume org.apache.hadoop.ozone.container.common.volume.HddsVolume@687389a6
2019-10-09 08:12:41,233 [main] INFO  impl.RaftServerProxy (ConfUtils.java:logGet(43)) - raft.rpc.type = GRPC (default)
2019-10-09 08:12:41,233 [main] INFO  grpc.GrpcFactory (GrpcFactory.java:checkPooledByteBufAllocatorUseCacheForAllThreads(45)) - PERFORMANCE WARNING: useCacheForAllThreads is true that may cause Netty to create a lot garbage objects and, as a result, trigger GC.
	It is recommended to disable useCacheForAllThreads by setting -Dorg.apache.ratis.thirdparty.io.netty.allocator.useCacheForAllThreads=false in command line.
2019-10-09 08:12:41,234 [main] INFO  grpc.GrpcConfigKeys$Server (ConfUtils.java:logGet(43)) - raft.grpc.server.port = 0 (default)
2019-10-09 08:12:41,234 [main] INFO  server.GrpcService (ConfUtils.java:logGet(43)) - raft.grpc.message.size.max = 33570816 (custom)
2019-10-09 08:12:41,234 [main] INFO  server.RaftServerConfigKeys (ConfUtils.java:logGet(43)) - raft.server.log.appender.buffer.byte-limit = 33554432 (custom)
2019-10-09 08:12:41,234 [main] INFO  server.GrpcService (ConfUtils.java:logGet(43)) - raft.grpc.flow.control.window = 1MB (=1048576) (default)
2019-10-09 08:12:41,234 [main] INFO  server.RaftServerConfigKeys (ConfUtils.java:logGet(43)) - raft.server.rpc.request.timeout = 3000ms (default)
2019-10-09 08:12:41,235 [main] INFO  server.RaftServerConfigKeys (ConfUtils.java:logGet(43)) - raft.server.storage.dir = [/workdir/hadoop-ozone/integration-test/target/test-dir/MiniOzoneClusterImpl-5209a03e-550f-4d6f-8cfb-5acb6562be12/datanode-3/data/ratis] (custom)
2019-10-09 08:12:41,236 [main] INFO  hdfs.DFSUtil (DFSUtil.java:httpServerTemplateForNNAndJN(1641)) - Starting Web-server for hddsDatanode at: http://0.0.0.0:0
2019-10-09 08:12:41,237 [main] INFO  server.AuthenticationFilter (AuthenticationFilter.java:constructSecretProvider(240)) - Unable to initialize FileSignerSecretProvider, falling back to use random secrets.
2019-10-09 08:12:41,237 [main] WARN  http.HttpRequestLog (HttpRequestLog.java:getRequestLog(97)) - Jetty request log can only be enabled using Log4j
2019-10-09 08:12:41,238 [main] INFO  http.HttpServer2 (HttpServer2.java:addGlobalFilter(975)) - Added global filter 'safety' (class=org.apache.hadoop.http.HttpServer2$QuotingInputFilter)
2019-10-09 08:12:41,239 [main] INFO  http.HttpServer2 (HttpServer2.java:addFilter(948)) - Added filter static_user_filter (class=org.apache.hadoop.http.lib.StaticUserWebFilter$StaticUserFilter) to context hddsDatanode
2019-10-09 08:12:41,239 [main] INFO  http.HttpServer2 (HttpServer2.java:addFilter(958)) - Added filter static_user_filter (class=org.apache.hadoop.http.lib.StaticUserWebFilter$StaticUserFilter) to context static
2019-10-09 08:12:41,239 [main] INFO  http.HttpServer2 (HttpServer2.java:addFilter(958)) - Added filter static_user_filter (class=org.apache.hadoop.http.lib.StaticUserWebFilter$StaticUserFilter) to context logs
2019-10-09 08:12:41,240 [main] INFO  http.HttpServer2 (HttpServer2.java:bindListener(1191)) - Jetty bound to port 35289
2019-10-09 08:12:41,240 [main] INFO  server.Server (Server.java:doStart(351)) - jetty-9.3.25.v20180904, build timestamp: 2018-09-04T21:11:46Z, git hash: 3ce520221d0240229c862b122d2b06c12a625732
2019-10-09 08:12:41,241 [main] INFO  handler.ContextHandler (ContextHandler.java:doStart(781)) - Started o.e.j.s.ServletContextHandler@251c90f{/logs,file:///workdir/hadoop-ozone/integration-test/target/log,AVAILABLE}
2019-10-09 08:12:41,242 [main] INFO  handler.ContextHandler (ContextHandler.java:doStart(781)) - Started o.e.j.s.ServletContextHandler@2dd178f3{/static,jar:file:/home/user/.m2/repository/org/apache/hadoop/hadoop-hdds-container-service/0.5.0-SNAPSHOT/hadoop-hdds-container-service-0.5.0-SNAPSHOT.jar!/webapps/static,AVAILABLE}
2019-10-09 08:12:41,269 [main] INFO  handler.ContextHandler (ContextHandler.java:doStart(781)) - Started o.e.j.w.WebAppContext@7b9088f2{/,file:///tmp/jetty-0.0.0.0-35289-hddsDatanode-_-any-3722652961837351364.dir/webapp/,AVAILABLE}{/hddsDatanode}
2019-10-09 08:12:41,270 [main] INFO  server.AbstractConnector (AbstractConnector.java:doStart(278)) - Started ServerConnector@1a914089{HTTP/1.1,[http/1.1]}{0.0.0.0:35289}
2019-10-09 08:12:41,272 [main] INFO  server.Server (Server.java:doStart(419)) - Started @226035ms
2019-10-09 08:12:41,272 [main] WARN  impl.MetricsSystemImpl (MetricsSystemImpl.java:register(276)) - Sink prometheus already exists!
2019-10-09 08:12:41,273 [main] INFO  server.BaseHttpServer (BaseHttpServer.java:updateConnectorAddress(215)) - HTTP server of HDDSDATANODE is listening at http://0.0.0.0:35289
2019-10-09 08:12:41,273 [main] INFO  impl.MetricsSystemImpl (MetricsSystemImpl.java:init(158)) - HddsDatanode metrics system started (again)
2019-10-09 08:12:41,280 [org.apache.hadoop.util.JvmPauseMonitor$Monitor@70cf640f] INFO  util.JvmPauseMonitor (JvmPauseMonitor.java:run(188)) - Starting JVM pause monitor
2019-10-09 08:12:41,280 [Datanode State Machine Thread - 0] INFO  datanode.InitDatanodeState (InitDatanodeState.java:persistContainerDatanodeDetails(140)) - DatanodeDetails is persisted to /workdir/hadoop-ozone/integration-test/target/test-dir/MiniOzoneClusterImpl-5209a03e-550f-4d6f-8cfb-5acb6562be12/datanode-3/meta/datanode.id
2019-10-09 08:12:41,281 [main] INFO  ozone.HddsDatanodeService (HddsDatanodeService.java:start(184)) - HddsDatanodeService host:pr-hdds-2267-jsbhp-248048675 ip:192.168.30.26
2019-10-09 08:12:41,288 [main] INFO  volume.HddsVolume (HddsVolume.java:<init>(176)) - Creating Volume: /workdir/hadoop-ozone/integration-test/target/test-dir/MiniOzoneClusterImpl-5209a03e-550f-4d6f-8cfb-5acb6562be12/datanode-4/data/containers/hdds of  storage type : DISK and capacity : 1482555576320
2019-10-09 08:12:41,289 [main] INFO  volume.VolumeSet (VolumeSet.java:initializeVolumeSet(170)) - Added Volume : /workdir/hadoop-ozone/integration-test/target/test-dir/MiniOzoneClusterImpl-5209a03e-550f-4d6f-8cfb-5acb6562be12/datanode-4/data/containers/hdds to VolumeSet
2019-10-09 08:12:41,289 [main] INFO  volume.ThrottledAsyncChecker (ThrottledAsyncChecker.java:schedule(141)) - Scheduling a check for org.apache.hadoop.ozone.container.common.volume.HddsVolume@12192604
2019-10-09 08:12:41,290 [main] INFO  volume.HddsVolumeChecker (HddsVolumeChecker.java:checkAllVolumes(204)) - Scheduled health check for volume org.apache.hadoop.ozone.container.common.volume.HddsVolume@12192604
2019-10-09 08:12:41,307 [main] INFO  impl.RaftServerProxy (ConfUtils.java:logGet(43)) - raft.rpc.type = GRPC (default)
2019-10-09 08:12:41,307 [main] INFO  grpc.GrpcFactory (GrpcFactory.java:checkPooledByteBufAllocatorUseCacheForAllThreads(45)) - PERFORMANCE WARNING: useCacheForAllThreads is true that may cause Netty to create a lot garbage objects and, as a result, trigger GC.
	It is recommended to disable useCacheForAllThreads by setting -Dorg.apache.ratis.thirdparty.io.netty.allocator.useCacheForAllThreads=false in command line.
2019-10-09 08:12:41,308 [main] INFO  grpc.GrpcConfigKeys$Server (ConfUtils.java:logGet(43)) - raft.grpc.server.port = 0 (default)
2019-10-09 08:12:41,308 [main] INFO  server.GrpcService (ConfUtils.java:logGet(43)) - raft.grpc.message.size.max = 33570816 (custom)
2019-10-09 08:12:41,308 [main] INFO  server.RaftServerConfigKeys (ConfUtils.java:logGet(43)) - raft.server.log.appender.buffer.byte-limit = 33554432 (custom)
2019-10-09 08:12:41,308 [main] INFO  server.GrpcService (ConfUtils.java:logGet(43)) - raft.grpc.flow.control.window = 1MB (=1048576) (default)
2019-10-09 08:12:41,309 [main] INFO  server.RaftServerConfigKeys (ConfUtils.java:logGet(43)) - raft.server.rpc.request.timeout = 3000ms (default)
2019-10-09 08:12:41,309 [main] INFO  server.RaftServerConfigKeys (ConfUtils.java:logGet(43)) - raft.server.storage.dir = [/workdir/hadoop-ozone/integration-test/target/test-dir/MiniOzoneClusterImpl-5209a03e-550f-4d6f-8cfb-5acb6562be12/datanode-4/data/ratis] (custom)
2019-10-09 08:12:41,311 [main] INFO  hdfs.DFSUtil (DFSUtil.java:httpServerTemplateForNNAndJN(1641)) - Starting Web-server for hddsDatanode at: http://0.0.0.0:0
2019-10-09 08:12:41,312 [main] INFO  server.AuthenticationFilter (AuthenticationFilter.java:constructSecretProvider(240)) - Unable to initialize FileSignerSecretProvider, falling back to use random secrets.
2019-10-09 08:12:41,313 [main] WARN  http.HttpRequestLog (HttpRequestLog.java:getRequestLog(97)) - Jetty request log can only be enabled using Log4j
2019-10-09 08:12:41,314 [main] INFO  http.HttpServer2 (HttpServer2.java:addGlobalFilter(975)) - Added global filter 'safety' (class=org.apache.hadoop.http.HttpServer2$QuotingInputFilter)
2019-10-09 08:12:41,315 [main] INFO  http.HttpServer2 (HttpServer2.java:addFilter(948)) - Added filter static_user_filter (class=org.apache.hadoop.http.lib.StaticUserWebFilter$StaticUserFilter) to context hddsDatanode
2019-10-09 08:12:41,315 [main] INFO  http.HttpServer2 (HttpServer2.java:addFilter(958)) - Added filter static_user_filter (class=org.apache.hadoop.http.lib.StaticUserWebFilter$StaticUserFilter) to context logs
2019-10-09 08:12:41,315 [main] INFO  http.HttpServer2 (HttpServer2.java:addFilter(958)) - Added filter static_user_filter (class=org.apache.hadoop.http.lib.StaticUserWebFilter$StaticUserFilter) to context static
2019-10-09 08:12:41,316 [main] INFO  http.HttpServer2 (HttpServer2.java:bindListener(1191)) - Jetty bound to port 40056
2019-10-09 08:12:41,316 [main] INFO  server.Server (Server.java:doStart(351)) - jetty-9.3.25.v20180904, build timestamp: 2018-09-04T21:11:46Z, git hash: 3ce520221d0240229c862b122d2b06c12a625732
2019-10-09 08:12:41,318 [main] INFO  handler.ContextHandler (ContextHandler.java:doStart(781)) - Started o.e.j.s.ServletContextHandler@55361f03{/logs,file:///workdir/hadoop-ozone/integration-test/target/log,AVAILABLE}
2019-10-09 08:12:41,318 [main] INFO  handler.ContextHandler (ContextHandler.java:doStart(781)) - Started o.e.j.s.ServletContextHandler@138f0661{/static,jar:file:/home/user/.m2/repository/org/apache/hadoop/hadoop-hdds-container-service/0.5.0-SNAPSHOT/hadoop-hdds-container-service-0.5.0-SNAPSHOT.jar!/webapps/static,AVAILABLE}
2019-10-09 08:12:41,356 [main] INFO  handler.ContextHandler (ContextHandler.java:doStart(781)) - Started o.e.j.w.WebAppContext@3b4ef59f{/,file:///tmp/jetty-0.0.0.0-40056-hddsDatanode-_-any-4286507658830816269.dir/webapp/,AVAILABLE}{/hddsDatanode}
2019-10-09 08:12:41,356 [main] INFO  server.AbstractConnector (AbstractConnector.java:doStart(278)) - Started ServerConnector@22cb3d59{HTTP/1.1,[http/1.1]}{0.0.0.0:40056}
2019-10-09 08:12:41,359 [main] INFO  server.Server (Server.java:doStart(419)) - Started @226122ms
2019-10-09 08:12:41,360 [main] WARN  impl.MetricsSystemImpl (MetricsSystemImpl.java:register(276)) - Sink prometheus already exists!
2019-10-09 08:12:41,361 [main] INFO  server.BaseHttpServer (BaseHttpServer.java:updateConnectorAddress(215)) - HTTP server of HDDSDATANODE is listening at http://0.0.0.0:40056
2019-10-09 08:12:41,361 [main] INFO  impl.MetricsSystemImpl (MetricsSystemImpl.java:init(158)) - HddsDatanode metrics system started (again)
2019-10-09 08:12:41,376 [org.apache.hadoop.util.JvmPauseMonitor$Monitor@114dd82e] INFO  util.JvmPauseMonitor (JvmPauseMonitor.java:run(188)) - Starting JVM pause monitor
2019-10-09 08:12:41,376 [main] INFO  ozone.HddsDatanodeService (HddsDatanodeService.java:start(184)) - HddsDatanodeService host:pr-hdds-2267-jsbhp-248048675 ip:192.168.30.26
2019-10-09 08:12:41,378 [Datanode State Machine Thread - 0] INFO  datanode.InitDatanodeState (InitDatanodeState.java:persistContainerDatanodeDetails(140)) - DatanodeDetails is persisted to /workdir/hadoop-ozone/integration-test/target/test-dir/MiniOzoneClusterImpl-5209a03e-550f-4d6f-8cfb-5acb6562be12/datanode-4/meta/datanode.id
2019-10-09 08:12:41,384 [main] INFO  volume.HddsVolume (HddsVolume.java:<init>(176)) - Creating Volume: /workdir/hadoop-ozone/integration-test/target/test-dir/MiniOzoneClusterImpl-5209a03e-550f-4d6f-8cfb-5acb6562be12/datanode-5/data/containers/hdds of  storage type : DISK and capacity : 1482555576320
2019-10-09 08:12:41,385 [main] INFO  volume.VolumeSet (VolumeSet.java:initializeVolumeSet(170)) - Added Volume : /workdir/hadoop-ozone/integration-test/target/test-dir/MiniOzoneClusterImpl-5209a03e-550f-4d6f-8cfb-5acb6562be12/datanode-5/data/containers/hdds to VolumeSet
2019-10-09 08:12:41,385 [main] INFO  volume.ThrottledAsyncChecker (ThrottledAsyncChecker.java:schedule(141)) - Scheduling a check for org.apache.hadoop.ozone.container.common.volume.HddsVolume@2b999ee8
2019-10-09 08:12:41,385 [main] INFO  volume.HddsVolumeChecker (HddsVolumeChecker.java:checkAllVolumes(204)) - Scheduled health check for volume org.apache.hadoop.ozone.container.common.volume.HddsVolume@2b999ee8
2019-10-09 08:12:41,398 [main] INFO  impl.RaftServerProxy (ConfUtils.java:logGet(43)) - raft.rpc.type = GRPC (default)
2019-10-09 08:12:41,398 [main] INFO  grpc.GrpcFactory (GrpcFactory.java:checkPooledByteBufAllocatorUseCacheForAllThreads(45)) - PERFORMANCE WARNING: useCacheForAllThreads is true that may cause Netty to create a lot garbage objects and, as a result, trigger GC.
	It is recommended to disable useCacheForAllThreads by setting -Dorg.apache.ratis.thirdparty.io.netty.allocator.useCacheForAllThreads=false in command line.
2019-10-09 08:12:41,399 [main] INFO  grpc.GrpcConfigKeys$Server (ConfUtils.java:logGet(43)) - raft.grpc.server.port = 0 (default)
2019-10-09 08:12:41,399 [main] INFO  server.GrpcService (ConfUtils.java:logGet(43)) - raft.grpc.message.size.max = 33570816 (custom)
2019-10-09 08:12:41,399 [main] INFO  server.RaftServerConfigKeys (ConfUtils.java:logGet(43)) - raft.server.log.appender.buffer.byte-limit = 33554432 (custom)
2019-10-09 08:12:41,399 [main] INFO  server.GrpcService (ConfUtils.java:logGet(43)) - raft.grpc.flow.control.window = 1MB (=1048576) (default)
2019-10-09 08:12:41,399 [main] INFO  server.RaftServerConfigKeys (ConfUtils.java:logGet(43)) - raft.server.rpc.request.timeout = 3000ms (default)
2019-10-09 08:12:41,400 [main] INFO  server.RaftServerConfigKeys (ConfUtils.java:logGet(43)) - raft.server.storage.dir = [/workdir/hadoop-ozone/integration-test/target/test-dir/MiniOzoneClusterImpl-5209a03e-550f-4d6f-8cfb-5acb6562be12/datanode-5/data/ratis] (custom)
2019-10-09 08:12:41,401 [main] INFO  hdfs.DFSUtil (DFSUtil.java:httpServerTemplateForNNAndJN(1641)) - Starting Web-server for hddsDatanode at: http://0.0.0.0:0
2019-10-09 08:12:41,402 [main] INFO  server.AuthenticationFilter (AuthenticationFilter.java:constructSecretProvider(240)) - Unable to initialize FileSignerSecretProvider, falling back to use random secrets.
2019-10-09 08:12:41,402 [main] WARN  http.HttpRequestLog (HttpRequestLog.java:getRequestLog(97)) - Jetty request log can only be enabled using Log4j
2019-10-09 08:12:41,404 [main] INFO  http.HttpServer2 (HttpServer2.java:addGlobalFilter(975)) - Added global filter 'safety' (class=org.apache.hadoop.http.HttpServer2$QuotingInputFilter)
2019-10-09 08:12:41,404 [main] INFO  http.HttpServer2 (HttpServer2.java:addFilter(948)) - Added filter static_user_filter (class=org.apache.hadoop.http.lib.StaticUserWebFilter$StaticUserFilter) to context hddsDatanode
2019-10-09 08:12:41,404 [main] INFO  http.HttpServer2 (HttpServer2.java:addFilter(958)) - Added filter static_user_filter (class=org.apache.hadoop.http.lib.StaticUserWebFilter$StaticUserFilter) to context logs
2019-10-09 08:12:41,404 [main] INFO  http.HttpServer2 (HttpServer2.java:addFilter(958)) - Added filter static_user_filter (class=org.apache.hadoop.http.lib.StaticUserWebFilter$StaticUserFilter) to context static
2019-10-09 08:12:41,405 [main] INFO  http.HttpServer2 (HttpServer2.java:bindListener(1191)) - Jetty bound to port 45615
2019-10-09 08:12:41,405 [main] INFO  server.Server (Server.java:doStart(351)) - jetty-9.3.25.v20180904, build timestamp: 2018-09-04T21:11:46Z, git hash: 3ce520221d0240229c862b122d2b06c12a625732
2019-10-09 08:12:41,407 [main] INFO  handler.ContextHandler (ContextHandler.java:doStart(781)) - Started o.e.j.s.ServletContextHandler@1b8aaeab{/logs,file:///workdir/hadoop-ozone/integration-test/target/log,AVAILABLE}
2019-10-09 08:12:41,407 [main] INFO  handler.ContextHandler (ContextHandler.java:doStart(781)) - Started o.e.j.s.ServletContextHandler@6812c8cc{/static,jar:file:/home/user/.m2/repository/org/apache/hadoop/hadoop-hdds-container-service/0.5.0-SNAPSHOT/hadoop-hdds-container-service-0.5.0-SNAPSHOT.jar!/webapps/static,AVAILABLE}
2019-10-09 08:12:41,435 [main] INFO  handler.ContextHandler (ContextHandler.java:doStart(781)) - Started o.e.j.w.WebAppContext@5dbab232{/,file:///tmp/jetty-0.0.0.0-45615-hddsDatanode-_-any-8241339946875083299.dir/webapp/,AVAILABLE}{/hddsDatanode}
2019-10-09 08:12:41,435 [main] INFO  server.AbstractConnector (AbstractConnector.java:doStart(278)) - Started ServerConnector@5939e24{HTTP/1.1,[http/1.1]}{0.0.0.0:45615}
2019-10-09 08:12:41,437 [main] INFO  server.Server (Server.java:doStart(419)) - Started @226200ms
2019-10-09 08:12:41,438 [main] WARN  impl.MetricsSystemImpl (MetricsSystemImpl.java:register(276)) - Sink prometheus already exists!
2019-10-09 08:12:41,438 [main] INFO  server.BaseHttpServer (BaseHttpServer.java:updateConnectorAddress(215)) - HTTP server of HDDSDATANODE is listening at http://0.0.0.0:45615
2019-10-09 08:12:41,438 [main] INFO  impl.MetricsSystemImpl (MetricsSystemImpl.java:init(158)) - HddsDatanode metrics system started (again)
2019-10-09 08:12:41,443 [org.apache.hadoop.util.JvmPauseMonitor$Monitor@6bbecb6d] INFO  util.JvmPauseMonitor (JvmPauseMonitor.java:run(188)) - Starting JVM pause monitor
2019-10-09 08:12:41,444 [main] INFO  ozone.HddsDatanodeService (HddsDatanodeService.java:start(184)) - HddsDatanodeService host:pr-hdds-2267-jsbhp-248048675 ip:192.168.30.26
2019-10-09 08:12:41,445 [Datanode State Machine Thread - 0] INFO  datanode.InitDatanodeState (InitDatanodeState.java:persistContainerDatanodeDetails(140)) - DatanodeDetails is persisted to /workdir/hadoop-ozone/integration-test/target/test-dir/MiniOzoneClusterImpl-5209a03e-550f-4d6f-8cfb-5acb6562be12/datanode-5/meta/datanode.id
2019-10-09 08:12:41,451 [main] INFO  volume.HddsVolume (HddsVolume.java:<init>(176)) - Creating Volume: /workdir/hadoop-ozone/integration-test/target/test-dir/MiniOzoneClusterImpl-5209a03e-550f-4d6f-8cfb-5acb6562be12/datanode-6/data/containers/hdds of  storage type : DISK and capacity : 1482555576320
2019-10-09 08:12:41,451 [main] INFO  volume.VolumeSet (VolumeSet.java:initializeVolumeSet(170)) - Added Volume : /workdir/hadoop-ozone/integration-test/target/test-dir/MiniOzoneClusterImpl-5209a03e-550f-4d6f-8cfb-5acb6562be12/datanode-6/data/containers/hdds to VolumeSet
2019-10-09 08:12:41,452 [main] INFO  volume.ThrottledAsyncChecker (ThrottledAsyncChecker.java:schedule(141)) - Scheduling a check for org.apache.hadoop.ozone.container.common.volume.HddsVolume@4645679e
2019-10-09 08:12:41,452 [main] INFO  volume.HddsVolumeChecker (HddsVolumeChecker.java:checkAllVolumes(204)) - Scheduled health check for volume org.apache.hadoop.ozone.container.common.volume.HddsVolume@4645679e
2019-10-09 08:12:41,466 [main] INFO  impl.RaftServerProxy (ConfUtils.java:logGet(43)) - raft.rpc.type = GRPC (default)
2019-10-09 08:12:41,466 [main] INFO  grpc.GrpcFactory (GrpcFactory.java:checkPooledByteBufAllocatorUseCacheForAllThreads(45)) - PERFORMANCE WARNING: useCacheForAllThreads is true that may cause Netty to create a lot garbage objects and, as a result, trigger GC.
	It is recommended to disable useCacheForAllThreads by setting -Dorg.apache.ratis.thirdparty.io.netty.allocator.useCacheForAllThreads=false in command line.
2019-10-09 08:12:41,466 [main] INFO  grpc.GrpcConfigKeys$Server (ConfUtils.java:logGet(43)) - raft.grpc.server.port = 0 (default)
2019-10-09 08:12:41,466 [main] INFO  server.GrpcService (ConfUtils.java:logGet(43)) - raft.grpc.message.size.max = 33570816 (custom)
2019-10-09 08:12:41,467 [main] INFO  server.RaftServerConfigKeys (ConfUtils.java:logGet(43)) - raft.server.log.appender.buffer.byte-limit = 33554432 (custom)
2019-10-09 08:12:41,467 [main] INFO  server.GrpcService (ConfUtils.java:logGet(43)) - raft.grpc.flow.control.window = 1MB (=1048576) (default)
2019-10-09 08:12:41,467 [main] INFO  server.RaftServerConfigKeys (ConfUtils.java:logGet(43)) - raft.server.rpc.request.timeout = 3000ms (default)
2019-10-09 08:12:41,467 [main] INFO  server.RaftServerConfigKeys (ConfUtils.java:logGet(43)) - raft.server.storage.dir = [/workdir/hadoop-ozone/integration-test/target/test-dir/MiniOzoneClusterImpl-5209a03e-550f-4d6f-8cfb-5acb6562be12/datanode-6/data/ratis] (custom)
2019-10-09 08:12:41,469 [main] INFO  hdfs.DFSUtil (DFSUtil.java:httpServerTemplateForNNAndJN(1641)) - Starting Web-server for hddsDatanode at: http://0.0.0.0:0
2019-10-09 08:12:41,470 [main] INFO  server.AuthenticationFilter (AuthenticationFilter.java:constructSecretProvider(240)) - Unable to initialize FileSignerSecretProvider, falling back to use random secrets.
2019-10-09 08:12:41,470 [main] WARN  http.HttpRequestLog (HttpRequestLog.java:getRequestLog(97)) - Jetty request log can only be enabled using Log4j
2019-10-09 08:12:41,471 [main] INFO  http.HttpServer2 (HttpServer2.java:addGlobalFilter(975)) - Added global filter 'safety' (class=org.apache.hadoop.http.HttpServer2$QuotingInputFilter)
2019-10-09 08:12:41,472 [main] INFO  http.HttpServer2 (HttpServer2.java:addFilter(948)) - Added filter static_user_filter (class=org.apache.hadoop.http.lib.StaticUserWebFilter$StaticUserFilter) to context hddsDatanode
2019-10-09 08:12:41,472 [main] INFO  http.HttpServer2 (HttpServer2.java:addFilter(958)) - Added filter static_user_filter (class=org.apache.hadoop.http.lib.StaticUserWebFilter$StaticUserFilter) to context logs
2019-10-09 08:12:41,472 [main] INFO  http.HttpServer2 (HttpServer2.java:addFilter(958)) - Added filter static_user_filter (class=org.apache.hadoop.http.lib.StaticUserWebFilter$StaticUserFilter) to context static
2019-10-09 08:12:41,472 [main] INFO  http.HttpServer2 (HttpServer2.java:bindListener(1191)) - Jetty bound to port 37582
2019-10-09 08:12:41,473 [main] INFO  server.Server (Server.java:doStart(351)) - jetty-9.3.25.v20180904, build timestamp: 2018-09-04T21:11:46Z, git hash: 3ce520221d0240229c862b122d2b06c12a625732
2019-10-09 08:12:41,474 [main] INFO  handler.ContextHandler (ContextHandler.java:doStart(781)) - Started o.e.j.s.ServletContextHandler@c48b543{/logs,file:///workdir/hadoop-ozone/integration-test/target/log,AVAILABLE}
2019-10-09 08:12:41,474 [main] INFO  handler.ContextHandler (ContextHandler.java:doStart(781)) - Started o.e.j.s.ServletContextHandler@4652c74d{/static,jar:file:/home/user/.m2/repository/org/apache/hadoop/hadoop-hdds-container-service/0.5.0-SNAPSHOT/hadoop-hdds-container-service-0.5.0-SNAPSHOT.jar!/webapps/static,AVAILABLE}
2019-10-09 08:12:41,503 [main] INFO  handler.ContextHandler (ContextHandler.java:doStart(781)) - Started o.e.j.w.WebAppContext@1373e3ee{/,file:///tmp/jetty-0.0.0.0-37582-hddsDatanode-_-any-3186976919752770239.dir/webapp/,AVAILABLE}{/hddsDatanode}
2019-10-09 08:12:41,503 [main] INFO  server.AbstractConnector (AbstractConnector.java:doStart(278)) - Started ServerConnector@175c5c3a{HTTP/1.1,[http/1.1]}{0.0.0.0:37582}
2019-10-09 08:12:41,505 [main] INFO  server.Server (Server.java:doStart(419)) - Started @226268ms
2019-10-09 08:12:41,505 [main] WARN  impl.MetricsSystemImpl (MetricsSystemImpl.java:register(276)) - Sink prometheus already exists!
2019-10-09 08:12:41,506 [main] INFO  server.BaseHttpServer (BaseHttpServer.java:updateConnectorAddress(215)) - HTTP server of HDDSDATANODE is listening at http://0.0.0.0:37582
2019-10-09 08:12:41,506 [main] INFO  ozone.MiniOzoneClusterImpl (MiniOzoneClusterImpl.java:lambda$waitForClusterToBeReady$0(147)) - Waiting for cluster to be ready. Got 0 of 7 DN Heartbeats.
2019-10-09 08:12:41,507 [org.apache.hadoop.util.JvmPauseMonitor$Monitor@a1d8861] INFO  util.JvmPauseMonitor (JvmPauseMonitor.java:run(188)) - Starting JVM pause monitor
2019-10-09 08:12:41,509 [Datanode State Machine Thread - 0] INFO  datanode.InitDatanodeState (InitDatanodeState.java:persistContainerDatanodeDetails(140)) - DatanodeDetails is persisted to /workdir/hadoop-ozone/integration-test/target/test-dir/MiniOzoneClusterImpl-5209a03e-550f-4d6f-8cfb-5acb6562be12/datanode-6/meta/datanode.id
2019-10-09 08:12:42,507 [main] INFO  ozone.MiniOzoneClusterImpl (MiniOzoneClusterImpl.java:lambda$waitForClusterToBeReady$0(147)) - Waiting for cluster to be ready. Got 0 of 7 DN Heartbeats.
2019-10-09 08:12:43,131 [Datanode State Machine Thread - 0] INFO  ozoneimpl.OzoneContainer (OzoneContainer.java:start(213)) - Attempting to start container services.
2019-10-09 08:12:43,132 [Datanode State Machine Thread - 0] INFO  ozoneimpl.OzoneContainer (OzoneContainer.java:startContainerScrub(177)) - Background container scanner has been disabled.
2019-10-09 08:12:43,132 [Datanode State Machine Thread - 0] INFO  ratis.XceiverServerRatis (XceiverServerRatis.java:start(418)) - Starting XceiverServerRatis 4f5831d1-4364-49f1-869b-a9f19d711711 at port 0
2019-10-09 08:12:43,138 [Datanode State Machine Thread - 0] INFO  impl.RaftServerProxy (RaftServerProxy.java:lambda$start$3(299)) - 4f5831d1-4364-49f1-869b-a9f19d711711: start RPC server
2019-10-09 08:12:43,141 [Datanode State Machine Thread - 0] INFO  server.GrpcService (GrpcService.java:startImpl(158)) - 4f5831d1-4364-49f1-869b-a9f19d711711: GrpcService started, listening on 0.0.0.0/0.0.0.0:39207
2019-10-09 08:12:43,141 [Datanode State Machine Thread - 0] INFO  ratis.XceiverServerRatis (XceiverServerRatis.java:start(428)) - XceiverServerRatis 4f5831d1-4364-49f1-869b-a9f19d711711 is started using port 39207
2019-10-09 08:12:43,141 [Datanode State Machine Thread - 0] INFO  server.XceiverServerGrpc (XceiverServerGrpc.java:start(149)) - XceiverServerGrpc 4f5831d1-4364-49f1-869b-a9f19d711711 is started using port 44968
2019-10-09 08:12:43,170 [Datanode State Machine Thread - 0] INFO  ozoneimpl.OzoneContainer (OzoneContainer.java:start(213)) - Attempting to start container services.
2019-10-09 08:12:43,170 [Datanode State Machine Thread - 0] INFO  ozoneimpl.OzoneContainer (OzoneContainer.java:startContainerScrub(177)) - Background container scanner has been disabled.
2019-10-09 08:12:43,170 [Datanode State Machine Thread - 0] INFO  ratis.XceiverServerRatis (XceiverServerRatis.java:start(418)) - Starting XceiverServerRatis 9b4ba789-db5f-4635-b70b-3632acd6cf18 at port 0
2019-10-09 08:12:43,175 [Datanode State Machine Thread - 0] INFO  impl.RaftServerProxy (RaftServerProxy.java:lambda$start$3(299)) - 9b4ba789-db5f-4635-b70b-3632acd6cf18: start RPC server
2019-10-09 08:12:43,178 [Datanode State Machine Thread - 0] INFO  server.GrpcService (GrpcService.java:startImpl(158)) - 9b4ba789-db5f-4635-b70b-3632acd6cf18: GrpcService started, listening on 0.0.0.0/0.0.0.0:42585
2019-10-09 08:12:43,178 [Datanode State Machine Thread - 0] INFO  ratis.XceiverServerRatis (XceiverServerRatis.java:start(428)) - XceiverServerRatis 9b4ba789-db5f-4635-b70b-3632acd6cf18 is started using port 42585
2019-10-09 08:12:43,178 [Datanode State Machine Thread - 0] INFO  server.XceiverServerGrpc (XceiverServerGrpc.java:start(149)) - XceiverServerGrpc 9b4ba789-db5f-4635-b70b-3632acd6cf18 is started using port 39474
2019-10-09 08:12:43,227 [Datanode State Machine Thread - 0] INFO  ozoneimpl.OzoneContainer (OzoneContainer.java:start(213)) - Attempting to start container services.
2019-10-09 08:12:43,228 [Datanode State Machine Thread - 0] INFO  ozoneimpl.OzoneContainer (OzoneContainer.java:startContainerScrub(177)) - Background container scanner has been disabled.
2019-10-09 08:12:43,228 [Datanode State Machine Thread - 0] INFO  ratis.XceiverServerRatis (XceiverServerRatis.java:start(418)) - Starting XceiverServerRatis 3bc82a09-eb4e-4191-b983-4b4db2cc119a at port 0
2019-10-09 08:12:43,234 [Datanode State Machine Thread - 0] INFO  impl.RaftServerProxy (RaftServerProxy.java:lambda$start$3(299)) - 3bc82a09-eb4e-4191-b983-4b4db2cc119a: start RPC server
2019-10-09 08:12:43,235 [Datanode State Machine Thread - 0] INFO  server.GrpcService (GrpcService.java:startImpl(158)) - 3bc82a09-eb4e-4191-b983-4b4db2cc119a: GrpcService started, listening on 0.0.0.0/0.0.0.0:36810
2019-10-09 08:12:43,235 [Datanode State Machine Thread - 0] INFO  ratis.XceiverServerRatis (XceiverServerRatis.java:start(428)) - XceiverServerRatis 3bc82a09-eb4e-4191-b983-4b4db2cc119a is started using port 36810
2019-10-09 08:12:43,236 [Datanode State Machine Thread - 0] INFO  server.XceiverServerGrpc (XceiverServerGrpc.java:start(149)) - XceiverServerGrpc 3bc82a09-eb4e-4191-b983-4b4db2cc119a is started using port 34694
2019-10-09 08:12:43,310 [Datanode State Machine Thread - 0] INFO  ozoneimpl.OzoneContainer (OzoneContainer.java:start(213)) - Attempting to start container services.
2019-10-09 08:12:43,310 [Datanode State Machine Thread - 0] INFO  ozoneimpl.OzoneContainer (OzoneContainer.java:startContainerScrub(177)) - Background container scanner has been disabled.
2019-10-09 08:12:43,310 [Datanode State Machine Thread - 0] INFO  ratis.XceiverServerRatis (XceiverServerRatis.java:start(418)) - Starting XceiverServerRatis e7b29786-3f7d-4673-b753-000d3cd04f78 at port 0
2019-10-09 08:12:43,318 [Datanode State Machine Thread - 0] INFO  impl.RaftServerProxy (RaftServerProxy.java:lambda$start$3(299)) - e7b29786-3f7d-4673-b753-000d3cd04f78: start RPC server
2019-10-09 08:12:43,325 [Datanode State Machine Thread - 0] INFO  server.GrpcService (GrpcService.java:startImpl(158)) - e7b29786-3f7d-4673-b753-000d3cd04f78: GrpcService started, listening on 0.0.0.0/0.0.0.0:33362
2019-10-09 08:12:43,326 [Datanode State Machine Thread - 0] INFO  ratis.XceiverServerRatis (XceiverServerRatis.java:start(428)) - XceiverServerRatis e7b29786-3f7d-4673-b753-000d3cd04f78 is started using port 33362
2019-10-09 08:12:43,326 [Datanode State Machine Thread - 0] INFO  server.XceiverServerGrpc (XceiverServerGrpc.java:start(149)) - XceiverServerGrpc e7b29786-3f7d-4673-b753-000d3cd04f78 is started using port 43356
2019-10-09 08:12:43,391 [Datanode State Machine Thread - 0] INFO  ozoneimpl.OzoneContainer (OzoneContainer.java:start(213)) - Attempting to start container services.
2019-10-09 08:12:43,391 [Datanode State Machine Thread - 0] INFO  ozoneimpl.OzoneContainer (OzoneContainer.java:startContainerScrub(177)) - Background container scanner has been disabled.
2019-10-09 08:12:43,391 [Datanode State Machine Thread - 0] INFO  ratis.XceiverServerRatis (XceiverServerRatis.java:start(418)) - Starting XceiverServerRatis 3d9e0f47-152a-48be-9178-e6c63907b681 at port 0
2019-10-09 08:12:43,395 [Datanode State Machine Thread - 0] INFO  impl.RaftServerProxy (RaftServerProxy.java:lambda$start$3(299)) - 3d9e0f47-152a-48be-9178-e6c63907b681: start RPC server
2019-10-09 08:12:43,396 [Datanode State Machine Thread - 0] INFO  server.GrpcService (GrpcService.java:startImpl(158)) - 3d9e0f47-152a-48be-9178-e6c63907b681: GrpcService started, listening on 0.0.0.0/0.0.0.0:34923
2019-10-09 08:12:43,396 [Datanode State Machine Thread - 0] INFO  ratis.XceiverServerRatis (XceiverServerRatis.java:start(428)) - XceiverServerRatis 3d9e0f47-152a-48be-9178-e6c63907b681 is started using port 34923
2019-10-09 08:12:43,399 [Datanode State Machine Thread - 0] INFO  server.XceiverServerGrpc (XceiverServerGrpc.java:start(149)) - XceiverServerGrpc 3d9e0f47-152a-48be-9178-e6c63907b681 is started using port 43697
2019-10-09 08:12:43,458 [Datanode State Machine Thread - 0] INFO  ozoneimpl.OzoneContainer (OzoneContainer.java:start(213)) - Attempting to start container services.
2019-10-09 08:12:43,458 [Datanode State Machine Thread - 0] INFO  ozoneimpl.OzoneContainer (OzoneContainer.java:startContainerScrub(177)) - Background container scanner has been disabled.
2019-10-09 08:12:43,458 [Datanode State Machine Thread - 0] INFO  ratis.XceiverServerRatis (XceiverServerRatis.java:start(418)) - Starting XceiverServerRatis bc80ec65-15ce-456f-b0ee-323fbae83cd2 at port 0
2019-10-09 08:12:43,465 [Datanode State Machine Thread - 0] INFO  impl.RaftServerProxy (RaftServerProxy.java:lambda$start$3(299)) - bc80ec65-15ce-456f-b0ee-323fbae83cd2: start RPC server
2019-10-09 08:12:43,467 [Datanode State Machine Thread - 0] INFO  server.GrpcService (GrpcService.java:startImpl(158)) - bc80ec65-15ce-456f-b0ee-323fbae83cd2: GrpcService started, listening on 0.0.0.0/0.0.0.0:44468
2019-10-09 08:12:43,467 [Datanode State Machine Thread - 0] INFO  ratis.XceiverServerRatis (XceiverServerRatis.java:start(428)) - XceiverServerRatis bc80ec65-15ce-456f-b0ee-323fbae83cd2 is started using port 44468
2019-10-09 08:12:43,468 [Datanode State Machine Thread - 0] INFO  server.XceiverServerGrpc (XceiverServerGrpc.java:start(149)) - XceiverServerGrpc bc80ec65-15ce-456f-b0ee-323fbae83cd2 is started using port 35940
2019-10-09 08:12:43,507 [main] INFO  ozone.MiniOzoneClusterImpl (MiniOzoneClusterImpl.java:lambda$waitForClusterToBeReady$0(147)) - Waiting for cluster to be ready. Got 0 of 7 DN Heartbeats.
2019-10-09 08:12:43,522 [Datanode State Machine Thread - 0] INFO  ozoneimpl.OzoneContainer (OzoneContainer.java:start(213)) - Attempting to start container services.
2019-10-09 08:12:43,522 [Datanode State Machine Thread - 0] INFO  ozoneimpl.OzoneContainer (OzoneContainer.java:startContainerScrub(177)) - Background container scanner has been disabled.
2019-10-09 08:12:43,522 [Datanode State Machine Thread - 0] INFO  ratis.XceiverServerRatis (XceiverServerRatis.java:start(418)) - Starting XceiverServerRatis ef577cf0-addd-4563-8a74-3cd2be3a2511 at port 0
2019-10-09 08:12:43,528 [Datanode State Machine Thread - 0] INFO  impl.RaftServerProxy (RaftServerProxy.java:lambda$start$3(299)) - ef577cf0-addd-4563-8a74-3cd2be3a2511: start RPC server
2019-10-09 08:12:43,530 [Datanode State Machine Thread - 0] INFO  server.GrpcService (GrpcService.java:startImpl(158)) - ef577cf0-addd-4563-8a74-3cd2be3a2511: GrpcService started, listening on 0.0.0.0/0.0.0.0:37964
2019-10-09 08:12:43,530 [Datanode State Machine Thread - 0] INFO  ratis.XceiverServerRatis (XceiverServerRatis.java:start(428)) - XceiverServerRatis ef577cf0-addd-4563-8a74-3cd2be3a2511 is started using port 37964
2019-10-09 08:12:43,539 [Datanode State Machine Thread - 0] INFO  server.XceiverServerGrpc (XceiverServerGrpc.java:start(149)) - XceiverServerGrpc ef577cf0-addd-4563-8a74-3cd2be3a2511 is started using port 35906
2019-10-09 08:12:44,507 [main] INFO  ozone.MiniOzoneClusterImpl (MiniOzoneClusterImpl.java:lambda$waitForClusterToBeReady$0(147)) - Waiting for cluster to be ready. Got 0 of 7 DN Heartbeats.
2019-10-09 08:12:45,095 [IPC Server handler 1 on 45398] INFO  net.NetworkTopology (NetworkTopologyImpl.java:add(111)) - Added a new node: /default-rack/4f5831d1-4364-49f1-869b-a9f19d711711
2019-10-09 08:12:45,098 [IPC Server handler 1 on 45398] INFO  node.SCMNodeManager (SCMNodeManager.java:register(268)) - Registered Data node : 4f5831d1-4364-49f1-869b-a9f19d711711{ip: 192.168.30.26, host: pr-hdds-2267-jsbhp-248048675, networkLocation: /default-rack, certSerialId: null}
2019-10-09 08:12:45,099 [EventQueue-NodeRegistrationContainerReportForDataNodeSafeModeRule] INFO  safemode.SCMSafeModeManager (DataNodeSafeModeRule.java:process(71)) - SCM in safe mode. 1 DataNodes registered, 1 required.
2019-10-09 08:12:45,102 [EventQueue-NodeRegistrationContainerReportForDataNodeSafeModeRule] INFO  safemode.SCMSafeModeManager (SCMSafeModeManager.java:validateSafeModeExitRules(177)) - ScmSafeModeManager, all rules are successfully validated
2019-10-09 08:12:45,102 [EventQueue-NodeRegistrationContainerReportForDataNodeSafeModeRule] INFO  safemode.SCMSafeModeManager (SCMSafeModeManager.java:exitSafeMode(193)) - SCM exiting safe mode.
2019-10-09 08:12:45,112 [grpc-default-executor-7] INFO  impl.RaftServerProxy (RaftServerProxy.java:addNew(89)) - 4f5831d1-4364-49f1-869b-a9f19d711711: addNew group-148FAE784D8A:[4f5831d1-4364-49f1-869b-a9f19d711711:192.168.30.26:39207] returns group-148FAE784D8A:java.util.concurrent.CompletableFuture@24a59ad6[Not completed]
2019-10-09 08:12:45,113 [pool-383-thread-1] INFO  impl.RaftServerImpl (RaftServerImpl.java:<init>(95)) - 4f5831d1-4364-49f1-869b-a9f19d711711: new RaftServerImpl for group-148FAE784D8A:[4f5831d1-4364-49f1-869b-a9f19d711711:192.168.30.26:39207] with ContainerStateMachine:uninitialized
2019-10-09 08:12:45,113 [pool-383-thread-1] INFO  server.RaftServerConfigKeys (ConfUtils.java:logGet(43)) - raft.server.rpc.timeout.min = 5s (custom)
2019-10-09 08:12:45,113 [pool-383-thread-1] INFO  server.RaftServerConfigKeys (ConfUtils.java:logGet(43)) - raft.server.rpc.timeout.max = 5200ms (custom)
2019-10-09 08:12:45,113 [pool-383-thread-1] INFO  server.RaftServerConfigKeys (ConfUtils.java:logGet(43)) - raft.server.rpcslowness.timeout = 120s (custom)
2019-10-09 08:12:45,113 [pool-383-thread-1] INFO  server.RaftServerConfigKeys (ConfUtils.java:logGet(43)) - raft.server.sleep.deviation.threshold = 300 (default)
2019-10-09 08:12:45,114 [pool-383-thread-1] INFO  server.RaftServerConfigKeys (ConfUtils.java:logGet(43)) - raft.server.log.appender.install.snapshot.enabled = false (custom)
2019-10-09 08:12:45,114 [pool-383-thread-1] INFO  impl.RaftServerImpl (ServerState.java:<init>(103)) - 4f5831d1-4364-49f1-869b-a9f19d711711@group-148FAE784D8A: ConfigurationManager, init=-1: [4f5831d1-4364-49f1-869b-a9f19d711711:192.168.30.26:39207], old=null, confs=<EMPTY_MAP>
2019-10-09 08:12:45,114 [pool-383-thread-1] INFO  server.RaftServerConfigKeys (ConfUtils.java:logGet(43)) - raft.server.storage.dir = [/workdir/hadoop-ozone/integration-test/target/test-dir/MiniOzoneClusterImpl-5209a03e-550f-4d6f-8cfb-5acb6562be12/datanode-0/data/ratis] (custom)
2019-10-09 08:12:45,114 [pool-383-thread-1] INFO  server.RaftServerConfigKeys (ConfUtils.java:logGet(43)) - raft.server.log.corruption.policy = EXCEPTION (default)
2019-10-09 08:12:45,115 [pool-383-thread-1] INFO  storage.RaftStorageDirectory (RaftStorageDirectory.java:analyzeStorage(246)) - The storage directory /workdir/hadoop-ozone/integration-test/target/test-dir/MiniOzoneClusterImpl-5209a03e-550f-4d6f-8cfb-5acb6562be12/datanode-0/data/ratis/60ca65fa-5171-448c-b4a1-148fae784d8a does not exist. Creating ...
2019-10-09 08:12:45,128 [pool-383-thread-1] INFO  storage.RaftStorageDirectory (RaftStorageDirectory.java:tryLock(328)) - Lock on /workdir/hadoop-ozone/integration-test/target/test-dir/MiniOzoneClusterImpl-5209a03e-550f-4d6f-8cfb-5acb6562be12/datanode-0/data/ratis/60ca65fa-5171-448c-b4a1-148fae784d8a/in_use.lock acquired by nodename 13016@pr-hdds-2267-jsbhp-248048675
2019-10-09 08:12:45,141 [pool-383-thread-1] INFO  storage.RaftStorage (RaftStorage.java:format(84)) - Storage directory /workdir/hadoop-ozone/integration-test/target/test-dir/MiniOzoneClusterImpl-5209a03e-550f-4d6f-8cfb-5acb6562be12/datanode-0/data/ratis/60ca65fa-5171-448c-b4a1-148fae784d8a has been successfully formatted.
2019-10-09 08:12:45,141 [pool-383-thread-1] INFO  ratis.ContainerStateMachine (ContainerStateMachine.java:loadSnapshot(231)) - group-148FAE784D8A: The snapshot info is null. Setting the last applied indexto:(t:0, i:~)
2019-10-09 08:12:45,141 [pool-383-thread-1] INFO  server.RaftServerConfigKeys (ConfUtils.java:logGet(43)) - raft.server.notification.no-leader.timeout = 120s (custom)
2019-10-09 08:12:45,141 [pool-383-thread-1] INFO  server.RaftServerConfigKeys (ConfUtils.java:logGet(43)) - raft.server.log.use.memory = false (default)
2019-10-09 08:12:45,141 [pool-383-thread-1] INFO  server.RaftServerConfigKeys (ConfUtils.java:logGet(43)) - raft.server.log.purge.gap = 1000000 (custom)
2019-10-09 08:12:45,142 [pool-383-thread-1] INFO  server.RaftServerConfigKeys (ConfUtils.java:logGet(43)) - raft.server.log.appender.buffer.byte-limit = 33554432 (custom)
2019-10-09 08:12:45,142 [pool-383-thread-1] INFO  server.RaftServerConfigKeys (ConfUtils.java:logGet(43)) - raft.server.log.segment.size.max = 1048576 (custom)
2019-10-09 08:12:45,143 [pool-383-thread-1] INFO  server.RaftServerConfigKeys (ConfUtils.java:logGet(43)) - raft.server.log.segment.cache.num.max = 2 (custom)
2019-10-09 08:12:45,144 [pool-383-thread-1] INFO  segmented.SegmentedRaftLogWorker (SegmentedRaftLogWorker.java:<init>(173)) - new 4f5831d1-4364-49f1-869b-a9f19d711711@group-148FAE784D8A-SegmentedRaftLogWorker for RaftStorage:Storage Directory /workdir/hadoop-ozone/integration-test/target/test-dir/MiniOzoneClusterImpl-5209a03e-550f-4d6f-8cfb-5acb6562be12/datanode-0/data/ratis/60ca65fa-5171-448c-b4a1-148fae784d8a
2019-10-09 08:12:45,144 [pool-383-thread-1] INFO  server.RaftServerConfigKeys (ConfUtils.java:logGet(43)) - raft.server.log.queue.byte-limit = 2147483647 (custom)
2019-10-09 08:12:45,144 [pool-383-thread-1] INFO  server.RaftServerConfigKeys (ConfUtils.java:logGet(43)) - raft.server.log.queue.element-limit = 1024 (custom)
2019-10-09 08:12:45,144 [pool-383-thread-1] INFO  server.RaftServerConfigKeys (ConfUtils.java:logGet(43)) - raft.server.log.segment.size.max = 1048576 (custom)
2019-10-09 08:12:45,144 [pool-383-thread-1] INFO  server.RaftServerConfigKeys (ConfUtils.java:logGet(43)) - raft.server.log.preallocated.size = 16384 (custom)
2019-10-09 08:12:45,144 [pool-383-thread-1] INFO  server.RaftServerConfigKeys (ConfUtils.java:logGet(43)) - raft.server.log.write.buffer.size = 33554432 (custom)
2019-10-09 08:12:45,144 [pool-383-thread-1] INFO  server.RaftServerConfigKeys (ConfUtils.java:logGet(43)) - raft.server.log.force.sync.num = 128 (default)
2019-10-09 08:12:45,144 [pool-383-thread-1] INFO  server.RaftServerConfigKeys (ConfUtils.java:logGet(43)) - raft.server.log.statemachine.data.sync = true (default)
2019-10-09 08:12:45,144 [pool-383-thread-1] INFO  server.RaftServerConfigKeys (ConfUtils.java:logGet(43)) - raft.server.log.statemachine.data.sync.timeout = 10s (default)
2019-10-09 08:12:45,145 [pool-383-thread-1] INFO  server.RaftServerConfigKeys (ConfUtils.java:logGet(43)) - raft.server.log.statemachine.data.sync.timeout.retry = -1 (default)
2019-10-09 08:12:45,145 [pool-383-thread-1] INFO  server.RaftServerConfigKeys (ConfUtils.java:logGet(43)) - raft.server.log.statemachine.data.caching.enabled = true (custom)
2019-10-09 08:12:45,145 [pool-383-thread-1] INFO  segmented.SegmentedRaftLogWorker (SegmentedRaftLogWorker.java:lambda$new$0(128)) - 4f5831d1-4364-49f1-869b-a9f19d711711@group-148FAE784D8A-SegmentedRaftLogWorker: flushIndex: setUnconditionally 0 -> -1
2019-10-09 08:12:45,146 [pool-383-thread-1] INFO  server.RaftServerConfigKeys (ConfUtils.java:logGet(43)) - raft.server.snapshot.auto.trigger.enabled = true (custom)
2019-10-09 08:12:45,146 [pool-383-thread-1] INFO  server.RaftServerConfigKeys (ConfUtils.java:logGet(43)) - raft.server.snapshot.auto.trigger.threshold = 10000 (custom)
2019-10-09 08:12:45,146 [pool-383-thread-1] INFO  server.RaftServerConfigKeys (ConfUtils.java:logGet(43)) - raft.server.snapshot.retention.file.num = 5 (custom)
2019-10-09 08:12:45,146 [pool-383-thread-1] INFO  server.RaftServerConfigKeys (ConfUtils.java:logGet(43)) - raft.server.retrycache.expirytime = 600000ms (custom)
2019-10-09 08:12:45,148 [pool-383-thread-1] INFO  impl.RaftServerImpl (RaftServerImpl.java:start(181)) - 4f5831d1-4364-49f1-869b-a9f19d711711@group-148FAE784D8A: start as a follower, conf=-1: [4f5831d1-4364-49f1-869b-a9f19d711711:192.168.30.26:39207], old=null
2019-10-09 08:12:45,148 [pool-383-thread-1] INFO  impl.RaftServerImpl (RaftServerImpl.java:setRole(170)) - 4f5831d1-4364-49f1-869b-a9f19d711711@group-148FAE784D8A: changes role from      null to FOLLOWER at term 0 for startAsFollower
2019-10-09 08:12:45,148 [pool-383-thread-1] INFO  impl.RoleInfo (RoleInfo.java:updateAndGet(143)) - 4f5831d1-4364-49f1-869b-a9f19d711711: start FollowerState
2019-10-09 08:12:45,148 [pool-383-thread-1] INFO  util.JmxRegister (JmxRegister.java:tryRegister(44)) - Successfully registered JMX Bean with object name Ratis:service=RaftServer,group=group-148FAE784D8A,id=4f5831d1-4364-49f1-869b-a9f19d711711
2019-10-09 08:12:45,152 [RatisPipelineUtilsThread] INFO  pipeline.PipelineStateManager (PipelineStateManager.java:addPipeline(56)) - Created pipeline Pipeline[ Id: 60ca65fa-5171-448c-b4a1-148fae784d8a, Nodes: 4f5831d1-4364-49f1-869b-a9f19d711711{ip: 192.168.30.26, host: pr-hdds-2267-jsbhp-248048675, networkLocation: /default-rack, certSerialId: null}, Type:RATIS, Factor:ONE, State:OPEN]
2019-10-09 08:12:45,153 [IPC Server handler 2 on 45398] INFO  net.NetworkTopology (NetworkTopologyImpl.java:add(111)) - Added a new node: /default-rack/9b4ba789-db5f-4635-b70b-3632acd6cf18
2019-10-09 08:12:45,153 [IPC Server handler 2 on 45398] INFO  node.SCMNodeManager (SCMNodeManager.java:register(268)) - Registered Data node : 9b4ba789-db5f-4635-b70b-3632acd6cf18{ip: 192.168.30.26, host: pr-hdds-2267-jsbhp-248048675, networkLocation: /default-rack, certSerialId: null}
2019-10-09 08:12:45,160 [grpc-default-executor-7] INFO  impl.RaftServerProxy (RaftServerProxy.java:addNew(89)) - 9b4ba789-db5f-4635-b70b-3632acd6cf18: addNew group-9B71EA8E4881:[9b4ba789-db5f-4635-b70b-3632acd6cf18:192.168.30.26:42585] returns group-9B71EA8E4881:java.util.concurrent.CompletableFuture@541b82ec[Not completed]
2019-10-09 08:12:45,162 [pool-393-thread-1] INFO  impl.RaftServerImpl (RaftServerImpl.java:<init>(95)) - 9b4ba789-db5f-4635-b70b-3632acd6cf18: new RaftServerImpl for group-9B71EA8E4881:[9b4ba789-db5f-4635-b70b-3632acd6cf18:192.168.30.26:42585] with ContainerStateMachine:uninitialized
2019-10-09 08:12:45,162 [pool-393-thread-1] INFO  server.RaftServerConfigKeys (ConfUtils.java:logGet(43)) - raft.server.rpc.timeout.min = 5s (custom)
2019-10-09 08:12:45,162 [pool-393-thread-1] INFO  server.RaftServerConfigKeys (ConfUtils.java:logGet(43)) - raft.server.rpc.timeout.max = 5200ms (custom)
2019-10-09 08:12:45,162 [pool-393-thread-1] INFO  server.RaftServerConfigKeys (ConfUtils.java:logGet(43)) - raft.server.rpcslowness.timeout = 120s (custom)
2019-10-09 08:12:45,162 [pool-393-thread-1] INFO  server.RaftServerConfigKeys (ConfUtils.java:logGet(43)) - raft.server.sleep.deviation.threshold = 300 (default)
2019-10-09 08:12:45,162 [pool-393-thread-1] INFO  server.RaftServerConfigKeys (ConfUtils.java:logGet(43)) - raft.server.log.appender.install.snapshot.enabled = false (custom)
2019-10-09 08:12:45,163 [pool-393-thread-1] INFO  impl.RaftServerImpl (ServerState.java:<init>(103)) - 9b4ba789-db5f-4635-b70b-3632acd6cf18@group-9B71EA8E4881: ConfigurationManager, init=-1: [9b4ba789-db5f-4635-b70b-3632acd6cf18:192.168.30.26:42585], old=null, confs=<EMPTY_MAP>
2019-10-09 08:12:45,163 [pool-393-thread-1] INFO  server.RaftServerConfigKeys (ConfUtils.java:logGet(43)) - raft.server.storage.dir = [/workdir/hadoop-ozone/integration-test/target/test-dir/MiniOzoneClusterImpl-5209a03e-550f-4d6f-8cfb-5acb6562be12/datanode-1/data/ratis] (custom)
2019-10-09 08:12:45,163 [pool-393-thread-1] INFO  server.RaftServerConfigKeys (ConfUtils.java:logGet(43)) - raft.server.log.corruption.policy = EXCEPTION (default)
2019-10-09 08:12:45,163 [pool-393-thread-1] INFO  storage.RaftStorageDirectory (RaftStorageDirectory.java:analyzeStorage(246)) - The storage directory /workdir/hadoop-ozone/integration-test/target/test-dir/MiniOzoneClusterImpl-5209a03e-550f-4d6f-8cfb-5acb6562be12/datanode-1/data/ratis/adaee8a8-fe26-4221-b02e-9b71ea8e4881 does not exist. Creating ...
2019-10-09 08:12:45,176 [pool-393-thread-1] INFO  storage.RaftStorageDirectory (RaftStorageDirectory.java:tryLock(328)) - Lock on /workdir/hadoop-ozone/integration-test/target/test-dir/MiniOzoneClusterImpl-5209a03e-550f-4d6f-8cfb-5acb6562be12/datanode-1/data/ratis/adaee8a8-fe26-4221-b02e-9b71ea8e4881/in_use.lock acquired by nodename 13016@pr-hdds-2267-jsbhp-248048675
2019-10-09 08:12:45,179 [pool-393-thread-1] INFO  storage.RaftStorage (RaftStorage.java:format(84)) - Storage directory /workdir/hadoop-ozone/integration-test/target/test-dir/MiniOzoneClusterImpl-5209a03e-550f-4d6f-8cfb-5acb6562be12/datanode-1/data/ratis/adaee8a8-fe26-4221-b02e-9b71ea8e4881 has been successfully formatted.
2019-10-09 08:12:45,180 [pool-393-thread-1] INFO  ratis.ContainerStateMachine (ContainerStateMachine.java:loadSnapshot(231)) - group-9B71EA8E4881: The snapshot info is null. Setting the last applied indexto:(t:0, i:~)
2019-10-09 08:12:45,180 [pool-393-thread-1] INFO  server.RaftServerConfigKeys (ConfUtils.java:logGet(43)) - raft.server.notification.no-leader.timeout = 120s (custom)
2019-10-09 08:12:45,180 [pool-393-thread-1] INFO  server.RaftServerConfigKeys (ConfUtils.java:logGet(43)) - raft.server.log.use.memory = false (default)
2019-10-09 08:12:45,180 [pool-393-thread-1] INFO  server.RaftServerConfigKeys (ConfUtils.java:logGet(43)) - raft.server.log.purge.gap = 1000000 (custom)
2019-10-09 08:12:45,180 [pool-393-thread-1] INFO  server.RaftServerConfigKeys (ConfUtils.java:logGet(43)) - raft.server.log.appender.buffer.byte-limit = 33554432 (custom)
2019-10-09 08:12:45,180 [pool-393-thread-1] INFO  server.RaftServerConfigKeys (ConfUtils.java:logGet(43)) - raft.server.log.segment.size.max = 1048576 (custom)
2019-10-09 08:12:45,182 [pool-393-thread-1] INFO  server.RaftServerConfigKeys (ConfUtils.java:logGet(43)) - raft.server.log.segment.cache.num.max = 2 (custom)
2019-10-09 08:12:45,182 [pool-393-thread-1] INFO  segmented.SegmentedRaftLogWorker (SegmentedRaftLogWorker.java:<init>(173)) - new 9b4ba789-db5f-4635-b70b-3632acd6cf18@group-9B71EA8E4881-SegmentedRaftLogWorker for RaftStorage:Storage Directory /workdir/hadoop-ozone/integration-test/target/test-dir/MiniOzoneClusterImpl-5209a03e-550f-4d6f-8cfb-5acb6562be12/datanode-1/data/ratis/adaee8a8-fe26-4221-b02e-9b71ea8e4881
2019-10-09 08:12:45,182 [pool-393-thread-1] INFO  server.RaftServerConfigKeys (ConfUtils.java:logGet(43)) - raft.server.log.queue.byte-limit = 2147483647 (custom)
2019-10-09 08:12:45,182 [pool-393-thread-1] INFO  server.RaftServerConfigKeys (ConfUtils.java:logGet(43)) - raft.server.log.queue.element-limit = 1024 (custom)
2019-10-09 08:12:45,182 [pool-393-thread-1] INFO  server.RaftServerConfigKeys (ConfUtils.java:logGet(43)) - raft.server.log.segment.size.max = 1048576 (custom)
2019-10-09 08:12:45,182 [pool-393-thread-1] INFO  server.RaftServerConfigKeys (ConfUtils.java:logGet(43)) - raft.server.log.preallocated.size = 16384 (custom)
2019-10-09 08:12:45,182 [pool-393-thread-1] INFO  server.RaftServerConfigKeys (ConfUtils.java:logGet(43)) - raft.server.log.write.buffer.size = 33554432 (custom)
2019-10-09 08:12:45,183 [pool-393-thread-1] INFO  server.RaftServerConfigKeys (ConfUtils.java:logGet(43)) - raft.server.log.force.sync.num = 128 (default)
2019-10-09 08:12:45,183 [pool-393-thread-1] INFO  server.RaftServerConfigKeys (ConfUtils.java:logGet(43)) - raft.server.log.statemachine.data.sync = true (default)
2019-10-09 08:12:45,183 [pool-393-thread-1] INFO  server.RaftServerConfigKeys (ConfUtils.java:logGet(43)) - raft.server.log.statemachine.data.sync.timeout = 10s (default)
2019-10-09 08:12:45,183 [pool-393-thread-1] INFO  server.RaftServerConfigKeys (ConfUtils.java:logGet(43)) - raft.server.log.statemachine.data.sync.timeout.retry = -1 (default)
2019-10-09 08:12:45,183 [pool-393-thread-1] INFO  server.RaftServerConfigKeys (ConfUtils.java:logGet(43)) - raft.server.log.statemachine.data.caching.enabled = true (custom)
2019-10-09 08:12:45,184 [pool-393-thread-1] INFO  segmented.SegmentedRaftLogWorker (SegmentedRaftLogWorker.java:lambda$new$0(128)) - 9b4ba789-db5f-4635-b70b-3632acd6cf18@group-9B71EA8E4881-SegmentedRaftLogWorker: flushIndex: setUnconditionally 0 -> -1
2019-10-09 08:12:45,184 [pool-393-thread-1] INFO  server.RaftServerConfigKeys (ConfUtils.java:logGet(43)) - raft.server.snapshot.auto.trigger.enabled = true (custom)
2019-10-09 08:12:45,184 [pool-393-thread-1] INFO  server.RaftServerConfigKeys (ConfUtils.java:logGet(43)) - raft.server.snapshot.auto.trigger.threshold = 10000 (custom)
2019-10-09 08:12:45,184 [pool-393-thread-1] INFO  server.RaftServerConfigKeys (ConfUtils.java:logGet(43)) - raft.server.snapshot.retention.file.num = 5 (custom)
2019-10-09 08:12:45,184 [pool-393-thread-1] INFO  server.RaftServerConfigKeys (ConfUtils.java:logGet(43)) - raft.server.retrycache.expirytime = 600000ms (custom)
2019-10-09 08:12:45,186 [pool-393-thread-1] INFO  impl.RaftServerImpl (RaftServerImpl.java:start(181)) - 9b4ba789-db5f-4635-b70b-3632acd6cf18@group-9B71EA8E4881: start as a follower, conf=-1: [9b4ba789-db5f-4635-b70b-3632acd6cf18:192.168.30.26:42585], old=null
2019-10-09 08:12:45,186 [pool-393-thread-1] INFO  impl.RaftServerImpl (RaftServerImpl.java:setRole(170)) - 9b4ba789-db5f-4635-b70b-3632acd6cf18@group-9B71EA8E4881: changes role from      null to FOLLOWER at term 0 for startAsFollower
2019-10-09 08:12:45,186 [pool-393-thread-1] INFO  impl.RoleInfo (RoleInfo.java:updateAndGet(143)) - 9b4ba789-db5f-4635-b70b-3632acd6cf18: start FollowerState
2019-10-09 08:12:45,186 [pool-393-thread-1] INFO  util.JmxRegister (JmxRegister.java:tryRegister(44)) - Successfully registered JMX Bean with object name Ratis:service=RaftServer,group=group-9B71EA8E4881,id=9b4ba789-db5f-4635-b70b-3632acd6cf18
2019-10-09 08:12:45,189 [RatisPipelineUtilsThread] INFO  pipeline.PipelineStateManager (PipelineStateManager.java:addPipeline(56)) - Created pipeline Pipeline[ Id: adaee8a8-fe26-4221-b02e-9b71ea8e4881, Nodes: 9b4ba789-db5f-4635-b70b-3632acd6cf18{ip: 192.168.30.26, host: pr-hdds-2267-jsbhp-248048675, networkLocation: /default-rack, certSerialId: null}, Type:RATIS, Factor:ONE, State:OPEN]
2019-10-09 08:12:45,214 [IPC Server handler 3 on 45398] INFO  net.NetworkTopology (NetworkTopologyImpl.java:add(111)) - Added a new node: /default-rack/3bc82a09-eb4e-4191-b983-4b4db2cc119a
2019-10-09 08:12:45,214 [IPC Server handler 3 on 45398] INFO  node.SCMNodeManager (SCMNodeManager.java:register(268)) - Registered Data node : 3bc82a09-eb4e-4191-b983-4b4db2cc119a{ip: 192.168.30.26, host: pr-hdds-2267-jsbhp-248048675, networkLocation: /default-rack, certSerialId: null}
2019-10-09 08:12:45,221 [grpc-default-executor-7] INFO  impl.RaftServerProxy (RaftServerProxy.java:addNew(89)) - 3bc82a09-eb4e-4191-b983-4b4db2cc119a: addNew group-E339838B6863:[3bc82a09-eb4e-4191-b983-4b4db2cc119a:192.168.30.26:36810] returns group-E339838B6863:java.util.concurrent.CompletableFuture@4fdb188c[Not completed]
2019-10-09 08:12:45,222 [pool-403-thread-1] INFO  impl.RaftServerImpl (RaftServerImpl.java:<init>(95)) - 3bc82a09-eb4e-4191-b983-4b4db2cc119a: new RaftServerImpl for group-E339838B6863:[3bc82a09-eb4e-4191-b983-4b4db2cc119a:192.168.30.26:36810] with ContainerStateMachine:uninitialized
2019-10-09 08:12:45,222 [pool-403-thread-1] INFO  server.RaftServerConfigKeys (ConfUtils.java:logGet(43)) - raft.server.rpc.timeout.min = 5s (custom)
2019-10-09 08:12:45,222 [pool-403-thread-1] INFO  server.RaftServerConfigKeys (ConfUtils.java:logGet(43)) - raft.server.rpc.timeout.max = 5200ms (custom)
2019-10-09 08:12:45,222 [pool-403-thread-1] INFO  server.RaftServerConfigKeys (ConfUtils.java:logGet(43)) - raft.server.rpcslowness.timeout = 120s (custom)
2019-10-09 08:12:45,222 [pool-403-thread-1] INFO  server.RaftServerConfigKeys (ConfUtils.java:logGet(43)) - raft.server.sleep.deviation.threshold = 300 (default)
2019-10-09 08:12:45,222 [pool-403-thread-1] INFO  server.RaftServerConfigKeys (ConfUtils.java:logGet(43)) - raft.server.log.appender.install.snapshot.enabled = false (custom)
2019-10-09 08:12:45,222 [pool-403-thread-1] INFO  impl.RaftServerImpl (ServerState.java:<init>(103)) - 3bc82a09-eb4e-4191-b983-4b4db2cc119a@group-E339838B6863: ConfigurationManager, init=-1: [3bc82a09-eb4e-4191-b983-4b4db2cc119a:192.168.30.26:36810], old=null, confs=<EMPTY_MAP>
2019-10-09 08:12:45,223 [pool-403-thread-1] INFO  server.RaftServerConfigKeys (ConfUtils.java:logGet(43)) - raft.server.storage.dir = [/workdir/hadoop-ozone/integration-test/target/test-dir/MiniOzoneClusterImpl-5209a03e-550f-4d6f-8cfb-5acb6562be12/datanode-2/data/ratis] (custom)
2019-10-09 08:12:45,223 [pool-403-thread-1] INFO  server.RaftServerConfigKeys (ConfUtils.java:logGet(43)) - raft.server.log.corruption.policy = EXCEPTION (default)
2019-10-09 08:12:45,223 [pool-403-thread-1] INFO  storage.RaftStorageDirectory (RaftStorageDirectory.java:analyzeStorage(246)) - The storage directory /workdir/hadoop-ozone/integration-test/target/test-dir/MiniOzoneClusterImpl-5209a03e-550f-4d6f-8cfb-5acb6562be12/datanode-2/data/ratis/e6b065c8-e272-4beb-9eae-e339838b6863 does not exist. Creating ...
2019-10-09 08:12:45,235 [pool-403-thread-1] INFO  storage.RaftStorageDirectory (RaftStorageDirectory.java:tryLock(328)) - Lock on /workdir/hadoop-ozone/integration-test/target/test-dir/MiniOzoneClusterImpl-5209a03e-550f-4d6f-8cfb-5acb6562be12/datanode-2/data/ratis/e6b065c8-e272-4beb-9eae-e339838b6863/in_use.lock acquired by nodename 13016@pr-hdds-2267-jsbhp-248048675
2019-10-09 08:12:45,238 [pool-403-thread-1] INFO  storage.RaftStorage (RaftStorage.java:format(84)) - Storage directory /workdir/hadoop-ozone/integration-test/target/test-dir/MiniOzoneClusterImpl-5209a03e-550f-4d6f-8cfb-5acb6562be12/datanode-2/data/ratis/e6b065c8-e272-4beb-9eae-e339838b6863 has been successfully formatted.
2019-10-09 08:12:45,238 [pool-403-thread-1] INFO  ratis.ContainerStateMachine (ContainerStateMachine.java:loadSnapshot(231)) - group-E339838B6863: The snapshot info is null. Setting the last applied indexto:(t:0, i:~)
2019-10-09 08:12:45,238 [pool-403-thread-1] INFO  server.RaftServerConfigKeys (ConfUtils.java:logGet(43)) - raft.server.notification.no-leader.timeout = 120s (custom)
2019-10-09 08:12:45,238 [pool-403-thread-1] INFO  server.RaftServerConfigKeys (ConfUtils.java:logGet(43)) - raft.server.log.use.memory = false (default)
2019-10-09 08:12:45,238 [pool-403-thread-1] INFO  server.RaftServerConfigKeys (ConfUtils.java:logGet(43)) - raft.server.log.purge.gap = 1000000 (custom)
2019-10-09 08:12:45,239 [pool-403-thread-1] INFO  server.RaftServerConfigKeys (ConfUtils.java:logGet(43)) - raft.server.log.appender.buffer.byte-limit = 33554432 (custom)
2019-10-09 08:12:45,239 [pool-403-thread-1] INFO  server.RaftServerConfigKeys (ConfUtils.java:logGet(43)) - raft.server.log.segment.size.max = 1048576 (custom)
2019-10-09 08:12:45,240 [pool-403-thread-1] INFO  server.RaftServerConfigKeys (ConfUtils.java:logGet(43)) - raft.server.log.segment.cache.num.max = 2 (custom)
2019-10-09 08:12:45,240 [pool-403-thread-1] INFO  segmented.SegmentedRaftLogWorker (SegmentedRaftLogWorker.java:<init>(173)) - new 3bc82a09-eb4e-4191-b983-4b4db2cc119a@group-E339838B6863-SegmentedRaftLogWorker for RaftStorage:Storage Directory /workdir/hadoop-ozone/integration-test/target/test-dir/MiniOzoneClusterImpl-5209a03e-550f-4d6f-8cfb-5acb6562be12/datanode-2/data/ratis/e6b065c8-e272-4beb-9eae-e339838b6863
2019-10-09 08:12:45,240 [pool-403-thread-1] INFO  server.RaftServerConfigKeys (ConfUtils.java:logGet(43)) - raft.server.log.queue.byte-limit = 2147483647 (custom)
2019-10-09 08:12:45,240 [pool-403-thread-1] INFO  server.RaftServerConfigKeys (ConfUtils.java:logGet(43)) - raft.server.log.queue.element-limit = 1024 (custom)
2019-10-09 08:12:45,240 [pool-403-thread-1] INFO  server.RaftServerConfigKeys (ConfUtils.java:logGet(43)) - raft.server.log.segment.size.max = 1048576 (custom)
2019-10-09 08:12:45,240 [pool-403-thread-1] INFO  server.RaftServerConfigKeys (ConfUtils.java:logGet(43)) - raft.server.log.preallocated.size = 16384 (custom)
2019-10-09 08:12:45,241 [pool-403-thread-1] INFO  server.RaftServerConfigKeys (ConfUtils.java:logGet(43)) - raft.server.log.write.buffer.size = 33554432 (custom)
2019-10-09 08:12:45,241 [pool-403-thread-1] INFO  server.RaftServerConfigKeys (ConfUtils.java:logGet(43)) - raft.server.log.force.sync.num = 128 (default)
2019-10-09 08:12:45,241 [pool-403-thread-1] INFO  server.RaftServerConfigKeys (ConfUtils.java:logGet(43)) - raft.server.log.statemachine.data.sync = true (default)
2019-10-09 08:12:45,241 [pool-403-thread-1] INFO  server.RaftServerConfigKeys (ConfUtils.java:logGet(43)) - raft.server.log.statemachine.data.sync.timeout = 10s (default)
2019-10-09 08:12:45,241 [pool-403-thread-1] INFO  server.RaftServerConfigKeys (ConfUtils.java:logGet(43)) - raft.server.log.statemachine.data.sync.timeout.retry = -1 (default)
2019-10-09 08:12:45,241 [pool-403-thread-1] INFO  server.RaftServerConfigKeys (ConfUtils.java:logGet(43)) - raft.server.log.statemachine.data.caching.enabled = true (custom)
2019-10-09 08:12:45,241 [pool-403-thread-1] INFO  segmented.SegmentedRaftLogWorker (SegmentedRaftLogWorker.java:lambda$new$0(128)) - 3bc82a09-eb4e-4191-b983-4b4db2cc119a@group-E339838B6863-SegmentedRaftLogWorker: flushIndex: setUnconditionally 0 -> -1
2019-10-09 08:12:45,242 [pool-403-thread-1] INFO  server.RaftServerConfigKeys (ConfUtils.java:logGet(43)) - raft.server.snapshot.auto.trigger.enabled = true (custom)
2019-10-09 08:12:45,242 [pool-403-thread-1] INFO  server.RaftServerConfigKeys (ConfUtils.java:logGet(43)) - raft.server.snapshot.auto.trigger.threshold = 10000 (custom)
2019-10-09 08:12:45,242 [pool-403-thread-1] INFO  server.RaftServerConfigKeys (ConfUtils.java:logGet(43)) - raft.server.snapshot.retention.file.num = 5 (custom)
2019-10-09 08:12:45,242 [pool-403-thread-1] INFO  server.RaftServerConfigKeys (ConfUtils.java:logGet(43)) - raft.server.retrycache.expirytime = 600000ms (custom)
2019-10-09 08:12:45,243 [pool-403-thread-1] INFO  impl.RaftServerImpl (RaftServerImpl.java:start(181)) - 3bc82a09-eb4e-4191-b983-4b4db2cc119a@group-E339838B6863: start as a follower, conf=-1: [3bc82a09-eb4e-4191-b983-4b4db2cc119a:192.168.30.26:36810], old=null
2019-10-09 08:12:45,243 [pool-403-thread-1] INFO  impl.RaftServerImpl (RaftServerImpl.java:setRole(170)) - 3bc82a09-eb4e-4191-b983-4b4db2cc119a@group-E339838B6863: changes role from      null to FOLLOWER at term 0 for startAsFollower
2019-10-09 08:12:45,243 [pool-403-thread-1] INFO  impl.RoleInfo (RoleInfo.java:updateAndGet(143)) - 3bc82a09-eb4e-4191-b983-4b4db2cc119a: start FollowerState
2019-10-09 08:12:45,244 [pool-403-thread-1] INFO  util.JmxRegister (JmxRegister.java:tryRegister(44)) - Successfully registered JMX Bean with object name Ratis:service=RaftServer,group=group-E339838B6863,id=3bc82a09-eb4e-4191-b983-4b4db2cc119a
2019-10-09 08:12:45,247 [RatisPipelineUtilsThread] INFO  pipeline.PipelineStateManager (PipelineStateManager.java:addPipeline(56)) - Created pipeline Pipeline[ Id: e6b065c8-e272-4beb-9eae-e339838b6863, Nodes: 3bc82a09-eb4e-4191-b983-4b4db2cc119a{ip: 192.168.30.26, host: pr-hdds-2267-jsbhp-248048675, networkLocation: /default-rack, certSerialId: null}, Type:RATIS, Factor:ONE, State:OPEN]
2019-10-09 08:12:45,258 [grpc-default-executor-8] INFO  impl.RaftServerProxy (RaftServerProxy.java:addNew(89)) - 3bc82a09-eb4e-4191-b983-4b4db2cc119a: addNew group-8B014107F92B:[3bc82a09-eb4e-4191-b983-4b4db2cc119a:192.168.30.26:36810, 4f5831d1-4364-49f1-869b-a9f19d711711:192.168.30.26:39207, 9b4ba789-db5f-4635-b70b-3632acd6cf18:192.168.30.26:42585] returns group-8B014107F92B:java.util.concurrent.CompletableFuture@2efc4ee6[Not completed]
2019-10-09 08:12:45,259 [grpc-default-executor-8] INFO  impl.RaftServerProxy (RaftServerProxy.java:addNew(89)) - 9b4ba789-db5f-4635-b70b-3632acd6cf18: addNew group-8B014107F92B:[3bc82a09-eb4e-4191-b983-4b4db2cc119a:192.168.30.26:36810, 4f5831d1-4364-49f1-869b-a9f19d711711:192.168.30.26:39207, 9b4ba789-db5f-4635-b70b-3632acd6cf18:192.168.30.26:42585] returns group-8B014107F92B:java.util.concurrent.CompletableFuture@6287a9[Not completed]
2019-10-09 08:12:45,259 [grpc-default-executor-7] INFO  impl.RaftServerProxy (RaftServerProxy.java:addNew(89)) - 4f5831d1-4364-49f1-869b-a9f19d711711: addNew group-8B014107F92B:[3bc82a09-eb4e-4191-b983-4b4db2cc119a:192.168.30.26:36810, 4f5831d1-4364-49f1-869b-a9f19d711711:192.168.30.26:39207, 9b4ba789-db5f-4635-b70b-3632acd6cf18:192.168.30.26:42585] returns group-8B014107F92B:java.util.concurrent.CompletableFuture@1d69c248[Not completed]
2019-10-09 08:12:45,259 [pool-403-thread-1] INFO  impl.RaftServerImpl (RaftServerImpl.java:<init>(95)) - 3bc82a09-eb4e-4191-b983-4b4db2cc119a: new RaftServerImpl for group-8B014107F92B:[3bc82a09-eb4e-4191-b983-4b4db2cc119a:192.168.30.26:36810, 4f5831d1-4364-49f1-869b-a9f19d711711:192.168.30.26:39207, 9b4ba789-db5f-4635-b70b-3632acd6cf18:192.168.30.26:42585] with ContainerStateMachine:uninitialized
2019-10-09 08:12:45,259 [pool-403-thread-1] INFO  server.RaftServerConfigKeys (ConfUtils.java:logGet(43)) - raft.server.rpc.timeout.min = 5s (custom)
2019-10-09 08:12:45,259 [pool-403-thread-1] INFO  server.RaftServerConfigKeys (ConfUtils.java:logGet(43)) - raft.server.rpc.timeout.max = 5200ms (custom)
2019-10-09 08:12:45,259 [pool-403-thread-1] INFO  server.RaftServerConfigKeys (ConfUtils.java:logGet(43)) - raft.server.rpcslowness.timeout = 120s (custom)
2019-10-09 08:12:45,259 [pool-403-thread-1] INFO  server.RaftServerConfigKeys (ConfUtils.java:logGet(43)) - raft.server.sleep.deviation.threshold = 300 (default)
2019-10-09 08:12:45,259 [pool-403-thread-1] INFO  server.RaftServerConfigKeys (ConfUtils.java:logGet(43)) - raft.server.log.appender.install.snapshot.enabled = false (custom)
2019-10-09 08:12:45,259 [pool-403-thread-1] INFO  impl.RaftServerImpl (ServerState.java:<init>(103)) - 3bc82a09-eb4e-4191-b983-4b4db2cc119a@group-8B014107F92B: ConfigurationManager, init=-1: [3bc82a09-eb4e-4191-b983-4b4db2cc119a:192.168.30.26:36810, 4f5831d1-4364-49f1-869b-a9f19d711711:192.168.30.26:39207, 9b4ba789-db5f-4635-b70b-3632acd6cf18:192.168.30.26:42585], old=null, confs=<EMPTY_MAP>
2019-10-09 08:12:45,259 [pool-403-thread-1] INFO  server.RaftServerConfigKeys (ConfUtils.java:logGet(43)) - raft.server.storage.dir = [/workdir/hadoop-ozone/integration-test/target/test-dir/MiniOzoneClusterImpl-5209a03e-550f-4d6f-8cfb-5acb6562be12/datanode-2/data/ratis] (custom)
2019-10-09 08:12:45,260 [pool-403-thread-1] INFO  server.RaftServerConfigKeys (ConfUtils.java:logGet(43)) - raft.server.log.corruption.policy = EXCEPTION (default)
2019-10-09 08:12:45,260 [pool-383-thread-1] INFO  impl.RaftServerImpl (RaftServerImpl.java:<init>(95)) - 4f5831d1-4364-49f1-869b-a9f19d711711: new RaftServerImpl for group-8B014107F92B:[3bc82a09-eb4e-4191-b983-4b4db2cc119a:192.168.30.26:36810, 4f5831d1-4364-49f1-869b-a9f19d711711:192.168.30.26:39207, 9b4ba789-db5f-4635-b70b-3632acd6cf18:192.168.30.26:42585] with ContainerStateMachine:uninitialized
2019-10-09 08:12:45,260 [pool-403-thread-1] INFO  storage.RaftStorageDirectory (RaftStorageDirectory.java:analyzeStorage(246)) - The storage directory /workdir/hadoop-ozone/integration-test/target/test-dir/MiniOzoneClusterImpl-5209a03e-550f-4d6f-8cfb-5acb6562be12/datanode-2/data/ratis/2abede1e-5929-46bb-b6af-8b014107f92b does not exist. Creating ...
2019-10-09 08:12:45,260 [pool-383-thread-1] INFO  server.RaftServerConfigKeys (ConfUtils.java:logGet(43)) - raft.server.rpc.timeout.min = 5s (custom)
2019-10-09 08:12:45,260 [pool-383-thread-1] INFO  server.RaftServerConfigKeys (ConfUtils.java:logGet(43)) - raft.server.rpc.timeout.max = 5200ms (custom)
2019-10-09 08:12:45,260 [pool-383-thread-1] INFO  server.RaftServerConfigKeys (ConfUtils.java:logGet(43)) - raft.server.rpcslowness.timeout = 120s (custom)
2019-10-09 08:12:45,260 [pool-393-thread-1] INFO  impl.RaftServerImpl (RaftServerImpl.java:<init>(95)) - 9b4ba789-db5f-4635-b70b-3632acd6cf18: new RaftServerImpl for group-8B014107F92B:[3bc82a09-eb4e-4191-b983-4b4db2cc119a:192.168.30.26:36810, 4f5831d1-4364-49f1-869b-a9f19d711711:192.168.30.26:39207, 9b4ba789-db5f-4635-b70b-3632acd6cf18:192.168.30.26:42585] with ContainerStateMachine:uninitialized
2019-10-09 08:12:45,260 [pool-383-thread-1] INFO  server.RaftServerConfigKeys (ConfUtils.java:logGet(43)) - raft.server.sleep.deviation.threshold = 300 (default)
2019-10-09 08:12:45,261 [pool-393-thread-1] INFO  server.RaftServerConfigKeys (ConfUtils.java:logGet(43)) - raft.server.rpc.timeout.min = 5s (custom)
2019-10-09 08:12:45,261 [pool-383-thread-1] INFO  server.RaftServerConfigKeys (ConfUtils.java:logGet(43)) - raft.server.log.appender.install.snapshot.enabled = false (custom)
2019-10-09 08:12:45,261 [pool-393-thread-1] INFO  server.RaftServerConfigKeys (ConfUtils.java:logGet(43)) - raft.server.rpc.timeout.max = 5200ms (custom)
2019-10-09 08:12:45,261 [pool-383-thread-1] INFO  impl.RaftServerImpl (ServerState.java:<init>(103)) - 4f5831d1-4364-49f1-869b-a9f19d711711@group-8B014107F92B: ConfigurationManager, init=-1: [3bc82a09-eb4e-4191-b983-4b4db2cc119a:192.168.30.26:36810, 4f5831d1-4364-49f1-869b-a9f19d711711:192.168.30.26:39207, 9b4ba789-db5f-4635-b70b-3632acd6cf18:192.168.30.26:42585], old=null, confs=<EMPTY_MAP>
2019-10-09 08:12:45,261 [pool-393-thread-1] INFO  server.RaftServerConfigKeys (ConfUtils.java:logGet(43)) - raft.server.rpcslowness.timeout = 120s (custom)
2019-10-09 08:12:45,261 [pool-383-thread-1] INFO  server.RaftServerConfigKeys (ConfUtils.java:logGet(43)) - raft.server.storage.dir = [/workdir/hadoop-ozone/integration-test/target/test-dir/MiniOzoneClusterImpl-5209a03e-550f-4d6f-8cfb-5acb6562be12/datanode-0/data/ratis] (custom)
2019-10-09 08:12:45,261 [pool-393-thread-1] INFO  server.RaftServerConfigKeys (ConfUtils.java:logGet(43)) - raft.server.sleep.deviation.threshold = 300 (default)
2019-10-09 08:12:45,261 [pool-383-thread-1] INFO  server.RaftServerConfigKeys (ConfUtils.java:logGet(43)) - raft.server.log.corruption.policy = EXCEPTION (default)
2019-10-09 08:12:45,262 [pool-393-thread-1] INFO  server.RaftServerConfigKeys (ConfUtils.java:logGet(43)) - raft.server.log.appender.install.snapshot.enabled = false (custom)
2019-10-09 08:12:45,262 [pool-383-thread-1] INFO  storage.RaftStorageDirectory (RaftStorageDirectory.java:analyzeStorage(246)) - The storage directory /workdir/hadoop-ozone/integration-test/target/test-dir/MiniOzoneClusterImpl-5209a03e-550f-4d6f-8cfb-5acb6562be12/datanode-0/data/ratis/2abede1e-5929-46bb-b6af-8b014107f92b does not exist. Creating ...
2019-10-09 08:12:45,262 [pool-393-thread-1] INFO  impl.RaftServerImpl (ServerState.java:<init>(103)) - 9b4ba789-db5f-4635-b70b-3632acd6cf18@group-8B014107F92B: ConfigurationManager, init=-1: [3bc82a09-eb4e-4191-b983-4b4db2cc119a:192.168.30.26:36810, 4f5831d1-4364-49f1-869b-a9f19d711711:192.168.30.26:39207, 9b4ba789-db5f-4635-b70b-3632acd6cf18:192.168.30.26:42585], old=null, confs=<EMPTY_MAP>
2019-10-09 08:12:45,262 [pool-393-thread-1] INFO  server.RaftServerConfigKeys (ConfUtils.java:logGet(43)) - raft.server.storage.dir = [/workdir/hadoop-ozone/integration-test/target/test-dir/MiniOzoneClusterImpl-5209a03e-550f-4d6f-8cfb-5acb6562be12/datanode-1/data/ratis] (custom)
2019-10-09 08:12:45,262 [pool-393-thread-1] INFO  server.RaftServerConfigKeys (ConfUtils.java:logGet(43)) - raft.server.log.corruption.policy = EXCEPTION (default)
2019-10-09 08:12:45,263 [pool-393-thread-1] INFO  storage.RaftStorageDirectory (RaftStorageDirectory.java:analyzeStorage(246)) - The storage directory /workdir/hadoop-ozone/integration-test/target/test-dir/MiniOzoneClusterImpl-5209a03e-550f-4d6f-8cfb-5acb6562be12/datanode-1/data/ratis/2abede1e-5929-46bb-b6af-8b014107f92b does not exist. Creating ...
2019-10-09 08:12:45,265 [pool-403-thread-1] INFO  storage.RaftStorageDirectory (RaftStorageDirectory.java:tryLock(328)) - Lock on /workdir/hadoop-ozone/integration-test/target/test-dir/MiniOzoneClusterImpl-5209a03e-550f-4d6f-8cfb-5acb6562be12/datanode-2/data/ratis/2abede1e-5929-46bb-b6af-8b014107f92b/in_use.lock acquired by nodename 13016@pr-hdds-2267-jsbhp-248048675
2019-10-09 08:12:45,265 [pool-383-thread-1] INFO  storage.RaftStorageDirectory (RaftStorageDirectory.java:tryLock(328)) - Lock on /workdir/hadoop-ozone/integration-test/target/test-dir/MiniOzoneClusterImpl-5209a03e-550f-4d6f-8cfb-5acb6562be12/datanode-0/data/ratis/2abede1e-5929-46bb-b6af-8b014107f92b/in_use.lock acquired by nodename 13016@pr-hdds-2267-jsbhp-248048675
2019-10-09 08:12:45,268 [pool-393-thread-1] INFO  storage.RaftStorageDirectory (RaftStorageDirectory.java:tryLock(328)) - Lock on /workdir/hadoop-ozone/integration-test/target/test-dir/MiniOzoneClusterImpl-5209a03e-550f-4d6f-8cfb-5acb6562be12/datanode-1/data/ratis/2abede1e-5929-46bb-b6af-8b014107f92b/in_use.lock acquired by nodename 13016@pr-hdds-2267-jsbhp-248048675
2019-10-09 08:12:45,268 [pool-403-thread-1] INFO  storage.RaftStorage (RaftStorage.java:format(84)) - Storage directory /workdir/hadoop-ozone/integration-test/target/test-dir/MiniOzoneClusterImpl-5209a03e-550f-4d6f-8cfb-5acb6562be12/datanode-2/data/ratis/2abede1e-5929-46bb-b6af-8b014107f92b has been successfully formatted.
2019-10-09 08:12:45,269 [pool-403-thread-1] INFO  ratis.ContainerStateMachine (ContainerStateMachine.java:loadSnapshot(231)) - group-8B014107F92B: The snapshot info is null. Setting the last applied indexto:(t:0, i:~)
2019-10-09 08:12:45,269 [pool-403-thread-1] INFO  server.RaftServerConfigKeys (ConfUtils.java:logGet(43)) - raft.server.notification.no-leader.timeout = 120s (custom)
2019-10-09 08:12:45,269 [pool-403-thread-1] INFO  server.RaftServerConfigKeys (ConfUtils.java:logGet(43)) - raft.server.log.use.memory = false (default)
2019-10-09 08:12:45,269 [pool-403-thread-1] INFO  server.RaftServerConfigKeys (ConfUtils.java:logGet(43)) - raft.server.log.purge.gap = 1000000 (custom)
2019-10-09 08:12:45,269 [pool-403-thread-1] INFO  server.RaftServerConfigKeys (ConfUtils.java:logGet(43)) - raft.server.log.appender.buffer.byte-limit = 33554432 (custom)
2019-10-09 08:12:45,269 [pool-403-thread-1] INFO  server.RaftServerConfigKeys (ConfUtils.java:logGet(43)) - raft.server.log.segment.size.max = 1048576 (custom)
2019-10-09 08:12:45,270 [pool-403-thread-1] INFO  server.RaftServerConfigKeys (ConfUtils.java:logGet(43)) - raft.server.log.segment.cache.num.max = 2 (custom)
2019-10-09 08:12:45,270 [pool-403-thread-1] INFO  segmented.SegmentedRaftLogWorker (SegmentedRaftLogWorker.java:<init>(173)) - new 3bc82a09-eb4e-4191-b983-4b4db2cc119a@group-8B014107F92B-SegmentedRaftLogWorker for RaftStorage:Storage Directory /workdir/hadoop-ozone/integration-test/target/test-dir/MiniOzoneClusterImpl-5209a03e-550f-4d6f-8cfb-5acb6562be12/datanode-2/data/ratis/2abede1e-5929-46bb-b6af-8b014107f92b
2019-10-09 08:12:45,270 [pool-403-thread-1] INFO  server.RaftServerConfigKeys (ConfUtils.java:logGet(43)) - raft.server.log.queue.byte-limit = 2147483647 (custom)
2019-10-09 08:12:45,270 [pool-403-thread-1] INFO  server.RaftServerConfigKeys (ConfUtils.java:logGet(43)) - raft.server.log.queue.element-limit = 1024 (custom)
2019-10-09 08:12:45,270 [pool-403-thread-1] INFO  server.RaftServerConfigKeys (ConfUtils.java:logGet(43)) - raft.server.log.segment.size.max = 1048576 (custom)
2019-10-09 08:12:45,270 [pool-403-thread-1] INFO  server.RaftServerConfigKeys (ConfUtils.java:logGet(43)) - raft.server.log.preallocated.size = 16384 (custom)
2019-10-09 08:12:45,270 [pool-403-thread-1] INFO  server.RaftServerConfigKeys (ConfUtils.java:logGet(43)) - raft.server.log.write.buffer.size = 33554432 (custom)
2019-10-09 08:12:45,270 [pool-403-thread-1] INFO  server.RaftServerConfigKeys (ConfUtils.java:logGet(43)) - raft.server.log.force.sync.num = 128 (default)
2019-10-09 08:12:45,270 [pool-403-thread-1] INFO  server.RaftServerConfigKeys (ConfUtils.java:logGet(43)) - raft.server.log.statemachine.data.sync = true (default)
2019-10-09 08:12:45,271 [pool-403-thread-1] INFO  server.RaftServerConfigKeys (ConfUtils.java:logGet(43)) - raft.server.log.statemachine.data.sync.timeout = 10s (default)
2019-10-09 08:12:45,271 [pool-383-thread-1] INFO  storage.RaftStorage (RaftStorage.java:format(84)) - Storage directory /workdir/hadoop-ozone/integration-test/target/test-dir/MiniOzoneClusterImpl-5209a03e-550f-4d6f-8cfb-5acb6562be12/datanode-0/data/ratis/2abede1e-5929-46bb-b6af-8b014107f92b has been successfully formatted.
2019-10-09 08:12:45,271 [pool-403-thread-1] INFO  server.RaftServerConfigKeys (ConfUtils.java:logGet(43)) - raft.server.log.statemachine.data.sync.timeout.retry = -1 (default)
2019-10-09 08:12:45,271 [pool-383-thread-1] INFO  ratis.ContainerStateMachine (ContainerStateMachine.java:loadSnapshot(231)) - group-8B014107F92B: The snapshot info is null. Setting the last applied indexto:(t:0, i:~)
2019-10-09 08:12:45,271 [pool-403-thread-1] INFO  server.RaftServerConfigKeys (ConfUtils.java:logGet(43)) - raft.server.log.statemachine.data.caching.enabled = true (custom)
2019-10-09 08:12:45,271 [pool-383-thread-1] INFO  server.RaftServerConfigKeys (ConfUtils.java:logGet(43)) - raft.server.notification.no-leader.timeout = 120s (custom)
2019-10-09 08:12:45,272 [pool-403-thread-1] INFO  segmented.SegmentedRaftLogWorker (SegmentedRaftLogWorker.java:lambda$new$0(128)) - 3bc82a09-eb4e-4191-b983-4b4db2cc119a@group-8B014107F92B-SegmentedRaftLogWorker: flushIndex: setUnconditionally 0 -> -1
2019-10-09 08:12:45,272 [pool-383-thread-1] INFO  server.RaftServerConfigKeys (ConfUtils.java:logGet(43)) - raft.server.log.use.memory = false (default)
2019-10-09 08:12:45,272 [pool-403-thread-1] INFO  server.RaftServerConfigKeys (ConfUtils.java:logGet(43)) - raft.server.snapshot.auto.trigger.enabled = true (custom)
2019-10-09 08:12:45,272 [pool-393-thread-1] INFO  storage.RaftStorage (RaftStorage.java:format(84)) - Storage directory /workdir/hadoop-ozone/integration-test/target/test-dir/MiniOzoneClusterImpl-5209a03e-550f-4d6f-8cfb-5acb6562be12/datanode-1/data/ratis/2abede1e-5929-46bb-b6af-8b014107f92b has been successfully formatted.
2019-10-09 08:12:45,272 [pool-403-thread-1] INFO  server.RaftServerConfigKeys (ConfUtils.java:logGet(43)) - raft.server.snapshot.auto.trigger.threshold = 10000 (custom)
2019-10-09 08:12:45,272 [pool-383-thread-1] INFO  server.RaftServerConfigKeys (ConfUtils.java:logGet(43)) - raft.server.log.purge.gap = 1000000 (custom)
2019-10-09 08:12:45,272 [pool-403-thread-1] INFO  server.RaftServerConfigKeys (ConfUtils.java:logGet(43)) - raft.server.snapshot.retention.file.num = 5 (custom)
2019-10-09 08:12:45,272 [pool-383-thread-1] INFO  server.RaftServerConfigKeys (ConfUtils.java:logGet(43)) - raft.server.log.appender.buffer.byte-limit = 33554432 (custom)
2019-10-09 08:12:45,273 [pool-393-thread-1] INFO  ratis.ContainerStateMachine (ContainerStateMachine.java:loadSnapshot(231)) - group-8B014107F92B: The snapshot info is null. Setting the last applied indexto:(t:0, i:~)
2019-10-09 08:12:45,272 [pool-403-thread-1] INFO  server.RaftServerConfigKeys (ConfUtils.java:logGet(43)) - raft.server.retrycache.expirytime = 600000ms (custom)
2019-10-09 08:12:45,273 [pool-393-thread-1] INFO  server.RaftServerConfigKeys (ConfUtils.java:logGet(43)) - raft.server.notification.no-leader.timeout = 120s (custom)
2019-10-09 08:12:45,273 [pool-383-thread-1] INFO  server.RaftServerConfigKeys (ConfUtils.java:logGet(43)) - raft.server.log.segment.size.max = 1048576 (custom)
2019-10-09 08:12:45,273 [pool-393-thread-1] INFO  server.RaftServerConfigKeys (ConfUtils.java:logGet(43)) - raft.server.log.use.memory = false (default)
2019-10-09 08:12:45,273 [pool-383-thread-1] INFO  server.RaftServerConfigKeys (ConfUtils.java:logGet(43)) - raft.server.log.segment.cache.num.max = 2 (custom)
2019-10-09 08:12:45,273 [pool-393-thread-1] INFO  server.RaftServerConfigKeys (ConfUtils.java:logGet(43)) - raft.server.log.purge.gap = 1000000 (custom)
2019-10-09 08:12:45,273 [pool-383-thread-1] INFO  segmented.SegmentedRaftLogWorker (SegmentedRaftLogWorker.java:<init>(173)) - new 4f5831d1-4364-49f1-869b-a9f19d711711@group-8B014107F92B-SegmentedRaftLogWorker for RaftStorage:Storage Directory /workdir/hadoop-ozone/integration-test/target/test-dir/MiniOzoneClusterImpl-5209a03e-550f-4d6f-8cfb-5acb6562be12/datanode-0/data/ratis/2abede1e-5929-46bb-b6af-8b014107f92b
2019-10-09 08:12:45,273 [pool-393-thread-1] INFO  server.RaftServerConfigKeys (ConfUtils.java:logGet(43)) - raft.server.log.appender.buffer.byte-limit = 33554432 (custom)
2019-10-09 08:12:45,273 [pool-383-thread-1] INFO  server.RaftServerConfigKeys (ConfUtils.java:logGet(43)) - raft.server.log.queue.byte-limit = 2147483647 (custom)
2019-10-09 08:12:45,273 [pool-393-thread-1] INFO  server.RaftServerConfigKeys (ConfUtils.java:logGet(43)) - raft.server.log.segment.size.max = 1048576 (custom)
2019-10-09 08:12:45,274 [pool-383-thread-1] INFO  server.RaftServerConfigKeys (ConfUtils.java:logGet(43)) - raft.server.log.queue.element-limit = 1024 (custom)
2019-10-09 08:12:45,274 [pool-393-thread-1] INFO  server.RaftServerConfigKeys (ConfUtils.java:logGet(43)) - raft.server.log.segment.cache.num.max = 2 (custom)
2019-10-09 08:12:45,274 [pool-383-thread-1] INFO  server.RaftServerConfigKeys (ConfUtils.java:logGet(43)) - raft.server.log.segment.size.max = 1048576 (custom)
2019-10-09 08:12:45,274 [pool-393-thread-1] INFO  segmented.SegmentedRaftLogWorker (SegmentedRaftLogWorker.java:<init>(173)) - new 9b4ba789-db5f-4635-b70b-3632acd6cf18@group-8B014107F92B-SegmentedRaftLogWorker for RaftStorage:Storage Directory /workdir/hadoop-ozone/integration-test/target/test-dir/MiniOzoneClusterImpl-5209a03e-550f-4d6f-8cfb-5acb6562be12/datanode-1/data/ratis/2abede1e-5929-46bb-b6af-8b014107f92b
2019-10-09 08:12:45,274 [pool-403-thread-1] INFO  impl.RaftServerImpl (RaftServerImpl.java:start(181)) - 3bc82a09-eb4e-4191-b983-4b4db2cc119a@group-8B014107F92B: start as a follower, conf=-1: [3bc82a09-eb4e-4191-b983-4b4db2cc119a:192.168.30.26:36810, 4f5831d1-4364-49f1-869b-a9f19d711711:192.168.30.26:39207, 9b4ba789-db5f-4635-b70b-3632acd6cf18:192.168.30.26:42585], old=null
2019-10-09 08:12:45,274 [pool-383-thread-1] INFO  server.RaftServerConfigKeys (ConfUtils.java:logGet(43)) - raft.server.log.preallocated.size = 16384 (custom)
2019-10-09 08:12:45,274 [pool-403-thread-1] INFO  impl.RaftServerImpl (RaftServerImpl.java:setRole(170)) - 3bc82a09-eb4e-4191-b983-4b4db2cc119a@group-8B014107F92B: changes role from      null to FOLLOWER at term 0 for startAsFollower
2019-10-09 08:12:45,274 [pool-393-thread-1] INFO  server.RaftServerConfigKeys (ConfUtils.java:logGet(43)) - raft.server.log.queue.byte-limit = 2147483647 (custom)
2019-10-09 08:12:45,275 [pool-403-thread-1] INFO  impl.RoleInfo (RoleInfo.java:updateAndGet(143)) - 3bc82a09-eb4e-4191-b983-4b4db2cc119a: start FollowerState
2019-10-09 08:12:45,274 [pool-383-thread-1] INFO  server.RaftServerConfigKeys (ConfUtils.java:logGet(43)) - raft.server.log.write.buffer.size = 33554432 (custom)
2019-10-09 08:12:45,275 [pool-383-thread-1] INFO  server.RaftServerConfigKeys (ConfUtils.java:logGet(43)) - raft.server.log.force.sync.num = 128 (default)
2019-10-09 08:12:45,275 [pool-393-thread-1] INFO  server.RaftServerConfigKeys (ConfUtils.java:logGet(43)) - raft.server.log.queue.element-limit = 1024 (custom)
2019-10-09 08:12:45,275 [pool-383-thread-1] INFO  server.RaftServerConfigKeys (ConfUtils.java:logGet(43)) - raft.server.log.statemachine.data.sync = true (default)
2019-10-09 08:12:45,275 [pool-403-thread-1] INFO  util.JmxRegister (JmxRegister.java:tryRegister(44)) - Successfully registered JMX Bean with object name Ratis:service=RaftServer,group=group-8B014107F92B,id=3bc82a09-eb4e-4191-b983-4b4db2cc119a
2019-10-09 08:12:45,275 [pool-383-thread-1] INFO  server.RaftServerConfigKeys (ConfUtils.java:logGet(43)) - raft.server.log.statemachine.data.sync.timeout = 10s (default)
2019-10-09 08:12:45,275 [pool-393-thread-1] INFO  server.RaftServerConfigKeys (ConfUtils.java:logGet(43)) - raft.server.log.segment.size.max = 1048576 (custom)
2019-10-09 08:12:45,276 [pool-383-thread-1] INFO  server.RaftServerConfigKeys (ConfUtils.java:logGet(43)) - raft.server.log.statemachine.data.sync.timeout.retry = -1 (default)
2019-10-09 08:12:45,276 [pool-393-thread-1] INFO  server.RaftServerConfigKeys (ConfUtils.java:logGet(43)) - raft.server.log.preallocated.size = 16384 (custom)
2019-10-09 08:12:45,276 [pool-383-thread-1] INFO  server.RaftServerConfigKeys (ConfUtils.java:logGet(43)) - raft.server.log.statemachine.data.caching.enabled = true (custom)
2019-10-09 08:12:45,276 [pool-393-thread-1] INFO  server.RaftServerConfigKeys (ConfUtils.java:logGet(43)) - raft.server.log.write.buffer.size = 33554432 (custom)
2019-10-09 08:12:45,276 [pool-393-thread-1] INFO  server.RaftServerConfigKeys (ConfUtils.java:logGet(43)) - raft.server.log.force.sync.num = 128 (default)
2019-10-09 08:12:45,276 [pool-383-thread-1] INFO  segmented.SegmentedRaftLogWorker (SegmentedRaftLogWorker.java:lambda$new$0(128)) - 4f5831d1-4364-49f1-869b-a9f19d711711@group-8B014107F92B-SegmentedRaftLogWorker: flushIndex: setUnconditionally 0 -> -1
2019-10-09 08:12:45,277 [pool-393-thread-1] INFO  server.RaftServerConfigKeys (ConfUtils.java:logGet(43)) - raft.server.log.statemachine.data.sync = true (default)
2019-10-09 08:12:45,277 [pool-393-thread-1] INFO  server.RaftServerConfigKeys (ConfUtils.java:logGet(43)) - raft.server.log.statemachine.data.sync.timeout = 10s (default)
2019-10-09 08:12:45,277 [pool-383-thread-1] INFO  server.RaftServerConfigKeys (ConfUtils.java:logGet(43)) - raft.server.snapshot.auto.trigger.enabled = true (custom)
2019-10-09 08:12:45,277 [pool-393-thread-1] INFO  server.RaftServerConfigKeys (ConfUtils.java:logGet(43)) - raft.server.log.statemachine.data.sync.timeout.retry = -1 (default)
2019-10-09 08:12:45,277 [pool-383-thread-1] INFO  server.RaftServerConfigKeys (ConfUtils.java:logGet(43)) - raft.server.snapshot.auto.trigger.threshold = 10000 (custom)
2019-10-09 08:12:45,277 [pool-393-thread-1] INFO  server.RaftServerConfigKeys (ConfUtils.java:logGet(43)) - raft.server.log.statemachine.data.caching.enabled = true (custom)
2019-10-09 08:12:45,277 [pool-383-thread-1] INFO  server.RaftServerConfigKeys (ConfUtils.java:logGet(43)) - raft.server.snapshot.retention.file.num = 5 (custom)
2019-10-09 08:12:45,278 [pool-383-thread-1] INFO  server.RaftServerConfigKeys (ConfUtils.java:logGet(43)) - raft.server.retrycache.expirytime = 600000ms (custom)
2019-10-09 08:12:45,278 [pool-393-thread-1] INFO  segmented.SegmentedRaftLogWorker (SegmentedRaftLogWorker.java:lambda$new$0(128)) - 9b4ba789-db5f-4635-b70b-3632acd6cf18@group-8B014107F92B-SegmentedRaftLogWorker: flushIndex: setUnconditionally 0 -> -1
2019-10-09 08:12:45,278 [pool-393-thread-1] INFO  server.RaftServerConfigKeys (ConfUtils.java:logGet(43)) - raft.server.snapshot.auto.trigger.enabled = true (custom)
2019-10-09 08:12:45,278 [pool-393-thread-1] INFO  server.RaftServerConfigKeys (ConfUtils.java:logGet(43)) - raft.server.snapshot.auto.trigger.threshold = 10000 (custom)
2019-10-09 08:12:45,279 [pool-393-thread-1] INFO  server.RaftServerConfigKeys (ConfUtils.java:logGet(43)) - raft.server.snapshot.retention.file.num = 5 (custom)
2019-10-09 08:12:45,279 [pool-393-thread-1] INFO  server.RaftServerConfigKeys (ConfUtils.java:logGet(43)) - raft.server.retrycache.expirytime = 600000ms (custom)
2019-10-09 08:12:45,280 [IPC Server handler 4 on 45398] INFO  net.NetworkTopology (NetworkTopologyImpl.java:add(111)) - Added a new node: /default-rack/e7b29786-3f7d-4673-b753-000d3cd04f78
2019-10-09 08:12:45,280 [pool-383-thread-1] INFO  impl.RaftServerImpl (RaftServerImpl.java:start(181)) - 4f5831d1-4364-49f1-869b-a9f19d711711@group-8B014107F92B: start as a follower, conf=-1: [3bc82a09-eb4e-4191-b983-4b4db2cc119a:192.168.30.26:36810, 4f5831d1-4364-49f1-869b-a9f19d711711:192.168.30.26:39207, 9b4ba789-db5f-4635-b70b-3632acd6cf18:192.168.30.26:42585], old=null
2019-10-09 08:12:45,280 [IPC Server handler 4 on 45398] INFO  node.SCMNodeManager (SCMNodeManager.java:register(268)) - Registered Data node : e7b29786-3f7d-4673-b753-000d3cd04f78{ip: 192.168.30.26, host: pr-hdds-2267-jsbhp-248048675, networkLocation: /default-rack, certSerialId: null}
2019-10-09 08:12:45,280 [pool-383-thread-1] INFO  impl.RaftServerImpl (RaftServerImpl.java:setRole(170)) - 4f5831d1-4364-49f1-869b-a9f19d711711@group-8B014107F92B: changes role from      null to FOLLOWER at term 0 for startAsFollower
2019-10-09 08:12:45,281 [pool-393-thread-1] INFO  impl.RaftServerImpl (RaftServerImpl.java:start(181)) - 9b4ba789-db5f-4635-b70b-3632acd6cf18@group-8B014107F92B: start as a follower, conf=-1: [3bc82a09-eb4e-4191-b983-4b4db2cc119a:192.168.30.26:36810, 4f5831d1-4364-49f1-869b-a9f19d711711:192.168.30.26:39207, 9b4ba789-db5f-4635-b70b-3632acd6cf18:192.168.30.26:42585], old=null
2019-10-09 08:12:45,281 [pool-383-thread-1] INFO  impl.RoleInfo (RoleInfo.java:updateAndGet(143)) - 4f5831d1-4364-49f1-869b-a9f19d711711: start FollowerState
2019-10-09 08:12:45,281 [pool-393-thread-1] INFO  impl.RaftServerImpl (RaftServerImpl.java:setRole(170)) - 9b4ba789-db5f-4635-b70b-3632acd6cf18@group-8B014107F92B: changes role from      null to FOLLOWER at term 0 for startAsFollower
2019-10-09 08:12:45,281 [pool-393-thread-1] INFO  impl.RoleInfo (RoleInfo.java:updateAndGet(143)) - 9b4ba789-db5f-4635-b70b-3632acd6cf18: start FollowerState
2019-10-09 08:12:45,281 [pool-383-thread-1] INFO  util.JmxRegister (JmxRegister.java:tryRegister(44)) - Successfully registered JMX Bean with object name Ratis:service=RaftServer,group=group-8B014107F92B,id=4f5831d1-4364-49f1-869b-a9f19d711711
2019-10-09 08:12:45,281 [pool-393-thread-1] INFO  util.JmxRegister (JmxRegister.java:tryRegister(44)) - Successfully registered JMX Bean with object name Ratis:service=RaftServer,group=group-8B014107F92B,id=9b4ba789-db5f-4635-b70b-3632acd6cf18
2019-10-09 08:12:45,286 [RatisPipelineUtilsThread] INFO  pipeline.PipelineStateManager (PipelineStateManager.java:addPipeline(56)) - Created pipeline Pipeline[ Id: 2abede1e-5929-46bb-b6af-8b014107f92b, Nodes: 4f5831d1-4364-49f1-869b-a9f19d711711{ip: 192.168.30.26, host: pr-hdds-2267-jsbhp-248048675, networkLocation: /default-rack, certSerialId: null}3bc82a09-eb4e-4191-b983-4b4db2cc119a{ip: 192.168.30.26, host: pr-hdds-2267-jsbhp-248048675, networkLocation: /default-rack, certSerialId: null}9b4ba789-db5f-4635-b70b-3632acd6cf18{ip: 192.168.30.26, host: pr-hdds-2267-jsbhp-248048675, networkLocation: /default-rack, certSerialId: null}, Type:RATIS, Factor:THREE, State:OPEN]
2019-10-09 08:12:45,377 [IPC Server handler 5 on 45398] INFO  net.NetworkTopology (NetworkTopologyImpl.java:add(111)) - Added a new node: /default-rack/3d9e0f47-152a-48be-9178-e6c63907b681
2019-10-09 08:12:45,377 [IPC Server handler 5 on 45398] INFO  node.SCMNodeManager (SCMNodeManager.java:register(268)) - Registered Data node : 3d9e0f47-152a-48be-9178-e6c63907b681{ip: 192.168.30.26, host: pr-hdds-2267-jsbhp-248048675, networkLocation: /default-rack, certSerialId: null}
2019-10-09 08:12:45,387 [grpc-default-executor-7] INFO  impl.RaftServerProxy (RaftServerProxy.java:addNew(89)) - 3d9e0f47-152a-48be-9178-e6c63907b681: addNew group-7A20D6D93933:[3d9e0f47-152a-48be-9178-e6c63907b681:192.168.30.26:34923] returns group-7A20D6D93933:java.util.concurrent.CompletableFuture@3957b3f0[Not completed]
2019-10-09 08:12:45,396 [pool-423-thread-1] INFO  impl.RaftServerImpl (RaftServerImpl.java:<init>(95)) - 3d9e0f47-152a-48be-9178-e6c63907b681: new RaftServerImpl for group-7A20D6D93933:[3d9e0f47-152a-48be-9178-e6c63907b681:192.168.30.26:34923] with ContainerStateMachine:uninitialized
2019-10-09 08:12:45,396 [pool-423-thread-1] INFO  server.RaftServerConfigKeys (ConfUtils.java:logGet(43)) - raft.server.rpc.timeout.min = 5s (custom)
2019-10-09 08:12:45,396 [pool-423-thread-1] INFO  server.RaftServerConfigKeys (ConfUtils.java:logGet(43)) - raft.server.rpc.timeout.max = 5200ms (custom)
2019-10-09 08:12:45,396 [pool-423-thread-1] INFO  server.RaftServerConfigKeys (ConfUtils.java:logGet(43)) - raft.server.rpcslowness.timeout = 120s (custom)
2019-10-09 08:12:45,397 [pool-423-thread-1] INFO  server.RaftServerConfigKeys (ConfUtils.java:logGet(43)) - raft.server.sleep.deviation.threshold = 300 (default)
2019-10-09 08:12:45,397 [pool-423-thread-1] INFO  server.RaftServerConfigKeys (ConfUtils.java:logGet(43)) - raft.server.log.appender.install.snapshot.enabled = false (custom)
2019-10-09 08:12:45,397 [pool-423-thread-1] INFO  impl.RaftServerImpl (ServerState.java:<init>(103)) - 3d9e0f47-152a-48be-9178-e6c63907b681@group-7A20D6D93933: ConfigurationManager, init=-1: [3d9e0f47-152a-48be-9178-e6c63907b681:192.168.30.26:34923], old=null, confs=<EMPTY_MAP>
2019-10-09 08:12:45,397 [pool-423-thread-1] INFO  server.RaftServerConfigKeys (ConfUtils.java:logGet(43)) - raft.server.storage.dir = [/workdir/hadoop-ozone/integration-test/target/test-dir/MiniOzoneClusterImpl-5209a03e-550f-4d6f-8cfb-5acb6562be12/datanode-4/data/ratis] (custom)
2019-10-09 08:12:45,398 [pool-423-thread-1] INFO  server.RaftServerConfigKeys (ConfUtils.java:logGet(43)) - raft.server.log.corruption.policy = EXCEPTION (default)
2019-10-09 08:12:45,398 [pool-423-thread-1] INFO  storage.RaftStorageDirectory (RaftStorageDirectory.java:analyzeStorage(246)) - The storage directory /workdir/hadoop-ozone/integration-test/target/test-dir/MiniOzoneClusterImpl-5209a03e-550f-4d6f-8cfb-5acb6562be12/datanode-4/data/ratis/b0c6d0da-fea8-4cc3-901b-7a20d6d93933 does not exist. Creating ...
2019-10-09 08:12:45,412 [pool-423-thread-1] INFO  storage.RaftStorageDirectory (RaftStorageDirectory.java:tryLock(328)) - Lock on /workdir/hadoop-ozone/integration-test/target/test-dir/MiniOzoneClusterImpl-5209a03e-550f-4d6f-8cfb-5acb6562be12/datanode-4/data/ratis/b0c6d0da-fea8-4cc3-901b-7a20d6d93933/in_use.lock acquired by nodename 13016@pr-hdds-2267-jsbhp-248048675
2019-10-09 08:12:45,434 [pool-423-thread-1] INFO  storage.RaftStorage (RaftStorage.java:format(84)) - Storage directory /workdir/hadoop-ozone/integration-test/target/test-dir/MiniOzoneClusterImpl-5209a03e-550f-4d6f-8cfb-5acb6562be12/datanode-4/data/ratis/b0c6d0da-fea8-4cc3-901b-7a20d6d93933 has been successfully formatted.
2019-10-09 08:12:45,435 [pool-423-thread-1] INFO  ratis.ContainerStateMachine (ContainerStateMachine.java:loadSnapshot(231)) - group-7A20D6D93933: The snapshot info is null. Setting the last applied indexto:(t:0, i:~)
2019-10-09 08:12:45,435 [pool-423-thread-1] INFO  server.RaftServerConfigKeys (ConfUtils.java:logGet(43)) - raft.server.notification.no-leader.timeout = 120s (custom)
2019-10-09 08:12:45,435 [pool-423-thread-1] INFO  server.RaftServerConfigKeys (ConfUtils.java:logGet(43)) - raft.server.log.use.memory = false (default)
2019-10-09 08:12:45,435 [pool-423-thread-1] INFO  server.RaftServerConfigKeys (ConfUtils.java:logGet(43)) - raft.server.log.purge.gap = 1000000 (custom)
2019-10-09 08:12:45,435 [pool-423-thread-1] INFO  server.RaftServerConfigKeys (ConfUtils.java:logGet(43)) - raft.server.log.appender.buffer.byte-limit = 33554432 (custom)
2019-10-09 08:12:45,435 [pool-423-thread-1] INFO  server.RaftServerConfigKeys (ConfUtils.java:logGet(43)) - raft.server.log.segment.size.max = 1048576 (custom)
2019-10-09 08:12:45,437 [pool-423-thread-1] INFO  server.RaftServerConfigKeys (ConfUtils.java:logGet(43)) - raft.server.log.segment.cache.num.max = 2 (custom)
2019-10-09 08:12:45,438 [pool-423-thread-1] INFO  segmented.SegmentedRaftLogWorker (SegmentedRaftLogWorker.java:<init>(173)) - new 3d9e0f47-152a-48be-9178-e6c63907b681@group-7A20D6D93933-SegmentedRaftLogWorker for RaftStorage:Storage Directory /workdir/hadoop-ozone/integration-test/target/test-dir/MiniOzoneClusterImpl-5209a03e-550f-4d6f-8cfb-5acb6562be12/datanode-4/data/ratis/b0c6d0da-fea8-4cc3-901b-7a20d6d93933
2019-10-09 08:12:45,438 [pool-423-thread-1] INFO  server.RaftServerConfigKeys (ConfUtils.java:logGet(43)) - raft.server.log.queue.byte-limit = 2147483647 (custom)
2019-10-09 08:12:45,438 [pool-423-thread-1] INFO  server.RaftServerConfigKeys (ConfUtils.java:logGet(43)) - raft.server.log.queue.element-limit = 1024 (custom)
2019-10-09 08:12:45,438 [pool-423-thread-1] INFO  server.RaftServerConfigKeys (ConfUtils.java:logGet(43)) - raft.server.log.segment.size.max = 1048576 (custom)
2019-10-09 08:12:45,438 [pool-423-thread-1] INFO  server.RaftServerConfigKeys (ConfUtils.java:logGet(43)) - raft.server.log.preallocated.size = 16384 (custom)
2019-10-09 08:12:45,438 [pool-423-thread-1] INFO  server.RaftServerConfigKeys (ConfUtils.java:logGet(43)) - raft.server.log.write.buffer.size = 33554432 (custom)
2019-10-09 08:12:45,438 [pool-423-thread-1] INFO  server.RaftServerConfigKeys (ConfUtils.java:logGet(43)) - raft.server.log.force.sync.num = 128 (default)
2019-10-09 08:12:45,438 [pool-423-thread-1] INFO  server.RaftServerConfigKeys (ConfUtils.java:logGet(43)) - raft.server.log.statemachine.data.sync = true (default)
2019-10-09 08:12:45,439 [pool-423-thread-1] INFO  server.RaftServerConfigKeys (ConfUtils.java:logGet(43)) - raft.server.log.statemachine.data.sync.timeout = 10s (default)
2019-10-09 08:12:45,439 [pool-423-thread-1] INFO  server.RaftServerConfigKeys (ConfUtils.java:logGet(43)) - raft.server.log.statemachine.data.sync.timeout.retry = -1 (default)
2019-10-09 08:12:45,439 [pool-423-thread-1] INFO  server.RaftServerConfigKeys (ConfUtils.java:logGet(43)) - raft.server.log.statemachine.data.caching.enabled = true (custom)
2019-10-09 08:12:45,440 [pool-423-thread-1] INFO  segmented.SegmentedRaftLogWorker (SegmentedRaftLogWorker.java:lambda$new$0(128)) - 3d9e0f47-152a-48be-9178-e6c63907b681@group-7A20D6D93933-SegmentedRaftLogWorker: flushIndex: setUnconditionally 0 -> -1
2019-10-09 08:12:45,440 [pool-423-thread-1] INFO  server.RaftServerConfigKeys (ConfUtils.java:logGet(43)) - raft.server.snapshot.auto.trigger.enabled = true (custom)
2019-10-09 08:12:45,440 [pool-423-thread-1] INFO  server.RaftServerConfigKeys (ConfUtils.java:logGet(43)) - raft.server.snapshot.auto.trigger.threshold = 10000 (custom)
2019-10-09 08:12:45,440 [pool-423-thread-1] INFO  server.RaftServerConfigKeys (ConfUtils.java:logGet(43)) - raft.server.snapshot.retention.file.num = 5 (custom)
2019-10-09 08:12:45,440 [pool-423-thread-1] INFO  server.RaftServerConfigKeys (ConfUtils.java:logGet(43)) - raft.server.retrycache.expirytime = 600000ms (custom)
2019-10-09 08:12:45,442 [pool-423-thread-1] INFO  impl.RaftServerImpl (RaftServerImpl.java:start(181)) - 3d9e0f47-152a-48be-9178-e6c63907b681@group-7A20D6D93933: start as a follower, conf=-1: [3d9e0f47-152a-48be-9178-e6c63907b681:192.168.30.26:34923], old=null
2019-10-09 08:12:45,442 [pool-423-thread-1] INFO  impl.RaftServerImpl (RaftServerImpl.java:setRole(170)) - 3d9e0f47-152a-48be-9178-e6c63907b681@group-7A20D6D93933: changes role from      null to FOLLOWER at term 0 for startAsFollower
2019-10-09 08:12:45,442 [pool-423-thread-1] INFO  impl.RoleInfo (RoleInfo.java:updateAndGet(143)) - 3d9e0f47-152a-48be-9178-e6c63907b681: start FollowerState
2019-10-09 08:12:45,443 [pool-423-thread-1] INFO  util.JmxRegister (JmxRegister.java:tryRegister(44)) - Successfully registered JMX Bean with object name Ratis:service=RaftServer,group=group-7A20D6D93933,id=3d9e0f47-152a-48be-9178-e6c63907b681
2019-10-09 08:12:45,444 [IPC Server handler 7 on 45398] INFO  net.NetworkTopology (NetworkTopologyImpl.java:add(111)) - Added a new node: /default-rack/bc80ec65-15ce-456f-b0ee-323fbae83cd2
2019-10-09 08:12:45,444 [IPC Server handler 7 on 45398] INFO  node.SCMNodeManager (SCMNodeManager.java:register(268)) - Registered Data node : bc80ec65-15ce-456f-b0ee-323fbae83cd2{ip: 192.168.30.26, host: pr-hdds-2267-jsbhp-248048675, networkLocation: /default-rack, certSerialId: null}
2019-10-09 08:12:45,447 [RatisPipelineUtilsThread] INFO  pipeline.PipelineStateManager (PipelineStateManager.java:addPipeline(56)) - Created pipeline Pipeline[ Id: b0c6d0da-fea8-4cc3-901b-7a20d6d93933, Nodes: 3d9e0f47-152a-48be-9178-e6c63907b681{ip: 192.168.30.26, host: pr-hdds-2267-jsbhp-248048675, networkLocation: /default-rack, certSerialId: null}, Type:RATIS, Factor:ONE, State:OPEN]
2019-10-09 08:12:45,454 [grpc-default-executor-7] INFO  impl.RaftServerProxy (RaftServerProxy.java:addNew(89)) - e7b29786-3f7d-4673-b753-000d3cd04f78: addNew group-6FDC12F66D5C:[e7b29786-3f7d-4673-b753-000d3cd04f78:192.168.30.26:33362] returns group-6FDC12F66D5C:java.util.concurrent.CompletableFuture@2ac14922[Not completed]
2019-10-09 08:12:45,455 [pool-413-thread-1] INFO  impl.RaftServerImpl (RaftServerImpl.java:<init>(95)) - e7b29786-3f7d-4673-b753-000d3cd04f78: new RaftServerImpl for group-6FDC12F66D5C:[e7b29786-3f7d-4673-b753-000d3cd04f78:192.168.30.26:33362] with ContainerStateMachine:uninitialized
2019-10-09 08:12:45,455 [pool-413-thread-1] INFO  server.RaftServerConfigKeys (ConfUtils.java:logGet(43)) - raft.server.rpc.timeout.min = 5s (custom)
2019-10-09 08:12:45,455 [pool-413-thread-1] INFO  server.RaftServerConfigKeys (ConfUtils.java:logGet(43)) - raft.server.rpc.timeout.max = 5200ms (custom)
2019-10-09 08:12:45,455 [pool-413-thread-1] INFO  server.RaftServerConfigKeys (ConfUtils.java:logGet(43)) - raft.server.rpcslowness.timeout = 120s (custom)
2019-10-09 08:12:45,455 [pool-413-thread-1] INFO  server.RaftServerConfigKeys (ConfUtils.java:logGet(43)) - raft.server.sleep.deviation.threshold = 300 (default)
2019-10-09 08:12:45,455 [pool-413-thread-1] INFO  server.RaftServerConfigKeys (ConfUtils.java:logGet(43)) - raft.server.log.appender.install.snapshot.enabled = false (custom)
2019-10-09 08:12:45,455 [pool-413-thread-1] INFO  impl.RaftServerImpl (ServerState.java:<init>(103)) - e7b29786-3f7d-4673-b753-000d3cd04f78@group-6FDC12F66D5C: ConfigurationManager, init=-1: [e7b29786-3f7d-4673-b753-000d3cd04f78:192.168.30.26:33362], old=null, confs=<EMPTY_MAP>
2019-10-09 08:12:45,456 [pool-413-thread-1] INFO  server.RaftServerConfigKeys (ConfUtils.java:logGet(43)) - raft.server.storage.dir = [/workdir/hadoop-ozone/integration-test/target/test-dir/MiniOzoneClusterImpl-5209a03e-550f-4d6f-8cfb-5acb6562be12/datanode-3/data/ratis] (custom)
2019-10-09 08:12:45,456 [pool-413-thread-1] INFO  server.RaftServerConfigKeys (ConfUtils.java:logGet(43)) - raft.server.log.corruption.policy = EXCEPTION (default)
2019-10-09 08:12:45,456 [pool-413-thread-1] INFO  storage.RaftStorageDirectory (RaftStorageDirectory.java:analyzeStorage(246)) - The storage directory /workdir/hadoop-ozone/integration-test/target/test-dir/MiniOzoneClusterImpl-5209a03e-550f-4d6f-8cfb-5acb6562be12/datanode-3/data/ratis/fd283652-75db-4221-9e73-6fdc12f66d5c does not exist. Creating ...
2019-10-09 08:12:45,469 [pool-413-thread-1] INFO  storage.RaftStorageDirectory (RaftStorageDirectory.java:tryLock(328)) - Lock on /workdir/hadoop-ozone/integration-test/target/test-dir/MiniOzoneClusterImpl-5209a03e-550f-4d6f-8cfb-5acb6562be12/datanode-3/data/ratis/fd283652-75db-4221-9e73-6fdc12f66d5c/in_use.lock acquired by nodename 13016@pr-hdds-2267-jsbhp-248048675
2019-10-09 08:12:45,483 [pool-413-thread-1] INFO  storage.RaftStorage (RaftStorage.java:format(84)) - Storage directory /workdir/hadoop-ozone/integration-test/target/test-dir/MiniOzoneClusterImpl-5209a03e-550f-4d6f-8cfb-5acb6562be12/datanode-3/data/ratis/fd283652-75db-4221-9e73-6fdc12f66d5c has been successfully formatted.
2019-10-09 08:12:45,483 [pool-413-thread-1] INFO  ratis.ContainerStateMachine (ContainerStateMachine.java:loadSnapshot(231)) - group-6FDC12F66D5C: The snapshot info is null. Setting the last applied indexto:(t:0, i:~)
2019-10-09 08:12:45,483 [pool-413-thread-1] INFO  server.RaftServerConfigKeys (ConfUtils.java:logGet(43)) - raft.server.notification.no-leader.timeout = 120s (custom)
2019-10-09 08:12:45,483 [pool-413-thread-1] INFO  server.RaftServerConfigKeys (ConfUtils.java:logGet(43)) - raft.server.log.use.memory = false (default)
2019-10-09 08:12:45,484 [pool-413-thread-1] INFO  server.RaftServerConfigKeys (ConfUtils.java:logGet(43)) - raft.server.log.purge.gap = 1000000 (custom)
2019-10-09 08:12:45,484 [pool-413-thread-1] INFO  server.RaftServerConfigKeys (ConfUtils.java:logGet(43)) - raft.server.log.appender.buffer.byte-limit = 33554432 (custom)
2019-10-09 08:12:45,484 [pool-413-thread-1] INFO  server.RaftServerConfigKeys (ConfUtils.java:logGet(43)) - raft.server.log.segment.size.max = 1048576 (custom)
2019-10-09 08:12:45,486 [pool-413-thread-1] INFO  server.RaftServerConfigKeys (ConfUtils.java:logGet(43)) - raft.server.log.segment.cache.num.max = 2 (custom)
2019-10-09 08:12:45,486 [pool-413-thread-1] INFO  segmented.SegmentedRaftLogWorker (SegmentedRaftLogWorker.java:<init>(173)) - new e7b29786-3f7d-4673-b753-000d3cd04f78@group-6FDC12F66D5C-SegmentedRaftLogWorker for RaftStorage:Storage Directory /workdir/hadoop-ozone/integration-test/target/test-dir/MiniOzoneClusterImpl-5209a03e-550f-4d6f-8cfb-5acb6562be12/datanode-3/data/ratis/fd283652-75db-4221-9e73-6fdc12f66d5c
2019-10-09 08:12:45,486 [pool-413-thread-1] INFO  server.RaftServerConfigKeys (ConfUtils.java:logGet(43)) - raft.server.log.queue.byte-limit = 2147483647 (custom)
2019-10-09 08:12:45,486 [pool-413-thread-1] INFO  server.RaftServerConfigKeys (ConfUtils.java:logGet(43)) - raft.server.log.queue.element-limit = 1024 (custom)
2019-10-09 08:12:45,486 [pool-413-thread-1] INFO  server.RaftServerConfigKeys (ConfUtils.java:logGet(43)) - raft.server.log.segment.size.max = 1048576 (custom)
2019-10-09 08:12:45,487 [pool-413-thread-1] INFO  server.RaftServerConfigKeys (ConfUtils.java:logGet(43)) - raft.server.log.preallocated.size = 16384 (custom)
2019-10-09 08:12:45,487 [pool-413-thread-1] INFO  server.RaftServerConfigKeys (ConfUtils.java:logGet(43)) - raft.server.log.write.buffer.size = 33554432 (custom)
2019-10-09 08:12:45,487 [pool-413-thread-1] INFO  server.RaftServerConfigKeys (ConfUtils.java:logGet(43)) - raft.server.log.force.sync.num = 128 (default)
2019-10-09 08:12:45,487 [pool-413-thread-1] INFO  server.RaftServerConfigKeys (ConfUtils.java:logGet(43)) - raft.server.log.statemachine.data.sync = true (default)
2019-10-09 08:12:45,487 [pool-413-thread-1] INFO  server.RaftServerConfigKeys (ConfUtils.java:logGet(43)) - raft.server.log.statemachine.data.sync.timeout = 10s (default)
2019-10-09 08:12:45,487 [pool-413-thread-1] INFO  server.RaftServerConfigKeys (ConfUtils.java:logGet(43)) - raft.server.log.statemachine.data.sync.timeout.retry = -1 (default)
2019-10-09 08:12:45,488 [pool-413-thread-1] INFO  server.RaftServerConfigKeys (ConfUtils.java:logGet(43)) - raft.server.log.statemachine.data.caching.enabled = true (custom)
2019-10-09 08:12:45,488 [pool-413-thread-1] INFO  segmented.SegmentedRaftLogWorker (SegmentedRaftLogWorker.java:lambda$new$0(128)) - e7b29786-3f7d-4673-b753-000d3cd04f78@group-6FDC12F66D5C-SegmentedRaftLogWorker: flushIndex: setUnconditionally 0 -> -1
2019-10-09 08:12:45,488 [pool-413-thread-1] INFO  server.RaftServerConfigKeys (ConfUtils.java:logGet(43)) - raft.server.snapshot.auto.trigger.enabled = true (custom)
2019-10-09 08:12:45,488 [pool-413-thread-1] INFO  server.RaftServerConfigKeys (ConfUtils.java:logGet(43)) - raft.server.snapshot.auto.trigger.threshold = 10000 (custom)
2019-10-09 08:12:45,489 [pool-413-thread-1] INFO  server.RaftServerConfigKeys (ConfUtils.java:logGet(43)) - raft.server.snapshot.retention.file.num = 5 (custom)
2019-10-09 08:12:45,489 [pool-413-thread-1] INFO  server.RaftServerConfigKeys (ConfUtils.java:logGet(43)) - raft.server.retrycache.expirytime = 600000ms (custom)
2019-10-09 08:12:45,490 [pool-413-thread-1] INFO  impl.RaftServerImpl (RaftServerImpl.java:start(181)) - e7b29786-3f7d-4673-b753-000d3cd04f78@group-6FDC12F66D5C: start as a follower, conf=-1: [e7b29786-3f7d-4673-b753-000d3cd04f78:192.168.30.26:33362], old=null
2019-10-09 08:12:45,490 [pool-413-thread-1] INFO  impl.RaftServerImpl (RaftServerImpl.java:setRole(170)) - e7b29786-3f7d-4673-b753-000d3cd04f78@group-6FDC12F66D5C: changes role from      null to FOLLOWER at term 0 for startAsFollower
2019-10-09 08:12:45,491 [pool-413-thread-1] INFO  impl.RoleInfo (RoleInfo.java:updateAndGet(143)) - e7b29786-3f7d-4673-b753-000d3cd04f78: start FollowerState
2019-10-09 08:12:45,491 [pool-413-thread-1] INFO  util.JmxRegister (JmxRegister.java:tryRegister(44)) - Successfully registered JMX Bean with object name Ratis:service=RaftServer,group=group-6FDC12F66D5C,id=e7b29786-3f7d-4673-b753-000d3cd04f78
2019-10-09 08:12:45,495 [RatisPipelineUtilsThread] INFO  pipeline.PipelineStateManager (PipelineStateManager.java:addPipeline(56)) - Created pipeline Pipeline[ Id: fd283652-75db-4221-9e73-6fdc12f66d5c, Nodes: e7b29786-3f7d-4673-b753-000d3cd04f78{ip: 192.168.30.26, host: pr-hdds-2267-jsbhp-248048675, networkLocation: /default-rack, certSerialId: null}, Type:RATIS, Factor:ONE, State:OPEN]
2019-10-09 08:12:45,503 [grpc-default-executor-7] INFO  impl.RaftServerProxy (RaftServerProxy.java:addNew(89)) - bc80ec65-15ce-456f-b0ee-323fbae83cd2: addNew group-185BDA018EC2:[bc80ec65-15ce-456f-b0ee-323fbae83cd2:192.168.30.26:44468] returns group-185BDA018EC2:java.util.concurrent.CompletableFuture@4203fca2[Not completed]
2019-10-09 08:12:45,505 [pool-433-thread-1] INFO  impl.RaftServerImpl (RaftServerImpl.java:<init>(95)) - bc80ec65-15ce-456f-b0ee-323fbae83cd2: new RaftServerImpl for group-185BDA018EC2:[bc80ec65-15ce-456f-b0ee-323fbae83cd2:192.168.30.26:44468] with ContainerStateMachine:uninitialized
2019-10-09 08:12:45,505 [pool-433-thread-1] INFO  server.RaftServerConfigKeys (ConfUtils.java:logGet(43)) - raft.server.rpc.timeout.min = 5s (custom)
2019-10-09 08:12:45,505 [pool-433-thread-1] INFO  server.RaftServerConfigKeys (ConfUtils.java:logGet(43)) - raft.server.rpc.timeout.max = 5200ms (custom)
2019-10-09 08:12:45,506 [pool-433-thread-1] INFO  server.RaftServerConfigKeys (ConfUtils.java:logGet(43)) - raft.server.rpcslowness.timeout = 120s (custom)
2019-10-09 08:12:45,506 [pool-433-thread-1] INFO  server.RaftServerConfigKeys (ConfUtils.java:logGet(43)) - raft.server.sleep.deviation.threshold = 300 (default)
2019-10-09 08:12:45,506 [pool-433-thread-1] INFO  server.RaftServerConfigKeys (ConfUtils.java:logGet(43)) - raft.server.log.appender.install.snapshot.enabled = false (custom)
2019-10-09 08:12:45,506 [pool-433-thread-1] INFO  impl.RaftServerImpl (ServerState.java:<init>(103)) - bc80ec65-15ce-456f-b0ee-323fbae83cd2@group-185BDA018EC2: ConfigurationManager, init=-1: [bc80ec65-15ce-456f-b0ee-323fbae83cd2:192.168.30.26:44468], old=null, confs=<EMPTY_MAP>
2019-10-09 08:12:45,506 [pool-433-thread-1] INFO  server.RaftServerConfigKeys (ConfUtils.java:logGet(43)) - raft.server.storage.dir = [/workdir/hadoop-ozone/integration-test/target/test-dir/MiniOzoneClusterImpl-5209a03e-550f-4d6f-8cfb-5acb6562be12/datanode-5/data/ratis] (custom)
2019-10-09 08:12:45,507 [pool-433-thread-1] INFO  server.RaftServerConfigKeys (ConfUtils.java:logGet(43)) - raft.server.log.corruption.policy = EXCEPTION (default)
2019-10-09 08:12:45,507 [pool-433-thread-1] INFO  storage.RaftStorageDirectory (RaftStorageDirectory.java:analyzeStorage(246)) - The storage directory /workdir/hadoop-ozone/integration-test/target/test-dir/MiniOzoneClusterImpl-5209a03e-550f-4d6f-8cfb-5acb6562be12/datanode-5/data/ratis/8f192be7-9ce2-4059-a239-185bda018ec2 does not exist. Creating ...
2019-10-09 08:12:45,508 [IPC Server handler 0 on 45398] INFO  net.NetworkTopology (NetworkTopologyImpl.java:add(111)) - Added a new node: /default-rack/ef577cf0-addd-4563-8a74-3cd2be3a2511
2019-10-09 08:12:45,508 [main] INFO  ozone.MiniOzoneClusterImpl (MiniOzoneClusterImpl.java:lambda$waitForClusterToBeReady$0(147)) - Cluster is ready. Got 7 of 7 DN Heartbeats.
2019-10-09 08:12:45,508 [IPC Server handler 0 on 45398] INFO  node.SCMNodeManager (SCMNodeManager.java:register(268)) - Registered Data node : ef577cf0-addd-4563-8a74-3cd2be3a2511{ip: 192.168.30.26, host: pr-hdds-2267-jsbhp-248048675, networkLocation: /default-rack, certSerialId: null}
2019-10-09 08:12:45,520 [pool-433-thread-1] INFO  storage.RaftStorageDirectory (RaftStorageDirectory.java:tryLock(328)) - Lock on /workdir/hadoop-ozone/integration-test/target/test-dir/MiniOzoneClusterImpl-5209a03e-550f-4d6f-8cfb-5acb6562be12/datanode-5/data/ratis/8f192be7-9ce2-4059-a239-185bda018ec2/in_use.lock acquired by nodename 13016@pr-hdds-2267-jsbhp-248048675
2019-10-09 08:12:45,540 [main] INFO  rpc.RpcClient (RpcClient.java:createVolume(272)) - Creating Volume: watchforcommithandlingtest, with jenkins1000 as owner.
2019-10-09 08:12:45,543 [pool-433-thread-1] INFO  storage.RaftStorage (RaftStorage.java:format(84)) - Storage directory /workdir/hadoop-ozone/integration-test/target/test-dir/MiniOzoneClusterImpl-5209a03e-550f-4d6f-8cfb-5acb6562be12/datanode-5/data/ratis/8f192be7-9ce2-4059-a239-185bda018ec2 has been successfully formatted.
2019-10-09 08:12:45,543 [pool-433-thread-1] INFO  ratis.ContainerStateMachine (ContainerStateMachine.java:loadSnapshot(231)) - group-185BDA018EC2: The snapshot info is null. Setting the last applied indexto:(t:0, i:~)
2019-10-09 08:12:45,543 [pool-433-thread-1] INFO  server.RaftServerConfigKeys (ConfUtils.java:logGet(43)) - raft.server.notification.no-leader.timeout = 120s (custom)
2019-10-09 08:12:45,543 [pool-433-thread-1] INFO  server.RaftServerConfigKeys (ConfUtils.java:logGet(43)) - raft.server.log.use.memory = false (default)
2019-10-09 08:12:45,544 [pool-433-thread-1] INFO  server.RaftServerConfigKeys (ConfUtils.java:logGet(43)) - raft.server.log.purge.gap = 1000000 (custom)
2019-10-09 08:12:45,544 [pool-433-thread-1] INFO  server.RaftServerConfigKeys (ConfUtils.java:logGet(43)) - raft.server.log.appender.buffer.byte-limit = 33554432 (custom)
2019-10-09 08:12:45,544 [IPC Server handler 2 on 33444] INFO  volume.OMVolumeCreateRequest (OMVolumeCreateRequest.java:validateAndUpdateCache(193)) - created volume:watchforcommithandlingtest for user:jenkins1000
2019-10-09 08:12:45,544 [pool-433-thread-1] INFO  server.RaftServerConfigKeys (ConfUtils.java:logGet(43)) - raft.server.log.segment.size.max = 1048576 (custom)
2019-10-09 08:12:45,546 [pool-433-thread-1] INFO  server.RaftServerConfigKeys (ConfUtils.java:logGet(43)) - raft.server.log.segment.cache.num.max = 2 (custom)
2019-10-09 08:12:45,548 [pool-433-thread-1] INFO  segmented.SegmentedRaftLogWorker (SegmentedRaftLogWorker.java:<init>(173)) - new bc80ec65-15ce-456f-b0ee-323fbae83cd2@group-185BDA018EC2-SegmentedRaftLogWorker for RaftStorage:Storage Directory /workdir/hadoop-ozone/integration-test/target/test-dir/MiniOzoneClusterImpl-5209a03e-550f-4d6f-8cfb-5acb6562be12/datanode-5/data/ratis/8f192be7-9ce2-4059-a239-185bda018ec2
2019-10-09 08:12:45,548 [pool-433-thread-1] INFO  server.RaftServerConfigKeys (ConfUtils.java:logGet(43)) - raft.server.log.queue.byte-limit = 2147483647 (custom)
2019-10-09 08:12:45,548 [pool-433-thread-1] INFO  server.RaftServerConfigKeys (ConfUtils.java:logGet(43)) - raft.server.log.queue.element-limit = 1024 (custom)
2019-10-09 08:12:45,548 [pool-433-thread-1] INFO  server.RaftServerConfigKeys (ConfUtils.java:logGet(43)) - raft.server.log.segment.size.max = 1048576 (custom)
2019-10-09 08:12:45,548 [pool-433-thread-1] INFO  server.RaftServerConfigKeys (ConfUtils.java:logGet(43)) - raft.server.log.preallocated.size = 16384 (custom)
2019-10-09 08:12:45,548 [pool-433-thread-1] INFO  server.RaftServerConfigKeys (ConfUtils.java:logGet(43)) - raft.server.log.write.buffer.size = 33554432 (custom)
2019-10-09 08:12:45,549 [pool-433-thread-1] INFO  server.RaftServerConfigKeys (ConfUtils.java:logGet(43)) - raft.server.log.force.sync.num = 128 (default)
2019-10-09 08:12:45,555 [pool-433-thread-1] INFO  server.RaftServerConfigKeys (ConfUtils.java:logGet(43)) - raft.server.log.statemachine.data.sync = true (default)
2019-10-09 08:12:45,555 [pool-433-thread-1] INFO  server.RaftServerConfigKeys (ConfUtils.java:logGet(43)) - raft.server.log.statemachine.data.sync.timeout = 10s (default)
2019-10-09 08:12:45,555 [pool-433-thread-1] INFO  server.RaftServerConfigKeys (ConfUtils.java:logGet(43)) - raft.server.log.statemachine.data.sync.timeout.retry = -1 (default)
2019-10-09 08:12:45,555 [main] INFO  rpc.RpcClient (RpcClient.java:createBucket(411)) - Creating Bucket: watchforcommithandlingtest/watchforcommithandlingtest, with Versioning false and Storage Type set to DISK and Encryption set to false 
2019-10-09 08:12:45,556 [pool-433-thread-1] INFO  server.RaftServerConfigKeys (ConfUtils.java:logGet(43)) - raft.server.log.statemachine.data.caching.enabled = true (custom)
2019-10-09 08:12:45,556 [pool-433-thread-1] INFO  segmented.SegmentedRaftLogWorker (SegmentedRaftLogWorker.java:lambda$new$0(128)) - bc80ec65-15ce-456f-b0ee-323fbae83cd2@group-185BDA018EC2-SegmentedRaftLogWorker: flushIndex: setUnconditionally 0 -> -1
2019-10-09 08:12:45,556 [pool-433-thread-1] INFO  server.RaftServerConfigKeys (ConfUtils.java:logGet(43)) - raft.server.snapshot.auto.trigger.enabled = true (custom)
2019-10-09 08:12:45,556 [pool-433-thread-1] INFO  server.RaftServerConfigKeys (ConfUtils.java:logGet(43)) - raft.server.snapshot.auto.trigger.threshold = 10000 (custom)
2019-10-09 08:12:45,556 [pool-433-thread-1] INFO  server.RaftServerConfigKeys (ConfUtils.java:logGet(43)) - raft.server.snapshot.retention.file.num = 5 (custom)
2019-10-09 08:12:45,557 [pool-433-thread-1] INFO  server.RaftServerConfigKeys (ConfUtils.java:logGet(43)) - raft.server.retrycache.expirytime = 600000ms (custom)
2019-10-09 08:12:45,559 [main] INFO  ozone.MiniOzoneClusterImpl (MiniOzoneClusterImpl.java:getStorageContainerLocationClient(234)) - Creating StorageContainerLocationProtocol RPC client with address /0.0.0.0:36886
2019-10-09 08:12:45,560 [pool-433-thread-1] INFO  impl.RaftServerImpl (RaftServerImpl.java:start(181)) - bc80ec65-15ce-456f-b0ee-323fbae83cd2@group-185BDA018EC2: start as a follower, conf=-1: [bc80ec65-15ce-456f-b0ee-323fbae83cd2:192.168.30.26:44468], old=null
2019-10-09 08:12:45,560 [pool-433-thread-1] INFO  impl.RaftServerImpl (RaftServerImpl.java:setRole(170)) - bc80ec65-15ce-456f-b0ee-323fbae83cd2@group-185BDA018EC2: changes role from      null to FOLLOWER at term 0 for startAsFollower
2019-10-09 08:12:45,560 [pool-433-thread-1] INFO  impl.RoleInfo (RoleInfo.java:updateAndGet(143)) - bc80ec65-15ce-456f-b0ee-323fbae83cd2: start FollowerState
2019-10-09 08:12:45,560 [pool-433-thread-1] INFO  util.JmxRegister (JmxRegister.java:tryRegister(44)) - Successfully registered JMX Bean with object name Ratis:service=RaftServer,group=group-185BDA018EC2,id=bc80ec65-15ce-456f-b0ee-323fbae83cd2
2019-10-09 08:12:45,564 [RatisPipelineUtilsThread] INFO  pipeline.PipelineStateManager (PipelineStateManager.java:addPipeline(56)) - Created pipeline Pipeline[ Id: 8f192be7-9ce2-4059-a239-185bda018ec2, Nodes: bc80ec65-15ce-456f-b0ee-323fbae83cd2{ip: 192.168.30.26, host: pr-hdds-2267-jsbhp-248048675, networkLocation: /default-rack, certSerialId: null}, Type:RATIS, Factor:ONE, State:OPEN]
2019-10-09 08:12:45,571 [grpc-default-executor-7] INFO  impl.RaftServerProxy (RaftServerProxy.java:addNew(89)) - ef577cf0-addd-4563-8a74-3cd2be3a2511: addNew group-E2E3E0CD0AF9:[ef577cf0-addd-4563-8a74-3cd2be3a2511:192.168.30.26:37964] returns group-E2E3E0CD0AF9:java.util.concurrent.CompletableFuture@3b8aaebe[Not completed]
2019-10-09 08:12:45,572 [pool-443-thread-1] INFO  impl.RaftServerImpl (RaftServerImpl.java:<init>(95)) - ef577cf0-addd-4563-8a74-3cd2be3a2511: new RaftServerImpl for group-E2E3E0CD0AF9:[ef577cf0-addd-4563-8a74-3cd2be3a2511:192.168.30.26:37964] with ContainerStateMachine:uninitialized
2019-10-09 08:12:45,572 [pool-443-thread-1] INFO  server.RaftServerConfigKeys (ConfUtils.java:logGet(43)) - raft.server.rpc.timeout.min = 5s (custom)
2019-10-09 08:12:45,572 [pool-443-thread-1] INFO  server.RaftServerConfigKeys (ConfUtils.java:logGet(43)) - raft.server.rpc.timeout.max = 5200ms (custom)
2019-10-09 08:12:45,572 [pool-443-thread-1] INFO  server.RaftServerConfigKeys (ConfUtils.java:logGet(43)) - raft.server.rpcslowness.timeout = 120s (custom)
2019-10-09 08:12:45,573 [pool-443-thread-1] INFO  server.RaftServerConfigKeys (ConfUtils.java:logGet(43)) - raft.server.sleep.deviation.threshold = 300 (default)
2019-10-09 08:12:45,573 [pool-443-thread-1] INFO  server.RaftServerConfigKeys (ConfUtils.java:logGet(43)) - raft.server.log.appender.install.snapshot.enabled = false (custom)
2019-10-09 08:12:45,573 [pool-443-thread-1] INFO  impl.RaftServerImpl (ServerState.java:<init>(103)) - ef577cf0-addd-4563-8a74-3cd2be3a2511@group-E2E3E0CD0AF9: ConfigurationManager, init=-1: [ef577cf0-addd-4563-8a74-3cd2be3a2511:192.168.30.26:37964], old=null, confs=<EMPTY_MAP>
2019-10-09 08:12:45,573 [pool-443-thread-1] INFO  server.RaftServerConfigKeys (ConfUtils.java:logGet(43)) - raft.server.storage.dir = [/workdir/hadoop-ozone/integration-test/target/test-dir/MiniOzoneClusterImpl-5209a03e-550f-4d6f-8cfb-5acb6562be12/datanode-6/data/ratis] (custom)
2019-10-09 08:12:45,573 [pool-443-thread-1] INFO  server.RaftServerConfigKeys (ConfUtils.java:logGet(43)) - raft.server.log.corruption.policy = EXCEPTION (default)
2019-10-09 08:12:45,573 [pool-443-thread-1] INFO  storage.RaftStorageDirectory (RaftStorageDirectory.java:analyzeStorage(246)) - The storage directory /workdir/hadoop-ozone/integration-test/target/test-dir/MiniOzoneClusterImpl-5209a03e-550f-4d6f-8cfb-5acb6562be12/datanode-6/data/ratis/98459a6f-8361-401a-814f-e2e3e0cd0af9 does not exist. Creating ...
2019-10-09 08:12:45,586 [pool-443-thread-1] INFO  storage.RaftStorageDirectory (RaftStorageDirectory.java:tryLock(328)) - Lock on /workdir/hadoop-ozone/integration-test/target/test-dir/MiniOzoneClusterImpl-5209a03e-550f-4d6f-8cfb-5acb6562be12/datanode-6/data/ratis/98459a6f-8361-401a-814f-e2e3e0cd0af9/in_use.lock acquired by nodename 13016@pr-hdds-2267-jsbhp-248048675
2019-10-09 08:12:45,599 [pool-443-thread-1] INFO  storage.RaftStorage (RaftStorage.java:format(84)) - Storage directory /workdir/hadoop-ozone/integration-test/target/test-dir/MiniOzoneClusterImpl-5209a03e-550f-4d6f-8cfb-5acb6562be12/datanode-6/data/ratis/98459a6f-8361-401a-814f-e2e3e0cd0af9 has been successfully formatted.
2019-10-09 08:12:45,600 [pool-443-thread-1] INFO  ratis.ContainerStateMachine (ContainerStateMachine.java:loadSnapshot(231)) - group-E2E3E0CD0AF9: The snapshot info is null. Setting the last applied indexto:(t:0, i:~)
2019-10-09 08:12:45,600 [pool-443-thread-1] INFO  server.RaftServerConfigKeys (ConfUtils.java:logGet(43)) - raft.server.notification.no-leader.timeout = 120s (custom)
2019-10-09 08:12:45,600 [pool-443-thread-1] INFO  server.RaftServerConfigKeys (ConfUtils.java:logGet(43)) - raft.server.log.use.memory = false (default)
2019-10-09 08:12:45,600 [pool-443-thread-1] INFO  server.RaftServerConfigKeys (ConfUtils.java:logGet(43)) - raft.server.log.purge.gap = 1000000 (custom)
2019-10-09 08:12:45,600 [pool-443-thread-1] INFO  server.RaftServerConfigKeys (ConfUtils.java:logGet(43)) - raft.server.log.appender.buffer.byte-limit = 33554432 (custom)
2019-10-09 08:12:45,601 [pool-443-thread-1] INFO  server.RaftServerConfigKeys (ConfUtils.java:logGet(43)) - raft.server.log.segment.size.max = 1048576 (custom)
2019-10-09 08:12:45,603 [pool-443-thread-1] INFO  server.RaftServerConfigKeys (ConfUtils.java:logGet(43)) - raft.server.log.segment.cache.num.max = 2 (custom)
2019-10-09 08:12:45,603 [pool-443-thread-1] INFO  segmented.SegmentedRaftLogWorker (SegmentedRaftLogWorker.java:<init>(173)) - new ef577cf0-addd-4563-8a74-3cd2be3a2511@group-E2E3E0CD0AF9-SegmentedRaftLogWorker for RaftStorage:Storage Directory /workdir/hadoop-ozone/integration-test/target/test-dir/MiniOzoneClusterImpl-5209a03e-550f-4d6f-8cfb-5acb6562be12/datanode-6/data/ratis/98459a6f-8361-401a-814f-e2e3e0cd0af9
2019-10-09 08:12:45,603 [pool-443-thread-1] INFO  server.RaftServerConfigKeys (ConfUtils.java:logGet(43)) - raft.server.log.queue.byte-limit = 2147483647 (custom)
2019-10-09 08:12:45,603 [pool-443-thread-1] INFO  server.RaftServerConfigKeys (ConfUtils.java:logGet(43)) - raft.server.log.queue.element-limit = 1024 (custom)
2019-10-09 08:12:45,603 [pool-443-thread-1] INFO  server.RaftServerConfigKeys (ConfUtils.java:logGet(43)) - raft.server.log.segment.size.max = 1048576 (custom)
2019-10-09 08:12:45,604 [pool-443-thread-1] INFO  server.RaftServerConfigKeys (ConfUtils.java:logGet(43)) - raft.server.log.preallocated.size = 16384 (custom)
2019-10-09 08:12:45,604 [pool-443-thread-1] INFO  server.RaftServerConfigKeys (ConfUtils.java:logGet(43)) - raft.server.log.write.buffer.size = 33554432 (custom)
2019-10-09 08:12:45,604 [pool-443-thread-1] INFO  server.RaftServerConfigKeys (ConfUtils.java:logGet(43)) - raft.server.log.force.sync.num = 128 (default)
2019-10-09 08:12:45,604 [pool-443-thread-1] INFO  server.RaftServerConfigKeys (ConfUtils.java:logGet(43)) - raft.server.log.statemachine.data.sync = true (default)
2019-10-09 08:12:45,604 [pool-443-thread-1] INFO  server.RaftServerConfigKeys (ConfUtils.java:logGet(43)) - raft.server.log.statemachine.data.sync.timeout = 10s (default)
2019-10-09 08:12:45,604 [pool-443-thread-1] INFO  server.RaftServerConfigKeys (ConfUtils.java:logGet(43)) - raft.server.log.statemachine.data.sync.timeout.retry = -1 (default)
2019-10-09 08:12:45,605 [pool-443-thread-1] INFO  server.RaftServerConfigKeys (ConfUtils.java:logGet(43)) - raft.server.log.statemachine.data.caching.enabled = true (custom)
2019-10-09 08:12:45,605 [pool-443-thread-1] INFO  segmented.SegmentedRaftLogWorker (SegmentedRaftLogWorker.java:lambda$new$0(128)) - ef577cf0-addd-4563-8a74-3cd2be3a2511@group-E2E3E0CD0AF9-SegmentedRaftLogWorker: flushIndex: setUnconditionally 0 -> -1
2019-10-09 08:12:45,606 [pool-443-thread-1] INFO  server.RaftServerConfigKeys (ConfUtils.java:logGet(43)) - raft.server.snapshot.auto.trigger.enabled = true (custom)
2019-10-09 08:12:45,606 [pool-443-thread-1] INFO  server.RaftServerConfigKeys (ConfUtils.java:logGet(43)) - raft.server.snapshot.auto.trigger.threshold = 10000 (custom)
2019-10-09 08:12:45,606 [pool-443-thread-1] INFO  server.RaftServerConfigKeys (ConfUtils.java:logGet(43)) - raft.server.snapshot.retention.file.num = 5 (custom)
2019-10-09 08:12:45,606 [pool-443-thread-1] INFO  server.RaftServerConfigKeys (ConfUtils.java:logGet(43)) - raft.server.retrycache.expirytime = 600000ms (custom)
2019-10-09 08:12:45,608 [pool-443-thread-1] INFO  impl.RaftServerImpl (RaftServerImpl.java:start(181)) - ef577cf0-addd-4563-8a74-3cd2be3a2511@group-E2E3E0CD0AF9: start as a follower, conf=-1: [ef577cf0-addd-4563-8a74-3cd2be3a2511:192.168.30.26:37964], old=null
2019-10-09 08:12:45,608 [pool-443-thread-1] INFO  impl.RaftServerImpl (RaftServerImpl.java:setRole(170)) - ef577cf0-addd-4563-8a74-3cd2be3a2511@group-E2E3E0CD0AF9: changes role from      null to FOLLOWER at term 0 for startAsFollower
2019-10-09 08:12:45,608 [pool-443-thread-1] INFO  impl.RoleInfo (RoleInfo.java:updateAndGet(143)) - ef577cf0-addd-4563-8a74-3cd2be3a2511: start FollowerState
2019-10-09 08:12:45,609 [pool-443-thread-1] INFO  util.JmxRegister (JmxRegister.java:tryRegister(44)) - Successfully registered JMX Bean with object name Ratis:service=RaftServer,group=group-E2E3E0CD0AF9,id=ef577cf0-addd-4563-8a74-3cd2be3a2511
2019-10-09 08:12:45,612 [RatisPipelineUtilsThread] INFO  pipeline.PipelineStateManager (PipelineStateManager.java:addPipeline(56)) - Created pipeline Pipeline[ Id: 98459a6f-8361-401a-814f-e2e3e0cd0af9, Nodes: ef577cf0-addd-4563-8a74-3cd2be3a2511{ip: 192.168.30.26, host: pr-hdds-2267-jsbhp-248048675, networkLocation: /default-rack, certSerialId: null}, Type:RATIS, Factor:ONE, State:OPEN]
2019-10-09 08:12:45,625 [grpc-default-executor-8] INFO  impl.RaftServerProxy (RaftServerProxy.java:addNew(89)) - e7b29786-3f7d-4673-b753-000d3cd04f78: addNew group-1BC10714F07E:[3d9e0f47-152a-48be-9178-e6c63907b681:192.168.30.26:34923, ef577cf0-addd-4563-8a74-3cd2be3a2511:192.168.30.26:37964, e7b29786-3f7d-4673-b753-000d3cd04f78:192.168.30.26:33362] returns group-1BC10714F07E:java.util.concurrent.CompletableFuture@40e756d[Not completed]
2019-10-09 08:12:45,625 [grpc-default-executor-6] INFO  impl.RaftServerProxy (RaftServerProxy.java:addNew(89)) - ef577cf0-addd-4563-8a74-3cd2be3a2511: addNew group-1BC10714F07E:[3d9e0f47-152a-48be-9178-e6c63907b681:192.168.30.26:34923, ef577cf0-addd-4563-8a74-3cd2be3a2511:192.168.30.26:37964, e7b29786-3f7d-4673-b753-000d3cd04f78:192.168.30.26:33362] returns group-1BC10714F07E:java.util.concurrent.CompletableFuture@79887680[Not completed]
2019-10-09 08:12:45,625 [grpc-default-executor-7] INFO  impl.RaftServerProxy (RaftServerProxy.java:addNew(89)) - 3d9e0f47-152a-48be-9178-e6c63907b681: addNew group-1BC10714F07E:[3d9e0f47-152a-48be-9178-e6c63907b681:192.168.30.26:34923, ef577cf0-addd-4563-8a74-3cd2be3a2511:192.168.30.26:37964, e7b29786-3f7d-4673-b753-000d3cd04f78:192.168.30.26:33362] returns group-1BC10714F07E:java.util.concurrent.CompletableFuture@5d8d4533[Not completed]
2019-10-09 08:12:45,626 [pool-413-thread-1] INFO  impl.RaftServerImpl (RaftServerImpl.java:<init>(95)) - e7b29786-3f7d-4673-b753-000d3cd04f78: new RaftServerImpl for group-1BC10714F07E:[3d9e0f47-152a-48be-9178-e6c63907b681:192.168.30.26:34923, ef577cf0-addd-4563-8a74-3cd2be3a2511:192.168.30.26:37964, e7b29786-3f7d-4673-b753-000d3cd04f78:192.168.30.26:33362] with ContainerStateMachine:uninitialized
2019-10-09 08:12:45,626 [pool-413-thread-1] INFO  server.RaftServerConfigKeys (ConfUtils.java:logGet(43)) - raft.server.rpc.timeout.min = 5s (custom)
2019-10-09 08:12:45,626 [pool-413-thread-1] INFO  server.RaftServerConfigKeys (ConfUtils.java:logGet(43)) - raft.server.rpc.timeout.max = 5200ms (custom)
2019-10-09 08:12:45,626 [pool-413-thread-1] INFO  server.RaftServerConfigKeys (ConfUtils.java:logGet(43)) - raft.server.rpcslowness.timeout = 120s (custom)
2019-10-09 08:12:45,626 [pool-413-thread-1] INFO  server.RaftServerConfigKeys (ConfUtils.java:logGet(43)) - raft.server.sleep.deviation.threshold = 300 (default)
2019-10-09 08:12:45,626 [pool-443-thread-1] INFO  impl.RaftServerImpl (RaftServerImpl.java:<init>(95)) - ef577cf0-addd-4563-8a74-3cd2be3a2511: new RaftServerImpl for group-1BC10714F07E:[3d9e0f47-152a-48be-9178-e6c63907b681:192.168.30.26:34923, ef577cf0-addd-4563-8a74-3cd2be3a2511:192.168.30.26:37964, e7b29786-3f7d-4673-b753-000d3cd04f78:192.168.30.26:33362] with ContainerStateMachine:uninitialized
2019-10-09 08:12:45,627 [pool-413-thread-1] INFO  server.RaftServerConfigKeys (ConfUtils.java:logGet(43)) - raft.server.log.appender.install.snapshot.enabled = false (custom)
2019-10-09 08:12:45,627 [pool-443-thread-1] INFO  server.RaftServerConfigKeys (ConfUtils.java:logGet(43)) - raft.server.rpc.timeout.min = 5s (custom)
2019-10-09 08:12:45,627 [pool-413-thread-1] INFO  impl.RaftServerImpl (ServerState.java:<init>(103)) - e7b29786-3f7d-4673-b753-000d3cd04f78@group-1BC10714F07E: ConfigurationManager, init=-1: [3d9e0f47-152a-48be-9178-e6c63907b681:192.168.30.26:34923, ef577cf0-addd-4563-8a74-3cd2be3a2511:192.168.30.26:37964, e7b29786-3f7d-4673-b753-000d3cd04f78:192.168.30.26:33362], old=null, confs=<EMPTY_MAP>
2019-10-09 08:12:45,627 [pool-423-thread-1] INFO  impl.RaftServerImpl (RaftServerImpl.java:<init>(95)) - 3d9e0f47-152a-48be-9178-e6c63907b681: new RaftServerImpl for group-1BC10714F07E:[3d9e0f47-152a-48be-9178-e6c63907b681:192.168.30.26:34923, ef577cf0-addd-4563-8a74-3cd2be3a2511:192.168.30.26:37964, e7b29786-3f7d-4673-b753-000d3cd04f78:192.168.30.26:33362] with ContainerStateMachine:uninitialized
2019-10-09 08:12:45,627 [pool-443-thread-1] INFO  server.RaftServerConfigKeys (ConfUtils.java:logGet(43)) - raft.server.rpc.timeout.max = 5200ms (custom)
2019-10-09 08:12:45,627 [pool-423-thread-1] INFO  server.RaftServerConfigKeys (ConfUtils.java:logGet(43)) - raft.server.rpc.timeout.min = 5s (custom)
2019-10-09 08:12:45,627 [pool-413-thread-1] INFO  server.RaftServerConfigKeys (ConfUtils.java:logGet(43)) - raft.server.storage.dir = [/workdir/hadoop-ozone/integration-test/target/test-dir/MiniOzoneClusterImpl-5209a03e-550f-4d6f-8cfb-5acb6562be12/datanode-3/data/ratis] (custom)
2019-10-09 08:12:45,627 [pool-423-thread-1] INFO  server.RaftServerConfigKeys (ConfUtils.java:logGet(43)) - raft.server.rpc.timeout.max = 5200ms (custom)
2019-10-09 08:12:45,627 [pool-443-thread-1] INFO  server.RaftServerConfigKeys (ConfUtils.java:logGet(43)) - raft.server.rpcslowness.timeout = 120s (custom)
2019-10-09 08:12:45,627 [pool-423-thread-1] INFO  server.RaftServerConfigKeys (ConfUtils.java:logGet(43)) - raft.server.rpcslowness.timeout = 120s (custom)
2019-10-09 08:12:45,627 [pool-413-thread-1] INFO  server.RaftServerConfigKeys (ConfUtils.java:logGet(43)) - raft.server.log.corruption.policy = EXCEPTION (default)
2019-10-09 08:12:45,627 [pool-443-thread-1] INFO  server.RaftServerConfigKeys (ConfUtils.java:logGet(43)) - raft.server.sleep.deviation.threshold = 300 (default)
2019-10-09 08:12:45,627 [pool-423-thread-1] INFO  server.RaftServerConfigKeys (ConfUtils.java:logGet(43)) - raft.server.sleep.deviation.threshold = 300 (default)
2019-10-09 08:12:45,627 [pool-413-thread-1] INFO  storage.RaftStorageDirectory (RaftStorageDirectory.java:analyzeStorage(246)) - The storage directory /workdir/hadoop-ozone/integration-test/target/test-dir/MiniOzoneClusterImpl-5209a03e-550f-4d6f-8cfb-5acb6562be12/datanode-3/data/ratis/29fb6a31-f67c-4244-a377-1bc10714f07e does not exist. Creating ...
2019-10-09 08:12:45,627 [pool-443-thread-1] INFO  server.RaftServerConfigKeys (ConfUtils.java:logGet(43)) - raft.server.log.appender.install.snapshot.enabled = false (custom)
2019-10-09 08:12:45,628 [pool-423-thread-1] INFO  server.RaftServerConfigKeys (ConfUtils.java:logGet(43)) - raft.server.log.appender.install.snapshot.enabled = false (custom)
2019-10-09 08:12:45,628 [pool-443-thread-1] INFO  impl.RaftServerImpl (ServerState.java:<init>(103)) - ef577cf0-addd-4563-8a74-3cd2be3a2511@group-1BC10714F07E: ConfigurationManager, init=-1: [3d9e0f47-152a-48be-9178-e6c63907b681:192.168.30.26:34923, ef577cf0-addd-4563-8a74-3cd2be3a2511:192.168.30.26:37964, e7b29786-3f7d-4673-b753-000d3cd04f78:192.168.30.26:33362], old=null, confs=<EMPTY_MAP>
2019-10-09 08:12:45,628 [pool-423-thread-1] INFO  impl.RaftServerImpl (ServerState.java:<init>(103)) - 3d9e0f47-152a-48be-9178-e6c63907b681@group-1BC10714F07E: ConfigurationManager, init=-1: [3d9e0f47-152a-48be-9178-e6c63907b681:192.168.30.26:34923, ef577cf0-addd-4563-8a74-3cd2be3a2511:192.168.30.26:37964, e7b29786-3f7d-4673-b753-000d3cd04f78:192.168.30.26:33362], old=null, confs=<EMPTY_MAP>
2019-10-09 08:12:45,628 [pool-443-thread-1] INFO  server.RaftServerConfigKeys (ConfUtils.java:logGet(43)) - raft.server.storage.dir = [/workdir/hadoop-ozone/integration-test/target/test-dir/MiniOzoneClusterImpl-5209a03e-550f-4d6f-8cfb-5acb6562be12/datanode-6/data/ratis] (custom)
2019-10-09 08:12:45,628 [pool-423-thread-1] INFO  server.RaftServerConfigKeys (ConfUtils.java:logGet(43)) - raft.server.storage.dir = [/workdir/hadoop-ozone/integration-test/target/test-dir/MiniOzoneClusterImpl-5209a03e-550f-4d6f-8cfb-5acb6562be12/datanode-4/data/ratis] (custom)
2019-10-09 08:12:45,628 [pool-443-thread-1] INFO  server.RaftServerConfigKeys (ConfUtils.java:logGet(43)) - raft.server.log.corruption.policy = EXCEPTION (default)
2019-10-09 08:12:45,628 [pool-423-thread-1] INFO  server.RaftServerConfigKeys (ConfUtils.java:logGet(43)) - raft.server.log.corruption.policy = EXCEPTION (default)
2019-10-09 08:12:45,628 [pool-443-thread-1] INFO  storage.RaftStorageDirectory (RaftStorageDirectory.java:analyzeStorage(246)) - The storage directory /workdir/hadoop-ozone/integration-test/target/test-dir/MiniOzoneClusterImpl-5209a03e-550f-4d6f-8cfb-5acb6562be12/datanode-6/data/ratis/29fb6a31-f67c-4244-a377-1bc10714f07e does not exist. Creating ...
2019-10-09 08:12:45,628 [pool-423-thread-1] INFO  storage.RaftStorageDirectory (RaftStorageDirectory.java:analyzeStorage(246)) - The storage directory /workdir/hadoop-ozone/integration-test/target/test-dir/MiniOzoneClusterImpl-5209a03e-550f-4d6f-8cfb-5acb6562be12/datanode-4/data/ratis/29fb6a31-f67c-4244-a377-1bc10714f07e does not exist. Creating ...
2019-10-09 08:12:45,641 [pool-423-thread-1] INFO  storage.RaftStorageDirectory (RaftStorageDirectory.java:tryLock(328)) - Lock on /workdir/hadoop-ozone/integration-test/target/test-dir/MiniOzoneClusterImpl-5209a03e-550f-4d6f-8cfb-5acb6562be12/datanode-4/data/ratis/29fb6a31-f67c-4244-a377-1bc10714f07e/in_use.lock acquired by nodename 13016@pr-hdds-2267-jsbhp-248048675
2019-10-09 08:12:45,641 [pool-413-thread-1] INFO  storage.RaftStorageDirectory (RaftStorageDirectory.java:tryLock(328)) - Lock on /workdir/hadoop-ozone/integration-test/target/test-dir/MiniOzoneClusterImpl-5209a03e-550f-4d6f-8cfb-5acb6562be12/datanode-3/data/ratis/29fb6a31-f67c-4244-a377-1bc10714f07e/in_use.lock acquired by nodename 13016@pr-hdds-2267-jsbhp-248048675
2019-10-09 08:12:45,641 [pool-443-thread-1] INFO  storage.RaftStorageDirectory (RaftStorageDirectory.java:tryLock(328)) - Lock on /workdir/hadoop-ozone/integration-test/target/test-dir/MiniOzoneClusterImpl-5209a03e-550f-4d6f-8cfb-5acb6562be12/datanode-6/data/ratis/29fb6a31-f67c-4244-a377-1bc10714f07e/in_use.lock acquired by nodename 13016@pr-hdds-2267-jsbhp-248048675
2019-10-09 08:12:45,655 [pool-413-thread-1] INFO  storage.RaftStorage (RaftStorage.java:format(84)) - Storage directory /workdir/hadoop-ozone/integration-test/target/test-dir/MiniOzoneClusterImpl-5209a03e-550f-4d6f-8cfb-5acb6562be12/datanode-3/data/ratis/29fb6a31-f67c-4244-a377-1bc10714f07e has been successfully formatted.
2019-10-09 08:12:45,655 [pool-423-thread-1] INFO  storage.RaftStorage (RaftStorage.java:format(84)) - Storage directory /workdir/hadoop-ozone/integration-test/target/test-dir/MiniOzoneClusterImpl-5209a03e-550f-4d6f-8cfb-5acb6562be12/datanode-4/data/ratis/29fb6a31-f67c-4244-a377-1bc10714f07e has been successfully formatted.
2019-10-09 08:12:45,655 [pool-443-thread-1] INFO  storage.RaftStorage (RaftStorage.java:format(84)) - Storage directory /workdir/hadoop-ozone/integration-test/target/test-dir/MiniOzoneClusterImpl-5209a03e-550f-4d6f-8cfb-5acb6562be12/datanode-6/data/ratis/29fb6a31-f67c-4244-a377-1bc10714f07e has been successfully formatted.
2019-10-09 08:12:45,655 [pool-423-thread-1] INFO  ratis.ContainerStateMachine (ContainerStateMachine.java:loadSnapshot(231)) - group-1BC10714F07E: The snapshot info is null. Setting the last applied indexto:(t:0, i:~)
2019-10-09 08:12:45,655 [pool-443-thread-1] INFO  ratis.ContainerStateMachine (ContainerStateMachine.java:loadSnapshot(231)) - group-1BC10714F07E: The snapshot info is null. Setting the last applied indexto:(t:0, i:~)
2019-10-09 08:12:45,655 [pool-413-thread-1] INFO  ratis.ContainerStateMachine (ContainerStateMachine.java:loadSnapshot(231)) - group-1BC10714F07E: The snapshot info is null. Setting the last applied indexto:(t:0, i:~)
2019-10-09 08:12:45,655 [pool-443-thread-1] INFO  server.RaftServerConfigKeys (ConfUtils.java:logGet(43)) - raft.server.notification.no-leader.timeout = 120s (custom)
2019-10-09 08:12:45,655 [pool-423-thread-1] INFO  server.RaftServerConfigKeys (ConfUtils.java:logGet(43)) - raft.server.notification.no-leader.timeout = 120s (custom)
2019-10-09 08:12:45,655 [pool-443-thread-1] INFO  server.RaftServerConfigKeys (ConfUtils.java:logGet(43)) - raft.server.log.use.memory = false (default)
2019-10-09 08:12:45,655 [pool-413-thread-1] INFO  server.RaftServerConfigKeys (ConfUtils.java:logGet(43)) - raft.server.notification.no-leader.timeout = 120s (custom)
2019-10-09 08:12:45,656 [pool-443-thread-1] INFO  server.RaftServerConfigKeys (ConfUtils.java:logGet(43)) - raft.server.log.purge.gap = 1000000 (custom)
2019-10-09 08:12:45,655 [pool-423-thread-1] INFO  server.RaftServerConfigKeys (ConfUtils.java:logGet(43)) - raft.server.log.use.memory = false (default)
2019-10-09 08:12:45,656 [pool-443-thread-1] INFO  server.RaftServerConfigKeys (ConfUtils.java:logGet(43)) - raft.server.log.appender.buffer.byte-limit = 33554432 (custom)
2019-10-09 08:12:45,656 [pool-413-thread-1] INFO  server.RaftServerConfigKeys (ConfUtils.java:logGet(43)) - raft.server.log.use.memory = false (default)
2019-10-09 08:12:45,656 [pool-443-thread-1] INFO  server.RaftServerConfigKeys (ConfUtils.java:logGet(43)) - raft.server.log.segment.size.max = 1048576 (custom)
2019-10-09 08:12:45,656 [pool-423-thread-1] INFO  server.RaftServerConfigKeys (ConfUtils.java:logGet(43)) - raft.server.log.purge.gap = 1000000 (custom)
2019-10-09 08:12:45,656 [pool-443-thread-1] INFO  server.RaftServerConfigKeys (ConfUtils.java:logGet(43)) - raft.server.log.segment.cache.num.max = 2 (custom)
2019-10-09 08:12:45,656 [pool-413-thread-1] INFO  server.RaftServerConfigKeys (ConfUtils.java:logGet(43)) - raft.server.log.purge.gap = 1000000 (custom)
2019-10-09 08:12:45,656 [pool-443-thread-1] INFO  segmented.SegmentedRaftLogWorker (SegmentedRaftLogWorker.java:<init>(173)) - new ef577cf0-addd-4563-8a74-3cd2be3a2511@group-1BC10714F07E-SegmentedRaftLogWorker for RaftStorage:Storage Directory /workdir/hadoop-ozone/integration-test/target/test-dir/MiniOzoneClusterImpl-5209a03e-550f-4d6f-8cfb-5acb6562be12/datanode-6/data/ratis/29fb6a31-f67c-4244-a377-1bc10714f07e
2019-10-09 08:12:45,656 [pool-423-thread-1] INFO  server.RaftServerConfigKeys (ConfUtils.java:logGet(43)) - raft.server.log.appender.buffer.byte-limit = 33554432 (custom)
2019-10-09 08:12:45,656 [pool-443-thread-1] INFO  server.RaftServerConfigKeys (ConfUtils.java:logGet(43)) - raft.server.log.queue.byte-limit = 2147483647 (custom)
2019-10-09 08:12:45,656 [pool-413-thread-1] INFO  server.RaftServerConfigKeys (ConfUtils.java:logGet(43)) - raft.server.log.appender.buffer.byte-limit = 33554432 (custom)
2019-10-09 08:12:45,656 [pool-443-thread-1] INFO  server.RaftServerConfigKeys (ConfUtils.java:logGet(43)) - raft.server.log.queue.element-limit = 1024 (custom)
2019-10-09 08:12:45,656 [pool-423-thread-1] INFO  server.RaftServerConfigKeys (ConfUtils.java:logGet(43)) - raft.server.log.segment.size.max = 1048576 (custom)
2019-10-09 08:12:45,657 [pool-443-thread-1] INFO  server.RaftServerConfigKeys (ConfUtils.java:logGet(43)) - raft.server.log.segment.size.max = 1048576 (custom)
2019-10-09 08:12:45,657 [pool-413-thread-1] INFO  server.RaftServerConfigKeys (ConfUtils.java:logGet(43)) - raft.server.log.segment.size.max = 1048576 (custom)
2019-10-09 08:12:45,657 [pool-443-thread-1] INFO  server.RaftServerConfigKeys (ConfUtils.java:logGet(43)) - raft.server.log.preallocated.size = 16384 (custom)
2019-10-09 08:12:45,657 [pool-423-thread-1] INFO  server.RaftServerConfigKeys (ConfUtils.java:logGet(43)) - raft.server.log.segment.cache.num.max = 2 (custom)
2019-10-09 08:12:45,657 [pool-443-thread-1] INFO  server.RaftServerConfigKeys (ConfUtils.java:logGet(43)) - raft.server.log.write.buffer.size = 33554432 (custom)
2019-10-09 08:12:45,657 [pool-413-thread-1] INFO  server.RaftServerConfigKeys (ConfUtils.java:logGet(43)) - raft.server.log.segment.cache.num.max = 2 (custom)
2019-10-09 08:12:45,657 [pool-443-thread-1] INFO  server.RaftServerConfigKeys (ConfUtils.java:logGet(43)) - raft.server.log.force.sync.num = 128 (default)
2019-10-09 08:12:45,657 [pool-423-thread-1] INFO  segmented.SegmentedRaftLogWorker (SegmentedRaftLogWorker.java:<init>(173)) - new 3d9e0f47-152a-48be-9178-e6c63907b681@group-1BC10714F07E-SegmentedRaftLogWorker for RaftStorage:Storage Directory /workdir/hadoop-ozone/integration-test/target/test-dir/MiniOzoneClusterImpl-5209a03e-550f-4d6f-8cfb-5acb6562be12/datanode-4/data/ratis/29fb6a31-f67c-4244-a377-1bc10714f07e
2019-10-09 08:12:45,657 [pool-443-thread-1] INFO  server.RaftServerConfigKeys (ConfUtils.java:logGet(43)) - raft.server.log.statemachine.data.sync = true (default)
2019-10-09 08:12:45,657 [pool-413-thread-1] INFO  segmented.SegmentedRaftLogWorker (SegmentedRaftLogWorker.java:<init>(173)) - new e7b29786-3f7d-4673-b753-000d3cd04f78@group-1BC10714F07E-SegmentedRaftLogWorker for RaftStorage:Storage Directory /workdir/hadoop-ozone/integration-test/target/test-dir/MiniOzoneClusterImpl-5209a03e-550f-4d6f-8cfb-5acb6562be12/datanode-3/data/ratis/29fb6a31-f67c-4244-a377-1bc10714f07e
2019-10-09 08:12:45,657 [pool-443-thread-1] INFO  server.RaftServerConfigKeys (ConfUtils.java:logGet(43)) - raft.server.log.statemachine.data.sync.timeout = 10s (default)
2019-10-09 08:12:45,657 [pool-423-thread-1] INFO  server.RaftServerConfigKeys (ConfUtils.java:logGet(43)) - raft.server.log.queue.byte-limit = 2147483647 (custom)
2019-10-09 08:12:45,658 [pool-443-thread-1] INFO  server.RaftServerConfigKeys (ConfUtils.java:logGet(43)) - raft.server.log.statemachine.data.sync.timeout.retry = -1 (default)
2019-10-09 08:12:45,658 [pool-413-thread-1] INFO  server.RaftServerConfigKeys (ConfUtils.java:logGet(43)) - raft.server.log.queue.byte-limit = 2147483647 (custom)
2019-10-09 08:12:45,658 [pool-443-thread-1] INFO  server.RaftServerConfigKeys (ConfUtils.java:logGet(43)) - raft.server.log.statemachine.data.caching.enabled = true (custom)
2019-10-09 08:12:45,658 [pool-423-thread-1] INFO  server.RaftServerConfigKeys (ConfUtils.java:logGet(43)) - raft.server.log.queue.element-limit = 1024 (custom)
2019-10-09 08:12:45,658 [pool-413-thread-1] INFO  server.RaftServerConfigKeys (ConfUtils.java:logGet(43)) - raft.server.log.queue.element-limit = 1024 (custom)
2019-10-09 08:12:45,658 [pool-443-thread-1] INFO  segmented.SegmentedRaftLogWorker (SegmentedRaftLogWorker.java:lambda$new$0(128)) - ef577cf0-addd-4563-8a74-3cd2be3a2511@group-1BC10714F07E-SegmentedRaftLogWorker: flushIndex: setUnconditionally 0 -> -1
2019-10-09 08:12:45,658 [pool-423-thread-1] INFO  server.RaftServerConfigKeys (ConfUtils.java:logGet(43)) - raft.server.log.segment.size.max = 1048576 (custom)
2019-10-09 08:12:45,658 [pool-413-thread-1] INFO  server.RaftServerConfigKeys (ConfUtils.java:logGet(43)) - raft.server.log.segment.size.max = 1048576 (custom)
2019-10-09 08:12:45,658 [pool-443-thread-1] INFO  server.RaftServerConfigKeys (ConfUtils.java:logGet(43)) - raft.server.snapshot.auto.trigger.enabled = true (custom)
2019-10-09 08:12:45,658 [pool-423-thread-1] INFO  server.RaftServerConfigKeys (ConfUtils.java:logGet(43)) - raft.server.log.preallocated.size = 16384 (custom)
2019-10-09 08:12:45,658 [pool-443-thread-1] INFO  server.RaftServerConfigKeys (ConfUtils.java:logGet(43)) - raft.server.snapshot.auto.trigger.threshold = 10000 (custom)
2019-10-09 08:12:45,658 [pool-413-thread-1] INFO  server.RaftServerConfigKeys (ConfUtils.java:logGet(43)) - raft.server.log.preallocated.size = 16384 (custom)
2019-10-09 08:12:45,659 [pool-443-thread-1] INFO  server.RaftServerConfigKeys (ConfUtils.java:logGet(43)) - raft.server.snapshot.retention.file.num = 5 (custom)
2019-10-09 08:12:45,658 [pool-423-thread-1] INFO  server.RaftServerConfigKeys (ConfUtils.java:logGet(43)) - raft.server.log.write.buffer.size = 33554432 (custom)
2019-10-09 08:12:45,659 [pool-443-thread-1] INFO  server.RaftServerConfigKeys (ConfUtils.java:logGet(43)) - raft.server.retrycache.expirytime = 600000ms (custom)
2019-10-09 08:12:45,659 [pool-413-thread-1] INFO  server.RaftServerConfigKeys (ConfUtils.java:logGet(43)) - raft.server.log.write.buffer.size = 33554432 (custom)
2019-10-09 08:12:45,659 [pool-423-thread-1] INFO  server.RaftServerConfigKeys (ConfUtils.java:logGet(43)) - raft.server.log.force.sync.num = 128 (default)
2019-10-09 08:12:45,659 [pool-413-thread-1] INFO  server.RaftServerConfigKeys (ConfUtils.java:logGet(43)) - raft.server.log.force.sync.num = 128 (default)
2019-10-09 08:12:45,659 [pool-423-thread-1] INFO  server.RaftServerConfigKeys (ConfUtils.java:logGet(43)) - raft.server.log.statemachine.data.sync = true (default)
2019-10-09 08:12:45,659 [pool-413-thread-1] INFO  server.RaftServerConfigKeys (ConfUtils.java:logGet(43)) - raft.server.log.statemachine.data.sync = true (default)
2019-10-09 08:12:45,659 [pool-423-thread-1] INFO  server.RaftServerConfigKeys (ConfUtils.java:logGet(43)) - raft.server.log.statemachine.data.sync.timeout = 10s (default)
2019-10-09 08:12:45,659 [pool-413-thread-1] INFO  server.RaftServerConfigKeys (ConfUtils.java:logGet(43)) - raft.server.log.statemachine.data.sync.timeout = 10s (default)
2019-10-09 08:12:45,659 [pool-423-thread-1] INFO  server.RaftServerConfigKeys (ConfUtils.java:logGet(43)) - raft.server.log.statemachine.data.sync.timeout.retry = -1 (default)
2019-10-09 08:12:45,659 [pool-413-thread-1] INFO  server.RaftServerConfigKeys (ConfUtils.java:logGet(43)) - raft.server.log.statemachine.data.sync.timeout.retry = -1 (default)
2019-10-09 08:12:45,660 [pool-423-thread-1] INFO  server.RaftServerConfigKeys (ConfUtils.java:logGet(43)) - raft.server.log.statemachine.data.caching.enabled = true (custom)
2019-10-09 08:12:45,660 [pool-413-thread-1] INFO  server.RaftServerConfigKeys (ConfUtils.java:logGet(43)) - raft.server.log.statemachine.data.caching.enabled = true (custom)
2019-10-09 08:12:45,660 [pool-423-thread-1] INFO  segmented.SegmentedRaftLogWorker (SegmentedRaftLogWorker.java:lambda$new$0(128)) - 3d9e0f47-152a-48be-9178-e6c63907b681@group-1BC10714F07E-SegmentedRaftLogWorker: flushIndex: setUnconditionally 0 -> -1
2019-10-09 08:12:45,660 [pool-413-thread-1] INFO  segmented.SegmentedRaftLogWorker (SegmentedRaftLogWorker.java:lambda$new$0(128)) - e7b29786-3f7d-4673-b753-000d3cd04f78@group-1BC10714F07E-SegmentedRaftLogWorker: flushIndex: setUnconditionally 0 -> -1
2019-10-09 08:12:45,660 [pool-423-thread-1] INFO  server.RaftServerConfigKeys (ConfUtils.java:logGet(43)) - raft.server.snapshot.auto.trigger.enabled = true (custom)
2019-10-09 08:12:45,660 [pool-413-thread-1] INFO  server.RaftServerConfigKeys (ConfUtils.java:logGet(43)) - raft.server.snapshot.auto.trigger.enabled = true (custom)
2019-10-09 08:12:45,660 [pool-423-thread-1] INFO  server.RaftServerConfigKeys (ConfUtils.java:logGet(43)) - raft.server.snapshot.auto.trigger.threshold = 10000 (custom)
2019-10-09 08:12:45,660 [pool-443-thread-1] INFO  impl.RaftServerImpl (RaftServerImpl.java:start(181)) - ef577cf0-addd-4563-8a74-3cd2be3a2511@group-1BC10714F07E: start as a follower, conf=-1: [3d9e0f47-152a-48be-9178-e6c63907b681:192.168.30.26:34923, ef577cf0-addd-4563-8a74-3cd2be3a2511:192.168.30.26:37964, e7b29786-3f7d-4673-b753-000d3cd04f78:192.168.30.26:33362], old=null
2019-10-09 08:12:45,660 [pool-423-thread-1] INFO  server.RaftServerConfigKeys (ConfUtils.java:logGet(43)) - raft.server.snapshot.retention.file.num = 5 (custom)
2019-10-09 08:12:45,660 [pool-413-thread-1] INFO  server.RaftServerConfigKeys (ConfUtils.java:logGet(43)) - raft.server.snapshot.auto.trigger.threshold = 10000 (custom)
2019-10-09 08:12:45,660 [pool-423-thread-1] INFO  server.RaftServerConfigKeys (ConfUtils.java:logGet(43)) - raft.server.retrycache.expirytime = 600000ms (custom)
2019-10-09 08:12:45,660 [pool-443-thread-1] INFO  impl.RaftServerImpl (RaftServerImpl.java:setRole(170)) - ef577cf0-addd-4563-8a74-3cd2be3a2511@group-1BC10714F07E: changes role from      null to FOLLOWER at term 0 for startAsFollower
2019-10-09 08:12:45,661 [pool-413-thread-1] INFO  server.RaftServerConfigKeys (ConfUtils.java:logGet(43)) - raft.server.snapshot.retention.file.num = 5 (custom)
2019-10-09 08:12:45,661 [pool-443-thread-1] INFO  impl.RoleInfo (RoleInfo.java:updateAndGet(143)) - ef577cf0-addd-4563-8a74-3cd2be3a2511: start FollowerState
2019-10-09 08:12:45,661 [pool-413-thread-1] INFO  server.RaftServerConfigKeys (ConfUtils.java:logGet(43)) - raft.server.retrycache.expirytime = 600000ms (custom)
2019-10-09 08:12:45,661 [pool-443-thread-1] INFO  util.JmxRegister (JmxRegister.java:tryRegister(44)) - Successfully registered JMX Bean with object name Ratis:service=RaftServer,group=group-1BC10714F07E,id=ef577cf0-addd-4563-8a74-3cd2be3a2511
2019-10-09 08:12:45,662 [pool-423-thread-1] INFO  impl.RaftServerImpl (RaftServerImpl.java:start(181)) - 3d9e0f47-152a-48be-9178-e6c63907b681@group-1BC10714F07E: start as a follower, conf=-1: [3d9e0f47-152a-48be-9178-e6c63907b681:192.168.30.26:34923, ef577cf0-addd-4563-8a74-3cd2be3a2511:192.168.30.26:37964, e7b29786-3f7d-4673-b753-000d3cd04f78:192.168.30.26:33362], old=null
2019-10-09 08:12:45,662 [pool-423-thread-1] INFO  impl.RaftServerImpl (RaftServerImpl.java:setRole(170)) - 3d9e0f47-152a-48be-9178-e6c63907b681@group-1BC10714F07E: changes role from      null to FOLLOWER at term 0 for startAsFollower
2019-10-09 08:12:45,662 [pool-423-thread-1] INFO  impl.RoleInfo (RoleInfo.java:updateAndGet(143)) - 3d9e0f47-152a-48be-9178-e6c63907b681: start FollowerState
2019-10-09 08:12:45,663 [pool-423-thread-1] INFO  util.JmxRegister (JmxRegister.java:tryRegister(44)) - Successfully registered JMX Bean with object name Ratis:service=RaftServer,group=group-1BC10714F07E,id=3d9e0f47-152a-48be-9178-e6c63907b681
2019-10-09 08:12:45,663 [pool-413-thread-1] INFO  impl.RaftServerImpl (RaftServerImpl.java:start(181)) - e7b29786-3f7d-4673-b753-000d3cd04f78@group-1BC10714F07E: start as a follower, conf=-1: [3d9e0f47-152a-48be-9178-e6c63907b681:192.168.30.26:34923, ef577cf0-addd-4563-8a74-3cd2be3a2511:192.168.30.26:37964, e7b29786-3f7d-4673-b753-000d3cd04f78:192.168.30.26:33362], old=null
2019-10-09 08:12:45,663 [pool-413-thread-1] INFO  impl.RaftServerImpl (RaftServerImpl.java:setRole(170)) - e7b29786-3f7d-4673-b753-000d3cd04f78@group-1BC10714F07E: changes role from      null to FOLLOWER at term 0 for startAsFollower
2019-10-09 08:12:45,663 [pool-413-thread-1] INFO  impl.RoleInfo (RoleInfo.java:updateAndGet(143)) - e7b29786-3f7d-4673-b753-000d3cd04f78: start FollowerState
2019-10-09 08:12:45,663 [pool-413-thread-1] INFO  util.JmxRegister (JmxRegister.java:tryRegister(44)) - Successfully registered JMX Bean with object name Ratis:service=RaftServer,group=group-1BC10714F07E,id=e7b29786-3f7d-4673-b753-000d3cd04f78
2019-10-09 08:12:45,667 [RatisPipelineUtilsThread] INFO  pipeline.PipelineStateManager (PipelineStateManager.java:addPipeline(56)) - Created pipeline Pipeline[ Id: 29fb6a31-f67c-4244-a377-1bc10714f07e, Nodes: ef577cf0-addd-4563-8a74-3cd2be3a2511{ip: 192.168.30.26, host: pr-hdds-2267-jsbhp-248048675, networkLocation: /default-rack, certSerialId: null}3d9e0f47-152a-48be-9178-e6c63907b681{ip: 192.168.30.26, host: pr-hdds-2267-jsbhp-248048675, networkLocation: /default-rack, certSerialId: null}e7b29786-3f7d-4673-b753-000d3cd04f78{ip: 192.168.30.26, host: pr-hdds-2267-jsbhp-248048675, networkLocation: /default-rack, certSerialId: null}, Type:RATIS, Factor:THREE, State:OPEN]
2019-10-09 08:12:48,103 [Thread-2298] INFO  container.ReplicationManager (ReplicationManager.java:start(162)) - Starting Replication Monitor Thread.
2019-10-09 08:12:48,107 [ReplicationMonitor] INFO  container.ReplicationManager (ReplicationManager.java:run(225)) - Replication Monitor Thread took 0 milliseconds for processing 1 containers.
2019-10-09 08:12:50,165 [Thread-2300] INFO  impl.FollowerState (FollowerState.java:run(108)) - 4f5831d1-4364-49f1-869b-a9f19d711711@group-148FAE784D8A-FollowerState: change to CANDIDATE, lastRpcTime:5017ms, electionTimeout:5017ms
2019-10-09 08:12:50,166 [Thread-2300] INFO  impl.RoleInfo (RoleInfo.java:shutdownFollowerState(121)) - 4f5831d1-4364-49f1-869b-a9f19d711711: shutdown FollowerState
2019-10-09 08:12:50,166 [Thread-2300] INFO  impl.RaftServerImpl (RaftServerImpl.java:setRole(170)) - 4f5831d1-4364-49f1-869b-a9f19d711711@group-148FAE784D8A: changes role from  FOLLOWER to CANDIDATE at term 0 for changeToCandidate
2019-10-09 08:12:50,166 [Thread-2300] INFO  impl.RoleInfo (RoleInfo.java:updateAndGet(143)) - 4f5831d1-4364-49f1-869b-a9f19d711711: start LeaderElection
2019-10-09 08:12:50,189 [4f5831d1-4364-49f1-869b-a9f19d711711@group-148FAE784D8A-LeaderElection58] INFO  impl.LeaderElection (LeaderElection.java:askForVotes(178)) - 4f5831d1-4364-49f1-869b-a9f19d711711@group-148FAE784D8A-LeaderElection58: begin an election at term 1 for -1: [4f5831d1-4364-49f1-869b-a9f19d711711:192.168.30.26:39207], old=null
2019-10-09 08:12:50,189 [4f5831d1-4364-49f1-869b-a9f19d711711@group-148FAE784D8A-LeaderElection58] INFO  impl.RoleInfo (RoleInfo.java:shutdownLeaderElection(134)) - 4f5831d1-4364-49f1-869b-a9f19d711711: shutdown LeaderElection
2019-10-09 08:12:50,190 [4f5831d1-4364-49f1-869b-a9f19d711711@group-148FAE784D8A-LeaderElection58] INFO  impl.RaftServerImpl (RaftServerImpl.java:setRole(170)) - 4f5831d1-4364-49f1-869b-a9f19d711711@group-148FAE784D8A: changes role from CANDIDATE to LEADER at term 1 for changeToLeader
2019-10-09 08:12:50,190 [4f5831d1-4364-49f1-869b-a9f19d711711@group-148FAE784D8A-LeaderElection58] INFO  impl.RaftServerImpl (ServerState.java:setLeader(255)) - 4f5831d1-4364-49f1-869b-a9f19d711711@group-148FAE784D8A: change Leader from null to 4f5831d1-4364-49f1-869b-a9f19d711711 at term 1 for becomeLeader, leader elected after 5048ms
2019-10-09 08:12:50,190 [4f5831d1-4364-49f1-869b-a9f19d711711@group-148FAE784D8A-LeaderElection58] INFO  server.RaftServerConfigKeys (ConfUtils.java:logGet(43)) - raft.server.staging.catchup.gap = 1000 (default)
2019-10-09 08:12:50,190 [4f5831d1-4364-49f1-869b-a9f19d711711@group-148FAE784D8A-LeaderElection58] INFO  server.RaftServerConfigKeys (ConfUtils.java:logGet(43)) - raft.server.rpc.sleep.time = 25ms (default)
2019-10-09 08:12:50,190 [4f5831d1-4364-49f1-869b-a9f19d711711@group-148FAE784D8A-LeaderElection58] INFO  server.RaftServerConfigKeys (ConfUtils.java:logGet(43)) - raft.server.write.element-limit = 4096 (default)
2019-10-09 08:12:50,191 [4f5831d1-4364-49f1-869b-a9f19d711711@group-148FAE784D8A-LeaderElection58] INFO  server.RaftServerConfigKeys (ConfUtils.java:logGet(43)) - raft.server.watch.timeout = 10s (default)
2019-10-09 08:12:50,191 [4f5831d1-4364-49f1-869b-a9f19d711711@group-148FAE784D8A-LeaderElection58] INFO  server.RaftServerConfigKeys (ConfUtils.java:logGet(43)) - raft.server.watch.timeout.denomination = 1s (default)
2019-10-09 08:12:50,191 [4f5831d1-4364-49f1-869b-a9f19d711711@group-148FAE784D8A-LeaderElection58] INFO  server.RaftServerConfigKeys (ConfUtils.java:logGet(43)) - raft.server.watch.element-limit = 65536 (default)
2019-10-09 08:12:50,193 [4f5831d1-4364-49f1-869b-a9f19d711711@group-148FAE784D8A-LeaderElection58] INFO  impl.RoleInfo (RoleInfo.java:updateAndGet(143)) - 4f5831d1-4364-49f1-869b-a9f19d711711: start LeaderState
2019-10-09 08:12:50,193 [4f5831d1-4364-49f1-869b-a9f19d711711@group-148FAE784D8A-LeaderElection58] INFO  segmented.SegmentedRaftLogWorker (SegmentedRaftLogWorker.java:startLogSegment(385)) - 4f5831d1-4364-49f1-869b-a9f19d711711@group-148FAE784D8A-SegmentedRaftLogWorker: Starting segment from index:0
2019-10-09 08:12:50,194 [4f5831d1-4364-49f1-869b-a9f19d711711@group-148FAE784D8A-LeaderElection58] INFO  impl.RaftServerImpl (ServerState.java:setRaftConf(356)) - 4f5831d1-4364-49f1-869b-a9f19d711711@group-148FAE784D8A: set configuration 0: [4f5831d1-4364-49f1-869b-a9f19d711711:192.168.30.26:39207], old=null at 0
2019-10-09 08:12:50,236 [4f5831d1-4364-49f1-869b-a9f19d711711@group-148FAE784D8A-SegmentedRaftLogWorker] INFO  segmented.SegmentedRaftLogWorker (SegmentedRaftLogWorker.java:execute(574)) - 4f5831d1-4364-49f1-869b-a9f19d711711@group-148FAE784D8A-SegmentedRaftLogWorker: created new log segment /workdir/hadoop-ozone/integration-test/target/test-dir/MiniOzoneClusterImpl-5209a03e-550f-4d6f-8cfb-5acb6562be12/datanode-0/data/ratis/60ca65fa-5171-448c-b4a1-148fae784d8a/current/log_inprogress_0
2019-10-09 08:12:50,379 [Thread-2313] INFO  impl.FollowerState (FollowerState.java:run(108)) - 4f5831d1-4364-49f1-869b-a9f19d711711@group-8B014107F92B-FollowerState: change to CANDIDATE, lastRpcTime:5098ms, electionTimeout:5098ms
2019-10-09 08:12:50,379 [Thread-2313] INFO  impl.RoleInfo (RoleInfo.java:shutdownFollowerState(121)) - 4f5831d1-4364-49f1-869b-a9f19d711711: shutdown FollowerState
2019-10-09 08:12:50,379 [Thread-2313] INFO  impl.RaftServerImpl (RaftServerImpl.java:setRole(170)) - 4f5831d1-4364-49f1-869b-a9f19d711711@group-8B014107F92B: changes role from  FOLLOWER to CANDIDATE at term 0 for changeToCandidate
2019-10-09 08:12:50,380 [Thread-2313] INFO  impl.RoleInfo (RoleInfo.java:updateAndGet(143)) - 4f5831d1-4364-49f1-869b-a9f19d711711: start LeaderElection
2019-10-09 08:12:50,386 [Thread-2303] INFO  impl.FollowerState (FollowerState.java:run(108)) - 9b4ba789-db5f-4635-b70b-3632acd6cf18@group-9B71EA8E4881-FollowerState: change to CANDIDATE, lastRpcTime:5200ms, electionTimeout:5199ms
2019-10-09 08:12:50,386 [Thread-2303] INFO  impl.RoleInfo (RoleInfo.java:shutdownFollowerState(121)) - 9b4ba789-db5f-4635-b70b-3632acd6cf18: shutdown FollowerState
2019-10-09 08:12:50,386 [Thread-2303] INFO  impl.RaftServerImpl (RaftServerImpl.java:setRole(170)) - 9b4ba789-db5f-4635-b70b-3632acd6cf18@group-9B71EA8E4881: changes role from  FOLLOWER to CANDIDATE at term 0 for changeToCandidate
2019-10-09 08:12:50,387 [Thread-2303] INFO  impl.RoleInfo (RoleInfo.java:updateAndGet(143)) - 9b4ba789-db5f-4635-b70b-3632acd6cf18: start LeaderElection
2019-10-09 08:12:50,404 [Thread-2306] INFO  impl.FollowerState (FollowerState.java:run(108)) - 3bc82a09-eb4e-4191-b983-4b4db2cc119a@group-E339838B6863-FollowerState: change to CANDIDATE, lastRpcTime:5160ms, electionTimeout:5160ms
2019-10-09 08:12:50,404 [Thread-2306] INFO  impl.RoleInfo (RoleInfo.java:shutdownFollowerState(121)) - 3bc82a09-eb4e-4191-b983-4b4db2cc119a: shutdown FollowerState
2019-10-09 08:12:50,404 [Thread-2306] INFO  impl.RaftServerImpl (RaftServerImpl.java:setRole(170)) - 3bc82a09-eb4e-4191-b983-4b4db2cc119a@group-E339838B6863: changes role from  FOLLOWER to CANDIDATE at term 0 for changeToCandidate
2019-10-09 08:12:50,404 [Thread-2306] INFO  impl.RoleInfo (RoleInfo.java:updateAndGet(143)) - 3bc82a09-eb4e-4191-b983-4b4db2cc119a: start LeaderElection
2019-10-09 08:12:50,413 [4f5831d1-4364-49f1-869b-a9f19d711711@group-8B014107F92B-LeaderElection59] INFO  impl.LeaderElection (LeaderElection.java:askForVotes(178)) - 4f5831d1-4364-49f1-869b-a9f19d711711@group-8B014107F92B-LeaderElection59: begin an election at term 1 for -1: [3bc82a09-eb4e-4191-b983-4b4db2cc119a:192.168.30.26:36810, 4f5831d1-4364-49f1-869b-a9f19d711711:192.168.30.26:39207, 9b4ba789-db5f-4635-b70b-3632acd6cf18:192.168.30.26:42585], old=null
2019-10-09 08:12:50,413 [9b4ba789-db5f-4635-b70b-3632acd6cf18@group-9B71EA8E4881-LeaderElection60] INFO  impl.LeaderElection (LeaderElection.java:askForVotes(178)) - 9b4ba789-db5f-4635-b70b-3632acd6cf18@group-9B71EA8E4881-LeaderElection60: begin an election at term 1 for -1: [9b4ba789-db5f-4635-b70b-3632acd6cf18:192.168.30.26:42585], old=null
2019-10-09 08:12:50,414 [9b4ba789-db5f-4635-b70b-3632acd6cf18@group-9B71EA8E4881-LeaderElection60] INFO  impl.RoleInfo (RoleInfo.java:shutdownLeaderElection(134)) - 9b4ba789-db5f-4635-b70b-3632acd6cf18: shutdown LeaderElection
2019-10-09 08:12:50,414 [9b4ba789-db5f-4635-b70b-3632acd6cf18@group-9B71EA8E4881-LeaderElection60] INFO  impl.RaftServerImpl (RaftServerImpl.java:setRole(170)) - 9b4ba789-db5f-4635-b70b-3632acd6cf18@group-9B71EA8E4881: changes role from CANDIDATE to LEADER at term 1 for changeToLeader
2019-10-09 08:12:50,414 [9b4ba789-db5f-4635-b70b-3632acd6cf18@group-9B71EA8E4881-LeaderElection60] INFO  impl.RaftServerImpl (ServerState.java:setLeader(255)) - 9b4ba789-db5f-4635-b70b-3632acd6cf18@group-9B71EA8E4881: change Leader from null to 9b4ba789-db5f-4635-b70b-3632acd6cf18 at term 1 for becomeLeader, leader elected after 5234ms
2019-10-09 08:12:50,414 [9b4ba789-db5f-4635-b70b-3632acd6cf18@group-9B71EA8E4881-LeaderElection60] INFO  server.RaftServerConfigKeys (ConfUtils.java:logGet(43)) - raft.server.staging.catchup.gap = 1000 (default)
2019-10-09 08:12:50,414 [9b4ba789-db5f-4635-b70b-3632acd6cf18@group-9B71EA8E4881-LeaderElection60] INFO  server.RaftServerConfigKeys (ConfUtils.java:logGet(43)) - raft.server.rpc.sleep.time = 25ms (default)
2019-10-09 08:12:50,415 [9b4ba789-db5f-4635-b70b-3632acd6cf18@group-9B71EA8E4881-LeaderElection60] INFO  server.RaftServerConfigKeys (ConfUtils.java:logGet(43)) - raft.server.write.element-limit = 4096 (default)
2019-10-09 08:12:50,415 [9b4ba789-db5f-4635-b70b-3632acd6cf18@group-9B71EA8E4881-LeaderElection60] INFO  server.RaftServerConfigKeys (ConfUtils.java:logGet(43)) - raft.server.watch.timeout = 10s (default)
2019-10-09 08:12:50,415 [9b4ba789-db5f-4635-b70b-3632acd6cf18@group-9B71EA8E4881-LeaderElection60] INFO  server.RaftServerConfigKeys (ConfUtils.java:logGet(43)) - raft.server.watch.timeout.denomination = 1s (default)
2019-10-09 08:12:50,415 [9b4ba789-db5f-4635-b70b-3632acd6cf18@group-9B71EA8E4881-LeaderElection60] INFO  server.RaftServerConfigKeys (ConfUtils.java:logGet(43)) - raft.server.watch.element-limit = 65536 (default)
2019-10-09 08:12:50,416 [3bc82a09-eb4e-4191-b983-4b4db2cc119a@group-E339838B6863-LeaderElection61] INFO  impl.LeaderElection (LeaderElection.java:askForVotes(178)) - 3bc82a09-eb4e-4191-b983-4b4db2cc119a@group-E339838B6863-LeaderElection61: begin an election at term 1 for -1: [3bc82a09-eb4e-4191-b983-4b4db2cc119a:192.168.30.26:36810], old=null
2019-10-09 08:12:50,417 [3bc82a09-eb4e-4191-b983-4b4db2cc119a@group-E339838B6863-LeaderElection61] INFO  impl.RoleInfo (RoleInfo.java:shutdownLeaderElection(134)) - 3bc82a09-eb4e-4191-b983-4b4db2cc119a: shutdown LeaderElection
2019-10-09 08:12:50,417 [3bc82a09-eb4e-4191-b983-4b4db2cc119a@group-E339838B6863-LeaderElection61] INFO  impl.RaftServerImpl (RaftServerImpl.java:setRole(170)) - 3bc82a09-eb4e-4191-b983-4b4db2cc119a@group-E339838B6863: changes role from CANDIDATE to LEADER at term 1 for changeToLeader
2019-10-09 08:12:50,417 [3bc82a09-eb4e-4191-b983-4b4db2cc119a@group-E339838B6863-LeaderElection61] INFO  impl.RaftServerImpl (ServerState.java:setLeader(255)) - 3bc82a09-eb4e-4191-b983-4b4db2cc119a@group-E339838B6863: change Leader from null to 3bc82a09-eb4e-4191-b983-4b4db2cc119a at term 1 for becomeLeader, leader elected after 5178ms
2019-10-09 08:12:50,417 [3bc82a09-eb4e-4191-b983-4b4db2cc119a@group-E339838B6863-LeaderElection61] INFO  server.RaftServerConfigKeys (ConfUtils.java:logGet(43)) - raft.server.staging.catchup.gap = 1000 (default)
2019-10-09 08:12:50,417 [3bc82a09-eb4e-4191-b983-4b4db2cc119a@group-E339838B6863-LeaderElection61] INFO  server.RaftServerConfigKeys (ConfUtils.java:logGet(43)) - raft.server.rpc.sleep.time = 25ms (default)
2019-10-09 08:12:50,418 [3bc82a09-eb4e-4191-b983-4b4db2cc119a@group-E339838B6863-LeaderElection61] INFO  server.RaftServerConfigKeys (ConfUtils.java:logGet(43)) - raft.server.write.element-limit = 4096 (default)
2019-10-09 08:12:50,418 [3bc82a09-eb4e-4191-b983-4b4db2cc119a@group-E339838B6863-LeaderElection61] INFO  server.RaftServerConfigKeys (ConfUtils.java:logGet(43)) - raft.server.watch.timeout = 10s (default)
2019-10-09 08:12:50,418 [3bc82a09-eb4e-4191-b983-4b4db2cc119a@group-E339838B6863-LeaderElection61] INFO  server.RaftServerConfigKeys (ConfUtils.java:logGet(43)) - raft.server.watch.timeout.denomination = 1s (default)
2019-10-09 08:12:50,418 [grpc-default-executor-6] INFO  impl.RaftServerImpl (RaftServerImpl.java:setRole(170)) - 3bc82a09-eb4e-4191-b983-4b4db2cc119a@group-8B014107F92B: changes role from  FOLLOWER to FOLLOWER at term 1 for recognizeCandidate:4f5831d1-4364-49f1-869b-a9f19d711711
2019-10-09 08:12:50,418 [grpc-default-executor-7] INFO  impl.RaftServerImpl (RaftServerImpl.java:setRole(170)) - 9b4ba789-db5f-4635-b70b-3632acd6cf18@group-8B014107F92B: changes role from  FOLLOWER to FOLLOWER at term 1 for recognizeCandidate:4f5831d1-4364-49f1-869b-a9f19d711711
2019-10-09 08:12:50,418 [grpc-default-executor-6] INFO  impl.RoleInfo (RoleInfo.java:shutdownFollowerState(121)) - 3bc82a09-eb4e-4191-b983-4b4db2cc119a: shutdown FollowerState
2019-10-09 08:12:50,418 [9b4ba789-db5f-4635-b70b-3632acd6cf18@group-9B71EA8E4881-LeaderElection60] INFO  impl.RoleInfo (RoleInfo.java:updateAndGet(143)) - 9b4ba789-db5f-4635-b70b-3632acd6cf18: start LeaderState
2019-10-09 08:12:50,418 [3bc82a09-eb4e-4191-b983-4b4db2cc119a@group-E339838B6863-LeaderElection61] INFO  server.RaftServerConfigKeys (ConfUtils.java:logGet(43)) - raft.server.watch.element-limit = 65536 (default)
2019-10-09 08:12:50,419 [Thread-2309] INFO  impl.FollowerState (FollowerState.java:run(117)) - 3bc82a09-eb4e-4191-b983-4b4db2cc119a@group-8B014107F92B-FollowerState was interrupted: java.lang.InterruptedException: sleep interrupted
2019-10-09 08:12:50,419 [grpc-default-executor-6] INFO  impl.RoleInfo (RoleInfo.java:updateAndGet(143)) - 3bc82a09-eb4e-4191-b983-4b4db2cc119a: start FollowerState
2019-10-09 08:12:50,419 [grpc-default-executor-7] INFO  impl.RoleInfo (RoleInfo.java:shutdownFollowerState(121)) - 9b4ba789-db5f-4635-b70b-3632acd6cf18: shutdown FollowerState
2019-10-09 08:12:50,419 [9b4ba789-db5f-4635-b70b-3632acd6cf18@group-9B71EA8E4881-LeaderElection60] INFO  segmented.SegmentedRaftLogWorker (SegmentedRaftLogWorker.java:startLogSegment(385)) - 9b4ba789-db5f-4635-b70b-3632acd6cf18@group-9B71EA8E4881-SegmentedRaftLogWorker: Starting segment from index:0
2019-10-09 08:12:50,423 [grpc-default-executor-7] INFO  impl.RoleInfo (RoleInfo.java:updateAndGet(143)) - 9b4ba789-db5f-4635-b70b-3632acd6cf18: start FollowerState
2019-10-09 08:12:50,423 [Thread-2314] INFO  impl.FollowerState (FollowerState.java:run(117)) - 9b4ba789-db5f-4635-b70b-3632acd6cf18@group-8B014107F92B-FollowerState was interrupted: java.lang.InterruptedException: sleep interrupted
2019-10-09 08:12:50,461 [9b4ba789-db5f-4635-b70b-3632acd6cf18@group-9B71EA8E4881-LeaderElection60] INFO  impl.RaftServerImpl (ServerState.java:setRaftConf(356)) - 9b4ba789-db5f-4635-b70b-3632acd6cf18@group-9B71EA8E4881: set configuration 0: [9b4ba789-db5f-4635-b70b-3632acd6cf18:192.168.30.26:42585], old=null at 0
2019-10-09 08:12:50,462 [3bc82a09-eb4e-4191-b983-4b4db2cc119a@group-E339838B6863-LeaderElection61] INFO  impl.RoleInfo (RoleInfo.java:updateAndGet(143)) - 3bc82a09-eb4e-4191-b983-4b4db2cc119a: start LeaderState
2019-10-09 08:12:50,462 [3bc82a09-eb4e-4191-b983-4b4db2cc119a@group-E339838B6863-LeaderElection61] INFO  segmented.SegmentedRaftLogWorker (SegmentedRaftLogWorker.java:startLogSegment(385)) - 3bc82a09-eb4e-4191-b983-4b4db2cc119a@group-E339838B6863-SegmentedRaftLogWorker: Starting segment from index:0
2019-10-09 08:12:50,463 [3bc82a09-eb4e-4191-b983-4b4db2cc119a@group-E339838B6863-LeaderElection61] INFO  impl.RaftServerImpl (ServerState.java:setRaftConf(356)) - 3bc82a09-eb4e-4191-b983-4b4db2cc119a@group-E339838B6863: set configuration 0: [3bc82a09-eb4e-4191-b983-4b4db2cc119a:192.168.30.26:36810], old=null at 0
2019-10-09 08:12:50,474 [9b4ba789-db5f-4635-b70b-3632acd6cf18@group-9B71EA8E4881-SegmentedRaftLogWorker] INFO  segmented.SegmentedRaftLogWorker (SegmentedRaftLogWorker.java:execute(574)) - 9b4ba789-db5f-4635-b70b-3632acd6cf18@group-9B71EA8E4881-SegmentedRaftLogWorker: created new log segment /workdir/hadoop-ozone/integration-test/target/test-dir/MiniOzoneClusterImpl-5209a03e-550f-4d6f-8cfb-5acb6562be12/datanode-1/data/ratis/adaee8a8-fe26-4221-b02e-9b71ea8e4881/current/log_inprogress_0
2019-10-09 08:12:50,475 [4f5831d1-4364-49f1-869b-a9f19d711711@group-8B014107F92B-LeaderElection59] INFO  impl.LeaderElection (LeaderElection.java:logAndReturn(56)) - 4f5831d1-4364-49f1-869b-a9f19d711711@group-8B014107F92B-LeaderElection59: Election PASSED; received 1 response(s) [4f5831d1-4364-49f1-869b-a9f19d711711<-3bc82a09-eb4e-4191-b983-4b4db2cc119a#0:OK-t1] and 0 exception(s); 4f5831d1-4364-49f1-869b-a9f19d711711@group-8B014107F92B:t1, leader=null, voted=4f5831d1-4364-49f1-869b-a9f19d711711, raftlog=4f5831d1-4364-49f1-869b-a9f19d711711@group-8B014107F92B-SegmentedRaftLog:OPENED:c-1,f-1,i0, conf=-1: [3bc82a09-eb4e-4191-b983-4b4db2cc119a:192.168.30.26:36810, 4f5831d1-4364-49f1-869b-a9f19d711711:192.168.30.26:39207, 9b4ba789-db5f-4635-b70b-3632acd6cf18:192.168.30.26:42585], old=null
2019-10-09 08:12:50,475 [4f5831d1-4364-49f1-869b-a9f19d711711@group-8B014107F92B-LeaderElection59] INFO  impl.RoleInfo (RoleInfo.java:shutdownLeaderElection(134)) - 4f5831d1-4364-49f1-869b-a9f19d711711: shutdown LeaderElection
2019-10-09 08:12:50,476 [4f5831d1-4364-49f1-869b-a9f19d711711@group-8B014107F92B-LeaderElection59] INFO  impl.RaftServerImpl (RaftServerImpl.java:setRole(170)) - 4f5831d1-4364-49f1-869b-a9f19d711711@group-8B014107F92B: changes role from CANDIDATE to LEADER at term 1 for changeToLeader
2019-10-09 08:12:50,476 [4f5831d1-4364-49f1-869b-a9f19d711711@group-8B014107F92B-LeaderElection59] INFO  impl.RaftServerImpl (ServerState.java:setLeader(255)) - 4f5831d1-4364-49f1-869b-a9f19d711711@group-8B014107F92B: change Leader from null to 4f5831d1-4364-49f1-869b-a9f19d711711 at term 1 for becomeLeader, leader elected after 5204ms
2019-10-09 08:12:50,476 [4f5831d1-4364-49f1-869b-a9f19d711711@group-8B014107F92B-LeaderElection59] INFO  server.RaftServerConfigKeys (ConfUtils.java:logGet(43)) - raft.server.staging.catchup.gap = 1000 (default)
2019-10-09 08:12:50,476 [4f5831d1-4364-49f1-869b-a9f19d711711@group-8B014107F92B-LeaderElection59] INFO  server.RaftServerConfigKeys (ConfUtils.java:logGet(43)) - raft.server.rpc.sleep.time = 25ms (default)
2019-10-09 08:12:50,476 [4f5831d1-4364-49f1-869b-a9f19d711711@group-8B014107F92B-LeaderElection59] INFO  server.RaftServerConfigKeys (ConfUtils.java:logGet(43)) - raft.server.write.element-limit = 4096 (default)
2019-10-09 08:12:50,476 [4f5831d1-4364-49f1-869b-a9f19d711711@group-8B014107F92B-LeaderElection59] INFO  server.RaftServerConfigKeys (ConfUtils.java:logGet(43)) - raft.server.watch.timeout = 10s (default)
2019-10-09 08:12:50,477 [4f5831d1-4364-49f1-869b-a9f19d711711@group-8B014107F92B-LeaderElection59] INFO  server.RaftServerConfigKeys (ConfUtils.java:logGet(43)) - raft.server.watch.timeout.denomination = 1s (default)
2019-10-09 08:12:50,477 [4f5831d1-4364-49f1-869b-a9f19d711711@group-8B014107F92B-LeaderElection59] INFO  server.RaftServerConfigKeys (ConfUtils.java:logGet(43)) - raft.server.watch.element-limit = 65536 (default)
2019-10-09 08:12:50,479 [4f5831d1-4364-49f1-869b-a9f19d711711@group-8B014107F92B-LeaderElection59] INFO  server.RaftServerConfigKeys (ConfUtils.java:logGet(43)) - raft.server.log.appender.snapshot.chunk.size.max = 16MB (=16777216) (default)
2019-10-09 08:12:50,479 [4f5831d1-4364-49f1-869b-a9f19d711711@group-8B014107F92B-LeaderElection59] INFO  server.RaftServerConfigKeys (ConfUtils.java:logGet(43)) - raft.server.log.appender.buffer.byte-limit = 33554432 (custom)
2019-10-09 08:12:50,479 [4f5831d1-4364-49f1-869b-a9f19d711711@group-8B014107F92B-LeaderElection59] INFO  server.RaftServerConfigKeys (ConfUtils.java:logGet(43)) - raft.server.log.appender.buffer.element-limit = 1 (custom)
2019-10-09 08:12:50,479 [4f5831d1-4364-49f1-869b-a9f19d711711@group-8B014107F92B-LeaderElection59] INFO  grpc.GrpcConfigKeys$Server (ConfUtils.java:logGet(43)) - raft.grpc.server.leader.outstanding.appends.max = 128 (default)
2019-10-09 08:12:50,479 [4f5831d1-4364-49f1-869b-a9f19d711711@group-8B014107F92B-LeaderElection59] INFO  server.RaftServerConfigKeys (ConfUtils.java:logGet(43)) - raft.server.rpc.request.timeout = 3000ms (default)
2019-10-09 08:12:50,480 [4f5831d1-4364-49f1-869b-a9f19d711711@group-8B014107F92B-LeaderElection59] INFO  server.RaftServerConfigKeys (ConfUtils.java:logGet(43)) - raft.server.log.appender.install.snapshot.enabled = false (custom)
2019-10-09 08:12:50,480 [4f5831d1-4364-49f1-869b-a9f19d711711@group-8B014107F92B-LeaderElection59] INFO  server.RaftServerConfigKeys (ConfUtils.java:logGet(43)) - raft.server.log.appender.snapshot.chunk.size.max = 16MB (=16777216) (default)
2019-10-09 08:12:50,480 [4f5831d1-4364-49f1-869b-a9f19d711711@group-8B014107F92B-LeaderElection59] INFO  server.RaftServerConfigKeys (ConfUtils.java:logGet(43)) - raft.server.log.appender.buffer.byte-limit = 33554432 (custom)
2019-10-09 08:12:50,480 [4f5831d1-4364-49f1-869b-a9f19d711711@group-8B014107F92B-LeaderElection59] INFO  server.RaftServerConfigKeys (ConfUtils.java:logGet(43)) - raft.server.log.appender.buffer.element-limit = 1 (custom)
2019-10-09 08:12:50,480 [4f5831d1-4364-49f1-869b-a9f19d711711@group-8B014107F92B-LeaderElection59] INFO  grpc.GrpcConfigKeys$Server (ConfUtils.java:logGet(43)) - raft.grpc.server.leader.outstanding.appends.max = 128 (default)
2019-10-09 08:12:50,480 [4f5831d1-4364-49f1-869b-a9f19d711711@group-8B014107F92B-LeaderElection59] INFO  server.RaftServerConfigKeys (ConfUtils.java:logGet(43)) - raft.server.rpc.request.timeout = 3000ms (default)
2019-10-09 08:12:50,481 [4f5831d1-4364-49f1-869b-a9f19d711711@group-8B014107F92B-LeaderElection59] INFO  server.RaftServerConfigKeys (ConfUtils.java:logGet(43)) - raft.server.log.appender.install.snapshot.enabled = false (custom)
2019-10-09 08:12:50,481 [4f5831d1-4364-49f1-869b-a9f19d711711@group-8B014107F92B-LeaderElection59] INFO  impl.RoleInfo (RoleInfo.java:updateAndGet(143)) - 4f5831d1-4364-49f1-869b-a9f19d711711: start LeaderState
2019-10-09 08:12:50,481 [4f5831d1-4364-49f1-869b-a9f19d711711@group-8B014107F92B-LeaderElection59] INFO  segmented.SegmentedRaftLogWorker (SegmentedRaftLogWorker.java:startLogSegment(385)) - 4f5831d1-4364-49f1-869b-a9f19d711711@group-8B014107F92B-SegmentedRaftLogWorker: Starting segment from index:0
2019-10-09 08:12:50,482 [4f5831d1-4364-49f1-869b-a9f19d711711@group-8B014107F92B-LeaderElection59] INFO  impl.RaftServerImpl (ServerState.java:setRaftConf(356)) - 4f5831d1-4364-49f1-869b-a9f19d711711@group-8B014107F92B: set configuration 0: [3bc82a09-eb4e-4191-b983-4b4db2cc119a:192.168.30.26:36810, 4f5831d1-4364-49f1-869b-a9f19d711711:192.168.30.26:39207, 9b4ba789-db5f-4635-b70b-3632acd6cf18:192.168.30.26:42585], old=null at 0
2019-10-09 08:12:50,512 [grpc-default-executor-6] INFO  impl.RaftServerImpl (ServerState.java:setLeader(255)) - 9b4ba789-db5f-4635-b70b-3632acd6cf18@group-8B014107F92B: change Leader from null to 4f5831d1-4364-49f1-869b-a9f19d711711 at term 1 for appendEntries, leader elected after 5239ms
2019-10-09 08:12:50,521 [grpc-default-executor-7] INFO  impl.RaftServerImpl (ServerState.java:setLeader(255)) - 3bc82a09-eb4e-4191-b983-4b4db2cc119a@group-8B014107F92B: change Leader from null to 4f5831d1-4364-49f1-869b-a9f19d711711 at term 1 for appendEntries, leader elected after 5251ms
2019-10-09 08:12:50,522 [grpc-default-executor-7] INFO  impl.RaftServerImpl (ServerState.java:setRaftConf(356)) - 9b4ba789-db5f-4635-b70b-3632acd6cf18@group-8B014107F92B: set configuration 0: [3bc82a09-eb4e-4191-b983-4b4db2cc119a:192.168.30.26:36810, 4f5831d1-4364-49f1-869b-a9f19d711711:192.168.30.26:39207, 9b4ba789-db5f-4635-b70b-3632acd6cf18:192.168.30.26:42585], old=null at 0
2019-10-09 08:12:50,522 [grpc-default-executor-7] INFO  segmented.SegmentedRaftLogWorker (SegmentedRaftLogWorker.java:startLogSegment(385)) - 9b4ba789-db5f-4635-b70b-3632acd6cf18@group-8B014107F92B-SegmentedRaftLogWorker: Starting segment from index:0
2019-10-09 08:12:50,523 [grpc-default-executor-6] INFO  impl.RaftServerImpl (ServerState.java:setRaftConf(356)) - 3bc82a09-eb4e-4191-b983-4b4db2cc119a@group-8B014107F92B: set configuration 0: [3bc82a09-eb4e-4191-b983-4b4db2cc119a:192.168.30.26:36810, 4f5831d1-4364-49f1-869b-a9f19d711711:192.168.30.26:39207, 9b4ba789-db5f-4635-b70b-3632acd6cf18:192.168.30.26:42585], old=null at 0
2019-10-09 08:12:50,523 [grpc-default-executor-6] INFO  segmented.SegmentedRaftLogWorker (SegmentedRaftLogWorker.java:startLogSegment(385)) - 3bc82a09-eb4e-4191-b983-4b4db2cc119a@group-8B014107F92B-SegmentedRaftLogWorker: Starting segment from index:0
2019-10-09 08:12:50,530 [3bc82a09-eb4e-4191-b983-4b4db2cc119a@group-E339838B6863-SegmentedRaftLogWorker] INFO  segmented.SegmentedRaftLogWorker (SegmentedRaftLogWorker.java:execute(574)) - 3bc82a09-eb4e-4191-b983-4b4db2cc119a@group-E339838B6863-SegmentedRaftLogWorker: created new log segment /workdir/hadoop-ozone/integration-test/target/test-dir/MiniOzoneClusterImpl-5209a03e-550f-4d6f-8cfb-5acb6562be12/datanode-2/data/ratis/e6b065c8-e272-4beb-9eae-e339838b6863/current/log_inprogress_0
2019-10-09 08:12:50,530 [4f5831d1-4364-49f1-869b-a9f19d711711@group-8B014107F92B-SegmentedRaftLogWorker] INFO  segmented.SegmentedRaftLogWorker (SegmentedRaftLogWorker.java:execute(574)) - 4f5831d1-4364-49f1-869b-a9f19d711711@group-8B014107F92B-SegmentedRaftLogWorker: created new log segment /workdir/hadoop-ozone/integration-test/target/test-dir/MiniOzoneClusterImpl-5209a03e-550f-4d6f-8cfb-5acb6562be12/datanode-0/data/ratis/2abede1e-5929-46bb-b6af-8b014107f92b/current/log_inprogress_0
2019-10-09 08:12:50,559 [Thread-2318] INFO  impl.FollowerState (FollowerState.java:run(108)) - 3d9e0f47-152a-48be-9178-e6c63907b681@group-7A20D6D93933-FollowerState: change to CANDIDATE, lastRpcTime:5116ms, electionTimeout:5116ms
2019-10-09 08:12:50,559 [Thread-2318] INFO  impl.RoleInfo (RoleInfo.java:shutdownFollowerState(121)) - 3d9e0f47-152a-48be-9178-e6c63907b681: shutdown FollowerState
2019-10-09 08:12:50,559 [Thread-2318] INFO  impl.RaftServerImpl (RaftServerImpl.java:setRole(170)) - 3d9e0f47-152a-48be-9178-e6c63907b681@group-7A20D6D93933: changes role from  FOLLOWER to CANDIDATE at term 0 for changeToCandidate
2019-10-09 08:12:50,560 [Thread-2318] INFO  impl.RoleInfo (RoleInfo.java:updateAndGet(143)) - 3d9e0f47-152a-48be-9178-e6c63907b681: start LeaderElection
2019-10-09 08:12:50,563 [3bc82a09-eb4e-4191-b983-4b4db2cc119a@group-8B014107F92B-SegmentedRaftLogWorker] INFO  segmented.SegmentedRaftLogWorker (SegmentedRaftLogWorker.java:execute(574)) - 3bc82a09-eb4e-4191-b983-4b4db2cc119a@group-8B014107F92B-SegmentedRaftLogWorker: created new log segment /workdir/hadoop-ozone/integration-test/target/test-dir/MiniOzoneClusterImpl-5209a03e-550f-4d6f-8cfb-5acb6562be12/datanode-2/data/ratis/2abede1e-5929-46bb-b6af-8b014107f92b/current/log_inprogress_0
2019-10-09 08:12:50,563 [9b4ba789-db5f-4635-b70b-3632acd6cf18@group-8B014107F92B-SegmentedRaftLogWorker] INFO  segmented.SegmentedRaftLogWorker (SegmentedRaftLogWorker.java:execute(574)) - 9b4ba789-db5f-4635-b70b-3632acd6cf18@group-8B014107F92B-SegmentedRaftLogWorker: created new log segment /workdir/hadoop-ozone/integration-test/target/test-dir/MiniOzoneClusterImpl-5209a03e-550f-4d6f-8cfb-5acb6562be12/datanode-1/data/ratis/2abede1e-5929-46bb-b6af-8b014107f92b/current/log_inprogress_0
2019-10-09 08:12:50,582 [3d9e0f47-152a-48be-9178-e6c63907b681@group-7A20D6D93933-LeaderElection62] INFO  impl.LeaderElection (LeaderElection.java:askForVotes(178)) - 3d9e0f47-152a-48be-9178-e6c63907b681@group-7A20D6D93933-LeaderElection62: begin an election at term 1 for -1: [3d9e0f47-152a-48be-9178-e6c63907b681:192.168.30.26:34923], old=null
2019-10-09 08:12:50,582 [3d9e0f47-152a-48be-9178-e6c63907b681@group-7A20D6D93933-LeaderElection62] INFO  impl.RoleInfo (RoleInfo.java:shutdownLeaderElection(134)) - 3d9e0f47-152a-48be-9178-e6c63907b681: shutdown LeaderElection
2019-10-09 08:12:50,582 [3d9e0f47-152a-48be-9178-e6c63907b681@group-7A20D6D93933-LeaderElection62] INFO  impl.RaftServerImpl (RaftServerImpl.java:setRole(170)) - 3d9e0f47-152a-48be-9178-e6c63907b681@group-7A20D6D93933: changes role from CANDIDATE to LEADER at term 1 for changeToLeader
2019-10-09 08:12:50,583 [3d9e0f47-152a-48be-9178-e6c63907b681@group-7A20D6D93933-LeaderElection62] INFO  impl.RaftServerImpl (ServerState.java:setLeader(255)) - 3d9e0f47-152a-48be-9178-e6c63907b681@group-7A20D6D93933: change Leader from null to 3d9e0f47-152a-48be-9178-e6c63907b681 at term 1 for becomeLeader, leader elected after 5147ms
2019-10-09 08:12:50,583 [3d9e0f47-152a-48be-9178-e6c63907b681@group-7A20D6D93933-LeaderElection62] INFO  server.RaftServerConfigKeys (ConfUtils.java:logGet(43)) - raft.server.staging.catchup.gap = 1000 (default)
2019-10-09 08:12:50,583 [3d9e0f47-152a-48be-9178-e6c63907b681@group-7A20D6D93933-LeaderElection62] INFO  server.RaftServerConfigKeys (ConfUtils.java:logGet(43)) - raft.server.rpc.sleep.time = 25ms (default)
2019-10-09 08:12:50,583 [3d9e0f47-152a-48be-9178-e6c63907b681@group-7A20D6D93933-LeaderElection62] INFO  server.RaftServerConfigKeys (ConfUtils.java:logGet(43)) - raft.server.write.element-limit = 4096 (default)
2019-10-09 08:12:50,583 [3d9e0f47-152a-48be-9178-e6c63907b681@group-7A20D6D93933-LeaderElection62] INFO  server.RaftServerConfigKeys (ConfUtils.java:logGet(43)) - raft.server.watch.timeout = 10s (default)
2019-10-09 08:12:50,583 [3d9e0f47-152a-48be-9178-e6c63907b681@group-7A20D6D93933-LeaderElection62] INFO  server.RaftServerConfigKeys (ConfUtils.java:logGet(43)) - raft.server.watch.timeout.denomination = 1s (default)
2019-10-09 08:12:50,584 [3d9e0f47-152a-48be-9178-e6c63907b681@group-7A20D6D93933-LeaderElection62] INFO  server.RaftServerConfigKeys (ConfUtils.java:logGet(43)) - raft.server.watch.element-limit = 65536 (default)
2019-10-09 08:12:50,586 [3d9e0f47-152a-48be-9178-e6c63907b681@group-7A20D6D93933-LeaderElection62] INFO  impl.RoleInfo (RoleInfo.java:updateAndGet(143)) - 3d9e0f47-152a-48be-9178-e6c63907b681: start LeaderState
2019-10-09 08:12:50,586 [3d9e0f47-152a-48be-9178-e6c63907b681@group-7A20D6D93933-LeaderElection62] INFO  segmented.SegmentedRaftLogWorker (SegmentedRaftLogWorker.java:startLogSegment(385)) - 3d9e0f47-152a-48be-9178-e6c63907b681@group-7A20D6D93933-SegmentedRaftLogWorker: Starting segment from index:0
2019-10-09 08:12:50,587 [3d9e0f47-152a-48be-9178-e6c63907b681@group-7A20D6D93933-LeaderElection62] INFO  impl.RaftServerImpl (ServerState.java:setRaftConf(356)) - 3d9e0f47-152a-48be-9178-e6c63907b681@group-7A20D6D93933: set configuration 0: [3d9e0f47-152a-48be-9178-e6c63907b681:192.168.30.26:34923], old=null at 0
2019-10-09 08:12:50,609 [Thread-2321] INFO  impl.FollowerState (FollowerState.java:run(108)) - e7b29786-3f7d-4673-b753-000d3cd04f78@group-6FDC12F66D5C-FollowerState: change to CANDIDATE, lastRpcTime:5118ms, electionTimeout:5118ms
2019-10-09 08:12:50,609 [Thread-2321] INFO  impl.RoleInfo (RoleInfo.java:shutdownFollowerState(121)) - e7b29786-3f7d-4673-b753-000d3cd04f78: shutdown FollowerState
2019-10-09 08:12:50,609 [Thread-2321] INFO  impl.RaftServerImpl (RaftServerImpl.java:setRole(170)) - e7b29786-3f7d-4673-b753-000d3cd04f78@group-6FDC12F66D5C: changes role from  FOLLOWER to CANDIDATE at term 0 for changeToCandidate
2019-10-09 08:12:50,610 [Thread-2321] INFO  impl.RoleInfo (RoleInfo.java:updateAndGet(143)) - e7b29786-3f7d-4673-b753-000d3cd04f78: start LeaderElection
2019-10-09 08:12:50,639 [3d9e0f47-152a-48be-9178-e6c63907b681@group-7A20D6D93933-SegmentedRaftLogWorker] INFO  segmented.SegmentedRaftLogWorker (SegmentedRaftLogWorker.java:execute(574)) - 3d9e0f47-152a-48be-9178-e6c63907b681@group-7A20D6D93933-SegmentedRaftLogWorker: created new log segment /workdir/hadoop-ozone/integration-test/target/test-dir/MiniOzoneClusterImpl-5209a03e-550f-4d6f-8cfb-5acb6562be12/datanode-4/data/ratis/b0c6d0da-fea8-4cc3-901b-7a20d6d93933/current/log_inprogress_0
2019-10-09 08:12:50,639 [e7b29786-3f7d-4673-b753-000d3cd04f78@group-6FDC12F66D5C-LeaderElection63] INFO  impl.LeaderElection (LeaderElection.java:askForVotes(178)) - e7b29786-3f7d-4673-b753-000d3cd04f78@group-6FDC12F66D5C-LeaderElection63: begin an election at term 1 for -1: [e7b29786-3f7d-4673-b753-000d3cd04f78:192.168.30.26:33362], old=null
2019-10-09 08:12:50,639 [e7b29786-3f7d-4673-b753-000d3cd04f78@group-6FDC12F66D5C-LeaderElection63] INFO  impl.RoleInfo (RoleInfo.java:shutdownLeaderElection(134)) - e7b29786-3f7d-4673-b753-000d3cd04f78: shutdown LeaderElection
2019-10-09 08:12:50,640 [e7b29786-3f7d-4673-b753-000d3cd04f78@group-6FDC12F66D5C-LeaderElection63] INFO  impl.RaftServerImpl (RaftServerImpl.java:setRole(170)) - e7b29786-3f7d-4673-b753-000d3cd04f78@group-6FDC12F66D5C: changes role from CANDIDATE to LEADER at term 1 for changeToLeader
2019-10-09 08:12:50,640 [e7b29786-3f7d-4673-b753-000d3cd04f78@group-6FDC12F66D5C-LeaderElection63] INFO  impl.RaftServerImpl (ServerState.java:setLeader(255)) - e7b29786-3f7d-4673-b753-000d3cd04f78@group-6FDC12F66D5C: change Leader from null to e7b29786-3f7d-4673-b753-000d3cd04f78 at term 1 for becomeLeader, leader elected after 5156ms
2019-10-09 08:12:50,640 [e7b29786-3f7d-4673-b753-000d3cd04f78@group-6FDC12F66D5C-LeaderElection63] INFO  server.RaftServerConfigKeys (ConfUtils.java:logGet(43)) - raft.server.staging.catchup.gap = 1000 (default)
2019-10-09 08:12:50,640 [e7b29786-3f7d-4673-b753-000d3cd04f78@group-6FDC12F66D5C-LeaderElection63] INFO  server.RaftServerConfigKeys (ConfUtils.java:logGet(43)) - raft.server.rpc.sleep.time = 25ms (default)
2019-10-09 08:12:50,640 [e7b29786-3f7d-4673-b753-000d3cd04f78@group-6FDC12F66D5C-LeaderElection63] INFO  server.RaftServerConfigKeys (ConfUtils.java:logGet(43)) - raft.server.write.element-limit = 4096 (default)
2019-10-09 08:12:50,640 [e7b29786-3f7d-4673-b753-000d3cd04f78@group-6FDC12F66D5C-LeaderElection63] INFO  server.RaftServerConfigKeys (ConfUtils.java:logGet(43)) - raft.server.watch.timeout = 10s (default)
2019-10-09 08:12:50,641 [e7b29786-3f7d-4673-b753-000d3cd04f78@group-6FDC12F66D5C-LeaderElection63] INFO  server.RaftServerConfigKeys (ConfUtils.java:logGet(43)) - raft.server.watch.timeout.denomination = 1s (default)
2019-10-09 08:12:50,641 [e7b29786-3f7d-4673-b753-000d3cd04f78@group-6FDC12F66D5C-LeaderElection63] INFO  server.RaftServerConfigKeys (ConfUtils.java:logGet(43)) - raft.server.watch.element-limit = 65536 (default)
2019-10-09 08:12:50,642 [e7b29786-3f7d-4673-b753-000d3cd04f78@group-6FDC12F66D5C-LeaderElection63] INFO  impl.RoleInfo (RoleInfo.java:updateAndGet(143)) - e7b29786-3f7d-4673-b753-000d3cd04f78: start LeaderState
2019-10-09 08:12:50,643 [e7b29786-3f7d-4673-b753-000d3cd04f78@group-6FDC12F66D5C-LeaderElection63] INFO  segmented.SegmentedRaftLogWorker (SegmentedRaftLogWorker.java:startLogSegment(385)) - e7b29786-3f7d-4673-b753-000d3cd04f78@group-6FDC12F66D5C-SegmentedRaftLogWorker: Starting segment from index:0
2019-10-09 08:12:50,643 [e7b29786-3f7d-4673-b753-000d3cd04f78@group-6FDC12F66D5C-LeaderElection63] INFO  impl.RaftServerImpl (ServerState.java:setRaftConf(356)) - e7b29786-3f7d-4673-b753-000d3cd04f78@group-6FDC12F66D5C: set configuration 0: [e7b29786-3f7d-4673-b753-000d3cd04f78:192.168.30.26:33362], old=null at 0
2019-10-09 08:12:50,681 [Thread-2329] INFO  impl.FollowerState (FollowerState.java:run(108)) - ef577cf0-addd-4563-8a74-3cd2be3a2511@group-E2E3E0CD0AF9-FollowerState: change to CANDIDATE, lastRpcTime:5072ms, electionTimeout:5072ms
2019-10-09 08:12:50,681 [Thread-2329] INFO  impl.RoleInfo (RoleInfo.java:shutdownFollowerState(121)) - ef577cf0-addd-4563-8a74-3cd2be3a2511: shutdown FollowerState
2019-10-09 08:12:50,681 [Thread-2329] INFO  impl.RaftServerImpl (RaftServerImpl.java:setRole(170)) - ef577cf0-addd-4563-8a74-3cd2be3a2511@group-E2E3E0CD0AF9: changes role from  FOLLOWER to CANDIDATE at term 0 for changeToCandidate
2019-10-09 08:12:50,681 [Thread-2329] INFO  impl.RoleInfo (RoleInfo.java:updateAndGet(143)) - ef577cf0-addd-4563-8a74-3cd2be3a2511: start LeaderElection
2019-10-09 08:12:50,691 [e7b29786-3f7d-4673-b753-000d3cd04f78@group-6FDC12F66D5C-SegmentedRaftLogWorker] INFO  segmented.SegmentedRaftLogWorker (SegmentedRaftLogWorker.java:execute(574)) - e7b29786-3f7d-4673-b753-000d3cd04f78@group-6FDC12F66D5C-SegmentedRaftLogWorker: created new log segment /workdir/hadoop-ozone/integration-test/target/test-dir/MiniOzoneClusterImpl-5209a03e-550f-4d6f-8cfb-5acb6562be12/datanode-3/data/ratis/fd283652-75db-4221-9e73-6fdc12f66d5c/current/log_inprogress_0
2019-10-09 08:12:50,692 [Thread-2335] INFO  impl.FollowerState (FollowerState.java:run(108)) - 3d9e0f47-152a-48be-9178-e6c63907b681@group-1BC10714F07E-FollowerState: change to CANDIDATE, lastRpcTime:5029ms, electionTimeout:5029ms
2019-10-09 08:12:50,692 [Thread-2335] INFO  impl.RoleInfo (RoleInfo.java:shutdownFollowerState(121)) - 3d9e0f47-152a-48be-9178-e6c63907b681: shutdown FollowerState
2019-10-09 08:12:50,692 [Thread-2335] INFO  impl.RaftServerImpl (RaftServerImpl.java:setRole(170)) - 3d9e0f47-152a-48be-9178-e6c63907b681@group-1BC10714F07E: changes role from  FOLLOWER to CANDIDATE at term 0 for changeToCandidate
2019-10-09 08:12:50,692 [Thread-2335] INFO  impl.RoleInfo (RoleInfo.java:updateAndGet(143)) - 3d9e0f47-152a-48be-9178-e6c63907b681: start LeaderElection
2019-10-09 08:12:50,705 [ef577cf0-addd-4563-8a74-3cd2be3a2511@group-E2E3E0CD0AF9-LeaderElection64] INFO  impl.LeaderElection (LeaderElection.java:askForVotes(178)) - ef577cf0-addd-4563-8a74-3cd2be3a2511@group-E2E3E0CD0AF9-LeaderElection64: begin an election at term 1 for -1: [ef577cf0-addd-4563-8a74-3cd2be3a2511:192.168.30.26:37964], old=null
2019-10-09 08:12:50,705 [3d9e0f47-152a-48be-9178-e6c63907b681@group-1BC10714F07E-LeaderElection65] INFO  impl.LeaderElection (LeaderElection.java:askForVotes(178)) - 3d9e0f47-152a-48be-9178-e6c63907b681@group-1BC10714F07E-LeaderElection65: begin an election at term 1 for -1: [3d9e0f47-152a-48be-9178-e6c63907b681:192.168.30.26:34923, ef577cf0-addd-4563-8a74-3cd2be3a2511:192.168.30.26:37964, e7b29786-3f7d-4673-b753-000d3cd04f78:192.168.30.26:33362], old=null
2019-10-09 08:12:50,705 [ef577cf0-addd-4563-8a74-3cd2be3a2511@group-E2E3E0CD0AF9-LeaderElection64] INFO  impl.RoleInfo (RoleInfo.java:shutdownLeaderElection(134)) - ef577cf0-addd-4563-8a74-3cd2be3a2511: shutdown LeaderElection
2019-10-09 08:12:50,705 [ef577cf0-addd-4563-8a74-3cd2be3a2511@group-E2E3E0CD0AF9-LeaderElection64] INFO  impl.RaftServerImpl (RaftServerImpl.java:setRole(170)) - ef577cf0-addd-4563-8a74-3cd2be3a2511@group-E2E3E0CD0AF9: changes role from CANDIDATE to LEADER at term 1 for changeToLeader
2019-10-09 08:12:50,705 [ef577cf0-addd-4563-8a74-3cd2be3a2511@group-E2E3E0CD0AF9-LeaderElection64] INFO  impl.RaftServerImpl (ServerState.java:setLeader(255)) - ef577cf0-addd-4563-8a74-3cd2be3a2511@group-E2E3E0CD0AF9: change Leader from null to ef577cf0-addd-4563-8a74-3cd2be3a2511 at term 1 for becomeLeader, leader elected after 5105ms
2019-10-09 08:12:50,705 [ef577cf0-addd-4563-8a74-3cd2be3a2511@group-E2E3E0CD0AF9-LeaderElection64] INFO  server.RaftServerConfigKeys (ConfUtils.java:logGet(43)) - raft.server.staging.catchup.gap = 1000 (default)
2019-10-09 08:12:50,706 [ef577cf0-addd-4563-8a74-3cd2be3a2511@group-E2E3E0CD0AF9-LeaderElection64] INFO  server.RaftServerConfigKeys (ConfUtils.java:logGet(43)) - raft.server.rpc.sleep.time = 25ms (default)
2019-10-09 08:12:50,706 [ef577cf0-addd-4563-8a74-3cd2be3a2511@group-E2E3E0CD0AF9-LeaderElection64] INFO  server.RaftServerConfigKeys (ConfUtils.java:logGet(43)) - raft.server.write.element-limit = 4096 (default)
2019-10-09 08:12:50,706 [ef577cf0-addd-4563-8a74-3cd2be3a2511@group-E2E3E0CD0AF9-LeaderElection64] INFO  server.RaftServerConfigKeys (ConfUtils.java:logGet(43)) - raft.server.watch.timeout = 10s (default)
2019-10-09 08:12:50,706 [ef577cf0-addd-4563-8a74-3cd2be3a2511@group-E2E3E0CD0AF9-LeaderElection64] INFO  server.RaftServerConfigKeys (ConfUtils.java:logGet(43)) - raft.server.watch.timeout.denomination = 1s (default)
2019-10-09 08:12:50,706 [ef577cf0-addd-4563-8a74-3cd2be3a2511@group-E2E3E0CD0AF9-LeaderElection64] INFO  server.RaftServerConfigKeys (ConfUtils.java:logGet(43)) - raft.server.watch.element-limit = 65536 (default)
2019-10-09 08:12:50,708 [ef577cf0-addd-4563-8a74-3cd2be3a2511@group-E2E3E0CD0AF9-LeaderElection64] INFO  impl.RoleInfo (RoleInfo.java:updateAndGet(143)) - ef577cf0-addd-4563-8a74-3cd2be3a2511: start LeaderState
2019-10-09 08:12:50,708 [ef577cf0-addd-4563-8a74-3cd2be3a2511@group-E2E3E0CD0AF9-LeaderElection64] INFO  segmented.SegmentedRaftLogWorker (SegmentedRaftLogWorker.java:startLogSegment(385)) - ef577cf0-addd-4563-8a74-3cd2be3a2511@group-E2E3E0CD0AF9-SegmentedRaftLogWorker: Starting segment from index:0
2019-10-09 08:12:50,708 [ef577cf0-addd-4563-8a74-3cd2be3a2511@group-E2E3E0CD0AF9-LeaderElection64] INFO  impl.RaftServerImpl (ServerState.java:setRaftConf(356)) - ef577cf0-addd-4563-8a74-3cd2be3a2511@group-E2E3E0CD0AF9: set configuration 0: [ef577cf0-addd-4563-8a74-3cd2be3a2511:192.168.30.26:37964], old=null at 0
2019-10-09 08:12:50,739 [grpc-default-executor-7] INFO  impl.RaftServerImpl (RaftServerImpl.java:setRole(170)) - e7b29786-3f7d-4673-b753-000d3cd04f78@group-1BC10714F07E: changes role from  FOLLOWER to FOLLOWER at term 1 for recognizeCandidate:3d9e0f47-152a-48be-9178-e6c63907b681
2019-10-09 08:12:50,744 [grpc-default-executor-6] INFO  impl.RaftServerImpl (RaftServerImpl.java:setRole(170)) - ef577cf0-addd-4563-8a74-3cd2be3a2511@group-1BC10714F07E: changes role from  FOLLOWER to FOLLOWER at term 1 for recognizeCandidate:3d9e0f47-152a-48be-9178-e6c63907b681
2019-10-09 08:12:50,744 [grpc-default-executor-7] INFO  impl.RoleInfo (RoleInfo.java:shutdownFollowerState(121)) - e7b29786-3f7d-4673-b753-000d3cd04f78: shutdown FollowerState
2019-10-09 08:12:50,741 [Thread-2326] INFO  impl.FollowerState (FollowerState.java:run(108)) - bc80ec65-15ce-456f-b0ee-323fbae83cd2@group-185BDA018EC2-FollowerState: change to CANDIDATE, lastRpcTime:5181ms, electionTimeout:5167ms
2019-10-09 08:12:50,744 [grpc-default-executor-7] INFO  impl.RoleInfo (RoleInfo.java:updateAndGet(143)) - e7b29786-3f7d-4673-b753-000d3cd04f78: start FollowerState
2019-10-09 08:12:50,744 [grpc-default-executor-6] INFO  impl.RoleInfo (RoleInfo.java:shutdownFollowerState(121)) - ef577cf0-addd-4563-8a74-3cd2be3a2511: shutdown FollowerState
2019-10-09 08:12:50,745 [Thread-2326] INFO  impl.RoleInfo (RoleInfo.java:shutdownFollowerState(121)) - bc80ec65-15ce-456f-b0ee-323fbae83cd2: shutdown FollowerState
2019-10-09 08:12:50,745 [Thread-2333] INFO  impl.FollowerState (FollowerState.java:run(117)) - ef577cf0-addd-4563-8a74-3cd2be3a2511@group-1BC10714F07E-FollowerState was interrupted: java.lang.InterruptedException: sleep interrupted
2019-10-09 08:12:50,745 [grpc-default-executor-6] INFO  impl.RoleInfo (RoleInfo.java:updateAndGet(143)) - ef577cf0-addd-4563-8a74-3cd2be3a2511: start FollowerState
2019-10-09 08:12:50,745 [Thread-2326] INFO  impl.RaftServerImpl (RaftServerImpl.java:setRole(170)) - bc80ec65-15ce-456f-b0ee-323fbae83cd2@group-185BDA018EC2: changes role from  FOLLOWER to CANDIDATE at term 0 for changeToCandidate
2019-10-09 08:12:50,748 [Thread-2326] INFO  impl.RoleInfo (RoleInfo.java:updateAndGet(143)) - bc80ec65-15ce-456f-b0ee-323fbae83cd2: start LeaderElection
2019-10-09 08:12:50,756 [ef577cf0-addd-4563-8a74-3cd2be3a2511@group-E2E3E0CD0AF9-SegmentedRaftLogWorker] INFO  segmented.SegmentedRaftLogWorker (SegmentedRaftLogWorker.java:execute(574)) - ef577cf0-addd-4563-8a74-3cd2be3a2511@group-E2E3E0CD0AF9-SegmentedRaftLogWorker: created new log segment /workdir/hadoop-ozone/integration-test/target/test-dir/MiniOzoneClusterImpl-5209a03e-550f-4d6f-8cfb-5acb6562be12/datanode-6/data/ratis/98459a6f-8361-401a-814f-e2e3e0cd0af9/current/log_inprogress_0
2019-10-09 08:12:50,758 [bc80ec65-15ce-456f-b0ee-323fbae83cd2@group-185BDA018EC2-LeaderElection66] INFO  impl.LeaderElection (LeaderElection.java:askForVotes(178)) - bc80ec65-15ce-456f-b0ee-323fbae83cd2@group-185BDA018EC2-LeaderElection66: begin an election at term 1 for -1: [bc80ec65-15ce-456f-b0ee-323fbae83cd2:192.168.30.26:44468], old=null
2019-10-09 08:12:50,758 [bc80ec65-15ce-456f-b0ee-323fbae83cd2@group-185BDA018EC2-LeaderElection66] INFO  impl.RoleInfo (RoleInfo.java:shutdownLeaderElection(134)) - bc80ec65-15ce-456f-b0ee-323fbae83cd2: shutdown LeaderElection
2019-10-09 08:12:50,758 [bc80ec65-15ce-456f-b0ee-323fbae83cd2@group-185BDA018EC2-LeaderElection66] INFO  impl.RaftServerImpl (RaftServerImpl.java:setRole(170)) - bc80ec65-15ce-456f-b0ee-323fbae83cd2@group-185BDA018EC2: changes role from CANDIDATE to LEADER at term 1 for changeToLeader
2019-10-09 08:12:50,758 [bc80ec65-15ce-456f-b0ee-323fbae83cd2@group-185BDA018EC2-LeaderElection66] INFO  impl.RaftServerImpl (ServerState.java:setLeader(255)) - bc80ec65-15ce-456f-b0ee-323fbae83cd2@group-185BDA018EC2: change Leader from null to bc80ec65-15ce-456f-b0ee-323fbae83cd2 at term 1 for becomeLeader, leader elected after 5215ms
2019-10-09 08:12:50,758 [bc80ec65-15ce-456f-b0ee-323fbae83cd2@group-185BDA018EC2-LeaderElection66] INFO  server.RaftServerConfigKeys (ConfUtils.java:logGet(43)) - raft.server.staging.catchup.gap = 1000 (default)
2019-10-09 08:12:50,759 [bc80ec65-15ce-456f-b0ee-323fbae83cd2@group-185BDA018EC2-LeaderElection66] INFO  server.RaftServerConfigKeys (ConfUtils.java:logGet(43)) - raft.server.rpc.sleep.time = 25ms (default)
2019-10-09 08:12:50,759 [3d9e0f47-152a-48be-9178-e6c63907b681@group-1BC10714F07E-LeaderElection65] INFO  impl.LeaderElection (LeaderElection.java:logAndReturn(56)) - 3d9e0f47-152a-48be-9178-e6c63907b681@group-1BC10714F07E-LeaderElection65: Election PASSED; received 1 response(s) [3d9e0f47-152a-48be-9178-e6c63907b681<-e7b29786-3f7d-4673-b753-000d3cd04f78#0:OK-t1] and 0 exception(s); 3d9e0f47-152a-48be-9178-e6c63907b681@group-1BC10714F07E:t1, leader=null, voted=3d9e0f47-152a-48be-9178-e6c63907b681, raftlog=3d9e0f47-152a-48be-9178-e6c63907b681@group-1BC10714F07E-SegmentedRaftLog:OPENED:c-1,f-1,i0, conf=-1: [3d9e0f47-152a-48be-9178-e6c63907b681:192.168.30.26:34923, ef577cf0-addd-4563-8a74-3cd2be3a2511:192.168.30.26:37964, e7b29786-3f7d-4673-b753-000d3cd04f78:192.168.30.26:33362], old=null
2019-10-09 08:12:50,759 [bc80ec65-15ce-456f-b0ee-323fbae83cd2@group-185BDA018EC2-LeaderElection66] INFO  server.RaftServerConfigKeys (ConfUtils.java:logGet(43)) - raft.server.write.element-limit = 4096 (default)
2019-10-09 08:12:50,759 [3d9e0f47-152a-48be-9178-e6c63907b681@group-1BC10714F07E-LeaderElection65] INFO  impl.RoleInfo (RoleInfo.java:shutdownLeaderElection(134)) - 3d9e0f47-152a-48be-9178-e6c63907b681: shutdown LeaderElection
2019-10-09 08:12:50,759 [bc80ec65-15ce-456f-b0ee-323fbae83cd2@group-185BDA018EC2-LeaderElection66] INFO  server.RaftServerConfigKeys (ConfUtils.java:logGet(43)) - raft.server.watch.timeout = 10s (default)
2019-10-09 08:12:50,761 [3d9e0f47-152a-48be-9178-e6c63907b681@group-1BC10714F07E-LeaderElection65] INFO  impl.RaftServerImpl (RaftServerImpl.java:setRole(170)) - 3d9e0f47-152a-48be-9178-e6c63907b681@group-1BC10714F07E: changes role from CANDIDATE to LEADER at term 1 for changeToLeader
2019-10-09 08:12:50,761 [bc80ec65-15ce-456f-b0ee-323fbae83cd2@group-185BDA018EC2-LeaderElection66] INFO  server.RaftServerConfigKeys (ConfUtils.java:logGet(43)) - raft.server.watch.timeout.denomination = 1s (default)
2019-10-09 08:12:50,763 [3d9e0f47-152a-48be-9178-e6c63907b681@group-1BC10714F07E-LeaderElection65] INFO  impl.RaftServerImpl (ServerState.java:setLeader(255)) - 3d9e0f47-152a-48be-9178-e6c63907b681@group-1BC10714F07E: change Leader from null to 3d9e0f47-152a-48be-9178-e6c63907b681 at term 1 for becomeLeader, leader elected after 5108ms
2019-10-09 08:12:50,763 [bc80ec65-15ce-456f-b0ee-323fbae83cd2@group-185BDA018EC2-LeaderElection66] INFO  server.RaftServerConfigKeys (ConfUtils.java:logGet(43)) - raft.server.watch.element-limit = 65536 (default)
2019-10-09 08:12:50,763 [3d9e0f47-152a-48be-9178-e6c63907b681@group-1BC10714F07E-LeaderElection65] INFO  server.RaftServerConfigKeys (ConfUtils.java:logGet(43)) - raft.server.staging.catchup.gap = 1000 (default)
2019-10-09 08:12:50,764 [3d9e0f47-152a-48be-9178-e6c63907b681@group-1BC10714F07E-LeaderElection65] INFO  server.RaftServerConfigKeys (ConfUtils.java:logGet(43)) - raft.server.rpc.sleep.time = 25ms (default)
2019-10-09 08:12:50,764 [3d9e0f47-152a-48be-9178-e6c63907b681@group-1BC10714F07E-LeaderElection65] INFO  server.RaftServerConfigKeys (ConfUtils.java:logGet(43)) - raft.server.write.element-limit = 4096 (default)
2019-10-09 08:12:50,764 [3d9e0f47-152a-48be-9178-e6c63907b681@group-1BC10714F07E-LeaderElection65] INFO  server.RaftServerConfigKeys (ConfUtils.java:logGet(43)) - raft.server.watch.timeout = 10s (default)
2019-10-09 08:12:50,764 [3d9e0f47-152a-48be-9178-e6c63907b681@group-1BC10714F07E-LeaderElection65] INFO  server.RaftServerConfigKeys (ConfUtils.java:logGet(43)) - raft.server.watch.timeout.denomination = 1s (default)
2019-10-09 08:12:50,764 [3d9e0f47-152a-48be-9178-e6c63907b681@group-1BC10714F07E-LeaderElection65] INFO  server.RaftServerConfigKeys (ConfUtils.java:logGet(43)) - raft.server.watch.element-limit = 65536 (default)
2019-10-09 08:12:50,765 [bc80ec65-15ce-456f-b0ee-323fbae83cd2@group-185BDA018EC2-LeaderElection66] INFO  impl.RoleInfo (RoleInfo.java:updateAndGet(143)) - bc80ec65-15ce-456f-b0ee-323fbae83cd2: start LeaderState
2019-10-09 08:12:50,766 [bc80ec65-15ce-456f-b0ee-323fbae83cd2@group-185BDA018EC2-LeaderElection66] INFO  segmented.SegmentedRaftLogWorker (SegmentedRaftLogWorker.java:startLogSegment(385)) - bc80ec65-15ce-456f-b0ee-323fbae83cd2@group-185BDA018EC2-SegmentedRaftLogWorker: Starting segment from index:0
2019-10-09 08:12:50,766 [bc80ec65-15ce-456f-b0ee-323fbae83cd2@group-185BDA018EC2-LeaderElection66] INFO  impl.RaftServerImpl (ServerState.java:setRaftConf(356)) - bc80ec65-15ce-456f-b0ee-323fbae83cd2@group-185BDA018EC2: set configuration 0: [bc80ec65-15ce-456f-b0ee-323fbae83cd2:192.168.30.26:44468], old=null at 0
2019-10-09 08:12:50,766 [3d9e0f47-152a-48be-9178-e6c63907b681@group-1BC10714F07E-LeaderElection65] INFO  server.RaftServerConfigKeys (ConfUtils.java:logGet(43)) - raft.server.log.appender.snapshot.chunk.size.max = 16MB (=16777216) (default)
2019-10-09 08:12:50,766 [3d9e0f47-152a-48be-9178-e6c63907b681@group-1BC10714F07E-LeaderElection65] INFO  server.RaftServerConfigKeys (ConfUtils.java:logGet(43)) - raft.server.log.appender.buffer.byte-limit = 33554432 (custom)
2019-10-09 08:12:50,767 [3d9e0f47-152a-48be-9178-e6c63907b681@group-1BC10714F07E-LeaderElection65] INFO  server.RaftServerConfigKeys (ConfUtils.java:logGet(43)) - raft.server.log.appender.buffer.element-limit = 1 (custom)
2019-10-09 08:12:50,767 [3d9e0f47-152a-48be-9178-e6c63907b681@group-1BC10714F07E-LeaderElection65] INFO  grpc.GrpcConfigKeys$Server (ConfUtils.java:logGet(43)) - raft.grpc.server.leader.outstanding.appends.max = 128 (default)
2019-10-09 08:12:50,767 [3d9e0f47-152a-48be-9178-e6c63907b681@group-1BC10714F07E-LeaderElection65] INFO  server.RaftServerConfigKeys (ConfUtils.java:logGet(43)) - raft.server.rpc.request.timeout = 3000ms (default)
2019-10-09 08:12:50,767 [3d9e0f47-152a-48be-9178-e6c63907b681@group-1BC10714F07E-LeaderElection65] INFO  server.RaftServerConfigKeys (ConfUtils.java:logGet(43)) - raft.server.log.appender.install.snapshot.enabled = false (custom)
2019-10-09 08:12:50,767 [3d9e0f47-152a-48be-9178-e6c63907b681@group-1BC10714F07E-LeaderElection65] INFO  server.RaftServerConfigKeys (ConfUtils.java:logGet(43)) - raft.server.log.appender.snapshot.chunk.size.max = 16MB (=16777216) (default)
2019-10-09 08:12:50,768 [3d9e0f47-152a-48be-9178-e6c63907b681@group-1BC10714F07E-LeaderElection65] INFO  server.RaftServerConfigKeys (ConfUtils.java:logGet(43)) - raft.server.log.appender.buffer.byte-limit = 33554432 (custom)
2019-10-09 08:12:50,768 [3d9e0f47-152a-48be-9178-e6c63907b681@group-1BC10714F07E-LeaderElection65] INFO  server.RaftServerConfigKeys (ConfUtils.java:logGet(43)) - raft.server.log.appender.buffer.element-limit = 1 (custom)
2019-10-09 08:12:50,768 [3d9e0f47-152a-48be-9178-e6c63907b681@group-1BC10714F07E-LeaderElection65] INFO  grpc.GrpcConfigKeys$Server (ConfUtils.java:logGet(43)) - raft.grpc.server.leader.outstanding.appends.max = 128 (default)
2019-10-09 08:12:50,768 [3d9e0f47-152a-48be-9178-e6c63907b681@group-1BC10714F07E-LeaderElection65] INFO  server.RaftServerConfigKeys (ConfUtils.java:logGet(43)) - raft.server.rpc.request.timeout = 3000ms (default)
2019-10-09 08:12:50,768 [3d9e0f47-152a-48be-9178-e6c63907b681@group-1BC10714F07E-LeaderElection65] INFO  server.RaftServerConfigKeys (ConfUtils.java:logGet(43)) - raft.server.log.appender.install.snapshot.enabled = false (custom)
2019-10-09 08:12:50,769 [3d9e0f47-152a-48be-9178-e6c63907b681@group-1BC10714F07E-LeaderElection65] INFO  impl.RoleInfo (RoleInfo.java:updateAndGet(143)) - 3d9e0f47-152a-48be-9178-e6c63907b681: start LeaderState
2019-10-09 08:12:50,769 [3d9e0f47-152a-48be-9178-e6c63907b681@group-1BC10714F07E-LeaderElection65] INFO  segmented.SegmentedRaftLogWorker (SegmentedRaftLogWorker.java:startLogSegment(385)) - 3d9e0f47-152a-48be-9178-e6c63907b681@group-1BC10714F07E-SegmentedRaftLogWorker: Starting segment from index:0
2019-10-09 08:12:50,770 [3d9e0f47-152a-48be-9178-e6c63907b681@group-1BC10714F07E-LeaderElection65] INFO  impl.RaftServerImpl (ServerState.java:setRaftConf(356)) - 3d9e0f47-152a-48be-9178-e6c63907b681@group-1BC10714F07E: set configuration 0: [3d9e0f47-152a-48be-9178-e6c63907b681:192.168.30.26:34923, ef577cf0-addd-4563-8a74-3cd2be3a2511:192.168.30.26:37964, e7b29786-3f7d-4673-b753-000d3cd04f78:192.168.30.26:33362], old=null at 0
2019-10-09 08:12:50,771 [grpc-default-executor-6] INFO  impl.RaftServerImpl (ServerState.java:setLeader(255)) - ef577cf0-addd-4563-8a74-3cd2be3a2511@group-1BC10714F07E: change Leader from null to 3d9e0f47-152a-48be-9178-e6c63907b681 at term 1 for appendEntries, leader elected after 5115ms
2019-10-09 08:12:50,771 [grpc-default-executor-7] INFO  impl.RaftServerImpl (ServerState.java:setLeader(255)) - e7b29786-3f7d-4673-b753-000d3cd04f78@group-1BC10714F07E: change Leader from null to 3d9e0f47-152a-48be-9178-e6c63907b681 at term 1 for appendEntries, leader elected after 5115ms
2019-10-09 08:12:50,801 [grpc-default-executor-6] INFO  impl.RaftServerImpl (ServerState.java:setRaftConf(356)) - e7b29786-3f7d-4673-b753-000d3cd04f78@group-1BC10714F07E: set configuration 0: [3d9e0f47-152a-48be-9178-e6c63907b681:192.168.30.26:34923, ef577cf0-addd-4563-8a74-3cd2be3a2511:192.168.30.26:37964, e7b29786-3f7d-4673-b753-000d3cd04f78:192.168.30.26:33362], old=null at 0
2019-10-09 08:12:50,801 [grpc-default-executor-7] INFO  impl.RaftServerImpl (ServerState.java:setRaftConf(356)) - ef577cf0-addd-4563-8a74-3cd2be3a2511@group-1BC10714F07E: set configuration 0: [3d9e0f47-152a-48be-9178-e6c63907b681:192.168.30.26:34923, ef577cf0-addd-4563-8a74-3cd2be3a2511:192.168.30.26:37964, e7b29786-3f7d-4673-b753-000d3cd04f78:192.168.30.26:33362], old=null at 0
2019-10-09 08:12:50,801 [grpc-default-executor-6] INFO  segmented.SegmentedRaftLogWorker (SegmentedRaftLogWorker.java:startLogSegment(385)) - e7b29786-3f7d-4673-b753-000d3cd04f78@group-1BC10714F07E-SegmentedRaftLogWorker: Starting segment from index:0
2019-10-09 08:12:50,801 [grpc-default-executor-7] INFO  segmented.SegmentedRaftLogWorker (SegmentedRaftLogWorker.java:startLogSegment(385)) - ef577cf0-addd-4563-8a74-3cd2be3a2511@group-1BC10714F07E-SegmentedRaftLogWorker: Starting segment from index:0
2019-10-09 08:12:50,813 [bc80ec65-15ce-456f-b0ee-323fbae83cd2@group-185BDA018EC2-SegmentedRaftLogWorker] INFO  segmented.SegmentedRaftLogWorker (SegmentedRaftLogWorker.java:execute(574)) - bc80ec65-15ce-456f-b0ee-323fbae83cd2@group-185BDA018EC2-SegmentedRaftLogWorker: created new log segment /workdir/hadoop-ozone/integration-test/target/test-dir/MiniOzoneClusterImpl-5209a03e-550f-4d6f-8cfb-5acb6562be12/datanode-5/data/ratis/8f192be7-9ce2-4059-a239-185bda018ec2/current/log_inprogress_0
2019-10-09 08:12:50,813 [3d9e0f47-152a-48be-9178-e6c63907b681@group-1BC10714F07E-SegmentedRaftLogWorker] INFO  segmented.SegmentedRaftLogWorker (SegmentedRaftLogWorker.java:execute(574)) - 3d9e0f47-152a-48be-9178-e6c63907b681@group-1BC10714F07E-SegmentedRaftLogWorker: created new log segment /workdir/hadoop-ozone/integration-test/target/test-dir/MiniOzoneClusterImpl-5209a03e-550f-4d6f-8cfb-5acb6562be12/datanode-4/data/ratis/29fb6a31-f67c-4244-a377-1bc10714f07e/current/log_inprogress_0
2019-10-09 08:12:50,833 [e7b29786-3f7d-4673-b753-000d3cd04f78@group-1BC10714F07E-SegmentedRaftLogWorker] INFO  segmented.SegmentedRaftLogWorker (SegmentedRaftLogWorker.java:execute(574)) - e7b29786-3f7d-4673-b753-000d3cd04f78@group-1BC10714F07E-SegmentedRaftLogWorker: created new log segment /workdir/hadoop-ozone/integration-test/target/test-dir/MiniOzoneClusterImpl-5209a03e-550f-4d6f-8cfb-5acb6562be12/datanode-3/data/ratis/29fb6a31-f67c-4244-a377-1bc10714f07e/current/log_inprogress_0
2019-10-09 08:12:50,849 [ef577cf0-addd-4563-8a74-3cd2be3a2511@group-1BC10714F07E-SegmentedRaftLogWorker] INFO  segmented.SegmentedRaftLogWorker (SegmentedRaftLogWorker.java:execute(574)) - ef577cf0-addd-4563-8a74-3cd2be3a2511@group-1BC10714F07E-SegmentedRaftLogWorker: created new log segment /workdir/hadoop-ozone/integration-test/target/test-dir/MiniOzoneClusterImpl-5209a03e-550f-4d6f-8cfb-5acb6562be12/datanode-6/data/ratis/29fb6a31-f67c-4244-a377-1bc10714f07e/current/log_inprogress_0
2019-10-09 08:12:51,889 [Datanode State Machine Thread - 0] INFO  statemachine.DatanodeStateMachine (DatanodeStateMachine.java:lambda$startDaemon$0(350)) - Ozone container server started.
2019-10-09 08:12:55,903 [main] INFO  ozoneimpl.OzoneContainer (OzoneContainer.java:stop(227)) - Attempting to stop container services.
2019-10-09 08:12:55,904 [main] INFO  impl.RaftServerProxy (RaftServerProxy.java:lambda$close$4(314)) - 4f5831d1-4364-49f1-869b-a9f19d711711: close
2019-10-09 08:12:55,905 [main] INFO  impl.RaftServerImpl (RaftServerImpl.java:lambda$shutdown$3(247)) - 4f5831d1-4364-49f1-869b-a9f19d711711@group-8B014107F92B: shutdown
2019-10-09 08:12:55,905 [main] INFO  util.JmxRegister (JmxRegister.java:unregister(73)) - Successfully un-registered JMX Bean with object name Ratis:service=RaftServer,group=group-8B014107F92B,id=4f5831d1-4364-49f1-869b-a9f19d711711
2019-10-09 08:12:55,905 [main] INFO  impl.RoleInfo (RoleInfo.java:shutdownLeaderState(104)) - 4f5831d1-4364-49f1-869b-a9f19d711711: shutdown LeaderState
2019-10-09 08:12:55,913 [main] INFO  impl.PendingRequests (PendingRequests.java:sendNotLeaderResponses(202)) - 4f5831d1-4364-49f1-869b-a9f19d711711@group-8B014107F92B-PendingRequests: sendNotLeaderResponses
2019-10-09 08:12:55,913 [org.apache.ratis.server.impl.LogAppender$AppenderDaemon$$Lambda$541/1803260299@50ffc3c9] WARN  server.GrpcLogAppender (GrpcLogAppender.java:mayWait(143)) - 4f5831d1-4364-49f1-869b-a9f19d711711@group-8B014107F92B->3bc82a09-eb4e-4191-b983-4b4db2cc119a-GrpcLogAppender: Wait interrupted by java.lang.InterruptedException
2019-10-09 08:12:55,913 [org.apache.ratis.server.impl.LogAppender$AppenderDaemon$$Lambda$541/1803260299@666fdb80] WARN  server.GrpcLogAppender (GrpcLogAppender.java:mayWait(143)) - 4f5831d1-4364-49f1-869b-a9f19d711711@group-8B014107F92B->9b4ba789-db5f-4635-b70b-3632acd6cf18-GrpcLogAppender: Wait interrupted by java.lang.InterruptedException
2019-10-09 08:12:55,930 [4f5831d1-4364-49f1-869b-a9f19d711711@group-8B014107F92B-StateMachineUpdater] INFO  ratis.ContainerStateMachine (ContainerStateMachine.java:takeSnapshot(294)) - group-8B014107F92B: Taking a snapshot at:(t:1, i:2) file /workdir/hadoop-ozone/integration-test/target/test-dir/MiniOzoneClusterImpl-5209a03e-550f-4d6f-8cfb-5acb6562be12/datanode-0/data/ratis/2abede1e-5929-46bb-b6af-8b014107f92b/sm/snapshot.1_2
2019-10-09 08:12:55,930 [main] INFO  impl.StateMachineUpdater (StateMachineUpdater.java:stopAndJoin(136)) - 4f5831d1-4364-49f1-869b-a9f19d711711@group-8B014107F92B-StateMachineUpdater: set stopIndex = 2
2019-10-09 08:12:55,931 [grpc-default-executor-6] INFO  server.GrpcServerProtocolService (GrpcServerProtocolService.java:onCompleted(113)) - 3bc82a09-eb4e-4191-b983-4b4db2cc119a: Completed APPEND_ENTRIES, lastRequest: 4f5831d1-4364-49f1-869b-a9f19d711711->3bc82a09-eb4e-4191-b983-4b4db2cc119a#5-t1, previous=(t:1, i:2), leaderCommit=2, initializing? false, entries: <empty>
2019-10-09 08:12:55,931 [grpc-default-executor-7] INFO  server.GrpcServerProtocolService (GrpcServerProtocolService.java:onCompleted(113)) - 9b4ba789-db5f-4635-b70b-3632acd6cf18: Completed APPEND_ENTRIES, lastRequest: 4f5831d1-4364-49f1-869b-a9f19d711711->9b4ba789-db5f-4635-b70b-3632acd6cf18#5-t1, previous=(t:1, i:2), leaderCommit=2, initializing? false, entries: <empty>
2019-10-09 08:12:55,932 [grpc-default-executor-7] INFO  server.GrpcLogAppender (GrpcLogAppender.java:onCompleted(293)) - 4f5831d1-4364-49f1-869b-a9f19d711711@group-8B014107F92B->3bc82a09-eb4e-4191-b983-4b4db2cc119a-AppendLogResponseHandler: follower responses appendEntries COMPLETED
2019-10-09 08:12:55,932 [grpc-default-executor-6] INFO  server.GrpcLogAppender (GrpcLogAppender.java:onCompleted(293)) - 4f5831d1-4364-49f1-869b-a9f19d711711@group-8B014107F92B->9b4ba789-db5f-4635-b70b-3632acd6cf18-AppendLogResponseHandler: follower responses appendEntries COMPLETED
2019-10-09 08:12:55,932 [grpc-default-executor-7] INFO  impl.FollowerInfo (FollowerInfo.java:lambda$new$0(51)) - 4f5831d1-4364-49f1-869b-a9f19d711711@group-8B014107F92B->3bc82a09-eb4e-4191-b983-4b4db2cc119a: nextIndex: updateUnconditionally 3 -> 2
2019-10-09 08:12:55,933 [grpc-default-executor-6] INFO  impl.FollowerInfo (FollowerInfo.java:lambda$new$0(51)) - 4f5831d1-4364-49f1-869b-a9f19d711711@group-8B014107F92B->9b4ba789-db5f-4635-b70b-3632acd6cf18: nextIndex: updateUnconditionally 3 -> 2
2019-10-09 08:12:55,944 [4f5831d1-4364-49f1-869b-a9f19d711711@group-8B014107F92B-StateMachineUpdater] INFO  ratis.ContainerStateMachine (ContainerStateMachine.java:takeSnapshot(305)) - group-8B014107F92B: Finished taking a snapshot at:(t:1, i:2) file:/workdir/hadoop-ozone/integration-test/target/test-dir/MiniOzoneClusterImpl-5209a03e-550f-4d6f-8cfb-5acb6562be12/datanode-0/data/ratis/2abede1e-5929-46bb-b6af-8b014107f92b/sm/snapshot.1_2 time:14
2019-10-09 08:12:55,944 [4f5831d1-4364-49f1-869b-a9f19d711711@group-8B014107F92B-StateMachineUpdater] INFO  impl.StateMachineUpdater (StateMachineUpdater.java:takeSnapshot(269)) - 4f5831d1-4364-49f1-869b-a9f19d711711@group-8B014107F92B-StateMachineUpdater: Took a snapshot at index 2
2019-10-09 08:12:55,944 [4f5831d1-4364-49f1-869b-a9f19d711711@group-8B014107F92B-StateMachineUpdater] INFO  impl.StateMachineUpdater (StateMachineUpdater.java:lambda$new$0(84)) - 4f5831d1-4364-49f1-869b-a9f19d711711@group-8B014107F92B-StateMachineUpdater: snapshotIndex: updateIncreasingly -1 -> 2
2019-10-09 08:12:55,945 [main] INFO  impl.RaftServerImpl (ServerState.java:close(387)) - 4f5831d1-4364-49f1-869b-a9f19d711711@group-8B014107F92B: closes. applyIndex: 2
2019-10-09 08:12:55,945 [4f5831d1-4364-49f1-869b-a9f19d711711@group-8B014107F92B-SegmentedRaftLogWorker] INFO  segmented.SegmentedRaftLogWorker (SegmentedRaftLogWorker.java:run(316)) - 4f5831d1-4364-49f1-869b-a9f19d711711@group-8B014107F92B-SegmentedRaftLogWorker was interrupted, exiting. There are 0 tasks remaining in the queue.
2019-10-09 08:12:55,948 [main] INFO  segmented.SegmentedRaftLogWorker (SegmentedRaftLogWorker.java:close(224)) - 4f5831d1-4364-49f1-869b-a9f19d711711@group-8B014107F92B-SegmentedRaftLogWorker close()
2019-10-09 08:12:55,953 [main] INFO  impl.RaftServerImpl (RaftServerImpl.java:lambda$shutdown$3(247)) - 4f5831d1-4364-49f1-869b-a9f19d711711@group-148FAE784D8A: shutdown
2019-10-09 08:12:55,954 [main] INFO  util.JmxRegister (JmxRegister.java:unregister(73)) - Successfully un-registered JMX Bean with object name Ratis:service=RaftServer,group=group-148FAE784D8A,id=4f5831d1-4364-49f1-869b-a9f19d711711
2019-10-09 08:12:55,954 [main] INFO  impl.RoleInfo (RoleInfo.java:shutdownLeaderState(104)) - 4f5831d1-4364-49f1-869b-a9f19d711711: shutdown LeaderState
2019-10-09 08:12:55,955 [main] INFO  impl.PendingRequests (PendingRequests.java:sendNotLeaderResponses(202)) - 4f5831d1-4364-49f1-869b-a9f19d711711@group-148FAE784D8A-PendingRequests: sendNotLeaderResponses
2019-10-09 08:12:55,955 [main] INFO  impl.StateMachineUpdater (StateMachineUpdater.java:stopAndJoin(136)) - 4f5831d1-4364-49f1-869b-a9f19d711711@group-148FAE784D8A-StateMachineUpdater: set stopIndex = 0
2019-10-09 08:12:55,955 [main] INFO  impl.RaftServerImpl (ServerState.java:close(387)) - 4f5831d1-4364-49f1-869b-a9f19d711711@group-148FAE784D8A: closes. applyIndex: 0
2019-10-09 08:12:55,956 [4f5831d1-4364-49f1-869b-a9f19d711711@group-148FAE784D8A-SegmentedRaftLogWorker] INFO  segmented.SegmentedRaftLogWorker (SegmentedRaftLogWorker.java:run(316)) - 4f5831d1-4364-49f1-869b-a9f19d711711@group-148FAE784D8A-SegmentedRaftLogWorker was interrupted, exiting. There are 0 tasks remaining in the queue.
2019-10-09 08:12:55,958 [main] INFO  segmented.SegmentedRaftLogWorker (SegmentedRaftLogWorker.java:close(224)) - 4f5831d1-4364-49f1-869b-a9f19d711711@group-148FAE784D8A-SegmentedRaftLogWorker close()
2019-10-09 08:12:55,964 [main] INFO  server.GrpcService (GrpcService.java:closeImpl(164)) - 4f5831d1-4364-49f1-869b-a9f19d711711: shutdown server with port 39207 now
2019-10-09 08:12:55,964 [main] INFO  server.GrpcService (GrpcService.java:closeImpl(172)) - 4f5831d1-4364-49f1-869b-a9f19d711711: shutdown server with port 39207 successfully
2019-10-09 08:12:55,966 [refreshUsed-/workdir/hadoop-ozone/integration-test/target/test-dir/MiniOzoneClusterImpl-5209a03e-550f-4d6f-8cfb-5acb6562be12/datanode-0/data/containers] WARN  fs.CachingGetSpaceUsed (CachingGetSpaceUsed.java:run(183)) - Thread Interrupted waiting to refresh disk information: sleep interrupted
2019-10-09 08:12:55,983 [main] INFO  utils.BackgroundService (BackgroundService.java:shutdown(151)) - Shutting down service BlockDeletingService
2019-10-09 08:12:55,990 [main] INFO  statemachine.DatanodeStateMachine (DatanodeStateMachine.java:stopDaemon(395)) - Ozone container server stopped.
2019-10-09 08:12:55,990 [main] INFO  handler.ContextHandler (ContextHandler.java:doStop(910)) - Stopped o.e.j.w.WebAppContext@3fde2209{/,null,UNAVAILABLE}{/hddsDatanode}
2019-10-09 08:12:55,991 [main] INFO  server.AbstractConnector (AbstractConnector.java:doStop(318)) - Stopped ServerConnector@1f916219{HTTP/1.1,[http/1.1]}{0.0.0.0:0}
2019-10-09 08:12:55,991 [main] INFO  handler.ContextHandler (ContextHandler.java:doStop(910)) - Stopped o.e.j.s.ServletContextHandler@72465eb2{/static,jar:file:/home/user/.m2/repository/org/apache/hadoop/hadoop-hdds-container-service/0.5.0-SNAPSHOT/hadoop-hdds-container-service-0.5.0-SNAPSHOT.jar!/webapps/static,UNAVAILABLE}
2019-10-09 08:12:55,991 [main] INFO  handler.ContextHandler (ContextHandler.java:doStop(910)) - Stopped o.e.j.s.ServletContextHandler@52a7928a{/logs,file:///workdir/hadoop-ozone/integration-test/target/log,UNAVAILABLE}
2019-10-09 08:13:05,681 [Thread-2361] INFO  impl.FollowerState (FollowerState.java:run(108)) - 3bc82a09-eb4e-4191-b983-4b4db2cc119a@group-8B014107F92B-FollowerState: change to CANDIDATE, lastRpcTime:9865ms, electionTimeout:5168ms
2019-10-09 08:13:05,682 [Thread-2361] INFO  impl.RoleInfo (RoleInfo.java:shutdownFollowerState(121)) - 3bc82a09-eb4e-4191-b983-4b4db2cc119a: shutdown FollowerState
2019-10-09 08:13:05,682 [Thread-2361] INFO  impl.RaftServerImpl (RaftServerImpl.java:setRole(170)) - 3bc82a09-eb4e-4191-b983-4b4db2cc119a@group-8B014107F92B: changes role from  FOLLOWER to CANDIDATE at term 1 for changeToCandidate
2019-10-09 08:13:05,682 [Thread-2361] INFO  impl.RoleInfo (RoleInfo.java:updateAndGet(143)) - 3bc82a09-eb4e-4191-b983-4b4db2cc119a: start LeaderElection
2019-10-09 08:13:05,686 [3bc82a09-eb4e-4191-b983-4b4db2cc119a@group-8B014107F92B-LeaderElection67] INFO  impl.RaftServerImpl (ServerState.java:setLeader(255)) - 3bc82a09-eb4e-4191-b983-4b4db2cc119a@group-8B014107F92B: change Leader from 4f5831d1-4364-49f1-869b-a9f19d711711 to null at term 1 for initElection
2019-10-09 08:13:05,688 [Thread-2362] INFO  impl.FollowerState (FollowerState.java:run(108)) - 9b4ba789-db5f-4635-b70b-3632acd6cf18@group-8B014107F92B-FollowerState: change to CANDIDATE, lastRpcTime:9871ms, electionTimeout:5089ms
2019-10-09 08:13:05,688 [Thread-2362] INFO  impl.RoleInfo (RoleInfo.java:shutdownFollowerState(121)) - 9b4ba789-db5f-4635-b70b-3632acd6cf18: shutdown FollowerState
2019-10-09 08:13:05,689 [Thread-2362] INFO  impl.RaftServerImpl (RaftServerImpl.java:setRole(170)) - 9b4ba789-db5f-4635-b70b-3632acd6cf18@group-8B014107F92B: changes role from  FOLLOWER to CANDIDATE at term 1 for changeToCandidate
2019-10-09 08:13:05,689 [Thread-2362] INFO  impl.RoleInfo (RoleInfo.java:updateAndGet(143)) - 9b4ba789-db5f-4635-b70b-3632acd6cf18: start LeaderElection
2019-10-09 08:13:05,691 [9b4ba789-db5f-4635-b70b-3632acd6cf18@group-8B014107F92B-LeaderElection68] INFO  impl.RaftServerImpl (ServerState.java:setLeader(255)) - 9b4ba789-db5f-4635-b70b-3632acd6cf18@group-8B014107F92B: change Leader from 4f5831d1-4364-49f1-869b-a9f19d711711 to null at term 1 for initElection
2019-10-09 08:13:05,716 [3bc82a09-eb4e-4191-b983-4b4db2cc119a@group-8B014107F92B-LeaderElection67] INFO  impl.LeaderElection (LeaderElection.java:askForVotes(178)) - 3bc82a09-eb4e-4191-b983-4b4db2cc119a@group-8B014107F92B-LeaderElection67: begin an election at term 2 for 0: [3bc82a09-eb4e-4191-b983-4b4db2cc119a:192.168.30.26:36810, 4f5831d1-4364-49f1-869b-a9f19d711711:192.168.30.26:39207, 9b4ba789-db5f-4635-b70b-3632acd6cf18:192.168.30.26:42585], old=null
2019-10-09 08:13:05,716 [9b4ba789-db5f-4635-b70b-3632acd6cf18@group-8B014107F92B-LeaderElection68] INFO  impl.LeaderElection (LeaderElection.java:askForVotes(178)) - 9b4ba789-db5f-4635-b70b-3632acd6cf18@group-8B014107F92B-LeaderElection68: begin an election at term 2 for 0: [3bc82a09-eb4e-4191-b983-4b4db2cc119a:192.168.30.26:36810, 4f5831d1-4364-49f1-869b-a9f19d711711:192.168.30.26:39207, 9b4ba789-db5f-4635-b70b-3632acd6cf18:192.168.30.26:42585], old=null
2019-10-09 08:13:05,719 [3bc82a09-eb4e-4191-b983-4b4db2cc119a@group-8B014107F92B-LeaderElection67] INFO  impl.LeaderElection (LogUtils.java:infoOrTrace(149)) - 3bc82a09-eb4e-4191-b983-4b4db2cc119a@group-8B014107F92B-LeaderElection67 got exception when requesting votes: {}
java.util.concurrent.ExecutionException: org.apache.ratis.thirdparty.io.grpc.StatusRuntimeException: UNAVAILABLE: io exception
	at java.util.concurrent.FutureTask.report(FutureTask.java:122)
	at java.util.concurrent.FutureTask.get(FutureTask.java:192)
	at org.apache.ratis.server.impl.LeaderElection.waitForResults(LeaderElection.java:259)
	at org.apache.ratis.server.impl.LeaderElection.askForVotes(LeaderElection.java:197)
	at org.apache.ratis.server.impl.LeaderElection.run(LeaderElection.java:133)
	at java.lang.Thread.run(Thread.java:748)
Caused by: org.apache.ratis.thirdparty.io.grpc.StatusRuntimeException: UNAVAILABLE: io exception
	at org.apache.ratis.thirdparty.io.grpc.stub.ClientCalls.toStatusRuntimeException(ClientCalls.java:233)
	at org.apache.ratis.thirdparty.io.grpc.stub.ClientCalls.getUnchecked(ClientCalls.java:214)
	at org.apache.ratis.thirdparty.io.grpc.stub.ClientCalls.blockingUnaryCall(ClientCalls.java:139)
	at org.apache.ratis.proto.grpc.RaftServerProtocolServiceGrpc$RaftServerProtocolServiceBlockingStub.requestVote(RaftServerProtocolServiceGrpc.java:265)
	at org.apache.ratis.grpc.server.GrpcServerProtocolClient.requestVote(GrpcServerProtocolClient.java:99)
	at org.apache.ratis.grpc.server.GrpcService.requestVote(GrpcService.java:204)
	at org.apache.ratis.server.impl.LeaderElection.lambda$submitRequests$1(LeaderElection.java:234)
	at java.util.concurrent.FutureTask.run(FutureTask.java:266)
	at java.util.concurrent.Executors$RunnableAdapter.call(Executors.java:511)
	at java.util.concurrent.FutureTask.run(FutureTask.java:266)
	at java.util.concurrent.ThreadPoolExecutor.runWorker(ThreadPoolExecutor.java:1149)
	at java.util.concurrent.ThreadPoolExecutor$Worker.run(ThreadPoolExecutor.java:624)
	... 1 more
Caused by: org.apache.ratis.thirdparty.io.netty.channel.AbstractChannel$AnnotatedConnectException: Connection refused: /192.168.30.26:39207
	at sun.nio.ch.SocketChannelImpl.checkConnect(Native Method)
	at sun.nio.ch.SocketChannelImpl.finishConnect(SocketChannelImpl.java:717)
	at org.apache.ratis.thirdparty.io.netty.channel.socket.nio.NioSocketChannel.doFinishConnect(NioSocketChannel.java:327)
	at org.apache.ratis.thirdparty.io.netty.channel.nio.AbstractNioChannel$AbstractNioUnsafe.finishConnect(AbstractNioChannel.java:340)
	at org.apache.ratis.thirdparty.io.netty.channel.nio.NioEventLoop.processSelectedKey(NioEventLoop.java:632)
	at org.apache.ratis.thirdparty.io.netty.channel.nio.NioEventLoop.processSelectedKeysOptimized(NioEventLoop.java:579)
	at org.apache.ratis.thirdparty.io.netty.channel.nio.NioEventLoop.processSelectedKeys(NioEventLoop.java:496)
	at org.apache.ratis.thirdparty.io.netty.channel.nio.NioEventLoop.run(NioEventLoop.java:458)
	at org.apache.ratis.thirdparty.io.netty.util.concurrent.SingleThreadEventExecutor$5.run(SingleThreadEventExecutor.java:897)
	at org.apache.ratis.thirdparty.io.netty.util.concurrent.FastThreadLocalRunnable.run(FastThreadLocalRunnable.java:30)
	... 1 more
Caused by: java.net.ConnectException: Connection refused
	... 11 more
2019-10-09 08:13:05,719 [9b4ba789-db5f-4635-b70b-3632acd6cf18@group-8B014107F92B-LeaderElection68] INFO  impl.LeaderElection (LogUtils.java:infoOrTrace(149)) - 9b4ba789-db5f-4635-b70b-3632acd6cf18@group-8B014107F92B-LeaderElection68 got exception when requesting votes: {}
java.util.concurrent.ExecutionException: org.apache.ratis.thirdparty.io.grpc.StatusRuntimeException: UNAVAILABLE: io exception
	at java.util.concurrent.FutureTask.report(FutureTask.java:122)
	at java.util.concurrent.FutureTask.get(FutureTask.java:192)
	at org.apache.ratis.server.impl.LeaderElection.waitForResults(LeaderElection.java:259)
	at org.apache.ratis.server.impl.LeaderElection.askForVotes(LeaderElection.java:197)
	at org.apache.ratis.server.impl.LeaderElection.run(LeaderElection.java:133)
	at java.lang.Thread.run(Thread.java:748)
Caused by: org.apache.ratis.thirdparty.io.grpc.StatusRuntimeException: UNAVAILABLE: io exception
	at org.apache.ratis.thirdparty.io.grpc.stub.ClientCalls.toStatusRuntimeException(ClientCalls.java:233)
	at org.apache.ratis.thirdparty.io.grpc.stub.ClientCalls.getUnchecked(ClientCalls.java:214)
	at org.apache.ratis.thirdparty.io.grpc.stub.ClientCalls.blockingUnaryCall(ClientCalls.java:139)
	at org.apache.ratis.proto.grpc.RaftServerProtocolServiceGrpc$RaftServerProtocolServiceBlockingStub.requestVote(RaftServerProtocolServiceGrpc.java:265)
	at org.apache.ratis.grpc.server.GrpcServerProtocolClient.requestVote(GrpcServerProtocolClient.java:99)
	at org.apache.ratis.grpc.server.GrpcService.requestVote(GrpcService.java:204)
	at org.apache.ratis.server.impl.LeaderElection.lambda$submitRequests$1(LeaderElection.java:234)
	at java.util.concurrent.FutureTask.run(FutureTask.java:266)
	at java.util.concurrent.Executors$RunnableAdapter.call(Executors.java:511)
	at java.util.concurrent.FutureTask.run(FutureTask.java:266)
	at java.util.concurrent.ThreadPoolExecutor.runWorker(ThreadPoolExecutor.java:1149)
	at java.util.concurrent.ThreadPoolExecutor$Worker.run(ThreadPoolExecutor.java:624)
	... 1 more
Caused by: org.apache.ratis.thirdparty.io.netty.channel.AbstractChannel$AnnotatedConnectException: Connection refused: /192.168.30.26:39207
	at sun.nio.ch.SocketChannelImpl.checkConnect(Native Method)
	at sun.nio.ch.SocketChannelImpl.finishConnect(SocketChannelImpl.java:717)
	at org.apache.ratis.thirdparty.io.netty.channel.socket.nio.NioSocketChannel.doFinishConnect(NioSocketChannel.java:327)
	at org.apache.ratis.thirdparty.io.netty.channel.nio.AbstractNioChannel$AbstractNioUnsafe.finishConnect(AbstractNioChannel.java:340)
	at org.apache.ratis.thirdparty.io.netty.channel.nio.NioEventLoop.processSelectedKey(NioEventLoop.java:632)
	at org.apache.ratis.thirdparty.io.netty.channel.nio.NioEventLoop.processSelectedKeysOptimized(NioEventLoop.java:579)
	at org.apache.ratis.thirdparty.io.netty.channel.nio.NioEventLoop.processSelectedKeys(NioEventLoop.java:496)
	at org.apache.ratis.thirdparty.io.netty.channel.nio.NioEventLoop.run(NioEventLoop.java:458)
	at org.apache.ratis.thirdparty.io.netty.util.concurrent.SingleThreadEventExecutor$5.run(SingleThreadEventExecutor.java:897)
	at org.apache.ratis.thirdparty.io.netty.util.concurrent.FastThreadLocalRunnable.run(FastThreadLocalRunnable.java:30)
	... 1 more
Caused by: java.net.ConnectException: Connection refused
	... 11 more
2019-10-09 08:13:05,727 [3bc82a09-eb4e-4191-b983-4b4db2cc119a@group-8B014107F92B-LeaderElection67] INFO  impl.LeaderElection (LeaderElection.java:logAndReturn(56)) - 3bc82a09-eb4e-4191-b983-4b4db2cc119a@group-8B014107F92B-LeaderElection67: Election REJECTED; received 1 response(s) [3bc82a09-eb4e-4191-b983-4b4db2cc119a<-9b4ba789-db5f-4635-b70b-3632acd6cf18#0:FAIL-t2] and 1 exception(s); 3bc82a09-eb4e-4191-b983-4b4db2cc119a@group-8B014107F92B:t2, leader=null, voted=3bc82a09-eb4e-4191-b983-4b4db2cc119a, raftlog=3bc82a09-eb4e-4191-b983-4b4db2cc119a@group-8B014107F92B-SegmentedRaftLog:OPENED:c2,f2,i2, conf=0: [3bc82a09-eb4e-4191-b983-4b4db2cc119a:192.168.30.26:36810, 4f5831d1-4364-49f1-869b-a9f19d711711:192.168.30.26:39207, 9b4ba789-db5f-4635-b70b-3632acd6cf18:192.168.30.26:42585], old=null
2019-10-09 08:13:05,727 [9b4ba789-db5f-4635-b70b-3632acd6cf18@group-8B014107F92B-LeaderElection68] INFO  impl.LeaderElection (LeaderElection.java:logAndReturn(56)) - 9b4ba789-db5f-4635-b70b-3632acd6cf18@group-8B014107F92B-LeaderElection68: Election REJECTED; received 1 response(s) [9b4ba789-db5f-4635-b70b-3632acd6cf18<-3bc82a09-eb4e-4191-b983-4b4db2cc119a#0:FAIL-t2] and 1 exception(s); 9b4ba789-db5f-4635-b70b-3632acd6cf18@group-8B014107F92B:t2, leader=null, voted=9b4ba789-db5f-4635-b70b-3632acd6cf18, raftlog=9b4ba789-db5f-4635-b70b-3632acd6cf18@group-8B014107F92B-SegmentedRaftLog:OPENED:c2,f2,i2, conf=0: [3bc82a09-eb4e-4191-b983-4b4db2cc119a:192.168.30.26:36810, 4f5831d1-4364-49f1-869b-a9f19d711711:192.168.30.26:39207, 9b4ba789-db5f-4635-b70b-3632acd6cf18:192.168.30.26:42585], old=null
2019-10-09 08:13:05,728 [3bc82a09-eb4e-4191-b983-4b4db2cc119a@group-8B014107F92B-LeaderElection67] INFO  impl.LeaderElection (LogUtils.java:infoOrTrace(149)) -   Exception 0: {}
java.util.concurrent.ExecutionException: org.apache.ratis.thirdparty.io.grpc.StatusRuntimeException: UNAVAILABLE: io exception
	at java.util.concurrent.FutureTask.report(FutureTask.java:122)
	at java.util.concurrent.FutureTask.get(FutureTask.java:192)
	at org.apache.ratis.server.impl.LeaderElection.waitForResults(LeaderElection.java:259)
	at org.apache.ratis.server.impl.LeaderElection.askForVotes(LeaderElection.java:197)
	at org.apache.ratis.server.impl.LeaderElection.run(LeaderElection.java:133)
	at java.lang.Thread.run(Thread.java:748)
Caused by: org.apache.ratis.thirdparty.io.grpc.StatusRuntimeException: UNAVAILABLE: io exception
	at org.apache.ratis.thirdparty.io.grpc.stub.ClientCalls.toStatusRuntimeException(ClientCalls.java:233)
	at org.apache.ratis.thirdparty.io.grpc.stub.ClientCalls.getUnchecked(ClientCalls.java:214)
	at org.apache.ratis.thirdparty.io.grpc.stub.ClientCalls.blockingUnaryCall(ClientCalls.java:139)
	at org.apache.ratis.proto.grpc.RaftServerProtocolServiceGrpc$RaftServerProtocolServiceBlockingStub.requestVote(RaftServerProtocolServiceGrpc.java:265)
	at org.apache.ratis.grpc.server.GrpcServerProtocolClient.requestVote(GrpcServerProtocolClient.java:99)
	at org.apache.ratis.grpc.server.GrpcService.requestVote(GrpcService.java:204)
	at org.apache.ratis.server.impl.LeaderElection.lambda$submitRequests$1(LeaderElection.java:234)
	at java.util.concurrent.FutureTask.run(FutureTask.java:266)
	at java.util.concurrent.Executors$RunnableAdapter.call(Executors.java:511)
	at java.util.concurrent.FutureTask.run(FutureTask.java:266)
	at java.util.concurrent.ThreadPoolExecutor.runWorker(ThreadPoolExecutor.java:1149)
	at java.util.concurrent.ThreadPoolExecutor$Worker.run(ThreadPoolExecutor.java:624)
	... 1 more
Caused by: org.apache.ratis.thirdparty.io.netty.channel.AbstractChannel$AnnotatedConnectException: Connection refused: /192.168.30.26:39207
	at sun.nio.ch.SocketChannelImpl.checkConnect(Native Method)
	at sun.nio.ch.SocketChannelImpl.finishConnect(SocketChannelImpl.java:717)
	at org.apache.ratis.thirdparty.io.netty.channel.socket.nio.NioSocketChannel.doFinishConnect(NioSocketChannel.java:327)
	at org.apache.ratis.thirdparty.io.netty.channel.nio.AbstractNioChannel$AbstractNioUnsafe.finishConnect(AbstractNioChannel.java:340)
	at org.apache.ratis.thirdparty.io.netty.channel.nio.NioEventLoop.processSelectedKey(NioEventLoop.java:632)
	at org.apache.ratis.thirdparty.io.netty.channel.nio.NioEventLoop.processSelectedKeysOptimized(NioEventLoop.java:579)
	at org.apache.ratis.thirdparty.io.netty.channel.nio.NioEventLoop.processSelectedKeys(NioEventLoop.java:496)
	at org.apache.ratis.thirdparty.io.netty.channel.nio.NioEventLoop.run(NioEventLoop.java:458)
	at org.apache.ratis.thirdparty.io.netty.util.concurrent.SingleThreadEventExecutor$5.run(SingleThreadEventExecutor.java:897)
	at org.apache.ratis.thirdparty.io.netty.util.concurrent.FastThreadLocalRunnable.run(FastThreadLocalRunnable.java:30)
	... 1 more
Caused by: java.net.ConnectException: Connection refused
	... 11 more
2019-10-09 08:13:05,728 [9b4ba789-db5f-4635-b70b-3632acd6cf18@group-8B014107F92B-LeaderElection68] INFO  impl.LeaderElection (LogUtils.java:infoOrTrace(149)) -   Exception 0: {}
java.util.concurrent.ExecutionException: org.apache.ratis.thirdparty.io.grpc.StatusRuntimeException: UNAVAILABLE: io exception
	at java.util.concurrent.FutureTask.report(FutureTask.java:122)
	at java.util.concurrent.FutureTask.get(FutureTask.java:192)
	at org.apache.ratis.server.impl.LeaderElection.waitForResults(LeaderElection.java:259)
	at org.apache.ratis.server.impl.LeaderElection.askForVotes(LeaderElection.java:197)
	at org.apache.ratis.server.impl.LeaderElection.run(LeaderElection.java:133)
	at java.lang.Thread.run(Thread.java:748)
Caused by: org.apache.ratis.thirdparty.io.grpc.StatusRuntimeException: UNAVAILABLE: io exception
	at org.apache.ratis.thirdparty.io.grpc.stub.ClientCalls.toStatusRuntimeException(ClientCalls.java:233)
	at org.apache.ratis.thirdparty.io.grpc.stub.ClientCalls.getUnchecked(ClientCalls.java:214)
	at org.apache.ratis.thirdparty.io.grpc.stub.ClientCalls.blockingUnaryCall(ClientCalls.java:139)
	at org.apache.ratis.proto.grpc.RaftServerProtocolServiceGrpc$RaftServerProtocolServiceBlockingStub.requestVote(RaftServerProtocolServiceGrpc.java:265)
	at org.apache.ratis.grpc.server.GrpcServerProtocolClient.requestVote(GrpcServerProtocolClient.java:99)
	at org.apache.ratis.grpc.server.GrpcService.requestVote(GrpcService.java:204)
	at org.apache.ratis.server.impl.LeaderElection.lambda$submitRequests$1(LeaderElection.java:234)
	at java.util.concurrent.FutureTask.run(FutureTask.java:266)
	at java.util.concurrent.Executors$RunnableAdapter.call(Executors.java:511)
	at java.util.concurrent.FutureTask.run(FutureTask.java:266)
	at java.util.concurrent.ThreadPoolExecutor.runWorker(ThreadPoolExecutor.java:1149)
	at java.util.concurrent.ThreadPoolExecutor$Worker.run(ThreadPoolExecutor.java:624)
	... 1 more
Caused by: org.apache.ratis.thirdparty.io.netty.channel.AbstractChannel$AnnotatedConnectException: Connection refused: /192.168.30.26:39207
	at sun.nio.ch.SocketChannelImpl.checkConnect(Native Method)
	at sun.nio.ch.SocketChannelImpl.finishConnect(SocketChannelImpl.java:717)
	at org.apache.ratis.thirdparty.io.netty.channel.socket.nio.NioSocketChannel.doFinishConnect(NioSocketChannel.java:327)
	at org.apache.ratis.thirdparty.io.netty.channel.nio.AbstractNioChannel$AbstractNioUnsafe.finishConnect(AbstractNioChannel.java:340)
	at org.apache.ratis.thirdparty.io.netty.channel.nio.NioEventLoop.processSelectedKey(NioEventLoop.java:632)
	at org.apache.ratis.thirdparty.io.netty.channel.nio.NioEventLoop.processSelectedKeysOptimized(NioEventLoop.java:579)
	at org.apache.ratis.thirdparty.io.netty.channel.nio.NioEventLoop.processSelectedKeys(NioEventLoop.java:496)
	at org.apache.ratis.thirdparty.io.netty.channel.nio.NioEventLoop.run(NioEventLoop.java:458)
	at org.apache.ratis.thirdparty.io.netty.util.concurrent.SingleThreadEventExecutor$5.run(SingleThreadEventExecutor.java:897)
	at org.apache.ratis.thirdparty.io.netty.util.concurrent.FastThreadLocalRunnable.run(FastThreadLocalRunnable.java:30)
	... 1 more
Caused by: java.net.ConnectException: Connection refused
	... 11 more
2019-10-09 08:13:05,730 [3bc82a09-eb4e-4191-b983-4b4db2cc119a@group-8B014107F92B-LeaderElection67] INFO  impl.RaftServerImpl (RaftServerImpl.java:setRole(170)) - 3bc82a09-eb4e-4191-b983-4b4db2cc119a@group-8B014107F92B: changes role from CANDIDATE to FOLLOWER at term 2 for DISCOVERED_A_NEW_TERM
2019-10-09 08:13:05,733 [9b4ba789-db5f-4635-b70b-3632acd6cf18@group-8B014107F92B-LeaderElection68] INFO  impl.RaftServerImpl (RaftServerImpl.java:setRole(170)) - 9b4ba789-db5f-4635-b70b-3632acd6cf18@group-8B014107F92B: changes role from CANDIDATE to FOLLOWER at term 2 for DISCOVERED_A_NEW_TERM
2019-10-09 08:13:05,733 [3bc82a09-eb4e-4191-b983-4b4db2cc119a@group-8B014107F92B-LeaderElection67] INFO  impl.RoleInfo (RoleInfo.java:shutdownLeaderElection(134)) - 3bc82a09-eb4e-4191-b983-4b4db2cc119a: shutdown LeaderElection
2019-10-09 08:13:05,733 [9b4ba789-db5f-4635-b70b-3632acd6cf18@group-8B014107F92B-LeaderElection68] INFO  impl.RoleInfo (RoleInfo.java:shutdownLeaderElection(134)) - 9b4ba789-db5f-4635-b70b-3632acd6cf18: shutdown LeaderElection
2019-10-09 08:13:05,733 [3bc82a09-eb4e-4191-b983-4b4db2cc119a@group-8B014107F92B-LeaderElection67] INFO  impl.RoleInfo (RoleInfo.java:updateAndGet(143)) - 3bc82a09-eb4e-4191-b983-4b4db2cc119a: start FollowerState
2019-10-09 08:13:05,733 [9b4ba789-db5f-4635-b70b-3632acd6cf18@group-8B014107F92B-LeaderElection68] INFO  impl.RoleInfo (RoleInfo.java:updateAndGet(143)) - 9b4ba789-db5f-4635-b70b-3632acd6cf18: start FollowerState
]]></system-out>
  </testcase>
</testsuite>