<?xml version="1.0" encoding="UTF-8"?>
<testsuite xmlns:xsi="http://www.w3.org/2001/XMLSchema-instance" xsi:noNamespaceSchemaLocation="https://maven.apache.org/surefire/maven-surefire-plugin/xsd/surefire-test-report.xsd" name="org.apache.hadoop.ozone.scm.pipeline.TestSCMPipelineMetrics" time="77.085" tests="3" errors="0" skipped="0" failures="1">
  <properties>
    <property name="awt.toolkit" value="sun.awt.X11.XToolkit"/>
    <property name="file.encoding.pkg" value="sun.io"/>
    <property name="java.specification.version" value="1.8"/>
    <property name="sun.cpu.isalist" value=""/>
    <property name="sun.jnu.encoding" value="ANSI_X3.4-1968"/>
    <property name="java.class.path" value="/workdir/hadoop-ozone/integration-test/target/test-classes:/workdir/hadoop-ozone/integration-test/target/classes:/home/user/.m2/repository/org/apache/hadoop/hadoop-ozone-common/0.5.0-SNAPSHOT/hadoop-ozone-common-0.5.0-SNAPSHOT.jar:/home/user/.m2/repository/org/apache/commons/commons-compress/1.4.1/commons-compress-1.4.1.jar:/home/user/.m2/repository/org/tukaani/xz/1.0/xz-1.0.jar:/home/user/.m2/repository/org/apache/hadoop/hadoop-common/3.2.0/hadoop-common-3.2.0.jar:/home/user/.m2/repository/org/apache/hadoop/hadoop-hdfs/3.2.0/hadoop-hdfs-3.2.0.jar:/home/user/.m2/repository/org/apache/hadoop/hadoop-hdfs-client/3.2.0/hadoop-hdfs-client-3.2.0.jar:/home/user/.m2/repository/com/fasterxml/jackson/core/jackson-annotations/2.9.9/jackson-annotations-2.9.9.jar:/home/user/.m2/repository/org/apache/hadoop/hadoop-hdds-common/0.5.0-SNAPSHOT/hadoop-hdds-common-0.5.0-SNAPSHOT.jar:/home/user/.m2/repository/javax/annotation/javax.annotation-api/1.2/javax.annotation-api-1.2.jar:/home/user/.m2/repository/org/apache/ratis/ratis-server/0.5.0-ced7dbf-SNAPSHOT/ratis-server-0.5.0-ced7dbf-SNAPSHOT.jar:/home/user/.m2/repository/org/apache/ratis/ratis-thirdparty-misc/0.2.0/ratis-thirdparty-misc-0.2.0.jar:/home/user/.m2/repository/org/apache/ratis/ratis-proto/0.5.0-ced7dbf-SNAPSHOT/ratis-proto-0.5.0-ced7dbf-SNAPSHOT.jar:/home/user/.m2/repository/org/apache/ratis/ratis-common/0.5.0-ced7dbf-SNAPSHOT/ratis-common-0.5.0-ced7dbf-SNAPSHOT.jar:/home/user/.m2/repository/org/apache/ratis/ratis-client/0.5.0-ced7dbf-SNAPSHOT/ratis-client-0.5.0-ced7dbf-SNAPSHOT.jar:/home/user/.m2/repository/org/apache/ratis/ratis-metrics/0.5.0-ced7dbf-SNAPSHOT/ratis-metrics-0.5.0-ced7dbf-SNAPSHOT.jar:/home/user/.m2/repository/org/apache/ratis/ratis-netty/0.5.0-ced7dbf-SNAPSHOT/ratis-netty-0.5.0-ced7dbf-SNAPSHOT.jar:/home/user/.m2/repository/org/apache/ratis/ratis-grpc/0.5.0-ced7dbf-SNAPSHOT/ratis-grpc-0.5.0-ced7dbf-SNAPSHOT.jar:/home/user/.m2/repository/org/rocksdb/rocksdbjni/6.0.1/rocksdbjni-6.0.1.jar:/home/user/.m2/repository/org/apache/logging/log4j/log4j-api/2.11.0/log4j-api-2.11.0.jar:/home/user/.m2/repository/org/apache/logging/log4j/log4j-core/2.11.0/log4j-core-2.11.0.jar:/home/user/.m2/repository/com/lmax/disruptor/3.4.2/disruptor-3.4.2.jar:/home/user/.m2/repository/org/apache/commons/commons-pool2/2.6.0/commons-pool2-2.6.0.jar:/home/user/.m2/repository/org/bouncycastle/bcpkix-jdk15on/1.60/bcpkix-jdk15on-1.60.jar:/home/user/.m2/repository/commons-validator/commons-validator/1.6/commons-validator-1.6.jar:/home/user/.m2/repository/commons-digester/commons-digester/1.8.1/commons-digester-1.8.1.jar:/home/user/.m2/repository/io/jaegertracing/jaeger-client/0.34.0/jaeger-client-0.34.0.jar:/home/user/.m2/repository/io/jaegertracing/jaeger-thrift/0.34.0/jaeger-thrift-0.34.0.jar:/home/user/.m2/repository/org/apache/thrift/libthrift/0.12.0/libthrift-0.12.0.jar:/home/user/.m2/repository/com/squareup/okhttp3/okhttp/3.9.0/okhttp-3.9.0.jar:/home/user/.m2/repository/com/squareup/okio/okio/1.13.0/okio-1.13.0.jar:/home/user/.m2/repository/io/jaegertracing/jaeger-core/0.34.0/jaeger-core-0.34.0.jar:/home/user/.m2/repository/io/jaegertracing/jaeger-tracerresolver/0.34.0/jaeger-tracerresolver-0.34.0.jar:/home/user/.m2/repository/io/opentracing/contrib/opentracing-tracerresolver/0.1.5/opentracing-tracerresolver-0.1.5.jar:/home/user/.m2/repository/io/opentracing/opentracing-util/0.31.0/opentracing-util-0.31.0.jar:/home/user/.m2/repository/io/opentracing/opentracing-api/0.31.0/opentracing-api-0.31.0.jar:/home/user/.m2/repository/io/opentracing/opentracing-noop/0.31.0/opentracing-noop-0.31.0.jar:/home/user/.m2/repository/org/apache/hadoop/hadoop-hdds-server-framework/0.5.0-SNAPSHOT/hadoop-hdds-server-framework-0.5.0-SNAPSHOT.jar:/home/user/.m2/repository/org/apache/hadoop/hadoop-hdds-container-service/0.5.0-SNAPSHOT/hadoop-hdds-container-service-0.5.0-SNAPSHOT.jar:/home/user/.m2/repository/org/apache/hadoop/hadoop-hdds-client/0.5.0-SNAPSHOT/hadoop-hdds-client-0.5.0-SNAPSHOT.jar:/home/user/.m2/repository/org/apache/hadoop/hadoop-hdds-tools/0.5.0-SNAPSHOT/hadoop-hdds-tools-0.5.0-SNAPSHOT.jar:/home/user/.m2/repository/org/apache/hadoop/hadoop-hdds-server-scm/0.5.0-SNAPSHOT/hadoop-hdds-server-scm-0.5.0-SNAPSHOT.jar:/home/user/.m2/repository/org/apache/hadoop/hadoop-hdds-docs/0.5.0-SNAPSHOT/hadoop-hdds-docs-0.5.0-SNAPSHOT.jar:/home/user/.m2/repository/io/dropwizard/metrics/metrics-core/3.2.4/metrics-core-3.2.4.jar:/home/user/.m2/repository/org/hamcrest/hamcrest-all/1.3/hamcrest-all-1.3.jar:/home/user/.m2/repository/org/bouncycastle/bcprov-jdk15on/1.60/bcprov-jdk15on-1.60.jar:/home/user/.m2/repository/info/picocli/picocli/3.9.6/picocli-3.9.6.jar:/home/user/.m2/repository/com/google/protobuf/protobuf-java/2.5.0/protobuf-java-2.5.0.jar:/home/user/.m2/repository/com/google/guava/guava/11.0.2/guava-11.0.2.jar:/home/user/.m2/repository/org/apache/hadoop/hadoop-ozone-ozone-manager/0.5.0-SNAPSHOT/hadoop-ozone-ozone-manager-0.5.0-SNAPSHOT.jar:/home/user/.m2/repository/org/apache/hadoop/hadoop-minikdc/3.2.0/hadoop-minikdc-3.2.0.jar:/home/user/.m2/repository/commons-io/commons-io/2.5/commons-io-2.5.jar:/home/user/.m2/repository/org/apache/kerby/kerb-simplekdc/1.0.1/kerb-simplekdc-1.0.1.jar:/home/user/.m2/repository/org/apache/kerby/kerb-client/1.0.1/kerb-client-1.0.1.jar:/home/user/.m2/repository/org/apache/kerby/kerby-config/1.0.1/kerby-config-1.0.1.jar:/home/user/.m2/repository/org/apache/kerby/kerb-core/1.0.1/kerb-core-1.0.1.jar:/home/user/.m2/repository/org/apache/kerby/kerby-pkix/1.0.1/kerby-pkix-1.0.1.jar:/home/user/.m2/repository/org/apache/kerby/kerby-asn1/1.0.1/kerby-asn1-1.0.1.jar:/home/user/.m2/repository/org/apache/kerby/kerby-util/1.0.1/kerby-util-1.0.1.jar:/home/user/.m2/repository/org/apache/kerby/kerb-common/1.0.1/kerb-common-1.0.1.jar:/home/user/.m2/repository/org/apache/kerby/kerb-crypto/1.0.1/kerb-crypto-1.0.1.jar:/home/user/.m2/repository/org/apache/kerby/kerb-util/1.0.1/kerb-util-1.0.1.jar:/home/user/.m2/repository/org/apache/kerby/token-provider/1.0.1/token-provider-1.0.1.jar:/home/user/.m2/repository/org/apache/kerby/kerb-admin/1.0.1/kerb-admin-1.0.1.jar:/home/user/.m2/repository/org/apache/kerby/kerb-server/1.0.1/kerb-server-1.0.1.jar:/home/user/.m2/repository/org/apache/kerby/kerb-identity/1.0.1/kerb-identity-1.0.1.jar:/home/user/.m2/repository/org/apache/kerby/kerby-xdr/1.0.1/kerby-xdr-1.0.1.jar:/home/user/.m2/repository/org/slf4j/slf4j-log4j12/1.7.25/slf4j-log4j12-1.7.25.jar:/home/user/.m2/repository/org/apache/hadoop/hadoop-ozone-s3gateway/0.5.0-SNAPSHOT/hadoop-ozone-s3gateway-0.5.0-SNAPSHOT.jar:/home/user/.m2/repository/org/jboss/weld/servlet/weld-servlet/2.4.7.Final/weld-servlet-2.4.7.Final.jar:/home/user/.m2/repository/org/glassfish/jersey/containers/jersey-container-servlet-core/2.27/jersey-container-servlet-core-2.27.jar:/home/user/.m2/repository/org/glassfish/hk2/external/javax.inject/2.5.0-b42/javax.inject-2.5.0-b42.jar:/home/user/.m2/repository/org/glassfish/jersey/core/jersey-common/2.27/jersey-common-2.27.jar:/home/user/.m2/repository/org/glassfish/hk2/osgi-resource-locator/1.0.1/osgi-resource-locator-1.0.1.jar:/home/user/.m2/repository/javax/ws/rs/javax.ws.rs-api/2.1/javax.ws.rs-api-2.1.jar:/home/user/.m2/repository/org/glassfish/jersey/ext/cdi/jersey-cdi1x/2.27/jersey-cdi1x-2.27.jar:/home/user/.m2/repository/org/glassfish/jersey/inject/jersey-hk2/2.27/jersey-hk2-2.27.jar:/home/user/.m2/repository/org/glassfish/hk2/hk2-locator/2.5.0-b42/hk2-locator-2.5.0-b42.jar:/home/user/.m2/repository/org/javassist/javassist/3.22.0-CR2/javassist-3.22.0-CR2.jar:/home/user/.m2/repository/org/glassfish/hk2/hk2-api/2.5.0/hk2-api-2.5.0.jar:/home/user/.m2/repository/org/glassfish/hk2/external/jakarta.inject/2.5.0/jakarta.inject-2.5.0.jar:/home/user/.m2/repository/org/glassfish/hk2/hk2-utils/2.5.0/hk2-utils-2.5.0.jar:/home/user/.m2/repository/jakarta/annotation/jakarta.annotation-api/1.3.4/jakarta.annotation-api-1.3.4.jar:/home/user/.m2/repository/org/glassfish/hk2/external/aopalliance-repackaged/2.5.0/aopalliance-repackaged-2.5.0.jar:/home/user/.m2/repository/com/fasterxml/jackson/dataformat/jackson-dataformat-xml/2.9.0/jackson-dataformat-xml-2.9.0.jar:/home/user/.m2/repository/com/fasterxml/jackson/core/jackson-core/2.9.9/jackson-core-2.9.9.jar:/home/user/.m2/repository/com/fasterxml/jackson/module/jackson-module-jaxb-annotations/2.9.9/jackson-module-jaxb-annotations-2.9.9.jar:/home/user/.m2/repository/javax/enterprise/cdi-api/1.2/cdi-api-1.2.jar:/home/user/.m2/repository/javax/el/javax.el-api/3.0.0/javax.el-api-3.0.0.jar:/home/user/.m2/repository/javax/interceptor/javax.interceptor-api/1.2/javax.interceptor-api-1.2.jar:/home/user/.m2/repository/javax/inject/javax.inject/1/javax.inject-1.jar:/home/user/.m2/repository/com/sun/xml/bind/jaxb-impl/2.3.0.1/jaxb-impl-2.3.0.1.jar:/home/user/.m2/repository/com/sun/xml/bind/jaxb-core/2.3.0.1/jaxb-core-2.3.0.1.jar:/home/user/.m2/repository/javax/xml/bind/jaxb-api/2.3.0/jaxb-api-2.3.0.jar:/home/user/.m2/repository/javax/activation/activation/1.1.1/activation-1.1.1.jar:/home/user/.m2/repository/org/apache/hadoop/hadoop-ozone-csi/0.5.0-SNAPSHOT/hadoop-ozone-csi-0.5.0-SNAPSHOT.jar:/home/user/.m2/repository/com/google/protobuf/protobuf-java-util/3.5.1/protobuf-java-util-3.5.1.jar:/home/user/.m2/repository/org/apache/hadoop/hadoop-hdds-config/0.5.0-SNAPSHOT/hadoop-hdds-config-0.5.0-SNAPSHOT.jar:/home/user/.m2/repository/io/grpc/grpc-netty/1.17.1/grpc-netty-1.17.1.jar:/home/user/.m2/repository/io/grpc/grpc-core/1.17.1/grpc-core-1.17.1.jar:/home/user/.m2/repository/io/grpc/grpc-context/1.17.1/grpc-context-1.17.1.jar:/home/user/.m2/repository/com/google/errorprone/error_prone_annotations/2.2.0/error_prone_annotations-2.2.0.jar:/home/user/.m2/repository/org/codehaus/mojo/animal-sniffer-annotations/1.17/animal-sniffer-annotations-1.17.jar:/home/user/.m2/repository/io/opencensus/opencensus-api/0.17.0/opencensus-api-0.17.0.jar:/home/user/.m2/repository/io/opencensus/opencensus-contrib-grpc-metrics/0.17.0/opencensus-contrib-grpc-metrics-0.17.0.jar:/home/user/.m2/repository/io/netty/netty-codec-http2/4.1.30.Final/netty-codec-http2-4.1.30.Final.jar:/home/user/.m2/repository/io/netty/netty-codec-http/4.1.30.Final/netty-codec-http-4.1.30.Final.jar:/home/user/.m2/repository/io/netty/netty-codec/4.1.30.Final/netty-codec-4.1.30.Final.jar:/home/user/.m2/repository/io/netty/netty-handler/4.1.30.Final/netty-handler-4.1.30.Final.jar:/home/user/.m2/repository/io/netty/netty-handler-proxy/4.1.30.Final/netty-handler-proxy-4.1.30.Final.jar:/home/user/.m2/repository/io/netty/netty-codec-socks/4.1.30.Final/netty-codec-socks-4.1.30.Final.jar:/home/user/.m2/repository/io/netty/netty-transport-native-epoll/4.1.30.Final/netty-transport-native-epoll-4.1.30.Final.jar:/home/user/.m2/repository/io/netty/netty-common/4.1.30.Final/netty-common-4.1.30.Final.jar:/home/user/.m2/repository/io/netty/netty-buffer/4.1.30.Final/netty-buffer-4.1.30.Final.jar:/home/user/.m2/repository/io/netty/netty-transport/4.1.30.Final/netty-transport-4.1.30.Final.jar:/home/user/.m2/repository/io/netty/netty-resolver/4.1.30.Final/netty-resolver-4.1.30.Final.jar:/home/user/.m2/repository/io/netty/netty-transport-native-unix-common/4.1.30.Final/netty-transport-native-unix-common-4.1.30.Final.jar:/home/user/.m2/repository/io/grpc/grpc-protobuf/1.17.1/grpc-protobuf-1.17.1.jar:/home/user/.m2/repository/com/google/api/grpc/proto-google-common-protos/1.0.0/proto-google-common-protos-1.0.0.jar:/home/user/.m2/repository/io/grpc/grpc-protobuf-lite/1.17.1/grpc-protobuf-lite-1.17.1.jar:/home/user/.m2/repository/io/grpc/grpc-stub/1.17.1/grpc-stub-1.17.1.jar:/home/user/.m2/repository/org/apache/hadoop/hadoop-ozone-recon/0.5.0-SNAPSHOT/hadoop-ozone-recon-0.5.0-SNAPSHOT.jar:/home/user/.m2/repository/org/apache/hadoop/hadoop-ozone-reconcodegen/0.5.0-SNAPSHOT/hadoop-ozone-reconcodegen-0.5.0-SNAPSHOT.jar:/home/user/.m2/repository/com/google/inject/extensions/guice-multibindings/4.0/guice-multibindings-4.0.jar:/home/user/.m2/repository/com/google/inject/guice/4.0/guice-4.0.jar:/home/user/.m2/repository/aopalliance/aopalliance/1.0/aopalliance-1.0.jar:/home/user/.m2/repository/com/google/inject/extensions/guice-servlet/4.0/guice-servlet-4.0.jar:/home/user/.m2/repository/org/glassfish/jersey/containers/jersey-container-servlet/2.27/jersey-container-servlet-2.27.jar:/home/user/.m2/repository/org/glassfish/hk2/guice-bridge/2.5.0/guice-bridge-2.5.0.jar:/home/user/.m2/repository/org/glassfish/jersey/core/jersey-server/2.27/jersey-server-2.27.jar:/home/user/.m2/repository/org/glassfish/jersey/core/jersey-client/2.27/jersey-client-2.27.jar:/home/user/.m2/repository/org/glassfish/jersey/media/jersey-media-jaxb/2.27/jersey-media-jaxb-2.27.jar:/home/user/.m2/repository/javax/validation/validation-api/1.1.0.Final/validation-api-1.1.0.Final.jar:/home/user/.m2/repository/org/glassfish/jersey/media/jersey-media-json-jackson/2.27/jersey-media-json-jackson-2.27.jar:/home/user/.m2/repository/org/glassfish/jersey/ext/jersey-entity-filtering/2.27/jersey-entity-filtering-2.27.jar:/home/user/.m2/repository/com/google/inject/extensions/guice-assistedinject/4.0/guice-assistedinject-4.0.jar:/home/user/.m2/repository/org/jooq/jooq/3.11.10/jooq-3.11.10.jar:/home/user/.m2/repository/org/jooq/jooq-meta/3.11.10/jooq-meta-3.11.10.jar:/home/user/.m2/repository/org/jooq/jooq-codegen/3.11.10/jooq-codegen-3.11.10.jar:/home/user/.m2/repository/com/jolbox/bonecp/0.8.0.RELEASE/bonecp-0.8.0.RELEASE.jar:/home/user/.m2/repository/org/xerial/sqlite-jdbc/3.25.2/sqlite-jdbc-3.25.2.jar:/home/user/.m2/repository/org/springframework/spring-jdbc/5.1.3.RELEASE/spring-jdbc-5.1.3.RELEASE.jar:/home/user/.m2/repository/org/springframework/spring-beans/5.1.3.RELEASE/spring-beans-5.1.3.RELEASE.jar:/home/user/.m2/repository/org/springframework/spring-core/5.1.3.RELEASE/spring-core-5.1.3.RELEASE.jar:/home/user/.m2/repository/org/springframework/spring-jcl/5.1.3.RELEASE/spring-jcl-5.1.3.RELEASE.jar:/home/user/.m2/repository/org/springframework/spring-tx/5.1.3.RELEASE/spring-tx-5.1.3.RELEASE.jar:/home/user/.m2/repository/org/apache/hadoop/hadoop-ozone-client/0.5.0-SNAPSHOT/hadoop-ozone-client-0.5.0-SNAPSHOT.jar:/home/user/.m2/repository/commons-lang/commons-lang/2.6/commons-lang-2.6.jar:/home/user/.m2/repository/org/apache/hadoop/hadoop-ozone-ozone-manager/0.5.0-SNAPSHOT/hadoop-ozone-ozone-manager-0.5.0-SNAPSHOT-tests.jar:/home/user/.m2/repository/junit/junit/4.11/junit-4.11.jar:/home/user/.m2/repository/org/hamcrest/hamcrest-core/1.3/hamcrest-core-1.3.jar:/home/user/.m2/repository/org/openjdk/jmh/jmh-core/1.19/jmh-core-1.19.jar:/home/user/.m2/repository/net/sf/jopt-simple/jopt-simple/4.6/jopt-simple-4.6.jar:/home/user/.m2/repository/org/apache/commons/commons-math3/3.1.1/commons-math3-3.1.1.jar:/home/user/.m2/repository/org/openjdk/jmh/jmh-generator-annprocess/1.19/jmh-generator-annprocess-1.19.jar:/home/user/.m2/repository/org/mockito/mockito-all/1.8.5/mockito-all-1.8.5.jar:/home/user/.m2/repository/org/apache/hadoop/hadoop-kms/3.2.0/hadoop-kms-3.2.0.jar:/home/user/.m2/repository/org/apache/hadoop/hadoop-auth/3.2.0/hadoop-auth-3.2.0.jar:/home/user/.m2/repository/com/nimbusds/nimbus-jose-jwt/4.41.1/nimbus-jose-jwt-4.41.1.jar:/home/user/.m2/repository/com/github/stephenc/jcip/jcip-annotations/1.0-1/jcip-annotations-1.0-1.jar:/home/user/.m2/repository/net/minidev/json-smart/2.3/json-smart-2.3.jar:/home/user/.m2/repository/net/minidev/accessors-smart/1.2/accessors-smart-1.2.jar:/home/user/.m2/repository/org/ow2/asm/asm/5.0.4/asm-5.0.4.jar:/home/user/.m2/repository/org/apache/curator/curator-framework/2.12.0/curator-framework-2.12.0.jar:/home/user/.m2/repository/com/sun/jersey/jersey-core/1.19/jersey-core-1.19.jar:/home/user/.m2/repository/javax/ws/rs/jsr311-api/1.1.1/jsr311-api-1.1.1.jar:/home/user/.m2/repository/com/sun/jersey/jersey-server/1.19/jersey-server-1.19.jar:/home/user/.m2/repository/javax/servlet/javax.servlet-api/3.1.0/javax.servlet-api-3.1.0.jar:/home/user/.m2/repository/org/eclipse/jetty/jetty-server/9.3.25.v20180904/jetty-server-9.3.25.v20180904.jar:/home/user/.m2/repository/org/eclipse/jetty/jetty-http/9.3.25.v20180904/jetty-http-9.3.25.v20180904.jar:/home/user/.m2/repository/org/eclipse/jetty/jetty-io/9.3.25.v20180904/jetty-io-9.3.25.v20180904.jar:/home/user/.m2/repository/org/eclipse/jetty/jetty-webapp/9.3.25.v20180904/jetty-webapp-9.3.25.v20180904.jar:/home/user/.m2/repository/org/eclipse/jetty/jetty-xml/9.3.25.v20180904/jetty-xml-9.3.25.v20180904.jar:/home/user/.m2/repository/log4j/log4j/1.2.17/log4j-1.2.17.jar:/home/user/.m2/repository/org/slf4j/slf4j-api/1.7.25/slf4j-api-1.7.25.jar:/home/user/.m2/repository/org/slf4j/jul-to-slf4j/1.7.25/jul-to-slf4j-1.7.25.jar:/home/user/.m2/repository/org/eclipse/jetty/jetty-util/9.3.25.v20180904/jetty-util-9.3.25.v20180904.jar:/home/user/.m2/repository/com/fasterxml/jackson/core/jackson-databind/2.9.9/jackson-databind-2.9.9.jar:/home/user/.m2/repository/org/apache/hadoop/hadoop-kms/3.2.0/hadoop-kms-3.2.0-tests.jar:/home/user/.m2/repository/org/apache/hadoop/hadoop-hdds-server-scm/0.5.0-SNAPSHOT/hadoop-hdds-server-scm-0.5.0-SNAPSHOT-tests.jar:/home/user/.m2/repository/org/apache/hadoop/hadoop-hdds-container-service/0.5.0-SNAPSHOT/hadoop-hdds-container-service-0.5.0-SNAPSHOT-tests.jar:/home/user/.m2/repository/org/yaml/snakeyaml/1.16/snakeyaml-1.16.jar:/home/user/.m2/repository/org/apache/hadoop/hadoop-common/3.2.0/hadoop-common-3.2.0-tests.jar:/home/user/.m2/repository/org/apache/hadoop/hadoop-annotations/3.2.0/hadoop-annotations-3.2.0.jar:/usr/lib/jvm/java-1.8.0-openjdk-1.8.0.222.b10-1.el7_7.x86_64/jre/../lib/tools.jar:/home/user/.m2/repository/commons-cli/commons-cli/1.2/commons-cli-1.2.jar:/home/user/.m2/repository/org/apache/httpcomponents/httpclient/4.5.2/httpclient-4.5.2.jar:/home/user/.m2/repository/org/apache/httpcomponents/httpcore/4.4.4/httpcore-4.4.4.jar:/home/user/.m2/repository/commons-codec/commons-codec/1.11/commons-codec-1.11.jar:/home/user/.m2/repository/commons-net/commons-net/3.6/commons-net-3.6.jar:/home/user/.m2/repository/commons-collections/commons-collections/3.2.2/commons-collections-3.2.2.jar:/home/user/.m2/repository/org/eclipse/jetty/jetty-servlet/9.3.25.v20180904/jetty-servlet-9.3.25.v20180904.jar:/home/user/.m2/repository/org/eclipse/jetty/jetty-security/9.3.25.v20180904/jetty-security-9.3.25.v20180904.jar:/home/user/.m2/repository/javax/servlet/jsp/jsp-api/2.1/jsp-api-2.1.jar:/home/user/.m2/repository/com/sun/jersey/jersey-servlet/1.19/jersey-servlet-1.19.jar:/home/user/.m2/repository/com/sun/jersey/jersey-json/1.19/jersey-json-1.19.jar:/home/user/.m2/repository/org/codehaus/jettison/jettison/1.1/jettison-1.1.jar:/home/user/.m2/repository/org/codehaus/jackson/jackson-core-asl/1.9.13/jackson-core-asl-1.9.13.jar:/home/user/.m2/repository/org/codehaus/jackson/jackson-mapper-asl/1.9.13/jackson-mapper-asl-1.9.13.jar:/home/user/.m2/repository/org/codehaus/jackson/jackson-jaxrs/1.9.13/jackson-jaxrs-1.9.13.jar:/home/user/.m2/repository/org/codehaus/jackson/jackson-xc/1.9.13/jackson-xc-1.9.13.jar:/home/user/.m2/repository/commons-logging/commons-logging/1.1.3/commons-logging-1.1.3.jar:/home/user/.m2/repository/commons-beanutils/commons-beanutils/1.9.4/commons-beanutils-1.9.4.jar:/home/user/.m2/repository/org/apache/commons/commons-configuration2/2.1.1/commons-configuration2-2.1.1.jar:/home/user/.m2/repository/org/apache/commons/commons-lang3/3.7/commons-lang3-3.7.jar:/home/user/.m2/repository/org/apache/commons/commons-text/1.4/commons-text-1.4.jar:/home/user/.m2/repository/org/apache/avro/avro/1.7.7/avro-1.7.7.jar:/home/user/.m2/repository/com/thoughtworks/paranamer/paranamer/2.3/paranamer-2.3.jar:/home/user/.m2/repository/org/xerial/snappy/snappy-java/1.0.5/snappy-java-1.0.5.jar:/home/user/.m2/repository/com/google/re2j/re2j/1.1/re2j-1.1.jar:/home/user/.m2/repository/com/google/code/gson/gson/2.2.4/gson-2.2.4.jar:/home/user/.m2/repository/com/jcraft/jsch/0.1.54/jsch-0.1.54.jar:/home/user/.m2/repository/org/apache/curator/curator-client/2.12.0/curator-client-2.12.0.jar:/home/user/.m2/repository/org/apache/curator/curator-recipes/2.12.0/curator-recipes-2.12.0.jar:/home/user/.m2/repository/com/google/code/findbugs/jsr305/3.0.0/jsr305-3.0.0.jar:/home/user/.m2/repository/org/apache/htrace/htrace-core4/4.1.0-incubating/htrace-core4-4.1.0-incubating.jar:/home/user/.m2/repository/org/apache/zookeeper/zookeeper/3.4.13/zookeeper-3.4.13.jar:/home/user/.m2/repository/jline/jline/0.9.94/jline-0.9.94.jar:/home/user/.m2/repository/org/apache/yetus/audience-annotations/0.5.0/audience-annotations-0.5.0.jar:/home/user/.m2/repository/org/codehaus/woodstox/stax2-api/3.1.4/stax2-api-3.1.4.jar:/home/user/.m2/repository/com/fasterxml/woodstox/woodstox-core/5.0.3/woodstox-core-5.0.3.jar:/home/user/.m2/repository/dnsjava/dnsjava/2.1.7/dnsjava-2.1.7.jar:/home/user/.m2/repository/org/apache/hadoop/hadoop-hdfs/3.2.0/hadoop-hdfs-3.2.0-tests.jar:/home/user/.m2/repository/org/eclipse/jetty/jetty-util-ajax/9.3.25.v20180904/jetty-util-ajax-9.3.25.v20180904.jar:/home/user/.m2/repository/commons-daemon/commons-daemon/1.0.13/commons-daemon-1.0.13.jar:/home/user/.m2/repository/io/netty/netty/3.10.5.Final/netty-3.10.5.Final.jar:/home/user/.m2/repository/io/netty/netty-all/4.0.52.Final/netty-all-4.0.52.Final.jar:/home/user/.m2/repository/org/fusesource/leveldbjni/leveldbjni-all/1.8/leveldbjni-all-1.8.jar:"/>
    <property name="java.vm.vendor" value="Oracle Corporation"/>
    <property name="sun.arch.data.model" value="64"/>
    <property name="test.build.dir" value="/workdir/hadoop-ozone/integration-test/target/test-dir"/>
    <property name="test.cache.data" value=""/>
    <property name="java.vendor.url" value="http://java.oracle.com/"/>
    <property name="user.timezone" value=""/>
    <property name="java.vm.specification.version" value="1.8"/>
    <property name="os.name" value="Linux"/>
    <property name="test.build.data" value="/workdir/hadoop-ozone/integration-test/target/test-dir"/>
    <property name="user.country" value="US"/>
    <property name="sun.java.launcher" value="SUN_STANDARD"/>
    <property name="sun.boot.library.path" value="/usr/lib/jvm/java-1.8.0-openjdk-1.8.0.222.b10-1.el7_7.x86_64/jre/lib/amd64"/>
    <property name="sun.java.command" value="/workdir/hadoop-ozone/integration-test/target/surefire/surefirebooter4264558175318238052.jar /workdir/hadoop-ozone/integration-test/target/surefire 2019-10-23T09-52-42_114-jvmRun1 surefire666350744098453530tmp surefire_292105634541389503247tmp"/>
    <property name="surefire.test.class.path" value="/workdir/hadoop-ozone/integration-test/target/test-classes:/workdir/hadoop-ozone/integration-test/target/classes:/home/user/.m2/repository/org/apache/hadoop/hadoop-ozone-common/0.5.0-SNAPSHOT/hadoop-ozone-common-0.5.0-SNAPSHOT.jar:/home/user/.m2/repository/org/apache/commons/commons-compress/1.4.1/commons-compress-1.4.1.jar:/home/user/.m2/repository/org/tukaani/xz/1.0/xz-1.0.jar:/home/user/.m2/repository/org/apache/hadoop/hadoop-common/3.2.0/hadoop-common-3.2.0.jar:/home/user/.m2/repository/org/apache/hadoop/hadoop-hdfs/3.2.0/hadoop-hdfs-3.2.0.jar:/home/user/.m2/repository/org/apache/hadoop/hadoop-hdfs-client/3.2.0/hadoop-hdfs-client-3.2.0.jar:/home/user/.m2/repository/com/fasterxml/jackson/core/jackson-annotations/2.9.9/jackson-annotations-2.9.9.jar:/home/user/.m2/repository/org/apache/hadoop/hadoop-hdds-common/0.5.0-SNAPSHOT/hadoop-hdds-common-0.5.0-SNAPSHOT.jar:/home/user/.m2/repository/javax/annotation/javax.annotation-api/1.2/javax.annotation-api-1.2.jar:/home/user/.m2/repository/org/apache/ratis/ratis-server/0.5.0-ced7dbf-SNAPSHOT/ratis-server-0.5.0-ced7dbf-SNAPSHOT.jar:/home/user/.m2/repository/org/apache/ratis/ratis-thirdparty-misc/0.2.0/ratis-thirdparty-misc-0.2.0.jar:/home/user/.m2/repository/org/apache/ratis/ratis-proto/0.5.0-ced7dbf-SNAPSHOT/ratis-proto-0.5.0-ced7dbf-SNAPSHOT.jar:/home/user/.m2/repository/org/apache/ratis/ratis-common/0.5.0-ced7dbf-SNAPSHOT/ratis-common-0.5.0-ced7dbf-SNAPSHOT.jar:/home/user/.m2/repository/org/apache/ratis/ratis-client/0.5.0-ced7dbf-SNAPSHOT/ratis-client-0.5.0-ced7dbf-SNAPSHOT.jar:/home/user/.m2/repository/org/apache/ratis/ratis-metrics/0.5.0-ced7dbf-SNAPSHOT/ratis-metrics-0.5.0-ced7dbf-SNAPSHOT.jar:/home/user/.m2/repository/org/apache/ratis/ratis-netty/0.5.0-ced7dbf-SNAPSHOT/ratis-netty-0.5.0-ced7dbf-SNAPSHOT.jar:/home/user/.m2/repository/org/apache/ratis/ratis-grpc/0.5.0-ced7dbf-SNAPSHOT/ratis-grpc-0.5.0-ced7dbf-SNAPSHOT.jar:/home/user/.m2/repository/org/rocksdb/rocksdbjni/6.0.1/rocksdbjni-6.0.1.jar:/home/user/.m2/repository/org/apache/logging/log4j/log4j-api/2.11.0/log4j-api-2.11.0.jar:/home/user/.m2/repository/org/apache/logging/log4j/log4j-core/2.11.0/log4j-core-2.11.0.jar:/home/user/.m2/repository/com/lmax/disruptor/3.4.2/disruptor-3.4.2.jar:/home/user/.m2/repository/org/apache/commons/commons-pool2/2.6.0/commons-pool2-2.6.0.jar:/home/user/.m2/repository/org/bouncycastle/bcpkix-jdk15on/1.60/bcpkix-jdk15on-1.60.jar:/home/user/.m2/repository/commons-validator/commons-validator/1.6/commons-validator-1.6.jar:/home/user/.m2/repository/commons-digester/commons-digester/1.8.1/commons-digester-1.8.1.jar:/home/user/.m2/repository/io/jaegertracing/jaeger-client/0.34.0/jaeger-client-0.34.0.jar:/home/user/.m2/repository/io/jaegertracing/jaeger-thrift/0.34.0/jaeger-thrift-0.34.0.jar:/home/user/.m2/repository/org/apache/thrift/libthrift/0.12.0/libthrift-0.12.0.jar:/home/user/.m2/repository/com/squareup/okhttp3/okhttp/3.9.0/okhttp-3.9.0.jar:/home/user/.m2/repository/com/squareup/okio/okio/1.13.0/okio-1.13.0.jar:/home/user/.m2/repository/io/jaegertracing/jaeger-core/0.34.0/jaeger-core-0.34.0.jar:/home/user/.m2/repository/io/jaegertracing/jaeger-tracerresolver/0.34.0/jaeger-tracerresolver-0.34.0.jar:/home/user/.m2/repository/io/opentracing/contrib/opentracing-tracerresolver/0.1.5/opentracing-tracerresolver-0.1.5.jar:/home/user/.m2/repository/io/opentracing/opentracing-util/0.31.0/opentracing-util-0.31.0.jar:/home/user/.m2/repository/io/opentracing/opentracing-api/0.31.0/opentracing-api-0.31.0.jar:/home/user/.m2/repository/io/opentracing/opentracing-noop/0.31.0/opentracing-noop-0.31.0.jar:/home/user/.m2/repository/org/apache/hadoop/hadoop-hdds-server-framework/0.5.0-SNAPSHOT/hadoop-hdds-server-framework-0.5.0-SNAPSHOT.jar:/home/user/.m2/repository/org/apache/hadoop/hadoop-hdds-container-service/0.5.0-SNAPSHOT/hadoop-hdds-container-service-0.5.0-SNAPSHOT.jar:/home/user/.m2/repository/org/apache/hadoop/hadoop-hdds-client/0.5.0-SNAPSHOT/hadoop-hdds-client-0.5.0-SNAPSHOT.jar:/home/user/.m2/repository/org/apache/hadoop/hadoop-hdds-tools/0.5.0-SNAPSHOT/hadoop-hdds-tools-0.5.0-SNAPSHOT.jar:/home/user/.m2/repository/org/apache/hadoop/hadoop-hdds-server-scm/0.5.0-SNAPSHOT/hadoop-hdds-server-scm-0.5.0-SNAPSHOT.jar:/home/user/.m2/repository/org/apache/hadoop/hadoop-hdds-docs/0.5.0-SNAPSHOT/hadoop-hdds-docs-0.5.0-SNAPSHOT.jar:/home/user/.m2/repository/io/dropwizard/metrics/metrics-core/3.2.4/metrics-core-3.2.4.jar:/home/user/.m2/repository/org/hamcrest/hamcrest-all/1.3/hamcrest-all-1.3.jar:/home/user/.m2/repository/org/bouncycastle/bcprov-jdk15on/1.60/bcprov-jdk15on-1.60.jar:/home/user/.m2/repository/info/picocli/picocli/3.9.6/picocli-3.9.6.jar:/home/user/.m2/repository/com/google/protobuf/protobuf-java/2.5.0/protobuf-java-2.5.0.jar:/home/user/.m2/repository/com/google/guava/guava/11.0.2/guava-11.0.2.jar:/home/user/.m2/repository/org/apache/hadoop/hadoop-ozone-ozone-manager/0.5.0-SNAPSHOT/hadoop-ozone-ozone-manager-0.5.0-SNAPSHOT.jar:/home/user/.m2/repository/org/apache/hadoop/hadoop-minikdc/3.2.0/hadoop-minikdc-3.2.0.jar:/home/user/.m2/repository/commons-io/commons-io/2.5/commons-io-2.5.jar:/home/user/.m2/repository/org/apache/kerby/kerb-simplekdc/1.0.1/kerb-simplekdc-1.0.1.jar:/home/user/.m2/repository/org/apache/kerby/kerb-client/1.0.1/kerb-client-1.0.1.jar:/home/user/.m2/repository/org/apache/kerby/kerby-config/1.0.1/kerby-config-1.0.1.jar:/home/user/.m2/repository/org/apache/kerby/kerb-core/1.0.1/kerb-core-1.0.1.jar:/home/user/.m2/repository/org/apache/kerby/kerby-pkix/1.0.1/kerby-pkix-1.0.1.jar:/home/user/.m2/repository/org/apache/kerby/kerby-asn1/1.0.1/kerby-asn1-1.0.1.jar:/home/user/.m2/repository/org/apache/kerby/kerby-util/1.0.1/kerby-util-1.0.1.jar:/home/user/.m2/repository/org/apache/kerby/kerb-common/1.0.1/kerb-common-1.0.1.jar:/home/user/.m2/repository/org/apache/kerby/kerb-crypto/1.0.1/kerb-crypto-1.0.1.jar:/home/user/.m2/repository/org/apache/kerby/kerb-util/1.0.1/kerb-util-1.0.1.jar:/home/user/.m2/repository/org/apache/kerby/token-provider/1.0.1/token-provider-1.0.1.jar:/home/user/.m2/repository/org/apache/kerby/kerb-admin/1.0.1/kerb-admin-1.0.1.jar:/home/user/.m2/repository/org/apache/kerby/kerb-server/1.0.1/kerb-server-1.0.1.jar:/home/user/.m2/repository/org/apache/kerby/kerb-identity/1.0.1/kerb-identity-1.0.1.jar:/home/user/.m2/repository/org/apache/kerby/kerby-xdr/1.0.1/kerby-xdr-1.0.1.jar:/home/user/.m2/repository/org/slf4j/slf4j-log4j12/1.7.25/slf4j-log4j12-1.7.25.jar:/home/user/.m2/repository/org/apache/hadoop/hadoop-ozone-s3gateway/0.5.0-SNAPSHOT/hadoop-ozone-s3gateway-0.5.0-SNAPSHOT.jar:/home/user/.m2/repository/org/jboss/weld/servlet/weld-servlet/2.4.7.Final/weld-servlet-2.4.7.Final.jar:/home/user/.m2/repository/org/glassfish/jersey/containers/jersey-container-servlet-core/2.27/jersey-container-servlet-core-2.27.jar:/home/user/.m2/repository/org/glassfish/hk2/external/javax.inject/2.5.0-b42/javax.inject-2.5.0-b42.jar:/home/user/.m2/repository/org/glassfish/jersey/core/jersey-common/2.27/jersey-common-2.27.jar:/home/user/.m2/repository/org/glassfish/hk2/osgi-resource-locator/1.0.1/osgi-resource-locator-1.0.1.jar:/home/user/.m2/repository/javax/ws/rs/javax.ws.rs-api/2.1/javax.ws.rs-api-2.1.jar:/home/user/.m2/repository/org/glassfish/jersey/ext/cdi/jersey-cdi1x/2.27/jersey-cdi1x-2.27.jar:/home/user/.m2/repository/org/glassfish/jersey/inject/jersey-hk2/2.27/jersey-hk2-2.27.jar:/home/user/.m2/repository/org/glassfish/hk2/hk2-locator/2.5.0-b42/hk2-locator-2.5.0-b42.jar:/home/user/.m2/repository/org/javassist/javassist/3.22.0-CR2/javassist-3.22.0-CR2.jar:/home/user/.m2/repository/org/glassfish/hk2/hk2-api/2.5.0/hk2-api-2.5.0.jar:/home/user/.m2/repository/org/glassfish/hk2/external/jakarta.inject/2.5.0/jakarta.inject-2.5.0.jar:/home/user/.m2/repository/org/glassfish/hk2/hk2-utils/2.5.0/hk2-utils-2.5.0.jar:/home/user/.m2/repository/jakarta/annotation/jakarta.annotation-api/1.3.4/jakarta.annotation-api-1.3.4.jar:/home/user/.m2/repository/org/glassfish/hk2/external/aopalliance-repackaged/2.5.0/aopalliance-repackaged-2.5.0.jar:/home/user/.m2/repository/com/fasterxml/jackson/dataformat/jackson-dataformat-xml/2.9.0/jackson-dataformat-xml-2.9.0.jar:/home/user/.m2/repository/com/fasterxml/jackson/core/jackson-core/2.9.9/jackson-core-2.9.9.jar:/home/user/.m2/repository/com/fasterxml/jackson/module/jackson-module-jaxb-annotations/2.9.9/jackson-module-jaxb-annotations-2.9.9.jar:/home/user/.m2/repository/javax/enterprise/cdi-api/1.2/cdi-api-1.2.jar:/home/user/.m2/repository/javax/el/javax.el-api/3.0.0/javax.el-api-3.0.0.jar:/home/user/.m2/repository/javax/interceptor/javax.interceptor-api/1.2/javax.interceptor-api-1.2.jar:/home/user/.m2/repository/javax/inject/javax.inject/1/javax.inject-1.jar:/home/user/.m2/repository/com/sun/xml/bind/jaxb-impl/2.3.0.1/jaxb-impl-2.3.0.1.jar:/home/user/.m2/repository/com/sun/xml/bind/jaxb-core/2.3.0.1/jaxb-core-2.3.0.1.jar:/home/user/.m2/repository/javax/xml/bind/jaxb-api/2.3.0/jaxb-api-2.3.0.jar:/home/user/.m2/repository/javax/activation/activation/1.1.1/activation-1.1.1.jar:/home/user/.m2/repository/org/apache/hadoop/hadoop-ozone-csi/0.5.0-SNAPSHOT/hadoop-ozone-csi-0.5.0-SNAPSHOT.jar:/home/user/.m2/repository/com/google/protobuf/protobuf-java-util/3.5.1/protobuf-java-util-3.5.1.jar:/home/user/.m2/repository/org/apache/hadoop/hadoop-hdds-config/0.5.0-SNAPSHOT/hadoop-hdds-config-0.5.0-SNAPSHOT.jar:/home/user/.m2/repository/io/grpc/grpc-netty/1.17.1/grpc-netty-1.17.1.jar:/home/user/.m2/repository/io/grpc/grpc-core/1.17.1/grpc-core-1.17.1.jar:/home/user/.m2/repository/io/grpc/grpc-context/1.17.1/grpc-context-1.17.1.jar:/home/user/.m2/repository/com/google/errorprone/error_prone_annotations/2.2.0/error_prone_annotations-2.2.0.jar:/home/user/.m2/repository/org/codehaus/mojo/animal-sniffer-annotations/1.17/animal-sniffer-annotations-1.17.jar:/home/user/.m2/repository/io/opencensus/opencensus-api/0.17.0/opencensus-api-0.17.0.jar:/home/user/.m2/repository/io/opencensus/opencensus-contrib-grpc-metrics/0.17.0/opencensus-contrib-grpc-metrics-0.17.0.jar:/home/user/.m2/repository/io/netty/netty-codec-http2/4.1.30.Final/netty-codec-http2-4.1.30.Final.jar:/home/user/.m2/repository/io/netty/netty-codec-http/4.1.30.Final/netty-codec-http-4.1.30.Final.jar:/home/user/.m2/repository/io/netty/netty-codec/4.1.30.Final/netty-codec-4.1.30.Final.jar:/home/user/.m2/repository/io/netty/netty-handler/4.1.30.Final/netty-handler-4.1.30.Final.jar:/home/user/.m2/repository/io/netty/netty-handler-proxy/4.1.30.Final/netty-handler-proxy-4.1.30.Final.jar:/home/user/.m2/repository/io/netty/netty-codec-socks/4.1.30.Final/netty-codec-socks-4.1.30.Final.jar:/home/user/.m2/repository/io/netty/netty-transport-native-epoll/4.1.30.Final/netty-transport-native-epoll-4.1.30.Final.jar:/home/user/.m2/repository/io/netty/netty-common/4.1.30.Final/netty-common-4.1.30.Final.jar:/home/user/.m2/repository/io/netty/netty-buffer/4.1.30.Final/netty-buffer-4.1.30.Final.jar:/home/user/.m2/repository/io/netty/netty-transport/4.1.30.Final/netty-transport-4.1.30.Final.jar:/home/user/.m2/repository/io/netty/netty-resolver/4.1.30.Final/netty-resolver-4.1.30.Final.jar:/home/user/.m2/repository/io/netty/netty-transport-native-unix-common/4.1.30.Final/netty-transport-native-unix-common-4.1.30.Final.jar:/home/user/.m2/repository/io/grpc/grpc-protobuf/1.17.1/grpc-protobuf-1.17.1.jar:/home/user/.m2/repository/com/google/api/grpc/proto-google-common-protos/1.0.0/proto-google-common-protos-1.0.0.jar:/home/user/.m2/repository/io/grpc/grpc-protobuf-lite/1.17.1/grpc-protobuf-lite-1.17.1.jar:/home/user/.m2/repository/io/grpc/grpc-stub/1.17.1/grpc-stub-1.17.1.jar:/home/user/.m2/repository/org/apache/hadoop/hadoop-ozone-recon/0.5.0-SNAPSHOT/hadoop-ozone-recon-0.5.0-SNAPSHOT.jar:/home/user/.m2/repository/org/apache/hadoop/hadoop-ozone-reconcodegen/0.5.0-SNAPSHOT/hadoop-ozone-reconcodegen-0.5.0-SNAPSHOT.jar:/home/user/.m2/repository/com/google/inject/extensions/guice-multibindings/4.0/guice-multibindings-4.0.jar:/home/user/.m2/repository/com/google/inject/guice/4.0/guice-4.0.jar:/home/user/.m2/repository/aopalliance/aopalliance/1.0/aopalliance-1.0.jar:/home/user/.m2/repository/com/google/inject/extensions/guice-servlet/4.0/guice-servlet-4.0.jar:/home/user/.m2/repository/org/glassfish/jersey/containers/jersey-container-servlet/2.27/jersey-container-servlet-2.27.jar:/home/user/.m2/repository/org/glassfish/hk2/guice-bridge/2.5.0/guice-bridge-2.5.0.jar:/home/user/.m2/repository/org/glassfish/jersey/core/jersey-server/2.27/jersey-server-2.27.jar:/home/user/.m2/repository/org/glassfish/jersey/core/jersey-client/2.27/jersey-client-2.27.jar:/home/user/.m2/repository/org/glassfish/jersey/media/jersey-media-jaxb/2.27/jersey-media-jaxb-2.27.jar:/home/user/.m2/repository/javax/validation/validation-api/1.1.0.Final/validation-api-1.1.0.Final.jar:/home/user/.m2/repository/org/glassfish/jersey/media/jersey-media-json-jackson/2.27/jersey-media-json-jackson-2.27.jar:/home/user/.m2/repository/org/glassfish/jersey/ext/jersey-entity-filtering/2.27/jersey-entity-filtering-2.27.jar:/home/user/.m2/repository/com/google/inject/extensions/guice-assistedinject/4.0/guice-assistedinject-4.0.jar:/home/user/.m2/repository/org/jooq/jooq/3.11.10/jooq-3.11.10.jar:/home/user/.m2/repository/org/jooq/jooq-meta/3.11.10/jooq-meta-3.11.10.jar:/home/user/.m2/repository/org/jooq/jooq-codegen/3.11.10/jooq-codegen-3.11.10.jar:/home/user/.m2/repository/com/jolbox/bonecp/0.8.0.RELEASE/bonecp-0.8.0.RELEASE.jar:/home/user/.m2/repository/org/xerial/sqlite-jdbc/3.25.2/sqlite-jdbc-3.25.2.jar:/home/user/.m2/repository/org/springframework/spring-jdbc/5.1.3.RELEASE/spring-jdbc-5.1.3.RELEASE.jar:/home/user/.m2/repository/org/springframework/spring-beans/5.1.3.RELEASE/spring-beans-5.1.3.RELEASE.jar:/home/user/.m2/repository/org/springframework/spring-core/5.1.3.RELEASE/spring-core-5.1.3.RELEASE.jar:/home/user/.m2/repository/org/springframework/spring-jcl/5.1.3.RELEASE/spring-jcl-5.1.3.RELEASE.jar:/home/user/.m2/repository/org/springframework/spring-tx/5.1.3.RELEASE/spring-tx-5.1.3.RELEASE.jar:/home/user/.m2/repository/org/apache/hadoop/hadoop-ozone-client/0.5.0-SNAPSHOT/hadoop-ozone-client-0.5.0-SNAPSHOT.jar:/home/user/.m2/repository/commons-lang/commons-lang/2.6/commons-lang-2.6.jar:/home/user/.m2/repository/org/apache/hadoop/hadoop-ozone-ozone-manager/0.5.0-SNAPSHOT/hadoop-ozone-ozone-manager-0.5.0-SNAPSHOT-tests.jar:/home/user/.m2/repository/junit/junit/4.11/junit-4.11.jar:/home/user/.m2/repository/org/hamcrest/hamcrest-core/1.3/hamcrest-core-1.3.jar:/home/user/.m2/repository/org/openjdk/jmh/jmh-core/1.19/jmh-core-1.19.jar:/home/user/.m2/repository/net/sf/jopt-simple/jopt-simple/4.6/jopt-simple-4.6.jar:/home/user/.m2/repository/org/apache/commons/commons-math3/3.1.1/commons-math3-3.1.1.jar:/home/user/.m2/repository/org/openjdk/jmh/jmh-generator-annprocess/1.19/jmh-generator-annprocess-1.19.jar:/home/user/.m2/repository/org/mockito/mockito-all/1.8.5/mockito-all-1.8.5.jar:/home/user/.m2/repository/org/apache/hadoop/hadoop-kms/3.2.0/hadoop-kms-3.2.0.jar:/home/user/.m2/repository/org/apache/hadoop/hadoop-auth/3.2.0/hadoop-auth-3.2.0.jar:/home/user/.m2/repository/com/nimbusds/nimbus-jose-jwt/4.41.1/nimbus-jose-jwt-4.41.1.jar:/home/user/.m2/repository/com/github/stephenc/jcip/jcip-annotations/1.0-1/jcip-annotations-1.0-1.jar:/home/user/.m2/repository/net/minidev/json-smart/2.3/json-smart-2.3.jar:/home/user/.m2/repository/net/minidev/accessors-smart/1.2/accessors-smart-1.2.jar:/home/user/.m2/repository/org/ow2/asm/asm/5.0.4/asm-5.0.4.jar:/home/user/.m2/repository/org/apache/curator/curator-framework/2.12.0/curator-framework-2.12.0.jar:/home/user/.m2/repository/com/sun/jersey/jersey-core/1.19/jersey-core-1.19.jar:/home/user/.m2/repository/javax/ws/rs/jsr311-api/1.1.1/jsr311-api-1.1.1.jar:/home/user/.m2/repository/com/sun/jersey/jersey-server/1.19/jersey-server-1.19.jar:/home/user/.m2/repository/javax/servlet/javax.servlet-api/3.1.0/javax.servlet-api-3.1.0.jar:/home/user/.m2/repository/org/eclipse/jetty/jetty-server/9.3.25.v20180904/jetty-server-9.3.25.v20180904.jar:/home/user/.m2/repository/org/eclipse/jetty/jetty-http/9.3.25.v20180904/jetty-http-9.3.25.v20180904.jar:/home/user/.m2/repository/org/eclipse/jetty/jetty-io/9.3.25.v20180904/jetty-io-9.3.25.v20180904.jar:/home/user/.m2/repository/org/eclipse/jetty/jetty-webapp/9.3.25.v20180904/jetty-webapp-9.3.25.v20180904.jar:/home/user/.m2/repository/org/eclipse/jetty/jetty-xml/9.3.25.v20180904/jetty-xml-9.3.25.v20180904.jar:/home/user/.m2/repository/log4j/log4j/1.2.17/log4j-1.2.17.jar:/home/user/.m2/repository/org/slf4j/slf4j-api/1.7.25/slf4j-api-1.7.25.jar:/home/user/.m2/repository/org/slf4j/jul-to-slf4j/1.7.25/jul-to-slf4j-1.7.25.jar:/home/user/.m2/repository/org/eclipse/jetty/jetty-util/9.3.25.v20180904/jetty-util-9.3.25.v20180904.jar:/home/user/.m2/repository/com/fasterxml/jackson/core/jackson-databind/2.9.9/jackson-databind-2.9.9.jar:/home/user/.m2/repository/org/apache/hadoop/hadoop-kms/3.2.0/hadoop-kms-3.2.0-tests.jar:/home/user/.m2/repository/org/apache/hadoop/hadoop-hdds-server-scm/0.5.0-SNAPSHOT/hadoop-hdds-server-scm-0.5.0-SNAPSHOT-tests.jar:/home/user/.m2/repository/org/apache/hadoop/hadoop-hdds-container-service/0.5.0-SNAPSHOT/hadoop-hdds-container-service-0.5.0-SNAPSHOT-tests.jar:/home/user/.m2/repository/org/yaml/snakeyaml/1.16/snakeyaml-1.16.jar:/home/user/.m2/repository/org/apache/hadoop/hadoop-common/3.2.0/hadoop-common-3.2.0-tests.jar:/home/user/.m2/repository/org/apache/hadoop/hadoop-annotations/3.2.0/hadoop-annotations-3.2.0.jar:/usr/lib/jvm/java-1.8.0-openjdk-1.8.0.222.b10-1.el7_7.x86_64/jre/../lib/tools.jar:/home/user/.m2/repository/commons-cli/commons-cli/1.2/commons-cli-1.2.jar:/home/user/.m2/repository/org/apache/httpcomponents/httpclient/4.5.2/httpclient-4.5.2.jar:/home/user/.m2/repository/org/apache/httpcomponents/httpcore/4.4.4/httpcore-4.4.4.jar:/home/user/.m2/repository/commons-codec/commons-codec/1.11/commons-codec-1.11.jar:/home/user/.m2/repository/commons-net/commons-net/3.6/commons-net-3.6.jar:/home/user/.m2/repository/commons-collections/commons-collections/3.2.2/commons-collections-3.2.2.jar:/home/user/.m2/repository/org/eclipse/jetty/jetty-servlet/9.3.25.v20180904/jetty-servlet-9.3.25.v20180904.jar:/home/user/.m2/repository/org/eclipse/jetty/jetty-security/9.3.25.v20180904/jetty-security-9.3.25.v20180904.jar:/home/user/.m2/repository/javax/servlet/jsp/jsp-api/2.1/jsp-api-2.1.jar:/home/user/.m2/repository/com/sun/jersey/jersey-servlet/1.19/jersey-servlet-1.19.jar:/home/user/.m2/repository/com/sun/jersey/jersey-json/1.19/jersey-json-1.19.jar:/home/user/.m2/repository/org/codehaus/jettison/jettison/1.1/jettison-1.1.jar:/home/user/.m2/repository/org/codehaus/jackson/jackson-core-asl/1.9.13/jackson-core-asl-1.9.13.jar:/home/user/.m2/repository/org/codehaus/jackson/jackson-mapper-asl/1.9.13/jackson-mapper-asl-1.9.13.jar:/home/user/.m2/repository/org/codehaus/jackson/jackson-jaxrs/1.9.13/jackson-jaxrs-1.9.13.jar:/home/user/.m2/repository/org/codehaus/jackson/jackson-xc/1.9.13/jackson-xc-1.9.13.jar:/home/user/.m2/repository/commons-logging/commons-logging/1.1.3/commons-logging-1.1.3.jar:/home/user/.m2/repository/commons-beanutils/commons-beanutils/1.9.4/commons-beanutils-1.9.4.jar:/home/user/.m2/repository/org/apache/commons/commons-configuration2/2.1.1/commons-configuration2-2.1.1.jar:/home/user/.m2/repository/org/apache/commons/commons-lang3/3.7/commons-lang3-3.7.jar:/home/user/.m2/repository/org/apache/commons/commons-text/1.4/commons-text-1.4.jar:/home/user/.m2/repository/org/apache/avro/avro/1.7.7/avro-1.7.7.jar:/home/user/.m2/repository/com/thoughtworks/paranamer/paranamer/2.3/paranamer-2.3.jar:/home/user/.m2/repository/org/xerial/snappy/snappy-java/1.0.5/snappy-java-1.0.5.jar:/home/user/.m2/repository/com/google/re2j/re2j/1.1/re2j-1.1.jar:/home/user/.m2/repository/com/google/code/gson/gson/2.2.4/gson-2.2.4.jar:/home/user/.m2/repository/com/jcraft/jsch/0.1.54/jsch-0.1.54.jar:/home/user/.m2/repository/org/apache/curator/curator-client/2.12.0/curator-client-2.12.0.jar:/home/user/.m2/repository/org/apache/curator/curator-recipes/2.12.0/curator-recipes-2.12.0.jar:/home/user/.m2/repository/com/google/code/findbugs/jsr305/3.0.0/jsr305-3.0.0.jar:/home/user/.m2/repository/org/apache/htrace/htrace-core4/4.1.0-incubating/htrace-core4-4.1.0-incubating.jar:/home/user/.m2/repository/org/apache/zookeeper/zookeeper/3.4.13/zookeeper-3.4.13.jar:/home/user/.m2/repository/jline/jline/0.9.94/jline-0.9.94.jar:/home/user/.m2/repository/org/apache/yetus/audience-annotations/0.5.0/audience-annotations-0.5.0.jar:/home/user/.m2/repository/org/codehaus/woodstox/stax2-api/3.1.4/stax2-api-3.1.4.jar:/home/user/.m2/repository/com/fasterxml/woodstox/woodstox-core/5.0.3/woodstox-core-5.0.3.jar:/home/user/.m2/repository/dnsjava/dnsjava/2.1.7/dnsjava-2.1.7.jar:/home/user/.m2/repository/org/apache/hadoop/hadoop-hdfs/3.2.0/hadoop-hdfs-3.2.0-tests.jar:/home/user/.m2/repository/org/eclipse/jetty/jetty-util-ajax/9.3.25.v20180904/jetty-util-ajax-9.3.25.v20180904.jar:/home/user/.m2/repository/commons-daemon/commons-daemon/1.0.13/commons-daemon-1.0.13.jar:/home/user/.m2/repository/io/netty/netty/3.10.5.Final/netty-3.10.5.Final.jar:/home/user/.m2/repository/io/netty/netty-all/4.0.52.Final/netty-all-4.0.52.Final.jar:/home/user/.m2/repository/org/fusesource/leveldbjni/leveldbjni-all/1.8/leveldbjni-all-1.8.jar:"/>
    <property name="sun.cpu.endian" value="little"/>
    <property name="user.home" value="/home/user"/>
    <property name="user.language" value="en"/>
    <property name="java.specification.vendor" value="Oracle Corporation"/>
    <property name="java.home" value="/usr/lib/jvm/java-1.8.0-openjdk-1.8.0.222.b10-1.el7_7.x86_64/jre"/>
    <property name="surefire.excludesFile" value="/tools/ozone-bad-unit-tests"/>
    <property name="java.security.krb5.conf" value="/workdir/hadoop-ozone/integration-test/target/test-classes/krb5.conf"/>
    <property name="basedir" value="/workdir/hadoop-ozone/integration-test"/>
    <property name="file.separator" value="/"/>
    <property name="line.separator" value="&#10;"/>
    <property name="java.vm.specification.vendor" value="Oracle Corporation"/>
    <property name="java.specification.name" value="Java Platform API Specification"/>
    <property name="java.awt.graphicsenv" value="sun.awt.X11GraphicsEnvironment"/>
    <property name="surefire.real.class.path" value="/workdir/hadoop-ozone/integration-test/target/surefire/surefirebooter4264558175318238052.jar"/>
    <property name="hadoop.log.dir" value="/workdir/hadoop-ozone/integration-test/target/log"/>
    <property name="sun.boot.class.path" value="/usr/lib/jvm/java-1.8.0-openjdk-1.8.0.222.b10-1.el7_7.x86_64/jre/lib/resources.jar:/usr/lib/jvm/java-1.8.0-openjdk-1.8.0.222.b10-1.el7_7.x86_64/jre/lib/rt.jar:/usr/lib/jvm/java-1.8.0-openjdk-1.8.0.222.b10-1.el7_7.x86_64/jre/lib/sunrsasign.jar:/usr/lib/jvm/java-1.8.0-openjdk-1.8.0.222.b10-1.el7_7.x86_64/jre/lib/jsse.jar:/usr/lib/jvm/java-1.8.0-openjdk-1.8.0.222.b10-1.el7_7.x86_64/jre/lib/jce.jar:/usr/lib/jvm/java-1.8.0-openjdk-1.8.0.222.b10-1.el7_7.x86_64/jre/lib/charsets.jar:/usr/lib/jvm/java-1.8.0-openjdk-1.8.0.222.b10-1.el7_7.x86_64/jre/lib/jfr.jar:/usr/lib/jvm/java-1.8.0-openjdk-1.8.0.222.b10-1.el7_7.x86_64/jre/classes"/>
    <property name="sun.management.compiler" value="HotSpot 64-Bit Tiered Compilers"/>
    <property name="java.runtime.version" value="1.8.0_222-b10"/>
    <property name="java.net.preferIPv4Stack" value="true"/>
    <property name="user.name" value="jenkins1000"/>
    <property name="path.separator" value=":"/>
    <property name="java.security.egd" value="file:///dev/urandom"/>
    <property name="os.version" value="3.10.0-957.12.2.el7.x86_64"/>
    <property name="java.endorsed.dirs" value="/usr/lib/jvm/java-1.8.0-openjdk-1.8.0.222.b10-1.el7_7.x86_64/jre/lib/endorsed"/>
    <property name="java.runtime.name" value="OpenJDK Runtime Environment"/>
    <property name="file.encoding" value="ANSI_X3.4-1968"/>
    <property name="java.vm.name" value="OpenJDK 64-Bit Server VM"/>
    <property name="test.build.webapps" value=""/>
    <property name="localRepository" value="/home/user/.m2/repository"/>
    <property name="java.vendor.url.bug" value="http://bugreport.sun.com/bugreport/"/>
    <property name="java.io.tmpdir" value="/tmp"/>
    <property name="require.test.libhadoop" value=""/>
    <property name="java.version" value="1.8.0_222"/>
    <property name="user.dir" value="/workdir/hadoop-ozone/integration-test"/>
    <property name="os.arch" value="amd64"/>
    <property name="java.vm.specification.name" value="Java Virtual Machine Specification"/>
    <property name="test.build.classes" value="/workdir/hadoop-ozone/integration-test/target/test-classes"/>
    <property name="java.awt.printerjob" value="sun.print.PSPrinterJob"/>
    <property name="sun.os.patch.level" value="unknown"/>
    <property name="hadoop.tmp.dir" value="/workdir/hadoop-ozone/integration-test/target/tmp"/>
    <property name="java.library.path" value="/usr/lib:/workdir/hadoop-ozone/integration-test/target/native/target/usr/local/lib:/workdir/hadoop-ozone/integration-test/../../hadoop-common-project/hadoop-common/target/native/target/usr/local/lib:/usr/java/packages/lib/amd64:/usr/lib64:/lib64:/lib:/usr/lib"/>
    <property name="java.vm.info" value="mixed mode"/>
    <property name="java.vendor" value="Oracle Corporation"/>
    <property name="java.vm.version" value="25.222-b10"/>
    <property name="java.ext.dirs" value="/usr/lib/jvm/java-1.8.0-openjdk-1.8.0.222.b10-1.el7_7.x86_64/jre/lib/ext:/usr/java/packages/lib/ext"/>
    <property name="sun.io.unicode.encoding" value="UnicodeLittle"/>
    <property name="java.class.version" value="52.0"/>
  </properties>
  <testcase name="testPipelineDestroy" classname="org.apache.hadoop.ozone.scm.pipeline.TestSCMPipelineMetrics" time="28.125">
    <failure message="Bad value for metric NumPipelineDestroyed expected:&lt;1&gt; but was:&lt;5&gt;" type="java.lang.AssertionError"><![CDATA[java.lang.AssertionError: Bad value for metric NumPipelineDestroyed expected:<1> but was:<5>
	at org.junit.Assert.fail(Assert.java:88)
	at org.junit.Assert.failNotEquals(Assert.java:743)
	at org.junit.Assert.assertEquals(Assert.java:118)
	at org.junit.Assert.assertEquals(Assert.java:555)
	at org.apache.hadoop.test.MetricsAsserts.assertCounter(MetricsAsserts.java:227)
	at org.apache.hadoop.ozone.scm.pipeline.TestSCMPipelineMetrics.testPipelineDestroy(TestSCMPipelineMetrics.java:93)
	at sun.reflect.NativeMethodAccessorImpl.invoke0(Native Method)
	at sun.reflect.NativeMethodAccessorImpl.invoke(NativeMethodAccessorImpl.java:62)
	at sun.reflect.DelegatingMethodAccessorImpl.invoke(DelegatingMethodAccessorImpl.java:43)
	at java.lang.reflect.Method.invoke(Method.java:498)
	at org.junit.runners.model.FrameworkMethod$1.runReflectiveCall(FrameworkMethod.java:47)
	at org.junit.internal.runners.model.ReflectiveCallable.run(ReflectiveCallable.java:12)
	at org.junit.runners.model.FrameworkMethod.invokeExplosively(FrameworkMethod.java:44)
	at org.junit.internal.runners.statements.InvokeMethod.evaluate(InvokeMethod.java:17)
	at org.junit.internal.runners.statements.RunBefores.evaluate(RunBefores.java:26)
	at org.junit.internal.runners.statements.RunAfters.evaluate(RunAfters.java:27)
	at org.junit.runners.ParentRunner.runLeaf(ParentRunner.java:271)
	at org.junit.runners.BlockJUnit4ClassRunner.runChild(BlockJUnit4ClassRunner.java:70)
	at org.junit.runners.BlockJUnit4ClassRunner.runChild(BlockJUnit4ClassRunner.java:50)
	at org.junit.runners.ParentRunner$3.run(ParentRunner.java:238)
	at org.junit.runners.ParentRunner$1.schedule(ParentRunner.java:63)
	at org.junit.runners.ParentRunner.runChildren(ParentRunner.java:236)
	at org.junit.runners.ParentRunner.access$000(ParentRunner.java:53)
	at org.junit.runners.ParentRunner$2.evaluate(ParentRunner.java:229)
	at org.junit.runners.ParentRunner.run(ParentRunner.java:309)
	at org.apache.maven.surefire.junit4.JUnit4Provider.execute(JUnit4Provider.java:365)
	at org.apache.maven.surefire.junit4.JUnit4Provider.executeWithRerun(JUnit4Provider.java:273)
	at org.apache.maven.surefire.junit4.JUnit4Provider.executeTestSet(JUnit4Provider.java:238)
	at org.apache.maven.surefire.junit4.JUnit4Provider.invoke(JUnit4Provider.java:159)
	at org.apache.maven.surefire.booter.ForkedBooter.invokeProviderInSameClassLoader(ForkedBooter.java:384)
	at org.apache.maven.surefire.booter.ForkedBooter.runSuitesInProcess(ForkedBooter.java:345)
	at org.apache.maven.surefire.booter.ForkedBooter.execute(ForkedBooter.java:126)
	at org.apache.maven.surefire.booter.ForkedBooter.main(ForkedBooter.java:418)
]]></failure>
    <system-out><![CDATA[2019-10-23 10:31:22,417 [main] WARN  server.ServerUtils (ServerUtils.java:getScmDbDir(145)) - ozone.scm.db.dirs is not configured. We recommend adding this setting. Falling back to ozone.metadata.dirs instead.
2019-10-23 10:31:22,531 [main] WARN  server.ServerUtils (ServerUtils.java:getScmDbDir(145)) - ozone.scm.db.dirs is not configured. We recommend adding this setting. Falling back to ozone.metadata.dirs instead.
2019-10-23 10:31:22,534 [main] WARN  server.ServerUtils (ServerUtils.java:getScmDbDir(145)) - ozone.scm.db.dirs is not configured. We recommend adding this setting. Falling back to ozone.metadata.dirs instead.
2019-10-23 10:31:22,560 [main] INFO  util.log (Log.java:initialized(192)) - Logging initialized @884ms
2019-10-23 10:31:22,657 [main] INFO  db.DBStoreBuilder (DBStoreBuilder.java:addTable(127)) - using custom profile for table: deletedBlocks
2019-10-23 10:31:22,657 [main] INFO  db.DBStoreBuilder (DBStoreBuilder.java:processTables(183)) - Using default column profile:DBProfile.DISK for Table:deletedBlocks
2019-10-23 10:31:22,658 [main] INFO  db.DBStoreBuilder (DBStoreBuilder.java:addTable(127)) - using custom profile for table: validCerts
2019-10-23 10:31:22,658 [main] INFO  db.DBStoreBuilder (DBStoreBuilder.java:processTables(183)) - Using default column profile:DBProfile.DISK for Table:validCerts
2019-10-23 10:31:22,658 [main] INFO  db.DBStoreBuilder (DBStoreBuilder.java:addTable(127)) - using custom profile for table: revokedCerts
2019-10-23 10:31:22,659 [main] INFO  db.DBStoreBuilder (DBStoreBuilder.java:processTables(183)) - Using default column profile:DBProfile.DISK for Table:revokedCerts
2019-10-23 10:31:22,670 [main] INFO  db.DBStoreBuilder (DBStoreBuilder.java:addTable(127)) - using custom profile for table: default
2019-10-23 10:31:22,670 [main] INFO  db.DBStoreBuilder (DBStoreBuilder.java:processTables(189)) - Using default column profile:DBProfile.DISK for Table:default
2019-10-23 10:31:22,672 [main] INFO  db.DBStoreBuilder (DBStoreBuilder.java:getDbProfile(220)) - Using default options. DBProfile.DISK
2019-10-23 10:31:22,919 [main] INFO  net.NodeSchemaLoader (NodeSchemaLoader.java:loadSchemaFromFile(125)) - Loading file from sun.misc.CompoundEnumeration@1bb5a082
2019-10-23 10:31:22,921 [main] INFO  net.NodeSchemaLoader (NodeSchemaLoader.java:loadSchema(171)) - Loading network topology layer schema file
2019-10-23 10:31:22,982 [main] WARN  server.ServerUtils (ServerUtils.java:sanitizeUserArgs(70)) - ozone.scm.stale.node.interval value = 300000 is larger than max = 100000 based on the key value of ozone.scm.heartbeat.thread.interval, reset to the max value 100000.
2019-10-23 10:31:22,983 [main] WARN  server.ServerUtils (ServerUtils.java:sanitizeUserArgs(70)) - ozone.scm.stale.node.interval value = 300000 is larger than max = 100000 based on the key value of ozone.scm.heartbeat.thread.interval, reset to the max value 100000.
2019-10-23 10:31:22,986 [main] INFO  node.SCMNodeManager (SCMNodeManager.java:<init>(116)) - Entering startup safe mode.
2019-10-23 10:31:23,050 [main] INFO  algorithms.ContainerPlacementPolicyFactory (ContainerPlacementPolicyFactory.java:getPolicy(57)) - Create container placement policy of type org.apache.hadoop.hdds.scm.container.placement.algorithms.SCMContainerPlacementRandom
2019-10-23 10:31:23,064 [main] WARN  server.ServerUtils (ServerUtils.java:getScmDbDir(145)) - ozone.scm.db.dirs is not configured. We recommend adding this setting. Falling back to ozone.metadata.dirs instead.
2019-10-23 10:31:23,120 [main] INFO  pipeline.SCMPipelineManager (SCMPipelineManager.java:initializePipelineState(133)) - No pipeline exists in current db
2019-10-23 10:31:23,122 [main] WARN  server.ServerUtils (ServerUtils.java:getScmDbDir(145)) - ozone.scm.db.dirs is not configured. We recommend adding this setting. Falling back to ozone.metadata.dirs instead.
2019-10-23 10:31:23,236 [main] WARN  events.EventQueue (EventQueue.java:fireEvent(183)) - No event handler registered for event TypedEvent{payloadType=SafeModeStatus, name='SafeModeStatus'}
2019-10-23 10:31:23,621 [main] INFO  ipc.CallQueueManager (CallQueueManager.java:<init>(84)) - Using callQueue: class java.util.concurrent.LinkedBlockingQueue, queueCapacity: 2000, scheduler: class org.apache.hadoop.ipc.DefaultRpcScheduler, ipcBackoff: false.
2019-10-23 10:31:23,645 [Socket Reader #1 for port 39098] INFO  ipc.Server (Server.java:run(1074)) - Starting Socket Reader #1 for port 39098
2019-10-23 10:31:23,782 [main] INFO  ipc.CallQueueManager (CallQueueManager.java:<init>(84)) - Using callQueue: class java.util.concurrent.LinkedBlockingQueue, queueCapacity: 2000, scheduler: class org.apache.hadoop.ipc.DefaultRpcScheduler, ipcBackoff: false.
2019-10-23 10:31:23,783 [Socket Reader #1 for port 38653] INFO  ipc.Server (Server.java:run(1074)) - Starting Socket Reader #1 for port 38653
2019-10-23 10:31:23,794 [main] INFO  ipc.CallQueueManager (CallQueueManager.java:<init>(84)) - Using callQueue: class java.util.concurrent.LinkedBlockingQueue, queueCapacity: 2000, scheduler: class org.apache.hadoop.ipc.DefaultRpcScheduler, ipcBackoff: false.
2019-10-23 10:31:23,795 [Socket Reader #1 for port 37485] INFO  ipc.Server (Server.java:run(1074)) - Starting Socket Reader #1 for port 37485
2019-10-23 10:31:23,820 [main] INFO  hdfs.DFSUtil (DFSUtil.java:httpServerTemplateForNNAndJN(1641)) - Starting Web-server for scm at: http://0.0.0.0:0
2019-10-23 10:31:23,956 [main] INFO  server.AuthenticationFilter (AuthenticationFilter.java:constructSecretProvider(240)) - Unable to initialize FileSignerSecretProvider, falling back to use random secrets.
2019-10-23 10:31:23,964 [main] WARN  http.HttpRequestLog (HttpRequestLog.java:getRequestLog(97)) - Jetty request log can only be enabled using Log4j
2019-10-23 10:31:23,971 [main] INFO  http.HttpServer2 (HttpServer2.java:addGlobalFilter(975)) - Added global filter 'safety' (class=org.apache.hadoop.http.HttpServer2$QuotingInputFilter)
2019-10-23 10:31:23,974 [main] INFO  http.HttpServer2 (HttpServer2.java:addFilter(948)) - Added filter static_user_filter (class=org.apache.hadoop.http.lib.StaticUserWebFilter$StaticUserFilter) to context scm
2019-10-23 10:31:23,974 [main] INFO  http.HttpServer2 (HttpServer2.java:addFilter(958)) - Added filter static_user_filter (class=org.apache.hadoop.http.lib.StaticUserWebFilter$StaticUserFilter) to context static
2019-10-23 10:31:23,975 [main] INFO  http.HttpServer2 (HttpServer2.java:addFilter(958)) - Added filter static_user_filter (class=org.apache.hadoop.http.lib.StaticUserWebFilter$StaticUserFilter) to context logs
2019-10-23 10:31:24,004 [main] INFO  server.StorageContainerManager (StorageContainerManager.java:start(772)) - StorageContainerLocationProtocol RPC server is listening at /0.0.0.0:37485
2019-10-23 10:31:24,066 [main] WARN  impl.MetricsConfig (MetricsConfig.java:loadFirst(134)) - Cannot locate configuration: tried hadoop-metrics2-storagecontainermanager.properties,hadoop-metrics2.properties
2019-10-23 10:31:24,078 [main] INFO  impl.MetricsSystemImpl (MetricsSystemImpl.java:startTimer(374)) - Scheduled Metric snapshot period at 10 second(s).
2019-10-23 10:31:24,079 [main] INFO  impl.MetricsSystemImpl (MetricsSystemImpl.java:start(191)) - StorageContainerManager metrics system started
2019-10-23 10:31:24,297 [main] INFO  server.SCMClientProtocolServer (SCMClientProtocolServer.java:start(159)) - RPC server for Client  is listening at /0.0.0.0:37485
2019-10-23 10:31:24,297 [IPC Server Responder] INFO  ipc.Server (Server.java:run(1314)) - IPC Server Responder: starting
2019-10-23 10:31:24,297 [IPC Server listener on 37485] INFO  ipc.Server (Server.java:run(1153)) - IPC Server listener on 37485: starting
2019-10-23 10:31:24,300 [main] INFO  server.StorageContainerManager (StorageContainerManager.java:start(782)) - ScmBlockLocationProtocol RPC server is listening at /0.0.0.0:38653
2019-10-23 10:31:24,301 [main] INFO  server.SCMBlockProtocolServer (SCMBlockProtocolServer.java:start(146)) - RPC server for Block Protocol is listening at /0.0.0.0:38653
2019-10-23 10:31:24,301 [IPC Server Responder] INFO  ipc.Server (Server.java:run(1314)) - IPC Server Responder: starting
2019-10-23 10:31:24,302 [IPC Server listener on 38653] INFO  ipc.Server (Server.java:run(1153)) - IPC Server listener on 38653: starting
2019-10-23 10:31:24,304 [main] INFO  server.StorageContainerManager (StorageContainerManager.java:start(786)) - ScmDatanodeProtocl RPC server is listening at /0.0.0.0:39098
2019-10-23 10:31:24,304 [main] INFO  server.SCMDatanodeProtocolServer (SCMDatanodeProtocolServer.java:start(169)) - RPC server for DataNodes is listening at /0.0.0.0:39098
2019-10-23 10:31:24,305 [IPC Server Responder] INFO  ipc.Server (Server.java:run(1314)) - IPC Server Responder: starting
2019-10-23 10:31:24,305 [IPC Server listener on 39098] INFO  ipc.Server (Server.java:run(1153)) - IPC Server listener on 39098: starting
2019-10-23 10:31:24,308 [main] INFO  http.HttpServer2 (HttpServer2.java:bindListener(1191)) - Jetty bound to port 40384
2019-10-23 10:31:24,310 [main] INFO  server.Server (Server.java:doStart(351)) - jetty-9.3.25.v20180904, build timestamp: 2018-09-04T21:11:46Z, git hash: 3ce520221d0240229c862b122d2b06c12a625732
2019-10-23 10:31:24,345 [main] INFO  handler.ContextHandler (ContextHandler.java:doStart(781)) - Started o.e.j.s.ServletContextHandler@4b2a01d4{/logs,file:///workdir/hadoop-ozone/integration-test/target/log,AVAILABLE}
2019-10-23 10:31:24,346 [main] INFO  handler.ContextHandler (ContextHandler.java:doStart(781)) - Started o.e.j.s.ServletContextHandler@78f5c518{/static,file:///workdir/hadoop-ozone/integration-test/target/test-classes/webapps/static,AVAILABLE}
2019-10-23 10:31:24,376 [main] INFO  handler.ContextHandler (ContextHandler.java:doStart(781)) - Started o.e.j.w.WebAppContext@724bade8{/,file:///workdir/hadoop-ozone/integration-test/target/test-classes/webapps/scm/,AVAILABLE}{/scm}
2019-10-23 10:31:24,381 [main] INFO  server.AbstractConnector (AbstractConnector.java:doStart(278)) - Started ServerConnector@24a1c17f{HTTP/1.1,[http/1.1]}{0.0.0.0:40384}
2019-10-23 10:31:24,381 [main] INFO  server.Server (Server.java:doStart(419)) - Started @2705ms
2019-10-23 10:31:24,383 [main] INFO  impl.MetricsSinkAdapter (MetricsSinkAdapter.java:start(204)) - Sink prometheus started
2019-10-23 10:31:24,383 [main] INFO  impl.MetricsSystemImpl (MetricsSystemImpl.java:registerSink(301)) - Registered sink prometheus
2019-10-23 10:31:24,385 [main] INFO  server.BaseHttpServer (BaseHttpServer.java:updateConnectorAddress(215)) - HTTP server of SCM is listening at http://0.0.0.0:40384
2019-10-23 10:31:24,393 [org.apache.hadoop.util.JvmPauseMonitor$Monitor@1c32886a] INFO  util.JvmPauseMonitor (JvmPauseMonitor.java:run(188)) - Starting JVM pause monitor
2019-10-23 10:31:24,398 [main] WARN  server.ServerUtils (ServerUtils.java:getDBPath(222)) - ozone.om.db.dirs is not configured. We recommend adding this setting. Falling back to ozone.metadata.dirs instead.
2019-10-23 10:31:24,506 [main] INFO  ha.OMHANodeDetails (OMHANodeDetails.java:loadOMHAConfig(190)) - Configuration either no ozone.om.address set. Falling back to the default OM address /127.0.0.1:0
2019-10-23 10:31:24,506 [main] INFO  ha.OMHANodeDetails (OMHANodeDetails.java:getOMNodeDetails(220)) - OM Service ID is not set. Setting it to the default ID: omServiceIdDefault
2019-10-23 10:31:24,508 [main] WARN  server.ServerUtils (ServerUtils.java:getDBPath(222)) - ozone.om.db.dirs is not configured. We recommend adding this setting. Falling back to ozone.metadata.dirs instead.
2019-10-23 10:31:24,509 [main] WARN  server.ServerUtils (ServerUtils.java:getDBPath(222)) - ozone.om.db.dirs is not configured. We recommend adding this setting. Falling back to ozone.metadata.dirs instead.
2019-10-23 10:31:25,121 [main] WARN  server.ServerUtils (ServerUtils.java:getDBPath(222)) - ozone.om.db.dirs is not configured. We recommend adding this setting. Falling back to ozone.metadata.dirs instead.
2019-10-23 10:31:25,135 [main] INFO  db.DBStoreBuilder (DBStoreBuilder.java:addTable(127)) - using custom profile for table: userTable
2019-10-23 10:31:25,135 [main] INFO  db.DBStoreBuilder (DBStoreBuilder.java:processTables(183)) - Using default column profile:DBProfile.DISK for Table:userTable
2019-10-23 10:31:25,136 [main] INFO  db.DBStoreBuilder (DBStoreBuilder.java:addTable(127)) - using custom profile for table: volumeTable
2019-10-23 10:31:25,136 [main] INFO  db.DBStoreBuilder (DBStoreBuilder.java:processTables(183)) - Using default column profile:DBProfile.DISK for Table:volumeTable
2019-10-23 10:31:25,137 [main] INFO  db.DBStoreBuilder (DBStoreBuilder.java:addTable(127)) - using custom profile for table: bucketTable
2019-10-23 10:31:25,137 [main] INFO  db.DBStoreBuilder (DBStoreBuilder.java:processTables(183)) - Using default column profile:DBProfile.DISK for Table:bucketTable
2019-10-23 10:31:25,138 [main] INFO  db.DBStoreBuilder (DBStoreBuilder.java:addTable(127)) - using custom profile for table: keyTable
2019-10-23 10:31:25,138 [main] INFO  db.DBStoreBuilder (DBStoreBuilder.java:processTables(183)) - Using default column profile:DBProfile.DISK for Table:keyTable
2019-10-23 10:31:25,139 [main] INFO  db.DBStoreBuilder (DBStoreBuilder.java:addTable(127)) - using custom profile for table: deletedTable
2019-10-23 10:31:25,139 [main] INFO  db.DBStoreBuilder (DBStoreBuilder.java:processTables(183)) - Using default column profile:DBProfile.DISK for Table:deletedTable
2019-10-23 10:31:25,139 [main] INFO  db.DBStoreBuilder (DBStoreBuilder.java:addTable(127)) - using custom profile for table: openKeyTable
2019-10-23 10:31:25,140 [main] INFO  db.DBStoreBuilder (DBStoreBuilder.java:processTables(183)) - Using default column profile:DBProfile.DISK for Table:openKeyTable
2019-10-23 10:31:25,140 [main] INFO  db.DBStoreBuilder (DBStoreBuilder.java:addTable(127)) - using custom profile for table: s3Table
2019-10-23 10:31:25,141 [main] INFO  db.DBStoreBuilder (DBStoreBuilder.java:processTables(183)) - Using default column profile:DBProfile.DISK for Table:s3Table
2019-10-23 10:31:25,141 [main] INFO  db.DBStoreBuilder (DBStoreBuilder.java:addTable(127)) - using custom profile for table: multipartInfoTable
2019-10-23 10:31:25,141 [main] INFO  db.DBStoreBuilder (DBStoreBuilder.java:processTables(183)) - Using default column profile:DBProfile.DISK for Table:multipartInfoTable
2019-10-23 10:31:25,142 [main] INFO  db.DBStoreBuilder (DBStoreBuilder.java:addTable(127)) - using custom profile for table: dTokenTable
2019-10-23 10:31:25,142 [main] INFO  db.DBStoreBuilder (DBStoreBuilder.java:processTables(183)) - Using default column profile:DBProfile.DISK for Table:dTokenTable
2019-10-23 10:31:25,143 [main] INFO  db.DBStoreBuilder (DBStoreBuilder.java:addTable(127)) - using custom profile for table: s3SecretTable
2019-10-23 10:31:25,143 [main] INFO  db.DBStoreBuilder (DBStoreBuilder.java:processTables(183)) - Using default column profile:DBProfile.DISK for Table:s3SecretTable
2019-10-23 10:31:25,144 [main] INFO  db.DBStoreBuilder (DBStoreBuilder.java:addTable(127)) - using custom profile for table: prefixTable
2019-10-23 10:31:25,144 [main] INFO  db.DBStoreBuilder (DBStoreBuilder.java:processTables(183)) - Using default column profile:DBProfile.DISK for Table:prefixTable
2019-10-23 10:31:25,144 [main] INFO  db.DBStoreBuilder (DBStoreBuilder.java:addTable(127)) - using custom profile for table: default
2019-10-23 10:31:25,145 [main] INFO  db.DBStoreBuilder (DBStoreBuilder.java:processTables(189)) - Using default column profile:DBProfile.DISK for Table:default
2019-10-23 10:31:25,145 [main] INFO  db.DBStoreBuilder (DBStoreBuilder.java:getDbProfile(220)) - Using default options. DBProfile.DISK
2019-10-23 10:31:25,501 [main] INFO  ipc.CallQueueManager (CallQueueManager.java:<init>(84)) - Using callQueue: class java.util.concurrent.LinkedBlockingQueue, queueCapacity: 2000, scheduler: class org.apache.hadoop.ipc.DefaultRpcScheduler, ipcBackoff: false.
2019-10-23 10:31:25,503 [Socket Reader #1 for port 43064] INFO  ipc.Server (Server.java:run(1074)) - Starting Socket Reader #1 for port 43064
2019-10-23 10:31:25,525 [main] INFO  om.OzoneManager (OzoneManager.java:start(1074)) - OzoneManager RPC server is listening at localhost/127.0.0.1:43064
2019-10-23 10:31:25,525 [main] INFO  impl.MetricsSystemImpl (MetricsSystemImpl.java:init(158)) - OzoneManager metrics system started (again)
2019-10-23 10:31:25,534 [IPC Server Responder] INFO  ipc.Server (Server.java:run(1314)) - IPC Server Responder: starting
2019-10-23 10:31:25,534 [IPC Server listener on 43064] INFO  ipc.Server (Server.java:run(1153)) - IPC Server listener on 43064: starting
2019-10-23 10:31:25,539 [main] INFO  hdfs.DFSUtil (DFSUtil.java:httpServerTemplateForNNAndJN(1641)) - Starting Web-server for ozoneManager at: http://0.0.0.0:0
2019-10-23 10:31:25,542 [main] INFO  server.AuthenticationFilter (AuthenticationFilter.java:constructSecretProvider(240)) - Unable to initialize FileSignerSecretProvider, falling back to use random secrets.
2019-10-23 10:31:25,543 [main] WARN  http.HttpRequestLog (HttpRequestLog.java:getRequestLog(97)) - Jetty request log can only be enabled using Log4j
2019-10-23 10:31:25,546 [main] INFO  http.HttpServer2 (HttpServer2.java:addGlobalFilter(975)) - Added global filter 'safety' (class=org.apache.hadoop.http.HttpServer2$QuotingInputFilter)
2019-10-23 10:31:25,548 [main] INFO  http.HttpServer2 (HttpServer2.java:addFilter(948)) - Added filter static_user_filter (class=org.apache.hadoop.http.lib.StaticUserWebFilter$StaticUserFilter) to context ozoneManager
2019-10-23 10:31:25,548 [main] INFO  http.HttpServer2 (HttpServer2.java:addFilter(958)) - Added filter static_user_filter (class=org.apache.hadoop.http.lib.StaticUserWebFilter$StaticUserFilter) to context static
2019-10-23 10:31:25,548 [main] INFO  http.HttpServer2 (HttpServer2.java:addFilter(958)) - Added filter static_user_filter (class=org.apache.hadoop.http.lib.StaticUserWebFilter$StaticUserFilter) to context logs
2019-10-23 10:31:25,552 [main] INFO  http.HttpServer2 (HttpServer2.java:bindListener(1191)) - Jetty bound to port 34822
2019-10-23 10:31:25,552 [main] INFO  server.Server (Server.java:doStart(351)) - jetty-9.3.25.v20180904, build timestamp: 2018-09-04T21:11:46Z, git hash: 3ce520221d0240229c862b122d2b06c12a625732
2019-10-23 10:31:25,555 [main] INFO  handler.ContextHandler (ContextHandler.java:doStart(781)) - Started o.e.j.s.ServletContextHandler@5467eea4{/logs,file:///workdir/hadoop-ozone/integration-test/target/log,AVAILABLE}
2019-10-23 10:31:25,556 [main] INFO  handler.ContextHandler (ContextHandler.java:doStart(781)) - Started o.e.j.s.ServletContextHandler@7a799159{/static,file:///workdir/hadoop-ozone/integration-test/target/test-classes/webapps/static,AVAILABLE}
2019-10-23 10:31:25,563 [main] INFO  handler.ContextHandler (ContextHandler.java:doStart(781)) - Started o.e.j.w.WebAppContext@7cedfa63{/,file:///workdir/hadoop-ozone/integration-test/target/test-classes/webapps/ozoneManager/,AVAILABLE}{/ozoneManager}
2019-10-23 10:31:25,564 [main] INFO  server.AbstractConnector (AbstractConnector.java:doStart(278)) - Started ServerConnector@3e83c18{HTTP/1.1,[http/1.1]}{0.0.0.0:34822}
2019-10-23 10:31:25,565 [main] INFO  server.Server (Server.java:doStart(419)) - Started @3889ms
2019-10-23 10:31:25,565 [main] WARN  impl.MetricsSystemImpl (MetricsSystemImpl.java:register(276)) - Sink prometheus already exists!
2019-10-23 10:31:25,566 [main] INFO  server.BaseHttpServer (BaseHttpServer.java:updateConnectorAddress(215)) - HTTP server of OZONEMANAGER is listening at http://0.0.0.0:34822
2019-10-23 10:31:25,889 [main] INFO  impl.MetricsSystemImpl (MetricsSystemImpl.java:init(158)) - HddsDatanode metrics system started (again)
2019-10-23 10:31:25,934 [main] INFO  ozone.HddsDatanodeService (HddsDatanodeService.java:start(184)) - HddsDatanodeService host:pr-hdds-1868-4pzfm-3396797935 ip:192.168.34.3
2019-10-23 10:31:25,965 [main] INFO  volume.HddsVolume (HddsVolume.java:<init>(176)) - Creating Volume: /workdir/hadoop-ozone/integration-test/target/test-dir/MiniOzoneClusterImpl-9697133d-57c2-49c7-8250-61bfba9b3177/datanode-0/data/containers/hdds of  storage type : DISK and capacity : 1482555576320
2019-10-23 10:31:25,967 [main] INFO  volume.VolumeSet (VolumeSet.java:initializeVolumeSet(170)) - Added Volume : /workdir/hadoop-ozone/integration-test/target/test-dir/MiniOzoneClusterImpl-9697133d-57c2-49c7-8250-61bfba9b3177/datanode-0/data/containers/hdds to VolumeSet
2019-10-23 10:31:25,970 [main] INFO  volume.ThrottledAsyncChecker (ThrottledAsyncChecker.java:schedule(141)) - Scheduling a check for /workdir/hadoop-ozone/integration-test/target/test-dir/MiniOzoneClusterImpl-9697133d-57c2-49c7-8250-61bfba9b3177/datanode-0/data/containers/hdds
2019-10-23 10:31:25,987 [main] INFO  volume.HddsVolumeChecker (HddsVolumeChecker.java:checkAllVolumes(204)) - Scheduled health check for volume /workdir/hadoop-ozone/integration-test/target/test-dir/MiniOzoneClusterImpl-9697133d-57c2-49c7-8250-61bfba9b3177/datanode-0/data/containers/hdds
2019-10-23 10:31:26,097 [main] INFO  impl.RaftServerProxy (ConfUtils.java:logGet(43)) - raft.rpc.type = GRPC (default)
2019-10-23 10:31:26,162 [main] INFO  grpc.GrpcFactory (GrpcFactory.java:checkPooledByteBufAllocatorUseCacheForAllThreads(45)) - PERFORMANCE WARNING: useCacheForAllThreads is true that may cause Netty to create a lot garbage objects and, as a result, trigger GC.
	It is recommended to disable useCacheForAllThreads by setting -Dorg.apache.ratis.thirdparty.io.netty.allocator.useCacheForAllThreads=false in command line.
2019-10-23 10:31:26,166 [main] INFO  grpc.GrpcConfigKeys$Server (ConfUtils.java:logGet(43)) - raft.grpc.server.port = 0 (default)
2019-10-23 10:31:26,168 [main] INFO  server.GrpcService (ConfUtils.java:logGet(43)) - raft.grpc.message.size.max = 33570816 (custom)
2019-10-23 10:31:26,170 [main] INFO  server.RaftServerConfigKeys (ConfUtils.java:logGet(43)) - raft.server.log.appender.buffer.byte-limit = 33554432 (custom)
2019-10-23 10:31:26,172 [main] INFO  server.GrpcService (ConfUtils.java:logGet(43)) - raft.grpc.flow.control.window = 1MB (=1048576) (default)
2019-10-23 10:31:26,173 [main] INFO  server.RaftServerConfigKeys (ConfUtils.java:logGet(43)) - raft.server.rpc.request.timeout = 3000ms (default)
2019-10-23 10:31:26,371 [main] INFO  server.RaftServerConfigKeys (ConfUtils.java:logGet(43)) - raft.server.storage.dir = [/workdir/hadoop-ozone/integration-test/target/test-dir/MiniOzoneClusterImpl-9697133d-57c2-49c7-8250-61bfba9b3177/datanode-0/data/ratis] (custom)
2019-10-23 10:31:26,424 [main] INFO  hdfs.DFSUtil (DFSUtil.java:httpServerTemplateForNNAndJN(1641)) - Starting Web-server for hddsDatanode at: http://0.0.0.0:0
2019-10-23 10:31:26,426 [main] INFO  server.AuthenticationFilter (AuthenticationFilter.java:constructSecretProvider(240)) - Unable to initialize FileSignerSecretProvider, falling back to use random secrets.
2019-10-23 10:31:26,427 [main] WARN  http.HttpRequestLog (HttpRequestLog.java:getRequestLog(97)) - Jetty request log can only be enabled using Log4j
2019-10-23 10:31:26,430 [main] INFO  http.HttpServer2 (HttpServer2.java:addGlobalFilter(975)) - Added global filter 'safety' (class=org.apache.hadoop.http.HttpServer2$QuotingInputFilter)
2019-10-23 10:31:26,431 [main] INFO  http.HttpServer2 (HttpServer2.java:addFilter(948)) - Added filter static_user_filter (class=org.apache.hadoop.http.lib.StaticUserWebFilter$StaticUserFilter) to context hddsDatanode
2019-10-23 10:31:26,432 [main] INFO  http.HttpServer2 (HttpServer2.java:addFilter(958)) - Added filter static_user_filter (class=org.apache.hadoop.http.lib.StaticUserWebFilter$StaticUserFilter) to context logs
2019-10-23 10:31:26,432 [main] INFO  http.HttpServer2 (HttpServer2.java:addFilter(958)) - Added filter static_user_filter (class=org.apache.hadoop.http.lib.StaticUserWebFilter$StaticUserFilter) to context static
2019-10-23 10:31:26,433 [main] INFO  http.HttpServer2 (HttpServer2.java:bindListener(1191)) - Jetty bound to port 35052
2019-10-23 10:31:26,434 [main] INFO  server.Server (Server.java:doStart(351)) - jetty-9.3.25.v20180904, build timestamp: 2018-09-04T21:11:46Z, git hash: 3ce520221d0240229c862b122d2b06c12a625732
2019-10-23 10:31:26,437 [main] INFO  handler.ContextHandler (ContextHandler.java:doStart(781)) - Started o.e.j.s.ServletContextHandler@44bd4b0a{/logs,file:///workdir/hadoop-ozone/integration-test/target/log,AVAILABLE}
2019-10-23 10:31:26,438 [main] INFO  handler.ContextHandler (ContextHandler.java:doStart(781)) - Started o.e.j.s.ServletContextHandler@216e0771{/static,jar:file:/home/user/.m2/repository/org/apache/hadoop/hadoop-hdds-container-service/0.5.0-SNAPSHOT/hadoop-hdds-container-service-0.5.0-SNAPSHOT.jar!/webapps/static,AVAILABLE}
2019-10-23 10:31:26,487 [main] INFO  handler.ContextHandler (ContextHandler.java:doStart(781)) - Started o.e.j.w.WebAppContext@62e93c3a{/,file:///tmp/jetty-0.0.0.0-35052-hddsDatanode-_-any-7725874282754072869.dir/webapp/,AVAILABLE}{/hddsDatanode}
2019-10-23 10:31:26,487 [main] INFO  server.AbstractConnector (AbstractConnector.java:doStart(278)) - Started ServerConnector@673919a7{HTTP/1.1,[http/1.1]}{0.0.0.0:35052}
2019-10-23 10:31:26,488 [main] INFO  server.Server (Server.java:doStart(419)) - Started @4812ms
2019-10-23 10:31:26,489 [main] WARN  impl.MetricsSystemImpl (MetricsSystemImpl.java:register(276)) - Sink prometheus already exists!
2019-10-23 10:31:26,490 [main] INFO  server.BaseHttpServer (BaseHttpServer.java:updateConnectorAddress(215)) - HTTP server of HDDSDATANODE is listening at http://0.0.0.0:35052
2019-10-23 10:31:26,491 [main] INFO  impl.MetricsSystemImpl (MetricsSystemImpl.java:init(158)) - HddsDatanode metrics system started (again)
2019-10-23 10:31:26,493 [main] INFO  ozone.HddsDatanodeService (HddsDatanodeService.java:start(184)) - HddsDatanodeService host:pr-hdds-1868-4pzfm-3396797935 ip:192.168.34.3
2019-10-23 10:31:26,496 [org.apache.hadoop.util.JvmPauseMonitor$Monitor@4d75d5b0] INFO  util.JvmPauseMonitor (JvmPauseMonitor.java:run(188)) - Starting JVM pause monitor
2019-10-23 10:31:26,503 [main] INFO  volume.HddsVolume (HddsVolume.java:<init>(176)) - Creating Volume: /workdir/hadoop-ozone/integration-test/target/test-dir/MiniOzoneClusterImpl-9697133d-57c2-49c7-8250-61bfba9b3177/datanode-1/data/containers/hdds of  storage type : DISK and capacity : 1482555576320
2019-10-23 10:31:26,504 [main] INFO  volume.VolumeSet (VolumeSet.java:initializeVolumeSet(170)) - Added Volume : /workdir/hadoop-ozone/integration-test/target/test-dir/MiniOzoneClusterImpl-9697133d-57c2-49c7-8250-61bfba9b3177/datanode-1/data/containers/hdds to VolumeSet
2019-10-23 10:31:26,504 [main] INFO  volume.ThrottledAsyncChecker (ThrottledAsyncChecker.java:schedule(141)) - Scheduling a check for /workdir/hadoop-ozone/integration-test/target/test-dir/MiniOzoneClusterImpl-9697133d-57c2-49c7-8250-61bfba9b3177/datanode-1/data/containers/hdds
2019-10-23 10:31:26,505 [main] INFO  volume.HddsVolumeChecker (HddsVolumeChecker.java:checkAllVolumes(204)) - Scheduled health check for volume /workdir/hadoop-ozone/integration-test/target/test-dir/MiniOzoneClusterImpl-9697133d-57c2-49c7-8250-61bfba9b3177/datanode-1/data/containers/hdds
2019-10-23 10:31:26,521 [main] INFO  impl.RaftServerProxy (ConfUtils.java:logGet(43)) - raft.rpc.type = GRPC (default)
2019-10-23 10:31:26,522 [main] INFO  grpc.GrpcFactory (GrpcFactory.java:checkPooledByteBufAllocatorUseCacheForAllThreads(45)) - PERFORMANCE WARNING: useCacheForAllThreads is true that may cause Netty to create a lot garbage objects and, as a result, trigger GC.
	It is recommended to disable useCacheForAllThreads by setting -Dorg.apache.ratis.thirdparty.io.netty.allocator.useCacheForAllThreads=false in command line.
2019-10-23 10:31:26,522 [main] INFO  grpc.GrpcConfigKeys$Server (ConfUtils.java:logGet(43)) - raft.grpc.server.port = 0 (default)
2019-10-23 10:31:26,522 [main] INFO  server.GrpcService (ConfUtils.java:logGet(43)) - raft.grpc.message.size.max = 33570816 (custom)
2019-10-23 10:31:26,523 [main] INFO  server.RaftServerConfigKeys (ConfUtils.java:logGet(43)) - raft.server.log.appender.buffer.byte-limit = 33554432 (custom)
2019-10-23 10:31:26,523 [main] INFO  server.GrpcService (ConfUtils.java:logGet(43)) - raft.grpc.flow.control.window = 1MB (=1048576) (default)
2019-10-23 10:31:26,523 [main] INFO  server.RaftServerConfigKeys (ConfUtils.java:logGet(43)) - raft.server.rpc.request.timeout = 3000ms (default)
2019-10-23 10:31:26,524 [main] INFO  server.RaftServerConfigKeys (ConfUtils.java:logGet(43)) - raft.server.storage.dir = [/workdir/hadoop-ozone/integration-test/target/test-dir/MiniOzoneClusterImpl-9697133d-57c2-49c7-8250-61bfba9b3177/datanode-1/data/ratis] (custom)
2019-10-23 10:31:26,526 [main] INFO  hdfs.DFSUtil (DFSUtil.java:httpServerTemplateForNNAndJN(1641)) - Starting Web-server for hddsDatanode at: http://0.0.0.0:0
2019-10-23 10:31:26,528 [main] INFO  server.AuthenticationFilter (AuthenticationFilter.java:constructSecretProvider(240)) - Unable to initialize FileSignerSecretProvider, falling back to use random secrets.
2019-10-23 10:31:26,528 [main] WARN  http.HttpRequestLog (HttpRequestLog.java:getRequestLog(97)) - Jetty request log can only be enabled using Log4j
2019-10-23 10:31:26,530 [main] INFO  http.HttpServer2 (HttpServer2.java:addGlobalFilter(975)) - Added global filter 'safety' (class=org.apache.hadoop.http.HttpServer2$QuotingInputFilter)
2019-10-23 10:31:26,532 [main] INFO  http.HttpServer2 (HttpServer2.java:addFilter(948)) - Added filter static_user_filter (class=org.apache.hadoop.http.lib.StaticUserWebFilter$StaticUserFilter) to context hddsDatanode
2019-10-23 10:31:26,532 [main] INFO  http.HttpServer2 (HttpServer2.java:addFilter(958)) - Added filter static_user_filter (class=org.apache.hadoop.http.lib.StaticUserWebFilter$StaticUserFilter) to context logs
2019-10-23 10:31:26,533 [main] INFO  http.HttpServer2 (HttpServer2.java:addFilter(958)) - Added filter static_user_filter (class=org.apache.hadoop.http.lib.StaticUserWebFilter$StaticUserFilter) to context static
2019-10-23 10:31:26,534 [main] INFO  http.HttpServer2 (HttpServer2.java:bindListener(1191)) - Jetty bound to port 36740
2019-10-23 10:31:26,534 [main] INFO  server.Server (Server.java:doStart(351)) - jetty-9.3.25.v20180904, build timestamp: 2018-09-04T21:11:46Z, git hash: 3ce520221d0240229c862b122d2b06c12a625732
2019-10-23 10:31:26,537 [main] INFO  handler.ContextHandler (ContextHandler.java:doStart(781)) - Started o.e.j.s.ServletContextHandler@30364216{/logs,file:///workdir/hadoop-ozone/integration-test/target/log,AVAILABLE}
2019-10-23 10:31:26,538 [main] INFO  handler.ContextHandler (ContextHandler.java:doStart(781)) - Started o.e.j.s.ServletContextHandler@1e8ab90f{/static,jar:file:/home/user/.m2/repository/org/apache/hadoop/hadoop-hdds-container-service/0.5.0-SNAPSHOT/hadoop-hdds-container-service-0.5.0-SNAPSHOT.jar!/webapps/static,AVAILABLE}
2019-10-23 10:31:26,570 [main] INFO  handler.ContextHandler (ContextHandler.java:doStart(781)) - Started o.e.j.w.WebAppContext@60325987{/,file:///tmp/jetty-0.0.0.0-36740-hddsDatanode-_-any-20005358617607389.dir/webapp/,AVAILABLE}{/hddsDatanode}
2019-10-23 10:31:26,571 [main] INFO  server.AbstractConnector (AbstractConnector.java:doStart(278)) - Started ServerConnector@2f37f1f9{HTTP/1.1,[http/1.1]}{0.0.0.0:36740}
2019-10-23 10:31:26,572 [main] INFO  server.Server (Server.java:doStart(419)) - Started @4897ms
2019-10-23 10:31:26,573 [main] WARN  impl.MetricsSystemImpl (MetricsSystemImpl.java:register(276)) - Sink prometheus already exists!
2019-10-23 10:31:26,574 [main] INFO  server.BaseHttpServer (BaseHttpServer.java:updateConnectorAddress(215)) - HTTP server of HDDSDATANODE is listening at http://0.0.0.0:36740
2019-10-23 10:31:26,575 [main] INFO  impl.MetricsSystemImpl (MetricsSystemImpl.java:init(158)) - HddsDatanode metrics system started (again)
2019-10-23 10:31:26,578 [main] INFO  ozone.HddsDatanodeService (HddsDatanodeService.java:start(184)) - HddsDatanodeService host:pr-hdds-1868-4pzfm-3396797935 ip:192.168.34.3
2019-10-23 10:31:26,578 [org.apache.hadoop.util.JvmPauseMonitor$Monitor@3790bf2e] INFO  util.JvmPauseMonitor (JvmPauseMonitor.java:run(188)) - Starting JVM pause monitor
2019-10-23 10:31:26,588 [main] INFO  volume.HddsVolume (HddsVolume.java:<init>(176)) - Creating Volume: /workdir/hadoop-ozone/integration-test/target/test-dir/MiniOzoneClusterImpl-9697133d-57c2-49c7-8250-61bfba9b3177/datanode-2/data/containers/hdds of  storage type : DISK and capacity : 1482555576320
2019-10-23 10:31:26,588 [main] INFO  volume.VolumeSet (VolumeSet.java:initializeVolumeSet(170)) - Added Volume : /workdir/hadoop-ozone/integration-test/target/test-dir/MiniOzoneClusterImpl-9697133d-57c2-49c7-8250-61bfba9b3177/datanode-2/data/containers/hdds to VolumeSet
2019-10-23 10:31:26,588 [main] INFO  volume.ThrottledAsyncChecker (ThrottledAsyncChecker.java:schedule(141)) - Scheduling a check for /workdir/hadoop-ozone/integration-test/target/test-dir/MiniOzoneClusterImpl-9697133d-57c2-49c7-8250-61bfba9b3177/datanode-2/data/containers/hdds
2019-10-23 10:31:26,589 [main] INFO  volume.HddsVolumeChecker (HddsVolumeChecker.java:checkAllVolumes(204)) - Scheduled health check for volume /workdir/hadoop-ozone/integration-test/target/test-dir/MiniOzoneClusterImpl-9697133d-57c2-49c7-8250-61bfba9b3177/datanode-2/data/containers/hdds
2019-10-23 10:31:26,603 [main] INFO  impl.RaftServerProxy (ConfUtils.java:logGet(43)) - raft.rpc.type = GRPC (default)
2019-10-23 10:31:26,604 [main] INFO  grpc.GrpcFactory (GrpcFactory.java:checkPooledByteBufAllocatorUseCacheForAllThreads(45)) - PERFORMANCE WARNING: useCacheForAllThreads is true that may cause Netty to create a lot garbage objects and, as a result, trigger GC.
	It is recommended to disable useCacheForAllThreads by setting -Dorg.apache.ratis.thirdparty.io.netty.allocator.useCacheForAllThreads=false in command line.
2019-10-23 10:31:26,604 [main] INFO  grpc.GrpcConfigKeys$Server (ConfUtils.java:logGet(43)) - raft.grpc.server.port = 0 (default)
2019-10-23 10:31:26,604 [main] INFO  server.GrpcService (ConfUtils.java:logGet(43)) - raft.grpc.message.size.max = 33570816 (custom)
2019-10-23 10:31:26,604 [main] INFO  server.RaftServerConfigKeys (ConfUtils.java:logGet(43)) - raft.server.log.appender.buffer.byte-limit = 33554432 (custom)
2019-10-23 10:31:26,605 [main] INFO  server.GrpcService (ConfUtils.java:logGet(43)) - raft.grpc.flow.control.window = 1MB (=1048576) (default)
2019-10-23 10:31:26,605 [main] INFO  server.RaftServerConfigKeys (ConfUtils.java:logGet(43)) - raft.server.rpc.request.timeout = 3000ms (default)
2019-10-23 10:31:26,607 [main] INFO  server.RaftServerConfigKeys (ConfUtils.java:logGet(43)) - raft.server.storage.dir = [/workdir/hadoop-ozone/integration-test/target/test-dir/MiniOzoneClusterImpl-9697133d-57c2-49c7-8250-61bfba9b3177/datanode-2/data/ratis] (custom)
2019-10-23 10:31:26,609 [main] INFO  hdfs.DFSUtil (DFSUtil.java:httpServerTemplateForNNAndJN(1641)) - Starting Web-server for hddsDatanode at: http://0.0.0.0:0
2019-10-23 10:31:26,610 [main] INFO  server.AuthenticationFilter (AuthenticationFilter.java:constructSecretProvider(240)) - Unable to initialize FileSignerSecretProvider, falling back to use random secrets.
2019-10-23 10:31:26,611 [main] WARN  http.HttpRequestLog (HttpRequestLog.java:getRequestLog(97)) - Jetty request log can only be enabled using Log4j
2019-10-23 10:31:26,612 [main] INFO  http.HttpServer2 (HttpServer2.java:addGlobalFilter(975)) - Added global filter 'safety' (class=org.apache.hadoop.http.HttpServer2$QuotingInputFilter)
2019-10-23 10:31:26,613 [main] INFO  http.HttpServer2 (HttpServer2.java:addFilter(948)) - Added filter static_user_filter (class=org.apache.hadoop.http.lib.StaticUserWebFilter$StaticUserFilter) to context hddsDatanode
2019-10-23 10:31:26,613 [main] INFO  http.HttpServer2 (HttpServer2.java:addFilter(958)) - Added filter static_user_filter (class=org.apache.hadoop.http.lib.StaticUserWebFilter$StaticUserFilter) to context logs
2019-10-23 10:31:26,613 [main] INFO  http.HttpServer2 (HttpServer2.java:addFilter(958)) - Added filter static_user_filter (class=org.apache.hadoop.http.lib.StaticUserWebFilter$StaticUserFilter) to context static
2019-10-23 10:31:26,614 [main] INFO  http.HttpServer2 (HttpServer2.java:bindListener(1191)) - Jetty bound to port 39381
2019-10-23 10:31:26,615 [main] INFO  server.Server (Server.java:doStart(351)) - jetty-9.3.25.v20180904, build timestamp: 2018-09-04T21:11:46Z, git hash: 3ce520221d0240229c862b122d2b06c12a625732
2019-10-23 10:31:26,618 [main] INFO  handler.ContextHandler (ContextHandler.java:doStart(781)) - Started o.e.j.s.ServletContextHandler@2127e66e{/logs,file:///workdir/hadoop-ozone/integration-test/target/log,AVAILABLE}
2019-10-23 10:31:26,619 [main] INFO  handler.ContextHandler (ContextHandler.java:doStart(781)) - Started o.e.j.s.ServletContextHandler@e5cbff2{/static,jar:file:/home/user/.m2/repository/org/apache/hadoop/hadoop-hdds-container-service/0.5.0-SNAPSHOT/hadoop-hdds-container-service-0.5.0-SNAPSHOT.jar!/webapps/static,AVAILABLE}
2019-10-23 10:31:26,624 [Datanode State Machine Thread - 0] INFO  datanode.InitDatanodeState (InitDatanodeState.java:persistContainerDatanodeDetails(140)) - DatanodeDetails is persisted to /workdir/hadoop-ozone/integration-test/target/test-dir/MiniOzoneClusterImpl-9697133d-57c2-49c7-8250-61bfba9b3177/datanode-0/meta/datanode.id
2019-10-23 10:31:26,627 [Datanode State Machine Thread - 0] INFO  datanode.InitDatanodeState (InitDatanodeState.java:persistContainerDatanodeDetails(140)) - DatanodeDetails is persisted to /workdir/hadoop-ozone/integration-test/target/test-dir/MiniOzoneClusterImpl-9697133d-57c2-49c7-8250-61bfba9b3177/datanode-1/meta/datanode.id
2019-10-23 10:31:26,651 [main] INFO  handler.ContextHandler (ContextHandler.java:doStart(781)) - Started o.e.j.w.WebAppContext@9596ce8{/,file:///tmp/jetty-0.0.0.0-39381-hddsDatanode-_-any-2630511215601186853.dir/webapp/,AVAILABLE}{/hddsDatanode}
2019-10-23 10:31:26,652 [main] INFO  server.AbstractConnector (AbstractConnector.java:doStart(278)) - Started ServerConnector@75ae4a1f{HTTP/1.1,[http/1.1]}{0.0.0.0:39381}
2019-10-23 10:31:26,653 [main] INFO  server.Server (Server.java:doStart(419)) - Started @4976ms
2019-10-23 10:31:26,654 [main] WARN  impl.MetricsSystemImpl (MetricsSystemImpl.java:register(276)) - Sink prometheus already exists!
2019-10-23 10:31:26,655 [main] INFO  server.BaseHttpServer (BaseHttpServer.java:updateConnectorAddress(215)) - HTTP server of HDDSDATANODE is listening at http://0.0.0.0:39381
2019-10-23 10:31:26,656 [main] INFO  ozone.MiniOzoneClusterImpl (MiniOzoneClusterImpl.java:lambda$waitForClusterToBeReady$2(170)) - Waiting for cluster to be ready. Got 0 of 3 DN Heartbeats.
2019-10-23 10:31:26,657 [org.apache.hadoop.util.JvmPauseMonitor$Monitor@d461c7d] INFO  util.JvmPauseMonitor (JvmPauseMonitor.java:run(188)) - Starting JVM pause monitor
2019-10-23 10:31:26,661 [Datanode State Machine Thread - 0] INFO  datanode.InitDatanodeState (InitDatanodeState.java:persistContainerDatanodeDetails(140)) - DatanodeDetails is persisted to /workdir/hadoop-ozone/integration-test/target/test-dir/MiniOzoneClusterImpl-9697133d-57c2-49c7-8250-61bfba9b3177/datanode-2/meta/datanode.id
2019-10-23 10:31:27,657 [main] INFO  ozone.MiniOzoneClusterImpl (MiniOzoneClusterImpl.java:lambda$waitForClusterToBeReady$2(170)) - Waiting for cluster to be ready. Got 0 of 3 DN Heartbeats.
2019-10-23 10:31:28,596 [Datanode State Machine Thread - 0] INFO  ozoneimpl.OzoneContainer (OzoneContainer.java:start(213)) - Attempting to start container services.
2019-10-23 10:31:28,596 [Datanode State Machine Thread - 0] INFO  ozoneimpl.OzoneContainer (OzoneContainer.java:start(213)) - Attempting to start container services.
2019-10-23 10:31:28,600 [Datanode State Machine Thread - 0] INFO  ozoneimpl.OzoneContainer (OzoneContainer.java:startContainerScrub(177)) - Background container scanner has been disabled.
2019-10-23 10:31:28,600 [Datanode State Machine Thread - 0] INFO  ozoneimpl.OzoneContainer (OzoneContainer.java:startContainerScrub(177)) - Background container scanner has been disabled.
2019-10-23 10:31:28,600 [Datanode State Machine Thread - 0] INFO  ratis.XceiverServerRatis (XceiverServerRatis.java:start(423)) - Starting XceiverServerRatis d4521489-b07b-40df-b782-643d3d9f668f at port 0
2019-10-23 10:31:28,600 [Datanode State Machine Thread - 0] INFO  ratis.XceiverServerRatis (XceiverServerRatis.java:start(423)) - Starting XceiverServerRatis 610dfa1b-26fc-4b7d-9d42-62deed922725 at port 0
2019-10-23 10:31:28,637 [Datanode State Machine Thread - 0] INFO  impl.RaftServerProxy (RaftServerProxy.java:lambda$start$3(299)) - d4521489-b07b-40df-b782-643d3d9f668f: start RPC server
2019-10-23 10:31:28,637 [Datanode State Machine Thread - 0] INFO  impl.RaftServerProxy (RaftServerProxy.java:lambda$start$3(299)) - 610dfa1b-26fc-4b7d-9d42-62deed922725: start RPC server
2019-10-23 10:31:28,659 [main] INFO  ozone.MiniOzoneClusterImpl (MiniOzoneClusterImpl.java:lambda$waitForClusterToBeReady$2(170)) - Waiting for cluster to be ready. Got 0 of 3 DN Heartbeats.
2019-10-23 10:31:28,691 [Datanode State Machine Thread - 0] INFO  ozoneimpl.OzoneContainer (OzoneContainer.java:start(213)) - Attempting to start container services.
2019-10-23 10:31:28,697 [Datanode State Machine Thread - 0] INFO  ozoneimpl.OzoneContainer (OzoneContainer.java:startContainerScrub(177)) - Background container scanner has been disabled.
2019-10-23 10:31:28,697 [Datanode State Machine Thread - 0] INFO  ratis.XceiverServerRatis (XceiverServerRatis.java:start(423)) - Starting XceiverServerRatis 3f37303c-849c-4514-a362-ee2255bb0cd2 at port 0
2019-10-23 10:31:28,708 [Datanode State Machine Thread - 0] INFO  impl.RaftServerProxy (RaftServerProxy.java:lambda$start$3(299)) - 3f37303c-849c-4514-a362-ee2255bb0cd2: start RPC server
2019-10-23 10:31:28,775 [Datanode State Machine Thread - 0] INFO  server.GrpcService (GrpcService.java:startImpl(158)) - d4521489-b07b-40df-b782-643d3d9f668f: GrpcService started, listening on 0.0.0.0/0.0.0.0:46158
2019-10-23 10:31:28,775 [Datanode State Machine Thread - 0] INFO  server.GrpcService (GrpcService.java:startImpl(158)) - 3f37303c-849c-4514-a362-ee2255bb0cd2: GrpcService started, listening on 0.0.0.0/0.0.0.0:41555
2019-10-23 10:31:28,775 [Datanode State Machine Thread - 0] INFO  server.GrpcService (GrpcService.java:startImpl(158)) - 610dfa1b-26fc-4b7d-9d42-62deed922725: GrpcService started, listening on 0.0.0.0/0.0.0.0:44415
2019-10-23 10:31:28,776 [Datanode State Machine Thread - 0] INFO  ratis.XceiverServerRatis (XceiverServerRatis.java:start(433)) - XceiverServerRatis 3f37303c-849c-4514-a362-ee2255bb0cd2 is started using port 41555
2019-10-23 10:31:28,776 [Datanode State Machine Thread - 0] INFO  ratis.XceiverServerRatis (XceiverServerRatis.java:start(433)) - XceiverServerRatis d4521489-b07b-40df-b782-643d3d9f668f is started using port 46158
2019-10-23 10:31:28,777 [Datanode State Machine Thread - 0] INFO  ratis.XceiverServerRatis (XceiverServerRatis.java:start(433)) - XceiverServerRatis 610dfa1b-26fc-4b7d-9d42-62deed922725 is started using port 44415
2019-10-23 10:31:28,782 [Datanode State Machine Thread - 0] INFO  server.XceiverServerGrpc (XceiverServerGrpc.java:start(149)) - XceiverServerGrpc d4521489-b07b-40df-b782-643d3d9f668f is started using port 33302
2019-10-23 10:31:28,782 [Datanode State Machine Thread - 0] INFO  server.XceiverServerGrpc (XceiverServerGrpc.java:start(149)) - XceiverServerGrpc 3f37303c-849c-4514-a362-ee2255bb0cd2 is started using port 33684
2019-10-23 10:31:28,782 [Datanode State Machine Thread - 0] INFO  server.XceiverServerGrpc (XceiverServerGrpc.java:start(149)) - XceiverServerGrpc 610dfa1b-26fc-4b7d-9d42-62deed922725 is started using port 45677
2019-10-23 10:31:29,659 [main] INFO  ozone.MiniOzoneClusterImpl (MiniOzoneClusterImpl.java:lambda$waitForClusterToBeReady$2(170)) - Waiting for cluster to be ready. Got 0 of 3 DN Heartbeats.
2019-10-23 10:31:30,539 [IPC Server handler 1 on 39098] INFO  net.NetworkTopology (NetworkTopologyImpl.java:add(111)) - Added a new node: /default-rack/d4521489-b07b-40df-b782-643d3d9f668f
2019-10-23 10:31:30,539 [IPC Server handler 1 on 39098] INFO  node.SCMNodeManager (SCMNodeManager.java:register(268)) - Registered Data node : d4521489-b07b-40df-b782-643d3d9f668f{ip: 192.168.34.3, host: pr-hdds-1868-4pzfm-3396797935, networkLocation: /default-rack, certSerialId: null}
2019-10-23 10:31:30,543 [EventQueue-NodeRegistrationContainerReportForDataNodeSafeModeRule] INFO  safemode.SCMSafeModeManager (DataNodeSafeModeRule.java:process(71)) - SCM in safe mode. 1 DataNodes registered, 1 required.
2019-10-23 10:31:30,544 [EventQueue-NodeRegistrationContainerReportForDataNodeSafeModeRule] INFO  safemode.SCMSafeModeManager (SCMSafeModeManager.java:validateSafeModeExitRules(177)) - ScmSafeModeManager, all rules are successfully validated
2019-10-23 10:31:30,544 [EventQueue-NodeRegistrationContainerReportForDataNodeSafeModeRule] INFO  safemode.SCMSafeModeManager (SCMSafeModeManager.java:exitSafeMode(193)) - SCM exiting safe mode.
2019-10-23 10:31:30,585 [IPC Server handler 3 on 39098] INFO  net.NetworkTopology (NetworkTopologyImpl.java:add(111)) - Added a new node: /default-rack/610dfa1b-26fc-4b7d-9d42-62deed922725
2019-10-23 10:31:30,585 [IPC Server handler 3 on 39098] INFO  node.SCMNodeManager (SCMNodeManager.java:register(268)) - Registered Data node : 610dfa1b-26fc-4b7d-9d42-62deed922725{ip: 192.168.34.3, host: pr-hdds-1868-4pzfm-3396797935, networkLocation: /default-rack, certSerialId: null}
2019-10-23 10:31:30,661 [IPC Server handler 2 on 39098] INFO  net.NetworkTopology (NetworkTopologyImpl.java:add(111)) - Added a new node: /default-rack/3f37303c-849c-4514-a362-ee2255bb0cd2
2019-10-23 10:31:30,661 [IPC Server handler 2 on 39098] INFO  node.SCMNodeManager (SCMNodeManager.java:register(268)) - Registered Data node : 3f37303c-849c-4514-a362-ee2255bb0cd2{ip: 192.168.34.3, host: pr-hdds-1868-4pzfm-3396797935, networkLocation: /default-rack, certSerialId: null}
2019-10-23 10:31:31,037 [grpc-default-executor-0] INFO  impl.RaftServerProxy (RaftServerProxy.java:addNew(89)) - d4521489-b07b-40df-b782-643d3d9f668f: addNew group-483D947B6D1B:[d4521489-b07b-40df-b782-643d3d9f668f:192.168.34.3:46158] returns group-483D947B6D1B:java.util.concurrent.CompletableFuture@e381a79[Not completed]
2019-10-23 10:31:31,052 [pool-27-thread-1] INFO  impl.RaftServerImpl (RaftServerImpl.java:<init>(98)) - d4521489-b07b-40df-b782-643d3d9f668f: new RaftServerImpl for group-483D947B6D1B:[d4521489-b07b-40df-b782-643d3d9f668f:192.168.34.3:46158] with ContainerStateMachine:uninitialized
2019-10-23 10:31:31,054 [pool-27-thread-1] INFO  server.RaftServerConfigKeys (ConfUtils.java:logGet(43)) - raft.server.rpc.timeout.min = 5s (custom)
2019-10-23 10:31:31,055 [pool-27-thread-1] INFO  server.RaftServerConfigKeys (ConfUtils.java:logGet(43)) - raft.server.rpc.timeout.max = 5200ms (custom)
2019-10-23 10:31:31,055 [pool-27-thread-1] INFO  server.RaftServerConfigKeys (ConfUtils.java:logGet(43)) - raft.server.rpcslowness.timeout = 120s (custom)
2019-10-23 10:31:31,056 [pool-27-thread-1] INFO  server.RaftServerConfigKeys (ConfUtils.java:logGet(43)) - raft.server.sleep.deviation.threshold = 300 (default)
2019-10-23 10:31:31,057 [pool-27-thread-1] INFO  server.RaftServerConfigKeys (ConfUtils.java:logGet(43)) - raft.server.log.appender.install.snapshot.enabled = false (custom)
2019-10-23 10:31:31,066 [pool-27-thread-1] INFO  impl.RaftServerImpl (ServerState.java:<init>(103)) - d4521489-b07b-40df-b782-643d3d9f668f@group-483D947B6D1B: ConfigurationManager, init=-1: [d4521489-b07b-40df-b782-643d3d9f668f:192.168.34.3:46158], old=null, confs=<EMPTY_MAP>
2019-10-23 10:31:31,067 [pool-27-thread-1] INFO  server.RaftServerConfigKeys (ConfUtils.java:logGet(43)) - raft.server.storage.dir = [/workdir/hadoop-ozone/integration-test/target/test-dir/MiniOzoneClusterImpl-9697133d-57c2-49c7-8250-61bfba9b3177/datanode-0/data/ratis] (custom)
2019-10-23 10:31:31,075 [pool-27-thread-1] INFO  server.RaftServerConfigKeys (ConfUtils.java:logGet(43)) - raft.server.log.corruption.policy = EXCEPTION (default)
2019-10-23 10:31:31,077 [pool-27-thread-1] INFO  storage.RaftStorageDirectory (RaftStorageDirectory.java:analyzeStorage(246)) - The storage directory /workdir/hadoop-ozone/integration-test/target/test-dir/MiniOzoneClusterImpl-9697133d-57c2-49c7-8250-61bfba9b3177/datanode-0/data/ratis/7fc88cbd-90f7-4003-8dc6-483d947b6d1b does not exist. Creating ...
2019-10-23 10:31:31,095 [pool-27-thread-1] INFO  storage.RaftStorageDirectory (RaftStorageDirectory.java:tryLock(328)) - Lock on /workdir/hadoop-ozone/integration-test/target/test-dir/MiniOzoneClusterImpl-9697133d-57c2-49c7-8250-61bfba9b3177/datanode-0/data/ratis/7fc88cbd-90f7-4003-8dc6-483d947b6d1b/in_use.lock acquired by nodename 26486@pr-hdds-1868-4pzfm-3396797935
2019-10-23 10:31:31,110 [pool-27-thread-1] INFO  storage.RaftStorage (RaftStorage.java:format(84)) - Storage directory /workdir/hadoop-ozone/integration-test/target/test-dir/MiniOzoneClusterImpl-9697133d-57c2-49c7-8250-61bfba9b3177/datanode-0/data/ratis/7fc88cbd-90f7-4003-8dc6-483d947b6d1b has been successfully formatted.
2019-10-23 10:31:31,112 [pool-27-thread-1] INFO  ratis.ContainerStateMachine (ContainerStateMachine.java:loadSnapshot(233)) - group-483D947B6D1B: The snapshot info is null. Setting the last applied indexto:(t:0, i:~)
2019-10-23 10:31:31,112 [pool-27-thread-1] INFO  server.RaftServerConfigKeys (ConfUtils.java:logGet(43)) - raft.server.notification.no-leader.timeout = 120s (custom)
2019-10-23 10:31:31,115 [pool-27-thread-1] INFO  server.RaftServerConfigKeys (ConfUtils.java:logGet(43)) - raft.server.log.use.memory = false (default)
2019-10-23 10:31:31,121 [pool-27-thread-1] INFO  server.RaftServerConfigKeys (ConfUtils.java:logGet(43)) - raft.server.log.purge.gap = 1000000 (custom)
2019-10-23 10:31:31,121 [pool-27-thread-1] INFO  server.RaftServerConfigKeys (ConfUtils.java:logGet(43)) - raft.server.log.appender.buffer.byte-limit = 33554432 (custom)
2019-10-23 10:31:31,124 [pool-27-thread-1] INFO  server.RaftServerConfigKeys (ConfUtils.java:logGet(43)) - raft.server.log.segment.size.max = 1048576 (custom)
2019-10-23 10:31:31,129 [pool-27-thread-1] INFO  metrics.MetricRegistries (MetricRegistriesLoader.java:load(64)) - Loaded MetricRegistries class org.apache.ratis.metrics.impl.MetricRegistriesImpl
2019-10-23 10:31:31,133 [pool-27-thread-1] WARN  impl.MetricRegistriesImpl (MetricRegistriesImpl.java:lambda$create$1(61)) - First MetricRegistry has been created without registering reporters. You may need to call MetricRegistries.global().addReportRegistration(...) before.
2019-10-23 10:31:31,139 [pool-27-thread-1] INFO  server.RaftServerConfigKeys (ConfUtils.java:logGet(43)) - raft.server.log.segment.cache.num.max = 2 (custom)
2019-10-23 10:31:31,145 [pool-27-thread-1] INFO  segmented.SegmentedRaftLogWorker (SegmentedRaftLogWorker.java:<init>(173)) - new d4521489-b07b-40df-b782-643d3d9f668f@group-483D947B6D1B-SegmentedRaftLogWorker for RaftStorage:Storage Directory /workdir/hadoop-ozone/integration-test/target/test-dir/MiniOzoneClusterImpl-9697133d-57c2-49c7-8250-61bfba9b3177/datanode-0/data/ratis/7fc88cbd-90f7-4003-8dc6-483d947b6d1b
2019-10-23 10:31:31,146 [pool-27-thread-1] INFO  server.RaftServerConfigKeys (ConfUtils.java:logGet(43)) - raft.server.log.queue.byte-limit = 2147483647 (custom)
2019-10-23 10:31:31,146 [pool-27-thread-1] INFO  server.RaftServerConfigKeys (ConfUtils.java:logGet(43)) - raft.server.log.queue.element-limit = 1024 (custom)
2019-10-23 10:31:31,148 [pool-27-thread-1] INFO  server.RaftServerConfigKeys (ConfUtils.java:logGet(43)) - raft.server.log.segment.size.max = 1048576 (custom)
2019-10-23 10:31:31,148 [pool-27-thread-1] INFO  server.RaftServerConfigKeys (ConfUtils.java:logGet(43)) - raft.server.log.preallocated.size = 16384 (custom)
2019-10-23 10:31:31,149 [pool-27-thread-1] INFO  server.RaftServerConfigKeys (ConfUtils.java:logGet(43)) - raft.server.log.write.buffer.size = 33554432 (custom)
2019-10-23 10:31:31,149 [pool-27-thread-1] INFO  server.RaftServerConfigKeys (ConfUtils.java:logGet(43)) - raft.server.log.force.sync.num = 128 (default)
2019-10-23 10:31:31,150 [pool-27-thread-1] INFO  server.RaftServerConfigKeys (ConfUtils.java:logGet(43)) - raft.server.log.statemachine.data.sync = true (default)
2019-10-23 10:31:31,151 [pool-27-thread-1] INFO  server.RaftServerConfigKeys (ConfUtils.java:logGet(43)) - raft.server.log.statemachine.data.sync.timeout = 10s (default)
2019-10-23 10:31:31,151 [pool-27-thread-1] INFO  server.RaftServerConfigKeys (ConfUtils.java:logGet(43)) - raft.server.log.statemachine.data.sync.timeout.retry = -1 (default)
2019-10-23 10:31:31,161 [pool-27-thread-1] INFO  server.RaftServerConfigKeys (ConfUtils.java:logGet(43)) - raft.server.log.statemachine.data.caching.enabled = true (custom)
2019-10-23 10:31:31,166 [pool-27-thread-1] INFO  segmented.SegmentedRaftLogWorker (SegmentedRaftLogWorker.java:lambda$new$0(128)) - d4521489-b07b-40df-b782-643d3d9f668f@group-483D947B6D1B-SegmentedRaftLogWorker: flushIndex: setUnconditionally 0 -> -1
2019-10-23 10:31:31,170 [pool-27-thread-1] INFO  server.RaftServerConfigKeys (ConfUtils.java:logGet(43)) - raft.server.snapshot.auto.trigger.enabled = true (custom)
2019-10-23 10:31:31,171 [pool-27-thread-1] INFO  server.RaftServerConfigKeys (ConfUtils.java:logGet(43)) - raft.server.snapshot.auto.trigger.threshold = 10000 (custom)
2019-10-23 10:31:31,172 [pool-27-thread-1] INFO  server.RaftServerConfigKeys (ConfUtils.java:logGet(43)) - raft.server.snapshot.retention.file.num = 5 (custom)
2019-10-23 10:31:31,172 [pool-27-thread-1] INFO  server.RaftServerConfigKeys (ConfUtils.java:logGet(43)) - raft.server.retrycache.expirytime = 600000ms (custom)
2019-10-23 10:31:31,194 [pool-27-thread-1] WARN  impl.MetricRegistriesImpl (MetricRegistriesImpl.java:lambda$create$1(61)) - First MetricRegistry has been created without registering reporters. You may need to call MetricRegistries.global().addReportRegistration(...) before.
2019-10-23 10:31:31,197 [pool-27-thread-1] WARN  impl.MetricRegistriesImpl (MetricRegistriesImpl.java:lambda$create$1(61)) - First MetricRegistry has been created without registering reporters. You may need to call MetricRegistries.global().addReportRegistration(...) before.
2019-10-23 10:31:31,198 [pool-27-thread-1] INFO  impl.RaftServerImpl (RaftServerImpl.java:start(184)) - d4521489-b07b-40df-b782-643d3d9f668f@group-483D947B6D1B: start as a follower, conf=-1: [d4521489-b07b-40df-b782-643d3d9f668f:192.168.34.3:46158], old=null
2019-10-23 10:31:31,199 [pool-27-thread-1] INFO  impl.RaftServerImpl (RaftServerImpl.java:setRole(173)) - d4521489-b07b-40df-b782-643d3d9f668f@group-483D947B6D1B: changes role from      null to FOLLOWER at term 0 for startAsFollower
2019-10-23 10:31:31,200 [pool-27-thread-1] INFO  impl.RoleInfo (RoleInfo.java:updateAndGet(143)) - d4521489-b07b-40df-b782-643d3d9f668f: start FollowerState
2019-10-23 10:31:31,202 [pool-27-thread-1] INFO  util.JmxRegister (JmxRegister.java:tryRegister(44)) - Successfully registered JMX Bean with object name Ratis:service=RaftServer,group=group-483D947B6D1B,id=d4521489-b07b-40df-b782-643d3d9f668f
2019-10-23 10:31:31,204 [pool-27-thread-1] WARN  impl.MetricRegistriesImpl (MetricRegistriesImpl.java:lambda$create$1(61)) - First MetricRegistry has been created without registering reporters. You may need to call MetricRegistries.global().addReportRegistration(...) before.
2019-10-23 10:31:31,280 [RatisPipelineUtilsThread] INFO  pipeline.PipelineStateManager (PipelineStateManager.java:addPipeline(55)) - Created pipeline Pipeline[ Id: 7fc88cbd-90f7-4003-8dc6-483d947b6d1b, Nodes: d4521489-b07b-40df-b782-643d3d9f668f{ip: 192.168.34.3, host: pr-hdds-1868-4pzfm-3396797935, networkLocation: /default-rack, certSerialId: null}, Type:RATIS, Factor:ONE, State:ALLOCATED]
2019-10-23 10:31:31,305 [grpc-default-executor-0] INFO  impl.RaftServerProxy (RaftServerProxy.java:addNew(89)) - 3f37303c-849c-4514-a362-ee2255bb0cd2: addNew group-CEFA1AB7F2AE:[3f37303c-849c-4514-a362-ee2255bb0cd2:192.168.34.3:41555] returns group-CEFA1AB7F2AE:java.util.concurrent.CompletableFuture@7259cd7[Not completed]
2019-10-23 10:31:31,337 [pool-47-thread-1] INFO  impl.RaftServerImpl (RaftServerImpl.java:<init>(98)) - 3f37303c-849c-4514-a362-ee2255bb0cd2: new RaftServerImpl for group-CEFA1AB7F2AE:[3f37303c-849c-4514-a362-ee2255bb0cd2:192.168.34.3:41555] with ContainerStateMachine:uninitialized
2019-10-23 10:31:31,338 [pool-47-thread-1] INFO  server.RaftServerConfigKeys (ConfUtils.java:logGet(43)) - raft.server.rpc.timeout.min = 5s (custom)
2019-10-23 10:31:31,339 [pool-47-thread-1] INFO  server.RaftServerConfigKeys (ConfUtils.java:logGet(43)) - raft.server.rpc.timeout.max = 5200ms (custom)
2019-10-23 10:31:31,339 [pool-47-thread-1] INFO  server.RaftServerConfigKeys (ConfUtils.java:logGet(43)) - raft.server.rpcslowness.timeout = 120s (custom)
2019-10-23 10:31:31,339 [pool-47-thread-1] INFO  server.RaftServerConfigKeys (ConfUtils.java:logGet(43)) - raft.server.sleep.deviation.threshold = 300 (default)
2019-10-23 10:31:31,339 [pool-47-thread-1] INFO  server.RaftServerConfigKeys (ConfUtils.java:logGet(43)) - raft.server.log.appender.install.snapshot.enabled = false (custom)
2019-10-23 10:31:31,339 [pool-47-thread-1] INFO  impl.RaftServerImpl (ServerState.java:<init>(103)) - 3f37303c-849c-4514-a362-ee2255bb0cd2@group-CEFA1AB7F2AE: ConfigurationManager, init=-1: [3f37303c-849c-4514-a362-ee2255bb0cd2:192.168.34.3:41555], old=null, confs=<EMPTY_MAP>
2019-10-23 10:31:31,340 [pool-47-thread-1] INFO  server.RaftServerConfigKeys (ConfUtils.java:logGet(43)) - raft.server.storage.dir = [/workdir/hadoop-ozone/integration-test/target/test-dir/MiniOzoneClusterImpl-9697133d-57c2-49c7-8250-61bfba9b3177/datanode-2/data/ratis] (custom)
2019-10-23 10:31:31,340 [pool-47-thread-1] INFO  server.RaftServerConfigKeys (ConfUtils.java:logGet(43)) - raft.server.log.corruption.policy = EXCEPTION (default)
2019-10-23 10:31:31,341 [pool-47-thread-1] INFO  storage.RaftStorageDirectory (RaftStorageDirectory.java:analyzeStorage(246)) - The storage directory /workdir/hadoop-ozone/integration-test/target/test-dir/MiniOzoneClusterImpl-9697133d-57c2-49c7-8250-61bfba9b3177/datanode-2/data/ratis/212bdf1a-4920-489e-bb25-cefa1ab7f2ae does not exist. Creating ...
2019-10-23 10:31:31,355 [pool-47-thread-1] INFO  storage.RaftStorageDirectory (RaftStorageDirectory.java:tryLock(328)) - Lock on /workdir/hadoop-ozone/integration-test/target/test-dir/MiniOzoneClusterImpl-9697133d-57c2-49c7-8250-61bfba9b3177/datanode-2/data/ratis/212bdf1a-4920-489e-bb25-cefa1ab7f2ae/in_use.lock acquired by nodename 26486@pr-hdds-1868-4pzfm-3396797935
2019-10-23 10:31:31,371 [pool-47-thread-1] INFO  storage.RaftStorage (RaftStorage.java:format(84)) - Storage directory /workdir/hadoop-ozone/integration-test/target/test-dir/MiniOzoneClusterImpl-9697133d-57c2-49c7-8250-61bfba9b3177/datanode-2/data/ratis/212bdf1a-4920-489e-bb25-cefa1ab7f2ae has been successfully formatted.
2019-10-23 10:31:31,372 [pool-47-thread-1] INFO  ratis.ContainerStateMachine (ContainerStateMachine.java:loadSnapshot(233)) - group-CEFA1AB7F2AE: The snapshot info is null. Setting the last applied indexto:(t:0, i:~)
2019-10-23 10:31:31,373 [pool-47-thread-1] INFO  server.RaftServerConfigKeys (ConfUtils.java:logGet(43)) - raft.server.notification.no-leader.timeout = 120s (custom)
2019-10-23 10:31:31,373 [pool-47-thread-1] INFO  server.RaftServerConfigKeys (ConfUtils.java:logGet(43)) - raft.server.log.use.memory = false (default)
2019-10-23 10:31:31,374 [pool-47-thread-1] INFO  server.RaftServerConfigKeys (ConfUtils.java:logGet(43)) - raft.server.log.purge.gap = 1000000 (custom)
2019-10-23 10:31:31,374 [pool-47-thread-1] INFO  server.RaftServerConfigKeys (ConfUtils.java:logGet(43)) - raft.server.log.appender.buffer.byte-limit = 33554432 (custom)
2019-10-23 10:31:31,374 [pool-47-thread-1] INFO  server.RaftServerConfigKeys (ConfUtils.java:logGet(43)) - raft.server.log.segment.size.max = 1048576 (custom)
2019-10-23 10:31:31,374 [pool-47-thread-1] WARN  impl.MetricRegistriesImpl (MetricRegistriesImpl.java:lambda$create$1(61)) - First MetricRegistry has been created without registering reporters. You may need to call MetricRegistries.global().addReportRegistration(...) before.
2019-10-23 10:31:31,376 [pool-47-thread-1] INFO  server.RaftServerConfigKeys (ConfUtils.java:logGet(43)) - raft.server.log.segment.cache.num.max = 2 (custom)
2019-10-23 10:31:31,376 [pool-47-thread-1] INFO  segmented.SegmentedRaftLogWorker (SegmentedRaftLogWorker.java:<init>(173)) - new 3f37303c-849c-4514-a362-ee2255bb0cd2@group-CEFA1AB7F2AE-SegmentedRaftLogWorker for RaftStorage:Storage Directory /workdir/hadoop-ozone/integration-test/target/test-dir/MiniOzoneClusterImpl-9697133d-57c2-49c7-8250-61bfba9b3177/datanode-2/data/ratis/212bdf1a-4920-489e-bb25-cefa1ab7f2ae
2019-10-23 10:31:31,377 [pool-47-thread-1] INFO  server.RaftServerConfigKeys (ConfUtils.java:logGet(43)) - raft.server.log.queue.byte-limit = 2147483647 (custom)
2019-10-23 10:31:31,377 [pool-47-thread-1] INFO  server.RaftServerConfigKeys (ConfUtils.java:logGet(43)) - raft.server.log.queue.element-limit = 1024 (custom)
2019-10-23 10:31:31,377 [pool-47-thread-1] INFO  server.RaftServerConfigKeys (ConfUtils.java:logGet(43)) - raft.server.log.segment.size.max = 1048576 (custom)
2019-10-23 10:31:31,377 [pool-47-thread-1] INFO  server.RaftServerConfigKeys (ConfUtils.java:logGet(43)) - raft.server.log.preallocated.size = 16384 (custom)
2019-10-23 10:31:31,378 [pool-47-thread-1] INFO  server.RaftServerConfigKeys (ConfUtils.java:logGet(43)) - raft.server.log.write.buffer.size = 33554432 (custom)
2019-10-23 10:31:31,378 [pool-47-thread-1] INFO  server.RaftServerConfigKeys (ConfUtils.java:logGet(43)) - raft.server.log.force.sync.num = 128 (default)
2019-10-23 10:31:31,378 [pool-47-thread-1] INFO  server.RaftServerConfigKeys (ConfUtils.java:logGet(43)) - raft.server.log.statemachine.data.sync = true (default)
2019-10-23 10:31:31,378 [pool-47-thread-1] INFO  server.RaftServerConfigKeys (ConfUtils.java:logGet(43)) - raft.server.log.statemachine.data.sync.timeout = 10s (default)
2019-10-23 10:31:31,379 [pool-47-thread-1] INFO  server.RaftServerConfigKeys (ConfUtils.java:logGet(43)) - raft.server.log.statemachine.data.sync.timeout.retry = -1 (default)
2019-10-23 10:31:31,379 [pool-47-thread-1] INFO  server.RaftServerConfigKeys (ConfUtils.java:logGet(43)) - raft.server.log.statemachine.data.caching.enabled = true (custom)
2019-10-23 10:31:31,380 [pool-47-thread-1] INFO  segmented.SegmentedRaftLogWorker (SegmentedRaftLogWorker.java:lambda$new$0(128)) - 3f37303c-849c-4514-a362-ee2255bb0cd2@group-CEFA1AB7F2AE-SegmentedRaftLogWorker: flushIndex: setUnconditionally 0 -> -1
2019-10-23 10:31:31,380 [pool-47-thread-1] INFO  server.RaftServerConfigKeys (ConfUtils.java:logGet(43)) - raft.server.snapshot.auto.trigger.enabled = true (custom)
2019-10-23 10:31:31,380 [pool-47-thread-1] INFO  server.RaftServerConfigKeys (ConfUtils.java:logGet(43)) - raft.server.snapshot.auto.trigger.threshold = 10000 (custom)
2019-10-23 10:31:31,380 [pool-47-thread-1] INFO  server.RaftServerConfigKeys (ConfUtils.java:logGet(43)) - raft.server.snapshot.retention.file.num = 5 (custom)
2019-10-23 10:31:31,381 [pool-47-thread-1] INFO  server.RaftServerConfigKeys (ConfUtils.java:logGet(43)) - raft.server.retrycache.expirytime = 600000ms (custom)
2019-10-23 10:31:31,381 [pool-47-thread-1] WARN  impl.MetricRegistriesImpl (MetricRegistriesImpl.java:lambda$create$1(61)) - First MetricRegistry has been created without registering reporters. You may need to call MetricRegistries.global().addReportRegistration(...) before.
2019-10-23 10:31:31,381 [pool-47-thread-1] WARN  impl.MetricRegistriesImpl (MetricRegistriesImpl.java:lambda$create$1(61)) - First MetricRegistry has been created without registering reporters. You may need to call MetricRegistries.global().addReportRegistration(...) before.
2019-10-23 10:31:31,382 [pool-47-thread-1] INFO  impl.RaftServerImpl (RaftServerImpl.java:start(184)) - 3f37303c-849c-4514-a362-ee2255bb0cd2@group-CEFA1AB7F2AE: start as a follower, conf=-1: [3f37303c-849c-4514-a362-ee2255bb0cd2:192.168.34.3:41555], old=null
2019-10-23 10:31:31,382 [pool-47-thread-1] INFO  impl.RaftServerImpl (RaftServerImpl.java:setRole(173)) - 3f37303c-849c-4514-a362-ee2255bb0cd2@group-CEFA1AB7F2AE: changes role from      null to FOLLOWER at term 0 for startAsFollower
2019-10-23 10:31:31,382 [pool-47-thread-1] INFO  impl.RoleInfo (RoleInfo.java:updateAndGet(143)) - 3f37303c-849c-4514-a362-ee2255bb0cd2: start FollowerState
2019-10-23 10:31:31,384 [pool-47-thread-1] INFO  util.JmxRegister (JmxRegister.java:tryRegister(44)) - Successfully registered JMX Bean with object name Ratis:service=RaftServer,group=group-CEFA1AB7F2AE,id=3f37303c-849c-4514-a362-ee2255bb0cd2
2019-10-23 10:31:31,385 [pool-47-thread-1] WARN  impl.MetricRegistriesImpl (MetricRegistriesImpl.java:lambda$create$1(61)) - First MetricRegistry has been created without registering reporters. You may need to call MetricRegistries.global().addReportRegistration(...) before.
2019-10-23 10:31:31,398 [RatisPipelineUtilsThread] INFO  pipeline.PipelineStateManager (PipelineStateManager.java:addPipeline(55)) - Created pipeline Pipeline[ Id: 212bdf1a-4920-489e-bb25-cefa1ab7f2ae, Nodes: 3f37303c-849c-4514-a362-ee2255bb0cd2{ip: 192.168.34.3, host: pr-hdds-1868-4pzfm-3396797935, networkLocation: /default-rack, certSerialId: null}, Type:RATIS, Factor:ONE, State:ALLOCATED]
2019-10-23 10:31:31,417 [grpc-default-executor-0] INFO  impl.RaftServerProxy (RaftServerProxy.java:addNew(89)) - 610dfa1b-26fc-4b7d-9d42-62deed922725: addNew group-6DD1AF6EBA3A:[610dfa1b-26fc-4b7d-9d42-62deed922725:192.168.34.3:44415] returns group-6DD1AF6EBA3A:java.util.concurrent.CompletableFuture@6ef418f[Not completed]
2019-10-23 10:31:31,434 [pool-37-thread-1] INFO  impl.RaftServerImpl (RaftServerImpl.java:<init>(98)) - 610dfa1b-26fc-4b7d-9d42-62deed922725: new RaftServerImpl for group-6DD1AF6EBA3A:[610dfa1b-26fc-4b7d-9d42-62deed922725:192.168.34.3:44415] with ContainerStateMachine:uninitialized
2019-10-23 10:31:31,435 [pool-37-thread-1] INFO  server.RaftServerConfigKeys (ConfUtils.java:logGet(43)) - raft.server.rpc.timeout.min = 5s (custom)
2019-10-23 10:31:31,436 [pool-37-thread-1] INFO  server.RaftServerConfigKeys (ConfUtils.java:logGet(43)) - raft.server.rpc.timeout.max = 5200ms (custom)
2019-10-23 10:31:31,436 [pool-37-thread-1] INFO  server.RaftServerConfigKeys (ConfUtils.java:logGet(43)) - raft.server.rpcslowness.timeout = 120s (custom)
2019-10-23 10:31:31,436 [pool-37-thread-1] INFO  server.RaftServerConfigKeys (ConfUtils.java:logGet(43)) - raft.server.sleep.deviation.threshold = 300 (default)
2019-10-23 10:31:31,436 [pool-37-thread-1] INFO  server.RaftServerConfigKeys (ConfUtils.java:logGet(43)) - raft.server.log.appender.install.snapshot.enabled = false (custom)
2019-10-23 10:31:31,436 [pool-37-thread-1] INFO  impl.RaftServerImpl (ServerState.java:<init>(103)) - 610dfa1b-26fc-4b7d-9d42-62deed922725@group-6DD1AF6EBA3A: ConfigurationManager, init=-1: [610dfa1b-26fc-4b7d-9d42-62deed922725:192.168.34.3:44415], old=null, confs=<EMPTY_MAP>
2019-10-23 10:31:31,437 [pool-37-thread-1] INFO  server.RaftServerConfigKeys (ConfUtils.java:logGet(43)) - raft.server.storage.dir = [/workdir/hadoop-ozone/integration-test/target/test-dir/MiniOzoneClusterImpl-9697133d-57c2-49c7-8250-61bfba9b3177/datanode-1/data/ratis] (custom)
2019-10-23 10:31:31,437 [pool-37-thread-1] INFO  server.RaftServerConfigKeys (ConfUtils.java:logGet(43)) - raft.server.log.corruption.policy = EXCEPTION (default)
2019-10-23 10:31:31,437 [pool-37-thread-1] INFO  storage.RaftStorageDirectory (RaftStorageDirectory.java:analyzeStorage(246)) - The storage directory /workdir/hadoop-ozone/integration-test/target/test-dir/MiniOzoneClusterImpl-9697133d-57c2-49c7-8250-61bfba9b3177/datanode-1/data/ratis/83cf6916-ff75-481b-8b17-6dd1af6eba3a does not exist. Creating ...
2019-10-23 10:31:31,450 [pool-37-thread-1] INFO  storage.RaftStorageDirectory (RaftStorageDirectory.java:tryLock(328)) - Lock on /workdir/hadoop-ozone/integration-test/target/test-dir/MiniOzoneClusterImpl-9697133d-57c2-49c7-8250-61bfba9b3177/datanode-1/data/ratis/83cf6916-ff75-481b-8b17-6dd1af6eba3a/in_use.lock acquired by nodename 26486@pr-hdds-1868-4pzfm-3396797935
2019-10-23 10:31:31,463 [pool-37-thread-1] INFO  storage.RaftStorage (RaftStorage.java:format(84)) - Storage directory /workdir/hadoop-ozone/integration-test/target/test-dir/MiniOzoneClusterImpl-9697133d-57c2-49c7-8250-61bfba9b3177/datanode-1/data/ratis/83cf6916-ff75-481b-8b17-6dd1af6eba3a has been successfully formatted.
2019-10-23 10:31:31,464 [pool-37-thread-1] INFO  ratis.ContainerStateMachine (ContainerStateMachine.java:loadSnapshot(233)) - group-6DD1AF6EBA3A: The snapshot info is null. Setting the last applied indexto:(t:0, i:~)
2019-10-23 10:31:31,464 [pool-37-thread-1] INFO  server.RaftServerConfigKeys (ConfUtils.java:logGet(43)) - raft.server.notification.no-leader.timeout = 120s (custom)
2019-10-23 10:31:31,464 [pool-37-thread-1] INFO  server.RaftServerConfigKeys (ConfUtils.java:logGet(43)) - raft.server.log.use.memory = false (default)
2019-10-23 10:31:31,464 [pool-37-thread-1] INFO  server.RaftServerConfigKeys (ConfUtils.java:logGet(43)) - raft.server.log.purge.gap = 1000000 (custom)
2019-10-23 10:31:31,465 [pool-37-thread-1] INFO  server.RaftServerConfigKeys (ConfUtils.java:logGet(43)) - raft.server.log.appender.buffer.byte-limit = 33554432 (custom)
2019-10-23 10:31:31,465 [pool-37-thread-1] INFO  server.RaftServerConfigKeys (ConfUtils.java:logGet(43)) - raft.server.log.segment.size.max = 1048576 (custom)
2019-10-23 10:31:31,465 [pool-37-thread-1] WARN  impl.MetricRegistriesImpl (MetricRegistriesImpl.java:lambda$create$1(61)) - First MetricRegistry has been created without registering reporters. You may need to call MetricRegistries.global().addReportRegistration(...) before.
2019-10-23 10:31:31,465 [pool-37-thread-1] INFO  server.RaftServerConfigKeys (ConfUtils.java:logGet(43)) - raft.server.log.segment.cache.num.max = 2 (custom)
2019-10-23 10:31:31,465 [pool-37-thread-1] INFO  segmented.SegmentedRaftLogWorker (SegmentedRaftLogWorker.java:<init>(173)) - new 610dfa1b-26fc-4b7d-9d42-62deed922725@group-6DD1AF6EBA3A-SegmentedRaftLogWorker for RaftStorage:Storage Directory /workdir/hadoop-ozone/integration-test/target/test-dir/MiniOzoneClusterImpl-9697133d-57c2-49c7-8250-61bfba9b3177/datanode-1/data/ratis/83cf6916-ff75-481b-8b17-6dd1af6eba3a
2019-10-23 10:31:31,465 [pool-37-thread-1] INFO  server.RaftServerConfigKeys (ConfUtils.java:logGet(43)) - raft.server.log.queue.byte-limit = 2147483647 (custom)
2019-10-23 10:31:31,466 [pool-37-thread-1] INFO  server.RaftServerConfigKeys (ConfUtils.java:logGet(43)) - raft.server.log.queue.element-limit = 1024 (custom)
2019-10-23 10:31:31,466 [pool-37-thread-1] INFO  server.RaftServerConfigKeys (ConfUtils.java:logGet(43)) - raft.server.log.segment.size.max = 1048576 (custom)
2019-10-23 10:31:31,466 [pool-37-thread-1] INFO  server.RaftServerConfigKeys (ConfUtils.java:logGet(43)) - raft.server.log.preallocated.size = 16384 (custom)
2019-10-23 10:31:31,466 [pool-37-thread-1] INFO  server.RaftServerConfigKeys (ConfUtils.java:logGet(43)) - raft.server.log.write.buffer.size = 33554432 (custom)
2019-10-23 10:31:31,466 [pool-37-thread-1] INFO  server.RaftServerConfigKeys (ConfUtils.java:logGet(43)) - raft.server.log.force.sync.num = 128 (default)
2019-10-23 10:31:31,467 [pool-37-thread-1] INFO  server.RaftServerConfigKeys (ConfUtils.java:logGet(43)) - raft.server.log.statemachine.data.sync = true (default)
2019-10-23 10:31:31,467 [pool-37-thread-1] INFO  server.RaftServerConfigKeys (ConfUtils.java:logGet(43)) - raft.server.log.statemachine.data.sync.timeout = 10s (default)
2019-10-23 10:31:31,467 [pool-37-thread-1] INFO  server.RaftServerConfigKeys (ConfUtils.java:logGet(43)) - raft.server.log.statemachine.data.sync.timeout.retry = -1 (default)
2019-10-23 10:31:31,467 [pool-37-thread-1] INFO  server.RaftServerConfigKeys (ConfUtils.java:logGet(43)) - raft.server.log.statemachine.data.caching.enabled = true (custom)
2019-10-23 10:31:31,468 [pool-37-thread-1] INFO  segmented.SegmentedRaftLogWorker (SegmentedRaftLogWorker.java:lambda$new$0(128)) - 610dfa1b-26fc-4b7d-9d42-62deed922725@group-6DD1AF6EBA3A-SegmentedRaftLogWorker: flushIndex: setUnconditionally 0 -> -1
2019-10-23 10:31:31,468 [pool-37-thread-1] INFO  server.RaftServerConfigKeys (ConfUtils.java:logGet(43)) - raft.server.snapshot.auto.trigger.enabled = true (custom)
2019-10-23 10:31:31,468 [pool-37-thread-1] INFO  server.RaftServerConfigKeys (ConfUtils.java:logGet(43)) - raft.server.snapshot.auto.trigger.threshold = 10000 (custom)
2019-10-23 10:31:31,469 [pool-37-thread-1] INFO  server.RaftServerConfigKeys (ConfUtils.java:logGet(43)) - raft.server.snapshot.retention.file.num = 5 (custom)
2019-10-23 10:31:31,469 [pool-37-thread-1] INFO  server.RaftServerConfigKeys (ConfUtils.java:logGet(43)) - raft.server.retrycache.expirytime = 600000ms (custom)
2019-10-23 10:31:31,469 [pool-37-thread-1] WARN  impl.MetricRegistriesImpl (MetricRegistriesImpl.java:lambda$create$1(61)) - First MetricRegistry has been created without registering reporters. You may need to call MetricRegistries.global().addReportRegistration(...) before.
2019-10-23 10:31:31,469 [pool-37-thread-1] WARN  impl.MetricRegistriesImpl (MetricRegistriesImpl.java:lambda$create$1(61)) - First MetricRegistry has been created without registering reporters. You may need to call MetricRegistries.global().addReportRegistration(...) before.
2019-10-23 10:31:31,469 [pool-37-thread-1] INFO  impl.RaftServerImpl (RaftServerImpl.java:start(184)) - 610dfa1b-26fc-4b7d-9d42-62deed922725@group-6DD1AF6EBA3A: start as a follower, conf=-1: [610dfa1b-26fc-4b7d-9d42-62deed922725:192.168.34.3:44415], old=null
2019-10-23 10:31:31,470 [pool-37-thread-1] INFO  impl.RaftServerImpl (RaftServerImpl.java:setRole(173)) - 610dfa1b-26fc-4b7d-9d42-62deed922725@group-6DD1AF6EBA3A: changes role from      null to FOLLOWER at term 0 for startAsFollower
2019-10-23 10:31:31,470 [pool-37-thread-1] INFO  impl.RoleInfo (RoleInfo.java:updateAndGet(143)) - 610dfa1b-26fc-4b7d-9d42-62deed922725: start FollowerState
2019-10-23 10:31:31,471 [pool-37-thread-1] INFO  util.JmxRegister (JmxRegister.java:tryRegister(44)) - Successfully registered JMX Bean with object name Ratis:service=RaftServer,group=group-6DD1AF6EBA3A,id=610dfa1b-26fc-4b7d-9d42-62deed922725
2019-10-23 10:31:31,471 [pool-37-thread-1] WARN  impl.MetricRegistriesImpl (MetricRegistriesImpl.java:lambda$create$1(61)) - First MetricRegistry has been created without registering reporters. You may need to call MetricRegistries.global().addReportRegistration(...) before.
2019-10-23 10:31:31,482 [RatisPipelineUtilsThread] INFO  pipeline.PipelineStateManager (PipelineStateManager.java:addPipeline(55)) - Created pipeline Pipeline[ Id: 83cf6916-ff75-481b-8b17-6dd1af6eba3a, Nodes: 610dfa1b-26fc-4b7d-9d42-62deed922725{ip: 192.168.34.3, host: pr-hdds-1868-4pzfm-3396797935, networkLocation: /default-rack, certSerialId: null}, Type:RATIS, Factor:ONE, State:ALLOCATED]
2019-10-23 10:31:31,514 [grpc-default-executor-1] INFO  impl.RaftServerProxy (RaftServerProxy.java:addNew(89)) - 610dfa1b-26fc-4b7d-9d42-62deed922725: addNew group-AFC38B4E72D7:[3f37303c-849c-4514-a362-ee2255bb0cd2:192.168.34.3:41555, d4521489-b07b-40df-b782-643d3d9f668f:192.168.34.3:46158, 610dfa1b-26fc-4b7d-9d42-62deed922725:192.168.34.3:44415] returns group-AFC38B4E72D7:java.util.concurrent.CompletableFuture@19971fa8[Not completed]
2019-10-23 10:31:31,515 [grpc-default-executor-2] INFO  impl.RaftServerProxy (RaftServerProxy.java:addNew(89)) - 3f37303c-849c-4514-a362-ee2255bb0cd2: addNew group-AFC38B4E72D7:[3f37303c-849c-4514-a362-ee2255bb0cd2:192.168.34.3:41555, d4521489-b07b-40df-b782-643d3d9f668f:192.168.34.3:46158, 610dfa1b-26fc-4b7d-9d42-62deed922725:192.168.34.3:44415] returns group-AFC38B4E72D7:java.util.concurrent.CompletableFuture@48cf5273[Not completed]
2019-10-23 10:31:31,520 [pool-37-thread-1] INFO  impl.RaftServerImpl (RaftServerImpl.java:<init>(98)) - 610dfa1b-26fc-4b7d-9d42-62deed922725: new RaftServerImpl for group-AFC38B4E72D7:[3f37303c-849c-4514-a362-ee2255bb0cd2:192.168.34.3:41555, d4521489-b07b-40df-b782-643d3d9f668f:192.168.34.3:46158, 610dfa1b-26fc-4b7d-9d42-62deed922725:192.168.34.3:44415] with ContainerStateMachine:uninitialized
2019-10-23 10:31:31,520 [grpc-default-executor-2] INFO  impl.RaftServerProxy (RaftServerProxy.java:addNew(89)) - d4521489-b07b-40df-b782-643d3d9f668f: addNew group-AFC38B4E72D7:[3f37303c-849c-4514-a362-ee2255bb0cd2:192.168.34.3:41555, d4521489-b07b-40df-b782-643d3d9f668f:192.168.34.3:46158, 610dfa1b-26fc-4b7d-9d42-62deed922725:192.168.34.3:44415] returns group-AFC38B4E72D7:java.util.concurrent.CompletableFuture@dcdc50e[Not completed]
2019-10-23 10:31:31,520 [pool-37-thread-1] INFO  server.RaftServerConfigKeys (ConfUtils.java:logGet(43)) - raft.server.rpc.timeout.min = 5s (custom)
2019-10-23 10:31:31,520 [pool-37-thread-1] INFO  server.RaftServerConfigKeys (ConfUtils.java:logGet(43)) - raft.server.rpc.timeout.max = 5200ms (custom)
2019-10-23 10:31:31,520 [pool-37-thread-1] INFO  server.RaftServerConfigKeys (ConfUtils.java:logGet(43)) - raft.server.rpcslowness.timeout = 120s (custom)
2019-10-23 10:31:31,521 [pool-37-thread-1] INFO  server.RaftServerConfigKeys (ConfUtils.java:logGet(43)) - raft.server.sleep.deviation.threshold = 300 (default)
2019-10-23 10:31:31,521 [pool-37-thread-1] INFO  server.RaftServerConfigKeys (ConfUtils.java:logGet(43)) - raft.server.log.appender.install.snapshot.enabled = false (custom)
2019-10-23 10:31:31,521 [pool-37-thread-1] INFO  impl.RaftServerImpl (ServerState.java:<init>(103)) - 610dfa1b-26fc-4b7d-9d42-62deed922725@group-AFC38B4E72D7: ConfigurationManager, init=-1: [3f37303c-849c-4514-a362-ee2255bb0cd2:192.168.34.3:41555, d4521489-b07b-40df-b782-643d3d9f668f:192.168.34.3:46158, 610dfa1b-26fc-4b7d-9d42-62deed922725:192.168.34.3:44415], old=null, confs=<EMPTY_MAP>
2019-10-23 10:31:31,521 [pool-47-thread-1] INFO  impl.RaftServerImpl (RaftServerImpl.java:<init>(98)) - 3f37303c-849c-4514-a362-ee2255bb0cd2: new RaftServerImpl for group-AFC38B4E72D7:[3f37303c-849c-4514-a362-ee2255bb0cd2:192.168.34.3:41555, d4521489-b07b-40df-b782-643d3d9f668f:192.168.34.3:46158, 610dfa1b-26fc-4b7d-9d42-62deed922725:192.168.34.3:44415] with ContainerStateMachine:uninitialized
2019-10-23 10:31:31,521 [pool-37-thread-1] INFO  server.RaftServerConfigKeys (ConfUtils.java:logGet(43)) - raft.server.storage.dir = [/workdir/hadoop-ozone/integration-test/target/test-dir/MiniOzoneClusterImpl-9697133d-57c2-49c7-8250-61bfba9b3177/datanode-1/data/ratis] (custom)
2019-10-23 10:31:31,522 [pool-47-thread-1] INFO  server.RaftServerConfigKeys (ConfUtils.java:logGet(43)) - raft.server.rpc.timeout.min = 5s (custom)
2019-10-23 10:31:31,522 [pool-47-thread-1] INFO  server.RaftServerConfigKeys (ConfUtils.java:logGet(43)) - raft.server.rpc.timeout.max = 5200ms (custom)
2019-10-23 10:31:31,522 [pool-37-thread-1] INFO  server.RaftServerConfigKeys (ConfUtils.java:logGet(43)) - raft.server.log.corruption.policy = EXCEPTION (default)
2019-10-23 10:31:31,522 [pool-47-thread-1] INFO  server.RaftServerConfigKeys (ConfUtils.java:logGet(43)) - raft.server.rpcslowness.timeout = 120s (custom)
2019-10-23 10:31:31,522 [pool-37-thread-1] INFO  storage.RaftStorageDirectory (RaftStorageDirectory.java:analyzeStorage(246)) - The storage directory /workdir/hadoop-ozone/integration-test/target/test-dir/MiniOzoneClusterImpl-9697133d-57c2-49c7-8250-61bfba9b3177/datanode-1/data/ratis/46fb8dcb-8115-4293-901e-afc38b4e72d7 does not exist. Creating ...
2019-10-23 10:31:31,522 [pool-47-thread-1] INFO  server.RaftServerConfigKeys (ConfUtils.java:logGet(43)) - raft.server.sleep.deviation.threshold = 300 (default)
2019-10-23 10:31:31,523 [pool-47-thread-1] INFO  server.RaftServerConfigKeys (ConfUtils.java:logGet(43)) - raft.server.log.appender.install.snapshot.enabled = false (custom)
2019-10-23 10:31:31,523 [pool-27-thread-1] INFO  impl.RaftServerImpl (RaftServerImpl.java:<init>(98)) - d4521489-b07b-40df-b782-643d3d9f668f: new RaftServerImpl for group-AFC38B4E72D7:[3f37303c-849c-4514-a362-ee2255bb0cd2:192.168.34.3:41555, d4521489-b07b-40df-b782-643d3d9f668f:192.168.34.3:46158, 610dfa1b-26fc-4b7d-9d42-62deed922725:192.168.34.3:44415] with ContainerStateMachine:uninitialized
2019-10-23 10:31:31,523 [pool-47-thread-1] INFO  impl.RaftServerImpl (ServerState.java:<init>(103)) - 3f37303c-849c-4514-a362-ee2255bb0cd2@group-AFC38B4E72D7: ConfigurationManager, init=-1: [3f37303c-849c-4514-a362-ee2255bb0cd2:192.168.34.3:41555, d4521489-b07b-40df-b782-643d3d9f668f:192.168.34.3:46158, 610dfa1b-26fc-4b7d-9d42-62deed922725:192.168.34.3:44415], old=null, confs=<EMPTY_MAP>
2019-10-23 10:31:31,523 [pool-27-thread-1] INFO  server.RaftServerConfigKeys (ConfUtils.java:logGet(43)) - raft.server.rpc.timeout.min = 5s (custom)
2019-10-23 10:31:31,523 [pool-47-thread-1] INFO  server.RaftServerConfigKeys (ConfUtils.java:logGet(43)) - raft.server.storage.dir = [/workdir/hadoop-ozone/integration-test/target/test-dir/MiniOzoneClusterImpl-9697133d-57c2-49c7-8250-61bfba9b3177/datanode-2/data/ratis] (custom)
2019-10-23 10:31:31,523 [pool-27-thread-1] INFO  server.RaftServerConfigKeys (ConfUtils.java:logGet(43)) - raft.server.rpc.timeout.max = 5200ms (custom)
2019-10-23 10:31:31,524 [pool-27-thread-1] INFO  server.RaftServerConfigKeys (ConfUtils.java:logGet(43)) - raft.server.rpcslowness.timeout = 120s (custom)
2019-10-23 10:31:31,524 [pool-47-thread-1] INFO  server.RaftServerConfigKeys (ConfUtils.java:logGet(43)) - raft.server.log.corruption.policy = EXCEPTION (default)
2019-10-23 10:31:31,524 [pool-27-thread-1] INFO  server.RaftServerConfigKeys (ConfUtils.java:logGet(43)) - raft.server.sleep.deviation.threshold = 300 (default)
2019-10-23 10:31:31,524 [pool-27-thread-1] INFO  server.RaftServerConfigKeys (ConfUtils.java:logGet(43)) - raft.server.log.appender.install.snapshot.enabled = false (custom)
2019-10-23 10:31:31,524 [pool-47-thread-1] INFO  storage.RaftStorageDirectory (RaftStorageDirectory.java:analyzeStorage(246)) - The storage directory /workdir/hadoop-ozone/integration-test/target/test-dir/MiniOzoneClusterImpl-9697133d-57c2-49c7-8250-61bfba9b3177/datanode-2/data/ratis/46fb8dcb-8115-4293-901e-afc38b4e72d7 does not exist. Creating ...
2019-10-23 10:31:31,524 [pool-27-thread-1] INFO  impl.RaftServerImpl (ServerState.java:<init>(103)) - d4521489-b07b-40df-b782-643d3d9f668f@group-AFC38B4E72D7: ConfigurationManager, init=-1: [3f37303c-849c-4514-a362-ee2255bb0cd2:192.168.34.3:41555, d4521489-b07b-40df-b782-643d3d9f668f:192.168.34.3:46158, 610dfa1b-26fc-4b7d-9d42-62deed922725:192.168.34.3:44415], old=null, confs=<EMPTY_MAP>
2019-10-23 10:31:31,525 [pool-27-thread-1] INFO  server.RaftServerConfigKeys (ConfUtils.java:logGet(43)) - raft.server.storage.dir = [/workdir/hadoop-ozone/integration-test/target/test-dir/MiniOzoneClusterImpl-9697133d-57c2-49c7-8250-61bfba9b3177/datanode-0/data/ratis] (custom)
2019-10-23 10:31:31,525 [pool-27-thread-1] INFO  server.RaftServerConfigKeys (ConfUtils.java:logGet(43)) - raft.server.log.corruption.policy = EXCEPTION (default)
2019-10-23 10:31:31,525 [pool-27-thread-1] INFO  storage.RaftStorageDirectory (RaftStorageDirectory.java:analyzeStorage(246)) - The storage directory /workdir/hadoop-ozone/integration-test/target/test-dir/MiniOzoneClusterImpl-9697133d-57c2-49c7-8250-61bfba9b3177/datanode-0/data/ratis/46fb8dcb-8115-4293-901e-afc38b4e72d7 does not exist. Creating ...
2019-10-23 10:31:31,536 [pool-47-thread-1] INFO  storage.RaftStorageDirectory (RaftStorageDirectory.java:tryLock(328)) - Lock on /workdir/hadoop-ozone/integration-test/target/test-dir/MiniOzoneClusterImpl-9697133d-57c2-49c7-8250-61bfba9b3177/datanode-2/data/ratis/46fb8dcb-8115-4293-901e-afc38b4e72d7/in_use.lock acquired by nodename 26486@pr-hdds-1868-4pzfm-3396797935
2019-10-23 10:31:31,536 [pool-37-thread-1] INFO  storage.RaftStorageDirectory (RaftStorageDirectory.java:tryLock(328)) - Lock on /workdir/hadoop-ozone/integration-test/target/test-dir/MiniOzoneClusterImpl-9697133d-57c2-49c7-8250-61bfba9b3177/datanode-1/data/ratis/46fb8dcb-8115-4293-901e-afc38b4e72d7/in_use.lock acquired by nodename 26486@pr-hdds-1868-4pzfm-3396797935
2019-10-23 10:31:31,536 [pool-27-thread-1] INFO  storage.RaftStorageDirectory (RaftStorageDirectory.java:tryLock(328)) - Lock on /workdir/hadoop-ozone/integration-test/target/test-dir/MiniOzoneClusterImpl-9697133d-57c2-49c7-8250-61bfba9b3177/datanode-0/data/ratis/46fb8dcb-8115-4293-901e-afc38b4e72d7/in_use.lock acquired by nodename 26486@pr-hdds-1868-4pzfm-3396797935
2019-10-23 10:31:31,550 [pool-47-thread-1] INFO  storage.RaftStorage (RaftStorage.java:format(84)) - Storage directory /workdir/hadoop-ozone/integration-test/target/test-dir/MiniOzoneClusterImpl-9697133d-57c2-49c7-8250-61bfba9b3177/datanode-2/data/ratis/46fb8dcb-8115-4293-901e-afc38b4e72d7 has been successfully formatted.
2019-10-23 10:31:31,550 [pool-27-thread-1] INFO  storage.RaftStorage (RaftStorage.java:format(84)) - Storage directory /workdir/hadoop-ozone/integration-test/target/test-dir/MiniOzoneClusterImpl-9697133d-57c2-49c7-8250-61bfba9b3177/datanode-0/data/ratis/46fb8dcb-8115-4293-901e-afc38b4e72d7 has been successfully formatted.
2019-10-23 10:31:31,550 [pool-37-thread-1] INFO  storage.RaftStorage (RaftStorage.java:format(84)) - Storage directory /workdir/hadoop-ozone/integration-test/target/test-dir/MiniOzoneClusterImpl-9697133d-57c2-49c7-8250-61bfba9b3177/datanode-1/data/ratis/46fb8dcb-8115-4293-901e-afc38b4e72d7 has been successfully formatted.
2019-10-23 10:31:31,550 [pool-47-thread-1] INFO  ratis.ContainerStateMachine (ContainerStateMachine.java:loadSnapshot(233)) - group-AFC38B4E72D7: The snapshot info is null. Setting the last applied indexto:(t:0, i:~)
2019-10-23 10:31:31,550 [pool-27-thread-1] INFO  ratis.ContainerStateMachine (ContainerStateMachine.java:loadSnapshot(233)) - group-AFC38B4E72D7: The snapshot info is null. Setting the last applied indexto:(t:0, i:~)
2019-10-23 10:31:31,551 [pool-47-thread-1] INFO  server.RaftServerConfigKeys (ConfUtils.java:logGet(43)) - raft.server.notification.no-leader.timeout = 120s (custom)
2019-10-23 10:31:31,551 [pool-37-thread-1] INFO  ratis.ContainerStateMachine (ContainerStateMachine.java:loadSnapshot(233)) - group-AFC38B4E72D7: The snapshot info is null. Setting the last applied indexto:(t:0, i:~)
2019-10-23 10:31:31,551 [pool-47-thread-1] INFO  server.RaftServerConfigKeys (ConfUtils.java:logGet(43)) - raft.server.log.use.memory = false (default)
2019-10-23 10:31:31,551 [pool-27-thread-1] INFO  server.RaftServerConfigKeys (ConfUtils.java:logGet(43)) - raft.server.notification.no-leader.timeout = 120s (custom)
2019-10-23 10:31:31,551 [pool-47-thread-1] INFO  server.RaftServerConfigKeys (ConfUtils.java:logGet(43)) - raft.server.log.purge.gap = 1000000 (custom)
2019-10-23 10:31:31,551 [pool-37-thread-1] INFO  server.RaftServerConfigKeys (ConfUtils.java:logGet(43)) - raft.server.notification.no-leader.timeout = 120s (custom)
2019-10-23 10:31:31,551 [pool-27-thread-1] INFO  server.RaftServerConfigKeys (ConfUtils.java:logGet(43)) - raft.server.log.use.memory = false (default)
2019-10-23 10:31:31,552 [pool-47-thread-1] INFO  server.RaftServerConfigKeys (ConfUtils.java:logGet(43)) - raft.server.log.appender.buffer.byte-limit = 33554432 (custom)
2019-10-23 10:31:31,552 [pool-37-thread-1] INFO  server.RaftServerConfigKeys (ConfUtils.java:logGet(43)) - raft.server.log.use.memory = false (default)
2019-10-23 10:31:31,552 [pool-47-thread-1] INFO  server.RaftServerConfigKeys (ConfUtils.java:logGet(43)) - raft.server.log.segment.size.max = 1048576 (custom)
2019-10-23 10:31:31,552 [pool-27-thread-1] INFO  server.RaftServerConfigKeys (ConfUtils.java:logGet(43)) - raft.server.log.purge.gap = 1000000 (custom)
2019-10-23 10:31:31,553 [pool-47-thread-1] INFO  server.RaftServerConfigKeys (ConfUtils.java:logGet(43)) - raft.server.log.segment.cache.num.max = 2 (custom)
2019-10-23 10:31:31,552 [pool-37-thread-1] INFO  server.RaftServerConfigKeys (ConfUtils.java:logGet(43)) - raft.server.log.purge.gap = 1000000 (custom)
2019-10-23 10:31:31,553 [pool-47-thread-1] INFO  segmented.SegmentedRaftLogWorker (SegmentedRaftLogWorker.java:<init>(173)) - new 3f37303c-849c-4514-a362-ee2255bb0cd2@group-AFC38B4E72D7-SegmentedRaftLogWorker for RaftStorage:Storage Directory /workdir/hadoop-ozone/integration-test/target/test-dir/MiniOzoneClusterImpl-9697133d-57c2-49c7-8250-61bfba9b3177/datanode-2/data/ratis/46fb8dcb-8115-4293-901e-afc38b4e72d7
2019-10-23 10:31:31,553 [pool-27-thread-1] INFO  server.RaftServerConfigKeys (ConfUtils.java:logGet(43)) - raft.server.log.appender.buffer.byte-limit = 33554432 (custom)
2019-10-23 10:31:31,553 [pool-47-thread-1] INFO  server.RaftServerConfigKeys (ConfUtils.java:logGet(43)) - raft.server.log.queue.byte-limit = 2147483647 (custom)
2019-10-23 10:31:31,553 [pool-37-thread-1] INFO  server.RaftServerConfigKeys (ConfUtils.java:logGet(43)) - raft.server.log.appender.buffer.byte-limit = 33554432 (custom)
2019-10-23 10:31:31,554 [pool-47-thread-1] INFO  server.RaftServerConfigKeys (ConfUtils.java:logGet(43)) - raft.server.log.queue.element-limit = 1024 (custom)
2019-10-23 10:31:31,553 [pool-27-thread-1] INFO  server.RaftServerConfigKeys (ConfUtils.java:logGet(43)) - raft.server.log.segment.size.max = 1048576 (custom)
2019-10-23 10:31:31,554 [pool-47-thread-1] INFO  server.RaftServerConfigKeys (ConfUtils.java:logGet(43)) - raft.server.log.segment.size.max = 1048576 (custom)
2019-10-23 10:31:31,554 [pool-37-thread-1] INFO  server.RaftServerConfigKeys (ConfUtils.java:logGet(43)) - raft.server.log.segment.size.max = 1048576 (custom)
2019-10-23 10:31:31,554 [pool-47-thread-1] INFO  server.RaftServerConfigKeys (ConfUtils.java:logGet(43)) - raft.server.log.preallocated.size = 16384 (custom)
2019-10-23 10:31:31,554 [pool-27-thread-1] INFO  server.RaftServerConfigKeys (ConfUtils.java:logGet(43)) - raft.server.log.segment.cache.num.max = 2 (custom)
2019-10-23 10:31:31,555 [pool-47-thread-1] INFO  server.RaftServerConfigKeys (ConfUtils.java:logGet(43)) - raft.server.log.write.buffer.size = 33554432 (custom)
2019-10-23 10:31:31,554 [pool-37-thread-1] INFO  server.RaftServerConfigKeys (ConfUtils.java:logGet(43)) - raft.server.log.segment.cache.num.max = 2 (custom)
2019-10-23 10:31:31,555 [pool-47-thread-1] INFO  server.RaftServerConfigKeys (ConfUtils.java:logGet(43)) - raft.server.log.force.sync.num = 128 (default)
2019-10-23 10:31:31,555 [pool-27-thread-1] INFO  segmented.SegmentedRaftLogWorker (SegmentedRaftLogWorker.java:<init>(173)) - new d4521489-b07b-40df-b782-643d3d9f668f@group-AFC38B4E72D7-SegmentedRaftLogWorker for RaftStorage:Storage Directory /workdir/hadoop-ozone/integration-test/target/test-dir/MiniOzoneClusterImpl-9697133d-57c2-49c7-8250-61bfba9b3177/datanode-0/data/ratis/46fb8dcb-8115-4293-901e-afc38b4e72d7
2019-10-23 10:31:31,555 [pool-47-thread-1] INFO  server.RaftServerConfigKeys (ConfUtils.java:logGet(43)) - raft.server.log.statemachine.data.sync = true (default)
2019-10-23 10:31:31,555 [pool-37-thread-1] INFO  segmented.SegmentedRaftLogWorker (SegmentedRaftLogWorker.java:<init>(173)) - new 610dfa1b-26fc-4b7d-9d42-62deed922725@group-AFC38B4E72D7-SegmentedRaftLogWorker for RaftStorage:Storage Directory /workdir/hadoop-ozone/integration-test/target/test-dir/MiniOzoneClusterImpl-9697133d-57c2-49c7-8250-61bfba9b3177/datanode-1/data/ratis/46fb8dcb-8115-4293-901e-afc38b4e72d7
2019-10-23 10:31:31,556 [pool-47-thread-1] INFO  server.RaftServerConfigKeys (ConfUtils.java:logGet(43)) - raft.server.log.statemachine.data.sync.timeout = 10s (default)
2019-10-23 10:31:31,555 [pool-27-thread-1] INFO  server.RaftServerConfigKeys (ConfUtils.java:logGet(43)) - raft.server.log.queue.byte-limit = 2147483647 (custom)
2019-10-23 10:31:31,556 [pool-47-thread-1] INFO  server.RaftServerConfigKeys (ConfUtils.java:logGet(43)) - raft.server.log.statemachine.data.sync.timeout.retry = -1 (default)
2019-10-23 10:31:31,556 [pool-37-thread-1] INFO  server.RaftServerConfigKeys (ConfUtils.java:logGet(43)) - raft.server.log.queue.byte-limit = 2147483647 (custom)
2019-10-23 10:31:31,556 [pool-27-thread-1] INFO  server.RaftServerConfigKeys (ConfUtils.java:logGet(43)) - raft.server.log.queue.element-limit = 1024 (custom)
2019-10-23 10:31:31,556 [pool-47-thread-1] INFO  server.RaftServerConfigKeys (ConfUtils.java:logGet(43)) - raft.server.log.statemachine.data.caching.enabled = true (custom)
2019-10-23 10:31:31,556 [pool-37-thread-1] INFO  server.RaftServerConfigKeys (ConfUtils.java:logGet(43)) - raft.server.log.queue.element-limit = 1024 (custom)
2019-10-23 10:31:31,557 [pool-27-thread-1] INFO  server.RaftServerConfigKeys (ConfUtils.java:logGet(43)) - raft.server.log.segment.size.max = 1048576 (custom)
2019-10-23 10:31:31,557 [pool-37-thread-1] INFO  server.RaftServerConfigKeys (ConfUtils.java:logGet(43)) - raft.server.log.segment.size.max = 1048576 (custom)
2019-10-23 10:31:31,557 [pool-27-thread-1] INFO  server.RaftServerConfigKeys (ConfUtils.java:logGet(43)) - raft.server.log.preallocated.size = 16384 (custom)
2019-10-23 10:31:31,557 [pool-47-thread-1] INFO  segmented.SegmentedRaftLogWorker (SegmentedRaftLogWorker.java:lambda$new$0(128)) - 3f37303c-849c-4514-a362-ee2255bb0cd2@group-AFC38B4E72D7-SegmentedRaftLogWorker: flushIndex: setUnconditionally 0 -> -1
2019-10-23 10:31:31,557 [pool-27-thread-1] INFO  server.RaftServerConfigKeys (ConfUtils.java:logGet(43)) - raft.server.log.write.buffer.size = 33554432 (custom)
2019-10-23 10:31:31,557 [pool-37-thread-1] INFO  server.RaftServerConfigKeys (ConfUtils.java:logGet(43)) - raft.server.log.preallocated.size = 16384 (custom)
2019-10-23 10:31:31,558 [pool-27-thread-1] INFO  server.RaftServerConfigKeys (ConfUtils.java:logGet(43)) - raft.server.log.force.sync.num = 128 (default)
2019-10-23 10:31:31,558 [pool-37-thread-1] INFO  server.RaftServerConfigKeys (ConfUtils.java:logGet(43)) - raft.server.log.write.buffer.size = 33554432 (custom)
2019-10-23 10:31:31,558 [pool-47-thread-1] INFO  server.RaftServerConfigKeys (ConfUtils.java:logGet(43)) - raft.server.snapshot.auto.trigger.enabled = true (custom)
2019-10-23 10:31:31,558 [pool-37-thread-1] INFO  server.RaftServerConfigKeys (ConfUtils.java:logGet(43)) - raft.server.log.force.sync.num = 128 (default)
2019-10-23 10:31:31,558 [pool-27-thread-1] INFO  server.RaftServerConfigKeys (ConfUtils.java:logGet(43)) - raft.server.log.statemachine.data.sync = true (default)
2019-10-23 10:31:31,558 [pool-37-thread-1] INFO  server.RaftServerConfigKeys (ConfUtils.java:logGet(43)) - raft.server.log.statemachine.data.sync = true (default)
2019-10-23 10:31:31,558 [pool-47-thread-1] INFO  server.RaftServerConfigKeys (ConfUtils.java:logGet(43)) - raft.server.snapshot.auto.trigger.threshold = 10000 (custom)
2019-10-23 10:31:31,559 [pool-37-thread-1] INFO  server.RaftServerConfigKeys (ConfUtils.java:logGet(43)) - raft.server.log.statemachine.data.sync.timeout = 10s (default)
2019-10-23 10:31:31,559 [pool-27-thread-1] INFO  server.RaftServerConfigKeys (ConfUtils.java:logGet(43)) - raft.server.log.statemachine.data.sync.timeout = 10s (default)
2019-10-23 10:31:31,559 [pool-37-thread-1] INFO  server.RaftServerConfigKeys (ConfUtils.java:logGet(43)) - raft.server.log.statemachine.data.sync.timeout.retry = -1 (default)
2019-10-23 10:31:31,559 [pool-47-thread-1] INFO  server.RaftServerConfigKeys (ConfUtils.java:logGet(43)) - raft.server.snapshot.retention.file.num = 5 (custom)
2019-10-23 10:31:31,559 [pool-27-thread-1] INFO  server.RaftServerConfigKeys (ConfUtils.java:logGet(43)) - raft.server.log.statemachine.data.sync.timeout.retry = -1 (default)
2019-10-23 10:31:31,559 [pool-37-thread-1] INFO  server.RaftServerConfigKeys (ConfUtils.java:logGet(43)) - raft.server.log.statemachine.data.caching.enabled = true (custom)
2019-10-23 10:31:31,560 [pool-47-thread-1] INFO  server.RaftServerConfigKeys (ConfUtils.java:logGet(43)) - raft.server.retrycache.expirytime = 600000ms (custom)
2019-10-23 10:31:31,560 [pool-27-thread-1] INFO  server.RaftServerConfigKeys (ConfUtils.java:logGet(43)) - raft.server.log.statemachine.data.caching.enabled = true (custom)
2019-10-23 10:31:31,560 [pool-47-thread-1] WARN  impl.MetricRegistriesImpl (MetricRegistriesImpl.java:lambda$create$1(61)) - First MetricRegistry has been created without registering reporters. You may need to call MetricRegistries.global().addReportRegistration(...) before.
2019-10-23 10:31:31,560 [pool-37-thread-1] INFO  segmented.SegmentedRaftLogWorker (SegmentedRaftLogWorker.java:lambda$new$0(128)) - 610dfa1b-26fc-4b7d-9d42-62deed922725@group-AFC38B4E72D7-SegmentedRaftLogWorker: flushIndex: setUnconditionally 0 -> -1
2019-10-23 10:31:31,560 [pool-27-thread-1] INFO  segmented.SegmentedRaftLogWorker (SegmentedRaftLogWorker.java:lambda$new$0(128)) - d4521489-b07b-40df-b782-643d3d9f668f@group-AFC38B4E72D7-SegmentedRaftLogWorker: flushIndex: setUnconditionally 0 -> -1
2019-10-23 10:31:31,560 [pool-47-thread-1] WARN  impl.MetricRegistriesImpl (MetricRegistriesImpl.java:lambda$create$1(61)) - First MetricRegistry has been created without registering reporters. You may need to call MetricRegistries.global().addReportRegistration(...) before.
2019-10-23 10:31:31,561 [pool-37-thread-1] INFO  server.RaftServerConfigKeys (ConfUtils.java:logGet(43)) - raft.server.snapshot.auto.trigger.enabled = true (custom)
2019-10-23 10:31:31,561 [pool-27-thread-1] INFO  server.RaftServerConfigKeys (ConfUtils.java:logGet(43)) - raft.server.snapshot.auto.trigger.enabled = true (custom)
2019-10-23 10:31:31,561 [pool-37-thread-1] INFO  server.RaftServerConfigKeys (ConfUtils.java:logGet(43)) - raft.server.snapshot.auto.trigger.threshold = 10000 (custom)
2019-10-23 10:31:31,561 [pool-47-thread-1] INFO  impl.RaftServerImpl (RaftServerImpl.java:start(184)) - 3f37303c-849c-4514-a362-ee2255bb0cd2@group-AFC38B4E72D7: start as a follower, conf=-1: [3f37303c-849c-4514-a362-ee2255bb0cd2:192.168.34.3:41555, d4521489-b07b-40df-b782-643d3d9f668f:192.168.34.3:46158, 610dfa1b-26fc-4b7d-9d42-62deed922725:192.168.34.3:44415], old=null
2019-10-23 10:31:31,561 [pool-37-thread-1] INFO  server.RaftServerConfigKeys (ConfUtils.java:logGet(43)) - raft.server.snapshot.retention.file.num = 5 (custom)
2019-10-23 10:31:31,561 [pool-27-thread-1] INFO  server.RaftServerConfigKeys (ConfUtils.java:logGet(43)) - raft.server.snapshot.auto.trigger.threshold = 10000 (custom)
2019-10-23 10:31:31,561 [pool-37-thread-1] INFO  server.RaftServerConfigKeys (ConfUtils.java:logGet(43)) - raft.server.retrycache.expirytime = 600000ms (custom)
2019-10-23 10:31:31,561 [pool-47-thread-1] INFO  impl.RaftServerImpl (RaftServerImpl.java:setRole(173)) - 3f37303c-849c-4514-a362-ee2255bb0cd2@group-AFC38B4E72D7: changes role from      null to FOLLOWER at term 0 for startAsFollower
2019-10-23 10:31:31,562 [pool-37-thread-1] WARN  impl.MetricRegistriesImpl (MetricRegistriesImpl.java:lambda$create$1(61)) - First MetricRegistry has been created without registering reporters. You may need to call MetricRegistries.global().addReportRegistration(...) before.
2019-10-23 10:31:31,561 [pool-27-thread-1] INFO  server.RaftServerConfigKeys (ConfUtils.java:logGet(43)) - raft.server.snapshot.retention.file.num = 5 (custom)
2019-10-23 10:31:31,562 [pool-37-thread-1] WARN  impl.MetricRegistriesImpl (MetricRegistriesImpl.java:lambda$create$1(61)) - First MetricRegistry has been created without registering reporters. You may need to call MetricRegistries.global().addReportRegistration(...) before.
2019-10-23 10:31:31,562 [pool-47-thread-1] INFO  impl.RoleInfo (RoleInfo.java:updateAndGet(143)) - 3f37303c-849c-4514-a362-ee2255bb0cd2: start FollowerState
2019-10-23 10:31:31,562 [pool-37-thread-1] INFO  impl.RaftServerImpl (RaftServerImpl.java:start(184)) - 610dfa1b-26fc-4b7d-9d42-62deed922725@group-AFC38B4E72D7: start as a follower, conf=-1: [3f37303c-849c-4514-a362-ee2255bb0cd2:192.168.34.3:41555, d4521489-b07b-40df-b782-643d3d9f668f:192.168.34.3:46158, 610dfa1b-26fc-4b7d-9d42-62deed922725:192.168.34.3:44415], old=null
2019-10-23 10:31:31,562 [pool-27-thread-1] INFO  server.RaftServerConfigKeys (ConfUtils.java:logGet(43)) - raft.server.retrycache.expirytime = 600000ms (custom)
2019-10-23 10:31:31,562 [pool-37-thread-1] INFO  impl.RaftServerImpl (RaftServerImpl.java:setRole(173)) - 610dfa1b-26fc-4b7d-9d42-62deed922725@group-AFC38B4E72D7: changes role from      null to FOLLOWER at term 0 for startAsFollower
2019-10-23 10:31:31,563 [pool-27-thread-1] WARN  impl.MetricRegistriesImpl (MetricRegistriesImpl.java:lambda$create$1(61)) - First MetricRegistry has been created without registering reporters. You may need to call MetricRegistries.global().addReportRegistration(...) before.
2019-10-23 10:31:31,563 [pool-37-thread-1] INFO  impl.RoleInfo (RoleInfo.java:updateAndGet(143)) - 610dfa1b-26fc-4b7d-9d42-62deed922725: start FollowerState
2019-10-23 10:31:31,563 [pool-47-thread-1] INFO  util.JmxRegister (JmxRegister.java:tryRegister(44)) - Successfully registered JMX Bean with object name Ratis:service=RaftServer,group=group-AFC38B4E72D7,id=3f37303c-849c-4514-a362-ee2255bb0cd2
2019-10-23 10:31:31,563 [pool-27-thread-1] WARN  impl.MetricRegistriesImpl (MetricRegistriesImpl.java:lambda$create$1(61)) - First MetricRegistry has been created without registering reporters. You may need to call MetricRegistries.global().addReportRegistration(...) before.
2019-10-23 10:31:31,564 [pool-47-thread-1] WARN  impl.MetricRegistriesImpl (MetricRegistriesImpl.java:lambda$create$1(61)) - First MetricRegistry has been created without registering reporters. You may need to call MetricRegistries.global().addReportRegistration(...) before.
2019-10-23 10:31:31,564 [pool-27-thread-1] INFO  impl.RaftServerImpl (RaftServerImpl.java:start(184)) - d4521489-b07b-40df-b782-643d3d9f668f@group-AFC38B4E72D7: start as a follower, conf=-1: [3f37303c-849c-4514-a362-ee2255bb0cd2:192.168.34.3:41555, d4521489-b07b-40df-b782-643d3d9f668f:192.168.34.3:46158, 610dfa1b-26fc-4b7d-9d42-62deed922725:192.168.34.3:44415], old=null
2019-10-23 10:31:31,564 [pool-37-thread-1] INFO  util.JmxRegister (JmxRegister.java:tryRegister(44)) - Successfully registered JMX Bean with object name Ratis:service=RaftServer,group=group-AFC38B4E72D7,id=610dfa1b-26fc-4b7d-9d42-62deed922725
2019-10-23 10:31:31,564 [pool-27-thread-1] INFO  impl.RaftServerImpl (RaftServerImpl.java:setRole(173)) - d4521489-b07b-40df-b782-643d3d9f668f@group-AFC38B4E72D7: changes role from      null to FOLLOWER at term 0 for startAsFollower
2019-10-23 10:31:31,564 [pool-37-thread-1] WARN  impl.MetricRegistriesImpl (MetricRegistriesImpl.java:lambda$create$1(61)) - First MetricRegistry has been created without registering reporters. You may need to call MetricRegistries.global().addReportRegistration(...) before.
2019-10-23 10:31:31,565 [pool-27-thread-1] INFO  impl.RoleInfo (RoleInfo.java:updateAndGet(143)) - d4521489-b07b-40df-b782-643d3d9f668f: start FollowerState
2019-10-23 10:31:31,565 [pool-27-thread-1] INFO  util.JmxRegister (JmxRegister.java:tryRegister(44)) - Successfully registered JMX Bean with object name Ratis:service=RaftServer,group=group-AFC38B4E72D7,id=d4521489-b07b-40df-b782-643d3d9f668f
2019-10-23 10:31:31,566 [pool-27-thread-1] WARN  impl.MetricRegistriesImpl (MetricRegistriesImpl.java:lambda$create$1(61)) - First MetricRegistry has been created without registering reporters. You may need to call MetricRegistries.global().addReportRegistration(...) before.
2019-10-23 10:31:31,586 [RatisPipelineUtilsThread] INFO  pipeline.PipelineStateManager (PipelineStateManager.java:addPipeline(55)) - Created pipeline Pipeline[ Id: 46fb8dcb-8115-4293-901e-afc38b4e72d7, Nodes: d4521489-b07b-40df-b782-643d3d9f668f{ip: 192.168.34.3, host: pr-hdds-1868-4pzfm-3396797935, networkLocation: /default-rack, certSerialId: null}3f37303c-849c-4514-a362-ee2255bb0cd2{ip: 192.168.34.3, host: pr-hdds-1868-4pzfm-3396797935, networkLocation: /default-rack, certSerialId: null}610dfa1b-26fc-4b7d-9d42-62deed922725{ip: 192.168.34.3, host: pr-hdds-1868-4pzfm-3396797935, networkLocation: /default-rack, certSerialId: null}, Type:RATIS, Factor:THREE, State:ALLOCATED]
2019-10-23 10:31:31,589 [main] INFO  ozone.MiniOzoneClusterImpl (MiniOzoneClusterImpl.java:lambda$waitForClusterToBeReady$2(162)) - Waiting for 4 number of pipelines out of 4, to report a leader.
2019-10-23 10:31:32,590 [main] INFO  ozone.MiniOzoneClusterImpl (MiniOzoneClusterImpl.java:lambda$waitForClusterToBeReady$2(162)) - Waiting for 4 number of pipelines out of 4, to report a leader.
2019-10-23 10:31:33,550 [Thread-178] INFO  container.ReplicationManager (ReplicationManager.java:start(162)) - Starting Replication Monitor Thread.
2019-10-23 10:31:33,553 [Thread-178] INFO  pipeline.SCMPipelineManager (SCMPipelineManager.java:finalizeAndDestroyPipeline(316)) - destroying pipeline:Pipeline[ Id: 46fb8dcb-8115-4293-901e-afc38b4e72d7, Nodes: d4521489-b07b-40df-b782-643d3d9f668f{ip: 192.168.34.3, host: pr-hdds-1868-4pzfm-3396797935, networkLocation: /default-rack, certSerialId: null}3f37303c-849c-4514-a362-ee2255bb0cd2{ip: 192.168.34.3, host: pr-hdds-1868-4pzfm-3396797935, networkLocation: /default-rack, certSerialId: null}610dfa1b-26fc-4b7d-9d42-62deed922725{ip: 192.168.34.3, host: pr-hdds-1868-4pzfm-3396797935, networkLocation: /default-rack, certSerialId: null}, Type:RATIS, Factor:THREE, State:ALLOCATED]
2019-10-23 10:31:33,554 [ReplicationMonitor] INFO  container.ReplicationManager (ReplicationManager.java:run(225)) - Replication Monitor Thread took 1 milliseconds for processing 0 containers.
2019-10-23 10:31:33,554 [Thread-178] INFO  pipeline.PipelineStateManager (PipelineStateManager.java:finalizePipeline(121)) - Pipeline Pipeline[ Id: 46fb8dcb-8115-4293-901e-afc38b4e72d7, Nodes: d4521489-b07b-40df-b782-643d3d9f668f{ip: 192.168.34.3, host: pr-hdds-1868-4pzfm-3396797935, networkLocation: /default-rack, certSerialId: null}3f37303c-849c-4514-a362-ee2255bb0cd2{ip: 192.168.34.3, host: pr-hdds-1868-4pzfm-3396797935, networkLocation: /default-rack, certSerialId: null}610dfa1b-26fc-4b7d-9d42-62deed922725{ip: 192.168.34.3, host: pr-hdds-1868-4pzfm-3396797935, networkLocation: /default-rack, certSerialId: null}, Type:RATIS, Factor:THREE, State:CLOSED] moved to CLOSED state
2019-10-23 10:31:33,584 [grpc-default-executor-2] INFO  impl.RaftServerProxy (RaftServerProxy.java:remove(95)) - d4521489-b07b-40df-b782-643d3d9f668f: remove  FOLLOWER d4521489-b07b-40df-b782-643d3d9f668f@group-AFC38B4E72D7:t0, leader=null, voted=null, raftlog=d4521489-b07b-40df-b782-643d3d9f668f@group-AFC38B4E72D7-SegmentedRaftLog:OPENED:c-1,f-1,i0, conf=-1: [3f37303c-849c-4514-a362-ee2255bb0cd2:192.168.34.3:41555, d4521489-b07b-40df-b782-643d3d9f668f:192.168.34.3:46158, 610dfa1b-26fc-4b7d-9d42-62deed922725:192.168.34.3:44415], old=null RUNNING
2019-10-23 10:31:33,588 [grpc-default-executor-2] INFO  impl.RaftServerImpl (RaftServerImpl.java:lambda$shutdown$3(250)) - d4521489-b07b-40df-b782-643d3d9f668f@group-AFC38B4E72D7: shutdown
2019-10-23 10:31:33,590 [grpc-default-executor-2] INFO  util.JmxRegister (JmxRegister.java:unregister(73)) - Successfully un-registered JMX Bean with object name Ratis:service=RaftServer,group=group-AFC38B4E72D7,id=d4521489-b07b-40df-b782-643d3d9f668f
2019-10-23 10:31:33,590 [grpc-default-executor-2] INFO  impl.RoleInfo (RoleInfo.java:shutdownFollowerState(121)) - d4521489-b07b-40df-b782-643d3d9f668f: shutdown FollowerState
2019-10-23 10:31:33,590 [grpc-default-executor-2] INFO  impl.StateMachineUpdater (StateMachineUpdater.java:stopAndJoin(136)) - d4521489-b07b-40df-b782-643d3d9f668f@group-AFC38B4E72D7-StateMachineUpdater: set stopIndex = -1
2019-10-23 10:31:33,590 [Thread-193] INFO  impl.FollowerState (FollowerState.java:run(120)) - d4521489-b07b-40df-b782-643d3d9f668f@group-AFC38B4E72D7-FollowerState was interrupted: java.lang.InterruptedException: sleep interrupted
2019-10-23 10:31:33,591 [main] INFO  ozone.MiniOzoneClusterImpl (MiniOzoneClusterImpl.java:lambda$waitForClusterToBeReady$2(162)) - Waiting for 3 number of pipelines out of 4, to report a leader.
2019-10-23 10:31:33,593 [grpc-default-executor-2] INFO  impl.RaftServerImpl (ServerState.java:close(387)) - d4521489-b07b-40df-b782-643d3d9f668f@group-AFC38B4E72D7: closes. applyIndex: -1
2019-10-23 10:31:33,599 [d4521489-b07b-40df-b782-643d3d9f668f@group-AFC38B4E72D7-SegmentedRaftLogWorker] INFO  segmented.SegmentedRaftLogWorker (SegmentedRaftLogWorker.java:run(316)) - d4521489-b07b-40df-b782-643d3d9f668f@group-AFC38B4E72D7-SegmentedRaftLogWorker was interrupted, exiting. There are 0 tasks remaining in the queue.
2019-10-23 10:31:33,601 [grpc-default-executor-2] INFO  segmented.SegmentedRaftLogWorker (SegmentedRaftLogWorker.java:close(224)) - d4521489-b07b-40df-b782-643d3d9f668f@group-AFC38B4E72D7-SegmentedRaftLogWorker close()
2019-10-23 10:31:33,632 [grpc-default-executor-2] INFO  impl.RaftServerProxy (RaftServerProxy.java:remove(95)) - 3f37303c-849c-4514-a362-ee2255bb0cd2: remove  FOLLOWER 3f37303c-849c-4514-a362-ee2255bb0cd2@group-AFC38B4E72D7:t0, leader=null, voted=null, raftlog=3f37303c-849c-4514-a362-ee2255bb0cd2@group-AFC38B4E72D7-SegmentedRaftLog:OPENED:c-1,f-1,i0, conf=-1: [3f37303c-849c-4514-a362-ee2255bb0cd2:192.168.34.3:41555, d4521489-b07b-40df-b782-643d3d9f668f:192.168.34.3:46158, 610dfa1b-26fc-4b7d-9d42-62deed922725:192.168.34.3:44415], old=null RUNNING
2019-10-23 10:31:33,633 [grpc-default-executor-2] INFO  impl.RaftServerImpl (RaftServerImpl.java:lambda$shutdown$3(250)) - 3f37303c-849c-4514-a362-ee2255bb0cd2@group-AFC38B4E72D7: shutdown
2019-10-23 10:31:33,633 [grpc-default-executor-2] INFO  util.JmxRegister (JmxRegister.java:unregister(73)) - Successfully un-registered JMX Bean with object name Ratis:service=RaftServer,group=group-AFC38B4E72D7,id=3f37303c-849c-4514-a362-ee2255bb0cd2
2019-10-23 10:31:33,633 [grpc-default-executor-2] INFO  impl.RoleInfo (RoleInfo.java:shutdownFollowerState(121)) - 3f37303c-849c-4514-a362-ee2255bb0cd2: shutdown FollowerState
2019-10-23 10:31:33,633 [grpc-default-executor-2] INFO  impl.StateMachineUpdater (StateMachineUpdater.java:stopAndJoin(136)) - 3f37303c-849c-4514-a362-ee2255bb0cd2@group-AFC38B4E72D7-StateMachineUpdater: set stopIndex = -1
2019-10-23 10:31:33,633 [Thread-190] INFO  impl.FollowerState (FollowerState.java:run(120)) - 3f37303c-849c-4514-a362-ee2255bb0cd2@group-AFC38B4E72D7-FollowerState was interrupted: java.lang.InterruptedException: sleep interrupted
2019-10-23 10:31:33,637 [grpc-default-executor-2] INFO  impl.RaftServerImpl (ServerState.java:close(387)) - 3f37303c-849c-4514-a362-ee2255bb0cd2@group-AFC38B4E72D7: closes. applyIndex: -1
2019-10-23 10:31:33,639 [3f37303c-849c-4514-a362-ee2255bb0cd2@group-AFC38B4E72D7-SegmentedRaftLogWorker] INFO  segmented.SegmentedRaftLogWorker (SegmentedRaftLogWorker.java:run(316)) - 3f37303c-849c-4514-a362-ee2255bb0cd2@group-AFC38B4E72D7-SegmentedRaftLogWorker was interrupted, exiting. There are 0 tasks remaining in the queue.
2019-10-23 10:31:33,639 [grpc-default-executor-2] INFO  segmented.SegmentedRaftLogWorker (SegmentedRaftLogWorker.java:close(224)) - 3f37303c-849c-4514-a362-ee2255bb0cd2@group-AFC38B4E72D7-SegmentedRaftLogWorker close()
2019-10-23 10:31:33,662 [grpc-default-executor-2] INFO  impl.RaftServerProxy (RaftServerProxy.java:remove(95)) - 610dfa1b-26fc-4b7d-9d42-62deed922725: remove  FOLLOWER 610dfa1b-26fc-4b7d-9d42-62deed922725@group-AFC38B4E72D7:t0, leader=null, voted=null, raftlog=610dfa1b-26fc-4b7d-9d42-62deed922725@group-AFC38B4E72D7-SegmentedRaftLog:OPENED:c-1,f-1,i0, conf=-1: [3f37303c-849c-4514-a362-ee2255bb0cd2:192.168.34.3:41555, d4521489-b07b-40df-b782-643d3d9f668f:192.168.34.3:46158, 610dfa1b-26fc-4b7d-9d42-62deed922725:192.168.34.3:44415], old=null RUNNING
2019-10-23 10:31:33,662 [grpc-default-executor-2] INFO  impl.RaftServerImpl (RaftServerImpl.java:lambda$shutdown$3(250)) - 610dfa1b-26fc-4b7d-9d42-62deed922725@group-AFC38B4E72D7: shutdown
2019-10-23 10:31:33,663 [grpc-default-executor-2] INFO  util.JmxRegister (JmxRegister.java:unregister(73)) - Successfully un-registered JMX Bean with object name Ratis:service=RaftServer,group=group-AFC38B4E72D7,id=610dfa1b-26fc-4b7d-9d42-62deed922725
2019-10-23 10:31:33,663 [grpc-default-executor-2] INFO  impl.RoleInfo (RoleInfo.java:shutdownFollowerState(121)) - 610dfa1b-26fc-4b7d-9d42-62deed922725: shutdown FollowerState
2019-10-23 10:31:33,663 [grpc-default-executor-2] INFO  impl.StateMachineUpdater (StateMachineUpdater.java:stopAndJoin(136)) - 610dfa1b-26fc-4b7d-9d42-62deed922725@group-AFC38B4E72D7-StateMachineUpdater: set stopIndex = -1
2019-10-23 10:31:33,663 [Thread-192] INFO  impl.FollowerState (FollowerState.java:run(120)) - 610dfa1b-26fc-4b7d-9d42-62deed922725@group-AFC38B4E72D7-FollowerState was interrupted: java.lang.InterruptedException: sleep interrupted
2019-10-23 10:31:33,665 [grpc-default-executor-2] INFO  impl.RaftServerImpl (ServerState.java:close(387)) - 610dfa1b-26fc-4b7d-9d42-62deed922725@group-AFC38B4E72D7: closes. applyIndex: -1
2019-10-23 10:31:33,666 [610dfa1b-26fc-4b7d-9d42-62deed922725@group-AFC38B4E72D7-SegmentedRaftLogWorker] INFO  segmented.SegmentedRaftLogWorker (SegmentedRaftLogWorker.java:run(316)) - 610dfa1b-26fc-4b7d-9d42-62deed922725@group-AFC38B4E72D7-SegmentedRaftLogWorker was interrupted, exiting. There are 0 tasks remaining in the queue.
2019-10-23 10:31:33,667 [grpc-default-executor-2] INFO  segmented.SegmentedRaftLogWorker (SegmentedRaftLogWorker.java:close(224)) - 610dfa1b-26fc-4b7d-9d42-62deed922725@group-AFC38B4E72D7-SegmentedRaftLogWorker close()
2019-10-23 10:31:33,678 [Thread-178] INFO  pipeline.PipelineStateManager (PipelineStateManager.java:removePipeline(106)) - Pipeline Pipeline[ Id: 46fb8dcb-8115-4293-901e-afc38b4e72d7, Nodes: d4521489-b07b-40df-b782-643d3d9f668f{ip: 192.168.34.3, host: pr-hdds-1868-4pzfm-3396797935, networkLocation: /default-rack, certSerialId: null}3f37303c-849c-4514-a362-ee2255bb0cd2{ip: 192.168.34.3, host: pr-hdds-1868-4pzfm-3396797935, networkLocation: /default-rack, certSerialId: null}610dfa1b-26fc-4b7d-9d42-62deed922725{ip: 192.168.34.3, host: pr-hdds-1868-4pzfm-3396797935, networkLocation: /default-rack, certSerialId: null}, Type:RATIS, Factor:THREE, State:CLOSED] removed from db
2019-10-23 10:31:33,679 [Thread-178] INFO  pipeline.SCMPipelineManager (SCMPipelineManager.java:finalizeAndDestroyPipeline(316)) - destroying pipeline:Pipeline[ Id: 83cf6916-ff75-481b-8b17-6dd1af6eba3a, Nodes: 610dfa1b-26fc-4b7d-9d42-62deed922725{ip: 192.168.34.3, host: pr-hdds-1868-4pzfm-3396797935, networkLocation: /default-rack, certSerialId: null}, Type:RATIS, Factor:ONE, State:ALLOCATED]
2019-10-23 10:31:33,696 [grpc-default-executor-0] INFO  impl.RaftServerProxy (RaftServerProxy.java:addNew(89)) - d4521489-b07b-40df-b782-643d3d9f668f: addNew group-5F07613C7B2F:[3f37303c-849c-4514-a362-ee2255bb0cd2:192.168.34.3:41555, d4521489-b07b-40df-b782-643d3d9f668f:192.168.34.3:46158, 610dfa1b-26fc-4b7d-9d42-62deed922725:192.168.34.3:44415] returns group-5F07613C7B2F:java.util.concurrent.CompletableFuture@4758f528[Not completed]
2019-10-23 10:31:33,698 [grpc-default-executor-1] INFO  impl.RaftServerProxy (RaftServerProxy.java:addNew(89)) - 3f37303c-849c-4514-a362-ee2255bb0cd2: addNew group-5F07613C7B2F:[3f37303c-849c-4514-a362-ee2255bb0cd2:192.168.34.3:41555, d4521489-b07b-40df-b782-643d3d9f668f:192.168.34.3:46158, 610dfa1b-26fc-4b7d-9d42-62deed922725:192.168.34.3:44415] returns group-5F07613C7B2F:java.util.concurrent.CompletableFuture@3434e400[Not completed]
2019-10-23 10:31:33,700 [grpc-default-executor-1] INFO  impl.RaftServerProxy (RaftServerProxy.java:addNew(89)) - 610dfa1b-26fc-4b7d-9d42-62deed922725: addNew group-5F07613C7B2F:[3f37303c-849c-4514-a362-ee2255bb0cd2:192.168.34.3:41555, d4521489-b07b-40df-b782-643d3d9f668f:192.168.34.3:46158, 610dfa1b-26fc-4b7d-9d42-62deed922725:192.168.34.3:44415] returns group-5F07613C7B2F:java.util.concurrent.CompletableFuture@6d03bce3[Not completed]
2019-10-23 10:31:33,701 [pool-27-thread-1] INFO  impl.RaftServerImpl (RaftServerImpl.java:<init>(98)) - d4521489-b07b-40df-b782-643d3d9f668f: new RaftServerImpl for group-5F07613C7B2F:[3f37303c-849c-4514-a362-ee2255bb0cd2:192.168.34.3:41555, d4521489-b07b-40df-b782-643d3d9f668f:192.168.34.3:46158, 610dfa1b-26fc-4b7d-9d42-62deed922725:192.168.34.3:44415] with ContainerStateMachine:uninitialized
2019-10-23 10:31:33,701 [pool-27-thread-1] INFO  server.RaftServerConfigKeys (ConfUtils.java:logGet(43)) - raft.server.rpc.timeout.min = 5s (custom)
2019-10-23 10:31:33,701 [pool-27-thread-1] INFO  server.RaftServerConfigKeys (ConfUtils.java:logGet(43)) - raft.server.rpc.timeout.max = 5200ms (custom)
2019-10-23 10:31:33,701 [pool-27-thread-1] INFO  server.RaftServerConfigKeys (ConfUtils.java:logGet(43)) - raft.server.rpcslowness.timeout = 120s (custom)
2019-10-23 10:31:33,701 [pool-27-thread-1] INFO  server.RaftServerConfigKeys (ConfUtils.java:logGet(43)) - raft.server.sleep.deviation.threshold = 300 (default)
2019-10-23 10:31:33,701 [pool-27-thread-1] INFO  server.RaftServerConfigKeys (ConfUtils.java:logGet(43)) - raft.server.log.appender.install.snapshot.enabled = false (custom)
2019-10-23 10:31:33,702 [pool-27-thread-1] INFO  impl.RaftServerImpl (ServerState.java:<init>(103)) - d4521489-b07b-40df-b782-643d3d9f668f@group-5F07613C7B2F: ConfigurationManager, init=-1: [3f37303c-849c-4514-a362-ee2255bb0cd2:192.168.34.3:41555, d4521489-b07b-40df-b782-643d3d9f668f:192.168.34.3:46158, 610dfa1b-26fc-4b7d-9d42-62deed922725:192.168.34.3:44415], old=null, confs=<EMPTY_MAP>
2019-10-23 10:31:33,702 [pool-37-thread-1] INFO  impl.RaftServerImpl (RaftServerImpl.java:<init>(98)) - 610dfa1b-26fc-4b7d-9d42-62deed922725: new RaftServerImpl for group-5F07613C7B2F:[3f37303c-849c-4514-a362-ee2255bb0cd2:192.168.34.3:41555, d4521489-b07b-40df-b782-643d3d9f668f:192.168.34.3:46158, 610dfa1b-26fc-4b7d-9d42-62deed922725:192.168.34.3:44415] with ContainerStateMachine:uninitialized
2019-10-23 10:31:33,702 [pool-27-thread-1] INFO  server.RaftServerConfigKeys (ConfUtils.java:logGet(43)) - raft.server.storage.dir = [/workdir/hadoop-ozone/integration-test/target/test-dir/MiniOzoneClusterImpl-9697133d-57c2-49c7-8250-61bfba9b3177/datanode-0/data/ratis] (custom)
2019-10-23 10:31:33,702 [pool-37-thread-1] INFO  server.RaftServerConfigKeys (ConfUtils.java:logGet(43)) - raft.server.rpc.timeout.min = 5s (custom)
2019-10-23 10:31:33,702 [pool-37-thread-1] INFO  server.RaftServerConfigKeys (ConfUtils.java:logGet(43)) - raft.server.rpc.timeout.max = 5200ms (custom)
2019-10-23 10:31:33,702 [pool-27-thread-1] INFO  server.RaftServerConfigKeys (ConfUtils.java:logGet(43)) - raft.server.log.corruption.policy = EXCEPTION (default)
2019-10-23 10:31:33,702 [pool-37-thread-1] INFO  server.RaftServerConfigKeys (ConfUtils.java:logGet(43)) - raft.server.rpcslowness.timeout = 120s (custom)
2019-10-23 10:31:33,703 [pool-27-thread-1] INFO  storage.RaftStorageDirectory (RaftStorageDirectory.java:analyzeStorage(246)) - The storage directory /workdir/hadoop-ozone/integration-test/target/test-dir/MiniOzoneClusterImpl-9697133d-57c2-49c7-8250-61bfba9b3177/datanode-0/data/ratis/d196e6b9-3662-431a-aa62-5f07613c7b2f does not exist. Creating ...
2019-10-23 10:31:33,703 [pool-37-thread-1] INFO  server.RaftServerConfigKeys (ConfUtils.java:logGet(43)) - raft.server.sleep.deviation.threshold = 300 (default)
2019-10-23 10:31:33,703 [pool-47-thread-1] INFO  impl.RaftServerImpl (RaftServerImpl.java:<init>(98)) - 3f37303c-849c-4514-a362-ee2255bb0cd2: new RaftServerImpl for group-5F07613C7B2F:[3f37303c-849c-4514-a362-ee2255bb0cd2:192.168.34.3:41555, d4521489-b07b-40df-b782-643d3d9f668f:192.168.34.3:46158, 610dfa1b-26fc-4b7d-9d42-62deed922725:192.168.34.3:44415] with ContainerStateMachine:uninitialized
2019-10-23 10:31:33,703 [pool-37-thread-1] INFO  server.RaftServerConfigKeys (ConfUtils.java:logGet(43)) - raft.server.log.appender.install.snapshot.enabled = false (custom)
2019-10-23 10:31:33,703 [pool-47-thread-1] INFO  server.RaftServerConfigKeys (ConfUtils.java:logGet(43)) - raft.server.rpc.timeout.min = 5s (custom)
2019-10-23 10:31:33,703 [pool-37-thread-1] INFO  impl.RaftServerImpl (ServerState.java:<init>(103)) - 610dfa1b-26fc-4b7d-9d42-62deed922725@group-5F07613C7B2F: ConfigurationManager, init=-1: [3f37303c-849c-4514-a362-ee2255bb0cd2:192.168.34.3:41555, d4521489-b07b-40df-b782-643d3d9f668f:192.168.34.3:46158, 610dfa1b-26fc-4b7d-9d42-62deed922725:192.168.34.3:44415], old=null, confs=<EMPTY_MAP>
2019-10-23 10:31:33,704 [pool-47-thread-1] INFO  server.RaftServerConfigKeys (ConfUtils.java:logGet(43)) - raft.server.rpc.timeout.max = 5200ms (custom)
2019-10-23 10:31:33,704 [pool-37-thread-1] INFO  server.RaftServerConfigKeys (ConfUtils.java:logGet(43)) - raft.server.storage.dir = [/workdir/hadoop-ozone/integration-test/target/test-dir/MiniOzoneClusterImpl-9697133d-57c2-49c7-8250-61bfba9b3177/datanode-1/data/ratis] (custom)
2019-10-23 10:31:33,704 [pool-47-thread-1] INFO  server.RaftServerConfigKeys (ConfUtils.java:logGet(43)) - raft.server.rpcslowness.timeout = 120s (custom)
2019-10-23 10:31:33,704 [pool-47-thread-1] INFO  server.RaftServerConfigKeys (ConfUtils.java:logGet(43)) - raft.server.sleep.deviation.threshold = 300 (default)
2019-10-23 10:31:33,704 [pool-37-thread-1] INFO  server.RaftServerConfigKeys (ConfUtils.java:logGet(43)) - raft.server.log.corruption.policy = EXCEPTION (default)
2019-10-23 10:31:33,704 [pool-47-thread-1] INFO  server.RaftServerConfigKeys (ConfUtils.java:logGet(43)) - raft.server.log.appender.install.snapshot.enabled = false (custom)
2019-10-23 10:31:33,704 [pool-37-thread-1] INFO  storage.RaftStorageDirectory (RaftStorageDirectory.java:analyzeStorage(246)) - The storage directory /workdir/hadoop-ozone/integration-test/target/test-dir/MiniOzoneClusterImpl-9697133d-57c2-49c7-8250-61bfba9b3177/datanode-1/data/ratis/d196e6b9-3662-431a-aa62-5f07613c7b2f does not exist. Creating ...
2019-10-23 10:31:33,705 [pool-47-thread-1] INFO  impl.RaftServerImpl (ServerState.java:<init>(103)) - 3f37303c-849c-4514-a362-ee2255bb0cd2@group-5F07613C7B2F: ConfigurationManager, init=-1: [3f37303c-849c-4514-a362-ee2255bb0cd2:192.168.34.3:41555, d4521489-b07b-40df-b782-643d3d9f668f:192.168.34.3:46158, 610dfa1b-26fc-4b7d-9d42-62deed922725:192.168.34.3:44415], old=null, confs=<EMPTY_MAP>
2019-10-23 10:31:33,705 [pool-47-thread-1] INFO  server.RaftServerConfigKeys (ConfUtils.java:logGet(43)) - raft.server.storage.dir = [/workdir/hadoop-ozone/integration-test/target/test-dir/MiniOzoneClusterImpl-9697133d-57c2-49c7-8250-61bfba9b3177/datanode-2/data/ratis] (custom)
2019-10-23 10:31:33,705 [pool-47-thread-1] INFO  server.RaftServerConfigKeys (ConfUtils.java:logGet(43)) - raft.server.log.corruption.policy = EXCEPTION (default)
2019-10-23 10:31:33,706 [pool-47-thread-1] INFO  storage.RaftStorageDirectory (RaftStorageDirectory.java:analyzeStorage(246)) - The storage directory /workdir/hadoop-ozone/integration-test/target/test-dir/MiniOzoneClusterImpl-9697133d-57c2-49c7-8250-61bfba9b3177/datanode-2/data/ratis/d196e6b9-3662-431a-aa62-5f07613c7b2f does not exist. Creating ...
2019-10-23 10:31:33,717 [pool-47-thread-1] INFO  storage.RaftStorageDirectory (RaftStorageDirectory.java:tryLock(328)) - Lock on /workdir/hadoop-ozone/integration-test/target/test-dir/MiniOzoneClusterImpl-9697133d-57c2-49c7-8250-61bfba9b3177/datanode-2/data/ratis/d196e6b9-3662-431a-aa62-5f07613c7b2f/in_use.lock acquired by nodename 26486@pr-hdds-1868-4pzfm-3396797935
2019-10-23 10:31:33,717 [pool-27-thread-1] INFO  storage.RaftStorageDirectory (RaftStorageDirectory.java:tryLock(328)) - Lock on /workdir/hadoop-ozone/integration-test/target/test-dir/MiniOzoneClusterImpl-9697133d-57c2-49c7-8250-61bfba9b3177/datanode-0/data/ratis/d196e6b9-3662-431a-aa62-5f07613c7b2f/in_use.lock acquired by nodename 26486@pr-hdds-1868-4pzfm-3396797935
2019-10-23 10:31:33,717 [pool-37-thread-1] INFO  storage.RaftStorageDirectory (RaftStorageDirectory.java:tryLock(328)) - Lock on /workdir/hadoop-ozone/integration-test/target/test-dir/MiniOzoneClusterImpl-9697133d-57c2-49c7-8250-61bfba9b3177/datanode-1/data/ratis/d196e6b9-3662-431a-aa62-5f07613c7b2f/in_use.lock acquired by nodename 26486@pr-hdds-1868-4pzfm-3396797935
2019-10-23 10:31:33,731 [pool-27-thread-1] INFO  storage.RaftStorage (RaftStorage.java:format(84)) - Storage directory /workdir/hadoop-ozone/integration-test/target/test-dir/MiniOzoneClusterImpl-9697133d-57c2-49c7-8250-61bfba9b3177/datanode-0/data/ratis/d196e6b9-3662-431a-aa62-5f07613c7b2f has been successfully formatted.
2019-10-23 10:31:33,731 [pool-37-thread-1] INFO  storage.RaftStorage (RaftStorage.java:format(84)) - Storage directory /workdir/hadoop-ozone/integration-test/target/test-dir/MiniOzoneClusterImpl-9697133d-57c2-49c7-8250-61bfba9b3177/datanode-1/data/ratis/d196e6b9-3662-431a-aa62-5f07613c7b2f has been successfully formatted.
2019-10-23 10:31:33,731 [pool-47-thread-1] INFO  storage.RaftStorage (RaftStorage.java:format(84)) - Storage directory /workdir/hadoop-ozone/integration-test/target/test-dir/MiniOzoneClusterImpl-9697133d-57c2-49c7-8250-61bfba9b3177/datanode-2/data/ratis/d196e6b9-3662-431a-aa62-5f07613c7b2f has been successfully formatted.
2019-10-23 10:31:33,731 [pool-27-thread-1] INFO  ratis.ContainerStateMachine (ContainerStateMachine.java:loadSnapshot(233)) - group-5F07613C7B2F: The snapshot info is null. Setting the last applied indexto:(t:0, i:~)
2019-10-23 10:31:33,731 [pool-37-thread-1] INFO  ratis.ContainerStateMachine (ContainerStateMachine.java:loadSnapshot(233)) - group-5F07613C7B2F: The snapshot info is null. Setting the last applied indexto:(t:0, i:~)
2019-10-23 10:31:33,732 [pool-47-thread-1] INFO  ratis.ContainerStateMachine (ContainerStateMachine.java:loadSnapshot(233)) - group-5F07613C7B2F: The snapshot info is null. Setting the last applied indexto:(t:0, i:~)
2019-10-23 10:31:33,731 [pool-27-thread-1] INFO  server.RaftServerConfigKeys (ConfUtils.java:logGet(43)) - raft.server.notification.no-leader.timeout = 120s (custom)
2019-10-23 10:31:33,732 [pool-47-thread-1] INFO  server.RaftServerConfigKeys (ConfUtils.java:logGet(43)) - raft.server.notification.no-leader.timeout = 120s (custom)
2019-10-23 10:31:33,732 [pool-37-thread-1] INFO  server.RaftServerConfigKeys (ConfUtils.java:logGet(43)) - raft.server.notification.no-leader.timeout = 120s (custom)
2019-10-23 10:31:33,732 [pool-47-thread-1] INFO  server.RaftServerConfigKeys (ConfUtils.java:logGet(43)) - raft.server.log.use.memory = false (default)
2019-10-23 10:31:33,732 [pool-27-thread-1] INFO  server.RaftServerConfigKeys (ConfUtils.java:logGet(43)) - raft.server.log.use.memory = false (default)
2019-10-23 10:31:33,733 [pool-47-thread-1] INFO  server.RaftServerConfigKeys (ConfUtils.java:logGet(43)) - raft.server.log.purge.gap = 1000000 (custom)
2019-10-23 10:31:33,732 [pool-37-thread-1] INFO  server.RaftServerConfigKeys (ConfUtils.java:logGet(43)) - raft.server.log.use.memory = false (default)
2019-10-23 10:31:33,733 [pool-47-thread-1] INFO  server.RaftServerConfigKeys (ConfUtils.java:logGet(43)) - raft.server.log.appender.buffer.byte-limit = 33554432 (custom)
2019-10-23 10:31:33,733 [pool-27-thread-1] INFO  server.RaftServerConfigKeys (ConfUtils.java:logGet(43)) - raft.server.log.purge.gap = 1000000 (custom)
2019-10-23 10:31:33,733 [pool-47-thread-1] INFO  server.RaftServerConfigKeys (ConfUtils.java:logGet(43)) - raft.server.log.segment.size.max = 1048576 (custom)
2019-10-23 10:31:33,733 [pool-37-thread-1] INFO  server.RaftServerConfigKeys (ConfUtils.java:logGet(43)) - raft.server.log.purge.gap = 1000000 (custom)
2019-10-23 10:31:33,734 [pool-47-thread-1] INFO  server.RaftServerConfigKeys (ConfUtils.java:logGet(43)) - raft.server.log.segment.cache.num.max = 2 (custom)
2019-10-23 10:31:33,733 [pool-27-thread-1] INFO  server.RaftServerConfigKeys (ConfUtils.java:logGet(43)) - raft.server.log.appender.buffer.byte-limit = 33554432 (custom)
2019-10-23 10:31:33,734 [pool-47-thread-1] INFO  segmented.SegmentedRaftLogWorker (SegmentedRaftLogWorker.java:<init>(173)) - new 3f37303c-849c-4514-a362-ee2255bb0cd2@group-5F07613C7B2F-SegmentedRaftLogWorker for RaftStorage:Storage Directory /workdir/hadoop-ozone/integration-test/target/test-dir/MiniOzoneClusterImpl-9697133d-57c2-49c7-8250-61bfba9b3177/datanode-2/data/ratis/d196e6b9-3662-431a-aa62-5f07613c7b2f
2019-10-23 10:31:33,734 [pool-37-thread-1] INFO  server.RaftServerConfigKeys (ConfUtils.java:logGet(43)) - raft.server.log.appender.buffer.byte-limit = 33554432 (custom)
2019-10-23 10:31:33,734 [pool-47-thread-1] INFO  server.RaftServerConfigKeys (ConfUtils.java:logGet(43)) - raft.server.log.queue.byte-limit = 2147483647 (custom)
2019-10-23 10:31:33,734 [pool-27-thread-1] INFO  server.RaftServerConfigKeys (ConfUtils.java:logGet(43)) - raft.server.log.segment.size.max = 1048576 (custom)
2019-10-23 10:31:33,734 [pool-47-thread-1] INFO  server.RaftServerConfigKeys (ConfUtils.java:logGet(43)) - raft.server.log.queue.element-limit = 1024 (custom)
2019-10-23 10:31:33,734 [pool-37-thread-1] INFO  server.RaftServerConfigKeys (ConfUtils.java:logGet(43)) - raft.server.log.segment.size.max = 1048576 (custom)
2019-10-23 10:31:33,735 [pool-47-thread-1] INFO  server.RaftServerConfigKeys (ConfUtils.java:logGet(43)) - raft.server.log.segment.size.max = 1048576 (custom)
2019-10-23 10:31:33,735 [pool-27-thread-1] INFO  server.RaftServerConfigKeys (ConfUtils.java:logGet(43)) - raft.server.log.segment.cache.num.max = 2 (custom)
2019-10-23 10:31:33,735 [pool-47-thread-1] INFO  server.RaftServerConfigKeys (ConfUtils.java:logGet(43)) - raft.server.log.preallocated.size = 16384 (custom)
2019-10-23 10:31:33,735 [pool-37-thread-1] INFO  server.RaftServerConfigKeys (ConfUtils.java:logGet(43)) - raft.server.log.segment.cache.num.max = 2 (custom)
2019-10-23 10:31:33,735 [pool-47-thread-1] INFO  server.RaftServerConfigKeys (ConfUtils.java:logGet(43)) - raft.server.log.write.buffer.size = 33554432 (custom)
2019-10-23 10:31:33,735 [pool-27-thread-1] INFO  segmented.SegmentedRaftLogWorker (SegmentedRaftLogWorker.java:<init>(173)) - new d4521489-b07b-40df-b782-643d3d9f668f@group-5F07613C7B2F-SegmentedRaftLogWorker for RaftStorage:Storage Directory /workdir/hadoop-ozone/integration-test/target/test-dir/MiniOzoneClusterImpl-9697133d-57c2-49c7-8250-61bfba9b3177/datanode-0/data/ratis/d196e6b9-3662-431a-aa62-5f07613c7b2f
2019-10-23 10:31:33,736 [pool-47-thread-1] INFO  server.RaftServerConfigKeys (ConfUtils.java:logGet(43)) - raft.server.log.force.sync.num = 128 (default)
2019-10-23 10:31:33,736 [pool-37-thread-1] INFO  segmented.SegmentedRaftLogWorker (SegmentedRaftLogWorker.java:<init>(173)) - new 610dfa1b-26fc-4b7d-9d42-62deed922725@group-5F07613C7B2F-SegmentedRaftLogWorker for RaftStorage:Storage Directory /workdir/hadoop-ozone/integration-test/target/test-dir/MiniOzoneClusterImpl-9697133d-57c2-49c7-8250-61bfba9b3177/datanode-1/data/ratis/d196e6b9-3662-431a-aa62-5f07613c7b2f
2019-10-23 10:31:33,736 [pool-47-thread-1] INFO  server.RaftServerConfigKeys (ConfUtils.java:logGet(43)) - raft.server.log.statemachine.data.sync = true (default)
2019-10-23 10:31:33,736 [pool-27-thread-1] INFO  server.RaftServerConfigKeys (ConfUtils.java:logGet(43)) - raft.server.log.queue.byte-limit = 2147483647 (custom)
2019-10-23 10:31:33,737 [pool-47-thread-1] INFO  server.RaftServerConfigKeys (ConfUtils.java:logGet(43)) - raft.server.log.statemachine.data.sync.timeout = 10s (default)
2019-10-23 10:31:33,736 [pool-37-thread-1] INFO  server.RaftServerConfigKeys (ConfUtils.java:logGet(43)) - raft.server.log.queue.byte-limit = 2147483647 (custom)
2019-10-23 10:31:33,737 [pool-47-thread-1] INFO  server.RaftServerConfigKeys (ConfUtils.java:logGet(43)) - raft.server.log.statemachine.data.sync.timeout.retry = -1 (default)
2019-10-23 10:31:33,737 [pool-27-thread-1] INFO  server.RaftServerConfigKeys (ConfUtils.java:logGet(43)) - raft.server.log.queue.element-limit = 1024 (custom)
2019-10-23 10:31:33,737 [pool-37-thread-1] INFO  server.RaftServerConfigKeys (ConfUtils.java:logGet(43)) - raft.server.log.queue.element-limit = 1024 (custom)
2019-10-23 10:31:33,738 [pool-47-thread-1] INFO  server.RaftServerConfigKeys (ConfUtils.java:logGet(43)) - raft.server.log.statemachine.data.caching.enabled = true (custom)
2019-10-23 10:31:33,738 [pool-27-thread-1] INFO  server.RaftServerConfigKeys (ConfUtils.java:logGet(43)) - raft.server.log.segment.size.max = 1048576 (custom)
2019-10-23 10:31:33,738 [pool-37-thread-1] INFO  server.RaftServerConfigKeys (ConfUtils.java:logGet(43)) - raft.server.log.segment.size.max = 1048576 (custom)
2019-10-23 10:31:33,738 [pool-47-thread-1] INFO  segmented.SegmentedRaftLogWorker (SegmentedRaftLogWorker.java:lambda$new$0(128)) - 3f37303c-849c-4514-a362-ee2255bb0cd2@group-5F07613C7B2F-SegmentedRaftLogWorker: flushIndex: setUnconditionally 0 -> -1
2019-10-23 10:31:33,738 [pool-27-thread-1] INFO  server.RaftServerConfigKeys (ConfUtils.java:logGet(43)) - raft.server.log.preallocated.size = 16384 (custom)
2019-10-23 10:31:33,738 [pool-37-thread-1] INFO  server.RaftServerConfigKeys (ConfUtils.java:logGet(43)) - raft.server.log.preallocated.size = 16384 (custom)
2019-10-23 10:31:33,739 [pool-47-thread-1] INFO  server.RaftServerConfigKeys (ConfUtils.java:logGet(43)) - raft.server.snapshot.auto.trigger.enabled = true (custom)
2019-10-23 10:31:33,739 [pool-27-thread-1] INFO  server.RaftServerConfigKeys (ConfUtils.java:logGet(43)) - raft.server.log.write.buffer.size = 33554432 (custom)
2019-10-23 10:31:33,739 [pool-47-thread-1] INFO  server.RaftServerConfigKeys (ConfUtils.java:logGet(43)) - raft.server.snapshot.auto.trigger.threshold = 10000 (custom)
2019-10-23 10:31:33,739 [pool-37-thread-1] INFO  server.RaftServerConfigKeys (ConfUtils.java:logGet(43)) - raft.server.log.write.buffer.size = 33554432 (custom)
2019-10-23 10:31:33,739 [pool-47-thread-1] INFO  server.RaftServerConfigKeys (ConfUtils.java:logGet(43)) - raft.server.snapshot.retention.file.num = 5 (custom)
2019-10-23 10:31:33,739 [pool-27-thread-1] INFO  server.RaftServerConfigKeys (ConfUtils.java:logGet(43)) - raft.server.log.force.sync.num = 128 (default)
2019-10-23 10:31:33,739 [pool-37-thread-1] INFO  server.RaftServerConfigKeys (ConfUtils.java:logGet(43)) - raft.server.log.force.sync.num = 128 (default)
2019-10-23 10:31:33,740 [pool-47-thread-1] INFO  server.RaftServerConfigKeys (ConfUtils.java:logGet(43)) - raft.server.retrycache.expirytime = 600000ms (custom)
2019-10-23 10:31:33,740 [pool-27-thread-1] INFO  server.RaftServerConfigKeys (ConfUtils.java:logGet(43)) - raft.server.log.statemachine.data.sync = true (default)
2019-10-23 10:31:33,740 [pool-47-thread-1] WARN  impl.MetricRegistriesImpl (MetricRegistriesImpl.java:lambda$create$1(61)) - First MetricRegistry has been created without registering reporters. You may need to call MetricRegistries.global().addReportRegistration(...) before.
2019-10-23 10:31:33,740 [pool-37-thread-1] INFO  server.RaftServerConfigKeys (ConfUtils.java:logGet(43)) - raft.server.log.statemachine.data.sync = true (default)
2019-10-23 10:31:33,740 [pool-47-thread-1] WARN  impl.MetricRegistriesImpl (MetricRegistriesImpl.java:lambda$create$1(61)) - First MetricRegistry has been created without registering reporters. You may need to call MetricRegistries.global().addReportRegistration(...) before.
2019-10-23 10:31:33,740 [pool-27-thread-1] INFO  server.RaftServerConfigKeys (ConfUtils.java:logGet(43)) - raft.server.log.statemachine.data.sync.timeout = 10s (default)
2019-10-23 10:31:33,741 [pool-37-thread-1] INFO  server.RaftServerConfigKeys (ConfUtils.java:logGet(43)) - raft.server.log.statemachine.data.sync.timeout = 10s (default)
2019-10-23 10:31:33,741 [pool-27-thread-1] INFO  server.RaftServerConfigKeys (ConfUtils.java:logGet(43)) - raft.server.log.statemachine.data.sync.timeout.retry = -1 (default)
2019-10-23 10:31:33,741 [pool-47-thread-1] INFO  impl.RaftServerImpl (RaftServerImpl.java:start(184)) - 3f37303c-849c-4514-a362-ee2255bb0cd2@group-5F07613C7B2F: start as a follower, conf=-1: [3f37303c-849c-4514-a362-ee2255bb0cd2:192.168.34.3:41555, d4521489-b07b-40df-b782-643d3d9f668f:192.168.34.3:46158, 610dfa1b-26fc-4b7d-9d42-62deed922725:192.168.34.3:44415], old=null
2019-10-23 10:31:33,741 [pool-27-thread-1] INFO  server.RaftServerConfigKeys (ConfUtils.java:logGet(43)) - raft.server.log.statemachine.data.caching.enabled = true (custom)
2019-10-23 10:31:33,741 [pool-37-thread-1] INFO  server.RaftServerConfigKeys (ConfUtils.java:logGet(43)) - raft.server.log.statemachine.data.sync.timeout.retry = -1 (default)
2019-10-23 10:31:33,742 [pool-27-thread-1] INFO  segmented.SegmentedRaftLogWorker (SegmentedRaftLogWorker.java:lambda$new$0(128)) - d4521489-b07b-40df-b782-643d3d9f668f@group-5F07613C7B2F-SegmentedRaftLogWorker: flushIndex: setUnconditionally 0 -> -1
2019-10-23 10:31:33,741 [pool-47-thread-1] INFO  impl.RaftServerImpl (RaftServerImpl.java:setRole(173)) - 3f37303c-849c-4514-a362-ee2255bb0cd2@group-5F07613C7B2F: changes role from      null to FOLLOWER at term 0 for startAsFollower
2019-10-23 10:31:33,742 [pool-37-thread-1] INFO  server.RaftServerConfigKeys (ConfUtils.java:logGet(43)) - raft.server.log.statemachine.data.caching.enabled = true (custom)
2019-10-23 10:31:33,742 [pool-47-thread-1] INFO  impl.RoleInfo (RoleInfo.java:updateAndGet(143)) - 3f37303c-849c-4514-a362-ee2255bb0cd2: start FollowerState
2019-10-23 10:31:33,742 [pool-27-thread-1] INFO  server.RaftServerConfigKeys (ConfUtils.java:logGet(43)) - raft.server.snapshot.auto.trigger.enabled = true (custom)
2019-10-23 10:31:33,742 [pool-37-thread-1] INFO  segmented.SegmentedRaftLogWorker (SegmentedRaftLogWorker.java:lambda$new$0(128)) - 610dfa1b-26fc-4b7d-9d42-62deed922725@group-5F07613C7B2F-SegmentedRaftLogWorker: flushIndex: setUnconditionally 0 -> -1
2019-10-23 10:31:33,742 [pool-27-thread-1] INFO  server.RaftServerConfigKeys (ConfUtils.java:logGet(43)) - raft.server.snapshot.auto.trigger.threshold = 10000 (custom)
2019-10-23 10:31:33,743 [pool-47-thread-1] INFO  util.JmxRegister (JmxRegister.java:tryRegister(44)) - Successfully registered JMX Bean with object name Ratis:service=RaftServer,group=group-5F07613C7B2F,id=3f37303c-849c-4514-a362-ee2255bb0cd2
2019-10-23 10:31:33,743 [pool-37-thread-1] INFO  server.RaftServerConfigKeys (ConfUtils.java:logGet(43)) - raft.server.snapshot.auto.trigger.enabled = true (custom)
2019-10-23 10:31:33,743 [pool-27-thread-1] INFO  server.RaftServerConfigKeys (ConfUtils.java:logGet(43)) - raft.server.snapshot.retention.file.num = 5 (custom)
2019-10-23 10:31:33,743 [pool-37-thread-1] INFO  server.RaftServerConfigKeys (ConfUtils.java:logGet(43)) - raft.server.snapshot.auto.trigger.threshold = 10000 (custom)
2019-10-23 10:31:33,743 [pool-27-thread-1] INFO  server.RaftServerConfigKeys (ConfUtils.java:logGet(43)) - raft.server.retrycache.expirytime = 600000ms (custom)
2019-10-23 10:31:33,743 [pool-47-thread-1] WARN  impl.MetricRegistriesImpl (MetricRegistriesImpl.java:lambda$create$1(61)) - First MetricRegistry has been created without registering reporters. You may need to call MetricRegistries.global().addReportRegistration(...) before.
2019-10-23 10:31:33,743 [pool-27-thread-1] WARN  impl.MetricRegistriesImpl (MetricRegistriesImpl.java:lambda$create$1(61)) - First MetricRegistry has been created without registering reporters. You may need to call MetricRegistries.global().addReportRegistration(...) before.
2019-10-23 10:31:33,743 [pool-37-thread-1] INFO  server.RaftServerConfigKeys (ConfUtils.java:logGet(43)) - raft.server.snapshot.retention.file.num = 5 (custom)
2019-10-23 10:31:33,744 [pool-27-thread-1] WARN  impl.MetricRegistriesImpl (MetricRegistriesImpl.java:lambda$create$1(61)) - First MetricRegistry has been created without registering reporters. You may need to call MetricRegistries.global().addReportRegistration(...) before.
2019-10-23 10:31:33,744 [pool-37-thread-1] INFO  server.RaftServerConfigKeys (ConfUtils.java:logGet(43)) - raft.server.retrycache.expirytime = 600000ms (custom)
2019-10-23 10:31:33,744 [pool-27-thread-1] INFO  impl.RaftServerImpl (RaftServerImpl.java:start(184)) - d4521489-b07b-40df-b782-643d3d9f668f@group-5F07613C7B2F: start as a follower, conf=-1: [3f37303c-849c-4514-a362-ee2255bb0cd2:192.168.34.3:41555, d4521489-b07b-40df-b782-643d3d9f668f:192.168.34.3:46158, 610dfa1b-26fc-4b7d-9d42-62deed922725:192.168.34.3:44415], old=null
2019-10-23 10:31:33,744 [pool-37-thread-1] WARN  impl.MetricRegistriesImpl (MetricRegistriesImpl.java:lambda$create$1(61)) - First MetricRegistry has been created without registering reporters. You may need to call MetricRegistries.global().addReportRegistration(...) before.
2019-10-23 10:31:33,744 [pool-27-thread-1] INFO  impl.RaftServerImpl (RaftServerImpl.java:setRole(173)) - d4521489-b07b-40df-b782-643d3d9f668f@group-5F07613C7B2F: changes role from      null to FOLLOWER at term 0 for startAsFollower
2019-10-23 10:31:33,745 [pool-37-thread-1] WARN  impl.MetricRegistriesImpl (MetricRegistriesImpl.java:lambda$create$1(61)) - First MetricRegistry has been created without registering reporters. You may need to call MetricRegistries.global().addReportRegistration(...) before.
2019-10-23 10:31:33,745 [pool-27-thread-1] INFO  impl.RoleInfo (RoleInfo.java:updateAndGet(143)) - d4521489-b07b-40df-b782-643d3d9f668f: start FollowerState
2019-10-23 10:31:33,745 [pool-37-thread-1] INFO  impl.RaftServerImpl (RaftServerImpl.java:start(184)) - 610dfa1b-26fc-4b7d-9d42-62deed922725@group-5F07613C7B2F: start as a follower, conf=-1: [3f37303c-849c-4514-a362-ee2255bb0cd2:192.168.34.3:41555, d4521489-b07b-40df-b782-643d3d9f668f:192.168.34.3:46158, 610dfa1b-26fc-4b7d-9d42-62deed922725:192.168.34.3:44415], old=null
2019-10-23 10:31:33,745 [pool-37-thread-1] INFO  impl.RaftServerImpl (RaftServerImpl.java:setRole(173)) - 610dfa1b-26fc-4b7d-9d42-62deed922725@group-5F07613C7B2F: changes role from      null to FOLLOWER at term 0 for startAsFollower
2019-10-23 10:31:33,749 [pool-27-thread-1] INFO  util.JmxRegister (JmxRegister.java:tryRegister(44)) - Successfully registered JMX Bean with object name Ratis:service=RaftServer,group=group-5F07613C7B2F,id=d4521489-b07b-40df-b782-643d3d9f668f
2019-10-23 10:31:33,749 [pool-37-thread-1] INFO  impl.RoleInfo (RoleInfo.java:updateAndGet(143)) - 610dfa1b-26fc-4b7d-9d42-62deed922725: start FollowerState
2019-10-23 10:31:33,750 [pool-27-thread-1] WARN  impl.MetricRegistriesImpl (MetricRegistriesImpl.java:lambda$create$1(61)) - First MetricRegistry has been created without registering reporters. You may need to call MetricRegistries.global().addReportRegistration(...) before.
2019-10-23 10:31:33,750 [pool-37-thread-1] INFO  util.JmxRegister (JmxRegister.java:tryRegister(44)) - Successfully registered JMX Bean with object name Ratis:service=RaftServer,group=group-5F07613C7B2F,id=610dfa1b-26fc-4b7d-9d42-62deed922725
2019-10-23 10:31:33,750 [pool-37-thread-1] WARN  impl.MetricRegistriesImpl (MetricRegistriesImpl.java:lambda$create$1(61)) - First MetricRegistry has been created without registering reporters. You may need to call MetricRegistries.global().addReportRegistration(...) before.
2019-10-23 10:31:33,764 [RatisPipelineUtilsThread] INFO  pipeline.PipelineStateManager (PipelineStateManager.java:addPipeline(55)) - Created pipeline Pipeline[ Id: d196e6b9-3662-431a-aa62-5f07613c7b2f, Nodes: d4521489-b07b-40df-b782-643d3d9f668f{ip: 192.168.34.3, host: pr-hdds-1868-4pzfm-3396797935, networkLocation: /default-rack, certSerialId: null}3f37303c-849c-4514-a362-ee2255bb0cd2{ip: 192.168.34.3, host: pr-hdds-1868-4pzfm-3396797935, networkLocation: /default-rack, certSerialId: null}610dfa1b-26fc-4b7d-9d42-62deed922725{ip: 192.168.34.3, host: pr-hdds-1868-4pzfm-3396797935, networkLocation: /default-rack, certSerialId: null}, Type:RATIS, Factor:THREE, State:ALLOCATED]
2019-10-23 10:31:33,765 [Thread-178] INFO  pipeline.PipelineStateManager (PipelineStateManager.java:finalizePipeline(121)) - Pipeline Pipeline[ Id: 83cf6916-ff75-481b-8b17-6dd1af6eba3a, Nodes: 610dfa1b-26fc-4b7d-9d42-62deed922725{ip: 192.168.34.3, host: pr-hdds-1868-4pzfm-3396797935, networkLocation: /default-rack, certSerialId: null}, Type:RATIS, Factor:ONE, State:CLOSED] moved to CLOSED state
2019-10-23 10:31:33,778 [grpc-default-executor-0] INFO  impl.RaftServerProxy (RaftServerProxy.java:remove(95)) - 610dfa1b-26fc-4b7d-9d42-62deed922725: remove  FOLLOWER 610dfa1b-26fc-4b7d-9d42-62deed922725@group-6DD1AF6EBA3A:t0, leader=null, voted=null, raftlog=610dfa1b-26fc-4b7d-9d42-62deed922725@group-6DD1AF6EBA3A-SegmentedRaftLog:OPENED:c-1,f-1,i0, conf=-1: [610dfa1b-26fc-4b7d-9d42-62deed922725:192.168.34.3:44415], old=null RUNNING
2019-10-23 10:31:33,778 [grpc-default-executor-0] INFO  impl.RaftServerImpl (RaftServerImpl.java:lambda$shutdown$3(250)) - 610dfa1b-26fc-4b7d-9d42-62deed922725@group-6DD1AF6EBA3A: shutdown
2019-10-23 10:31:33,779 [grpc-default-executor-0] INFO  util.JmxRegister (JmxRegister.java:unregister(73)) - Successfully un-registered JMX Bean with object name Ratis:service=RaftServer,group=group-6DD1AF6EBA3A,id=610dfa1b-26fc-4b7d-9d42-62deed922725
2019-10-23 10:31:33,779 [grpc-default-executor-0] INFO  impl.RoleInfo (RoleInfo.java:shutdownFollowerState(121)) - 610dfa1b-26fc-4b7d-9d42-62deed922725: shutdown FollowerState
2019-10-23 10:31:33,779 [grpc-default-executor-0] INFO  impl.StateMachineUpdater (StateMachineUpdater.java:stopAndJoin(136)) - 610dfa1b-26fc-4b7d-9d42-62deed922725@group-6DD1AF6EBA3A-StateMachineUpdater: set stopIndex = -1
2019-10-23 10:31:33,779 [Thread-186] INFO  impl.FollowerState (FollowerState.java:run(120)) - 610dfa1b-26fc-4b7d-9d42-62deed922725@group-6DD1AF6EBA3A-FollowerState was interrupted: java.lang.InterruptedException: sleep interrupted
2019-10-23 10:31:33,780 [grpc-default-executor-0] INFO  impl.RaftServerImpl (ServerState.java:close(387)) - 610dfa1b-26fc-4b7d-9d42-62deed922725@group-6DD1AF6EBA3A: closes. applyIndex: -1
2019-10-23 10:31:33,781 [610dfa1b-26fc-4b7d-9d42-62deed922725@group-6DD1AF6EBA3A-SegmentedRaftLogWorker] INFO  segmented.SegmentedRaftLogWorker (SegmentedRaftLogWorker.java:run(316)) - 610dfa1b-26fc-4b7d-9d42-62deed922725@group-6DD1AF6EBA3A-SegmentedRaftLogWorker was interrupted, exiting. There are 0 tasks remaining in the queue.
2019-10-23 10:31:33,781 [grpc-default-executor-0] INFO  segmented.SegmentedRaftLogWorker (SegmentedRaftLogWorker.java:close(224)) - 610dfa1b-26fc-4b7d-9d42-62deed922725@group-6DD1AF6EBA3A-SegmentedRaftLogWorker close()
2019-10-23 10:31:33,791 [Thread-178] INFO  pipeline.PipelineStateManager (PipelineStateManager.java:removePipeline(106)) - Pipeline Pipeline[ Id: 83cf6916-ff75-481b-8b17-6dd1af6eba3a, Nodes: 610dfa1b-26fc-4b7d-9d42-62deed922725{ip: 192.168.34.3, host: pr-hdds-1868-4pzfm-3396797935, networkLocation: /default-rack, certSerialId: null}, Type:RATIS, Factor:ONE, State:CLOSED] removed from db
2019-10-23 10:31:33,791 [Thread-178] INFO  pipeline.SCMPipelineManager (SCMPipelineManager.java:finalizeAndDestroyPipeline(316)) - destroying pipeline:Pipeline[ Id: 212bdf1a-4920-489e-bb25-cefa1ab7f2ae, Nodes: 3f37303c-849c-4514-a362-ee2255bb0cd2{ip: 192.168.34.3, host: pr-hdds-1868-4pzfm-3396797935, networkLocation: /default-rack, certSerialId: null}, Type:RATIS, Factor:ONE, State:ALLOCATED]
2019-10-23 10:31:33,801 [grpc-default-executor-0] INFO  impl.RaftServerProxy (RaftServerProxy.java:addNew(89)) - 610dfa1b-26fc-4b7d-9d42-62deed922725: addNew group-B86022BDB7A4:[610dfa1b-26fc-4b7d-9d42-62deed922725:192.168.34.3:44415] returns group-B86022BDB7A4:java.util.concurrent.CompletableFuture@256f3180[Not completed]
2019-10-23 10:31:33,803 [pool-37-thread-1] INFO  impl.RaftServerImpl (RaftServerImpl.java:<init>(98)) - 610dfa1b-26fc-4b7d-9d42-62deed922725: new RaftServerImpl for group-B86022BDB7A4:[610dfa1b-26fc-4b7d-9d42-62deed922725:192.168.34.3:44415] with ContainerStateMachine:uninitialized
2019-10-23 10:31:33,803 [pool-37-thread-1] INFO  server.RaftServerConfigKeys (ConfUtils.java:logGet(43)) - raft.server.rpc.timeout.min = 5s (custom)
2019-10-23 10:31:33,803 [pool-37-thread-1] INFO  server.RaftServerConfigKeys (ConfUtils.java:logGet(43)) - raft.server.rpc.timeout.max = 5200ms (custom)
2019-10-23 10:31:33,803 [pool-37-thread-1] INFO  server.RaftServerConfigKeys (ConfUtils.java:logGet(43)) - raft.server.rpcslowness.timeout = 120s (custom)
2019-10-23 10:31:33,803 [pool-37-thread-1] INFO  server.RaftServerConfigKeys (ConfUtils.java:logGet(43)) - raft.server.sleep.deviation.threshold = 300 (default)
2019-10-23 10:31:33,804 [pool-37-thread-1] INFO  server.RaftServerConfigKeys (ConfUtils.java:logGet(43)) - raft.server.log.appender.install.snapshot.enabled = false (custom)
2019-10-23 10:31:33,804 [pool-37-thread-1] INFO  impl.RaftServerImpl (ServerState.java:<init>(103)) - 610dfa1b-26fc-4b7d-9d42-62deed922725@group-B86022BDB7A4: ConfigurationManager, init=-1: [610dfa1b-26fc-4b7d-9d42-62deed922725:192.168.34.3:44415], old=null, confs=<EMPTY_MAP>
2019-10-23 10:31:33,804 [pool-37-thread-1] INFO  server.RaftServerConfigKeys (ConfUtils.java:logGet(43)) - raft.server.storage.dir = [/workdir/hadoop-ozone/integration-test/target/test-dir/MiniOzoneClusterImpl-9697133d-57c2-49c7-8250-61bfba9b3177/datanode-1/data/ratis] (custom)
2019-10-23 10:31:33,804 [pool-37-thread-1] INFO  server.RaftServerConfigKeys (ConfUtils.java:logGet(43)) - raft.server.log.corruption.policy = EXCEPTION (default)
2019-10-23 10:31:33,805 [pool-37-thread-1] INFO  storage.RaftStorageDirectory (RaftStorageDirectory.java:analyzeStorage(246)) - The storage directory /workdir/hadoop-ozone/integration-test/target/test-dir/MiniOzoneClusterImpl-9697133d-57c2-49c7-8250-61bfba9b3177/datanode-1/data/ratis/1d746233-bcf5-499f-864d-b86022bdb7a4 does not exist. Creating ...
2019-10-23 10:31:33,818 [pool-37-thread-1] INFO  storage.RaftStorageDirectory (RaftStorageDirectory.java:tryLock(328)) - Lock on /workdir/hadoop-ozone/integration-test/target/test-dir/MiniOzoneClusterImpl-9697133d-57c2-49c7-8250-61bfba9b3177/datanode-1/data/ratis/1d746233-bcf5-499f-864d-b86022bdb7a4/in_use.lock acquired by nodename 26486@pr-hdds-1868-4pzfm-3396797935
2019-10-23 10:31:33,831 [pool-37-thread-1] INFO  storage.RaftStorage (RaftStorage.java:format(84)) - Storage directory /workdir/hadoop-ozone/integration-test/target/test-dir/MiniOzoneClusterImpl-9697133d-57c2-49c7-8250-61bfba9b3177/datanode-1/data/ratis/1d746233-bcf5-499f-864d-b86022bdb7a4 has been successfully formatted.
2019-10-23 10:31:33,831 [pool-37-thread-1] INFO  ratis.ContainerStateMachine (ContainerStateMachine.java:loadSnapshot(233)) - group-B86022BDB7A4: The snapshot info is null. Setting the last applied indexto:(t:0, i:~)
2019-10-23 10:31:33,831 [pool-37-thread-1] INFO  server.RaftServerConfigKeys (ConfUtils.java:logGet(43)) - raft.server.notification.no-leader.timeout = 120s (custom)
2019-10-23 10:31:33,831 [pool-37-thread-1] INFO  server.RaftServerConfigKeys (ConfUtils.java:logGet(43)) - raft.server.log.use.memory = false (default)
2019-10-23 10:31:33,832 [pool-37-thread-1] INFO  server.RaftServerConfigKeys (ConfUtils.java:logGet(43)) - raft.server.log.purge.gap = 1000000 (custom)
2019-10-23 10:31:33,832 [pool-37-thread-1] INFO  server.RaftServerConfigKeys (ConfUtils.java:logGet(43)) - raft.server.log.appender.buffer.byte-limit = 33554432 (custom)
2019-10-23 10:31:33,832 [pool-37-thread-1] INFO  server.RaftServerConfigKeys (ConfUtils.java:logGet(43)) - raft.server.log.segment.size.max = 1048576 (custom)
2019-10-23 10:31:33,832 [pool-37-thread-1] INFO  server.RaftServerConfigKeys (ConfUtils.java:logGet(43)) - raft.server.log.segment.cache.num.max = 2 (custom)
2019-10-23 10:31:33,832 [pool-37-thread-1] INFO  segmented.SegmentedRaftLogWorker (SegmentedRaftLogWorker.java:<init>(173)) - new 610dfa1b-26fc-4b7d-9d42-62deed922725@group-B86022BDB7A4-SegmentedRaftLogWorker for RaftStorage:Storage Directory /workdir/hadoop-ozone/integration-test/target/test-dir/MiniOzoneClusterImpl-9697133d-57c2-49c7-8250-61bfba9b3177/datanode-1/data/ratis/1d746233-bcf5-499f-864d-b86022bdb7a4
2019-10-23 10:31:33,833 [pool-37-thread-1] INFO  server.RaftServerConfigKeys (ConfUtils.java:logGet(43)) - raft.server.log.queue.byte-limit = 2147483647 (custom)
2019-10-23 10:31:33,833 [pool-37-thread-1] INFO  server.RaftServerConfigKeys (ConfUtils.java:logGet(43)) - raft.server.log.queue.element-limit = 1024 (custom)
2019-10-23 10:31:33,833 [pool-37-thread-1] INFO  server.RaftServerConfigKeys (ConfUtils.java:logGet(43)) - raft.server.log.segment.size.max = 1048576 (custom)
2019-10-23 10:31:33,833 [pool-37-thread-1] INFO  server.RaftServerConfigKeys (ConfUtils.java:logGet(43)) - raft.server.log.preallocated.size = 16384 (custom)
2019-10-23 10:31:33,833 [pool-37-thread-1] INFO  server.RaftServerConfigKeys (ConfUtils.java:logGet(43)) - raft.server.log.write.buffer.size = 33554432 (custom)
2019-10-23 10:31:33,833 [pool-37-thread-1] INFO  server.RaftServerConfigKeys (ConfUtils.java:logGet(43)) - raft.server.log.force.sync.num = 128 (default)
2019-10-23 10:31:33,833 [pool-37-thread-1] INFO  server.RaftServerConfigKeys (ConfUtils.java:logGet(43)) - raft.server.log.statemachine.data.sync = true (default)
2019-10-23 10:31:33,834 [pool-37-thread-1] INFO  server.RaftServerConfigKeys (ConfUtils.java:logGet(43)) - raft.server.log.statemachine.data.sync.timeout = 10s (default)
2019-10-23 10:31:33,834 [pool-37-thread-1] INFO  server.RaftServerConfigKeys (ConfUtils.java:logGet(43)) - raft.server.log.statemachine.data.sync.timeout.retry = -1 (default)
2019-10-23 10:31:33,834 [pool-37-thread-1] INFO  server.RaftServerConfigKeys (ConfUtils.java:logGet(43)) - raft.server.log.statemachine.data.caching.enabled = true (custom)
2019-10-23 10:31:33,834 [pool-37-thread-1] INFO  segmented.SegmentedRaftLogWorker (SegmentedRaftLogWorker.java:lambda$new$0(128)) - 610dfa1b-26fc-4b7d-9d42-62deed922725@group-B86022BDB7A4-SegmentedRaftLogWorker: flushIndex: setUnconditionally 0 -> -1
2019-10-23 10:31:33,835 [pool-37-thread-1] INFO  server.RaftServerConfigKeys (ConfUtils.java:logGet(43)) - raft.server.snapshot.auto.trigger.enabled = true (custom)
2019-10-23 10:31:33,835 [pool-37-thread-1] INFO  server.RaftServerConfigKeys (ConfUtils.java:logGet(43)) - raft.server.snapshot.auto.trigger.threshold = 10000 (custom)
2019-10-23 10:31:33,835 [pool-37-thread-1] INFO  server.RaftServerConfigKeys (ConfUtils.java:logGet(43)) - raft.server.snapshot.retention.file.num = 5 (custom)
2019-10-23 10:31:33,835 [pool-37-thread-1] INFO  server.RaftServerConfigKeys (ConfUtils.java:logGet(43)) - raft.server.retrycache.expirytime = 600000ms (custom)
2019-10-23 10:31:33,836 [pool-37-thread-1] WARN  impl.MetricRegistriesImpl (MetricRegistriesImpl.java:lambda$create$1(61)) - First MetricRegistry has been created without registering reporters. You may need to call MetricRegistries.global().addReportRegistration(...) before.
2019-10-23 10:31:33,836 [pool-37-thread-1] WARN  impl.MetricRegistriesImpl (MetricRegistriesImpl.java:lambda$create$1(61)) - First MetricRegistry has been created without registering reporters. You may need to call MetricRegistries.global().addReportRegistration(...) before.
2019-10-23 10:31:33,836 [pool-37-thread-1] INFO  impl.RaftServerImpl (RaftServerImpl.java:start(184)) - 610dfa1b-26fc-4b7d-9d42-62deed922725@group-B86022BDB7A4: start as a follower, conf=-1: [610dfa1b-26fc-4b7d-9d42-62deed922725:192.168.34.3:44415], old=null
2019-10-23 10:31:33,836 [pool-37-thread-1] INFO  impl.RaftServerImpl (RaftServerImpl.java:setRole(173)) - 610dfa1b-26fc-4b7d-9d42-62deed922725@group-B86022BDB7A4: changes role from      null to FOLLOWER at term 0 for startAsFollower
2019-10-23 10:31:33,837 [pool-37-thread-1] INFO  impl.RoleInfo (RoleInfo.java:updateAndGet(143)) - 610dfa1b-26fc-4b7d-9d42-62deed922725: start FollowerState
2019-10-23 10:31:33,837 [pool-37-thread-1] INFO  util.JmxRegister (JmxRegister.java:tryRegister(44)) - Successfully registered JMX Bean with object name Ratis:service=RaftServer,group=group-B86022BDB7A4,id=610dfa1b-26fc-4b7d-9d42-62deed922725
2019-10-23 10:31:33,837 [pool-37-thread-1] WARN  impl.MetricRegistriesImpl (MetricRegistriesImpl.java:lambda$create$1(61)) - First MetricRegistry has been created without registering reporters. You may need to call MetricRegistries.global().addReportRegistration(...) before.
2019-10-23 10:31:33,845 [RatisPipelineUtilsThread] INFO  pipeline.PipelineStateManager (PipelineStateManager.java:addPipeline(55)) - Created pipeline Pipeline[ Id: 1d746233-bcf5-499f-864d-b86022bdb7a4, Nodes: 610dfa1b-26fc-4b7d-9d42-62deed922725{ip: 192.168.34.3, host: pr-hdds-1868-4pzfm-3396797935, networkLocation: /default-rack, certSerialId: null}, Type:RATIS, Factor:ONE, State:ALLOCATED]
2019-10-23 10:31:33,846 [Thread-178] INFO  pipeline.PipelineStateManager (PipelineStateManager.java:finalizePipeline(121)) - Pipeline Pipeline[ Id: 212bdf1a-4920-489e-bb25-cefa1ab7f2ae, Nodes: 3f37303c-849c-4514-a362-ee2255bb0cd2{ip: 192.168.34.3, host: pr-hdds-1868-4pzfm-3396797935, networkLocation: /default-rack, certSerialId: null}, Type:RATIS, Factor:ONE, State:CLOSED] moved to CLOSED state
2019-10-23 10:31:33,858 [grpc-default-executor-0] INFO  impl.RaftServerProxy (RaftServerProxy.java:remove(95)) - 3f37303c-849c-4514-a362-ee2255bb0cd2: remove  FOLLOWER 3f37303c-849c-4514-a362-ee2255bb0cd2@group-CEFA1AB7F2AE:t0, leader=null, voted=null, raftlog=3f37303c-849c-4514-a362-ee2255bb0cd2@group-CEFA1AB7F2AE-SegmentedRaftLog:OPENED:c-1,f-1,i0, conf=-1: [3f37303c-849c-4514-a362-ee2255bb0cd2:192.168.34.3:41555], old=null RUNNING
2019-10-23 10:31:33,858 [grpc-default-executor-0] INFO  impl.RaftServerImpl (RaftServerImpl.java:lambda$shutdown$3(250)) - 3f37303c-849c-4514-a362-ee2255bb0cd2@group-CEFA1AB7F2AE: shutdown
2019-10-23 10:31:33,858 [grpc-default-executor-0] INFO  util.JmxRegister (JmxRegister.java:unregister(73)) - Successfully un-registered JMX Bean with object name Ratis:service=RaftServer,group=group-CEFA1AB7F2AE,id=3f37303c-849c-4514-a362-ee2255bb0cd2
2019-10-23 10:31:33,859 [grpc-default-executor-0] INFO  impl.RoleInfo (RoleInfo.java:shutdownFollowerState(121)) - 3f37303c-849c-4514-a362-ee2255bb0cd2: shutdown FollowerState
2019-10-23 10:31:33,859 [grpc-default-executor-0] INFO  impl.StateMachineUpdater (StateMachineUpdater.java:stopAndJoin(136)) - 3f37303c-849c-4514-a362-ee2255bb0cd2@group-CEFA1AB7F2AE-StateMachineUpdater: set stopIndex = -1
2019-10-23 10:31:33,859 [Thread-183] INFO  impl.FollowerState (FollowerState.java:run(120)) - 3f37303c-849c-4514-a362-ee2255bb0cd2@group-CEFA1AB7F2AE-FollowerState was interrupted: java.lang.InterruptedException: sleep interrupted
2019-10-23 10:31:33,860 [grpc-default-executor-0] INFO  impl.RaftServerImpl (ServerState.java:close(387)) - 3f37303c-849c-4514-a362-ee2255bb0cd2@group-CEFA1AB7F2AE: closes. applyIndex: -1
2019-10-23 10:31:33,861 [3f37303c-849c-4514-a362-ee2255bb0cd2@group-CEFA1AB7F2AE-SegmentedRaftLogWorker] INFO  segmented.SegmentedRaftLogWorker (SegmentedRaftLogWorker.java:run(316)) - 3f37303c-849c-4514-a362-ee2255bb0cd2@group-CEFA1AB7F2AE-SegmentedRaftLogWorker was interrupted, exiting. There are 0 tasks remaining in the queue.
2019-10-23 10:31:33,861 [grpc-default-executor-0] INFO  segmented.SegmentedRaftLogWorker (SegmentedRaftLogWorker.java:close(224)) - 3f37303c-849c-4514-a362-ee2255bb0cd2@group-CEFA1AB7F2AE-SegmentedRaftLogWorker close()
2019-10-23 10:31:33,868 [Thread-178] INFO  pipeline.PipelineStateManager (PipelineStateManager.java:removePipeline(106)) - Pipeline Pipeline[ Id: 212bdf1a-4920-489e-bb25-cefa1ab7f2ae, Nodes: 3f37303c-849c-4514-a362-ee2255bb0cd2{ip: 192.168.34.3, host: pr-hdds-1868-4pzfm-3396797935, networkLocation: /default-rack, certSerialId: null}, Type:RATIS, Factor:ONE, State:CLOSED] removed from db
2019-10-23 10:31:33,868 [Thread-178] INFO  pipeline.SCMPipelineManager (SCMPipelineManager.java:finalizeAndDestroyPipeline(316)) - destroying pipeline:Pipeline[ Id: 7fc88cbd-90f7-4003-8dc6-483d947b6d1b, Nodes: d4521489-b07b-40df-b782-643d3d9f668f{ip: 192.168.34.3, host: pr-hdds-1868-4pzfm-3396797935, networkLocation: /default-rack, certSerialId: null}, Type:RATIS, Factor:ONE, State:ALLOCATED]
2019-10-23 10:31:33,879 [grpc-default-executor-0] INFO  impl.RaftServerProxy (RaftServerProxy.java:addNew(89)) - 3f37303c-849c-4514-a362-ee2255bb0cd2: addNew group-D038B685FA7B:[3f37303c-849c-4514-a362-ee2255bb0cd2:192.168.34.3:41555] returns group-D038B685FA7B:java.util.concurrent.CompletableFuture@79d86d36[Not completed]
2019-10-23 10:31:33,881 [pool-47-thread-1] INFO  impl.RaftServerImpl (RaftServerImpl.java:<init>(98)) - 3f37303c-849c-4514-a362-ee2255bb0cd2: new RaftServerImpl for group-D038B685FA7B:[3f37303c-849c-4514-a362-ee2255bb0cd2:192.168.34.3:41555] with ContainerStateMachine:uninitialized
2019-10-23 10:31:33,882 [pool-47-thread-1] INFO  server.RaftServerConfigKeys (ConfUtils.java:logGet(43)) - raft.server.rpc.timeout.min = 5s (custom)
2019-10-23 10:31:33,882 [pool-47-thread-1] INFO  server.RaftServerConfigKeys (ConfUtils.java:logGet(43)) - raft.server.rpc.timeout.max = 5200ms (custom)
2019-10-23 10:31:33,882 [pool-47-thread-1] INFO  server.RaftServerConfigKeys (ConfUtils.java:logGet(43)) - raft.server.rpcslowness.timeout = 120s (custom)
2019-10-23 10:31:33,882 [pool-47-thread-1] INFO  server.RaftServerConfigKeys (ConfUtils.java:logGet(43)) - raft.server.sleep.deviation.threshold = 300 (default)
2019-10-23 10:31:33,882 [pool-47-thread-1] INFO  server.RaftServerConfigKeys (ConfUtils.java:logGet(43)) - raft.server.log.appender.install.snapshot.enabled = false (custom)
2019-10-23 10:31:33,882 [pool-47-thread-1] INFO  impl.RaftServerImpl (ServerState.java:<init>(103)) - 3f37303c-849c-4514-a362-ee2255bb0cd2@group-D038B685FA7B: ConfigurationManager, init=-1: [3f37303c-849c-4514-a362-ee2255bb0cd2:192.168.34.3:41555], old=null, confs=<EMPTY_MAP>
2019-10-23 10:31:33,883 [pool-47-thread-1] INFO  server.RaftServerConfigKeys (ConfUtils.java:logGet(43)) - raft.server.storage.dir = [/workdir/hadoop-ozone/integration-test/target/test-dir/MiniOzoneClusterImpl-9697133d-57c2-49c7-8250-61bfba9b3177/datanode-2/data/ratis] (custom)
2019-10-23 10:31:33,883 [pool-47-thread-1] INFO  server.RaftServerConfigKeys (ConfUtils.java:logGet(43)) - raft.server.log.corruption.policy = EXCEPTION (default)
2019-10-23 10:31:33,883 [pool-47-thread-1] INFO  storage.RaftStorageDirectory (RaftStorageDirectory.java:analyzeStorage(246)) - The storage directory /workdir/hadoop-ozone/integration-test/target/test-dir/MiniOzoneClusterImpl-9697133d-57c2-49c7-8250-61bfba9b3177/datanode-2/data/ratis/5403e1e5-fcc8-4214-9958-d038b685fa7b does not exist. Creating ...
2019-10-23 10:31:33,896 [pool-47-thread-1] INFO  storage.RaftStorageDirectory (RaftStorageDirectory.java:tryLock(328)) - Lock on /workdir/hadoop-ozone/integration-test/target/test-dir/MiniOzoneClusterImpl-9697133d-57c2-49c7-8250-61bfba9b3177/datanode-2/data/ratis/5403e1e5-fcc8-4214-9958-d038b685fa7b/in_use.lock acquired by nodename 26486@pr-hdds-1868-4pzfm-3396797935
2019-10-23 10:31:33,909 [pool-47-thread-1] INFO  storage.RaftStorage (RaftStorage.java:format(84)) - Storage directory /workdir/hadoop-ozone/integration-test/target/test-dir/MiniOzoneClusterImpl-9697133d-57c2-49c7-8250-61bfba9b3177/datanode-2/data/ratis/5403e1e5-fcc8-4214-9958-d038b685fa7b has been successfully formatted.
2019-10-23 10:31:33,910 [pool-47-thread-1] INFO  ratis.ContainerStateMachine (ContainerStateMachine.java:loadSnapshot(233)) - group-D038B685FA7B: The snapshot info is null. Setting the last applied indexto:(t:0, i:~)
2019-10-23 10:31:33,910 [pool-47-thread-1] INFO  server.RaftServerConfigKeys (ConfUtils.java:logGet(43)) - raft.server.notification.no-leader.timeout = 120s (custom)
2019-10-23 10:31:33,910 [pool-47-thread-1] INFO  server.RaftServerConfigKeys (ConfUtils.java:logGet(43)) - raft.server.log.use.memory = false (default)
2019-10-23 10:31:33,911 [pool-47-thread-1] INFO  server.RaftServerConfigKeys (ConfUtils.java:logGet(43)) - raft.server.log.purge.gap = 1000000 (custom)
2019-10-23 10:31:33,911 [pool-47-thread-1] INFO  server.RaftServerConfigKeys (ConfUtils.java:logGet(43)) - raft.server.log.appender.buffer.byte-limit = 33554432 (custom)
2019-10-23 10:31:33,911 [pool-47-thread-1] INFO  server.RaftServerConfigKeys (ConfUtils.java:logGet(43)) - raft.server.log.segment.size.max = 1048576 (custom)
2019-10-23 10:31:33,911 [pool-47-thread-1] INFO  server.RaftServerConfigKeys (ConfUtils.java:logGet(43)) - raft.server.log.segment.cache.num.max = 2 (custom)
2019-10-23 10:31:33,911 [pool-47-thread-1] INFO  segmented.SegmentedRaftLogWorker (SegmentedRaftLogWorker.java:<init>(173)) - new 3f37303c-849c-4514-a362-ee2255bb0cd2@group-D038B685FA7B-SegmentedRaftLogWorker for RaftStorage:Storage Directory /workdir/hadoop-ozone/integration-test/target/test-dir/MiniOzoneClusterImpl-9697133d-57c2-49c7-8250-61bfba9b3177/datanode-2/data/ratis/5403e1e5-fcc8-4214-9958-d038b685fa7b
2019-10-23 10:31:33,911 [pool-47-thread-1] INFO  server.RaftServerConfigKeys (ConfUtils.java:logGet(43)) - raft.server.log.queue.byte-limit = 2147483647 (custom)
2019-10-23 10:31:33,912 [pool-47-thread-1] INFO  server.RaftServerConfigKeys (ConfUtils.java:logGet(43)) - raft.server.log.queue.element-limit = 1024 (custom)
2019-10-23 10:31:33,912 [pool-47-thread-1] INFO  server.RaftServerConfigKeys (ConfUtils.java:logGet(43)) - raft.server.log.segment.size.max = 1048576 (custom)
2019-10-23 10:31:33,912 [pool-47-thread-1] INFO  server.RaftServerConfigKeys (ConfUtils.java:logGet(43)) - raft.server.log.preallocated.size = 16384 (custom)
2019-10-23 10:31:33,912 [pool-47-thread-1] INFO  server.RaftServerConfigKeys (ConfUtils.java:logGet(43)) - raft.server.log.write.buffer.size = 33554432 (custom)
2019-10-23 10:31:33,912 [pool-47-thread-1] INFO  server.RaftServerConfigKeys (ConfUtils.java:logGet(43)) - raft.server.log.force.sync.num = 128 (default)
2019-10-23 10:31:33,912 [pool-47-thread-1] INFO  server.RaftServerConfigKeys (ConfUtils.java:logGet(43)) - raft.server.log.statemachine.data.sync = true (default)
2019-10-23 10:31:33,913 [pool-47-thread-1] INFO  server.RaftServerConfigKeys (ConfUtils.java:logGet(43)) - raft.server.log.statemachine.data.sync.timeout = 10s (default)
2019-10-23 10:31:33,913 [pool-47-thread-1] INFO  server.RaftServerConfigKeys (ConfUtils.java:logGet(43)) - raft.server.log.statemachine.data.sync.timeout.retry = -1 (default)
2019-10-23 10:31:33,913 [pool-47-thread-1] INFO  server.RaftServerConfigKeys (ConfUtils.java:logGet(43)) - raft.server.log.statemachine.data.caching.enabled = true (custom)
2019-10-23 10:31:33,914 [pool-47-thread-1] INFO  segmented.SegmentedRaftLogWorker (SegmentedRaftLogWorker.java:lambda$new$0(128)) - 3f37303c-849c-4514-a362-ee2255bb0cd2@group-D038B685FA7B-SegmentedRaftLogWorker: flushIndex: setUnconditionally 0 -> -1
2019-10-23 10:31:33,914 [pool-47-thread-1] INFO  server.RaftServerConfigKeys (ConfUtils.java:logGet(43)) - raft.server.snapshot.auto.trigger.enabled = true (custom)
2019-10-23 10:31:33,914 [pool-47-thread-1] INFO  server.RaftServerConfigKeys (ConfUtils.java:logGet(43)) - raft.server.snapshot.auto.trigger.threshold = 10000 (custom)
2019-10-23 10:31:33,915 [pool-47-thread-1] INFO  server.RaftServerConfigKeys (ConfUtils.java:logGet(43)) - raft.server.snapshot.retention.file.num = 5 (custom)
2019-10-23 10:31:33,915 [pool-47-thread-1] INFO  server.RaftServerConfigKeys (ConfUtils.java:logGet(43)) - raft.server.retrycache.expirytime = 600000ms (custom)
2019-10-23 10:31:33,915 [pool-47-thread-1] WARN  impl.MetricRegistriesImpl (MetricRegistriesImpl.java:lambda$create$1(61)) - First MetricRegistry has been created without registering reporters. You may need to call MetricRegistries.global().addReportRegistration(...) before.
2019-10-23 10:31:33,915 [pool-47-thread-1] WARN  impl.MetricRegistriesImpl (MetricRegistriesImpl.java:lambda$create$1(61)) - First MetricRegistry has been created without registering reporters. You may need to call MetricRegistries.global().addReportRegistration(...) before.
2019-10-23 10:31:33,916 [pool-47-thread-1] INFO  impl.RaftServerImpl (RaftServerImpl.java:start(184)) - 3f37303c-849c-4514-a362-ee2255bb0cd2@group-D038B685FA7B: start as a follower, conf=-1: [3f37303c-849c-4514-a362-ee2255bb0cd2:192.168.34.3:41555], old=null
2019-10-23 10:31:33,916 [pool-47-thread-1] INFO  impl.RaftServerImpl (RaftServerImpl.java:setRole(173)) - 3f37303c-849c-4514-a362-ee2255bb0cd2@group-D038B685FA7B: changes role from      null to FOLLOWER at term 0 for startAsFollower
2019-10-23 10:31:33,916 [pool-47-thread-1] INFO  impl.RoleInfo (RoleInfo.java:updateAndGet(143)) - 3f37303c-849c-4514-a362-ee2255bb0cd2: start FollowerState
2019-10-23 10:31:33,917 [pool-47-thread-1] INFO  util.JmxRegister (JmxRegister.java:tryRegister(44)) - Successfully registered JMX Bean with object name Ratis:service=RaftServer,group=group-D038B685FA7B,id=3f37303c-849c-4514-a362-ee2255bb0cd2
2019-10-23 10:31:33,917 [pool-47-thread-1] WARN  impl.MetricRegistriesImpl (MetricRegistriesImpl.java:lambda$create$1(61)) - First MetricRegistry has been created without registering reporters. You may need to call MetricRegistries.global().addReportRegistration(...) before.
2019-10-23 10:31:33,924 [RatisPipelineUtilsThread] INFO  pipeline.PipelineStateManager (PipelineStateManager.java:addPipeline(55)) - Created pipeline Pipeline[ Id: 5403e1e5-fcc8-4214-9958-d038b685fa7b, Nodes: 3f37303c-849c-4514-a362-ee2255bb0cd2{ip: 192.168.34.3, host: pr-hdds-1868-4pzfm-3396797935, networkLocation: /default-rack, certSerialId: null}, Type:RATIS, Factor:ONE, State:ALLOCATED]
2019-10-23 10:31:33,926 [Thread-178] INFO  pipeline.PipelineStateManager (PipelineStateManager.java:finalizePipeline(121)) - Pipeline Pipeline[ Id: 7fc88cbd-90f7-4003-8dc6-483d947b6d1b, Nodes: d4521489-b07b-40df-b782-643d3d9f668f{ip: 192.168.34.3, host: pr-hdds-1868-4pzfm-3396797935, networkLocation: /default-rack, certSerialId: null}, Type:RATIS, Factor:ONE, State:CLOSED] moved to CLOSED state
2019-10-23 10:31:33,942 [grpc-default-executor-0] INFO  impl.RaftServerProxy (RaftServerProxy.java:remove(95)) - d4521489-b07b-40df-b782-643d3d9f668f: remove  FOLLOWER d4521489-b07b-40df-b782-643d3d9f668f@group-483D947B6D1B:t0, leader=null, voted=null, raftlog=d4521489-b07b-40df-b782-643d3d9f668f@group-483D947B6D1B-SegmentedRaftLog:OPENED:c-1,f-1,i0, conf=-1: [d4521489-b07b-40df-b782-643d3d9f668f:192.168.34.3:46158], old=null RUNNING
2019-10-23 10:31:33,942 [grpc-default-executor-0] INFO  impl.RaftServerImpl (RaftServerImpl.java:lambda$shutdown$3(250)) - d4521489-b07b-40df-b782-643d3d9f668f@group-483D947B6D1B: shutdown
2019-10-23 10:31:33,943 [grpc-default-executor-0] INFO  util.JmxRegister (JmxRegister.java:unregister(73)) - Successfully un-registered JMX Bean with object name Ratis:service=RaftServer,group=group-483D947B6D1B,id=d4521489-b07b-40df-b782-643d3d9f668f
2019-10-23 10:31:33,943 [grpc-default-executor-0] INFO  impl.RoleInfo (RoleInfo.java:shutdownFollowerState(121)) - d4521489-b07b-40df-b782-643d3d9f668f: shutdown FollowerState
2019-10-23 10:31:33,943 [grpc-default-executor-0] INFO  impl.StateMachineUpdater (StateMachineUpdater.java:stopAndJoin(136)) - d4521489-b07b-40df-b782-643d3d9f668f@group-483D947B6D1B-StateMachineUpdater: set stopIndex = -1
2019-10-23 10:31:33,943 [Thread-180] INFO  impl.FollowerState (FollowerState.java:run(120)) - d4521489-b07b-40df-b782-643d3d9f668f@group-483D947B6D1B-FollowerState was interrupted: java.lang.InterruptedException: sleep interrupted
2019-10-23 10:31:33,944 [grpc-default-executor-0] INFO  impl.RaftServerImpl (ServerState.java:close(387)) - d4521489-b07b-40df-b782-643d3d9f668f@group-483D947B6D1B: closes. applyIndex: -1
2019-10-23 10:31:33,945 [d4521489-b07b-40df-b782-643d3d9f668f@group-483D947B6D1B-SegmentedRaftLogWorker] INFO  segmented.SegmentedRaftLogWorker (SegmentedRaftLogWorker.java:run(316)) - d4521489-b07b-40df-b782-643d3d9f668f@group-483D947B6D1B-SegmentedRaftLogWorker was interrupted, exiting. There are 0 tasks remaining in the queue.
2019-10-23 10:31:33,945 [grpc-default-executor-0] INFO  segmented.SegmentedRaftLogWorker (SegmentedRaftLogWorker.java:close(224)) - d4521489-b07b-40df-b782-643d3d9f668f@group-483D947B6D1B-SegmentedRaftLogWorker close()
2019-10-23 10:31:33,954 [Thread-178] INFO  pipeline.PipelineStateManager (PipelineStateManager.java:removePipeline(106)) - Pipeline Pipeline[ Id: 7fc88cbd-90f7-4003-8dc6-483d947b6d1b, Nodes: d4521489-b07b-40df-b782-643d3d9f668f{ip: 192.168.34.3, host: pr-hdds-1868-4pzfm-3396797935, networkLocation: /default-rack, certSerialId: null}, Type:RATIS, Factor:ONE, State:CLOSED] removed from db
2019-10-23 10:31:33,965 [grpc-default-executor-0] INFO  impl.RaftServerProxy (RaftServerProxy.java:addNew(89)) - d4521489-b07b-40df-b782-643d3d9f668f: addNew group-0428FCDC46D8:[d4521489-b07b-40df-b782-643d3d9f668f:192.168.34.3:46158] returns group-0428FCDC46D8:java.util.concurrent.CompletableFuture@2e442ebf[Not completed]
2019-10-23 10:31:33,968 [pool-27-thread-1] INFO  impl.RaftServerImpl (RaftServerImpl.java:<init>(98)) - d4521489-b07b-40df-b782-643d3d9f668f: new RaftServerImpl for group-0428FCDC46D8:[d4521489-b07b-40df-b782-643d3d9f668f:192.168.34.3:46158] with ContainerStateMachine:uninitialized
2019-10-23 10:31:33,968 [pool-27-thread-1] INFO  server.RaftServerConfigKeys (ConfUtils.java:logGet(43)) - raft.server.rpc.timeout.min = 5s (custom)
2019-10-23 10:31:33,968 [pool-27-thread-1] INFO  server.RaftServerConfigKeys (ConfUtils.java:logGet(43)) - raft.server.rpc.timeout.max = 5200ms (custom)
2019-10-23 10:31:33,969 [pool-27-thread-1] INFO  server.RaftServerConfigKeys (ConfUtils.java:logGet(43)) - raft.server.rpcslowness.timeout = 120s (custom)
2019-10-23 10:31:33,969 [pool-27-thread-1] INFO  server.RaftServerConfigKeys (ConfUtils.java:logGet(43)) - raft.server.sleep.deviation.threshold = 300 (default)
2019-10-23 10:31:33,969 [pool-27-thread-1] INFO  server.RaftServerConfigKeys (ConfUtils.java:logGet(43)) - raft.server.log.appender.install.snapshot.enabled = false (custom)
2019-10-23 10:31:33,969 [pool-27-thread-1] INFO  impl.RaftServerImpl (ServerState.java:<init>(103)) - d4521489-b07b-40df-b782-643d3d9f668f@group-0428FCDC46D8: ConfigurationManager, init=-1: [d4521489-b07b-40df-b782-643d3d9f668f:192.168.34.3:46158], old=null, confs=<EMPTY_MAP>
2019-10-23 10:31:33,969 [pool-27-thread-1] INFO  server.RaftServerConfigKeys (ConfUtils.java:logGet(43)) - raft.server.storage.dir = [/workdir/hadoop-ozone/integration-test/target/test-dir/MiniOzoneClusterImpl-9697133d-57c2-49c7-8250-61bfba9b3177/datanode-0/data/ratis] (custom)
2019-10-23 10:31:33,970 [pool-27-thread-1] INFO  server.RaftServerConfigKeys (ConfUtils.java:logGet(43)) - raft.server.log.corruption.policy = EXCEPTION (default)
2019-10-23 10:31:33,970 [pool-27-thread-1] INFO  storage.RaftStorageDirectory (RaftStorageDirectory.java:analyzeStorage(246)) - The storage directory /workdir/hadoop-ozone/integration-test/target/test-dir/MiniOzoneClusterImpl-9697133d-57c2-49c7-8250-61bfba9b3177/datanode-0/data/ratis/4c580c76-3fbe-4bb3-8fbf-0428fcdc46d8 does not exist. Creating ...
2019-10-23 10:31:33,983 [pool-27-thread-1] INFO  storage.RaftStorageDirectory (RaftStorageDirectory.java:tryLock(328)) - Lock on /workdir/hadoop-ozone/integration-test/target/test-dir/MiniOzoneClusterImpl-9697133d-57c2-49c7-8250-61bfba9b3177/datanode-0/data/ratis/4c580c76-3fbe-4bb3-8fbf-0428fcdc46d8/in_use.lock acquired by nodename 26486@pr-hdds-1868-4pzfm-3396797935
2019-10-23 10:31:34,001 [pool-27-thread-1] INFO  storage.RaftStorage (RaftStorage.java:format(84)) - Storage directory /workdir/hadoop-ozone/integration-test/target/test-dir/MiniOzoneClusterImpl-9697133d-57c2-49c7-8250-61bfba9b3177/datanode-0/data/ratis/4c580c76-3fbe-4bb3-8fbf-0428fcdc46d8 has been successfully formatted.
2019-10-23 10:31:34,002 [pool-27-thread-1] INFO  ratis.ContainerStateMachine (ContainerStateMachine.java:loadSnapshot(233)) - group-0428FCDC46D8: The snapshot info is null. Setting the last applied indexto:(t:0, i:~)
2019-10-23 10:31:34,002 [pool-27-thread-1] INFO  server.RaftServerConfigKeys (ConfUtils.java:logGet(43)) - raft.server.notification.no-leader.timeout = 120s (custom)
2019-10-23 10:31:34,002 [pool-27-thread-1] INFO  server.RaftServerConfigKeys (ConfUtils.java:logGet(43)) - raft.server.log.use.memory = false (default)
2019-10-23 10:31:34,002 [pool-27-thread-1] INFO  server.RaftServerConfigKeys (ConfUtils.java:logGet(43)) - raft.server.log.purge.gap = 1000000 (custom)
2019-10-23 10:31:34,003 [pool-27-thread-1] INFO  server.RaftServerConfigKeys (ConfUtils.java:logGet(43)) - raft.server.log.appender.buffer.byte-limit = 33554432 (custom)
2019-10-23 10:31:34,003 [pool-27-thread-1] INFO  server.RaftServerConfigKeys (ConfUtils.java:logGet(43)) - raft.server.log.segment.size.max = 1048576 (custom)
2019-10-23 10:31:34,003 [pool-27-thread-1] INFO  server.RaftServerConfigKeys (ConfUtils.java:logGet(43)) - raft.server.log.segment.cache.num.max = 2 (custom)
2019-10-23 10:31:34,003 [pool-27-thread-1] INFO  segmented.SegmentedRaftLogWorker (SegmentedRaftLogWorker.java:<init>(173)) - new d4521489-b07b-40df-b782-643d3d9f668f@group-0428FCDC46D8-SegmentedRaftLogWorker for RaftStorage:Storage Directory /workdir/hadoop-ozone/integration-test/target/test-dir/MiniOzoneClusterImpl-9697133d-57c2-49c7-8250-61bfba9b3177/datanode-0/data/ratis/4c580c76-3fbe-4bb3-8fbf-0428fcdc46d8
2019-10-23 10:31:34,003 [pool-27-thread-1] INFO  server.RaftServerConfigKeys (ConfUtils.java:logGet(43)) - raft.server.log.queue.byte-limit = 2147483647 (custom)
2019-10-23 10:31:34,003 [pool-27-thread-1] INFO  server.RaftServerConfigKeys (ConfUtils.java:logGet(43)) - raft.server.log.queue.element-limit = 1024 (custom)
2019-10-23 10:31:34,003 [pool-27-thread-1] INFO  server.RaftServerConfigKeys (ConfUtils.java:logGet(43)) - raft.server.log.segment.size.max = 1048576 (custom)
2019-10-23 10:31:34,003 [pool-27-thread-1] INFO  server.RaftServerConfigKeys (ConfUtils.java:logGet(43)) - raft.server.log.preallocated.size = 16384 (custom)
2019-10-23 10:31:34,003 [pool-27-thread-1] INFO  server.RaftServerConfigKeys (ConfUtils.java:logGet(43)) - raft.server.log.write.buffer.size = 33554432 (custom)
2019-10-23 10:31:34,004 [pool-27-thread-1] INFO  server.RaftServerConfigKeys (ConfUtils.java:logGet(43)) - raft.server.log.force.sync.num = 128 (default)
2019-10-23 10:31:34,004 [pool-27-thread-1] INFO  server.RaftServerConfigKeys (ConfUtils.java:logGet(43)) - raft.server.log.statemachine.data.sync = true (default)
2019-10-23 10:31:34,004 [pool-27-thread-1] INFO  server.RaftServerConfigKeys (ConfUtils.java:logGet(43)) - raft.server.log.statemachine.data.sync.timeout = 10s (default)
2019-10-23 10:31:34,004 [pool-27-thread-1] INFO  server.RaftServerConfigKeys (ConfUtils.java:logGet(43)) - raft.server.log.statemachine.data.sync.timeout.retry = -1 (default)
2019-10-23 10:31:34,004 [pool-27-thread-1] INFO  server.RaftServerConfigKeys (ConfUtils.java:logGet(43)) - raft.server.log.statemachine.data.caching.enabled = true (custom)
2019-10-23 10:31:34,004 [pool-27-thread-1] INFO  segmented.SegmentedRaftLogWorker (SegmentedRaftLogWorker.java:lambda$new$0(128)) - d4521489-b07b-40df-b782-643d3d9f668f@group-0428FCDC46D8-SegmentedRaftLogWorker: flushIndex: setUnconditionally 0 -> -1
2019-10-23 10:31:34,005 [pool-27-thread-1] INFO  server.RaftServerConfigKeys (ConfUtils.java:logGet(43)) - raft.server.snapshot.auto.trigger.enabled = true (custom)
2019-10-23 10:31:34,005 [pool-27-thread-1] INFO  server.RaftServerConfigKeys (ConfUtils.java:logGet(43)) - raft.server.snapshot.auto.trigger.threshold = 10000 (custom)
2019-10-23 10:31:34,005 [pool-27-thread-1] INFO  server.RaftServerConfigKeys (ConfUtils.java:logGet(43)) - raft.server.snapshot.retention.file.num = 5 (custom)
2019-10-23 10:31:34,005 [pool-27-thread-1] INFO  server.RaftServerConfigKeys (ConfUtils.java:logGet(43)) - raft.server.retrycache.expirytime = 600000ms (custom)
2019-10-23 10:31:34,005 [pool-27-thread-1] WARN  impl.MetricRegistriesImpl (MetricRegistriesImpl.java:lambda$create$1(61)) - First MetricRegistry has been created without registering reporters. You may need to call MetricRegistries.global().addReportRegistration(...) before.
2019-10-23 10:31:34,006 [pool-27-thread-1] WARN  impl.MetricRegistriesImpl (MetricRegistriesImpl.java:lambda$create$1(61)) - First MetricRegistry has been created without registering reporters. You may need to call MetricRegistries.global().addReportRegistration(...) before.
2019-10-23 10:31:34,006 [pool-27-thread-1] INFO  impl.RaftServerImpl (RaftServerImpl.java:start(184)) - d4521489-b07b-40df-b782-643d3d9f668f@group-0428FCDC46D8: start as a follower, conf=-1: [d4521489-b07b-40df-b782-643d3d9f668f:192.168.34.3:46158], old=null
2019-10-23 10:31:34,006 [pool-27-thread-1] INFO  impl.RaftServerImpl (RaftServerImpl.java:setRole(173)) - d4521489-b07b-40df-b782-643d3d9f668f@group-0428FCDC46D8: changes role from      null to FOLLOWER at term 0 for startAsFollower
2019-10-23 10:31:34,006 [pool-27-thread-1] INFO  impl.RoleInfo (RoleInfo.java:updateAndGet(143)) - d4521489-b07b-40df-b782-643d3d9f668f: start FollowerState
2019-10-23 10:31:34,007 [pool-27-thread-1] INFO  util.JmxRegister (JmxRegister.java:tryRegister(44)) - Successfully registered JMX Bean with object name Ratis:service=RaftServer,group=group-0428FCDC46D8,id=d4521489-b07b-40df-b782-643d3d9f668f
2019-10-23 10:31:34,007 [pool-27-thread-1] WARN  impl.MetricRegistriesImpl (MetricRegistriesImpl.java:lambda$create$1(61)) - First MetricRegistry has been created without registering reporters. You may need to call MetricRegistries.global().addReportRegistration(...) before.
2019-10-23 10:31:34,012 [RatisPipelineUtilsThread] INFO  pipeline.PipelineStateManager (PipelineStateManager.java:addPipeline(55)) - Created pipeline Pipeline[ Id: 4c580c76-3fbe-4bb3-8fbf-0428fcdc46d8, Nodes: d4521489-b07b-40df-b782-643d3d9f668f{ip: 192.168.34.3, host: pr-hdds-1868-4pzfm-3396797935, networkLocation: /default-rack, certSerialId: null}, Type:RATIS, Factor:ONE, State:ALLOCATED]
2019-10-23 10:31:34,593 [main] INFO  ozone.MiniOzoneClusterImpl (MiniOzoneClusterImpl.java:lambda$waitForClusterToBeReady$2(162)) - Waiting for 4 number of pipelines out of 4, to report a leader.
2019-10-23 10:31:35,594 [main] INFO  ozone.MiniOzoneClusterImpl (MiniOzoneClusterImpl.java:lambda$waitForClusterToBeReady$2(162)) - Waiting for 4 number of pipelines out of 4, to report a leader.
2019-10-23 10:31:36,594 [main] INFO  ozone.MiniOzoneClusterImpl (MiniOzoneClusterImpl.java:lambda$waitForClusterToBeReady$2(162)) - Waiting for 4 number of pipelines out of 4, to report a leader.
2019-10-23 10:31:37,595 [main] INFO  ozone.MiniOzoneClusterImpl (MiniOzoneClusterImpl.java:lambda$waitForClusterToBeReady$2(162)) - Waiting for 4 number of pipelines out of 4, to report a leader.
2019-10-23 10:31:38,596 [main] INFO  ozone.MiniOzoneClusterImpl (MiniOzoneClusterImpl.java:lambda$waitForClusterToBeReady$2(162)) - Waiting for 4 number of pipelines out of 4, to report a leader.
2019-10-23 10:31:38,748 [Thread-202] INFO  impl.FollowerState (FollowerState.java:run(111)) - 3f37303c-849c-4514-a362-ee2255bb0cd2@group-5F07613C7B2F-FollowerState: change to CANDIDATE, lastRpcTime:5005ms, electionTimeout:5005ms
2019-10-23 10:31:38,751 [Thread-202] INFO  impl.RoleInfo (RoleInfo.java:shutdownFollowerState(121)) - 3f37303c-849c-4514-a362-ee2255bb0cd2: shutdown FollowerState
2019-10-23 10:31:38,751 [Thread-202] INFO  impl.RaftServerImpl (RaftServerImpl.java:setRole(173)) - 3f37303c-849c-4514-a362-ee2255bb0cd2@group-5F07613C7B2F: changes role from  FOLLOWER to CANDIDATE at term 0 for changeToCandidate
2019-10-23 10:31:38,756 [Thread-202] INFO  impl.RoleInfo (RoleInfo.java:updateAndGet(143)) - 3f37303c-849c-4514-a362-ee2255bb0cd2: start LeaderElection
2019-10-23 10:31:38,772 [3f37303c-849c-4514-a362-ee2255bb0cd2@group-5F07613C7B2F-LeaderElection1] INFO  impl.LeaderElection (LeaderElection.java:askForVotes(178)) - 3f37303c-849c-4514-a362-ee2255bb0cd2@group-5F07613C7B2F-LeaderElection1: begin an election at term 1 for -1: [3f37303c-849c-4514-a362-ee2255bb0cd2:192.168.34.3:41555, d4521489-b07b-40df-b782-643d3d9f668f:192.168.34.3:46158, 610dfa1b-26fc-4b7d-9d42-62deed922725:192.168.34.3:44415], old=null
2019-10-23 10:31:38,800 [grpc-default-executor-2] INFO  impl.RaftServerImpl (RaftServerImpl.java:setRole(173)) - 610dfa1b-26fc-4b7d-9d42-62deed922725@group-5F07613C7B2F: changes role from  FOLLOWER to FOLLOWER at term 1 for recognizeCandidate:3f37303c-849c-4514-a362-ee2255bb0cd2
2019-10-23 10:31:38,800 [grpc-default-executor-1] INFO  impl.RaftServerImpl (RaftServerImpl.java:setRole(173)) - d4521489-b07b-40df-b782-643d3d9f668f@group-5F07613C7B2F: changes role from  FOLLOWER to FOLLOWER at term 1 for recognizeCandidate:3f37303c-849c-4514-a362-ee2255bb0cd2
2019-10-23 10:31:38,801 [grpc-default-executor-2] INFO  impl.RoleInfo (RoleInfo.java:shutdownFollowerState(121)) - 610dfa1b-26fc-4b7d-9d42-62deed922725: shutdown FollowerState
2019-10-23 10:31:38,801 [grpc-default-executor-1] INFO  impl.RoleInfo (RoleInfo.java:shutdownFollowerState(121)) - d4521489-b07b-40df-b782-643d3d9f668f: shutdown FollowerState
2019-10-23 10:31:38,801 [Thread-207] INFO  impl.FollowerState (FollowerState.java:run(120)) - 610dfa1b-26fc-4b7d-9d42-62deed922725@group-5F07613C7B2F-FollowerState was interrupted: java.lang.InterruptedException: sleep interrupted
2019-10-23 10:31:38,801 [grpc-default-executor-1] INFO  impl.RoleInfo (RoleInfo.java:updateAndGet(143)) - d4521489-b07b-40df-b782-643d3d9f668f: start FollowerState
2019-10-23 10:31:38,801 [Thread-206] INFO  impl.FollowerState (FollowerState.java:run(120)) - d4521489-b07b-40df-b782-643d3d9f668f@group-5F07613C7B2F-FollowerState was interrupted: java.lang.InterruptedException: sleep interrupted
2019-10-23 10:31:38,801 [grpc-default-executor-2] INFO  impl.RoleInfo (RoleInfo.java:updateAndGet(143)) - 610dfa1b-26fc-4b7d-9d42-62deed922725: start FollowerState
2019-10-23 10:31:38,826 [3f37303c-849c-4514-a362-ee2255bb0cd2@group-5F07613C7B2F-LeaderElection1] INFO  impl.LeaderElection (LeaderElection.java:logAndReturn(56)) - 3f37303c-849c-4514-a362-ee2255bb0cd2@group-5F07613C7B2F-LeaderElection1: Election PASSED; received 1 response(s) [3f37303c-849c-4514-a362-ee2255bb0cd2<-610dfa1b-26fc-4b7d-9d42-62deed922725#0:OK-t1] and 0 exception(s); 3f37303c-849c-4514-a362-ee2255bb0cd2@group-5F07613C7B2F:t1, leader=null, voted=3f37303c-849c-4514-a362-ee2255bb0cd2, raftlog=3f37303c-849c-4514-a362-ee2255bb0cd2@group-5F07613C7B2F-SegmentedRaftLog:OPENED:c-1,f-1,i0, conf=-1: [3f37303c-849c-4514-a362-ee2255bb0cd2:192.168.34.3:41555, d4521489-b07b-40df-b782-643d3d9f668f:192.168.34.3:46158, 610dfa1b-26fc-4b7d-9d42-62deed922725:192.168.34.3:44415], old=null
2019-10-23 10:31:38,828 [3f37303c-849c-4514-a362-ee2255bb0cd2@group-5F07613C7B2F-LeaderElection1] INFO  impl.RoleInfo (RoleInfo.java:shutdownLeaderElection(134)) - 3f37303c-849c-4514-a362-ee2255bb0cd2: shutdown LeaderElection
2019-10-23 10:31:38,829 [3f37303c-849c-4514-a362-ee2255bb0cd2@group-5F07613C7B2F-LeaderElection1] INFO  impl.RaftServerImpl (RaftServerImpl.java:setRole(173)) - 3f37303c-849c-4514-a362-ee2255bb0cd2@group-5F07613C7B2F: changes role from CANDIDATE to LEADER at term 1 for changeToLeader
2019-10-23 10:31:38,829 [3f37303c-849c-4514-a362-ee2255bb0cd2@group-5F07613C7B2F-LeaderElection1] INFO  ratis.XceiverServerRatis (XceiverServerRatis.java:handleLeaderChangedNotification(701)) - Leader change notification received for group: group-5F07613C7B2F with new leaderId: 3f37303c-849c-4514-a362-ee2255bb0cd2
2019-10-23 10:31:38,832 [3f37303c-849c-4514-a362-ee2255bb0cd2@group-5F07613C7B2F-LeaderElection1] INFO  impl.RaftServerImpl (ServerState.java:setLeader(255)) - 3f37303c-849c-4514-a362-ee2255bb0cd2@group-5F07613C7B2F: change Leader from null to 3f37303c-849c-4514-a362-ee2255bb0cd2 at term 1 for becomeLeader, leader elected after 5096ms
2019-10-23 10:31:38,837 [3f37303c-849c-4514-a362-ee2255bb0cd2@group-5F07613C7B2F-LeaderElection1] INFO  server.RaftServerConfigKeys (ConfUtils.java:logGet(43)) - raft.server.staging.catchup.gap = 1000 (default)
2019-10-23 10:31:38,838 [3f37303c-849c-4514-a362-ee2255bb0cd2@group-5F07613C7B2F-LeaderElection1] INFO  server.RaftServerConfigKeys (ConfUtils.java:logGet(43)) - raft.server.rpc.sleep.time = 25ms (default)
2019-10-23 10:31:38,842 [3f37303c-849c-4514-a362-ee2255bb0cd2@group-5F07613C7B2F-LeaderElection1] INFO  server.RaftServerConfigKeys (ConfUtils.java:logGet(43)) - raft.server.write.element-limit = 4096 (default)
2019-10-23 10:31:38,845 [3f37303c-849c-4514-a362-ee2255bb0cd2@group-5F07613C7B2F-LeaderElection1] INFO  server.RaftServerConfigKeys (ConfUtils.java:logGet(43)) - raft.server.watch.timeout = 10s (default)
2019-10-23 10:31:38,845 [3f37303c-849c-4514-a362-ee2255bb0cd2@group-5F07613C7B2F-LeaderElection1] INFO  server.RaftServerConfigKeys (ConfUtils.java:logGet(43)) - raft.server.watch.timeout.denomination = 1s (default)
2019-10-23 10:31:38,846 [3f37303c-849c-4514-a362-ee2255bb0cd2@group-5F07613C7B2F-LeaderElection1] INFO  server.RaftServerConfigKeys (ConfUtils.java:logGet(43)) - raft.server.watch.element-limit = 65536 (default)
2019-10-23 10:31:38,848 [EventQueue-PipelineReportForPipelineReportHandler] INFO  pipeline.PipelineReportHandler (PipelineReportHandler.java:processPipelineReport(104)) - Pipeline PipelineID=d196e6b9-3662-431a-aa62-5f07613c7b2f reported by 3f37303c-849c-4514-a362-ee2255bb0cd2{ip: 192.168.34.3, host: pr-hdds-1868-4pzfm-3396797935, networkLocation: /default-rack, certSerialId: null} isLeader?: true
2019-10-23 10:31:38,849 [EventQueue-PipelineReportForPipelineReportHandler] INFO  pipeline.PipelineStateManager (PipelineStateManager.java:openPipeline(134)) - Pipeline Pipeline[ Id: d196e6b9-3662-431a-aa62-5f07613c7b2f, Nodes: d4521489-b07b-40df-b782-643d3d9f668f{ip: 192.168.34.3, host: pr-hdds-1868-4pzfm-3396797935, networkLocation: /default-rack, certSerialId: null}3f37303c-849c-4514-a362-ee2255bb0cd2{ip: 192.168.34.3, host: pr-hdds-1868-4pzfm-3396797935, networkLocation: /default-rack, certSerialId: null}610dfa1b-26fc-4b7d-9d42-62deed922725{ip: 192.168.34.3, host: pr-hdds-1868-4pzfm-3396797935, networkLocation: /default-rack, certSerialId: null}, Type:RATIS, Factor:THREE, State:OPEN] moved to OPEN state
2019-10-23 10:31:38,849 [EventQueue-PipelineReportForPipelineReportHandler] INFO  pipeline.PipelineReportHandler (PipelineReportHandler.java:processPipelineReport(104)) - Pipeline PipelineID=5403e1e5-fcc8-4214-9958-d038b685fa7b reported by 3f37303c-849c-4514-a362-ee2255bb0cd2{ip: 192.168.34.3, host: pr-hdds-1868-4pzfm-3396797935, networkLocation: /default-rack, certSerialId: null} isLeader?: false
2019-10-23 10:31:38,856 [3f37303c-849c-4514-a362-ee2255bb0cd2@group-5F07613C7B2F-LeaderElection1] INFO  server.RaftServerConfigKeys (ConfUtils.java:logGet(43)) - raft.server.log.appender.snapshot.chunk.size.max = 16MB (=16777216) (default)
2019-10-23 10:31:38,857 [3f37303c-849c-4514-a362-ee2255bb0cd2@group-5F07613C7B2F-LeaderElection1] INFO  server.RaftServerConfigKeys (ConfUtils.java:logGet(43)) - raft.server.log.appender.buffer.byte-limit = 33554432 (custom)
2019-10-23 10:31:38,858 [3f37303c-849c-4514-a362-ee2255bb0cd2@group-5F07613C7B2F-LeaderElection1] INFO  server.RaftServerConfigKeys (ConfUtils.java:logGet(43)) - raft.server.log.appender.buffer.element-limit = 1 (custom)
2019-10-23 10:31:38,861 [3f37303c-849c-4514-a362-ee2255bb0cd2@group-5F07613C7B2F-LeaderElection1] INFO  grpc.GrpcConfigKeys$Server (ConfUtils.java:logGet(43)) - raft.grpc.server.leader.outstanding.appends.max = 128 (default)
2019-10-23 10:31:38,861 [3f37303c-849c-4514-a362-ee2255bb0cd2@group-5F07613C7B2F-LeaderElection1] INFO  server.RaftServerConfigKeys (ConfUtils.java:logGet(43)) - raft.server.rpc.request.timeout = 3000ms (default)
2019-10-23 10:31:38,861 [3f37303c-849c-4514-a362-ee2255bb0cd2@group-5F07613C7B2F-LeaderElection1] INFO  server.RaftServerConfigKeys (ConfUtils.java:logGet(43)) - raft.server.log.appender.install.snapshot.enabled = false (custom)
2019-10-23 10:31:38,862 [3f37303c-849c-4514-a362-ee2255bb0cd2@group-5F07613C7B2F-LeaderElection1] WARN  impl.MetricRegistriesImpl (MetricRegistriesImpl.java:lambda$create$1(61)) - First MetricRegistry has been created without registering reporters. You may need to call MetricRegistries.global().addReportRegistration(...) before.
2019-10-23 10:31:38,863 [3f37303c-849c-4514-a362-ee2255bb0cd2@group-5F07613C7B2F-LeaderElection1] INFO  server.RaftServerConfigKeys (ConfUtils.java:logGet(43)) - raft.server.log.appender.snapshot.chunk.size.max = 16MB (=16777216) (default)
2019-10-23 10:31:38,863 [3f37303c-849c-4514-a362-ee2255bb0cd2@group-5F07613C7B2F-LeaderElection1] INFO  server.RaftServerConfigKeys (ConfUtils.java:logGet(43)) - raft.server.log.appender.buffer.byte-limit = 33554432 (custom)
2019-10-23 10:31:38,864 [3f37303c-849c-4514-a362-ee2255bb0cd2@group-5F07613C7B2F-LeaderElection1] INFO  server.RaftServerConfigKeys (ConfUtils.java:logGet(43)) - raft.server.log.appender.buffer.element-limit = 1 (custom)
2019-10-23 10:31:38,864 [3f37303c-849c-4514-a362-ee2255bb0cd2@group-5F07613C7B2F-LeaderElection1] INFO  grpc.GrpcConfigKeys$Server (ConfUtils.java:logGet(43)) - raft.grpc.server.leader.outstanding.appends.max = 128 (default)
2019-10-23 10:31:38,864 [3f37303c-849c-4514-a362-ee2255bb0cd2@group-5F07613C7B2F-LeaderElection1] INFO  server.RaftServerConfigKeys (ConfUtils.java:logGet(43)) - raft.server.rpc.request.timeout = 3000ms (default)
2019-10-23 10:31:38,864 [3f37303c-849c-4514-a362-ee2255bb0cd2@group-5F07613C7B2F-LeaderElection1] INFO  server.RaftServerConfigKeys (ConfUtils.java:logGet(43)) - raft.server.log.appender.install.snapshot.enabled = false (custom)
2019-10-23 10:31:38,868 [3f37303c-849c-4514-a362-ee2255bb0cd2@group-5F07613C7B2F-LeaderElection1] INFO  impl.RoleInfo (RoleInfo.java:updateAndGet(143)) - 3f37303c-849c-4514-a362-ee2255bb0cd2: start LeaderState
2019-10-23 10:31:38,883 [3f37303c-849c-4514-a362-ee2255bb0cd2@group-5F07613C7B2F-LeaderElection1] INFO  segmented.SegmentedRaftLogWorker (SegmentedRaftLogWorker.java:startLogSegment(385)) - 3f37303c-849c-4514-a362-ee2255bb0cd2@group-5F07613C7B2F-SegmentedRaftLogWorker: Starting segment from index:0
2019-10-23 10:31:38,893 [3f37303c-849c-4514-a362-ee2255bb0cd2@group-5F07613C7B2F-LeaderElection1] INFO  impl.RaftServerImpl (ServerState.java:setRaftConf(356)) - 3f37303c-849c-4514-a362-ee2255bb0cd2@group-5F07613C7B2F: set configuration 0: [3f37303c-849c-4514-a362-ee2255bb0cd2:192.168.34.3:41555, d4521489-b07b-40df-b782-643d3d9f668f:192.168.34.3:46158, 610dfa1b-26fc-4b7d-9d42-62deed922725:192.168.34.3:44415], old=null at 0
2019-10-23 10:31:38,922 [grpc-default-executor-2] INFO  ratis.XceiverServerRatis (XceiverServerRatis.java:handleLeaderChangedNotification(701)) - Leader change notification received for group: group-5F07613C7B2F with new leaderId: 3f37303c-849c-4514-a362-ee2255bb0cd2
2019-10-23 10:31:38,922 [grpc-default-executor-1] INFO  ratis.XceiverServerRatis (XceiverServerRatis.java:handleLeaderChangedNotification(701)) - Leader change notification received for group: group-5F07613C7B2F with new leaderId: 3f37303c-849c-4514-a362-ee2255bb0cd2
2019-10-23 10:31:38,923 [grpc-default-executor-2] INFO  impl.RaftServerImpl (ServerState.java:setLeader(255)) - d4521489-b07b-40df-b782-643d3d9f668f@group-5F07613C7B2F: change Leader from null to 3f37303c-849c-4514-a362-ee2255bb0cd2 at term 1 for appendEntries, leader elected after 5190ms
2019-10-23 10:31:38,923 [grpc-default-executor-1] INFO  impl.RaftServerImpl (ServerState.java:setLeader(255)) - 610dfa1b-26fc-4b7d-9d42-62deed922725@group-5F07613C7B2F: change Leader from null to 3f37303c-849c-4514-a362-ee2255bb0cd2 at term 1 for appendEntries, leader elected after 5190ms
2019-10-23 10:31:38,927 [EventQueue-PipelineReportForPipelineReportHandler] INFO  pipeline.PipelineReportHandler (PipelineReportHandler.java:processPipelineReport(104)) - Pipeline PipelineID=1d746233-bcf5-499f-864d-b86022bdb7a4 reported by 610dfa1b-26fc-4b7d-9d42-62deed922725{ip: 192.168.34.3, host: pr-hdds-1868-4pzfm-3396797935, networkLocation: /default-rack, certSerialId: null} isLeader?: false
2019-10-23 10:31:38,927 [EventQueue-PipelineReportForPipelineReportHandler] INFO  pipeline.PipelineReportHandler (PipelineReportHandler.java:processPipelineReport(104)) - Pipeline PipelineID=4c580c76-3fbe-4bb3-8fbf-0428fcdc46d8 reported by d4521489-b07b-40df-b782-643d3d9f668f{ip: 192.168.34.3, host: pr-hdds-1868-4pzfm-3396797935, networkLocation: /default-rack, certSerialId: null} isLeader?: false
2019-10-23 10:31:38,954 [grpc-default-executor-2] INFO  impl.RaftServerImpl (ServerState.java:setRaftConf(356)) - d4521489-b07b-40df-b782-643d3d9f668f@group-5F07613C7B2F: set configuration 0: [3f37303c-849c-4514-a362-ee2255bb0cd2:192.168.34.3:41555, d4521489-b07b-40df-b782-643d3d9f668f:192.168.34.3:46158, 610dfa1b-26fc-4b7d-9d42-62deed922725:192.168.34.3:44415], old=null at 0
2019-10-23 10:31:38,954 [grpc-default-executor-1] INFO  impl.RaftServerImpl (ServerState.java:setRaftConf(356)) - 610dfa1b-26fc-4b7d-9d42-62deed922725@group-5F07613C7B2F: set configuration 0: [3f37303c-849c-4514-a362-ee2255bb0cd2:192.168.34.3:41555, d4521489-b07b-40df-b782-643d3d9f668f:192.168.34.3:46158, 610dfa1b-26fc-4b7d-9d42-62deed922725:192.168.34.3:44415], old=null at 0
2019-10-23 10:31:38,955 [grpc-default-executor-2] INFO  segmented.SegmentedRaftLogWorker (SegmentedRaftLogWorker.java:startLogSegment(385)) - d4521489-b07b-40df-b782-643d3d9f668f@group-5F07613C7B2F-SegmentedRaftLogWorker: Starting segment from index:0
2019-10-23 10:31:38,954 [Thread-216] INFO  impl.FollowerState (FollowerState.java:run(111)) - 3f37303c-849c-4514-a362-ee2255bb0cd2@group-D038B685FA7B-FollowerState: change to CANDIDATE, lastRpcTime:5038ms, electionTimeout:5038ms
2019-10-23 10:31:38,955 [grpc-default-executor-1] INFO  segmented.SegmentedRaftLogWorker (SegmentedRaftLogWorker.java:startLogSegment(385)) - 610dfa1b-26fc-4b7d-9d42-62deed922725@group-5F07613C7B2F-SegmentedRaftLogWorker: Starting segment from index:0
2019-10-23 10:31:38,955 [Thread-216] INFO  impl.RoleInfo (RoleInfo.java:shutdownFollowerState(121)) - 3f37303c-849c-4514-a362-ee2255bb0cd2: shutdown FollowerState
2019-10-23 10:31:38,955 [Thread-216] INFO  impl.RaftServerImpl (RaftServerImpl.java:setRole(173)) - 3f37303c-849c-4514-a362-ee2255bb0cd2@group-D038B685FA7B: changes role from  FOLLOWER to CANDIDATE at term 0 for changeToCandidate
2019-10-23 10:31:38,956 [Thread-216] INFO  impl.RoleInfo (RoleInfo.java:updateAndGet(143)) - 3f37303c-849c-4514-a362-ee2255bb0cd2: start LeaderElection
2019-10-23 10:31:38,970 [3f37303c-849c-4514-a362-ee2255bb0cd2@group-D038B685FA7B-LeaderElection2] INFO  impl.LeaderElection (LeaderElection.java:askForVotes(178)) - 3f37303c-849c-4514-a362-ee2255bb0cd2@group-D038B685FA7B-LeaderElection2: begin an election at term 1 for -1: [3f37303c-849c-4514-a362-ee2255bb0cd2:192.168.34.3:41555], old=null
2019-10-23 10:31:38,970 [3f37303c-849c-4514-a362-ee2255bb0cd2@group-D038B685FA7B-LeaderElection2] INFO  impl.RoleInfo (RoleInfo.java:shutdownLeaderElection(134)) - 3f37303c-849c-4514-a362-ee2255bb0cd2: shutdown LeaderElection
2019-10-23 10:31:38,971 [3f37303c-849c-4514-a362-ee2255bb0cd2@group-D038B685FA7B-LeaderElection2] INFO  impl.RaftServerImpl (RaftServerImpl.java:setRole(173)) - 3f37303c-849c-4514-a362-ee2255bb0cd2@group-D038B685FA7B: changes role from CANDIDATE to LEADER at term 1 for changeToLeader
2019-10-23 10:31:38,971 [3f37303c-849c-4514-a362-ee2255bb0cd2@group-D038B685FA7B-LeaderElection2] INFO  ratis.XceiverServerRatis (XceiverServerRatis.java:handleLeaderChangedNotification(701)) - Leader change notification received for group: group-D038B685FA7B with new leaderId: 3f37303c-849c-4514-a362-ee2255bb0cd2
2019-10-23 10:31:38,971 [3f37303c-849c-4514-a362-ee2255bb0cd2@group-D038B685FA7B-LeaderElection2] INFO  impl.RaftServerImpl (ServerState.java:setLeader(255)) - 3f37303c-849c-4514-a362-ee2255bb0cd2@group-D038B685FA7B: change Leader from null to 3f37303c-849c-4514-a362-ee2255bb0cd2 at term 1 for becomeLeader, leader elected after 5060ms
2019-10-23 10:31:38,971 [3f37303c-849c-4514-a362-ee2255bb0cd2@group-D038B685FA7B-LeaderElection2] INFO  server.RaftServerConfigKeys (ConfUtils.java:logGet(43)) - raft.server.staging.catchup.gap = 1000 (default)
2019-10-23 10:31:38,971 [3f37303c-849c-4514-a362-ee2255bb0cd2@group-D038B685FA7B-LeaderElection2] INFO  server.RaftServerConfigKeys (ConfUtils.java:logGet(43)) - raft.server.rpc.sleep.time = 25ms (default)
2019-10-23 10:31:38,971 [3f37303c-849c-4514-a362-ee2255bb0cd2@group-D038B685FA7B-LeaderElection2] INFO  server.RaftServerConfigKeys (ConfUtils.java:logGet(43)) - raft.server.write.element-limit = 4096 (default)
2019-10-23 10:31:38,972 [3f37303c-849c-4514-a362-ee2255bb0cd2@group-D038B685FA7B-LeaderElection2] INFO  server.RaftServerConfigKeys (ConfUtils.java:logGet(43)) - raft.server.watch.timeout = 10s (default)
2019-10-23 10:31:38,972 [3f37303c-849c-4514-a362-ee2255bb0cd2@group-D038B685FA7B-LeaderElection2] INFO  server.RaftServerConfigKeys (ConfUtils.java:logGet(43)) - raft.server.watch.timeout.denomination = 1s (default)
2019-10-23 10:31:38,972 [3f37303c-849c-4514-a362-ee2255bb0cd2@group-D038B685FA7B-LeaderElection2] INFO  server.RaftServerConfigKeys (ConfUtils.java:logGet(43)) - raft.server.watch.element-limit = 65536 (default)
2019-10-23 10:31:38,973 [3f37303c-849c-4514-a362-ee2255bb0cd2@group-D038B685FA7B-LeaderElection2] INFO  impl.RoleInfo (RoleInfo.java:updateAndGet(143)) - 3f37303c-849c-4514-a362-ee2255bb0cd2: start LeaderState
2019-10-23 10:31:38,973 [3f37303c-849c-4514-a362-ee2255bb0cd2@group-D038B685FA7B-LeaderElection2] INFO  segmented.SegmentedRaftLogWorker (SegmentedRaftLogWorker.java:startLogSegment(385)) - 3f37303c-849c-4514-a362-ee2255bb0cd2@group-D038B685FA7B-SegmentedRaftLogWorker: Starting segment from index:0
2019-10-23 10:31:38,973 [EventQueue-PipelineReportForPipelineReportHandler] INFO  pipeline.PipelineReportHandler (PipelineReportHandler.java:processPipelineReport(104)) - Pipeline PipelineID=5403e1e5-fcc8-4214-9958-d038b685fa7b reported by 3f37303c-849c-4514-a362-ee2255bb0cd2{ip: 192.168.34.3, host: pr-hdds-1868-4pzfm-3396797935, networkLocation: /default-rack, certSerialId: null} isLeader?: true
2019-10-23 10:31:38,973 [EventQueue-PipelineReportForPipelineReportHandler] INFO  pipeline.PipelineStateManager (PipelineStateManager.java:openPipeline(134)) - Pipeline Pipeline[ Id: 5403e1e5-fcc8-4214-9958-d038b685fa7b, Nodes: 3f37303c-849c-4514-a362-ee2255bb0cd2{ip: 192.168.34.3, host: pr-hdds-1868-4pzfm-3396797935, networkLocation: /default-rack, certSerialId: null}, Type:RATIS, Factor:ONE, State:OPEN] moved to OPEN state
2019-10-23 10:31:38,974 [3f37303c-849c-4514-a362-ee2255bb0cd2@group-D038B685FA7B-LeaderElection2] INFO  impl.RaftServerImpl (ServerState.java:setRaftConf(356)) - 3f37303c-849c-4514-a362-ee2255bb0cd2@group-D038B685FA7B: set configuration 0: [3f37303c-849c-4514-a362-ee2255bb0cd2:192.168.34.3:41555], old=null at 0
2019-10-23 10:31:38,976 [Thread-212] INFO  impl.FollowerState (FollowerState.java:run(111)) - 610dfa1b-26fc-4b7d-9d42-62deed922725@group-B86022BDB7A4-FollowerState: change to CANDIDATE, lastRpcTime:5139ms, electionTimeout:5139ms
2019-10-23 10:31:38,976 [Thread-212] INFO  impl.RoleInfo (RoleInfo.java:shutdownFollowerState(121)) - 610dfa1b-26fc-4b7d-9d42-62deed922725: shutdown FollowerState
2019-10-23 10:31:38,976 [Thread-212] INFO  impl.RaftServerImpl (RaftServerImpl.java:setRole(173)) - 610dfa1b-26fc-4b7d-9d42-62deed922725@group-B86022BDB7A4: changes role from  FOLLOWER to CANDIDATE at term 0 for changeToCandidate
2019-10-23 10:31:38,976 [Thread-212] INFO  impl.RoleInfo (RoleInfo.java:updateAndGet(143)) - 610dfa1b-26fc-4b7d-9d42-62deed922725: start LeaderElection
2019-10-23 10:31:38,981 [610dfa1b-26fc-4b7d-9d42-62deed922725@group-B86022BDB7A4-LeaderElection3] INFO  impl.LeaderElection (LeaderElection.java:askForVotes(178)) - 610dfa1b-26fc-4b7d-9d42-62deed922725@group-B86022BDB7A4-LeaderElection3: begin an election at term 1 for -1: [610dfa1b-26fc-4b7d-9d42-62deed922725:192.168.34.3:44415], old=null
2019-10-23 10:31:38,981 [610dfa1b-26fc-4b7d-9d42-62deed922725@group-B86022BDB7A4-LeaderElection3] INFO  impl.RoleInfo (RoleInfo.java:shutdownLeaderElection(134)) - 610dfa1b-26fc-4b7d-9d42-62deed922725: shutdown LeaderElection
2019-10-23 10:31:38,981 [610dfa1b-26fc-4b7d-9d42-62deed922725@group-B86022BDB7A4-LeaderElection3] INFO  impl.RaftServerImpl (RaftServerImpl.java:setRole(173)) - 610dfa1b-26fc-4b7d-9d42-62deed922725@group-B86022BDB7A4: changes role from CANDIDATE to LEADER at term 1 for changeToLeader
2019-10-23 10:31:38,981 [610dfa1b-26fc-4b7d-9d42-62deed922725@group-B86022BDB7A4-LeaderElection3] INFO  ratis.XceiverServerRatis (XceiverServerRatis.java:handleLeaderChangedNotification(701)) - Leader change notification received for group: group-B86022BDB7A4 with new leaderId: 610dfa1b-26fc-4b7d-9d42-62deed922725
2019-10-23 10:31:38,981 [610dfa1b-26fc-4b7d-9d42-62deed922725@group-B86022BDB7A4-LeaderElection3] INFO  impl.RaftServerImpl (ServerState.java:setLeader(255)) - 610dfa1b-26fc-4b7d-9d42-62deed922725@group-B86022BDB7A4: change Leader from null to 610dfa1b-26fc-4b7d-9d42-62deed922725 at term 1 for becomeLeader, leader elected after 5149ms
2019-10-23 10:31:38,982 [610dfa1b-26fc-4b7d-9d42-62deed922725@group-B86022BDB7A4-LeaderElection3] INFO  server.RaftServerConfigKeys (ConfUtils.java:logGet(43)) - raft.server.staging.catchup.gap = 1000 (default)
2019-10-23 10:31:38,982 [610dfa1b-26fc-4b7d-9d42-62deed922725@group-B86022BDB7A4-LeaderElection3] INFO  server.RaftServerConfigKeys (ConfUtils.java:logGet(43)) - raft.server.rpc.sleep.time = 25ms (default)
2019-10-23 10:31:38,982 [610dfa1b-26fc-4b7d-9d42-62deed922725@group-B86022BDB7A4-LeaderElection3] INFO  server.RaftServerConfigKeys (ConfUtils.java:logGet(43)) - raft.server.write.element-limit = 4096 (default)
2019-10-23 10:31:38,982 [610dfa1b-26fc-4b7d-9d42-62deed922725@group-B86022BDB7A4-LeaderElection3] INFO  server.RaftServerConfigKeys (ConfUtils.java:logGet(43)) - raft.server.watch.timeout = 10s (default)
2019-10-23 10:31:38,983 [610dfa1b-26fc-4b7d-9d42-62deed922725@group-B86022BDB7A4-LeaderElection3] INFO  server.RaftServerConfigKeys (ConfUtils.java:logGet(43)) - raft.server.watch.timeout.denomination = 1s (default)
2019-10-23 10:31:38,983 [610dfa1b-26fc-4b7d-9d42-62deed922725@group-B86022BDB7A4-LeaderElection3] INFO  server.RaftServerConfigKeys (ConfUtils.java:logGet(43)) - raft.server.watch.element-limit = 65536 (default)
2019-10-23 10:31:38,983 [610dfa1b-26fc-4b7d-9d42-62deed922725@group-B86022BDB7A4-LeaderElection3] INFO  impl.RoleInfo (RoleInfo.java:updateAndGet(143)) - 610dfa1b-26fc-4b7d-9d42-62deed922725: start LeaderState
2019-10-23 10:31:38,983 [610dfa1b-26fc-4b7d-9d42-62deed922725@group-B86022BDB7A4-LeaderElection3] INFO  segmented.SegmentedRaftLogWorker (SegmentedRaftLogWorker.java:startLogSegment(385)) - 610dfa1b-26fc-4b7d-9d42-62deed922725@group-B86022BDB7A4-SegmentedRaftLogWorker: Starting segment from index:0
2019-10-23 10:31:38,984 [EventQueue-PipelineReportForPipelineReportHandler] INFO  pipeline.PipelineReportHandler (PipelineReportHandler.java:processPipelineReport(104)) - Pipeline PipelineID=1d746233-bcf5-499f-864d-b86022bdb7a4 reported by 610dfa1b-26fc-4b7d-9d42-62deed922725{ip: 192.168.34.3, host: pr-hdds-1868-4pzfm-3396797935, networkLocation: /default-rack, certSerialId: null} isLeader?: true
2019-10-23 10:31:38,984 [610dfa1b-26fc-4b7d-9d42-62deed922725@group-B86022BDB7A4-LeaderElection3] INFO  impl.RaftServerImpl (ServerState.java:setRaftConf(356)) - 610dfa1b-26fc-4b7d-9d42-62deed922725@group-B86022BDB7A4: set configuration 0: [610dfa1b-26fc-4b7d-9d42-62deed922725:192.168.34.3:44415], old=null at 0
2019-10-23 10:31:38,984 [EventQueue-PipelineReportForPipelineReportHandler] INFO  pipeline.PipelineStateManager (PipelineStateManager.java:openPipeline(134)) - Pipeline Pipeline[ Id: 1d746233-bcf5-499f-864d-b86022bdb7a4, Nodes: 610dfa1b-26fc-4b7d-9d42-62deed922725{ip: 192.168.34.3, host: pr-hdds-1868-4pzfm-3396797935, networkLocation: /default-rack, certSerialId: null}, Type:RATIS, Factor:ONE, State:OPEN] moved to OPEN state
2019-10-23 10:31:39,096 [3f37303c-849c-4514-a362-ee2255bb0cd2@group-D038B685FA7B-SegmentedRaftLogWorker] INFO  segmented.SegmentedRaftLogWorker (SegmentedRaftLogWorker.java:execute(576)) - 3f37303c-849c-4514-a362-ee2255bb0cd2@group-D038B685FA7B-SegmentedRaftLogWorker: created new log segment /workdir/hadoop-ozone/integration-test/target/test-dir/MiniOzoneClusterImpl-9697133d-57c2-49c7-8250-61bfba9b3177/datanode-2/data/ratis/5403e1e5-fcc8-4214-9958-d038b685fa7b/current/log_inprogress_0
2019-10-23 10:31:39,096 [610dfa1b-26fc-4b7d-9d42-62deed922725@group-B86022BDB7A4-SegmentedRaftLogWorker] INFO  segmented.SegmentedRaftLogWorker (SegmentedRaftLogWorker.java:execute(576)) - 610dfa1b-26fc-4b7d-9d42-62deed922725@group-B86022BDB7A4-SegmentedRaftLogWorker: created new log segment /workdir/hadoop-ozone/integration-test/target/test-dir/MiniOzoneClusterImpl-9697133d-57c2-49c7-8250-61bfba9b3177/datanode-1/data/ratis/1d746233-bcf5-499f-864d-b86022bdb7a4/current/log_inprogress_0
2019-10-23 10:31:39,096 [d4521489-b07b-40df-b782-643d3d9f668f@group-5F07613C7B2F-SegmentedRaftLogWorker] INFO  segmented.SegmentedRaftLogWorker (SegmentedRaftLogWorker.java:execute(576)) - d4521489-b07b-40df-b782-643d3d9f668f@group-5F07613C7B2F-SegmentedRaftLogWorker: created new log segment /workdir/hadoop-ozone/integration-test/target/test-dir/MiniOzoneClusterImpl-9697133d-57c2-49c7-8250-61bfba9b3177/datanode-0/data/ratis/d196e6b9-3662-431a-aa62-5f07613c7b2f/current/log_inprogress_0
2019-10-23 10:31:39,096 [3f37303c-849c-4514-a362-ee2255bb0cd2@group-5F07613C7B2F-SegmentedRaftLogWorker] INFO  segmented.SegmentedRaftLogWorker (SegmentedRaftLogWorker.java:execute(576)) - 3f37303c-849c-4514-a362-ee2255bb0cd2@group-5F07613C7B2F-SegmentedRaftLogWorker: created new log segment /workdir/hadoop-ozone/integration-test/target/test-dir/MiniOzoneClusterImpl-9697133d-57c2-49c7-8250-61bfba9b3177/datanode-2/data/ratis/d196e6b9-3662-431a-aa62-5f07613c7b2f/current/log_inprogress_0
2019-10-23 10:31:39,096 [610dfa1b-26fc-4b7d-9d42-62deed922725@group-5F07613C7B2F-SegmentedRaftLogWorker] INFO  segmented.SegmentedRaftLogWorker (SegmentedRaftLogWorker.java:execute(576)) - 610dfa1b-26fc-4b7d-9d42-62deed922725@group-5F07613C7B2F-SegmentedRaftLogWorker: created new log segment /workdir/hadoop-ozone/integration-test/target/test-dir/MiniOzoneClusterImpl-9697133d-57c2-49c7-8250-61bfba9b3177/datanode-1/data/ratis/d196e6b9-3662-431a-aa62-5f07613c7b2f/current/log_inprogress_0
2019-10-23 10:31:39,180 [Thread-220] INFO  impl.FollowerState (FollowerState.java:run(111)) - d4521489-b07b-40df-b782-643d3d9f668f@group-0428FCDC46D8-FollowerState: change to CANDIDATE, lastRpcTime:5173ms, electionTimeout:5173ms
2019-10-23 10:31:39,180 [Thread-220] INFO  impl.RoleInfo (RoleInfo.java:shutdownFollowerState(121)) - d4521489-b07b-40df-b782-643d3d9f668f: shutdown FollowerState
2019-10-23 10:31:39,180 [Thread-220] INFO  impl.RaftServerImpl (RaftServerImpl.java:setRole(173)) - d4521489-b07b-40df-b782-643d3d9f668f@group-0428FCDC46D8: changes role from  FOLLOWER to CANDIDATE at term 0 for changeToCandidate
2019-10-23 10:31:39,180 [Thread-220] INFO  impl.RoleInfo (RoleInfo.java:updateAndGet(143)) - d4521489-b07b-40df-b782-643d3d9f668f: start LeaderElection
2019-10-23 10:31:39,197 [d4521489-b07b-40df-b782-643d3d9f668f@group-0428FCDC46D8-LeaderElection4] INFO  impl.LeaderElection (LeaderElection.java:askForVotes(178)) - d4521489-b07b-40df-b782-643d3d9f668f@group-0428FCDC46D8-LeaderElection4: begin an election at term 1 for -1: [d4521489-b07b-40df-b782-643d3d9f668f:192.168.34.3:46158], old=null
2019-10-23 10:31:39,197 [d4521489-b07b-40df-b782-643d3d9f668f@group-0428FCDC46D8-LeaderElection4] INFO  impl.RoleInfo (RoleInfo.java:shutdownLeaderElection(134)) - d4521489-b07b-40df-b782-643d3d9f668f: shutdown LeaderElection
2019-10-23 10:31:39,197 [d4521489-b07b-40df-b782-643d3d9f668f@group-0428FCDC46D8-LeaderElection4] INFO  impl.RaftServerImpl (RaftServerImpl.java:setRole(173)) - d4521489-b07b-40df-b782-643d3d9f668f@group-0428FCDC46D8: changes role from CANDIDATE to LEADER at term 1 for changeToLeader
2019-10-23 10:31:39,198 [d4521489-b07b-40df-b782-643d3d9f668f@group-0428FCDC46D8-LeaderElection4] INFO  ratis.XceiverServerRatis (XceiverServerRatis.java:handleLeaderChangedNotification(701)) - Leader change notification received for group: group-0428FCDC46D8 with new leaderId: d4521489-b07b-40df-b782-643d3d9f668f
2019-10-23 10:31:39,198 [d4521489-b07b-40df-b782-643d3d9f668f@group-0428FCDC46D8-LeaderElection4] INFO  impl.RaftServerImpl (ServerState.java:setLeader(255)) - d4521489-b07b-40df-b782-643d3d9f668f@group-0428FCDC46D8: change Leader from null to d4521489-b07b-40df-b782-643d3d9f668f at term 1 for becomeLeader, leader elected after 5195ms
2019-10-23 10:31:39,198 [d4521489-b07b-40df-b782-643d3d9f668f@group-0428FCDC46D8-LeaderElection4] INFO  server.RaftServerConfigKeys (ConfUtils.java:logGet(43)) - raft.server.staging.catchup.gap = 1000 (default)
2019-10-23 10:31:39,198 [d4521489-b07b-40df-b782-643d3d9f668f@group-0428FCDC46D8-LeaderElection4] INFO  server.RaftServerConfigKeys (ConfUtils.java:logGet(43)) - raft.server.rpc.sleep.time = 25ms (default)
2019-10-23 10:31:39,199 [d4521489-b07b-40df-b782-643d3d9f668f@group-0428FCDC46D8-LeaderElection4] INFO  server.RaftServerConfigKeys (ConfUtils.java:logGet(43)) - raft.server.write.element-limit = 4096 (default)
2019-10-23 10:31:39,200 [d4521489-b07b-40df-b782-643d3d9f668f@group-0428FCDC46D8-LeaderElection4] INFO  server.RaftServerConfigKeys (ConfUtils.java:logGet(43)) - raft.server.watch.timeout = 10s (default)
2019-10-23 10:31:39,200 [d4521489-b07b-40df-b782-643d3d9f668f@group-0428FCDC46D8-LeaderElection4] INFO  server.RaftServerConfigKeys (ConfUtils.java:logGet(43)) - raft.server.watch.timeout.denomination = 1s (default)
2019-10-23 10:31:39,200 [d4521489-b07b-40df-b782-643d3d9f668f@group-0428FCDC46D8-LeaderElection4] INFO  server.RaftServerConfigKeys (ConfUtils.java:logGet(43)) - raft.server.watch.element-limit = 65536 (default)
2019-10-23 10:31:39,201 [d4521489-b07b-40df-b782-643d3d9f668f@group-0428FCDC46D8-LeaderElection4] INFO  impl.RoleInfo (RoleInfo.java:updateAndGet(143)) - d4521489-b07b-40df-b782-643d3d9f668f: start LeaderState
2019-10-23 10:31:39,201 [d4521489-b07b-40df-b782-643d3d9f668f@group-0428FCDC46D8-LeaderElection4] INFO  segmented.SegmentedRaftLogWorker (SegmentedRaftLogWorker.java:startLogSegment(385)) - d4521489-b07b-40df-b782-643d3d9f668f@group-0428FCDC46D8-SegmentedRaftLogWorker: Starting segment from index:0
2019-10-23 10:31:39,201 [EventQueue-PipelineReportForPipelineReportHandler] INFO  pipeline.PipelineReportHandler (PipelineReportHandler.java:processPipelineReport(104)) - Pipeline PipelineID=4c580c76-3fbe-4bb3-8fbf-0428fcdc46d8 reported by d4521489-b07b-40df-b782-643d3d9f668f{ip: 192.168.34.3, host: pr-hdds-1868-4pzfm-3396797935, networkLocation: /default-rack, certSerialId: null} isLeader?: true
2019-10-23 10:31:39,201 [EventQueue-PipelineReportForPipelineReportHandler] INFO  pipeline.PipelineStateManager (PipelineStateManager.java:openPipeline(134)) - Pipeline Pipeline[ Id: 4c580c76-3fbe-4bb3-8fbf-0428fcdc46d8, Nodes: d4521489-b07b-40df-b782-643d3d9f668f{ip: 192.168.34.3, host: pr-hdds-1868-4pzfm-3396797935, networkLocation: /default-rack, certSerialId: null}, Type:RATIS, Factor:ONE, State:OPEN] moved to OPEN state
2019-10-23 10:31:39,202 [d4521489-b07b-40df-b782-643d3d9f668f@group-0428FCDC46D8-LeaderElection4] INFO  impl.RaftServerImpl (ServerState.java:setRaftConf(356)) - d4521489-b07b-40df-b782-643d3d9f668f@group-0428FCDC46D8: set configuration 0: [d4521489-b07b-40df-b782-643d3d9f668f:192.168.34.3:46158], old=null at 0
2019-10-23 10:31:39,252 [d4521489-b07b-40df-b782-643d3d9f668f@group-0428FCDC46D8-SegmentedRaftLogWorker] INFO  segmented.SegmentedRaftLogWorker (SegmentedRaftLogWorker.java:execute(576)) - d4521489-b07b-40df-b782-643d3d9f668f@group-0428FCDC46D8-SegmentedRaftLogWorker: created new log segment /workdir/hadoop-ozone/integration-test/target/test-dir/MiniOzoneClusterImpl-9697133d-57c2-49c7-8250-61bfba9b3177/datanode-0/data/ratis/4c580c76-3fbe-4bb3-8fbf-0428fcdc46d8/current/log_inprogress_0
2019-10-23 10:31:39,596 [main] INFO  ozone.MiniOzoneClusterImpl (MiniOzoneClusterImpl.java:lambda$waitForClusterToBeReady$2(170)) - Cluster is ready. Got 3 of 3 DN Heartbeats.
2019-10-23 10:31:39,601 [main] INFO  pipeline.SCMPipelineManager (SCMPipelineManager.java:finalizeAndDestroyPipeline(316)) - destroying pipeline:Pipeline[ Id: 4c580c76-3fbe-4bb3-8fbf-0428fcdc46d8, Nodes: d4521489-b07b-40df-b782-643d3d9f668f{ip: 192.168.34.3, host: pr-hdds-1868-4pzfm-3396797935, networkLocation: /default-rack, certSerialId: null}, Type:RATIS, Factor:ONE, State:OPEN]
2019-10-23 10:31:39,604 [main] INFO  pipeline.PipelineStateManager (PipelineStateManager.java:finalizePipeline(121)) - Pipeline Pipeline[ Id: 4c580c76-3fbe-4bb3-8fbf-0428fcdc46d8, Nodes: d4521489-b07b-40df-b782-643d3d9f668f{ip: 192.168.34.3, host: pr-hdds-1868-4pzfm-3396797935, networkLocation: /default-rack, certSerialId: null}, Type:RATIS, Factor:ONE, State:CLOSED] moved to CLOSED state
2019-10-23 10:31:39,616 [grpc-default-executor-1] INFO  impl.RaftServerProxy (RaftServerProxy.java:remove(95)) - d4521489-b07b-40df-b782-643d3d9f668f: remove    LEADER d4521489-b07b-40df-b782-643d3d9f668f@group-0428FCDC46D8:t1, leader=d4521489-b07b-40df-b782-643d3d9f668f, voted=d4521489-b07b-40df-b782-643d3d9f668f, raftlog=d4521489-b07b-40df-b782-643d3d9f668f@group-0428FCDC46D8-SegmentedRaftLog:OPENED:c0,f0,i0, conf=0: [d4521489-b07b-40df-b782-643d3d9f668f:192.168.34.3:46158], old=null RUNNING
2019-10-23 10:31:39,617 [grpc-default-executor-1] INFO  impl.RaftServerImpl (RaftServerImpl.java:lambda$shutdown$3(250)) - d4521489-b07b-40df-b782-643d3d9f668f@group-0428FCDC46D8: shutdown
2019-10-23 10:31:39,617 [grpc-default-executor-1] INFO  util.JmxRegister (JmxRegister.java:unregister(73)) - Successfully un-registered JMX Bean with object name Ratis:service=RaftServer,group=group-0428FCDC46D8,id=d4521489-b07b-40df-b782-643d3d9f668f
2019-10-23 10:31:39,617 [grpc-default-executor-1] INFO  impl.RoleInfo (RoleInfo.java:shutdownLeaderState(104)) - d4521489-b07b-40df-b782-643d3d9f668f: shutdown LeaderState
2019-10-23 10:31:39,618 [grpc-default-executor-1] INFO  impl.PendingRequests (PendingRequests.java:sendNotLeaderResponses(206)) - d4521489-b07b-40df-b782-643d3d9f668f@group-0428FCDC46D8-PendingRequests: sendNotLeaderResponses
2019-10-23 10:31:39,620 [grpc-default-executor-1] INFO  impl.StateMachineUpdater (StateMachineUpdater.java:stopAndJoin(136)) - d4521489-b07b-40df-b782-643d3d9f668f@group-0428FCDC46D8-StateMachineUpdater: set stopIndex = 0
2019-10-23 10:31:39,622 [grpc-default-executor-1] INFO  impl.RaftServerImpl (ServerState.java:close(387)) - d4521489-b07b-40df-b782-643d3d9f668f@group-0428FCDC46D8: closes. applyIndex: 0
2019-10-23 10:31:39,622 [d4521489-b07b-40df-b782-643d3d9f668f@group-0428FCDC46D8-SegmentedRaftLogWorker] INFO  segmented.SegmentedRaftLogWorker (SegmentedRaftLogWorker.java:run(316)) - d4521489-b07b-40df-b782-643d3d9f668f@group-0428FCDC46D8-SegmentedRaftLogWorker was interrupted, exiting. There are 0 tasks remaining in the queue.
2019-10-23 10:31:39,624 [grpc-default-executor-1] INFO  segmented.SegmentedRaftLogWorker (SegmentedRaftLogWorker.java:close(224)) - d4521489-b07b-40df-b782-643d3d9f668f@group-0428FCDC46D8-SegmentedRaftLogWorker close()
2019-10-23 10:31:39,633 [main] INFO  pipeline.PipelineStateManager (PipelineStateManager.java:removePipeline(106)) - Pipeline Pipeline[ Id: 4c580c76-3fbe-4bb3-8fbf-0428fcdc46d8, Nodes: d4521489-b07b-40df-b782-643d3d9f668f{ip: 192.168.34.3, host: pr-hdds-1868-4pzfm-3396797935, networkLocation: /default-rack, certSerialId: null}, Type:RATIS, Factor:ONE, State:CLOSED] removed from db
2019-10-23 10:31:39,645 [grpc-default-executor-1] INFO  impl.RaftServerProxy (RaftServerProxy.java:addNew(89)) - d4521489-b07b-40df-b782-643d3d9f668f: addNew group-146170544A2D:[d4521489-b07b-40df-b782-643d3d9f668f:192.168.34.3:46158] returns group-146170544A2D:java.util.concurrent.CompletableFuture@38b70d63[Not completed]
2019-10-23 10:31:39,648 [pool-27-thread-1] INFO  impl.RaftServerImpl (RaftServerImpl.java:<init>(98)) - d4521489-b07b-40df-b782-643d3d9f668f: new RaftServerImpl for group-146170544A2D:[d4521489-b07b-40df-b782-643d3d9f668f:192.168.34.3:46158] with ContainerStateMachine:uninitialized
2019-10-23 10:31:39,648 [pool-27-thread-1] INFO  server.RaftServerConfigKeys (ConfUtils.java:logGet(43)) - raft.server.rpc.timeout.min = 5s (custom)
2019-10-23 10:31:39,648 [pool-27-thread-1] INFO  server.RaftServerConfigKeys (ConfUtils.java:logGet(43)) - raft.server.rpc.timeout.max = 5200ms (custom)
2019-10-23 10:31:39,649 [pool-27-thread-1] INFO  server.RaftServerConfigKeys (ConfUtils.java:logGet(43)) - raft.server.rpcslowness.timeout = 120s (custom)
2019-10-23 10:31:39,649 [pool-27-thread-1] INFO  server.RaftServerConfigKeys (ConfUtils.java:logGet(43)) - raft.server.sleep.deviation.threshold = 300 (default)
2019-10-23 10:31:39,649 [pool-27-thread-1] INFO  server.RaftServerConfigKeys (ConfUtils.java:logGet(43)) - raft.server.log.appender.install.snapshot.enabled = false (custom)
2019-10-23 10:31:39,649 [pool-27-thread-1] INFO  impl.RaftServerImpl (ServerState.java:<init>(103)) - d4521489-b07b-40df-b782-643d3d9f668f@group-146170544A2D: ConfigurationManager, init=-1: [d4521489-b07b-40df-b782-643d3d9f668f:192.168.34.3:46158], old=null, confs=<EMPTY_MAP>
2019-10-23 10:31:39,649 [pool-27-thread-1] INFO  server.RaftServerConfigKeys (ConfUtils.java:logGet(43)) - raft.server.storage.dir = [/workdir/hadoop-ozone/integration-test/target/test-dir/MiniOzoneClusterImpl-9697133d-57c2-49c7-8250-61bfba9b3177/datanode-0/data/ratis] (custom)
2019-10-23 10:31:39,650 [pool-27-thread-1] INFO  server.RaftServerConfigKeys (ConfUtils.java:logGet(43)) - raft.server.log.corruption.policy = EXCEPTION (default)
2019-10-23 10:31:39,650 [pool-27-thread-1] INFO  storage.RaftStorageDirectory (RaftStorageDirectory.java:analyzeStorage(246)) - The storage directory /workdir/hadoop-ozone/integration-test/target/test-dir/MiniOzoneClusterImpl-9697133d-57c2-49c7-8250-61bfba9b3177/datanode-0/data/ratis/1d15337f-ab9b-4035-a877-146170544a2d does not exist. Creating ...
2019-10-23 10:31:39,664 [pool-27-thread-1] INFO  storage.RaftStorageDirectory (RaftStorageDirectory.java:tryLock(328)) - Lock on /workdir/hadoop-ozone/integration-test/target/test-dir/MiniOzoneClusterImpl-9697133d-57c2-49c7-8250-61bfba9b3177/datanode-0/data/ratis/1d15337f-ab9b-4035-a877-146170544a2d/in_use.lock acquired by nodename 26486@pr-hdds-1868-4pzfm-3396797935
2019-10-23 10:31:39,678 [pool-27-thread-1] INFO  storage.RaftStorage (RaftStorage.java:format(84)) - Storage directory /workdir/hadoop-ozone/integration-test/target/test-dir/MiniOzoneClusterImpl-9697133d-57c2-49c7-8250-61bfba9b3177/datanode-0/data/ratis/1d15337f-ab9b-4035-a877-146170544a2d has been successfully formatted.
2019-10-23 10:31:39,679 [pool-27-thread-1] INFO  ratis.ContainerStateMachine (ContainerStateMachine.java:loadSnapshot(233)) - group-146170544A2D: The snapshot info is null. Setting the last applied indexto:(t:0, i:~)
2019-10-23 10:31:39,679 [pool-27-thread-1] INFO  server.RaftServerConfigKeys (ConfUtils.java:logGet(43)) - raft.server.notification.no-leader.timeout = 120s (custom)
2019-10-23 10:31:39,679 [pool-27-thread-1] INFO  server.RaftServerConfigKeys (ConfUtils.java:logGet(43)) - raft.server.log.use.memory = false (default)
2019-10-23 10:31:39,679 [pool-27-thread-1] INFO  server.RaftServerConfigKeys (ConfUtils.java:logGet(43)) - raft.server.log.purge.gap = 1000000 (custom)
2019-10-23 10:31:39,679 [pool-27-thread-1] INFO  server.RaftServerConfigKeys (ConfUtils.java:logGet(43)) - raft.server.log.appender.buffer.byte-limit = 33554432 (custom)
2019-10-23 10:31:39,680 [pool-27-thread-1] INFO  server.RaftServerConfigKeys (ConfUtils.java:logGet(43)) - raft.server.log.segment.size.max = 1048576 (custom)
2019-10-23 10:31:39,680 [pool-27-thread-1] INFO  server.RaftServerConfigKeys (ConfUtils.java:logGet(43)) - raft.server.log.segment.cache.num.max = 2 (custom)
2019-10-23 10:31:39,680 [pool-27-thread-1] INFO  segmented.SegmentedRaftLogWorker (SegmentedRaftLogWorker.java:<init>(173)) - new d4521489-b07b-40df-b782-643d3d9f668f@group-146170544A2D-SegmentedRaftLogWorker for RaftStorage:Storage Directory /workdir/hadoop-ozone/integration-test/target/test-dir/MiniOzoneClusterImpl-9697133d-57c2-49c7-8250-61bfba9b3177/datanode-0/data/ratis/1d15337f-ab9b-4035-a877-146170544a2d
2019-10-23 10:31:39,680 [pool-27-thread-1] INFO  server.RaftServerConfigKeys (ConfUtils.java:logGet(43)) - raft.server.log.queue.byte-limit = 2147483647 (custom)
2019-10-23 10:31:39,680 [pool-27-thread-1] INFO  server.RaftServerConfigKeys (ConfUtils.java:logGet(43)) - raft.server.log.queue.element-limit = 1024 (custom)
2019-10-23 10:31:39,680 [pool-27-thread-1] INFO  server.RaftServerConfigKeys (ConfUtils.java:logGet(43)) - raft.server.log.segment.size.max = 1048576 (custom)
2019-10-23 10:31:39,681 [pool-27-thread-1] INFO  server.RaftServerConfigKeys (ConfUtils.java:logGet(43)) - raft.server.log.preallocated.size = 16384 (custom)
2019-10-23 10:31:39,681 [pool-27-thread-1] INFO  server.RaftServerConfigKeys (ConfUtils.java:logGet(43)) - raft.server.log.write.buffer.size = 33554432 (custom)
2019-10-23 10:31:39,681 [pool-27-thread-1] INFO  server.RaftServerConfigKeys (ConfUtils.java:logGet(43)) - raft.server.log.force.sync.num = 128 (default)
2019-10-23 10:31:39,681 [pool-27-thread-1] INFO  server.RaftServerConfigKeys (ConfUtils.java:logGet(43)) - raft.server.log.statemachine.data.sync = true (default)
2019-10-23 10:31:39,681 [pool-27-thread-1] INFO  server.RaftServerConfigKeys (ConfUtils.java:logGet(43)) - raft.server.log.statemachine.data.sync.timeout = 10s (default)
2019-10-23 10:31:39,681 [pool-27-thread-1] INFO  server.RaftServerConfigKeys (ConfUtils.java:logGet(43)) - raft.server.log.statemachine.data.sync.timeout.retry = -1 (default)
2019-10-23 10:31:39,682 [pool-27-thread-1] INFO  server.RaftServerConfigKeys (ConfUtils.java:logGet(43)) - raft.server.log.statemachine.data.caching.enabled = true (custom)
2019-10-23 10:31:39,682 [pool-27-thread-1] INFO  segmented.SegmentedRaftLogWorker (SegmentedRaftLogWorker.java:lambda$new$0(128)) - d4521489-b07b-40df-b782-643d3d9f668f@group-146170544A2D-SegmentedRaftLogWorker: flushIndex: setUnconditionally 0 -> -1
2019-10-23 10:31:39,683 [pool-27-thread-1] INFO  server.RaftServerConfigKeys (ConfUtils.java:logGet(43)) - raft.server.snapshot.auto.trigger.enabled = true (custom)
2019-10-23 10:31:39,683 [pool-27-thread-1] INFO  server.RaftServerConfigKeys (ConfUtils.java:logGet(43)) - raft.server.snapshot.auto.trigger.threshold = 10000 (custom)
2019-10-23 10:31:39,683 [pool-27-thread-1] INFO  server.RaftServerConfigKeys (ConfUtils.java:logGet(43)) - raft.server.snapshot.retention.file.num = 5 (custom)
2019-10-23 10:31:39,683 [pool-27-thread-1] INFO  server.RaftServerConfigKeys (ConfUtils.java:logGet(43)) - raft.server.retrycache.expirytime = 600000ms (custom)
2019-10-23 10:31:39,683 [pool-27-thread-1] WARN  impl.MetricRegistriesImpl (MetricRegistriesImpl.java:lambda$create$1(61)) - First MetricRegistry has been created without registering reporters. You may need to call MetricRegistries.global().addReportRegistration(...) before.
2019-10-23 10:31:39,684 [pool-27-thread-1] WARN  impl.MetricRegistriesImpl (MetricRegistriesImpl.java:lambda$create$1(61)) - First MetricRegistry has been created without registering reporters. You may need to call MetricRegistries.global().addReportRegistration(...) before.
2019-10-23 10:31:39,684 [pool-27-thread-1] INFO  impl.RaftServerImpl (RaftServerImpl.java:start(184)) - d4521489-b07b-40df-b782-643d3d9f668f@group-146170544A2D: start as a follower, conf=-1: [d4521489-b07b-40df-b782-643d3d9f668f:192.168.34.3:46158], old=null
2019-10-23 10:31:39,684 [pool-27-thread-1] INFO  impl.RaftServerImpl (RaftServerImpl.java:setRole(173)) - d4521489-b07b-40df-b782-643d3d9f668f@group-146170544A2D: changes role from      null to FOLLOWER at term 0 for startAsFollower
2019-10-23 10:31:39,684 [pool-27-thread-1] INFO  impl.RoleInfo (RoleInfo.java:updateAndGet(143)) - d4521489-b07b-40df-b782-643d3d9f668f: start FollowerState
2019-10-23 10:31:39,685 [pool-27-thread-1] INFO  util.JmxRegister (JmxRegister.java:tryRegister(44)) - Successfully registered JMX Bean with object name Ratis:service=RaftServer,group=group-146170544A2D,id=d4521489-b07b-40df-b782-643d3d9f668f
2019-10-23 10:31:39,685 [pool-27-thread-1] WARN  impl.MetricRegistriesImpl (MetricRegistriesImpl.java:lambda$create$1(61)) - First MetricRegistry has been created without registering reporters. You may need to call MetricRegistries.global().addReportRegistration(...) before.
2019-10-23 10:31:39,691 [RatisPipelineUtilsThread] INFO  pipeline.PipelineStateManager (PipelineStateManager.java:addPipeline(55)) - Created pipeline Pipeline[ Id: 1d15337f-ab9b-4035-a877-146170544a2d, Nodes: d4521489-b07b-40df-b782-643d3d9f668f{ip: 192.168.34.3, host: pr-hdds-1868-4pzfm-3396797935, networkLocation: /default-rack, certSerialId: null}, Type:RATIS, Factor:ONE, State:ALLOCATED]
2019-10-23 10:31:39,848 [main] INFO  ozone.MiniOzoneClusterImpl (MiniOzoneClusterImpl.java:shutdown(350)) - Shutting down the Mini Ozone Cluster
2019-10-23 10:31:39,848 [main] INFO  ozone.MiniOzoneClusterImpl (MiniOzoneClusterImpl.java:stop(366)) - Stopping the Mini Ozone Cluster
2019-10-23 10:31:39,849 [main] INFO  ozone.MiniOzoneClusterImpl (MiniOzoneClusterImpl.java:stopOM(436)) - Stopping the OzoneManager
2019-10-23 10:31:39,849 [main] INFO  ipc.Server (Server.java:stop(3082)) - Stopping server on 43064
2019-10-23 10:31:39,852 [IPC Server listener on 43064] INFO  ipc.Server (Server.java:run(1185)) - Stopping IPC Server listener on 43064
2019-10-23 10:31:39,852 [main] INFO  ratis.OzoneManagerDoubleBuffer (OzoneManagerDoubleBuffer.java:stop(255)) - Stopping OMDoubleBuffer flush thread
2019-10-23 10:31:39,853 [IPC Server Responder] INFO  ipc.Server (Server.java:run(1319)) - Stopping IPC Server Responder
2019-10-23 10:31:39,853 [OMDoubleBufferFlushThread] INFO  ratis.OzoneManagerDoubleBuffer (OzoneManagerDoubleBuffer.java:flushTransactions(198)) - OMDoubleBuffer flush thread OMDoubleBufferFlushThread is interrupted and will exit. OMDoubleBufferFlushThread
2019-10-23 10:31:39,853 [main] INFO  utils.BackgroundService (BackgroundService.java:shutdown(151)) - Shutting down service KeyDeletingService
2019-10-23 10:31:39,857 [main] INFO  handler.ContextHandler (ContextHandler.java:doStop(910)) - Stopped o.e.j.w.WebAppContext@7cedfa63{/,null,UNAVAILABLE}{/ozoneManager}
2019-10-23 10:31:39,862 [main] INFO  server.AbstractConnector (AbstractConnector.java:doStop(318)) - Stopped ServerConnector@3e83c18{HTTP/1.1,[http/1.1]}{0.0.0.0:0}
2019-10-23 10:31:39,863 [main] INFO  handler.ContextHandler (ContextHandler.java:doStop(910)) - Stopped o.e.j.s.ServletContextHandler@7a799159{/static,file:///workdir/hadoop-ozone/integration-test/target/test-classes/webapps/static,UNAVAILABLE}
2019-10-23 10:31:39,863 [main] INFO  handler.ContextHandler (ContextHandler.java:doStop(910)) - Stopped o.e.j.s.ServletContextHandler@5467eea4{/logs,file:///workdir/hadoop-ozone/integration-test/target/log,UNAVAILABLE}
2019-10-23 10:31:39,868 [main] INFO  ozone.MiniOzoneClusterImpl (MiniOzoneClusterImpl.java:stopDatanodes(413)) - Stopping the HddsDatanodes
2019-10-23 10:31:39,982 [Datanode State Machine Thread - 0] INFO  statemachine.DatanodeStateMachine (DatanodeStateMachine.java:lambda$startDaemon$0(350)) - Ozone container server started.
2019-10-23 10:31:40,198 [Datanode State Machine Thread - 0] INFO  statemachine.DatanodeStateMachine (DatanodeStateMachine.java:lambda$startDaemon$0(350)) - Ozone container server started.
2019-10-23 10:31:44,741 [Thread-244] INFO  impl.FollowerState (FollowerState.java:run(111)) - d4521489-b07b-40df-b782-643d3d9f668f@group-146170544A2D-FollowerState: change to CANDIDATE, lastRpcTime:5056ms, electionTimeout:5056ms
2019-10-23 10:31:44,741 [Thread-244] INFO  impl.RoleInfo (RoleInfo.java:shutdownFollowerState(121)) - d4521489-b07b-40df-b782-643d3d9f668f: shutdown FollowerState
2019-10-23 10:31:44,742 [Thread-244] INFO  impl.RaftServerImpl (RaftServerImpl.java:setRole(173)) - d4521489-b07b-40df-b782-643d3d9f668f@group-146170544A2D: changes role from  FOLLOWER to CANDIDATE at term 0 for changeToCandidate
2019-10-23 10:31:44,742 [Thread-244] INFO  impl.RoleInfo (RoleInfo.java:updateAndGet(143)) - d4521489-b07b-40df-b782-643d3d9f668f: start LeaderElection
2019-10-23 10:31:44,759 [d4521489-b07b-40df-b782-643d3d9f668f@group-146170544A2D-LeaderElection5] INFO  impl.LeaderElection (LeaderElection.java:askForVotes(178)) - d4521489-b07b-40df-b782-643d3d9f668f@group-146170544A2D-LeaderElection5: begin an election at term 1 for -1: [d4521489-b07b-40df-b782-643d3d9f668f:192.168.34.3:46158], old=null
2019-10-23 10:31:44,760 [d4521489-b07b-40df-b782-643d3d9f668f@group-146170544A2D-LeaderElection5] INFO  impl.RoleInfo (RoleInfo.java:shutdownLeaderElection(134)) - d4521489-b07b-40df-b782-643d3d9f668f: shutdown LeaderElection
2019-10-23 10:31:44,760 [d4521489-b07b-40df-b782-643d3d9f668f@group-146170544A2D-LeaderElection5] INFO  impl.RaftServerImpl (RaftServerImpl.java:setRole(173)) - d4521489-b07b-40df-b782-643d3d9f668f@group-146170544A2D: changes role from CANDIDATE to LEADER at term 1 for changeToLeader
2019-10-23 10:31:44,760 [d4521489-b07b-40df-b782-643d3d9f668f@group-146170544A2D-LeaderElection5] INFO  ratis.XceiverServerRatis (XceiverServerRatis.java:handleLeaderChangedNotification(701)) - Leader change notification received for group: group-146170544A2D with new leaderId: d4521489-b07b-40df-b782-643d3d9f668f
2019-10-23 10:31:44,761 [d4521489-b07b-40df-b782-643d3d9f668f@group-146170544A2D-LeaderElection5] INFO  impl.RaftServerImpl (ServerState.java:setLeader(255)) - d4521489-b07b-40df-b782-643d3d9f668f@group-146170544A2D: change Leader from null to d4521489-b07b-40df-b782-643d3d9f668f at term 1 for becomeLeader, leader elected after 5081ms
2019-10-23 10:31:44,761 [d4521489-b07b-40df-b782-643d3d9f668f@group-146170544A2D-LeaderElection5] INFO  server.RaftServerConfigKeys (ConfUtils.java:logGet(43)) - raft.server.staging.catchup.gap = 1000 (default)
2019-10-23 10:31:44,761 [d4521489-b07b-40df-b782-643d3d9f668f@group-146170544A2D-LeaderElection5] INFO  server.RaftServerConfigKeys (ConfUtils.java:logGet(43)) - raft.server.rpc.sleep.time = 25ms (default)
2019-10-23 10:31:44,761 [d4521489-b07b-40df-b782-643d3d9f668f@group-146170544A2D-LeaderElection5] INFO  server.RaftServerConfigKeys (ConfUtils.java:logGet(43)) - raft.server.write.element-limit = 4096 (default)
2019-10-23 10:31:44,762 [d4521489-b07b-40df-b782-643d3d9f668f@group-146170544A2D-LeaderElection5] INFO  server.RaftServerConfigKeys (ConfUtils.java:logGet(43)) - raft.server.watch.timeout = 10s (default)
2019-10-23 10:31:44,762 [d4521489-b07b-40df-b782-643d3d9f668f@group-146170544A2D-LeaderElection5] INFO  server.RaftServerConfigKeys (ConfUtils.java:logGet(43)) - raft.server.watch.timeout.denomination = 1s (default)
2019-10-23 10:31:44,762 [d4521489-b07b-40df-b782-643d3d9f668f@group-146170544A2D-LeaderElection5] INFO  server.RaftServerConfigKeys (ConfUtils.java:logGet(43)) - raft.server.watch.element-limit = 65536 (default)
2019-10-23 10:31:44,763 [d4521489-b07b-40df-b782-643d3d9f668f@group-146170544A2D-LeaderElection5] INFO  impl.RoleInfo (RoleInfo.java:updateAndGet(143)) - d4521489-b07b-40df-b782-643d3d9f668f: start LeaderState
2019-10-23 10:31:44,763 [d4521489-b07b-40df-b782-643d3d9f668f@group-146170544A2D-LeaderElection5] INFO  segmented.SegmentedRaftLogWorker (SegmentedRaftLogWorker.java:startLogSegment(385)) - d4521489-b07b-40df-b782-643d3d9f668f@group-146170544A2D-SegmentedRaftLogWorker: Starting segment from index:0
2019-10-23 10:31:44,764 [d4521489-b07b-40df-b782-643d3d9f668f@group-146170544A2D-LeaderElection5] INFO  impl.RaftServerImpl (ServerState.java:setRaftConf(356)) - d4521489-b07b-40df-b782-643d3d9f668f@group-146170544A2D: set configuration 0: [d4521489-b07b-40df-b782-643d3d9f668f:192.168.34.3:46158], old=null at 0
2019-10-23 10:31:44,815 [d4521489-b07b-40df-b782-643d3d9f668f@group-146170544A2D-SegmentedRaftLogWorker] INFO  segmented.SegmentedRaftLogWorker (SegmentedRaftLogWorker.java:execute(576)) - d4521489-b07b-40df-b782-643d3d9f668f@group-146170544A2D-SegmentedRaftLogWorker: created new log segment /workdir/hadoop-ozone/integration-test/target/test-dir/MiniOzoneClusterImpl-9697133d-57c2-49c7-8250-61bfba9b3177/datanode-0/data/ratis/1d15337f-ab9b-4035-a877-146170544a2d/current/log_inprogress_0
2019-10-23 10:31:44,871 [ForkJoinPool.commonPool-worker-1] INFO  ozoneimpl.OzoneContainer (OzoneContainer.java:stop(227)) - Attempting to stop container services.
2019-10-23 10:31:44,871 [main] INFO  ozoneimpl.OzoneContainer (OzoneContainer.java:stop(227)) - Attempting to stop container services.
2019-10-23 10:31:44,872 [ForkJoinPool.commonPool-worker-1] INFO  impl.RaftServerProxy (RaftServerProxy.java:lambda$close$4(314)) - d4521489-b07b-40df-b782-643d3d9f668f: close
2019-10-23 10:31:44,873 [main] INFO  impl.RaftServerProxy (RaftServerProxy.java:lambda$close$4(314)) - 610dfa1b-26fc-4b7d-9d42-62deed922725: close
2019-10-23 10:31:44,874 [ForkJoinPool.commonPool-worker-1] INFO  impl.RaftServerImpl (RaftServerImpl.java:lambda$shutdown$3(250)) - d4521489-b07b-40df-b782-643d3d9f668f@group-5F07613C7B2F: shutdown
2019-10-23 10:31:44,874 [main] INFO  impl.RaftServerImpl (RaftServerImpl.java:lambda$shutdown$3(250)) - 610dfa1b-26fc-4b7d-9d42-62deed922725@group-5F07613C7B2F: shutdown
2019-10-23 10:31:44,874 [ForkJoinPool.commonPool-worker-1] INFO  util.JmxRegister (JmxRegister.java:unregister(73)) - Successfully un-registered JMX Bean with object name Ratis:service=RaftServer,group=group-5F07613C7B2F,id=d4521489-b07b-40df-b782-643d3d9f668f
2019-10-23 10:31:44,875 [main] INFO  util.JmxRegister (JmxRegister.java:unregister(73)) - Successfully un-registered JMX Bean with object name Ratis:service=RaftServer,group=group-5F07613C7B2F,id=610dfa1b-26fc-4b7d-9d42-62deed922725
2019-10-23 10:31:44,875 [ForkJoinPool.commonPool-worker-1] INFO  impl.RoleInfo (RoleInfo.java:shutdownFollowerState(121)) - d4521489-b07b-40df-b782-643d3d9f668f: shutdown FollowerState
2019-10-23 10:31:44,875 [main] INFO  impl.RoleInfo (RoleInfo.java:shutdownFollowerState(121)) - 610dfa1b-26fc-4b7d-9d42-62deed922725: shutdown FollowerState
2019-10-23 10:31:44,876 [Thread-226] INFO  impl.FollowerState (FollowerState.java:run(120)) - d4521489-b07b-40df-b782-643d3d9f668f@group-5F07613C7B2F-FollowerState was interrupted: java.lang.InterruptedException: sleep interrupted
2019-10-23 10:31:44,875 [ForkJoinPool.commonPool-worker-1] INFO  impl.StateMachineUpdater (StateMachineUpdater.java:stopAndJoin(136)) - d4521489-b07b-40df-b782-643d3d9f668f@group-5F07613C7B2F-StateMachineUpdater: set stopIndex = 0
2019-10-23 10:31:44,876 [Thread-225] INFO  impl.FollowerState (FollowerState.java:run(120)) - 610dfa1b-26fc-4b7d-9d42-62deed922725@group-5F07613C7B2F-FollowerState was interrupted: java.lang.InterruptedException: sleep interrupted
2019-10-23 10:31:44,876 [main] INFO  impl.StateMachineUpdater (StateMachineUpdater.java:stopAndJoin(136)) - 610dfa1b-26fc-4b7d-9d42-62deed922725@group-5F07613C7B2F-StateMachineUpdater: set stopIndex = 0
2019-10-23 10:31:44,878 [ForkJoinPool.commonPool-worker-1] INFO  impl.RaftServerImpl (ServerState.java:close(387)) - d4521489-b07b-40df-b782-643d3d9f668f@group-5F07613C7B2F: closes. applyIndex: 0
2019-10-23 10:31:44,879 [main] INFO  impl.RaftServerImpl (ServerState.java:close(387)) - 610dfa1b-26fc-4b7d-9d42-62deed922725@group-5F07613C7B2F: closes. applyIndex: 0
2019-10-23 10:31:44,880 [d4521489-b07b-40df-b782-643d3d9f668f@group-5F07613C7B2F-SegmentedRaftLogWorker] INFO  segmented.SegmentedRaftLogWorker (SegmentedRaftLogWorker.java:run(316)) - d4521489-b07b-40df-b782-643d3d9f668f@group-5F07613C7B2F-SegmentedRaftLogWorker was interrupted, exiting. There are 0 tasks remaining in the queue.
2019-10-23 10:31:44,880 [610dfa1b-26fc-4b7d-9d42-62deed922725@group-5F07613C7B2F-SegmentedRaftLogWorker] INFO  segmented.SegmentedRaftLogWorker (SegmentedRaftLogWorker.java:run(316)) - 610dfa1b-26fc-4b7d-9d42-62deed922725@group-5F07613C7B2F-SegmentedRaftLogWorker was interrupted, exiting. There are 0 tasks remaining in the queue.
2019-10-23 10:31:44,882 [ForkJoinPool.commonPool-worker-1] INFO  segmented.SegmentedRaftLogWorker (SegmentedRaftLogWorker.java:close(224)) - d4521489-b07b-40df-b782-643d3d9f668f@group-5F07613C7B2F-SegmentedRaftLogWorker close()
2019-10-23 10:31:44,883 [main] INFO  segmented.SegmentedRaftLogWorker (SegmentedRaftLogWorker.java:close(224)) - 610dfa1b-26fc-4b7d-9d42-62deed922725@group-5F07613C7B2F-SegmentedRaftLogWorker close()
2019-10-23 10:31:44,885 [ForkJoinPool.commonPool-worker-1] INFO  impl.RaftServerImpl (RaftServerImpl.java:lambda$shutdown$3(250)) - d4521489-b07b-40df-b782-643d3d9f668f@group-146170544A2D: shutdown
2019-10-23 10:31:44,887 [main] INFO  impl.RaftServerImpl (RaftServerImpl.java:lambda$shutdown$3(250)) - 610dfa1b-26fc-4b7d-9d42-62deed922725@group-B86022BDB7A4: shutdown
2019-10-23 10:31:44,887 [ForkJoinPool.commonPool-worker-1] INFO  util.JmxRegister (JmxRegister.java:unregister(73)) - Successfully un-registered JMX Bean with object name Ratis:service=RaftServer,group=group-146170544A2D,id=d4521489-b07b-40df-b782-643d3d9f668f
2019-10-23 10:31:44,887 [main] INFO  util.JmxRegister (JmxRegister.java:unregister(73)) - Successfully un-registered JMX Bean with object name Ratis:service=RaftServer,group=group-B86022BDB7A4,id=610dfa1b-26fc-4b7d-9d42-62deed922725
2019-10-23 10:31:44,888 [main] INFO  impl.RoleInfo (RoleInfo.java:shutdownLeaderState(104)) - 610dfa1b-26fc-4b7d-9d42-62deed922725: shutdown LeaderState
2019-10-23 10:31:44,888 [ForkJoinPool.commonPool-worker-1] INFO  impl.RoleInfo (RoleInfo.java:shutdownLeaderState(104)) - d4521489-b07b-40df-b782-643d3d9f668f: shutdown LeaderState
2019-10-23 10:31:44,888 [main] INFO  impl.PendingRequests (PendingRequests.java:sendNotLeaderResponses(206)) - 610dfa1b-26fc-4b7d-9d42-62deed922725@group-B86022BDB7A4-PendingRequests: sendNotLeaderResponses
2019-10-23 10:31:44,889 [ForkJoinPool.commonPool-worker-1] INFO  impl.PendingRequests (PendingRequests.java:sendNotLeaderResponses(206)) - d4521489-b07b-40df-b782-643d3d9f668f@group-146170544A2D-PendingRequests: sendNotLeaderResponses
2019-10-23 10:31:44,890 [main] INFO  impl.StateMachineUpdater (StateMachineUpdater.java:stopAndJoin(136)) - 610dfa1b-26fc-4b7d-9d42-62deed922725@group-B86022BDB7A4-StateMachineUpdater: set stopIndex = 0
2019-10-23 10:31:44,890 [ForkJoinPool.commonPool-worker-1] INFO  impl.StateMachineUpdater (StateMachineUpdater.java:stopAndJoin(136)) - d4521489-b07b-40df-b782-643d3d9f668f@group-146170544A2D-StateMachineUpdater: set stopIndex = 0
2019-10-23 10:31:44,891 [main] INFO  impl.RaftServerImpl (ServerState.java:close(387)) - 610dfa1b-26fc-4b7d-9d42-62deed922725@group-B86022BDB7A4: closes. applyIndex: 0
2019-10-23 10:31:44,892 [ForkJoinPool.commonPool-worker-1] INFO  impl.RaftServerImpl (ServerState.java:close(387)) - d4521489-b07b-40df-b782-643d3d9f668f@group-146170544A2D: closes. applyIndex: 0
2019-10-23 10:31:44,893 [610dfa1b-26fc-4b7d-9d42-62deed922725@group-B86022BDB7A4-SegmentedRaftLogWorker] INFO  segmented.SegmentedRaftLogWorker (SegmentedRaftLogWorker.java:run(316)) - 610dfa1b-26fc-4b7d-9d42-62deed922725@group-B86022BDB7A4-SegmentedRaftLogWorker was interrupted, exiting. There are 0 tasks remaining in the queue.
2019-10-23 10:31:44,893 [d4521489-b07b-40df-b782-643d3d9f668f@group-146170544A2D-SegmentedRaftLogWorker] INFO  segmented.SegmentedRaftLogWorker (SegmentedRaftLogWorker.java:run(316)) - d4521489-b07b-40df-b782-643d3d9f668f@group-146170544A2D-SegmentedRaftLogWorker was interrupted, exiting. There are 0 tasks remaining in the queue.
2019-10-23 10:31:44,895 [main] INFO  segmented.SegmentedRaftLogWorker (SegmentedRaftLogWorker.java:close(224)) - 610dfa1b-26fc-4b7d-9d42-62deed922725@group-B86022BDB7A4-SegmentedRaftLogWorker close()
2019-10-23 10:31:44,896 [ForkJoinPool.commonPool-worker-1] INFO  segmented.SegmentedRaftLogWorker (SegmentedRaftLogWorker.java:close(224)) - d4521489-b07b-40df-b782-643d3d9f668f@group-146170544A2D-SegmentedRaftLogWorker close()
2019-10-23 10:31:44,903 [main] INFO  server.GrpcService (GrpcService.java:closeImpl(164)) - 610dfa1b-26fc-4b7d-9d42-62deed922725: shutdown server with port 44415 now
2019-10-23 10:31:44,903 [ForkJoinPool.commonPool-worker-1] INFO  server.GrpcService (GrpcService.java:closeImpl(164)) - d4521489-b07b-40df-b782-643d3d9f668f: shutdown server with port 46158 now
2019-10-23 10:31:44,916 [grpc-default-executor-1] WARN  server.GrpcServerProtocolService (LogUtils.java:warn(134)) - d4521489-b07b-40df-b782-643d3d9f668f: installSnapshot onError, lastRequest: 3f37303c-849c-4514-a362-ee2255bb0cd2->d4521489-b07b-40df-b782-643d3d9f668f#3-t1, previous=(t:1, i:0), leaderCommit=0, initializing? false, entries: <empty>: org.apache.ratis.thirdparty.io.grpc.StatusRuntimeException: CANCELLED: cancelled before receiving half close
2019-10-23 10:31:44,916 [grpc-default-executor-4] WARN  server.GrpcServerProtocolService (LogUtils.java:warn(134)) - 610dfa1b-26fc-4b7d-9d42-62deed922725: installSnapshot onError, lastRequest: 3f37303c-849c-4514-a362-ee2255bb0cd2->610dfa1b-26fc-4b7d-9d42-62deed922725#3-t1, previous=(t:1, i:0), leaderCommit=0, initializing? false, entries: <empty>: org.apache.ratis.thirdparty.io.grpc.StatusRuntimeException: CANCELLED: cancelled before receiving half close
2019-10-23 10:31:44,917 [main] INFO  server.GrpcService (GrpcService.java:closeImpl(172)) - 610dfa1b-26fc-4b7d-9d42-62deed922725: shutdown server with port 44415 successfully
2019-10-23 10:31:44,917 [ForkJoinPool.commonPool-worker-1] INFO  server.GrpcService (GrpcService.java:closeImpl(172)) - d4521489-b07b-40df-b782-643d3d9f668f: shutdown server with port 46158 successfully
2019-10-23 10:31:44,919 [grpc-default-executor-2] WARN  server.GrpcLogAppender (LogUtils.java:warn(134)) - 3f37303c-849c-4514-a362-ee2255bb0cd2@group-5F07613C7B2F->d4521489-b07b-40df-b782-643d3d9f668f-AppendLogResponseHandler: Failed appendEntries: org.apache.ratis.thirdparty.io.grpc.StatusRuntimeException: CANCELLED: HTTP/2 error code: CANCEL
Received Rst Stream
2019-10-23 10:31:44,919 [grpc-default-executor-3] WARN  server.GrpcLogAppender (LogUtils.java:warn(134)) - 3f37303c-849c-4514-a362-ee2255bb0cd2@group-5F07613C7B2F->610dfa1b-26fc-4b7d-9d42-62deed922725-AppendLogResponseHandler: Failed appendEntries: org.apache.ratis.thirdparty.io.grpc.StatusRuntimeException: CANCELLED: HTTP/2 error code: CANCEL
Received Rst Stream
2019-10-23 10:31:44,929 [refreshUsed-/workdir/hadoop-ozone/integration-test/target/test-dir/MiniOzoneClusterImpl-9697133d-57c2-49c7-8250-61bfba9b3177/datanode-1/data/containers] WARN  fs.CachingGetSpaceUsed (CachingGetSpaceUsed.java:run(183)) - Thread Interrupted waiting to refresh disk information: sleep interrupted
2019-10-23 10:31:44,929 [refreshUsed-/workdir/hadoop-ozone/integration-test/target/test-dir/MiniOzoneClusterImpl-9697133d-57c2-49c7-8250-61bfba9b3177/datanode-0/data/containers] WARN  fs.CachingGetSpaceUsed (CachingGetSpaceUsed.java:run(183)) - Thread Interrupted waiting to refresh disk information: sleep interrupted
2019-10-23 10:31:44,951 [main] INFO  utils.BackgroundService (BackgroundService.java:shutdown(151)) - Shutting down service BlockDeletingService
2019-10-23 10:31:44,953 [ForkJoinPool.commonPool-worker-1] INFO  utils.BackgroundService (BackgroundService.java:shutdown(151)) - Shutting down service BlockDeletingService
2019-10-23 10:31:44,954 [main] INFO  statemachine.DatanodeStateMachine (DatanodeStateMachine.java:stopDaemon(395)) - Ozone container server stopped.
2019-10-23 10:31:44,956 [ForkJoinPool.commonPool-worker-1] INFO  statemachine.DatanodeStateMachine (DatanodeStateMachine.java:stopDaemon(395)) - Ozone container server stopped.
2019-10-23 10:31:44,958 [main] INFO  handler.ContextHandler (ContextHandler.java:doStop(910)) - Stopped o.e.j.w.WebAppContext@60325987{/,null,UNAVAILABLE}{/hddsDatanode}
2019-10-23 10:31:44,958 [ForkJoinPool.commonPool-worker-1] INFO  handler.ContextHandler (ContextHandler.java:doStop(910)) - Stopped o.e.j.w.WebAppContext@62e93c3a{/,null,UNAVAILABLE}{/hddsDatanode}
2019-10-23 10:31:44,959 [main] INFO  server.AbstractConnector (AbstractConnector.java:doStop(318)) - Stopped ServerConnector@2f37f1f9{HTTP/1.1,[http/1.1]}{0.0.0.0:0}
2019-10-23 10:31:44,959 [ForkJoinPool.commonPool-worker-1] INFO  server.AbstractConnector (AbstractConnector.java:doStop(318)) - Stopped ServerConnector@673919a7{HTTP/1.1,[http/1.1]}{0.0.0.0:0}
2019-10-23 10:31:44,960 [main] INFO  handler.ContextHandler (ContextHandler.java:doStop(910)) - Stopped o.e.j.s.ServletContextHandler@1e8ab90f{/static,jar:file:/home/user/.m2/repository/org/apache/hadoop/hadoop-hdds-container-service/0.5.0-SNAPSHOT/hadoop-hdds-container-service-0.5.0-SNAPSHOT.jar!/webapps/static,UNAVAILABLE}
2019-10-23 10:31:44,960 [ForkJoinPool.commonPool-worker-1] INFO  handler.ContextHandler (ContextHandler.java:doStop(910)) - Stopped o.e.j.s.ServletContextHandler@216e0771{/static,jar:file:/home/user/.m2/repository/org/apache/hadoop/hadoop-hdds-container-service/0.5.0-SNAPSHOT/hadoop-hdds-container-service-0.5.0-SNAPSHOT.jar!/webapps/static,UNAVAILABLE}
2019-10-23 10:31:44,960 [main] INFO  handler.ContextHandler (ContextHandler.java:doStop(910)) - Stopped o.e.j.s.ServletContextHandler@30364216{/logs,file:///workdir/hadoop-ozone/integration-test/target/log,UNAVAILABLE}
2019-10-23 10:31:44,961 [ForkJoinPool.commonPool-worker-1] INFO  handler.ContextHandler (ContextHandler.java:doStop(910)) - Stopped o.e.j.s.ServletContextHandler@44bd4b0a{/logs,file:///workdir/hadoop-ozone/integration-test/target/log,UNAVAILABLE}
2019-10-23 10:31:44,971 [Datanode State Machine Thread - 0] INFO  statemachine.DatanodeStateMachine (DatanodeStateMachine.java:lambda$startDaemon$0(350)) - Ozone container server started.
2019-10-23 10:31:49,634 [java.util.concurrent.ThreadPoolExecutor$Worker@1523b168[State = -1, empty queue]] WARN  server.GrpcLogAppender (GrpcLogAppender.java:timeoutAppendRequest(209)) - 3f37303c-849c-4514-a362-ee2255bb0cd2@group-5F07613C7B2F->610dfa1b-26fc-4b7d-9d42-62deed922725-GrpcLogAppender: appendEntries Timeout, request=3f37303c-849c-4514-a362-ee2255bb0cd2->610dfa1b-26fc-4b7d-9d42-62deed922725#4-t1, previous=(t:1, i:0), leaderCommit=0, initializing? false, entries: <empty>
2019-10-23 10:31:49,634 [java.util.concurrent.ThreadPoolExecutor$Worker@2b7dbe85[State = -1, empty queue]] WARN  server.GrpcLogAppender (GrpcLogAppender.java:timeoutAppendRequest(209)) - 3f37303c-849c-4514-a362-ee2255bb0cd2@group-5F07613C7B2F->d4521489-b07b-40df-b782-643d3d9f668f-GrpcLogAppender: appendEntries Timeout, request=3f37303c-849c-4514-a362-ee2255bb0cd2->d4521489-b07b-40df-b782-643d3d9f668f#4-t1, previous=(t:1, i:0), leaderCommit=0, initializing? false, entries: <empty>
2019-10-23 10:31:49,963 [main] INFO  ozoneimpl.OzoneContainer (OzoneContainer.java:stop(227)) - Attempting to stop container services.
2019-10-23 10:31:49,964 [main] INFO  impl.RaftServerProxy (RaftServerProxy.java:lambda$close$4(314)) - 3f37303c-849c-4514-a362-ee2255bb0cd2: close
2019-10-23 10:31:49,965 [main] INFO  impl.RaftServerImpl (RaftServerImpl.java:lambda$shutdown$3(250)) - 3f37303c-849c-4514-a362-ee2255bb0cd2@group-5F07613C7B2F: shutdown
2019-10-23 10:31:49,965 [main] INFO  util.JmxRegister (JmxRegister.java:unregister(73)) - Successfully un-registered JMX Bean with object name Ratis:service=RaftServer,group=group-5F07613C7B2F,id=3f37303c-849c-4514-a362-ee2255bb0cd2
2019-10-23 10:31:49,966 [main] INFO  impl.RoleInfo (RoleInfo.java:shutdownLeaderState(104)) - 3f37303c-849c-4514-a362-ee2255bb0cd2: shutdown LeaderState
2019-10-23 10:31:49,967 [org.apache.ratis.server.impl.LogAppender$AppenderDaemon$$Lambda$375/2145018194@240dcbcc] WARN  server.GrpcLogAppender (GrpcLogAppender.java:mayWait(149)) - 3f37303c-849c-4514-a362-ee2255bb0cd2@group-5F07613C7B2F->d4521489-b07b-40df-b782-643d3d9f668f-GrpcLogAppender: Wait interrupted by java.lang.InterruptedException
2019-10-23 10:31:49,967 [main] INFO  impl.PendingRequests (PendingRequests.java:sendNotLeaderResponses(206)) - 3f37303c-849c-4514-a362-ee2255bb0cd2@group-5F07613C7B2F-PendingRequests: sendNotLeaderResponses
2019-10-23 10:31:49,967 [org.apache.ratis.server.impl.LogAppender$AppenderDaemon$$Lambda$375/2145018194@d5a3896] WARN  server.GrpcLogAppender (GrpcLogAppender.java:mayWait(149)) - 3f37303c-849c-4514-a362-ee2255bb0cd2@group-5F07613C7B2F->610dfa1b-26fc-4b7d-9d42-62deed922725-GrpcLogAppender: Wait interrupted by java.lang.InterruptedException
2019-10-23 10:31:49,968 [main] INFO  impl.StateMachineUpdater (StateMachineUpdater.java:stopAndJoin(136)) - 3f37303c-849c-4514-a362-ee2255bb0cd2@group-5F07613C7B2F-StateMachineUpdater: set stopIndex = 0
2019-10-23 10:31:49,971 [main] INFO  impl.RaftServerImpl (ServerState.java:close(387)) - 3f37303c-849c-4514-a362-ee2255bb0cd2@group-5F07613C7B2F: closes. applyIndex: 0
2019-10-23 10:31:49,972 [3f37303c-849c-4514-a362-ee2255bb0cd2@group-5F07613C7B2F-SegmentedRaftLogWorker] INFO  segmented.SegmentedRaftLogWorker (SegmentedRaftLogWorker.java:run(316)) - 3f37303c-849c-4514-a362-ee2255bb0cd2@group-5F07613C7B2F-SegmentedRaftLogWorker was interrupted, exiting. There are 0 tasks remaining in the queue.
2019-10-23 10:31:49,978 [main] INFO  segmented.SegmentedRaftLogWorker (SegmentedRaftLogWorker.java:close(224)) - 3f37303c-849c-4514-a362-ee2255bb0cd2@group-5F07613C7B2F-SegmentedRaftLogWorker close()
2019-10-23 10:31:49,979 [main] INFO  impl.RaftServerImpl (RaftServerImpl.java:lambda$shutdown$3(250)) - 3f37303c-849c-4514-a362-ee2255bb0cd2@group-D038B685FA7B: shutdown
2019-10-23 10:31:49,979 [main] INFO  util.JmxRegister (JmxRegister.java:unregister(73)) - Successfully un-registered JMX Bean with object name Ratis:service=RaftServer,group=group-D038B685FA7B,id=3f37303c-849c-4514-a362-ee2255bb0cd2
2019-10-23 10:31:49,979 [main] INFO  impl.RoleInfo (RoleInfo.java:shutdownLeaderState(104)) - 3f37303c-849c-4514-a362-ee2255bb0cd2: shutdown LeaderState
2019-10-23 10:31:49,980 [main] INFO  impl.PendingRequests (PendingRequests.java:sendNotLeaderResponses(206)) - 3f37303c-849c-4514-a362-ee2255bb0cd2@group-D038B685FA7B-PendingRequests: sendNotLeaderResponses
2019-10-23 10:31:49,980 [main] INFO  impl.StateMachineUpdater (StateMachineUpdater.java:stopAndJoin(136)) - 3f37303c-849c-4514-a362-ee2255bb0cd2@group-D038B685FA7B-StateMachineUpdater: set stopIndex = 0
2019-10-23 10:31:49,980 [main] INFO  impl.RaftServerImpl (ServerState.java:close(387)) - 3f37303c-849c-4514-a362-ee2255bb0cd2@group-D038B685FA7B: closes. applyIndex: 0
2019-10-23 10:31:49,981 [3f37303c-849c-4514-a362-ee2255bb0cd2@group-D038B685FA7B-SegmentedRaftLogWorker] INFO  segmented.SegmentedRaftLogWorker (SegmentedRaftLogWorker.java:run(316)) - 3f37303c-849c-4514-a362-ee2255bb0cd2@group-D038B685FA7B-SegmentedRaftLogWorker was interrupted, exiting. There are 0 tasks remaining in the queue.
2019-10-23 10:31:49,981 [main] INFO  segmented.SegmentedRaftLogWorker (SegmentedRaftLogWorker.java:close(224)) - 3f37303c-849c-4514-a362-ee2255bb0cd2@group-D038B685FA7B-SegmentedRaftLogWorker close()
2019-10-23 10:31:49,983 [main] INFO  server.GrpcService (GrpcService.java:closeImpl(164)) - 3f37303c-849c-4514-a362-ee2255bb0cd2: shutdown server with port 41555 now
2019-10-23 10:31:49,984 [main] INFO  server.GrpcService (GrpcService.java:closeImpl(172)) - 3f37303c-849c-4514-a362-ee2255bb0cd2: shutdown server with port 41555 successfully
2019-10-23 10:31:49,991 [refreshUsed-/workdir/hadoop-ozone/integration-test/target/test-dir/MiniOzoneClusterImpl-9697133d-57c2-49c7-8250-61bfba9b3177/datanode-2/data/containers] WARN  fs.CachingGetSpaceUsed (CachingGetSpaceUsed.java:run(183)) - Thread Interrupted waiting to refresh disk information: sleep interrupted
2019-10-23 10:31:50,009 [main] INFO  utils.BackgroundService (BackgroundService.java:shutdown(151)) - Shutting down service BlockDeletingService
2019-10-23 10:31:50,011 [main] INFO  statemachine.DatanodeStateMachine (DatanodeStateMachine.java:stopDaemon(395)) - Ozone container server stopped.
2019-10-23 10:31:50,012 [main] INFO  handler.ContextHandler (ContextHandler.java:doStop(910)) - Stopped o.e.j.w.WebAppContext@9596ce8{/,null,UNAVAILABLE}{/hddsDatanode}
2019-10-23 10:31:50,013 [main] INFO  server.AbstractConnector (AbstractConnector.java:doStop(318)) - Stopped ServerConnector@75ae4a1f{HTTP/1.1,[http/1.1]}{0.0.0.0:0}
2019-10-23 10:31:50,013 [main] INFO  handler.ContextHandler (ContextHandler.java:doStop(910)) - Stopped o.e.j.s.ServletContextHandler@e5cbff2{/static,jar:file:/home/user/.m2/repository/org/apache/hadoop/hadoop-hdds-container-service/0.5.0-SNAPSHOT/hadoop-hdds-container-service-0.5.0-SNAPSHOT.jar!/webapps/static,UNAVAILABLE}
2019-10-23 10:31:50,014 [main] INFO  handler.ContextHandler (ContextHandler.java:doStop(910)) - Stopped o.e.j.s.ServletContextHandler@2127e66e{/logs,file:///workdir/hadoop-ozone/integration-test/target/log,UNAVAILABLE}
2019-10-23 10:31:50,014 [main] INFO  ozone.MiniOzoneClusterImpl (MiniOzoneClusterImpl.java:stopSCM(428)) - Stopping the StorageContainerManager
2019-10-23 10:31:50,015 [main] INFO  server.StorageContainerManager (StorageContainerManager.java:stop(810)) - Stopping Replication Manager Service.
2019-10-23 10:31:50,015 [main] INFO  container.ReplicationManager (ReplicationManager.java:stop(203)) - Stopping Replication Monitor Thread.
2019-10-23 10:31:50,015 [main] INFO  server.StorageContainerManager (StorageContainerManager.java:stop(817)) - Stopping Lease Manager of the command watchers
2019-10-23 10:31:50,015 [main] INFO  server.StorageContainerManager (StorageContainerManager.java:stop(824)) - Stopping datanode service RPC server
2019-10-23 10:31:50,015 [main] INFO  server.SCMDatanodeProtocolServer (SCMDatanodeProtocolServer.java:stop(346)) - Stopping the RPC server for DataNodes
2019-10-23 10:31:50,016 [main] INFO  ipc.Server (Server.java:stop(3082)) - Stopping server on 39098
2019-10-23 10:31:50,016 [IPC Server listener on 39098] INFO  ipc.Server (Server.java:run(1185)) - Stopping IPC Server listener on 39098
2019-10-23 10:31:50,017 [IPC Server Responder] INFO  ipc.Server (Server.java:run(1319)) - Stopping IPC Server Responder
2019-10-23 10:31:50,114 [SCM Heartbeat Processing Thread - 0] WARN  node.NodeStateManager (NodeStateManager.java:scheduleNextHealthCheck(646)) - Current Thread is interrupted, shutting down HB processing thread for Node Manager.
2019-10-23 10:31:50,114 [main] INFO  server.StorageContainerManager (StorageContainerManager.java:stop(832)) - Stopping block service RPC server
2019-10-23 10:31:50,115 [main] INFO  server.SCMBlockProtocolServer (SCMBlockProtocolServer.java:stop(155)) - Stopping the RPC server for Block Protocol
2019-10-23 10:31:50,115 [main] INFO  ipc.Server (Server.java:stop(3082)) - Stopping server on 38653
2019-10-23 10:31:50,116 [main] INFO  server.StorageContainerManager (StorageContainerManager.java:stop(839)) - Stopping the StorageContainerLocationProtocol RPC server
2019-10-23 10:31:50,118 [IPC Server listener on 38653] INFO  ipc.Server (Server.java:run(1185)) - Stopping IPC Server listener on 38653
2019-10-23 10:31:50,118 [main] INFO  server.SCMClientProtocolServer (SCMClientProtocolServer.java:stop(168)) - Stopping the RPC server for Client Protocol
2019-10-23 10:31:50,118 [IPC Server Responder] INFO  ipc.Server (Server.java:run(1319)) - Stopping IPC Server Responder
2019-10-23 10:31:50,118 [main] INFO  ipc.Server (Server.java:stop(3082)) - Stopping server on 37485
2019-10-23 10:31:50,120 [IPC Server listener on 37485] INFO  ipc.Server (Server.java:run(1185)) - Stopping IPC Server listener on 37485
2019-10-23 10:31:50,120 [main] INFO  server.StorageContainerManager (StorageContainerManager.java:stop(846)) - Stopping Storage Container Manager HTTP server.
2019-10-23 10:31:50,121 [IPC Server Responder] INFO  ipc.Server (Server.java:run(1319)) - Stopping IPC Server Responder
2019-10-23 10:31:50,122 [main] INFO  handler.ContextHandler (ContextHandler.java:doStop(910)) - Stopped o.e.j.w.WebAppContext@724bade8{/,null,UNAVAILABLE}{/scm}
2019-10-23 10:31:50,122 [main] INFO  server.AbstractConnector (AbstractConnector.java:doStop(318)) - Stopped ServerConnector@24a1c17f{HTTP/1.1,[http/1.1]}{0.0.0.0:0}
2019-10-23 10:31:50,123 [main] INFO  handler.ContextHandler (ContextHandler.java:doStop(910)) - Stopped o.e.j.s.ServletContextHandler@78f5c518{/static,file:///workdir/hadoop-ozone/integration-test/target/test-classes/webapps/static,UNAVAILABLE}
2019-10-23 10:31:50,123 [main] INFO  handler.ContextHandler (ContextHandler.java:doStop(910)) - Stopped o.e.j.s.ServletContextHandler@4b2a01d4{/logs,file:///workdir/hadoop-ozone/integration-test/target/log,UNAVAILABLE}
2019-10-23 10:31:50,125 [main] INFO  server.StorageContainerManager (StorageContainerManager.java:stop(857)) - Stopping Block Manager Service.
2019-10-23 10:31:50,125 [main] INFO  utils.BackgroundService (BackgroundService.java:shutdown(151)) - Shutting down service SCMBlockDeletingService
2019-10-23 10:31:50,125 [main] INFO  utils.BackgroundService (BackgroundService.java:shutdown(151)) - Shutting down service SCMBlockDeletingService
2019-10-23 10:31:50,126 [main] INFO  server.StorageContainerManager (StorageContainerManager.java:stop(879)) - Stopping SCM Event Queue.
2019-10-23 10:31:50,133 [main] INFO  impl.MetricsSystemImpl (MetricsSystemImpl.java:stop(210)) - Stopping HddsDatanode metrics system...
2019-10-23 10:31:50,137 [prometheus] INFO  impl.MetricsSinkAdapter (MetricsSinkAdapter.java:publishMetricsFromQueue(141)) - prometheus thread interrupted.
2019-10-23 10:31:50,137 [main] INFO  impl.MetricsSystemImpl (MetricsSystemImpl.java:stop(216)) - HddsDatanode metrics system stopped.
]]></system-out>
    <system-err><![CDATA[ERROR StatusLogger No Log4j 2 configuration file found. Using default configuration (logging only errors to the console), or user programmatically provided configurations. Set system property 'log4j2.debug' to show Log4j 2 internal initialization logging. See https://logging.apache.org/log4j/2.x/manual/configuration.html for instructions on how to configure Log4j 2
Oct 23, 2019 10:31:44 AM org.apache.ratis.thirdparty.io.grpc.internal.SerializingExecutor run
SEVERE: Exception while executing runnable org.apache.ratis.thirdparty.io.grpc.internal.ClientCallImpl$ClientStreamListenerImpl$1StreamClosed@11bb01af
java.lang.NullPointerException
	at org.apache.ratis.grpc.server.GrpcLogAppender$AppendLogResponseHandler.onError(GrpcLogAppender.java:303)
	at org.apache.ratis.thirdparty.io.grpc.stub.ClientCalls$StreamObserverToCallListenerAdapter.onClose(ClientCalls.java:434)
	at org.apache.ratis.thirdparty.io.grpc.PartialForwardingClientCallListener.onClose(PartialForwardingClientCallListener.java:39)
	at org.apache.ratis.thirdparty.io.grpc.ForwardingClientCallListener.onClose(ForwardingClientCallListener.java:23)
	at org.apache.ratis.thirdparty.io.grpc.ForwardingClientCallListener$SimpleForwardingClientCallListener.onClose(ForwardingClientCallListener.java:40)
	at org.apache.ratis.thirdparty.io.grpc.internal.CensusStatsModule$StatsClientInterceptor$1$1.onClose(CensusStatsModule.java:678)
	at org.apache.ratis.thirdparty.io.grpc.PartialForwardingClientCallListener.onClose(PartialForwardingClientCallListener.java:39)
	at org.apache.ratis.thirdparty.io.grpc.ForwardingClientCallListener.onClose(ForwardingClientCallListener.java:23)
	at org.apache.ratis.thirdparty.io.grpc.ForwardingClientCallListener$SimpleForwardingClientCallListener.onClose(ForwardingClientCallListener.java:40)
	at org.apache.ratis.thirdparty.io.grpc.internal.CensusTracingModule$TracingClientInterceptor$1$1.onClose(CensusTracingModule.java:397)
	at org.apache.ratis.thirdparty.io.grpc.internal.ClientCallImpl.closeObserver(ClientCallImpl.java:459)
	at org.apache.ratis.thirdparty.io.grpc.internal.ClientCallImpl.access$300(ClientCallImpl.java:63)
	at org.apache.ratis.thirdparty.io.grpc.internal.ClientCallImpl$ClientStreamListenerImpl.close(ClientCallImpl.java:546)
	at org.apache.ratis.thirdparty.io.grpc.internal.ClientCallImpl$ClientStreamListenerImpl.access$600(ClientCallImpl.java:467)
	at org.apache.ratis.thirdparty.io.grpc.internal.ClientCallImpl$ClientStreamListenerImpl$1StreamClosed.runInContext(ClientCallImpl.java:584)
	at org.apache.ratis.thirdparty.io.grpc.internal.ContextRunnable.run(ContextRunnable.java:37)
	at org.apache.ratis.thirdparty.io.grpc.internal.SerializingExecutor.run(SerializingExecutor.java:123)
	at java.util.concurrent.ThreadPoolExecutor.runWorker(ThreadPoolExecutor.java:1149)
	at java.util.concurrent.ThreadPoolExecutor$Worker.run(ThreadPoolExecutor.java:624)
	at java.lang.Thread.run(Thread.java:748)

Oct 23, 2019 10:31:44 AM org.apache.ratis.thirdparty.io.grpc.internal.SerializingExecutor run
SEVERE: Exception while executing runnable org.apache.ratis.thirdparty.io.grpc.internal.ServerImpl$JumpToApplicationThreadServerStreamListener$1Closed@e704a4a
org.apache.ratis.thirdparty.io.grpc.StatusRuntimeException: CANCELLED: call already cancelled
	at org.apache.ratis.thirdparty.io.grpc.Status.asRuntimeException(Status.java:517)
	at org.apache.ratis.thirdparty.io.grpc.stub.ServerCalls$ServerCallStreamObserverImpl.onCompleted(ServerCalls.java:356)
	at org.apache.ratis.grpc.server.GrpcServerProtocolService$ServerRequestStreamObserver.onError(GrpcServerProtocolService.java:121)
	at org.apache.ratis.thirdparty.io.grpc.stub.ServerCalls$StreamingServerCallHandler$StreamingServerCallListener.onCancel(ServerCalls.java:269)
	at org.apache.ratis.thirdparty.io.grpc.internal.ServerCallImpl$ServerStreamListenerImpl.closed(ServerCallImpl.java:293)
	at org.apache.ratis.thirdparty.io.grpc.internal.ServerImpl$JumpToApplicationThreadServerStreamListener$1Closed.runInContext(ServerImpl.java:741)
	at org.apache.ratis.thirdparty.io.grpc.internal.ContextRunnable.run(ContextRunnable.java:37)
	at org.apache.ratis.thirdparty.io.grpc.internal.SerializingExecutor.run(SerializingExecutor.java:123)
	at java.util.concurrent.ThreadPoolExecutor.runWorker(ThreadPoolExecutor.java:1149)
	at java.util.concurrent.ThreadPoolExecutor$Worker.run(ThreadPoolExecutor.java:624)
	at java.lang.Thread.run(Thread.java:748)

Oct 23, 2019 10:31:44 AM org.apache.ratis.thirdparty.io.grpc.internal.SerializingExecutor run
SEVERE: Exception while executing runnable org.apache.ratis.thirdparty.io.grpc.internal.ServerImpl$JumpToApplicationThreadServerStreamListener$1Closed@7313a7a8
org.apache.ratis.thirdparty.io.grpc.StatusRuntimeException: CANCELLED: call already cancelled
	at org.apache.ratis.thirdparty.io.grpc.Status.asRuntimeException(Status.java:517)
	at org.apache.ratis.thirdparty.io.grpc.stub.ServerCalls$ServerCallStreamObserverImpl.onCompleted(ServerCalls.java:356)
	at org.apache.ratis.grpc.server.GrpcServerProtocolService$ServerRequestStreamObserver.onError(GrpcServerProtocolService.java:121)
	at org.apache.ratis.thirdparty.io.grpc.stub.ServerCalls$StreamingServerCallHandler$StreamingServerCallListener.onCancel(ServerCalls.java:269)
	at org.apache.ratis.thirdparty.io.grpc.internal.ServerCallImpl$ServerStreamListenerImpl.closed(ServerCallImpl.java:293)
	at org.apache.ratis.thirdparty.io.grpc.internal.ServerImpl$JumpToApplicationThreadServerStreamListener$1Closed.runInContext(ServerImpl.java:741)
	at org.apache.ratis.thirdparty.io.grpc.internal.ContextRunnable.run(ContextRunnable.java:37)
	at org.apache.ratis.thirdparty.io.grpc.internal.SerializingExecutor.run(SerializingExecutor.java:123)
	at java.util.concurrent.ThreadPoolExecutor.runWorker(ThreadPoolExecutor.java:1149)
	at java.util.concurrent.ThreadPoolExecutor$Worker.run(ThreadPoolExecutor.java:624)
	at java.lang.Thread.run(Thread.java:748)

Oct 23, 2019 10:31:44 AM org.apache.ratis.thirdparty.io.grpc.internal.SerializingExecutor run
SEVERE: Exception while executing runnable org.apache.ratis.thirdparty.io.grpc.internal.ClientCallImpl$ClientStreamListenerImpl$1StreamClosed@61b12f78
java.lang.NullPointerException
	at org.apache.ratis.grpc.server.GrpcLogAppender$AppendLogResponseHandler.onError(GrpcLogAppender.java:303)
	at org.apache.ratis.thirdparty.io.grpc.stub.ClientCalls$StreamObserverToCallListenerAdapter.onClose(ClientCalls.java:434)
	at org.apache.ratis.thirdparty.io.grpc.PartialForwardingClientCallListener.onClose(PartialForwardingClientCallListener.java:39)
	at org.apache.ratis.thirdparty.io.grpc.ForwardingClientCallListener.onClose(ForwardingClientCallListener.java:23)
	at org.apache.ratis.thirdparty.io.grpc.ForwardingClientCallListener$SimpleForwardingClientCallListener.onClose(ForwardingClientCallListener.java:40)
	at org.apache.ratis.thirdparty.io.grpc.internal.CensusStatsModule$StatsClientInterceptor$1$1.onClose(CensusStatsModule.java:678)
	at org.apache.ratis.thirdparty.io.grpc.PartialForwardingClientCallListener.onClose(PartialForwardingClientCallListener.java:39)
	at org.apache.ratis.thirdparty.io.grpc.ForwardingClientCallListener.onClose(ForwardingClientCallListener.java:23)
	at org.apache.ratis.thirdparty.io.grpc.ForwardingClientCallListener$SimpleForwardingClientCallListener.onClose(ForwardingClientCallListener.java:40)
	at org.apache.ratis.thirdparty.io.grpc.internal.CensusTracingModule$TracingClientInterceptor$1$1.onClose(CensusTracingModule.java:397)
	at org.apache.ratis.thirdparty.io.grpc.internal.ClientCallImpl.closeObserver(ClientCallImpl.java:459)
	at org.apache.ratis.thirdparty.io.grpc.internal.ClientCallImpl.access$300(ClientCallImpl.java:63)
	at org.apache.ratis.thirdparty.io.grpc.internal.ClientCallImpl$ClientStreamListenerImpl.close(ClientCallImpl.java:546)
	at org.apache.ratis.thirdparty.io.grpc.internal.ClientCallImpl$ClientStreamListenerImpl.access$600(ClientCallImpl.java:467)
	at org.apache.ratis.thirdparty.io.grpc.internal.ClientCallImpl$ClientStreamListenerImpl$1StreamClosed.runInContext(ClientCallImpl.java:584)
	at org.apache.ratis.thirdparty.io.grpc.internal.ContextRunnable.run(ContextRunnable.java:37)
	at org.apache.ratis.thirdparty.io.grpc.internal.SerializingExecutor.run(SerializingExecutor.java:123)
	at java.util.concurrent.ThreadPoolExecutor.runWorker(ThreadPoolExecutor.java:1149)
	at java.util.concurrent.ThreadPoolExecutor$Worker.run(ThreadPoolExecutor.java:624)
	at java.lang.Thread.run(Thread.java:748)

]]></system-err>
  </testcase>
  <testcase name="testNumBlocksAllocated" classname="org.apache.hadoop.ozone.scm.pipeline.TestSCMPipelineMetrics" time="24.508"/>
  <testcase name="testPipelineCreation" classname="org.apache.hadoop.ozone.scm.pipeline.TestSCMPipelineMetrics" time="24.394"/>
</testsuite>