<?xml version="1.0" encoding="UTF-8"?>
<testsuite xmlns:xsi="http://www.w3.org/2001/XMLSchema-instance" xsi:noNamespaceSchemaLocation="https://maven.apache.org/surefire/maven-surefire-plugin/xsd/surefire-test-report.xsd" name="org.apache.hadoop.ozone.client.rpc.TestContainerStateMachine" time="111.859" tests="2" errors="1" skipped="0" failures="0">
  <properties>
    <property name="awt.toolkit" value="sun.awt.X11.XToolkit"/>
    <property name="file.encoding.pkg" value="sun.io"/>
    <property name="java.specification.version" value="1.8"/>
    <property name="sun.cpu.isalist" value=""/>
    <property name="sun.jnu.encoding" value="ANSI_X3.4-1968"/>
    <property name="java.class.path" value="/workdir/hadoop-ozone/integration-test/target/test-classes:/workdir/hadoop-ozone/integration-test/target/classes:/home/user/.m2/repository/org/apache/hadoop/hadoop-ozone-common/0.5.0-SNAPSHOT/hadoop-ozone-common-0.5.0-SNAPSHOT.jar:/home/user/.m2/repository/org/apache/commons/commons-compress/1.4.1/commons-compress-1.4.1.jar:/home/user/.m2/repository/org/tukaani/xz/1.0/xz-1.0.jar:/home/user/.m2/repository/org/apache/hadoop/hadoop-common/3.2.0/hadoop-common-3.2.0.jar:/home/user/.m2/repository/org/apache/hadoop/hadoop-hdfs/3.2.0/hadoop-hdfs-3.2.0.jar:/home/user/.m2/repository/org/apache/hadoop/hadoop-hdfs-client/3.2.0/hadoop-hdfs-client-3.2.0.jar:/home/user/.m2/repository/com/fasterxml/jackson/core/jackson-annotations/2.9.9/jackson-annotations-2.9.9.jar:/home/user/.m2/repository/org/apache/hadoop/hadoop-hdds-common/0.5.0-SNAPSHOT/hadoop-hdds-common-0.5.0-SNAPSHOT.jar:/home/user/.m2/repository/javax/annotation/javax.annotation-api/1.2/javax.annotation-api-1.2.jar:/home/user/.m2/repository/org/apache/ratis/ratis-server/0.5.0-ced7dbf-SNAPSHOT/ratis-server-0.5.0-ced7dbf-SNAPSHOT.jar:/home/user/.m2/repository/org/apache/ratis/ratis-thirdparty-misc/0.2.0/ratis-thirdparty-misc-0.2.0.jar:/home/user/.m2/repository/org/apache/ratis/ratis-proto/0.5.0-ced7dbf-SNAPSHOT/ratis-proto-0.5.0-ced7dbf-SNAPSHOT.jar:/home/user/.m2/repository/org/apache/ratis/ratis-common/0.5.0-ced7dbf-SNAPSHOT/ratis-common-0.5.0-ced7dbf-SNAPSHOT.jar:/home/user/.m2/repository/org/apache/ratis/ratis-client/0.5.0-ced7dbf-SNAPSHOT/ratis-client-0.5.0-ced7dbf-SNAPSHOT.jar:/home/user/.m2/repository/org/apache/ratis/ratis-metrics/0.5.0-ced7dbf-SNAPSHOT/ratis-metrics-0.5.0-ced7dbf-SNAPSHOT.jar:/home/user/.m2/repository/org/apache/ratis/ratis-netty/0.5.0-ced7dbf-SNAPSHOT/ratis-netty-0.5.0-ced7dbf-SNAPSHOT.jar:/home/user/.m2/repository/org/apache/ratis/ratis-grpc/0.5.0-ced7dbf-SNAPSHOT/ratis-grpc-0.5.0-ced7dbf-SNAPSHOT.jar:/home/user/.m2/repository/org/rocksdb/rocksdbjni/6.0.1/rocksdbjni-6.0.1.jar:/home/user/.m2/repository/org/apache/logging/log4j/log4j-api/2.11.0/log4j-api-2.11.0.jar:/home/user/.m2/repository/org/apache/logging/log4j/log4j-core/2.11.0/log4j-core-2.11.0.jar:/home/user/.m2/repository/com/lmax/disruptor/3.4.2/disruptor-3.4.2.jar:/home/user/.m2/repository/org/apache/commons/commons-pool2/2.6.0/commons-pool2-2.6.0.jar:/home/user/.m2/repository/org/bouncycastle/bcpkix-jdk15on/1.60/bcpkix-jdk15on-1.60.jar:/home/user/.m2/repository/commons-validator/commons-validator/1.6/commons-validator-1.6.jar:/home/user/.m2/repository/commons-digester/commons-digester/1.8.1/commons-digester-1.8.1.jar:/home/user/.m2/repository/io/jaegertracing/jaeger-client/0.34.0/jaeger-client-0.34.0.jar:/home/user/.m2/repository/io/jaegertracing/jaeger-thrift/0.34.0/jaeger-thrift-0.34.0.jar:/home/user/.m2/repository/org/apache/thrift/libthrift/0.12.0/libthrift-0.12.0.jar:/home/user/.m2/repository/com/squareup/okhttp3/okhttp/3.9.0/okhttp-3.9.0.jar:/home/user/.m2/repository/com/squareup/okio/okio/1.13.0/okio-1.13.0.jar:/home/user/.m2/repository/io/jaegertracing/jaeger-core/0.34.0/jaeger-core-0.34.0.jar:/home/user/.m2/repository/io/jaegertracing/jaeger-tracerresolver/0.34.0/jaeger-tracerresolver-0.34.0.jar:/home/user/.m2/repository/io/opentracing/contrib/opentracing-tracerresolver/0.1.5/opentracing-tracerresolver-0.1.5.jar:/home/user/.m2/repository/io/opentracing/opentracing-util/0.31.0/opentracing-util-0.31.0.jar:/home/user/.m2/repository/io/opentracing/opentracing-api/0.31.0/opentracing-api-0.31.0.jar:/home/user/.m2/repository/io/opentracing/opentracing-noop/0.31.0/opentracing-noop-0.31.0.jar:/home/user/.m2/repository/org/apache/hadoop/hadoop-hdds-server-framework/0.5.0-SNAPSHOT/hadoop-hdds-server-framework-0.5.0-SNAPSHOT.jar:/home/user/.m2/repository/org/apache/hadoop/hadoop-hdds-container-service/0.5.0-SNAPSHOT/hadoop-hdds-container-service-0.5.0-SNAPSHOT.jar:/home/user/.m2/repository/org/apache/hadoop/hadoop-hdds-client/0.5.0-SNAPSHOT/hadoop-hdds-client-0.5.0-SNAPSHOT.jar:/home/user/.m2/repository/org/apache/hadoop/hadoop-hdds-tools/0.5.0-SNAPSHOT/hadoop-hdds-tools-0.5.0-SNAPSHOT.jar:/home/user/.m2/repository/org/apache/hadoop/hadoop-hdds-server-scm/0.5.0-SNAPSHOT/hadoop-hdds-server-scm-0.5.0-SNAPSHOT.jar:/home/user/.m2/repository/org/apache/hadoop/hadoop-hdds-docs/0.5.0-SNAPSHOT/hadoop-hdds-docs-0.5.0-SNAPSHOT.jar:/home/user/.m2/repository/io/dropwizard/metrics/metrics-core/3.2.4/metrics-core-3.2.4.jar:/home/user/.m2/repository/org/hamcrest/hamcrest-all/1.3/hamcrest-all-1.3.jar:/home/user/.m2/repository/org/bouncycastle/bcprov-jdk15on/1.60/bcprov-jdk15on-1.60.jar:/home/user/.m2/repository/info/picocli/picocli/3.9.6/picocli-3.9.6.jar:/home/user/.m2/repository/com/google/protobuf/protobuf-java/2.5.0/protobuf-java-2.5.0.jar:/home/user/.m2/repository/com/google/guava/guava/11.0.2/guava-11.0.2.jar:/home/user/.m2/repository/org/apache/hadoop/hadoop-ozone-ozone-manager/0.5.0-SNAPSHOT/hadoop-ozone-ozone-manager-0.5.0-SNAPSHOT.jar:/home/user/.m2/repository/org/apache/hadoop/hadoop-minikdc/3.2.0/hadoop-minikdc-3.2.0.jar:/home/user/.m2/repository/commons-io/commons-io/2.5/commons-io-2.5.jar:/home/user/.m2/repository/org/apache/kerby/kerb-simplekdc/1.0.1/kerb-simplekdc-1.0.1.jar:/home/user/.m2/repository/org/apache/kerby/kerb-client/1.0.1/kerb-client-1.0.1.jar:/home/user/.m2/repository/org/apache/kerby/kerby-config/1.0.1/kerby-config-1.0.1.jar:/home/user/.m2/repository/org/apache/kerby/kerb-core/1.0.1/kerb-core-1.0.1.jar:/home/user/.m2/repository/org/apache/kerby/kerby-pkix/1.0.1/kerby-pkix-1.0.1.jar:/home/user/.m2/repository/org/apache/kerby/kerby-asn1/1.0.1/kerby-asn1-1.0.1.jar:/home/user/.m2/repository/org/apache/kerby/kerby-util/1.0.1/kerby-util-1.0.1.jar:/home/user/.m2/repository/org/apache/kerby/kerb-common/1.0.1/kerb-common-1.0.1.jar:/home/user/.m2/repository/org/apache/kerby/kerb-crypto/1.0.1/kerb-crypto-1.0.1.jar:/home/user/.m2/repository/org/apache/kerby/kerb-util/1.0.1/kerb-util-1.0.1.jar:/home/user/.m2/repository/org/apache/kerby/token-provider/1.0.1/token-provider-1.0.1.jar:/home/user/.m2/repository/org/apache/kerby/kerb-admin/1.0.1/kerb-admin-1.0.1.jar:/home/user/.m2/repository/org/apache/kerby/kerb-server/1.0.1/kerb-server-1.0.1.jar:/home/user/.m2/repository/org/apache/kerby/kerb-identity/1.0.1/kerb-identity-1.0.1.jar:/home/user/.m2/repository/org/apache/kerby/kerby-xdr/1.0.1/kerby-xdr-1.0.1.jar:/home/user/.m2/repository/org/slf4j/slf4j-log4j12/1.7.25/slf4j-log4j12-1.7.25.jar:/home/user/.m2/repository/org/apache/hadoop/hadoop-ozone-s3gateway/0.5.0-SNAPSHOT/hadoop-ozone-s3gateway-0.5.0-SNAPSHOT.jar:/home/user/.m2/repository/org/jboss/weld/servlet/weld-servlet/2.4.7.Final/weld-servlet-2.4.7.Final.jar:/home/user/.m2/repository/org/glassfish/jersey/containers/jersey-container-servlet-core/2.27/jersey-container-servlet-core-2.27.jar:/home/user/.m2/repository/org/glassfish/hk2/external/javax.inject/2.5.0-b42/javax.inject-2.5.0-b42.jar:/home/user/.m2/repository/org/glassfish/jersey/core/jersey-common/2.27/jersey-common-2.27.jar:/home/user/.m2/repository/org/glassfish/hk2/osgi-resource-locator/1.0.1/osgi-resource-locator-1.0.1.jar:/home/user/.m2/repository/javax/ws/rs/javax.ws.rs-api/2.1/javax.ws.rs-api-2.1.jar:/home/user/.m2/repository/org/glassfish/jersey/ext/cdi/jersey-cdi1x/2.27/jersey-cdi1x-2.27.jar:/home/user/.m2/repository/org/glassfish/jersey/inject/jersey-hk2/2.27/jersey-hk2-2.27.jar:/home/user/.m2/repository/org/glassfish/hk2/hk2-locator/2.5.0-b42/hk2-locator-2.5.0-b42.jar:/home/user/.m2/repository/org/javassist/javassist/3.22.0-CR2/javassist-3.22.0-CR2.jar:/home/user/.m2/repository/org/glassfish/hk2/hk2-api/2.5.0/hk2-api-2.5.0.jar:/home/user/.m2/repository/org/glassfish/hk2/external/jakarta.inject/2.5.0/jakarta.inject-2.5.0.jar:/home/user/.m2/repository/org/glassfish/hk2/hk2-utils/2.5.0/hk2-utils-2.5.0.jar:/home/user/.m2/repository/jakarta/annotation/jakarta.annotation-api/1.3.4/jakarta.annotation-api-1.3.4.jar:/home/user/.m2/repository/org/glassfish/hk2/external/aopalliance-repackaged/2.5.0/aopalliance-repackaged-2.5.0.jar:/home/user/.m2/repository/com/fasterxml/jackson/dataformat/jackson-dataformat-xml/2.9.0/jackson-dataformat-xml-2.9.0.jar:/home/user/.m2/repository/com/fasterxml/jackson/core/jackson-core/2.9.9/jackson-core-2.9.9.jar:/home/user/.m2/repository/com/fasterxml/jackson/module/jackson-module-jaxb-annotations/2.9.9/jackson-module-jaxb-annotations-2.9.9.jar:/home/user/.m2/repository/javax/enterprise/cdi-api/1.2/cdi-api-1.2.jar:/home/user/.m2/repository/javax/el/javax.el-api/3.0.0/javax.el-api-3.0.0.jar:/home/user/.m2/repository/javax/interceptor/javax.interceptor-api/1.2/javax.interceptor-api-1.2.jar:/home/user/.m2/repository/javax/inject/javax.inject/1/javax.inject-1.jar:/home/user/.m2/repository/com/sun/xml/bind/jaxb-impl/2.3.0.1/jaxb-impl-2.3.0.1.jar:/home/user/.m2/repository/com/sun/xml/bind/jaxb-core/2.3.0.1/jaxb-core-2.3.0.1.jar:/home/user/.m2/repository/javax/xml/bind/jaxb-api/2.3.0/jaxb-api-2.3.0.jar:/home/user/.m2/repository/javax/activation/activation/1.1.1/activation-1.1.1.jar:/home/user/.m2/repository/org/apache/hadoop/hadoop-ozone-csi/0.5.0-SNAPSHOT/hadoop-ozone-csi-0.5.0-SNAPSHOT.jar:/home/user/.m2/repository/com/google/protobuf/protobuf-java-util/3.5.1/protobuf-java-util-3.5.1.jar:/home/user/.m2/repository/org/apache/hadoop/hadoop-hdds-config/0.5.0-SNAPSHOT/hadoop-hdds-config-0.5.0-SNAPSHOT.jar:/home/user/.m2/repository/io/grpc/grpc-netty/1.17.1/grpc-netty-1.17.1.jar:/home/user/.m2/repository/io/grpc/grpc-core/1.17.1/grpc-core-1.17.1.jar:/home/user/.m2/repository/io/grpc/grpc-context/1.17.1/grpc-context-1.17.1.jar:/home/user/.m2/repository/com/google/errorprone/error_prone_annotations/2.2.0/error_prone_annotations-2.2.0.jar:/home/user/.m2/repository/org/codehaus/mojo/animal-sniffer-annotations/1.17/animal-sniffer-annotations-1.17.jar:/home/user/.m2/repository/io/opencensus/opencensus-api/0.17.0/opencensus-api-0.17.0.jar:/home/user/.m2/repository/io/opencensus/opencensus-contrib-grpc-metrics/0.17.0/opencensus-contrib-grpc-metrics-0.17.0.jar:/home/user/.m2/repository/io/netty/netty-codec-http2/4.1.30.Final/netty-codec-http2-4.1.30.Final.jar:/home/user/.m2/repository/io/netty/netty-codec-http/4.1.30.Final/netty-codec-http-4.1.30.Final.jar:/home/user/.m2/repository/io/netty/netty-codec/4.1.30.Final/netty-codec-4.1.30.Final.jar:/home/user/.m2/repository/io/netty/netty-handler/4.1.30.Final/netty-handler-4.1.30.Final.jar:/home/user/.m2/repository/io/netty/netty-handler-proxy/4.1.30.Final/netty-handler-proxy-4.1.30.Final.jar:/home/user/.m2/repository/io/netty/netty-codec-socks/4.1.30.Final/netty-codec-socks-4.1.30.Final.jar:/home/user/.m2/repository/io/netty/netty-transport-native-epoll/4.1.30.Final/netty-transport-native-epoll-4.1.30.Final.jar:/home/user/.m2/repository/io/netty/netty-common/4.1.30.Final/netty-common-4.1.30.Final.jar:/home/user/.m2/repository/io/netty/netty-buffer/4.1.30.Final/netty-buffer-4.1.30.Final.jar:/home/user/.m2/repository/io/netty/netty-transport/4.1.30.Final/netty-transport-4.1.30.Final.jar:/home/user/.m2/repository/io/netty/netty-resolver/4.1.30.Final/netty-resolver-4.1.30.Final.jar:/home/user/.m2/repository/io/netty/netty-transport-native-unix-common/4.1.30.Final/netty-transport-native-unix-common-4.1.30.Final.jar:/home/user/.m2/repository/io/grpc/grpc-protobuf/1.17.1/grpc-protobuf-1.17.1.jar:/home/user/.m2/repository/com/google/api/grpc/proto-google-common-protos/1.0.0/proto-google-common-protos-1.0.0.jar:/home/user/.m2/repository/io/grpc/grpc-protobuf-lite/1.17.1/grpc-protobuf-lite-1.17.1.jar:/home/user/.m2/repository/io/grpc/grpc-stub/1.17.1/grpc-stub-1.17.1.jar:/home/user/.m2/repository/org/apache/hadoop/hadoop-ozone-recon/0.5.0-SNAPSHOT/hadoop-ozone-recon-0.5.0-SNAPSHOT.jar:/home/user/.m2/repository/org/apache/hadoop/hadoop-ozone-reconcodegen/0.5.0-SNAPSHOT/hadoop-ozone-reconcodegen-0.5.0-SNAPSHOT.jar:/home/user/.m2/repository/com/google/inject/extensions/guice-multibindings/4.0/guice-multibindings-4.0.jar:/home/user/.m2/repository/com/google/inject/guice/4.0/guice-4.0.jar:/home/user/.m2/repository/aopalliance/aopalliance/1.0/aopalliance-1.0.jar:/home/user/.m2/repository/com/google/inject/extensions/guice-servlet/4.0/guice-servlet-4.0.jar:/home/user/.m2/repository/org/glassfish/jersey/containers/jersey-container-servlet/2.27/jersey-container-servlet-2.27.jar:/home/user/.m2/repository/org/glassfish/hk2/guice-bridge/2.5.0/guice-bridge-2.5.0.jar:/home/user/.m2/repository/org/glassfish/jersey/core/jersey-server/2.27/jersey-server-2.27.jar:/home/user/.m2/repository/org/glassfish/jersey/core/jersey-client/2.27/jersey-client-2.27.jar:/home/user/.m2/repository/org/glassfish/jersey/media/jersey-media-jaxb/2.27/jersey-media-jaxb-2.27.jar:/home/user/.m2/repository/javax/validation/validation-api/1.1.0.Final/validation-api-1.1.0.Final.jar:/home/user/.m2/repository/org/glassfish/jersey/media/jersey-media-json-jackson/2.27/jersey-media-json-jackson-2.27.jar:/home/user/.m2/repository/org/glassfish/jersey/ext/jersey-entity-filtering/2.27/jersey-entity-filtering-2.27.jar:/home/user/.m2/repository/com/google/inject/extensions/guice-assistedinject/4.0/guice-assistedinject-4.0.jar:/home/user/.m2/repository/org/jooq/jooq/3.11.10/jooq-3.11.10.jar:/home/user/.m2/repository/org/jooq/jooq-meta/3.11.10/jooq-meta-3.11.10.jar:/home/user/.m2/repository/org/jooq/jooq-codegen/3.11.10/jooq-codegen-3.11.10.jar:/home/user/.m2/repository/com/jolbox/bonecp/0.8.0.RELEASE/bonecp-0.8.0.RELEASE.jar:/home/user/.m2/repository/org/xerial/sqlite-jdbc/3.25.2/sqlite-jdbc-3.25.2.jar:/home/user/.m2/repository/org/springframework/spring-jdbc/5.1.3.RELEASE/spring-jdbc-5.1.3.RELEASE.jar:/home/user/.m2/repository/org/springframework/spring-beans/5.1.3.RELEASE/spring-beans-5.1.3.RELEASE.jar:/home/user/.m2/repository/org/springframework/spring-core/5.1.3.RELEASE/spring-core-5.1.3.RELEASE.jar:/home/user/.m2/repository/org/springframework/spring-jcl/5.1.3.RELEASE/spring-jcl-5.1.3.RELEASE.jar:/home/user/.m2/repository/org/springframework/spring-tx/5.1.3.RELEASE/spring-tx-5.1.3.RELEASE.jar:/home/user/.m2/repository/org/apache/hadoop/hadoop-ozone-client/0.5.0-SNAPSHOT/hadoop-ozone-client-0.5.0-SNAPSHOT.jar:/home/user/.m2/repository/commons-lang/commons-lang/2.6/commons-lang-2.6.jar:/home/user/.m2/repository/org/apache/hadoop/hadoop-ozone-ozone-manager/0.5.0-SNAPSHOT/hadoop-ozone-ozone-manager-0.5.0-SNAPSHOT-tests.jar:/home/user/.m2/repository/junit/junit/4.11/junit-4.11.jar:/home/user/.m2/repository/org/hamcrest/hamcrest-core/1.3/hamcrest-core-1.3.jar:/home/user/.m2/repository/org/openjdk/jmh/jmh-core/1.19/jmh-core-1.19.jar:/home/user/.m2/repository/net/sf/jopt-simple/jopt-simple/4.6/jopt-simple-4.6.jar:/home/user/.m2/repository/org/apache/commons/commons-math3/3.1.1/commons-math3-3.1.1.jar:/home/user/.m2/repository/org/openjdk/jmh/jmh-generator-annprocess/1.19/jmh-generator-annprocess-1.19.jar:/home/user/.m2/repository/org/mockito/mockito-all/1.8.5/mockito-all-1.8.5.jar:/home/user/.m2/repository/org/apache/hadoop/hadoop-kms/3.2.0/hadoop-kms-3.2.0.jar:/home/user/.m2/repository/org/apache/hadoop/hadoop-auth/3.2.0/hadoop-auth-3.2.0.jar:/home/user/.m2/repository/com/nimbusds/nimbus-jose-jwt/4.41.1/nimbus-jose-jwt-4.41.1.jar:/home/user/.m2/repository/com/github/stephenc/jcip/jcip-annotations/1.0-1/jcip-annotations-1.0-1.jar:/home/user/.m2/repository/net/minidev/json-smart/2.3/json-smart-2.3.jar:/home/user/.m2/repository/net/minidev/accessors-smart/1.2/accessors-smart-1.2.jar:/home/user/.m2/repository/org/ow2/asm/asm/5.0.4/asm-5.0.4.jar:/home/user/.m2/repository/org/apache/curator/curator-framework/2.12.0/curator-framework-2.12.0.jar:/home/user/.m2/repository/com/sun/jersey/jersey-core/1.19/jersey-core-1.19.jar:/home/user/.m2/repository/javax/ws/rs/jsr311-api/1.1.1/jsr311-api-1.1.1.jar:/home/user/.m2/repository/com/sun/jersey/jersey-server/1.19/jersey-server-1.19.jar:/home/user/.m2/repository/javax/servlet/javax.servlet-api/3.1.0/javax.servlet-api-3.1.0.jar:/home/user/.m2/repository/org/eclipse/jetty/jetty-server/9.3.25.v20180904/jetty-server-9.3.25.v20180904.jar:/home/user/.m2/repository/org/eclipse/jetty/jetty-http/9.3.25.v20180904/jetty-http-9.3.25.v20180904.jar:/home/user/.m2/repository/org/eclipse/jetty/jetty-io/9.3.25.v20180904/jetty-io-9.3.25.v20180904.jar:/home/user/.m2/repository/org/eclipse/jetty/jetty-webapp/9.3.25.v20180904/jetty-webapp-9.3.25.v20180904.jar:/home/user/.m2/repository/org/eclipse/jetty/jetty-xml/9.3.25.v20180904/jetty-xml-9.3.25.v20180904.jar:/home/user/.m2/repository/log4j/log4j/1.2.17/log4j-1.2.17.jar:/home/user/.m2/repository/org/slf4j/slf4j-api/1.7.25/slf4j-api-1.7.25.jar:/home/user/.m2/repository/org/slf4j/jul-to-slf4j/1.7.25/jul-to-slf4j-1.7.25.jar:/home/user/.m2/repository/org/eclipse/jetty/jetty-util/9.3.25.v20180904/jetty-util-9.3.25.v20180904.jar:/home/user/.m2/repository/com/fasterxml/jackson/core/jackson-databind/2.9.9/jackson-databind-2.9.9.jar:/home/user/.m2/repository/org/apache/hadoop/hadoop-kms/3.2.0/hadoop-kms-3.2.0-tests.jar:/home/user/.m2/repository/org/apache/hadoop/hadoop-hdds-server-scm/0.5.0-SNAPSHOT/hadoop-hdds-server-scm-0.5.0-SNAPSHOT-tests.jar:/home/user/.m2/repository/org/apache/hadoop/hadoop-hdds-container-service/0.5.0-SNAPSHOT/hadoop-hdds-container-service-0.5.0-SNAPSHOT-tests.jar:/home/user/.m2/repository/org/yaml/snakeyaml/1.16/snakeyaml-1.16.jar:/home/user/.m2/repository/org/apache/hadoop/hadoop-common/3.2.0/hadoop-common-3.2.0-tests.jar:/home/user/.m2/repository/org/apache/hadoop/hadoop-annotations/3.2.0/hadoop-annotations-3.2.0.jar:/usr/lib/jvm/java-1.8.0-openjdk-1.8.0.222.b10-1.el7_7.x86_64/jre/../lib/tools.jar:/home/user/.m2/repository/commons-cli/commons-cli/1.2/commons-cli-1.2.jar:/home/user/.m2/repository/org/apache/httpcomponents/httpclient/4.5.2/httpclient-4.5.2.jar:/home/user/.m2/repository/org/apache/httpcomponents/httpcore/4.4.4/httpcore-4.4.4.jar:/home/user/.m2/repository/commons-codec/commons-codec/1.11/commons-codec-1.11.jar:/home/user/.m2/repository/commons-net/commons-net/3.6/commons-net-3.6.jar:/home/user/.m2/repository/commons-collections/commons-collections/3.2.2/commons-collections-3.2.2.jar:/home/user/.m2/repository/org/eclipse/jetty/jetty-servlet/9.3.25.v20180904/jetty-servlet-9.3.25.v20180904.jar:/home/user/.m2/repository/org/eclipse/jetty/jetty-security/9.3.25.v20180904/jetty-security-9.3.25.v20180904.jar:/home/user/.m2/repository/javax/servlet/jsp/jsp-api/2.1/jsp-api-2.1.jar:/home/user/.m2/repository/com/sun/jersey/jersey-servlet/1.19/jersey-servlet-1.19.jar:/home/user/.m2/repository/com/sun/jersey/jersey-json/1.19/jersey-json-1.19.jar:/home/user/.m2/repository/org/codehaus/jettison/jettison/1.1/jettison-1.1.jar:/home/user/.m2/repository/org/codehaus/jackson/jackson-core-asl/1.9.13/jackson-core-asl-1.9.13.jar:/home/user/.m2/repository/org/codehaus/jackson/jackson-mapper-asl/1.9.13/jackson-mapper-asl-1.9.13.jar:/home/user/.m2/repository/org/codehaus/jackson/jackson-jaxrs/1.9.13/jackson-jaxrs-1.9.13.jar:/home/user/.m2/repository/org/codehaus/jackson/jackson-xc/1.9.13/jackson-xc-1.9.13.jar:/home/user/.m2/repository/commons-logging/commons-logging/1.1.3/commons-logging-1.1.3.jar:/home/user/.m2/repository/commons-beanutils/commons-beanutils/1.9.4/commons-beanutils-1.9.4.jar:/home/user/.m2/repository/org/apache/commons/commons-configuration2/2.1.1/commons-configuration2-2.1.1.jar:/home/user/.m2/repository/org/apache/commons/commons-lang3/3.7/commons-lang3-3.7.jar:/home/user/.m2/repository/org/apache/commons/commons-text/1.4/commons-text-1.4.jar:/home/user/.m2/repository/org/apache/avro/avro/1.7.7/avro-1.7.7.jar:/home/user/.m2/repository/com/thoughtworks/paranamer/paranamer/2.3/paranamer-2.3.jar:/home/user/.m2/repository/org/xerial/snappy/snappy-java/1.0.5/snappy-java-1.0.5.jar:/home/user/.m2/repository/com/google/re2j/re2j/1.1/re2j-1.1.jar:/home/user/.m2/repository/com/google/code/gson/gson/2.2.4/gson-2.2.4.jar:/home/user/.m2/repository/com/jcraft/jsch/0.1.54/jsch-0.1.54.jar:/home/user/.m2/repository/org/apache/curator/curator-client/2.12.0/curator-client-2.12.0.jar:/home/user/.m2/repository/org/apache/curator/curator-recipes/2.12.0/curator-recipes-2.12.0.jar:/home/user/.m2/repository/com/google/code/findbugs/jsr305/3.0.0/jsr305-3.0.0.jar:/home/user/.m2/repository/org/apache/htrace/htrace-core4/4.1.0-incubating/htrace-core4-4.1.0-incubating.jar:/home/user/.m2/repository/org/apache/zookeeper/zookeeper/3.4.13/zookeeper-3.4.13.jar:/home/user/.m2/repository/jline/jline/0.9.94/jline-0.9.94.jar:/home/user/.m2/repository/org/apache/yetus/audience-annotations/0.5.0/audience-annotations-0.5.0.jar:/home/user/.m2/repository/org/codehaus/woodstox/stax2-api/3.1.4/stax2-api-3.1.4.jar:/home/user/.m2/repository/com/fasterxml/woodstox/woodstox-core/5.0.3/woodstox-core-5.0.3.jar:/home/user/.m2/repository/dnsjava/dnsjava/2.1.7/dnsjava-2.1.7.jar:/home/user/.m2/repository/org/apache/hadoop/hadoop-hdfs/3.2.0/hadoop-hdfs-3.2.0-tests.jar:/home/user/.m2/repository/org/eclipse/jetty/jetty-util-ajax/9.3.25.v20180904/jetty-util-ajax-9.3.25.v20180904.jar:/home/user/.m2/repository/commons-daemon/commons-daemon/1.0.13/commons-daemon-1.0.13.jar:/home/user/.m2/repository/io/netty/netty/3.10.5.Final/netty-3.10.5.Final.jar:/home/user/.m2/repository/io/netty/netty-all/4.0.52.Final/netty-all-4.0.52.Final.jar:/home/user/.m2/repository/org/fusesource/leveldbjni/leveldbjni-all/1.8/leveldbjni-all-1.8.jar:"/>
    <property name="java.vm.vendor" value="Oracle Corporation"/>
    <property name="sun.arch.data.model" value="64"/>
    <property name="test.build.dir" value="/workdir/hadoop-ozone/integration-test/target/test-dir"/>
    <property name="test.cache.data" value=""/>
    <property name="java.vendor.url" value="http://java.oracle.com/"/>
    <property name="user.timezone" value=""/>
    <property name="java.vm.specification.version" value="1.8"/>
    <property name="os.name" value="Linux"/>
    <property name="test.build.data" value="/workdir/hadoop-ozone/integration-test/target/test-dir"/>
    <property name="user.country" value="US"/>
    <property name="sun.java.launcher" value="SUN_STANDARD"/>
    <property name="sun.boot.library.path" value="/usr/lib/jvm/java-1.8.0-openjdk-1.8.0.222.b10-1.el7_7.x86_64/jre/lib/amd64"/>
    <property name="sun.java.command" value="/workdir/hadoop-ozone/integration-test/target/surefire/surefirebooter3360767336387784016.jar /workdir/hadoop-ozone/integration-test/target/surefire 2019-10-23T09-52-42_114-jvmRun1 surefire3894181235084069940tmp surefire_406376625538144613464tmp"/>
    <property name="surefire.test.class.path" value="/workdir/hadoop-ozone/integration-test/target/test-classes:/workdir/hadoop-ozone/integration-test/target/classes:/home/user/.m2/repository/org/apache/hadoop/hadoop-ozone-common/0.5.0-SNAPSHOT/hadoop-ozone-common-0.5.0-SNAPSHOT.jar:/home/user/.m2/repository/org/apache/commons/commons-compress/1.4.1/commons-compress-1.4.1.jar:/home/user/.m2/repository/org/tukaani/xz/1.0/xz-1.0.jar:/home/user/.m2/repository/org/apache/hadoop/hadoop-common/3.2.0/hadoop-common-3.2.0.jar:/home/user/.m2/repository/org/apache/hadoop/hadoop-hdfs/3.2.0/hadoop-hdfs-3.2.0.jar:/home/user/.m2/repository/org/apache/hadoop/hadoop-hdfs-client/3.2.0/hadoop-hdfs-client-3.2.0.jar:/home/user/.m2/repository/com/fasterxml/jackson/core/jackson-annotations/2.9.9/jackson-annotations-2.9.9.jar:/home/user/.m2/repository/org/apache/hadoop/hadoop-hdds-common/0.5.0-SNAPSHOT/hadoop-hdds-common-0.5.0-SNAPSHOT.jar:/home/user/.m2/repository/javax/annotation/javax.annotation-api/1.2/javax.annotation-api-1.2.jar:/home/user/.m2/repository/org/apache/ratis/ratis-server/0.5.0-ced7dbf-SNAPSHOT/ratis-server-0.5.0-ced7dbf-SNAPSHOT.jar:/home/user/.m2/repository/org/apache/ratis/ratis-thirdparty-misc/0.2.0/ratis-thirdparty-misc-0.2.0.jar:/home/user/.m2/repository/org/apache/ratis/ratis-proto/0.5.0-ced7dbf-SNAPSHOT/ratis-proto-0.5.0-ced7dbf-SNAPSHOT.jar:/home/user/.m2/repository/org/apache/ratis/ratis-common/0.5.0-ced7dbf-SNAPSHOT/ratis-common-0.5.0-ced7dbf-SNAPSHOT.jar:/home/user/.m2/repository/org/apache/ratis/ratis-client/0.5.0-ced7dbf-SNAPSHOT/ratis-client-0.5.0-ced7dbf-SNAPSHOT.jar:/home/user/.m2/repository/org/apache/ratis/ratis-metrics/0.5.0-ced7dbf-SNAPSHOT/ratis-metrics-0.5.0-ced7dbf-SNAPSHOT.jar:/home/user/.m2/repository/org/apache/ratis/ratis-netty/0.5.0-ced7dbf-SNAPSHOT/ratis-netty-0.5.0-ced7dbf-SNAPSHOT.jar:/home/user/.m2/repository/org/apache/ratis/ratis-grpc/0.5.0-ced7dbf-SNAPSHOT/ratis-grpc-0.5.0-ced7dbf-SNAPSHOT.jar:/home/user/.m2/repository/org/rocksdb/rocksdbjni/6.0.1/rocksdbjni-6.0.1.jar:/home/user/.m2/repository/org/apache/logging/log4j/log4j-api/2.11.0/log4j-api-2.11.0.jar:/home/user/.m2/repository/org/apache/logging/log4j/log4j-core/2.11.0/log4j-core-2.11.0.jar:/home/user/.m2/repository/com/lmax/disruptor/3.4.2/disruptor-3.4.2.jar:/home/user/.m2/repository/org/apache/commons/commons-pool2/2.6.0/commons-pool2-2.6.0.jar:/home/user/.m2/repository/org/bouncycastle/bcpkix-jdk15on/1.60/bcpkix-jdk15on-1.60.jar:/home/user/.m2/repository/commons-validator/commons-validator/1.6/commons-validator-1.6.jar:/home/user/.m2/repository/commons-digester/commons-digester/1.8.1/commons-digester-1.8.1.jar:/home/user/.m2/repository/io/jaegertracing/jaeger-client/0.34.0/jaeger-client-0.34.0.jar:/home/user/.m2/repository/io/jaegertracing/jaeger-thrift/0.34.0/jaeger-thrift-0.34.0.jar:/home/user/.m2/repository/org/apache/thrift/libthrift/0.12.0/libthrift-0.12.0.jar:/home/user/.m2/repository/com/squareup/okhttp3/okhttp/3.9.0/okhttp-3.9.0.jar:/home/user/.m2/repository/com/squareup/okio/okio/1.13.0/okio-1.13.0.jar:/home/user/.m2/repository/io/jaegertracing/jaeger-core/0.34.0/jaeger-core-0.34.0.jar:/home/user/.m2/repository/io/jaegertracing/jaeger-tracerresolver/0.34.0/jaeger-tracerresolver-0.34.0.jar:/home/user/.m2/repository/io/opentracing/contrib/opentracing-tracerresolver/0.1.5/opentracing-tracerresolver-0.1.5.jar:/home/user/.m2/repository/io/opentracing/opentracing-util/0.31.0/opentracing-util-0.31.0.jar:/home/user/.m2/repository/io/opentracing/opentracing-api/0.31.0/opentracing-api-0.31.0.jar:/home/user/.m2/repository/io/opentracing/opentracing-noop/0.31.0/opentracing-noop-0.31.0.jar:/home/user/.m2/repository/org/apache/hadoop/hadoop-hdds-server-framework/0.5.0-SNAPSHOT/hadoop-hdds-server-framework-0.5.0-SNAPSHOT.jar:/home/user/.m2/repository/org/apache/hadoop/hadoop-hdds-container-service/0.5.0-SNAPSHOT/hadoop-hdds-container-service-0.5.0-SNAPSHOT.jar:/home/user/.m2/repository/org/apache/hadoop/hadoop-hdds-client/0.5.0-SNAPSHOT/hadoop-hdds-client-0.5.0-SNAPSHOT.jar:/home/user/.m2/repository/org/apache/hadoop/hadoop-hdds-tools/0.5.0-SNAPSHOT/hadoop-hdds-tools-0.5.0-SNAPSHOT.jar:/home/user/.m2/repository/org/apache/hadoop/hadoop-hdds-server-scm/0.5.0-SNAPSHOT/hadoop-hdds-server-scm-0.5.0-SNAPSHOT.jar:/home/user/.m2/repository/org/apache/hadoop/hadoop-hdds-docs/0.5.0-SNAPSHOT/hadoop-hdds-docs-0.5.0-SNAPSHOT.jar:/home/user/.m2/repository/io/dropwizard/metrics/metrics-core/3.2.4/metrics-core-3.2.4.jar:/home/user/.m2/repository/org/hamcrest/hamcrest-all/1.3/hamcrest-all-1.3.jar:/home/user/.m2/repository/org/bouncycastle/bcprov-jdk15on/1.60/bcprov-jdk15on-1.60.jar:/home/user/.m2/repository/info/picocli/picocli/3.9.6/picocli-3.9.6.jar:/home/user/.m2/repository/com/google/protobuf/protobuf-java/2.5.0/protobuf-java-2.5.0.jar:/home/user/.m2/repository/com/google/guava/guava/11.0.2/guava-11.0.2.jar:/home/user/.m2/repository/org/apache/hadoop/hadoop-ozone-ozone-manager/0.5.0-SNAPSHOT/hadoop-ozone-ozone-manager-0.5.0-SNAPSHOT.jar:/home/user/.m2/repository/org/apache/hadoop/hadoop-minikdc/3.2.0/hadoop-minikdc-3.2.0.jar:/home/user/.m2/repository/commons-io/commons-io/2.5/commons-io-2.5.jar:/home/user/.m2/repository/org/apache/kerby/kerb-simplekdc/1.0.1/kerb-simplekdc-1.0.1.jar:/home/user/.m2/repository/org/apache/kerby/kerb-client/1.0.1/kerb-client-1.0.1.jar:/home/user/.m2/repository/org/apache/kerby/kerby-config/1.0.1/kerby-config-1.0.1.jar:/home/user/.m2/repository/org/apache/kerby/kerb-core/1.0.1/kerb-core-1.0.1.jar:/home/user/.m2/repository/org/apache/kerby/kerby-pkix/1.0.1/kerby-pkix-1.0.1.jar:/home/user/.m2/repository/org/apache/kerby/kerby-asn1/1.0.1/kerby-asn1-1.0.1.jar:/home/user/.m2/repository/org/apache/kerby/kerby-util/1.0.1/kerby-util-1.0.1.jar:/home/user/.m2/repository/org/apache/kerby/kerb-common/1.0.1/kerb-common-1.0.1.jar:/home/user/.m2/repository/org/apache/kerby/kerb-crypto/1.0.1/kerb-crypto-1.0.1.jar:/home/user/.m2/repository/org/apache/kerby/kerb-util/1.0.1/kerb-util-1.0.1.jar:/home/user/.m2/repository/org/apache/kerby/token-provider/1.0.1/token-provider-1.0.1.jar:/home/user/.m2/repository/org/apache/kerby/kerb-admin/1.0.1/kerb-admin-1.0.1.jar:/home/user/.m2/repository/org/apache/kerby/kerb-server/1.0.1/kerb-server-1.0.1.jar:/home/user/.m2/repository/org/apache/kerby/kerb-identity/1.0.1/kerb-identity-1.0.1.jar:/home/user/.m2/repository/org/apache/kerby/kerby-xdr/1.0.1/kerby-xdr-1.0.1.jar:/home/user/.m2/repository/org/slf4j/slf4j-log4j12/1.7.25/slf4j-log4j12-1.7.25.jar:/home/user/.m2/repository/org/apache/hadoop/hadoop-ozone-s3gateway/0.5.0-SNAPSHOT/hadoop-ozone-s3gateway-0.5.0-SNAPSHOT.jar:/home/user/.m2/repository/org/jboss/weld/servlet/weld-servlet/2.4.7.Final/weld-servlet-2.4.7.Final.jar:/home/user/.m2/repository/org/glassfish/jersey/containers/jersey-container-servlet-core/2.27/jersey-container-servlet-core-2.27.jar:/home/user/.m2/repository/org/glassfish/hk2/external/javax.inject/2.5.0-b42/javax.inject-2.5.0-b42.jar:/home/user/.m2/repository/org/glassfish/jersey/core/jersey-common/2.27/jersey-common-2.27.jar:/home/user/.m2/repository/org/glassfish/hk2/osgi-resource-locator/1.0.1/osgi-resource-locator-1.0.1.jar:/home/user/.m2/repository/javax/ws/rs/javax.ws.rs-api/2.1/javax.ws.rs-api-2.1.jar:/home/user/.m2/repository/org/glassfish/jersey/ext/cdi/jersey-cdi1x/2.27/jersey-cdi1x-2.27.jar:/home/user/.m2/repository/org/glassfish/jersey/inject/jersey-hk2/2.27/jersey-hk2-2.27.jar:/home/user/.m2/repository/org/glassfish/hk2/hk2-locator/2.5.0-b42/hk2-locator-2.5.0-b42.jar:/home/user/.m2/repository/org/javassist/javassist/3.22.0-CR2/javassist-3.22.0-CR2.jar:/home/user/.m2/repository/org/glassfish/hk2/hk2-api/2.5.0/hk2-api-2.5.0.jar:/home/user/.m2/repository/org/glassfish/hk2/external/jakarta.inject/2.5.0/jakarta.inject-2.5.0.jar:/home/user/.m2/repository/org/glassfish/hk2/hk2-utils/2.5.0/hk2-utils-2.5.0.jar:/home/user/.m2/repository/jakarta/annotation/jakarta.annotation-api/1.3.4/jakarta.annotation-api-1.3.4.jar:/home/user/.m2/repository/org/glassfish/hk2/external/aopalliance-repackaged/2.5.0/aopalliance-repackaged-2.5.0.jar:/home/user/.m2/repository/com/fasterxml/jackson/dataformat/jackson-dataformat-xml/2.9.0/jackson-dataformat-xml-2.9.0.jar:/home/user/.m2/repository/com/fasterxml/jackson/core/jackson-core/2.9.9/jackson-core-2.9.9.jar:/home/user/.m2/repository/com/fasterxml/jackson/module/jackson-module-jaxb-annotations/2.9.9/jackson-module-jaxb-annotations-2.9.9.jar:/home/user/.m2/repository/javax/enterprise/cdi-api/1.2/cdi-api-1.2.jar:/home/user/.m2/repository/javax/el/javax.el-api/3.0.0/javax.el-api-3.0.0.jar:/home/user/.m2/repository/javax/interceptor/javax.interceptor-api/1.2/javax.interceptor-api-1.2.jar:/home/user/.m2/repository/javax/inject/javax.inject/1/javax.inject-1.jar:/home/user/.m2/repository/com/sun/xml/bind/jaxb-impl/2.3.0.1/jaxb-impl-2.3.0.1.jar:/home/user/.m2/repository/com/sun/xml/bind/jaxb-core/2.3.0.1/jaxb-core-2.3.0.1.jar:/home/user/.m2/repository/javax/xml/bind/jaxb-api/2.3.0/jaxb-api-2.3.0.jar:/home/user/.m2/repository/javax/activation/activation/1.1.1/activation-1.1.1.jar:/home/user/.m2/repository/org/apache/hadoop/hadoop-ozone-csi/0.5.0-SNAPSHOT/hadoop-ozone-csi-0.5.0-SNAPSHOT.jar:/home/user/.m2/repository/com/google/protobuf/protobuf-java-util/3.5.1/protobuf-java-util-3.5.1.jar:/home/user/.m2/repository/org/apache/hadoop/hadoop-hdds-config/0.5.0-SNAPSHOT/hadoop-hdds-config-0.5.0-SNAPSHOT.jar:/home/user/.m2/repository/io/grpc/grpc-netty/1.17.1/grpc-netty-1.17.1.jar:/home/user/.m2/repository/io/grpc/grpc-core/1.17.1/grpc-core-1.17.1.jar:/home/user/.m2/repository/io/grpc/grpc-context/1.17.1/grpc-context-1.17.1.jar:/home/user/.m2/repository/com/google/errorprone/error_prone_annotations/2.2.0/error_prone_annotations-2.2.0.jar:/home/user/.m2/repository/org/codehaus/mojo/animal-sniffer-annotations/1.17/animal-sniffer-annotations-1.17.jar:/home/user/.m2/repository/io/opencensus/opencensus-api/0.17.0/opencensus-api-0.17.0.jar:/home/user/.m2/repository/io/opencensus/opencensus-contrib-grpc-metrics/0.17.0/opencensus-contrib-grpc-metrics-0.17.0.jar:/home/user/.m2/repository/io/netty/netty-codec-http2/4.1.30.Final/netty-codec-http2-4.1.30.Final.jar:/home/user/.m2/repository/io/netty/netty-codec-http/4.1.30.Final/netty-codec-http-4.1.30.Final.jar:/home/user/.m2/repository/io/netty/netty-codec/4.1.30.Final/netty-codec-4.1.30.Final.jar:/home/user/.m2/repository/io/netty/netty-handler/4.1.30.Final/netty-handler-4.1.30.Final.jar:/home/user/.m2/repository/io/netty/netty-handler-proxy/4.1.30.Final/netty-handler-proxy-4.1.30.Final.jar:/home/user/.m2/repository/io/netty/netty-codec-socks/4.1.30.Final/netty-codec-socks-4.1.30.Final.jar:/home/user/.m2/repository/io/netty/netty-transport-native-epoll/4.1.30.Final/netty-transport-native-epoll-4.1.30.Final.jar:/home/user/.m2/repository/io/netty/netty-common/4.1.30.Final/netty-common-4.1.30.Final.jar:/home/user/.m2/repository/io/netty/netty-buffer/4.1.30.Final/netty-buffer-4.1.30.Final.jar:/home/user/.m2/repository/io/netty/netty-transport/4.1.30.Final/netty-transport-4.1.30.Final.jar:/home/user/.m2/repository/io/netty/netty-resolver/4.1.30.Final/netty-resolver-4.1.30.Final.jar:/home/user/.m2/repository/io/netty/netty-transport-native-unix-common/4.1.30.Final/netty-transport-native-unix-common-4.1.30.Final.jar:/home/user/.m2/repository/io/grpc/grpc-protobuf/1.17.1/grpc-protobuf-1.17.1.jar:/home/user/.m2/repository/com/google/api/grpc/proto-google-common-protos/1.0.0/proto-google-common-protos-1.0.0.jar:/home/user/.m2/repository/io/grpc/grpc-protobuf-lite/1.17.1/grpc-protobuf-lite-1.17.1.jar:/home/user/.m2/repository/io/grpc/grpc-stub/1.17.1/grpc-stub-1.17.1.jar:/home/user/.m2/repository/org/apache/hadoop/hadoop-ozone-recon/0.5.0-SNAPSHOT/hadoop-ozone-recon-0.5.0-SNAPSHOT.jar:/home/user/.m2/repository/org/apache/hadoop/hadoop-ozone-reconcodegen/0.5.0-SNAPSHOT/hadoop-ozone-reconcodegen-0.5.0-SNAPSHOT.jar:/home/user/.m2/repository/com/google/inject/extensions/guice-multibindings/4.0/guice-multibindings-4.0.jar:/home/user/.m2/repository/com/google/inject/guice/4.0/guice-4.0.jar:/home/user/.m2/repository/aopalliance/aopalliance/1.0/aopalliance-1.0.jar:/home/user/.m2/repository/com/google/inject/extensions/guice-servlet/4.0/guice-servlet-4.0.jar:/home/user/.m2/repository/org/glassfish/jersey/containers/jersey-container-servlet/2.27/jersey-container-servlet-2.27.jar:/home/user/.m2/repository/org/glassfish/hk2/guice-bridge/2.5.0/guice-bridge-2.5.0.jar:/home/user/.m2/repository/org/glassfish/jersey/core/jersey-server/2.27/jersey-server-2.27.jar:/home/user/.m2/repository/org/glassfish/jersey/core/jersey-client/2.27/jersey-client-2.27.jar:/home/user/.m2/repository/org/glassfish/jersey/media/jersey-media-jaxb/2.27/jersey-media-jaxb-2.27.jar:/home/user/.m2/repository/javax/validation/validation-api/1.1.0.Final/validation-api-1.1.0.Final.jar:/home/user/.m2/repository/org/glassfish/jersey/media/jersey-media-json-jackson/2.27/jersey-media-json-jackson-2.27.jar:/home/user/.m2/repository/org/glassfish/jersey/ext/jersey-entity-filtering/2.27/jersey-entity-filtering-2.27.jar:/home/user/.m2/repository/com/google/inject/extensions/guice-assistedinject/4.0/guice-assistedinject-4.0.jar:/home/user/.m2/repository/org/jooq/jooq/3.11.10/jooq-3.11.10.jar:/home/user/.m2/repository/org/jooq/jooq-meta/3.11.10/jooq-meta-3.11.10.jar:/home/user/.m2/repository/org/jooq/jooq-codegen/3.11.10/jooq-codegen-3.11.10.jar:/home/user/.m2/repository/com/jolbox/bonecp/0.8.0.RELEASE/bonecp-0.8.0.RELEASE.jar:/home/user/.m2/repository/org/xerial/sqlite-jdbc/3.25.2/sqlite-jdbc-3.25.2.jar:/home/user/.m2/repository/org/springframework/spring-jdbc/5.1.3.RELEASE/spring-jdbc-5.1.3.RELEASE.jar:/home/user/.m2/repository/org/springframework/spring-beans/5.1.3.RELEASE/spring-beans-5.1.3.RELEASE.jar:/home/user/.m2/repository/org/springframework/spring-core/5.1.3.RELEASE/spring-core-5.1.3.RELEASE.jar:/home/user/.m2/repository/org/springframework/spring-jcl/5.1.3.RELEASE/spring-jcl-5.1.3.RELEASE.jar:/home/user/.m2/repository/org/springframework/spring-tx/5.1.3.RELEASE/spring-tx-5.1.3.RELEASE.jar:/home/user/.m2/repository/org/apache/hadoop/hadoop-ozone-client/0.5.0-SNAPSHOT/hadoop-ozone-client-0.5.0-SNAPSHOT.jar:/home/user/.m2/repository/commons-lang/commons-lang/2.6/commons-lang-2.6.jar:/home/user/.m2/repository/org/apache/hadoop/hadoop-ozone-ozone-manager/0.5.0-SNAPSHOT/hadoop-ozone-ozone-manager-0.5.0-SNAPSHOT-tests.jar:/home/user/.m2/repository/junit/junit/4.11/junit-4.11.jar:/home/user/.m2/repository/org/hamcrest/hamcrest-core/1.3/hamcrest-core-1.3.jar:/home/user/.m2/repository/org/openjdk/jmh/jmh-core/1.19/jmh-core-1.19.jar:/home/user/.m2/repository/net/sf/jopt-simple/jopt-simple/4.6/jopt-simple-4.6.jar:/home/user/.m2/repository/org/apache/commons/commons-math3/3.1.1/commons-math3-3.1.1.jar:/home/user/.m2/repository/org/openjdk/jmh/jmh-generator-annprocess/1.19/jmh-generator-annprocess-1.19.jar:/home/user/.m2/repository/org/mockito/mockito-all/1.8.5/mockito-all-1.8.5.jar:/home/user/.m2/repository/org/apache/hadoop/hadoop-kms/3.2.0/hadoop-kms-3.2.0.jar:/home/user/.m2/repository/org/apache/hadoop/hadoop-auth/3.2.0/hadoop-auth-3.2.0.jar:/home/user/.m2/repository/com/nimbusds/nimbus-jose-jwt/4.41.1/nimbus-jose-jwt-4.41.1.jar:/home/user/.m2/repository/com/github/stephenc/jcip/jcip-annotations/1.0-1/jcip-annotations-1.0-1.jar:/home/user/.m2/repository/net/minidev/json-smart/2.3/json-smart-2.3.jar:/home/user/.m2/repository/net/minidev/accessors-smart/1.2/accessors-smart-1.2.jar:/home/user/.m2/repository/org/ow2/asm/asm/5.0.4/asm-5.0.4.jar:/home/user/.m2/repository/org/apache/curator/curator-framework/2.12.0/curator-framework-2.12.0.jar:/home/user/.m2/repository/com/sun/jersey/jersey-core/1.19/jersey-core-1.19.jar:/home/user/.m2/repository/javax/ws/rs/jsr311-api/1.1.1/jsr311-api-1.1.1.jar:/home/user/.m2/repository/com/sun/jersey/jersey-server/1.19/jersey-server-1.19.jar:/home/user/.m2/repository/javax/servlet/javax.servlet-api/3.1.0/javax.servlet-api-3.1.0.jar:/home/user/.m2/repository/org/eclipse/jetty/jetty-server/9.3.25.v20180904/jetty-server-9.3.25.v20180904.jar:/home/user/.m2/repository/org/eclipse/jetty/jetty-http/9.3.25.v20180904/jetty-http-9.3.25.v20180904.jar:/home/user/.m2/repository/org/eclipse/jetty/jetty-io/9.3.25.v20180904/jetty-io-9.3.25.v20180904.jar:/home/user/.m2/repository/org/eclipse/jetty/jetty-webapp/9.3.25.v20180904/jetty-webapp-9.3.25.v20180904.jar:/home/user/.m2/repository/org/eclipse/jetty/jetty-xml/9.3.25.v20180904/jetty-xml-9.3.25.v20180904.jar:/home/user/.m2/repository/log4j/log4j/1.2.17/log4j-1.2.17.jar:/home/user/.m2/repository/org/slf4j/slf4j-api/1.7.25/slf4j-api-1.7.25.jar:/home/user/.m2/repository/org/slf4j/jul-to-slf4j/1.7.25/jul-to-slf4j-1.7.25.jar:/home/user/.m2/repository/org/eclipse/jetty/jetty-util/9.3.25.v20180904/jetty-util-9.3.25.v20180904.jar:/home/user/.m2/repository/com/fasterxml/jackson/core/jackson-databind/2.9.9/jackson-databind-2.9.9.jar:/home/user/.m2/repository/org/apache/hadoop/hadoop-kms/3.2.0/hadoop-kms-3.2.0-tests.jar:/home/user/.m2/repository/org/apache/hadoop/hadoop-hdds-server-scm/0.5.0-SNAPSHOT/hadoop-hdds-server-scm-0.5.0-SNAPSHOT-tests.jar:/home/user/.m2/repository/org/apache/hadoop/hadoop-hdds-container-service/0.5.0-SNAPSHOT/hadoop-hdds-container-service-0.5.0-SNAPSHOT-tests.jar:/home/user/.m2/repository/org/yaml/snakeyaml/1.16/snakeyaml-1.16.jar:/home/user/.m2/repository/org/apache/hadoop/hadoop-common/3.2.0/hadoop-common-3.2.0-tests.jar:/home/user/.m2/repository/org/apache/hadoop/hadoop-annotations/3.2.0/hadoop-annotations-3.2.0.jar:/usr/lib/jvm/java-1.8.0-openjdk-1.8.0.222.b10-1.el7_7.x86_64/jre/../lib/tools.jar:/home/user/.m2/repository/commons-cli/commons-cli/1.2/commons-cli-1.2.jar:/home/user/.m2/repository/org/apache/httpcomponents/httpclient/4.5.2/httpclient-4.5.2.jar:/home/user/.m2/repository/org/apache/httpcomponents/httpcore/4.4.4/httpcore-4.4.4.jar:/home/user/.m2/repository/commons-codec/commons-codec/1.11/commons-codec-1.11.jar:/home/user/.m2/repository/commons-net/commons-net/3.6/commons-net-3.6.jar:/home/user/.m2/repository/commons-collections/commons-collections/3.2.2/commons-collections-3.2.2.jar:/home/user/.m2/repository/org/eclipse/jetty/jetty-servlet/9.3.25.v20180904/jetty-servlet-9.3.25.v20180904.jar:/home/user/.m2/repository/org/eclipse/jetty/jetty-security/9.3.25.v20180904/jetty-security-9.3.25.v20180904.jar:/home/user/.m2/repository/javax/servlet/jsp/jsp-api/2.1/jsp-api-2.1.jar:/home/user/.m2/repository/com/sun/jersey/jersey-servlet/1.19/jersey-servlet-1.19.jar:/home/user/.m2/repository/com/sun/jersey/jersey-json/1.19/jersey-json-1.19.jar:/home/user/.m2/repository/org/codehaus/jettison/jettison/1.1/jettison-1.1.jar:/home/user/.m2/repository/org/codehaus/jackson/jackson-core-asl/1.9.13/jackson-core-asl-1.9.13.jar:/home/user/.m2/repository/org/codehaus/jackson/jackson-mapper-asl/1.9.13/jackson-mapper-asl-1.9.13.jar:/home/user/.m2/repository/org/codehaus/jackson/jackson-jaxrs/1.9.13/jackson-jaxrs-1.9.13.jar:/home/user/.m2/repository/org/codehaus/jackson/jackson-xc/1.9.13/jackson-xc-1.9.13.jar:/home/user/.m2/repository/commons-logging/commons-logging/1.1.3/commons-logging-1.1.3.jar:/home/user/.m2/repository/commons-beanutils/commons-beanutils/1.9.4/commons-beanutils-1.9.4.jar:/home/user/.m2/repository/org/apache/commons/commons-configuration2/2.1.1/commons-configuration2-2.1.1.jar:/home/user/.m2/repository/org/apache/commons/commons-lang3/3.7/commons-lang3-3.7.jar:/home/user/.m2/repository/org/apache/commons/commons-text/1.4/commons-text-1.4.jar:/home/user/.m2/repository/org/apache/avro/avro/1.7.7/avro-1.7.7.jar:/home/user/.m2/repository/com/thoughtworks/paranamer/paranamer/2.3/paranamer-2.3.jar:/home/user/.m2/repository/org/xerial/snappy/snappy-java/1.0.5/snappy-java-1.0.5.jar:/home/user/.m2/repository/com/google/re2j/re2j/1.1/re2j-1.1.jar:/home/user/.m2/repository/com/google/code/gson/gson/2.2.4/gson-2.2.4.jar:/home/user/.m2/repository/com/jcraft/jsch/0.1.54/jsch-0.1.54.jar:/home/user/.m2/repository/org/apache/curator/curator-client/2.12.0/curator-client-2.12.0.jar:/home/user/.m2/repository/org/apache/curator/curator-recipes/2.12.0/curator-recipes-2.12.0.jar:/home/user/.m2/repository/com/google/code/findbugs/jsr305/3.0.0/jsr305-3.0.0.jar:/home/user/.m2/repository/org/apache/htrace/htrace-core4/4.1.0-incubating/htrace-core4-4.1.0-incubating.jar:/home/user/.m2/repository/org/apache/zookeeper/zookeeper/3.4.13/zookeeper-3.4.13.jar:/home/user/.m2/repository/jline/jline/0.9.94/jline-0.9.94.jar:/home/user/.m2/repository/org/apache/yetus/audience-annotations/0.5.0/audience-annotations-0.5.0.jar:/home/user/.m2/repository/org/codehaus/woodstox/stax2-api/3.1.4/stax2-api-3.1.4.jar:/home/user/.m2/repository/com/fasterxml/woodstox/woodstox-core/5.0.3/woodstox-core-5.0.3.jar:/home/user/.m2/repository/dnsjava/dnsjava/2.1.7/dnsjava-2.1.7.jar:/home/user/.m2/repository/org/apache/hadoop/hadoop-hdfs/3.2.0/hadoop-hdfs-3.2.0-tests.jar:/home/user/.m2/repository/org/eclipse/jetty/jetty-util-ajax/9.3.25.v20180904/jetty-util-ajax-9.3.25.v20180904.jar:/home/user/.m2/repository/commons-daemon/commons-daemon/1.0.13/commons-daemon-1.0.13.jar:/home/user/.m2/repository/io/netty/netty/3.10.5.Final/netty-3.10.5.Final.jar:/home/user/.m2/repository/io/netty/netty-all/4.0.52.Final/netty-all-4.0.52.Final.jar:/home/user/.m2/repository/org/fusesource/leveldbjni/leveldbjni-all/1.8/leveldbjni-all-1.8.jar:"/>
    <property name="sun.cpu.endian" value="little"/>
    <property name="user.home" value="/home/user"/>
    <property name="user.language" value="en"/>
    <property name="java.specification.vendor" value="Oracle Corporation"/>
    <property name="java.home" value="/usr/lib/jvm/java-1.8.0-openjdk-1.8.0.222.b10-1.el7_7.x86_64/jre"/>
    <property name="surefire.excludesFile" value="/tools/ozone-bad-unit-tests"/>
    <property name="java.security.krb5.conf" value="/workdir/hadoop-ozone/integration-test/target/test-classes/krb5.conf"/>
    <property name="basedir" value="/workdir/hadoop-ozone/integration-test"/>
    <property name="file.separator" value="/"/>
    <property name="line.separator" value="&#10;"/>
    <property name="java.vm.specification.vendor" value="Oracle Corporation"/>
    <property name="java.specification.name" value="Java Platform API Specification"/>
    <property name="java.awt.graphicsenv" value="sun.awt.X11GraphicsEnvironment"/>
    <property name="surefire.real.class.path" value="/workdir/hadoop-ozone/integration-test/target/surefire/surefirebooter3360767336387784016.jar"/>
    <property name="hadoop.log.dir" value="/workdir/hadoop-ozone/integration-test/target/log"/>
    <property name="sun.boot.class.path" value="/usr/lib/jvm/java-1.8.0-openjdk-1.8.0.222.b10-1.el7_7.x86_64/jre/lib/resources.jar:/usr/lib/jvm/java-1.8.0-openjdk-1.8.0.222.b10-1.el7_7.x86_64/jre/lib/rt.jar:/usr/lib/jvm/java-1.8.0-openjdk-1.8.0.222.b10-1.el7_7.x86_64/jre/lib/sunrsasign.jar:/usr/lib/jvm/java-1.8.0-openjdk-1.8.0.222.b10-1.el7_7.x86_64/jre/lib/jsse.jar:/usr/lib/jvm/java-1.8.0-openjdk-1.8.0.222.b10-1.el7_7.x86_64/jre/lib/jce.jar:/usr/lib/jvm/java-1.8.0-openjdk-1.8.0.222.b10-1.el7_7.x86_64/jre/lib/charsets.jar:/usr/lib/jvm/java-1.8.0-openjdk-1.8.0.222.b10-1.el7_7.x86_64/jre/lib/jfr.jar:/usr/lib/jvm/java-1.8.0-openjdk-1.8.0.222.b10-1.el7_7.x86_64/jre/classes"/>
    <property name="sun.management.compiler" value="HotSpot 64-Bit Tiered Compilers"/>
    <property name="java.runtime.version" value="1.8.0_222-b10"/>
    <property name="java.net.preferIPv4Stack" value="true"/>
    <property name="user.name" value="jenkins1000"/>
    <property name="path.separator" value=":"/>
    <property name="java.security.egd" value="file:///dev/urandom"/>
    <property name="os.version" value="3.10.0-957.12.2.el7.x86_64"/>
    <property name="java.endorsed.dirs" value="/usr/lib/jvm/java-1.8.0-openjdk-1.8.0.222.b10-1.el7_7.x86_64/jre/lib/endorsed"/>
    <property name="java.runtime.name" value="OpenJDK Runtime Environment"/>
    <property name="file.encoding" value="ANSI_X3.4-1968"/>
    <property name="java.vm.name" value="OpenJDK 64-Bit Server VM"/>
    <property name="test.build.webapps" value=""/>
    <property name="localRepository" value="/home/user/.m2/repository"/>
    <property name="java.vendor.url.bug" value="http://bugreport.sun.com/bugreport/"/>
    <property name="java.io.tmpdir" value="/tmp"/>
    <property name="require.test.libhadoop" value=""/>
    <property name="java.version" value="1.8.0_222"/>
    <property name="user.dir" value="/workdir/hadoop-ozone/integration-test"/>
    <property name="os.arch" value="amd64"/>
    <property name="java.vm.specification.name" value="Java Virtual Machine Specification"/>
    <property name="test.build.classes" value="/workdir/hadoop-ozone/integration-test/target/test-classes"/>
    <property name="java.awt.printerjob" value="sun.print.PSPrinterJob"/>
    <property name="sun.os.patch.level" value="unknown"/>
    <property name="hadoop.tmp.dir" value="/workdir/hadoop-ozone/integration-test/target/tmp"/>
    <property name="java.library.path" value="/usr/lib:/workdir/hadoop-ozone/integration-test/target/native/target/usr/local/lib:/workdir/hadoop-ozone/integration-test/../../hadoop-common-project/hadoop-common/target/native/target/usr/local/lib:/usr/java/packages/lib/amd64:/usr/lib64:/lib64:/lib:/usr/lib"/>
    <property name="java.vm.info" value="mixed mode"/>
    <property name="java.vendor" value="Oracle Corporation"/>
    <property name="java.vm.version" value="25.222-b10"/>
    <property name="java.ext.dirs" value="/usr/lib/jvm/java-1.8.0-openjdk-1.8.0.222.b10-1.el7_7.x86_64/jre/lib/ext:/usr/java/packages/lib/ext"/>
    <property name="sun.io.unicode.encoding" value="UnicodeLittle"/>
    <property name="java.class.version" value="52.0"/>
  </properties>
  <testcase name="testRatisSnapshotRetention" classname="org.apache.hadoop.ozone.client.rpc.TestContainerStateMachine" time="25.563"/>
  <testcase name="testContainerStateMachineFailures" classname="org.apache.hadoop.ozone.client.rpc.TestContainerStateMachine" time="86.082">
    <error message="org.apache.hadoop.hdds.scm.exceptions.SCMException: Allocated 0 blocks. Requested 1 blocks&#10;	at org.apache.hadoop.hdds.scm.protocolPB.ScmBlockLocationProtocolClientSideTranslatorPB.handleError(ScmBlockLocationProtocolClientSideTranslatorPB.java:118)&#10;	at org.apache.hadoop.hdds.scm.protocolPB.ScmBlockLocationProtocolClientSideTranslatorPB.allocateBlock(ScmBlockLocationProtocolClientSideTranslatorPB.java:156)&#10;	at sun.reflect.GeneratedMethodAccessor113.invoke(Unknown Source)&#10;	at sun.reflect.DelegatingMethodAccessorImpl.invoke(DelegatingMethodAccessorImpl.java:43)&#10;	at java.lang.reflect.Method.invoke(Method.java:498)&#10;	at org.apache.hadoop.hdds.tracing.TraceAllMethod.invoke(TraceAllMethod.java:66)&#10;	at com.sun.proxy.$Proxy27.allocateBlock(Unknown Source)&#10;	at org.apache.hadoop.ozone.om.request.key.OMKeyRequest.allocateBlock(OMKeyRequest.java:129)&#10;	at org.apache.hadoop.ozone.om.request.key.OMAllocateBlockRequest.preExecute(OMAllocateBlockRequest.java:105)&#10;	at org.apache.hadoop.ozone.protocolPB.OzoneManagerProtocolServerSideTranslatorPB.submitRequestDirectlyToOM(OzoneManagerProtocolServerSideTranslatorPB.java:225)&#10;	at org.apache.hadoop.ozone.protocolPB.OzoneManagerProtocolServerSideTranslatorPB.processRequest(OzoneManagerProtocolServerSideTranslatorPB.java:134)&#10;	at org.apache.hadoop.hdds.server.OzoneProtocolMessageDispatcher.processRequest(OzoneProtocolMessageDispatcher.java:72)&#10;	at org.apache.hadoop.ozone.protocolPB.OzoneManagerProtocolServerSideTranslatorPB.submitRequest(OzoneManagerProtocolServerSideTranslatorPB.java:102)&#10;	at org.apache.hadoop.ozone.protocol.proto.OzoneManagerProtocolProtos$OzoneManagerService$2.callBlockingMethod(OzoneManagerProtocolProtos.java)&#10;	at org.apache.hadoop.ipc.ProtobufRpcEngine$Server$ProtoBufRpcInvoker.call(ProtobufRpcEngine.java:524)&#10;	at org.apache.hadoop.ipc.RPC$Server.call(RPC.java:1025)&#10;	at org.apache.hadoop.ipc.Server$RpcCall.run(Server.java:876)&#10;	at org.apache.hadoop.ipc.Server$RpcCall.run(Server.java:822)&#10;	at java.security.AccessController.doPrivileged(Native Method)&#10;	at javax.security.auth.Subject.doAs(Subject.java:422)&#10;	at org.apache.hadoop.security.UserGroupInformation.doAs(UserGroupInformation.java:1730)&#10;	at org.apache.hadoop.ipc.Server$Handler.run(Server.java:2682)&#10;" type="INTERNAL_ERROR org.apache.hadoop.ozone.om.exceptions.OMException">INTERNAL_ERROR org.apache.hadoop.ozone.om.exceptions.OMException: org.apache.hadoop.hdds.scm.exceptions.SCMException: Allocated 0 blocks. Requested 1 blocks
	at org.apache.hadoop.hdds.scm.protocolPB.ScmBlockLocationProtocolClientSideTranslatorPB.handleError(ScmBlockLocationProtocolClientSideTranslatorPB.java:118)
	at org.apache.hadoop.hdds.scm.protocolPB.ScmBlockLocationProtocolClientSideTranslatorPB.allocateBlock(ScmBlockLocationProtocolClientSideTranslatorPB.java:156)
	at sun.reflect.GeneratedMethodAccessor113.invoke(Unknown Source)
	at sun.reflect.DelegatingMethodAccessorImpl.invoke(DelegatingMethodAccessorImpl.java:43)
	at java.lang.reflect.Method.invoke(Method.java:498)
	at org.apache.hadoop.hdds.tracing.TraceAllMethod.invoke(TraceAllMethod.java:66)
	at com.sun.proxy.$Proxy27.allocateBlock(Unknown Source)
	at org.apache.hadoop.ozone.om.request.key.OMKeyRequest.allocateBlock(OMKeyRequest.java:129)
	at org.apache.hadoop.ozone.om.request.key.OMAllocateBlockRequest.preExecute(OMAllocateBlockRequest.java:105)
	at org.apache.hadoop.ozone.protocolPB.OzoneManagerProtocolServerSideTranslatorPB.submitRequestDirectlyToOM(OzoneManagerProtocolServerSideTranslatorPB.java:225)
	at org.apache.hadoop.ozone.protocolPB.OzoneManagerProtocolServerSideTranslatorPB.processRequest(OzoneManagerProtocolServerSideTranslatorPB.java:134)
	at org.apache.hadoop.hdds.server.OzoneProtocolMessageDispatcher.processRequest(OzoneProtocolMessageDispatcher.java:72)
	at org.apache.hadoop.ozone.protocolPB.OzoneManagerProtocolServerSideTranslatorPB.submitRequest(OzoneManagerProtocolServerSideTranslatorPB.java:102)
	at org.apache.hadoop.ozone.protocol.proto.OzoneManagerProtocolProtos$OzoneManagerService$2.callBlockingMethod(OzoneManagerProtocolProtos.java)
	at org.apache.hadoop.ipc.ProtobufRpcEngine$Server$ProtoBufRpcInvoker.call(ProtobufRpcEngine.java:524)
	at org.apache.hadoop.ipc.RPC$Server.call(RPC.java:1025)
	at org.apache.hadoop.ipc.Server$RpcCall.run(Server.java:876)
	at org.apache.hadoop.ipc.Server$RpcCall.run(Server.java:822)
	at java.security.AccessController.doPrivileged(Native Method)
	at javax.security.auth.Subject.doAs(Subject.java:422)
	at org.apache.hadoop.security.UserGroupInformation.doAs(UserGroupInformation.java:1730)
	at org.apache.hadoop.ipc.Server$Handler.run(Server.java:2682)

	at org.apache.hadoop.ozone.om.protocolPB.OzoneManagerProtocolClientSideTranslatorPB.handleError(OzoneManagerProtocolClientSideTranslatorPB.java:732)
	at org.apache.hadoop.ozone.om.protocolPB.OzoneManagerProtocolClientSideTranslatorPB.allocateBlock(OzoneManagerProtocolClientSideTranslatorPB.java:764)
	at sun.reflect.NativeMethodAccessorImpl.invoke0(Native Method)
	at sun.reflect.NativeMethodAccessorImpl.invoke(NativeMethodAccessorImpl.java:62)
	at sun.reflect.DelegatingMethodAccessorImpl.invoke(DelegatingMethodAccessorImpl.java:43)
	at java.lang.reflect.Method.invoke(Method.java:498)
	at org.apache.hadoop.hdds.tracing.TraceAllMethod.invoke(TraceAllMethod.java:66)
	at com.sun.proxy.$Proxy37.allocateBlock(Unknown Source)
	at org.apache.hadoop.ozone.client.io.BlockOutputStreamEntryPool.allocateNewBlock(BlockOutputStreamEntryPool.java:259)
	at org.apache.hadoop.ozone.client.io.BlockOutputStreamEntryPool.allocateBlockIfNeeded(BlockOutputStreamEntryPool.java:307)
	at org.apache.hadoop.ozone.client.io.KeyOutputStream.handleWrite(KeyOutputStream.java:198)
	at org.apache.hadoop.ozone.client.io.KeyOutputStream.handleRetry(KeyOutputStream.java:375)
	at org.apache.hadoop.ozone.client.io.KeyOutputStream.handleException(KeyOutputStream.java:324)
	at org.apache.hadoop.ozone.client.io.KeyOutputStream.handleFlushOrClose(KeyOutputStream.java:449)
	at org.apache.hadoop.ozone.client.io.KeyOutputStream.close(KeyOutputStream.java:473)
	at org.apache.hadoop.ozone.client.io.OzoneOutputStream.close(OzoneOutputStream.java:60)
	at org.apache.hadoop.ozone.client.rpc.TestContainerStateMachine.testContainerStateMachineFailures(TestContainerStateMachine.java:149)
	at sun.reflect.NativeMethodAccessorImpl.invoke0(Native Method)
	at sun.reflect.NativeMethodAccessorImpl.invoke(NativeMethodAccessorImpl.java:62)
	at sun.reflect.DelegatingMethodAccessorImpl.invoke(DelegatingMethodAccessorImpl.java:43)
	at java.lang.reflect.Method.invoke(Method.java:498)
	at org.junit.runners.model.FrameworkMethod$1.runReflectiveCall(FrameworkMethod.java:47)
	at org.junit.internal.runners.model.ReflectiveCallable.run(ReflectiveCallable.java:12)
	at org.junit.runners.model.FrameworkMethod.invokeExplosively(FrameworkMethod.java:44)
	at org.junit.internal.runners.statements.InvokeMethod.evaluate(InvokeMethod.java:17)
	at org.junit.internal.runners.statements.RunBefores.evaluate(RunBefores.java:26)
	at org.junit.internal.runners.statements.RunAfters.evaluate(RunAfters.java:27)
	at org.junit.runners.ParentRunner.runLeaf(ParentRunner.java:271)
	at org.junit.runners.BlockJUnit4ClassRunner.runChild(BlockJUnit4ClassRunner.java:70)
	at org.junit.runners.BlockJUnit4ClassRunner.runChild(BlockJUnit4ClassRunner.java:50)
	at org.junit.runners.ParentRunner$3.run(ParentRunner.java:238)
	at org.junit.runners.ParentRunner$1.schedule(ParentRunner.java:63)
	at org.junit.runners.ParentRunner.runChildren(ParentRunner.java:236)
	at org.junit.runners.ParentRunner.access$000(ParentRunner.java:53)
	at org.junit.runners.ParentRunner$2.evaluate(ParentRunner.java:229)
	at org.junit.runners.ParentRunner.run(ParentRunner.java:309)
	at org.apache.maven.surefire.junit4.JUnit4Provider.execute(JUnit4Provider.java:365)
	at org.apache.maven.surefire.junit4.JUnit4Provider.executeWithRerun(JUnit4Provider.java:273)
	at org.apache.maven.surefire.junit4.JUnit4Provider.executeTestSet(JUnit4Provider.java:238)
	at org.apache.maven.surefire.junit4.JUnit4Provider.invoke(JUnit4Provider.java:159)
	at org.apache.maven.surefire.booter.ForkedBooter.invokeProviderInSameClassLoader(ForkedBooter.java:384)
	at org.apache.maven.surefire.booter.ForkedBooter.runSuitesInProcess(ForkedBooter.java:345)
	at org.apache.maven.surefire.booter.ForkedBooter.execute(ForkedBooter.java:126)
	at org.apache.maven.surefire.booter.ForkedBooter.main(ForkedBooter.java:418)
</error>
    <system-out><![CDATA[2019-10-23 10:40:00,900 [main] WARN  server.ServerUtils (ServerUtils.java:getScmDbDir(145)) - ozone.scm.db.dirs is not configured. We recommend adding this setting. Falling back to ozone.metadata.dirs instead.
2019-10-23 10:40:00,914 [main] WARN  server.ServerUtils (ServerUtils.java:getScmDbDir(145)) - ozone.scm.db.dirs is not configured. We recommend adding this setting. Falling back to ozone.metadata.dirs instead.
2019-10-23 10:40:00,915 [main] WARN  server.ServerUtils (ServerUtils.java:getScmDbDir(145)) - ozone.scm.db.dirs is not configured. We recommend adding this setting. Falling back to ozone.metadata.dirs instead.
2019-10-23 10:40:00,915 [main] INFO  db.DBStoreBuilder (DBStoreBuilder.java:addTable(127)) - using custom profile for table: deletedBlocks
2019-10-23 10:40:00,915 [main] INFO  db.DBStoreBuilder (DBStoreBuilder.java:processTables(183)) - Using default column profile:DBProfile.DISK for Table:deletedBlocks
2019-10-23 10:40:00,916 [main] INFO  db.DBStoreBuilder (DBStoreBuilder.java:addTable(127)) - using custom profile for table: validCerts
2019-10-23 10:40:00,916 [main] INFO  db.DBStoreBuilder (DBStoreBuilder.java:processTables(183)) - Using default column profile:DBProfile.DISK for Table:validCerts
2019-10-23 10:40:00,916 [main] INFO  db.DBStoreBuilder (DBStoreBuilder.java:addTable(127)) - using custom profile for table: revokedCerts
2019-10-23 10:40:00,916 [main] INFO  db.DBStoreBuilder (DBStoreBuilder.java:processTables(183)) - Using default column profile:DBProfile.DISK for Table:revokedCerts
2019-10-23 10:40:00,916 [main] INFO  db.DBStoreBuilder (DBStoreBuilder.java:addTable(127)) - using custom profile for table: default
2019-10-23 10:40:00,916 [main] INFO  db.DBStoreBuilder (DBStoreBuilder.java:processTables(189)) - Using default column profile:DBProfile.DISK for Table:default
2019-10-23 10:40:00,917 [main] INFO  db.DBStoreBuilder (DBStoreBuilder.java:getDbProfile(220)) - Using default options. DBProfile.DISK
2019-10-23 10:40:01,128 [main] INFO  net.NodeSchemaLoader (NodeSchemaLoader.java:loadSchemaFromFile(125)) - Loading file from sun.misc.CompoundEnumeration@6fc1020a
2019-10-23 10:40:01,129 [main] INFO  net.NodeSchemaLoader (NodeSchemaLoader.java:loadSchema(171)) - Loading network topology layer schema file
2019-10-23 10:40:01,134 [main] INFO  node.SCMNodeManager (SCMNodeManager.java:<init>(116)) - Entering startup safe mode.
2019-10-23 10:40:01,135 [main] INFO  algorithms.ContainerPlacementPolicyFactory (ContainerPlacementPolicyFactory.java:getPolicy(57)) - Create container placement policy of type org.apache.hadoop.hdds.scm.container.placement.algorithms.SCMContainerPlacementRandom
2019-10-23 10:40:01,136 [main] WARN  server.ServerUtils (ServerUtils.java:getScmDbDir(145)) - ozone.scm.db.dirs is not configured. We recommend adding this setting. Falling back to ozone.metadata.dirs instead.
2019-10-23 10:40:01,237 [main] INFO  pipeline.SCMPipelineManager (SCMPipelineManager.java:initializePipelineState(133)) - No pipeline exists in current db
2019-10-23 10:40:01,237 [main] WARN  server.ServerUtils (ServerUtils.java:getScmDbDir(145)) - ozone.scm.db.dirs is not configured. We recommend adding this setting. Falling back to ozone.metadata.dirs instead.
2019-10-23 10:40:01,314 [main] WARN  events.EventQueue (EventQueue.java:fireEvent(183)) - No event handler registered for event TypedEvent{payloadType=SafeModeStatus, name='SafeModeStatus'}
2019-10-23 10:40:01,316 [main] INFO  ipc.CallQueueManager (CallQueueManager.java:<init>(84)) - Using callQueue: class java.util.concurrent.LinkedBlockingQueue, queueCapacity: 2000, scheduler: class org.apache.hadoop.ipc.DefaultRpcScheduler, ipcBackoff: false.
2019-10-23 10:40:01,317 [Socket Reader #1 for port 34989] INFO  ipc.Server (Server.java:run(1074)) - Starting Socket Reader #1 for port 34989
2019-10-23 10:40:01,319 [main] INFO  ipc.CallQueueManager (CallQueueManager.java:<init>(84)) - Using callQueue: class java.util.concurrent.LinkedBlockingQueue, queueCapacity: 2000, scheduler: class org.apache.hadoop.ipc.DefaultRpcScheduler, ipcBackoff: false.
2019-10-23 10:40:01,319 [Socket Reader #1 for port 43251] INFO  ipc.Server (Server.java:run(1074)) - Starting Socket Reader #1 for port 43251
2019-10-23 10:40:01,321 [main] INFO  ipc.CallQueueManager (CallQueueManager.java:<init>(84)) - Using callQueue: class java.util.concurrent.LinkedBlockingQueue, queueCapacity: 2000, scheduler: class org.apache.hadoop.ipc.DefaultRpcScheduler, ipcBackoff: false.
2019-10-23 10:40:01,322 [Socket Reader #1 for port 42623] INFO  ipc.Server (Server.java:run(1074)) - Starting Socket Reader #1 for port 42623
2019-10-23 10:40:01,324 [main] INFO  hdfs.DFSUtil (DFSUtil.java:httpServerTemplateForNNAndJN(1641)) - Starting Web-server for scm at: http://0.0.0.0:0
2019-10-23 10:40:01,327 [main] INFO  server.AuthenticationFilter (AuthenticationFilter.java:constructSecretProvider(240)) - Unable to initialize FileSignerSecretProvider, falling back to use random secrets.
2019-10-23 10:40:01,328 [main] WARN  http.HttpRequestLog (HttpRequestLog.java:getRequestLog(97)) - Jetty request log can only be enabled using Log4j
2019-10-23 10:40:01,331 [main] INFO  http.HttpServer2 (HttpServer2.java:addGlobalFilter(975)) - Added global filter 'safety' (class=org.apache.hadoop.http.HttpServer2$QuotingInputFilter)
2019-10-23 10:40:01,332 [main] INFO  http.HttpServer2 (HttpServer2.java:addFilter(948)) - Added filter static_user_filter (class=org.apache.hadoop.http.lib.StaticUserWebFilter$StaticUserFilter) to context scm
2019-10-23 10:40:01,332 [main] INFO  http.HttpServer2 (HttpServer2.java:addFilter(958)) - Added filter static_user_filter (class=org.apache.hadoop.http.lib.StaticUserWebFilter$StaticUserFilter) to context logs
2019-10-23 10:40:01,332 [main] INFO  http.HttpServer2 (HttpServer2.java:addFilter(958)) - Added filter static_user_filter (class=org.apache.hadoop.http.lib.StaticUserWebFilter$StaticUserFilter) to context static
2019-10-23 10:40:01,335 [main] INFO  server.StorageContainerManager (StorageContainerManager.java:start(772)) - StorageContainerLocationProtocol RPC server is listening at /0.0.0.0:42623
2019-10-23 10:40:01,338 [main] WARN  impl.MetricsConfig (MetricsConfig.java:loadFirst(134)) - Cannot locate configuration: tried hadoop-metrics2-storagecontainermanager.properties,hadoop-metrics2.properties
2019-10-23 10:40:01,339 [main] INFO  impl.MetricsSystemImpl (MetricsSystemImpl.java:startTimer(374)) - Scheduled Metric snapshot period at 10 second(s).
2019-10-23 10:40:01,339 [main] INFO  impl.MetricsSystemImpl (MetricsSystemImpl.java:start(191)) - StorageContainerManager metrics system started
2019-10-23 10:40:01,356 [main] WARN  impl.MetricsSystemImpl (MetricsSystemImpl.java:register(276)) - Sink prometheus already exists!
2019-10-23 10:40:01,364 [main] INFO  server.SCMClientProtocolServer (SCMClientProtocolServer.java:start(159)) - RPC server for Client  is listening at /0.0.0.0:42623
2019-10-23 10:40:01,365 [IPC Server Responder] INFO  ipc.Server (Server.java:run(1314)) - IPC Server Responder: starting
2019-10-23 10:40:01,365 [IPC Server listener on 42623] INFO  ipc.Server (Server.java:run(1153)) - IPC Server listener on 42623: starting
2019-10-23 10:40:01,368 [main] INFO  server.StorageContainerManager (StorageContainerManager.java:start(782)) - ScmBlockLocationProtocol RPC server is listening at /0.0.0.0:43251
2019-10-23 10:40:01,369 [main] INFO  server.SCMBlockProtocolServer (SCMBlockProtocolServer.java:start(146)) - RPC server for Block Protocol is listening at /0.0.0.0:43251
2019-10-23 10:40:01,369 [IPC Server Responder] INFO  ipc.Server (Server.java:run(1314)) - IPC Server Responder: starting
2019-10-23 10:40:01,369 [IPC Server listener on 43251] INFO  ipc.Server (Server.java:run(1153)) - IPC Server listener on 43251: starting
2019-10-23 10:40:01,373 [main] INFO  server.StorageContainerManager (StorageContainerManager.java:start(786)) - ScmDatanodeProtocl RPC server is listening at /0.0.0.0:34989
2019-10-23 10:40:01,373 [main] INFO  server.SCMDatanodeProtocolServer (SCMDatanodeProtocolServer.java:start(169)) - RPC server for DataNodes is listening at /0.0.0.0:34989
2019-10-23 10:40:01,374 [IPC Server Responder] INFO  ipc.Server (Server.java:run(1314)) - IPC Server Responder: starting
2019-10-23 10:40:01,374 [IPC Server listener on 34989] INFO  ipc.Server (Server.java:run(1153)) - IPC Server listener on 34989: starting
2019-10-23 10:40:01,377 [main] INFO  http.HttpServer2 (HttpServer2.java:bindListener(1191)) - Jetty bound to port 41170
2019-10-23 10:40:01,378 [main] INFO  server.Server (Server.java:doStart(351)) - jetty-9.3.25.v20180904, build timestamp: 2018-09-04T21:11:46Z, git hash: 3ce520221d0240229c862b122d2b06c12a625732
2019-10-23 10:40:01,379 [main] INFO  handler.ContextHandler (ContextHandler.java:doStart(781)) - Started o.e.j.s.ServletContextHandler@78a515e4{/logs,file:///workdir/hadoop-ozone/integration-test/target/log,AVAILABLE}
2019-10-23 10:40:01,380 [main] INFO  handler.ContextHandler (ContextHandler.java:doStart(781)) - Started o.e.j.s.ServletContextHandler@51c8f62c{/static,file:///workdir/hadoop-ozone/integration-test/target/test-classes/webapps/static,AVAILABLE}
2019-10-23 10:40:01,385 [main] INFO  handler.ContextHandler (ContextHandler.java:doStart(781)) - Started o.e.j.w.WebAppContext@45f756e6{/,file:///workdir/hadoop-ozone/integration-test/target/test-classes/webapps/scm/,AVAILABLE}{/scm}
2019-10-23 10:40:01,386 [main] INFO  server.AbstractConnector (AbstractConnector.java:doStart(278)) - Started ServerConnector@329548d0{HTTP/1.1,[http/1.1]}{0.0.0.0:41170}
2019-10-23 10:40:01,386 [main] INFO  server.Server (Server.java:doStart(419)) - Started @26754ms
2019-10-23 10:40:01,386 [main] WARN  impl.MetricsSystemImpl (MetricsSystemImpl.java:register(276)) - Sink prometheus already exists!
2019-10-23 10:40:01,388 [main] INFO  server.BaseHttpServer (BaseHttpServer.java:updateConnectorAddress(215)) - HTTP server of SCM is listening at http://0.0.0.0:41170
2019-10-23 10:40:01,388 [main] WARN  server.ServerUtils (ServerUtils.java:getDBPath(222)) - ozone.om.db.dirs is not configured. We recommend adding this setting. Falling back to ozone.metadata.dirs instead.
2019-10-23 10:40:01,389 [org.apache.hadoop.util.JvmPauseMonitor$Monitor@29b40b3] INFO  util.JvmPauseMonitor (JvmPauseMonitor.java:run(188)) - Starting JVM pause monitor
2019-10-23 10:40:01,402 [main] INFO  ha.OMHANodeDetails (OMHANodeDetails.java:loadOMHAConfig(190)) - Configuration either no ozone.om.address set. Falling back to the default OM address /127.0.0.1:0
2019-10-23 10:40:01,402 [main] INFO  ha.OMHANodeDetails (OMHANodeDetails.java:getOMNodeDetails(220)) - OM Service ID is not set. Setting it to the default ID: omServiceIdDefault
2019-10-23 10:40:01,402 [main] WARN  server.ServerUtils (ServerUtils.java:getDBPath(222)) - ozone.om.db.dirs is not configured. We recommend adding this setting. Falling back to ozone.metadata.dirs instead.
2019-10-23 10:40:01,403 [main] WARN  server.ServerUtils (ServerUtils.java:getDBPath(222)) - ozone.om.db.dirs is not configured. We recommend adding this setting. Falling back to ozone.metadata.dirs instead.
2019-10-23 10:40:01,405 [main] WARN  server.ServerUtils (ServerUtils.java:getDBPath(222)) - ozone.om.db.dirs is not configured. We recommend adding this setting. Falling back to ozone.metadata.dirs instead.
2019-10-23 10:40:01,406 [main] INFO  db.DBStoreBuilder (DBStoreBuilder.java:addTable(127)) - using custom profile for table: userTable
2019-10-23 10:40:01,406 [main] INFO  db.DBStoreBuilder (DBStoreBuilder.java:processTables(183)) - Using default column profile:DBProfile.DISK for Table:userTable
2019-10-23 10:40:01,406 [main] INFO  db.DBStoreBuilder (DBStoreBuilder.java:addTable(127)) - using custom profile for table: volumeTable
2019-10-23 10:40:01,406 [main] INFO  db.DBStoreBuilder (DBStoreBuilder.java:processTables(183)) - Using default column profile:DBProfile.DISK for Table:volumeTable
2019-10-23 10:40:01,407 [main] INFO  db.DBStoreBuilder (DBStoreBuilder.java:addTable(127)) - using custom profile for table: bucketTable
2019-10-23 10:40:01,407 [main] INFO  db.DBStoreBuilder (DBStoreBuilder.java:processTables(183)) - Using default column profile:DBProfile.DISK for Table:bucketTable
2019-10-23 10:40:01,407 [main] INFO  db.DBStoreBuilder (DBStoreBuilder.java:addTable(127)) - using custom profile for table: keyTable
2019-10-23 10:40:01,407 [main] INFO  db.DBStoreBuilder (DBStoreBuilder.java:processTables(183)) - Using default column profile:DBProfile.DISK for Table:keyTable
2019-10-23 10:40:01,408 [main] INFO  db.DBStoreBuilder (DBStoreBuilder.java:addTable(127)) - using custom profile for table: deletedTable
2019-10-23 10:40:01,408 [main] INFO  db.DBStoreBuilder (DBStoreBuilder.java:processTables(183)) - Using default column profile:DBProfile.DISK for Table:deletedTable
2019-10-23 10:40:01,408 [main] INFO  db.DBStoreBuilder (DBStoreBuilder.java:addTable(127)) - using custom profile for table: openKeyTable
2019-10-23 10:40:01,408 [main] INFO  db.DBStoreBuilder (DBStoreBuilder.java:processTables(183)) - Using default column profile:DBProfile.DISK for Table:openKeyTable
2019-10-23 10:40:01,408 [main] INFO  db.DBStoreBuilder (DBStoreBuilder.java:addTable(127)) - using custom profile for table: s3Table
2019-10-23 10:40:01,408 [main] INFO  db.DBStoreBuilder (DBStoreBuilder.java:processTables(183)) - Using default column profile:DBProfile.DISK for Table:s3Table
2019-10-23 10:40:01,409 [main] INFO  db.DBStoreBuilder (DBStoreBuilder.java:addTable(127)) - using custom profile for table: multipartInfoTable
2019-10-23 10:40:01,409 [main] INFO  db.DBStoreBuilder (DBStoreBuilder.java:processTables(183)) - Using default column profile:DBProfile.DISK for Table:multipartInfoTable
2019-10-23 10:40:01,409 [main] INFO  db.DBStoreBuilder (DBStoreBuilder.java:addTable(127)) - using custom profile for table: dTokenTable
2019-10-23 10:40:01,409 [main] INFO  db.DBStoreBuilder (DBStoreBuilder.java:processTables(183)) - Using default column profile:DBProfile.DISK for Table:dTokenTable
2019-10-23 10:40:01,409 [main] INFO  db.DBStoreBuilder (DBStoreBuilder.java:addTable(127)) - using custom profile for table: s3SecretTable
2019-10-23 10:40:01,410 [main] INFO  db.DBStoreBuilder (DBStoreBuilder.java:processTables(183)) - Using default column profile:DBProfile.DISK for Table:s3SecretTable
2019-10-23 10:40:01,410 [main] INFO  db.DBStoreBuilder (DBStoreBuilder.java:addTable(127)) - using custom profile for table: prefixTable
2019-10-23 10:40:01,410 [main] INFO  db.DBStoreBuilder (DBStoreBuilder.java:processTables(183)) - Using default column profile:DBProfile.DISK for Table:prefixTable
2019-10-23 10:40:01,410 [main] INFO  db.DBStoreBuilder (DBStoreBuilder.java:addTable(127)) - using custom profile for table: default
2019-10-23 10:40:01,410 [main] INFO  db.DBStoreBuilder (DBStoreBuilder.java:processTables(189)) - Using default column profile:DBProfile.DISK for Table:default
2019-10-23 10:40:01,411 [main] INFO  db.DBStoreBuilder (DBStoreBuilder.java:getDbProfile(220)) - Using default options. DBProfile.DISK
2019-10-23 10:40:01,877 [main] INFO  ipc.CallQueueManager (CallQueueManager.java:<init>(84)) - Using callQueue: class java.util.concurrent.LinkedBlockingQueue, queueCapacity: 2000, scheduler: class org.apache.hadoop.ipc.DefaultRpcScheduler, ipcBackoff: false.
2019-10-23 10:40:01,878 [Socket Reader #1 for port 35973] INFO  ipc.Server (Server.java:run(1074)) - Starting Socket Reader #1 for port 35973
2019-10-23 10:40:01,895 [main] INFO  om.OzoneManager (OzoneManager.java:start(1074)) - OzoneManager RPC server is listening at localhost/127.0.0.1:35973
2019-10-23 10:40:01,895 [main] INFO  impl.MetricsSystemImpl (MetricsSystemImpl.java:init(158)) - OzoneManager metrics system started (again)
2019-10-23 10:40:01,897 [IPC Server listener on 35973] INFO  ipc.Server (Server.java:run(1153)) - IPC Server listener on 35973: starting
2019-10-23 10:40:01,897 [IPC Server Responder] INFO  ipc.Server (Server.java:run(1314)) - IPC Server Responder: starting
2019-10-23 10:40:01,902 [main] INFO  hdfs.DFSUtil (DFSUtil.java:httpServerTemplateForNNAndJN(1641)) - Starting Web-server for ozoneManager at: http://0.0.0.0:0
2019-10-23 10:40:01,904 [main] INFO  server.AuthenticationFilter (AuthenticationFilter.java:constructSecretProvider(240)) - Unable to initialize FileSignerSecretProvider, falling back to use random secrets.
2019-10-23 10:40:01,904 [main] WARN  http.HttpRequestLog (HttpRequestLog.java:getRequestLog(97)) - Jetty request log can only be enabled using Log4j
2019-10-23 10:40:01,906 [main] INFO  http.HttpServer2 (HttpServer2.java:addGlobalFilter(975)) - Added global filter 'safety' (class=org.apache.hadoop.http.HttpServer2$QuotingInputFilter)
2019-10-23 10:40:01,906 [main] INFO  http.HttpServer2 (HttpServer2.java:addFilter(948)) - Added filter static_user_filter (class=org.apache.hadoop.http.lib.StaticUserWebFilter$StaticUserFilter) to context ozoneManager
2019-10-23 10:40:01,906 [main] INFO  http.HttpServer2 (HttpServer2.java:addFilter(958)) - Added filter static_user_filter (class=org.apache.hadoop.http.lib.StaticUserWebFilter$StaticUserFilter) to context logs
2019-10-23 10:40:01,906 [main] INFO  http.HttpServer2 (HttpServer2.java:addFilter(958)) - Added filter static_user_filter (class=org.apache.hadoop.http.lib.StaticUserWebFilter$StaticUserFilter) to context static
2019-10-23 10:40:01,907 [main] INFO  http.HttpServer2 (HttpServer2.java:bindListener(1191)) - Jetty bound to port 35708
2019-10-23 10:40:01,907 [main] INFO  server.Server (Server.java:doStart(351)) - jetty-9.3.25.v20180904, build timestamp: 2018-09-04T21:11:46Z, git hash: 3ce520221d0240229c862b122d2b06c12a625732
2019-10-23 10:40:01,909 [main] INFO  handler.ContextHandler (ContextHandler.java:doStart(781)) - Started o.e.j.s.ServletContextHandler@7c52fc81{/logs,file:///workdir/hadoop-ozone/integration-test/target/log,AVAILABLE}
2019-10-23 10:40:01,909 [main] INFO  handler.ContextHandler (ContextHandler.java:doStart(781)) - Started o.e.j.s.ServletContextHandler@2806d6da{/static,file:///workdir/hadoop-ozone/integration-test/target/test-classes/webapps/static,AVAILABLE}
2019-10-23 10:40:01,913 [main] INFO  handler.ContextHandler (ContextHandler.java:doStart(781)) - Started o.e.j.w.WebAppContext@1fd9893c{/,file:///workdir/hadoop-ozone/integration-test/target/test-classes/webapps/ozoneManager/,AVAILABLE}{/ozoneManager}
2019-10-23 10:40:01,914 [main] INFO  server.AbstractConnector (AbstractConnector.java:doStart(278)) - Started ServerConnector@1b2df3aa{HTTP/1.1,[http/1.1]}{0.0.0.0:35708}
2019-10-23 10:40:01,914 [main] INFO  server.Server (Server.java:doStart(419)) - Started @27282ms
2019-10-23 10:40:01,914 [main] WARN  impl.MetricsSystemImpl (MetricsSystemImpl.java:register(276)) - Sink prometheus already exists!
2019-10-23 10:40:01,915 [main] INFO  server.BaseHttpServer (BaseHttpServer.java:updateConnectorAddress(215)) - HTTP server of OZONEMANAGER is listening at http://0.0.0.0:35708
2019-10-23 10:40:01,918 [main] INFO  impl.MetricsSystemImpl (MetricsSystemImpl.java:init(158)) - HddsDatanode metrics system started (again)
2019-10-23 10:40:01,920 [main] INFO  ozone.HddsDatanodeService (HddsDatanodeService.java:start(184)) - HddsDatanodeService host:pr-hdds-1868-4pzfm-3396797935 ip:192.168.34.3
2019-10-23 10:40:01,929 [main] INFO  volume.HddsVolume (HddsVolume.java:<init>(176)) - Creating Volume: /workdir/hadoop-ozone/integration-test/target/test-dir/MiniOzoneClusterImpl-116629e2-0795-41c4-8530-b70df50bbd59/datanode-0/data/containers/hdds of  storage type : DISK and capacity : 1482555576320
2019-10-23 10:40:01,930 [main] INFO  volume.VolumeSet (VolumeSet.java:initializeVolumeSet(170)) - Added Volume : /workdir/hadoop-ozone/integration-test/target/test-dir/MiniOzoneClusterImpl-116629e2-0795-41c4-8530-b70df50bbd59/datanode-0/data/containers/hdds to VolumeSet
2019-10-23 10:40:01,930 [main] INFO  volume.ThrottledAsyncChecker (ThrottledAsyncChecker.java:schedule(141)) - Scheduling a check for /workdir/hadoop-ozone/integration-test/target/test-dir/MiniOzoneClusterImpl-116629e2-0795-41c4-8530-b70df50bbd59/datanode-0/data/containers/hdds
2019-10-23 10:40:01,930 [main] INFO  volume.HddsVolumeChecker (HddsVolumeChecker.java:checkAllVolumes(204)) - Scheduled health check for volume /workdir/hadoop-ozone/integration-test/target/test-dir/MiniOzoneClusterImpl-116629e2-0795-41c4-8530-b70df50bbd59/datanode-0/data/containers/hdds
2019-10-23 10:40:01,944 [main] INFO  impl.RaftServerProxy (ConfUtils.java:logGet(43)) - raft.rpc.type = GRPC (default)
2019-10-23 10:40:01,945 [main] INFO  grpc.GrpcFactory (GrpcFactory.java:checkPooledByteBufAllocatorUseCacheForAllThreads(45)) - PERFORMANCE WARNING: useCacheForAllThreads is true that may cause Netty to create a lot garbage objects and, as a result, trigger GC.
	It is recommended to disable useCacheForAllThreads by setting -Dorg.apache.ratis.thirdparty.io.netty.allocator.useCacheForAllThreads=false in command line.
2019-10-23 10:40:01,945 [main] INFO  grpc.GrpcConfigKeys$Server (ConfUtils.java:logGet(43)) - raft.grpc.server.port = 0 (default)
2019-10-23 10:40:01,945 [main] INFO  server.GrpcService (ConfUtils.java:logGet(43)) - raft.grpc.message.size.max = 33570816 (custom)
2019-10-23 10:40:01,945 [main] INFO  server.RaftServerConfigKeys (ConfUtils.java:logGet(43)) - raft.server.log.appender.buffer.byte-limit = 33554432 (custom)
2019-10-23 10:40:01,945 [main] INFO  server.GrpcService (ConfUtils.java:logGet(43)) - raft.grpc.flow.control.window = 1MB (=1048576) (default)
2019-10-23 10:40:01,946 [main] INFO  server.RaftServerConfigKeys (ConfUtils.java:logGet(43)) - raft.server.rpc.request.timeout = 3000ms (default)
2019-10-23 10:40:01,946 [main] INFO  server.RaftServerConfigKeys (ConfUtils.java:logGet(43)) - raft.server.storage.dir = [/workdir/hadoop-ozone/integration-test/target/test-dir/MiniOzoneClusterImpl-116629e2-0795-41c4-8530-b70df50bbd59/datanode-0/data/ratis] (custom)
2019-10-23 10:40:01,948 [main] INFO  hdfs.DFSUtil (DFSUtil.java:httpServerTemplateForNNAndJN(1641)) - Starting Web-server for hddsDatanode at: http://0.0.0.0:0
2019-10-23 10:40:01,949 [main] INFO  server.AuthenticationFilter (AuthenticationFilter.java:constructSecretProvider(240)) - Unable to initialize FileSignerSecretProvider, falling back to use random secrets.
2019-10-23 10:40:01,950 [main] WARN  http.HttpRequestLog (HttpRequestLog.java:getRequestLog(97)) - Jetty request log can only be enabled using Log4j
2019-10-23 10:40:01,951 [main] INFO  http.HttpServer2 (HttpServer2.java:addGlobalFilter(975)) - Added global filter 'safety' (class=org.apache.hadoop.http.HttpServer2$QuotingInputFilter)
2019-10-23 10:40:01,952 [main] INFO  http.HttpServer2 (HttpServer2.java:addFilter(948)) - Added filter static_user_filter (class=org.apache.hadoop.http.lib.StaticUserWebFilter$StaticUserFilter) to context hddsDatanode
2019-10-23 10:40:01,952 [main] INFO  http.HttpServer2 (HttpServer2.java:addFilter(958)) - Added filter static_user_filter (class=org.apache.hadoop.http.lib.StaticUserWebFilter$StaticUserFilter) to context logs
2019-10-23 10:40:01,952 [main] INFO  http.HttpServer2 (HttpServer2.java:addFilter(958)) - Added filter static_user_filter (class=org.apache.hadoop.http.lib.StaticUserWebFilter$StaticUserFilter) to context static
2019-10-23 10:40:01,953 [main] INFO  http.HttpServer2 (HttpServer2.java:bindListener(1191)) - Jetty bound to port 43483
2019-10-23 10:40:01,953 [main] INFO  server.Server (Server.java:doStart(351)) - jetty-9.3.25.v20180904, build timestamp: 2018-09-04T21:11:46Z, git hash: 3ce520221d0240229c862b122d2b06c12a625732
2019-10-23 10:40:01,955 [main] INFO  handler.ContextHandler (ContextHandler.java:doStart(781)) - Started o.e.j.s.ServletContextHandler@3d90eeb3{/logs,file:///workdir/hadoop-ozone/integration-test/target/log,AVAILABLE}
2019-10-23 10:40:01,955 [main] INFO  handler.ContextHandler (ContextHandler.java:doStart(781)) - Started o.e.j.s.ServletContextHandler@7fb53256{/static,jar:file:/home/user/.m2/repository/org/apache/hadoop/hadoop-hdds-container-service/0.5.0-SNAPSHOT/hadoop-hdds-container-service-0.5.0-SNAPSHOT.jar!/webapps/static,AVAILABLE}
2019-10-23 10:40:01,986 [main] INFO  handler.ContextHandler (ContextHandler.java:doStart(781)) - Started o.e.j.w.WebAppContext@71b639d0{/,file:///tmp/jetty-0.0.0.0-43483-hddsDatanode-_-any-4363181099191876657.dir/webapp/,AVAILABLE}{/hddsDatanode}
2019-10-23 10:40:01,986 [main] INFO  server.AbstractConnector (AbstractConnector.java:doStart(278)) - Started ServerConnector@18a25bbd{HTTP/1.1,[http/1.1]}{0.0.0.0:43483}
2019-10-23 10:40:01,987 [main] INFO  server.Server (Server.java:doStart(419)) - Started @27355ms
2019-10-23 10:40:01,987 [main] WARN  impl.MetricsSystemImpl (MetricsSystemImpl.java:register(276)) - Sink prometheus already exists!
2019-10-23 10:40:01,988 [main] INFO  server.BaseHttpServer (BaseHttpServer.java:updateConnectorAddress(215)) - HTTP server of HDDSDATANODE is listening at http://0.0.0.0:43483
2019-10-23 10:40:01,989 [main] INFO  ozone.MiniOzoneClusterImpl (MiniOzoneClusterImpl.java:lambda$waitForClusterToBeReady$2(170)) - Waiting for cluster to be ready. Got 0 of 1 DN Heartbeats.
2019-10-23 10:40:01,991 [org.apache.hadoop.util.JvmPauseMonitor$Monitor@c7eed87] INFO  util.JvmPauseMonitor (JvmPauseMonitor.java:run(188)) - Starting JVM pause monitor
2019-10-23 10:40:01,997 [Datanode State Machine Thread - 0] INFO  datanode.InitDatanodeState (InitDatanodeState.java:persistContainerDatanodeDetails(140)) - DatanodeDetails is persisted to /workdir/hadoop-ozone/integration-test/target/test-dir/MiniOzoneClusterImpl-116629e2-0795-41c4-8530-b70df50bbd59/datanode-0/meta/datanode.id
2019-10-23 10:40:02,989 [main] INFO  ozone.MiniOzoneClusterImpl (MiniOzoneClusterImpl.java:lambda$waitForClusterToBeReady$2(170)) - Waiting for cluster to be ready. Got 0 of 1 DN Heartbeats.
2019-10-23 10:40:03,990 [main] INFO  ozone.MiniOzoneClusterImpl (MiniOzoneClusterImpl.java:lambda$waitForClusterToBeReady$2(170)) - Waiting for cluster to be ready. Got 0 of 1 DN Heartbeats.
2019-10-23 10:40:04,024 [Datanode State Machine Thread - 0] INFO  ozoneimpl.OzoneContainer (OzoneContainer.java:start(213)) - Attempting to start container services.
2019-10-23 10:40:04,028 [Datanode State Machine Thread - 0] INFO  ozoneimpl.OzoneContainer (OzoneContainer.java:startContainerScrub(177)) - Background container scanner has been disabled.
2019-10-23 10:40:04,028 [Datanode State Machine Thread - 0] INFO  ratis.XceiverServerRatis (XceiverServerRatis.java:start(423)) - Starting XceiverServerRatis 37c67132-6619-49b9-909a-308ba0815d7f at port 0
2019-10-23 10:40:04,037 [Datanode State Machine Thread - 0] INFO  impl.RaftServerProxy (RaftServerProxy.java:lambda$start$3(299)) - 37c67132-6619-49b9-909a-308ba0815d7f: start RPC server
2019-10-23 10:40:04,039 [Datanode State Machine Thread - 0] INFO  server.GrpcService (GrpcService.java:startImpl(158)) - 37c67132-6619-49b9-909a-308ba0815d7f: GrpcService started, listening on 0.0.0.0/0.0.0.0:39851
2019-10-23 10:40:04,039 [Datanode State Machine Thread - 0] INFO  ratis.XceiverServerRatis (XceiverServerRatis.java:start(433)) - XceiverServerRatis 37c67132-6619-49b9-909a-308ba0815d7f is started using port 39851
2019-10-23 10:40:04,041 [Datanode State Machine Thread - 0] INFO  server.XceiverServerGrpc (XceiverServerGrpc.java:start(149)) - XceiverServerGrpc 37c67132-6619-49b9-909a-308ba0815d7f is started using port 36135
2019-10-23 10:40:04,990 [main] INFO  ozone.MiniOzoneClusterImpl (MiniOzoneClusterImpl.java:lambda$waitForClusterToBeReady$2(170)) - Waiting for cluster to be ready. Got 0 of 1 DN Heartbeats.
2019-10-23 10:40:05,991 [main] INFO  ozone.MiniOzoneClusterImpl (MiniOzoneClusterImpl.java:lambda$waitForClusterToBeReady$2(170)) - Waiting for cluster to be ready. Got 0 of 1 DN Heartbeats.
2019-10-23 10:40:05,995 [IPC Server handler 0 on 34989] INFO  net.NetworkTopology (NetworkTopologyImpl.java:add(111)) - Added a new node: /default-rack/37c67132-6619-49b9-909a-308ba0815d7f
2019-10-23 10:40:05,995 [IPC Server handler 0 on 34989] INFO  node.SCMNodeManager (SCMNodeManager.java:register(268)) - Registered Data node : 37c67132-6619-49b9-909a-308ba0815d7f{ip: 192.168.34.3, host: pr-hdds-1868-4pzfm-3396797935, networkLocation: /default-rack, certSerialId: null}
2019-10-23 10:40:05,998 [EventQueue-NodeRegistrationContainerReportForDataNodeSafeModeRule] INFO  safemode.SCMSafeModeManager (DataNodeSafeModeRule.java:process(71)) - SCM in safe mode. 1 DataNodes registered, 1 required.
2019-10-23 10:40:05,998 [EventQueue-NodeRegistrationContainerReportForDataNodeSafeModeRule] INFO  safemode.SCMSafeModeManager (SCMSafeModeManager.java:validateSafeModeExitRules(177)) - ScmSafeModeManager, all rules are successfully validated
2019-10-23 10:40:05,999 [EventQueue-NodeRegistrationContainerReportForDataNodeSafeModeRule] INFO  safemode.SCMSafeModeManager (SCMSafeModeManager.java:exitSafeMode(193)) - SCM exiting safe mode.
2019-10-23 10:40:06,016 [grpc-default-executor-1] INFO  impl.RaftServerProxy (RaftServerProxy.java:addNew(89)) - 37c67132-6619-49b9-909a-308ba0815d7f: addNew group-15811E5198FB:[37c67132-6619-49b9-909a-308ba0815d7f:192.168.34.3:39851] returns group-15811E5198FB:java.util.concurrent.CompletableFuture@607b90f0[Not completed]
2019-10-23 10:40:06,034 [pool-77-thread-1] INFO  impl.RaftServerImpl (RaftServerImpl.java:<init>(98)) - 37c67132-6619-49b9-909a-308ba0815d7f: new RaftServerImpl for group-15811E5198FB:[37c67132-6619-49b9-909a-308ba0815d7f:192.168.34.3:39851] with ContainerStateMachine:uninitialized
2019-10-23 10:40:06,035 [pool-77-thread-1] INFO  server.RaftServerConfigKeys (ConfUtils.java:logGet(43)) - raft.server.rpc.timeout.min = 5s (custom)
2019-10-23 10:40:06,035 [pool-77-thread-1] INFO  server.RaftServerConfigKeys (ConfUtils.java:logGet(43)) - raft.server.rpc.timeout.max = 5200ms (custom)
2019-10-23 10:40:06,036 [pool-77-thread-1] INFO  server.RaftServerConfigKeys (ConfUtils.java:logGet(43)) - raft.server.rpcslowness.timeout = 120s (custom)
2019-10-23 10:40:06,036 [pool-77-thread-1] INFO  server.RaftServerConfigKeys (ConfUtils.java:logGet(43)) - raft.server.sleep.deviation.threshold = 300 (default)
2019-10-23 10:40:06,036 [pool-77-thread-1] INFO  server.RaftServerConfigKeys (ConfUtils.java:logGet(43)) - raft.server.log.appender.install.snapshot.enabled = false (custom)
2019-10-23 10:40:06,036 [pool-77-thread-1] INFO  impl.RaftServerImpl (ServerState.java:<init>(103)) - 37c67132-6619-49b9-909a-308ba0815d7f@group-15811E5198FB: ConfigurationManager, init=-1: [37c67132-6619-49b9-909a-308ba0815d7f:192.168.34.3:39851], old=null, confs=<EMPTY_MAP>
2019-10-23 10:40:06,036 [pool-77-thread-1] INFO  server.RaftServerConfigKeys (ConfUtils.java:logGet(43)) - raft.server.storage.dir = [/workdir/hadoop-ozone/integration-test/target/test-dir/MiniOzoneClusterImpl-116629e2-0795-41c4-8530-b70df50bbd59/datanode-0/data/ratis] (custom)
2019-10-23 10:40:06,037 [pool-77-thread-1] INFO  server.RaftServerConfigKeys (ConfUtils.java:logGet(43)) - raft.server.log.corruption.policy = EXCEPTION (default)
2019-10-23 10:40:06,037 [pool-77-thread-1] INFO  storage.RaftStorageDirectory (RaftStorageDirectory.java:analyzeStorage(246)) - The storage directory /workdir/hadoop-ozone/integration-test/target/test-dir/MiniOzoneClusterImpl-116629e2-0795-41c4-8530-b70df50bbd59/datanode-0/data/ratis/70cd062b-4af9-4b1f-bb30-15811e5198fb does not exist. Creating ...
2019-10-23 10:40:06,050 [pool-77-thread-1] INFO  storage.RaftStorageDirectory (RaftStorageDirectory.java:tryLock(328)) - Lock on /workdir/hadoop-ozone/integration-test/target/test-dir/MiniOzoneClusterImpl-116629e2-0795-41c4-8530-b70df50bbd59/datanode-0/data/ratis/70cd062b-4af9-4b1f-bb30-15811e5198fb/in_use.lock acquired by nodename 8494@pr-hdds-1868-4pzfm-3396797935
2019-10-23 10:40:06,053 [pool-77-thread-1] INFO  storage.RaftStorage (RaftStorage.java:format(84)) - Storage directory /workdir/hadoop-ozone/integration-test/target/test-dir/MiniOzoneClusterImpl-116629e2-0795-41c4-8530-b70df50bbd59/datanode-0/data/ratis/70cd062b-4af9-4b1f-bb30-15811e5198fb has been successfully formatted.
2019-10-23 10:40:06,054 [pool-77-thread-1] INFO  ratis.ContainerStateMachine (ContainerStateMachine.java:loadSnapshot(233)) - group-15811E5198FB: The snapshot info is null. Setting the last applied indexto:(t:0, i:~)
2019-10-23 10:40:06,054 [pool-77-thread-1] INFO  server.RaftServerConfigKeys (ConfUtils.java:logGet(43)) - raft.server.notification.no-leader.timeout = 120s (custom)
2019-10-23 10:40:06,055 [pool-77-thread-1] INFO  server.RaftServerConfigKeys (ConfUtils.java:logGet(43)) - raft.server.log.use.memory = false (default)
2019-10-23 10:40:06,055 [pool-77-thread-1] INFO  server.RaftServerConfigKeys (ConfUtils.java:logGet(43)) - raft.server.log.purge.gap = 1000000 (custom)
2019-10-23 10:40:06,055 [pool-77-thread-1] INFO  server.RaftServerConfigKeys (ConfUtils.java:logGet(43)) - raft.server.log.appender.buffer.byte-limit = 33554432 (custom)
2019-10-23 10:40:06,055 [pool-77-thread-1] INFO  server.RaftServerConfigKeys (ConfUtils.java:logGet(43)) - raft.server.log.segment.size.max = 1048576 (custom)
2019-10-23 10:40:06,055 [pool-77-thread-1] WARN  impl.MetricRegistriesImpl (MetricRegistriesImpl.java:lambda$create$1(61)) - First MetricRegistry has been created without registering reporters. You may need to call MetricRegistries.global().addReportRegistration(...) before.
2019-10-23 10:40:06,056 [pool-77-thread-1] INFO  server.RaftServerConfigKeys (ConfUtils.java:logGet(43)) - raft.server.log.segment.cache.num.max = 2 (custom)
2019-10-23 10:40:06,057 [pool-77-thread-1] INFO  segmented.SegmentedRaftLogWorker (SegmentedRaftLogWorker.java:<init>(173)) - new 37c67132-6619-49b9-909a-308ba0815d7f@group-15811E5198FB-SegmentedRaftLogWorker for RaftStorage:Storage Directory /workdir/hadoop-ozone/integration-test/target/test-dir/MiniOzoneClusterImpl-116629e2-0795-41c4-8530-b70df50bbd59/datanode-0/data/ratis/70cd062b-4af9-4b1f-bb30-15811e5198fb
2019-10-23 10:40:06,057 [pool-77-thread-1] INFO  server.RaftServerConfigKeys (ConfUtils.java:logGet(43)) - raft.server.log.queue.byte-limit = 2147483647 (custom)
2019-10-23 10:40:06,057 [pool-77-thread-1] INFO  server.RaftServerConfigKeys (ConfUtils.java:logGet(43)) - raft.server.log.queue.element-limit = 1024 (custom)
2019-10-23 10:40:06,057 [pool-77-thread-1] INFO  server.RaftServerConfigKeys (ConfUtils.java:logGet(43)) - raft.server.log.segment.size.max = 1048576 (custom)
2019-10-23 10:40:06,057 [pool-77-thread-1] INFO  server.RaftServerConfigKeys (ConfUtils.java:logGet(43)) - raft.server.log.preallocated.size = 16384 (custom)
2019-10-23 10:40:06,057 [pool-77-thread-1] INFO  server.RaftServerConfigKeys (ConfUtils.java:logGet(43)) - raft.server.log.write.buffer.size = 33554432 (custom)
2019-10-23 10:40:06,058 [pool-77-thread-1] INFO  server.RaftServerConfigKeys (ConfUtils.java:logGet(43)) - raft.server.log.force.sync.num = 128 (default)
2019-10-23 10:40:06,058 [pool-77-thread-1] INFO  server.RaftServerConfigKeys (ConfUtils.java:logGet(43)) - raft.server.log.statemachine.data.sync = true (default)
2019-10-23 10:40:06,058 [pool-77-thread-1] INFO  server.RaftServerConfigKeys (ConfUtils.java:logGet(43)) - raft.server.log.statemachine.data.sync.timeout = 10s (default)
2019-10-23 10:40:06,058 [pool-77-thread-1] INFO  server.RaftServerConfigKeys (ConfUtils.java:logGet(43)) - raft.server.log.statemachine.data.sync.timeout.retry = -1 (default)
2019-10-23 10:40:06,059 [pool-77-thread-1] INFO  server.RaftServerConfigKeys (ConfUtils.java:logGet(43)) - raft.server.log.statemachine.data.caching.enabled = true (custom)
2019-10-23 10:40:06,059 [pool-77-thread-1] INFO  segmented.SegmentedRaftLogWorker (SegmentedRaftLogWorker.java:lambda$new$0(128)) - 37c67132-6619-49b9-909a-308ba0815d7f@group-15811E5198FB-SegmentedRaftLogWorker: flushIndex: setUnconditionally 0 -> -1
2019-10-23 10:40:06,060 [pool-77-thread-1] INFO  server.RaftServerConfigKeys (ConfUtils.java:logGet(43)) - raft.server.snapshot.auto.trigger.enabled = true (custom)
2019-10-23 10:40:06,060 [pool-77-thread-1] INFO  server.RaftServerConfigKeys (ConfUtils.java:logGet(43)) - raft.server.snapshot.auto.trigger.threshold = 1 (custom)
2019-10-23 10:40:06,060 [pool-77-thread-1] INFO  server.RaftServerConfigKeys (ConfUtils.java:logGet(43)) - raft.server.snapshot.retention.file.num = 5 (custom)
2019-10-23 10:40:06,060 [pool-77-thread-1] INFO  server.RaftServerConfigKeys (ConfUtils.java:logGet(43)) - raft.server.retrycache.expirytime = 600000ms (custom)
2019-10-23 10:40:06,061 [pool-77-thread-1] WARN  impl.MetricRegistriesImpl (MetricRegistriesImpl.java:lambda$create$1(61)) - First MetricRegistry has been created without registering reporters. You may need to call MetricRegistries.global().addReportRegistration(...) before.
2019-10-23 10:40:06,062 [pool-77-thread-1] WARN  impl.MetricRegistriesImpl (MetricRegistriesImpl.java:lambda$create$1(61)) - First MetricRegistry has been created without registering reporters. You may need to call MetricRegistries.global().addReportRegistration(...) before.
2019-10-23 10:40:06,062 [pool-77-thread-1] INFO  impl.RaftServerImpl (RaftServerImpl.java:start(184)) - 37c67132-6619-49b9-909a-308ba0815d7f@group-15811E5198FB: start as a follower, conf=-1: [37c67132-6619-49b9-909a-308ba0815d7f:192.168.34.3:39851], old=null
2019-10-23 10:40:06,062 [pool-77-thread-1] INFO  impl.RaftServerImpl (RaftServerImpl.java:setRole(173)) - 37c67132-6619-49b9-909a-308ba0815d7f@group-15811E5198FB: changes role from      null to FOLLOWER at term 0 for startAsFollower
2019-10-23 10:40:06,062 [pool-77-thread-1] INFO  impl.RoleInfo (RoleInfo.java:updateAndGet(143)) - 37c67132-6619-49b9-909a-308ba0815d7f: start FollowerState
2019-10-23 10:40:06,063 [pool-77-thread-1] INFO  util.JmxRegister (JmxRegister.java:tryRegister(44)) - Successfully registered JMX Bean with object name Ratis:service=RaftServer,group=group-15811E5198FB,id=37c67132-6619-49b9-909a-308ba0815d7f
2019-10-23 10:40:06,063 [pool-77-thread-1] WARN  impl.MetricRegistriesImpl (MetricRegistriesImpl.java:lambda$create$1(61)) - First MetricRegistry has been created without registering reporters. You may need to call MetricRegistries.global().addReportRegistration(...) before.
2019-10-23 10:40:06,072 [RatisPipelineUtilsThread] INFO  pipeline.PipelineStateManager (PipelineStateManager.java:addPipeline(55)) - Created pipeline Pipeline[ Id: 70cd062b-4af9-4b1f-bb30-15811e5198fb, Nodes: 37c67132-6619-49b9-909a-308ba0815d7f{ip: 192.168.34.3, host: pr-hdds-1868-4pzfm-3396797935, networkLocation: /default-rack, certSerialId: null}, Type:RATIS, Factor:ONE, State:ALLOCATED]
2019-10-23 10:40:06,991 [main] INFO  ozone.MiniOzoneClusterImpl (MiniOzoneClusterImpl.java:lambda$waitForClusterToBeReady$2(162)) - Waiting for 1 number of pipelines out of 1, to report a leader.
2019-10-23 10:40:07,992 [main] INFO  ozone.MiniOzoneClusterImpl (MiniOzoneClusterImpl.java:lambda$waitForClusterToBeReady$2(162)) - Waiting for 1 number of pipelines out of 1, to report a leader.
2019-10-23 10:40:08,993 [main] INFO  ozone.MiniOzoneClusterImpl (MiniOzoneClusterImpl.java:lambda$waitForClusterToBeReady$2(162)) - Waiting for 1 number of pipelines out of 1, to report a leader.
2019-10-23 10:40:09,001 [Thread-350] INFO  container.ReplicationManager (ReplicationManager.java:start(162)) - Starting Replication Monitor Thread.
2019-10-23 10:40:09,002 [Thread-350] INFO  pipeline.SCMPipelineManager (SCMPipelineManager.java:finalizeAndDestroyPipeline(316)) - destroying pipeline:Pipeline[ Id: 70cd062b-4af9-4b1f-bb30-15811e5198fb, Nodes: 37c67132-6619-49b9-909a-308ba0815d7f{ip: 192.168.34.3, host: pr-hdds-1868-4pzfm-3396797935, networkLocation: /default-rack, certSerialId: null}, Type:RATIS, Factor:ONE, State:ALLOCATED]
2019-10-23 10:40:09,003 [ReplicationMonitor] INFO  container.ReplicationManager (ReplicationManager.java:run(225)) - Replication Monitor Thread took 0 milliseconds for processing 0 containers.
2019-10-23 10:40:09,003 [Thread-350] INFO  pipeline.PipelineStateManager (PipelineStateManager.java:finalizePipeline(121)) - Pipeline Pipeline[ Id: 70cd062b-4af9-4b1f-bb30-15811e5198fb, Nodes: 37c67132-6619-49b9-909a-308ba0815d7f{ip: 192.168.34.3, host: pr-hdds-1868-4pzfm-3396797935, networkLocation: /default-rack, certSerialId: null}, Type:RATIS, Factor:ONE, State:CLOSED] moved to CLOSED state
2019-10-23 10:40:09,023 [grpc-default-executor-1] INFO  impl.RaftServerProxy (RaftServerProxy.java:remove(95)) - 37c67132-6619-49b9-909a-308ba0815d7f: remove  FOLLOWER 37c67132-6619-49b9-909a-308ba0815d7f@group-15811E5198FB:t0, leader=null, voted=null, raftlog=37c67132-6619-49b9-909a-308ba0815d7f@group-15811E5198FB-SegmentedRaftLog:OPENED:c-1,f-1,i0, conf=-1: [37c67132-6619-49b9-909a-308ba0815d7f:192.168.34.3:39851], old=null RUNNING
2019-10-23 10:40:09,024 [grpc-default-executor-1] INFO  impl.RaftServerImpl (RaftServerImpl.java:lambda$shutdown$3(250)) - 37c67132-6619-49b9-909a-308ba0815d7f@group-15811E5198FB: shutdown
2019-10-23 10:40:09,024 [grpc-default-executor-1] INFO  util.JmxRegister (JmxRegister.java:unregister(73)) - Successfully un-registered JMX Bean with object name Ratis:service=RaftServer,group=group-15811E5198FB,id=37c67132-6619-49b9-909a-308ba0815d7f
2019-10-23 10:40:09,024 [grpc-default-executor-1] INFO  impl.RoleInfo (RoleInfo.java:shutdownFollowerState(121)) - 37c67132-6619-49b9-909a-308ba0815d7f: shutdown FollowerState
2019-10-23 10:40:09,025 [grpc-default-executor-1] INFO  impl.StateMachineUpdater (StateMachineUpdater.java:stopAndJoin(136)) - 37c67132-6619-49b9-909a-308ba0815d7f@group-15811E5198FB-StateMachineUpdater: set stopIndex = -1
2019-10-23 10:40:09,025 [Thread-352] INFO  impl.FollowerState (FollowerState.java:run(120)) - 37c67132-6619-49b9-909a-308ba0815d7f@group-15811E5198FB-FollowerState was interrupted: java.lang.InterruptedException: sleep interrupted
2019-10-23 10:40:09,026 [grpc-default-executor-1] INFO  impl.RaftServerImpl (ServerState.java:close(387)) - 37c67132-6619-49b9-909a-308ba0815d7f@group-15811E5198FB: closes. applyIndex: -1
2019-10-23 10:40:09,027 [37c67132-6619-49b9-909a-308ba0815d7f@group-15811E5198FB-SegmentedRaftLogWorker] INFO  segmented.SegmentedRaftLogWorker (SegmentedRaftLogWorker.java:run(316)) - 37c67132-6619-49b9-909a-308ba0815d7f@group-15811E5198FB-SegmentedRaftLogWorker was interrupted, exiting. There are 0 tasks remaining in the queue.
2019-10-23 10:40:09,027 [grpc-default-executor-1] INFO  segmented.SegmentedRaftLogWorker (SegmentedRaftLogWorker.java:close(224)) - 37c67132-6619-49b9-909a-308ba0815d7f@group-15811E5198FB-SegmentedRaftLogWorker close()
2019-10-23 10:40:09,037 [Thread-350] INFO  pipeline.PipelineStateManager (PipelineStateManager.java:removePipeline(106)) - Pipeline Pipeline[ Id: 70cd062b-4af9-4b1f-bb30-15811e5198fb, Nodes: 37c67132-6619-49b9-909a-308ba0815d7f{ip: 192.168.34.3, host: pr-hdds-1868-4pzfm-3396797935, networkLocation: /default-rack, certSerialId: null}, Type:RATIS, Factor:ONE, State:CLOSED] removed from db
2019-10-23 10:40:09,049 [grpc-default-executor-1] INFO  impl.RaftServerProxy (RaftServerProxy.java:addNew(89)) - 37c67132-6619-49b9-909a-308ba0815d7f: addNew group-2D4EFF302894:[37c67132-6619-49b9-909a-308ba0815d7f:192.168.34.3:39851] returns group-2D4EFF302894:java.util.concurrent.CompletableFuture@1496a1ed[Not completed]
2019-10-23 10:40:09,052 [pool-77-thread-1] INFO  impl.RaftServerImpl (RaftServerImpl.java:<init>(98)) - 37c67132-6619-49b9-909a-308ba0815d7f: new RaftServerImpl for group-2D4EFF302894:[37c67132-6619-49b9-909a-308ba0815d7f:192.168.34.3:39851] with ContainerStateMachine:uninitialized
2019-10-23 10:40:09,052 [pool-77-thread-1] INFO  server.RaftServerConfigKeys (ConfUtils.java:logGet(43)) - raft.server.rpc.timeout.min = 5s (custom)
2019-10-23 10:40:09,052 [pool-77-thread-1] INFO  server.RaftServerConfigKeys (ConfUtils.java:logGet(43)) - raft.server.rpc.timeout.max = 5200ms (custom)
2019-10-23 10:40:09,053 [pool-77-thread-1] INFO  server.RaftServerConfigKeys (ConfUtils.java:logGet(43)) - raft.server.rpcslowness.timeout = 120s (custom)
2019-10-23 10:40:09,053 [pool-77-thread-1] INFO  server.RaftServerConfigKeys (ConfUtils.java:logGet(43)) - raft.server.sleep.deviation.threshold = 300 (default)
2019-10-23 10:40:09,053 [pool-77-thread-1] INFO  server.RaftServerConfigKeys (ConfUtils.java:logGet(43)) - raft.server.log.appender.install.snapshot.enabled = false (custom)
2019-10-23 10:40:09,053 [pool-77-thread-1] INFO  impl.RaftServerImpl (ServerState.java:<init>(103)) - 37c67132-6619-49b9-909a-308ba0815d7f@group-2D4EFF302894: ConfigurationManager, init=-1: [37c67132-6619-49b9-909a-308ba0815d7f:192.168.34.3:39851], old=null, confs=<EMPTY_MAP>
2019-10-23 10:40:09,053 [pool-77-thread-1] INFO  server.RaftServerConfigKeys (ConfUtils.java:logGet(43)) - raft.server.storage.dir = [/workdir/hadoop-ozone/integration-test/target/test-dir/MiniOzoneClusterImpl-116629e2-0795-41c4-8530-b70df50bbd59/datanode-0/data/ratis] (custom)
2019-10-23 10:40:09,054 [pool-77-thread-1] INFO  server.RaftServerConfigKeys (ConfUtils.java:logGet(43)) - raft.server.log.corruption.policy = EXCEPTION (default)
2019-10-23 10:40:09,054 [pool-77-thread-1] INFO  storage.RaftStorageDirectory (RaftStorageDirectory.java:analyzeStorage(246)) - The storage directory /workdir/hadoop-ozone/integration-test/target/test-dir/MiniOzoneClusterImpl-116629e2-0795-41c4-8530-b70df50bbd59/datanode-0/data/ratis/4e363b2c-cf16-40ea-9eb8-2d4eff302894 does not exist. Creating ...
2019-10-23 10:40:09,067 [pool-77-thread-1] INFO  storage.RaftStorageDirectory (RaftStorageDirectory.java:tryLock(328)) - Lock on /workdir/hadoop-ozone/integration-test/target/test-dir/MiniOzoneClusterImpl-116629e2-0795-41c4-8530-b70df50bbd59/datanode-0/data/ratis/4e363b2c-cf16-40ea-9eb8-2d4eff302894/in_use.lock acquired by nodename 8494@pr-hdds-1868-4pzfm-3396797935
2019-10-23 10:40:09,081 [pool-77-thread-1] INFO  storage.RaftStorage (RaftStorage.java:format(84)) - Storage directory /workdir/hadoop-ozone/integration-test/target/test-dir/MiniOzoneClusterImpl-116629e2-0795-41c4-8530-b70df50bbd59/datanode-0/data/ratis/4e363b2c-cf16-40ea-9eb8-2d4eff302894 has been successfully formatted.
2019-10-23 10:40:09,081 [pool-77-thread-1] INFO  ratis.ContainerStateMachine (ContainerStateMachine.java:loadSnapshot(233)) - group-2D4EFF302894: The snapshot info is null. Setting the last applied indexto:(t:0, i:~)
2019-10-23 10:40:09,082 [pool-77-thread-1] INFO  server.RaftServerConfigKeys (ConfUtils.java:logGet(43)) - raft.server.notification.no-leader.timeout = 120s (custom)
2019-10-23 10:40:09,082 [pool-77-thread-1] INFO  server.RaftServerConfigKeys (ConfUtils.java:logGet(43)) - raft.server.log.use.memory = false (default)
2019-10-23 10:40:09,082 [pool-77-thread-1] INFO  server.RaftServerConfigKeys (ConfUtils.java:logGet(43)) - raft.server.log.purge.gap = 1000000 (custom)
2019-10-23 10:40:09,082 [pool-77-thread-1] INFO  server.RaftServerConfigKeys (ConfUtils.java:logGet(43)) - raft.server.log.appender.buffer.byte-limit = 33554432 (custom)
2019-10-23 10:40:09,082 [pool-77-thread-1] INFO  server.RaftServerConfigKeys (ConfUtils.java:logGet(43)) - raft.server.log.segment.size.max = 1048576 (custom)
2019-10-23 10:40:09,082 [pool-77-thread-1] INFO  server.RaftServerConfigKeys (ConfUtils.java:logGet(43)) - raft.server.log.segment.cache.num.max = 2 (custom)
2019-10-23 10:40:09,083 [pool-77-thread-1] INFO  segmented.SegmentedRaftLogWorker (SegmentedRaftLogWorker.java:<init>(173)) - new 37c67132-6619-49b9-909a-308ba0815d7f@group-2D4EFF302894-SegmentedRaftLogWorker for RaftStorage:Storage Directory /workdir/hadoop-ozone/integration-test/target/test-dir/MiniOzoneClusterImpl-116629e2-0795-41c4-8530-b70df50bbd59/datanode-0/data/ratis/4e363b2c-cf16-40ea-9eb8-2d4eff302894
2019-10-23 10:40:09,083 [pool-77-thread-1] INFO  server.RaftServerConfigKeys (ConfUtils.java:logGet(43)) - raft.server.log.queue.byte-limit = 2147483647 (custom)
2019-10-23 10:40:09,083 [pool-77-thread-1] INFO  server.RaftServerConfigKeys (ConfUtils.java:logGet(43)) - raft.server.log.queue.element-limit = 1024 (custom)
2019-10-23 10:40:09,083 [pool-77-thread-1] INFO  server.RaftServerConfigKeys (ConfUtils.java:logGet(43)) - raft.server.log.segment.size.max = 1048576 (custom)
2019-10-23 10:40:09,083 [pool-77-thread-1] INFO  server.RaftServerConfigKeys (ConfUtils.java:logGet(43)) - raft.server.log.preallocated.size = 16384 (custom)
2019-10-23 10:40:09,083 [pool-77-thread-1] INFO  server.RaftServerConfigKeys (ConfUtils.java:logGet(43)) - raft.server.log.write.buffer.size = 33554432 (custom)
2019-10-23 10:40:09,084 [pool-77-thread-1] INFO  server.RaftServerConfigKeys (ConfUtils.java:logGet(43)) - raft.server.log.force.sync.num = 128 (default)
2019-10-23 10:40:09,084 [pool-77-thread-1] INFO  server.RaftServerConfigKeys (ConfUtils.java:logGet(43)) - raft.server.log.statemachine.data.sync = true (default)
2019-10-23 10:40:09,084 [pool-77-thread-1] INFO  server.RaftServerConfigKeys (ConfUtils.java:logGet(43)) - raft.server.log.statemachine.data.sync.timeout = 10s (default)
2019-10-23 10:40:09,084 [pool-77-thread-1] INFO  server.RaftServerConfigKeys (ConfUtils.java:logGet(43)) - raft.server.log.statemachine.data.sync.timeout.retry = -1 (default)
2019-10-23 10:40:09,084 [pool-77-thread-1] INFO  server.RaftServerConfigKeys (ConfUtils.java:logGet(43)) - raft.server.log.statemachine.data.caching.enabled = true (custom)
2019-10-23 10:40:09,085 [pool-77-thread-1] INFO  segmented.SegmentedRaftLogWorker (SegmentedRaftLogWorker.java:lambda$new$0(128)) - 37c67132-6619-49b9-909a-308ba0815d7f@group-2D4EFF302894-SegmentedRaftLogWorker: flushIndex: setUnconditionally 0 -> -1
2019-10-23 10:40:09,085 [pool-77-thread-1] INFO  server.RaftServerConfigKeys (ConfUtils.java:logGet(43)) - raft.server.snapshot.auto.trigger.enabled = true (custom)
2019-10-23 10:40:09,085 [pool-77-thread-1] INFO  server.RaftServerConfigKeys (ConfUtils.java:logGet(43)) - raft.server.snapshot.auto.trigger.threshold = 1 (custom)
2019-10-23 10:40:09,086 [pool-77-thread-1] INFO  server.RaftServerConfigKeys (ConfUtils.java:logGet(43)) - raft.server.snapshot.retention.file.num = 5 (custom)
2019-10-23 10:40:09,086 [pool-77-thread-1] INFO  server.RaftServerConfigKeys (ConfUtils.java:logGet(43)) - raft.server.retrycache.expirytime = 600000ms (custom)
2019-10-23 10:40:09,086 [pool-77-thread-1] WARN  impl.MetricRegistriesImpl (MetricRegistriesImpl.java:lambda$create$1(61)) - First MetricRegistry has been created without registering reporters. You may need to call MetricRegistries.global().addReportRegistration(...) before.
2019-10-23 10:40:09,086 [pool-77-thread-1] WARN  impl.MetricRegistriesImpl (MetricRegistriesImpl.java:lambda$create$1(61)) - First MetricRegistry has been created without registering reporters. You may need to call MetricRegistries.global().addReportRegistration(...) before.
2019-10-23 10:40:09,087 [pool-77-thread-1] INFO  impl.RaftServerImpl (RaftServerImpl.java:start(184)) - 37c67132-6619-49b9-909a-308ba0815d7f@group-2D4EFF302894: start as a follower, conf=-1: [37c67132-6619-49b9-909a-308ba0815d7f:192.168.34.3:39851], old=null
2019-10-23 10:40:09,087 [pool-77-thread-1] INFO  impl.RaftServerImpl (RaftServerImpl.java:setRole(173)) - 37c67132-6619-49b9-909a-308ba0815d7f@group-2D4EFF302894: changes role from      null to FOLLOWER at term 0 for startAsFollower
2019-10-23 10:40:09,087 [pool-77-thread-1] INFO  impl.RoleInfo (RoleInfo.java:updateAndGet(143)) - 37c67132-6619-49b9-909a-308ba0815d7f: start FollowerState
2019-10-23 10:40:09,088 [pool-77-thread-1] INFO  util.JmxRegister (JmxRegister.java:tryRegister(44)) - Successfully registered JMX Bean with object name Ratis:service=RaftServer,group=group-2D4EFF302894,id=37c67132-6619-49b9-909a-308ba0815d7f
2019-10-23 10:40:09,088 [pool-77-thread-1] WARN  impl.MetricRegistriesImpl (MetricRegistriesImpl.java:lambda$create$1(61)) - First MetricRegistry has been created without registering reporters. You may need to call MetricRegistries.global().addReportRegistration(...) before.
2019-10-23 10:40:09,095 [RatisPipelineUtilsThread] INFO  pipeline.PipelineStateManager (PipelineStateManager.java:addPipeline(55)) - Created pipeline Pipeline[ Id: 4e363b2c-cf16-40ea-9eb8-2d4eff302894, Nodes: 37c67132-6619-49b9-909a-308ba0815d7f{ip: 192.168.34.3, host: pr-hdds-1868-4pzfm-3396797935, networkLocation: /default-rack, certSerialId: null}, Type:RATIS, Factor:ONE, State:ALLOCATED]
2019-10-23 10:40:09,995 [main] INFO  ozone.MiniOzoneClusterImpl (MiniOzoneClusterImpl.java:lambda$waitForClusterToBeReady$2(162)) - Waiting for 1 number of pipelines out of 1, to report a leader.
2019-10-23 10:40:10,997 [main] INFO  ozone.MiniOzoneClusterImpl (MiniOzoneClusterImpl.java:lambda$waitForClusterToBeReady$2(162)) - Waiting for 1 number of pipelines out of 1, to report a leader.
2019-10-23 10:40:11,998 [main] INFO  ozone.MiniOzoneClusterImpl (MiniOzoneClusterImpl.java:lambda$waitForClusterToBeReady$2(162)) - Waiting for 1 number of pipelines out of 1, to report a leader.
2019-10-23 10:40:12,999 [main] INFO  ozone.MiniOzoneClusterImpl (MiniOzoneClusterImpl.java:lambda$waitForClusterToBeReady$2(162)) - Waiting for 1 number of pipelines out of 1, to report a leader.
2019-10-23 10:40:13,999 [main] INFO  ozone.MiniOzoneClusterImpl (MiniOzoneClusterImpl.java:lambda$waitForClusterToBeReady$2(162)) - Waiting for 1 number of pipelines out of 1, to report a leader.
2019-10-23 10:40:14,185 [Thread-357] INFO  impl.FollowerState (FollowerState.java:run(111)) - 37c67132-6619-49b9-909a-308ba0815d7f@group-2D4EFF302894-FollowerState: change to CANDIDATE, lastRpcTime:5097ms, electionTimeout:5097ms
2019-10-23 10:40:14,185 [Thread-357] INFO  impl.RoleInfo (RoleInfo.java:shutdownFollowerState(121)) - 37c67132-6619-49b9-909a-308ba0815d7f: shutdown FollowerState
2019-10-23 10:40:14,186 [Thread-357] INFO  impl.RaftServerImpl (RaftServerImpl.java:setRole(173)) - 37c67132-6619-49b9-909a-308ba0815d7f@group-2D4EFF302894: changes role from  FOLLOWER to CANDIDATE at term 0 for changeToCandidate
2019-10-23 10:40:14,186 [Thread-357] INFO  impl.RoleInfo (RoleInfo.java:updateAndGet(143)) - 37c67132-6619-49b9-909a-308ba0815d7f: start LeaderElection
2019-10-23 10:40:14,204 [37c67132-6619-49b9-909a-308ba0815d7f@group-2D4EFF302894-LeaderElection2] INFO  impl.LeaderElection (LeaderElection.java:askForVotes(178)) - 37c67132-6619-49b9-909a-308ba0815d7f@group-2D4EFF302894-LeaderElection2: begin an election at term 1 for -1: [37c67132-6619-49b9-909a-308ba0815d7f:192.168.34.3:39851], old=null
2019-10-23 10:40:14,207 [37c67132-6619-49b9-909a-308ba0815d7f@group-2D4EFF302894-LeaderElection2] INFO  impl.RoleInfo (RoleInfo.java:shutdownLeaderElection(134)) - 37c67132-6619-49b9-909a-308ba0815d7f: shutdown LeaderElection
2019-10-23 10:40:14,207 [37c67132-6619-49b9-909a-308ba0815d7f@group-2D4EFF302894-LeaderElection2] INFO  impl.RaftServerImpl (RaftServerImpl.java:setRole(173)) - 37c67132-6619-49b9-909a-308ba0815d7f@group-2D4EFF302894: changes role from CANDIDATE to LEADER at term 1 for changeToLeader
2019-10-23 10:40:14,207 [37c67132-6619-49b9-909a-308ba0815d7f@group-2D4EFF302894-LeaderElection2] INFO  ratis.XceiverServerRatis (XceiverServerRatis.java:handleLeaderChangedNotification(701)) - Leader change notification received for group: group-2D4EFF302894 with new leaderId: 37c67132-6619-49b9-909a-308ba0815d7f
2019-10-23 10:40:14,207 [37c67132-6619-49b9-909a-308ba0815d7f@group-2D4EFF302894-LeaderElection2] INFO  impl.RaftServerImpl (ServerState.java:setLeader(255)) - 37c67132-6619-49b9-909a-308ba0815d7f@group-2D4EFF302894: change Leader from null to 37c67132-6619-49b9-909a-308ba0815d7f at term 1 for becomeLeader, leader elected after 5125ms
2019-10-23 10:40:14,208 [37c67132-6619-49b9-909a-308ba0815d7f@group-2D4EFF302894-LeaderElection2] INFO  server.RaftServerConfigKeys (ConfUtils.java:logGet(43)) - raft.server.staging.catchup.gap = 1000 (default)
2019-10-23 10:40:14,208 [37c67132-6619-49b9-909a-308ba0815d7f@group-2D4EFF302894-LeaderElection2] INFO  server.RaftServerConfigKeys (ConfUtils.java:logGet(43)) - raft.server.rpc.sleep.time = 25ms (default)
2019-10-23 10:40:14,208 [37c67132-6619-49b9-909a-308ba0815d7f@group-2D4EFF302894-LeaderElection2] INFO  server.RaftServerConfigKeys (ConfUtils.java:logGet(43)) - raft.server.write.element-limit = 4096 (default)
2019-10-23 10:40:14,209 [37c67132-6619-49b9-909a-308ba0815d7f@group-2D4EFF302894-LeaderElection2] INFO  server.RaftServerConfigKeys (ConfUtils.java:logGet(43)) - raft.server.watch.timeout = 10s (default)
2019-10-23 10:40:14,209 [37c67132-6619-49b9-909a-308ba0815d7f@group-2D4EFF302894-LeaderElection2] INFO  server.RaftServerConfigKeys (ConfUtils.java:logGet(43)) - raft.server.watch.timeout.denomination = 1s (default)
2019-10-23 10:40:14,209 [EventQueue-PipelineReportForPipelineReportHandler] INFO  pipeline.PipelineReportHandler (PipelineReportHandler.java:processPipelineReport(104)) - Pipeline PipelineID=4e363b2c-cf16-40ea-9eb8-2d4eff302894 reported by 37c67132-6619-49b9-909a-308ba0815d7f{ip: 192.168.34.3, host: pr-hdds-1868-4pzfm-3396797935, networkLocation: /default-rack, certSerialId: null} isLeader?: true
2019-10-23 10:40:14,209 [37c67132-6619-49b9-909a-308ba0815d7f@group-2D4EFF302894-LeaderElection2] INFO  server.RaftServerConfigKeys (ConfUtils.java:logGet(43)) - raft.server.watch.element-limit = 65536 (default)
2019-10-23 10:40:14,209 [EventQueue-PipelineReportForPipelineReportHandler] INFO  pipeline.PipelineStateManager (PipelineStateManager.java:openPipeline(134)) - Pipeline Pipeline[ Id: 4e363b2c-cf16-40ea-9eb8-2d4eff302894, Nodes: 37c67132-6619-49b9-909a-308ba0815d7f{ip: 192.168.34.3, host: pr-hdds-1868-4pzfm-3396797935, networkLocation: /default-rack, certSerialId: null}, Type:RATIS, Factor:ONE, State:OPEN] moved to OPEN state
2019-10-23 10:40:14,210 [37c67132-6619-49b9-909a-308ba0815d7f@group-2D4EFF302894-LeaderElection2] INFO  impl.RoleInfo (RoleInfo.java:updateAndGet(143)) - 37c67132-6619-49b9-909a-308ba0815d7f: start LeaderState
2019-10-23 10:40:14,210 [37c67132-6619-49b9-909a-308ba0815d7f@group-2D4EFF302894-LeaderElection2] INFO  segmented.SegmentedRaftLogWorker (SegmentedRaftLogWorker.java:startLogSegment(385)) - 37c67132-6619-49b9-909a-308ba0815d7f@group-2D4EFF302894-SegmentedRaftLogWorker: Starting segment from index:0
2019-10-23 10:40:14,211 [37c67132-6619-49b9-909a-308ba0815d7f@group-2D4EFF302894-LeaderElection2] INFO  impl.RaftServerImpl (ServerState.java:setRaftConf(356)) - 37c67132-6619-49b9-909a-308ba0815d7f@group-2D4EFF302894: set configuration 0: [37c67132-6619-49b9-909a-308ba0815d7f:192.168.34.3:39851], old=null at 0
2019-10-23 10:40:14,256 [37c67132-6619-49b9-909a-308ba0815d7f@group-2D4EFF302894-SegmentedRaftLogWorker] INFO  segmented.SegmentedRaftLogWorker (SegmentedRaftLogWorker.java:execute(576)) - 37c67132-6619-49b9-909a-308ba0815d7f@group-2D4EFF302894-SegmentedRaftLogWorker: created new log segment /workdir/hadoop-ozone/integration-test/target/test-dir/MiniOzoneClusterImpl-116629e2-0795-41c4-8530-b70df50bbd59/datanode-0/data/ratis/4e363b2c-cf16-40ea-9eb8-2d4eff302894/current/log_inprogress_0
2019-10-23 10:40:15,000 [main] INFO  ozone.MiniOzoneClusterImpl (MiniOzoneClusterImpl.java:lambda$waitForClusterToBeReady$2(170)) - Cluster is ready. Got 1 of 1 DN Heartbeats.
2019-10-23 10:40:15,000 [main] INFO  om.OzoneManager (OzoneManager.java:readKeyPair(716)) - Reading keypair and certificate from file system.
2019-10-23 10:40:15,001 [main] INFO  om.OzoneManager (OzoneManager.java:startSecretManager(682)) - Starting OM block token secret manager
2019-10-23 10:40:15,001 [main] INFO  security.OzoneBlockTokenSecretManager (OzoneSecretManager.java:updateCurrentKey(170)) - Updating the current master key for generating tokens
2019-10-23 10:40:15,033 [main] INFO  rpc.RpcClient (RpcClient.java:createVolume(272)) - Creating Volume: testcontainerstatemachinefailures, with jenkins1000 as owner.
2019-10-23 10:40:15,037 [IPC Server handler 4 on 35973] INFO  volume.OMVolumeCreateRequest (OMVolumeCreateRequest.java:validateAndUpdateCache(193)) - created volume:testcontainerstatemachinefailures for user:jenkins1000
2019-10-23 10:40:15,057 [main] INFO  rpc.RpcClient (RpcClient.java:createBucket(411)) - Creating Bucket: testcontainerstatemachinefailures/testcontainerstatemachinefailures, with Versioning false and Storage Type set to DISK and Encryption set to false 
2019-10-23 10:40:15,084 [IPC Server handler 0 on 43251] INFO  server.SCMBlockProtocolServer (SCMBlockProtocolServer.java:allocateBlock(179)) - Allocating 1 blocks of size 4194304, with ExcludeList {datanodes = [], containerIds = [], pipelineIds = []}
2019-10-23 10:40:15,226 [37c67132-6619-49b9-909a-308ba0815d7f@group-2D4EFF302894-StateMachineUpdater] INFO  ratis.ContainerStateMachine (ContainerStateMachine.java:takeSnapshot(296)) - group-2D4EFF302894: Taking a snapshot at:(t:1, i:1) file /workdir/hadoop-ozone/integration-test/target/test-dir/MiniOzoneClusterImpl-116629e2-0795-41c4-8530-b70df50bbd59/datanode-0/data/ratis/4e363b2c-cf16-40ea-9eb8-2d4eff302894/sm/snapshot.1_1
2019-10-23 10:40:15,242 [37c67132-6619-49b9-909a-308ba0815d7f@group-2D4EFF302894-StateMachineUpdater] INFO  ratis.ContainerStateMachine (ContainerStateMachine.java:takeSnapshot(307)) - group-2D4EFF302894: Finished taking a snapshot at:(t:1, i:1) file:/workdir/hadoop-ozone/integration-test/target/test-dir/MiniOzoneClusterImpl-116629e2-0795-41c4-8530-b70df50bbd59/datanode-0/data/ratis/4e363b2c-cf16-40ea-9eb8-2d4eff302894/sm/snapshot.1_1 time:15
2019-10-23 10:40:15,242 [37c67132-6619-49b9-909a-308ba0815d7f@group-2D4EFF302894-StateMachineUpdater] INFO  impl.StateMachineUpdater (StateMachineUpdater.java:takeSnapshot(269)) - 37c67132-6619-49b9-909a-308ba0815d7f@group-2D4EFF302894-StateMachineUpdater: Took a snapshot at index 1
2019-10-23 10:40:15,242 [37c67132-6619-49b9-909a-308ba0815d7f@group-2D4EFF302894-StateMachineUpdater] INFO  impl.StateMachineUpdater (StateMachineUpdater.java:lambda$new$0(84)) - 37c67132-6619-49b9-909a-308ba0815d7f@group-2D4EFF302894-StateMachineUpdater: snapshotIndex: updateIncreasingly -1 -> 1
2019-10-23 10:40:15,258 [37c67132-6619-49b9-909a-308ba0815d7f@group-2D4EFF302894-StateMachineUpdater] INFO  ratis.ContainerStateMachine (ContainerStateMachine.java:takeSnapshot(296)) - group-2D4EFF302894: Taking a snapshot at:(t:1, i:4) file /workdir/hadoop-ozone/integration-test/target/test-dir/MiniOzoneClusterImpl-116629e2-0795-41c4-8530-b70df50bbd59/datanode-0/data/ratis/4e363b2c-cf16-40ea-9eb8-2d4eff302894/sm/snapshot.1_4
2019-10-23 10:40:15,262 [37c67132-6619-49b9-909a-308ba0815d7f@group-2D4EFF302894-StateMachineUpdater] INFO  ratis.ContainerStateMachine (ContainerStateMachine.java:takeSnapshot(307)) - group-2D4EFF302894: Finished taking a snapshot at:(t:1, i:4) file:/workdir/hadoop-ozone/integration-test/target/test-dir/MiniOzoneClusterImpl-116629e2-0795-41c4-8530-b70df50bbd59/datanode-0/data/ratis/4e363b2c-cf16-40ea-9eb8-2d4eff302894/sm/snapshot.1_4 time:4
2019-10-23 10:40:15,263 [37c67132-6619-49b9-909a-308ba0815d7f@group-2D4EFF302894-StateMachineUpdater] INFO  impl.StateMachineUpdater (StateMachineUpdater.java:takeSnapshot(269)) - 37c67132-6619-49b9-909a-308ba0815d7f@group-2D4EFF302894-StateMachineUpdater: Took a snapshot at index 4
2019-10-23 10:40:15,263 [37c67132-6619-49b9-909a-308ba0815d7f@group-2D4EFF302894-StateMachineUpdater] INFO  impl.StateMachineUpdater (StateMachineUpdater.java:lambda$new$0(84)) - 37c67132-6619-49b9-909a-308ba0815d7f@group-2D4EFF302894-StateMachineUpdater: snapshotIndex: updateIncreasingly 1 -> 4
2019-10-23 10:40:15,266 [pool-76-thread-2] ERROR impl.ChunkManagerImpl (ChunkUtils.java:getChunkFile(233)) - Chunks path does not exist
2019-10-23 10:40:15,267 [pool-76-thread-2] INFO  keyvalue.KeyValueHandler (ContainerUtils.java:logAndReturnError(146)) - Operation: WriteChunk : Trace ID: 40ccd9e34a8461f1:40ccd9e34a8461f1:0:0 : Message: Unable to get Chunks directory. : Result: UNABLE_TO_FIND_DATA_DIR
2019-10-23 10:40:15,273 [pool-76-thread-2] WARN  keyvalue.KeyValueHandler (KeyValueHandler.java:markContainerUnhealthy(946)) - Unexpected error while marking container 1 as unhealthy
org.apache.hadoop.hdds.scm.container.common.helpers.StorageContainerException: Error while creating/ updating .container file. ContainerID: 1
	at org.apache.hadoop.ozone.container.keyvalue.KeyValueContainer.writeToContainerFile(KeyValueContainer.java:237)
	at org.apache.hadoop.ozone.container.keyvalue.KeyValueContainer.updateContainerFile(KeyValueContainer.java:257)
	at org.apache.hadoop.ozone.container.keyvalue.KeyValueContainer.updateContainerData(KeyValueContainer.java:356)
	at org.apache.hadoop.ozone.container.keyvalue.KeyValueContainer.markContainerUnhealthy(KeyValueContainer.java:298)
	at org.apache.hadoop.ozone.container.keyvalue.KeyValueHandler.markContainerUnhealthy(KeyValueHandler.java:941)
	at org.apache.hadoop.ozone.container.common.impl.HddsDispatcher.dispatchRequest(HddsDispatcher.java:314)
	at org.apache.hadoop.ozone.container.common.impl.HddsDispatcher.dispatch(HddsDispatcher.java:150)
	at org.apache.hadoop.ozone.container.common.transport.server.ratis.ContainerStateMachine.dispatchCommand(ContainerStateMachine.java:415)
	at org.apache.hadoop.ozone.container.common.transport.server.ratis.ContainerStateMachine.runCommand(ContainerStateMachine.java:425)
	at org.apache.hadoop.ozone.container.common.transport.server.ratis.ContainerStateMachine.lambda$handleWriteChunk$1(ContainerStateMachine.java:460)
	at java.util.concurrent.CompletableFuture$AsyncSupply.run(CompletableFuture.java:1590)
	at java.util.concurrent.ThreadPoolExecutor.runWorker(ThreadPoolExecutor.java:1149)
	at java.util.concurrent.ThreadPoolExecutor$Worker.run(ThreadPoolExecutor.java:624)
	at java.lang.Thread.run(Thread.java:748)
Caused by: java.io.IOException: No such file or directory
	at java.io.UnixFileSystem.createFileExclusively(Native Method)
	at java.io.File.createTempFile(File.java:2024)
	at org.apache.hadoop.ozone.container.keyvalue.KeyValueContainer.createTempFile(KeyValueContainer.java:731)
	at org.apache.hadoop.ozone.container.keyvalue.KeyValueContainer.writeToContainerFile(KeyValueContainer.java:222)
	... 13 more
2019-10-23 10:40:15,280 [EventQueue-IncrementalContainerReportForIncrementalContainerReportHandler] WARN  container.IncrementalContainerReportHandler (AbstractContainerReportHandler.java:updateContainerState(145)) - Container #1 is in OPEN state, but the datanode 37c67132-6619-49b9-909a-308ba0815d7f{ip: 192.168.34.3, host: pr-hdds-1868-4pzfm-3396797935, networkLocation: /default-rack, certSerialId: null} reports an UNHEALTHY replica.
10:40:15.289 [pool-76-thread-2] ERROR DNAudit - user=null | ip=null | op=WRITE_CHUNK {blockData=conID: 1 locID: 103011268367810600 bcsId: 3} | ret=FAILURE
java.lang.Exception: Unable to get Chunks directory.
	at org.apache.hadoop.ozone.container.common.impl.HddsDispatcher.dispatchRequest(HddsDispatcher.java:332) ~[hadoop-hdds-container-service-0.5.0-SNAPSHOT.jar:?]
	at org.apache.hadoop.ozone.container.common.impl.HddsDispatcher.dispatch(HddsDispatcher.java:150) ~[hadoop-hdds-container-service-0.5.0-SNAPSHOT.jar:?]
	at org.apache.hadoop.ozone.container.common.transport.server.ratis.ContainerStateMachine.dispatchCommand(ContainerStateMachine.java:415) ~[hadoop-hdds-container-service-0.5.0-SNAPSHOT.jar:?]
	at org.apache.hadoop.ozone.container.common.transport.server.ratis.ContainerStateMachine.runCommand(ContainerStateMachine.java:425) ~[hadoop-hdds-container-service-0.5.0-SNAPSHOT.jar:?]
	at org.apache.hadoop.ozone.container.common.transport.server.ratis.ContainerStateMachine.lambda$handleWriteChunk$1(ContainerStateMachine.java:460) ~[hadoop-hdds-container-service-0.5.0-SNAPSHOT.jar:?]
	at java.util.concurrent.CompletableFuture$AsyncSupply.run(CompletableFuture.java:1590) [?:1.8.0_222]
	at java.util.concurrent.ThreadPoolExecutor.runWorker(ThreadPoolExecutor.java:1149) [?:1.8.0_222]
	at java.util.concurrent.ThreadPoolExecutor$Worker.run(ThreadPoolExecutor.java:624) [?:1.8.0_222]
	at java.lang.Thread.run(Thread.java:748) [?:1.8.0_222]
2019-10-23 10:40:15,308 [pool-76-thread-2] ERROR ratis.ContainerStateMachine (ContainerStateMachine.java:lambda$handleWriteChunk$2(488)) - group-2D4EFF302894: writeChunk writeStateMachineData failed: blockIdcontainerID: 1
localID: 103011268367810600
blockCommitSequenceId: 3
 logIndex 5 chunkName 103011268367810600_chunk_2 Error message: Unable to get Chunks directory. Container Result: UNABLE_TO_FIND_DATA_DIR
2019-10-23 10:40:15,320 [37c67132-6619-49b9-909a-308ba0815d7f@group-2D4EFF302894-SegmentedRaftLogWorker] ERROR ratis.XceiverServerRatis (XceiverServerRatis.java:triggerPipelineClose(587)) - pipeline Action CLOSE  on pipeline PipelineID=4e363b2c-cf16-40ea-9eb8-2d4eff302894.Reason : Unable to get Chunks directory.
2019-10-23 10:40:15,321 [37c67132-6619-49b9-909a-308ba0815d7f@group-2D4EFF302894-SegmentedRaftLogWorker] ERROR ratis.XceiverServerRatis (XceiverServerRatis.java:triggerPipelineClose(587)) - pipeline Action CLOSE  on pipeline PipelineID=4e363b2c-cf16-40ea-9eb8-2d4eff302894.Reason : Log already failed at index 5 for task WriteLog:5: (t:1, i:5), STATEMACHINELOGENTRY, client-A1CAF063DCA0, cid=48
2019-10-23 10:40:15,325 [EventQueue-PipelineActionsForPipelineActionHandler] ERROR pipeline.PipelineActionHandler (PipelineActionHandler.java:onMessage(60)) - Received pipeline action CLOSE for Pipeline[ Id: 4e363b2c-cf16-40ea-9eb8-2d4eff302894, Nodes: 37c67132-6619-49b9-909a-308ba0815d7f{ip: 192.168.34.3, host: pr-hdds-1868-4pzfm-3396797935, networkLocation: /default-rack, certSerialId: null}, Type:RATIS, Factor:ONE, State:OPEN] from datanode 37c67132-6619-49b9-909a-308ba0815d7f{ip: 192.168.34.3, host: pr-hdds-1868-4pzfm-3396797935, networkLocation: /default-rack, certSerialId: null}. Reason : Unable to get Chunks directory.
2019-10-23 10:40:15,325 [EventQueue-PipelineActionsForPipelineActionHandler] INFO  pipeline.SCMPipelineManager (SCMPipelineManager.java:finalizeAndDestroyPipeline(316)) - destroying pipeline:Pipeline[ Id: 4e363b2c-cf16-40ea-9eb8-2d4eff302894, Nodes: 37c67132-6619-49b9-909a-308ba0815d7f{ip: 192.168.34.3, host: pr-hdds-1868-4pzfm-3396797935, networkLocation: /default-rack, certSerialId: null}, Type:RATIS, Factor:ONE, State:OPEN]
2019-10-23 10:40:15,326 [EventQueue-PipelineActionsForPipelineActionHandler] INFO  pipeline.PipelineStateManager (PipelineStateManager.java:finalizePipeline(121)) - Pipeline Pipeline[ Id: 4e363b2c-cf16-40ea-9eb8-2d4eff302894, Nodes: 37c67132-6619-49b9-909a-308ba0815d7f{ip: 192.168.34.3, host: pr-hdds-1868-4pzfm-3396797935, networkLocation: /default-rack, certSerialId: null}, Type:RATIS, Factor:ONE, State:CLOSED] moved to CLOSED state
2019-10-23 10:40:15,327 [EventQueue-CloseContainerForCloseContainerEventHandler] INFO  container.CloseContainerEventHandler (CloseContainerEventHandler.java:onMessage(61)) - Close container Event triggered for container : #1
2019-10-23 10:40:15,328 [EventQueue-CloseContainerForCloseContainerEventHandler] INFO  container.CloseContainerEventHandler (CloseContainerEventHandler.java:onMessage(61)) - Close container Event triggered for container : #1
2019-10-23 10:41:21,343 [grpc-default-executor-1] INFO  impl.RaftServerProxy (RaftServerProxy.java:remove(95)) - 37c67132-6619-49b9-909a-308ba0815d7f: remove    LEADER 37c67132-6619-49b9-909a-308ba0815d7f@group-2D4EFF302894:t1, leader=37c67132-6619-49b9-909a-308ba0815d7f, voted=37c67132-6619-49b9-909a-308ba0815d7f, raftlog=37c67132-6619-49b9-909a-308ba0815d7f@group-2D4EFF302894-SegmentedRaftLog:OPENED:c4,f4,i6, conf=0: [37c67132-6619-49b9-909a-308ba0815d7f:192.168.34.3:39851], old=null RUNNING
2019-10-23 10:41:21,344 [grpc-default-executor-1] INFO  impl.RaftServerImpl (RaftServerImpl.java:lambda$shutdown$3(250)) - 37c67132-6619-49b9-909a-308ba0815d7f@group-2D4EFF302894: shutdown
2019-10-23 10:41:21,344 [grpc-default-executor-1] INFO  util.JmxRegister (JmxRegister.java:unregister(73)) - Successfully un-registered JMX Bean with object name Ratis:service=RaftServer,group=group-2D4EFF302894,id=37c67132-6619-49b9-909a-308ba0815d7f
2019-10-23 10:41:21,345 [grpc-default-executor-1] INFO  impl.RoleInfo (RoleInfo.java:shutdownLeaderState(104)) - 37c67132-6619-49b9-909a-308ba0815d7f: shutdown LeaderState
2019-10-23 10:41:21,345 [grpc-default-executor-1] INFO  impl.PendingRequests (PendingRequests.java:sendNotLeaderResponses(206)) - 37c67132-6619-49b9-909a-308ba0815d7f@group-2D4EFF302894-PendingRequests: sendNotLeaderResponses
2019-10-23 10:41:21,350 [grpc-default-executor-1] INFO  impl.StateMachineUpdater (StateMachineUpdater.java:stopAndJoin(136)) - 37c67132-6619-49b9-909a-308ba0815d7f@group-2D4EFF302894-StateMachineUpdater: set stopIndex = 4
2019-10-23 10:41:21,351 [grpc-default-executor-1] INFO  impl.RaftServerImpl (ServerState.java:close(387)) - 37c67132-6619-49b9-909a-308ba0815d7f@group-2D4EFF302894: closes. applyIndex: 4
2019-10-23 10:41:21,352 [37c67132-6619-49b9-909a-308ba0815d7f@group-2D4EFF302894-SegmentedRaftLogWorker] INFO  segmented.SegmentedRaftLogWorker (SegmentedRaftLogWorker.java:run(316)) - 37c67132-6619-49b9-909a-308ba0815d7f@group-2D4EFF302894-SegmentedRaftLogWorker was interrupted, exiting. There are 0 tasks remaining in the queue.
2019-10-23 10:41:21,353 [grpc-default-executor-1] INFO  segmented.SegmentedRaftLogWorker (SegmentedRaftLogWorker.java:close(224)) - 37c67132-6619-49b9-909a-308ba0815d7f@group-2D4EFF302894-SegmentedRaftLogWorker close()
2019-10-23 10:41:21,363 [RatisPipelineUtilsThread] INFO  pipeline.PipelineStateManager (PipelineStateManager.java:removePipeline(106)) - Pipeline Pipeline[ Id: 4e363b2c-cf16-40ea-9eb8-2d4eff302894, Nodes: 37c67132-6619-49b9-909a-308ba0815d7f{ip: 192.168.34.3, host: pr-hdds-1868-4pzfm-3396797935, networkLocation: /default-rack, certSerialId: null}, Type:RATIS, Factor:ONE, State:CLOSED] removed from db
2019-10-23 10:41:21,378 [grpc-default-executor-1] INFO  impl.RaftServerProxy (RaftServerProxy.java:addNew(89)) - 37c67132-6619-49b9-909a-308ba0815d7f: addNew group-42A4AB247124:[37c67132-6619-49b9-909a-308ba0815d7f:192.168.34.3:39851] returns group-42A4AB247124:java.util.concurrent.CompletableFuture@192f7f30[Not completed]
2019-10-23 10:41:21,383 [pool-77-thread-1] INFO  impl.RaftServerImpl (RaftServerImpl.java:<init>(98)) - 37c67132-6619-49b9-909a-308ba0815d7f: new RaftServerImpl for group-42A4AB247124:[37c67132-6619-49b9-909a-308ba0815d7f:192.168.34.3:39851] with ContainerStateMachine:uninitialized
2019-10-23 10:41:21,383 [pool-77-thread-1] INFO  server.RaftServerConfigKeys (ConfUtils.java:logGet(43)) - raft.server.rpc.timeout.min = 5s (custom)
2019-10-23 10:41:21,384 [pool-77-thread-1] INFO  server.RaftServerConfigKeys (ConfUtils.java:logGet(43)) - raft.server.rpc.timeout.max = 5200ms (custom)
2019-10-23 10:41:21,384 [pool-77-thread-1] INFO  server.RaftServerConfigKeys (ConfUtils.java:logGet(43)) - raft.server.rpcslowness.timeout = 120s (custom)
2019-10-23 10:41:21,384 [pool-77-thread-1] INFO  server.RaftServerConfigKeys (ConfUtils.java:logGet(43)) - raft.server.sleep.deviation.threshold = 300 (default)
2019-10-23 10:41:21,384 [pool-77-thread-1] INFO  server.RaftServerConfigKeys (ConfUtils.java:logGet(43)) - raft.server.log.appender.install.snapshot.enabled = false (custom)
2019-10-23 10:41:21,384 [pool-77-thread-1] INFO  impl.RaftServerImpl (ServerState.java:<init>(103)) - 37c67132-6619-49b9-909a-308ba0815d7f@group-42A4AB247124: ConfigurationManager, init=-1: [37c67132-6619-49b9-909a-308ba0815d7f:192.168.34.3:39851], old=null, confs=<EMPTY_MAP>
2019-10-23 10:41:21,385 [pool-77-thread-1] INFO  server.RaftServerConfigKeys (ConfUtils.java:logGet(43)) - raft.server.storage.dir = [/workdir/hadoop-ozone/integration-test/target/test-dir/MiniOzoneClusterImpl-116629e2-0795-41c4-8530-b70df50bbd59/datanode-0/data/ratis] (custom)
2019-10-23 10:41:21,385 [pool-77-thread-1] INFO  server.RaftServerConfigKeys (ConfUtils.java:logGet(43)) - raft.server.log.corruption.policy = EXCEPTION (default)
2019-10-23 10:41:21,386 [pool-77-thread-1] INFO  storage.RaftStorageDirectory (RaftStorageDirectory.java:analyzeStorage(246)) - The storage directory /workdir/hadoop-ozone/integration-test/target/test-dir/MiniOzoneClusterImpl-116629e2-0795-41c4-8530-b70df50bbd59/datanode-0/data/ratis/258b3c59-8a7a-449d-af0c-42a4ab247124 does not exist. Creating ...
2019-10-23 10:41:21,399 [pool-77-thread-1] INFO  storage.RaftStorageDirectory (RaftStorageDirectory.java:tryLock(328)) - Lock on /workdir/hadoop-ozone/integration-test/target/test-dir/MiniOzoneClusterImpl-116629e2-0795-41c4-8530-b70df50bbd59/datanode-0/data/ratis/258b3c59-8a7a-449d-af0c-42a4ab247124/in_use.lock acquired by nodename 8494@pr-hdds-1868-4pzfm-3396797935
2019-10-23 10:41:21,413 [pool-77-thread-1] INFO  storage.RaftStorage (RaftStorage.java:format(84)) - Storage directory /workdir/hadoop-ozone/integration-test/target/test-dir/MiniOzoneClusterImpl-116629e2-0795-41c4-8530-b70df50bbd59/datanode-0/data/ratis/258b3c59-8a7a-449d-af0c-42a4ab247124 has been successfully formatted.
2019-10-23 10:41:21,413 [pool-77-thread-1] INFO  ratis.ContainerStateMachine (ContainerStateMachine.java:loadSnapshot(233)) - group-42A4AB247124: The snapshot info is null. Setting the last applied indexto:(t:0, i:~)
2019-10-23 10:41:21,413 [pool-77-thread-1] INFO  server.RaftServerConfigKeys (ConfUtils.java:logGet(43)) - raft.server.notification.no-leader.timeout = 120s (custom)
2019-10-23 10:41:21,414 [pool-77-thread-1] INFO  server.RaftServerConfigKeys (ConfUtils.java:logGet(43)) - raft.server.log.use.memory = false (default)
2019-10-23 10:41:21,414 [pool-77-thread-1] INFO  server.RaftServerConfigKeys (ConfUtils.java:logGet(43)) - raft.server.log.purge.gap = 1000000 (custom)
2019-10-23 10:41:21,414 [pool-77-thread-1] INFO  server.RaftServerConfigKeys (ConfUtils.java:logGet(43)) - raft.server.log.appender.buffer.byte-limit = 33554432 (custom)
2019-10-23 10:41:21,414 [pool-77-thread-1] INFO  server.RaftServerConfigKeys (ConfUtils.java:logGet(43)) - raft.server.log.segment.size.max = 1048576 (custom)
2019-10-23 10:41:21,415 [pool-77-thread-1] INFO  server.RaftServerConfigKeys (ConfUtils.java:logGet(43)) - raft.server.log.segment.cache.num.max = 2 (custom)
2019-10-23 10:41:21,415 [pool-77-thread-1] INFO  segmented.SegmentedRaftLogWorker (SegmentedRaftLogWorker.java:<init>(173)) - new 37c67132-6619-49b9-909a-308ba0815d7f@group-42A4AB247124-SegmentedRaftLogWorker for RaftStorage:Storage Directory /workdir/hadoop-ozone/integration-test/target/test-dir/MiniOzoneClusterImpl-116629e2-0795-41c4-8530-b70df50bbd59/datanode-0/data/ratis/258b3c59-8a7a-449d-af0c-42a4ab247124
2019-10-23 10:41:21,415 [pool-77-thread-1] INFO  server.RaftServerConfigKeys (ConfUtils.java:logGet(43)) - raft.server.log.queue.byte-limit = 2147483647 (custom)
2019-10-23 10:41:21,415 [pool-77-thread-1] INFO  server.RaftServerConfigKeys (ConfUtils.java:logGet(43)) - raft.server.log.queue.element-limit = 1024 (custom)
2019-10-23 10:41:21,415 [pool-77-thread-1] INFO  server.RaftServerConfigKeys (ConfUtils.java:logGet(43)) - raft.server.log.segment.size.max = 1048576 (custom)
2019-10-23 10:41:21,416 [pool-77-thread-1] INFO  server.RaftServerConfigKeys (ConfUtils.java:logGet(43)) - raft.server.log.preallocated.size = 16384 (custom)
2019-10-23 10:41:21,416 [pool-77-thread-1] INFO  server.RaftServerConfigKeys (ConfUtils.java:logGet(43)) - raft.server.log.write.buffer.size = 33554432 (custom)
2019-10-23 10:41:21,416 [pool-77-thread-1] INFO  server.RaftServerConfigKeys (ConfUtils.java:logGet(43)) - raft.server.log.force.sync.num = 128 (default)
2019-10-23 10:41:21,416 [pool-77-thread-1] INFO  server.RaftServerConfigKeys (ConfUtils.java:logGet(43)) - raft.server.log.statemachine.data.sync = true (default)
2019-10-23 10:41:21,416 [pool-77-thread-1] INFO  server.RaftServerConfigKeys (ConfUtils.java:logGet(43)) - raft.server.log.statemachine.data.sync.timeout = 10s (default)
2019-10-23 10:41:21,416 [pool-77-thread-1] INFO  server.RaftServerConfigKeys (ConfUtils.java:logGet(43)) - raft.server.log.statemachine.data.sync.timeout.retry = -1 (default)
2019-10-23 10:41:21,417 [pool-77-thread-1] INFO  server.RaftServerConfigKeys (ConfUtils.java:logGet(43)) - raft.server.log.statemachine.data.caching.enabled = true (custom)
2019-10-23 10:41:21,417 [pool-77-thread-1] INFO  segmented.SegmentedRaftLogWorker (SegmentedRaftLogWorker.java:lambda$new$0(128)) - 37c67132-6619-49b9-909a-308ba0815d7f@group-42A4AB247124-SegmentedRaftLogWorker: flushIndex: setUnconditionally 0 -> -1
2019-10-23 10:41:21,418 [pool-77-thread-1] INFO  server.RaftServerConfigKeys (ConfUtils.java:logGet(43)) - raft.server.snapshot.auto.trigger.enabled = true (custom)
2019-10-23 10:41:21,418 [pool-77-thread-1] INFO  server.RaftServerConfigKeys (ConfUtils.java:logGet(43)) - raft.server.snapshot.auto.trigger.threshold = 1 (custom)
2019-10-23 10:41:21,418 [pool-77-thread-1] INFO  server.RaftServerConfigKeys (ConfUtils.java:logGet(43)) - raft.server.snapshot.retention.file.num = 5 (custom)
2019-10-23 10:41:21,419 [pool-77-thread-1] INFO  server.RaftServerConfigKeys (ConfUtils.java:logGet(43)) - raft.server.retrycache.expirytime = 600000ms (custom)
2019-10-23 10:41:21,419 [pool-77-thread-1] WARN  impl.MetricRegistriesImpl (MetricRegistriesImpl.java:lambda$create$1(61)) - First MetricRegistry has been created without registering reporters. You may need to call MetricRegistries.global().addReportRegistration(...) before.
2019-10-23 10:41:21,419 [pool-77-thread-1] WARN  impl.MetricRegistriesImpl (MetricRegistriesImpl.java:lambda$create$1(61)) - First MetricRegistry has been created without registering reporters. You may need to call MetricRegistries.global().addReportRegistration(...) before.
2019-10-23 10:41:21,420 [pool-77-thread-1] INFO  impl.RaftServerImpl (RaftServerImpl.java:start(184)) - 37c67132-6619-49b9-909a-308ba0815d7f@group-42A4AB247124: start as a follower, conf=-1: [37c67132-6619-49b9-909a-308ba0815d7f:192.168.34.3:39851], old=null
2019-10-23 10:41:21,420 [pool-77-thread-1] INFO  impl.RaftServerImpl (RaftServerImpl.java:setRole(173)) - 37c67132-6619-49b9-909a-308ba0815d7f@group-42A4AB247124: changes role from      null to FOLLOWER at term 0 for startAsFollower
2019-10-23 10:41:21,420 [pool-77-thread-1] INFO  impl.RoleInfo (RoleInfo.java:updateAndGet(143)) - 37c67132-6619-49b9-909a-308ba0815d7f: start FollowerState
2019-10-23 10:41:21,421 [pool-77-thread-1] INFO  util.JmxRegister (JmxRegister.java:tryRegister(44)) - Successfully registered JMX Bean with object name Ratis:service=RaftServer,group=group-42A4AB247124,id=37c67132-6619-49b9-909a-308ba0815d7f
2019-10-23 10:41:21,421 [pool-77-thread-1] WARN  impl.MetricRegistriesImpl (MetricRegistriesImpl.java:lambda$create$1(61)) - First MetricRegistry has been created without registering reporters. You may need to call MetricRegistries.global().addReportRegistration(...) before.
2019-10-23 10:41:21,430 [RatisPipelineUtilsThread] INFO  pipeline.PipelineStateManager (PipelineStateManager.java:addPipeline(55)) - Created pipeline Pipeline[ Id: 258b3c59-8a7a-449d-af0c-42a4ab247124, Nodes: 37c67132-6619-49b9-909a-308ba0815d7f{ip: 192.168.34.3, host: pr-hdds-1868-4pzfm-3396797935, networkLocation: /default-rack, certSerialId: null}, Type:RATIS, Factor:ONE, State:ALLOCATED]
2019-10-23 10:41:21,643 [main] WARN  io.KeyOutputStream (KeyOutputStream.java:handleException(274)) - Encountered exception java.io.IOException: Unexpected Storage Container Exception: java.util.concurrent.CompletionException: java.util.concurrent.CompletionException: org.apache.ratis.protocol.GroupMismatchException: 37c67132-6619-49b9-909a-308ba0815d7f: group-2D4EFF302894 not found. on the pipeline Pipeline[ Id: 4e363b2c-cf16-40ea-9eb8-2d4eff302894, Nodes: 37c67132-6619-49b9-909a-308ba0815d7f{ip: 192.168.34.3, host: pr-hdds-1868-4pzfm-3396797935, networkLocation: /default-rack, certSerialId: null}, Type:RATIS, Factor:ONE, State:OPEN]. The last committed block length is 5, uncommitted data length is 5 retry count 0
2019-10-23 10:41:21,647 [main] INFO  io.BlockOutputStreamEntryPool (BlockOutputStreamEntryPool.java:allocateNewBlock(257)) - Allocating block with ExcludeList {datanodes = [], containerIds = [], pipelineIds = [PipelineID=4e363b2c-cf16-40ea-9eb8-2d4eff302894]}
2019-10-23 10:41:21,669 [IPC Server handler 0 on 43251] INFO  server.SCMBlockProtocolServer (SCMBlockProtocolServer.java:allocateBlock(179)) - Allocating 1 blocks of size 4194304, with ExcludeList {datanodes = [], containerIds = [], pipelineIds = [PipelineID=4e363b2c-cf16-40ea-9eb8-2d4eff302894]}
2019-10-23 10:41:21,671 [IPC Server handler 0 on 43251] WARN  block.BlockManagerImpl (BlockManagerImpl.java:allocateBlock(200)) - Pipeline creation failed for type:RATIS factor:ONE. Retrying get pipelines call once.
org.apache.hadoop.hdds.scm.pipeline.InsufficientDatanodesException: Cannot create pipeline of factor 1 using 0 nodes.
	at org.apache.hadoop.hdds.scm.pipeline.RatisPipelineProvider.create(RatisPipelineProvider.java:153)
	at org.apache.hadoop.hdds.scm.pipeline.PipelineFactory.create(PipelineFactory.java:58)
	at org.apache.hadoop.hdds.scm.pipeline.SCMPipelineManager.createPipeline(SCMPipelineManager.java:156)
	at org.apache.hadoop.hdds.scm.block.BlockManagerImpl.allocateBlock(BlockManagerImpl.java:198)
	at org.apache.hadoop.hdds.scm.server.SCMBlockProtocolServer.allocateBlock(SCMBlockProtocolServer.java:184)
	at org.apache.hadoop.hdds.scm.protocol.ScmBlockLocationProtocolServerSideTranslatorPB.allocateScmBlock(ScmBlockLocationProtocolServerSideTranslatorPB.java:159)
	at org.apache.hadoop.hdds.scm.protocol.ScmBlockLocationProtocolServerSideTranslatorPB.processMessage(ScmBlockLocationProtocolServerSideTranslatorPB.java:117)
	at org.apache.hadoop.hdds.server.OzoneProtocolMessageDispatcher.processRequest(OzoneProtocolMessageDispatcher.java:72)
	at org.apache.hadoop.hdds.scm.protocol.ScmBlockLocationProtocolServerSideTranslatorPB.send(ScmBlockLocationProtocolServerSideTranslatorPB.java:98)
	at org.apache.hadoop.hdds.protocol.proto.ScmBlockLocationProtocolProtos$ScmBlockLocationProtocolService$2.callBlockingMethod(ScmBlockLocationProtocolProtos.java:13157)
	at org.apache.hadoop.ipc.ProtobufRpcEngine$Server$ProtoBufRpcInvoker.call(ProtobufRpcEngine.java:524)
	at org.apache.hadoop.ipc.RPC$Server.call(RPC.java:1025)
	at org.apache.hadoop.ipc.Server$RpcCall.run(Server.java:876)
	at org.apache.hadoop.ipc.Server$RpcCall.run(Server.java:822)
	at java.security.AccessController.doPrivileged(Native Method)
	at javax.security.auth.Subject.doAs(Subject.java:422)
	at org.apache.hadoop.security.UserGroupInformation.doAs(UserGroupInformation.java:1730)
	at org.apache.hadoop.ipc.Server$Handler.run(Server.java:2682)
2019-10-23 10:41:21,671 [IPC Server handler 0 on 43251] INFO  block.BlockManagerImpl (BlockManagerImpl.java:allocateBlock(212)) - Could not find available pipeline of type:RATIS and factor:ONE even after retrying
2019-10-23 10:41:21,672 [IPC Server handler 0 on 43251] ERROR block.BlockManagerImpl (BlockManagerImpl.java:allocateBlock(236)) - Unable to allocate a block for the size: 4194304, type: RATIS, factor: ONE
2019-10-23 10:41:21,678 [main] ERROR io.BlockOutputStreamEntryPool (BlockOutputStreamEntryPool.java:allocateBlockIfNeeded(310)) - Try to allocate more blocks for write failed, already allocated 0 blocks for this write.
INTERNAL_ERROR org.apache.hadoop.ozone.om.exceptions.OMException: org.apache.hadoop.hdds.scm.exceptions.SCMException: Allocated 0 blocks. Requested 1 blocks
	at org.apache.hadoop.hdds.scm.protocolPB.ScmBlockLocationProtocolClientSideTranslatorPB.handleError(ScmBlockLocationProtocolClientSideTranslatorPB.java:118)
	at org.apache.hadoop.hdds.scm.protocolPB.ScmBlockLocationProtocolClientSideTranslatorPB.allocateBlock(ScmBlockLocationProtocolClientSideTranslatorPB.java:156)
	at sun.reflect.GeneratedMethodAccessor113.invoke(Unknown Source)
	at sun.reflect.DelegatingMethodAccessorImpl.invoke(DelegatingMethodAccessorImpl.java:43)
	at java.lang.reflect.Method.invoke(Method.java:498)
	at org.apache.hadoop.hdds.tracing.TraceAllMethod.invoke(TraceAllMethod.java:66)
	at com.sun.proxy.$Proxy27.allocateBlock(Unknown Source)
	at org.apache.hadoop.ozone.om.request.key.OMKeyRequest.allocateBlock(OMKeyRequest.java:129)
	at org.apache.hadoop.ozone.om.request.key.OMAllocateBlockRequest.preExecute(OMAllocateBlockRequest.java:105)
	at org.apache.hadoop.ozone.protocolPB.OzoneManagerProtocolServerSideTranslatorPB.submitRequestDirectlyToOM(OzoneManagerProtocolServerSideTranslatorPB.java:225)
	at org.apache.hadoop.ozone.protocolPB.OzoneManagerProtocolServerSideTranslatorPB.processRequest(OzoneManagerProtocolServerSideTranslatorPB.java:134)
	at org.apache.hadoop.hdds.server.OzoneProtocolMessageDispatcher.processRequest(OzoneProtocolMessageDispatcher.java:72)
	at org.apache.hadoop.ozone.protocolPB.OzoneManagerProtocolServerSideTranslatorPB.submitRequest(OzoneManagerProtocolServerSideTranslatorPB.java:102)
	at org.apache.hadoop.ozone.protocol.proto.OzoneManagerProtocolProtos$OzoneManagerService$2.callBlockingMethod(OzoneManagerProtocolProtos.java)
	at org.apache.hadoop.ipc.ProtobufRpcEngine$Server$ProtoBufRpcInvoker.call(ProtobufRpcEngine.java:524)
	at org.apache.hadoop.ipc.RPC$Server.call(RPC.java:1025)
	at org.apache.hadoop.ipc.Server$RpcCall.run(Server.java:876)
	at org.apache.hadoop.ipc.Server$RpcCall.run(Server.java:822)
	at java.security.AccessController.doPrivileged(Native Method)
	at javax.security.auth.Subject.doAs(Subject.java:422)
	at org.apache.hadoop.security.UserGroupInformation.doAs(UserGroupInformation.java:1730)
	at org.apache.hadoop.ipc.Server$Handler.run(Server.java:2682)

	at org.apache.hadoop.ozone.om.protocolPB.OzoneManagerProtocolClientSideTranslatorPB.handleError(OzoneManagerProtocolClientSideTranslatorPB.java:732)
	at org.apache.hadoop.ozone.om.protocolPB.OzoneManagerProtocolClientSideTranslatorPB.allocateBlock(OzoneManagerProtocolClientSideTranslatorPB.java:764)
	at sun.reflect.NativeMethodAccessorImpl.invoke0(Native Method)
	at sun.reflect.NativeMethodAccessorImpl.invoke(NativeMethodAccessorImpl.java:62)
	at sun.reflect.DelegatingMethodAccessorImpl.invoke(DelegatingMethodAccessorImpl.java:43)
	at java.lang.reflect.Method.invoke(Method.java:498)
	at org.apache.hadoop.hdds.tracing.TraceAllMethod.invoke(TraceAllMethod.java:66)
	at com.sun.proxy.$Proxy37.allocateBlock(Unknown Source)
	at org.apache.hadoop.ozone.client.io.BlockOutputStreamEntryPool.allocateNewBlock(BlockOutputStreamEntryPool.java:259)
	at org.apache.hadoop.ozone.client.io.BlockOutputStreamEntryPool.allocateBlockIfNeeded(BlockOutputStreamEntryPool.java:307)
	at org.apache.hadoop.ozone.client.io.KeyOutputStream.handleWrite(KeyOutputStream.java:198)
	at org.apache.hadoop.ozone.client.io.KeyOutputStream.handleRetry(KeyOutputStream.java:375)
	at org.apache.hadoop.ozone.client.io.KeyOutputStream.handleException(KeyOutputStream.java:324)
	at org.apache.hadoop.ozone.client.io.KeyOutputStream.handleFlushOrClose(KeyOutputStream.java:449)
	at org.apache.hadoop.ozone.client.io.KeyOutputStream.close(KeyOutputStream.java:473)
	at org.apache.hadoop.ozone.client.io.OzoneOutputStream.close(OzoneOutputStream.java:60)
	at org.apache.hadoop.ozone.client.rpc.TestContainerStateMachine.testContainerStateMachineFailures(TestContainerStateMachine.java:149)
	at sun.reflect.NativeMethodAccessorImpl.invoke0(Native Method)
	at sun.reflect.NativeMethodAccessorImpl.invoke(NativeMethodAccessorImpl.java:62)
	at sun.reflect.DelegatingMethodAccessorImpl.invoke(DelegatingMethodAccessorImpl.java:43)
	at java.lang.reflect.Method.invoke(Method.java:498)
	at org.junit.runners.model.FrameworkMethod$1.runReflectiveCall(FrameworkMethod.java:47)
	at org.junit.internal.runners.model.ReflectiveCallable.run(ReflectiveCallable.java:12)
	at org.junit.runners.model.FrameworkMethod.invokeExplosively(FrameworkMethod.java:44)
	at org.junit.internal.runners.statements.InvokeMethod.evaluate(InvokeMethod.java:17)
	at org.junit.internal.runners.statements.RunBefores.evaluate(RunBefores.java:26)
	at org.junit.internal.runners.statements.RunAfters.evaluate(RunAfters.java:27)
	at org.junit.runners.ParentRunner.runLeaf(ParentRunner.java:271)
	at org.junit.runners.BlockJUnit4ClassRunner.runChild(BlockJUnit4ClassRunner.java:70)
	at org.junit.runners.BlockJUnit4ClassRunner.runChild(BlockJUnit4ClassRunner.java:50)
	at org.junit.runners.ParentRunner$3.run(ParentRunner.java:238)
	at org.junit.runners.ParentRunner$1.schedule(ParentRunner.java:63)
	at org.junit.runners.ParentRunner.runChildren(ParentRunner.java:236)
	at org.junit.runners.ParentRunner.access$000(ParentRunner.java:53)
	at org.junit.runners.ParentRunner$2.evaluate(ParentRunner.java:229)
	at org.junit.runners.ParentRunner.run(ParentRunner.java:309)
	at org.apache.maven.surefire.junit4.JUnit4Provider.execute(JUnit4Provider.java:365)
	at org.apache.maven.surefire.junit4.JUnit4Provider.executeWithRerun(JUnit4Provider.java:273)
	at org.apache.maven.surefire.junit4.JUnit4Provider.executeTestSet(JUnit4Provider.java:238)
	at org.apache.maven.surefire.junit4.JUnit4Provider.invoke(JUnit4Provider.java:159)
	at org.apache.maven.surefire.booter.ForkedBooter.invokeProviderInSameClassLoader(ForkedBooter.java:384)
	at org.apache.maven.surefire.booter.ForkedBooter.runSuitesInProcess(ForkedBooter.java:345)
	at org.apache.maven.surefire.booter.ForkedBooter.execute(ForkedBooter.java:126)
	at org.apache.maven.surefire.booter.ForkedBooter.main(ForkedBooter.java:418)
2019-10-23 10:41:21,679 [main] INFO  ozone.MiniOzoneClusterImpl (MiniOzoneClusterImpl.java:shutdown(350)) - Shutting down the Mini Ozone Cluster
2019-10-23 10:41:21,679 [main] INFO  ozone.MiniOzoneClusterImpl (MiniOzoneClusterImpl.java:stop(366)) - Stopping the Mini Ozone Cluster
2019-10-23 10:41:21,679 [main] INFO  ozone.MiniOzoneClusterImpl (MiniOzoneClusterImpl.java:stopOM(436)) - Stopping the OzoneManager
2019-10-23 10:41:21,680 [main] INFO  ipc.Server (Server.java:stop(3082)) - Stopping server on 35973
2019-10-23 10:41:21,683 [IPC Server listener on 35973] INFO  ipc.Server (Server.java:run(1185)) - Stopping IPC Server listener on 35973
2019-10-23 10:41:21,684 [main] INFO  ratis.OzoneManagerDoubleBuffer (OzoneManagerDoubleBuffer.java:stop(255)) - Stopping OMDoubleBuffer flush thread
2019-10-23 10:41:21,686 [IPC Server Responder] INFO  ipc.Server (Server.java:run(1319)) - Stopping IPC Server Responder
2019-10-23 10:41:21,688 [OMDoubleBufferFlushThread] INFO  ratis.OzoneManagerDoubleBuffer (OzoneManagerDoubleBuffer.java:flushTransactions(198)) - OMDoubleBuffer flush thread OMDoubleBufferFlushThread is interrupted and will exit. OMDoubleBufferFlushThread
2019-10-23 10:41:21,691 [main] INFO  utils.BackgroundService (BackgroundService.java:shutdown(151)) - Shutting down service KeyDeletingService
2019-10-23 10:41:21,697 [main] INFO  om.OzoneManager (OzoneManager.java:stopSecretManager(654)) - Stopping OM block token manager.
2019-10-23 10:41:21,698 [main] INFO  handler.ContextHandler (ContextHandler.java:doStop(910)) - Stopped o.e.j.w.WebAppContext@1fd9893c{/,null,UNAVAILABLE}{/ozoneManager}
2019-10-23 10:41:21,699 [main] INFO  server.AbstractConnector (AbstractConnector.java:doStop(318)) - Stopped ServerConnector@1b2df3aa{HTTP/1.1,[http/1.1]}{0.0.0.0:0}
2019-10-23 10:41:21,700 [main] INFO  handler.ContextHandler (ContextHandler.java:doStop(910)) - Stopped o.e.j.s.ServletContextHandler@2806d6da{/static,file:///workdir/hadoop-ozone/integration-test/target/test-classes/webapps/static,UNAVAILABLE}
2019-10-23 10:41:21,700 [main] INFO  handler.ContextHandler (ContextHandler.java:doStop(910)) - Stopped o.e.j.s.ServletContextHandler@7c52fc81{/logs,file:///workdir/hadoop-ozone/integration-test/target/log,UNAVAILABLE}
2019-10-23 10:41:21,704 [main] INFO  ozone.MiniOzoneClusterImpl (MiniOzoneClusterImpl.java:stopDatanodes(413)) - Stopping the HddsDatanodes
2019-10-23 10:41:21,776 [Datanode State Machine Thread - 0] INFO  statemachine.DatanodeStateMachine (DatanodeStateMachine.java:lambda$startDaemon$0(350)) - Ozone container server started.
2019-10-23 10:41:24,659 [EventQueue-StaleNodeForStaleNodeHandler] INFO  node.StaleNodeHandler (StaleNodeHandler.java:onMessage(58)) - Datanode 37c67132-6619-49b9-909a-308ba0815d7f{ip: 192.168.34.3, host: pr-hdds-1868-4pzfm-3396797935, networkLocation: /default-rack, certSerialId: null} moved to stale state. Finalizing its pipelines [PipelineID=258b3c59-8a7a-449d-af0c-42a4ab247124]
2019-10-23 10:41:24,660 [EventQueue-StaleNodeForStaleNodeHandler] INFO  pipeline.SCMPipelineManager (SCMPipelineManager.java:finalizeAndDestroyPipeline(316)) - destroying pipeline:Pipeline[ Id: 258b3c59-8a7a-449d-af0c-42a4ab247124, Nodes: 37c67132-6619-49b9-909a-308ba0815d7f{ip: 192.168.34.3, host: pr-hdds-1868-4pzfm-3396797935, networkLocation: /default-rack, certSerialId: null}, Type:RATIS, Factor:ONE, State:ALLOCATED]
2019-10-23 10:41:24,660 [EventQueue-StaleNodeForStaleNodeHandler] INFO  pipeline.PipelineStateManager (PipelineStateManager.java:finalizePipeline(121)) - Pipeline Pipeline[ Id: 258b3c59-8a7a-449d-af0c-42a4ab247124, Nodes: 37c67132-6619-49b9-909a-308ba0815d7f{ip: 192.168.34.3, host: pr-hdds-1868-4pzfm-3396797935, networkLocation: /default-rack, certSerialId: null}, Type:RATIS, Factor:ONE, State:CLOSED] moved to CLOSED state
2019-10-23 10:41:26,431 [Thread-390] INFO  impl.FollowerState (FollowerState.java:run(111)) - 37c67132-6619-49b9-909a-308ba0815d7f@group-42A4AB247124-FollowerState: change to CANDIDATE, lastRpcTime:5010ms, electionTimeout:5010ms
2019-10-23 10:41:26,431 [Thread-390] INFO  impl.RoleInfo (RoleInfo.java:shutdownFollowerState(121)) - 37c67132-6619-49b9-909a-308ba0815d7f: shutdown FollowerState
2019-10-23 10:41:26,432 [Thread-390] INFO  impl.RaftServerImpl (RaftServerImpl.java:setRole(173)) - 37c67132-6619-49b9-909a-308ba0815d7f@group-42A4AB247124: changes role from  FOLLOWER to CANDIDATE at term 0 for changeToCandidate
2019-10-23 10:41:26,432 [Thread-390] INFO  impl.RoleInfo (RoleInfo.java:updateAndGet(143)) - 37c67132-6619-49b9-909a-308ba0815d7f: start LeaderElection
2019-10-23 10:41:26,450 [37c67132-6619-49b9-909a-308ba0815d7f@group-42A4AB247124-LeaderElection3] INFO  impl.LeaderElection (LeaderElection.java:askForVotes(178)) - 37c67132-6619-49b9-909a-308ba0815d7f@group-42A4AB247124-LeaderElection3: begin an election at term 1 for -1: [37c67132-6619-49b9-909a-308ba0815d7f:192.168.34.3:39851], old=null
2019-10-23 10:41:26,451 [37c67132-6619-49b9-909a-308ba0815d7f@group-42A4AB247124-LeaderElection3] INFO  impl.RoleInfo (RoleInfo.java:shutdownLeaderElection(134)) - 37c67132-6619-49b9-909a-308ba0815d7f: shutdown LeaderElection
2019-10-23 10:41:26,452 [37c67132-6619-49b9-909a-308ba0815d7f@group-42A4AB247124-LeaderElection3] INFO  impl.RaftServerImpl (RaftServerImpl.java:setRole(173)) - 37c67132-6619-49b9-909a-308ba0815d7f@group-42A4AB247124: changes role from CANDIDATE to LEADER at term 1 for changeToLeader
2019-10-23 10:41:26,452 [37c67132-6619-49b9-909a-308ba0815d7f@group-42A4AB247124-LeaderElection3] INFO  ratis.XceiverServerRatis (XceiverServerRatis.java:handleLeaderChangedNotification(701)) - Leader change notification received for group: group-42A4AB247124 with new leaderId: 37c67132-6619-49b9-909a-308ba0815d7f
2019-10-23 10:41:26,453 [37c67132-6619-49b9-909a-308ba0815d7f@group-42A4AB247124-LeaderElection3] INFO  impl.RaftServerImpl (ServerState.java:setLeader(255)) - 37c67132-6619-49b9-909a-308ba0815d7f@group-42A4AB247124: change Leader from null to 37c67132-6619-49b9-909a-308ba0815d7f at term 1 for becomeLeader, leader elected after 5038ms
2019-10-23 10:41:26,453 [37c67132-6619-49b9-909a-308ba0815d7f@group-42A4AB247124-LeaderElection3] INFO  server.RaftServerConfigKeys (ConfUtils.java:logGet(43)) - raft.server.staging.catchup.gap = 1000 (default)
2019-10-23 10:41:26,453 [37c67132-6619-49b9-909a-308ba0815d7f@group-42A4AB247124-LeaderElection3] INFO  server.RaftServerConfigKeys (ConfUtils.java:logGet(43)) - raft.server.rpc.sleep.time = 25ms (default)
2019-10-23 10:41:26,454 [37c67132-6619-49b9-909a-308ba0815d7f@group-42A4AB247124-LeaderElection3] INFO  server.RaftServerConfigKeys (ConfUtils.java:logGet(43)) - raft.server.write.element-limit = 4096 (default)
2019-10-23 10:41:26,454 [37c67132-6619-49b9-909a-308ba0815d7f@group-42A4AB247124-LeaderElection3] INFO  server.RaftServerConfigKeys (ConfUtils.java:logGet(43)) - raft.server.watch.timeout = 10s (default)
2019-10-23 10:41:26,454 [37c67132-6619-49b9-909a-308ba0815d7f@group-42A4AB247124-LeaderElection3] INFO  server.RaftServerConfigKeys (ConfUtils.java:logGet(43)) - raft.server.watch.timeout.denomination = 1s (default)
2019-10-23 10:41:26,454 [37c67132-6619-49b9-909a-308ba0815d7f@group-42A4AB247124-LeaderElection3] INFO  server.RaftServerConfigKeys (ConfUtils.java:logGet(43)) - raft.server.watch.element-limit = 65536 (default)
2019-10-23 10:41:26,455 [37c67132-6619-49b9-909a-308ba0815d7f@group-42A4AB247124-LeaderElection3] INFO  impl.RoleInfo (RoleInfo.java:updateAndGet(143)) - 37c67132-6619-49b9-909a-308ba0815d7f: start LeaderState
2019-10-23 10:41:26,456 [37c67132-6619-49b9-909a-308ba0815d7f@group-42A4AB247124-LeaderElection3] INFO  segmented.SegmentedRaftLogWorker (SegmentedRaftLogWorker.java:startLogSegment(385)) - 37c67132-6619-49b9-909a-308ba0815d7f@group-42A4AB247124-SegmentedRaftLogWorker: Starting segment from index:0
2019-10-23 10:41:26,458 [37c67132-6619-49b9-909a-308ba0815d7f@group-42A4AB247124-LeaderElection3] INFO  impl.RaftServerImpl (ServerState.java:setRaftConf(356)) - 37c67132-6619-49b9-909a-308ba0815d7f@group-42A4AB247124: set configuration 0: [37c67132-6619-49b9-909a-308ba0815d7f:192.168.34.3:39851], old=null at 0
2019-10-23 10:41:26,504 [37c67132-6619-49b9-909a-308ba0815d7f@group-42A4AB247124-SegmentedRaftLogWorker] INFO  segmented.SegmentedRaftLogWorker (SegmentedRaftLogWorker.java:execute(576)) - 37c67132-6619-49b9-909a-308ba0815d7f@group-42A4AB247124-SegmentedRaftLogWorker: created new log segment /workdir/hadoop-ozone/integration-test/target/test-dir/MiniOzoneClusterImpl-116629e2-0795-41c4-8530-b70df50bbd59/datanode-0/data/ratis/258b3c59-8a7a-449d-af0c-42a4ab247124/current/log_inprogress_0
2019-10-23 10:41:26,705 [main] INFO  ozoneimpl.OzoneContainer (OzoneContainer.java:stop(227)) - Attempting to stop container services.
2019-10-23 10:41:26,706 [main] INFO  impl.RaftServerProxy (RaftServerProxy.java:lambda$close$4(314)) - 37c67132-6619-49b9-909a-308ba0815d7f: close
2019-10-23 10:41:26,707 [main] INFO  impl.RaftServerImpl (RaftServerImpl.java:lambda$shutdown$3(250)) - 37c67132-6619-49b9-909a-308ba0815d7f@group-42A4AB247124: shutdown
2019-10-23 10:41:26,707 [main] INFO  util.JmxRegister (JmxRegister.java:unregister(73)) - Successfully un-registered JMX Bean with object name Ratis:service=RaftServer,group=group-42A4AB247124,id=37c67132-6619-49b9-909a-308ba0815d7f
2019-10-23 10:41:26,707 [main] INFO  impl.RoleInfo (RoleInfo.java:shutdownLeaderState(104)) - 37c67132-6619-49b9-909a-308ba0815d7f: shutdown LeaderState
2019-10-23 10:41:26,708 [main] INFO  impl.PendingRequests (PendingRequests.java:sendNotLeaderResponses(206)) - 37c67132-6619-49b9-909a-308ba0815d7f@group-42A4AB247124-PendingRequests: sendNotLeaderResponses
2019-10-23 10:41:26,709 [main] INFO  impl.StateMachineUpdater (StateMachineUpdater.java:stopAndJoin(136)) - 37c67132-6619-49b9-909a-308ba0815d7f@group-42A4AB247124-StateMachineUpdater: set stopIndex = 0
2019-10-23 10:41:26,712 [main] INFO  impl.RaftServerImpl (ServerState.java:close(387)) - 37c67132-6619-49b9-909a-308ba0815d7f@group-42A4AB247124: closes. applyIndex: 0
2019-10-23 10:41:26,712 [37c67132-6619-49b9-909a-308ba0815d7f@group-42A4AB247124-SegmentedRaftLogWorker] INFO  segmented.SegmentedRaftLogWorker (SegmentedRaftLogWorker.java:run(316)) - 37c67132-6619-49b9-909a-308ba0815d7f@group-42A4AB247124-SegmentedRaftLogWorker was interrupted, exiting. There are 0 tasks remaining in the queue.
2019-10-23 10:41:26,713 [main] INFO  segmented.SegmentedRaftLogWorker (SegmentedRaftLogWorker.java:close(224)) - 37c67132-6619-49b9-909a-308ba0815d7f@group-42A4AB247124-SegmentedRaftLogWorker close()
2019-10-23 10:41:26,715 [main] INFO  server.GrpcService (GrpcService.java:closeImpl(164)) - 37c67132-6619-49b9-909a-308ba0815d7f: shutdown server with port 39851 now
2019-10-23 10:41:26,718 [main] INFO  server.GrpcService (GrpcService.java:closeImpl(172)) - 37c67132-6619-49b9-909a-308ba0815d7f: shutdown server with port 39851 successfully
2019-10-23 10:41:26,730 [refreshUsed-/workdir/hadoop-ozone/integration-test/target/test-dir/MiniOzoneClusterImpl-116629e2-0795-41c4-8530-b70df50bbd59/datanode-0/data/containers] WARN  fs.CachingGetSpaceUsed (CachingGetSpaceUsed.java:run(183)) - Thread Interrupted waiting to refresh disk information: sleep interrupted
2019-10-23 10:41:26,746 [main] INFO  utils.BackgroundService (BackgroundService.java:shutdown(151)) - Shutting down service BlockDeletingService
2019-10-23 10:41:26,749 [main] INFO  statemachine.DatanodeStateMachine (DatanodeStateMachine.java:stopDaemon(395)) - Ozone container server stopped.
2019-10-23 10:41:26,750 [main] INFO  handler.ContextHandler (ContextHandler.java:doStop(910)) - Stopped o.e.j.w.WebAppContext@71b639d0{/,null,UNAVAILABLE}{/hddsDatanode}
2019-10-23 10:41:26,751 [main] INFO  server.AbstractConnector (AbstractConnector.java:doStop(318)) - Stopped ServerConnector@18a25bbd{HTTP/1.1,[http/1.1]}{0.0.0.0:0}
2019-10-23 10:41:26,752 [main] INFO  handler.ContextHandler (ContextHandler.java:doStop(910)) - Stopped o.e.j.s.ServletContextHandler@7fb53256{/static,jar:file:/home/user/.m2/repository/org/apache/hadoop/hadoop-hdds-container-service/0.5.0-SNAPSHOT/hadoop-hdds-container-service-0.5.0-SNAPSHOT.jar!/webapps/static,UNAVAILABLE}
2019-10-23 10:41:26,752 [main] INFO  handler.ContextHandler (ContextHandler.java:doStop(910)) - Stopped o.e.j.s.ServletContextHandler@3d90eeb3{/logs,file:///workdir/hadoop-ozone/integration-test/target/log,UNAVAILABLE}
2019-10-23 10:41:26,753 [main] INFO  ozone.MiniOzoneClusterImpl (MiniOzoneClusterImpl.java:stopSCM(428)) - Stopping the StorageContainerManager
2019-10-23 10:41:26,754 [main] INFO  server.StorageContainerManager (StorageContainerManager.java:stop(810)) - Stopping Replication Manager Service.
2019-10-23 10:41:26,754 [main] INFO  container.ReplicationManager (ReplicationManager.java:stop(203)) - Stopping Replication Monitor Thread.
2019-10-23 10:41:26,754 [main] INFO  server.StorageContainerManager (StorageContainerManager.java:stop(817)) - Stopping Lease Manager of the command watchers
2019-10-23 10:41:26,754 [main] INFO  server.StorageContainerManager (StorageContainerManager.java:stop(824)) - Stopping datanode service RPC server
2019-10-23 10:41:26,754 [main] INFO  server.SCMDatanodeProtocolServer (SCMDatanodeProtocolServer.java:stop(346)) - Stopping the RPC server for DataNodes
2019-10-23 10:41:26,754 [main] INFO  ipc.Server (Server.java:stop(3082)) - Stopping server on 34989
2019-10-23 10:41:26,755 [IPC Server listener on 34989] INFO  ipc.Server (Server.java:run(1185)) - Stopping IPC Server listener on 34989
2019-10-23 10:41:26,756 [IPC Server Responder] INFO  ipc.Server (Server.java:run(1319)) - Stopping IPC Server Responder
2019-10-23 10:41:26,792 [SCM Heartbeat Processing Thread - 0] WARN  node.NodeStateManager (NodeStateManager.java:scheduleNextHealthCheck(646)) - Current Thread is interrupted, shutting down HB processing thread for Node Manager.
2019-10-23 10:41:26,792 [main] INFO  server.StorageContainerManager (StorageContainerManager.java:stop(832)) - Stopping block service RPC server
2019-10-23 10:41:26,793 [main] INFO  server.SCMBlockProtocolServer (SCMBlockProtocolServer.java:stop(155)) - Stopping the RPC server for Block Protocol
2019-10-23 10:41:26,793 [main] INFO  ipc.Server (Server.java:stop(3082)) - Stopping server on 43251
2019-10-23 10:41:26,794 [IPC Server listener on 43251] INFO  ipc.Server (Server.java:run(1185)) - Stopping IPC Server listener on 43251
2019-10-23 10:41:26,794 [main] INFO  server.StorageContainerManager (StorageContainerManager.java:stop(839)) - Stopping the StorageContainerLocationProtocol RPC server
2019-10-23 10:41:26,795 [IPC Server Responder] INFO  ipc.Server (Server.java:run(1319)) - Stopping IPC Server Responder
2019-10-23 10:41:26,795 [main] INFO  server.SCMClientProtocolServer (SCMClientProtocolServer.java:stop(168)) - Stopping the RPC server for Client Protocol
2019-10-23 10:41:26,795 [main] INFO  ipc.Server (Server.java:stop(3082)) - Stopping server on 42623
2019-10-23 10:41:26,797 [IPC Server listener on 42623] INFO  ipc.Server (Server.java:run(1185)) - Stopping IPC Server listener on 42623
2019-10-23 10:41:26,797 [main] INFO  server.StorageContainerManager (StorageContainerManager.java:stop(846)) - Stopping Storage Container Manager HTTP server.
2019-10-23 10:41:26,797 [IPC Server Responder] INFO  ipc.Server (Server.java:run(1319)) - Stopping IPC Server Responder
2019-10-23 10:41:26,798 [main] INFO  handler.ContextHandler (ContextHandler.java:doStop(910)) - Stopped o.e.j.w.WebAppContext@45f756e6{/,null,UNAVAILABLE}{/scm}
2019-10-23 10:41:26,799 [main] INFO  server.AbstractConnector (AbstractConnector.java:doStop(318)) - Stopped ServerConnector@329548d0{HTTP/1.1,[http/1.1]}{0.0.0.0:0}
2019-10-23 10:41:26,800 [main] INFO  handler.ContextHandler (ContextHandler.java:doStop(910)) - Stopped o.e.j.s.ServletContextHandler@51c8f62c{/static,file:///workdir/hadoop-ozone/integration-test/target/test-classes/webapps/static,UNAVAILABLE}
2019-10-23 10:41:26,800 [main] INFO  handler.ContextHandler (ContextHandler.java:doStop(910)) - Stopped o.e.j.s.ServletContextHandler@78a515e4{/logs,file:///workdir/hadoop-ozone/integration-test/target/log,UNAVAILABLE}
2019-10-23 10:41:26,801 [main] INFO  server.StorageContainerManager (StorageContainerManager.java:stop(857)) - Stopping Block Manager Service.
2019-10-23 10:41:26,801 [main] INFO  utils.BackgroundService (BackgroundService.java:shutdown(151)) - Shutting down service SCMBlockDeletingService
2019-10-23 10:41:26,802 [main] INFO  utils.BackgroundService (BackgroundService.java:shutdown(151)) - Shutting down service SCMBlockDeletingService
2019-10-23 10:41:26,802 [main] INFO  server.StorageContainerManager (StorageContainerManager.java:stop(879)) - Stopping SCM Event Queue.
2019-10-23 10:41:26,807 [main] INFO  impl.MetricsSystemImpl (MetricsSystemImpl.java:stop(210)) - Stopping HddsDatanode metrics system...
2019-10-23 10:41:26,810 [main] INFO  impl.MetricsSystemImpl (MetricsSystemImpl.java:stop(216)) - HddsDatanode metrics system stopped.
]]></system-out>
  </testcase>
</testsuite>