<?xml version="1.0" encoding="UTF-8"?>
<testsuite xmlns:xsi="http://www.w3.org/2001/XMLSchema-instance" xsi:noNamespaceSchemaLocation="https://maven.apache.org/surefire/maven-surefire-plugin/xsd/surefire-test-report.xsd" name="org.apache.hadoop.ozone.client.rpc.TestBlockOutputStreamWithFailures" time="735.637" tests="8" errors="0" skipped="0" failures="2">
  <properties>
    <property name="awt.toolkit" value="sun.awt.X11.XToolkit"/>
    <property name="file.encoding.pkg" value="sun.io"/>
    <property name="java.specification.version" value="1.8"/>
    <property name="sun.cpu.isalist" value=""/>
    <property name="sun.jnu.encoding" value="UTF-8"/>
    <property name="java.class.path" value="/workdir/hadoop-ozone/integration-test/target/test-classes:/workdir/hadoop-ozone/integration-test/target/classes:/home/user/.m2/repository/org/apache/hadoop/hadoop-ozone-common/0.5.0-SNAPSHOT/hadoop-ozone-common-0.5.0-SNAPSHOT.jar:/home/user/.m2/repository/org/apache/commons/commons-compress/1.4.1/commons-compress-1.4.1.jar:/home/user/.m2/repository/org/tukaani/xz/1.0/xz-1.0.jar:/home/user/.m2/repository/org/apache/hadoop/hadoop-common/3.2.0/hadoop-common-3.2.0.jar:/home/user/.m2/repository/org/apache/hadoop/hadoop-hdfs/3.2.0/hadoop-hdfs-3.2.0.jar:/home/user/.m2/repository/org/apache/hadoop/hadoop-hdfs-client/3.2.0/hadoop-hdfs-client-3.2.0.jar:/home/user/.m2/repository/com/fasterxml/jackson/core/jackson-annotations/2.9.9/jackson-annotations-2.9.9.jar:/home/user/.m2/repository/org/apache/hadoop/hadoop-hdds-common/0.5.0-SNAPSHOT/hadoop-hdds-common-0.5.0-SNAPSHOT.jar:/home/user/.m2/repository/javax/annotation/javax.annotation-api/1.2/javax.annotation-api-1.2.jar:/home/user/.m2/repository/org/apache/ratis/ratis-server/0.4.0/ratis-server-0.4.0.jar:/home/user/.m2/repository/org/apache/ratis/ratis-thirdparty-misc/0.2.0/ratis-thirdparty-misc-0.2.0.jar:/home/user/.m2/repository/org/apache/ratis/ratis-proto/0.4.0/ratis-proto-0.4.0.jar:/home/user/.m2/repository/org/apache/ratis/ratis-common/0.4.0/ratis-common-0.4.0.jar:/home/user/.m2/repository/org/apache/ratis/ratis-client/0.4.0/ratis-client-0.4.0.jar:/home/user/.m2/repository/org/apache/ratis/ratis-metrics/0.4.0/ratis-metrics-0.4.0.jar:/home/user/.m2/repository/com/github/joshelser/dropwizard-metrics-hadoop-metrics2-reporter/0.1.2/dropwizard-metrics-hadoop-metrics2-reporter-0.1.2.jar:/home/user/.m2/repository/io/dropwizard/metrics/metrics-jvm/3.2.5/metrics-jvm-3.2.5.jar:/home/user/.m2/repository/io/dropwizard/metrics/metrics-ganglia/3.2.5/metrics-ganglia-3.2.5.jar:/home/user/.m2/repository/info/ganglia/gmetric4j/gmetric4j/1.0.7/gmetric4j-1.0.7.jar:/home/user/.m2/repository/org/apache/ratis/ratis-netty/0.4.0/ratis-netty-0.4.0.jar:/home/user/.m2/repository/org/apache/ratis/ratis-grpc/0.4.0/ratis-grpc-0.4.0.jar:/home/user/.m2/repository/org/rocksdb/rocksdbjni/6.0.1/rocksdbjni-6.0.1.jar:/home/user/.m2/repository/org/apache/logging/log4j/log4j-api/2.11.0/log4j-api-2.11.0.jar:/home/user/.m2/repository/org/apache/logging/log4j/log4j-core/2.11.0/log4j-core-2.11.0.jar:/home/user/.m2/repository/com/lmax/disruptor/3.4.2/disruptor-3.4.2.jar:/home/user/.m2/repository/org/apache/commons/commons-pool2/2.6.0/commons-pool2-2.6.0.jar:/home/user/.m2/repository/org/bouncycastle/bcpkix-jdk15on/1.60/bcpkix-jdk15on-1.60.jar:/home/user/.m2/repository/commons-validator/commons-validator/1.6/commons-validator-1.6.jar:/home/user/.m2/repository/commons-digester/commons-digester/1.8.1/commons-digester-1.8.1.jar:/home/user/.m2/repository/io/jaegertracing/jaeger-client/0.34.0/jaeger-client-0.34.0.jar:/home/user/.m2/repository/io/jaegertracing/jaeger-thrift/0.34.0/jaeger-thrift-0.34.0.jar:/home/user/.m2/repository/org/apache/thrift/libthrift/0.12.0/libthrift-0.12.0.jar:/home/user/.m2/repository/com/squareup/okhttp3/okhttp/3.9.0/okhttp-3.9.0.jar:/home/user/.m2/repository/com/squareup/okio/okio/1.13.0/okio-1.13.0.jar:/home/user/.m2/repository/io/jaegertracing/jaeger-core/0.34.0/jaeger-core-0.34.0.jar:/home/user/.m2/repository/io/jaegertracing/jaeger-tracerresolver/0.34.0/jaeger-tracerresolver-0.34.0.jar:/home/user/.m2/repository/io/opentracing/contrib/opentracing-tracerresolver/0.1.5/opentracing-tracerresolver-0.1.5.jar:/home/user/.m2/repository/io/opentracing/opentracing-util/0.31.0/opentracing-util-0.31.0.jar:/home/user/.m2/repository/io/opentracing/opentracing-api/0.31.0/opentracing-api-0.31.0.jar:/home/user/.m2/repository/io/opentracing/opentracing-noop/0.31.0/opentracing-noop-0.31.0.jar:/home/user/.m2/repository/org/apache/hadoop/hadoop-hdds-server-framework/0.5.0-SNAPSHOT/hadoop-hdds-server-framework-0.5.0-SNAPSHOT.jar:/home/user/.m2/repository/org/apache/hadoop/hadoop-hdds-container-service/0.5.0-SNAPSHOT/hadoop-hdds-container-service-0.5.0-SNAPSHOT.jar:/home/user/.m2/repository/org/apache/hadoop/hadoop-hdds-client/0.5.0-SNAPSHOT/hadoop-hdds-client-0.5.0-SNAPSHOT.jar:/home/user/.m2/repository/org/apache/hadoop/hadoop-hdds-tools/0.5.0-SNAPSHOT/hadoop-hdds-tools-0.5.0-SNAPSHOT.jar:/home/user/.m2/repository/org/apache/hadoop/hadoop-hdds-server-scm/0.5.0-SNAPSHOT/hadoop-hdds-server-scm-0.5.0-SNAPSHOT.jar:/home/user/.m2/repository/org/apache/hadoop/hadoop-hdds-docs/0.5.0-SNAPSHOT/hadoop-hdds-docs-0.5.0-SNAPSHOT.jar:/home/user/.m2/repository/io/dropwizard/metrics/metrics-core/3.2.4/metrics-core-3.2.4.jar:/home/user/.m2/repository/org/hamcrest/hamcrest-all/1.3/hamcrest-all-1.3.jar:/home/user/.m2/repository/org/bouncycastle/bcprov-jdk15on/1.60/bcprov-jdk15on-1.60.jar:/home/user/.m2/repository/info/picocli/picocli/3.9.6/picocli-3.9.6.jar:/home/user/.m2/repository/com/google/protobuf/protobuf-java/2.5.0/protobuf-java-2.5.0.jar:/home/user/.m2/repository/com/google/guava/guava/11.0.2/guava-11.0.2.jar:/home/user/.m2/repository/org/apache/hadoop/hadoop-ozone-ozone-manager/0.5.0-SNAPSHOT/hadoop-ozone-ozone-manager-0.5.0-SNAPSHOT.jar:/home/user/.m2/repository/org/apache/hadoop/hadoop-minikdc/3.2.0/hadoop-minikdc-3.2.0.jar:/home/user/.m2/repository/commons-io/commons-io/2.5/commons-io-2.5.jar:/home/user/.m2/repository/org/apache/kerby/kerb-simplekdc/1.0.1/kerb-simplekdc-1.0.1.jar:/home/user/.m2/repository/org/apache/kerby/kerb-client/1.0.1/kerb-client-1.0.1.jar:/home/user/.m2/repository/org/apache/kerby/kerby-config/1.0.1/kerby-config-1.0.1.jar:/home/user/.m2/repository/org/apache/kerby/kerb-core/1.0.1/kerb-core-1.0.1.jar:/home/user/.m2/repository/org/apache/kerby/kerby-pkix/1.0.1/kerby-pkix-1.0.1.jar:/home/user/.m2/repository/org/apache/kerby/kerby-asn1/1.0.1/kerby-asn1-1.0.1.jar:/home/user/.m2/repository/org/apache/kerby/kerby-util/1.0.1/kerby-util-1.0.1.jar:/home/user/.m2/repository/org/apache/kerby/kerb-common/1.0.1/kerb-common-1.0.1.jar:/home/user/.m2/repository/org/apache/kerby/kerb-crypto/1.0.1/kerb-crypto-1.0.1.jar:/home/user/.m2/repository/org/apache/kerby/kerb-util/1.0.1/kerb-util-1.0.1.jar:/home/user/.m2/repository/org/apache/kerby/token-provider/1.0.1/token-provider-1.0.1.jar:/home/user/.m2/repository/org/apache/kerby/kerb-admin/1.0.1/kerb-admin-1.0.1.jar:/home/user/.m2/repository/org/apache/kerby/kerb-server/1.0.1/kerb-server-1.0.1.jar:/home/user/.m2/repository/org/apache/kerby/kerb-identity/1.0.1/kerb-identity-1.0.1.jar:/home/user/.m2/repository/org/apache/kerby/kerby-xdr/1.0.1/kerby-xdr-1.0.1.jar:/home/user/.m2/repository/org/slf4j/slf4j-log4j12/1.7.25/slf4j-log4j12-1.7.25.jar:/home/user/.m2/repository/org/apache/hadoop/hadoop-ozone-s3gateway/0.5.0-SNAPSHOT/hadoop-ozone-s3gateway-0.5.0-SNAPSHOT.jar:/home/user/.m2/repository/org/jboss/weld/servlet/weld-servlet/2.4.7.Final/weld-servlet-2.4.7.Final.jar:/home/user/.m2/repository/org/glassfish/jersey/containers/jersey-container-servlet-core/2.27/jersey-container-servlet-core-2.27.jar:/home/user/.m2/repository/org/glassfish/hk2/external/javax.inject/2.5.0-b42/javax.inject-2.5.0-b42.jar:/home/user/.m2/repository/org/glassfish/jersey/core/jersey-common/2.27/jersey-common-2.27.jar:/home/user/.m2/repository/org/glassfish/hk2/osgi-resource-locator/1.0.1/osgi-resource-locator-1.0.1.jar:/home/user/.m2/repository/javax/ws/rs/javax.ws.rs-api/2.1/javax.ws.rs-api-2.1.jar:/home/user/.m2/repository/org/glassfish/jersey/ext/cdi/jersey-cdi1x/2.27/jersey-cdi1x-2.27.jar:/home/user/.m2/repository/org/glassfish/jersey/inject/jersey-hk2/2.27/jersey-hk2-2.27.jar:/home/user/.m2/repository/org/glassfish/hk2/hk2-locator/2.5.0-b42/hk2-locator-2.5.0-b42.jar:/home/user/.m2/repository/org/javassist/javassist/3.22.0-CR2/javassist-3.22.0-CR2.jar:/home/user/.m2/repository/org/glassfish/hk2/hk2-api/2.5.0/hk2-api-2.5.0.jar:/home/user/.m2/repository/org/glassfish/hk2/external/jakarta.inject/2.5.0/jakarta.inject-2.5.0.jar:/home/user/.m2/repository/org/glassfish/hk2/hk2-utils/2.5.0/hk2-utils-2.5.0.jar:/home/user/.m2/repository/jakarta/annotation/jakarta.annotation-api/1.3.4/jakarta.annotation-api-1.3.4.jar:/home/user/.m2/repository/org/glassfish/hk2/external/aopalliance-repackaged/2.5.0/aopalliance-repackaged-2.5.0.jar:/home/user/.m2/repository/com/fasterxml/jackson/dataformat/jackson-dataformat-xml/2.9.0/jackson-dataformat-xml-2.9.0.jar:/home/user/.m2/repository/com/fasterxml/jackson/core/jackson-core/2.9.9/jackson-core-2.9.9.jar:/home/user/.m2/repository/com/fasterxml/jackson/module/jackson-module-jaxb-annotations/2.9.9/jackson-module-jaxb-annotations-2.9.9.jar:/home/user/.m2/repository/javax/enterprise/cdi-api/1.2/cdi-api-1.2.jar:/home/user/.m2/repository/javax/el/javax.el-api/3.0.0/javax.el-api-3.0.0.jar:/home/user/.m2/repository/javax/interceptor/javax.interceptor-api/1.2/javax.interceptor-api-1.2.jar:/home/user/.m2/repository/javax/inject/javax.inject/1/javax.inject-1.jar:/home/user/.m2/repository/com/sun/xml/bind/jaxb-impl/2.3.0.1/jaxb-impl-2.3.0.1.jar:/home/user/.m2/repository/com/sun/xml/bind/jaxb-core/2.3.0.1/jaxb-core-2.3.0.1.jar:/home/user/.m2/repository/javax/xml/bind/jaxb-api/2.3.0/jaxb-api-2.3.0.jar:/home/user/.m2/repository/javax/activation/activation/1.1.1/activation-1.1.1.jar:/home/user/.m2/repository/org/apache/hadoop/hadoop-ozone-csi/0.5.0-SNAPSHOT/hadoop-ozone-csi-0.5.0-SNAPSHOT.jar:/home/user/.m2/repository/com/google/protobuf/protobuf-java-util/3.5.1/protobuf-java-util-3.5.1.jar:/home/user/.m2/repository/org/apache/hadoop/hadoop-hdds-config/0.5.0-SNAPSHOT/hadoop-hdds-config-0.5.0-SNAPSHOT.jar:/home/user/.m2/repository/io/grpc/grpc-netty/1.17.1/grpc-netty-1.17.1.jar:/home/user/.m2/repository/io/grpc/grpc-core/1.17.1/grpc-core-1.17.1.jar:/home/user/.m2/repository/io/grpc/grpc-context/1.17.1/grpc-context-1.17.1.jar:/home/user/.m2/repository/com/google/errorprone/error_prone_annotations/2.2.0/error_prone_annotations-2.2.0.jar:/home/user/.m2/repository/org/codehaus/mojo/animal-sniffer-annotations/1.17/animal-sniffer-annotations-1.17.jar:/home/user/.m2/repository/io/opencensus/opencensus-api/0.17.0/opencensus-api-0.17.0.jar:/home/user/.m2/repository/io/opencensus/opencensus-contrib-grpc-metrics/0.17.0/opencensus-contrib-grpc-metrics-0.17.0.jar:/home/user/.m2/repository/io/netty/netty-codec-http2/4.1.30.Final/netty-codec-http2-4.1.30.Final.jar:/home/user/.m2/repository/io/netty/netty-codec-http/4.1.30.Final/netty-codec-http-4.1.30.Final.jar:/home/user/.m2/repository/io/netty/netty-codec/4.1.30.Final/netty-codec-4.1.30.Final.jar:/home/user/.m2/repository/io/netty/netty-handler/4.1.30.Final/netty-handler-4.1.30.Final.jar:/home/user/.m2/repository/io/netty/netty-handler-proxy/4.1.30.Final/netty-handler-proxy-4.1.30.Final.jar:/home/user/.m2/repository/io/netty/netty-codec-socks/4.1.30.Final/netty-codec-socks-4.1.30.Final.jar:/home/user/.m2/repository/io/netty/netty-transport-native-epoll/4.1.30.Final/netty-transport-native-epoll-4.1.30.Final.jar:/home/user/.m2/repository/io/netty/netty-common/4.1.30.Final/netty-common-4.1.30.Final.jar:/home/user/.m2/repository/io/netty/netty-buffer/4.1.30.Final/netty-buffer-4.1.30.Final.jar:/home/user/.m2/repository/io/netty/netty-transport/4.1.30.Final/netty-transport-4.1.30.Final.jar:/home/user/.m2/repository/io/netty/netty-resolver/4.1.30.Final/netty-resolver-4.1.30.Final.jar:/home/user/.m2/repository/io/netty/netty-transport-native-unix-common/4.1.30.Final/netty-transport-native-unix-common-4.1.30.Final.jar:/home/user/.m2/repository/io/grpc/grpc-protobuf/1.17.1/grpc-protobuf-1.17.1.jar:/home/user/.m2/repository/com/google/api/grpc/proto-google-common-protos/1.0.0/proto-google-common-protos-1.0.0.jar:/home/user/.m2/repository/io/grpc/grpc-protobuf-lite/1.17.1/grpc-protobuf-lite-1.17.1.jar:/home/user/.m2/repository/io/grpc/grpc-stub/1.17.1/grpc-stub-1.17.1.jar:/home/user/.m2/repository/org/apache/hadoop/hadoop-ozone-recon/0.5.0-SNAPSHOT/hadoop-ozone-recon-0.5.0-SNAPSHOT.jar:/home/user/.m2/repository/org/apache/hadoop/hadoop-ozone-reconcodegen/0.5.0-SNAPSHOT/hadoop-ozone-reconcodegen-0.5.0-SNAPSHOT.jar:/home/user/.m2/repository/com/google/inject/extensions/guice-multibindings/4.0/guice-multibindings-4.0.jar:/home/user/.m2/repository/com/google/inject/guice/4.0/guice-4.0.jar:/home/user/.m2/repository/aopalliance/aopalliance/1.0/aopalliance-1.0.jar:/home/user/.m2/repository/com/google/inject/extensions/guice-servlet/4.0/guice-servlet-4.0.jar:/home/user/.m2/repository/org/glassfish/jersey/containers/jersey-container-servlet/2.27/jersey-container-servlet-2.27.jar:/home/user/.m2/repository/org/glassfish/hk2/guice-bridge/2.5.0/guice-bridge-2.5.0.jar:/home/user/.m2/repository/org/glassfish/jersey/core/jersey-server/2.27/jersey-server-2.27.jar:/home/user/.m2/repository/org/glassfish/jersey/core/jersey-client/2.27/jersey-client-2.27.jar:/home/user/.m2/repository/org/glassfish/jersey/media/jersey-media-jaxb/2.27/jersey-media-jaxb-2.27.jar:/home/user/.m2/repository/javax/validation/validation-api/1.1.0.Final/validation-api-1.1.0.Final.jar:/home/user/.m2/repository/org/glassfish/jersey/media/jersey-media-json-jackson/2.27/jersey-media-json-jackson-2.27.jar:/home/user/.m2/repository/org/glassfish/jersey/ext/jersey-entity-filtering/2.27/jersey-entity-filtering-2.27.jar:/home/user/.m2/repository/com/google/inject/extensions/guice-assistedinject/4.0/guice-assistedinject-4.0.jar:/home/user/.m2/repository/org/jooq/jooq/3.11.10/jooq-3.11.10.jar:/home/user/.m2/repository/org/jooq/jooq-meta/3.11.10/jooq-meta-3.11.10.jar:/home/user/.m2/repository/org/jooq/jooq-codegen/3.11.10/jooq-codegen-3.11.10.jar:/home/user/.m2/repository/com/jolbox/bonecp/0.8.0.RELEASE/bonecp-0.8.0.RELEASE.jar:/home/user/.m2/repository/org/xerial/sqlite-jdbc/3.25.2/sqlite-jdbc-3.25.2.jar:/home/user/.m2/repository/org/springframework/spring-jdbc/5.1.3.RELEASE/spring-jdbc-5.1.3.RELEASE.jar:/home/user/.m2/repository/org/springframework/spring-beans/5.1.3.RELEASE/spring-beans-5.1.3.RELEASE.jar:/home/user/.m2/repository/org/springframework/spring-core/5.1.3.RELEASE/spring-core-5.1.3.RELEASE.jar:/home/user/.m2/repository/org/springframework/spring-jcl/5.1.3.RELEASE/spring-jcl-5.1.3.RELEASE.jar:/home/user/.m2/repository/org/springframework/spring-tx/5.1.3.RELEASE/spring-tx-5.1.3.RELEASE.jar:/home/user/.m2/repository/org/apache/hadoop/hadoop-ozone-client/0.5.0-SNAPSHOT/hadoop-ozone-client-0.5.0-SNAPSHOT.jar:/home/user/.m2/repository/commons-lang/commons-lang/2.6/commons-lang-2.6.jar:/home/user/.m2/repository/org/apache/hadoop/hadoop-ozone-ozone-manager/0.5.0-SNAPSHOT/hadoop-ozone-ozone-manager-0.5.0-SNAPSHOT-tests.jar:/home/user/.m2/repository/junit/junit/4.11/junit-4.11.jar:/home/user/.m2/repository/org/hamcrest/hamcrest-core/1.3/hamcrest-core-1.3.jar:/home/user/.m2/repository/org/openjdk/jmh/jmh-core/1.19/jmh-core-1.19.jar:/home/user/.m2/repository/net/sf/jopt-simple/jopt-simple/4.6/jopt-simple-4.6.jar:/home/user/.m2/repository/org/apache/commons/commons-math3/3.1.1/commons-math3-3.1.1.jar:/home/user/.m2/repository/org/openjdk/jmh/jmh-generator-annprocess/1.19/jmh-generator-annprocess-1.19.jar:/home/user/.m2/repository/org/mockito/mockito-all/1.8.5/mockito-all-1.8.5.jar:/home/user/.m2/repository/org/apache/hadoop/hadoop-kms/3.2.0/hadoop-kms-3.2.0.jar:/home/user/.m2/repository/org/apache/hadoop/hadoop-auth/3.2.0/hadoop-auth-3.2.0.jar:/home/user/.m2/repository/com/nimbusds/nimbus-jose-jwt/4.41.1/nimbus-jose-jwt-4.41.1.jar:/home/user/.m2/repository/com/github/stephenc/jcip/jcip-annotations/1.0-1/jcip-annotations-1.0-1.jar:/home/user/.m2/repository/net/minidev/json-smart/2.3/json-smart-2.3.jar:/home/user/.m2/repository/net/minidev/accessors-smart/1.2/accessors-smart-1.2.jar:/home/user/.m2/repository/org/ow2/asm/asm/5.0.4/asm-5.0.4.jar:/home/user/.m2/repository/org/apache/curator/curator-framework/2.12.0/curator-framework-2.12.0.jar:/home/user/.m2/repository/com/sun/jersey/jersey-core/1.19/jersey-core-1.19.jar:/home/user/.m2/repository/javax/ws/rs/jsr311-api/1.1.1/jsr311-api-1.1.1.jar:/home/user/.m2/repository/com/sun/jersey/jersey-server/1.19/jersey-server-1.19.jar:/home/user/.m2/repository/javax/servlet/javax.servlet-api/3.1.0/javax.servlet-api-3.1.0.jar:/home/user/.m2/repository/org/eclipse/jetty/jetty-server/9.3.25.v20180904/jetty-server-9.3.25.v20180904.jar:/home/user/.m2/repository/org/eclipse/jetty/jetty-http/9.3.25.v20180904/jetty-http-9.3.25.v20180904.jar:/home/user/.m2/repository/org/eclipse/jetty/jetty-io/9.3.25.v20180904/jetty-io-9.3.25.v20180904.jar:/home/user/.m2/repository/org/eclipse/jetty/jetty-webapp/9.3.25.v20180904/jetty-webapp-9.3.25.v20180904.jar:/home/user/.m2/repository/org/eclipse/jetty/jetty-xml/9.3.25.v20180904/jetty-xml-9.3.25.v20180904.jar:/home/user/.m2/repository/log4j/log4j/1.2.17/log4j-1.2.17.jar:/home/user/.m2/repository/org/slf4j/slf4j-api/1.7.25/slf4j-api-1.7.25.jar:/home/user/.m2/repository/org/slf4j/jul-to-slf4j/1.7.25/jul-to-slf4j-1.7.25.jar:/home/user/.m2/repository/org/eclipse/jetty/jetty-util/9.3.25.v20180904/jetty-util-9.3.25.v20180904.jar:/home/user/.m2/repository/com/fasterxml/jackson/core/jackson-databind/2.9.9/jackson-databind-2.9.9.jar:/home/user/.m2/repository/org/apache/hadoop/hadoop-kms/3.2.0/hadoop-kms-3.2.0-tests.jar:/home/user/.m2/repository/org/apache/hadoop/hadoop-hdds-server-scm/0.5.0-SNAPSHOT/hadoop-hdds-server-scm-0.5.0-SNAPSHOT-tests.jar:/home/user/.m2/repository/org/apache/hadoop/hadoop-hdds-container-service/0.5.0-SNAPSHOT/hadoop-hdds-container-service-0.5.0-SNAPSHOT-tests.jar:/home/user/.m2/repository/org/yaml/snakeyaml/1.16/snakeyaml-1.16.jar:/home/user/.m2/repository/org/apache/hadoop/hadoop-common/3.2.0/hadoop-common-3.2.0-tests.jar:/home/user/.m2/repository/org/apache/hadoop/hadoop-annotations/3.2.0/hadoop-annotations-3.2.0.jar:/usr/lib/jvm/java-1.8-openjdk/jre/../lib/tools.jar:/home/user/.m2/repository/commons-cli/commons-cli/1.2/commons-cli-1.2.jar:/home/user/.m2/repository/org/apache/httpcomponents/httpclient/4.5.2/httpclient-4.5.2.jar:/home/user/.m2/repository/org/apache/httpcomponents/httpcore/4.4.4/httpcore-4.4.4.jar:/home/user/.m2/repository/commons-codec/commons-codec/1.11/commons-codec-1.11.jar:/home/user/.m2/repository/commons-net/commons-net/3.6/commons-net-3.6.jar:/home/user/.m2/repository/commons-collections/commons-collections/3.2.2/commons-collections-3.2.2.jar:/home/user/.m2/repository/org/eclipse/jetty/jetty-servlet/9.3.25.v20180904/jetty-servlet-9.3.25.v20180904.jar:/home/user/.m2/repository/org/eclipse/jetty/jetty-security/9.3.25.v20180904/jetty-security-9.3.25.v20180904.jar:/home/user/.m2/repository/javax/servlet/jsp/jsp-api/2.1/jsp-api-2.1.jar:/home/user/.m2/repository/com/sun/jersey/jersey-servlet/1.19/jersey-servlet-1.19.jar:/home/user/.m2/repository/com/sun/jersey/jersey-json/1.19/jersey-json-1.19.jar:/home/user/.m2/repository/org/codehaus/jettison/jettison/1.1/jettison-1.1.jar:/home/user/.m2/repository/org/codehaus/jackson/jackson-core-asl/1.9.13/jackson-core-asl-1.9.13.jar:/home/user/.m2/repository/org/codehaus/jackson/jackson-mapper-asl/1.9.13/jackson-mapper-asl-1.9.13.jar:/home/user/.m2/repository/org/codehaus/jackson/jackson-jaxrs/1.9.13/jackson-jaxrs-1.9.13.jar:/home/user/.m2/repository/org/codehaus/jackson/jackson-xc/1.9.13/jackson-xc-1.9.13.jar:/home/user/.m2/repository/commons-logging/commons-logging/1.1.3/commons-logging-1.1.3.jar:/home/user/.m2/repository/commons-beanutils/commons-beanutils/1.9.4/commons-beanutils-1.9.4.jar:/home/user/.m2/repository/org/apache/commons/commons-configuration2/2.1.1/commons-configuration2-2.1.1.jar:/home/user/.m2/repository/org/apache/commons/commons-lang3/3.7/commons-lang3-3.7.jar:/home/user/.m2/repository/org/apache/commons/commons-text/1.4/commons-text-1.4.jar:/home/user/.m2/repository/org/apache/avro/avro/1.7.7/avro-1.7.7.jar:/home/user/.m2/repository/com/thoughtworks/paranamer/paranamer/2.3/paranamer-2.3.jar:/home/user/.m2/repository/org/xerial/snappy/snappy-java/1.0.5/snappy-java-1.0.5.jar:/home/user/.m2/repository/com/google/re2j/re2j/1.1/re2j-1.1.jar:/home/user/.m2/repository/com/google/code/gson/gson/2.2.4/gson-2.2.4.jar:/home/user/.m2/repository/com/jcraft/jsch/0.1.54/jsch-0.1.54.jar:/home/user/.m2/repository/org/apache/curator/curator-client/2.12.0/curator-client-2.12.0.jar:/home/user/.m2/repository/org/apache/curator/curator-recipes/2.12.0/curator-recipes-2.12.0.jar:/home/user/.m2/repository/com/google/code/findbugs/jsr305/3.0.0/jsr305-3.0.0.jar:/home/user/.m2/repository/org/apache/htrace/htrace-core4/4.1.0-incubating/htrace-core4-4.1.0-incubating.jar:/home/user/.m2/repository/org/apache/zookeeper/zookeeper/3.4.13/zookeeper-3.4.13.jar:/home/user/.m2/repository/jline/jline/0.9.94/jline-0.9.94.jar:/home/user/.m2/repository/org/apache/yetus/audience-annotations/0.5.0/audience-annotations-0.5.0.jar:/home/user/.m2/repository/org/codehaus/woodstox/stax2-api/3.1.4/stax2-api-3.1.4.jar:/home/user/.m2/repository/com/fasterxml/woodstox/woodstox-core/5.0.3/woodstox-core-5.0.3.jar:/home/user/.m2/repository/dnsjava/dnsjava/2.1.7/dnsjava-2.1.7.jar:/home/user/.m2/repository/org/apache/hadoop/hadoop-hdfs/3.2.0/hadoop-hdfs-3.2.0-tests.jar:/home/user/.m2/repository/org/eclipse/jetty/jetty-util-ajax/9.3.25.v20180904/jetty-util-ajax-9.3.25.v20180904.jar:/home/user/.m2/repository/commons-daemon/commons-daemon/1.0.13/commons-daemon-1.0.13.jar:/home/user/.m2/repository/io/netty/netty/3.10.5.Final/netty-3.10.5.Final.jar:/home/user/.m2/repository/io/netty/netty-all/4.0.52.Final/netty-all-4.0.52.Final.jar:/home/user/.m2/repository/org/fusesource/leveldbjni/leveldbjni-all/1.8/leveldbjni-all-1.8.jar:"/>
    <property name="java.vm.vendor" value="IcedTea"/>
    <property name="sun.arch.data.model" value="64"/>
    <property name="test.build.dir" value="/workdir/hadoop-ozone/integration-test/target/test-dir"/>
    <property name="test.cache.data" value=""/>
    <property name="java.vendor.url" value="https://icedtea.classpath.org"/>
    <property name="user.timezone" value=""/>
    <property name="java.vm.specification.version" value="1.8"/>
    <property name="os.name" value="Linux"/>
    <property name="test.build.data" value="/workdir/hadoop-ozone/integration-test/target/test-dir"/>
    <property name="user.country" value="US"/>
    <property name="sun.java.launcher" value="SUN_STANDARD"/>
    <property name="sun.boot.library.path" value="/usr/lib/jvm/java-1.8-openjdk/jre/lib/amd64"/>
    <property name="sun.java.command" value="/workdir/hadoop-ozone/integration-test/target/surefire/surefirebooter7972217501577484231.jar /workdir/hadoop-ozone/integration-test/target/surefire 2019-10-02T19-11-35_944-jvmRun1 surefire7129598490230184239tmp surefire_631745433318827667971tmp"/>
    <property name="test" value="!TestMiniChaosOzoneCluster"/>
    <property name="surefire.test.class.path" value="/workdir/hadoop-ozone/integration-test/target/test-classes:/workdir/hadoop-ozone/integration-test/target/classes:/home/user/.m2/repository/org/apache/hadoop/hadoop-ozone-common/0.5.0-SNAPSHOT/hadoop-ozone-common-0.5.0-SNAPSHOT.jar:/home/user/.m2/repository/org/apache/commons/commons-compress/1.4.1/commons-compress-1.4.1.jar:/home/user/.m2/repository/org/tukaani/xz/1.0/xz-1.0.jar:/home/user/.m2/repository/org/apache/hadoop/hadoop-common/3.2.0/hadoop-common-3.2.0.jar:/home/user/.m2/repository/org/apache/hadoop/hadoop-hdfs/3.2.0/hadoop-hdfs-3.2.0.jar:/home/user/.m2/repository/org/apache/hadoop/hadoop-hdfs-client/3.2.0/hadoop-hdfs-client-3.2.0.jar:/home/user/.m2/repository/com/fasterxml/jackson/core/jackson-annotations/2.9.9/jackson-annotations-2.9.9.jar:/home/user/.m2/repository/org/apache/hadoop/hadoop-hdds-common/0.5.0-SNAPSHOT/hadoop-hdds-common-0.5.0-SNAPSHOT.jar:/home/user/.m2/repository/javax/annotation/javax.annotation-api/1.2/javax.annotation-api-1.2.jar:/home/user/.m2/repository/org/apache/ratis/ratis-server/0.4.0/ratis-server-0.4.0.jar:/home/user/.m2/repository/org/apache/ratis/ratis-thirdparty-misc/0.2.0/ratis-thirdparty-misc-0.2.0.jar:/home/user/.m2/repository/org/apache/ratis/ratis-proto/0.4.0/ratis-proto-0.4.0.jar:/home/user/.m2/repository/org/apache/ratis/ratis-common/0.4.0/ratis-common-0.4.0.jar:/home/user/.m2/repository/org/apache/ratis/ratis-client/0.4.0/ratis-client-0.4.0.jar:/home/user/.m2/repository/org/apache/ratis/ratis-metrics/0.4.0/ratis-metrics-0.4.0.jar:/home/user/.m2/repository/com/github/joshelser/dropwizard-metrics-hadoop-metrics2-reporter/0.1.2/dropwizard-metrics-hadoop-metrics2-reporter-0.1.2.jar:/home/user/.m2/repository/io/dropwizard/metrics/metrics-jvm/3.2.5/metrics-jvm-3.2.5.jar:/home/user/.m2/repository/io/dropwizard/metrics/metrics-ganglia/3.2.5/metrics-ganglia-3.2.5.jar:/home/user/.m2/repository/info/ganglia/gmetric4j/gmetric4j/1.0.7/gmetric4j-1.0.7.jar:/home/user/.m2/repository/org/apache/ratis/ratis-netty/0.4.0/ratis-netty-0.4.0.jar:/home/user/.m2/repository/org/apache/ratis/ratis-grpc/0.4.0/ratis-grpc-0.4.0.jar:/home/user/.m2/repository/org/rocksdb/rocksdbjni/6.0.1/rocksdbjni-6.0.1.jar:/home/user/.m2/repository/org/apache/logging/log4j/log4j-api/2.11.0/log4j-api-2.11.0.jar:/home/user/.m2/repository/org/apache/logging/log4j/log4j-core/2.11.0/log4j-core-2.11.0.jar:/home/user/.m2/repository/com/lmax/disruptor/3.4.2/disruptor-3.4.2.jar:/home/user/.m2/repository/org/apache/commons/commons-pool2/2.6.0/commons-pool2-2.6.0.jar:/home/user/.m2/repository/org/bouncycastle/bcpkix-jdk15on/1.60/bcpkix-jdk15on-1.60.jar:/home/user/.m2/repository/commons-validator/commons-validator/1.6/commons-validator-1.6.jar:/home/user/.m2/repository/commons-digester/commons-digester/1.8.1/commons-digester-1.8.1.jar:/home/user/.m2/repository/io/jaegertracing/jaeger-client/0.34.0/jaeger-client-0.34.0.jar:/home/user/.m2/repository/io/jaegertracing/jaeger-thrift/0.34.0/jaeger-thrift-0.34.0.jar:/home/user/.m2/repository/org/apache/thrift/libthrift/0.12.0/libthrift-0.12.0.jar:/home/user/.m2/repository/com/squareup/okhttp3/okhttp/3.9.0/okhttp-3.9.0.jar:/home/user/.m2/repository/com/squareup/okio/okio/1.13.0/okio-1.13.0.jar:/home/user/.m2/repository/io/jaegertracing/jaeger-core/0.34.0/jaeger-core-0.34.0.jar:/home/user/.m2/repository/io/jaegertracing/jaeger-tracerresolver/0.34.0/jaeger-tracerresolver-0.34.0.jar:/home/user/.m2/repository/io/opentracing/contrib/opentracing-tracerresolver/0.1.5/opentracing-tracerresolver-0.1.5.jar:/home/user/.m2/repository/io/opentracing/opentracing-util/0.31.0/opentracing-util-0.31.0.jar:/home/user/.m2/repository/io/opentracing/opentracing-api/0.31.0/opentracing-api-0.31.0.jar:/home/user/.m2/repository/io/opentracing/opentracing-noop/0.31.0/opentracing-noop-0.31.0.jar:/home/user/.m2/repository/org/apache/hadoop/hadoop-hdds-server-framework/0.5.0-SNAPSHOT/hadoop-hdds-server-framework-0.5.0-SNAPSHOT.jar:/home/user/.m2/repository/org/apache/hadoop/hadoop-hdds-container-service/0.5.0-SNAPSHOT/hadoop-hdds-container-service-0.5.0-SNAPSHOT.jar:/home/user/.m2/repository/org/apache/hadoop/hadoop-hdds-client/0.5.0-SNAPSHOT/hadoop-hdds-client-0.5.0-SNAPSHOT.jar:/home/user/.m2/repository/org/apache/hadoop/hadoop-hdds-tools/0.5.0-SNAPSHOT/hadoop-hdds-tools-0.5.0-SNAPSHOT.jar:/home/user/.m2/repository/org/apache/hadoop/hadoop-hdds-server-scm/0.5.0-SNAPSHOT/hadoop-hdds-server-scm-0.5.0-SNAPSHOT.jar:/home/user/.m2/repository/org/apache/hadoop/hadoop-hdds-docs/0.5.0-SNAPSHOT/hadoop-hdds-docs-0.5.0-SNAPSHOT.jar:/home/user/.m2/repository/io/dropwizard/metrics/metrics-core/3.2.4/metrics-core-3.2.4.jar:/home/user/.m2/repository/org/hamcrest/hamcrest-all/1.3/hamcrest-all-1.3.jar:/home/user/.m2/repository/org/bouncycastle/bcprov-jdk15on/1.60/bcprov-jdk15on-1.60.jar:/home/user/.m2/repository/info/picocli/picocli/3.9.6/picocli-3.9.6.jar:/home/user/.m2/repository/com/google/protobuf/protobuf-java/2.5.0/protobuf-java-2.5.0.jar:/home/user/.m2/repository/com/google/guava/guava/11.0.2/guava-11.0.2.jar:/home/user/.m2/repository/org/apache/hadoop/hadoop-ozone-ozone-manager/0.5.0-SNAPSHOT/hadoop-ozone-ozone-manager-0.5.0-SNAPSHOT.jar:/home/user/.m2/repository/org/apache/hadoop/hadoop-minikdc/3.2.0/hadoop-minikdc-3.2.0.jar:/home/user/.m2/repository/commons-io/commons-io/2.5/commons-io-2.5.jar:/home/user/.m2/repository/org/apache/kerby/kerb-simplekdc/1.0.1/kerb-simplekdc-1.0.1.jar:/home/user/.m2/repository/org/apache/kerby/kerb-client/1.0.1/kerb-client-1.0.1.jar:/home/user/.m2/repository/org/apache/kerby/kerby-config/1.0.1/kerby-config-1.0.1.jar:/home/user/.m2/repository/org/apache/kerby/kerb-core/1.0.1/kerb-core-1.0.1.jar:/home/user/.m2/repository/org/apache/kerby/kerby-pkix/1.0.1/kerby-pkix-1.0.1.jar:/home/user/.m2/repository/org/apache/kerby/kerby-asn1/1.0.1/kerby-asn1-1.0.1.jar:/home/user/.m2/repository/org/apache/kerby/kerby-util/1.0.1/kerby-util-1.0.1.jar:/home/user/.m2/repository/org/apache/kerby/kerb-common/1.0.1/kerb-common-1.0.1.jar:/home/user/.m2/repository/org/apache/kerby/kerb-crypto/1.0.1/kerb-crypto-1.0.1.jar:/home/user/.m2/repository/org/apache/kerby/kerb-util/1.0.1/kerb-util-1.0.1.jar:/home/user/.m2/repository/org/apache/kerby/token-provider/1.0.1/token-provider-1.0.1.jar:/home/user/.m2/repository/org/apache/kerby/kerb-admin/1.0.1/kerb-admin-1.0.1.jar:/home/user/.m2/repository/org/apache/kerby/kerb-server/1.0.1/kerb-server-1.0.1.jar:/home/user/.m2/repository/org/apache/kerby/kerb-identity/1.0.1/kerb-identity-1.0.1.jar:/home/user/.m2/repository/org/apache/kerby/kerby-xdr/1.0.1/kerby-xdr-1.0.1.jar:/home/user/.m2/repository/org/slf4j/slf4j-log4j12/1.7.25/slf4j-log4j12-1.7.25.jar:/home/user/.m2/repository/org/apache/hadoop/hadoop-ozone-s3gateway/0.5.0-SNAPSHOT/hadoop-ozone-s3gateway-0.5.0-SNAPSHOT.jar:/home/user/.m2/repository/org/jboss/weld/servlet/weld-servlet/2.4.7.Final/weld-servlet-2.4.7.Final.jar:/home/user/.m2/repository/org/glassfish/jersey/containers/jersey-container-servlet-core/2.27/jersey-container-servlet-core-2.27.jar:/home/user/.m2/repository/org/glassfish/hk2/external/javax.inject/2.5.0-b42/javax.inject-2.5.0-b42.jar:/home/user/.m2/repository/org/glassfish/jersey/core/jersey-common/2.27/jersey-common-2.27.jar:/home/user/.m2/repository/org/glassfish/hk2/osgi-resource-locator/1.0.1/osgi-resource-locator-1.0.1.jar:/home/user/.m2/repository/javax/ws/rs/javax.ws.rs-api/2.1/javax.ws.rs-api-2.1.jar:/home/user/.m2/repository/org/glassfish/jersey/ext/cdi/jersey-cdi1x/2.27/jersey-cdi1x-2.27.jar:/home/user/.m2/repository/org/glassfish/jersey/inject/jersey-hk2/2.27/jersey-hk2-2.27.jar:/home/user/.m2/repository/org/glassfish/hk2/hk2-locator/2.5.0-b42/hk2-locator-2.5.0-b42.jar:/home/user/.m2/repository/org/javassist/javassist/3.22.0-CR2/javassist-3.22.0-CR2.jar:/home/user/.m2/repository/org/glassfish/hk2/hk2-api/2.5.0/hk2-api-2.5.0.jar:/home/user/.m2/repository/org/glassfish/hk2/external/jakarta.inject/2.5.0/jakarta.inject-2.5.0.jar:/home/user/.m2/repository/org/glassfish/hk2/hk2-utils/2.5.0/hk2-utils-2.5.0.jar:/home/user/.m2/repository/jakarta/annotation/jakarta.annotation-api/1.3.4/jakarta.annotation-api-1.3.4.jar:/home/user/.m2/repository/org/glassfish/hk2/external/aopalliance-repackaged/2.5.0/aopalliance-repackaged-2.5.0.jar:/home/user/.m2/repository/com/fasterxml/jackson/dataformat/jackson-dataformat-xml/2.9.0/jackson-dataformat-xml-2.9.0.jar:/home/user/.m2/repository/com/fasterxml/jackson/core/jackson-core/2.9.9/jackson-core-2.9.9.jar:/home/user/.m2/repository/com/fasterxml/jackson/module/jackson-module-jaxb-annotations/2.9.9/jackson-module-jaxb-annotations-2.9.9.jar:/home/user/.m2/repository/javax/enterprise/cdi-api/1.2/cdi-api-1.2.jar:/home/user/.m2/repository/javax/el/javax.el-api/3.0.0/javax.el-api-3.0.0.jar:/home/user/.m2/repository/javax/interceptor/javax.interceptor-api/1.2/javax.interceptor-api-1.2.jar:/home/user/.m2/repository/javax/inject/javax.inject/1/javax.inject-1.jar:/home/user/.m2/repository/com/sun/xml/bind/jaxb-impl/2.3.0.1/jaxb-impl-2.3.0.1.jar:/home/user/.m2/repository/com/sun/xml/bind/jaxb-core/2.3.0.1/jaxb-core-2.3.0.1.jar:/home/user/.m2/repository/javax/xml/bind/jaxb-api/2.3.0/jaxb-api-2.3.0.jar:/home/user/.m2/repository/javax/activation/activation/1.1.1/activation-1.1.1.jar:/home/user/.m2/repository/org/apache/hadoop/hadoop-ozone-csi/0.5.0-SNAPSHOT/hadoop-ozone-csi-0.5.0-SNAPSHOT.jar:/home/user/.m2/repository/com/google/protobuf/protobuf-java-util/3.5.1/protobuf-java-util-3.5.1.jar:/home/user/.m2/repository/org/apache/hadoop/hadoop-hdds-config/0.5.0-SNAPSHOT/hadoop-hdds-config-0.5.0-SNAPSHOT.jar:/home/user/.m2/repository/io/grpc/grpc-netty/1.17.1/grpc-netty-1.17.1.jar:/home/user/.m2/repository/io/grpc/grpc-core/1.17.1/grpc-core-1.17.1.jar:/home/user/.m2/repository/io/grpc/grpc-context/1.17.1/grpc-context-1.17.1.jar:/home/user/.m2/repository/com/google/errorprone/error_prone_annotations/2.2.0/error_prone_annotations-2.2.0.jar:/home/user/.m2/repository/org/codehaus/mojo/animal-sniffer-annotations/1.17/animal-sniffer-annotations-1.17.jar:/home/user/.m2/repository/io/opencensus/opencensus-api/0.17.0/opencensus-api-0.17.0.jar:/home/user/.m2/repository/io/opencensus/opencensus-contrib-grpc-metrics/0.17.0/opencensus-contrib-grpc-metrics-0.17.0.jar:/home/user/.m2/repository/io/netty/netty-codec-http2/4.1.30.Final/netty-codec-http2-4.1.30.Final.jar:/home/user/.m2/repository/io/netty/netty-codec-http/4.1.30.Final/netty-codec-http-4.1.30.Final.jar:/home/user/.m2/repository/io/netty/netty-codec/4.1.30.Final/netty-codec-4.1.30.Final.jar:/home/user/.m2/repository/io/netty/netty-handler/4.1.30.Final/netty-handler-4.1.30.Final.jar:/home/user/.m2/repository/io/netty/netty-handler-proxy/4.1.30.Final/netty-handler-proxy-4.1.30.Final.jar:/home/user/.m2/repository/io/netty/netty-codec-socks/4.1.30.Final/netty-codec-socks-4.1.30.Final.jar:/home/user/.m2/repository/io/netty/netty-transport-native-epoll/4.1.30.Final/netty-transport-native-epoll-4.1.30.Final.jar:/home/user/.m2/repository/io/netty/netty-common/4.1.30.Final/netty-common-4.1.30.Final.jar:/home/user/.m2/repository/io/netty/netty-buffer/4.1.30.Final/netty-buffer-4.1.30.Final.jar:/home/user/.m2/repository/io/netty/netty-transport/4.1.30.Final/netty-transport-4.1.30.Final.jar:/home/user/.m2/repository/io/netty/netty-resolver/4.1.30.Final/netty-resolver-4.1.30.Final.jar:/home/user/.m2/repository/io/netty/netty-transport-native-unix-common/4.1.30.Final/netty-transport-native-unix-common-4.1.30.Final.jar:/home/user/.m2/repository/io/grpc/grpc-protobuf/1.17.1/grpc-protobuf-1.17.1.jar:/home/user/.m2/repository/com/google/api/grpc/proto-google-common-protos/1.0.0/proto-google-common-protos-1.0.0.jar:/home/user/.m2/repository/io/grpc/grpc-protobuf-lite/1.17.1/grpc-protobuf-lite-1.17.1.jar:/home/user/.m2/repository/io/grpc/grpc-stub/1.17.1/grpc-stub-1.17.1.jar:/home/user/.m2/repository/org/apache/hadoop/hadoop-ozone-recon/0.5.0-SNAPSHOT/hadoop-ozone-recon-0.5.0-SNAPSHOT.jar:/home/user/.m2/repository/org/apache/hadoop/hadoop-ozone-reconcodegen/0.5.0-SNAPSHOT/hadoop-ozone-reconcodegen-0.5.0-SNAPSHOT.jar:/home/user/.m2/repository/com/google/inject/extensions/guice-multibindings/4.0/guice-multibindings-4.0.jar:/home/user/.m2/repository/com/google/inject/guice/4.0/guice-4.0.jar:/home/user/.m2/repository/aopalliance/aopalliance/1.0/aopalliance-1.0.jar:/home/user/.m2/repository/com/google/inject/extensions/guice-servlet/4.0/guice-servlet-4.0.jar:/home/user/.m2/repository/org/glassfish/jersey/containers/jersey-container-servlet/2.27/jersey-container-servlet-2.27.jar:/home/user/.m2/repository/org/glassfish/hk2/guice-bridge/2.5.0/guice-bridge-2.5.0.jar:/home/user/.m2/repository/org/glassfish/jersey/core/jersey-server/2.27/jersey-server-2.27.jar:/home/user/.m2/repository/org/glassfish/jersey/core/jersey-client/2.27/jersey-client-2.27.jar:/home/user/.m2/repository/org/glassfish/jersey/media/jersey-media-jaxb/2.27/jersey-media-jaxb-2.27.jar:/home/user/.m2/repository/javax/validation/validation-api/1.1.0.Final/validation-api-1.1.0.Final.jar:/home/user/.m2/repository/org/glassfish/jersey/media/jersey-media-json-jackson/2.27/jersey-media-json-jackson-2.27.jar:/home/user/.m2/repository/org/glassfish/jersey/ext/jersey-entity-filtering/2.27/jersey-entity-filtering-2.27.jar:/home/user/.m2/repository/com/google/inject/extensions/guice-assistedinject/4.0/guice-assistedinject-4.0.jar:/home/user/.m2/repository/org/jooq/jooq/3.11.10/jooq-3.11.10.jar:/home/user/.m2/repository/org/jooq/jooq-meta/3.11.10/jooq-meta-3.11.10.jar:/home/user/.m2/repository/org/jooq/jooq-codegen/3.11.10/jooq-codegen-3.11.10.jar:/home/user/.m2/repository/com/jolbox/bonecp/0.8.0.RELEASE/bonecp-0.8.0.RELEASE.jar:/home/user/.m2/repository/org/xerial/sqlite-jdbc/3.25.2/sqlite-jdbc-3.25.2.jar:/home/user/.m2/repository/org/springframework/spring-jdbc/5.1.3.RELEASE/spring-jdbc-5.1.3.RELEASE.jar:/home/user/.m2/repository/org/springframework/spring-beans/5.1.3.RELEASE/spring-beans-5.1.3.RELEASE.jar:/home/user/.m2/repository/org/springframework/spring-core/5.1.3.RELEASE/spring-core-5.1.3.RELEASE.jar:/home/user/.m2/repository/org/springframework/spring-jcl/5.1.3.RELEASE/spring-jcl-5.1.3.RELEASE.jar:/home/user/.m2/repository/org/springframework/spring-tx/5.1.3.RELEASE/spring-tx-5.1.3.RELEASE.jar:/home/user/.m2/repository/org/apache/hadoop/hadoop-ozone-client/0.5.0-SNAPSHOT/hadoop-ozone-client-0.5.0-SNAPSHOT.jar:/home/user/.m2/repository/commons-lang/commons-lang/2.6/commons-lang-2.6.jar:/home/user/.m2/repository/org/apache/hadoop/hadoop-ozone-ozone-manager/0.5.0-SNAPSHOT/hadoop-ozone-ozone-manager-0.5.0-SNAPSHOT-tests.jar:/home/user/.m2/repository/junit/junit/4.11/junit-4.11.jar:/home/user/.m2/repository/org/hamcrest/hamcrest-core/1.3/hamcrest-core-1.3.jar:/home/user/.m2/repository/org/openjdk/jmh/jmh-core/1.19/jmh-core-1.19.jar:/home/user/.m2/repository/net/sf/jopt-simple/jopt-simple/4.6/jopt-simple-4.6.jar:/home/user/.m2/repository/org/apache/commons/commons-math3/3.1.1/commons-math3-3.1.1.jar:/home/user/.m2/repository/org/openjdk/jmh/jmh-generator-annprocess/1.19/jmh-generator-annprocess-1.19.jar:/home/user/.m2/repository/org/mockito/mockito-all/1.8.5/mockito-all-1.8.5.jar:/home/user/.m2/repository/org/apache/hadoop/hadoop-kms/3.2.0/hadoop-kms-3.2.0.jar:/home/user/.m2/repository/org/apache/hadoop/hadoop-auth/3.2.0/hadoop-auth-3.2.0.jar:/home/user/.m2/repository/com/nimbusds/nimbus-jose-jwt/4.41.1/nimbus-jose-jwt-4.41.1.jar:/home/user/.m2/repository/com/github/stephenc/jcip/jcip-annotations/1.0-1/jcip-annotations-1.0-1.jar:/home/user/.m2/repository/net/minidev/json-smart/2.3/json-smart-2.3.jar:/home/user/.m2/repository/net/minidev/accessors-smart/1.2/accessors-smart-1.2.jar:/home/user/.m2/repository/org/ow2/asm/asm/5.0.4/asm-5.0.4.jar:/home/user/.m2/repository/org/apache/curator/curator-framework/2.12.0/curator-framework-2.12.0.jar:/home/user/.m2/repository/com/sun/jersey/jersey-core/1.19/jersey-core-1.19.jar:/home/user/.m2/repository/javax/ws/rs/jsr311-api/1.1.1/jsr311-api-1.1.1.jar:/home/user/.m2/repository/com/sun/jersey/jersey-server/1.19/jersey-server-1.19.jar:/home/user/.m2/repository/javax/servlet/javax.servlet-api/3.1.0/javax.servlet-api-3.1.0.jar:/home/user/.m2/repository/org/eclipse/jetty/jetty-server/9.3.25.v20180904/jetty-server-9.3.25.v20180904.jar:/home/user/.m2/repository/org/eclipse/jetty/jetty-http/9.3.25.v20180904/jetty-http-9.3.25.v20180904.jar:/home/user/.m2/repository/org/eclipse/jetty/jetty-io/9.3.25.v20180904/jetty-io-9.3.25.v20180904.jar:/home/user/.m2/repository/org/eclipse/jetty/jetty-webapp/9.3.25.v20180904/jetty-webapp-9.3.25.v20180904.jar:/home/user/.m2/repository/org/eclipse/jetty/jetty-xml/9.3.25.v20180904/jetty-xml-9.3.25.v20180904.jar:/home/user/.m2/repository/log4j/log4j/1.2.17/log4j-1.2.17.jar:/home/user/.m2/repository/org/slf4j/slf4j-api/1.7.25/slf4j-api-1.7.25.jar:/home/user/.m2/repository/org/slf4j/jul-to-slf4j/1.7.25/jul-to-slf4j-1.7.25.jar:/home/user/.m2/repository/org/eclipse/jetty/jetty-util/9.3.25.v20180904/jetty-util-9.3.25.v20180904.jar:/home/user/.m2/repository/com/fasterxml/jackson/core/jackson-databind/2.9.9/jackson-databind-2.9.9.jar:/home/user/.m2/repository/org/apache/hadoop/hadoop-kms/3.2.0/hadoop-kms-3.2.0-tests.jar:/home/user/.m2/repository/org/apache/hadoop/hadoop-hdds-server-scm/0.5.0-SNAPSHOT/hadoop-hdds-server-scm-0.5.0-SNAPSHOT-tests.jar:/home/user/.m2/repository/org/apache/hadoop/hadoop-hdds-container-service/0.5.0-SNAPSHOT/hadoop-hdds-container-service-0.5.0-SNAPSHOT-tests.jar:/home/user/.m2/repository/org/yaml/snakeyaml/1.16/snakeyaml-1.16.jar:/home/user/.m2/repository/org/apache/hadoop/hadoop-common/3.2.0/hadoop-common-3.2.0-tests.jar:/home/user/.m2/repository/org/apache/hadoop/hadoop-annotations/3.2.0/hadoop-annotations-3.2.0.jar:/usr/lib/jvm/java-1.8-openjdk/jre/../lib/tools.jar:/home/user/.m2/repository/commons-cli/commons-cli/1.2/commons-cli-1.2.jar:/home/user/.m2/repository/org/apache/httpcomponents/httpclient/4.5.2/httpclient-4.5.2.jar:/home/user/.m2/repository/org/apache/httpcomponents/httpcore/4.4.4/httpcore-4.4.4.jar:/home/user/.m2/repository/commons-codec/commons-codec/1.11/commons-codec-1.11.jar:/home/user/.m2/repository/commons-net/commons-net/3.6/commons-net-3.6.jar:/home/user/.m2/repository/commons-collections/commons-collections/3.2.2/commons-collections-3.2.2.jar:/home/user/.m2/repository/org/eclipse/jetty/jetty-servlet/9.3.25.v20180904/jetty-servlet-9.3.25.v20180904.jar:/home/user/.m2/repository/org/eclipse/jetty/jetty-security/9.3.25.v20180904/jetty-security-9.3.25.v20180904.jar:/home/user/.m2/repository/javax/servlet/jsp/jsp-api/2.1/jsp-api-2.1.jar:/home/user/.m2/repository/com/sun/jersey/jersey-servlet/1.19/jersey-servlet-1.19.jar:/home/user/.m2/repository/com/sun/jersey/jersey-json/1.19/jersey-json-1.19.jar:/home/user/.m2/repository/org/codehaus/jettison/jettison/1.1/jettison-1.1.jar:/home/user/.m2/repository/org/codehaus/jackson/jackson-core-asl/1.9.13/jackson-core-asl-1.9.13.jar:/home/user/.m2/repository/org/codehaus/jackson/jackson-mapper-asl/1.9.13/jackson-mapper-asl-1.9.13.jar:/home/user/.m2/repository/org/codehaus/jackson/jackson-jaxrs/1.9.13/jackson-jaxrs-1.9.13.jar:/home/user/.m2/repository/org/codehaus/jackson/jackson-xc/1.9.13/jackson-xc-1.9.13.jar:/home/user/.m2/repository/commons-logging/commons-logging/1.1.3/commons-logging-1.1.3.jar:/home/user/.m2/repository/commons-beanutils/commons-beanutils/1.9.4/commons-beanutils-1.9.4.jar:/home/user/.m2/repository/org/apache/commons/commons-configuration2/2.1.1/commons-configuration2-2.1.1.jar:/home/user/.m2/repository/org/apache/commons/commons-lang3/3.7/commons-lang3-3.7.jar:/home/user/.m2/repository/org/apache/commons/commons-text/1.4/commons-text-1.4.jar:/home/user/.m2/repository/org/apache/avro/avro/1.7.7/avro-1.7.7.jar:/home/user/.m2/repository/com/thoughtworks/paranamer/paranamer/2.3/paranamer-2.3.jar:/home/user/.m2/repository/org/xerial/snappy/snappy-java/1.0.5/snappy-java-1.0.5.jar:/home/user/.m2/repository/com/google/re2j/re2j/1.1/re2j-1.1.jar:/home/user/.m2/repository/com/google/code/gson/gson/2.2.4/gson-2.2.4.jar:/home/user/.m2/repository/com/jcraft/jsch/0.1.54/jsch-0.1.54.jar:/home/user/.m2/repository/org/apache/curator/curator-client/2.12.0/curator-client-2.12.0.jar:/home/user/.m2/repository/org/apache/curator/curator-recipes/2.12.0/curator-recipes-2.12.0.jar:/home/user/.m2/repository/com/google/code/findbugs/jsr305/3.0.0/jsr305-3.0.0.jar:/home/user/.m2/repository/org/apache/htrace/htrace-core4/4.1.0-incubating/htrace-core4-4.1.0-incubating.jar:/home/user/.m2/repository/org/apache/zookeeper/zookeeper/3.4.13/zookeeper-3.4.13.jar:/home/user/.m2/repository/jline/jline/0.9.94/jline-0.9.94.jar:/home/user/.m2/repository/org/apache/yetus/audience-annotations/0.5.0/audience-annotations-0.5.0.jar:/home/user/.m2/repository/org/codehaus/woodstox/stax2-api/3.1.4/stax2-api-3.1.4.jar:/home/user/.m2/repository/com/fasterxml/woodstox/woodstox-core/5.0.3/woodstox-core-5.0.3.jar:/home/user/.m2/repository/dnsjava/dnsjava/2.1.7/dnsjava-2.1.7.jar:/home/user/.m2/repository/org/apache/hadoop/hadoop-hdfs/3.2.0/hadoop-hdfs-3.2.0-tests.jar:/home/user/.m2/repository/org/eclipse/jetty/jetty-util-ajax/9.3.25.v20180904/jetty-util-ajax-9.3.25.v20180904.jar:/home/user/.m2/repository/commons-daemon/commons-daemon/1.0.13/commons-daemon-1.0.13.jar:/home/user/.m2/repository/io/netty/netty/3.10.5.Final/netty-3.10.5.Final.jar:/home/user/.m2/repository/io/netty/netty-all/4.0.52.Final/netty-all-4.0.52.Final.jar:/home/user/.m2/repository/org/fusesource/leveldbjni/leveldbjni-all/1.8/leveldbjni-all-1.8.jar:"/>
    <property name="sun.cpu.endian" value="little"/>
    <property name="user.home" value="/home/user"/>
    <property name="user.language" value="en"/>
    <property name="java.specification.vendor" value="Oracle Corporation"/>
    <property name="java.home" value="/usr/lib/jvm/java-1.8-openjdk/jre"/>
    <property name="java.security.krb5.conf" value="/workdir/hadoop-ozone/integration-test/target/test-classes/krb5.conf"/>
    <property name="basedir" value="/workdir/hadoop-ozone/integration-test"/>
    <property name="file.separator" value="/"/>
    <property name="line.separator" value="&#10;"/>
    <property name="java.vm.specification.vendor" value="Oracle Corporation"/>
    <property name="java.specification.name" value="Java Platform API Specification"/>
    <property name="java.awt.graphicsenv" value="sun.awt.X11GraphicsEnvironment"/>
    <property name="surefire.real.class.path" value="/workdir/hadoop-ozone/integration-test/target/surefire/surefirebooter7972217501577484231.jar"/>
    <property name="hadoop.log.dir" value="/workdir/hadoop-ozone/integration-test/target/log"/>
    <property name="sun.boot.class.path" value="/usr/lib/jvm/java-1.8-openjdk/jre/lib/resources.jar:/usr/lib/jvm/java-1.8-openjdk/jre/lib/rt.jar:/usr/lib/jvm/java-1.8-openjdk/jre/lib/sunrsasign.jar:/usr/lib/jvm/java-1.8-openjdk/jre/lib/jsse.jar:/usr/lib/jvm/java-1.8-openjdk/jre/lib/jce.jar:/usr/lib/jvm/java-1.8-openjdk/jre/lib/charsets.jar:/usr/lib/jvm/java-1.8-openjdk/jre/lib/jfr.jar:/usr/lib/jvm/java-1.8-openjdk/jre/classes"/>
    <property name="sun.management.compiler" value="HotSpot 64-Bit Tiered Compilers"/>
    <property name="java.runtime.version" value="1.8.0_212-b04"/>
    <property name="java.net.preferIPv4Stack" value="true"/>
    <property name="user.name" value="jenkins1000"/>
    <property name="path.separator" value=":"/>
    <property name="java.security.egd" value="file:///dev/urandom"/>
    <property name="os.version" value="3.10.0-957.12.2.el7.x86_64"/>
    <property name="java.endorsed.dirs" value="/usr/lib/jvm/java-1.8-openjdk/jre/lib/endorsed"/>
    <property name="java.runtime.name" value="OpenJDK Runtime Environment"/>
    <property name="file.encoding" value="UTF-8"/>
    <property name="java.vm.name" value="OpenJDK 64-Bit Server VM"/>
    <property name="test.build.webapps" value=""/>
    <property name="localRepository" value="/home/user/.m2/repository"/>
    <property name="java.vendor.url.bug" value="https://icedtea.classpath.org/bugzilla"/>
    <property name="java.io.tmpdir" value="/tmp"/>
    <property name="require.test.libhadoop" value=""/>
    <property name="java.version" value="1.8.0_212"/>
    <property name="user.dir" value="/workdir/hadoop-ozone/integration-test"/>
    <property name="os.arch" value="amd64"/>
    <property name="java.vm.specification.name" value="Java Virtual Machine Specification"/>
    <property name="test.build.classes" value="/workdir/hadoop-ozone/integration-test/target/test-classes"/>
    <property name="java.awt.printerjob" value="sun.print.PSPrinterJob"/>
    <property name="sun.os.patch.level" value="unknown"/>
    <property name="hadoop.tmp.dir" value="/workdir/hadoop-ozone/integration-test/target/tmp"/>
    <property name="java.library.path" value="/usr/lib/jvm/java-1.8-openjdk/jre/lib/amd64/server:/usr/lib/jvm/java-1.8-openjdk/jre/lib/amd64:/usr/lib/jvm/java-1.8-openjdk/jre/../lib/amd64:/workdir/hadoop-ozone/integration-test/target/native/target/usr/local/lib:/workdir/hadoop-ozone/integration-test/../../hadoop-common-project/hadoop-common/target/native/target/usr/local/lib:/usr/java/packages/lib/amd64:/usr/lib64:/lib64:/lib:/usr/lib"/>
    <property name="java.vm.info" value="mixed mode"/>
    <property name="java.vendor" value="IcedTea"/>
    <property name="java.vm.version" value="25.212-b04"/>
    <property name="java.ext.dirs" value="/usr/lib/jvm/java-1.8-openjdk/jre/lib/ext:/usr/java/packages/lib/ext"/>
    <property name="sun.io.unicode.encoding" value="UnicodeLittle"/>
    <property name="java.class.version" value="52.0"/>
  </properties>
  <testcase name="test2DatanodesFailure" classname="org.apache.hadoop.ozone.client.rpc.TestBlockOutputStreamWithFailures" time="111.866"/>
  <testcase name="testDatanodeFailureWithPreAllocation" classname="org.apache.hadoop.ozone.client.rpc.TestBlockOutputStreamWithFailures" time="222.521"/>
  <testcase name="testDatanodeFailureWithSingleNodeRatis" classname="org.apache.hadoop.ozone.client.rpc.TestBlockOutputStreamWithFailures" time="221.69"/>
  <testcase name="testWatchForCommitWithSingleNodeRatis" classname="org.apache.hadoop.ozone.client.rpc.TestBlockOutputStreamWithFailures" time="34.945"/>
  <testcase name="testWatchForCommitDatanodeFailure" classname="org.apache.hadoop.ozone.client.rpc.TestBlockOutputStreamWithFailures" time="42.064">
    <failure message="expected:&lt;2&gt; but was:&lt;3&gt;" type="java.lang.AssertionError"><![CDATA[java.lang.AssertionError: expected:<2> but was:<3>
	at org.junit.Assert.fail(Assert.java:88)
	at org.junit.Assert.failNotEquals(Assert.java:743)
	at org.junit.Assert.assertEquals(Assert.java:118)
	at org.junit.Assert.assertEquals(Assert.java:555)
	at org.junit.Assert.assertEquals(Assert.java:542)
	at org.apache.hadoop.ozone.client.rpc.TestBlockOutputStreamWithFailures.testWatchForCommitDatanodeFailure(TestBlockOutputStreamWithFailures.java:366)
	at sun.reflect.NativeMethodAccessorImpl.invoke0(Native Method)
	at sun.reflect.NativeMethodAccessorImpl.invoke(NativeMethodAccessorImpl.java:62)
	at sun.reflect.DelegatingMethodAccessorImpl.invoke(DelegatingMethodAccessorImpl.java:43)
	at java.lang.reflect.Method.invoke(Method.java:498)
	at org.junit.runners.model.FrameworkMethod$1.runReflectiveCall(FrameworkMethod.java:47)
	at org.junit.internal.runners.model.ReflectiveCallable.run(ReflectiveCallable.java:12)
	at org.junit.runners.model.FrameworkMethod.invokeExplosively(FrameworkMethod.java:44)
	at org.junit.internal.runners.statements.InvokeMethod.evaluate(InvokeMethod.java:17)
	at org.junit.internal.runners.statements.RunBefores.evaluate(RunBefores.java:26)
	at org.junit.internal.runners.statements.RunAfters.evaluate(RunAfters.java:27)
	at org.junit.runners.ParentRunner.runLeaf(ParentRunner.java:271)
	at org.junit.runners.BlockJUnit4ClassRunner.runChild(BlockJUnit4ClassRunner.java:70)
	at org.junit.runners.BlockJUnit4ClassRunner.runChild(BlockJUnit4ClassRunner.java:50)
	at org.junit.runners.ParentRunner$3.run(ParentRunner.java:238)
	at org.junit.runners.ParentRunner$1.schedule(ParentRunner.java:63)
	at org.junit.runners.ParentRunner.runChildren(ParentRunner.java:236)
	at org.junit.runners.ParentRunner.access$000(ParentRunner.java:53)
	at org.junit.runners.ParentRunner$2.evaluate(ParentRunner.java:229)
	at org.junit.runners.ParentRunner.run(ParentRunner.java:309)
	at org.apache.maven.surefire.junit4.JUnit4Provider.execute(JUnit4Provider.java:365)
	at org.apache.maven.surefire.junit4.JUnit4Provider.executeWithRerun(JUnit4Provider.java:273)
	at org.apache.maven.surefire.junit4.JUnit4Provider.executeTestSet(JUnit4Provider.java:238)
	at org.apache.maven.surefire.junit4.JUnit4Provider.invoke(JUnit4Provider.java:159)
	at org.apache.maven.surefire.booter.ForkedBooter.invokeProviderInSameClassLoader(ForkedBooter.java:384)
	at org.apache.maven.surefire.booter.ForkedBooter.runSuitesInProcess(ForkedBooter.java:345)
	at org.apache.maven.surefire.booter.ForkedBooter.execute(ForkedBooter.java:126)
	at org.apache.maven.surefire.booter.ForkedBooter.main(ForkedBooter.java:418)
]]></failure>
    <system-out><![CDATA[2019-10-02 20:07:08,848 [main] WARN  server.ServerUtils (ServerUtils.java:getScmDbDir(145)) - ozone.scm.db.dirs is not configured. We recommend adding this setting. Falling back to ozone.metadata.dirs instead.
2019-10-02 20:07:08,863 [main] WARN  server.ServerUtils (ServerUtils.java:getScmDbDir(145)) - ozone.scm.db.dirs is not configured. We recommend adding this setting. Falling back to ozone.metadata.dirs instead.
2019-10-02 20:07:08,864 [main] WARN  server.ServerUtils (ServerUtils.java:getScmDbDir(145)) - ozone.scm.db.dirs is not configured. We recommend adding this setting. Falling back to ozone.metadata.dirs instead.
2019-10-02 20:07:08,864 [main] INFO  db.DBStoreBuilder (DBStoreBuilder.java:addTable(110)) - using custom profile for table: deletedBlocks
2019-10-02 20:07:08,864 [main] INFO  db.DBStoreBuilder (DBStoreBuilder.java:processTables(161)) - Using default column profile:DBProfile.DISK for Table:deletedBlocks
2019-10-02 20:07:08,864 [main] INFO  db.DBStoreBuilder (DBStoreBuilder.java:addTable(110)) - using custom profile for table: validCerts
2019-10-02 20:07:08,864 [main] INFO  db.DBStoreBuilder (DBStoreBuilder.java:processTables(161)) - Using default column profile:DBProfile.DISK for Table:validCerts
2019-10-02 20:07:08,865 [main] INFO  db.DBStoreBuilder (DBStoreBuilder.java:addTable(110)) - using custom profile for table: revokedCerts
2019-10-02 20:07:08,865 [main] INFO  db.DBStoreBuilder (DBStoreBuilder.java:processTables(161)) - Using default column profile:DBProfile.DISK for Table:revokedCerts
2019-10-02 20:07:08,865 [main] INFO  db.DBStoreBuilder (DBStoreBuilder.java:addTable(110)) - using custom profile for table: default
2019-10-02 20:07:08,865 [main] INFO  db.DBStoreBuilder (DBStoreBuilder.java:processTables(167)) - Using default column profile:DBProfile.DISK for Table:default
2019-10-02 20:07:08,865 [main] INFO  db.DBStoreBuilder (DBStoreBuilder.java:getDbProfile(198)) - Using default options. DBProfile.DISK
2019-10-02 20:07:09,015 [main] INFO  net.NodeSchemaLoader (NodeSchemaLoader.java:loadSchemaFromFile(125)) - Loading file from sun.misc.CompoundEnumeration@5a9840f3
2019-10-02 20:07:09,015 [main] INFO  net.NodeSchemaLoader (NodeSchemaLoader.java:loadSchema(171)) - Loading network topology layer schema file
2019-10-02 20:07:09,020 [main] INFO  node.SCMNodeManager (SCMNodeManager.java:<init>(114)) - Entering startup safe mode.
2019-10-02 20:07:09,021 [main] INFO  algorithms.ContainerPlacementPolicyFactory (ContainerPlacementPolicyFactory.java:getPolicy(57)) - Create container placement policy of type org.apache.hadoop.hdds.scm.container.placement.algorithms.SCMContainerPlacementRandom
2019-10-02 20:07:09,022 [main] WARN  server.ServerUtils (ServerUtils.java:getScmDbDir(145)) - ozone.scm.db.dirs is not configured. We recommend adding this setting. Falling back to ozone.metadata.dirs instead.
2019-10-02 20:07:09,051 [main] INFO  pipeline.SCMPipelineManager (SCMPipelineManager.java:initializePipelineState(132)) - No pipeline exists in current db
2019-10-02 20:07:09,052 [main] WARN  server.ServerUtils (ServerUtils.java:getScmDbDir(145)) - ozone.scm.db.dirs is not configured. We recommend adding this setting. Falling back to ozone.metadata.dirs instead.
2019-10-02 20:07:09,073 [main] WARN  events.EventQueue (EventQueue.java:fireEvent(183)) - No event handler registered for event TypedEvent{payloadType=SafeModeStatus, name='SafeModeStatus'}
2019-10-02 20:07:09,074 [main] INFO  ipc.CallQueueManager (CallQueueManager.java:<init>(84)) - Using callQueue: class java.util.concurrent.LinkedBlockingQueue, queueCapacity: 2000, scheduler: class org.apache.hadoop.ipc.DefaultRpcScheduler, ipcBackoff: false.
2019-10-02 20:07:09,075 [Socket Reader #1 for port 36204] INFO  ipc.Server (Server.java:run(1074)) - Starting Socket Reader #1 for port 36204
2019-10-02 20:07:09,077 [main] INFO  ipc.CallQueueManager (CallQueueManager.java:<init>(84)) - Using callQueue: class java.util.concurrent.LinkedBlockingQueue, queueCapacity: 2000, scheduler: class org.apache.hadoop.ipc.DefaultRpcScheduler, ipcBackoff: false.
2019-10-02 20:07:09,078 [Socket Reader #1 for port 41020] INFO  ipc.Server (Server.java:run(1074)) - Starting Socket Reader #1 for port 41020
2019-10-02 20:07:09,079 [main] INFO  ipc.CallQueueManager (CallQueueManager.java:<init>(84)) - Using callQueue: class java.util.concurrent.LinkedBlockingQueue, queueCapacity: 2000, scheduler: class org.apache.hadoop.ipc.DefaultRpcScheduler, ipcBackoff: false.
2019-10-02 20:07:09,080 [Socket Reader #1 for port 44408] INFO  ipc.Server (Server.java:run(1074)) - Starting Socket Reader #1 for port 44408
2019-10-02 20:07:09,082 [main] INFO  hdfs.DFSUtil (DFSUtil.java:httpServerTemplateForNNAndJN(1641)) - Starting Web-server for scm at: http://0.0.0.0:0
2019-10-02 20:07:09,084 [main] INFO  server.AuthenticationFilter (AuthenticationFilter.java:constructSecretProvider(240)) - Unable to initialize FileSignerSecretProvider, falling back to use random secrets.
2019-10-02 20:07:09,085 [main] WARN  http.HttpRequestLog (HttpRequestLog.java:getRequestLog(97)) - Jetty request log can only be enabled using Log4j
2019-10-02 20:07:09,087 [main] INFO  http.HttpServer2 (HttpServer2.java:addGlobalFilter(975)) - Added global filter 'safety' (class=org.apache.hadoop.http.HttpServer2$QuotingInputFilter)
2019-10-02 20:07:09,088 [main] INFO  http.HttpServer2 (HttpServer2.java:addFilter(948)) - Added filter static_user_filter (class=org.apache.hadoop.http.lib.StaticUserWebFilter$StaticUserFilter) to context scm
2019-10-02 20:07:09,088 [main] INFO  http.HttpServer2 (HttpServer2.java:addFilter(958)) - Added filter static_user_filter (class=org.apache.hadoop.http.lib.StaticUserWebFilter$StaticUserFilter) to context logs
2019-10-02 20:07:09,089 [main] INFO  http.HttpServer2 (HttpServer2.java:addFilter(958)) - Added filter static_user_filter (class=org.apache.hadoop.http.lib.StaticUserWebFilter$StaticUserFilter) to context static
2019-10-02 20:07:09,091 [main] INFO  server.StorageContainerManager (StorageContainerManager.java:start(770)) - StorageContainerLocationProtocol RPC server is listening at /0.0.0.0:44408
2019-10-02 20:07:09,094 [main] WARN  impl.MetricsConfig (MetricsConfig.java:loadFirst(134)) - Cannot locate configuration: tried hadoop-metrics2-storagecontainermanager.properties,hadoop-metrics2.properties
2019-10-02 20:07:09,094 [main] INFO  impl.MetricsSystemImpl (MetricsSystemImpl.java:startTimer(374)) - Scheduled Metric snapshot period at 10 second(s).
2019-10-02 20:07:09,095 [main] INFO  impl.MetricsSystemImpl (MetricsSystemImpl.java:start(191)) - StorageContainerManager metrics system started
2019-10-02 20:07:09,156 [main] WARN  impl.MetricsSystemImpl (MetricsSystemImpl.java:register(276)) - Sink prometheus already exists!
2019-10-02 20:07:09,225 [main] INFO  server.SCMClientProtocolServer (SCMClientProtocolServer.java:start(150)) - RPC server for Client  is listening at /0.0.0.0:44408
2019-10-02 20:07:09,226 [IPC Server Responder] INFO  ipc.Server (Server.java:run(1314)) - IPC Server Responder: starting
2019-10-02 20:07:09,226 [IPC Server listener on 44408] INFO  ipc.Server (Server.java:run(1153)) - IPC Server listener on 44408: starting
2019-10-02 20:07:09,228 [main] INFO  server.StorageContainerManager (StorageContainerManager.java:start(780)) - ScmBlockLocationProtocol RPC server is listening at /0.0.0.0:41020
2019-10-02 20:07:09,229 [main] INFO  server.SCMBlockProtocolServer (SCMBlockProtocolServer.java:start(146)) - RPC server for Block Protocol is listening at /0.0.0.0:41020
2019-10-02 20:07:09,229 [IPC Server listener on 41020] INFO  ipc.Server (Server.java:run(1153)) - IPC Server listener on 41020: starting
2019-10-02 20:07:09,229 [IPC Server Responder] INFO  ipc.Server (Server.java:run(1314)) - IPC Server Responder: starting
2019-10-02 20:07:09,232 [main] INFO  server.StorageContainerManager (StorageContainerManager.java:start(784)) - ScmDatanodeProtocl RPC server is listening at /0.0.0.0:36204
2019-10-02 20:07:09,232 [main] INFO  server.SCMDatanodeProtocolServer (SCMDatanodeProtocolServer.java:start(191)) - RPC server for DataNodes is listening at /0.0.0.0:36204
2019-10-02 20:07:09,232 [IPC Server Responder] INFO  ipc.Server (Server.java:run(1314)) - IPC Server Responder: starting
2019-10-02 20:07:09,232 [IPC Server listener on 36204] INFO  ipc.Server (Server.java:run(1153)) - IPC Server listener on 36204: starting
2019-10-02 20:07:09,235 [main] INFO  http.HttpServer2 (HttpServer2.java:bindListener(1191)) - Jetty bound to port 37548
2019-10-02 20:07:09,235 [main] INFO  server.Server (Server.java:doStart(351)) - jetty-9.3.25.v20180904, build timestamp: 2018-09-04T21:11:46Z, git hash: 3ce520221d0240229c862b122d2b06c12a625732
2019-10-02 20:07:09,237 [main] INFO  handler.ContextHandler (ContextHandler.java:doStart(781)) - Started o.e.j.s.ServletContextHandler@5c8d58ed{/logs,file:///workdir/hadoop-ozone/integration-test/target/log,AVAILABLE}
2019-10-02 20:07:09,238 [main] INFO  handler.ContextHandler (ContextHandler.java:doStart(781)) - Started o.e.j.s.ServletContextHandler@28be7fec{/static,file:///workdir/hadoop-ozone/integration-test/target/test-classes/webapps/static,AVAILABLE}
2019-10-02 20:07:09,241 [main] INFO  handler.ContextHandler (ContextHandler.java:doStart(781)) - Started o.e.j.w.WebAppContext@37d28938{/,file:///workdir/hadoop-ozone/integration-test/target/test-classes/webapps/scm/,AVAILABLE}{/scm}
2019-10-02 20:07:09,241 [main] INFO  server.AbstractConnector (AbstractConnector.java:doStart(278)) - Started ServerConnector@7d0cd23c{HTTP/1.1,[http/1.1]}{0.0.0.0:37548}
2019-10-02 20:07:09,243 [main] INFO  server.Server (Server.java:doStart(419)) - Started @592023ms
2019-10-02 20:07:09,243 [main] WARN  impl.MetricsSystemImpl (MetricsSystemImpl.java:register(276)) - Sink prometheus already exists!
2019-10-02 20:07:09,244 [main] INFO  server.BaseHttpServer (BaseHttpServer.java:updateConnectorAddress(215)) - HTTP server of SCM is listening at http://0.0.0.0:37548
2019-10-02 20:07:09,245 [main] WARN  server.ServerUtils (ServerUtils.java:getDBPath(222)) - ozone.om.db.dirs is not configured. We recommend adding this setting. Falling back to ozone.metadata.dirs instead.
2019-10-02 20:07:09,245 [org.apache.hadoop.util.JvmPauseMonitor$Monitor@6b0f266e] INFO  util.JvmPauseMonitor (JvmPauseMonitor.java:run(188)) - Starting JVM pause monitor
2019-10-02 20:07:09,258 [main] WARN  server.ServerUtils (ServerUtils.java:getDBPath(222)) - ozone.om.db.dirs is not configured. We recommend adding this setting. Falling back to ozone.metadata.dirs instead.
2019-10-02 20:07:09,259 [main] WARN  server.ServerUtils (ServerUtils.java:getDBPath(222)) - ozone.om.db.dirs is not configured. We recommend adding this setting. Falling back to ozone.metadata.dirs instead.
2019-10-02 20:07:09,259 [main] INFO  om.OzoneManager (OzoneManager.java:setOMNodeDetails(652)) - OM Service ID is not set. Setting it to the default ID: omServiceIdDefault
2019-10-02 20:07:09,259 [main] INFO  om.OzoneManager (OzoneManager.java:setOMNodeDetails(658)) - OM Node ID is not set. Setting it to the OmStorage's OmID: 94ea83d7-bbcb-4229-9e83-cf501b760fd2
2019-10-02 20:07:09,259 [main] INFO  om.OzoneManager (OzoneManager.java:loadOMHAConfigs(609)) - Found matching OM address with OMServiceId: null, OMNodeId: null, RPC Address: localhost:0 and Ratis port: 9872
2019-10-02 20:07:09,265 [main] WARN  server.ServerUtils (ServerUtils.java:getDBPath(222)) - ozone.om.db.dirs is not configured. We recommend adding this setting. Falling back to ozone.metadata.dirs instead.
2019-10-02 20:07:09,265 [main] INFO  db.DBStoreBuilder (DBStoreBuilder.java:addTable(110)) - using custom profile for table: userTable
2019-10-02 20:07:09,265 [main] INFO  db.DBStoreBuilder (DBStoreBuilder.java:processTables(161)) - Using default column profile:DBProfile.DISK for Table:userTable
2019-10-02 20:07:09,265 [main] INFO  db.DBStoreBuilder (DBStoreBuilder.java:addTable(110)) - using custom profile for table: volumeTable
2019-10-02 20:07:09,266 [main] INFO  db.DBStoreBuilder (DBStoreBuilder.java:processTables(161)) - Using default column profile:DBProfile.DISK for Table:volumeTable
2019-10-02 20:07:09,266 [main] INFO  db.DBStoreBuilder (DBStoreBuilder.java:addTable(110)) - using custom profile for table: bucketTable
2019-10-02 20:07:09,266 [main] INFO  db.DBStoreBuilder (DBStoreBuilder.java:processTables(161)) - Using default column profile:DBProfile.DISK for Table:bucketTable
2019-10-02 20:07:09,266 [main] INFO  db.DBStoreBuilder (DBStoreBuilder.java:addTable(110)) - using custom profile for table: keyTable
2019-10-02 20:07:09,266 [main] INFO  db.DBStoreBuilder (DBStoreBuilder.java:processTables(161)) - Using default column profile:DBProfile.DISK for Table:keyTable
2019-10-02 20:07:09,266 [main] INFO  db.DBStoreBuilder (DBStoreBuilder.java:addTable(110)) - using custom profile for table: deletedTable
2019-10-02 20:07:09,267 [main] INFO  db.DBStoreBuilder (DBStoreBuilder.java:processTables(161)) - Using default column profile:DBProfile.DISK for Table:deletedTable
2019-10-02 20:07:09,267 [main] INFO  db.DBStoreBuilder (DBStoreBuilder.java:addTable(110)) - using custom profile for table: openKeyTable
2019-10-02 20:07:09,267 [main] INFO  db.DBStoreBuilder (DBStoreBuilder.java:processTables(161)) - Using default column profile:DBProfile.DISK for Table:openKeyTable
2019-10-02 20:07:09,267 [main] INFO  db.DBStoreBuilder (DBStoreBuilder.java:addTable(110)) - using custom profile for table: s3Table
2019-10-02 20:07:09,267 [main] INFO  db.DBStoreBuilder (DBStoreBuilder.java:processTables(161)) - Using default column profile:DBProfile.DISK for Table:s3Table
2019-10-02 20:07:09,267 [main] INFO  db.DBStoreBuilder (DBStoreBuilder.java:addTable(110)) - using custom profile for table: multipartInfoTable
2019-10-02 20:07:09,267 [main] INFO  db.DBStoreBuilder (DBStoreBuilder.java:processTables(161)) - Using default column profile:DBProfile.DISK for Table:multipartInfoTable
2019-10-02 20:07:09,268 [main] INFO  db.DBStoreBuilder (DBStoreBuilder.java:addTable(110)) - using custom profile for table: dTokenTable
2019-10-02 20:07:09,268 [main] INFO  db.DBStoreBuilder (DBStoreBuilder.java:processTables(161)) - Using default column profile:DBProfile.DISK for Table:dTokenTable
2019-10-02 20:07:09,268 [main] INFO  db.DBStoreBuilder (DBStoreBuilder.java:addTable(110)) - using custom profile for table: s3SecretTable
2019-10-02 20:07:09,268 [main] INFO  db.DBStoreBuilder (DBStoreBuilder.java:processTables(161)) - Using default column profile:DBProfile.DISK for Table:s3SecretTable
2019-10-02 20:07:09,268 [main] INFO  db.DBStoreBuilder (DBStoreBuilder.java:addTable(110)) - using custom profile for table: prefixTable
2019-10-02 20:07:09,268 [main] INFO  db.DBStoreBuilder (DBStoreBuilder.java:processTables(161)) - Using default column profile:DBProfile.DISK for Table:prefixTable
2019-10-02 20:07:09,269 [main] INFO  db.DBStoreBuilder (DBStoreBuilder.java:addTable(110)) - using custom profile for table: default
2019-10-02 20:07:09,269 [main] INFO  db.DBStoreBuilder (DBStoreBuilder.java:processTables(167)) - Using default column profile:DBProfile.DISK for Table:default
2019-10-02 20:07:09,269 [main] INFO  db.DBStoreBuilder (DBStoreBuilder.java:getDbProfile(198)) - Using default options. DBProfile.DISK
2019-10-02 20:07:09,703 [main] INFO  ipc.CallQueueManager (CallQueueManager.java:<init>(84)) - Using callQueue: class java.util.concurrent.LinkedBlockingQueue, queueCapacity: 2000, scheduler: class org.apache.hadoop.ipc.DefaultRpcScheduler, ipcBackoff: false.
2019-10-02 20:07:09,704 [Socket Reader #1 for port 33329] INFO  ipc.Server (Server.java:run(1074)) - Starting Socket Reader #1 for port 33329
2019-10-02 20:07:09,717 [main] INFO  om.OzoneManager (OzoneManager.java:start(1243)) - OzoneManager RPC server is listening at localhost/127.0.0.1:33329
2019-10-02 20:07:09,717 [main] INFO  impl.MetricsSystemImpl (MetricsSystemImpl.java:init(158)) - OzoneManager metrics system started (again)
2019-10-02 20:07:09,718 [IPC Server Responder] INFO  ipc.Server (Server.java:run(1314)) - IPC Server Responder: starting
2019-10-02 20:07:09,718 [IPC Server listener on 33329] INFO  ipc.Server (Server.java:run(1153)) - IPC Server listener on 33329: starting
2019-10-02 20:07:09,724 [main] INFO  hdfs.DFSUtil (DFSUtil.java:httpServerTemplateForNNAndJN(1641)) - Starting Web-server for ozoneManager at: http://0.0.0.0:0
2019-10-02 20:07:09,726 [main] INFO  server.AuthenticationFilter (AuthenticationFilter.java:constructSecretProvider(240)) - Unable to initialize FileSignerSecretProvider, falling back to use random secrets.
2019-10-02 20:07:09,726 [main] WARN  http.HttpRequestLog (HttpRequestLog.java:getRequestLog(97)) - Jetty request log can only be enabled using Log4j
2019-10-02 20:07:09,728 [main] INFO  http.HttpServer2 (HttpServer2.java:addGlobalFilter(975)) - Added global filter 'safety' (class=org.apache.hadoop.http.HttpServer2$QuotingInputFilter)
2019-10-02 20:07:09,728 [main] INFO  http.HttpServer2 (HttpServer2.java:addFilter(948)) - Added filter static_user_filter (class=org.apache.hadoop.http.lib.StaticUserWebFilter$StaticUserFilter) to context ozoneManager
2019-10-02 20:07:09,728 [main] INFO  http.HttpServer2 (HttpServer2.java:addFilter(958)) - Added filter static_user_filter (class=org.apache.hadoop.http.lib.StaticUserWebFilter$StaticUserFilter) to context static
2019-10-02 20:07:09,728 [main] INFO  http.HttpServer2 (HttpServer2.java:addFilter(958)) - Added filter static_user_filter (class=org.apache.hadoop.http.lib.StaticUserWebFilter$StaticUserFilter) to context logs
2019-10-02 20:07:09,729 [main] INFO  http.HttpServer2 (HttpServer2.java:bindListener(1191)) - Jetty bound to port 41607
2019-10-02 20:07:09,729 [main] INFO  server.Server (Server.java:doStart(351)) - jetty-9.3.25.v20180904, build timestamp: 2018-09-04T21:11:46Z, git hash: 3ce520221d0240229c862b122d2b06c12a625732
2019-10-02 20:07:09,730 [main] INFO  handler.ContextHandler (ContextHandler.java:doStart(781)) - Started o.e.j.s.ServletContextHandler@6f50d55c{/logs,file:///workdir/hadoop-ozone/integration-test/target/log,AVAILABLE}
2019-10-02 20:07:09,731 [main] INFO  handler.ContextHandler (ContextHandler.java:doStart(781)) - Started o.e.j.s.ServletContextHandler@5fb3111a{/static,file:///workdir/hadoop-ozone/integration-test/target/test-classes/webapps/static,AVAILABLE}
2019-10-02 20:07:09,734 [main] INFO  handler.ContextHandler (ContextHandler.java:doStart(781)) - Started o.e.j.w.WebAppContext@3487442d{/,file:///workdir/hadoop-ozone/integration-test/target/test-classes/webapps/ozoneManager/,AVAILABLE}{/ozoneManager}
2019-10-02 20:07:09,734 [main] INFO  server.AbstractConnector (AbstractConnector.java:doStart(278)) - Started ServerConnector@530ee28b{HTTP/1.1,[http/1.1]}{0.0.0.0:41607}
2019-10-02 20:07:09,735 [main] INFO  server.Server (Server.java:doStart(419)) - Started @592515ms
2019-10-02 20:07:09,735 [main] WARN  impl.MetricsSystemImpl (MetricsSystemImpl.java:register(276)) - Sink prometheus already exists!
2019-10-02 20:07:09,736 [main] INFO  server.BaseHttpServer (BaseHttpServer.java:updateConnectorAddress(215)) - HTTP server of OZONEMANAGER is listening at http://0.0.0.0:41607
2019-10-02 20:07:09,748 [main] INFO  impl.MetricsSystemImpl (MetricsSystemImpl.java:init(158)) - HddsDatanode metrics system started (again)
2019-10-02 20:07:09,750 [main] INFO  ozone.HddsDatanodeService (HddsDatanodeService.java:start(184)) - HddsDatanodeService host:pr-hdds-2198-qvzm8-602720389 ip:192.168.151.67
2019-10-02 20:07:09,755 [main] INFO  volume.HddsVolume (HddsVolume.java:<init>(176)) - Creating Volume: /workdir/hadoop-ozone/integration-test/target/test-dir/MiniOzoneClusterImpl-11e04269-4a3b-41a8-a8d0-fcdf29918043/datanode-0/data/containers/hdds of  storage type : DISK and capacity : 1482555576320
2019-10-02 20:07:09,755 [main] INFO  volume.VolumeSet (VolumeSet.java:initializeVolumeSet(170)) - Added Volume : /workdir/hadoop-ozone/integration-test/target/test-dir/MiniOzoneClusterImpl-11e04269-4a3b-41a8-a8d0-fcdf29918043/datanode-0/data/containers/hdds to VolumeSet
2019-10-02 20:07:09,756 [main] INFO  volume.ThrottledAsyncChecker (ThrottledAsyncChecker.java:schedule(139)) - Scheduling a check for org.apache.hadoop.ozone.container.common.volume.HddsVolume@5b48f0f4
2019-10-02 20:07:09,756 [main] INFO  volume.HddsVolumeChecker (HddsVolumeChecker.java:checkAllVolumes(202)) - Scheduled health check for volume org.apache.hadoop.ozone.container.common.volume.HddsVolume@5b48f0f4
2019-10-02 20:07:09,769 [main] INFO  impl.RaftServerProxy (ConfUtils.java:logGet(43)) - raft.rpc.type = GRPC (default)
2019-10-02 20:07:09,769 [main] INFO  grpc.GrpcFactory (GrpcFactory.java:checkPooledByteBufAllocatorUseCacheForAllThreads(45)) - PERFORMANCE WARNING: useCacheForAllThreads is true that may cause Netty to create a lot garbage objects and, as a result, trigger GC.
	It is recommended to disable useCacheForAllThreads by setting -Dorg.apache.ratis.thirdparty.io.netty.allocator.useCacheForAllThreads=false in command line.
2019-10-02 20:07:09,770 [main] INFO  grpc.GrpcConfigKeys$Server (ConfUtils.java:logGet(43)) - raft.grpc.server.port = 0 (default)
2019-10-02 20:07:09,770 [main] INFO  server.GrpcService (ConfUtils.java:logGet(43)) - raft.grpc.message.size.max = 33570816 (custom)
2019-10-02 20:07:09,771 [main] INFO  server.RaftServerConfigKeys (ConfUtils.java:logGet(43)) - raft.server.log.appender.buffer.byte-limit = 33554432 (custom)
2019-10-02 20:07:09,771 [main] INFO  server.GrpcService (ConfUtils.java:logGet(43)) - raft.grpc.flow.control.window = 1MB (=1048576) (default)
2019-10-02 20:07:09,772 [main] INFO  server.RaftServerConfigKeys (ConfUtils.java:logGet(43)) - raft.server.rpc.request.timeout = 3000ms (default)
2019-10-02 20:07:09,773 [main] INFO  server.RaftServerConfigKeys (ConfUtils.java:logGet(43)) - raft.server.storage.dir = [/workdir/hadoop-ozone/integration-test/target/test-dir/MiniOzoneClusterImpl-11e04269-4a3b-41a8-a8d0-fcdf29918043/datanode-0/data/ratis] (custom)
2019-10-02 20:07:09,775 [main] INFO  hdfs.DFSUtil (DFSUtil.java:httpServerTemplateForNNAndJN(1641)) - Starting Web-server for hddsDatanode at: http://0.0.0.0:0
2019-10-02 20:07:09,776 [main] INFO  server.AuthenticationFilter (AuthenticationFilter.java:constructSecretProvider(240)) - Unable to initialize FileSignerSecretProvider, falling back to use random secrets.
2019-10-02 20:07:09,776 [main] WARN  http.HttpRequestLog (HttpRequestLog.java:getRequestLog(97)) - Jetty request log can only be enabled using Log4j
2019-10-02 20:07:09,777 [main] INFO  http.HttpServer2 (HttpServer2.java:addGlobalFilter(975)) - Added global filter 'safety' (class=org.apache.hadoop.http.HttpServer2$QuotingInputFilter)
2019-10-02 20:07:09,778 [main] INFO  http.HttpServer2 (HttpServer2.java:addFilter(948)) - Added filter static_user_filter (class=org.apache.hadoop.http.lib.StaticUserWebFilter$StaticUserFilter) to context hddsDatanode
2019-10-02 20:07:09,778 [main] INFO  http.HttpServer2 (HttpServer2.java:addFilter(958)) - Added filter static_user_filter (class=org.apache.hadoop.http.lib.StaticUserWebFilter$StaticUserFilter) to context static
2019-10-02 20:07:09,778 [main] INFO  http.HttpServer2 (HttpServer2.java:addFilter(958)) - Added filter static_user_filter (class=org.apache.hadoop.http.lib.StaticUserWebFilter$StaticUserFilter) to context logs
2019-10-02 20:07:09,779 [main] INFO  http.HttpServer2 (HttpServer2.java:bindListener(1191)) - Jetty bound to port 37497
2019-10-02 20:07:09,779 [main] INFO  server.Server (Server.java:doStart(351)) - jetty-9.3.25.v20180904, build timestamp: 2018-09-04T21:11:46Z, git hash: 3ce520221d0240229c862b122d2b06c12a625732
2019-10-02 20:07:09,781 [main] INFO  handler.ContextHandler (ContextHandler.java:doStart(781)) - Started o.e.j.s.ServletContextHandler@310d57b1{/logs,file:///workdir/hadoop-ozone/integration-test/target/log,AVAILABLE}
2019-10-02 20:07:09,781 [main] INFO  handler.ContextHandler (ContextHandler.java:doStart(781)) - Started o.e.j.s.ServletContextHandler@18ffca6c{/static,jar:file:/home/user/.m2/repository/org/apache/hadoop/hadoop-hdds-container-service/0.5.0-SNAPSHOT/hadoop-hdds-container-service-0.5.0-SNAPSHOT.jar!/webapps/static,AVAILABLE}
2019-10-02 20:07:09,814 [main] INFO  handler.ContextHandler (ContextHandler.java:doStart(781)) - Started o.e.j.w.WebAppContext@c48b543{/,file:///tmp/jetty-0.0.0.0-37497-hddsDatanode-_-any-7418277332875532322.dir/webapp/,AVAILABLE}{/hddsDatanode}
2019-10-02 20:07:09,814 [main] INFO  server.AbstractConnector (AbstractConnector.java:doStart(278)) - Started ServerConnector@75793f17{HTTP/1.1,[http/1.1]}{0.0.0.0:37497}
2019-10-02 20:07:09,816 [main] INFO  server.Server (Server.java:doStart(419)) - Started @592596ms
2019-10-02 20:07:09,816 [main] WARN  impl.MetricsSystemImpl (MetricsSystemImpl.java:register(276)) - Sink prometheus already exists!
2019-10-02 20:07:09,817 [main] INFO  server.BaseHttpServer (BaseHttpServer.java:updateConnectorAddress(215)) - HTTP server of HDDSDATANODE is listening at http://0.0.0.0:37497
2019-10-02 20:07:09,817 [main] INFO  impl.MetricsSystemImpl (MetricsSystemImpl.java:init(158)) - HddsDatanode metrics system started (again)
2019-10-02 20:07:09,820 [org.apache.hadoop.util.JvmPauseMonitor$Monitor@63797323] INFO  util.JvmPauseMonitor (JvmPauseMonitor.java:run(188)) - Starting JVM pause monitor
2019-10-02 20:07:09,820 [main] INFO  ozone.HddsDatanodeService (HddsDatanodeService.java:start(184)) - HddsDatanodeService host:pr-hdds-2198-qvzm8-602720389 ip:192.168.151.67
2019-10-02 20:07:09,821 [Datanode State Machine Thread - 0] INFO  datanode.InitDatanodeState (InitDatanodeState.java:persistContainerDatanodeDetails(140)) - DatanodeDetails is persisted to /workdir/hadoop-ozone/integration-test/target/test-dir/MiniOzoneClusterImpl-11e04269-4a3b-41a8-a8d0-fcdf29918043/datanode-0/meta/datanode.id
2019-10-02 20:07:09,826 [main] INFO  volume.HddsVolume (HddsVolume.java:<init>(176)) - Creating Volume: /workdir/hadoop-ozone/integration-test/target/test-dir/MiniOzoneClusterImpl-11e04269-4a3b-41a8-a8d0-fcdf29918043/datanode-1/data/containers/hdds of  storage type : DISK and capacity : 1482555576320
2019-10-02 20:07:09,826 [main] INFO  volume.VolumeSet (VolumeSet.java:initializeVolumeSet(170)) - Added Volume : /workdir/hadoop-ozone/integration-test/target/test-dir/MiniOzoneClusterImpl-11e04269-4a3b-41a8-a8d0-fcdf29918043/datanode-1/data/containers/hdds to VolumeSet
2019-10-02 20:07:09,826 [main] INFO  volume.ThrottledAsyncChecker (ThrottledAsyncChecker.java:schedule(139)) - Scheduling a check for org.apache.hadoop.ozone.container.common.volume.HddsVolume@743c3520
2019-10-02 20:07:09,827 [main] INFO  volume.HddsVolumeChecker (HddsVolumeChecker.java:checkAllVolumes(202)) - Scheduled health check for volume org.apache.hadoop.ozone.container.common.volume.HddsVolume@743c3520
2019-10-02 20:07:09,838 [main] INFO  impl.RaftServerProxy (ConfUtils.java:logGet(43)) - raft.rpc.type = GRPC (default)
2019-10-02 20:07:09,838 [main] INFO  grpc.GrpcFactory (GrpcFactory.java:checkPooledByteBufAllocatorUseCacheForAllThreads(45)) - PERFORMANCE WARNING: useCacheForAllThreads is true that may cause Netty to create a lot garbage objects and, as a result, trigger GC.
	It is recommended to disable useCacheForAllThreads by setting -Dorg.apache.ratis.thirdparty.io.netty.allocator.useCacheForAllThreads=false in command line.
2019-10-02 20:07:09,838 [main] INFO  grpc.GrpcConfigKeys$Server (ConfUtils.java:logGet(43)) - raft.grpc.server.port = 0 (default)
2019-10-02 20:07:09,838 [main] INFO  server.GrpcService (ConfUtils.java:logGet(43)) - raft.grpc.message.size.max = 33570816 (custom)
2019-10-02 20:07:09,839 [main] INFO  server.RaftServerConfigKeys (ConfUtils.java:logGet(43)) - raft.server.log.appender.buffer.byte-limit = 33554432 (custom)
2019-10-02 20:07:09,839 [main] INFO  server.GrpcService (ConfUtils.java:logGet(43)) - raft.grpc.flow.control.window = 1MB (=1048576) (default)
2019-10-02 20:07:09,839 [main] INFO  server.RaftServerConfigKeys (ConfUtils.java:logGet(43)) - raft.server.rpc.request.timeout = 3000ms (default)
2019-10-02 20:07:09,839 [main] INFO  server.RaftServerConfigKeys (ConfUtils.java:logGet(43)) - raft.server.storage.dir = [/workdir/hadoop-ozone/integration-test/target/test-dir/MiniOzoneClusterImpl-11e04269-4a3b-41a8-a8d0-fcdf29918043/datanode-1/data/ratis] (custom)
2019-10-02 20:07:09,840 [main] INFO  hdfs.DFSUtil (DFSUtil.java:httpServerTemplateForNNAndJN(1641)) - Starting Web-server for hddsDatanode at: http://0.0.0.0:0
2019-10-02 20:07:09,841 [main] INFO  server.AuthenticationFilter (AuthenticationFilter.java:constructSecretProvider(240)) - Unable to initialize FileSignerSecretProvider, falling back to use random secrets.
2019-10-02 20:07:09,842 [main] WARN  http.HttpRequestLog (HttpRequestLog.java:getRequestLog(97)) - Jetty request log can only be enabled using Log4j
2019-10-02 20:07:09,843 [main] INFO  http.HttpServer2 (HttpServer2.java:addGlobalFilter(975)) - Added global filter 'safety' (class=org.apache.hadoop.http.HttpServer2$QuotingInputFilter)
2019-10-02 20:07:09,843 [main] INFO  http.HttpServer2 (HttpServer2.java:addFilter(948)) - Added filter static_user_filter (class=org.apache.hadoop.http.lib.StaticUserWebFilter$StaticUserFilter) to context hddsDatanode
2019-10-02 20:07:09,843 [main] INFO  http.HttpServer2 (HttpServer2.java:addFilter(958)) - Added filter static_user_filter (class=org.apache.hadoop.http.lib.StaticUserWebFilter$StaticUserFilter) to context static
2019-10-02 20:07:09,844 [main] INFO  http.HttpServer2 (HttpServer2.java:addFilter(958)) - Added filter static_user_filter (class=org.apache.hadoop.http.lib.StaticUserWebFilter$StaticUserFilter) to context logs
2019-10-02 20:07:09,844 [main] INFO  http.HttpServer2 (HttpServer2.java:bindListener(1191)) - Jetty bound to port 41546
2019-10-02 20:07:09,844 [main] INFO  server.Server (Server.java:doStart(351)) - jetty-9.3.25.v20180904, build timestamp: 2018-09-04T21:11:46Z, git hash: 3ce520221d0240229c862b122d2b06c12a625732
2019-10-02 20:07:09,845 [main] INFO  handler.ContextHandler (ContextHandler.java:doStart(781)) - Started o.e.j.s.ServletContextHandler@497ed877{/logs,file:///workdir/hadoop-ozone/integration-test/target/log,AVAILABLE}
2019-10-02 20:07:09,846 [main] INFO  handler.ContextHandler (ContextHandler.java:doStart(781)) - Started o.e.j.s.ServletContextHandler@7b6141f0{/static,jar:file:/home/user/.m2/repository/org/apache/hadoop/hadoop-hdds-container-service/0.5.0-SNAPSHOT/hadoop-hdds-container-service-0.5.0-SNAPSHOT.jar!/webapps/static,AVAILABLE}
2019-10-02 20:07:09,873 [main] INFO  handler.ContextHandler (ContextHandler.java:doStart(781)) - Started o.e.j.w.WebAppContext@7f4a1cac{/,file:///tmp/jetty-0.0.0.0-41546-hddsDatanode-_-any-6454689682322774207.dir/webapp/,AVAILABLE}{/hddsDatanode}
2019-10-02 20:07:09,873 [main] INFO  server.AbstractConnector (AbstractConnector.java:doStart(278)) - Started ServerConnector@4a1a412e{HTTP/1.1,[http/1.1]}{0.0.0.0:41546}
2019-10-02 20:07:09,875 [main] INFO  server.Server (Server.java:doStart(419)) - Started @592654ms
2019-10-02 20:07:09,875 [main] WARN  impl.MetricsSystemImpl (MetricsSystemImpl.java:register(276)) - Sink prometheus already exists!
2019-10-02 20:07:09,876 [main] INFO  server.BaseHttpServer (BaseHttpServer.java:updateConnectorAddress(215)) - HTTP server of HDDSDATANODE is listening at http://0.0.0.0:41546
2019-10-02 20:07:09,876 [main] INFO  impl.MetricsSystemImpl (MetricsSystemImpl.java:init(158)) - HddsDatanode metrics system started (again)
2019-10-02 20:07:09,880 [org.apache.hadoop.util.JvmPauseMonitor$Monitor@39b04523] INFO  util.JvmPauseMonitor (JvmPauseMonitor.java:run(188)) - Starting JVM pause monitor
2019-10-02 20:07:09,880 [main] INFO  ozone.HddsDatanodeService (HddsDatanodeService.java:start(184)) - HddsDatanodeService host:pr-hdds-2198-qvzm8-602720389 ip:192.168.151.67
2019-10-02 20:07:09,882 [Datanode State Machine Thread - 0] INFO  datanode.InitDatanodeState (InitDatanodeState.java:persistContainerDatanodeDetails(140)) - DatanodeDetails is persisted to /workdir/hadoop-ozone/integration-test/target/test-dir/MiniOzoneClusterImpl-11e04269-4a3b-41a8-a8d0-fcdf29918043/datanode-1/meta/datanode.id
2019-10-02 20:07:09,892 [main] INFO  volume.HddsVolume (HddsVolume.java:<init>(176)) - Creating Volume: /workdir/hadoop-ozone/integration-test/target/test-dir/MiniOzoneClusterImpl-11e04269-4a3b-41a8-a8d0-fcdf29918043/datanode-2/data/containers/hdds of  storage type : DISK and capacity : 1482555576320
2019-10-02 20:07:09,892 [main] INFO  volume.VolumeSet (VolumeSet.java:initializeVolumeSet(170)) - Added Volume : /workdir/hadoop-ozone/integration-test/target/test-dir/MiniOzoneClusterImpl-11e04269-4a3b-41a8-a8d0-fcdf29918043/datanode-2/data/containers/hdds to VolumeSet
2019-10-02 20:07:09,892 [main] INFO  volume.ThrottledAsyncChecker (ThrottledAsyncChecker.java:schedule(139)) - Scheduling a check for org.apache.hadoop.ozone.container.common.volume.HddsVolume@3ab595c8
2019-10-02 20:07:09,893 [main] INFO  volume.HddsVolumeChecker (HddsVolumeChecker.java:checkAllVolumes(202)) - Scheduled health check for volume org.apache.hadoop.ozone.container.common.volume.HddsVolume@3ab595c8
2019-10-02 20:07:09,904 [main] INFO  impl.RaftServerProxy (ConfUtils.java:logGet(43)) - raft.rpc.type = GRPC (default)
2019-10-02 20:07:09,904 [main] INFO  grpc.GrpcFactory (GrpcFactory.java:checkPooledByteBufAllocatorUseCacheForAllThreads(45)) - PERFORMANCE WARNING: useCacheForAllThreads is true that may cause Netty to create a lot garbage objects and, as a result, trigger GC.
	It is recommended to disable useCacheForAllThreads by setting -Dorg.apache.ratis.thirdparty.io.netty.allocator.useCacheForAllThreads=false in command line.
2019-10-02 20:07:09,904 [main] INFO  grpc.GrpcConfigKeys$Server (ConfUtils.java:logGet(43)) - raft.grpc.server.port = 0 (default)
2019-10-02 20:07:09,904 [main] INFO  server.GrpcService (ConfUtils.java:logGet(43)) - raft.grpc.message.size.max = 33570816 (custom)
2019-10-02 20:07:09,904 [main] INFO  server.RaftServerConfigKeys (ConfUtils.java:logGet(43)) - raft.server.log.appender.buffer.byte-limit = 33554432 (custom)
2019-10-02 20:07:09,904 [main] INFO  server.GrpcService (ConfUtils.java:logGet(43)) - raft.grpc.flow.control.window = 1MB (=1048576) (default)
2019-10-02 20:07:09,905 [main] INFO  server.RaftServerConfigKeys (ConfUtils.java:logGet(43)) - raft.server.rpc.request.timeout = 3000ms (default)
2019-10-02 20:07:09,905 [main] INFO  server.RaftServerConfigKeys (ConfUtils.java:logGet(43)) - raft.server.storage.dir = [/workdir/hadoop-ozone/integration-test/target/test-dir/MiniOzoneClusterImpl-11e04269-4a3b-41a8-a8d0-fcdf29918043/datanode-2/data/ratis] (custom)
2019-10-02 20:07:09,906 [main] INFO  hdfs.DFSUtil (DFSUtil.java:httpServerTemplateForNNAndJN(1641)) - Starting Web-server for hddsDatanode at: http://0.0.0.0:0
2019-10-02 20:07:09,907 [main] INFO  server.AuthenticationFilter (AuthenticationFilter.java:constructSecretProvider(240)) - Unable to initialize FileSignerSecretProvider, falling back to use random secrets.
2019-10-02 20:07:09,908 [main] WARN  http.HttpRequestLog (HttpRequestLog.java:getRequestLog(97)) - Jetty request log can only be enabled using Log4j
2019-10-02 20:07:09,909 [main] INFO  http.HttpServer2 (HttpServer2.java:addGlobalFilter(975)) - Added global filter 'safety' (class=org.apache.hadoop.http.HttpServer2$QuotingInputFilter)
2019-10-02 20:07:09,909 [main] INFO  http.HttpServer2 (HttpServer2.java:addFilter(948)) - Added filter static_user_filter (class=org.apache.hadoop.http.lib.StaticUserWebFilter$StaticUserFilter) to context hddsDatanode
2019-10-02 20:07:09,910 [main] INFO  http.HttpServer2 (HttpServer2.java:addFilter(958)) - Added filter static_user_filter (class=org.apache.hadoop.http.lib.StaticUserWebFilter$StaticUserFilter) to context logs
2019-10-02 20:07:09,910 [main] INFO  http.HttpServer2 (HttpServer2.java:addFilter(958)) - Added filter static_user_filter (class=org.apache.hadoop.http.lib.StaticUserWebFilter$StaticUserFilter) to context static
2019-10-02 20:07:09,910 [main] INFO  http.HttpServer2 (HttpServer2.java:bindListener(1191)) - Jetty bound to port 42961
2019-10-02 20:07:09,910 [main] INFO  server.Server (Server.java:doStart(351)) - jetty-9.3.25.v20180904, build timestamp: 2018-09-04T21:11:46Z, git hash: 3ce520221d0240229c862b122d2b06c12a625732
2019-10-02 20:07:09,912 [main] INFO  handler.ContextHandler (ContextHandler.java:doStart(781)) - Started o.e.j.s.ServletContextHandler@5ca4dce5{/logs,file:///workdir/hadoop-ozone/integration-test/target/log,AVAILABLE}
2019-10-02 20:07:09,912 [main] INFO  handler.ContextHandler (ContextHandler.java:doStart(781)) - Started o.e.j.s.ServletContextHandler@7d133fb7{/static,jar:file:/home/user/.m2/repository/org/apache/hadoop/hadoop-hdds-container-service/0.5.0-SNAPSHOT/hadoop-hdds-container-service-0.5.0-SNAPSHOT.jar!/webapps/static,AVAILABLE}
2019-10-02 20:07:09,939 [main] INFO  handler.ContextHandler (ContextHandler.java:doStart(781)) - Started o.e.j.w.WebAppContext@284990de{/,file:///tmp/jetty-0.0.0.0-42961-hddsDatanode-_-any-7373315092861580704.dir/webapp/,AVAILABLE}{/hddsDatanode}
2019-10-02 20:07:09,939 [main] INFO  server.AbstractConnector (AbstractConnector.java:doStart(278)) - Started ServerConnector@565d7d2f{HTTP/1.1,[http/1.1]}{0.0.0.0:42961}
2019-10-02 20:07:09,940 [main] INFO  server.Server (Server.java:doStart(419)) - Started @592721ms
2019-10-02 20:07:09,940 [main] WARN  impl.MetricsSystemImpl (MetricsSystemImpl.java:register(276)) - Sink prometheus already exists!
2019-10-02 20:07:09,941 [main] INFO  server.BaseHttpServer (BaseHttpServer.java:updateConnectorAddress(215)) - HTTP server of HDDSDATANODE is listening at http://0.0.0.0:42961
2019-10-02 20:07:09,941 [main] INFO  impl.MetricsSystemImpl (MetricsSystemImpl.java:init(158)) - HddsDatanode metrics system started (again)
2019-10-02 20:07:09,945 [org.apache.hadoop.util.JvmPauseMonitor$Monitor@508ae3b6] INFO  util.JvmPauseMonitor (JvmPauseMonitor.java:run(188)) - Starting JVM pause monitor
2019-10-02 20:07:09,945 [main] INFO  ozone.HddsDatanodeService (HddsDatanodeService.java:start(184)) - HddsDatanodeService host:pr-hdds-2198-qvzm8-602720389 ip:192.168.151.67
2019-10-02 20:07:09,946 [Datanode State Machine Thread - 0] INFO  datanode.InitDatanodeState (InitDatanodeState.java:persistContainerDatanodeDetails(140)) - DatanodeDetails is persisted to /workdir/hadoop-ozone/integration-test/target/test-dir/MiniOzoneClusterImpl-11e04269-4a3b-41a8-a8d0-fcdf29918043/datanode-2/meta/datanode.id
2019-10-02 20:07:09,950 [main] INFO  volume.HddsVolume (HddsVolume.java:<init>(176)) - Creating Volume: /workdir/hadoop-ozone/integration-test/target/test-dir/MiniOzoneClusterImpl-11e04269-4a3b-41a8-a8d0-fcdf29918043/datanode-3/data/containers/hdds of  storage type : DISK and capacity : 1482555576320
2019-10-02 20:07:09,950 [main] INFO  volume.VolumeSet (VolumeSet.java:initializeVolumeSet(170)) - Added Volume : /workdir/hadoop-ozone/integration-test/target/test-dir/MiniOzoneClusterImpl-11e04269-4a3b-41a8-a8d0-fcdf29918043/datanode-3/data/containers/hdds to VolumeSet
2019-10-02 20:07:09,950 [main] INFO  volume.ThrottledAsyncChecker (ThrottledAsyncChecker.java:schedule(139)) - Scheduling a check for org.apache.hadoop.ozone.container.common.volume.HddsVolume@1c84d80a
2019-10-02 20:07:09,950 [main] INFO  volume.HddsVolumeChecker (HddsVolumeChecker.java:checkAllVolumes(202)) - Scheduled health check for volume org.apache.hadoop.ozone.container.common.volume.HddsVolume@1c84d80a
2019-10-02 20:07:09,961 [main] INFO  impl.RaftServerProxy (ConfUtils.java:logGet(43)) - raft.rpc.type = GRPC (default)
2019-10-02 20:07:09,961 [main] INFO  grpc.GrpcFactory (GrpcFactory.java:checkPooledByteBufAllocatorUseCacheForAllThreads(45)) - PERFORMANCE WARNING: useCacheForAllThreads is true that may cause Netty to create a lot garbage objects and, as a result, trigger GC.
	It is recommended to disable useCacheForAllThreads by setting -Dorg.apache.ratis.thirdparty.io.netty.allocator.useCacheForAllThreads=false in command line.
2019-10-02 20:07:09,961 [main] INFO  grpc.GrpcConfigKeys$Server (ConfUtils.java:logGet(43)) - raft.grpc.server.port = 0 (default)
2019-10-02 20:07:09,962 [main] INFO  server.GrpcService (ConfUtils.java:logGet(43)) - raft.grpc.message.size.max = 33570816 (custom)
2019-10-02 20:07:09,962 [main] INFO  server.RaftServerConfigKeys (ConfUtils.java:logGet(43)) - raft.server.log.appender.buffer.byte-limit = 33554432 (custom)
2019-10-02 20:07:09,962 [main] INFO  server.GrpcService (ConfUtils.java:logGet(43)) - raft.grpc.flow.control.window = 1MB (=1048576) (default)
2019-10-02 20:07:09,962 [main] INFO  server.RaftServerConfigKeys (ConfUtils.java:logGet(43)) - raft.server.rpc.request.timeout = 3000ms (default)
2019-10-02 20:07:09,962 [main] INFO  server.RaftServerConfigKeys (ConfUtils.java:logGet(43)) - raft.server.storage.dir = [/workdir/hadoop-ozone/integration-test/target/test-dir/MiniOzoneClusterImpl-11e04269-4a3b-41a8-a8d0-fcdf29918043/datanode-3/data/ratis] (custom)
2019-10-02 20:07:09,963 [main] INFO  hdfs.DFSUtil (DFSUtil.java:httpServerTemplateForNNAndJN(1641)) - Starting Web-server for hddsDatanode at: http://0.0.0.0:0
2019-10-02 20:07:09,964 [main] INFO  server.AuthenticationFilter (AuthenticationFilter.java:constructSecretProvider(240)) - Unable to initialize FileSignerSecretProvider, falling back to use random secrets.
2019-10-02 20:07:09,965 [main] WARN  http.HttpRequestLog (HttpRequestLog.java:getRequestLog(97)) - Jetty request log can only be enabled using Log4j
2019-10-02 20:07:09,966 [main] INFO  http.HttpServer2 (HttpServer2.java:addGlobalFilter(975)) - Added global filter 'safety' (class=org.apache.hadoop.http.HttpServer2$QuotingInputFilter)
2019-10-02 20:07:09,966 [main] INFO  http.HttpServer2 (HttpServer2.java:addFilter(948)) - Added filter static_user_filter (class=org.apache.hadoop.http.lib.StaticUserWebFilter$StaticUserFilter) to context hddsDatanode
2019-10-02 20:07:09,966 [main] INFO  http.HttpServer2 (HttpServer2.java:addFilter(958)) - Added filter static_user_filter (class=org.apache.hadoop.http.lib.StaticUserWebFilter$StaticUserFilter) to context logs
2019-10-02 20:07:09,966 [main] INFO  http.HttpServer2 (HttpServer2.java:addFilter(958)) - Added filter static_user_filter (class=org.apache.hadoop.http.lib.StaticUserWebFilter$StaticUserFilter) to context static
2019-10-02 20:07:09,967 [main] INFO  http.HttpServer2 (HttpServer2.java:bindListener(1191)) - Jetty bound to port 43240
2019-10-02 20:07:09,967 [main] INFO  server.Server (Server.java:doStart(351)) - jetty-9.3.25.v20180904, build timestamp: 2018-09-04T21:11:46Z, git hash: 3ce520221d0240229c862b122d2b06c12a625732
2019-10-02 20:07:09,968 [main] INFO  handler.ContextHandler (ContextHandler.java:doStart(781)) - Started o.e.j.s.ServletContextHandler@55a0f011{/logs,file:///workdir/hadoop-ozone/integration-test/target/log,AVAILABLE}
2019-10-02 20:07:09,968 [main] INFO  handler.ContextHandler (ContextHandler.java:doStart(781)) - Started o.e.j.s.ServletContextHandler@39133244{/static,jar:file:/home/user/.m2/repository/org/apache/hadoop/hadoop-hdds-container-service/0.5.0-SNAPSHOT/hadoop-hdds-container-service-0.5.0-SNAPSHOT.jar!/webapps/static,AVAILABLE}
2019-10-02 20:07:09,995 [main] INFO  handler.ContextHandler (ContextHandler.java:doStart(781)) - Started o.e.j.w.WebAppContext@527937d0{/,file:///tmp/jetty-0.0.0.0-43240-hddsDatanode-_-any-1036912326384802253.dir/webapp/,AVAILABLE}{/hddsDatanode}
2019-10-02 20:07:09,995 [main] INFO  server.AbstractConnector (AbstractConnector.java:doStart(278)) - Started ServerConnector@36d582cb{HTTP/1.1,[http/1.1]}{0.0.0.0:43240}
2019-10-02 20:07:09,996 [main] INFO  server.Server (Server.java:doStart(419)) - Started @592777ms
2019-10-02 20:07:09,996 [main] WARN  impl.MetricsSystemImpl (MetricsSystemImpl.java:register(276)) - Sink prometheus already exists!
2019-10-02 20:07:09,997 [main] INFO  server.BaseHttpServer (BaseHttpServer.java:updateConnectorAddress(215)) - HTTP server of HDDSDATANODE is listening at http://0.0.0.0:43240
2019-10-02 20:07:09,998 [main] INFO  impl.MetricsSystemImpl (MetricsSystemImpl.java:init(158)) - HddsDatanode metrics system started (again)
2019-10-02 20:07:10,001 [org.apache.hadoop.util.JvmPauseMonitor$Monitor@57957d09] INFO  util.JvmPauseMonitor (JvmPauseMonitor.java:run(188)) - Starting JVM pause monitor
2019-10-02 20:07:10,002 [main] INFO  ozone.HddsDatanodeService (HddsDatanodeService.java:start(184)) - HddsDatanodeService host:pr-hdds-2198-qvzm8-602720389 ip:192.168.151.67
2019-10-02 20:07:10,003 [Datanode State Machine Thread - 0] INFO  datanode.InitDatanodeState (InitDatanodeState.java:persistContainerDatanodeDetails(140)) - DatanodeDetails is persisted to /workdir/hadoop-ozone/integration-test/target/test-dir/MiniOzoneClusterImpl-11e04269-4a3b-41a8-a8d0-fcdf29918043/datanode-3/meta/datanode.id
2019-10-02 20:07:10,008 [main] INFO  volume.HddsVolume (HddsVolume.java:<init>(176)) - Creating Volume: /workdir/hadoop-ozone/integration-test/target/test-dir/MiniOzoneClusterImpl-11e04269-4a3b-41a8-a8d0-fcdf29918043/datanode-4/data/containers/hdds of  storage type : DISK and capacity : 1482555576320
2019-10-02 20:07:10,008 [main] INFO  volume.VolumeSet (VolumeSet.java:initializeVolumeSet(170)) - Added Volume : /workdir/hadoop-ozone/integration-test/target/test-dir/MiniOzoneClusterImpl-11e04269-4a3b-41a8-a8d0-fcdf29918043/datanode-4/data/containers/hdds to VolumeSet
2019-10-02 20:07:10,008 [main] INFO  volume.ThrottledAsyncChecker (ThrottledAsyncChecker.java:schedule(139)) - Scheduling a check for org.apache.hadoop.ozone.container.common.volume.HddsVolume@712e787e
2019-10-02 20:07:10,009 [main] INFO  volume.HddsVolumeChecker (HddsVolumeChecker.java:checkAllVolumes(202)) - Scheduled health check for volume org.apache.hadoop.ozone.container.common.volume.HddsVolume@712e787e
2019-10-02 20:07:10,026 [main] INFO  impl.RaftServerProxy (ConfUtils.java:logGet(43)) - raft.rpc.type = GRPC (default)
2019-10-02 20:07:10,026 [main] INFO  grpc.GrpcFactory (GrpcFactory.java:checkPooledByteBufAllocatorUseCacheForAllThreads(45)) - PERFORMANCE WARNING: useCacheForAllThreads is true that may cause Netty to create a lot garbage objects and, as a result, trigger GC.
	It is recommended to disable useCacheForAllThreads by setting -Dorg.apache.ratis.thirdparty.io.netty.allocator.useCacheForAllThreads=false in command line.
2019-10-02 20:07:10,026 [main] INFO  grpc.GrpcConfigKeys$Server (ConfUtils.java:logGet(43)) - raft.grpc.server.port = 0 (default)
2019-10-02 20:07:10,026 [main] INFO  server.GrpcService (ConfUtils.java:logGet(43)) - raft.grpc.message.size.max = 33570816 (custom)
2019-10-02 20:07:10,027 [main] INFO  server.RaftServerConfigKeys (ConfUtils.java:logGet(43)) - raft.server.log.appender.buffer.byte-limit = 33554432 (custom)
2019-10-02 20:07:10,027 [main] INFO  server.GrpcService (ConfUtils.java:logGet(43)) - raft.grpc.flow.control.window = 1MB (=1048576) (default)
2019-10-02 20:07:10,027 [main] INFO  server.RaftServerConfigKeys (ConfUtils.java:logGet(43)) - raft.server.rpc.request.timeout = 3000ms (default)
2019-10-02 20:07:10,028 [main] INFO  server.RaftServerConfigKeys (ConfUtils.java:logGet(43)) - raft.server.storage.dir = [/workdir/hadoop-ozone/integration-test/target/test-dir/MiniOzoneClusterImpl-11e04269-4a3b-41a8-a8d0-fcdf29918043/datanode-4/data/ratis] (custom)
2019-10-02 20:07:10,029 [main] INFO  hdfs.DFSUtil (DFSUtil.java:httpServerTemplateForNNAndJN(1641)) - Starting Web-server for hddsDatanode at: http://0.0.0.0:0
2019-10-02 20:07:10,030 [main] INFO  server.AuthenticationFilter (AuthenticationFilter.java:constructSecretProvider(240)) - Unable to initialize FileSignerSecretProvider, falling back to use random secrets.
2019-10-02 20:07:10,030 [main] WARN  http.HttpRequestLog (HttpRequestLog.java:getRequestLog(97)) - Jetty request log can only be enabled using Log4j
2019-10-02 20:07:10,032 [main] INFO  http.HttpServer2 (HttpServer2.java:addGlobalFilter(975)) - Added global filter 'safety' (class=org.apache.hadoop.http.HttpServer2$QuotingInputFilter)
2019-10-02 20:07:10,032 [main] INFO  http.HttpServer2 (HttpServer2.java:addFilter(948)) - Added filter static_user_filter (class=org.apache.hadoop.http.lib.StaticUserWebFilter$StaticUserFilter) to context hddsDatanode
2019-10-02 20:07:10,032 [main] INFO  http.HttpServer2 (HttpServer2.java:addFilter(958)) - Added filter static_user_filter (class=org.apache.hadoop.http.lib.StaticUserWebFilter$StaticUserFilter) to context static
2019-10-02 20:07:10,032 [main] INFO  http.HttpServer2 (HttpServer2.java:addFilter(958)) - Added filter static_user_filter (class=org.apache.hadoop.http.lib.StaticUserWebFilter$StaticUserFilter) to context logs
2019-10-02 20:07:10,033 [main] INFO  http.HttpServer2 (HttpServer2.java:bindListener(1191)) - Jetty bound to port 40635
2019-10-02 20:07:10,033 [main] INFO  server.Server (Server.java:doStart(351)) - jetty-9.3.25.v20180904, build timestamp: 2018-09-04T21:11:46Z, git hash: 3ce520221d0240229c862b122d2b06c12a625732
2019-10-02 20:07:10,034 [main] INFO  handler.ContextHandler (ContextHandler.java:doStart(781)) - Started o.e.j.s.ServletContextHandler@9b367c8{/logs,file:///workdir/hadoop-ozone/integration-test/target/log,AVAILABLE}
2019-10-02 20:07:10,035 [main] INFO  handler.ContextHandler (ContextHandler.java:doStart(781)) - Started o.e.j.s.ServletContextHandler@3de79067{/static,jar:file:/home/user/.m2/repository/org/apache/hadoop/hadoop-hdds-container-service/0.5.0-SNAPSHOT/hadoop-hdds-container-service-0.5.0-SNAPSHOT.jar!/webapps/static,AVAILABLE}
2019-10-02 20:07:10,063 [main] INFO  handler.ContextHandler (ContextHandler.java:doStart(781)) - Started o.e.j.w.WebAppContext@7f22687e{/,file:///tmp/jetty-0.0.0.0-40635-hddsDatanode-_-any-2425960711617922654.dir/webapp/,AVAILABLE}{/hddsDatanode}
2019-10-02 20:07:10,063 [main] INFO  server.AbstractConnector (AbstractConnector.java:doStart(278)) - Started ServerConnector@6af87130{HTTP/1.1,[http/1.1]}{0.0.0.0:40635}
2019-10-02 20:07:10,063 [main] INFO  server.Server (Server.java:doStart(419)) - Started @592844ms
2019-10-02 20:07:10,065 [main] WARN  impl.MetricsSystemImpl (MetricsSystemImpl.java:register(276)) - Sink prometheus already exists!
2019-10-02 20:07:10,066 [main] INFO  server.BaseHttpServer (BaseHttpServer.java:updateConnectorAddress(215)) - HTTP server of HDDSDATANODE is listening at http://0.0.0.0:40635
2019-10-02 20:07:10,066 [main] INFO  impl.MetricsSystemImpl (MetricsSystemImpl.java:init(158)) - HddsDatanode metrics system started (again)
2019-10-02 20:07:10,070 [org.apache.hadoop.util.JvmPauseMonitor$Monitor@49559f73] INFO  util.JvmPauseMonitor (JvmPauseMonitor.java:run(188)) - Starting JVM pause monitor
2019-10-02 20:07:10,071 [main] INFO  ozone.HddsDatanodeService (HddsDatanodeService.java:start(184)) - HddsDatanodeService host:pr-hdds-2198-qvzm8-602720389 ip:192.168.151.67
2019-10-02 20:07:10,072 [Datanode State Machine Thread - 0] INFO  datanode.InitDatanodeState (InitDatanodeState.java:persistContainerDatanodeDetails(140)) - DatanodeDetails is persisted to /workdir/hadoop-ozone/integration-test/target/test-dir/MiniOzoneClusterImpl-11e04269-4a3b-41a8-a8d0-fcdf29918043/datanode-4/meta/datanode.id
2019-10-02 20:07:10,077 [main] INFO  volume.HddsVolume (HddsVolume.java:<init>(176)) - Creating Volume: /workdir/hadoop-ozone/integration-test/target/test-dir/MiniOzoneClusterImpl-11e04269-4a3b-41a8-a8d0-fcdf29918043/datanode-5/data/containers/hdds of  storage type : DISK and capacity : 1482555576320
2019-10-02 20:07:10,078 [main] INFO  volume.VolumeSet (VolumeSet.java:initializeVolumeSet(170)) - Added Volume : /workdir/hadoop-ozone/integration-test/target/test-dir/MiniOzoneClusterImpl-11e04269-4a3b-41a8-a8d0-fcdf29918043/datanode-5/data/containers/hdds to VolumeSet
2019-10-02 20:07:10,078 [main] INFO  volume.ThrottledAsyncChecker (ThrottledAsyncChecker.java:schedule(139)) - Scheduling a check for org.apache.hadoop.ozone.container.common.volume.HddsVolume@7dbae40
2019-10-02 20:07:10,078 [main] INFO  volume.HddsVolumeChecker (HddsVolumeChecker.java:checkAllVolumes(202)) - Scheduled health check for volume org.apache.hadoop.ozone.container.common.volume.HddsVolume@7dbae40
2019-10-02 20:07:10,091 [main] INFO  impl.RaftServerProxy (ConfUtils.java:logGet(43)) - raft.rpc.type = GRPC (default)
2019-10-02 20:07:10,091 [main] INFO  grpc.GrpcFactory (GrpcFactory.java:checkPooledByteBufAllocatorUseCacheForAllThreads(45)) - PERFORMANCE WARNING: useCacheForAllThreads is true that may cause Netty to create a lot garbage objects and, as a result, trigger GC.
	It is recommended to disable useCacheForAllThreads by setting -Dorg.apache.ratis.thirdparty.io.netty.allocator.useCacheForAllThreads=false in command line.
2019-10-02 20:07:10,091 [main] INFO  grpc.GrpcConfigKeys$Server (ConfUtils.java:logGet(43)) - raft.grpc.server.port = 0 (default)
2019-10-02 20:07:10,091 [main] INFO  server.GrpcService (ConfUtils.java:logGet(43)) - raft.grpc.message.size.max = 33570816 (custom)
2019-10-02 20:07:10,092 [main] INFO  server.RaftServerConfigKeys (ConfUtils.java:logGet(43)) - raft.server.log.appender.buffer.byte-limit = 33554432 (custom)
2019-10-02 20:07:10,092 [main] INFO  server.GrpcService (ConfUtils.java:logGet(43)) - raft.grpc.flow.control.window = 1MB (=1048576) (default)
2019-10-02 20:07:10,092 [main] INFO  server.RaftServerConfigKeys (ConfUtils.java:logGet(43)) - raft.server.rpc.request.timeout = 3000ms (default)
2019-10-02 20:07:10,092 [main] INFO  server.RaftServerConfigKeys (ConfUtils.java:logGet(43)) - raft.server.storage.dir = [/workdir/hadoop-ozone/integration-test/target/test-dir/MiniOzoneClusterImpl-11e04269-4a3b-41a8-a8d0-fcdf29918043/datanode-5/data/ratis] (custom)
2019-10-02 20:07:10,093 [main] INFO  hdfs.DFSUtil (DFSUtil.java:httpServerTemplateForNNAndJN(1641)) - Starting Web-server for hddsDatanode at: http://0.0.0.0:0
2019-10-02 20:07:10,094 [main] INFO  server.AuthenticationFilter (AuthenticationFilter.java:constructSecretProvider(240)) - Unable to initialize FileSignerSecretProvider, falling back to use random secrets.
2019-10-02 20:07:10,095 [main] WARN  http.HttpRequestLog (HttpRequestLog.java:getRequestLog(97)) - Jetty request log can only be enabled using Log4j
2019-10-02 20:07:10,096 [main] INFO  http.HttpServer2 (HttpServer2.java:addGlobalFilter(975)) - Added global filter 'safety' (class=org.apache.hadoop.http.HttpServer2$QuotingInputFilter)
2019-10-02 20:07:10,096 [main] INFO  http.HttpServer2 (HttpServer2.java:addFilter(948)) - Added filter static_user_filter (class=org.apache.hadoop.http.lib.StaticUserWebFilter$StaticUserFilter) to context hddsDatanode
2019-10-02 20:07:10,096 [main] INFO  http.HttpServer2 (HttpServer2.java:addFilter(958)) - Added filter static_user_filter (class=org.apache.hadoop.http.lib.StaticUserWebFilter$StaticUserFilter) to context logs
2019-10-02 20:07:10,097 [main] INFO  http.HttpServer2 (HttpServer2.java:addFilter(958)) - Added filter static_user_filter (class=org.apache.hadoop.http.lib.StaticUserWebFilter$StaticUserFilter) to context static
2019-10-02 20:07:10,097 [main] INFO  http.HttpServer2 (HttpServer2.java:bindListener(1191)) - Jetty bound to port 34986
2019-10-02 20:07:10,098 [main] INFO  server.Server (Server.java:doStart(351)) - jetty-9.3.25.v20180904, build timestamp: 2018-09-04T21:11:46Z, git hash: 3ce520221d0240229c862b122d2b06c12a625732
2019-10-02 20:07:10,099 [main] INFO  handler.ContextHandler (ContextHandler.java:doStart(781)) - Started o.e.j.s.ServletContextHandler@5864e8bf{/logs,file:///workdir/hadoop-ozone/integration-test/target/log,AVAILABLE}
2019-10-02 20:07:10,100 [main] INFO  handler.ContextHandler (ContextHandler.java:doStart(781)) - Started o.e.j.s.ServletContextHandler@191ec193{/static,jar:file:/home/user/.m2/repository/org/apache/hadoop/hadoop-hdds-container-service/0.5.0-SNAPSHOT/hadoop-hdds-container-service-0.5.0-SNAPSHOT.jar!/webapps/static,AVAILABLE}
2019-10-02 20:07:10,126 [main] INFO  handler.ContextHandler (ContextHandler.java:doStart(781)) - Started o.e.j.w.WebAppContext@51f68849{/,file:///tmp/jetty-0.0.0.0-34986-hddsDatanode-_-any-139667009315383223.dir/webapp/,AVAILABLE}{/hddsDatanode}
2019-10-02 20:07:10,127 [main] INFO  server.AbstractConnector (AbstractConnector.java:doStart(278)) - Started ServerConnector@4eb9ae4d{HTTP/1.1,[http/1.1]}{0.0.0.0:34986}
2019-10-02 20:07:10,129 [main] INFO  server.Server (Server.java:doStart(419)) - Started @592909ms
2019-10-02 20:07:10,129 [main] WARN  impl.MetricsSystemImpl (MetricsSystemImpl.java:register(276)) - Sink prometheus already exists!
2019-10-02 20:07:10,129 [main] INFO  server.BaseHttpServer (BaseHttpServer.java:updateConnectorAddress(215)) - HTTP server of HDDSDATANODE is listening at http://0.0.0.0:34986
2019-10-02 20:07:10,130 [main] INFO  impl.MetricsSystemImpl (MetricsSystemImpl.java:init(158)) - HddsDatanode metrics system started (again)
2019-10-02 20:07:10,134 [org.apache.hadoop.util.JvmPauseMonitor$Monitor@3107c56] INFO  util.JvmPauseMonitor (JvmPauseMonitor.java:run(188)) - Starting JVM pause monitor
2019-10-02 20:07:10,134 [main] INFO  ozone.HddsDatanodeService (HddsDatanodeService.java:start(184)) - HddsDatanodeService host:pr-hdds-2198-qvzm8-602720389 ip:192.168.151.67
2019-10-02 20:07:10,135 [Datanode State Machine Thread - 0] INFO  datanode.InitDatanodeState (InitDatanodeState.java:persistContainerDatanodeDetails(140)) - DatanodeDetails is persisted to /workdir/hadoop-ozone/integration-test/target/test-dir/MiniOzoneClusterImpl-11e04269-4a3b-41a8-a8d0-fcdf29918043/datanode-5/meta/datanode.id
2019-10-02 20:07:10,141 [main] INFO  volume.HddsVolume (HddsVolume.java:<init>(176)) - Creating Volume: /workdir/hadoop-ozone/integration-test/target/test-dir/MiniOzoneClusterImpl-11e04269-4a3b-41a8-a8d0-fcdf29918043/datanode-6/data/containers/hdds of  storage type : DISK and capacity : 1482555576320
2019-10-02 20:07:10,141 [main] INFO  volume.VolumeSet (VolumeSet.java:initializeVolumeSet(170)) - Added Volume : /workdir/hadoop-ozone/integration-test/target/test-dir/MiniOzoneClusterImpl-11e04269-4a3b-41a8-a8d0-fcdf29918043/datanode-6/data/containers/hdds to VolumeSet
2019-10-02 20:07:10,141 [main] INFO  volume.ThrottledAsyncChecker (ThrottledAsyncChecker.java:schedule(139)) - Scheduling a check for org.apache.hadoop.ozone.container.common.volume.HddsVolume@4f811029
2019-10-02 20:07:10,142 [main] INFO  volume.HddsVolumeChecker (HddsVolumeChecker.java:checkAllVolumes(202)) - Scheduled health check for volume org.apache.hadoop.ozone.container.common.volume.HddsVolume@4f811029
2019-10-02 20:07:10,154 [main] INFO  impl.RaftServerProxy (ConfUtils.java:logGet(43)) - raft.rpc.type = GRPC (default)
2019-10-02 20:07:10,154 [main] INFO  grpc.GrpcFactory (GrpcFactory.java:checkPooledByteBufAllocatorUseCacheForAllThreads(45)) - PERFORMANCE WARNING: useCacheForAllThreads is true that may cause Netty to create a lot garbage objects and, as a result, trigger GC.
	It is recommended to disable useCacheForAllThreads by setting -Dorg.apache.ratis.thirdparty.io.netty.allocator.useCacheForAllThreads=false in command line.
2019-10-02 20:07:10,154 [main] INFO  grpc.GrpcConfigKeys$Server (ConfUtils.java:logGet(43)) - raft.grpc.server.port = 0 (default)
2019-10-02 20:07:10,155 [main] INFO  server.GrpcService (ConfUtils.java:logGet(43)) - raft.grpc.message.size.max = 33570816 (custom)
2019-10-02 20:07:10,155 [main] INFO  server.RaftServerConfigKeys (ConfUtils.java:logGet(43)) - raft.server.log.appender.buffer.byte-limit = 33554432 (custom)
2019-10-02 20:07:10,155 [main] INFO  server.GrpcService (ConfUtils.java:logGet(43)) - raft.grpc.flow.control.window = 1MB (=1048576) (default)
2019-10-02 20:07:10,155 [main] INFO  server.RaftServerConfigKeys (ConfUtils.java:logGet(43)) - raft.server.rpc.request.timeout = 3000ms (default)
2019-10-02 20:07:10,155 [main] INFO  server.RaftServerConfigKeys (ConfUtils.java:logGet(43)) - raft.server.storage.dir = [/workdir/hadoop-ozone/integration-test/target/test-dir/MiniOzoneClusterImpl-11e04269-4a3b-41a8-a8d0-fcdf29918043/datanode-6/data/ratis] (custom)
2019-10-02 20:07:10,156 [main] INFO  hdfs.DFSUtil (DFSUtil.java:httpServerTemplateForNNAndJN(1641)) - Starting Web-server for hddsDatanode at: http://0.0.0.0:0
2019-10-02 20:07:10,158 [main] INFO  server.AuthenticationFilter (AuthenticationFilter.java:constructSecretProvider(240)) - Unable to initialize FileSignerSecretProvider, falling back to use random secrets.
2019-10-02 20:07:10,158 [main] WARN  http.HttpRequestLog (HttpRequestLog.java:getRequestLog(97)) - Jetty request log can only be enabled using Log4j
2019-10-02 20:07:10,159 [main] INFO  http.HttpServer2 (HttpServer2.java:addGlobalFilter(975)) - Added global filter 'safety' (class=org.apache.hadoop.http.HttpServer2$QuotingInputFilter)
2019-10-02 20:07:10,160 [main] INFO  http.HttpServer2 (HttpServer2.java:addFilter(948)) - Added filter static_user_filter (class=org.apache.hadoop.http.lib.StaticUserWebFilter$StaticUserFilter) to context hddsDatanode
2019-10-02 20:07:10,160 [main] INFO  http.HttpServer2 (HttpServer2.java:addFilter(958)) - Added filter static_user_filter (class=org.apache.hadoop.http.lib.StaticUserWebFilter$StaticUserFilter) to context logs
2019-10-02 20:07:10,160 [main] INFO  http.HttpServer2 (HttpServer2.java:addFilter(958)) - Added filter static_user_filter (class=org.apache.hadoop.http.lib.StaticUserWebFilter$StaticUserFilter) to context static
2019-10-02 20:07:10,161 [main] INFO  http.HttpServer2 (HttpServer2.java:bindListener(1191)) - Jetty bound to port 44166
2019-10-02 20:07:10,161 [main] INFO  server.Server (Server.java:doStart(351)) - jetty-9.3.25.v20180904, build timestamp: 2018-09-04T21:11:46Z, git hash: 3ce520221d0240229c862b122d2b06c12a625732
2019-10-02 20:07:10,162 [main] INFO  handler.ContextHandler (ContextHandler.java:doStart(781)) - Started o.e.j.s.ServletContextHandler@65600fb3{/logs,file:///workdir/hadoop-ozone/integration-test/target/log,AVAILABLE}
2019-10-02 20:07:10,162 [main] INFO  handler.ContextHandler (ContextHandler.java:doStart(781)) - Started o.e.j.s.ServletContextHandler@7ea71fc2{/static,jar:file:/home/user/.m2/repository/org/apache/hadoop/hadoop-hdds-container-service/0.5.0-SNAPSHOT/hadoop-hdds-container-service-0.5.0-SNAPSHOT.jar!/webapps/static,AVAILABLE}
2019-10-02 20:07:10,187 [main] INFO  handler.ContextHandler (ContextHandler.java:doStart(781)) - Started o.e.j.w.WebAppContext@45bbc52f{/,file:///tmp/jetty-0.0.0.0-44166-hddsDatanode-_-any-6674581242846808907.dir/webapp/,AVAILABLE}{/hddsDatanode}
2019-10-02 20:07:10,188 [main] INFO  server.AbstractConnector (AbstractConnector.java:doStart(278)) - Started ServerConnector@6a8a551e{HTTP/1.1,[http/1.1]}{0.0.0.0:44166}
2019-10-02 20:07:10,193 [main] INFO  server.Server (Server.java:doStart(419)) - Started @592973ms
2019-10-02 20:07:10,193 [main] WARN  impl.MetricsSystemImpl (MetricsSystemImpl.java:register(276)) - Sink prometheus already exists!
2019-10-02 20:07:10,194 [main] INFO  server.BaseHttpServer (BaseHttpServer.java:updateConnectorAddress(215)) - HTTP server of HDDSDATANODE is listening at http://0.0.0.0:44166
2019-10-02 20:07:10,194 [main] INFO  ozone.MiniOzoneClusterImpl (MiniOzoneClusterImpl.java:lambda$waitForClusterToBeReady$0(147)) - Waiting for cluster to be ready. Got 0 of 7 DN Heartbeats.
2019-10-02 20:07:10,195 [org.apache.hadoop.util.JvmPauseMonitor$Monitor@753bd078] INFO  util.JvmPauseMonitor (JvmPauseMonitor.java:run(188)) - Starting JVM pause monitor
2019-10-02 20:07:10,196 [Datanode State Machine Thread - 0] INFO  datanode.InitDatanodeState (InitDatanodeState.java:persistContainerDatanodeDetails(140)) - DatanodeDetails is persisted to /workdir/hadoop-ozone/integration-test/target/test-dir/MiniOzoneClusterImpl-11e04269-4a3b-41a8-a8d0-fcdf29918043/datanode-6/meta/datanode.id
2019-10-02 20:07:11,194 [main] INFO  ozone.MiniOzoneClusterImpl (MiniOzoneClusterImpl.java:lambda$waitForClusterToBeReady$0(147)) - Waiting for cluster to be ready. Got 0 of 7 DN Heartbeats.
2019-10-02 20:07:11,842 [Datanode State Machine Thread - 0] INFO  ozoneimpl.OzoneContainer (OzoneContainer.java:start(217)) - Attempting to start container services.
2019-10-02 20:07:11,843 [Datanode State Machine Thread - 0] INFO  ozoneimpl.OzoneContainer (OzoneContainer.java:startContainerScrub(179)) - Background container scanner has been disabled.
2019-10-02 20:07:11,844 [Datanode State Machine Thread - 0] INFO  ratis.XceiverServerRatis (XceiverServerRatis.java:start(411)) - Starting XceiverServerRatis d5d753b5-1d96-4433-bb9c-73d1f78854d0 at port 0
2019-10-02 20:07:11,851 [Datanode State Machine Thread - 0] INFO  impl.RaftServerProxy (RaftServerProxy.java:lambda$start$3(299)) - d5d753b5-1d96-4433-bb9c-73d1f78854d0: start RPC server
2019-10-02 20:07:11,857 [Datanode State Machine Thread - 0] INFO  server.GrpcService (GrpcService.java:startImpl(158)) - d5d753b5-1d96-4433-bb9c-73d1f78854d0: GrpcService started, listening on 0.0.0.0/0.0.0.0:36879
2019-10-02 20:07:11,858 [Datanode State Machine Thread - 0] INFO  ratis.XceiverServerRatis (XceiverServerRatis.java:start(421)) - XceiverServerRatis d5d753b5-1d96-4433-bb9c-73d1f78854d0 is started using port 36879
2019-10-02 20:07:11,860 [Datanode State Machine Thread - 0] INFO  server.XceiverServerGrpc (XceiverServerGrpc.java:start(149)) - XceiverServerGrpc d5d753b5-1d96-4433-bb9c-73d1f78854d0 is started using port 36938
2019-10-02 20:07:11,897 [Datanode State Machine Thread - 0] INFO  ozoneimpl.OzoneContainer (OzoneContainer.java:start(217)) - Attempting to start container services.
2019-10-02 20:07:11,897 [Datanode State Machine Thread - 0] INFO  ozoneimpl.OzoneContainer (OzoneContainer.java:startContainerScrub(179)) - Background container scanner has been disabled.
2019-10-02 20:07:11,897 [Datanode State Machine Thread - 0] INFO  ratis.XceiverServerRatis (XceiverServerRatis.java:start(411)) - Starting XceiverServerRatis 164a8da4-05a2-452c-b3c9-0e3107feaeed at port 0
2019-10-02 20:07:11,903 [Datanode State Machine Thread - 0] INFO  impl.RaftServerProxy (RaftServerProxy.java:lambda$start$3(299)) - 164a8da4-05a2-452c-b3c9-0e3107feaeed: start RPC server
2019-10-02 20:07:11,905 [Datanode State Machine Thread - 0] INFO  server.GrpcService (GrpcService.java:startImpl(158)) - 164a8da4-05a2-452c-b3c9-0e3107feaeed: GrpcService started, listening on 0.0.0.0/0.0.0.0:45180
2019-10-02 20:07:11,905 [Datanode State Machine Thread - 0] INFO  ratis.XceiverServerRatis (XceiverServerRatis.java:start(421)) - XceiverServerRatis 164a8da4-05a2-452c-b3c9-0e3107feaeed is started using port 45180
2019-10-02 20:07:11,906 [Datanode State Machine Thread - 0] INFO  server.XceiverServerGrpc (XceiverServerGrpc.java:start(149)) - XceiverServerGrpc 164a8da4-05a2-452c-b3c9-0e3107feaeed is started using port 33822
2019-10-02 20:07:11,958 [Datanode State Machine Thread - 0] INFO  ozoneimpl.OzoneContainer (OzoneContainer.java:start(217)) - Attempting to start container services.
2019-10-02 20:07:11,959 [Datanode State Machine Thread - 0] INFO  ozoneimpl.OzoneContainer (OzoneContainer.java:startContainerScrub(179)) - Background container scanner has been disabled.
2019-10-02 20:07:11,959 [Datanode State Machine Thread - 0] INFO  ratis.XceiverServerRatis (XceiverServerRatis.java:start(411)) - Starting XceiverServerRatis 81ff2deb-7157-4d8f-a4d5-aed058e9ab00 at port 0
2019-10-02 20:07:11,966 [Datanode State Machine Thread - 0] INFO  impl.RaftServerProxy (RaftServerProxy.java:lambda$start$3(299)) - 81ff2deb-7157-4d8f-a4d5-aed058e9ab00: start RPC server
2019-10-02 20:07:11,967 [Datanode State Machine Thread - 0] INFO  server.GrpcService (GrpcService.java:startImpl(158)) - 81ff2deb-7157-4d8f-a4d5-aed058e9ab00: GrpcService started, listening on 0.0.0.0/0.0.0.0:38710
2019-10-02 20:07:11,967 [Datanode State Machine Thread - 0] INFO  ratis.XceiverServerRatis (XceiverServerRatis.java:start(421)) - XceiverServerRatis 81ff2deb-7157-4d8f-a4d5-aed058e9ab00 is started using port 38710
2019-10-02 20:07:11,967 [Datanode State Machine Thread - 0] INFO  server.XceiverServerGrpc (XceiverServerGrpc.java:start(149)) - XceiverServerGrpc 81ff2deb-7157-4d8f-a4d5-aed058e9ab00 is started using port 45649
2019-10-02 20:07:12,015 [Datanode State Machine Thread - 0] INFO  ozoneimpl.OzoneContainer (OzoneContainer.java:start(217)) - Attempting to start container services.
2019-10-02 20:07:12,015 [Datanode State Machine Thread - 0] INFO  ozoneimpl.OzoneContainer (OzoneContainer.java:startContainerScrub(179)) - Background container scanner has been disabled.
2019-10-02 20:07:12,015 [Datanode State Machine Thread - 0] INFO  ratis.XceiverServerRatis (XceiverServerRatis.java:start(411)) - Starting XceiverServerRatis 44d4b517-3ddb-4fc1-bbf9-9c978f45f9af at port 0
2019-10-02 20:07:12,020 [Datanode State Machine Thread - 0] INFO  impl.RaftServerProxy (RaftServerProxy.java:lambda$start$3(299)) - 44d4b517-3ddb-4fc1-bbf9-9c978f45f9af: start RPC server
2019-10-02 20:07:12,021 [Datanode State Machine Thread - 0] INFO  server.GrpcService (GrpcService.java:startImpl(158)) - 44d4b517-3ddb-4fc1-bbf9-9c978f45f9af: GrpcService started, listening on 0.0.0.0/0.0.0.0:43525
2019-10-02 20:07:12,022 [Datanode State Machine Thread - 0] INFO  ratis.XceiverServerRatis (XceiverServerRatis.java:start(421)) - XceiverServerRatis 44d4b517-3ddb-4fc1-bbf9-9c978f45f9af is started using port 43525
2019-10-02 20:07:12,022 [Datanode State Machine Thread - 0] INFO  server.XceiverServerGrpc (XceiverServerGrpc.java:start(149)) - XceiverServerGrpc 44d4b517-3ddb-4fc1-bbf9-9c978f45f9af is started using port 37988
2019-10-02 20:07:12,084 [Datanode State Machine Thread - 0] INFO  ozoneimpl.OzoneContainer (OzoneContainer.java:start(217)) - Attempting to start container services.
2019-10-02 20:07:12,084 [Datanode State Machine Thread - 0] INFO  ozoneimpl.OzoneContainer (OzoneContainer.java:startContainerScrub(179)) - Background container scanner has been disabled.
2019-10-02 20:07:12,084 [Datanode State Machine Thread - 0] INFO  ratis.XceiverServerRatis (XceiverServerRatis.java:start(411)) - Starting XceiverServerRatis 9b563795-2039-41be-9979-ae623f6b1773 at port 0
2019-10-02 20:07:12,091 [Datanode State Machine Thread - 0] INFO  impl.RaftServerProxy (RaftServerProxy.java:lambda$start$3(299)) - 9b563795-2039-41be-9979-ae623f6b1773: start RPC server
2019-10-02 20:07:12,094 [Datanode State Machine Thread - 0] INFO  server.GrpcService (GrpcService.java:startImpl(158)) - 9b563795-2039-41be-9979-ae623f6b1773: GrpcService started, listening on 0.0.0.0/0.0.0.0:33880
2019-10-02 20:07:12,094 [Datanode State Machine Thread - 0] INFO  ratis.XceiverServerRatis (XceiverServerRatis.java:start(421)) - XceiverServerRatis 9b563795-2039-41be-9979-ae623f6b1773 is started using port 33880
2019-10-02 20:07:12,094 [Datanode State Machine Thread - 0] INFO  server.XceiverServerGrpc (XceiverServerGrpc.java:start(149)) - XceiverServerGrpc 9b563795-2039-41be-9979-ae623f6b1773 is started using port 36791
2019-10-02 20:07:12,147 [Datanode State Machine Thread - 0] INFO  ozoneimpl.OzoneContainer (OzoneContainer.java:start(217)) - Attempting to start container services.
2019-10-02 20:07:12,147 [Datanode State Machine Thread - 0] INFO  ozoneimpl.OzoneContainer (OzoneContainer.java:startContainerScrub(179)) - Background container scanner has been disabled.
2019-10-02 20:07:12,147 [Datanode State Machine Thread - 0] INFO  ratis.XceiverServerRatis (XceiverServerRatis.java:start(411)) - Starting XceiverServerRatis 3093ea04-1862-4b93-9aff-542485acd0d6 at port 0
2019-10-02 20:07:12,152 [Datanode State Machine Thread - 0] INFO  impl.RaftServerProxy (RaftServerProxy.java:lambda$start$3(299)) - 3093ea04-1862-4b93-9aff-542485acd0d6: start RPC server
2019-10-02 20:07:12,155 [Datanode State Machine Thread - 0] INFO  server.GrpcService (GrpcService.java:startImpl(158)) - 3093ea04-1862-4b93-9aff-542485acd0d6: GrpcService started, listening on 0.0.0.0/0.0.0.0:40381
2019-10-02 20:07:12,156 [Datanode State Machine Thread - 0] INFO  ratis.XceiverServerRatis (XceiverServerRatis.java:start(421)) - XceiverServerRatis 3093ea04-1862-4b93-9aff-542485acd0d6 is started using port 40381
2019-10-02 20:07:12,156 [Datanode State Machine Thread - 0] INFO  server.XceiverServerGrpc (XceiverServerGrpc.java:start(149)) - XceiverServerGrpc 3093ea04-1862-4b93-9aff-542485acd0d6 is started using port 34123
2019-10-02 20:07:12,195 [main] INFO  ozone.MiniOzoneClusterImpl (MiniOzoneClusterImpl.java:lambda$waitForClusterToBeReady$0(147)) - Waiting for cluster to be ready. Got 0 of 7 DN Heartbeats.
2019-10-02 20:07:12,209 [Datanode State Machine Thread - 0] INFO  ozoneimpl.OzoneContainer (OzoneContainer.java:start(217)) - Attempting to start container services.
2019-10-02 20:07:12,210 [Datanode State Machine Thread - 0] INFO  ozoneimpl.OzoneContainer (OzoneContainer.java:startContainerScrub(179)) - Background container scanner has been disabled.
2019-10-02 20:07:12,210 [Datanode State Machine Thread - 0] INFO  ratis.XceiverServerRatis (XceiverServerRatis.java:start(411)) - Starting XceiverServerRatis 0ed46e5c-9531-4629-a01d-f4cb54996e4a at port 0
2019-10-02 20:07:12,216 [Datanode State Machine Thread - 0] INFO  impl.RaftServerProxy (RaftServerProxy.java:lambda$start$3(299)) - 0ed46e5c-9531-4629-a01d-f4cb54996e4a: start RPC server
2019-10-02 20:07:12,216 [Datanode State Machine Thread - 0] INFO  server.GrpcService (GrpcService.java:startImpl(158)) - 0ed46e5c-9531-4629-a01d-f4cb54996e4a: GrpcService started, listening on 0.0.0.0/0.0.0.0:45637
2019-10-02 20:07:12,216 [Datanode State Machine Thread - 0] INFO  ratis.XceiverServerRatis (XceiverServerRatis.java:start(421)) - XceiverServerRatis 0ed46e5c-9531-4629-a01d-f4cb54996e4a is started using port 45637
2019-10-02 20:07:12,217 [Datanode State Machine Thread - 0] INFO  server.XceiverServerGrpc (XceiverServerGrpc.java:start(149)) - XceiverServerGrpc 0ed46e5c-9531-4629-a01d-f4cb54996e4a is started using port 35822
2019-10-02 20:07:13,196 [main] INFO  ozone.MiniOzoneClusterImpl (MiniOzoneClusterImpl.java:lambda$waitForClusterToBeReady$0(147)) - Waiting for cluster to be ready. Got 0 of 7 DN Heartbeats.
2019-10-02 20:07:13,825 [IPC Server handler 0 on 36204] INFO  net.NetworkTopology (NetworkTopologyImpl.java:add(111)) - Added a new node: /default-rack/d5d753b5-1d96-4433-bb9c-73d1f78854d0
2019-10-02 20:07:13,827 [IPC Server handler 0 on 36204] INFO  node.SCMNodeManager (SCMNodeManager.java:register(266)) - Registered Data node : d5d753b5-1d96-4433-bb9c-73d1f78854d0{ip: 192.168.151.67, host: pr-hdds-2198-qvzm8-602720389, networkLocation: /default-rack, certSerialId: null}
2019-10-02 20:07:13,828 [EventQueue-NodeRegistrationContainerReportForDataNodeSafeModeRule] INFO  safemode.SCMSafeModeManager (DataNodeSafeModeRule.java:process(71)) - SCM in safe mode. 1 DataNodes registered, 1 required.
2019-10-02 20:07:13,830 [EventQueue-NodeRegistrationContainerReportForDataNodeSafeModeRule] INFO  safemode.SCMSafeModeManager (SCMSafeModeManager.java:validateSafeModeExitRules(177)) - ScmSafeModeManager, all rules are successfully validated
2019-10-02 20:07:13,831 [EventQueue-NodeRegistrationContainerReportForDataNodeSafeModeRule] INFO  safemode.SCMSafeModeManager (SCMSafeModeManager.java:exitSafeMode(193)) - SCM exiting safe mode.
2019-10-02 20:07:13,843 [grpc-default-executor-0] INFO  impl.RaftServerProxy (RaftServerProxy.java:addNew(89)) - d5d753b5-1d96-4433-bb9c-73d1f78854d0: addNew group-07C1483132F8:[d5d753b5-1d96-4433-bb9c-73d1f78854d0:192.168.151.67:36879] returns group-07C1483132F8:java.util.concurrent.CompletableFuture@67303a4a[Not completed]
2019-10-02 20:07:13,846 [pool-409-thread-1] INFO  impl.RaftServerImpl (RaftServerImpl.java:<init>(95)) - d5d753b5-1d96-4433-bb9c-73d1f78854d0: new RaftServerImpl for group-07C1483132F8:[d5d753b5-1d96-4433-bb9c-73d1f78854d0:192.168.151.67:36879] with ContainerStateMachine:uninitialized
2019-10-02 20:07:13,846 [pool-409-thread-1] INFO  server.RaftServerConfigKeys (ConfUtils.java:logGet(43)) - raft.server.rpc.timeout.min = 5s (custom)
2019-10-02 20:07:13,846 [pool-409-thread-1] INFO  server.RaftServerConfigKeys (ConfUtils.java:logGet(43)) - raft.server.rpc.timeout.max = 5200ms (custom)
2019-10-02 20:07:13,846 [pool-409-thread-1] INFO  server.RaftServerConfigKeys (ConfUtils.java:logGet(43)) - raft.server.rpcslowness.timeout = 120s (custom)
2019-10-02 20:07:13,846 [pool-409-thread-1] INFO  server.RaftServerConfigKeys (ConfUtils.java:logGet(43)) - raft.server.sleep.deviation.threshold = 300 (default)
2019-10-02 20:07:13,846 [pool-409-thread-1] INFO  server.RaftServerConfigKeys (ConfUtils.java:logGet(43)) - raft.server.log.appender.install.snapshot.enabled = false (custom)
2019-10-02 20:07:13,846 [pool-409-thread-1] INFO  impl.RaftServerImpl (ServerState.java:<init>(103)) - d5d753b5-1d96-4433-bb9c-73d1f78854d0@group-07C1483132F8: ConfigurationManager, init=-1: [d5d753b5-1d96-4433-bb9c-73d1f78854d0:192.168.151.67:36879], old=null, confs=<EMPTY_MAP>
2019-10-02 20:07:13,847 [pool-409-thread-1] INFO  server.RaftServerConfigKeys (ConfUtils.java:logGet(43)) - raft.server.storage.dir = [/workdir/hadoop-ozone/integration-test/target/test-dir/MiniOzoneClusterImpl-11e04269-4a3b-41a8-a8d0-fcdf29918043/datanode-0/data/ratis] (custom)
2019-10-02 20:07:13,847 [pool-409-thread-1] INFO  storage.RaftStorageDirectory (RaftStorageDirectory.java:analyzeStorage(246)) - The storage directory /workdir/hadoop-ozone/integration-test/target/test-dir/MiniOzoneClusterImpl-11e04269-4a3b-41a8-a8d0-fcdf29918043/datanode-0/data/ratis/3e3b0df9-5ef5-4106-9a7d-07c1483132f8 does not exist. Creating ...
2019-10-02 20:07:13,861 [pool-409-thread-1] INFO  storage.RaftStorageDirectory (RaftStorageDirectory.java:tryLock(328)) - Lock on /workdir/hadoop-ozone/integration-test/target/test-dir/MiniOzoneClusterImpl-11e04269-4a3b-41a8-a8d0-fcdf29918043/datanode-0/data/ratis/3e3b0df9-5ef5-4106-9a7d-07c1483132f8/in_use.lock acquired by nodename 22996@pr-hdds-2198-qvzm8-602720389
2019-10-02 20:07:13,874 [pool-409-thread-1] INFO  storage.RaftStorage (RaftStorage.java:format(72)) - Storage directory /workdir/hadoop-ozone/integration-test/target/test-dir/MiniOzoneClusterImpl-11e04269-4a3b-41a8-a8d0-fcdf29918043/datanode-0/data/ratis/3e3b0df9-5ef5-4106-9a7d-07c1483132f8 has been successfully formatted.
2019-10-02 20:07:13,874 [pool-409-thread-1] INFO  ratis.ContainerStateMachine (ContainerStateMachine.java:loadSnapshot(230)) - group-07C1483132F8: The snapshot info is null. Setting the last applied indexto:(t:0, i:~)
2019-10-02 20:07:13,874 [pool-409-thread-1] INFO  server.RaftServerConfigKeys (ConfUtils.java:logGet(43)) - raft.server.notification.no-leader.timeout = 120s (custom)
2019-10-02 20:07:13,875 [pool-409-thread-1] INFO  server.RaftServerConfigKeys (ConfUtils.java:logGet(43)) - raft.server.log.use.memory = false (default)
2019-10-02 20:07:13,875 [pool-409-thread-1] INFO  server.RaftServerConfigKeys (ConfUtils.java:logGet(43)) - raft.server.log.purge.gap = 1000000 (custom)
2019-10-02 20:07:13,875 [pool-409-thread-1] INFO  server.RaftServerConfigKeys (ConfUtils.java:logGet(43)) - raft.server.log.appender.buffer.byte-limit = 33554432 (custom)
2019-10-02 20:07:13,875 [pool-409-thread-1] INFO  server.RaftServerConfigKeys (ConfUtils.java:logGet(43)) - raft.server.log.segment.size.max = 1048576 (custom)
2019-10-02 20:07:13,875 [pool-409-thread-1] INFO  server.RaftServerConfigKeys (ConfUtils.java:logGet(43)) - raft.server.log.segment.cache.num.max = 2 (custom)
2019-10-02 20:07:13,875 [pool-409-thread-1] INFO  segmented.SegmentedRaftLogWorker (SegmentedRaftLogWorker.java:<init>(172)) - new d5d753b5-1d96-4433-bb9c-73d1f78854d0@group-07C1483132F8-SegmentedRaftLogWorker for RaftStorage:Storage Directory /workdir/hadoop-ozone/integration-test/target/test-dir/MiniOzoneClusterImpl-11e04269-4a3b-41a8-a8d0-fcdf29918043/datanode-0/data/ratis/3e3b0df9-5ef5-4106-9a7d-07c1483132f8
2019-10-02 20:07:13,877 [pool-409-thread-1] INFO  server.RaftServerConfigKeys (ConfUtils.java:logGet(43)) - raft.server.log.queue.byte-limit = 2147483647 (custom)
2019-10-02 20:07:13,877 [pool-409-thread-1] INFO  server.RaftServerConfigKeys (ConfUtils.java:logGet(43)) - raft.server.log.queue.element-limit = 1024 (custom)
2019-10-02 20:07:13,877 [pool-409-thread-1] INFO  server.RaftServerConfigKeys (ConfUtils.java:logGet(43)) - raft.server.log.segment.size.max = 1048576 (custom)
2019-10-02 20:07:13,877 [pool-409-thread-1] INFO  server.RaftServerConfigKeys (ConfUtils.java:logGet(43)) - raft.server.log.preallocated.size = 16384 (custom)
2019-10-02 20:07:13,877 [pool-409-thread-1] INFO  server.RaftServerConfigKeys (ConfUtils.java:logGet(43)) - raft.server.log.write.buffer.size = 33554432 (custom)
2019-10-02 20:07:13,878 [pool-409-thread-1] INFO  server.RaftServerConfigKeys (ConfUtils.java:logGet(43)) - raft.server.log.force.sync.num = 128 (default)
2019-10-02 20:07:13,878 [pool-409-thread-1] INFO  server.RaftServerConfigKeys (ConfUtils.java:logGet(43)) - raft.server.log.statemachine.data.sync = true (default)
2019-10-02 20:07:13,878 [pool-409-thread-1] INFO  server.RaftServerConfigKeys (ConfUtils.java:logGet(43)) - raft.server.log.statemachine.data.sync.timeout = 10s (default)
2019-10-02 20:07:13,878 [pool-409-thread-1] INFO  server.RaftServerConfigKeys (ConfUtils.java:logGet(43)) - raft.server.log.statemachine.data.sync.timeout.retry = -1 (default)
2019-10-02 20:07:13,878 [pool-409-thread-1] INFO  server.RaftServerConfigKeys (ConfUtils.java:logGet(43)) - raft.server.log.statemachine.data.caching.enabled = true (custom)
2019-10-02 20:07:13,878 [pool-409-thread-1] INFO  segmented.SegmentedRaftLogWorker (SegmentedRaftLogWorker.java:lambda$new$0(132)) - d5d753b5-1d96-4433-bb9c-73d1f78854d0@group-07C1483132F8-SegmentedRaftLogWorker: flushIndex: setUnconditionally 0 -> -1
2019-10-02 20:07:13,879 [pool-409-thread-1] INFO  server.RaftServerConfigKeys (ConfUtils.java:logGet(43)) - raft.server.snapshot.auto.trigger.enabled = true (custom)
2019-10-02 20:07:13,879 [pool-409-thread-1] INFO  server.RaftServerConfigKeys (ConfUtils.java:logGet(43)) - raft.server.snapshot.auto.trigger.threshold = 10000 (custom)
2019-10-02 20:07:13,879 [pool-409-thread-1] INFO  server.RaftServerConfigKeys (ConfUtils.java:logGet(43)) - raft.server.snapshot.retention.num.files = 5 (custom)
2019-10-02 20:07:13,879 [pool-409-thread-1] INFO  server.RaftServerConfigKeys (ConfUtils.java:logGet(43)) - raft.server.retrycache.expirytime = 600000ms (custom)
2019-10-02 20:07:13,880 [pool-409-thread-1] INFO  impl.RaftServerImpl (RaftServerImpl.java:start(185)) - d5d753b5-1d96-4433-bb9c-73d1f78854d0@group-07C1483132F8: start as a follower, conf=-1: [d5d753b5-1d96-4433-bb9c-73d1f78854d0:192.168.151.67:36879], old=null
2019-10-02 20:07:13,880 [pool-409-thread-1] INFO  impl.RaftServerImpl (RaftServerImpl.java:setRole(174)) - d5d753b5-1d96-4433-bb9c-73d1f78854d0@group-07C1483132F8: changes role from      null to FOLLOWER at term 0 for startAsFollower
2019-10-02 20:07:13,880 [pool-409-thread-1] INFO  impl.RoleInfo (RoleInfo.java:updateAndGet(143)) - d5d753b5-1d96-4433-bb9c-73d1f78854d0: start FollowerState
2019-10-02 20:07:13,881 [pool-409-thread-1] INFO  util.JmxRegister (JmxRegister.java:tryRegister(44)) - Successfully registered JMX Bean with object name Ratis:service=RaftServer,group=group-07C1483132F8,id=d5d753b5-1d96-4433-bb9c-73d1f78854d0
2019-10-02 20:07:13,882 [IPC Server handler 1 on 36204] INFO  net.NetworkTopology (NetworkTopologyImpl.java:add(111)) - Added a new node: /default-rack/164a8da4-05a2-452c-b3c9-0e3107feaeed
2019-10-02 20:07:13,882 [IPC Server handler 1 on 36204] INFO  node.SCMNodeManager (SCMNodeManager.java:register(266)) - Registered Data node : 164a8da4-05a2-452c-b3c9-0e3107feaeed{ip: 192.168.151.67, host: pr-hdds-2198-qvzm8-602720389, networkLocation: /default-rack, certSerialId: null}
2019-10-02 20:07:13,885 [RatisPipelineUtilsThread] INFO  pipeline.PipelineStateManager (PipelineStateManager.java:addPipeline(56)) - Created pipeline Pipeline[ Id: 3e3b0df9-5ef5-4106-9a7d-07c1483132f8, Nodes: d5d753b5-1d96-4433-bb9c-73d1f78854d0{ip: 192.168.151.67, host: pr-hdds-2198-qvzm8-602720389, networkLocation: /default-rack, certSerialId: null}, Type:RATIS, Factor:ONE, State:OPEN]
2019-10-02 20:07:13,896 [grpc-default-executor-0] INFO  impl.RaftServerProxy (RaftServerProxy.java:addNew(89)) - 164a8da4-05a2-452c-b3c9-0e3107feaeed: addNew group-C138DCE23BF8:[164a8da4-05a2-452c-b3c9-0e3107feaeed:192.168.151.67:45180] returns group-C138DCE23BF8:java.util.concurrent.CompletableFuture@7362ec18[Not completed]
2019-10-02 20:07:13,898 [pool-419-thread-1] INFO  impl.RaftServerImpl (RaftServerImpl.java:<init>(95)) - 164a8da4-05a2-452c-b3c9-0e3107feaeed: new RaftServerImpl for group-C138DCE23BF8:[164a8da4-05a2-452c-b3c9-0e3107feaeed:192.168.151.67:45180] with ContainerStateMachine:uninitialized
2019-10-02 20:07:13,898 [pool-419-thread-1] INFO  server.RaftServerConfigKeys (ConfUtils.java:logGet(43)) - raft.server.rpc.timeout.min = 5s (custom)
2019-10-02 20:07:13,899 [pool-419-thread-1] INFO  server.RaftServerConfigKeys (ConfUtils.java:logGet(43)) - raft.server.rpc.timeout.max = 5200ms (custom)
2019-10-02 20:07:13,899 [pool-419-thread-1] INFO  server.RaftServerConfigKeys (ConfUtils.java:logGet(43)) - raft.server.rpcslowness.timeout = 120s (custom)
2019-10-02 20:07:13,899 [pool-419-thread-1] INFO  server.RaftServerConfigKeys (ConfUtils.java:logGet(43)) - raft.server.sleep.deviation.threshold = 300 (default)
2019-10-02 20:07:13,899 [pool-419-thread-1] INFO  server.RaftServerConfigKeys (ConfUtils.java:logGet(43)) - raft.server.log.appender.install.snapshot.enabled = false (custom)
2019-10-02 20:07:13,899 [pool-419-thread-1] INFO  impl.RaftServerImpl (ServerState.java:<init>(103)) - 164a8da4-05a2-452c-b3c9-0e3107feaeed@group-C138DCE23BF8: ConfigurationManager, init=-1: [164a8da4-05a2-452c-b3c9-0e3107feaeed:192.168.151.67:45180], old=null, confs=<EMPTY_MAP>
2019-10-02 20:07:13,900 [pool-419-thread-1] INFO  server.RaftServerConfigKeys (ConfUtils.java:logGet(43)) - raft.server.storage.dir = [/workdir/hadoop-ozone/integration-test/target/test-dir/MiniOzoneClusterImpl-11e04269-4a3b-41a8-a8d0-fcdf29918043/datanode-1/data/ratis] (custom)
2019-10-02 20:07:13,900 [pool-419-thread-1] INFO  storage.RaftStorageDirectory (RaftStorageDirectory.java:analyzeStorage(246)) - The storage directory /workdir/hadoop-ozone/integration-test/target/test-dir/MiniOzoneClusterImpl-11e04269-4a3b-41a8-a8d0-fcdf29918043/datanode-1/data/ratis/688ffb22-88c0-4485-b074-c138dce23bf8 does not exist. Creating ...
2019-10-02 20:07:13,913 [pool-419-thread-1] INFO  storage.RaftStorageDirectory (RaftStorageDirectory.java:tryLock(328)) - Lock on /workdir/hadoop-ozone/integration-test/target/test-dir/MiniOzoneClusterImpl-11e04269-4a3b-41a8-a8d0-fcdf29918043/datanode-1/data/ratis/688ffb22-88c0-4485-b074-c138dce23bf8/in_use.lock acquired by nodename 22996@pr-hdds-2198-qvzm8-602720389
2019-10-02 20:07:13,927 [pool-419-thread-1] INFO  storage.RaftStorage (RaftStorage.java:format(72)) - Storage directory /workdir/hadoop-ozone/integration-test/target/test-dir/MiniOzoneClusterImpl-11e04269-4a3b-41a8-a8d0-fcdf29918043/datanode-1/data/ratis/688ffb22-88c0-4485-b074-c138dce23bf8 has been successfully formatted.
2019-10-02 20:07:13,927 [pool-419-thread-1] INFO  ratis.ContainerStateMachine (ContainerStateMachine.java:loadSnapshot(230)) - group-C138DCE23BF8: The snapshot info is null. Setting the last applied indexto:(t:0, i:~)
2019-10-02 20:07:13,927 [pool-419-thread-1] INFO  server.RaftServerConfigKeys (ConfUtils.java:logGet(43)) - raft.server.notification.no-leader.timeout = 120s (custom)
2019-10-02 20:07:13,928 [pool-419-thread-1] INFO  server.RaftServerConfigKeys (ConfUtils.java:logGet(43)) - raft.server.log.use.memory = false (default)
2019-10-02 20:07:13,928 [pool-419-thread-1] INFO  server.RaftServerConfigKeys (ConfUtils.java:logGet(43)) - raft.server.log.purge.gap = 1000000 (custom)
2019-10-02 20:07:13,928 [pool-419-thread-1] INFO  server.RaftServerConfigKeys (ConfUtils.java:logGet(43)) - raft.server.log.appender.buffer.byte-limit = 33554432 (custom)
2019-10-02 20:07:13,928 [pool-419-thread-1] INFO  server.RaftServerConfigKeys (ConfUtils.java:logGet(43)) - raft.server.log.segment.size.max = 1048576 (custom)
2019-10-02 20:07:13,928 [pool-419-thread-1] INFO  server.RaftServerConfigKeys (ConfUtils.java:logGet(43)) - raft.server.log.segment.cache.num.max = 2 (custom)
2019-10-02 20:07:13,929 [pool-419-thread-1] INFO  segmented.SegmentedRaftLogWorker (SegmentedRaftLogWorker.java:<init>(172)) - new 164a8da4-05a2-452c-b3c9-0e3107feaeed@group-C138DCE23BF8-SegmentedRaftLogWorker for RaftStorage:Storage Directory /workdir/hadoop-ozone/integration-test/target/test-dir/MiniOzoneClusterImpl-11e04269-4a3b-41a8-a8d0-fcdf29918043/datanode-1/data/ratis/688ffb22-88c0-4485-b074-c138dce23bf8
2019-10-02 20:07:13,932 [pool-419-thread-1] INFO  server.RaftServerConfigKeys (ConfUtils.java:logGet(43)) - raft.server.log.queue.byte-limit = 2147483647 (custom)
2019-10-02 20:07:13,932 [pool-419-thread-1] INFO  server.RaftServerConfigKeys (ConfUtils.java:logGet(43)) - raft.server.log.queue.element-limit = 1024 (custom)
2019-10-02 20:07:13,932 [pool-419-thread-1] INFO  server.RaftServerConfigKeys (ConfUtils.java:logGet(43)) - raft.server.log.segment.size.max = 1048576 (custom)
2019-10-02 20:07:13,932 [pool-419-thread-1] INFO  server.RaftServerConfigKeys (ConfUtils.java:logGet(43)) - raft.server.log.preallocated.size = 16384 (custom)
2019-10-02 20:07:13,932 [pool-419-thread-1] INFO  server.RaftServerConfigKeys (ConfUtils.java:logGet(43)) - raft.server.log.write.buffer.size = 33554432 (custom)
2019-10-02 20:07:13,933 [pool-419-thread-1] INFO  server.RaftServerConfigKeys (ConfUtils.java:logGet(43)) - raft.server.log.force.sync.num = 128 (default)
2019-10-02 20:07:13,933 [pool-419-thread-1] INFO  server.RaftServerConfigKeys (ConfUtils.java:logGet(43)) - raft.server.log.statemachine.data.sync = true (default)
2019-10-02 20:07:13,933 [pool-419-thread-1] INFO  server.RaftServerConfigKeys (ConfUtils.java:logGet(43)) - raft.server.log.statemachine.data.sync.timeout = 10s (default)
2019-10-02 20:07:13,933 [pool-419-thread-1] INFO  server.RaftServerConfigKeys (ConfUtils.java:logGet(43)) - raft.server.log.statemachine.data.sync.timeout.retry = -1 (default)
2019-10-02 20:07:13,933 [pool-419-thread-1] INFO  server.RaftServerConfigKeys (ConfUtils.java:logGet(43)) - raft.server.log.statemachine.data.caching.enabled = true (custom)
2019-10-02 20:07:13,934 [pool-419-thread-1] INFO  segmented.SegmentedRaftLogWorker (SegmentedRaftLogWorker.java:lambda$new$0(132)) - 164a8da4-05a2-452c-b3c9-0e3107feaeed@group-C138DCE23BF8-SegmentedRaftLogWorker: flushIndex: setUnconditionally 0 -> -1
2019-10-02 20:07:13,934 [pool-419-thread-1] INFO  server.RaftServerConfigKeys (ConfUtils.java:logGet(43)) - raft.server.snapshot.auto.trigger.enabled = true (custom)
2019-10-02 20:07:13,934 [pool-419-thread-1] INFO  server.RaftServerConfigKeys (ConfUtils.java:logGet(43)) - raft.server.snapshot.auto.trigger.threshold = 10000 (custom)
2019-10-02 20:07:13,934 [pool-419-thread-1] INFO  server.RaftServerConfigKeys (ConfUtils.java:logGet(43)) - raft.server.snapshot.retention.num.files = 5 (custom)
2019-10-02 20:07:13,934 [pool-419-thread-1] INFO  server.RaftServerConfigKeys (ConfUtils.java:logGet(43)) - raft.server.retrycache.expirytime = 600000ms (custom)
2019-10-02 20:07:13,936 [pool-419-thread-1] INFO  impl.RaftServerImpl (RaftServerImpl.java:start(185)) - 164a8da4-05a2-452c-b3c9-0e3107feaeed@group-C138DCE23BF8: start as a follower, conf=-1: [164a8da4-05a2-452c-b3c9-0e3107feaeed:192.168.151.67:45180], old=null
2019-10-02 20:07:13,936 [pool-419-thread-1] INFO  impl.RaftServerImpl (RaftServerImpl.java:setRole(174)) - 164a8da4-05a2-452c-b3c9-0e3107feaeed@group-C138DCE23BF8: changes role from      null to FOLLOWER at term 0 for startAsFollower
2019-10-02 20:07:13,937 [pool-419-thread-1] INFO  impl.RoleInfo (RoleInfo.java:updateAndGet(143)) - 164a8da4-05a2-452c-b3c9-0e3107feaeed: start FollowerState
2019-10-02 20:07:13,937 [pool-419-thread-1] INFO  util.JmxRegister (JmxRegister.java:tryRegister(44)) - Successfully registered JMX Bean with object name Ratis:service=RaftServer,group=group-C138DCE23BF8,id=164a8da4-05a2-452c-b3c9-0e3107feaeed
2019-10-02 20:07:13,939 [RatisPipelineUtilsThread] INFO  pipeline.PipelineStateManager (PipelineStateManager.java:addPipeline(56)) - Created pipeline Pipeline[ Id: 688ffb22-88c0-4485-b074-c138dce23bf8, Nodes: 164a8da4-05a2-452c-b3c9-0e3107feaeed{ip: 192.168.151.67, host: pr-hdds-2198-qvzm8-602720389, networkLocation: /default-rack, certSerialId: null}, Type:RATIS, Factor:ONE, State:OPEN]
2019-10-02 20:07:13,953 [IPC Server handler 3 on 36204] INFO  net.NetworkTopology (NetworkTopologyImpl.java:add(111)) - Added a new node: /default-rack/81ff2deb-7157-4d8f-a4d5-aed058e9ab00
2019-10-02 20:07:13,956 [IPC Server handler 3 on 36204] INFO  node.SCMNodeManager (SCMNodeManager.java:register(266)) - Registered Data node : 81ff2deb-7157-4d8f-a4d5-aed058e9ab00{ip: 192.168.151.67, host: pr-hdds-2198-qvzm8-602720389, networkLocation: /default-rack, certSerialId: null}
2019-10-02 20:07:13,961 [grpc-default-executor-0] INFO  impl.RaftServerProxy (RaftServerProxy.java:addNew(89)) - 81ff2deb-7157-4d8f-a4d5-aed058e9ab00: addNew group-AE9DBDAD608D:[81ff2deb-7157-4d8f-a4d5-aed058e9ab00:192.168.151.67:38710] returns group-AE9DBDAD608D:java.util.concurrent.CompletableFuture@116a3b54[Not completed]
2019-10-02 20:07:13,962 [pool-429-thread-1] INFO  impl.RaftServerImpl (RaftServerImpl.java:<init>(95)) - 81ff2deb-7157-4d8f-a4d5-aed058e9ab00: new RaftServerImpl for group-AE9DBDAD608D:[81ff2deb-7157-4d8f-a4d5-aed058e9ab00:192.168.151.67:38710] with ContainerStateMachine:uninitialized
2019-10-02 20:07:13,963 [pool-429-thread-1] INFO  server.RaftServerConfigKeys (ConfUtils.java:logGet(43)) - raft.server.rpc.timeout.min = 5s (custom)
2019-10-02 20:07:13,963 [pool-429-thread-1] INFO  server.RaftServerConfigKeys (ConfUtils.java:logGet(43)) - raft.server.rpc.timeout.max = 5200ms (custom)
2019-10-02 20:07:13,963 [pool-429-thread-1] INFO  server.RaftServerConfigKeys (ConfUtils.java:logGet(43)) - raft.server.rpcslowness.timeout = 120s (custom)
2019-10-02 20:07:13,963 [pool-429-thread-1] INFO  server.RaftServerConfigKeys (ConfUtils.java:logGet(43)) - raft.server.sleep.deviation.threshold = 300 (default)
2019-10-02 20:07:13,963 [pool-429-thread-1] INFO  server.RaftServerConfigKeys (ConfUtils.java:logGet(43)) - raft.server.log.appender.install.snapshot.enabled = false (custom)
2019-10-02 20:07:13,963 [pool-429-thread-1] INFO  impl.RaftServerImpl (ServerState.java:<init>(103)) - 81ff2deb-7157-4d8f-a4d5-aed058e9ab00@group-AE9DBDAD608D: ConfigurationManager, init=-1: [81ff2deb-7157-4d8f-a4d5-aed058e9ab00:192.168.151.67:38710], old=null, confs=<EMPTY_MAP>
2019-10-02 20:07:13,963 [pool-429-thread-1] INFO  server.RaftServerConfigKeys (ConfUtils.java:logGet(43)) - raft.server.storage.dir = [/workdir/hadoop-ozone/integration-test/target/test-dir/MiniOzoneClusterImpl-11e04269-4a3b-41a8-a8d0-fcdf29918043/datanode-2/data/ratis] (custom)
2019-10-02 20:07:13,964 [pool-429-thread-1] INFO  storage.RaftStorageDirectory (RaftStorageDirectory.java:analyzeStorage(246)) - The storage directory /workdir/hadoop-ozone/integration-test/target/test-dir/MiniOzoneClusterImpl-11e04269-4a3b-41a8-a8d0-fcdf29918043/datanode-2/data/ratis/dd473a1f-d535-498b-8565-ae9dbdad608d does not exist. Creating ...
2019-10-02 20:07:13,977 [pool-429-thread-1] INFO  storage.RaftStorageDirectory (RaftStorageDirectory.java:tryLock(328)) - Lock on /workdir/hadoop-ozone/integration-test/target/test-dir/MiniOzoneClusterImpl-11e04269-4a3b-41a8-a8d0-fcdf29918043/datanode-2/data/ratis/dd473a1f-d535-498b-8565-ae9dbdad608d/in_use.lock acquired by nodename 22996@pr-hdds-2198-qvzm8-602720389
2019-10-02 20:07:13,990 [pool-429-thread-1] INFO  storage.RaftStorage (RaftStorage.java:format(72)) - Storage directory /workdir/hadoop-ozone/integration-test/target/test-dir/MiniOzoneClusterImpl-11e04269-4a3b-41a8-a8d0-fcdf29918043/datanode-2/data/ratis/dd473a1f-d535-498b-8565-ae9dbdad608d has been successfully formatted.
2019-10-02 20:07:13,990 [pool-429-thread-1] INFO  ratis.ContainerStateMachine (ContainerStateMachine.java:loadSnapshot(230)) - group-AE9DBDAD608D: The snapshot info is null. Setting the last applied indexto:(t:0, i:~)
2019-10-02 20:07:13,990 [pool-429-thread-1] INFO  server.RaftServerConfigKeys (ConfUtils.java:logGet(43)) - raft.server.notification.no-leader.timeout = 120s (custom)
2019-10-02 20:07:13,990 [pool-429-thread-1] INFO  server.RaftServerConfigKeys (ConfUtils.java:logGet(43)) - raft.server.log.use.memory = false (default)
2019-10-02 20:07:13,991 [pool-429-thread-1] INFO  server.RaftServerConfigKeys (ConfUtils.java:logGet(43)) - raft.server.log.purge.gap = 1000000 (custom)
2019-10-02 20:07:13,991 [pool-429-thread-1] INFO  server.RaftServerConfigKeys (ConfUtils.java:logGet(43)) - raft.server.log.appender.buffer.byte-limit = 33554432 (custom)
2019-10-02 20:07:13,991 [pool-429-thread-1] INFO  server.RaftServerConfigKeys (ConfUtils.java:logGet(43)) - raft.server.log.segment.size.max = 1048576 (custom)
2019-10-02 20:07:13,991 [pool-429-thread-1] INFO  server.RaftServerConfigKeys (ConfUtils.java:logGet(43)) - raft.server.log.segment.cache.num.max = 2 (custom)
2019-10-02 20:07:13,991 [pool-429-thread-1] INFO  segmented.SegmentedRaftLogWorker (SegmentedRaftLogWorker.java:<init>(172)) - new 81ff2deb-7157-4d8f-a4d5-aed058e9ab00@group-AE9DBDAD608D-SegmentedRaftLogWorker for RaftStorage:Storage Directory /workdir/hadoop-ozone/integration-test/target/test-dir/MiniOzoneClusterImpl-11e04269-4a3b-41a8-a8d0-fcdf29918043/datanode-2/data/ratis/dd473a1f-d535-498b-8565-ae9dbdad608d
2019-10-02 20:07:13,994 [pool-429-thread-1] INFO  server.RaftServerConfigKeys (ConfUtils.java:logGet(43)) - raft.server.log.queue.byte-limit = 2147483647 (custom)
2019-10-02 20:07:13,994 [pool-429-thread-1] INFO  server.RaftServerConfigKeys (ConfUtils.java:logGet(43)) - raft.server.log.queue.element-limit = 1024 (custom)
2019-10-02 20:07:13,994 [pool-429-thread-1] INFO  server.RaftServerConfigKeys (ConfUtils.java:logGet(43)) - raft.server.log.segment.size.max = 1048576 (custom)
2019-10-02 20:07:13,994 [pool-429-thread-1] INFO  server.RaftServerConfigKeys (ConfUtils.java:logGet(43)) - raft.server.log.preallocated.size = 16384 (custom)
2019-10-02 20:07:13,994 [pool-429-thread-1] INFO  server.RaftServerConfigKeys (ConfUtils.java:logGet(43)) - raft.server.log.write.buffer.size = 33554432 (custom)
2019-10-02 20:07:13,995 [pool-429-thread-1] INFO  server.RaftServerConfigKeys (ConfUtils.java:logGet(43)) - raft.server.log.force.sync.num = 128 (default)
2019-10-02 20:07:13,995 [pool-429-thread-1] INFO  server.RaftServerConfigKeys (ConfUtils.java:logGet(43)) - raft.server.log.statemachine.data.sync = true (default)
2019-10-02 20:07:13,995 [pool-429-thread-1] INFO  server.RaftServerConfigKeys (ConfUtils.java:logGet(43)) - raft.server.log.statemachine.data.sync.timeout = 10s (default)
2019-10-02 20:07:13,995 [pool-429-thread-1] INFO  server.RaftServerConfigKeys (ConfUtils.java:logGet(43)) - raft.server.log.statemachine.data.sync.timeout.retry = -1 (default)
2019-10-02 20:07:13,995 [pool-429-thread-1] INFO  server.RaftServerConfigKeys (ConfUtils.java:logGet(43)) - raft.server.log.statemachine.data.caching.enabled = true (custom)
2019-10-02 20:07:13,996 [pool-429-thread-1] INFO  segmented.SegmentedRaftLogWorker (SegmentedRaftLogWorker.java:lambda$new$0(132)) - 81ff2deb-7157-4d8f-a4d5-aed058e9ab00@group-AE9DBDAD608D-SegmentedRaftLogWorker: flushIndex: setUnconditionally 0 -> -1
2019-10-02 20:07:13,996 [pool-429-thread-1] INFO  server.RaftServerConfigKeys (ConfUtils.java:logGet(43)) - raft.server.snapshot.auto.trigger.enabled = true (custom)
2019-10-02 20:07:13,996 [pool-429-thread-1] INFO  server.RaftServerConfigKeys (ConfUtils.java:logGet(43)) - raft.server.snapshot.auto.trigger.threshold = 10000 (custom)
2019-10-02 20:07:13,997 [pool-429-thread-1] INFO  server.RaftServerConfigKeys (ConfUtils.java:logGet(43)) - raft.server.snapshot.retention.num.files = 5 (custom)
2019-10-02 20:07:13,997 [pool-429-thread-1] INFO  server.RaftServerConfigKeys (ConfUtils.java:logGet(43)) - raft.server.retrycache.expirytime = 600000ms (custom)
2019-10-02 20:07:13,999 [pool-429-thread-1] INFO  impl.RaftServerImpl (RaftServerImpl.java:start(185)) - 81ff2deb-7157-4d8f-a4d5-aed058e9ab00@group-AE9DBDAD608D: start as a follower, conf=-1: [81ff2deb-7157-4d8f-a4d5-aed058e9ab00:192.168.151.67:38710], old=null
2019-10-02 20:07:13,999 [pool-429-thread-1] INFO  impl.RaftServerImpl (RaftServerImpl.java:setRole(174)) - 81ff2deb-7157-4d8f-a4d5-aed058e9ab00@group-AE9DBDAD608D: changes role from      null to FOLLOWER at term 0 for startAsFollower
2019-10-02 20:07:13,999 [pool-429-thread-1] INFO  impl.RoleInfo (RoleInfo.java:updateAndGet(143)) - 81ff2deb-7157-4d8f-a4d5-aed058e9ab00: start FollowerState
2019-10-02 20:07:14,000 [pool-429-thread-1] INFO  util.JmxRegister (JmxRegister.java:tryRegister(44)) - Successfully registered JMX Bean with object name Ratis:service=RaftServer,group=group-AE9DBDAD608D,id=81ff2deb-7157-4d8f-a4d5-aed058e9ab00
2019-10-02 20:07:14,002 [RatisPipelineUtilsThread] INFO  pipeline.PipelineStateManager (PipelineStateManager.java:addPipeline(56)) - Created pipeline Pipeline[ Id: dd473a1f-d535-498b-8565-ae9dbdad608d, Nodes: 81ff2deb-7157-4d8f-a4d5-aed058e9ab00{ip: 192.168.151.67, host: pr-hdds-2198-qvzm8-602720389, networkLocation: /default-rack, certSerialId: null}, Type:RATIS, Factor:ONE, State:OPEN]
2019-10-02 20:07:14,005 [IPC Server handler 4 on 36204] INFO  net.NetworkTopology (NetworkTopologyImpl.java:add(111)) - Added a new node: /default-rack/44d4b517-3ddb-4fc1-bbf9-9c978f45f9af
2019-10-02 20:07:14,005 [IPC Server handler 4 on 36204] INFO  node.SCMNodeManager (SCMNodeManager.java:register(266)) - Registered Data node : 44d4b517-3ddb-4fc1-bbf9-9c978f45f9af{ip: 192.168.151.67, host: pr-hdds-2198-qvzm8-602720389, networkLocation: /default-rack, certSerialId: null}
2019-10-02 20:07:14,014 [grpc-default-executor-8] INFO  impl.RaftServerProxy (RaftServerProxy.java:addNew(89)) - d5d753b5-1d96-4433-bb9c-73d1f78854d0: addNew group-5F2DF60E9BEC:[d5d753b5-1d96-4433-bb9c-73d1f78854d0:192.168.151.67:36879, 164a8da4-05a2-452c-b3c9-0e3107feaeed:192.168.151.67:45180, 81ff2deb-7157-4d8f-a4d5-aed058e9ab00:192.168.151.67:38710] returns group-5F2DF60E9BEC:java.util.concurrent.CompletableFuture@7213fc5b[Not completed]
2019-10-02 20:07:14,014 [grpc-default-executor-5] INFO  impl.RaftServerProxy (RaftServerProxy.java:addNew(89)) - 81ff2deb-7157-4d8f-a4d5-aed058e9ab00: addNew group-5F2DF60E9BEC:[d5d753b5-1d96-4433-bb9c-73d1f78854d0:192.168.151.67:36879, 164a8da4-05a2-452c-b3c9-0e3107feaeed:192.168.151.67:45180, 81ff2deb-7157-4d8f-a4d5-aed058e9ab00:192.168.151.67:38710] returns group-5F2DF60E9BEC:java.util.concurrent.CompletableFuture@303473d4[Not completed]
2019-10-02 20:07:14,015 [grpc-default-executor-0] INFO  impl.RaftServerProxy (RaftServerProxy.java:addNew(89)) - 164a8da4-05a2-452c-b3c9-0e3107feaeed: addNew group-5F2DF60E9BEC:[d5d753b5-1d96-4433-bb9c-73d1f78854d0:192.168.151.67:36879, 164a8da4-05a2-452c-b3c9-0e3107feaeed:192.168.151.67:45180, 81ff2deb-7157-4d8f-a4d5-aed058e9ab00:192.168.151.67:38710] returns group-5F2DF60E9BEC:java.util.concurrent.CompletableFuture@539ee772[Not completed]
2019-10-02 20:07:14,016 [pool-429-thread-1] INFO  impl.RaftServerImpl (RaftServerImpl.java:<init>(95)) - 81ff2deb-7157-4d8f-a4d5-aed058e9ab00: new RaftServerImpl for group-5F2DF60E9BEC:[d5d753b5-1d96-4433-bb9c-73d1f78854d0:192.168.151.67:36879, 164a8da4-05a2-452c-b3c9-0e3107feaeed:192.168.151.67:45180, 81ff2deb-7157-4d8f-a4d5-aed058e9ab00:192.168.151.67:38710] with ContainerStateMachine:uninitialized
2019-10-02 20:07:14,016 [pool-429-thread-1] INFO  server.RaftServerConfigKeys (ConfUtils.java:logGet(43)) - raft.server.rpc.timeout.min = 5s (custom)
2019-10-02 20:07:14,016 [pool-429-thread-1] INFO  server.RaftServerConfigKeys (ConfUtils.java:logGet(43)) - raft.server.rpc.timeout.max = 5200ms (custom)
2019-10-02 20:07:14,017 [pool-419-thread-1] INFO  impl.RaftServerImpl (RaftServerImpl.java:<init>(95)) - 164a8da4-05a2-452c-b3c9-0e3107feaeed: new RaftServerImpl for group-5F2DF60E9BEC:[d5d753b5-1d96-4433-bb9c-73d1f78854d0:192.168.151.67:36879, 164a8da4-05a2-452c-b3c9-0e3107feaeed:192.168.151.67:45180, 81ff2deb-7157-4d8f-a4d5-aed058e9ab00:192.168.151.67:38710] with ContainerStateMachine:uninitialized
2019-10-02 20:07:14,017 [pool-429-thread-1] INFO  server.RaftServerConfigKeys (ConfUtils.java:logGet(43)) - raft.server.rpcslowness.timeout = 120s (custom)
2019-10-02 20:07:14,017 [pool-419-thread-1] INFO  server.RaftServerConfigKeys (ConfUtils.java:logGet(43)) - raft.server.rpc.timeout.min = 5s (custom)
2019-10-02 20:07:14,017 [pool-429-thread-1] INFO  server.RaftServerConfigKeys (ConfUtils.java:logGet(43)) - raft.server.sleep.deviation.threshold = 300 (default)
2019-10-02 20:07:14,017 [pool-419-thread-1] INFO  server.RaftServerConfigKeys (ConfUtils.java:logGet(43)) - raft.server.rpc.timeout.max = 5200ms (custom)
2019-10-02 20:07:14,017 [pool-429-thread-1] INFO  server.RaftServerConfigKeys (ConfUtils.java:logGet(43)) - raft.server.log.appender.install.snapshot.enabled = false (custom)
2019-10-02 20:07:14,017 [pool-419-thread-1] INFO  server.RaftServerConfigKeys (ConfUtils.java:logGet(43)) - raft.server.rpcslowness.timeout = 120s (custom)
2019-10-02 20:07:14,017 [pool-429-thread-1] INFO  impl.RaftServerImpl (ServerState.java:<init>(103)) - 81ff2deb-7157-4d8f-a4d5-aed058e9ab00@group-5F2DF60E9BEC: ConfigurationManager, init=-1: [d5d753b5-1d96-4433-bb9c-73d1f78854d0:192.168.151.67:36879, 164a8da4-05a2-452c-b3c9-0e3107feaeed:192.168.151.67:45180, 81ff2deb-7157-4d8f-a4d5-aed058e9ab00:192.168.151.67:38710], old=null, confs=<EMPTY_MAP>
2019-10-02 20:07:14,017 [pool-409-thread-1] INFO  impl.RaftServerImpl (RaftServerImpl.java:<init>(95)) - d5d753b5-1d96-4433-bb9c-73d1f78854d0: new RaftServerImpl for group-5F2DF60E9BEC:[d5d753b5-1d96-4433-bb9c-73d1f78854d0:192.168.151.67:36879, 164a8da4-05a2-452c-b3c9-0e3107feaeed:192.168.151.67:45180, 81ff2deb-7157-4d8f-a4d5-aed058e9ab00:192.168.151.67:38710] with ContainerStateMachine:uninitialized
2019-10-02 20:07:14,018 [pool-429-thread-1] INFO  server.RaftServerConfigKeys (ConfUtils.java:logGet(43)) - raft.server.storage.dir = [/workdir/hadoop-ozone/integration-test/target/test-dir/MiniOzoneClusterImpl-11e04269-4a3b-41a8-a8d0-fcdf29918043/datanode-2/data/ratis] (custom)
2019-10-02 20:07:14,017 [pool-419-thread-1] INFO  server.RaftServerConfigKeys (ConfUtils.java:logGet(43)) - raft.server.sleep.deviation.threshold = 300 (default)
2019-10-02 20:07:14,018 [pool-409-thread-1] INFO  server.RaftServerConfigKeys (ConfUtils.java:logGet(43)) - raft.server.rpc.timeout.min = 5s (custom)
2019-10-02 20:07:14,018 [pool-419-thread-1] INFO  server.RaftServerConfigKeys (ConfUtils.java:logGet(43)) - raft.server.log.appender.install.snapshot.enabled = false (custom)
2019-10-02 20:07:14,018 [pool-409-thread-1] INFO  server.RaftServerConfigKeys (ConfUtils.java:logGet(43)) - raft.server.rpc.timeout.max = 5200ms (custom)
2019-10-02 20:07:14,018 [pool-429-thread-1] INFO  storage.RaftStorageDirectory (RaftStorageDirectory.java:analyzeStorage(246)) - The storage directory /workdir/hadoop-ozone/integration-test/target/test-dir/MiniOzoneClusterImpl-11e04269-4a3b-41a8-a8d0-fcdf29918043/datanode-2/data/ratis/7963f78e-12ec-400c-822c-5f2df60e9bec does not exist. Creating ...
2019-10-02 20:07:14,018 [pool-409-thread-1] INFO  server.RaftServerConfigKeys (ConfUtils.java:logGet(43)) - raft.server.rpcslowness.timeout = 120s (custom)
2019-10-02 20:07:14,018 [pool-419-thread-1] INFO  impl.RaftServerImpl (ServerState.java:<init>(103)) - 164a8da4-05a2-452c-b3c9-0e3107feaeed@group-5F2DF60E9BEC: ConfigurationManager, init=-1: [d5d753b5-1d96-4433-bb9c-73d1f78854d0:192.168.151.67:36879, 164a8da4-05a2-452c-b3c9-0e3107feaeed:192.168.151.67:45180, 81ff2deb-7157-4d8f-a4d5-aed058e9ab00:192.168.151.67:38710], old=null, confs=<EMPTY_MAP>
2019-10-02 20:07:14,019 [pool-409-thread-1] INFO  server.RaftServerConfigKeys (ConfUtils.java:logGet(43)) - raft.server.sleep.deviation.threshold = 300 (default)
2019-10-02 20:07:14,019 [pool-419-thread-1] INFO  server.RaftServerConfigKeys (ConfUtils.java:logGet(43)) - raft.server.storage.dir = [/workdir/hadoop-ozone/integration-test/target/test-dir/MiniOzoneClusterImpl-11e04269-4a3b-41a8-a8d0-fcdf29918043/datanode-1/data/ratis] (custom)
2019-10-02 20:07:14,019 [pool-409-thread-1] INFO  server.RaftServerConfigKeys (ConfUtils.java:logGet(43)) - raft.server.log.appender.install.snapshot.enabled = false (custom)
2019-10-02 20:07:14,019 [pool-419-thread-1] INFO  storage.RaftStorageDirectory (RaftStorageDirectory.java:analyzeStorage(246)) - The storage directory /workdir/hadoop-ozone/integration-test/target/test-dir/MiniOzoneClusterImpl-11e04269-4a3b-41a8-a8d0-fcdf29918043/datanode-1/data/ratis/7963f78e-12ec-400c-822c-5f2df60e9bec does not exist. Creating ...
2019-10-02 20:07:14,019 [pool-409-thread-1] INFO  impl.RaftServerImpl (ServerState.java:<init>(103)) - d5d753b5-1d96-4433-bb9c-73d1f78854d0@group-5F2DF60E9BEC: ConfigurationManager, init=-1: [d5d753b5-1d96-4433-bb9c-73d1f78854d0:192.168.151.67:36879, 164a8da4-05a2-452c-b3c9-0e3107feaeed:192.168.151.67:45180, 81ff2deb-7157-4d8f-a4d5-aed058e9ab00:192.168.151.67:38710], old=null, confs=<EMPTY_MAP>
2019-10-02 20:07:14,019 [pool-409-thread-1] INFO  server.RaftServerConfigKeys (ConfUtils.java:logGet(43)) - raft.server.storage.dir = [/workdir/hadoop-ozone/integration-test/target/test-dir/MiniOzoneClusterImpl-11e04269-4a3b-41a8-a8d0-fcdf29918043/datanode-0/data/ratis] (custom)
2019-10-02 20:07:14,020 [pool-409-thread-1] INFO  storage.RaftStorageDirectory (RaftStorageDirectory.java:analyzeStorage(246)) - The storage directory /workdir/hadoop-ozone/integration-test/target/test-dir/MiniOzoneClusterImpl-11e04269-4a3b-41a8-a8d0-fcdf29918043/datanode-0/data/ratis/7963f78e-12ec-400c-822c-5f2df60e9bec does not exist. Creating ...
2019-10-02 20:07:14,032 [pool-419-thread-1] INFO  storage.RaftStorageDirectory (RaftStorageDirectory.java:tryLock(328)) - Lock on /workdir/hadoop-ozone/integration-test/target/test-dir/MiniOzoneClusterImpl-11e04269-4a3b-41a8-a8d0-fcdf29918043/datanode-1/data/ratis/7963f78e-12ec-400c-822c-5f2df60e9bec/in_use.lock acquired by nodename 22996@pr-hdds-2198-qvzm8-602720389
2019-10-02 20:07:14,032 [pool-409-thread-1] INFO  storage.RaftStorageDirectory (RaftStorageDirectory.java:tryLock(328)) - Lock on /workdir/hadoop-ozone/integration-test/target/test-dir/MiniOzoneClusterImpl-11e04269-4a3b-41a8-a8d0-fcdf29918043/datanode-0/data/ratis/7963f78e-12ec-400c-822c-5f2df60e9bec/in_use.lock acquired by nodename 22996@pr-hdds-2198-qvzm8-602720389
2019-10-02 20:07:14,032 [pool-429-thread-1] INFO  storage.RaftStorageDirectory (RaftStorageDirectory.java:tryLock(328)) - Lock on /workdir/hadoop-ozone/integration-test/target/test-dir/MiniOzoneClusterImpl-11e04269-4a3b-41a8-a8d0-fcdf29918043/datanode-2/data/ratis/7963f78e-12ec-400c-822c-5f2df60e9bec/in_use.lock acquired by nodename 22996@pr-hdds-2198-qvzm8-602720389
2019-10-02 20:07:14,045 [pool-419-thread-1] INFO  storage.RaftStorage (RaftStorage.java:format(72)) - Storage directory /workdir/hadoop-ozone/integration-test/target/test-dir/MiniOzoneClusterImpl-11e04269-4a3b-41a8-a8d0-fcdf29918043/datanode-1/data/ratis/7963f78e-12ec-400c-822c-5f2df60e9bec has been successfully formatted.
2019-10-02 20:07:14,045 [pool-429-thread-1] INFO  storage.RaftStorage (RaftStorage.java:format(72)) - Storage directory /workdir/hadoop-ozone/integration-test/target/test-dir/MiniOzoneClusterImpl-11e04269-4a3b-41a8-a8d0-fcdf29918043/datanode-2/data/ratis/7963f78e-12ec-400c-822c-5f2df60e9bec has been successfully formatted.
2019-10-02 20:07:14,045 [pool-409-thread-1] INFO  storage.RaftStorage (RaftStorage.java:format(72)) - Storage directory /workdir/hadoop-ozone/integration-test/target/test-dir/MiniOzoneClusterImpl-11e04269-4a3b-41a8-a8d0-fcdf29918043/datanode-0/data/ratis/7963f78e-12ec-400c-822c-5f2df60e9bec has been successfully formatted.
2019-10-02 20:07:14,046 [pool-429-thread-1] INFO  ratis.ContainerStateMachine (ContainerStateMachine.java:loadSnapshot(230)) - group-5F2DF60E9BEC: The snapshot info is null. Setting the last applied indexto:(t:0, i:~)
2019-10-02 20:07:14,046 [pool-409-thread-1] INFO  ratis.ContainerStateMachine (ContainerStateMachine.java:loadSnapshot(230)) - group-5F2DF60E9BEC: The snapshot info is null. Setting the last applied indexto:(t:0, i:~)
2019-10-02 20:07:14,046 [pool-419-thread-1] INFO  ratis.ContainerStateMachine (ContainerStateMachine.java:loadSnapshot(230)) - group-5F2DF60E9BEC: The snapshot info is null. Setting the last applied indexto:(t:0, i:~)
2019-10-02 20:07:14,046 [pool-409-thread-1] INFO  server.RaftServerConfigKeys (ConfUtils.java:logGet(43)) - raft.server.notification.no-leader.timeout = 120s (custom)
2019-10-02 20:07:14,046 [pool-429-thread-1] INFO  server.RaftServerConfigKeys (ConfUtils.java:logGet(43)) - raft.server.notification.no-leader.timeout = 120s (custom)
2019-10-02 20:07:14,046 [pool-409-thread-1] INFO  server.RaftServerConfigKeys (ConfUtils.java:logGet(43)) - raft.server.log.use.memory = false (default)
2019-10-02 20:07:14,046 [pool-419-thread-1] INFO  server.RaftServerConfigKeys (ConfUtils.java:logGet(43)) - raft.server.notification.no-leader.timeout = 120s (custom)
2019-10-02 20:07:14,046 [pool-409-thread-1] INFO  server.RaftServerConfigKeys (ConfUtils.java:logGet(43)) - raft.server.log.purge.gap = 1000000 (custom)
2019-10-02 20:07:14,046 [pool-429-thread-1] INFO  server.RaftServerConfigKeys (ConfUtils.java:logGet(43)) - raft.server.log.use.memory = false (default)
2019-10-02 20:07:14,047 [pool-409-thread-1] INFO  server.RaftServerConfigKeys (ConfUtils.java:logGet(43)) - raft.server.log.appender.buffer.byte-limit = 33554432 (custom)
2019-10-02 20:07:14,046 [pool-419-thread-1] INFO  server.RaftServerConfigKeys (ConfUtils.java:logGet(43)) - raft.server.log.use.memory = false (default)
2019-10-02 20:07:14,047 [pool-409-thread-1] INFO  server.RaftServerConfigKeys (ConfUtils.java:logGet(43)) - raft.server.log.segment.size.max = 1048576 (custom)
2019-10-02 20:07:14,047 [pool-429-thread-1] INFO  server.RaftServerConfigKeys (ConfUtils.java:logGet(43)) - raft.server.log.purge.gap = 1000000 (custom)
2019-10-02 20:07:14,047 [pool-409-thread-1] INFO  server.RaftServerConfigKeys (ConfUtils.java:logGet(43)) - raft.server.log.segment.cache.num.max = 2 (custom)
2019-10-02 20:07:14,047 [pool-419-thread-1] INFO  server.RaftServerConfigKeys (ConfUtils.java:logGet(43)) - raft.server.log.purge.gap = 1000000 (custom)
2019-10-02 20:07:14,047 [pool-409-thread-1] INFO  segmented.SegmentedRaftLogWorker (SegmentedRaftLogWorker.java:<init>(172)) - new d5d753b5-1d96-4433-bb9c-73d1f78854d0@group-5F2DF60E9BEC-SegmentedRaftLogWorker for RaftStorage:Storage Directory /workdir/hadoop-ozone/integration-test/target/test-dir/MiniOzoneClusterImpl-11e04269-4a3b-41a8-a8d0-fcdf29918043/datanode-0/data/ratis/7963f78e-12ec-400c-822c-5f2df60e9bec
2019-10-02 20:07:14,047 [pool-429-thread-1] INFO  server.RaftServerConfigKeys (ConfUtils.java:logGet(43)) - raft.server.log.appender.buffer.byte-limit = 33554432 (custom)
2019-10-02 20:07:14,047 [pool-409-thread-1] INFO  server.RaftServerConfigKeys (ConfUtils.java:logGet(43)) - raft.server.log.queue.byte-limit = 2147483647 (custom)
2019-10-02 20:07:14,047 [pool-419-thread-1] INFO  server.RaftServerConfigKeys (ConfUtils.java:logGet(43)) - raft.server.log.appender.buffer.byte-limit = 33554432 (custom)
2019-10-02 20:07:14,048 [pool-409-thread-1] INFO  server.RaftServerConfigKeys (ConfUtils.java:logGet(43)) - raft.server.log.queue.element-limit = 1024 (custom)
2019-10-02 20:07:14,047 [pool-429-thread-1] INFO  server.RaftServerConfigKeys (ConfUtils.java:logGet(43)) - raft.server.log.segment.size.max = 1048576 (custom)
2019-10-02 20:07:14,048 [pool-409-thread-1] INFO  server.RaftServerConfigKeys (ConfUtils.java:logGet(43)) - raft.server.log.segment.size.max = 1048576 (custom)
2019-10-02 20:07:14,048 [pool-419-thread-1] INFO  server.RaftServerConfigKeys (ConfUtils.java:logGet(43)) - raft.server.log.segment.size.max = 1048576 (custom)
2019-10-02 20:07:14,048 [pool-409-thread-1] INFO  server.RaftServerConfigKeys (ConfUtils.java:logGet(43)) - raft.server.log.preallocated.size = 16384 (custom)
2019-10-02 20:07:14,048 [pool-429-thread-1] INFO  server.RaftServerConfigKeys (ConfUtils.java:logGet(43)) - raft.server.log.segment.cache.num.max = 2 (custom)
2019-10-02 20:07:14,048 [pool-409-thread-1] INFO  server.RaftServerConfigKeys (ConfUtils.java:logGet(43)) - raft.server.log.write.buffer.size = 33554432 (custom)
2019-10-02 20:07:14,048 [pool-419-thread-1] INFO  server.RaftServerConfigKeys (ConfUtils.java:logGet(43)) - raft.server.log.segment.cache.num.max = 2 (custom)
2019-10-02 20:07:14,048 [pool-409-thread-1] INFO  server.RaftServerConfigKeys (ConfUtils.java:logGet(43)) - raft.server.log.force.sync.num = 128 (default)
2019-10-02 20:07:14,048 [pool-429-thread-1] INFO  segmented.SegmentedRaftLogWorker (SegmentedRaftLogWorker.java:<init>(172)) - new 81ff2deb-7157-4d8f-a4d5-aed058e9ab00@group-5F2DF60E9BEC-SegmentedRaftLogWorker for RaftStorage:Storage Directory /workdir/hadoop-ozone/integration-test/target/test-dir/MiniOzoneClusterImpl-11e04269-4a3b-41a8-a8d0-fcdf29918043/datanode-2/data/ratis/7963f78e-12ec-400c-822c-5f2df60e9bec
2019-10-02 20:07:14,049 [pool-409-thread-1] INFO  server.RaftServerConfigKeys (ConfUtils.java:logGet(43)) - raft.server.log.statemachine.data.sync = true (default)
2019-10-02 20:07:14,048 [pool-419-thread-1] INFO  segmented.SegmentedRaftLogWorker (SegmentedRaftLogWorker.java:<init>(172)) - new 164a8da4-05a2-452c-b3c9-0e3107feaeed@group-5F2DF60E9BEC-SegmentedRaftLogWorker for RaftStorage:Storage Directory /workdir/hadoop-ozone/integration-test/target/test-dir/MiniOzoneClusterImpl-11e04269-4a3b-41a8-a8d0-fcdf29918043/datanode-1/data/ratis/7963f78e-12ec-400c-822c-5f2df60e9bec
2019-10-02 20:07:14,049 [pool-409-thread-1] INFO  server.RaftServerConfigKeys (ConfUtils.java:logGet(43)) - raft.server.log.statemachine.data.sync.timeout = 10s (default)
2019-10-02 20:07:14,049 [pool-429-thread-1] INFO  server.RaftServerConfigKeys (ConfUtils.java:logGet(43)) - raft.server.log.queue.byte-limit = 2147483647 (custom)
2019-10-02 20:07:14,049 [pool-409-thread-1] INFO  server.RaftServerConfigKeys (ConfUtils.java:logGet(43)) - raft.server.log.statemachine.data.sync.timeout.retry = -1 (default)
2019-10-02 20:07:14,049 [pool-419-thread-1] INFO  server.RaftServerConfigKeys (ConfUtils.java:logGet(43)) - raft.server.log.queue.byte-limit = 2147483647 (custom)
2019-10-02 20:07:14,049 [pool-409-thread-1] INFO  server.RaftServerConfigKeys (ConfUtils.java:logGet(43)) - raft.server.log.statemachine.data.caching.enabled = true (custom)
2019-10-02 20:07:14,049 [pool-429-thread-1] INFO  server.RaftServerConfigKeys (ConfUtils.java:logGet(43)) - raft.server.log.queue.element-limit = 1024 (custom)
2019-10-02 20:07:14,049 [pool-419-thread-1] INFO  server.RaftServerConfigKeys (ConfUtils.java:logGet(43)) - raft.server.log.queue.element-limit = 1024 (custom)
2019-10-02 20:07:14,049 [pool-429-thread-1] INFO  server.RaftServerConfigKeys (ConfUtils.java:logGet(43)) - raft.server.log.segment.size.max = 1048576 (custom)
2019-10-02 20:07:14,049 [pool-409-thread-1] INFO  segmented.SegmentedRaftLogWorker (SegmentedRaftLogWorker.java:lambda$new$0(132)) - d5d753b5-1d96-4433-bb9c-73d1f78854d0@group-5F2DF60E9BEC-SegmentedRaftLogWorker: flushIndex: setUnconditionally 0 -> -1
2019-10-02 20:07:14,050 [pool-429-thread-1] INFO  server.RaftServerConfigKeys (ConfUtils.java:logGet(43)) - raft.server.log.preallocated.size = 16384 (custom)
2019-10-02 20:07:14,050 [pool-419-thread-1] INFO  server.RaftServerConfigKeys (ConfUtils.java:logGet(43)) - raft.server.log.segment.size.max = 1048576 (custom)
2019-10-02 20:07:14,050 [pool-429-thread-1] INFO  server.RaftServerConfigKeys (ConfUtils.java:logGet(43)) - raft.server.log.write.buffer.size = 33554432 (custom)
2019-10-02 20:07:14,050 [pool-409-thread-1] INFO  server.RaftServerConfigKeys (ConfUtils.java:logGet(43)) - raft.server.snapshot.auto.trigger.enabled = true (custom)
2019-10-02 20:07:14,050 [pool-429-thread-1] INFO  server.RaftServerConfigKeys (ConfUtils.java:logGet(43)) - raft.server.log.force.sync.num = 128 (default)
2019-10-02 20:07:14,050 [pool-419-thread-1] INFO  server.RaftServerConfigKeys (ConfUtils.java:logGet(43)) - raft.server.log.preallocated.size = 16384 (custom)
2019-10-02 20:07:14,050 [pool-429-thread-1] INFO  server.RaftServerConfigKeys (ConfUtils.java:logGet(43)) - raft.server.log.statemachine.data.sync = true (default)
2019-10-02 20:07:14,050 [pool-409-thread-1] INFO  server.RaftServerConfigKeys (ConfUtils.java:logGet(43)) - raft.server.snapshot.auto.trigger.threshold = 10000 (custom)
2019-10-02 20:07:14,050 [pool-429-thread-1] INFO  server.RaftServerConfigKeys (ConfUtils.java:logGet(43)) - raft.server.log.statemachine.data.sync.timeout = 10s (default)
2019-10-02 20:07:14,050 [pool-419-thread-1] INFO  server.RaftServerConfigKeys (ConfUtils.java:logGet(43)) - raft.server.log.write.buffer.size = 33554432 (custom)
2019-10-02 20:07:14,051 [pool-429-thread-1] INFO  server.RaftServerConfigKeys (ConfUtils.java:logGet(43)) - raft.server.log.statemachine.data.sync.timeout.retry = -1 (default)
2019-10-02 20:07:14,051 [pool-409-thread-1] INFO  server.RaftServerConfigKeys (ConfUtils.java:logGet(43)) - raft.server.snapshot.retention.num.files = 5 (custom)
2019-10-02 20:07:14,051 [pool-429-thread-1] INFO  server.RaftServerConfigKeys (ConfUtils.java:logGet(43)) - raft.server.log.statemachine.data.caching.enabled = true (custom)
2019-10-02 20:07:14,051 [pool-419-thread-1] INFO  server.RaftServerConfigKeys (ConfUtils.java:logGet(43)) - raft.server.log.force.sync.num = 128 (default)
2019-10-02 20:07:14,051 [pool-429-thread-1] INFO  segmented.SegmentedRaftLogWorker (SegmentedRaftLogWorker.java:lambda$new$0(132)) - 81ff2deb-7157-4d8f-a4d5-aed058e9ab00@group-5F2DF60E9BEC-SegmentedRaftLogWorker: flushIndex: setUnconditionally 0 -> -1
2019-10-02 20:07:14,051 [pool-409-thread-1] INFO  server.RaftServerConfigKeys (ConfUtils.java:logGet(43)) - raft.server.retrycache.expirytime = 600000ms (custom)
2019-10-02 20:07:14,051 [pool-429-thread-1] INFO  server.RaftServerConfigKeys (ConfUtils.java:logGet(43)) - raft.server.snapshot.auto.trigger.enabled = true (custom)
2019-10-02 20:07:14,051 [pool-419-thread-1] INFO  server.RaftServerConfigKeys (ConfUtils.java:logGet(43)) - raft.server.log.statemachine.data.sync = true (default)
2019-10-02 20:07:14,051 [pool-429-thread-1] INFO  server.RaftServerConfigKeys (ConfUtils.java:logGet(43)) - raft.server.snapshot.auto.trigger.threshold = 10000 (custom)
2019-10-02 20:07:14,052 [pool-429-thread-1] INFO  server.RaftServerConfigKeys (ConfUtils.java:logGet(43)) - raft.server.snapshot.retention.num.files = 5 (custom)
2019-10-02 20:07:14,052 [pool-419-thread-1] INFO  server.RaftServerConfigKeys (ConfUtils.java:logGet(43)) - raft.server.log.statemachine.data.sync.timeout = 10s (default)
2019-10-02 20:07:14,052 [pool-429-thread-1] INFO  server.RaftServerConfigKeys (ConfUtils.java:logGet(43)) - raft.server.retrycache.expirytime = 600000ms (custom)
2019-10-02 20:07:14,052 [pool-419-thread-1] INFO  server.RaftServerConfigKeys (ConfUtils.java:logGet(43)) - raft.server.log.statemachine.data.sync.timeout.retry = -1 (default)
2019-10-02 20:07:14,052 [pool-419-thread-1] INFO  server.RaftServerConfigKeys (ConfUtils.java:logGet(43)) - raft.server.log.statemachine.data.caching.enabled = true (custom)
2019-10-02 20:07:14,053 [pool-419-thread-1] INFO  segmented.SegmentedRaftLogWorker (SegmentedRaftLogWorker.java:lambda$new$0(132)) - 164a8da4-05a2-452c-b3c9-0e3107feaeed@group-5F2DF60E9BEC-SegmentedRaftLogWorker: flushIndex: setUnconditionally 0 -> -1
2019-10-02 20:07:14,053 [pool-419-thread-1] INFO  server.RaftServerConfigKeys (ConfUtils.java:logGet(43)) - raft.server.snapshot.auto.trigger.enabled = true (custom)
2019-10-02 20:07:14,053 [pool-419-thread-1] INFO  server.RaftServerConfigKeys (ConfUtils.java:logGet(43)) - raft.server.snapshot.auto.trigger.threshold = 10000 (custom)
2019-10-02 20:07:14,053 [pool-419-thread-1] INFO  server.RaftServerConfigKeys (ConfUtils.java:logGet(43)) - raft.server.snapshot.retention.num.files = 5 (custom)
2019-10-02 20:07:14,053 [pool-419-thread-1] INFO  server.RaftServerConfigKeys (ConfUtils.java:logGet(43)) - raft.server.retrycache.expirytime = 600000ms (custom)
2019-10-02 20:07:14,053 [pool-409-thread-1] INFO  impl.RaftServerImpl (RaftServerImpl.java:start(185)) - d5d753b5-1d96-4433-bb9c-73d1f78854d0@group-5F2DF60E9BEC: start as a follower, conf=-1: [d5d753b5-1d96-4433-bb9c-73d1f78854d0:192.168.151.67:36879, 164a8da4-05a2-452c-b3c9-0e3107feaeed:192.168.151.67:45180, 81ff2deb-7157-4d8f-a4d5-aed058e9ab00:192.168.151.67:38710], old=null
2019-10-02 20:07:14,054 [pool-409-thread-1] INFO  impl.RaftServerImpl (RaftServerImpl.java:setRole(174)) - d5d753b5-1d96-4433-bb9c-73d1f78854d0@group-5F2DF60E9BEC: changes role from      null to FOLLOWER at term 0 for startAsFollower
2019-10-02 20:07:14,054 [pool-409-thread-1] INFO  impl.RoleInfo (RoleInfo.java:updateAndGet(143)) - d5d753b5-1d96-4433-bb9c-73d1f78854d0: start FollowerState
2019-10-02 20:07:14,054 [pool-409-thread-1] INFO  util.JmxRegister (JmxRegister.java:tryRegister(44)) - Successfully registered JMX Bean with object name Ratis:service=RaftServer,group=group-5F2DF60E9BEC,id=d5d753b5-1d96-4433-bb9c-73d1f78854d0
2019-10-02 20:07:14,054 [pool-429-thread-1] INFO  impl.RaftServerImpl (RaftServerImpl.java:start(185)) - 81ff2deb-7157-4d8f-a4d5-aed058e9ab00@group-5F2DF60E9BEC: start as a follower, conf=-1: [d5d753b5-1d96-4433-bb9c-73d1f78854d0:192.168.151.67:36879, 164a8da4-05a2-452c-b3c9-0e3107feaeed:192.168.151.67:45180, 81ff2deb-7157-4d8f-a4d5-aed058e9ab00:192.168.151.67:38710], old=null
2019-10-02 20:07:14,054 [pool-429-thread-1] INFO  impl.RaftServerImpl (RaftServerImpl.java:setRole(174)) - 81ff2deb-7157-4d8f-a4d5-aed058e9ab00@group-5F2DF60E9BEC: changes role from      null to FOLLOWER at term 0 for startAsFollower
2019-10-02 20:07:14,055 [pool-429-thread-1] INFO  impl.RoleInfo (RoleInfo.java:updateAndGet(143)) - 81ff2deb-7157-4d8f-a4d5-aed058e9ab00: start FollowerState
2019-10-02 20:07:14,055 [pool-429-thread-1] INFO  util.JmxRegister (JmxRegister.java:tryRegister(44)) - Successfully registered JMX Bean with object name Ratis:service=RaftServer,group=group-5F2DF60E9BEC,id=81ff2deb-7157-4d8f-a4d5-aed058e9ab00
2019-10-02 20:07:14,056 [pool-419-thread-1] INFO  impl.RaftServerImpl (RaftServerImpl.java:start(185)) - 164a8da4-05a2-452c-b3c9-0e3107feaeed@group-5F2DF60E9BEC: start as a follower, conf=-1: [d5d753b5-1d96-4433-bb9c-73d1f78854d0:192.168.151.67:36879, 164a8da4-05a2-452c-b3c9-0e3107feaeed:192.168.151.67:45180, 81ff2deb-7157-4d8f-a4d5-aed058e9ab00:192.168.151.67:38710], old=null
2019-10-02 20:07:14,056 [pool-419-thread-1] INFO  impl.RaftServerImpl (RaftServerImpl.java:setRole(174)) - 164a8da4-05a2-452c-b3c9-0e3107feaeed@group-5F2DF60E9BEC: changes role from      null to FOLLOWER at term 0 for startAsFollower
2019-10-02 20:07:14,056 [pool-419-thread-1] INFO  impl.RoleInfo (RoleInfo.java:updateAndGet(143)) - 164a8da4-05a2-452c-b3c9-0e3107feaeed: start FollowerState
2019-10-02 20:07:14,056 [pool-419-thread-1] INFO  util.JmxRegister (JmxRegister.java:tryRegister(44)) - Successfully registered JMX Bean with object name Ratis:service=RaftServer,group=group-5F2DF60E9BEC,id=164a8da4-05a2-452c-b3c9-0e3107feaeed
2019-10-02 20:07:14,058 [RatisPipelineUtilsThread] INFO  pipeline.PipelineStateManager (PipelineStateManager.java:addPipeline(56)) - Created pipeline Pipeline[ Id: 7963f78e-12ec-400c-822c-5f2df60e9bec, Nodes: 81ff2deb-7157-4d8f-a4d5-aed058e9ab00{ip: 192.168.151.67, host: pr-hdds-2198-qvzm8-602720389, networkLocation: /default-rack, certSerialId: null}d5d753b5-1d96-4433-bb9c-73d1f78854d0{ip: 192.168.151.67, host: pr-hdds-2198-qvzm8-602720389, networkLocation: /default-rack, certSerialId: null}164a8da4-05a2-452c-b3c9-0e3107feaeed{ip: 192.168.151.67, host: pr-hdds-2198-qvzm8-602720389, networkLocation: /default-rack, certSerialId: null}, Type:RATIS, Factor:THREE, State:OPEN]
2019-10-02 20:07:14,071 [IPC Server handler 5 on 36204] INFO  net.NetworkTopology (NetworkTopologyImpl.java:add(111)) - Added a new node: /default-rack/9b563795-2039-41be-9979-ae623f6b1773
2019-10-02 20:07:14,072 [IPC Server handler 5 on 36204] INFO  node.SCMNodeManager (SCMNodeManager.java:register(266)) - Registered Data node : 9b563795-2039-41be-9979-ae623f6b1773{ip: 192.168.151.67, host: pr-hdds-2198-qvzm8-602720389, networkLocation: /default-rack, certSerialId: null}
2019-10-02 20:07:14,077 [grpc-default-executor-0] INFO  impl.RaftServerProxy (RaftServerProxy.java:addNew(89)) - 9b563795-2039-41be-9979-ae623f6b1773: addNew group-14623ADE0514:[9b563795-2039-41be-9979-ae623f6b1773:192.168.151.67:33880] returns group-14623ADE0514:java.util.concurrent.CompletableFuture@366460c0[Not completed]
2019-10-02 20:07:14,080 [pool-449-thread-1] INFO  impl.RaftServerImpl (RaftServerImpl.java:<init>(95)) - 9b563795-2039-41be-9979-ae623f6b1773: new RaftServerImpl for group-14623ADE0514:[9b563795-2039-41be-9979-ae623f6b1773:192.168.151.67:33880] with ContainerStateMachine:uninitialized
2019-10-02 20:07:14,080 [pool-449-thread-1] INFO  server.RaftServerConfigKeys (ConfUtils.java:logGet(43)) - raft.server.rpc.timeout.min = 5s (custom)
2019-10-02 20:07:14,080 [pool-449-thread-1] INFO  server.RaftServerConfigKeys (ConfUtils.java:logGet(43)) - raft.server.rpc.timeout.max = 5200ms (custom)
2019-10-02 20:07:14,080 [pool-449-thread-1] INFO  server.RaftServerConfigKeys (ConfUtils.java:logGet(43)) - raft.server.rpcslowness.timeout = 120s (custom)
2019-10-02 20:07:14,080 [pool-449-thread-1] INFO  server.RaftServerConfigKeys (ConfUtils.java:logGet(43)) - raft.server.sleep.deviation.threshold = 300 (default)
2019-10-02 20:07:14,081 [pool-449-thread-1] INFO  server.RaftServerConfigKeys (ConfUtils.java:logGet(43)) - raft.server.log.appender.install.snapshot.enabled = false (custom)
2019-10-02 20:07:14,081 [pool-449-thread-1] INFO  impl.RaftServerImpl (ServerState.java:<init>(103)) - 9b563795-2039-41be-9979-ae623f6b1773@group-14623ADE0514: ConfigurationManager, init=-1: [9b563795-2039-41be-9979-ae623f6b1773:192.168.151.67:33880], old=null, confs=<EMPTY_MAP>
2019-10-02 20:07:14,081 [pool-449-thread-1] INFO  server.RaftServerConfigKeys (ConfUtils.java:logGet(43)) - raft.server.storage.dir = [/workdir/hadoop-ozone/integration-test/target/test-dir/MiniOzoneClusterImpl-11e04269-4a3b-41a8-a8d0-fcdf29918043/datanode-4/data/ratis] (custom)
2019-10-02 20:07:14,081 [pool-449-thread-1] INFO  storage.RaftStorageDirectory (RaftStorageDirectory.java:analyzeStorage(246)) - The storage directory /workdir/hadoop-ozone/integration-test/target/test-dir/MiniOzoneClusterImpl-11e04269-4a3b-41a8-a8d0-fcdf29918043/datanode-4/data/ratis/bee02ad8-047c-4b55-a1c0-14623ade0514 does not exist. Creating ...
2019-10-02 20:07:14,094 [pool-449-thread-1] INFO  storage.RaftStorageDirectory (RaftStorageDirectory.java:tryLock(328)) - Lock on /workdir/hadoop-ozone/integration-test/target/test-dir/MiniOzoneClusterImpl-11e04269-4a3b-41a8-a8d0-fcdf29918043/datanode-4/data/ratis/bee02ad8-047c-4b55-a1c0-14623ade0514/in_use.lock acquired by nodename 22996@pr-hdds-2198-qvzm8-602720389
2019-10-02 20:07:14,107 [pool-449-thread-1] INFO  storage.RaftStorage (RaftStorage.java:format(72)) - Storage directory /workdir/hadoop-ozone/integration-test/target/test-dir/MiniOzoneClusterImpl-11e04269-4a3b-41a8-a8d0-fcdf29918043/datanode-4/data/ratis/bee02ad8-047c-4b55-a1c0-14623ade0514 has been successfully formatted.
2019-10-02 20:07:14,108 [pool-449-thread-1] INFO  ratis.ContainerStateMachine (ContainerStateMachine.java:loadSnapshot(230)) - group-14623ADE0514: The snapshot info is null. Setting the last applied indexto:(t:0, i:~)
2019-10-02 20:07:14,108 [pool-449-thread-1] INFO  server.RaftServerConfigKeys (ConfUtils.java:logGet(43)) - raft.server.notification.no-leader.timeout = 120s (custom)
2019-10-02 20:07:14,108 [pool-449-thread-1] INFO  server.RaftServerConfigKeys (ConfUtils.java:logGet(43)) - raft.server.log.use.memory = false (default)
2019-10-02 20:07:14,108 [pool-449-thread-1] INFO  server.RaftServerConfigKeys (ConfUtils.java:logGet(43)) - raft.server.log.purge.gap = 1000000 (custom)
2019-10-02 20:07:14,108 [pool-449-thread-1] INFO  server.RaftServerConfigKeys (ConfUtils.java:logGet(43)) - raft.server.log.appender.buffer.byte-limit = 33554432 (custom)
2019-10-02 20:07:14,108 [pool-449-thread-1] INFO  server.RaftServerConfigKeys (ConfUtils.java:logGet(43)) - raft.server.log.segment.size.max = 1048576 (custom)
2019-10-02 20:07:14,108 [pool-449-thread-1] INFO  server.RaftServerConfigKeys (ConfUtils.java:logGet(43)) - raft.server.log.segment.cache.num.max = 2 (custom)
2019-10-02 20:07:14,108 [pool-449-thread-1] INFO  segmented.SegmentedRaftLogWorker (SegmentedRaftLogWorker.java:<init>(172)) - new 9b563795-2039-41be-9979-ae623f6b1773@group-14623ADE0514-SegmentedRaftLogWorker for RaftStorage:Storage Directory /workdir/hadoop-ozone/integration-test/target/test-dir/MiniOzoneClusterImpl-11e04269-4a3b-41a8-a8d0-fcdf29918043/datanode-4/data/ratis/bee02ad8-047c-4b55-a1c0-14623ade0514
2019-10-02 20:07:14,110 [pool-449-thread-1] INFO  server.RaftServerConfigKeys (ConfUtils.java:logGet(43)) - raft.server.log.queue.byte-limit = 2147483647 (custom)
2019-10-02 20:07:14,110 [pool-449-thread-1] INFO  server.RaftServerConfigKeys (ConfUtils.java:logGet(43)) - raft.server.log.queue.element-limit = 1024 (custom)
2019-10-02 20:07:14,111 [pool-449-thread-1] INFO  server.RaftServerConfigKeys (ConfUtils.java:logGet(43)) - raft.server.log.segment.size.max = 1048576 (custom)
2019-10-02 20:07:14,111 [pool-449-thread-1] INFO  server.RaftServerConfigKeys (ConfUtils.java:logGet(43)) - raft.server.log.preallocated.size = 16384 (custom)
2019-10-02 20:07:14,111 [pool-449-thread-1] INFO  server.RaftServerConfigKeys (ConfUtils.java:logGet(43)) - raft.server.log.write.buffer.size = 33554432 (custom)
2019-10-02 20:07:14,111 [pool-449-thread-1] INFO  server.RaftServerConfigKeys (ConfUtils.java:logGet(43)) - raft.server.log.force.sync.num = 128 (default)
2019-10-02 20:07:14,111 [pool-449-thread-1] INFO  server.RaftServerConfigKeys (ConfUtils.java:logGet(43)) - raft.server.log.statemachine.data.sync = true (default)
2019-10-02 20:07:14,111 [pool-449-thread-1] INFO  server.RaftServerConfigKeys (ConfUtils.java:logGet(43)) - raft.server.log.statemachine.data.sync.timeout = 10s (default)
2019-10-02 20:07:14,111 [pool-449-thread-1] INFO  server.RaftServerConfigKeys (ConfUtils.java:logGet(43)) - raft.server.log.statemachine.data.sync.timeout.retry = -1 (default)
2019-10-02 20:07:14,111 [pool-449-thread-1] INFO  server.RaftServerConfigKeys (ConfUtils.java:logGet(43)) - raft.server.log.statemachine.data.caching.enabled = true (custom)
2019-10-02 20:07:14,112 [pool-449-thread-1] INFO  segmented.SegmentedRaftLogWorker (SegmentedRaftLogWorker.java:lambda$new$0(132)) - 9b563795-2039-41be-9979-ae623f6b1773@group-14623ADE0514-SegmentedRaftLogWorker: flushIndex: setUnconditionally 0 -> -1
2019-10-02 20:07:14,112 [pool-449-thread-1] INFO  server.RaftServerConfigKeys (ConfUtils.java:logGet(43)) - raft.server.snapshot.auto.trigger.enabled = true (custom)
2019-10-02 20:07:14,112 [pool-449-thread-1] INFO  server.RaftServerConfigKeys (ConfUtils.java:logGet(43)) - raft.server.snapshot.auto.trigger.threshold = 10000 (custom)
2019-10-02 20:07:14,112 [pool-449-thread-1] INFO  server.RaftServerConfigKeys (ConfUtils.java:logGet(43)) - raft.server.snapshot.retention.num.files = 5 (custom)
2019-10-02 20:07:14,112 [pool-449-thread-1] INFO  server.RaftServerConfigKeys (ConfUtils.java:logGet(43)) - raft.server.retrycache.expirytime = 600000ms (custom)
2019-10-02 20:07:14,114 [pool-449-thread-1] INFO  impl.RaftServerImpl (RaftServerImpl.java:start(185)) - 9b563795-2039-41be-9979-ae623f6b1773@group-14623ADE0514: start as a follower, conf=-1: [9b563795-2039-41be-9979-ae623f6b1773:192.168.151.67:33880], old=null
2019-10-02 20:07:14,114 [pool-449-thread-1] INFO  impl.RaftServerImpl (RaftServerImpl.java:setRole(174)) - 9b563795-2039-41be-9979-ae623f6b1773@group-14623ADE0514: changes role from      null to FOLLOWER at term 0 for startAsFollower
2019-10-02 20:07:14,114 [pool-449-thread-1] INFO  impl.RoleInfo (RoleInfo.java:updateAndGet(143)) - 9b563795-2039-41be-9979-ae623f6b1773: start FollowerState
2019-10-02 20:07:14,122 [pool-449-thread-1] INFO  util.JmxRegister (JmxRegister.java:tryRegister(44)) - Successfully registered JMX Bean with object name Ratis:service=RaftServer,group=group-14623ADE0514,id=9b563795-2039-41be-9979-ae623f6b1773
2019-10-02 20:07:14,130 [RatisPipelineUtilsThread] INFO  pipeline.PipelineStateManager (PipelineStateManager.java:addPipeline(56)) - Created pipeline Pipeline[ Id: bee02ad8-047c-4b55-a1c0-14623ade0514, Nodes: 9b563795-2039-41be-9979-ae623f6b1773{ip: 192.168.151.67, host: pr-hdds-2198-qvzm8-602720389, networkLocation: /default-rack, certSerialId: null}, Type:RATIS, Factor:ONE, State:OPEN]
2019-10-02 20:07:14,135 [grpc-default-executor-0] INFO  impl.RaftServerProxy (RaftServerProxy.java:addNew(89)) - 44d4b517-3ddb-4fc1-bbf9-9c978f45f9af: addNew group-A3D24EA219EA:[44d4b517-3ddb-4fc1-bbf9-9c978f45f9af:192.168.151.67:43525] returns group-A3D24EA219EA:java.util.concurrent.CompletableFuture@53690d38[Not completed]
2019-10-02 20:07:14,136 [IPC Server handler 6 on 36204] INFO  net.NetworkTopology (NetworkTopologyImpl.java:add(111)) - Added a new node: /default-rack/3093ea04-1862-4b93-9aff-542485acd0d6
2019-10-02 20:07:14,136 [IPC Server handler 6 on 36204] INFO  node.SCMNodeManager (SCMNodeManager.java:register(266)) - Registered Data node : 3093ea04-1862-4b93-9aff-542485acd0d6{ip: 192.168.151.67, host: pr-hdds-2198-qvzm8-602720389, networkLocation: /default-rack, certSerialId: null}
2019-10-02 20:07:14,136 [pool-439-thread-1] INFO  impl.RaftServerImpl (RaftServerImpl.java:<init>(95)) - 44d4b517-3ddb-4fc1-bbf9-9c978f45f9af: new RaftServerImpl for group-A3D24EA219EA:[44d4b517-3ddb-4fc1-bbf9-9c978f45f9af:192.168.151.67:43525] with ContainerStateMachine:uninitialized
2019-10-02 20:07:14,136 [pool-439-thread-1] INFO  server.RaftServerConfigKeys (ConfUtils.java:logGet(43)) - raft.server.rpc.timeout.min = 5s (custom)
2019-10-02 20:07:14,136 [pool-439-thread-1] INFO  server.RaftServerConfigKeys (ConfUtils.java:logGet(43)) - raft.server.rpc.timeout.max = 5200ms (custom)
2019-10-02 20:07:14,137 [pool-439-thread-1] INFO  server.RaftServerConfigKeys (ConfUtils.java:logGet(43)) - raft.server.rpcslowness.timeout = 120s (custom)
2019-10-02 20:07:14,137 [pool-439-thread-1] INFO  server.RaftServerConfigKeys (ConfUtils.java:logGet(43)) - raft.server.sleep.deviation.threshold = 300 (default)
2019-10-02 20:07:14,137 [pool-439-thread-1] INFO  server.RaftServerConfigKeys (ConfUtils.java:logGet(43)) - raft.server.log.appender.install.snapshot.enabled = false (custom)
2019-10-02 20:07:14,137 [pool-439-thread-1] INFO  impl.RaftServerImpl (ServerState.java:<init>(103)) - 44d4b517-3ddb-4fc1-bbf9-9c978f45f9af@group-A3D24EA219EA: ConfigurationManager, init=-1: [44d4b517-3ddb-4fc1-bbf9-9c978f45f9af:192.168.151.67:43525], old=null, confs=<EMPTY_MAP>
2019-10-02 20:07:14,137 [pool-439-thread-1] INFO  server.RaftServerConfigKeys (ConfUtils.java:logGet(43)) - raft.server.storage.dir = [/workdir/hadoop-ozone/integration-test/target/test-dir/MiniOzoneClusterImpl-11e04269-4a3b-41a8-a8d0-fcdf29918043/datanode-3/data/ratis] (custom)
2019-10-02 20:07:14,137 [pool-439-thread-1] INFO  storage.RaftStorageDirectory (RaftStorageDirectory.java:analyzeStorage(246)) - The storage directory /workdir/hadoop-ozone/integration-test/target/test-dir/MiniOzoneClusterImpl-11e04269-4a3b-41a8-a8d0-fcdf29918043/datanode-3/data/ratis/cf971f71-4ba2-470e-bfdc-a3d24ea219ea does not exist. Creating ...
2019-10-02 20:07:14,154 [pool-439-thread-1] INFO  storage.RaftStorageDirectory (RaftStorageDirectory.java:tryLock(328)) - Lock on /workdir/hadoop-ozone/integration-test/target/test-dir/MiniOzoneClusterImpl-11e04269-4a3b-41a8-a8d0-fcdf29918043/datanode-3/data/ratis/cf971f71-4ba2-470e-bfdc-a3d24ea219ea/in_use.lock acquired by nodename 22996@pr-hdds-2198-qvzm8-602720389
2019-10-02 20:07:14,167 [pool-439-thread-1] INFO  storage.RaftStorage (RaftStorage.java:format(72)) - Storage directory /workdir/hadoop-ozone/integration-test/target/test-dir/MiniOzoneClusterImpl-11e04269-4a3b-41a8-a8d0-fcdf29918043/datanode-3/data/ratis/cf971f71-4ba2-470e-bfdc-a3d24ea219ea has been successfully formatted.
2019-10-02 20:07:14,168 [pool-439-thread-1] INFO  ratis.ContainerStateMachine (ContainerStateMachine.java:loadSnapshot(230)) - group-A3D24EA219EA: The snapshot info is null. Setting the last applied indexto:(t:0, i:~)
2019-10-02 20:07:14,168 [pool-439-thread-1] INFO  server.RaftServerConfigKeys (ConfUtils.java:logGet(43)) - raft.server.notification.no-leader.timeout = 120s (custom)
2019-10-02 20:07:14,168 [pool-439-thread-1] INFO  server.RaftServerConfigKeys (ConfUtils.java:logGet(43)) - raft.server.log.use.memory = false (default)
2019-10-02 20:07:14,168 [pool-439-thread-1] INFO  server.RaftServerConfigKeys (ConfUtils.java:logGet(43)) - raft.server.log.purge.gap = 1000000 (custom)
2019-10-02 20:07:14,168 [pool-439-thread-1] INFO  server.RaftServerConfigKeys (ConfUtils.java:logGet(43)) - raft.server.log.appender.buffer.byte-limit = 33554432 (custom)
2019-10-02 20:07:14,168 [pool-439-thread-1] INFO  server.RaftServerConfigKeys (ConfUtils.java:logGet(43)) - raft.server.log.segment.size.max = 1048576 (custom)
2019-10-02 20:07:14,168 [pool-439-thread-1] INFO  server.RaftServerConfigKeys (ConfUtils.java:logGet(43)) - raft.server.log.segment.cache.num.max = 2 (custom)
2019-10-02 20:07:14,168 [pool-439-thread-1] INFO  segmented.SegmentedRaftLogWorker (SegmentedRaftLogWorker.java:<init>(172)) - new 44d4b517-3ddb-4fc1-bbf9-9c978f45f9af@group-A3D24EA219EA-SegmentedRaftLogWorker for RaftStorage:Storage Directory /workdir/hadoop-ozone/integration-test/target/test-dir/MiniOzoneClusterImpl-11e04269-4a3b-41a8-a8d0-fcdf29918043/datanode-3/data/ratis/cf971f71-4ba2-470e-bfdc-a3d24ea219ea
2019-10-02 20:07:14,170 [pool-439-thread-1] INFO  server.RaftServerConfigKeys (ConfUtils.java:logGet(43)) - raft.server.log.queue.byte-limit = 2147483647 (custom)
2019-10-02 20:07:14,170 [pool-439-thread-1] INFO  server.RaftServerConfigKeys (ConfUtils.java:logGet(43)) - raft.server.log.queue.element-limit = 1024 (custom)
2019-10-02 20:07:14,170 [pool-439-thread-1] INFO  server.RaftServerConfigKeys (ConfUtils.java:logGet(43)) - raft.server.log.segment.size.max = 1048576 (custom)
2019-10-02 20:07:14,171 [pool-439-thread-1] INFO  server.RaftServerConfigKeys (ConfUtils.java:logGet(43)) - raft.server.log.preallocated.size = 16384 (custom)
2019-10-02 20:07:14,171 [pool-439-thread-1] INFO  server.RaftServerConfigKeys (ConfUtils.java:logGet(43)) - raft.server.log.write.buffer.size = 33554432 (custom)
2019-10-02 20:07:14,171 [pool-439-thread-1] INFO  server.RaftServerConfigKeys (ConfUtils.java:logGet(43)) - raft.server.log.force.sync.num = 128 (default)
2019-10-02 20:07:14,171 [pool-439-thread-1] INFO  server.RaftServerConfigKeys (ConfUtils.java:logGet(43)) - raft.server.log.statemachine.data.sync = true (default)
2019-10-02 20:07:14,171 [pool-439-thread-1] INFO  server.RaftServerConfigKeys (ConfUtils.java:logGet(43)) - raft.server.log.statemachine.data.sync.timeout = 10s (default)
2019-10-02 20:07:14,171 [pool-439-thread-1] INFO  server.RaftServerConfigKeys (ConfUtils.java:logGet(43)) - raft.server.log.statemachine.data.sync.timeout.retry = -1 (default)
2019-10-02 20:07:14,171 [pool-439-thread-1] INFO  server.RaftServerConfigKeys (ConfUtils.java:logGet(43)) - raft.server.log.statemachine.data.caching.enabled = true (custom)
2019-10-02 20:07:14,172 [pool-439-thread-1] INFO  segmented.SegmentedRaftLogWorker (SegmentedRaftLogWorker.java:lambda$new$0(132)) - 44d4b517-3ddb-4fc1-bbf9-9c978f45f9af@group-A3D24EA219EA-SegmentedRaftLogWorker: flushIndex: setUnconditionally 0 -> -1
2019-10-02 20:07:14,172 [pool-439-thread-1] INFO  server.RaftServerConfigKeys (ConfUtils.java:logGet(43)) - raft.server.snapshot.auto.trigger.enabled = true (custom)
2019-10-02 20:07:14,172 [pool-439-thread-1] INFO  server.RaftServerConfigKeys (ConfUtils.java:logGet(43)) - raft.server.snapshot.auto.trigger.threshold = 10000 (custom)
2019-10-02 20:07:14,172 [pool-439-thread-1] INFO  server.RaftServerConfigKeys (ConfUtils.java:logGet(43)) - raft.server.snapshot.retention.num.files = 5 (custom)
2019-10-02 20:07:14,172 [pool-439-thread-1] INFO  server.RaftServerConfigKeys (ConfUtils.java:logGet(43)) - raft.server.retrycache.expirytime = 600000ms (custom)
2019-10-02 20:07:14,174 [pool-439-thread-1] INFO  impl.RaftServerImpl (RaftServerImpl.java:start(185)) - 44d4b517-3ddb-4fc1-bbf9-9c978f45f9af@group-A3D24EA219EA: start as a follower, conf=-1: [44d4b517-3ddb-4fc1-bbf9-9c978f45f9af:192.168.151.67:43525], old=null
2019-10-02 20:07:14,174 [pool-439-thread-1] INFO  impl.RaftServerImpl (RaftServerImpl.java:setRole(174)) - 44d4b517-3ddb-4fc1-bbf9-9c978f45f9af@group-A3D24EA219EA: changes role from      null to FOLLOWER at term 0 for startAsFollower
2019-10-02 20:07:14,174 [pool-439-thread-1] INFO  impl.RoleInfo (RoleInfo.java:updateAndGet(143)) - 44d4b517-3ddb-4fc1-bbf9-9c978f45f9af: start FollowerState
2019-10-02 20:07:14,174 [pool-439-thread-1] INFO  util.JmxRegister (JmxRegister.java:tryRegister(44)) - Successfully registered JMX Bean with object name Ratis:service=RaftServer,group=group-A3D24EA219EA,id=44d4b517-3ddb-4fc1-bbf9-9c978f45f9af
2019-10-02 20:07:14,176 [RatisPipelineUtilsThread] INFO  pipeline.PipelineStateManager (PipelineStateManager.java:addPipeline(56)) - Created pipeline Pipeline[ Id: cf971f71-4ba2-470e-bfdc-a3d24ea219ea, Nodes: 44d4b517-3ddb-4fc1-bbf9-9c978f45f9af{ip: 192.168.151.67, host: pr-hdds-2198-qvzm8-602720389, networkLocation: /default-rack, certSerialId: null}, Type:RATIS, Factor:ONE, State:OPEN]
2019-10-02 20:07:14,183 [grpc-default-executor-0] INFO  impl.RaftServerProxy (RaftServerProxy.java:addNew(89)) - 3093ea04-1862-4b93-9aff-542485acd0d6: addNew group-E9CE805B5DC7:[3093ea04-1862-4b93-9aff-542485acd0d6:192.168.151.67:40381] returns group-E9CE805B5DC7:java.util.concurrent.CompletableFuture@72240269[Not completed]
2019-10-02 20:07:14,184 [pool-459-thread-1] INFO  impl.RaftServerImpl (RaftServerImpl.java:<init>(95)) - 3093ea04-1862-4b93-9aff-542485acd0d6: new RaftServerImpl for group-E9CE805B5DC7:[3093ea04-1862-4b93-9aff-542485acd0d6:192.168.151.67:40381] with ContainerStateMachine:uninitialized
2019-10-02 20:07:14,184 [pool-459-thread-1] INFO  server.RaftServerConfigKeys (ConfUtils.java:logGet(43)) - raft.server.rpc.timeout.min = 5s (custom)
2019-10-02 20:07:14,184 [pool-459-thread-1] INFO  server.RaftServerConfigKeys (ConfUtils.java:logGet(43)) - raft.server.rpc.timeout.max = 5200ms (custom)
2019-10-02 20:07:14,184 [pool-459-thread-1] INFO  server.RaftServerConfigKeys (ConfUtils.java:logGet(43)) - raft.server.rpcslowness.timeout = 120s (custom)
2019-10-02 20:07:14,184 [pool-459-thread-1] INFO  server.RaftServerConfigKeys (ConfUtils.java:logGet(43)) - raft.server.sleep.deviation.threshold = 300 (default)
2019-10-02 20:07:14,184 [pool-459-thread-1] INFO  server.RaftServerConfigKeys (ConfUtils.java:logGet(43)) - raft.server.log.appender.install.snapshot.enabled = false (custom)
2019-10-02 20:07:14,184 [pool-459-thread-1] INFO  impl.RaftServerImpl (ServerState.java:<init>(103)) - 3093ea04-1862-4b93-9aff-542485acd0d6@group-E9CE805B5DC7: ConfigurationManager, init=-1: [3093ea04-1862-4b93-9aff-542485acd0d6:192.168.151.67:40381], old=null, confs=<EMPTY_MAP>
2019-10-02 20:07:14,184 [pool-459-thread-1] INFO  server.RaftServerConfigKeys (ConfUtils.java:logGet(43)) - raft.server.storage.dir = [/workdir/hadoop-ozone/integration-test/target/test-dir/MiniOzoneClusterImpl-11e04269-4a3b-41a8-a8d0-fcdf29918043/datanode-5/data/ratis] (custom)
2019-10-02 20:07:14,185 [pool-459-thread-1] INFO  storage.RaftStorageDirectory (RaftStorageDirectory.java:analyzeStorage(246)) - The storage directory /workdir/hadoop-ozone/integration-test/target/test-dir/MiniOzoneClusterImpl-11e04269-4a3b-41a8-a8d0-fcdf29918043/datanode-5/data/ratis/f086145d-34c8-47e6-8789-e9ce805b5dc7 does not exist. Creating ...
2019-10-02 20:07:14,196 [IPC Server handler 7 on 36204] INFO  net.NetworkTopology (NetworkTopologyImpl.java:add(111)) - Added a new node: /default-rack/0ed46e5c-9531-4629-a01d-f4cb54996e4a
2019-10-02 20:07:14,196 [IPC Server handler 7 on 36204] INFO  node.SCMNodeManager (SCMNodeManager.java:register(266)) - Registered Data node : 0ed46e5c-9531-4629-a01d-f4cb54996e4a{ip: 192.168.151.67, host: pr-hdds-2198-qvzm8-602720389, networkLocation: /default-rack, certSerialId: null}
2019-10-02 20:07:14,197 [pool-459-thread-1] INFO  storage.RaftStorageDirectory (RaftStorageDirectory.java:tryLock(328)) - Lock on /workdir/hadoop-ozone/integration-test/target/test-dir/MiniOzoneClusterImpl-11e04269-4a3b-41a8-a8d0-fcdf29918043/datanode-5/data/ratis/f086145d-34c8-47e6-8789-e9ce805b5dc7/in_use.lock acquired by nodename 22996@pr-hdds-2198-qvzm8-602720389
2019-10-02 20:07:14,198 [main] INFO  ozone.MiniOzoneClusterImpl (MiniOzoneClusterImpl.java:lambda$waitForClusterToBeReady$0(147)) - Cluster is ready. Got 7 of 7 DN Heartbeats.
2019-10-02 20:07:14,223 [pool-459-thread-1] INFO  storage.RaftStorage (RaftStorage.java:format(72)) - Storage directory /workdir/hadoop-ozone/integration-test/target/test-dir/MiniOzoneClusterImpl-11e04269-4a3b-41a8-a8d0-fcdf29918043/datanode-5/data/ratis/f086145d-34c8-47e6-8789-e9ce805b5dc7 has been successfully formatted.
2019-10-02 20:07:14,224 [pool-459-thread-1] INFO  ratis.ContainerStateMachine (ContainerStateMachine.java:loadSnapshot(230)) - group-E9CE805B5DC7: The snapshot info is null. Setting the last applied indexto:(t:0, i:~)
2019-10-02 20:07:14,224 [pool-459-thread-1] INFO  server.RaftServerConfigKeys (ConfUtils.java:logGet(43)) - raft.server.notification.no-leader.timeout = 120s (custom)
2019-10-02 20:07:14,224 [pool-459-thread-1] INFO  server.RaftServerConfigKeys (ConfUtils.java:logGet(43)) - raft.server.log.use.memory = false (default)
2019-10-02 20:07:14,224 [pool-459-thread-1] INFO  server.RaftServerConfigKeys (ConfUtils.java:logGet(43)) - raft.server.log.purge.gap = 1000000 (custom)
2019-10-02 20:07:14,224 [pool-459-thread-1] INFO  server.RaftServerConfigKeys (ConfUtils.java:logGet(43)) - raft.server.log.appender.buffer.byte-limit = 33554432 (custom)
2019-10-02 20:07:14,224 [pool-459-thread-1] INFO  server.RaftServerConfigKeys (ConfUtils.java:logGet(43)) - raft.server.log.segment.size.max = 1048576 (custom)
2019-10-02 20:07:14,224 [pool-459-thread-1] INFO  server.RaftServerConfigKeys (ConfUtils.java:logGet(43)) - raft.server.log.segment.cache.num.max = 2 (custom)
2019-10-02 20:07:14,225 [pool-459-thread-1] INFO  segmented.SegmentedRaftLogWorker (SegmentedRaftLogWorker.java:<init>(172)) - new 3093ea04-1862-4b93-9aff-542485acd0d6@group-E9CE805B5DC7-SegmentedRaftLogWorker for RaftStorage:Storage Directory /workdir/hadoop-ozone/integration-test/target/test-dir/MiniOzoneClusterImpl-11e04269-4a3b-41a8-a8d0-fcdf29918043/datanode-5/data/ratis/f086145d-34c8-47e6-8789-e9ce805b5dc7
2019-10-02 20:07:14,231 [pool-459-thread-1] INFO  server.RaftServerConfigKeys (ConfUtils.java:logGet(43)) - raft.server.log.queue.byte-limit = 2147483647 (custom)
2019-10-02 20:07:14,231 [main] INFO  rpc.RpcClient (RpcClient.java:createVolume(276)) - Creating Volume: testblockoutputstream, with jenkins1000 as owner.
2019-10-02 20:07:14,234 [pool-459-thread-1] INFO  server.RaftServerConfigKeys (ConfUtils.java:logGet(43)) - raft.server.log.queue.element-limit = 1024 (custom)
2019-10-02 20:07:14,235 [pool-459-thread-1] INFO  server.RaftServerConfigKeys (ConfUtils.java:logGet(43)) - raft.server.log.segment.size.max = 1048576 (custom)
2019-10-02 20:07:14,235 [pool-459-thread-1] INFO  server.RaftServerConfigKeys (ConfUtils.java:logGet(43)) - raft.server.log.preallocated.size = 16384 (custom)
2019-10-02 20:07:14,235 [pool-459-thread-1] INFO  server.RaftServerConfigKeys (ConfUtils.java:logGet(43)) - raft.server.log.write.buffer.size = 33554432 (custom)
2019-10-02 20:07:14,235 [pool-459-thread-1] INFO  server.RaftServerConfigKeys (ConfUtils.java:logGet(43)) - raft.server.log.force.sync.num = 128 (default)
2019-10-02 20:07:14,236 [pool-459-thread-1] INFO  server.RaftServerConfigKeys (ConfUtils.java:logGet(43)) - raft.server.log.statemachine.data.sync = true (default)
2019-10-02 20:07:14,236 [pool-459-thread-1] INFO  server.RaftServerConfigKeys (ConfUtils.java:logGet(43)) - raft.server.log.statemachine.data.sync.timeout = 10s (default)
2019-10-02 20:07:14,236 [pool-459-thread-1] INFO  server.RaftServerConfigKeys (ConfUtils.java:logGet(43)) - raft.server.log.statemachine.data.sync.timeout.retry = -1 (default)
2019-10-02 20:07:14,236 [pool-459-thread-1] INFO  server.RaftServerConfigKeys (ConfUtils.java:logGet(43)) - raft.server.log.statemachine.data.caching.enabled = true (custom)
2019-10-02 20:07:14,236 [pool-459-thread-1] INFO  segmented.SegmentedRaftLogWorker (SegmentedRaftLogWorker.java:lambda$new$0(132)) - 3093ea04-1862-4b93-9aff-542485acd0d6@group-E9CE805B5DC7-SegmentedRaftLogWorker: flushIndex: setUnconditionally 0 -> -1
2019-10-02 20:07:14,237 [pool-459-thread-1] INFO  server.RaftServerConfigKeys (ConfUtils.java:logGet(43)) - raft.server.snapshot.auto.trigger.enabled = true (custom)
2019-10-02 20:07:14,237 [pool-459-thread-1] INFO  server.RaftServerConfigKeys (ConfUtils.java:logGet(43)) - raft.server.snapshot.auto.trigger.threshold = 10000 (custom)
2019-10-02 20:07:14,237 [pool-459-thread-1] INFO  server.RaftServerConfigKeys (ConfUtils.java:logGet(43)) - raft.server.snapshot.retention.num.files = 5 (custom)
2019-10-02 20:07:14,237 [pool-459-thread-1] INFO  server.RaftServerConfigKeys (ConfUtils.java:logGet(43)) - raft.server.retrycache.expirytime = 600000ms (custom)
2019-10-02 20:07:14,238 [IPC Server handler 1 on 33329] INFO  volume.OMVolumeCreateRequest (OMVolumeCreateRequest.java:validateAndUpdateCache(194)) - created volume:testblockoutputstream for user:jenkins1000
2019-10-02 20:07:14,239 [pool-459-thread-1] INFO  impl.RaftServerImpl (RaftServerImpl.java:start(185)) - 3093ea04-1862-4b93-9aff-542485acd0d6@group-E9CE805B5DC7: start as a follower, conf=-1: [3093ea04-1862-4b93-9aff-542485acd0d6:192.168.151.67:40381], old=null
2019-10-02 20:07:14,239 [pool-459-thread-1] INFO  impl.RaftServerImpl (RaftServerImpl.java:setRole(174)) - 3093ea04-1862-4b93-9aff-542485acd0d6@group-E9CE805B5DC7: changes role from      null to FOLLOWER at term 0 for startAsFollower
2019-10-02 20:07:14,240 [pool-459-thread-1] INFO  impl.RoleInfo (RoleInfo.java:updateAndGet(143)) - 3093ea04-1862-4b93-9aff-542485acd0d6: start FollowerState
2019-10-02 20:07:14,240 [pool-459-thread-1] INFO  util.JmxRegister (JmxRegister.java:tryRegister(44)) - Successfully registered JMX Bean with object name Ratis:service=RaftServer,group=group-E9CE805B5DC7,id=3093ea04-1862-4b93-9aff-542485acd0d6
2019-10-02 20:07:14,251 [RatisPipelineUtilsThread] INFO  pipeline.PipelineStateManager (PipelineStateManager.java:addPipeline(56)) - Created pipeline Pipeline[ Id: f086145d-34c8-47e6-8789-e9ce805b5dc7, Nodes: 3093ea04-1862-4b93-9aff-542485acd0d6{ip: 192.168.151.67, host: pr-hdds-2198-qvzm8-602720389, networkLocation: /default-rack, certSerialId: null}, Type:RATIS, Factor:ONE, State:OPEN]
2019-10-02 20:07:14,254 [main] INFO  rpc.RpcClient (RpcClient.java:createBucket(415)) - Creating Bucket: testblockoutputstream/testblockoutputstream, with Versioning false and Storage Type set to DISK and Encryption set to false 
2019-10-02 20:07:14,260 [grpc-default-executor-0] INFO  impl.RaftServerProxy (RaftServerProxy.java:addNew(89)) - 0ed46e5c-9531-4629-a01d-f4cb54996e4a: addNew group-54A3C663377B:[0ed46e5c-9531-4629-a01d-f4cb54996e4a:192.168.151.67:45637] returns group-54A3C663377B:java.util.concurrent.CompletableFuture@7a235af[Not completed]
2019-10-02 20:07:14,261 [pool-469-thread-1] INFO  impl.RaftServerImpl (RaftServerImpl.java:<init>(95)) - 0ed46e5c-9531-4629-a01d-f4cb54996e4a: new RaftServerImpl for group-54A3C663377B:[0ed46e5c-9531-4629-a01d-f4cb54996e4a:192.168.151.67:45637] with ContainerStateMachine:uninitialized
2019-10-02 20:07:14,261 [pool-469-thread-1] INFO  server.RaftServerConfigKeys (ConfUtils.java:logGet(43)) - raft.server.rpc.timeout.min = 5s (custom)
2019-10-02 20:07:14,261 [pool-469-thread-1] INFO  server.RaftServerConfigKeys (ConfUtils.java:logGet(43)) - raft.server.rpc.timeout.max = 5200ms (custom)
2019-10-02 20:07:14,261 [pool-469-thread-1] INFO  server.RaftServerConfigKeys (ConfUtils.java:logGet(43)) - raft.server.rpcslowness.timeout = 120s (custom)
2019-10-02 20:07:14,261 [pool-469-thread-1] INFO  server.RaftServerConfigKeys (ConfUtils.java:logGet(43)) - raft.server.sleep.deviation.threshold = 300 (default)
2019-10-02 20:07:14,261 [pool-469-thread-1] INFO  server.RaftServerConfigKeys (ConfUtils.java:logGet(43)) - raft.server.log.appender.install.snapshot.enabled = false (custom)
2019-10-02 20:07:14,261 [pool-469-thread-1] INFO  impl.RaftServerImpl (ServerState.java:<init>(103)) - 0ed46e5c-9531-4629-a01d-f4cb54996e4a@group-54A3C663377B: ConfigurationManager, init=-1: [0ed46e5c-9531-4629-a01d-f4cb54996e4a:192.168.151.67:45637], old=null, confs=<EMPTY_MAP>
2019-10-02 20:07:14,261 [pool-469-thread-1] INFO  server.RaftServerConfigKeys (ConfUtils.java:logGet(43)) - raft.server.storage.dir = [/workdir/hadoop-ozone/integration-test/target/test-dir/MiniOzoneClusterImpl-11e04269-4a3b-41a8-a8d0-fcdf29918043/datanode-6/data/ratis] (custom)
2019-10-02 20:07:14,262 [pool-469-thread-1] INFO  storage.RaftStorageDirectory (RaftStorageDirectory.java:analyzeStorage(246)) - The storage directory /workdir/hadoop-ozone/integration-test/target/test-dir/MiniOzoneClusterImpl-11e04269-4a3b-41a8-a8d0-fcdf29918043/datanode-6/data/ratis/f449f73c-7d4c-4463-9e09-54a3c663377b does not exist. Creating ...
2019-10-02 20:07:14,274 [pool-469-thread-1] INFO  storage.RaftStorageDirectory (RaftStorageDirectory.java:tryLock(328)) - Lock on /workdir/hadoop-ozone/integration-test/target/test-dir/MiniOzoneClusterImpl-11e04269-4a3b-41a8-a8d0-fcdf29918043/datanode-6/data/ratis/f449f73c-7d4c-4463-9e09-54a3c663377b/in_use.lock acquired by nodename 22996@pr-hdds-2198-qvzm8-602720389
2019-10-02 20:07:14,288 [pool-469-thread-1] INFO  storage.RaftStorage (RaftStorage.java:format(72)) - Storage directory /workdir/hadoop-ozone/integration-test/target/test-dir/MiniOzoneClusterImpl-11e04269-4a3b-41a8-a8d0-fcdf29918043/datanode-6/data/ratis/f449f73c-7d4c-4463-9e09-54a3c663377b has been successfully formatted.
2019-10-02 20:07:14,288 [pool-469-thread-1] INFO  ratis.ContainerStateMachine (ContainerStateMachine.java:loadSnapshot(230)) - group-54A3C663377B: The snapshot info is null. Setting the last applied indexto:(t:0, i:~)
2019-10-02 20:07:14,288 [pool-469-thread-1] INFO  server.RaftServerConfigKeys (ConfUtils.java:logGet(43)) - raft.server.notification.no-leader.timeout = 120s (custom)
2019-10-02 20:07:14,288 [pool-469-thread-1] INFO  server.RaftServerConfigKeys (ConfUtils.java:logGet(43)) - raft.server.log.use.memory = false (default)
2019-10-02 20:07:14,288 [pool-469-thread-1] INFO  server.RaftServerConfigKeys (ConfUtils.java:logGet(43)) - raft.server.log.purge.gap = 1000000 (custom)
2019-10-02 20:07:14,288 [pool-469-thread-1] INFO  server.RaftServerConfigKeys (ConfUtils.java:logGet(43)) - raft.server.log.appender.buffer.byte-limit = 33554432 (custom)
2019-10-02 20:07:14,288 [pool-469-thread-1] INFO  server.RaftServerConfigKeys (ConfUtils.java:logGet(43)) - raft.server.log.segment.size.max = 1048576 (custom)
2019-10-02 20:07:14,289 [pool-469-thread-1] INFO  server.RaftServerConfigKeys (ConfUtils.java:logGet(43)) - raft.server.log.segment.cache.num.max = 2 (custom)
2019-10-02 20:07:14,289 [pool-469-thread-1] INFO  segmented.SegmentedRaftLogWorker (SegmentedRaftLogWorker.java:<init>(172)) - new 0ed46e5c-9531-4629-a01d-f4cb54996e4a@group-54A3C663377B-SegmentedRaftLogWorker for RaftStorage:Storage Directory /workdir/hadoop-ozone/integration-test/target/test-dir/MiniOzoneClusterImpl-11e04269-4a3b-41a8-a8d0-fcdf29918043/datanode-6/data/ratis/f449f73c-7d4c-4463-9e09-54a3c663377b
2019-10-02 20:07:14,290 [pool-469-thread-1] INFO  server.RaftServerConfigKeys (ConfUtils.java:logGet(43)) - raft.server.log.queue.byte-limit = 2147483647 (custom)
2019-10-02 20:07:14,290 [pool-469-thread-1] INFO  server.RaftServerConfigKeys (ConfUtils.java:logGet(43)) - raft.server.log.queue.element-limit = 1024 (custom)
2019-10-02 20:07:14,290 [pool-469-thread-1] INFO  server.RaftServerConfigKeys (ConfUtils.java:logGet(43)) - raft.server.log.segment.size.max = 1048576 (custom)
2019-10-02 20:07:14,290 [pool-469-thread-1] INFO  server.RaftServerConfigKeys (ConfUtils.java:logGet(43)) - raft.server.log.preallocated.size = 16384 (custom)
2019-10-02 20:07:14,290 [pool-469-thread-1] INFO  server.RaftServerConfigKeys (ConfUtils.java:logGet(43)) - raft.server.log.write.buffer.size = 33554432 (custom)
2019-10-02 20:07:14,291 [pool-469-thread-1] INFO  server.RaftServerConfigKeys (ConfUtils.java:logGet(43)) - raft.server.log.force.sync.num = 128 (default)
2019-10-02 20:07:14,291 [pool-469-thread-1] INFO  server.RaftServerConfigKeys (ConfUtils.java:logGet(43)) - raft.server.log.statemachine.data.sync = true (default)
2019-10-02 20:07:14,291 [pool-469-thread-1] INFO  server.RaftServerConfigKeys (ConfUtils.java:logGet(43)) - raft.server.log.statemachine.data.sync.timeout = 10s (default)
2019-10-02 20:07:14,291 [pool-469-thread-1] INFO  server.RaftServerConfigKeys (ConfUtils.java:logGet(43)) - raft.server.log.statemachine.data.sync.timeout.retry = -1 (default)
2019-10-02 20:07:14,291 [pool-469-thread-1] INFO  server.RaftServerConfigKeys (ConfUtils.java:logGet(43)) - raft.server.log.statemachine.data.caching.enabled = true (custom)
2019-10-02 20:07:14,291 [pool-469-thread-1] INFO  segmented.SegmentedRaftLogWorker (SegmentedRaftLogWorker.java:lambda$new$0(132)) - 0ed46e5c-9531-4629-a01d-f4cb54996e4a@group-54A3C663377B-SegmentedRaftLogWorker: flushIndex: setUnconditionally 0 -> -1
2019-10-02 20:07:14,291 [pool-469-thread-1] INFO  server.RaftServerConfigKeys (ConfUtils.java:logGet(43)) - raft.server.snapshot.auto.trigger.enabled = true (custom)
2019-10-02 20:07:14,292 [pool-469-thread-1] INFO  server.RaftServerConfigKeys (ConfUtils.java:logGet(43)) - raft.server.snapshot.auto.trigger.threshold = 10000 (custom)
2019-10-02 20:07:14,292 [pool-469-thread-1] INFO  server.RaftServerConfigKeys (ConfUtils.java:logGet(43)) - raft.server.snapshot.retention.num.files = 5 (custom)
2019-10-02 20:07:14,292 [pool-469-thread-1] INFO  server.RaftServerConfigKeys (ConfUtils.java:logGet(43)) - raft.server.retrycache.expirytime = 600000ms (custom)
2019-10-02 20:07:14,293 [pool-469-thread-1] INFO  impl.RaftServerImpl (RaftServerImpl.java:start(185)) - 0ed46e5c-9531-4629-a01d-f4cb54996e4a@group-54A3C663377B: start as a follower, conf=-1: [0ed46e5c-9531-4629-a01d-f4cb54996e4a:192.168.151.67:45637], old=null
2019-10-02 20:07:14,293 [pool-469-thread-1] INFO  impl.RaftServerImpl (RaftServerImpl.java:setRole(174)) - 0ed46e5c-9531-4629-a01d-f4cb54996e4a@group-54A3C663377B: changes role from      null to FOLLOWER at term 0 for startAsFollower
2019-10-02 20:07:14,293 [pool-469-thread-1] INFO  impl.RoleInfo (RoleInfo.java:updateAndGet(143)) - 0ed46e5c-9531-4629-a01d-f4cb54996e4a: start FollowerState
2019-10-02 20:07:14,294 [pool-469-thread-1] INFO  util.JmxRegister (JmxRegister.java:tryRegister(44)) - Successfully registered JMX Bean with object name Ratis:service=RaftServer,group=group-54A3C663377B,id=0ed46e5c-9531-4629-a01d-f4cb54996e4a
2019-10-02 20:07:14,295 [RatisPipelineUtilsThread] INFO  pipeline.PipelineStateManager (PipelineStateManager.java:addPipeline(56)) - Created pipeline Pipeline[ Id: f449f73c-7d4c-4463-9e09-54a3c663377b, Nodes: 0ed46e5c-9531-4629-a01d-f4cb54996e4a{ip: 192.168.151.67, host: pr-hdds-2198-qvzm8-602720389, networkLocation: /default-rack, certSerialId: null}, Type:RATIS, Factor:ONE, State:OPEN]
2019-10-02 20:07:14,315 [grpc-default-executor-5] INFO  impl.RaftServerProxy (RaftServerProxy.java:addNew(89)) - 3093ea04-1862-4b93-9aff-542485acd0d6: addNew group-1D5C08A701D1:[0ed46e5c-9531-4629-a01d-f4cb54996e4a:192.168.151.67:45637, 3093ea04-1862-4b93-9aff-542485acd0d6:192.168.151.67:40381, 9b563795-2039-41be-9979-ae623f6b1773:192.168.151.67:33880] returns group-1D5C08A701D1:java.util.concurrent.CompletableFuture@68dc94c3[Not completed]
2019-10-02 20:07:14,315 [grpc-default-executor-8] INFO  impl.RaftServerProxy (RaftServerProxy.java:addNew(89)) - 9b563795-2039-41be-9979-ae623f6b1773: addNew group-1D5C08A701D1:[0ed46e5c-9531-4629-a01d-f4cb54996e4a:192.168.151.67:45637, 3093ea04-1862-4b93-9aff-542485acd0d6:192.168.151.67:40381, 9b563795-2039-41be-9979-ae623f6b1773:192.168.151.67:33880] returns group-1D5C08A701D1:java.util.concurrent.CompletableFuture@2ec1370d[Not completed]
2019-10-02 20:07:14,316 [grpc-default-executor-0] INFO  impl.RaftServerProxy (RaftServerProxy.java:addNew(89)) - 0ed46e5c-9531-4629-a01d-f4cb54996e4a: addNew group-1D5C08A701D1:[0ed46e5c-9531-4629-a01d-f4cb54996e4a:192.168.151.67:45637, 3093ea04-1862-4b93-9aff-542485acd0d6:192.168.151.67:40381, 9b563795-2039-41be-9979-ae623f6b1773:192.168.151.67:33880] returns group-1D5C08A701D1:java.util.concurrent.CompletableFuture@42e17219[Not completed]
2019-10-02 20:07:14,316 [pool-449-thread-1] INFO  impl.RaftServerImpl (RaftServerImpl.java:<init>(95)) - 9b563795-2039-41be-9979-ae623f6b1773: new RaftServerImpl for group-1D5C08A701D1:[0ed46e5c-9531-4629-a01d-f4cb54996e4a:192.168.151.67:45637, 3093ea04-1862-4b93-9aff-542485acd0d6:192.168.151.67:40381, 9b563795-2039-41be-9979-ae623f6b1773:192.168.151.67:33880] with ContainerStateMachine:uninitialized
2019-10-02 20:07:14,316 [pool-449-thread-1] INFO  server.RaftServerConfigKeys (ConfUtils.java:logGet(43)) - raft.server.rpc.timeout.min = 5s (custom)
2019-10-02 20:07:14,316 [pool-449-thread-1] INFO  server.RaftServerConfigKeys (ConfUtils.java:logGet(43)) - raft.server.rpc.timeout.max = 5200ms (custom)
2019-10-02 20:07:14,317 [pool-449-thread-1] INFO  server.RaftServerConfigKeys (ConfUtils.java:logGet(43)) - raft.server.rpcslowness.timeout = 120s (custom)
2019-10-02 20:07:14,317 [pool-469-thread-1] INFO  impl.RaftServerImpl (RaftServerImpl.java:<init>(95)) - 0ed46e5c-9531-4629-a01d-f4cb54996e4a: new RaftServerImpl for group-1D5C08A701D1:[0ed46e5c-9531-4629-a01d-f4cb54996e4a:192.168.151.67:45637, 3093ea04-1862-4b93-9aff-542485acd0d6:192.168.151.67:40381, 9b563795-2039-41be-9979-ae623f6b1773:192.168.151.67:33880] with ContainerStateMachine:uninitialized
2019-10-02 20:07:14,317 [pool-449-thread-1] INFO  server.RaftServerConfigKeys (ConfUtils.java:logGet(43)) - raft.server.sleep.deviation.threshold = 300 (default)
2019-10-02 20:07:14,317 [pool-469-thread-1] INFO  server.RaftServerConfigKeys (ConfUtils.java:logGet(43)) - raft.server.rpc.timeout.min = 5s (custom)
2019-10-02 20:07:14,317 [pool-449-thread-1] INFO  server.RaftServerConfigKeys (ConfUtils.java:logGet(43)) - raft.server.log.appender.install.snapshot.enabled = false (custom)
2019-10-02 20:07:14,317 [pool-459-thread-1] INFO  impl.RaftServerImpl (RaftServerImpl.java:<init>(95)) - 3093ea04-1862-4b93-9aff-542485acd0d6: new RaftServerImpl for group-1D5C08A701D1:[0ed46e5c-9531-4629-a01d-f4cb54996e4a:192.168.151.67:45637, 3093ea04-1862-4b93-9aff-542485acd0d6:192.168.151.67:40381, 9b563795-2039-41be-9979-ae623f6b1773:192.168.151.67:33880] with ContainerStateMachine:uninitialized
2019-10-02 20:07:14,317 [pool-449-thread-1] INFO  impl.RaftServerImpl (ServerState.java:<init>(103)) - 9b563795-2039-41be-9979-ae623f6b1773@group-1D5C08A701D1: ConfigurationManager, init=-1: [0ed46e5c-9531-4629-a01d-f4cb54996e4a:192.168.151.67:45637, 3093ea04-1862-4b93-9aff-542485acd0d6:192.168.151.67:40381, 9b563795-2039-41be-9979-ae623f6b1773:192.168.151.67:33880], old=null, confs=<EMPTY_MAP>
2019-10-02 20:07:14,317 [pool-469-thread-1] INFO  server.RaftServerConfigKeys (ConfUtils.java:logGet(43)) - raft.server.rpc.timeout.max = 5200ms (custom)
2019-10-02 20:07:14,317 [pool-449-thread-1] INFO  server.RaftServerConfigKeys (ConfUtils.java:logGet(43)) - raft.server.storage.dir = [/workdir/hadoop-ozone/integration-test/target/test-dir/MiniOzoneClusterImpl-11e04269-4a3b-41a8-a8d0-fcdf29918043/datanode-4/data/ratis] (custom)
2019-10-02 20:07:14,317 [pool-459-thread-1] INFO  server.RaftServerConfigKeys (ConfUtils.java:logGet(43)) - raft.server.rpc.timeout.min = 5s (custom)
2019-10-02 20:07:14,317 [pool-469-thread-1] INFO  server.RaftServerConfigKeys (ConfUtils.java:logGet(43)) - raft.server.rpcslowness.timeout = 120s (custom)
2019-10-02 20:07:14,317 [pool-459-thread-1] INFO  server.RaftServerConfigKeys (ConfUtils.java:logGet(43)) - raft.server.rpc.timeout.max = 5200ms (custom)
2019-10-02 20:07:14,317 [pool-449-thread-1] INFO  storage.RaftStorageDirectory (RaftStorageDirectory.java:analyzeStorage(246)) - The storage directory /workdir/hadoop-ozone/integration-test/target/test-dir/MiniOzoneClusterImpl-11e04269-4a3b-41a8-a8d0-fcdf29918043/datanode-4/data/ratis/420cdd75-6fa4-4f5f-921c-1d5c08a701d1 does not exist. Creating ...
2019-10-02 20:07:14,317 [pool-469-thread-1] INFO  server.RaftServerConfigKeys (ConfUtils.java:logGet(43)) - raft.server.sleep.deviation.threshold = 300 (default)
2019-10-02 20:07:14,318 [pool-459-thread-1] INFO  server.RaftServerConfigKeys (ConfUtils.java:logGet(43)) - raft.server.rpcslowness.timeout = 120s (custom)
2019-10-02 20:07:14,318 [pool-469-thread-1] INFO  server.RaftServerConfigKeys (ConfUtils.java:logGet(43)) - raft.server.log.appender.install.snapshot.enabled = false (custom)
2019-10-02 20:07:14,318 [pool-459-thread-1] INFO  server.RaftServerConfigKeys (ConfUtils.java:logGet(43)) - raft.server.sleep.deviation.threshold = 300 (default)
2019-10-02 20:07:14,318 [pool-469-thread-1] INFO  impl.RaftServerImpl (ServerState.java:<init>(103)) - 0ed46e5c-9531-4629-a01d-f4cb54996e4a@group-1D5C08A701D1: ConfigurationManager, init=-1: [0ed46e5c-9531-4629-a01d-f4cb54996e4a:192.168.151.67:45637, 3093ea04-1862-4b93-9aff-542485acd0d6:192.168.151.67:40381, 9b563795-2039-41be-9979-ae623f6b1773:192.168.151.67:33880], old=null, confs=<EMPTY_MAP>
2019-10-02 20:07:14,318 [pool-459-thread-1] INFO  server.RaftServerConfigKeys (ConfUtils.java:logGet(43)) - raft.server.log.appender.install.snapshot.enabled = false (custom)
2019-10-02 20:07:14,318 [pool-469-thread-1] INFO  server.RaftServerConfigKeys (ConfUtils.java:logGet(43)) - raft.server.storage.dir = [/workdir/hadoop-ozone/integration-test/target/test-dir/MiniOzoneClusterImpl-11e04269-4a3b-41a8-a8d0-fcdf29918043/datanode-6/data/ratis] (custom)
2019-10-02 20:07:14,318 [pool-459-thread-1] INFO  impl.RaftServerImpl (ServerState.java:<init>(103)) - 3093ea04-1862-4b93-9aff-542485acd0d6@group-1D5C08A701D1: ConfigurationManager, init=-1: [0ed46e5c-9531-4629-a01d-f4cb54996e4a:192.168.151.67:45637, 3093ea04-1862-4b93-9aff-542485acd0d6:192.168.151.67:40381, 9b563795-2039-41be-9979-ae623f6b1773:192.168.151.67:33880], old=null, confs=<EMPTY_MAP>
2019-10-02 20:07:14,318 [pool-459-thread-1] INFO  server.RaftServerConfigKeys (ConfUtils.java:logGet(43)) - raft.server.storage.dir = [/workdir/hadoop-ozone/integration-test/target/test-dir/MiniOzoneClusterImpl-11e04269-4a3b-41a8-a8d0-fcdf29918043/datanode-5/data/ratis] (custom)
2019-10-02 20:07:14,318 [pool-469-thread-1] INFO  storage.RaftStorageDirectory (RaftStorageDirectory.java:analyzeStorage(246)) - The storage directory /workdir/hadoop-ozone/integration-test/target/test-dir/MiniOzoneClusterImpl-11e04269-4a3b-41a8-a8d0-fcdf29918043/datanode-6/data/ratis/420cdd75-6fa4-4f5f-921c-1d5c08a701d1 does not exist. Creating ...
2019-10-02 20:07:14,318 [pool-459-thread-1] INFO  storage.RaftStorageDirectory (RaftStorageDirectory.java:analyzeStorage(246)) - The storage directory /workdir/hadoop-ozone/integration-test/target/test-dir/MiniOzoneClusterImpl-11e04269-4a3b-41a8-a8d0-fcdf29918043/datanode-5/data/ratis/420cdd75-6fa4-4f5f-921c-1d5c08a701d1 does not exist. Creating ...
2019-10-02 20:07:14,331 [pool-469-thread-1] INFO  storage.RaftStorageDirectory (RaftStorageDirectory.java:tryLock(328)) - Lock on /workdir/hadoop-ozone/integration-test/target/test-dir/MiniOzoneClusterImpl-11e04269-4a3b-41a8-a8d0-fcdf29918043/datanode-6/data/ratis/420cdd75-6fa4-4f5f-921c-1d5c08a701d1/in_use.lock acquired by nodename 22996@pr-hdds-2198-qvzm8-602720389
2019-10-02 20:07:14,331 [pool-459-thread-1] INFO  storage.RaftStorageDirectory (RaftStorageDirectory.java:tryLock(328)) - Lock on /workdir/hadoop-ozone/integration-test/target/test-dir/MiniOzoneClusterImpl-11e04269-4a3b-41a8-a8d0-fcdf29918043/datanode-5/data/ratis/420cdd75-6fa4-4f5f-921c-1d5c08a701d1/in_use.lock acquired by nodename 22996@pr-hdds-2198-qvzm8-602720389
2019-10-02 20:07:14,331 [pool-449-thread-1] INFO  storage.RaftStorageDirectory (RaftStorageDirectory.java:tryLock(328)) - Lock on /workdir/hadoop-ozone/integration-test/target/test-dir/MiniOzoneClusterImpl-11e04269-4a3b-41a8-a8d0-fcdf29918043/datanode-4/data/ratis/420cdd75-6fa4-4f5f-921c-1d5c08a701d1/in_use.lock acquired by nodename 22996@pr-hdds-2198-qvzm8-602720389
2019-10-02 20:07:14,345 [pool-459-thread-1] INFO  storage.RaftStorage (RaftStorage.java:format(72)) - Storage directory /workdir/hadoop-ozone/integration-test/target/test-dir/MiniOzoneClusterImpl-11e04269-4a3b-41a8-a8d0-fcdf29918043/datanode-5/data/ratis/420cdd75-6fa4-4f5f-921c-1d5c08a701d1 has been successfully formatted.
2019-10-02 20:07:14,345 [pool-449-thread-1] INFO  storage.RaftStorage (RaftStorage.java:format(72)) - Storage directory /workdir/hadoop-ozone/integration-test/target/test-dir/MiniOzoneClusterImpl-11e04269-4a3b-41a8-a8d0-fcdf29918043/datanode-4/data/ratis/420cdd75-6fa4-4f5f-921c-1d5c08a701d1 has been successfully formatted.
2019-10-02 20:07:14,345 [pool-459-thread-1] INFO  ratis.ContainerStateMachine (ContainerStateMachine.java:loadSnapshot(230)) - group-1D5C08A701D1: The snapshot info is null. Setting the last applied indexto:(t:0, i:~)
2019-10-02 20:07:14,345 [pool-469-thread-1] INFO  storage.RaftStorage (RaftStorage.java:format(72)) - Storage directory /workdir/hadoop-ozone/integration-test/target/test-dir/MiniOzoneClusterImpl-11e04269-4a3b-41a8-a8d0-fcdf29918043/datanode-6/data/ratis/420cdd75-6fa4-4f5f-921c-1d5c08a701d1 has been successfully formatted.
2019-10-02 20:07:14,345 [pool-459-thread-1] INFO  server.RaftServerConfigKeys (ConfUtils.java:logGet(43)) - raft.server.notification.no-leader.timeout = 120s (custom)
2019-10-02 20:07:14,345 [pool-449-thread-1] INFO  ratis.ContainerStateMachine (ContainerStateMachine.java:loadSnapshot(230)) - group-1D5C08A701D1: The snapshot info is null. Setting the last applied indexto:(t:0, i:~)
2019-10-02 20:07:14,345 [pool-459-thread-1] INFO  server.RaftServerConfigKeys (ConfUtils.java:logGet(43)) - raft.server.log.use.memory = false (default)
2019-10-02 20:07:14,345 [pool-469-thread-1] INFO  ratis.ContainerStateMachine (ContainerStateMachine.java:loadSnapshot(230)) - group-1D5C08A701D1: The snapshot info is null. Setting the last applied indexto:(t:0, i:~)
2019-10-02 20:07:14,345 [pool-459-thread-1] INFO  server.RaftServerConfigKeys (ConfUtils.java:logGet(43)) - raft.server.log.purge.gap = 1000000 (custom)
2019-10-02 20:07:14,345 [pool-449-thread-1] INFO  server.RaftServerConfigKeys (ConfUtils.java:logGet(43)) - raft.server.notification.no-leader.timeout = 120s (custom)
2019-10-02 20:07:14,346 [pool-459-thread-1] INFO  server.RaftServerConfigKeys (ConfUtils.java:logGet(43)) - raft.server.log.appender.buffer.byte-limit = 33554432 (custom)
2019-10-02 20:07:14,346 [pool-469-thread-1] INFO  server.RaftServerConfigKeys (ConfUtils.java:logGet(43)) - raft.server.notification.no-leader.timeout = 120s (custom)
2019-10-02 20:07:14,346 [pool-459-thread-1] INFO  server.RaftServerConfigKeys (ConfUtils.java:logGet(43)) - raft.server.log.segment.size.max = 1048576 (custom)
2019-10-02 20:07:14,346 [pool-449-thread-1] INFO  server.RaftServerConfigKeys (ConfUtils.java:logGet(43)) - raft.server.log.use.memory = false (default)
2019-10-02 20:07:14,346 [pool-459-thread-1] INFO  server.RaftServerConfigKeys (ConfUtils.java:logGet(43)) - raft.server.log.segment.cache.num.max = 2 (custom)
2019-10-02 20:07:14,346 [pool-469-thread-1] INFO  server.RaftServerConfigKeys (ConfUtils.java:logGet(43)) - raft.server.log.use.memory = false (default)
2019-10-02 20:07:14,346 [pool-459-thread-1] INFO  segmented.SegmentedRaftLogWorker (SegmentedRaftLogWorker.java:<init>(172)) - new 3093ea04-1862-4b93-9aff-542485acd0d6@group-1D5C08A701D1-SegmentedRaftLogWorker for RaftStorage:Storage Directory /workdir/hadoop-ozone/integration-test/target/test-dir/MiniOzoneClusterImpl-11e04269-4a3b-41a8-a8d0-fcdf29918043/datanode-5/data/ratis/420cdd75-6fa4-4f5f-921c-1d5c08a701d1
2019-10-02 20:07:14,346 [pool-449-thread-1] INFO  server.RaftServerConfigKeys (ConfUtils.java:logGet(43)) - raft.server.log.purge.gap = 1000000 (custom)
2019-10-02 20:07:14,346 [pool-459-thread-1] INFO  server.RaftServerConfigKeys (ConfUtils.java:logGet(43)) - raft.server.log.queue.byte-limit = 2147483647 (custom)
2019-10-02 20:07:14,346 [pool-469-thread-1] INFO  server.RaftServerConfigKeys (ConfUtils.java:logGet(43)) - raft.server.log.purge.gap = 1000000 (custom)
2019-10-02 20:07:14,346 [pool-459-thread-1] INFO  server.RaftServerConfigKeys (ConfUtils.java:logGet(43)) - raft.server.log.queue.element-limit = 1024 (custom)
2019-10-02 20:07:14,346 [pool-449-thread-1] INFO  server.RaftServerConfigKeys (ConfUtils.java:logGet(43)) - raft.server.log.appender.buffer.byte-limit = 33554432 (custom)
2019-10-02 20:07:14,347 [pool-459-thread-1] INFO  server.RaftServerConfigKeys (ConfUtils.java:logGet(43)) - raft.server.log.segment.size.max = 1048576 (custom)
2019-10-02 20:07:14,346 [pool-469-thread-1] INFO  server.RaftServerConfigKeys (ConfUtils.java:logGet(43)) - raft.server.log.appender.buffer.byte-limit = 33554432 (custom)
2019-10-02 20:07:14,347 [pool-459-thread-1] INFO  server.RaftServerConfigKeys (ConfUtils.java:logGet(43)) - raft.server.log.preallocated.size = 16384 (custom)
2019-10-02 20:07:14,347 [pool-449-thread-1] INFO  server.RaftServerConfigKeys (ConfUtils.java:logGet(43)) - raft.server.log.segment.size.max = 1048576 (custom)
2019-10-02 20:07:14,347 [pool-459-thread-1] INFO  server.RaftServerConfigKeys (ConfUtils.java:logGet(43)) - raft.server.log.write.buffer.size = 33554432 (custom)
2019-10-02 20:07:14,347 [pool-469-thread-1] INFO  server.RaftServerConfigKeys (ConfUtils.java:logGet(43)) - raft.server.log.segment.size.max = 1048576 (custom)
2019-10-02 20:07:14,347 [pool-459-thread-1] INFO  server.RaftServerConfigKeys (ConfUtils.java:logGet(43)) - raft.server.log.force.sync.num = 128 (default)
2019-10-02 20:07:14,347 [pool-449-thread-1] INFO  server.RaftServerConfigKeys (ConfUtils.java:logGet(43)) - raft.server.log.segment.cache.num.max = 2 (custom)
2019-10-02 20:07:14,347 [pool-459-thread-1] INFO  server.RaftServerConfigKeys (ConfUtils.java:logGet(43)) - raft.server.log.statemachine.data.sync = true (default)
2019-10-02 20:07:14,347 [pool-469-thread-1] INFO  server.RaftServerConfigKeys (ConfUtils.java:logGet(43)) - raft.server.log.segment.cache.num.max = 2 (custom)
2019-10-02 20:07:14,347 [pool-459-thread-1] INFO  server.RaftServerConfigKeys (ConfUtils.java:logGet(43)) - raft.server.log.statemachine.data.sync.timeout = 10s (default)
2019-10-02 20:07:14,347 [pool-449-thread-1] INFO  segmented.SegmentedRaftLogWorker (SegmentedRaftLogWorker.java:<init>(172)) - new 9b563795-2039-41be-9979-ae623f6b1773@group-1D5C08A701D1-SegmentedRaftLogWorker for RaftStorage:Storage Directory /workdir/hadoop-ozone/integration-test/target/test-dir/MiniOzoneClusterImpl-11e04269-4a3b-41a8-a8d0-fcdf29918043/datanode-4/data/ratis/420cdd75-6fa4-4f5f-921c-1d5c08a701d1
2019-10-02 20:07:14,347 [pool-459-thread-1] INFO  server.RaftServerConfigKeys (ConfUtils.java:logGet(43)) - raft.server.log.statemachine.data.sync.timeout.retry = -1 (default)
2019-10-02 20:07:14,347 [pool-469-thread-1] INFO  segmented.SegmentedRaftLogWorker (SegmentedRaftLogWorker.java:<init>(172)) - new 0ed46e5c-9531-4629-a01d-f4cb54996e4a@group-1D5C08A701D1-SegmentedRaftLogWorker for RaftStorage:Storage Directory /workdir/hadoop-ozone/integration-test/target/test-dir/MiniOzoneClusterImpl-11e04269-4a3b-41a8-a8d0-fcdf29918043/datanode-6/data/ratis/420cdd75-6fa4-4f5f-921c-1d5c08a701d1
2019-10-02 20:07:14,348 [pool-459-thread-1] INFO  server.RaftServerConfigKeys (ConfUtils.java:logGet(43)) - raft.server.log.statemachine.data.caching.enabled = true (custom)
2019-10-02 20:07:14,348 [pool-449-thread-1] INFO  server.RaftServerConfigKeys (ConfUtils.java:logGet(43)) - raft.server.log.queue.byte-limit = 2147483647 (custom)
2019-10-02 20:07:14,348 [pool-469-thread-1] INFO  server.RaftServerConfigKeys (ConfUtils.java:logGet(43)) - raft.server.log.queue.byte-limit = 2147483647 (custom)
2019-10-02 20:07:14,348 [pool-459-thread-1] INFO  segmented.SegmentedRaftLogWorker (SegmentedRaftLogWorker.java:lambda$new$0(132)) - 3093ea04-1862-4b93-9aff-542485acd0d6@group-1D5C08A701D1-SegmentedRaftLogWorker: flushIndex: setUnconditionally 0 -> -1
2019-10-02 20:07:14,348 [pool-449-thread-1] INFO  server.RaftServerConfigKeys (ConfUtils.java:logGet(43)) - raft.server.log.queue.element-limit = 1024 (custom)
2019-10-02 20:07:14,348 [pool-469-thread-1] INFO  server.RaftServerConfigKeys (ConfUtils.java:logGet(43)) - raft.server.log.queue.element-limit = 1024 (custom)
2019-10-02 20:07:14,348 [pool-459-thread-1] INFO  server.RaftServerConfigKeys (ConfUtils.java:logGet(43)) - raft.server.snapshot.auto.trigger.enabled = true (custom)
2019-10-02 20:07:14,348 [pool-449-thread-1] INFO  server.RaftServerConfigKeys (ConfUtils.java:logGet(43)) - raft.server.log.segment.size.max = 1048576 (custom)
2019-10-02 20:07:14,348 [pool-459-thread-1] INFO  server.RaftServerConfigKeys (ConfUtils.java:logGet(43)) - raft.server.snapshot.auto.trigger.threshold = 10000 (custom)
2019-10-02 20:07:14,348 [pool-469-thread-1] INFO  server.RaftServerConfigKeys (ConfUtils.java:logGet(43)) - raft.server.log.segment.size.max = 1048576 (custom)
2019-10-02 20:07:14,348 [pool-459-thread-1] INFO  server.RaftServerConfigKeys (ConfUtils.java:logGet(43)) - raft.server.snapshot.retention.num.files = 5 (custom)
2019-10-02 20:07:14,348 [pool-449-thread-1] INFO  server.RaftServerConfigKeys (ConfUtils.java:logGet(43)) - raft.server.log.preallocated.size = 16384 (custom)
2019-10-02 20:07:14,349 [pool-459-thread-1] INFO  server.RaftServerConfigKeys (ConfUtils.java:logGet(43)) - raft.server.retrycache.expirytime = 600000ms (custom)
2019-10-02 20:07:14,348 [pool-469-thread-1] INFO  server.RaftServerConfigKeys (ConfUtils.java:logGet(43)) - raft.server.log.preallocated.size = 16384 (custom)
2019-10-02 20:07:14,349 [pool-449-thread-1] INFO  server.RaftServerConfigKeys (ConfUtils.java:logGet(43)) - raft.server.log.write.buffer.size = 33554432 (custom)
2019-10-02 20:07:14,349 [pool-469-thread-1] INFO  server.RaftServerConfigKeys (ConfUtils.java:logGet(43)) - raft.server.log.write.buffer.size = 33554432 (custom)
2019-10-02 20:07:14,349 [pool-449-thread-1] INFO  server.RaftServerConfigKeys (ConfUtils.java:logGet(43)) - raft.server.log.force.sync.num = 128 (default)
2019-10-02 20:07:14,349 [pool-469-thread-1] INFO  server.RaftServerConfigKeys (ConfUtils.java:logGet(43)) - raft.server.log.force.sync.num = 128 (default)
2019-10-02 20:07:14,349 [pool-449-thread-1] INFO  server.RaftServerConfigKeys (ConfUtils.java:logGet(43)) - raft.server.log.statemachine.data.sync = true (default)
2019-10-02 20:07:14,349 [pool-469-thread-1] INFO  server.RaftServerConfigKeys (ConfUtils.java:logGet(43)) - raft.server.log.statemachine.data.sync = true (default)
2019-10-02 20:07:14,349 [pool-449-thread-1] INFO  server.RaftServerConfigKeys (ConfUtils.java:logGet(43)) - raft.server.log.statemachine.data.sync.timeout = 10s (default)
2019-10-02 20:07:14,349 [pool-469-thread-1] INFO  server.RaftServerConfigKeys (ConfUtils.java:logGet(43)) - raft.server.log.statemachine.data.sync.timeout = 10s (default)
2019-10-02 20:07:14,349 [pool-449-thread-1] INFO  server.RaftServerConfigKeys (ConfUtils.java:logGet(43)) - raft.server.log.statemachine.data.sync.timeout.retry = -1 (default)
2019-10-02 20:07:14,349 [pool-469-thread-1] INFO  server.RaftServerConfigKeys (ConfUtils.java:logGet(43)) - raft.server.log.statemachine.data.sync.timeout.retry = -1 (default)
2019-10-02 20:07:14,349 [pool-449-thread-1] INFO  server.RaftServerConfigKeys (ConfUtils.java:logGet(43)) - raft.server.log.statemachine.data.caching.enabled = true (custom)
2019-10-02 20:07:14,350 [pool-469-thread-1] INFO  server.RaftServerConfigKeys (ConfUtils.java:logGet(43)) - raft.server.log.statemachine.data.caching.enabled = true (custom)
2019-10-02 20:07:14,350 [pool-449-thread-1] INFO  segmented.SegmentedRaftLogWorker (SegmentedRaftLogWorker.java:lambda$new$0(132)) - 9b563795-2039-41be-9979-ae623f6b1773@group-1D5C08A701D1-SegmentedRaftLogWorker: flushIndex: setUnconditionally 0 -> -1
2019-10-02 20:07:14,350 [pool-459-thread-1] INFO  impl.RaftServerImpl (RaftServerImpl.java:start(185)) - 3093ea04-1862-4b93-9aff-542485acd0d6@group-1D5C08A701D1: start as a follower, conf=-1: [0ed46e5c-9531-4629-a01d-f4cb54996e4a:192.168.151.67:45637, 3093ea04-1862-4b93-9aff-542485acd0d6:192.168.151.67:40381, 9b563795-2039-41be-9979-ae623f6b1773:192.168.151.67:33880], old=null
2019-10-02 20:07:14,350 [pool-469-thread-1] INFO  segmented.SegmentedRaftLogWorker (SegmentedRaftLogWorker.java:lambda$new$0(132)) - 0ed46e5c-9531-4629-a01d-f4cb54996e4a@group-1D5C08A701D1-SegmentedRaftLogWorker: flushIndex: setUnconditionally 0 -> -1
2019-10-02 20:07:14,350 [pool-459-thread-1] INFO  impl.RaftServerImpl (RaftServerImpl.java:setRole(174)) - 3093ea04-1862-4b93-9aff-542485acd0d6@group-1D5C08A701D1: changes role from      null to FOLLOWER at term 0 for startAsFollower
2019-10-02 20:07:14,350 [pool-449-thread-1] INFO  server.RaftServerConfigKeys (ConfUtils.java:logGet(43)) - raft.server.snapshot.auto.trigger.enabled = true (custom)
2019-10-02 20:07:14,350 [pool-469-thread-1] INFO  server.RaftServerConfigKeys (ConfUtils.java:logGet(43)) - raft.server.snapshot.auto.trigger.enabled = true (custom)
2019-10-02 20:07:14,350 [pool-459-thread-1] INFO  impl.RoleInfo (RoleInfo.java:updateAndGet(143)) - 3093ea04-1862-4b93-9aff-542485acd0d6: start FollowerState
2019-10-02 20:07:14,350 [pool-469-thread-1] INFO  server.RaftServerConfigKeys (ConfUtils.java:logGet(43)) - raft.server.snapshot.auto.trigger.threshold = 10000 (custom)
2019-10-02 20:07:14,350 [pool-449-thread-1] INFO  server.RaftServerConfigKeys (ConfUtils.java:logGet(43)) - raft.server.snapshot.auto.trigger.threshold = 10000 (custom)
2019-10-02 20:07:14,350 [pool-469-thread-1] INFO  server.RaftServerConfigKeys (ConfUtils.java:logGet(43)) - raft.server.snapshot.retention.num.files = 5 (custom)
2019-10-02 20:07:14,350 [pool-459-thread-1] INFO  util.JmxRegister (JmxRegister.java:tryRegister(44)) - Successfully registered JMX Bean with object name Ratis:service=RaftServer,group=group-1D5C08A701D1,id=3093ea04-1862-4b93-9aff-542485acd0d6
2019-10-02 20:07:14,350 [pool-449-thread-1] INFO  server.RaftServerConfigKeys (ConfUtils.java:logGet(43)) - raft.server.snapshot.retention.num.files = 5 (custom)
2019-10-02 20:07:14,350 [pool-469-thread-1] INFO  server.RaftServerConfigKeys (ConfUtils.java:logGet(43)) - raft.server.retrycache.expirytime = 600000ms (custom)
2019-10-02 20:07:14,351 [pool-449-thread-1] INFO  server.RaftServerConfigKeys (ConfUtils.java:logGet(43)) - raft.server.retrycache.expirytime = 600000ms (custom)
2019-10-02 20:07:14,352 [pool-469-thread-1] INFO  impl.RaftServerImpl (RaftServerImpl.java:start(185)) - 0ed46e5c-9531-4629-a01d-f4cb54996e4a@group-1D5C08A701D1: start as a follower, conf=-1: [0ed46e5c-9531-4629-a01d-f4cb54996e4a:192.168.151.67:45637, 3093ea04-1862-4b93-9aff-542485acd0d6:192.168.151.67:40381, 9b563795-2039-41be-9979-ae623f6b1773:192.168.151.67:33880], old=null
2019-10-02 20:07:14,352 [pool-469-thread-1] INFO  impl.RaftServerImpl (RaftServerImpl.java:setRole(174)) - 0ed46e5c-9531-4629-a01d-f4cb54996e4a@group-1D5C08A701D1: changes role from      null to FOLLOWER at term 0 for startAsFollower
2019-10-02 20:07:14,352 [pool-449-thread-1] INFO  impl.RaftServerImpl (RaftServerImpl.java:start(185)) - 9b563795-2039-41be-9979-ae623f6b1773@group-1D5C08A701D1: start as a follower, conf=-1: [0ed46e5c-9531-4629-a01d-f4cb54996e4a:192.168.151.67:45637, 3093ea04-1862-4b93-9aff-542485acd0d6:192.168.151.67:40381, 9b563795-2039-41be-9979-ae623f6b1773:192.168.151.67:33880], old=null
2019-10-02 20:07:14,352 [pool-469-thread-1] INFO  impl.RoleInfo (RoleInfo.java:updateAndGet(143)) - 0ed46e5c-9531-4629-a01d-f4cb54996e4a: start FollowerState
2019-10-02 20:07:14,352 [pool-449-thread-1] INFO  impl.RaftServerImpl (RaftServerImpl.java:setRole(174)) - 9b563795-2039-41be-9979-ae623f6b1773@group-1D5C08A701D1: changes role from      null to FOLLOWER at term 0 for startAsFollower
2019-10-02 20:07:14,352 [pool-449-thread-1] INFO  impl.RoleInfo (RoleInfo.java:updateAndGet(143)) - 9b563795-2039-41be-9979-ae623f6b1773: start FollowerState
2019-10-02 20:07:14,352 [pool-469-thread-1] INFO  util.JmxRegister (JmxRegister.java:tryRegister(44)) - Successfully registered JMX Bean with object name Ratis:service=RaftServer,group=group-1D5C08A701D1,id=0ed46e5c-9531-4629-a01d-f4cb54996e4a
2019-10-02 20:07:14,353 [pool-449-thread-1] INFO  util.JmxRegister (JmxRegister.java:tryRegister(44)) - Successfully registered JMX Bean with object name Ratis:service=RaftServer,group=group-1D5C08A701D1,id=9b563795-2039-41be-9979-ae623f6b1773
2019-10-02 20:07:14,354 [RatisPipelineUtilsThread] INFO  pipeline.PipelineStateManager (PipelineStateManager.java:addPipeline(56)) - Created pipeline Pipeline[ Id: 420cdd75-6fa4-4f5f-921c-1d5c08a701d1, Nodes: 0ed46e5c-9531-4629-a01d-f4cb54996e4a{ip: 192.168.151.67, host: pr-hdds-2198-qvzm8-602720389, networkLocation: /default-rack, certSerialId: null}9b563795-2039-41be-9979-ae623f6b1773{ip: 192.168.151.67, host: pr-hdds-2198-qvzm8-602720389, networkLocation: /default-rack, certSerialId: null}3093ea04-1862-4b93-9aff-542485acd0d6{ip: 192.168.151.67, host: pr-hdds-2198-qvzm8-602720389, networkLocation: /default-rack, certSerialId: null}, Type:RATIS, Factor:THREE, State:OPEN]
2019-10-02 20:07:16,835 [Thread-3081] INFO  container.ReplicationManager (ReplicationManager.java:start(162)) - Starting Replication Monitor Thread.
2019-10-02 20:07:16,839 [ReplicationMonitor] INFO  container.ReplicationManager (ReplicationManager.java:run(225)) - Replication Monitor Thread took 1 milliseconds for processing 1 containers.
2019-10-02 20:07:19,046 [Thread-3083] INFO  impl.FollowerState (FollowerState.java:run(106)) - d5d753b5-1d96-4433-bb9c-73d1f78854d0:group-07C1483132F8 changes to CANDIDATE, lastRpcTime:5165, electionTimeout:5165ms
2019-10-02 20:07:19,046 [Thread-3083] INFO  impl.RoleInfo (RoleInfo.java:shutdownFollowerState(121)) - d5d753b5-1d96-4433-bb9c-73d1f78854d0: shutdown FollowerState
2019-10-02 20:07:19,047 [Thread-3083] INFO  impl.RaftServerImpl (RaftServerImpl.java:setRole(174)) - d5d753b5-1d96-4433-bb9c-73d1f78854d0@group-07C1483132F8: changes role from  FOLLOWER to CANDIDATE at term 0 for changeToCandidate
2019-10-02 20:07:19,047 [Thread-3083] INFO  impl.RoleInfo (RoleInfo.java:updateAndGet(143)) - d5d753b5-1d96-4433-bb9c-73d1f78854d0: start LeaderElection
2019-10-02 20:07:19,071 [d5d753b5-1d96-4433-bb9c-73d1f78854d0@group-07C1483132F8:LeaderElection67] INFO  impl.LeaderElection (LeaderElection.java:askForVotes(182)) - d5d753b5-1d96-4433-bb9c-73d1f78854d0@group-07C1483132F8:LeaderElection67: begin an election at term 1 for -1: [d5d753b5-1d96-4433-bb9c-73d1f78854d0:192.168.151.67:36879], old=null
2019-10-02 20:07:19,071 [d5d753b5-1d96-4433-bb9c-73d1f78854d0@group-07C1483132F8:LeaderElection67] INFO  impl.RoleInfo (RoleInfo.java:shutdownLeaderElection(134)) - d5d753b5-1d96-4433-bb9c-73d1f78854d0: shutdown LeaderElection
2019-10-02 20:07:19,071 [d5d753b5-1d96-4433-bb9c-73d1f78854d0@group-07C1483132F8:LeaderElection67] INFO  impl.RaftServerImpl (RaftServerImpl.java:setRole(174)) - d5d753b5-1d96-4433-bb9c-73d1f78854d0@group-07C1483132F8: changes role from CANDIDATE to LEADER at term 1 for changeToLeader
2019-10-02 20:07:19,071 [d5d753b5-1d96-4433-bb9c-73d1f78854d0@group-07C1483132F8:LeaderElection67] INFO  impl.RaftServerImpl (ServerState.java:setLeader(253)) - d5d753b5-1d96-4433-bb9c-73d1f78854d0@group-07C1483132F8: change Leader from null to d5d753b5-1d96-4433-bb9c-73d1f78854d0 at term 1 for becomeLeader, leader elected after 5196ms
2019-10-02 20:07:19,072 [d5d753b5-1d96-4433-bb9c-73d1f78854d0@group-07C1483132F8:LeaderElection67] INFO  server.RaftServerConfigKeys (ConfUtils.java:logGet(43)) - raft.server.staging.catchup.gap = 1000 (default)
2019-10-02 20:07:19,072 [d5d753b5-1d96-4433-bb9c-73d1f78854d0@group-07C1483132F8:LeaderElection67] INFO  server.RaftServerConfigKeys (ConfUtils.java:logGet(43)) - raft.server.rpc.sleep.time = 25ms (default)
2019-10-02 20:07:19,072 [d5d753b5-1d96-4433-bb9c-73d1f78854d0@group-07C1483132F8:LeaderElection67] INFO  server.RaftServerConfigKeys (ConfUtils.java:logGet(43)) - raft.server.write.element-limit = 4096 (default)
2019-10-02 20:07:19,072 [d5d753b5-1d96-4433-bb9c-73d1f78854d0@group-07C1483132F8:LeaderElection67] INFO  server.RaftServerConfigKeys (ConfUtils.java:logGet(43)) - raft.server.watch.timeout = 10s (default)
2019-10-02 20:07:19,072 [d5d753b5-1d96-4433-bb9c-73d1f78854d0@group-07C1483132F8:LeaderElection67] INFO  server.RaftServerConfigKeys (ConfUtils.java:logGet(43)) - raft.server.watch.timeout.denomination = 1s (default)
2019-10-02 20:07:19,073 [d5d753b5-1d96-4433-bb9c-73d1f78854d0@group-07C1483132F8:LeaderElection67] INFO  server.RaftServerConfigKeys (ConfUtils.java:logGet(43)) - raft.server.watch.element-limit = 65536 (default)
2019-10-02 20:07:19,075 [d5d753b5-1d96-4433-bb9c-73d1f78854d0@group-07C1483132F8:LeaderElection67] INFO  impl.RoleInfo (RoleInfo.java:updateAndGet(143)) - d5d753b5-1d96-4433-bb9c-73d1f78854d0: start LeaderState
2019-10-02 20:07:19,075 [d5d753b5-1d96-4433-bb9c-73d1f78854d0@group-07C1483132F8:LeaderElection67] INFO  segmented.SegmentedRaftLogWorker (SegmentedRaftLogWorker.java:startLogSegment(380)) - d5d753b5-1d96-4433-bb9c-73d1f78854d0@group-07C1483132F8-SegmentedRaftLogWorker: Starting segment from index:0
2019-10-02 20:07:19,076 [d5d753b5-1d96-4433-bb9c-73d1f78854d0@group-07C1483132F8:LeaderElection67] INFO  impl.RaftServerImpl (ServerState.java:setRaftConf(354)) - d5d753b5-1d96-4433-bb9c-73d1f78854d0@group-07C1483132F8: set configuration 0: [d5d753b5-1d96-4433-bb9c-73d1f78854d0:192.168.151.67:36879], old=null at 0
2019-10-02 20:07:19,092 [Thread-3086] INFO  impl.FollowerState (FollowerState.java:run(106)) - 164a8da4-05a2-452c-b3c9-0e3107feaeed:group-C138DCE23BF8 changes to CANDIDATE, lastRpcTime:5155, electionTimeout:5155ms
2019-10-02 20:07:19,092 [Thread-3086] INFO  impl.RoleInfo (RoleInfo.java:shutdownFollowerState(121)) - 164a8da4-05a2-452c-b3c9-0e3107feaeed: shutdown FollowerState
2019-10-02 20:07:19,092 [Thread-3086] INFO  impl.RaftServerImpl (RaftServerImpl.java:setRole(174)) - 164a8da4-05a2-452c-b3c9-0e3107feaeed@group-C138DCE23BF8: changes role from  FOLLOWER to CANDIDATE at term 0 for changeToCandidate
2019-10-02 20:07:19,093 [Thread-3086] INFO  impl.RoleInfo (RoleInfo.java:updateAndGet(143)) - 164a8da4-05a2-452c-b3c9-0e3107feaeed: start LeaderElection
2019-10-02 20:07:19,114 [Thread-3096] INFO  impl.FollowerState (FollowerState.java:run(106)) - 81ff2deb-7157-4d8f-a4d5-aed058e9ab00:group-5F2DF60E9BEC changes to CANDIDATE, lastRpcTime:5058, electionTimeout:5056ms
2019-10-02 20:07:19,114 [Thread-3096] INFO  impl.RoleInfo (RoleInfo.java:shutdownFollowerState(121)) - 81ff2deb-7157-4d8f-a4d5-aed058e9ab00: shutdown FollowerState
2019-10-02 20:07:19,118 [Thread-3096] INFO  impl.RaftServerImpl (RaftServerImpl.java:setRole(174)) - 81ff2deb-7157-4d8f-a4d5-aed058e9ab00@group-5F2DF60E9BEC: changes role from  FOLLOWER to CANDIDATE at term 0 for changeToCandidate
2019-10-02 20:07:19,118 [Thread-3096] INFO  impl.RoleInfo (RoleInfo.java:updateAndGet(143)) - 81ff2deb-7157-4d8f-a4d5-aed058e9ab00: start LeaderElection
2019-10-02 20:07:19,127 [d5d753b5-1d96-4433-bb9c-73d1f78854d0@group-07C1483132F8-SegmentedRaftLogWorker] INFO  segmented.SegmentedRaftLogWorker (SegmentedRaftLogWorker.java:execute(569)) - d5d753b5-1d96-4433-bb9c-73d1f78854d0@group-07C1483132F8-SegmentedRaftLogWorker: created new log segment /workdir/hadoop-ozone/integration-test/target/test-dir/MiniOzoneClusterImpl-11e04269-4a3b-41a8-a8d0-fcdf29918043/datanode-0/data/ratis/3e3b0df9-5ef5-4106-9a7d-07c1483132f8/current/log_inprogress_0
2019-10-02 20:07:19,127 [164a8da4-05a2-452c-b3c9-0e3107feaeed@group-C138DCE23BF8:LeaderElection68] INFO  impl.LeaderElection (LeaderElection.java:askForVotes(182)) - 164a8da4-05a2-452c-b3c9-0e3107feaeed@group-C138DCE23BF8:LeaderElection68: begin an election at term 1 for -1: [164a8da4-05a2-452c-b3c9-0e3107feaeed:192.168.151.67:45180], old=null
2019-10-02 20:07:19,127 [81ff2deb-7157-4d8f-a4d5-aed058e9ab00@group-5F2DF60E9BEC:LeaderElection69] INFO  impl.LeaderElection (LeaderElection.java:askForVotes(182)) - 81ff2deb-7157-4d8f-a4d5-aed058e9ab00@group-5F2DF60E9BEC:LeaderElection69: begin an election at term 1 for -1: [d5d753b5-1d96-4433-bb9c-73d1f78854d0:192.168.151.67:36879, 164a8da4-05a2-452c-b3c9-0e3107feaeed:192.168.151.67:45180, 81ff2deb-7157-4d8f-a4d5-aed058e9ab00:192.168.151.67:38710], old=null
2019-10-02 20:07:19,127 [164a8da4-05a2-452c-b3c9-0e3107feaeed@group-C138DCE23BF8:LeaderElection68] INFO  impl.RoleInfo (RoleInfo.java:shutdownLeaderElection(134)) - 164a8da4-05a2-452c-b3c9-0e3107feaeed: shutdown LeaderElection
2019-10-02 20:07:19,127 [164a8da4-05a2-452c-b3c9-0e3107feaeed@group-C138DCE23BF8:LeaderElection68] INFO  impl.RaftServerImpl (RaftServerImpl.java:setRole(174)) - 164a8da4-05a2-452c-b3c9-0e3107feaeed@group-C138DCE23BF8: changes role from CANDIDATE to LEADER at term 1 for changeToLeader
2019-10-02 20:07:19,127 [164a8da4-05a2-452c-b3c9-0e3107feaeed@group-C138DCE23BF8:LeaderElection68] INFO  impl.RaftServerImpl (ServerState.java:setLeader(253)) - 164a8da4-05a2-452c-b3c9-0e3107feaeed@group-C138DCE23BF8: change Leader from null to 164a8da4-05a2-452c-b3c9-0e3107feaeed at term 1 for becomeLeader, leader elected after 5199ms
2019-10-02 20:07:19,127 [164a8da4-05a2-452c-b3c9-0e3107feaeed@group-C138DCE23BF8:LeaderElection68] INFO  server.RaftServerConfigKeys (ConfUtils.java:logGet(43)) - raft.server.staging.catchup.gap = 1000 (default)
2019-10-02 20:07:19,128 [164a8da4-05a2-452c-b3c9-0e3107feaeed@group-C138DCE23BF8:LeaderElection68] INFO  server.RaftServerConfigKeys (ConfUtils.java:logGet(43)) - raft.server.rpc.sleep.time = 25ms (default)
2019-10-02 20:07:19,128 [164a8da4-05a2-452c-b3c9-0e3107feaeed@group-C138DCE23BF8:LeaderElection68] INFO  server.RaftServerConfigKeys (ConfUtils.java:logGet(43)) - raft.server.write.element-limit = 4096 (default)
2019-10-02 20:07:19,128 [164a8da4-05a2-452c-b3c9-0e3107feaeed@group-C138DCE23BF8:LeaderElection68] INFO  server.RaftServerConfigKeys (ConfUtils.java:logGet(43)) - raft.server.watch.timeout = 10s (default)
2019-10-02 20:07:19,128 [164a8da4-05a2-452c-b3c9-0e3107feaeed@group-C138DCE23BF8:LeaderElection68] INFO  server.RaftServerConfigKeys (ConfUtils.java:logGet(43)) - raft.server.watch.timeout.denomination = 1s (default)
2019-10-02 20:07:19,128 [164a8da4-05a2-452c-b3c9-0e3107feaeed@group-C138DCE23BF8:LeaderElection68] INFO  server.RaftServerConfigKeys (ConfUtils.java:logGet(43)) - raft.server.watch.element-limit = 65536 (default)
2019-10-02 20:07:19,132 [164a8da4-05a2-452c-b3c9-0e3107feaeed@group-C138DCE23BF8:LeaderElection68] INFO  impl.RoleInfo (RoleInfo.java:updateAndGet(143)) - 164a8da4-05a2-452c-b3c9-0e3107feaeed: start LeaderState
2019-10-02 20:07:19,132 [164a8da4-05a2-452c-b3c9-0e3107feaeed@group-C138DCE23BF8:LeaderElection68] INFO  segmented.SegmentedRaftLogWorker (SegmentedRaftLogWorker.java:startLogSegment(380)) - 164a8da4-05a2-452c-b3c9-0e3107feaeed@group-C138DCE23BF8-SegmentedRaftLogWorker: Starting segment from index:0
2019-10-02 20:07:19,132 [164a8da4-05a2-452c-b3c9-0e3107feaeed@group-C138DCE23BF8:LeaderElection68] INFO  impl.RaftServerImpl (ServerState.java:setRaftConf(354)) - 164a8da4-05a2-452c-b3c9-0e3107feaeed@group-C138DCE23BF8: set configuration 0: [164a8da4-05a2-452c-b3c9-0e3107feaeed:192.168.151.67:45180], old=null at 0
2019-10-02 20:07:19,133 [grpc-default-executor-0] INFO  impl.RaftServerImpl (RaftServerImpl.java:setRole(174)) - 164a8da4-05a2-452c-b3c9-0e3107feaeed@group-5F2DF60E9BEC: changes role from  FOLLOWER to FOLLOWER at term 1 for recognizeCandidate:81ff2deb-7157-4d8f-a4d5-aed058e9ab00
2019-10-02 20:07:19,160 [Thread-3101] INFO  impl.FollowerState (FollowerState.java:run(106)) - 9b563795-2039-41be-9979-ae623f6b1773:group-14623ADE0514 changes to CANDIDATE, lastRpcTime:5045, electionTimeout:5028ms
2019-10-02 20:07:19,160 [grpc-default-executor-8] INFO  impl.RaftServerImpl (RaftServerImpl.java:setRole(174)) - d5d753b5-1d96-4433-bb9c-73d1f78854d0@group-5F2DF60E9BEC: changes role from  FOLLOWER to FOLLOWER at term 1 for recognizeCandidate:81ff2deb-7157-4d8f-a4d5-aed058e9ab00
2019-10-02 20:07:19,162 [grpc-default-executor-8] INFO  impl.RoleInfo (RoleInfo.java:shutdownFollowerState(121)) - d5d753b5-1d96-4433-bb9c-73d1f78854d0: shutdown FollowerState
2019-10-02 20:07:19,162 [grpc-default-executor-0] INFO  impl.RoleInfo (RoleInfo.java:shutdownFollowerState(121)) - 164a8da4-05a2-452c-b3c9-0e3107feaeed: shutdown FollowerState
2019-10-02 20:07:19,162 [grpc-default-executor-8] INFO  impl.RoleInfo (RoleInfo.java:updateAndGet(143)) - d5d753b5-1d96-4433-bb9c-73d1f78854d0: start FollowerState
2019-10-02 20:07:19,162 [Thread-3101] INFO  impl.RoleInfo (RoleInfo.java:shutdownFollowerState(121)) - 9b563795-2039-41be-9979-ae623f6b1773: shutdown FollowerState
2019-10-02 20:07:19,163 [Thread-3098] INFO  impl.FollowerState (FollowerState.java:run(115)) - 164a8da4-05a2-452c-b3c9-0e3107feaeed: FollowerState was interrupted: java.lang.InterruptedException: sleep interrupted
2019-10-02 20:07:19,163 [grpc-default-executor-0] INFO  impl.RoleInfo (RoleInfo.java:updateAndGet(143)) - 164a8da4-05a2-452c-b3c9-0e3107feaeed: start FollowerState
2019-10-02 20:07:19,163 [Thread-3101] INFO  impl.RaftServerImpl (RaftServerImpl.java:setRole(174)) - 9b563795-2039-41be-9979-ae623f6b1773@group-14623ADE0514: changes role from  FOLLOWER to CANDIDATE at term 0 for changeToCandidate
2019-10-02 20:07:19,165 [Thread-3101] INFO  impl.RoleInfo (RoleInfo.java:updateAndGet(143)) - 9b563795-2039-41be-9979-ae623f6b1773: start LeaderElection
2019-10-02 20:07:19,174 [164a8da4-05a2-452c-b3c9-0e3107feaeed@group-C138DCE23BF8-SegmentedRaftLogWorker] INFO  segmented.SegmentedRaftLogWorker (SegmentedRaftLogWorker.java:execute(569)) - 164a8da4-05a2-452c-b3c9-0e3107feaeed@group-C138DCE23BF8-SegmentedRaftLogWorker: created new log segment /workdir/hadoop-ozone/integration-test/target/test-dir/MiniOzoneClusterImpl-11e04269-4a3b-41a8-a8d0-fcdf29918043/datanode-1/data/ratis/688ffb22-88c0-4485-b074-c138dce23bf8/current/log_inprogress_0
2019-10-02 20:07:19,174 [9b563795-2039-41be-9979-ae623f6b1773@group-14623ADE0514:LeaderElection70] INFO  impl.LeaderElection (LeaderElection.java:askForVotes(182)) - 9b563795-2039-41be-9979-ae623f6b1773@group-14623ADE0514:LeaderElection70: begin an election at term 1 for -1: [9b563795-2039-41be-9979-ae623f6b1773:192.168.151.67:33880], old=null
2019-10-02 20:07:19,176 [9b563795-2039-41be-9979-ae623f6b1773@group-14623ADE0514:LeaderElection70] INFO  impl.RoleInfo (RoleInfo.java:shutdownLeaderElection(134)) - 9b563795-2039-41be-9979-ae623f6b1773: shutdown LeaderElection
2019-10-02 20:07:19,177 [9b563795-2039-41be-9979-ae623f6b1773@group-14623ADE0514:LeaderElection70] INFO  impl.RaftServerImpl (RaftServerImpl.java:setRole(174)) - 9b563795-2039-41be-9979-ae623f6b1773@group-14623ADE0514: changes role from CANDIDATE to LEADER at term 1 for changeToLeader
2019-10-02 20:07:19,177 [9b563795-2039-41be-9979-ae623f6b1773@group-14623ADE0514:LeaderElection70] INFO  impl.RaftServerImpl (ServerState.java:setLeader(253)) - 9b563795-2039-41be-9979-ae623f6b1773@group-14623ADE0514: change Leader from null to 9b563795-2039-41be-9979-ae623f6b1773 at term 1 for becomeLeader, leader elected after 5069ms
2019-10-02 20:07:19,177 [9b563795-2039-41be-9979-ae623f6b1773@group-14623ADE0514:LeaderElection70] INFO  server.RaftServerConfigKeys (ConfUtils.java:logGet(43)) - raft.server.staging.catchup.gap = 1000 (default)
2019-10-02 20:07:19,177 [9b563795-2039-41be-9979-ae623f6b1773@group-14623ADE0514:LeaderElection70] INFO  server.RaftServerConfigKeys (ConfUtils.java:logGet(43)) - raft.server.rpc.sleep.time = 25ms (default)
2019-10-02 20:07:19,177 [9b563795-2039-41be-9979-ae623f6b1773@group-14623ADE0514:LeaderElection70] INFO  server.RaftServerConfigKeys (ConfUtils.java:logGet(43)) - raft.server.write.element-limit = 4096 (default)
2019-10-02 20:07:19,177 [9b563795-2039-41be-9979-ae623f6b1773@group-14623ADE0514:LeaderElection70] INFO  server.RaftServerConfigKeys (ConfUtils.java:logGet(43)) - raft.server.watch.timeout = 10s (default)
2019-10-02 20:07:19,177 [9b563795-2039-41be-9979-ae623f6b1773@group-14623ADE0514:LeaderElection70] INFO  server.RaftServerConfigKeys (ConfUtils.java:logGet(43)) - raft.server.watch.timeout.denomination = 1s (default)
2019-10-02 20:07:19,177 [81ff2deb-7157-4d8f-a4d5-aed058e9ab00@group-5F2DF60E9BEC:LeaderElection69] INFO  impl.LeaderElection (LeaderElection.java:logAndReturn(56)) - 81ff2deb-7157-4d8f-a4d5-aed058e9ab00@group-5F2DF60E9BEC:LeaderElection69: Election PASSED; received 1 response(s) [81ff2deb-7157-4d8f-a4d5-aed058e9ab00<-d5d753b5-1d96-4433-bb9c-73d1f78854d0#0:OK-t1] and 0 exception(s); 81ff2deb-7157-4d8f-a4d5-aed058e9ab00@group-5F2DF60E9BEC:t1, leader=null, voted=81ff2deb-7157-4d8f-a4d5-aed058e9ab00, raftlog=81ff2deb-7157-4d8f-a4d5-aed058e9ab00@group-5F2DF60E9BEC-SegmentedRaftLog:OPENED:c-1,f-1,i0, conf=-1: [d5d753b5-1d96-4433-bb9c-73d1f78854d0:192.168.151.67:36879, 164a8da4-05a2-452c-b3c9-0e3107feaeed:192.168.151.67:45180, 81ff2deb-7157-4d8f-a4d5-aed058e9ab00:192.168.151.67:38710], old=null
2019-10-02 20:07:19,177 [9b563795-2039-41be-9979-ae623f6b1773@group-14623ADE0514:LeaderElection70] INFO  server.RaftServerConfigKeys (ConfUtils.java:logGet(43)) - raft.server.watch.element-limit = 65536 (default)
2019-10-02 20:07:19,178 [81ff2deb-7157-4d8f-a4d5-aed058e9ab00@group-5F2DF60E9BEC:LeaderElection69] INFO  impl.RoleInfo (RoleInfo.java:shutdownLeaderElection(134)) - 81ff2deb-7157-4d8f-a4d5-aed058e9ab00: shutdown LeaderElection
2019-10-02 20:07:19,179 [81ff2deb-7157-4d8f-a4d5-aed058e9ab00@group-5F2DF60E9BEC:LeaderElection69] INFO  impl.RaftServerImpl (RaftServerImpl.java:setRole(174)) - 81ff2deb-7157-4d8f-a4d5-aed058e9ab00@group-5F2DF60E9BEC: changes role from CANDIDATE to LEADER at term 1 for changeToLeader
2019-10-02 20:07:19,180 [81ff2deb-7157-4d8f-a4d5-aed058e9ab00@group-5F2DF60E9BEC:LeaderElection69] INFO  impl.RaftServerImpl (ServerState.java:setLeader(253)) - 81ff2deb-7157-4d8f-a4d5-aed058e9ab00@group-5F2DF60E9BEC: change Leader from null to 81ff2deb-7157-4d8f-a4d5-aed058e9ab00 at term 1 for becomeLeader, leader elected after 5133ms
2019-10-02 20:07:19,180 [81ff2deb-7157-4d8f-a4d5-aed058e9ab00@group-5F2DF60E9BEC:LeaderElection69] INFO  server.RaftServerConfigKeys (ConfUtils.java:logGet(43)) - raft.server.staging.catchup.gap = 1000 (default)
2019-10-02 20:07:19,180 [81ff2deb-7157-4d8f-a4d5-aed058e9ab00@group-5F2DF60E9BEC:LeaderElection69] INFO  server.RaftServerConfigKeys (ConfUtils.java:logGet(43)) - raft.server.rpc.sleep.time = 25ms (default)
2019-10-02 20:07:19,180 [81ff2deb-7157-4d8f-a4d5-aed058e9ab00@group-5F2DF60E9BEC:LeaderElection69] INFO  server.RaftServerConfigKeys (ConfUtils.java:logGet(43)) - raft.server.write.element-limit = 4096 (default)
2019-10-02 20:07:19,180 [81ff2deb-7157-4d8f-a4d5-aed058e9ab00@group-5F2DF60E9BEC:LeaderElection69] INFO  server.RaftServerConfigKeys (ConfUtils.java:logGet(43)) - raft.server.watch.timeout = 10s (default)
2019-10-02 20:07:19,180 [81ff2deb-7157-4d8f-a4d5-aed058e9ab00@group-5F2DF60E9BEC:LeaderElection69] INFO  server.RaftServerConfigKeys (ConfUtils.java:logGet(43)) - raft.server.watch.timeout.denomination = 1s (default)
2019-10-02 20:07:19,180 [9b563795-2039-41be-9979-ae623f6b1773@group-14623ADE0514:LeaderElection70] INFO  impl.RoleInfo (RoleInfo.java:updateAndGet(143)) - 9b563795-2039-41be-9979-ae623f6b1773: start LeaderState
2019-10-02 20:07:19,180 [81ff2deb-7157-4d8f-a4d5-aed058e9ab00@group-5F2DF60E9BEC:LeaderElection69] INFO  server.RaftServerConfigKeys (ConfUtils.java:logGet(43)) - raft.server.watch.element-limit = 65536 (default)
2019-10-02 20:07:19,181 [9b563795-2039-41be-9979-ae623f6b1773@group-14623ADE0514:LeaderElection70] INFO  segmented.SegmentedRaftLogWorker (SegmentedRaftLogWorker.java:startLogSegment(380)) - 9b563795-2039-41be-9979-ae623f6b1773@group-14623ADE0514-SegmentedRaftLogWorker: Starting segment from index:0
2019-10-02 20:07:19,181 [9b563795-2039-41be-9979-ae623f6b1773@group-14623ADE0514:LeaderElection70] INFO  impl.RaftServerImpl (ServerState.java:setRaftConf(354)) - 9b563795-2039-41be-9979-ae623f6b1773@group-14623ADE0514: set configuration 0: [9b563795-2039-41be-9979-ae623f6b1773:192.168.151.67:33880], old=null at 0
2019-10-02 20:07:19,183 [81ff2deb-7157-4d8f-a4d5-aed058e9ab00@group-5F2DF60E9BEC:LeaderElection69] INFO  server.RaftServerConfigKeys (ConfUtils.java:logGet(43)) - raft.server.log.appender.snapshot.chunk.size.max = 16MB (=16777216) (default)
2019-10-02 20:07:19,183 [81ff2deb-7157-4d8f-a4d5-aed058e9ab00@group-5F2DF60E9BEC:LeaderElection69] INFO  server.RaftServerConfigKeys (ConfUtils.java:logGet(43)) - raft.server.log.appender.buffer.byte-limit = 33554432 (custom)
2019-10-02 20:07:19,183 [81ff2deb-7157-4d8f-a4d5-aed058e9ab00@group-5F2DF60E9BEC:LeaderElection69] INFO  server.RaftServerConfigKeys (ConfUtils.java:logGet(43)) - raft.server.log.appender.buffer.element-limit = 1 (custom)
2019-10-02 20:07:19,184 [81ff2deb-7157-4d8f-a4d5-aed058e9ab00@group-5F2DF60E9BEC:LeaderElection69] INFO  grpc.GrpcConfigKeys$Server (ConfUtils.java:logGet(43)) - raft.grpc.server.leader.outstanding.appends.max = 128 (default)
2019-10-02 20:07:19,184 [81ff2deb-7157-4d8f-a4d5-aed058e9ab00@group-5F2DF60E9BEC:LeaderElection69] INFO  server.RaftServerConfigKeys (ConfUtils.java:logGet(43)) - raft.server.rpc.request.timeout = 3000ms (default)
2019-10-02 20:07:19,184 [81ff2deb-7157-4d8f-a4d5-aed058e9ab00@group-5F2DF60E9BEC:LeaderElection69] INFO  server.RaftServerConfigKeys (ConfUtils.java:logGet(43)) - raft.server.log.appender.install.snapshot.enabled = false (custom)
2019-10-02 20:07:19,184 [81ff2deb-7157-4d8f-a4d5-aed058e9ab00@group-5F2DF60E9BEC:LeaderElection69] INFO  server.RaftServerConfigKeys (ConfUtils.java:logGet(43)) - raft.server.log.appender.snapshot.chunk.size.max = 16MB (=16777216) (default)
2019-10-02 20:07:19,184 [81ff2deb-7157-4d8f-a4d5-aed058e9ab00@group-5F2DF60E9BEC:LeaderElection69] INFO  server.RaftServerConfigKeys (ConfUtils.java:logGet(43)) - raft.server.log.appender.buffer.byte-limit = 33554432 (custom)
2019-10-02 20:07:19,185 [81ff2deb-7157-4d8f-a4d5-aed058e9ab00@group-5F2DF60E9BEC:LeaderElection69] INFO  server.RaftServerConfigKeys (ConfUtils.java:logGet(43)) - raft.server.log.appender.buffer.element-limit = 1 (custom)
2019-10-02 20:07:19,185 [81ff2deb-7157-4d8f-a4d5-aed058e9ab00@group-5F2DF60E9BEC:LeaderElection69] INFO  grpc.GrpcConfigKeys$Server (ConfUtils.java:logGet(43)) - raft.grpc.server.leader.outstanding.appends.max = 128 (default)
2019-10-02 20:07:19,185 [81ff2deb-7157-4d8f-a4d5-aed058e9ab00@group-5F2DF60E9BEC:LeaderElection69] INFO  server.RaftServerConfigKeys (ConfUtils.java:logGet(43)) - raft.server.rpc.request.timeout = 3000ms (default)
2019-10-02 20:07:19,185 [81ff2deb-7157-4d8f-a4d5-aed058e9ab00@group-5F2DF60E9BEC:LeaderElection69] INFO  server.RaftServerConfigKeys (ConfUtils.java:logGet(43)) - raft.server.log.appender.install.snapshot.enabled = false (custom)
2019-10-02 20:07:19,186 [81ff2deb-7157-4d8f-a4d5-aed058e9ab00@group-5F2DF60E9BEC:LeaderElection69] INFO  impl.RoleInfo (RoleInfo.java:updateAndGet(143)) - 81ff2deb-7157-4d8f-a4d5-aed058e9ab00: start LeaderState
2019-10-02 20:07:19,186 [81ff2deb-7157-4d8f-a4d5-aed058e9ab00@group-5F2DF60E9BEC:LeaderElection69] INFO  segmented.SegmentedRaftLogWorker (SegmentedRaftLogWorker.java:startLogSegment(380)) - 81ff2deb-7157-4d8f-a4d5-aed058e9ab00@group-5F2DF60E9BEC-SegmentedRaftLogWorker: Starting segment from index:0
2019-10-02 20:07:19,187 [81ff2deb-7157-4d8f-a4d5-aed058e9ab00@group-5F2DF60E9BEC:LeaderElection69] INFO  impl.RaftServerImpl (ServerState.java:setRaftConf(354)) - 81ff2deb-7157-4d8f-a4d5-aed058e9ab00@group-5F2DF60E9BEC: set configuration 0: [d5d753b5-1d96-4433-bb9c-73d1f78854d0:192.168.151.67:36879, 164a8da4-05a2-452c-b3c9-0e3107feaeed:192.168.151.67:45180, 81ff2deb-7157-4d8f-a4d5-aed058e9ab00:192.168.151.67:38710], old=null at 0
2019-10-02 20:07:19,188 [grpc-default-executor-0] INFO  impl.RaftServerImpl (ServerState.java:setLeader(253)) - d5d753b5-1d96-4433-bb9c-73d1f78854d0@group-5F2DF60E9BEC: change Leader from null to 81ff2deb-7157-4d8f-a4d5-aed058e9ab00 at term 1 for appendEntries, leader elected after 5141ms
2019-10-02 20:07:19,212 [Thread-3089] INFO  impl.FollowerState (FollowerState.java:run(106)) - 81ff2deb-7157-4d8f-a4d5-aed058e9ab00:group-AE9DBDAD608D changes to CANDIDATE, lastRpcTime:5213, electionTimeout:5197ms
2019-10-02 20:07:19,212 [Thread-3104] INFO  impl.FollowerState (FollowerState.java:run(106)) - 44d4b517-3ddb-4fc1-bbf9-9c978f45f9af:group-A3D24EA219EA changes to CANDIDATE, lastRpcTime:5038, electionTimeout:5029ms
2019-10-02 20:07:19,212 [grpc-default-executor-8] INFO  impl.RaftServerImpl (ServerState.java:setLeader(253)) - 164a8da4-05a2-452c-b3c9-0e3107feaeed@group-5F2DF60E9BEC: change Leader from null to 81ff2deb-7157-4d8f-a4d5-aed058e9ab00 at term 1 for appendEntries, leader elected after 5166ms
2019-10-02 20:07:19,213 [Thread-3104] INFO  impl.RoleInfo (RoleInfo.java:shutdownFollowerState(121)) - 44d4b517-3ddb-4fc1-bbf9-9c978f45f9af: shutdown FollowerState
2019-10-02 20:07:19,213 [Thread-3089] INFO  impl.RoleInfo (RoleInfo.java:shutdownFollowerState(121)) - 81ff2deb-7157-4d8f-a4d5-aed058e9ab00: shutdown FollowerState
2019-10-02 20:07:19,213 [Thread-3104] INFO  impl.RaftServerImpl (RaftServerImpl.java:setRole(174)) - 44d4b517-3ddb-4fc1-bbf9-9c978f45f9af@group-A3D24EA219EA: changes role from  FOLLOWER to CANDIDATE at term 0 for changeToCandidate
2019-10-02 20:07:19,213 [Thread-3089] INFO  impl.RaftServerImpl (RaftServerImpl.java:setRole(174)) - 81ff2deb-7157-4d8f-a4d5-aed058e9ab00@group-AE9DBDAD608D: changes role from  FOLLOWER to CANDIDATE at term 0 for changeToCandidate
2019-10-02 20:07:19,213 [Thread-3104] INFO  impl.RoleInfo (RoleInfo.java:updateAndGet(143)) - 44d4b517-3ddb-4fc1-bbf9-9c978f45f9af: start LeaderElection
2019-10-02 20:07:19,213 [Thread-3089] INFO  impl.RoleInfo (RoleInfo.java:updateAndGet(143)) - 81ff2deb-7157-4d8f-a4d5-aed058e9ab00: start LeaderElection
2019-10-02 20:07:19,230 [81ff2deb-7157-4d8f-a4d5-aed058e9ab00@group-5F2DF60E9BEC-SegmentedRaftLogWorker] INFO  segmented.SegmentedRaftLogWorker (SegmentedRaftLogWorker.java:execute(569)) - 81ff2deb-7157-4d8f-a4d5-aed058e9ab00@group-5F2DF60E9BEC-SegmentedRaftLogWorker: created new log segment /workdir/hadoop-ozone/integration-test/target/test-dir/MiniOzoneClusterImpl-11e04269-4a3b-41a8-a8d0-fcdf29918043/datanode-2/data/ratis/7963f78e-12ec-400c-822c-5f2df60e9bec/current/log_inprogress_0
2019-10-02 20:07:19,230 [9b563795-2039-41be-9979-ae623f6b1773@group-14623ADE0514-SegmentedRaftLogWorker] INFO  segmented.SegmentedRaftLogWorker (SegmentedRaftLogWorker.java:execute(569)) - 9b563795-2039-41be-9979-ae623f6b1773@group-14623ADE0514-SegmentedRaftLogWorker: created new log segment /workdir/hadoop-ozone/integration-test/target/test-dir/MiniOzoneClusterImpl-11e04269-4a3b-41a8-a8d0-fcdf29918043/datanode-4/data/ratis/bee02ad8-047c-4b55-a1c0-14623ade0514/current/log_inprogress_0
2019-10-02 20:07:19,234 [grpc-default-executor-0] INFO  impl.RaftServerImpl (ServerState.java:setRaftConf(354)) - 164a8da4-05a2-452c-b3c9-0e3107feaeed@group-5F2DF60E9BEC: set configuration 0: [d5d753b5-1d96-4433-bb9c-73d1f78854d0:192.168.151.67:36879, 164a8da4-05a2-452c-b3c9-0e3107feaeed:192.168.151.67:45180, 81ff2deb-7157-4d8f-a4d5-aed058e9ab00:192.168.151.67:38710], old=null at 0
2019-10-02 20:07:19,234 [grpc-default-executor-8] INFO  impl.RaftServerImpl (ServerState.java:setRaftConf(354)) - d5d753b5-1d96-4433-bb9c-73d1f78854d0@group-5F2DF60E9BEC: set configuration 0: [d5d753b5-1d96-4433-bb9c-73d1f78854d0:192.168.151.67:36879, 164a8da4-05a2-452c-b3c9-0e3107feaeed:192.168.151.67:45180, 81ff2deb-7157-4d8f-a4d5-aed058e9ab00:192.168.151.67:38710], old=null at 0
2019-10-02 20:07:19,234 [grpc-default-executor-0] INFO  segmented.SegmentedRaftLogWorker (SegmentedRaftLogWorker.java:startLogSegment(380)) - 164a8da4-05a2-452c-b3c9-0e3107feaeed@group-5F2DF60E9BEC-SegmentedRaftLogWorker: Starting segment from index:0
2019-10-02 20:07:19,235 [grpc-default-executor-8] INFO  segmented.SegmentedRaftLogWorker (SegmentedRaftLogWorker.java:startLogSegment(380)) - d5d753b5-1d96-4433-bb9c-73d1f78854d0@group-5F2DF60E9BEC-SegmentedRaftLogWorker: Starting segment from index:0
2019-10-02 20:07:19,247 [81ff2deb-7157-4d8f-a4d5-aed058e9ab00@group-AE9DBDAD608D:LeaderElection72] INFO  impl.LeaderElection (LeaderElection.java:askForVotes(182)) - 81ff2deb-7157-4d8f-a4d5-aed058e9ab00@group-AE9DBDAD608D:LeaderElection72: begin an election at term 1 for -1: [81ff2deb-7157-4d8f-a4d5-aed058e9ab00:192.168.151.67:38710], old=null
2019-10-02 20:07:19,247 [44d4b517-3ddb-4fc1-bbf9-9c978f45f9af@group-A3D24EA219EA:LeaderElection71] INFO  impl.LeaderElection (LeaderElection.java:askForVotes(182)) - 44d4b517-3ddb-4fc1-bbf9-9c978f45f9af@group-A3D24EA219EA:LeaderElection71: begin an election at term 1 for -1: [44d4b517-3ddb-4fc1-bbf9-9c978f45f9af:192.168.151.67:43525], old=null
2019-10-02 20:07:19,247 [81ff2deb-7157-4d8f-a4d5-aed058e9ab00@group-AE9DBDAD608D:LeaderElection72] INFO  impl.RoleInfo (RoleInfo.java:shutdownLeaderElection(134)) - 81ff2deb-7157-4d8f-a4d5-aed058e9ab00: shutdown LeaderElection
2019-10-02 20:07:19,247 [44d4b517-3ddb-4fc1-bbf9-9c978f45f9af@group-A3D24EA219EA:LeaderElection71] INFO  impl.RoleInfo (RoleInfo.java:shutdownLeaderElection(134)) - 44d4b517-3ddb-4fc1-bbf9-9c978f45f9af: shutdown LeaderElection
2019-10-02 20:07:19,247 [81ff2deb-7157-4d8f-a4d5-aed058e9ab00@group-AE9DBDAD608D:LeaderElection72] INFO  impl.RaftServerImpl (RaftServerImpl.java:setRole(174)) - 81ff2deb-7157-4d8f-a4d5-aed058e9ab00@group-AE9DBDAD608D: changes role from CANDIDATE to LEADER at term 1 for changeToLeader
2019-10-02 20:07:19,247 [44d4b517-3ddb-4fc1-bbf9-9c978f45f9af@group-A3D24EA219EA:LeaderElection71] INFO  impl.RaftServerImpl (RaftServerImpl.java:setRole(174)) - 44d4b517-3ddb-4fc1-bbf9-9c978f45f9af@group-A3D24EA219EA: changes role from CANDIDATE to LEADER at term 1 for changeToLeader
2019-10-02 20:07:19,247 [81ff2deb-7157-4d8f-a4d5-aed058e9ab00@group-AE9DBDAD608D:LeaderElection72] INFO  impl.RaftServerImpl (ServerState.java:setLeader(253)) - 81ff2deb-7157-4d8f-a4d5-aed058e9ab00@group-AE9DBDAD608D: change Leader from null to 81ff2deb-7157-4d8f-a4d5-aed058e9ab00 at term 1 for becomeLeader, leader elected after 5257ms
2019-10-02 20:07:19,247 [44d4b517-3ddb-4fc1-bbf9-9c978f45f9af@group-A3D24EA219EA:LeaderElection71] INFO  impl.RaftServerImpl (ServerState.java:setLeader(253)) - 44d4b517-3ddb-4fc1-bbf9-9c978f45f9af@group-A3D24EA219EA: change Leader from null to 44d4b517-3ddb-4fc1-bbf9-9c978f45f9af at term 1 for becomeLeader, leader elected after 5079ms
2019-10-02 20:07:19,247 [81ff2deb-7157-4d8f-a4d5-aed058e9ab00@group-AE9DBDAD608D:LeaderElection72] INFO  server.RaftServerConfigKeys (ConfUtils.java:logGet(43)) - raft.server.staging.catchup.gap = 1000 (default)
2019-10-02 20:07:19,248 [44d4b517-3ddb-4fc1-bbf9-9c978f45f9af@group-A3D24EA219EA:LeaderElection71] INFO  server.RaftServerConfigKeys (ConfUtils.java:logGet(43)) - raft.server.staging.catchup.gap = 1000 (default)
2019-10-02 20:07:19,248 [81ff2deb-7157-4d8f-a4d5-aed058e9ab00@group-AE9DBDAD608D:LeaderElection72] INFO  server.RaftServerConfigKeys (ConfUtils.java:logGet(43)) - raft.server.rpc.sleep.time = 25ms (default)
2019-10-02 20:07:19,248 [44d4b517-3ddb-4fc1-bbf9-9c978f45f9af@group-A3D24EA219EA:LeaderElection71] INFO  server.RaftServerConfigKeys (ConfUtils.java:logGet(43)) - raft.server.rpc.sleep.time = 25ms (default)
2019-10-02 20:07:19,248 [81ff2deb-7157-4d8f-a4d5-aed058e9ab00@group-AE9DBDAD608D:LeaderElection72] INFO  server.RaftServerConfigKeys (ConfUtils.java:logGet(43)) - raft.server.write.element-limit = 4096 (default)
2019-10-02 20:07:19,248 [44d4b517-3ddb-4fc1-bbf9-9c978f45f9af@group-A3D24EA219EA:LeaderElection71] INFO  server.RaftServerConfigKeys (ConfUtils.java:logGet(43)) - raft.server.write.element-limit = 4096 (default)
2019-10-02 20:07:19,248 [81ff2deb-7157-4d8f-a4d5-aed058e9ab00@group-AE9DBDAD608D:LeaderElection72] INFO  server.RaftServerConfigKeys (ConfUtils.java:logGet(43)) - raft.server.watch.timeout = 10s (default)
2019-10-02 20:07:19,248 [44d4b517-3ddb-4fc1-bbf9-9c978f45f9af@group-A3D24EA219EA:LeaderElection71] INFO  server.RaftServerConfigKeys (ConfUtils.java:logGet(43)) - raft.server.watch.timeout = 10s (default)
2019-10-02 20:07:19,248 [81ff2deb-7157-4d8f-a4d5-aed058e9ab00@group-AE9DBDAD608D:LeaderElection72] INFO  server.RaftServerConfigKeys (ConfUtils.java:logGet(43)) - raft.server.watch.timeout.denomination = 1s (default)
2019-10-02 20:07:19,248 [44d4b517-3ddb-4fc1-bbf9-9c978f45f9af@group-A3D24EA219EA:LeaderElection71] INFO  server.RaftServerConfigKeys (ConfUtils.java:logGet(43)) - raft.server.watch.timeout.denomination = 1s (default)
2019-10-02 20:07:19,249 [81ff2deb-7157-4d8f-a4d5-aed058e9ab00@group-AE9DBDAD608D:LeaderElection72] INFO  server.RaftServerConfigKeys (ConfUtils.java:logGet(43)) - raft.server.watch.element-limit = 65536 (default)
2019-10-02 20:07:19,249 [44d4b517-3ddb-4fc1-bbf9-9c978f45f9af@group-A3D24EA219EA:LeaderElection71] INFO  server.RaftServerConfigKeys (ConfUtils.java:logGet(43)) - raft.server.watch.element-limit = 65536 (default)
2019-10-02 20:07:19,251 [81ff2deb-7157-4d8f-a4d5-aed058e9ab00@group-AE9DBDAD608D:LeaderElection72] INFO  impl.RoleInfo (RoleInfo.java:updateAndGet(143)) - 81ff2deb-7157-4d8f-a4d5-aed058e9ab00: start LeaderState
2019-10-02 20:07:19,251 [81ff2deb-7157-4d8f-a4d5-aed058e9ab00@group-AE9DBDAD608D:LeaderElection72] INFO  segmented.SegmentedRaftLogWorker (SegmentedRaftLogWorker.java:startLogSegment(380)) - 81ff2deb-7157-4d8f-a4d5-aed058e9ab00@group-AE9DBDAD608D-SegmentedRaftLogWorker: Starting segment from index:0
2019-10-02 20:07:19,251 [44d4b517-3ddb-4fc1-bbf9-9c978f45f9af@group-A3D24EA219EA:LeaderElection71] INFO  impl.RoleInfo (RoleInfo.java:updateAndGet(143)) - 44d4b517-3ddb-4fc1-bbf9-9c978f45f9af: start LeaderState
2019-10-02 20:07:19,251 [44d4b517-3ddb-4fc1-bbf9-9c978f45f9af@group-A3D24EA219EA:LeaderElection71] INFO  segmented.SegmentedRaftLogWorker (SegmentedRaftLogWorker.java:startLogSegment(380)) - 44d4b517-3ddb-4fc1-bbf9-9c978f45f9af@group-A3D24EA219EA-SegmentedRaftLogWorker: Starting segment from index:0
2019-10-02 20:07:19,251 [81ff2deb-7157-4d8f-a4d5-aed058e9ab00@group-AE9DBDAD608D:LeaderElection72] INFO  impl.RaftServerImpl (ServerState.java:setRaftConf(354)) - 81ff2deb-7157-4d8f-a4d5-aed058e9ab00@group-AE9DBDAD608D: set configuration 0: [81ff2deb-7157-4d8f-a4d5-aed058e9ab00:192.168.151.67:38710], old=null at 0
2019-10-02 20:07:19,280 [44d4b517-3ddb-4fc1-bbf9-9c978f45f9af@group-A3D24EA219EA:LeaderElection71] INFO  impl.RaftServerImpl (ServerState.java:setRaftConf(354)) - 44d4b517-3ddb-4fc1-bbf9-9c978f45f9af@group-A3D24EA219EA: set configuration 0: [44d4b517-3ddb-4fc1-bbf9-9c978f45f9af:192.168.151.67:43525], old=null at 0
2019-10-02 20:07:19,293 [d5d753b5-1d96-4433-bb9c-73d1f78854d0@group-5F2DF60E9BEC-SegmentedRaftLogWorker] INFO  segmented.SegmentedRaftLogWorker (SegmentedRaftLogWorker.java:execute(569)) - d5d753b5-1d96-4433-bb9c-73d1f78854d0@group-5F2DF60E9BEC-SegmentedRaftLogWorker: created new log segment /workdir/hadoop-ozone/integration-test/target/test-dir/MiniOzoneClusterImpl-11e04269-4a3b-41a8-a8d0-fcdf29918043/datanode-0/data/ratis/7963f78e-12ec-400c-822c-5f2df60e9bec/current/log_inprogress_0
2019-10-02 20:07:19,293 [81ff2deb-7157-4d8f-a4d5-aed058e9ab00@group-AE9DBDAD608D-SegmentedRaftLogWorker] INFO  segmented.SegmentedRaftLogWorker (SegmentedRaftLogWorker.java:execute(569)) - 81ff2deb-7157-4d8f-a4d5-aed058e9ab00@group-AE9DBDAD608D-SegmentedRaftLogWorker: created new log segment /workdir/hadoop-ozone/integration-test/target/test-dir/MiniOzoneClusterImpl-11e04269-4a3b-41a8-a8d0-fcdf29918043/datanode-2/data/ratis/dd473a1f-d535-498b-8565-ae9dbdad608d/current/log_inprogress_0
2019-10-02 20:07:19,293 [164a8da4-05a2-452c-b3c9-0e3107feaeed@group-5F2DF60E9BEC-SegmentedRaftLogWorker] INFO  segmented.SegmentedRaftLogWorker (SegmentedRaftLogWorker.java:execute(569)) - 164a8da4-05a2-452c-b3c9-0e3107feaeed@group-5F2DF60E9BEC-SegmentedRaftLogWorker: created new log segment /workdir/hadoop-ozone/integration-test/target/test-dir/MiniOzoneClusterImpl-11e04269-4a3b-41a8-a8d0-fcdf29918043/datanode-1/data/ratis/7963f78e-12ec-400c-822c-5f2df60e9bec/current/log_inprogress_0
2019-10-02 20:07:19,297 [Thread-3112] INFO  impl.FollowerState (FollowerState.java:run(106)) - 0ed46e5c-9531-4629-a01d-f4cb54996e4a:group-54A3C663377B changes to CANDIDATE, lastRpcTime:5003, electionTimeout:5003ms
2019-10-02 20:07:19,297 [Thread-3112] INFO  impl.RoleInfo (RoleInfo.java:shutdownFollowerState(121)) - 0ed46e5c-9531-4629-a01d-f4cb54996e4a: shutdown FollowerState
2019-10-02 20:07:19,297 [Thread-3112] INFO  impl.RaftServerImpl (RaftServerImpl.java:setRole(174)) - 0ed46e5c-9531-4629-a01d-f4cb54996e4a@group-54A3C663377B: changes role from  FOLLOWER to CANDIDATE at term 0 for changeToCandidate
2019-10-02 20:07:19,297 [Thread-3112] INFO  impl.RoleInfo (RoleInfo.java:updateAndGet(143)) - 0ed46e5c-9531-4629-a01d-f4cb54996e4a: start LeaderElection
2019-10-02 20:07:19,327 [44d4b517-3ddb-4fc1-bbf9-9c978f45f9af@group-A3D24EA219EA-SegmentedRaftLogWorker] INFO  segmented.SegmentedRaftLogWorker (SegmentedRaftLogWorker.java:execute(569)) - 44d4b517-3ddb-4fc1-bbf9-9c978f45f9af@group-A3D24EA219EA-SegmentedRaftLogWorker: created new log segment /workdir/hadoop-ozone/integration-test/target/test-dir/MiniOzoneClusterImpl-11e04269-4a3b-41a8-a8d0-fcdf29918043/datanode-3/data/ratis/cf971f71-4ba2-470e-bfdc-a3d24ea219ea/current/log_inprogress_0
2019-10-02 20:07:19,327 [0ed46e5c-9531-4629-a01d-f4cb54996e4a@group-54A3C663377B:LeaderElection73] INFO  impl.LeaderElection (LeaderElection.java:askForVotes(182)) - 0ed46e5c-9531-4629-a01d-f4cb54996e4a@group-54A3C663377B:LeaderElection73: begin an election at term 1 for -1: [0ed46e5c-9531-4629-a01d-f4cb54996e4a:192.168.151.67:45637], old=null
2019-10-02 20:07:19,327 [0ed46e5c-9531-4629-a01d-f4cb54996e4a@group-54A3C663377B:LeaderElection73] INFO  impl.RoleInfo (RoleInfo.java:shutdownLeaderElection(134)) - 0ed46e5c-9531-4629-a01d-f4cb54996e4a: shutdown LeaderElection
2019-10-02 20:07:19,327 [0ed46e5c-9531-4629-a01d-f4cb54996e4a@group-54A3C663377B:LeaderElection73] INFO  impl.RaftServerImpl (RaftServerImpl.java:setRole(174)) - 0ed46e5c-9531-4629-a01d-f4cb54996e4a@group-54A3C663377B: changes role from CANDIDATE to LEADER at term 1 for changeToLeader
2019-10-02 20:07:19,327 [0ed46e5c-9531-4629-a01d-f4cb54996e4a@group-54A3C663377B:LeaderElection73] INFO  impl.RaftServerImpl (ServerState.java:setLeader(253)) - 0ed46e5c-9531-4629-a01d-f4cb54996e4a@group-54A3C663377B: change Leader from null to 0ed46e5c-9531-4629-a01d-f4cb54996e4a at term 1 for becomeLeader, leader elected after 5039ms
2019-10-02 20:07:19,328 [0ed46e5c-9531-4629-a01d-f4cb54996e4a@group-54A3C663377B:LeaderElection73] INFO  server.RaftServerConfigKeys (ConfUtils.java:logGet(43)) - raft.server.staging.catchup.gap = 1000 (default)
2019-10-02 20:07:19,328 [0ed46e5c-9531-4629-a01d-f4cb54996e4a@group-54A3C663377B:LeaderElection73] INFO  server.RaftServerConfigKeys (ConfUtils.java:logGet(43)) - raft.server.rpc.sleep.time = 25ms (default)
2019-10-02 20:07:19,328 [0ed46e5c-9531-4629-a01d-f4cb54996e4a@group-54A3C663377B:LeaderElection73] INFO  server.RaftServerConfigKeys (ConfUtils.java:logGet(43)) - raft.server.write.element-limit = 4096 (default)
2019-10-02 20:07:19,328 [0ed46e5c-9531-4629-a01d-f4cb54996e4a@group-54A3C663377B:LeaderElection73] INFO  server.RaftServerConfigKeys (ConfUtils.java:logGet(43)) - raft.server.watch.timeout = 10s (default)
2019-10-02 20:07:19,328 [0ed46e5c-9531-4629-a01d-f4cb54996e4a@group-54A3C663377B:LeaderElection73] INFO  server.RaftServerConfigKeys (ConfUtils.java:logGet(43)) - raft.server.watch.timeout.denomination = 1s (default)
2019-10-02 20:07:19,328 [0ed46e5c-9531-4629-a01d-f4cb54996e4a@group-54A3C663377B:LeaderElection73] INFO  server.RaftServerConfigKeys (ConfUtils.java:logGet(43)) - raft.server.watch.element-limit = 65536 (default)
2019-10-02 20:07:19,329 [0ed46e5c-9531-4629-a01d-f4cb54996e4a@group-54A3C663377B:LeaderElection73] INFO  impl.RoleInfo (RoleInfo.java:updateAndGet(143)) - 0ed46e5c-9531-4629-a01d-f4cb54996e4a: start LeaderState
2019-10-02 20:07:19,330 [0ed46e5c-9531-4629-a01d-f4cb54996e4a@group-54A3C663377B:LeaderElection73] INFO  segmented.SegmentedRaftLogWorker (SegmentedRaftLogWorker.java:startLogSegment(380)) - 0ed46e5c-9531-4629-a01d-f4cb54996e4a@group-54A3C663377B-SegmentedRaftLogWorker: Starting segment from index:0
2019-10-02 20:07:19,330 [0ed46e5c-9531-4629-a01d-f4cb54996e4a@group-54A3C663377B:LeaderElection73] INFO  impl.RaftServerImpl (ServerState.java:setRaftConf(354)) - 0ed46e5c-9531-4629-a01d-f4cb54996e4a@group-54A3C663377B: set configuration 0: [0ed46e5c-9531-4629-a01d-f4cb54996e4a:192.168.151.67:45637], old=null at 0
2019-10-02 20:07:19,357 [Thread-3109] INFO  impl.FollowerState (FollowerState.java:run(106)) - 3093ea04-1862-4b93-9aff-542485acd0d6:group-E9CE805B5DC7 changes to CANDIDATE, lastRpcTime:5117, electionTimeout:5098ms
2019-10-02 20:07:19,357 [Thread-3109] INFO  impl.RoleInfo (RoleInfo.java:shutdownFollowerState(121)) - 3093ea04-1862-4b93-9aff-542485acd0d6: shutdown FollowerState
2019-10-02 20:07:19,357 [Thread-3109] INFO  impl.RaftServerImpl (RaftServerImpl.java:setRole(174)) - 3093ea04-1862-4b93-9aff-542485acd0d6@group-E9CE805B5DC7: changes role from  FOLLOWER to CANDIDATE at term 0 for changeToCandidate
2019-10-02 20:07:19,358 [Thread-3109] INFO  impl.RoleInfo (RoleInfo.java:updateAndGet(143)) - 3093ea04-1862-4b93-9aff-542485acd0d6: start LeaderElection
2019-10-02 20:07:19,370 [0ed46e5c-9531-4629-a01d-f4cb54996e4a@group-54A3C663377B-SegmentedRaftLogWorker] INFO  segmented.SegmentedRaftLogWorker (SegmentedRaftLogWorker.java:execute(569)) - 0ed46e5c-9531-4629-a01d-f4cb54996e4a@group-54A3C663377B-SegmentedRaftLogWorker: created new log segment /workdir/hadoop-ozone/integration-test/target/test-dir/MiniOzoneClusterImpl-11e04269-4a3b-41a8-a8d0-fcdf29918043/datanode-6/data/ratis/f449f73c-7d4c-4463-9e09-54a3c663377b/current/log_inprogress_0
2019-10-02 20:07:19,370 [3093ea04-1862-4b93-9aff-542485acd0d6@group-E9CE805B5DC7:LeaderElection74] INFO  impl.LeaderElection (LeaderElection.java:askForVotes(182)) - 3093ea04-1862-4b93-9aff-542485acd0d6@group-E9CE805B5DC7:LeaderElection74: begin an election at term 1 for -1: [3093ea04-1862-4b93-9aff-542485acd0d6:192.168.151.67:40381], old=null
2019-10-02 20:07:19,370 [3093ea04-1862-4b93-9aff-542485acd0d6@group-E9CE805B5DC7:LeaderElection74] INFO  impl.RoleInfo (RoleInfo.java:shutdownLeaderElection(134)) - 3093ea04-1862-4b93-9aff-542485acd0d6: shutdown LeaderElection
2019-10-02 20:07:19,370 [3093ea04-1862-4b93-9aff-542485acd0d6@group-E9CE805B5DC7:LeaderElection74] INFO  impl.RaftServerImpl (RaftServerImpl.java:setRole(174)) - 3093ea04-1862-4b93-9aff-542485acd0d6@group-E9CE805B5DC7: changes role from CANDIDATE to LEADER at term 1 for changeToLeader
2019-10-02 20:07:19,370 [3093ea04-1862-4b93-9aff-542485acd0d6@group-E9CE805B5DC7:LeaderElection74] INFO  impl.RaftServerImpl (ServerState.java:setLeader(253)) - 3093ea04-1862-4b93-9aff-542485acd0d6@group-E9CE805B5DC7: change Leader from null to 3093ea04-1862-4b93-9aff-542485acd0d6 at term 1 for becomeLeader, leader elected after 5146ms
2019-10-02 20:07:19,371 [3093ea04-1862-4b93-9aff-542485acd0d6@group-E9CE805B5DC7:LeaderElection74] INFO  server.RaftServerConfigKeys (ConfUtils.java:logGet(43)) - raft.server.staging.catchup.gap = 1000 (default)
2019-10-02 20:07:19,371 [3093ea04-1862-4b93-9aff-542485acd0d6@group-E9CE805B5DC7:LeaderElection74] INFO  server.RaftServerConfigKeys (ConfUtils.java:logGet(43)) - raft.server.rpc.sleep.time = 25ms (default)
2019-10-02 20:07:19,371 [3093ea04-1862-4b93-9aff-542485acd0d6@group-E9CE805B5DC7:LeaderElection74] INFO  server.RaftServerConfigKeys (ConfUtils.java:logGet(43)) - raft.server.write.element-limit = 4096 (default)
2019-10-02 20:07:19,371 [3093ea04-1862-4b93-9aff-542485acd0d6@group-E9CE805B5DC7:LeaderElection74] INFO  server.RaftServerConfigKeys (ConfUtils.java:logGet(43)) - raft.server.watch.timeout = 10s (default)
2019-10-02 20:07:19,371 [3093ea04-1862-4b93-9aff-542485acd0d6@group-E9CE805B5DC7:LeaderElection74] INFO  server.RaftServerConfigKeys (ConfUtils.java:logGet(43)) - raft.server.watch.timeout.denomination = 1s (default)
2019-10-02 20:07:19,371 [3093ea04-1862-4b93-9aff-542485acd0d6@group-E9CE805B5DC7:LeaderElection74] INFO  server.RaftServerConfigKeys (ConfUtils.java:logGet(43)) - raft.server.watch.element-limit = 65536 (default)
2019-10-02 20:07:19,372 [3093ea04-1862-4b93-9aff-542485acd0d6@group-E9CE805B5DC7:LeaderElection74] INFO  impl.RoleInfo (RoleInfo.java:updateAndGet(143)) - 3093ea04-1862-4b93-9aff-542485acd0d6: start LeaderState
2019-10-02 20:07:19,372 [3093ea04-1862-4b93-9aff-542485acd0d6@group-E9CE805B5DC7:LeaderElection74] INFO  segmented.SegmentedRaftLogWorker (SegmentedRaftLogWorker.java:startLogSegment(380)) - 3093ea04-1862-4b93-9aff-542485acd0d6@group-E9CE805B5DC7-SegmentedRaftLogWorker: Starting segment from index:0
2019-10-02 20:07:19,373 [3093ea04-1862-4b93-9aff-542485acd0d6@group-E9CE805B5DC7:LeaderElection74] INFO  impl.RaftServerImpl (ServerState.java:setRaftConf(354)) - 3093ea04-1862-4b93-9aff-542485acd0d6@group-E9CE805B5DC7: set configuration 0: [3093ea04-1862-4b93-9aff-542485acd0d6:192.168.151.67:40381], old=null at 0
2019-10-02 20:07:19,399 [Thread-3120] INFO  impl.FollowerState (FollowerState.java:run(106)) - 9b563795-2039-41be-9979-ae623f6b1773:group-1D5C08A701D1 changes to CANDIDATE, lastRpcTime:5046, electionTimeout:5035ms
2019-10-02 20:07:19,399 [Thread-3119] INFO  impl.FollowerState (FollowerState.java:run(106)) - 0ed46e5c-9531-4629-a01d-f4cb54996e4a:group-1D5C08A701D1 changes to CANDIDATE, lastRpcTime:5046, electionTimeout:5032ms
2019-10-02 20:07:19,399 [Thread-3120] INFO  impl.RoleInfo (RoleInfo.java:shutdownFollowerState(121)) - 9b563795-2039-41be-9979-ae623f6b1773: shutdown FollowerState
2019-10-02 20:07:19,399 [Thread-3119] INFO  impl.RoleInfo (RoleInfo.java:shutdownFollowerState(121)) - 0ed46e5c-9531-4629-a01d-f4cb54996e4a: shutdown FollowerState
2019-10-02 20:07:19,399 [Thread-3120] INFO  impl.RaftServerImpl (RaftServerImpl.java:setRole(174)) - 9b563795-2039-41be-9979-ae623f6b1773@group-1D5C08A701D1: changes role from  FOLLOWER to CANDIDATE at term 0 for changeToCandidate
2019-10-02 20:07:19,399 [Thread-3119] INFO  impl.RaftServerImpl (RaftServerImpl.java:setRole(174)) - 0ed46e5c-9531-4629-a01d-f4cb54996e4a@group-1D5C08A701D1: changes role from  FOLLOWER to CANDIDATE at term 0 for changeToCandidate
2019-10-02 20:07:19,400 [Thread-3120] INFO  impl.RoleInfo (RoleInfo.java:updateAndGet(143)) - 9b563795-2039-41be-9979-ae623f6b1773: start LeaderElection
2019-10-02 20:07:19,400 [Thread-3119] INFO  impl.RoleInfo (RoleInfo.java:updateAndGet(143)) - 0ed46e5c-9531-4629-a01d-f4cb54996e4a: start LeaderElection
2019-10-02 20:07:19,412 [3093ea04-1862-4b93-9aff-542485acd0d6@group-E9CE805B5DC7-SegmentedRaftLogWorker] INFO  segmented.SegmentedRaftLogWorker (SegmentedRaftLogWorker.java:execute(569)) - 3093ea04-1862-4b93-9aff-542485acd0d6@group-E9CE805B5DC7-SegmentedRaftLogWorker: created new log segment /workdir/hadoop-ozone/integration-test/target/test-dir/MiniOzoneClusterImpl-11e04269-4a3b-41a8-a8d0-fcdf29918043/datanode-5/data/ratis/f086145d-34c8-47e6-8789-e9ce805b5dc7/current/log_inprogress_0
2019-10-02 20:07:19,412 [9b563795-2039-41be-9979-ae623f6b1773@group-1D5C08A701D1:LeaderElection75] INFO  impl.LeaderElection (LeaderElection.java:askForVotes(182)) - 9b563795-2039-41be-9979-ae623f6b1773@group-1D5C08A701D1:LeaderElection75: begin an election at term 1 for -1: [0ed46e5c-9531-4629-a01d-f4cb54996e4a:192.168.151.67:45637, 3093ea04-1862-4b93-9aff-542485acd0d6:192.168.151.67:40381, 9b563795-2039-41be-9979-ae623f6b1773:192.168.151.67:33880], old=null
2019-10-02 20:07:19,412 [0ed46e5c-9531-4629-a01d-f4cb54996e4a@group-1D5C08A701D1:LeaderElection76] INFO  impl.LeaderElection (LeaderElection.java:askForVotes(182)) - 0ed46e5c-9531-4629-a01d-f4cb54996e4a@group-1D5C08A701D1:LeaderElection76: begin an election at term 1 for -1: [0ed46e5c-9531-4629-a01d-f4cb54996e4a:192.168.151.67:45637, 3093ea04-1862-4b93-9aff-542485acd0d6:192.168.151.67:40381, 9b563795-2039-41be-9979-ae623f6b1773:192.168.151.67:33880], old=null
2019-10-02 20:07:19,419 [grpc-default-executor-8] INFO  impl.RaftServerImpl (RaftServerImpl.java:setRole(174)) - 3093ea04-1862-4b93-9aff-542485acd0d6@group-1D5C08A701D1: changes role from  FOLLOWER to FOLLOWER at term 1 for recognizeCandidate:9b563795-2039-41be-9979-ae623f6b1773
2019-10-02 20:07:19,419 [grpc-default-executor-8] INFO  impl.RoleInfo (RoleInfo.java:shutdownFollowerState(121)) - 3093ea04-1862-4b93-9aff-542485acd0d6: shutdown FollowerState
2019-10-02 20:07:19,424 [grpc-default-executor-8] INFO  impl.RoleInfo (RoleInfo.java:updateAndGet(143)) - 3093ea04-1862-4b93-9aff-542485acd0d6: start FollowerState
2019-10-02 20:07:19,424 [Thread-3115] INFO  impl.FollowerState (FollowerState.java:run(115)) - 3093ea04-1862-4b93-9aff-542485acd0d6: FollowerState was interrupted: java.lang.InterruptedException: sleep interrupted
2019-10-02 20:07:19,449 [0ed46e5c-9531-4629-a01d-f4cb54996e4a@group-1D5C08A701D1:LeaderElection76] INFO  impl.LeaderElection (LeaderElection.java:logAndReturn(56)) - 0ed46e5c-9531-4629-a01d-f4cb54996e4a@group-1D5C08A701D1:LeaderElection76: Election REJECTED; received 2 response(s) [0ed46e5c-9531-4629-a01d-f4cb54996e4a<-3093ea04-1862-4b93-9aff-542485acd0d6#0:FAIL-t1, 0ed46e5c-9531-4629-a01d-f4cb54996e4a<-9b563795-2039-41be-9979-ae623f6b1773#0:FAIL-t1] and 0 exception(s); 0ed46e5c-9531-4629-a01d-f4cb54996e4a@group-1D5C08A701D1:t1, leader=null, voted=0ed46e5c-9531-4629-a01d-f4cb54996e4a, raftlog=0ed46e5c-9531-4629-a01d-f4cb54996e4a@group-1D5C08A701D1-SegmentedRaftLog:OPENED:c-1,f-1,i0, conf=-1: [0ed46e5c-9531-4629-a01d-f4cb54996e4a:192.168.151.67:45637, 3093ea04-1862-4b93-9aff-542485acd0d6:192.168.151.67:40381, 9b563795-2039-41be-9979-ae623f6b1773:192.168.151.67:33880], old=null
2019-10-02 20:07:19,449 [0ed46e5c-9531-4629-a01d-f4cb54996e4a@group-1D5C08A701D1:LeaderElection76] INFO  impl.RaftServerImpl (RaftServerImpl.java:setRole(174)) - 0ed46e5c-9531-4629-a01d-f4cb54996e4a@group-1D5C08A701D1: changes role from CANDIDATE to FOLLOWER at term 1 for DISCOVERED_A_NEW_TERM
2019-10-02 20:07:19,449 [0ed46e5c-9531-4629-a01d-f4cb54996e4a@group-1D5C08A701D1:LeaderElection76] INFO  impl.RoleInfo (RoleInfo.java:shutdownLeaderElection(134)) - 0ed46e5c-9531-4629-a01d-f4cb54996e4a: shutdown LeaderElection
2019-10-02 20:07:19,449 [9b563795-2039-41be-9979-ae623f6b1773@group-1D5C08A701D1:LeaderElection75] INFO  impl.LeaderElection (LeaderElection.java:logAndReturn(56)) - 9b563795-2039-41be-9979-ae623f6b1773@group-1D5C08A701D1:LeaderElection75: Election PASSED; received 2 response(s) [9b563795-2039-41be-9979-ae623f6b1773<-0ed46e5c-9531-4629-a01d-f4cb54996e4a#0:FAIL-t1, 9b563795-2039-41be-9979-ae623f6b1773<-3093ea04-1862-4b93-9aff-542485acd0d6#0:OK-t1] and 0 exception(s); 9b563795-2039-41be-9979-ae623f6b1773@group-1D5C08A701D1:t1, leader=null, voted=9b563795-2039-41be-9979-ae623f6b1773, raftlog=9b563795-2039-41be-9979-ae623f6b1773@group-1D5C08A701D1-SegmentedRaftLog:OPENED:c-1,f-1,i0, conf=-1: [0ed46e5c-9531-4629-a01d-f4cb54996e4a:192.168.151.67:45637, 3093ea04-1862-4b93-9aff-542485acd0d6:192.168.151.67:40381, 9b563795-2039-41be-9979-ae623f6b1773:192.168.151.67:33880], old=null
2019-10-02 20:07:19,452 [0ed46e5c-9531-4629-a01d-f4cb54996e4a@group-1D5C08A701D1:LeaderElection76] INFO  impl.RoleInfo (RoleInfo.java:updateAndGet(143)) - 0ed46e5c-9531-4629-a01d-f4cb54996e4a: start FollowerState
2019-10-02 20:07:19,452 [9b563795-2039-41be-9979-ae623f6b1773@group-1D5C08A701D1:LeaderElection75] INFO  impl.RoleInfo (RoleInfo.java:shutdownLeaderElection(134)) - 9b563795-2039-41be-9979-ae623f6b1773: shutdown LeaderElection
2019-10-02 20:07:19,454 [9b563795-2039-41be-9979-ae623f6b1773@group-1D5C08A701D1:LeaderElection75] INFO  impl.RaftServerImpl (RaftServerImpl.java:setRole(174)) - 9b563795-2039-41be-9979-ae623f6b1773@group-1D5C08A701D1: changes role from CANDIDATE to LEADER at term 1 for changeToLeader
2019-10-02 20:07:19,454 [9b563795-2039-41be-9979-ae623f6b1773@group-1D5C08A701D1:LeaderElection75] INFO  impl.RaftServerImpl (ServerState.java:setLeader(253)) - 9b563795-2039-41be-9979-ae623f6b1773@group-1D5C08A701D1: change Leader from null to 9b563795-2039-41be-9979-ae623f6b1773 at term 1 for becomeLeader, leader elected after 5108ms
2019-10-02 20:07:19,454 [9b563795-2039-41be-9979-ae623f6b1773@group-1D5C08A701D1:LeaderElection75] INFO  server.RaftServerConfigKeys (ConfUtils.java:logGet(43)) - raft.server.staging.catchup.gap = 1000 (default)
2019-10-02 20:07:19,454 [9b563795-2039-41be-9979-ae623f6b1773@group-1D5C08A701D1:LeaderElection75] INFO  server.RaftServerConfigKeys (ConfUtils.java:logGet(43)) - raft.server.rpc.sleep.time = 25ms (default)
2019-10-02 20:07:19,454 [9b563795-2039-41be-9979-ae623f6b1773@group-1D5C08A701D1:LeaderElection75] INFO  server.RaftServerConfigKeys (ConfUtils.java:logGet(43)) - raft.server.write.element-limit = 4096 (default)
2019-10-02 20:07:19,454 [9b563795-2039-41be-9979-ae623f6b1773@group-1D5C08A701D1:LeaderElection75] INFO  server.RaftServerConfigKeys (ConfUtils.java:logGet(43)) - raft.server.watch.timeout = 10s (default)
2019-10-02 20:07:19,454 [9b563795-2039-41be-9979-ae623f6b1773@group-1D5C08A701D1:LeaderElection75] INFO  server.RaftServerConfigKeys (ConfUtils.java:logGet(43)) - raft.server.watch.timeout.denomination = 1s (default)
2019-10-02 20:07:19,455 [9b563795-2039-41be-9979-ae623f6b1773@group-1D5C08A701D1:LeaderElection75] INFO  server.RaftServerConfigKeys (ConfUtils.java:logGet(43)) - raft.server.watch.element-limit = 65536 (default)
2019-10-02 20:07:19,456 [9b563795-2039-41be-9979-ae623f6b1773@group-1D5C08A701D1:LeaderElection75] INFO  server.RaftServerConfigKeys (ConfUtils.java:logGet(43)) - raft.server.log.appender.snapshot.chunk.size.max = 16MB (=16777216) (default)
2019-10-02 20:07:19,456 [9b563795-2039-41be-9979-ae623f6b1773@group-1D5C08A701D1:LeaderElection75] INFO  server.RaftServerConfigKeys (ConfUtils.java:logGet(43)) - raft.server.log.appender.buffer.byte-limit = 33554432 (custom)
2019-10-02 20:07:19,456 [9b563795-2039-41be-9979-ae623f6b1773@group-1D5C08A701D1:LeaderElection75] INFO  server.RaftServerConfigKeys (ConfUtils.java:logGet(43)) - raft.server.log.appender.buffer.element-limit = 1 (custom)
2019-10-02 20:07:19,456 [9b563795-2039-41be-9979-ae623f6b1773@group-1D5C08A701D1:LeaderElection75] INFO  grpc.GrpcConfigKeys$Server (ConfUtils.java:logGet(43)) - raft.grpc.server.leader.outstanding.appends.max = 128 (default)
2019-10-02 20:07:19,456 [9b563795-2039-41be-9979-ae623f6b1773@group-1D5C08A701D1:LeaderElection75] INFO  server.RaftServerConfigKeys (ConfUtils.java:logGet(43)) - raft.server.rpc.request.timeout = 3000ms (default)
2019-10-02 20:07:19,456 [9b563795-2039-41be-9979-ae623f6b1773@group-1D5C08A701D1:LeaderElection75] INFO  server.RaftServerConfigKeys (ConfUtils.java:logGet(43)) - raft.server.log.appender.install.snapshot.enabled = false (custom)
2019-10-02 20:07:19,457 [9b563795-2039-41be-9979-ae623f6b1773@group-1D5C08A701D1:LeaderElection75] INFO  server.RaftServerConfigKeys (ConfUtils.java:logGet(43)) - raft.server.log.appender.snapshot.chunk.size.max = 16MB (=16777216) (default)
2019-10-02 20:07:19,457 [9b563795-2039-41be-9979-ae623f6b1773@group-1D5C08A701D1:LeaderElection75] INFO  server.RaftServerConfigKeys (ConfUtils.java:logGet(43)) - raft.server.log.appender.buffer.byte-limit = 33554432 (custom)
2019-10-02 20:07:19,457 [9b563795-2039-41be-9979-ae623f6b1773@group-1D5C08A701D1:LeaderElection75] INFO  server.RaftServerConfigKeys (ConfUtils.java:logGet(43)) - raft.server.log.appender.buffer.element-limit = 1 (custom)
2019-10-02 20:07:19,457 [9b563795-2039-41be-9979-ae623f6b1773@group-1D5C08A701D1:LeaderElection75] INFO  grpc.GrpcConfigKeys$Server (ConfUtils.java:logGet(43)) - raft.grpc.server.leader.outstanding.appends.max = 128 (default)
2019-10-02 20:07:19,457 [9b563795-2039-41be-9979-ae623f6b1773@group-1D5C08A701D1:LeaderElection75] INFO  server.RaftServerConfigKeys (ConfUtils.java:logGet(43)) - raft.server.rpc.request.timeout = 3000ms (default)
2019-10-02 20:07:19,457 [9b563795-2039-41be-9979-ae623f6b1773@group-1D5C08A701D1:LeaderElection75] INFO  server.RaftServerConfigKeys (ConfUtils.java:logGet(43)) - raft.server.log.appender.install.snapshot.enabled = false (custom)
2019-10-02 20:07:19,457 [9b563795-2039-41be-9979-ae623f6b1773@group-1D5C08A701D1:LeaderElection75] INFO  impl.RoleInfo (RoleInfo.java:updateAndGet(143)) - 9b563795-2039-41be-9979-ae623f6b1773: start LeaderState
2019-10-02 20:07:19,458 [9b563795-2039-41be-9979-ae623f6b1773@group-1D5C08A701D1:LeaderElection75] INFO  segmented.SegmentedRaftLogWorker (SegmentedRaftLogWorker.java:startLogSegment(380)) - 9b563795-2039-41be-9979-ae623f6b1773@group-1D5C08A701D1-SegmentedRaftLogWorker: Starting segment from index:0
2019-10-02 20:07:19,458 [9b563795-2039-41be-9979-ae623f6b1773@group-1D5C08A701D1:LeaderElection75] INFO  impl.RaftServerImpl (ServerState.java:setRaftConf(354)) - 9b563795-2039-41be-9979-ae623f6b1773@group-1D5C08A701D1: set configuration 0: [0ed46e5c-9531-4629-a01d-f4cb54996e4a:192.168.151.67:45637, 3093ea04-1862-4b93-9aff-542485acd0d6:192.168.151.67:40381, 9b563795-2039-41be-9979-ae623f6b1773:192.168.151.67:33880], old=null at 0
2019-10-02 20:07:19,459 [grpc-default-executor-5] INFO  impl.RaftServerImpl (ServerState.java:setLeader(253)) - 3093ea04-1862-4b93-9aff-542485acd0d6@group-1D5C08A701D1: change Leader from null to 9b563795-2039-41be-9979-ae623f6b1773 at term 1 for appendEntries, leader elected after 5114ms
2019-10-02 20:07:19,459 [grpc-default-executor-0] INFO  impl.RaftServerImpl (ServerState.java:setLeader(253)) - 0ed46e5c-9531-4629-a01d-f4cb54996e4a@group-1D5C08A701D1: change Leader from null to 9b563795-2039-41be-9979-ae623f6b1773 at term 1 for appendEntries, leader elected after 5113ms
2019-10-02 20:07:19,460 [grpc-default-executor-0] INFO  impl.RaftServerImpl (ServerState.java:setRaftConf(354)) - 3093ea04-1862-4b93-9aff-542485acd0d6@group-1D5C08A701D1: set configuration 0: [0ed46e5c-9531-4629-a01d-f4cb54996e4a:192.168.151.67:45637, 3093ea04-1862-4b93-9aff-542485acd0d6:192.168.151.67:40381, 9b563795-2039-41be-9979-ae623f6b1773:192.168.151.67:33880], old=null at 0
2019-10-02 20:07:19,461 [grpc-default-executor-0] INFO  segmented.SegmentedRaftLogWorker (SegmentedRaftLogWorker.java:startLogSegment(380)) - 3093ea04-1862-4b93-9aff-542485acd0d6@group-1D5C08A701D1-SegmentedRaftLogWorker: Starting segment from index:0
2019-10-02 20:07:19,461 [grpc-default-executor-5] INFO  impl.RaftServerImpl (ServerState.java:setRaftConf(354)) - 0ed46e5c-9531-4629-a01d-f4cb54996e4a@group-1D5C08A701D1: set configuration 0: [0ed46e5c-9531-4629-a01d-f4cb54996e4a:192.168.151.67:45637, 3093ea04-1862-4b93-9aff-542485acd0d6:192.168.151.67:40381, 9b563795-2039-41be-9979-ae623f6b1773:192.168.151.67:33880], old=null at 0
2019-10-02 20:07:19,461 [grpc-default-executor-5] INFO  segmented.SegmentedRaftLogWorker (SegmentedRaftLogWorker.java:startLogSegment(380)) - 0ed46e5c-9531-4629-a01d-f4cb54996e4a@group-1D5C08A701D1-SegmentedRaftLogWorker: Starting segment from index:0
2019-10-02 20:07:19,503 [3093ea04-1862-4b93-9aff-542485acd0d6@group-1D5C08A701D1-SegmentedRaftLogWorker] INFO  segmented.SegmentedRaftLogWorker (SegmentedRaftLogWorker.java:execute(569)) - 3093ea04-1862-4b93-9aff-542485acd0d6@group-1D5C08A701D1-SegmentedRaftLogWorker: created new log segment /workdir/hadoop-ozone/integration-test/target/test-dir/MiniOzoneClusterImpl-11e04269-4a3b-41a8-a8d0-fcdf29918043/datanode-5/data/ratis/420cdd75-6fa4-4f5f-921c-1d5c08a701d1/current/log_inprogress_0
2019-10-02 20:07:19,503 [0ed46e5c-9531-4629-a01d-f4cb54996e4a@group-1D5C08A701D1-SegmentedRaftLogWorker] INFO  segmented.SegmentedRaftLogWorker (SegmentedRaftLogWorker.java:execute(569)) - 0ed46e5c-9531-4629-a01d-f4cb54996e4a@group-1D5C08A701D1-SegmentedRaftLogWorker: created new log segment /workdir/hadoop-ozone/integration-test/target/test-dir/MiniOzoneClusterImpl-11e04269-4a3b-41a8-a8d0-fcdf29918043/datanode-6/data/ratis/420cdd75-6fa4-4f5f-921c-1d5c08a701d1/current/log_inprogress_0
2019-10-02 20:07:19,503 [9b563795-2039-41be-9979-ae623f6b1773@group-1D5C08A701D1-SegmentedRaftLogWorker] INFO  segmented.SegmentedRaftLogWorker (SegmentedRaftLogWorker.java:execute(569)) - 9b563795-2039-41be-9979-ae623f6b1773@group-1D5C08A701D1-SegmentedRaftLogWorker: created new log segment /workdir/hadoop-ozone/integration-test/target/test-dir/MiniOzoneClusterImpl-11e04269-4a3b-41a8-a8d0-fcdf29918043/datanode-4/data/ratis/420cdd75-6fa4-4f5f-921c-1d5c08a701d1/current/log_inprogress_0
2019-10-02 20:07:20,524 [Datanode State Machine Thread - 0] INFO  statemachine.DatanodeStateMachine (DatanodeStateMachine.java:lambda$startDaemon$0(350)) - Ozone container server started.
2019-10-02 20:07:24,607 [EventQueue-StaleNodeForStaleNodeHandler] INFO  node.StaleNodeHandler (StaleNodeHandler.java:onMessage(58)) - Datanode 81ff2deb-7157-4d8f-a4d5-aed058e9ab00{ip: 192.168.151.67, host: pr-hdds-2198-qvzm8-602720389, networkLocation: /default-rack, certSerialId: null} moved to stale state. Finalizing its pipelines [PipelineID=dd473a1f-d535-498b-8565-ae9dbdad608d, PipelineID=7963f78e-12ec-400c-822c-5f2df60e9bec]
2019-10-02 20:07:24,607 [EventQueue-StaleNodeForStaleNodeHandler] INFO  pipeline.SCMPipelineManager (SCMPipelineManager.java:finalizeAndDestroyPipeline(315)) - destroying pipeline:Pipeline[ Id: dd473a1f-d535-498b-8565-ae9dbdad608d, Nodes: 81ff2deb-7157-4d8f-a4d5-aed058e9ab00{ip: 192.168.151.67, host: pr-hdds-2198-qvzm8-602720389, networkLocation: /default-rack, certSerialId: null}, Type:RATIS, Factor:ONE, State:OPEN]
2019-10-02 20:07:24,608 [EventQueue-StaleNodeForStaleNodeHandler] INFO  pipeline.PipelineStateManager (PipelineStateManager.java:finalizePipeline(123)) - Pipeline Pipeline[ Id: dd473a1f-d535-498b-8565-ae9dbdad608d, Nodes: 81ff2deb-7157-4d8f-a4d5-aed058e9ab00{ip: 192.168.151.67, host: pr-hdds-2198-qvzm8-602720389, networkLocation: /default-rack, certSerialId: null}, Type:RATIS, Factor:ONE, State:CLOSED] moved to CLOSED state
2019-10-02 20:07:24,608 [EventQueue-StaleNodeForStaleNodeHandler] INFO  pipeline.SCMPipelineManager (SCMPipelineManager.java:finalizeAndDestroyPipeline(315)) - destroying pipeline:Pipeline[ Id: 7963f78e-12ec-400c-822c-5f2df60e9bec, Nodes: 81ff2deb-7157-4d8f-a4d5-aed058e9ab00{ip: 192.168.151.67, host: pr-hdds-2198-qvzm8-602720389, networkLocation: /default-rack, certSerialId: null}d5d753b5-1d96-4433-bb9c-73d1f78854d0{ip: 192.168.151.67, host: pr-hdds-2198-qvzm8-602720389, networkLocation: /default-rack, certSerialId: null}164a8da4-05a2-452c-b3c9-0e3107feaeed{ip: 192.168.151.67, host: pr-hdds-2198-qvzm8-602720389, networkLocation: /default-rack, certSerialId: null}, Type:RATIS, Factor:THREE, State:OPEN]
2019-10-02 20:07:24,608 [EventQueue-StaleNodeForStaleNodeHandler] INFO  pipeline.PipelineStateManager (PipelineStateManager.java:finalizePipeline(123)) - Pipeline Pipeline[ Id: 7963f78e-12ec-400c-822c-5f2df60e9bec, Nodes: 81ff2deb-7157-4d8f-a4d5-aed058e9ab00{ip: 192.168.151.67, host: pr-hdds-2198-qvzm8-602720389, networkLocation: /default-rack, certSerialId: null}d5d753b5-1d96-4433-bb9c-73d1f78854d0{ip: 192.168.151.67, host: pr-hdds-2198-qvzm8-602720389, networkLocation: /default-rack, certSerialId: null}164a8da4-05a2-452c-b3c9-0e3107feaeed{ip: 192.168.151.67, host: pr-hdds-2198-qvzm8-602720389, networkLocation: /default-rack, certSerialId: null}, Type:RATIS, Factor:THREE, State:CLOSED] moved to CLOSED state
2019-10-02 20:07:24,609 [EventQueue-CloseContainerForCloseContainerEventHandler] INFO  container.CloseContainerEventHandler (CloseContainerEventHandler.java:onMessage(61)) - Close container Event triggered for container : #1
2019-10-02 20:07:24,689 [main] INFO  ozoneimpl.OzoneContainer (OzoneContainer.java:stop(231)) - Attempting to stop container services.
2019-10-02 20:07:24,692 [main] INFO  impl.RaftServerProxy (RaftServerProxy.java:lambda$close$4(314)) - 81ff2deb-7157-4d8f-a4d5-aed058e9ab00: close
2019-10-02 20:07:24,693 [main] INFO  impl.RaftServerImpl (RaftServerImpl.java:lambda$shutdown$3(251)) - 81ff2deb-7157-4d8f-a4d5-aed058e9ab00@group-AE9DBDAD608D: shutdown
2019-10-02 20:07:24,694 [main] INFO  util.JmxRegister (JmxRegister.java:unregister(73)) - Successfully un-registered JMX Bean with object name Ratis:service=RaftServer,group=group-AE9DBDAD608D,id=81ff2deb-7157-4d8f-a4d5-aed058e9ab00
2019-10-02 20:07:24,694 [main] INFO  impl.RoleInfo (RoleInfo.java:shutdownLeaderState(104)) - 81ff2deb-7157-4d8f-a4d5-aed058e9ab00: shutdown LeaderState
2019-10-02 20:07:24,694 [main] INFO  impl.PendingRequests (PendingRequests.java:sendNotLeaderResponses(202)) - 81ff2deb-7157-4d8f-a4d5-aed058e9ab00-PendingRequests: sendNotLeaderResponses
2019-10-02 20:07:24,695 [main] INFO  impl.StateMachineUpdater (StateMachineUpdater.java:stopAndJoin(125)) - 81ff2deb-7157-4d8f-a4d5-aed058e9ab00@group-AE9DBDAD608D-StateMachineUpdater: set stopIndex = 0
2019-10-02 20:07:24,696 [main] INFO  impl.RaftServerImpl (ServerState.java:close(385)) - 81ff2deb-7157-4d8f-a4d5-aed058e9ab00@group-AE9DBDAD608D: closes. applyIndex: 0
2019-10-02 20:07:24,696 [81ff2deb-7157-4d8f-a4d5-aed058e9ab00@group-AE9DBDAD608D-SegmentedRaftLogWorker] INFO  segmented.SegmentedRaftLogWorker (SegmentedRaftLogWorker.java:run(313)) - 81ff2deb-7157-4d8f-a4d5-aed058e9ab00@group-AE9DBDAD608D-SegmentedRaftLogWorker was interrupted, exiting. There are 0 tasks remaining in the queue.
2019-10-02 20:07:24,712 [main] INFO  segmented.SegmentedRaftLogWorker (SegmentedRaftLogWorker.java:close(228)) - 81ff2deb-7157-4d8f-a4d5-aed058e9ab00@group-AE9DBDAD608D-SegmentedRaftLogWorker close()
2019-10-02 20:07:24,717 [main] INFO  impl.RaftServerImpl (RaftServerImpl.java:lambda$shutdown$3(251)) - 81ff2deb-7157-4d8f-a4d5-aed058e9ab00@group-5F2DF60E9BEC: shutdown
2019-10-02 20:07:24,717 [main] INFO  util.JmxRegister (JmxRegister.java:unregister(73)) - Successfully un-registered JMX Bean with object name Ratis:service=RaftServer,group=group-5F2DF60E9BEC,id=81ff2deb-7157-4d8f-a4d5-aed058e9ab00
2019-10-02 20:07:24,718 [main] INFO  impl.RoleInfo (RoleInfo.java:shutdownLeaderState(104)) - 81ff2deb-7157-4d8f-a4d5-aed058e9ab00: shutdown LeaderState
2019-10-02 20:07:24,724 [main] INFO  impl.PendingRequests (PendingRequests.java:sendNotLeaderResponses(202)) - 81ff2deb-7157-4d8f-a4d5-aed058e9ab00-PendingRequests: sendNotLeaderResponses
2019-10-02 20:07:24,724 [org.apache.ratis.server.impl.LogAppender$AppenderDaemon$$Lambda$503/1316170068@30b6a4e] WARN  server.GrpcLogAppender (GrpcLogAppender.java:mayWait(143)) - 81ff2deb-7157-4d8f-a4d5-aed058e9ab00@group-5F2DF60E9BEC->d5d753b5-1d96-4433-bb9c-73d1f78854d0-GrpcLogAppender: Wait interrupted by java.lang.InterruptedException
2019-10-02 20:07:24,724 [org.apache.ratis.server.impl.LogAppender$AppenderDaemon$$Lambda$503/1316170068@4386f8eb] WARN  server.GrpcLogAppender (GrpcLogAppender.java:mayWait(143)) - 81ff2deb-7157-4d8f-a4d5-aed058e9ab00@group-5F2DF60E9BEC->164a8da4-05a2-452c-b3c9-0e3107feaeed-GrpcLogAppender: Wait interrupted by java.lang.InterruptedException
2019-10-02 20:07:24,730 [main] INFO  impl.StateMachineUpdater (StateMachineUpdater.java:stopAndJoin(125)) - 81ff2deb-7157-4d8f-a4d5-aed058e9ab00@group-5F2DF60E9BEC-StateMachineUpdater: set stopIndex = 16
2019-10-02 20:07:24,730 [81ff2deb-7157-4d8f-a4d5-aed058e9ab00@group-5F2DF60E9BEC-StateMachineUpdater] INFO  ratis.ContainerStateMachine (ContainerStateMachine.java:takeSnapshot(289)) - group-5F2DF60E9BEC: Taking a snapshot at:(t:1, i:14) file /workdir/hadoop-ozone/integration-test/target/test-dir/MiniOzoneClusterImpl-11e04269-4a3b-41a8-a8d0-fcdf29918043/datanode-2/data/ratis/7963f78e-12ec-400c-822c-5f2df60e9bec/sm/snapshot.1_14
2019-10-02 20:07:24,730 [grpc-default-executor-5] INFO  server.GrpcServerProtocolService (GrpcServerProtocolService.java:onCompleted(113)) - d5d753b5-1d96-4433-bb9c-73d1f78854d0: Completed APPEND_ENTRIES, lastRequest: 81ff2deb-7157-4d8f-a4d5-aed058e9ab00->d5d753b5-1d96-4433-bb9c-73d1f78854d0#19-t1, previous=(t:1, i:16), leaderCommit=16, initializing? false, entries: <empty>
2019-10-02 20:07:24,731 [grpc-default-executor-8] INFO  server.GrpcServerProtocolService (GrpcServerProtocolService.java:onCompleted(113)) - 164a8da4-05a2-452c-b3c9-0e3107feaeed: Completed APPEND_ENTRIES, lastRequest: 81ff2deb-7157-4d8f-a4d5-aed058e9ab00->164a8da4-05a2-452c-b3c9-0e3107feaeed#19-t1, previous=(t:1, i:16), leaderCommit=16, initializing? false, entries: <empty>
2019-10-02 20:07:24,731 [grpc-default-executor-8] INFO  server.GrpcLogAppender (GrpcLogAppender.java:onCompleted(293)) - 81ff2deb-7157-4d8f-a4d5-aed058e9ab00@group-5F2DF60E9BEC->d5d753b5-1d96-4433-bb9c-73d1f78854d0-AppendLogResponseHandler: follower responses appendEntries COMPLETED
2019-10-02 20:07:24,731 [grpc-default-executor-0] INFO  server.GrpcLogAppender (GrpcLogAppender.java:onCompleted(293)) - 81ff2deb-7157-4d8f-a4d5-aed058e9ab00@group-5F2DF60E9BEC->164a8da4-05a2-452c-b3c9-0e3107feaeed-AppendLogResponseHandler: follower responses appendEntries COMPLETED
2019-10-02 20:07:24,732 [grpc-default-executor-8] INFO  impl.FollowerInfo (FollowerInfo.java:lambda$new$0(51)) - 81ff2deb-7157-4d8f-a4d5-aed058e9ab00@group-5F2DF60E9BEC->d5d753b5-1d96-4433-bb9c-73d1f78854d0: nextIndex: updateUnconditionally 17 -> 16
2019-10-02 20:07:24,732 [grpc-default-executor-0] INFO  impl.FollowerInfo (FollowerInfo.java:lambda$new$0(51)) - 81ff2deb-7157-4d8f-a4d5-aed058e9ab00@group-5F2DF60E9BEC->164a8da4-05a2-452c-b3c9-0e3107feaeed: nextIndex: updateUnconditionally 17 -> 16
2019-10-02 20:07:24,744 [81ff2deb-7157-4d8f-a4d5-aed058e9ab00@group-5F2DF60E9BEC-StateMachineUpdater] INFO  ratis.ContainerStateMachine (ContainerStateMachine.java:takeSnapshot(300)) - group-5F2DF60E9BEC: Finished taking a snapshot at:(t:1, i:14) file:/workdir/hadoop-ozone/integration-test/target/test-dir/MiniOzoneClusterImpl-11e04269-4a3b-41a8-a8d0-fcdf29918043/datanode-2/data/ratis/7963f78e-12ec-400c-822c-5f2df60e9bec/sm/snapshot.1_14 time:15
2019-10-02 20:07:24,744 [81ff2deb-7157-4d8f-a4d5-aed058e9ab00@group-5F2DF60E9BEC-StateMachineUpdater] INFO  impl.StateMachineUpdater (StateMachineUpdater.java:takeSnapshot(258)) - 81ff2deb-7157-4d8f-a4d5-aed058e9ab00@group-5F2DF60E9BEC-StateMachineUpdater: Took a snapshot at index 14
2019-10-02 20:07:24,745 [81ff2deb-7157-4d8f-a4d5-aed058e9ab00@group-5F2DF60E9BEC-StateMachineUpdater] INFO  impl.StateMachineUpdater (StateMachineUpdater.java:lambda$new$0(83)) - 81ff2deb-7157-4d8f-a4d5-aed058e9ab00@group-5F2DF60E9BEC-StateMachineUpdater: snapshotIndex: updateIncreasingly -1 -> 14
2019-10-02 20:07:24,745 [81ff2deb-7157-4d8f-a4d5-aed058e9ab00@group-5F2DF60E9BEC-StateMachineUpdater] INFO  ratis.ContainerStateMachine (ContainerStateMachine.java:takeSnapshot(289)) - group-5F2DF60E9BEC: Taking a snapshot at:(t:1, i:14) file /workdir/hadoop-ozone/integration-test/target/test-dir/MiniOzoneClusterImpl-11e04269-4a3b-41a8-a8d0-fcdf29918043/datanode-2/data/ratis/7963f78e-12ec-400c-822c-5f2df60e9bec/sm/snapshot.1_14
2019-10-02 20:07:24,757 [81ff2deb-7157-4d8f-a4d5-aed058e9ab00@group-5F2DF60E9BEC-StateMachineUpdater] INFO  ratis.ContainerStateMachine (ContainerStateMachine.java:takeSnapshot(300)) - group-5F2DF60E9BEC: Finished taking a snapshot at:(t:1, i:14) file:/workdir/hadoop-ozone/integration-test/target/test-dir/MiniOzoneClusterImpl-11e04269-4a3b-41a8-a8d0-fcdf29918043/datanode-2/data/ratis/7963f78e-12ec-400c-822c-5f2df60e9bec/sm/snapshot.1_14 time:13
2019-10-02 20:07:24,757 [81ff2deb-7157-4d8f-a4d5-aed058e9ab00@group-5F2DF60E9BEC-StateMachineUpdater] INFO  impl.StateMachineUpdater (StateMachineUpdater.java:takeSnapshot(258)) - 81ff2deb-7157-4d8f-a4d5-aed058e9ab00@group-5F2DF60E9BEC-StateMachineUpdater: Took a snapshot at index 14
2019-10-02 20:07:24,757 [81ff2deb-7157-4d8f-a4d5-aed058e9ab00@group-5F2DF60E9BEC-StateMachineUpdater] INFO  impl.StateMachineUpdater (StateMachineUpdater.java:lambda$new$0(83)) - 81ff2deb-7157-4d8f-a4d5-aed058e9ab00@group-5F2DF60E9BEC-StateMachineUpdater: snapshotIndex: updateIncreasingly 14 -> 14
2019-10-02 20:07:24,757 [main] INFO  impl.RaftServerImpl (ServerState.java:close(385)) - 81ff2deb-7157-4d8f-a4d5-aed058e9ab00@group-5F2DF60E9BEC: closes. applyIndex: 16
2019-10-02 20:07:24,758 [81ff2deb-7157-4d8f-a4d5-aed058e9ab00@group-5F2DF60E9BEC-SegmentedRaftLogWorker] INFO  segmented.SegmentedRaftLogWorker (SegmentedRaftLogWorker.java:run(313)) - 81ff2deb-7157-4d8f-a4d5-aed058e9ab00@group-5F2DF60E9BEC-SegmentedRaftLogWorker was interrupted, exiting. There are 0 tasks remaining in the queue.
2019-10-02 20:07:24,760 [main] INFO  segmented.SegmentedRaftLogWorker (SegmentedRaftLogWorker.java:close(228)) - 81ff2deb-7157-4d8f-a4d5-aed058e9ab00@group-5F2DF60E9BEC-SegmentedRaftLogWorker close()
2019-10-02 20:07:24,765 [main] INFO  server.GrpcService (GrpcService.java:closeImpl(164)) - 81ff2deb-7157-4d8f-a4d5-aed058e9ab00: shutdown server with port 38710 now
2019-10-02 20:07:24,766 [grpc-default-executor-8] WARN  client.GrpcClientProtocolService (LogUtils.java:warn(134)) - 4-UnorderedRequestStreamObserver4: onError: org.apache.ratis.thirdparty.io.grpc.StatusRuntimeException: CANCELLED: cancelled before receiving half close
2019-10-02 20:07:24,766 [main] INFO  server.GrpcService (GrpcService.java:closeImpl(172)) - 81ff2deb-7157-4d8f-a4d5-aed058e9ab00: shutdown server with port 38710 successfully
2019-10-02 20:07:24,768 [refreshUsed-/workdir/hadoop-ozone/integration-test/target/test-dir/MiniOzoneClusterImpl-11e04269-4a3b-41a8-a8d0-fcdf29918043/datanode-2/data/containers] WARN  fs.CachingGetSpaceUsed (CachingGetSpaceUsed.java:run(183)) - Thread Interrupted waiting to refresh disk information: sleep interrupted
2019-10-02 20:07:24,785 [main] INFO  utils.BackgroundService (BackgroundService.java:shutdown(148)) - Shutting down service BlockDeletingService
2019-10-02 20:07:24,793 [main] INFO  statemachine.DatanodeStateMachine (DatanodeStateMachine.java:stopDaemon(395)) - Ozone container server stopped.
2019-10-02 20:07:24,794 [main] INFO  handler.ContextHandler (ContextHandler.java:doStop(910)) - Stopped o.e.j.w.WebAppContext@284990de{/,null,UNAVAILABLE}{/hddsDatanode}
2019-10-02 20:07:24,795 [main] INFO  server.AbstractConnector (AbstractConnector.java:doStop(318)) - Stopped ServerConnector@565d7d2f{HTTP/1.1,[http/1.1]}{0.0.0.0:0}
2019-10-02 20:07:24,795 [main] INFO  handler.ContextHandler (ContextHandler.java:doStop(910)) - Stopped o.e.j.s.ServletContextHandler@7d133fb7{/static,jar:file:/home/user/.m2/repository/org/apache/hadoop/hadoop-hdds-container-service/0.5.0-SNAPSHOT/hadoop-hdds-container-service-0.5.0-SNAPSHOT.jar!/webapps/static,UNAVAILABLE}
2019-10-02 20:07:24,796 [main] INFO  handler.ContextHandler (ContextHandler.java:doStop(910)) - Stopped o.e.j.s.ServletContextHandler@5ca4dce5{/logs,file:///workdir/hadoop-ozone/integration-test/target/log,UNAVAILABLE}
2019-10-02 20:07:34,396 [Thread-3142] INFO  impl.FollowerState (FollowerState.java:run(106)) - d5d753b5-1d96-4433-bb9c-73d1f78854d0:group-5F2DF60E9BEC changes to CANDIDATE, lastRpcTime:9695, electionTimeout:5009ms
2019-10-02 20:07:34,397 [Thread-3142] INFO  impl.RoleInfo (RoleInfo.java:shutdownFollowerState(121)) - d5d753b5-1d96-4433-bb9c-73d1f78854d0: shutdown FollowerState
2019-10-02 20:07:34,397 [Thread-3142] INFO  impl.RaftServerImpl (RaftServerImpl.java:setRole(174)) - d5d753b5-1d96-4433-bb9c-73d1f78854d0@group-5F2DF60E9BEC: changes role from  FOLLOWER to CANDIDATE at term 1 for changeToCandidate
2019-10-02 20:07:34,397 [Thread-3142] INFO  impl.RoleInfo (RoleInfo.java:updateAndGet(143)) - d5d753b5-1d96-4433-bb9c-73d1f78854d0: start LeaderElection
2019-10-02 20:07:34,401 [d5d753b5-1d96-4433-bb9c-73d1f78854d0@group-5F2DF60E9BEC:LeaderElection77] INFO  impl.RaftServerImpl (ServerState.java:setLeader(253)) - d5d753b5-1d96-4433-bb9c-73d1f78854d0@group-5F2DF60E9BEC: change Leader from 81ff2deb-7157-4d8f-a4d5-aed058e9ab00 to null at term 1 for initElection
2019-10-02 20:07:34,414 [d5d753b5-1d96-4433-bb9c-73d1f78854d0@group-5F2DF60E9BEC:LeaderElection77] INFO  impl.LeaderElection (LeaderElection.java:askForVotes(182)) - d5d753b5-1d96-4433-bb9c-73d1f78854d0@group-5F2DF60E9BEC:LeaderElection77: begin an election at term 2 for 0: [d5d753b5-1d96-4433-bb9c-73d1f78854d0:192.168.151.67:36879, 164a8da4-05a2-452c-b3c9-0e3107feaeed:192.168.151.67:45180, 81ff2deb-7157-4d8f-a4d5-aed058e9ab00:192.168.151.67:38710], old=null
2019-10-02 20:07:34,416 [d5d753b5-1d96-4433-bb9c-73d1f78854d0@group-5F2DF60E9BEC:LeaderElection77] INFO  impl.LeaderElection (LogUtils.java:infoOrTrace(149)) - d5d753b5-1d96-4433-bb9c-73d1f78854d0@group-5F2DF60E9BEC:LeaderElection77 got exception when requesting votes: {}
java.util.concurrent.ExecutionException: org.apache.ratis.thirdparty.io.grpc.StatusRuntimeException: UNAVAILABLE: io exception
	at java.util.concurrent.FutureTask.report(FutureTask.java:122)
	at java.util.concurrent.FutureTask.get(FutureTask.java:192)
	at org.apache.ratis.server.impl.LeaderElection.waitForResults(LeaderElection.java:263)
	at org.apache.ratis.server.impl.LeaderElection.askForVotes(LeaderElection.java:201)
	at org.apache.ratis.server.impl.LeaderElection.run(LeaderElection.java:133)
	at java.lang.Thread.run(Thread.java:748)
Caused by: org.apache.ratis.thirdparty.io.grpc.StatusRuntimeException: UNAVAILABLE: io exception
	at org.apache.ratis.thirdparty.io.grpc.stub.ClientCalls.toStatusRuntimeException(ClientCalls.java:233)
	at org.apache.ratis.thirdparty.io.grpc.stub.ClientCalls.getUnchecked(ClientCalls.java:214)
	at org.apache.ratis.thirdparty.io.grpc.stub.ClientCalls.blockingUnaryCall(ClientCalls.java:139)
	at org.apache.ratis.proto.grpc.RaftServerProtocolServiceGrpc$RaftServerProtocolServiceBlockingStub.requestVote(RaftServerProtocolServiceGrpc.java:265)
	at org.apache.ratis.grpc.server.GrpcServerProtocolClient.requestVote(GrpcServerProtocolClient.java:90)
	at org.apache.ratis.grpc.server.GrpcService.requestVote(GrpcService.java:204)
	at org.apache.ratis.server.impl.LeaderElection.lambda$submitRequests$1(LeaderElection.java:238)
	at java.util.concurrent.FutureTask.run(FutureTask.java:266)
	at java.util.concurrent.Executors$RunnableAdapter.call(Executors.java:511)
	at java.util.concurrent.FutureTask.run(FutureTask.java:266)
	at java.util.concurrent.ThreadPoolExecutor.runWorker(ThreadPoolExecutor.java:1149)
	at java.util.concurrent.ThreadPoolExecutor$Worker.run(ThreadPoolExecutor.java:624)
	... 1 more
Caused by: org.apache.ratis.thirdparty.io.netty.channel.AbstractChannel$AnnotatedConnectException: Connection refused: /192.168.151.67:38710
	at sun.nio.ch.SocketChannelImpl.checkConnect(Native Method)
	at sun.nio.ch.SocketChannelImpl.finishConnect(SocketChannelImpl.java:717)
	at org.apache.ratis.thirdparty.io.netty.channel.socket.nio.NioSocketChannel.doFinishConnect(NioSocketChannel.java:327)
	at org.apache.ratis.thirdparty.io.netty.channel.nio.AbstractNioChannel$AbstractNioUnsafe.finishConnect(AbstractNioChannel.java:340)
	at org.apache.ratis.thirdparty.io.netty.channel.nio.NioEventLoop.processSelectedKey(NioEventLoop.java:632)
	at org.apache.ratis.thirdparty.io.netty.channel.nio.NioEventLoop.processSelectedKeysOptimized(NioEventLoop.java:579)
	at org.apache.ratis.thirdparty.io.netty.channel.nio.NioEventLoop.processSelectedKeys(NioEventLoop.java:496)
	at org.apache.ratis.thirdparty.io.netty.channel.nio.NioEventLoop.run(NioEventLoop.java:458)
	at org.apache.ratis.thirdparty.io.netty.util.concurrent.SingleThreadEventExecutor$5.run(SingleThreadEventExecutor.java:897)
	at org.apache.ratis.thirdparty.io.netty.util.concurrent.FastThreadLocalRunnable.run(FastThreadLocalRunnable.java:30)
	... 1 more
Caused by: java.net.ConnectException: Connection refused
	... 11 more
2019-10-02 20:07:34,420 [grpc-default-executor-8] INFO  impl.RaftServerImpl (ServerState.java:setLeader(253)) - 164a8da4-05a2-452c-b3c9-0e3107feaeed@group-5F2DF60E9BEC: change Leader from 81ff2deb-7157-4d8f-a4d5-aed058e9ab00 to null at term 2 for updateCurrentTerm
2019-10-02 20:07:34,420 [grpc-default-executor-8] INFO  impl.RaftServerImpl (RaftServerImpl.java:setRole(174)) - 164a8da4-05a2-452c-b3c9-0e3107feaeed@group-5F2DF60E9BEC: changes role from  FOLLOWER to FOLLOWER at term 2 for recognizeCandidate:d5d753b5-1d96-4433-bb9c-73d1f78854d0
2019-10-02 20:07:34,420 [grpc-default-executor-8] INFO  impl.RoleInfo (RoleInfo.java:shutdownFollowerState(121)) - 164a8da4-05a2-452c-b3c9-0e3107feaeed: shutdown FollowerState
2019-10-02 20:07:34,420 [grpc-default-executor-8] INFO  impl.RoleInfo (RoleInfo.java:updateAndGet(143)) - 164a8da4-05a2-452c-b3c9-0e3107feaeed: start FollowerState
2019-10-02 20:07:34,420 [Thread-3143] INFO  impl.FollowerState (FollowerState.java:run(115)) - 164a8da4-05a2-452c-b3c9-0e3107feaeed: FollowerState was interrupted: java.lang.InterruptedException: sleep interrupted
2019-10-02 20:07:34,435 [d5d753b5-1d96-4433-bb9c-73d1f78854d0@group-5F2DF60E9BEC:LeaderElection77] INFO  impl.LeaderElection (LeaderElection.java:logAndReturn(56)) - d5d753b5-1d96-4433-bb9c-73d1f78854d0@group-5F2DF60E9BEC:LeaderElection77: Election PASSED; received 1 response(s) [d5d753b5-1d96-4433-bb9c-73d1f78854d0<-164a8da4-05a2-452c-b3c9-0e3107feaeed#0:OK-t2] and 1 exception(s); d5d753b5-1d96-4433-bb9c-73d1f78854d0@group-5F2DF60E9BEC:t2, leader=null, voted=d5d753b5-1d96-4433-bb9c-73d1f78854d0, raftlog=d5d753b5-1d96-4433-bb9c-73d1f78854d0@group-5F2DF60E9BEC-SegmentedRaftLog:OPENED:c16,f16,i16, conf=0: [d5d753b5-1d96-4433-bb9c-73d1f78854d0:192.168.151.67:36879, 164a8da4-05a2-452c-b3c9-0e3107feaeed:192.168.151.67:45180, 81ff2deb-7157-4d8f-a4d5-aed058e9ab00:192.168.151.67:38710], old=null
2019-10-02 20:07:34,436 [d5d753b5-1d96-4433-bb9c-73d1f78854d0@group-5F2DF60E9BEC:LeaderElection77] INFO  impl.LeaderElection (LogUtils.java:infoOrTrace(149)) -   Exception 0: {}
java.util.concurrent.ExecutionException: org.apache.ratis.thirdparty.io.grpc.StatusRuntimeException: UNAVAILABLE: io exception
	at java.util.concurrent.FutureTask.report(FutureTask.java:122)
	at java.util.concurrent.FutureTask.get(FutureTask.java:192)
	at org.apache.ratis.server.impl.LeaderElection.waitForResults(LeaderElection.java:263)
	at org.apache.ratis.server.impl.LeaderElection.askForVotes(LeaderElection.java:201)
	at org.apache.ratis.server.impl.LeaderElection.run(LeaderElection.java:133)
	at java.lang.Thread.run(Thread.java:748)
Caused by: org.apache.ratis.thirdparty.io.grpc.StatusRuntimeException: UNAVAILABLE: io exception
	at org.apache.ratis.thirdparty.io.grpc.stub.ClientCalls.toStatusRuntimeException(ClientCalls.java:233)
	at org.apache.ratis.thirdparty.io.grpc.stub.ClientCalls.getUnchecked(ClientCalls.java:214)
	at org.apache.ratis.thirdparty.io.grpc.stub.ClientCalls.blockingUnaryCall(ClientCalls.java:139)
	at org.apache.ratis.proto.grpc.RaftServerProtocolServiceGrpc$RaftServerProtocolServiceBlockingStub.requestVote(RaftServerProtocolServiceGrpc.java:265)
	at org.apache.ratis.grpc.server.GrpcServerProtocolClient.requestVote(GrpcServerProtocolClient.java:90)
	at org.apache.ratis.grpc.server.GrpcService.requestVote(GrpcService.java:204)
	at org.apache.ratis.server.impl.LeaderElection.lambda$submitRequests$1(LeaderElection.java:238)
	at java.util.concurrent.FutureTask.run(FutureTask.java:266)
	at java.util.concurrent.Executors$RunnableAdapter.call(Executors.java:511)
	at java.util.concurrent.FutureTask.run(FutureTask.java:266)
	at java.util.concurrent.ThreadPoolExecutor.runWorker(ThreadPoolExecutor.java:1149)
	at java.util.concurrent.ThreadPoolExecutor$Worker.run(ThreadPoolExecutor.java:624)
	... 1 more
Caused by: org.apache.ratis.thirdparty.io.netty.channel.AbstractChannel$AnnotatedConnectException: Connection refused: /192.168.151.67:38710
	at sun.nio.ch.SocketChannelImpl.checkConnect(Native Method)
	at sun.nio.ch.SocketChannelImpl.finishConnect(SocketChannelImpl.java:717)
	at org.apache.ratis.thirdparty.io.netty.channel.socket.nio.NioSocketChannel.doFinishConnect(NioSocketChannel.java:327)
	at org.apache.ratis.thirdparty.io.netty.channel.nio.AbstractNioChannel$AbstractNioUnsafe.finishConnect(AbstractNioChannel.java:340)
	at org.apache.ratis.thirdparty.io.netty.channel.nio.NioEventLoop.processSelectedKey(NioEventLoop.java:632)
	at org.apache.ratis.thirdparty.io.netty.channel.nio.NioEventLoop.processSelectedKeysOptimized(NioEventLoop.java:579)
	at org.apache.ratis.thirdparty.io.netty.channel.nio.NioEventLoop.processSelectedKeys(NioEventLoop.java:496)
	at org.apache.ratis.thirdparty.io.netty.channel.nio.NioEventLoop.run(NioEventLoop.java:458)
	at org.apache.ratis.thirdparty.io.netty.util.concurrent.SingleThreadEventExecutor$5.run(SingleThreadEventExecutor.java:897)
	at org.apache.ratis.thirdparty.io.netty.util.concurrent.FastThreadLocalRunnable.run(FastThreadLocalRunnable.java:30)
	... 1 more
Caused by: java.net.ConnectException: Connection refused
	... 11 more
2019-10-02 20:07:34,436 [d5d753b5-1d96-4433-bb9c-73d1f78854d0@group-5F2DF60E9BEC:LeaderElection77] INFO  impl.RoleInfo (RoleInfo.java:shutdownLeaderElection(134)) - d5d753b5-1d96-4433-bb9c-73d1f78854d0: shutdown LeaderElection
2019-10-02 20:07:34,436 [d5d753b5-1d96-4433-bb9c-73d1f78854d0@group-5F2DF60E9BEC:LeaderElection77] INFO  impl.RaftServerImpl (RaftServerImpl.java:setRole(174)) - d5d753b5-1d96-4433-bb9c-73d1f78854d0@group-5F2DF60E9BEC: changes role from CANDIDATE to LEADER at term 2 for changeToLeader
2019-10-02 20:07:34,436 [d5d753b5-1d96-4433-bb9c-73d1f78854d0@group-5F2DF60E9BEC:LeaderElection77] INFO  impl.RaftServerImpl (ServerState.java:setLeader(253)) - d5d753b5-1d96-4433-bb9c-73d1f78854d0@group-5F2DF60E9BEC: change Leader from null to d5d753b5-1d96-4433-bb9c-73d1f78854d0 at term 2 for becomeLeader, leader elected after 35ms
2019-10-02 20:07:34,436 [d5d753b5-1d96-4433-bb9c-73d1f78854d0@group-5F2DF60E9BEC:LeaderElection77] INFO  server.RaftServerConfigKeys (ConfUtils.java:logGet(43)) - raft.server.staging.catchup.gap = 1000 (default)
2019-10-02 20:07:34,436 [d5d753b5-1d96-4433-bb9c-73d1f78854d0@group-5F2DF60E9BEC:LeaderElection77] INFO  server.RaftServerConfigKeys (ConfUtils.java:logGet(43)) - raft.server.rpc.sleep.time = 25ms (default)
2019-10-02 20:07:34,437 [d5d753b5-1d96-4433-bb9c-73d1f78854d0@group-5F2DF60E9BEC:LeaderElection77] INFO  server.RaftServerConfigKeys (ConfUtils.java:logGet(43)) - raft.server.write.element-limit = 4096 (default)
2019-10-02 20:07:34,437 [d5d753b5-1d96-4433-bb9c-73d1f78854d0@group-5F2DF60E9BEC:LeaderElection77] INFO  server.RaftServerConfigKeys (ConfUtils.java:logGet(43)) - raft.server.watch.timeout = 10s (default)
2019-10-02 20:07:34,437 [d5d753b5-1d96-4433-bb9c-73d1f78854d0@group-5F2DF60E9BEC:LeaderElection77] INFO  server.RaftServerConfigKeys (ConfUtils.java:logGet(43)) - raft.server.watch.timeout.denomination = 1s (default)
2019-10-02 20:07:34,437 [d5d753b5-1d96-4433-bb9c-73d1f78854d0@group-5F2DF60E9BEC:LeaderElection77] INFO  server.RaftServerConfigKeys (ConfUtils.java:logGet(43)) - raft.server.watch.element-limit = 65536 (default)
2019-10-02 20:07:34,439 [d5d753b5-1d96-4433-bb9c-73d1f78854d0@group-5F2DF60E9BEC:LeaderElection77] INFO  server.RaftServerConfigKeys (ConfUtils.java:logGet(43)) - raft.server.log.appender.snapshot.chunk.size.max = 16MB (=16777216) (default)
2019-10-02 20:07:34,439 [d5d753b5-1d96-4433-bb9c-73d1f78854d0@group-5F2DF60E9BEC:LeaderElection77] INFO  server.RaftServerConfigKeys (ConfUtils.java:logGet(43)) - raft.server.log.appender.buffer.byte-limit = 33554432 (custom)
2019-10-02 20:07:34,440 [d5d753b5-1d96-4433-bb9c-73d1f78854d0@group-5F2DF60E9BEC:LeaderElection77] INFO  server.RaftServerConfigKeys (ConfUtils.java:logGet(43)) - raft.server.log.appender.buffer.element-limit = 1 (custom)
2019-10-02 20:07:34,440 [d5d753b5-1d96-4433-bb9c-73d1f78854d0@group-5F2DF60E9BEC:LeaderElection77] INFO  grpc.GrpcConfigKeys$Server (ConfUtils.java:logGet(43)) - raft.grpc.server.leader.outstanding.appends.max = 128 (default)
2019-10-02 20:07:34,440 [d5d753b5-1d96-4433-bb9c-73d1f78854d0@group-5F2DF60E9BEC:LeaderElection77] INFO  server.RaftServerConfigKeys (ConfUtils.java:logGet(43)) - raft.server.rpc.request.timeout = 3000ms (default)
2019-10-02 20:07:34,440 [d5d753b5-1d96-4433-bb9c-73d1f78854d0@group-5F2DF60E9BEC:LeaderElection77] INFO  server.RaftServerConfigKeys (ConfUtils.java:logGet(43)) - raft.server.log.appender.install.snapshot.enabled = false (custom)
2019-10-02 20:07:34,440 [d5d753b5-1d96-4433-bb9c-73d1f78854d0@group-5F2DF60E9BEC:LeaderElection77] INFO  server.RaftServerConfigKeys (ConfUtils.java:logGet(43)) - raft.server.log.appender.snapshot.chunk.size.max = 16MB (=16777216) (default)
2019-10-02 20:07:34,440 [d5d753b5-1d96-4433-bb9c-73d1f78854d0@group-5F2DF60E9BEC:LeaderElection77] INFO  server.RaftServerConfigKeys (ConfUtils.java:logGet(43)) - raft.server.log.appender.buffer.byte-limit = 33554432 (custom)
2019-10-02 20:07:34,441 [d5d753b5-1d96-4433-bb9c-73d1f78854d0@group-5F2DF60E9BEC:LeaderElection77] INFO  server.RaftServerConfigKeys (ConfUtils.java:logGet(43)) - raft.server.log.appender.buffer.element-limit = 1 (custom)
2019-10-02 20:07:34,441 [d5d753b5-1d96-4433-bb9c-73d1f78854d0@group-5F2DF60E9BEC:LeaderElection77] INFO  grpc.GrpcConfigKeys$Server (ConfUtils.java:logGet(43)) - raft.grpc.server.leader.outstanding.appends.max = 128 (default)
2019-10-02 20:07:34,441 [d5d753b5-1d96-4433-bb9c-73d1f78854d0@group-5F2DF60E9BEC:LeaderElection77] INFO  server.RaftServerConfigKeys (ConfUtils.java:logGet(43)) - raft.server.rpc.request.timeout = 3000ms (default)
2019-10-02 20:07:34,441 [d5d753b5-1d96-4433-bb9c-73d1f78854d0@group-5F2DF60E9BEC:LeaderElection77] INFO  server.RaftServerConfigKeys (ConfUtils.java:logGet(43)) - raft.server.log.appender.install.snapshot.enabled = false (custom)
2019-10-02 20:07:34,441 [d5d753b5-1d96-4433-bb9c-73d1f78854d0@group-5F2DF60E9BEC:LeaderElection77] INFO  impl.RoleInfo (RoleInfo.java:updateAndGet(143)) - d5d753b5-1d96-4433-bb9c-73d1f78854d0: start LeaderState
2019-10-02 20:07:34,442 [d5d753b5-1d96-4433-bb9c-73d1f78854d0@group-5F2DF60E9BEC:LeaderElection77] INFO  segmented.SegmentedRaftLogWorker (SegmentedRaftLogWorker.java:rollLogSegment(385)) - d5d753b5-1d96-4433-bb9c-73d1f78854d0@group-5F2DF60E9BEC-SegmentedRaftLogWorker: Rolling segment log-0_16 to index:16
2019-10-02 20:07:34,442 [d5d753b5-1d96-4433-bb9c-73d1f78854d0@group-5F2DF60E9BEC:LeaderElection77] INFO  impl.RaftServerImpl (ServerState.java:setRaftConf(354)) - d5d753b5-1d96-4433-bb9c-73d1f78854d0@group-5F2DF60E9BEC: set configuration 17: [d5d753b5-1d96-4433-bb9c-73d1f78854d0:192.168.151.67:36879, 164a8da4-05a2-452c-b3c9-0e3107feaeed:192.168.151.67:45180, 81ff2deb-7157-4d8f-a4d5-aed058e9ab00:192.168.151.67:38710], old=null at 17
2019-10-02 20:07:34,443 [grpc-default-executor-8] WARN  server.GrpcLogAppender (LogUtils.java:warn(134)) - d5d753b5-1d96-4433-bb9c-73d1f78854d0@group-5F2DF60E9BEC->81ff2deb-7157-4d8f-a4d5-aed058e9ab00-AppendLogResponseHandler: Failed appendEntries: org.apache.ratis.thirdparty.io.grpc.StatusRuntimeException: UNAVAILABLE: io exception
2019-10-02 20:07:34,444 [d5d753b5-1d96-4433-bb9c-73d1f78854d0@group-5F2DF60E9BEC-SegmentedRaftLogWorker] INFO  segmented.SegmentedRaftLogWorker (SegmentedRaftLogWorker.java:execute(526)) - d5d753b5-1d96-4433-bb9c-73d1f78854d0@group-5F2DF60E9BEC-SegmentedRaftLogWorker: Rolled log segment from /workdir/hadoop-ozone/integration-test/target/test-dir/MiniOzoneClusterImpl-11e04269-4a3b-41a8-a8d0-fcdf29918043/datanode-0/data/ratis/7963f78e-12ec-400c-822c-5f2df60e9bec/current/log_inprogress_0 to /workdir/hadoop-ozone/integration-test/target/test-dir/MiniOzoneClusterImpl-11e04269-4a3b-41a8-a8d0-fcdf29918043/datanode-0/data/ratis/7963f78e-12ec-400c-822c-5f2df60e9bec/current/log_0-16
2019-10-02 20:07:34,444 [grpc-default-executor-5] INFO  impl.RaftServerImpl (ServerState.java:setLeader(253)) - 164a8da4-05a2-452c-b3c9-0e3107feaeed@group-5F2DF60E9BEC: change Leader from null to d5d753b5-1d96-4433-bb9c-73d1f78854d0 at term 2 for appendEntries, leader elected after 24ms
2019-10-02 20:07:34,446 [grpc-default-executor-8] INFO  impl.FollowerInfo (FollowerInfo.java:lambda$new$0(51)) - d5d753b5-1d96-4433-bb9c-73d1f78854d0@group-5F2DF60E9BEC->81ff2deb-7157-4d8f-a4d5-aed058e9ab00: nextIndex: updateUnconditionally 17 -> 1
2019-10-02 20:07:34,449 [grpc-default-executor-5] INFO  impl.RaftServerImpl (ServerState.java:setRaftConf(354)) - 164a8da4-05a2-452c-b3c9-0e3107feaeed@group-5F2DF60E9BEC: set configuration 17: [d5d753b5-1d96-4433-bb9c-73d1f78854d0:192.168.151.67:36879, 164a8da4-05a2-452c-b3c9-0e3107feaeed:192.168.151.67:45180, 81ff2deb-7157-4d8f-a4d5-aed058e9ab00:192.168.151.67:38710], old=null at 17
2019-10-02 20:07:34,449 [grpc-default-executor-5] INFO  segmented.SegmentedRaftLogWorker (SegmentedRaftLogWorker.java:rollLogSegment(385)) - 164a8da4-05a2-452c-b3c9-0e3107feaeed@group-5F2DF60E9BEC-SegmentedRaftLogWorker: Rolling segment log-0_16 to index:16
2019-10-02 20:07:34,450 [164a8da4-05a2-452c-b3c9-0e3107feaeed@group-5F2DF60E9BEC-SegmentedRaftLogWorker] INFO  segmented.SegmentedRaftLogWorker (SegmentedRaftLogWorker.java:execute(526)) - 164a8da4-05a2-452c-b3c9-0e3107feaeed@group-5F2DF60E9BEC-SegmentedRaftLogWorker: Rolled log segment from /workdir/hadoop-ozone/integration-test/target/test-dir/MiniOzoneClusterImpl-11e04269-4a3b-41a8-a8d0-fcdf29918043/datanode-1/data/ratis/7963f78e-12ec-400c-822c-5f2df60e9bec/current/log_inprogress_0 to /workdir/hadoop-ozone/integration-test/target/test-dir/MiniOzoneClusterImpl-11e04269-4a3b-41a8-a8d0-fcdf29918043/datanode-1/data/ratis/7963f78e-12ec-400c-822c-5f2df60e9bec/current/log_0-16
2019-10-02 20:07:34,488 [d5d753b5-1d96-4433-bb9c-73d1f78854d0@group-5F2DF60E9BEC-SegmentedRaftLogWorker] INFO  segmented.SegmentedRaftLogWorker (SegmentedRaftLogWorker.java:execute(569)) - d5d753b5-1d96-4433-bb9c-73d1f78854d0@group-5F2DF60E9BEC-SegmentedRaftLogWorker: created new log segment /workdir/hadoop-ozone/integration-test/target/test-dir/MiniOzoneClusterImpl-11e04269-4a3b-41a8-a8d0-fcdf29918043/datanode-0/data/ratis/7963f78e-12ec-400c-822c-5f2df60e9bec/current/log_inprogress_17
2019-10-02 20:07:34,488 [164a8da4-05a2-452c-b3c9-0e3107feaeed@group-5F2DF60E9BEC-SegmentedRaftLogWorker] INFO  segmented.SegmentedRaftLogWorker (SegmentedRaftLogWorker.java:execute(569)) - 164a8da4-05a2-452c-b3c9-0e3107feaeed@group-5F2DF60E9BEC-SegmentedRaftLogWorker: created new log segment /workdir/hadoop-ozone/integration-test/target/test-dir/MiniOzoneClusterImpl-11e04269-4a3b-41a8-a8d0-fcdf29918043/datanode-1/data/ratis/7963f78e-12ec-400c-822c-5f2df60e9bec/current/log_inprogress_17
2019-10-02 20:07:34,511 [grpc-default-executor-5] WARN  server.GrpcLogAppender (LogUtils.java:warn(134)) - d5d753b5-1d96-4433-bb9c-73d1f78854d0@group-5F2DF60E9BEC->81ff2deb-7157-4d8f-a4d5-aed058e9ab00-AppendLogResponseHandler: Failed appendEntries: org.apache.ratis.thirdparty.io.grpc.StatusRuntimeException: UNAVAILABLE: io exception
2019-10-02 20:07:34,511 [grpc-default-executor-5] INFO  impl.FollowerInfo (FollowerInfo.java:lambda$new$0(51)) - d5d753b5-1d96-4433-bb9c-73d1f78854d0@group-5F2DF60E9BEC->81ff2deb-7157-4d8f-a4d5-aed058e9ab00: nextIndex: updateUnconditionally 2 -> 1
2019-10-02 20:07:34,519 [grpc-default-executor-0] WARN  server.GrpcLogAppender (LogUtils.java:warn(134)) - d5d753b5-1d96-4433-bb9c-73d1f78854d0@group-5F2DF60E9BEC->81ff2deb-7157-4d8f-a4d5-aed058e9ab00-AppendLogResponseHandler: Failed appendEntries: org.apache.ratis.thirdparty.io.grpc.StatusRuntimeException: UNAVAILABLE: io exception
2019-10-02 20:07:34,519 [grpc-default-executor-0] INFO  impl.FollowerInfo (FollowerInfo.java:lambda$new$0(51)) - d5d753b5-1d96-4433-bb9c-73d1f78854d0@group-5F2DF60E9BEC->81ff2deb-7157-4d8f-a4d5-aed058e9ab00: nextIndex: updateUnconditionally 2 -> 1
20:07:35.076 [grpc-default-executor-0] ERROR DNAudit - user=null | ip=null | op=WRITE_CHUNK {blockData=conID: 1 locID: 102894589336289293 bcsId: 14} | ret=FAILURE
org.apache.hadoop.hdds.scm.container.common.helpers.ContainerNotOpenException: Container 1 in CLOSING state
	at org.apache.hadoop.ozone.container.common.impl.HddsDispatcher.validateContainerCommand(HddsDispatcher.java:434) ~[hadoop-hdds-container-service-0.5.0-SNAPSHOT.jar:?]
	at org.apache.hadoop.ozone.container.common.transport.server.ratis.ContainerStateMachine.startTransaction(ContainerStateMachine.java:315) ~[hadoop-hdds-container-service-0.5.0-SNAPSHOT.jar:?]
	at org.apache.ratis.server.impl.RaftServerImpl.submitClientRequestAsync(RaftServerImpl.java:573) ~[ratis-server-0.4.0.jar:0.4.0]
	at org.apache.ratis.server.impl.RaftServerProxy.lambda$submitClientRequestAsync$7(RaftServerProxy.java:333) ~[ratis-server-0.4.0.jar:0.4.0]
	at org.apache.ratis.server.impl.RaftServerProxy.lambda$null$5(RaftServerProxy.java:328) ~[ratis-server-0.4.0.jar:0.4.0]
	at org.apache.ratis.util.JavaUtils.callAsUnchecked(JavaUtils.java:109) ~[ratis-common-0.4.0.jar:0.4.0]
	at org.apache.ratis.server.impl.RaftServerProxy.lambda$submitRequest$6(RaftServerProxy.java:328) ~[ratis-server-0.4.0.jar:0.4.0]
	at java.util.concurrent.CompletableFuture.uniComposeStage(CompletableFuture.java:981) ~[?:1.8.0_212]
	at java.util.concurrent.CompletableFuture.thenCompose(CompletableFuture.java:2124) ~[?:1.8.0_212]
	at org.apache.ratis.server.impl.RaftServerProxy.submitRequest(RaftServerProxy.java:327) ~[ratis-server-0.4.0.jar:0.4.0]
	at org.apache.ratis.server.impl.RaftServerProxy.submitClientRequestAsync(RaftServerProxy.java:333) ~[ratis-server-0.4.0.jar:0.4.0]
	at org.apache.ratis.grpc.client.GrpcClientProtocolService$RequestStreamObserver.processClientRequest(GrpcClientProtocolService.java:220) ~[ratis-grpc-0.4.0.jar:0.4.0]
	at org.apache.ratis.grpc.client.GrpcClientProtocolService$OrderedRequestStreamObserver.processClientRequest(GrpcClientProtocolService.java:326) ~[ratis-grpc-0.4.0.jar:0.4.0]
	at org.apache.ratis.util.SlidingWindow$Server.processRequestsFromHead(SlidingWindow.java:429) [ratis-common-0.4.0.jar:0.4.0]
	at org.apache.ratis.util.SlidingWindow$Server.receivedRequest(SlidingWindow.java:421) [ratis-common-0.4.0.jar:0.4.0]
	at org.apache.ratis.grpc.client.GrpcClientProtocolService$OrderedRequestStreamObserver.processClientRequest(GrpcClientProtocolService.java:345) [ratis-grpc-0.4.0.jar:0.4.0]
	at org.apache.ratis.grpc.client.GrpcClientProtocolService$RequestStreamObserver.onNext(GrpcClientProtocolService.java:240) [ratis-grpc-0.4.0.jar:0.4.0]
	at org.apache.ratis.grpc.client.GrpcClientProtocolService$RequestStreamObserver.onNext(GrpcClientProtocolService.java:168) [ratis-grpc-0.4.0.jar:0.4.0]
	at org.apache.ratis.thirdparty.io.grpc.stub.ServerCalls$StreamingServerCallHandler$StreamingServerCallListener.onMessage(ServerCalls.java:248) [ratis-thirdparty-misc-0.2.0.jar:0.2.0]
	at org.apache.ratis.thirdparty.io.grpc.internal.ServerCallImpl$ServerStreamListenerImpl.messagesAvailable(ServerCallImpl.java:263) [ratis-thirdparty-misc-0.2.0.jar:0.2.0]
	at org.apache.ratis.thirdparty.io.grpc.internal.ServerImpl$JumpToApplicationThreadServerStreamListener$1MessagesAvailable.runInContext(ServerImpl.java:686) [ratis-thirdparty-misc-0.2.0.jar:0.2.0]
	at org.apache.ratis.thirdparty.io.grpc.internal.ContextRunnable.run(ContextRunnable.java:37) [ratis-thirdparty-misc-0.2.0.jar:0.2.0]
	at org.apache.ratis.thirdparty.io.grpc.internal.SerializingExecutor.run(SerializingExecutor.java:123) [ratis-thirdparty-misc-0.2.0.jar:0.2.0]
	at java.util.concurrent.ThreadPoolExecutor.runWorker(ThreadPoolExecutor.java:1149) [?:1.8.0_212]
	at java.util.concurrent.ThreadPoolExecutor$Worker.run(ThreadPoolExecutor.java:624) [?:1.8.0_212]
	at java.lang.Thread.run(Thread.java:748) [?:1.8.0_212]
20:07:35.089 [grpc-default-executor-5] ERROR DNAudit - user=null | ip=null | op=WRITE_CHUNK {blockData=conID: 1 locID: 102894589336289293 bcsId: 14} | ret=FAILURE
org.apache.hadoop.hdds.scm.container.common.helpers.ContainerNotOpenException: Container 1 in CLOSING state
	at org.apache.hadoop.ozone.container.common.impl.HddsDispatcher.validateContainerCommand(HddsDispatcher.java:434) ~[hadoop-hdds-container-service-0.5.0-SNAPSHOT.jar:?]
	at org.apache.hadoop.ozone.container.common.transport.server.ratis.ContainerStateMachine.startTransaction(ContainerStateMachine.java:315) ~[hadoop-hdds-container-service-0.5.0-SNAPSHOT.jar:?]
	at org.apache.ratis.server.impl.RaftServerImpl.submitClientRequestAsync(RaftServerImpl.java:573) ~[ratis-server-0.4.0.jar:0.4.0]
	at org.apache.ratis.server.impl.RaftServerProxy.lambda$submitClientRequestAsync$7(RaftServerProxy.java:333) ~[ratis-server-0.4.0.jar:0.4.0]
	at org.apache.ratis.server.impl.RaftServerProxy.lambda$null$5(RaftServerProxy.java:328) ~[ratis-server-0.4.0.jar:0.4.0]
	at org.apache.ratis.util.JavaUtils.callAsUnchecked(JavaUtils.java:109) ~[ratis-common-0.4.0.jar:0.4.0]
	at org.apache.ratis.server.impl.RaftServerProxy.lambda$submitRequest$6(RaftServerProxy.java:328) ~[ratis-server-0.4.0.jar:0.4.0]
	at java.util.concurrent.CompletableFuture.uniComposeStage(CompletableFuture.java:981) ~[?:1.8.0_212]
	at java.util.concurrent.CompletableFuture.thenCompose(CompletableFuture.java:2124) ~[?:1.8.0_212]
	at org.apache.ratis.server.impl.RaftServerProxy.submitRequest(RaftServerProxy.java:327) ~[ratis-server-0.4.0.jar:0.4.0]
	at org.apache.ratis.server.impl.RaftServerProxy.submitClientRequestAsync(RaftServerProxy.java:333) ~[ratis-server-0.4.0.jar:0.4.0]
	at org.apache.ratis.grpc.client.GrpcClientProtocolService$RequestStreamObserver.processClientRequest(GrpcClientProtocolService.java:220) ~[ratis-grpc-0.4.0.jar:0.4.0]
	at org.apache.ratis.grpc.client.GrpcClientProtocolService$OrderedRequestStreamObserver.processClientRequest(GrpcClientProtocolService.java:326) ~[ratis-grpc-0.4.0.jar:0.4.0]
	at org.apache.ratis.util.SlidingWindow$Server.processRequestsFromHead(SlidingWindow.java:429) [ratis-common-0.4.0.jar:0.4.0]
	at org.apache.ratis.util.SlidingWindow$Server.receivedRequest(SlidingWindow.java:421) [ratis-common-0.4.0.jar:0.4.0]
	at org.apache.ratis.grpc.client.GrpcClientProtocolService$OrderedRequestStreamObserver.processClientRequest(GrpcClientProtocolService.java:345) [ratis-grpc-0.4.0.jar:0.4.0]
	at org.apache.ratis.grpc.client.GrpcClientProtocolService$RequestStreamObserver.onNext(GrpcClientProtocolService.java:240) [ratis-grpc-0.4.0.jar:0.4.0]
	at org.apache.ratis.grpc.client.GrpcClientProtocolService$RequestStreamObserver.onNext(GrpcClientProtocolService.java:168) [ratis-grpc-0.4.0.jar:0.4.0]
	at org.apache.ratis.thirdparty.io.grpc.stub.ServerCalls$StreamingServerCallHandler$StreamingServerCallListener.onMessage(ServerCalls.java:248) [ratis-thirdparty-misc-0.2.0.jar:0.2.0]
	at org.apache.ratis.thirdparty.io.grpc.internal.ServerCallImpl$ServerStreamListenerImpl.messagesAvailable(ServerCallImpl.java:263) [ratis-thirdparty-misc-0.2.0.jar:0.2.0]
	at org.apache.ratis.thirdparty.io.grpc.internal.ServerImpl$JumpToApplicationThreadServerStreamListener$1MessagesAvailable.runInContext(ServerImpl.java:686) [ratis-thirdparty-misc-0.2.0.jar:0.2.0]
	at org.apache.ratis.thirdparty.io.grpc.internal.ContextRunnable.run(ContextRunnable.java:37) [ratis-thirdparty-misc-0.2.0.jar:0.2.0]
	at org.apache.ratis.thirdparty.io.grpc.internal.SerializingExecutor.run(SerializingExecutor.java:123) [ratis-thirdparty-misc-0.2.0.jar:0.2.0]
	at java.util.concurrent.ThreadPoolExecutor.runWorker(ThreadPoolExecutor.java:1149) [?:1.8.0_212]
	at java.util.concurrent.ThreadPoolExecutor$Worker.run(ThreadPoolExecutor.java:624) [?:1.8.0_212]
	at java.lang.Thread.run(Thread.java:748) [?:1.8.0_212]
20:07:35.091 [grpc-default-executor-5] ERROR DNAudit - user=null | ip=null | op=PUT_BLOCK {blockData=[blockId=conID: 1 locID: 102894589336289293 bcsId: 0,size=650]} | ret=FAILURE
org.apache.hadoop.hdds.scm.container.common.helpers.ContainerNotOpenException: Container 1 in CLOSING state
	at org.apache.hadoop.ozone.container.common.impl.HddsDispatcher.validateContainerCommand(HddsDispatcher.java:434) ~[hadoop-hdds-container-service-0.5.0-SNAPSHOT.jar:?]
	at org.apache.hadoop.ozone.container.common.transport.server.ratis.ContainerStateMachine.startTransaction(ContainerStateMachine.java:315) ~[hadoop-hdds-container-service-0.5.0-SNAPSHOT.jar:?]
	at org.apache.ratis.server.impl.RaftServerImpl.submitClientRequestAsync(RaftServerImpl.java:573) ~[ratis-server-0.4.0.jar:0.4.0]
	at org.apache.ratis.server.impl.RaftServerProxy.lambda$submitClientRequestAsync$7(RaftServerProxy.java:333) ~[ratis-server-0.4.0.jar:0.4.0]
	at org.apache.ratis.server.impl.RaftServerProxy.lambda$null$5(RaftServerProxy.java:328) ~[ratis-server-0.4.0.jar:0.4.0]
	at org.apache.ratis.util.JavaUtils.callAsUnchecked(JavaUtils.java:109) ~[ratis-common-0.4.0.jar:0.4.0]
	at org.apache.ratis.server.impl.RaftServerProxy.lambda$submitRequest$6(RaftServerProxy.java:328) ~[ratis-server-0.4.0.jar:0.4.0]
	at java.util.concurrent.CompletableFuture.uniComposeStage(CompletableFuture.java:981) ~[?:1.8.0_212]
	at java.util.concurrent.CompletableFuture.thenCompose(CompletableFuture.java:2124) ~[?:1.8.0_212]
	at org.apache.ratis.server.impl.RaftServerProxy.submitRequest(RaftServerProxy.java:327) ~[ratis-server-0.4.0.jar:0.4.0]
	at org.apache.ratis.server.impl.RaftServerProxy.submitClientRequestAsync(RaftServerProxy.java:333) ~[ratis-server-0.4.0.jar:0.4.0]
	at org.apache.ratis.grpc.client.GrpcClientProtocolService$RequestStreamObserver.processClientRequest(GrpcClientProtocolService.java:220) ~[ratis-grpc-0.4.0.jar:0.4.0]
	at org.apache.ratis.grpc.client.GrpcClientProtocolService$OrderedRequestStreamObserver.processClientRequest(GrpcClientProtocolService.java:326) ~[ratis-grpc-0.4.0.jar:0.4.0]
	at org.apache.ratis.util.SlidingWindow$Server.processRequestsFromHead(SlidingWindow.java:429) [ratis-common-0.4.0.jar:0.4.0]
	at org.apache.ratis.util.SlidingWindow$Server.receivedRequest(SlidingWindow.java:421) [ratis-common-0.4.0.jar:0.4.0]
	at org.apache.ratis.grpc.client.GrpcClientProtocolService$OrderedRequestStreamObserver.processClientRequest(GrpcClientProtocolService.java:345) [ratis-grpc-0.4.0.jar:0.4.0]
	at org.apache.ratis.grpc.client.GrpcClientProtocolService$RequestStreamObserver.onNext(GrpcClientProtocolService.java:240) [ratis-grpc-0.4.0.jar:0.4.0]
	at org.apache.ratis.grpc.client.GrpcClientProtocolService$RequestStreamObserver.onNext(GrpcClientProtocolService.java:168) [ratis-grpc-0.4.0.jar:0.4.0]
	at org.apache.ratis.thirdparty.io.grpc.stub.ServerCalls$StreamingServerCallHandler$StreamingServerCallListener.onMessage(ServerCalls.java:248) [ratis-thirdparty-misc-0.2.0.jar:0.2.0]
	at org.apache.ratis.thirdparty.io.grpc.internal.ServerCallImpl$ServerStreamListenerImpl.messagesAvailable(ServerCallImpl.java:263) [ratis-thirdparty-misc-0.2.0.jar:0.2.0]
	at org.apache.ratis.thirdparty.io.grpc.internal.ServerImpl$JumpToApplicationThreadServerStreamListener$1MessagesAvailable.runInContext(ServerImpl.java:686) [ratis-thirdparty-misc-0.2.0.jar:0.2.0]
	at org.apache.ratis.thirdparty.io.grpc.internal.ContextRunnable.run(ContextRunnable.java:37) [ratis-thirdparty-misc-0.2.0.jar:0.2.0]
	at org.apache.ratis.thirdparty.io.grpc.internal.SerializingExecutor.run(SerializingExecutor.java:123) [ratis-thirdparty-misc-0.2.0.jar:0.2.0]
	at java.util.concurrent.ThreadPoolExecutor.runWorker(ThreadPoolExecutor.java:1149) [?:1.8.0_212]
	at java.util.concurrent.ThreadPoolExecutor$Worker.run(ThreadPoolExecutor.java:624) [?:1.8.0_212]
	at java.lang.Thread.run(Thread.java:748) [?:1.8.0_212]
20:07:35.105 [grpc-default-executor-5] ERROR DNAudit - user=null | ip=null | op=WRITE_CHUNK {blockData=conID: 1 locID: 102894589336289293 bcsId: 14} | ret=FAILURE
org.apache.hadoop.hdds.scm.container.common.helpers.ContainerNotOpenException: Container 1 in CLOSING state
	at org.apache.hadoop.ozone.container.common.impl.HddsDispatcher.validateContainerCommand(HddsDispatcher.java:434) ~[hadoop-hdds-container-service-0.5.0-SNAPSHOT.jar:?]
	at org.apache.hadoop.ozone.container.common.transport.server.ratis.ContainerStateMachine.startTransaction(ContainerStateMachine.java:315) ~[hadoop-hdds-container-service-0.5.0-SNAPSHOT.jar:?]
	at org.apache.ratis.server.impl.RaftServerImpl.submitClientRequestAsync(RaftServerImpl.java:573) ~[ratis-server-0.4.0.jar:0.4.0]
	at org.apache.ratis.server.impl.RaftServerProxy.lambda$submitClientRequestAsync$7(RaftServerProxy.java:333) ~[ratis-server-0.4.0.jar:0.4.0]
	at org.apache.ratis.server.impl.RaftServerProxy.lambda$null$5(RaftServerProxy.java:328) ~[ratis-server-0.4.0.jar:0.4.0]
	at org.apache.ratis.util.JavaUtils.callAsUnchecked(JavaUtils.java:109) ~[ratis-common-0.4.0.jar:0.4.0]
	at org.apache.ratis.server.impl.RaftServerProxy.lambda$submitRequest$6(RaftServerProxy.java:328) ~[ratis-server-0.4.0.jar:0.4.0]
	at java.util.concurrent.CompletableFuture.uniComposeStage(CompletableFuture.java:981) ~[?:1.8.0_212]
	at java.util.concurrent.CompletableFuture.thenCompose(CompletableFuture.java:2124) ~[?:1.8.0_212]
	at org.apache.ratis.server.impl.RaftServerProxy.submitRequest(RaftServerProxy.java:327) ~[ratis-server-0.4.0.jar:0.4.0]
	at org.apache.ratis.server.impl.RaftServerProxy.submitClientRequestAsync(RaftServerProxy.java:333) ~[ratis-server-0.4.0.jar:0.4.0]
	at org.apache.ratis.grpc.client.GrpcClientProtocolService$RequestStreamObserver.processClientRequest(GrpcClientProtocolService.java:220) ~[ratis-grpc-0.4.0.jar:0.4.0]
	at org.apache.ratis.grpc.client.GrpcClientProtocolService$OrderedRequestStreamObserver.processClientRequest(GrpcClientProtocolService.java:326) ~[ratis-grpc-0.4.0.jar:0.4.0]
	at org.apache.ratis.util.SlidingWindow$Server.processRequestsFromHead(SlidingWindow.java:429) [ratis-common-0.4.0.jar:0.4.0]
	at org.apache.ratis.util.SlidingWindow$Server.receivedRequest(SlidingWindow.java:421) [ratis-common-0.4.0.jar:0.4.0]
	at org.apache.ratis.grpc.client.GrpcClientProtocolService$OrderedRequestStreamObserver.processClientRequest(GrpcClientProtocolService.java:345) [ratis-grpc-0.4.0.jar:0.4.0]
	at org.apache.ratis.grpc.client.GrpcClientProtocolService$RequestStreamObserver.onNext(GrpcClientProtocolService.java:240) [ratis-grpc-0.4.0.jar:0.4.0]
	at org.apache.ratis.grpc.client.GrpcClientProtocolService$RequestStreamObserver.onNext(GrpcClientProtocolService.java:168) [ratis-grpc-0.4.0.jar:0.4.0]
	at org.apache.ratis.thirdparty.io.grpc.stub.ServerCalls$StreamingServerCallHandler$StreamingServerCallListener.onMessage(ServerCalls.java:248) [ratis-thirdparty-misc-0.2.0.jar:0.2.0]
	at org.apache.ratis.thirdparty.io.grpc.internal.ServerCallImpl$ServerStreamListenerImpl.messagesAvailable(ServerCallImpl.java:263) [ratis-thirdparty-misc-0.2.0.jar:0.2.0]
	at org.apache.ratis.thirdparty.io.grpc.internal.ServerImpl$JumpToApplicationThreadServerStreamListener$1MessagesAvailable.runInContext(ServerImpl.java:686) [ratis-thirdparty-misc-0.2.0.jar:0.2.0]
	at org.apache.ratis.thirdparty.io.grpc.internal.ContextRunnable.run(ContextRunnable.java:37) [ratis-thirdparty-misc-0.2.0.jar:0.2.0]
	at org.apache.ratis.thirdparty.io.grpc.internal.SerializingExecutor.run(SerializingExecutor.java:123) [ratis-thirdparty-misc-0.2.0.jar:0.2.0]
	at java.util.concurrent.ThreadPoolExecutor.runWorker(ThreadPoolExecutor.java:1149) [?:1.8.0_212]
	at java.util.concurrent.ThreadPoolExecutor$Worker.run(ThreadPoolExecutor.java:624) [?:1.8.0_212]
	at java.lang.Thread.run(Thread.java:748) [?:1.8.0_212]
20:07:35.106 [grpc-default-executor-5] ERROR DNAudit - user=null | ip=null | op=WRITE_CHUNK {blockData=conID: 1 locID: 102894589336289293 bcsId: 14} | ret=FAILURE
org.apache.hadoop.hdds.scm.container.common.helpers.ContainerNotOpenException: Container 1 in CLOSING state
	at org.apache.hadoop.ozone.container.common.impl.HddsDispatcher.validateContainerCommand(HddsDispatcher.java:434) ~[hadoop-hdds-container-service-0.5.0-SNAPSHOT.jar:?]
	at org.apache.hadoop.ozone.container.common.transport.server.ratis.ContainerStateMachine.startTransaction(ContainerStateMachine.java:315) ~[hadoop-hdds-container-service-0.5.0-SNAPSHOT.jar:?]
	at org.apache.ratis.server.impl.RaftServerImpl.submitClientRequestAsync(RaftServerImpl.java:573) ~[ratis-server-0.4.0.jar:0.4.0]
	at org.apache.ratis.server.impl.RaftServerProxy.lambda$submitClientRequestAsync$7(RaftServerProxy.java:333) ~[ratis-server-0.4.0.jar:0.4.0]
	at org.apache.ratis.server.impl.RaftServerProxy.lambda$null$5(RaftServerProxy.java:328) ~[ratis-server-0.4.0.jar:0.4.0]
	at org.apache.ratis.util.JavaUtils.callAsUnchecked(JavaUtils.java:109) ~[ratis-common-0.4.0.jar:0.4.0]
	at org.apache.ratis.server.impl.RaftServerProxy.lambda$submitRequest$6(RaftServerProxy.java:328) ~[ratis-server-0.4.0.jar:0.4.0]
	at java.util.concurrent.CompletableFuture.uniComposeStage(CompletableFuture.java:981) ~[?:1.8.0_212]
	at java.util.concurrent.CompletableFuture.thenCompose(CompletableFuture.java:2124) ~[?:1.8.0_212]
	at org.apache.ratis.server.impl.RaftServerProxy.submitRequest(RaftServerProxy.java:327) ~[ratis-server-0.4.0.jar:0.4.0]
	at org.apache.ratis.server.impl.RaftServerProxy.submitClientRequestAsync(RaftServerProxy.java:333) ~[ratis-server-0.4.0.jar:0.4.0]
	at org.apache.ratis.grpc.client.GrpcClientProtocolService$RequestStreamObserver.processClientRequest(GrpcClientProtocolService.java:220) ~[ratis-grpc-0.4.0.jar:0.4.0]
	at org.apache.ratis.grpc.client.GrpcClientProtocolService$OrderedRequestStreamObserver.processClientRequest(GrpcClientProtocolService.java:326) ~[ratis-grpc-0.4.0.jar:0.4.0]
	at org.apache.ratis.util.SlidingWindow$Server.processRequestsFromHead(SlidingWindow.java:429) [ratis-common-0.4.0.jar:0.4.0]
	at org.apache.ratis.util.SlidingWindow$Server.receivedRequest(SlidingWindow.java:421) [ratis-common-0.4.0.jar:0.4.0]
	at org.apache.ratis.grpc.client.GrpcClientProtocolService$OrderedRequestStreamObserver.processClientRequest(GrpcClientProtocolService.java:345) [ratis-grpc-0.4.0.jar:0.4.0]
	at org.apache.ratis.grpc.client.GrpcClientProtocolService$RequestStreamObserver.onNext(GrpcClientProtocolService.java:240) [ratis-grpc-0.4.0.jar:0.4.0]
	at org.apache.ratis.grpc.client.GrpcClientProtocolService$RequestStreamObserver.onNext(GrpcClientProtocolService.java:168) [ratis-grpc-0.4.0.jar:0.4.0]
	at org.apache.ratis.thirdparty.io.grpc.stub.ServerCalls$StreamingServerCallHandler$StreamingServerCallListener.onMessage(ServerCalls.java:248) [ratis-thirdparty-misc-0.2.0.jar:0.2.0]
	at org.apache.ratis.thirdparty.io.grpc.internal.ServerCallImpl$ServerStreamListenerImpl.messagesAvailable(ServerCallImpl.java:263) [ratis-thirdparty-misc-0.2.0.jar:0.2.0]
	at org.apache.ratis.thirdparty.io.grpc.internal.ServerImpl$JumpToApplicationThreadServerStreamListener$1MessagesAvailable.runInContext(ServerImpl.java:686) [ratis-thirdparty-misc-0.2.0.jar:0.2.0]
	at org.apache.ratis.thirdparty.io.grpc.internal.ContextRunnable.run(ContextRunnable.java:37) [ratis-thirdparty-misc-0.2.0.jar:0.2.0]
	at org.apache.ratis.thirdparty.io.grpc.internal.SerializingExecutor.run(SerializingExecutor.java:123) [ratis-thirdparty-misc-0.2.0.jar:0.2.0]
	at java.util.concurrent.ThreadPoolExecutor.runWorker(ThreadPoolExecutor.java:1149) [?:1.8.0_212]
	at java.util.concurrent.ThreadPoolExecutor$Worker.run(ThreadPoolExecutor.java:624) [?:1.8.0_212]
	at java.lang.Thread.run(Thread.java:748) [?:1.8.0_212]
20:07:35.116 [grpc-default-executor-5] ERROR DNAudit - user=null | ip=null | op=PUT_BLOCK {blockData=[blockId=conID: 1 locID: 102894589336289293 bcsId: 0,size=800]} | ret=FAILURE
org.apache.hadoop.hdds.scm.container.common.helpers.ContainerNotOpenException: Container 1 in CLOSING state
	at org.apache.hadoop.ozone.container.common.impl.HddsDispatcher.validateContainerCommand(HddsDispatcher.java:434) ~[hadoop-hdds-container-service-0.5.0-SNAPSHOT.jar:?]
	at org.apache.hadoop.ozone.container.common.transport.server.ratis.ContainerStateMachine.startTransaction(ContainerStateMachine.java:315) ~[hadoop-hdds-container-service-0.5.0-SNAPSHOT.jar:?]
	at org.apache.ratis.server.impl.RaftServerImpl.submitClientRequestAsync(RaftServerImpl.java:573) ~[ratis-server-0.4.0.jar:0.4.0]
	at org.apache.ratis.server.impl.RaftServerProxy.lambda$submitClientRequestAsync$7(RaftServerProxy.java:333) ~[ratis-server-0.4.0.jar:0.4.0]
	at org.apache.ratis.server.impl.RaftServerProxy.lambda$null$5(RaftServerProxy.java:328) ~[ratis-server-0.4.0.jar:0.4.0]
	at org.apache.ratis.util.JavaUtils.callAsUnchecked(JavaUtils.java:109) ~[ratis-common-0.4.0.jar:0.4.0]
	at org.apache.ratis.server.impl.RaftServerProxy.lambda$submitRequest$6(RaftServerProxy.java:328) ~[ratis-server-0.4.0.jar:0.4.0]
	at java.util.concurrent.CompletableFuture.uniComposeStage(CompletableFuture.java:981) ~[?:1.8.0_212]
	at java.util.concurrent.CompletableFuture.thenCompose(CompletableFuture.java:2124) ~[?:1.8.0_212]
	at org.apache.ratis.server.impl.RaftServerProxy.submitRequest(RaftServerProxy.java:327) ~[ratis-server-0.4.0.jar:0.4.0]
	at org.apache.ratis.server.impl.RaftServerProxy.submitClientRequestAsync(RaftServerProxy.java:333) ~[ratis-server-0.4.0.jar:0.4.0]
	at org.apache.ratis.grpc.client.GrpcClientProtocolService$RequestStreamObserver.processClientRequest(GrpcClientProtocolService.java:220) ~[ratis-grpc-0.4.0.jar:0.4.0]
	at org.apache.ratis.grpc.client.GrpcClientProtocolService$OrderedRequestStreamObserver.processClientRequest(GrpcClientProtocolService.java:326) ~[ratis-grpc-0.4.0.jar:0.4.0]
	at org.apache.ratis.util.SlidingWindow$Server.processRequestsFromHead(SlidingWindow.java:429) [ratis-common-0.4.0.jar:0.4.0]
	at org.apache.ratis.util.SlidingWindow$Server.receivedRequest(SlidingWindow.java:421) [ratis-common-0.4.0.jar:0.4.0]
	at org.apache.ratis.grpc.client.GrpcClientProtocolService$OrderedRequestStreamObserver.processClientRequest(GrpcClientProtocolService.java:345) [ratis-grpc-0.4.0.jar:0.4.0]
	at org.apache.ratis.grpc.client.GrpcClientProtocolService$RequestStreamObserver.onNext(GrpcClientProtocolService.java:240) [ratis-grpc-0.4.0.jar:0.4.0]
	at org.apache.ratis.grpc.client.GrpcClientProtocolService$RequestStreamObserver.onNext(GrpcClientProtocolService.java:168) [ratis-grpc-0.4.0.jar:0.4.0]
	at org.apache.ratis.thirdparty.io.grpc.stub.ServerCalls$StreamingServerCallHandler$StreamingServerCallListener.onMessage(ServerCalls.java:248) [ratis-thirdparty-misc-0.2.0.jar:0.2.0]
	at org.apache.ratis.thirdparty.io.grpc.internal.ServerCallImpl$ServerStreamListenerImpl.messagesAvailable(ServerCallImpl.java:263) [ratis-thirdparty-misc-0.2.0.jar:0.2.0]
	at org.apache.ratis.thirdparty.io.grpc.internal.ServerImpl$JumpToApplicationThreadServerStreamListener$1MessagesAvailable.runInContext(ServerImpl.java:686) [ratis-thirdparty-misc-0.2.0.jar:0.2.0]
	at org.apache.ratis.thirdparty.io.grpc.internal.ContextRunnable.run(ContextRunnable.java:37) [ratis-thirdparty-misc-0.2.0.jar:0.2.0]
	at org.apache.ratis.thirdparty.io.grpc.internal.SerializingExecutor.run(SerializingExecutor.java:123) [ratis-thirdparty-misc-0.2.0.jar:0.2.0]
	at java.util.concurrent.ThreadPoolExecutor.runWorker(ThreadPoolExecutor.java:1149) [?:1.8.0_212]
	at java.util.concurrent.ThreadPoolExecutor$Worker.run(ThreadPoolExecutor.java:624) [?:1.8.0_212]
	at java.lang.Thread.run(Thread.java:748) [?:1.8.0_212]
2019-10-02 20:07:35,449 [main] INFO  ozone.MiniOzoneClusterImpl (MiniOzoneClusterImpl.java:shutdown(314)) - Shutting down the Mini Ozone Cluster
2019-10-02 20:07:35,449 [main] INFO  ozone.MiniOzoneClusterImpl (MiniOzoneClusterImpl.java:stop(330)) - Stopping the Mini Ozone Cluster
2019-10-02 20:07:35,450 [main] INFO  ozone.MiniOzoneClusterImpl (MiniOzoneClusterImpl.java:stopOM(400)) - Stopping the OzoneManager
2019-10-02 20:07:35,450 [main] INFO  ipc.Server (Server.java:stop(3082)) - Stopping server on 33329
2019-10-02 20:07:35,468 [IPC Server listener on 33329] INFO  ipc.Server (Server.java:run(1185)) - Stopping IPC Server listener on 33329
2019-10-02 20:07:35,476 [main] INFO  ratis.OzoneManagerDoubleBuffer (OzoneManagerDoubleBuffer.java:stop(248)) - Stopping OMDoubleBuffer flush thread
2019-10-02 20:07:35,476 [OMDoubleBufferFlushThread] INFO  ratis.OzoneManagerDoubleBuffer (OzoneManagerDoubleBuffer.java:flushTransactions(191)) - OMDoubleBuffer flush thread OMDoubleBufferFlushThread is interrupted and will exit. OMDoubleBufferFlushThread
2019-10-02 20:07:35,479 [IPC Server Responder] INFO  ipc.Server (Server.java:run(1319)) - Stopping IPC Server Responder
2019-10-02 20:07:35,479 [main] INFO  utils.BackgroundService (BackgroundService.java:shutdown(148)) - Shutting down service KeyDeletingService
2019-10-02 20:07:35,480 [main] INFO  handler.ContextHandler (ContextHandler.java:doStop(910)) - Stopped o.e.j.w.WebAppContext@3487442d{/,null,UNAVAILABLE}{/ozoneManager}
2019-10-02 20:07:35,481 [main] INFO  server.AbstractConnector (AbstractConnector.java:doStop(318)) - Stopped ServerConnector@530ee28b{HTTP/1.1,[http/1.1]}{0.0.0.0:0}
2019-10-02 20:07:35,481 [main] INFO  handler.ContextHandler (ContextHandler.java:doStop(910)) - Stopped o.e.j.s.ServletContextHandler@5fb3111a{/static,file:///workdir/hadoop-ozone/integration-test/target/test-classes/webapps/static,UNAVAILABLE}
2019-10-02 20:07:35,481 [main] INFO  handler.ContextHandler (ContextHandler.java:doStop(910)) - Stopped o.e.j.s.ServletContextHandler@6f50d55c{/logs,file:///workdir/hadoop-ozone/integration-test/target/log,UNAVAILABLE}
2019-10-02 20:07:35,484 [main] INFO  ozone.MiniOzoneClusterImpl (MiniOzoneClusterImpl.java:stopDatanodes(377)) - Stopping the HddsDatanodes
2019-10-02 20:07:35,781 [Datanode State Machine Thread - 0] INFO  statemachine.DatanodeStateMachine (DatanodeStateMachine.java:lambda$startDaemon$0(350)) - Ozone container server started.
2019-10-02 20:07:36,259 [Datanode State Machine Thread - 0] INFO  statemachine.DatanodeStateMachine (DatanodeStateMachine.java:lambda$startDaemon$0(350)) - Ozone container server started.
2019-10-02 20:07:37,020 [grpc-default-executor-7] WARN  server.GrpcLogAppender (LogUtils.java:warn(134)) - d5d753b5-1d96-4433-bb9c-73d1f78854d0@group-5F2DF60E9BEC->81ff2deb-7157-4d8f-a4d5-aed058e9ab00-AppendLogResponseHandler: Failed appendEntries: org.apache.ratis.thirdparty.io.grpc.StatusRuntimeException: UNAVAILABLE: io exception
2019-10-02 20:07:37,020 [grpc-default-executor-7] INFO  impl.FollowerInfo (FollowerInfo.java:lambda$new$0(51)) - d5d753b5-1d96-4433-bb9c-73d1f78854d0@group-5F2DF60E9BEC->81ff2deb-7157-4d8f-a4d5-aed058e9ab00: nextIndex: updateUnconditionally 1 -> 0
2019-10-02 20:07:39,522 [grpc-default-executor-7] WARN  server.GrpcLogAppender (LogUtils.java:warn(134)) - d5d753b5-1d96-4433-bb9c-73d1f78854d0@group-5F2DF60E9BEC->81ff2deb-7157-4d8f-a4d5-aed058e9ab00-AppendLogResponseHandler: Failed appendEntries: org.apache.ratis.thirdparty.io.grpc.StatusRuntimeException: UNAVAILABLE: io exception
2019-10-02 20:07:39,524 [grpc-default-executor-7] INFO  impl.FollowerInfo (FollowerInfo.java:lambda$new$0(51)) - d5d753b5-1d96-4433-bb9c-73d1f78854d0@group-5F2DF60E9BEC->81ff2deb-7157-4d8f-a4d5-aed058e9ab00: nextIndex: updateUnconditionally 0 -> 0
2019-10-02 20:07:39,802 [EventQueue-StaleNodeForStaleNodeHandler] INFO  node.StaleNodeHandler (StaleNodeHandler.java:onMessage(58)) - Datanode 164a8da4-05a2-452c-b3c9-0e3107feaeed{ip: 192.168.151.67, host: pr-hdds-2198-qvzm8-602720389, networkLocation: /default-rack, certSerialId: null} moved to stale state. Finalizing its pipelines [PipelineID=688ffb22-88c0-4485-b074-c138dce23bf8, PipelineID=7963f78e-12ec-400c-822c-5f2df60e9bec]
2019-10-02 20:07:39,802 [EventQueue-StaleNodeForStaleNodeHandler] INFO  pipeline.SCMPipelineManager (SCMPipelineManager.java:finalizeAndDestroyPipeline(315)) - destroying pipeline:Pipeline[ Id: 688ffb22-88c0-4485-b074-c138dce23bf8, Nodes: 164a8da4-05a2-452c-b3c9-0e3107feaeed{ip: 192.168.151.67, host: pr-hdds-2198-qvzm8-602720389, networkLocation: /default-rack, certSerialId: null}, Type:RATIS, Factor:ONE, State:OPEN]
2019-10-02 20:07:39,802 [EventQueue-StaleNodeForStaleNodeHandler] INFO  pipeline.PipelineStateManager (PipelineStateManager.java:finalizePipeline(123)) - Pipeline Pipeline[ Id: 688ffb22-88c0-4485-b074-c138dce23bf8, Nodes: 164a8da4-05a2-452c-b3c9-0e3107feaeed{ip: 192.168.151.67, host: pr-hdds-2198-qvzm8-602720389, networkLocation: /default-rack, certSerialId: null}, Type:RATIS, Factor:ONE, State:CLOSED] moved to CLOSED state
2019-10-02 20:07:39,803 [EventQueue-StaleNodeForStaleNodeHandler] INFO  pipeline.SCMPipelineManager (SCMPipelineManager.java:finalizeAndDestroyPipeline(315)) - destroying pipeline:Pipeline[ Id: 7963f78e-12ec-400c-822c-5f2df60e9bec, Nodes: 81ff2deb-7157-4d8f-a4d5-aed058e9ab00{ip: 192.168.151.67, host: pr-hdds-2198-qvzm8-602720389, networkLocation: /default-rack, certSerialId: null}d5d753b5-1d96-4433-bb9c-73d1f78854d0{ip: 192.168.151.67, host: pr-hdds-2198-qvzm8-602720389, networkLocation: /default-rack, certSerialId: null}164a8da4-05a2-452c-b3c9-0e3107feaeed{ip: 192.168.151.67, host: pr-hdds-2198-qvzm8-602720389, networkLocation: /default-rack, certSerialId: null}, Type:RATIS, Factor:THREE, State:CLOSED]
2019-10-02 20:07:40,302 [EventQueue-StaleNodeForStaleNodeHandler] INFO  node.StaleNodeHandler (StaleNodeHandler.java:onMessage(58)) - Datanode 9b563795-2039-41be-9979-ae623f6b1773{ip: 192.168.151.67, host: pr-hdds-2198-qvzm8-602720389, networkLocation: /default-rack, certSerialId: null} moved to stale state. Finalizing its pipelines [PipelineID=420cdd75-6fa4-4f5f-921c-1d5c08a701d1, PipelineID=bee02ad8-047c-4b55-a1c0-14623ade0514]
2019-10-02 20:07:40,302 [EventQueue-StaleNodeForStaleNodeHandler] INFO  pipeline.SCMPipelineManager (SCMPipelineManager.java:finalizeAndDestroyPipeline(315)) - destroying pipeline:Pipeline[ Id: 420cdd75-6fa4-4f5f-921c-1d5c08a701d1, Nodes: 0ed46e5c-9531-4629-a01d-f4cb54996e4a{ip: 192.168.151.67, host: pr-hdds-2198-qvzm8-602720389, networkLocation: /default-rack, certSerialId: null}9b563795-2039-41be-9979-ae623f6b1773{ip: 192.168.151.67, host: pr-hdds-2198-qvzm8-602720389, networkLocation: /default-rack, certSerialId: null}3093ea04-1862-4b93-9aff-542485acd0d6{ip: 192.168.151.67, host: pr-hdds-2198-qvzm8-602720389, networkLocation: /default-rack, certSerialId: null}, Type:RATIS, Factor:THREE, State:OPEN]
2019-10-02 20:07:40,303 [EventQueue-StaleNodeForStaleNodeHandler] INFO  pipeline.PipelineStateManager (PipelineStateManager.java:finalizePipeline(123)) - Pipeline Pipeline[ Id: 420cdd75-6fa4-4f5f-921c-1d5c08a701d1, Nodes: 0ed46e5c-9531-4629-a01d-f4cb54996e4a{ip: 192.168.151.67, host: pr-hdds-2198-qvzm8-602720389, networkLocation: /default-rack, certSerialId: null}9b563795-2039-41be-9979-ae623f6b1773{ip: 192.168.151.67, host: pr-hdds-2198-qvzm8-602720389, networkLocation: /default-rack, certSerialId: null}3093ea04-1862-4b93-9aff-542485acd0d6{ip: 192.168.151.67, host: pr-hdds-2198-qvzm8-602720389, networkLocation: /default-rack, certSerialId: null}, Type:RATIS, Factor:THREE, State:CLOSED] moved to CLOSED state
2019-10-02 20:07:40,303 [EventQueue-CloseContainerForCloseContainerEventHandler] INFO  container.CloseContainerEventHandler (CloseContainerEventHandler.java:onMessage(61)) - Close container Event triggered for container : #2
2019-10-02 20:07:40,311 [EventQueue-StaleNodeForStaleNodeHandler] INFO  pipeline.SCMPipelineManager (SCMPipelineManager.java:finalizeAndDestroyPipeline(315)) - destroying pipeline:Pipeline[ Id: bee02ad8-047c-4b55-a1c0-14623ade0514, Nodes: 9b563795-2039-41be-9979-ae623f6b1773{ip: 192.168.151.67, host: pr-hdds-2198-qvzm8-602720389, networkLocation: /default-rack, certSerialId: null}, Type:RATIS, Factor:ONE, State:OPEN]
2019-10-02 20:07:40,314 [EventQueue-StaleNodeForStaleNodeHandler] INFO  pipeline.PipelineStateManager (PipelineStateManager.java:finalizePipeline(123)) - Pipeline Pipeline[ Id: bee02ad8-047c-4b55-a1c0-14623ade0514, Nodes: 9b563795-2039-41be-9979-ae623f6b1773{ip: 192.168.151.67, host: pr-hdds-2198-qvzm8-602720389, networkLocation: /default-rack, certSerialId: null}, Type:RATIS, Factor:ONE, State:CLOSED] moved to CLOSED state
2019-10-02 20:07:40,485 [main] INFO  ozoneimpl.OzoneContainer (OzoneContainer.java:stop(231)) - Attempting to stop container services.
2019-10-02 20:07:40,485 [ForkJoinPool.commonPool-worker-0] INFO  ozoneimpl.OzoneContainer (OzoneContainer.java:stop(231)) - Attempting to stop container services.
2019-10-02 20:07:40,485 [main] INFO  impl.RaftServerProxy (RaftServerProxy.java:lambda$close$4(314)) - 9b563795-2039-41be-9979-ae623f6b1773: close
2019-10-02 20:07:40,486 [ForkJoinPool.commonPool-worker-0] INFO  impl.RaftServerProxy (RaftServerProxy.java:lambda$close$4(314)) - 164a8da4-05a2-452c-b3c9-0e3107feaeed: close
2019-10-02 20:07:40,486 [main] INFO  impl.RaftServerImpl (RaftServerImpl.java:lambda$shutdown$3(251)) - 9b563795-2039-41be-9979-ae623f6b1773@group-1D5C08A701D1: shutdown
2019-10-02 20:07:40,486 [ForkJoinPool.commonPool-worker-0] INFO  impl.RaftServerImpl (RaftServerImpl.java:lambda$shutdown$3(251)) - 164a8da4-05a2-452c-b3c9-0e3107feaeed@group-C138DCE23BF8: shutdown
2019-10-02 20:07:40,486 [main] INFO  util.JmxRegister (JmxRegister.java:unregister(73)) - Successfully un-registered JMX Bean with object name Ratis:service=RaftServer,group=group-1D5C08A701D1,id=9b563795-2039-41be-9979-ae623f6b1773
2019-10-02 20:07:40,486 [ForkJoinPool.commonPool-worker-0] INFO  util.JmxRegister (JmxRegister.java:unregister(73)) - Successfully un-registered JMX Bean with object name Ratis:service=RaftServer,group=group-C138DCE23BF8,id=164a8da4-05a2-452c-b3c9-0e3107feaeed
2019-10-02 20:07:40,487 [main] INFO  impl.RoleInfo (RoleInfo.java:shutdownLeaderState(104)) - 9b563795-2039-41be-9979-ae623f6b1773: shutdown LeaderState
2019-10-02 20:07:40,487 [ForkJoinPool.commonPool-worker-0] INFO  impl.RoleInfo (RoleInfo.java:shutdownLeaderState(104)) - 164a8da4-05a2-452c-b3c9-0e3107feaeed: shutdown LeaderState
2019-10-02 20:07:40,492 [org.apache.ratis.server.impl.LogAppender$AppenderDaemon$$Lambda$503/1316170068@126a08c4] WARN  server.GrpcLogAppender (GrpcLogAppender.java:mayWait(143)) - 9b563795-2039-41be-9979-ae623f6b1773@group-1D5C08A701D1->0ed46e5c-9531-4629-a01d-f4cb54996e4a-GrpcLogAppender: Wait interrupted by java.lang.InterruptedException
2019-10-02 20:07:40,491 [main] INFO  impl.PendingRequests (PendingRequests.java:sendNotLeaderResponses(202)) - 9b563795-2039-41be-9979-ae623f6b1773-PendingRequests: sendNotLeaderResponses
2019-10-02 20:07:40,492 [grpc-default-executor-7] INFO  server.GrpcServerProtocolService (GrpcServerProtocolService.java:onCompleted(113)) - 0ed46e5c-9531-4629-a01d-f4cb54996e4a: Completed APPEND_ENTRIES, lastRequest: 9b563795-2039-41be-9979-ae623f6b1773->0ed46e5c-9531-4629-a01d-f4cb54996e4a#25-t1, previous=(t:1, i:16), leaderCommit=16, initializing? false, entries: <empty>
2019-10-02 20:07:40,491 [org.apache.ratis.server.impl.LogAppender$AppenderDaemon$$Lambda$503/1316170068@48992cab] WARN  server.GrpcLogAppender (GrpcLogAppender.java:mayWait(143)) - 9b563795-2039-41be-9979-ae623f6b1773@group-1D5C08A701D1->3093ea04-1862-4b93-9aff-542485acd0d6-GrpcLogAppender: Wait interrupted by java.lang.InterruptedException
2019-10-02 20:07:40,492 [ForkJoinPool.commonPool-worker-0] INFO  impl.PendingRequests (PendingRequests.java:sendNotLeaderResponses(202)) - 164a8da4-05a2-452c-b3c9-0e3107feaeed-PendingRequests: sendNotLeaderResponses
2019-10-02 20:07:40,496 [9b563795-2039-41be-9979-ae623f6b1773@group-1D5C08A701D1-StateMachineUpdater] INFO  ratis.ContainerStateMachine (ContainerStateMachine.java:takeSnapshot(289)) - group-1D5C08A701D1: Taking a snapshot at:(t:1, i:14) file /workdir/hadoop-ozone/integration-test/target/test-dir/MiniOzoneClusterImpl-11e04269-4a3b-41a8-a8d0-fcdf29918043/datanode-4/data/ratis/420cdd75-6fa4-4f5f-921c-1d5c08a701d1/sm/snapshot.1_14
2019-10-02 20:07:40,497 [grpc-default-executor-5] INFO  server.GrpcLogAppender (GrpcLogAppender.java:onCompleted(293)) - 9b563795-2039-41be-9979-ae623f6b1773@group-1D5C08A701D1->0ed46e5c-9531-4629-a01d-f4cb54996e4a-AppendLogResponseHandler: follower responses appendEntries COMPLETED
2019-10-02 20:07:40,496 [main] INFO  impl.StateMachineUpdater (StateMachineUpdater.java:stopAndJoin(125)) - 9b563795-2039-41be-9979-ae623f6b1773@group-1D5C08A701D1-StateMachineUpdater: set stopIndex = 16
2019-10-02 20:07:40,497 [grpc-default-executor-7] INFO  server.GrpcServerProtocolService (GrpcServerProtocolService.java:onCompleted(113)) - 3093ea04-1862-4b93-9aff-542485acd0d6: Completed APPEND_ENTRIES, lastRequest: 9b563795-2039-41be-9979-ae623f6b1773->3093ea04-1862-4b93-9aff-542485acd0d6#25-t1, previous=(t:1, i:16), leaderCommit=16, initializing? false, entries: <empty>
2019-10-02 20:07:40,496 [ForkJoinPool.commonPool-worker-0] INFO  impl.StateMachineUpdater (StateMachineUpdater.java:stopAndJoin(125)) - 164a8da4-05a2-452c-b3c9-0e3107feaeed@group-C138DCE23BF8-StateMachineUpdater: set stopIndex = 0
2019-10-02 20:07:40,497 [grpc-default-executor-5] INFO  impl.FollowerInfo (FollowerInfo.java:lambda$new$0(51)) - 9b563795-2039-41be-9979-ae623f6b1773@group-1D5C08A701D1->0ed46e5c-9531-4629-a01d-f4cb54996e4a: nextIndex: updateUnconditionally 17 -> 16
2019-10-02 20:07:40,498 [grpc-default-executor-8] INFO  server.GrpcLogAppender (GrpcLogAppender.java:onCompleted(293)) - 9b563795-2039-41be-9979-ae623f6b1773@group-1D5C08A701D1->3093ea04-1862-4b93-9aff-542485acd0d6-AppendLogResponseHandler: follower responses appendEntries COMPLETED
2019-10-02 20:07:40,498 [ForkJoinPool.commonPool-worker-0] INFO  impl.RaftServerImpl (ServerState.java:close(385)) - 164a8da4-05a2-452c-b3c9-0e3107feaeed@group-C138DCE23BF8: closes. applyIndex: 0
2019-10-02 20:07:40,498 [grpc-default-executor-8] INFO  impl.FollowerInfo (FollowerInfo.java:lambda$new$0(51)) - 9b563795-2039-41be-9979-ae623f6b1773@group-1D5C08A701D1->3093ea04-1862-4b93-9aff-542485acd0d6: nextIndex: updateUnconditionally 17 -> 16
2019-10-02 20:07:40,498 [164a8da4-05a2-452c-b3c9-0e3107feaeed@group-C138DCE23BF8-SegmentedRaftLogWorker] INFO  segmented.SegmentedRaftLogWorker (SegmentedRaftLogWorker.java:run(313)) - 164a8da4-05a2-452c-b3c9-0e3107feaeed@group-C138DCE23BF8-SegmentedRaftLogWorker was interrupted, exiting. There are 0 tasks remaining in the queue.
2019-10-02 20:07:40,508 [ForkJoinPool.commonPool-worker-0] INFO  segmented.SegmentedRaftLogWorker (SegmentedRaftLogWorker.java:close(228)) - 164a8da4-05a2-452c-b3c9-0e3107feaeed@group-C138DCE23BF8-SegmentedRaftLogWorker close()
2019-10-02 20:07:40,510 [9b563795-2039-41be-9979-ae623f6b1773@group-1D5C08A701D1-StateMachineUpdater] INFO  ratis.ContainerStateMachine (ContainerStateMachine.java:takeSnapshot(300)) - group-1D5C08A701D1: Finished taking a snapshot at:(t:1, i:14) file:/workdir/hadoop-ozone/integration-test/target/test-dir/MiniOzoneClusterImpl-11e04269-4a3b-41a8-a8d0-fcdf29918043/datanode-4/data/ratis/420cdd75-6fa4-4f5f-921c-1d5c08a701d1/sm/snapshot.1_14 time:14
2019-10-02 20:07:40,512 [ForkJoinPool.commonPool-worker-0] INFO  impl.RaftServerImpl (RaftServerImpl.java:lambda$shutdown$3(251)) - 164a8da4-05a2-452c-b3c9-0e3107feaeed@group-5F2DF60E9BEC: shutdown
2019-10-02 20:07:40,512 [9b563795-2039-41be-9979-ae623f6b1773@group-1D5C08A701D1-StateMachineUpdater] INFO  impl.StateMachineUpdater (StateMachineUpdater.java:takeSnapshot(258)) - 9b563795-2039-41be-9979-ae623f6b1773@group-1D5C08A701D1-StateMachineUpdater: Took a snapshot at index 14
2019-10-02 20:07:40,512 [ForkJoinPool.commonPool-worker-0] INFO  util.JmxRegister (JmxRegister.java:unregister(73)) - Successfully un-registered JMX Bean with object name Ratis:service=RaftServer,group=group-5F2DF60E9BEC,id=164a8da4-05a2-452c-b3c9-0e3107feaeed
2019-10-02 20:07:40,512 [9b563795-2039-41be-9979-ae623f6b1773@group-1D5C08A701D1-StateMachineUpdater] INFO  impl.StateMachineUpdater (StateMachineUpdater.java:lambda$new$0(83)) - 9b563795-2039-41be-9979-ae623f6b1773@group-1D5C08A701D1-StateMachineUpdater: snapshotIndex: updateIncreasingly -1 -> 14
2019-10-02 20:07:40,512 [ForkJoinPool.commonPool-worker-0] INFO  impl.RoleInfo (RoleInfo.java:shutdownFollowerState(121)) - 164a8da4-05a2-452c-b3c9-0e3107feaeed: shutdown FollowerState
2019-10-02 20:07:40,513 [9b563795-2039-41be-9979-ae623f6b1773@group-1D5C08A701D1-StateMachineUpdater] INFO  ratis.ContainerStateMachine (ContainerStateMachine.java:takeSnapshot(289)) - group-1D5C08A701D1: Taking a snapshot at:(t:1, i:14) file /workdir/hadoop-ozone/integration-test/target/test-dir/MiniOzoneClusterImpl-11e04269-4a3b-41a8-a8d0-fcdf29918043/datanode-4/data/ratis/420cdd75-6fa4-4f5f-921c-1d5c08a701d1/sm/snapshot.1_14
2019-10-02 20:07:40,513 [ForkJoinPool.commonPool-worker-0] INFO  impl.StateMachineUpdater (StateMachineUpdater.java:stopAndJoin(125)) - 164a8da4-05a2-452c-b3c9-0e3107feaeed@group-5F2DF60E9BEC-StateMachineUpdater: set stopIndex = 18
2019-10-02 20:07:40,513 [Thread-3275] INFO  impl.FollowerState (FollowerState.java:run(115)) - 164a8da4-05a2-452c-b3c9-0e3107feaeed: FollowerState was interrupted: java.lang.InterruptedException: sleep interrupted
2019-10-02 20:07:40,513 [164a8da4-05a2-452c-b3c9-0e3107feaeed@group-5F2DF60E9BEC-StateMachineUpdater] INFO  ratis.ContainerStateMachine (ContainerStateMachine.java:takeSnapshot(289)) - group-5F2DF60E9BEC: Taking a snapshot at:(t:1, i:14) file /workdir/hadoop-ozone/integration-test/target/test-dir/MiniOzoneClusterImpl-11e04269-4a3b-41a8-a8d0-fcdf29918043/datanode-1/data/ratis/7963f78e-12ec-400c-822c-5f2df60e9bec/sm/snapshot.1_14
2019-10-02 20:07:40,526 [164a8da4-05a2-452c-b3c9-0e3107feaeed@group-5F2DF60E9BEC-StateMachineUpdater] INFO  ratis.ContainerStateMachine (ContainerStateMachine.java:takeSnapshot(300)) - group-5F2DF60E9BEC: Finished taking a snapshot at:(t:1, i:14) file:/workdir/hadoop-ozone/integration-test/target/test-dir/MiniOzoneClusterImpl-11e04269-4a3b-41a8-a8d0-fcdf29918043/datanode-1/data/ratis/7963f78e-12ec-400c-822c-5f2df60e9bec/sm/snapshot.1_14 time:13
2019-10-02 20:07:40,526 [9b563795-2039-41be-9979-ae623f6b1773@group-1D5C08A701D1-StateMachineUpdater] INFO  ratis.ContainerStateMachine (ContainerStateMachine.java:takeSnapshot(300)) - group-1D5C08A701D1: Finished taking a snapshot at:(t:1, i:14) file:/workdir/hadoop-ozone/integration-test/target/test-dir/MiniOzoneClusterImpl-11e04269-4a3b-41a8-a8d0-fcdf29918043/datanode-4/data/ratis/420cdd75-6fa4-4f5f-921c-1d5c08a701d1/sm/snapshot.1_14 time:13
2019-10-02 20:07:40,526 [164a8da4-05a2-452c-b3c9-0e3107feaeed@group-5F2DF60E9BEC-StateMachineUpdater] INFO  impl.StateMachineUpdater (StateMachineUpdater.java:takeSnapshot(258)) - 164a8da4-05a2-452c-b3c9-0e3107feaeed@group-5F2DF60E9BEC-StateMachineUpdater: Took a snapshot at index 14
2019-10-02 20:07:40,526 [9b563795-2039-41be-9979-ae623f6b1773@group-1D5C08A701D1-StateMachineUpdater] INFO  impl.StateMachineUpdater (StateMachineUpdater.java:takeSnapshot(258)) - 9b563795-2039-41be-9979-ae623f6b1773@group-1D5C08A701D1-StateMachineUpdater: Took a snapshot at index 14
2019-10-02 20:07:40,526 [164a8da4-05a2-452c-b3c9-0e3107feaeed@group-5F2DF60E9BEC-StateMachineUpdater] INFO  impl.StateMachineUpdater (StateMachineUpdater.java:lambda$new$0(83)) - 164a8da4-05a2-452c-b3c9-0e3107feaeed@group-5F2DF60E9BEC-StateMachineUpdater: snapshotIndex: updateIncreasingly -1 -> 14
2019-10-02 20:07:40,527 [9b563795-2039-41be-9979-ae623f6b1773@group-1D5C08A701D1-StateMachineUpdater] INFO  impl.StateMachineUpdater (StateMachineUpdater.java:lambda$new$0(83)) - 9b563795-2039-41be-9979-ae623f6b1773@group-1D5C08A701D1-StateMachineUpdater: snapshotIndex: updateIncreasingly 14 -> 14
2019-10-02 20:07:40,527 [164a8da4-05a2-452c-b3c9-0e3107feaeed@group-5F2DF60E9BEC-StateMachineUpdater] INFO  ratis.ContainerStateMachine (ContainerStateMachine.java:takeSnapshot(289)) - group-5F2DF60E9BEC: Taking a snapshot at:(t:1, i:14) file /workdir/hadoop-ozone/integration-test/target/test-dir/MiniOzoneClusterImpl-11e04269-4a3b-41a8-a8d0-fcdf29918043/datanode-1/data/ratis/7963f78e-12ec-400c-822c-5f2df60e9bec/sm/snapshot.1_14
2019-10-02 20:07:40,527 [main] INFO  impl.RaftServerImpl (ServerState.java:close(385)) - 9b563795-2039-41be-9979-ae623f6b1773@group-1D5C08A701D1: closes. applyIndex: 16
2019-10-02 20:07:40,527 [9b563795-2039-41be-9979-ae623f6b1773@group-1D5C08A701D1-SegmentedRaftLogWorker] INFO  segmented.SegmentedRaftLogWorker (SegmentedRaftLogWorker.java:run(313)) - 9b563795-2039-41be-9979-ae623f6b1773@group-1D5C08A701D1-SegmentedRaftLogWorker was interrupted, exiting. There are 0 tasks remaining in the queue.
2019-10-02 20:07:40,529 [main] INFO  segmented.SegmentedRaftLogWorker (SegmentedRaftLogWorker.java:close(228)) - 9b563795-2039-41be-9979-ae623f6b1773@group-1D5C08A701D1-SegmentedRaftLogWorker close()
2019-10-02 20:07:40,533 [main] INFO  impl.RaftServerImpl (RaftServerImpl.java:lambda$shutdown$3(251)) - 9b563795-2039-41be-9979-ae623f6b1773@group-14623ADE0514: shutdown
2019-10-02 20:07:40,533 [main] INFO  util.JmxRegister (JmxRegister.java:unregister(73)) - Successfully un-registered JMX Bean with object name Ratis:service=RaftServer,group=group-14623ADE0514,id=9b563795-2039-41be-9979-ae623f6b1773
2019-10-02 20:07:40,533 [main] INFO  impl.RoleInfo (RoleInfo.java:shutdownLeaderState(104)) - 9b563795-2039-41be-9979-ae623f6b1773: shutdown LeaderState
2019-10-02 20:07:40,533 [main] INFO  impl.PendingRequests (PendingRequests.java:sendNotLeaderResponses(202)) - 9b563795-2039-41be-9979-ae623f6b1773-PendingRequests: sendNotLeaderResponses
2019-10-02 20:07:40,534 [main] INFO  impl.StateMachineUpdater (StateMachineUpdater.java:stopAndJoin(125)) - 9b563795-2039-41be-9979-ae623f6b1773@group-14623ADE0514-StateMachineUpdater: set stopIndex = 0
2019-10-02 20:07:40,534 [main] INFO  impl.RaftServerImpl (ServerState.java:close(385)) - 9b563795-2039-41be-9979-ae623f6b1773@group-14623ADE0514: closes. applyIndex: 0
2019-10-02 20:07:40,534 [9b563795-2039-41be-9979-ae623f6b1773@group-14623ADE0514-SegmentedRaftLogWorker] INFO  segmented.SegmentedRaftLogWorker (SegmentedRaftLogWorker.java:run(313)) - 9b563795-2039-41be-9979-ae623f6b1773@group-14623ADE0514-SegmentedRaftLogWorker was interrupted, exiting. There are 0 tasks remaining in the queue.
2019-10-02 20:07:40,536 [main] INFO  segmented.SegmentedRaftLogWorker (SegmentedRaftLogWorker.java:close(228)) - 9b563795-2039-41be-9979-ae623f6b1773@group-14623ADE0514-SegmentedRaftLogWorker close()
2019-10-02 20:07:40,540 [main] INFO  server.GrpcService (GrpcService.java:closeImpl(164)) - 9b563795-2039-41be-9979-ae623f6b1773: shutdown server with port 33880 now
2019-10-02 20:07:40,540 [164a8da4-05a2-452c-b3c9-0e3107feaeed@group-5F2DF60E9BEC-StateMachineUpdater] INFO  ratis.ContainerStateMachine (ContainerStateMachine.java:takeSnapshot(300)) - group-5F2DF60E9BEC: Finished taking a snapshot at:(t:1, i:14) file:/workdir/hadoop-ozone/integration-test/target/test-dir/MiniOzoneClusterImpl-11e04269-4a3b-41a8-a8d0-fcdf29918043/datanode-1/data/ratis/7963f78e-12ec-400c-822c-5f2df60e9bec/sm/snapshot.1_14 time:14
2019-10-02 20:07:40,540 [164a8da4-05a2-452c-b3c9-0e3107feaeed@group-5F2DF60E9BEC-StateMachineUpdater] INFO  impl.StateMachineUpdater (StateMachineUpdater.java:takeSnapshot(258)) - 164a8da4-05a2-452c-b3c9-0e3107feaeed@group-5F2DF60E9BEC-StateMachineUpdater: Took a snapshot at index 14
2019-10-02 20:07:40,540 [164a8da4-05a2-452c-b3c9-0e3107feaeed@group-5F2DF60E9BEC-StateMachineUpdater] INFO  impl.StateMachineUpdater (StateMachineUpdater.java:lambda$new$0(83)) - 164a8da4-05a2-452c-b3c9-0e3107feaeed@group-5F2DF60E9BEC-StateMachineUpdater: snapshotIndex: updateIncreasingly 14 -> 14
2019-10-02 20:07:40,540 [ForkJoinPool.commonPool-worker-0] INFO  impl.RaftServerImpl (ServerState.java:close(385)) - 164a8da4-05a2-452c-b3c9-0e3107feaeed@group-5F2DF60E9BEC: closes. applyIndex: 18
2019-10-02 20:07:40,541 [main] INFO  server.GrpcService (GrpcService.java:closeImpl(172)) - 9b563795-2039-41be-9979-ae623f6b1773: shutdown server with port 33880 successfully
2019-10-02 20:07:40,540 [grpc-default-executor-5] WARN  client.GrpcClientProtocolService (LogUtils.java:warn(134)) - 1-UnorderedRequestStreamObserver1: onError: org.apache.ratis.thirdparty.io.grpc.StatusRuntimeException: CANCELLED: cancelled before receiving half close
2019-10-02 20:07:40,541 [164a8da4-05a2-452c-b3c9-0e3107feaeed@group-5F2DF60E9BEC-SegmentedRaftLogWorker] INFO  segmented.SegmentedRaftLogWorker (SegmentedRaftLogWorker.java:run(313)) - 164a8da4-05a2-452c-b3c9-0e3107feaeed@group-5F2DF60E9BEC-SegmentedRaftLogWorker was interrupted, exiting. There are 0 tasks remaining in the queue.
2019-10-02 20:07:40,543 [ForkJoinPool.commonPool-worker-0] INFO  segmented.SegmentedRaftLogWorker (SegmentedRaftLogWorker.java:close(228)) - 164a8da4-05a2-452c-b3c9-0e3107feaeed@group-5F2DF60E9BEC-SegmentedRaftLogWorker close()
2019-10-02 20:07:40,546 [refreshUsed-/workdir/hadoop-ozone/integration-test/target/test-dir/MiniOzoneClusterImpl-11e04269-4a3b-41a8-a8d0-fcdf29918043/datanode-4/data/containers] WARN  fs.CachingGetSpaceUsed (CachingGetSpaceUsed.java:run(183)) - Thread Interrupted waiting to refresh disk information: sleep interrupted
2019-10-02 20:07:40,547 [ForkJoinPool.commonPool-worker-0] INFO  server.GrpcService (GrpcService.java:closeImpl(164)) - 164a8da4-05a2-452c-b3c9-0e3107feaeed: shutdown server with port 45180 now
2019-10-02 20:07:40,548 [grpc-default-executor-8] WARN  server.GrpcServerProtocolService (LogUtils.java:warn(134)) - 164a8da4-05a2-452c-b3c9-0e3107feaeed: installSnapshot onError, lastRequest: d5d753b5-1d96-4433-bb9c-73d1f78854d0->164a8da4-05a2-452c-b3c9-0e3107feaeed#4-t2, previous=(t:2, i:18), leaderCommit=18, initializing? false, entries: <empty>: org.apache.ratis.thirdparty.io.grpc.StatusRuntimeException: CANCELLED: cancelled before receiving half close
2019-10-02 20:07:40,548 [ForkJoinPool.commonPool-worker-0] INFO  server.GrpcService (GrpcService.java:closeImpl(172)) - 164a8da4-05a2-452c-b3c9-0e3107feaeed: shutdown server with port 45180 successfully
2019-10-02 20:07:40,548 [grpc-default-executor-7] WARN  server.GrpcLogAppender (LogUtils.java:warn(134)) - d5d753b5-1d96-4433-bb9c-73d1f78854d0@group-5F2DF60E9BEC->164a8da4-05a2-452c-b3c9-0e3107feaeed-AppendLogResponseHandler: Failed appendEntries: org.apache.ratis.thirdparty.io.grpc.StatusRuntimeException: CANCELLED: HTTP/2 error code: CANCEL
Received Rst Stream
2019-10-02 20:07:40,549 [grpc-default-executor-7] INFO  impl.FollowerInfo (FollowerInfo.java:lambda$new$0(51)) - d5d753b5-1d96-4433-bb9c-73d1f78854d0@group-5F2DF60E9BEC->164a8da4-05a2-452c-b3c9-0e3107feaeed: nextIndex: updateUnconditionally 19 -> 18
2019-10-02 20:07:40,553 [refreshUsed-/workdir/hadoop-ozone/integration-test/target/test-dir/MiniOzoneClusterImpl-11e04269-4a3b-41a8-a8d0-fcdf29918043/datanode-1/data/containers] WARN  fs.CachingGetSpaceUsed (CachingGetSpaceUsed.java:run(183)) - Thread Interrupted waiting to refresh disk information: sleep interrupted
2019-10-02 20:07:40,566 [main] INFO  utils.BackgroundService (BackgroundService.java:shutdown(148)) - Shutting down service BlockDeletingService
2019-10-02 20:07:40,571 [main] INFO  statemachine.DatanodeStateMachine (DatanodeStateMachine.java:stopDaemon(395)) - Ozone container server stopped.
2019-10-02 20:07:40,572 [main] INFO  handler.ContextHandler (ContextHandler.java:doStop(910)) - Stopped o.e.j.w.WebAppContext@7f22687e{/,null,UNAVAILABLE}{/hddsDatanode}
2019-10-02 20:07:40,573 [main] INFO  server.AbstractConnector (AbstractConnector.java:doStop(318)) - Stopped ServerConnector@6af87130{HTTP/1.1,[http/1.1]}{0.0.0.0:0}
2019-10-02 20:07:40,573 [main] INFO  handler.ContextHandler (ContextHandler.java:doStop(910)) - Stopped o.e.j.s.ServletContextHandler@3de79067{/static,jar:file:/home/user/.m2/repository/org/apache/hadoop/hadoop-hdds-container-service/0.5.0-SNAPSHOT/hadoop-hdds-container-service-0.5.0-SNAPSHOT.jar!/webapps/static,UNAVAILABLE}
2019-10-02 20:07:40,573 [main] INFO  handler.ContextHandler (ContextHandler.java:doStop(910)) - Stopped o.e.j.s.ServletContextHandler@9b367c8{/logs,file:///workdir/hadoop-ozone/integration-test/target/log,UNAVAILABLE}
2019-10-02 20:07:40,576 [ForkJoinPool.commonPool-worker-0] INFO  utils.BackgroundService (BackgroundService.java:shutdown(148)) - Shutting down service BlockDeletingService
2019-10-02 20:07:40,580 [ForkJoinPool.commonPool-worker-0] INFO  statemachine.DatanodeStateMachine (DatanodeStateMachine.java:stopDaemon(395)) - Ozone container server stopped.
2019-10-02 20:07:40,584 [ForkJoinPool.commonPool-worker-0] INFO  handler.ContextHandler (ContextHandler.java:doStop(910)) - Stopped o.e.j.w.WebAppContext@7f4a1cac{/,null,UNAVAILABLE}{/hddsDatanode}
2019-10-02 20:07:40,584 [ForkJoinPool.commonPool-worker-0] INFO  server.AbstractConnector (AbstractConnector.java:doStop(318)) - Stopped ServerConnector@4a1a412e{HTTP/1.1,[http/1.1]}{0.0.0.0:0}
2019-10-02 20:07:40,586 [ForkJoinPool.commonPool-worker-0] INFO  handler.ContextHandler (ContextHandler.java:doStop(910)) - Stopped o.e.j.s.ServletContextHandler@7b6141f0{/static,jar:file:/home/user/.m2/repository/org/apache/hadoop/hadoop-hdds-container-service/0.5.0-SNAPSHOT/hadoop-hdds-container-service-0.5.0-SNAPSHOT.jar!/webapps/static,UNAVAILABLE}
2019-10-02 20:07:40,587 [ForkJoinPool.commonPool-worker-0] INFO  handler.ContextHandler (ContextHandler.java:doStop(910)) - Stopped o.e.j.s.ServletContextHandler@497ed877{/logs,file:///workdir/hadoop-ozone/integration-test/target/log,UNAVAILABLE}
2019-10-02 20:07:40,780 [Datanode State Machine Thread - 0] INFO  statemachine.DatanodeStateMachine (DatanodeStateMachine.java:lambda$startDaemon$0(350)) - Ozone container server started.
2019-10-02 20:07:41,007 [Datanode State Machine Thread - 0] INFO  statemachine.DatanodeStateMachine (DatanodeStateMachine.java:lambda$startDaemon$0(350)) - Ozone container server started.
2019-10-02 20:07:42,022 [grpc-default-executor-8] WARN  server.GrpcLogAppender (LogUtils.java:warn(134)) - d5d753b5-1d96-4433-bb9c-73d1f78854d0@group-5F2DF60E9BEC->81ff2deb-7157-4d8f-a4d5-aed058e9ab00-AppendLogResponseHandler: Failed appendEntries: org.apache.ratis.thirdparty.io.grpc.StatusRuntimeException: UNAVAILABLE: io exception
2019-10-02 20:07:42,022 [grpc-default-executor-8] INFO  impl.FollowerInfo (FollowerInfo.java:lambda$new$0(51)) - d5d753b5-1d96-4433-bb9c-73d1f78854d0@group-5F2DF60E9BEC->81ff2deb-7157-4d8f-a4d5-aed058e9ab00: nextIndex: updateUnconditionally 0 -> 0
2019-10-02 20:07:42,023 [grpc-default-executor-5] WARN  server.GrpcLogAppender (LogUtils.java:warn(134)) - d5d753b5-1d96-4433-bb9c-73d1f78854d0@group-5F2DF60E9BEC->164a8da4-05a2-452c-b3c9-0e3107feaeed-AppendLogResponseHandler: Failed appendEntries: org.apache.ratis.thirdparty.io.grpc.StatusRuntimeException: UNAVAILABLE: io exception
2019-10-02 20:07:42,023 [grpc-default-executor-5] INFO  impl.FollowerInfo (FollowerInfo.java:lambda$new$0(51)) - d5d753b5-1d96-4433-bb9c-73d1f78854d0@group-5F2DF60E9BEC->164a8da4-05a2-452c-b3c9-0e3107feaeed: nextIndex: updateUnconditionally 18 -> 17
2019-10-02 20:07:44,527 [grpc-default-executor-5] WARN  server.GrpcLogAppender (LogUtils.java:warn(134)) - d5d753b5-1d96-4433-bb9c-73d1f78854d0@group-5F2DF60E9BEC->164a8da4-05a2-452c-b3c9-0e3107feaeed-AppendLogResponseHandler: Failed appendEntries: org.apache.ratis.thirdparty.io.grpc.StatusRuntimeException: UNAVAILABLE: io exception
2019-10-02 20:07:44,528 [grpc-default-executor-8] WARN  server.GrpcLogAppender (LogUtils.java:warn(134)) - d5d753b5-1d96-4433-bb9c-73d1f78854d0@group-5F2DF60E9BEC->81ff2deb-7157-4d8f-a4d5-aed058e9ab00-AppendLogResponseHandler: Failed appendEntries: org.apache.ratis.thirdparty.io.grpc.StatusRuntimeException: UNAVAILABLE: io exception
2019-10-02 20:07:44,528 [grpc-default-executor-8] INFO  impl.FollowerInfo (FollowerInfo.java:lambda$new$0(51)) - d5d753b5-1d96-4433-bb9c-73d1f78854d0@group-5F2DF60E9BEC->81ff2deb-7157-4d8f-a4d5-aed058e9ab00: nextIndex: updateUnconditionally 0 -> 0
2019-10-02 20:07:44,528 [grpc-default-executor-5] INFO  impl.FollowerInfo (FollowerInfo.java:lambda$new$0(51)) - d5d753b5-1d96-4433-bb9c-73d1f78854d0@group-5F2DF60E9BEC->164a8da4-05a2-452c-b3c9-0e3107feaeed: nextIndex: updateUnconditionally 17 -> 16
2019-10-02 20:07:44,807 [EventQueue-StaleNodeForStaleNodeHandler] INFO  node.StaleNodeHandler (StaleNodeHandler.java:onMessage(58)) - Datanode d5d753b5-1d96-4433-bb9c-73d1f78854d0{ip: 192.168.151.67, host: pr-hdds-2198-qvzm8-602720389, networkLocation: /default-rack, certSerialId: null} moved to stale state. Finalizing its pipelines [PipelineID=3e3b0df9-5ef5-4106-9a7d-07c1483132f8, PipelineID=7963f78e-12ec-400c-822c-5f2df60e9bec]
2019-10-02 20:07:44,808 [EventQueue-StaleNodeForStaleNodeHandler] INFO  pipeline.SCMPipelineManager (SCMPipelineManager.java:finalizeAndDestroyPipeline(315)) - destroying pipeline:Pipeline[ Id: 3e3b0df9-5ef5-4106-9a7d-07c1483132f8, Nodes: d5d753b5-1d96-4433-bb9c-73d1f78854d0{ip: 192.168.151.67, host: pr-hdds-2198-qvzm8-602720389, networkLocation: /default-rack, certSerialId: null}, Type:RATIS, Factor:ONE, State:OPEN]
2019-10-02 20:07:44,808 [EventQueue-StaleNodeForStaleNodeHandler] INFO  pipeline.PipelineStateManager (PipelineStateManager.java:finalizePipeline(123)) - Pipeline Pipeline[ Id: 3e3b0df9-5ef5-4106-9a7d-07c1483132f8, Nodes: d5d753b5-1d96-4433-bb9c-73d1f78854d0{ip: 192.168.151.67, host: pr-hdds-2198-qvzm8-602720389, networkLocation: /default-rack, certSerialId: null}, Type:RATIS, Factor:ONE, State:CLOSED] moved to CLOSED state
2019-10-02 20:07:44,808 [EventQueue-StaleNodeForStaleNodeHandler] INFO  pipeline.SCMPipelineManager (SCMPipelineManager.java:finalizeAndDestroyPipeline(315)) - destroying pipeline:Pipeline[ Id: 7963f78e-12ec-400c-822c-5f2df60e9bec, Nodes: 81ff2deb-7157-4d8f-a4d5-aed058e9ab00{ip: 192.168.151.67, host: pr-hdds-2198-qvzm8-602720389, networkLocation: /default-rack, certSerialId: null}d5d753b5-1d96-4433-bb9c-73d1f78854d0{ip: 192.168.151.67, host: pr-hdds-2198-qvzm8-602720389, networkLocation: /default-rack, certSerialId: null}164a8da4-05a2-452c-b3c9-0e3107feaeed{ip: 192.168.151.67, host: pr-hdds-2198-qvzm8-602720389, networkLocation: /default-rack, certSerialId: null}, Type:RATIS, Factor:THREE, State:CLOSED]
2019-10-02 20:07:45,107 [EventQueue-StaleNodeForStaleNodeHandler] INFO  node.StaleNodeHandler (StaleNodeHandler.java:onMessage(58)) - Datanode 44d4b517-3ddb-4fc1-bbf9-9c978f45f9af{ip: 192.168.151.67, host: pr-hdds-2198-qvzm8-602720389, networkLocation: /default-rack, certSerialId: null} moved to stale state. Finalizing its pipelines [PipelineID=cf971f71-4ba2-470e-bfdc-a3d24ea219ea]
2019-10-02 20:07:45,108 [EventQueue-StaleNodeForStaleNodeHandler] INFO  pipeline.SCMPipelineManager (SCMPipelineManager.java:finalizeAndDestroyPipeline(315)) - destroying pipeline:Pipeline[ Id: cf971f71-4ba2-470e-bfdc-a3d24ea219ea, Nodes: 44d4b517-3ddb-4fc1-bbf9-9c978f45f9af{ip: 192.168.151.67, host: pr-hdds-2198-qvzm8-602720389, networkLocation: /default-rack, certSerialId: null}, Type:RATIS, Factor:ONE, State:OPEN]
2019-10-02 20:07:45,108 [EventQueue-StaleNodeForStaleNodeHandler] INFO  pipeline.PipelineStateManager (PipelineStateManager.java:finalizePipeline(123)) - Pipeline Pipeline[ Id: cf971f71-4ba2-470e-bfdc-a3d24ea219ea, Nodes: 44d4b517-3ddb-4fc1-bbf9-9c978f45f9af{ip: 192.168.151.67, host: pr-hdds-2198-qvzm8-602720389, networkLocation: /default-rack, certSerialId: null}, Type:RATIS, Factor:ONE, State:CLOSED] moved to CLOSED state
2019-10-02 20:07:45,575 [main] INFO  ozoneimpl.OzoneContainer (OzoneContainer.java:stop(231)) - Attempting to stop container services.
2019-10-02 20:07:45,578 [main] INFO  impl.RaftServerProxy (RaftServerProxy.java:lambda$close$4(314)) - 44d4b517-3ddb-4fc1-bbf9-9c978f45f9af: close
2019-10-02 20:07:45,578 [main] INFO  impl.RaftServerImpl (RaftServerImpl.java:lambda$shutdown$3(251)) - 44d4b517-3ddb-4fc1-bbf9-9c978f45f9af@group-A3D24EA219EA: shutdown
2019-10-02 20:07:45,578 [main] INFO  util.JmxRegister (JmxRegister.java:unregister(73)) - Successfully un-registered JMX Bean with object name Ratis:service=RaftServer,group=group-A3D24EA219EA,id=44d4b517-3ddb-4fc1-bbf9-9c978f45f9af
2019-10-02 20:07:45,579 [main] INFO  impl.RoleInfo (RoleInfo.java:shutdownLeaderState(104)) - 44d4b517-3ddb-4fc1-bbf9-9c978f45f9af: shutdown LeaderState
2019-10-02 20:07:45,579 [main] INFO  impl.PendingRequests (PendingRequests.java:sendNotLeaderResponses(202)) - 44d4b517-3ddb-4fc1-bbf9-9c978f45f9af-PendingRequests: sendNotLeaderResponses
2019-10-02 20:07:45,579 [main] INFO  impl.StateMachineUpdater (StateMachineUpdater.java:stopAndJoin(125)) - 44d4b517-3ddb-4fc1-bbf9-9c978f45f9af@group-A3D24EA219EA-StateMachineUpdater: set stopIndex = 0
2019-10-02 20:07:45,580 [main] INFO  impl.RaftServerImpl (ServerState.java:close(385)) - 44d4b517-3ddb-4fc1-bbf9-9c978f45f9af@group-A3D24EA219EA: closes. applyIndex: 0
2019-10-02 20:07:45,580 [44d4b517-3ddb-4fc1-bbf9-9c978f45f9af@group-A3D24EA219EA-SegmentedRaftLogWorker] INFO  segmented.SegmentedRaftLogWorker (SegmentedRaftLogWorker.java:run(313)) - 44d4b517-3ddb-4fc1-bbf9-9c978f45f9af@group-A3D24EA219EA-SegmentedRaftLogWorker was interrupted, exiting. There are 0 tasks remaining in the queue.
2019-10-02 20:07:45,582 [main] INFO  segmented.SegmentedRaftLogWorker (SegmentedRaftLogWorker.java:close(228)) - 44d4b517-3ddb-4fc1-bbf9-9c978f45f9af@group-A3D24EA219EA-SegmentedRaftLogWorker close()
2019-10-02 20:07:45,585 [main] INFO  server.GrpcService (GrpcService.java:closeImpl(164)) - 44d4b517-3ddb-4fc1-bbf9-9c978f45f9af: shutdown server with port 43525 now
2019-10-02 20:07:45,594 [main] INFO  server.GrpcService (GrpcService.java:closeImpl(172)) - 44d4b517-3ddb-4fc1-bbf9-9c978f45f9af: shutdown server with port 43525 successfully
2019-10-02 20:07:45,594 [ForkJoinPool.commonPool-worker-0] INFO  ozoneimpl.OzoneContainer (OzoneContainer.java:stop(231)) - Attempting to stop container services.
2019-10-02 20:07:45,595 [ForkJoinPool.commonPool-worker-0] INFO  impl.RaftServerProxy (RaftServerProxy.java:lambda$close$4(314)) - d5d753b5-1d96-4433-bb9c-73d1f78854d0: close
2019-10-02 20:07:45,595 [ForkJoinPool.commonPool-worker-0] INFO  impl.RaftServerImpl (RaftServerImpl.java:lambda$shutdown$3(251)) - d5d753b5-1d96-4433-bb9c-73d1f78854d0@group-07C1483132F8: shutdown
2019-10-02 20:07:45,595 [ForkJoinPool.commonPool-worker-0] INFO  util.JmxRegister (JmxRegister.java:unregister(73)) - Successfully un-registered JMX Bean with object name Ratis:service=RaftServer,group=group-07C1483132F8,id=d5d753b5-1d96-4433-bb9c-73d1f78854d0
2019-10-02 20:07:45,595 [ForkJoinPool.commonPool-worker-0] INFO  impl.RoleInfo (RoleInfo.java:shutdownLeaderState(104)) - d5d753b5-1d96-4433-bb9c-73d1f78854d0: shutdown LeaderState
2019-10-02 20:07:45,596 [ForkJoinPool.commonPool-worker-0] INFO  impl.PendingRequests (PendingRequests.java:sendNotLeaderResponses(202)) - d5d753b5-1d96-4433-bb9c-73d1f78854d0-PendingRequests: sendNotLeaderResponses
2019-10-02 20:07:45,596 [ForkJoinPool.commonPool-worker-0] INFO  impl.StateMachineUpdater (StateMachineUpdater.java:stopAndJoin(125)) - d5d753b5-1d96-4433-bb9c-73d1f78854d0@group-07C1483132F8-StateMachineUpdater: set stopIndex = 0
2019-10-02 20:07:45,596 [refreshUsed-/workdir/hadoop-ozone/integration-test/target/test-dir/MiniOzoneClusterImpl-11e04269-4a3b-41a8-a8d0-fcdf29918043/datanode-3/data/containers] WARN  fs.CachingGetSpaceUsed (CachingGetSpaceUsed.java:run(183)) - Thread Interrupted waiting to refresh disk information: sleep interrupted
2019-10-02 20:07:45,596 [ForkJoinPool.commonPool-worker-0] INFO  impl.RaftServerImpl (ServerState.java:close(385)) - d5d753b5-1d96-4433-bb9c-73d1f78854d0@group-07C1483132F8: closes. applyIndex: 0
2019-10-02 20:07:45,597 [d5d753b5-1d96-4433-bb9c-73d1f78854d0@group-07C1483132F8-SegmentedRaftLogWorker] INFO  segmented.SegmentedRaftLogWorker (SegmentedRaftLogWorker.java:run(313)) - d5d753b5-1d96-4433-bb9c-73d1f78854d0@group-07C1483132F8-SegmentedRaftLogWorker was interrupted, exiting. There are 0 tasks remaining in the queue.
2019-10-02 20:07:45,599 [ForkJoinPool.commonPool-worker-0] INFO  segmented.SegmentedRaftLogWorker (SegmentedRaftLogWorker.java:close(228)) - d5d753b5-1d96-4433-bb9c-73d1f78854d0@group-07C1483132F8-SegmentedRaftLogWorker close()
2019-10-02 20:07:45,601 [ForkJoinPool.commonPool-worker-0] INFO  impl.RaftServerImpl (RaftServerImpl.java:lambda$shutdown$3(251)) - d5d753b5-1d96-4433-bb9c-73d1f78854d0@group-5F2DF60E9BEC: shutdown
2019-10-02 20:07:45,602 [ForkJoinPool.commonPool-worker-0] INFO  util.JmxRegister (JmxRegister.java:unregister(73)) - Successfully un-registered JMX Bean with object name Ratis:service=RaftServer,group=group-5F2DF60E9BEC,id=d5d753b5-1d96-4433-bb9c-73d1f78854d0
2019-10-02 20:07:45,602 [ForkJoinPool.commonPool-worker-0] INFO  impl.RoleInfo (RoleInfo.java:shutdownLeaderState(104)) - d5d753b5-1d96-4433-bb9c-73d1f78854d0: shutdown LeaderState
2019-10-02 20:07:45,605 [ForkJoinPool.commonPool-worker-0] INFO  impl.PendingRequests (PendingRequests.java:sendNotLeaderResponses(202)) - d5d753b5-1d96-4433-bb9c-73d1f78854d0-PendingRequests: sendNotLeaderResponses
2019-10-02 20:07:45,605 [org.apache.ratis.server.impl.LogAppender$AppenderDaemon$$Lambda$503/1316170068@ce18cb6] WARN  server.GrpcLogAppender (GrpcLogAppender.java:mayWait(143)) - d5d753b5-1d96-4433-bb9c-73d1f78854d0@group-5F2DF60E9BEC->164a8da4-05a2-452c-b3c9-0e3107feaeed-GrpcLogAppender: Wait interrupted by java.lang.InterruptedException
2019-10-02 20:07:45,605 [org.apache.ratis.server.impl.LogAppender$AppenderDaemon$$Lambda$503/1316170068@52a7d4fb] WARN  server.GrpcLogAppender (GrpcLogAppender.java:mayWait(143)) - d5d753b5-1d96-4433-bb9c-73d1f78854d0@group-5F2DF60E9BEC->81ff2deb-7157-4d8f-a4d5-aed058e9ab00-GrpcLogAppender: Wait interrupted by java.lang.InterruptedException
2019-10-02 20:07:45,608 [ForkJoinPool.commonPool-worker-0] INFO  impl.StateMachineUpdater (StateMachineUpdater.java:stopAndJoin(125)) - d5d753b5-1d96-4433-bb9c-73d1f78854d0@group-5F2DF60E9BEC-StateMachineUpdater: set stopIndex = 18
2019-10-02 20:07:45,608 [d5d753b5-1d96-4433-bb9c-73d1f78854d0@group-5F2DF60E9BEC-StateMachineUpdater] INFO  ratis.ContainerStateMachine (ContainerStateMachine.java:takeSnapshot(289)) - group-5F2DF60E9BEC: Taking a snapshot at:(t:1, i:14) file /workdir/hadoop-ozone/integration-test/target/test-dir/MiniOzoneClusterImpl-11e04269-4a3b-41a8-a8d0-fcdf29918043/datanode-0/data/ratis/7963f78e-12ec-400c-822c-5f2df60e9bec/sm/snapshot.1_14
2019-10-02 20:07:45,619 [main] INFO  utils.BackgroundService (BackgroundService.java:shutdown(148)) - Shutting down service BlockDeletingService
2019-10-02 20:07:45,622 [d5d753b5-1d96-4433-bb9c-73d1f78854d0@group-5F2DF60E9BEC-StateMachineUpdater] INFO  ratis.ContainerStateMachine (ContainerStateMachine.java:takeSnapshot(300)) - group-5F2DF60E9BEC: Finished taking a snapshot at:(t:1, i:14) file:/workdir/hadoop-ozone/integration-test/target/test-dir/MiniOzoneClusterImpl-11e04269-4a3b-41a8-a8d0-fcdf29918043/datanode-0/data/ratis/7963f78e-12ec-400c-822c-5f2df60e9bec/sm/snapshot.1_14 time:14
2019-10-02 20:07:45,624 [main] INFO  statemachine.DatanodeStateMachine (DatanodeStateMachine.java:stopDaemon(395)) - Ozone container server stopped.
2019-10-02 20:07:45,624 [d5d753b5-1d96-4433-bb9c-73d1f78854d0@group-5F2DF60E9BEC-StateMachineUpdater] INFO  impl.StateMachineUpdater (StateMachineUpdater.java:takeSnapshot(258)) - d5d753b5-1d96-4433-bb9c-73d1f78854d0@group-5F2DF60E9BEC-StateMachineUpdater: Took a snapshot at index 14
2019-10-02 20:07:45,624 [d5d753b5-1d96-4433-bb9c-73d1f78854d0@group-5F2DF60E9BEC-StateMachineUpdater] INFO  impl.StateMachineUpdater (StateMachineUpdater.java:lambda$new$0(83)) - d5d753b5-1d96-4433-bb9c-73d1f78854d0@group-5F2DF60E9BEC-StateMachineUpdater: snapshotIndex: updateIncreasingly -1 -> 14
2019-10-02 20:07:45,625 [d5d753b5-1d96-4433-bb9c-73d1f78854d0@group-5F2DF60E9BEC-StateMachineUpdater] INFO  ratis.ContainerStateMachine (ContainerStateMachine.java:takeSnapshot(289)) - group-5F2DF60E9BEC: Taking a snapshot at:(t:1, i:14) file /workdir/hadoop-ozone/integration-test/target/test-dir/MiniOzoneClusterImpl-11e04269-4a3b-41a8-a8d0-fcdf29918043/datanode-0/data/ratis/7963f78e-12ec-400c-822c-5f2df60e9bec/sm/snapshot.1_14
2019-10-02 20:07:45,625 [main] INFO  handler.ContextHandler (ContextHandler.java:doStop(910)) - Stopped o.e.j.w.WebAppContext@527937d0{/,null,UNAVAILABLE}{/hddsDatanode}
2019-10-02 20:07:45,626 [main] INFO  server.AbstractConnector (AbstractConnector.java:doStop(318)) - Stopped ServerConnector@36d582cb{HTTP/1.1,[http/1.1]}{0.0.0.0:0}
2019-10-02 20:07:45,626 [main] INFO  handler.ContextHandler (ContextHandler.java:doStop(910)) - Stopped o.e.j.s.ServletContextHandler@39133244{/static,jar:file:/home/user/.m2/repository/org/apache/hadoop/hadoop-hdds-container-service/0.5.0-SNAPSHOT/hadoop-hdds-container-service-0.5.0-SNAPSHOT.jar!/webapps/static,UNAVAILABLE}
2019-10-02 20:07:45,627 [main] INFO  handler.ContextHandler (ContextHandler.java:doStop(910)) - Stopped o.e.j.s.ServletContextHandler@55a0f011{/logs,file:///workdir/hadoop-ozone/integration-test/target/log,UNAVAILABLE}
2019-10-02 20:07:45,637 [d5d753b5-1d96-4433-bb9c-73d1f78854d0@group-5F2DF60E9BEC-StateMachineUpdater] INFO  ratis.ContainerStateMachine (ContainerStateMachine.java:takeSnapshot(300)) - group-5F2DF60E9BEC: Finished taking a snapshot at:(t:1, i:14) file:/workdir/hadoop-ozone/integration-test/target/test-dir/MiniOzoneClusterImpl-11e04269-4a3b-41a8-a8d0-fcdf29918043/datanode-0/data/ratis/7963f78e-12ec-400c-822c-5f2df60e9bec/sm/snapshot.1_14 time:13
2019-10-02 20:07:45,637 [d5d753b5-1d96-4433-bb9c-73d1f78854d0@group-5F2DF60E9BEC-StateMachineUpdater] INFO  impl.StateMachineUpdater (StateMachineUpdater.java:takeSnapshot(258)) - d5d753b5-1d96-4433-bb9c-73d1f78854d0@group-5F2DF60E9BEC-StateMachineUpdater: Took a snapshot at index 14
2019-10-02 20:07:45,637 [d5d753b5-1d96-4433-bb9c-73d1f78854d0@group-5F2DF60E9BEC-StateMachineUpdater] INFO  impl.StateMachineUpdater (StateMachineUpdater.java:lambda$new$0(83)) - d5d753b5-1d96-4433-bb9c-73d1f78854d0@group-5F2DF60E9BEC-StateMachineUpdater: snapshotIndex: updateIncreasingly 14 -> 14
2019-10-02 20:07:45,638 [ForkJoinPool.commonPool-worker-0] INFO  impl.RaftServerImpl (ServerState.java:close(385)) - d5d753b5-1d96-4433-bb9c-73d1f78854d0@group-5F2DF60E9BEC: closes. applyIndex: 18
2019-10-02 20:07:45,638 [d5d753b5-1d96-4433-bb9c-73d1f78854d0@group-5F2DF60E9BEC-SegmentedRaftLogWorker] INFO  segmented.SegmentedRaftLogWorker (SegmentedRaftLogWorker.java:run(313)) - d5d753b5-1d96-4433-bb9c-73d1f78854d0@group-5F2DF60E9BEC-SegmentedRaftLogWorker was interrupted, exiting. There are 0 tasks remaining in the queue.
2019-10-02 20:07:45,640 [ForkJoinPool.commonPool-worker-0] INFO  segmented.SegmentedRaftLogWorker (SegmentedRaftLogWorker.java:close(228)) - d5d753b5-1d96-4433-bb9c-73d1f78854d0@group-5F2DF60E9BEC-SegmentedRaftLogWorker close()
2019-10-02 20:07:45,642 [ForkJoinPool.commonPool-worker-0] INFO  server.GrpcService (GrpcService.java:closeImpl(164)) - d5d753b5-1d96-4433-bb9c-73d1f78854d0: shutdown server with port 36879 now
2019-10-02 20:07:45,643 [ForkJoinPool.commonPool-worker-0] INFO  server.GrpcService (GrpcService.java:closeImpl(172)) - d5d753b5-1d96-4433-bb9c-73d1f78854d0: shutdown server with port 36879 successfully
2019-10-02 20:07:45,644 [refreshUsed-/workdir/hadoop-ozone/integration-test/target/test-dir/MiniOzoneClusterImpl-11e04269-4a3b-41a8-a8d0-fcdf29918043/datanode-0/data/containers] WARN  fs.CachingGetSpaceUsed (CachingGetSpaceUsed.java:run(183)) - Thread Interrupted waiting to refresh disk information: sleep interrupted
2019-10-02 20:07:45,656 [ForkJoinPool.commonPool-worker-0] INFO  utils.BackgroundService (BackgroundService.java:shutdown(148)) - Shutting down service BlockDeletingService
2019-10-02 20:07:45,659 [ForkJoinPool.commonPool-worker-0] INFO  statemachine.DatanodeStateMachine (DatanodeStateMachine.java:stopDaemon(395)) - Ozone container server stopped.
2019-10-02 20:07:45,663 [ForkJoinPool.commonPool-worker-0] INFO  handler.ContextHandler (ContextHandler.java:doStop(910)) - Stopped o.e.j.w.WebAppContext@c48b543{/,null,UNAVAILABLE}{/hddsDatanode}
2019-10-02 20:07:45,664 [ForkJoinPool.commonPool-worker-0] INFO  server.AbstractConnector (AbstractConnector.java:doStop(318)) - Stopped ServerConnector@75793f17{HTTP/1.1,[http/1.1]}{0.0.0.0:0}
2019-10-02 20:07:45,666 [ForkJoinPool.commonPool-worker-0] INFO  handler.ContextHandler (ContextHandler.java:doStop(910)) - Stopped o.e.j.s.ServletContextHandler@18ffca6c{/static,jar:file:/home/user/.m2/repository/org/apache/hadoop/hadoop-hdds-container-service/0.5.0-SNAPSHOT/hadoop-hdds-container-service-0.5.0-SNAPSHOT.jar!/webapps/static,UNAVAILABLE}
2019-10-02 20:07:45,667 [ForkJoinPool.commonPool-worker-0] INFO  handler.ContextHandler (ContextHandler.java:doStop(910)) - Stopped o.e.j.s.ServletContextHandler@310d57b1{/logs,file:///workdir/hadoop-ozone/integration-test/target/log,UNAVAILABLE}
2019-10-02 20:07:46,276 [Datanode State Machine Thread - 0] INFO  statemachine.DatanodeStateMachine (DatanodeStateMachine.java:lambda$startDaemon$0(350)) - Ozone container server started.
2019-10-02 20:07:46,276 [Datanode State Machine Thread - 0] INFO  statemachine.DatanodeStateMachine (DatanodeStateMachine.java:lambda$startDaemon$0(350)) - Ozone container server started.
2019-10-02 20:07:50,124 [Thread-3173] INFO  impl.FollowerState (FollowerState.java:run(106)) - 0ed46e5c-9531-4629-a01d-f4cb54996e4a:group-1D5C08A701D1 changes to CANDIDATE, lastRpcTime:9674, electionTimeout:5119ms
2019-10-02 20:07:50,125 [Thread-3173] INFO  impl.RoleInfo (RoleInfo.java:shutdownFollowerState(121)) - 0ed46e5c-9531-4629-a01d-f4cb54996e4a: shutdown FollowerState
2019-10-02 20:07:50,126 [Thread-3173] INFO  impl.RaftServerImpl (RaftServerImpl.java:setRole(174)) - 0ed46e5c-9531-4629-a01d-f4cb54996e4a@group-1D5C08A701D1: changes role from  FOLLOWER to CANDIDATE at term 1 for changeToCandidate
2019-10-02 20:07:50,126 [Thread-3173] INFO  impl.RoleInfo (RoleInfo.java:updateAndGet(143)) - 0ed46e5c-9531-4629-a01d-f4cb54996e4a: start LeaderElection
2019-10-02 20:07:50,128 [0ed46e5c-9531-4629-a01d-f4cb54996e4a@group-1D5C08A701D1:LeaderElection78] INFO  impl.RaftServerImpl (ServerState.java:setLeader(253)) - 0ed46e5c-9531-4629-a01d-f4cb54996e4a@group-1D5C08A701D1: change Leader from 9b563795-2039-41be-9979-ae623f6b1773 to null at term 1 for initElection
2019-10-02 20:07:50,151 [0ed46e5c-9531-4629-a01d-f4cb54996e4a@group-1D5C08A701D1:LeaderElection78] INFO  impl.LeaderElection (LeaderElection.java:askForVotes(182)) - 0ed46e5c-9531-4629-a01d-f4cb54996e4a@group-1D5C08A701D1:LeaderElection78: begin an election at term 2 for 0: [0ed46e5c-9531-4629-a01d-f4cb54996e4a:192.168.151.67:45637, 3093ea04-1862-4b93-9aff-542485acd0d6:192.168.151.67:40381, 9b563795-2039-41be-9979-ae623f6b1773:192.168.151.67:33880], old=null
2019-10-02 20:07:50,157 [0ed46e5c-9531-4629-a01d-f4cb54996e4a@group-1D5C08A701D1:LeaderElection78] INFO  impl.LeaderElection (LogUtils.java:infoOrTrace(149)) - 0ed46e5c-9531-4629-a01d-f4cb54996e4a@group-1D5C08A701D1:LeaderElection78 got exception when requesting votes: {}
java.util.concurrent.ExecutionException: org.apache.ratis.thirdparty.io.grpc.StatusRuntimeException: UNAVAILABLE: io exception
	at java.util.concurrent.FutureTask.report(FutureTask.java:122)
	at java.util.concurrent.FutureTask.get(FutureTask.java:192)
	at org.apache.ratis.server.impl.LeaderElection.waitForResults(LeaderElection.java:263)
	at org.apache.ratis.server.impl.LeaderElection.askForVotes(LeaderElection.java:201)
	at org.apache.ratis.server.impl.LeaderElection.run(LeaderElection.java:133)
	at java.lang.Thread.run(Thread.java:748)
Caused by: org.apache.ratis.thirdparty.io.grpc.StatusRuntimeException: UNAVAILABLE: io exception
	at org.apache.ratis.thirdparty.io.grpc.stub.ClientCalls.toStatusRuntimeException(ClientCalls.java:233)
	at org.apache.ratis.thirdparty.io.grpc.stub.ClientCalls.getUnchecked(ClientCalls.java:214)
	at org.apache.ratis.thirdparty.io.grpc.stub.ClientCalls.blockingUnaryCall(ClientCalls.java:139)
	at org.apache.ratis.proto.grpc.RaftServerProtocolServiceGrpc$RaftServerProtocolServiceBlockingStub.requestVote(RaftServerProtocolServiceGrpc.java:265)
	at org.apache.ratis.grpc.server.GrpcServerProtocolClient.requestVote(GrpcServerProtocolClient.java:90)
	at org.apache.ratis.grpc.server.GrpcService.requestVote(GrpcService.java:204)
	at org.apache.ratis.server.impl.LeaderElection.lambda$submitRequests$1(LeaderElection.java:238)
	at java.util.concurrent.FutureTask.run(FutureTask.java:266)
	at java.util.concurrent.Executors$RunnableAdapter.call(Executors.java:511)
	at java.util.concurrent.FutureTask.run(FutureTask.java:266)
	at java.util.concurrent.ThreadPoolExecutor.runWorker(ThreadPoolExecutor.java:1149)
	at java.util.concurrent.ThreadPoolExecutor$Worker.run(ThreadPoolExecutor.java:624)
	... 1 more
Caused by: org.apache.ratis.thirdparty.io.netty.channel.AbstractChannel$AnnotatedConnectException: Connection refused: /192.168.151.67:33880
	at sun.nio.ch.SocketChannelImpl.checkConnect(Native Method)
	at sun.nio.ch.SocketChannelImpl.finishConnect(SocketChannelImpl.java:717)
	at org.apache.ratis.thirdparty.io.netty.channel.socket.nio.NioSocketChannel.doFinishConnect(NioSocketChannel.java:327)
	at org.apache.ratis.thirdparty.io.netty.channel.nio.AbstractNioChannel$AbstractNioUnsafe.finishConnect(AbstractNioChannel.java:340)
	at org.apache.ratis.thirdparty.io.netty.channel.nio.NioEventLoop.processSelectedKey(NioEventLoop.java:632)
	at org.apache.ratis.thirdparty.io.netty.channel.nio.NioEventLoop.processSelectedKeysOptimized(NioEventLoop.java:579)
	at org.apache.ratis.thirdparty.io.netty.channel.nio.NioEventLoop.processSelectedKeys(NioEventLoop.java:496)
	at org.apache.ratis.thirdparty.io.netty.channel.nio.NioEventLoop.run(NioEventLoop.java:458)
	at org.apache.ratis.thirdparty.io.netty.util.concurrent.SingleThreadEventExecutor$5.run(SingleThreadEventExecutor.java:897)
	at org.apache.ratis.thirdparty.io.netty.util.concurrent.FastThreadLocalRunnable.run(FastThreadLocalRunnable.java:30)
	... 1 more
Caused by: java.net.ConnectException: Connection refused
	... 11 more
2019-10-02 20:07:50,160 [grpc-default-executor-5] INFO  impl.RaftServerImpl (ServerState.java:setLeader(253)) - 3093ea04-1862-4b93-9aff-542485acd0d6@group-1D5C08A701D1: change Leader from 9b563795-2039-41be-9979-ae623f6b1773 to null at term 2 for updateCurrentTerm
2019-10-02 20:07:50,161 [grpc-default-executor-5] INFO  impl.RaftServerImpl (RaftServerImpl.java:setRole(174)) - 3093ea04-1862-4b93-9aff-542485acd0d6@group-1D5C08A701D1: changes role from  FOLLOWER to FOLLOWER at term 2 for recognizeCandidate:0ed46e5c-9531-4629-a01d-f4cb54996e4a
2019-10-02 20:07:50,161 [grpc-default-executor-5] INFO  impl.RoleInfo (RoleInfo.java:shutdownFollowerState(121)) - 3093ea04-1862-4b93-9aff-542485acd0d6: shutdown FollowerState
2019-10-02 20:07:50,161 [grpc-default-executor-5] INFO  impl.RoleInfo (RoleInfo.java:updateAndGet(143)) - 3093ea04-1862-4b93-9aff-542485acd0d6: start FollowerState
2019-10-02 20:07:50,161 [Thread-3170] INFO  impl.FollowerState (FollowerState.java:run(115)) - 3093ea04-1862-4b93-9aff-542485acd0d6: FollowerState was interrupted: java.lang.InterruptedException: sleep interrupted
2019-10-02 20:07:50,177 [0ed46e5c-9531-4629-a01d-f4cb54996e4a@group-1D5C08A701D1:LeaderElection78] INFO  impl.LeaderElection (LeaderElection.java:logAndReturn(56)) - 0ed46e5c-9531-4629-a01d-f4cb54996e4a@group-1D5C08A701D1:LeaderElection78: Election PASSED; received 1 response(s) [0ed46e5c-9531-4629-a01d-f4cb54996e4a<-3093ea04-1862-4b93-9aff-542485acd0d6#0:OK-t2] and 1 exception(s); 0ed46e5c-9531-4629-a01d-f4cb54996e4a@group-1D5C08A701D1:t2, leader=null, voted=0ed46e5c-9531-4629-a01d-f4cb54996e4a, raftlog=0ed46e5c-9531-4629-a01d-f4cb54996e4a@group-1D5C08A701D1-SegmentedRaftLog:OPENED:c16,f16,i16, conf=0: [0ed46e5c-9531-4629-a01d-f4cb54996e4a:192.168.151.67:45637, 3093ea04-1862-4b93-9aff-542485acd0d6:192.168.151.67:40381, 9b563795-2039-41be-9979-ae623f6b1773:192.168.151.67:33880], old=null
2019-10-02 20:07:50,177 [0ed46e5c-9531-4629-a01d-f4cb54996e4a@group-1D5C08A701D1:LeaderElection78] INFO  impl.LeaderElection (LogUtils.java:infoOrTrace(149)) -   Exception 0: {}
java.util.concurrent.ExecutionException: org.apache.ratis.thirdparty.io.grpc.StatusRuntimeException: UNAVAILABLE: io exception
	at java.util.concurrent.FutureTask.report(FutureTask.java:122)
	at java.util.concurrent.FutureTask.get(FutureTask.java:192)
	at org.apache.ratis.server.impl.LeaderElection.waitForResults(LeaderElection.java:263)
	at org.apache.ratis.server.impl.LeaderElection.askForVotes(LeaderElection.java:201)
	at org.apache.ratis.server.impl.LeaderElection.run(LeaderElection.java:133)
	at java.lang.Thread.run(Thread.java:748)
Caused by: org.apache.ratis.thirdparty.io.grpc.StatusRuntimeException: UNAVAILABLE: io exception
	at org.apache.ratis.thirdparty.io.grpc.stub.ClientCalls.toStatusRuntimeException(ClientCalls.java:233)
	at org.apache.ratis.thirdparty.io.grpc.stub.ClientCalls.getUnchecked(ClientCalls.java:214)
	at org.apache.ratis.thirdparty.io.grpc.stub.ClientCalls.blockingUnaryCall(ClientCalls.java:139)
	at org.apache.ratis.proto.grpc.RaftServerProtocolServiceGrpc$RaftServerProtocolServiceBlockingStub.requestVote(RaftServerProtocolServiceGrpc.java:265)
	at org.apache.ratis.grpc.server.GrpcServerProtocolClient.requestVote(GrpcServerProtocolClient.java:90)
	at org.apache.ratis.grpc.server.GrpcService.requestVote(GrpcService.java:204)
	at org.apache.ratis.server.impl.LeaderElection.lambda$submitRequests$1(LeaderElection.java:238)
	at java.util.concurrent.FutureTask.run(FutureTask.java:266)
	at java.util.concurrent.Executors$RunnableAdapter.call(Executors.java:511)
	at java.util.concurrent.FutureTask.run(FutureTask.java:266)
	at java.util.concurrent.ThreadPoolExecutor.runWorker(ThreadPoolExecutor.java:1149)
	at java.util.concurrent.ThreadPoolExecutor$Worker.run(ThreadPoolExecutor.java:624)
	... 1 more
Caused by: org.apache.ratis.thirdparty.io.netty.channel.AbstractChannel$AnnotatedConnectException: Connection refused: /192.168.151.67:33880
	at sun.nio.ch.SocketChannelImpl.checkConnect(Native Method)
	at sun.nio.ch.SocketChannelImpl.finishConnect(SocketChannelImpl.java:717)
	at org.apache.ratis.thirdparty.io.netty.channel.socket.nio.NioSocketChannel.doFinishConnect(NioSocketChannel.java:327)
	at org.apache.ratis.thirdparty.io.netty.channel.nio.AbstractNioChannel$AbstractNioUnsafe.finishConnect(AbstractNioChannel.java:340)
	at org.apache.ratis.thirdparty.io.netty.channel.nio.NioEventLoop.processSelectedKey(NioEventLoop.java:632)
	at org.apache.ratis.thirdparty.io.netty.channel.nio.NioEventLoop.processSelectedKeysOptimized(NioEventLoop.java:579)
	at org.apache.ratis.thirdparty.io.netty.channel.nio.NioEventLoop.processSelectedKeys(NioEventLoop.java:496)
	at org.apache.ratis.thirdparty.io.netty.channel.nio.NioEventLoop.run(NioEventLoop.java:458)
	at org.apache.ratis.thirdparty.io.netty.util.concurrent.SingleThreadEventExecutor$5.run(SingleThreadEventExecutor.java:897)
	at org.apache.ratis.thirdparty.io.netty.util.concurrent.FastThreadLocalRunnable.run(FastThreadLocalRunnable.java:30)
	... 1 more
Caused by: java.net.ConnectException: Connection refused
	... 11 more
2019-10-02 20:07:50,177 [0ed46e5c-9531-4629-a01d-f4cb54996e4a@group-1D5C08A701D1:LeaderElection78] INFO  impl.RoleInfo (RoleInfo.java:shutdownLeaderElection(134)) - 0ed46e5c-9531-4629-a01d-f4cb54996e4a: shutdown LeaderElection
2019-10-02 20:07:50,178 [0ed46e5c-9531-4629-a01d-f4cb54996e4a@group-1D5C08A701D1:LeaderElection78] INFO  impl.RaftServerImpl (RaftServerImpl.java:setRole(174)) - 0ed46e5c-9531-4629-a01d-f4cb54996e4a@group-1D5C08A701D1: changes role from CANDIDATE to LEADER at term 2 for changeToLeader
2019-10-02 20:07:50,178 [0ed46e5c-9531-4629-a01d-f4cb54996e4a@group-1D5C08A701D1:LeaderElection78] INFO  impl.RaftServerImpl (ServerState.java:setLeader(253)) - 0ed46e5c-9531-4629-a01d-f4cb54996e4a@group-1D5C08A701D1: change Leader from null to 0ed46e5c-9531-4629-a01d-f4cb54996e4a at term 2 for becomeLeader, leader elected after 49ms
2019-10-02 20:07:50,178 [0ed46e5c-9531-4629-a01d-f4cb54996e4a@group-1D5C08A701D1:LeaderElection78] INFO  server.RaftServerConfigKeys (ConfUtils.java:logGet(43)) - raft.server.staging.catchup.gap = 1000 (default)
2019-10-02 20:07:50,178 [0ed46e5c-9531-4629-a01d-f4cb54996e4a@group-1D5C08A701D1:LeaderElection78] INFO  server.RaftServerConfigKeys (ConfUtils.java:logGet(43)) - raft.server.rpc.sleep.time = 25ms (default)
2019-10-02 20:07:50,178 [0ed46e5c-9531-4629-a01d-f4cb54996e4a@group-1D5C08A701D1:LeaderElection78] INFO  server.RaftServerConfigKeys (ConfUtils.java:logGet(43)) - raft.server.write.element-limit = 4096 (default)
2019-10-02 20:07:50,179 [0ed46e5c-9531-4629-a01d-f4cb54996e4a@group-1D5C08A701D1:LeaderElection78] INFO  server.RaftServerConfigKeys (ConfUtils.java:logGet(43)) - raft.server.watch.timeout = 10s (default)
2019-10-02 20:07:50,179 [0ed46e5c-9531-4629-a01d-f4cb54996e4a@group-1D5C08A701D1:LeaderElection78] INFO  server.RaftServerConfigKeys (ConfUtils.java:logGet(43)) - raft.server.watch.timeout.denomination = 1s (default)
2019-10-02 20:07:50,179 [0ed46e5c-9531-4629-a01d-f4cb54996e4a@group-1D5C08A701D1:LeaderElection78] INFO  server.RaftServerConfigKeys (ConfUtils.java:logGet(43)) - raft.server.watch.element-limit = 65536 (default)
2019-10-02 20:07:50,182 [0ed46e5c-9531-4629-a01d-f4cb54996e4a@group-1D5C08A701D1:LeaderElection78] INFO  server.RaftServerConfigKeys (ConfUtils.java:logGet(43)) - raft.server.log.appender.snapshot.chunk.size.max = 16MB (=16777216) (default)
2019-10-02 20:07:50,182 [0ed46e5c-9531-4629-a01d-f4cb54996e4a@group-1D5C08A701D1:LeaderElection78] INFO  server.RaftServerConfigKeys (ConfUtils.java:logGet(43)) - raft.server.log.appender.buffer.byte-limit = 33554432 (custom)
2019-10-02 20:07:50,182 [0ed46e5c-9531-4629-a01d-f4cb54996e4a@group-1D5C08A701D1:LeaderElection78] INFO  server.RaftServerConfigKeys (ConfUtils.java:logGet(43)) - raft.server.log.appender.buffer.element-limit = 1 (custom)
2019-10-02 20:07:50,182 [0ed46e5c-9531-4629-a01d-f4cb54996e4a@group-1D5C08A701D1:LeaderElection78] INFO  grpc.GrpcConfigKeys$Server (ConfUtils.java:logGet(43)) - raft.grpc.server.leader.outstanding.appends.max = 128 (default)
2019-10-02 20:07:50,183 [0ed46e5c-9531-4629-a01d-f4cb54996e4a@group-1D5C08A701D1:LeaderElection78] INFO  server.RaftServerConfigKeys (ConfUtils.java:logGet(43)) - raft.server.rpc.request.timeout = 3000ms (default)
2019-10-02 20:07:50,183 [0ed46e5c-9531-4629-a01d-f4cb54996e4a@group-1D5C08A701D1:LeaderElection78] INFO  server.RaftServerConfigKeys (ConfUtils.java:logGet(43)) - raft.server.log.appender.install.snapshot.enabled = false (custom)
2019-10-02 20:07:50,183 [0ed46e5c-9531-4629-a01d-f4cb54996e4a@group-1D5C08A701D1:LeaderElection78] INFO  server.RaftServerConfigKeys (ConfUtils.java:logGet(43)) - raft.server.log.appender.snapshot.chunk.size.max = 16MB (=16777216) (default)
2019-10-02 20:07:50,183 [0ed46e5c-9531-4629-a01d-f4cb54996e4a@group-1D5C08A701D1:LeaderElection78] INFO  server.RaftServerConfigKeys (ConfUtils.java:logGet(43)) - raft.server.log.appender.buffer.byte-limit = 33554432 (custom)
2019-10-02 20:07:50,183 [0ed46e5c-9531-4629-a01d-f4cb54996e4a@group-1D5C08A701D1:LeaderElection78] INFO  server.RaftServerConfigKeys (ConfUtils.java:logGet(43)) - raft.server.log.appender.buffer.element-limit = 1 (custom)
2019-10-02 20:07:50,183 [0ed46e5c-9531-4629-a01d-f4cb54996e4a@group-1D5C08A701D1:LeaderElection78] INFO  grpc.GrpcConfigKeys$Server (ConfUtils.java:logGet(43)) - raft.grpc.server.leader.outstanding.appends.max = 128 (default)
2019-10-02 20:07:50,184 [0ed46e5c-9531-4629-a01d-f4cb54996e4a@group-1D5C08A701D1:LeaderElection78] INFO  server.RaftServerConfigKeys (ConfUtils.java:logGet(43)) - raft.server.rpc.request.timeout = 3000ms (default)
2019-10-02 20:07:50,184 [0ed46e5c-9531-4629-a01d-f4cb54996e4a@group-1D5C08A701D1:LeaderElection78] INFO  server.RaftServerConfigKeys (ConfUtils.java:logGet(43)) - raft.server.log.appender.install.snapshot.enabled = false (custom)
2019-10-02 20:07:50,184 [0ed46e5c-9531-4629-a01d-f4cb54996e4a@group-1D5C08A701D1:LeaderElection78] INFO  impl.RoleInfo (RoleInfo.java:updateAndGet(143)) - 0ed46e5c-9531-4629-a01d-f4cb54996e4a: start LeaderState
2019-10-02 20:07:50,185 [0ed46e5c-9531-4629-a01d-f4cb54996e4a@group-1D5C08A701D1:LeaderElection78] INFO  segmented.SegmentedRaftLogWorker (SegmentedRaftLogWorker.java:rollLogSegment(385)) - 0ed46e5c-9531-4629-a01d-f4cb54996e4a@group-1D5C08A701D1-SegmentedRaftLogWorker: Rolling segment log-0_16 to index:16
2019-10-02 20:07:50,185 [0ed46e5c-9531-4629-a01d-f4cb54996e4a@group-1D5C08A701D1-SegmentedRaftLogWorker] INFO  segmented.SegmentedRaftLogWorker (SegmentedRaftLogWorker.java:execute(526)) - 0ed46e5c-9531-4629-a01d-f4cb54996e4a@group-1D5C08A701D1-SegmentedRaftLogWorker: Rolled log segment from /workdir/hadoop-ozone/integration-test/target/test-dir/MiniOzoneClusterImpl-11e04269-4a3b-41a8-a8d0-fcdf29918043/datanode-6/data/ratis/420cdd75-6fa4-4f5f-921c-1d5c08a701d1/current/log_inprogress_0 to /workdir/hadoop-ozone/integration-test/target/test-dir/MiniOzoneClusterImpl-11e04269-4a3b-41a8-a8d0-fcdf29918043/datanode-6/data/ratis/420cdd75-6fa4-4f5f-921c-1d5c08a701d1/current/log_0-16
2019-10-02 20:07:50,187 [0ed46e5c-9531-4629-a01d-f4cb54996e4a@group-1D5C08A701D1:LeaderElection78] INFO  impl.RaftServerImpl (ServerState.java:setRaftConf(354)) - 0ed46e5c-9531-4629-a01d-f4cb54996e4a@group-1D5C08A701D1: set configuration 17: [0ed46e5c-9531-4629-a01d-f4cb54996e4a:192.168.151.67:45637, 3093ea04-1862-4b93-9aff-542485acd0d6:192.168.151.67:40381, 9b563795-2039-41be-9979-ae623f6b1773:192.168.151.67:33880], old=null at 17
2019-10-02 20:07:50,187 [grpc-default-executor-5] WARN  server.GrpcLogAppender (LogUtils.java:warn(134)) - 0ed46e5c-9531-4629-a01d-f4cb54996e4a@group-1D5C08A701D1->9b563795-2039-41be-9979-ae623f6b1773-AppendLogResponseHandler: Failed appendEntries: org.apache.ratis.thirdparty.io.grpc.StatusRuntimeException: UNAVAILABLE: io exception
2019-10-02 20:07:50,211 [grpc-default-executor-5] INFO  impl.FollowerInfo (FollowerInfo.java:lambda$new$0(51)) - 0ed46e5c-9531-4629-a01d-f4cb54996e4a@group-1D5C08A701D1->9b563795-2039-41be-9979-ae623f6b1773: nextIndex: updateUnconditionally 17 -> 1
2019-10-02 20:07:50,211 [grpc-default-executor-7] INFO  impl.RaftServerImpl (ServerState.java:setLeader(253)) - 3093ea04-1862-4b93-9aff-542485acd0d6@group-1D5C08A701D1: change Leader from null to 0ed46e5c-9531-4629-a01d-f4cb54996e4a at term 2 for appendEntries, leader elected after 50ms
2019-10-02 20:07:50,214 [grpc-default-executor-7] INFO  impl.RaftServerImpl (ServerState.java:setRaftConf(354)) - 3093ea04-1862-4b93-9aff-542485acd0d6@group-1D5C08A701D1: set configuration 17: [0ed46e5c-9531-4629-a01d-f4cb54996e4a:192.168.151.67:45637, 3093ea04-1862-4b93-9aff-542485acd0d6:192.168.151.67:40381, 9b563795-2039-41be-9979-ae623f6b1773:192.168.151.67:33880], old=null at 17
2019-10-02 20:07:50,214 [grpc-default-executor-7] INFO  segmented.SegmentedRaftLogWorker (SegmentedRaftLogWorker.java:rollLogSegment(385)) - 3093ea04-1862-4b93-9aff-542485acd0d6@group-1D5C08A701D1-SegmentedRaftLogWorker: Rolling segment log-0_16 to index:16
2019-10-02 20:07:50,215 [3093ea04-1862-4b93-9aff-542485acd0d6@group-1D5C08A701D1-SegmentedRaftLogWorker] INFO  segmented.SegmentedRaftLogWorker (SegmentedRaftLogWorker.java:execute(526)) - 3093ea04-1862-4b93-9aff-542485acd0d6@group-1D5C08A701D1-SegmentedRaftLogWorker: Rolled log segment from /workdir/hadoop-ozone/integration-test/target/test-dir/MiniOzoneClusterImpl-11e04269-4a3b-41a8-a8d0-fcdf29918043/datanode-5/data/ratis/420cdd75-6fa4-4f5f-921c-1d5c08a701d1/current/log_inprogress_0 to /workdir/hadoop-ozone/integration-test/target/test-dir/MiniOzoneClusterImpl-11e04269-4a3b-41a8-a8d0-fcdf29918043/datanode-5/data/ratis/420cdd75-6fa4-4f5f-921c-1d5c08a701d1/current/log_0-16
2019-10-02 20:07:50,223 [0ed46e5c-9531-4629-a01d-f4cb54996e4a@group-1D5C08A701D1-SegmentedRaftLogWorker] INFO  segmented.SegmentedRaftLogWorker (SegmentedRaftLogWorker.java:execute(569)) - 0ed46e5c-9531-4629-a01d-f4cb54996e4a@group-1D5C08A701D1-SegmentedRaftLogWorker: created new log segment /workdir/hadoop-ozone/integration-test/target/test-dir/MiniOzoneClusterImpl-11e04269-4a3b-41a8-a8d0-fcdf29918043/datanode-6/data/ratis/420cdd75-6fa4-4f5f-921c-1d5c08a701d1/current/log_inprogress_17
2019-10-02 20:07:50,254 [3093ea04-1862-4b93-9aff-542485acd0d6@group-1D5C08A701D1-SegmentedRaftLogWorker] INFO  segmented.SegmentedRaftLogWorker (SegmentedRaftLogWorker.java:execute(569)) - 3093ea04-1862-4b93-9aff-542485acd0d6@group-1D5C08A701D1-SegmentedRaftLogWorker: created new log segment /workdir/hadoop-ozone/integration-test/target/test-dir/MiniOzoneClusterImpl-11e04269-4a3b-41a8-a8d0-fcdf29918043/datanode-5/data/ratis/420cdd75-6fa4-4f5f-921c-1d5c08a701d1/current/log_inprogress_17
2019-10-02 20:07:50,274 [grpc-default-executor-8] WARN  server.GrpcLogAppender (LogUtils.java:warn(134)) - 0ed46e5c-9531-4629-a01d-f4cb54996e4a@group-1D5C08A701D1->9b563795-2039-41be-9979-ae623f6b1773-AppendLogResponseHandler: Failed appendEntries: org.apache.ratis.thirdparty.io.grpc.StatusRuntimeException: UNAVAILABLE: io exception
2019-10-02 20:07:50,274 [grpc-default-executor-8] INFO  impl.FollowerInfo (FollowerInfo.java:lambda$new$0(51)) - 0ed46e5c-9531-4629-a01d-f4cb54996e4a@group-1D5C08A701D1->9b563795-2039-41be-9979-ae623f6b1773: nextIndex: updateUnconditionally 2 -> 1
2019-10-02 20:07:50,285 [grpc-default-executor-5] WARN  server.GrpcLogAppender (LogUtils.java:warn(134)) - 0ed46e5c-9531-4629-a01d-f4cb54996e4a@group-1D5C08A701D1->9b563795-2039-41be-9979-ae623f6b1773-AppendLogResponseHandler: Failed appendEntries: org.apache.ratis.thirdparty.io.grpc.StatusRuntimeException: UNAVAILABLE: io exception
2019-10-02 20:07:50,285 [grpc-default-executor-5] INFO  impl.FollowerInfo (FollowerInfo.java:lambda$new$0(51)) - 0ed46e5c-9531-4629-a01d-f4cb54996e4a@group-1D5C08A701D1->9b563795-2039-41be-9979-ae623f6b1773: nextIndex: updateUnconditionally 2 -> 1
2019-10-02 20:07:50,313 [EventQueue-StaleNodeForStaleNodeHandler] INFO  node.StaleNodeHandler (StaleNodeHandler.java:onMessage(58)) - Datanode 0ed46e5c-9531-4629-a01d-f4cb54996e4a{ip: 192.168.151.67, host: pr-hdds-2198-qvzm8-602720389, networkLocation: /default-rack, certSerialId: null} moved to stale state. Finalizing its pipelines [PipelineID=420cdd75-6fa4-4f5f-921c-1d5c08a701d1, PipelineID=f449f73c-7d4c-4463-9e09-54a3c663377b]
2019-10-02 20:07:50,314 [EventQueue-StaleNodeForStaleNodeHandler] INFO  pipeline.SCMPipelineManager (SCMPipelineManager.java:finalizeAndDestroyPipeline(315)) - destroying pipeline:Pipeline[ Id: 420cdd75-6fa4-4f5f-921c-1d5c08a701d1, Nodes: 0ed46e5c-9531-4629-a01d-f4cb54996e4a{ip: 192.168.151.67, host: pr-hdds-2198-qvzm8-602720389, networkLocation: /default-rack, certSerialId: null}9b563795-2039-41be-9979-ae623f6b1773{ip: 192.168.151.67, host: pr-hdds-2198-qvzm8-602720389, networkLocation: /default-rack, certSerialId: null}3093ea04-1862-4b93-9aff-542485acd0d6{ip: 192.168.151.67, host: pr-hdds-2198-qvzm8-602720389, networkLocation: /default-rack, certSerialId: null}, Type:RATIS, Factor:THREE, State:CLOSED]
2019-10-02 20:07:50,314 [EventQueue-StaleNodeForStaleNodeHandler] INFO  pipeline.SCMPipelineManager (SCMPipelineManager.java:finalizeAndDestroyPipeline(315)) - destroying pipeline:Pipeline[ Id: f449f73c-7d4c-4463-9e09-54a3c663377b, Nodes: 0ed46e5c-9531-4629-a01d-f4cb54996e4a{ip: 192.168.151.67, host: pr-hdds-2198-qvzm8-602720389, networkLocation: /default-rack, certSerialId: null}, Type:RATIS, Factor:ONE, State:OPEN]
2019-10-02 20:07:50,314 [EventQueue-StaleNodeForStaleNodeHandler] INFO  pipeline.PipelineStateManager (PipelineStateManager.java:finalizePipeline(123)) - Pipeline Pipeline[ Id: f449f73c-7d4c-4463-9e09-54a3c663377b, Nodes: 0ed46e5c-9531-4629-a01d-f4cb54996e4a{ip: 192.168.151.67, host: pr-hdds-2198-qvzm8-602720389, networkLocation: /default-rack, certSerialId: null}, Type:RATIS, Factor:ONE, State:CLOSED] moved to CLOSED state
2019-10-02 20:07:50,315 [EventQueue-StaleNodeForStaleNodeHandler] INFO  node.StaleNodeHandler (StaleNodeHandler.java:onMessage(58)) - Datanode 3093ea04-1862-4b93-9aff-542485acd0d6{ip: 192.168.151.67, host: pr-hdds-2198-qvzm8-602720389, networkLocation: /default-rack, certSerialId: null} moved to stale state. Finalizing its pipelines [PipelineID=420cdd75-6fa4-4f5f-921c-1d5c08a701d1, PipelineID=f086145d-34c8-47e6-8789-e9ce805b5dc7]
2019-10-02 20:07:50,315 [EventQueue-StaleNodeForStaleNodeHandler] INFO  pipeline.SCMPipelineManager (SCMPipelineManager.java:finalizeAndDestroyPipeline(315)) - destroying pipeline:Pipeline[ Id: 420cdd75-6fa4-4f5f-921c-1d5c08a701d1, Nodes: 0ed46e5c-9531-4629-a01d-f4cb54996e4a{ip: 192.168.151.67, host: pr-hdds-2198-qvzm8-602720389, networkLocation: /default-rack, certSerialId: null}9b563795-2039-41be-9979-ae623f6b1773{ip: 192.168.151.67, host: pr-hdds-2198-qvzm8-602720389, networkLocation: /default-rack, certSerialId: null}3093ea04-1862-4b93-9aff-542485acd0d6{ip: 192.168.151.67, host: pr-hdds-2198-qvzm8-602720389, networkLocation: /default-rack, certSerialId: null}, Type:RATIS, Factor:THREE, State:CLOSED]
2019-10-02 20:07:50,315 [EventQueue-StaleNodeForStaleNodeHandler] INFO  pipeline.SCMPipelineManager (SCMPipelineManager.java:finalizeAndDestroyPipeline(315)) - destroying pipeline:Pipeline[ Id: f086145d-34c8-47e6-8789-e9ce805b5dc7, Nodes: 3093ea04-1862-4b93-9aff-542485acd0d6{ip: 192.168.151.67, host: pr-hdds-2198-qvzm8-602720389, networkLocation: /default-rack, certSerialId: null}, Type:RATIS, Factor:ONE, State:OPEN]
2019-10-02 20:07:50,315 [EventQueue-StaleNodeForStaleNodeHandler] INFO  pipeline.PipelineStateManager (PipelineStateManager.java:finalizePipeline(123)) - Pipeline Pipeline[ Id: f086145d-34c8-47e6-8789-e9ce805b5dc7, Nodes: 3093ea04-1862-4b93-9aff-542485acd0d6{ip: 192.168.151.67, host: pr-hdds-2198-qvzm8-602720389, networkLocation: /default-rack, certSerialId: null}, Type:RATIS, Factor:ONE, State:CLOSED] moved to CLOSED state
2019-10-02 20:07:50,629 [main] INFO  ozoneimpl.OzoneContainer (OzoneContainer.java:stop(231)) - Attempting to stop container services.
2019-10-02 20:07:50,632 [main] INFO  impl.RaftServerProxy (RaftServerProxy.java:lambda$close$4(314)) - 0ed46e5c-9531-4629-a01d-f4cb54996e4a: close
2019-10-02 20:07:50,632 [main] INFO  impl.RaftServerImpl (RaftServerImpl.java:lambda$shutdown$3(251)) - 0ed46e5c-9531-4629-a01d-f4cb54996e4a@group-1D5C08A701D1: shutdown
2019-10-02 20:07:50,632 [main] INFO  util.JmxRegister (JmxRegister.java:unregister(73)) - Successfully un-registered JMX Bean with object name Ratis:service=RaftServer,group=group-1D5C08A701D1,id=0ed46e5c-9531-4629-a01d-f4cb54996e4a
2019-10-02 20:07:50,632 [main] INFO  impl.RoleInfo (RoleInfo.java:shutdownLeaderState(104)) - 0ed46e5c-9531-4629-a01d-f4cb54996e4a: shutdown LeaderState
2019-10-02 20:07:50,635 [main] INFO  impl.PendingRequests (PendingRequests.java:sendNotLeaderResponses(202)) - 0ed46e5c-9531-4629-a01d-f4cb54996e4a-PendingRequests: sendNotLeaderResponses
2019-10-02 20:07:50,636 [org.apache.ratis.server.impl.LogAppender$AppenderDaemon$$Lambda$503/1316170068@73bbfe4b] WARN  server.GrpcLogAppender (GrpcLogAppender.java:mayWait(143)) - 0ed46e5c-9531-4629-a01d-f4cb54996e4a@group-1D5C08A701D1->9b563795-2039-41be-9979-ae623f6b1773-GrpcLogAppender: Wait interrupted by java.lang.InterruptedException
2019-10-02 20:07:50,636 [main] INFO  impl.StateMachineUpdater (StateMachineUpdater.java:stopAndJoin(125)) - 0ed46e5c-9531-4629-a01d-f4cb54996e4a@group-1D5C08A701D1-StateMachineUpdater: set stopIndex = 18
2019-10-02 20:07:50,636 [org.apache.ratis.server.impl.LogAppender$AppenderDaemon$$Lambda$503/1316170068@2bd28c53] WARN  server.GrpcLogAppender (GrpcLogAppender.java:mayWait(143)) - 0ed46e5c-9531-4629-a01d-f4cb54996e4a@group-1D5C08A701D1->3093ea04-1862-4b93-9aff-542485acd0d6-GrpcLogAppender: Wait interrupted by java.lang.InterruptedException
2019-10-02 20:07:50,636 [0ed46e5c-9531-4629-a01d-f4cb54996e4a@group-1D5C08A701D1-StateMachineUpdater] INFO  ratis.ContainerStateMachine (ContainerStateMachine.java:takeSnapshot(289)) - group-1D5C08A701D1: Taking a snapshot at:(t:1, i:14) file /workdir/hadoop-ozone/integration-test/target/test-dir/MiniOzoneClusterImpl-11e04269-4a3b-41a8-a8d0-fcdf29918043/datanode-6/data/ratis/420cdd75-6fa4-4f5f-921c-1d5c08a701d1/sm/snapshot.1_14
2019-10-02 20:07:50,637 [grpc-default-executor-5] INFO  server.GrpcServerProtocolService (GrpcServerProtocolService.java:onCompleted(113)) - 3093ea04-1862-4b93-9aff-542485acd0d6: Completed APPEND_ENTRIES, lastRequest: 0ed46e5c-9531-4629-a01d-f4cb54996e4a->3093ea04-1862-4b93-9aff-542485acd0d6#2-t2, previous=(t:2, i:17), leaderCommit=17, initializing? false, entries: size=1, first=(t:2, i:18), METADATAENTRY(c17)
2019-10-02 20:07:50,637 [grpc-default-executor-5] INFO  server.GrpcLogAppender (GrpcLogAppender.java:onCompleted(293)) - 0ed46e5c-9531-4629-a01d-f4cb54996e4a@group-1D5C08A701D1->3093ea04-1862-4b93-9aff-542485acd0d6-AppendLogResponseHandler: follower responses appendEntries COMPLETED
2019-10-02 20:07:50,638 [grpc-default-executor-5] INFO  impl.FollowerInfo (FollowerInfo.java:lambda$new$0(51)) - 0ed46e5c-9531-4629-a01d-f4cb54996e4a@group-1D5C08A701D1->3093ea04-1862-4b93-9aff-542485acd0d6: nextIndex: updateUnconditionally 19 -> 18
2019-10-02 20:07:50,650 [0ed46e5c-9531-4629-a01d-f4cb54996e4a@group-1D5C08A701D1-StateMachineUpdater] INFO  ratis.ContainerStateMachine (ContainerStateMachine.java:takeSnapshot(300)) - group-1D5C08A701D1: Finished taking a snapshot at:(t:1, i:14) file:/workdir/hadoop-ozone/integration-test/target/test-dir/MiniOzoneClusterImpl-11e04269-4a3b-41a8-a8d0-fcdf29918043/datanode-6/data/ratis/420cdd75-6fa4-4f5f-921c-1d5c08a701d1/sm/snapshot.1_14 time:14
2019-10-02 20:07:50,650 [0ed46e5c-9531-4629-a01d-f4cb54996e4a@group-1D5C08A701D1-StateMachineUpdater] INFO  impl.StateMachineUpdater (StateMachineUpdater.java:takeSnapshot(258)) - 0ed46e5c-9531-4629-a01d-f4cb54996e4a@group-1D5C08A701D1-StateMachineUpdater: Took a snapshot at index 14
2019-10-02 20:07:50,650 [0ed46e5c-9531-4629-a01d-f4cb54996e4a@group-1D5C08A701D1-StateMachineUpdater] INFO  impl.StateMachineUpdater (StateMachineUpdater.java:lambda$new$0(83)) - 0ed46e5c-9531-4629-a01d-f4cb54996e4a@group-1D5C08A701D1-StateMachineUpdater: snapshotIndex: updateIncreasingly -1 -> 14
2019-10-02 20:07:50,651 [0ed46e5c-9531-4629-a01d-f4cb54996e4a@group-1D5C08A701D1-StateMachineUpdater] INFO  ratis.ContainerStateMachine (ContainerStateMachine.java:takeSnapshot(289)) - group-1D5C08A701D1: Taking a snapshot at:(t:1, i:14) file /workdir/hadoop-ozone/integration-test/target/test-dir/MiniOzoneClusterImpl-11e04269-4a3b-41a8-a8d0-fcdf29918043/datanode-6/data/ratis/420cdd75-6fa4-4f5f-921c-1d5c08a701d1/sm/snapshot.1_14
2019-10-02 20:07:50,662 [0ed46e5c-9531-4629-a01d-f4cb54996e4a@group-1D5C08A701D1-StateMachineUpdater] INFO  ratis.ContainerStateMachine (ContainerStateMachine.java:takeSnapshot(300)) - group-1D5C08A701D1: Finished taking a snapshot at:(t:1, i:14) file:/workdir/hadoop-ozone/integration-test/target/test-dir/MiniOzoneClusterImpl-11e04269-4a3b-41a8-a8d0-fcdf29918043/datanode-6/data/ratis/420cdd75-6fa4-4f5f-921c-1d5c08a701d1/sm/snapshot.1_14 time:12
2019-10-02 20:07:50,663 [0ed46e5c-9531-4629-a01d-f4cb54996e4a@group-1D5C08A701D1-StateMachineUpdater] INFO  impl.StateMachineUpdater (StateMachineUpdater.java:takeSnapshot(258)) - 0ed46e5c-9531-4629-a01d-f4cb54996e4a@group-1D5C08A701D1-StateMachineUpdater: Took a snapshot at index 14
2019-10-02 20:07:50,663 [0ed46e5c-9531-4629-a01d-f4cb54996e4a@group-1D5C08A701D1-StateMachineUpdater] INFO  impl.StateMachineUpdater (StateMachineUpdater.java:lambda$new$0(83)) - 0ed46e5c-9531-4629-a01d-f4cb54996e4a@group-1D5C08A701D1-StateMachineUpdater: snapshotIndex: updateIncreasingly 14 -> 14
2019-10-02 20:07:50,663 [main] INFO  impl.RaftServerImpl (ServerState.java:close(385)) - 0ed46e5c-9531-4629-a01d-f4cb54996e4a@group-1D5C08A701D1: closes. applyIndex: 18
2019-10-02 20:07:50,663 [0ed46e5c-9531-4629-a01d-f4cb54996e4a@group-1D5C08A701D1-SegmentedRaftLogWorker] INFO  segmented.SegmentedRaftLogWorker (SegmentedRaftLogWorker.java:run(313)) - 0ed46e5c-9531-4629-a01d-f4cb54996e4a@group-1D5C08A701D1-SegmentedRaftLogWorker was interrupted, exiting. There are 0 tasks remaining in the queue.
2019-10-02 20:07:50,665 [main] INFO  segmented.SegmentedRaftLogWorker (SegmentedRaftLogWorker.java:close(228)) - 0ed46e5c-9531-4629-a01d-f4cb54996e4a@group-1D5C08A701D1-SegmentedRaftLogWorker close()
2019-10-02 20:07:50,667 [main] INFO  impl.RaftServerImpl (RaftServerImpl.java:lambda$shutdown$3(251)) - 0ed46e5c-9531-4629-a01d-f4cb54996e4a@group-54A3C663377B: shutdown
2019-10-02 20:07:50,667 [main] INFO  util.JmxRegister (JmxRegister.java:unregister(73)) - Successfully un-registered JMX Bean with object name Ratis:service=RaftServer,group=group-54A3C663377B,id=0ed46e5c-9531-4629-a01d-f4cb54996e4a
2019-10-02 20:07:50,667 [main] INFO  impl.RoleInfo (RoleInfo.java:shutdownLeaderState(104)) - 0ed46e5c-9531-4629-a01d-f4cb54996e4a: shutdown LeaderState
2019-10-02 20:07:50,668 [main] INFO  impl.PendingRequests (PendingRequests.java:sendNotLeaderResponses(202)) - 0ed46e5c-9531-4629-a01d-f4cb54996e4a-PendingRequests: sendNotLeaderResponses
2019-10-02 20:07:50,668 [main] INFO  impl.StateMachineUpdater (StateMachineUpdater.java:stopAndJoin(125)) - 0ed46e5c-9531-4629-a01d-f4cb54996e4a@group-54A3C663377B-StateMachineUpdater: set stopIndex = 0
2019-10-02 20:07:50,668 [main] INFO  impl.RaftServerImpl (ServerState.java:close(385)) - 0ed46e5c-9531-4629-a01d-f4cb54996e4a@group-54A3C663377B: closes. applyIndex: 0
2019-10-02 20:07:50,669 [ForkJoinPool.commonPool-worker-0] INFO  ozoneimpl.OzoneContainer (OzoneContainer.java:stop(231)) - Attempting to stop container services.
2019-10-02 20:07:50,669 [0ed46e5c-9531-4629-a01d-f4cb54996e4a@group-54A3C663377B-SegmentedRaftLogWorker] INFO  segmented.SegmentedRaftLogWorker (SegmentedRaftLogWorker.java:run(313)) - 0ed46e5c-9531-4629-a01d-f4cb54996e4a@group-54A3C663377B-SegmentedRaftLogWorker was interrupted, exiting. There are 0 tasks remaining in the queue.
2019-10-02 20:07:50,671 [main] INFO  segmented.SegmentedRaftLogWorker (SegmentedRaftLogWorker.java:close(228)) - 0ed46e5c-9531-4629-a01d-f4cb54996e4a@group-54A3C663377B-SegmentedRaftLogWorker close()
2019-10-02 20:07:50,671 [ForkJoinPool.commonPool-worker-0] INFO  impl.RaftServerProxy (RaftServerProxy.java:lambda$close$4(314)) - 3093ea04-1862-4b93-9aff-542485acd0d6: close
2019-10-02 20:07:50,671 [ForkJoinPool.commonPool-worker-0] INFO  impl.RaftServerImpl (RaftServerImpl.java:lambda$shutdown$3(251)) - 3093ea04-1862-4b93-9aff-542485acd0d6@group-1D5C08A701D1: shutdown
2019-10-02 20:07:50,672 [ForkJoinPool.commonPool-worker-0] INFO  util.JmxRegister (JmxRegister.java:unregister(73)) - Successfully un-registered JMX Bean with object name Ratis:service=RaftServer,group=group-1D5C08A701D1,id=3093ea04-1862-4b93-9aff-542485acd0d6
2019-10-02 20:07:50,672 [ForkJoinPool.commonPool-worker-0] INFO  impl.RoleInfo (RoleInfo.java:shutdownFollowerState(121)) - 3093ea04-1862-4b93-9aff-542485acd0d6: shutdown FollowerState
2019-10-02 20:07:50,672 [ForkJoinPool.commonPool-worker-0] INFO  impl.StateMachineUpdater (StateMachineUpdater.java:stopAndJoin(125)) - 3093ea04-1862-4b93-9aff-542485acd0d6@group-1D5C08A701D1-StateMachineUpdater: set stopIndex = 17
2019-10-02 20:07:50,672 [Thread-3356] INFO  impl.FollowerState (FollowerState.java:run(115)) - 3093ea04-1862-4b93-9aff-542485acd0d6: FollowerState was interrupted: java.lang.InterruptedException: sleep interrupted
2019-10-02 20:07:50,672 [3093ea04-1862-4b93-9aff-542485acd0d6@group-1D5C08A701D1-StateMachineUpdater] INFO  ratis.ContainerStateMachine (ContainerStateMachine.java:takeSnapshot(289)) - group-1D5C08A701D1: Taking a snapshot at:(t:1, i:14) file /workdir/hadoop-ozone/integration-test/target/test-dir/MiniOzoneClusterImpl-11e04269-4a3b-41a8-a8d0-fcdf29918043/datanode-5/data/ratis/420cdd75-6fa4-4f5f-921c-1d5c08a701d1/sm/snapshot.1_14
2019-10-02 20:07:50,676 [main] INFO  server.GrpcService (GrpcService.java:closeImpl(164)) - 0ed46e5c-9531-4629-a01d-f4cb54996e4a: shutdown server with port 45637 now
2019-10-02 20:07:50,676 [main] INFO  server.GrpcService (GrpcService.java:closeImpl(172)) - 0ed46e5c-9531-4629-a01d-f4cb54996e4a: shutdown server with port 45637 successfully
2019-10-02 20:07:50,678 [refreshUsed-/workdir/hadoop-ozone/integration-test/target/test-dir/MiniOzoneClusterImpl-11e04269-4a3b-41a8-a8d0-fcdf29918043/datanode-6/data/containers] WARN  fs.CachingGetSpaceUsed (CachingGetSpaceUsed.java:run(183)) - Thread Interrupted waiting to refresh disk information: sleep interrupted
2019-10-02 20:07:50,688 [3093ea04-1862-4b93-9aff-542485acd0d6@group-1D5C08A701D1-StateMachineUpdater] INFO  ratis.ContainerStateMachine (ContainerStateMachine.java:takeSnapshot(300)) - group-1D5C08A701D1: Finished taking a snapshot at:(t:1, i:14) file:/workdir/hadoop-ozone/integration-test/target/test-dir/MiniOzoneClusterImpl-11e04269-4a3b-41a8-a8d0-fcdf29918043/datanode-5/data/ratis/420cdd75-6fa4-4f5f-921c-1d5c08a701d1/sm/snapshot.1_14 time:16
2019-10-02 20:07:50,688 [3093ea04-1862-4b93-9aff-542485acd0d6@group-1D5C08A701D1-StateMachineUpdater] INFO  impl.StateMachineUpdater (StateMachineUpdater.java:takeSnapshot(258)) - 3093ea04-1862-4b93-9aff-542485acd0d6@group-1D5C08A701D1-StateMachineUpdater: Took a snapshot at index 14
2019-10-02 20:07:50,688 [3093ea04-1862-4b93-9aff-542485acd0d6@group-1D5C08A701D1-StateMachineUpdater] INFO  impl.StateMachineUpdater (StateMachineUpdater.java:lambda$new$0(83)) - 3093ea04-1862-4b93-9aff-542485acd0d6@group-1D5C08A701D1-StateMachineUpdater: snapshotIndex: updateIncreasingly -1 -> 14
2019-10-02 20:07:50,689 [3093ea04-1862-4b93-9aff-542485acd0d6@group-1D5C08A701D1-StateMachineUpdater] INFO  ratis.ContainerStateMachine (ContainerStateMachine.java:takeSnapshot(289)) - group-1D5C08A701D1: Taking a snapshot at:(t:1, i:14) file /workdir/hadoop-ozone/integration-test/target/test-dir/MiniOzoneClusterImpl-11e04269-4a3b-41a8-a8d0-fcdf29918043/datanode-5/data/ratis/420cdd75-6fa4-4f5f-921c-1d5c08a701d1/sm/snapshot.1_14
2019-10-02 20:07:50,698 [main] INFO  utils.BackgroundService (BackgroundService.java:shutdown(148)) - Shutting down service BlockDeletingService
2019-10-02 20:07:50,703 [main] INFO  statemachine.DatanodeStateMachine (DatanodeStateMachine.java:stopDaemon(395)) - Ozone container server stopped.
2019-10-02 20:07:50,704 [main] INFO  handler.ContextHandler (ContextHandler.java:doStop(910)) - Stopped o.e.j.w.WebAppContext@45bbc52f{/,null,UNAVAILABLE}{/hddsDatanode}
2019-10-02 20:07:50,706 [main] INFO  server.AbstractConnector (AbstractConnector.java:doStop(318)) - Stopped ServerConnector@6a8a551e{HTTP/1.1,[http/1.1]}{0.0.0.0:0}
2019-10-02 20:07:50,706 [main] INFO  handler.ContextHandler (ContextHandler.java:doStop(910)) - Stopped o.e.j.s.ServletContextHandler@7ea71fc2{/static,jar:file:/home/user/.m2/repository/org/apache/hadoop/hadoop-hdds-container-service/0.5.0-SNAPSHOT/hadoop-hdds-container-service-0.5.0-SNAPSHOT.jar!/webapps/static,UNAVAILABLE}
2019-10-02 20:07:50,706 [main] INFO  handler.ContextHandler (ContextHandler.java:doStop(910)) - Stopped o.e.j.s.ServletContextHandler@65600fb3{/logs,file:///workdir/hadoop-ozone/integration-test/target/log,UNAVAILABLE}
2019-10-02 20:07:50,710 [3093ea04-1862-4b93-9aff-542485acd0d6@group-1D5C08A701D1-StateMachineUpdater] INFO  ratis.ContainerStateMachine (ContainerStateMachine.java:takeSnapshot(300)) - group-1D5C08A701D1: Finished taking a snapshot at:(t:1, i:14) file:/workdir/hadoop-ozone/integration-test/target/test-dir/MiniOzoneClusterImpl-11e04269-4a3b-41a8-a8d0-fcdf29918043/datanode-5/data/ratis/420cdd75-6fa4-4f5f-921c-1d5c08a701d1/sm/snapshot.1_14 time:21
2019-10-02 20:07:50,710 [3093ea04-1862-4b93-9aff-542485acd0d6@group-1D5C08A701D1-StateMachineUpdater] INFO  impl.StateMachineUpdater (StateMachineUpdater.java:takeSnapshot(258)) - 3093ea04-1862-4b93-9aff-542485acd0d6@group-1D5C08A701D1-StateMachineUpdater: Took a snapshot at index 14
2019-10-02 20:07:50,710 [3093ea04-1862-4b93-9aff-542485acd0d6@group-1D5C08A701D1-StateMachineUpdater] INFO  impl.StateMachineUpdater (StateMachineUpdater.java:lambda$new$0(83)) - 3093ea04-1862-4b93-9aff-542485acd0d6@group-1D5C08A701D1-StateMachineUpdater: snapshotIndex: updateIncreasingly 14 -> 14
2019-10-02 20:07:50,710 [ForkJoinPool.commonPool-worker-0] INFO  impl.RaftServerImpl (ServerState.java:close(385)) - 3093ea04-1862-4b93-9aff-542485acd0d6@group-1D5C08A701D1: closes. applyIndex: 17
2019-10-02 20:07:50,711 [3093ea04-1862-4b93-9aff-542485acd0d6@group-1D5C08A701D1-SegmentedRaftLogWorker] INFO  segmented.SegmentedRaftLogWorker (SegmentedRaftLogWorker.java:run(313)) - 3093ea04-1862-4b93-9aff-542485acd0d6@group-1D5C08A701D1-SegmentedRaftLogWorker was interrupted, exiting. There are 0 tasks remaining in the queue.
2019-10-02 20:07:50,712 [ForkJoinPool.commonPool-worker-0] INFO  segmented.SegmentedRaftLogWorker (SegmentedRaftLogWorker.java:close(228)) - 3093ea04-1862-4b93-9aff-542485acd0d6@group-1D5C08A701D1-SegmentedRaftLogWorker close()
2019-10-02 20:07:50,716 [ForkJoinPool.commonPool-worker-0] INFO  impl.RaftServerImpl (RaftServerImpl.java:lambda$shutdown$3(251)) - 3093ea04-1862-4b93-9aff-542485acd0d6@group-E9CE805B5DC7: shutdown
2019-10-02 20:07:50,716 [ForkJoinPool.commonPool-worker-0] INFO  util.JmxRegister (JmxRegister.java:unregister(73)) - Successfully un-registered JMX Bean with object name Ratis:service=RaftServer,group=group-E9CE805B5DC7,id=3093ea04-1862-4b93-9aff-542485acd0d6
2019-10-02 20:07:50,716 [ForkJoinPool.commonPool-worker-0] INFO  impl.RoleInfo (RoleInfo.java:shutdownLeaderState(104)) - 3093ea04-1862-4b93-9aff-542485acd0d6: shutdown LeaderState
2019-10-02 20:07:50,717 [ForkJoinPool.commonPool-worker-0] INFO  impl.PendingRequests (PendingRequests.java:sendNotLeaderResponses(202)) - 3093ea04-1862-4b93-9aff-542485acd0d6-PendingRequests: sendNotLeaderResponses
2019-10-02 20:07:50,717 [ForkJoinPool.commonPool-worker-0] INFO  impl.StateMachineUpdater (StateMachineUpdater.java:stopAndJoin(125)) - 3093ea04-1862-4b93-9aff-542485acd0d6@group-E9CE805B5DC7-StateMachineUpdater: set stopIndex = 0
2019-10-02 20:07:50,717 [ForkJoinPool.commonPool-worker-0] INFO  impl.RaftServerImpl (ServerState.java:close(385)) - 3093ea04-1862-4b93-9aff-542485acd0d6@group-E9CE805B5DC7: closes. applyIndex: 0
2019-10-02 20:07:50,717 [3093ea04-1862-4b93-9aff-542485acd0d6@group-E9CE805B5DC7-SegmentedRaftLogWorker] INFO  segmented.SegmentedRaftLogWorker (SegmentedRaftLogWorker.java:run(313)) - 3093ea04-1862-4b93-9aff-542485acd0d6@group-E9CE805B5DC7-SegmentedRaftLogWorker was interrupted, exiting. There are 0 tasks remaining in the queue.
2019-10-02 20:07:50,718 [ForkJoinPool.commonPool-worker-0] INFO  segmented.SegmentedRaftLogWorker (SegmentedRaftLogWorker.java:close(228)) - 3093ea04-1862-4b93-9aff-542485acd0d6@group-E9CE805B5DC7-SegmentedRaftLogWorker close()
2019-10-02 20:07:50,719 [ForkJoinPool.commonPool-worker-0] INFO  server.GrpcService (GrpcService.java:closeImpl(164)) - 3093ea04-1862-4b93-9aff-542485acd0d6: shutdown server with port 40381 now
2019-10-02 20:07:50,719 [ForkJoinPool.commonPool-worker-0] INFO  server.GrpcService (GrpcService.java:closeImpl(172)) - 3093ea04-1862-4b93-9aff-542485acd0d6: shutdown server with port 40381 successfully
2019-10-02 20:07:50,720 [refreshUsed-/workdir/hadoop-ozone/integration-test/target/test-dir/MiniOzoneClusterImpl-11e04269-4a3b-41a8-a8d0-fcdf29918043/datanode-5/data/containers] WARN  fs.CachingGetSpaceUsed (CachingGetSpaceUsed.java:run(183)) - Thread Interrupted waiting to refresh disk information: sleep interrupted
2019-10-02 20:07:50,733 [ForkJoinPool.commonPool-worker-0] INFO  utils.BackgroundService (BackgroundService.java:shutdown(148)) - Shutting down service BlockDeletingService
2019-10-02 20:07:50,736 [ForkJoinPool.commonPool-worker-0] INFO  statemachine.DatanodeStateMachine (DatanodeStateMachine.java:stopDaemon(395)) - Ozone container server stopped.
2019-10-02 20:07:50,739 [ForkJoinPool.commonPool-worker-0] INFO  handler.ContextHandler (ContextHandler.java:doStop(910)) - Stopped o.e.j.w.WebAppContext@51f68849{/,null,UNAVAILABLE}{/hddsDatanode}
2019-10-02 20:07:50,739 [ForkJoinPool.commonPool-worker-0] INFO  server.AbstractConnector (AbstractConnector.java:doStop(318)) - Stopped ServerConnector@4eb9ae4d{HTTP/1.1,[http/1.1]}{0.0.0.0:0}
2019-10-02 20:07:50,740 [ForkJoinPool.commonPool-worker-0] INFO  handler.ContextHandler (ContextHandler.java:doStop(910)) - Stopped o.e.j.s.ServletContextHandler@191ec193{/static,jar:file:/home/user/.m2/repository/org/apache/hadoop/hadoop-hdds-container-service/0.5.0-SNAPSHOT/hadoop-hdds-container-service-0.5.0-SNAPSHOT.jar!/webapps/static,UNAVAILABLE}
2019-10-02 20:07:50,741 [ForkJoinPool.commonPool-worker-0] INFO  handler.ContextHandler (ContextHandler.java:doStop(910)) - Stopped o.e.j.s.ServletContextHandler@5864e8bf{/logs,file:///workdir/hadoop-ozone/integration-test/target/log,UNAVAILABLE}
2019-10-02 20:07:50,742 [main] INFO  ozone.MiniOzoneClusterImpl (MiniOzoneClusterImpl.java:stopSCM(392)) - Stopping the StorageContainerManager
2019-10-02 20:07:50,742 [main] INFO  server.StorageContainerManager (StorageContainerManager.java:stop(808)) - Stopping Replication Manager Service.
2019-10-02 20:07:50,742 [main] INFO  container.ReplicationManager (ReplicationManager.java:stop(203)) - Stopping Replication Monitor Thread.
2019-10-02 20:07:50,742 [main] INFO  server.StorageContainerManager (StorageContainerManager.java:stop(815)) - Stopping Lease Manager of the command watchers
2019-10-02 20:07:50,743 [main] INFO  server.StorageContainerManager (StorageContainerManager.java:stop(822)) - Stopping datanode service RPC server
2019-10-02 20:07:50,743 [main] INFO  server.SCMDatanodeProtocolServer (SCMDatanodeProtocolServer.java:stop(367)) - Stopping the RPC server for DataNodes
2019-10-02 20:07:50,743 [main] INFO  ipc.Server (Server.java:stop(3082)) - Stopping server on 36204
2019-10-02 20:07:50,745 [IPC Server listener on 36204] INFO  ipc.Server (Server.java:run(1185)) - Stopping IPC Server listener on 36204
2019-10-02 20:07:50,745 [IPC Server Responder] INFO  ipc.Server (Server.java:run(1319)) - Stopping IPC Server Responder
2019-10-02 20:07:50,816 [SCM Heartbeat Processing Thread - 0] WARN  node.NodeStateManager (NodeStateManager.java:scheduleNextHealthCheck(646)) - Current Thread is interrupted, shutting down HB processing thread for Node Manager.
2019-10-02 20:07:50,816 [main] INFO  server.StorageContainerManager (StorageContainerManager.java:stop(830)) - Stopping block service RPC server
2019-10-02 20:07:50,817 [main] INFO  server.SCMBlockProtocolServer (SCMBlockProtocolServer.java:stop(155)) - Stopping the RPC server for Block Protocol
2019-10-02 20:07:50,817 [main] INFO  ipc.Server (Server.java:stop(3082)) - Stopping server on 41020
2019-10-02 20:07:50,819 [main] INFO  server.StorageContainerManager (StorageContainerManager.java:stop(837)) - Stopping the StorageContainerLocationProtocol RPC server
2019-10-02 20:07:50,819 [main] INFO  server.SCMClientProtocolServer (SCMClientProtocolServer.java:stop(158)) - Stopping the RPC server for Client Protocol
2019-10-02 20:07:50,819 [IPC Server Responder] INFO  ipc.Server (Server.java:run(1319)) - Stopping IPC Server Responder
2019-10-02 20:07:50,819 [main] INFO  ipc.Server (Server.java:stop(3082)) - Stopping server on 44408
2019-10-02 20:07:50,819 [IPC Server listener on 41020] INFO  ipc.Server (Server.java:run(1185)) - Stopping IPC Server listener on 41020
2019-10-02 20:07:50,823 [main] INFO  server.StorageContainerManager (StorageContainerManager.java:stop(844)) - Stopping Storage Container Manager HTTP server.
2019-10-02 20:07:50,823 [IPC Server Responder] INFO  ipc.Server (Server.java:run(1319)) - Stopping IPC Server Responder
2019-10-02 20:07:50,823 [IPC Server listener on 44408] INFO  ipc.Server (Server.java:run(1185)) - Stopping IPC Server listener on 44408
2019-10-02 20:07:50,825 [main] INFO  handler.ContextHandler (ContextHandler.java:doStop(910)) - Stopped o.e.j.w.WebAppContext@37d28938{/,null,UNAVAILABLE}{/scm}
2019-10-02 20:07:50,825 [main] INFO  server.AbstractConnector (AbstractConnector.java:doStop(318)) - Stopped ServerConnector@7d0cd23c{HTTP/1.1,[http/1.1]}{0.0.0.0:0}
2019-10-02 20:07:50,826 [main] INFO  handler.ContextHandler (ContextHandler.java:doStop(910)) - Stopped o.e.j.s.ServletContextHandler@28be7fec{/static,file:///workdir/hadoop-ozone/integration-test/target/test-classes/webapps/static,UNAVAILABLE}
2019-10-02 20:07:50,826 [main] INFO  handler.ContextHandler (ContextHandler.java:doStop(910)) - Stopped o.e.j.s.ServletContextHandler@5c8d58ed{/logs,file:///workdir/hadoop-ozone/integration-test/target/log,UNAVAILABLE}
2019-10-02 20:07:50,834 [main] INFO  server.StorageContainerManager (StorageContainerManager.java:stop(855)) - Stopping Block Manager Service.
2019-10-02 20:07:50,834 [main] INFO  utils.BackgroundService (BackgroundService.java:shutdown(148)) - Shutting down service SCMBlockDeletingService
2019-10-02 20:07:50,835 [main] INFO  utils.BackgroundService (BackgroundService.java:shutdown(148)) - Shutting down service SCMBlockDeletingService
2019-10-02 20:07:50,835 [main] INFO  server.StorageContainerManager (StorageContainerManager.java:stop(877)) - Stopping SCM Event Queue.
2019-10-02 20:07:50,839 [main] INFO  impl.MetricsSystemImpl (MetricsSystemImpl.java:stop(210)) - Stopping HddsDatanode metrics system...
2019-10-02 20:07:50,858 [main] INFO  impl.MetricsSystemImpl (MetricsSystemImpl.java:stop(216)) - HddsDatanode metrics system stopped.
]]></system-out>
    <system-err><![CDATA[Oct 02, 2019 8:07:29 PM org.apache.ratis.thirdparty.io.grpc.internal.ManagedChannelOrphanWrapper$ManagedChannelReference cleanQueue
SEVERE: *~*~*~ Channel ManagedChannelImpl{logId=2803, target=192.168.151.67:43992} was not shutdown properly!!! ~*~*~*
    Make sure to call shutdown()/shutdownNow() and wait until awaitTermination() returns true.
java.lang.RuntimeException: ManagedChannel allocation site
	at org.apache.ratis.thirdparty.io.grpc.internal.ManagedChannelOrphanWrapper$ManagedChannelReference.<init>(ManagedChannelOrphanWrapper.java:103)
	at org.apache.ratis.thirdparty.io.grpc.internal.ManagedChannelOrphanWrapper.<init>(ManagedChannelOrphanWrapper.java:53)
	at org.apache.ratis.thirdparty.io.grpc.internal.ManagedChannelOrphanWrapper.<init>(ManagedChannelOrphanWrapper.java:44)
	at org.apache.ratis.thirdparty.io.grpc.internal.AbstractManagedChannelImplBuilder.build(AbstractManagedChannelImplBuilder.java:411)
	at org.apache.ratis.grpc.client.GrpcClientProtocolClient.<init>(GrpcClientProtocolClient.java:127)
	at org.apache.ratis.grpc.client.GrpcClientRpc.lambda$new$0(GrpcClientRpc.java:55)
	at org.apache.ratis.util.PeerProxyMap$PeerAndProxy.lambda$getProxy$0(PeerProxyMap.java:61)
	at org.apache.ratis.util.LifeCycle.startAndTransition(LifeCycle.java:202)
	at org.apache.ratis.util.PeerProxyMap$PeerAndProxy.getProxy(PeerProxyMap.java:60)
	at org.apache.ratis.util.PeerProxyMap.getProxy(PeerProxyMap.java:108)
	at org.apache.ratis.grpc.client.GrpcClientRpc.sendRequestAsync(GrpcClientRpc.java:66)
	at org.apache.ratis.client.impl.OrderedAsync.sendRequest(OrderedAsync.java:208)
	at org.apache.ratis.client.impl.OrderedAsync.sendRequestWithRetry(OrderedAsync.java:169)
	at org.apache.ratis.util.SlidingWindow$Client.sendOrDelayRequest(SlidingWindow.java:278)
	at org.apache.ratis.util.SlidingWindow$Client.submitNewRequest(SlidingWindow.java:257)
	at org.apache.ratis.client.impl.OrderedAsync.send(OrderedAsync.java:155)
	at org.apache.ratis.client.impl.RaftClientImpl.sendAsync(RaftClientImpl.java:144)
	at org.apache.ratis.client.impl.RaftClientImpl.sendAsync(RaftClientImpl.java:124)
	at org.apache.hadoop.hdds.scm.XceiverClientRatis.sendRequestAsync(XceiverClientRatis.java:234)
	at org.apache.hadoop.hdds.scm.XceiverClientRatis.sendCommandAsync(XceiverClientRatis.java:332)
	at org.apache.hadoop.hdds.scm.storage.ContainerProtocolCalls.writeChunkAsync(ContainerProtocolCalls.java:310)
	at org.apache.hadoop.hdds.scm.storage.BlockOutputStream.writeChunkToContainer(BlockOutputStream.java:601)
	at org.apache.hadoop.hdds.scm.storage.BlockOutputStream.writeChunk(BlockOutputStream.java:459)
	at org.apache.hadoop.hdds.scm.storage.BlockOutputStream.writeOnRetry(BlockOutputStream.java:285)
	at org.apache.hadoop.ozone.client.io.BlockOutputStreamEntry.writeOnRetry(BlockOutputStreamEntry.java:200)
	at org.apache.hadoop.ozone.client.io.KeyOutputStream.handleWrite(KeyOutputStream.java:206)
	at org.apache.hadoop.ozone.client.io.KeyOutputStream.handleRetry(KeyOutputStream.java:375)
	at org.apache.hadoop.ozone.client.io.KeyOutputStream.handleException(KeyOutputStream.java:324)
	at org.apache.hadoop.ozone.client.io.KeyOutputStream.handleFlushOrClose(KeyOutputStream.java:449)
	at org.apache.hadoop.ozone.client.io.KeyOutputStream.handleWrite(KeyOutputStream.java:232)
	at org.apache.hadoop.ozone.client.io.KeyOutputStream.write(KeyOutputStream.java:190)
	at org.apache.hadoop.ozone.client.io.OzoneOutputStream.write(OzoneOutputStream.java:49)
	at java.io.OutputStream.write(OutputStream.java:75)
	at org.apache.hadoop.ozone.client.rpc.TestBlockOutputStreamWithFailures.testWatchForCommitWithSingleNodeRatis(TestBlockOutputStreamWithFailures.java:885)
	at sun.reflect.NativeMethodAccessorImpl.invoke0(Native Method)
	at sun.reflect.NativeMethodAccessorImpl.invoke(NativeMethodAccessorImpl.java:62)
	at sun.reflect.DelegatingMethodAccessorImpl.invoke(DelegatingMethodAccessorImpl.java:43)
	at java.lang.reflect.Method.invoke(Method.java:498)
	at org.junit.runners.model.FrameworkMethod$1.runReflectiveCall(FrameworkMethod.java:47)
	at org.junit.internal.runners.model.ReflectiveCallable.run(ReflectiveCallable.java:12)
	at org.junit.runners.model.FrameworkMethod.invokeExplosively(FrameworkMethod.java:44)
	at org.junit.internal.runners.statements.InvokeMethod.evaluate(InvokeMethod.java:17)
	at org.junit.internal.runners.statements.RunBefores.evaluate(RunBefores.java:26)
	at org.junit.internal.runners.statements.RunAfters.evaluate(RunAfters.java:27)
	at org.junit.runners.ParentRunner.runLeaf(ParentRunner.java:271)
	at org.junit.runners.BlockJUnit4ClassRunner.runChild(BlockJUnit4ClassRunner.java:70)
	at org.junit.runners.BlockJUnit4ClassRunner.runChild(BlockJUnit4ClassRunner.java:50)
	at org.junit.runners.ParentRunner$3.run(ParentRunner.java:238)
	at org.junit.runners.ParentRunner$1.schedule(ParentRunner.java:63)
	at org.junit.runners.ParentRunner.runChildren(ParentRunner.java:236)
	at org.junit.runners.ParentRunner.access$000(ParentRunner.java:53)
	at org.junit.runners.ParentRunner$2.evaluate(ParentRunner.java:229)
	at org.junit.runners.ParentRunner.run(ParentRunner.java:309)
	at org.apache.maven.surefire.junit4.JUnit4Provider.execute(JUnit4Provider.java:365)
	at org.apache.maven.surefire.junit4.JUnit4Provider.executeWithRerun(JUnit4Provider.java:273)
	at org.apache.maven.surefire.junit4.JUnit4Provider.executeTestSet(JUnit4Provider.java:238)
	at org.apache.maven.surefire.junit4.JUnit4Provider.invoke(JUnit4Provider.java:159)
	at org.apache.maven.surefire.booter.ForkedBooter.invokeProviderInSameClassLoader(ForkedBooter.java:384)
	at org.apache.maven.surefire.booter.ForkedBooter.runSuitesInProcess(ForkedBooter.java:345)
	at org.apache.maven.surefire.booter.ForkedBooter.execute(ForkedBooter.java:126)
	at org.apache.maven.surefire.booter.ForkedBooter.main(ForkedBooter.java:418)

Oct 02, 2019 8:07:30 PM org.apache.ratis.thirdparty.io.grpc.internal.ManagedChannelOrphanWrapper$ManagedChannelReference cleanQueue
SEVERE: *~*~*~ Channel ManagedChannelImpl{logId=2813, target=192.168.151.67:39025} was not shutdown properly!!! ~*~*~*
    Make sure to call shutdown()/shutdownNow() and wait until awaitTermination() returns true.
java.lang.RuntimeException: ManagedChannel allocation site
	at org.apache.ratis.thirdparty.io.grpc.internal.ManagedChannelOrphanWrapper$ManagedChannelReference.<init>(ManagedChannelOrphanWrapper.java:103)
	at org.apache.ratis.thirdparty.io.grpc.internal.ManagedChannelOrphanWrapper.<init>(ManagedChannelOrphanWrapper.java:53)
	at org.apache.ratis.thirdparty.io.grpc.internal.ManagedChannelOrphanWrapper.<init>(ManagedChannelOrphanWrapper.java:44)
	at org.apache.ratis.thirdparty.io.grpc.internal.AbstractManagedChannelImplBuilder.build(AbstractManagedChannelImplBuilder.java:411)
	at org.apache.hadoop.hdds.scm.XceiverClientGrpc.connectToDatanode(XceiverClientGrpc.java:181)
	at org.apache.hadoop.hdds.scm.XceiverClientGrpc.reconnect(XceiverClientGrpc.java:429)
	at org.apache.hadoop.hdds.scm.XceiverClientGrpc.sendCommandAsync(XceiverClientGrpc.java:378)
	at org.apache.hadoop.hdds.scm.XceiverClientGrpc.sendCommandWithRetry(XceiverClientGrpc.java:291)
	at org.apache.hadoop.hdds.scm.XceiverClientGrpc.sendCommandWithTraceIDAndRetry(XceiverClientGrpc.java:257)
	at org.apache.hadoop.hdds.scm.XceiverClientGrpc.sendCommand(XceiverClientGrpc.java:240)
	at org.apache.hadoop.hdds.scm.storage.ContainerProtocolCalls.getBlock(ContainerProtocolCalls.java:118)
	at org.apache.hadoop.hdds.scm.storage.BlockInputStream.getChunkInfos(BlockInputStream.java:167)
	at org.apache.hadoop.hdds.scm.storage.BlockInputStream.initialize(BlockInputStream.java:118)
	at org.apache.hadoop.hdds.scm.storage.BlockInputStream.read(BlockInputStream.java:222)
	at org.apache.hadoop.ozone.client.io.KeyInputStream.read(KeyInputStream.java:171)
	at org.apache.hadoop.ozone.client.io.OzoneInputStream.read(OzoneInputStream.java:47)
	at java.io.InputStream.read(InputStream.java:101)
	at org.apache.hadoop.ozone.container.ContainerTestHelper.validateData(ContainerTestHelper.java:714)
	at org.apache.hadoop.ozone.client.rpc.TestBlockOutputStreamWithFailures.validateData(TestBlockOutputStreamWithFailures.java:1216)
	at org.apache.hadoop.ozone.client.rpc.TestBlockOutputStreamWithFailures.testWatchForCommitWithSingleNodeRatis(TestBlockOutputStreamWithFailures.java:918)
	at sun.reflect.NativeMethodAccessorImpl.invoke0(Native Method)
	at sun.reflect.NativeMethodAccessorImpl.invoke(NativeMethodAccessorImpl.java:62)
	at sun.reflect.DelegatingMethodAccessorImpl.invoke(DelegatingMethodAccessorImpl.java:43)
	at java.lang.reflect.Method.invoke(Method.java:498)
	at org.junit.runners.model.FrameworkMethod$1.runReflectiveCall(FrameworkMethod.java:47)
	at org.junit.internal.runners.model.ReflectiveCallable.run(ReflectiveCallable.java:12)
	at org.junit.runners.model.FrameworkMethod.invokeExplosively(FrameworkMethod.java:44)
	at org.junit.internal.runners.statements.InvokeMethod.evaluate(InvokeMethod.java:17)
	at org.junit.internal.runners.statements.RunBefores.evaluate(RunBefores.java:26)
	at org.junit.internal.runners.statements.RunAfters.evaluate(RunAfters.java:27)
	at org.junit.runners.ParentRunner.runLeaf(ParentRunner.java:271)
	at org.junit.runners.BlockJUnit4ClassRunner.runChild(BlockJUnit4ClassRunner.java:70)
	at org.junit.runners.BlockJUnit4ClassRunner.runChild(BlockJUnit4ClassRunner.java:50)
	at org.junit.runners.ParentRunner$3.run(ParentRunner.java:238)
	at org.junit.runners.ParentRunner$1.schedule(ParentRunner.java:63)
	at org.junit.runners.ParentRunner.runChildren(ParentRunner.java:236)
	at org.junit.runners.ParentRunner.access$000(ParentRunner.java:53)
	at org.junit.runners.ParentRunner$2.evaluate(ParentRunner.java:229)
	at org.junit.runners.ParentRunner.run(ParentRunner.java:309)
	at org.apache.maven.surefire.junit4.JUnit4Provider.execute(JUnit4Provider.java:365)
	at org.apache.maven.surefire.junit4.JUnit4Provider.executeWithRerun(JUnit4Provider.java:273)
	at org.apache.maven.surefire.junit4.JUnit4Provider.executeTestSet(JUnit4Provider.java:238)
	at org.apache.maven.surefire.junit4.JUnit4Provider.invoke(JUnit4Provider.java:159)
	at org.apache.maven.surefire.booter.ForkedBooter.invokeProviderInSameClassLoader(ForkedBooter.java:384)
	at org.apache.maven.surefire.booter.ForkedBooter.runSuitesInProcess(ForkedBooter.java:345)
	at org.apache.maven.surefire.booter.ForkedBooter.execute(ForkedBooter.java:126)
	at org.apache.maven.surefire.booter.ForkedBooter.main(ForkedBooter.java:418)

Oct 02, 2019 8:07:30 PM org.apache.ratis.thirdparty.io.grpc.internal.ManagedChannelOrphanWrapper$ManagedChannelReference cleanQueue
SEVERE: *~*~*~ Channel ManagedChannelImpl{logId=2556, target=192.168.151.67:37694} was not shutdown properly!!! ~*~*~*
    Make sure to call shutdown()/shutdownNow() and wait until awaitTermination() returns true.
java.lang.RuntimeException: ManagedChannel allocation site
	at org.apache.ratis.thirdparty.io.grpc.internal.ManagedChannelOrphanWrapper$ManagedChannelReference.<init>(ManagedChannelOrphanWrapper.java:103)
	at org.apache.ratis.thirdparty.io.grpc.internal.ManagedChannelOrphanWrapper.<init>(ManagedChannelOrphanWrapper.java:53)
	at org.apache.ratis.thirdparty.io.grpc.internal.ManagedChannelOrphanWrapper.<init>(ManagedChannelOrphanWrapper.java:44)
	at org.apache.ratis.thirdparty.io.grpc.internal.AbstractManagedChannelImplBuilder.build(AbstractManagedChannelImplBuilder.java:411)
	at org.apache.ratis.grpc.client.GrpcClientProtocolClient.<init>(GrpcClientProtocolClient.java:127)
	at org.apache.ratis.grpc.client.GrpcClientRpc.lambda$new$0(GrpcClientRpc.java:55)
	at org.apache.ratis.util.PeerProxyMap$PeerAndProxy.lambda$getProxy$0(PeerProxyMap.java:61)
	at org.apache.ratis.util.LifeCycle.startAndTransition(LifeCycle.java:202)
	at org.apache.ratis.util.PeerProxyMap$PeerAndProxy.getProxy(PeerProxyMap.java:60)
	at org.apache.ratis.util.PeerProxyMap.getProxy(PeerProxyMap.java:108)
	at org.apache.ratis.grpc.client.GrpcClientRpc.sendRequestAsync(GrpcClientRpc.java:66)
	at org.apache.ratis.client.impl.OrderedAsync.sendRequest(OrderedAsync.java:208)
	at org.apache.ratis.client.impl.OrderedAsync.sendRequestWithRetry(OrderedAsync.java:169)
	at org.apache.ratis.util.SlidingWindow$Client.sendOrDelayRequest(SlidingWindow.java:278)
	at org.apache.ratis.util.SlidingWindow$Client.submitNewRequest(SlidingWindow.java:257)
	at org.apache.ratis.client.impl.OrderedAsync.send(OrderedAsync.java:155)
	at org.apache.ratis.client.impl.RaftClientImpl.sendAsync(RaftClientImpl.java:144)
	at org.apache.ratis.client.impl.RaftClientImpl.sendAsync(RaftClientImpl.java:124)
	at org.apache.hadoop.hdds.scm.XceiverClientRatis.sendRequestAsync(XceiverClientRatis.java:234)
	at org.apache.hadoop.hdds.scm.XceiverClientRatis.sendCommandAsync(XceiverClientRatis.java:332)
	at org.apache.hadoop.hdds.scm.storage.ContainerProtocolCalls.writeChunkAsync(ContainerProtocolCalls.java:310)
	at org.apache.hadoop.hdds.scm.storage.BlockOutputStream.writeChunkToContainer(BlockOutputStream.java:601)
	at org.apache.hadoop.hdds.scm.storage.BlockOutputStream.writeChunk(BlockOutputStream.java:459)
	at org.apache.hadoop.hdds.scm.storage.BlockOutputStream.writeOnRetry(BlockOutputStream.java:285)
	at org.apache.hadoop.ozone.client.io.BlockOutputStreamEntry.writeOnRetry(BlockOutputStreamEntry.java:200)
	at org.apache.hadoop.ozone.client.io.KeyOutputStream.handleWrite(KeyOutputStream.java:206)
	at org.apache.hadoop.ozone.client.io.KeyOutputStream.handleRetry(KeyOutputStream.java:375)
	at org.apache.hadoop.ozone.client.io.KeyOutputStream.handleException(KeyOutputStream.java:324)
	at org.apache.hadoop.ozone.client.io.KeyOutputStream.handleFlushOrClose(KeyOutputStream.java:449)
	at org.apache.hadoop.ozone.client.io.KeyOutputStream.handleWrite(KeyOutputStream.java:232)
	at org.apache.hadoop.ozone.client.io.KeyOutputStream.write(KeyOutputStream.java:190)
	at org.apache.hadoop.ozone.client.io.OzoneOutputStream.write(OzoneOutputStream.java:49)
	at java.io.OutputStream.write(OutputStream.java:75)
	at org.apache.hadoop.ozone.client.rpc.TestBlockOutputStreamWithFailures.testDatanodeFailureWithSingleNodeRatis(TestBlockOutputStreamWithFailures.java:1021)
	at sun.reflect.NativeMethodAccessorImpl.invoke0(Native Method)
	at sun.reflect.NativeMethodAccessorImpl.invoke(NativeMethodAccessorImpl.java:62)
	at sun.reflect.DelegatingMethodAccessorImpl.invoke(DelegatingMethodAccessorImpl.java:43)
	at java.lang.reflect.Method.invoke(Method.java:498)
	at org.junit.runners.model.FrameworkMethod$1.runReflectiveCall(FrameworkMethod.java:47)
	at org.junit.internal.runners.model.ReflectiveCallable.run(ReflectiveCallable.java:12)
	at org.junit.runners.model.FrameworkMethod.invokeExplosively(FrameworkMethod.java:44)
	at org.junit.internal.runners.statements.InvokeMethod.evaluate(InvokeMethod.java:17)
	at org.junit.internal.runners.statements.RunBefores.evaluate(RunBefores.java:26)
	at org.junit.internal.runners.statements.RunAfters.evaluate(RunAfters.java:27)
	at org.junit.runners.ParentRunner.runLeaf(ParentRunner.java:271)
	at org.junit.runners.BlockJUnit4ClassRunner.runChild(BlockJUnit4ClassRunner.java:70)
	at org.junit.runners.BlockJUnit4ClassRunner.runChild(BlockJUnit4ClassRunner.java:50)
	at org.junit.runners.ParentRunner$3.run(ParentRunner.java:238)
	at org.junit.runners.ParentRunner$1.schedule(ParentRunner.java:63)
	at org.junit.runners.ParentRunner.runChildren(ParentRunner.java:236)
	at org.junit.runners.ParentRunner.access$000(ParentRunner.java:53)
	at org.junit.runners.ParentRunner$2.evaluate(ParentRunner.java:229)
	at org.junit.runners.ParentRunner.run(ParentRunner.java:309)
	at org.apache.maven.surefire.junit4.JUnit4Provider.execute(JUnit4Provider.java:365)
	at org.apache.maven.surefire.junit4.JUnit4Provider.executeWithRerun(JUnit4Provider.java:273)
	at org.apache.maven.surefire.junit4.JUnit4Provider.executeTestSet(JUnit4Provider.java:238)
	at org.apache.maven.surefire.junit4.JUnit4Provider.invoke(JUnit4Provider.java:159)
	at org.apache.maven.surefire.booter.ForkedBooter.invokeProviderInSameClassLoader(ForkedBooter.java:384)
	at org.apache.maven.surefire.booter.ForkedBooter.runSuitesInProcess(ForkedBooter.java:345)
	at org.apache.maven.surefire.booter.ForkedBooter.execute(ForkedBooter.java:126)
	at org.apache.maven.surefire.booter.ForkedBooter.main(ForkedBooter.java:418)

Oct 02, 2019 8:07:30 PM org.apache.ratis.thirdparty.io.grpc.internal.ManagedChannelOrphanWrapper$ManagedChannelReference cleanQueue
SEVERE: *~*~*~ Channel ManagedChannelImpl{logId=2584, target=192.168.151.67:35424} was not shutdown properly!!! ~*~*~*
    Make sure to call shutdown()/shutdownNow() and wait until awaitTermination() returns true.
java.lang.RuntimeException: ManagedChannel allocation site
	at org.apache.ratis.thirdparty.io.grpc.internal.ManagedChannelOrphanWrapper$ManagedChannelReference.<init>(ManagedChannelOrphanWrapper.java:103)
	at org.apache.ratis.thirdparty.io.grpc.internal.ManagedChannelOrphanWrapper.<init>(ManagedChannelOrphanWrapper.java:53)
	at org.apache.ratis.thirdparty.io.grpc.internal.ManagedChannelOrphanWrapper.<init>(ManagedChannelOrphanWrapper.java:44)
	at org.apache.ratis.thirdparty.io.grpc.internal.AbstractManagedChannelImplBuilder.build(AbstractManagedChannelImplBuilder.java:411)
	at org.apache.hadoop.hdds.scm.XceiverClientGrpc.connectToDatanode(XceiverClientGrpc.java:181)
	at org.apache.hadoop.hdds.scm.XceiverClientGrpc.reconnect(XceiverClientGrpc.java:429)
	at org.apache.hadoop.hdds.scm.XceiverClientGrpc.sendCommandAsync(XceiverClientGrpc.java:378)
	at org.apache.hadoop.hdds.scm.XceiverClientGrpc.sendCommandWithRetry(XceiverClientGrpc.java:291)
	at org.apache.hadoop.hdds.scm.XceiverClientGrpc.sendCommandWithTraceIDAndRetry(XceiverClientGrpc.java:257)
	at org.apache.hadoop.hdds.scm.XceiverClientGrpc.sendCommand(XceiverClientGrpc.java:240)
	at org.apache.hadoop.hdds.scm.storage.ContainerProtocolCalls.getBlock(ContainerProtocolCalls.java:118)
	at org.apache.hadoop.hdds.scm.storage.BlockInputStream.getChunkInfos(BlockInputStream.java:167)
	at org.apache.hadoop.hdds.scm.storage.BlockInputStream.initialize(BlockInputStream.java:118)
	at org.apache.hadoop.hdds.scm.storage.BlockInputStream.read(BlockInputStream.java:222)
	at org.apache.hadoop.ozone.client.io.KeyInputStream.read(KeyInputStream.java:171)
	at org.apache.hadoop.ozone.client.io.OzoneInputStream.read(OzoneInputStream.java:47)
	at java.io.InputStream.read(InputStream.java:101)
	at org.apache.hadoop.ozone.container.ContainerTestHelper.validateData(ContainerTestHelper.java:714)
	at org.apache.hadoop.ozone.client.rpc.TestBlockOutputStreamWithFailures.validateData(TestBlockOutputStreamWithFailures.java:1216)
	at org.apache.hadoop.ozone.client.rpc.TestBlockOutputStreamWithFailures.testDatanodeFailureWithSingleNodeRatis(TestBlockOutputStreamWithFailures.java:1058)
	at sun.reflect.NativeMethodAccessorImpl.invoke0(Native Method)
	at sun.reflect.NativeMethodAccessorImpl.invoke(NativeMethodAccessorImpl.java:62)
	at sun.reflect.DelegatingMethodAccessorImpl.invoke(DelegatingMethodAccessorImpl.java:43)
	at java.lang.reflect.Method.invoke(Method.java:498)
	at org.junit.runners.model.FrameworkMethod$1.runReflectiveCall(FrameworkMethod.java:47)
	at org.junit.internal.runners.model.ReflectiveCallable.run(ReflectiveCallable.java:12)
	at org.junit.runners.model.FrameworkMethod.invokeExplosively(FrameworkMethod.java:44)
	at org.junit.internal.runners.statements.InvokeMethod.evaluate(InvokeMethod.java:17)
	at org.junit.internal.runners.statements.RunBefores.evaluate(RunBefores.java:26)
	at org.junit.internal.runners.statements.RunAfters.evaluate(RunAfters.java:27)
	at org.junit.runners.ParentRunner.runLeaf(ParentRunner.java:271)
	at org.junit.runners.BlockJUnit4ClassRunner.runChild(BlockJUnit4ClassRunner.java:70)
	at org.junit.runners.BlockJUnit4ClassRunner.runChild(BlockJUnit4ClassRunner.java:50)
	at org.junit.runners.ParentRunner$3.run(ParentRunner.java:238)
	at org.junit.runners.ParentRunner$1.schedule(ParentRunner.java:63)
	at org.junit.runners.ParentRunner.runChildren(ParentRunner.java:236)
	at org.junit.runners.ParentRunner.access$000(ParentRunner.java:53)
	at org.junit.runners.ParentRunner$2.evaluate(ParentRunner.java:229)
	at org.junit.runners.ParentRunner.run(ParentRunner.java:309)
	at org.apache.maven.surefire.junit4.JUnit4Provider.execute(JUnit4Provider.java:365)
	at org.apache.maven.surefire.junit4.JUnit4Provider.executeWithRerun(JUnit4Provider.java:273)
	at org.apache.maven.surefire.junit4.JUnit4Provider.executeTestSet(JUnit4Provider.java:238)
	at org.apache.maven.surefire.junit4.JUnit4Provider.invoke(JUnit4Provider.java:159)
	at org.apache.maven.surefire.booter.ForkedBooter.invokeProviderInSameClassLoader(ForkedBooter.java:384)
	at org.apache.maven.surefire.booter.ForkedBooter.runSuitesInProcess(ForkedBooter.java:345)
	at org.apache.maven.surefire.booter.ForkedBooter.execute(ForkedBooter.java:126)
	at org.apache.maven.surefire.booter.ForkedBooter.main(ForkedBooter.java:418)

Oct 02, 2019 8:07:30 PM org.apache.ratis.thirdparty.io.grpc.internal.ManagedChannelOrphanWrapper$ManagedChannelReference cleanQueue
SEVERE: *~*~*~ Channel ManagedChannelImpl{logId=2808, target=192.168.151.67:41695} was not shutdown properly!!! ~*~*~*
    Make sure to call shutdown()/shutdownNow() and wait until awaitTermination() returns true.
java.lang.RuntimeException: ManagedChannel allocation site
	at org.apache.ratis.thirdparty.io.grpc.internal.ManagedChannelOrphanWrapper$ManagedChannelReference.<init>(ManagedChannelOrphanWrapper.java:103)
	at org.apache.ratis.thirdparty.io.grpc.internal.ManagedChannelOrphanWrapper.<init>(ManagedChannelOrphanWrapper.java:53)
	at org.apache.ratis.thirdparty.io.grpc.internal.ManagedChannelOrphanWrapper.<init>(ManagedChannelOrphanWrapper.java:44)
	at org.apache.ratis.thirdparty.io.grpc.internal.AbstractManagedChannelImplBuilder.build(AbstractManagedChannelImplBuilder.java:411)
	at org.apache.hadoop.hdds.scm.XceiverClientGrpc.connectToDatanode(XceiverClientGrpc.java:181)
	at org.apache.hadoop.hdds.scm.XceiverClientGrpc.reconnect(XceiverClientGrpc.java:429)
	at org.apache.hadoop.hdds.scm.XceiverClientGrpc.sendCommandAsync(XceiverClientGrpc.java:378)
	at org.apache.hadoop.hdds.scm.XceiverClientGrpc.sendCommandWithRetry(XceiverClientGrpc.java:291)
	at org.apache.hadoop.hdds.scm.XceiverClientGrpc.sendCommandWithTraceIDAndRetry(XceiverClientGrpc.java:257)
	at org.apache.hadoop.hdds.scm.XceiverClientGrpc.sendCommand(XceiverClientGrpc.java:240)
	at org.apache.hadoop.hdds.scm.storage.ContainerProtocolCalls.getBlock(ContainerProtocolCalls.java:118)
	at org.apache.hadoop.hdds.scm.storage.BlockInputStream.getChunkInfos(BlockInputStream.java:167)
	at org.apache.hadoop.hdds.scm.storage.BlockInputStream.initialize(BlockInputStream.java:118)
	at org.apache.hadoop.hdds.scm.storage.BlockInputStream.read(BlockInputStream.java:222)
	at org.apache.hadoop.ozone.client.io.KeyInputStream.read(KeyInputStream.java:171)
	at org.apache.hadoop.ozone.client.io.OzoneInputStream.read(OzoneInputStream.java:47)
	at java.io.InputStream.read(InputStream.java:101)
	at org.apache.hadoop.ozone.container.ContainerTestHelper.validateData(ContainerTestHelper.java:714)
	at org.apache.hadoop.ozone.client.rpc.TestBlockOutputStreamWithFailures.validateData(TestBlockOutputStreamWithFailures.java:1216)
	at org.apache.hadoop.ozone.client.rpc.TestBlockOutputStreamWithFailures.testWatchForCommitWithSingleNodeRatis(TestBlockOutputStreamWithFailures.java:918)
	at sun.reflect.NativeMethodAccessorImpl.invoke0(Native Method)
	at sun.reflect.NativeMethodAccessorImpl.invoke(NativeMethodAccessorImpl.java:62)
	at sun.reflect.DelegatingMethodAccessorImpl.invoke(DelegatingMethodAccessorImpl.java:43)
	at java.lang.reflect.Method.invoke(Method.java:498)
	at org.junit.runners.model.FrameworkMethod$1.runReflectiveCall(FrameworkMethod.java:47)
	at org.junit.internal.runners.model.ReflectiveCallable.run(ReflectiveCallable.java:12)
	at org.junit.runners.model.FrameworkMethod.invokeExplosively(FrameworkMethod.java:44)
	at org.junit.internal.runners.statements.InvokeMethod.evaluate(InvokeMethod.java:17)
	at org.junit.internal.runners.statements.RunBefores.evaluate(RunBefores.java:26)
	at org.junit.internal.runners.statements.RunAfters.evaluate(RunAfters.java:27)
	at org.junit.runners.ParentRunner.runLeaf(ParentRunner.java:271)
	at org.junit.runners.BlockJUnit4ClassRunner.runChild(BlockJUnit4ClassRunner.java:70)
	at org.junit.runners.BlockJUnit4ClassRunner.runChild(BlockJUnit4ClassRunner.java:50)
	at org.junit.runners.ParentRunner$3.run(ParentRunner.java:238)
	at org.junit.runners.ParentRunner$1.schedule(ParentRunner.java:63)
	at org.junit.runners.ParentRunner.runChildren(ParentRunner.java:236)
	at org.junit.runners.ParentRunner.access$000(ParentRunner.java:53)
	at org.junit.runners.ParentRunner$2.evaluate(ParentRunner.java:229)
	at org.junit.runners.ParentRunner.run(ParentRunner.java:309)
	at org.apache.maven.surefire.junit4.JUnit4Provider.execute(JUnit4Provider.java:365)
	at org.apache.maven.surefire.junit4.JUnit4Provider.executeWithRerun(JUnit4Provider.java:273)
	at org.apache.maven.surefire.junit4.JUnit4Provider.executeTestSet(JUnit4Provider.java:238)
	at org.apache.maven.surefire.junit4.JUnit4Provider.invoke(JUnit4Provider.java:159)
	at org.apache.maven.surefire.booter.ForkedBooter.invokeProviderInSameClassLoader(ForkedBooter.java:384)
	at org.apache.maven.surefire.booter.ForkedBooter.runSuitesInProcess(ForkedBooter.java:345)
	at org.apache.maven.surefire.booter.ForkedBooter.execute(ForkedBooter.java:126)
	at org.apache.maven.surefire.booter.ForkedBooter.main(ForkedBooter.java:418)

Oct 02, 2019 8:07:30 PM org.apache.ratis.thirdparty.io.grpc.internal.ManagedChannelOrphanWrapper$ManagedChannelReference cleanQueue
SEVERE: *~*~*~ Channel ManagedChannelImpl{logId=2798, target=192.168.151.67:37285} was not shutdown properly!!! ~*~*~*
    Make sure to call shutdown()/shutdownNow() and wait until awaitTermination() returns true.
java.lang.RuntimeException: ManagedChannel allocation site
	at org.apache.ratis.thirdparty.io.grpc.internal.ManagedChannelOrphanWrapper$ManagedChannelReference.<init>(ManagedChannelOrphanWrapper.java:103)
	at org.apache.ratis.thirdparty.io.grpc.internal.ManagedChannelOrphanWrapper.<init>(ManagedChannelOrphanWrapper.java:53)
	at org.apache.ratis.thirdparty.io.grpc.internal.ManagedChannelOrphanWrapper.<init>(ManagedChannelOrphanWrapper.java:44)
	at org.apache.ratis.thirdparty.io.grpc.internal.AbstractManagedChannelImplBuilder.build(AbstractManagedChannelImplBuilder.java:411)
	at org.apache.ratis.grpc.client.GrpcClientProtocolClient.<init>(GrpcClientProtocolClient.java:127)
	at org.apache.ratis.grpc.client.GrpcClientRpc.lambda$new$0(GrpcClientRpc.java:55)
	at org.apache.ratis.util.PeerProxyMap$PeerAndProxy.lambda$getProxy$0(PeerProxyMap.java:61)
	at org.apache.ratis.util.LifeCycle.startAndTransition(LifeCycle.java:202)
	at org.apache.ratis.util.PeerProxyMap$PeerAndProxy.getProxy(PeerProxyMap.java:60)
	at org.apache.ratis.util.PeerProxyMap.getProxy(PeerProxyMap.java:108)
	at org.apache.ratis.grpc.client.GrpcClientRpc.sendRequestAsync(GrpcClientRpc.java:66)
	at org.apache.ratis.client.impl.OrderedAsync.sendRequest(OrderedAsync.java:208)
	at org.apache.ratis.client.impl.OrderedAsync.sendRequestWithRetry(OrderedAsync.java:169)
	at org.apache.ratis.util.SlidingWindow$Client.sendOrDelayRequest(SlidingWindow.java:278)
	at org.apache.ratis.util.SlidingWindow$Client.retry(SlidingWindow.java:294)
	at org.apache.ratis.client.impl.OrderedAsync.lambda$scheduleWithTimeout$7(OrderedAsync.java:195)
	at org.apache.ratis.util.TimeoutScheduler.lambda$onTimeout$0(TimeoutScheduler.java:113)
	at org.apache.ratis.util.TimeoutScheduler.lambda$onTimeout$1(TimeoutScheduler.java:133)
	at org.apache.ratis.util.LogUtils.runAndLog(LogUtils.java:50)
	at org.apache.ratis.util.LogUtils$1.run(LogUtils.java:91)
	at java.util.concurrent.Executors$RunnableAdapter.call(Executors.java:511)
	at java.util.concurrent.FutureTask.run(FutureTask.java:266)
	at java.util.concurrent.ScheduledThreadPoolExecutor$ScheduledFutureTask.access$201(ScheduledThreadPoolExecutor.java:180)
	at java.util.concurrent.ScheduledThreadPoolExecutor$ScheduledFutureTask.run(ScheduledThreadPoolExecutor.java:293)
	at java.util.concurrent.ThreadPoolExecutor.runWorker(ThreadPoolExecutor.java:1149)
	at java.util.concurrent.ThreadPoolExecutor$Worker.run(ThreadPoolExecutor.java:624)
	at java.lang.Thread.run(Thread.java:748)

Oct 02, 2019 8:07:30 PM org.apache.ratis.thirdparty.io.grpc.internal.ManagedChannelOrphanWrapper$ManagedChannelReference cleanQueue
SEVERE: *~*~*~ Channel ManagedChannelImpl{logId=2589, target=192.168.151.67:34574} was not shutdown properly!!! ~*~*~*
    Make sure to call shutdown()/shutdownNow() and wait until awaitTermination() returns true.
java.lang.RuntimeException: ManagedChannel allocation site
	at org.apache.ratis.thirdparty.io.grpc.internal.ManagedChannelOrphanWrapper$ManagedChannelReference.<init>(ManagedChannelOrphanWrapper.java:103)
	at org.apache.ratis.thirdparty.io.grpc.internal.ManagedChannelOrphanWrapper.<init>(ManagedChannelOrphanWrapper.java:53)
	at org.apache.ratis.thirdparty.io.grpc.internal.ManagedChannelOrphanWrapper.<init>(ManagedChannelOrphanWrapper.java:44)
	at org.apache.ratis.thirdparty.io.grpc.internal.AbstractManagedChannelImplBuilder.build(AbstractManagedChannelImplBuilder.java:411)
	at org.apache.hadoop.hdds.scm.XceiverClientGrpc.connectToDatanode(XceiverClientGrpc.java:181)
	at org.apache.hadoop.hdds.scm.XceiverClientGrpc.reconnect(XceiverClientGrpc.java:429)
	at org.apache.hadoop.hdds.scm.XceiverClientGrpc.sendCommandAsync(XceiverClientGrpc.java:378)
	at org.apache.hadoop.hdds.scm.XceiverClientGrpc.sendCommandWithRetry(XceiverClientGrpc.java:291)
	at org.apache.hadoop.hdds.scm.XceiverClientGrpc.sendCommandWithTraceIDAndRetry(XceiverClientGrpc.java:257)
	at org.apache.hadoop.hdds.scm.XceiverClientGrpc.sendCommand(XceiverClientGrpc.java:240)
	at org.apache.hadoop.hdds.scm.storage.ContainerProtocolCalls.getBlock(ContainerProtocolCalls.java:118)
	at org.apache.hadoop.hdds.scm.storage.BlockInputStream.getChunkInfos(BlockInputStream.java:167)
	at org.apache.hadoop.hdds.scm.storage.BlockInputStream.initialize(BlockInputStream.java:118)
	at org.apache.hadoop.hdds.scm.storage.BlockInputStream.read(BlockInputStream.java:222)
	at org.apache.hadoop.ozone.client.io.KeyInputStream.read(KeyInputStream.java:171)
	at org.apache.hadoop.ozone.client.io.OzoneInputStream.read(OzoneInputStream.java:47)
	at java.io.InputStream.read(InputStream.java:101)
	at org.apache.hadoop.ozone.container.ContainerTestHelper.validateData(ContainerTestHelper.java:714)
	at org.apache.hadoop.ozone.client.rpc.TestBlockOutputStreamWithFailures.validateData(TestBlockOutputStreamWithFailures.java:1216)
	at org.apache.hadoop.ozone.client.rpc.TestBlockOutputStreamWithFailures.testDatanodeFailureWithSingleNodeRatis(TestBlockOutputStreamWithFailures.java:1058)
	at sun.reflect.NativeMethodAccessorImpl.invoke0(Native Method)
	at sun.reflect.NativeMethodAccessorImpl.invoke(NativeMethodAccessorImpl.java:62)
	at sun.reflect.DelegatingMethodAccessorImpl.invoke(DelegatingMethodAccessorImpl.java:43)
	at java.lang.reflect.Method.invoke(Method.java:498)
	at org.junit.runners.model.FrameworkMethod$1.runReflectiveCall(FrameworkMethod.java:47)
	at org.junit.internal.runners.model.ReflectiveCallable.run(ReflectiveCallable.java:12)
	at org.junit.runners.model.FrameworkMethod.invokeExplosively(FrameworkMethod.java:44)
	at org.junit.internal.runners.statements.InvokeMethod.evaluate(InvokeMethod.java:17)
	at org.junit.internal.runners.statements.RunBefores.evaluate(RunBefores.java:26)
	at org.junit.internal.runners.statements.RunAfters.evaluate(RunAfters.java:27)
	at org.junit.runners.ParentRunner.runLeaf(ParentRunner.java:271)
	at org.junit.runners.BlockJUnit4ClassRunner.runChild(BlockJUnit4ClassRunner.java:70)
	at org.junit.runners.BlockJUnit4ClassRunner.runChild(BlockJUnit4ClassRunner.java:50)
	at org.junit.runners.ParentRunner$3.run(ParentRunner.java:238)
	at org.junit.runners.ParentRunner$1.schedule(ParentRunner.java:63)
	at org.junit.runners.ParentRunner.runChildren(ParentRunner.java:236)
	at org.junit.runners.ParentRunner.access$000(ParentRunner.java:53)
	at org.junit.runners.ParentRunner$2.evaluate(ParentRunner.java:229)
	at org.junit.runners.ParentRunner.run(ParentRunner.java:309)
	at org.apache.maven.surefire.junit4.JUnit4Provider.execute(JUnit4Provider.java:365)
	at org.apache.maven.surefire.junit4.JUnit4Provider.executeWithRerun(JUnit4Provider.java:273)
	at org.apache.maven.surefire.junit4.JUnit4Provider.executeTestSet(JUnit4Provider.java:238)
	at org.apache.maven.surefire.junit4.JUnit4Provider.invoke(JUnit4Provider.java:159)
	at org.apache.maven.surefire.booter.ForkedBooter.invokeProviderInSameClassLoader(ForkedBooter.java:384)
	at org.apache.maven.surefire.booter.ForkedBooter.runSuitesInProcess(ForkedBooter.java:345)
	at org.apache.maven.surefire.booter.ForkedBooter.execute(ForkedBooter.java:126)
	at org.apache.maven.surefire.booter.ForkedBooter.main(ForkedBooter.java:418)

Oct 02, 2019 8:07:40 PM org.apache.ratis.thirdparty.io.grpc.internal.SerializingExecutor run
SEVERE: Exception while executing runnable org.apache.ratis.thirdparty.io.grpc.internal.ServerImpl$JumpToApplicationThreadServerStreamListener$1Closed@1dbf37c5
org.apache.ratis.thirdparty.io.grpc.StatusRuntimeException: CANCELLED: call already cancelled
	at org.apache.ratis.thirdparty.io.grpc.Status.asRuntimeException(Status.java:517)
	at org.apache.ratis.thirdparty.io.grpc.stub.ServerCalls$ServerCallStreamObserverImpl.onCompleted(ServerCalls.java:356)
	at org.apache.ratis.grpc.server.GrpcServerProtocolService$ServerRequestStreamObserver.onError(GrpcServerProtocolService.java:121)
	at org.apache.ratis.thirdparty.io.grpc.stub.ServerCalls$StreamingServerCallHandler$StreamingServerCallListener.onCancel(ServerCalls.java:269)
	at org.apache.ratis.thirdparty.io.grpc.internal.ServerCallImpl$ServerStreamListenerImpl.closed(ServerCallImpl.java:293)
	at org.apache.ratis.thirdparty.io.grpc.internal.ServerImpl$JumpToApplicationThreadServerStreamListener$1Closed.runInContext(ServerImpl.java:741)
	at org.apache.ratis.thirdparty.io.grpc.internal.ContextRunnable.run(ContextRunnable.java:37)
	at org.apache.ratis.thirdparty.io.grpc.internal.SerializingExecutor.run(SerializingExecutor.java:123)
	at java.util.concurrent.ThreadPoolExecutor.runWorker(ThreadPoolExecutor.java:1149)
	at java.util.concurrent.ThreadPoolExecutor$Worker.run(ThreadPoolExecutor.java:624)
	at java.lang.Thread.run(Thread.java:748)

]]></system-err>
  </testcase>
  <testcase name="testFailureWithPrimeSizedData" classname="org.apache.hadoop.ozone.client.rpc.TestBlockOutputStreamWithFailures" time="33.631">
    <failure message="expected:&lt;72&gt; but was:&lt;74&gt;" type="java.lang.AssertionError"><![CDATA[java.lang.AssertionError: expected:<72> but was:<74>
	at org.junit.Assert.fail(Assert.java:88)
	at org.junit.Assert.failNotEquals(Assert.java:743)
	at org.junit.Assert.assertEquals(Assert.java:118)
	at org.junit.Assert.assertEquals(Assert.java:555)
	at org.junit.Assert.assertEquals(Assert.java:542)
	at org.apache.hadoop.ozone.client.rpc.TestBlockOutputStreamWithFailures.testFailureWithPrimeSizedData(TestBlockOutputStreamWithFailures.java:605)
	at sun.reflect.NativeMethodAccessorImpl.invoke0(Native Method)
	at sun.reflect.NativeMethodAccessorImpl.invoke(NativeMethodAccessorImpl.java:62)
	at sun.reflect.DelegatingMethodAccessorImpl.invoke(DelegatingMethodAccessorImpl.java:43)
	at java.lang.reflect.Method.invoke(Method.java:498)
	at org.junit.runners.model.FrameworkMethod$1.runReflectiveCall(FrameworkMethod.java:47)
	at org.junit.internal.runners.model.ReflectiveCallable.run(ReflectiveCallable.java:12)
	at org.junit.runners.model.FrameworkMethod.invokeExplosively(FrameworkMethod.java:44)
	at org.junit.internal.runners.statements.InvokeMethod.evaluate(InvokeMethod.java:17)
	at org.junit.internal.runners.statements.RunBefores.evaluate(RunBefores.java:26)
	at org.junit.internal.runners.statements.RunAfters.evaluate(RunAfters.java:27)
	at org.junit.runners.ParentRunner.runLeaf(ParentRunner.java:271)
	at org.junit.runners.BlockJUnit4ClassRunner.runChild(BlockJUnit4ClassRunner.java:70)
	at org.junit.runners.BlockJUnit4ClassRunner.runChild(BlockJUnit4ClassRunner.java:50)
	at org.junit.runners.ParentRunner$3.run(ParentRunner.java:238)
	at org.junit.runners.ParentRunner$1.schedule(ParentRunner.java:63)
	at org.junit.runners.ParentRunner.runChildren(ParentRunner.java:236)
	at org.junit.runners.ParentRunner.access$000(ParentRunner.java:53)
	at org.junit.runners.ParentRunner$2.evaluate(ParentRunner.java:229)
	at org.junit.runners.ParentRunner.run(ParentRunner.java:309)
	at org.apache.maven.surefire.junit4.JUnit4Provider.execute(JUnit4Provider.java:365)
	at org.apache.maven.surefire.junit4.JUnit4Provider.executeWithRerun(JUnit4Provider.java:273)
	at org.apache.maven.surefire.junit4.JUnit4Provider.executeTestSet(JUnit4Provider.java:238)
	at org.apache.maven.surefire.junit4.JUnit4Provider.invoke(JUnit4Provider.java:159)
	at org.apache.maven.surefire.booter.ForkedBooter.invokeProviderInSameClassLoader(ForkedBooter.java:384)
	at org.apache.maven.surefire.booter.ForkedBooter.runSuitesInProcess(ForkedBooter.java:345)
	at org.apache.maven.surefire.booter.ForkedBooter.execute(ForkedBooter.java:126)
	at org.apache.maven.surefire.booter.ForkedBooter.main(ForkedBooter.java:418)
]]></failure>
    <system-out><![CDATA[2019-10-02 20:07:50,912 [main] WARN  server.ServerUtils (ServerUtils.java:getScmDbDir(145)) - ozone.scm.db.dirs is not configured. We recommend adding this setting. Falling back to ozone.metadata.dirs instead.
2019-10-02 20:07:50,927 [main] WARN  server.ServerUtils (ServerUtils.java:getScmDbDir(145)) - ozone.scm.db.dirs is not configured. We recommend adding this setting. Falling back to ozone.metadata.dirs instead.
2019-10-02 20:07:50,927 [main] WARN  server.ServerUtils (ServerUtils.java:getScmDbDir(145)) - ozone.scm.db.dirs is not configured. We recommend adding this setting. Falling back to ozone.metadata.dirs instead.
2019-10-02 20:07:50,928 [main] INFO  db.DBStoreBuilder (DBStoreBuilder.java:addTable(110)) - using custom profile for table: deletedBlocks
2019-10-02 20:07:50,928 [main] INFO  db.DBStoreBuilder (DBStoreBuilder.java:processTables(161)) - Using default column profile:DBProfile.DISK for Table:deletedBlocks
2019-10-02 20:07:50,928 [main] INFO  db.DBStoreBuilder (DBStoreBuilder.java:addTable(110)) - using custom profile for table: validCerts
2019-10-02 20:07:50,928 [main] INFO  db.DBStoreBuilder (DBStoreBuilder.java:processTables(161)) - Using default column profile:DBProfile.DISK for Table:validCerts
2019-10-02 20:07:50,929 [main] INFO  db.DBStoreBuilder (DBStoreBuilder.java:addTable(110)) - using custom profile for table: revokedCerts
2019-10-02 20:07:50,929 [main] INFO  db.DBStoreBuilder (DBStoreBuilder.java:processTables(161)) - Using default column profile:DBProfile.DISK for Table:revokedCerts
2019-10-02 20:07:50,929 [main] INFO  db.DBStoreBuilder (DBStoreBuilder.java:addTable(110)) - using custom profile for table: default
2019-10-02 20:07:50,929 [main] INFO  db.DBStoreBuilder (DBStoreBuilder.java:processTables(167)) - Using default column profile:DBProfile.DISK for Table:default
2019-10-02 20:07:50,929 [main] INFO  db.DBStoreBuilder (DBStoreBuilder.java:getDbProfile(198)) - Using default options. DBProfile.DISK
2019-10-02 20:07:51,097 [main] INFO  net.NodeSchemaLoader (NodeSchemaLoader.java:loadSchemaFromFile(125)) - Loading file from sun.misc.CompoundEnumeration@207dd1b7
2019-10-02 20:07:51,097 [main] INFO  net.NodeSchemaLoader (NodeSchemaLoader.java:loadSchema(171)) - Loading network topology layer schema file
2019-10-02 20:07:51,105 [main] INFO  node.SCMNodeManager (SCMNodeManager.java:<init>(114)) - Entering startup safe mode.
2019-10-02 20:07:51,106 [main] INFO  algorithms.ContainerPlacementPolicyFactory (ContainerPlacementPolicyFactory.java:getPolicy(57)) - Create container placement policy of type org.apache.hadoop.hdds.scm.container.placement.algorithms.SCMContainerPlacementRandom
2019-10-02 20:07:51,106 [main] WARN  server.ServerUtils (ServerUtils.java:getScmDbDir(145)) - ozone.scm.db.dirs is not configured. We recommend adding this setting. Falling back to ozone.metadata.dirs instead.
2019-10-02 20:07:51,160 [main] INFO  pipeline.SCMPipelineManager (SCMPipelineManager.java:initializePipelineState(132)) - No pipeline exists in current db
2019-10-02 20:07:51,160 [main] WARN  server.ServerUtils (ServerUtils.java:getScmDbDir(145)) - ozone.scm.db.dirs is not configured. We recommend adding this setting. Falling back to ozone.metadata.dirs instead.
2019-10-02 20:07:51,182 [main] WARN  events.EventQueue (EventQueue.java:fireEvent(183)) - No event handler registered for event TypedEvent{payloadType=SafeModeStatus, name='SafeModeStatus'}
2019-10-02 20:07:51,182 [main] INFO  ipc.CallQueueManager (CallQueueManager.java:<init>(84)) - Using callQueue: class java.util.concurrent.LinkedBlockingQueue, queueCapacity: 2000, scheduler: class org.apache.hadoop.ipc.DefaultRpcScheduler, ipcBackoff: false.
2019-10-02 20:07:51,183 [Socket Reader #1 for port 46006] INFO  ipc.Server (Server.java:run(1074)) - Starting Socket Reader #1 for port 46006
2019-10-02 20:07:51,185 [main] INFO  ipc.CallQueueManager (CallQueueManager.java:<init>(84)) - Using callQueue: class java.util.concurrent.LinkedBlockingQueue, queueCapacity: 2000, scheduler: class org.apache.hadoop.ipc.DefaultRpcScheduler, ipcBackoff: false.
2019-10-02 20:07:51,185 [Socket Reader #1 for port 46840] INFO  ipc.Server (Server.java:run(1074)) - Starting Socket Reader #1 for port 46840
2019-10-02 20:07:51,186 [main] INFO  ipc.CallQueueManager (CallQueueManager.java:<init>(84)) - Using callQueue: class java.util.concurrent.LinkedBlockingQueue, queueCapacity: 2000, scheduler: class org.apache.hadoop.ipc.DefaultRpcScheduler, ipcBackoff: false.
2019-10-02 20:07:51,187 [Socket Reader #1 for port 34640] INFO  ipc.Server (Server.java:run(1074)) - Starting Socket Reader #1 for port 34640
2019-10-02 20:07:51,190 [main] INFO  hdfs.DFSUtil (DFSUtil.java:httpServerTemplateForNNAndJN(1641)) - Starting Web-server for scm at: http://0.0.0.0:0
2019-10-02 20:07:51,194 [main] INFO  server.AuthenticationFilter (AuthenticationFilter.java:constructSecretProvider(240)) - Unable to initialize FileSignerSecretProvider, falling back to use random secrets.
2019-10-02 20:07:51,195 [main] WARN  http.HttpRequestLog (HttpRequestLog.java:getRequestLog(97)) - Jetty request log can only be enabled using Log4j
2019-10-02 20:07:51,196 [main] INFO  http.HttpServer2 (HttpServer2.java:addGlobalFilter(975)) - Added global filter 'safety' (class=org.apache.hadoop.http.HttpServer2$QuotingInputFilter)
2019-10-02 20:07:51,196 [main] INFO  http.HttpServer2 (HttpServer2.java:addFilter(948)) - Added filter static_user_filter (class=org.apache.hadoop.http.lib.StaticUserWebFilter$StaticUserFilter) to context scm
2019-10-02 20:07:51,197 [main] INFO  http.HttpServer2 (HttpServer2.java:addFilter(958)) - Added filter static_user_filter (class=org.apache.hadoop.http.lib.StaticUserWebFilter$StaticUserFilter) to context logs
2019-10-02 20:07:51,197 [main] INFO  http.HttpServer2 (HttpServer2.java:addFilter(958)) - Added filter static_user_filter (class=org.apache.hadoop.http.lib.StaticUserWebFilter$StaticUserFilter) to context static
2019-10-02 20:07:51,198 [main] INFO  server.StorageContainerManager (StorageContainerManager.java:start(770)) - StorageContainerLocationProtocol RPC server is listening at /0.0.0.0:34640
2019-10-02 20:07:51,200 [main] WARN  impl.MetricsConfig (MetricsConfig.java:loadFirst(134)) - Cannot locate configuration: tried hadoop-metrics2-storagecontainermanager.properties,hadoop-metrics2.properties
2019-10-02 20:07:51,200 [main] INFO  impl.MetricsSystemImpl (MetricsSystemImpl.java:startTimer(374)) - Scheduled Metric snapshot period at 10 second(s).
2019-10-02 20:07:51,200 [main] INFO  impl.MetricsSystemImpl (MetricsSystemImpl.java:start(191)) - StorageContainerManager metrics system started
2019-10-02 20:07:51,282 [main] WARN  impl.MetricsSystemImpl (MetricsSystemImpl.java:register(276)) - Sink prometheus already exists!
2019-10-02 20:07:51,387 [main] INFO  server.SCMClientProtocolServer (SCMClientProtocolServer.java:start(150)) - RPC server for Client  is listening at /0.0.0.0:34640
2019-10-02 20:07:51,388 [IPC Server listener on 34640] INFO  ipc.Server (Server.java:run(1153)) - IPC Server listener on 34640: starting
2019-10-02 20:07:51,388 [IPC Server Responder] INFO  ipc.Server (Server.java:run(1314)) - IPC Server Responder: starting
2019-10-02 20:07:51,392 [main] INFO  server.StorageContainerManager (StorageContainerManager.java:start(780)) - ScmBlockLocationProtocol RPC server is listening at /0.0.0.0:46840
2019-10-02 20:07:51,393 [main] INFO  server.SCMBlockProtocolServer (SCMBlockProtocolServer.java:start(146)) - RPC server for Block Protocol is listening at /0.0.0.0:46840
2019-10-02 20:07:51,393 [IPC Server Responder] INFO  ipc.Server (Server.java:run(1314)) - IPC Server Responder: starting
2019-10-02 20:07:51,393 [IPC Server listener on 46840] INFO  ipc.Server (Server.java:run(1153)) - IPC Server listener on 46840: starting
2019-10-02 20:07:51,397 [main] INFO  server.StorageContainerManager (StorageContainerManager.java:start(784)) - ScmDatanodeProtocl RPC server is listening at /0.0.0.0:46006
2019-10-02 20:07:51,397 [main] INFO  server.SCMDatanodeProtocolServer (SCMDatanodeProtocolServer.java:start(191)) - RPC server for DataNodes is listening at /0.0.0.0:46006
2019-10-02 20:07:51,397 [IPC Server Responder] INFO  ipc.Server (Server.java:run(1314)) - IPC Server Responder: starting
2019-10-02 20:07:51,397 [IPC Server listener on 46006] INFO  ipc.Server (Server.java:run(1153)) - IPC Server listener on 46006: starting
2019-10-02 20:07:51,404 [main] INFO  http.HttpServer2 (HttpServer2.java:bindListener(1191)) - Jetty bound to port 46340
2019-10-02 20:07:51,404 [main] INFO  server.Server (Server.java:doStart(351)) - jetty-9.3.25.v20180904, build timestamp: 2018-09-04T21:11:46Z, git hash: 3ce520221d0240229c862b122d2b06c12a625732
2019-10-02 20:07:51,406 [main] INFO  handler.ContextHandler (ContextHandler.java:doStart(781)) - Started o.e.j.s.ServletContextHandler@73d62b5{/logs,file:///workdir/hadoop-ozone/integration-test/target/log,AVAILABLE}
2019-10-02 20:07:51,406 [main] INFO  handler.ContextHandler (ContextHandler.java:doStart(781)) - Started o.e.j.s.ServletContextHandler@76ac68b0{/static,file:///workdir/hadoop-ozone/integration-test/target/test-classes/webapps/static,AVAILABLE}
2019-10-02 20:07:51,409 [main] INFO  handler.ContextHandler (ContextHandler.java:doStart(781)) - Started o.e.j.w.WebAppContext@a316f6b{/,file:///workdir/hadoop-ozone/integration-test/target/test-classes/webapps/scm/,AVAILABLE}{/scm}
2019-10-02 20:07:51,410 [main] INFO  server.AbstractConnector (AbstractConnector.java:doStart(278)) - Started ServerConnector@63f9ddf9{HTTP/1.1,[http/1.1]}{0.0.0.0:46340}
2019-10-02 20:07:51,411 [main] INFO  server.Server (Server.java:doStart(419)) - Started @634191ms
2019-10-02 20:07:51,411 [main] WARN  impl.MetricsSystemImpl (MetricsSystemImpl.java:register(276)) - Sink prometheus already exists!
2019-10-02 20:07:51,412 [main] INFO  server.BaseHttpServer (BaseHttpServer.java:updateConnectorAddress(215)) - HTTP server of SCM is listening at http://0.0.0.0:46340
2019-10-02 20:07:51,413 [main] WARN  server.ServerUtils (ServerUtils.java:getDBPath(222)) - ozone.om.db.dirs is not configured. We recommend adding this setting. Falling back to ozone.metadata.dirs instead.
2019-10-02 20:07:51,413 [org.apache.hadoop.util.JvmPauseMonitor$Monitor@4e17442f] INFO  util.JvmPauseMonitor (JvmPauseMonitor.java:run(188)) - Starting JVM pause monitor
2019-10-02 20:07:51,427 [main] WARN  server.ServerUtils (ServerUtils.java:getDBPath(222)) - ozone.om.db.dirs is not configured. We recommend adding this setting. Falling back to ozone.metadata.dirs instead.
2019-10-02 20:07:51,427 [main] WARN  server.ServerUtils (ServerUtils.java:getDBPath(222)) - ozone.om.db.dirs is not configured. We recommend adding this setting. Falling back to ozone.metadata.dirs instead.
2019-10-02 20:07:51,427 [main] INFO  om.OzoneManager (OzoneManager.java:setOMNodeDetails(652)) - OM Service ID is not set. Setting it to the default ID: omServiceIdDefault
2019-10-02 20:07:51,427 [main] INFO  om.OzoneManager (OzoneManager.java:setOMNodeDetails(658)) - OM Node ID is not set. Setting it to the OmStorage's OmID: ee805324-1943-45d0-a9f1-76563cdcfd94
2019-10-02 20:07:51,428 [main] INFO  om.OzoneManager (OzoneManager.java:loadOMHAConfigs(609)) - Found matching OM address with OMServiceId: null, OMNodeId: null, RPC Address: localhost:0 and Ratis port: 9872
2019-10-02 20:07:51,433 [main] WARN  server.ServerUtils (ServerUtils.java:getDBPath(222)) - ozone.om.db.dirs is not configured. We recommend adding this setting. Falling back to ozone.metadata.dirs instead.
2019-10-02 20:07:51,434 [main] INFO  db.DBStoreBuilder (DBStoreBuilder.java:addTable(110)) - using custom profile for table: userTable
2019-10-02 20:07:51,434 [main] INFO  db.DBStoreBuilder (DBStoreBuilder.java:processTables(161)) - Using default column profile:DBProfile.DISK for Table:userTable
2019-10-02 20:07:51,434 [main] INFO  db.DBStoreBuilder (DBStoreBuilder.java:addTable(110)) - using custom profile for table: volumeTable
2019-10-02 20:07:51,434 [main] INFO  db.DBStoreBuilder (DBStoreBuilder.java:processTables(161)) - Using default column profile:DBProfile.DISK for Table:volumeTable
2019-10-02 20:07:51,434 [main] INFO  db.DBStoreBuilder (DBStoreBuilder.java:addTable(110)) - using custom profile for table: bucketTable
2019-10-02 20:07:51,434 [main] INFO  db.DBStoreBuilder (DBStoreBuilder.java:processTables(161)) - Using default column profile:DBProfile.DISK for Table:bucketTable
2019-10-02 20:07:51,435 [main] INFO  db.DBStoreBuilder (DBStoreBuilder.java:addTable(110)) - using custom profile for table: keyTable
2019-10-02 20:07:51,435 [main] INFO  db.DBStoreBuilder (DBStoreBuilder.java:processTables(161)) - Using default column profile:DBProfile.DISK for Table:keyTable
2019-10-02 20:07:51,435 [main] INFO  db.DBStoreBuilder (DBStoreBuilder.java:addTable(110)) - using custom profile for table: deletedTable
2019-10-02 20:07:51,435 [main] INFO  db.DBStoreBuilder (DBStoreBuilder.java:processTables(161)) - Using default column profile:DBProfile.DISK for Table:deletedTable
2019-10-02 20:07:51,435 [main] INFO  db.DBStoreBuilder (DBStoreBuilder.java:addTable(110)) - using custom profile for table: openKeyTable
2019-10-02 20:07:51,436 [main] INFO  db.DBStoreBuilder (DBStoreBuilder.java:processTables(161)) - Using default column profile:DBProfile.DISK for Table:openKeyTable
2019-10-02 20:07:51,436 [main] INFO  db.DBStoreBuilder (DBStoreBuilder.java:addTable(110)) - using custom profile for table: s3Table
2019-10-02 20:07:51,436 [main] INFO  db.DBStoreBuilder (DBStoreBuilder.java:processTables(161)) - Using default column profile:DBProfile.DISK for Table:s3Table
2019-10-02 20:07:51,436 [main] INFO  db.DBStoreBuilder (DBStoreBuilder.java:addTable(110)) - using custom profile for table: multipartInfoTable
2019-10-02 20:07:51,436 [main] INFO  db.DBStoreBuilder (DBStoreBuilder.java:processTables(161)) - Using default column profile:DBProfile.DISK for Table:multipartInfoTable
2019-10-02 20:07:51,436 [main] INFO  db.DBStoreBuilder (DBStoreBuilder.java:addTable(110)) - using custom profile for table: dTokenTable
2019-10-02 20:07:51,436 [main] INFO  db.DBStoreBuilder (DBStoreBuilder.java:processTables(161)) - Using default column profile:DBProfile.DISK for Table:dTokenTable
2019-10-02 20:07:51,437 [main] INFO  db.DBStoreBuilder (DBStoreBuilder.java:addTable(110)) - using custom profile for table: s3SecretTable
2019-10-02 20:07:51,437 [main] INFO  db.DBStoreBuilder (DBStoreBuilder.java:processTables(161)) - Using default column profile:DBProfile.DISK for Table:s3SecretTable
2019-10-02 20:07:51,437 [main] INFO  db.DBStoreBuilder (DBStoreBuilder.java:addTable(110)) - using custom profile for table: prefixTable
2019-10-02 20:07:51,437 [main] INFO  db.DBStoreBuilder (DBStoreBuilder.java:processTables(161)) - Using default column profile:DBProfile.DISK for Table:prefixTable
2019-10-02 20:07:51,437 [main] INFO  db.DBStoreBuilder (DBStoreBuilder.java:addTable(110)) - using custom profile for table: default
2019-10-02 20:07:51,437 [main] INFO  db.DBStoreBuilder (DBStoreBuilder.java:processTables(167)) - Using default column profile:DBProfile.DISK for Table:default
2019-10-02 20:07:51,438 [main] INFO  db.DBStoreBuilder (DBStoreBuilder.java:getDbProfile(198)) - Using default options. DBProfile.DISK
2019-10-02 20:07:51,888 [main] INFO  ipc.CallQueueManager (CallQueueManager.java:<init>(84)) - Using callQueue: class java.util.concurrent.LinkedBlockingQueue, queueCapacity: 2000, scheduler: class org.apache.hadoop.ipc.DefaultRpcScheduler, ipcBackoff: false.
2019-10-02 20:07:51,888 [Socket Reader #1 for port 42401] INFO  ipc.Server (Server.java:run(1074)) - Starting Socket Reader #1 for port 42401
2019-10-02 20:07:51,900 [main] INFO  om.OzoneManager (OzoneManager.java:start(1243)) - OzoneManager RPC server is listening at localhost/127.0.0.1:42401
2019-10-02 20:07:51,900 [main] INFO  impl.MetricsSystemImpl (MetricsSystemImpl.java:init(158)) - OzoneManager metrics system started (again)
2019-10-02 20:07:51,901 [IPC Server Responder] INFO  ipc.Server (Server.java:run(1314)) - IPC Server Responder: starting
2019-10-02 20:07:51,901 [IPC Server listener on 42401] INFO  ipc.Server (Server.java:run(1153)) - IPC Server listener on 42401: starting
2019-10-02 20:07:51,906 [main] INFO  hdfs.DFSUtil (DFSUtil.java:httpServerTemplateForNNAndJN(1641)) - Starting Web-server for ozoneManager at: http://0.0.0.0:0
2019-10-02 20:07:51,908 [main] INFO  server.AuthenticationFilter (AuthenticationFilter.java:constructSecretProvider(240)) - Unable to initialize FileSignerSecretProvider, falling back to use random secrets.
2019-10-02 20:07:51,908 [main] WARN  http.HttpRequestLog (HttpRequestLog.java:getRequestLog(97)) - Jetty request log can only be enabled using Log4j
2019-10-02 20:07:51,909 [main] INFO  http.HttpServer2 (HttpServer2.java:addGlobalFilter(975)) - Added global filter 'safety' (class=org.apache.hadoop.http.HttpServer2$QuotingInputFilter)
2019-10-02 20:07:51,910 [main] INFO  http.HttpServer2 (HttpServer2.java:addFilter(948)) - Added filter static_user_filter (class=org.apache.hadoop.http.lib.StaticUserWebFilter$StaticUserFilter) to context ozoneManager
2019-10-02 20:07:51,910 [main] INFO  http.HttpServer2 (HttpServer2.java:addFilter(958)) - Added filter static_user_filter (class=org.apache.hadoop.http.lib.StaticUserWebFilter$StaticUserFilter) to context static
2019-10-02 20:07:51,910 [main] INFO  http.HttpServer2 (HttpServer2.java:addFilter(958)) - Added filter static_user_filter (class=org.apache.hadoop.http.lib.StaticUserWebFilter$StaticUserFilter) to context logs
2019-10-02 20:07:51,911 [main] INFO  http.HttpServer2 (HttpServer2.java:bindListener(1191)) - Jetty bound to port 37502
2019-10-02 20:07:51,911 [main] INFO  server.Server (Server.java:doStart(351)) - jetty-9.3.25.v20180904, build timestamp: 2018-09-04T21:11:46Z, git hash: 3ce520221d0240229c862b122d2b06c12a625732
2019-10-02 20:07:51,912 [main] INFO  handler.ContextHandler (ContextHandler.java:doStart(781)) - Started o.e.j.s.ServletContextHandler@7de147e9{/logs,file:///workdir/hadoop-ozone/integration-test/target/log,AVAILABLE}
2019-10-02 20:07:51,913 [main] INFO  handler.ContextHandler (ContextHandler.java:doStart(781)) - Started o.e.j.s.ServletContextHandler@37d699a1{/static,file:///workdir/hadoop-ozone/integration-test/target/test-classes/webapps/static,AVAILABLE}
2019-10-02 20:07:51,916 [main] INFO  handler.ContextHandler (ContextHandler.java:doStart(781)) - Started o.e.j.w.WebAppContext@7661e474{/,file:///workdir/hadoop-ozone/integration-test/target/test-classes/webapps/ozoneManager/,AVAILABLE}{/ozoneManager}
2019-10-02 20:07:51,917 [main] INFO  server.AbstractConnector (AbstractConnector.java:doStart(278)) - Started ServerConnector@20ffb8d5{HTTP/1.1,[http/1.1]}{0.0.0.0:37502}
2019-10-02 20:07:51,918 [main] INFO  server.Server (Server.java:doStart(419)) - Started @634698ms
2019-10-02 20:07:51,918 [main] WARN  impl.MetricsSystemImpl (MetricsSystemImpl.java:register(276)) - Sink prometheus already exists!
2019-10-02 20:07:51,919 [main] INFO  server.BaseHttpServer (BaseHttpServer.java:updateConnectorAddress(215)) - HTTP server of OZONEMANAGER is listening at http://0.0.0.0:37502
2019-10-02 20:07:51,932 [main] INFO  impl.MetricsSystemImpl (MetricsSystemImpl.java:init(158)) - HddsDatanode metrics system started (again)
2019-10-02 20:07:51,935 [main] INFO  ozone.HddsDatanodeService (HddsDatanodeService.java:start(184)) - HddsDatanodeService host:pr-hdds-2198-qvzm8-602720389 ip:192.168.151.67
2019-10-02 20:07:51,941 [main] INFO  volume.HddsVolume (HddsVolume.java:<init>(176)) - Creating Volume: /workdir/hadoop-ozone/integration-test/target/test-dir/MiniOzoneClusterImpl-aca11393-2759-4d1b-a5f8-dca1b679aeb5/datanode-0/data/containers/hdds of  storage type : DISK and capacity : 1482555576320
2019-10-02 20:07:51,942 [main] INFO  volume.VolumeSet (VolumeSet.java:initializeVolumeSet(170)) - Added Volume : /workdir/hadoop-ozone/integration-test/target/test-dir/MiniOzoneClusterImpl-aca11393-2759-4d1b-a5f8-dca1b679aeb5/datanode-0/data/containers/hdds to VolumeSet
2019-10-02 20:07:51,942 [main] INFO  volume.ThrottledAsyncChecker (ThrottledAsyncChecker.java:schedule(139)) - Scheduling a check for org.apache.hadoop.ozone.container.common.volume.HddsVolume@177ede17
2019-10-02 20:07:51,942 [main] INFO  volume.HddsVolumeChecker (HddsVolumeChecker.java:checkAllVolumes(202)) - Scheduled health check for volume org.apache.hadoop.ozone.container.common.volume.HddsVolume@177ede17
2019-10-02 20:07:51,956 [main] INFO  impl.RaftServerProxy (ConfUtils.java:logGet(43)) - raft.rpc.type = GRPC (default)
2019-10-02 20:07:51,956 [main] INFO  grpc.GrpcFactory (GrpcFactory.java:checkPooledByteBufAllocatorUseCacheForAllThreads(45)) - PERFORMANCE WARNING: useCacheForAllThreads is true that may cause Netty to create a lot garbage objects and, as a result, trigger GC.
	It is recommended to disable useCacheForAllThreads by setting -Dorg.apache.ratis.thirdparty.io.netty.allocator.useCacheForAllThreads=false in command line.
2019-10-02 20:07:51,956 [main] INFO  grpc.GrpcConfigKeys$Server (ConfUtils.java:logGet(43)) - raft.grpc.server.port = 0 (default)
2019-10-02 20:07:51,956 [main] INFO  server.GrpcService (ConfUtils.java:logGet(43)) - raft.grpc.message.size.max = 33570816 (custom)
2019-10-02 20:07:51,956 [main] INFO  server.RaftServerConfigKeys (ConfUtils.java:logGet(43)) - raft.server.log.appender.buffer.byte-limit = 33554432 (custom)
2019-10-02 20:07:51,956 [main] INFO  server.GrpcService (ConfUtils.java:logGet(43)) - raft.grpc.flow.control.window = 1MB (=1048576) (default)
2019-10-02 20:07:51,957 [main] INFO  server.RaftServerConfigKeys (ConfUtils.java:logGet(43)) - raft.server.rpc.request.timeout = 3000ms (default)
2019-10-02 20:07:51,957 [main] INFO  server.RaftServerConfigKeys (ConfUtils.java:logGet(43)) - raft.server.storage.dir = [/workdir/hadoop-ozone/integration-test/target/test-dir/MiniOzoneClusterImpl-aca11393-2759-4d1b-a5f8-dca1b679aeb5/datanode-0/data/ratis] (custom)
2019-10-02 20:07:51,958 [main] INFO  hdfs.DFSUtil (DFSUtil.java:httpServerTemplateForNNAndJN(1641)) - Starting Web-server for hddsDatanode at: http://0.0.0.0:0
2019-10-02 20:07:51,959 [main] INFO  server.AuthenticationFilter (AuthenticationFilter.java:constructSecretProvider(240)) - Unable to initialize FileSignerSecretProvider, falling back to use random secrets.
2019-10-02 20:07:51,960 [main] WARN  http.HttpRequestLog (HttpRequestLog.java:getRequestLog(97)) - Jetty request log can only be enabled using Log4j
2019-10-02 20:07:51,961 [main] INFO  http.HttpServer2 (HttpServer2.java:addGlobalFilter(975)) - Added global filter 'safety' (class=org.apache.hadoop.http.HttpServer2$QuotingInputFilter)
2019-10-02 20:07:51,961 [main] INFO  http.HttpServer2 (HttpServer2.java:addFilter(948)) - Added filter static_user_filter (class=org.apache.hadoop.http.lib.StaticUserWebFilter$StaticUserFilter) to context hddsDatanode
2019-10-02 20:07:51,961 [main] INFO  http.HttpServer2 (HttpServer2.java:addFilter(958)) - Added filter static_user_filter (class=org.apache.hadoop.http.lib.StaticUserWebFilter$StaticUserFilter) to context logs
2019-10-02 20:07:51,962 [main] INFO  http.HttpServer2 (HttpServer2.java:addFilter(958)) - Added filter static_user_filter (class=org.apache.hadoop.http.lib.StaticUserWebFilter$StaticUserFilter) to context static
2019-10-02 20:07:51,962 [main] INFO  http.HttpServer2 (HttpServer2.java:bindListener(1191)) - Jetty bound to port 36860
2019-10-02 20:07:51,962 [main] INFO  server.Server (Server.java:doStart(351)) - jetty-9.3.25.v20180904, build timestamp: 2018-09-04T21:11:46Z, git hash: 3ce520221d0240229c862b122d2b06c12a625732
2019-10-02 20:07:51,963 [main] INFO  handler.ContextHandler (ContextHandler.java:doStart(781)) - Started o.e.j.s.ServletContextHandler@113dcaf8{/logs,file:///workdir/hadoop-ozone/integration-test/target/log,AVAILABLE}
2019-10-02 20:07:51,964 [main] INFO  handler.ContextHandler (ContextHandler.java:doStart(781)) - Started o.e.j.s.ServletContextHandler@350ff014{/static,jar:file:/home/user/.m2/repository/org/apache/hadoop/hadoop-hdds-container-service/0.5.0-SNAPSHOT/hadoop-hdds-container-service-0.5.0-SNAPSHOT.jar!/webapps/static,AVAILABLE}
2019-10-02 20:07:51,990 [main] INFO  handler.ContextHandler (ContextHandler.java:doStart(781)) - Started o.e.j.w.WebAppContext@42c54bad{/,file:///tmp/jetty-0.0.0.0-36860-hddsDatanode-_-any-4182647984937619091.dir/webapp/,AVAILABLE}{/hddsDatanode}
2019-10-02 20:07:51,991 [main] INFO  server.AbstractConnector (AbstractConnector.java:doStart(278)) - Started ServerConnector@6bb4cc0e{HTTP/1.1,[http/1.1]}{0.0.0.0:36860}
2019-10-02 20:07:51,992 [main] INFO  server.Server (Server.java:doStart(419)) - Started @634772ms
2019-10-02 20:07:51,992 [main] WARN  impl.MetricsSystemImpl (MetricsSystemImpl.java:register(276)) - Sink prometheus already exists!
2019-10-02 20:07:51,993 [main] INFO  server.BaseHttpServer (BaseHttpServer.java:updateConnectorAddress(215)) - HTTP server of HDDSDATANODE is listening at http://0.0.0.0:36860
2019-10-02 20:07:51,993 [main] INFO  impl.MetricsSystemImpl (MetricsSystemImpl.java:init(158)) - HddsDatanode metrics system started (again)
2019-10-02 20:07:51,997 [org.apache.hadoop.util.JvmPauseMonitor$Monitor@6bcf4f9c] INFO  util.JvmPauseMonitor (JvmPauseMonitor.java:run(188)) - Starting JVM pause monitor
2019-10-02 20:07:51,998 [main] INFO  ozone.HddsDatanodeService (HddsDatanodeService.java:start(184)) - HddsDatanodeService host:pr-hdds-2198-qvzm8-602720389 ip:192.168.151.67
2019-10-02 20:07:51,999 [Datanode State Machine Thread - 0] INFO  datanode.InitDatanodeState (InitDatanodeState.java:persistContainerDatanodeDetails(140)) - DatanodeDetails is persisted to /workdir/hadoop-ozone/integration-test/target/test-dir/MiniOzoneClusterImpl-aca11393-2759-4d1b-a5f8-dca1b679aeb5/datanode-0/meta/datanode.id
2019-10-02 20:07:52,002 [main] INFO  volume.HddsVolume (HddsVolume.java:<init>(176)) - Creating Volume: /workdir/hadoop-ozone/integration-test/target/test-dir/MiniOzoneClusterImpl-aca11393-2759-4d1b-a5f8-dca1b679aeb5/datanode-1/data/containers/hdds of  storage type : DISK and capacity : 1482555576320
2019-10-02 20:07:52,003 [main] INFO  volume.VolumeSet (VolumeSet.java:initializeVolumeSet(170)) - Added Volume : /workdir/hadoop-ozone/integration-test/target/test-dir/MiniOzoneClusterImpl-aca11393-2759-4d1b-a5f8-dca1b679aeb5/datanode-1/data/containers/hdds to VolumeSet
2019-10-02 20:07:52,003 [main] INFO  volume.ThrottledAsyncChecker (ThrottledAsyncChecker.java:schedule(139)) - Scheduling a check for org.apache.hadoop.ozone.container.common.volume.HddsVolume@55bf35e5
2019-10-02 20:07:52,003 [main] INFO  volume.HddsVolumeChecker (HddsVolumeChecker.java:checkAllVolumes(202)) - Scheduled health check for volume org.apache.hadoop.ozone.container.common.volume.HddsVolume@55bf35e5
2019-10-02 20:07:52,017 [main] INFO  impl.RaftServerProxy (ConfUtils.java:logGet(43)) - raft.rpc.type = GRPC (default)
2019-10-02 20:07:52,017 [main] INFO  grpc.GrpcFactory (GrpcFactory.java:checkPooledByteBufAllocatorUseCacheForAllThreads(45)) - PERFORMANCE WARNING: useCacheForAllThreads is true that may cause Netty to create a lot garbage objects and, as a result, trigger GC.
	It is recommended to disable useCacheForAllThreads by setting -Dorg.apache.ratis.thirdparty.io.netty.allocator.useCacheForAllThreads=false in command line.
2019-10-02 20:07:52,017 [main] INFO  grpc.GrpcConfigKeys$Server (ConfUtils.java:logGet(43)) - raft.grpc.server.port = 0 (default)
2019-10-02 20:07:52,017 [main] INFO  server.GrpcService (ConfUtils.java:logGet(43)) - raft.grpc.message.size.max = 33570816 (custom)
2019-10-02 20:07:52,018 [main] INFO  server.RaftServerConfigKeys (ConfUtils.java:logGet(43)) - raft.server.log.appender.buffer.byte-limit = 33554432 (custom)
2019-10-02 20:07:52,018 [main] INFO  server.GrpcService (ConfUtils.java:logGet(43)) - raft.grpc.flow.control.window = 1MB (=1048576) (default)
2019-10-02 20:07:52,018 [main] INFO  server.RaftServerConfigKeys (ConfUtils.java:logGet(43)) - raft.server.rpc.request.timeout = 3000ms (default)
2019-10-02 20:07:52,018 [main] INFO  server.RaftServerConfigKeys (ConfUtils.java:logGet(43)) - raft.server.storage.dir = [/workdir/hadoop-ozone/integration-test/target/test-dir/MiniOzoneClusterImpl-aca11393-2759-4d1b-a5f8-dca1b679aeb5/datanode-1/data/ratis] (custom)
2019-10-02 20:07:52,019 [main] INFO  hdfs.DFSUtil (DFSUtil.java:httpServerTemplateForNNAndJN(1641)) - Starting Web-server for hddsDatanode at: http://0.0.0.0:0
2019-10-02 20:07:52,020 [main] INFO  server.AuthenticationFilter (AuthenticationFilter.java:constructSecretProvider(240)) - Unable to initialize FileSignerSecretProvider, falling back to use random secrets.
2019-10-02 20:07:52,021 [main] WARN  http.HttpRequestLog (HttpRequestLog.java:getRequestLog(97)) - Jetty request log can only be enabled using Log4j
2019-10-02 20:07:52,022 [main] INFO  http.HttpServer2 (HttpServer2.java:addGlobalFilter(975)) - Added global filter 'safety' (class=org.apache.hadoop.http.HttpServer2$QuotingInputFilter)
2019-10-02 20:07:52,022 [main] INFO  http.HttpServer2 (HttpServer2.java:addFilter(948)) - Added filter static_user_filter (class=org.apache.hadoop.http.lib.StaticUserWebFilter$StaticUserFilter) to context hddsDatanode
2019-10-02 20:07:52,022 [main] INFO  http.HttpServer2 (HttpServer2.java:addFilter(958)) - Added filter static_user_filter (class=org.apache.hadoop.http.lib.StaticUserWebFilter$StaticUserFilter) to context static
2019-10-02 20:07:52,022 [main] INFO  http.HttpServer2 (HttpServer2.java:addFilter(958)) - Added filter static_user_filter (class=org.apache.hadoop.http.lib.StaticUserWebFilter$StaticUserFilter) to context logs
2019-10-02 20:07:52,023 [main] INFO  http.HttpServer2 (HttpServer2.java:bindListener(1191)) - Jetty bound to port 37836
2019-10-02 20:07:52,023 [main] INFO  server.Server (Server.java:doStart(351)) - jetty-9.3.25.v20180904, build timestamp: 2018-09-04T21:11:46Z, git hash: 3ce520221d0240229c862b122d2b06c12a625732
2019-10-02 20:07:52,024 [main] INFO  handler.ContextHandler (ContextHandler.java:doStart(781)) - Started o.e.j.s.ServletContextHandler@4ae280da{/logs,file:///workdir/hadoop-ozone/integration-test/target/log,AVAILABLE}
2019-10-02 20:07:52,025 [main] INFO  handler.ContextHandler (ContextHandler.java:doStart(781)) - Started o.e.j.s.ServletContextHandler@57c69937{/static,jar:file:/home/user/.m2/repository/org/apache/hadoop/hadoop-hdds-container-service/0.5.0-SNAPSHOT/hadoop-hdds-container-service-0.5.0-SNAPSHOT.jar!/webapps/static,AVAILABLE}
2019-10-02 20:07:52,051 [main] INFO  handler.ContextHandler (ContextHandler.java:doStart(781)) - Started o.e.j.w.WebAppContext@7cc2c551{/,file:///tmp/jetty-0.0.0.0-37836-hddsDatanode-_-any-8625128998014079931.dir/webapp/,AVAILABLE}{/hddsDatanode}
2019-10-02 20:07:52,052 [main] INFO  server.AbstractConnector (AbstractConnector.java:doStart(278)) - Started ServerConnector@d84b3a2{HTTP/1.1,[http/1.1]}{0.0.0.0:37836}
2019-10-02 20:07:52,053 [main] INFO  server.Server (Server.java:doStart(419)) - Started @634834ms
2019-10-02 20:07:52,053 [main] WARN  impl.MetricsSystemImpl (MetricsSystemImpl.java:register(276)) - Sink prometheus already exists!
2019-10-02 20:07:52,054 [main] INFO  server.BaseHttpServer (BaseHttpServer.java:updateConnectorAddress(215)) - HTTP server of HDDSDATANODE is listening at http://0.0.0.0:37836
2019-10-02 20:07:52,054 [main] INFO  impl.MetricsSystemImpl (MetricsSystemImpl.java:init(158)) - HddsDatanode metrics system started (again)
2019-10-02 20:07:52,058 [org.apache.hadoop.util.JvmPauseMonitor$Monitor@e248616] INFO  util.JvmPauseMonitor (JvmPauseMonitor.java:run(188)) - Starting JVM pause monitor
2019-10-02 20:07:52,058 [main] INFO  ozone.HddsDatanodeService (HddsDatanodeService.java:start(184)) - HddsDatanodeService host:pr-hdds-2198-qvzm8-602720389 ip:192.168.151.67
2019-10-02 20:07:52,059 [Datanode State Machine Thread - 0] INFO  datanode.InitDatanodeState (InitDatanodeState.java:persistContainerDatanodeDetails(140)) - DatanodeDetails is persisted to /workdir/hadoop-ozone/integration-test/target/test-dir/MiniOzoneClusterImpl-aca11393-2759-4d1b-a5f8-dca1b679aeb5/datanode-1/meta/datanode.id
2019-10-02 20:07:52,064 [main] INFO  volume.HddsVolume (HddsVolume.java:<init>(176)) - Creating Volume: /workdir/hadoop-ozone/integration-test/target/test-dir/MiniOzoneClusterImpl-aca11393-2759-4d1b-a5f8-dca1b679aeb5/datanode-2/data/containers/hdds of  storage type : DISK and capacity : 1482555576320
2019-10-02 20:07:52,064 [main] INFO  volume.VolumeSet (VolumeSet.java:initializeVolumeSet(170)) - Added Volume : /workdir/hadoop-ozone/integration-test/target/test-dir/MiniOzoneClusterImpl-aca11393-2759-4d1b-a5f8-dca1b679aeb5/datanode-2/data/containers/hdds to VolumeSet
2019-10-02 20:07:52,064 [main] INFO  volume.ThrottledAsyncChecker (ThrottledAsyncChecker.java:schedule(139)) - Scheduling a check for org.apache.hadoop.ozone.container.common.volume.HddsVolume@41fc0084
2019-10-02 20:07:52,065 [main] INFO  volume.HddsVolumeChecker (HddsVolumeChecker.java:checkAllVolumes(202)) - Scheduled health check for volume org.apache.hadoop.ozone.container.common.volume.HddsVolume@41fc0084
2019-10-02 20:07:52,077 [main] INFO  impl.RaftServerProxy (ConfUtils.java:logGet(43)) - raft.rpc.type = GRPC (default)
2019-10-02 20:07:52,077 [main] INFO  grpc.GrpcFactory (GrpcFactory.java:checkPooledByteBufAllocatorUseCacheForAllThreads(45)) - PERFORMANCE WARNING: useCacheForAllThreads is true that may cause Netty to create a lot garbage objects and, as a result, trigger GC.
	It is recommended to disable useCacheForAllThreads by setting -Dorg.apache.ratis.thirdparty.io.netty.allocator.useCacheForAllThreads=false in command line.
2019-10-02 20:07:52,078 [main] INFO  grpc.GrpcConfigKeys$Server (ConfUtils.java:logGet(43)) - raft.grpc.server.port = 0 (default)
2019-10-02 20:07:52,078 [main] INFO  server.GrpcService (ConfUtils.java:logGet(43)) - raft.grpc.message.size.max = 33570816 (custom)
2019-10-02 20:07:52,078 [main] INFO  server.RaftServerConfigKeys (ConfUtils.java:logGet(43)) - raft.server.log.appender.buffer.byte-limit = 33554432 (custom)
2019-10-02 20:07:52,078 [main] INFO  server.GrpcService (ConfUtils.java:logGet(43)) - raft.grpc.flow.control.window = 1MB (=1048576) (default)
2019-10-02 20:07:52,078 [main] INFO  server.RaftServerConfigKeys (ConfUtils.java:logGet(43)) - raft.server.rpc.request.timeout = 3000ms (default)
2019-10-02 20:07:52,079 [main] INFO  server.RaftServerConfigKeys (ConfUtils.java:logGet(43)) - raft.server.storage.dir = [/workdir/hadoop-ozone/integration-test/target/test-dir/MiniOzoneClusterImpl-aca11393-2759-4d1b-a5f8-dca1b679aeb5/datanode-2/data/ratis] (custom)
2019-10-02 20:07:52,080 [main] INFO  hdfs.DFSUtil (DFSUtil.java:httpServerTemplateForNNAndJN(1641)) - Starting Web-server for hddsDatanode at: http://0.0.0.0:0
2019-10-02 20:07:52,081 [main] INFO  server.AuthenticationFilter (AuthenticationFilter.java:constructSecretProvider(240)) - Unable to initialize FileSignerSecretProvider, falling back to use random secrets.
2019-10-02 20:07:52,081 [main] WARN  http.HttpRequestLog (HttpRequestLog.java:getRequestLog(97)) - Jetty request log can only be enabled using Log4j
2019-10-02 20:07:52,082 [main] INFO  http.HttpServer2 (HttpServer2.java:addGlobalFilter(975)) - Added global filter 'safety' (class=org.apache.hadoop.http.HttpServer2$QuotingInputFilter)
2019-10-02 20:07:52,083 [main] INFO  http.HttpServer2 (HttpServer2.java:addFilter(948)) - Added filter static_user_filter (class=org.apache.hadoop.http.lib.StaticUserWebFilter$StaticUserFilter) to context hddsDatanode
2019-10-02 20:07:52,083 [main] INFO  http.HttpServer2 (HttpServer2.java:addFilter(958)) - Added filter static_user_filter (class=org.apache.hadoop.http.lib.StaticUserWebFilter$StaticUserFilter) to context logs
2019-10-02 20:07:52,083 [main] INFO  http.HttpServer2 (HttpServer2.java:addFilter(958)) - Added filter static_user_filter (class=org.apache.hadoop.http.lib.StaticUserWebFilter$StaticUserFilter) to context static
2019-10-02 20:07:52,083 [main] INFO  http.HttpServer2 (HttpServer2.java:bindListener(1191)) - Jetty bound to port 34442
2019-10-02 20:07:52,084 [main] INFO  server.Server (Server.java:doStart(351)) - jetty-9.3.25.v20180904, build timestamp: 2018-09-04T21:11:46Z, git hash: 3ce520221d0240229c862b122d2b06c12a625732
2019-10-02 20:07:52,085 [main] INFO  handler.ContextHandler (ContextHandler.java:doStart(781)) - Started o.e.j.s.ServletContextHandler@539fc5d1{/logs,file:///workdir/hadoop-ozone/integration-test/target/log,AVAILABLE}
2019-10-02 20:07:52,085 [main] INFO  handler.ContextHandler (ContextHandler.java:doStart(781)) - Started o.e.j.s.ServletContextHandler@60b616c8{/static,jar:file:/home/user/.m2/repository/org/apache/hadoop/hadoop-hdds-container-service/0.5.0-SNAPSHOT/hadoop-hdds-container-service-0.5.0-SNAPSHOT.jar!/webapps/static,AVAILABLE}
2019-10-02 20:07:52,113 [main] INFO  handler.ContextHandler (ContextHandler.java:doStart(781)) - Started o.e.j.w.WebAppContext@6d31f106{/,file:///tmp/jetty-0.0.0.0-34442-hddsDatanode-_-any-8125502042716092371.dir/webapp/,AVAILABLE}{/hddsDatanode}
2019-10-02 20:07:52,113 [main] INFO  server.AbstractConnector (AbstractConnector.java:doStart(278)) - Started ServerConnector@587f4f63{HTTP/1.1,[http/1.1]}{0.0.0.0:34442}
2019-10-02 20:07:52,114 [main] INFO  server.Server (Server.java:doStart(419)) - Started @634894ms
2019-10-02 20:07:52,115 [main] WARN  impl.MetricsSystemImpl (MetricsSystemImpl.java:register(276)) - Sink prometheus already exists!
2019-10-02 20:07:52,116 [main] INFO  server.BaseHttpServer (BaseHttpServer.java:updateConnectorAddress(215)) - HTTP server of HDDSDATANODE is listening at http://0.0.0.0:34442
2019-10-02 20:07:52,116 [main] INFO  impl.MetricsSystemImpl (MetricsSystemImpl.java:init(158)) - HddsDatanode metrics system started (again)
2019-10-02 20:07:52,120 [org.apache.hadoop.util.JvmPauseMonitor$Monitor@4d70917e] INFO  util.JvmPauseMonitor (JvmPauseMonitor.java:run(188)) - Starting JVM pause monitor
2019-10-02 20:07:52,121 [main] INFO  ozone.HddsDatanodeService (HddsDatanodeService.java:start(184)) - HddsDatanodeService host:pr-hdds-2198-qvzm8-602720389 ip:192.168.151.67
2019-10-02 20:07:52,121 [Datanode State Machine Thread - 0] INFO  datanode.InitDatanodeState (InitDatanodeState.java:persistContainerDatanodeDetails(140)) - DatanodeDetails is persisted to /workdir/hadoop-ozone/integration-test/target/test-dir/MiniOzoneClusterImpl-aca11393-2759-4d1b-a5f8-dca1b679aeb5/datanode-2/meta/datanode.id
2019-10-02 20:07:52,127 [main] INFO  volume.HddsVolume (HddsVolume.java:<init>(176)) - Creating Volume: /workdir/hadoop-ozone/integration-test/target/test-dir/MiniOzoneClusterImpl-aca11393-2759-4d1b-a5f8-dca1b679aeb5/datanode-3/data/containers/hdds of  storage type : DISK and capacity : 1482555576320
2019-10-02 20:07:52,127 [main] INFO  volume.VolumeSet (VolumeSet.java:initializeVolumeSet(170)) - Added Volume : /workdir/hadoop-ozone/integration-test/target/test-dir/MiniOzoneClusterImpl-aca11393-2759-4d1b-a5f8-dca1b679aeb5/datanode-3/data/containers/hdds to VolumeSet
2019-10-02 20:07:52,127 [main] INFO  volume.ThrottledAsyncChecker (ThrottledAsyncChecker.java:schedule(139)) - Scheduling a check for org.apache.hadoop.ozone.container.common.volume.HddsVolume@2bfc2f8b
2019-10-02 20:07:52,128 [main] INFO  volume.HddsVolumeChecker (HddsVolumeChecker.java:checkAllVolumes(202)) - Scheduled health check for volume org.apache.hadoop.ozone.container.common.volume.HddsVolume@2bfc2f8b
2019-10-02 20:07:52,140 [main] INFO  impl.RaftServerProxy (ConfUtils.java:logGet(43)) - raft.rpc.type = GRPC (default)
2019-10-02 20:07:52,140 [main] INFO  grpc.GrpcFactory (GrpcFactory.java:checkPooledByteBufAllocatorUseCacheForAllThreads(45)) - PERFORMANCE WARNING: useCacheForAllThreads is true that may cause Netty to create a lot garbage objects and, as a result, trigger GC.
	It is recommended to disable useCacheForAllThreads by setting -Dorg.apache.ratis.thirdparty.io.netty.allocator.useCacheForAllThreads=false in command line.
2019-10-02 20:07:52,140 [main] INFO  grpc.GrpcConfigKeys$Server (ConfUtils.java:logGet(43)) - raft.grpc.server.port = 0 (default)
2019-10-02 20:07:52,141 [main] INFO  server.GrpcService (ConfUtils.java:logGet(43)) - raft.grpc.message.size.max = 33570816 (custom)
2019-10-02 20:07:52,141 [main] INFO  server.RaftServerConfigKeys (ConfUtils.java:logGet(43)) - raft.server.log.appender.buffer.byte-limit = 33554432 (custom)
2019-10-02 20:07:52,141 [main] INFO  server.GrpcService (ConfUtils.java:logGet(43)) - raft.grpc.flow.control.window = 1MB (=1048576) (default)
2019-10-02 20:07:52,141 [main] INFO  server.RaftServerConfigKeys (ConfUtils.java:logGet(43)) - raft.server.rpc.request.timeout = 3000ms (default)
2019-10-02 20:07:52,142 [main] INFO  server.RaftServerConfigKeys (ConfUtils.java:logGet(43)) - raft.server.storage.dir = [/workdir/hadoop-ozone/integration-test/target/test-dir/MiniOzoneClusterImpl-aca11393-2759-4d1b-a5f8-dca1b679aeb5/datanode-3/data/ratis] (custom)
2019-10-02 20:07:52,143 [main] INFO  hdfs.DFSUtil (DFSUtil.java:httpServerTemplateForNNAndJN(1641)) - Starting Web-server for hddsDatanode at: http://0.0.0.0:0
2019-10-02 20:07:52,144 [main] INFO  server.AuthenticationFilter (AuthenticationFilter.java:constructSecretProvider(240)) - Unable to initialize FileSignerSecretProvider, falling back to use random secrets.
2019-10-02 20:07:52,144 [main] WARN  http.HttpRequestLog (HttpRequestLog.java:getRequestLog(97)) - Jetty request log can only be enabled using Log4j
2019-10-02 20:07:52,145 [main] INFO  http.HttpServer2 (HttpServer2.java:addGlobalFilter(975)) - Added global filter 'safety' (class=org.apache.hadoop.http.HttpServer2$QuotingInputFilter)
2019-10-02 20:07:52,146 [main] INFO  http.HttpServer2 (HttpServer2.java:addFilter(948)) - Added filter static_user_filter (class=org.apache.hadoop.http.lib.StaticUserWebFilter$StaticUserFilter) to context hddsDatanode
2019-10-02 20:07:52,146 [main] INFO  http.HttpServer2 (HttpServer2.java:addFilter(958)) - Added filter static_user_filter (class=org.apache.hadoop.http.lib.StaticUserWebFilter$StaticUserFilter) to context static
2019-10-02 20:07:52,146 [main] INFO  http.HttpServer2 (HttpServer2.java:addFilter(958)) - Added filter static_user_filter (class=org.apache.hadoop.http.lib.StaticUserWebFilter$StaticUserFilter) to context logs
2019-10-02 20:07:52,147 [main] INFO  http.HttpServer2 (HttpServer2.java:bindListener(1191)) - Jetty bound to port 42236
2019-10-02 20:07:52,147 [main] INFO  server.Server (Server.java:doStart(351)) - jetty-9.3.25.v20180904, build timestamp: 2018-09-04T21:11:46Z, git hash: 3ce520221d0240229c862b122d2b06c12a625732
2019-10-02 20:07:52,148 [main] INFO  handler.ContextHandler (ContextHandler.java:doStart(781)) - Started o.e.j.s.ServletContextHandler@5323999f{/logs,file:///workdir/hadoop-ozone/integration-test/target/log,AVAILABLE}
2019-10-02 20:07:52,148 [main] INFO  handler.ContextHandler (ContextHandler.java:doStart(781)) - Started o.e.j.s.ServletContextHandler@3bc20984{/static,jar:file:/home/user/.m2/repository/org/apache/hadoop/hadoop-hdds-container-service/0.5.0-SNAPSHOT/hadoop-hdds-container-service-0.5.0-SNAPSHOT.jar!/webapps/static,AVAILABLE}
2019-10-02 20:07:52,175 [main] INFO  handler.ContextHandler (ContextHandler.java:doStart(781)) - Started o.e.j.w.WebAppContext@8b41ad{/,file:///tmp/jetty-0.0.0.0-42236-hddsDatanode-_-any-3081369873601825488.dir/webapp/,AVAILABLE}{/hddsDatanode}
2019-10-02 20:07:52,175 [main] INFO  server.AbstractConnector (AbstractConnector.java:doStart(278)) - Started ServerConnector@541d4d9f{HTTP/1.1,[http/1.1]}{0.0.0.0:42236}
2019-10-02 20:07:52,177 [main] INFO  server.Server (Server.java:doStart(419)) - Started @634958ms
2019-10-02 20:07:52,178 [main] WARN  impl.MetricsSystemImpl (MetricsSystemImpl.java:register(276)) - Sink prometheus already exists!
2019-10-02 20:07:52,178 [main] INFO  server.BaseHttpServer (BaseHttpServer.java:updateConnectorAddress(215)) - HTTP server of HDDSDATANODE is listening at http://0.0.0.0:42236
2019-10-02 20:07:52,178 [main] INFO  impl.MetricsSystemImpl (MetricsSystemImpl.java:init(158)) - HddsDatanode metrics system started (again)
2019-10-02 20:07:52,182 [org.apache.hadoop.util.JvmPauseMonitor$Monitor@34fce8b8] INFO  util.JvmPauseMonitor (JvmPauseMonitor.java:run(188)) - Starting JVM pause monitor
2019-10-02 20:07:52,184 [Datanode State Machine Thread - 0] INFO  datanode.InitDatanodeState (InitDatanodeState.java:persistContainerDatanodeDetails(140)) - DatanodeDetails is persisted to /workdir/hadoop-ozone/integration-test/target/test-dir/MiniOzoneClusterImpl-aca11393-2759-4d1b-a5f8-dca1b679aeb5/datanode-3/meta/datanode.id
2019-10-02 20:07:52,184 [main] INFO  ozone.HddsDatanodeService (HddsDatanodeService.java:start(184)) - HddsDatanodeService host:pr-hdds-2198-qvzm8-602720389 ip:192.168.151.67
2019-10-02 20:07:52,190 [main] INFO  volume.HddsVolume (HddsVolume.java:<init>(176)) - Creating Volume: /workdir/hadoop-ozone/integration-test/target/test-dir/MiniOzoneClusterImpl-aca11393-2759-4d1b-a5f8-dca1b679aeb5/datanode-4/data/containers/hdds of  storage type : DISK and capacity : 1482555576320
2019-10-02 20:07:52,191 [main] INFO  volume.VolumeSet (VolumeSet.java:initializeVolumeSet(170)) - Added Volume : /workdir/hadoop-ozone/integration-test/target/test-dir/MiniOzoneClusterImpl-aca11393-2759-4d1b-a5f8-dca1b679aeb5/datanode-4/data/containers/hdds to VolumeSet
2019-10-02 20:07:52,191 [main] INFO  volume.ThrottledAsyncChecker (ThrottledAsyncChecker.java:schedule(139)) - Scheduling a check for org.apache.hadoop.ozone.container.common.volume.HddsVolume@bb8ead8
2019-10-02 20:07:52,192 [main] INFO  volume.HddsVolumeChecker (HddsVolumeChecker.java:checkAllVolumes(202)) - Scheduled health check for volume org.apache.hadoop.ozone.container.common.volume.HddsVolume@bb8ead8
2019-10-02 20:07:52,208 [main] INFO  impl.RaftServerProxy (ConfUtils.java:logGet(43)) - raft.rpc.type = GRPC (default)
2019-10-02 20:07:52,208 [main] INFO  grpc.GrpcFactory (GrpcFactory.java:checkPooledByteBufAllocatorUseCacheForAllThreads(45)) - PERFORMANCE WARNING: useCacheForAllThreads is true that may cause Netty to create a lot garbage objects and, as a result, trigger GC.
	It is recommended to disable useCacheForAllThreads by setting -Dorg.apache.ratis.thirdparty.io.netty.allocator.useCacheForAllThreads=false in command line.
2019-10-02 20:07:52,208 [main] INFO  grpc.GrpcConfigKeys$Server (ConfUtils.java:logGet(43)) - raft.grpc.server.port = 0 (default)
2019-10-02 20:07:52,208 [main] INFO  server.GrpcService (ConfUtils.java:logGet(43)) - raft.grpc.message.size.max = 33570816 (custom)
2019-10-02 20:07:52,209 [main] INFO  server.RaftServerConfigKeys (ConfUtils.java:logGet(43)) - raft.server.log.appender.buffer.byte-limit = 33554432 (custom)
2019-10-02 20:07:52,209 [main] INFO  server.GrpcService (ConfUtils.java:logGet(43)) - raft.grpc.flow.control.window = 1MB (=1048576) (default)
2019-10-02 20:07:52,209 [main] INFO  server.RaftServerConfigKeys (ConfUtils.java:logGet(43)) - raft.server.rpc.request.timeout = 3000ms (default)
2019-10-02 20:07:52,209 [main] INFO  server.RaftServerConfigKeys (ConfUtils.java:logGet(43)) - raft.server.storage.dir = [/workdir/hadoop-ozone/integration-test/target/test-dir/MiniOzoneClusterImpl-aca11393-2759-4d1b-a5f8-dca1b679aeb5/datanode-4/data/ratis] (custom)
2019-10-02 20:07:52,211 [main] INFO  hdfs.DFSUtil (DFSUtil.java:httpServerTemplateForNNAndJN(1641)) - Starting Web-server for hddsDatanode at: http://0.0.0.0:0
2019-10-02 20:07:52,212 [main] INFO  server.AuthenticationFilter (AuthenticationFilter.java:constructSecretProvider(240)) - Unable to initialize FileSignerSecretProvider, falling back to use random secrets.
2019-10-02 20:07:52,212 [main] WARN  http.HttpRequestLog (HttpRequestLog.java:getRequestLog(97)) - Jetty request log can only be enabled using Log4j
2019-10-02 20:07:52,213 [main] INFO  http.HttpServer2 (HttpServer2.java:addGlobalFilter(975)) - Added global filter 'safety' (class=org.apache.hadoop.http.HttpServer2$QuotingInputFilter)
2019-10-02 20:07:52,214 [main] INFO  http.HttpServer2 (HttpServer2.java:addFilter(948)) - Added filter static_user_filter (class=org.apache.hadoop.http.lib.StaticUserWebFilter$StaticUserFilter) to context hddsDatanode
2019-10-02 20:07:52,214 [main] INFO  http.HttpServer2 (HttpServer2.java:addFilter(958)) - Added filter static_user_filter (class=org.apache.hadoop.http.lib.StaticUserWebFilter$StaticUserFilter) to context static
2019-10-02 20:07:52,214 [main] INFO  http.HttpServer2 (HttpServer2.java:addFilter(958)) - Added filter static_user_filter (class=org.apache.hadoop.http.lib.StaticUserWebFilter$StaticUserFilter) to context logs
2019-10-02 20:07:52,215 [main] INFO  http.HttpServer2 (HttpServer2.java:bindListener(1191)) - Jetty bound to port 46856
2019-10-02 20:07:52,215 [main] INFO  server.Server (Server.java:doStart(351)) - jetty-9.3.25.v20180904, build timestamp: 2018-09-04T21:11:46Z, git hash: 3ce520221d0240229c862b122d2b06c12a625732
2019-10-02 20:07:52,216 [main] INFO  handler.ContextHandler (ContextHandler.java:doStart(781)) - Started o.e.j.s.ServletContextHandler@6060146b{/logs,file:///workdir/hadoop-ozone/integration-test/target/log,AVAILABLE}
2019-10-02 20:07:52,216 [main] INFO  handler.ContextHandler (ContextHandler.java:doStart(781)) - Started o.e.j.s.ServletContextHandler@27bc1d44{/static,jar:file:/home/user/.m2/repository/org/apache/hadoop/hadoop-hdds-container-service/0.5.0-SNAPSHOT/hadoop-hdds-container-service-0.5.0-SNAPSHOT.jar!/webapps/static,AVAILABLE}
2019-10-02 20:07:52,243 [main] INFO  handler.ContextHandler (ContextHandler.java:doStart(781)) - Started o.e.j.w.WebAppContext@3070f3e6{/,file:///tmp/jetty-0.0.0.0-46856-hddsDatanode-_-any-425265298931565510.dir/webapp/,AVAILABLE}{/hddsDatanode}
2019-10-02 20:07:52,244 [main] INFO  server.AbstractConnector (AbstractConnector.java:doStart(278)) - Started ServerConnector@3271ec2a{HTTP/1.1,[http/1.1]}{0.0.0.0:46856}
2019-10-02 20:07:52,246 [main] INFO  server.Server (Server.java:doStart(419)) - Started @635026ms
2019-10-02 20:07:52,246 [main] WARN  impl.MetricsSystemImpl (MetricsSystemImpl.java:register(276)) - Sink prometheus already exists!
2019-10-02 20:07:52,247 [main] INFO  server.BaseHttpServer (BaseHttpServer.java:updateConnectorAddress(215)) - HTTP server of HDDSDATANODE is listening at http://0.0.0.0:46856
2019-10-02 20:07:52,247 [main] INFO  impl.MetricsSystemImpl (MetricsSystemImpl.java:init(158)) - HddsDatanode metrics system started (again)
2019-10-02 20:07:52,252 [org.apache.hadoop.util.JvmPauseMonitor$Monitor@438bcd6f] INFO  util.JvmPauseMonitor (JvmPauseMonitor.java:run(188)) - Starting JVM pause monitor
2019-10-02 20:07:52,252 [main] INFO  ozone.HddsDatanodeService (HddsDatanodeService.java:start(184)) - HddsDatanodeService host:pr-hdds-2198-qvzm8-602720389 ip:192.168.151.67
2019-10-02 20:07:52,253 [Datanode State Machine Thread - 0] INFO  datanode.InitDatanodeState (InitDatanodeState.java:persistContainerDatanodeDetails(140)) - DatanodeDetails is persisted to /workdir/hadoop-ozone/integration-test/target/test-dir/MiniOzoneClusterImpl-aca11393-2759-4d1b-a5f8-dca1b679aeb5/datanode-4/meta/datanode.id
2019-10-02 20:07:52,266 [main] INFO  volume.HddsVolume (HddsVolume.java:<init>(176)) - Creating Volume: /workdir/hadoop-ozone/integration-test/target/test-dir/MiniOzoneClusterImpl-aca11393-2759-4d1b-a5f8-dca1b679aeb5/datanode-5/data/containers/hdds of  storage type : DISK and capacity : 1482555576320
2019-10-02 20:07:52,266 [main] INFO  volume.VolumeSet (VolumeSet.java:initializeVolumeSet(170)) - Added Volume : /workdir/hadoop-ozone/integration-test/target/test-dir/MiniOzoneClusterImpl-aca11393-2759-4d1b-a5f8-dca1b679aeb5/datanode-5/data/containers/hdds to VolumeSet
2019-10-02 20:07:52,266 [main] INFO  volume.ThrottledAsyncChecker (ThrottledAsyncChecker.java:schedule(139)) - Scheduling a check for org.apache.hadoop.ozone.container.common.volume.HddsVolume@2049e582
2019-10-02 20:07:52,267 [main] INFO  volume.HddsVolumeChecker (HddsVolumeChecker.java:checkAllVolumes(202)) - Scheduled health check for volume org.apache.hadoop.ozone.container.common.volume.HddsVolume@2049e582
2019-10-02 20:07:52,280 [main] INFO  impl.RaftServerProxy (ConfUtils.java:logGet(43)) - raft.rpc.type = GRPC (default)
2019-10-02 20:07:52,280 [main] INFO  grpc.GrpcFactory (GrpcFactory.java:checkPooledByteBufAllocatorUseCacheForAllThreads(45)) - PERFORMANCE WARNING: useCacheForAllThreads is true that may cause Netty to create a lot garbage objects and, as a result, trigger GC.
	It is recommended to disable useCacheForAllThreads by setting -Dorg.apache.ratis.thirdparty.io.netty.allocator.useCacheForAllThreads=false in command line.
2019-10-02 20:07:52,280 [main] INFO  grpc.GrpcConfigKeys$Server (ConfUtils.java:logGet(43)) - raft.grpc.server.port = 0 (default)
2019-10-02 20:07:52,281 [main] INFO  server.GrpcService (ConfUtils.java:logGet(43)) - raft.grpc.message.size.max = 33570816 (custom)
2019-10-02 20:07:52,281 [main] INFO  server.RaftServerConfigKeys (ConfUtils.java:logGet(43)) - raft.server.log.appender.buffer.byte-limit = 33554432 (custom)
2019-10-02 20:07:52,281 [main] INFO  server.GrpcService (ConfUtils.java:logGet(43)) - raft.grpc.flow.control.window = 1MB (=1048576) (default)
2019-10-02 20:07:52,281 [main] INFO  server.RaftServerConfigKeys (ConfUtils.java:logGet(43)) - raft.server.rpc.request.timeout = 3000ms (default)
2019-10-02 20:07:52,281 [main] INFO  server.RaftServerConfigKeys (ConfUtils.java:logGet(43)) - raft.server.storage.dir = [/workdir/hadoop-ozone/integration-test/target/test-dir/MiniOzoneClusterImpl-aca11393-2759-4d1b-a5f8-dca1b679aeb5/datanode-5/data/ratis] (custom)
2019-10-02 20:07:52,283 [main] INFO  hdfs.DFSUtil (DFSUtil.java:httpServerTemplateForNNAndJN(1641)) - Starting Web-server for hddsDatanode at: http://0.0.0.0:0
2019-10-02 20:07:52,284 [main] INFO  server.AuthenticationFilter (AuthenticationFilter.java:constructSecretProvider(240)) - Unable to initialize FileSignerSecretProvider, falling back to use random secrets.
2019-10-02 20:07:52,284 [main] WARN  http.HttpRequestLog (HttpRequestLog.java:getRequestLog(97)) - Jetty request log can only be enabled using Log4j
2019-10-02 20:07:52,285 [main] INFO  http.HttpServer2 (HttpServer2.java:addGlobalFilter(975)) - Added global filter 'safety' (class=org.apache.hadoop.http.HttpServer2$QuotingInputFilter)
2019-10-02 20:07:52,286 [main] INFO  http.HttpServer2 (HttpServer2.java:addFilter(948)) - Added filter static_user_filter (class=org.apache.hadoop.http.lib.StaticUserWebFilter$StaticUserFilter) to context hddsDatanode
2019-10-02 20:07:52,286 [main] INFO  http.HttpServer2 (HttpServer2.java:addFilter(958)) - Added filter static_user_filter (class=org.apache.hadoop.http.lib.StaticUserWebFilter$StaticUserFilter) to context logs
2019-10-02 20:07:52,286 [main] INFO  http.HttpServer2 (HttpServer2.java:addFilter(958)) - Added filter static_user_filter (class=org.apache.hadoop.http.lib.StaticUserWebFilter$StaticUserFilter) to context static
2019-10-02 20:07:52,286 [main] INFO  http.HttpServer2 (HttpServer2.java:bindListener(1191)) - Jetty bound to port 34305
2019-10-02 20:07:52,287 [main] INFO  server.Server (Server.java:doStart(351)) - jetty-9.3.25.v20180904, build timestamp: 2018-09-04T21:11:46Z, git hash: 3ce520221d0240229c862b122d2b06c12a625732
2019-10-02 20:07:52,288 [main] INFO  handler.ContextHandler (ContextHandler.java:doStart(781)) - Started o.e.j.s.ServletContextHandler@640c216b{/logs,file:///workdir/hadoop-ozone/integration-test/target/log,AVAILABLE}
2019-10-02 20:07:52,288 [main] INFO  handler.ContextHandler (ContextHandler.java:doStart(781)) - Started o.e.j.s.ServletContextHandler@c0c8f96{/static,jar:file:/home/user/.m2/repository/org/apache/hadoop/hadoop-hdds-container-service/0.5.0-SNAPSHOT/hadoop-hdds-container-service-0.5.0-SNAPSHOT.jar!/webapps/static,AVAILABLE}
2019-10-02 20:07:52,314 [main] INFO  handler.ContextHandler (ContextHandler.java:doStart(781)) - Started o.e.j.w.WebAppContext@65844c96{/,file:///tmp/jetty-0.0.0.0-34305-hddsDatanode-_-any-7301406903456480342.dir/webapp/,AVAILABLE}{/hddsDatanode}
2019-10-02 20:07:52,315 [main] INFO  server.AbstractConnector (AbstractConnector.java:doStart(278)) - Started ServerConnector@25214797{HTTP/1.1,[http/1.1]}{0.0.0.0:34305}
2019-10-02 20:07:52,317 [main] INFO  server.Server (Server.java:doStart(419)) - Started @635097ms
2019-10-02 20:07:52,317 [main] WARN  impl.MetricsSystemImpl (MetricsSystemImpl.java:register(276)) - Sink prometheus already exists!
2019-10-02 20:07:52,318 [main] INFO  server.BaseHttpServer (BaseHttpServer.java:updateConnectorAddress(215)) - HTTP server of HDDSDATANODE is listening at http://0.0.0.0:34305
2019-10-02 20:07:52,318 [main] INFO  impl.MetricsSystemImpl (MetricsSystemImpl.java:init(158)) - HddsDatanode metrics system started (again)
2019-10-02 20:07:52,323 [org.apache.hadoop.util.JvmPauseMonitor$Monitor@4905fa81] INFO  util.JvmPauseMonitor (JvmPauseMonitor.java:run(188)) - Starting JVM pause monitor
2019-10-02 20:07:52,323 [main] INFO  ozone.HddsDatanodeService (HddsDatanodeService.java:start(184)) - HddsDatanodeService host:pr-hdds-2198-qvzm8-602720389 ip:192.168.151.67
2019-10-02 20:07:52,324 [Datanode State Machine Thread - 0] INFO  datanode.InitDatanodeState (InitDatanodeState.java:persistContainerDatanodeDetails(140)) - DatanodeDetails is persisted to /workdir/hadoop-ozone/integration-test/target/test-dir/MiniOzoneClusterImpl-aca11393-2759-4d1b-a5f8-dca1b679aeb5/datanode-5/meta/datanode.id
2019-10-02 20:07:52,331 [main] INFO  volume.HddsVolume (HddsVolume.java:<init>(176)) - Creating Volume: /workdir/hadoop-ozone/integration-test/target/test-dir/MiniOzoneClusterImpl-aca11393-2759-4d1b-a5f8-dca1b679aeb5/datanode-6/data/containers/hdds of  storage type : DISK and capacity : 1482555576320
2019-10-02 20:07:52,331 [main] INFO  volume.VolumeSet (VolumeSet.java:initializeVolumeSet(170)) - Added Volume : /workdir/hadoop-ozone/integration-test/target/test-dir/MiniOzoneClusterImpl-aca11393-2759-4d1b-a5f8-dca1b679aeb5/datanode-6/data/containers/hdds to VolumeSet
2019-10-02 20:07:52,331 [main] INFO  volume.ThrottledAsyncChecker (ThrottledAsyncChecker.java:schedule(139)) - Scheduling a check for org.apache.hadoop.ozone.container.common.volume.HddsVolume@221b77d7
2019-10-02 20:07:52,332 [main] INFO  volume.HddsVolumeChecker (HddsVolumeChecker.java:checkAllVolumes(202)) - Scheduled health check for volume org.apache.hadoop.ozone.container.common.volume.HddsVolume@221b77d7
2019-10-02 20:07:52,348 [main] INFO  impl.RaftServerProxy (ConfUtils.java:logGet(43)) - raft.rpc.type = GRPC (default)
2019-10-02 20:07:52,348 [main] INFO  grpc.GrpcFactory (GrpcFactory.java:checkPooledByteBufAllocatorUseCacheForAllThreads(45)) - PERFORMANCE WARNING: useCacheForAllThreads is true that may cause Netty to create a lot garbage objects and, as a result, trigger GC.
	It is recommended to disable useCacheForAllThreads by setting -Dorg.apache.ratis.thirdparty.io.netty.allocator.useCacheForAllThreads=false in command line.
2019-10-02 20:07:52,348 [main] INFO  grpc.GrpcConfigKeys$Server (ConfUtils.java:logGet(43)) - raft.grpc.server.port = 0 (default)
2019-10-02 20:07:52,348 [main] INFO  server.GrpcService (ConfUtils.java:logGet(43)) - raft.grpc.message.size.max = 33570816 (custom)
2019-10-02 20:07:52,349 [main] INFO  server.RaftServerConfigKeys (ConfUtils.java:logGet(43)) - raft.server.log.appender.buffer.byte-limit = 33554432 (custom)
2019-10-02 20:07:52,349 [main] INFO  server.GrpcService (ConfUtils.java:logGet(43)) - raft.grpc.flow.control.window = 1MB (=1048576) (default)
2019-10-02 20:07:52,349 [main] INFO  server.RaftServerConfigKeys (ConfUtils.java:logGet(43)) - raft.server.rpc.request.timeout = 3000ms (default)
2019-10-02 20:07:52,350 [main] INFO  server.RaftServerConfigKeys (ConfUtils.java:logGet(43)) - raft.server.storage.dir = [/workdir/hadoop-ozone/integration-test/target/test-dir/MiniOzoneClusterImpl-aca11393-2759-4d1b-a5f8-dca1b679aeb5/datanode-6/data/ratis] (custom)
2019-10-02 20:07:52,351 [main] INFO  hdfs.DFSUtil (DFSUtil.java:httpServerTemplateForNNAndJN(1641)) - Starting Web-server for hddsDatanode at: http://0.0.0.0:0
2019-10-02 20:07:52,352 [main] INFO  server.AuthenticationFilter (AuthenticationFilter.java:constructSecretProvider(240)) - Unable to initialize FileSignerSecretProvider, falling back to use random secrets.
2019-10-02 20:07:52,352 [main] WARN  http.HttpRequestLog (HttpRequestLog.java:getRequestLog(97)) - Jetty request log can only be enabled using Log4j
2019-10-02 20:07:52,354 [main] INFO  http.HttpServer2 (HttpServer2.java:addGlobalFilter(975)) - Added global filter 'safety' (class=org.apache.hadoop.http.HttpServer2$QuotingInputFilter)
2019-10-02 20:07:52,355 [main] INFO  http.HttpServer2 (HttpServer2.java:addFilter(948)) - Added filter static_user_filter (class=org.apache.hadoop.http.lib.StaticUserWebFilter$StaticUserFilter) to context hddsDatanode
2019-10-02 20:07:52,355 [main] INFO  http.HttpServer2 (HttpServer2.java:addFilter(958)) - Added filter static_user_filter (class=org.apache.hadoop.http.lib.StaticUserWebFilter$StaticUserFilter) to context logs
2019-10-02 20:07:52,355 [main] INFO  http.HttpServer2 (HttpServer2.java:addFilter(958)) - Added filter static_user_filter (class=org.apache.hadoop.http.lib.StaticUserWebFilter$StaticUserFilter) to context static
2019-10-02 20:07:52,356 [main] INFO  http.HttpServer2 (HttpServer2.java:bindListener(1191)) - Jetty bound to port 44166
2019-10-02 20:07:52,356 [main] INFO  server.Server (Server.java:doStart(351)) - jetty-9.3.25.v20180904, build timestamp: 2018-09-04T21:11:46Z, git hash: 3ce520221d0240229c862b122d2b06c12a625732
2019-10-02 20:07:52,357 [main] INFO  handler.ContextHandler (ContextHandler.java:doStart(781)) - Started o.e.j.s.ServletContextHandler@638afcaa{/logs,file:///workdir/hadoop-ozone/integration-test/target/log,AVAILABLE}
2019-10-02 20:07:52,358 [main] INFO  handler.ContextHandler (ContextHandler.java:doStart(781)) - Started o.e.j.s.ServletContextHandler@62735b13{/static,jar:file:/home/user/.m2/repository/org/apache/hadoop/hadoop-hdds-container-service/0.5.0-SNAPSHOT/hadoop-hdds-container-service-0.5.0-SNAPSHOT.jar!/webapps/static,AVAILABLE}
2019-10-02 20:07:52,388 [main] INFO  handler.ContextHandler (ContextHandler.java:doStart(781)) - Started o.e.j.w.WebAppContext@5e5a8718{/,file:///tmp/jetty-0.0.0.0-44166-hddsDatanode-_-any-4479280372956731171.dir/webapp/,AVAILABLE}{/hddsDatanode}
2019-10-02 20:07:52,389 [main] INFO  server.AbstractConnector (AbstractConnector.java:doStart(278)) - Started ServerConnector@7404ddca{HTTP/1.1,[http/1.1]}{0.0.0.0:44166}
2019-10-02 20:07:52,391 [main] INFO  server.Server (Server.java:doStart(419)) - Started @635171ms
2019-10-02 20:07:52,391 [main] WARN  impl.MetricsSystemImpl (MetricsSystemImpl.java:register(276)) - Sink prometheus already exists!
2019-10-02 20:07:52,392 [main] INFO  server.BaseHttpServer (BaseHttpServer.java:updateConnectorAddress(215)) - HTTP server of HDDSDATANODE is listening at http://0.0.0.0:44166
2019-10-02 20:07:52,392 [main] INFO  ozone.MiniOzoneClusterImpl (MiniOzoneClusterImpl.java:lambda$waitForClusterToBeReady$0(147)) - Waiting for cluster to be ready. Got 0 of 7 DN Heartbeats.
2019-10-02 20:07:52,393 [org.apache.hadoop.util.JvmPauseMonitor$Monitor@6dbed68f] INFO  util.JvmPauseMonitor (JvmPauseMonitor.java:run(188)) - Starting JVM pause monitor
2019-10-02 20:07:52,394 [Datanode State Machine Thread - 0] INFO  datanode.InitDatanodeState (InitDatanodeState.java:persistContainerDatanodeDetails(140)) - DatanodeDetails is persisted to /workdir/hadoop-ozone/integration-test/target/test-dir/MiniOzoneClusterImpl-aca11393-2759-4d1b-a5f8-dca1b679aeb5/datanode-6/meta/datanode.id
2019-10-02 20:07:53,392 [main] INFO  ozone.MiniOzoneClusterImpl (MiniOzoneClusterImpl.java:lambda$waitForClusterToBeReady$0(147)) - Waiting for cluster to be ready. Got 0 of 7 DN Heartbeats.
2019-10-02 20:07:54,021 [Datanode State Machine Thread - 0] INFO  ozoneimpl.OzoneContainer (OzoneContainer.java:start(217)) - Attempting to start container services.
2019-10-02 20:07:54,022 [Datanode State Machine Thread - 0] INFO  ozoneimpl.OzoneContainer (OzoneContainer.java:startContainerScrub(179)) - Background container scanner has been disabled.
2019-10-02 20:07:54,022 [Datanode State Machine Thread - 0] INFO  ratis.XceiverServerRatis (XceiverServerRatis.java:start(411)) - Starting XceiverServerRatis 80e39893-1025-4cfc-a7ed-edf02fc85b0e at port 0
2019-10-02 20:07:54,027 [Datanode State Machine Thread - 0] INFO  impl.RaftServerProxy (RaftServerProxy.java:lambda$start$3(299)) - 80e39893-1025-4cfc-a7ed-edf02fc85b0e: start RPC server
2019-10-02 20:07:54,029 [Datanode State Machine Thread - 0] INFO  server.GrpcService (GrpcService.java:startImpl(158)) - 80e39893-1025-4cfc-a7ed-edf02fc85b0e: GrpcService started, listening on 0.0.0.0/0.0.0.0:39767
2019-10-02 20:07:54,029 [Datanode State Machine Thread - 0] INFO  ratis.XceiverServerRatis (XceiverServerRatis.java:start(421)) - XceiverServerRatis 80e39893-1025-4cfc-a7ed-edf02fc85b0e is started using port 39767
2019-10-02 20:07:54,038 [Datanode State Machine Thread - 0] INFO  server.XceiverServerGrpc (XceiverServerGrpc.java:start(149)) - XceiverServerGrpc 80e39893-1025-4cfc-a7ed-edf02fc85b0e is started using port 34808
2019-10-02 20:07:54,074 [Datanode State Machine Thread - 0] INFO  ozoneimpl.OzoneContainer (OzoneContainer.java:start(217)) - Attempting to start container services.
2019-10-02 20:07:54,074 [Datanode State Machine Thread - 0] INFO  ozoneimpl.OzoneContainer (OzoneContainer.java:startContainerScrub(179)) - Background container scanner has been disabled.
2019-10-02 20:07:54,074 [Datanode State Machine Thread - 0] INFO  ratis.XceiverServerRatis (XceiverServerRatis.java:start(411)) - Starting XceiverServerRatis 55b062ed-7beb-4a9a-ad42-b82892abf588 at port 0
2019-10-02 20:07:54,078 [Datanode State Machine Thread - 0] INFO  impl.RaftServerProxy (RaftServerProxy.java:lambda$start$3(299)) - 55b062ed-7beb-4a9a-ad42-b82892abf588: start RPC server
2019-10-02 20:07:54,079 [Datanode State Machine Thread - 0] INFO  server.GrpcService (GrpcService.java:startImpl(158)) - 55b062ed-7beb-4a9a-ad42-b82892abf588: GrpcService started, listening on 0.0.0.0/0.0.0.0:43789
2019-10-02 20:07:54,079 [Datanode State Machine Thread - 0] INFO  ratis.XceiverServerRatis (XceiverServerRatis.java:start(421)) - XceiverServerRatis 55b062ed-7beb-4a9a-ad42-b82892abf588 is started using port 43789
2019-10-02 20:07:54,079 [Datanode State Machine Thread - 0] INFO  server.XceiverServerGrpc (XceiverServerGrpc.java:start(149)) - XceiverServerGrpc 55b062ed-7beb-4a9a-ad42-b82892abf588 is started using port 43037
2019-10-02 20:07:54,134 [Datanode State Machine Thread - 0] INFO  ozoneimpl.OzoneContainer (OzoneContainer.java:start(217)) - Attempting to start container services.
2019-10-02 20:07:54,135 [Datanode State Machine Thread - 0] INFO  ozoneimpl.OzoneContainer (OzoneContainer.java:startContainerScrub(179)) - Background container scanner has been disabled.
2019-10-02 20:07:54,135 [Datanode State Machine Thread - 0] INFO  ratis.XceiverServerRatis (XceiverServerRatis.java:start(411)) - Starting XceiverServerRatis 4e1d41a4-7b1e-4a6c-bd2b-74c38c2571ab at port 0
2019-10-02 20:07:54,141 [Datanode State Machine Thread - 0] INFO  impl.RaftServerProxy (RaftServerProxy.java:lambda$start$3(299)) - 4e1d41a4-7b1e-4a6c-bd2b-74c38c2571ab: start RPC server
2019-10-02 20:07:54,141 [Datanode State Machine Thread - 0] INFO  server.GrpcService (GrpcService.java:startImpl(158)) - 4e1d41a4-7b1e-4a6c-bd2b-74c38c2571ab: GrpcService started, listening on 0.0.0.0/0.0.0.0:40301
2019-10-02 20:07:54,141 [Datanode State Machine Thread - 0] INFO  ratis.XceiverServerRatis (XceiverServerRatis.java:start(421)) - XceiverServerRatis 4e1d41a4-7b1e-4a6c-bd2b-74c38c2571ab is started using port 40301
2019-10-02 20:07:54,150 [Datanode State Machine Thread - 0] INFO  server.XceiverServerGrpc (XceiverServerGrpc.java:start(149)) - XceiverServerGrpc 4e1d41a4-7b1e-4a6c-bd2b-74c38c2571ab is started using port 38694
2019-10-02 20:07:54,197 [Datanode State Machine Thread - 0] INFO  ozoneimpl.OzoneContainer (OzoneContainer.java:start(217)) - Attempting to start container services.
2019-10-02 20:07:54,197 [Datanode State Machine Thread - 0] INFO  ozoneimpl.OzoneContainer (OzoneContainer.java:startContainerScrub(179)) - Background container scanner has been disabled.
2019-10-02 20:07:54,197 [Datanode State Machine Thread - 0] INFO  ratis.XceiverServerRatis (XceiverServerRatis.java:start(411)) - Starting XceiverServerRatis a9af49d4-12ef-4466-9519-242a6cd6b64b at port 0
2019-10-02 20:07:54,204 [Datanode State Machine Thread - 0] INFO  impl.RaftServerProxy (RaftServerProxy.java:lambda$start$3(299)) - a9af49d4-12ef-4466-9519-242a6cd6b64b: start RPC server
2019-10-02 20:07:54,205 [Datanode State Machine Thread - 0] INFO  server.GrpcService (GrpcService.java:startImpl(158)) - a9af49d4-12ef-4466-9519-242a6cd6b64b: GrpcService started, listening on 0.0.0.0/0.0.0.0:43032
2019-10-02 20:07:54,205 [Datanode State Machine Thread - 0] INFO  ratis.XceiverServerRatis (XceiverServerRatis.java:start(421)) - XceiverServerRatis a9af49d4-12ef-4466-9519-242a6cd6b64b is started using port 43032
2019-10-02 20:07:54,206 [Datanode State Machine Thread - 0] INFO  server.XceiverServerGrpc (XceiverServerGrpc.java:start(149)) - XceiverServerGrpc a9af49d4-12ef-4466-9519-242a6cd6b64b is started using port 35850
2019-10-02 20:07:54,266 [Datanode State Machine Thread - 0] INFO  ozoneimpl.OzoneContainer (OzoneContainer.java:start(217)) - Attempting to start container services.
2019-10-02 20:07:54,266 [Datanode State Machine Thread - 0] INFO  ozoneimpl.OzoneContainer (OzoneContainer.java:startContainerScrub(179)) - Background container scanner has been disabled.
2019-10-02 20:07:54,266 [Datanode State Machine Thread - 0] INFO  ratis.XceiverServerRatis (XceiverServerRatis.java:start(411)) - Starting XceiverServerRatis 21f4094a-09ac-4136-a6cc-ad02d4a11e74 at port 0
2019-10-02 20:07:54,271 [Datanode State Machine Thread - 0] INFO  impl.RaftServerProxy (RaftServerProxy.java:lambda$start$3(299)) - 21f4094a-09ac-4136-a6cc-ad02d4a11e74: start RPC server
2019-10-02 20:07:54,274 [Datanode State Machine Thread - 0] INFO  server.GrpcService (GrpcService.java:startImpl(158)) - 21f4094a-09ac-4136-a6cc-ad02d4a11e74: GrpcService started, listening on 0.0.0.0/0.0.0.0:38164
2019-10-02 20:07:54,275 [Datanode State Machine Thread - 0] INFO  ratis.XceiverServerRatis (XceiverServerRatis.java:start(421)) - XceiverServerRatis 21f4094a-09ac-4136-a6cc-ad02d4a11e74 is started using port 38164
2019-10-02 20:07:54,275 [Datanode State Machine Thread - 0] INFO  server.XceiverServerGrpc (XceiverServerGrpc.java:start(149)) - XceiverServerGrpc 21f4094a-09ac-4136-a6cc-ad02d4a11e74 is started using port 34994
2019-10-02 20:07:54,336 [Datanode State Machine Thread - 0] INFO  ozoneimpl.OzoneContainer (OzoneContainer.java:start(217)) - Attempting to start container services.
2019-10-02 20:07:54,336 [Datanode State Machine Thread - 0] INFO  ozoneimpl.OzoneContainer (OzoneContainer.java:startContainerScrub(179)) - Background container scanner has been disabled.
2019-10-02 20:07:54,336 [Datanode State Machine Thread - 0] INFO  ratis.XceiverServerRatis (XceiverServerRatis.java:start(411)) - Starting XceiverServerRatis e55924e4-1c8f-46ab-a97e-f8ae322d89d0 at port 0
2019-10-02 20:07:54,341 [Datanode State Machine Thread - 0] INFO  impl.RaftServerProxy (RaftServerProxy.java:lambda$start$3(299)) - e55924e4-1c8f-46ab-a97e-f8ae322d89d0: start RPC server
2019-10-02 20:07:54,341 [Datanode State Machine Thread - 0] INFO  server.GrpcService (GrpcService.java:startImpl(158)) - e55924e4-1c8f-46ab-a97e-f8ae322d89d0: GrpcService started, listening on 0.0.0.0/0.0.0.0:40214
2019-10-02 20:07:54,341 [Datanode State Machine Thread - 0] INFO  ratis.XceiverServerRatis (XceiverServerRatis.java:start(421)) - XceiverServerRatis e55924e4-1c8f-46ab-a97e-f8ae322d89d0 is started using port 40214
2019-10-02 20:07:54,344 [Datanode State Machine Thread - 0] INFO  server.XceiverServerGrpc (XceiverServerGrpc.java:start(149)) - XceiverServerGrpc e55924e4-1c8f-46ab-a97e-f8ae322d89d0 is started using port 43625
2019-10-02 20:07:54,393 [main] INFO  ozone.MiniOzoneClusterImpl (MiniOzoneClusterImpl.java:lambda$waitForClusterToBeReady$0(147)) - Waiting for cluster to be ready. Got 0 of 7 DN Heartbeats.
2019-10-02 20:07:54,408 [Datanode State Machine Thread - 0] INFO  ozoneimpl.OzoneContainer (OzoneContainer.java:start(217)) - Attempting to start container services.
2019-10-02 20:07:54,408 [Datanode State Machine Thread - 0] INFO  ozoneimpl.OzoneContainer (OzoneContainer.java:startContainerScrub(179)) - Background container scanner has been disabled.
2019-10-02 20:07:54,408 [Datanode State Machine Thread - 0] INFO  ratis.XceiverServerRatis (XceiverServerRatis.java:start(411)) - Starting XceiverServerRatis 4a61082c-fbee-413e-ae0e-30e21a012342 at port 0
2019-10-02 20:07:54,416 [Datanode State Machine Thread - 0] INFO  impl.RaftServerProxy (RaftServerProxy.java:lambda$start$3(299)) - 4a61082c-fbee-413e-ae0e-30e21a012342: start RPC server
2019-10-02 20:07:54,417 [Datanode State Machine Thread - 0] INFO  server.GrpcService (GrpcService.java:startImpl(158)) - 4a61082c-fbee-413e-ae0e-30e21a012342: GrpcService started, listening on 0.0.0.0/0.0.0.0:43549
2019-10-02 20:07:54,417 [Datanode State Machine Thread - 0] INFO  ratis.XceiverServerRatis (XceiverServerRatis.java:start(421)) - XceiverServerRatis 4a61082c-fbee-413e-ae0e-30e21a012342 is started using port 43549
2019-10-02 20:07:54,417 [Datanode State Machine Thread - 0] INFO  server.XceiverServerGrpc (XceiverServerGrpc.java:start(149)) - XceiverServerGrpc 4a61082c-fbee-413e-ae0e-30e21a012342 is started using port 42231
2019-10-02 20:07:55,394 [main] INFO  ozone.MiniOzoneClusterImpl (MiniOzoneClusterImpl.java:lambda$waitForClusterToBeReady$0(147)) - Waiting for cluster to be ready. Got 0 of 7 DN Heartbeats.
2019-10-02 20:07:56,002 [IPC Server handler 0 on 46006] INFO  net.NetworkTopology (NetworkTopologyImpl.java:add(111)) - Added a new node: /default-rack/80e39893-1025-4cfc-a7ed-edf02fc85b0e
2019-10-02 20:07:56,005 [IPC Server handler 0 on 46006] INFO  node.SCMNodeManager (SCMNodeManager.java:register(266)) - Registered Data node : 80e39893-1025-4cfc-a7ed-edf02fc85b0e{ip: 192.168.151.67, host: pr-hdds-2198-qvzm8-602720389, networkLocation: /default-rack, certSerialId: null}
2019-10-02 20:07:56,005 [EventQueue-NodeRegistrationContainerReportForDataNodeSafeModeRule] INFO  safemode.SCMSafeModeManager (DataNodeSafeModeRule.java:process(71)) - SCM in safe mode. 1 DataNodes registered, 1 required.
2019-10-02 20:07:56,007 [EventQueue-NodeRegistrationContainerReportForDataNodeSafeModeRule] INFO  safemode.SCMSafeModeManager (SCMSafeModeManager.java:validateSafeModeExitRules(177)) - ScmSafeModeManager, all rules are successfully validated
2019-10-02 20:07:56,007 [EventQueue-NodeRegistrationContainerReportForDataNodeSafeModeRule] INFO  safemode.SCMSafeModeManager (SCMSafeModeManager.java:exitSafeMode(193)) - SCM exiting safe mode.
2019-10-02 20:07:56,016 [grpc-default-executor-5] INFO  impl.RaftServerProxy (RaftServerProxy.java:addNew(89)) - 80e39893-1025-4cfc-a7ed-edf02fc85b0e: addNew group-8323887B65F0:[80e39893-1025-4cfc-a7ed-edf02fc85b0e:192.168.151.67:39767] returns group-8323887B65F0:java.util.concurrent.CompletableFuture@6c9d46c6[Not completed]
2019-10-02 20:07:56,017 [pool-499-thread-1] INFO  impl.RaftServerImpl (RaftServerImpl.java:<init>(95)) - 80e39893-1025-4cfc-a7ed-edf02fc85b0e: new RaftServerImpl for group-8323887B65F0:[80e39893-1025-4cfc-a7ed-edf02fc85b0e:192.168.151.67:39767] with ContainerStateMachine:uninitialized
2019-10-02 20:07:56,017 [pool-499-thread-1] INFO  server.RaftServerConfigKeys (ConfUtils.java:logGet(43)) - raft.server.rpc.timeout.min = 5s (custom)
2019-10-02 20:07:56,017 [pool-499-thread-1] INFO  server.RaftServerConfigKeys (ConfUtils.java:logGet(43)) - raft.server.rpc.timeout.max = 5200ms (custom)
2019-10-02 20:07:56,017 [pool-499-thread-1] INFO  server.RaftServerConfigKeys (ConfUtils.java:logGet(43)) - raft.server.rpcslowness.timeout = 120s (custom)
2019-10-02 20:07:56,017 [pool-499-thread-1] INFO  server.RaftServerConfigKeys (ConfUtils.java:logGet(43)) - raft.server.sleep.deviation.threshold = 300 (default)
2019-10-02 20:07:56,018 [pool-499-thread-1] INFO  server.RaftServerConfigKeys (ConfUtils.java:logGet(43)) - raft.server.log.appender.install.snapshot.enabled = false (custom)
2019-10-02 20:07:56,018 [pool-499-thread-1] INFO  impl.RaftServerImpl (ServerState.java:<init>(103)) - 80e39893-1025-4cfc-a7ed-edf02fc85b0e@group-8323887B65F0: ConfigurationManager, init=-1: [80e39893-1025-4cfc-a7ed-edf02fc85b0e:192.168.151.67:39767], old=null, confs=<EMPTY_MAP>
2019-10-02 20:07:56,018 [pool-499-thread-1] INFO  server.RaftServerConfigKeys (ConfUtils.java:logGet(43)) - raft.server.storage.dir = [/workdir/hadoop-ozone/integration-test/target/test-dir/MiniOzoneClusterImpl-aca11393-2759-4d1b-a5f8-dca1b679aeb5/datanode-0/data/ratis] (custom)
2019-10-02 20:07:56,018 [pool-499-thread-1] INFO  storage.RaftStorageDirectory (RaftStorageDirectory.java:analyzeStorage(246)) - The storage directory /workdir/hadoop-ozone/integration-test/target/test-dir/MiniOzoneClusterImpl-aca11393-2759-4d1b-a5f8-dca1b679aeb5/datanode-0/data/ratis/da906fbd-e7f9-498b-bfe9-8323887b65f0 does not exist. Creating ...
2019-10-02 20:07:56,031 [pool-499-thread-1] INFO  storage.RaftStorageDirectory (RaftStorageDirectory.java:tryLock(328)) - Lock on /workdir/hadoop-ozone/integration-test/target/test-dir/MiniOzoneClusterImpl-aca11393-2759-4d1b-a5f8-dca1b679aeb5/datanode-0/data/ratis/da906fbd-e7f9-498b-bfe9-8323887b65f0/in_use.lock acquired by nodename 22996@pr-hdds-2198-qvzm8-602720389
2019-10-02 20:07:56,044 [pool-499-thread-1] INFO  storage.RaftStorage (RaftStorage.java:format(72)) - Storage directory /workdir/hadoop-ozone/integration-test/target/test-dir/MiniOzoneClusterImpl-aca11393-2759-4d1b-a5f8-dca1b679aeb5/datanode-0/data/ratis/da906fbd-e7f9-498b-bfe9-8323887b65f0 has been successfully formatted.
2019-10-02 20:07:56,044 [pool-499-thread-1] INFO  ratis.ContainerStateMachine (ContainerStateMachine.java:loadSnapshot(230)) - group-8323887B65F0: The snapshot info is null. Setting the last applied indexto:(t:0, i:~)
2019-10-02 20:07:56,044 [pool-499-thread-1] INFO  server.RaftServerConfigKeys (ConfUtils.java:logGet(43)) - raft.server.notification.no-leader.timeout = 120s (custom)
2019-10-02 20:07:56,044 [pool-499-thread-1] INFO  server.RaftServerConfigKeys (ConfUtils.java:logGet(43)) - raft.server.log.use.memory = false (default)
2019-10-02 20:07:56,044 [pool-499-thread-1] INFO  server.RaftServerConfigKeys (ConfUtils.java:logGet(43)) - raft.server.log.purge.gap = 1000000 (custom)
2019-10-02 20:07:56,044 [pool-499-thread-1] INFO  server.RaftServerConfigKeys (ConfUtils.java:logGet(43)) - raft.server.log.appender.buffer.byte-limit = 33554432 (custom)
2019-10-02 20:07:56,045 [pool-499-thread-1] INFO  server.RaftServerConfigKeys (ConfUtils.java:logGet(43)) - raft.server.log.segment.size.max = 1048576 (custom)
2019-10-02 20:07:56,045 [pool-499-thread-1] INFO  server.RaftServerConfigKeys (ConfUtils.java:logGet(43)) - raft.server.log.segment.cache.num.max = 2 (custom)
2019-10-02 20:07:56,045 [pool-499-thread-1] INFO  segmented.SegmentedRaftLogWorker (SegmentedRaftLogWorker.java:<init>(172)) - new 80e39893-1025-4cfc-a7ed-edf02fc85b0e@group-8323887B65F0-SegmentedRaftLogWorker for RaftStorage:Storage Directory /workdir/hadoop-ozone/integration-test/target/test-dir/MiniOzoneClusterImpl-aca11393-2759-4d1b-a5f8-dca1b679aeb5/datanode-0/data/ratis/da906fbd-e7f9-498b-bfe9-8323887b65f0
2019-10-02 20:07:56,046 [pool-499-thread-1] INFO  server.RaftServerConfigKeys (ConfUtils.java:logGet(43)) - raft.server.log.queue.byte-limit = 2147483647 (custom)
2019-10-02 20:07:56,046 [pool-499-thread-1] INFO  server.RaftServerConfigKeys (ConfUtils.java:logGet(43)) - raft.server.log.queue.element-limit = 1024 (custom)
2019-10-02 20:07:56,046 [pool-499-thread-1] INFO  server.RaftServerConfigKeys (ConfUtils.java:logGet(43)) - raft.server.log.segment.size.max = 1048576 (custom)
2019-10-02 20:07:56,047 [pool-499-thread-1] INFO  server.RaftServerConfigKeys (ConfUtils.java:logGet(43)) - raft.server.log.preallocated.size = 16384 (custom)
2019-10-02 20:07:56,047 [pool-499-thread-1] INFO  server.RaftServerConfigKeys (ConfUtils.java:logGet(43)) - raft.server.log.write.buffer.size = 33554432 (custom)
2019-10-02 20:07:56,047 [pool-499-thread-1] INFO  server.RaftServerConfigKeys (ConfUtils.java:logGet(43)) - raft.server.log.force.sync.num = 128 (default)
2019-10-02 20:07:56,047 [pool-499-thread-1] INFO  server.RaftServerConfigKeys (ConfUtils.java:logGet(43)) - raft.server.log.statemachine.data.sync = true (default)
2019-10-02 20:07:56,047 [pool-499-thread-1] INFO  server.RaftServerConfigKeys (ConfUtils.java:logGet(43)) - raft.server.log.statemachine.data.sync.timeout = 10s (default)
2019-10-02 20:07:56,047 [pool-499-thread-1] INFO  server.RaftServerConfigKeys (ConfUtils.java:logGet(43)) - raft.server.log.statemachine.data.sync.timeout.retry = -1 (default)
2019-10-02 20:07:56,047 [pool-499-thread-1] INFO  server.RaftServerConfigKeys (ConfUtils.java:logGet(43)) - raft.server.log.statemachine.data.caching.enabled = true (custom)
2019-10-02 20:07:56,047 [pool-499-thread-1] INFO  segmented.SegmentedRaftLogWorker (SegmentedRaftLogWorker.java:lambda$new$0(132)) - 80e39893-1025-4cfc-a7ed-edf02fc85b0e@group-8323887B65F0-SegmentedRaftLogWorker: flushIndex: setUnconditionally 0 -> -1
2019-10-02 20:07:56,048 [pool-499-thread-1] INFO  server.RaftServerConfigKeys (ConfUtils.java:logGet(43)) - raft.server.snapshot.auto.trigger.enabled = true (custom)
2019-10-02 20:07:56,048 [pool-499-thread-1] INFO  server.RaftServerConfigKeys (ConfUtils.java:logGet(43)) - raft.server.snapshot.auto.trigger.threshold = 10000 (custom)
2019-10-02 20:07:56,048 [pool-499-thread-1] INFO  server.RaftServerConfigKeys (ConfUtils.java:logGet(43)) - raft.server.snapshot.retention.num.files = 5 (custom)
2019-10-02 20:07:56,048 [pool-499-thread-1] INFO  server.RaftServerConfigKeys (ConfUtils.java:logGet(43)) - raft.server.retrycache.expirytime = 600000ms (custom)
2019-10-02 20:07:56,049 [pool-499-thread-1] INFO  impl.RaftServerImpl (RaftServerImpl.java:start(185)) - 80e39893-1025-4cfc-a7ed-edf02fc85b0e@group-8323887B65F0: start as a follower, conf=-1: [80e39893-1025-4cfc-a7ed-edf02fc85b0e:192.168.151.67:39767], old=null
2019-10-02 20:07:56,049 [pool-499-thread-1] INFO  impl.RaftServerImpl (RaftServerImpl.java:setRole(174)) - 80e39893-1025-4cfc-a7ed-edf02fc85b0e@group-8323887B65F0: changes role from      null to FOLLOWER at term 0 for startAsFollower
2019-10-02 20:07:56,049 [pool-499-thread-1] INFO  impl.RoleInfo (RoleInfo.java:updateAndGet(143)) - 80e39893-1025-4cfc-a7ed-edf02fc85b0e: start FollowerState
2019-10-02 20:07:56,050 [pool-499-thread-1] INFO  util.JmxRegister (JmxRegister.java:tryRegister(44)) - Successfully registered JMX Bean with object name Ratis:service=RaftServer,group=group-8323887B65F0,id=80e39893-1025-4cfc-a7ed-edf02fc85b0e
2019-10-02 20:07:56,052 [RatisPipelineUtilsThread] INFO  pipeline.PipelineStateManager (PipelineStateManager.java:addPipeline(56)) - Created pipeline Pipeline[ Id: da906fbd-e7f9-498b-bfe9-8323887b65f0, Nodes: 80e39893-1025-4cfc-a7ed-edf02fc85b0e{ip: 192.168.151.67, host: pr-hdds-2198-qvzm8-602720389, networkLocation: /default-rack, certSerialId: null}, Type:RATIS, Factor:ONE, State:OPEN]
2019-10-02 20:07:56,059 [IPC Server handler 2 on 46006] INFO  net.NetworkTopology (NetworkTopologyImpl.java:add(111)) - Added a new node: /default-rack/55b062ed-7beb-4a9a-ad42-b82892abf588
2019-10-02 20:07:56,060 [IPC Server handler 2 on 46006] INFO  node.SCMNodeManager (SCMNodeManager.java:register(266)) - Registered Data node : 55b062ed-7beb-4a9a-ad42-b82892abf588{ip: 192.168.151.67, host: pr-hdds-2198-qvzm8-602720389, networkLocation: /default-rack, certSerialId: null}
2019-10-02 20:07:56,065 [grpc-default-executor-5] INFO  impl.RaftServerProxy (RaftServerProxy.java:addNew(89)) - 55b062ed-7beb-4a9a-ad42-b82892abf588: addNew group-1C1B34538A69:[55b062ed-7beb-4a9a-ad42-b82892abf588:192.168.151.67:43789] returns group-1C1B34538A69:java.util.concurrent.CompletableFuture@3f85dc7b[Not completed]
2019-10-02 20:07:56,067 [pool-509-thread-1] INFO  impl.RaftServerImpl (RaftServerImpl.java:<init>(95)) - 55b062ed-7beb-4a9a-ad42-b82892abf588: new RaftServerImpl for group-1C1B34538A69:[55b062ed-7beb-4a9a-ad42-b82892abf588:192.168.151.67:43789] with ContainerStateMachine:uninitialized
2019-10-02 20:07:56,067 [pool-509-thread-1] INFO  server.RaftServerConfigKeys (ConfUtils.java:logGet(43)) - raft.server.rpc.timeout.min = 5s (custom)
2019-10-02 20:07:56,067 [pool-509-thread-1] INFO  server.RaftServerConfigKeys (ConfUtils.java:logGet(43)) - raft.server.rpc.timeout.max = 5200ms (custom)
2019-10-02 20:07:56,067 [pool-509-thread-1] INFO  server.RaftServerConfigKeys (ConfUtils.java:logGet(43)) - raft.server.rpcslowness.timeout = 120s (custom)
2019-10-02 20:07:56,067 [pool-509-thread-1] INFO  server.RaftServerConfigKeys (ConfUtils.java:logGet(43)) - raft.server.sleep.deviation.threshold = 300 (default)
2019-10-02 20:07:56,067 [pool-509-thread-1] INFO  server.RaftServerConfigKeys (ConfUtils.java:logGet(43)) - raft.server.log.appender.install.snapshot.enabled = false (custom)
2019-10-02 20:07:56,067 [pool-509-thread-1] INFO  impl.RaftServerImpl (ServerState.java:<init>(103)) - 55b062ed-7beb-4a9a-ad42-b82892abf588@group-1C1B34538A69: ConfigurationManager, init=-1: [55b062ed-7beb-4a9a-ad42-b82892abf588:192.168.151.67:43789], old=null, confs=<EMPTY_MAP>
2019-10-02 20:07:56,067 [pool-509-thread-1] INFO  server.RaftServerConfigKeys (ConfUtils.java:logGet(43)) - raft.server.storage.dir = [/workdir/hadoop-ozone/integration-test/target/test-dir/MiniOzoneClusterImpl-aca11393-2759-4d1b-a5f8-dca1b679aeb5/datanode-1/data/ratis] (custom)
2019-10-02 20:07:56,068 [pool-509-thread-1] INFO  storage.RaftStorageDirectory (RaftStorageDirectory.java:analyzeStorage(246)) - The storage directory /workdir/hadoop-ozone/integration-test/target/test-dir/MiniOzoneClusterImpl-aca11393-2759-4d1b-a5f8-dca1b679aeb5/datanode-1/data/ratis/751be113-9885-4a54-abfc-1c1b34538a69 does not exist. Creating ...
2019-10-02 20:07:56,081 [pool-509-thread-1] INFO  storage.RaftStorageDirectory (RaftStorageDirectory.java:tryLock(328)) - Lock on /workdir/hadoop-ozone/integration-test/target/test-dir/MiniOzoneClusterImpl-aca11393-2759-4d1b-a5f8-dca1b679aeb5/datanode-1/data/ratis/751be113-9885-4a54-abfc-1c1b34538a69/in_use.lock acquired by nodename 22996@pr-hdds-2198-qvzm8-602720389
2019-10-02 20:07:56,093 [pool-509-thread-1] INFO  storage.RaftStorage (RaftStorage.java:format(72)) - Storage directory /workdir/hadoop-ozone/integration-test/target/test-dir/MiniOzoneClusterImpl-aca11393-2759-4d1b-a5f8-dca1b679aeb5/datanode-1/data/ratis/751be113-9885-4a54-abfc-1c1b34538a69 has been successfully formatted.
2019-10-02 20:07:56,094 [pool-509-thread-1] INFO  ratis.ContainerStateMachine (ContainerStateMachine.java:loadSnapshot(230)) - group-1C1B34538A69: The snapshot info is null. Setting the last applied indexto:(t:0, i:~)
2019-10-02 20:07:56,094 [pool-509-thread-1] INFO  server.RaftServerConfigKeys (ConfUtils.java:logGet(43)) - raft.server.notification.no-leader.timeout = 120s (custom)
2019-10-02 20:07:56,094 [pool-509-thread-1] INFO  server.RaftServerConfigKeys (ConfUtils.java:logGet(43)) - raft.server.log.use.memory = false (default)
2019-10-02 20:07:56,094 [pool-509-thread-1] INFO  server.RaftServerConfigKeys (ConfUtils.java:logGet(43)) - raft.server.log.purge.gap = 1000000 (custom)
2019-10-02 20:07:56,094 [pool-509-thread-1] INFO  server.RaftServerConfigKeys (ConfUtils.java:logGet(43)) - raft.server.log.appender.buffer.byte-limit = 33554432 (custom)
2019-10-02 20:07:56,094 [pool-509-thread-1] INFO  server.RaftServerConfigKeys (ConfUtils.java:logGet(43)) - raft.server.log.segment.size.max = 1048576 (custom)
2019-10-02 20:07:56,094 [pool-509-thread-1] INFO  server.RaftServerConfigKeys (ConfUtils.java:logGet(43)) - raft.server.log.segment.cache.num.max = 2 (custom)
2019-10-02 20:07:56,094 [pool-509-thread-1] INFO  segmented.SegmentedRaftLogWorker (SegmentedRaftLogWorker.java:<init>(172)) - new 55b062ed-7beb-4a9a-ad42-b82892abf588@group-1C1B34538A69-SegmentedRaftLogWorker for RaftStorage:Storage Directory /workdir/hadoop-ozone/integration-test/target/test-dir/MiniOzoneClusterImpl-aca11393-2759-4d1b-a5f8-dca1b679aeb5/datanode-1/data/ratis/751be113-9885-4a54-abfc-1c1b34538a69
2019-10-02 20:07:56,096 [pool-509-thread-1] INFO  server.RaftServerConfigKeys (ConfUtils.java:logGet(43)) - raft.server.log.queue.byte-limit = 2147483647 (custom)
2019-10-02 20:07:56,096 [pool-509-thread-1] INFO  server.RaftServerConfigKeys (ConfUtils.java:logGet(43)) - raft.server.log.queue.element-limit = 1024 (custom)
2019-10-02 20:07:56,096 [pool-509-thread-1] INFO  server.RaftServerConfigKeys (ConfUtils.java:logGet(43)) - raft.server.log.segment.size.max = 1048576 (custom)
2019-10-02 20:07:56,096 [pool-509-thread-1] INFO  server.RaftServerConfigKeys (ConfUtils.java:logGet(43)) - raft.server.log.preallocated.size = 16384 (custom)
2019-10-02 20:07:56,096 [pool-509-thread-1] INFO  server.RaftServerConfigKeys (ConfUtils.java:logGet(43)) - raft.server.log.write.buffer.size = 33554432 (custom)
2019-10-02 20:07:56,096 [pool-509-thread-1] INFO  server.RaftServerConfigKeys (ConfUtils.java:logGet(43)) - raft.server.log.force.sync.num = 128 (default)
2019-10-02 20:07:56,096 [pool-509-thread-1] INFO  server.RaftServerConfigKeys (ConfUtils.java:logGet(43)) - raft.server.log.statemachine.data.sync = true (default)
2019-10-02 20:07:56,096 [pool-509-thread-1] INFO  server.RaftServerConfigKeys (ConfUtils.java:logGet(43)) - raft.server.log.statemachine.data.sync.timeout = 10s (default)
2019-10-02 20:07:56,097 [pool-509-thread-1] INFO  server.RaftServerConfigKeys (ConfUtils.java:logGet(43)) - raft.server.log.statemachine.data.sync.timeout.retry = -1 (default)
2019-10-02 20:07:56,097 [pool-509-thread-1] INFO  server.RaftServerConfigKeys (ConfUtils.java:logGet(43)) - raft.server.log.statemachine.data.caching.enabled = true (custom)
2019-10-02 20:07:56,097 [pool-509-thread-1] INFO  segmented.SegmentedRaftLogWorker (SegmentedRaftLogWorker.java:lambda$new$0(132)) - 55b062ed-7beb-4a9a-ad42-b82892abf588@group-1C1B34538A69-SegmentedRaftLogWorker: flushIndex: setUnconditionally 0 -> -1
2019-10-02 20:07:56,097 [pool-509-thread-1] INFO  server.RaftServerConfigKeys (ConfUtils.java:logGet(43)) - raft.server.snapshot.auto.trigger.enabled = true (custom)
2019-10-02 20:07:56,097 [pool-509-thread-1] INFO  server.RaftServerConfigKeys (ConfUtils.java:logGet(43)) - raft.server.snapshot.auto.trigger.threshold = 10000 (custom)
2019-10-02 20:07:56,097 [pool-509-thread-1] INFO  server.RaftServerConfigKeys (ConfUtils.java:logGet(43)) - raft.server.snapshot.retention.num.files = 5 (custom)
2019-10-02 20:07:56,097 [pool-509-thread-1] INFO  server.RaftServerConfigKeys (ConfUtils.java:logGet(43)) - raft.server.retrycache.expirytime = 600000ms (custom)
2019-10-02 20:07:56,099 [pool-509-thread-1] INFO  impl.RaftServerImpl (RaftServerImpl.java:start(185)) - 55b062ed-7beb-4a9a-ad42-b82892abf588@group-1C1B34538A69: start as a follower, conf=-1: [55b062ed-7beb-4a9a-ad42-b82892abf588:192.168.151.67:43789], old=null
2019-10-02 20:07:56,099 [pool-509-thread-1] INFO  impl.RaftServerImpl (RaftServerImpl.java:setRole(174)) - 55b062ed-7beb-4a9a-ad42-b82892abf588@group-1C1B34538A69: changes role from      null to FOLLOWER at term 0 for startAsFollower
2019-10-02 20:07:56,099 [pool-509-thread-1] INFO  impl.RoleInfo (RoleInfo.java:updateAndGet(143)) - 55b062ed-7beb-4a9a-ad42-b82892abf588: start FollowerState
2019-10-02 20:07:56,099 [pool-509-thread-1] INFO  util.JmxRegister (JmxRegister.java:tryRegister(44)) - Successfully registered JMX Bean with object name Ratis:service=RaftServer,group=group-1C1B34538A69,id=55b062ed-7beb-4a9a-ad42-b82892abf588
2019-10-02 20:07:56,101 [RatisPipelineUtilsThread] INFO  pipeline.PipelineStateManager (PipelineStateManager.java:addPipeline(56)) - Created pipeline Pipeline[ Id: 751be113-9885-4a54-abfc-1c1b34538a69, Nodes: 55b062ed-7beb-4a9a-ad42-b82892abf588{ip: 192.168.151.67, host: pr-hdds-2198-qvzm8-602720389, networkLocation: /default-rack, certSerialId: null}, Type:RATIS, Factor:ONE, State:OPEN]
2019-10-02 20:07:56,121 [IPC Server handler 1 on 46006] INFO  net.NetworkTopology (NetworkTopologyImpl.java:add(111)) - Added a new node: /default-rack/4e1d41a4-7b1e-4a6c-bd2b-74c38c2571ab
2019-10-02 20:07:56,121 [IPC Server handler 1 on 46006] INFO  node.SCMNodeManager (SCMNodeManager.java:register(266)) - Registered Data node : 4e1d41a4-7b1e-4a6c-bd2b-74c38c2571ab{ip: 192.168.151.67, host: pr-hdds-2198-qvzm8-602720389, networkLocation: /default-rack, certSerialId: null}
2019-10-02 20:07:56,127 [grpc-default-executor-5] INFO  impl.RaftServerProxy (RaftServerProxy.java:addNew(89)) - 4e1d41a4-7b1e-4a6c-bd2b-74c38c2571ab: addNew group-3CA3CFC1BEA1:[4e1d41a4-7b1e-4a6c-bd2b-74c38c2571ab:192.168.151.67:40301] returns group-3CA3CFC1BEA1:java.util.concurrent.CompletableFuture@322d9777[Not completed]
2019-10-02 20:07:56,128 [pool-519-thread-1] INFO  impl.RaftServerImpl (RaftServerImpl.java:<init>(95)) - 4e1d41a4-7b1e-4a6c-bd2b-74c38c2571ab: new RaftServerImpl for group-3CA3CFC1BEA1:[4e1d41a4-7b1e-4a6c-bd2b-74c38c2571ab:192.168.151.67:40301] with ContainerStateMachine:uninitialized
2019-10-02 20:07:56,129 [pool-519-thread-1] INFO  server.RaftServerConfigKeys (ConfUtils.java:logGet(43)) - raft.server.rpc.timeout.min = 5s (custom)
2019-10-02 20:07:56,129 [pool-519-thread-1] INFO  server.RaftServerConfigKeys (ConfUtils.java:logGet(43)) - raft.server.rpc.timeout.max = 5200ms (custom)
2019-10-02 20:07:56,129 [pool-519-thread-1] INFO  server.RaftServerConfigKeys (ConfUtils.java:logGet(43)) - raft.server.rpcslowness.timeout = 120s (custom)
2019-10-02 20:07:56,129 [pool-519-thread-1] INFO  server.RaftServerConfigKeys (ConfUtils.java:logGet(43)) - raft.server.sleep.deviation.threshold = 300 (default)
2019-10-02 20:07:56,129 [pool-519-thread-1] INFO  server.RaftServerConfigKeys (ConfUtils.java:logGet(43)) - raft.server.log.appender.install.snapshot.enabled = false (custom)
2019-10-02 20:07:56,129 [pool-519-thread-1] INFO  impl.RaftServerImpl (ServerState.java:<init>(103)) - 4e1d41a4-7b1e-4a6c-bd2b-74c38c2571ab@group-3CA3CFC1BEA1: ConfigurationManager, init=-1: [4e1d41a4-7b1e-4a6c-bd2b-74c38c2571ab:192.168.151.67:40301], old=null, confs=<EMPTY_MAP>
2019-10-02 20:07:56,129 [pool-519-thread-1] INFO  server.RaftServerConfigKeys (ConfUtils.java:logGet(43)) - raft.server.storage.dir = [/workdir/hadoop-ozone/integration-test/target/test-dir/MiniOzoneClusterImpl-aca11393-2759-4d1b-a5f8-dca1b679aeb5/datanode-2/data/ratis] (custom)
2019-10-02 20:07:56,129 [pool-519-thread-1] INFO  storage.RaftStorageDirectory (RaftStorageDirectory.java:analyzeStorage(246)) - The storage directory /workdir/hadoop-ozone/integration-test/target/test-dir/MiniOzoneClusterImpl-aca11393-2759-4d1b-a5f8-dca1b679aeb5/datanode-2/data/ratis/afe0ad80-4176-41bd-8a51-3ca3cfc1bea1 does not exist. Creating ...
2019-10-02 20:07:56,142 [pool-519-thread-1] INFO  storage.RaftStorageDirectory (RaftStorageDirectory.java:tryLock(328)) - Lock on /workdir/hadoop-ozone/integration-test/target/test-dir/MiniOzoneClusterImpl-aca11393-2759-4d1b-a5f8-dca1b679aeb5/datanode-2/data/ratis/afe0ad80-4176-41bd-8a51-3ca3cfc1bea1/in_use.lock acquired by nodename 22996@pr-hdds-2198-qvzm8-602720389
2019-10-02 20:07:56,156 [pool-519-thread-1] INFO  storage.RaftStorage (RaftStorage.java:format(72)) - Storage directory /workdir/hadoop-ozone/integration-test/target/test-dir/MiniOzoneClusterImpl-aca11393-2759-4d1b-a5f8-dca1b679aeb5/datanode-2/data/ratis/afe0ad80-4176-41bd-8a51-3ca3cfc1bea1 has been successfully formatted.
2019-10-02 20:07:56,156 [pool-519-thread-1] INFO  ratis.ContainerStateMachine (ContainerStateMachine.java:loadSnapshot(230)) - group-3CA3CFC1BEA1: The snapshot info is null. Setting the last applied indexto:(t:0, i:~)
2019-10-02 20:07:56,156 [pool-519-thread-1] INFO  server.RaftServerConfigKeys (ConfUtils.java:logGet(43)) - raft.server.notification.no-leader.timeout = 120s (custom)
2019-10-02 20:07:56,156 [pool-519-thread-1] INFO  server.RaftServerConfigKeys (ConfUtils.java:logGet(43)) - raft.server.log.use.memory = false (default)
2019-10-02 20:07:56,156 [pool-519-thread-1] INFO  server.RaftServerConfigKeys (ConfUtils.java:logGet(43)) - raft.server.log.purge.gap = 1000000 (custom)
2019-10-02 20:07:56,156 [pool-519-thread-1] INFO  server.RaftServerConfigKeys (ConfUtils.java:logGet(43)) - raft.server.log.appender.buffer.byte-limit = 33554432 (custom)
2019-10-02 20:07:56,157 [pool-519-thread-1] INFO  server.RaftServerConfigKeys (ConfUtils.java:logGet(43)) - raft.server.log.segment.size.max = 1048576 (custom)
2019-10-02 20:07:56,157 [pool-519-thread-1] INFO  server.RaftServerConfigKeys (ConfUtils.java:logGet(43)) - raft.server.log.segment.cache.num.max = 2 (custom)
2019-10-02 20:07:56,157 [pool-519-thread-1] INFO  segmented.SegmentedRaftLogWorker (SegmentedRaftLogWorker.java:<init>(172)) - new 4e1d41a4-7b1e-4a6c-bd2b-74c38c2571ab@group-3CA3CFC1BEA1-SegmentedRaftLogWorker for RaftStorage:Storage Directory /workdir/hadoop-ozone/integration-test/target/test-dir/MiniOzoneClusterImpl-aca11393-2759-4d1b-a5f8-dca1b679aeb5/datanode-2/data/ratis/afe0ad80-4176-41bd-8a51-3ca3cfc1bea1
2019-10-02 20:07:56,158 [pool-519-thread-1] INFO  server.RaftServerConfigKeys (ConfUtils.java:logGet(43)) - raft.server.log.queue.byte-limit = 2147483647 (custom)
2019-10-02 20:07:56,158 [pool-519-thread-1] INFO  server.RaftServerConfigKeys (ConfUtils.java:logGet(43)) - raft.server.log.queue.element-limit = 1024 (custom)
2019-10-02 20:07:56,158 [pool-519-thread-1] INFO  server.RaftServerConfigKeys (ConfUtils.java:logGet(43)) - raft.server.log.segment.size.max = 1048576 (custom)
2019-10-02 20:07:56,158 [pool-519-thread-1] INFO  server.RaftServerConfigKeys (ConfUtils.java:logGet(43)) - raft.server.log.preallocated.size = 16384 (custom)
2019-10-02 20:07:56,158 [pool-519-thread-1] INFO  server.RaftServerConfigKeys (ConfUtils.java:logGet(43)) - raft.server.log.write.buffer.size = 33554432 (custom)
2019-10-02 20:07:56,158 [pool-519-thread-1] INFO  server.RaftServerConfigKeys (ConfUtils.java:logGet(43)) - raft.server.log.force.sync.num = 128 (default)
2019-10-02 20:07:56,158 [pool-519-thread-1] INFO  server.RaftServerConfigKeys (ConfUtils.java:logGet(43)) - raft.server.log.statemachine.data.sync = true (default)
2019-10-02 20:07:56,158 [pool-519-thread-1] INFO  server.RaftServerConfigKeys (ConfUtils.java:logGet(43)) - raft.server.log.statemachine.data.sync.timeout = 10s (default)
2019-10-02 20:07:56,159 [pool-519-thread-1] INFO  server.RaftServerConfigKeys (ConfUtils.java:logGet(43)) - raft.server.log.statemachine.data.sync.timeout.retry = -1 (default)
2019-10-02 20:07:56,159 [pool-519-thread-1] INFO  server.RaftServerConfigKeys (ConfUtils.java:logGet(43)) - raft.server.log.statemachine.data.caching.enabled = true (custom)
2019-10-02 20:07:56,159 [pool-519-thread-1] INFO  segmented.SegmentedRaftLogWorker (SegmentedRaftLogWorker.java:lambda$new$0(132)) - 4e1d41a4-7b1e-4a6c-bd2b-74c38c2571ab@group-3CA3CFC1BEA1-SegmentedRaftLogWorker: flushIndex: setUnconditionally 0 -> -1
2019-10-02 20:07:56,159 [pool-519-thread-1] INFO  server.RaftServerConfigKeys (ConfUtils.java:logGet(43)) - raft.server.snapshot.auto.trigger.enabled = true (custom)
2019-10-02 20:07:56,159 [pool-519-thread-1] INFO  server.RaftServerConfigKeys (ConfUtils.java:logGet(43)) - raft.server.snapshot.auto.trigger.threshold = 10000 (custom)
2019-10-02 20:07:56,159 [pool-519-thread-1] INFO  server.RaftServerConfigKeys (ConfUtils.java:logGet(43)) - raft.server.snapshot.retention.num.files = 5 (custom)
2019-10-02 20:07:56,159 [pool-519-thread-1] INFO  server.RaftServerConfigKeys (ConfUtils.java:logGet(43)) - raft.server.retrycache.expirytime = 600000ms (custom)
2019-10-02 20:07:56,160 [pool-519-thread-1] INFO  impl.RaftServerImpl (RaftServerImpl.java:start(185)) - 4e1d41a4-7b1e-4a6c-bd2b-74c38c2571ab@group-3CA3CFC1BEA1: start as a follower, conf=-1: [4e1d41a4-7b1e-4a6c-bd2b-74c38c2571ab:192.168.151.67:40301], old=null
2019-10-02 20:07:56,161 [pool-519-thread-1] INFO  impl.RaftServerImpl (RaftServerImpl.java:setRole(174)) - 4e1d41a4-7b1e-4a6c-bd2b-74c38c2571ab@group-3CA3CFC1BEA1: changes role from      null to FOLLOWER at term 0 for startAsFollower
2019-10-02 20:07:56,161 [pool-519-thread-1] INFO  impl.RoleInfo (RoleInfo.java:updateAndGet(143)) - 4e1d41a4-7b1e-4a6c-bd2b-74c38c2571ab: start FollowerState
2019-10-02 20:07:56,161 [pool-519-thread-1] INFO  util.JmxRegister (JmxRegister.java:tryRegister(44)) - Successfully registered JMX Bean with object name Ratis:service=RaftServer,group=group-3CA3CFC1BEA1,id=4e1d41a4-7b1e-4a6c-bd2b-74c38c2571ab
2019-10-02 20:07:56,163 [RatisPipelineUtilsThread] INFO  pipeline.PipelineStateManager (PipelineStateManager.java:addPipeline(56)) - Created pipeline Pipeline[ Id: afe0ad80-4176-41bd-8a51-3ca3cfc1bea1, Nodes: 4e1d41a4-7b1e-4a6c-bd2b-74c38c2571ab{ip: 192.168.151.67, host: pr-hdds-2198-qvzm8-602720389, networkLocation: /default-rack, certSerialId: null}, Type:RATIS, Factor:ONE, State:OPEN]
2019-10-02 20:07:56,174 [grpc-default-executor-5] INFO  impl.RaftServerProxy (RaftServerProxy.java:addNew(89)) - 55b062ed-7beb-4a9a-ad42-b82892abf588: addNew group-8A686A512450:[80e39893-1025-4cfc-a7ed-edf02fc85b0e:192.168.151.67:39767, 4e1d41a4-7b1e-4a6c-bd2b-74c38c2571ab:192.168.151.67:40301, 55b062ed-7beb-4a9a-ad42-b82892abf588:192.168.151.67:43789] returns group-8A686A512450:java.util.concurrent.CompletableFuture@5aba30c3[Not completed]
2019-10-02 20:07:56,174 [grpc-default-executor-7] INFO  impl.RaftServerProxy (RaftServerProxy.java:addNew(89)) - 4e1d41a4-7b1e-4a6c-bd2b-74c38c2571ab: addNew group-8A686A512450:[80e39893-1025-4cfc-a7ed-edf02fc85b0e:192.168.151.67:39767, 4e1d41a4-7b1e-4a6c-bd2b-74c38c2571ab:192.168.151.67:40301, 55b062ed-7beb-4a9a-ad42-b82892abf588:192.168.151.67:43789] returns group-8A686A512450:java.util.concurrent.CompletableFuture@1a39b72c[Not completed]
2019-10-02 20:07:56,175 [pool-509-thread-1] INFO  impl.RaftServerImpl (RaftServerImpl.java:<init>(95)) - 55b062ed-7beb-4a9a-ad42-b82892abf588: new RaftServerImpl for group-8A686A512450:[80e39893-1025-4cfc-a7ed-edf02fc85b0e:192.168.151.67:39767, 4e1d41a4-7b1e-4a6c-bd2b-74c38c2571ab:192.168.151.67:40301, 55b062ed-7beb-4a9a-ad42-b82892abf588:192.168.151.67:43789] with ContainerStateMachine:uninitialized
2019-10-02 20:07:56,175 [grpc-default-executor-7] INFO  impl.RaftServerProxy (RaftServerProxy.java:addNew(89)) - 80e39893-1025-4cfc-a7ed-edf02fc85b0e: addNew group-8A686A512450:[80e39893-1025-4cfc-a7ed-edf02fc85b0e:192.168.151.67:39767, 4e1d41a4-7b1e-4a6c-bd2b-74c38c2571ab:192.168.151.67:40301, 55b062ed-7beb-4a9a-ad42-b82892abf588:192.168.151.67:43789] returns group-8A686A512450:java.util.concurrent.CompletableFuture@5570b6a1[Not completed]
2019-10-02 20:07:56,175 [pool-509-thread-1] INFO  server.RaftServerConfigKeys (ConfUtils.java:logGet(43)) - raft.server.rpc.timeout.min = 5s (custom)
2019-10-02 20:07:56,176 [pool-509-thread-1] INFO  server.RaftServerConfigKeys (ConfUtils.java:logGet(43)) - raft.server.rpc.timeout.max = 5200ms (custom)
2019-10-02 20:07:56,176 [pool-519-thread-1] INFO  impl.RaftServerImpl (RaftServerImpl.java:<init>(95)) - 4e1d41a4-7b1e-4a6c-bd2b-74c38c2571ab: new RaftServerImpl for group-8A686A512450:[80e39893-1025-4cfc-a7ed-edf02fc85b0e:192.168.151.67:39767, 4e1d41a4-7b1e-4a6c-bd2b-74c38c2571ab:192.168.151.67:40301, 55b062ed-7beb-4a9a-ad42-b82892abf588:192.168.151.67:43789] with ContainerStateMachine:uninitialized
2019-10-02 20:07:56,176 [pool-509-thread-1] INFO  server.RaftServerConfigKeys (ConfUtils.java:logGet(43)) - raft.server.rpcslowness.timeout = 120s (custom)
2019-10-02 20:07:56,176 [pool-519-thread-1] INFO  server.RaftServerConfigKeys (ConfUtils.java:logGet(43)) - raft.server.rpc.timeout.min = 5s (custom)
2019-10-02 20:07:56,176 [pool-509-thread-1] INFO  server.RaftServerConfigKeys (ConfUtils.java:logGet(43)) - raft.server.sleep.deviation.threshold = 300 (default)
2019-10-02 20:07:56,176 [pool-519-thread-1] INFO  server.RaftServerConfigKeys (ConfUtils.java:logGet(43)) - raft.server.rpc.timeout.max = 5200ms (custom)
2019-10-02 20:07:56,176 [pool-499-thread-1] INFO  impl.RaftServerImpl (RaftServerImpl.java:<init>(95)) - 80e39893-1025-4cfc-a7ed-edf02fc85b0e: new RaftServerImpl for group-8A686A512450:[80e39893-1025-4cfc-a7ed-edf02fc85b0e:192.168.151.67:39767, 4e1d41a4-7b1e-4a6c-bd2b-74c38c2571ab:192.168.151.67:40301, 55b062ed-7beb-4a9a-ad42-b82892abf588:192.168.151.67:43789] with ContainerStateMachine:uninitialized
2019-10-02 20:07:56,176 [pool-509-thread-1] INFO  server.RaftServerConfigKeys (ConfUtils.java:logGet(43)) - raft.server.log.appender.install.snapshot.enabled = false (custom)
2019-10-02 20:07:56,176 [pool-499-thread-1] INFO  server.RaftServerConfigKeys (ConfUtils.java:logGet(43)) - raft.server.rpc.timeout.min = 5s (custom)
2019-10-02 20:07:56,176 [pool-519-thread-1] INFO  server.RaftServerConfigKeys (ConfUtils.java:logGet(43)) - raft.server.rpcslowness.timeout = 120s (custom)
2019-10-02 20:07:56,177 [pool-499-thread-1] INFO  server.RaftServerConfigKeys (ConfUtils.java:logGet(43)) - raft.server.rpc.timeout.max = 5200ms (custom)
2019-10-02 20:07:56,177 [pool-509-thread-1] INFO  impl.RaftServerImpl (ServerState.java:<init>(103)) - 55b062ed-7beb-4a9a-ad42-b82892abf588@group-8A686A512450: ConfigurationManager, init=-1: [80e39893-1025-4cfc-a7ed-edf02fc85b0e:192.168.151.67:39767, 4e1d41a4-7b1e-4a6c-bd2b-74c38c2571ab:192.168.151.67:40301, 55b062ed-7beb-4a9a-ad42-b82892abf588:192.168.151.67:43789], old=null, confs=<EMPTY_MAP>
2019-10-02 20:07:56,177 [pool-499-thread-1] INFO  server.RaftServerConfigKeys (ConfUtils.java:logGet(43)) - raft.server.rpcslowness.timeout = 120s (custom)
2019-10-02 20:07:56,177 [pool-519-thread-1] INFO  server.RaftServerConfigKeys (ConfUtils.java:logGet(43)) - raft.server.sleep.deviation.threshold = 300 (default)
2019-10-02 20:07:56,177 [pool-499-thread-1] INFO  server.RaftServerConfigKeys (ConfUtils.java:logGet(43)) - raft.server.sleep.deviation.threshold = 300 (default)
2019-10-02 20:07:56,177 [pool-509-thread-1] INFO  server.RaftServerConfigKeys (ConfUtils.java:logGet(43)) - raft.server.storage.dir = [/workdir/hadoop-ozone/integration-test/target/test-dir/MiniOzoneClusterImpl-aca11393-2759-4d1b-a5f8-dca1b679aeb5/datanode-1/data/ratis] (custom)
2019-10-02 20:07:56,177 [pool-499-thread-1] INFO  server.RaftServerConfigKeys (ConfUtils.java:logGet(43)) - raft.server.log.appender.install.snapshot.enabled = false (custom)
2019-10-02 20:07:56,177 [pool-519-thread-1] INFO  server.RaftServerConfigKeys (ConfUtils.java:logGet(43)) - raft.server.log.appender.install.snapshot.enabled = false (custom)
2019-10-02 20:07:56,177 [pool-509-thread-1] INFO  storage.RaftStorageDirectory (RaftStorageDirectory.java:analyzeStorage(246)) - The storage directory /workdir/hadoop-ozone/integration-test/target/test-dir/MiniOzoneClusterImpl-aca11393-2759-4d1b-a5f8-dca1b679aeb5/datanode-1/data/ratis/bdeceee4-6cdf-48db-80d5-8a686a512450 does not exist. Creating ...
2019-10-02 20:07:56,177 [pool-499-thread-1] INFO  impl.RaftServerImpl (ServerState.java:<init>(103)) - 80e39893-1025-4cfc-a7ed-edf02fc85b0e@group-8A686A512450: ConfigurationManager, init=-1: [80e39893-1025-4cfc-a7ed-edf02fc85b0e:192.168.151.67:39767, 4e1d41a4-7b1e-4a6c-bd2b-74c38c2571ab:192.168.151.67:40301, 55b062ed-7beb-4a9a-ad42-b82892abf588:192.168.151.67:43789], old=null, confs=<EMPTY_MAP>
2019-10-02 20:07:56,177 [pool-519-thread-1] INFO  impl.RaftServerImpl (ServerState.java:<init>(103)) - 4e1d41a4-7b1e-4a6c-bd2b-74c38c2571ab@group-8A686A512450: ConfigurationManager, init=-1: [80e39893-1025-4cfc-a7ed-edf02fc85b0e:192.168.151.67:39767, 4e1d41a4-7b1e-4a6c-bd2b-74c38c2571ab:192.168.151.67:40301, 55b062ed-7beb-4a9a-ad42-b82892abf588:192.168.151.67:43789], old=null, confs=<EMPTY_MAP>
2019-10-02 20:07:56,178 [pool-499-thread-1] INFO  server.RaftServerConfigKeys (ConfUtils.java:logGet(43)) - raft.server.storage.dir = [/workdir/hadoop-ozone/integration-test/target/test-dir/MiniOzoneClusterImpl-aca11393-2759-4d1b-a5f8-dca1b679aeb5/datanode-0/data/ratis] (custom)
2019-10-02 20:07:56,178 [pool-519-thread-1] INFO  server.RaftServerConfigKeys (ConfUtils.java:logGet(43)) - raft.server.storage.dir = [/workdir/hadoop-ozone/integration-test/target/test-dir/MiniOzoneClusterImpl-aca11393-2759-4d1b-a5f8-dca1b679aeb5/datanode-2/data/ratis] (custom)
2019-10-02 20:07:56,178 [pool-499-thread-1] INFO  storage.RaftStorageDirectory (RaftStorageDirectory.java:analyzeStorage(246)) - The storage directory /workdir/hadoop-ozone/integration-test/target/test-dir/MiniOzoneClusterImpl-aca11393-2759-4d1b-a5f8-dca1b679aeb5/datanode-0/data/ratis/bdeceee4-6cdf-48db-80d5-8a686a512450 does not exist. Creating ...
2019-10-02 20:07:56,178 [pool-519-thread-1] INFO  storage.RaftStorageDirectory (RaftStorageDirectory.java:analyzeStorage(246)) - The storage directory /workdir/hadoop-ozone/integration-test/target/test-dir/MiniOzoneClusterImpl-aca11393-2759-4d1b-a5f8-dca1b679aeb5/datanode-2/data/ratis/bdeceee4-6cdf-48db-80d5-8a686a512450 does not exist. Creating ...
2019-10-02 20:07:56,184 [IPC Server handler 4 on 46006] INFO  net.NetworkTopology (NetworkTopologyImpl.java:add(111)) - Added a new node: /default-rack/a9af49d4-12ef-4466-9519-242a6cd6b64b
2019-10-02 20:07:56,184 [IPC Server handler 4 on 46006] INFO  node.SCMNodeManager (SCMNodeManager.java:register(266)) - Registered Data node : a9af49d4-12ef-4466-9519-242a6cd6b64b{ip: 192.168.151.67, host: pr-hdds-2198-qvzm8-602720389, networkLocation: /default-rack, certSerialId: null}
2019-10-02 20:07:56,191 [pool-509-thread-1] INFO  storage.RaftStorageDirectory (RaftStorageDirectory.java:tryLock(328)) - Lock on /workdir/hadoop-ozone/integration-test/target/test-dir/MiniOzoneClusterImpl-aca11393-2759-4d1b-a5f8-dca1b679aeb5/datanode-1/data/ratis/bdeceee4-6cdf-48db-80d5-8a686a512450/in_use.lock acquired by nodename 22996@pr-hdds-2198-qvzm8-602720389
2019-10-02 20:07:56,191 [pool-499-thread-1] INFO  storage.RaftStorageDirectory (RaftStorageDirectory.java:tryLock(328)) - Lock on /workdir/hadoop-ozone/integration-test/target/test-dir/MiniOzoneClusterImpl-aca11393-2759-4d1b-a5f8-dca1b679aeb5/datanode-0/data/ratis/bdeceee4-6cdf-48db-80d5-8a686a512450/in_use.lock acquired by nodename 22996@pr-hdds-2198-qvzm8-602720389
2019-10-02 20:07:56,191 [pool-519-thread-1] INFO  storage.RaftStorageDirectory (RaftStorageDirectory.java:tryLock(328)) - Lock on /workdir/hadoop-ozone/integration-test/target/test-dir/MiniOzoneClusterImpl-aca11393-2759-4d1b-a5f8-dca1b679aeb5/datanode-2/data/ratis/bdeceee4-6cdf-48db-80d5-8a686a512450/in_use.lock acquired by nodename 22996@pr-hdds-2198-qvzm8-602720389
2019-10-02 20:07:56,204 [pool-509-thread-1] INFO  storage.RaftStorage (RaftStorage.java:format(72)) - Storage directory /workdir/hadoop-ozone/integration-test/target/test-dir/MiniOzoneClusterImpl-aca11393-2759-4d1b-a5f8-dca1b679aeb5/datanode-1/data/ratis/bdeceee4-6cdf-48db-80d5-8a686a512450 has been successfully formatted.
2019-10-02 20:07:56,204 [pool-499-thread-1] INFO  storage.RaftStorage (RaftStorage.java:format(72)) - Storage directory /workdir/hadoop-ozone/integration-test/target/test-dir/MiniOzoneClusterImpl-aca11393-2759-4d1b-a5f8-dca1b679aeb5/datanode-0/data/ratis/bdeceee4-6cdf-48db-80d5-8a686a512450 has been successfully formatted.
2019-10-02 20:07:56,204 [pool-519-thread-1] INFO  storage.RaftStorage (RaftStorage.java:format(72)) - Storage directory /workdir/hadoop-ozone/integration-test/target/test-dir/MiniOzoneClusterImpl-aca11393-2759-4d1b-a5f8-dca1b679aeb5/datanode-2/data/ratis/bdeceee4-6cdf-48db-80d5-8a686a512450 has been successfully formatted.
2019-10-02 20:07:56,204 [pool-499-thread-1] INFO  ratis.ContainerStateMachine (ContainerStateMachine.java:loadSnapshot(230)) - group-8A686A512450: The snapshot info is null. Setting the last applied indexto:(t:0, i:~)
2019-10-02 20:07:56,204 [pool-509-thread-1] INFO  ratis.ContainerStateMachine (ContainerStateMachine.java:loadSnapshot(230)) - group-8A686A512450: The snapshot info is null. Setting the last applied indexto:(t:0, i:~)
2019-10-02 20:07:56,205 [pool-499-thread-1] INFO  server.RaftServerConfigKeys (ConfUtils.java:logGet(43)) - raft.server.notification.no-leader.timeout = 120s (custom)
2019-10-02 20:07:56,205 [pool-519-thread-1] INFO  ratis.ContainerStateMachine (ContainerStateMachine.java:loadSnapshot(230)) - group-8A686A512450: The snapshot info is null. Setting the last applied indexto:(t:0, i:~)
2019-10-02 20:07:56,205 [pool-499-thread-1] INFO  server.RaftServerConfigKeys (ConfUtils.java:logGet(43)) - raft.server.log.use.memory = false (default)
2019-10-02 20:07:56,205 [pool-509-thread-1] INFO  server.RaftServerConfigKeys (ConfUtils.java:logGet(43)) - raft.server.notification.no-leader.timeout = 120s (custom)
2019-10-02 20:07:56,205 [pool-499-thread-1] INFO  server.RaftServerConfigKeys (ConfUtils.java:logGet(43)) - raft.server.log.purge.gap = 1000000 (custom)
2019-10-02 20:07:56,205 [pool-519-thread-1] INFO  server.RaftServerConfigKeys (ConfUtils.java:logGet(43)) - raft.server.notification.no-leader.timeout = 120s (custom)
2019-10-02 20:07:56,206 [pool-499-thread-1] INFO  server.RaftServerConfigKeys (ConfUtils.java:logGet(43)) - raft.server.log.appender.buffer.byte-limit = 33554432 (custom)
2019-10-02 20:07:56,205 [pool-509-thread-1] INFO  server.RaftServerConfigKeys (ConfUtils.java:logGet(43)) - raft.server.log.use.memory = false (default)
2019-10-02 20:07:56,206 [pool-499-thread-1] INFO  server.RaftServerConfigKeys (ConfUtils.java:logGet(43)) - raft.server.log.segment.size.max = 1048576 (custom)
2019-10-02 20:07:56,206 [pool-519-thread-1] INFO  server.RaftServerConfigKeys (ConfUtils.java:logGet(43)) - raft.server.log.use.memory = false (default)
2019-10-02 20:07:56,206 [pool-499-thread-1] INFO  server.RaftServerConfigKeys (ConfUtils.java:logGet(43)) - raft.server.log.segment.cache.num.max = 2 (custom)
2019-10-02 20:07:56,206 [pool-509-thread-1] INFO  server.RaftServerConfigKeys (ConfUtils.java:logGet(43)) - raft.server.log.purge.gap = 1000000 (custom)
2019-10-02 20:07:56,207 [pool-499-thread-1] INFO  segmented.SegmentedRaftLogWorker (SegmentedRaftLogWorker.java:<init>(172)) - new 80e39893-1025-4cfc-a7ed-edf02fc85b0e@group-8A686A512450-SegmentedRaftLogWorker for RaftStorage:Storage Directory /workdir/hadoop-ozone/integration-test/target/test-dir/MiniOzoneClusterImpl-aca11393-2759-4d1b-a5f8-dca1b679aeb5/datanode-0/data/ratis/bdeceee4-6cdf-48db-80d5-8a686a512450
2019-10-02 20:07:56,206 [pool-519-thread-1] INFO  server.RaftServerConfigKeys (ConfUtils.java:logGet(43)) - raft.server.log.purge.gap = 1000000 (custom)
2019-10-02 20:07:56,207 [pool-499-thread-1] INFO  server.RaftServerConfigKeys (ConfUtils.java:logGet(43)) - raft.server.log.queue.byte-limit = 2147483647 (custom)
2019-10-02 20:07:56,207 [pool-509-thread-1] INFO  server.RaftServerConfigKeys (ConfUtils.java:logGet(43)) - raft.server.log.appender.buffer.byte-limit = 33554432 (custom)
2019-10-02 20:07:56,207 [pool-499-thread-1] INFO  server.RaftServerConfigKeys (ConfUtils.java:logGet(43)) - raft.server.log.queue.element-limit = 1024 (custom)
2019-10-02 20:07:56,207 [pool-519-thread-1] INFO  server.RaftServerConfigKeys (ConfUtils.java:logGet(43)) - raft.server.log.appender.buffer.byte-limit = 33554432 (custom)
2019-10-02 20:07:56,207 [pool-499-thread-1] INFO  server.RaftServerConfigKeys (ConfUtils.java:logGet(43)) - raft.server.log.segment.size.max = 1048576 (custom)
2019-10-02 20:07:56,207 [pool-509-thread-1] INFO  server.RaftServerConfigKeys (ConfUtils.java:logGet(43)) - raft.server.log.segment.size.max = 1048576 (custom)
2019-10-02 20:07:56,208 [pool-499-thread-1] INFO  server.RaftServerConfigKeys (ConfUtils.java:logGet(43)) - raft.server.log.preallocated.size = 16384 (custom)
2019-10-02 20:07:56,207 [pool-519-thread-1] INFO  server.RaftServerConfigKeys (ConfUtils.java:logGet(43)) - raft.server.log.segment.size.max = 1048576 (custom)
2019-10-02 20:07:56,208 [pool-499-thread-1] INFO  server.RaftServerConfigKeys (ConfUtils.java:logGet(43)) - raft.server.log.write.buffer.size = 33554432 (custom)
2019-10-02 20:07:56,208 [pool-509-thread-1] INFO  server.RaftServerConfigKeys (ConfUtils.java:logGet(43)) - raft.server.log.segment.cache.num.max = 2 (custom)
2019-10-02 20:07:56,208 [pool-499-thread-1] INFO  server.RaftServerConfigKeys (ConfUtils.java:logGet(43)) - raft.server.log.force.sync.num = 128 (default)
2019-10-02 20:07:56,208 [pool-519-thread-1] INFO  server.RaftServerConfigKeys (ConfUtils.java:logGet(43)) - raft.server.log.segment.cache.num.max = 2 (custom)
2019-10-02 20:07:56,208 [pool-499-thread-1] INFO  server.RaftServerConfigKeys (ConfUtils.java:logGet(43)) - raft.server.log.statemachine.data.sync = true (default)
2019-10-02 20:07:56,209 [pool-499-thread-1] INFO  server.RaftServerConfigKeys (ConfUtils.java:logGet(43)) - raft.server.log.statemachine.data.sync.timeout = 10s (default)
2019-10-02 20:07:56,209 [pool-499-thread-1] INFO  server.RaftServerConfigKeys (ConfUtils.java:logGet(43)) - raft.server.log.statemachine.data.sync.timeout.retry = -1 (default)
2019-10-02 20:07:56,209 [pool-499-thread-1] INFO  server.RaftServerConfigKeys (ConfUtils.java:logGet(43)) - raft.server.log.statemachine.data.caching.enabled = true (custom)
2019-10-02 20:07:56,209 [pool-499-thread-1] INFO  segmented.SegmentedRaftLogWorker (SegmentedRaftLogWorker.java:lambda$new$0(132)) - 80e39893-1025-4cfc-a7ed-edf02fc85b0e@group-8A686A512450-SegmentedRaftLogWorker: flushIndex: setUnconditionally 0 -> -1
2019-10-02 20:07:56,208 [pool-509-thread-1] INFO  segmented.SegmentedRaftLogWorker (SegmentedRaftLogWorker.java:<init>(172)) - new 55b062ed-7beb-4a9a-ad42-b82892abf588@group-8A686A512450-SegmentedRaftLogWorker for RaftStorage:Storage Directory /workdir/hadoop-ozone/integration-test/target/test-dir/MiniOzoneClusterImpl-aca11393-2759-4d1b-a5f8-dca1b679aeb5/datanode-1/data/ratis/bdeceee4-6cdf-48db-80d5-8a686a512450
2019-10-02 20:07:56,210 [pool-499-thread-1] INFO  server.RaftServerConfigKeys (ConfUtils.java:logGet(43)) - raft.server.snapshot.auto.trigger.enabled = true (custom)
2019-10-02 20:07:56,210 [pool-509-thread-1] INFO  server.RaftServerConfigKeys (ConfUtils.java:logGet(43)) - raft.server.log.queue.byte-limit = 2147483647 (custom)
2019-10-02 20:07:56,210 [pool-509-thread-1] INFO  server.RaftServerConfigKeys (ConfUtils.java:logGet(43)) - raft.server.log.queue.element-limit = 1024 (custom)
2019-10-02 20:07:56,210 [pool-509-thread-1] INFO  server.RaftServerConfigKeys (ConfUtils.java:logGet(43)) - raft.server.log.segment.size.max = 1048576 (custom)
2019-10-02 20:07:56,210 [pool-509-thread-1] INFO  server.RaftServerConfigKeys (ConfUtils.java:logGet(43)) - raft.server.log.preallocated.size = 16384 (custom)
2019-10-02 20:07:56,210 [pool-509-thread-1] INFO  server.RaftServerConfigKeys (ConfUtils.java:logGet(43)) - raft.server.log.write.buffer.size = 33554432 (custom)
2019-10-02 20:07:56,210 [pool-509-thread-1] INFO  server.RaftServerConfigKeys (ConfUtils.java:logGet(43)) - raft.server.log.force.sync.num = 128 (default)
2019-10-02 20:07:56,211 [pool-509-thread-1] INFO  server.RaftServerConfigKeys (ConfUtils.java:logGet(43)) - raft.server.log.statemachine.data.sync = true (default)
2019-10-02 20:07:56,210 [pool-519-thread-1] INFO  segmented.SegmentedRaftLogWorker (SegmentedRaftLogWorker.java:<init>(172)) - new 4e1d41a4-7b1e-4a6c-bd2b-74c38c2571ab@group-8A686A512450-SegmentedRaftLogWorker for RaftStorage:Storage Directory /workdir/hadoop-ozone/integration-test/target/test-dir/MiniOzoneClusterImpl-aca11393-2759-4d1b-a5f8-dca1b679aeb5/datanode-2/data/ratis/bdeceee4-6cdf-48db-80d5-8a686a512450
2019-10-02 20:07:56,211 [pool-509-thread-1] INFO  server.RaftServerConfigKeys (ConfUtils.java:logGet(43)) - raft.server.log.statemachine.data.sync.timeout = 10s (default)
2019-10-02 20:07:56,210 [pool-499-thread-1] INFO  server.RaftServerConfigKeys (ConfUtils.java:logGet(43)) - raft.server.snapshot.auto.trigger.threshold = 10000 (custom)
2019-10-02 20:07:56,211 [pool-509-thread-1] INFO  server.RaftServerConfigKeys (ConfUtils.java:logGet(43)) - raft.server.log.statemachine.data.sync.timeout.retry = -1 (default)
2019-10-02 20:07:56,211 [pool-519-thread-1] INFO  server.RaftServerConfigKeys (ConfUtils.java:logGet(43)) - raft.server.log.queue.byte-limit = 2147483647 (custom)
2019-10-02 20:07:56,211 [pool-509-thread-1] INFO  server.RaftServerConfigKeys (ConfUtils.java:logGet(43)) - raft.server.log.statemachine.data.caching.enabled = true (custom)
2019-10-02 20:07:56,211 [pool-499-thread-1] INFO  server.RaftServerConfigKeys (ConfUtils.java:logGet(43)) - raft.server.snapshot.retention.num.files = 5 (custom)
2019-10-02 20:07:56,211 [pool-519-thread-1] INFO  server.RaftServerConfigKeys (ConfUtils.java:logGet(43)) - raft.server.log.queue.element-limit = 1024 (custom)
2019-10-02 20:07:56,212 [pool-499-thread-1] INFO  server.RaftServerConfigKeys (ConfUtils.java:logGet(43)) - raft.server.retrycache.expirytime = 600000ms (custom)
2019-10-02 20:07:56,212 [pool-509-thread-1] INFO  segmented.SegmentedRaftLogWorker (SegmentedRaftLogWorker.java:lambda$new$0(132)) - 55b062ed-7beb-4a9a-ad42-b82892abf588@group-8A686A512450-SegmentedRaftLogWorker: flushIndex: setUnconditionally 0 -> -1
2019-10-02 20:07:56,212 [pool-519-thread-1] INFO  server.RaftServerConfigKeys (ConfUtils.java:logGet(43)) - raft.server.log.segment.size.max = 1048576 (custom)
2019-10-02 20:07:56,212 [pool-519-thread-1] INFO  server.RaftServerConfigKeys (ConfUtils.java:logGet(43)) - raft.server.log.preallocated.size = 16384 (custom)
2019-10-02 20:07:56,212 [pool-509-thread-1] INFO  server.RaftServerConfigKeys (ConfUtils.java:logGet(43)) - raft.server.snapshot.auto.trigger.enabled = true (custom)
2019-10-02 20:07:56,212 [pool-519-thread-1] INFO  server.RaftServerConfigKeys (ConfUtils.java:logGet(43)) - raft.server.log.write.buffer.size = 33554432 (custom)
2019-10-02 20:07:56,212 [pool-509-thread-1] INFO  server.RaftServerConfigKeys (ConfUtils.java:logGet(43)) - raft.server.snapshot.auto.trigger.threshold = 10000 (custom)
2019-10-02 20:07:56,213 [pool-519-thread-1] INFO  server.RaftServerConfigKeys (ConfUtils.java:logGet(43)) - raft.server.log.force.sync.num = 128 (default)
2019-10-02 20:07:56,213 [pool-509-thread-1] INFO  server.RaftServerConfigKeys (ConfUtils.java:logGet(43)) - raft.server.snapshot.retention.num.files = 5 (custom)
2019-10-02 20:07:56,213 [pool-519-thread-1] INFO  server.RaftServerConfigKeys (ConfUtils.java:logGet(43)) - raft.server.log.statemachine.data.sync = true (default)
2019-10-02 20:07:56,213 [pool-509-thread-1] INFO  server.RaftServerConfigKeys (ConfUtils.java:logGet(43)) - raft.server.retrycache.expirytime = 600000ms (custom)
2019-10-02 20:07:56,213 [pool-519-thread-1] INFO  server.RaftServerConfigKeys (ConfUtils.java:logGet(43)) - raft.server.log.statemachine.data.sync.timeout = 10s (default)
2019-10-02 20:07:56,213 [pool-499-thread-1] INFO  impl.RaftServerImpl (RaftServerImpl.java:start(185)) - 80e39893-1025-4cfc-a7ed-edf02fc85b0e@group-8A686A512450: start as a follower, conf=-1: [80e39893-1025-4cfc-a7ed-edf02fc85b0e:192.168.151.67:39767, 4e1d41a4-7b1e-4a6c-bd2b-74c38c2571ab:192.168.151.67:40301, 55b062ed-7beb-4a9a-ad42-b82892abf588:192.168.151.67:43789], old=null
2019-10-02 20:07:56,213 [pool-519-thread-1] INFO  server.RaftServerConfigKeys (ConfUtils.java:logGet(43)) - raft.server.log.statemachine.data.sync.timeout.retry = -1 (default)
2019-10-02 20:07:56,213 [pool-499-thread-1] INFO  impl.RaftServerImpl (RaftServerImpl.java:setRole(174)) - 80e39893-1025-4cfc-a7ed-edf02fc85b0e@group-8A686A512450: changes role from      null to FOLLOWER at term 0 for startAsFollower
2019-10-02 20:07:56,214 [pool-499-thread-1] INFO  impl.RoleInfo (RoleInfo.java:updateAndGet(143)) - 80e39893-1025-4cfc-a7ed-edf02fc85b0e: start FollowerState
2019-10-02 20:07:56,214 [pool-519-thread-1] INFO  server.RaftServerConfigKeys (ConfUtils.java:logGet(43)) - raft.server.log.statemachine.data.caching.enabled = true (custom)
2019-10-02 20:07:56,214 [pool-499-thread-1] INFO  util.JmxRegister (JmxRegister.java:tryRegister(44)) - Successfully registered JMX Bean with object name Ratis:service=RaftServer,group=group-8A686A512450,id=80e39893-1025-4cfc-a7ed-edf02fc85b0e
2019-10-02 20:07:56,214 [pool-519-thread-1] INFO  segmented.SegmentedRaftLogWorker (SegmentedRaftLogWorker.java:lambda$new$0(132)) - 4e1d41a4-7b1e-4a6c-bd2b-74c38c2571ab@group-8A686A512450-SegmentedRaftLogWorker: flushIndex: setUnconditionally 0 -> -1
2019-10-02 20:07:56,214 [pool-519-thread-1] INFO  server.RaftServerConfigKeys (ConfUtils.java:logGet(43)) - raft.server.snapshot.auto.trigger.enabled = true (custom)
2019-10-02 20:07:56,214 [pool-519-thread-1] INFO  server.RaftServerConfigKeys (ConfUtils.java:logGet(43)) - raft.server.snapshot.auto.trigger.threshold = 10000 (custom)
2019-10-02 20:07:56,214 [pool-519-thread-1] INFO  server.RaftServerConfigKeys (ConfUtils.java:logGet(43)) - raft.server.snapshot.retention.num.files = 5 (custom)
2019-10-02 20:07:56,215 [pool-509-thread-1] INFO  impl.RaftServerImpl (RaftServerImpl.java:start(185)) - 55b062ed-7beb-4a9a-ad42-b82892abf588@group-8A686A512450: start as a follower, conf=-1: [80e39893-1025-4cfc-a7ed-edf02fc85b0e:192.168.151.67:39767, 4e1d41a4-7b1e-4a6c-bd2b-74c38c2571ab:192.168.151.67:40301, 55b062ed-7beb-4a9a-ad42-b82892abf588:192.168.151.67:43789], old=null
2019-10-02 20:07:56,215 [pool-519-thread-1] INFO  server.RaftServerConfigKeys (ConfUtils.java:logGet(43)) - raft.server.retrycache.expirytime = 600000ms (custom)
2019-10-02 20:07:56,215 [pool-509-thread-1] INFO  impl.RaftServerImpl (RaftServerImpl.java:setRole(174)) - 55b062ed-7beb-4a9a-ad42-b82892abf588@group-8A686A512450: changes role from      null to FOLLOWER at term 0 for startAsFollower
2019-10-02 20:07:56,215 [pool-509-thread-1] INFO  impl.RoleInfo (RoleInfo.java:updateAndGet(143)) - 55b062ed-7beb-4a9a-ad42-b82892abf588: start FollowerState
2019-10-02 20:07:56,215 [pool-509-thread-1] INFO  util.JmxRegister (JmxRegister.java:tryRegister(44)) - Successfully registered JMX Bean with object name Ratis:service=RaftServer,group=group-8A686A512450,id=55b062ed-7beb-4a9a-ad42-b82892abf588
2019-10-02 20:07:56,216 [pool-519-thread-1] INFO  impl.RaftServerImpl (RaftServerImpl.java:start(185)) - 4e1d41a4-7b1e-4a6c-bd2b-74c38c2571ab@group-8A686A512450: start as a follower, conf=-1: [80e39893-1025-4cfc-a7ed-edf02fc85b0e:192.168.151.67:39767, 4e1d41a4-7b1e-4a6c-bd2b-74c38c2571ab:192.168.151.67:40301, 55b062ed-7beb-4a9a-ad42-b82892abf588:192.168.151.67:43789], old=null
2019-10-02 20:07:56,216 [pool-519-thread-1] INFO  impl.RaftServerImpl (RaftServerImpl.java:setRole(174)) - 4e1d41a4-7b1e-4a6c-bd2b-74c38c2571ab@group-8A686A512450: changes role from      null to FOLLOWER at term 0 for startAsFollower
2019-10-02 20:07:56,216 [pool-519-thread-1] INFO  impl.RoleInfo (RoleInfo.java:updateAndGet(143)) - 4e1d41a4-7b1e-4a6c-bd2b-74c38c2571ab: start FollowerState
2019-10-02 20:07:56,217 [pool-519-thread-1] INFO  util.JmxRegister (JmxRegister.java:tryRegister(44)) - Successfully registered JMX Bean with object name Ratis:service=RaftServer,group=group-8A686A512450,id=4e1d41a4-7b1e-4a6c-bd2b-74c38c2571ab
2019-10-02 20:07:56,218 [RatisPipelineUtilsThread] INFO  pipeline.PipelineStateManager (PipelineStateManager.java:addPipeline(56)) - Created pipeline Pipeline[ Id: bdeceee4-6cdf-48db-80d5-8a686a512450, Nodes: 80e39893-1025-4cfc-a7ed-edf02fc85b0e{ip: 192.168.151.67, host: pr-hdds-2198-qvzm8-602720389, networkLocation: /default-rack, certSerialId: null}55b062ed-7beb-4a9a-ad42-b82892abf588{ip: 192.168.151.67, host: pr-hdds-2198-qvzm8-602720389, networkLocation: /default-rack, certSerialId: null}4e1d41a4-7b1e-4a6c-bd2b-74c38c2571ab{ip: 192.168.151.67, host: pr-hdds-2198-qvzm8-602720389, networkLocation: /default-rack, certSerialId: null}, Type:RATIS, Factor:THREE, State:OPEN]
2019-10-02 20:07:56,253 [IPC Server handler 5 on 46006] INFO  net.NetworkTopology (NetworkTopologyImpl.java:add(111)) - Added a new node: /default-rack/21f4094a-09ac-4136-a6cc-ad02d4a11e74
2019-10-02 20:07:56,253 [IPC Server handler 5 on 46006] INFO  node.SCMNodeManager (SCMNodeManager.java:register(266)) - Registered Data node : 21f4094a-09ac-4136-a6cc-ad02d4a11e74{ip: 192.168.151.67, host: pr-hdds-2198-qvzm8-602720389, networkLocation: /default-rack, certSerialId: null}
2019-10-02 20:07:56,269 [grpc-default-executor-7] INFO  impl.RaftServerProxy (RaftServerProxy.java:addNew(89)) - a9af49d4-12ef-4466-9519-242a6cd6b64b: addNew group-E7EC3F855BC4:[a9af49d4-12ef-4466-9519-242a6cd6b64b:192.168.151.67:43032] returns group-E7EC3F855BC4:java.util.concurrent.CompletableFuture@3827e14a[Not completed]
2019-10-02 20:07:56,273 [pool-529-thread-1] INFO  impl.RaftServerImpl (RaftServerImpl.java:<init>(95)) - a9af49d4-12ef-4466-9519-242a6cd6b64b: new RaftServerImpl for group-E7EC3F855BC4:[a9af49d4-12ef-4466-9519-242a6cd6b64b:192.168.151.67:43032] with ContainerStateMachine:uninitialized
2019-10-02 20:07:56,273 [pool-529-thread-1] INFO  server.RaftServerConfigKeys (ConfUtils.java:logGet(43)) - raft.server.rpc.timeout.min = 5s (custom)
2019-10-02 20:07:56,273 [pool-529-thread-1] INFO  server.RaftServerConfigKeys (ConfUtils.java:logGet(43)) - raft.server.rpc.timeout.max = 5200ms (custom)
2019-10-02 20:07:56,273 [pool-529-thread-1] INFO  server.RaftServerConfigKeys (ConfUtils.java:logGet(43)) - raft.server.rpcslowness.timeout = 120s (custom)
2019-10-02 20:07:56,273 [pool-529-thread-1] INFO  server.RaftServerConfigKeys (ConfUtils.java:logGet(43)) - raft.server.sleep.deviation.threshold = 300 (default)
2019-10-02 20:07:56,273 [pool-529-thread-1] INFO  server.RaftServerConfigKeys (ConfUtils.java:logGet(43)) - raft.server.log.appender.install.snapshot.enabled = false (custom)
2019-10-02 20:07:56,274 [pool-529-thread-1] INFO  impl.RaftServerImpl (ServerState.java:<init>(103)) - a9af49d4-12ef-4466-9519-242a6cd6b64b@group-E7EC3F855BC4: ConfigurationManager, init=-1: [a9af49d4-12ef-4466-9519-242a6cd6b64b:192.168.151.67:43032], old=null, confs=<EMPTY_MAP>
2019-10-02 20:07:56,274 [pool-529-thread-1] INFO  server.RaftServerConfigKeys (ConfUtils.java:logGet(43)) - raft.server.storage.dir = [/workdir/hadoop-ozone/integration-test/target/test-dir/MiniOzoneClusterImpl-aca11393-2759-4d1b-a5f8-dca1b679aeb5/datanode-3/data/ratis] (custom)
2019-10-02 20:07:56,274 [pool-529-thread-1] INFO  storage.RaftStorageDirectory (RaftStorageDirectory.java:analyzeStorage(246)) - The storage directory /workdir/hadoop-ozone/integration-test/target/test-dir/MiniOzoneClusterImpl-aca11393-2759-4d1b-a5f8-dca1b679aeb5/datanode-3/data/ratis/422c6f9b-b35b-47f5-ba61-e7ec3f855bc4 does not exist. Creating ...
2019-10-02 20:07:56,287 [pool-529-thread-1] INFO  storage.RaftStorageDirectory (RaftStorageDirectory.java:tryLock(328)) - Lock on /workdir/hadoop-ozone/integration-test/target/test-dir/MiniOzoneClusterImpl-aca11393-2759-4d1b-a5f8-dca1b679aeb5/datanode-3/data/ratis/422c6f9b-b35b-47f5-ba61-e7ec3f855bc4/in_use.lock acquired by nodename 22996@pr-hdds-2198-qvzm8-602720389
2019-10-02 20:07:56,308 [pool-529-thread-1] INFO  storage.RaftStorage (RaftStorage.java:format(72)) - Storage directory /workdir/hadoop-ozone/integration-test/target/test-dir/MiniOzoneClusterImpl-aca11393-2759-4d1b-a5f8-dca1b679aeb5/datanode-3/data/ratis/422c6f9b-b35b-47f5-ba61-e7ec3f855bc4 has been successfully formatted.
2019-10-02 20:07:56,308 [pool-529-thread-1] INFO  ratis.ContainerStateMachine (ContainerStateMachine.java:loadSnapshot(230)) - group-E7EC3F855BC4: The snapshot info is null. Setting the last applied indexto:(t:0, i:~)
2019-10-02 20:07:56,308 [pool-529-thread-1] INFO  server.RaftServerConfigKeys (ConfUtils.java:logGet(43)) - raft.server.notification.no-leader.timeout = 120s (custom)
2019-10-02 20:07:56,308 [pool-529-thread-1] INFO  server.RaftServerConfigKeys (ConfUtils.java:logGet(43)) - raft.server.log.use.memory = false (default)
2019-10-02 20:07:56,309 [pool-529-thread-1] INFO  server.RaftServerConfigKeys (ConfUtils.java:logGet(43)) - raft.server.log.purge.gap = 1000000 (custom)
2019-10-02 20:07:56,309 [pool-529-thread-1] INFO  server.RaftServerConfigKeys (ConfUtils.java:logGet(43)) - raft.server.log.appender.buffer.byte-limit = 33554432 (custom)
2019-10-02 20:07:56,309 [pool-529-thread-1] INFO  server.RaftServerConfigKeys (ConfUtils.java:logGet(43)) - raft.server.log.segment.size.max = 1048576 (custom)
2019-10-02 20:07:56,309 [pool-529-thread-1] INFO  server.RaftServerConfigKeys (ConfUtils.java:logGet(43)) - raft.server.log.segment.cache.num.max = 2 (custom)
2019-10-02 20:07:56,309 [pool-529-thread-1] INFO  segmented.SegmentedRaftLogWorker (SegmentedRaftLogWorker.java:<init>(172)) - new a9af49d4-12ef-4466-9519-242a6cd6b64b@group-E7EC3F855BC4-SegmentedRaftLogWorker for RaftStorage:Storage Directory /workdir/hadoop-ozone/integration-test/target/test-dir/MiniOzoneClusterImpl-aca11393-2759-4d1b-a5f8-dca1b679aeb5/datanode-3/data/ratis/422c6f9b-b35b-47f5-ba61-e7ec3f855bc4
2019-10-02 20:07:56,311 [pool-529-thread-1] INFO  server.RaftServerConfigKeys (ConfUtils.java:logGet(43)) - raft.server.log.queue.byte-limit = 2147483647 (custom)
2019-10-02 20:07:56,311 [pool-529-thread-1] INFO  server.RaftServerConfigKeys (ConfUtils.java:logGet(43)) - raft.server.log.queue.element-limit = 1024 (custom)
2019-10-02 20:07:56,311 [pool-529-thread-1] INFO  server.RaftServerConfigKeys (ConfUtils.java:logGet(43)) - raft.server.log.segment.size.max = 1048576 (custom)
2019-10-02 20:07:56,311 [pool-529-thread-1] INFO  server.RaftServerConfigKeys (ConfUtils.java:logGet(43)) - raft.server.log.preallocated.size = 16384 (custom)
2019-10-02 20:07:56,311 [pool-529-thread-1] INFO  server.RaftServerConfigKeys (ConfUtils.java:logGet(43)) - raft.server.log.write.buffer.size = 33554432 (custom)
2019-10-02 20:07:56,311 [pool-529-thread-1] INFO  server.RaftServerConfigKeys (ConfUtils.java:logGet(43)) - raft.server.log.force.sync.num = 128 (default)
2019-10-02 20:07:56,311 [pool-529-thread-1] INFO  server.RaftServerConfigKeys (ConfUtils.java:logGet(43)) - raft.server.log.statemachine.data.sync = true (default)
2019-10-02 20:07:56,312 [pool-529-thread-1] INFO  server.RaftServerConfigKeys (ConfUtils.java:logGet(43)) - raft.server.log.statemachine.data.sync.timeout = 10s (default)
2019-10-02 20:07:56,312 [pool-529-thread-1] INFO  server.RaftServerConfigKeys (ConfUtils.java:logGet(43)) - raft.server.log.statemachine.data.sync.timeout.retry = -1 (default)
2019-10-02 20:07:56,312 [pool-529-thread-1] INFO  server.RaftServerConfigKeys (ConfUtils.java:logGet(43)) - raft.server.log.statemachine.data.caching.enabled = true (custom)
2019-10-02 20:07:56,312 [pool-529-thread-1] INFO  segmented.SegmentedRaftLogWorker (SegmentedRaftLogWorker.java:lambda$new$0(132)) - a9af49d4-12ef-4466-9519-242a6cd6b64b@group-E7EC3F855BC4-SegmentedRaftLogWorker: flushIndex: setUnconditionally 0 -> -1
2019-10-02 20:07:56,313 [pool-529-thread-1] INFO  server.RaftServerConfigKeys (ConfUtils.java:logGet(43)) - raft.server.snapshot.auto.trigger.enabled = true (custom)
2019-10-02 20:07:56,313 [pool-529-thread-1] INFO  server.RaftServerConfigKeys (ConfUtils.java:logGet(43)) - raft.server.snapshot.auto.trigger.threshold = 10000 (custom)
2019-10-02 20:07:56,313 [pool-529-thread-1] INFO  server.RaftServerConfigKeys (ConfUtils.java:logGet(43)) - raft.server.snapshot.retention.num.files = 5 (custom)
2019-10-02 20:07:56,313 [pool-529-thread-1] INFO  server.RaftServerConfigKeys (ConfUtils.java:logGet(43)) - raft.server.retrycache.expirytime = 600000ms (custom)
2019-10-02 20:07:56,314 [pool-529-thread-1] INFO  impl.RaftServerImpl (RaftServerImpl.java:start(185)) - a9af49d4-12ef-4466-9519-242a6cd6b64b@group-E7EC3F855BC4: start as a follower, conf=-1: [a9af49d4-12ef-4466-9519-242a6cd6b64b:192.168.151.67:43032], old=null
2019-10-02 20:07:56,314 [pool-529-thread-1] INFO  impl.RaftServerImpl (RaftServerImpl.java:setRole(174)) - a9af49d4-12ef-4466-9519-242a6cd6b64b@group-E7EC3F855BC4: changes role from      null to FOLLOWER at term 0 for startAsFollower
2019-10-02 20:07:56,315 [pool-529-thread-1] INFO  impl.RoleInfo (RoleInfo.java:updateAndGet(143)) - a9af49d4-12ef-4466-9519-242a6cd6b64b: start FollowerState
2019-10-02 20:07:56,315 [pool-529-thread-1] INFO  util.JmxRegister (JmxRegister.java:tryRegister(44)) - Successfully registered JMX Bean with object name Ratis:service=RaftServer,group=group-E7EC3F855BC4,id=a9af49d4-12ef-4466-9519-242a6cd6b64b
2019-10-02 20:07:56,317 [RatisPipelineUtilsThread] INFO  pipeline.PipelineStateManager (PipelineStateManager.java:addPipeline(56)) - Created pipeline Pipeline[ Id: 422c6f9b-b35b-47f5-ba61-e7ec3f855bc4, Nodes: a9af49d4-12ef-4466-9519-242a6cd6b64b{ip: 192.168.151.67, host: pr-hdds-2198-qvzm8-602720389, networkLocation: /default-rack, certSerialId: null}, Type:RATIS, Factor:ONE, State:OPEN]
2019-10-02 20:07:56,320 [grpc-default-executor-7] INFO  impl.RaftServerProxy (RaftServerProxy.java:addNew(89)) - 21f4094a-09ac-4136-a6cc-ad02d4a11e74: addNew group-84251C58A716:[21f4094a-09ac-4136-a6cc-ad02d4a11e74:192.168.151.67:38164] returns group-84251C58A716:java.util.concurrent.CompletableFuture@444cbd33[Not completed]
2019-10-02 20:07:56,322 [pool-539-thread-1] INFO  impl.RaftServerImpl (RaftServerImpl.java:<init>(95)) - 21f4094a-09ac-4136-a6cc-ad02d4a11e74: new RaftServerImpl for group-84251C58A716:[21f4094a-09ac-4136-a6cc-ad02d4a11e74:192.168.151.67:38164] with ContainerStateMachine:uninitialized
2019-10-02 20:07:56,322 [pool-539-thread-1] INFO  server.RaftServerConfigKeys (ConfUtils.java:logGet(43)) - raft.server.rpc.timeout.min = 5s (custom)
2019-10-02 20:07:56,322 [pool-539-thread-1] INFO  server.RaftServerConfigKeys (ConfUtils.java:logGet(43)) - raft.server.rpc.timeout.max = 5200ms (custom)
2019-10-02 20:07:56,322 [pool-539-thread-1] INFO  server.RaftServerConfigKeys (ConfUtils.java:logGet(43)) - raft.server.rpcslowness.timeout = 120s (custom)
2019-10-02 20:07:56,322 [pool-539-thread-1] INFO  server.RaftServerConfigKeys (ConfUtils.java:logGet(43)) - raft.server.sleep.deviation.threshold = 300 (default)
2019-10-02 20:07:56,322 [pool-539-thread-1] INFO  server.RaftServerConfigKeys (ConfUtils.java:logGet(43)) - raft.server.log.appender.install.snapshot.enabled = false (custom)
2019-10-02 20:07:56,322 [pool-539-thread-1] INFO  impl.RaftServerImpl (ServerState.java:<init>(103)) - 21f4094a-09ac-4136-a6cc-ad02d4a11e74@group-84251C58A716: ConfigurationManager, init=-1: [21f4094a-09ac-4136-a6cc-ad02d4a11e74:192.168.151.67:38164], old=null, confs=<EMPTY_MAP>
2019-10-02 20:07:56,323 [pool-539-thread-1] INFO  server.RaftServerConfigKeys (ConfUtils.java:logGet(43)) - raft.server.storage.dir = [/workdir/hadoop-ozone/integration-test/target/test-dir/MiniOzoneClusterImpl-aca11393-2759-4d1b-a5f8-dca1b679aeb5/datanode-4/data/ratis] (custom)
2019-10-02 20:07:56,323 [pool-539-thread-1] INFO  storage.RaftStorageDirectory (RaftStorageDirectory.java:analyzeStorage(246)) - The storage directory /workdir/hadoop-ozone/integration-test/target/test-dir/MiniOzoneClusterImpl-aca11393-2759-4d1b-a5f8-dca1b679aeb5/datanode-4/data/ratis/13073615-6fd0-4c42-8968-84251c58a716 does not exist. Creating ...
2019-10-02 20:07:56,323 [IPC Server handler 6 on 46006] INFO  net.NetworkTopology (NetworkTopologyImpl.java:add(111)) - Added a new node: /default-rack/e55924e4-1c8f-46ab-a97e-f8ae322d89d0
2019-10-02 20:07:56,324 [IPC Server handler 6 on 46006] INFO  node.SCMNodeManager (SCMNodeManager.java:register(266)) - Registered Data node : e55924e4-1c8f-46ab-a97e-f8ae322d89d0{ip: 192.168.151.67, host: pr-hdds-2198-qvzm8-602720389, networkLocation: /default-rack, certSerialId: null}
2019-10-02 20:07:56,335 [pool-539-thread-1] INFO  storage.RaftStorageDirectory (RaftStorageDirectory.java:tryLock(328)) - Lock on /workdir/hadoop-ozone/integration-test/target/test-dir/MiniOzoneClusterImpl-aca11393-2759-4d1b-a5f8-dca1b679aeb5/datanode-4/data/ratis/13073615-6fd0-4c42-8968-84251c58a716/in_use.lock acquired by nodename 22996@pr-hdds-2198-qvzm8-602720389
2019-10-02 20:07:56,349 [pool-539-thread-1] INFO  storage.RaftStorage (RaftStorage.java:format(72)) - Storage directory /workdir/hadoop-ozone/integration-test/target/test-dir/MiniOzoneClusterImpl-aca11393-2759-4d1b-a5f8-dca1b679aeb5/datanode-4/data/ratis/13073615-6fd0-4c42-8968-84251c58a716 has been successfully formatted.
2019-10-02 20:07:56,349 [pool-539-thread-1] INFO  ratis.ContainerStateMachine (ContainerStateMachine.java:loadSnapshot(230)) - group-84251C58A716: The snapshot info is null. Setting the last applied indexto:(t:0, i:~)
2019-10-02 20:07:56,349 [pool-539-thread-1] INFO  server.RaftServerConfigKeys (ConfUtils.java:logGet(43)) - raft.server.notification.no-leader.timeout = 120s (custom)
2019-10-02 20:07:56,349 [pool-539-thread-1] INFO  server.RaftServerConfigKeys (ConfUtils.java:logGet(43)) - raft.server.log.use.memory = false (default)
2019-10-02 20:07:56,350 [pool-539-thread-1] INFO  server.RaftServerConfigKeys (ConfUtils.java:logGet(43)) - raft.server.log.purge.gap = 1000000 (custom)
2019-10-02 20:07:56,350 [pool-539-thread-1] INFO  server.RaftServerConfigKeys (ConfUtils.java:logGet(43)) - raft.server.log.appender.buffer.byte-limit = 33554432 (custom)
2019-10-02 20:07:56,350 [pool-539-thread-1] INFO  server.RaftServerConfigKeys (ConfUtils.java:logGet(43)) - raft.server.log.segment.size.max = 1048576 (custom)
2019-10-02 20:07:56,350 [pool-539-thread-1] INFO  server.RaftServerConfigKeys (ConfUtils.java:logGet(43)) - raft.server.log.segment.cache.num.max = 2 (custom)
2019-10-02 20:07:56,350 [pool-539-thread-1] INFO  segmented.SegmentedRaftLogWorker (SegmentedRaftLogWorker.java:<init>(172)) - new 21f4094a-09ac-4136-a6cc-ad02d4a11e74@group-84251C58A716-SegmentedRaftLogWorker for RaftStorage:Storage Directory /workdir/hadoop-ozone/integration-test/target/test-dir/MiniOzoneClusterImpl-aca11393-2759-4d1b-a5f8-dca1b679aeb5/datanode-4/data/ratis/13073615-6fd0-4c42-8968-84251c58a716
2019-10-02 20:07:56,351 [pool-539-thread-1] INFO  server.RaftServerConfigKeys (ConfUtils.java:logGet(43)) - raft.server.log.queue.byte-limit = 2147483647 (custom)
2019-10-02 20:07:56,352 [pool-539-thread-1] INFO  server.RaftServerConfigKeys (ConfUtils.java:logGet(43)) - raft.server.log.queue.element-limit = 1024 (custom)
2019-10-02 20:07:56,352 [pool-539-thread-1] INFO  server.RaftServerConfigKeys (ConfUtils.java:logGet(43)) - raft.server.log.segment.size.max = 1048576 (custom)
2019-10-02 20:07:56,352 [pool-539-thread-1] INFO  server.RaftServerConfigKeys (ConfUtils.java:logGet(43)) - raft.server.log.preallocated.size = 16384 (custom)
2019-10-02 20:07:56,352 [pool-539-thread-1] INFO  server.RaftServerConfigKeys (ConfUtils.java:logGet(43)) - raft.server.log.write.buffer.size = 33554432 (custom)
2019-10-02 20:07:56,352 [pool-539-thread-1] INFO  server.RaftServerConfigKeys (ConfUtils.java:logGet(43)) - raft.server.log.force.sync.num = 128 (default)
2019-10-02 20:07:56,352 [pool-539-thread-1] INFO  server.RaftServerConfigKeys (ConfUtils.java:logGet(43)) - raft.server.log.statemachine.data.sync = true (default)
2019-10-02 20:07:56,352 [pool-539-thread-1] INFO  server.RaftServerConfigKeys (ConfUtils.java:logGet(43)) - raft.server.log.statemachine.data.sync.timeout = 10s (default)
2019-10-02 20:07:56,352 [pool-539-thread-1] INFO  server.RaftServerConfigKeys (ConfUtils.java:logGet(43)) - raft.server.log.statemachine.data.sync.timeout.retry = -1 (default)
2019-10-02 20:07:56,353 [pool-539-thread-1] INFO  server.RaftServerConfigKeys (ConfUtils.java:logGet(43)) - raft.server.log.statemachine.data.caching.enabled = true (custom)
2019-10-02 20:07:56,353 [pool-539-thread-1] INFO  segmented.SegmentedRaftLogWorker (SegmentedRaftLogWorker.java:lambda$new$0(132)) - 21f4094a-09ac-4136-a6cc-ad02d4a11e74@group-84251C58A716-SegmentedRaftLogWorker: flushIndex: setUnconditionally 0 -> -1
2019-10-02 20:07:56,353 [pool-539-thread-1] INFO  server.RaftServerConfigKeys (ConfUtils.java:logGet(43)) - raft.server.snapshot.auto.trigger.enabled = true (custom)
2019-10-02 20:07:56,353 [pool-539-thread-1] INFO  server.RaftServerConfigKeys (ConfUtils.java:logGet(43)) - raft.server.snapshot.auto.trigger.threshold = 10000 (custom)
2019-10-02 20:07:56,353 [pool-539-thread-1] INFO  server.RaftServerConfigKeys (ConfUtils.java:logGet(43)) - raft.server.snapshot.retention.num.files = 5 (custom)
2019-10-02 20:07:56,354 [pool-539-thread-1] INFO  server.RaftServerConfigKeys (ConfUtils.java:logGet(43)) - raft.server.retrycache.expirytime = 600000ms (custom)
2019-10-02 20:07:56,355 [pool-539-thread-1] INFO  impl.RaftServerImpl (RaftServerImpl.java:start(185)) - 21f4094a-09ac-4136-a6cc-ad02d4a11e74@group-84251C58A716: start as a follower, conf=-1: [21f4094a-09ac-4136-a6cc-ad02d4a11e74:192.168.151.67:38164], old=null
2019-10-02 20:07:56,355 [pool-539-thread-1] INFO  impl.RaftServerImpl (RaftServerImpl.java:setRole(174)) - 21f4094a-09ac-4136-a6cc-ad02d4a11e74@group-84251C58A716: changes role from      null to FOLLOWER at term 0 for startAsFollower
2019-10-02 20:07:56,355 [pool-539-thread-1] INFO  impl.RoleInfo (RoleInfo.java:updateAndGet(143)) - 21f4094a-09ac-4136-a6cc-ad02d4a11e74: start FollowerState
2019-10-02 20:07:56,356 [pool-539-thread-1] INFO  util.JmxRegister (JmxRegister.java:tryRegister(44)) - Successfully registered JMX Bean with object name Ratis:service=RaftServer,group=group-84251C58A716,id=21f4094a-09ac-4136-a6cc-ad02d4a11e74
2019-10-02 20:07:56,357 [RatisPipelineUtilsThread] INFO  pipeline.PipelineStateManager (PipelineStateManager.java:addPipeline(56)) - Created pipeline Pipeline[ Id: 13073615-6fd0-4c42-8968-84251c58a716, Nodes: 21f4094a-09ac-4136-a6cc-ad02d4a11e74{ip: 192.168.151.67, host: pr-hdds-2198-qvzm8-602720389, networkLocation: /default-rack, certSerialId: null}, Type:RATIS, Factor:ONE, State:OPEN]
2019-10-02 20:07:56,363 [grpc-default-executor-7] INFO  impl.RaftServerProxy (RaftServerProxy.java:addNew(89)) - e55924e4-1c8f-46ab-a97e-f8ae322d89d0: addNew group-54DA58792533:[e55924e4-1c8f-46ab-a97e-f8ae322d89d0:192.168.151.67:40214] returns group-54DA58792533:java.util.concurrent.CompletableFuture@7789d95e[Not completed]
2019-10-02 20:07:56,364 [pool-549-thread-1] INFO  impl.RaftServerImpl (RaftServerImpl.java:<init>(95)) - e55924e4-1c8f-46ab-a97e-f8ae322d89d0: new RaftServerImpl for group-54DA58792533:[e55924e4-1c8f-46ab-a97e-f8ae322d89d0:192.168.151.67:40214] with ContainerStateMachine:uninitialized
2019-10-02 20:07:56,364 [pool-549-thread-1] INFO  server.RaftServerConfigKeys (ConfUtils.java:logGet(43)) - raft.server.rpc.timeout.min = 5s (custom)
2019-10-02 20:07:56,364 [pool-549-thread-1] INFO  server.RaftServerConfigKeys (ConfUtils.java:logGet(43)) - raft.server.rpc.timeout.max = 5200ms (custom)
2019-10-02 20:07:56,365 [pool-549-thread-1] INFO  server.RaftServerConfigKeys (ConfUtils.java:logGet(43)) - raft.server.rpcslowness.timeout = 120s (custom)
2019-10-02 20:07:56,365 [pool-549-thread-1] INFO  server.RaftServerConfigKeys (ConfUtils.java:logGet(43)) - raft.server.sleep.deviation.threshold = 300 (default)
2019-10-02 20:07:56,365 [pool-549-thread-1] INFO  server.RaftServerConfigKeys (ConfUtils.java:logGet(43)) - raft.server.log.appender.install.snapshot.enabled = false (custom)
2019-10-02 20:07:56,365 [pool-549-thread-1] INFO  impl.RaftServerImpl (ServerState.java:<init>(103)) - e55924e4-1c8f-46ab-a97e-f8ae322d89d0@group-54DA58792533: ConfigurationManager, init=-1: [e55924e4-1c8f-46ab-a97e-f8ae322d89d0:192.168.151.67:40214], old=null, confs=<EMPTY_MAP>
2019-10-02 20:07:56,365 [pool-549-thread-1] INFO  server.RaftServerConfigKeys (ConfUtils.java:logGet(43)) - raft.server.storage.dir = [/workdir/hadoop-ozone/integration-test/target/test-dir/MiniOzoneClusterImpl-aca11393-2759-4d1b-a5f8-dca1b679aeb5/datanode-5/data/ratis] (custom)
2019-10-02 20:07:56,365 [pool-549-thread-1] INFO  storage.RaftStorageDirectory (RaftStorageDirectory.java:analyzeStorage(246)) - The storage directory /workdir/hadoop-ozone/integration-test/target/test-dir/MiniOzoneClusterImpl-aca11393-2759-4d1b-a5f8-dca1b679aeb5/datanode-5/data/ratis/890fd789-bf8b-4fb4-b097-54da58792533 does not exist. Creating ...
2019-10-02 20:07:56,378 [pool-549-thread-1] INFO  storage.RaftStorageDirectory (RaftStorageDirectory.java:tryLock(328)) - Lock on /workdir/hadoop-ozone/integration-test/target/test-dir/MiniOzoneClusterImpl-aca11393-2759-4d1b-a5f8-dca1b679aeb5/datanode-5/data/ratis/890fd789-bf8b-4fb4-b097-54da58792533/in_use.lock acquired by nodename 22996@pr-hdds-2198-qvzm8-602720389
2019-10-02 20:07:56,391 [pool-549-thread-1] INFO  storage.RaftStorage (RaftStorage.java:format(72)) - Storage directory /workdir/hadoop-ozone/integration-test/target/test-dir/MiniOzoneClusterImpl-aca11393-2759-4d1b-a5f8-dca1b679aeb5/datanode-5/data/ratis/890fd789-bf8b-4fb4-b097-54da58792533 has been successfully formatted.
2019-10-02 20:07:56,391 [pool-549-thread-1] INFO  ratis.ContainerStateMachine (ContainerStateMachine.java:loadSnapshot(230)) - group-54DA58792533: The snapshot info is null. Setting the last applied indexto:(t:0, i:~)
2019-10-02 20:07:56,391 [pool-549-thread-1] INFO  server.RaftServerConfigKeys (ConfUtils.java:logGet(43)) - raft.server.notification.no-leader.timeout = 120s (custom)
2019-10-02 20:07:56,391 [pool-549-thread-1] INFO  server.RaftServerConfigKeys (ConfUtils.java:logGet(43)) - raft.server.log.use.memory = false (default)
2019-10-02 20:07:56,392 [pool-549-thread-1] INFO  server.RaftServerConfigKeys (ConfUtils.java:logGet(43)) - raft.server.log.purge.gap = 1000000 (custom)
2019-10-02 20:07:56,392 [pool-549-thread-1] INFO  server.RaftServerConfigKeys (ConfUtils.java:logGet(43)) - raft.server.log.appender.buffer.byte-limit = 33554432 (custom)
2019-10-02 20:07:56,392 [pool-549-thread-1] INFO  server.RaftServerConfigKeys (ConfUtils.java:logGet(43)) - raft.server.log.segment.size.max = 1048576 (custom)
2019-10-02 20:07:56,392 [pool-549-thread-1] INFO  server.RaftServerConfigKeys (ConfUtils.java:logGet(43)) - raft.server.log.segment.cache.num.max = 2 (custom)
2019-10-02 20:07:56,392 [pool-549-thread-1] INFO  segmented.SegmentedRaftLogWorker (SegmentedRaftLogWorker.java:<init>(172)) - new e55924e4-1c8f-46ab-a97e-f8ae322d89d0@group-54DA58792533-SegmentedRaftLogWorker for RaftStorage:Storage Directory /workdir/hadoop-ozone/integration-test/target/test-dir/MiniOzoneClusterImpl-aca11393-2759-4d1b-a5f8-dca1b679aeb5/datanode-5/data/ratis/890fd789-bf8b-4fb4-b097-54da58792533
2019-10-02 20:07:56,393 [IPC Server handler 7 on 46006] INFO  net.NetworkTopology (NetworkTopologyImpl.java:add(111)) - Added a new node: /default-rack/4a61082c-fbee-413e-ae0e-30e21a012342
2019-10-02 20:07:56,393 [IPC Server handler 7 on 46006] INFO  node.SCMNodeManager (SCMNodeManager.java:register(266)) - Registered Data node : 4a61082c-fbee-413e-ae0e-30e21a012342{ip: 192.168.151.67, host: pr-hdds-2198-qvzm8-602720389, networkLocation: /default-rack, certSerialId: null}
2019-10-02 20:07:56,394 [pool-549-thread-1] INFO  server.RaftServerConfigKeys (ConfUtils.java:logGet(43)) - raft.server.log.queue.byte-limit = 2147483647 (custom)
2019-10-02 20:07:56,394 [pool-549-thread-1] INFO  server.RaftServerConfigKeys (ConfUtils.java:logGet(43)) - raft.server.log.queue.element-limit = 1024 (custom)
2019-10-02 20:07:56,394 [pool-549-thread-1] INFO  server.RaftServerConfigKeys (ConfUtils.java:logGet(43)) - raft.server.log.segment.size.max = 1048576 (custom)
2019-10-02 20:07:56,394 [main] INFO  ozone.MiniOzoneClusterImpl (MiniOzoneClusterImpl.java:lambda$waitForClusterToBeReady$0(147)) - Cluster is ready. Got 7 of 7 DN Heartbeats.
2019-10-02 20:07:56,394 [pool-549-thread-1] INFO  server.RaftServerConfigKeys (ConfUtils.java:logGet(43)) - raft.server.log.preallocated.size = 16384 (custom)
2019-10-02 20:07:56,395 [pool-549-thread-1] INFO  server.RaftServerConfigKeys (ConfUtils.java:logGet(43)) - raft.server.log.write.buffer.size = 33554432 (custom)
2019-10-02 20:07:56,395 [pool-549-thread-1] INFO  server.RaftServerConfigKeys (ConfUtils.java:logGet(43)) - raft.server.log.force.sync.num = 128 (default)
2019-10-02 20:07:56,395 [pool-549-thread-1] INFO  server.RaftServerConfigKeys (ConfUtils.java:logGet(43)) - raft.server.log.statemachine.data.sync = true (default)
2019-10-02 20:07:56,395 [pool-549-thread-1] INFO  server.RaftServerConfigKeys (ConfUtils.java:logGet(43)) - raft.server.log.statemachine.data.sync.timeout = 10s (default)
2019-10-02 20:07:56,395 [pool-549-thread-1] INFO  server.RaftServerConfigKeys (ConfUtils.java:logGet(43)) - raft.server.log.statemachine.data.sync.timeout.retry = -1 (default)
2019-10-02 20:07:56,395 [pool-549-thread-1] INFO  server.RaftServerConfigKeys (ConfUtils.java:logGet(43)) - raft.server.log.statemachine.data.caching.enabled = true (custom)
2019-10-02 20:07:56,396 [pool-549-thread-1] INFO  segmented.SegmentedRaftLogWorker (SegmentedRaftLogWorker.java:lambda$new$0(132)) - e55924e4-1c8f-46ab-a97e-f8ae322d89d0@group-54DA58792533-SegmentedRaftLogWorker: flushIndex: setUnconditionally 0 -> -1
2019-10-02 20:07:56,396 [pool-549-thread-1] INFO  server.RaftServerConfigKeys (ConfUtils.java:logGet(43)) - raft.server.snapshot.auto.trigger.enabled = true (custom)
2019-10-02 20:07:56,396 [pool-549-thread-1] INFO  server.RaftServerConfigKeys (ConfUtils.java:logGet(43)) - raft.server.snapshot.auto.trigger.threshold = 10000 (custom)
2019-10-02 20:07:56,396 [pool-549-thread-1] INFO  server.RaftServerConfigKeys (ConfUtils.java:logGet(43)) - raft.server.snapshot.retention.num.files = 5 (custom)
2019-10-02 20:07:56,396 [pool-549-thread-1] INFO  server.RaftServerConfigKeys (ConfUtils.java:logGet(43)) - raft.server.retrycache.expirytime = 600000ms (custom)
2019-10-02 20:07:56,404 [pool-549-thread-1] INFO  impl.RaftServerImpl (RaftServerImpl.java:start(185)) - e55924e4-1c8f-46ab-a97e-f8ae322d89d0@group-54DA58792533: start as a follower, conf=-1: [e55924e4-1c8f-46ab-a97e-f8ae322d89d0:192.168.151.67:40214], old=null
2019-10-02 20:07:56,404 [pool-549-thread-1] INFO  impl.RaftServerImpl (RaftServerImpl.java:setRole(174)) - e55924e4-1c8f-46ab-a97e-f8ae322d89d0@group-54DA58792533: changes role from      null to FOLLOWER at term 0 for startAsFollower
2019-10-02 20:07:56,405 [pool-549-thread-1] INFO  impl.RoleInfo (RoleInfo.java:updateAndGet(143)) - e55924e4-1c8f-46ab-a97e-f8ae322d89d0: start FollowerState
2019-10-02 20:07:56,406 [pool-549-thread-1] INFO  util.JmxRegister (JmxRegister.java:tryRegister(44)) - Successfully registered JMX Bean with object name Ratis:service=RaftServer,group=group-54DA58792533,id=e55924e4-1c8f-46ab-a97e-f8ae322d89d0
2019-10-02 20:07:56,420 [RatisPipelineUtilsThread] INFO  pipeline.PipelineStateManager (PipelineStateManager.java:addPipeline(56)) - Created pipeline Pipeline[ Id: 890fd789-bf8b-4fb4-b097-54da58792533, Nodes: e55924e4-1c8f-46ab-a97e-f8ae322d89d0{ip: 192.168.151.67, host: pr-hdds-2198-qvzm8-602720389, networkLocation: /default-rack, certSerialId: null}, Type:RATIS, Factor:ONE, State:OPEN]
2019-10-02 20:07:56,425 [main] INFO  rpc.RpcClient (RpcClient.java:createVolume(276)) - Creating Volume: testblockoutputstream, with jenkins1000 as owner.
2019-10-02 20:07:56,428 [grpc-default-executor-7] INFO  impl.RaftServerProxy (RaftServerProxy.java:addNew(89)) - 4a61082c-fbee-413e-ae0e-30e21a012342: addNew group-792EC736FFAE:[4a61082c-fbee-413e-ae0e-30e21a012342:192.168.151.67:43549] returns group-792EC736FFAE:java.util.concurrent.CompletableFuture@cda515f[Not completed]
2019-10-02 20:07:56,429 [pool-559-thread-1] INFO  impl.RaftServerImpl (RaftServerImpl.java:<init>(95)) - 4a61082c-fbee-413e-ae0e-30e21a012342: new RaftServerImpl for group-792EC736FFAE:[4a61082c-fbee-413e-ae0e-30e21a012342:192.168.151.67:43549] with ContainerStateMachine:uninitialized
2019-10-02 20:07:56,429 [pool-559-thread-1] INFO  server.RaftServerConfigKeys (ConfUtils.java:logGet(43)) - raft.server.rpc.timeout.min = 5s (custom)
2019-10-02 20:07:56,429 [pool-559-thread-1] INFO  server.RaftServerConfigKeys (ConfUtils.java:logGet(43)) - raft.server.rpc.timeout.max = 5200ms (custom)
2019-10-02 20:07:56,429 [IPC Server handler 2 on 42401] INFO  volume.OMVolumeCreateRequest (OMVolumeCreateRequest.java:validateAndUpdateCache(194)) - created volume:testblockoutputstream for user:jenkins1000
2019-10-02 20:07:56,429 [pool-559-thread-1] INFO  server.RaftServerConfigKeys (ConfUtils.java:logGet(43)) - raft.server.rpcslowness.timeout = 120s (custom)
2019-10-02 20:07:56,429 [pool-559-thread-1] INFO  server.RaftServerConfigKeys (ConfUtils.java:logGet(43)) - raft.server.sleep.deviation.threshold = 300 (default)
2019-10-02 20:07:56,429 [pool-559-thread-1] INFO  server.RaftServerConfigKeys (ConfUtils.java:logGet(43)) - raft.server.log.appender.install.snapshot.enabled = false (custom)
2019-10-02 20:07:56,429 [pool-559-thread-1] INFO  impl.RaftServerImpl (ServerState.java:<init>(103)) - 4a61082c-fbee-413e-ae0e-30e21a012342@group-792EC736FFAE: ConfigurationManager, init=-1: [4a61082c-fbee-413e-ae0e-30e21a012342:192.168.151.67:43549], old=null, confs=<EMPTY_MAP>
2019-10-02 20:07:56,429 [pool-559-thread-1] INFO  server.RaftServerConfigKeys (ConfUtils.java:logGet(43)) - raft.server.storage.dir = [/workdir/hadoop-ozone/integration-test/target/test-dir/MiniOzoneClusterImpl-aca11393-2759-4d1b-a5f8-dca1b679aeb5/datanode-6/data/ratis] (custom)
2019-10-02 20:07:56,430 [pool-559-thread-1] INFO  storage.RaftStorageDirectory (RaftStorageDirectory.java:analyzeStorage(246)) - The storage directory /workdir/hadoop-ozone/integration-test/target/test-dir/MiniOzoneClusterImpl-aca11393-2759-4d1b-a5f8-dca1b679aeb5/datanode-6/data/ratis/b8a4922e-0b77-4c60-91fe-792ec736ffae does not exist. Creating ...
2019-10-02 20:07:56,439 [main] INFO  rpc.RpcClient (RpcClient.java:createBucket(415)) - Creating Bucket: testblockoutputstream/testblockoutputstream, with Versioning false and Storage Type set to DISK and Encryption set to false 
2019-10-02 20:07:56,443 [pool-559-thread-1] INFO  storage.RaftStorageDirectory (RaftStorageDirectory.java:tryLock(328)) - Lock on /workdir/hadoop-ozone/integration-test/target/test-dir/MiniOzoneClusterImpl-aca11393-2759-4d1b-a5f8-dca1b679aeb5/datanode-6/data/ratis/b8a4922e-0b77-4c60-91fe-792ec736ffae/in_use.lock acquired by nodename 22996@pr-hdds-2198-qvzm8-602720389
2019-10-02 20:07:56,456 [pool-559-thread-1] INFO  storage.RaftStorage (RaftStorage.java:format(72)) - Storage directory /workdir/hadoop-ozone/integration-test/target/test-dir/MiniOzoneClusterImpl-aca11393-2759-4d1b-a5f8-dca1b679aeb5/datanode-6/data/ratis/b8a4922e-0b77-4c60-91fe-792ec736ffae has been successfully formatted.
2019-10-02 20:07:56,456 [pool-559-thread-1] INFO  ratis.ContainerStateMachine (ContainerStateMachine.java:loadSnapshot(230)) - group-792EC736FFAE: The snapshot info is null. Setting the last applied indexto:(t:0, i:~)
2019-10-02 20:07:56,456 [pool-559-thread-1] INFO  server.RaftServerConfigKeys (ConfUtils.java:logGet(43)) - raft.server.notification.no-leader.timeout = 120s (custom)
2019-10-02 20:07:56,456 [pool-559-thread-1] INFO  server.RaftServerConfigKeys (ConfUtils.java:logGet(43)) - raft.server.log.use.memory = false (default)
2019-10-02 20:07:56,456 [pool-559-thread-1] INFO  server.RaftServerConfigKeys (ConfUtils.java:logGet(43)) - raft.server.log.purge.gap = 1000000 (custom)
2019-10-02 20:07:56,457 [pool-559-thread-1] INFO  server.RaftServerConfigKeys (ConfUtils.java:logGet(43)) - raft.server.log.appender.buffer.byte-limit = 33554432 (custom)
2019-10-02 20:07:56,457 [pool-559-thread-1] INFO  server.RaftServerConfigKeys (ConfUtils.java:logGet(43)) - raft.server.log.segment.size.max = 1048576 (custom)
2019-10-02 20:07:56,457 [pool-559-thread-1] INFO  server.RaftServerConfigKeys (ConfUtils.java:logGet(43)) - raft.server.log.segment.cache.num.max = 2 (custom)
2019-10-02 20:07:56,457 [pool-559-thread-1] INFO  segmented.SegmentedRaftLogWorker (SegmentedRaftLogWorker.java:<init>(172)) - new 4a61082c-fbee-413e-ae0e-30e21a012342@group-792EC736FFAE-SegmentedRaftLogWorker for RaftStorage:Storage Directory /workdir/hadoop-ozone/integration-test/target/test-dir/MiniOzoneClusterImpl-aca11393-2759-4d1b-a5f8-dca1b679aeb5/datanode-6/data/ratis/b8a4922e-0b77-4c60-91fe-792ec736ffae
2019-10-02 20:07:56,458 [pool-559-thread-1] INFO  server.RaftServerConfigKeys (ConfUtils.java:logGet(43)) - raft.server.log.queue.byte-limit = 2147483647 (custom)
2019-10-02 20:07:56,458 [pool-559-thread-1] INFO  server.RaftServerConfigKeys (ConfUtils.java:logGet(43)) - raft.server.log.queue.element-limit = 1024 (custom)
2019-10-02 20:07:56,458 [pool-559-thread-1] INFO  server.RaftServerConfigKeys (ConfUtils.java:logGet(43)) - raft.server.log.segment.size.max = 1048576 (custom)
2019-10-02 20:07:56,458 [pool-559-thread-1] INFO  server.RaftServerConfigKeys (ConfUtils.java:logGet(43)) - raft.server.log.preallocated.size = 16384 (custom)
2019-10-02 20:07:56,459 [pool-559-thread-1] INFO  server.RaftServerConfigKeys (ConfUtils.java:logGet(43)) - raft.server.log.write.buffer.size = 33554432 (custom)
2019-10-02 20:07:56,459 [pool-559-thread-1] INFO  server.RaftServerConfigKeys (ConfUtils.java:logGet(43)) - raft.server.log.force.sync.num = 128 (default)
2019-10-02 20:07:56,459 [pool-559-thread-1] INFO  server.RaftServerConfigKeys (ConfUtils.java:logGet(43)) - raft.server.log.statemachine.data.sync = true (default)
2019-10-02 20:07:56,459 [pool-559-thread-1] INFO  server.RaftServerConfigKeys (ConfUtils.java:logGet(43)) - raft.server.log.statemachine.data.sync.timeout = 10s (default)
2019-10-02 20:07:56,459 [pool-559-thread-1] INFO  server.RaftServerConfigKeys (ConfUtils.java:logGet(43)) - raft.server.log.statemachine.data.sync.timeout.retry = -1 (default)
2019-10-02 20:07:56,459 [pool-559-thread-1] INFO  server.RaftServerConfigKeys (ConfUtils.java:logGet(43)) - raft.server.log.statemachine.data.caching.enabled = true (custom)
2019-10-02 20:07:56,459 [pool-559-thread-1] INFO  segmented.SegmentedRaftLogWorker (SegmentedRaftLogWorker.java:lambda$new$0(132)) - 4a61082c-fbee-413e-ae0e-30e21a012342@group-792EC736FFAE-SegmentedRaftLogWorker: flushIndex: setUnconditionally 0 -> -1
2019-10-02 20:07:56,459 [pool-559-thread-1] INFO  server.RaftServerConfigKeys (ConfUtils.java:logGet(43)) - raft.server.snapshot.auto.trigger.enabled = true (custom)
2019-10-02 20:07:56,460 [pool-559-thread-1] INFO  server.RaftServerConfigKeys (ConfUtils.java:logGet(43)) - raft.server.snapshot.auto.trigger.threshold = 10000 (custom)
2019-10-02 20:07:56,460 [pool-559-thread-1] INFO  server.RaftServerConfigKeys (ConfUtils.java:logGet(43)) - raft.server.snapshot.retention.num.files = 5 (custom)
2019-10-02 20:07:56,460 [pool-559-thread-1] INFO  server.RaftServerConfigKeys (ConfUtils.java:logGet(43)) - raft.server.retrycache.expirytime = 600000ms (custom)
2019-10-02 20:07:56,461 [pool-559-thread-1] INFO  impl.RaftServerImpl (RaftServerImpl.java:start(185)) - 4a61082c-fbee-413e-ae0e-30e21a012342@group-792EC736FFAE: start as a follower, conf=-1: [4a61082c-fbee-413e-ae0e-30e21a012342:192.168.151.67:43549], old=null
2019-10-02 20:07:56,461 [pool-559-thread-1] INFO  impl.RaftServerImpl (RaftServerImpl.java:setRole(174)) - 4a61082c-fbee-413e-ae0e-30e21a012342@group-792EC736FFAE: changes role from      null to FOLLOWER at term 0 for startAsFollower
2019-10-02 20:07:56,461 [pool-559-thread-1] INFO  impl.RoleInfo (RoleInfo.java:updateAndGet(143)) - 4a61082c-fbee-413e-ae0e-30e21a012342: start FollowerState
2019-10-02 20:07:56,461 [pool-559-thread-1] INFO  util.JmxRegister (JmxRegister.java:tryRegister(44)) - Successfully registered JMX Bean with object name Ratis:service=RaftServer,group=group-792EC736FFAE,id=4a61082c-fbee-413e-ae0e-30e21a012342
2019-10-02 20:07:56,463 [RatisPipelineUtilsThread] INFO  pipeline.PipelineStateManager (PipelineStateManager.java:addPipeline(56)) - Created pipeline Pipeline[ Id: b8a4922e-0b77-4c60-91fe-792ec736ffae, Nodes: 4a61082c-fbee-413e-ae0e-30e21a012342{ip: 192.168.151.67, host: pr-hdds-2198-qvzm8-602720389, networkLocation: /default-rack, certSerialId: null}, Type:RATIS, Factor:ONE, State:OPEN]
2019-10-02 20:07:56,478 [grpc-default-executor-7] INFO  impl.RaftServerProxy (RaftServerProxy.java:addNew(89)) - 4a61082c-fbee-413e-ae0e-30e21a012342: addNew group-A760D7F79D36:[4a61082c-fbee-413e-ae0e-30e21a012342:192.168.151.67:43549, e55924e4-1c8f-46ab-a97e-f8ae322d89d0:192.168.151.67:40214, a9af49d4-12ef-4466-9519-242a6cd6b64b:192.168.151.67:43032] returns group-A760D7F79D36:java.util.concurrent.CompletableFuture@92c1321[Not completed]
2019-10-02 20:07:56,481 [grpc-default-executor-8] INFO  impl.RaftServerProxy (RaftServerProxy.java:addNew(89)) - a9af49d4-12ef-4466-9519-242a6cd6b64b: addNew group-A760D7F79D36:[4a61082c-fbee-413e-ae0e-30e21a012342:192.168.151.67:43549, e55924e4-1c8f-46ab-a97e-f8ae322d89d0:192.168.151.67:40214, a9af49d4-12ef-4466-9519-242a6cd6b64b:192.168.151.67:43032] returns group-A760D7F79D36:java.util.concurrent.CompletableFuture@514bcedc[Not completed]
2019-10-02 20:07:56,478 [grpc-default-executor-5] INFO  impl.RaftServerProxy (RaftServerProxy.java:addNew(89)) - e55924e4-1c8f-46ab-a97e-f8ae322d89d0: addNew group-A760D7F79D36:[4a61082c-fbee-413e-ae0e-30e21a012342:192.168.151.67:43549, e55924e4-1c8f-46ab-a97e-f8ae322d89d0:192.168.151.67:40214, a9af49d4-12ef-4466-9519-242a6cd6b64b:192.168.151.67:43032] returns group-A760D7F79D36:java.util.concurrent.CompletableFuture@1ba623db[Not completed]
2019-10-02 20:07:56,482 [pool-529-thread-1] INFO  impl.RaftServerImpl (RaftServerImpl.java:<init>(95)) - a9af49d4-12ef-4466-9519-242a6cd6b64b: new RaftServerImpl for group-A760D7F79D36:[4a61082c-fbee-413e-ae0e-30e21a012342:192.168.151.67:43549, e55924e4-1c8f-46ab-a97e-f8ae322d89d0:192.168.151.67:40214, a9af49d4-12ef-4466-9519-242a6cd6b64b:192.168.151.67:43032] with ContainerStateMachine:uninitialized
2019-10-02 20:07:56,482 [pool-529-thread-1] INFO  server.RaftServerConfigKeys (ConfUtils.java:logGet(43)) - raft.server.rpc.timeout.min = 5s (custom)
2019-10-02 20:07:56,482 [pool-529-thread-1] INFO  server.RaftServerConfigKeys (ConfUtils.java:logGet(43)) - raft.server.rpc.timeout.max = 5200ms (custom)
2019-10-02 20:07:56,482 [pool-529-thread-1] INFO  server.RaftServerConfigKeys (ConfUtils.java:logGet(43)) - raft.server.rpcslowness.timeout = 120s (custom)
2019-10-02 20:07:56,482 [pool-529-thread-1] INFO  server.RaftServerConfigKeys (ConfUtils.java:logGet(43)) - raft.server.sleep.deviation.threshold = 300 (default)
2019-10-02 20:07:56,482 [pool-559-thread-1] INFO  impl.RaftServerImpl (RaftServerImpl.java:<init>(95)) - 4a61082c-fbee-413e-ae0e-30e21a012342: new RaftServerImpl for group-A760D7F79D36:[4a61082c-fbee-413e-ae0e-30e21a012342:192.168.151.67:43549, e55924e4-1c8f-46ab-a97e-f8ae322d89d0:192.168.151.67:40214, a9af49d4-12ef-4466-9519-242a6cd6b64b:192.168.151.67:43032] with ContainerStateMachine:uninitialized
2019-10-02 20:07:56,482 [pool-529-thread-1] INFO  server.RaftServerConfigKeys (ConfUtils.java:logGet(43)) - raft.server.log.appender.install.snapshot.enabled = false (custom)
2019-10-02 20:07:56,482 [pool-559-thread-1] INFO  server.RaftServerConfigKeys (ConfUtils.java:logGet(43)) - raft.server.rpc.timeout.min = 5s (custom)
2019-10-02 20:07:56,482 [pool-529-thread-1] INFO  impl.RaftServerImpl (ServerState.java:<init>(103)) - a9af49d4-12ef-4466-9519-242a6cd6b64b@group-A760D7F79D36: ConfigurationManager, init=-1: [4a61082c-fbee-413e-ae0e-30e21a012342:192.168.151.67:43549, e55924e4-1c8f-46ab-a97e-f8ae322d89d0:192.168.151.67:40214, a9af49d4-12ef-4466-9519-242a6cd6b64b:192.168.151.67:43032], old=null, confs=<EMPTY_MAP>
2019-10-02 20:07:56,482 [pool-549-thread-1] INFO  impl.RaftServerImpl (RaftServerImpl.java:<init>(95)) - e55924e4-1c8f-46ab-a97e-f8ae322d89d0: new RaftServerImpl for group-A760D7F79D36:[4a61082c-fbee-413e-ae0e-30e21a012342:192.168.151.67:43549, e55924e4-1c8f-46ab-a97e-f8ae322d89d0:192.168.151.67:40214, a9af49d4-12ef-4466-9519-242a6cd6b64b:192.168.151.67:43032] with ContainerStateMachine:uninitialized
2019-10-02 20:07:56,482 [pool-559-thread-1] INFO  server.RaftServerConfigKeys (ConfUtils.java:logGet(43)) - raft.server.rpc.timeout.max = 5200ms (custom)
2019-10-02 20:07:56,482 [pool-549-thread-1] INFO  server.RaftServerConfigKeys (ConfUtils.java:logGet(43)) - raft.server.rpc.timeout.min = 5s (custom)
2019-10-02 20:07:56,482 [pool-529-thread-1] INFO  server.RaftServerConfigKeys (ConfUtils.java:logGet(43)) - raft.server.storage.dir = [/workdir/hadoop-ozone/integration-test/target/test-dir/MiniOzoneClusterImpl-aca11393-2759-4d1b-a5f8-dca1b679aeb5/datanode-3/data/ratis] (custom)
2019-10-02 20:07:56,483 [pool-549-thread-1] INFO  server.RaftServerConfigKeys (ConfUtils.java:logGet(43)) - raft.server.rpc.timeout.max = 5200ms (custom)
2019-10-02 20:07:56,483 [pool-559-thread-1] INFO  server.RaftServerConfigKeys (ConfUtils.java:logGet(43)) - raft.server.rpcslowness.timeout = 120s (custom)
2019-10-02 20:07:56,483 [pool-549-thread-1] INFO  server.RaftServerConfigKeys (ConfUtils.java:logGet(43)) - raft.server.rpcslowness.timeout = 120s (custom)
2019-10-02 20:07:56,483 [pool-529-thread-1] INFO  storage.RaftStorageDirectory (RaftStorageDirectory.java:analyzeStorage(246)) - The storage directory /workdir/hadoop-ozone/integration-test/target/test-dir/MiniOzoneClusterImpl-aca11393-2759-4d1b-a5f8-dca1b679aeb5/datanode-3/data/ratis/fd1b0dcb-0abf-45b8-9725-a760d7f79d36 does not exist. Creating ...
2019-10-02 20:07:56,483 [pool-559-thread-1] INFO  server.RaftServerConfigKeys (ConfUtils.java:logGet(43)) - raft.server.sleep.deviation.threshold = 300 (default)
2019-10-02 20:07:56,483 [pool-549-thread-1] INFO  server.RaftServerConfigKeys (ConfUtils.java:logGet(43)) - raft.server.sleep.deviation.threshold = 300 (default)
2019-10-02 20:07:56,483 [pool-559-thread-1] INFO  server.RaftServerConfigKeys (ConfUtils.java:logGet(43)) - raft.server.log.appender.install.snapshot.enabled = false (custom)
2019-10-02 20:07:56,483 [pool-549-thread-1] INFO  server.RaftServerConfigKeys (ConfUtils.java:logGet(43)) - raft.server.log.appender.install.snapshot.enabled = false (custom)
2019-10-02 20:07:56,483 [pool-559-thread-1] INFO  impl.RaftServerImpl (ServerState.java:<init>(103)) - 4a61082c-fbee-413e-ae0e-30e21a012342@group-A760D7F79D36: ConfigurationManager, init=-1: [4a61082c-fbee-413e-ae0e-30e21a012342:192.168.151.67:43549, e55924e4-1c8f-46ab-a97e-f8ae322d89d0:192.168.151.67:40214, a9af49d4-12ef-4466-9519-242a6cd6b64b:192.168.151.67:43032], old=null, confs=<EMPTY_MAP>
2019-10-02 20:07:56,483 [pool-549-thread-1] INFO  impl.RaftServerImpl (ServerState.java:<init>(103)) - e55924e4-1c8f-46ab-a97e-f8ae322d89d0@group-A760D7F79D36: ConfigurationManager, init=-1: [4a61082c-fbee-413e-ae0e-30e21a012342:192.168.151.67:43549, e55924e4-1c8f-46ab-a97e-f8ae322d89d0:192.168.151.67:40214, a9af49d4-12ef-4466-9519-242a6cd6b64b:192.168.151.67:43032], old=null, confs=<EMPTY_MAP>
2019-10-02 20:07:56,483 [pool-559-thread-1] INFO  server.RaftServerConfigKeys (ConfUtils.java:logGet(43)) - raft.server.storage.dir = [/workdir/hadoop-ozone/integration-test/target/test-dir/MiniOzoneClusterImpl-aca11393-2759-4d1b-a5f8-dca1b679aeb5/datanode-6/data/ratis] (custom)
2019-10-02 20:07:56,484 [pool-549-thread-1] INFO  server.RaftServerConfigKeys (ConfUtils.java:logGet(43)) - raft.server.storage.dir = [/workdir/hadoop-ozone/integration-test/target/test-dir/MiniOzoneClusterImpl-aca11393-2759-4d1b-a5f8-dca1b679aeb5/datanode-5/data/ratis] (custom)
2019-10-02 20:07:56,484 [pool-559-thread-1] INFO  storage.RaftStorageDirectory (RaftStorageDirectory.java:analyzeStorage(246)) - The storage directory /workdir/hadoop-ozone/integration-test/target/test-dir/MiniOzoneClusterImpl-aca11393-2759-4d1b-a5f8-dca1b679aeb5/datanode-6/data/ratis/fd1b0dcb-0abf-45b8-9725-a760d7f79d36 does not exist. Creating ...
2019-10-02 20:07:56,484 [pool-549-thread-1] INFO  storage.RaftStorageDirectory (RaftStorageDirectory.java:analyzeStorage(246)) - The storage directory /workdir/hadoop-ozone/integration-test/target/test-dir/MiniOzoneClusterImpl-aca11393-2759-4d1b-a5f8-dca1b679aeb5/datanode-5/data/ratis/fd1b0dcb-0abf-45b8-9725-a760d7f79d36 does not exist. Creating ...
2019-10-02 20:07:56,496 [pool-559-thread-1] INFO  storage.RaftStorageDirectory (RaftStorageDirectory.java:tryLock(328)) - Lock on /workdir/hadoop-ozone/integration-test/target/test-dir/MiniOzoneClusterImpl-aca11393-2759-4d1b-a5f8-dca1b679aeb5/datanode-6/data/ratis/fd1b0dcb-0abf-45b8-9725-a760d7f79d36/in_use.lock acquired by nodename 22996@pr-hdds-2198-qvzm8-602720389
2019-10-02 20:07:56,496 [pool-549-thread-1] INFO  storage.RaftStorageDirectory (RaftStorageDirectory.java:tryLock(328)) - Lock on /workdir/hadoop-ozone/integration-test/target/test-dir/MiniOzoneClusterImpl-aca11393-2759-4d1b-a5f8-dca1b679aeb5/datanode-5/data/ratis/fd1b0dcb-0abf-45b8-9725-a760d7f79d36/in_use.lock acquired by nodename 22996@pr-hdds-2198-qvzm8-602720389
2019-10-02 20:07:56,496 [pool-529-thread-1] INFO  storage.RaftStorageDirectory (RaftStorageDirectory.java:tryLock(328)) - Lock on /workdir/hadoop-ozone/integration-test/target/test-dir/MiniOzoneClusterImpl-aca11393-2759-4d1b-a5f8-dca1b679aeb5/datanode-3/data/ratis/fd1b0dcb-0abf-45b8-9725-a760d7f79d36/in_use.lock acquired by nodename 22996@pr-hdds-2198-qvzm8-602720389
2019-10-02 20:07:56,510 [pool-549-thread-1] INFO  storage.RaftStorage (RaftStorage.java:format(72)) - Storage directory /workdir/hadoop-ozone/integration-test/target/test-dir/MiniOzoneClusterImpl-aca11393-2759-4d1b-a5f8-dca1b679aeb5/datanode-5/data/ratis/fd1b0dcb-0abf-45b8-9725-a760d7f79d36 has been successfully formatted.
2019-10-02 20:07:56,510 [pool-529-thread-1] INFO  storage.RaftStorage (RaftStorage.java:format(72)) - Storage directory /workdir/hadoop-ozone/integration-test/target/test-dir/MiniOzoneClusterImpl-aca11393-2759-4d1b-a5f8-dca1b679aeb5/datanode-3/data/ratis/fd1b0dcb-0abf-45b8-9725-a760d7f79d36 has been successfully formatted.
2019-10-02 20:07:56,510 [pool-559-thread-1] INFO  storage.RaftStorage (RaftStorage.java:format(72)) - Storage directory /workdir/hadoop-ozone/integration-test/target/test-dir/MiniOzoneClusterImpl-aca11393-2759-4d1b-a5f8-dca1b679aeb5/datanode-6/data/ratis/fd1b0dcb-0abf-45b8-9725-a760d7f79d36 has been successfully formatted.
2019-10-02 20:07:56,510 [pool-529-thread-1] INFO  ratis.ContainerStateMachine (ContainerStateMachine.java:loadSnapshot(230)) - group-A760D7F79D36: The snapshot info is null. Setting the last applied indexto:(t:0, i:~)
2019-10-02 20:07:56,510 [pool-549-thread-1] INFO  ratis.ContainerStateMachine (ContainerStateMachine.java:loadSnapshot(230)) - group-A760D7F79D36: The snapshot info is null. Setting the last applied indexto:(t:0, i:~)
2019-10-02 20:07:56,511 [pool-529-thread-1] INFO  server.RaftServerConfigKeys (ConfUtils.java:logGet(43)) - raft.server.notification.no-leader.timeout = 120s (custom)
2019-10-02 20:07:56,511 [pool-559-thread-1] INFO  ratis.ContainerStateMachine (ContainerStateMachine.java:loadSnapshot(230)) - group-A760D7F79D36: The snapshot info is null. Setting the last applied indexto:(t:0, i:~)
2019-10-02 20:07:56,511 [pool-529-thread-1] INFO  server.RaftServerConfigKeys (ConfUtils.java:logGet(43)) - raft.server.log.use.memory = false (default)
2019-10-02 20:07:56,511 [pool-549-thread-1] INFO  server.RaftServerConfigKeys (ConfUtils.java:logGet(43)) - raft.server.notification.no-leader.timeout = 120s (custom)
2019-10-02 20:07:56,511 [pool-529-thread-1] INFO  server.RaftServerConfigKeys (ConfUtils.java:logGet(43)) - raft.server.log.purge.gap = 1000000 (custom)
2019-10-02 20:07:56,511 [pool-559-thread-1] INFO  server.RaftServerConfigKeys (ConfUtils.java:logGet(43)) - raft.server.notification.no-leader.timeout = 120s (custom)
2019-10-02 20:07:56,511 [pool-529-thread-1] INFO  server.RaftServerConfigKeys (ConfUtils.java:logGet(43)) - raft.server.log.appender.buffer.byte-limit = 33554432 (custom)
2019-10-02 20:07:56,511 [pool-549-thread-1] INFO  server.RaftServerConfigKeys (ConfUtils.java:logGet(43)) - raft.server.log.use.memory = false (default)
2019-10-02 20:07:56,512 [pool-529-thread-1] INFO  server.RaftServerConfigKeys (ConfUtils.java:logGet(43)) - raft.server.log.segment.size.max = 1048576 (custom)
2019-10-02 20:07:56,512 [pool-559-thread-1] INFO  server.RaftServerConfigKeys (ConfUtils.java:logGet(43)) - raft.server.log.use.memory = false (default)
2019-10-02 20:07:56,512 [pool-529-thread-1] INFO  server.RaftServerConfigKeys (ConfUtils.java:logGet(43)) - raft.server.log.segment.cache.num.max = 2 (custom)
2019-10-02 20:07:56,512 [pool-549-thread-1] INFO  server.RaftServerConfigKeys (ConfUtils.java:logGet(43)) - raft.server.log.purge.gap = 1000000 (custom)
2019-10-02 20:07:56,512 [pool-529-thread-1] INFO  segmented.SegmentedRaftLogWorker (SegmentedRaftLogWorker.java:<init>(172)) - new a9af49d4-12ef-4466-9519-242a6cd6b64b@group-A760D7F79D36-SegmentedRaftLogWorker for RaftStorage:Storage Directory /workdir/hadoop-ozone/integration-test/target/test-dir/MiniOzoneClusterImpl-aca11393-2759-4d1b-a5f8-dca1b679aeb5/datanode-3/data/ratis/fd1b0dcb-0abf-45b8-9725-a760d7f79d36
2019-10-02 20:07:56,512 [pool-559-thread-1] INFO  server.RaftServerConfigKeys (ConfUtils.java:logGet(43)) - raft.server.log.purge.gap = 1000000 (custom)
2019-10-02 20:07:56,513 [pool-529-thread-1] INFO  server.RaftServerConfigKeys (ConfUtils.java:logGet(43)) - raft.server.log.queue.byte-limit = 2147483647 (custom)
2019-10-02 20:07:56,512 [pool-549-thread-1] INFO  server.RaftServerConfigKeys (ConfUtils.java:logGet(43)) - raft.server.log.appender.buffer.byte-limit = 33554432 (custom)
2019-10-02 20:07:56,513 [pool-529-thread-1] INFO  server.RaftServerConfigKeys (ConfUtils.java:logGet(43)) - raft.server.log.queue.element-limit = 1024 (custom)
2019-10-02 20:07:56,513 [pool-559-thread-1] INFO  server.RaftServerConfigKeys (ConfUtils.java:logGet(43)) - raft.server.log.appender.buffer.byte-limit = 33554432 (custom)
2019-10-02 20:07:56,513 [pool-529-thread-1] INFO  server.RaftServerConfigKeys (ConfUtils.java:logGet(43)) - raft.server.log.segment.size.max = 1048576 (custom)
2019-10-02 20:07:56,513 [pool-529-thread-1] INFO  server.RaftServerConfigKeys (ConfUtils.java:logGet(43)) - raft.server.log.preallocated.size = 16384 (custom)
2019-10-02 20:07:56,513 [pool-549-thread-1] INFO  server.RaftServerConfigKeys (ConfUtils.java:logGet(43)) - raft.server.log.segment.size.max = 1048576 (custom)
2019-10-02 20:07:56,514 [pool-529-thread-1] INFO  server.RaftServerConfigKeys (ConfUtils.java:logGet(43)) - raft.server.log.write.buffer.size = 33554432 (custom)
2019-10-02 20:07:56,513 [pool-559-thread-1] INFO  server.RaftServerConfigKeys (ConfUtils.java:logGet(43)) - raft.server.log.segment.size.max = 1048576 (custom)
2019-10-02 20:07:56,514 [pool-529-thread-1] INFO  server.RaftServerConfigKeys (ConfUtils.java:logGet(43)) - raft.server.log.force.sync.num = 128 (default)
2019-10-02 20:07:56,514 [pool-549-thread-1] INFO  server.RaftServerConfigKeys (ConfUtils.java:logGet(43)) - raft.server.log.segment.cache.num.max = 2 (custom)
2019-10-02 20:07:56,514 [pool-529-thread-1] INFO  server.RaftServerConfigKeys (ConfUtils.java:logGet(43)) - raft.server.log.statemachine.data.sync = true (default)
2019-10-02 20:07:56,514 [pool-559-thread-1] INFO  server.RaftServerConfigKeys (ConfUtils.java:logGet(43)) - raft.server.log.segment.cache.num.max = 2 (custom)
2019-10-02 20:07:56,514 [pool-529-thread-1] INFO  server.RaftServerConfigKeys (ConfUtils.java:logGet(43)) - raft.server.log.statemachine.data.sync.timeout = 10s (default)
2019-10-02 20:07:56,514 [pool-549-thread-1] INFO  segmented.SegmentedRaftLogWorker (SegmentedRaftLogWorker.java:<init>(172)) - new e55924e4-1c8f-46ab-a97e-f8ae322d89d0@group-A760D7F79D36-SegmentedRaftLogWorker for RaftStorage:Storage Directory /workdir/hadoop-ozone/integration-test/target/test-dir/MiniOzoneClusterImpl-aca11393-2759-4d1b-a5f8-dca1b679aeb5/datanode-5/data/ratis/fd1b0dcb-0abf-45b8-9725-a760d7f79d36
2019-10-02 20:07:56,515 [pool-529-thread-1] INFO  server.RaftServerConfigKeys (ConfUtils.java:logGet(43)) - raft.server.log.statemachine.data.sync.timeout.retry = -1 (default)
2019-10-02 20:07:56,515 [pool-559-thread-1] INFO  segmented.SegmentedRaftLogWorker (SegmentedRaftLogWorker.java:<init>(172)) - new 4a61082c-fbee-413e-ae0e-30e21a012342@group-A760D7F79D36-SegmentedRaftLogWorker for RaftStorage:Storage Directory /workdir/hadoop-ozone/integration-test/target/test-dir/MiniOzoneClusterImpl-aca11393-2759-4d1b-a5f8-dca1b679aeb5/datanode-6/data/ratis/fd1b0dcb-0abf-45b8-9725-a760d7f79d36
2019-10-02 20:07:56,515 [pool-529-thread-1] INFO  server.RaftServerConfigKeys (ConfUtils.java:logGet(43)) - raft.server.log.statemachine.data.caching.enabled = true (custom)
2019-10-02 20:07:56,515 [pool-549-thread-1] INFO  server.RaftServerConfigKeys (ConfUtils.java:logGet(43)) - raft.server.log.queue.byte-limit = 2147483647 (custom)
2019-10-02 20:07:56,515 [pool-559-thread-1] INFO  server.RaftServerConfigKeys (ConfUtils.java:logGet(43)) - raft.server.log.queue.byte-limit = 2147483647 (custom)
2019-10-02 20:07:56,515 [pool-529-thread-1] INFO  segmented.SegmentedRaftLogWorker (SegmentedRaftLogWorker.java:lambda$new$0(132)) - a9af49d4-12ef-4466-9519-242a6cd6b64b@group-A760D7F79D36-SegmentedRaftLogWorker: flushIndex: setUnconditionally 0 -> -1
2019-10-02 20:07:56,515 [pool-549-thread-1] INFO  server.RaftServerConfigKeys (ConfUtils.java:logGet(43)) - raft.server.log.queue.element-limit = 1024 (custom)
2019-10-02 20:07:56,516 [pool-559-thread-1] INFO  server.RaftServerConfigKeys (ConfUtils.java:logGet(43)) - raft.server.log.queue.element-limit = 1024 (custom)
2019-10-02 20:07:56,516 [pool-549-thread-1] INFO  server.RaftServerConfigKeys (ConfUtils.java:logGet(43)) - raft.server.log.segment.size.max = 1048576 (custom)
2019-10-02 20:07:56,516 [pool-529-thread-1] INFO  server.RaftServerConfigKeys (ConfUtils.java:logGet(43)) - raft.server.snapshot.auto.trigger.enabled = true (custom)
2019-10-02 20:07:56,516 [pool-549-thread-1] INFO  server.RaftServerConfigKeys (ConfUtils.java:logGet(43)) - raft.server.log.preallocated.size = 16384 (custom)
2019-10-02 20:07:56,516 [pool-559-thread-1] INFO  server.RaftServerConfigKeys (ConfUtils.java:logGet(43)) - raft.server.log.segment.size.max = 1048576 (custom)
2019-10-02 20:07:56,516 [pool-549-thread-1] INFO  server.RaftServerConfigKeys (ConfUtils.java:logGet(43)) - raft.server.log.write.buffer.size = 33554432 (custom)
2019-10-02 20:07:56,516 [pool-529-thread-1] INFO  server.RaftServerConfigKeys (ConfUtils.java:logGet(43)) - raft.server.snapshot.auto.trigger.threshold = 10000 (custom)
2019-10-02 20:07:56,517 [pool-549-thread-1] INFO  server.RaftServerConfigKeys (ConfUtils.java:logGet(43)) - raft.server.log.force.sync.num = 128 (default)
2019-10-02 20:07:56,516 [pool-559-thread-1] INFO  server.RaftServerConfigKeys (ConfUtils.java:logGet(43)) - raft.server.log.preallocated.size = 16384 (custom)
2019-10-02 20:07:56,517 [pool-549-thread-1] INFO  server.RaftServerConfigKeys (ConfUtils.java:logGet(43)) - raft.server.log.statemachine.data.sync = true (default)
2019-10-02 20:07:56,517 [pool-529-thread-1] INFO  server.RaftServerConfigKeys (ConfUtils.java:logGet(43)) - raft.server.snapshot.retention.num.files = 5 (custom)
2019-10-02 20:07:56,517 [pool-549-thread-1] INFO  server.RaftServerConfigKeys (ConfUtils.java:logGet(43)) - raft.server.log.statemachine.data.sync.timeout = 10s (default)
2019-10-02 20:07:56,517 [pool-549-thread-1] INFO  server.RaftServerConfigKeys (ConfUtils.java:logGet(43)) - raft.server.log.statemachine.data.sync.timeout.retry = -1 (default)
2019-10-02 20:07:56,517 [pool-559-thread-1] INFO  server.RaftServerConfigKeys (ConfUtils.java:logGet(43)) - raft.server.log.write.buffer.size = 33554432 (custom)
2019-10-02 20:07:56,518 [pool-549-thread-1] INFO  server.RaftServerConfigKeys (ConfUtils.java:logGet(43)) - raft.server.log.statemachine.data.caching.enabled = true (custom)
2019-10-02 20:07:56,517 [pool-529-thread-1] INFO  server.RaftServerConfigKeys (ConfUtils.java:logGet(43)) - raft.server.retrycache.expirytime = 600000ms (custom)
2019-10-02 20:07:56,518 [pool-559-thread-1] INFO  server.RaftServerConfigKeys (ConfUtils.java:logGet(43)) - raft.server.log.force.sync.num = 128 (default)
2019-10-02 20:07:56,518 [pool-549-thread-1] INFO  segmented.SegmentedRaftLogWorker (SegmentedRaftLogWorker.java:lambda$new$0(132)) - e55924e4-1c8f-46ab-a97e-f8ae322d89d0@group-A760D7F79D36-SegmentedRaftLogWorker: flushIndex: setUnconditionally 0 -> -1
2019-10-02 20:07:56,518 [pool-559-thread-1] INFO  server.RaftServerConfigKeys (ConfUtils.java:logGet(43)) - raft.server.log.statemachine.data.sync = true (default)
2019-10-02 20:07:56,518 [pool-559-thread-1] INFO  server.RaftServerConfigKeys (ConfUtils.java:logGet(43)) - raft.server.log.statemachine.data.sync.timeout = 10s (default)
2019-10-02 20:07:56,518 [pool-549-thread-1] INFO  server.RaftServerConfigKeys (ConfUtils.java:logGet(43)) - raft.server.snapshot.auto.trigger.enabled = true (custom)
2019-10-02 20:07:56,518 [pool-559-thread-1] INFO  server.RaftServerConfigKeys (ConfUtils.java:logGet(43)) - raft.server.log.statemachine.data.sync.timeout.retry = -1 (default)
2019-10-02 20:07:56,519 [pool-549-thread-1] INFO  server.RaftServerConfigKeys (ConfUtils.java:logGet(43)) - raft.server.snapshot.auto.trigger.threshold = 10000 (custom)
2019-10-02 20:07:56,519 [pool-559-thread-1] INFO  server.RaftServerConfigKeys (ConfUtils.java:logGet(43)) - raft.server.log.statemachine.data.caching.enabled = true (custom)
2019-10-02 20:07:56,519 [pool-549-thread-1] INFO  server.RaftServerConfigKeys (ConfUtils.java:logGet(43)) - raft.server.snapshot.retention.num.files = 5 (custom)
2019-10-02 20:07:56,519 [pool-559-thread-1] INFO  segmented.SegmentedRaftLogWorker (SegmentedRaftLogWorker.java:lambda$new$0(132)) - 4a61082c-fbee-413e-ae0e-30e21a012342@group-A760D7F79D36-SegmentedRaftLogWorker: flushIndex: setUnconditionally 0 -> -1
2019-10-02 20:07:56,519 [pool-549-thread-1] INFO  server.RaftServerConfigKeys (ConfUtils.java:logGet(43)) - raft.server.retrycache.expirytime = 600000ms (custom)
2019-10-02 20:07:56,519 [pool-559-thread-1] INFO  server.RaftServerConfigKeys (ConfUtils.java:logGet(43)) - raft.server.snapshot.auto.trigger.enabled = true (custom)
2019-10-02 20:07:56,519 [pool-559-thread-1] INFO  server.RaftServerConfigKeys (ConfUtils.java:logGet(43)) - raft.server.snapshot.auto.trigger.threshold = 10000 (custom)
2019-10-02 20:07:56,520 [pool-559-thread-1] INFO  server.RaftServerConfigKeys (ConfUtils.java:logGet(43)) - raft.server.snapshot.retention.num.files = 5 (custom)
2019-10-02 20:07:56,520 [pool-529-thread-1] INFO  impl.RaftServerImpl (RaftServerImpl.java:start(185)) - a9af49d4-12ef-4466-9519-242a6cd6b64b@group-A760D7F79D36: start as a follower, conf=-1: [4a61082c-fbee-413e-ae0e-30e21a012342:192.168.151.67:43549, e55924e4-1c8f-46ab-a97e-f8ae322d89d0:192.168.151.67:40214, a9af49d4-12ef-4466-9519-242a6cd6b64b:192.168.151.67:43032], old=null
2019-10-02 20:07:56,520 [pool-559-thread-1] INFO  server.RaftServerConfigKeys (ConfUtils.java:logGet(43)) - raft.server.retrycache.expirytime = 600000ms (custom)
2019-10-02 20:07:56,520 [pool-529-thread-1] INFO  impl.RaftServerImpl (RaftServerImpl.java:setRole(174)) - a9af49d4-12ef-4466-9519-242a6cd6b64b@group-A760D7F79D36: changes role from      null to FOLLOWER at term 0 for startAsFollower
2019-10-02 20:07:56,520 [pool-529-thread-1] INFO  impl.RoleInfo (RoleInfo.java:updateAndGet(143)) - a9af49d4-12ef-4466-9519-242a6cd6b64b: start FollowerState
2019-10-02 20:07:56,521 [pool-529-thread-1] INFO  util.JmxRegister (JmxRegister.java:tryRegister(44)) - Successfully registered JMX Bean with object name Ratis:service=RaftServer,group=group-A760D7F79D36,id=a9af49d4-12ef-4466-9519-242a6cd6b64b
2019-10-02 20:07:56,521 [pool-549-thread-1] INFO  impl.RaftServerImpl (RaftServerImpl.java:start(185)) - e55924e4-1c8f-46ab-a97e-f8ae322d89d0@group-A760D7F79D36: start as a follower, conf=-1: [4a61082c-fbee-413e-ae0e-30e21a012342:192.168.151.67:43549, e55924e4-1c8f-46ab-a97e-f8ae322d89d0:192.168.151.67:40214, a9af49d4-12ef-4466-9519-242a6cd6b64b:192.168.151.67:43032], old=null
2019-10-02 20:07:56,521 [pool-549-thread-1] INFO  impl.RaftServerImpl (RaftServerImpl.java:setRole(174)) - e55924e4-1c8f-46ab-a97e-f8ae322d89d0@group-A760D7F79D36: changes role from      null to FOLLOWER at term 0 for startAsFollower
2019-10-02 20:07:56,521 [pool-549-thread-1] INFO  impl.RoleInfo (RoleInfo.java:updateAndGet(143)) - e55924e4-1c8f-46ab-a97e-f8ae322d89d0: start FollowerState
2019-10-02 20:07:56,522 [pool-559-thread-1] INFO  impl.RaftServerImpl (RaftServerImpl.java:start(185)) - 4a61082c-fbee-413e-ae0e-30e21a012342@group-A760D7F79D36: start as a follower, conf=-1: [4a61082c-fbee-413e-ae0e-30e21a012342:192.168.151.67:43549, e55924e4-1c8f-46ab-a97e-f8ae322d89d0:192.168.151.67:40214, a9af49d4-12ef-4466-9519-242a6cd6b64b:192.168.151.67:43032], old=null
2019-10-02 20:07:56,522 [pool-559-thread-1] INFO  impl.RaftServerImpl (RaftServerImpl.java:setRole(174)) - 4a61082c-fbee-413e-ae0e-30e21a012342@group-A760D7F79D36: changes role from      null to FOLLOWER at term 0 for startAsFollower
2019-10-02 20:07:56,522 [pool-549-thread-1] INFO  util.JmxRegister (JmxRegister.java:tryRegister(44)) - Successfully registered JMX Bean with object name Ratis:service=RaftServer,group=group-A760D7F79D36,id=e55924e4-1c8f-46ab-a97e-f8ae322d89d0
2019-10-02 20:07:56,522 [pool-559-thread-1] INFO  impl.RoleInfo (RoleInfo.java:updateAndGet(143)) - 4a61082c-fbee-413e-ae0e-30e21a012342: start FollowerState
2019-10-02 20:07:56,522 [pool-559-thread-1] INFO  util.JmxRegister (JmxRegister.java:tryRegister(44)) - Successfully registered JMX Bean with object name Ratis:service=RaftServer,group=group-A760D7F79D36,id=4a61082c-fbee-413e-ae0e-30e21a012342
2019-10-02 20:07:56,524 [RatisPipelineUtilsThread] INFO  pipeline.PipelineStateManager (PipelineStateManager.java:addPipeline(56)) - Created pipeline Pipeline[ Id: fd1b0dcb-0abf-45b8-9725-a760d7f79d36, Nodes: 4a61082c-fbee-413e-ae0e-30e21a012342{ip: 192.168.151.67, host: pr-hdds-2198-qvzm8-602720389, networkLocation: /default-rack, certSerialId: null}e55924e4-1c8f-46ab-a97e-f8ae322d89d0{ip: 192.168.151.67, host: pr-hdds-2198-qvzm8-602720389, networkLocation: /default-rack, certSerialId: null}a9af49d4-12ef-4466-9519-242a6cd6b64b{ip: 192.168.151.67, host: pr-hdds-2198-qvzm8-602720389, networkLocation: /default-rack, certSerialId: null}, Type:RATIS, Factor:THREE, State:OPEN]
2019-10-02 20:07:59,008 [Thread-3596] INFO  container.ReplicationManager (ReplicationManager.java:start(162)) - Starting Replication Monitor Thread.
2019-10-02 20:07:59,014 [ReplicationMonitor] INFO  container.ReplicationManager (ReplicationManager.java:run(225)) - Replication Monitor Thread took 0 milliseconds for processing 1 containers.
2019-10-02 20:08:01,175 [Thread-3601] INFO  impl.FollowerState (FollowerState.java:run(106)) - 55b062ed-7beb-4a9a-ad42-b82892abf588:group-1C1B34538A69 changes to CANDIDATE, lastRpcTime:5076, electionTimeout:5076ms
2019-10-02 20:08:01,176 [Thread-3601] INFO  impl.RoleInfo (RoleInfo.java:shutdownFollowerState(121)) - 55b062ed-7beb-4a9a-ad42-b82892abf588: shutdown FollowerState
2019-10-02 20:08:01,176 [Thread-3601] INFO  impl.RaftServerImpl (RaftServerImpl.java:setRole(174)) - 55b062ed-7beb-4a9a-ad42-b82892abf588@group-1C1B34538A69: changes role from  FOLLOWER to CANDIDATE at term 0 for changeToCandidate
2019-10-02 20:08:01,176 [Thread-3601] INFO  impl.RoleInfo (RoleInfo.java:updateAndGet(143)) - 55b062ed-7beb-4a9a-ad42-b82892abf588: start LeaderElection
2019-10-02 20:08:01,207 [55b062ed-7beb-4a9a-ad42-b82892abf588@group-1C1B34538A69:LeaderElection79] INFO  impl.LeaderElection (LeaderElection.java:askForVotes(182)) - 55b062ed-7beb-4a9a-ad42-b82892abf588@group-1C1B34538A69:LeaderElection79: begin an election at term 1 for -1: [55b062ed-7beb-4a9a-ad42-b82892abf588:192.168.151.67:43789], old=null
2019-10-02 20:08:01,208 [55b062ed-7beb-4a9a-ad42-b82892abf588@group-1C1B34538A69:LeaderElection79] INFO  impl.RoleInfo (RoleInfo.java:shutdownLeaderElection(134)) - 55b062ed-7beb-4a9a-ad42-b82892abf588: shutdown LeaderElection
2019-10-02 20:08:01,208 [55b062ed-7beb-4a9a-ad42-b82892abf588@group-1C1B34538A69:LeaderElection79] INFO  impl.RaftServerImpl (RaftServerImpl.java:setRole(174)) - 55b062ed-7beb-4a9a-ad42-b82892abf588@group-1C1B34538A69: changes role from CANDIDATE to LEADER at term 1 for changeToLeader
2019-10-02 20:08:01,208 [55b062ed-7beb-4a9a-ad42-b82892abf588@group-1C1B34538A69:LeaderElection79] INFO  impl.RaftServerImpl (ServerState.java:setLeader(253)) - 55b062ed-7beb-4a9a-ad42-b82892abf588@group-1C1B34538A69: change Leader from null to 55b062ed-7beb-4a9a-ad42-b82892abf588 at term 1 for becomeLeader, leader elected after 5114ms
2019-10-02 20:08:01,208 [55b062ed-7beb-4a9a-ad42-b82892abf588@group-1C1B34538A69:LeaderElection79] INFO  server.RaftServerConfigKeys (ConfUtils.java:logGet(43)) - raft.server.staging.catchup.gap = 1000 (default)
2019-10-02 20:08:01,208 [55b062ed-7beb-4a9a-ad42-b82892abf588@group-1C1B34538A69:LeaderElection79] INFO  server.RaftServerConfigKeys (ConfUtils.java:logGet(43)) - raft.server.rpc.sleep.time = 25ms (default)
2019-10-02 20:08:01,209 [55b062ed-7beb-4a9a-ad42-b82892abf588@group-1C1B34538A69:LeaderElection79] INFO  server.RaftServerConfigKeys (ConfUtils.java:logGet(43)) - raft.server.write.element-limit = 4096 (default)
2019-10-02 20:08:01,209 [55b062ed-7beb-4a9a-ad42-b82892abf588@group-1C1B34538A69:LeaderElection79] INFO  server.RaftServerConfigKeys (ConfUtils.java:logGet(43)) - raft.server.watch.timeout = 10s (default)
2019-10-02 20:08:01,209 [55b062ed-7beb-4a9a-ad42-b82892abf588@group-1C1B34538A69:LeaderElection79] INFO  server.RaftServerConfigKeys (ConfUtils.java:logGet(43)) - raft.server.watch.timeout.denomination = 1s (default)
2019-10-02 20:08:01,209 [55b062ed-7beb-4a9a-ad42-b82892abf588@group-1C1B34538A69:LeaderElection79] INFO  server.RaftServerConfigKeys (ConfUtils.java:logGet(43)) - raft.server.watch.element-limit = 65536 (default)
2019-10-02 20:08:01,212 [55b062ed-7beb-4a9a-ad42-b82892abf588@group-1C1B34538A69:LeaderElection79] INFO  impl.RoleInfo (RoleInfo.java:updateAndGet(143)) - 55b062ed-7beb-4a9a-ad42-b82892abf588: start LeaderState
2019-10-02 20:08:01,213 [55b062ed-7beb-4a9a-ad42-b82892abf588@group-1C1B34538A69:LeaderElection79] INFO  segmented.SegmentedRaftLogWorker (SegmentedRaftLogWorker.java:startLogSegment(380)) - 55b062ed-7beb-4a9a-ad42-b82892abf588@group-1C1B34538A69-SegmentedRaftLogWorker: Starting segment from index:0
2019-10-02 20:08:01,216 [Thread-3598] INFO  impl.FollowerState (FollowerState.java:run(106)) - 80e39893-1025-4cfc-a7ed-edf02fc85b0e:group-8323887B65F0 changes to CANDIDATE, lastRpcTime:5166, electionTimeout:5166ms
2019-10-02 20:08:01,216 [Thread-3598] INFO  impl.RoleInfo (RoleInfo.java:shutdownFollowerState(121)) - 80e39893-1025-4cfc-a7ed-edf02fc85b0e: shutdown FollowerState
2019-10-02 20:08:01,216 [Thread-3598] INFO  impl.RaftServerImpl (RaftServerImpl.java:setRole(174)) - 80e39893-1025-4cfc-a7ed-edf02fc85b0e@group-8323887B65F0: changes role from  FOLLOWER to CANDIDATE at term 0 for changeToCandidate
2019-10-02 20:08:01,216 [Thread-3598] INFO  impl.RoleInfo (RoleInfo.java:updateAndGet(143)) - 80e39893-1025-4cfc-a7ed-edf02fc85b0e: start LeaderElection
2019-10-02 20:08:01,244 [55b062ed-7beb-4a9a-ad42-b82892abf588@group-1C1B34538A69:LeaderElection79] INFO  impl.RaftServerImpl (ServerState.java:setRaftConf(354)) - 55b062ed-7beb-4a9a-ad42-b82892abf588@group-1C1B34538A69: set configuration 0: [55b062ed-7beb-4a9a-ad42-b82892abf588:192.168.151.67:43789], old=null at 0
2019-10-02 20:08:01,250 [Thread-3608] INFO  impl.FollowerState (FollowerState.java:run(106)) - 80e39893-1025-4cfc-a7ed-edf02fc85b0e:group-8A686A512450 changes to CANDIDATE, lastRpcTime:5036, electionTimeout:5036ms
2019-10-02 20:08:01,250 [Thread-3608] INFO  impl.RoleInfo (RoleInfo.java:shutdownFollowerState(121)) - 80e39893-1025-4cfc-a7ed-edf02fc85b0e: shutdown FollowerState
2019-10-02 20:08:01,250 [Thread-3608] INFO  impl.RaftServerImpl (RaftServerImpl.java:setRole(174)) - 80e39893-1025-4cfc-a7ed-edf02fc85b0e@group-8A686A512450: changes role from  FOLLOWER to CANDIDATE at term 0 for changeToCandidate
2019-10-02 20:08:01,251 [Thread-3608] INFO  impl.RoleInfo (RoleInfo.java:updateAndGet(143)) - 80e39893-1025-4cfc-a7ed-edf02fc85b0e: start LeaderElection
2019-10-02 20:08:01,257 [55b062ed-7beb-4a9a-ad42-b82892abf588@group-1C1B34538A69-SegmentedRaftLogWorker] INFO  segmented.SegmentedRaftLogWorker (SegmentedRaftLogWorker.java:execute(569)) - 55b062ed-7beb-4a9a-ad42-b82892abf588@group-1C1B34538A69-SegmentedRaftLogWorker: created new log segment /workdir/hadoop-ozone/integration-test/target/test-dir/MiniOzoneClusterImpl-aca11393-2759-4d1b-a5f8-dca1b679aeb5/datanode-1/data/ratis/751be113-9885-4a54-abfc-1c1b34538a69/current/log_inprogress_0
2019-10-02 20:08:01,257 [80e39893-1025-4cfc-a7ed-edf02fc85b0e@group-8A686A512450:LeaderElection81] INFO  impl.LeaderElection (LeaderElection.java:askForVotes(182)) - 80e39893-1025-4cfc-a7ed-edf02fc85b0e@group-8A686A512450:LeaderElection81: begin an election at term 1 for -1: [80e39893-1025-4cfc-a7ed-edf02fc85b0e:192.168.151.67:39767, 4e1d41a4-7b1e-4a6c-bd2b-74c38c2571ab:192.168.151.67:40301, 55b062ed-7beb-4a9a-ad42-b82892abf588:192.168.151.67:43789], old=null
2019-10-02 20:08:01,257 [80e39893-1025-4cfc-a7ed-edf02fc85b0e@group-8323887B65F0:LeaderElection80] INFO  impl.LeaderElection (LeaderElection.java:askForVotes(182)) - 80e39893-1025-4cfc-a7ed-edf02fc85b0e@group-8323887B65F0:LeaderElection80: begin an election at term 1 for -1: [80e39893-1025-4cfc-a7ed-edf02fc85b0e:192.168.151.67:39767], old=null
2019-10-02 20:08:01,258 [80e39893-1025-4cfc-a7ed-edf02fc85b0e@group-8323887B65F0:LeaderElection80] INFO  impl.RoleInfo (RoleInfo.java:shutdownLeaderElection(134)) - 80e39893-1025-4cfc-a7ed-edf02fc85b0e: shutdown LeaderElection
2019-10-02 20:08:01,258 [80e39893-1025-4cfc-a7ed-edf02fc85b0e@group-8323887B65F0:LeaderElection80] INFO  impl.RaftServerImpl (RaftServerImpl.java:setRole(174)) - 80e39893-1025-4cfc-a7ed-edf02fc85b0e@group-8323887B65F0: changes role from CANDIDATE to LEADER at term 1 for changeToLeader
2019-10-02 20:08:01,259 [80e39893-1025-4cfc-a7ed-edf02fc85b0e@group-8323887B65F0:LeaderElection80] INFO  impl.RaftServerImpl (ServerState.java:setLeader(253)) - 80e39893-1025-4cfc-a7ed-edf02fc85b0e@group-8323887B65F0: change Leader from null to 80e39893-1025-4cfc-a7ed-edf02fc85b0e at term 1 for becomeLeader, leader elected after 5214ms
2019-10-02 20:08:01,259 [80e39893-1025-4cfc-a7ed-edf02fc85b0e@group-8323887B65F0:LeaderElection80] INFO  server.RaftServerConfigKeys (ConfUtils.java:logGet(43)) - raft.server.staging.catchup.gap = 1000 (default)
2019-10-02 20:08:01,259 [80e39893-1025-4cfc-a7ed-edf02fc85b0e@group-8323887B65F0:LeaderElection80] INFO  server.RaftServerConfigKeys (ConfUtils.java:logGet(43)) - raft.server.rpc.sleep.time = 25ms (default)
2019-10-02 20:08:01,260 [80e39893-1025-4cfc-a7ed-edf02fc85b0e@group-8323887B65F0:LeaderElection80] INFO  server.RaftServerConfigKeys (ConfUtils.java:logGet(43)) - raft.server.write.element-limit = 4096 (default)
2019-10-02 20:08:01,260 [80e39893-1025-4cfc-a7ed-edf02fc85b0e@group-8323887B65F0:LeaderElection80] INFO  server.RaftServerConfigKeys (ConfUtils.java:logGet(43)) - raft.server.watch.timeout = 10s (default)
2019-10-02 20:08:01,260 [80e39893-1025-4cfc-a7ed-edf02fc85b0e@group-8323887B65F0:LeaderElection80] INFO  server.RaftServerConfigKeys (ConfUtils.java:logGet(43)) - raft.server.watch.timeout.denomination = 1s (default)
2019-10-02 20:08:01,261 [80e39893-1025-4cfc-a7ed-edf02fc85b0e@group-8323887B65F0:LeaderElection80] INFO  server.RaftServerConfigKeys (ConfUtils.java:logGet(43)) - raft.server.watch.element-limit = 65536 (default)
2019-10-02 20:08:01,262 [80e39893-1025-4cfc-a7ed-edf02fc85b0e@group-8323887B65F0:LeaderElection80] INFO  impl.RoleInfo (RoleInfo.java:updateAndGet(143)) - 80e39893-1025-4cfc-a7ed-edf02fc85b0e: start LeaderState
2019-10-02 20:08:01,263 [grpc-default-executor-7] INFO  impl.RaftServerImpl (RaftServerImpl.java:setRole(174)) - 55b062ed-7beb-4a9a-ad42-b82892abf588@group-8A686A512450: changes role from  FOLLOWER to FOLLOWER at term 1 for recognizeCandidate:80e39893-1025-4cfc-a7ed-edf02fc85b0e
2019-10-02 20:08:01,263 [80e39893-1025-4cfc-a7ed-edf02fc85b0e@group-8323887B65F0:LeaderElection80] INFO  segmented.SegmentedRaftLogWorker (SegmentedRaftLogWorker.java:startLogSegment(380)) - 80e39893-1025-4cfc-a7ed-edf02fc85b0e@group-8323887B65F0-SegmentedRaftLogWorker: Starting segment from index:0
2019-10-02 20:08:01,263 [grpc-default-executor-7] INFO  impl.RoleInfo (RoleInfo.java:shutdownFollowerState(121)) - 55b062ed-7beb-4a9a-ad42-b82892abf588: shutdown FollowerState
2019-10-02 20:08:01,264 [80e39893-1025-4cfc-a7ed-edf02fc85b0e@group-8323887B65F0:LeaderElection80] INFO  impl.RaftServerImpl (ServerState.java:setRaftConf(354)) - 80e39893-1025-4cfc-a7ed-edf02fc85b0e@group-8323887B65F0: set configuration 0: [80e39893-1025-4cfc-a7ed-edf02fc85b0e:192.168.151.67:39767], old=null at 0
2019-10-02 20:08:01,264 [grpc-default-executor-7] INFO  impl.RoleInfo (RoleInfo.java:updateAndGet(143)) - 55b062ed-7beb-4a9a-ad42-b82892abf588: start FollowerState
2019-10-02 20:08:01,264 [grpc-default-executor-5] INFO  impl.RaftServerImpl (RaftServerImpl.java:setRole(174)) - 4e1d41a4-7b1e-4a6c-bd2b-74c38c2571ab@group-8A686A512450: changes role from  FOLLOWER to FOLLOWER at term 1 for recognizeCandidate:80e39893-1025-4cfc-a7ed-edf02fc85b0e
2019-10-02 20:08:01,264 [Thread-3611] INFO  impl.FollowerState (FollowerState.java:run(115)) - 55b062ed-7beb-4a9a-ad42-b82892abf588: FollowerState was interrupted: java.lang.InterruptedException: sleep interrupted
2019-10-02 20:08:01,264 [grpc-default-executor-5] INFO  impl.RoleInfo (RoleInfo.java:shutdownFollowerState(121)) - 4e1d41a4-7b1e-4a6c-bd2b-74c38c2571ab: shutdown FollowerState
2019-10-02 20:08:01,265 [grpc-default-executor-5] INFO  impl.RoleInfo (RoleInfo.java:updateAndGet(143)) - 4e1d41a4-7b1e-4a6c-bd2b-74c38c2571ab: start FollowerState
2019-10-02 20:08:01,266 [Thread-3613] INFO  impl.FollowerState (FollowerState.java:run(115)) - 4e1d41a4-7b1e-4a6c-bd2b-74c38c2571ab: FollowerState was interrupted: java.lang.InterruptedException: sleep interrupted
2019-10-02 20:08:01,271 [80e39893-1025-4cfc-a7ed-edf02fc85b0e@group-8A686A512450:LeaderElection81] INFO  impl.LeaderElection (LeaderElection.java:logAndReturn(56)) - 80e39893-1025-4cfc-a7ed-edf02fc85b0e@group-8A686A512450:LeaderElection81: Election PASSED; received 1 response(s) [80e39893-1025-4cfc-a7ed-edf02fc85b0e<-55b062ed-7beb-4a9a-ad42-b82892abf588#0:OK-t1] and 0 exception(s); 80e39893-1025-4cfc-a7ed-edf02fc85b0e@group-8A686A512450:t1, leader=null, voted=80e39893-1025-4cfc-a7ed-edf02fc85b0e, raftlog=80e39893-1025-4cfc-a7ed-edf02fc85b0e@group-8A686A512450-SegmentedRaftLog:OPENED:c-1,f-1,i0, conf=-1: [80e39893-1025-4cfc-a7ed-edf02fc85b0e:192.168.151.67:39767, 4e1d41a4-7b1e-4a6c-bd2b-74c38c2571ab:192.168.151.67:40301, 55b062ed-7beb-4a9a-ad42-b82892abf588:192.168.151.67:43789], old=null
2019-10-02 20:08:01,272 [80e39893-1025-4cfc-a7ed-edf02fc85b0e@group-8A686A512450:LeaderElection81] INFO  impl.RoleInfo (RoleInfo.java:shutdownLeaderElection(134)) - 80e39893-1025-4cfc-a7ed-edf02fc85b0e: shutdown LeaderElection
2019-10-02 20:08:01,272 [80e39893-1025-4cfc-a7ed-edf02fc85b0e@group-8A686A512450:LeaderElection81] INFO  impl.RaftServerImpl (RaftServerImpl.java:setRole(174)) - 80e39893-1025-4cfc-a7ed-edf02fc85b0e@group-8A686A512450: changes role from CANDIDATE to LEADER at term 1 for changeToLeader
2019-10-02 20:08:01,272 [80e39893-1025-4cfc-a7ed-edf02fc85b0e@group-8A686A512450:LeaderElection81] INFO  impl.RaftServerImpl (ServerState.java:setLeader(253)) - 80e39893-1025-4cfc-a7ed-edf02fc85b0e@group-8A686A512450: change Leader from null to 80e39893-1025-4cfc-a7ed-edf02fc85b0e at term 1 for becomeLeader, leader elected after 5067ms
2019-10-02 20:08:01,272 [80e39893-1025-4cfc-a7ed-edf02fc85b0e@group-8A686A512450:LeaderElection81] INFO  server.RaftServerConfigKeys (ConfUtils.java:logGet(43)) - raft.server.staging.catchup.gap = 1000 (default)
2019-10-02 20:08:01,272 [80e39893-1025-4cfc-a7ed-edf02fc85b0e@group-8A686A512450:LeaderElection81] INFO  server.RaftServerConfigKeys (ConfUtils.java:logGet(43)) - raft.server.rpc.sleep.time = 25ms (default)
2019-10-02 20:08:01,272 [80e39893-1025-4cfc-a7ed-edf02fc85b0e@group-8A686A512450:LeaderElection81] INFO  server.RaftServerConfigKeys (ConfUtils.java:logGet(43)) - raft.server.write.element-limit = 4096 (default)
2019-10-02 20:08:01,272 [80e39893-1025-4cfc-a7ed-edf02fc85b0e@group-8A686A512450:LeaderElection81] INFO  server.RaftServerConfigKeys (ConfUtils.java:logGet(43)) - raft.server.watch.timeout = 10s (default)
2019-10-02 20:08:01,272 [80e39893-1025-4cfc-a7ed-edf02fc85b0e@group-8A686A512450:LeaderElection81] INFO  server.RaftServerConfigKeys (ConfUtils.java:logGet(43)) - raft.server.watch.timeout.denomination = 1s (default)
2019-10-02 20:08:01,272 [80e39893-1025-4cfc-a7ed-edf02fc85b0e@group-8A686A512450:LeaderElection81] INFO  server.RaftServerConfigKeys (ConfUtils.java:logGet(43)) - raft.server.watch.element-limit = 65536 (default)
2019-10-02 20:08:01,274 [80e39893-1025-4cfc-a7ed-edf02fc85b0e@group-8A686A512450:LeaderElection81] INFO  server.RaftServerConfigKeys (ConfUtils.java:logGet(43)) - raft.server.log.appender.snapshot.chunk.size.max = 16MB (=16777216) (default)
2019-10-02 20:08:01,274 [80e39893-1025-4cfc-a7ed-edf02fc85b0e@group-8A686A512450:LeaderElection81] INFO  server.RaftServerConfigKeys (ConfUtils.java:logGet(43)) - raft.server.log.appender.buffer.byte-limit = 33554432 (custom)
2019-10-02 20:08:01,274 [80e39893-1025-4cfc-a7ed-edf02fc85b0e@group-8A686A512450:LeaderElection81] INFO  server.RaftServerConfigKeys (ConfUtils.java:logGet(43)) - raft.server.log.appender.buffer.element-limit = 1 (custom)
2019-10-02 20:08:01,274 [80e39893-1025-4cfc-a7ed-edf02fc85b0e@group-8A686A512450:LeaderElection81] INFO  grpc.GrpcConfigKeys$Server (ConfUtils.java:logGet(43)) - raft.grpc.server.leader.outstanding.appends.max = 128 (default)
2019-10-02 20:08:01,274 [80e39893-1025-4cfc-a7ed-edf02fc85b0e@group-8A686A512450:LeaderElection81] INFO  server.RaftServerConfigKeys (ConfUtils.java:logGet(43)) - raft.server.rpc.request.timeout = 3000ms (default)
2019-10-02 20:08:01,274 [80e39893-1025-4cfc-a7ed-edf02fc85b0e@group-8A686A512450:LeaderElection81] INFO  server.RaftServerConfigKeys (ConfUtils.java:logGet(43)) - raft.server.log.appender.install.snapshot.enabled = false (custom)
2019-10-02 20:08:01,275 [80e39893-1025-4cfc-a7ed-edf02fc85b0e@group-8A686A512450:LeaderElection81] INFO  server.RaftServerConfigKeys (ConfUtils.java:logGet(43)) - raft.server.log.appender.snapshot.chunk.size.max = 16MB (=16777216) (default)
2019-10-02 20:08:01,275 [80e39893-1025-4cfc-a7ed-edf02fc85b0e@group-8A686A512450:LeaderElection81] INFO  server.RaftServerConfigKeys (ConfUtils.java:logGet(43)) - raft.server.log.appender.buffer.byte-limit = 33554432 (custom)
2019-10-02 20:08:01,275 [80e39893-1025-4cfc-a7ed-edf02fc85b0e@group-8A686A512450:LeaderElection81] INFO  server.RaftServerConfigKeys (ConfUtils.java:logGet(43)) - raft.server.log.appender.buffer.element-limit = 1 (custom)
2019-10-02 20:08:01,275 [80e39893-1025-4cfc-a7ed-edf02fc85b0e@group-8A686A512450:LeaderElection81] INFO  grpc.GrpcConfigKeys$Server (ConfUtils.java:logGet(43)) - raft.grpc.server.leader.outstanding.appends.max = 128 (default)
2019-10-02 20:08:01,275 [80e39893-1025-4cfc-a7ed-edf02fc85b0e@group-8A686A512450:LeaderElection81] INFO  server.RaftServerConfigKeys (ConfUtils.java:logGet(43)) - raft.server.rpc.request.timeout = 3000ms (default)
2019-10-02 20:08:01,275 [80e39893-1025-4cfc-a7ed-edf02fc85b0e@group-8A686A512450:LeaderElection81] INFO  server.RaftServerConfigKeys (ConfUtils.java:logGet(43)) - raft.server.log.appender.install.snapshot.enabled = false (custom)
2019-10-02 20:08:01,275 [80e39893-1025-4cfc-a7ed-edf02fc85b0e@group-8A686A512450:LeaderElection81] INFO  impl.RoleInfo (RoleInfo.java:updateAndGet(143)) - 80e39893-1025-4cfc-a7ed-edf02fc85b0e: start LeaderState
2019-10-02 20:08:01,275 [80e39893-1025-4cfc-a7ed-edf02fc85b0e@group-8A686A512450:LeaderElection81] INFO  segmented.SegmentedRaftLogWorker (SegmentedRaftLogWorker.java:startLogSegment(380)) - 80e39893-1025-4cfc-a7ed-edf02fc85b0e@group-8A686A512450-SegmentedRaftLogWorker: Starting segment from index:0
2019-10-02 20:08:01,276 [80e39893-1025-4cfc-a7ed-edf02fc85b0e@group-8A686A512450:LeaderElection81] INFO  impl.RaftServerImpl (ServerState.java:setRaftConf(354)) - 80e39893-1025-4cfc-a7ed-edf02fc85b0e@group-8A686A512450: set configuration 0: [80e39893-1025-4cfc-a7ed-edf02fc85b0e:192.168.151.67:39767, 4e1d41a4-7b1e-4a6c-bd2b-74c38c2571ab:192.168.151.67:40301, 55b062ed-7beb-4a9a-ad42-b82892abf588:192.168.151.67:43789], old=null at 0
2019-10-02 20:08:01,314 [grpc-default-executor-5] INFO  impl.RaftServerImpl (ServerState.java:setLeader(253)) - 55b062ed-7beb-4a9a-ad42-b82892abf588@group-8A686A512450: change Leader from null to 80e39893-1025-4cfc-a7ed-edf02fc85b0e at term 1 for appendEntries, leader elected after 5109ms
2019-10-02 20:08:01,317 [Thread-3604] INFO  impl.FollowerState (FollowerState.java:run(106)) - 4e1d41a4-7b1e-4a6c-bd2b-74c38c2571ab:group-3CA3CFC1BEA1 changes to CANDIDATE, lastRpcTime:5155, electionTimeout:5151ms
2019-10-02 20:08:01,319 [grpc-default-executor-7] INFO  impl.RaftServerImpl (ServerState.java:setLeader(253)) - 4e1d41a4-7b1e-4a6c-bd2b-74c38c2571ab@group-8A686A512450: change Leader from null to 80e39893-1025-4cfc-a7ed-edf02fc85b0e at term 1 for appendEntries, leader elected after 5113ms
2019-10-02 20:08:01,319 [Thread-3604] INFO  impl.RoleInfo (RoleInfo.java:shutdownFollowerState(121)) - 4e1d41a4-7b1e-4a6c-bd2b-74c38c2571ab: shutdown FollowerState
2019-10-02 20:08:01,320 [Thread-3604] INFO  impl.RaftServerImpl (RaftServerImpl.java:setRole(174)) - 4e1d41a4-7b1e-4a6c-bd2b-74c38c2571ab@group-3CA3CFC1BEA1: changes role from  FOLLOWER to CANDIDATE at term 0 for changeToCandidate
2019-10-02 20:08:01,320 [Thread-3604] INFO  impl.RoleInfo (RoleInfo.java:updateAndGet(143)) - 4e1d41a4-7b1e-4a6c-bd2b-74c38c2571ab: start LeaderElection
2019-10-02 20:08:01,325 [80e39893-1025-4cfc-a7ed-edf02fc85b0e@group-8323887B65F0-SegmentedRaftLogWorker] INFO  segmented.SegmentedRaftLogWorker (SegmentedRaftLogWorker.java:execute(569)) - 80e39893-1025-4cfc-a7ed-edf02fc85b0e@group-8323887B65F0-SegmentedRaftLogWorker: created new log segment /workdir/hadoop-ozone/integration-test/target/test-dir/MiniOzoneClusterImpl-aca11393-2759-4d1b-a5f8-dca1b679aeb5/datanode-0/data/ratis/da906fbd-e7f9-498b-bfe9-8323887b65f0/current/log_inprogress_0
2019-10-02 20:08:01,325 [80e39893-1025-4cfc-a7ed-edf02fc85b0e@group-8A686A512450-SegmentedRaftLogWorker] INFO  segmented.SegmentedRaftLogWorker (SegmentedRaftLogWorker.java:execute(569)) - 80e39893-1025-4cfc-a7ed-edf02fc85b0e@group-8A686A512450-SegmentedRaftLogWorker: created new log segment /workdir/hadoop-ozone/integration-test/target/test-dir/MiniOzoneClusterImpl-aca11393-2759-4d1b-a5f8-dca1b679aeb5/datanode-0/data/ratis/bdeceee4-6cdf-48db-80d5-8a686a512450/current/log_inprogress_0
2019-10-02 20:08:01,325 [grpc-default-executor-5] INFO  impl.RaftServerImpl (ServerState.java:setRaftConf(354)) - 55b062ed-7beb-4a9a-ad42-b82892abf588@group-8A686A512450: set configuration 0: [80e39893-1025-4cfc-a7ed-edf02fc85b0e:192.168.151.67:39767, 4e1d41a4-7b1e-4a6c-bd2b-74c38c2571ab:192.168.151.67:40301, 55b062ed-7beb-4a9a-ad42-b82892abf588:192.168.151.67:43789], old=null at 0
2019-10-02 20:08:01,325 [grpc-default-executor-7] INFO  impl.RaftServerImpl (ServerState.java:setRaftConf(354)) - 4e1d41a4-7b1e-4a6c-bd2b-74c38c2571ab@group-8A686A512450: set configuration 0: [80e39893-1025-4cfc-a7ed-edf02fc85b0e:192.168.151.67:39767, 4e1d41a4-7b1e-4a6c-bd2b-74c38c2571ab:192.168.151.67:40301, 55b062ed-7beb-4a9a-ad42-b82892abf588:192.168.151.67:43789], old=null at 0
2019-10-02 20:08:01,326 [grpc-default-executor-5] INFO  segmented.SegmentedRaftLogWorker (SegmentedRaftLogWorker.java:startLogSegment(380)) - 55b062ed-7beb-4a9a-ad42-b82892abf588@group-8A686A512450-SegmentedRaftLogWorker: Starting segment from index:0
2019-10-02 20:08:01,326 [grpc-default-executor-7] INFO  segmented.SegmentedRaftLogWorker (SegmentedRaftLogWorker.java:startLogSegment(380)) - 4e1d41a4-7b1e-4a6c-bd2b-74c38c2571ab@group-8A686A512450-SegmentedRaftLogWorker: Starting segment from index:0
2019-10-02 20:08:01,338 [4e1d41a4-7b1e-4a6c-bd2b-74c38c2571ab@group-3CA3CFC1BEA1:LeaderElection82] INFO  impl.LeaderElection (LeaderElection.java:askForVotes(182)) - 4e1d41a4-7b1e-4a6c-bd2b-74c38c2571ab@group-3CA3CFC1BEA1:LeaderElection82: begin an election at term 1 for -1: [4e1d41a4-7b1e-4a6c-bd2b-74c38c2571ab:192.168.151.67:40301], old=null
2019-10-02 20:08:01,338 [4e1d41a4-7b1e-4a6c-bd2b-74c38c2571ab@group-3CA3CFC1BEA1:LeaderElection82] INFO  impl.RoleInfo (RoleInfo.java:shutdownLeaderElection(134)) - 4e1d41a4-7b1e-4a6c-bd2b-74c38c2571ab: shutdown LeaderElection
2019-10-02 20:08:01,338 [4e1d41a4-7b1e-4a6c-bd2b-74c38c2571ab@group-3CA3CFC1BEA1:LeaderElection82] INFO  impl.RaftServerImpl (RaftServerImpl.java:setRole(174)) - 4e1d41a4-7b1e-4a6c-bd2b-74c38c2571ab@group-3CA3CFC1BEA1: changes role from CANDIDATE to LEADER at term 1 for changeToLeader
2019-10-02 20:08:01,338 [4e1d41a4-7b1e-4a6c-bd2b-74c38c2571ab@group-3CA3CFC1BEA1:LeaderElection82] INFO  impl.RaftServerImpl (ServerState.java:setLeader(253)) - 4e1d41a4-7b1e-4a6c-bd2b-74c38c2571ab@group-3CA3CFC1BEA1: change Leader from null to 4e1d41a4-7b1e-4a6c-bd2b-74c38c2571ab at term 1 for becomeLeader, leader elected after 5182ms
2019-10-02 20:08:01,338 [4e1d41a4-7b1e-4a6c-bd2b-74c38c2571ab@group-3CA3CFC1BEA1:LeaderElection82] INFO  server.RaftServerConfigKeys (ConfUtils.java:logGet(43)) - raft.server.staging.catchup.gap = 1000 (default)
2019-10-02 20:08:01,338 [4e1d41a4-7b1e-4a6c-bd2b-74c38c2571ab@group-3CA3CFC1BEA1:LeaderElection82] INFO  server.RaftServerConfigKeys (ConfUtils.java:logGet(43)) - raft.server.rpc.sleep.time = 25ms (default)
2019-10-02 20:08:01,339 [4e1d41a4-7b1e-4a6c-bd2b-74c38c2571ab@group-3CA3CFC1BEA1:LeaderElection82] INFO  server.RaftServerConfigKeys (ConfUtils.java:logGet(43)) - raft.server.write.element-limit = 4096 (default)
2019-10-02 20:08:01,339 [4e1d41a4-7b1e-4a6c-bd2b-74c38c2571ab@group-3CA3CFC1BEA1:LeaderElection82] INFO  server.RaftServerConfigKeys (ConfUtils.java:logGet(43)) - raft.server.watch.timeout = 10s (default)
2019-10-02 20:08:01,339 [4e1d41a4-7b1e-4a6c-bd2b-74c38c2571ab@group-3CA3CFC1BEA1:LeaderElection82] INFO  server.RaftServerConfigKeys (ConfUtils.java:logGet(43)) - raft.server.watch.timeout.denomination = 1s (default)
2019-10-02 20:08:01,339 [4e1d41a4-7b1e-4a6c-bd2b-74c38c2571ab@group-3CA3CFC1BEA1:LeaderElection82] INFO  server.RaftServerConfigKeys (ConfUtils.java:logGet(43)) - raft.server.watch.element-limit = 65536 (default)
2019-10-02 20:08:01,340 [4e1d41a4-7b1e-4a6c-bd2b-74c38c2571ab@group-3CA3CFC1BEA1:LeaderElection82] INFO  impl.RoleInfo (RoleInfo.java:updateAndGet(143)) - 4e1d41a4-7b1e-4a6c-bd2b-74c38c2571ab: start LeaderState
2019-10-02 20:08:01,341 [4e1d41a4-7b1e-4a6c-bd2b-74c38c2571ab@group-3CA3CFC1BEA1:LeaderElection82] INFO  segmented.SegmentedRaftLogWorker (SegmentedRaftLogWorker.java:startLogSegment(380)) - 4e1d41a4-7b1e-4a6c-bd2b-74c38c2571ab@group-3CA3CFC1BEA1-SegmentedRaftLogWorker: Starting segment from index:0
2019-10-02 20:08:01,341 [4e1d41a4-7b1e-4a6c-bd2b-74c38c2571ab@group-3CA3CFC1BEA1:LeaderElection82] INFO  impl.RaftServerImpl (ServerState.java:setRaftConf(354)) - 4e1d41a4-7b1e-4a6c-bd2b-74c38c2571ab@group-3CA3CFC1BEA1: set configuration 0: [4e1d41a4-7b1e-4a6c-bd2b-74c38c2571ab:192.168.151.67:40301], old=null at 0
2019-10-02 20:08:01,347 [Thread-3616] INFO  impl.FollowerState (FollowerState.java:run(106)) - a9af49d4-12ef-4466-9519-242a6cd6b64b:group-E7EC3F855BC4 changes to CANDIDATE, lastRpcTime:5032, electionTimeout:5032ms
2019-10-02 20:08:01,347 [Thread-3616] INFO  impl.RoleInfo (RoleInfo.java:shutdownFollowerState(121)) - a9af49d4-12ef-4466-9519-242a6cd6b64b: shutdown FollowerState
2019-10-02 20:08:01,348 [Thread-3616] INFO  impl.RaftServerImpl (RaftServerImpl.java:setRole(174)) - a9af49d4-12ef-4466-9519-242a6cd6b64b@group-E7EC3F855BC4: changes role from  FOLLOWER to CANDIDATE at term 0 for changeToCandidate
2019-10-02 20:08:01,348 [Thread-3616] INFO  impl.RoleInfo (RoleInfo.java:updateAndGet(143)) - a9af49d4-12ef-4466-9519-242a6cd6b64b: start LeaderElection
2019-10-02 20:08:01,393 [4e1d41a4-7b1e-4a6c-bd2b-74c38c2571ab@group-3CA3CFC1BEA1-SegmentedRaftLogWorker] INFO  segmented.SegmentedRaftLogWorker (SegmentedRaftLogWorker.java:execute(569)) - 4e1d41a4-7b1e-4a6c-bd2b-74c38c2571ab@group-3CA3CFC1BEA1-SegmentedRaftLogWorker: created new log segment /workdir/hadoop-ozone/integration-test/target/test-dir/MiniOzoneClusterImpl-aca11393-2759-4d1b-a5f8-dca1b679aeb5/datanode-2/data/ratis/afe0ad80-4176-41bd-8a51-3ca3cfc1bea1/current/log_inprogress_0
2019-10-02 20:08:01,393 [a9af49d4-12ef-4466-9519-242a6cd6b64b@group-E7EC3F855BC4:LeaderElection83] INFO  impl.LeaderElection (LeaderElection.java:askForVotes(182)) - a9af49d4-12ef-4466-9519-242a6cd6b64b@group-E7EC3F855BC4:LeaderElection83: begin an election at term 1 for -1: [a9af49d4-12ef-4466-9519-242a6cd6b64b:192.168.151.67:43032], old=null
2019-10-02 20:08:01,393 [4e1d41a4-7b1e-4a6c-bd2b-74c38c2571ab@group-8A686A512450-SegmentedRaftLogWorker] INFO  segmented.SegmentedRaftLogWorker (SegmentedRaftLogWorker.java:execute(569)) - 4e1d41a4-7b1e-4a6c-bd2b-74c38c2571ab@group-8A686A512450-SegmentedRaftLogWorker: created new log segment /workdir/hadoop-ozone/integration-test/target/test-dir/MiniOzoneClusterImpl-aca11393-2759-4d1b-a5f8-dca1b679aeb5/datanode-2/data/ratis/bdeceee4-6cdf-48db-80d5-8a686a512450/current/log_inprogress_0
2019-10-02 20:08:01,393 [55b062ed-7beb-4a9a-ad42-b82892abf588@group-8A686A512450-SegmentedRaftLogWorker] INFO  segmented.SegmentedRaftLogWorker (SegmentedRaftLogWorker.java:execute(569)) - 55b062ed-7beb-4a9a-ad42-b82892abf588@group-8A686A512450-SegmentedRaftLogWorker: created new log segment /workdir/hadoop-ozone/integration-test/target/test-dir/MiniOzoneClusterImpl-aca11393-2759-4d1b-a5f8-dca1b679aeb5/datanode-1/data/ratis/bdeceee4-6cdf-48db-80d5-8a686a512450/current/log_inprogress_0
2019-10-02 20:08:01,393 [a9af49d4-12ef-4466-9519-242a6cd6b64b@group-E7EC3F855BC4:LeaderElection83] INFO  impl.RoleInfo (RoleInfo.java:shutdownLeaderElection(134)) - a9af49d4-12ef-4466-9519-242a6cd6b64b: shutdown LeaderElection
2019-10-02 20:08:01,394 [a9af49d4-12ef-4466-9519-242a6cd6b64b@group-E7EC3F855BC4:LeaderElection83] INFO  impl.RaftServerImpl (RaftServerImpl.java:setRole(174)) - a9af49d4-12ef-4466-9519-242a6cd6b64b@group-E7EC3F855BC4: changes role from CANDIDATE to LEADER at term 1 for changeToLeader
2019-10-02 20:08:01,394 [a9af49d4-12ef-4466-9519-242a6cd6b64b@group-E7EC3F855BC4:LeaderElection83] INFO  impl.RaftServerImpl (ServerState.java:setLeader(253)) - a9af49d4-12ef-4466-9519-242a6cd6b64b@group-E7EC3F855BC4: change Leader from null to a9af49d4-12ef-4466-9519-242a6cd6b64b at term 1 for becomeLeader, leader elected after 5085ms
2019-10-02 20:08:01,394 [a9af49d4-12ef-4466-9519-242a6cd6b64b@group-E7EC3F855BC4:LeaderElection83] INFO  server.RaftServerConfigKeys (ConfUtils.java:logGet(43)) - raft.server.staging.catchup.gap = 1000 (default)
2019-10-02 20:08:01,394 [a9af49d4-12ef-4466-9519-242a6cd6b64b@group-E7EC3F855BC4:LeaderElection83] INFO  server.RaftServerConfigKeys (ConfUtils.java:logGet(43)) - raft.server.rpc.sleep.time = 25ms (default)
2019-10-02 20:08:01,394 [a9af49d4-12ef-4466-9519-242a6cd6b64b@group-E7EC3F855BC4:LeaderElection83] INFO  server.RaftServerConfigKeys (ConfUtils.java:logGet(43)) - raft.server.write.element-limit = 4096 (default)
2019-10-02 20:08:01,394 [a9af49d4-12ef-4466-9519-242a6cd6b64b@group-E7EC3F855BC4:LeaderElection83] INFO  server.RaftServerConfigKeys (ConfUtils.java:logGet(43)) - raft.server.watch.timeout = 10s (default)
2019-10-02 20:08:01,394 [a9af49d4-12ef-4466-9519-242a6cd6b64b@group-E7EC3F855BC4:LeaderElection83] INFO  server.RaftServerConfigKeys (ConfUtils.java:logGet(43)) - raft.server.watch.timeout.denomination = 1s (default)
2019-10-02 20:08:01,394 [a9af49d4-12ef-4466-9519-242a6cd6b64b@group-E7EC3F855BC4:LeaderElection83] INFO  server.RaftServerConfigKeys (ConfUtils.java:logGet(43)) - raft.server.watch.element-limit = 65536 (default)
2019-10-02 20:08:01,396 [a9af49d4-12ef-4466-9519-242a6cd6b64b@group-E7EC3F855BC4:LeaderElection83] INFO  impl.RoleInfo (RoleInfo.java:updateAndGet(143)) - a9af49d4-12ef-4466-9519-242a6cd6b64b: start LeaderState
2019-10-02 20:08:01,397 [a9af49d4-12ef-4466-9519-242a6cd6b64b@group-E7EC3F855BC4:LeaderElection83] INFO  segmented.SegmentedRaftLogWorker (SegmentedRaftLogWorker.java:startLogSegment(380)) - a9af49d4-12ef-4466-9519-242a6cd6b64b@group-E7EC3F855BC4-SegmentedRaftLogWorker: Starting segment from index:0
2019-10-02 20:08:01,397 [a9af49d4-12ef-4466-9519-242a6cd6b64b@group-E7EC3F855BC4:LeaderElection83] INFO  impl.RaftServerImpl (ServerState.java:setRaftConf(354)) - a9af49d4-12ef-4466-9519-242a6cd6b64b@group-E7EC3F855BC4: set configuration 0: [a9af49d4-12ef-4466-9519-242a6cd6b64b:192.168.151.67:43032], old=null at 0
2019-10-02 20:08:01,435 [a9af49d4-12ef-4466-9519-242a6cd6b64b@group-E7EC3F855BC4-SegmentedRaftLogWorker] INFO  segmented.SegmentedRaftLogWorker (SegmentedRaftLogWorker.java:execute(569)) - a9af49d4-12ef-4466-9519-242a6cd6b64b@group-E7EC3F855BC4-SegmentedRaftLogWorker: created new log segment /workdir/hadoop-ozone/integration-test/target/test-dir/MiniOzoneClusterImpl-aca11393-2759-4d1b-a5f8-dca1b679aeb5/datanode-3/data/ratis/422c6f9b-b35b-47f5-ba61-e7ec3f855bc4/current/log_inprogress_0
2019-10-02 20:08:01,505 [Thread-3623] INFO  impl.FollowerState (FollowerState.java:run(106)) - e55924e4-1c8f-46ab-a97e-f8ae322d89d0:group-54DA58792533 changes to CANDIDATE, lastRpcTime:5100, electionTimeout:5098ms
2019-10-02 20:08:01,505 [Thread-3623] INFO  impl.RoleInfo (RoleInfo.java:shutdownFollowerState(121)) - e55924e4-1c8f-46ab-a97e-f8ae322d89d0: shutdown FollowerState
2019-10-02 20:08:01,505 [Thread-3623] INFO  impl.RaftServerImpl (RaftServerImpl.java:setRole(174)) - e55924e4-1c8f-46ab-a97e-f8ae322d89d0@group-54DA58792533: changes role from  FOLLOWER to CANDIDATE at term 0 for changeToCandidate
2019-10-02 20:08:01,505 [Thread-3623] INFO  impl.RoleInfo (RoleInfo.java:updateAndGet(143)) - e55924e4-1c8f-46ab-a97e-f8ae322d89d0: start LeaderElection
2019-10-02 20:08:01,516 [Thread-3619] INFO  impl.FollowerState (FollowerState.java:run(106)) - 21f4094a-09ac-4136-a6cc-ad02d4a11e74:group-84251C58A716 changes to CANDIDATE, lastRpcTime:5160, electionTimeout:5160ms
2019-10-02 20:08:01,516 [Thread-3619] INFO  impl.RoleInfo (RoleInfo.java:shutdownFollowerState(121)) - 21f4094a-09ac-4136-a6cc-ad02d4a11e74: shutdown FollowerState
2019-10-02 20:08:01,516 [Thread-3619] INFO  impl.RaftServerImpl (RaftServerImpl.java:setRole(174)) - 21f4094a-09ac-4136-a6cc-ad02d4a11e74@group-84251C58A716: changes role from  FOLLOWER to CANDIDATE at term 0 for changeToCandidate
2019-10-02 20:08:01,516 [Thread-3619] INFO  impl.RoleInfo (RoleInfo.java:updateAndGet(143)) - 21f4094a-09ac-4136-a6cc-ad02d4a11e74: start LeaderElection
2019-10-02 20:08:01,527 [e55924e4-1c8f-46ab-a97e-f8ae322d89d0@group-54DA58792533:LeaderElection84] INFO  impl.LeaderElection (LeaderElection.java:askForVotes(182)) - e55924e4-1c8f-46ab-a97e-f8ae322d89d0@group-54DA58792533:LeaderElection84: begin an election at term 1 for -1: [e55924e4-1c8f-46ab-a97e-f8ae322d89d0:192.168.151.67:40214], old=null
2019-10-02 20:08:01,527 [21f4094a-09ac-4136-a6cc-ad02d4a11e74@group-84251C58A716:LeaderElection85] INFO  impl.LeaderElection (LeaderElection.java:askForVotes(182)) - 21f4094a-09ac-4136-a6cc-ad02d4a11e74@group-84251C58A716:LeaderElection85: begin an election at term 1 for -1: [21f4094a-09ac-4136-a6cc-ad02d4a11e74:192.168.151.67:38164], old=null
2019-10-02 20:08:01,528 [e55924e4-1c8f-46ab-a97e-f8ae322d89d0@group-54DA58792533:LeaderElection84] INFO  impl.RoleInfo (RoleInfo.java:shutdownLeaderElection(134)) - e55924e4-1c8f-46ab-a97e-f8ae322d89d0: shutdown LeaderElection
2019-10-02 20:08:01,528 [21f4094a-09ac-4136-a6cc-ad02d4a11e74@group-84251C58A716:LeaderElection85] INFO  impl.RoleInfo (RoleInfo.java:shutdownLeaderElection(134)) - 21f4094a-09ac-4136-a6cc-ad02d4a11e74: shutdown LeaderElection
2019-10-02 20:08:01,528 [e55924e4-1c8f-46ab-a97e-f8ae322d89d0@group-54DA58792533:LeaderElection84] INFO  impl.RaftServerImpl (RaftServerImpl.java:setRole(174)) - e55924e4-1c8f-46ab-a97e-f8ae322d89d0@group-54DA58792533: changes role from CANDIDATE to LEADER at term 1 for changeToLeader
2019-10-02 20:08:01,528 [21f4094a-09ac-4136-a6cc-ad02d4a11e74@group-84251C58A716:LeaderElection85] INFO  impl.RaftServerImpl (RaftServerImpl.java:setRole(174)) - 21f4094a-09ac-4136-a6cc-ad02d4a11e74@group-84251C58A716: changes role from CANDIDATE to LEADER at term 1 for changeToLeader
2019-10-02 20:08:01,528 [e55924e4-1c8f-46ab-a97e-f8ae322d89d0@group-54DA58792533:LeaderElection84] INFO  impl.RaftServerImpl (ServerState.java:setLeader(253)) - e55924e4-1c8f-46ab-a97e-f8ae322d89d0@group-54DA58792533: change Leader from null to e55924e4-1c8f-46ab-a97e-f8ae322d89d0 at term 1 for becomeLeader, leader elected after 5136ms
2019-10-02 20:08:01,528 [21f4094a-09ac-4136-a6cc-ad02d4a11e74@group-84251C58A716:LeaderElection85] INFO  impl.RaftServerImpl (ServerState.java:setLeader(253)) - 21f4094a-09ac-4136-a6cc-ad02d4a11e74@group-84251C58A716: change Leader from null to 21f4094a-09ac-4136-a6cc-ad02d4a11e74 at term 1 for becomeLeader, leader elected after 5178ms
2019-10-02 20:08:01,528 [e55924e4-1c8f-46ab-a97e-f8ae322d89d0@group-54DA58792533:LeaderElection84] INFO  server.RaftServerConfigKeys (ConfUtils.java:logGet(43)) - raft.server.staging.catchup.gap = 1000 (default)
2019-10-02 20:08:01,528 [21f4094a-09ac-4136-a6cc-ad02d4a11e74@group-84251C58A716:LeaderElection85] INFO  server.RaftServerConfigKeys (ConfUtils.java:logGet(43)) - raft.server.staging.catchup.gap = 1000 (default)
2019-10-02 20:08:01,528 [e55924e4-1c8f-46ab-a97e-f8ae322d89d0@group-54DA58792533:LeaderElection84] INFO  server.RaftServerConfigKeys (ConfUtils.java:logGet(43)) - raft.server.rpc.sleep.time = 25ms (default)
2019-10-02 20:08:01,529 [21f4094a-09ac-4136-a6cc-ad02d4a11e74@group-84251C58A716:LeaderElection85] INFO  server.RaftServerConfigKeys (ConfUtils.java:logGet(43)) - raft.server.rpc.sleep.time = 25ms (default)
2019-10-02 20:08:01,529 [e55924e4-1c8f-46ab-a97e-f8ae322d89d0@group-54DA58792533:LeaderElection84] INFO  server.RaftServerConfigKeys (ConfUtils.java:logGet(43)) - raft.server.write.element-limit = 4096 (default)
2019-10-02 20:08:01,529 [21f4094a-09ac-4136-a6cc-ad02d4a11e74@group-84251C58A716:LeaderElection85] INFO  server.RaftServerConfigKeys (ConfUtils.java:logGet(43)) - raft.server.write.element-limit = 4096 (default)
2019-10-02 20:08:01,529 [e55924e4-1c8f-46ab-a97e-f8ae322d89d0@group-54DA58792533:LeaderElection84] INFO  server.RaftServerConfigKeys (ConfUtils.java:logGet(43)) - raft.server.watch.timeout = 10s (default)
2019-10-02 20:08:01,529 [21f4094a-09ac-4136-a6cc-ad02d4a11e74@group-84251C58A716:LeaderElection85] INFO  server.RaftServerConfigKeys (ConfUtils.java:logGet(43)) - raft.server.watch.timeout = 10s (default)
2019-10-02 20:08:01,529 [e55924e4-1c8f-46ab-a97e-f8ae322d89d0@group-54DA58792533:LeaderElection84] INFO  server.RaftServerConfigKeys (ConfUtils.java:logGet(43)) - raft.server.watch.timeout.denomination = 1s (default)
2019-10-02 20:08:01,529 [21f4094a-09ac-4136-a6cc-ad02d4a11e74@group-84251C58A716:LeaderElection85] INFO  server.RaftServerConfigKeys (ConfUtils.java:logGet(43)) - raft.server.watch.timeout.denomination = 1s (default)
2019-10-02 20:08:01,529 [e55924e4-1c8f-46ab-a97e-f8ae322d89d0@group-54DA58792533:LeaderElection84] INFO  server.RaftServerConfigKeys (ConfUtils.java:logGet(43)) - raft.server.watch.element-limit = 65536 (default)
2019-10-02 20:08:01,529 [21f4094a-09ac-4136-a6cc-ad02d4a11e74@group-84251C58A716:LeaderElection85] INFO  server.RaftServerConfigKeys (ConfUtils.java:logGet(43)) - raft.server.watch.element-limit = 65536 (default)
2019-10-02 20:08:01,532 [e55924e4-1c8f-46ab-a97e-f8ae322d89d0@group-54DA58792533:LeaderElection84] INFO  impl.RoleInfo (RoleInfo.java:updateAndGet(143)) - e55924e4-1c8f-46ab-a97e-f8ae322d89d0: start LeaderState
2019-10-02 20:08:01,532 [e55924e4-1c8f-46ab-a97e-f8ae322d89d0@group-54DA58792533:LeaderElection84] INFO  segmented.SegmentedRaftLogWorker (SegmentedRaftLogWorker.java:startLogSegment(380)) - e55924e4-1c8f-46ab-a97e-f8ae322d89d0@group-54DA58792533-SegmentedRaftLogWorker: Starting segment from index:0
2019-10-02 20:08:01,532 [21f4094a-09ac-4136-a6cc-ad02d4a11e74@group-84251C58A716:LeaderElection85] INFO  impl.RoleInfo (RoleInfo.java:updateAndGet(143)) - 21f4094a-09ac-4136-a6cc-ad02d4a11e74: start LeaderState
2019-10-02 20:08:01,532 [21f4094a-09ac-4136-a6cc-ad02d4a11e74@group-84251C58A716:LeaderElection85] INFO  segmented.SegmentedRaftLogWorker (SegmentedRaftLogWorker.java:startLogSegment(380)) - 21f4094a-09ac-4136-a6cc-ad02d4a11e74@group-84251C58A716-SegmentedRaftLogWorker: Starting segment from index:0
2019-10-02 20:08:01,532 [e55924e4-1c8f-46ab-a97e-f8ae322d89d0@group-54DA58792533:LeaderElection84] INFO  impl.RaftServerImpl (ServerState.java:setRaftConf(354)) - e55924e4-1c8f-46ab-a97e-f8ae322d89d0@group-54DA58792533: set configuration 0: [e55924e4-1c8f-46ab-a97e-f8ae322d89d0:192.168.151.67:40214], old=null at 0
2019-10-02 20:08:01,533 [21f4094a-09ac-4136-a6cc-ad02d4a11e74@group-84251C58A716:LeaderElection85] INFO  impl.RaftServerImpl (ServerState.java:setRaftConf(354)) - 21f4094a-09ac-4136-a6cc-ad02d4a11e74@group-84251C58A716: set configuration 0: [21f4094a-09ac-4136-a6cc-ad02d4a11e74:192.168.151.67:38164], old=null at 0
2019-10-02 20:08:01,574 [21f4094a-09ac-4136-a6cc-ad02d4a11e74@group-84251C58A716-SegmentedRaftLogWorker] INFO  segmented.SegmentedRaftLogWorker (SegmentedRaftLogWorker.java:execute(569)) - 21f4094a-09ac-4136-a6cc-ad02d4a11e74@group-84251C58A716-SegmentedRaftLogWorker: created new log segment /workdir/hadoop-ozone/integration-test/target/test-dir/MiniOzoneClusterImpl-aca11393-2759-4d1b-a5f8-dca1b679aeb5/datanode-4/data/ratis/13073615-6fd0-4c42-8968-84251c58a716/current/log_inprogress_0
2019-10-02 20:08:01,574 [e55924e4-1c8f-46ab-a97e-f8ae322d89d0@group-54DA58792533-SegmentedRaftLogWorker] INFO  segmented.SegmentedRaftLogWorker (SegmentedRaftLogWorker.java:execute(569)) - e55924e4-1c8f-46ab-a97e-f8ae322d89d0@group-54DA58792533-SegmentedRaftLogWorker: created new log segment /workdir/hadoop-ozone/integration-test/target/test-dir/MiniOzoneClusterImpl-aca11393-2759-4d1b-a5f8-dca1b679aeb5/datanode-5/data/ratis/890fd789-bf8b-4fb4-b097-54da58792533/current/log_inprogress_0
2019-10-02 20:08:01,599 [Thread-3627] INFO  impl.FollowerState (FollowerState.java:run(106)) - 4a61082c-fbee-413e-ae0e-30e21a012342:group-792EC736FFAE changes to CANDIDATE, lastRpcTime:5138, electionTimeout:5138ms
2019-10-02 20:08:01,600 [Thread-3627] INFO  impl.RoleInfo (RoleInfo.java:shutdownFollowerState(121)) - 4a61082c-fbee-413e-ae0e-30e21a012342: shutdown FollowerState
2019-10-02 20:08:01,600 [Thread-3627] INFO  impl.RaftServerImpl (RaftServerImpl.java:setRole(174)) - 4a61082c-fbee-413e-ae0e-30e21a012342@group-792EC736FFAE: changes role from  FOLLOWER to CANDIDATE at term 0 for changeToCandidate
2019-10-02 20:08:01,600 [Thread-3627] INFO  impl.RoleInfo (RoleInfo.java:updateAndGet(143)) - 4a61082c-fbee-413e-ae0e-30e21a012342: start LeaderElection
2019-10-02 20:08:01,617 [4a61082c-fbee-413e-ae0e-30e21a012342@group-792EC736FFAE:LeaderElection86] INFO  impl.LeaderElection (LeaderElection.java:askForVotes(182)) - 4a61082c-fbee-413e-ae0e-30e21a012342@group-792EC736FFAE:LeaderElection86: begin an election at term 1 for -1: [4a61082c-fbee-413e-ae0e-30e21a012342:192.168.151.67:43549], old=null
2019-10-02 20:08:01,617 [4a61082c-fbee-413e-ae0e-30e21a012342@group-792EC736FFAE:LeaderElection86] INFO  impl.RoleInfo (RoleInfo.java:shutdownLeaderElection(134)) - 4a61082c-fbee-413e-ae0e-30e21a012342: shutdown LeaderElection
2019-10-02 20:08:01,617 [4a61082c-fbee-413e-ae0e-30e21a012342@group-792EC736FFAE:LeaderElection86] INFO  impl.RaftServerImpl (RaftServerImpl.java:setRole(174)) - 4a61082c-fbee-413e-ae0e-30e21a012342@group-792EC736FFAE: changes role from CANDIDATE to LEADER at term 1 for changeToLeader
2019-10-02 20:08:01,618 [4a61082c-fbee-413e-ae0e-30e21a012342@group-792EC736FFAE:LeaderElection86] INFO  impl.RaftServerImpl (ServerState.java:setLeader(253)) - 4a61082c-fbee-413e-ae0e-30e21a012342@group-792EC736FFAE: change Leader from null to 4a61082c-fbee-413e-ae0e-30e21a012342 at term 1 for becomeLeader, leader elected after 5161ms
2019-10-02 20:08:01,618 [4a61082c-fbee-413e-ae0e-30e21a012342@group-792EC736FFAE:LeaderElection86] INFO  server.RaftServerConfigKeys (ConfUtils.java:logGet(43)) - raft.server.staging.catchup.gap = 1000 (default)
2019-10-02 20:08:01,618 [4a61082c-fbee-413e-ae0e-30e21a012342@group-792EC736FFAE:LeaderElection86] INFO  server.RaftServerConfigKeys (ConfUtils.java:logGet(43)) - raft.server.rpc.sleep.time = 25ms (default)
2019-10-02 20:08:01,618 [4a61082c-fbee-413e-ae0e-30e21a012342@group-792EC736FFAE:LeaderElection86] INFO  server.RaftServerConfigKeys (ConfUtils.java:logGet(43)) - raft.server.write.element-limit = 4096 (default)
2019-10-02 20:08:01,618 [4a61082c-fbee-413e-ae0e-30e21a012342@group-792EC736FFAE:LeaderElection86] INFO  server.RaftServerConfigKeys (ConfUtils.java:logGet(43)) - raft.server.watch.timeout = 10s (default)
2019-10-02 20:08:01,618 [4a61082c-fbee-413e-ae0e-30e21a012342@group-792EC736FFAE:LeaderElection86] INFO  server.RaftServerConfigKeys (ConfUtils.java:logGet(43)) - raft.server.watch.timeout.denomination = 1s (default)
2019-10-02 20:08:01,618 [4a61082c-fbee-413e-ae0e-30e21a012342@group-792EC736FFAE:LeaderElection86] INFO  server.RaftServerConfigKeys (ConfUtils.java:logGet(43)) - raft.server.watch.element-limit = 65536 (default)
2019-10-02 20:08:01,619 [4a61082c-fbee-413e-ae0e-30e21a012342@group-792EC736FFAE:LeaderElection86] INFO  impl.RoleInfo (RoleInfo.java:updateAndGet(143)) - 4a61082c-fbee-413e-ae0e-30e21a012342: start LeaderState
2019-10-02 20:08:01,619 [4a61082c-fbee-413e-ae0e-30e21a012342@group-792EC736FFAE:LeaderElection86] INFO  segmented.SegmentedRaftLogWorker (SegmentedRaftLogWorker.java:startLogSegment(380)) - 4a61082c-fbee-413e-ae0e-30e21a012342@group-792EC736FFAE-SegmentedRaftLogWorker: Starting segment from index:0
2019-10-02 20:08:01,619 [4a61082c-fbee-413e-ae0e-30e21a012342@group-792EC736FFAE:LeaderElection86] INFO  impl.RaftServerImpl (ServerState.java:setRaftConf(354)) - 4a61082c-fbee-413e-ae0e-30e21a012342@group-792EC736FFAE: set configuration 0: [4a61082c-fbee-413e-ae0e-30e21a012342:192.168.151.67:43549], old=null at 0
2019-10-02 20:08:01,628 [Thread-3634] INFO  impl.FollowerState (FollowerState.java:run(106)) - e55924e4-1c8f-46ab-a97e-f8ae322d89d0:group-A760D7F79D36 changes to CANDIDATE, lastRpcTime:5106, electionTimeout:5106ms
2019-10-02 20:08:01,628 [Thread-3634] INFO  impl.RoleInfo (RoleInfo.java:shutdownFollowerState(121)) - e55924e4-1c8f-46ab-a97e-f8ae322d89d0: shutdown FollowerState
2019-10-02 20:08:01,628 [Thread-3634] INFO  impl.RaftServerImpl (RaftServerImpl.java:setRole(174)) - e55924e4-1c8f-46ab-a97e-f8ae322d89d0@group-A760D7F79D36: changes role from  FOLLOWER to CANDIDATE at term 0 for changeToCandidate
2019-10-02 20:08:01,628 [Thread-3634] INFO  impl.RoleInfo (RoleInfo.java:updateAndGet(143)) - e55924e4-1c8f-46ab-a97e-f8ae322d89d0: start LeaderElection
2019-10-02 20:08:01,665 [4a61082c-fbee-413e-ae0e-30e21a012342@group-792EC736FFAE-SegmentedRaftLogWorker] INFO  segmented.SegmentedRaftLogWorker (SegmentedRaftLogWorker.java:execute(569)) - 4a61082c-fbee-413e-ae0e-30e21a012342@group-792EC736FFAE-SegmentedRaftLogWorker: created new log segment /workdir/hadoop-ozone/integration-test/target/test-dir/MiniOzoneClusterImpl-aca11393-2759-4d1b-a5f8-dca1b679aeb5/datanode-6/data/ratis/b8a4922e-0b77-4c60-91fe-792ec736ffae/current/log_inprogress_0
2019-10-02 20:08:01,666 [e55924e4-1c8f-46ab-a97e-f8ae322d89d0@group-A760D7F79D36:LeaderElection87] INFO  impl.LeaderElection (LeaderElection.java:askForVotes(182)) - e55924e4-1c8f-46ab-a97e-f8ae322d89d0@group-A760D7F79D36:LeaderElection87: begin an election at term 1 for -1: [4a61082c-fbee-413e-ae0e-30e21a012342:192.168.151.67:43549, e55924e4-1c8f-46ab-a97e-f8ae322d89d0:192.168.151.67:40214, a9af49d4-12ef-4466-9519-242a6cd6b64b:192.168.151.67:43032], old=null
2019-10-02 20:08:01,666 [Thread-3632] INFO  impl.FollowerState (FollowerState.java:run(106)) - a9af49d4-12ef-4466-9519-242a6cd6b64b:group-A760D7F79D36 changes to CANDIDATE, lastRpcTime:5145, electionTimeout:5145ms
2019-10-02 20:08:01,666 [Thread-3632] INFO  impl.RoleInfo (RoleInfo.java:shutdownFollowerState(121)) - a9af49d4-12ef-4466-9519-242a6cd6b64b: shutdown FollowerState
2019-10-02 20:08:01,666 [Thread-3632] INFO  impl.RaftServerImpl (RaftServerImpl.java:setRole(174)) - a9af49d4-12ef-4466-9519-242a6cd6b64b@group-A760D7F79D36: changes role from  FOLLOWER to CANDIDATE at term 0 for changeToCandidate
2019-10-02 20:08:01,666 [Thread-3632] INFO  impl.RoleInfo (RoleInfo.java:updateAndGet(143)) - a9af49d4-12ef-4466-9519-242a6cd6b64b: start LeaderElection
2019-10-02 20:08:01,680 [grpc-default-executor-5] INFO  impl.RaftServerImpl (RaftServerImpl.java:setRole(174)) - 4a61082c-fbee-413e-ae0e-30e21a012342@group-A760D7F79D36: changes role from  FOLLOWER to FOLLOWER at term 1 for recognizeCandidate:e55924e4-1c8f-46ab-a97e-f8ae322d89d0
2019-10-02 20:08:01,680 [grpc-default-executor-5] INFO  impl.RoleInfo (RoleInfo.java:shutdownFollowerState(121)) - 4a61082c-fbee-413e-ae0e-30e21a012342: shutdown FollowerState
2019-10-02 20:08:01,681 [grpc-default-executor-5] INFO  impl.RoleInfo (RoleInfo.java:updateAndGet(143)) - 4a61082c-fbee-413e-ae0e-30e21a012342: start FollowerState
2019-10-02 20:08:01,681 [Thread-3635] INFO  impl.FollowerState (FollowerState.java:run(115)) - 4a61082c-fbee-413e-ae0e-30e21a012342: FollowerState was interrupted: java.lang.InterruptedException: sleep interrupted
2019-10-02 20:08:01,685 [a9af49d4-12ef-4466-9519-242a6cd6b64b@group-A760D7F79D36:LeaderElection88] INFO  impl.LeaderElection (LeaderElection.java:askForVotes(182)) - a9af49d4-12ef-4466-9519-242a6cd6b64b@group-A760D7F79D36:LeaderElection88: begin an election at term 1 for -1: [4a61082c-fbee-413e-ae0e-30e21a012342:192.168.151.67:43549, e55924e4-1c8f-46ab-a97e-f8ae322d89d0:192.168.151.67:40214, a9af49d4-12ef-4466-9519-242a6cd6b64b:192.168.151.67:43032], old=null
2019-10-02 20:08:01,689 [e55924e4-1c8f-46ab-a97e-f8ae322d89d0@group-A760D7F79D36:LeaderElection87] INFO  impl.LeaderElection (LeaderElection.java:logAndReturn(56)) - e55924e4-1c8f-46ab-a97e-f8ae322d89d0@group-A760D7F79D36:LeaderElection87: Election PASSED; received 2 response(s) [e55924e4-1c8f-46ab-a97e-f8ae322d89d0<-4a61082c-fbee-413e-ae0e-30e21a012342#0:OK-t1, e55924e4-1c8f-46ab-a97e-f8ae322d89d0<-a9af49d4-12ef-4466-9519-242a6cd6b64b#0:FAIL-t1] and 0 exception(s); e55924e4-1c8f-46ab-a97e-f8ae322d89d0@group-A760D7F79D36:t1, leader=null, voted=e55924e4-1c8f-46ab-a97e-f8ae322d89d0, raftlog=e55924e4-1c8f-46ab-a97e-f8ae322d89d0@group-A760D7F79D36-SegmentedRaftLog:OPENED:c-1,f-1,i0, conf=-1: [4a61082c-fbee-413e-ae0e-30e21a012342:192.168.151.67:43549, e55924e4-1c8f-46ab-a97e-f8ae322d89d0:192.168.151.67:40214, a9af49d4-12ef-4466-9519-242a6cd6b64b:192.168.151.67:43032], old=null
2019-10-02 20:08:01,689 [e55924e4-1c8f-46ab-a97e-f8ae322d89d0@group-A760D7F79D36:LeaderElection87] INFO  impl.RoleInfo (RoleInfo.java:shutdownLeaderElection(134)) - e55924e4-1c8f-46ab-a97e-f8ae322d89d0: shutdown LeaderElection
2019-10-02 20:08:01,689 [e55924e4-1c8f-46ab-a97e-f8ae322d89d0@group-A760D7F79D36:LeaderElection87] INFO  impl.RaftServerImpl (RaftServerImpl.java:setRole(174)) - e55924e4-1c8f-46ab-a97e-f8ae322d89d0@group-A760D7F79D36: changes role from CANDIDATE to LEADER at term 1 for changeToLeader
2019-10-02 20:08:01,690 [e55924e4-1c8f-46ab-a97e-f8ae322d89d0@group-A760D7F79D36:LeaderElection87] INFO  impl.RaftServerImpl (ServerState.java:setLeader(253)) - e55924e4-1c8f-46ab-a97e-f8ae322d89d0@group-A760D7F79D36: change Leader from null to e55924e4-1c8f-46ab-a97e-f8ae322d89d0 at term 1 for becomeLeader, leader elected after 5178ms
2019-10-02 20:08:01,690 [e55924e4-1c8f-46ab-a97e-f8ae322d89d0@group-A760D7F79D36:LeaderElection87] INFO  server.RaftServerConfigKeys (ConfUtils.java:logGet(43)) - raft.server.staging.catchup.gap = 1000 (default)
2019-10-02 20:08:01,690 [e55924e4-1c8f-46ab-a97e-f8ae322d89d0@group-A760D7F79D36:LeaderElection87] INFO  server.RaftServerConfigKeys (ConfUtils.java:logGet(43)) - raft.server.rpc.sleep.time = 25ms (default)
2019-10-02 20:08:01,690 [e55924e4-1c8f-46ab-a97e-f8ae322d89d0@group-A760D7F79D36:LeaderElection87] INFO  server.RaftServerConfigKeys (ConfUtils.java:logGet(43)) - raft.server.write.element-limit = 4096 (default)
2019-10-02 20:08:01,690 [e55924e4-1c8f-46ab-a97e-f8ae322d89d0@group-A760D7F79D36:LeaderElection87] INFO  server.RaftServerConfigKeys (ConfUtils.java:logGet(43)) - raft.server.watch.timeout = 10s (default)
2019-10-02 20:08:01,690 [e55924e4-1c8f-46ab-a97e-f8ae322d89d0@group-A760D7F79D36:LeaderElection87] INFO  server.RaftServerConfigKeys (ConfUtils.java:logGet(43)) - raft.server.watch.timeout.denomination = 1s (default)
2019-10-02 20:08:01,690 [e55924e4-1c8f-46ab-a97e-f8ae322d89d0@group-A760D7F79D36:LeaderElection87] INFO  server.RaftServerConfigKeys (ConfUtils.java:logGet(43)) - raft.server.watch.element-limit = 65536 (default)
2019-10-02 20:08:01,692 [e55924e4-1c8f-46ab-a97e-f8ae322d89d0@group-A760D7F79D36:LeaderElection87] INFO  server.RaftServerConfigKeys (ConfUtils.java:logGet(43)) - raft.server.log.appender.snapshot.chunk.size.max = 16MB (=16777216) (default)
2019-10-02 20:08:01,692 [e55924e4-1c8f-46ab-a97e-f8ae322d89d0@group-A760D7F79D36:LeaderElection87] INFO  server.RaftServerConfigKeys (ConfUtils.java:logGet(43)) - raft.server.log.appender.buffer.byte-limit = 33554432 (custom)
2019-10-02 20:08:01,692 [e55924e4-1c8f-46ab-a97e-f8ae322d89d0@group-A760D7F79D36:LeaderElection87] INFO  server.RaftServerConfigKeys (ConfUtils.java:logGet(43)) - raft.server.log.appender.buffer.element-limit = 1 (custom)
2019-10-02 20:08:01,692 [e55924e4-1c8f-46ab-a97e-f8ae322d89d0@group-A760D7F79D36:LeaderElection87] INFO  grpc.GrpcConfigKeys$Server (ConfUtils.java:logGet(43)) - raft.grpc.server.leader.outstanding.appends.max = 128 (default)
2019-10-02 20:08:01,692 [e55924e4-1c8f-46ab-a97e-f8ae322d89d0@group-A760D7F79D36:LeaderElection87] INFO  server.RaftServerConfigKeys (ConfUtils.java:logGet(43)) - raft.server.rpc.request.timeout = 3000ms (default)
2019-10-02 20:08:01,693 [e55924e4-1c8f-46ab-a97e-f8ae322d89d0@group-A760D7F79D36:LeaderElection87] INFO  server.RaftServerConfigKeys (ConfUtils.java:logGet(43)) - raft.server.log.appender.install.snapshot.enabled = false (custom)
2019-10-02 20:08:01,693 [e55924e4-1c8f-46ab-a97e-f8ae322d89d0@group-A760D7F79D36:LeaderElection87] INFO  server.RaftServerConfigKeys (ConfUtils.java:logGet(43)) - raft.server.log.appender.snapshot.chunk.size.max = 16MB (=16777216) (default)
2019-10-02 20:08:01,693 [e55924e4-1c8f-46ab-a97e-f8ae322d89d0@group-A760D7F79D36:LeaderElection87] INFO  server.RaftServerConfigKeys (ConfUtils.java:logGet(43)) - raft.server.log.appender.buffer.byte-limit = 33554432 (custom)
2019-10-02 20:08:01,693 [e55924e4-1c8f-46ab-a97e-f8ae322d89d0@group-A760D7F79D36:LeaderElection87] INFO  server.RaftServerConfigKeys (ConfUtils.java:logGet(43)) - raft.server.log.appender.buffer.element-limit = 1 (custom)
2019-10-02 20:08:01,693 [e55924e4-1c8f-46ab-a97e-f8ae322d89d0@group-A760D7F79D36:LeaderElection87] INFO  grpc.GrpcConfigKeys$Server (ConfUtils.java:logGet(43)) - raft.grpc.server.leader.outstanding.appends.max = 128 (default)
2019-10-02 20:08:01,693 [e55924e4-1c8f-46ab-a97e-f8ae322d89d0@group-A760D7F79D36:LeaderElection87] INFO  server.RaftServerConfigKeys (ConfUtils.java:logGet(43)) - raft.server.rpc.request.timeout = 3000ms (default)
2019-10-02 20:08:01,693 [e55924e4-1c8f-46ab-a97e-f8ae322d89d0@group-A760D7F79D36:LeaderElection87] INFO  server.RaftServerConfigKeys (ConfUtils.java:logGet(43)) - raft.server.log.appender.install.snapshot.enabled = false (custom)
2019-10-02 20:08:01,694 [e55924e4-1c8f-46ab-a97e-f8ae322d89d0@group-A760D7F79D36:LeaderElection87] INFO  impl.RoleInfo (RoleInfo.java:updateAndGet(143)) - e55924e4-1c8f-46ab-a97e-f8ae322d89d0: start LeaderState
2019-10-02 20:08:01,694 [e55924e4-1c8f-46ab-a97e-f8ae322d89d0@group-A760D7F79D36:LeaderElection87] INFO  segmented.SegmentedRaftLogWorker (SegmentedRaftLogWorker.java:startLogSegment(380)) - e55924e4-1c8f-46ab-a97e-f8ae322d89d0@group-A760D7F79D36-SegmentedRaftLogWorker: Starting segment from index:0
2019-10-02 20:08:01,695 [e55924e4-1c8f-46ab-a97e-f8ae322d89d0@group-A760D7F79D36:LeaderElection87] INFO  impl.RaftServerImpl (ServerState.java:setRaftConf(354)) - e55924e4-1c8f-46ab-a97e-f8ae322d89d0@group-A760D7F79D36: set configuration 0: [4a61082c-fbee-413e-ae0e-30e21a012342:192.168.151.67:43549, e55924e4-1c8f-46ab-a97e-f8ae322d89d0:192.168.151.67:40214, a9af49d4-12ef-4466-9519-242a6cd6b64b:192.168.151.67:43032], old=null at 0
2019-10-02 20:08:01,724 [grpc-default-executor-7] INFO  impl.RaftServerImpl (RaftServerImpl.java:requestVote(758)) - e55924e4-1c8f-46ab-a97e-f8ae322d89d0@group-A760D7F79D36-   LEADER: Withhold vote from candidate a9af49d4-12ef-4466-9519-242a6cd6b64b with term 1. State: leader=e55924e4-1c8f-46ab-a97e-f8ae322d89d0, term=1, lastRpcElapsed=null
2019-10-02 20:08:01,728 [grpc-default-executor-5] INFO  impl.RaftServerImpl (RaftServerImpl.java:setRole(174)) - a9af49d4-12ef-4466-9519-242a6cd6b64b@group-A760D7F79D36: changes role from CANDIDATE to FOLLOWER at term 1 for appendEntries
2019-10-02 20:08:01,728 [a9af49d4-12ef-4466-9519-242a6cd6b64b@group-A760D7F79D36:LeaderElection88] INFO  impl.LeaderElection (LeaderElection.java:logAndReturn(56)) - a9af49d4-12ef-4466-9519-242a6cd6b64b@group-A760D7F79D36:LeaderElection88: Election REJECTED; received 2 response(s) [a9af49d4-12ef-4466-9519-242a6cd6b64b<-4a61082c-fbee-413e-ae0e-30e21a012342#0:FAIL-t1, a9af49d4-12ef-4466-9519-242a6cd6b64b<-e55924e4-1c8f-46ab-a97e-f8ae322d89d0#0:FAIL-t1] and 0 exception(s); a9af49d4-12ef-4466-9519-242a6cd6b64b@group-A760D7F79D36:t1, leader=null, voted=a9af49d4-12ef-4466-9519-242a6cd6b64b, raftlog=a9af49d4-12ef-4466-9519-242a6cd6b64b@group-A760D7F79D36-SegmentedRaftLog:OPENED:c-1,f-1,i0, conf=-1: [4a61082c-fbee-413e-ae0e-30e21a012342:192.168.151.67:43549, e55924e4-1c8f-46ab-a97e-f8ae322d89d0:192.168.151.67:40214, a9af49d4-12ef-4466-9519-242a6cd6b64b:192.168.151.67:43032], old=null
2019-10-02 20:08:01,728 [grpc-default-executor-5] INFO  impl.RoleInfo (RoleInfo.java:shutdownLeaderElection(134)) - a9af49d4-12ef-4466-9519-242a6cd6b64b: shutdown LeaderElection
2019-10-02 20:08:01,729 [grpc-default-executor-5] INFO  impl.RoleInfo (RoleInfo.java:updateAndGet(143)) - a9af49d4-12ef-4466-9519-242a6cd6b64b: start FollowerState
2019-10-02 20:08:01,730 [grpc-default-executor-5] INFO  impl.RaftServerImpl (ServerState.java:setLeader(253)) - a9af49d4-12ef-4466-9519-242a6cd6b64b@group-A760D7F79D36: change Leader from null to e55924e4-1c8f-46ab-a97e-f8ae322d89d0 at term 1 for appendEntries, leader elected after 5219ms
2019-10-02 20:08:01,733 [grpc-default-executor-7] INFO  impl.RaftServerImpl (ServerState.java:setLeader(253)) - 4a61082c-fbee-413e-ae0e-30e21a012342@group-A760D7F79D36: change Leader from null to e55924e4-1c8f-46ab-a97e-f8ae322d89d0 at term 1 for appendEntries, leader elected after 5222ms
2019-10-02 20:08:01,743 [e55924e4-1c8f-46ab-a97e-f8ae322d89d0@group-A760D7F79D36-SegmentedRaftLogWorker] INFO  segmented.SegmentedRaftLogWorker (SegmentedRaftLogWorker.java:execute(569)) - e55924e4-1c8f-46ab-a97e-f8ae322d89d0@group-A760D7F79D36-SegmentedRaftLogWorker: created new log segment /workdir/hadoop-ozone/integration-test/target/test-dir/MiniOzoneClusterImpl-aca11393-2759-4d1b-a5f8-dca1b679aeb5/datanode-5/data/ratis/fd1b0dcb-0abf-45b8-9725-a760d7f79d36/current/log_inprogress_0
2019-10-02 20:08:01,751 [grpc-default-executor-7] INFO  impl.RaftServerImpl (ServerState.java:setRaftConf(354)) - a9af49d4-12ef-4466-9519-242a6cd6b64b@group-A760D7F79D36: set configuration 0: [4a61082c-fbee-413e-ae0e-30e21a012342:192.168.151.67:43549, e55924e4-1c8f-46ab-a97e-f8ae322d89d0:192.168.151.67:40214, a9af49d4-12ef-4466-9519-242a6cd6b64b:192.168.151.67:43032], old=null at 0
2019-10-02 20:08:01,751 [grpc-default-executor-7] INFO  segmented.SegmentedRaftLogWorker (SegmentedRaftLogWorker.java:startLogSegment(380)) - a9af49d4-12ef-4466-9519-242a6cd6b64b@group-A760D7F79D36-SegmentedRaftLogWorker: Starting segment from index:0
2019-10-02 20:08:01,751 [grpc-default-executor-7] INFO  impl.RaftServerImpl (ServerState.java:setRaftConf(354)) - 4a61082c-fbee-413e-ae0e-30e21a012342@group-A760D7F79D36: set configuration 0: [4a61082c-fbee-413e-ae0e-30e21a012342:192.168.151.67:43549, e55924e4-1c8f-46ab-a97e-f8ae322d89d0:192.168.151.67:40214, a9af49d4-12ef-4466-9519-242a6cd6b64b:192.168.151.67:43032], old=null at 0
2019-10-02 20:08:01,752 [grpc-default-executor-7] INFO  segmented.SegmentedRaftLogWorker (SegmentedRaftLogWorker.java:startLogSegment(380)) - 4a61082c-fbee-413e-ae0e-30e21a012342@group-A760D7F79D36-SegmentedRaftLogWorker: Starting segment from index:0
2019-10-02 20:08:01,808 [a9af49d4-12ef-4466-9519-242a6cd6b64b@group-A760D7F79D36-SegmentedRaftLogWorker] INFO  segmented.SegmentedRaftLogWorker (SegmentedRaftLogWorker.java:execute(569)) - a9af49d4-12ef-4466-9519-242a6cd6b64b@group-A760D7F79D36-SegmentedRaftLogWorker: created new log segment /workdir/hadoop-ozone/integration-test/target/test-dir/MiniOzoneClusterImpl-aca11393-2759-4d1b-a5f8-dca1b679aeb5/datanode-3/data/ratis/fd1b0dcb-0abf-45b8-9725-a760d7f79d36/current/log_inprogress_0
2019-10-02 20:08:01,808 [4a61082c-fbee-413e-ae0e-30e21a012342@group-A760D7F79D36-SegmentedRaftLogWorker] INFO  segmented.SegmentedRaftLogWorker (SegmentedRaftLogWorker.java:execute(569)) - 4a61082c-fbee-413e-ae0e-30e21a012342@group-A760D7F79D36-SegmentedRaftLogWorker: created new log segment /workdir/hadoop-ozone/integration-test/target/test-dir/MiniOzoneClusterImpl-aca11393-2759-4d1b-a5f8-dca1b679aeb5/datanode-6/data/ratis/fd1b0dcb-0abf-45b8-9725-a760d7f79d36/current/log_inprogress_0
2019-10-02 20:08:02,848 [main] WARN  scm.XceiverClientRatis (XceiverClientRatis.java:watchForCommit(292)) - 3 way commit failed on pipeline Pipeline[ Id: bdeceee4-6cdf-48db-80d5-8a686a512450, Nodes: 80e39893-1025-4cfc-a7ed-edf02fc85b0e{ip: 192.168.151.67, host: pr-hdds-2198-qvzm8-602720389, networkLocation: /default-rack, certSerialId: null}55b062ed-7beb-4a9a-ad42-b82892abf588{ip: 192.168.151.67, host: pr-hdds-2198-qvzm8-602720389, networkLocation: /default-rack, certSerialId: null}4e1d41a4-7b1e-4a6c-bd2b-74c38c2571ab{ip: 192.168.151.67, host: pr-hdds-2198-qvzm8-602720389, networkLocation: /default-rack, certSerialId: null}, Type:RATIS, Factor:THREE, State:OPEN]
java.util.concurrent.TimeoutException
	at java.util.concurrent.CompletableFuture.timedGet(CompletableFuture.java:1771)
	at java.util.concurrent.CompletableFuture.get(CompletableFuture.java:1915)
	at org.apache.hadoop.hdds.scm.XceiverClientRatis.watchForCommit(XceiverClientRatis.java:289)
	at org.apache.hadoop.hdds.scm.storage.CommitWatcher.watchForCommit(CommitWatcher.java:194)
	at org.apache.hadoop.hdds.scm.storage.CommitWatcher.watchOnLastIndex(CommitWatcher.java:157)
	at org.apache.hadoop.hdds.scm.storage.BlockOutputStream.watchForCommit(BlockOutputStream.java:347)
	at org.apache.hadoop.hdds.scm.storage.BlockOutputStream.handleFlush(BlockOutputStream.java:479)
	at org.apache.hadoop.hdds.scm.storage.BlockOutputStream.flush(BlockOutputStream.java:428)
	at org.apache.hadoop.ozone.client.io.BlockOutputStreamEntry.flush(BlockOutputStreamEntry.java:136)
	at org.apache.hadoop.ozone.client.io.KeyOutputStream.handleFlushOrClose(KeyOutputStream.java:443)
	at org.apache.hadoop.ozone.client.io.KeyOutputStream.flush(KeyOutputStream.java:397)
	at org.apache.hadoop.ozone.client.io.OzoneOutputStream.flush(OzoneOutputStream.java:54)
	at org.apache.hadoop.ozone.client.rpc.TestBlockOutputStreamWithFailures.testFailureWithPrimeSizedData(TestBlockOutputStreamWithFailures.java:599)
	at sun.reflect.NativeMethodAccessorImpl.invoke0(Native Method)
	at sun.reflect.NativeMethodAccessorImpl.invoke(NativeMethodAccessorImpl.java:62)
	at sun.reflect.DelegatingMethodAccessorImpl.invoke(DelegatingMethodAccessorImpl.java:43)
	at java.lang.reflect.Method.invoke(Method.java:498)
	at org.junit.runners.model.FrameworkMethod$1.runReflectiveCall(FrameworkMethod.java:47)
	at org.junit.internal.runners.model.ReflectiveCallable.run(ReflectiveCallable.java:12)
	at org.junit.runners.model.FrameworkMethod.invokeExplosively(FrameworkMethod.java:44)
	at org.junit.internal.runners.statements.InvokeMethod.evaluate(InvokeMethod.java:17)
	at org.junit.internal.runners.statements.RunBefores.evaluate(RunBefores.java:26)
	at org.junit.internal.runners.statements.RunAfters.evaluate(RunAfters.java:27)
	at org.junit.runners.ParentRunner.runLeaf(ParentRunner.java:271)
	at org.junit.runners.BlockJUnit4ClassRunner.runChild(BlockJUnit4ClassRunner.java:70)
	at org.junit.runners.BlockJUnit4ClassRunner.runChild(BlockJUnit4ClassRunner.java:50)
	at org.junit.runners.ParentRunner$3.run(ParentRunner.java:238)
	at org.junit.runners.ParentRunner$1.schedule(ParentRunner.java:63)
	at org.junit.runners.ParentRunner.runChildren(ParentRunner.java:236)
	at org.junit.runners.ParentRunner.access$000(ParentRunner.java:53)
	at org.junit.runners.ParentRunner$2.evaluate(ParentRunner.java:229)
	at org.junit.runners.ParentRunner.run(ParentRunner.java:309)
	at org.apache.maven.surefire.junit4.JUnit4Provider.execute(JUnit4Provider.java:365)
	at org.apache.maven.surefire.junit4.JUnit4Provider.executeWithRerun(JUnit4Provider.java:273)
	at org.apache.maven.surefire.junit4.JUnit4Provider.executeTestSet(JUnit4Provider.java:238)
	at org.apache.maven.surefire.junit4.JUnit4Provider.invoke(JUnit4Provider.java:159)
	at org.apache.maven.surefire.booter.ForkedBooter.invokeProviderInSameClassLoader(ForkedBooter.java:384)
	at org.apache.maven.surefire.booter.ForkedBooter.runSuitesInProcess(ForkedBooter.java:345)
	at org.apache.maven.surefire.booter.ForkedBooter.execute(ForkedBooter.java:126)
	at org.apache.maven.surefire.booter.ForkedBooter.main(ForkedBooter.java:418)
2019-10-02 20:08:03,852 [main] WARN  storage.CommitWatcher (CommitWatcher.java:watchForCommit(203)) - watchForCommit failed for index 4
java.util.concurrent.TimeoutException
	at java.util.concurrent.CompletableFuture.timedGet(CompletableFuture.java:1771)
	at java.util.concurrent.CompletableFuture.get(CompletableFuture.java:1915)
	at org.apache.hadoop.hdds.scm.XceiverClientRatis.watchForCommit(XceiverClientRatis.java:298)
	at org.apache.hadoop.hdds.scm.storage.CommitWatcher.watchForCommit(CommitWatcher.java:194)
	at org.apache.hadoop.hdds.scm.storage.CommitWatcher.watchOnLastIndex(CommitWatcher.java:157)
	at org.apache.hadoop.hdds.scm.storage.BlockOutputStream.watchForCommit(BlockOutputStream.java:347)
	at org.apache.hadoop.hdds.scm.storage.BlockOutputStream.handleFlush(BlockOutputStream.java:479)
	at org.apache.hadoop.hdds.scm.storage.BlockOutputStream.flush(BlockOutputStream.java:428)
	at org.apache.hadoop.ozone.client.io.BlockOutputStreamEntry.flush(BlockOutputStreamEntry.java:136)
	at org.apache.hadoop.ozone.client.io.KeyOutputStream.handleFlushOrClose(KeyOutputStream.java:443)
	at org.apache.hadoop.ozone.client.io.KeyOutputStream.flush(KeyOutputStream.java:397)
	at org.apache.hadoop.ozone.client.io.OzoneOutputStream.flush(OzoneOutputStream.java:54)
	at org.apache.hadoop.ozone.client.rpc.TestBlockOutputStreamWithFailures.testFailureWithPrimeSizedData(TestBlockOutputStreamWithFailures.java:599)
	at sun.reflect.NativeMethodAccessorImpl.invoke0(Native Method)
	at sun.reflect.NativeMethodAccessorImpl.invoke(NativeMethodAccessorImpl.java:62)
	at sun.reflect.DelegatingMethodAccessorImpl.invoke(DelegatingMethodAccessorImpl.java:43)
	at java.lang.reflect.Method.invoke(Method.java:498)
	at org.junit.runners.model.FrameworkMethod$1.runReflectiveCall(FrameworkMethod.java:47)
	at org.junit.internal.runners.model.ReflectiveCallable.run(ReflectiveCallable.java:12)
	at org.junit.runners.model.FrameworkMethod.invokeExplosively(FrameworkMethod.java:44)
	at org.junit.internal.runners.statements.InvokeMethod.evaluate(InvokeMethod.java:17)
	at org.junit.internal.runners.statements.RunBefores.evaluate(RunBefores.java:26)
	at org.junit.internal.runners.statements.RunAfters.evaluate(RunAfters.java:27)
	at org.junit.runners.ParentRunner.runLeaf(ParentRunner.java:271)
	at org.junit.runners.BlockJUnit4ClassRunner.runChild(BlockJUnit4ClassRunner.java:70)
	at org.junit.runners.BlockJUnit4ClassRunner.runChild(BlockJUnit4ClassRunner.java:50)
	at org.junit.runners.ParentRunner$3.run(ParentRunner.java:238)
	at org.junit.runners.ParentRunner$1.schedule(ParentRunner.java:63)
	at org.junit.runners.ParentRunner.runChildren(ParentRunner.java:236)
	at org.junit.runners.ParentRunner.access$000(ParentRunner.java:53)
	at org.junit.runners.ParentRunner$2.evaluate(ParentRunner.java:229)
	at org.junit.runners.ParentRunner.run(ParentRunner.java:309)
	at org.apache.maven.surefire.junit4.JUnit4Provider.execute(JUnit4Provider.java:365)
	at org.apache.maven.surefire.junit4.JUnit4Provider.executeWithRerun(JUnit4Provider.java:273)
	at org.apache.maven.surefire.junit4.JUnit4Provider.executeTestSet(JUnit4Provider.java:238)
	at org.apache.maven.surefire.junit4.JUnit4Provider.invoke(JUnit4Provider.java:159)
	at org.apache.maven.surefire.booter.ForkedBooter.invokeProviderInSameClassLoader(ForkedBooter.java:384)
	at org.apache.maven.surefire.booter.ForkedBooter.runSuitesInProcess(ForkedBooter.java:345)
	at org.apache.maven.surefire.booter.ForkedBooter.execute(ForkedBooter.java:126)
	at org.apache.maven.surefire.booter.ForkedBooter.main(ForkedBooter.java:418)
2019-10-02 20:08:03,854 [main] WARN  io.KeyOutputStream (KeyOutputStream.java:handleException(274)) - Encountered exception java.io.IOException: Unexpected Storage Container Exception: java.io.IOException: Unexpected Storage Container Exception: java.util.concurrent.TimeoutException on the pipeline Pipeline[ Id: bdeceee4-6cdf-48db-80d5-8a686a512450, Nodes: 80e39893-1025-4cfc-a7ed-edf02fc85b0e{ip: 192.168.151.67, host: pr-hdds-2198-qvzm8-602720389, networkLocation: /default-rack, certSerialId: null}55b062ed-7beb-4a9a-ad42-b82892abf588{ip: 192.168.151.67, host: pr-hdds-2198-qvzm8-602720389, networkLocation: /default-rack, certSerialId: null}4e1d41a4-7b1e-4a6c-bd2b-74c38c2571ab{ip: 192.168.151.67, host: pr-hdds-2198-qvzm8-602720389, networkLocation: /default-rack, certSerialId: null}, Type:RATIS, Factor:THREE, State:OPEN]. The last committed block length is 0, uncommitted data length is 167 retry count 0
2019-10-02 20:08:04,044 [main] INFO  ozone.MiniOzoneClusterImpl (MiniOzoneClusterImpl.java:shutdown(314)) - Shutting down the Mini Ozone Cluster
2019-10-02 20:08:04,045 [main] INFO  ozone.MiniOzoneClusterImpl (MiniOzoneClusterImpl.java:stop(330)) - Stopping the Mini Ozone Cluster
2019-10-02 20:08:04,045 [main] INFO  ozone.MiniOzoneClusterImpl (MiniOzoneClusterImpl.java:stopOM(400)) - Stopping the OzoneManager
2019-10-02 20:08:04,045 [main] INFO  ipc.Server (Server.java:stop(3082)) - Stopping server on 42401
2019-10-02 20:08:04,074 [IPC Server listener on 42401] INFO  ipc.Server (Server.java:run(1185)) - Stopping IPC Server listener on 42401
2019-10-02 20:08:04,077 [main] INFO  ratis.OzoneManagerDoubleBuffer (OzoneManagerDoubleBuffer.java:stop(248)) - Stopping OMDoubleBuffer flush thread
2019-10-02 20:08:04,079 [IPC Server Responder] INFO  ipc.Server (Server.java:run(1319)) - Stopping IPC Server Responder
2019-10-02 20:08:04,087 [OMDoubleBufferFlushThread] INFO  ratis.OzoneManagerDoubleBuffer (OzoneManagerDoubleBuffer.java:flushTransactions(191)) - OMDoubleBuffer flush thread OMDoubleBufferFlushThread is interrupted and will exit. OMDoubleBufferFlushThread
2019-10-02 20:08:04,088 [main] INFO  utils.BackgroundService (BackgroundService.java:shutdown(148)) - Shutting down service KeyDeletingService
2019-10-02 20:08:04,089 [main] INFO  handler.ContextHandler (ContextHandler.java:doStop(910)) - Stopped o.e.j.w.WebAppContext@7661e474{/,null,UNAVAILABLE}{/ozoneManager}
2019-10-02 20:08:04,090 [main] INFO  server.AbstractConnector (AbstractConnector.java:doStop(318)) - Stopped ServerConnector@20ffb8d5{HTTP/1.1,[http/1.1]}{0.0.0.0:0}
2019-10-02 20:08:04,091 [main] INFO  handler.ContextHandler (ContextHandler.java:doStop(910)) - Stopped o.e.j.s.ServletContextHandler@37d699a1{/static,file:///workdir/hadoop-ozone/integration-test/target/test-classes/webapps/static,UNAVAILABLE}
2019-10-02 20:08:04,091 [main] INFO  handler.ContextHandler (ContextHandler.java:doStop(910)) - Stopped o.e.j.s.ServletContextHandler@7de147e9{/logs,file:///workdir/hadoop-ozone/integration-test/target/log,UNAVAILABLE}
2019-10-02 20:08:04,093 [main] INFO  ozone.MiniOzoneClusterImpl (MiniOzoneClusterImpl.java:stopDatanodes(377)) - Stopping the HddsDatanodes
2019-10-02 20:08:04,255 [Datanode State Machine Thread - 0] INFO  statemachine.DatanodeStateMachine (DatanodeStateMachine.java:lambda$startDaemon$0(350)) - Ozone container server started.
2019-10-02 20:08:04,690 [Datanode State Machine Thread - 0] INFO  statemachine.DatanodeStateMachine (DatanodeStateMachine.java:lambda$startDaemon$0(350)) - Ozone container server started.
2019-10-02 20:08:08,345 [EventQueue-StaleNodeForStaleNodeHandler] INFO  node.StaleNodeHandler (StaleNodeHandler.java:onMessage(58)) - Datanode 21f4094a-09ac-4136-a6cc-ad02d4a11e74{ip: 192.168.151.67, host: pr-hdds-2198-qvzm8-602720389, networkLocation: /default-rack, certSerialId: null} moved to stale state. Finalizing its pipelines [PipelineID=13073615-6fd0-4c42-8968-84251c58a716]
2019-10-02 20:08:08,348 [EventQueue-StaleNodeForStaleNodeHandler] INFO  pipeline.SCMPipelineManager (SCMPipelineManager.java:finalizeAndDestroyPipeline(315)) - destroying pipeline:Pipeline[ Id: 13073615-6fd0-4c42-8968-84251c58a716, Nodes: 21f4094a-09ac-4136-a6cc-ad02d4a11e74{ip: 192.168.151.67, host: pr-hdds-2198-qvzm8-602720389, networkLocation: /default-rack, certSerialId: null}, Type:RATIS, Factor:ONE, State:OPEN]
2019-10-02 20:08:08,348 [EventQueue-StaleNodeForStaleNodeHandler] INFO  pipeline.PipelineStateManager (PipelineStateManager.java:finalizePipeline(123)) - Pipeline Pipeline[ Id: 13073615-6fd0-4c42-8968-84251c58a716, Nodes: 21f4094a-09ac-4136-a6cc-ad02d4a11e74{ip: 192.168.151.67, host: pr-hdds-2198-qvzm8-602720389, networkLocation: /default-rack, certSerialId: null}, Type:RATIS, Factor:ONE, State:CLOSED] moved to CLOSED state
2019-10-02 20:08:08,745 [EventQueue-StaleNodeForStaleNodeHandler] INFO  node.StaleNodeHandler (StaleNodeHandler.java:onMessage(58)) - Datanode 55b062ed-7beb-4a9a-ad42-b82892abf588{ip: 192.168.151.67, host: pr-hdds-2198-qvzm8-602720389, networkLocation: /default-rack, certSerialId: null} moved to stale state. Finalizing its pipelines [PipelineID=bdeceee4-6cdf-48db-80d5-8a686a512450, PipelineID=751be113-9885-4a54-abfc-1c1b34538a69]
2019-10-02 20:08:08,745 [EventQueue-StaleNodeForStaleNodeHandler] INFO  pipeline.SCMPipelineManager (SCMPipelineManager.java:finalizeAndDestroyPipeline(315)) - destroying pipeline:Pipeline[ Id: bdeceee4-6cdf-48db-80d5-8a686a512450, Nodes: 80e39893-1025-4cfc-a7ed-edf02fc85b0e{ip: 192.168.151.67, host: pr-hdds-2198-qvzm8-602720389, networkLocation: /default-rack, certSerialId: null}55b062ed-7beb-4a9a-ad42-b82892abf588{ip: 192.168.151.67, host: pr-hdds-2198-qvzm8-602720389, networkLocation: /default-rack, certSerialId: null}4e1d41a4-7b1e-4a6c-bd2b-74c38c2571ab{ip: 192.168.151.67, host: pr-hdds-2198-qvzm8-602720389, networkLocation: /default-rack, certSerialId: null}, Type:RATIS, Factor:THREE, State:OPEN]
2019-10-02 20:08:08,746 [EventQueue-StaleNodeForStaleNodeHandler] INFO  pipeline.PipelineStateManager (PipelineStateManager.java:finalizePipeline(123)) - Pipeline Pipeline[ Id: bdeceee4-6cdf-48db-80d5-8a686a512450, Nodes: 80e39893-1025-4cfc-a7ed-edf02fc85b0e{ip: 192.168.151.67, host: pr-hdds-2198-qvzm8-602720389, networkLocation: /default-rack, certSerialId: null}55b062ed-7beb-4a9a-ad42-b82892abf588{ip: 192.168.151.67, host: pr-hdds-2198-qvzm8-602720389, networkLocation: /default-rack, certSerialId: null}4e1d41a4-7b1e-4a6c-bd2b-74c38c2571ab{ip: 192.168.151.67, host: pr-hdds-2198-qvzm8-602720389, networkLocation: /default-rack, certSerialId: null}, Type:RATIS, Factor:THREE, State:CLOSED] moved to CLOSED state
2019-10-02 20:08:08,746 [EventQueue-CloseContainerForCloseContainerEventHandler] INFO  container.CloseContainerEventHandler (CloseContainerEventHandler.java:onMessage(61)) - Close container Event triggered for container : #1
2019-10-02 20:08:08,750 [EventQueue-StaleNodeForStaleNodeHandler] INFO  pipeline.SCMPipelineManager (SCMPipelineManager.java:finalizeAndDestroyPipeline(315)) - destroying pipeline:Pipeline[ Id: 751be113-9885-4a54-abfc-1c1b34538a69, Nodes: 55b062ed-7beb-4a9a-ad42-b82892abf588{ip: 192.168.151.67, host: pr-hdds-2198-qvzm8-602720389, networkLocation: /default-rack, certSerialId: null}, Type:RATIS, Factor:ONE, State:OPEN]
2019-10-02 20:08:08,751 [EventQueue-StaleNodeForStaleNodeHandler] INFO  pipeline.PipelineStateManager (PipelineStateManager.java:finalizePipeline(123)) - Pipeline Pipeline[ Id: 751be113-9885-4a54-abfc-1c1b34538a69, Nodes: 55b062ed-7beb-4a9a-ad42-b82892abf588{ip: 192.168.151.67, host: pr-hdds-2198-qvzm8-602720389, networkLocation: /default-rack, certSerialId: null}, Type:RATIS, Factor:ONE, State:CLOSED] moved to CLOSED state
2019-10-02 20:08:09,095 [ForkJoinPool.commonPool-worker-1] INFO  ozoneimpl.OzoneContainer (OzoneContainer.java:stop(231)) - Attempting to stop container services.
2019-10-02 20:08:09,095 [main] INFO  ozoneimpl.OzoneContainer (OzoneContainer.java:stop(231)) - Attempting to stop container services.
2019-10-02 20:08:09,096 [ForkJoinPool.commonPool-worker-1] INFO  impl.RaftServerProxy (RaftServerProxy.java:lambda$close$4(314)) - 55b062ed-7beb-4a9a-ad42-b82892abf588: close
2019-10-02 20:08:09,096 [main] INFO  impl.RaftServerProxy (RaftServerProxy.java:lambda$close$4(314)) - 21f4094a-09ac-4136-a6cc-ad02d4a11e74: close
2019-10-02 20:08:09,096 [ForkJoinPool.commonPool-worker-1] INFO  impl.RaftServerImpl (RaftServerImpl.java:lambda$shutdown$3(251)) - 55b062ed-7beb-4a9a-ad42-b82892abf588@group-8A686A512450: shutdown
2019-10-02 20:08:09,099 [main] INFO  impl.RaftServerImpl (RaftServerImpl.java:lambda$shutdown$3(251)) - 21f4094a-09ac-4136-a6cc-ad02d4a11e74@group-84251C58A716: shutdown
2019-10-02 20:08:09,099 [ForkJoinPool.commonPool-worker-1] INFO  util.JmxRegister (JmxRegister.java:unregister(73)) - Successfully un-registered JMX Bean with object name Ratis:service=RaftServer,group=group-8A686A512450,id=55b062ed-7beb-4a9a-ad42-b82892abf588
2019-10-02 20:08:09,100 [main] INFO  util.JmxRegister (JmxRegister.java:unregister(73)) - Successfully un-registered JMX Bean with object name Ratis:service=RaftServer,group=group-84251C58A716,id=21f4094a-09ac-4136-a6cc-ad02d4a11e74
2019-10-02 20:08:09,100 [ForkJoinPool.commonPool-worker-1] INFO  impl.RoleInfo (RoleInfo.java:shutdownFollowerState(121)) - 55b062ed-7beb-4a9a-ad42-b82892abf588: shutdown FollowerState
2019-10-02 20:08:09,101 [main] INFO  impl.RoleInfo (RoleInfo.java:shutdownLeaderState(104)) - 21f4094a-09ac-4136-a6cc-ad02d4a11e74: shutdown LeaderState
2019-10-02 20:08:09,101 [Thread-3657] INFO  impl.FollowerState (FollowerState.java:run(115)) - 55b062ed-7beb-4a9a-ad42-b82892abf588: FollowerState was interrupted: java.lang.InterruptedException: sleep interrupted
2019-10-02 20:08:09,101 [55b062ed-7beb-4a9a-ad42-b82892abf588@group-8A686A512450-StateMachineUpdater] INFO  ratis.ContainerStateMachine (ContainerStateMachine.java:takeSnapshot(289)) - group-8A686A512450: Taking a snapshot at:(t:1, i:6) file /workdir/hadoop-ozone/integration-test/target/test-dir/MiniOzoneClusterImpl-aca11393-2759-4d1b-a5f8-dca1b679aeb5/datanode-1/data/ratis/bdeceee4-6cdf-48db-80d5-8a686a512450/sm/snapshot.1_6
2019-10-02 20:08:09,101 [ForkJoinPool.commonPool-worker-1] INFO  impl.StateMachineUpdater (StateMachineUpdater.java:stopAndJoin(125)) - 55b062ed-7beb-4a9a-ad42-b82892abf588@group-8A686A512450-StateMachineUpdater: set stopIndex = 6
2019-10-02 20:08:09,101 [main] INFO  impl.PendingRequests (PendingRequests.java:sendNotLeaderResponses(202)) - 21f4094a-09ac-4136-a6cc-ad02d4a11e74-PendingRequests: sendNotLeaderResponses
2019-10-02 20:08:09,104 [main] INFO  impl.StateMachineUpdater (StateMachineUpdater.java:stopAndJoin(125)) - 21f4094a-09ac-4136-a6cc-ad02d4a11e74@group-84251C58A716-StateMachineUpdater: set stopIndex = 0
2019-10-02 20:08:09,105 [main] INFO  impl.RaftServerImpl (ServerState.java:close(385)) - 21f4094a-09ac-4136-a6cc-ad02d4a11e74@group-84251C58A716: closes. applyIndex: 0
2019-10-02 20:08:09,106 [21f4094a-09ac-4136-a6cc-ad02d4a11e74@group-84251C58A716-SegmentedRaftLogWorker] INFO  segmented.SegmentedRaftLogWorker (SegmentedRaftLogWorker.java:run(313)) - 21f4094a-09ac-4136-a6cc-ad02d4a11e74@group-84251C58A716-SegmentedRaftLogWorker was interrupted, exiting. There are 0 tasks remaining in the queue.
2019-10-02 20:08:09,108 [main] INFO  segmented.SegmentedRaftLogWorker (SegmentedRaftLogWorker.java:close(228)) - 21f4094a-09ac-4136-a6cc-ad02d4a11e74@group-84251C58A716-SegmentedRaftLogWorker close()
2019-10-02 20:08:09,112 [main] INFO  server.GrpcService (GrpcService.java:closeImpl(164)) - 21f4094a-09ac-4136-a6cc-ad02d4a11e74: shutdown server with port 38164 now
2019-10-02 20:08:09,114 [main] INFO  server.GrpcService (GrpcService.java:closeImpl(172)) - 21f4094a-09ac-4136-a6cc-ad02d4a11e74: shutdown server with port 38164 successfully
2019-10-02 20:08:09,118 [55b062ed-7beb-4a9a-ad42-b82892abf588@group-8A686A512450-StateMachineUpdater] INFO  ratis.ContainerStateMachine (ContainerStateMachine.java:takeSnapshot(300)) - group-8A686A512450: Finished taking a snapshot at:(t:1, i:6) file:/workdir/hadoop-ozone/integration-test/target/test-dir/MiniOzoneClusterImpl-aca11393-2759-4d1b-a5f8-dca1b679aeb5/datanode-1/data/ratis/bdeceee4-6cdf-48db-80d5-8a686a512450/sm/snapshot.1_6 time:16
2019-10-02 20:08:09,118 [55b062ed-7beb-4a9a-ad42-b82892abf588@group-8A686A512450-StateMachineUpdater] INFO  impl.StateMachineUpdater (StateMachineUpdater.java:takeSnapshot(258)) - 55b062ed-7beb-4a9a-ad42-b82892abf588@group-8A686A512450-StateMachineUpdater: Took a snapshot at index 6
2019-10-02 20:08:09,118 [55b062ed-7beb-4a9a-ad42-b82892abf588@group-8A686A512450-StateMachineUpdater] INFO  impl.StateMachineUpdater (StateMachineUpdater.java:lambda$new$0(83)) - 55b062ed-7beb-4a9a-ad42-b82892abf588@group-8A686A512450-StateMachineUpdater: snapshotIndex: updateIncreasingly -1 -> 6
2019-10-02 20:08:09,119 [ForkJoinPool.commonPool-worker-1] INFO  impl.RaftServerImpl (ServerState.java:close(385)) - 55b062ed-7beb-4a9a-ad42-b82892abf588@group-8A686A512450: closes. applyIndex: 6
2019-10-02 20:08:09,121 [refreshUsed-/workdir/hadoop-ozone/integration-test/target/test-dir/MiniOzoneClusterImpl-aca11393-2759-4d1b-a5f8-dca1b679aeb5/datanode-4/data/containers] WARN  fs.CachingGetSpaceUsed (CachingGetSpaceUsed.java:run(183)) - Thread Interrupted waiting to refresh disk information: sleep interrupted
2019-10-02 20:08:09,121 [55b062ed-7beb-4a9a-ad42-b82892abf588@group-8A686A512450-SegmentedRaftLogWorker] INFO  segmented.SegmentedRaftLogWorker (SegmentedRaftLogWorker.java:run(313)) - 55b062ed-7beb-4a9a-ad42-b82892abf588@group-8A686A512450-SegmentedRaftLogWorker was interrupted, exiting. There are 0 tasks remaining in the queue.
2019-10-02 20:08:09,124 [ForkJoinPool.commonPool-worker-1] INFO  segmented.SegmentedRaftLogWorker (SegmentedRaftLogWorker.java:close(228)) - 55b062ed-7beb-4a9a-ad42-b82892abf588@group-8A686A512450-SegmentedRaftLogWorker close()
2019-10-02 20:08:09,127 [ForkJoinPool.commonPool-worker-1] INFO  impl.RaftServerImpl (RaftServerImpl.java:lambda$shutdown$3(251)) - 55b062ed-7beb-4a9a-ad42-b82892abf588@group-1C1B34538A69: shutdown
2019-10-02 20:08:09,127 [ForkJoinPool.commonPool-worker-1] INFO  util.JmxRegister (JmxRegister.java:unregister(73)) - Successfully un-registered JMX Bean with object name Ratis:service=RaftServer,group=group-1C1B34538A69,id=55b062ed-7beb-4a9a-ad42-b82892abf588
2019-10-02 20:08:09,127 [ForkJoinPool.commonPool-worker-1] INFO  impl.RoleInfo (RoleInfo.java:shutdownLeaderState(104)) - 55b062ed-7beb-4a9a-ad42-b82892abf588: shutdown LeaderState
2019-10-02 20:08:09,128 [ForkJoinPool.commonPool-worker-1] INFO  impl.PendingRequests (PendingRequests.java:sendNotLeaderResponses(202)) - 55b062ed-7beb-4a9a-ad42-b82892abf588-PendingRequests: sendNotLeaderResponses
2019-10-02 20:08:09,128 [ForkJoinPool.commonPool-worker-1] INFO  impl.StateMachineUpdater (StateMachineUpdater.java:stopAndJoin(125)) - 55b062ed-7beb-4a9a-ad42-b82892abf588@group-1C1B34538A69-StateMachineUpdater: set stopIndex = 0
2019-10-02 20:08:09,128 [ForkJoinPool.commonPool-worker-1] INFO  impl.RaftServerImpl (ServerState.java:close(385)) - 55b062ed-7beb-4a9a-ad42-b82892abf588@group-1C1B34538A69: closes. applyIndex: 0
2019-10-02 20:08:09,128 [55b062ed-7beb-4a9a-ad42-b82892abf588@group-1C1B34538A69-SegmentedRaftLogWorker] INFO  segmented.SegmentedRaftLogWorker (SegmentedRaftLogWorker.java:run(313)) - 55b062ed-7beb-4a9a-ad42-b82892abf588@group-1C1B34538A69-SegmentedRaftLogWorker was interrupted, exiting. There are 0 tasks remaining in the queue.
2019-10-02 20:08:09,130 [ForkJoinPool.commonPool-worker-1] INFO  segmented.SegmentedRaftLogWorker (SegmentedRaftLogWorker.java:close(228)) - 55b062ed-7beb-4a9a-ad42-b82892abf588@group-1C1B34538A69-SegmentedRaftLogWorker close()
2019-10-02 20:08:09,134 [ForkJoinPool.commonPool-worker-1] INFO  server.GrpcService (GrpcService.java:closeImpl(164)) - 55b062ed-7beb-4a9a-ad42-b82892abf588: shutdown server with port 43789 now
2019-10-02 20:08:09,135 [grpc-default-executor-0] WARN  server.GrpcServerProtocolService (LogUtils.java:warn(134)) - 55b062ed-7beb-4a9a-ad42-b82892abf588: installSnapshot onError, lastRequest: 80e39893-1025-4cfc-a7ed-edf02fc85b0e->55b062ed-7beb-4a9a-ad42-b82892abf588#9-t1, previous=(t:1, i:6), leaderCommit=6, initializing? false, entries: <empty>: org.apache.ratis.thirdparty.io.grpc.StatusRuntimeException: CANCELLED: cancelled before receiving half close
2019-10-02 20:08:09,135 [ForkJoinPool.commonPool-worker-1] INFO  server.GrpcService (GrpcService.java:closeImpl(172)) - 55b062ed-7beb-4a9a-ad42-b82892abf588: shutdown server with port 43789 successfully
2019-10-02 20:08:09,135 [grpc-default-executor-7] WARN  server.GrpcLogAppender (LogUtils.java:warn(134)) - 80e39893-1025-4cfc-a7ed-edf02fc85b0e@group-8A686A512450->55b062ed-7beb-4a9a-ad42-b82892abf588-AppendLogResponseHandler: Failed appendEntries: org.apache.ratis.thirdparty.io.grpc.StatusRuntimeException: CANCELLED: HTTP/2 error code: CANCEL
Received Rst Stream
2019-10-02 20:08:09,136 [grpc-default-executor-7] INFO  impl.FollowerInfo (FollowerInfo.java:lambda$new$0(51)) - 80e39893-1025-4cfc-a7ed-edf02fc85b0e@group-8A686A512450->55b062ed-7beb-4a9a-ad42-b82892abf588: nextIndex: updateUnconditionally 7 -> 6
2019-10-02 20:08:09,149 [refreshUsed-/workdir/hadoop-ozone/integration-test/target/test-dir/MiniOzoneClusterImpl-aca11393-2759-4d1b-a5f8-dca1b679aeb5/datanode-1/data/containers] WARN  fs.CachingGetSpaceUsed (CachingGetSpaceUsed.java:run(183)) - Thread Interrupted waiting to refresh disk information: sleep interrupted
2019-10-02 20:08:09,161 [main] INFO  utils.BackgroundService (BackgroundService.java:shutdown(148)) - Shutting down service BlockDeletingService
2019-10-02 20:08:09,166 [main] INFO  statemachine.DatanodeStateMachine (DatanodeStateMachine.java:stopDaemon(395)) - Ozone container server stopped.
2019-10-02 20:08:09,167 [main] INFO  handler.ContextHandler (ContextHandler.java:doStop(910)) - Stopped o.e.j.w.WebAppContext@3070f3e6{/,null,UNAVAILABLE}{/hddsDatanode}
2019-10-02 20:08:09,168 [main] INFO  server.AbstractConnector (AbstractConnector.java:doStop(318)) - Stopped ServerConnector@3271ec2a{HTTP/1.1,[http/1.1]}{0.0.0.0:0}
2019-10-02 20:08:09,169 [main] INFO  handler.ContextHandler (ContextHandler.java:doStop(910)) - Stopped o.e.j.s.ServletContextHandler@27bc1d44{/static,jar:file:/home/user/.m2/repository/org/apache/hadoop/hadoop-hdds-container-service/0.5.0-SNAPSHOT/hadoop-hdds-container-service-0.5.0-SNAPSHOT.jar!/webapps/static,UNAVAILABLE}
2019-10-02 20:08:09,169 [main] INFO  handler.ContextHandler (ContextHandler.java:doStop(910)) - Stopped o.e.j.s.ServletContextHandler@6060146b{/logs,file:///workdir/hadoop-ozone/integration-test/target/log,UNAVAILABLE}
2019-10-02 20:08:09,170 [ForkJoinPool.commonPool-worker-1] INFO  utils.BackgroundService (BackgroundService.java:shutdown(148)) - Shutting down service BlockDeletingService
2019-10-02 20:08:09,174 [ForkJoinPool.commonPool-worker-1] INFO  statemachine.DatanodeStateMachine (DatanodeStateMachine.java:stopDaemon(395)) - Ozone container server stopped.
2019-10-02 20:08:09,179 [ForkJoinPool.commonPool-worker-1] INFO  handler.ContextHandler (ContextHandler.java:doStop(910)) - Stopped o.e.j.w.WebAppContext@7cc2c551{/,null,UNAVAILABLE}{/hddsDatanode}
2019-10-02 20:08:09,179 [ForkJoinPool.commonPool-worker-1] INFO  server.AbstractConnector (AbstractConnector.java:doStop(318)) - Stopped ServerConnector@d84b3a2{HTTP/1.1,[http/1.1]}{0.0.0.0:0}
2019-10-02 20:08:09,185 [ForkJoinPool.commonPool-worker-1] INFO  handler.ContextHandler (ContextHandler.java:doStop(910)) - Stopped o.e.j.s.ServletContextHandler@57c69937{/static,jar:file:/home/user/.m2/repository/org/apache/hadoop/hadoop-hdds-container-service/0.5.0-SNAPSHOT/hadoop-hdds-container-service-0.5.0-SNAPSHOT.jar!/webapps/static,UNAVAILABLE}
2019-10-02 20:08:09,186 [ForkJoinPool.commonPool-worker-1] INFO  handler.ContextHandler (ContextHandler.java:doStop(910)) - Stopped o.e.j.s.ServletContextHandler@4ae280da{/logs,file:///workdir/hadoop-ozone/integration-test/target/log,UNAVAILABLE}
2019-10-02 20:08:09,327 [grpc-default-executor-8] WARN  server.GrpcLogAppender (LogUtils.java:warn(134)) - 80e39893-1025-4cfc-a7ed-edf02fc85b0e@group-8A686A512450->55b062ed-7beb-4a9a-ad42-b82892abf588-AppendLogResponseHandler: Failed appendEntries: org.apache.ratis.thirdparty.io.grpc.StatusRuntimeException: UNAVAILABLE: io exception
2019-10-02 20:08:09,328 [grpc-default-executor-8] INFO  impl.FollowerInfo (FollowerInfo.java:lambda$new$0(51)) - 80e39893-1025-4cfc-a7ed-edf02fc85b0e@group-8A686A512450->55b062ed-7beb-4a9a-ad42-b82892abf588: nextIndex: updateUnconditionally 6 -> 5
2019-10-02 20:08:09,690 [Datanode State Machine Thread - 0] INFO  statemachine.DatanodeStateMachine (DatanodeStateMachine.java:lambda$startDaemon$0(350)) - Ozone container server started.
2019-10-02 20:08:09,984 [Datanode State Machine Thread - 0] INFO  statemachine.DatanodeStateMachine (DatanodeStateMachine.java:lambda$startDaemon$0(350)) - Ozone container server started.
2019-10-02 20:08:10,709 [grpc-default-executor-7] WARN  server.GrpcLogAppender (LogUtils.java:warn(134)) - 80e39893-1025-4cfc-a7ed-edf02fc85b0e@group-8A686A512450->55b062ed-7beb-4a9a-ad42-b82892abf588-AppendLogResponseHandler: Failed appendEntries: org.apache.ratis.thirdparty.io.grpc.StatusRuntimeException: UNAVAILABLE: io exception
2019-10-02 20:08:10,710 [grpc-default-executor-7] INFO  impl.FollowerInfo (FollowerInfo.java:lambda$new$0(51)) - 80e39893-1025-4cfc-a7ed-edf02fc85b0e@group-8A686A512450->55b062ed-7beb-4a9a-ad42-b82892abf588: nextIndex: updateUnconditionally 6 -> 5
2019-10-02 20:08:10,722 [grpc-default-executor-8] WARN  server.GrpcLogAppender (LogUtils.java:warn(134)) - 80e39893-1025-4cfc-a7ed-edf02fc85b0e@group-8A686A512450->55b062ed-7beb-4a9a-ad42-b82892abf588-AppendLogResponseHandler: Failed appendEntries: org.apache.ratis.thirdparty.io.grpc.StatusRuntimeException: UNAVAILABLE: io exception
2019-10-02 20:08:10,722 [grpc-default-executor-8] INFO  impl.FollowerInfo (FollowerInfo.java:lambda$new$0(51)) - 80e39893-1025-4cfc-a7ed-edf02fc85b0e@group-8A686A512450->55b062ed-7beb-4a9a-ad42-b82892abf588: nextIndex: updateUnconditionally 6 -> 5
2019-10-02 20:08:10,733 [RatisApplyTransactionExecutor 1] INFO  interfaces.Container (KeyValueContainer.java:flushAndSyncDB(386)) - Container 1 is synced with bcsId 4.
2019-10-02 20:08:10,733 [RatisApplyTransactionExecutor 1] INFO  interfaces.Container (KeyValueContainer.java:flushAndSyncDB(386)) - Container 1 is synced with bcsId 4.
2019-10-02 20:08:10,735 [grpc-default-executor-8] WARN  server.GrpcLogAppender (LogUtils.java:warn(134)) - 80e39893-1025-4cfc-a7ed-edf02fc85b0e@group-8A686A512450->55b062ed-7beb-4a9a-ad42-b82892abf588-AppendLogResponseHandler: Failed appendEntries: org.apache.ratis.thirdparty.io.grpc.StatusRuntimeException: UNAVAILABLE: io exception
2019-10-02 20:08:10,735 [grpc-default-executor-8] INFO  impl.FollowerInfo (FollowerInfo.java:lambda$new$0(51)) - 80e39893-1025-4cfc-a7ed-edf02fc85b0e@group-8A686A512450->55b062ed-7beb-4a9a-ad42-b82892abf588: nextIndex: updateUnconditionally 6 -> 5
2019-10-02 20:08:10,748 [RatisApplyTransactionExecutor 1] INFO  interfaces.Container (KeyValueContainer.java:close(335)) - Container 1 is closed with bcsId 4.
2019-10-02 20:08:10,748 [EventQueue-IncrementalContainerReportForIncrementalContainerReportHandler] INFO  container.IncrementalContainerReportHandler (AbstractContainerReportHandler.java:updateContainerState(176)) - Moving container #1 to CLOSED state, datanode 80e39893-1025-4cfc-a7ed-edf02fc85b0e{ip: 192.168.151.67, host: pr-hdds-2198-qvzm8-602720389, networkLocation: /default-rack, certSerialId: null} reported CLOSED replica.
2019-10-02 20:08:10,759 [RatisApplyTransactionExecutor 1] INFO  interfaces.Container (KeyValueContainer.java:flushAndSyncDB(386)) - Container 1 is synced with bcsId 4.
2019-10-02 20:08:10,760 [RatisApplyTransactionExecutor 1] INFO  interfaces.Container (KeyValueContainer.java:flushAndSyncDB(386)) - Container 1 is synced with bcsId 4.
2019-10-02 20:08:10,773 [RatisApplyTransactionExecutor 1] INFO  interfaces.Container (KeyValueContainer.java:close(335)) - Container 1 is closed with bcsId 4.
2019-10-02 20:08:13,237 [grpc-default-executor-0] WARN  server.GrpcLogAppender (LogUtils.java:warn(134)) - 80e39893-1025-4cfc-a7ed-edf02fc85b0e@group-8A686A512450->55b062ed-7beb-4a9a-ad42-b82892abf588-AppendLogResponseHandler: Failed appendEntries: org.apache.ratis.thirdparty.io.grpc.StatusRuntimeException: UNAVAILABLE: io exception
2019-10-02 20:08:13,238 [grpc-default-executor-0] INFO  impl.FollowerInfo (FollowerInfo.java:lambda$new$0(51)) - 80e39893-1025-4cfc-a7ed-edf02fc85b0e@group-8A686A512450->55b062ed-7beb-4a9a-ad42-b82892abf588: nextIndex: updateUnconditionally 5 -> 4
2019-10-02 20:08:13,753 [EventQueue-StaleNodeForStaleNodeHandler] INFO  node.StaleNodeHandler (StaleNodeHandler.java:onMessage(58)) - Datanode 4e1d41a4-7b1e-4a6c-bd2b-74c38c2571ab{ip: 192.168.151.67, host: pr-hdds-2198-qvzm8-602720389, networkLocation: /default-rack, certSerialId: null} moved to stale state. Finalizing its pipelines [PipelineID=bdeceee4-6cdf-48db-80d5-8a686a512450, PipelineID=afe0ad80-4176-41bd-8a51-3ca3cfc1bea1]
2019-10-02 20:08:13,754 [EventQueue-StaleNodeForStaleNodeHandler] INFO  pipeline.SCMPipelineManager (SCMPipelineManager.java:finalizeAndDestroyPipeline(315)) - destroying pipeline:Pipeline[ Id: bdeceee4-6cdf-48db-80d5-8a686a512450, Nodes: 80e39893-1025-4cfc-a7ed-edf02fc85b0e{ip: 192.168.151.67, host: pr-hdds-2198-qvzm8-602720389, networkLocation: /default-rack, certSerialId: null}55b062ed-7beb-4a9a-ad42-b82892abf588{ip: 192.168.151.67, host: pr-hdds-2198-qvzm8-602720389, networkLocation: /default-rack, certSerialId: null}4e1d41a4-7b1e-4a6c-bd2b-74c38c2571ab{ip: 192.168.151.67, host: pr-hdds-2198-qvzm8-602720389, networkLocation: /default-rack, certSerialId: null}, Type:RATIS, Factor:THREE, State:CLOSED]
2019-10-02 20:08:13,755 [EventQueue-StaleNodeForStaleNodeHandler] INFO  pipeline.SCMPipelineManager (SCMPipelineManager.java:finalizeAndDestroyPipeline(315)) - destroying pipeline:Pipeline[ Id: afe0ad80-4176-41bd-8a51-3ca3cfc1bea1, Nodes: 4e1d41a4-7b1e-4a6c-bd2b-74c38c2571ab{ip: 192.168.151.67, host: pr-hdds-2198-qvzm8-602720389, networkLocation: /default-rack, certSerialId: null}, Type:RATIS, Factor:ONE, State:OPEN]
2019-10-02 20:08:13,755 [EventQueue-StaleNodeForStaleNodeHandler] INFO  pipeline.PipelineStateManager (PipelineStateManager.java:finalizePipeline(123)) - Pipeline Pipeline[ Id: afe0ad80-4176-41bd-8a51-3ca3cfc1bea1, Nodes: 4e1d41a4-7b1e-4a6c-bd2b-74c38c2571ab{ip: 192.168.151.67, host: pr-hdds-2198-qvzm8-602720389, networkLocation: /default-rack, certSerialId: null}, Type:RATIS, Factor:ONE, State:CLOSED] moved to CLOSED state
2019-10-02 20:08:14,053 [EventQueue-StaleNodeForStaleNodeHandler] INFO  node.StaleNodeHandler (StaleNodeHandler.java:onMessage(58)) - Datanode a9af49d4-12ef-4466-9519-242a6cd6b64b{ip: 192.168.151.67, host: pr-hdds-2198-qvzm8-602720389, networkLocation: /default-rack, certSerialId: null} moved to stale state. Finalizing its pipelines [PipelineID=fd1b0dcb-0abf-45b8-9725-a760d7f79d36, PipelineID=422c6f9b-b35b-47f5-ba61-e7ec3f855bc4]
2019-10-02 20:08:14,053 [EventQueue-StaleNodeForStaleNodeHandler] INFO  pipeline.SCMPipelineManager (SCMPipelineManager.java:finalizeAndDestroyPipeline(315)) - destroying pipeline:Pipeline[ Id: fd1b0dcb-0abf-45b8-9725-a760d7f79d36, Nodes: 4a61082c-fbee-413e-ae0e-30e21a012342{ip: 192.168.151.67, host: pr-hdds-2198-qvzm8-602720389, networkLocation: /default-rack, certSerialId: null}e55924e4-1c8f-46ab-a97e-f8ae322d89d0{ip: 192.168.151.67, host: pr-hdds-2198-qvzm8-602720389, networkLocation: /default-rack, certSerialId: null}a9af49d4-12ef-4466-9519-242a6cd6b64b{ip: 192.168.151.67, host: pr-hdds-2198-qvzm8-602720389, networkLocation: /default-rack, certSerialId: null}, Type:RATIS, Factor:THREE, State:OPEN]
2019-10-02 20:08:14,054 [EventQueue-StaleNodeForStaleNodeHandler] INFO  pipeline.PipelineStateManager (PipelineStateManager.java:finalizePipeline(123)) - Pipeline Pipeline[ Id: fd1b0dcb-0abf-45b8-9725-a760d7f79d36, Nodes: 4a61082c-fbee-413e-ae0e-30e21a012342{ip: 192.168.151.67, host: pr-hdds-2198-qvzm8-602720389, networkLocation: /default-rack, certSerialId: null}e55924e4-1c8f-46ab-a97e-f8ae322d89d0{ip: 192.168.151.67, host: pr-hdds-2198-qvzm8-602720389, networkLocation: /default-rack, certSerialId: null}a9af49d4-12ef-4466-9519-242a6cd6b64b{ip: 192.168.151.67, host: pr-hdds-2198-qvzm8-602720389, networkLocation: /default-rack, certSerialId: null}, Type:RATIS, Factor:THREE, State:CLOSED] moved to CLOSED state
2019-10-02 20:08:14,054 [EventQueue-CloseContainerForCloseContainerEventHandler] INFO  container.CloseContainerEventHandler (CloseContainerEventHandler.java:onMessage(61)) - Close container Event triggered for container : #2
2019-10-02 20:08:14,057 [EventQueue-StaleNodeForStaleNodeHandler] INFO  pipeline.SCMPipelineManager (SCMPipelineManager.java:finalizeAndDestroyPipeline(315)) - destroying pipeline:Pipeline[ Id: 422c6f9b-b35b-47f5-ba61-e7ec3f855bc4, Nodes: a9af49d4-12ef-4466-9519-242a6cd6b64b{ip: 192.168.151.67, host: pr-hdds-2198-qvzm8-602720389, networkLocation: /default-rack, certSerialId: null}, Type:RATIS, Factor:ONE, State:OPEN]
2019-10-02 20:08:14,058 [EventQueue-StaleNodeForStaleNodeHandler] INFO  pipeline.PipelineStateManager (PipelineStateManager.java:finalizePipeline(123)) - Pipeline Pipeline[ Id: 422c6f9b-b35b-47f5-ba61-e7ec3f855bc4, Nodes: a9af49d4-12ef-4466-9519-242a6cd6b64b{ip: 192.168.151.67, host: pr-hdds-2198-qvzm8-602720389, networkLocation: /default-rack, certSerialId: null}, Type:RATIS, Factor:ONE, State:CLOSED] moved to CLOSED state
2019-10-02 20:08:14,171 [main] INFO  ozoneimpl.OzoneContainer (OzoneContainer.java:stop(231)) - Attempting to stop container services.
2019-10-02 20:08:14,172 [main] INFO  impl.RaftServerProxy (RaftServerProxy.java:lambda$close$4(314)) - a9af49d4-12ef-4466-9519-242a6cd6b64b: close
2019-10-02 20:08:14,172 [main] INFO  impl.RaftServerImpl (RaftServerImpl.java:lambda$shutdown$3(251)) - a9af49d4-12ef-4466-9519-242a6cd6b64b@group-A760D7F79D36: shutdown
2019-10-02 20:08:14,172 [main] INFO  util.JmxRegister (JmxRegister.java:unregister(73)) - Successfully un-registered JMX Bean with object name Ratis:service=RaftServer,group=group-A760D7F79D36,id=a9af49d4-12ef-4466-9519-242a6cd6b64b
2019-10-02 20:08:14,173 [main] INFO  impl.RoleInfo (RoleInfo.java:shutdownFollowerState(121)) - a9af49d4-12ef-4466-9519-242a6cd6b64b: shutdown FollowerState
2019-10-02 20:08:14,173 [main] INFO  impl.StateMachineUpdater (StateMachineUpdater.java:stopAndJoin(125)) - a9af49d4-12ef-4466-9519-242a6cd6b64b@group-A760D7F79D36-StateMachineUpdater: set stopIndex = 6
2019-10-02 20:08:14,173 [Thread-3697] INFO  impl.FollowerState (FollowerState.java:run(115)) - a9af49d4-12ef-4466-9519-242a6cd6b64b: FollowerState was interrupted: java.lang.InterruptedException: sleep interrupted
2019-10-02 20:08:14,173 [a9af49d4-12ef-4466-9519-242a6cd6b64b@group-A760D7F79D36-StateMachineUpdater] INFO  ratis.ContainerStateMachine (ContainerStateMachine.java:takeSnapshot(289)) - group-A760D7F79D36: Taking a snapshot at:(t:1, i:4) file /workdir/hadoop-ozone/integration-test/target/test-dir/MiniOzoneClusterImpl-aca11393-2759-4d1b-a5f8-dca1b679aeb5/datanode-3/data/ratis/fd1b0dcb-0abf-45b8-9725-a760d7f79d36/sm/snapshot.1_4
2019-10-02 20:08:14,187 [ForkJoinPool.commonPool-worker-1] INFO  ozoneimpl.OzoneContainer (OzoneContainer.java:stop(231)) - Attempting to stop container services.
2019-10-02 20:08:14,188 [ForkJoinPool.commonPool-worker-1] INFO  impl.RaftServerProxy (RaftServerProxy.java:lambda$close$4(314)) - 4e1d41a4-7b1e-4a6c-bd2b-74c38c2571ab: close
2019-10-02 20:08:14,188 [ForkJoinPool.commonPool-worker-1] INFO  impl.RaftServerImpl (RaftServerImpl.java:lambda$shutdown$3(251)) - 4e1d41a4-7b1e-4a6c-bd2b-74c38c2571ab@group-8A686A512450: shutdown
2019-10-02 20:08:14,188 [a9af49d4-12ef-4466-9519-242a6cd6b64b@group-A760D7F79D36-StateMachineUpdater] INFO  ratis.ContainerStateMachine (ContainerStateMachine.java:takeSnapshot(300)) - group-A760D7F79D36: Finished taking a snapshot at:(t:1, i:4) file:/workdir/hadoop-ozone/integration-test/target/test-dir/MiniOzoneClusterImpl-aca11393-2759-4d1b-a5f8-dca1b679aeb5/datanode-3/data/ratis/fd1b0dcb-0abf-45b8-9725-a760d7f79d36/sm/snapshot.1_4 time:15
2019-10-02 20:08:14,188 [ForkJoinPool.commonPool-worker-1] INFO  util.JmxRegister (JmxRegister.java:unregister(73)) - Successfully un-registered JMX Bean with object name Ratis:service=RaftServer,group=group-8A686A512450,id=4e1d41a4-7b1e-4a6c-bd2b-74c38c2571ab
2019-10-02 20:08:14,188 [ForkJoinPool.commonPool-worker-1] INFO  impl.RoleInfo (RoleInfo.java:shutdownFollowerState(121)) - 4e1d41a4-7b1e-4a6c-bd2b-74c38c2571ab: shutdown FollowerState
2019-10-02 20:08:14,189 [a9af49d4-12ef-4466-9519-242a6cd6b64b@group-A760D7F79D36-StateMachineUpdater] INFO  impl.StateMachineUpdater (StateMachineUpdater.java:takeSnapshot(258)) - a9af49d4-12ef-4466-9519-242a6cd6b64b@group-A760D7F79D36-StateMachineUpdater: Took a snapshot at index 4
2019-10-02 20:08:14,189 [ForkJoinPool.commonPool-worker-1] INFO  impl.StateMachineUpdater (StateMachineUpdater.java:stopAndJoin(125)) - 4e1d41a4-7b1e-4a6c-bd2b-74c38c2571ab@group-8A686A512450-StateMachineUpdater: set stopIndex = 8
2019-10-02 20:08:14,189 [4e1d41a4-7b1e-4a6c-bd2b-74c38c2571ab@group-8A686A512450-StateMachineUpdater] INFO  ratis.ContainerStateMachine (ContainerStateMachine.java:takeSnapshot(289)) - group-8A686A512450: Taking a snapshot at:(t:1, i:7) file /workdir/hadoop-ozone/integration-test/target/test-dir/MiniOzoneClusterImpl-aca11393-2759-4d1b-a5f8-dca1b679aeb5/datanode-2/data/ratis/bdeceee4-6cdf-48db-80d5-8a686a512450/sm/snapshot.1_7
2019-10-02 20:08:14,189 [a9af49d4-12ef-4466-9519-242a6cd6b64b@group-A760D7F79D36-StateMachineUpdater] INFO  impl.StateMachineUpdater (StateMachineUpdater.java:lambda$new$0(83)) - a9af49d4-12ef-4466-9519-242a6cd6b64b@group-A760D7F79D36-StateMachineUpdater: snapshotIndex: updateIncreasingly -1 -> 4
2019-10-02 20:08:14,189 [Thread-3658] INFO  impl.FollowerState (FollowerState.java:run(115)) - 4e1d41a4-7b1e-4a6c-bd2b-74c38c2571ab: FollowerState was interrupted: java.lang.InterruptedException: sleep interrupted
2019-10-02 20:08:14,192 [a9af49d4-12ef-4466-9519-242a6cd6b64b@group-A760D7F79D36-StateMachineUpdater] INFO  ratis.ContainerStateMachine (ContainerStateMachine.java:takeSnapshot(289)) - group-A760D7F79D36: Taking a snapshot at:(t:1, i:4) file /workdir/hadoop-ozone/integration-test/target/test-dir/MiniOzoneClusterImpl-aca11393-2759-4d1b-a5f8-dca1b679aeb5/datanode-3/data/ratis/fd1b0dcb-0abf-45b8-9725-a760d7f79d36/sm/snapshot.1_4
2019-10-02 20:08:14,204 [4e1d41a4-7b1e-4a6c-bd2b-74c38c2571ab@group-8A686A512450-StateMachineUpdater] INFO  ratis.ContainerStateMachine (ContainerStateMachine.java:takeSnapshot(300)) - group-8A686A512450: Finished taking a snapshot at:(t:1, i:7) file:/workdir/hadoop-ozone/integration-test/target/test-dir/MiniOzoneClusterImpl-aca11393-2759-4d1b-a5f8-dca1b679aeb5/datanode-2/data/ratis/bdeceee4-6cdf-48db-80d5-8a686a512450/sm/snapshot.1_7 time:15
2019-10-02 20:08:14,204 [a9af49d4-12ef-4466-9519-242a6cd6b64b@group-A760D7F79D36-StateMachineUpdater] INFO  ratis.ContainerStateMachine (ContainerStateMachine.java:takeSnapshot(300)) - group-A760D7F79D36: Finished taking a snapshot at:(t:1, i:4) file:/workdir/hadoop-ozone/integration-test/target/test-dir/MiniOzoneClusterImpl-aca11393-2759-4d1b-a5f8-dca1b679aeb5/datanode-3/data/ratis/fd1b0dcb-0abf-45b8-9725-a760d7f79d36/sm/snapshot.1_4 time:12
2019-10-02 20:08:14,204 [4e1d41a4-7b1e-4a6c-bd2b-74c38c2571ab@group-8A686A512450-StateMachineUpdater] INFO  impl.StateMachineUpdater (StateMachineUpdater.java:takeSnapshot(258)) - 4e1d41a4-7b1e-4a6c-bd2b-74c38c2571ab@group-8A686A512450-StateMachineUpdater: Took a snapshot at index 7
2019-10-02 20:08:14,205 [4e1d41a4-7b1e-4a6c-bd2b-74c38c2571ab@group-8A686A512450-StateMachineUpdater] INFO  impl.StateMachineUpdater (StateMachineUpdater.java:lambda$new$0(83)) - 4e1d41a4-7b1e-4a6c-bd2b-74c38c2571ab@group-8A686A512450-StateMachineUpdater: snapshotIndex: updateIncreasingly -1 -> 7
2019-10-02 20:08:14,205 [a9af49d4-12ef-4466-9519-242a6cd6b64b@group-A760D7F79D36-StateMachineUpdater] INFO  impl.StateMachineUpdater (StateMachineUpdater.java:takeSnapshot(258)) - a9af49d4-12ef-4466-9519-242a6cd6b64b@group-A760D7F79D36-StateMachineUpdater: Took a snapshot at index 4
2019-10-02 20:08:14,205 [a9af49d4-12ef-4466-9519-242a6cd6b64b@group-A760D7F79D36-StateMachineUpdater] INFO  impl.StateMachineUpdater (StateMachineUpdater.java:lambda$new$0(83)) - a9af49d4-12ef-4466-9519-242a6cd6b64b@group-A760D7F79D36-StateMachineUpdater: snapshotIndex: updateIncreasingly 4 -> 4
2019-10-02 20:08:14,205 [4e1d41a4-7b1e-4a6c-bd2b-74c38c2571ab@group-8A686A512450-StateMachineUpdater] INFO  ratis.ContainerStateMachine (ContainerStateMachine.java:takeSnapshot(289)) - group-8A686A512450: Taking a snapshot at:(t:1, i:7) file /workdir/hadoop-ozone/integration-test/target/test-dir/MiniOzoneClusterImpl-aca11393-2759-4d1b-a5f8-dca1b679aeb5/datanode-2/data/ratis/bdeceee4-6cdf-48db-80d5-8a686a512450/sm/snapshot.1_7
2019-10-02 20:08:14,205 [main] INFO  impl.RaftServerImpl (ServerState.java:close(385)) - a9af49d4-12ef-4466-9519-242a6cd6b64b@group-A760D7F79D36: closes. applyIndex: 6
2019-10-02 20:08:14,206 [a9af49d4-12ef-4466-9519-242a6cd6b64b@group-A760D7F79D36-SegmentedRaftLogWorker] INFO  segmented.SegmentedRaftLogWorker (SegmentedRaftLogWorker.java:run(313)) - a9af49d4-12ef-4466-9519-242a6cd6b64b@group-A760D7F79D36-SegmentedRaftLogWorker was interrupted, exiting. There are 0 tasks remaining in the queue.
2019-10-02 20:08:14,207 [main] INFO  segmented.SegmentedRaftLogWorker (SegmentedRaftLogWorker.java:close(228)) - a9af49d4-12ef-4466-9519-242a6cd6b64b@group-A760D7F79D36-SegmentedRaftLogWorker close()
2019-10-02 20:08:14,210 [main] INFO  impl.RaftServerImpl (RaftServerImpl.java:lambda$shutdown$3(251)) - a9af49d4-12ef-4466-9519-242a6cd6b64b@group-E7EC3F855BC4: shutdown
2019-10-02 20:08:14,211 [main] INFO  util.JmxRegister (JmxRegister.java:unregister(73)) - Successfully un-registered JMX Bean with object name Ratis:service=RaftServer,group=group-E7EC3F855BC4,id=a9af49d4-12ef-4466-9519-242a6cd6b64b
2019-10-02 20:08:14,211 [main] INFO  impl.RoleInfo (RoleInfo.java:shutdownLeaderState(104)) - a9af49d4-12ef-4466-9519-242a6cd6b64b: shutdown LeaderState
2019-10-02 20:08:14,211 [main] INFO  impl.PendingRequests (PendingRequests.java:sendNotLeaderResponses(202)) - a9af49d4-12ef-4466-9519-242a6cd6b64b-PendingRequests: sendNotLeaderResponses
2019-10-02 20:08:14,212 [main] INFO  impl.StateMachineUpdater (StateMachineUpdater.java:stopAndJoin(125)) - a9af49d4-12ef-4466-9519-242a6cd6b64b@group-E7EC3F855BC4-StateMachineUpdater: set stopIndex = 0
2019-10-02 20:08:14,212 [main] INFO  impl.RaftServerImpl (ServerState.java:close(385)) - a9af49d4-12ef-4466-9519-242a6cd6b64b@group-E7EC3F855BC4: closes. applyIndex: 0
2019-10-02 20:08:14,212 [a9af49d4-12ef-4466-9519-242a6cd6b64b@group-E7EC3F855BC4-SegmentedRaftLogWorker] INFO  segmented.SegmentedRaftLogWorker (SegmentedRaftLogWorker.java:run(313)) - a9af49d4-12ef-4466-9519-242a6cd6b64b@group-E7EC3F855BC4-SegmentedRaftLogWorker was interrupted, exiting. There are 0 tasks remaining in the queue.
2019-10-02 20:08:14,214 [main] INFO  segmented.SegmentedRaftLogWorker (SegmentedRaftLogWorker.java:close(228)) - a9af49d4-12ef-4466-9519-242a6cd6b64b@group-E7EC3F855BC4-SegmentedRaftLogWorker close()
2019-10-02 20:08:14,217 [main] INFO  server.GrpcService (GrpcService.java:closeImpl(164)) - a9af49d4-12ef-4466-9519-242a6cd6b64b: shutdown server with port 43032 now
2019-10-02 20:08:14,217 [4e1d41a4-7b1e-4a6c-bd2b-74c38c2571ab@group-8A686A512450-StateMachineUpdater] INFO  ratis.ContainerStateMachine (ContainerStateMachine.java:takeSnapshot(300)) - group-8A686A512450: Finished taking a snapshot at:(t:1, i:7) file:/workdir/hadoop-ozone/integration-test/target/test-dir/MiniOzoneClusterImpl-aca11393-2759-4d1b-a5f8-dca1b679aeb5/datanode-2/data/ratis/bdeceee4-6cdf-48db-80d5-8a686a512450/sm/snapshot.1_7 time:12
2019-10-02 20:08:14,218 [4e1d41a4-7b1e-4a6c-bd2b-74c38c2571ab@group-8A686A512450-StateMachineUpdater] INFO  impl.StateMachineUpdater (StateMachineUpdater.java:takeSnapshot(258)) - 4e1d41a4-7b1e-4a6c-bd2b-74c38c2571ab@group-8A686A512450-StateMachineUpdater: Took a snapshot at index 7
2019-10-02 20:08:14,218 [4e1d41a4-7b1e-4a6c-bd2b-74c38c2571ab@group-8A686A512450-StateMachineUpdater] INFO  impl.StateMachineUpdater (StateMachineUpdater.java:lambda$new$0(83)) - 4e1d41a4-7b1e-4a6c-bd2b-74c38c2571ab@group-8A686A512450-StateMachineUpdater: snapshotIndex: updateIncreasingly 7 -> 7
2019-10-02 20:08:14,218 [ForkJoinPool.commonPool-worker-1] INFO  impl.RaftServerImpl (ServerState.java:close(385)) - 4e1d41a4-7b1e-4a6c-bd2b-74c38c2571ab@group-8A686A512450: closes. applyIndex: 8
2019-10-02 20:08:14,218 [4e1d41a4-7b1e-4a6c-bd2b-74c38c2571ab@group-8A686A512450-SegmentedRaftLogWorker] INFO  segmented.SegmentedRaftLogWorker (SegmentedRaftLogWorker.java:run(313)) - 4e1d41a4-7b1e-4a6c-bd2b-74c38c2571ab@group-8A686A512450-SegmentedRaftLogWorker was interrupted, exiting. There are 0 tasks remaining in the queue.
2019-10-02 20:08:14,220 [ForkJoinPool.commonPool-worker-1] INFO  segmented.SegmentedRaftLogWorker (SegmentedRaftLogWorker.java:close(228)) - 4e1d41a4-7b1e-4a6c-bd2b-74c38c2571ab@group-8A686A512450-SegmentedRaftLogWorker close()
2019-10-02 20:08:14,220 [grpc-default-executor-7] WARN  server.GrpcServerProtocolService (LogUtils.java:warn(134)) - a9af49d4-12ef-4466-9519-242a6cd6b64b: installSnapshot onError, lastRequest: e55924e4-1c8f-46ab-a97e-f8ae322d89d0->a9af49d4-12ef-4466-9519-242a6cd6b64b#11-t1, previous=(t:1, i:6), leaderCommit=6, initializing? false, entries: <empty>: org.apache.ratis.thirdparty.io.grpc.StatusRuntimeException: CANCELLED: cancelled before receiving half close
2019-10-02 20:08:14,220 [main] INFO  server.GrpcService (GrpcService.java:closeImpl(172)) - a9af49d4-12ef-4466-9519-242a6cd6b64b: shutdown server with port 43032 successfully
2019-10-02 20:08:14,224 [grpc-default-executor-0] WARN  server.GrpcLogAppender (LogUtils.java:warn(134)) - e55924e4-1c8f-46ab-a97e-f8ae322d89d0@group-A760D7F79D36->a9af49d4-12ef-4466-9519-242a6cd6b64b-AppendLogResponseHandler: Failed appendEntries: org.apache.ratis.thirdparty.io.grpc.StatusRuntimeException: CANCELLED: HTTP/2 error code: CANCEL
Received Rst Stream
2019-10-02 20:08:14,224 [ForkJoinPool.commonPool-worker-1] INFO  impl.RaftServerImpl (RaftServerImpl.java:lambda$shutdown$3(251)) - 4e1d41a4-7b1e-4a6c-bd2b-74c38c2571ab@group-3CA3CFC1BEA1: shutdown
2019-10-02 20:08:14,224 [grpc-default-executor-0] INFO  impl.FollowerInfo (FollowerInfo.java:lambda$new$0(51)) - e55924e4-1c8f-46ab-a97e-f8ae322d89d0@group-A760D7F79D36->a9af49d4-12ef-4466-9519-242a6cd6b64b: nextIndex: updateUnconditionally 7 -> 6
2019-10-02 20:08:14,225 [ForkJoinPool.commonPool-worker-1] INFO  util.JmxRegister (JmxRegister.java:unregister(73)) - Successfully un-registered JMX Bean with object name Ratis:service=RaftServer,group=group-3CA3CFC1BEA1,id=4e1d41a4-7b1e-4a6c-bd2b-74c38c2571ab
2019-10-02 20:08:14,225 [ForkJoinPool.commonPool-worker-1] INFO  impl.RoleInfo (RoleInfo.java:shutdownLeaderState(104)) - 4e1d41a4-7b1e-4a6c-bd2b-74c38c2571ab: shutdown LeaderState
2019-10-02 20:08:14,226 [ForkJoinPool.commonPool-worker-1] INFO  impl.PendingRequests (PendingRequests.java:sendNotLeaderResponses(202)) - 4e1d41a4-7b1e-4a6c-bd2b-74c38c2571ab-PendingRequests: sendNotLeaderResponses
2019-10-02 20:08:14,226 [ForkJoinPool.commonPool-worker-1] INFO  impl.StateMachineUpdater (StateMachineUpdater.java:stopAndJoin(125)) - 4e1d41a4-7b1e-4a6c-bd2b-74c38c2571ab@group-3CA3CFC1BEA1-StateMachineUpdater: set stopIndex = 0
2019-10-02 20:08:14,227 [ForkJoinPool.commonPool-worker-1] INFO  impl.RaftServerImpl (ServerState.java:close(385)) - 4e1d41a4-7b1e-4a6c-bd2b-74c38c2571ab@group-3CA3CFC1BEA1: closes. applyIndex: 0
2019-10-02 20:08:14,227 [4e1d41a4-7b1e-4a6c-bd2b-74c38c2571ab@group-3CA3CFC1BEA1-SegmentedRaftLogWorker] INFO  segmented.SegmentedRaftLogWorker (SegmentedRaftLogWorker.java:run(313)) - 4e1d41a4-7b1e-4a6c-bd2b-74c38c2571ab@group-3CA3CFC1BEA1-SegmentedRaftLogWorker was interrupted, exiting. There are 0 tasks remaining in the queue.
2019-10-02 20:08:14,229 [ForkJoinPool.commonPool-worker-1] INFO  segmented.SegmentedRaftLogWorker (SegmentedRaftLogWorker.java:close(228)) - 4e1d41a4-7b1e-4a6c-bd2b-74c38c2571ab@group-3CA3CFC1BEA1-SegmentedRaftLogWorker close()
2019-10-02 20:08:14,245 [ForkJoinPool.commonPool-worker-1] INFO  server.GrpcService (GrpcService.java:closeImpl(164)) - 4e1d41a4-7b1e-4a6c-bd2b-74c38c2571ab: shutdown server with port 40301 now
2019-10-02 20:08:14,246 [refreshUsed-/workdir/hadoop-ozone/integration-test/target/test-dir/MiniOzoneClusterImpl-aca11393-2759-4d1b-a5f8-dca1b679aeb5/datanode-3/data/containers] WARN  fs.CachingGetSpaceUsed (CachingGetSpaceUsed.java:run(183)) - Thread Interrupted waiting to refresh disk information: sleep interrupted
2019-10-02 20:08:14,246 [grpc-default-executor-0] WARN  server.GrpcServerProtocolService (LogUtils.java:warn(134)) - 4e1d41a4-7b1e-4a6c-bd2b-74c38c2571ab: installSnapshot onError, lastRequest: 80e39893-1025-4cfc-a7ed-edf02fc85b0e->4e1d41a4-7b1e-4a6c-bd2b-74c38c2571ab#13-t1, previous=(t:1, i:8), leaderCommit=8, initializing? false, entries: <empty>: org.apache.ratis.thirdparty.io.grpc.StatusRuntimeException: CANCELLED: cancelled before receiving half close
2019-10-02 20:08:14,246 [ForkJoinPool.commonPool-worker-1] INFO  server.GrpcService (GrpcService.java:closeImpl(172)) - 4e1d41a4-7b1e-4a6c-bd2b-74c38c2571ab: shutdown server with port 40301 successfully
2019-10-02 20:08:14,247 [grpc-default-executor-7] WARN  server.GrpcLogAppender (LogUtils.java:warn(134)) - 80e39893-1025-4cfc-a7ed-edf02fc85b0e@group-8A686A512450->4e1d41a4-7b1e-4a6c-bd2b-74c38c2571ab-AppendLogResponseHandler: Failed appendEntries: org.apache.ratis.thirdparty.io.grpc.StatusRuntimeException: CANCELLED: HTTP/2 error code: CANCEL
Received Rst Stream
2019-10-02 20:08:14,247 [grpc-default-executor-7] INFO  impl.FollowerInfo (FollowerInfo.java:lambda$new$0(51)) - 80e39893-1025-4cfc-a7ed-edf02fc85b0e@group-8A686A512450->4e1d41a4-7b1e-4a6c-bd2b-74c38c2571ab: nextIndex: updateUnconditionally 9 -> 8
2019-10-02 20:08:14,248 [refreshUsed-/workdir/hadoop-ozone/integration-test/target/test-dir/MiniOzoneClusterImpl-aca11393-2759-4d1b-a5f8-dca1b679aeb5/datanode-2/data/containers] WARN  fs.CachingGetSpaceUsed (CachingGetSpaceUsed.java:run(183)) - Thread Interrupted waiting to refresh disk information: sleep interrupted
2019-10-02 20:08:14,261 [ForkJoinPool.commonPool-worker-1] INFO  utils.BackgroundService (BackgroundService.java:shutdown(148)) - Shutting down service BlockDeletingService
2019-10-02 20:08:14,265 [ForkJoinPool.commonPool-worker-1] INFO  statemachine.DatanodeStateMachine (DatanodeStateMachine.java:stopDaemon(395)) - Ozone container server stopped.
2019-10-02 20:08:14,269 [ForkJoinPool.commonPool-worker-1] INFO  handler.ContextHandler (ContextHandler.java:doStop(910)) - Stopped o.e.j.w.WebAppContext@6d31f106{/,null,UNAVAILABLE}{/hddsDatanode}
2019-10-02 20:08:14,270 [ForkJoinPool.commonPool-worker-1] INFO  server.AbstractConnector (AbstractConnector.java:doStop(318)) - Stopped ServerConnector@587f4f63{HTTP/1.1,[http/1.1]}{0.0.0.0:0}
2019-10-02 20:08:14,270 [ForkJoinPool.commonPool-worker-1] INFO  handler.ContextHandler (ContextHandler.java:doStop(910)) - Stopped o.e.j.s.ServletContextHandler@60b616c8{/static,jar:file:/home/user/.m2/repository/org/apache/hadoop/hadoop-hdds-container-service/0.5.0-SNAPSHOT/hadoop-hdds-container-service-0.5.0-SNAPSHOT.jar!/webapps/static,UNAVAILABLE}
2019-10-02 20:08:14,270 [ForkJoinPool.commonPool-worker-1] INFO  handler.ContextHandler (ContextHandler.java:doStop(910)) - Stopped o.e.j.s.ServletContextHandler@539fc5d1{/logs,file:///workdir/hadoop-ozone/integration-test/target/log,UNAVAILABLE}
2019-10-02 20:08:14,272 [main] INFO  utils.BackgroundService (BackgroundService.java:shutdown(148)) - Shutting down service BlockDeletingService
2019-10-02 20:08:14,280 [main] INFO  statemachine.DatanodeStateMachine (DatanodeStateMachine.java:stopDaemon(395)) - Ozone container server stopped.
2019-10-02 20:08:14,281 [main] INFO  handler.ContextHandler (ContextHandler.java:doStop(910)) - Stopped o.e.j.w.WebAppContext@8b41ad{/,null,UNAVAILABLE}{/hddsDatanode}
2019-10-02 20:08:14,282 [main] INFO  server.AbstractConnector (AbstractConnector.java:doStop(318)) - Stopped ServerConnector@541d4d9f{HTTP/1.1,[http/1.1]}{0.0.0.0:0}
2019-10-02 20:08:14,282 [main] INFO  handler.ContextHandler (ContextHandler.java:doStop(910)) - Stopped o.e.j.s.ServletContextHandler@3bc20984{/static,jar:file:/home/user/.m2/repository/org/apache/hadoop/hadoop-hdds-container-service/0.5.0-SNAPSHOT/hadoop-hdds-container-service-0.5.0-SNAPSHOT.jar!/webapps/static,UNAVAILABLE}
2019-10-02 20:08:14,283 [main] INFO  handler.ContextHandler (ContextHandler.java:doStop(910)) - Stopped o.e.j.s.ServletContextHandler@5323999f{/logs,file:///workdir/hadoop-ozone/integration-test/target/log,UNAVAILABLE}
2019-10-02 20:08:14,749 [Datanode State Machine Thread - 0] INFO  statemachine.DatanodeStateMachine (DatanodeStateMachine.java:lambda$startDaemon$0(350)) - Ozone container server started.
2019-10-02 20:08:14,986 [Datanode State Machine Thread - 0] INFO  statemachine.DatanodeStateMachine (DatanodeStateMachine.java:lambda$startDaemon$0(350)) - Ozone container server started.
2019-10-02 20:08:15,737 [grpc-default-executor-0] WARN  server.GrpcLogAppender (LogUtils.java:warn(134)) - 80e39893-1025-4cfc-a7ed-edf02fc85b0e@group-8A686A512450->55b062ed-7beb-4a9a-ad42-b82892abf588-AppendLogResponseHandler: Failed appendEntries: org.apache.ratis.thirdparty.io.grpc.StatusRuntimeException: UNAVAILABLE: io exception
2019-10-02 20:08:15,738 [grpc-default-executor-0] INFO  impl.FollowerInfo (FollowerInfo.java:lambda$new$0(51)) - 80e39893-1025-4cfc-a7ed-edf02fc85b0e@group-8A686A512450->55b062ed-7beb-4a9a-ad42-b82892abf588: nextIndex: updateUnconditionally 4 -> 3
2019-10-02 20:08:15,738 [grpc-default-executor-5] WARN  server.GrpcLogAppender (LogUtils.java:warn(134)) - 80e39893-1025-4cfc-a7ed-edf02fc85b0e@group-8A686A512450->4e1d41a4-7b1e-4a6c-bd2b-74c38c2571ab-AppendLogResponseHandler: Failed appendEntries: org.apache.ratis.thirdparty.io.grpc.StatusRuntimeException: UNAVAILABLE: io exception
2019-10-02 20:08:15,738 [grpc-default-executor-5] INFO  impl.FollowerInfo (FollowerInfo.java:lambda$new$0(51)) - 80e39893-1025-4cfc-a7ed-edf02fc85b0e@group-8A686A512450->4e1d41a4-7b1e-4a6c-bd2b-74c38c2571ab: nextIndex: updateUnconditionally 8 -> 7
2019-10-02 20:08:16,014 [grpc-default-executor-7] WARN  server.GrpcLogAppender (LogUtils.java:warn(134)) - e55924e4-1c8f-46ab-a97e-f8ae322d89d0@group-A760D7F79D36->a9af49d4-12ef-4466-9519-242a6cd6b64b-AppendLogResponseHandler: Failed appendEntries: org.apache.ratis.thirdparty.io.grpc.StatusRuntimeException: UNAVAILABLE: io exception
2019-10-02 20:08:16,014 [grpc-default-executor-7] INFO  impl.FollowerInfo (FollowerInfo.java:lambda$new$0(51)) - e55924e4-1c8f-46ab-a97e-f8ae322d89d0@group-A760D7F79D36->a9af49d4-12ef-4466-9519-242a6cd6b64b: nextIndex: updateUnconditionally 7 -> 6
2019-10-02 20:08:16,025 [grpc-default-executor-0] WARN  server.GrpcLogAppender (LogUtils.java:warn(134)) - e55924e4-1c8f-46ab-a97e-f8ae322d89d0@group-A760D7F79D36->a9af49d4-12ef-4466-9519-242a6cd6b64b-AppendLogResponseHandler: Failed appendEntries: org.apache.ratis.thirdparty.io.grpc.StatusRuntimeException: UNAVAILABLE: io exception
2019-10-02 20:08:16,025 [grpc-default-executor-0] INFO  impl.FollowerInfo (FollowerInfo.java:lambda$new$0(51)) - e55924e4-1c8f-46ab-a97e-f8ae322d89d0@group-A760D7F79D36->a9af49d4-12ef-4466-9519-242a6cd6b64b: nextIndex: updateUnconditionally 7 -> 6
2019-10-02 20:08:16,038 [RatisApplyTransactionExecutor 2] INFO  interfaces.Container (KeyValueContainer.java:flushAndSyncDB(386)) - Container 2 is synced with bcsId 4.
2019-10-02 20:08:16,038 [RatisApplyTransactionExecutor 2] INFO  interfaces.Container (KeyValueContainer.java:flushAndSyncDB(386)) - Container 2 is synced with bcsId 4.
2019-10-02 20:08:16,040 [grpc-default-executor-7] WARN  server.GrpcLogAppender (LogUtils.java:warn(134)) - e55924e4-1c8f-46ab-a97e-f8ae322d89d0@group-A760D7F79D36->a9af49d4-12ef-4466-9519-242a6cd6b64b-AppendLogResponseHandler: Failed appendEntries: org.apache.ratis.thirdparty.io.grpc.StatusRuntimeException: UNAVAILABLE: io exception
2019-10-02 20:08:16,040 [grpc-default-executor-7] INFO  impl.FollowerInfo (FollowerInfo.java:lambda$new$0(51)) - e55924e4-1c8f-46ab-a97e-f8ae322d89d0@group-A760D7F79D36->a9af49d4-12ef-4466-9519-242a6cd6b64b: nextIndex: updateUnconditionally 7 -> 6
2019-10-02 20:08:16,053 [RatisApplyTransactionExecutor 2] INFO  interfaces.Container (KeyValueContainer.java:close(335)) - Container 2 is closed with bcsId 4.
2019-10-02 20:08:16,054 [EventQueue-IncrementalContainerReportForIncrementalContainerReportHandler] INFO  container.IncrementalContainerReportHandler (AbstractContainerReportHandler.java:updateContainerState(176)) - Moving container #2 to CLOSED state, datanode e55924e4-1c8f-46ab-a97e-f8ae322d89d0{ip: 192.168.151.67, host: pr-hdds-2198-qvzm8-602720389, networkLocation: /default-rack, certSerialId: null} reported CLOSED replica.
2019-10-02 20:08:16,055 [RatisApplyTransactionExecutor 2] INFO  interfaces.Container (KeyValueContainer.java:flushAndSyncDB(386)) - Container 2 is synced with bcsId 4.
2019-10-02 20:08:16,055 [RatisApplyTransactionExecutor 2] INFO  interfaces.Container (KeyValueContainer.java:flushAndSyncDB(386)) - Container 2 is synced with bcsId 4.
2019-10-02 20:08:16,069 [RatisApplyTransactionExecutor 2] INFO  interfaces.Container (KeyValueContainer.java:close(335)) - Container 2 is closed with bcsId 4.
2019-10-02 20:08:18,242 [grpc-default-executor-7] WARN  server.GrpcLogAppender (LogUtils.java:warn(134)) - 80e39893-1025-4cfc-a7ed-edf02fc85b0e@group-8A686A512450->55b062ed-7beb-4a9a-ad42-b82892abf588-AppendLogResponseHandler: Failed appendEntries: org.apache.ratis.thirdparty.io.grpc.StatusRuntimeException: UNAVAILABLE: io exception
2019-10-02 20:08:18,242 [grpc-default-executor-0] WARN  server.GrpcLogAppender (LogUtils.java:warn(134)) - 80e39893-1025-4cfc-a7ed-edf02fc85b0e@group-8A686A512450->4e1d41a4-7b1e-4a6c-bd2b-74c38c2571ab-AppendLogResponseHandler: Failed appendEntries: org.apache.ratis.thirdparty.io.grpc.StatusRuntimeException: UNAVAILABLE: io exception
2019-10-02 20:08:18,244 [grpc-default-executor-7] INFO  impl.FollowerInfo (FollowerInfo.java:lambda$new$0(51)) - 80e39893-1025-4cfc-a7ed-edf02fc85b0e@group-8A686A512450->55b062ed-7beb-4a9a-ad42-b82892abf588: nextIndex: updateUnconditionally 3 -> 2
2019-10-02 20:08:18,244 [grpc-default-executor-0] INFO  impl.FollowerInfo (FollowerInfo.java:lambda$new$0(51)) - 80e39893-1025-4cfc-a7ed-edf02fc85b0e@group-8A686A512450->4e1d41a4-7b1e-4a6c-bd2b-74c38c2571ab: nextIndex: updateUnconditionally 7 -> 6
2019-10-02 20:08:18,545 [grpc-default-executor-7] WARN  server.GrpcLogAppender (LogUtils.java:warn(134)) - e55924e4-1c8f-46ab-a97e-f8ae322d89d0@group-A760D7F79D36->a9af49d4-12ef-4466-9519-242a6cd6b64b-AppendLogResponseHandler: Failed appendEntries: org.apache.ratis.thirdparty.io.grpc.StatusRuntimeException: UNAVAILABLE: io exception
2019-10-02 20:08:18,546 [grpc-default-executor-7] INFO  impl.FollowerInfo (FollowerInfo.java:lambda$new$0(51)) - e55924e4-1c8f-46ab-a97e-f8ae322d89d0@group-A760D7F79D36->a9af49d4-12ef-4466-9519-242a6cd6b64b: nextIndex: updateUnconditionally 6 -> 5
2019-10-02 20:08:18,759 [EventQueue-StaleNodeForStaleNodeHandler] INFO  node.StaleNodeHandler (StaleNodeHandler.java:onMessage(58)) - Datanode 80e39893-1025-4cfc-a7ed-edf02fc85b0e{ip: 192.168.151.67, host: pr-hdds-2198-qvzm8-602720389, networkLocation: /default-rack, certSerialId: null} moved to stale state. Finalizing its pipelines [PipelineID=bdeceee4-6cdf-48db-80d5-8a686a512450, PipelineID=da906fbd-e7f9-498b-bfe9-8323887b65f0]
2019-10-02 20:08:18,760 [EventQueue-StaleNodeForStaleNodeHandler] INFO  pipeline.SCMPipelineManager (SCMPipelineManager.java:finalizeAndDestroyPipeline(315)) - destroying pipeline:Pipeline[ Id: bdeceee4-6cdf-48db-80d5-8a686a512450, Nodes: 80e39893-1025-4cfc-a7ed-edf02fc85b0e{ip: 192.168.151.67, host: pr-hdds-2198-qvzm8-602720389, networkLocation: /default-rack, certSerialId: null}55b062ed-7beb-4a9a-ad42-b82892abf588{ip: 192.168.151.67, host: pr-hdds-2198-qvzm8-602720389, networkLocation: /default-rack, certSerialId: null}4e1d41a4-7b1e-4a6c-bd2b-74c38c2571ab{ip: 192.168.151.67, host: pr-hdds-2198-qvzm8-602720389, networkLocation: /default-rack, certSerialId: null}, Type:RATIS, Factor:THREE, State:CLOSED]
2019-10-02 20:08:18,761 [EventQueue-StaleNodeForStaleNodeHandler] INFO  pipeline.SCMPipelineManager (SCMPipelineManager.java:finalizeAndDestroyPipeline(315)) - destroying pipeline:Pipeline[ Id: da906fbd-e7f9-498b-bfe9-8323887b65f0, Nodes: 80e39893-1025-4cfc-a7ed-edf02fc85b0e{ip: 192.168.151.67, host: pr-hdds-2198-qvzm8-602720389, networkLocation: /default-rack, certSerialId: null}, Type:RATIS, Factor:ONE, State:OPEN]
2019-10-02 20:08:18,761 [EventQueue-StaleNodeForStaleNodeHandler] INFO  pipeline.PipelineStateManager (PipelineStateManager.java:finalizePipeline(123)) - Pipeline Pipeline[ Id: da906fbd-e7f9-498b-bfe9-8323887b65f0, Nodes: 80e39893-1025-4cfc-a7ed-edf02fc85b0e{ip: 192.168.151.67, host: pr-hdds-2198-qvzm8-602720389, networkLocation: /default-rack, certSerialId: null}, Type:RATIS, Factor:ONE, State:CLOSED] moved to CLOSED state
2019-10-02 20:08:19,060 [EventQueue-StaleNodeForStaleNodeHandler] INFO  node.StaleNodeHandler (StaleNodeHandler.java:onMessage(58)) - Datanode 4a61082c-fbee-413e-ae0e-30e21a012342{ip: 192.168.151.67, host: pr-hdds-2198-qvzm8-602720389, networkLocation: /default-rack, certSerialId: null} moved to stale state. Finalizing its pipelines [PipelineID=fd1b0dcb-0abf-45b8-9725-a760d7f79d36, PipelineID=b8a4922e-0b77-4c60-91fe-792ec736ffae]
2019-10-02 20:08:19,060 [EventQueue-StaleNodeForStaleNodeHandler] INFO  pipeline.SCMPipelineManager (SCMPipelineManager.java:finalizeAndDestroyPipeline(315)) - destroying pipeline:Pipeline[ Id: fd1b0dcb-0abf-45b8-9725-a760d7f79d36, Nodes: 4a61082c-fbee-413e-ae0e-30e21a012342{ip: 192.168.151.67, host: pr-hdds-2198-qvzm8-602720389, networkLocation: /default-rack, certSerialId: null}e55924e4-1c8f-46ab-a97e-f8ae322d89d0{ip: 192.168.151.67, host: pr-hdds-2198-qvzm8-602720389, networkLocation: /default-rack, certSerialId: null}a9af49d4-12ef-4466-9519-242a6cd6b64b{ip: 192.168.151.67, host: pr-hdds-2198-qvzm8-602720389, networkLocation: /default-rack, certSerialId: null}, Type:RATIS, Factor:THREE, State:CLOSED]
2019-10-02 20:08:19,060 [EventQueue-StaleNodeForStaleNodeHandler] INFO  pipeline.SCMPipelineManager (SCMPipelineManager.java:finalizeAndDestroyPipeline(315)) - destroying pipeline:Pipeline[ Id: b8a4922e-0b77-4c60-91fe-792ec736ffae, Nodes: 4a61082c-fbee-413e-ae0e-30e21a012342{ip: 192.168.151.67, host: pr-hdds-2198-qvzm8-602720389, networkLocation: /default-rack, certSerialId: null}, Type:RATIS, Factor:ONE, State:OPEN]
2019-10-02 20:08:19,061 [EventQueue-StaleNodeForStaleNodeHandler] INFO  pipeline.PipelineStateManager (PipelineStateManager.java:finalizePipeline(123)) - Pipeline Pipeline[ Id: b8a4922e-0b77-4c60-91fe-792ec736ffae, Nodes: 4a61082c-fbee-413e-ae0e-30e21a012342{ip: 192.168.151.67, host: pr-hdds-2198-qvzm8-602720389, networkLocation: /default-rack, certSerialId: null}, Type:RATIS, Factor:ONE, State:CLOSED] moved to CLOSED state
2019-10-02 20:08:19,273 [ForkJoinPool.commonPool-worker-1] INFO  ozoneimpl.OzoneContainer (OzoneContainer.java:stop(231)) - Attempting to stop container services.
2019-10-02 20:08:19,276 [ForkJoinPool.commonPool-worker-1] INFO  impl.RaftServerProxy (RaftServerProxy.java:lambda$close$4(314)) - 80e39893-1025-4cfc-a7ed-edf02fc85b0e: close
2019-10-02 20:08:19,276 [ForkJoinPool.commonPool-worker-1] INFO  impl.RaftServerImpl (RaftServerImpl.java:lambda$shutdown$3(251)) - 80e39893-1025-4cfc-a7ed-edf02fc85b0e@group-8A686A512450: shutdown
2019-10-02 20:08:19,277 [ForkJoinPool.commonPool-worker-1] INFO  util.JmxRegister (JmxRegister.java:unregister(73)) - Successfully un-registered JMX Bean with object name Ratis:service=RaftServer,group=group-8A686A512450,id=80e39893-1025-4cfc-a7ed-edf02fc85b0e
2019-10-02 20:08:19,277 [ForkJoinPool.commonPool-worker-1] INFO  impl.RoleInfo (RoleInfo.java:shutdownLeaderState(104)) - 80e39893-1025-4cfc-a7ed-edf02fc85b0e: shutdown LeaderState
2019-10-02 20:08:19,280 [org.apache.ratis.server.impl.LogAppender$AppenderDaemon$$Lambda$503/1316170068@2e457ed2] WARN  server.GrpcLogAppender (GrpcLogAppender.java:mayWait(143)) - 80e39893-1025-4cfc-a7ed-edf02fc85b0e@group-8A686A512450->55b062ed-7beb-4a9a-ad42-b82892abf588-GrpcLogAppender: Wait interrupted by java.lang.InterruptedException
2019-10-02 20:08:19,280 [ForkJoinPool.commonPool-worker-1] INFO  impl.PendingRequests (PendingRequests.java:sendNotLeaderResponses(202)) - 80e39893-1025-4cfc-a7ed-edf02fc85b0e-PendingRequests: sendNotLeaderResponses
2019-10-02 20:08:19,280 [org.apache.ratis.server.impl.LogAppender$AppenderDaemon$$Lambda$503/1316170068@66c6df87] WARN  server.GrpcLogAppender (GrpcLogAppender.java:mayWait(143)) - 80e39893-1025-4cfc-a7ed-edf02fc85b0e@group-8A686A512450->4e1d41a4-7b1e-4a6c-bd2b-74c38c2571ab-GrpcLogAppender: Wait interrupted by java.lang.InterruptedException
2019-10-02 20:08:19,283 [ForkJoinPool.commonPool-worker-1] INFO  impl.StateMachineUpdater (StateMachineUpdater.java:stopAndJoin(125)) - 80e39893-1025-4cfc-a7ed-edf02fc85b0e@group-8A686A512450-StateMachineUpdater: set stopIndex = 8
2019-10-02 20:08:19,284 [80e39893-1025-4cfc-a7ed-edf02fc85b0e@group-8A686A512450-StateMachineUpdater] INFO  ratis.ContainerStateMachine (ContainerStateMachine.java:takeSnapshot(289)) - group-8A686A512450: Taking a snapshot at:(t:1, i:8) file /workdir/hadoop-ozone/integration-test/target/test-dir/MiniOzoneClusterImpl-aca11393-2759-4d1b-a5f8-dca1b679aeb5/datanode-0/data/ratis/bdeceee4-6cdf-48db-80d5-8a686a512450/sm/snapshot.1_8
2019-10-02 20:08:19,284 [main] INFO  ozoneimpl.OzoneContainer (OzoneContainer.java:stop(231)) - Attempting to stop container services.
2019-10-02 20:08:19,284 [main] INFO  impl.RaftServerProxy (RaftServerProxy.java:lambda$close$4(314)) - 4a61082c-fbee-413e-ae0e-30e21a012342: close
2019-10-02 20:08:19,285 [main] INFO  impl.RaftServerImpl (RaftServerImpl.java:lambda$shutdown$3(251)) - 4a61082c-fbee-413e-ae0e-30e21a012342@group-A760D7F79D36: shutdown
2019-10-02 20:08:19,285 [main] INFO  util.JmxRegister (JmxRegister.java:unregister(73)) - Successfully un-registered JMX Bean with object name Ratis:service=RaftServer,group=group-A760D7F79D36,id=4a61082c-fbee-413e-ae0e-30e21a012342
2019-10-02 20:08:19,285 [main] INFO  impl.RoleInfo (RoleInfo.java:shutdownFollowerState(121)) - 4a61082c-fbee-413e-ae0e-30e21a012342: shutdown FollowerState
2019-10-02 20:08:19,285 [main] INFO  impl.StateMachineUpdater (StateMachineUpdater.java:stopAndJoin(125)) - 4a61082c-fbee-413e-ae0e-30e21a012342@group-A760D7F79D36-StateMachineUpdater: set stopIndex = 8
2019-10-02 20:08:19,286 [Thread-3685] INFO  impl.FollowerState (FollowerState.java:run(115)) - 4a61082c-fbee-413e-ae0e-30e21a012342: FollowerState was interrupted: java.lang.InterruptedException: sleep interrupted
2019-10-02 20:08:19,285 [4a61082c-fbee-413e-ae0e-30e21a012342@group-A760D7F79D36-StateMachineUpdater] INFO  ratis.ContainerStateMachine (ContainerStateMachine.java:takeSnapshot(289)) - group-A760D7F79D36: Taking a snapshot at:(t:1, i:7) file /workdir/hadoop-ozone/integration-test/target/test-dir/MiniOzoneClusterImpl-aca11393-2759-4d1b-a5f8-dca1b679aeb5/datanode-6/data/ratis/fd1b0dcb-0abf-45b8-9725-a760d7f79d36/sm/snapshot.1_7
2019-10-02 20:08:19,297 [4a61082c-fbee-413e-ae0e-30e21a012342@group-A760D7F79D36-StateMachineUpdater] INFO  ratis.ContainerStateMachine (ContainerStateMachine.java:takeSnapshot(300)) - group-A760D7F79D36: Finished taking a snapshot at:(t:1, i:7) file:/workdir/hadoop-ozone/integration-test/target/test-dir/MiniOzoneClusterImpl-aca11393-2759-4d1b-a5f8-dca1b679aeb5/datanode-6/data/ratis/fd1b0dcb-0abf-45b8-9725-a760d7f79d36/sm/snapshot.1_7 time:12
2019-10-02 20:08:19,297 [80e39893-1025-4cfc-a7ed-edf02fc85b0e@group-8A686A512450-StateMachineUpdater] INFO  ratis.ContainerStateMachine (ContainerStateMachine.java:takeSnapshot(300)) - group-8A686A512450: Finished taking a snapshot at:(t:1, i:8) file:/workdir/hadoop-ozone/integration-test/target/test-dir/MiniOzoneClusterImpl-aca11393-2759-4d1b-a5f8-dca1b679aeb5/datanode-0/data/ratis/bdeceee4-6cdf-48db-80d5-8a686a512450/sm/snapshot.1_8 time:14
2019-10-02 20:08:19,297 [80e39893-1025-4cfc-a7ed-edf02fc85b0e@group-8A686A512450-StateMachineUpdater] INFO  impl.StateMachineUpdater (StateMachineUpdater.java:takeSnapshot(258)) - 80e39893-1025-4cfc-a7ed-edf02fc85b0e@group-8A686A512450-StateMachineUpdater: Took a snapshot at index 8
2019-10-02 20:08:19,297 [4a61082c-fbee-413e-ae0e-30e21a012342@group-A760D7F79D36-StateMachineUpdater] INFO  impl.StateMachineUpdater (StateMachineUpdater.java:takeSnapshot(258)) - 4a61082c-fbee-413e-ae0e-30e21a012342@group-A760D7F79D36-StateMachineUpdater: Took a snapshot at index 7
2019-10-02 20:08:19,297 [80e39893-1025-4cfc-a7ed-edf02fc85b0e@group-8A686A512450-StateMachineUpdater] INFO  impl.StateMachineUpdater (StateMachineUpdater.java:lambda$new$0(83)) - 80e39893-1025-4cfc-a7ed-edf02fc85b0e@group-8A686A512450-StateMachineUpdater: snapshotIndex: updateIncreasingly -1 -> 8
2019-10-02 20:08:19,297 [4a61082c-fbee-413e-ae0e-30e21a012342@group-A760D7F79D36-StateMachineUpdater] INFO  impl.StateMachineUpdater (StateMachineUpdater.java:lambda$new$0(83)) - 4a61082c-fbee-413e-ae0e-30e21a012342@group-A760D7F79D36-StateMachineUpdater: snapshotIndex: updateIncreasingly -1 -> 7
2019-10-02 20:08:19,298 [4a61082c-fbee-413e-ae0e-30e21a012342@group-A760D7F79D36-StateMachineUpdater] INFO  ratis.ContainerStateMachine (ContainerStateMachine.java:takeSnapshot(289)) - group-A760D7F79D36: Taking a snapshot at:(t:1, i:7) file /workdir/hadoop-ozone/integration-test/target/test-dir/MiniOzoneClusterImpl-aca11393-2759-4d1b-a5f8-dca1b679aeb5/datanode-6/data/ratis/fd1b0dcb-0abf-45b8-9725-a760d7f79d36/sm/snapshot.1_7
2019-10-02 20:08:19,298 [ForkJoinPool.commonPool-worker-1] INFO  impl.RaftServerImpl (ServerState.java:close(385)) - 80e39893-1025-4cfc-a7ed-edf02fc85b0e@group-8A686A512450: closes. applyIndex: 8
2019-10-02 20:08:19,298 [80e39893-1025-4cfc-a7ed-edf02fc85b0e@group-8A686A512450-SegmentedRaftLogWorker] INFO  segmented.SegmentedRaftLogWorker (SegmentedRaftLogWorker.java:run(313)) - 80e39893-1025-4cfc-a7ed-edf02fc85b0e@group-8A686A512450-SegmentedRaftLogWorker was interrupted, exiting. There are 0 tasks remaining in the queue.
2019-10-02 20:08:19,300 [ForkJoinPool.commonPool-worker-1] INFO  segmented.SegmentedRaftLogWorker (SegmentedRaftLogWorker.java:close(228)) - 80e39893-1025-4cfc-a7ed-edf02fc85b0e@group-8A686A512450-SegmentedRaftLogWorker close()
2019-10-02 20:08:19,301 [ForkJoinPool.commonPool-worker-1] INFO  impl.RaftServerImpl (RaftServerImpl.java:lambda$shutdown$3(251)) - 80e39893-1025-4cfc-a7ed-edf02fc85b0e@group-8323887B65F0: shutdown
2019-10-02 20:08:19,301 [ForkJoinPool.commonPool-worker-1] INFO  util.JmxRegister (JmxRegister.java:unregister(73)) - Successfully un-registered JMX Bean with object name Ratis:service=RaftServer,group=group-8323887B65F0,id=80e39893-1025-4cfc-a7ed-edf02fc85b0e
2019-10-02 20:08:19,301 [ForkJoinPool.commonPool-worker-1] INFO  impl.RoleInfo (RoleInfo.java:shutdownLeaderState(104)) - 80e39893-1025-4cfc-a7ed-edf02fc85b0e: shutdown LeaderState
2019-10-02 20:08:19,302 [ForkJoinPool.commonPool-worker-1] INFO  impl.PendingRequests (PendingRequests.java:sendNotLeaderResponses(202)) - 80e39893-1025-4cfc-a7ed-edf02fc85b0e-PendingRequests: sendNotLeaderResponses
2019-10-02 20:08:19,302 [ForkJoinPool.commonPool-worker-1] INFO  impl.StateMachineUpdater (StateMachineUpdater.java:stopAndJoin(125)) - 80e39893-1025-4cfc-a7ed-edf02fc85b0e@group-8323887B65F0-StateMachineUpdater: set stopIndex = 0
2019-10-02 20:08:19,302 [ForkJoinPool.commonPool-worker-1] INFO  impl.RaftServerImpl (ServerState.java:close(385)) - 80e39893-1025-4cfc-a7ed-edf02fc85b0e@group-8323887B65F0: closes. applyIndex: 0
2019-10-02 20:08:19,302 [80e39893-1025-4cfc-a7ed-edf02fc85b0e@group-8323887B65F0-SegmentedRaftLogWorker] INFO  segmented.SegmentedRaftLogWorker (SegmentedRaftLogWorker.java:run(313)) - 80e39893-1025-4cfc-a7ed-edf02fc85b0e@group-8323887B65F0-SegmentedRaftLogWorker was interrupted, exiting. There are 0 tasks remaining in the queue.
2019-10-02 20:08:19,304 [ForkJoinPool.commonPool-worker-1] INFO  segmented.SegmentedRaftLogWorker (SegmentedRaftLogWorker.java:close(228)) - 80e39893-1025-4cfc-a7ed-edf02fc85b0e@group-8323887B65F0-SegmentedRaftLogWorker close()
2019-10-02 20:08:19,305 [ForkJoinPool.commonPool-worker-1] INFO  server.GrpcService (GrpcService.java:closeImpl(164)) - 80e39893-1025-4cfc-a7ed-edf02fc85b0e: shutdown server with port 39767 now
2019-10-02 20:08:19,306 [grpc-default-executor-0] WARN  client.GrpcClientProtocolService (LogUtils.java:warn(134)) - 3-UnorderedRequestStreamObserver3: onError: org.apache.ratis.thirdparty.io.grpc.StatusRuntimeException: CANCELLED: cancelled before receiving half close
2019-10-02 20:08:19,306 [ForkJoinPool.commonPool-worker-1] INFO  server.GrpcService (GrpcService.java:closeImpl(172)) - 80e39893-1025-4cfc-a7ed-edf02fc85b0e: shutdown server with port 39767 successfully
2019-10-02 20:08:19,308 [refreshUsed-/workdir/hadoop-ozone/integration-test/target/test-dir/MiniOzoneClusterImpl-aca11393-2759-4d1b-a5f8-dca1b679aeb5/datanode-0/data/containers] WARN  fs.CachingGetSpaceUsed (CachingGetSpaceUsed.java:run(183)) - Thread Interrupted waiting to refresh disk information: sleep interrupted
2019-10-02 20:08:19,311 [4a61082c-fbee-413e-ae0e-30e21a012342@group-A760D7F79D36-StateMachineUpdater] INFO  ratis.ContainerStateMachine (ContainerStateMachine.java:takeSnapshot(300)) - group-A760D7F79D36: Finished taking a snapshot at:(t:1, i:7) file:/workdir/hadoop-ozone/integration-test/target/test-dir/MiniOzoneClusterImpl-aca11393-2759-4d1b-a5f8-dca1b679aeb5/datanode-6/data/ratis/fd1b0dcb-0abf-45b8-9725-a760d7f79d36/sm/snapshot.1_7 time:13
2019-10-02 20:08:19,311 [4a61082c-fbee-413e-ae0e-30e21a012342@group-A760D7F79D36-StateMachineUpdater] INFO  impl.StateMachineUpdater (StateMachineUpdater.java:takeSnapshot(258)) - 4a61082c-fbee-413e-ae0e-30e21a012342@group-A760D7F79D36-StateMachineUpdater: Took a snapshot at index 7
2019-10-02 20:08:19,311 [4a61082c-fbee-413e-ae0e-30e21a012342@group-A760D7F79D36-StateMachineUpdater] INFO  impl.StateMachineUpdater (StateMachineUpdater.java:lambda$new$0(83)) - 4a61082c-fbee-413e-ae0e-30e21a012342@group-A760D7F79D36-StateMachineUpdater: snapshotIndex: updateIncreasingly 7 -> 7
2019-10-02 20:08:19,311 [main] INFO  impl.RaftServerImpl (ServerState.java:close(385)) - 4a61082c-fbee-413e-ae0e-30e21a012342@group-A760D7F79D36: closes. applyIndex: 8
2019-10-02 20:08:19,312 [4a61082c-fbee-413e-ae0e-30e21a012342@group-A760D7F79D36-SegmentedRaftLogWorker] INFO  segmented.SegmentedRaftLogWorker (SegmentedRaftLogWorker.java:run(313)) - 4a61082c-fbee-413e-ae0e-30e21a012342@group-A760D7F79D36-SegmentedRaftLogWorker was interrupted, exiting. There are 0 tasks remaining in the queue.
2019-10-02 20:08:19,313 [main] INFO  segmented.SegmentedRaftLogWorker (SegmentedRaftLogWorker.java:close(228)) - 4a61082c-fbee-413e-ae0e-30e21a012342@group-A760D7F79D36-SegmentedRaftLogWorker close()
2019-10-02 20:08:19,315 [main] INFO  impl.RaftServerImpl (RaftServerImpl.java:lambda$shutdown$3(251)) - 4a61082c-fbee-413e-ae0e-30e21a012342@group-792EC736FFAE: shutdown
2019-10-02 20:08:19,315 [main] INFO  util.JmxRegister (JmxRegister.java:unregister(73)) - Successfully un-registered JMX Bean with object name Ratis:service=RaftServer,group=group-792EC736FFAE,id=4a61082c-fbee-413e-ae0e-30e21a012342
2019-10-02 20:08:19,315 [main] INFO  impl.RoleInfo (RoleInfo.java:shutdownLeaderState(104)) - 4a61082c-fbee-413e-ae0e-30e21a012342: shutdown LeaderState
2019-10-02 20:08:19,316 [main] INFO  impl.PendingRequests (PendingRequests.java:sendNotLeaderResponses(202)) - 4a61082c-fbee-413e-ae0e-30e21a012342-PendingRequests: sendNotLeaderResponses
2019-10-02 20:08:19,316 [main] INFO  impl.StateMachineUpdater (StateMachineUpdater.java:stopAndJoin(125)) - 4a61082c-fbee-413e-ae0e-30e21a012342@group-792EC736FFAE-StateMachineUpdater: set stopIndex = 0
2019-10-02 20:08:19,317 [main] INFO  impl.RaftServerImpl (ServerState.java:close(385)) - 4a61082c-fbee-413e-ae0e-30e21a012342@group-792EC736FFAE: closes. applyIndex: 0
2019-10-02 20:08:19,317 [4a61082c-fbee-413e-ae0e-30e21a012342@group-792EC736FFAE-SegmentedRaftLogWorker] INFO  segmented.SegmentedRaftLogWorker (SegmentedRaftLogWorker.java:run(313)) - 4a61082c-fbee-413e-ae0e-30e21a012342@group-792EC736FFAE-SegmentedRaftLogWorker was interrupted, exiting. There are 0 tasks remaining in the queue.
2019-10-02 20:08:19,318 [main] INFO  segmented.SegmentedRaftLogWorker (SegmentedRaftLogWorker.java:close(228)) - 4a61082c-fbee-413e-ae0e-30e21a012342@group-792EC736FFAE-SegmentedRaftLogWorker close()
2019-10-02 20:08:19,320 [main] INFO  server.GrpcService (GrpcService.java:closeImpl(164)) - 4a61082c-fbee-413e-ae0e-30e21a012342: shutdown server with port 43549 now
2019-10-02 20:08:19,320 [main] INFO  server.GrpcService (GrpcService.java:closeImpl(172)) - 4a61082c-fbee-413e-ae0e-30e21a012342: shutdown server with port 43549 successfully
2019-10-02 20:08:19,321 [grpc-default-executor-8] WARN  server.GrpcLogAppender (LogUtils.java:warn(134)) - e55924e4-1c8f-46ab-a97e-f8ae322d89d0@group-A760D7F79D36->4a61082c-fbee-413e-ae0e-30e21a012342-AppendLogResponseHandler: Failed appendEntries: org.apache.ratis.thirdparty.io.grpc.StatusRuntimeException: CANCELLED: HTTP/2 error code: CANCEL
Received Rst Stream
2019-10-02 20:08:19,321 [grpc-default-executor-0] WARN  server.GrpcServerProtocolService (LogUtils.java:warn(134)) - 4a61082c-fbee-413e-ae0e-30e21a012342: installSnapshot onError, lastRequest: e55924e4-1c8f-46ab-a97e-f8ae322d89d0->4a61082c-fbee-413e-ae0e-30e21a012342#14-t1, previous=(t:1, i:8), leaderCommit=8, initializing? false, entries: <empty>: org.apache.ratis.thirdparty.io.grpc.StatusRuntimeException: CANCELLED: cancelled before receiving half close
2019-10-02 20:08:19,321 [grpc-default-executor-8] INFO  impl.FollowerInfo (FollowerInfo.java:lambda$new$0(51)) - e55924e4-1c8f-46ab-a97e-f8ae322d89d0@group-A760D7F79D36->4a61082c-fbee-413e-ae0e-30e21a012342: nextIndex: updateUnconditionally 9 -> 8
2019-10-02 20:08:19,322 [refreshUsed-/workdir/hadoop-ozone/integration-test/target/test-dir/MiniOzoneClusterImpl-aca11393-2759-4d1b-a5f8-dca1b679aeb5/datanode-6/data/containers] WARN  fs.CachingGetSpaceUsed (CachingGetSpaceUsed.java:run(183)) - Thread Interrupted waiting to refresh disk information: sleep interrupted
2019-10-02 20:08:19,330 [ForkJoinPool.commonPool-worker-1] INFO  utils.BackgroundService (BackgroundService.java:shutdown(148)) - Shutting down service BlockDeletingService
2019-10-02 20:08:19,333 [ForkJoinPool.commonPool-worker-1] INFO  statemachine.DatanodeStateMachine (DatanodeStateMachine.java:stopDaemon(395)) - Ozone container server stopped.
2019-10-02 20:08:19,337 [ForkJoinPool.commonPool-worker-1] INFO  handler.ContextHandler (ContextHandler.java:doStop(910)) - Stopped o.e.j.w.WebAppContext@42c54bad{/,null,UNAVAILABLE}{/hddsDatanode}
2019-10-02 20:08:19,337 [ForkJoinPool.commonPool-worker-1] INFO  server.AbstractConnector (AbstractConnector.java:doStop(318)) - Stopped ServerConnector@6bb4cc0e{HTTP/1.1,[http/1.1]}{0.0.0.0:0}
2019-10-02 20:08:19,337 [ForkJoinPool.commonPool-worker-1] INFO  handler.ContextHandler (ContextHandler.java:doStop(910)) - Stopped o.e.j.s.ServletContextHandler@350ff014{/static,jar:file:/home/user/.m2/repository/org/apache/hadoop/hadoop-hdds-container-service/0.5.0-SNAPSHOT/hadoop-hdds-container-service-0.5.0-SNAPSHOT.jar!/webapps/static,UNAVAILABLE}
2019-10-02 20:08:19,338 [ForkJoinPool.commonPool-worker-1] INFO  handler.ContextHandler (ContextHandler.java:doStop(910)) - Stopped o.e.j.s.ServletContextHandler@113dcaf8{/logs,file:///workdir/hadoop-ozone/integration-test/target/log,UNAVAILABLE}
2019-10-02 20:08:19,341 [main] INFO  utils.BackgroundService (BackgroundService.java:shutdown(148)) - Shutting down service BlockDeletingService
2019-10-02 20:08:19,352 [main] INFO  statemachine.DatanodeStateMachine (DatanodeStateMachine.java:stopDaemon(395)) - Ozone container server stopped.
2019-10-02 20:08:19,353 [main] INFO  handler.ContextHandler (ContextHandler.java:doStop(910)) - Stopped o.e.j.w.WebAppContext@5e5a8718{/,null,UNAVAILABLE}{/hddsDatanode}
2019-10-02 20:08:19,354 [main] INFO  server.AbstractConnector (AbstractConnector.java:doStop(318)) - Stopped ServerConnector@7404ddca{HTTP/1.1,[http/1.1]}{0.0.0.0:0}
2019-10-02 20:08:19,355 [main] INFO  handler.ContextHandler (ContextHandler.java:doStop(910)) - Stopped o.e.j.s.ServletContextHandler@62735b13{/static,jar:file:/home/user/.m2/repository/org/apache/hadoop/hadoop-hdds-container-service/0.5.0-SNAPSHOT/hadoop-hdds-container-service-0.5.0-SNAPSHOT.jar!/webapps/static,UNAVAILABLE}
2019-10-02 20:08:19,355 [main] INFO  handler.ContextHandler (ContextHandler.java:doStop(910)) - Stopped o.e.j.s.ServletContextHandler@638afcaa{/logs,file:///workdir/hadoop-ozone/integration-test/target/log,UNAVAILABLE}
2019-10-02 20:08:20,054 [Datanode State Machine Thread - 0] INFO  statemachine.DatanodeStateMachine (DatanodeStateMachine.java:lambda$startDaemon$0(350)) - Ozone container server started.
2019-10-02 20:08:21,044 [grpc-default-executor-7] WARN  server.GrpcLogAppender (LogUtils.java:warn(134)) - e55924e4-1c8f-46ab-a97e-f8ae322d89d0@group-A760D7F79D36->a9af49d4-12ef-4466-9519-242a6cd6b64b-AppendLogResponseHandler: Failed appendEntries: org.apache.ratis.thirdparty.io.grpc.StatusRuntimeException: UNAVAILABLE: io exception
2019-10-02 20:08:21,044 [grpc-default-executor-7] INFO  impl.FollowerInfo (FollowerInfo.java:lambda$new$0(51)) - e55924e4-1c8f-46ab-a97e-f8ae322d89d0@group-A760D7F79D36->a9af49d4-12ef-4466-9519-242a6cd6b64b: nextIndex: updateUnconditionally 5 -> 4
2019-10-02 20:08:21,046 [grpc-default-executor-8] WARN  server.GrpcLogAppender (LogUtils.java:warn(134)) - e55924e4-1c8f-46ab-a97e-f8ae322d89d0@group-A760D7F79D36->4a61082c-fbee-413e-ae0e-30e21a012342-AppendLogResponseHandler: Failed appendEntries: org.apache.ratis.thirdparty.io.grpc.StatusRuntimeException: UNAVAILABLE: io exception
2019-10-02 20:08:21,047 [grpc-default-executor-8] INFO  impl.FollowerInfo (FollowerInfo.java:lambda$new$0(51)) - e55924e4-1c8f-46ab-a97e-f8ae322d89d0@group-A760D7F79D36->4a61082c-fbee-413e-ae0e-30e21a012342: nextIndex: updateUnconditionally 8 -> 7
2019-10-02 20:08:23,546 [grpc-default-executor-0] WARN  server.GrpcLogAppender (LogUtils.java:warn(134)) - e55924e4-1c8f-46ab-a97e-f8ae322d89d0@group-A760D7F79D36->a9af49d4-12ef-4466-9519-242a6cd6b64b-AppendLogResponseHandler: Failed appendEntries: org.apache.ratis.thirdparty.io.grpc.StatusRuntimeException: UNAVAILABLE: io exception
2019-10-02 20:08:23,547 [grpc-default-executor-5] WARN  server.GrpcLogAppender (LogUtils.java:warn(134)) - e55924e4-1c8f-46ab-a97e-f8ae322d89d0@group-A760D7F79D36->4a61082c-fbee-413e-ae0e-30e21a012342-AppendLogResponseHandler: Failed appendEntries: org.apache.ratis.thirdparty.io.grpc.StatusRuntimeException: UNAVAILABLE: io exception
2019-10-02 20:08:23,547 [grpc-default-executor-0] INFO  impl.FollowerInfo (FollowerInfo.java:lambda$new$0(51)) - e55924e4-1c8f-46ab-a97e-f8ae322d89d0@group-A760D7F79D36->a9af49d4-12ef-4466-9519-242a6cd6b64b: nextIndex: updateUnconditionally 4 -> 3
2019-10-02 20:08:23,547 [grpc-default-executor-5] INFO  impl.FollowerInfo (FollowerInfo.java:lambda$new$0(51)) - e55924e4-1c8f-46ab-a97e-f8ae322d89d0@group-A760D7F79D36->4a61082c-fbee-413e-ae0e-30e21a012342: nextIndex: updateUnconditionally 7 -> 6
2019-10-02 20:08:24,065 [EventQueue-StaleNodeForStaleNodeHandler] INFO  node.StaleNodeHandler (StaleNodeHandler.java:onMessage(58)) - Datanode e55924e4-1c8f-46ab-a97e-f8ae322d89d0{ip: 192.168.151.67, host: pr-hdds-2198-qvzm8-602720389, networkLocation: /default-rack, certSerialId: null} moved to stale state. Finalizing its pipelines [PipelineID=fd1b0dcb-0abf-45b8-9725-a760d7f79d36, PipelineID=890fd789-bf8b-4fb4-b097-54da58792533]
2019-10-02 20:08:24,066 [EventQueue-StaleNodeForStaleNodeHandler] INFO  pipeline.SCMPipelineManager (SCMPipelineManager.java:finalizeAndDestroyPipeline(315)) - destroying pipeline:Pipeline[ Id: fd1b0dcb-0abf-45b8-9725-a760d7f79d36, Nodes: 4a61082c-fbee-413e-ae0e-30e21a012342{ip: 192.168.151.67, host: pr-hdds-2198-qvzm8-602720389, networkLocation: /default-rack, certSerialId: null}e55924e4-1c8f-46ab-a97e-f8ae322d89d0{ip: 192.168.151.67, host: pr-hdds-2198-qvzm8-602720389, networkLocation: /default-rack, certSerialId: null}a9af49d4-12ef-4466-9519-242a6cd6b64b{ip: 192.168.151.67, host: pr-hdds-2198-qvzm8-602720389, networkLocation: /default-rack, certSerialId: null}, Type:RATIS, Factor:THREE, State:CLOSED]
2019-10-02 20:08:24,066 [EventQueue-StaleNodeForStaleNodeHandler] INFO  pipeline.SCMPipelineManager (SCMPipelineManager.java:finalizeAndDestroyPipeline(315)) - destroying pipeline:Pipeline[ Id: 890fd789-bf8b-4fb4-b097-54da58792533, Nodes: e55924e4-1c8f-46ab-a97e-f8ae322d89d0{ip: 192.168.151.67, host: pr-hdds-2198-qvzm8-602720389, networkLocation: /default-rack, certSerialId: null}, Type:RATIS, Factor:ONE, State:OPEN]
2019-10-02 20:08:24,066 [EventQueue-StaleNodeForStaleNodeHandler] INFO  pipeline.PipelineStateManager (PipelineStateManager.java:finalizePipeline(123)) - Pipeline Pipeline[ Id: 890fd789-bf8b-4fb4-b097-54da58792533, Nodes: e55924e4-1c8f-46ab-a97e-f8ae322d89d0{ip: 192.168.151.67, host: pr-hdds-2198-qvzm8-602720389, networkLocation: /default-rack, certSerialId: null}, Type:RATIS, Factor:ONE, State:CLOSED] moved to CLOSED state
2019-10-02 20:08:24,340 [ForkJoinPool.commonPool-worker-1] INFO  ozoneimpl.OzoneContainer (OzoneContainer.java:stop(231)) - Attempting to stop container services.
2019-10-02 20:08:24,344 [ForkJoinPool.commonPool-worker-1] INFO  impl.RaftServerProxy (RaftServerProxy.java:lambda$close$4(314)) - e55924e4-1c8f-46ab-a97e-f8ae322d89d0: close
2019-10-02 20:08:24,345 [ForkJoinPool.commonPool-worker-1] INFO  impl.RaftServerImpl (RaftServerImpl.java:lambda$shutdown$3(251)) - e55924e4-1c8f-46ab-a97e-f8ae322d89d0@group-A760D7F79D36: shutdown
2019-10-02 20:08:24,345 [ForkJoinPool.commonPool-worker-1] INFO  util.JmxRegister (JmxRegister.java:unregister(73)) - Successfully un-registered JMX Bean with object name Ratis:service=RaftServer,group=group-A760D7F79D36,id=e55924e4-1c8f-46ab-a97e-f8ae322d89d0
2019-10-02 20:08:24,345 [ForkJoinPool.commonPool-worker-1] INFO  impl.RoleInfo (RoleInfo.java:shutdownLeaderState(104)) - e55924e4-1c8f-46ab-a97e-f8ae322d89d0: shutdown LeaderState
2019-10-02 20:08:24,348 [org.apache.ratis.server.impl.LogAppender$AppenderDaemon$$Lambda$503/1316170068@2021026b] WARN  server.GrpcLogAppender (GrpcLogAppender.java:mayWait(143)) - e55924e4-1c8f-46ab-a97e-f8ae322d89d0@group-A760D7F79D36->a9af49d4-12ef-4466-9519-242a6cd6b64b-GrpcLogAppender: Wait interrupted by java.lang.InterruptedException
2019-10-02 20:08:24,348 [ForkJoinPool.commonPool-worker-1] INFO  impl.PendingRequests (PendingRequests.java:sendNotLeaderResponses(202)) - e55924e4-1c8f-46ab-a97e-f8ae322d89d0-PendingRequests: sendNotLeaderResponses
2019-10-02 20:08:24,348 [org.apache.ratis.server.impl.LogAppender$AppenderDaemon$$Lambda$503/1316170068@411702d1] WARN  server.GrpcLogAppender (GrpcLogAppender.java:mayWait(143)) - e55924e4-1c8f-46ab-a97e-f8ae322d89d0@group-A760D7F79D36->4a61082c-fbee-413e-ae0e-30e21a012342-GrpcLogAppender: Wait interrupted by java.lang.InterruptedException
2019-10-02 20:08:24,352 [ForkJoinPool.commonPool-worker-1] INFO  impl.StateMachineUpdater (StateMachineUpdater.java:stopAndJoin(125)) - e55924e4-1c8f-46ab-a97e-f8ae322d89d0@group-A760D7F79D36-StateMachineUpdater: set stopIndex = 8
2019-10-02 20:08:24,353 [e55924e4-1c8f-46ab-a97e-f8ae322d89d0@group-A760D7F79D36-StateMachineUpdater] INFO  ratis.ContainerStateMachine (ContainerStateMachine.java:takeSnapshot(289)) - group-A760D7F79D36: Taking a snapshot at:(t:1, i:8) file /workdir/hadoop-ozone/integration-test/target/test-dir/MiniOzoneClusterImpl-aca11393-2759-4d1b-a5f8-dca1b679aeb5/datanode-5/data/ratis/fd1b0dcb-0abf-45b8-9725-a760d7f79d36/sm/snapshot.1_8
2019-10-02 20:08:24,367 [e55924e4-1c8f-46ab-a97e-f8ae322d89d0@group-A760D7F79D36-StateMachineUpdater] INFO  ratis.ContainerStateMachine (ContainerStateMachine.java:takeSnapshot(300)) - group-A760D7F79D36: Finished taking a snapshot at:(t:1, i:8) file:/workdir/hadoop-ozone/integration-test/target/test-dir/MiniOzoneClusterImpl-aca11393-2759-4d1b-a5f8-dca1b679aeb5/datanode-5/data/ratis/fd1b0dcb-0abf-45b8-9725-a760d7f79d36/sm/snapshot.1_8 time:15
2019-10-02 20:08:24,368 [e55924e4-1c8f-46ab-a97e-f8ae322d89d0@group-A760D7F79D36-StateMachineUpdater] INFO  impl.StateMachineUpdater (StateMachineUpdater.java:takeSnapshot(258)) - e55924e4-1c8f-46ab-a97e-f8ae322d89d0@group-A760D7F79D36-StateMachineUpdater: Took a snapshot at index 8
2019-10-02 20:08:24,368 [e55924e4-1c8f-46ab-a97e-f8ae322d89d0@group-A760D7F79D36-StateMachineUpdater] INFO  impl.StateMachineUpdater (StateMachineUpdater.java:lambda$new$0(83)) - e55924e4-1c8f-46ab-a97e-f8ae322d89d0@group-A760D7F79D36-StateMachineUpdater: snapshotIndex: updateIncreasingly -1 -> 8
2019-10-02 20:08:24,368 [ForkJoinPool.commonPool-worker-1] INFO  impl.RaftServerImpl (ServerState.java:close(385)) - e55924e4-1c8f-46ab-a97e-f8ae322d89d0@group-A760D7F79D36: closes. applyIndex: 8
2019-10-02 20:08:24,369 [e55924e4-1c8f-46ab-a97e-f8ae322d89d0@group-A760D7F79D36-SegmentedRaftLogWorker] INFO  segmented.SegmentedRaftLogWorker (SegmentedRaftLogWorker.java:run(313)) - e55924e4-1c8f-46ab-a97e-f8ae322d89d0@group-A760D7F79D36-SegmentedRaftLogWorker was interrupted, exiting. There are 0 tasks remaining in the queue.
2019-10-02 20:08:24,370 [ForkJoinPool.commonPool-worker-1] INFO  segmented.SegmentedRaftLogWorker (SegmentedRaftLogWorker.java:close(228)) - e55924e4-1c8f-46ab-a97e-f8ae322d89d0@group-A760D7F79D36-SegmentedRaftLogWorker close()
2019-10-02 20:08:24,372 [ForkJoinPool.commonPool-worker-1] INFO  impl.RaftServerImpl (RaftServerImpl.java:lambda$shutdown$3(251)) - e55924e4-1c8f-46ab-a97e-f8ae322d89d0@group-54DA58792533: shutdown
2019-10-02 20:08:24,372 [ForkJoinPool.commonPool-worker-1] INFO  util.JmxRegister (JmxRegister.java:unregister(73)) - Successfully un-registered JMX Bean with object name Ratis:service=RaftServer,group=group-54DA58792533,id=e55924e4-1c8f-46ab-a97e-f8ae322d89d0
2019-10-02 20:08:24,372 [ForkJoinPool.commonPool-worker-1] INFO  impl.RoleInfo (RoleInfo.java:shutdownLeaderState(104)) - e55924e4-1c8f-46ab-a97e-f8ae322d89d0: shutdown LeaderState
2019-10-02 20:08:24,372 [ForkJoinPool.commonPool-worker-1] INFO  impl.PendingRequests (PendingRequests.java:sendNotLeaderResponses(202)) - e55924e4-1c8f-46ab-a97e-f8ae322d89d0-PendingRequests: sendNotLeaderResponses
2019-10-02 20:08:24,372 [ForkJoinPool.commonPool-worker-1] INFO  impl.StateMachineUpdater (StateMachineUpdater.java:stopAndJoin(125)) - e55924e4-1c8f-46ab-a97e-f8ae322d89d0@group-54DA58792533-StateMachineUpdater: set stopIndex = 0
2019-10-02 20:08:24,373 [ForkJoinPool.commonPool-worker-1] INFO  impl.RaftServerImpl (ServerState.java:close(385)) - e55924e4-1c8f-46ab-a97e-f8ae322d89d0@group-54DA58792533: closes. applyIndex: 0
2019-10-02 20:08:24,373 [e55924e4-1c8f-46ab-a97e-f8ae322d89d0@group-54DA58792533-SegmentedRaftLogWorker] INFO  segmented.SegmentedRaftLogWorker (SegmentedRaftLogWorker.java:run(313)) - e55924e4-1c8f-46ab-a97e-f8ae322d89d0@group-54DA58792533-SegmentedRaftLogWorker was interrupted, exiting. There are 0 tasks remaining in the queue.
2019-10-02 20:08:24,374 [ForkJoinPool.commonPool-worker-1] INFO  segmented.SegmentedRaftLogWorker (SegmentedRaftLogWorker.java:close(228)) - e55924e4-1c8f-46ab-a97e-f8ae322d89d0@group-54DA58792533-SegmentedRaftLogWorker close()
2019-10-02 20:08:24,375 [ForkJoinPool.commonPool-worker-1] INFO  server.GrpcService (GrpcService.java:closeImpl(164)) - e55924e4-1c8f-46ab-a97e-f8ae322d89d0: shutdown server with port 40214 now
2019-10-02 20:08:24,377 [ForkJoinPool.commonPool-worker-1] INFO  server.GrpcService (GrpcService.java:closeImpl(172)) - e55924e4-1c8f-46ab-a97e-f8ae322d89d0: shutdown server with port 40214 successfully
2019-10-02 20:08:24,378 [refreshUsed-/workdir/hadoop-ozone/integration-test/target/test-dir/MiniOzoneClusterImpl-aca11393-2759-4d1b-a5f8-dca1b679aeb5/datanode-5/data/containers] WARN  fs.CachingGetSpaceUsed (CachingGetSpaceUsed.java:run(183)) - Thread Interrupted waiting to refresh disk information: sleep interrupted
2019-10-02 20:08:24,391 [ForkJoinPool.commonPool-worker-1] INFO  utils.BackgroundService (BackgroundService.java:shutdown(148)) - Shutting down service BlockDeletingService
2019-10-02 20:08:24,392 [ForkJoinPool.commonPool-worker-1] INFO  statemachine.DatanodeStateMachine (DatanodeStateMachine.java:stopDaemon(395)) - Ozone container server stopped.
2019-10-02 20:08:24,400 [ForkJoinPool.commonPool-worker-1] INFO  handler.ContextHandler (ContextHandler.java:doStop(910)) - Stopped o.e.j.w.WebAppContext@65844c96{/,null,UNAVAILABLE}{/hddsDatanode}
2019-10-02 20:08:24,401 [ForkJoinPool.commonPool-worker-1] INFO  server.AbstractConnector (AbstractConnector.java:doStop(318)) - Stopped ServerConnector@25214797{HTTP/1.1,[http/1.1]}{0.0.0.0:0}
2019-10-02 20:08:24,401 [ForkJoinPool.commonPool-worker-1] INFO  handler.ContextHandler (ContextHandler.java:doStop(910)) - Stopped o.e.j.s.ServletContextHandler@c0c8f96{/static,jar:file:/home/user/.m2/repository/org/apache/hadoop/hadoop-hdds-container-service/0.5.0-SNAPSHOT/hadoop-hdds-container-service-0.5.0-SNAPSHOT.jar!/webapps/static,UNAVAILABLE}
2019-10-02 20:08:24,401 [ForkJoinPool.commonPool-worker-1] INFO  handler.ContextHandler (ContextHandler.java:doStop(910)) - Stopped o.e.j.s.ServletContextHandler@640c216b{/logs,file:///workdir/hadoop-ozone/integration-test/target/log,UNAVAILABLE}
2019-10-02 20:08:24,402 [main] INFO  ozone.MiniOzoneClusterImpl (MiniOzoneClusterImpl.java:stopSCM(392)) - Stopping the StorageContainerManager
2019-10-02 20:08:24,403 [main] INFO  server.StorageContainerManager (StorageContainerManager.java:stop(808)) - Stopping Replication Manager Service.
2019-10-02 20:08:24,403 [main] INFO  container.ReplicationManager (ReplicationManager.java:stop(203)) - Stopping Replication Monitor Thread.
2019-10-02 20:08:24,403 [main] INFO  server.StorageContainerManager (StorageContainerManager.java:stop(815)) - Stopping Lease Manager of the command watchers
2019-10-02 20:08:24,403 [main] INFO  server.StorageContainerManager (StorageContainerManager.java:stop(822)) - Stopping datanode service RPC server
2019-10-02 20:08:24,403 [main] INFO  server.SCMDatanodeProtocolServer (SCMDatanodeProtocolServer.java:stop(367)) - Stopping the RPC server for DataNodes
2019-10-02 20:08:24,404 [main] INFO  ipc.Server (Server.java:stop(3082)) - Stopping server on 46006
2019-10-02 20:08:24,408 [IPC Server listener on 46006] INFO  ipc.Server (Server.java:run(1185)) - Stopping IPC Server listener on 46006
2019-10-02 20:08:24,408 [IPC Server Responder] INFO  ipc.Server (Server.java:run(1319)) - Stopping IPC Server Responder
2019-10-02 20:08:24,465 [SCM Heartbeat Processing Thread - 0] WARN  node.NodeStateManager (NodeStateManager.java:scheduleNextHealthCheck(646)) - Current Thread is interrupted, shutting down HB processing thread for Node Manager.
2019-10-02 20:08:24,466 [main] INFO  server.StorageContainerManager (StorageContainerManager.java:stop(830)) - Stopping block service RPC server
2019-10-02 20:08:24,466 [main] INFO  server.SCMBlockProtocolServer (SCMBlockProtocolServer.java:stop(155)) - Stopping the RPC server for Block Protocol
2019-10-02 20:08:24,466 [main] INFO  ipc.Server (Server.java:stop(3082)) - Stopping server on 46840
2019-10-02 20:08:24,469 [IPC Server listener on 46840] INFO  ipc.Server (Server.java:run(1185)) - Stopping IPC Server listener on 46840
2019-10-02 20:08:24,473 [main] INFO  server.StorageContainerManager (StorageContainerManager.java:stop(837)) - Stopping the StorageContainerLocationProtocol RPC server
2019-10-02 20:08:24,473 [main] INFO  server.SCMClientProtocolServer (SCMClientProtocolServer.java:stop(158)) - Stopping the RPC server for Client Protocol
2019-10-02 20:08:24,474 [IPC Server Responder] INFO  ipc.Server (Server.java:run(1319)) - Stopping IPC Server Responder
2019-10-02 20:08:24,474 [main] INFO  ipc.Server (Server.java:stop(3082)) - Stopping server on 34640
2019-10-02 20:08:24,477 [IPC Server listener on 34640] INFO  ipc.Server (Server.java:run(1185)) - Stopping IPC Server listener on 34640
2019-10-02 20:08:24,477 [main] INFO  server.StorageContainerManager (StorageContainerManager.java:stop(844)) - Stopping Storage Container Manager HTTP server.
2019-10-02 20:08:24,477 [IPC Server Responder] INFO  ipc.Server (Server.java:run(1319)) - Stopping IPC Server Responder
2019-10-02 20:08:24,479 [main] INFO  handler.ContextHandler (ContextHandler.java:doStop(910)) - Stopped o.e.j.w.WebAppContext@a316f6b{/,null,UNAVAILABLE}{/scm}
2019-10-02 20:08:24,480 [main] INFO  server.AbstractConnector (AbstractConnector.java:doStop(318)) - Stopped ServerConnector@63f9ddf9{HTTP/1.1,[http/1.1]}{0.0.0.0:0}
2019-10-02 20:08:24,480 [main] INFO  handler.ContextHandler (ContextHandler.java:doStop(910)) - Stopped o.e.j.s.ServletContextHandler@76ac68b0{/static,file:///workdir/hadoop-ozone/integration-test/target/test-classes/webapps/static,UNAVAILABLE}
2019-10-02 20:08:24,480 [main] INFO  handler.ContextHandler (ContextHandler.java:doStop(910)) - Stopped o.e.j.s.ServletContextHandler@73d62b5{/logs,file:///workdir/hadoop-ozone/integration-test/target/log,UNAVAILABLE}
2019-10-02 20:08:24,481 [main] INFO  server.StorageContainerManager (StorageContainerManager.java:stop(855)) - Stopping Block Manager Service.
2019-10-02 20:08:24,481 [main] INFO  utils.BackgroundService (BackgroundService.java:shutdown(148)) - Shutting down service SCMBlockDeletingService
2019-10-02 20:08:24,481 [main] INFO  utils.BackgroundService (BackgroundService.java:shutdown(148)) - Shutting down service SCMBlockDeletingService
2019-10-02 20:08:24,481 [main] INFO  server.StorageContainerManager (StorageContainerManager.java:stop(877)) - Stopping SCM Event Queue.
2019-10-02 20:08:24,485 [main] INFO  impl.MetricsSystemImpl (MetricsSystemImpl.java:stop(210)) - Stopping HddsDatanode metrics system...
2019-10-02 20:08:24,510 [main] INFO  impl.MetricsSystemImpl (MetricsSystemImpl.java:stop(216)) - HddsDatanode metrics system stopped.
]]></system-out>
    <system-err><![CDATA[Oct 02, 2019 8:08:09 PM org.apache.ratis.thirdparty.io.grpc.internal.SerializingExecutor run
SEVERE: Exception while executing runnable org.apache.ratis.thirdparty.io.grpc.internal.ServerImpl$JumpToApplicationThreadServerStreamListener$1Closed@2abd4b9c
org.apache.ratis.thirdparty.io.grpc.StatusRuntimeException: CANCELLED: call already cancelled
	at org.apache.ratis.thirdparty.io.grpc.Status.asRuntimeException(Status.java:517)
	at org.apache.ratis.thirdparty.io.grpc.stub.ServerCalls$ServerCallStreamObserverImpl.onCompleted(ServerCalls.java:356)
	at org.apache.ratis.grpc.server.GrpcServerProtocolService$ServerRequestStreamObserver.onError(GrpcServerProtocolService.java:121)
	at org.apache.ratis.thirdparty.io.grpc.stub.ServerCalls$StreamingServerCallHandler$StreamingServerCallListener.onCancel(ServerCalls.java:269)
	at org.apache.ratis.thirdparty.io.grpc.internal.ServerCallImpl$ServerStreamListenerImpl.closed(ServerCallImpl.java:293)
	at org.apache.ratis.thirdparty.io.grpc.internal.ServerImpl$JumpToApplicationThreadServerStreamListener$1Closed.runInContext(ServerImpl.java:741)
	at org.apache.ratis.thirdparty.io.grpc.internal.ContextRunnable.run(ContextRunnable.java:37)
	at org.apache.ratis.thirdparty.io.grpc.internal.SerializingExecutor.run(SerializingExecutor.java:123)
	at java.util.concurrent.ThreadPoolExecutor.runWorker(ThreadPoolExecutor.java:1149)
	at java.util.concurrent.ThreadPoolExecutor$Worker.run(ThreadPoolExecutor.java:624)
	at java.lang.Thread.run(Thread.java:748)

Oct 02, 2019 8:08:14 PM org.apache.ratis.thirdparty.io.grpc.internal.SerializingExecutor run
SEVERE: Exception while executing runnable org.apache.ratis.thirdparty.io.grpc.internal.ServerImpl$JumpToApplicationThreadServerStreamListener$1Closed@6fa47b1f
org.apache.ratis.thirdparty.io.grpc.StatusRuntimeException: CANCELLED: call already cancelled
	at org.apache.ratis.thirdparty.io.grpc.Status.asRuntimeException(Status.java:517)
	at org.apache.ratis.thirdparty.io.grpc.stub.ServerCalls$ServerCallStreamObserverImpl.onCompleted(ServerCalls.java:356)
	at org.apache.ratis.grpc.server.GrpcServerProtocolService$ServerRequestStreamObserver.onError(GrpcServerProtocolService.java:121)
	at org.apache.ratis.thirdparty.io.grpc.stub.ServerCalls$StreamingServerCallHandler$StreamingServerCallListener.onCancel(ServerCalls.java:269)
	at org.apache.ratis.thirdparty.io.grpc.internal.ServerCallImpl$ServerStreamListenerImpl.closed(ServerCallImpl.java:293)
	at org.apache.ratis.thirdparty.io.grpc.internal.ServerImpl$JumpToApplicationThreadServerStreamListener$1Closed.runInContext(ServerImpl.java:741)
	at org.apache.ratis.thirdparty.io.grpc.internal.ContextRunnable.run(ContextRunnable.java:37)
	at org.apache.ratis.thirdparty.io.grpc.internal.SerializingExecutor.run(SerializingExecutor.java:123)
	at java.util.concurrent.ThreadPoolExecutor.runWorker(ThreadPoolExecutor.java:1149)
	at java.util.concurrent.ThreadPoolExecutor$Worker.run(ThreadPoolExecutor.java:624)
	at java.lang.Thread.run(Thread.java:748)

Oct 02, 2019 8:08:14 PM org.apache.ratis.thirdparty.io.grpc.internal.SerializingExecutor run
SEVERE: Exception while executing runnable org.apache.ratis.thirdparty.io.grpc.internal.ServerImpl$JumpToApplicationThreadServerStreamListener$1Closed@7c7b9b21
org.apache.ratis.thirdparty.io.grpc.StatusRuntimeException: CANCELLED: call already cancelled
	at org.apache.ratis.thirdparty.io.grpc.Status.asRuntimeException(Status.java:517)
	at org.apache.ratis.thirdparty.io.grpc.stub.ServerCalls$ServerCallStreamObserverImpl.onCompleted(ServerCalls.java:356)
	at org.apache.ratis.grpc.server.GrpcServerProtocolService$ServerRequestStreamObserver.onError(GrpcServerProtocolService.java:121)
	at org.apache.ratis.thirdparty.io.grpc.stub.ServerCalls$StreamingServerCallHandler$StreamingServerCallListener.onCancel(ServerCalls.java:269)
	at org.apache.ratis.thirdparty.io.grpc.internal.ServerCallImpl$ServerStreamListenerImpl.closed(ServerCallImpl.java:293)
	at org.apache.ratis.thirdparty.io.grpc.internal.ServerImpl$JumpToApplicationThreadServerStreamListener$1Closed.runInContext(ServerImpl.java:741)
	at org.apache.ratis.thirdparty.io.grpc.internal.ContextRunnable.run(ContextRunnable.java:37)
	at org.apache.ratis.thirdparty.io.grpc.internal.SerializingExecutor.run(SerializingExecutor.java:123)
	at java.util.concurrent.ThreadPoolExecutor.runWorker(ThreadPoolExecutor.java:1149)
	at java.util.concurrent.ThreadPoolExecutor$Worker.run(ThreadPoolExecutor.java:624)
	at java.lang.Thread.run(Thread.java:748)

Oct 02, 2019 8:08:19 PM org.apache.ratis.thirdparty.io.grpc.internal.SerializingExecutor run
SEVERE: Exception while executing runnable org.apache.ratis.thirdparty.io.grpc.internal.ServerImpl$JumpToApplicationThreadServerStreamListener$1Closed@308bda33
org.apache.ratis.thirdparty.io.grpc.StatusRuntimeException: CANCELLED: call already cancelled
	at org.apache.ratis.thirdparty.io.grpc.Status.asRuntimeException(Status.java:517)
	at org.apache.ratis.thirdparty.io.grpc.stub.ServerCalls$ServerCallStreamObserverImpl.onCompleted(ServerCalls.java:356)
	at org.apache.ratis.grpc.server.GrpcServerProtocolService$ServerRequestStreamObserver.onError(GrpcServerProtocolService.java:121)
	at org.apache.ratis.thirdparty.io.grpc.stub.ServerCalls$StreamingServerCallHandler$StreamingServerCallListener.onCancel(ServerCalls.java:269)
	at org.apache.ratis.thirdparty.io.grpc.internal.ServerCallImpl$ServerStreamListenerImpl.closed(ServerCallImpl.java:293)
	at org.apache.ratis.thirdparty.io.grpc.internal.ServerImpl$JumpToApplicationThreadServerStreamListener$1Closed.runInContext(ServerImpl.java:741)
	at org.apache.ratis.thirdparty.io.grpc.internal.ContextRunnable.run(ContextRunnable.java:37)
	at org.apache.ratis.thirdparty.io.grpc.internal.SerializingExecutor.run(SerializingExecutor.java:123)
	at java.util.concurrent.ThreadPoolExecutor.runWorker(ThreadPoolExecutor.java:1149)
	at java.util.concurrent.ThreadPoolExecutor$Worker.run(ThreadPoolExecutor.java:624)
	at java.lang.Thread.run(Thread.java:748)

]]></system-err>
  </testcase>
  <testcase name="testWatchForCommitWithCloseContainerException" classname="org.apache.hadoop.ozone.client.rpc.TestBlockOutputStreamWithFailures" time="35.248"/>
  <testcase name="testExceptionDuringClose" classname="org.apache.hadoop.ozone.client.rpc.TestBlockOutputStreamWithFailures" time="33.436"/>
</testsuite>