<?xml version="1.0" encoding="UTF-8"?>
<testsuite xmlns:xsi="http://www.w3.org/2001/XMLSchema-instance" xsi:noNamespaceSchemaLocation="https://maven.apache.org/surefire/maven-surefire-plugin/xsd/surefire-test-report.xsd" name="org.apache.hadoop.ozone.client.rpc.TestOzoneClientRetriesOnException" time="167.209" tests="2" errors="1" skipped="0" failures="0">
  <properties>
    <property name="awt.toolkit" value="sun.awt.X11.XToolkit"/>
    <property name="file.encoding.pkg" value="sun.io"/>
    <property name="java.specification.version" value="1.8"/>
    <property name="sun.cpu.isalist" value=""/>
    <property name="sun.jnu.encoding" value="UTF-8"/>
    <property name="java.class.path" value="/workdir/hadoop-ozone/integration-test/target/test-classes:/workdir/hadoop-ozone/integration-test/target/classes:/home/user/.m2/repository/org/apache/hadoop/hadoop-ozone-common/0.5.0-SNAPSHOT/hadoop-ozone-common-0.5.0-SNAPSHOT.jar:/home/user/.m2/repository/org/apache/commons/commons-compress/1.4.1/commons-compress-1.4.1.jar:/home/user/.m2/repository/org/tukaani/xz/1.0/xz-1.0.jar:/home/user/.m2/repository/org/apache/hadoop/hadoop-common/3.2.0/hadoop-common-3.2.0.jar:/home/user/.m2/repository/org/apache/hadoop/hadoop-hdfs/3.2.0/hadoop-hdfs-3.2.0.jar:/home/user/.m2/repository/org/apache/hadoop/hadoop-hdfs-client/3.2.0/hadoop-hdfs-client-3.2.0.jar:/home/user/.m2/repository/com/fasterxml/jackson/core/jackson-annotations/2.9.9/jackson-annotations-2.9.9.jar:/home/user/.m2/repository/org/apache/hadoop/hadoop-hdds-common/0.5.0-SNAPSHOT/hadoop-hdds-common-0.5.0-SNAPSHOT.jar:/home/user/.m2/repository/javax/annotation/javax.annotation-api/1.2/javax.annotation-api-1.2.jar:/home/user/.m2/repository/org/apache/ratis/ratis-server/0.4.0/ratis-server-0.4.0.jar:/home/user/.m2/repository/org/apache/ratis/ratis-thirdparty-misc/0.2.0/ratis-thirdparty-misc-0.2.0.jar:/home/user/.m2/repository/org/apache/ratis/ratis-proto/0.4.0/ratis-proto-0.4.0.jar:/home/user/.m2/repository/org/apache/ratis/ratis-common/0.4.0/ratis-common-0.4.0.jar:/home/user/.m2/repository/org/apache/ratis/ratis-client/0.4.0/ratis-client-0.4.0.jar:/home/user/.m2/repository/org/apache/ratis/ratis-metrics/0.4.0/ratis-metrics-0.4.0.jar:/home/user/.m2/repository/com/github/joshelser/dropwizard-metrics-hadoop-metrics2-reporter/0.1.2/dropwizard-metrics-hadoop-metrics2-reporter-0.1.2.jar:/home/user/.m2/repository/io/dropwizard/metrics/metrics-jvm/3.2.5/metrics-jvm-3.2.5.jar:/home/user/.m2/repository/io/dropwizard/metrics/metrics-ganglia/3.2.5/metrics-ganglia-3.2.5.jar:/home/user/.m2/repository/info/ganglia/gmetric4j/gmetric4j/1.0.7/gmetric4j-1.0.7.jar:/home/user/.m2/repository/org/apache/ratis/ratis-netty/0.4.0/ratis-netty-0.4.0.jar:/home/user/.m2/repository/org/apache/ratis/ratis-grpc/0.4.0/ratis-grpc-0.4.0.jar:/home/user/.m2/repository/org/rocksdb/rocksdbjni/6.0.1/rocksdbjni-6.0.1.jar:/home/user/.m2/repository/org/apache/logging/log4j/log4j-api/2.11.0/log4j-api-2.11.0.jar:/home/user/.m2/repository/org/apache/logging/log4j/log4j-core/2.11.0/log4j-core-2.11.0.jar:/home/user/.m2/repository/com/lmax/disruptor/3.4.2/disruptor-3.4.2.jar:/home/user/.m2/repository/org/apache/commons/commons-pool2/2.6.0/commons-pool2-2.6.0.jar:/home/user/.m2/repository/org/bouncycastle/bcpkix-jdk15on/1.60/bcpkix-jdk15on-1.60.jar:/home/user/.m2/repository/commons-validator/commons-validator/1.6/commons-validator-1.6.jar:/home/user/.m2/repository/commons-digester/commons-digester/1.8.1/commons-digester-1.8.1.jar:/home/user/.m2/repository/io/jaegertracing/jaeger-client/0.34.0/jaeger-client-0.34.0.jar:/home/user/.m2/repository/io/jaegertracing/jaeger-thrift/0.34.0/jaeger-thrift-0.34.0.jar:/home/user/.m2/repository/org/apache/thrift/libthrift/0.12.0/libthrift-0.12.0.jar:/home/user/.m2/repository/com/squareup/okhttp3/okhttp/3.9.0/okhttp-3.9.0.jar:/home/user/.m2/repository/com/squareup/okio/okio/1.13.0/okio-1.13.0.jar:/home/user/.m2/repository/io/jaegertracing/jaeger-core/0.34.0/jaeger-core-0.34.0.jar:/home/user/.m2/repository/io/jaegertracing/jaeger-tracerresolver/0.34.0/jaeger-tracerresolver-0.34.0.jar:/home/user/.m2/repository/io/opentracing/contrib/opentracing-tracerresolver/0.1.5/opentracing-tracerresolver-0.1.5.jar:/home/user/.m2/repository/io/opentracing/opentracing-util/0.31.0/opentracing-util-0.31.0.jar:/home/user/.m2/repository/io/opentracing/opentracing-api/0.31.0/opentracing-api-0.31.0.jar:/home/user/.m2/repository/io/opentracing/opentracing-noop/0.31.0/opentracing-noop-0.31.0.jar:/home/user/.m2/repository/org/apache/hadoop/hadoop-hdds-server-framework/0.5.0-SNAPSHOT/hadoop-hdds-server-framework-0.5.0-SNAPSHOT.jar:/home/user/.m2/repository/org/apache/hadoop/hadoop-hdds-container-service/0.5.0-SNAPSHOT/hadoop-hdds-container-service-0.5.0-SNAPSHOT.jar:/home/user/.m2/repository/org/apache/hadoop/hadoop-hdds-client/0.5.0-SNAPSHOT/hadoop-hdds-client-0.5.0-SNAPSHOT.jar:/home/user/.m2/repository/org/apache/hadoop/hadoop-hdds-tools/0.5.0-SNAPSHOT/hadoop-hdds-tools-0.5.0-SNAPSHOT.jar:/home/user/.m2/repository/org/apache/hadoop/hadoop-hdds-server-scm/0.5.0-SNAPSHOT/hadoop-hdds-server-scm-0.5.0-SNAPSHOT.jar:/home/user/.m2/repository/org/apache/hadoop/hadoop-hdds-docs/0.5.0-SNAPSHOT/hadoop-hdds-docs-0.5.0-SNAPSHOT.jar:/home/user/.m2/repository/io/dropwizard/metrics/metrics-core/3.2.4/metrics-core-3.2.4.jar:/home/user/.m2/repository/org/hamcrest/hamcrest-all/1.3/hamcrest-all-1.3.jar:/home/user/.m2/repository/org/bouncycastle/bcprov-jdk15on/1.60/bcprov-jdk15on-1.60.jar:/home/user/.m2/repository/info/picocli/picocli/3.9.6/picocli-3.9.6.jar:/home/user/.m2/repository/com/google/protobuf/protobuf-java/2.5.0/protobuf-java-2.5.0.jar:/home/user/.m2/repository/com/google/guava/guava/11.0.2/guava-11.0.2.jar:/home/user/.m2/repository/org/apache/hadoop/hadoop-ozone-ozone-manager/0.5.0-SNAPSHOT/hadoop-ozone-ozone-manager-0.5.0-SNAPSHOT.jar:/home/user/.m2/repository/org/apache/hadoop/hadoop-minikdc/3.2.0/hadoop-minikdc-3.2.0.jar:/home/user/.m2/repository/commons-io/commons-io/2.5/commons-io-2.5.jar:/home/user/.m2/repository/org/apache/kerby/kerb-simplekdc/1.0.1/kerb-simplekdc-1.0.1.jar:/home/user/.m2/repository/org/apache/kerby/kerb-client/1.0.1/kerb-client-1.0.1.jar:/home/user/.m2/repository/org/apache/kerby/kerby-config/1.0.1/kerby-config-1.0.1.jar:/home/user/.m2/repository/org/apache/kerby/kerb-core/1.0.1/kerb-core-1.0.1.jar:/home/user/.m2/repository/org/apache/kerby/kerby-pkix/1.0.1/kerby-pkix-1.0.1.jar:/home/user/.m2/repository/org/apache/kerby/kerby-asn1/1.0.1/kerby-asn1-1.0.1.jar:/home/user/.m2/repository/org/apache/kerby/kerby-util/1.0.1/kerby-util-1.0.1.jar:/home/user/.m2/repository/org/apache/kerby/kerb-common/1.0.1/kerb-common-1.0.1.jar:/home/user/.m2/repository/org/apache/kerby/kerb-crypto/1.0.1/kerb-crypto-1.0.1.jar:/home/user/.m2/repository/org/apache/kerby/kerb-util/1.0.1/kerb-util-1.0.1.jar:/home/user/.m2/repository/org/apache/kerby/token-provider/1.0.1/token-provider-1.0.1.jar:/home/user/.m2/repository/org/apache/kerby/kerb-admin/1.0.1/kerb-admin-1.0.1.jar:/home/user/.m2/repository/org/apache/kerby/kerb-server/1.0.1/kerb-server-1.0.1.jar:/home/user/.m2/repository/org/apache/kerby/kerb-identity/1.0.1/kerb-identity-1.0.1.jar:/home/user/.m2/repository/org/apache/kerby/kerby-xdr/1.0.1/kerby-xdr-1.0.1.jar:/home/user/.m2/repository/org/slf4j/slf4j-log4j12/1.7.25/slf4j-log4j12-1.7.25.jar:/home/user/.m2/repository/org/apache/hadoop/hadoop-ozone-s3gateway/0.5.0-SNAPSHOT/hadoop-ozone-s3gateway-0.5.0-SNAPSHOT.jar:/home/user/.m2/repository/org/jboss/weld/servlet/weld-servlet/2.4.7.Final/weld-servlet-2.4.7.Final.jar:/home/user/.m2/repository/org/glassfish/jersey/containers/jersey-container-servlet-core/2.27/jersey-container-servlet-core-2.27.jar:/home/user/.m2/repository/org/glassfish/hk2/external/javax.inject/2.5.0-b42/javax.inject-2.5.0-b42.jar:/home/user/.m2/repository/org/glassfish/jersey/core/jersey-common/2.27/jersey-common-2.27.jar:/home/user/.m2/repository/org/glassfish/hk2/osgi-resource-locator/1.0.1/osgi-resource-locator-1.0.1.jar:/home/user/.m2/repository/javax/ws/rs/javax.ws.rs-api/2.1/javax.ws.rs-api-2.1.jar:/home/user/.m2/repository/org/glassfish/jersey/ext/cdi/jersey-cdi1x/2.27/jersey-cdi1x-2.27.jar:/home/user/.m2/repository/org/glassfish/jersey/inject/jersey-hk2/2.27/jersey-hk2-2.27.jar:/home/user/.m2/repository/org/glassfish/hk2/hk2-locator/2.5.0-b42/hk2-locator-2.5.0-b42.jar:/home/user/.m2/repository/org/javassist/javassist/3.22.0-CR2/javassist-3.22.0-CR2.jar:/home/user/.m2/repository/org/glassfish/hk2/hk2-api/2.5.0/hk2-api-2.5.0.jar:/home/user/.m2/repository/org/glassfish/hk2/external/jakarta.inject/2.5.0/jakarta.inject-2.5.0.jar:/home/user/.m2/repository/org/glassfish/hk2/hk2-utils/2.5.0/hk2-utils-2.5.0.jar:/home/user/.m2/repository/jakarta/annotation/jakarta.annotation-api/1.3.4/jakarta.annotation-api-1.3.4.jar:/home/user/.m2/repository/org/glassfish/hk2/external/aopalliance-repackaged/2.5.0/aopalliance-repackaged-2.5.0.jar:/home/user/.m2/repository/com/fasterxml/jackson/dataformat/jackson-dataformat-xml/2.9.0/jackson-dataformat-xml-2.9.0.jar:/home/user/.m2/repository/com/fasterxml/jackson/core/jackson-core/2.9.9/jackson-core-2.9.9.jar:/home/user/.m2/repository/com/fasterxml/jackson/module/jackson-module-jaxb-annotations/2.9.9/jackson-module-jaxb-annotations-2.9.9.jar:/home/user/.m2/repository/javax/enterprise/cdi-api/1.2/cdi-api-1.2.jar:/home/user/.m2/repository/javax/el/javax.el-api/3.0.0/javax.el-api-3.0.0.jar:/home/user/.m2/repository/javax/interceptor/javax.interceptor-api/1.2/javax.interceptor-api-1.2.jar:/home/user/.m2/repository/javax/inject/javax.inject/1/javax.inject-1.jar:/home/user/.m2/repository/com/sun/xml/bind/jaxb-impl/2.3.0.1/jaxb-impl-2.3.0.1.jar:/home/user/.m2/repository/com/sun/xml/bind/jaxb-core/2.3.0.1/jaxb-core-2.3.0.1.jar:/home/user/.m2/repository/javax/xml/bind/jaxb-api/2.3.0/jaxb-api-2.3.0.jar:/home/user/.m2/repository/javax/activation/activation/1.1.1/activation-1.1.1.jar:/home/user/.m2/repository/org/apache/hadoop/hadoop-ozone-csi/0.5.0-SNAPSHOT/hadoop-ozone-csi-0.5.0-SNAPSHOT.jar:/home/user/.m2/repository/com/google/protobuf/protobuf-java-util/3.5.1/protobuf-java-util-3.5.1.jar:/home/user/.m2/repository/org/apache/hadoop/hadoop-hdds-config/0.5.0-SNAPSHOT/hadoop-hdds-config-0.5.0-SNAPSHOT.jar:/home/user/.m2/repository/io/grpc/grpc-netty/1.17.1/grpc-netty-1.17.1.jar:/home/user/.m2/repository/io/grpc/grpc-core/1.17.1/grpc-core-1.17.1.jar:/home/user/.m2/repository/io/grpc/grpc-context/1.17.1/grpc-context-1.17.1.jar:/home/user/.m2/repository/com/google/errorprone/error_prone_annotations/2.2.0/error_prone_annotations-2.2.0.jar:/home/user/.m2/repository/org/codehaus/mojo/animal-sniffer-annotations/1.17/animal-sniffer-annotations-1.17.jar:/home/user/.m2/repository/io/opencensus/opencensus-api/0.17.0/opencensus-api-0.17.0.jar:/home/user/.m2/repository/io/opencensus/opencensus-contrib-grpc-metrics/0.17.0/opencensus-contrib-grpc-metrics-0.17.0.jar:/home/user/.m2/repository/io/netty/netty-codec-http2/4.1.30.Final/netty-codec-http2-4.1.30.Final.jar:/home/user/.m2/repository/io/netty/netty-codec-http/4.1.30.Final/netty-codec-http-4.1.30.Final.jar:/home/user/.m2/repository/io/netty/netty-codec/4.1.30.Final/netty-codec-4.1.30.Final.jar:/home/user/.m2/repository/io/netty/netty-handler/4.1.30.Final/netty-handler-4.1.30.Final.jar:/home/user/.m2/repository/io/netty/netty-handler-proxy/4.1.30.Final/netty-handler-proxy-4.1.30.Final.jar:/home/user/.m2/repository/io/netty/netty-codec-socks/4.1.30.Final/netty-codec-socks-4.1.30.Final.jar:/home/user/.m2/repository/io/netty/netty-transport-native-epoll/4.1.30.Final/netty-transport-native-epoll-4.1.30.Final.jar:/home/user/.m2/repository/io/netty/netty-common/4.1.30.Final/netty-common-4.1.30.Final.jar:/home/user/.m2/repository/io/netty/netty-buffer/4.1.30.Final/netty-buffer-4.1.30.Final.jar:/home/user/.m2/repository/io/netty/netty-transport/4.1.30.Final/netty-transport-4.1.30.Final.jar:/home/user/.m2/repository/io/netty/netty-resolver/4.1.30.Final/netty-resolver-4.1.30.Final.jar:/home/user/.m2/repository/io/netty/netty-transport-native-unix-common/4.1.30.Final/netty-transport-native-unix-common-4.1.30.Final.jar:/home/user/.m2/repository/io/grpc/grpc-protobuf/1.17.1/grpc-protobuf-1.17.1.jar:/home/user/.m2/repository/com/google/api/grpc/proto-google-common-protos/1.0.0/proto-google-common-protos-1.0.0.jar:/home/user/.m2/repository/io/grpc/grpc-protobuf-lite/1.17.1/grpc-protobuf-lite-1.17.1.jar:/home/user/.m2/repository/io/grpc/grpc-stub/1.17.1/grpc-stub-1.17.1.jar:/home/user/.m2/repository/org/apache/hadoop/hadoop-ozone-recon/0.5.0-SNAPSHOT/hadoop-ozone-recon-0.5.0-SNAPSHOT.jar:/home/user/.m2/repository/org/apache/hadoop/hadoop-ozone-reconcodegen/0.5.0-SNAPSHOT/hadoop-ozone-reconcodegen-0.5.0-SNAPSHOT.jar:/home/user/.m2/repository/com/google/inject/extensions/guice-multibindings/4.0/guice-multibindings-4.0.jar:/home/user/.m2/repository/com/google/inject/guice/4.0/guice-4.0.jar:/home/user/.m2/repository/aopalliance/aopalliance/1.0/aopalliance-1.0.jar:/home/user/.m2/repository/com/google/inject/extensions/guice-servlet/4.0/guice-servlet-4.0.jar:/home/user/.m2/repository/org/glassfish/jersey/containers/jersey-container-servlet/2.27/jersey-container-servlet-2.27.jar:/home/user/.m2/repository/org/glassfish/hk2/guice-bridge/2.5.0/guice-bridge-2.5.0.jar:/home/user/.m2/repository/org/glassfish/jersey/core/jersey-server/2.27/jersey-server-2.27.jar:/home/user/.m2/repository/org/glassfish/jersey/core/jersey-client/2.27/jersey-client-2.27.jar:/home/user/.m2/repository/org/glassfish/jersey/media/jersey-media-jaxb/2.27/jersey-media-jaxb-2.27.jar:/home/user/.m2/repository/javax/validation/validation-api/1.1.0.Final/validation-api-1.1.0.Final.jar:/home/user/.m2/repository/org/glassfish/jersey/media/jersey-media-json-jackson/2.27/jersey-media-json-jackson-2.27.jar:/home/user/.m2/repository/org/glassfish/jersey/ext/jersey-entity-filtering/2.27/jersey-entity-filtering-2.27.jar:/home/user/.m2/repository/com/google/inject/extensions/guice-assistedinject/4.0/guice-assistedinject-4.0.jar:/home/user/.m2/repository/org/jooq/jooq/3.11.10/jooq-3.11.10.jar:/home/user/.m2/repository/org/jooq/jooq-meta/3.11.10/jooq-meta-3.11.10.jar:/home/user/.m2/repository/org/jooq/jooq-codegen/3.11.10/jooq-codegen-3.11.10.jar:/home/user/.m2/repository/com/jolbox/bonecp/0.8.0.RELEASE/bonecp-0.8.0.RELEASE.jar:/home/user/.m2/repository/org/xerial/sqlite-jdbc/3.25.2/sqlite-jdbc-3.25.2.jar:/home/user/.m2/repository/org/springframework/spring-jdbc/5.1.3.RELEASE/spring-jdbc-5.1.3.RELEASE.jar:/home/user/.m2/repository/org/springframework/spring-beans/5.1.3.RELEASE/spring-beans-5.1.3.RELEASE.jar:/home/user/.m2/repository/org/springframework/spring-core/5.1.3.RELEASE/spring-core-5.1.3.RELEASE.jar:/home/user/.m2/repository/org/springframework/spring-jcl/5.1.3.RELEASE/spring-jcl-5.1.3.RELEASE.jar:/home/user/.m2/repository/org/springframework/spring-tx/5.1.3.RELEASE/spring-tx-5.1.3.RELEASE.jar:/home/user/.m2/repository/org/apache/hadoop/hadoop-ozone-client/0.5.0-SNAPSHOT/hadoop-ozone-client-0.5.0-SNAPSHOT.jar:/home/user/.m2/repository/commons-lang/commons-lang/2.6/commons-lang-2.6.jar:/home/user/.m2/repository/org/apache/hadoop/hadoop-ozone-ozone-manager/0.5.0-SNAPSHOT/hadoop-ozone-ozone-manager-0.5.0-SNAPSHOT-tests.jar:/home/user/.m2/repository/junit/junit/4.11/junit-4.11.jar:/home/user/.m2/repository/org/hamcrest/hamcrest-core/1.3/hamcrest-core-1.3.jar:/home/user/.m2/repository/org/openjdk/jmh/jmh-core/1.19/jmh-core-1.19.jar:/home/user/.m2/repository/net/sf/jopt-simple/jopt-simple/4.6/jopt-simple-4.6.jar:/home/user/.m2/repository/org/apache/commons/commons-math3/3.1.1/commons-math3-3.1.1.jar:/home/user/.m2/repository/org/openjdk/jmh/jmh-generator-annprocess/1.19/jmh-generator-annprocess-1.19.jar:/home/user/.m2/repository/org/mockito/mockito-all/1.8.5/mockito-all-1.8.5.jar:/home/user/.m2/repository/org/apache/hadoop/hadoop-kms/3.2.0/hadoop-kms-3.2.0.jar:/home/user/.m2/repository/org/apache/hadoop/hadoop-auth/3.2.0/hadoop-auth-3.2.0.jar:/home/user/.m2/repository/com/nimbusds/nimbus-jose-jwt/4.41.1/nimbus-jose-jwt-4.41.1.jar:/home/user/.m2/repository/com/github/stephenc/jcip/jcip-annotations/1.0-1/jcip-annotations-1.0-1.jar:/home/user/.m2/repository/net/minidev/json-smart/2.3/json-smart-2.3.jar:/home/user/.m2/repository/net/minidev/accessors-smart/1.2/accessors-smart-1.2.jar:/home/user/.m2/repository/org/ow2/asm/asm/5.0.4/asm-5.0.4.jar:/home/user/.m2/repository/org/apache/curator/curator-framework/2.12.0/curator-framework-2.12.0.jar:/home/user/.m2/repository/com/sun/jersey/jersey-core/1.19/jersey-core-1.19.jar:/home/user/.m2/repository/javax/ws/rs/jsr311-api/1.1.1/jsr311-api-1.1.1.jar:/home/user/.m2/repository/com/sun/jersey/jersey-server/1.19/jersey-server-1.19.jar:/home/user/.m2/repository/javax/servlet/javax.servlet-api/3.1.0/javax.servlet-api-3.1.0.jar:/home/user/.m2/repository/org/eclipse/jetty/jetty-server/9.3.25.v20180904/jetty-server-9.3.25.v20180904.jar:/home/user/.m2/repository/org/eclipse/jetty/jetty-http/9.3.25.v20180904/jetty-http-9.3.25.v20180904.jar:/home/user/.m2/repository/org/eclipse/jetty/jetty-io/9.3.25.v20180904/jetty-io-9.3.25.v20180904.jar:/home/user/.m2/repository/org/eclipse/jetty/jetty-webapp/9.3.25.v20180904/jetty-webapp-9.3.25.v20180904.jar:/home/user/.m2/repository/org/eclipse/jetty/jetty-xml/9.3.25.v20180904/jetty-xml-9.3.25.v20180904.jar:/home/user/.m2/repository/log4j/log4j/1.2.17/log4j-1.2.17.jar:/home/user/.m2/repository/org/slf4j/slf4j-api/1.7.25/slf4j-api-1.7.25.jar:/home/user/.m2/repository/org/slf4j/jul-to-slf4j/1.7.25/jul-to-slf4j-1.7.25.jar:/home/user/.m2/repository/org/eclipse/jetty/jetty-util/9.3.25.v20180904/jetty-util-9.3.25.v20180904.jar:/home/user/.m2/repository/com/fasterxml/jackson/core/jackson-databind/2.9.9/jackson-databind-2.9.9.jar:/home/user/.m2/repository/org/apache/hadoop/hadoop-kms/3.2.0/hadoop-kms-3.2.0-tests.jar:/home/user/.m2/repository/org/apache/hadoop/hadoop-hdds-server-scm/0.5.0-SNAPSHOT/hadoop-hdds-server-scm-0.5.0-SNAPSHOT-tests.jar:/home/user/.m2/repository/org/apache/hadoop/hadoop-hdds-container-service/0.5.0-SNAPSHOT/hadoop-hdds-container-service-0.5.0-SNAPSHOT-tests.jar:/home/user/.m2/repository/org/yaml/snakeyaml/1.16/snakeyaml-1.16.jar:/home/user/.m2/repository/org/apache/hadoop/hadoop-common/3.2.0/hadoop-common-3.2.0-tests.jar:/home/user/.m2/repository/org/apache/hadoop/hadoop-annotations/3.2.0/hadoop-annotations-3.2.0.jar:/usr/lib/jvm/java-1.8-openjdk/jre/../lib/tools.jar:/home/user/.m2/repository/commons-cli/commons-cli/1.2/commons-cli-1.2.jar:/home/user/.m2/repository/org/apache/httpcomponents/httpclient/4.5.2/httpclient-4.5.2.jar:/home/user/.m2/repository/org/apache/httpcomponents/httpcore/4.4.4/httpcore-4.4.4.jar:/home/user/.m2/repository/commons-codec/commons-codec/1.11/commons-codec-1.11.jar:/home/user/.m2/repository/commons-net/commons-net/3.6/commons-net-3.6.jar:/home/user/.m2/repository/commons-collections/commons-collections/3.2.2/commons-collections-3.2.2.jar:/home/user/.m2/repository/org/eclipse/jetty/jetty-servlet/9.3.25.v20180904/jetty-servlet-9.3.25.v20180904.jar:/home/user/.m2/repository/org/eclipse/jetty/jetty-security/9.3.25.v20180904/jetty-security-9.3.25.v20180904.jar:/home/user/.m2/repository/javax/servlet/jsp/jsp-api/2.1/jsp-api-2.1.jar:/home/user/.m2/repository/com/sun/jersey/jersey-servlet/1.19/jersey-servlet-1.19.jar:/home/user/.m2/repository/com/sun/jersey/jersey-json/1.19/jersey-json-1.19.jar:/home/user/.m2/repository/org/codehaus/jettison/jettison/1.1/jettison-1.1.jar:/home/user/.m2/repository/org/codehaus/jackson/jackson-core-asl/1.9.13/jackson-core-asl-1.9.13.jar:/home/user/.m2/repository/org/codehaus/jackson/jackson-mapper-asl/1.9.13/jackson-mapper-asl-1.9.13.jar:/home/user/.m2/repository/org/codehaus/jackson/jackson-jaxrs/1.9.13/jackson-jaxrs-1.9.13.jar:/home/user/.m2/repository/org/codehaus/jackson/jackson-xc/1.9.13/jackson-xc-1.9.13.jar:/home/user/.m2/repository/commons-logging/commons-logging/1.1.3/commons-logging-1.1.3.jar:/home/user/.m2/repository/commons-beanutils/commons-beanutils/1.9.4/commons-beanutils-1.9.4.jar:/home/user/.m2/repository/org/apache/commons/commons-configuration2/2.1.1/commons-configuration2-2.1.1.jar:/home/user/.m2/repository/org/apache/commons/commons-lang3/3.7/commons-lang3-3.7.jar:/home/user/.m2/repository/org/apache/commons/commons-text/1.4/commons-text-1.4.jar:/home/user/.m2/repository/org/apache/avro/avro/1.7.7/avro-1.7.7.jar:/home/user/.m2/repository/com/thoughtworks/paranamer/paranamer/2.3/paranamer-2.3.jar:/home/user/.m2/repository/org/xerial/snappy/snappy-java/1.0.5/snappy-java-1.0.5.jar:/home/user/.m2/repository/com/google/re2j/re2j/1.1/re2j-1.1.jar:/home/user/.m2/repository/com/google/code/gson/gson/2.2.4/gson-2.2.4.jar:/home/user/.m2/repository/com/jcraft/jsch/0.1.54/jsch-0.1.54.jar:/home/user/.m2/repository/org/apache/curator/curator-client/2.12.0/curator-client-2.12.0.jar:/home/user/.m2/repository/org/apache/curator/curator-recipes/2.12.0/curator-recipes-2.12.0.jar:/home/user/.m2/repository/com/google/code/findbugs/jsr305/3.0.0/jsr305-3.0.0.jar:/home/user/.m2/repository/org/apache/htrace/htrace-core4/4.1.0-incubating/htrace-core4-4.1.0-incubating.jar:/home/user/.m2/repository/org/apache/zookeeper/zookeeper/3.4.13/zookeeper-3.4.13.jar:/home/user/.m2/repository/jline/jline/0.9.94/jline-0.9.94.jar:/home/user/.m2/repository/org/apache/yetus/audience-annotations/0.5.0/audience-annotations-0.5.0.jar:/home/user/.m2/repository/org/codehaus/woodstox/stax2-api/3.1.4/stax2-api-3.1.4.jar:/home/user/.m2/repository/com/fasterxml/woodstox/woodstox-core/5.0.3/woodstox-core-5.0.3.jar:/home/user/.m2/repository/dnsjava/dnsjava/2.1.7/dnsjava-2.1.7.jar:/home/user/.m2/repository/org/apache/hadoop/hadoop-hdfs/3.2.0/hadoop-hdfs-3.2.0-tests.jar:/home/user/.m2/repository/org/eclipse/jetty/jetty-util-ajax/9.3.25.v20180904/jetty-util-ajax-9.3.25.v20180904.jar:/home/user/.m2/repository/commons-daemon/commons-daemon/1.0.13/commons-daemon-1.0.13.jar:/home/user/.m2/repository/io/netty/netty/3.10.5.Final/netty-3.10.5.Final.jar:/home/user/.m2/repository/io/netty/netty-all/4.0.52.Final/netty-all-4.0.52.Final.jar:/home/user/.m2/repository/org/fusesource/leveldbjni/leveldbjni-all/1.8/leveldbjni-all-1.8.jar:"/>
    <property name="java.vm.vendor" value="IcedTea"/>
    <property name="sun.arch.data.model" value="64"/>
    <property name="test.build.dir" value="/workdir/hadoop-ozone/integration-test/target/test-dir"/>
    <property name="test.cache.data" value=""/>
    <property name="java.vendor.url" value="https://icedtea.classpath.org"/>
    <property name="user.timezone" value=""/>
    <property name="java.vm.specification.version" value="1.8"/>
    <property name="os.name" value="Linux"/>
    <property name="test.build.data" value="/workdir/hadoop-ozone/integration-test/target/test-dir"/>
    <property name="user.country" value="US"/>
    <property name="sun.java.launcher" value="SUN_STANDARD"/>
    <property name="sun.boot.library.path" value="/usr/lib/jvm/java-1.8-openjdk/jre/lib/amd64"/>
    <property name="sun.java.command" value="/workdir/hadoop-ozone/integration-test/target/surefire/surefirebooter3174850709830937165.jar /workdir/hadoop-ozone/integration-test/target/surefire 2019-09-27T09-02-36_550-jvmRun1 surefire2626923772600123482tmp surefire_25624915907791212741tmp"/>
    <property name="test" value="!TestMiniChaosOzoneCluster"/>
    <property name="surefire.test.class.path" value="/workdir/hadoop-ozone/integration-test/target/test-classes:/workdir/hadoop-ozone/integration-test/target/classes:/home/user/.m2/repository/org/apache/hadoop/hadoop-ozone-common/0.5.0-SNAPSHOT/hadoop-ozone-common-0.5.0-SNAPSHOT.jar:/home/user/.m2/repository/org/apache/commons/commons-compress/1.4.1/commons-compress-1.4.1.jar:/home/user/.m2/repository/org/tukaani/xz/1.0/xz-1.0.jar:/home/user/.m2/repository/org/apache/hadoop/hadoop-common/3.2.0/hadoop-common-3.2.0.jar:/home/user/.m2/repository/org/apache/hadoop/hadoop-hdfs/3.2.0/hadoop-hdfs-3.2.0.jar:/home/user/.m2/repository/org/apache/hadoop/hadoop-hdfs-client/3.2.0/hadoop-hdfs-client-3.2.0.jar:/home/user/.m2/repository/com/fasterxml/jackson/core/jackson-annotations/2.9.9/jackson-annotations-2.9.9.jar:/home/user/.m2/repository/org/apache/hadoop/hadoop-hdds-common/0.5.0-SNAPSHOT/hadoop-hdds-common-0.5.0-SNAPSHOT.jar:/home/user/.m2/repository/javax/annotation/javax.annotation-api/1.2/javax.annotation-api-1.2.jar:/home/user/.m2/repository/org/apache/ratis/ratis-server/0.4.0/ratis-server-0.4.0.jar:/home/user/.m2/repository/org/apache/ratis/ratis-thirdparty-misc/0.2.0/ratis-thirdparty-misc-0.2.0.jar:/home/user/.m2/repository/org/apache/ratis/ratis-proto/0.4.0/ratis-proto-0.4.0.jar:/home/user/.m2/repository/org/apache/ratis/ratis-common/0.4.0/ratis-common-0.4.0.jar:/home/user/.m2/repository/org/apache/ratis/ratis-client/0.4.0/ratis-client-0.4.0.jar:/home/user/.m2/repository/org/apache/ratis/ratis-metrics/0.4.0/ratis-metrics-0.4.0.jar:/home/user/.m2/repository/com/github/joshelser/dropwizard-metrics-hadoop-metrics2-reporter/0.1.2/dropwizard-metrics-hadoop-metrics2-reporter-0.1.2.jar:/home/user/.m2/repository/io/dropwizard/metrics/metrics-jvm/3.2.5/metrics-jvm-3.2.5.jar:/home/user/.m2/repository/io/dropwizard/metrics/metrics-ganglia/3.2.5/metrics-ganglia-3.2.5.jar:/home/user/.m2/repository/info/ganglia/gmetric4j/gmetric4j/1.0.7/gmetric4j-1.0.7.jar:/home/user/.m2/repository/org/apache/ratis/ratis-netty/0.4.0/ratis-netty-0.4.0.jar:/home/user/.m2/repository/org/apache/ratis/ratis-grpc/0.4.0/ratis-grpc-0.4.0.jar:/home/user/.m2/repository/org/rocksdb/rocksdbjni/6.0.1/rocksdbjni-6.0.1.jar:/home/user/.m2/repository/org/apache/logging/log4j/log4j-api/2.11.0/log4j-api-2.11.0.jar:/home/user/.m2/repository/org/apache/logging/log4j/log4j-core/2.11.0/log4j-core-2.11.0.jar:/home/user/.m2/repository/com/lmax/disruptor/3.4.2/disruptor-3.4.2.jar:/home/user/.m2/repository/org/apache/commons/commons-pool2/2.6.0/commons-pool2-2.6.0.jar:/home/user/.m2/repository/org/bouncycastle/bcpkix-jdk15on/1.60/bcpkix-jdk15on-1.60.jar:/home/user/.m2/repository/commons-validator/commons-validator/1.6/commons-validator-1.6.jar:/home/user/.m2/repository/commons-digester/commons-digester/1.8.1/commons-digester-1.8.1.jar:/home/user/.m2/repository/io/jaegertracing/jaeger-client/0.34.0/jaeger-client-0.34.0.jar:/home/user/.m2/repository/io/jaegertracing/jaeger-thrift/0.34.0/jaeger-thrift-0.34.0.jar:/home/user/.m2/repository/org/apache/thrift/libthrift/0.12.0/libthrift-0.12.0.jar:/home/user/.m2/repository/com/squareup/okhttp3/okhttp/3.9.0/okhttp-3.9.0.jar:/home/user/.m2/repository/com/squareup/okio/okio/1.13.0/okio-1.13.0.jar:/home/user/.m2/repository/io/jaegertracing/jaeger-core/0.34.0/jaeger-core-0.34.0.jar:/home/user/.m2/repository/io/jaegertracing/jaeger-tracerresolver/0.34.0/jaeger-tracerresolver-0.34.0.jar:/home/user/.m2/repository/io/opentracing/contrib/opentracing-tracerresolver/0.1.5/opentracing-tracerresolver-0.1.5.jar:/home/user/.m2/repository/io/opentracing/opentracing-util/0.31.0/opentracing-util-0.31.0.jar:/home/user/.m2/repository/io/opentracing/opentracing-api/0.31.0/opentracing-api-0.31.0.jar:/home/user/.m2/repository/io/opentracing/opentracing-noop/0.31.0/opentracing-noop-0.31.0.jar:/home/user/.m2/repository/org/apache/hadoop/hadoop-hdds-server-framework/0.5.0-SNAPSHOT/hadoop-hdds-server-framework-0.5.0-SNAPSHOT.jar:/home/user/.m2/repository/org/apache/hadoop/hadoop-hdds-container-service/0.5.0-SNAPSHOT/hadoop-hdds-container-service-0.5.0-SNAPSHOT.jar:/home/user/.m2/repository/org/apache/hadoop/hadoop-hdds-client/0.5.0-SNAPSHOT/hadoop-hdds-client-0.5.0-SNAPSHOT.jar:/home/user/.m2/repository/org/apache/hadoop/hadoop-hdds-tools/0.5.0-SNAPSHOT/hadoop-hdds-tools-0.5.0-SNAPSHOT.jar:/home/user/.m2/repository/org/apache/hadoop/hadoop-hdds-server-scm/0.5.0-SNAPSHOT/hadoop-hdds-server-scm-0.5.0-SNAPSHOT.jar:/home/user/.m2/repository/org/apache/hadoop/hadoop-hdds-docs/0.5.0-SNAPSHOT/hadoop-hdds-docs-0.5.0-SNAPSHOT.jar:/home/user/.m2/repository/io/dropwizard/metrics/metrics-core/3.2.4/metrics-core-3.2.4.jar:/home/user/.m2/repository/org/hamcrest/hamcrest-all/1.3/hamcrest-all-1.3.jar:/home/user/.m2/repository/org/bouncycastle/bcprov-jdk15on/1.60/bcprov-jdk15on-1.60.jar:/home/user/.m2/repository/info/picocli/picocli/3.9.6/picocli-3.9.6.jar:/home/user/.m2/repository/com/google/protobuf/protobuf-java/2.5.0/protobuf-java-2.5.0.jar:/home/user/.m2/repository/com/google/guava/guava/11.0.2/guava-11.0.2.jar:/home/user/.m2/repository/org/apache/hadoop/hadoop-ozone-ozone-manager/0.5.0-SNAPSHOT/hadoop-ozone-ozone-manager-0.5.0-SNAPSHOT.jar:/home/user/.m2/repository/org/apache/hadoop/hadoop-minikdc/3.2.0/hadoop-minikdc-3.2.0.jar:/home/user/.m2/repository/commons-io/commons-io/2.5/commons-io-2.5.jar:/home/user/.m2/repository/org/apache/kerby/kerb-simplekdc/1.0.1/kerb-simplekdc-1.0.1.jar:/home/user/.m2/repository/org/apache/kerby/kerb-client/1.0.1/kerb-client-1.0.1.jar:/home/user/.m2/repository/org/apache/kerby/kerby-config/1.0.1/kerby-config-1.0.1.jar:/home/user/.m2/repository/org/apache/kerby/kerb-core/1.0.1/kerb-core-1.0.1.jar:/home/user/.m2/repository/org/apache/kerby/kerby-pkix/1.0.1/kerby-pkix-1.0.1.jar:/home/user/.m2/repository/org/apache/kerby/kerby-asn1/1.0.1/kerby-asn1-1.0.1.jar:/home/user/.m2/repository/org/apache/kerby/kerby-util/1.0.1/kerby-util-1.0.1.jar:/home/user/.m2/repository/org/apache/kerby/kerb-common/1.0.1/kerb-common-1.0.1.jar:/home/user/.m2/repository/org/apache/kerby/kerb-crypto/1.0.1/kerb-crypto-1.0.1.jar:/home/user/.m2/repository/org/apache/kerby/kerb-util/1.0.1/kerb-util-1.0.1.jar:/home/user/.m2/repository/org/apache/kerby/token-provider/1.0.1/token-provider-1.0.1.jar:/home/user/.m2/repository/org/apache/kerby/kerb-admin/1.0.1/kerb-admin-1.0.1.jar:/home/user/.m2/repository/org/apache/kerby/kerb-server/1.0.1/kerb-server-1.0.1.jar:/home/user/.m2/repository/org/apache/kerby/kerb-identity/1.0.1/kerb-identity-1.0.1.jar:/home/user/.m2/repository/org/apache/kerby/kerby-xdr/1.0.1/kerby-xdr-1.0.1.jar:/home/user/.m2/repository/org/slf4j/slf4j-log4j12/1.7.25/slf4j-log4j12-1.7.25.jar:/home/user/.m2/repository/org/apache/hadoop/hadoop-ozone-s3gateway/0.5.0-SNAPSHOT/hadoop-ozone-s3gateway-0.5.0-SNAPSHOT.jar:/home/user/.m2/repository/org/jboss/weld/servlet/weld-servlet/2.4.7.Final/weld-servlet-2.4.7.Final.jar:/home/user/.m2/repository/org/glassfish/jersey/containers/jersey-container-servlet-core/2.27/jersey-container-servlet-core-2.27.jar:/home/user/.m2/repository/org/glassfish/hk2/external/javax.inject/2.5.0-b42/javax.inject-2.5.0-b42.jar:/home/user/.m2/repository/org/glassfish/jersey/core/jersey-common/2.27/jersey-common-2.27.jar:/home/user/.m2/repository/org/glassfish/hk2/osgi-resource-locator/1.0.1/osgi-resource-locator-1.0.1.jar:/home/user/.m2/repository/javax/ws/rs/javax.ws.rs-api/2.1/javax.ws.rs-api-2.1.jar:/home/user/.m2/repository/org/glassfish/jersey/ext/cdi/jersey-cdi1x/2.27/jersey-cdi1x-2.27.jar:/home/user/.m2/repository/org/glassfish/jersey/inject/jersey-hk2/2.27/jersey-hk2-2.27.jar:/home/user/.m2/repository/org/glassfish/hk2/hk2-locator/2.5.0-b42/hk2-locator-2.5.0-b42.jar:/home/user/.m2/repository/org/javassist/javassist/3.22.0-CR2/javassist-3.22.0-CR2.jar:/home/user/.m2/repository/org/glassfish/hk2/hk2-api/2.5.0/hk2-api-2.5.0.jar:/home/user/.m2/repository/org/glassfish/hk2/external/jakarta.inject/2.5.0/jakarta.inject-2.5.0.jar:/home/user/.m2/repository/org/glassfish/hk2/hk2-utils/2.5.0/hk2-utils-2.5.0.jar:/home/user/.m2/repository/jakarta/annotation/jakarta.annotation-api/1.3.4/jakarta.annotation-api-1.3.4.jar:/home/user/.m2/repository/org/glassfish/hk2/external/aopalliance-repackaged/2.5.0/aopalliance-repackaged-2.5.0.jar:/home/user/.m2/repository/com/fasterxml/jackson/dataformat/jackson-dataformat-xml/2.9.0/jackson-dataformat-xml-2.9.0.jar:/home/user/.m2/repository/com/fasterxml/jackson/core/jackson-core/2.9.9/jackson-core-2.9.9.jar:/home/user/.m2/repository/com/fasterxml/jackson/module/jackson-module-jaxb-annotations/2.9.9/jackson-module-jaxb-annotations-2.9.9.jar:/home/user/.m2/repository/javax/enterprise/cdi-api/1.2/cdi-api-1.2.jar:/home/user/.m2/repository/javax/el/javax.el-api/3.0.0/javax.el-api-3.0.0.jar:/home/user/.m2/repository/javax/interceptor/javax.interceptor-api/1.2/javax.interceptor-api-1.2.jar:/home/user/.m2/repository/javax/inject/javax.inject/1/javax.inject-1.jar:/home/user/.m2/repository/com/sun/xml/bind/jaxb-impl/2.3.0.1/jaxb-impl-2.3.0.1.jar:/home/user/.m2/repository/com/sun/xml/bind/jaxb-core/2.3.0.1/jaxb-core-2.3.0.1.jar:/home/user/.m2/repository/javax/xml/bind/jaxb-api/2.3.0/jaxb-api-2.3.0.jar:/home/user/.m2/repository/javax/activation/activation/1.1.1/activation-1.1.1.jar:/home/user/.m2/repository/org/apache/hadoop/hadoop-ozone-csi/0.5.0-SNAPSHOT/hadoop-ozone-csi-0.5.0-SNAPSHOT.jar:/home/user/.m2/repository/com/google/protobuf/protobuf-java-util/3.5.1/protobuf-java-util-3.5.1.jar:/home/user/.m2/repository/org/apache/hadoop/hadoop-hdds-config/0.5.0-SNAPSHOT/hadoop-hdds-config-0.5.0-SNAPSHOT.jar:/home/user/.m2/repository/io/grpc/grpc-netty/1.17.1/grpc-netty-1.17.1.jar:/home/user/.m2/repository/io/grpc/grpc-core/1.17.1/grpc-core-1.17.1.jar:/home/user/.m2/repository/io/grpc/grpc-context/1.17.1/grpc-context-1.17.1.jar:/home/user/.m2/repository/com/google/errorprone/error_prone_annotations/2.2.0/error_prone_annotations-2.2.0.jar:/home/user/.m2/repository/org/codehaus/mojo/animal-sniffer-annotations/1.17/animal-sniffer-annotations-1.17.jar:/home/user/.m2/repository/io/opencensus/opencensus-api/0.17.0/opencensus-api-0.17.0.jar:/home/user/.m2/repository/io/opencensus/opencensus-contrib-grpc-metrics/0.17.0/opencensus-contrib-grpc-metrics-0.17.0.jar:/home/user/.m2/repository/io/netty/netty-codec-http2/4.1.30.Final/netty-codec-http2-4.1.30.Final.jar:/home/user/.m2/repository/io/netty/netty-codec-http/4.1.30.Final/netty-codec-http-4.1.30.Final.jar:/home/user/.m2/repository/io/netty/netty-codec/4.1.30.Final/netty-codec-4.1.30.Final.jar:/home/user/.m2/repository/io/netty/netty-handler/4.1.30.Final/netty-handler-4.1.30.Final.jar:/home/user/.m2/repository/io/netty/netty-handler-proxy/4.1.30.Final/netty-handler-proxy-4.1.30.Final.jar:/home/user/.m2/repository/io/netty/netty-codec-socks/4.1.30.Final/netty-codec-socks-4.1.30.Final.jar:/home/user/.m2/repository/io/netty/netty-transport-native-epoll/4.1.30.Final/netty-transport-native-epoll-4.1.30.Final.jar:/home/user/.m2/repository/io/netty/netty-common/4.1.30.Final/netty-common-4.1.30.Final.jar:/home/user/.m2/repository/io/netty/netty-buffer/4.1.30.Final/netty-buffer-4.1.30.Final.jar:/home/user/.m2/repository/io/netty/netty-transport/4.1.30.Final/netty-transport-4.1.30.Final.jar:/home/user/.m2/repository/io/netty/netty-resolver/4.1.30.Final/netty-resolver-4.1.30.Final.jar:/home/user/.m2/repository/io/netty/netty-transport-native-unix-common/4.1.30.Final/netty-transport-native-unix-common-4.1.30.Final.jar:/home/user/.m2/repository/io/grpc/grpc-protobuf/1.17.1/grpc-protobuf-1.17.1.jar:/home/user/.m2/repository/com/google/api/grpc/proto-google-common-protos/1.0.0/proto-google-common-protos-1.0.0.jar:/home/user/.m2/repository/io/grpc/grpc-protobuf-lite/1.17.1/grpc-protobuf-lite-1.17.1.jar:/home/user/.m2/repository/io/grpc/grpc-stub/1.17.1/grpc-stub-1.17.1.jar:/home/user/.m2/repository/org/apache/hadoop/hadoop-ozone-recon/0.5.0-SNAPSHOT/hadoop-ozone-recon-0.5.0-SNAPSHOT.jar:/home/user/.m2/repository/org/apache/hadoop/hadoop-ozone-reconcodegen/0.5.0-SNAPSHOT/hadoop-ozone-reconcodegen-0.5.0-SNAPSHOT.jar:/home/user/.m2/repository/com/google/inject/extensions/guice-multibindings/4.0/guice-multibindings-4.0.jar:/home/user/.m2/repository/com/google/inject/guice/4.0/guice-4.0.jar:/home/user/.m2/repository/aopalliance/aopalliance/1.0/aopalliance-1.0.jar:/home/user/.m2/repository/com/google/inject/extensions/guice-servlet/4.0/guice-servlet-4.0.jar:/home/user/.m2/repository/org/glassfish/jersey/containers/jersey-container-servlet/2.27/jersey-container-servlet-2.27.jar:/home/user/.m2/repository/org/glassfish/hk2/guice-bridge/2.5.0/guice-bridge-2.5.0.jar:/home/user/.m2/repository/org/glassfish/jersey/core/jersey-server/2.27/jersey-server-2.27.jar:/home/user/.m2/repository/org/glassfish/jersey/core/jersey-client/2.27/jersey-client-2.27.jar:/home/user/.m2/repository/org/glassfish/jersey/media/jersey-media-jaxb/2.27/jersey-media-jaxb-2.27.jar:/home/user/.m2/repository/javax/validation/validation-api/1.1.0.Final/validation-api-1.1.0.Final.jar:/home/user/.m2/repository/org/glassfish/jersey/media/jersey-media-json-jackson/2.27/jersey-media-json-jackson-2.27.jar:/home/user/.m2/repository/org/glassfish/jersey/ext/jersey-entity-filtering/2.27/jersey-entity-filtering-2.27.jar:/home/user/.m2/repository/com/google/inject/extensions/guice-assistedinject/4.0/guice-assistedinject-4.0.jar:/home/user/.m2/repository/org/jooq/jooq/3.11.10/jooq-3.11.10.jar:/home/user/.m2/repository/org/jooq/jooq-meta/3.11.10/jooq-meta-3.11.10.jar:/home/user/.m2/repository/org/jooq/jooq-codegen/3.11.10/jooq-codegen-3.11.10.jar:/home/user/.m2/repository/com/jolbox/bonecp/0.8.0.RELEASE/bonecp-0.8.0.RELEASE.jar:/home/user/.m2/repository/org/xerial/sqlite-jdbc/3.25.2/sqlite-jdbc-3.25.2.jar:/home/user/.m2/repository/org/springframework/spring-jdbc/5.1.3.RELEASE/spring-jdbc-5.1.3.RELEASE.jar:/home/user/.m2/repository/org/springframework/spring-beans/5.1.3.RELEASE/spring-beans-5.1.3.RELEASE.jar:/home/user/.m2/repository/org/springframework/spring-core/5.1.3.RELEASE/spring-core-5.1.3.RELEASE.jar:/home/user/.m2/repository/org/springframework/spring-jcl/5.1.3.RELEASE/spring-jcl-5.1.3.RELEASE.jar:/home/user/.m2/repository/org/springframework/spring-tx/5.1.3.RELEASE/spring-tx-5.1.3.RELEASE.jar:/home/user/.m2/repository/org/apache/hadoop/hadoop-ozone-client/0.5.0-SNAPSHOT/hadoop-ozone-client-0.5.0-SNAPSHOT.jar:/home/user/.m2/repository/commons-lang/commons-lang/2.6/commons-lang-2.6.jar:/home/user/.m2/repository/org/apache/hadoop/hadoop-ozone-ozone-manager/0.5.0-SNAPSHOT/hadoop-ozone-ozone-manager-0.5.0-SNAPSHOT-tests.jar:/home/user/.m2/repository/junit/junit/4.11/junit-4.11.jar:/home/user/.m2/repository/org/hamcrest/hamcrest-core/1.3/hamcrest-core-1.3.jar:/home/user/.m2/repository/org/openjdk/jmh/jmh-core/1.19/jmh-core-1.19.jar:/home/user/.m2/repository/net/sf/jopt-simple/jopt-simple/4.6/jopt-simple-4.6.jar:/home/user/.m2/repository/org/apache/commons/commons-math3/3.1.1/commons-math3-3.1.1.jar:/home/user/.m2/repository/org/openjdk/jmh/jmh-generator-annprocess/1.19/jmh-generator-annprocess-1.19.jar:/home/user/.m2/repository/org/mockito/mockito-all/1.8.5/mockito-all-1.8.5.jar:/home/user/.m2/repository/org/apache/hadoop/hadoop-kms/3.2.0/hadoop-kms-3.2.0.jar:/home/user/.m2/repository/org/apache/hadoop/hadoop-auth/3.2.0/hadoop-auth-3.2.0.jar:/home/user/.m2/repository/com/nimbusds/nimbus-jose-jwt/4.41.1/nimbus-jose-jwt-4.41.1.jar:/home/user/.m2/repository/com/github/stephenc/jcip/jcip-annotations/1.0-1/jcip-annotations-1.0-1.jar:/home/user/.m2/repository/net/minidev/json-smart/2.3/json-smart-2.3.jar:/home/user/.m2/repository/net/minidev/accessors-smart/1.2/accessors-smart-1.2.jar:/home/user/.m2/repository/org/ow2/asm/asm/5.0.4/asm-5.0.4.jar:/home/user/.m2/repository/org/apache/curator/curator-framework/2.12.0/curator-framework-2.12.0.jar:/home/user/.m2/repository/com/sun/jersey/jersey-core/1.19/jersey-core-1.19.jar:/home/user/.m2/repository/javax/ws/rs/jsr311-api/1.1.1/jsr311-api-1.1.1.jar:/home/user/.m2/repository/com/sun/jersey/jersey-server/1.19/jersey-server-1.19.jar:/home/user/.m2/repository/javax/servlet/javax.servlet-api/3.1.0/javax.servlet-api-3.1.0.jar:/home/user/.m2/repository/org/eclipse/jetty/jetty-server/9.3.25.v20180904/jetty-server-9.3.25.v20180904.jar:/home/user/.m2/repository/org/eclipse/jetty/jetty-http/9.3.25.v20180904/jetty-http-9.3.25.v20180904.jar:/home/user/.m2/repository/org/eclipse/jetty/jetty-io/9.3.25.v20180904/jetty-io-9.3.25.v20180904.jar:/home/user/.m2/repository/org/eclipse/jetty/jetty-webapp/9.3.25.v20180904/jetty-webapp-9.3.25.v20180904.jar:/home/user/.m2/repository/org/eclipse/jetty/jetty-xml/9.3.25.v20180904/jetty-xml-9.3.25.v20180904.jar:/home/user/.m2/repository/log4j/log4j/1.2.17/log4j-1.2.17.jar:/home/user/.m2/repository/org/slf4j/slf4j-api/1.7.25/slf4j-api-1.7.25.jar:/home/user/.m2/repository/org/slf4j/jul-to-slf4j/1.7.25/jul-to-slf4j-1.7.25.jar:/home/user/.m2/repository/org/eclipse/jetty/jetty-util/9.3.25.v20180904/jetty-util-9.3.25.v20180904.jar:/home/user/.m2/repository/com/fasterxml/jackson/core/jackson-databind/2.9.9/jackson-databind-2.9.9.jar:/home/user/.m2/repository/org/apache/hadoop/hadoop-kms/3.2.0/hadoop-kms-3.2.0-tests.jar:/home/user/.m2/repository/org/apache/hadoop/hadoop-hdds-server-scm/0.5.0-SNAPSHOT/hadoop-hdds-server-scm-0.5.0-SNAPSHOT-tests.jar:/home/user/.m2/repository/org/apache/hadoop/hadoop-hdds-container-service/0.5.0-SNAPSHOT/hadoop-hdds-container-service-0.5.0-SNAPSHOT-tests.jar:/home/user/.m2/repository/org/yaml/snakeyaml/1.16/snakeyaml-1.16.jar:/home/user/.m2/repository/org/apache/hadoop/hadoop-common/3.2.0/hadoop-common-3.2.0-tests.jar:/home/user/.m2/repository/org/apache/hadoop/hadoop-annotations/3.2.0/hadoop-annotations-3.2.0.jar:/usr/lib/jvm/java-1.8-openjdk/jre/../lib/tools.jar:/home/user/.m2/repository/commons-cli/commons-cli/1.2/commons-cli-1.2.jar:/home/user/.m2/repository/org/apache/httpcomponents/httpclient/4.5.2/httpclient-4.5.2.jar:/home/user/.m2/repository/org/apache/httpcomponents/httpcore/4.4.4/httpcore-4.4.4.jar:/home/user/.m2/repository/commons-codec/commons-codec/1.11/commons-codec-1.11.jar:/home/user/.m2/repository/commons-net/commons-net/3.6/commons-net-3.6.jar:/home/user/.m2/repository/commons-collections/commons-collections/3.2.2/commons-collections-3.2.2.jar:/home/user/.m2/repository/org/eclipse/jetty/jetty-servlet/9.3.25.v20180904/jetty-servlet-9.3.25.v20180904.jar:/home/user/.m2/repository/org/eclipse/jetty/jetty-security/9.3.25.v20180904/jetty-security-9.3.25.v20180904.jar:/home/user/.m2/repository/javax/servlet/jsp/jsp-api/2.1/jsp-api-2.1.jar:/home/user/.m2/repository/com/sun/jersey/jersey-servlet/1.19/jersey-servlet-1.19.jar:/home/user/.m2/repository/com/sun/jersey/jersey-json/1.19/jersey-json-1.19.jar:/home/user/.m2/repository/org/codehaus/jettison/jettison/1.1/jettison-1.1.jar:/home/user/.m2/repository/org/codehaus/jackson/jackson-core-asl/1.9.13/jackson-core-asl-1.9.13.jar:/home/user/.m2/repository/org/codehaus/jackson/jackson-mapper-asl/1.9.13/jackson-mapper-asl-1.9.13.jar:/home/user/.m2/repository/org/codehaus/jackson/jackson-jaxrs/1.9.13/jackson-jaxrs-1.9.13.jar:/home/user/.m2/repository/org/codehaus/jackson/jackson-xc/1.9.13/jackson-xc-1.9.13.jar:/home/user/.m2/repository/commons-logging/commons-logging/1.1.3/commons-logging-1.1.3.jar:/home/user/.m2/repository/commons-beanutils/commons-beanutils/1.9.4/commons-beanutils-1.9.4.jar:/home/user/.m2/repository/org/apache/commons/commons-configuration2/2.1.1/commons-configuration2-2.1.1.jar:/home/user/.m2/repository/org/apache/commons/commons-lang3/3.7/commons-lang3-3.7.jar:/home/user/.m2/repository/org/apache/commons/commons-text/1.4/commons-text-1.4.jar:/home/user/.m2/repository/org/apache/avro/avro/1.7.7/avro-1.7.7.jar:/home/user/.m2/repository/com/thoughtworks/paranamer/paranamer/2.3/paranamer-2.3.jar:/home/user/.m2/repository/org/xerial/snappy/snappy-java/1.0.5/snappy-java-1.0.5.jar:/home/user/.m2/repository/com/google/re2j/re2j/1.1/re2j-1.1.jar:/home/user/.m2/repository/com/google/code/gson/gson/2.2.4/gson-2.2.4.jar:/home/user/.m2/repository/com/jcraft/jsch/0.1.54/jsch-0.1.54.jar:/home/user/.m2/repository/org/apache/curator/curator-client/2.12.0/curator-client-2.12.0.jar:/home/user/.m2/repository/org/apache/curator/curator-recipes/2.12.0/curator-recipes-2.12.0.jar:/home/user/.m2/repository/com/google/code/findbugs/jsr305/3.0.0/jsr305-3.0.0.jar:/home/user/.m2/repository/org/apache/htrace/htrace-core4/4.1.0-incubating/htrace-core4-4.1.0-incubating.jar:/home/user/.m2/repository/org/apache/zookeeper/zookeeper/3.4.13/zookeeper-3.4.13.jar:/home/user/.m2/repository/jline/jline/0.9.94/jline-0.9.94.jar:/home/user/.m2/repository/org/apache/yetus/audience-annotations/0.5.0/audience-annotations-0.5.0.jar:/home/user/.m2/repository/org/codehaus/woodstox/stax2-api/3.1.4/stax2-api-3.1.4.jar:/home/user/.m2/repository/com/fasterxml/woodstox/woodstox-core/5.0.3/woodstox-core-5.0.3.jar:/home/user/.m2/repository/dnsjava/dnsjava/2.1.7/dnsjava-2.1.7.jar:/home/user/.m2/repository/org/apache/hadoop/hadoop-hdfs/3.2.0/hadoop-hdfs-3.2.0-tests.jar:/home/user/.m2/repository/org/eclipse/jetty/jetty-util-ajax/9.3.25.v20180904/jetty-util-ajax-9.3.25.v20180904.jar:/home/user/.m2/repository/commons-daemon/commons-daemon/1.0.13/commons-daemon-1.0.13.jar:/home/user/.m2/repository/io/netty/netty/3.10.5.Final/netty-3.10.5.Final.jar:/home/user/.m2/repository/io/netty/netty-all/4.0.52.Final/netty-all-4.0.52.Final.jar:/home/user/.m2/repository/org/fusesource/leveldbjni/leveldbjni-all/1.8/leveldbjni-all-1.8.jar:"/>
    <property name="sun.cpu.endian" value="little"/>
    <property name="user.home" value="/home/user"/>
    <property name="user.language" value="en"/>
    <property name="java.specification.vendor" value="Oracle Corporation"/>
    <property name="java.home" value="/usr/lib/jvm/java-1.8-openjdk/jre"/>
    <property name="java.security.krb5.conf" value="/workdir/hadoop-ozone/integration-test/target/test-classes/krb5.conf"/>
    <property name="basedir" value="/workdir/hadoop-ozone/integration-test"/>
    <property name="file.separator" value="/"/>
    <property name="line.separator" value="&#10;"/>
    <property name="java.vm.specification.vendor" value="Oracle Corporation"/>
    <property name="java.specification.name" value="Java Platform API Specification"/>
    <property name="java.awt.graphicsenv" value="sun.awt.X11GraphicsEnvironment"/>
    <property name="surefire.real.class.path" value="/workdir/hadoop-ozone/integration-test/target/surefire/surefirebooter3174850709830937165.jar"/>
    <property name="hadoop.log.dir" value="/workdir/hadoop-ozone/integration-test/target/log"/>
    <property name="sun.boot.class.path" value="/usr/lib/jvm/java-1.8-openjdk/jre/lib/resources.jar:/usr/lib/jvm/java-1.8-openjdk/jre/lib/rt.jar:/usr/lib/jvm/java-1.8-openjdk/jre/lib/sunrsasign.jar:/usr/lib/jvm/java-1.8-openjdk/jre/lib/jsse.jar:/usr/lib/jvm/java-1.8-openjdk/jre/lib/jce.jar:/usr/lib/jvm/java-1.8-openjdk/jre/lib/charsets.jar:/usr/lib/jvm/java-1.8-openjdk/jre/lib/jfr.jar:/usr/lib/jvm/java-1.8-openjdk/jre/classes"/>
    <property name="sun.management.compiler" value="HotSpot 64-Bit Tiered Compilers"/>
    <property name="java.runtime.version" value="1.8.0_212-b04"/>
    <property name="java.net.preferIPv4Stack" value="true"/>
    <property name="user.name" value="jenkins1000"/>
    <property name="path.separator" value=":"/>
    <property name="java.security.egd" value="file:///dev/urandom"/>
    <property name="os.version" value="3.10.0-957.12.2.el7.x86_64"/>
    <property name="java.endorsed.dirs" value="/usr/lib/jvm/java-1.8-openjdk/jre/lib/endorsed"/>
    <property name="java.runtime.name" value="OpenJDK Runtime Environment"/>
    <property name="file.encoding" value="UTF-8"/>
    <property name="java.vm.name" value="OpenJDK 64-Bit Server VM"/>
    <property name="test.build.webapps" value=""/>
    <property name="localRepository" value="/home/user/.m2/repository"/>
    <property name="java.vendor.url.bug" value="https://icedtea.classpath.org/bugzilla"/>
    <property name="java.io.tmpdir" value="/tmp"/>
    <property name="require.test.libhadoop" value=""/>
    <property name="java.version" value="1.8.0_212"/>
    <property name="user.dir" value="/workdir/hadoop-ozone/integration-test"/>
    <property name="os.arch" value="amd64"/>
    <property name="java.vm.specification.name" value="Java Virtual Machine Specification"/>
    <property name="test.build.classes" value="/workdir/hadoop-ozone/integration-test/target/test-classes"/>
    <property name="java.awt.printerjob" value="sun.print.PSPrinterJob"/>
    <property name="sun.os.patch.level" value="unknown"/>
    <property name="hadoop.tmp.dir" value="/workdir/hadoop-ozone/integration-test/target/tmp"/>
    <property name="java.library.path" value="/usr/lib/jvm/java-1.8-openjdk/jre/lib/amd64/server:/usr/lib/jvm/java-1.8-openjdk/jre/lib/amd64:/usr/lib/jvm/java-1.8-openjdk/jre/../lib/amd64:/workdir/hadoop-ozone/integration-test/target/native/target/usr/local/lib:/workdir/hadoop-ozone/integration-test/../../hadoop-common-project/hadoop-common/target/native/target/usr/local/lib:/usr/java/packages/lib/amd64:/usr/lib64:/lib64:/lib:/usr/lib"/>
    <property name="java.vm.info" value="mixed mode"/>
    <property name="java.vendor" value="IcedTea"/>
    <property name="java.vm.version" value="25.212-b04"/>
    <property name="java.ext.dirs" value="/usr/lib/jvm/java-1.8-openjdk/jre/lib/ext:/usr/java/packages/lib/ext"/>
    <property name="sun.io.unicode.encoding" value="UnicodeLittle"/>
    <property name="java.class.version" value="52.0"/>
  </properties>
  <testcase name="testGroupMismatchExceptionHandling" classname="org.apache.hadoop.ozone.client.rpc.TestOzoneClientRetriesOnException" time="38.719"/>
  <testcase name="testMaxRetriesByOzoneClient" classname="org.apache.hadoop.ozone.client.rpc.TestOzoneClientRetriesOnException" time="128.276">
    <error message="Failed to command cmdType: CreateContainer&#10;containerID: 1&#10;datanodeUuid: &quot;1d13da7d-5300-4519-bdfb-397000abefd3&quot;&#10;createContainer {&#10;}&#10;" type="java.io.IOException">java.io.IOException: 
Failed to command cmdType: CreateContainer
containerID: 1
datanodeUuid: "1d13da7d-5300-4519-bdfb-397000abefd3"
createContainer {
}

	at org.apache.hadoop.hdds.scm.XceiverClientSpi.sendCommand(XceiverClientSpi.java:113)
	at org.apache.hadoop.ozone.client.rpc.TestOzoneClientRetriesOnException.testMaxRetriesByOzoneClient(TestOzoneClientRetriesOnException.java:190)
	at sun.reflect.NativeMethodAccessorImpl.invoke0(Native Method)
	at sun.reflect.NativeMethodAccessorImpl.invoke(NativeMethodAccessorImpl.java:62)
	at sun.reflect.DelegatingMethodAccessorImpl.invoke(DelegatingMethodAccessorImpl.java:43)
	at java.lang.reflect.Method.invoke(Method.java:498)
	at org.junit.runners.model.FrameworkMethod$1.runReflectiveCall(FrameworkMethod.java:47)
	at org.junit.internal.runners.model.ReflectiveCallable.run(ReflectiveCallable.java:12)
	at org.junit.runners.model.FrameworkMethod.invokeExplosively(FrameworkMethod.java:44)
	at org.junit.internal.runners.statements.InvokeMethod.evaluate(InvokeMethod.java:17)
	at org.junit.internal.runners.statements.RunBefores.evaluate(RunBefores.java:26)
	at org.junit.internal.runners.statements.RunAfters.evaluate(RunAfters.java:27)
	at org.junit.runners.ParentRunner.runLeaf(ParentRunner.java:271)
	at org.junit.runners.BlockJUnit4ClassRunner.runChild(BlockJUnit4ClassRunner.java:70)
	at org.junit.runners.BlockJUnit4ClassRunner.runChild(BlockJUnit4ClassRunner.java:50)
	at org.junit.runners.ParentRunner$3.run(ParentRunner.java:238)
	at org.junit.runners.ParentRunner$1.schedule(ParentRunner.java:63)
	at org.junit.runners.ParentRunner.runChildren(ParentRunner.java:236)
	at org.junit.runners.ParentRunner.access$000(ParentRunner.java:53)
	at org.junit.runners.ParentRunner$2.evaluate(ParentRunner.java:229)
	at org.junit.runners.ParentRunner.run(ParentRunner.java:309)
	at org.apache.maven.surefire.junit4.JUnit4Provider.execute(JUnit4Provider.java:365)
	at org.apache.maven.surefire.junit4.JUnit4Provider.executeWithRerun(JUnit4Provider.java:273)
	at org.apache.maven.surefire.junit4.JUnit4Provider.executeTestSet(JUnit4Provider.java:238)
	at org.apache.maven.surefire.junit4.JUnit4Provider.invoke(JUnit4Provider.java:159)
	at org.apache.maven.surefire.booter.ForkedBooter.invokeProviderInSameClassLoader(ForkedBooter.java:384)
	at org.apache.maven.surefire.booter.ForkedBooter.runSuitesInProcess(ForkedBooter.java:345)
	at org.apache.maven.surefire.booter.ForkedBooter.execute(ForkedBooter.java:126)
	at org.apache.maven.surefire.booter.ForkedBooter.main(ForkedBooter.java:418)
Caused by: java.util.concurrent.ExecutionException: org.apache.ratis.protocol.RaftRetryFailureException: Failed RaftClientRequest:client-DCFC246BF632->d03084ef-c572-4bca-82a8-bf6b16c1c530@group-28734D74F447, cid=48, seq=3*, RW, org.apache.hadoop.hdds.scm.XceiverClientRatis$$Lambda$345/1036606347@139120cd for 180 attempts with RetryLimited(maxAttempts=180, sleepTime=1000ms)
	at java.util.concurrent.CompletableFuture.reportGet(CompletableFuture.java:357)
	at java.util.concurrent.CompletableFuture.get(CompletableFuture.java:1895)
	at org.apache.hadoop.hdds.scm.XceiverClientSpi.sendCommand(XceiverClientSpi.java:110)
	... 28 more
Caused by: org.apache.ratis.protocol.RaftRetryFailureException: Failed RaftClientRequest:client-DCFC246BF632->d03084ef-c572-4bca-82a8-bf6b16c1c530@group-28734D74F447, cid=48, seq=3*, RW, org.apache.hadoop.hdds.scm.XceiverClientRatis$$Lambda$345/1036606347@139120cd for 180 attempts with RetryLimited(maxAttempts=180, sleepTime=1000ms)
	at org.apache.ratis.client.impl.RaftClientImpl.noMoreRetries(RaftClientImpl.java:271)
	at org.apache.ratis.client.impl.OrderedAsync.handleAsyncRetryFailure(OrderedAsync.java:138)
	at org.apache.ratis.client.impl.OrderedAsync.lambda$sendRequest$10(OrderedAsync.java:230)
	at java.util.concurrent.CompletableFuture.uniExceptionally(CompletableFuture.java:870)
	at java.util.concurrent.CompletableFuture$UniExceptionally.tryFire(CompletableFuture.java:852)
	at java.util.concurrent.CompletableFuture.postComplete(CompletableFuture.java:474)
	at java.util.concurrent.CompletableFuture.completeExceptionally(CompletableFuture.java:1977)
	at org.apache.ratis.grpc.client.GrpcClientProtocolClient$AsyncStreamObservers.completeReplyExceptionally(GrpcClientProtocolClient.java:339)
	at org.apache.ratis.grpc.client.GrpcClientProtocolClient$AsyncStreamObservers.access$000(GrpcClientProtocolClient.java:255)
	at org.apache.ratis.grpc.client.GrpcClientProtocolClient$AsyncStreamObservers$1.onNext(GrpcClientProtocolClient.java:267)
	at org.apache.ratis.grpc.client.GrpcClientProtocolClient$AsyncStreamObservers$1.onNext(GrpcClientProtocolClient.java:258)
	at org.apache.ratis.thirdparty.io.grpc.stub.ClientCalls$StreamObserverToCallListenerAdapter.onMessage(ClientCalls.java:421)
	at org.apache.ratis.thirdparty.io.grpc.ForwardingClientCallListener.onMessage(ForwardingClientCallListener.java:33)
	at org.apache.ratis.thirdparty.io.grpc.ForwardingClientCallListener.onMessage(ForwardingClientCallListener.java:33)
	at org.apache.ratis.thirdparty.io.grpc.internal.ClientCallImpl$ClientStreamListenerImpl$1MessagesAvailable.runInContext(ClientCallImpl.java:519)
	at org.apache.ratis.thirdparty.io.grpc.internal.ContextRunnable.run(ContextRunnable.java:37)
	at org.apache.ratis.thirdparty.io.grpc.internal.SerializingExecutor.run(SerializingExecutor.java:123)
	at java.util.concurrent.ThreadPoolExecutor.runWorker(ThreadPoolExecutor.java:1149)
	at java.util.concurrent.ThreadPoolExecutor$Worker.run(ThreadPoolExecutor.java:624)
	at java.lang.Thread.run(Thread.java:748)
Caused by: org.apache.ratis.protocol.NotLeaderException: Server d03084ef-c572-4bca-82a8-bf6b16c1c530@group-28734D74F447 is not the leader 1d13da7d-5300-4519-bdfb-397000abefd3:192.168.5.136:33735
	at org.apache.ratis.client.impl.ClientProtoUtils.toRaftClientReply(ClientProtoUtils.java:243)
	at org.apache.ratis.grpc.client.GrpcClientProtocolClient$AsyncStreamObservers$1.onNext(GrpcClientProtocolClient.java:263)
	... 10 more
</error>
    <system-out><![CDATA[2019-09-27 09:30:06,183 [main] WARN  server.ServerUtils (ServerUtils.java:getScmDbDir(145)) - ozone.scm.db.dirs is not configured. We recommend adding this setting. Falling back to ozone.metadata.dirs instead.
2019-09-27 09:30:06,198 [main] WARN  server.ServerUtils (ServerUtils.java:getScmDbDir(145)) - ozone.scm.db.dirs is not configured. We recommend adding this setting. Falling back to ozone.metadata.dirs instead.
2019-09-27 09:30:06,199 [main] WARN  server.ServerUtils (ServerUtils.java:getScmDbDir(145)) - ozone.scm.db.dirs is not configured. We recommend adding this setting. Falling back to ozone.metadata.dirs instead.
2019-09-27 09:30:06,199 [main] INFO  db.DBStoreBuilder (DBStoreBuilder.java:addTable(110)) - using custom profile for table: deletedBlocks
2019-09-27 09:30:06,199 [main] INFO  db.DBStoreBuilder (DBStoreBuilder.java:processTables(161)) - Using default column profile:DBProfile.DISK for Table:deletedBlocks
2019-09-27 09:30:06,200 [main] INFO  db.DBStoreBuilder (DBStoreBuilder.java:addTable(110)) - using custom profile for table: validCerts
2019-09-27 09:30:06,200 [main] INFO  db.DBStoreBuilder (DBStoreBuilder.java:processTables(161)) - Using default column profile:DBProfile.DISK for Table:validCerts
2019-09-27 09:30:06,200 [main] INFO  db.DBStoreBuilder (DBStoreBuilder.java:addTable(110)) - using custom profile for table: revokedCerts
2019-09-27 09:30:06,200 [main] INFO  db.DBStoreBuilder (DBStoreBuilder.java:processTables(161)) - Using default column profile:DBProfile.DISK for Table:revokedCerts
2019-09-27 09:30:06,201 [main] INFO  db.DBStoreBuilder (DBStoreBuilder.java:addTable(110)) - using custom profile for table: default
2019-09-27 09:30:06,201 [main] INFO  db.DBStoreBuilder (DBStoreBuilder.java:processTables(167)) - Using default column profile:DBProfile.DISK for Table:default
2019-09-27 09:30:06,201 [main] INFO  db.DBStoreBuilder (DBStoreBuilder.java:getDbProfile(198)) - Using default options. DBProfile.DISK
2019-09-27 09:30:06,329 [main] INFO  net.NodeSchemaLoader (NodeSchemaLoader.java:loadSchemaFromFile(125)) - Loading file from sun.misc.CompoundEnumeration@303c55fa
2019-09-27 09:30:06,330 [main] INFO  net.NodeSchemaLoader (NodeSchemaLoader.java:loadSchema(171)) - Loading network topology layer schema file
2019-09-27 09:30:06,334 [main] WARN  server.ServerUtils (ServerUtils.java:sanitizeUserArgs(70)) - ozone.scm.stale.node.interval value = 300000 is larger than max = 100000 based on the key value of ozone.scm.heartbeat.thread.interval, reset to the max value 100000.
2019-09-27 09:30:06,334 [main] WARN  server.ServerUtils (ServerUtils.java:sanitizeUserArgs(70)) - ozone.scm.stale.node.interval value = 300000 is larger than max = 100000 based on the key value of ozone.scm.heartbeat.thread.interval, reset to the max value 100000.
2019-09-27 09:30:06,334 [main] INFO  node.SCMNodeManager (SCMNodeManager.java:<init>(114)) - Entering startup safe mode.
2019-09-27 09:30:06,335 [main] INFO  algorithms.ContainerPlacementPolicyFactory (ContainerPlacementPolicyFactory.java:getPolicy(57)) - Create container placement policy of type org.apache.hadoop.hdds.scm.container.placement.algorithms.SCMContainerPlacementRandom
2019-09-27 09:30:06,335 [main] WARN  server.ServerUtils (ServerUtils.java:getScmDbDir(145)) - ozone.scm.db.dirs is not configured. We recommend adding this setting. Falling back to ozone.metadata.dirs instead.
2019-09-27 09:30:06,389 [main] INFO  pipeline.SCMPipelineManager (SCMPipelineManager.java:initializePipelineState(132)) - No pipeline exists in current db
2019-09-27 09:30:06,389 [main] WARN  server.ServerUtils (ServerUtils.java:getScmDbDir(145)) - ozone.scm.db.dirs is not configured. We recommend adding this setting. Falling back to ozone.metadata.dirs instead.
2019-09-27 09:30:06,436 [main] WARN  events.EventQueue (EventQueue.java:fireEvent(183)) - No event handler registered for event TypedEvent{payloadType=SafeModeStatus, name='SafeModeStatus'}
2019-09-27 09:30:06,437 [main] INFO  ipc.CallQueueManager (CallQueueManager.java:<init>(84)) - Using callQueue: class java.util.concurrent.LinkedBlockingQueue, queueCapacity: 2000, scheduler: class org.apache.hadoop.ipc.DefaultRpcScheduler, ipcBackoff: false.
2019-09-27 09:30:06,438 [Socket Reader #1 for port 45680] INFO  ipc.Server (Server.java:run(1074)) - Starting Socket Reader #1 for port 45680
2019-09-27 09:30:06,440 [main] INFO  ipc.CallQueueManager (CallQueueManager.java:<init>(84)) - Using callQueue: class java.util.concurrent.LinkedBlockingQueue, queueCapacity: 2000, scheduler: class org.apache.hadoop.ipc.DefaultRpcScheduler, ipcBackoff: false.
2019-09-27 09:30:06,440 [Socket Reader #1 for port 39569] INFO  ipc.Server (Server.java:run(1074)) - Starting Socket Reader #1 for port 39569
2019-09-27 09:30:06,442 [main] INFO  ipc.CallQueueManager (CallQueueManager.java:<init>(84)) - Using callQueue: class java.util.concurrent.LinkedBlockingQueue, queueCapacity: 2000, scheduler: class org.apache.hadoop.ipc.DefaultRpcScheduler, ipcBackoff: false.
2019-09-27 09:30:06,442 [Socket Reader #1 for port 35351] INFO  ipc.Server (Server.java:run(1074)) - Starting Socket Reader #1 for port 35351
2019-09-27 09:30:06,444 [main] INFO  hdfs.DFSUtil (DFSUtil.java:httpServerTemplateForNNAndJN(1641)) - Starting Web-server for scm at: http://0.0.0.0:0
2019-09-27 09:30:06,446 [main] INFO  server.AuthenticationFilter (AuthenticationFilter.java:constructSecretProvider(240)) - Unable to initialize FileSignerSecretProvider, falling back to use random secrets.
2019-09-27 09:30:06,447 [main] WARN  http.HttpRequestLog (HttpRequestLog.java:getRequestLog(97)) - Jetty request log can only be enabled using Log4j
2019-09-27 09:30:06,449 [main] INFO  http.HttpServer2 (HttpServer2.java:addGlobalFilter(975)) - Added global filter 'safety' (class=org.apache.hadoop.http.HttpServer2$QuotingInputFilter)
2019-09-27 09:30:06,449 [main] INFO  http.HttpServer2 (HttpServer2.java:addFilter(948)) - Added filter static_user_filter (class=org.apache.hadoop.http.lib.StaticUserWebFilter$StaticUserFilter) to context scm
2019-09-27 09:30:06,450 [main] INFO  http.HttpServer2 (HttpServer2.java:addFilter(958)) - Added filter static_user_filter (class=org.apache.hadoop.http.lib.StaticUserWebFilter$StaticUserFilter) to context static
2019-09-27 09:30:06,450 [main] INFO  http.HttpServer2 (HttpServer2.java:addFilter(958)) - Added filter static_user_filter (class=org.apache.hadoop.http.lib.StaticUserWebFilter$StaticUserFilter) to context logs
2019-09-27 09:30:06,452 [main] INFO  server.StorageContainerManager (StorageContainerManager.java:start(770)) - StorageContainerLocationProtocol RPC server is listening at /0.0.0.0:35351
2019-09-27 09:30:06,454 [main] WARN  impl.MetricsConfig (MetricsConfig.java:loadFirst(134)) - Cannot locate configuration: tried hadoop-metrics2-storagecontainermanager.properties,hadoop-metrics2.properties
2019-09-27 09:30:06,455 [main] INFO  impl.MetricsSystemImpl (MetricsSystemImpl.java:startTimer(374)) - Scheduled Metric snapshot period at 10 second(s).
2019-09-27 09:30:06,455 [main] INFO  impl.MetricsSystemImpl (MetricsSystemImpl.java:start(191)) - StorageContainerManager metrics system started
2019-09-27 09:30:06,504 [main] WARN  impl.MetricsSystemImpl (MetricsSystemImpl.java:register(276)) - Sink prometheus already exists!
2019-09-27 09:30:06,508 [main] INFO  server.SCMClientProtocolServer (SCMClientProtocolServer.java:start(150)) - RPC server for Client  is listening at /0.0.0.0:35351
2019-09-27 09:30:06,508 [IPC Server Responder] INFO  ipc.Server (Server.java:run(1314)) - IPC Server Responder: starting
2019-09-27 09:30:06,508 [IPC Server listener on 35351] INFO  ipc.Server (Server.java:run(1153)) - IPC Server listener on 35351: starting
2019-09-27 09:30:06,511 [main] INFO  server.StorageContainerManager (StorageContainerManager.java:start(780)) - ScmBlockLocationProtocol RPC server is listening at /0.0.0.0:39569
2019-09-27 09:30:06,512 [main] INFO  server.SCMBlockProtocolServer (SCMBlockProtocolServer.java:start(146)) - RPC server for Block Protocol is listening at /0.0.0.0:39569
2019-09-27 09:30:06,512 [IPC Server Responder] INFO  ipc.Server (Server.java:run(1314)) - IPC Server Responder: starting
2019-09-27 09:30:06,512 [IPC Server listener on 39569] INFO  ipc.Server (Server.java:run(1153)) - IPC Server listener on 39569: starting
2019-09-27 09:30:06,516 [main] INFO  server.StorageContainerManager (StorageContainerManager.java:start(784)) - ScmDatanodeProtocl RPC server is listening at /0.0.0.0:45680
2019-09-27 09:30:06,516 [main] INFO  server.SCMDatanodeProtocolServer (SCMDatanodeProtocolServer.java:start(191)) - RPC server for DataNodes is listening at /0.0.0.0:45680
2019-09-27 09:30:06,516 [IPC Server Responder] INFO  ipc.Server (Server.java:run(1314)) - IPC Server Responder: starting
2019-09-27 09:30:06,516 [IPC Server listener on 45680] INFO  ipc.Server (Server.java:run(1153)) - IPC Server listener on 45680: starting
2019-09-27 09:30:06,520 [main] INFO  http.HttpServer2 (HttpServer2.java:bindListener(1191)) - Jetty bound to port 35321
2019-09-27 09:30:06,520 [main] INFO  server.Server (Server.java:doStart(351)) - jetty-9.3.25.v20180904, build timestamp: 2018-09-04T21:11:46Z, git hash: 3ce520221d0240229c862b122d2b06c12a625732
2019-09-27 09:30:06,522 [main] INFO  handler.ContextHandler (ContextHandler.java:doStart(781)) - Started o.e.j.s.ServletContextHandler@663f237a{/logs,file:///workdir/hadoop-ozone/integration-test/target/log,AVAILABLE}
2019-09-27 09:30:06,523 [main] INFO  handler.ContextHandler (ContextHandler.java:doStart(781)) - Started o.e.j.s.ServletContextHandler@49a6f486{/static,file:///workdir/hadoop-ozone/integration-test/target/test-classes/webapps/static,AVAILABLE}
2019-09-27 09:30:06,528 [main] INFO  handler.ContextHandler (ContextHandler.java:doStart(781)) - Started o.e.j.w.WebAppContext@39ffda4a{/,file:///workdir/hadoop-ozone/integration-test/target/test-classes/webapps/scm/,AVAILABLE}{/scm}
2019-09-27 09:30:06,529 [main] INFO  server.AbstractConnector (AbstractConnector.java:doStart(278)) - Started ServerConnector@3ba348ca{HTTP/1.1,[http/1.1]}{0.0.0.0:35321}
2019-09-27 09:30:06,529 [main] INFO  server.Server (Server.java:doStart(419)) - Started @39605ms
2019-09-27 09:30:06,529 [main] WARN  impl.MetricsSystemImpl (MetricsSystemImpl.java:register(276)) - Sink prometheus already exists!
2019-09-27 09:30:06,530 [main] INFO  server.BaseHttpServer (BaseHttpServer.java:updateConnectorAddress(215)) - HTTP server of SCM is listening at http://0.0.0.0:35321
2019-09-27 09:30:06,531 [main] WARN  server.ServerUtils (ServerUtils.java:getDBPath(222)) - ozone.om.db.dirs is not configured. We recommend adding this setting. Falling back to ozone.metadata.dirs instead.
2019-09-27 09:30:06,531 [org.apache.hadoop.util.JvmPauseMonitor$Monitor@45b15381] INFO  util.JvmPauseMonitor (JvmPauseMonitor.java:run(188)) - Starting JVM pause monitor
2019-09-27 09:30:06,545 [main] WARN  server.ServerUtils (ServerUtils.java:getDBPath(222)) - ozone.om.db.dirs is not configured. We recommend adding this setting. Falling back to ozone.metadata.dirs instead.
2019-09-27 09:30:06,545 [main] WARN  server.ServerUtils (ServerUtils.java:getDBPath(222)) - ozone.om.db.dirs is not configured. We recommend adding this setting. Falling back to ozone.metadata.dirs instead.
2019-09-27 09:30:06,546 [main] INFO  om.OzoneManager (OzoneManager.java:setOMNodeDetails(652)) - OM Service ID is not set. Setting it to the default ID: omServiceIdDefault
2019-09-27 09:30:06,546 [main] INFO  om.OzoneManager (OzoneManager.java:setOMNodeDetails(658)) - OM Node ID is not set. Setting it to the OmStorage's OmID: 619930cf-c18b-4e5e-8bdb-3e45a3ffc5d2
2019-09-27 09:30:06,546 [main] INFO  om.OzoneManager (OzoneManager.java:loadOMHAConfigs(609)) - Found matching OM address with OMServiceId: null, OMNodeId: null, RPC Address: localhost:0 and Ratis port: 9872
2019-09-27 09:30:06,553 [main] WARN  server.ServerUtils (ServerUtils.java:getDBPath(222)) - ozone.om.db.dirs is not configured. We recommend adding this setting. Falling back to ozone.metadata.dirs instead.
2019-09-27 09:30:06,554 [main] INFO  db.DBStoreBuilder (DBStoreBuilder.java:addTable(110)) - using custom profile for table: userTable
2019-09-27 09:30:06,554 [main] INFO  db.DBStoreBuilder (DBStoreBuilder.java:processTables(161)) - Using default column profile:DBProfile.DISK for Table:userTable
2019-09-27 09:30:06,554 [main] INFO  db.DBStoreBuilder (DBStoreBuilder.java:addTable(110)) - using custom profile for table: volumeTable
2019-09-27 09:30:06,554 [main] INFO  db.DBStoreBuilder (DBStoreBuilder.java:processTables(161)) - Using default column profile:DBProfile.DISK for Table:volumeTable
2019-09-27 09:30:06,554 [main] INFO  db.DBStoreBuilder (DBStoreBuilder.java:addTable(110)) - using custom profile for table: bucketTable
2019-09-27 09:30:06,555 [main] INFO  db.DBStoreBuilder (DBStoreBuilder.java:processTables(161)) - Using default column profile:DBProfile.DISK for Table:bucketTable
2019-09-27 09:30:06,555 [main] INFO  db.DBStoreBuilder (DBStoreBuilder.java:addTable(110)) - using custom profile for table: keyTable
2019-09-27 09:30:06,555 [main] INFO  db.DBStoreBuilder (DBStoreBuilder.java:processTables(161)) - Using default column profile:DBProfile.DISK for Table:keyTable
2019-09-27 09:30:06,555 [main] INFO  db.DBStoreBuilder (DBStoreBuilder.java:addTable(110)) - using custom profile for table: deletedTable
2019-09-27 09:30:06,555 [main] INFO  db.DBStoreBuilder (DBStoreBuilder.java:processTables(161)) - Using default column profile:DBProfile.DISK for Table:deletedTable
2019-09-27 09:30:06,556 [main] INFO  db.DBStoreBuilder (DBStoreBuilder.java:addTable(110)) - using custom profile for table: openKeyTable
2019-09-27 09:30:06,556 [main] INFO  db.DBStoreBuilder (DBStoreBuilder.java:processTables(161)) - Using default column profile:DBProfile.DISK for Table:openKeyTable
2019-09-27 09:30:06,556 [main] INFO  db.DBStoreBuilder (DBStoreBuilder.java:addTable(110)) - using custom profile for table: s3Table
2019-09-27 09:30:06,556 [main] INFO  db.DBStoreBuilder (DBStoreBuilder.java:processTables(161)) - Using default column profile:DBProfile.DISK for Table:s3Table
2019-09-27 09:30:06,557 [main] INFO  db.DBStoreBuilder (DBStoreBuilder.java:addTable(110)) - using custom profile for table: multipartInfoTable
2019-09-27 09:30:06,557 [main] INFO  db.DBStoreBuilder (DBStoreBuilder.java:processTables(161)) - Using default column profile:DBProfile.DISK for Table:multipartInfoTable
2019-09-27 09:30:06,557 [main] INFO  db.DBStoreBuilder (DBStoreBuilder.java:addTable(110)) - using custom profile for table: dTokenTable
2019-09-27 09:30:06,557 [main] INFO  db.DBStoreBuilder (DBStoreBuilder.java:processTables(161)) - Using default column profile:DBProfile.DISK for Table:dTokenTable
2019-09-27 09:30:06,558 [main] INFO  db.DBStoreBuilder (DBStoreBuilder.java:addTable(110)) - using custom profile for table: s3SecretTable
2019-09-27 09:30:06,558 [main] INFO  db.DBStoreBuilder (DBStoreBuilder.java:processTables(161)) - Using default column profile:DBProfile.DISK for Table:s3SecretTable
2019-09-27 09:30:06,558 [main] INFO  db.DBStoreBuilder (DBStoreBuilder.java:addTable(110)) - using custom profile for table: prefixTable
2019-09-27 09:30:06,558 [main] INFO  db.DBStoreBuilder (DBStoreBuilder.java:processTables(161)) - Using default column profile:DBProfile.DISK for Table:prefixTable
2019-09-27 09:30:06,558 [main] INFO  db.DBStoreBuilder (DBStoreBuilder.java:addTable(110)) - using custom profile for table: default
2019-09-27 09:30:06,559 [main] INFO  db.DBStoreBuilder (DBStoreBuilder.java:processTables(167)) - Using default column profile:DBProfile.DISK for Table:default
2019-09-27 09:30:06,559 [main] INFO  db.DBStoreBuilder (DBStoreBuilder.java:getDbProfile(198)) - Using default options. DBProfile.DISK
2019-09-27 09:30:07,034 [main] INFO  ipc.CallQueueManager (CallQueueManager.java:<init>(84)) - Using callQueue: class java.util.concurrent.LinkedBlockingQueue, queueCapacity: 2000, scheduler: class org.apache.hadoop.ipc.DefaultRpcScheduler, ipcBackoff: false.
2019-09-27 09:30:07,035 [Socket Reader #1 for port 45731] INFO  ipc.Server (Server.java:run(1074)) - Starting Socket Reader #1 for port 45731
2019-09-27 09:30:07,051 [main] INFO  om.OzoneManager (OzoneManager.java:start(1243)) - OzoneManager RPC server is listening at localhost/127.0.0.1:45731
2019-09-27 09:30:07,052 [main] INFO  impl.MetricsSystemImpl (MetricsSystemImpl.java:init(158)) - OzoneManager metrics system started (again)
2019-09-27 09:30:07,052 [IPC Server Responder] INFO  ipc.Server (Server.java:run(1314)) - IPC Server Responder: starting
2019-09-27 09:30:07,052 [IPC Server listener on 45731] INFO  ipc.Server (Server.java:run(1153)) - IPC Server listener on 45731: starting
2019-09-27 09:30:07,057 [main] INFO  hdfs.DFSUtil (DFSUtil.java:httpServerTemplateForNNAndJN(1641)) - Starting Web-server for ozoneManager at: http://0.0.0.0:0
2019-09-27 09:30:07,058 [main] INFO  server.AuthenticationFilter (AuthenticationFilter.java:constructSecretProvider(240)) - Unable to initialize FileSignerSecretProvider, falling back to use random secrets.
2019-09-27 09:30:07,059 [main] WARN  http.HttpRequestLog (HttpRequestLog.java:getRequestLog(97)) - Jetty request log can only be enabled using Log4j
2019-09-27 09:30:07,061 [main] INFO  http.HttpServer2 (HttpServer2.java:addGlobalFilter(975)) - Added global filter 'safety' (class=org.apache.hadoop.http.HttpServer2$QuotingInputFilter)
2019-09-27 09:30:07,062 [main] INFO  http.HttpServer2 (HttpServer2.java:addFilter(948)) - Added filter static_user_filter (class=org.apache.hadoop.http.lib.StaticUserWebFilter$StaticUserFilter) to context ozoneManager
2019-09-27 09:30:07,062 [main] INFO  http.HttpServer2 (HttpServer2.java:addFilter(958)) - Added filter static_user_filter (class=org.apache.hadoop.http.lib.StaticUserWebFilter$StaticUserFilter) to context static
2019-09-27 09:30:07,062 [main] INFO  http.HttpServer2 (HttpServer2.java:addFilter(958)) - Added filter static_user_filter (class=org.apache.hadoop.http.lib.StaticUserWebFilter$StaticUserFilter) to context logs
2019-09-27 09:30:07,063 [main] INFO  http.HttpServer2 (HttpServer2.java:bindListener(1191)) - Jetty bound to port 37607
2019-09-27 09:30:07,063 [main] INFO  server.Server (Server.java:doStart(351)) - jetty-9.3.25.v20180904, build timestamp: 2018-09-04T21:11:46Z, git hash: 3ce520221d0240229c862b122d2b06c12a625732
2019-09-27 09:30:07,065 [main] INFO  handler.ContextHandler (ContextHandler.java:doStart(781)) - Started o.e.j.s.ServletContextHandler@4eb9f2af{/logs,file:///workdir/hadoop-ozone/integration-test/target/log,AVAILABLE}
2019-09-27 09:30:07,065 [main] INFO  handler.ContextHandler (ContextHandler.java:doStart(781)) - Started o.e.j.s.ServletContextHandler@4ace284d{/static,file:///workdir/hadoop-ozone/integration-test/target/test-classes/webapps/static,AVAILABLE}
2019-09-27 09:30:07,070 [main] INFO  handler.ContextHandler (ContextHandler.java:doStart(781)) - Started o.e.j.w.WebAppContext@6c8dbf56{/,file:///workdir/hadoop-ozone/integration-test/target/test-classes/webapps/ozoneManager/,AVAILABLE}{/ozoneManager}
2019-09-27 09:30:07,070 [main] INFO  server.AbstractConnector (AbstractConnector.java:doStart(278)) - Started ServerConnector@493b01ef{HTTP/1.1,[http/1.1]}{0.0.0.0:37607}
2019-09-27 09:30:07,071 [main] INFO  server.Server (Server.java:doStart(419)) - Started @40147ms
2019-09-27 09:30:07,072 [main] WARN  impl.MetricsSystemImpl (MetricsSystemImpl.java:register(276)) - Sink prometheus already exists!
2019-09-27 09:30:07,073 [main] INFO  server.BaseHttpServer (BaseHttpServer.java:updateConnectorAddress(215)) - HTTP server of OZONEMANAGER is listening at http://0.0.0.0:37607
2019-09-27 09:30:07,088 [main] INFO  impl.MetricsSystemImpl (MetricsSystemImpl.java:init(158)) - HddsDatanode metrics system started (again)
2019-09-27 09:30:07,090 [main] INFO  ozone.HddsDatanodeService (HddsDatanodeService.java:start(184)) - HddsDatanodeService host:pr-hdds2073-kmjxf-3010904630 ip:192.168.5.136
2019-09-27 09:30:07,095 [main] INFO  volume.HddsVolume (HddsVolume.java:<init>(176)) - Creating Volume: /workdir/hadoop-ozone/integration-test/target/test-dir/MiniOzoneClusterImpl-834b5182-62dc-4ca6-be4e-bc0179c6ec08/datanode-0/data/containers/hdds of  storage type : DISK and capacity : 1482555576320
2019-09-27 09:30:07,095 [main] INFO  volume.VolumeSet (VolumeSet.java:initializeVolumeSet(170)) - Added Volume : /workdir/hadoop-ozone/integration-test/target/test-dir/MiniOzoneClusterImpl-834b5182-62dc-4ca6-be4e-bc0179c6ec08/datanode-0/data/containers/hdds to VolumeSet
2019-09-27 09:30:07,095 [main] INFO  volume.ThrottledAsyncChecker (ThrottledAsyncChecker.java:schedule(139)) - Scheduling a check for org.apache.hadoop.ozone.container.common.volume.HddsVolume@76fe6cdc
2019-09-27 09:30:07,096 [main] INFO  volume.HddsVolumeChecker (HddsVolumeChecker.java:checkAllVolumes(202)) - Scheduled health check for volume org.apache.hadoop.ozone.container.common.volume.HddsVolume@76fe6cdc
2019-09-27 09:30:07,108 [main] INFO  impl.RaftServerProxy (ConfUtils.java:logGet(43)) - raft.rpc.type = GRPC (default)
2019-09-27 09:30:07,108 [main] INFO  grpc.GrpcFactory (GrpcFactory.java:checkPooledByteBufAllocatorUseCacheForAllThreads(45)) - PERFORMANCE WARNING: useCacheForAllThreads is true that may cause Netty to create a lot garbage objects and, as a result, trigger GC.
	It is recommended to disable useCacheForAllThreads by setting -Dorg.apache.ratis.thirdparty.io.netty.allocator.useCacheForAllThreads=false in command line.
2019-09-27 09:30:07,108 [main] INFO  grpc.GrpcConfigKeys$Server (ConfUtils.java:logGet(43)) - raft.grpc.server.port = 0 (default)
2019-09-27 09:30:07,109 [main] INFO  server.GrpcService (ConfUtils.java:logGet(43)) - raft.grpc.message.size.max = 33570816 (custom)
2019-09-27 09:30:07,109 [main] INFO  server.RaftServerConfigKeys (ConfUtils.java:logGet(43)) - raft.server.log.appender.buffer.byte-limit = 33554432 (custom)
2019-09-27 09:30:07,109 [main] INFO  server.GrpcService (ConfUtils.java:logGet(43)) - raft.grpc.flow.control.window = 1MB (=1048576) (default)
2019-09-27 09:30:07,109 [main] INFO  server.RaftServerConfigKeys (ConfUtils.java:logGet(43)) - raft.server.rpc.request.timeout = 3000ms (default)
2019-09-27 09:30:07,110 [main] INFO  server.RaftServerConfigKeys (ConfUtils.java:logGet(43)) - raft.server.storage.dir = [/workdir/hadoop-ozone/integration-test/target/test-dir/MiniOzoneClusterImpl-834b5182-62dc-4ca6-be4e-bc0179c6ec08/datanode-0/data/ratis] (custom)
2019-09-27 09:30:07,111 [main] INFO  hdfs.DFSUtil (DFSUtil.java:httpServerTemplateForNNAndJN(1641)) - Starting Web-server for hddsDatanode at: http://0.0.0.0:0
2019-09-27 09:30:07,112 [main] INFO  server.AuthenticationFilter (AuthenticationFilter.java:constructSecretProvider(240)) - Unable to initialize FileSignerSecretProvider, falling back to use random secrets.
2019-09-27 09:30:07,113 [main] WARN  http.HttpRequestLog (HttpRequestLog.java:getRequestLog(97)) - Jetty request log can only be enabled using Log4j
2019-09-27 09:30:07,114 [main] INFO  http.HttpServer2 (HttpServer2.java:addGlobalFilter(975)) - Added global filter 'safety' (class=org.apache.hadoop.http.HttpServer2$QuotingInputFilter)
2019-09-27 09:30:07,115 [main] INFO  http.HttpServer2 (HttpServer2.java:addFilter(948)) - Added filter static_user_filter (class=org.apache.hadoop.http.lib.StaticUserWebFilter$StaticUserFilter) to context hddsDatanode
2019-09-27 09:30:07,115 [main] INFO  http.HttpServer2 (HttpServer2.java:addFilter(958)) - Added filter static_user_filter (class=org.apache.hadoop.http.lib.StaticUserWebFilter$StaticUserFilter) to context static
2019-09-27 09:30:07,115 [main] INFO  http.HttpServer2 (HttpServer2.java:addFilter(958)) - Added filter static_user_filter (class=org.apache.hadoop.http.lib.StaticUserWebFilter$StaticUserFilter) to context logs
2019-09-27 09:30:07,116 [main] INFO  http.HttpServer2 (HttpServer2.java:bindListener(1191)) - Jetty bound to port 44372
2019-09-27 09:30:07,116 [main] INFO  server.Server (Server.java:doStart(351)) - jetty-9.3.25.v20180904, build timestamp: 2018-09-04T21:11:46Z, git hash: 3ce520221d0240229c862b122d2b06c12a625732
2019-09-27 09:30:07,117 [main] INFO  handler.ContextHandler (ContextHandler.java:doStart(781)) - Started o.e.j.s.ServletContextHandler@3252747e{/logs,file:///workdir/hadoop-ozone/integration-test/target/log,AVAILABLE}
2019-09-27 09:30:07,118 [main] INFO  handler.ContextHandler (ContextHandler.java:doStart(781)) - Started o.e.j.s.ServletContextHandler@2dd8ff1d{/static,jar:file:/home/user/.m2/repository/org/apache/hadoop/hadoop-hdds-container-service/0.5.0-SNAPSHOT/hadoop-hdds-container-service-0.5.0-SNAPSHOT.jar!/webapps/static,AVAILABLE}
2019-09-27 09:30:07,144 [main] INFO  handler.ContextHandler (ContextHandler.java:doStart(781)) - Started o.e.j.w.WebAppContext@7209ffb5{/,file:///tmp/jetty-0.0.0.0-44372-hddsDatanode-_-any-6877239916054689824.dir/webapp/,AVAILABLE}{/hddsDatanode}
2019-09-27 09:30:07,144 [main] INFO  server.AbstractConnector (AbstractConnector.java:doStart(278)) - Started ServerConnector@5e99b9c{HTTP/1.1,[http/1.1]}{0.0.0.0:44372}
2019-09-27 09:30:07,146 [main] INFO  server.Server (Server.java:doStart(419)) - Started @40222ms
2019-09-27 09:30:07,146 [main] WARN  impl.MetricsSystemImpl (MetricsSystemImpl.java:register(276)) - Sink prometheus already exists!
2019-09-27 09:30:07,148 [main] INFO  server.BaseHttpServer (BaseHttpServer.java:updateConnectorAddress(215)) - HTTP server of HDDSDATANODE is listening at http://0.0.0.0:44372
2019-09-27 09:30:07,148 [main] INFO  impl.MetricsSystemImpl (MetricsSystemImpl.java:init(158)) - HddsDatanode metrics system started (again)
2019-09-27 09:30:07,152 [main] INFO  ozone.HddsDatanodeService (HddsDatanodeService.java:start(184)) - HddsDatanodeService host:pr-hdds2073-kmjxf-3010904630 ip:192.168.5.136
2019-09-27 09:30:07,152 [org.apache.hadoop.util.JvmPauseMonitor$Monitor@e1f8bdf] INFO  util.JvmPauseMonitor (JvmPauseMonitor.java:run(188)) - Starting JVM pause monitor
2019-09-27 09:30:07,155 [Datanode State Machine Thread - 0] INFO  datanode.InitDatanodeState (InitDatanodeState.java:persistContainerDatanodeDetails(140)) - DatanodeDetails is persisted to /workdir/hadoop-ozone/integration-test/target/test-dir/MiniOzoneClusterImpl-834b5182-62dc-4ca6-be4e-bc0179c6ec08/datanode-0/meta/datanode.id
2019-09-27 09:30:07,158 [main] INFO  volume.HddsVolume (HddsVolume.java:<init>(176)) - Creating Volume: /workdir/hadoop-ozone/integration-test/target/test-dir/MiniOzoneClusterImpl-834b5182-62dc-4ca6-be4e-bc0179c6ec08/datanode-1/data/containers/hdds of  storage type : DISK and capacity : 1482555576320
2019-09-27 09:30:07,159 [main] INFO  volume.VolumeSet (VolumeSet.java:initializeVolumeSet(170)) - Added Volume : /workdir/hadoop-ozone/integration-test/target/test-dir/MiniOzoneClusterImpl-834b5182-62dc-4ca6-be4e-bc0179c6ec08/datanode-1/data/containers/hdds to VolumeSet
2019-09-27 09:30:07,159 [main] INFO  volume.ThrottledAsyncChecker (ThrottledAsyncChecker.java:schedule(139)) - Scheduling a check for org.apache.hadoop.ozone.container.common.volume.HddsVolume@7327a447
2019-09-27 09:30:07,159 [main] INFO  volume.HddsVolumeChecker (HddsVolumeChecker.java:checkAllVolumes(202)) - Scheduled health check for volume org.apache.hadoop.ozone.container.common.volume.HddsVolume@7327a447
2019-09-27 09:30:07,182 [main] INFO  impl.RaftServerProxy (ConfUtils.java:logGet(43)) - raft.rpc.type = GRPC (default)
2019-09-27 09:30:07,182 [main] INFO  grpc.GrpcFactory (GrpcFactory.java:checkPooledByteBufAllocatorUseCacheForAllThreads(45)) - PERFORMANCE WARNING: useCacheForAllThreads is true that may cause Netty to create a lot garbage objects and, as a result, trigger GC.
	It is recommended to disable useCacheForAllThreads by setting -Dorg.apache.ratis.thirdparty.io.netty.allocator.useCacheForAllThreads=false in command line.
2019-09-27 09:30:07,182 [main] INFO  grpc.GrpcConfigKeys$Server (ConfUtils.java:logGet(43)) - raft.grpc.server.port = 0 (default)
2019-09-27 09:30:07,183 [main] INFO  server.GrpcService (ConfUtils.java:logGet(43)) - raft.grpc.message.size.max = 33570816 (custom)
2019-09-27 09:30:07,183 [main] INFO  server.RaftServerConfigKeys (ConfUtils.java:logGet(43)) - raft.server.log.appender.buffer.byte-limit = 33554432 (custom)
2019-09-27 09:30:07,183 [main] INFO  server.GrpcService (ConfUtils.java:logGet(43)) - raft.grpc.flow.control.window = 1MB (=1048576) (default)
2019-09-27 09:30:07,183 [main] INFO  server.RaftServerConfigKeys (ConfUtils.java:logGet(43)) - raft.server.rpc.request.timeout = 3000ms (default)
2019-09-27 09:30:07,184 [main] INFO  server.RaftServerConfigKeys (ConfUtils.java:logGet(43)) - raft.server.storage.dir = [/workdir/hadoop-ozone/integration-test/target/test-dir/MiniOzoneClusterImpl-834b5182-62dc-4ca6-be4e-bc0179c6ec08/datanode-1/data/ratis] (custom)
2019-09-27 09:30:07,186 [main] INFO  hdfs.DFSUtil (DFSUtil.java:httpServerTemplateForNNAndJN(1641)) - Starting Web-server for hddsDatanode at: http://0.0.0.0:0
2019-09-27 09:30:07,187 [main] INFO  server.AuthenticationFilter (AuthenticationFilter.java:constructSecretProvider(240)) - Unable to initialize FileSignerSecretProvider, falling back to use random secrets.
2019-09-27 09:30:07,188 [main] WARN  http.HttpRequestLog (HttpRequestLog.java:getRequestLog(97)) - Jetty request log can only be enabled using Log4j
2019-09-27 09:30:07,189 [main] INFO  http.HttpServer2 (HttpServer2.java:addGlobalFilter(975)) - Added global filter 'safety' (class=org.apache.hadoop.http.HttpServer2$QuotingInputFilter)
2019-09-27 09:30:07,190 [main] INFO  http.HttpServer2 (HttpServer2.java:addFilter(948)) - Added filter static_user_filter (class=org.apache.hadoop.http.lib.StaticUserWebFilter$StaticUserFilter) to context hddsDatanode
2019-09-27 09:30:07,190 [main] INFO  http.HttpServer2 (HttpServer2.java:addFilter(958)) - Added filter static_user_filter (class=org.apache.hadoop.http.lib.StaticUserWebFilter$StaticUserFilter) to context logs
2019-09-27 09:30:07,190 [main] INFO  http.HttpServer2 (HttpServer2.java:addFilter(958)) - Added filter static_user_filter (class=org.apache.hadoop.http.lib.StaticUserWebFilter$StaticUserFilter) to context static
2019-09-27 09:30:07,191 [main] INFO  http.HttpServer2 (HttpServer2.java:bindListener(1191)) - Jetty bound to port 43618
2019-09-27 09:30:07,191 [main] INFO  server.Server (Server.java:doStart(351)) - jetty-9.3.25.v20180904, build timestamp: 2018-09-04T21:11:46Z, git hash: 3ce520221d0240229c862b122d2b06c12a625732
2019-09-27 09:30:07,193 [main] INFO  handler.ContextHandler (ContextHandler.java:doStart(781)) - Started o.e.j.s.ServletContextHandler@6fff46bf{/logs,file:///workdir/hadoop-ozone/integration-test/target/log,AVAILABLE}
2019-09-27 09:30:07,193 [main] INFO  handler.ContextHandler (ContextHandler.java:doStart(781)) - Started o.e.j.s.ServletContextHandler@3aaa3c39{/static,jar:file:/home/user/.m2/repository/org/apache/hadoop/hadoop-hdds-container-service/0.5.0-SNAPSHOT/hadoop-hdds-container-service-0.5.0-SNAPSHOT.jar!/webapps/static,AVAILABLE}
2019-09-27 09:30:07,221 [main] INFO  handler.ContextHandler (ContextHandler.java:doStart(781)) - Started o.e.j.w.WebAppContext@2be21396{/,file:///tmp/jetty-0.0.0.0-43618-hddsDatanode-_-any-3391983635268261279.dir/webapp/,AVAILABLE}{/hddsDatanode}
2019-09-27 09:30:07,221 [main] INFO  server.AbstractConnector (AbstractConnector.java:doStart(278)) - Started ServerConnector@124dac75{HTTP/1.1,[http/1.1]}{0.0.0.0:43618}
2019-09-27 09:30:07,223 [main] INFO  server.Server (Server.java:doStart(419)) - Started @40299ms
2019-09-27 09:30:07,223 [main] WARN  impl.MetricsSystemImpl (MetricsSystemImpl.java:register(276)) - Sink prometheus already exists!
2019-09-27 09:30:07,224 [main] INFO  server.BaseHttpServer (BaseHttpServer.java:updateConnectorAddress(215)) - HTTP server of HDDSDATANODE is listening at http://0.0.0.0:43618
2019-09-27 09:30:07,224 [main] INFO  impl.MetricsSystemImpl (MetricsSystemImpl.java:init(158)) - HddsDatanode metrics system started (again)
2019-09-27 09:30:07,227 [org.apache.hadoop.util.JvmPauseMonitor$Monitor@5aac639a] INFO  util.JvmPauseMonitor (JvmPauseMonitor.java:run(188)) - Starting JVM pause monitor
2019-09-27 09:30:07,228 [main] INFO  ozone.HddsDatanodeService (HddsDatanodeService.java:start(184)) - HddsDatanodeService host:pr-hdds2073-kmjxf-3010904630 ip:192.168.5.136
2019-09-27 09:30:07,229 [Datanode State Machine Thread - 0] INFO  datanode.InitDatanodeState (InitDatanodeState.java:persistContainerDatanodeDetails(140)) - DatanodeDetails is persisted to /workdir/hadoop-ozone/integration-test/target/test-dir/MiniOzoneClusterImpl-834b5182-62dc-4ca6-be4e-bc0179c6ec08/datanode-1/meta/datanode.id
2019-09-27 09:30:07,234 [main] INFO  volume.HddsVolume (HddsVolume.java:<init>(176)) - Creating Volume: /workdir/hadoop-ozone/integration-test/target/test-dir/MiniOzoneClusterImpl-834b5182-62dc-4ca6-be4e-bc0179c6ec08/datanode-2/data/containers/hdds of  storage type : DISK and capacity : 1482555576320
2019-09-27 09:30:07,234 [main] INFO  volume.VolumeSet (VolumeSet.java:initializeVolumeSet(170)) - Added Volume : /workdir/hadoop-ozone/integration-test/target/test-dir/MiniOzoneClusterImpl-834b5182-62dc-4ca6-be4e-bc0179c6ec08/datanode-2/data/containers/hdds to VolumeSet
2019-09-27 09:30:07,235 [main] INFO  volume.ThrottledAsyncChecker (ThrottledAsyncChecker.java:schedule(139)) - Scheduling a check for org.apache.hadoop.ozone.container.common.volume.HddsVolume@17b37e9a
2019-09-27 09:30:07,235 [main] INFO  volume.HddsVolumeChecker (HddsVolumeChecker.java:checkAllVolumes(202)) - Scheduled health check for volume org.apache.hadoop.ozone.container.common.volume.HddsVolume@17b37e9a
2019-09-27 09:30:07,248 [main] INFO  impl.RaftServerProxy (ConfUtils.java:logGet(43)) - raft.rpc.type = GRPC (default)
2019-09-27 09:30:07,248 [main] INFO  grpc.GrpcFactory (GrpcFactory.java:checkPooledByteBufAllocatorUseCacheForAllThreads(45)) - PERFORMANCE WARNING: useCacheForAllThreads is true that may cause Netty to create a lot garbage objects and, as a result, trigger GC.
	It is recommended to disable useCacheForAllThreads by setting -Dorg.apache.ratis.thirdparty.io.netty.allocator.useCacheForAllThreads=false in command line.
2019-09-27 09:30:07,249 [main] INFO  grpc.GrpcConfigKeys$Server (ConfUtils.java:logGet(43)) - raft.grpc.server.port = 0 (default)
2019-09-27 09:30:07,249 [main] INFO  server.GrpcService (ConfUtils.java:logGet(43)) - raft.grpc.message.size.max = 33570816 (custom)
2019-09-27 09:30:07,249 [main] INFO  server.RaftServerConfigKeys (ConfUtils.java:logGet(43)) - raft.server.log.appender.buffer.byte-limit = 33554432 (custom)
2019-09-27 09:30:07,249 [main] INFO  server.GrpcService (ConfUtils.java:logGet(43)) - raft.grpc.flow.control.window = 1MB (=1048576) (default)
2019-09-27 09:30:07,250 [main] INFO  server.RaftServerConfigKeys (ConfUtils.java:logGet(43)) - raft.server.rpc.request.timeout = 3000ms (default)
2019-09-27 09:30:07,250 [main] INFO  server.RaftServerConfigKeys (ConfUtils.java:logGet(43)) - raft.server.storage.dir = [/workdir/hadoop-ozone/integration-test/target/test-dir/MiniOzoneClusterImpl-834b5182-62dc-4ca6-be4e-bc0179c6ec08/datanode-2/data/ratis] (custom)
2019-09-27 09:30:07,252 [main] INFO  hdfs.DFSUtil (DFSUtil.java:httpServerTemplateForNNAndJN(1641)) - Starting Web-server for hddsDatanode at: http://0.0.0.0:0
2019-09-27 09:30:07,253 [main] INFO  server.AuthenticationFilter (AuthenticationFilter.java:constructSecretProvider(240)) - Unable to initialize FileSignerSecretProvider, falling back to use random secrets.
2019-09-27 09:30:07,253 [main] WARN  http.HttpRequestLog (HttpRequestLog.java:getRequestLog(97)) - Jetty request log can only be enabled using Log4j
2019-09-27 09:30:07,255 [main] INFO  http.HttpServer2 (HttpServer2.java:addGlobalFilter(975)) - Added global filter 'safety' (class=org.apache.hadoop.http.HttpServer2$QuotingInputFilter)
2019-09-27 09:30:07,256 [main] INFO  http.HttpServer2 (HttpServer2.java:addFilter(948)) - Added filter static_user_filter (class=org.apache.hadoop.http.lib.StaticUserWebFilter$StaticUserFilter) to context hddsDatanode
2019-09-27 09:30:07,256 [main] INFO  http.HttpServer2 (HttpServer2.java:addFilter(958)) - Added filter static_user_filter (class=org.apache.hadoop.http.lib.StaticUserWebFilter$StaticUserFilter) to context logs
2019-09-27 09:30:07,256 [main] INFO  http.HttpServer2 (HttpServer2.java:addFilter(958)) - Added filter static_user_filter (class=org.apache.hadoop.http.lib.StaticUserWebFilter$StaticUserFilter) to context static
2019-09-27 09:30:07,257 [main] INFO  http.HttpServer2 (HttpServer2.java:bindListener(1191)) - Jetty bound to port 36191
2019-09-27 09:30:07,257 [main] INFO  server.Server (Server.java:doStart(351)) - jetty-9.3.25.v20180904, build timestamp: 2018-09-04T21:11:46Z, git hash: 3ce520221d0240229c862b122d2b06c12a625732
2019-09-27 09:30:07,259 [main] INFO  handler.ContextHandler (ContextHandler.java:doStart(781)) - Started o.e.j.s.ServletContextHandler@3ba3d4b6{/logs,file:///workdir/hadoop-ozone/integration-test/target/log,AVAILABLE}
2019-09-27 09:30:07,259 [main] INFO  handler.ContextHandler (ContextHandler.java:doStart(781)) - Started o.e.j.s.ServletContextHandler@441fbe89{/static,jar:file:/home/user/.m2/repository/org/apache/hadoop/hadoop-hdds-container-service/0.5.0-SNAPSHOT/hadoop-hdds-container-service-0.5.0-SNAPSHOT.jar!/webapps/static,AVAILABLE}
2019-09-27 09:30:07,294 [main] INFO  handler.ContextHandler (ContextHandler.java:doStart(781)) - Started o.e.j.w.WebAppContext@6968bcec{/,file:///tmp/jetty-0.0.0.0-36191-hddsDatanode-_-any-7330880786617480917.dir/webapp/,AVAILABLE}{/hddsDatanode}
2019-09-27 09:30:07,295 [main] INFO  server.AbstractConnector (AbstractConnector.java:doStart(278)) - Started ServerConnector@5568c66f{HTTP/1.1,[http/1.1]}{0.0.0.0:36191}
2019-09-27 09:30:07,297 [main] INFO  server.Server (Server.java:doStart(419)) - Started @40373ms
2019-09-27 09:30:07,297 [main] WARN  impl.MetricsSystemImpl (MetricsSystemImpl.java:register(276)) - Sink prometheus already exists!
2019-09-27 09:30:07,298 [main] INFO  server.BaseHttpServer (BaseHttpServer.java:updateConnectorAddress(215)) - HTTP server of HDDSDATANODE is listening at http://0.0.0.0:36191
2019-09-27 09:30:07,299 [main] INFO  impl.MetricsSystemImpl (MetricsSystemImpl.java:init(158)) - HddsDatanode metrics system started (again)
2019-09-27 09:30:07,302 [org.apache.hadoop.util.JvmPauseMonitor$Monitor@51092bff] INFO  util.JvmPauseMonitor (JvmPauseMonitor.java:run(188)) - Starting JVM pause monitor
2019-09-27 09:30:07,302 [main] INFO  ozone.HddsDatanodeService (HddsDatanodeService.java:start(184)) - HddsDatanodeService host:pr-hdds2073-kmjxf-3010904630 ip:192.168.5.136
2019-09-27 09:30:07,303 [Datanode State Machine Thread - 0] INFO  datanode.InitDatanodeState (InitDatanodeState.java:persistContainerDatanodeDetails(140)) - DatanodeDetails is persisted to /workdir/hadoop-ozone/integration-test/target/test-dir/MiniOzoneClusterImpl-834b5182-62dc-4ca6-be4e-bc0179c6ec08/datanode-2/meta/datanode.id
2019-09-27 09:30:07,307 [main] INFO  volume.HddsVolume (HddsVolume.java:<init>(176)) - Creating Volume: /workdir/hadoop-ozone/integration-test/target/test-dir/MiniOzoneClusterImpl-834b5182-62dc-4ca6-be4e-bc0179c6ec08/datanode-3/data/containers/hdds of  storage type : DISK and capacity : 1482555576320
2019-09-27 09:30:07,308 [main] INFO  volume.VolumeSet (VolumeSet.java:initializeVolumeSet(170)) - Added Volume : /workdir/hadoop-ozone/integration-test/target/test-dir/MiniOzoneClusterImpl-834b5182-62dc-4ca6-be4e-bc0179c6ec08/datanode-3/data/containers/hdds to VolumeSet
2019-09-27 09:30:07,308 [main] INFO  volume.ThrottledAsyncChecker (ThrottledAsyncChecker.java:schedule(139)) - Scheduling a check for org.apache.hadoop.ozone.container.common.volume.HddsVolume@1a256d80
2019-09-27 09:30:07,308 [main] INFO  volume.HddsVolumeChecker (HddsVolumeChecker.java:checkAllVolumes(202)) - Scheduled health check for volume org.apache.hadoop.ozone.container.common.volume.HddsVolume@1a256d80
2019-09-27 09:30:07,324 [main] INFO  impl.RaftServerProxy (ConfUtils.java:logGet(43)) - raft.rpc.type = GRPC (default)
2019-09-27 09:30:07,325 [main] INFO  grpc.GrpcFactory (GrpcFactory.java:checkPooledByteBufAllocatorUseCacheForAllThreads(45)) - PERFORMANCE WARNING: useCacheForAllThreads is true that may cause Netty to create a lot garbage objects and, as a result, trigger GC.
	It is recommended to disable useCacheForAllThreads by setting -Dorg.apache.ratis.thirdparty.io.netty.allocator.useCacheForAllThreads=false in command line.
2019-09-27 09:30:07,325 [main] INFO  grpc.GrpcConfigKeys$Server (ConfUtils.java:logGet(43)) - raft.grpc.server.port = 0 (default)
2019-09-27 09:30:07,325 [main] INFO  server.GrpcService (ConfUtils.java:logGet(43)) - raft.grpc.message.size.max = 33570816 (custom)
2019-09-27 09:30:07,326 [main] INFO  server.RaftServerConfigKeys (ConfUtils.java:logGet(43)) - raft.server.log.appender.buffer.byte-limit = 33554432 (custom)
2019-09-27 09:30:07,326 [main] INFO  server.GrpcService (ConfUtils.java:logGet(43)) - raft.grpc.flow.control.window = 1MB (=1048576) (default)
2019-09-27 09:30:07,326 [main] INFO  server.RaftServerConfigKeys (ConfUtils.java:logGet(43)) - raft.server.rpc.request.timeout = 3000ms (default)
2019-09-27 09:30:07,327 [main] INFO  server.RaftServerConfigKeys (ConfUtils.java:logGet(43)) - raft.server.storage.dir = [/workdir/hadoop-ozone/integration-test/target/test-dir/MiniOzoneClusterImpl-834b5182-62dc-4ca6-be4e-bc0179c6ec08/datanode-3/data/ratis] (custom)
2019-09-27 09:30:07,329 [main] INFO  hdfs.DFSUtil (DFSUtil.java:httpServerTemplateForNNAndJN(1641)) - Starting Web-server for hddsDatanode at: http://0.0.0.0:0
2019-09-27 09:30:07,331 [main] INFO  server.AuthenticationFilter (AuthenticationFilter.java:constructSecretProvider(240)) - Unable to initialize FileSignerSecretProvider, falling back to use random secrets.
2019-09-27 09:30:07,331 [main] WARN  http.HttpRequestLog (HttpRequestLog.java:getRequestLog(97)) - Jetty request log can only be enabled using Log4j
2019-09-27 09:30:07,333 [main] INFO  http.HttpServer2 (HttpServer2.java:addGlobalFilter(975)) - Added global filter 'safety' (class=org.apache.hadoop.http.HttpServer2$QuotingInputFilter)
2019-09-27 09:30:07,334 [main] INFO  http.HttpServer2 (HttpServer2.java:addFilter(948)) - Added filter static_user_filter (class=org.apache.hadoop.http.lib.StaticUserWebFilter$StaticUserFilter) to context hddsDatanode
2019-09-27 09:30:07,334 [main] INFO  http.HttpServer2 (HttpServer2.java:addFilter(958)) - Added filter static_user_filter (class=org.apache.hadoop.http.lib.StaticUserWebFilter$StaticUserFilter) to context static
2019-09-27 09:30:07,334 [main] INFO  http.HttpServer2 (HttpServer2.java:addFilter(958)) - Added filter static_user_filter (class=org.apache.hadoop.http.lib.StaticUserWebFilter$StaticUserFilter) to context logs
2019-09-27 09:30:07,335 [main] INFO  http.HttpServer2 (HttpServer2.java:bindListener(1191)) - Jetty bound to port 39567
2019-09-27 09:30:07,335 [main] INFO  server.Server (Server.java:doStart(351)) - jetty-9.3.25.v20180904, build timestamp: 2018-09-04T21:11:46Z, git hash: 3ce520221d0240229c862b122d2b06c12a625732
2019-09-27 09:30:07,337 [main] INFO  handler.ContextHandler (ContextHandler.java:doStart(781)) - Started o.e.j.s.ServletContextHandler@152c4495{/logs,file:///workdir/hadoop-ozone/integration-test/target/log,AVAILABLE}
2019-09-27 09:30:07,337 [main] INFO  handler.ContextHandler (ContextHandler.java:doStart(781)) - Started o.e.j.s.ServletContextHandler@7dcb42a9{/static,jar:file:/home/user/.m2/repository/org/apache/hadoop/hadoop-hdds-container-service/0.5.0-SNAPSHOT/hadoop-hdds-container-service-0.5.0-SNAPSHOT.jar!/webapps/static,AVAILABLE}
2019-09-27 09:30:07,365 [main] INFO  handler.ContextHandler (ContextHandler.java:doStart(781)) - Started o.e.j.w.WebAppContext@4debbf0{/,file:///tmp/jetty-0.0.0.0-39567-hddsDatanode-_-any-8050575447898891827.dir/webapp/,AVAILABLE}{/hddsDatanode}
2019-09-27 09:30:07,366 [main] INFO  server.AbstractConnector (AbstractConnector.java:doStart(278)) - Started ServerConnector@6a5e167a{HTTP/1.1,[http/1.1]}{0.0.0.0:39567}
2019-09-27 09:30:07,368 [main] INFO  server.Server (Server.java:doStart(419)) - Started @40444ms
2019-09-27 09:30:07,368 [main] WARN  impl.MetricsSystemImpl (MetricsSystemImpl.java:register(276)) - Sink prometheus already exists!
2019-09-27 09:30:07,369 [main] INFO  server.BaseHttpServer (BaseHttpServer.java:updateConnectorAddress(215)) - HTTP server of HDDSDATANODE is listening at http://0.0.0.0:39567
2019-09-27 09:30:07,369 [main] INFO  impl.MetricsSystemImpl (MetricsSystemImpl.java:init(158)) - HddsDatanode metrics system started (again)
2019-09-27 09:30:07,373 [org.apache.hadoop.util.JvmPauseMonitor$Monitor@5fd7cf44] INFO  util.JvmPauseMonitor (JvmPauseMonitor.java:run(188)) - Starting JVM pause monitor
2019-09-27 09:30:07,374 [main] INFO  ozone.HddsDatanodeService (HddsDatanodeService.java:start(184)) - HddsDatanodeService host:pr-hdds2073-kmjxf-3010904630 ip:192.168.5.136
2019-09-27 09:30:07,374 [Datanode State Machine Thread - 0] INFO  datanode.InitDatanodeState (InitDatanodeState.java:persistContainerDatanodeDetails(140)) - DatanodeDetails is persisted to /workdir/hadoop-ozone/integration-test/target/test-dir/MiniOzoneClusterImpl-834b5182-62dc-4ca6-be4e-bc0179c6ec08/datanode-3/meta/datanode.id
2019-09-27 09:30:07,381 [main] INFO  volume.HddsVolume (HddsVolume.java:<init>(176)) - Creating Volume: /workdir/hadoop-ozone/integration-test/target/test-dir/MiniOzoneClusterImpl-834b5182-62dc-4ca6-be4e-bc0179c6ec08/datanode-4/data/containers/hdds of  storage type : DISK and capacity : 1482555576320
2019-09-27 09:30:07,381 [main] INFO  volume.VolumeSet (VolumeSet.java:initializeVolumeSet(170)) - Added Volume : /workdir/hadoop-ozone/integration-test/target/test-dir/MiniOzoneClusterImpl-834b5182-62dc-4ca6-be4e-bc0179c6ec08/datanode-4/data/containers/hdds to VolumeSet
2019-09-27 09:30:07,381 [main] INFO  volume.ThrottledAsyncChecker (ThrottledAsyncChecker.java:schedule(139)) - Scheduling a check for org.apache.hadoop.ozone.container.common.volume.HddsVolume@2e13f304
2019-09-27 09:30:07,383 [main] INFO  volume.HddsVolumeChecker (HddsVolumeChecker.java:checkAllVolumes(202)) - Scheduled health check for volume org.apache.hadoop.ozone.container.common.volume.HddsVolume@2e13f304
2019-09-27 09:30:07,407 [main] INFO  impl.RaftServerProxy (ConfUtils.java:logGet(43)) - raft.rpc.type = GRPC (default)
2019-09-27 09:30:07,407 [main] INFO  grpc.GrpcFactory (GrpcFactory.java:checkPooledByteBufAllocatorUseCacheForAllThreads(45)) - PERFORMANCE WARNING: useCacheForAllThreads is true that may cause Netty to create a lot garbage objects and, as a result, trigger GC.
	It is recommended to disable useCacheForAllThreads by setting -Dorg.apache.ratis.thirdparty.io.netty.allocator.useCacheForAllThreads=false in command line.
2019-09-27 09:30:07,407 [main] INFO  grpc.GrpcConfigKeys$Server (ConfUtils.java:logGet(43)) - raft.grpc.server.port = 0 (default)
2019-09-27 09:30:07,408 [main] INFO  server.GrpcService (ConfUtils.java:logGet(43)) - raft.grpc.message.size.max = 33570816 (custom)
2019-09-27 09:30:07,408 [main] INFO  server.RaftServerConfigKeys (ConfUtils.java:logGet(43)) - raft.server.log.appender.buffer.byte-limit = 33554432 (custom)
2019-09-27 09:30:07,408 [main] INFO  server.GrpcService (ConfUtils.java:logGet(43)) - raft.grpc.flow.control.window = 1MB (=1048576) (default)
2019-09-27 09:30:07,409 [main] INFO  server.RaftServerConfigKeys (ConfUtils.java:logGet(43)) - raft.server.rpc.request.timeout = 3000ms (default)
2019-09-27 09:30:07,409 [main] INFO  server.RaftServerConfigKeys (ConfUtils.java:logGet(43)) - raft.server.storage.dir = [/workdir/hadoop-ozone/integration-test/target/test-dir/MiniOzoneClusterImpl-834b5182-62dc-4ca6-be4e-bc0179c6ec08/datanode-4/data/ratis] (custom)
2019-09-27 09:30:07,412 [main] INFO  hdfs.DFSUtil (DFSUtil.java:httpServerTemplateForNNAndJN(1641)) - Starting Web-server for hddsDatanode at: http://0.0.0.0:0
2019-09-27 09:30:07,414 [main] INFO  server.AuthenticationFilter (AuthenticationFilter.java:constructSecretProvider(240)) - Unable to initialize FileSignerSecretProvider, falling back to use random secrets.
2019-09-27 09:30:07,414 [main] WARN  http.HttpRequestLog (HttpRequestLog.java:getRequestLog(97)) - Jetty request log can only be enabled using Log4j
2019-09-27 09:30:07,416 [main] INFO  http.HttpServer2 (HttpServer2.java:addGlobalFilter(975)) - Added global filter 'safety' (class=org.apache.hadoop.http.HttpServer2$QuotingInputFilter)
2019-09-27 09:30:07,416 [main] INFO  http.HttpServer2 (HttpServer2.java:addFilter(948)) - Added filter static_user_filter (class=org.apache.hadoop.http.lib.StaticUserWebFilter$StaticUserFilter) to context hddsDatanode
2019-09-27 09:30:07,416 [main] INFO  http.HttpServer2 (HttpServer2.java:addFilter(958)) - Added filter static_user_filter (class=org.apache.hadoop.http.lib.StaticUserWebFilter$StaticUserFilter) to context static
2019-09-27 09:30:07,417 [main] INFO  http.HttpServer2 (HttpServer2.java:addFilter(958)) - Added filter static_user_filter (class=org.apache.hadoop.http.lib.StaticUserWebFilter$StaticUserFilter) to context logs
2019-09-27 09:30:07,417 [main] INFO  http.HttpServer2 (HttpServer2.java:bindListener(1191)) - Jetty bound to port 39302
2019-09-27 09:30:07,417 [main] INFO  server.Server (Server.java:doStart(351)) - jetty-9.3.25.v20180904, build timestamp: 2018-09-04T21:11:46Z, git hash: 3ce520221d0240229c862b122d2b06c12a625732
2019-09-27 09:30:07,419 [main] INFO  handler.ContextHandler (ContextHandler.java:doStart(781)) - Started o.e.j.s.ServletContextHandler@7980cf2c{/logs,file:///workdir/hadoop-ozone/integration-test/target/log,AVAILABLE}
2019-09-27 09:30:07,419 [main] INFO  handler.ContextHandler (ContextHandler.java:doStart(781)) - Started o.e.j.s.ServletContextHandler@759de304{/static,jar:file:/home/user/.m2/repository/org/apache/hadoop/hadoop-hdds-container-service/0.5.0-SNAPSHOT/hadoop-hdds-container-service-0.5.0-SNAPSHOT.jar!/webapps/static,AVAILABLE}
2019-09-27 09:30:07,447 [main] INFO  handler.ContextHandler (ContextHandler.java:doStart(781)) - Started o.e.j.w.WebAppContext@2e463f4{/,file:///tmp/jetty-0.0.0.0-39302-hddsDatanode-_-any-6459474091352076081.dir/webapp/,AVAILABLE}{/hddsDatanode}
2019-09-27 09:30:07,447 [main] INFO  server.AbstractConnector (AbstractConnector.java:doStart(278)) - Started ServerConnector@32ec9c90{HTTP/1.1,[http/1.1]}{0.0.0.0:39302}
2019-09-27 09:30:07,449 [main] INFO  server.Server (Server.java:doStart(419)) - Started @40525ms
2019-09-27 09:30:07,449 [main] WARN  impl.MetricsSystemImpl (MetricsSystemImpl.java:register(276)) - Sink prometheus already exists!
2019-09-27 09:30:07,449 [main] INFO  server.BaseHttpServer (BaseHttpServer.java:updateConnectorAddress(215)) - HTTP server of HDDSDATANODE is listening at http://0.0.0.0:39302
2019-09-27 09:30:07,450 [main] INFO  impl.MetricsSystemImpl (MetricsSystemImpl.java:init(158)) - HddsDatanode metrics system started (again)
2019-09-27 09:30:07,454 [org.apache.hadoop.util.JvmPauseMonitor$Monitor@4094d9d3] INFO  util.JvmPauseMonitor (JvmPauseMonitor.java:run(188)) - Starting JVM pause monitor
2019-09-27 09:30:07,454 [main] INFO  ozone.HddsDatanodeService (HddsDatanodeService.java:start(184)) - HddsDatanodeService host:pr-hdds2073-kmjxf-3010904630 ip:192.168.5.136
2019-09-27 09:30:07,456 [Datanode State Machine Thread - 0] INFO  datanode.InitDatanodeState (InitDatanodeState.java:persistContainerDatanodeDetails(140)) - DatanodeDetails is persisted to /workdir/hadoop-ozone/integration-test/target/test-dir/MiniOzoneClusterImpl-834b5182-62dc-4ca6-be4e-bc0179c6ec08/datanode-4/meta/datanode.id
2019-09-27 09:30:07,460 [main] INFO  volume.HddsVolume (HddsVolume.java:<init>(176)) - Creating Volume: /workdir/hadoop-ozone/integration-test/target/test-dir/MiniOzoneClusterImpl-834b5182-62dc-4ca6-be4e-bc0179c6ec08/datanode-5/data/containers/hdds of  storage type : DISK and capacity : 1482555576320
2019-09-27 09:30:07,460 [main] INFO  volume.VolumeSet (VolumeSet.java:initializeVolumeSet(170)) - Added Volume : /workdir/hadoop-ozone/integration-test/target/test-dir/MiniOzoneClusterImpl-834b5182-62dc-4ca6-be4e-bc0179c6ec08/datanode-5/data/containers/hdds to VolumeSet
2019-09-27 09:30:07,460 [main] INFO  volume.ThrottledAsyncChecker (ThrottledAsyncChecker.java:schedule(139)) - Scheduling a check for org.apache.hadoop.ozone.container.common.volume.HddsVolume@713ec32d
2019-09-27 09:30:07,461 [main] INFO  volume.HddsVolumeChecker (HddsVolumeChecker.java:checkAllVolumes(202)) - Scheduled health check for volume org.apache.hadoop.ozone.container.common.volume.HddsVolume@713ec32d
2019-09-27 09:30:07,476 [main] INFO  impl.RaftServerProxy (ConfUtils.java:logGet(43)) - raft.rpc.type = GRPC (default)
2019-09-27 09:30:07,477 [main] INFO  grpc.GrpcFactory (GrpcFactory.java:checkPooledByteBufAllocatorUseCacheForAllThreads(45)) - PERFORMANCE WARNING: useCacheForAllThreads is true that may cause Netty to create a lot garbage objects and, as a result, trigger GC.
	It is recommended to disable useCacheForAllThreads by setting -Dorg.apache.ratis.thirdparty.io.netty.allocator.useCacheForAllThreads=false in command line.
2019-09-27 09:30:07,477 [main] INFO  grpc.GrpcConfigKeys$Server (ConfUtils.java:logGet(43)) - raft.grpc.server.port = 0 (default)
2019-09-27 09:30:07,477 [main] INFO  server.GrpcService (ConfUtils.java:logGet(43)) - raft.grpc.message.size.max = 33570816 (custom)
2019-09-27 09:30:07,477 [main] INFO  server.RaftServerConfigKeys (ConfUtils.java:logGet(43)) - raft.server.log.appender.buffer.byte-limit = 33554432 (custom)
2019-09-27 09:30:07,478 [main] INFO  server.GrpcService (ConfUtils.java:logGet(43)) - raft.grpc.flow.control.window = 1MB (=1048576) (default)
2019-09-27 09:30:07,478 [main] INFO  server.RaftServerConfigKeys (ConfUtils.java:logGet(43)) - raft.server.rpc.request.timeout = 3000ms (default)
2019-09-27 09:30:07,478 [main] INFO  server.RaftServerConfigKeys (ConfUtils.java:logGet(43)) - raft.server.storage.dir = [/workdir/hadoop-ozone/integration-test/target/test-dir/MiniOzoneClusterImpl-834b5182-62dc-4ca6-be4e-bc0179c6ec08/datanode-5/data/ratis] (custom)
2019-09-27 09:30:07,480 [main] INFO  hdfs.DFSUtil (DFSUtil.java:httpServerTemplateForNNAndJN(1641)) - Starting Web-server for hddsDatanode at: http://0.0.0.0:0
2019-09-27 09:30:07,481 [main] INFO  server.AuthenticationFilter (AuthenticationFilter.java:constructSecretProvider(240)) - Unable to initialize FileSignerSecretProvider, falling back to use random secrets.
2019-09-27 09:30:07,482 [main] WARN  http.HttpRequestLog (HttpRequestLog.java:getRequestLog(97)) - Jetty request log can only be enabled using Log4j
2019-09-27 09:30:07,483 [main] INFO  http.HttpServer2 (HttpServer2.java:addGlobalFilter(975)) - Added global filter 'safety' (class=org.apache.hadoop.http.HttpServer2$QuotingInputFilter)
2019-09-27 09:30:07,484 [main] INFO  http.HttpServer2 (HttpServer2.java:addFilter(948)) - Added filter static_user_filter (class=org.apache.hadoop.http.lib.StaticUserWebFilter$StaticUserFilter) to context hddsDatanode
2019-09-27 09:30:07,484 [main] INFO  http.HttpServer2 (HttpServer2.java:addFilter(958)) - Added filter static_user_filter (class=org.apache.hadoop.http.lib.StaticUserWebFilter$StaticUserFilter) to context logs
2019-09-27 09:30:07,484 [main] INFO  http.HttpServer2 (HttpServer2.java:addFilter(958)) - Added filter static_user_filter (class=org.apache.hadoop.http.lib.StaticUserWebFilter$StaticUserFilter) to context static
2019-09-27 09:30:07,485 [main] INFO  http.HttpServer2 (HttpServer2.java:bindListener(1191)) - Jetty bound to port 37173
2019-09-27 09:30:07,485 [main] INFO  server.Server (Server.java:doStart(351)) - jetty-9.3.25.v20180904, build timestamp: 2018-09-04T21:11:46Z, git hash: 3ce520221d0240229c862b122d2b06c12a625732
2019-09-27 09:30:07,487 [main] INFO  handler.ContextHandler (ContextHandler.java:doStart(781)) - Started o.e.j.s.ServletContextHandler@f8a6243{/logs,file:///workdir/hadoop-ozone/integration-test/target/log,AVAILABLE}
2019-09-27 09:30:07,487 [main] INFO  handler.ContextHandler (ContextHandler.java:doStart(781)) - Started o.e.j.s.ServletContextHandler@1727e03a{/static,jar:file:/home/user/.m2/repository/org/apache/hadoop/hadoop-hdds-container-service/0.5.0-SNAPSHOT/hadoop-hdds-container-service-0.5.0-SNAPSHOT.jar!/webapps/static,AVAILABLE}
2019-09-27 09:30:07,516 [main] INFO  handler.ContextHandler (ContextHandler.java:doStart(781)) - Started o.e.j.w.WebAppContext@3a17b2e3{/,file:///tmp/jetty-0.0.0.0-37173-hddsDatanode-_-any-1437282693759756927.dir/webapp/,AVAILABLE}{/hddsDatanode}
2019-09-27 09:30:07,517 [main] INFO  server.AbstractConnector (AbstractConnector.java:doStart(278)) - Started ServerConnector@5e13f156{HTTP/1.1,[http/1.1]}{0.0.0.0:37173}
2019-09-27 09:30:07,518 [main] INFO  server.Server (Server.java:doStart(419)) - Started @40594ms
2019-09-27 09:30:07,519 [main] WARN  impl.MetricsSystemImpl (MetricsSystemImpl.java:register(276)) - Sink prometheus already exists!
2019-09-27 09:30:07,520 [main] INFO  server.BaseHttpServer (BaseHttpServer.java:updateConnectorAddress(215)) - HTTP server of HDDSDATANODE is listening at http://0.0.0.0:37173
2019-09-27 09:30:07,520 [main] INFO  impl.MetricsSystemImpl (MetricsSystemImpl.java:init(158)) - HddsDatanode metrics system started (again)
2019-09-27 09:30:07,523 [org.apache.hadoop.util.JvmPauseMonitor$Monitor@64b724dd] INFO  util.JvmPauseMonitor (JvmPauseMonitor.java:run(188)) - Starting JVM pause monitor
2019-09-27 09:30:07,526 [main] INFO  ozone.HddsDatanodeService (HddsDatanodeService.java:start(184)) - HddsDatanodeService host:pr-hdds2073-kmjxf-3010904630 ip:192.168.5.136
2019-09-27 09:30:07,527 [Datanode State Machine Thread - 0] INFO  datanode.InitDatanodeState (InitDatanodeState.java:persistContainerDatanodeDetails(140)) - DatanodeDetails is persisted to /workdir/hadoop-ozone/integration-test/target/test-dir/MiniOzoneClusterImpl-834b5182-62dc-4ca6-be4e-bc0179c6ec08/datanode-5/meta/datanode.id
2019-09-27 09:30:07,533 [main] INFO  volume.HddsVolume (HddsVolume.java:<init>(176)) - Creating Volume: /workdir/hadoop-ozone/integration-test/target/test-dir/MiniOzoneClusterImpl-834b5182-62dc-4ca6-be4e-bc0179c6ec08/datanode-6/data/containers/hdds of  storage type : DISK and capacity : 1482555576320
2019-09-27 09:30:07,533 [main] INFO  volume.VolumeSet (VolumeSet.java:initializeVolumeSet(170)) - Added Volume : /workdir/hadoop-ozone/integration-test/target/test-dir/MiniOzoneClusterImpl-834b5182-62dc-4ca6-be4e-bc0179c6ec08/datanode-6/data/containers/hdds to VolumeSet
2019-09-27 09:30:07,534 [main] INFO  volume.ThrottledAsyncChecker (ThrottledAsyncChecker.java:schedule(139)) - Scheduling a check for org.apache.hadoop.ozone.container.common.volume.HddsVolume@59939293
2019-09-27 09:30:07,534 [main] INFO  volume.HddsVolumeChecker (HddsVolumeChecker.java:checkAllVolumes(202)) - Scheduled health check for volume org.apache.hadoop.ozone.container.common.volume.HddsVolume@59939293
2019-09-27 09:30:07,559 [main] INFO  impl.RaftServerProxy (ConfUtils.java:logGet(43)) - raft.rpc.type = GRPC (default)
2019-09-27 09:30:07,559 [main] INFO  grpc.GrpcFactory (GrpcFactory.java:checkPooledByteBufAllocatorUseCacheForAllThreads(45)) - PERFORMANCE WARNING: useCacheForAllThreads is true that may cause Netty to create a lot garbage objects and, as a result, trigger GC.
	It is recommended to disable useCacheForAllThreads by setting -Dorg.apache.ratis.thirdparty.io.netty.allocator.useCacheForAllThreads=false in command line.
2019-09-27 09:30:07,559 [main] INFO  grpc.GrpcConfigKeys$Server (ConfUtils.java:logGet(43)) - raft.grpc.server.port = 0 (default)
2019-09-27 09:30:07,560 [main] INFO  server.GrpcService (ConfUtils.java:logGet(43)) - raft.grpc.message.size.max = 33570816 (custom)
2019-09-27 09:30:07,560 [main] INFO  server.RaftServerConfigKeys (ConfUtils.java:logGet(43)) - raft.server.log.appender.buffer.byte-limit = 33554432 (custom)
2019-09-27 09:30:07,560 [main] INFO  server.GrpcService (ConfUtils.java:logGet(43)) - raft.grpc.flow.control.window = 1MB (=1048576) (default)
2019-09-27 09:30:07,561 [main] INFO  server.RaftServerConfigKeys (ConfUtils.java:logGet(43)) - raft.server.rpc.request.timeout = 3000ms (default)
2019-09-27 09:30:07,561 [main] INFO  server.RaftServerConfigKeys (ConfUtils.java:logGet(43)) - raft.server.storage.dir = [/workdir/hadoop-ozone/integration-test/target/test-dir/MiniOzoneClusterImpl-834b5182-62dc-4ca6-be4e-bc0179c6ec08/datanode-6/data/ratis] (custom)
2019-09-27 09:30:07,563 [main] INFO  hdfs.DFSUtil (DFSUtil.java:httpServerTemplateForNNAndJN(1641)) - Starting Web-server for hddsDatanode at: http://0.0.0.0:0
2019-09-27 09:30:07,565 [main] INFO  server.AuthenticationFilter (AuthenticationFilter.java:constructSecretProvider(240)) - Unable to initialize FileSignerSecretProvider, falling back to use random secrets.
2019-09-27 09:30:07,566 [main] WARN  http.HttpRequestLog (HttpRequestLog.java:getRequestLog(97)) - Jetty request log can only be enabled using Log4j
2019-09-27 09:30:07,568 [main] INFO  http.HttpServer2 (HttpServer2.java:addGlobalFilter(975)) - Added global filter 'safety' (class=org.apache.hadoop.http.HttpServer2$QuotingInputFilter)
2019-09-27 09:30:07,569 [main] INFO  http.HttpServer2 (HttpServer2.java:addFilter(948)) - Added filter static_user_filter (class=org.apache.hadoop.http.lib.StaticUserWebFilter$StaticUserFilter) to context hddsDatanode
2019-09-27 09:30:07,569 [main] INFO  http.HttpServer2 (HttpServer2.java:addFilter(958)) - Added filter static_user_filter (class=org.apache.hadoop.http.lib.StaticUserWebFilter$StaticUserFilter) to context logs
2019-09-27 09:30:07,569 [main] INFO  http.HttpServer2 (HttpServer2.java:addFilter(958)) - Added filter static_user_filter (class=org.apache.hadoop.http.lib.StaticUserWebFilter$StaticUserFilter) to context static
2019-09-27 09:30:07,570 [main] INFO  http.HttpServer2 (HttpServer2.java:bindListener(1191)) - Jetty bound to port 39459
2019-09-27 09:30:07,571 [main] INFO  server.Server (Server.java:doStart(351)) - jetty-9.3.25.v20180904, build timestamp: 2018-09-04T21:11:46Z, git hash: 3ce520221d0240229c862b122d2b06c12a625732
2019-09-27 09:30:07,572 [main] INFO  handler.ContextHandler (ContextHandler.java:doStart(781)) - Started o.e.j.s.ServletContextHandler@de81be1{/logs,file:///workdir/hadoop-ozone/integration-test/target/log,AVAILABLE}
2019-09-27 09:30:07,573 [main] INFO  handler.ContextHandler (ContextHandler.java:doStart(781)) - Started o.e.j.s.ServletContextHandler@4519f676{/static,jar:file:/home/user/.m2/repository/org/apache/hadoop/hadoop-hdds-container-service/0.5.0-SNAPSHOT/hadoop-hdds-container-service-0.5.0-SNAPSHOT.jar!/webapps/static,AVAILABLE}
2019-09-27 09:30:07,609 [main] INFO  handler.ContextHandler (ContextHandler.java:doStart(781)) - Started o.e.j.w.WebAppContext@79f90a3a{/,file:///tmp/jetty-0.0.0.0-39459-hddsDatanode-_-any-6111104842513064132.dir/webapp/,AVAILABLE}{/hddsDatanode}
2019-09-27 09:30:07,609 [main] INFO  server.AbstractConnector (AbstractConnector.java:doStart(278)) - Started ServerConnector@22bdb1d0{HTTP/1.1,[http/1.1]}{0.0.0.0:39459}
2019-09-27 09:30:07,610 [main] INFO  server.Server (Server.java:doStart(419)) - Started @40686ms
2019-09-27 09:30:07,611 [main] WARN  impl.MetricsSystemImpl (MetricsSystemImpl.java:register(276)) - Sink prometheus already exists!
2019-09-27 09:30:07,612 [main] INFO  server.BaseHttpServer (BaseHttpServer.java:updateConnectorAddress(215)) - HTTP server of HDDSDATANODE is listening at http://0.0.0.0:39459
2019-09-27 09:30:07,612 [main] INFO  ozone.MiniOzoneClusterImpl (MiniOzoneClusterImpl.java:lambda$waitForClusterToBeReady$0(147)) - Waiting for cluster to be ready. Got 0 of 7 DN Heartbeats.
2019-09-27 09:30:07,615 [org.apache.hadoop.util.JvmPauseMonitor$Monitor@639b75e8] INFO  util.JvmPauseMonitor (JvmPauseMonitor.java:run(188)) - Starting JVM pause monitor
2019-09-27 09:30:07,616 [Datanode State Machine Thread - 0] INFO  datanode.InitDatanodeState (InitDatanodeState.java:persistContainerDatanodeDetails(140)) - DatanodeDetails is persisted to /workdir/hadoop-ozone/integration-test/target/test-dir/MiniOzoneClusterImpl-834b5182-62dc-4ca6-be4e-bc0179c6ec08/datanode-6/meta/datanode.id
2019-09-27 09:30:08,614 [main] INFO  ozone.MiniOzoneClusterImpl (MiniOzoneClusterImpl.java:lambda$waitForClusterToBeReady$0(147)) - Waiting for cluster to be ready. Got 0 of 7 DN Heartbeats.
2019-09-27 09:30:09,177 [Datanode State Machine Thread - 0] INFO  ozoneimpl.OzoneContainer (OzoneContainer.java:start(217)) - Attempting to start container services.
2019-09-27 09:30:09,181 [Datanode State Machine Thread - 0] INFO  ozoneimpl.OzoneContainer (OzoneContainer.java:startContainerScrub(179)) - Background container scanner has been disabled.
2019-09-27 09:30:09,182 [Datanode State Machine Thread - 0] INFO  ratis.XceiverServerRatis (XceiverServerRatis.java:start(411)) - Starting XceiverServerRatis 1d13da7d-5300-4519-bdfb-397000abefd3 at port 0
2019-09-27 09:30:09,189 [Datanode State Machine Thread - 0] INFO  impl.RaftServerProxy (RaftServerProxy.java:lambda$start$3(299)) - 1d13da7d-5300-4519-bdfb-397000abefd3: start RPC server
2019-09-27 09:30:09,192 [Datanode State Machine Thread - 0] INFO  server.GrpcService (GrpcService.java:startImpl(158)) - 1d13da7d-5300-4519-bdfb-397000abefd3: GrpcService started, listening on 0.0.0.0/0.0.0.0:33735
2019-09-27 09:30:09,192 [Datanode State Machine Thread - 0] INFO  ratis.XceiverServerRatis (XceiverServerRatis.java:start(421)) - XceiverServerRatis 1d13da7d-5300-4519-bdfb-397000abefd3 is started using port 33735
2019-09-27 09:30:09,193 [Datanode State Machine Thread - 0] INFO  server.XceiverServerGrpc (XceiverServerGrpc.java:start(149)) - XceiverServerGrpc 1d13da7d-5300-4519-bdfb-397000abefd3 is started using port 33272
2019-09-27 09:30:09,243 [Datanode State Machine Thread - 0] INFO  ozoneimpl.OzoneContainer (OzoneContainer.java:start(217)) - Attempting to start container services.
2019-09-27 09:30:09,246 [Datanode State Machine Thread - 0] INFO  ozoneimpl.OzoneContainer (OzoneContainer.java:startContainerScrub(179)) - Background container scanner has been disabled.
2019-09-27 09:30:09,246 [Datanode State Machine Thread - 0] INFO  ratis.XceiverServerRatis (XceiverServerRatis.java:start(411)) - Starting XceiverServerRatis e309d4fc-496e-46e3-8631-94f1ca76a4a4 at port 0
2019-09-27 09:30:09,253 [Datanode State Machine Thread - 0] INFO  impl.RaftServerProxy (RaftServerProxy.java:lambda$start$3(299)) - e309d4fc-496e-46e3-8631-94f1ca76a4a4: start RPC server
2019-09-27 09:30:09,255 [Datanode State Machine Thread - 0] INFO  server.GrpcService (GrpcService.java:startImpl(158)) - e309d4fc-496e-46e3-8631-94f1ca76a4a4: GrpcService started, listening on 0.0.0.0/0.0.0.0:38543
2019-09-27 09:30:09,255 [Datanode State Machine Thread - 0] INFO  ratis.XceiverServerRatis (XceiverServerRatis.java:start(421)) - XceiverServerRatis e309d4fc-496e-46e3-8631-94f1ca76a4a4 is started using port 38543
2019-09-27 09:30:09,255 [Datanode State Machine Thread - 0] INFO  server.XceiverServerGrpc (XceiverServerGrpc.java:start(149)) - XceiverServerGrpc e309d4fc-496e-46e3-8631-94f1ca76a4a4 is started using port 42121
2019-09-27 09:30:09,316 [Datanode State Machine Thread - 0] INFO  ozoneimpl.OzoneContainer (OzoneContainer.java:start(217)) - Attempting to start container services.
2019-09-27 09:30:09,325 [Datanode State Machine Thread - 0] INFO  ozoneimpl.OzoneContainer (OzoneContainer.java:startContainerScrub(179)) - Background container scanner has been disabled.
2019-09-27 09:30:09,325 [Datanode State Machine Thread - 0] INFO  ratis.XceiverServerRatis (XceiverServerRatis.java:start(411)) - Starting XceiverServerRatis d03084ef-c572-4bca-82a8-bf6b16c1c530 at port 0
2019-09-27 09:30:09,332 [Datanode State Machine Thread - 0] INFO  impl.RaftServerProxy (RaftServerProxy.java:lambda$start$3(299)) - d03084ef-c572-4bca-82a8-bf6b16c1c530: start RPC server
2019-09-27 09:30:09,338 [Datanode State Machine Thread - 0] INFO  server.GrpcService (GrpcService.java:startImpl(158)) - d03084ef-c572-4bca-82a8-bf6b16c1c530: GrpcService started, listening on 0.0.0.0/0.0.0.0:39303
2019-09-27 09:30:09,339 [Datanode State Machine Thread - 0] INFO  ratis.XceiverServerRatis (XceiverServerRatis.java:start(421)) - XceiverServerRatis d03084ef-c572-4bca-82a8-bf6b16c1c530 is started using port 39303
2019-09-27 09:30:09,344 [Datanode State Machine Thread - 0] INFO  server.XceiverServerGrpc (XceiverServerGrpc.java:start(149)) - XceiverServerGrpc d03084ef-c572-4bca-82a8-bf6b16c1c530 is started using port 42380
2019-09-27 09:30:09,389 [Datanode State Machine Thread - 0] INFO  ozoneimpl.OzoneContainer (OzoneContainer.java:start(217)) - Attempting to start container services.
2019-09-27 09:30:09,389 [Datanode State Machine Thread - 0] INFO  ozoneimpl.OzoneContainer (OzoneContainer.java:startContainerScrub(179)) - Background container scanner has been disabled.
2019-09-27 09:30:09,389 [Datanode State Machine Thread - 0] INFO  ratis.XceiverServerRatis (XceiverServerRatis.java:start(411)) - Starting XceiverServerRatis 1fbb84ac-7ee1-46c1-859c-ad619cea4be7 at port 0
2019-09-27 09:30:09,395 [Datanode State Machine Thread - 0] INFO  impl.RaftServerProxy (RaftServerProxy.java:lambda$start$3(299)) - 1fbb84ac-7ee1-46c1-859c-ad619cea4be7: start RPC server
2019-09-27 09:30:09,397 [Datanode State Machine Thread - 0] INFO  server.GrpcService (GrpcService.java:startImpl(158)) - 1fbb84ac-7ee1-46c1-859c-ad619cea4be7: GrpcService started, listening on 0.0.0.0/0.0.0.0:43362
2019-09-27 09:30:09,397 [Datanode State Machine Thread - 0] INFO  ratis.XceiverServerRatis (XceiverServerRatis.java:start(421)) - XceiverServerRatis 1fbb84ac-7ee1-46c1-859c-ad619cea4be7 is started using port 43362
2019-09-27 09:30:09,398 [Datanode State Machine Thread - 0] INFO  server.XceiverServerGrpc (XceiverServerGrpc.java:start(149)) - XceiverServerGrpc 1fbb84ac-7ee1-46c1-859c-ad619cea4be7 is started using port 42043
2019-09-27 09:30:09,468 [Datanode State Machine Thread - 0] INFO  ozoneimpl.OzoneContainer (OzoneContainer.java:start(217)) - Attempting to start container services.
2019-09-27 09:30:09,468 [Datanode State Machine Thread - 0] INFO  ozoneimpl.OzoneContainer (OzoneContainer.java:startContainerScrub(179)) - Background container scanner has been disabled.
2019-09-27 09:30:09,468 [Datanode State Machine Thread - 0] INFO  ratis.XceiverServerRatis (XceiverServerRatis.java:start(411)) - Starting XceiverServerRatis b7a6e9c1-8d08-4b5a-81cc-fb6c57153da1 at port 0
2019-09-27 09:30:09,475 [Datanode State Machine Thread - 0] INFO  impl.RaftServerProxy (RaftServerProxy.java:lambda$start$3(299)) - b7a6e9c1-8d08-4b5a-81cc-fb6c57153da1: start RPC server
2019-09-27 09:30:09,476 [Datanode State Machine Thread - 0] INFO  server.GrpcService (GrpcService.java:startImpl(158)) - b7a6e9c1-8d08-4b5a-81cc-fb6c57153da1: GrpcService started, listening on 0.0.0.0/0.0.0.0:34081
2019-09-27 09:30:09,476 [Datanode State Machine Thread - 0] INFO  ratis.XceiverServerRatis (XceiverServerRatis.java:start(421)) - XceiverServerRatis b7a6e9c1-8d08-4b5a-81cc-fb6c57153da1 is started using port 34081
2019-09-27 09:30:09,477 [Datanode State Machine Thread - 0] INFO  server.XceiverServerGrpc (XceiverServerGrpc.java:start(149)) - XceiverServerGrpc b7a6e9c1-8d08-4b5a-81cc-fb6c57153da1 is started using port 35192
2019-09-27 09:30:09,543 [Datanode State Machine Thread - 0] INFO  ozoneimpl.OzoneContainer (OzoneContainer.java:start(217)) - Attempting to start container services.
2019-09-27 09:30:09,544 [Datanode State Machine Thread - 0] INFO  ozoneimpl.OzoneContainer (OzoneContainer.java:startContainerScrub(179)) - Background container scanner has been disabled.
2019-09-27 09:30:09,544 [Datanode State Machine Thread - 0] INFO  ratis.XceiverServerRatis (XceiverServerRatis.java:start(411)) - Starting XceiverServerRatis 2f86e047-14dd-4aae-98d2-58902ea33abd at port 0
2019-09-27 09:30:09,552 [Datanode State Machine Thread - 0] INFO  impl.RaftServerProxy (RaftServerProxy.java:lambda$start$3(299)) - 2f86e047-14dd-4aae-98d2-58902ea33abd: start RPC server
2019-09-27 09:30:09,553 [Datanode State Machine Thread - 0] INFO  server.GrpcService (GrpcService.java:startImpl(158)) - 2f86e047-14dd-4aae-98d2-58902ea33abd: GrpcService started, listening on 0.0.0.0/0.0.0.0:42324
2019-09-27 09:30:09,553 [Datanode State Machine Thread - 0] INFO  ratis.XceiverServerRatis (XceiverServerRatis.java:start(421)) - XceiverServerRatis 2f86e047-14dd-4aae-98d2-58902ea33abd is started using port 42324
2019-09-27 09:30:09,554 [Datanode State Machine Thread - 0] INFO  server.XceiverServerGrpc (XceiverServerGrpc.java:start(149)) - XceiverServerGrpc 2f86e047-14dd-4aae-98d2-58902ea33abd is started using port 42839
2019-09-27 09:30:09,615 [main] INFO  ozone.MiniOzoneClusterImpl (MiniOzoneClusterImpl.java:lambda$waitForClusterToBeReady$0(147)) - Waiting for cluster to be ready. Got 0 of 7 DN Heartbeats.
2019-09-27 09:30:09,630 [Datanode State Machine Thread - 0] INFO  ozoneimpl.OzoneContainer (OzoneContainer.java:start(217)) - Attempting to start container services.
2019-09-27 09:30:09,630 [Datanode State Machine Thread - 0] INFO  ozoneimpl.OzoneContainer (OzoneContainer.java:startContainerScrub(179)) - Background container scanner has been disabled.
2019-09-27 09:30:09,630 [Datanode State Machine Thread - 0] INFO  ratis.XceiverServerRatis (XceiverServerRatis.java:start(411)) - Starting XceiverServerRatis b054b38d-37c7-4db0-867d-84a4497eca78 at port 0
2019-09-27 09:30:09,638 [Datanode State Machine Thread - 0] INFO  impl.RaftServerProxy (RaftServerProxy.java:lambda$start$3(299)) - b054b38d-37c7-4db0-867d-84a4497eca78: start RPC server
2019-09-27 09:30:09,638 [Datanode State Machine Thread - 0] INFO  server.GrpcService (GrpcService.java:startImpl(158)) - b054b38d-37c7-4db0-867d-84a4497eca78: GrpcService started, listening on 0.0.0.0/0.0.0.0:34668
2019-09-27 09:30:09,638 [Datanode State Machine Thread - 0] INFO  ratis.XceiverServerRatis (XceiverServerRatis.java:start(421)) - XceiverServerRatis b054b38d-37c7-4db0-867d-84a4497eca78 is started using port 34668
2019-09-27 09:30:09,639 [Datanode State Machine Thread - 0] INFO  server.XceiverServerGrpc (XceiverServerGrpc.java:start(149)) - XceiverServerGrpc b054b38d-37c7-4db0-867d-84a4497eca78 is started using port 33557
2019-09-27 09:30:10,616 [main] INFO  ozone.MiniOzoneClusterImpl (MiniOzoneClusterImpl.java:lambda$waitForClusterToBeReady$0(147)) - Waiting for cluster to be ready. Got 0 of 7 DN Heartbeats.
2019-09-27 09:30:11,160 [IPC Server handler 3 on 45680] INFO  net.NetworkTopology (NetworkTopologyImpl.java:add(111)) - Added a new node: /default-rack/1d13da7d-5300-4519-bdfb-397000abefd3
2019-09-27 09:30:11,163 [IPC Server handler 3 on 45680] INFO  node.SCMNodeManager (SCMNodeManager.java:register(266)) - Registered Data node : 1d13da7d-5300-4519-bdfb-397000abefd3{ip: 192.168.5.136, host: pr-hdds2073-kmjxf-3010904630, networkLocation: /default-rack, certSerialId: null}
2019-09-27 09:30:11,163 [EventQueue-NodeRegistrationContainerReportForDataNodeSafeModeRule] INFO  safemode.SCMSafeModeManager (DataNodeSafeModeRule.java:process(71)) - SCM in safe mode. 1 DataNodes registered, 1 required.
2019-09-27 09:30:11,165 [EventQueue-NodeRegistrationContainerReportForDataNodeSafeModeRule] INFO  safemode.SCMSafeModeManager (SCMSafeModeManager.java:validateSafeModeExitRules(177)) - ScmSafeModeManager, all rules are successfully validated
2019-09-27 09:30:11,166 [EventQueue-NodeRegistrationContainerReportForDataNodeSafeModeRule] INFO  safemode.SCMSafeModeManager (SCMSafeModeManager.java:exitSafeMode(193)) - SCM exiting safe mode.
2019-09-27 09:30:11,186 [grpc-default-executor-3] INFO  impl.RaftServerProxy (RaftServerProxy.java:addNew(89)) - 1d13da7d-5300-4519-bdfb-397000abefd3: addNew group-BA26BCBD5FE8:[1d13da7d-5300-4519-bdfb-397000abefd3:192.168.5.136:33735] returns group-BA26BCBD5FE8:java.util.concurrent.CompletableFuture@2524d0c4[Not completed]
2019-09-27 09:30:11,190 [pool-119-thread-1] INFO  impl.RaftServerImpl (RaftServerImpl.java:<init>(95)) - 1d13da7d-5300-4519-bdfb-397000abefd3: new RaftServerImpl for group-BA26BCBD5FE8:[1d13da7d-5300-4519-bdfb-397000abefd3:192.168.5.136:33735] with ContainerStateMachine:uninitialized
2019-09-27 09:30:11,191 [pool-119-thread-1] INFO  server.RaftServerConfigKeys (ConfUtils.java:logGet(43)) - raft.server.rpc.timeout.min = 5s (custom)
2019-09-27 09:30:11,191 [pool-119-thread-1] INFO  server.RaftServerConfigKeys (ConfUtils.java:logGet(43)) - raft.server.rpc.timeout.max = 5200ms (custom)
2019-09-27 09:30:11,191 [pool-119-thread-1] INFO  server.RaftServerConfigKeys (ConfUtils.java:logGet(43)) - raft.server.rpcslowness.timeout = 120s (custom)
2019-09-27 09:30:11,191 [pool-119-thread-1] INFO  server.RaftServerConfigKeys (ConfUtils.java:logGet(43)) - raft.server.sleep.deviation.threshold = 300 (default)
2019-09-27 09:30:11,191 [pool-119-thread-1] INFO  server.RaftServerConfigKeys (ConfUtils.java:logGet(43)) - raft.server.log.appender.install.snapshot.enabled = false (custom)
2019-09-27 09:30:11,191 [pool-119-thread-1] INFO  impl.RaftServerImpl (ServerState.java:<init>(103)) - 1d13da7d-5300-4519-bdfb-397000abefd3@group-BA26BCBD5FE8: ConfigurationManager, init=-1: [1d13da7d-5300-4519-bdfb-397000abefd3:192.168.5.136:33735], old=null, confs=<EMPTY_MAP>
2019-09-27 09:30:11,192 [pool-119-thread-1] INFO  server.RaftServerConfigKeys (ConfUtils.java:logGet(43)) - raft.server.storage.dir = [/workdir/hadoop-ozone/integration-test/target/test-dir/MiniOzoneClusterImpl-834b5182-62dc-4ca6-be4e-bc0179c6ec08/datanode-0/data/ratis] (custom)
2019-09-27 09:30:11,192 [pool-119-thread-1] INFO  storage.RaftStorageDirectory (RaftStorageDirectory.java:analyzeStorage(246)) - The storage directory /workdir/hadoop-ozone/integration-test/target/test-dir/MiniOzoneClusterImpl-834b5182-62dc-4ca6-be4e-bc0179c6ec08/datanode-0/data/ratis/9ed4a786-52e7-45ef-bbb7-ba26bcbd5fe8 does not exist. Creating ...
2019-09-27 09:30:11,206 [pool-119-thread-1] INFO  storage.RaftStorageDirectory (RaftStorageDirectory.java:tryLock(328)) - Lock on /workdir/hadoop-ozone/integration-test/target/test-dir/MiniOzoneClusterImpl-834b5182-62dc-4ca6-be4e-bc0179c6ec08/datanode-0/data/ratis/9ed4a786-52e7-45ef-bbb7-ba26bcbd5fe8/in_use.lock acquired by nodename 10686@pr-hdds2073-kmjxf-3010904630
2019-09-27 09:30:11,218 [pool-119-thread-1] INFO  storage.RaftStorage (RaftStorage.java:format(72)) - Storage directory /workdir/hadoop-ozone/integration-test/target/test-dir/MiniOzoneClusterImpl-834b5182-62dc-4ca6-be4e-bc0179c6ec08/datanode-0/data/ratis/9ed4a786-52e7-45ef-bbb7-ba26bcbd5fe8 has been successfully formatted.
2019-09-27 09:30:11,219 [pool-119-thread-1] INFO  ratis.ContainerStateMachine (ContainerStateMachine.java:loadSnapshot(230)) - group-BA26BCBD5FE8: The snapshot info is null. Setting the last applied indexto:(t:0, i:~)
2019-09-27 09:30:11,219 [pool-119-thread-1] INFO  server.RaftServerConfigKeys (ConfUtils.java:logGet(43)) - raft.server.notification.no-leader.timeout = 120s (custom)
2019-09-27 09:30:11,219 [pool-119-thread-1] INFO  server.RaftServerConfigKeys (ConfUtils.java:logGet(43)) - raft.server.log.use.memory = false (default)
2019-09-27 09:30:11,219 [pool-119-thread-1] INFO  server.RaftServerConfigKeys (ConfUtils.java:logGet(43)) - raft.server.log.purge.gap = 1000000 (custom)
2019-09-27 09:30:11,219 [pool-119-thread-1] INFO  server.RaftServerConfigKeys (ConfUtils.java:logGet(43)) - raft.server.log.appender.buffer.byte-limit = 33554432 (custom)
2019-09-27 09:30:11,220 [pool-119-thread-1] INFO  server.RaftServerConfigKeys (ConfUtils.java:logGet(43)) - raft.server.log.segment.size.max = 1048576 (custom)
2019-09-27 09:30:11,220 [pool-119-thread-1] INFO  server.RaftServerConfigKeys (ConfUtils.java:logGet(43)) - raft.server.log.segment.cache.num.max = 2 (custom)
2019-09-27 09:30:11,220 [pool-119-thread-1] INFO  segmented.SegmentedRaftLogWorker (SegmentedRaftLogWorker.java:<init>(172)) - new 1d13da7d-5300-4519-bdfb-397000abefd3@group-BA26BCBD5FE8-SegmentedRaftLogWorker for RaftStorage:Storage Directory /workdir/hadoop-ozone/integration-test/target/test-dir/MiniOzoneClusterImpl-834b5182-62dc-4ca6-be4e-bc0179c6ec08/datanode-0/data/ratis/9ed4a786-52e7-45ef-bbb7-ba26bcbd5fe8
2019-09-27 09:30:11,223 [pool-119-thread-1] INFO  server.RaftServerConfigKeys (ConfUtils.java:logGet(43)) - raft.server.log.queue.byte-limit = 2147483647 (custom)
2019-09-27 09:30:11,223 [pool-119-thread-1] INFO  server.RaftServerConfigKeys (ConfUtils.java:logGet(43)) - raft.server.log.queue.element-limit = 1024 (custom)
2019-09-27 09:30:11,223 [pool-119-thread-1] INFO  server.RaftServerConfigKeys (ConfUtils.java:logGet(43)) - raft.server.log.segment.size.max = 1048576 (custom)
2019-09-27 09:30:11,223 [pool-119-thread-1] INFO  server.RaftServerConfigKeys (ConfUtils.java:logGet(43)) - raft.server.log.preallocated.size = 16384 (custom)
2019-09-27 09:30:11,223 [pool-119-thread-1] INFO  server.RaftServerConfigKeys (ConfUtils.java:logGet(43)) - raft.server.log.write.buffer.size = 33554432 (custom)
2019-09-27 09:30:11,223 [pool-119-thread-1] INFO  server.RaftServerConfigKeys (ConfUtils.java:logGet(43)) - raft.server.log.force.sync.num = 128 (default)
2019-09-27 09:30:11,224 [pool-119-thread-1] INFO  server.RaftServerConfigKeys (ConfUtils.java:logGet(43)) - raft.server.log.statemachine.data.sync = true (default)
2019-09-27 09:30:11,224 [pool-119-thread-1] INFO  server.RaftServerConfigKeys (ConfUtils.java:logGet(43)) - raft.server.log.statemachine.data.sync.timeout = 10s (default)
2019-09-27 09:30:11,224 [pool-119-thread-1] INFO  server.RaftServerConfigKeys (ConfUtils.java:logGet(43)) - raft.server.log.statemachine.data.sync.timeout.retry = -1 (default)
2019-09-27 09:30:11,224 [pool-119-thread-1] INFO  server.RaftServerConfigKeys (ConfUtils.java:logGet(43)) - raft.server.log.statemachine.data.caching.enabled = true (custom)
2019-09-27 09:30:11,224 [pool-119-thread-1] INFO  segmented.SegmentedRaftLogWorker (SegmentedRaftLogWorker.java:lambda$new$0(132)) - 1d13da7d-5300-4519-bdfb-397000abefd3@group-BA26BCBD5FE8-SegmentedRaftLogWorker: flushIndex: setUnconditionally 0 -> -1
2019-09-27 09:30:11,225 [pool-119-thread-1] INFO  server.RaftServerConfigKeys (ConfUtils.java:logGet(43)) - raft.server.snapshot.auto.trigger.enabled = true (custom)
2019-09-27 09:30:11,225 [pool-119-thread-1] INFO  server.RaftServerConfigKeys (ConfUtils.java:logGet(43)) - raft.server.snapshot.auto.trigger.threshold = 10000 (custom)
2019-09-27 09:30:11,225 [pool-119-thread-1] INFO  server.RaftServerConfigKeys (ConfUtils.java:logGet(43)) - raft.server.snapshot.retention.num.files = 5 (custom)
2019-09-27 09:30:11,225 [pool-119-thread-1] INFO  server.RaftServerConfigKeys (ConfUtils.java:logGet(43)) - raft.server.retrycache.expirytime = 600000ms (custom)
2019-09-27 09:30:11,227 [pool-119-thread-1] INFO  impl.RaftServerImpl (RaftServerImpl.java:start(185)) - 1d13da7d-5300-4519-bdfb-397000abefd3@group-BA26BCBD5FE8: start as a follower, conf=-1: [1d13da7d-5300-4519-bdfb-397000abefd3:192.168.5.136:33735], old=null
2019-09-27 09:30:11,227 [pool-119-thread-1] INFO  impl.RaftServerImpl (RaftServerImpl.java:setRole(174)) - 1d13da7d-5300-4519-bdfb-397000abefd3@group-BA26BCBD5FE8: changes role from      null to FOLLOWER at term 0 for startAsFollower
2019-09-27 09:30:11,227 [pool-119-thread-1] INFO  impl.RoleInfo (RoleInfo.java:updateAndGet(143)) - 1d13da7d-5300-4519-bdfb-397000abefd3: start FollowerState
2019-09-27 09:30:11,228 [IPC Server handler 4 on 45680] INFO  net.NetworkTopology (NetworkTopologyImpl.java:add(111)) - Added a new node: /default-rack/e309d4fc-496e-46e3-8631-94f1ca76a4a4
2019-09-27 09:30:11,228 [IPC Server handler 4 on 45680] INFO  node.SCMNodeManager (SCMNodeManager.java:register(266)) - Registered Data node : e309d4fc-496e-46e3-8631-94f1ca76a4a4{ip: 192.168.5.136, host: pr-hdds2073-kmjxf-3010904630, networkLocation: /default-rack, certSerialId: null}
2019-09-27 09:30:11,228 [pool-119-thread-1] INFO  util.JmxRegister (JmxRegister.java:tryRegister(44)) - Successfully registered JMX Bean with object name Ratis:service=RaftServer,group=group-BA26BCBD5FE8,id=1d13da7d-5300-4519-bdfb-397000abefd3
2019-09-27 09:30:11,232 [RatisPipelineUtilsThread] INFO  pipeline.PipelineStateManager (PipelineStateManager.java:addPipeline(56)) - Created pipeline Pipeline[ Id: 9ed4a786-52e7-45ef-bbb7-ba26bcbd5fe8, Nodes: 1d13da7d-5300-4519-bdfb-397000abefd3{ip: 192.168.5.136, host: pr-hdds2073-kmjxf-3010904630, networkLocation: /default-rack, certSerialId: null}, Type:RATIS, Factor:ONE, State:OPEN]
2019-09-27 09:30:11,240 [grpc-default-executor-3] INFO  impl.RaftServerProxy (RaftServerProxy.java:addNew(89)) - e309d4fc-496e-46e3-8631-94f1ca76a4a4: addNew group-137F45F5121F:[e309d4fc-496e-46e3-8631-94f1ca76a4a4:192.168.5.136:38543] returns group-137F45F5121F:java.util.concurrent.CompletableFuture@58b70fe3[Not completed]
2019-09-27 09:30:11,241 [pool-129-thread-1] INFO  impl.RaftServerImpl (RaftServerImpl.java:<init>(95)) - e309d4fc-496e-46e3-8631-94f1ca76a4a4: new RaftServerImpl for group-137F45F5121F:[e309d4fc-496e-46e3-8631-94f1ca76a4a4:192.168.5.136:38543] with ContainerStateMachine:uninitialized
2019-09-27 09:30:11,241 [pool-129-thread-1] INFO  server.RaftServerConfigKeys (ConfUtils.java:logGet(43)) - raft.server.rpc.timeout.min = 5s (custom)
2019-09-27 09:30:11,242 [pool-129-thread-1] INFO  server.RaftServerConfigKeys (ConfUtils.java:logGet(43)) - raft.server.rpc.timeout.max = 5200ms (custom)
2019-09-27 09:30:11,242 [pool-129-thread-1] INFO  server.RaftServerConfigKeys (ConfUtils.java:logGet(43)) - raft.server.rpcslowness.timeout = 120s (custom)
2019-09-27 09:30:11,242 [pool-129-thread-1] INFO  server.RaftServerConfigKeys (ConfUtils.java:logGet(43)) - raft.server.sleep.deviation.threshold = 300 (default)
2019-09-27 09:30:11,242 [pool-129-thread-1] INFO  server.RaftServerConfigKeys (ConfUtils.java:logGet(43)) - raft.server.log.appender.install.snapshot.enabled = false (custom)
2019-09-27 09:30:11,242 [pool-129-thread-1] INFO  impl.RaftServerImpl (ServerState.java:<init>(103)) - e309d4fc-496e-46e3-8631-94f1ca76a4a4@group-137F45F5121F: ConfigurationManager, init=-1: [e309d4fc-496e-46e3-8631-94f1ca76a4a4:192.168.5.136:38543], old=null, confs=<EMPTY_MAP>
2019-09-27 09:30:11,242 [pool-129-thread-1] INFO  server.RaftServerConfigKeys (ConfUtils.java:logGet(43)) - raft.server.storage.dir = [/workdir/hadoop-ozone/integration-test/target/test-dir/MiniOzoneClusterImpl-834b5182-62dc-4ca6-be4e-bc0179c6ec08/datanode-1/data/ratis] (custom)
2019-09-27 09:30:11,242 [pool-129-thread-1] INFO  storage.RaftStorageDirectory (RaftStorageDirectory.java:analyzeStorage(246)) - The storage directory /workdir/hadoop-ozone/integration-test/target/test-dir/MiniOzoneClusterImpl-834b5182-62dc-4ca6-be4e-bc0179c6ec08/datanode-1/data/ratis/562e2f8c-6e32-47cf-81da-137f45f5121f does not exist. Creating ...
2019-09-27 09:30:11,255 [pool-129-thread-1] INFO  storage.RaftStorageDirectory (RaftStorageDirectory.java:tryLock(328)) - Lock on /workdir/hadoop-ozone/integration-test/target/test-dir/MiniOzoneClusterImpl-834b5182-62dc-4ca6-be4e-bc0179c6ec08/datanode-1/data/ratis/562e2f8c-6e32-47cf-81da-137f45f5121f/in_use.lock acquired by nodename 10686@pr-hdds2073-kmjxf-3010904630
2019-09-27 09:30:11,268 [pool-129-thread-1] INFO  storage.RaftStorage (RaftStorage.java:format(72)) - Storage directory /workdir/hadoop-ozone/integration-test/target/test-dir/MiniOzoneClusterImpl-834b5182-62dc-4ca6-be4e-bc0179c6ec08/datanode-1/data/ratis/562e2f8c-6e32-47cf-81da-137f45f5121f has been successfully formatted.
2019-09-27 09:30:11,268 [pool-129-thread-1] INFO  ratis.ContainerStateMachine (ContainerStateMachine.java:loadSnapshot(230)) - group-137F45F5121F: The snapshot info is null. Setting the last applied indexto:(t:0, i:~)
2019-09-27 09:30:11,268 [pool-129-thread-1] INFO  server.RaftServerConfigKeys (ConfUtils.java:logGet(43)) - raft.server.notification.no-leader.timeout = 120s (custom)
2019-09-27 09:30:11,268 [pool-129-thread-1] INFO  server.RaftServerConfigKeys (ConfUtils.java:logGet(43)) - raft.server.log.use.memory = false (default)
2019-09-27 09:30:11,268 [pool-129-thread-1] INFO  server.RaftServerConfigKeys (ConfUtils.java:logGet(43)) - raft.server.log.purge.gap = 1000000 (custom)
2019-09-27 09:30:11,268 [pool-129-thread-1] INFO  server.RaftServerConfigKeys (ConfUtils.java:logGet(43)) - raft.server.log.appender.buffer.byte-limit = 33554432 (custom)
2019-09-27 09:30:11,269 [pool-129-thread-1] INFO  server.RaftServerConfigKeys (ConfUtils.java:logGet(43)) - raft.server.log.segment.size.max = 1048576 (custom)
2019-09-27 09:30:11,269 [pool-129-thread-1] INFO  server.RaftServerConfigKeys (ConfUtils.java:logGet(43)) - raft.server.log.segment.cache.num.max = 2 (custom)
2019-09-27 09:30:11,269 [pool-129-thread-1] INFO  segmented.SegmentedRaftLogWorker (SegmentedRaftLogWorker.java:<init>(172)) - new e309d4fc-496e-46e3-8631-94f1ca76a4a4@group-137F45F5121F-SegmentedRaftLogWorker for RaftStorage:Storage Directory /workdir/hadoop-ozone/integration-test/target/test-dir/MiniOzoneClusterImpl-834b5182-62dc-4ca6-be4e-bc0179c6ec08/datanode-1/data/ratis/562e2f8c-6e32-47cf-81da-137f45f5121f
2019-09-27 09:30:11,271 [pool-129-thread-1] INFO  server.RaftServerConfigKeys (ConfUtils.java:logGet(43)) - raft.server.log.queue.byte-limit = 2147483647 (custom)
2019-09-27 09:30:11,271 [pool-129-thread-1] INFO  server.RaftServerConfigKeys (ConfUtils.java:logGet(43)) - raft.server.log.queue.element-limit = 1024 (custom)
2019-09-27 09:30:11,271 [pool-129-thread-1] INFO  server.RaftServerConfigKeys (ConfUtils.java:logGet(43)) - raft.server.log.segment.size.max = 1048576 (custom)
2019-09-27 09:30:11,271 [pool-129-thread-1] INFO  server.RaftServerConfigKeys (ConfUtils.java:logGet(43)) - raft.server.log.preallocated.size = 16384 (custom)
2019-09-27 09:30:11,271 [pool-129-thread-1] INFO  server.RaftServerConfigKeys (ConfUtils.java:logGet(43)) - raft.server.log.write.buffer.size = 33554432 (custom)
2019-09-27 09:30:11,271 [pool-129-thread-1] INFO  server.RaftServerConfigKeys (ConfUtils.java:logGet(43)) - raft.server.log.force.sync.num = 128 (default)
2019-09-27 09:30:11,271 [pool-129-thread-1] INFO  server.RaftServerConfigKeys (ConfUtils.java:logGet(43)) - raft.server.log.statemachine.data.sync = true (default)
2019-09-27 09:30:11,271 [pool-129-thread-1] INFO  server.RaftServerConfigKeys (ConfUtils.java:logGet(43)) - raft.server.log.statemachine.data.sync.timeout = 10s (default)
2019-09-27 09:30:11,272 [pool-129-thread-1] INFO  server.RaftServerConfigKeys (ConfUtils.java:logGet(43)) - raft.server.log.statemachine.data.sync.timeout.retry = -1 (default)
2019-09-27 09:30:11,272 [pool-129-thread-1] INFO  server.RaftServerConfigKeys (ConfUtils.java:logGet(43)) - raft.server.log.statemachine.data.caching.enabled = true (custom)
2019-09-27 09:30:11,272 [pool-129-thread-1] INFO  segmented.SegmentedRaftLogWorker (SegmentedRaftLogWorker.java:lambda$new$0(132)) - e309d4fc-496e-46e3-8631-94f1ca76a4a4@group-137F45F5121F-SegmentedRaftLogWorker: flushIndex: setUnconditionally 0 -> -1
2019-09-27 09:30:11,272 [pool-129-thread-1] INFO  server.RaftServerConfigKeys (ConfUtils.java:logGet(43)) - raft.server.snapshot.auto.trigger.enabled = true (custom)
2019-09-27 09:30:11,272 [pool-129-thread-1] INFO  server.RaftServerConfigKeys (ConfUtils.java:logGet(43)) - raft.server.snapshot.auto.trigger.threshold = 10000 (custom)
2019-09-27 09:30:11,272 [pool-129-thread-1] INFO  server.RaftServerConfigKeys (ConfUtils.java:logGet(43)) - raft.server.snapshot.retention.num.files = 5 (custom)
2019-09-27 09:30:11,273 [pool-129-thread-1] INFO  server.RaftServerConfigKeys (ConfUtils.java:logGet(43)) - raft.server.retrycache.expirytime = 600000ms (custom)
2019-09-27 09:30:11,275 [pool-129-thread-1] INFO  impl.RaftServerImpl (RaftServerImpl.java:start(185)) - e309d4fc-496e-46e3-8631-94f1ca76a4a4@group-137F45F5121F: start as a follower, conf=-1: [e309d4fc-496e-46e3-8631-94f1ca76a4a4:192.168.5.136:38543], old=null
2019-09-27 09:30:11,275 [pool-129-thread-1] INFO  impl.RaftServerImpl (RaftServerImpl.java:setRole(174)) - e309d4fc-496e-46e3-8631-94f1ca76a4a4@group-137F45F5121F: changes role from      null to FOLLOWER at term 0 for startAsFollower
2019-09-27 09:30:11,275 [pool-129-thread-1] INFO  impl.RoleInfo (RoleInfo.java:updateAndGet(143)) - e309d4fc-496e-46e3-8631-94f1ca76a4a4: start FollowerState
2019-09-27 09:30:11,275 [pool-129-thread-1] INFO  util.JmxRegister (JmxRegister.java:tryRegister(44)) - Successfully registered JMX Bean with object name Ratis:service=RaftServer,group=group-137F45F5121F,id=e309d4fc-496e-46e3-8631-94f1ca76a4a4
2019-09-27 09:30:11,278 [RatisPipelineUtilsThread] INFO  pipeline.PipelineStateManager (PipelineStateManager.java:addPipeline(56)) - Created pipeline Pipeline[ Id: 562e2f8c-6e32-47cf-81da-137f45f5121f, Nodes: e309d4fc-496e-46e3-8631-94f1ca76a4a4{ip: 192.168.5.136, host: pr-hdds2073-kmjxf-3010904630, networkLocation: /default-rack, certSerialId: null}, Type:RATIS, Factor:ONE, State:OPEN]
2019-09-27 09:30:11,304 [IPC Server handler 2 on 45680] INFO  net.NetworkTopology (NetworkTopologyImpl.java:add(111)) - Added a new node: /default-rack/d03084ef-c572-4bca-82a8-bf6b16c1c530
2019-09-27 09:30:11,304 [IPC Server handler 2 on 45680] INFO  node.SCMNodeManager (SCMNodeManager.java:register(266)) - Registered Data node : d03084ef-c572-4bca-82a8-bf6b16c1c530{ip: 192.168.5.136, host: pr-hdds2073-kmjxf-3010904630, networkLocation: /default-rack, certSerialId: null}
2019-09-27 09:30:11,315 [grpc-default-executor-3] INFO  impl.RaftServerProxy (RaftServerProxy.java:addNew(89)) - d03084ef-c572-4bca-82a8-bf6b16c1c530: addNew group-8ED5D8EBC401:[d03084ef-c572-4bca-82a8-bf6b16c1c530:192.168.5.136:39303] returns group-8ED5D8EBC401:java.util.concurrent.CompletableFuture@149bae1b[Not completed]
2019-09-27 09:30:11,321 [pool-139-thread-1] INFO  impl.RaftServerImpl (RaftServerImpl.java:<init>(95)) - d03084ef-c572-4bca-82a8-bf6b16c1c530: new RaftServerImpl for group-8ED5D8EBC401:[d03084ef-c572-4bca-82a8-bf6b16c1c530:192.168.5.136:39303] with ContainerStateMachine:uninitialized
2019-09-27 09:30:11,321 [pool-139-thread-1] INFO  server.RaftServerConfigKeys (ConfUtils.java:logGet(43)) - raft.server.rpc.timeout.min = 5s (custom)
2019-09-27 09:30:11,322 [pool-139-thread-1] INFO  server.RaftServerConfigKeys (ConfUtils.java:logGet(43)) - raft.server.rpc.timeout.max = 5200ms (custom)
2019-09-27 09:30:11,322 [pool-139-thread-1] INFO  server.RaftServerConfigKeys (ConfUtils.java:logGet(43)) - raft.server.rpcslowness.timeout = 120s (custom)
2019-09-27 09:30:11,322 [pool-139-thread-1] INFO  server.RaftServerConfigKeys (ConfUtils.java:logGet(43)) - raft.server.sleep.deviation.threshold = 300 (default)
2019-09-27 09:30:11,322 [pool-139-thread-1] INFO  server.RaftServerConfigKeys (ConfUtils.java:logGet(43)) - raft.server.log.appender.install.snapshot.enabled = false (custom)
2019-09-27 09:30:11,322 [pool-139-thread-1] INFO  impl.RaftServerImpl (ServerState.java:<init>(103)) - d03084ef-c572-4bca-82a8-bf6b16c1c530@group-8ED5D8EBC401: ConfigurationManager, init=-1: [d03084ef-c572-4bca-82a8-bf6b16c1c530:192.168.5.136:39303], old=null, confs=<EMPTY_MAP>
2019-09-27 09:30:11,322 [pool-139-thread-1] INFO  server.RaftServerConfigKeys (ConfUtils.java:logGet(43)) - raft.server.storage.dir = [/workdir/hadoop-ozone/integration-test/target/test-dir/MiniOzoneClusterImpl-834b5182-62dc-4ca6-be4e-bc0179c6ec08/datanode-2/data/ratis] (custom)
2019-09-27 09:30:11,323 [pool-139-thread-1] INFO  storage.RaftStorageDirectory (RaftStorageDirectory.java:analyzeStorage(246)) - The storage directory /workdir/hadoop-ozone/integration-test/target/test-dir/MiniOzoneClusterImpl-834b5182-62dc-4ca6-be4e-bc0179c6ec08/datanode-2/data/ratis/55785ebf-6c20-4297-a849-8ed5d8ebc401 does not exist. Creating ...
2019-09-27 09:30:11,336 [pool-139-thread-1] INFO  storage.RaftStorageDirectory (RaftStorageDirectory.java:tryLock(328)) - Lock on /workdir/hadoop-ozone/integration-test/target/test-dir/MiniOzoneClusterImpl-834b5182-62dc-4ca6-be4e-bc0179c6ec08/datanode-2/data/ratis/55785ebf-6c20-4297-a849-8ed5d8ebc401/in_use.lock acquired by nodename 10686@pr-hdds2073-kmjxf-3010904630
2019-09-27 09:30:11,348 [pool-139-thread-1] INFO  storage.RaftStorage (RaftStorage.java:format(72)) - Storage directory /workdir/hadoop-ozone/integration-test/target/test-dir/MiniOzoneClusterImpl-834b5182-62dc-4ca6-be4e-bc0179c6ec08/datanode-2/data/ratis/55785ebf-6c20-4297-a849-8ed5d8ebc401 has been successfully formatted.
2019-09-27 09:30:11,349 [pool-139-thread-1] INFO  ratis.ContainerStateMachine (ContainerStateMachine.java:loadSnapshot(230)) - group-8ED5D8EBC401: The snapshot info is null. Setting the last applied indexto:(t:0, i:~)
2019-09-27 09:30:11,349 [pool-139-thread-1] INFO  server.RaftServerConfigKeys (ConfUtils.java:logGet(43)) - raft.server.notification.no-leader.timeout = 120s (custom)
2019-09-27 09:30:11,349 [pool-139-thread-1] INFO  server.RaftServerConfigKeys (ConfUtils.java:logGet(43)) - raft.server.log.use.memory = false (default)
2019-09-27 09:30:11,349 [pool-139-thread-1] INFO  server.RaftServerConfigKeys (ConfUtils.java:logGet(43)) - raft.server.log.purge.gap = 1000000 (custom)
2019-09-27 09:30:11,349 [pool-139-thread-1] INFO  server.RaftServerConfigKeys (ConfUtils.java:logGet(43)) - raft.server.log.appender.buffer.byte-limit = 33554432 (custom)
2019-09-27 09:30:11,349 [pool-139-thread-1] INFO  server.RaftServerConfigKeys (ConfUtils.java:logGet(43)) - raft.server.log.segment.size.max = 1048576 (custom)
2019-09-27 09:30:11,349 [pool-139-thread-1] INFO  server.RaftServerConfigKeys (ConfUtils.java:logGet(43)) - raft.server.log.segment.cache.num.max = 2 (custom)
2019-09-27 09:30:11,350 [pool-139-thread-1] INFO  segmented.SegmentedRaftLogWorker (SegmentedRaftLogWorker.java:<init>(172)) - new d03084ef-c572-4bca-82a8-bf6b16c1c530@group-8ED5D8EBC401-SegmentedRaftLogWorker for RaftStorage:Storage Directory /workdir/hadoop-ozone/integration-test/target/test-dir/MiniOzoneClusterImpl-834b5182-62dc-4ca6-be4e-bc0179c6ec08/datanode-2/data/ratis/55785ebf-6c20-4297-a849-8ed5d8ebc401
2019-09-27 09:30:11,352 [pool-139-thread-1] INFO  server.RaftServerConfigKeys (ConfUtils.java:logGet(43)) - raft.server.log.queue.byte-limit = 2147483647 (custom)
2019-09-27 09:30:11,352 [pool-139-thread-1] INFO  server.RaftServerConfigKeys (ConfUtils.java:logGet(43)) - raft.server.log.queue.element-limit = 1024 (custom)
2019-09-27 09:30:11,353 [pool-139-thread-1] INFO  server.RaftServerConfigKeys (ConfUtils.java:logGet(43)) - raft.server.log.segment.size.max = 1048576 (custom)
2019-09-27 09:30:11,353 [pool-139-thread-1] INFO  server.RaftServerConfigKeys (ConfUtils.java:logGet(43)) - raft.server.log.preallocated.size = 16384 (custom)
2019-09-27 09:30:11,353 [pool-139-thread-1] INFO  server.RaftServerConfigKeys (ConfUtils.java:logGet(43)) - raft.server.log.write.buffer.size = 33554432 (custom)
2019-09-27 09:30:11,353 [pool-139-thread-1] INFO  server.RaftServerConfigKeys (ConfUtils.java:logGet(43)) - raft.server.log.force.sync.num = 128 (default)
2019-09-27 09:30:11,353 [pool-139-thread-1] INFO  server.RaftServerConfigKeys (ConfUtils.java:logGet(43)) - raft.server.log.statemachine.data.sync = true (default)
2019-09-27 09:30:11,353 [pool-139-thread-1] INFO  server.RaftServerConfigKeys (ConfUtils.java:logGet(43)) - raft.server.log.statemachine.data.sync.timeout = 10s (default)
2019-09-27 09:30:11,353 [pool-139-thread-1] INFO  server.RaftServerConfigKeys (ConfUtils.java:logGet(43)) - raft.server.log.statemachine.data.sync.timeout.retry = -1 (default)
2019-09-27 09:30:11,354 [pool-139-thread-1] INFO  server.RaftServerConfigKeys (ConfUtils.java:logGet(43)) - raft.server.log.statemachine.data.caching.enabled = true (custom)
2019-09-27 09:30:11,354 [pool-139-thread-1] INFO  segmented.SegmentedRaftLogWorker (SegmentedRaftLogWorker.java:lambda$new$0(132)) - d03084ef-c572-4bca-82a8-bf6b16c1c530@group-8ED5D8EBC401-SegmentedRaftLogWorker: flushIndex: setUnconditionally 0 -> -1
2019-09-27 09:30:11,354 [pool-139-thread-1] INFO  server.RaftServerConfigKeys (ConfUtils.java:logGet(43)) - raft.server.snapshot.auto.trigger.enabled = true (custom)
2019-09-27 09:30:11,355 [pool-139-thread-1] INFO  server.RaftServerConfigKeys (ConfUtils.java:logGet(43)) - raft.server.snapshot.auto.trigger.threshold = 10000 (custom)
2019-09-27 09:30:11,355 [pool-139-thread-1] INFO  server.RaftServerConfigKeys (ConfUtils.java:logGet(43)) - raft.server.snapshot.retention.num.files = 5 (custom)
2019-09-27 09:30:11,355 [pool-139-thread-1] INFO  server.RaftServerConfigKeys (ConfUtils.java:logGet(43)) - raft.server.retrycache.expirytime = 600000ms (custom)
2019-09-27 09:30:11,357 [pool-139-thread-1] INFO  impl.RaftServerImpl (RaftServerImpl.java:start(185)) - d03084ef-c572-4bca-82a8-bf6b16c1c530@group-8ED5D8EBC401: start as a follower, conf=-1: [d03084ef-c572-4bca-82a8-bf6b16c1c530:192.168.5.136:39303], old=null
2019-09-27 09:30:11,358 [pool-139-thread-1] INFO  impl.RaftServerImpl (RaftServerImpl.java:setRole(174)) - d03084ef-c572-4bca-82a8-bf6b16c1c530@group-8ED5D8EBC401: changes role from      null to FOLLOWER at term 0 for startAsFollower
2019-09-27 09:30:11,358 [pool-139-thread-1] INFO  impl.RoleInfo (RoleInfo.java:updateAndGet(143)) - d03084ef-c572-4bca-82a8-bf6b16c1c530: start FollowerState
2019-09-27 09:30:11,358 [pool-139-thread-1] INFO  util.JmxRegister (JmxRegister.java:tryRegister(44)) - Successfully registered JMX Bean with object name Ratis:service=RaftServer,group=group-8ED5D8EBC401,id=d03084ef-c572-4bca-82a8-bf6b16c1c530
2019-09-27 09:30:11,361 [RatisPipelineUtilsThread] INFO  pipeline.PipelineStateManager (PipelineStateManager.java:addPipeline(56)) - Created pipeline Pipeline[ Id: 55785ebf-6c20-4297-a849-8ed5d8ebc401, Nodes: d03084ef-c572-4bca-82a8-bf6b16c1c530{ip: 192.168.5.136, host: pr-hdds2073-kmjxf-3010904630, networkLocation: /default-rack, certSerialId: null}, Type:RATIS, Factor:ONE, State:OPEN]
2019-09-27 09:30:11,373 [grpc-default-executor-0] INFO  impl.RaftServerProxy (RaftServerProxy.java:addNew(89)) - d03084ef-c572-4bca-82a8-bf6b16c1c530: addNew group-28734D74F447:[1d13da7d-5300-4519-bdfb-397000abefd3:192.168.5.136:33735, d03084ef-c572-4bca-82a8-bf6b16c1c530:192.168.5.136:39303, e309d4fc-496e-46e3-8631-94f1ca76a4a4:192.168.5.136:38543] returns group-28734D74F447:java.util.concurrent.CompletableFuture@35c5835f[Not completed]
2019-09-27 09:30:11,374 [grpc-default-executor-0] INFO  impl.RaftServerProxy (RaftServerProxy.java:addNew(89)) - e309d4fc-496e-46e3-8631-94f1ca76a4a4: addNew group-28734D74F447:[1d13da7d-5300-4519-bdfb-397000abefd3:192.168.5.136:33735, d03084ef-c572-4bca-82a8-bf6b16c1c530:192.168.5.136:39303, e309d4fc-496e-46e3-8631-94f1ca76a4a4:192.168.5.136:38543] returns group-28734D74F447:java.util.concurrent.CompletableFuture@1b4592e3[Not completed]
2019-09-27 09:30:11,374 [grpc-default-executor-4] INFO  impl.RaftServerProxy (RaftServerProxy.java:addNew(89)) - 1d13da7d-5300-4519-bdfb-397000abefd3: addNew group-28734D74F447:[1d13da7d-5300-4519-bdfb-397000abefd3:192.168.5.136:33735, d03084ef-c572-4bca-82a8-bf6b16c1c530:192.168.5.136:39303, e309d4fc-496e-46e3-8631-94f1ca76a4a4:192.168.5.136:38543] returns group-28734D74F447:java.util.concurrent.CompletableFuture@4f7c7961[Not completed]
2019-09-27 09:30:11,375 [pool-139-thread-1] INFO  impl.RaftServerImpl (RaftServerImpl.java:<init>(95)) - d03084ef-c572-4bca-82a8-bf6b16c1c530: new RaftServerImpl for group-28734D74F447:[1d13da7d-5300-4519-bdfb-397000abefd3:192.168.5.136:33735, d03084ef-c572-4bca-82a8-bf6b16c1c530:192.168.5.136:39303, e309d4fc-496e-46e3-8631-94f1ca76a4a4:192.168.5.136:38543] with ContainerStateMachine:uninitialized
2019-09-27 09:30:11,375 [pool-139-thread-1] INFO  server.RaftServerConfigKeys (ConfUtils.java:logGet(43)) - raft.server.rpc.timeout.min = 5s (custom)
2019-09-27 09:30:11,375 [pool-139-thread-1] INFO  server.RaftServerConfigKeys (ConfUtils.java:logGet(43)) - raft.server.rpc.timeout.max = 5200ms (custom)
2019-09-27 09:30:11,375 [pool-139-thread-1] INFO  server.RaftServerConfigKeys (ConfUtils.java:logGet(43)) - raft.server.rpcslowness.timeout = 120s (custom)
2019-09-27 09:30:11,375 [pool-139-thread-1] INFO  server.RaftServerConfigKeys (ConfUtils.java:logGet(43)) - raft.server.sleep.deviation.threshold = 300 (default)
2019-09-27 09:30:11,376 [IPC Server handler 0 on 45680] INFO  net.NetworkTopology (NetworkTopologyImpl.java:add(111)) - Added a new node: /default-rack/1fbb84ac-7ee1-46c1-859c-ad619cea4be7
2019-09-27 09:30:11,376 [pool-139-thread-1] INFO  server.RaftServerConfigKeys (ConfUtils.java:logGet(43)) - raft.server.log.appender.install.snapshot.enabled = false (custom)
2019-09-27 09:30:11,376 [IPC Server handler 0 on 45680] INFO  node.SCMNodeManager (SCMNodeManager.java:register(266)) - Registered Data node : 1fbb84ac-7ee1-46c1-859c-ad619cea4be7{ip: 192.168.5.136, host: pr-hdds2073-kmjxf-3010904630, networkLocation: /default-rack, certSerialId: null}
2019-09-27 09:30:11,376 [pool-139-thread-1] INFO  impl.RaftServerImpl (ServerState.java:<init>(103)) - d03084ef-c572-4bca-82a8-bf6b16c1c530@group-28734D74F447: ConfigurationManager, init=-1: [1d13da7d-5300-4519-bdfb-397000abefd3:192.168.5.136:33735, d03084ef-c572-4bca-82a8-bf6b16c1c530:192.168.5.136:39303, e309d4fc-496e-46e3-8631-94f1ca76a4a4:192.168.5.136:38543], old=null, confs=<EMPTY_MAP>
2019-09-27 09:30:11,376 [pool-129-thread-1] INFO  impl.RaftServerImpl (RaftServerImpl.java:<init>(95)) - e309d4fc-496e-46e3-8631-94f1ca76a4a4: new RaftServerImpl for group-28734D74F447:[1d13da7d-5300-4519-bdfb-397000abefd3:192.168.5.136:33735, d03084ef-c572-4bca-82a8-bf6b16c1c530:192.168.5.136:39303, e309d4fc-496e-46e3-8631-94f1ca76a4a4:192.168.5.136:38543] with ContainerStateMachine:uninitialized
2019-09-27 09:30:11,376 [pool-139-thread-1] INFO  server.RaftServerConfigKeys (ConfUtils.java:logGet(43)) - raft.server.storage.dir = [/workdir/hadoop-ozone/integration-test/target/test-dir/MiniOzoneClusterImpl-834b5182-62dc-4ca6-be4e-bc0179c6ec08/datanode-2/data/ratis] (custom)
2019-09-27 09:30:11,376 [pool-129-thread-1] INFO  server.RaftServerConfigKeys (ConfUtils.java:logGet(43)) - raft.server.rpc.timeout.min = 5s (custom)
2019-09-27 09:30:11,377 [pool-129-thread-1] INFO  server.RaftServerConfigKeys (ConfUtils.java:logGet(43)) - raft.server.rpc.timeout.max = 5200ms (custom)
2019-09-27 09:30:11,377 [pool-119-thread-1] INFO  impl.RaftServerImpl (RaftServerImpl.java:<init>(95)) - 1d13da7d-5300-4519-bdfb-397000abefd3: new RaftServerImpl for group-28734D74F447:[1d13da7d-5300-4519-bdfb-397000abefd3:192.168.5.136:33735, d03084ef-c572-4bca-82a8-bf6b16c1c530:192.168.5.136:39303, e309d4fc-496e-46e3-8631-94f1ca76a4a4:192.168.5.136:38543] with ContainerStateMachine:uninitialized
2019-09-27 09:30:11,377 [pool-139-thread-1] INFO  storage.RaftStorageDirectory (RaftStorageDirectory.java:analyzeStorage(246)) - The storage directory /workdir/hadoop-ozone/integration-test/target/test-dir/MiniOzoneClusterImpl-834b5182-62dc-4ca6-be4e-bc0179c6ec08/datanode-2/data/ratis/7a64ccc4-01e8-4661-83fa-28734d74f447 does not exist. Creating ...
2019-09-27 09:30:11,377 [pool-129-thread-1] INFO  server.RaftServerConfigKeys (ConfUtils.java:logGet(43)) - raft.server.rpcslowness.timeout = 120s (custom)
2019-09-27 09:30:11,377 [pool-119-thread-1] INFO  server.RaftServerConfigKeys (ConfUtils.java:logGet(43)) - raft.server.rpc.timeout.min = 5s (custom)
2019-09-27 09:30:11,377 [pool-129-thread-1] INFO  server.RaftServerConfigKeys (ConfUtils.java:logGet(43)) - raft.server.sleep.deviation.threshold = 300 (default)
2019-09-27 09:30:11,377 [pool-119-thread-1] INFO  server.RaftServerConfigKeys (ConfUtils.java:logGet(43)) - raft.server.rpc.timeout.max = 5200ms (custom)
2019-09-27 09:30:11,377 [pool-129-thread-1] INFO  server.RaftServerConfigKeys (ConfUtils.java:logGet(43)) - raft.server.log.appender.install.snapshot.enabled = false (custom)
2019-09-27 09:30:11,378 [pool-119-thread-1] INFO  server.RaftServerConfigKeys (ConfUtils.java:logGet(43)) - raft.server.rpcslowness.timeout = 120s (custom)
2019-09-27 09:30:11,378 [pool-129-thread-1] INFO  impl.RaftServerImpl (ServerState.java:<init>(103)) - e309d4fc-496e-46e3-8631-94f1ca76a4a4@group-28734D74F447: ConfigurationManager, init=-1: [1d13da7d-5300-4519-bdfb-397000abefd3:192.168.5.136:33735, d03084ef-c572-4bca-82a8-bf6b16c1c530:192.168.5.136:39303, e309d4fc-496e-46e3-8631-94f1ca76a4a4:192.168.5.136:38543], old=null, confs=<EMPTY_MAP>
2019-09-27 09:30:11,378 [pool-119-thread-1] INFO  server.RaftServerConfigKeys (ConfUtils.java:logGet(43)) - raft.server.sleep.deviation.threshold = 300 (default)
2019-09-27 09:30:11,378 [pool-129-thread-1] INFO  server.RaftServerConfigKeys (ConfUtils.java:logGet(43)) - raft.server.storage.dir = [/workdir/hadoop-ozone/integration-test/target/test-dir/MiniOzoneClusterImpl-834b5182-62dc-4ca6-be4e-bc0179c6ec08/datanode-1/data/ratis] (custom)
2019-09-27 09:30:11,378 [pool-119-thread-1] INFO  server.RaftServerConfigKeys (ConfUtils.java:logGet(43)) - raft.server.log.appender.install.snapshot.enabled = false (custom)
2019-09-27 09:30:11,378 [pool-119-thread-1] INFO  impl.RaftServerImpl (ServerState.java:<init>(103)) - 1d13da7d-5300-4519-bdfb-397000abefd3@group-28734D74F447: ConfigurationManager, init=-1: [1d13da7d-5300-4519-bdfb-397000abefd3:192.168.5.136:33735, d03084ef-c572-4bca-82a8-bf6b16c1c530:192.168.5.136:39303, e309d4fc-496e-46e3-8631-94f1ca76a4a4:192.168.5.136:38543], old=null, confs=<EMPTY_MAP>
2019-09-27 09:30:11,378 [pool-129-thread-1] INFO  storage.RaftStorageDirectory (RaftStorageDirectory.java:analyzeStorage(246)) - The storage directory /workdir/hadoop-ozone/integration-test/target/test-dir/MiniOzoneClusterImpl-834b5182-62dc-4ca6-be4e-bc0179c6ec08/datanode-1/data/ratis/7a64ccc4-01e8-4661-83fa-28734d74f447 does not exist. Creating ...
2019-09-27 09:30:11,378 [pool-119-thread-1] INFO  server.RaftServerConfigKeys (ConfUtils.java:logGet(43)) - raft.server.storage.dir = [/workdir/hadoop-ozone/integration-test/target/test-dir/MiniOzoneClusterImpl-834b5182-62dc-4ca6-be4e-bc0179c6ec08/datanode-0/data/ratis] (custom)
2019-09-27 09:30:11,379 [pool-119-thread-1] INFO  storage.RaftStorageDirectory (RaftStorageDirectory.java:analyzeStorage(246)) - The storage directory /workdir/hadoop-ozone/integration-test/target/test-dir/MiniOzoneClusterImpl-834b5182-62dc-4ca6-be4e-bc0179c6ec08/datanode-0/data/ratis/7a64ccc4-01e8-4661-83fa-28734d74f447 does not exist. Creating ...
2019-09-27 09:30:11,390 [pool-139-thread-1] INFO  storage.RaftStorageDirectory (RaftStorageDirectory.java:tryLock(328)) - Lock on /workdir/hadoop-ozone/integration-test/target/test-dir/MiniOzoneClusterImpl-834b5182-62dc-4ca6-be4e-bc0179c6ec08/datanode-2/data/ratis/7a64ccc4-01e8-4661-83fa-28734d74f447/in_use.lock acquired by nodename 10686@pr-hdds2073-kmjxf-3010904630
2019-09-27 09:30:11,390 [pool-129-thread-1] INFO  storage.RaftStorageDirectory (RaftStorageDirectory.java:tryLock(328)) - Lock on /workdir/hadoop-ozone/integration-test/target/test-dir/MiniOzoneClusterImpl-834b5182-62dc-4ca6-be4e-bc0179c6ec08/datanode-1/data/ratis/7a64ccc4-01e8-4661-83fa-28734d74f447/in_use.lock acquired by nodename 10686@pr-hdds2073-kmjxf-3010904630
2019-09-27 09:30:11,390 [pool-119-thread-1] INFO  storage.RaftStorageDirectory (RaftStorageDirectory.java:tryLock(328)) - Lock on /workdir/hadoop-ozone/integration-test/target/test-dir/MiniOzoneClusterImpl-834b5182-62dc-4ca6-be4e-bc0179c6ec08/datanode-0/data/ratis/7a64ccc4-01e8-4661-83fa-28734d74f447/in_use.lock acquired by nodename 10686@pr-hdds2073-kmjxf-3010904630
2019-09-27 09:30:11,404 [pool-129-thread-1] INFO  storage.RaftStorage (RaftStorage.java:format(72)) - Storage directory /workdir/hadoop-ozone/integration-test/target/test-dir/MiniOzoneClusterImpl-834b5182-62dc-4ca6-be4e-bc0179c6ec08/datanode-1/data/ratis/7a64ccc4-01e8-4661-83fa-28734d74f447 has been successfully formatted.
2019-09-27 09:30:11,404 [pool-139-thread-1] INFO  storage.RaftStorage (RaftStorage.java:format(72)) - Storage directory /workdir/hadoop-ozone/integration-test/target/test-dir/MiniOzoneClusterImpl-834b5182-62dc-4ca6-be4e-bc0179c6ec08/datanode-2/data/ratis/7a64ccc4-01e8-4661-83fa-28734d74f447 has been successfully formatted.
2019-09-27 09:30:11,404 [pool-119-thread-1] INFO  storage.RaftStorage (RaftStorage.java:format(72)) - Storage directory /workdir/hadoop-ozone/integration-test/target/test-dir/MiniOzoneClusterImpl-834b5182-62dc-4ca6-be4e-bc0179c6ec08/datanode-0/data/ratis/7a64ccc4-01e8-4661-83fa-28734d74f447 has been successfully formatted.
2019-09-27 09:30:11,404 [pool-129-thread-1] INFO  ratis.ContainerStateMachine (ContainerStateMachine.java:loadSnapshot(230)) - group-28734D74F447: The snapshot info is null. Setting the last applied indexto:(t:0, i:~)
2019-09-27 09:30:11,405 [pool-119-thread-1] INFO  ratis.ContainerStateMachine (ContainerStateMachine.java:loadSnapshot(230)) - group-28734D74F447: The snapshot info is null. Setting the last applied indexto:(t:0, i:~)
2019-09-27 09:30:11,405 [pool-139-thread-1] INFO  ratis.ContainerStateMachine (ContainerStateMachine.java:loadSnapshot(230)) - group-28734D74F447: The snapshot info is null. Setting the last applied indexto:(t:0, i:~)
2019-09-27 09:30:11,405 [pool-129-thread-1] INFO  server.RaftServerConfigKeys (ConfUtils.java:logGet(43)) - raft.server.notification.no-leader.timeout = 120s (custom)
2019-09-27 09:30:11,405 [pool-139-thread-1] INFO  server.RaftServerConfigKeys (ConfUtils.java:logGet(43)) - raft.server.notification.no-leader.timeout = 120s (custom)
2019-09-27 09:30:11,405 [pool-119-thread-1] INFO  server.RaftServerConfigKeys (ConfUtils.java:logGet(43)) - raft.server.notification.no-leader.timeout = 120s (custom)
2019-09-27 09:30:11,405 [pool-139-thread-1] INFO  server.RaftServerConfigKeys (ConfUtils.java:logGet(43)) - raft.server.log.use.memory = false (default)
2019-09-27 09:30:11,405 [pool-129-thread-1] INFO  server.RaftServerConfigKeys (ConfUtils.java:logGet(43)) - raft.server.log.use.memory = false (default)
2019-09-27 09:30:11,405 [pool-139-thread-1] INFO  server.RaftServerConfigKeys (ConfUtils.java:logGet(43)) - raft.server.log.purge.gap = 1000000 (custom)
2019-09-27 09:30:11,405 [pool-119-thread-1] INFO  server.RaftServerConfigKeys (ConfUtils.java:logGet(43)) - raft.server.log.use.memory = false (default)
2019-09-27 09:30:11,405 [pool-139-thread-1] INFO  server.RaftServerConfigKeys (ConfUtils.java:logGet(43)) - raft.server.log.appender.buffer.byte-limit = 33554432 (custom)
2019-09-27 09:30:11,405 [pool-129-thread-1] INFO  server.RaftServerConfigKeys (ConfUtils.java:logGet(43)) - raft.server.log.purge.gap = 1000000 (custom)
2019-09-27 09:30:11,406 [pool-139-thread-1] INFO  server.RaftServerConfigKeys (ConfUtils.java:logGet(43)) - raft.server.log.segment.size.max = 1048576 (custom)
2019-09-27 09:30:11,406 [pool-119-thread-1] INFO  server.RaftServerConfigKeys (ConfUtils.java:logGet(43)) - raft.server.log.purge.gap = 1000000 (custom)
2019-09-27 09:30:11,406 [pool-139-thread-1] INFO  server.RaftServerConfigKeys (ConfUtils.java:logGet(43)) - raft.server.log.segment.cache.num.max = 2 (custom)
2019-09-27 09:30:11,406 [pool-129-thread-1] INFO  server.RaftServerConfigKeys (ConfUtils.java:logGet(43)) - raft.server.log.appender.buffer.byte-limit = 33554432 (custom)
2019-09-27 09:30:11,406 [pool-139-thread-1] INFO  segmented.SegmentedRaftLogWorker (SegmentedRaftLogWorker.java:<init>(172)) - new d03084ef-c572-4bca-82a8-bf6b16c1c530@group-28734D74F447-SegmentedRaftLogWorker for RaftStorage:Storage Directory /workdir/hadoop-ozone/integration-test/target/test-dir/MiniOzoneClusterImpl-834b5182-62dc-4ca6-be4e-bc0179c6ec08/datanode-2/data/ratis/7a64ccc4-01e8-4661-83fa-28734d74f447
2019-09-27 09:30:11,406 [pool-119-thread-1] INFO  server.RaftServerConfigKeys (ConfUtils.java:logGet(43)) - raft.server.log.appender.buffer.byte-limit = 33554432 (custom)
2019-09-27 09:30:11,406 [pool-139-thread-1] INFO  server.RaftServerConfigKeys (ConfUtils.java:logGet(43)) - raft.server.log.queue.byte-limit = 2147483647 (custom)
2019-09-27 09:30:11,406 [pool-129-thread-1] INFO  server.RaftServerConfigKeys (ConfUtils.java:logGet(43)) - raft.server.log.segment.size.max = 1048576 (custom)
2019-09-27 09:30:11,406 [pool-139-thread-1] INFO  server.RaftServerConfigKeys (ConfUtils.java:logGet(43)) - raft.server.log.queue.element-limit = 1024 (custom)
2019-09-27 09:30:11,406 [pool-119-thread-1] INFO  server.RaftServerConfigKeys (ConfUtils.java:logGet(43)) - raft.server.log.segment.size.max = 1048576 (custom)
2019-09-27 09:30:11,407 [pool-139-thread-1] INFO  server.RaftServerConfigKeys (ConfUtils.java:logGet(43)) - raft.server.log.segment.size.max = 1048576 (custom)
2019-09-27 09:30:11,407 [pool-129-thread-1] INFO  server.RaftServerConfigKeys (ConfUtils.java:logGet(43)) - raft.server.log.segment.cache.num.max = 2 (custom)
2019-09-27 09:30:11,407 [pool-139-thread-1] INFO  server.RaftServerConfigKeys (ConfUtils.java:logGet(43)) - raft.server.log.preallocated.size = 16384 (custom)
2019-09-27 09:30:11,407 [pool-119-thread-1] INFO  server.RaftServerConfigKeys (ConfUtils.java:logGet(43)) - raft.server.log.segment.cache.num.max = 2 (custom)
2019-09-27 09:30:11,407 [pool-139-thread-1] INFO  server.RaftServerConfigKeys (ConfUtils.java:logGet(43)) - raft.server.log.write.buffer.size = 33554432 (custom)
2019-09-27 09:30:11,407 [pool-129-thread-1] INFO  segmented.SegmentedRaftLogWorker (SegmentedRaftLogWorker.java:<init>(172)) - new e309d4fc-496e-46e3-8631-94f1ca76a4a4@group-28734D74F447-SegmentedRaftLogWorker for RaftStorage:Storage Directory /workdir/hadoop-ozone/integration-test/target/test-dir/MiniOzoneClusterImpl-834b5182-62dc-4ca6-be4e-bc0179c6ec08/datanode-1/data/ratis/7a64ccc4-01e8-4661-83fa-28734d74f447
2019-09-27 09:30:11,407 [pool-139-thread-1] INFO  server.RaftServerConfigKeys (ConfUtils.java:logGet(43)) - raft.server.log.force.sync.num = 128 (default)
2019-09-27 09:30:11,407 [pool-119-thread-1] INFO  segmented.SegmentedRaftLogWorker (SegmentedRaftLogWorker.java:<init>(172)) - new 1d13da7d-5300-4519-bdfb-397000abefd3@group-28734D74F447-SegmentedRaftLogWorker for RaftStorage:Storage Directory /workdir/hadoop-ozone/integration-test/target/test-dir/MiniOzoneClusterImpl-834b5182-62dc-4ca6-be4e-bc0179c6ec08/datanode-0/data/ratis/7a64ccc4-01e8-4661-83fa-28734d74f447
2019-09-27 09:30:11,408 [pool-139-thread-1] INFO  server.RaftServerConfigKeys (ConfUtils.java:logGet(43)) - raft.server.log.statemachine.data.sync = true (default)
2019-09-27 09:30:11,407 [pool-129-thread-1] INFO  server.RaftServerConfigKeys (ConfUtils.java:logGet(43)) - raft.server.log.queue.byte-limit = 2147483647 (custom)
2019-09-27 09:30:11,408 [pool-139-thread-1] INFO  server.RaftServerConfigKeys (ConfUtils.java:logGet(43)) - raft.server.log.statemachine.data.sync.timeout = 10s (default)
2019-09-27 09:30:11,408 [pool-119-thread-1] INFO  server.RaftServerConfigKeys (ConfUtils.java:logGet(43)) - raft.server.log.queue.byte-limit = 2147483647 (custom)
2019-09-27 09:30:11,408 [pool-139-thread-1] INFO  server.RaftServerConfigKeys (ConfUtils.java:logGet(43)) - raft.server.log.statemachine.data.sync.timeout.retry = -1 (default)
2019-09-27 09:30:11,408 [pool-129-thread-1] INFO  server.RaftServerConfigKeys (ConfUtils.java:logGet(43)) - raft.server.log.queue.element-limit = 1024 (custom)
2019-09-27 09:30:11,408 [pool-139-thread-1] INFO  server.RaftServerConfigKeys (ConfUtils.java:logGet(43)) - raft.server.log.statemachine.data.caching.enabled = true (custom)
2019-09-27 09:30:11,408 [pool-119-thread-1] INFO  server.RaftServerConfigKeys (ConfUtils.java:logGet(43)) - raft.server.log.queue.element-limit = 1024 (custom)
2019-09-27 09:30:11,408 [pool-129-thread-1] INFO  server.RaftServerConfigKeys (ConfUtils.java:logGet(43)) - raft.server.log.segment.size.max = 1048576 (custom)
2019-09-27 09:30:11,409 [pool-119-thread-1] INFO  server.RaftServerConfigKeys (ConfUtils.java:logGet(43)) - raft.server.log.segment.size.max = 1048576 (custom)
2019-09-27 09:30:11,409 [pool-139-thread-1] INFO  segmented.SegmentedRaftLogWorker (SegmentedRaftLogWorker.java:lambda$new$0(132)) - d03084ef-c572-4bca-82a8-bf6b16c1c530@group-28734D74F447-SegmentedRaftLogWorker: flushIndex: setUnconditionally 0 -> -1
2019-09-27 09:30:11,409 [pool-119-thread-1] INFO  server.RaftServerConfigKeys (ConfUtils.java:logGet(43)) - raft.server.log.preallocated.size = 16384 (custom)
2019-09-27 09:30:11,409 [pool-129-thread-1] INFO  server.RaftServerConfigKeys (ConfUtils.java:logGet(43)) - raft.server.log.preallocated.size = 16384 (custom)
2019-09-27 09:30:11,409 [pool-139-thread-1] INFO  server.RaftServerConfigKeys (ConfUtils.java:logGet(43)) - raft.server.snapshot.auto.trigger.enabled = true (custom)
2019-09-27 09:30:11,409 [pool-119-thread-1] INFO  server.RaftServerConfigKeys (ConfUtils.java:logGet(43)) - raft.server.log.write.buffer.size = 33554432 (custom)
2019-09-27 09:30:11,409 [pool-139-thread-1] INFO  server.RaftServerConfigKeys (ConfUtils.java:logGet(43)) - raft.server.snapshot.auto.trigger.threshold = 10000 (custom)
2019-09-27 09:30:11,409 [pool-129-thread-1] INFO  server.RaftServerConfigKeys (ConfUtils.java:logGet(43)) - raft.server.log.write.buffer.size = 33554432 (custom)
2019-09-27 09:30:11,409 [pool-139-thread-1] INFO  server.RaftServerConfigKeys (ConfUtils.java:logGet(43)) - raft.server.snapshot.retention.num.files = 5 (custom)
2019-09-27 09:30:11,409 [pool-119-thread-1] INFO  server.RaftServerConfigKeys (ConfUtils.java:logGet(43)) - raft.server.log.force.sync.num = 128 (default)
2019-09-27 09:30:11,410 [pool-139-thread-1] INFO  server.RaftServerConfigKeys (ConfUtils.java:logGet(43)) - raft.server.retrycache.expirytime = 600000ms (custom)
2019-09-27 09:30:11,409 [pool-129-thread-1] INFO  server.RaftServerConfigKeys (ConfUtils.java:logGet(43)) - raft.server.log.force.sync.num = 128 (default)
2019-09-27 09:30:11,410 [pool-119-thread-1] INFO  server.RaftServerConfigKeys (ConfUtils.java:logGet(43)) - raft.server.log.statemachine.data.sync = true (default)
2019-09-27 09:30:11,410 [pool-129-thread-1] INFO  server.RaftServerConfigKeys (ConfUtils.java:logGet(43)) - raft.server.log.statemachine.data.sync = true (default)
2019-09-27 09:30:11,410 [pool-119-thread-1] INFO  server.RaftServerConfigKeys (ConfUtils.java:logGet(43)) - raft.server.log.statemachine.data.sync.timeout = 10s (default)
2019-09-27 09:30:11,410 [pool-129-thread-1] INFO  server.RaftServerConfigKeys (ConfUtils.java:logGet(43)) - raft.server.log.statemachine.data.sync.timeout = 10s (default)
2019-09-27 09:30:11,410 [pool-119-thread-1] INFO  server.RaftServerConfigKeys (ConfUtils.java:logGet(43)) - raft.server.log.statemachine.data.sync.timeout.retry = -1 (default)
2019-09-27 09:30:11,410 [pool-129-thread-1] INFO  server.RaftServerConfigKeys (ConfUtils.java:logGet(43)) - raft.server.log.statemachine.data.sync.timeout.retry = -1 (default)
2019-09-27 09:30:11,410 [pool-119-thread-1] INFO  server.RaftServerConfigKeys (ConfUtils.java:logGet(43)) - raft.server.log.statemachine.data.caching.enabled = true (custom)
2019-09-27 09:30:11,411 [pool-129-thread-1] INFO  server.RaftServerConfigKeys (ConfUtils.java:logGet(43)) - raft.server.log.statemachine.data.caching.enabled = true (custom)
2019-09-27 09:30:11,411 [pool-119-thread-1] INFO  segmented.SegmentedRaftLogWorker (SegmentedRaftLogWorker.java:lambda$new$0(132)) - 1d13da7d-5300-4519-bdfb-397000abefd3@group-28734D74F447-SegmentedRaftLogWorker: flushIndex: setUnconditionally 0 -> -1
2019-09-27 09:30:11,411 [pool-129-thread-1] INFO  segmented.SegmentedRaftLogWorker (SegmentedRaftLogWorker.java:lambda$new$0(132)) - e309d4fc-496e-46e3-8631-94f1ca76a4a4@group-28734D74F447-SegmentedRaftLogWorker: flushIndex: setUnconditionally 0 -> -1
2019-09-27 09:30:11,411 [pool-119-thread-1] INFO  server.RaftServerConfigKeys (ConfUtils.java:logGet(43)) - raft.server.snapshot.auto.trigger.enabled = true (custom)
2019-09-27 09:30:11,411 [pool-119-thread-1] INFO  server.RaftServerConfigKeys (ConfUtils.java:logGet(43)) - raft.server.snapshot.auto.trigger.threshold = 10000 (custom)
2019-09-27 09:30:11,411 [pool-129-thread-1] INFO  server.RaftServerConfigKeys (ConfUtils.java:logGet(43)) - raft.server.snapshot.auto.trigger.enabled = true (custom)
2019-09-27 09:30:11,411 [pool-119-thread-1] INFO  server.RaftServerConfigKeys (ConfUtils.java:logGet(43)) - raft.server.snapshot.retention.num.files = 5 (custom)
2019-09-27 09:30:11,411 [pool-129-thread-1] INFO  server.RaftServerConfigKeys (ConfUtils.java:logGet(43)) - raft.server.snapshot.auto.trigger.threshold = 10000 (custom)
2019-09-27 09:30:11,411 [pool-119-thread-1] INFO  server.RaftServerConfigKeys (ConfUtils.java:logGet(43)) - raft.server.retrycache.expirytime = 600000ms (custom)
2019-09-27 09:30:11,412 [pool-129-thread-1] INFO  server.RaftServerConfigKeys (ConfUtils.java:logGet(43)) - raft.server.snapshot.retention.num.files = 5 (custom)
2019-09-27 09:30:11,412 [pool-129-thread-1] INFO  server.RaftServerConfigKeys (ConfUtils.java:logGet(43)) - raft.server.retrycache.expirytime = 600000ms (custom)
2019-09-27 09:30:11,413 [pool-139-thread-1] INFO  impl.RaftServerImpl (RaftServerImpl.java:start(185)) - d03084ef-c572-4bca-82a8-bf6b16c1c530@group-28734D74F447: start as a follower, conf=-1: [1d13da7d-5300-4519-bdfb-397000abefd3:192.168.5.136:33735, d03084ef-c572-4bca-82a8-bf6b16c1c530:192.168.5.136:39303, e309d4fc-496e-46e3-8631-94f1ca76a4a4:192.168.5.136:38543], old=null
2019-09-27 09:30:11,413 [pool-139-thread-1] INFO  impl.RaftServerImpl (RaftServerImpl.java:setRole(174)) - d03084ef-c572-4bca-82a8-bf6b16c1c530@group-28734D74F447: changes role from      null to FOLLOWER at term 0 for startAsFollower
2019-09-27 09:30:11,413 [pool-139-thread-1] INFO  impl.RoleInfo (RoleInfo.java:updateAndGet(143)) - d03084ef-c572-4bca-82a8-bf6b16c1c530: start FollowerState
2019-09-27 09:30:11,423 [pool-139-thread-1] INFO  util.JmxRegister (JmxRegister.java:tryRegister(44)) - Successfully registered JMX Bean with object name Ratis:service=RaftServer,group=group-28734D74F447,id=d03084ef-c572-4bca-82a8-bf6b16c1c530
2019-09-27 09:30:11,432 [pool-119-thread-1] INFO  impl.RaftServerImpl (RaftServerImpl.java:start(185)) - 1d13da7d-5300-4519-bdfb-397000abefd3@group-28734D74F447: start as a follower, conf=-1: [1d13da7d-5300-4519-bdfb-397000abefd3:192.168.5.136:33735, d03084ef-c572-4bca-82a8-bf6b16c1c530:192.168.5.136:39303, e309d4fc-496e-46e3-8631-94f1ca76a4a4:192.168.5.136:38543], old=null
2019-09-27 09:30:11,432 [pool-119-thread-1] INFO  impl.RaftServerImpl (RaftServerImpl.java:setRole(174)) - 1d13da7d-5300-4519-bdfb-397000abefd3@group-28734D74F447: changes role from      null to FOLLOWER at term 0 for startAsFollower
2019-09-27 09:30:11,433 [pool-129-thread-1] INFO  impl.RaftServerImpl (RaftServerImpl.java:start(185)) - e309d4fc-496e-46e3-8631-94f1ca76a4a4@group-28734D74F447: start as a follower, conf=-1: [1d13da7d-5300-4519-bdfb-397000abefd3:192.168.5.136:33735, d03084ef-c572-4bca-82a8-bf6b16c1c530:192.168.5.136:39303, e309d4fc-496e-46e3-8631-94f1ca76a4a4:192.168.5.136:38543], old=null
2019-09-27 09:30:11,433 [pool-119-thread-1] INFO  impl.RoleInfo (RoleInfo.java:updateAndGet(143)) - 1d13da7d-5300-4519-bdfb-397000abefd3: start FollowerState
2019-09-27 09:30:11,433 [pool-129-thread-1] INFO  impl.RaftServerImpl (RaftServerImpl.java:setRole(174)) - e309d4fc-496e-46e3-8631-94f1ca76a4a4@group-28734D74F447: changes role from      null to FOLLOWER at term 0 for startAsFollower
2019-09-27 09:30:11,433 [pool-129-thread-1] INFO  impl.RoleInfo (RoleInfo.java:updateAndGet(143)) - e309d4fc-496e-46e3-8631-94f1ca76a4a4: start FollowerState
2019-09-27 09:30:11,433 [pool-119-thread-1] INFO  util.JmxRegister (JmxRegister.java:tryRegister(44)) - Successfully registered JMX Bean with object name Ratis:service=RaftServer,group=group-28734D74F447,id=1d13da7d-5300-4519-bdfb-397000abefd3
2019-09-27 09:30:11,433 [pool-129-thread-1] INFO  util.JmxRegister (JmxRegister.java:tryRegister(44)) - Successfully registered JMX Bean with object name Ratis:service=RaftServer,group=group-28734D74F447,id=e309d4fc-496e-46e3-8631-94f1ca76a4a4
2019-09-27 09:30:11,436 [RatisPipelineUtilsThread] INFO  pipeline.PipelineStateManager (PipelineStateManager.java:addPipeline(56)) - Created pipeline Pipeline[ Id: 7a64ccc4-01e8-4661-83fa-28734d74f447, Nodes: 1d13da7d-5300-4519-bdfb-397000abefd3{ip: 192.168.5.136, host: pr-hdds2073-kmjxf-3010904630, networkLocation: /default-rack, certSerialId: null}d03084ef-c572-4bca-82a8-bf6b16c1c530{ip: 192.168.5.136, host: pr-hdds2073-kmjxf-3010904630, networkLocation: /default-rack, certSerialId: null}e309d4fc-496e-46e3-8631-94f1ca76a4a4{ip: 192.168.5.136, host: pr-hdds2073-kmjxf-3010904630, networkLocation: /default-rack, certSerialId: null}, Type:RATIS, Factor:THREE, State:OPEN]
2019-09-27 09:30:11,455 [IPC Server handler 6 on 45680] INFO  net.NetworkTopology (NetworkTopologyImpl.java:add(111)) - Added a new node: /default-rack/b7a6e9c1-8d08-4b5a-81cc-fb6c57153da1
2019-09-27 09:30:11,455 [IPC Server handler 6 on 45680] INFO  node.SCMNodeManager (SCMNodeManager.java:register(266)) - Registered Data node : b7a6e9c1-8d08-4b5a-81cc-fb6c57153da1{ip: 192.168.5.136, host: pr-hdds2073-kmjxf-3010904630, networkLocation: /default-rack, certSerialId: null}
2019-09-27 09:30:11,469 [grpc-default-executor-4] INFO  impl.RaftServerProxy (RaftServerProxy.java:addNew(89)) - b7a6e9c1-8d08-4b5a-81cc-fb6c57153da1: addNew group-C35C47F45A0C:[b7a6e9c1-8d08-4b5a-81cc-fb6c57153da1:192.168.5.136:34081] returns group-C35C47F45A0C:java.util.concurrent.CompletableFuture@36a6a9b4[Not completed]
2019-09-27 09:30:11,473 [pool-159-thread-1] INFO  impl.RaftServerImpl (RaftServerImpl.java:<init>(95)) - b7a6e9c1-8d08-4b5a-81cc-fb6c57153da1: new RaftServerImpl for group-C35C47F45A0C:[b7a6e9c1-8d08-4b5a-81cc-fb6c57153da1:192.168.5.136:34081] with ContainerStateMachine:uninitialized
2019-09-27 09:30:11,474 [pool-159-thread-1] INFO  server.RaftServerConfigKeys (ConfUtils.java:logGet(43)) - raft.server.rpc.timeout.min = 5s (custom)
2019-09-27 09:30:11,474 [pool-159-thread-1] INFO  server.RaftServerConfigKeys (ConfUtils.java:logGet(43)) - raft.server.rpc.timeout.max = 5200ms (custom)
2019-09-27 09:30:11,474 [pool-159-thread-1] INFO  server.RaftServerConfigKeys (ConfUtils.java:logGet(43)) - raft.server.rpcslowness.timeout = 120s (custom)
2019-09-27 09:30:11,474 [pool-159-thread-1] INFO  server.RaftServerConfigKeys (ConfUtils.java:logGet(43)) - raft.server.sleep.deviation.threshold = 300 (default)
2019-09-27 09:30:11,474 [pool-159-thread-1] INFO  server.RaftServerConfigKeys (ConfUtils.java:logGet(43)) - raft.server.log.appender.install.snapshot.enabled = false (custom)
2019-09-27 09:30:11,474 [pool-159-thread-1] INFO  impl.RaftServerImpl (ServerState.java:<init>(103)) - b7a6e9c1-8d08-4b5a-81cc-fb6c57153da1@group-C35C47F45A0C: ConfigurationManager, init=-1: [b7a6e9c1-8d08-4b5a-81cc-fb6c57153da1:192.168.5.136:34081], old=null, confs=<EMPTY_MAP>
2019-09-27 09:30:11,474 [pool-159-thread-1] INFO  server.RaftServerConfigKeys (ConfUtils.java:logGet(43)) - raft.server.storage.dir = [/workdir/hadoop-ozone/integration-test/target/test-dir/MiniOzoneClusterImpl-834b5182-62dc-4ca6-be4e-bc0179c6ec08/datanode-4/data/ratis] (custom)
2019-09-27 09:30:11,475 [pool-159-thread-1] INFO  storage.RaftStorageDirectory (RaftStorageDirectory.java:analyzeStorage(246)) - The storage directory /workdir/hadoop-ozone/integration-test/target/test-dir/MiniOzoneClusterImpl-834b5182-62dc-4ca6-be4e-bc0179c6ec08/datanode-4/data/ratis/dc68835b-9c39-41a2-89c5-c35c47f45a0c does not exist. Creating ...
2019-09-27 09:30:11,488 [pool-159-thread-1] INFO  storage.RaftStorageDirectory (RaftStorageDirectory.java:tryLock(328)) - Lock on /workdir/hadoop-ozone/integration-test/target/test-dir/MiniOzoneClusterImpl-834b5182-62dc-4ca6-be4e-bc0179c6ec08/datanode-4/data/ratis/dc68835b-9c39-41a2-89c5-c35c47f45a0c/in_use.lock acquired by nodename 10686@pr-hdds2073-kmjxf-3010904630
2019-09-27 09:30:11,506 [pool-159-thread-1] INFO  storage.RaftStorage (RaftStorage.java:format(72)) - Storage directory /workdir/hadoop-ozone/integration-test/target/test-dir/MiniOzoneClusterImpl-834b5182-62dc-4ca6-be4e-bc0179c6ec08/datanode-4/data/ratis/dc68835b-9c39-41a2-89c5-c35c47f45a0c has been successfully formatted.
2019-09-27 09:30:11,507 [pool-159-thread-1] INFO  ratis.ContainerStateMachine (ContainerStateMachine.java:loadSnapshot(230)) - group-C35C47F45A0C: The snapshot info is null. Setting the last applied indexto:(t:0, i:~)
2019-09-27 09:30:11,507 [pool-159-thread-1] INFO  server.RaftServerConfigKeys (ConfUtils.java:logGet(43)) - raft.server.notification.no-leader.timeout = 120s (custom)
2019-09-27 09:30:11,507 [pool-159-thread-1] INFO  server.RaftServerConfigKeys (ConfUtils.java:logGet(43)) - raft.server.log.use.memory = false (default)
2019-09-27 09:30:11,507 [pool-159-thread-1] INFO  server.RaftServerConfigKeys (ConfUtils.java:logGet(43)) - raft.server.log.purge.gap = 1000000 (custom)
2019-09-27 09:30:11,507 [pool-159-thread-1] INFO  server.RaftServerConfigKeys (ConfUtils.java:logGet(43)) - raft.server.log.appender.buffer.byte-limit = 33554432 (custom)
2019-09-27 09:30:11,507 [pool-159-thread-1] INFO  server.RaftServerConfigKeys (ConfUtils.java:logGet(43)) - raft.server.log.segment.size.max = 1048576 (custom)
2019-09-27 09:30:11,508 [pool-159-thread-1] INFO  server.RaftServerConfigKeys (ConfUtils.java:logGet(43)) - raft.server.log.segment.cache.num.max = 2 (custom)
2019-09-27 09:30:11,508 [pool-159-thread-1] INFO  segmented.SegmentedRaftLogWorker (SegmentedRaftLogWorker.java:<init>(172)) - new b7a6e9c1-8d08-4b5a-81cc-fb6c57153da1@group-C35C47F45A0C-SegmentedRaftLogWorker for RaftStorage:Storage Directory /workdir/hadoop-ozone/integration-test/target/test-dir/MiniOzoneClusterImpl-834b5182-62dc-4ca6-be4e-bc0179c6ec08/datanode-4/data/ratis/dc68835b-9c39-41a2-89c5-c35c47f45a0c
2019-09-27 09:30:11,511 [pool-159-thread-1] INFO  server.RaftServerConfigKeys (ConfUtils.java:logGet(43)) - raft.server.log.queue.byte-limit = 2147483647 (custom)
2019-09-27 09:30:11,511 [pool-159-thread-1] INFO  server.RaftServerConfigKeys (ConfUtils.java:logGet(43)) - raft.server.log.queue.element-limit = 1024 (custom)
2019-09-27 09:30:11,511 [pool-159-thread-1] INFO  server.RaftServerConfigKeys (ConfUtils.java:logGet(43)) - raft.server.log.segment.size.max = 1048576 (custom)
2019-09-27 09:30:11,512 [pool-159-thread-1] INFO  server.RaftServerConfigKeys (ConfUtils.java:logGet(43)) - raft.server.log.preallocated.size = 16384 (custom)
2019-09-27 09:30:11,512 [pool-159-thread-1] INFO  server.RaftServerConfigKeys (ConfUtils.java:logGet(43)) - raft.server.log.write.buffer.size = 33554432 (custom)
2019-09-27 09:30:11,512 [pool-159-thread-1] INFO  server.RaftServerConfigKeys (ConfUtils.java:logGet(43)) - raft.server.log.force.sync.num = 128 (default)
2019-09-27 09:30:11,512 [pool-159-thread-1] INFO  server.RaftServerConfigKeys (ConfUtils.java:logGet(43)) - raft.server.log.statemachine.data.sync = true (default)
2019-09-27 09:30:11,512 [pool-159-thread-1] INFO  server.RaftServerConfigKeys (ConfUtils.java:logGet(43)) - raft.server.log.statemachine.data.sync.timeout = 10s (default)
2019-09-27 09:30:11,512 [pool-159-thread-1] INFO  server.RaftServerConfigKeys (ConfUtils.java:logGet(43)) - raft.server.log.statemachine.data.sync.timeout.retry = -1 (default)
2019-09-27 09:30:11,513 [pool-159-thread-1] INFO  server.RaftServerConfigKeys (ConfUtils.java:logGet(43)) - raft.server.log.statemachine.data.caching.enabled = true (custom)
2019-09-27 09:30:11,513 [pool-159-thread-1] INFO  segmented.SegmentedRaftLogWorker (SegmentedRaftLogWorker.java:lambda$new$0(132)) - b7a6e9c1-8d08-4b5a-81cc-fb6c57153da1@group-C35C47F45A0C-SegmentedRaftLogWorker: flushIndex: setUnconditionally 0 -> -1
2019-09-27 09:30:11,513 [pool-159-thread-1] INFO  server.RaftServerConfigKeys (ConfUtils.java:logGet(43)) - raft.server.snapshot.auto.trigger.enabled = true (custom)
2019-09-27 09:30:11,513 [pool-159-thread-1] INFO  server.RaftServerConfigKeys (ConfUtils.java:logGet(43)) - raft.server.snapshot.auto.trigger.threshold = 10000 (custom)
2019-09-27 09:30:11,514 [pool-159-thread-1] INFO  server.RaftServerConfigKeys (ConfUtils.java:logGet(43)) - raft.server.snapshot.retention.num.files = 5 (custom)
2019-09-27 09:30:11,514 [pool-159-thread-1] INFO  server.RaftServerConfigKeys (ConfUtils.java:logGet(43)) - raft.server.retrycache.expirytime = 600000ms (custom)
2019-09-27 09:30:11,516 [pool-159-thread-1] INFO  impl.RaftServerImpl (RaftServerImpl.java:start(185)) - b7a6e9c1-8d08-4b5a-81cc-fb6c57153da1@group-C35C47F45A0C: start as a follower, conf=-1: [b7a6e9c1-8d08-4b5a-81cc-fb6c57153da1:192.168.5.136:34081], old=null
2019-09-27 09:30:11,516 [pool-159-thread-1] INFO  impl.RaftServerImpl (RaftServerImpl.java:setRole(174)) - b7a6e9c1-8d08-4b5a-81cc-fb6c57153da1@group-C35C47F45A0C: changes role from      null to FOLLOWER at term 0 for startAsFollower
2019-09-27 09:30:11,516 [pool-159-thread-1] INFO  impl.RoleInfo (RoleInfo.java:updateAndGet(143)) - b7a6e9c1-8d08-4b5a-81cc-fb6c57153da1: start FollowerState
2019-09-27 09:30:11,516 [pool-159-thread-1] INFO  util.JmxRegister (JmxRegister.java:tryRegister(44)) - Successfully registered JMX Bean with object name Ratis:service=RaftServer,group=group-C35C47F45A0C,id=b7a6e9c1-8d08-4b5a-81cc-fb6c57153da1
2019-09-27 09:30:11,519 [RatisPipelineUtilsThread] INFO  pipeline.PipelineStateManager (PipelineStateManager.java:addPipeline(56)) - Created pipeline Pipeline[ Id: dc68835b-9c39-41a2-89c5-c35c47f45a0c, Nodes: b7a6e9c1-8d08-4b5a-81cc-fb6c57153da1{ip: 192.168.5.136, host: pr-hdds2073-kmjxf-3010904630, networkLocation: /default-rack, certSerialId: null}, Type:RATIS, Factor:ONE, State:OPEN]
2019-09-27 09:30:11,527 [grpc-default-executor-4] INFO  impl.RaftServerProxy (RaftServerProxy.java:addNew(89)) - 1fbb84ac-7ee1-46c1-859c-ad619cea4be7: addNew group-7725AD2ADE00:[1fbb84ac-7ee1-46c1-859c-ad619cea4be7:192.168.5.136:43362] returns group-7725AD2ADE00:java.util.concurrent.CompletableFuture@56214ef0[Not completed]
2019-09-27 09:30:11,528 [IPC Server handler 1 on 45680] INFO  net.NetworkTopology (NetworkTopologyImpl.java:add(111)) - Added a new node: /default-rack/2f86e047-14dd-4aae-98d2-58902ea33abd
2019-09-27 09:30:11,528 [IPC Server handler 1 on 45680] INFO  node.SCMNodeManager (SCMNodeManager.java:register(266)) - Registered Data node : 2f86e047-14dd-4aae-98d2-58902ea33abd{ip: 192.168.5.136, host: pr-hdds2073-kmjxf-3010904630, networkLocation: /default-rack, certSerialId: null}
2019-09-27 09:30:11,533 [pool-149-thread-1] INFO  impl.RaftServerImpl (RaftServerImpl.java:<init>(95)) - 1fbb84ac-7ee1-46c1-859c-ad619cea4be7: new RaftServerImpl for group-7725AD2ADE00:[1fbb84ac-7ee1-46c1-859c-ad619cea4be7:192.168.5.136:43362] with ContainerStateMachine:uninitialized
2019-09-27 09:30:11,533 [pool-149-thread-1] INFO  server.RaftServerConfigKeys (ConfUtils.java:logGet(43)) - raft.server.rpc.timeout.min = 5s (custom)
2019-09-27 09:30:11,533 [pool-149-thread-1] INFO  server.RaftServerConfigKeys (ConfUtils.java:logGet(43)) - raft.server.rpc.timeout.max = 5200ms (custom)
2019-09-27 09:30:11,534 [pool-149-thread-1] INFO  server.RaftServerConfigKeys (ConfUtils.java:logGet(43)) - raft.server.rpcslowness.timeout = 120s (custom)
2019-09-27 09:30:11,534 [pool-149-thread-1] INFO  server.RaftServerConfigKeys (ConfUtils.java:logGet(43)) - raft.server.sleep.deviation.threshold = 300 (default)
2019-09-27 09:30:11,534 [pool-149-thread-1] INFO  server.RaftServerConfigKeys (ConfUtils.java:logGet(43)) - raft.server.log.appender.install.snapshot.enabled = false (custom)
2019-09-27 09:30:11,534 [pool-149-thread-1] INFO  impl.RaftServerImpl (ServerState.java:<init>(103)) - 1fbb84ac-7ee1-46c1-859c-ad619cea4be7@group-7725AD2ADE00: ConfigurationManager, init=-1: [1fbb84ac-7ee1-46c1-859c-ad619cea4be7:192.168.5.136:43362], old=null, confs=<EMPTY_MAP>
2019-09-27 09:30:11,534 [pool-149-thread-1] INFO  server.RaftServerConfigKeys (ConfUtils.java:logGet(43)) - raft.server.storage.dir = [/workdir/hadoop-ozone/integration-test/target/test-dir/MiniOzoneClusterImpl-834b5182-62dc-4ca6-be4e-bc0179c6ec08/datanode-3/data/ratis] (custom)
2019-09-27 09:30:11,535 [pool-149-thread-1] INFO  storage.RaftStorageDirectory (RaftStorageDirectory.java:analyzeStorage(246)) - The storage directory /workdir/hadoop-ozone/integration-test/target/test-dir/MiniOzoneClusterImpl-834b5182-62dc-4ca6-be4e-bc0179c6ec08/datanode-3/data/ratis/cb6c927f-988c-4ac9-b5d9-7725ad2ade00 does not exist. Creating ...
2019-09-27 09:30:11,548 [pool-149-thread-1] INFO  storage.RaftStorageDirectory (RaftStorageDirectory.java:tryLock(328)) - Lock on /workdir/hadoop-ozone/integration-test/target/test-dir/MiniOzoneClusterImpl-834b5182-62dc-4ca6-be4e-bc0179c6ec08/datanode-3/data/ratis/cb6c927f-988c-4ac9-b5d9-7725ad2ade00/in_use.lock acquired by nodename 10686@pr-hdds2073-kmjxf-3010904630
2019-09-27 09:30:11,561 [pool-149-thread-1] INFO  storage.RaftStorage (RaftStorage.java:format(72)) - Storage directory /workdir/hadoop-ozone/integration-test/target/test-dir/MiniOzoneClusterImpl-834b5182-62dc-4ca6-be4e-bc0179c6ec08/datanode-3/data/ratis/cb6c927f-988c-4ac9-b5d9-7725ad2ade00 has been successfully formatted.
2019-09-27 09:30:11,562 [pool-149-thread-1] INFO  ratis.ContainerStateMachine (ContainerStateMachine.java:loadSnapshot(230)) - group-7725AD2ADE00: The snapshot info is null. Setting the last applied indexto:(t:0, i:~)
2019-09-27 09:30:11,562 [pool-149-thread-1] INFO  server.RaftServerConfigKeys (ConfUtils.java:logGet(43)) - raft.server.notification.no-leader.timeout = 120s (custom)
2019-09-27 09:30:11,562 [pool-149-thread-1] INFO  server.RaftServerConfigKeys (ConfUtils.java:logGet(43)) - raft.server.log.use.memory = false (default)
2019-09-27 09:30:11,562 [pool-149-thread-1] INFO  server.RaftServerConfigKeys (ConfUtils.java:logGet(43)) - raft.server.log.purge.gap = 1000000 (custom)
2019-09-27 09:30:11,562 [pool-149-thread-1] INFO  server.RaftServerConfigKeys (ConfUtils.java:logGet(43)) - raft.server.log.appender.buffer.byte-limit = 33554432 (custom)
2019-09-27 09:30:11,562 [pool-149-thread-1] INFO  server.RaftServerConfigKeys (ConfUtils.java:logGet(43)) - raft.server.log.segment.size.max = 1048576 (custom)
2019-09-27 09:30:11,563 [pool-149-thread-1] INFO  server.RaftServerConfigKeys (ConfUtils.java:logGet(43)) - raft.server.log.segment.cache.num.max = 2 (custom)
2019-09-27 09:30:11,563 [pool-149-thread-1] INFO  segmented.SegmentedRaftLogWorker (SegmentedRaftLogWorker.java:<init>(172)) - new 1fbb84ac-7ee1-46c1-859c-ad619cea4be7@group-7725AD2ADE00-SegmentedRaftLogWorker for RaftStorage:Storage Directory /workdir/hadoop-ozone/integration-test/target/test-dir/MiniOzoneClusterImpl-834b5182-62dc-4ca6-be4e-bc0179c6ec08/datanode-3/data/ratis/cb6c927f-988c-4ac9-b5d9-7725ad2ade00
2019-09-27 09:30:11,565 [pool-149-thread-1] INFO  server.RaftServerConfigKeys (ConfUtils.java:logGet(43)) - raft.server.log.queue.byte-limit = 2147483647 (custom)
2019-09-27 09:30:11,565 [pool-149-thread-1] INFO  server.RaftServerConfigKeys (ConfUtils.java:logGet(43)) - raft.server.log.queue.element-limit = 1024 (custom)
2019-09-27 09:30:11,566 [pool-149-thread-1] INFO  server.RaftServerConfigKeys (ConfUtils.java:logGet(43)) - raft.server.log.segment.size.max = 1048576 (custom)
2019-09-27 09:30:11,566 [pool-149-thread-1] INFO  server.RaftServerConfigKeys (ConfUtils.java:logGet(43)) - raft.server.log.preallocated.size = 16384 (custom)
2019-09-27 09:30:11,566 [pool-149-thread-1] INFO  server.RaftServerConfigKeys (ConfUtils.java:logGet(43)) - raft.server.log.write.buffer.size = 33554432 (custom)
2019-09-27 09:30:11,566 [pool-149-thread-1] INFO  server.RaftServerConfigKeys (ConfUtils.java:logGet(43)) - raft.server.log.force.sync.num = 128 (default)
2019-09-27 09:30:11,566 [pool-149-thread-1] INFO  server.RaftServerConfigKeys (ConfUtils.java:logGet(43)) - raft.server.log.statemachine.data.sync = true (default)
2019-09-27 09:30:11,566 [pool-149-thread-1] INFO  server.RaftServerConfigKeys (ConfUtils.java:logGet(43)) - raft.server.log.statemachine.data.sync.timeout = 10s (default)
2019-09-27 09:30:11,567 [pool-149-thread-1] INFO  server.RaftServerConfigKeys (ConfUtils.java:logGet(43)) - raft.server.log.statemachine.data.sync.timeout.retry = -1 (default)
2019-09-27 09:30:11,567 [pool-149-thread-1] INFO  server.RaftServerConfigKeys (ConfUtils.java:logGet(43)) - raft.server.log.statemachine.data.caching.enabled = true (custom)
2019-09-27 09:30:11,567 [pool-149-thread-1] INFO  segmented.SegmentedRaftLogWorker (SegmentedRaftLogWorker.java:lambda$new$0(132)) - 1fbb84ac-7ee1-46c1-859c-ad619cea4be7@group-7725AD2ADE00-SegmentedRaftLogWorker: flushIndex: setUnconditionally 0 -> -1
2019-09-27 09:30:11,568 [pool-149-thread-1] INFO  server.RaftServerConfigKeys (ConfUtils.java:logGet(43)) - raft.server.snapshot.auto.trigger.enabled = true (custom)
2019-09-27 09:30:11,568 [pool-149-thread-1] INFO  server.RaftServerConfigKeys (ConfUtils.java:logGet(43)) - raft.server.snapshot.auto.trigger.threshold = 10000 (custom)
2019-09-27 09:30:11,568 [pool-149-thread-1] INFO  server.RaftServerConfigKeys (ConfUtils.java:logGet(43)) - raft.server.snapshot.retention.num.files = 5 (custom)
2019-09-27 09:30:11,568 [pool-149-thread-1] INFO  server.RaftServerConfigKeys (ConfUtils.java:logGet(43)) - raft.server.retrycache.expirytime = 600000ms (custom)
2019-09-27 09:30:11,571 [pool-149-thread-1] INFO  impl.RaftServerImpl (RaftServerImpl.java:start(185)) - 1fbb84ac-7ee1-46c1-859c-ad619cea4be7@group-7725AD2ADE00: start as a follower, conf=-1: [1fbb84ac-7ee1-46c1-859c-ad619cea4be7:192.168.5.136:43362], old=null
2019-09-27 09:30:11,571 [pool-149-thread-1] INFO  impl.RaftServerImpl (RaftServerImpl.java:setRole(174)) - 1fbb84ac-7ee1-46c1-859c-ad619cea4be7@group-7725AD2ADE00: changes role from      null to FOLLOWER at term 0 for startAsFollower
2019-09-27 09:30:11,571 [pool-149-thread-1] INFO  impl.RoleInfo (RoleInfo.java:updateAndGet(143)) - 1fbb84ac-7ee1-46c1-859c-ad619cea4be7: start FollowerState
2019-09-27 09:30:11,571 [pool-149-thread-1] INFO  util.JmxRegister (JmxRegister.java:tryRegister(44)) - Successfully registered JMX Bean with object name Ratis:service=RaftServer,group=group-7725AD2ADE00,id=1fbb84ac-7ee1-46c1-859c-ad619cea4be7
2019-09-27 09:30:11,575 [RatisPipelineUtilsThread] INFO  pipeline.PipelineStateManager (PipelineStateManager.java:addPipeline(56)) - Created pipeline Pipeline[ Id: cb6c927f-988c-4ac9-b5d9-7725ad2ade00, Nodes: 1fbb84ac-7ee1-46c1-859c-ad619cea4be7{ip: 192.168.5.136, host: pr-hdds2073-kmjxf-3010904630, networkLocation: /default-rack, certSerialId: null}, Type:RATIS, Factor:ONE, State:OPEN]
2019-09-27 09:30:11,583 [grpc-default-executor-4] INFO  impl.RaftServerProxy (RaftServerProxy.java:addNew(89)) - 2f86e047-14dd-4aae-98d2-58902ea33abd: addNew group-108E88CF8368:[2f86e047-14dd-4aae-98d2-58902ea33abd:192.168.5.136:42324] returns group-108E88CF8368:java.util.concurrent.CompletableFuture@3fd38467[Not completed]
2019-09-27 09:30:11,588 [pool-169-thread-1] INFO  impl.RaftServerImpl (RaftServerImpl.java:<init>(95)) - 2f86e047-14dd-4aae-98d2-58902ea33abd: new RaftServerImpl for group-108E88CF8368:[2f86e047-14dd-4aae-98d2-58902ea33abd:192.168.5.136:42324] with ContainerStateMachine:uninitialized
2019-09-27 09:30:11,588 [pool-169-thread-1] INFO  server.RaftServerConfigKeys (ConfUtils.java:logGet(43)) - raft.server.rpc.timeout.min = 5s (custom)
2019-09-27 09:30:11,589 [pool-169-thread-1] INFO  server.RaftServerConfigKeys (ConfUtils.java:logGet(43)) - raft.server.rpc.timeout.max = 5200ms (custom)
2019-09-27 09:30:11,589 [pool-169-thread-1] INFO  server.RaftServerConfigKeys (ConfUtils.java:logGet(43)) - raft.server.rpcslowness.timeout = 120s (custom)
2019-09-27 09:30:11,589 [pool-169-thread-1] INFO  server.RaftServerConfigKeys (ConfUtils.java:logGet(43)) - raft.server.sleep.deviation.threshold = 300 (default)
2019-09-27 09:30:11,589 [pool-169-thread-1] INFO  server.RaftServerConfigKeys (ConfUtils.java:logGet(43)) - raft.server.log.appender.install.snapshot.enabled = false (custom)
2019-09-27 09:30:11,589 [pool-169-thread-1] INFO  impl.RaftServerImpl (ServerState.java:<init>(103)) - 2f86e047-14dd-4aae-98d2-58902ea33abd@group-108E88CF8368: ConfigurationManager, init=-1: [2f86e047-14dd-4aae-98d2-58902ea33abd:192.168.5.136:42324], old=null, confs=<EMPTY_MAP>
2019-09-27 09:30:11,589 [pool-169-thread-1] INFO  server.RaftServerConfigKeys (ConfUtils.java:logGet(43)) - raft.server.storage.dir = [/workdir/hadoop-ozone/integration-test/target/test-dir/MiniOzoneClusterImpl-834b5182-62dc-4ca6-be4e-bc0179c6ec08/datanode-5/data/ratis] (custom)
2019-09-27 09:30:11,590 [pool-169-thread-1] INFO  storage.RaftStorageDirectory (RaftStorageDirectory.java:analyzeStorage(246)) - The storage directory /workdir/hadoop-ozone/integration-test/target/test-dir/MiniOzoneClusterImpl-834b5182-62dc-4ca6-be4e-bc0179c6ec08/datanode-5/data/ratis/5101cbe0-ddb9-45ae-8978-108e88cf8368 does not exist. Creating ...
2019-09-27 09:30:11,602 [pool-169-thread-1] INFO  storage.RaftStorageDirectory (RaftStorageDirectory.java:tryLock(328)) - Lock on /workdir/hadoop-ozone/integration-test/target/test-dir/MiniOzoneClusterImpl-834b5182-62dc-4ca6-be4e-bc0179c6ec08/datanode-5/data/ratis/5101cbe0-ddb9-45ae-8978-108e88cf8368/in_use.lock acquired by nodename 10686@pr-hdds2073-kmjxf-3010904630
2019-09-27 09:30:11,616 [pool-169-thread-1] INFO  storage.RaftStorage (RaftStorage.java:format(72)) - Storage directory /workdir/hadoop-ozone/integration-test/target/test-dir/MiniOzoneClusterImpl-834b5182-62dc-4ca6-be4e-bc0179c6ec08/datanode-5/data/ratis/5101cbe0-ddb9-45ae-8978-108e88cf8368 has been successfully formatted.
2019-09-27 09:30:11,616 [IPC Server handler 5 on 45680] INFO  net.NetworkTopology (NetworkTopologyImpl.java:add(111)) - Added a new node: /default-rack/b054b38d-37c7-4db0-867d-84a4497eca78
2019-09-27 09:30:11,616 [pool-169-thread-1] INFO  ratis.ContainerStateMachine (ContainerStateMachine.java:loadSnapshot(230)) - group-108E88CF8368: The snapshot info is null. Setting the last applied indexto:(t:0, i:~)
2019-09-27 09:30:11,616 [IPC Server handler 5 on 45680] INFO  node.SCMNodeManager (SCMNodeManager.java:register(266)) - Registered Data node : b054b38d-37c7-4db0-867d-84a4497eca78{ip: 192.168.5.136, host: pr-hdds2073-kmjxf-3010904630, networkLocation: /default-rack, certSerialId: null}
2019-09-27 09:30:11,617 [pool-169-thread-1] INFO  server.RaftServerConfigKeys (ConfUtils.java:logGet(43)) - raft.server.notification.no-leader.timeout = 120s (custom)
2019-09-27 09:30:11,617 [main] INFO  ozone.MiniOzoneClusterImpl (MiniOzoneClusterImpl.java:lambda$waitForClusterToBeReady$0(147)) - Cluster is ready. Got 7 of 7 DN Heartbeats.
2019-09-27 09:30:11,617 [pool-169-thread-1] INFO  server.RaftServerConfigKeys (ConfUtils.java:logGet(43)) - raft.server.log.use.memory = false (default)
2019-09-27 09:30:11,617 [pool-169-thread-1] INFO  server.RaftServerConfigKeys (ConfUtils.java:logGet(43)) - raft.server.log.purge.gap = 1000000 (custom)
2019-09-27 09:30:11,618 [pool-169-thread-1] INFO  server.RaftServerConfigKeys (ConfUtils.java:logGet(43)) - raft.server.log.appender.buffer.byte-limit = 33554432 (custom)
2019-09-27 09:30:11,618 [pool-169-thread-1] INFO  server.RaftServerConfigKeys (ConfUtils.java:logGet(43)) - raft.server.log.segment.size.max = 1048576 (custom)
2019-09-27 09:30:11,618 [pool-169-thread-1] INFO  server.RaftServerConfigKeys (ConfUtils.java:logGet(43)) - raft.server.log.segment.cache.num.max = 2 (custom)
2019-09-27 09:30:11,618 [pool-169-thread-1] INFO  segmented.SegmentedRaftLogWorker (SegmentedRaftLogWorker.java:<init>(172)) - new 2f86e047-14dd-4aae-98d2-58902ea33abd@group-108E88CF8368-SegmentedRaftLogWorker for RaftStorage:Storage Directory /workdir/hadoop-ozone/integration-test/target/test-dir/MiniOzoneClusterImpl-834b5182-62dc-4ca6-be4e-bc0179c6ec08/datanode-5/data/ratis/5101cbe0-ddb9-45ae-8978-108e88cf8368
2019-09-27 09:30:11,621 [pool-169-thread-1] INFO  server.RaftServerConfigKeys (ConfUtils.java:logGet(43)) - raft.server.log.queue.byte-limit = 2147483647 (custom)
2019-09-27 09:30:11,621 [pool-169-thread-1] INFO  server.RaftServerConfigKeys (ConfUtils.java:logGet(43)) - raft.server.log.queue.element-limit = 1024 (custom)
2019-09-27 09:30:11,622 [pool-169-thread-1] INFO  server.RaftServerConfigKeys (ConfUtils.java:logGet(43)) - raft.server.log.segment.size.max = 1048576 (custom)
2019-09-27 09:30:11,625 [pool-169-thread-1] INFO  server.RaftServerConfigKeys (ConfUtils.java:logGet(43)) - raft.server.log.preallocated.size = 16384 (custom)
2019-09-27 09:30:11,628 [pool-169-thread-1] INFO  server.RaftServerConfigKeys (ConfUtils.java:logGet(43)) - raft.server.log.write.buffer.size = 33554432 (custom)
2019-09-27 09:30:11,628 [pool-169-thread-1] INFO  server.RaftServerConfigKeys (ConfUtils.java:logGet(43)) - raft.server.log.force.sync.num = 128 (default)
2019-09-27 09:30:11,628 [pool-169-thread-1] INFO  server.RaftServerConfigKeys (ConfUtils.java:logGet(43)) - raft.server.log.statemachine.data.sync = true (default)
2019-09-27 09:30:11,628 [pool-169-thread-1] INFO  server.RaftServerConfigKeys (ConfUtils.java:logGet(43)) - raft.server.log.statemachine.data.sync.timeout = 10s (default)
2019-09-27 09:30:11,628 [pool-169-thread-1] INFO  server.RaftServerConfigKeys (ConfUtils.java:logGet(43)) - raft.server.log.statemachine.data.sync.timeout.retry = -1 (default)
2019-09-27 09:30:11,629 [pool-169-thread-1] INFO  server.RaftServerConfigKeys (ConfUtils.java:logGet(43)) - raft.server.log.statemachine.data.caching.enabled = true (custom)
2019-09-27 09:30:11,629 [pool-169-thread-1] INFO  segmented.SegmentedRaftLogWorker (SegmentedRaftLogWorker.java:lambda$new$0(132)) - 2f86e047-14dd-4aae-98d2-58902ea33abd@group-108E88CF8368-SegmentedRaftLogWorker: flushIndex: setUnconditionally 0 -> -1
2019-09-27 09:30:11,630 [pool-169-thread-1] INFO  server.RaftServerConfigKeys (ConfUtils.java:logGet(43)) - raft.server.snapshot.auto.trigger.enabled = true (custom)
2019-09-27 09:30:11,630 [pool-169-thread-1] INFO  server.RaftServerConfigKeys (ConfUtils.java:logGet(43)) - raft.server.snapshot.auto.trigger.threshold = 10000 (custom)
2019-09-27 09:30:11,630 [pool-169-thread-1] INFO  server.RaftServerConfigKeys (ConfUtils.java:logGet(43)) - raft.server.snapshot.retention.num.files = 5 (custom)
2019-09-27 09:30:11,630 [pool-169-thread-1] INFO  server.RaftServerConfigKeys (ConfUtils.java:logGet(43)) - raft.server.retrycache.expirytime = 600000ms (custom)
2019-09-27 09:30:11,645 [pool-169-thread-1] INFO  impl.RaftServerImpl (RaftServerImpl.java:start(185)) - 2f86e047-14dd-4aae-98d2-58902ea33abd@group-108E88CF8368: start as a follower, conf=-1: [2f86e047-14dd-4aae-98d2-58902ea33abd:192.168.5.136:42324], old=null
2019-09-27 09:30:11,645 [pool-169-thread-1] INFO  impl.RaftServerImpl (RaftServerImpl.java:setRole(174)) - 2f86e047-14dd-4aae-98d2-58902ea33abd@group-108E88CF8368: changes role from      null to FOLLOWER at term 0 for startAsFollower
2019-09-27 09:30:11,645 [pool-169-thread-1] INFO  impl.RoleInfo (RoleInfo.java:updateAndGet(143)) - 2f86e047-14dd-4aae-98d2-58902ea33abd: start FollowerState
2019-09-27 09:30:11,646 [pool-169-thread-1] INFO  util.JmxRegister (JmxRegister.java:tryRegister(44)) - Successfully registered JMX Bean with object name Ratis:service=RaftServer,group=group-108E88CF8368,id=2f86e047-14dd-4aae-98d2-58902ea33abd
2019-09-27 09:30:11,648 [RatisPipelineUtilsThread] INFO  pipeline.PipelineStateManager (PipelineStateManager.java:addPipeline(56)) - Created pipeline Pipeline[ Id: 5101cbe0-ddb9-45ae-8978-108e88cf8368, Nodes: 2f86e047-14dd-4aae-98d2-58902ea33abd{ip: 192.168.5.136, host: pr-hdds2073-kmjxf-3010904630, networkLocation: /default-rack, certSerialId: null}, Type:RATIS, Factor:ONE, State:OPEN]
2019-09-27 09:30:11,654 [main] INFO  rpc.RpcClient (RpcClient.java:createVolume(276)) - Creating Volume: testblockoutputstreamwithretries, with jenkins1000 as owner.
2019-09-27 09:30:11,659 [grpc-default-executor-4] INFO  impl.RaftServerProxy (RaftServerProxy.java:addNew(89)) - b054b38d-37c7-4db0-867d-84a4497eca78: addNew group-1382DFDC2C55:[b054b38d-37c7-4db0-867d-84a4497eca78:192.168.5.136:34668] returns group-1382DFDC2C55:java.util.concurrent.CompletableFuture@2e3ab30a[Not completed]
2019-09-27 09:30:11,663 [pool-179-thread-1] INFO  impl.RaftServerImpl (RaftServerImpl.java:<init>(95)) - b054b38d-37c7-4db0-867d-84a4497eca78: new RaftServerImpl for group-1382DFDC2C55:[b054b38d-37c7-4db0-867d-84a4497eca78:192.168.5.136:34668] with ContainerStateMachine:uninitialized
2019-09-27 09:30:11,663 [pool-179-thread-1] INFO  server.RaftServerConfigKeys (ConfUtils.java:logGet(43)) - raft.server.rpc.timeout.min = 5s (custom)
2019-09-27 09:30:11,663 [pool-179-thread-1] INFO  server.RaftServerConfigKeys (ConfUtils.java:logGet(43)) - raft.server.rpc.timeout.max = 5200ms (custom)
2019-09-27 09:30:11,663 [pool-179-thread-1] INFO  server.RaftServerConfigKeys (ConfUtils.java:logGet(43)) - raft.server.rpcslowness.timeout = 120s (custom)
2019-09-27 09:30:11,663 [pool-179-thread-1] INFO  server.RaftServerConfigKeys (ConfUtils.java:logGet(43)) - raft.server.sleep.deviation.threshold = 300 (default)
2019-09-27 09:30:11,664 [pool-179-thread-1] INFO  server.RaftServerConfigKeys (ConfUtils.java:logGet(43)) - raft.server.log.appender.install.snapshot.enabled = false (custom)
2019-09-27 09:30:11,664 [pool-179-thread-1] INFO  impl.RaftServerImpl (ServerState.java:<init>(103)) - b054b38d-37c7-4db0-867d-84a4497eca78@group-1382DFDC2C55: ConfigurationManager, init=-1: [b054b38d-37c7-4db0-867d-84a4497eca78:192.168.5.136:34668], old=null, confs=<EMPTY_MAP>
2019-09-27 09:30:11,664 [pool-179-thread-1] INFO  server.RaftServerConfigKeys (ConfUtils.java:logGet(43)) - raft.server.storage.dir = [/workdir/hadoop-ozone/integration-test/target/test-dir/MiniOzoneClusterImpl-834b5182-62dc-4ca6-be4e-bc0179c6ec08/datanode-6/data/ratis] (custom)
2019-09-27 09:30:11,664 [IPC Server handler 9 on 45731] INFO  volume.OMVolumeCreateRequest (OMVolumeCreateRequest.java:validateAndUpdateCache(194)) - created volume:testblockoutputstreamwithretries for user:jenkins1000
2019-09-27 09:30:11,664 [pool-179-thread-1] INFO  storage.RaftStorageDirectory (RaftStorageDirectory.java:analyzeStorage(246)) - The storage directory /workdir/hadoop-ozone/integration-test/target/test-dir/MiniOzoneClusterImpl-834b5182-62dc-4ca6-be4e-bc0179c6ec08/datanode-6/data/ratis/3386b1bc-5b93-442b-a716-1382dfdc2c55 does not exist. Creating ...
2019-09-27 09:30:11,675 [main] INFO  rpc.RpcClient (RpcClient.java:createBucket(415)) - Creating Bucket: testblockoutputstreamwithretries/testblockoutputstreamwithretries, with Versioning false and Storage Type set to DISK and Encryption set to false 
2019-09-27 09:30:11,677 [pool-179-thread-1] INFO  storage.RaftStorageDirectory (RaftStorageDirectory.java:tryLock(328)) - Lock on /workdir/hadoop-ozone/integration-test/target/test-dir/MiniOzoneClusterImpl-834b5182-62dc-4ca6-be4e-bc0179c6ec08/datanode-6/data/ratis/3386b1bc-5b93-442b-a716-1382dfdc2c55/in_use.lock acquired by nodename 10686@pr-hdds2073-kmjxf-3010904630
2019-09-27 09:30:11,689 [pool-179-thread-1] INFO  storage.RaftStorage (RaftStorage.java:format(72)) - Storage directory /workdir/hadoop-ozone/integration-test/target/test-dir/MiniOzoneClusterImpl-834b5182-62dc-4ca6-be4e-bc0179c6ec08/datanode-6/data/ratis/3386b1bc-5b93-442b-a716-1382dfdc2c55 has been successfully formatted.
2019-09-27 09:30:11,689 [pool-179-thread-1] INFO  ratis.ContainerStateMachine (ContainerStateMachine.java:loadSnapshot(230)) - group-1382DFDC2C55: The snapshot info is null. Setting the last applied indexto:(t:0, i:~)
2019-09-27 09:30:11,689 [pool-179-thread-1] INFO  server.RaftServerConfigKeys (ConfUtils.java:logGet(43)) - raft.server.notification.no-leader.timeout = 120s (custom)
2019-09-27 09:30:11,689 [pool-179-thread-1] INFO  server.RaftServerConfigKeys (ConfUtils.java:logGet(43)) - raft.server.log.use.memory = false (default)
2019-09-27 09:30:11,689 [pool-179-thread-1] INFO  server.RaftServerConfigKeys (ConfUtils.java:logGet(43)) - raft.server.log.purge.gap = 1000000 (custom)
2019-09-27 09:30:11,689 [pool-179-thread-1] INFO  server.RaftServerConfigKeys (ConfUtils.java:logGet(43)) - raft.server.log.appender.buffer.byte-limit = 33554432 (custom)
2019-09-27 09:30:11,690 [pool-179-thread-1] INFO  server.RaftServerConfigKeys (ConfUtils.java:logGet(43)) - raft.server.log.segment.size.max = 1048576 (custom)
2019-09-27 09:30:11,690 [pool-179-thread-1] INFO  server.RaftServerConfigKeys (ConfUtils.java:logGet(43)) - raft.server.log.segment.cache.num.max = 2 (custom)
2019-09-27 09:30:11,690 [pool-179-thread-1] INFO  segmented.SegmentedRaftLogWorker (SegmentedRaftLogWorker.java:<init>(172)) - new b054b38d-37c7-4db0-867d-84a4497eca78@group-1382DFDC2C55-SegmentedRaftLogWorker for RaftStorage:Storage Directory /workdir/hadoop-ozone/integration-test/target/test-dir/MiniOzoneClusterImpl-834b5182-62dc-4ca6-be4e-bc0179c6ec08/datanode-6/data/ratis/3386b1bc-5b93-442b-a716-1382dfdc2c55
2019-09-27 09:30:11,692 [pool-179-thread-1] INFO  server.RaftServerConfigKeys (ConfUtils.java:logGet(43)) - raft.server.log.queue.byte-limit = 2147483647 (custom)
2019-09-27 09:30:11,692 [pool-179-thread-1] INFO  server.RaftServerConfigKeys (ConfUtils.java:logGet(43)) - raft.server.log.queue.element-limit = 1024 (custom)
2019-09-27 09:30:11,692 [pool-179-thread-1] INFO  server.RaftServerConfigKeys (ConfUtils.java:logGet(43)) - raft.server.log.segment.size.max = 1048576 (custom)
2019-09-27 09:30:11,692 [pool-179-thread-1] INFO  server.RaftServerConfigKeys (ConfUtils.java:logGet(43)) - raft.server.log.preallocated.size = 16384 (custom)
2019-09-27 09:30:11,692 [pool-179-thread-1] INFO  server.RaftServerConfigKeys (ConfUtils.java:logGet(43)) - raft.server.log.write.buffer.size = 33554432 (custom)
2019-09-27 09:30:11,692 [pool-179-thread-1] INFO  server.RaftServerConfigKeys (ConfUtils.java:logGet(43)) - raft.server.log.force.sync.num = 128 (default)
2019-09-27 09:30:11,692 [pool-179-thread-1] INFO  server.RaftServerConfigKeys (ConfUtils.java:logGet(43)) - raft.server.log.statemachine.data.sync = true (default)
2019-09-27 09:30:11,692 [pool-179-thread-1] INFO  server.RaftServerConfigKeys (ConfUtils.java:logGet(43)) - raft.server.log.statemachine.data.sync.timeout = 10s (default)
2019-09-27 09:30:11,692 [pool-179-thread-1] INFO  server.RaftServerConfigKeys (ConfUtils.java:logGet(43)) - raft.server.log.statemachine.data.sync.timeout.retry = -1 (default)
2019-09-27 09:30:11,693 [pool-179-thread-1] INFO  server.RaftServerConfigKeys (ConfUtils.java:logGet(43)) - raft.server.log.statemachine.data.caching.enabled = true (custom)
2019-09-27 09:30:11,693 [pool-179-thread-1] INFO  segmented.SegmentedRaftLogWorker (SegmentedRaftLogWorker.java:lambda$new$0(132)) - b054b38d-37c7-4db0-867d-84a4497eca78@group-1382DFDC2C55-SegmentedRaftLogWorker: flushIndex: setUnconditionally 0 -> -1
2019-09-27 09:30:11,693 [pool-179-thread-1] INFO  server.RaftServerConfigKeys (ConfUtils.java:logGet(43)) - raft.server.snapshot.auto.trigger.enabled = true (custom)
2019-09-27 09:30:11,693 [pool-179-thread-1] INFO  server.RaftServerConfigKeys (ConfUtils.java:logGet(43)) - raft.server.snapshot.auto.trigger.threshold = 10000 (custom)
2019-09-27 09:30:11,693 [pool-179-thread-1] INFO  server.RaftServerConfigKeys (ConfUtils.java:logGet(43)) - raft.server.snapshot.retention.num.files = 5 (custom)
2019-09-27 09:30:11,693 [pool-179-thread-1] INFO  server.RaftServerConfigKeys (ConfUtils.java:logGet(43)) - raft.server.retrycache.expirytime = 600000ms (custom)
2019-09-27 09:30:11,695 [pool-179-thread-1] INFO  impl.RaftServerImpl (RaftServerImpl.java:start(185)) - b054b38d-37c7-4db0-867d-84a4497eca78@group-1382DFDC2C55: start as a follower, conf=-1: [b054b38d-37c7-4db0-867d-84a4497eca78:192.168.5.136:34668], old=null
2019-09-27 09:30:11,695 [pool-179-thread-1] INFO  impl.RaftServerImpl (RaftServerImpl.java:setRole(174)) - b054b38d-37c7-4db0-867d-84a4497eca78@group-1382DFDC2C55: changes role from      null to FOLLOWER at term 0 for startAsFollower
2019-09-27 09:30:11,695 [pool-179-thread-1] INFO  impl.RoleInfo (RoleInfo.java:updateAndGet(143)) - b054b38d-37c7-4db0-867d-84a4497eca78: start FollowerState
2019-09-27 09:30:11,695 [pool-179-thread-1] INFO  util.JmxRegister (JmxRegister.java:tryRegister(44)) - Successfully registered JMX Bean with object name Ratis:service=RaftServer,group=group-1382DFDC2C55,id=b054b38d-37c7-4db0-867d-84a4497eca78
2019-09-27 09:30:11,697 [RatisPipelineUtilsThread] INFO  pipeline.PipelineStateManager (PipelineStateManager.java:addPipeline(56)) - Created pipeline Pipeline[ Id: 3386b1bc-5b93-442b-a716-1382dfdc2c55, Nodes: b054b38d-37c7-4db0-867d-84a4497eca78{ip: 192.168.5.136, host: pr-hdds2073-kmjxf-3010904630, networkLocation: /default-rack, certSerialId: null}, Type:RATIS, Factor:ONE, State:OPEN]
2019-09-27 09:30:11,711 [grpc-default-executor-3] INFO  impl.RaftServerProxy (RaftServerProxy.java:addNew(89)) - b054b38d-37c7-4db0-867d-84a4497eca78: addNew group-C577347BA740:[b054b38d-37c7-4db0-867d-84a4497eca78:192.168.5.136:34668, 1fbb84ac-7ee1-46c1-859c-ad619cea4be7:192.168.5.136:43362, b7a6e9c1-8d08-4b5a-81cc-fb6c57153da1:192.168.5.136:34081] returns group-C577347BA740:java.util.concurrent.CompletableFuture@76604cd7[Not completed]
2019-09-27 09:30:11,711 [grpc-default-executor-4] INFO  impl.RaftServerProxy (RaftServerProxy.java:addNew(89)) - 1fbb84ac-7ee1-46c1-859c-ad619cea4be7: addNew group-C577347BA740:[b054b38d-37c7-4db0-867d-84a4497eca78:192.168.5.136:34668, 1fbb84ac-7ee1-46c1-859c-ad619cea4be7:192.168.5.136:43362, b7a6e9c1-8d08-4b5a-81cc-fb6c57153da1:192.168.5.136:34081] returns group-C577347BA740:java.util.concurrent.CompletableFuture@26c6ec1b[Not completed]
2019-09-27 09:30:11,712 [grpc-default-executor-3] INFO  impl.RaftServerProxy (RaftServerProxy.java:addNew(89)) - b7a6e9c1-8d08-4b5a-81cc-fb6c57153da1: addNew group-C577347BA740:[b054b38d-37c7-4db0-867d-84a4497eca78:192.168.5.136:34668, 1fbb84ac-7ee1-46c1-859c-ad619cea4be7:192.168.5.136:43362, b7a6e9c1-8d08-4b5a-81cc-fb6c57153da1:192.168.5.136:34081] returns group-C577347BA740:java.util.concurrent.CompletableFuture@3fc2cf76[Not completed]
2019-09-27 09:30:11,713 [pool-179-thread-1] INFO  impl.RaftServerImpl (RaftServerImpl.java:<init>(95)) - b054b38d-37c7-4db0-867d-84a4497eca78: new RaftServerImpl for group-C577347BA740:[b054b38d-37c7-4db0-867d-84a4497eca78:192.168.5.136:34668, 1fbb84ac-7ee1-46c1-859c-ad619cea4be7:192.168.5.136:43362, b7a6e9c1-8d08-4b5a-81cc-fb6c57153da1:192.168.5.136:34081] with ContainerStateMachine:uninitialized
2019-09-27 09:30:11,713 [pool-179-thread-1] INFO  server.RaftServerConfigKeys (ConfUtils.java:logGet(43)) - raft.server.rpc.timeout.min = 5s (custom)
2019-09-27 09:30:11,713 [pool-179-thread-1] INFO  server.RaftServerConfigKeys (ConfUtils.java:logGet(43)) - raft.server.rpc.timeout.max = 5200ms (custom)
2019-09-27 09:30:11,713 [pool-179-thread-1] INFO  server.RaftServerConfigKeys (ConfUtils.java:logGet(43)) - raft.server.rpcslowness.timeout = 120s (custom)
2019-09-27 09:30:11,713 [pool-179-thread-1] INFO  server.RaftServerConfigKeys (ConfUtils.java:logGet(43)) - raft.server.sleep.deviation.threshold = 300 (default)
2019-09-27 09:30:11,713 [pool-179-thread-1] INFO  server.RaftServerConfigKeys (ConfUtils.java:logGet(43)) - raft.server.log.appender.install.snapshot.enabled = false (custom)
2019-09-27 09:30:11,713 [pool-179-thread-1] INFO  impl.RaftServerImpl (ServerState.java:<init>(103)) - b054b38d-37c7-4db0-867d-84a4497eca78@group-C577347BA740: ConfigurationManager, init=-1: [b054b38d-37c7-4db0-867d-84a4497eca78:192.168.5.136:34668, 1fbb84ac-7ee1-46c1-859c-ad619cea4be7:192.168.5.136:43362, b7a6e9c1-8d08-4b5a-81cc-fb6c57153da1:192.168.5.136:34081], old=null, confs=<EMPTY_MAP>
2019-09-27 09:30:11,713 [pool-179-thread-1] INFO  server.RaftServerConfigKeys (ConfUtils.java:logGet(43)) - raft.server.storage.dir = [/workdir/hadoop-ozone/integration-test/target/test-dir/MiniOzoneClusterImpl-834b5182-62dc-4ca6-be4e-bc0179c6ec08/datanode-6/data/ratis] (custom)
2019-09-27 09:30:11,714 [pool-159-thread-1] INFO  impl.RaftServerImpl (RaftServerImpl.java:<init>(95)) - b7a6e9c1-8d08-4b5a-81cc-fb6c57153da1: new RaftServerImpl for group-C577347BA740:[b054b38d-37c7-4db0-867d-84a4497eca78:192.168.5.136:34668, 1fbb84ac-7ee1-46c1-859c-ad619cea4be7:192.168.5.136:43362, b7a6e9c1-8d08-4b5a-81cc-fb6c57153da1:192.168.5.136:34081] with ContainerStateMachine:uninitialized
2019-09-27 09:30:11,714 [pool-179-thread-1] INFO  storage.RaftStorageDirectory (RaftStorageDirectory.java:analyzeStorage(246)) - The storage directory /workdir/hadoop-ozone/integration-test/target/test-dir/MiniOzoneClusterImpl-834b5182-62dc-4ca6-be4e-bc0179c6ec08/datanode-6/data/ratis/5161acae-a8dc-481b-a211-c577347ba740 does not exist. Creating ...
2019-09-27 09:30:11,714 [pool-159-thread-1] INFO  server.RaftServerConfigKeys (ConfUtils.java:logGet(43)) - raft.server.rpc.timeout.min = 5s (custom)
2019-09-27 09:30:11,714 [pool-159-thread-1] INFO  server.RaftServerConfigKeys (ConfUtils.java:logGet(43)) - raft.server.rpc.timeout.max = 5200ms (custom)
2019-09-27 09:30:11,714 [pool-149-thread-1] INFO  impl.RaftServerImpl (RaftServerImpl.java:<init>(95)) - 1fbb84ac-7ee1-46c1-859c-ad619cea4be7: new RaftServerImpl for group-C577347BA740:[b054b38d-37c7-4db0-867d-84a4497eca78:192.168.5.136:34668, 1fbb84ac-7ee1-46c1-859c-ad619cea4be7:192.168.5.136:43362, b7a6e9c1-8d08-4b5a-81cc-fb6c57153da1:192.168.5.136:34081] with ContainerStateMachine:uninitialized
2019-09-27 09:30:11,714 [pool-159-thread-1] INFO  server.RaftServerConfigKeys (ConfUtils.java:logGet(43)) - raft.server.rpcslowness.timeout = 120s (custom)
2019-09-27 09:30:11,714 [pool-149-thread-1] INFO  server.RaftServerConfigKeys (ConfUtils.java:logGet(43)) - raft.server.rpc.timeout.min = 5s (custom)
2019-09-27 09:30:11,714 [pool-159-thread-1] INFO  server.RaftServerConfigKeys (ConfUtils.java:logGet(43)) - raft.server.sleep.deviation.threshold = 300 (default)
2019-09-27 09:30:11,714 [pool-149-thread-1] INFO  server.RaftServerConfigKeys (ConfUtils.java:logGet(43)) - raft.server.rpc.timeout.max = 5200ms (custom)
2019-09-27 09:30:11,715 [pool-159-thread-1] INFO  server.RaftServerConfigKeys (ConfUtils.java:logGet(43)) - raft.server.log.appender.install.snapshot.enabled = false (custom)
2019-09-27 09:30:11,715 [pool-149-thread-1] INFO  server.RaftServerConfigKeys (ConfUtils.java:logGet(43)) - raft.server.rpcslowness.timeout = 120s (custom)
2019-09-27 09:30:11,715 [pool-159-thread-1] INFO  impl.RaftServerImpl (ServerState.java:<init>(103)) - b7a6e9c1-8d08-4b5a-81cc-fb6c57153da1@group-C577347BA740: ConfigurationManager, init=-1: [b054b38d-37c7-4db0-867d-84a4497eca78:192.168.5.136:34668, 1fbb84ac-7ee1-46c1-859c-ad619cea4be7:192.168.5.136:43362, b7a6e9c1-8d08-4b5a-81cc-fb6c57153da1:192.168.5.136:34081], old=null, confs=<EMPTY_MAP>
2019-09-27 09:30:11,715 [pool-149-thread-1] INFO  server.RaftServerConfigKeys (ConfUtils.java:logGet(43)) - raft.server.sleep.deviation.threshold = 300 (default)
2019-09-27 09:30:11,715 [pool-159-thread-1] INFO  server.RaftServerConfigKeys (ConfUtils.java:logGet(43)) - raft.server.storage.dir = [/workdir/hadoop-ozone/integration-test/target/test-dir/MiniOzoneClusterImpl-834b5182-62dc-4ca6-be4e-bc0179c6ec08/datanode-4/data/ratis] (custom)
2019-09-27 09:30:11,715 [pool-149-thread-1] INFO  server.RaftServerConfigKeys (ConfUtils.java:logGet(43)) - raft.server.log.appender.install.snapshot.enabled = false (custom)
2019-09-27 09:30:11,715 [pool-149-thread-1] INFO  impl.RaftServerImpl (ServerState.java:<init>(103)) - 1fbb84ac-7ee1-46c1-859c-ad619cea4be7@group-C577347BA740: ConfigurationManager, init=-1: [b054b38d-37c7-4db0-867d-84a4497eca78:192.168.5.136:34668, 1fbb84ac-7ee1-46c1-859c-ad619cea4be7:192.168.5.136:43362, b7a6e9c1-8d08-4b5a-81cc-fb6c57153da1:192.168.5.136:34081], old=null, confs=<EMPTY_MAP>
2019-09-27 09:30:11,715 [pool-149-thread-1] INFO  server.RaftServerConfigKeys (ConfUtils.java:logGet(43)) - raft.server.storage.dir = [/workdir/hadoop-ozone/integration-test/target/test-dir/MiniOzoneClusterImpl-834b5182-62dc-4ca6-be4e-bc0179c6ec08/datanode-3/data/ratis] (custom)
2019-09-27 09:30:11,716 [pool-159-thread-1] INFO  storage.RaftStorageDirectory (RaftStorageDirectory.java:analyzeStorage(246)) - The storage directory /workdir/hadoop-ozone/integration-test/target/test-dir/MiniOzoneClusterImpl-834b5182-62dc-4ca6-be4e-bc0179c6ec08/datanode-4/data/ratis/5161acae-a8dc-481b-a211-c577347ba740 does not exist. Creating ...
2019-09-27 09:30:11,716 [pool-149-thread-1] INFO  storage.RaftStorageDirectory (RaftStorageDirectory.java:analyzeStorage(246)) - The storage directory /workdir/hadoop-ozone/integration-test/target/test-dir/MiniOzoneClusterImpl-834b5182-62dc-4ca6-be4e-bc0179c6ec08/datanode-3/data/ratis/5161acae-a8dc-481b-a211-c577347ba740 does not exist. Creating ...
2019-09-27 09:30:11,727 [pool-149-thread-1] INFO  storage.RaftStorageDirectory (RaftStorageDirectory.java:tryLock(328)) - Lock on /workdir/hadoop-ozone/integration-test/target/test-dir/MiniOzoneClusterImpl-834b5182-62dc-4ca6-be4e-bc0179c6ec08/datanode-3/data/ratis/5161acae-a8dc-481b-a211-c577347ba740/in_use.lock acquired by nodename 10686@pr-hdds2073-kmjxf-3010904630
2019-09-27 09:30:11,727 [pool-179-thread-1] INFO  storage.RaftStorageDirectory (RaftStorageDirectory.java:tryLock(328)) - Lock on /workdir/hadoop-ozone/integration-test/target/test-dir/MiniOzoneClusterImpl-834b5182-62dc-4ca6-be4e-bc0179c6ec08/datanode-6/data/ratis/5161acae-a8dc-481b-a211-c577347ba740/in_use.lock acquired by nodename 10686@pr-hdds2073-kmjxf-3010904630
2019-09-27 09:30:11,727 [pool-159-thread-1] INFO  storage.RaftStorageDirectory (RaftStorageDirectory.java:tryLock(328)) - Lock on /workdir/hadoop-ozone/integration-test/target/test-dir/MiniOzoneClusterImpl-834b5182-62dc-4ca6-be4e-bc0179c6ec08/datanode-4/data/ratis/5161acae-a8dc-481b-a211-c577347ba740/in_use.lock acquired by nodename 10686@pr-hdds2073-kmjxf-3010904630
2019-09-27 09:30:11,750 [pool-179-thread-1] INFO  storage.RaftStorage (RaftStorage.java:format(72)) - Storage directory /workdir/hadoop-ozone/integration-test/target/test-dir/MiniOzoneClusterImpl-834b5182-62dc-4ca6-be4e-bc0179c6ec08/datanode-6/data/ratis/5161acae-a8dc-481b-a211-c577347ba740 has been successfully formatted.
2019-09-27 09:30:11,750 [pool-159-thread-1] INFO  storage.RaftStorage (RaftStorage.java:format(72)) - Storage directory /workdir/hadoop-ozone/integration-test/target/test-dir/MiniOzoneClusterImpl-834b5182-62dc-4ca6-be4e-bc0179c6ec08/datanode-4/data/ratis/5161acae-a8dc-481b-a211-c577347ba740 has been successfully formatted.
2019-09-27 09:30:11,750 [pool-149-thread-1] INFO  storage.RaftStorage (RaftStorage.java:format(72)) - Storage directory /workdir/hadoop-ozone/integration-test/target/test-dir/MiniOzoneClusterImpl-834b5182-62dc-4ca6-be4e-bc0179c6ec08/datanode-3/data/ratis/5161acae-a8dc-481b-a211-c577347ba740 has been successfully formatted.
2019-09-27 09:30:11,750 [pool-159-thread-1] INFO  ratis.ContainerStateMachine (ContainerStateMachine.java:loadSnapshot(230)) - group-C577347BA740: The snapshot info is null. Setting the last applied indexto:(t:0, i:~)
2019-09-27 09:30:11,750 [pool-179-thread-1] INFO  ratis.ContainerStateMachine (ContainerStateMachine.java:loadSnapshot(230)) - group-C577347BA740: The snapshot info is null. Setting the last applied indexto:(t:0, i:~)
2019-09-27 09:30:11,750 [pool-149-thread-1] INFO  ratis.ContainerStateMachine (ContainerStateMachine.java:loadSnapshot(230)) - group-C577347BA740: The snapshot info is null. Setting the last applied indexto:(t:0, i:~)
2019-09-27 09:30:11,750 [pool-159-thread-1] INFO  server.RaftServerConfigKeys (ConfUtils.java:logGet(43)) - raft.server.notification.no-leader.timeout = 120s (custom)
2019-09-27 09:30:11,750 [pool-179-thread-1] INFO  server.RaftServerConfigKeys (ConfUtils.java:logGet(43)) - raft.server.notification.no-leader.timeout = 120s (custom)
2019-09-27 09:30:11,751 [pool-159-thread-1] INFO  server.RaftServerConfigKeys (ConfUtils.java:logGet(43)) - raft.server.log.use.memory = false (default)
2019-09-27 09:30:11,751 [pool-149-thread-1] INFO  server.RaftServerConfigKeys (ConfUtils.java:logGet(43)) - raft.server.notification.no-leader.timeout = 120s (custom)
2019-09-27 09:30:11,751 [pool-159-thread-1] INFO  server.RaftServerConfigKeys (ConfUtils.java:logGet(43)) - raft.server.log.purge.gap = 1000000 (custom)
2019-09-27 09:30:11,751 [pool-179-thread-1] INFO  server.RaftServerConfigKeys (ConfUtils.java:logGet(43)) - raft.server.log.use.memory = false (default)
2019-09-27 09:30:11,751 [pool-159-thread-1] INFO  server.RaftServerConfigKeys (ConfUtils.java:logGet(43)) - raft.server.log.appender.buffer.byte-limit = 33554432 (custom)
2019-09-27 09:30:11,751 [pool-149-thread-1] INFO  server.RaftServerConfigKeys (ConfUtils.java:logGet(43)) - raft.server.log.use.memory = false (default)
2019-09-27 09:30:11,751 [pool-159-thread-1] INFO  server.RaftServerConfigKeys (ConfUtils.java:logGet(43)) - raft.server.log.segment.size.max = 1048576 (custom)
2019-09-27 09:30:11,751 [pool-179-thread-1] INFO  server.RaftServerConfigKeys (ConfUtils.java:logGet(43)) - raft.server.log.purge.gap = 1000000 (custom)
2019-09-27 09:30:11,752 [pool-159-thread-1] INFO  server.RaftServerConfigKeys (ConfUtils.java:logGet(43)) - raft.server.log.segment.cache.num.max = 2 (custom)
2019-09-27 09:30:11,752 [pool-149-thread-1] INFO  server.RaftServerConfigKeys (ConfUtils.java:logGet(43)) - raft.server.log.purge.gap = 1000000 (custom)
2019-09-27 09:30:11,752 [pool-159-thread-1] INFO  segmented.SegmentedRaftLogWorker (SegmentedRaftLogWorker.java:<init>(172)) - new b7a6e9c1-8d08-4b5a-81cc-fb6c57153da1@group-C577347BA740-SegmentedRaftLogWorker for RaftStorage:Storage Directory /workdir/hadoop-ozone/integration-test/target/test-dir/MiniOzoneClusterImpl-834b5182-62dc-4ca6-be4e-bc0179c6ec08/datanode-4/data/ratis/5161acae-a8dc-481b-a211-c577347ba740
2019-09-27 09:30:11,752 [pool-179-thread-1] INFO  server.RaftServerConfigKeys (ConfUtils.java:logGet(43)) - raft.server.log.appender.buffer.byte-limit = 33554432 (custom)
2019-09-27 09:30:11,752 [pool-159-thread-1] INFO  server.RaftServerConfigKeys (ConfUtils.java:logGet(43)) - raft.server.log.queue.byte-limit = 2147483647 (custom)
2019-09-27 09:30:11,752 [pool-149-thread-1] INFO  server.RaftServerConfigKeys (ConfUtils.java:logGet(43)) - raft.server.log.appender.buffer.byte-limit = 33554432 (custom)
2019-09-27 09:30:11,752 [pool-159-thread-1] INFO  server.RaftServerConfigKeys (ConfUtils.java:logGet(43)) - raft.server.log.queue.element-limit = 1024 (custom)
2019-09-27 09:30:11,752 [pool-179-thread-1] INFO  server.RaftServerConfigKeys (ConfUtils.java:logGet(43)) - raft.server.log.segment.size.max = 1048576 (custom)
2019-09-27 09:30:11,753 [pool-159-thread-1] INFO  server.RaftServerConfigKeys (ConfUtils.java:logGet(43)) - raft.server.log.segment.size.max = 1048576 (custom)
2019-09-27 09:30:11,753 [pool-149-thread-1] INFO  server.RaftServerConfigKeys (ConfUtils.java:logGet(43)) - raft.server.log.segment.size.max = 1048576 (custom)
2019-09-27 09:30:11,753 [pool-159-thread-1] INFO  server.RaftServerConfigKeys (ConfUtils.java:logGet(43)) - raft.server.log.preallocated.size = 16384 (custom)
2019-09-27 09:30:11,753 [pool-179-thread-1] INFO  server.RaftServerConfigKeys (ConfUtils.java:logGet(43)) - raft.server.log.segment.cache.num.max = 2 (custom)
2019-09-27 09:30:11,753 [pool-159-thread-1] INFO  server.RaftServerConfigKeys (ConfUtils.java:logGet(43)) - raft.server.log.write.buffer.size = 33554432 (custom)
2019-09-27 09:30:11,753 [pool-149-thread-1] INFO  server.RaftServerConfigKeys (ConfUtils.java:logGet(43)) - raft.server.log.segment.cache.num.max = 2 (custom)
2019-09-27 09:30:11,753 [pool-159-thread-1] INFO  server.RaftServerConfigKeys (ConfUtils.java:logGet(43)) - raft.server.log.force.sync.num = 128 (default)
2019-09-27 09:30:11,753 [pool-179-thread-1] INFO  segmented.SegmentedRaftLogWorker (SegmentedRaftLogWorker.java:<init>(172)) - new b054b38d-37c7-4db0-867d-84a4497eca78@group-C577347BA740-SegmentedRaftLogWorker for RaftStorage:Storage Directory /workdir/hadoop-ozone/integration-test/target/test-dir/MiniOzoneClusterImpl-834b5182-62dc-4ca6-be4e-bc0179c6ec08/datanode-6/data/ratis/5161acae-a8dc-481b-a211-c577347ba740
2019-09-27 09:30:11,754 [pool-159-thread-1] INFO  server.RaftServerConfigKeys (ConfUtils.java:logGet(43)) - raft.server.log.statemachine.data.sync = true (default)
2019-09-27 09:30:11,753 [pool-149-thread-1] INFO  segmented.SegmentedRaftLogWorker (SegmentedRaftLogWorker.java:<init>(172)) - new 1fbb84ac-7ee1-46c1-859c-ad619cea4be7@group-C577347BA740-SegmentedRaftLogWorker for RaftStorage:Storage Directory /workdir/hadoop-ozone/integration-test/target/test-dir/MiniOzoneClusterImpl-834b5182-62dc-4ca6-be4e-bc0179c6ec08/datanode-3/data/ratis/5161acae-a8dc-481b-a211-c577347ba740
2019-09-27 09:30:11,754 [pool-159-thread-1] INFO  server.RaftServerConfigKeys (ConfUtils.java:logGet(43)) - raft.server.log.statemachine.data.sync.timeout = 10s (default)
2019-09-27 09:30:11,754 [pool-179-thread-1] INFO  server.RaftServerConfigKeys (ConfUtils.java:logGet(43)) - raft.server.log.queue.byte-limit = 2147483647 (custom)
2019-09-27 09:30:11,754 [pool-159-thread-1] INFO  server.RaftServerConfigKeys (ConfUtils.java:logGet(43)) - raft.server.log.statemachine.data.sync.timeout.retry = -1 (default)
2019-09-27 09:30:11,754 [pool-149-thread-1] INFO  server.RaftServerConfigKeys (ConfUtils.java:logGet(43)) - raft.server.log.queue.byte-limit = 2147483647 (custom)
2019-09-27 09:30:11,754 [pool-159-thread-1] INFO  server.RaftServerConfigKeys (ConfUtils.java:logGet(43)) - raft.server.log.statemachine.data.caching.enabled = true (custom)
2019-09-27 09:30:11,754 [pool-179-thread-1] INFO  server.RaftServerConfigKeys (ConfUtils.java:logGet(43)) - raft.server.log.queue.element-limit = 1024 (custom)
2019-09-27 09:30:11,754 [pool-149-thread-1] INFO  server.RaftServerConfigKeys (ConfUtils.java:logGet(43)) - raft.server.log.queue.element-limit = 1024 (custom)
2019-09-27 09:30:11,755 [pool-159-thread-1] INFO  segmented.SegmentedRaftLogWorker (SegmentedRaftLogWorker.java:lambda$new$0(132)) - b7a6e9c1-8d08-4b5a-81cc-fb6c57153da1@group-C577347BA740-SegmentedRaftLogWorker: flushIndex: setUnconditionally 0 -> -1
2019-09-27 09:30:11,755 [pool-179-thread-1] INFO  server.RaftServerConfigKeys (ConfUtils.java:logGet(43)) - raft.server.log.segment.size.max = 1048576 (custom)
2019-09-27 09:30:11,755 [pool-149-thread-1] INFO  server.RaftServerConfigKeys (ConfUtils.java:logGet(43)) - raft.server.log.segment.size.max = 1048576 (custom)
2019-09-27 09:30:11,755 [pool-159-thread-1] INFO  server.RaftServerConfigKeys (ConfUtils.java:logGet(43)) - raft.server.snapshot.auto.trigger.enabled = true (custom)
2019-09-27 09:30:11,755 [pool-159-thread-1] INFO  server.RaftServerConfigKeys (ConfUtils.java:logGet(43)) - raft.server.snapshot.auto.trigger.threshold = 10000 (custom)
2019-09-27 09:30:11,755 [pool-179-thread-1] INFO  server.RaftServerConfigKeys (ConfUtils.java:logGet(43)) - raft.server.log.preallocated.size = 16384 (custom)
2019-09-27 09:30:11,755 [pool-159-thread-1] INFO  server.RaftServerConfigKeys (ConfUtils.java:logGet(43)) - raft.server.snapshot.retention.num.files = 5 (custom)
2019-09-27 09:30:11,755 [pool-149-thread-1] INFO  server.RaftServerConfigKeys (ConfUtils.java:logGet(43)) - raft.server.log.preallocated.size = 16384 (custom)
2019-09-27 09:30:11,755 [pool-159-thread-1] INFO  server.RaftServerConfigKeys (ConfUtils.java:logGet(43)) - raft.server.retrycache.expirytime = 600000ms (custom)
2019-09-27 09:30:11,755 [pool-179-thread-1] INFO  server.RaftServerConfigKeys (ConfUtils.java:logGet(43)) - raft.server.log.write.buffer.size = 33554432 (custom)
2019-09-27 09:30:11,756 [pool-149-thread-1] INFO  server.RaftServerConfigKeys (ConfUtils.java:logGet(43)) - raft.server.log.write.buffer.size = 33554432 (custom)
2019-09-27 09:30:11,756 [pool-179-thread-1] INFO  server.RaftServerConfigKeys (ConfUtils.java:logGet(43)) - raft.server.log.force.sync.num = 128 (default)
2019-09-27 09:30:11,756 [pool-149-thread-1] INFO  server.RaftServerConfigKeys (ConfUtils.java:logGet(43)) - raft.server.log.force.sync.num = 128 (default)
2019-09-27 09:30:11,756 [pool-179-thread-1] INFO  server.RaftServerConfigKeys (ConfUtils.java:logGet(43)) - raft.server.log.statemachine.data.sync = true (default)
2019-09-27 09:30:11,756 [pool-149-thread-1] INFO  server.RaftServerConfigKeys (ConfUtils.java:logGet(43)) - raft.server.log.statemachine.data.sync = true (default)
2019-09-27 09:30:11,756 [pool-179-thread-1] INFO  server.RaftServerConfigKeys (ConfUtils.java:logGet(43)) - raft.server.log.statemachine.data.sync.timeout = 10s (default)
2019-09-27 09:30:11,756 [pool-149-thread-1] INFO  server.RaftServerConfigKeys (ConfUtils.java:logGet(43)) - raft.server.log.statemachine.data.sync.timeout = 10s (default)
2019-09-27 09:30:11,756 [pool-179-thread-1] INFO  server.RaftServerConfigKeys (ConfUtils.java:logGet(43)) - raft.server.log.statemachine.data.sync.timeout.retry = -1 (default)
2019-09-27 09:30:11,757 [pool-149-thread-1] INFO  server.RaftServerConfigKeys (ConfUtils.java:logGet(43)) - raft.server.log.statemachine.data.sync.timeout.retry = -1 (default)
2019-09-27 09:30:11,757 [pool-179-thread-1] INFO  server.RaftServerConfigKeys (ConfUtils.java:logGet(43)) - raft.server.log.statemachine.data.caching.enabled = true (custom)
2019-09-27 09:30:11,757 [pool-149-thread-1] INFO  server.RaftServerConfigKeys (ConfUtils.java:logGet(43)) - raft.server.log.statemachine.data.caching.enabled = true (custom)
2019-09-27 09:30:11,757 [pool-179-thread-1] INFO  segmented.SegmentedRaftLogWorker (SegmentedRaftLogWorker.java:lambda$new$0(132)) - b054b38d-37c7-4db0-867d-84a4497eca78@group-C577347BA740-SegmentedRaftLogWorker: flushIndex: setUnconditionally 0 -> -1
2019-09-27 09:30:11,757 [pool-149-thread-1] INFO  segmented.SegmentedRaftLogWorker (SegmentedRaftLogWorker.java:lambda$new$0(132)) - 1fbb84ac-7ee1-46c1-859c-ad619cea4be7@group-C577347BA740-SegmentedRaftLogWorker: flushIndex: setUnconditionally 0 -> -1
2019-09-27 09:30:11,757 [pool-179-thread-1] INFO  server.RaftServerConfigKeys (ConfUtils.java:logGet(43)) - raft.server.snapshot.auto.trigger.enabled = true (custom)
2019-09-27 09:30:11,757 [pool-159-thread-1] INFO  impl.RaftServerImpl (RaftServerImpl.java:start(185)) - b7a6e9c1-8d08-4b5a-81cc-fb6c57153da1@group-C577347BA740: start as a follower, conf=-1: [b054b38d-37c7-4db0-867d-84a4497eca78:192.168.5.136:34668, 1fbb84ac-7ee1-46c1-859c-ad619cea4be7:192.168.5.136:43362, b7a6e9c1-8d08-4b5a-81cc-fb6c57153da1:192.168.5.136:34081], old=null
2019-09-27 09:30:11,758 [pool-149-thread-1] INFO  server.RaftServerConfigKeys (ConfUtils.java:logGet(43)) - raft.server.snapshot.auto.trigger.enabled = true (custom)
2019-09-27 09:30:11,757 [pool-179-thread-1] INFO  server.RaftServerConfigKeys (ConfUtils.java:logGet(43)) - raft.server.snapshot.auto.trigger.threshold = 10000 (custom)
2019-09-27 09:30:11,758 [pool-149-thread-1] INFO  server.RaftServerConfigKeys (ConfUtils.java:logGet(43)) - raft.server.snapshot.auto.trigger.threshold = 10000 (custom)
2019-09-27 09:30:11,758 [pool-159-thread-1] INFO  impl.RaftServerImpl (RaftServerImpl.java:setRole(174)) - b7a6e9c1-8d08-4b5a-81cc-fb6c57153da1@group-C577347BA740: changes role from      null to FOLLOWER at term 0 for startAsFollower
2019-09-27 09:30:11,758 [pool-149-thread-1] INFO  server.RaftServerConfigKeys (ConfUtils.java:logGet(43)) - raft.server.snapshot.retention.num.files = 5 (custom)
2019-09-27 09:30:11,758 [pool-179-thread-1] INFO  server.RaftServerConfigKeys (ConfUtils.java:logGet(43)) - raft.server.snapshot.retention.num.files = 5 (custom)
2019-09-27 09:30:11,758 [pool-149-thread-1] INFO  server.RaftServerConfigKeys (ConfUtils.java:logGet(43)) - raft.server.retrycache.expirytime = 600000ms (custom)
2019-09-27 09:30:11,758 [pool-159-thread-1] INFO  impl.RoleInfo (RoleInfo.java:updateAndGet(143)) - b7a6e9c1-8d08-4b5a-81cc-fb6c57153da1: start FollowerState
2019-09-27 09:30:11,758 [pool-179-thread-1] INFO  server.RaftServerConfigKeys (ConfUtils.java:logGet(43)) - raft.server.retrycache.expirytime = 600000ms (custom)
2019-09-27 09:30:11,759 [pool-159-thread-1] INFO  util.JmxRegister (JmxRegister.java:tryRegister(44)) - Successfully registered JMX Bean with object name Ratis:service=RaftServer,group=group-C577347BA740,id=b7a6e9c1-8d08-4b5a-81cc-fb6c57153da1
2019-09-27 09:30:11,762 [pool-179-thread-1] INFO  impl.RaftServerImpl (RaftServerImpl.java:start(185)) - b054b38d-37c7-4db0-867d-84a4497eca78@group-C577347BA740: start as a follower, conf=-1: [b054b38d-37c7-4db0-867d-84a4497eca78:192.168.5.136:34668, 1fbb84ac-7ee1-46c1-859c-ad619cea4be7:192.168.5.136:43362, b7a6e9c1-8d08-4b5a-81cc-fb6c57153da1:192.168.5.136:34081], old=null
2019-09-27 09:30:11,762 [pool-179-thread-1] INFO  impl.RaftServerImpl (RaftServerImpl.java:setRole(174)) - b054b38d-37c7-4db0-867d-84a4497eca78@group-C577347BA740: changes role from      null to FOLLOWER at term 0 for startAsFollower
2019-09-27 09:30:11,762 [pool-179-thread-1] INFO  impl.RoleInfo (RoleInfo.java:updateAndGet(143)) - b054b38d-37c7-4db0-867d-84a4497eca78: start FollowerState
2019-09-27 09:30:11,762 [pool-149-thread-1] INFO  impl.RaftServerImpl (RaftServerImpl.java:start(185)) - 1fbb84ac-7ee1-46c1-859c-ad619cea4be7@group-C577347BA740: start as a follower, conf=-1: [b054b38d-37c7-4db0-867d-84a4497eca78:192.168.5.136:34668, 1fbb84ac-7ee1-46c1-859c-ad619cea4be7:192.168.5.136:43362, b7a6e9c1-8d08-4b5a-81cc-fb6c57153da1:192.168.5.136:34081], old=null
2019-09-27 09:30:11,762 [pool-149-thread-1] INFO  impl.RaftServerImpl (RaftServerImpl.java:setRole(174)) - 1fbb84ac-7ee1-46c1-859c-ad619cea4be7@group-C577347BA740: changes role from      null to FOLLOWER at term 0 for startAsFollower
2019-09-27 09:30:11,762 [pool-179-thread-1] INFO  util.JmxRegister (JmxRegister.java:tryRegister(44)) - Successfully registered JMX Bean with object name Ratis:service=RaftServer,group=group-C577347BA740,id=b054b38d-37c7-4db0-867d-84a4497eca78
2019-09-27 09:30:11,762 [pool-149-thread-1] INFO  impl.RoleInfo (RoleInfo.java:updateAndGet(143)) - 1fbb84ac-7ee1-46c1-859c-ad619cea4be7: start FollowerState
2019-09-27 09:30:11,763 [pool-149-thread-1] INFO  util.JmxRegister (JmxRegister.java:tryRegister(44)) - Successfully registered JMX Bean with object name Ratis:service=RaftServer,group=group-C577347BA740,id=1fbb84ac-7ee1-46c1-859c-ad619cea4be7
2019-09-27 09:30:11,768 [RatisPipelineUtilsThread] INFO  pipeline.PipelineStateManager (PipelineStateManager.java:addPipeline(56)) - Created pipeline Pipeline[ Id: 5161acae-a8dc-481b-a211-c577347ba740, Nodes: b7a6e9c1-8d08-4b5a-81cc-fb6c57153da1{ip: 192.168.5.136, host: pr-hdds2073-kmjxf-3010904630, networkLocation: /default-rack, certSerialId: null}b054b38d-37c7-4db0-867d-84a4497eca78{ip: 192.168.5.136, host: pr-hdds2073-kmjxf-3010904630, networkLocation: /default-rack, certSerialId: null}1fbb84ac-7ee1-46c1-859c-ad619cea4be7{ip: 192.168.5.136, host: pr-hdds2073-kmjxf-3010904630, networkLocation: /default-rack, certSerialId: null}, Type:RATIS, Factor:THREE, State:OPEN]
2019-09-27 09:30:14,170 [Thread-686] INFO  container.ReplicationManager (ReplicationManager.java:start(162)) - Starting Replication Monitor Thread.
2019-09-27 09:30:14,173 [ReplicationMonitor] INFO  container.ReplicationManager (ReplicationManager.java:run(225)) - Replication Monitor Thread took 0 milliseconds for processing 3 containers.
2019-09-27 09:30:16,330 [Thread-688] INFO  impl.FollowerState (FollowerState.java:run(106)) - 1d13da7d-5300-4519-bdfb-397000abefd3:group-BA26BCBD5FE8 changes to CANDIDATE, lastRpcTime:5102, electionTimeout:5101ms
2019-09-27 09:30:16,335 [Thread-688] INFO  impl.RoleInfo (RoleInfo.java:shutdownFollowerState(121)) - 1d13da7d-5300-4519-bdfb-397000abefd3: shutdown FollowerState
2019-09-27 09:30:16,335 [Thread-688] INFO  impl.RaftServerImpl (RaftServerImpl.java:setRole(174)) - 1d13da7d-5300-4519-bdfb-397000abefd3@group-BA26BCBD5FE8: changes role from  FOLLOWER to CANDIDATE at term 0 for changeToCandidate
2019-09-27 09:30:16,336 [Thread-688] INFO  impl.RoleInfo (RoleInfo.java:updateAndGet(143)) - 1d13da7d-5300-4519-bdfb-397000abefd3: start LeaderElection
2019-09-27 09:30:16,350 [Thread-691] INFO  impl.FollowerState (FollowerState.java:run(106)) - e309d4fc-496e-46e3-8631-94f1ca76a4a4:group-137F45F5121F changes to CANDIDATE, lastRpcTime:5075, electionTimeout:5071ms
2019-09-27 09:30:16,350 [Thread-691] INFO  impl.RoleInfo (RoleInfo.java:shutdownFollowerState(121)) - e309d4fc-496e-46e3-8631-94f1ca76a4a4: shutdown FollowerState
2019-09-27 09:30:16,351 [Thread-691] INFO  impl.RaftServerImpl (RaftServerImpl.java:setRole(174)) - e309d4fc-496e-46e3-8631-94f1ca76a4a4@group-137F45F5121F: changes role from  FOLLOWER to CANDIDATE at term 0 for changeToCandidate
2019-09-27 09:30:16,351 [Thread-691] INFO  impl.RoleInfo (RoleInfo.java:updateAndGet(143)) - e309d4fc-496e-46e3-8631-94f1ca76a4a4: start LeaderElection
2019-09-27 09:30:16,369 [e309d4fc-496e-46e3-8631-94f1ca76a4a4@group-137F45F5121F:LeaderElection18] INFO  impl.LeaderElection (LeaderElection.java:askForVotes(182)) - e309d4fc-496e-46e3-8631-94f1ca76a4a4@group-137F45F5121F:LeaderElection18: begin an election at term 1 for -1: [e309d4fc-496e-46e3-8631-94f1ca76a4a4:192.168.5.136:38543], old=null
2019-09-27 09:30:16,369 [1d13da7d-5300-4519-bdfb-397000abefd3@group-BA26BCBD5FE8:LeaderElection17] INFO  impl.LeaderElection (LeaderElection.java:askForVotes(182)) - 1d13da7d-5300-4519-bdfb-397000abefd3@group-BA26BCBD5FE8:LeaderElection17: begin an election at term 1 for -1: [1d13da7d-5300-4519-bdfb-397000abefd3:192.168.5.136:33735], old=null
2019-09-27 09:30:16,369 [1d13da7d-5300-4519-bdfb-397000abefd3@group-BA26BCBD5FE8:LeaderElection17] INFO  impl.RoleInfo (RoleInfo.java:shutdownLeaderElection(134)) - 1d13da7d-5300-4519-bdfb-397000abefd3: shutdown LeaderElection
2019-09-27 09:30:16,369 [e309d4fc-496e-46e3-8631-94f1ca76a4a4@group-137F45F5121F:LeaderElection18] INFO  impl.RoleInfo (RoleInfo.java:shutdownLeaderElection(134)) - e309d4fc-496e-46e3-8631-94f1ca76a4a4: shutdown LeaderElection
2019-09-27 09:30:16,370 [1d13da7d-5300-4519-bdfb-397000abefd3@group-BA26BCBD5FE8:LeaderElection17] INFO  impl.RaftServerImpl (RaftServerImpl.java:setRole(174)) - 1d13da7d-5300-4519-bdfb-397000abefd3@group-BA26BCBD5FE8: changes role from CANDIDATE to LEADER at term 1 for changeToLeader
2019-09-27 09:30:16,370 [e309d4fc-496e-46e3-8631-94f1ca76a4a4@group-137F45F5121F:LeaderElection18] INFO  impl.RaftServerImpl (RaftServerImpl.java:setRole(174)) - e309d4fc-496e-46e3-8631-94f1ca76a4a4@group-137F45F5121F: changes role from CANDIDATE to LEADER at term 1 for changeToLeader
2019-09-27 09:30:16,370 [1d13da7d-5300-4519-bdfb-397000abefd3@group-BA26BCBD5FE8:LeaderElection17] INFO  impl.RaftServerImpl (ServerState.java:setLeader(253)) - 1d13da7d-5300-4519-bdfb-397000abefd3@group-BA26BCBD5FE8: change Leader from null to 1d13da7d-5300-4519-bdfb-397000abefd3 at term 1 for becomeLeader, leader elected after 5150ms
2019-09-27 09:30:16,370 [e309d4fc-496e-46e3-8631-94f1ca76a4a4@group-137F45F5121F:LeaderElection18] INFO  impl.RaftServerImpl (ServerState.java:setLeader(253)) - e309d4fc-496e-46e3-8631-94f1ca76a4a4@group-137F45F5121F: change Leader from null to e309d4fc-496e-46e3-8631-94f1ca76a4a4 at term 1 for becomeLeader, leader elected after 5101ms
2019-09-27 09:30:16,373 [e309d4fc-496e-46e3-8631-94f1ca76a4a4@group-137F45F5121F:LeaderElection18] INFO  server.RaftServerConfigKeys (ConfUtils.java:logGet(43)) - raft.server.staging.catchup.gap = 1000 (default)
2019-09-27 09:30:16,373 [1d13da7d-5300-4519-bdfb-397000abefd3@group-BA26BCBD5FE8:LeaderElection17] INFO  server.RaftServerConfigKeys (ConfUtils.java:logGet(43)) - raft.server.staging.catchup.gap = 1000 (default)
2019-09-27 09:30:16,373 [e309d4fc-496e-46e3-8631-94f1ca76a4a4@group-137F45F5121F:LeaderElection18] INFO  server.RaftServerConfigKeys (ConfUtils.java:logGet(43)) - raft.server.rpc.sleep.time = 25ms (default)
2019-09-27 09:30:16,373 [1d13da7d-5300-4519-bdfb-397000abefd3@group-BA26BCBD5FE8:LeaderElection17] INFO  server.RaftServerConfigKeys (ConfUtils.java:logGet(43)) - raft.server.rpc.sleep.time = 25ms (default)
2019-09-27 09:30:16,374 [e309d4fc-496e-46e3-8631-94f1ca76a4a4@group-137F45F5121F:LeaderElection18] INFO  server.RaftServerConfigKeys (ConfUtils.java:logGet(43)) - raft.server.write.element-limit = 4096 (default)
2019-09-27 09:30:16,374 [1d13da7d-5300-4519-bdfb-397000abefd3@group-BA26BCBD5FE8:LeaderElection17] INFO  server.RaftServerConfigKeys (ConfUtils.java:logGet(43)) - raft.server.write.element-limit = 4096 (default)
2019-09-27 09:30:16,374 [e309d4fc-496e-46e3-8631-94f1ca76a4a4@group-137F45F5121F:LeaderElection18] INFO  server.RaftServerConfigKeys (ConfUtils.java:logGet(43)) - raft.server.watch.timeout = 10s (default)
2019-09-27 09:30:16,374 [1d13da7d-5300-4519-bdfb-397000abefd3@group-BA26BCBD5FE8:LeaderElection17] INFO  server.RaftServerConfigKeys (ConfUtils.java:logGet(43)) - raft.server.watch.timeout = 10s (default)
2019-09-27 09:30:16,374 [e309d4fc-496e-46e3-8631-94f1ca76a4a4@group-137F45F5121F:LeaderElection18] INFO  server.RaftServerConfigKeys (ConfUtils.java:logGet(43)) - raft.server.watch.timeout.denomination = 1s (default)
2019-09-27 09:30:16,374 [1d13da7d-5300-4519-bdfb-397000abefd3@group-BA26BCBD5FE8:LeaderElection17] INFO  server.RaftServerConfigKeys (ConfUtils.java:logGet(43)) - raft.server.watch.timeout.denomination = 1s (default)
2019-09-27 09:30:16,374 [e309d4fc-496e-46e3-8631-94f1ca76a4a4@group-137F45F5121F:LeaderElection18] INFO  server.RaftServerConfigKeys (ConfUtils.java:logGet(43)) - raft.server.watch.element-limit = 65536 (default)
2019-09-27 09:30:16,375 [1d13da7d-5300-4519-bdfb-397000abefd3@group-BA26BCBD5FE8:LeaderElection17] INFO  server.RaftServerConfigKeys (ConfUtils.java:logGet(43)) - raft.server.watch.element-limit = 65536 (default)
2019-09-27 09:30:16,381 [e309d4fc-496e-46e3-8631-94f1ca76a4a4@group-137F45F5121F:LeaderElection18] INFO  impl.RoleInfo (RoleInfo.java:updateAndGet(143)) - e309d4fc-496e-46e3-8631-94f1ca76a4a4: start LeaderState
2019-09-27 09:30:16,381 [1d13da7d-5300-4519-bdfb-397000abefd3@group-BA26BCBD5FE8:LeaderElection17] INFO  impl.RoleInfo (RoleInfo.java:updateAndGet(143)) - 1d13da7d-5300-4519-bdfb-397000abefd3: start LeaderState
2019-09-27 09:30:16,382 [1d13da7d-5300-4519-bdfb-397000abefd3@group-BA26BCBD5FE8:LeaderElection17] INFO  segmented.SegmentedRaftLogWorker (SegmentedRaftLogWorker.java:startLogSegment(380)) - 1d13da7d-5300-4519-bdfb-397000abefd3@group-BA26BCBD5FE8-SegmentedRaftLogWorker: Starting segment from index:0
2019-09-27 09:30:16,382 [e309d4fc-496e-46e3-8631-94f1ca76a4a4@group-137F45F5121F:LeaderElection18] INFO  segmented.SegmentedRaftLogWorker (SegmentedRaftLogWorker.java:startLogSegment(380)) - e309d4fc-496e-46e3-8631-94f1ca76a4a4@group-137F45F5121F-SegmentedRaftLogWorker: Starting segment from index:0
2019-09-27 09:30:16,383 [1d13da7d-5300-4519-bdfb-397000abefd3@group-BA26BCBD5FE8:LeaderElection17] INFO  impl.RaftServerImpl (ServerState.java:setRaftConf(354)) - 1d13da7d-5300-4519-bdfb-397000abefd3@group-BA26BCBD5FE8: set configuration 0: [1d13da7d-5300-4519-bdfb-397000abefd3:192.168.5.136:33735], old=null at 0
2019-09-27 09:30:16,383 [e309d4fc-496e-46e3-8631-94f1ca76a4a4@group-137F45F5121F:LeaderElection18] INFO  impl.RaftServerImpl (ServerState.java:setRaftConf(354)) - e309d4fc-496e-46e3-8631-94f1ca76a4a4@group-137F45F5121F: set configuration 0: [e309d4fc-496e-46e3-8631-94f1ca76a4a4:192.168.5.136:38543], old=null at 0
2019-09-27 09:30:16,459 [1d13da7d-5300-4519-bdfb-397000abefd3@group-BA26BCBD5FE8-SegmentedRaftLogWorker] INFO  segmented.SegmentedRaftLogWorker (SegmentedRaftLogWorker.java:execute(569)) - 1d13da7d-5300-4519-bdfb-397000abefd3@group-BA26BCBD5FE8-SegmentedRaftLogWorker: created new log segment /workdir/hadoop-ozone/integration-test/target/test-dir/MiniOzoneClusterImpl-834b5182-62dc-4ca6-be4e-bc0179c6ec08/datanode-0/data/ratis/9ed4a786-52e7-45ef-bbb7-ba26bcbd5fe8/current/log_inprogress_0
2019-09-27 09:30:16,459 [e309d4fc-496e-46e3-8631-94f1ca76a4a4@group-137F45F5121F-SegmentedRaftLogWorker] INFO  segmented.SegmentedRaftLogWorker (SegmentedRaftLogWorker.java:execute(569)) - e309d4fc-496e-46e3-8631-94f1ca76a4a4@group-137F45F5121F-SegmentedRaftLogWorker: created new log segment /workdir/hadoop-ozone/integration-test/target/test-dir/MiniOzoneClusterImpl-834b5182-62dc-4ca6-be4e-bc0179c6ec08/datanode-1/data/ratis/562e2f8c-6e32-47cf-81da-137f45f5121f/current/log_inprogress_0
2019-09-27 09:30:16,479 [Thread-694] INFO  impl.FollowerState (FollowerState.java:run(106)) - d03084ef-c572-4bca-82a8-bf6b16c1c530:group-8ED5D8EBC401 changes to CANDIDATE, lastRpcTime:5121, electionTimeout:5121ms
2019-09-27 09:30:16,480 [Thread-694] INFO  impl.RoleInfo (RoleInfo.java:shutdownFollowerState(121)) - d03084ef-c572-4bca-82a8-bf6b16c1c530: shutdown FollowerState
2019-09-27 09:30:16,480 [Thread-694] INFO  impl.RaftServerImpl (RaftServerImpl.java:setRole(174)) - d03084ef-c572-4bca-82a8-bf6b16c1c530@group-8ED5D8EBC401: changes role from  FOLLOWER to CANDIDATE at term 0 for changeToCandidate
2019-09-27 09:30:16,480 [Thread-694] INFO  impl.RoleInfo (RoleInfo.java:updateAndGet(143)) - d03084ef-c572-4bca-82a8-bf6b16c1c530: start LeaderElection
2019-09-27 09:30:16,497 [d03084ef-c572-4bca-82a8-bf6b16c1c530@group-8ED5D8EBC401:LeaderElection19] INFO  impl.LeaderElection (LeaderElection.java:askForVotes(182)) - d03084ef-c572-4bca-82a8-bf6b16c1c530@group-8ED5D8EBC401:LeaderElection19: begin an election at term 1 for -1: [d03084ef-c572-4bca-82a8-bf6b16c1c530:192.168.5.136:39303], old=null
2019-09-27 09:30:16,497 [d03084ef-c572-4bca-82a8-bf6b16c1c530@group-8ED5D8EBC401:LeaderElection19] INFO  impl.RoleInfo (RoleInfo.java:shutdownLeaderElection(134)) - d03084ef-c572-4bca-82a8-bf6b16c1c530: shutdown LeaderElection
2019-09-27 09:30:16,498 [d03084ef-c572-4bca-82a8-bf6b16c1c530@group-8ED5D8EBC401:LeaderElection19] INFO  impl.RaftServerImpl (RaftServerImpl.java:setRole(174)) - d03084ef-c572-4bca-82a8-bf6b16c1c530@group-8ED5D8EBC401: changes role from CANDIDATE to LEADER at term 1 for changeToLeader
2019-09-27 09:30:16,498 [d03084ef-c572-4bca-82a8-bf6b16c1c530@group-8ED5D8EBC401:LeaderElection19] INFO  impl.RaftServerImpl (ServerState.java:setLeader(253)) - d03084ef-c572-4bca-82a8-bf6b16c1c530@group-8ED5D8EBC401: change Leader from null to d03084ef-c572-4bca-82a8-bf6b16c1c530 at term 1 for becomeLeader, leader elected after 5149ms
2019-09-27 09:30:16,500 [d03084ef-c572-4bca-82a8-bf6b16c1c530@group-8ED5D8EBC401:LeaderElection19] INFO  server.RaftServerConfigKeys (ConfUtils.java:logGet(43)) - raft.server.staging.catchup.gap = 1000 (default)
2019-09-27 09:30:16,500 [Thread-701] INFO  impl.FollowerState (FollowerState.java:run(106)) - 1d13da7d-5300-4519-bdfb-397000abefd3:group-28734D74F447 changes to CANDIDATE, lastRpcTime:5067, electionTimeout:5065ms
2019-09-27 09:30:16,500 [d03084ef-c572-4bca-82a8-bf6b16c1c530@group-8ED5D8EBC401:LeaderElection19] INFO  server.RaftServerConfigKeys (ConfUtils.java:logGet(43)) - raft.server.rpc.sleep.time = 25ms (default)
2019-09-27 09:30:16,500 [Thread-701] INFO  impl.RoleInfo (RoleInfo.java:shutdownFollowerState(121)) - 1d13da7d-5300-4519-bdfb-397000abefd3: shutdown FollowerState
2019-09-27 09:30:16,501 [d03084ef-c572-4bca-82a8-bf6b16c1c530@group-8ED5D8EBC401:LeaderElection19] INFO  server.RaftServerConfigKeys (ConfUtils.java:logGet(43)) - raft.server.write.element-limit = 4096 (default)
2019-09-27 09:30:16,501 [Thread-701] INFO  impl.RaftServerImpl (RaftServerImpl.java:setRole(174)) - 1d13da7d-5300-4519-bdfb-397000abefd3@group-28734D74F447: changes role from  FOLLOWER to CANDIDATE at term 0 for changeToCandidate
2019-09-27 09:30:16,501 [d03084ef-c572-4bca-82a8-bf6b16c1c530@group-8ED5D8EBC401:LeaderElection19] INFO  server.RaftServerConfigKeys (ConfUtils.java:logGet(43)) - raft.server.watch.timeout = 10s (default)
2019-09-27 09:30:16,501 [Thread-701] INFO  impl.RoleInfo (RoleInfo.java:updateAndGet(143)) - 1d13da7d-5300-4519-bdfb-397000abefd3: start LeaderElection
2019-09-27 09:30:16,501 [d03084ef-c572-4bca-82a8-bf6b16c1c530@group-8ED5D8EBC401:LeaderElection19] INFO  server.RaftServerConfigKeys (ConfUtils.java:logGet(43)) - raft.server.watch.timeout.denomination = 1s (default)
2019-09-27 09:30:16,502 [d03084ef-c572-4bca-82a8-bf6b16c1c530@group-8ED5D8EBC401:LeaderElection19] INFO  server.RaftServerConfigKeys (ConfUtils.java:logGet(43)) - raft.server.watch.element-limit = 65536 (default)
2019-09-27 09:30:16,513 [d03084ef-c572-4bca-82a8-bf6b16c1c530@group-8ED5D8EBC401:LeaderElection19] INFO  impl.RoleInfo (RoleInfo.java:updateAndGet(143)) - d03084ef-c572-4bca-82a8-bf6b16c1c530: start LeaderState
2019-09-27 09:30:16,514 [d03084ef-c572-4bca-82a8-bf6b16c1c530@group-8ED5D8EBC401:LeaderElection19] INFO  segmented.SegmentedRaftLogWorker (SegmentedRaftLogWorker.java:startLogSegment(380)) - d03084ef-c572-4bca-82a8-bf6b16c1c530@group-8ED5D8EBC401-SegmentedRaftLogWorker: Starting segment from index:0
2019-09-27 09:30:16,515 [d03084ef-c572-4bca-82a8-bf6b16c1c530@group-8ED5D8EBC401:LeaderElection19] INFO  impl.RaftServerImpl (ServerState.java:setRaftConf(354)) - d03084ef-c572-4bca-82a8-bf6b16c1c530@group-8ED5D8EBC401: set configuration 0: [d03084ef-c572-4bca-82a8-bf6b16c1c530:192.168.5.136:39303], old=null at 0
2019-09-27 09:30:16,544 [Thread-699] INFO  impl.FollowerState (FollowerState.java:run(106)) - d03084ef-c572-4bca-82a8-bf6b16c1c530:group-28734D74F447 changes to CANDIDATE, lastRpcTime:5130, electionTimeout:5114ms
2019-09-27 09:30:16,544 [1d13da7d-5300-4519-bdfb-397000abefd3@group-28734D74F447:LeaderElection20] INFO  impl.LeaderElection (LeaderElection.java:askForVotes(182)) - 1d13da7d-5300-4519-bdfb-397000abefd3@group-28734D74F447:LeaderElection20: begin an election at term 1 for -1: [1d13da7d-5300-4519-bdfb-397000abefd3:192.168.5.136:33735, d03084ef-c572-4bca-82a8-bf6b16c1c530:192.168.5.136:39303, e309d4fc-496e-46e3-8631-94f1ca76a4a4:192.168.5.136:38543], old=null
2019-09-27 09:30:16,544 [Thread-699] INFO  impl.RoleInfo (RoleInfo.java:shutdownFollowerState(121)) - d03084ef-c572-4bca-82a8-bf6b16c1c530: shutdown FollowerState
2019-09-27 09:30:16,544 [Thread-702] INFO  impl.FollowerState (FollowerState.java:run(106)) - e309d4fc-496e-46e3-8631-94f1ca76a4a4:group-28734D74F447 changes to CANDIDATE, lastRpcTime:5110, electionTimeout:5099ms
2019-09-27 09:30:16,544 [Thread-699] INFO  impl.RaftServerImpl (RaftServerImpl.java:setRole(174)) - d03084ef-c572-4bca-82a8-bf6b16c1c530@group-28734D74F447: changes role from  FOLLOWER to CANDIDATE at term 0 for changeToCandidate
2019-09-27 09:30:16,544 [Thread-702] INFO  impl.RoleInfo (RoleInfo.java:shutdownFollowerState(121)) - e309d4fc-496e-46e3-8631-94f1ca76a4a4: shutdown FollowerState
2019-09-27 09:30:16,544 [Thread-702] INFO  impl.RaftServerImpl (RaftServerImpl.java:setRole(174)) - e309d4fc-496e-46e3-8631-94f1ca76a4a4@group-28734D74F447: changes role from  FOLLOWER to CANDIDATE at term 0 for changeToCandidate
2019-09-27 09:30:16,544 [Thread-699] INFO  impl.RoleInfo (RoleInfo.java:updateAndGet(143)) - d03084ef-c572-4bca-82a8-bf6b16c1c530: start LeaderElection
2019-09-27 09:30:16,545 [Thread-702] INFO  impl.RoleInfo (RoleInfo.java:updateAndGet(143)) - e309d4fc-496e-46e3-8631-94f1ca76a4a4: start LeaderElection
2019-09-27 09:30:16,557 [d03084ef-c572-4bca-82a8-bf6b16c1c530@group-8ED5D8EBC401-SegmentedRaftLogWorker] INFO  segmented.SegmentedRaftLogWorker (SegmentedRaftLogWorker.java:execute(569)) - d03084ef-c572-4bca-82a8-bf6b16c1c530@group-8ED5D8EBC401-SegmentedRaftLogWorker: created new log segment /workdir/hadoop-ozone/integration-test/target/test-dir/MiniOzoneClusterImpl-834b5182-62dc-4ca6-be4e-bc0179c6ec08/datanode-2/data/ratis/55785ebf-6c20-4297-a849-8ed5d8ebc401/current/log_inprogress_0
2019-09-27 09:30:16,557 [d03084ef-c572-4bca-82a8-bf6b16c1c530@group-28734D74F447:LeaderElection21] INFO  impl.LeaderElection (LeaderElection.java:askForVotes(182)) - d03084ef-c572-4bca-82a8-bf6b16c1c530@group-28734D74F447:LeaderElection21: begin an election at term 1 for -1: [1d13da7d-5300-4519-bdfb-397000abefd3:192.168.5.136:33735, d03084ef-c572-4bca-82a8-bf6b16c1c530:192.168.5.136:39303, e309d4fc-496e-46e3-8631-94f1ca76a4a4:192.168.5.136:38543], old=null
2019-09-27 09:30:16,557 [e309d4fc-496e-46e3-8631-94f1ca76a4a4@group-28734D74F447:LeaderElection22] INFO  impl.LeaderElection (LeaderElection.java:askForVotes(182)) - e309d4fc-496e-46e3-8631-94f1ca76a4a4@group-28734D74F447:LeaderElection22: begin an election at term 1 for -1: [1d13da7d-5300-4519-bdfb-397000abefd3:192.168.5.136:33735, d03084ef-c572-4bca-82a8-bf6b16c1c530:192.168.5.136:39303, e309d4fc-496e-46e3-8631-94f1ca76a4a4:192.168.5.136:38543], old=null
2019-09-27 09:30:16,559 [1d13da7d-5300-4519-bdfb-397000abefd3@group-28734D74F447:LeaderElection20] INFO  impl.LeaderElection (LeaderElection.java:logAndReturn(56)) - 1d13da7d-5300-4519-bdfb-397000abefd3@group-28734D74F447:LeaderElection20: Election REJECTED; received 2 response(s) [1d13da7d-5300-4519-bdfb-397000abefd3<-d03084ef-c572-4bca-82a8-bf6b16c1c530#0:FAIL-t1, 1d13da7d-5300-4519-bdfb-397000abefd3<-e309d4fc-496e-46e3-8631-94f1ca76a4a4#0:FAIL-t1] and 0 exception(s); 1d13da7d-5300-4519-bdfb-397000abefd3@group-28734D74F447:t1, leader=null, voted=1d13da7d-5300-4519-bdfb-397000abefd3, raftlog=1d13da7d-5300-4519-bdfb-397000abefd3@group-28734D74F447-SegmentedRaftLog:OPENED:c-1,f-1,i0, conf=-1: [1d13da7d-5300-4519-bdfb-397000abefd3:192.168.5.136:33735, d03084ef-c572-4bca-82a8-bf6b16c1c530:192.168.5.136:39303, e309d4fc-496e-46e3-8631-94f1ca76a4a4:192.168.5.136:38543], old=null
2019-09-27 09:30:16,559 [1d13da7d-5300-4519-bdfb-397000abefd3@group-28734D74F447:LeaderElection20] INFO  impl.RaftServerImpl (RaftServerImpl.java:setRole(174)) - 1d13da7d-5300-4519-bdfb-397000abefd3@group-28734D74F447: changes role from CANDIDATE to FOLLOWER at term 1 for DISCOVERED_A_NEW_TERM
2019-09-27 09:30:16,559 [1d13da7d-5300-4519-bdfb-397000abefd3@group-28734D74F447:LeaderElection20] INFO  impl.RoleInfo (RoleInfo.java:shutdownLeaderElection(134)) - 1d13da7d-5300-4519-bdfb-397000abefd3: shutdown LeaderElection
2019-09-27 09:30:16,559 [1d13da7d-5300-4519-bdfb-397000abefd3@group-28734D74F447:LeaderElection20] INFO  impl.RoleInfo (RoleInfo.java:updateAndGet(143)) - 1d13da7d-5300-4519-bdfb-397000abefd3: start FollowerState
2019-09-27 09:30:16,565 [e309d4fc-496e-46e3-8631-94f1ca76a4a4@group-28734D74F447:LeaderElection22] INFO  impl.LeaderElection (LeaderElection.java:logAndReturn(56)) - e309d4fc-496e-46e3-8631-94f1ca76a4a4@group-28734D74F447:LeaderElection22: Election REJECTED; received 2 response(s) [e309d4fc-496e-46e3-8631-94f1ca76a4a4<-1d13da7d-5300-4519-bdfb-397000abefd3#0:FAIL-t1, e309d4fc-496e-46e3-8631-94f1ca76a4a4<-d03084ef-c572-4bca-82a8-bf6b16c1c530#0:FAIL-t1] and 0 exception(s); e309d4fc-496e-46e3-8631-94f1ca76a4a4@group-28734D74F447:t1, leader=null, voted=e309d4fc-496e-46e3-8631-94f1ca76a4a4, raftlog=e309d4fc-496e-46e3-8631-94f1ca76a4a4@group-28734D74F447-SegmentedRaftLog:OPENED:c-1,f-1,i0, conf=-1: [1d13da7d-5300-4519-bdfb-397000abefd3:192.168.5.136:33735, d03084ef-c572-4bca-82a8-bf6b16c1c530:192.168.5.136:39303, e309d4fc-496e-46e3-8631-94f1ca76a4a4:192.168.5.136:38543], old=null
2019-09-27 09:30:16,567 [e309d4fc-496e-46e3-8631-94f1ca76a4a4@group-28734D74F447:LeaderElection22] INFO  impl.RaftServerImpl (RaftServerImpl.java:setRole(174)) - e309d4fc-496e-46e3-8631-94f1ca76a4a4@group-28734D74F447: changes role from CANDIDATE to FOLLOWER at term 1 for DISCOVERED_A_NEW_TERM
2019-09-27 09:30:16,567 [e309d4fc-496e-46e3-8631-94f1ca76a4a4@group-28734D74F447:LeaderElection22] INFO  impl.RoleInfo (RoleInfo.java:shutdownLeaderElection(134)) - e309d4fc-496e-46e3-8631-94f1ca76a4a4: shutdown LeaderElection
2019-09-27 09:30:16,567 [e309d4fc-496e-46e3-8631-94f1ca76a4a4@group-28734D74F447:LeaderElection22] INFO  impl.RoleInfo (RoleInfo.java:updateAndGet(143)) - e309d4fc-496e-46e3-8631-94f1ca76a4a4: start FollowerState
2019-09-27 09:30:16,568 [d03084ef-c572-4bca-82a8-bf6b16c1c530@group-28734D74F447:LeaderElection21] INFO  impl.LeaderElection (LeaderElection.java:logAndReturn(56)) - d03084ef-c572-4bca-82a8-bf6b16c1c530@group-28734D74F447:LeaderElection21: Election REJECTED; received 2 response(s) [d03084ef-c572-4bca-82a8-bf6b16c1c530<-1d13da7d-5300-4519-bdfb-397000abefd3#0:FAIL-t1, d03084ef-c572-4bca-82a8-bf6b16c1c530<-e309d4fc-496e-46e3-8631-94f1ca76a4a4#0:FAIL-t1] and 0 exception(s); d03084ef-c572-4bca-82a8-bf6b16c1c530@group-28734D74F447:t1, leader=null, voted=d03084ef-c572-4bca-82a8-bf6b16c1c530, raftlog=d03084ef-c572-4bca-82a8-bf6b16c1c530@group-28734D74F447-SegmentedRaftLog:OPENED:c-1,f-1,i0, conf=-1: [1d13da7d-5300-4519-bdfb-397000abefd3:192.168.5.136:33735, d03084ef-c572-4bca-82a8-bf6b16c1c530:192.168.5.136:39303, e309d4fc-496e-46e3-8631-94f1ca76a4a4:192.168.5.136:38543], old=null
2019-09-27 09:30:16,570 [d03084ef-c572-4bca-82a8-bf6b16c1c530@group-28734D74F447:LeaderElection21] INFO  impl.RaftServerImpl (RaftServerImpl.java:setRole(174)) - d03084ef-c572-4bca-82a8-bf6b16c1c530@group-28734D74F447: changes role from CANDIDATE to FOLLOWER at term 1 for DISCOVERED_A_NEW_TERM
2019-09-27 09:30:16,570 [d03084ef-c572-4bca-82a8-bf6b16c1c530@group-28734D74F447:LeaderElection21] INFO  impl.RoleInfo (RoleInfo.java:shutdownLeaderElection(134)) - d03084ef-c572-4bca-82a8-bf6b16c1c530: shutdown LeaderElection
2019-09-27 09:30:16,570 [d03084ef-c572-4bca-82a8-bf6b16c1c530@group-28734D74F447:LeaderElection21] INFO  impl.RoleInfo (RoleInfo.java:updateAndGet(143)) - d03084ef-c572-4bca-82a8-bf6b16c1c530: start FollowerState
2019-09-27 09:30:16,600 [Thread-706] INFO  impl.FollowerState (FollowerState.java:run(106)) - b7a6e9c1-8d08-4b5a-81cc-fb6c57153da1:group-C35C47F45A0C changes to CANDIDATE, lastRpcTime:5084, electionTimeout:5084ms
2019-09-27 09:30:16,603 [Thread-706] INFO  impl.RoleInfo (RoleInfo.java:shutdownFollowerState(121)) - b7a6e9c1-8d08-4b5a-81cc-fb6c57153da1: shutdown FollowerState
2019-09-27 09:30:16,603 [Thread-706] INFO  impl.RaftServerImpl (RaftServerImpl.java:setRole(174)) - b7a6e9c1-8d08-4b5a-81cc-fb6c57153da1@group-C35C47F45A0C: changes role from  FOLLOWER to CANDIDATE at term 0 for changeToCandidate
2019-09-27 09:30:16,603 [Thread-706] INFO  impl.RoleInfo (RoleInfo.java:updateAndGet(143)) - b7a6e9c1-8d08-4b5a-81cc-fb6c57153da1: start LeaderElection
2019-09-27 09:30:16,627 [Thread-709] INFO  impl.FollowerState (FollowerState.java:run(106)) - 1fbb84ac-7ee1-46c1-859c-ad619cea4be7:group-7725AD2ADE00 changes to CANDIDATE, lastRpcTime:5055, electionTimeout:5055ms
2019-09-27 09:30:16,627 [Thread-709] INFO  impl.RoleInfo (RoleInfo.java:shutdownFollowerState(121)) - 1fbb84ac-7ee1-46c1-859c-ad619cea4be7: shutdown FollowerState
2019-09-27 09:30:16,627 [Thread-709] INFO  impl.RaftServerImpl (RaftServerImpl.java:setRole(174)) - 1fbb84ac-7ee1-46c1-859c-ad619cea4be7@group-7725AD2ADE00: changes role from  FOLLOWER to CANDIDATE at term 0 for changeToCandidate
2019-09-27 09:30:16,627 [Thread-709] INFO  impl.RoleInfo (RoleInfo.java:updateAndGet(143)) - 1fbb84ac-7ee1-46c1-859c-ad619cea4be7: start LeaderElection
2019-09-27 09:30:16,630 [b7a6e9c1-8d08-4b5a-81cc-fb6c57153da1@group-C35C47F45A0C:LeaderElection23] INFO  impl.LeaderElection (LeaderElection.java:askForVotes(182)) - b7a6e9c1-8d08-4b5a-81cc-fb6c57153da1@group-C35C47F45A0C:LeaderElection23: begin an election at term 1 for -1: [b7a6e9c1-8d08-4b5a-81cc-fb6c57153da1:192.168.5.136:34081], old=null
2019-09-27 09:30:16,630 [b7a6e9c1-8d08-4b5a-81cc-fb6c57153da1@group-C35C47F45A0C:LeaderElection23] INFO  impl.RoleInfo (RoleInfo.java:shutdownLeaderElection(134)) - b7a6e9c1-8d08-4b5a-81cc-fb6c57153da1: shutdown LeaderElection
2019-09-27 09:30:16,630 [b7a6e9c1-8d08-4b5a-81cc-fb6c57153da1@group-C35C47F45A0C:LeaderElection23] INFO  impl.RaftServerImpl (RaftServerImpl.java:setRole(174)) - b7a6e9c1-8d08-4b5a-81cc-fb6c57153da1@group-C35C47F45A0C: changes role from CANDIDATE to LEADER at term 1 for changeToLeader
2019-09-27 09:30:16,630 [b7a6e9c1-8d08-4b5a-81cc-fb6c57153da1@group-C35C47F45A0C:LeaderElection23] INFO  impl.RaftServerImpl (ServerState.java:setLeader(253)) - b7a6e9c1-8d08-4b5a-81cc-fb6c57153da1@group-C35C47F45A0C: change Leader from null to b7a6e9c1-8d08-4b5a-81cc-fb6c57153da1 at term 1 for becomeLeader, leader elected after 5123ms
2019-09-27 09:30:16,632 [b7a6e9c1-8d08-4b5a-81cc-fb6c57153da1@group-C35C47F45A0C:LeaderElection23] INFO  server.RaftServerConfigKeys (ConfUtils.java:logGet(43)) - raft.server.staging.catchup.gap = 1000 (default)
2019-09-27 09:30:16,632 [1fbb84ac-7ee1-46c1-859c-ad619cea4be7@group-7725AD2ADE00:LeaderElection24] INFO  impl.LeaderElection (LeaderElection.java:askForVotes(182)) - 1fbb84ac-7ee1-46c1-859c-ad619cea4be7@group-7725AD2ADE00:LeaderElection24: begin an election at term 1 for -1: [1fbb84ac-7ee1-46c1-859c-ad619cea4be7:192.168.5.136:43362], old=null
2019-09-27 09:30:16,632 [b7a6e9c1-8d08-4b5a-81cc-fb6c57153da1@group-C35C47F45A0C:LeaderElection23] INFO  server.RaftServerConfigKeys (ConfUtils.java:logGet(43)) - raft.server.rpc.sleep.time = 25ms (default)
2019-09-27 09:30:16,632 [1fbb84ac-7ee1-46c1-859c-ad619cea4be7@group-7725AD2ADE00:LeaderElection24] INFO  impl.RoleInfo (RoleInfo.java:shutdownLeaderElection(134)) - 1fbb84ac-7ee1-46c1-859c-ad619cea4be7: shutdown LeaderElection
2019-09-27 09:30:16,633 [b7a6e9c1-8d08-4b5a-81cc-fb6c57153da1@group-C35C47F45A0C:LeaderElection23] INFO  server.RaftServerConfigKeys (ConfUtils.java:logGet(43)) - raft.server.write.element-limit = 4096 (default)
2019-09-27 09:30:16,633 [1fbb84ac-7ee1-46c1-859c-ad619cea4be7@group-7725AD2ADE00:LeaderElection24] INFO  impl.RaftServerImpl (RaftServerImpl.java:setRole(174)) - 1fbb84ac-7ee1-46c1-859c-ad619cea4be7@group-7725AD2ADE00: changes role from CANDIDATE to LEADER at term 1 for changeToLeader
2019-09-27 09:30:16,633 [b7a6e9c1-8d08-4b5a-81cc-fb6c57153da1@group-C35C47F45A0C:LeaderElection23] INFO  server.RaftServerConfigKeys (ConfUtils.java:logGet(43)) - raft.server.watch.timeout = 10s (default)
2019-09-27 09:30:16,633 [1fbb84ac-7ee1-46c1-859c-ad619cea4be7@group-7725AD2ADE00:LeaderElection24] INFO  impl.RaftServerImpl (ServerState.java:setLeader(253)) - 1fbb84ac-7ee1-46c1-859c-ad619cea4be7@group-7725AD2ADE00: change Leader from null to 1fbb84ac-7ee1-46c1-859c-ad619cea4be7 at term 1 for becomeLeader, leader elected after 5071ms
2019-09-27 09:30:16,633 [b7a6e9c1-8d08-4b5a-81cc-fb6c57153da1@group-C35C47F45A0C:LeaderElection23] INFO  server.RaftServerConfigKeys (ConfUtils.java:logGet(43)) - raft.server.watch.timeout.denomination = 1s (default)
2019-09-27 09:30:16,636 [1fbb84ac-7ee1-46c1-859c-ad619cea4be7@group-7725AD2ADE00:LeaderElection24] INFO  server.RaftServerConfigKeys (ConfUtils.java:logGet(43)) - raft.server.staging.catchup.gap = 1000 (default)
2019-09-27 09:30:16,636 [b7a6e9c1-8d08-4b5a-81cc-fb6c57153da1@group-C35C47F45A0C:LeaderElection23] INFO  server.RaftServerConfigKeys (ConfUtils.java:logGet(43)) - raft.server.watch.element-limit = 65536 (default)
2019-09-27 09:30:16,636 [1fbb84ac-7ee1-46c1-859c-ad619cea4be7@group-7725AD2ADE00:LeaderElection24] INFO  server.RaftServerConfigKeys (ConfUtils.java:logGet(43)) - raft.server.rpc.sleep.time = 25ms (default)
2019-09-27 09:30:16,636 [1fbb84ac-7ee1-46c1-859c-ad619cea4be7@group-7725AD2ADE00:LeaderElection24] INFO  server.RaftServerConfigKeys (ConfUtils.java:logGet(43)) - raft.server.write.element-limit = 4096 (default)
2019-09-27 09:30:16,636 [1fbb84ac-7ee1-46c1-859c-ad619cea4be7@group-7725AD2ADE00:LeaderElection24] INFO  server.RaftServerConfigKeys (ConfUtils.java:logGet(43)) - raft.server.watch.timeout = 10s (default)
2019-09-27 09:30:16,636 [1fbb84ac-7ee1-46c1-859c-ad619cea4be7@group-7725AD2ADE00:LeaderElection24] INFO  server.RaftServerConfigKeys (ConfUtils.java:logGet(43)) - raft.server.watch.timeout.denomination = 1s (default)
2019-09-27 09:30:16,636 [1fbb84ac-7ee1-46c1-859c-ad619cea4be7@group-7725AD2ADE00:LeaderElection24] INFO  server.RaftServerConfigKeys (ConfUtils.java:logGet(43)) - raft.server.watch.element-limit = 65536 (default)
2019-09-27 09:30:16,639 [b7a6e9c1-8d08-4b5a-81cc-fb6c57153da1@group-C35C47F45A0C:LeaderElection23] INFO  impl.RoleInfo (RoleInfo.java:updateAndGet(143)) - b7a6e9c1-8d08-4b5a-81cc-fb6c57153da1: start LeaderState
2019-09-27 09:30:16,639 [1fbb84ac-7ee1-46c1-859c-ad619cea4be7@group-7725AD2ADE00:LeaderElection24] INFO  impl.RoleInfo (RoleInfo.java:updateAndGet(143)) - 1fbb84ac-7ee1-46c1-859c-ad619cea4be7: start LeaderState
2019-09-27 09:30:16,639 [b7a6e9c1-8d08-4b5a-81cc-fb6c57153da1@group-C35C47F45A0C:LeaderElection23] INFO  segmented.SegmentedRaftLogWorker (SegmentedRaftLogWorker.java:startLogSegment(380)) - b7a6e9c1-8d08-4b5a-81cc-fb6c57153da1@group-C35C47F45A0C-SegmentedRaftLogWorker: Starting segment from index:0
2019-09-27 09:30:16,639 [1fbb84ac-7ee1-46c1-859c-ad619cea4be7@group-7725AD2ADE00:LeaderElection24] INFO  segmented.SegmentedRaftLogWorker (SegmentedRaftLogWorker.java:startLogSegment(380)) - 1fbb84ac-7ee1-46c1-859c-ad619cea4be7@group-7725AD2ADE00-SegmentedRaftLogWorker: Starting segment from index:0
2019-09-27 09:30:16,639 [b7a6e9c1-8d08-4b5a-81cc-fb6c57153da1@group-C35C47F45A0C:LeaderElection23] INFO  impl.RaftServerImpl (ServerState.java:setRaftConf(354)) - b7a6e9c1-8d08-4b5a-81cc-fb6c57153da1@group-C35C47F45A0C: set configuration 0: [b7a6e9c1-8d08-4b5a-81cc-fb6c57153da1:192.168.5.136:34081], old=null at 0
2019-09-27 09:30:16,666 [1fbb84ac-7ee1-46c1-859c-ad619cea4be7@group-7725AD2ADE00:LeaderElection24] INFO  impl.RaftServerImpl (ServerState.java:setRaftConf(354)) - 1fbb84ac-7ee1-46c1-859c-ad619cea4be7@group-7725AD2ADE00: set configuration 0: [1fbb84ac-7ee1-46c1-859c-ad619cea4be7:192.168.5.136:43362], old=null at 0
2019-09-27 09:30:16,704 [b7a6e9c1-8d08-4b5a-81cc-fb6c57153da1@group-C35C47F45A0C-SegmentedRaftLogWorker] INFO  segmented.SegmentedRaftLogWorker (SegmentedRaftLogWorker.java:execute(569)) - b7a6e9c1-8d08-4b5a-81cc-fb6c57153da1@group-C35C47F45A0C-SegmentedRaftLogWorker: created new log segment /workdir/hadoop-ozone/integration-test/target/test-dir/MiniOzoneClusterImpl-834b5182-62dc-4ca6-be4e-bc0179c6ec08/datanode-4/data/ratis/dc68835b-9c39-41a2-89c5-c35c47f45a0c/current/log_inprogress_0
2019-09-27 09:30:16,704 [Thread-714] INFO  impl.FollowerState (FollowerState.java:run(106)) - 2f86e047-14dd-4aae-98d2-58902ea33abd:group-108E88CF8368 changes to CANDIDATE, lastRpcTime:5058, electionTimeout:5028ms
2019-09-27 09:30:16,704 [Thread-714] INFO  impl.RoleInfo (RoleInfo.java:shutdownFollowerState(121)) - 2f86e047-14dd-4aae-98d2-58902ea33abd: shutdown FollowerState
2019-09-27 09:30:16,705 [Thread-714] INFO  impl.RaftServerImpl (RaftServerImpl.java:setRole(174)) - 2f86e047-14dd-4aae-98d2-58902ea33abd@group-108E88CF8368: changes role from  FOLLOWER to CANDIDATE at term 0 for changeToCandidate
2019-09-27 09:30:16,705 [Thread-714] INFO  impl.RoleInfo (RoleInfo.java:updateAndGet(143)) - 2f86e047-14dd-4aae-98d2-58902ea33abd: start LeaderElection
2019-09-27 09:30:16,717 [1fbb84ac-7ee1-46c1-859c-ad619cea4be7@group-7725AD2ADE00-SegmentedRaftLogWorker] INFO  segmented.SegmentedRaftLogWorker (SegmentedRaftLogWorker.java:execute(569)) - 1fbb84ac-7ee1-46c1-859c-ad619cea4be7@group-7725AD2ADE00-SegmentedRaftLogWorker: created new log segment /workdir/hadoop-ozone/integration-test/target/test-dir/MiniOzoneClusterImpl-834b5182-62dc-4ca6-be4e-bc0179c6ec08/datanode-3/data/ratis/cb6c927f-988c-4ac9-b5d9-7725ad2ade00/current/log_inprogress_0
2019-09-27 09:30:16,717 [2f86e047-14dd-4aae-98d2-58902ea33abd@group-108E88CF8368:LeaderElection25] INFO  impl.LeaderElection (LeaderElection.java:askForVotes(182)) - 2f86e047-14dd-4aae-98d2-58902ea33abd@group-108E88CF8368:LeaderElection25: begin an election at term 1 for -1: [2f86e047-14dd-4aae-98d2-58902ea33abd:192.168.5.136:42324], old=null
2019-09-27 09:30:16,717 [2f86e047-14dd-4aae-98d2-58902ea33abd@group-108E88CF8368:LeaderElection25] INFO  impl.RoleInfo (RoleInfo.java:shutdownLeaderElection(134)) - 2f86e047-14dd-4aae-98d2-58902ea33abd: shutdown LeaderElection
2019-09-27 09:30:16,717 [2f86e047-14dd-4aae-98d2-58902ea33abd@group-108E88CF8368:LeaderElection25] INFO  impl.RaftServerImpl (RaftServerImpl.java:setRole(174)) - 2f86e047-14dd-4aae-98d2-58902ea33abd@group-108E88CF8368: changes role from CANDIDATE to LEADER at term 1 for changeToLeader
2019-09-27 09:30:16,717 [2f86e047-14dd-4aae-98d2-58902ea33abd@group-108E88CF8368:LeaderElection25] INFO  impl.RaftServerImpl (ServerState.java:setLeader(253)) - 2f86e047-14dd-4aae-98d2-58902ea33abd@group-108E88CF8368: change Leader from null to 2f86e047-14dd-4aae-98d2-58902ea33abd at term 1 for becomeLeader, leader elected after 5100ms
2019-09-27 09:30:16,720 [2f86e047-14dd-4aae-98d2-58902ea33abd@group-108E88CF8368:LeaderElection25] INFO  server.RaftServerConfigKeys (ConfUtils.java:logGet(43)) - raft.server.staging.catchup.gap = 1000 (default)
2019-09-27 09:30:16,720 [2f86e047-14dd-4aae-98d2-58902ea33abd@group-108E88CF8368:LeaderElection25] INFO  server.RaftServerConfigKeys (ConfUtils.java:logGet(43)) - raft.server.rpc.sleep.time = 25ms (default)
2019-09-27 09:30:16,721 [2f86e047-14dd-4aae-98d2-58902ea33abd@group-108E88CF8368:LeaderElection25] INFO  server.RaftServerConfigKeys (ConfUtils.java:logGet(43)) - raft.server.write.element-limit = 4096 (default)
2019-09-27 09:30:16,721 [2f86e047-14dd-4aae-98d2-58902ea33abd@group-108E88CF8368:LeaderElection25] INFO  server.RaftServerConfigKeys (ConfUtils.java:logGet(43)) - raft.server.watch.timeout = 10s (default)
2019-09-27 09:30:16,721 [2f86e047-14dd-4aae-98d2-58902ea33abd@group-108E88CF8368:LeaderElection25] INFO  server.RaftServerConfigKeys (ConfUtils.java:logGet(43)) - raft.server.watch.timeout.denomination = 1s (default)
2019-09-27 09:30:16,721 [2f86e047-14dd-4aae-98d2-58902ea33abd@group-108E88CF8368:LeaderElection25] INFO  server.RaftServerConfigKeys (ConfUtils.java:logGet(43)) - raft.server.watch.element-limit = 65536 (default)
2019-09-27 09:30:16,724 [2f86e047-14dd-4aae-98d2-58902ea33abd@group-108E88CF8368:LeaderElection25] INFO  impl.RoleInfo (RoleInfo.java:updateAndGet(143)) - 2f86e047-14dd-4aae-98d2-58902ea33abd: start LeaderState
2019-09-27 09:30:16,724 [2f86e047-14dd-4aae-98d2-58902ea33abd@group-108E88CF8368:LeaderElection25] INFO  segmented.SegmentedRaftLogWorker (SegmentedRaftLogWorker.java:startLogSegment(380)) - 2f86e047-14dd-4aae-98d2-58902ea33abd@group-108E88CF8368-SegmentedRaftLogWorker: Starting segment from index:0
2019-09-27 09:30:16,724 [2f86e047-14dd-4aae-98d2-58902ea33abd@group-108E88CF8368:LeaderElection25] INFO  impl.RaftServerImpl (ServerState.java:setRaftConf(354)) - 2f86e047-14dd-4aae-98d2-58902ea33abd@group-108E88CF8368: set configuration 0: [2f86e047-14dd-4aae-98d2-58902ea33abd:192.168.5.136:42324], old=null at 0
2019-09-27 09:30:16,768 [2f86e047-14dd-4aae-98d2-58902ea33abd@group-108E88CF8368-SegmentedRaftLogWorker] INFO  segmented.SegmentedRaftLogWorker (SegmentedRaftLogWorker.java:execute(569)) - 2f86e047-14dd-4aae-98d2-58902ea33abd@group-108E88CF8368-SegmentedRaftLogWorker: created new log segment /workdir/hadoop-ozone/integration-test/target/test-dir/MiniOzoneClusterImpl-834b5182-62dc-4ca6-be4e-bc0179c6ec08/datanode-5/data/ratis/5101cbe0-ddb9-45ae-8978-108e88cf8368/current/log_inprogress_0
2019-09-27 09:30:16,788 [Thread-725] INFO  impl.FollowerState (FollowerState.java:run(106)) - 1fbb84ac-7ee1-46c1-859c-ad619cea4be7:group-C577347BA740 changes to CANDIDATE, lastRpcTime:5025, electionTimeout:5025ms
2019-09-27 09:30:16,788 [Thread-725] INFO  impl.RoleInfo (RoleInfo.java:shutdownFollowerState(121)) - 1fbb84ac-7ee1-46c1-859c-ad619cea4be7: shutdown FollowerState
2019-09-27 09:30:16,789 [Thread-725] INFO  impl.RaftServerImpl (RaftServerImpl.java:setRole(174)) - 1fbb84ac-7ee1-46c1-859c-ad619cea4be7@group-C577347BA740: changes role from  FOLLOWER to CANDIDATE at term 0 for changeToCandidate
2019-09-27 09:30:16,789 [Thread-725] INFO  impl.RoleInfo (RoleInfo.java:updateAndGet(143)) - 1fbb84ac-7ee1-46c1-859c-ad619cea4be7: start LeaderElection
2019-09-27 09:30:16,805 [1fbb84ac-7ee1-46c1-859c-ad619cea4be7@group-C577347BA740:LeaderElection26] INFO  impl.LeaderElection (LeaderElection.java:askForVotes(182)) - 1fbb84ac-7ee1-46c1-859c-ad619cea4be7@group-C577347BA740:LeaderElection26: begin an election at term 1 for -1: [b054b38d-37c7-4db0-867d-84a4497eca78:192.168.5.136:34668, 1fbb84ac-7ee1-46c1-859c-ad619cea4be7:192.168.5.136:43362, b7a6e9c1-8d08-4b5a-81cc-fb6c57153da1:192.168.5.136:34081], old=null
2019-09-27 09:30:16,812 [grpc-default-executor-5] INFO  impl.RaftServerImpl (RaftServerImpl.java:setRole(174)) - b7a6e9c1-8d08-4b5a-81cc-fb6c57153da1@group-C577347BA740: changes role from  FOLLOWER to FOLLOWER at term 1 for recognizeCandidate:1fbb84ac-7ee1-46c1-859c-ad619cea4be7
2019-09-27 09:30:16,813 [grpc-default-executor-0] INFO  impl.RaftServerImpl (RaftServerImpl.java:setRole(174)) - b054b38d-37c7-4db0-867d-84a4497eca78@group-C577347BA740: changes role from  FOLLOWER to FOLLOWER at term 1 for recognizeCandidate:1fbb84ac-7ee1-46c1-859c-ad619cea4be7
2019-09-27 09:30:16,813 [grpc-default-executor-5] INFO  impl.RoleInfo (RoleInfo.java:shutdownFollowerState(121)) - b7a6e9c1-8d08-4b5a-81cc-fb6c57153da1: shutdown FollowerState
2019-09-27 09:30:16,813 [grpc-default-executor-0] INFO  impl.RoleInfo (RoleInfo.java:shutdownFollowerState(121)) - b054b38d-37c7-4db0-867d-84a4497eca78: shutdown FollowerState
2019-09-27 09:30:16,813 [grpc-default-executor-5] INFO  impl.RoleInfo (RoleInfo.java:updateAndGet(143)) - b7a6e9c1-8d08-4b5a-81cc-fb6c57153da1: start FollowerState
2019-09-27 09:30:16,813 [grpc-default-executor-0] INFO  impl.RoleInfo (RoleInfo.java:updateAndGet(143)) - b054b38d-37c7-4db0-867d-84a4497eca78: start FollowerState
2019-09-27 09:30:16,813 [Thread-720] INFO  impl.FollowerState (FollowerState.java:run(115)) - b7a6e9c1-8d08-4b5a-81cc-fb6c57153da1: FollowerState was interrupted: java.lang.InterruptedException: sleep interrupted
2019-09-27 09:30:16,813 [Thread-724] INFO  impl.FollowerState (FollowerState.java:run(115)) - b054b38d-37c7-4db0-867d-84a4497eca78: FollowerState was interrupted: java.lang.InterruptedException: sleep interrupted
2019-09-27 09:30:16,832 [1fbb84ac-7ee1-46c1-859c-ad619cea4be7@group-C577347BA740:LeaderElection26] INFO  impl.LeaderElection (LeaderElection.java:logAndReturn(56)) - 1fbb84ac-7ee1-46c1-859c-ad619cea4be7@group-C577347BA740:LeaderElection26: Election PASSED; received 1 response(s) [1fbb84ac-7ee1-46c1-859c-ad619cea4be7<-b054b38d-37c7-4db0-867d-84a4497eca78#0:OK-t1] and 0 exception(s); 1fbb84ac-7ee1-46c1-859c-ad619cea4be7@group-C577347BA740:t1, leader=null, voted=1fbb84ac-7ee1-46c1-859c-ad619cea4be7, raftlog=1fbb84ac-7ee1-46c1-859c-ad619cea4be7@group-C577347BA740-SegmentedRaftLog:OPENED:c-1,f-1,i0, conf=-1: [b054b38d-37c7-4db0-867d-84a4497eca78:192.168.5.136:34668, 1fbb84ac-7ee1-46c1-859c-ad619cea4be7:192.168.5.136:43362, b7a6e9c1-8d08-4b5a-81cc-fb6c57153da1:192.168.5.136:34081], old=null
2019-09-27 09:30:16,832 [1fbb84ac-7ee1-46c1-859c-ad619cea4be7@group-C577347BA740:LeaderElection26] INFO  impl.RoleInfo (RoleInfo.java:shutdownLeaderElection(134)) - 1fbb84ac-7ee1-46c1-859c-ad619cea4be7: shutdown LeaderElection
2019-09-27 09:30:16,832 [1fbb84ac-7ee1-46c1-859c-ad619cea4be7@group-C577347BA740:LeaderElection26] INFO  impl.RaftServerImpl (RaftServerImpl.java:setRole(174)) - 1fbb84ac-7ee1-46c1-859c-ad619cea4be7@group-C577347BA740: changes role from CANDIDATE to LEADER at term 1 for changeToLeader
2019-09-27 09:30:16,832 [Thread-717] INFO  impl.FollowerState (FollowerState.java:run(106)) - b054b38d-37c7-4db0-867d-84a4497eca78:group-1382DFDC2C55 changes to CANDIDATE, lastRpcTime:5136, electionTimeout:5136ms
2019-09-27 09:30:16,832 [1fbb84ac-7ee1-46c1-859c-ad619cea4be7@group-C577347BA740:LeaderElection26] INFO  impl.RaftServerImpl (ServerState.java:setLeader(253)) - 1fbb84ac-7ee1-46c1-859c-ad619cea4be7@group-C577347BA740: change Leader from null to 1fbb84ac-7ee1-46c1-859c-ad619cea4be7 at term 1 for becomeLeader, leader elected after 5081ms
2019-09-27 09:30:16,835 [Thread-717] INFO  impl.RoleInfo (RoleInfo.java:shutdownFollowerState(121)) - b054b38d-37c7-4db0-867d-84a4497eca78: shutdown FollowerState
2019-09-27 09:30:16,835 [1fbb84ac-7ee1-46c1-859c-ad619cea4be7@group-C577347BA740:LeaderElection26] INFO  server.RaftServerConfigKeys (ConfUtils.java:logGet(43)) - raft.server.staging.catchup.gap = 1000 (default)
2019-09-27 09:30:16,835 [Thread-717] INFO  impl.RaftServerImpl (RaftServerImpl.java:setRole(174)) - b054b38d-37c7-4db0-867d-84a4497eca78@group-1382DFDC2C55: changes role from  FOLLOWER to CANDIDATE at term 0 for changeToCandidate
2019-09-27 09:30:16,835 [1fbb84ac-7ee1-46c1-859c-ad619cea4be7@group-C577347BA740:LeaderElection26] INFO  server.RaftServerConfigKeys (ConfUtils.java:logGet(43)) - raft.server.rpc.sleep.time = 25ms (default)
2019-09-27 09:30:16,835 [Thread-717] INFO  impl.RoleInfo (RoleInfo.java:updateAndGet(143)) - b054b38d-37c7-4db0-867d-84a4497eca78: start LeaderElection
2019-09-27 09:30:16,836 [1fbb84ac-7ee1-46c1-859c-ad619cea4be7@group-C577347BA740:LeaderElection26] INFO  server.RaftServerConfigKeys (ConfUtils.java:logGet(43)) - raft.server.write.element-limit = 4096 (default)
2019-09-27 09:30:16,836 [1fbb84ac-7ee1-46c1-859c-ad619cea4be7@group-C577347BA740:LeaderElection26] INFO  server.RaftServerConfigKeys (ConfUtils.java:logGet(43)) - raft.server.watch.timeout = 10s (default)
2019-09-27 09:30:16,836 [1fbb84ac-7ee1-46c1-859c-ad619cea4be7@group-C577347BA740:LeaderElection26] INFO  server.RaftServerConfigKeys (ConfUtils.java:logGet(43)) - raft.server.watch.timeout.denomination = 1s (default)
2019-09-27 09:30:16,843 [1fbb84ac-7ee1-46c1-859c-ad619cea4be7@group-C577347BA740:LeaderElection26] INFO  server.RaftServerConfigKeys (ConfUtils.java:logGet(43)) - raft.server.watch.element-limit = 65536 (default)
2019-09-27 09:30:16,848 [1fbb84ac-7ee1-46c1-859c-ad619cea4be7@group-C577347BA740:LeaderElection26] INFO  server.RaftServerConfigKeys (ConfUtils.java:logGet(43)) - raft.server.log.appender.snapshot.chunk.size.max = 16MB (=16777216) (default)
2019-09-27 09:30:16,848 [1fbb84ac-7ee1-46c1-859c-ad619cea4be7@group-C577347BA740:LeaderElection26] INFO  server.RaftServerConfigKeys (ConfUtils.java:logGet(43)) - raft.server.log.appender.buffer.byte-limit = 33554432 (custom)
2019-09-27 09:30:16,848 [1fbb84ac-7ee1-46c1-859c-ad619cea4be7@group-C577347BA740:LeaderElection26] INFO  server.RaftServerConfigKeys (ConfUtils.java:logGet(43)) - raft.server.log.appender.buffer.element-limit = 1 (custom)
2019-09-27 09:30:16,849 [1fbb84ac-7ee1-46c1-859c-ad619cea4be7@group-C577347BA740:LeaderElection26] INFO  grpc.GrpcConfigKeys$Server (ConfUtils.java:logGet(43)) - raft.grpc.server.leader.outstanding.appends.max = 128 (default)
2019-09-27 09:30:16,849 [1fbb84ac-7ee1-46c1-859c-ad619cea4be7@group-C577347BA740:LeaderElection26] INFO  server.RaftServerConfigKeys (ConfUtils.java:logGet(43)) - raft.server.rpc.request.timeout = 3000ms (default)
2019-09-27 09:30:16,849 [1fbb84ac-7ee1-46c1-859c-ad619cea4be7@group-C577347BA740:LeaderElection26] INFO  server.RaftServerConfigKeys (ConfUtils.java:logGet(43)) - raft.server.log.appender.install.snapshot.enabled = false (custom)
2019-09-27 09:30:16,849 [1fbb84ac-7ee1-46c1-859c-ad619cea4be7@group-C577347BA740:LeaderElection26] INFO  server.RaftServerConfigKeys (ConfUtils.java:logGet(43)) - raft.server.log.appender.snapshot.chunk.size.max = 16MB (=16777216) (default)
2019-09-27 09:30:16,849 [1fbb84ac-7ee1-46c1-859c-ad619cea4be7@group-C577347BA740:LeaderElection26] INFO  server.RaftServerConfigKeys (ConfUtils.java:logGet(43)) - raft.server.log.appender.buffer.byte-limit = 33554432 (custom)
2019-09-27 09:30:16,849 [1fbb84ac-7ee1-46c1-859c-ad619cea4be7@group-C577347BA740:LeaderElection26] INFO  server.RaftServerConfigKeys (ConfUtils.java:logGet(43)) - raft.server.log.appender.buffer.element-limit = 1 (custom)
2019-09-27 09:30:16,849 [1fbb84ac-7ee1-46c1-859c-ad619cea4be7@group-C577347BA740:LeaderElection26] INFO  grpc.GrpcConfigKeys$Server (ConfUtils.java:logGet(43)) - raft.grpc.server.leader.outstanding.appends.max = 128 (default)
2019-09-27 09:30:16,850 [1fbb84ac-7ee1-46c1-859c-ad619cea4be7@group-C577347BA740:LeaderElection26] INFO  server.RaftServerConfigKeys (ConfUtils.java:logGet(43)) - raft.server.rpc.request.timeout = 3000ms (default)
2019-09-27 09:30:16,850 [1fbb84ac-7ee1-46c1-859c-ad619cea4be7@group-C577347BA740:LeaderElection26] INFO  server.RaftServerConfigKeys (ConfUtils.java:logGet(43)) - raft.server.log.appender.install.snapshot.enabled = false (custom)
2019-09-27 09:30:16,850 [1fbb84ac-7ee1-46c1-859c-ad619cea4be7@group-C577347BA740:LeaderElection26] INFO  impl.RoleInfo (RoleInfo.java:updateAndGet(143)) - 1fbb84ac-7ee1-46c1-859c-ad619cea4be7: start LeaderState
2019-09-27 09:30:16,850 [1fbb84ac-7ee1-46c1-859c-ad619cea4be7@group-C577347BA740:LeaderElection26] INFO  segmented.SegmentedRaftLogWorker (SegmentedRaftLogWorker.java:startLogSegment(380)) - 1fbb84ac-7ee1-46c1-859c-ad619cea4be7@group-C577347BA740-SegmentedRaftLogWorker: Starting segment from index:0
2019-09-27 09:30:16,851 [1fbb84ac-7ee1-46c1-859c-ad619cea4be7@group-C577347BA740:LeaderElection26] INFO  impl.RaftServerImpl (ServerState.java:setRaftConf(354)) - 1fbb84ac-7ee1-46c1-859c-ad619cea4be7@group-C577347BA740: set configuration 0: [b054b38d-37c7-4db0-867d-84a4497eca78:192.168.5.136:34668, 1fbb84ac-7ee1-46c1-859c-ad619cea4be7:192.168.5.136:43362, b7a6e9c1-8d08-4b5a-81cc-fb6c57153da1:192.168.5.136:34081], old=null at 0
2019-09-27 09:30:16,875 [b054b38d-37c7-4db0-867d-84a4497eca78@group-1382DFDC2C55:LeaderElection27] INFO  impl.LeaderElection (LeaderElection.java:askForVotes(182)) - b054b38d-37c7-4db0-867d-84a4497eca78@group-1382DFDC2C55:LeaderElection27: begin an election at term 1 for -1: [b054b38d-37c7-4db0-867d-84a4497eca78:192.168.5.136:34668], old=null
2019-09-27 09:30:16,876 [b054b38d-37c7-4db0-867d-84a4497eca78@group-1382DFDC2C55:LeaderElection27] INFO  impl.RoleInfo (RoleInfo.java:shutdownLeaderElection(134)) - b054b38d-37c7-4db0-867d-84a4497eca78: shutdown LeaderElection
2019-09-27 09:30:16,876 [b054b38d-37c7-4db0-867d-84a4497eca78@group-1382DFDC2C55:LeaderElection27] INFO  impl.RaftServerImpl (RaftServerImpl.java:setRole(174)) - b054b38d-37c7-4db0-867d-84a4497eca78@group-1382DFDC2C55: changes role from CANDIDATE to LEADER at term 1 for changeToLeader
2019-09-27 09:30:16,877 [b054b38d-37c7-4db0-867d-84a4497eca78@group-1382DFDC2C55:LeaderElection27] INFO  impl.RaftServerImpl (ServerState.java:setLeader(253)) - b054b38d-37c7-4db0-867d-84a4497eca78@group-1382DFDC2C55: change Leader from null to b054b38d-37c7-4db0-867d-84a4497eca78 at term 1 for becomeLeader, leader elected after 5187ms
2019-09-27 09:30:16,886 [grpc-default-executor-5] INFO  impl.RaftServerImpl (ServerState.java:setLeader(253)) - b054b38d-37c7-4db0-867d-84a4497eca78@group-C577347BA740: change Leader from null to 1fbb84ac-7ee1-46c1-859c-ad619cea4be7 at term 1 for appendEntries, leader elected after 5135ms
2019-09-27 09:30:16,886 [b054b38d-37c7-4db0-867d-84a4497eca78@group-1382DFDC2C55:LeaderElection27] INFO  server.RaftServerConfigKeys (ConfUtils.java:logGet(43)) - raft.server.staging.catchup.gap = 1000 (default)
2019-09-27 09:30:16,886 [grpc-default-executor-0] INFO  impl.RaftServerImpl (ServerState.java:setLeader(253)) - b7a6e9c1-8d08-4b5a-81cc-fb6c57153da1@group-C577347BA740: change Leader from null to 1fbb84ac-7ee1-46c1-859c-ad619cea4be7 at term 1 for appendEntries, leader elected after 5135ms
2019-09-27 09:30:16,886 [b054b38d-37c7-4db0-867d-84a4497eca78@group-1382DFDC2C55:LeaderElection27] INFO  server.RaftServerConfigKeys (ConfUtils.java:logGet(43)) - raft.server.rpc.sleep.time = 25ms (default)
2019-09-27 09:30:16,887 [b054b38d-37c7-4db0-867d-84a4497eca78@group-1382DFDC2C55:LeaderElection27] INFO  server.RaftServerConfigKeys (ConfUtils.java:logGet(43)) - raft.server.write.element-limit = 4096 (default)
2019-09-27 09:30:16,887 [b054b38d-37c7-4db0-867d-84a4497eca78@group-1382DFDC2C55:LeaderElection27] INFO  server.RaftServerConfigKeys (ConfUtils.java:logGet(43)) - raft.server.watch.timeout = 10s (default)
2019-09-27 09:30:16,887 [b054b38d-37c7-4db0-867d-84a4497eca78@group-1382DFDC2C55:LeaderElection27] INFO  server.RaftServerConfigKeys (ConfUtils.java:logGet(43)) - raft.server.watch.timeout.denomination = 1s (default)
2019-09-27 09:30:16,887 [1fbb84ac-7ee1-46c1-859c-ad619cea4be7@group-C577347BA740-SegmentedRaftLogWorker] INFO  segmented.SegmentedRaftLogWorker (SegmentedRaftLogWorker.java:execute(569)) - 1fbb84ac-7ee1-46c1-859c-ad619cea4be7@group-C577347BA740-SegmentedRaftLogWorker: created new log segment /workdir/hadoop-ozone/integration-test/target/test-dir/MiniOzoneClusterImpl-834b5182-62dc-4ca6-be4e-bc0179c6ec08/datanode-3/data/ratis/5161acae-a8dc-481b-a211-c577347ba740/current/log_inprogress_0
2019-09-27 09:30:16,887 [b054b38d-37c7-4db0-867d-84a4497eca78@group-1382DFDC2C55:LeaderElection27] INFO  server.RaftServerConfigKeys (ConfUtils.java:logGet(43)) - raft.server.watch.element-limit = 65536 (default)
2019-09-27 09:30:16,889 [grpc-default-executor-5] INFO  impl.RaftServerImpl (ServerState.java:setRaftConf(354)) - b7a6e9c1-8d08-4b5a-81cc-fb6c57153da1@group-C577347BA740: set configuration 0: [b054b38d-37c7-4db0-867d-84a4497eca78:192.168.5.136:34668, 1fbb84ac-7ee1-46c1-859c-ad619cea4be7:192.168.5.136:43362, b7a6e9c1-8d08-4b5a-81cc-fb6c57153da1:192.168.5.136:34081], old=null at 0
2019-09-27 09:30:16,889 [grpc-default-executor-0] INFO  impl.RaftServerImpl (ServerState.java:setRaftConf(354)) - b054b38d-37c7-4db0-867d-84a4497eca78@group-C577347BA740: set configuration 0: [b054b38d-37c7-4db0-867d-84a4497eca78:192.168.5.136:34668, 1fbb84ac-7ee1-46c1-859c-ad619cea4be7:192.168.5.136:43362, b7a6e9c1-8d08-4b5a-81cc-fb6c57153da1:192.168.5.136:34081], old=null at 0
2019-09-27 09:30:16,889 [grpc-default-executor-5] INFO  segmented.SegmentedRaftLogWorker (SegmentedRaftLogWorker.java:startLogSegment(380)) - b7a6e9c1-8d08-4b5a-81cc-fb6c57153da1@group-C577347BA740-SegmentedRaftLogWorker: Starting segment from index:0
2019-09-27 09:30:16,889 [grpc-default-executor-0] INFO  segmented.SegmentedRaftLogWorker (SegmentedRaftLogWorker.java:startLogSegment(380)) - b054b38d-37c7-4db0-867d-84a4497eca78@group-C577347BA740-SegmentedRaftLogWorker: Starting segment from index:0
2019-09-27 09:30:16,892 [b054b38d-37c7-4db0-867d-84a4497eca78@group-1382DFDC2C55:LeaderElection27] INFO  impl.RoleInfo (RoleInfo.java:updateAndGet(143)) - b054b38d-37c7-4db0-867d-84a4497eca78: start LeaderState
2019-09-27 09:30:16,892 [b054b38d-37c7-4db0-867d-84a4497eca78@group-1382DFDC2C55:LeaderElection27] INFO  segmented.SegmentedRaftLogWorker (SegmentedRaftLogWorker.java:startLogSegment(380)) - b054b38d-37c7-4db0-867d-84a4497eca78@group-1382DFDC2C55-SegmentedRaftLogWorker: Starting segment from index:0
2019-09-27 09:30:16,892 [b054b38d-37c7-4db0-867d-84a4497eca78@group-1382DFDC2C55:LeaderElection27] INFO  impl.RaftServerImpl (ServerState.java:setRaftConf(354)) - b054b38d-37c7-4db0-867d-84a4497eca78@group-1382DFDC2C55: set configuration 0: [b054b38d-37c7-4db0-867d-84a4497eca78:192.168.5.136:34668], old=null at 0
2019-09-27 09:30:16,935 [b054b38d-37c7-4db0-867d-84a4497eca78@group-C577347BA740-SegmentedRaftLogWorker] INFO  segmented.SegmentedRaftLogWorker (SegmentedRaftLogWorker.java:execute(569)) - b054b38d-37c7-4db0-867d-84a4497eca78@group-C577347BA740-SegmentedRaftLogWorker: created new log segment /workdir/hadoop-ozone/integration-test/target/test-dir/MiniOzoneClusterImpl-834b5182-62dc-4ca6-be4e-bc0179c6ec08/datanode-6/data/ratis/5161acae-a8dc-481b-a211-c577347ba740/current/log_inprogress_0
2019-09-27 09:30:16,935 [b7a6e9c1-8d08-4b5a-81cc-fb6c57153da1@group-C577347BA740-SegmentedRaftLogWorker] INFO  segmented.SegmentedRaftLogWorker (SegmentedRaftLogWorker.java:execute(569)) - b7a6e9c1-8d08-4b5a-81cc-fb6c57153da1@group-C577347BA740-SegmentedRaftLogWorker: created new log segment /workdir/hadoop-ozone/integration-test/target/test-dir/MiniOzoneClusterImpl-834b5182-62dc-4ca6-be4e-bc0179c6ec08/datanode-4/data/ratis/5161acae-a8dc-481b-a211-c577347ba740/current/log_inprogress_0
2019-09-27 09:30:16,935 [b054b38d-37c7-4db0-867d-84a4497eca78@group-1382DFDC2C55-SegmentedRaftLogWorker] INFO  segmented.SegmentedRaftLogWorker (SegmentedRaftLogWorker.java:execute(569)) - b054b38d-37c7-4db0-867d-84a4497eca78@group-1382DFDC2C55-SegmentedRaftLogWorker: created new log segment /workdir/hadoop-ozone/integration-test/target/test-dir/MiniOzoneClusterImpl-834b5182-62dc-4ca6-be4e-bc0179c6ec08/datanode-6/data/ratis/3386b1bc-5b93-442b-a716-1382dfdc2c55/current/log_inprogress_0
2019-09-27 09:30:21,588 [Thread-755] INFO  impl.FollowerState (FollowerState.java:run(106)) - 1d13da7d-5300-4519-bdfb-397000abefd3:group-28734D74F447 changes to CANDIDATE, lastRpcTime:5028, electionTimeout:5028ms
2019-09-27 09:30:21,588 [Thread-755] INFO  impl.RoleInfo (RoleInfo.java:shutdownFollowerState(121)) - 1d13da7d-5300-4519-bdfb-397000abefd3: shutdown FollowerState
2019-09-27 09:30:21,588 [Thread-755] INFO  impl.RaftServerImpl (RaftServerImpl.java:setRole(174)) - 1d13da7d-5300-4519-bdfb-397000abefd3@group-28734D74F447: changes role from  FOLLOWER to CANDIDATE at term 1 for changeToCandidate
2019-09-27 09:30:21,588 [Thread-755] INFO  impl.RoleInfo (RoleInfo.java:updateAndGet(143)) - 1d13da7d-5300-4519-bdfb-397000abefd3: start LeaderElection
2019-09-27 09:30:21,605 [1d13da7d-5300-4519-bdfb-397000abefd3@group-28734D74F447:LeaderElection28] INFO  impl.LeaderElection (LeaderElection.java:askForVotes(182)) - 1d13da7d-5300-4519-bdfb-397000abefd3@group-28734D74F447:LeaderElection28: begin an election at term 2 for -1: [1d13da7d-5300-4519-bdfb-397000abefd3:192.168.5.136:33735, d03084ef-c572-4bca-82a8-bf6b16c1c530:192.168.5.136:39303, e309d4fc-496e-46e3-8631-94f1ca76a4a4:192.168.5.136:38543], old=null
2019-09-27 09:30:21,609 [grpc-default-executor-0] INFO  impl.RaftServerImpl (RaftServerImpl.java:setRole(174)) - d03084ef-c572-4bca-82a8-bf6b16c1c530@group-28734D74F447: changes role from  FOLLOWER to FOLLOWER at term 2 for recognizeCandidate:1d13da7d-5300-4519-bdfb-397000abefd3
2019-09-27 09:30:21,609 [grpc-default-executor-5] INFO  impl.RaftServerImpl (RaftServerImpl.java:setRole(174)) - e309d4fc-496e-46e3-8631-94f1ca76a4a4@group-28734D74F447: changes role from  FOLLOWER to FOLLOWER at term 2 for recognizeCandidate:1d13da7d-5300-4519-bdfb-397000abefd3
2019-09-27 09:30:21,609 [grpc-default-executor-0] INFO  impl.RoleInfo (RoleInfo.java:shutdownFollowerState(121)) - d03084ef-c572-4bca-82a8-bf6b16c1c530: shutdown FollowerState
2019-09-27 09:30:21,609 [grpc-default-executor-5] INFO  impl.RoleInfo (RoleInfo.java:shutdownFollowerState(121)) - e309d4fc-496e-46e3-8631-94f1ca76a4a4: shutdown FollowerState
2019-09-27 09:30:21,609 [Thread-757] INFO  impl.FollowerState (FollowerState.java:run(115)) - d03084ef-c572-4bca-82a8-bf6b16c1c530: FollowerState was interrupted: java.lang.InterruptedException: sleep interrupted
2019-09-27 09:30:21,609 [grpc-default-executor-0] INFO  impl.RoleInfo (RoleInfo.java:updateAndGet(143)) - d03084ef-c572-4bca-82a8-bf6b16c1c530: start FollowerState
2019-09-27 09:30:21,609 [Thread-756] INFO  impl.FollowerState (FollowerState.java:run(115)) - e309d4fc-496e-46e3-8631-94f1ca76a4a4: FollowerState was interrupted: java.lang.InterruptedException: sleep interrupted
2019-09-27 09:30:21,609 [grpc-default-executor-5] INFO  impl.RoleInfo (RoleInfo.java:updateAndGet(143)) - e309d4fc-496e-46e3-8631-94f1ca76a4a4: start FollowerState
2019-09-27 09:30:21,629 [1d13da7d-5300-4519-bdfb-397000abefd3@group-28734D74F447:LeaderElection28] INFO  impl.LeaderElection (LeaderElection.java:logAndReturn(56)) - 1d13da7d-5300-4519-bdfb-397000abefd3@group-28734D74F447:LeaderElection28: Election PASSED; received 1 response(s) [1d13da7d-5300-4519-bdfb-397000abefd3<-d03084ef-c572-4bca-82a8-bf6b16c1c530#0:OK-t2] and 0 exception(s); 1d13da7d-5300-4519-bdfb-397000abefd3@group-28734D74F447:t2, leader=null, voted=1d13da7d-5300-4519-bdfb-397000abefd3, raftlog=1d13da7d-5300-4519-bdfb-397000abefd3@group-28734D74F447-SegmentedRaftLog:OPENED:c-1,f-1,i0, conf=-1: [1d13da7d-5300-4519-bdfb-397000abefd3:192.168.5.136:33735, d03084ef-c572-4bca-82a8-bf6b16c1c530:192.168.5.136:39303, e309d4fc-496e-46e3-8631-94f1ca76a4a4:192.168.5.136:38543], old=null
2019-09-27 09:30:21,629 [1d13da7d-5300-4519-bdfb-397000abefd3@group-28734D74F447:LeaderElection28] INFO  impl.RoleInfo (RoleInfo.java:shutdownLeaderElection(134)) - 1d13da7d-5300-4519-bdfb-397000abefd3: shutdown LeaderElection
2019-09-27 09:30:21,629 [1d13da7d-5300-4519-bdfb-397000abefd3@group-28734D74F447:LeaderElection28] INFO  impl.RaftServerImpl (RaftServerImpl.java:setRole(174)) - 1d13da7d-5300-4519-bdfb-397000abefd3@group-28734D74F447: changes role from CANDIDATE to LEADER at term 2 for changeToLeader
2019-09-27 09:30:21,630 [1d13da7d-5300-4519-bdfb-397000abefd3@group-28734D74F447:LeaderElection28] INFO  impl.RaftServerImpl (ServerState.java:setLeader(253)) - 1d13da7d-5300-4519-bdfb-397000abefd3@group-28734D74F447: change Leader from null to 1d13da7d-5300-4519-bdfb-397000abefd3 at term 2 for becomeLeader, leader elected after 10224ms
2019-09-27 09:30:21,630 [1d13da7d-5300-4519-bdfb-397000abefd3@group-28734D74F447:LeaderElection28] INFO  server.RaftServerConfigKeys (ConfUtils.java:logGet(43)) - raft.server.staging.catchup.gap = 1000 (default)
2019-09-27 09:30:21,630 [1d13da7d-5300-4519-bdfb-397000abefd3@group-28734D74F447:LeaderElection28] INFO  server.RaftServerConfigKeys (ConfUtils.java:logGet(43)) - raft.server.rpc.sleep.time = 25ms (default)
2019-09-27 09:30:21,630 [1d13da7d-5300-4519-bdfb-397000abefd3@group-28734D74F447:LeaderElection28] INFO  server.RaftServerConfigKeys (ConfUtils.java:logGet(43)) - raft.server.write.element-limit = 4096 (default)
2019-09-27 09:30:21,630 [1d13da7d-5300-4519-bdfb-397000abefd3@group-28734D74F447:LeaderElection28] INFO  server.RaftServerConfigKeys (ConfUtils.java:logGet(43)) - raft.server.watch.timeout = 10s (default)
2019-09-27 09:30:21,630 [1d13da7d-5300-4519-bdfb-397000abefd3@group-28734D74F447:LeaderElection28] INFO  server.RaftServerConfigKeys (ConfUtils.java:logGet(43)) - raft.server.watch.timeout.denomination = 1s (default)
2019-09-27 09:30:21,631 [1d13da7d-5300-4519-bdfb-397000abefd3@group-28734D74F447:LeaderElection28] INFO  server.RaftServerConfigKeys (ConfUtils.java:logGet(43)) - raft.server.watch.element-limit = 65536 (default)
2019-09-27 09:30:21,633 [1d13da7d-5300-4519-bdfb-397000abefd3@group-28734D74F447:LeaderElection28] INFO  server.RaftServerConfigKeys (ConfUtils.java:logGet(43)) - raft.server.log.appender.snapshot.chunk.size.max = 16MB (=16777216) (default)
2019-09-27 09:30:21,634 [1d13da7d-5300-4519-bdfb-397000abefd3@group-28734D74F447:LeaderElection28] INFO  server.RaftServerConfigKeys (ConfUtils.java:logGet(43)) - raft.server.log.appender.buffer.byte-limit = 33554432 (custom)
2019-09-27 09:30:21,634 [1d13da7d-5300-4519-bdfb-397000abefd3@group-28734D74F447:LeaderElection28] INFO  server.RaftServerConfigKeys (ConfUtils.java:logGet(43)) - raft.server.log.appender.buffer.element-limit = 1 (custom)
2019-09-27 09:30:21,634 [1d13da7d-5300-4519-bdfb-397000abefd3@group-28734D74F447:LeaderElection28] INFO  grpc.GrpcConfigKeys$Server (ConfUtils.java:logGet(43)) - raft.grpc.server.leader.outstanding.appends.max = 128 (default)
2019-09-27 09:30:21,634 [1d13da7d-5300-4519-bdfb-397000abefd3@group-28734D74F447:LeaderElection28] INFO  server.RaftServerConfigKeys (ConfUtils.java:logGet(43)) - raft.server.rpc.request.timeout = 3000ms (default)
2019-09-27 09:30:21,634 [1d13da7d-5300-4519-bdfb-397000abefd3@group-28734D74F447:LeaderElection28] INFO  server.RaftServerConfigKeys (ConfUtils.java:logGet(43)) - raft.server.log.appender.install.snapshot.enabled = false (custom)
2019-09-27 09:30:21,635 [1d13da7d-5300-4519-bdfb-397000abefd3@group-28734D74F447:LeaderElection28] INFO  server.RaftServerConfigKeys (ConfUtils.java:logGet(43)) - raft.server.log.appender.snapshot.chunk.size.max = 16MB (=16777216) (default)
2019-09-27 09:30:21,635 [1d13da7d-5300-4519-bdfb-397000abefd3@group-28734D74F447:LeaderElection28] INFO  server.RaftServerConfigKeys (ConfUtils.java:logGet(43)) - raft.server.log.appender.buffer.byte-limit = 33554432 (custom)
2019-09-27 09:30:21,635 [1d13da7d-5300-4519-bdfb-397000abefd3@group-28734D74F447:LeaderElection28] INFO  server.RaftServerConfigKeys (ConfUtils.java:logGet(43)) - raft.server.log.appender.buffer.element-limit = 1 (custom)
2019-09-27 09:30:21,635 [1d13da7d-5300-4519-bdfb-397000abefd3@group-28734D74F447:LeaderElection28] INFO  grpc.GrpcConfigKeys$Server (ConfUtils.java:logGet(43)) - raft.grpc.server.leader.outstanding.appends.max = 128 (default)
2019-09-27 09:30:21,636 [1d13da7d-5300-4519-bdfb-397000abefd3@group-28734D74F447:LeaderElection28] INFO  server.RaftServerConfigKeys (ConfUtils.java:logGet(43)) - raft.server.rpc.request.timeout = 3000ms (default)
2019-09-27 09:30:21,636 [1d13da7d-5300-4519-bdfb-397000abefd3@group-28734D74F447:LeaderElection28] INFO  server.RaftServerConfigKeys (ConfUtils.java:logGet(43)) - raft.server.log.appender.install.snapshot.enabled = false (custom)
2019-09-27 09:30:21,636 [1d13da7d-5300-4519-bdfb-397000abefd3@group-28734D74F447:LeaderElection28] INFO  impl.RoleInfo (RoleInfo.java:updateAndGet(143)) - 1d13da7d-5300-4519-bdfb-397000abefd3: start LeaderState
2019-09-27 09:30:21,636 [1d13da7d-5300-4519-bdfb-397000abefd3@group-28734D74F447:LeaderElection28] INFO  segmented.SegmentedRaftLogWorker (SegmentedRaftLogWorker.java:startLogSegment(380)) - 1d13da7d-5300-4519-bdfb-397000abefd3@group-28734D74F447-SegmentedRaftLogWorker: Starting segment from index:0
2019-09-27 09:30:21,637 [1d13da7d-5300-4519-bdfb-397000abefd3@group-28734D74F447:LeaderElection28] INFO  impl.RaftServerImpl (ServerState.java:setRaftConf(354)) - 1d13da7d-5300-4519-bdfb-397000abefd3@group-28734D74F447: set configuration 0: [1d13da7d-5300-4519-bdfb-397000abefd3:192.168.5.136:33735, d03084ef-c572-4bca-82a8-bf6b16c1c530:192.168.5.136:39303, e309d4fc-496e-46e3-8631-94f1ca76a4a4:192.168.5.136:38543], old=null at 0
2019-09-27 09:30:21,675 [grpc-default-executor-5] INFO  impl.RaftServerImpl (ServerState.java:setLeader(253)) - e309d4fc-496e-46e3-8631-94f1ca76a4a4@group-28734D74F447: change Leader from null to 1d13da7d-5300-4519-bdfb-397000abefd3 at term 2 for appendEntries, leader elected after 10270ms
2019-09-27 09:30:21,677 [grpc-default-executor-0] INFO  impl.RaftServerImpl (ServerState.java:setLeader(253)) - d03084ef-c572-4bca-82a8-bf6b16c1c530@group-28734D74F447: change Leader from null to 1d13da7d-5300-4519-bdfb-397000abefd3 at term 2 for appendEntries, leader elected after 10272ms
2019-09-27 09:30:21,680 [grpc-default-executor-5] INFO  impl.RaftServerImpl (ServerState.java:setRaftConf(354)) - e309d4fc-496e-46e3-8631-94f1ca76a4a4@group-28734D74F447: set configuration 0: [1d13da7d-5300-4519-bdfb-397000abefd3:192.168.5.136:33735, d03084ef-c572-4bca-82a8-bf6b16c1c530:192.168.5.136:39303, e309d4fc-496e-46e3-8631-94f1ca76a4a4:192.168.5.136:38543], old=null at 0
2019-09-27 09:30:21,680 [grpc-default-executor-0] INFO  impl.RaftServerImpl (ServerState.java:setRaftConf(354)) - d03084ef-c572-4bca-82a8-bf6b16c1c530@group-28734D74F447: set configuration 0: [1d13da7d-5300-4519-bdfb-397000abefd3:192.168.5.136:33735, d03084ef-c572-4bca-82a8-bf6b16c1c530:192.168.5.136:39303, e309d4fc-496e-46e3-8631-94f1ca76a4a4:192.168.5.136:38543], old=null at 0
2019-09-27 09:30:21,680 [grpc-default-executor-5] INFO  segmented.SegmentedRaftLogWorker (SegmentedRaftLogWorker.java:startLogSegment(380)) - e309d4fc-496e-46e3-8631-94f1ca76a4a4@group-28734D74F447-SegmentedRaftLogWorker: Starting segment from index:0
2019-09-27 09:30:21,680 [grpc-default-executor-0] INFO  segmented.SegmentedRaftLogWorker (SegmentedRaftLogWorker.java:startLogSegment(380)) - d03084ef-c572-4bca-82a8-bf6b16c1c530@group-28734D74F447-SegmentedRaftLogWorker: Starting segment from index:0
2019-09-27 09:30:21,685 [1d13da7d-5300-4519-bdfb-397000abefd3@group-28734D74F447-SegmentedRaftLogWorker] INFO  segmented.SegmentedRaftLogWorker (SegmentedRaftLogWorker.java:execute(569)) - 1d13da7d-5300-4519-bdfb-397000abefd3@group-28734D74F447-SegmentedRaftLogWorker: created new log segment /workdir/hadoop-ozone/integration-test/target/test-dir/MiniOzoneClusterImpl-834b5182-62dc-4ca6-be4e-bc0179c6ec08/datanode-0/data/ratis/7a64ccc4-01e8-4661-83fa-28734d74f447/current/log_inprogress_0
2019-09-27 09:30:21,724 [e309d4fc-496e-46e3-8631-94f1ca76a4a4@group-28734D74F447-SegmentedRaftLogWorker] INFO  segmented.SegmentedRaftLogWorker (SegmentedRaftLogWorker.java:execute(569)) - e309d4fc-496e-46e3-8631-94f1ca76a4a4@group-28734D74F447-SegmentedRaftLogWorker: created new log segment /workdir/hadoop-ozone/integration-test/target/test-dir/MiniOzoneClusterImpl-834b5182-62dc-4ca6-be4e-bc0179c6ec08/datanode-1/data/ratis/7a64ccc4-01e8-4661-83fa-28734d74f447/current/log_inprogress_0
2019-09-27 09:30:21,725 [d03084ef-c572-4bca-82a8-bf6b16c1c530@group-28734D74F447-SegmentedRaftLogWorker] INFO  segmented.SegmentedRaftLogWorker (SegmentedRaftLogWorker.java:execute(569)) - d03084ef-c572-4bca-82a8-bf6b16c1c530@group-28734D74F447-SegmentedRaftLogWorker: created new log segment /workdir/hadoop-ozone/integration-test/target/test-dir/MiniOzoneClusterImpl-834b5182-62dc-4ca6-be4e-bc0179c6ec08/datanode-2/data/ratis/7a64ccc4-01e8-4661-83fa-28734d74f447/current/log_inprogress_0
2019-09-27 09:30:22,377 [RatisApplyTransactionExecutor 1] ERROR ratis.ContainerStateMachine (ContainerStateMachine.java:lambda$applyTransaction$6(721)) - gid group-28734D74F447 : ApplyTransaction failed. cmd CreateContainer logIndex 7 exception {}
java.lang.IllegalArgumentException
	at com.google.common.base.Preconditions.checkArgument(Preconditions.java:72)
	at org.apache.hadoop.ozone.container.keyvalue.KeyValueHandler.handleCreateContainer(KeyValueHandler.java:215)
	at org.apache.hadoop.ozone.container.keyvalue.KeyValueHandler.handle(KeyValueHandler.java:152)
	at org.apache.hadoop.ozone.container.common.impl.HddsDispatcher.dispatchRequest(HddsDispatcher.java:275)
	at org.apache.hadoop.ozone.container.common.impl.HddsDispatcher.dispatch(HddsDispatcher.java:150)
	at org.apache.hadoop.ozone.container.common.transport.server.ratis.ContainerStateMachine.dispatchCommand(ContainerStateMachine.java:401)
	at org.apache.hadoop.ozone.container.common.transport.server.ratis.ContainerStateMachine.runCommand(ContainerStateMachine.java:409)
	at org.apache.hadoop.ozone.container.common.transport.server.ratis.ContainerStateMachine.lambda$applyTransaction$6(ContainerStateMachine.java:719)
	at java.util.concurrent.CompletableFuture$AsyncSupply.run(CompletableFuture.java:1590)
	at java.util.concurrent.ThreadPoolExecutor.runWorker(ThreadPoolExecutor.java:1149)
	at java.util.concurrent.ThreadPoolExecutor$Worker.run(ThreadPoolExecutor.java:624)
	at java.lang.Thread.run(Thread.java:748)
2019-09-27 09:30:22,379 [RatisApplyTransactionExecutor 1] ERROR ratis.ContainerStateMachine (ContainerStateMachine.java:lambda$applyTransaction$6(721)) - gid group-28734D74F447 : ApplyTransaction failed. cmd CreateContainer logIndex 7 exception {}
java.lang.IllegalArgumentException
	at com.google.common.base.Preconditions.checkArgument(Preconditions.java:72)
	at org.apache.hadoop.ozone.container.keyvalue.KeyValueHandler.handleCreateContainer(KeyValueHandler.java:215)
	at org.apache.hadoop.ozone.container.keyvalue.KeyValueHandler.handle(KeyValueHandler.java:152)
	at org.apache.hadoop.ozone.container.common.impl.HddsDispatcher.dispatchRequest(HddsDispatcher.java:275)
	at org.apache.hadoop.ozone.container.common.impl.HddsDispatcher.dispatch(HddsDispatcher.java:150)
	at org.apache.hadoop.ozone.container.common.transport.server.ratis.ContainerStateMachine.dispatchCommand(ContainerStateMachine.java:401)
	at org.apache.hadoop.ozone.container.common.transport.server.ratis.ContainerStateMachine.runCommand(ContainerStateMachine.java:409)
	at org.apache.hadoop.ozone.container.common.transport.server.ratis.ContainerStateMachine.lambda$applyTransaction$6(ContainerStateMachine.java:719)
	at java.util.concurrent.CompletableFuture$AsyncSupply.run(CompletableFuture.java:1590)
	at java.util.concurrent.ThreadPoolExecutor.runWorker(ThreadPoolExecutor.java:1149)
	at java.util.concurrent.ThreadPoolExecutor$Worker.run(ThreadPoolExecutor.java:624)
	at java.lang.Thread.run(Thread.java:748)
2019-09-27 09:30:22,379 [RatisApplyTransactionExecutor 1] ERROR ratis.ContainerStateMachine (ContainerStateMachine.java:lambda$applyTransaction$6(721)) - gid group-28734D74F447 : ApplyTransaction failed. cmd CreateContainer logIndex 7 exception {}
java.lang.IllegalArgumentException
	at com.google.common.base.Preconditions.checkArgument(Preconditions.java:72)
	at org.apache.hadoop.ozone.container.keyvalue.KeyValueHandler.handleCreateContainer(KeyValueHandler.java:215)
	at org.apache.hadoop.ozone.container.keyvalue.KeyValueHandler.handle(KeyValueHandler.java:152)
	at org.apache.hadoop.ozone.container.common.impl.HddsDispatcher.dispatchRequest(HddsDispatcher.java:275)
	at org.apache.hadoop.ozone.container.common.impl.HddsDispatcher.dispatch(HddsDispatcher.java:150)
	at org.apache.hadoop.ozone.container.common.transport.server.ratis.ContainerStateMachine.dispatchCommand(ContainerStateMachine.java:401)
	at org.apache.hadoop.ozone.container.common.transport.server.ratis.ContainerStateMachine.runCommand(ContainerStateMachine.java:409)
	at org.apache.hadoop.ozone.container.common.transport.server.ratis.ContainerStateMachine.lambda$applyTransaction$6(ContainerStateMachine.java:719)
	at java.util.concurrent.CompletableFuture$AsyncSupply.run(CompletableFuture.java:1590)
	at java.util.concurrent.ThreadPoolExecutor.runWorker(ThreadPoolExecutor.java:1149)
	at java.util.concurrent.ThreadPoolExecutor$Worker.run(ThreadPoolExecutor.java:624)
	at java.lang.Thread.run(Thread.java:748)
2019-09-27 09:31:54,047 [main] INFO  ozone.MiniOzoneClusterImpl (MiniOzoneClusterImpl.java:shutdown(314)) - Shutting down the Mini Ozone Cluster
2019-09-27 09:31:54,048 [main] INFO  ozone.MiniOzoneClusterImpl (MiniOzoneClusterImpl.java:stop(330)) - Stopping the Mini Ozone Cluster
2019-09-27 09:31:54,048 [main] INFO  ozone.MiniOzoneClusterImpl (MiniOzoneClusterImpl.java:stopOM(400)) - Stopping the OzoneManager
2019-09-27 09:31:54,049 [main] INFO  ipc.Server (Server.java:stop(3082)) - Stopping server on 45731
2019-09-27 09:31:54,062 [IPC Server listener on 45731] INFO  ipc.Server (Server.java:run(1185)) - Stopping IPC Server listener on 45731
2019-09-27 09:31:54,070 [IPC Server Responder] INFO  ipc.Server (Server.java:run(1319)) - Stopping IPC Server Responder
2019-09-27 09:31:54,065 [main] INFO  ratis.OzoneManagerDoubleBuffer (OzoneManagerDoubleBuffer.java:stop(248)) - Stopping OMDoubleBuffer flush thread
2019-09-27 09:31:54,087 [OMDoubleBufferFlushThread] INFO  ratis.OzoneManagerDoubleBuffer (OzoneManagerDoubleBuffer.java:flushTransactions(191)) - OMDoubleBuffer flush thread OMDoubleBufferFlushThread is interrupted and will exit. OMDoubleBufferFlushThread
2019-09-27 09:31:54,088 [main] INFO  utils.BackgroundService (BackgroundService.java:shutdown(148)) - Shutting down service KeyDeletingService
2019-09-27 09:31:54,091 [main] INFO  handler.ContextHandler (ContextHandler.java:doStop(910)) - Stopped o.e.j.w.WebAppContext@6c8dbf56{/,null,UNAVAILABLE}{/ozoneManager}
2019-09-27 09:31:54,092 [main] INFO  server.AbstractConnector (AbstractConnector.java:doStop(318)) - Stopped ServerConnector@493b01ef{HTTP/1.1,[http/1.1]}{0.0.0.0:0}
2019-09-27 09:31:54,093 [main] INFO  handler.ContextHandler (ContextHandler.java:doStop(910)) - Stopped o.e.j.s.ServletContextHandler@4ace284d{/static,file:///workdir/hadoop-ozone/integration-test/target/test-classes/webapps/static,UNAVAILABLE}
2019-09-27 09:31:54,094 [main] INFO  handler.ContextHandler (ContextHandler.java:doStop(910)) - Stopped o.e.j.s.ServletContextHandler@4eb9f2af{/logs,file:///workdir/hadoop-ozone/integration-test/target/log,UNAVAILABLE}
2019-09-27 09:31:54,097 [main] INFO  ozone.MiniOzoneClusterImpl (MiniOzoneClusterImpl.java:stopDatanodes(377)) - Stopping the HddsDatanodes
2019-09-27 09:31:54,401 [Datanode State Machine Thread - 0] INFO  statemachine.DatanodeStateMachine (DatanodeStateMachine.java:lambda$startDaemon$0(350)) - Ozone container server started.
2019-09-27 09:31:54,470 [Datanode State Machine Thread - 0] INFO  statemachine.DatanodeStateMachine (DatanodeStateMachine.java:lambda$startDaemon$0(350)) - Ozone container server started.
2019-09-27 09:31:59,099 [main] INFO  ozoneimpl.OzoneContainer (OzoneContainer.java:stop(231)) - Attempting to stop container services.
2019-09-27 09:31:59,099 [ForkJoinPool.commonPool-worker-0] INFO  ozoneimpl.OzoneContainer (OzoneContainer.java:stop(231)) - Attempting to stop container services.
2019-09-27 09:31:59,104 [ForkJoinPool.commonPool-worker-0] INFO  impl.RaftServerProxy (RaftServerProxy.java:lambda$close$4(314)) - e309d4fc-496e-46e3-8631-94f1ca76a4a4: close
2019-09-27 09:31:59,104 [main] INFO  impl.RaftServerProxy (RaftServerProxy.java:lambda$close$4(314)) - b7a6e9c1-8d08-4b5a-81cc-fb6c57153da1: close
2019-09-27 09:31:59,105 [ForkJoinPool.commonPool-worker-0] INFO  impl.RaftServerImpl (RaftServerImpl.java:lambda$shutdown$3(251)) - e309d4fc-496e-46e3-8631-94f1ca76a4a4@group-137F45F5121F: shutdown
2019-09-27 09:31:59,105 [main] INFO  impl.RaftServerImpl (RaftServerImpl.java:lambda$shutdown$3(251)) - b7a6e9c1-8d08-4b5a-81cc-fb6c57153da1@group-C577347BA740: shutdown
2019-09-27 09:31:59,105 [ForkJoinPool.commonPool-worker-0] INFO  util.JmxRegister (JmxRegister.java:unregister(73)) - Successfully un-registered JMX Bean with object name Ratis:service=RaftServer,group=group-137F45F5121F,id=e309d4fc-496e-46e3-8631-94f1ca76a4a4
2019-09-27 09:31:59,106 [main] INFO  util.JmxRegister (JmxRegister.java:unregister(73)) - Successfully un-registered JMX Bean with object name Ratis:service=RaftServer,group=group-C577347BA740,id=b7a6e9c1-8d08-4b5a-81cc-fb6c57153da1
2019-09-27 09:31:59,106 [ForkJoinPool.commonPool-worker-0] INFO  impl.RoleInfo (RoleInfo.java:shutdownLeaderState(104)) - e309d4fc-496e-46e3-8631-94f1ca76a4a4: shutdown LeaderState
2019-09-27 09:31:59,106 [main] INFO  impl.RoleInfo (RoleInfo.java:shutdownFollowerState(121)) - b7a6e9c1-8d08-4b5a-81cc-fb6c57153da1: shutdown FollowerState
2019-09-27 09:31:59,107 [ForkJoinPool.commonPool-worker-0] INFO  impl.PendingRequests (PendingRequests.java:sendNotLeaderResponses(202)) - e309d4fc-496e-46e3-8631-94f1ca76a4a4-PendingRequests: sendNotLeaderResponses
2019-09-27 09:31:59,107 [Thread-767] INFO  impl.FollowerState (FollowerState.java:run(115)) - b7a6e9c1-8d08-4b5a-81cc-fb6c57153da1: FollowerState was interrupted: java.lang.InterruptedException: sleep interrupted
2019-09-27 09:31:59,107 [main] INFO  impl.StateMachineUpdater (StateMachineUpdater.java:stopAndJoin(125)) - b7a6e9c1-8d08-4b5a-81cc-fb6c57153da1@group-C577347BA740-StateMachineUpdater: set stopIndex = 0
2019-09-27 09:31:59,111 [ForkJoinPool.commonPool-worker-0] INFO  impl.StateMachineUpdater (StateMachineUpdater.java:stopAndJoin(125)) - e309d4fc-496e-46e3-8631-94f1ca76a4a4@group-137F45F5121F-StateMachineUpdater: set stopIndex = 0
2019-09-27 09:31:59,111 [main] INFO  impl.RaftServerImpl (ServerState.java:close(385)) - b7a6e9c1-8d08-4b5a-81cc-fb6c57153da1@group-C577347BA740: closes. applyIndex: 0
2019-09-27 09:31:59,111 [ForkJoinPool.commonPool-worker-0] INFO  impl.RaftServerImpl (ServerState.java:close(385)) - e309d4fc-496e-46e3-8631-94f1ca76a4a4@group-137F45F5121F: closes. applyIndex: 0
2019-09-27 09:31:59,112 [e309d4fc-496e-46e3-8631-94f1ca76a4a4@group-137F45F5121F-SegmentedRaftLogWorker] INFO  segmented.SegmentedRaftLogWorker (SegmentedRaftLogWorker.java:run(313)) - e309d4fc-496e-46e3-8631-94f1ca76a4a4@group-137F45F5121F-SegmentedRaftLogWorker was interrupted, exiting. There are 0 tasks remaining in the queue.
2019-09-27 09:31:59,112 [b7a6e9c1-8d08-4b5a-81cc-fb6c57153da1@group-C577347BA740-SegmentedRaftLogWorker] INFO  segmented.SegmentedRaftLogWorker (SegmentedRaftLogWorker.java:run(313)) - b7a6e9c1-8d08-4b5a-81cc-fb6c57153da1@group-C577347BA740-SegmentedRaftLogWorker was interrupted, exiting. There are 0 tasks remaining in the queue.
2019-09-27 09:31:59,117 [ForkJoinPool.commonPool-worker-0] INFO  segmented.SegmentedRaftLogWorker (SegmentedRaftLogWorker.java:close(228)) - e309d4fc-496e-46e3-8631-94f1ca76a4a4@group-137F45F5121F-SegmentedRaftLogWorker close()
2019-09-27 09:31:59,117 [main] INFO  segmented.SegmentedRaftLogWorker (SegmentedRaftLogWorker.java:close(228)) - b7a6e9c1-8d08-4b5a-81cc-fb6c57153da1@group-C577347BA740-SegmentedRaftLogWorker close()
2019-09-27 09:31:59,122 [ForkJoinPool.commonPool-worker-0] INFO  impl.RaftServerImpl (RaftServerImpl.java:lambda$shutdown$3(251)) - e309d4fc-496e-46e3-8631-94f1ca76a4a4@group-28734D74F447: shutdown
2019-09-27 09:31:59,127 [main] INFO  impl.RaftServerImpl (RaftServerImpl.java:lambda$shutdown$3(251)) - b7a6e9c1-8d08-4b5a-81cc-fb6c57153da1@group-C35C47F45A0C: shutdown
2019-09-27 09:31:59,127 [ForkJoinPool.commonPool-worker-0] INFO  util.JmxRegister (JmxRegister.java:unregister(73)) - Successfully un-registered JMX Bean with object name Ratis:service=RaftServer,group=group-28734D74F447,id=e309d4fc-496e-46e3-8631-94f1ca76a4a4
2019-09-27 09:31:59,127 [main] INFO  util.JmxRegister (JmxRegister.java:unregister(73)) - Successfully un-registered JMX Bean with object name Ratis:service=RaftServer,group=group-C35C47F45A0C,id=b7a6e9c1-8d08-4b5a-81cc-fb6c57153da1
2019-09-27 09:31:59,128 [main] INFO  impl.RoleInfo (RoleInfo.java:shutdownLeaderState(104)) - b7a6e9c1-8d08-4b5a-81cc-fb6c57153da1: shutdown LeaderState
2019-09-27 09:31:59,128 [ForkJoinPool.commonPool-worker-0] INFO  impl.RoleInfo (RoleInfo.java:shutdownFollowerState(121)) - e309d4fc-496e-46e3-8631-94f1ca76a4a4: shutdown FollowerState
2019-09-27 09:31:59,129 [main] INFO  impl.PendingRequests (PendingRequests.java:sendNotLeaderResponses(202)) - b7a6e9c1-8d08-4b5a-81cc-fb6c57153da1-PendingRequests: sendNotLeaderResponses
2019-09-27 09:31:59,129 [e309d4fc-496e-46e3-8631-94f1ca76a4a4@group-28734D74F447-StateMachineUpdater] INFO  ratis.ContainerStateMachine (ContainerStateMachine.java:takeSnapshot(289)) - group-28734D74F447: Taking a snapshot at:(t:2, i:6) file /workdir/hadoop-ozone/integration-test/target/test-dir/MiniOzoneClusterImpl-834b5182-62dc-4ca6-be4e-bc0179c6ec08/datanode-1/data/ratis/7a64ccc4-01e8-4661-83fa-28734d74f447/sm/snapshot.2_6
2019-09-27 09:31:59,130 [main] INFO  impl.StateMachineUpdater (StateMachineUpdater.java:stopAndJoin(125)) - b7a6e9c1-8d08-4b5a-81cc-fb6c57153da1@group-C35C47F45A0C-StateMachineUpdater: set stopIndex = 0
2019-09-27 09:31:59,130 [main] INFO  impl.RaftServerImpl (ServerState.java:close(385)) - b7a6e9c1-8d08-4b5a-81cc-fb6c57153da1@group-C35C47F45A0C: closes. applyIndex: 0
2019-09-27 09:31:59,129 [Thread-796] INFO  impl.FollowerState (FollowerState.java:run(115)) - e309d4fc-496e-46e3-8631-94f1ca76a4a4: FollowerState was interrupted: java.lang.InterruptedException: sleep interrupted
2019-09-27 09:31:59,131 [b7a6e9c1-8d08-4b5a-81cc-fb6c57153da1@group-C35C47F45A0C-SegmentedRaftLogWorker] INFO  segmented.SegmentedRaftLogWorker (SegmentedRaftLogWorker.java:run(313)) - b7a6e9c1-8d08-4b5a-81cc-fb6c57153da1@group-C35C47F45A0C-SegmentedRaftLogWorker was interrupted, exiting. There are 0 tasks remaining in the queue.
2019-09-27 09:31:59,129 [ForkJoinPool.commonPool-worker-0] INFO  impl.StateMachineUpdater (StateMachineUpdater.java:stopAndJoin(125)) - e309d4fc-496e-46e3-8631-94f1ca76a4a4@group-28734D74F447-StateMachineUpdater: set stopIndex = 8
2019-09-27 09:31:59,135 [main] INFO  segmented.SegmentedRaftLogWorker (SegmentedRaftLogWorker.java:close(228)) - b7a6e9c1-8d08-4b5a-81cc-fb6c57153da1@group-C35C47F45A0C-SegmentedRaftLogWorker close()
2019-09-27 09:31:59,142 [main] INFO  server.GrpcService (GrpcService.java:closeImpl(164)) - b7a6e9c1-8d08-4b5a-81cc-fb6c57153da1: shutdown server with port 34081 now
2019-09-27 09:31:59,144 [grpc-default-executor-5] WARN  server.GrpcServerProtocolService (LogUtils.java:warn(134)) - b7a6e9c1-8d08-4b5a-81cc-fb6c57153da1: installSnapshot onError, lastRequest: 1fbb84ac-7ee1-46c1-859c-ad619cea4be7->b7a6e9c1-8d08-4b5a-81cc-fb6c57153da1#41-t1, previous=(t:1, i:0), leaderCommit=0, initializing? false, entries: <empty>: org.apache.ratis.thirdparty.io.grpc.StatusRuntimeException: CANCELLED: cancelled before receiving half close
2019-09-27 09:31:59,145 [main] INFO  server.GrpcService (GrpcService.java:closeImpl(172)) - b7a6e9c1-8d08-4b5a-81cc-fb6c57153da1: shutdown server with port 34081 successfully
2019-09-27 09:31:59,145 [grpc-default-executor-2] WARN  server.GrpcLogAppender (LogUtils.java:warn(134)) - 1fbb84ac-7ee1-46c1-859c-ad619cea4be7@group-C577347BA740->b7a6e9c1-8d08-4b5a-81cc-fb6c57153da1-AppendLogResponseHandler: Failed appendEntries: org.apache.ratis.thirdparty.io.grpc.StatusRuntimeException: CANCELLED: HTTP/2 error code: CANCEL
Received Rst Stream
2019-09-27 09:31:59,152 [grpc-default-executor-2] INFO  impl.FollowerInfo (FollowerInfo.java:lambda$new$0(51)) - 1fbb84ac-7ee1-46c1-859c-ad619cea4be7@group-C577347BA740->b7a6e9c1-8d08-4b5a-81cc-fb6c57153da1: nextIndex: updateUnconditionally 1 -> 0
2019-09-27 09:31:59,155 [refreshUsed-/workdir/hadoop-ozone/integration-test/target/test-dir/MiniOzoneClusterImpl-834b5182-62dc-4ca6-be4e-bc0179c6ec08/datanode-4/data/containers] WARN  fs.CachingGetSpaceUsed (CachingGetSpaceUsed.java:run(183)) - Thread Interrupted waiting to refresh disk information: sleep interrupted
2019-09-27 09:31:59,163 [e309d4fc-496e-46e3-8631-94f1ca76a4a4@group-28734D74F447-StateMachineUpdater] INFO  ratis.ContainerStateMachine (ContainerStateMachine.java:takeSnapshot(300)) - group-28734D74F447: Finished taking a snapshot at:(t:2, i:6) file:/workdir/hadoop-ozone/integration-test/target/test-dir/MiniOzoneClusterImpl-834b5182-62dc-4ca6-be4e-bc0179c6ec08/datanode-1/data/ratis/7a64ccc4-01e8-4661-83fa-28734d74f447/sm/snapshot.2_6 time:34
2019-09-27 09:31:59,164 [e309d4fc-496e-46e3-8631-94f1ca76a4a4@group-28734D74F447-StateMachineUpdater] INFO  impl.StateMachineUpdater (StateMachineUpdater.java:takeSnapshot(258)) - e309d4fc-496e-46e3-8631-94f1ca76a4a4@group-28734D74F447-StateMachineUpdater: Took a snapshot at index 6
2019-09-27 09:31:59,164 [e309d4fc-496e-46e3-8631-94f1ca76a4a4@group-28734D74F447-StateMachineUpdater] INFO  impl.StateMachineUpdater (StateMachineUpdater.java:lambda$new$0(83)) - e309d4fc-496e-46e3-8631-94f1ca76a4a4@group-28734D74F447-StateMachineUpdater: snapshotIndex: updateIncreasingly -1 -> 6
2019-09-27 09:31:59,164 [e309d4fc-496e-46e3-8631-94f1ca76a4a4@group-28734D74F447-StateMachineUpdater] INFO  ratis.ContainerStateMachine (ContainerStateMachine.java:takeSnapshot(289)) - group-28734D74F447: Taking a snapshot at:(t:2, i:6) file /workdir/hadoop-ozone/integration-test/target/test-dir/MiniOzoneClusterImpl-834b5182-62dc-4ca6-be4e-bc0179c6ec08/datanode-1/data/ratis/7a64ccc4-01e8-4661-83fa-28734d74f447/sm/snapshot.2_6
2019-09-27 09:31:59,173 [main] INFO  utils.BackgroundService (BackgroundService.java:shutdown(148)) - Shutting down service BlockDeletingService
2019-09-27 09:31:59,179 [e309d4fc-496e-46e3-8631-94f1ca76a4a4@group-28734D74F447-StateMachineUpdater] INFO  ratis.ContainerStateMachine (ContainerStateMachine.java:takeSnapshot(300)) - group-28734D74F447: Finished taking a snapshot at:(t:2, i:6) file:/workdir/hadoop-ozone/integration-test/target/test-dir/MiniOzoneClusterImpl-834b5182-62dc-4ca6-be4e-bc0179c6ec08/datanode-1/data/ratis/7a64ccc4-01e8-4661-83fa-28734d74f447/sm/snapshot.2_6 time:13
2019-09-27 09:31:59,180 [main] INFO  statemachine.DatanodeStateMachine (DatanodeStateMachine.java:stopDaemon(395)) - Ozone container server stopped.
2019-09-27 09:31:59,180 [e309d4fc-496e-46e3-8631-94f1ca76a4a4@group-28734D74F447-StateMachineUpdater] INFO  impl.StateMachineUpdater (StateMachineUpdater.java:takeSnapshot(258)) - e309d4fc-496e-46e3-8631-94f1ca76a4a4@group-28734D74F447-StateMachineUpdater: Took a snapshot at index 6
2019-09-27 09:31:59,181 [e309d4fc-496e-46e3-8631-94f1ca76a4a4@group-28734D74F447-StateMachineUpdater] INFO  impl.StateMachineUpdater (StateMachineUpdater.java:lambda$new$0(83)) - e309d4fc-496e-46e3-8631-94f1ca76a4a4@group-28734D74F447-StateMachineUpdater: snapshotIndex: updateIncreasingly 6 -> 6
2019-09-27 09:31:59,181 [ForkJoinPool.commonPool-worker-0] INFO  impl.RaftServerImpl (ServerState.java:close(385)) - e309d4fc-496e-46e3-8631-94f1ca76a4a4@group-28734D74F447: closes. applyIndex: 8
2019-09-27 09:31:59,182 [e309d4fc-496e-46e3-8631-94f1ca76a4a4@group-28734D74F447-SegmentedRaftLogWorker] INFO  segmented.SegmentedRaftLogWorker (SegmentedRaftLogWorker.java:run(313)) - e309d4fc-496e-46e3-8631-94f1ca76a4a4@group-28734D74F447-SegmentedRaftLogWorker was interrupted, exiting. There are 0 tasks remaining in the queue.
2019-09-27 09:31:59,184 [ForkJoinPool.commonPool-worker-0] INFO  segmented.SegmentedRaftLogWorker (SegmentedRaftLogWorker.java:close(228)) - e309d4fc-496e-46e3-8631-94f1ca76a4a4@group-28734D74F447-SegmentedRaftLogWorker close()
2019-09-27 09:31:59,196 [ForkJoinPool.commonPool-worker-0] INFO  server.GrpcService (GrpcService.java:closeImpl(164)) - e309d4fc-496e-46e3-8631-94f1ca76a4a4: shutdown server with port 38543 now
2019-09-27 09:31:59,196 [main] INFO  handler.ContextHandler (ContextHandler.java:doStop(910)) - Stopped o.e.j.w.WebAppContext@2e463f4{/,null,UNAVAILABLE}{/hddsDatanode}
2019-09-27 09:31:59,197 [grpc-default-executor-2] WARN  server.GrpcServerProtocolService (LogUtils.java:warn(134)) - e309d4fc-496e-46e3-8631-94f1ca76a4a4: installSnapshot onError, lastRequest: 1d13da7d-5300-4519-bdfb-397000abefd3->e309d4fc-496e-46e3-8631-94f1ca76a4a4#47-t2, previous=(t:2, i:8), leaderCommit=8, initializing? false, entries: <empty>: org.apache.ratis.thirdparty.io.grpc.StatusRuntimeException: CANCELLED: cancelled before receiving half close
2019-09-27 09:31:59,197 [ForkJoinPool.commonPool-worker-0] INFO  server.GrpcService (GrpcService.java:closeImpl(172)) - e309d4fc-496e-46e3-8631-94f1ca76a4a4: shutdown server with port 38543 successfully
2019-09-27 09:31:59,197 [grpc-default-executor-5] WARN  server.GrpcLogAppender (LogUtils.java:warn(134)) - 1d13da7d-5300-4519-bdfb-397000abefd3@group-28734D74F447->e309d4fc-496e-46e3-8631-94f1ca76a4a4-AppendLogResponseHandler: Failed appendEntries: org.apache.ratis.thirdparty.io.grpc.StatusRuntimeException: CANCELLED: HTTP/2 error code: CANCEL
Received Rst Stream
2019-09-27 09:31:59,198 [main] INFO  server.AbstractConnector (AbstractConnector.java:doStop(318)) - Stopped ServerConnector@32ec9c90{HTTP/1.1,[http/1.1]}{0.0.0.0:0}
2019-09-27 09:31:59,198 [grpc-default-executor-5] INFO  impl.FollowerInfo (FollowerInfo.java:lambda$new$0(51)) - 1d13da7d-5300-4519-bdfb-397000abefd3@group-28734D74F447->e309d4fc-496e-46e3-8631-94f1ca76a4a4: nextIndex: updateUnconditionally 9 -> 8
2019-09-27 09:31:59,199 [main] INFO  handler.ContextHandler (ContextHandler.java:doStop(910)) - Stopped o.e.j.s.ServletContextHandler@759de304{/static,jar:file:/home/user/.m2/repository/org/apache/hadoop/hadoop-hdds-container-service/0.5.0-SNAPSHOT/hadoop-hdds-container-service-0.5.0-SNAPSHOT.jar!/webapps/static,UNAVAILABLE}
2019-09-27 09:31:59,200 [main] INFO  handler.ContextHandler (ContextHandler.java:doStop(910)) - Stopped o.e.j.s.ServletContextHandler@7980cf2c{/logs,file:///workdir/hadoop-ozone/integration-test/target/log,UNAVAILABLE}
2019-09-27 09:31:59,200 [refreshUsed-/workdir/hadoop-ozone/integration-test/target/test-dir/MiniOzoneClusterImpl-834b5182-62dc-4ca6-be4e-bc0179c6ec08/datanode-1/data/containers] WARN  fs.CachingGetSpaceUsed (CachingGetSpaceUsed.java:run(183)) - Thread Interrupted waiting to refresh disk information: sleep interrupted
2019-09-27 09:31:59,217 [ForkJoinPool.commonPool-worker-0] INFO  utils.BackgroundService (BackgroundService.java:shutdown(148)) - Shutting down service BlockDeletingService
2019-09-27 09:31:59,223 [ForkJoinPool.commonPool-worker-0] INFO  statemachine.DatanodeStateMachine (DatanodeStateMachine.java:stopDaemon(395)) - Ozone container server stopped.
2019-09-27 09:31:59,228 [ForkJoinPool.commonPool-worker-0] INFO  handler.ContextHandler (ContextHandler.java:doStop(910)) - Stopped o.e.j.w.WebAppContext@2be21396{/,null,UNAVAILABLE}{/hddsDatanode}
2019-09-27 09:31:59,229 [ForkJoinPool.commonPool-worker-0] INFO  server.AbstractConnector (AbstractConnector.java:doStop(318)) - Stopped ServerConnector@124dac75{HTTP/1.1,[http/1.1]}{0.0.0.0:0}
2019-09-27 09:31:59,230 [ForkJoinPool.commonPool-worker-0] INFO  handler.ContextHandler (ContextHandler.java:doStop(910)) - Stopped o.e.j.s.ServletContextHandler@3aaa3c39{/static,jar:file:/home/user/.m2/repository/org/apache/hadoop/hadoop-hdds-container-service/0.5.0-SNAPSHOT/hadoop-hdds-container-service-0.5.0-SNAPSHOT.jar!/webapps/static,UNAVAILABLE}
2019-09-27 09:31:59,232 [ForkJoinPool.commonPool-worker-0] INFO  handler.ContextHandler (ContextHandler.java:doStop(910)) - Stopped o.e.j.s.ServletContextHandler@6fff46bf{/logs,file:///workdir/hadoop-ozone/integration-test/target/log,UNAVAILABLE}
2019-09-27 09:31:59,385 [Datanode State Machine Thread - 0] INFO  statemachine.DatanodeStateMachine (DatanodeStateMachine.java:lambda$startDaemon$0(350)) - Ozone container server started.
2019-09-27 09:31:59,387 [Datanode State Machine Thread - 0] INFO  statemachine.DatanodeStateMachine (DatanodeStateMachine.java:lambda$startDaemon$0(350)) - Ozone container server started.
2019-09-27 09:31:59,591 [grpc-default-executor-2] WARN  server.GrpcLogAppender (LogUtils.java:warn(134)) - 1fbb84ac-7ee1-46c1-859c-ad619cea4be7@group-C577347BA740->b7a6e9c1-8d08-4b5a-81cc-fb6c57153da1-AppendLogResponseHandler: Failed appendEntries: org.apache.ratis.thirdparty.io.grpc.StatusRuntimeException: UNAVAILABLE: io exception
2019-09-27 09:31:59,591 [grpc-default-executor-2] INFO  impl.FollowerInfo (FollowerInfo.java:lambda$new$0(51)) - 1fbb84ac-7ee1-46c1-859c-ad619cea4be7@group-C577347BA740->b7a6e9c1-8d08-4b5a-81cc-fb6c57153da1: nextIndex: updateUnconditionally 0 -> 0
2019-09-27 09:31:59,991 [grpc-default-executor-0] WARN  server.GrpcLogAppender (LogUtils.java:warn(134)) - 1d13da7d-5300-4519-bdfb-397000abefd3@group-28734D74F447->e309d4fc-496e-46e3-8631-94f1ca76a4a4-AppendLogResponseHandler: Failed appendEntries: org.apache.ratis.thirdparty.io.grpc.StatusRuntimeException: UNAVAILABLE: io exception
2019-09-27 09:31:59,992 [grpc-default-executor-0] INFO  impl.FollowerInfo (FollowerInfo.java:lambda$new$0(51)) - 1d13da7d-5300-4519-bdfb-397000abefd3@group-28734D74F447->e309d4fc-496e-46e3-8631-94f1ca76a4a4: nextIndex: updateUnconditionally 8 -> 7
2019-09-27 09:32:02,093 [grpc-default-executor-5] WARN  server.GrpcLogAppender (LogUtils.java:warn(134)) - 1fbb84ac-7ee1-46c1-859c-ad619cea4be7@group-C577347BA740->b7a6e9c1-8d08-4b5a-81cc-fb6c57153da1-AppendLogResponseHandler: Failed appendEntries: org.apache.ratis.thirdparty.io.grpc.StatusRuntimeException: UNAVAILABLE: io exception
2019-09-27 09:32:02,094 [grpc-default-executor-5] INFO  impl.FollowerInfo (FollowerInfo.java:lambda$new$0(51)) - 1fbb84ac-7ee1-46c1-859c-ad619cea4be7@group-C577347BA740->b7a6e9c1-8d08-4b5a-81cc-fb6c57153da1: nextIndex: updateUnconditionally 0 -> 0
2019-09-27 09:32:02,494 [grpc-default-executor-0] WARN  server.GrpcLogAppender (LogUtils.java:warn(134)) - 1d13da7d-5300-4519-bdfb-397000abefd3@group-28734D74F447->e309d4fc-496e-46e3-8631-94f1ca76a4a4-AppendLogResponseHandler: Failed appendEntries: org.apache.ratis.thirdparty.io.grpc.StatusRuntimeException: UNAVAILABLE: io exception
2019-09-27 09:32:02,494 [grpc-default-executor-0] INFO  impl.FollowerInfo (FollowerInfo.java:lambda$new$0(51)) - 1d13da7d-5300-4519-bdfb-397000abefd3@group-28734D74F447->e309d4fc-496e-46e3-8631-94f1ca76a4a4: nextIndex: updateUnconditionally 7 -> 6
2019-09-27 09:32:04,203 [main] INFO  ozoneimpl.OzoneContainer (OzoneContainer.java:stop(231)) - Attempting to stop container services.
2019-09-27 09:32:04,205 [main] INFO  impl.RaftServerProxy (RaftServerProxy.java:lambda$close$4(314)) - 1fbb84ac-7ee1-46c1-859c-ad619cea4be7: close
2019-09-27 09:32:04,206 [main] INFO  impl.RaftServerImpl (RaftServerImpl.java:lambda$shutdown$3(251)) - 1fbb84ac-7ee1-46c1-859c-ad619cea4be7@group-7725AD2ADE00: shutdown
2019-09-27 09:32:04,206 [main] INFO  util.JmxRegister (JmxRegister.java:unregister(73)) - Successfully un-registered JMX Bean with object name Ratis:service=RaftServer,group=group-7725AD2ADE00,id=1fbb84ac-7ee1-46c1-859c-ad619cea4be7
2019-09-27 09:32:04,207 [main] INFO  impl.RoleInfo (RoleInfo.java:shutdownLeaderState(104)) - 1fbb84ac-7ee1-46c1-859c-ad619cea4be7: shutdown LeaderState
2019-09-27 09:32:04,207 [main] INFO  impl.PendingRequests (PendingRequests.java:sendNotLeaderResponses(202)) - 1fbb84ac-7ee1-46c1-859c-ad619cea4be7-PendingRequests: sendNotLeaderResponses
2019-09-27 09:32:04,208 [main] INFO  impl.StateMachineUpdater (StateMachineUpdater.java:stopAndJoin(125)) - 1fbb84ac-7ee1-46c1-859c-ad619cea4be7@group-7725AD2ADE00-StateMachineUpdater: set stopIndex = 0
2019-09-27 09:32:04,208 [main] INFO  impl.RaftServerImpl (ServerState.java:close(385)) - 1fbb84ac-7ee1-46c1-859c-ad619cea4be7@group-7725AD2ADE00: closes. applyIndex: 0
2019-09-27 09:32:04,209 [1fbb84ac-7ee1-46c1-859c-ad619cea4be7@group-7725AD2ADE00-SegmentedRaftLogWorker] INFO  segmented.SegmentedRaftLogWorker (SegmentedRaftLogWorker.java:run(313)) - 1fbb84ac-7ee1-46c1-859c-ad619cea4be7@group-7725AD2ADE00-SegmentedRaftLogWorker was interrupted, exiting. There are 0 tasks remaining in the queue.
2019-09-27 09:32:04,215 [main] INFO  segmented.SegmentedRaftLogWorker (SegmentedRaftLogWorker.java:close(228)) - 1fbb84ac-7ee1-46c1-859c-ad619cea4be7@group-7725AD2ADE00-SegmentedRaftLogWorker close()
2019-09-27 09:32:04,217 [main] INFO  impl.RaftServerImpl (RaftServerImpl.java:lambda$shutdown$3(251)) - 1fbb84ac-7ee1-46c1-859c-ad619cea4be7@group-C577347BA740: shutdown
2019-09-27 09:32:04,218 [main] INFO  util.JmxRegister (JmxRegister.java:unregister(73)) - Successfully un-registered JMX Bean with object name Ratis:service=RaftServer,group=group-C577347BA740,id=1fbb84ac-7ee1-46c1-859c-ad619cea4be7
2019-09-27 09:32:04,218 [main] INFO  impl.RoleInfo (RoleInfo.java:shutdownLeaderState(104)) - 1fbb84ac-7ee1-46c1-859c-ad619cea4be7: shutdown LeaderState
2019-09-27 09:32:04,222 [main] INFO  impl.PendingRequests (PendingRequests.java:sendNotLeaderResponses(202)) - 1fbb84ac-7ee1-46c1-859c-ad619cea4be7-PendingRequests: sendNotLeaderResponses
2019-09-27 09:32:04,222 [org.apache.ratis.server.impl.LogAppender$AppenderDaemon$$Lambda$487/381516879@36b66eb1] WARN  server.GrpcLogAppender (GrpcLogAppender.java:mayWait(143)) - 1fbb84ac-7ee1-46c1-859c-ad619cea4be7@group-C577347BA740->b054b38d-37c7-4db0-867d-84a4497eca78-GrpcLogAppender: Wait interrupted by java.lang.InterruptedException
2019-09-27 09:32:04,222 [org.apache.ratis.server.impl.LogAppender$AppenderDaemon$$Lambda$487/381516879@2b4997b9] WARN  server.GrpcLogAppender (GrpcLogAppender.java:mayWait(143)) - 1fbb84ac-7ee1-46c1-859c-ad619cea4be7@group-C577347BA740->b7a6e9c1-8d08-4b5a-81cc-fb6c57153da1-GrpcLogAppender: Wait interrupted by java.lang.InterruptedException
2019-09-27 09:32:04,222 [main] INFO  impl.StateMachineUpdater (StateMachineUpdater.java:stopAndJoin(125)) - 1fbb84ac-7ee1-46c1-859c-ad619cea4be7@group-C577347BA740-StateMachineUpdater: set stopIndex = 0
2019-09-27 09:32:04,223 [main] INFO  impl.RaftServerImpl (ServerState.java:close(385)) - 1fbb84ac-7ee1-46c1-859c-ad619cea4be7@group-C577347BA740: closes. applyIndex: 0
2019-09-27 09:32:04,223 [1fbb84ac-7ee1-46c1-859c-ad619cea4be7@group-C577347BA740-SegmentedRaftLogWorker] INFO  segmented.SegmentedRaftLogWorker (SegmentedRaftLogWorker.java:run(313)) - 1fbb84ac-7ee1-46c1-859c-ad619cea4be7@group-C577347BA740-SegmentedRaftLogWorker was interrupted, exiting. There are 0 tasks remaining in the queue.
2019-09-27 09:32:04,225 [grpc-default-executor-2] INFO  server.GrpcServerProtocolService (GrpcServerProtocolService.java:onCompleted(113)) - b054b38d-37c7-4db0-867d-84a4497eca78: Completed APPEND_ENTRIES, lastRequest: 1fbb84ac-7ee1-46c1-859c-ad619cea4be7->b054b38d-37c7-4db0-867d-84a4497eca78#43-t1, previous=(t:1, i:0), leaderCommit=0, initializing? false, entries: <empty>
2019-09-27 09:32:04,226 [main] INFO  segmented.SegmentedRaftLogWorker (SegmentedRaftLogWorker.java:close(228)) - 1fbb84ac-7ee1-46c1-859c-ad619cea4be7@group-C577347BA740-SegmentedRaftLogWorker close()
2019-09-27 09:32:04,228 [main] INFO  server.GrpcService (GrpcService.java:closeImpl(164)) - 1fbb84ac-7ee1-46c1-859c-ad619cea4be7: shutdown server with port 43362 now
2019-09-27 09:32:04,228 [grpc-default-executor-2] INFO  server.GrpcLogAppender (GrpcLogAppender.java:onCompleted(293)) - 1fbb84ac-7ee1-46c1-859c-ad619cea4be7@group-C577347BA740->b054b38d-37c7-4db0-867d-84a4497eca78-AppendLogResponseHandler: follower responses appendEntries COMPLETED
2019-09-27 09:32:04,229 [main] INFO  server.GrpcService (GrpcService.java:closeImpl(172)) - 1fbb84ac-7ee1-46c1-859c-ad619cea4be7: shutdown server with port 43362 successfully
2019-09-27 09:32:04,229 [grpc-default-executor-2] INFO  impl.FollowerInfo (FollowerInfo.java:lambda$new$0(51)) - 1fbb84ac-7ee1-46c1-859c-ad619cea4be7@group-C577347BA740->b054b38d-37c7-4db0-867d-84a4497eca78: nextIndex: updateUnconditionally 1 -> 0
2019-09-27 09:32:04,231 [refreshUsed-/workdir/hadoop-ozone/integration-test/target/test-dir/MiniOzoneClusterImpl-834b5182-62dc-4ca6-be4e-bc0179c6ec08/datanode-3/data/containers] WARN  fs.CachingGetSpaceUsed (CachingGetSpaceUsed.java:run(183)) - Thread Interrupted waiting to refresh disk information: sleep interrupted
2019-09-27 09:32:04,235 [ForkJoinPool.commonPool-worker-0] INFO  ozoneimpl.OzoneContainer (OzoneContainer.java:stop(231)) - Attempting to stop container services.
2019-09-27 09:32:04,235 [ForkJoinPool.commonPool-worker-0] INFO  impl.RaftServerProxy (RaftServerProxy.java:lambda$close$4(314)) - d03084ef-c572-4bca-82a8-bf6b16c1c530: close
2019-09-27 09:32:04,235 [ForkJoinPool.commonPool-worker-0] INFO  impl.RaftServerImpl (RaftServerImpl.java:lambda$shutdown$3(251)) - d03084ef-c572-4bca-82a8-bf6b16c1c530@group-28734D74F447: shutdown
2019-09-27 09:32:04,235 [ForkJoinPool.commonPool-worker-0] INFO  util.JmxRegister (JmxRegister.java:unregister(73)) - Successfully un-registered JMX Bean with object name Ratis:service=RaftServer,group=group-28734D74F447,id=d03084ef-c572-4bca-82a8-bf6b16c1c530
2019-09-27 09:32:04,235 [ForkJoinPool.commonPool-worker-0] INFO  impl.RoleInfo (RoleInfo.java:shutdownFollowerState(121)) - d03084ef-c572-4bca-82a8-bf6b16c1c530: shutdown FollowerState
2019-09-27 09:32:04,236 [ForkJoinPool.commonPool-worker-0] INFO  impl.StateMachineUpdater (StateMachineUpdater.java:stopAndJoin(125)) - d03084ef-c572-4bca-82a8-bf6b16c1c530@group-28734D74F447-StateMachineUpdater: set stopIndex = 8
2019-09-27 09:32:04,236 [d03084ef-c572-4bca-82a8-bf6b16c1c530@group-28734D74F447-StateMachineUpdater] INFO  ratis.ContainerStateMachine (ContainerStateMachine.java:takeSnapshot(289)) - group-28734D74F447: Taking a snapshot at:(t:2, i:6) file /workdir/hadoop-ozone/integration-test/target/test-dir/MiniOzoneClusterImpl-834b5182-62dc-4ca6-be4e-bc0179c6ec08/datanode-2/data/ratis/7a64ccc4-01e8-4661-83fa-28734d74f447/sm/snapshot.2_6
2019-09-27 09:32:04,236 [Thread-795] INFO  impl.FollowerState (FollowerState.java:run(115)) - d03084ef-c572-4bca-82a8-bf6b16c1c530: FollowerState was interrupted: java.lang.InterruptedException: sleep interrupted
2019-09-27 09:32:04,249 [main] INFO  utils.BackgroundService (BackgroundService.java:shutdown(148)) - Shutting down service BlockDeletingService
2019-09-27 09:32:04,251 [d03084ef-c572-4bca-82a8-bf6b16c1c530@group-28734D74F447-StateMachineUpdater] INFO  ratis.ContainerStateMachine (ContainerStateMachine.java:takeSnapshot(300)) - group-28734D74F447: Finished taking a snapshot at:(t:2, i:6) file:/workdir/hadoop-ozone/integration-test/target/test-dir/MiniOzoneClusterImpl-834b5182-62dc-4ca6-be4e-bc0179c6ec08/datanode-2/data/ratis/7a64ccc4-01e8-4661-83fa-28734d74f447/sm/snapshot.2_6 time:15
2019-09-27 09:32:04,253 [d03084ef-c572-4bca-82a8-bf6b16c1c530@group-28734D74F447-StateMachineUpdater] INFO  impl.StateMachineUpdater (StateMachineUpdater.java:takeSnapshot(258)) - d03084ef-c572-4bca-82a8-bf6b16c1c530@group-28734D74F447-StateMachineUpdater: Took a snapshot at index 6
2019-09-27 09:32:04,254 [main] INFO  statemachine.DatanodeStateMachine (DatanodeStateMachine.java:stopDaemon(395)) - Ozone container server stopped.
2019-09-27 09:32:04,254 [d03084ef-c572-4bca-82a8-bf6b16c1c530@group-28734D74F447-StateMachineUpdater] INFO  impl.StateMachineUpdater (StateMachineUpdater.java:lambda$new$0(83)) - d03084ef-c572-4bca-82a8-bf6b16c1c530@group-28734D74F447-StateMachineUpdater: snapshotIndex: updateIncreasingly -1 -> 6
2019-09-27 09:32:04,255 [d03084ef-c572-4bca-82a8-bf6b16c1c530@group-28734D74F447-StateMachineUpdater] INFO  ratis.ContainerStateMachine (ContainerStateMachine.java:takeSnapshot(289)) - group-28734D74F447: Taking a snapshot at:(t:2, i:6) file /workdir/hadoop-ozone/integration-test/target/test-dir/MiniOzoneClusterImpl-834b5182-62dc-4ca6-be4e-bc0179c6ec08/datanode-2/data/ratis/7a64ccc4-01e8-4661-83fa-28734d74f447/sm/snapshot.2_6
2019-09-27 09:32:04,256 [main] INFO  handler.ContextHandler (ContextHandler.java:doStop(910)) - Stopped o.e.j.w.WebAppContext@4debbf0{/,null,UNAVAILABLE}{/hddsDatanode}
2019-09-27 09:32:04,256 [main] INFO  server.AbstractConnector (AbstractConnector.java:doStop(318)) - Stopped ServerConnector@6a5e167a{HTTP/1.1,[http/1.1]}{0.0.0.0:0}
2019-09-27 09:32:04,257 [main] INFO  handler.ContextHandler (ContextHandler.java:doStop(910)) - Stopped o.e.j.s.ServletContextHandler@7dcb42a9{/static,jar:file:/home/user/.m2/repository/org/apache/hadoop/hadoop-hdds-container-service/0.5.0-SNAPSHOT/hadoop-hdds-container-service-0.5.0-SNAPSHOT.jar!/webapps/static,UNAVAILABLE}
2019-09-27 09:32:04,257 [main] INFO  handler.ContextHandler (ContextHandler.java:doStop(910)) - Stopped o.e.j.s.ServletContextHandler@152c4495{/logs,file:///workdir/hadoop-ozone/integration-test/target/log,UNAVAILABLE}
2019-09-27 09:32:04,267 [d03084ef-c572-4bca-82a8-bf6b16c1c530@group-28734D74F447-StateMachineUpdater] INFO  ratis.ContainerStateMachine (ContainerStateMachine.java:takeSnapshot(300)) - group-28734D74F447: Finished taking a snapshot at:(t:2, i:6) file:/workdir/hadoop-ozone/integration-test/target/test-dir/MiniOzoneClusterImpl-834b5182-62dc-4ca6-be4e-bc0179c6ec08/datanode-2/data/ratis/7a64ccc4-01e8-4661-83fa-28734d74f447/sm/snapshot.2_6 time:13
2019-09-27 09:32:04,267 [d03084ef-c572-4bca-82a8-bf6b16c1c530@group-28734D74F447-StateMachineUpdater] INFO  impl.StateMachineUpdater (StateMachineUpdater.java:takeSnapshot(258)) - d03084ef-c572-4bca-82a8-bf6b16c1c530@group-28734D74F447-StateMachineUpdater: Took a snapshot at index 6
2019-09-27 09:32:04,268 [d03084ef-c572-4bca-82a8-bf6b16c1c530@group-28734D74F447-StateMachineUpdater] INFO  impl.StateMachineUpdater (StateMachineUpdater.java:lambda$new$0(83)) - d03084ef-c572-4bca-82a8-bf6b16c1c530@group-28734D74F447-StateMachineUpdater: snapshotIndex: updateIncreasingly 6 -> 6
2019-09-27 09:32:04,268 [ForkJoinPool.commonPool-worker-0] INFO  impl.RaftServerImpl (ServerState.java:close(385)) - d03084ef-c572-4bca-82a8-bf6b16c1c530@group-28734D74F447: closes. applyIndex: 8
2019-09-27 09:32:04,268 [d03084ef-c572-4bca-82a8-bf6b16c1c530@group-28734D74F447-SegmentedRaftLogWorker] INFO  segmented.SegmentedRaftLogWorker (SegmentedRaftLogWorker.java:run(313)) - d03084ef-c572-4bca-82a8-bf6b16c1c530@group-28734D74F447-SegmentedRaftLogWorker was interrupted, exiting. There are 0 tasks remaining in the queue.
2019-09-27 09:32:04,270 [ForkJoinPool.commonPool-worker-0] INFO  segmented.SegmentedRaftLogWorker (SegmentedRaftLogWorker.java:close(228)) - d03084ef-c572-4bca-82a8-bf6b16c1c530@group-28734D74F447-SegmentedRaftLogWorker close()
2019-09-27 09:32:04,271 [ForkJoinPool.commonPool-worker-0] INFO  impl.RaftServerImpl (RaftServerImpl.java:lambda$shutdown$3(251)) - d03084ef-c572-4bca-82a8-bf6b16c1c530@group-8ED5D8EBC401: shutdown
2019-09-27 09:32:04,271 [ForkJoinPool.commonPool-worker-0] INFO  util.JmxRegister (JmxRegister.java:unregister(73)) - Successfully un-registered JMX Bean with object name Ratis:service=RaftServer,group=group-8ED5D8EBC401,id=d03084ef-c572-4bca-82a8-bf6b16c1c530
2019-09-27 09:32:04,272 [ForkJoinPool.commonPool-worker-0] INFO  impl.RoleInfo (RoleInfo.java:shutdownLeaderState(104)) - d03084ef-c572-4bca-82a8-bf6b16c1c530: shutdown LeaderState
2019-09-27 09:32:04,272 [ForkJoinPool.commonPool-worker-0] INFO  impl.PendingRequests (PendingRequests.java:sendNotLeaderResponses(202)) - d03084ef-c572-4bca-82a8-bf6b16c1c530-PendingRequests: sendNotLeaderResponses
2019-09-27 09:32:04,272 [ForkJoinPool.commonPool-worker-0] INFO  impl.StateMachineUpdater (StateMachineUpdater.java:stopAndJoin(125)) - d03084ef-c572-4bca-82a8-bf6b16c1c530@group-8ED5D8EBC401-StateMachineUpdater: set stopIndex = 0
2019-09-27 09:32:04,272 [ForkJoinPool.commonPool-worker-0] INFO  impl.RaftServerImpl (ServerState.java:close(385)) - d03084ef-c572-4bca-82a8-bf6b16c1c530@group-8ED5D8EBC401: closes. applyIndex: 0
2019-09-27 09:32:04,273 [d03084ef-c572-4bca-82a8-bf6b16c1c530@group-8ED5D8EBC401-SegmentedRaftLogWorker] INFO  segmented.SegmentedRaftLogWorker (SegmentedRaftLogWorker.java:run(313)) - d03084ef-c572-4bca-82a8-bf6b16c1c530@group-8ED5D8EBC401-SegmentedRaftLogWorker was interrupted, exiting. There are 0 tasks remaining in the queue.
2019-09-27 09:32:04,274 [ForkJoinPool.commonPool-worker-0] INFO  segmented.SegmentedRaftLogWorker (SegmentedRaftLogWorker.java:close(228)) - d03084ef-c572-4bca-82a8-bf6b16c1c530@group-8ED5D8EBC401-SegmentedRaftLogWorker close()
2019-09-27 09:32:04,276 [ForkJoinPool.commonPool-worker-0] INFO  server.GrpcService (GrpcService.java:closeImpl(164)) - d03084ef-c572-4bca-82a8-bf6b16c1c530: shutdown server with port 39303 now
2019-09-27 09:32:04,277 [ForkJoinPool.commonPool-worker-0] INFO  server.GrpcService (GrpcService.java:closeImpl(172)) - d03084ef-c572-4bca-82a8-bf6b16c1c530: shutdown server with port 39303 successfully
2019-09-27 09:32:04,277 [grpc-default-executor-5] WARN  server.GrpcServerProtocolService (LogUtils.java:warn(134)) - d03084ef-c572-4bca-82a8-bf6b16c1c530: installSnapshot onError, lastRequest: 1d13da7d-5300-4519-bdfb-397000abefd3->d03084ef-c572-4bca-82a8-bf6b16c1c530#49-t2, previous=(t:2, i:8), leaderCommit=8, initializing? false, entries: <empty>: org.apache.ratis.thirdparty.io.grpc.StatusRuntimeException: CANCELLED: cancelled before receiving half close
2019-09-27 09:32:04,278 [grpc-default-executor-7] WARN  server.GrpcLogAppender (LogUtils.java:warn(134)) - 1d13da7d-5300-4519-bdfb-397000abefd3@group-28734D74F447->d03084ef-c572-4bca-82a8-bf6b16c1c530-AppendLogResponseHandler: Failed appendEntries: org.apache.ratis.thirdparty.io.grpc.StatusRuntimeException: CANCELLED: HTTP/2 error code: CANCEL
Received Rst Stream
2019-09-27 09:32:04,279 [grpc-default-executor-7] INFO  impl.FollowerInfo (FollowerInfo.java:lambda$new$0(51)) - 1d13da7d-5300-4519-bdfb-397000abefd3@group-28734D74F447->d03084ef-c572-4bca-82a8-bf6b16c1c530: nextIndex: updateUnconditionally 9 -> 8
2019-09-27 09:32:04,279 [grpc-default-executor-0] WARN  client.GrpcClientProtocolService (LogUtils.java:warn(134)) - 50-OrderedRequestStreamObserver50: onError: org.apache.ratis.thirdparty.io.grpc.StatusRuntimeException: CANCELLED: cancelled before receiving half close
2019-09-27 09:32:04,279 [refreshUsed-/workdir/hadoop-ozone/integration-test/target/test-dir/MiniOzoneClusterImpl-834b5182-62dc-4ca6-be4e-bc0179c6ec08/datanode-2/data/containers] WARN  fs.CachingGetSpaceUsed (CachingGetSpaceUsed.java:run(183)) - Thread Interrupted waiting to refresh disk information: sleep interrupted
2019-09-27 09:32:04,294 [ForkJoinPool.commonPool-worker-0] INFO  utils.BackgroundService (BackgroundService.java:shutdown(148)) - Shutting down service BlockDeletingService
2019-09-27 09:32:04,298 [ForkJoinPool.commonPool-worker-0] INFO  statemachine.DatanodeStateMachine (DatanodeStateMachine.java:stopDaemon(395)) - Ozone container server stopped.
2019-09-27 09:32:04,303 [ForkJoinPool.commonPool-worker-0] INFO  handler.ContextHandler (ContextHandler.java:doStop(910)) - Stopped o.e.j.w.WebAppContext@6968bcec{/,null,UNAVAILABLE}{/hddsDatanode}
2019-09-27 09:32:04,303 [ForkJoinPool.commonPool-worker-0] INFO  server.AbstractConnector (AbstractConnector.java:doStop(318)) - Stopped ServerConnector@5568c66f{HTTP/1.1,[http/1.1]}{0.0.0.0:0}
2019-09-27 09:32:04,304 [ForkJoinPool.commonPool-worker-0] INFO  handler.ContextHandler (ContextHandler.java:doStop(910)) - Stopped o.e.j.s.ServletContextHandler@441fbe89{/static,jar:file:/home/user/.m2/repository/org/apache/hadoop/hadoop-hdds-container-service/0.5.0-SNAPSHOT/hadoop-hdds-container-service-0.5.0-SNAPSHOT.jar!/webapps/static,UNAVAILABLE}
2019-09-27 09:32:04,306 [ForkJoinPool.commonPool-worker-0] INFO  handler.ContextHandler (ContextHandler.java:doStop(910)) - Stopped o.e.j.s.ServletContextHandler@3ba3d4b6{/logs,file:///workdir/hadoop-ozone/integration-test/target/log,UNAVAILABLE}
2019-09-27 09:32:04,379 [Datanode State Machine Thread - 0] INFO  statemachine.DatanodeStateMachine (DatanodeStateMachine.java:lambda$startDaemon$0(350)) - Ozone container server started.
2019-09-27 09:32:04,625 [Datanode State Machine Thread - 0] INFO  statemachine.DatanodeStateMachine (DatanodeStateMachine.java:lambda$startDaemon$0(350)) - Ozone container server started.
2019-09-27 09:32:04,995 [grpc-default-executor-7] WARN  server.GrpcLogAppender (LogUtils.java:warn(134)) - 1d13da7d-5300-4519-bdfb-397000abefd3@group-28734D74F447->e309d4fc-496e-46e3-8631-94f1ca76a4a4-AppendLogResponseHandler: Failed appendEntries: org.apache.ratis.thirdparty.io.grpc.StatusRuntimeException: UNAVAILABLE: io exception
2019-09-27 09:32:04,995 [grpc-default-executor-7] INFO  impl.FollowerInfo (FollowerInfo.java:lambda$new$0(51)) - 1d13da7d-5300-4519-bdfb-397000abefd3@group-28734D74F447->e309d4fc-496e-46e3-8631-94f1ca76a4a4: nextIndex: updateUnconditionally 6 -> 5
2019-09-27 09:32:04,997 [grpc-default-executor-0] WARN  server.GrpcLogAppender (LogUtils.java:warn(134)) - 1d13da7d-5300-4519-bdfb-397000abefd3@group-28734D74F447->d03084ef-c572-4bca-82a8-bf6b16c1c530-AppendLogResponseHandler: Failed appendEntries: org.apache.ratis.thirdparty.io.grpc.StatusRuntimeException: UNAVAILABLE: io exception
2019-09-27 09:32:04,997 [grpc-default-executor-0] INFO  impl.FollowerInfo (FollowerInfo.java:lambda$new$0(51)) - 1d13da7d-5300-4519-bdfb-397000abefd3@group-28734D74F447->d03084ef-c572-4bca-82a8-bf6b16c1c530: nextIndex: updateUnconditionally 8 -> 7
2019-09-27 09:32:07,497 [grpc-default-executor-0] WARN  server.GrpcLogAppender (LogUtils.java:warn(134)) - 1d13da7d-5300-4519-bdfb-397000abefd3@group-28734D74F447->e309d4fc-496e-46e3-8631-94f1ca76a4a4-AppendLogResponseHandler: Failed appendEntries: org.apache.ratis.thirdparty.io.grpc.StatusRuntimeException: UNAVAILABLE: io exception
2019-09-27 09:32:07,513 [grpc-default-executor-6] WARN  server.GrpcLogAppender (LogUtils.java:warn(134)) - 1d13da7d-5300-4519-bdfb-397000abefd3@group-28734D74F447->d03084ef-c572-4bca-82a8-bf6b16c1c530-AppendLogResponseHandler: Failed appendEntries: org.apache.ratis.thirdparty.io.grpc.StatusRuntimeException: UNAVAILABLE: io exception
2019-09-27 09:32:07,513 [grpc-default-executor-0] INFO  impl.FollowerInfo (FollowerInfo.java:lambda$new$0(51)) - 1d13da7d-5300-4519-bdfb-397000abefd3@group-28734D74F447->e309d4fc-496e-46e3-8631-94f1ca76a4a4: nextIndex: updateUnconditionally 5 -> 4
2019-09-27 09:32:07,513 [grpc-default-executor-6] INFO  impl.FollowerInfo (FollowerInfo.java:lambda$new$0(51)) - 1d13da7d-5300-4519-bdfb-397000abefd3@group-28734D74F447->d03084ef-c572-4bca-82a8-bf6b16c1c530: nextIndex: updateUnconditionally 7 -> 6
2019-09-27 09:32:08,833 [Thread-768] INFO  impl.FollowerState (FollowerState.java:run(106)) - b054b38d-37c7-4db0-867d-84a4497eca78:group-C577347BA740 changes to CANDIDATE, lastRpcTime:6740, electionTimeout:5106ms
2019-09-27 09:32:08,834 [Thread-768] INFO  impl.RoleInfo (RoleInfo.java:shutdownFollowerState(121)) - b054b38d-37c7-4db0-867d-84a4497eca78: shutdown FollowerState
2019-09-27 09:32:08,834 [Thread-768] INFO  impl.RaftServerImpl (RaftServerImpl.java:setRole(174)) - b054b38d-37c7-4db0-867d-84a4497eca78@group-C577347BA740: changes role from  FOLLOWER to CANDIDATE at term 1 for changeToCandidate
2019-09-27 09:32:08,835 [Thread-768] INFO  impl.RoleInfo (RoleInfo.java:updateAndGet(143)) - b054b38d-37c7-4db0-867d-84a4497eca78: start LeaderElection
2019-09-27 09:32:08,843 [b054b38d-37c7-4db0-867d-84a4497eca78@group-C577347BA740:LeaderElection29] INFO  impl.RaftServerImpl (ServerState.java:setLeader(253)) - b054b38d-37c7-4db0-867d-84a4497eca78@group-C577347BA740: change Leader from 1fbb84ac-7ee1-46c1-859c-ad619cea4be7 to null at term 1 for initElection
2019-09-27 09:32:08,860 [b054b38d-37c7-4db0-867d-84a4497eca78@group-C577347BA740:LeaderElection29] INFO  impl.LeaderElection (LeaderElection.java:askForVotes(182)) - b054b38d-37c7-4db0-867d-84a4497eca78@group-C577347BA740:LeaderElection29: begin an election at term 2 for 0: [b054b38d-37c7-4db0-867d-84a4497eca78:192.168.5.136:34668, 1fbb84ac-7ee1-46c1-859c-ad619cea4be7:192.168.5.136:43362, b7a6e9c1-8d08-4b5a-81cc-fb6c57153da1:192.168.5.136:34081], old=null
2019-09-27 09:32:08,868 [b054b38d-37c7-4db0-867d-84a4497eca78@group-C577347BA740:LeaderElection29] INFO  impl.LeaderElection (LogUtils.java:infoOrTrace(149)) - b054b38d-37c7-4db0-867d-84a4497eca78@group-C577347BA740:LeaderElection29 got exception when requesting votes: {}
java.util.concurrent.ExecutionException: org.apache.ratis.thirdparty.io.grpc.StatusRuntimeException: UNAVAILABLE: io exception
	at java.util.concurrent.FutureTask.report(FutureTask.java:122)
	at java.util.concurrent.FutureTask.get(FutureTask.java:192)
	at org.apache.ratis.server.impl.LeaderElection.waitForResults(LeaderElection.java:263)
	at org.apache.ratis.server.impl.LeaderElection.askForVotes(LeaderElection.java:201)
	at org.apache.ratis.server.impl.LeaderElection.run(LeaderElection.java:133)
	at java.lang.Thread.run(Thread.java:748)
Caused by: org.apache.ratis.thirdparty.io.grpc.StatusRuntimeException: UNAVAILABLE: io exception
	at org.apache.ratis.thirdparty.io.grpc.stub.ClientCalls.toStatusRuntimeException(ClientCalls.java:233)
	at org.apache.ratis.thirdparty.io.grpc.stub.ClientCalls.getUnchecked(ClientCalls.java:214)
	at org.apache.ratis.thirdparty.io.grpc.stub.ClientCalls.blockingUnaryCall(ClientCalls.java:139)
	at org.apache.ratis.proto.grpc.RaftServerProtocolServiceGrpc$RaftServerProtocolServiceBlockingStub.requestVote(RaftServerProtocolServiceGrpc.java:265)
	at org.apache.ratis.grpc.server.GrpcServerProtocolClient.requestVote(GrpcServerProtocolClient.java:90)
	at org.apache.ratis.grpc.server.GrpcService.requestVote(GrpcService.java:204)
	at org.apache.ratis.server.impl.LeaderElection.lambda$submitRequests$1(LeaderElection.java:238)
	at java.util.concurrent.FutureTask.run(FutureTask.java:266)
	at java.util.concurrent.Executors$RunnableAdapter.call(Executors.java:511)
	at java.util.concurrent.FutureTask.run(FutureTask.java:266)
	at java.util.concurrent.ThreadPoolExecutor.runWorker(ThreadPoolExecutor.java:1149)
	at java.util.concurrent.ThreadPoolExecutor$Worker.run(ThreadPoolExecutor.java:624)
	... 1 more
Caused by: org.apache.ratis.thirdparty.io.netty.channel.AbstractChannel$AnnotatedConnectException: Connection refused: /192.168.5.136:34081
	at sun.nio.ch.SocketChannelImpl.checkConnect(Native Method)
	at sun.nio.ch.SocketChannelImpl.finishConnect(SocketChannelImpl.java:717)
	at org.apache.ratis.thirdparty.io.netty.channel.socket.nio.NioSocketChannel.doFinishConnect(NioSocketChannel.java:327)
	at org.apache.ratis.thirdparty.io.netty.channel.nio.AbstractNioChannel$AbstractNioUnsafe.finishConnect(AbstractNioChannel.java:340)
	at org.apache.ratis.thirdparty.io.netty.channel.nio.NioEventLoop.processSelectedKey(NioEventLoop.java:632)
	at org.apache.ratis.thirdparty.io.netty.channel.nio.NioEventLoop.processSelectedKeysOptimized(NioEventLoop.java:579)
	at org.apache.ratis.thirdparty.io.netty.channel.nio.NioEventLoop.processSelectedKeys(NioEventLoop.java:496)
	at org.apache.ratis.thirdparty.io.netty.channel.nio.NioEventLoop.run(NioEventLoop.java:458)
	at org.apache.ratis.thirdparty.io.netty.util.concurrent.SingleThreadEventExecutor$5.run(SingleThreadEventExecutor.java:897)
	at org.apache.ratis.thirdparty.io.netty.util.concurrent.FastThreadLocalRunnable.run(FastThreadLocalRunnable.java:30)
	... 1 more
Caused by: java.net.ConnectException: Connection refused
	... 11 more
2019-09-27 09:32:08,871 [b054b38d-37c7-4db0-867d-84a4497eca78@group-C577347BA740:LeaderElection29] INFO  impl.LeaderElection (LogUtils.java:infoOrTrace(149)) - b054b38d-37c7-4db0-867d-84a4497eca78@group-C577347BA740:LeaderElection29 got exception when requesting votes: {}
java.util.concurrent.ExecutionException: org.apache.ratis.thirdparty.io.grpc.StatusRuntimeException: UNAVAILABLE: io exception
	at java.util.concurrent.FutureTask.report(FutureTask.java:122)
	at java.util.concurrent.FutureTask.get(FutureTask.java:192)
	at org.apache.ratis.server.impl.LeaderElection.waitForResults(LeaderElection.java:263)
	at org.apache.ratis.server.impl.LeaderElection.askForVotes(LeaderElection.java:201)
	at org.apache.ratis.server.impl.LeaderElection.run(LeaderElection.java:133)
	at java.lang.Thread.run(Thread.java:748)
Caused by: org.apache.ratis.thirdparty.io.grpc.StatusRuntimeException: UNAVAILABLE: io exception
	at org.apache.ratis.thirdparty.io.grpc.stub.ClientCalls.toStatusRuntimeException(ClientCalls.java:233)
	at org.apache.ratis.thirdparty.io.grpc.stub.ClientCalls.getUnchecked(ClientCalls.java:214)
	at org.apache.ratis.thirdparty.io.grpc.stub.ClientCalls.blockingUnaryCall(ClientCalls.java:139)
	at org.apache.ratis.proto.grpc.RaftServerProtocolServiceGrpc$RaftServerProtocolServiceBlockingStub.requestVote(RaftServerProtocolServiceGrpc.java:265)
	at org.apache.ratis.grpc.server.GrpcServerProtocolClient.requestVote(GrpcServerProtocolClient.java:90)
	at org.apache.ratis.grpc.server.GrpcService.requestVote(GrpcService.java:204)
	at org.apache.ratis.server.impl.LeaderElection.lambda$submitRequests$1(LeaderElection.java:238)
	at java.util.concurrent.FutureTask.run(FutureTask.java:266)
	at java.util.concurrent.Executors$RunnableAdapter.call(Executors.java:511)
	at java.util.concurrent.FutureTask.run(FutureTask.java:266)
	at java.util.concurrent.ThreadPoolExecutor.runWorker(ThreadPoolExecutor.java:1149)
	at java.util.concurrent.ThreadPoolExecutor$Worker.run(ThreadPoolExecutor.java:624)
	... 1 more
Caused by: org.apache.ratis.thirdparty.io.netty.channel.AbstractChannel$AnnotatedConnectException: Connection refused: /192.168.5.136:43362
	at sun.nio.ch.SocketChannelImpl.checkConnect(Native Method)
	at sun.nio.ch.SocketChannelImpl.finishConnect(SocketChannelImpl.java:717)
	at org.apache.ratis.thirdparty.io.netty.channel.socket.nio.NioSocketChannel.doFinishConnect(NioSocketChannel.java:327)
	at org.apache.ratis.thirdparty.io.netty.channel.nio.AbstractNioChannel$AbstractNioUnsafe.finishConnect(AbstractNioChannel.java:340)
	at org.apache.ratis.thirdparty.io.netty.channel.nio.NioEventLoop.processSelectedKey(NioEventLoop.java:632)
	at org.apache.ratis.thirdparty.io.netty.channel.nio.NioEventLoop.processSelectedKeysOptimized(NioEventLoop.java:579)
	at org.apache.ratis.thirdparty.io.netty.channel.nio.NioEventLoop.processSelectedKeys(NioEventLoop.java:496)
	at org.apache.ratis.thirdparty.io.netty.channel.nio.NioEventLoop.run(NioEventLoop.java:458)
	at org.apache.ratis.thirdparty.io.netty.util.concurrent.SingleThreadEventExecutor$5.run(SingleThreadEventExecutor.java:897)
	at org.apache.ratis.thirdparty.io.netty.util.concurrent.FastThreadLocalRunnable.run(FastThreadLocalRunnable.java:30)
	... 1 more
Caused by: java.net.ConnectException: Connection refused
	... 11 more
2019-09-27 09:32:08,873 [b054b38d-37c7-4db0-867d-84a4497eca78@group-C577347BA740:LeaderElection29] INFO  impl.LeaderElection (LeaderElection.java:logAndReturn(56)) - b054b38d-37c7-4db0-867d-84a4497eca78@group-C577347BA740:LeaderElection29: Election REJECTED; received 0 response(s) [] and 2 exception(s); b054b38d-37c7-4db0-867d-84a4497eca78@group-C577347BA740:t2, leader=null, voted=b054b38d-37c7-4db0-867d-84a4497eca78, raftlog=b054b38d-37c7-4db0-867d-84a4497eca78@group-C577347BA740-SegmentedRaftLog:OPENED:c0,f0,i0, conf=0: [b054b38d-37c7-4db0-867d-84a4497eca78:192.168.5.136:34668, 1fbb84ac-7ee1-46c1-859c-ad619cea4be7:192.168.5.136:43362, b7a6e9c1-8d08-4b5a-81cc-fb6c57153da1:192.168.5.136:34081], old=null
2019-09-27 09:32:08,873 [b054b38d-37c7-4db0-867d-84a4497eca78@group-C577347BA740:LeaderElection29] INFO  impl.LeaderElection (LogUtils.java:infoOrTrace(149)) -   Exception 0: {}
java.util.concurrent.ExecutionException: org.apache.ratis.thirdparty.io.grpc.StatusRuntimeException: UNAVAILABLE: io exception
	at java.util.concurrent.FutureTask.report(FutureTask.java:122)
	at java.util.concurrent.FutureTask.get(FutureTask.java:192)
	at org.apache.ratis.server.impl.LeaderElection.waitForResults(LeaderElection.java:263)
	at org.apache.ratis.server.impl.LeaderElection.askForVotes(LeaderElection.java:201)
	at org.apache.ratis.server.impl.LeaderElection.run(LeaderElection.java:133)
	at java.lang.Thread.run(Thread.java:748)
Caused by: org.apache.ratis.thirdparty.io.grpc.StatusRuntimeException: UNAVAILABLE: io exception
	at org.apache.ratis.thirdparty.io.grpc.stub.ClientCalls.toStatusRuntimeException(ClientCalls.java:233)
	at org.apache.ratis.thirdparty.io.grpc.stub.ClientCalls.getUnchecked(ClientCalls.java:214)
	at org.apache.ratis.thirdparty.io.grpc.stub.ClientCalls.blockingUnaryCall(ClientCalls.java:139)
	at org.apache.ratis.proto.grpc.RaftServerProtocolServiceGrpc$RaftServerProtocolServiceBlockingStub.requestVote(RaftServerProtocolServiceGrpc.java:265)
	at org.apache.ratis.grpc.server.GrpcServerProtocolClient.requestVote(GrpcServerProtocolClient.java:90)
	at org.apache.ratis.grpc.server.GrpcService.requestVote(GrpcService.java:204)
	at org.apache.ratis.server.impl.LeaderElection.lambda$submitRequests$1(LeaderElection.java:238)
	at java.util.concurrent.FutureTask.run(FutureTask.java:266)
	at java.util.concurrent.Executors$RunnableAdapter.call(Executors.java:511)
	at java.util.concurrent.FutureTask.run(FutureTask.java:266)
	at java.util.concurrent.ThreadPoolExecutor.runWorker(ThreadPoolExecutor.java:1149)
	at java.util.concurrent.ThreadPoolExecutor$Worker.run(ThreadPoolExecutor.java:624)
	... 1 more
Caused by: org.apache.ratis.thirdparty.io.netty.channel.AbstractChannel$AnnotatedConnectException: Connection refused: /192.168.5.136:34081
	at sun.nio.ch.SocketChannelImpl.checkConnect(Native Method)
	at sun.nio.ch.SocketChannelImpl.finishConnect(SocketChannelImpl.java:717)
	at org.apache.ratis.thirdparty.io.netty.channel.socket.nio.NioSocketChannel.doFinishConnect(NioSocketChannel.java:327)
	at org.apache.ratis.thirdparty.io.netty.channel.nio.AbstractNioChannel$AbstractNioUnsafe.finishConnect(AbstractNioChannel.java:340)
	at org.apache.ratis.thirdparty.io.netty.channel.nio.NioEventLoop.processSelectedKey(NioEventLoop.java:632)
	at org.apache.ratis.thirdparty.io.netty.channel.nio.NioEventLoop.processSelectedKeysOptimized(NioEventLoop.java:579)
	at org.apache.ratis.thirdparty.io.netty.channel.nio.NioEventLoop.processSelectedKeys(NioEventLoop.java:496)
	at org.apache.ratis.thirdparty.io.netty.channel.nio.NioEventLoop.run(NioEventLoop.java:458)
	at org.apache.ratis.thirdparty.io.netty.util.concurrent.SingleThreadEventExecutor$5.run(SingleThreadEventExecutor.java:897)
	at org.apache.ratis.thirdparty.io.netty.util.concurrent.FastThreadLocalRunnable.run(FastThreadLocalRunnable.java:30)
	... 1 more
Caused by: java.net.ConnectException: Connection refused
	... 11 more
2019-09-27 09:32:08,874 [b054b38d-37c7-4db0-867d-84a4497eca78@group-C577347BA740:LeaderElection29] INFO  impl.LeaderElection (LogUtils.java:infoOrTrace(149)) -   Exception 1: {}
java.util.concurrent.ExecutionException: org.apache.ratis.thirdparty.io.grpc.StatusRuntimeException: UNAVAILABLE: io exception
	at java.util.concurrent.FutureTask.report(FutureTask.java:122)
	at java.util.concurrent.FutureTask.get(FutureTask.java:192)
	at org.apache.ratis.server.impl.LeaderElection.waitForResults(LeaderElection.java:263)
	at org.apache.ratis.server.impl.LeaderElection.askForVotes(LeaderElection.java:201)
	at org.apache.ratis.server.impl.LeaderElection.run(LeaderElection.java:133)
	at java.lang.Thread.run(Thread.java:748)
Caused by: org.apache.ratis.thirdparty.io.grpc.StatusRuntimeException: UNAVAILABLE: io exception
	at org.apache.ratis.thirdparty.io.grpc.stub.ClientCalls.toStatusRuntimeException(ClientCalls.java:233)
	at org.apache.ratis.thirdparty.io.grpc.stub.ClientCalls.getUnchecked(ClientCalls.java:214)
	at org.apache.ratis.thirdparty.io.grpc.stub.ClientCalls.blockingUnaryCall(ClientCalls.java:139)
	at org.apache.ratis.proto.grpc.RaftServerProtocolServiceGrpc$RaftServerProtocolServiceBlockingStub.requestVote(RaftServerProtocolServiceGrpc.java:265)
	at org.apache.ratis.grpc.server.GrpcServerProtocolClient.requestVote(GrpcServerProtocolClient.java:90)
	at org.apache.ratis.grpc.server.GrpcService.requestVote(GrpcService.java:204)
	at org.apache.ratis.server.impl.LeaderElection.lambda$submitRequests$1(LeaderElection.java:238)
	at java.util.concurrent.FutureTask.run(FutureTask.java:266)
	at java.util.concurrent.Executors$RunnableAdapter.call(Executors.java:511)
	at java.util.concurrent.FutureTask.run(FutureTask.java:266)
	at java.util.concurrent.ThreadPoolExecutor.runWorker(ThreadPoolExecutor.java:1149)
	at java.util.concurrent.ThreadPoolExecutor$Worker.run(ThreadPoolExecutor.java:624)
	... 1 more
Caused by: org.apache.ratis.thirdparty.io.netty.channel.AbstractChannel$AnnotatedConnectException: Connection refused: /192.168.5.136:43362
	at sun.nio.ch.SocketChannelImpl.checkConnect(Native Method)
	at sun.nio.ch.SocketChannelImpl.finishConnect(SocketChannelImpl.java:717)
	at org.apache.ratis.thirdparty.io.netty.channel.socket.nio.NioSocketChannel.doFinishConnect(NioSocketChannel.java:327)
	at org.apache.ratis.thirdparty.io.netty.channel.nio.AbstractNioChannel$AbstractNioUnsafe.finishConnect(AbstractNioChannel.java:340)
	at org.apache.ratis.thirdparty.io.netty.channel.nio.NioEventLoop.processSelectedKey(NioEventLoop.java:632)
	at org.apache.ratis.thirdparty.io.netty.channel.nio.NioEventLoop.processSelectedKeysOptimized(NioEventLoop.java:579)
	at org.apache.ratis.thirdparty.io.netty.channel.nio.NioEventLoop.processSelectedKeys(NioEventLoop.java:496)
	at org.apache.ratis.thirdparty.io.netty.channel.nio.NioEventLoop.run(NioEventLoop.java:458)
	at org.apache.ratis.thirdparty.io.netty.util.concurrent.SingleThreadEventExecutor$5.run(SingleThreadEventExecutor.java:897)
	at org.apache.ratis.thirdparty.io.netty.util.concurrent.FastThreadLocalRunnable.run(FastThreadLocalRunnable.java:30)
	... 1 more
Caused by: java.net.ConnectException: Connection refused
	... 11 more
2019-09-27 09:32:08,874 [b054b38d-37c7-4db0-867d-84a4497eca78@group-C577347BA740:LeaderElection29] INFO  impl.RaftServerImpl (RaftServerImpl.java:setRole(174)) - b054b38d-37c7-4db0-867d-84a4497eca78@group-C577347BA740: changes role from CANDIDATE to FOLLOWER at term 2 for DISCOVERED_A_NEW_TERM
2019-09-27 09:32:08,875 [b054b38d-37c7-4db0-867d-84a4497eca78@group-C577347BA740:LeaderElection29] INFO  impl.RoleInfo (RoleInfo.java:shutdownLeaderElection(134)) - b054b38d-37c7-4db0-867d-84a4497eca78: shutdown LeaderElection
2019-09-27 09:32:08,875 [b054b38d-37c7-4db0-867d-84a4497eca78@group-C577347BA740:LeaderElection29] INFO  impl.RoleInfo (RoleInfo.java:updateAndGet(143)) - b054b38d-37c7-4db0-867d-84a4497eca78: start FollowerState
2019-09-27 09:32:09,259 [main] INFO  ozoneimpl.OzoneContainer (OzoneContainer.java:stop(231)) - Attempting to stop container services.
2019-09-27 09:32:09,262 [main] INFO  impl.RaftServerProxy (RaftServerProxy.java:lambda$close$4(314)) - b054b38d-37c7-4db0-867d-84a4497eca78: close
2019-09-27 09:32:09,263 [main] INFO  impl.RaftServerImpl (RaftServerImpl.java:lambda$shutdown$3(251)) - b054b38d-37c7-4db0-867d-84a4497eca78@group-C577347BA740: shutdown
2019-09-27 09:32:09,263 [main] INFO  util.JmxRegister (JmxRegister.java:unregister(73)) - Successfully un-registered JMX Bean with object name Ratis:service=RaftServer,group=group-C577347BA740,id=b054b38d-37c7-4db0-867d-84a4497eca78
2019-09-27 09:32:09,264 [main] INFO  impl.RoleInfo (RoleInfo.java:shutdownFollowerState(121)) - b054b38d-37c7-4db0-867d-84a4497eca78: shutdown FollowerState
2019-09-27 09:32:09,264 [main] INFO  impl.StateMachineUpdater (StateMachineUpdater.java:stopAndJoin(125)) - b054b38d-37c7-4db0-867d-84a4497eca78@group-C577347BA740-StateMachineUpdater: set stopIndex = 0
2019-09-27 09:32:09,264 [Thread-1368] INFO  impl.FollowerState (FollowerState.java:run(115)) - b054b38d-37c7-4db0-867d-84a4497eca78: FollowerState was interrupted: java.lang.InterruptedException: sleep interrupted
2019-09-27 09:32:09,266 [main] INFO  impl.RaftServerImpl (ServerState.java:close(385)) - b054b38d-37c7-4db0-867d-84a4497eca78@group-C577347BA740: closes. applyIndex: 0
2019-09-27 09:32:09,267 [b054b38d-37c7-4db0-867d-84a4497eca78@group-C577347BA740-SegmentedRaftLogWorker] INFO  segmented.SegmentedRaftLogWorker (SegmentedRaftLogWorker.java:run(313)) - b054b38d-37c7-4db0-867d-84a4497eca78@group-C577347BA740-SegmentedRaftLogWorker was interrupted, exiting. There are 0 tasks remaining in the queue.
2019-09-27 09:32:09,269 [main] INFO  segmented.SegmentedRaftLogWorker (SegmentedRaftLogWorker.java:close(228)) - b054b38d-37c7-4db0-867d-84a4497eca78@group-C577347BA740-SegmentedRaftLogWorker close()
2019-09-27 09:32:09,271 [main] INFO  impl.RaftServerImpl (RaftServerImpl.java:lambda$shutdown$3(251)) - b054b38d-37c7-4db0-867d-84a4497eca78@group-1382DFDC2C55: shutdown
2019-09-27 09:32:09,271 [main] INFO  util.JmxRegister (JmxRegister.java:unregister(73)) - Successfully un-registered JMX Bean with object name Ratis:service=RaftServer,group=group-1382DFDC2C55,id=b054b38d-37c7-4db0-867d-84a4497eca78
2019-09-27 09:32:09,272 [main] INFO  impl.RoleInfo (RoleInfo.java:shutdownLeaderState(104)) - b054b38d-37c7-4db0-867d-84a4497eca78: shutdown LeaderState
2019-09-27 09:32:09,272 [main] INFO  impl.PendingRequests (PendingRequests.java:sendNotLeaderResponses(202)) - b054b38d-37c7-4db0-867d-84a4497eca78-PendingRequests: sendNotLeaderResponses
2019-09-27 09:32:09,273 [main] INFO  impl.StateMachineUpdater (StateMachineUpdater.java:stopAndJoin(125)) - b054b38d-37c7-4db0-867d-84a4497eca78@group-1382DFDC2C55-StateMachineUpdater: set stopIndex = 0
2019-09-27 09:32:09,274 [main] INFO  impl.RaftServerImpl (ServerState.java:close(385)) - b054b38d-37c7-4db0-867d-84a4497eca78@group-1382DFDC2C55: closes. applyIndex: 0
2019-09-27 09:32:09,274 [b054b38d-37c7-4db0-867d-84a4497eca78@group-1382DFDC2C55-SegmentedRaftLogWorker] INFO  segmented.SegmentedRaftLogWorker (SegmentedRaftLogWorker.java:run(313)) - b054b38d-37c7-4db0-867d-84a4497eca78@group-1382DFDC2C55-SegmentedRaftLogWorker was interrupted, exiting. There are 0 tasks remaining in the queue.
2019-09-27 09:32:09,276 [main] INFO  segmented.SegmentedRaftLogWorker (SegmentedRaftLogWorker.java:close(228)) - b054b38d-37c7-4db0-867d-84a4497eca78@group-1382DFDC2C55-SegmentedRaftLogWorker close()
2019-09-27 09:32:09,280 [main] INFO  server.GrpcService (GrpcService.java:closeImpl(164)) - b054b38d-37c7-4db0-867d-84a4497eca78: shutdown server with port 34668 now
2019-09-27 09:32:09,281 [main] INFO  server.GrpcService (GrpcService.java:closeImpl(172)) - b054b38d-37c7-4db0-867d-84a4497eca78: shutdown server with port 34668 successfully
2019-09-27 09:32:09,289 [refreshUsed-/workdir/hadoop-ozone/integration-test/target/test-dir/MiniOzoneClusterImpl-834b5182-62dc-4ca6-be4e-bc0179c6ec08/datanode-6/data/containers] WARN  fs.CachingGetSpaceUsed (CachingGetSpaceUsed.java:run(183)) - Thread Interrupted waiting to refresh disk information: sleep interrupted
2019-09-27 09:32:09,307 [ForkJoinPool.commonPool-worker-0] INFO  ozoneimpl.OzoneContainer (OzoneContainer.java:stop(231)) - Attempting to stop container services.
2019-09-27 09:32:09,308 [ForkJoinPool.commonPool-worker-0] INFO  impl.RaftServerProxy (RaftServerProxy.java:lambda$close$4(314)) - 1d13da7d-5300-4519-bdfb-397000abefd3: close
2019-09-27 09:32:09,308 [ForkJoinPool.commonPool-worker-0] INFO  impl.RaftServerImpl (RaftServerImpl.java:lambda$shutdown$3(251)) - 1d13da7d-5300-4519-bdfb-397000abefd3@group-28734D74F447: shutdown
2019-09-27 09:32:09,308 [ForkJoinPool.commonPool-worker-0] INFO  util.JmxRegister (JmxRegister.java:unregister(73)) - Successfully un-registered JMX Bean with object name Ratis:service=RaftServer,group=group-28734D74F447,id=1d13da7d-5300-4519-bdfb-397000abefd3
2019-09-27 09:32:09,308 [ForkJoinPool.commonPool-worker-0] INFO  impl.RoleInfo (RoleInfo.java:shutdownLeaderState(104)) - 1d13da7d-5300-4519-bdfb-397000abefd3: shutdown LeaderState
2019-09-27 09:32:09,311 [ForkJoinPool.commonPool-worker-0] INFO  impl.PendingRequests (PendingRequests.java:sendNotLeaderResponses(202)) - 1d13da7d-5300-4519-bdfb-397000abefd3-PendingRequests: sendNotLeaderResponses
2019-09-27 09:32:09,311 [org.apache.ratis.server.impl.LogAppender$AppenderDaemon$$Lambda$487/381516879@23ba0fa8] WARN  server.GrpcLogAppender (GrpcLogAppender.java:mayWait(143)) - 1d13da7d-5300-4519-bdfb-397000abefd3@group-28734D74F447->d03084ef-c572-4bca-82a8-bf6b16c1c530-GrpcLogAppender: Wait interrupted by java.lang.InterruptedException
2019-09-27 09:32:09,311 [org.apache.ratis.server.impl.LogAppender$AppenderDaemon$$Lambda$487/381516879@4822461a] WARN  server.GrpcLogAppender (GrpcLogAppender.java:mayWait(143)) - 1d13da7d-5300-4519-bdfb-397000abefd3@group-28734D74F447->e309d4fc-496e-46e3-8631-94f1ca76a4a4-GrpcLogAppender: Wait interrupted by java.lang.InterruptedException
2019-09-27 09:32:09,311 [main] INFO  utils.BackgroundService (BackgroundService.java:shutdown(148)) - Shutting down service BlockDeletingService
2019-09-27 09:32:09,315 [1d13da7d-5300-4519-bdfb-397000abefd3@group-28734D74F447-StateMachineUpdater] INFO  ratis.ContainerStateMachine (ContainerStateMachine.java:takeSnapshot(289)) - group-28734D74F447: Taking a snapshot at:(t:2, i:6) file /workdir/hadoop-ozone/integration-test/target/test-dir/MiniOzoneClusterImpl-834b5182-62dc-4ca6-be4e-bc0179c6ec08/datanode-0/data/ratis/7a64ccc4-01e8-4661-83fa-28734d74f447/sm/snapshot.2_6
2019-09-27 09:32:09,314 [ForkJoinPool.commonPool-worker-0] INFO  impl.StateMachineUpdater (StateMachineUpdater.java:stopAndJoin(125)) - 1d13da7d-5300-4519-bdfb-397000abefd3@group-28734D74F447-StateMachineUpdater: set stopIndex = 8
2019-09-27 09:32:09,319 [main] INFO  statemachine.DatanodeStateMachine (DatanodeStateMachine.java:stopDaemon(395)) - Ozone container server stopped.
2019-09-27 09:32:09,321 [main] INFO  handler.ContextHandler (ContextHandler.java:doStop(910)) - Stopped o.e.j.w.WebAppContext@79f90a3a{/,null,UNAVAILABLE}{/hddsDatanode}
2019-09-27 09:32:09,323 [main] INFO  server.AbstractConnector (AbstractConnector.java:doStop(318)) - Stopped ServerConnector@22bdb1d0{HTTP/1.1,[http/1.1]}{0.0.0.0:0}
2019-09-27 09:32:09,323 [main] INFO  handler.ContextHandler (ContextHandler.java:doStop(910)) - Stopped o.e.j.s.ServletContextHandler@4519f676{/static,jar:file:/home/user/.m2/repository/org/apache/hadoop/hadoop-hdds-container-service/0.5.0-SNAPSHOT/hadoop-hdds-container-service-0.5.0-SNAPSHOT.jar!/webapps/static,UNAVAILABLE}
2019-09-27 09:32:09,324 [main] INFO  handler.ContextHandler (ContextHandler.java:doStop(910)) - Stopped o.e.j.s.ServletContextHandler@de81be1{/logs,file:///workdir/hadoop-ozone/integration-test/target/log,UNAVAILABLE}
2019-09-27 09:32:09,334 [1d13da7d-5300-4519-bdfb-397000abefd3@group-28734D74F447-StateMachineUpdater] INFO  ratis.ContainerStateMachine (ContainerStateMachine.java:takeSnapshot(300)) - group-28734D74F447: Finished taking a snapshot at:(t:2, i:6) file:/workdir/hadoop-ozone/integration-test/target/test-dir/MiniOzoneClusterImpl-834b5182-62dc-4ca6-be4e-bc0179c6ec08/datanode-0/data/ratis/7a64ccc4-01e8-4661-83fa-28734d74f447/sm/snapshot.2_6 time:20
2019-09-27 09:32:09,335 [1d13da7d-5300-4519-bdfb-397000abefd3@group-28734D74F447-StateMachineUpdater] INFO  impl.StateMachineUpdater (StateMachineUpdater.java:takeSnapshot(258)) - 1d13da7d-5300-4519-bdfb-397000abefd3@group-28734D74F447-StateMachineUpdater: Took a snapshot at index 6
2019-09-27 09:32:09,335 [1d13da7d-5300-4519-bdfb-397000abefd3@group-28734D74F447-StateMachineUpdater] INFO  impl.StateMachineUpdater (StateMachineUpdater.java:lambda$new$0(83)) - 1d13da7d-5300-4519-bdfb-397000abefd3@group-28734D74F447-StateMachineUpdater: snapshotIndex: updateIncreasingly -1 -> 6
2019-09-27 09:32:09,336 [1d13da7d-5300-4519-bdfb-397000abefd3@group-28734D74F447-StateMachineUpdater] INFO  ratis.ContainerStateMachine (ContainerStateMachine.java:takeSnapshot(289)) - group-28734D74F447: Taking a snapshot at:(t:2, i:6) file /workdir/hadoop-ozone/integration-test/target/test-dir/MiniOzoneClusterImpl-834b5182-62dc-4ca6-be4e-bc0179c6ec08/datanode-0/data/ratis/7a64ccc4-01e8-4661-83fa-28734d74f447/sm/snapshot.2_6
2019-09-27 09:32:09,348 [1d13da7d-5300-4519-bdfb-397000abefd3@group-28734D74F447-StateMachineUpdater] INFO  ratis.ContainerStateMachine (ContainerStateMachine.java:takeSnapshot(300)) - group-28734D74F447: Finished taking a snapshot at:(t:2, i:6) file:/workdir/hadoop-ozone/integration-test/target/test-dir/MiniOzoneClusterImpl-834b5182-62dc-4ca6-be4e-bc0179c6ec08/datanode-0/data/ratis/7a64ccc4-01e8-4661-83fa-28734d74f447/sm/snapshot.2_6 time:11
2019-09-27 09:32:09,348 [1d13da7d-5300-4519-bdfb-397000abefd3@group-28734D74F447-StateMachineUpdater] INFO  impl.StateMachineUpdater (StateMachineUpdater.java:takeSnapshot(258)) - 1d13da7d-5300-4519-bdfb-397000abefd3@group-28734D74F447-StateMachineUpdater: Took a snapshot at index 6
2019-09-27 09:32:09,348 [1d13da7d-5300-4519-bdfb-397000abefd3@group-28734D74F447-StateMachineUpdater] INFO  impl.StateMachineUpdater (StateMachineUpdater.java:lambda$new$0(83)) - 1d13da7d-5300-4519-bdfb-397000abefd3@group-28734D74F447-StateMachineUpdater: snapshotIndex: updateIncreasingly 6 -> 6
2019-09-27 09:32:09,348 [ForkJoinPool.commonPool-worker-0] INFO  impl.RaftServerImpl (ServerState.java:close(385)) - 1d13da7d-5300-4519-bdfb-397000abefd3@group-28734D74F447: closes. applyIndex: 8
2019-09-27 09:32:09,349 [1d13da7d-5300-4519-bdfb-397000abefd3@group-28734D74F447-SegmentedRaftLogWorker] INFO  segmented.SegmentedRaftLogWorker (SegmentedRaftLogWorker.java:run(313)) - 1d13da7d-5300-4519-bdfb-397000abefd3@group-28734D74F447-SegmentedRaftLogWorker was interrupted, exiting. There are 0 tasks remaining in the queue.
2019-09-27 09:32:09,349 [ForkJoinPool.commonPool-worker-0] INFO  segmented.SegmentedRaftLogWorker (SegmentedRaftLogWorker.java:close(228)) - 1d13da7d-5300-4519-bdfb-397000abefd3@group-28734D74F447-SegmentedRaftLogWorker close()
2019-09-27 09:32:09,349 [ForkJoinPool.commonPool-worker-0] INFO  impl.RaftServerImpl (RaftServerImpl.java:lambda$shutdown$3(251)) - 1d13da7d-5300-4519-bdfb-397000abefd3@group-BA26BCBD5FE8: shutdown
2019-09-27 09:32:09,350 [ForkJoinPool.commonPool-worker-0] INFO  util.JmxRegister (JmxRegister.java:unregister(73)) - Successfully un-registered JMX Bean with object name Ratis:service=RaftServer,group=group-BA26BCBD5FE8,id=1d13da7d-5300-4519-bdfb-397000abefd3
2019-09-27 09:32:09,350 [ForkJoinPool.commonPool-worker-0] INFO  impl.RoleInfo (RoleInfo.java:shutdownLeaderState(104)) - 1d13da7d-5300-4519-bdfb-397000abefd3: shutdown LeaderState
2019-09-27 09:32:09,350 [ForkJoinPool.commonPool-worker-0] INFO  impl.PendingRequests (PendingRequests.java:sendNotLeaderResponses(202)) - 1d13da7d-5300-4519-bdfb-397000abefd3-PendingRequests: sendNotLeaderResponses
2019-09-27 09:32:09,350 [ForkJoinPool.commonPool-worker-0] INFO  impl.StateMachineUpdater (StateMachineUpdater.java:stopAndJoin(125)) - 1d13da7d-5300-4519-bdfb-397000abefd3@group-BA26BCBD5FE8-StateMachineUpdater: set stopIndex = 0
2019-09-27 09:32:09,351 [ForkJoinPool.commonPool-worker-0] INFO  impl.RaftServerImpl (ServerState.java:close(385)) - 1d13da7d-5300-4519-bdfb-397000abefd3@group-BA26BCBD5FE8: closes. applyIndex: 0
2019-09-27 09:32:09,351 [1d13da7d-5300-4519-bdfb-397000abefd3@group-BA26BCBD5FE8-SegmentedRaftLogWorker] INFO  segmented.SegmentedRaftLogWorker (SegmentedRaftLogWorker.java:run(313)) - 1d13da7d-5300-4519-bdfb-397000abefd3@group-BA26BCBD5FE8-SegmentedRaftLogWorker was interrupted, exiting. There are 0 tasks remaining in the queue.
2019-09-27 09:32:09,352 [ForkJoinPool.commonPool-worker-0] INFO  segmented.SegmentedRaftLogWorker (SegmentedRaftLogWorker.java:close(228)) - 1d13da7d-5300-4519-bdfb-397000abefd3@group-BA26BCBD5FE8-SegmentedRaftLogWorker close()
2019-09-27 09:32:09,352 [ForkJoinPool.commonPool-worker-0] INFO  server.GrpcService (GrpcService.java:closeImpl(164)) - 1d13da7d-5300-4519-bdfb-397000abefd3: shutdown server with port 33735 now
2019-09-27 09:32:09,352 [ForkJoinPool.commonPool-worker-0] INFO  server.GrpcService (GrpcService.java:closeImpl(172)) - 1d13da7d-5300-4519-bdfb-397000abefd3: shutdown server with port 33735 successfully
2019-09-27 09:32:09,357 [refreshUsed-/workdir/hadoop-ozone/integration-test/target/test-dir/MiniOzoneClusterImpl-834b5182-62dc-4ca6-be4e-bc0179c6ec08/datanode-0/data/containers] WARN  fs.CachingGetSpaceUsed (CachingGetSpaceUsed.java:run(183)) - Thread Interrupted waiting to refresh disk information: sleep interrupted
2019-09-27 09:32:09,374 [ForkJoinPool.commonPool-worker-0] INFO  utils.BackgroundService (BackgroundService.java:shutdown(148)) - Shutting down service BlockDeletingService
2019-09-27 09:32:09,378 [ForkJoinPool.commonPool-worker-0] INFO  statemachine.DatanodeStateMachine (DatanodeStateMachine.java:stopDaemon(395)) - Ozone container server stopped.
2019-09-27 09:32:09,382 [ForkJoinPool.commonPool-worker-0] INFO  handler.ContextHandler (ContextHandler.java:doStop(910)) - Stopped o.e.j.w.WebAppContext@7209ffb5{/,null,UNAVAILABLE}{/hddsDatanode}
2019-09-27 09:32:09,382 [ForkJoinPool.commonPool-worker-0] INFO  server.AbstractConnector (AbstractConnector.java:doStop(318)) - Stopped ServerConnector@5e99b9c{HTTP/1.1,[http/1.1]}{0.0.0.0:0}
2019-09-27 09:32:09,386 [ForkJoinPool.commonPool-worker-0] INFO  handler.ContextHandler (ContextHandler.java:doStop(910)) - Stopped o.e.j.s.ServletContextHandler@2dd8ff1d{/static,jar:file:/home/user/.m2/repository/org/apache/hadoop/hadoop-hdds-container-service/0.5.0-SNAPSHOT/hadoop-hdds-container-service-0.5.0-SNAPSHOT.jar!/webapps/static,UNAVAILABLE}
2019-09-27 09:32:09,387 [ForkJoinPool.commonPool-worker-0] INFO  handler.ContextHandler (ContextHandler.java:doStop(910)) - Stopped o.e.j.s.ServletContextHandler@3252747e{/logs,file:///workdir/hadoop-ozone/integration-test/target/log,UNAVAILABLE}
2019-09-27 09:32:09,558 [Datanode State Machine Thread - 0] INFO  statemachine.DatanodeStateMachine (DatanodeStateMachine.java:lambda$startDaemon$0(350)) - Ozone container server started.
2019-09-27 09:32:14,327 [main] INFO  ozoneimpl.OzoneContainer (OzoneContainer.java:stop(231)) - Attempting to stop container services.
2019-09-27 09:32:14,329 [main] INFO  impl.RaftServerProxy (RaftServerProxy.java:lambda$close$4(314)) - 2f86e047-14dd-4aae-98d2-58902ea33abd: close
2019-09-27 09:32:14,329 [main] INFO  impl.RaftServerImpl (RaftServerImpl.java:lambda$shutdown$3(251)) - 2f86e047-14dd-4aae-98d2-58902ea33abd@group-108E88CF8368: shutdown
2019-09-27 09:32:14,330 [main] INFO  util.JmxRegister (JmxRegister.java:unregister(73)) - Successfully un-registered JMX Bean with object name Ratis:service=RaftServer,group=group-108E88CF8368,id=2f86e047-14dd-4aae-98d2-58902ea33abd
2019-09-27 09:32:14,330 [main] INFO  impl.RoleInfo (RoleInfo.java:shutdownLeaderState(104)) - 2f86e047-14dd-4aae-98d2-58902ea33abd: shutdown LeaderState
2019-09-27 09:32:14,331 [main] INFO  impl.PendingRequests (PendingRequests.java:sendNotLeaderResponses(202)) - 2f86e047-14dd-4aae-98d2-58902ea33abd-PendingRequests: sendNotLeaderResponses
2019-09-27 09:32:14,332 [main] INFO  impl.StateMachineUpdater (StateMachineUpdater.java:stopAndJoin(125)) - 2f86e047-14dd-4aae-98d2-58902ea33abd@group-108E88CF8368-StateMachineUpdater: set stopIndex = 0
2019-09-27 09:32:14,334 [main] INFO  impl.RaftServerImpl (ServerState.java:close(385)) - 2f86e047-14dd-4aae-98d2-58902ea33abd@group-108E88CF8368: closes. applyIndex: 0
2019-09-27 09:32:14,334 [2f86e047-14dd-4aae-98d2-58902ea33abd@group-108E88CF8368-SegmentedRaftLogWorker] INFO  segmented.SegmentedRaftLogWorker (SegmentedRaftLogWorker.java:run(313)) - 2f86e047-14dd-4aae-98d2-58902ea33abd@group-108E88CF8368-SegmentedRaftLogWorker was interrupted, exiting. There are 0 tasks remaining in the queue.
2019-09-27 09:32:14,335 [main] INFO  segmented.SegmentedRaftLogWorker (SegmentedRaftLogWorker.java:close(228)) - 2f86e047-14dd-4aae-98d2-58902ea33abd@group-108E88CF8368-SegmentedRaftLogWorker close()
2019-09-27 09:32:14,336 [main] INFO  server.GrpcService (GrpcService.java:closeImpl(164)) - 2f86e047-14dd-4aae-98d2-58902ea33abd: shutdown server with port 42324 now
2019-09-27 09:32:14,345 [main] INFO  server.GrpcService (GrpcService.java:closeImpl(172)) - 2f86e047-14dd-4aae-98d2-58902ea33abd: shutdown server with port 42324 successfully
2019-09-27 09:32:14,347 [refreshUsed-/workdir/hadoop-ozone/integration-test/target/test-dir/MiniOzoneClusterImpl-834b5182-62dc-4ca6-be4e-bc0179c6ec08/datanode-5/data/containers] WARN  fs.CachingGetSpaceUsed (CachingGetSpaceUsed.java:run(183)) - Thread Interrupted waiting to refresh disk information: sleep interrupted
2019-09-27 09:32:14,365 [main] INFO  utils.BackgroundService (BackgroundService.java:shutdown(148)) - Shutting down service BlockDeletingService
2019-09-27 09:32:14,368 [main] INFO  statemachine.DatanodeStateMachine (DatanodeStateMachine.java:stopDaemon(395)) - Ozone container server stopped.
2019-09-27 09:32:14,370 [main] INFO  handler.ContextHandler (ContextHandler.java:doStop(910)) - Stopped o.e.j.w.WebAppContext@3a17b2e3{/,null,UNAVAILABLE}{/hddsDatanode}
2019-09-27 09:32:14,371 [main] INFO  server.AbstractConnector (AbstractConnector.java:doStop(318)) - Stopped ServerConnector@5e13f156{HTTP/1.1,[http/1.1]}{0.0.0.0:0}
2019-09-27 09:32:14,371 [main] INFO  handler.ContextHandler (ContextHandler.java:doStop(910)) - Stopped o.e.j.s.ServletContextHandler@1727e03a{/static,jar:file:/home/user/.m2/repository/org/apache/hadoop/hadoop-hdds-container-service/0.5.0-SNAPSHOT/hadoop-hdds-container-service-0.5.0-SNAPSHOT.jar!/webapps/static,UNAVAILABLE}
2019-09-27 09:32:14,372 [main] INFO  handler.ContextHandler (ContextHandler.java:doStop(910)) - Stopped o.e.j.s.ServletContextHandler@f8a6243{/logs,file:///workdir/hadoop-ozone/integration-test/target/log,UNAVAILABLE}
2019-09-27 09:32:14,373 [main] INFO  ozone.MiniOzoneClusterImpl (MiniOzoneClusterImpl.java:stopSCM(392)) - Stopping the StorageContainerManager
2019-09-27 09:32:14,373 [main] INFO  server.StorageContainerManager (StorageContainerManager.java:stop(808)) - Stopping Replication Manager Service.
2019-09-27 09:32:14,373 [main] INFO  container.ReplicationManager (ReplicationManager.java:stop(203)) - Stopping Replication Monitor Thread.
2019-09-27 09:32:14,373 [main] INFO  server.StorageContainerManager (StorageContainerManager.java:stop(815)) - Stopping Lease Manager of the command watchers
2019-09-27 09:32:14,374 [main] INFO  server.StorageContainerManager (StorageContainerManager.java:stop(822)) - Stopping datanode service RPC server
2019-09-27 09:32:14,374 [main] INFO  server.SCMDatanodeProtocolServer (SCMDatanodeProtocolServer.java:stop(367)) - Stopping the RPC server for DataNodes
2019-09-27 09:32:14,374 [main] INFO  ipc.Server (Server.java:stop(3082)) - Stopping server on 45680
2019-09-27 09:32:14,376 [IPC Server listener on 45680] INFO  ipc.Server (Server.java:run(1185)) - Stopping IPC Server listener on 45680
2019-09-27 09:32:14,377 [IPC Server Responder] INFO  ipc.Server (Server.java:run(1319)) - Stopping IPC Server Responder
2019-09-27 09:32:14,378 [SCM Heartbeat Processing Thread - 0] WARN  node.NodeStateManager (NodeStateManager.java:scheduleNextHealthCheck(646)) - Current Thread is interrupted, shutting down HB processing thread for Node Manager.
2019-09-27 09:32:14,379 [main] INFO  server.StorageContainerManager (StorageContainerManager.java:stop(830)) - Stopping block service RPC server
2019-09-27 09:32:14,379 [main] INFO  server.SCMBlockProtocolServer (SCMBlockProtocolServer.java:stop(155)) - Stopping the RPC server for Block Protocol
2019-09-27 09:32:14,379 [main] INFO  ipc.Server (Server.java:stop(3082)) - Stopping server on 39569
2019-09-27 09:32:14,381 [IPC Server listener on 39569] INFO  ipc.Server (Server.java:run(1185)) - Stopping IPC Server listener on 39569
2019-09-27 09:32:14,381 [main] INFO  server.StorageContainerManager (StorageContainerManager.java:stop(837)) - Stopping the StorageContainerLocationProtocol RPC server
2019-09-27 09:32:14,381 [IPC Server Responder] INFO  ipc.Server (Server.java:run(1319)) - Stopping IPC Server Responder
2019-09-27 09:32:14,382 [main] INFO  server.SCMClientProtocolServer (SCMClientProtocolServer.java:stop(158)) - Stopping the RPC server for Client Protocol
2019-09-27 09:32:14,382 [main] INFO  ipc.Server (Server.java:stop(3082)) - Stopping server on 35351
2019-09-27 09:32:14,383 [IPC Server listener on 35351] INFO  ipc.Server (Server.java:run(1185)) - Stopping IPC Server listener on 35351
2019-09-27 09:32:14,383 [main] INFO  server.StorageContainerManager (StorageContainerManager.java:stop(844)) - Stopping Storage Container Manager HTTP server.
2019-09-27 09:32:14,384 [IPC Server Responder] INFO  ipc.Server (Server.java:run(1319)) - Stopping IPC Server Responder
2019-09-27 09:32:14,385 [main] INFO  handler.ContextHandler (ContextHandler.java:doStop(910)) - Stopped o.e.j.w.WebAppContext@39ffda4a{/,null,UNAVAILABLE}{/scm}
2019-09-27 09:32:14,386 [main] INFO  server.AbstractConnector (AbstractConnector.java:doStop(318)) - Stopped ServerConnector@3ba348ca{HTTP/1.1,[http/1.1]}{0.0.0.0:0}
2019-09-27 09:32:14,386 [main] INFO  handler.ContextHandler (ContextHandler.java:doStop(910)) - Stopped o.e.j.s.ServletContextHandler@49a6f486{/static,file:///workdir/hadoop-ozone/integration-test/target/test-classes/webapps/static,UNAVAILABLE}
2019-09-27 09:32:14,386 [main] INFO  handler.ContextHandler (ContextHandler.java:doStop(910)) - Stopped o.e.j.s.ServletContextHandler@663f237a{/logs,file:///workdir/hadoop-ozone/integration-test/target/log,UNAVAILABLE}
2019-09-27 09:32:14,387 [main] INFO  server.StorageContainerManager (StorageContainerManager.java:stop(855)) - Stopping Block Manager Service.
2019-09-27 09:32:14,387 [main] INFO  utils.BackgroundService (BackgroundService.java:shutdown(148)) - Shutting down service SCMBlockDeletingService
2019-09-27 09:32:14,388 [main] INFO  utils.BackgroundService (BackgroundService.java:shutdown(148)) - Shutting down service SCMBlockDeletingService
2019-09-27 09:32:14,388 [main] INFO  server.StorageContainerManager (StorageContainerManager.java:stop(877)) - Stopping SCM Event Queue.
2019-09-27 09:32:14,396 [main] INFO  impl.MetricsSystemImpl (MetricsSystemImpl.java:stop(210)) - Stopping HddsDatanode metrics system...
2019-09-27 09:32:14,408 [main] INFO  impl.MetricsSystemImpl (MetricsSystemImpl.java:stop(216)) - HddsDatanode metrics system stopped.
]]></system-out>
    <system-err><![CDATA[Sep 27, 2019 9:31:59 AM org.apache.ratis.thirdparty.io.grpc.internal.SerializingExecutor run
SEVERE: Exception while executing runnable org.apache.ratis.thirdparty.io.grpc.internal.ServerImpl$JumpToApplicationThreadServerStreamListener$1Closed@7c704b1d
org.apache.ratis.thirdparty.io.grpc.StatusRuntimeException: CANCELLED: call already cancelled
	at org.apache.ratis.thirdparty.io.grpc.Status.asRuntimeException(Status.java:517)
	at org.apache.ratis.thirdparty.io.grpc.stub.ServerCalls$ServerCallStreamObserverImpl.onCompleted(ServerCalls.java:356)
	at org.apache.ratis.grpc.server.GrpcServerProtocolService$ServerRequestStreamObserver.onError(GrpcServerProtocolService.java:121)
	at org.apache.ratis.thirdparty.io.grpc.stub.ServerCalls$StreamingServerCallHandler$StreamingServerCallListener.onCancel(ServerCalls.java:269)
	at org.apache.ratis.thirdparty.io.grpc.internal.ServerCallImpl$ServerStreamListenerImpl.closed(ServerCallImpl.java:293)
	at org.apache.ratis.thirdparty.io.grpc.internal.ServerImpl$JumpToApplicationThreadServerStreamListener$1Closed.runInContext(ServerImpl.java:741)
	at org.apache.ratis.thirdparty.io.grpc.internal.ContextRunnable.run(ContextRunnable.java:37)
	at org.apache.ratis.thirdparty.io.grpc.internal.SerializingExecutor.run(SerializingExecutor.java:123)
	at java.util.concurrent.ThreadPoolExecutor.runWorker(ThreadPoolExecutor.java:1149)
	at java.util.concurrent.ThreadPoolExecutor$Worker.run(ThreadPoolExecutor.java:624)
	at java.lang.Thread.run(Thread.java:748)

Sep 27, 2019 9:31:59 AM org.apache.ratis.thirdparty.io.grpc.internal.SerializingExecutor run
SEVERE: Exception while executing runnable org.apache.ratis.thirdparty.io.grpc.internal.ServerImpl$JumpToApplicationThreadServerStreamListener$1Closed@5b085a5e
org.apache.ratis.thirdparty.io.grpc.StatusRuntimeException: CANCELLED: call already cancelled
	at org.apache.ratis.thirdparty.io.grpc.Status.asRuntimeException(Status.java:517)
	at org.apache.ratis.thirdparty.io.grpc.stub.ServerCalls$ServerCallStreamObserverImpl.onCompleted(ServerCalls.java:356)
	at org.apache.ratis.grpc.server.GrpcServerProtocolService$ServerRequestStreamObserver.onError(GrpcServerProtocolService.java:121)
	at org.apache.ratis.thirdparty.io.grpc.stub.ServerCalls$StreamingServerCallHandler$StreamingServerCallListener.onCancel(ServerCalls.java:269)
	at org.apache.ratis.thirdparty.io.grpc.internal.ServerCallImpl$ServerStreamListenerImpl.closed(ServerCallImpl.java:293)
	at org.apache.ratis.thirdparty.io.grpc.internal.ServerImpl$JumpToApplicationThreadServerStreamListener$1Closed.runInContext(ServerImpl.java:741)
	at org.apache.ratis.thirdparty.io.grpc.internal.ContextRunnable.run(ContextRunnable.java:37)
	at org.apache.ratis.thirdparty.io.grpc.internal.SerializingExecutor.run(SerializingExecutor.java:123)
	at java.util.concurrent.ThreadPoolExecutor.runWorker(ThreadPoolExecutor.java:1149)
	at java.util.concurrent.ThreadPoolExecutor$Worker.run(ThreadPoolExecutor.java:624)
	at java.lang.Thread.run(Thread.java:748)

Sep 27, 2019 9:32:04 AM org.apache.ratis.thirdparty.io.grpc.internal.SerializingExecutor run
SEVERE: Exception while executing runnable org.apache.ratis.thirdparty.io.grpc.internal.ServerImpl$JumpToApplicationThreadServerStreamListener$1Closed@44550dbd
org.apache.ratis.thirdparty.io.grpc.StatusRuntimeException: CANCELLED: call already cancelled
	at org.apache.ratis.thirdparty.io.grpc.Status.asRuntimeException(Status.java:517)
	at org.apache.ratis.thirdparty.io.grpc.stub.ServerCalls$ServerCallStreamObserverImpl.onCompleted(ServerCalls.java:356)
	at org.apache.ratis.grpc.server.GrpcServerProtocolService$ServerRequestStreamObserver.onError(GrpcServerProtocolService.java:121)
	at org.apache.ratis.thirdparty.io.grpc.stub.ServerCalls$StreamingServerCallHandler$StreamingServerCallListener.onCancel(ServerCalls.java:269)
	at org.apache.ratis.thirdparty.io.grpc.internal.ServerCallImpl$ServerStreamListenerImpl.closed(ServerCallImpl.java:293)
	at org.apache.ratis.thirdparty.io.grpc.internal.ServerImpl$JumpToApplicationThreadServerStreamListener$1Closed.runInContext(ServerImpl.java:741)
	at org.apache.ratis.thirdparty.io.grpc.internal.ContextRunnable.run(ContextRunnable.java:37)
	at org.apache.ratis.thirdparty.io.grpc.internal.SerializingExecutor.run(SerializingExecutor.java:123)
	at java.util.concurrent.ThreadPoolExecutor.runWorker(ThreadPoolExecutor.java:1149)
	at java.util.concurrent.ThreadPoolExecutor$Worker.run(ThreadPoolExecutor.java:624)
	at java.lang.Thread.run(Thread.java:748)

]]></system-err>
  </testcase>
</testsuite>