<?xml version="1.0" encoding="UTF-8"?>
<testsuite xmlns:xsi="http://www.w3.org/2001/XMLSchema-instance" xsi:noNamespaceSchemaLocation="https://maven.apache.org/surefire/maven-surefire-plugin/xsd/surefire-test-report.xsd" name="org.apache.hadoop.ozone.client.rpc.TestBlockOutputStreamWithFailures" time="688.312" tests="8" errors="0" skipped="0" failures="1">
  <properties>
    <property name="awt.toolkit" value="sun.awt.X11.XToolkit"/>
    <property name="file.encoding.pkg" value="sun.io"/>
    <property name="java.specification.version" value="1.8"/>
    <property name="sun.cpu.isalist" value=""/>
    <property name="sun.jnu.encoding" value="UTF-8"/>
    <property name="java.class.path" value="/workdir/hadoop-ozone/integration-test/target/test-classes:/workdir/hadoop-ozone/integration-test/target/classes:/home/user/.m2/repository/org/apache/hadoop/hadoop-ozone-common/0.5.0-SNAPSHOT/hadoop-ozone-common-0.5.0-SNAPSHOT.jar:/home/user/.m2/repository/org/apache/commons/commons-compress/1.4.1/commons-compress-1.4.1.jar:/home/user/.m2/repository/org/tukaani/xz/1.0/xz-1.0.jar:/home/user/.m2/repository/org/apache/hadoop/hadoop-common/3.2.0/hadoop-common-3.2.0.jar:/home/user/.m2/repository/org/apache/hadoop/hadoop-hdfs/3.2.0/hadoop-hdfs-3.2.0.jar:/home/user/.m2/repository/org/apache/hadoop/hadoop-hdfs-client/3.2.0/hadoop-hdfs-client-3.2.0.jar:/home/user/.m2/repository/com/fasterxml/jackson/core/jackson-annotations/2.9.9/jackson-annotations-2.9.9.jar:/home/user/.m2/repository/org/apache/hadoop/hadoop-hdds-common/0.5.0-SNAPSHOT/hadoop-hdds-common-0.5.0-SNAPSHOT.jar:/home/user/.m2/repository/javax/annotation/javax.annotation-api/1.2/javax.annotation-api-1.2.jar:/home/user/.m2/repository/org/apache/ratis/ratis-server/0.4.0/ratis-server-0.4.0.jar:/home/user/.m2/repository/org/apache/ratis/ratis-thirdparty-misc/0.2.0/ratis-thirdparty-misc-0.2.0.jar:/home/user/.m2/repository/org/apache/ratis/ratis-proto/0.4.0/ratis-proto-0.4.0.jar:/home/user/.m2/repository/org/apache/ratis/ratis-common/0.4.0/ratis-common-0.4.0.jar:/home/user/.m2/repository/org/apache/ratis/ratis-client/0.4.0/ratis-client-0.4.0.jar:/home/user/.m2/repository/org/apache/ratis/ratis-metrics/0.4.0/ratis-metrics-0.4.0.jar:/home/user/.m2/repository/com/github/joshelser/dropwizard-metrics-hadoop-metrics2-reporter/0.1.2/dropwizard-metrics-hadoop-metrics2-reporter-0.1.2.jar:/home/user/.m2/repository/io/dropwizard/metrics/metrics-jvm/3.2.5/metrics-jvm-3.2.5.jar:/home/user/.m2/repository/io/dropwizard/metrics/metrics-ganglia/3.2.5/metrics-ganglia-3.2.5.jar:/home/user/.m2/repository/info/ganglia/gmetric4j/gmetric4j/1.0.7/gmetric4j-1.0.7.jar:/home/user/.m2/repository/org/apache/ratis/ratis-netty/0.4.0/ratis-netty-0.4.0.jar:/home/user/.m2/repository/org/apache/ratis/ratis-grpc/0.4.0/ratis-grpc-0.4.0.jar:/home/user/.m2/repository/org/rocksdb/rocksdbjni/6.0.1/rocksdbjni-6.0.1.jar:/home/user/.m2/repository/org/apache/logging/log4j/log4j-api/2.11.0/log4j-api-2.11.0.jar:/home/user/.m2/repository/org/apache/logging/log4j/log4j-core/2.11.0/log4j-core-2.11.0.jar:/home/user/.m2/repository/com/lmax/disruptor/3.4.2/disruptor-3.4.2.jar:/home/user/.m2/repository/org/apache/commons/commons-pool2/2.6.0/commons-pool2-2.6.0.jar:/home/user/.m2/repository/org/bouncycastle/bcpkix-jdk15on/1.60/bcpkix-jdk15on-1.60.jar:/home/user/.m2/repository/commons-validator/commons-validator/1.6/commons-validator-1.6.jar:/home/user/.m2/repository/commons-digester/commons-digester/1.8.1/commons-digester-1.8.1.jar:/home/user/.m2/repository/io/jaegertracing/jaeger-client/0.34.0/jaeger-client-0.34.0.jar:/home/user/.m2/repository/io/jaegertracing/jaeger-thrift/0.34.0/jaeger-thrift-0.34.0.jar:/home/user/.m2/repository/org/apache/thrift/libthrift/0.12.0/libthrift-0.12.0.jar:/home/user/.m2/repository/com/squareup/okhttp3/okhttp/3.9.0/okhttp-3.9.0.jar:/home/user/.m2/repository/com/squareup/okio/okio/1.13.0/okio-1.13.0.jar:/home/user/.m2/repository/io/jaegertracing/jaeger-core/0.34.0/jaeger-core-0.34.0.jar:/home/user/.m2/repository/io/jaegertracing/jaeger-tracerresolver/0.34.0/jaeger-tracerresolver-0.34.0.jar:/home/user/.m2/repository/io/opentracing/contrib/opentracing-tracerresolver/0.1.5/opentracing-tracerresolver-0.1.5.jar:/home/user/.m2/repository/io/opentracing/opentracing-util/0.31.0/opentracing-util-0.31.0.jar:/home/user/.m2/repository/io/opentracing/opentracing-api/0.31.0/opentracing-api-0.31.0.jar:/home/user/.m2/repository/io/opentracing/opentracing-noop/0.31.0/opentracing-noop-0.31.0.jar:/home/user/.m2/repository/org/apache/hadoop/hadoop-hdds-server-framework/0.5.0-SNAPSHOT/hadoop-hdds-server-framework-0.5.0-SNAPSHOT.jar:/home/user/.m2/repository/org/apache/hadoop/hadoop-hdds-container-service/0.5.0-SNAPSHOT/hadoop-hdds-container-service-0.5.0-SNAPSHOT.jar:/home/user/.m2/repository/org/apache/hadoop/hadoop-hdds-client/0.5.0-SNAPSHOT/hadoop-hdds-client-0.5.0-SNAPSHOT.jar:/home/user/.m2/repository/org/apache/hadoop/hadoop-hdds-tools/0.5.0-SNAPSHOT/hadoop-hdds-tools-0.5.0-SNAPSHOT.jar:/home/user/.m2/repository/org/apache/hadoop/hadoop-hdds-server-scm/0.5.0-SNAPSHOT/hadoop-hdds-server-scm-0.5.0-SNAPSHOT.jar:/home/user/.m2/repository/org/apache/hadoop/hadoop-hdds-docs/0.5.0-SNAPSHOT/hadoop-hdds-docs-0.5.0-SNAPSHOT.jar:/home/user/.m2/repository/io/dropwizard/metrics/metrics-core/3.2.4/metrics-core-3.2.4.jar:/home/user/.m2/repository/org/hamcrest/hamcrest-all/1.3/hamcrest-all-1.3.jar:/home/user/.m2/repository/org/bouncycastle/bcprov-jdk15on/1.60/bcprov-jdk15on-1.60.jar:/home/user/.m2/repository/info/picocli/picocli/3.9.6/picocli-3.9.6.jar:/home/user/.m2/repository/com/google/protobuf/protobuf-java/2.5.0/protobuf-java-2.5.0.jar:/home/user/.m2/repository/com/google/guava/guava/11.0.2/guava-11.0.2.jar:/home/user/.m2/repository/org/apache/hadoop/hadoop-ozone-ozone-manager/0.5.0-SNAPSHOT/hadoop-ozone-ozone-manager-0.5.0-SNAPSHOT.jar:/home/user/.m2/repository/org/apache/hadoop/hadoop-minikdc/3.2.0/hadoop-minikdc-3.2.0.jar:/home/user/.m2/repository/commons-io/commons-io/2.5/commons-io-2.5.jar:/home/user/.m2/repository/org/apache/kerby/kerb-simplekdc/1.0.1/kerb-simplekdc-1.0.1.jar:/home/user/.m2/repository/org/apache/kerby/kerb-client/1.0.1/kerb-client-1.0.1.jar:/home/user/.m2/repository/org/apache/kerby/kerby-config/1.0.1/kerby-config-1.0.1.jar:/home/user/.m2/repository/org/apache/kerby/kerb-core/1.0.1/kerb-core-1.0.1.jar:/home/user/.m2/repository/org/apache/kerby/kerby-pkix/1.0.1/kerby-pkix-1.0.1.jar:/home/user/.m2/repository/org/apache/kerby/kerby-asn1/1.0.1/kerby-asn1-1.0.1.jar:/home/user/.m2/repository/org/apache/kerby/kerby-util/1.0.1/kerby-util-1.0.1.jar:/home/user/.m2/repository/org/apache/kerby/kerb-common/1.0.1/kerb-common-1.0.1.jar:/home/user/.m2/repository/org/apache/kerby/kerb-crypto/1.0.1/kerb-crypto-1.0.1.jar:/home/user/.m2/repository/org/apache/kerby/kerb-util/1.0.1/kerb-util-1.0.1.jar:/home/user/.m2/repository/org/apache/kerby/token-provider/1.0.1/token-provider-1.0.1.jar:/home/user/.m2/repository/org/apache/kerby/kerb-admin/1.0.1/kerb-admin-1.0.1.jar:/home/user/.m2/repository/org/apache/kerby/kerb-server/1.0.1/kerb-server-1.0.1.jar:/home/user/.m2/repository/org/apache/kerby/kerb-identity/1.0.1/kerb-identity-1.0.1.jar:/home/user/.m2/repository/org/apache/kerby/kerby-xdr/1.0.1/kerby-xdr-1.0.1.jar:/home/user/.m2/repository/org/slf4j/slf4j-log4j12/1.7.25/slf4j-log4j12-1.7.25.jar:/home/user/.m2/repository/org/apache/hadoop/hadoop-ozone-s3gateway/0.5.0-SNAPSHOT/hadoop-ozone-s3gateway-0.5.0-SNAPSHOT.jar:/home/user/.m2/repository/org/jboss/weld/servlet/weld-servlet/2.4.7.Final/weld-servlet-2.4.7.Final.jar:/home/user/.m2/repository/org/glassfish/jersey/containers/jersey-container-servlet-core/2.27/jersey-container-servlet-core-2.27.jar:/home/user/.m2/repository/org/glassfish/hk2/external/javax.inject/2.5.0-b42/javax.inject-2.5.0-b42.jar:/home/user/.m2/repository/org/glassfish/jersey/core/jersey-common/2.27/jersey-common-2.27.jar:/home/user/.m2/repository/org/glassfish/hk2/osgi-resource-locator/1.0.1/osgi-resource-locator-1.0.1.jar:/home/user/.m2/repository/javax/ws/rs/javax.ws.rs-api/2.1/javax.ws.rs-api-2.1.jar:/home/user/.m2/repository/org/glassfish/jersey/ext/cdi/jersey-cdi1x/2.27/jersey-cdi1x-2.27.jar:/home/user/.m2/repository/org/glassfish/jersey/inject/jersey-hk2/2.27/jersey-hk2-2.27.jar:/home/user/.m2/repository/org/glassfish/hk2/hk2-locator/2.5.0-b42/hk2-locator-2.5.0-b42.jar:/home/user/.m2/repository/org/javassist/javassist/3.22.0-CR2/javassist-3.22.0-CR2.jar:/home/user/.m2/repository/org/glassfish/hk2/hk2-api/2.5.0/hk2-api-2.5.0.jar:/home/user/.m2/repository/org/glassfish/hk2/external/jakarta.inject/2.5.0/jakarta.inject-2.5.0.jar:/home/user/.m2/repository/org/glassfish/hk2/hk2-utils/2.5.0/hk2-utils-2.5.0.jar:/home/user/.m2/repository/jakarta/annotation/jakarta.annotation-api/1.3.4/jakarta.annotation-api-1.3.4.jar:/home/user/.m2/repository/org/glassfish/hk2/external/aopalliance-repackaged/2.5.0/aopalliance-repackaged-2.5.0.jar:/home/user/.m2/repository/com/fasterxml/jackson/dataformat/jackson-dataformat-xml/2.9.0/jackson-dataformat-xml-2.9.0.jar:/home/user/.m2/repository/com/fasterxml/jackson/core/jackson-core/2.9.9/jackson-core-2.9.9.jar:/home/user/.m2/repository/com/fasterxml/jackson/module/jackson-module-jaxb-annotations/2.9.9/jackson-module-jaxb-annotations-2.9.9.jar:/home/user/.m2/repository/javax/enterprise/cdi-api/1.2/cdi-api-1.2.jar:/home/user/.m2/repository/javax/el/javax.el-api/3.0.0/javax.el-api-3.0.0.jar:/home/user/.m2/repository/javax/interceptor/javax.interceptor-api/1.2/javax.interceptor-api-1.2.jar:/home/user/.m2/repository/javax/inject/javax.inject/1/javax.inject-1.jar:/home/user/.m2/repository/com/sun/xml/bind/jaxb-impl/2.3.0.1/jaxb-impl-2.3.0.1.jar:/home/user/.m2/repository/com/sun/xml/bind/jaxb-core/2.3.0.1/jaxb-core-2.3.0.1.jar:/home/user/.m2/repository/javax/xml/bind/jaxb-api/2.3.0/jaxb-api-2.3.0.jar:/home/user/.m2/repository/javax/activation/activation/1.1.1/activation-1.1.1.jar:/home/user/.m2/repository/org/apache/hadoop/hadoop-ozone-csi/0.5.0-SNAPSHOT/hadoop-ozone-csi-0.5.0-SNAPSHOT.jar:/home/user/.m2/repository/com/google/protobuf/protobuf-java-util/3.5.1/protobuf-java-util-3.5.1.jar:/home/user/.m2/repository/org/apache/hadoop/hadoop-hdds-config/0.5.0-SNAPSHOT/hadoop-hdds-config-0.5.0-SNAPSHOT.jar:/home/user/.m2/repository/io/grpc/grpc-netty/1.17.1/grpc-netty-1.17.1.jar:/home/user/.m2/repository/io/grpc/grpc-core/1.17.1/grpc-core-1.17.1.jar:/home/user/.m2/repository/io/grpc/grpc-context/1.17.1/grpc-context-1.17.1.jar:/home/user/.m2/repository/com/google/errorprone/error_prone_annotations/2.2.0/error_prone_annotations-2.2.0.jar:/home/user/.m2/repository/org/codehaus/mojo/animal-sniffer-annotations/1.17/animal-sniffer-annotations-1.17.jar:/home/user/.m2/repository/io/opencensus/opencensus-api/0.17.0/opencensus-api-0.17.0.jar:/home/user/.m2/repository/io/opencensus/opencensus-contrib-grpc-metrics/0.17.0/opencensus-contrib-grpc-metrics-0.17.0.jar:/home/user/.m2/repository/io/netty/netty-codec-http2/4.1.30.Final/netty-codec-http2-4.1.30.Final.jar:/home/user/.m2/repository/io/netty/netty-codec-http/4.1.30.Final/netty-codec-http-4.1.30.Final.jar:/home/user/.m2/repository/io/netty/netty-codec/4.1.30.Final/netty-codec-4.1.30.Final.jar:/home/user/.m2/repository/io/netty/netty-handler/4.1.30.Final/netty-handler-4.1.30.Final.jar:/home/user/.m2/repository/io/netty/netty-handler-proxy/4.1.30.Final/netty-handler-proxy-4.1.30.Final.jar:/home/user/.m2/repository/io/netty/netty-codec-socks/4.1.30.Final/netty-codec-socks-4.1.30.Final.jar:/home/user/.m2/repository/io/netty/netty-transport-native-epoll/4.1.30.Final/netty-transport-native-epoll-4.1.30.Final.jar:/home/user/.m2/repository/io/netty/netty-common/4.1.30.Final/netty-common-4.1.30.Final.jar:/home/user/.m2/repository/io/netty/netty-buffer/4.1.30.Final/netty-buffer-4.1.30.Final.jar:/home/user/.m2/repository/io/netty/netty-transport/4.1.30.Final/netty-transport-4.1.30.Final.jar:/home/user/.m2/repository/io/netty/netty-resolver/4.1.30.Final/netty-resolver-4.1.30.Final.jar:/home/user/.m2/repository/io/netty/netty-transport-native-unix-common/4.1.30.Final/netty-transport-native-unix-common-4.1.30.Final.jar:/home/user/.m2/repository/io/grpc/grpc-protobuf/1.17.1/grpc-protobuf-1.17.1.jar:/home/user/.m2/repository/com/google/api/grpc/proto-google-common-protos/1.0.0/proto-google-common-protos-1.0.0.jar:/home/user/.m2/repository/io/grpc/grpc-protobuf-lite/1.17.1/grpc-protobuf-lite-1.17.1.jar:/home/user/.m2/repository/io/grpc/grpc-stub/1.17.1/grpc-stub-1.17.1.jar:/home/user/.m2/repository/org/apache/hadoop/hadoop-ozone-recon/0.5.0-SNAPSHOT/hadoop-ozone-recon-0.5.0-SNAPSHOT.jar:/home/user/.m2/repository/org/apache/hadoop/hadoop-ozone-reconcodegen/0.5.0-SNAPSHOT/hadoop-ozone-reconcodegen-0.5.0-SNAPSHOT.jar:/home/user/.m2/repository/com/google/inject/extensions/guice-multibindings/4.0/guice-multibindings-4.0.jar:/home/user/.m2/repository/com/google/inject/guice/4.0/guice-4.0.jar:/home/user/.m2/repository/aopalliance/aopalliance/1.0/aopalliance-1.0.jar:/home/user/.m2/repository/com/google/inject/extensions/guice-servlet/4.0/guice-servlet-4.0.jar:/home/user/.m2/repository/org/glassfish/jersey/containers/jersey-container-servlet/2.27/jersey-container-servlet-2.27.jar:/home/user/.m2/repository/org/glassfish/hk2/guice-bridge/2.5.0/guice-bridge-2.5.0.jar:/home/user/.m2/repository/org/glassfish/jersey/core/jersey-server/2.27/jersey-server-2.27.jar:/home/user/.m2/repository/org/glassfish/jersey/core/jersey-client/2.27/jersey-client-2.27.jar:/home/user/.m2/repository/org/glassfish/jersey/media/jersey-media-jaxb/2.27/jersey-media-jaxb-2.27.jar:/home/user/.m2/repository/javax/validation/validation-api/1.1.0.Final/validation-api-1.1.0.Final.jar:/home/user/.m2/repository/org/glassfish/jersey/media/jersey-media-json-jackson/2.27/jersey-media-json-jackson-2.27.jar:/home/user/.m2/repository/org/glassfish/jersey/ext/jersey-entity-filtering/2.27/jersey-entity-filtering-2.27.jar:/home/user/.m2/repository/com/google/inject/extensions/guice-assistedinject/4.0/guice-assistedinject-4.0.jar:/home/user/.m2/repository/org/jooq/jooq/3.11.10/jooq-3.11.10.jar:/home/user/.m2/repository/org/jooq/jooq-meta/3.11.10/jooq-meta-3.11.10.jar:/home/user/.m2/repository/org/jooq/jooq-codegen/3.11.10/jooq-codegen-3.11.10.jar:/home/user/.m2/repository/com/jolbox/bonecp/0.8.0.RELEASE/bonecp-0.8.0.RELEASE.jar:/home/user/.m2/repository/org/xerial/sqlite-jdbc/3.25.2/sqlite-jdbc-3.25.2.jar:/home/user/.m2/repository/org/springframework/spring-jdbc/5.1.3.RELEASE/spring-jdbc-5.1.3.RELEASE.jar:/home/user/.m2/repository/org/springframework/spring-beans/5.1.3.RELEASE/spring-beans-5.1.3.RELEASE.jar:/home/user/.m2/repository/org/springframework/spring-core/5.1.3.RELEASE/spring-core-5.1.3.RELEASE.jar:/home/user/.m2/repository/org/springframework/spring-jcl/5.1.3.RELEASE/spring-jcl-5.1.3.RELEASE.jar:/home/user/.m2/repository/org/springframework/spring-tx/5.1.3.RELEASE/spring-tx-5.1.3.RELEASE.jar:/home/user/.m2/repository/org/apache/hadoop/hadoop-ozone-client/0.5.0-SNAPSHOT/hadoop-ozone-client-0.5.0-SNAPSHOT.jar:/home/user/.m2/repository/commons-lang/commons-lang/2.6/commons-lang-2.6.jar:/home/user/.m2/repository/org/apache/hadoop/hadoop-ozone-ozone-manager/0.5.0-SNAPSHOT/hadoop-ozone-ozone-manager-0.5.0-SNAPSHOT-tests.jar:/home/user/.m2/repository/junit/junit/4.11/junit-4.11.jar:/home/user/.m2/repository/org/hamcrest/hamcrest-core/1.3/hamcrest-core-1.3.jar:/home/user/.m2/repository/org/openjdk/jmh/jmh-core/1.19/jmh-core-1.19.jar:/home/user/.m2/repository/net/sf/jopt-simple/jopt-simple/4.6/jopt-simple-4.6.jar:/home/user/.m2/repository/org/apache/commons/commons-math3/3.1.1/commons-math3-3.1.1.jar:/home/user/.m2/repository/org/openjdk/jmh/jmh-generator-annprocess/1.19/jmh-generator-annprocess-1.19.jar:/home/user/.m2/repository/org/mockito/mockito-all/1.8.5/mockito-all-1.8.5.jar:/home/user/.m2/repository/org/apache/hadoop/hadoop-kms/3.2.0/hadoop-kms-3.2.0.jar:/home/user/.m2/repository/org/apache/hadoop/hadoop-auth/3.2.0/hadoop-auth-3.2.0.jar:/home/user/.m2/repository/com/nimbusds/nimbus-jose-jwt/4.41.1/nimbus-jose-jwt-4.41.1.jar:/home/user/.m2/repository/com/github/stephenc/jcip/jcip-annotations/1.0-1/jcip-annotations-1.0-1.jar:/home/user/.m2/repository/net/minidev/json-smart/2.3/json-smart-2.3.jar:/home/user/.m2/repository/net/minidev/accessors-smart/1.2/accessors-smart-1.2.jar:/home/user/.m2/repository/org/ow2/asm/asm/5.0.4/asm-5.0.4.jar:/home/user/.m2/repository/org/apache/curator/curator-framework/2.12.0/curator-framework-2.12.0.jar:/home/user/.m2/repository/com/sun/jersey/jersey-core/1.19/jersey-core-1.19.jar:/home/user/.m2/repository/javax/ws/rs/jsr311-api/1.1.1/jsr311-api-1.1.1.jar:/home/user/.m2/repository/com/sun/jersey/jersey-server/1.19/jersey-server-1.19.jar:/home/user/.m2/repository/javax/servlet/javax.servlet-api/3.1.0/javax.servlet-api-3.1.0.jar:/home/user/.m2/repository/org/eclipse/jetty/jetty-server/9.3.25.v20180904/jetty-server-9.3.25.v20180904.jar:/home/user/.m2/repository/org/eclipse/jetty/jetty-http/9.3.25.v20180904/jetty-http-9.3.25.v20180904.jar:/home/user/.m2/repository/org/eclipse/jetty/jetty-io/9.3.25.v20180904/jetty-io-9.3.25.v20180904.jar:/home/user/.m2/repository/org/eclipse/jetty/jetty-webapp/9.3.25.v20180904/jetty-webapp-9.3.25.v20180904.jar:/home/user/.m2/repository/org/eclipse/jetty/jetty-xml/9.3.25.v20180904/jetty-xml-9.3.25.v20180904.jar:/home/user/.m2/repository/log4j/log4j/1.2.17/log4j-1.2.17.jar:/home/user/.m2/repository/org/slf4j/slf4j-api/1.7.25/slf4j-api-1.7.25.jar:/home/user/.m2/repository/org/slf4j/jul-to-slf4j/1.7.25/jul-to-slf4j-1.7.25.jar:/home/user/.m2/repository/org/eclipse/jetty/jetty-util/9.3.25.v20180904/jetty-util-9.3.25.v20180904.jar:/home/user/.m2/repository/com/fasterxml/jackson/core/jackson-databind/2.9.9/jackson-databind-2.9.9.jar:/home/user/.m2/repository/org/apache/hadoop/hadoop-kms/3.2.0/hadoop-kms-3.2.0-tests.jar:/home/user/.m2/repository/org/apache/hadoop/hadoop-hdds-server-scm/0.5.0-SNAPSHOT/hadoop-hdds-server-scm-0.5.0-SNAPSHOT-tests.jar:/home/user/.m2/repository/org/apache/hadoop/hadoop-hdds-container-service/0.5.0-SNAPSHOT/hadoop-hdds-container-service-0.5.0-SNAPSHOT-tests.jar:/home/user/.m2/repository/org/yaml/snakeyaml/1.16/snakeyaml-1.16.jar:/home/user/.m2/repository/org/apache/hadoop/hadoop-common/3.2.0/hadoop-common-3.2.0-tests.jar:/home/user/.m2/repository/org/apache/hadoop/hadoop-annotations/3.2.0/hadoop-annotations-3.2.0.jar:/usr/lib/jvm/java-1.8-openjdk/jre/../lib/tools.jar:/home/user/.m2/repository/commons-cli/commons-cli/1.2/commons-cli-1.2.jar:/home/user/.m2/repository/org/apache/httpcomponents/httpclient/4.5.2/httpclient-4.5.2.jar:/home/user/.m2/repository/org/apache/httpcomponents/httpcore/4.4.4/httpcore-4.4.4.jar:/home/user/.m2/repository/commons-codec/commons-codec/1.11/commons-codec-1.11.jar:/home/user/.m2/repository/commons-net/commons-net/3.6/commons-net-3.6.jar:/home/user/.m2/repository/commons-collections/commons-collections/3.2.2/commons-collections-3.2.2.jar:/home/user/.m2/repository/org/eclipse/jetty/jetty-servlet/9.3.25.v20180904/jetty-servlet-9.3.25.v20180904.jar:/home/user/.m2/repository/org/eclipse/jetty/jetty-security/9.3.25.v20180904/jetty-security-9.3.25.v20180904.jar:/home/user/.m2/repository/javax/servlet/jsp/jsp-api/2.1/jsp-api-2.1.jar:/home/user/.m2/repository/com/sun/jersey/jersey-servlet/1.19/jersey-servlet-1.19.jar:/home/user/.m2/repository/com/sun/jersey/jersey-json/1.19/jersey-json-1.19.jar:/home/user/.m2/repository/org/codehaus/jettison/jettison/1.1/jettison-1.1.jar:/home/user/.m2/repository/org/codehaus/jackson/jackson-core-asl/1.9.13/jackson-core-asl-1.9.13.jar:/home/user/.m2/repository/org/codehaus/jackson/jackson-mapper-asl/1.9.13/jackson-mapper-asl-1.9.13.jar:/home/user/.m2/repository/org/codehaus/jackson/jackson-jaxrs/1.9.13/jackson-jaxrs-1.9.13.jar:/home/user/.m2/repository/org/codehaus/jackson/jackson-xc/1.9.13/jackson-xc-1.9.13.jar:/home/user/.m2/repository/commons-logging/commons-logging/1.1.3/commons-logging-1.1.3.jar:/home/user/.m2/repository/commons-beanutils/commons-beanutils/1.9.4/commons-beanutils-1.9.4.jar:/home/user/.m2/repository/org/apache/commons/commons-configuration2/2.1.1/commons-configuration2-2.1.1.jar:/home/user/.m2/repository/org/apache/commons/commons-lang3/3.7/commons-lang3-3.7.jar:/home/user/.m2/repository/org/apache/commons/commons-text/1.4/commons-text-1.4.jar:/home/user/.m2/repository/org/apache/avro/avro/1.7.7/avro-1.7.7.jar:/home/user/.m2/repository/com/thoughtworks/paranamer/paranamer/2.3/paranamer-2.3.jar:/home/user/.m2/repository/org/xerial/snappy/snappy-java/1.0.5/snappy-java-1.0.5.jar:/home/user/.m2/repository/com/google/re2j/re2j/1.1/re2j-1.1.jar:/home/user/.m2/repository/com/google/code/gson/gson/2.2.4/gson-2.2.4.jar:/home/user/.m2/repository/com/jcraft/jsch/0.1.54/jsch-0.1.54.jar:/home/user/.m2/repository/org/apache/curator/curator-client/2.12.0/curator-client-2.12.0.jar:/home/user/.m2/repository/org/apache/curator/curator-recipes/2.12.0/curator-recipes-2.12.0.jar:/home/user/.m2/repository/com/google/code/findbugs/jsr305/3.0.0/jsr305-3.0.0.jar:/home/user/.m2/repository/org/apache/htrace/htrace-core4/4.1.0-incubating/htrace-core4-4.1.0-incubating.jar:/home/user/.m2/repository/org/apache/zookeeper/zookeeper/3.4.13/zookeeper-3.4.13.jar:/home/user/.m2/repository/jline/jline/0.9.94/jline-0.9.94.jar:/home/user/.m2/repository/org/apache/yetus/audience-annotations/0.5.0/audience-annotations-0.5.0.jar:/home/user/.m2/repository/org/codehaus/woodstox/stax2-api/3.1.4/stax2-api-3.1.4.jar:/home/user/.m2/repository/com/fasterxml/woodstox/woodstox-core/5.0.3/woodstox-core-5.0.3.jar:/home/user/.m2/repository/dnsjava/dnsjava/2.1.7/dnsjava-2.1.7.jar:/home/user/.m2/repository/org/apache/hadoop/hadoop-hdfs/3.2.0/hadoop-hdfs-3.2.0-tests.jar:/home/user/.m2/repository/org/eclipse/jetty/jetty-util-ajax/9.3.25.v20180904/jetty-util-ajax-9.3.25.v20180904.jar:/home/user/.m2/repository/commons-daemon/commons-daemon/1.0.13/commons-daemon-1.0.13.jar:/home/user/.m2/repository/io/netty/netty/3.10.5.Final/netty-3.10.5.Final.jar:/home/user/.m2/repository/io/netty/netty-all/4.0.52.Final/netty-all-4.0.52.Final.jar:/home/user/.m2/repository/org/fusesource/leveldbjni/leveldbjni-all/1.8/leveldbjni-all-1.8.jar:"/>
    <property name="java.vm.vendor" value="IcedTea"/>
    <property name="sun.arch.data.model" value="64"/>
    <property name="test.build.dir" value="/workdir/hadoop-ozone/integration-test/target/test-dir"/>
    <property name="test.cache.data" value=""/>
    <property name="java.vendor.url" value="https://icedtea.classpath.org"/>
    <property name="user.timezone" value=""/>
    <property name="java.vm.specification.version" value="1.8"/>
    <property name="os.name" value="Linux"/>
    <property name="test.build.data" value="/workdir/hadoop-ozone/integration-test/target/test-dir"/>
    <property name="user.country" value="US"/>
    <property name="sun.java.launcher" value="SUN_STANDARD"/>
    <property name="sun.boot.library.path" value="/usr/lib/jvm/java-1.8-openjdk/jre/lib/amd64"/>
    <property name="sun.java.command" value="/workdir/hadoop-ozone/integration-test/target/surefire/surefirebooter7527885779831726106.jar /workdir/hadoop-ozone/integration-test/target/surefire 2019-10-11T09-03-51_811-jvmRun1 surefire6540691679288467790tmp surefire_65185569191588323186tmp"/>
    <property name="test" value="!TestMiniChaosOzoneCluster"/>
    <property name="surefire.test.class.path" value="/workdir/hadoop-ozone/integration-test/target/test-classes:/workdir/hadoop-ozone/integration-test/target/classes:/home/user/.m2/repository/org/apache/hadoop/hadoop-ozone-common/0.5.0-SNAPSHOT/hadoop-ozone-common-0.5.0-SNAPSHOT.jar:/home/user/.m2/repository/org/apache/commons/commons-compress/1.4.1/commons-compress-1.4.1.jar:/home/user/.m2/repository/org/tukaani/xz/1.0/xz-1.0.jar:/home/user/.m2/repository/org/apache/hadoop/hadoop-common/3.2.0/hadoop-common-3.2.0.jar:/home/user/.m2/repository/org/apache/hadoop/hadoop-hdfs/3.2.0/hadoop-hdfs-3.2.0.jar:/home/user/.m2/repository/org/apache/hadoop/hadoop-hdfs-client/3.2.0/hadoop-hdfs-client-3.2.0.jar:/home/user/.m2/repository/com/fasterxml/jackson/core/jackson-annotations/2.9.9/jackson-annotations-2.9.9.jar:/home/user/.m2/repository/org/apache/hadoop/hadoop-hdds-common/0.5.0-SNAPSHOT/hadoop-hdds-common-0.5.0-SNAPSHOT.jar:/home/user/.m2/repository/javax/annotation/javax.annotation-api/1.2/javax.annotation-api-1.2.jar:/home/user/.m2/repository/org/apache/ratis/ratis-server/0.4.0/ratis-server-0.4.0.jar:/home/user/.m2/repository/org/apache/ratis/ratis-thirdparty-misc/0.2.0/ratis-thirdparty-misc-0.2.0.jar:/home/user/.m2/repository/org/apache/ratis/ratis-proto/0.4.0/ratis-proto-0.4.0.jar:/home/user/.m2/repository/org/apache/ratis/ratis-common/0.4.0/ratis-common-0.4.0.jar:/home/user/.m2/repository/org/apache/ratis/ratis-client/0.4.0/ratis-client-0.4.0.jar:/home/user/.m2/repository/org/apache/ratis/ratis-metrics/0.4.0/ratis-metrics-0.4.0.jar:/home/user/.m2/repository/com/github/joshelser/dropwizard-metrics-hadoop-metrics2-reporter/0.1.2/dropwizard-metrics-hadoop-metrics2-reporter-0.1.2.jar:/home/user/.m2/repository/io/dropwizard/metrics/metrics-jvm/3.2.5/metrics-jvm-3.2.5.jar:/home/user/.m2/repository/io/dropwizard/metrics/metrics-ganglia/3.2.5/metrics-ganglia-3.2.5.jar:/home/user/.m2/repository/info/ganglia/gmetric4j/gmetric4j/1.0.7/gmetric4j-1.0.7.jar:/home/user/.m2/repository/org/apache/ratis/ratis-netty/0.4.0/ratis-netty-0.4.0.jar:/home/user/.m2/repository/org/apache/ratis/ratis-grpc/0.4.0/ratis-grpc-0.4.0.jar:/home/user/.m2/repository/org/rocksdb/rocksdbjni/6.0.1/rocksdbjni-6.0.1.jar:/home/user/.m2/repository/org/apache/logging/log4j/log4j-api/2.11.0/log4j-api-2.11.0.jar:/home/user/.m2/repository/org/apache/logging/log4j/log4j-core/2.11.0/log4j-core-2.11.0.jar:/home/user/.m2/repository/com/lmax/disruptor/3.4.2/disruptor-3.4.2.jar:/home/user/.m2/repository/org/apache/commons/commons-pool2/2.6.0/commons-pool2-2.6.0.jar:/home/user/.m2/repository/org/bouncycastle/bcpkix-jdk15on/1.60/bcpkix-jdk15on-1.60.jar:/home/user/.m2/repository/commons-validator/commons-validator/1.6/commons-validator-1.6.jar:/home/user/.m2/repository/commons-digester/commons-digester/1.8.1/commons-digester-1.8.1.jar:/home/user/.m2/repository/io/jaegertracing/jaeger-client/0.34.0/jaeger-client-0.34.0.jar:/home/user/.m2/repository/io/jaegertracing/jaeger-thrift/0.34.0/jaeger-thrift-0.34.0.jar:/home/user/.m2/repository/org/apache/thrift/libthrift/0.12.0/libthrift-0.12.0.jar:/home/user/.m2/repository/com/squareup/okhttp3/okhttp/3.9.0/okhttp-3.9.0.jar:/home/user/.m2/repository/com/squareup/okio/okio/1.13.0/okio-1.13.0.jar:/home/user/.m2/repository/io/jaegertracing/jaeger-core/0.34.0/jaeger-core-0.34.0.jar:/home/user/.m2/repository/io/jaegertracing/jaeger-tracerresolver/0.34.0/jaeger-tracerresolver-0.34.0.jar:/home/user/.m2/repository/io/opentracing/contrib/opentracing-tracerresolver/0.1.5/opentracing-tracerresolver-0.1.5.jar:/home/user/.m2/repository/io/opentracing/opentracing-util/0.31.0/opentracing-util-0.31.0.jar:/home/user/.m2/repository/io/opentracing/opentracing-api/0.31.0/opentracing-api-0.31.0.jar:/home/user/.m2/repository/io/opentracing/opentracing-noop/0.31.0/opentracing-noop-0.31.0.jar:/home/user/.m2/repository/org/apache/hadoop/hadoop-hdds-server-framework/0.5.0-SNAPSHOT/hadoop-hdds-server-framework-0.5.0-SNAPSHOT.jar:/home/user/.m2/repository/org/apache/hadoop/hadoop-hdds-container-service/0.5.0-SNAPSHOT/hadoop-hdds-container-service-0.5.0-SNAPSHOT.jar:/home/user/.m2/repository/org/apache/hadoop/hadoop-hdds-client/0.5.0-SNAPSHOT/hadoop-hdds-client-0.5.0-SNAPSHOT.jar:/home/user/.m2/repository/org/apache/hadoop/hadoop-hdds-tools/0.5.0-SNAPSHOT/hadoop-hdds-tools-0.5.0-SNAPSHOT.jar:/home/user/.m2/repository/org/apache/hadoop/hadoop-hdds-server-scm/0.5.0-SNAPSHOT/hadoop-hdds-server-scm-0.5.0-SNAPSHOT.jar:/home/user/.m2/repository/org/apache/hadoop/hadoop-hdds-docs/0.5.0-SNAPSHOT/hadoop-hdds-docs-0.5.0-SNAPSHOT.jar:/home/user/.m2/repository/io/dropwizard/metrics/metrics-core/3.2.4/metrics-core-3.2.4.jar:/home/user/.m2/repository/org/hamcrest/hamcrest-all/1.3/hamcrest-all-1.3.jar:/home/user/.m2/repository/org/bouncycastle/bcprov-jdk15on/1.60/bcprov-jdk15on-1.60.jar:/home/user/.m2/repository/info/picocli/picocli/3.9.6/picocli-3.9.6.jar:/home/user/.m2/repository/com/google/protobuf/protobuf-java/2.5.0/protobuf-java-2.5.0.jar:/home/user/.m2/repository/com/google/guava/guava/11.0.2/guava-11.0.2.jar:/home/user/.m2/repository/org/apache/hadoop/hadoop-ozone-ozone-manager/0.5.0-SNAPSHOT/hadoop-ozone-ozone-manager-0.5.0-SNAPSHOT.jar:/home/user/.m2/repository/org/apache/hadoop/hadoop-minikdc/3.2.0/hadoop-minikdc-3.2.0.jar:/home/user/.m2/repository/commons-io/commons-io/2.5/commons-io-2.5.jar:/home/user/.m2/repository/org/apache/kerby/kerb-simplekdc/1.0.1/kerb-simplekdc-1.0.1.jar:/home/user/.m2/repository/org/apache/kerby/kerb-client/1.0.1/kerb-client-1.0.1.jar:/home/user/.m2/repository/org/apache/kerby/kerby-config/1.0.1/kerby-config-1.0.1.jar:/home/user/.m2/repository/org/apache/kerby/kerb-core/1.0.1/kerb-core-1.0.1.jar:/home/user/.m2/repository/org/apache/kerby/kerby-pkix/1.0.1/kerby-pkix-1.0.1.jar:/home/user/.m2/repository/org/apache/kerby/kerby-asn1/1.0.1/kerby-asn1-1.0.1.jar:/home/user/.m2/repository/org/apache/kerby/kerby-util/1.0.1/kerby-util-1.0.1.jar:/home/user/.m2/repository/org/apache/kerby/kerb-common/1.0.1/kerb-common-1.0.1.jar:/home/user/.m2/repository/org/apache/kerby/kerb-crypto/1.0.1/kerb-crypto-1.0.1.jar:/home/user/.m2/repository/org/apache/kerby/kerb-util/1.0.1/kerb-util-1.0.1.jar:/home/user/.m2/repository/org/apache/kerby/token-provider/1.0.1/token-provider-1.0.1.jar:/home/user/.m2/repository/org/apache/kerby/kerb-admin/1.0.1/kerb-admin-1.0.1.jar:/home/user/.m2/repository/org/apache/kerby/kerb-server/1.0.1/kerb-server-1.0.1.jar:/home/user/.m2/repository/org/apache/kerby/kerb-identity/1.0.1/kerb-identity-1.0.1.jar:/home/user/.m2/repository/org/apache/kerby/kerby-xdr/1.0.1/kerby-xdr-1.0.1.jar:/home/user/.m2/repository/org/slf4j/slf4j-log4j12/1.7.25/slf4j-log4j12-1.7.25.jar:/home/user/.m2/repository/org/apache/hadoop/hadoop-ozone-s3gateway/0.5.0-SNAPSHOT/hadoop-ozone-s3gateway-0.5.0-SNAPSHOT.jar:/home/user/.m2/repository/org/jboss/weld/servlet/weld-servlet/2.4.7.Final/weld-servlet-2.4.7.Final.jar:/home/user/.m2/repository/org/glassfish/jersey/containers/jersey-container-servlet-core/2.27/jersey-container-servlet-core-2.27.jar:/home/user/.m2/repository/org/glassfish/hk2/external/javax.inject/2.5.0-b42/javax.inject-2.5.0-b42.jar:/home/user/.m2/repository/org/glassfish/jersey/core/jersey-common/2.27/jersey-common-2.27.jar:/home/user/.m2/repository/org/glassfish/hk2/osgi-resource-locator/1.0.1/osgi-resource-locator-1.0.1.jar:/home/user/.m2/repository/javax/ws/rs/javax.ws.rs-api/2.1/javax.ws.rs-api-2.1.jar:/home/user/.m2/repository/org/glassfish/jersey/ext/cdi/jersey-cdi1x/2.27/jersey-cdi1x-2.27.jar:/home/user/.m2/repository/org/glassfish/jersey/inject/jersey-hk2/2.27/jersey-hk2-2.27.jar:/home/user/.m2/repository/org/glassfish/hk2/hk2-locator/2.5.0-b42/hk2-locator-2.5.0-b42.jar:/home/user/.m2/repository/org/javassist/javassist/3.22.0-CR2/javassist-3.22.0-CR2.jar:/home/user/.m2/repository/org/glassfish/hk2/hk2-api/2.5.0/hk2-api-2.5.0.jar:/home/user/.m2/repository/org/glassfish/hk2/external/jakarta.inject/2.5.0/jakarta.inject-2.5.0.jar:/home/user/.m2/repository/org/glassfish/hk2/hk2-utils/2.5.0/hk2-utils-2.5.0.jar:/home/user/.m2/repository/jakarta/annotation/jakarta.annotation-api/1.3.4/jakarta.annotation-api-1.3.4.jar:/home/user/.m2/repository/org/glassfish/hk2/external/aopalliance-repackaged/2.5.0/aopalliance-repackaged-2.5.0.jar:/home/user/.m2/repository/com/fasterxml/jackson/dataformat/jackson-dataformat-xml/2.9.0/jackson-dataformat-xml-2.9.0.jar:/home/user/.m2/repository/com/fasterxml/jackson/core/jackson-core/2.9.9/jackson-core-2.9.9.jar:/home/user/.m2/repository/com/fasterxml/jackson/module/jackson-module-jaxb-annotations/2.9.9/jackson-module-jaxb-annotations-2.9.9.jar:/home/user/.m2/repository/javax/enterprise/cdi-api/1.2/cdi-api-1.2.jar:/home/user/.m2/repository/javax/el/javax.el-api/3.0.0/javax.el-api-3.0.0.jar:/home/user/.m2/repository/javax/interceptor/javax.interceptor-api/1.2/javax.interceptor-api-1.2.jar:/home/user/.m2/repository/javax/inject/javax.inject/1/javax.inject-1.jar:/home/user/.m2/repository/com/sun/xml/bind/jaxb-impl/2.3.0.1/jaxb-impl-2.3.0.1.jar:/home/user/.m2/repository/com/sun/xml/bind/jaxb-core/2.3.0.1/jaxb-core-2.3.0.1.jar:/home/user/.m2/repository/javax/xml/bind/jaxb-api/2.3.0/jaxb-api-2.3.0.jar:/home/user/.m2/repository/javax/activation/activation/1.1.1/activation-1.1.1.jar:/home/user/.m2/repository/org/apache/hadoop/hadoop-ozone-csi/0.5.0-SNAPSHOT/hadoop-ozone-csi-0.5.0-SNAPSHOT.jar:/home/user/.m2/repository/com/google/protobuf/protobuf-java-util/3.5.1/protobuf-java-util-3.5.1.jar:/home/user/.m2/repository/org/apache/hadoop/hadoop-hdds-config/0.5.0-SNAPSHOT/hadoop-hdds-config-0.5.0-SNAPSHOT.jar:/home/user/.m2/repository/io/grpc/grpc-netty/1.17.1/grpc-netty-1.17.1.jar:/home/user/.m2/repository/io/grpc/grpc-core/1.17.1/grpc-core-1.17.1.jar:/home/user/.m2/repository/io/grpc/grpc-context/1.17.1/grpc-context-1.17.1.jar:/home/user/.m2/repository/com/google/errorprone/error_prone_annotations/2.2.0/error_prone_annotations-2.2.0.jar:/home/user/.m2/repository/org/codehaus/mojo/animal-sniffer-annotations/1.17/animal-sniffer-annotations-1.17.jar:/home/user/.m2/repository/io/opencensus/opencensus-api/0.17.0/opencensus-api-0.17.0.jar:/home/user/.m2/repository/io/opencensus/opencensus-contrib-grpc-metrics/0.17.0/opencensus-contrib-grpc-metrics-0.17.0.jar:/home/user/.m2/repository/io/netty/netty-codec-http2/4.1.30.Final/netty-codec-http2-4.1.30.Final.jar:/home/user/.m2/repository/io/netty/netty-codec-http/4.1.30.Final/netty-codec-http-4.1.30.Final.jar:/home/user/.m2/repository/io/netty/netty-codec/4.1.30.Final/netty-codec-4.1.30.Final.jar:/home/user/.m2/repository/io/netty/netty-handler/4.1.30.Final/netty-handler-4.1.30.Final.jar:/home/user/.m2/repository/io/netty/netty-handler-proxy/4.1.30.Final/netty-handler-proxy-4.1.30.Final.jar:/home/user/.m2/repository/io/netty/netty-codec-socks/4.1.30.Final/netty-codec-socks-4.1.30.Final.jar:/home/user/.m2/repository/io/netty/netty-transport-native-epoll/4.1.30.Final/netty-transport-native-epoll-4.1.30.Final.jar:/home/user/.m2/repository/io/netty/netty-common/4.1.30.Final/netty-common-4.1.30.Final.jar:/home/user/.m2/repository/io/netty/netty-buffer/4.1.30.Final/netty-buffer-4.1.30.Final.jar:/home/user/.m2/repository/io/netty/netty-transport/4.1.30.Final/netty-transport-4.1.30.Final.jar:/home/user/.m2/repository/io/netty/netty-resolver/4.1.30.Final/netty-resolver-4.1.30.Final.jar:/home/user/.m2/repository/io/netty/netty-transport-native-unix-common/4.1.30.Final/netty-transport-native-unix-common-4.1.30.Final.jar:/home/user/.m2/repository/io/grpc/grpc-protobuf/1.17.1/grpc-protobuf-1.17.1.jar:/home/user/.m2/repository/com/google/api/grpc/proto-google-common-protos/1.0.0/proto-google-common-protos-1.0.0.jar:/home/user/.m2/repository/io/grpc/grpc-protobuf-lite/1.17.1/grpc-protobuf-lite-1.17.1.jar:/home/user/.m2/repository/io/grpc/grpc-stub/1.17.1/grpc-stub-1.17.1.jar:/home/user/.m2/repository/org/apache/hadoop/hadoop-ozone-recon/0.5.0-SNAPSHOT/hadoop-ozone-recon-0.5.0-SNAPSHOT.jar:/home/user/.m2/repository/org/apache/hadoop/hadoop-ozone-reconcodegen/0.5.0-SNAPSHOT/hadoop-ozone-reconcodegen-0.5.0-SNAPSHOT.jar:/home/user/.m2/repository/com/google/inject/extensions/guice-multibindings/4.0/guice-multibindings-4.0.jar:/home/user/.m2/repository/com/google/inject/guice/4.0/guice-4.0.jar:/home/user/.m2/repository/aopalliance/aopalliance/1.0/aopalliance-1.0.jar:/home/user/.m2/repository/com/google/inject/extensions/guice-servlet/4.0/guice-servlet-4.0.jar:/home/user/.m2/repository/org/glassfish/jersey/containers/jersey-container-servlet/2.27/jersey-container-servlet-2.27.jar:/home/user/.m2/repository/org/glassfish/hk2/guice-bridge/2.5.0/guice-bridge-2.5.0.jar:/home/user/.m2/repository/org/glassfish/jersey/core/jersey-server/2.27/jersey-server-2.27.jar:/home/user/.m2/repository/org/glassfish/jersey/core/jersey-client/2.27/jersey-client-2.27.jar:/home/user/.m2/repository/org/glassfish/jersey/media/jersey-media-jaxb/2.27/jersey-media-jaxb-2.27.jar:/home/user/.m2/repository/javax/validation/validation-api/1.1.0.Final/validation-api-1.1.0.Final.jar:/home/user/.m2/repository/org/glassfish/jersey/media/jersey-media-json-jackson/2.27/jersey-media-json-jackson-2.27.jar:/home/user/.m2/repository/org/glassfish/jersey/ext/jersey-entity-filtering/2.27/jersey-entity-filtering-2.27.jar:/home/user/.m2/repository/com/google/inject/extensions/guice-assistedinject/4.0/guice-assistedinject-4.0.jar:/home/user/.m2/repository/org/jooq/jooq/3.11.10/jooq-3.11.10.jar:/home/user/.m2/repository/org/jooq/jooq-meta/3.11.10/jooq-meta-3.11.10.jar:/home/user/.m2/repository/org/jooq/jooq-codegen/3.11.10/jooq-codegen-3.11.10.jar:/home/user/.m2/repository/com/jolbox/bonecp/0.8.0.RELEASE/bonecp-0.8.0.RELEASE.jar:/home/user/.m2/repository/org/xerial/sqlite-jdbc/3.25.2/sqlite-jdbc-3.25.2.jar:/home/user/.m2/repository/org/springframework/spring-jdbc/5.1.3.RELEASE/spring-jdbc-5.1.3.RELEASE.jar:/home/user/.m2/repository/org/springframework/spring-beans/5.1.3.RELEASE/spring-beans-5.1.3.RELEASE.jar:/home/user/.m2/repository/org/springframework/spring-core/5.1.3.RELEASE/spring-core-5.1.3.RELEASE.jar:/home/user/.m2/repository/org/springframework/spring-jcl/5.1.3.RELEASE/spring-jcl-5.1.3.RELEASE.jar:/home/user/.m2/repository/org/springframework/spring-tx/5.1.3.RELEASE/spring-tx-5.1.3.RELEASE.jar:/home/user/.m2/repository/org/apache/hadoop/hadoop-ozone-client/0.5.0-SNAPSHOT/hadoop-ozone-client-0.5.0-SNAPSHOT.jar:/home/user/.m2/repository/commons-lang/commons-lang/2.6/commons-lang-2.6.jar:/home/user/.m2/repository/org/apache/hadoop/hadoop-ozone-ozone-manager/0.5.0-SNAPSHOT/hadoop-ozone-ozone-manager-0.5.0-SNAPSHOT-tests.jar:/home/user/.m2/repository/junit/junit/4.11/junit-4.11.jar:/home/user/.m2/repository/org/hamcrest/hamcrest-core/1.3/hamcrest-core-1.3.jar:/home/user/.m2/repository/org/openjdk/jmh/jmh-core/1.19/jmh-core-1.19.jar:/home/user/.m2/repository/net/sf/jopt-simple/jopt-simple/4.6/jopt-simple-4.6.jar:/home/user/.m2/repository/org/apache/commons/commons-math3/3.1.1/commons-math3-3.1.1.jar:/home/user/.m2/repository/org/openjdk/jmh/jmh-generator-annprocess/1.19/jmh-generator-annprocess-1.19.jar:/home/user/.m2/repository/org/mockito/mockito-all/1.8.5/mockito-all-1.8.5.jar:/home/user/.m2/repository/org/apache/hadoop/hadoop-kms/3.2.0/hadoop-kms-3.2.0.jar:/home/user/.m2/repository/org/apache/hadoop/hadoop-auth/3.2.0/hadoop-auth-3.2.0.jar:/home/user/.m2/repository/com/nimbusds/nimbus-jose-jwt/4.41.1/nimbus-jose-jwt-4.41.1.jar:/home/user/.m2/repository/com/github/stephenc/jcip/jcip-annotations/1.0-1/jcip-annotations-1.0-1.jar:/home/user/.m2/repository/net/minidev/json-smart/2.3/json-smart-2.3.jar:/home/user/.m2/repository/net/minidev/accessors-smart/1.2/accessors-smart-1.2.jar:/home/user/.m2/repository/org/ow2/asm/asm/5.0.4/asm-5.0.4.jar:/home/user/.m2/repository/org/apache/curator/curator-framework/2.12.0/curator-framework-2.12.0.jar:/home/user/.m2/repository/com/sun/jersey/jersey-core/1.19/jersey-core-1.19.jar:/home/user/.m2/repository/javax/ws/rs/jsr311-api/1.1.1/jsr311-api-1.1.1.jar:/home/user/.m2/repository/com/sun/jersey/jersey-server/1.19/jersey-server-1.19.jar:/home/user/.m2/repository/javax/servlet/javax.servlet-api/3.1.0/javax.servlet-api-3.1.0.jar:/home/user/.m2/repository/org/eclipse/jetty/jetty-server/9.3.25.v20180904/jetty-server-9.3.25.v20180904.jar:/home/user/.m2/repository/org/eclipse/jetty/jetty-http/9.3.25.v20180904/jetty-http-9.3.25.v20180904.jar:/home/user/.m2/repository/org/eclipse/jetty/jetty-io/9.3.25.v20180904/jetty-io-9.3.25.v20180904.jar:/home/user/.m2/repository/org/eclipse/jetty/jetty-webapp/9.3.25.v20180904/jetty-webapp-9.3.25.v20180904.jar:/home/user/.m2/repository/org/eclipse/jetty/jetty-xml/9.3.25.v20180904/jetty-xml-9.3.25.v20180904.jar:/home/user/.m2/repository/log4j/log4j/1.2.17/log4j-1.2.17.jar:/home/user/.m2/repository/org/slf4j/slf4j-api/1.7.25/slf4j-api-1.7.25.jar:/home/user/.m2/repository/org/slf4j/jul-to-slf4j/1.7.25/jul-to-slf4j-1.7.25.jar:/home/user/.m2/repository/org/eclipse/jetty/jetty-util/9.3.25.v20180904/jetty-util-9.3.25.v20180904.jar:/home/user/.m2/repository/com/fasterxml/jackson/core/jackson-databind/2.9.9/jackson-databind-2.9.9.jar:/home/user/.m2/repository/org/apache/hadoop/hadoop-kms/3.2.0/hadoop-kms-3.2.0-tests.jar:/home/user/.m2/repository/org/apache/hadoop/hadoop-hdds-server-scm/0.5.0-SNAPSHOT/hadoop-hdds-server-scm-0.5.0-SNAPSHOT-tests.jar:/home/user/.m2/repository/org/apache/hadoop/hadoop-hdds-container-service/0.5.0-SNAPSHOT/hadoop-hdds-container-service-0.5.0-SNAPSHOT-tests.jar:/home/user/.m2/repository/org/yaml/snakeyaml/1.16/snakeyaml-1.16.jar:/home/user/.m2/repository/org/apache/hadoop/hadoop-common/3.2.0/hadoop-common-3.2.0-tests.jar:/home/user/.m2/repository/org/apache/hadoop/hadoop-annotations/3.2.0/hadoop-annotations-3.2.0.jar:/usr/lib/jvm/java-1.8-openjdk/jre/../lib/tools.jar:/home/user/.m2/repository/commons-cli/commons-cli/1.2/commons-cli-1.2.jar:/home/user/.m2/repository/org/apache/httpcomponents/httpclient/4.5.2/httpclient-4.5.2.jar:/home/user/.m2/repository/org/apache/httpcomponents/httpcore/4.4.4/httpcore-4.4.4.jar:/home/user/.m2/repository/commons-codec/commons-codec/1.11/commons-codec-1.11.jar:/home/user/.m2/repository/commons-net/commons-net/3.6/commons-net-3.6.jar:/home/user/.m2/repository/commons-collections/commons-collections/3.2.2/commons-collections-3.2.2.jar:/home/user/.m2/repository/org/eclipse/jetty/jetty-servlet/9.3.25.v20180904/jetty-servlet-9.3.25.v20180904.jar:/home/user/.m2/repository/org/eclipse/jetty/jetty-security/9.3.25.v20180904/jetty-security-9.3.25.v20180904.jar:/home/user/.m2/repository/javax/servlet/jsp/jsp-api/2.1/jsp-api-2.1.jar:/home/user/.m2/repository/com/sun/jersey/jersey-servlet/1.19/jersey-servlet-1.19.jar:/home/user/.m2/repository/com/sun/jersey/jersey-json/1.19/jersey-json-1.19.jar:/home/user/.m2/repository/org/codehaus/jettison/jettison/1.1/jettison-1.1.jar:/home/user/.m2/repository/org/codehaus/jackson/jackson-core-asl/1.9.13/jackson-core-asl-1.9.13.jar:/home/user/.m2/repository/org/codehaus/jackson/jackson-mapper-asl/1.9.13/jackson-mapper-asl-1.9.13.jar:/home/user/.m2/repository/org/codehaus/jackson/jackson-jaxrs/1.9.13/jackson-jaxrs-1.9.13.jar:/home/user/.m2/repository/org/codehaus/jackson/jackson-xc/1.9.13/jackson-xc-1.9.13.jar:/home/user/.m2/repository/commons-logging/commons-logging/1.1.3/commons-logging-1.1.3.jar:/home/user/.m2/repository/commons-beanutils/commons-beanutils/1.9.4/commons-beanutils-1.9.4.jar:/home/user/.m2/repository/org/apache/commons/commons-configuration2/2.1.1/commons-configuration2-2.1.1.jar:/home/user/.m2/repository/org/apache/commons/commons-lang3/3.7/commons-lang3-3.7.jar:/home/user/.m2/repository/org/apache/commons/commons-text/1.4/commons-text-1.4.jar:/home/user/.m2/repository/org/apache/avro/avro/1.7.7/avro-1.7.7.jar:/home/user/.m2/repository/com/thoughtworks/paranamer/paranamer/2.3/paranamer-2.3.jar:/home/user/.m2/repository/org/xerial/snappy/snappy-java/1.0.5/snappy-java-1.0.5.jar:/home/user/.m2/repository/com/google/re2j/re2j/1.1/re2j-1.1.jar:/home/user/.m2/repository/com/google/code/gson/gson/2.2.4/gson-2.2.4.jar:/home/user/.m2/repository/com/jcraft/jsch/0.1.54/jsch-0.1.54.jar:/home/user/.m2/repository/org/apache/curator/curator-client/2.12.0/curator-client-2.12.0.jar:/home/user/.m2/repository/org/apache/curator/curator-recipes/2.12.0/curator-recipes-2.12.0.jar:/home/user/.m2/repository/com/google/code/findbugs/jsr305/3.0.0/jsr305-3.0.0.jar:/home/user/.m2/repository/org/apache/htrace/htrace-core4/4.1.0-incubating/htrace-core4-4.1.0-incubating.jar:/home/user/.m2/repository/org/apache/zookeeper/zookeeper/3.4.13/zookeeper-3.4.13.jar:/home/user/.m2/repository/jline/jline/0.9.94/jline-0.9.94.jar:/home/user/.m2/repository/org/apache/yetus/audience-annotations/0.5.0/audience-annotations-0.5.0.jar:/home/user/.m2/repository/org/codehaus/woodstox/stax2-api/3.1.4/stax2-api-3.1.4.jar:/home/user/.m2/repository/com/fasterxml/woodstox/woodstox-core/5.0.3/woodstox-core-5.0.3.jar:/home/user/.m2/repository/dnsjava/dnsjava/2.1.7/dnsjava-2.1.7.jar:/home/user/.m2/repository/org/apache/hadoop/hadoop-hdfs/3.2.0/hadoop-hdfs-3.2.0-tests.jar:/home/user/.m2/repository/org/eclipse/jetty/jetty-util-ajax/9.3.25.v20180904/jetty-util-ajax-9.3.25.v20180904.jar:/home/user/.m2/repository/commons-daemon/commons-daemon/1.0.13/commons-daemon-1.0.13.jar:/home/user/.m2/repository/io/netty/netty/3.10.5.Final/netty-3.10.5.Final.jar:/home/user/.m2/repository/io/netty/netty-all/4.0.52.Final/netty-all-4.0.52.Final.jar:/home/user/.m2/repository/org/fusesource/leveldbjni/leveldbjni-all/1.8/leveldbjni-all-1.8.jar:"/>
    <property name="sun.cpu.endian" value="little"/>
    <property name="user.home" value="/home/user"/>
    <property name="user.language" value="en"/>
    <property name="java.specification.vendor" value="Oracle Corporation"/>
    <property name="java.home" value="/usr/lib/jvm/java-1.8-openjdk/jre"/>
    <property name="java.security.krb5.conf" value="/workdir/hadoop-ozone/integration-test/target/test-classes/krb5.conf"/>
    <property name="basedir" value="/workdir/hadoop-ozone/integration-test"/>
    <property name="file.separator" value="/"/>
    <property name="line.separator" value="&#10;"/>
    <property name="java.vm.specification.vendor" value="Oracle Corporation"/>
    <property name="java.specification.name" value="Java Platform API Specification"/>
    <property name="java.awt.graphicsenv" value="sun.awt.X11GraphicsEnvironment"/>
    <property name="surefire.real.class.path" value="/workdir/hadoop-ozone/integration-test/target/surefire/surefirebooter7527885779831726106.jar"/>
    <property name="hadoop.log.dir" value="/workdir/hadoop-ozone/integration-test/target/log"/>
    <property name="sun.boot.class.path" value="/usr/lib/jvm/java-1.8-openjdk/jre/lib/resources.jar:/usr/lib/jvm/java-1.8-openjdk/jre/lib/rt.jar:/usr/lib/jvm/java-1.8-openjdk/jre/lib/sunrsasign.jar:/usr/lib/jvm/java-1.8-openjdk/jre/lib/jsse.jar:/usr/lib/jvm/java-1.8-openjdk/jre/lib/jce.jar:/usr/lib/jvm/java-1.8-openjdk/jre/lib/charsets.jar:/usr/lib/jvm/java-1.8-openjdk/jre/lib/jfr.jar:/usr/lib/jvm/java-1.8-openjdk/jre/classes"/>
    <property name="sun.management.compiler" value="HotSpot 64-Bit Tiered Compilers"/>
    <property name="java.runtime.version" value="1.8.0_212-b04"/>
    <property name="java.net.preferIPv4Stack" value="true"/>
    <property name="user.name" value="jenkins1000"/>
    <property name="path.separator" value=":"/>
    <property name="java.security.egd" value="file:///dev/urandom"/>
    <property name="os.version" value="3.10.0-957.12.2.el7.x86_64"/>
    <property name="java.endorsed.dirs" value="/usr/lib/jvm/java-1.8-openjdk/jre/lib/endorsed"/>
    <property name="java.runtime.name" value="OpenJDK Runtime Environment"/>
    <property name="file.encoding" value="UTF-8"/>
    <property name="java.vm.name" value="OpenJDK 64-Bit Server VM"/>
    <property name="test.build.webapps" value=""/>
    <property name="localRepository" value="/home/user/.m2/repository"/>
    <property name="java.vendor.url.bug" value="https://icedtea.classpath.org/bugzilla"/>
    <property name="java.io.tmpdir" value="/tmp"/>
    <property name="require.test.libhadoop" value=""/>
    <property name="java.version" value="1.8.0_212"/>
    <property name="user.dir" value="/workdir/hadoop-ozone/integration-test"/>
    <property name="os.arch" value="amd64"/>
    <property name="java.vm.specification.name" value="Java Virtual Machine Specification"/>
    <property name="test.build.classes" value="/workdir/hadoop-ozone/integration-test/target/test-classes"/>
    <property name="java.awt.printerjob" value="sun.print.PSPrinterJob"/>
    <property name="sun.os.patch.level" value="unknown"/>
    <property name="hadoop.tmp.dir" value="/workdir/hadoop-ozone/integration-test/target/tmp"/>
    <property name="java.library.path" value="/usr/lib/jvm/java-1.8-openjdk/jre/lib/amd64/server:/usr/lib/jvm/java-1.8-openjdk/jre/lib/amd64:/usr/lib/jvm/java-1.8-openjdk/jre/../lib/amd64:/workdir/hadoop-ozone/integration-test/target/native/target/usr/local/lib:/workdir/hadoop-ozone/integration-test/../../hadoop-common-project/hadoop-common/target/native/target/usr/local/lib:/usr/java/packages/lib/amd64:/usr/lib64:/lib64:/lib:/usr/lib"/>
    <property name="java.vm.info" value="mixed mode"/>
    <property name="java.vendor" value="IcedTea"/>
    <property name="java.vm.version" value="25.212-b04"/>
    <property name="java.ext.dirs" value="/usr/lib/jvm/java-1.8-openjdk/jre/lib/ext:/usr/java/packages/lib/ext"/>
    <property name="sun.io.unicode.encoding" value="UnicodeLittle"/>
    <property name="java.class.version" value="52.0"/>
  </properties>
  <testcase name="test2DatanodesFailure" classname="org.apache.hadoop.ozone.client.rpc.TestBlockOutputStreamWithFailures" time="47.605">
    <failure message="expected:&lt;5&gt; but was:&lt;6&gt;" type="java.lang.AssertionError"><![CDATA[java.lang.AssertionError: expected:<5> but was:<6>
	at org.junit.Assert.fail(Assert.java:88)
	at org.junit.Assert.failNotEquals(Assert.java:743)
	at org.junit.Assert.assertEquals(Assert.java:118)
	at org.junit.Assert.assertEquals(Assert.java:555)
	at org.junit.Assert.assertEquals(Assert.java:542)
	at org.apache.hadoop.ozone.client.rpc.TestBlockOutputStreamWithFailures.test2DatanodesFailure(TestBlockOutputStreamWithFailures.java:470)
	at sun.reflect.NativeMethodAccessorImpl.invoke0(Native Method)
	at sun.reflect.NativeMethodAccessorImpl.invoke(NativeMethodAccessorImpl.java:62)
	at sun.reflect.DelegatingMethodAccessorImpl.invoke(DelegatingMethodAccessorImpl.java:43)
	at java.lang.reflect.Method.invoke(Method.java:498)
	at org.junit.runners.model.FrameworkMethod$1.runReflectiveCall(FrameworkMethod.java:47)
	at org.junit.internal.runners.model.ReflectiveCallable.run(ReflectiveCallable.java:12)
	at org.junit.runners.model.FrameworkMethod.invokeExplosively(FrameworkMethod.java:44)
	at org.junit.internal.runners.statements.InvokeMethod.evaluate(InvokeMethod.java:17)
	at org.junit.internal.runners.statements.RunBefores.evaluate(RunBefores.java:26)
	at org.junit.internal.runners.statements.RunAfters.evaluate(RunAfters.java:27)
	at org.junit.runners.ParentRunner.runLeaf(ParentRunner.java:271)
	at org.junit.runners.BlockJUnit4ClassRunner.runChild(BlockJUnit4ClassRunner.java:70)
	at org.junit.runners.BlockJUnit4ClassRunner.runChild(BlockJUnit4ClassRunner.java:50)
	at org.junit.runners.ParentRunner$3.run(ParentRunner.java:238)
	at org.junit.runners.ParentRunner$1.schedule(ParentRunner.java:63)
	at org.junit.runners.ParentRunner.runChildren(ParentRunner.java:236)
	at org.junit.runners.ParentRunner.access$000(ParentRunner.java:53)
	at org.junit.runners.ParentRunner$2.evaluate(ParentRunner.java:229)
	at org.junit.runners.ParentRunner.run(ParentRunner.java:309)
	at org.apache.maven.surefire.junit4.JUnit4Provider.execute(JUnit4Provider.java:365)
	at org.apache.maven.surefire.junit4.JUnit4Provider.executeWithRerun(JUnit4Provider.java:273)
	at org.apache.maven.surefire.junit4.JUnit4Provider.executeTestSet(JUnit4Provider.java:238)
	at org.apache.maven.surefire.junit4.JUnit4Provider.invoke(JUnit4Provider.java:159)
	at org.apache.maven.surefire.booter.ForkedBooter.invokeProviderInSameClassLoader(ForkedBooter.java:384)
	at org.apache.maven.surefire.booter.ForkedBooter.runSuitesInProcess(ForkedBooter.java:345)
	at org.apache.maven.surefire.booter.ForkedBooter.execute(ForkedBooter.java:126)
	at org.apache.maven.surefire.booter.ForkedBooter.main(ForkedBooter.java:418)
]]></failure>
    <system-out><![CDATA[2019-10-11 10:08:12,650 [main] WARN  server.ServerUtils (ServerUtils.java:getScmDbDir(145)) - ozone.scm.db.dirs is not configured. We recommend adding this setting. Falling back to ozone.metadata.dirs instead.
2019-10-11 10:08:12,767 [main] WARN  server.ServerUtils (ServerUtils.java:getScmDbDir(145)) - ozone.scm.db.dirs is not configured. We recommend adding this setting. Falling back to ozone.metadata.dirs instead.
2019-10-11 10:08:12,770 [main] WARN  server.ServerUtils (ServerUtils.java:getScmDbDir(145)) - ozone.scm.db.dirs is not configured. We recommend adding this setting. Falling back to ozone.metadata.dirs instead.
2019-10-11 10:08:12,788 [main] INFO  util.log (Log.java:initialized(192)) - Logging initialized @859ms
2019-10-11 10:08:12,891 [main] INFO  db.DBStoreBuilder (DBStoreBuilder.java:addTable(110)) - using custom profile for table: deletedBlocks
2019-10-11 10:08:12,891 [main] INFO  db.DBStoreBuilder (DBStoreBuilder.java:processTables(161)) - Using default column profile:DBProfile.DISK for Table:deletedBlocks
2019-10-11 10:08:12,891 [main] INFO  db.DBStoreBuilder (DBStoreBuilder.java:addTable(110)) - using custom profile for table: validCerts
2019-10-11 10:08:12,892 [main] INFO  db.DBStoreBuilder (DBStoreBuilder.java:processTables(161)) - Using default column profile:DBProfile.DISK for Table:validCerts
2019-10-11 10:08:12,892 [main] INFO  db.DBStoreBuilder (DBStoreBuilder.java:addTable(110)) - using custom profile for table: revokedCerts
2019-10-11 10:08:12,892 [main] INFO  db.DBStoreBuilder (DBStoreBuilder.java:processTables(161)) - Using default column profile:DBProfile.DISK for Table:revokedCerts
2019-10-11 10:08:12,904 [main] INFO  db.DBStoreBuilder (DBStoreBuilder.java:addTable(110)) - using custom profile for table: default
2019-10-11 10:08:12,905 [main] INFO  db.DBStoreBuilder (DBStoreBuilder.java:processTables(167)) - Using default column profile:DBProfile.DISK for Table:default
2019-10-11 10:08:12,906 [main] INFO  db.DBStoreBuilder (DBStoreBuilder.java:getDbProfile(198)) - Using default options. DBProfile.DISK
2019-10-11 10:08:13,346 [main] INFO  net.NodeSchemaLoader (NodeSchemaLoader.java:loadSchemaFromFile(125)) - Loading file from sun.misc.CompoundEnumeration@71d44a3
2019-10-11 10:08:13,349 [main] INFO  net.NodeSchemaLoader (NodeSchemaLoader.java:loadSchema(171)) - Loading network topology layer schema file
2019-10-11 10:08:13,426 [main] INFO  node.SCMNodeManager (SCMNodeManager.java:<init>(114)) - Entering startup safe mode.
2019-10-11 10:08:13,502 [main] INFO  algorithms.ContainerPlacementPolicyFactory (ContainerPlacementPolicyFactory.java:getPolicy(59)) - Create container placement policy of type org.apache.hadoop.hdds.scm.container.placement.algorithms.SCMContainerPlacementRandom
2019-10-11 10:08:13,519 [main] WARN  server.ServerUtils (ServerUtils.java:getScmDbDir(145)) - ozone.scm.db.dirs is not configured. We recommend adding this setting. Falling back to ozone.metadata.dirs instead.
2019-10-11 10:08:13,657 [main] INFO  pipeline.SCMPipelineManager (SCMPipelineManager.java:initializePipelineState(137)) - No pipeline exists in current db
2019-10-11 10:08:13,660 [main] WARN  server.ServerUtils (ServerUtils.java:getScmDbDir(145)) - ozone.scm.db.dirs is not configured. We recommend adding this setting. Falling back to ozone.metadata.dirs instead.
2019-10-11 10:08:13,880 [main] WARN  events.EventQueue (EventQueue.java:fireEvent(183)) - No event handler registered for event TypedEvent{payloadType=SafeModeStatus, name='SafeModeStatus'}
2019-10-11 10:08:14,255 [main] INFO  ipc.CallQueueManager (CallQueueManager.java:<init>(84)) - Using callQueue: class java.util.concurrent.LinkedBlockingQueue, queueCapacity: 2000, scheduler: class org.apache.hadoop.ipc.DefaultRpcScheduler, ipcBackoff: false.
2019-10-11 10:08:14,284 [Socket Reader #1 for port 38597] INFO  ipc.Server (Server.java:run(1074)) - Starting Socket Reader #1 for port 38597
2019-10-11 10:08:14,437 [main] INFO  ipc.CallQueueManager (CallQueueManager.java:<init>(84)) - Using callQueue: class java.util.concurrent.LinkedBlockingQueue, queueCapacity: 2000, scheduler: class org.apache.hadoop.ipc.DefaultRpcScheduler, ipcBackoff: false.
2019-10-11 10:08:14,438 [Socket Reader #1 for port 38931] INFO  ipc.Server (Server.java:run(1074)) - Starting Socket Reader #1 for port 38931
2019-10-11 10:08:14,450 [main] INFO  ipc.CallQueueManager (CallQueueManager.java:<init>(84)) - Using callQueue: class java.util.concurrent.LinkedBlockingQueue, queueCapacity: 2000, scheduler: class org.apache.hadoop.ipc.DefaultRpcScheduler, ipcBackoff: false.
2019-10-11 10:08:14,452 [Socket Reader #1 for port 43236] INFO  ipc.Server (Server.java:run(1074)) - Starting Socket Reader #1 for port 43236
2019-10-11 10:08:14,478 [main] INFO  hdfs.DFSUtil (DFSUtil.java:httpServerTemplateForNNAndJN(1641)) - Starting Web-server for scm at: http://0.0.0.0:0
2019-10-11 10:08:14,646 [main] INFO  server.AuthenticationFilter (AuthenticationFilter.java:constructSecretProvider(240)) - Unable to initialize FileSignerSecretProvider, falling back to use random secrets.
2019-10-11 10:08:14,654 [main] WARN  http.HttpRequestLog (HttpRequestLog.java:getRequestLog(97)) - Jetty request log can only be enabled using Log4j
2019-10-11 10:08:14,663 [main] INFO  http.HttpServer2 (HttpServer2.java:addGlobalFilter(975)) - Added global filter 'safety' (class=org.apache.hadoop.http.HttpServer2$QuotingInputFilter)
2019-10-11 10:08:14,665 [main] INFO  http.HttpServer2 (HttpServer2.java:addFilter(948)) - Added filter static_user_filter (class=org.apache.hadoop.http.lib.StaticUserWebFilter$StaticUserFilter) to context scm
2019-10-11 10:08:14,666 [main] INFO  http.HttpServer2 (HttpServer2.java:addFilter(958)) - Added filter static_user_filter (class=org.apache.hadoop.http.lib.StaticUserWebFilter$StaticUserFilter) to context logs
2019-10-11 10:08:14,666 [main] INFO  http.HttpServer2 (HttpServer2.java:addFilter(958)) - Added filter static_user_filter (class=org.apache.hadoop.http.lib.StaticUserWebFilter$StaticUserFilter) to context static
2019-10-11 10:08:14,699 [main] INFO  server.StorageContainerManager (StorageContainerManager.java:start(770)) - StorageContainerLocationProtocol RPC server is listening at /0.0.0.0:43236
2019-10-11 10:08:14,771 [main] WARN  impl.MetricsConfig (MetricsConfig.java:loadFirst(134)) - Cannot locate configuration: tried hadoop-metrics2-storagecontainermanager.properties,hadoop-metrics2.properties
2019-10-11 10:08:14,786 [main] INFO  impl.MetricsSystemImpl (MetricsSystemImpl.java:startTimer(374)) - Scheduled Metric snapshot period at 10 second(s).
2019-10-11 10:08:14,786 [main] INFO  impl.MetricsSystemImpl (MetricsSystemImpl.java:start(191)) - StorageContainerManager metrics system started
2019-10-11 10:08:15,015 [main] INFO  server.SCMClientProtocolServer (SCMClientProtocolServer.java:start(151)) - RPC server for Client  is listening at /0.0.0.0:43236
2019-10-11 10:08:15,016 [IPC Server Responder] INFO  ipc.Server (Server.java:run(1314)) - IPC Server Responder: starting
2019-10-11 10:08:15,016 [IPC Server listener on 43236] INFO  ipc.Server (Server.java:run(1153)) - IPC Server listener on 43236: starting
2019-10-11 10:08:15,019 [main] INFO  server.StorageContainerManager (StorageContainerManager.java:start(780)) - ScmBlockLocationProtocol RPC server is listening at /0.0.0.0:38931
2019-10-11 10:08:15,020 [main] INFO  server.SCMBlockProtocolServer (SCMBlockProtocolServer.java:start(146)) - RPC server for Block Protocol is listening at /0.0.0.0:38931
2019-10-11 10:08:15,021 [IPC Server Responder] INFO  ipc.Server (Server.java:run(1314)) - IPC Server Responder: starting
2019-10-11 10:08:15,021 [IPC Server listener on 38931] INFO  ipc.Server (Server.java:run(1153)) - IPC Server listener on 38931: starting
2019-10-11 10:08:15,023 [main] INFO  server.StorageContainerManager (StorageContainerManager.java:start(784)) - ScmDatanodeProtocl RPC server is listening at /0.0.0.0:38597
2019-10-11 10:08:15,023 [main] INFO  server.SCMDatanodeProtocolServer (SCMDatanodeProtocolServer.java:start(191)) - RPC server for DataNodes is listening at /0.0.0.0:38597
2019-10-11 10:08:15,024 [IPC Server Responder] INFO  ipc.Server (Server.java:run(1314)) - IPC Server Responder: starting
2019-10-11 10:08:15,024 [IPC Server listener on 38597] INFO  ipc.Server (Server.java:run(1153)) - IPC Server listener on 38597: starting
2019-10-11 10:08:15,027 [main] INFO  http.HttpServer2 (HttpServer2.java:bindListener(1191)) - Jetty bound to port 44529
2019-10-11 10:08:15,029 [main] INFO  server.Server (Server.java:doStart(351)) - jetty-9.3.25.v20180904, build timestamp: 2018-09-04T21:11:46Z, git hash: 3ce520221d0240229c862b122d2b06c12a625732
2019-10-11 10:08:15,074 [main] INFO  handler.ContextHandler (ContextHandler.java:doStart(781)) - Started o.e.j.s.ServletContextHandler@4fce136b{/logs,file:///workdir/hadoop-ozone/integration-test/target/log,AVAILABLE}
2019-10-11 10:08:15,075 [main] INFO  handler.ContextHandler (ContextHandler.java:doStart(781)) - Started o.e.j.s.ServletContextHandler@43b6123e{/static,file:///workdir/hadoop-ozone/integration-test/target/test-classes/webapps/static,AVAILABLE}
2019-10-11 10:08:15,123 [main] INFO  handler.ContextHandler (ContextHandler.java:doStart(781)) - Started o.e.j.w.WebAppContext@6db66836{/,file:///workdir/hadoop-ozone/integration-test/target/test-classes/webapps/scm/,AVAILABLE}{/scm}
2019-10-11 10:08:15,131 [main] INFO  server.AbstractConnector (AbstractConnector.java:doStart(278)) - Started ServerConnector@1ee4730{HTTP/1.1,[http/1.1]}{0.0.0.0:44529}
2019-10-11 10:08:15,131 [main] INFO  server.Server (Server.java:doStart(419)) - Started @3202ms
2019-10-11 10:08:15,134 [main] INFO  impl.MetricsSinkAdapter (MetricsSinkAdapter.java:start(204)) - Sink prometheus started
2019-10-11 10:08:15,134 [main] INFO  impl.MetricsSystemImpl (MetricsSystemImpl.java:registerSink(301)) - Registered sink prometheus
2019-10-11 10:08:15,136 [main] INFO  server.BaseHttpServer (BaseHttpServer.java:updateConnectorAddress(215)) - HTTP server of SCM is listening at http://0.0.0.0:44529
2019-10-11 10:08:15,142 [org.apache.hadoop.util.JvmPauseMonitor$Monitor@51f49060] INFO  util.JvmPauseMonitor (JvmPauseMonitor.java:run(188)) - Starting JVM pause monitor
2019-10-11 10:08:15,146 [main] WARN  server.ServerUtils (ServerUtils.java:getDBPath(222)) - ozone.om.db.dirs is not configured. We recommend adding this setting. Falling back to ozone.metadata.dirs instead.
2019-10-11 10:08:15,308 [main] WARN  server.ServerUtils (ServerUtils.java:getDBPath(222)) - ozone.om.db.dirs is not configured. We recommend adding this setting. Falling back to ozone.metadata.dirs instead.
2019-10-11 10:08:15,308 [main] WARN  server.ServerUtils (ServerUtils.java:getDBPath(222)) - ozone.om.db.dirs is not configured. We recommend adding this setting. Falling back to ozone.metadata.dirs instead.
2019-10-11 10:08:15,309 [main] INFO  om.OzoneManager (OzoneManager.java:setOMNodeDetails(652)) - OM Service ID is not set. Setting it to the default ID: omServiceIdDefault
2019-10-11 10:08:15,310 [main] INFO  om.OzoneManager (OzoneManager.java:setOMNodeDetails(658)) - OM Node ID is not set. Setting it to the OmStorage's OmID: 896658f9-2a2f-4117-abd3-9bbc2c3b6471
2019-10-11 10:08:15,311 [main] INFO  om.OzoneManager (OzoneManager.java:loadOMHAConfigs(609)) - Found matching OM address with OMServiceId: null, OMNodeId: null, RPC Address: localhost:0 and Ratis port: 9872
2019-10-11 10:08:16,096 [main] WARN  server.ServerUtils (ServerUtils.java:getDBPath(222)) - ozone.om.db.dirs is not configured. We recommend adding this setting. Falling back to ozone.metadata.dirs instead.
2019-10-11 10:08:16,104 [main] INFO  db.DBStoreBuilder (DBStoreBuilder.java:addTable(110)) - using custom profile for table: userTable
2019-10-11 10:08:16,104 [main] INFO  db.DBStoreBuilder (DBStoreBuilder.java:processTables(161)) - Using default column profile:DBProfile.DISK for Table:userTable
2019-10-11 10:08:16,104 [main] INFO  db.DBStoreBuilder (DBStoreBuilder.java:addTable(110)) - using custom profile for table: volumeTable
2019-10-11 10:08:16,104 [main] INFO  db.DBStoreBuilder (DBStoreBuilder.java:processTables(161)) - Using default column profile:DBProfile.DISK for Table:volumeTable
2019-10-11 10:08:16,105 [main] INFO  db.DBStoreBuilder (DBStoreBuilder.java:addTable(110)) - using custom profile for table: bucketTable
2019-10-11 10:08:16,105 [main] INFO  db.DBStoreBuilder (DBStoreBuilder.java:processTables(161)) - Using default column profile:DBProfile.DISK for Table:bucketTable
2019-10-11 10:08:16,105 [main] INFO  db.DBStoreBuilder (DBStoreBuilder.java:addTable(110)) - using custom profile for table: keyTable
2019-10-11 10:08:16,105 [main] INFO  db.DBStoreBuilder (DBStoreBuilder.java:processTables(161)) - Using default column profile:DBProfile.DISK for Table:keyTable
2019-10-11 10:08:16,106 [main] INFO  db.DBStoreBuilder (DBStoreBuilder.java:addTable(110)) - using custom profile for table: deletedTable
2019-10-11 10:08:16,106 [main] INFO  db.DBStoreBuilder (DBStoreBuilder.java:processTables(161)) - Using default column profile:DBProfile.DISK for Table:deletedTable
2019-10-11 10:08:16,106 [main] INFO  db.DBStoreBuilder (DBStoreBuilder.java:addTable(110)) - using custom profile for table: openKeyTable
2019-10-11 10:08:16,106 [main] INFO  db.DBStoreBuilder (DBStoreBuilder.java:processTables(161)) - Using default column profile:DBProfile.DISK for Table:openKeyTable
2019-10-11 10:08:16,107 [main] INFO  db.DBStoreBuilder (DBStoreBuilder.java:addTable(110)) - using custom profile for table: s3Table
2019-10-11 10:08:16,107 [main] INFO  db.DBStoreBuilder (DBStoreBuilder.java:processTables(161)) - Using default column profile:DBProfile.DISK for Table:s3Table
2019-10-11 10:08:16,107 [main] INFO  db.DBStoreBuilder (DBStoreBuilder.java:addTable(110)) - using custom profile for table: multipartInfoTable
2019-10-11 10:08:16,108 [main] INFO  db.DBStoreBuilder (DBStoreBuilder.java:processTables(161)) - Using default column profile:DBProfile.DISK for Table:multipartInfoTable
2019-10-11 10:08:16,108 [main] INFO  db.DBStoreBuilder (DBStoreBuilder.java:addTable(110)) - using custom profile for table: dTokenTable
2019-10-11 10:08:16,108 [main] INFO  db.DBStoreBuilder (DBStoreBuilder.java:processTables(161)) - Using default column profile:DBProfile.DISK for Table:dTokenTable
2019-10-11 10:08:16,108 [main] INFO  db.DBStoreBuilder (DBStoreBuilder.java:addTable(110)) - using custom profile for table: s3SecretTable
2019-10-11 10:08:16,109 [main] INFO  db.DBStoreBuilder (DBStoreBuilder.java:processTables(161)) - Using default column profile:DBProfile.DISK for Table:s3SecretTable
2019-10-11 10:08:16,109 [main] INFO  db.DBStoreBuilder (DBStoreBuilder.java:addTable(110)) - using custom profile for table: prefixTable
2019-10-11 10:08:16,109 [main] INFO  db.DBStoreBuilder (DBStoreBuilder.java:processTables(161)) - Using default column profile:DBProfile.DISK for Table:prefixTable
2019-10-11 10:08:16,110 [main] INFO  db.DBStoreBuilder (DBStoreBuilder.java:addTable(110)) - using custom profile for table: default
2019-10-11 10:08:16,110 [main] INFO  db.DBStoreBuilder (DBStoreBuilder.java:processTables(167)) - Using default column profile:DBProfile.DISK for Table:default
2019-10-11 10:08:16,110 [main] INFO  db.DBStoreBuilder (DBStoreBuilder.java:getDbProfile(198)) - Using default options. DBProfile.DISK
2019-10-11 10:08:17,084 [main] INFO  ipc.CallQueueManager (CallQueueManager.java:<init>(84)) - Using callQueue: class java.util.concurrent.LinkedBlockingQueue, queueCapacity: 2000, scheduler: class org.apache.hadoop.ipc.DefaultRpcScheduler, ipcBackoff: false.
2019-10-11 10:08:17,085 [Socket Reader #1 for port 43451] INFO  ipc.Server (Server.java:run(1074)) - Starting Socket Reader #1 for port 43451
2019-10-11 10:08:17,109 [main] INFO  om.OzoneManager (OzoneManager.java:start(1243)) - OzoneManager RPC server is listening at localhost/127.0.0.1:43451
2019-10-11 10:08:17,110 [main] INFO  impl.MetricsSystemImpl (MetricsSystemImpl.java:init(158)) - OzoneManager metrics system started (again)
2019-10-11 10:08:17,111 [IPC Server Responder] INFO  ipc.Server (Server.java:run(1314)) - IPC Server Responder: starting
2019-10-11 10:08:17,111 [IPC Server listener on 43451] INFO  ipc.Server (Server.java:run(1153)) - IPC Server listener on 43451: starting
2019-10-11 10:08:17,117 [main] INFO  hdfs.DFSUtil (DFSUtil.java:httpServerTemplateForNNAndJN(1641)) - Starting Web-server for ozoneManager at: http://0.0.0.0:0
2019-10-11 10:08:17,119 [main] INFO  server.AuthenticationFilter (AuthenticationFilter.java:constructSecretProvider(240)) - Unable to initialize FileSignerSecretProvider, falling back to use random secrets.
2019-10-11 10:08:17,119 [main] WARN  http.HttpRequestLog (HttpRequestLog.java:getRequestLog(97)) - Jetty request log can only be enabled using Log4j
2019-10-11 10:08:17,121 [main] INFO  http.HttpServer2 (HttpServer2.java:addGlobalFilter(975)) - Added global filter 'safety' (class=org.apache.hadoop.http.HttpServer2$QuotingInputFilter)
2019-10-11 10:08:17,122 [main] INFO  http.HttpServer2 (HttpServer2.java:addFilter(948)) - Added filter static_user_filter (class=org.apache.hadoop.http.lib.StaticUserWebFilter$StaticUserFilter) to context ozoneManager
2019-10-11 10:08:17,123 [main] INFO  http.HttpServer2 (HttpServer2.java:addFilter(958)) - Added filter static_user_filter (class=org.apache.hadoop.http.lib.StaticUserWebFilter$StaticUserFilter) to context static
2019-10-11 10:08:17,123 [main] INFO  http.HttpServer2 (HttpServer2.java:addFilter(958)) - Added filter static_user_filter (class=org.apache.hadoop.http.lib.StaticUserWebFilter$StaticUserFilter) to context logs
2019-10-11 10:08:17,125 [main] INFO  http.HttpServer2 (HttpServer2.java:bindListener(1191)) - Jetty bound to port 43119
2019-10-11 10:08:17,125 [main] INFO  server.Server (Server.java:doStart(351)) - jetty-9.3.25.v20180904, build timestamp: 2018-09-04T21:11:46Z, git hash: 3ce520221d0240229c862b122d2b06c12a625732
2019-10-11 10:08:17,127 [main] INFO  handler.ContextHandler (ContextHandler.java:doStart(781)) - Started o.e.j.s.ServletContextHandler@20ed3303{/logs,file:///workdir/hadoop-ozone/integration-test/target/log,AVAILABLE}
2019-10-11 10:08:17,128 [main] INFO  handler.ContextHandler (ContextHandler.java:doStart(781)) - Started o.e.j.s.ServletContextHandler@3a627c80{/static,file:///workdir/hadoop-ozone/integration-test/target/test-classes/webapps/static,AVAILABLE}
2019-10-11 10:08:17,133 [main] INFO  handler.ContextHandler (ContextHandler.java:doStart(781)) - Started o.e.j.w.WebAppContext@415156bf{/,file:///workdir/hadoop-ozone/integration-test/target/test-classes/webapps/ozoneManager/,AVAILABLE}{/ozoneManager}
2019-10-11 10:08:17,134 [main] INFO  server.AbstractConnector (AbstractConnector.java:doStart(278)) - Started ServerConnector@393881f0{HTTP/1.1,[http/1.1]}{0.0.0.0:43119}
2019-10-11 10:08:17,135 [main] INFO  server.Server (Server.java:doStart(419)) - Started @5206ms
2019-10-11 10:08:17,135 [main] WARN  impl.MetricsSystemImpl (MetricsSystemImpl.java:register(276)) - Sink prometheus already exists!
2019-10-11 10:08:17,136 [main] INFO  server.BaseHttpServer (BaseHttpServer.java:updateConnectorAddress(215)) - HTTP server of OZONEMANAGER is listening at http://0.0.0.0:43119
2019-10-11 10:08:17,524 [main] INFO  impl.MetricsSystemImpl (MetricsSystemImpl.java:init(158)) - HddsDatanode metrics system started (again)
2019-10-11 10:08:17,587 [main] INFO  ozone.HddsDatanodeService (HddsDatanodeService.java:start(184)) - HddsDatanodeService host:pr-hdds-1569-wxwzw-598427175 ip:192.168.164.221
2019-10-11 10:08:17,622 [main] INFO  volume.HddsVolume (HddsVolume.java:<init>(176)) - Creating Volume: /workdir/hadoop-ozone/integration-test/target/test-dir/MiniOzoneClusterImpl-cc3d3d95-e844-4504-baa9-60eb8f0888b1/datanode-0/data/containers/hdds of  storage type : DISK and capacity : 1482555576320
2019-10-11 10:08:17,624 [main] INFO  volume.VolumeSet (VolumeSet.java:initializeVolumeSet(170)) - Added Volume : /workdir/hadoop-ozone/integration-test/target/test-dir/MiniOzoneClusterImpl-cc3d3d95-e844-4504-baa9-60eb8f0888b1/datanode-0/data/containers/hdds to VolumeSet
2019-10-11 10:08:17,627 [main] INFO  volume.ThrottledAsyncChecker (ThrottledAsyncChecker.java:schedule(139)) - Scheduling a check for org.apache.hadoop.ozone.container.common.volume.HddsVolume@59496961
2019-10-11 10:08:17,645 [main] INFO  volume.HddsVolumeChecker (HddsVolumeChecker.java:checkAllVolumes(202)) - Scheduled health check for volume org.apache.hadoop.ozone.container.common.volume.HddsVolume@59496961
2019-10-11 10:08:17,763 [main] INFO  impl.RaftServerProxy (ConfUtils.java:logGet(43)) - raft.rpc.type = GRPC (default)
2019-10-11 10:08:17,831 [main] INFO  grpc.GrpcFactory (GrpcFactory.java:checkPooledByteBufAllocatorUseCacheForAllThreads(45)) - PERFORMANCE WARNING: useCacheForAllThreads is true that may cause Netty to create a lot garbage objects and, as a result, trigger GC.
	It is recommended to disable useCacheForAllThreads by setting -Dorg.apache.ratis.thirdparty.io.netty.allocator.useCacheForAllThreads=false in command line.
2019-10-11 10:08:17,836 [main] INFO  grpc.GrpcConfigKeys$Server (ConfUtils.java:logGet(43)) - raft.grpc.server.port = 0 (default)
2019-10-11 10:08:17,837 [main] INFO  server.GrpcService (ConfUtils.java:logGet(43)) - raft.grpc.message.size.max = 33570816 (custom)
2019-10-11 10:08:17,838 [main] INFO  server.RaftServerConfigKeys (ConfUtils.java:logGet(43)) - raft.server.log.appender.buffer.byte-limit = 33554432 (custom)
2019-10-11 10:08:17,839 [main] INFO  server.GrpcService (ConfUtils.java:logGet(43)) - raft.grpc.flow.control.window = 1MB (=1048576) (default)
2019-10-11 10:08:17,840 [main] INFO  server.RaftServerConfigKeys (ConfUtils.java:logGet(43)) - raft.server.rpc.request.timeout = 3000ms (default)
2019-10-11 10:08:18,039 [main] INFO  server.RaftServerConfigKeys (ConfUtils.java:logGet(43)) - raft.server.storage.dir = [/workdir/hadoop-ozone/integration-test/target/test-dir/MiniOzoneClusterImpl-cc3d3d95-e844-4504-baa9-60eb8f0888b1/datanode-0/data/ratis] (custom)
2019-10-11 10:08:18,101 [main] INFO  hdfs.DFSUtil (DFSUtil.java:httpServerTemplateForNNAndJN(1641)) - Starting Web-server for hddsDatanode at: http://0.0.0.0:0
2019-10-11 10:08:18,104 [main] INFO  server.AuthenticationFilter (AuthenticationFilter.java:constructSecretProvider(240)) - Unable to initialize FileSignerSecretProvider, falling back to use random secrets.
2019-10-11 10:08:18,105 [main] WARN  http.HttpRequestLog (HttpRequestLog.java:getRequestLog(97)) - Jetty request log can only be enabled using Log4j
2019-10-11 10:08:18,107 [main] INFO  http.HttpServer2 (HttpServer2.java:addGlobalFilter(975)) - Added global filter 'safety' (class=org.apache.hadoop.http.HttpServer2$QuotingInputFilter)
2019-10-11 10:08:18,108 [main] INFO  http.HttpServer2 (HttpServer2.java:addFilter(948)) - Added filter static_user_filter (class=org.apache.hadoop.http.lib.StaticUserWebFilter$StaticUserFilter) to context hddsDatanode
2019-10-11 10:08:18,108 [main] INFO  http.HttpServer2 (HttpServer2.java:addFilter(958)) - Added filter static_user_filter (class=org.apache.hadoop.http.lib.StaticUserWebFilter$StaticUserFilter) to context logs
2019-10-11 10:08:18,109 [main] INFO  http.HttpServer2 (HttpServer2.java:addFilter(958)) - Added filter static_user_filter (class=org.apache.hadoop.http.lib.StaticUserWebFilter$StaticUserFilter) to context static
2019-10-11 10:08:18,110 [main] INFO  http.HttpServer2 (HttpServer2.java:bindListener(1191)) - Jetty bound to port 40722
2019-10-11 10:08:18,110 [main] INFO  server.Server (Server.java:doStart(351)) - jetty-9.3.25.v20180904, build timestamp: 2018-09-04T21:11:46Z, git hash: 3ce520221d0240229c862b122d2b06c12a625732
2019-10-11 10:08:18,113 [main] INFO  handler.ContextHandler (ContextHandler.java:doStart(781)) - Started o.e.j.s.ServletContextHandler@43045f9f{/logs,file:///workdir/hadoop-ozone/integration-test/target/log,AVAILABLE}
2019-10-11 10:08:18,114 [main] INFO  handler.ContextHandler (ContextHandler.java:doStart(781)) - Started o.e.j.s.ServletContextHandler@6403e24c{/static,jar:file:/home/user/.m2/repository/org/apache/hadoop/hadoop-hdds-container-service/0.5.0-SNAPSHOT/hadoop-hdds-container-service-0.5.0-SNAPSHOT.jar!/webapps/static,AVAILABLE}
2019-10-11 10:08:18,155 [main] INFO  handler.ContextHandler (ContextHandler.java:doStart(781)) - Started o.e.j.w.WebAppContext@5df778c3{/,file:///tmp/jetty-0.0.0.0-40722-hddsDatanode-_-any-656047566098781563.dir/webapp/,AVAILABLE}{/hddsDatanode}
2019-10-11 10:08:18,156 [main] INFO  server.AbstractConnector (AbstractConnector.java:doStart(278)) - Started ServerConnector@895416d{HTTP/1.1,[http/1.1]}{0.0.0.0:40722}
2019-10-11 10:08:18,156 [main] INFO  server.Server (Server.java:doStart(419)) - Started @6227ms
2019-10-11 10:08:18,157 [main] WARN  impl.MetricsSystemImpl (MetricsSystemImpl.java:register(276)) - Sink prometheus already exists!
2019-10-11 10:08:18,158 [main] INFO  server.BaseHttpServer (BaseHttpServer.java:updateConnectorAddress(215)) - HTTP server of HDDSDATANODE is listening at http://0.0.0.0:40722
2019-10-11 10:08:18,159 [main] INFO  impl.MetricsSystemImpl (MetricsSystemImpl.java:init(158)) - HddsDatanode metrics system started (again)
2019-10-11 10:08:18,162 [main] INFO  ozone.HddsDatanodeService (HddsDatanodeService.java:start(184)) - HddsDatanodeService host:pr-hdds-1569-wxwzw-598427175 ip:192.168.164.221
2019-10-11 10:08:18,164 [org.apache.hadoop.util.JvmPauseMonitor$Monitor@76b5f717] INFO  util.JvmPauseMonitor (JvmPauseMonitor.java:run(188)) - Starting JVM pause monitor
2019-10-11 10:08:18,169 [main] INFO  volume.HddsVolume (HddsVolume.java:<init>(176)) - Creating Volume: /workdir/hadoop-ozone/integration-test/target/test-dir/MiniOzoneClusterImpl-cc3d3d95-e844-4504-baa9-60eb8f0888b1/datanode-1/data/containers/hdds of  storage type : DISK and capacity : 1482555576320
2019-10-11 10:08:18,170 [main] INFO  volume.VolumeSet (VolumeSet.java:initializeVolumeSet(170)) - Added Volume : /workdir/hadoop-ozone/integration-test/target/test-dir/MiniOzoneClusterImpl-cc3d3d95-e844-4504-baa9-60eb8f0888b1/datanode-1/data/containers/hdds to VolumeSet
2019-10-11 10:08:18,170 [main] INFO  volume.ThrottledAsyncChecker (ThrottledAsyncChecker.java:schedule(139)) - Scheduling a check for org.apache.hadoop.ozone.container.common.volume.HddsVolume@22a6e998
2019-10-11 10:08:18,171 [main] INFO  volume.HddsVolumeChecker (HddsVolumeChecker.java:checkAllVolumes(202)) - Scheduled health check for volume org.apache.hadoop.ozone.container.common.volume.HddsVolume@22a6e998
2019-10-11 10:08:18,185 [main] INFO  impl.RaftServerProxy (ConfUtils.java:logGet(43)) - raft.rpc.type = GRPC (default)
2019-10-11 10:08:18,185 [main] INFO  grpc.GrpcFactory (GrpcFactory.java:checkPooledByteBufAllocatorUseCacheForAllThreads(45)) - PERFORMANCE WARNING: useCacheForAllThreads is true that may cause Netty to create a lot garbage objects and, as a result, trigger GC.
	It is recommended to disable useCacheForAllThreads by setting -Dorg.apache.ratis.thirdparty.io.netty.allocator.useCacheForAllThreads=false in command line.
2019-10-11 10:08:18,186 [main] INFO  grpc.GrpcConfigKeys$Server (ConfUtils.java:logGet(43)) - raft.grpc.server.port = 0 (default)
2019-10-11 10:08:18,186 [main] INFO  server.GrpcService (ConfUtils.java:logGet(43)) - raft.grpc.message.size.max = 33570816 (custom)
2019-10-11 10:08:18,186 [main] INFO  server.RaftServerConfigKeys (ConfUtils.java:logGet(43)) - raft.server.log.appender.buffer.byte-limit = 33554432 (custom)
2019-10-11 10:08:18,186 [main] INFO  server.GrpcService (ConfUtils.java:logGet(43)) - raft.grpc.flow.control.window = 1MB (=1048576) (default)
2019-10-11 10:08:18,187 [main] INFO  server.RaftServerConfigKeys (ConfUtils.java:logGet(43)) - raft.server.rpc.request.timeout = 3000ms (default)
2019-10-11 10:08:18,187 [main] INFO  server.RaftServerConfigKeys (ConfUtils.java:logGet(43)) - raft.server.storage.dir = [/workdir/hadoop-ozone/integration-test/target/test-dir/MiniOzoneClusterImpl-cc3d3d95-e844-4504-baa9-60eb8f0888b1/datanode-1/data/ratis] (custom)
2019-10-11 10:08:18,189 [main] INFO  hdfs.DFSUtil (DFSUtil.java:httpServerTemplateForNNAndJN(1641)) - Starting Web-server for hddsDatanode at: http://0.0.0.0:0
2019-10-11 10:08:18,190 [main] INFO  server.AuthenticationFilter (AuthenticationFilter.java:constructSecretProvider(240)) - Unable to initialize FileSignerSecretProvider, falling back to use random secrets.
2019-10-11 10:08:18,191 [main] WARN  http.HttpRequestLog (HttpRequestLog.java:getRequestLog(97)) - Jetty request log can only be enabled using Log4j
2019-10-11 10:08:18,193 [main] INFO  http.HttpServer2 (HttpServer2.java:addGlobalFilter(975)) - Added global filter 'safety' (class=org.apache.hadoop.http.HttpServer2$QuotingInputFilter)
2019-10-11 10:08:18,194 [main] INFO  http.HttpServer2 (HttpServer2.java:addFilter(948)) - Added filter static_user_filter (class=org.apache.hadoop.http.lib.StaticUserWebFilter$StaticUserFilter) to context hddsDatanode
2019-10-11 10:08:18,194 [main] INFO  http.HttpServer2 (HttpServer2.java:addFilter(958)) - Added filter static_user_filter (class=org.apache.hadoop.http.lib.StaticUserWebFilter$StaticUserFilter) to context logs
2019-10-11 10:08:18,194 [main] INFO  http.HttpServer2 (HttpServer2.java:addFilter(958)) - Added filter static_user_filter (class=org.apache.hadoop.http.lib.StaticUserWebFilter$StaticUserFilter) to context static
2019-10-11 10:08:18,195 [main] INFO  http.HttpServer2 (HttpServer2.java:bindListener(1191)) - Jetty bound to port 39655
2019-10-11 10:08:18,195 [main] INFO  server.Server (Server.java:doStart(351)) - jetty-9.3.25.v20180904, build timestamp: 2018-09-04T21:11:46Z, git hash: 3ce520221d0240229c862b122d2b06c12a625732
2019-10-11 10:08:18,198 [main] INFO  handler.ContextHandler (ContextHandler.java:doStart(781)) - Started o.e.j.s.ServletContextHandler@a9f023e{/logs,file:///workdir/hadoop-ozone/integration-test/target/log,AVAILABLE}
2019-10-11 10:08:18,199 [main] INFO  handler.ContextHandler (ContextHandler.java:doStart(781)) - Started o.e.j.s.ServletContextHandler@4b200971{/static,jar:file:/home/user/.m2/repository/org/apache/hadoop/hadoop-hdds-container-service/0.5.0-SNAPSHOT/hadoop-hdds-container-service-0.5.0-SNAPSHOT.jar!/webapps/static,AVAILABLE}
2019-10-11 10:08:18,228 [main] INFO  handler.ContextHandler (ContextHandler.java:doStart(781)) - Started o.e.j.w.WebAppContext@337bbfdf{/,file:///tmp/jetty-0.0.0.0-39655-hddsDatanode-_-any-3283828009673713069.dir/webapp/,AVAILABLE}{/hddsDatanode}
2019-10-11 10:08:18,229 [main] INFO  server.AbstractConnector (AbstractConnector.java:doStart(278)) - Started ServerConnector@52d97ab6{HTTP/1.1,[http/1.1]}{0.0.0.0:39655}
2019-10-11 10:08:18,230 [main] INFO  server.Server (Server.java:doStart(419)) - Started @6301ms
2019-10-11 10:08:18,230 [main] WARN  impl.MetricsSystemImpl (MetricsSystemImpl.java:register(276)) - Sink prometheus already exists!
2019-10-11 10:08:18,231 [main] INFO  server.BaseHttpServer (BaseHttpServer.java:updateConnectorAddress(215)) - HTTP server of HDDSDATANODE is listening at http://0.0.0.0:39655
2019-10-11 10:08:18,232 [main] INFO  impl.MetricsSystemImpl (MetricsSystemImpl.java:init(158)) - HddsDatanode metrics system started (again)
2019-10-11 10:08:18,234 [org.apache.hadoop.util.JvmPauseMonitor$Monitor@780e6036] INFO  util.JvmPauseMonitor (JvmPauseMonitor.java:run(188)) - Starting JVM pause monitor
2019-10-11 10:08:18,234 [main] INFO  ozone.HddsDatanodeService (HddsDatanodeService.java:start(184)) - HddsDatanodeService host:pr-hdds-1569-wxwzw-598427175 ip:192.168.164.221
2019-10-11 10:08:18,242 [main] INFO  volume.HddsVolume (HddsVolume.java:<init>(176)) - Creating Volume: /workdir/hadoop-ozone/integration-test/target/test-dir/MiniOzoneClusterImpl-cc3d3d95-e844-4504-baa9-60eb8f0888b1/datanode-2/data/containers/hdds of  storage type : DISK and capacity : 1482555576320
2019-10-11 10:08:18,242 [main] INFO  volume.VolumeSet (VolumeSet.java:initializeVolumeSet(170)) - Added Volume : /workdir/hadoop-ozone/integration-test/target/test-dir/MiniOzoneClusterImpl-cc3d3d95-e844-4504-baa9-60eb8f0888b1/datanode-2/data/containers/hdds to VolumeSet
2019-10-11 10:08:18,242 [main] INFO  volume.ThrottledAsyncChecker (ThrottledAsyncChecker.java:schedule(139)) - Scheduling a check for org.apache.hadoop.ozone.container.common.volume.HddsVolume@50850539
2019-10-11 10:08:18,243 [main] INFO  volume.HddsVolumeChecker (HddsVolumeChecker.java:checkAllVolumes(202)) - Scheduled health check for volume org.apache.hadoop.ozone.container.common.volume.HddsVolume@50850539
2019-10-11 10:08:18,264 [main] INFO  impl.RaftServerProxy (ConfUtils.java:logGet(43)) - raft.rpc.type = GRPC (default)
2019-10-11 10:08:18,265 [main] INFO  grpc.GrpcFactory (GrpcFactory.java:checkPooledByteBufAllocatorUseCacheForAllThreads(45)) - PERFORMANCE WARNING: useCacheForAllThreads is true that may cause Netty to create a lot garbage objects and, as a result, trigger GC.
	It is recommended to disable useCacheForAllThreads by setting -Dorg.apache.ratis.thirdparty.io.netty.allocator.useCacheForAllThreads=false in command line.
2019-10-11 10:08:18,265 [main] INFO  grpc.GrpcConfigKeys$Server (ConfUtils.java:logGet(43)) - raft.grpc.server.port = 0 (default)
2019-10-11 10:08:18,265 [main] INFO  server.GrpcService (ConfUtils.java:logGet(43)) - raft.grpc.message.size.max = 33570816 (custom)
2019-10-11 10:08:18,266 [main] INFO  server.RaftServerConfigKeys (ConfUtils.java:logGet(43)) - raft.server.log.appender.buffer.byte-limit = 33554432 (custom)
2019-10-11 10:08:18,266 [main] INFO  server.GrpcService (ConfUtils.java:logGet(43)) - raft.grpc.flow.control.window = 1MB (=1048576) (default)
2019-10-11 10:08:18,266 [main] INFO  server.RaftServerConfigKeys (ConfUtils.java:logGet(43)) - raft.server.rpc.request.timeout = 3000ms (default)
2019-10-11 10:08:18,267 [main] INFO  server.RaftServerConfigKeys (ConfUtils.java:logGet(43)) - raft.server.storage.dir = [/workdir/hadoop-ozone/integration-test/target/test-dir/MiniOzoneClusterImpl-cc3d3d95-e844-4504-baa9-60eb8f0888b1/datanode-2/data/ratis] (custom)
2019-10-11 10:08:18,270 [main] INFO  hdfs.DFSUtil (DFSUtil.java:httpServerTemplateForNNAndJN(1641)) - Starting Web-server for hddsDatanode at: http://0.0.0.0:0
2019-10-11 10:08:18,272 [main] INFO  server.AuthenticationFilter (AuthenticationFilter.java:constructSecretProvider(240)) - Unable to initialize FileSignerSecretProvider, falling back to use random secrets.
2019-10-11 10:08:18,272 [main] WARN  http.HttpRequestLog (HttpRequestLog.java:getRequestLog(97)) - Jetty request log can only be enabled using Log4j
2019-10-11 10:08:18,274 [Datanode State Machine Thread - 0] INFO  datanode.InitDatanodeState (InitDatanodeState.java:persistContainerDatanodeDetails(140)) - DatanodeDetails is persisted to /workdir/hadoop-ozone/integration-test/target/test-dir/MiniOzoneClusterImpl-cc3d3d95-e844-4504-baa9-60eb8f0888b1/datanode-0/meta/datanode.id
2019-10-11 10:08:18,274 [main] INFO  http.HttpServer2 (HttpServer2.java:addGlobalFilter(975)) - Added global filter 'safety' (class=org.apache.hadoop.http.HttpServer2$QuotingInputFilter)
2019-10-11 10:08:18,276 [main] INFO  http.HttpServer2 (HttpServer2.java:addFilter(948)) - Added filter static_user_filter (class=org.apache.hadoop.http.lib.StaticUserWebFilter$StaticUserFilter) to context hddsDatanode
2019-10-11 10:08:18,277 [main] INFO  http.HttpServer2 (HttpServer2.java:addFilter(958)) - Added filter static_user_filter (class=org.apache.hadoop.http.lib.StaticUserWebFilter$StaticUserFilter) to context logs
2019-10-11 10:08:18,277 [main] INFO  http.HttpServer2 (HttpServer2.java:addFilter(958)) - Added filter static_user_filter (class=org.apache.hadoop.http.lib.StaticUserWebFilter$StaticUserFilter) to context static
2019-10-11 10:08:18,278 [main] INFO  http.HttpServer2 (HttpServer2.java:bindListener(1191)) - Jetty bound to port 38412
2019-10-11 10:08:18,278 [Datanode State Machine Thread - 0] INFO  datanode.InitDatanodeState (InitDatanodeState.java:persistContainerDatanodeDetails(140)) - DatanodeDetails is persisted to /workdir/hadoop-ozone/integration-test/target/test-dir/MiniOzoneClusterImpl-cc3d3d95-e844-4504-baa9-60eb8f0888b1/datanode-1/meta/datanode.id
2019-10-11 10:08:18,278 [main] INFO  server.Server (Server.java:doStart(351)) - jetty-9.3.25.v20180904, build timestamp: 2018-09-04T21:11:46Z, git hash: 3ce520221d0240229c862b122d2b06c12a625732
2019-10-11 10:08:18,280 [main] INFO  handler.ContextHandler (ContextHandler.java:doStart(781)) - Started o.e.j.s.ServletContextHandler@726aa968{/logs,file:///workdir/hadoop-ozone/integration-test/target/log,AVAILABLE}
2019-10-11 10:08:18,281 [main] INFO  handler.ContextHandler (ContextHandler.java:doStart(781)) - Started o.e.j.s.ServletContextHandler@712cfb63{/static,jar:file:/home/user/.m2/repository/org/apache/hadoop/hadoop-hdds-container-service/0.5.0-SNAPSHOT/hadoop-hdds-container-service-0.5.0-SNAPSHOT.jar!/webapps/static,AVAILABLE}
2019-10-11 10:08:18,310 [main] INFO  handler.ContextHandler (ContextHandler.java:doStart(781)) - Started o.e.j.w.WebAppContext@7ecec90d{/,file:///tmp/jetty-0.0.0.0-38412-hddsDatanode-_-any-2252875817442351446.dir/webapp/,AVAILABLE}{/hddsDatanode}
2019-10-11 10:08:18,310 [main] INFO  server.AbstractConnector (AbstractConnector.java:doStart(278)) - Started ServerConnector@588f63c{HTTP/1.1,[http/1.1]}{0.0.0.0:38412}
2019-10-11 10:08:18,311 [main] INFO  server.Server (Server.java:doStart(419)) - Started @6382ms
2019-10-11 10:08:18,312 [main] WARN  impl.MetricsSystemImpl (MetricsSystemImpl.java:register(276)) - Sink prometheus already exists!
2019-10-11 10:08:18,312 [main] INFO  server.BaseHttpServer (BaseHttpServer.java:updateConnectorAddress(215)) - HTTP server of HDDSDATANODE is listening at http://0.0.0.0:38412
2019-10-11 10:08:18,313 [main] INFO  impl.MetricsSystemImpl (MetricsSystemImpl.java:init(158)) - HddsDatanode metrics system started (again)
2019-10-11 10:08:18,316 [main] INFO  ozone.HddsDatanodeService (HddsDatanodeService.java:start(184)) - HddsDatanodeService host:pr-hdds-1569-wxwzw-598427175 ip:192.168.164.221
2019-10-11 10:08:18,316 [org.apache.hadoop.util.JvmPauseMonitor$Monitor@3a043e0c] INFO  util.JvmPauseMonitor (JvmPauseMonitor.java:run(188)) - Starting JVM pause monitor
2019-10-11 10:08:18,319 [Datanode State Machine Thread - 0] INFO  datanode.InitDatanodeState (InitDatanodeState.java:persistContainerDatanodeDetails(140)) - DatanodeDetails is persisted to /workdir/hadoop-ozone/integration-test/target/test-dir/MiniOzoneClusterImpl-cc3d3d95-e844-4504-baa9-60eb8f0888b1/datanode-2/meta/datanode.id
2019-10-11 10:08:18,323 [main] INFO  volume.HddsVolume (HddsVolume.java:<init>(176)) - Creating Volume: /workdir/hadoop-ozone/integration-test/target/test-dir/MiniOzoneClusterImpl-cc3d3d95-e844-4504-baa9-60eb8f0888b1/datanode-3/data/containers/hdds of  storage type : DISK and capacity : 1482555576320
2019-10-11 10:08:18,323 [main] INFO  volume.VolumeSet (VolumeSet.java:initializeVolumeSet(170)) - Added Volume : /workdir/hadoop-ozone/integration-test/target/test-dir/MiniOzoneClusterImpl-cc3d3d95-e844-4504-baa9-60eb8f0888b1/datanode-3/data/containers/hdds to VolumeSet
2019-10-11 10:08:18,323 [main] INFO  volume.ThrottledAsyncChecker (ThrottledAsyncChecker.java:schedule(139)) - Scheduling a check for org.apache.hadoop.ozone.container.common.volume.HddsVolume@7efb53af
2019-10-11 10:08:18,324 [main] INFO  volume.HddsVolumeChecker (HddsVolumeChecker.java:checkAllVolumes(202)) - Scheduled health check for volume org.apache.hadoop.ozone.container.common.volume.HddsVolume@7efb53af
2019-10-11 10:08:18,336 [main] INFO  impl.RaftServerProxy (ConfUtils.java:logGet(43)) - raft.rpc.type = GRPC (default)
2019-10-11 10:08:18,337 [main] INFO  grpc.GrpcFactory (GrpcFactory.java:checkPooledByteBufAllocatorUseCacheForAllThreads(45)) - PERFORMANCE WARNING: useCacheForAllThreads is true that may cause Netty to create a lot garbage objects and, as a result, trigger GC.
	It is recommended to disable useCacheForAllThreads by setting -Dorg.apache.ratis.thirdparty.io.netty.allocator.useCacheForAllThreads=false in command line.
2019-10-11 10:08:18,337 [main] INFO  grpc.GrpcConfigKeys$Server (ConfUtils.java:logGet(43)) - raft.grpc.server.port = 0 (default)
2019-10-11 10:08:18,337 [main] INFO  server.GrpcService (ConfUtils.java:logGet(43)) - raft.grpc.message.size.max = 33570816 (custom)
2019-10-11 10:08:18,337 [main] INFO  server.RaftServerConfigKeys (ConfUtils.java:logGet(43)) - raft.server.log.appender.buffer.byte-limit = 33554432 (custom)
2019-10-11 10:08:18,338 [main] INFO  server.GrpcService (ConfUtils.java:logGet(43)) - raft.grpc.flow.control.window = 1MB (=1048576) (default)
2019-10-11 10:08:18,338 [main] INFO  server.RaftServerConfigKeys (ConfUtils.java:logGet(43)) - raft.server.rpc.request.timeout = 3000ms (default)
2019-10-11 10:08:18,338 [main] INFO  server.RaftServerConfigKeys (ConfUtils.java:logGet(43)) - raft.server.storage.dir = [/workdir/hadoop-ozone/integration-test/target/test-dir/MiniOzoneClusterImpl-cc3d3d95-e844-4504-baa9-60eb8f0888b1/datanode-3/data/ratis] (custom)
2019-10-11 10:08:18,340 [main] INFO  hdfs.DFSUtil (DFSUtil.java:httpServerTemplateForNNAndJN(1641)) - Starting Web-server for hddsDatanode at: http://0.0.0.0:0
2019-10-11 10:08:18,341 [main] INFO  server.AuthenticationFilter (AuthenticationFilter.java:constructSecretProvider(240)) - Unable to initialize FileSignerSecretProvider, falling back to use random secrets.
2019-10-11 10:08:18,341 [main] WARN  http.HttpRequestLog (HttpRequestLog.java:getRequestLog(97)) - Jetty request log can only be enabled using Log4j
2019-10-11 10:08:18,343 [main] INFO  http.HttpServer2 (HttpServer2.java:addGlobalFilter(975)) - Added global filter 'safety' (class=org.apache.hadoop.http.HttpServer2$QuotingInputFilter)
2019-10-11 10:08:18,343 [main] INFO  http.HttpServer2 (HttpServer2.java:addFilter(948)) - Added filter static_user_filter (class=org.apache.hadoop.http.lib.StaticUserWebFilter$StaticUserFilter) to context hddsDatanode
2019-10-11 10:08:18,343 [main] INFO  http.HttpServer2 (HttpServer2.java:addFilter(958)) - Added filter static_user_filter (class=org.apache.hadoop.http.lib.StaticUserWebFilter$StaticUserFilter) to context logs
2019-10-11 10:08:18,343 [main] INFO  http.HttpServer2 (HttpServer2.java:addFilter(958)) - Added filter static_user_filter (class=org.apache.hadoop.http.lib.StaticUserWebFilter$StaticUserFilter) to context static
2019-10-11 10:08:18,344 [main] INFO  http.HttpServer2 (HttpServer2.java:bindListener(1191)) - Jetty bound to port 44753
2019-10-11 10:08:18,344 [main] INFO  server.Server (Server.java:doStart(351)) - jetty-9.3.25.v20180904, build timestamp: 2018-09-04T21:11:46Z, git hash: 3ce520221d0240229c862b122d2b06c12a625732
2019-10-11 10:08:18,348 [main] INFO  handler.ContextHandler (ContextHandler.java:doStart(781)) - Started o.e.j.s.ServletContextHandler@72f9f27c{/logs,file:///workdir/hadoop-ozone/integration-test/target/log,AVAILABLE}
2019-10-11 10:08:18,348 [main] INFO  handler.ContextHandler (ContextHandler.java:doStart(781)) - Started o.e.j.s.ServletContextHandler@762637be{/static,jar:file:/home/user/.m2/repository/org/apache/hadoop/hadoop-hdds-container-service/0.5.0-SNAPSHOT/hadoop-hdds-container-service-0.5.0-SNAPSHOT.jar!/webapps/static,AVAILABLE}
2019-10-11 10:08:18,377 [main] INFO  handler.ContextHandler (ContextHandler.java:doStart(781)) - Started o.e.j.w.WebAppContext@715b886f{/,file:///tmp/jetty-0.0.0.0-44753-hddsDatanode-_-any-281033324420404740.dir/webapp/,AVAILABLE}{/hddsDatanode}
2019-10-11 10:08:18,377 [main] INFO  server.AbstractConnector (AbstractConnector.java:doStart(278)) - Started ServerConnector@7fb29ca9{HTTP/1.1,[http/1.1]}{0.0.0.0:44753}
2019-10-11 10:08:18,379 [main] INFO  server.Server (Server.java:doStart(419)) - Started @6449ms
2019-10-11 10:08:18,379 [main] WARN  impl.MetricsSystemImpl (MetricsSystemImpl.java:register(276)) - Sink prometheus already exists!
2019-10-11 10:08:18,379 [main] INFO  server.BaseHttpServer (BaseHttpServer.java:updateConnectorAddress(215)) - HTTP server of HDDSDATANODE is listening at http://0.0.0.0:44753
2019-10-11 10:08:18,380 [main] INFO  impl.MetricsSystemImpl (MetricsSystemImpl.java:init(158)) - HddsDatanode metrics system started (again)
2019-10-11 10:08:18,382 [org.apache.hadoop.util.JvmPauseMonitor$Monitor@2f4294e7] INFO  util.JvmPauseMonitor (JvmPauseMonitor.java:run(188)) - Starting JVM pause monitor
2019-10-11 10:08:18,382 [main] INFO  ozone.HddsDatanodeService (HddsDatanodeService.java:start(184)) - HddsDatanodeService host:pr-hdds-1569-wxwzw-598427175 ip:192.168.164.221
2019-10-11 10:08:18,385 [Datanode State Machine Thread - 0] INFO  datanode.InitDatanodeState (InitDatanodeState.java:persistContainerDatanodeDetails(140)) - DatanodeDetails is persisted to /workdir/hadoop-ozone/integration-test/target/test-dir/MiniOzoneClusterImpl-cc3d3d95-e844-4504-baa9-60eb8f0888b1/datanode-3/meta/datanode.id
2019-10-11 10:08:18,390 [main] INFO  volume.HddsVolume (HddsVolume.java:<init>(176)) - Creating Volume: /workdir/hadoop-ozone/integration-test/target/test-dir/MiniOzoneClusterImpl-cc3d3d95-e844-4504-baa9-60eb8f0888b1/datanode-4/data/containers/hdds of  storage type : DISK and capacity : 1482555576320
2019-10-11 10:08:18,390 [main] INFO  volume.VolumeSet (VolumeSet.java:initializeVolumeSet(170)) - Added Volume : /workdir/hadoop-ozone/integration-test/target/test-dir/MiniOzoneClusterImpl-cc3d3d95-e844-4504-baa9-60eb8f0888b1/datanode-4/data/containers/hdds to VolumeSet
2019-10-11 10:08:18,390 [main] INFO  volume.ThrottledAsyncChecker (ThrottledAsyncChecker.java:schedule(139)) - Scheduling a check for org.apache.hadoop.ozone.container.common.volume.HddsVolume@5d2828c9
2019-10-11 10:08:18,391 [main] INFO  volume.HddsVolumeChecker (HddsVolumeChecker.java:checkAllVolumes(202)) - Scheduled health check for volume org.apache.hadoop.ozone.container.common.volume.HddsVolume@5d2828c9
2019-10-11 10:08:18,403 [main] INFO  impl.RaftServerProxy (ConfUtils.java:logGet(43)) - raft.rpc.type = GRPC (default)
2019-10-11 10:08:18,403 [main] INFO  grpc.GrpcFactory (GrpcFactory.java:checkPooledByteBufAllocatorUseCacheForAllThreads(45)) - PERFORMANCE WARNING: useCacheForAllThreads is true that may cause Netty to create a lot garbage objects and, as a result, trigger GC.
	It is recommended to disable useCacheForAllThreads by setting -Dorg.apache.ratis.thirdparty.io.netty.allocator.useCacheForAllThreads=false in command line.
2019-10-11 10:08:18,404 [main] INFO  grpc.GrpcConfigKeys$Server (ConfUtils.java:logGet(43)) - raft.grpc.server.port = 0 (default)
2019-10-11 10:08:18,404 [main] INFO  server.GrpcService (ConfUtils.java:logGet(43)) - raft.grpc.message.size.max = 33570816 (custom)
2019-10-11 10:08:18,404 [main] INFO  server.RaftServerConfigKeys (ConfUtils.java:logGet(43)) - raft.server.log.appender.buffer.byte-limit = 33554432 (custom)
2019-10-11 10:08:18,404 [main] INFO  server.GrpcService (ConfUtils.java:logGet(43)) - raft.grpc.flow.control.window = 1MB (=1048576) (default)
2019-10-11 10:08:18,404 [main] INFO  server.RaftServerConfigKeys (ConfUtils.java:logGet(43)) - raft.server.rpc.request.timeout = 3000ms (default)
2019-10-11 10:08:18,405 [main] INFO  server.RaftServerConfigKeys (ConfUtils.java:logGet(43)) - raft.server.storage.dir = [/workdir/hadoop-ozone/integration-test/target/test-dir/MiniOzoneClusterImpl-cc3d3d95-e844-4504-baa9-60eb8f0888b1/datanode-4/data/ratis] (custom)
2019-10-11 10:08:18,406 [main] INFO  hdfs.DFSUtil (DFSUtil.java:httpServerTemplateForNNAndJN(1641)) - Starting Web-server for hddsDatanode at: http://0.0.0.0:0
2019-10-11 10:08:18,407 [main] INFO  server.AuthenticationFilter (AuthenticationFilter.java:constructSecretProvider(240)) - Unable to initialize FileSignerSecretProvider, falling back to use random secrets.
2019-10-11 10:08:18,408 [main] WARN  http.HttpRequestLog (HttpRequestLog.java:getRequestLog(97)) - Jetty request log can only be enabled using Log4j
2019-10-11 10:08:18,409 [main] INFO  http.HttpServer2 (HttpServer2.java:addGlobalFilter(975)) - Added global filter 'safety' (class=org.apache.hadoop.http.HttpServer2$QuotingInputFilter)
2019-10-11 10:08:18,410 [main] INFO  http.HttpServer2 (HttpServer2.java:addFilter(948)) - Added filter static_user_filter (class=org.apache.hadoop.http.lib.StaticUserWebFilter$StaticUserFilter) to context hddsDatanode
2019-10-11 10:08:18,410 [main] INFO  http.HttpServer2 (HttpServer2.java:addFilter(958)) - Added filter static_user_filter (class=org.apache.hadoop.http.lib.StaticUserWebFilter$StaticUserFilter) to context static
2019-10-11 10:08:18,410 [main] INFO  http.HttpServer2 (HttpServer2.java:addFilter(958)) - Added filter static_user_filter (class=org.apache.hadoop.http.lib.StaticUserWebFilter$StaticUserFilter) to context logs
2019-10-11 10:08:18,411 [main] INFO  http.HttpServer2 (HttpServer2.java:bindListener(1191)) - Jetty bound to port 36844
2019-10-11 10:08:18,411 [main] INFO  server.Server (Server.java:doStart(351)) - jetty-9.3.25.v20180904, build timestamp: 2018-09-04T21:11:46Z, git hash: 3ce520221d0240229c862b122d2b06c12a625732
2019-10-11 10:08:18,413 [main] INFO  handler.ContextHandler (ContextHandler.java:doStart(781)) - Started o.e.j.s.ServletContextHandler@6f94fb9d{/logs,file:///workdir/hadoop-ozone/integration-test/target/log,AVAILABLE}
2019-10-11 10:08:18,414 [main] INFO  handler.ContextHandler (ContextHandler.java:doStart(781)) - Started o.e.j.s.ServletContextHandler@4228bf58{/static,jar:file:/home/user/.m2/repository/org/apache/hadoop/hadoop-hdds-container-service/0.5.0-SNAPSHOT/hadoop-hdds-container-service-0.5.0-SNAPSHOT.jar!/webapps/static,AVAILABLE}
2019-10-11 10:08:18,446 [main] INFO  handler.ContextHandler (ContextHandler.java:doStart(781)) - Started o.e.j.w.WebAppContext@2630dbc4{/,file:///tmp/jetty-0.0.0.0-36844-hddsDatanode-_-any-6562686248088749278.dir/webapp/,AVAILABLE}{/hddsDatanode}
2019-10-11 10:08:18,446 [main] INFO  server.AbstractConnector (AbstractConnector.java:doStart(278)) - Started ServerConnector@5ea4300e{HTTP/1.1,[http/1.1]}{0.0.0.0:36844}
2019-10-11 10:08:18,447 [main] INFO  server.Server (Server.java:doStart(419)) - Started @6518ms
2019-10-11 10:08:18,447 [main] WARN  impl.MetricsSystemImpl (MetricsSystemImpl.java:register(276)) - Sink prometheus already exists!
2019-10-11 10:08:18,448 [main] INFO  server.BaseHttpServer (BaseHttpServer.java:updateConnectorAddress(215)) - HTTP server of HDDSDATANODE is listening at http://0.0.0.0:36844
2019-10-11 10:08:18,448 [main] INFO  impl.MetricsSystemImpl (MetricsSystemImpl.java:init(158)) - HddsDatanode metrics system started (again)
2019-10-11 10:08:18,452 [main] INFO  ozone.HddsDatanodeService (HddsDatanodeService.java:start(184)) - HddsDatanodeService host:pr-hdds-1569-wxwzw-598427175 ip:192.168.164.221
2019-10-11 10:08:18,452 [org.apache.hadoop.util.JvmPauseMonitor$Monitor@54bc366e] INFO  util.JvmPauseMonitor (JvmPauseMonitor.java:run(188)) - Starting JVM pause monitor
2019-10-11 10:08:18,456 [Datanode State Machine Thread - 0] INFO  datanode.InitDatanodeState (InitDatanodeState.java:persistContainerDatanodeDetails(140)) - DatanodeDetails is persisted to /workdir/hadoop-ozone/integration-test/target/test-dir/MiniOzoneClusterImpl-cc3d3d95-e844-4504-baa9-60eb8f0888b1/datanode-4/meta/datanode.id
2019-10-11 10:08:18,461 [main] INFO  volume.HddsVolume (HddsVolume.java:<init>(176)) - Creating Volume: /workdir/hadoop-ozone/integration-test/target/test-dir/MiniOzoneClusterImpl-cc3d3d95-e844-4504-baa9-60eb8f0888b1/datanode-5/data/containers/hdds of  storage type : DISK and capacity : 1482555576320
2019-10-11 10:08:18,461 [main] INFO  volume.VolumeSet (VolumeSet.java:initializeVolumeSet(170)) - Added Volume : /workdir/hadoop-ozone/integration-test/target/test-dir/MiniOzoneClusterImpl-cc3d3d95-e844-4504-baa9-60eb8f0888b1/datanode-5/data/containers/hdds to VolumeSet
2019-10-11 10:08:18,461 [main] INFO  volume.ThrottledAsyncChecker (ThrottledAsyncChecker.java:schedule(139)) - Scheduling a check for org.apache.hadoop.ozone.container.common.volume.HddsVolume@4821aa9f
2019-10-11 10:08:18,462 [main] INFO  volume.HddsVolumeChecker (HddsVolumeChecker.java:checkAllVolumes(202)) - Scheduled health check for volume org.apache.hadoop.ozone.container.common.volume.HddsVolume@4821aa9f
2019-10-11 10:08:18,478 [main] INFO  impl.RaftServerProxy (ConfUtils.java:logGet(43)) - raft.rpc.type = GRPC (default)
2019-10-11 10:08:18,478 [main] INFO  grpc.GrpcFactory (GrpcFactory.java:checkPooledByteBufAllocatorUseCacheForAllThreads(45)) - PERFORMANCE WARNING: useCacheForAllThreads is true that may cause Netty to create a lot garbage objects and, as a result, trigger GC.
	It is recommended to disable useCacheForAllThreads by setting -Dorg.apache.ratis.thirdparty.io.netty.allocator.useCacheForAllThreads=false in command line.
2019-10-11 10:08:18,478 [main] INFO  grpc.GrpcConfigKeys$Server (ConfUtils.java:logGet(43)) - raft.grpc.server.port = 0 (default)
2019-10-11 10:08:18,479 [main] INFO  server.GrpcService (ConfUtils.java:logGet(43)) - raft.grpc.message.size.max = 33570816 (custom)
2019-10-11 10:08:18,479 [main] INFO  server.RaftServerConfigKeys (ConfUtils.java:logGet(43)) - raft.server.log.appender.buffer.byte-limit = 33554432 (custom)
2019-10-11 10:08:18,479 [main] INFO  server.GrpcService (ConfUtils.java:logGet(43)) - raft.grpc.flow.control.window = 1MB (=1048576) (default)
2019-10-11 10:08:18,479 [main] INFO  server.RaftServerConfigKeys (ConfUtils.java:logGet(43)) - raft.server.rpc.request.timeout = 3000ms (default)
2019-10-11 10:08:18,480 [main] INFO  server.RaftServerConfigKeys (ConfUtils.java:logGet(43)) - raft.server.storage.dir = [/workdir/hadoop-ozone/integration-test/target/test-dir/MiniOzoneClusterImpl-cc3d3d95-e844-4504-baa9-60eb8f0888b1/datanode-5/data/ratis] (custom)
2019-10-11 10:08:18,481 [main] INFO  hdfs.DFSUtil (DFSUtil.java:httpServerTemplateForNNAndJN(1641)) - Starting Web-server for hddsDatanode at: http://0.0.0.0:0
2019-10-11 10:08:18,482 [main] INFO  server.AuthenticationFilter (AuthenticationFilter.java:constructSecretProvider(240)) - Unable to initialize FileSignerSecretProvider, falling back to use random secrets.
2019-10-11 10:08:18,483 [main] WARN  http.HttpRequestLog (HttpRequestLog.java:getRequestLog(97)) - Jetty request log can only be enabled using Log4j
2019-10-11 10:08:18,484 [main] INFO  http.HttpServer2 (HttpServer2.java:addGlobalFilter(975)) - Added global filter 'safety' (class=org.apache.hadoop.http.HttpServer2$QuotingInputFilter)
2019-10-11 10:08:18,485 [main] INFO  http.HttpServer2 (HttpServer2.java:addFilter(948)) - Added filter static_user_filter (class=org.apache.hadoop.http.lib.StaticUserWebFilter$StaticUserFilter) to context hddsDatanode
2019-10-11 10:08:18,485 [main] INFO  http.HttpServer2 (HttpServer2.java:addFilter(958)) - Added filter static_user_filter (class=org.apache.hadoop.http.lib.StaticUserWebFilter$StaticUserFilter) to context logs
2019-10-11 10:08:18,485 [main] INFO  http.HttpServer2 (HttpServer2.java:addFilter(958)) - Added filter static_user_filter (class=org.apache.hadoop.http.lib.StaticUserWebFilter$StaticUserFilter) to context static
2019-10-11 10:08:18,486 [main] INFO  http.HttpServer2 (HttpServer2.java:bindListener(1191)) - Jetty bound to port 36009
2019-10-11 10:08:18,486 [main] INFO  server.Server (Server.java:doStart(351)) - jetty-9.3.25.v20180904, build timestamp: 2018-09-04T21:11:46Z, git hash: 3ce520221d0240229c862b122d2b06c12a625732
2019-10-11 10:08:18,488 [main] INFO  handler.ContextHandler (ContextHandler.java:doStart(781)) - Started o.e.j.s.ServletContextHandler@12eedfee{/logs,file:///workdir/hadoop-ozone/integration-test/target/log,AVAILABLE}
2019-10-11 10:08:18,488 [main] INFO  handler.ContextHandler (ContextHandler.java:doStart(781)) - Started o.e.j.s.ServletContextHandler@1352434e{/static,jar:file:/home/user/.m2/repository/org/apache/hadoop/hadoop-hdds-container-service/0.5.0-SNAPSHOT/hadoop-hdds-container-service-0.5.0-SNAPSHOT.jar!/webapps/static,AVAILABLE}
2019-10-11 10:08:18,517 [main] INFO  handler.ContextHandler (ContextHandler.java:doStart(781)) - Started o.e.j.w.WebAppContext@64d4f7c7{/,file:///tmp/jetty-0.0.0.0-36009-hddsDatanode-_-any-8817825258617214237.dir/webapp/,AVAILABLE}{/hddsDatanode}
2019-10-11 10:08:18,518 [main] INFO  server.AbstractConnector (AbstractConnector.java:doStart(278)) - Started ServerConnector@54e02f6a{HTTP/1.1,[http/1.1]}{0.0.0.0:36009}
2019-10-11 10:08:18,519 [main] INFO  server.Server (Server.java:doStart(419)) - Started @6590ms
2019-10-11 10:08:18,519 [main] WARN  impl.MetricsSystemImpl (MetricsSystemImpl.java:register(276)) - Sink prometheus already exists!
2019-10-11 10:08:18,520 [main] INFO  server.BaseHttpServer (BaseHttpServer.java:updateConnectorAddress(215)) - HTTP server of HDDSDATANODE is listening at http://0.0.0.0:36009
2019-10-11 10:08:18,520 [main] INFO  impl.MetricsSystemImpl (MetricsSystemImpl.java:init(158)) - HddsDatanode metrics system started (again)
2019-10-11 10:08:18,524 [main] INFO  ozone.HddsDatanodeService (HddsDatanodeService.java:start(184)) - HddsDatanodeService host:pr-hdds-1569-wxwzw-598427175 ip:192.168.164.221
2019-10-11 10:08:18,524 [org.apache.hadoop.util.JvmPauseMonitor$Monitor@44e3e78d] INFO  util.JvmPauseMonitor (JvmPauseMonitor.java:run(188)) - Starting JVM pause monitor
2019-10-11 10:08:18,527 [Datanode State Machine Thread - 0] INFO  datanode.InitDatanodeState (InitDatanodeState.java:persistContainerDatanodeDetails(140)) - DatanodeDetails is persisted to /workdir/hadoop-ozone/integration-test/target/test-dir/MiniOzoneClusterImpl-cc3d3d95-e844-4504-baa9-60eb8f0888b1/datanode-5/meta/datanode.id
2019-10-11 10:08:18,534 [main] INFO  volume.HddsVolume (HddsVolume.java:<init>(176)) - Creating Volume: /workdir/hadoop-ozone/integration-test/target/test-dir/MiniOzoneClusterImpl-cc3d3d95-e844-4504-baa9-60eb8f0888b1/datanode-6/data/containers/hdds of  storage type : DISK and capacity : 1482555576320
2019-10-11 10:08:18,534 [main] INFO  volume.VolumeSet (VolumeSet.java:initializeVolumeSet(170)) - Added Volume : /workdir/hadoop-ozone/integration-test/target/test-dir/MiniOzoneClusterImpl-cc3d3d95-e844-4504-baa9-60eb8f0888b1/datanode-6/data/containers/hdds to VolumeSet
2019-10-11 10:08:18,534 [main] INFO  volume.ThrottledAsyncChecker (ThrottledAsyncChecker.java:schedule(139)) - Scheduling a check for org.apache.hadoop.ozone.container.common.volume.HddsVolume@63884e4
2019-10-11 10:08:18,535 [main] INFO  volume.HddsVolumeChecker (HddsVolumeChecker.java:checkAllVolumes(202)) - Scheduled health check for volume org.apache.hadoop.ozone.container.common.volume.HddsVolume@63884e4
2019-10-11 10:08:18,550 [main] INFO  impl.RaftServerProxy (ConfUtils.java:logGet(43)) - raft.rpc.type = GRPC (default)
2019-10-11 10:08:18,550 [main] INFO  grpc.GrpcFactory (GrpcFactory.java:checkPooledByteBufAllocatorUseCacheForAllThreads(45)) - PERFORMANCE WARNING: useCacheForAllThreads is true that may cause Netty to create a lot garbage objects and, as a result, trigger GC.
	It is recommended to disable useCacheForAllThreads by setting -Dorg.apache.ratis.thirdparty.io.netty.allocator.useCacheForAllThreads=false in command line.
2019-10-11 10:08:18,550 [main] INFO  grpc.GrpcConfigKeys$Server (ConfUtils.java:logGet(43)) - raft.grpc.server.port = 0 (default)
2019-10-11 10:08:18,550 [main] INFO  server.GrpcService (ConfUtils.java:logGet(43)) - raft.grpc.message.size.max = 33570816 (custom)
2019-10-11 10:08:18,551 [main] INFO  server.RaftServerConfigKeys (ConfUtils.java:logGet(43)) - raft.server.log.appender.buffer.byte-limit = 33554432 (custom)
2019-10-11 10:08:18,551 [main] INFO  server.GrpcService (ConfUtils.java:logGet(43)) - raft.grpc.flow.control.window = 1MB (=1048576) (default)
2019-10-11 10:08:18,551 [main] INFO  server.RaftServerConfigKeys (ConfUtils.java:logGet(43)) - raft.server.rpc.request.timeout = 3000ms (default)
2019-10-11 10:08:18,552 [main] INFO  server.RaftServerConfigKeys (ConfUtils.java:logGet(43)) - raft.server.storage.dir = [/workdir/hadoop-ozone/integration-test/target/test-dir/MiniOzoneClusterImpl-cc3d3d95-e844-4504-baa9-60eb8f0888b1/datanode-6/data/ratis] (custom)
2019-10-11 10:08:18,553 [main] INFO  hdfs.DFSUtil (DFSUtil.java:httpServerTemplateForNNAndJN(1641)) - Starting Web-server for hddsDatanode at: http://0.0.0.0:0
2019-10-11 10:08:18,554 [main] INFO  server.AuthenticationFilter (AuthenticationFilter.java:constructSecretProvider(240)) - Unable to initialize FileSignerSecretProvider, falling back to use random secrets.
2019-10-11 10:08:18,555 [main] WARN  http.HttpRequestLog (HttpRequestLog.java:getRequestLog(97)) - Jetty request log can only be enabled using Log4j
2019-10-11 10:08:18,556 [main] INFO  http.HttpServer2 (HttpServer2.java:addGlobalFilter(975)) - Added global filter 'safety' (class=org.apache.hadoop.http.HttpServer2$QuotingInputFilter)
2019-10-11 10:08:18,557 [main] INFO  http.HttpServer2 (HttpServer2.java:addFilter(948)) - Added filter static_user_filter (class=org.apache.hadoop.http.lib.StaticUserWebFilter$StaticUserFilter) to context hddsDatanode
2019-10-11 10:08:18,557 [main] INFO  http.HttpServer2 (HttpServer2.java:addFilter(958)) - Added filter static_user_filter (class=org.apache.hadoop.http.lib.StaticUserWebFilter$StaticUserFilter) to context static
2019-10-11 10:08:18,557 [main] INFO  http.HttpServer2 (HttpServer2.java:addFilter(958)) - Added filter static_user_filter (class=org.apache.hadoop.http.lib.StaticUserWebFilter$StaticUserFilter) to context logs
2019-10-11 10:08:18,558 [main] INFO  http.HttpServer2 (HttpServer2.java:bindListener(1191)) - Jetty bound to port 35004
2019-10-11 10:08:18,558 [main] INFO  server.Server (Server.java:doStart(351)) - jetty-9.3.25.v20180904, build timestamp: 2018-09-04T21:11:46Z, git hash: 3ce520221d0240229c862b122d2b06c12a625732
2019-10-11 10:08:18,560 [main] INFO  handler.ContextHandler (ContextHandler.java:doStart(781)) - Started o.e.j.s.ServletContextHandler@79a04e5f{/logs,file:///workdir/hadoop-ozone/integration-test/target/log,AVAILABLE}
2019-10-11 10:08:18,560 [main] INFO  handler.ContextHandler (ContextHandler.java:doStart(781)) - Started o.e.j.s.ServletContextHandler@53311681{/static,jar:file:/home/user/.m2/repository/org/apache/hadoop/hadoop-hdds-container-service/0.5.0-SNAPSHOT/hadoop-hdds-container-service-0.5.0-SNAPSHOT.jar!/webapps/static,AVAILABLE}
2019-10-11 10:08:18,589 [main] INFO  handler.ContextHandler (ContextHandler.java:doStart(781)) - Started o.e.j.w.WebAppContext@59696551{/,file:///tmp/jetty-0.0.0.0-35004-hddsDatanode-_-any-7625598529387324259.dir/webapp/,AVAILABLE}{/hddsDatanode}
2019-10-11 10:08:18,591 [main] INFO  server.AbstractConnector (AbstractConnector.java:doStart(278)) - Started ServerConnector@648d0e6d{HTTP/1.1,[http/1.1]}{0.0.0.0:35004}
2019-10-11 10:08:18,591 [main] INFO  server.Server (Server.java:doStart(419)) - Started @6662ms
2019-10-11 10:08:18,591 [main] WARN  impl.MetricsSystemImpl (MetricsSystemImpl.java:register(276)) - Sink prometheus already exists!
2019-10-11 10:08:18,592 [main] INFO  server.BaseHttpServer (BaseHttpServer.java:updateConnectorAddress(215)) - HTTP server of HDDSDATANODE is listening at http://0.0.0.0:35004
2019-10-11 10:08:18,595 [main] INFO  ozone.MiniOzoneClusterImpl (MiniOzoneClusterImpl.java:lambda$waitForClusterToBeReady$0(147)) - Waiting for cluster to be ready. Got 0 of 7 DN Heartbeats.
2019-10-11 10:08:18,596 [org.apache.hadoop.util.JvmPauseMonitor$Monitor@95fabfe] INFO  util.JvmPauseMonitor (JvmPauseMonitor.java:run(188)) - Starting JVM pause monitor
2019-10-11 10:08:18,599 [Datanode State Machine Thread - 0] INFO  datanode.InitDatanodeState (InitDatanodeState.java:persistContainerDatanodeDetails(140)) - DatanodeDetails is persisted to /workdir/hadoop-ozone/integration-test/target/test-dir/MiniOzoneClusterImpl-cc3d3d95-e844-4504-baa9-60eb8f0888b1/datanode-6/meta/datanode.id
2019-10-11 10:08:19,595 [main] INFO  ozone.MiniOzoneClusterImpl (MiniOzoneClusterImpl.java:lambda$waitForClusterToBeReady$0(147)) - Waiting for cluster to be ready. Got 0 of 7 DN Heartbeats.
2019-10-11 10:08:20,248 [Datanode State Machine Thread - 0] INFO  ozoneimpl.OzoneContainer (OzoneContainer.java:start(217)) - Attempting to start container services.
2019-10-11 10:08:20,251 [Datanode State Machine Thread - 0] INFO  ozoneimpl.OzoneContainer (OzoneContainer.java:startContainerScrub(179)) - Background container scanner has been disabled.
2019-10-11 10:08:20,251 [Datanode State Machine Thread - 0] INFO  ratis.XceiverServerRatis (XceiverServerRatis.java:start(411)) - Starting XceiverServerRatis 4302bdf4-b2bc-4d1b-92dc-dca675ac0824 at port 0
2019-10-11 10:08:20,264 [Datanode State Machine Thread - 0] INFO  ozoneimpl.OzoneContainer (OzoneContainer.java:start(217)) - Attempting to start container services.
2019-10-11 10:08:20,275 [Datanode State Machine Thread - 0] INFO  ozoneimpl.OzoneContainer (OzoneContainer.java:startContainerScrub(179)) - Background container scanner has been disabled.
2019-10-11 10:08:20,275 [Datanode State Machine Thread - 0] INFO  ratis.XceiverServerRatis (XceiverServerRatis.java:start(411)) - Starting XceiverServerRatis c72dbeab-b6e2-48b8-b87b-77765a61575f at port 0
2019-10-11 10:08:20,290 [Datanode State Machine Thread - 0] INFO  impl.RaftServerProxy (RaftServerProxy.java:lambda$start$3(299)) - 4302bdf4-b2bc-4d1b-92dc-dca675ac0824: start RPC server
2019-10-11 10:08:20,295 [Datanode State Machine Thread - 0] INFO  impl.RaftServerProxy (RaftServerProxy.java:lambda$start$3(299)) - c72dbeab-b6e2-48b8-b87b-77765a61575f: start RPC server
2019-10-11 10:08:20,348 [Datanode State Machine Thread - 0] INFO  ozoneimpl.OzoneContainer (OzoneContainer.java:start(217)) - Attempting to start container services.
2019-10-11 10:08:20,353 [Datanode State Machine Thread - 0] INFO  ozoneimpl.OzoneContainer (OzoneContainer.java:startContainerScrub(179)) - Background container scanner has been disabled.
2019-10-11 10:08:20,353 [Datanode State Machine Thread - 0] INFO  ratis.XceiverServerRatis (XceiverServerRatis.java:start(411)) - Starting XceiverServerRatis bd87c10d-2a97-4600-a4c6-dcfee1c9d709 at port 0
2019-10-11 10:08:20,364 [Datanode State Machine Thread - 0] INFO  impl.RaftServerProxy (RaftServerProxy.java:lambda$start$3(299)) - bd87c10d-2a97-4600-a4c6-dcfee1c9d709: start RPC server
2019-10-11 10:08:20,415 [Datanode State Machine Thread - 0] INFO  ozoneimpl.OzoneContainer (OzoneContainer.java:start(217)) - Attempting to start container services.
2019-10-11 10:08:20,415 [Datanode State Machine Thread - 0] INFO  ozoneimpl.OzoneContainer (OzoneContainer.java:startContainerScrub(179)) - Background container scanner has been disabled.
2019-10-11 10:08:20,415 [Datanode State Machine Thread - 0] INFO  ratis.XceiverServerRatis (XceiverServerRatis.java:start(411)) - Starting XceiverServerRatis b908fea9-9d9e-4680-974c-d51461f1bcae at port 0
2019-10-11 10:08:20,429 [Datanode State Machine Thread - 0] INFO  impl.RaftServerProxy (RaftServerProxy.java:lambda$start$3(299)) - b908fea9-9d9e-4680-974c-d51461f1bcae: start RPC server
2019-10-11 10:08:20,466 [Datanode State Machine Thread - 0] INFO  server.GrpcService (GrpcService.java:startImpl(158)) - b908fea9-9d9e-4680-974c-d51461f1bcae: GrpcService started, listening on 0.0.0.0/0.0.0.0:39068
2019-10-11 10:08:20,466 [Datanode State Machine Thread - 0] INFO  server.GrpcService (GrpcService.java:startImpl(158)) - c72dbeab-b6e2-48b8-b87b-77765a61575f: GrpcService started, listening on 0.0.0.0/0.0.0.0:45506
2019-10-11 10:08:20,467 [Datanode State Machine Thread - 0] INFO  ratis.XceiverServerRatis (XceiverServerRatis.java:start(421)) - XceiverServerRatis b908fea9-9d9e-4680-974c-d51461f1bcae is started using port 39068
2019-10-11 10:08:20,466 [Datanode State Machine Thread - 0] INFO  server.GrpcService (GrpcService.java:startImpl(158)) - bd87c10d-2a97-4600-a4c6-dcfee1c9d709: GrpcService started, listening on 0.0.0.0/0.0.0.0:37535
2019-10-11 10:08:20,466 [Datanode State Machine Thread - 0] INFO  server.GrpcService (GrpcService.java:startImpl(158)) - 4302bdf4-b2bc-4d1b-92dc-dca675ac0824: GrpcService started, listening on 0.0.0.0/0.0.0.0:43862
2019-10-11 10:08:20,468 [Datanode State Machine Thread - 0] INFO  ratis.XceiverServerRatis (XceiverServerRatis.java:start(421)) - XceiverServerRatis bd87c10d-2a97-4600-a4c6-dcfee1c9d709 is started using port 37535
2019-10-11 10:08:20,468 [Datanode State Machine Thread - 0] INFO  ratis.XceiverServerRatis (XceiverServerRatis.java:start(421)) - XceiverServerRatis c72dbeab-b6e2-48b8-b87b-77765a61575f is started using port 45506
2019-10-11 10:08:20,468 [Datanode State Machine Thread - 0] INFO  ratis.XceiverServerRatis (XceiverServerRatis.java:start(421)) - XceiverServerRatis 4302bdf4-b2bc-4d1b-92dc-dca675ac0824 is started using port 43862
2019-10-11 10:08:20,478 [Datanode State Machine Thread - 0] INFO  server.XceiverServerGrpc (XceiverServerGrpc.java:start(149)) - XceiverServerGrpc bd87c10d-2a97-4600-a4c6-dcfee1c9d709 is started using port 37024
2019-10-11 10:08:20,479 [Datanode State Machine Thread - 0] INFO  server.XceiverServerGrpc (XceiverServerGrpc.java:start(149)) - XceiverServerGrpc 4302bdf4-b2bc-4d1b-92dc-dca675ac0824 is started using port 34671
2019-10-11 10:08:20,479 [Datanode State Machine Thread - 0] INFO  server.XceiverServerGrpc (XceiverServerGrpc.java:start(149)) - XceiverServerGrpc c72dbeab-b6e2-48b8-b87b-77765a61575f is started using port 42187
2019-10-11 10:08:20,478 [Datanode State Machine Thread - 0] INFO  server.XceiverServerGrpc (XceiverServerGrpc.java:start(149)) - XceiverServerGrpc b908fea9-9d9e-4680-974c-d51461f1bcae is started using port 37542
2019-10-11 10:08:20,490 [Datanode State Machine Thread - 0] INFO  ozoneimpl.OzoneContainer (OzoneContainer.java:start(217)) - Attempting to start container services.
2019-10-11 10:08:20,491 [Datanode State Machine Thread - 0] INFO  ozoneimpl.OzoneContainer (OzoneContainer.java:startContainerScrub(179)) - Background container scanner has been disabled.
2019-10-11 10:08:20,491 [Datanode State Machine Thread - 0] INFO  ratis.XceiverServerRatis (XceiverServerRatis.java:start(411)) - Starting XceiverServerRatis 2a3896bf-c579-4beb-9043-be047c7720ce at port 0
2019-10-11 10:08:20,499 [Datanode State Machine Thread - 0] INFO  impl.RaftServerProxy (RaftServerProxy.java:lambda$start$3(299)) - 2a3896bf-c579-4beb-9043-be047c7720ce: start RPC server
2019-10-11 10:08:20,502 [Datanode State Machine Thread - 0] INFO  server.GrpcService (GrpcService.java:startImpl(158)) - 2a3896bf-c579-4beb-9043-be047c7720ce: GrpcService started, listening on 0.0.0.0/0.0.0.0:35466
2019-10-11 10:08:20,502 [Datanode State Machine Thread - 0] INFO  ratis.XceiverServerRatis (XceiverServerRatis.java:start(421)) - XceiverServerRatis 2a3896bf-c579-4beb-9043-be047c7720ce is started using port 35466
2019-10-11 10:08:20,506 [Datanode State Machine Thread - 0] INFO  server.XceiverServerGrpc (XceiverServerGrpc.java:start(149)) - XceiverServerGrpc 2a3896bf-c579-4beb-9043-be047c7720ce is started using port 38272
2019-10-11 10:08:20,549 [Datanode State Machine Thread - 0] INFO  ozoneimpl.OzoneContainer (OzoneContainer.java:start(217)) - Attempting to start container services.
2019-10-11 10:08:20,549 [Datanode State Machine Thread - 0] INFO  ozoneimpl.OzoneContainer (OzoneContainer.java:startContainerScrub(179)) - Background container scanner has been disabled.
2019-10-11 10:08:20,550 [Datanode State Machine Thread - 0] INFO  ratis.XceiverServerRatis (XceiverServerRatis.java:start(411)) - Starting XceiverServerRatis fd0f34a3-07b1-4956-8232-be1a3f5e6261 at port 0
2019-10-11 10:08:20,556 [Datanode State Machine Thread - 0] INFO  impl.RaftServerProxy (RaftServerProxy.java:lambda$start$3(299)) - fd0f34a3-07b1-4956-8232-be1a3f5e6261: start RPC server
2019-10-11 10:08:20,560 [Datanode State Machine Thread - 0] INFO  server.GrpcService (GrpcService.java:startImpl(158)) - fd0f34a3-07b1-4956-8232-be1a3f5e6261: GrpcService started, listening on 0.0.0.0/0.0.0.0:42219
2019-10-11 10:08:20,560 [Datanode State Machine Thread - 0] INFO  ratis.XceiverServerRatis (XceiverServerRatis.java:start(421)) - XceiverServerRatis fd0f34a3-07b1-4956-8232-be1a3f5e6261 is started using port 42219
2019-10-11 10:08:20,563 [Datanode State Machine Thread - 0] INFO  server.XceiverServerGrpc (XceiverServerGrpc.java:start(149)) - XceiverServerGrpc fd0f34a3-07b1-4956-8232-be1a3f5e6261 is started using port 37343
2019-10-11 10:08:20,596 [main] INFO  ozone.MiniOzoneClusterImpl (MiniOzoneClusterImpl.java:lambda$waitForClusterToBeReady$0(147)) - Waiting for cluster to be ready. Got 0 of 7 DN Heartbeats.
2019-10-11 10:08:20,624 [Datanode State Machine Thread - 0] INFO  ozoneimpl.OzoneContainer (OzoneContainer.java:start(217)) - Attempting to start container services.
2019-10-11 10:08:20,625 [Datanode State Machine Thread - 0] INFO  ozoneimpl.OzoneContainer (OzoneContainer.java:startContainerScrub(179)) - Background container scanner has been disabled.
2019-10-11 10:08:20,625 [Datanode State Machine Thread - 0] INFO  ratis.XceiverServerRatis (XceiverServerRatis.java:start(411)) - Starting XceiverServerRatis 961fa25b-2046-4a66-92ac-d432cdf59950 at port 0
2019-10-11 10:08:20,636 [Datanode State Machine Thread - 0] INFO  impl.RaftServerProxy (RaftServerProxy.java:lambda$start$3(299)) - 961fa25b-2046-4a66-92ac-d432cdf59950: start RPC server
2019-10-11 10:08:20,641 [Datanode State Machine Thread - 0] INFO  server.GrpcService (GrpcService.java:startImpl(158)) - 961fa25b-2046-4a66-92ac-d432cdf59950: GrpcService started, listening on 0.0.0.0/0.0.0.0:37980
2019-10-11 10:08:20,642 [Datanode State Machine Thread - 0] INFO  ratis.XceiverServerRatis (XceiverServerRatis.java:start(421)) - XceiverServerRatis 961fa25b-2046-4a66-92ac-d432cdf59950 is started using port 37980
2019-10-11 10:08:20,646 [Datanode State Machine Thread - 0] INFO  server.XceiverServerGrpc (XceiverServerGrpc.java:start(149)) - XceiverServerGrpc 961fa25b-2046-4a66-92ac-d432cdf59950 is started using port 37594
2019-10-11 10:08:21,596 [main] INFO  ozone.MiniOzoneClusterImpl (MiniOzoneClusterImpl.java:lambda$waitForClusterToBeReady$0(147)) - Waiting for cluster to be ready. Got 0 of 7 DN Heartbeats.
2019-10-11 10:08:22,200 [IPC Server handler 1 on 38597] INFO  net.NetworkTopology (NetworkTopologyImpl.java:add(111)) - Added a new node: /default-rack/4302bdf4-b2bc-4d1b-92dc-dca675ac0824
2019-10-11 10:08:22,201 [IPC Server handler 1 on 38597] INFO  node.SCMNodeManager (SCMNodeManager.java:register(266)) - Registered Data node : 4302bdf4-b2bc-4d1b-92dc-dca675ac0824{ip: 192.168.164.221, host: pr-hdds-1569-wxwzw-598427175, networkLocation: /default-rack, certSerialId: null}
2019-10-11 10:08:22,205 [EventQueue-NodeRegistrationContainerReportForDataNodeSafeModeRule] INFO  safemode.SCMSafeModeManager (DataNodeSafeModeRule.java:process(71)) - SCM in safe mode. 1 DataNodes registered, 1 required.
2019-10-11 10:08:22,205 [EventQueue-NodeRegistrationContainerReportForDataNodeSafeModeRule] INFO  safemode.SCMSafeModeManager (SCMSafeModeManager.java:validateSafeModeExitRules(177)) - ScmSafeModeManager, all rules are successfully validated
2019-10-11 10:08:22,205 [EventQueue-NodeRegistrationContainerReportForDataNodeSafeModeRule] INFO  safemode.SCMSafeModeManager (SCMSafeModeManager.java:exitSafeMode(193)) - SCM exiting safe mode.
2019-10-11 10:08:22,236 [IPC Server handler 0 on 38597] INFO  net.NetworkTopology (NetworkTopologyImpl.java:add(111)) - Added a new node: /default-rack/c72dbeab-b6e2-48b8-b87b-77765a61575f
2019-10-11 10:08:22,236 [IPC Server handler 0 on 38597] INFO  node.SCMNodeManager (SCMNodeManager.java:register(266)) - Registered Data node : c72dbeab-b6e2-48b8-b87b-77765a61575f{ip: 192.168.164.221, host: pr-hdds-1569-wxwzw-598427175, networkLocation: /default-rack, certSerialId: null}
2019-10-11 10:08:22,318 [IPC Server handler 2 on 38597] INFO  net.NetworkTopology (NetworkTopologyImpl.java:add(111)) - Added a new node: /default-rack/bd87c10d-2a97-4600-a4c6-dcfee1c9d709
2019-10-11 10:08:22,319 [IPC Server handler 2 on 38597] INFO  node.SCMNodeManager (SCMNodeManager.java:register(266)) - Registered Data node : bd87c10d-2a97-4600-a4c6-dcfee1c9d709{ip: 192.168.164.221, host: pr-hdds-1569-wxwzw-598427175, networkLocation: /default-rack, certSerialId: null}
2019-10-11 10:08:22,385 [IPC Server handler 3 on 38597] INFO  net.NetworkTopology (NetworkTopologyImpl.java:add(111)) - Added a new node: /default-rack/b908fea9-9d9e-4680-974c-d51461f1bcae
2019-10-11 10:08:22,386 [IPC Server handler 3 on 38597] INFO  node.SCMNodeManager (SCMNodeManager.java:register(266)) - Registered Data node : b908fea9-9d9e-4680-974c-d51461f1bcae{ip: 192.168.164.221, host: pr-hdds-1569-wxwzw-598427175, networkLocation: /default-rack, certSerialId: null}
2019-10-11 10:08:22,459 [IPC Server handler 7 on 38597] INFO  net.NetworkTopology (NetworkTopologyImpl.java:add(111)) - Added a new node: /default-rack/2a3896bf-c579-4beb-9043-be047c7720ce
2019-10-11 10:08:22,459 [IPC Server handler 7 on 38597] INFO  node.SCMNodeManager (SCMNodeManager.java:register(266)) - Registered Data node : 2a3896bf-c579-4beb-9043-be047c7720ce{ip: 192.168.164.221, host: pr-hdds-1569-wxwzw-598427175, networkLocation: /default-rack, certSerialId: null}
2019-10-11 10:08:22,530 [IPC Server handler 6 on 38597] INFO  net.NetworkTopology (NetworkTopologyImpl.java:add(111)) - Added a new node: /default-rack/fd0f34a3-07b1-4956-8232-be1a3f5e6261
2019-10-11 10:08:22,530 [IPC Server handler 6 on 38597] INFO  node.SCMNodeManager (SCMNodeManager.java:register(266)) - Registered Data node : fd0f34a3-07b1-4956-8232-be1a3f5e6261{ip: 192.168.164.221, host: pr-hdds-1569-wxwzw-598427175, networkLocation: /default-rack, certSerialId: null}
2019-10-11 10:08:22,597 [main] INFO  ozone.MiniOzoneClusterImpl (MiniOzoneClusterImpl.java:lambda$waitForClusterToBeReady$0(147)) - Waiting for cluster to be ready. Got 6 of 7 DN Heartbeats.
2019-10-11 10:08:22,600 [IPC Server handler 5 on 38597] INFO  net.NetworkTopology (NetworkTopologyImpl.java:add(111)) - Added a new node: /default-rack/961fa25b-2046-4a66-92ac-d432cdf59950
2019-10-11 10:08:22,600 [IPC Server handler 5 on 38597] INFO  node.SCMNodeManager (SCMNodeManager.java:register(266)) - Registered Data node : 961fa25b-2046-4a66-92ac-d432cdf59950{ip: 192.168.164.221, host: pr-hdds-1569-wxwzw-598427175, networkLocation: /default-rack, certSerialId: null}
2019-10-11 10:08:22,811 [grpc-default-executor-0] INFO  impl.RaftServerProxy (RaftServerProxy.java:addNew(89)) - 4302bdf4-b2bc-4d1b-92dc-dca675ac0824: addNew group-FA5B50016484:[4302bdf4-b2bc-4d1b-92dc-dca675ac0824:192.168.164.221:43862] returns group-FA5B50016484:java.util.concurrent.CompletableFuture@1572a97e[Not completed]
2019-10-11 10:08:22,839 [pool-27-thread-1] INFO  impl.RaftServerImpl (RaftServerImpl.java:<init>(95)) - 4302bdf4-b2bc-4d1b-92dc-dca675ac0824: new RaftServerImpl for group-FA5B50016484:[4302bdf4-b2bc-4d1b-92dc-dca675ac0824:192.168.164.221:43862] with ContainerStateMachine:uninitialized
2019-10-11 10:08:22,841 [pool-27-thread-1] INFO  server.RaftServerConfigKeys (ConfUtils.java:logGet(43)) - raft.server.rpc.timeout.min = 5s (custom)
2019-10-11 10:08:22,843 [pool-27-thread-1] INFO  server.RaftServerConfigKeys (ConfUtils.java:logGet(43)) - raft.server.rpc.timeout.max = 5200ms (custom)
2019-10-11 10:08:22,843 [pool-27-thread-1] INFO  server.RaftServerConfigKeys (ConfUtils.java:logGet(43)) - raft.server.rpcslowness.timeout = 120s (custom)
2019-10-11 10:08:22,844 [pool-27-thread-1] INFO  server.RaftServerConfigKeys (ConfUtils.java:logGet(43)) - raft.server.sleep.deviation.threshold = 300 (default)
2019-10-11 10:08:22,845 [pool-27-thread-1] INFO  server.RaftServerConfigKeys (ConfUtils.java:logGet(43)) - raft.server.log.appender.install.snapshot.enabled = false (custom)
2019-10-11 10:08:22,854 [pool-27-thread-1] INFO  impl.RaftServerImpl (ServerState.java:<init>(103)) - 4302bdf4-b2bc-4d1b-92dc-dca675ac0824@group-FA5B50016484: ConfigurationManager, init=-1: [4302bdf4-b2bc-4d1b-92dc-dca675ac0824:192.168.164.221:43862], old=null, confs=<EMPTY_MAP>
2019-10-11 10:08:22,855 [pool-27-thread-1] INFO  server.RaftServerConfigKeys (ConfUtils.java:logGet(43)) - raft.server.storage.dir = [/workdir/hadoop-ozone/integration-test/target/test-dir/MiniOzoneClusterImpl-cc3d3d95-e844-4504-baa9-60eb8f0888b1/datanode-0/data/ratis] (custom)
2019-10-11 10:08:22,864 [pool-27-thread-1] INFO  storage.RaftStorageDirectory (RaftStorageDirectory.java:analyzeStorage(246)) - The storage directory /workdir/hadoop-ozone/integration-test/target/test-dir/MiniOzoneClusterImpl-cc3d3d95-e844-4504-baa9-60eb8f0888b1/datanode-0/data/ratis/7d92638e-149c-4978-8cd8-fa5b50016484 does not exist. Creating ...
2019-10-11 10:08:22,900 [pool-27-thread-1] INFO  storage.RaftStorageDirectory (RaftStorageDirectory.java:tryLock(328)) - Lock on /workdir/hadoop-ozone/integration-test/target/test-dir/MiniOzoneClusterImpl-cc3d3d95-e844-4504-baa9-60eb8f0888b1/datanode-0/data/ratis/7d92638e-149c-4978-8cd8-fa5b50016484/in_use.lock acquired by nodename 24013@pr-hdds-1569-wxwzw-598427175
2019-10-11 10:08:22,925 [pool-27-thread-1] INFO  storage.RaftStorage (RaftStorage.java:format(72)) - Storage directory /workdir/hadoop-ozone/integration-test/target/test-dir/MiniOzoneClusterImpl-cc3d3d95-e844-4504-baa9-60eb8f0888b1/datanode-0/data/ratis/7d92638e-149c-4978-8cd8-fa5b50016484 has been successfully formatted.
2019-10-11 10:08:22,929 [pool-27-thread-1] INFO  ratis.ContainerStateMachine (ContainerStateMachine.java:loadSnapshot(230)) - group-FA5B50016484: The snapshot info is null. Setting the last applied indexto:(t:0, i:~)
2019-10-11 10:08:22,929 [pool-27-thread-1] INFO  server.RaftServerConfigKeys (ConfUtils.java:logGet(43)) - raft.server.notification.no-leader.timeout = 120s (custom)
2019-10-11 10:08:22,933 [pool-27-thread-1] INFO  server.RaftServerConfigKeys (ConfUtils.java:logGet(43)) - raft.server.log.use.memory = false (default)
2019-10-11 10:08:22,942 [pool-27-thread-1] INFO  server.RaftServerConfigKeys (ConfUtils.java:logGet(43)) - raft.server.log.purge.gap = 1000000 (custom)
2019-10-11 10:08:22,943 [pool-27-thread-1] INFO  server.RaftServerConfigKeys (ConfUtils.java:logGet(43)) - raft.server.log.appender.buffer.byte-limit = 33554432 (custom)
2019-10-11 10:08:22,946 [pool-27-thread-1] INFO  server.RaftServerConfigKeys (ConfUtils.java:logGet(43)) - raft.server.log.segment.size.max = 1048576 (custom)
2019-10-11 10:08:22,953 [pool-27-thread-1] INFO  server.RaftServerConfigKeys (ConfUtils.java:logGet(43)) - raft.server.log.segment.cache.num.max = 2 (custom)
2019-10-11 10:08:22,961 [pool-27-thread-1] INFO  segmented.SegmentedRaftLogWorker (SegmentedRaftLogWorker.java:<init>(172)) - new 4302bdf4-b2bc-4d1b-92dc-dca675ac0824@group-FA5B50016484-SegmentedRaftLogWorker for RaftStorage:Storage Directory /workdir/hadoop-ozone/integration-test/target/test-dir/MiniOzoneClusterImpl-cc3d3d95-e844-4504-baa9-60eb8f0888b1/datanode-0/data/ratis/7d92638e-149c-4978-8cd8-fa5b50016484
2019-10-11 10:08:22,964 [pool-27-thread-1] INFO  impl.MetricsSystemImpl (MetricsSystemImpl.java:init(158)) - ratis metrics system started (again)
2019-10-11 10:08:22,972 [pool-27-thread-1] INFO  metrics.MetricRegistries (MetricRegistriesLoader.java:load(64)) - Loaded MetricRegistries class org.apache.ratis.metrics.impl.MetricRegistriesImpl
2019-10-11 10:08:23,009 [pool-27-thread-1] INFO  server.RaftServerConfigKeys (ConfUtils.java:logGet(43)) - raft.server.log.queue.byte-limit = 2147483647 (custom)
2019-10-11 10:08:23,010 [pool-27-thread-1] INFO  server.RaftServerConfigKeys (ConfUtils.java:logGet(43)) - raft.server.log.queue.element-limit = 1024 (custom)
2019-10-11 10:08:23,013 [pool-27-thread-1] INFO  server.RaftServerConfigKeys (ConfUtils.java:logGet(43)) - raft.server.log.segment.size.max = 1048576 (custom)
2019-10-11 10:08:23,014 [pool-27-thread-1] INFO  server.RaftServerConfigKeys (ConfUtils.java:logGet(43)) - raft.server.log.preallocated.size = 16384 (custom)
2019-10-11 10:08:23,015 [pool-27-thread-1] INFO  server.RaftServerConfigKeys (ConfUtils.java:logGet(43)) - raft.server.log.write.buffer.size = 33554432 (custom)
2019-10-11 10:08:23,015 [pool-27-thread-1] INFO  server.RaftServerConfigKeys (ConfUtils.java:logGet(43)) - raft.server.log.force.sync.num = 128 (default)
2019-10-11 10:08:23,016 [pool-27-thread-1] INFO  server.RaftServerConfigKeys (ConfUtils.java:logGet(43)) - raft.server.log.statemachine.data.sync = true (default)
2019-10-11 10:08:23,016 [pool-27-thread-1] INFO  server.RaftServerConfigKeys (ConfUtils.java:logGet(43)) - raft.server.log.statemachine.data.sync.timeout = 10s (default)
2019-10-11 10:08:23,017 [pool-27-thread-1] INFO  server.RaftServerConfigKeys (ConfUtils.java:logGet(43)) - raft.server.log.statemachine.data.sync.timeout.retry = -1 (default)
2019-10-11 10:08:23,026 [pool-27-thread-1] INFO  server.RaftServerConfigKeys (ConfUtils.java:logGet(43)) - raft.server.log.statemachine.data.caching.enabled = true (custom)
2019-10-11 10:08:23,030 [pool-27-thread-1] INFO  segmented.SegmentedRaftLogWorker (SegmentedRaftLogWorker.java:lambda$new$0(132)) - 4302bdf4-b2bc-4d1b-92dc-dca675ac0824@group-FA5B50016484-SegmentedRaftLogWorker: flushIndex: setUnconditionally 0 -> -1
2019-10-11 10:08:23,035 [pool-27-thread-1] INFO  server.RaftServerConfigKeys (ConfUtils.java:logGet(43)) - raft.server.snapshot.auto.trigger.enabled = true (custom)
2019-10-11 10:08:23,036 [pool-27-thread-1] INFO  server.RaftServerConfigKeys (ConfUtils.java:logGet(43)) - raft.server.snapshot.auto.trigger.threshold = 10000 (custom)
2019-10-11 10:08:23,036 [pool-27-thread-1] INFO  server.RaftServerConfigKeys (ConfUtils.java:logGet(43)) - raft.server.snapshot.retention.num.files = 5 (custom)
2019-10-11 10:08:23,037 [pool-27-thread-1] INFO  server.RaftServerConfigKeys (ConfUtils.java:logGet(43)) - raft.server.retrycache.expirytime = 600000ms (custom)
2019-10-11 10:08:23,068 [pool-27-thread-1] INFO  impl.RaftServerImpl (RaftServerImpl.java:start(185)) - 4302bdf4-b2bc-4d1b-92dc-dca675ac0824@group-FA5B50016484: start as a follower, conf=-1: [4302bdf4-b2bc-4d1b-92dc-dca675ac0824:192.168.164.221:43862], old=null
2019-10-11 10:08:23,070 [pool-27-thread-1] INFO  impl.RaftServerImpl (RaftServerImpl.java:setRole(174)) - 4302bdf4-b2bc-4d1b-92dc-dca675ac0824@group-FA5B50016484: changes role from      null to FOLLOWER at term 0 for startAsFollower
2019-10-11 10:08:23,072 [pool-27-thread-1] INFO  impl.RoleInfo (RoleInfo.java:updateAndGet(143)) - 4302bdf4-b2bc-4d1b-92dc-dca675ac0824: start FollowerState
2019-10-11 10:08:23,075 [pool-27-thread-1] INFO  util.JmxRegister (JmxRegister.java:tryRegister(44)) - Successfully registered JMX Bean with object name Ratis:service=RaftServer,group=group-FA5B50016484,id=4302bdf4-b2bc-4d1b-92dc-dca675ac0824
2019-10-11 10:08:23,153 [RatisPipelineUtilsThread] INFO  pipeline.PipelineStateManager (PipelineStateManager.java:addPipeline(56)) - Created pipeline Pipeline[ Id: 7d92638e-149c-4978-8cd8-fa5b50016484, Nodes: 4302bdf4-b2bc-4d1b-92dc-dca675ac0824{ip: 192.168.164.221, host: pr-hdds-1569-wxwzw-598427175, networkLocation: /default-rack, certSerialId: null}, Type:RATIS, Factor:ONE, State:OPEN]
2019-10-11 10:08:23,181 [grpc-default-executor-0] INFO  impl.RaftServerProxy (RaftServerProxy.java:addNew(89)) - bd87c10d-2a97-4600-a4c6-dcfee1c9d709: addNew group-28C297FF29FE:[bd87c10d-2a97-4600-a4c6-dcfee1c9d709:192.168.164.221:37535] returns group-28C297FF29FE:java.util.concurrent.CompletableFuture@7166fa15[Not completed]
2019-10-11 10:08:23,223 [pool-47-thread-1] INFO  impl.RaftServerImpl (RaftServerImpl.java:<init>(95)) - bd87c10d-2a97-4600-a4c6-dcfee1c9d709: new RaftServerImpl for group-28C297FF29FE:[bd87c10d-2a97-4600-a4c6-dcfee1c9d709:192.168.164.221:37535] with ContainerStateMachine:uninitialized
2019-10-11 10:08:23,224 [pool-47-thread-1] INFO  server.RaftServerConfigKeys (ConfUtils.java:logGet(43)) - raft.server.rpc.timeout.min = 5s (custom)
2019-10-11 10:08:23,224 [pool-47-thread-1] INFO  server.RaftServerConfigKeys (ConfUtils.java:logGet(43)) - raft.server.rpc.timeout.max = 5200ms (custom)
2019-10-11 10:08:23,225 [pool-47-thread-1] INFO  server.RaftServerConfigKeys (ConfUtils.java:logGet(43)) - raft.server.rpcslowness.timeout = 120s (custom)
2019-10-11 10:08:23,225 [pool-47-thread-1] INFO  server.RaftServerConfigKeys (ConfUtils.java:logGet(43)) - raft.server.sleep.deviation.threshold = 300 (default)
2019-10-11 10:08:23,225 [pool-47-thread-1] INFO  server.RaftServerConfigKeys (ConfUtils.java:logGet(43)) - raft.server.log.appender.install.snapshot.enabled = false (custom)
2019-10-11 10:08:23,225 [pool-47-thread-1] INFO  impl.RaftServerImpl (ServerState.java:<init>(103)) - bd87c10d-2a97-4600-a4c6-dcfee1c9d709@group-28C297FF29FE: ConfigurationManager, init=-1: [bd87c10d-2a97-4600-a4c6-dcfee1c9d709:192.168.164.221:37535], old=null, confs=<EMPTY_MAP>
2019-10-11 10:08:23,226 [pool-47-thread-1] INFO  server.RaftServerConfigKeys (ConfUtils.java:logGet(43)) - raft.server.storage.dir = [/workdir/hadoop-ozone/integration-test/target/test-dir/MiniOzoneClusterImpl-cc3d3d95-e844-4504-baa9-60eb8f0888b1/datanode-2/data/ratis] (custom)
2019-10-11 10:08:23,226 [pool-47-thread-1] INFO  storage.RaftStorageDirectory (RaftStorageDirectory.java:analyzeStorage(246)) - The storage directory /workdir/hadoop-ozone/integration-test/target/test-dir/MiniOzoneClusterImpl-cc3d3d95-e844-4504-baa9-60eb8f0888b1/datanode-2/data/ratis/a5877ddf-4973-4bf8-aa99-28c297ff29fe does not exist. Creating ...
2019-10-11 10:08:23,251 [pool-47-thread-1] INFO  storage.RaftStorageDirectory (RaftStorageDirectory.java:tryLock(328)) - Lock on /workdir/hadoop-ozone/integration-test/target/test-dir/MiniOzoneClusterImpl-cc3d3d95-e844-4504-baa9-60eb8f0888b1/datanode-2/data/ratis/a5877ddf-4973-4bf8-aa99-28c297ff29fe/in_use.lock acquired by nodename 24013@pr-hdds-1569-wxwzw-598427175
2019-10-11 10:08:23,276 [pool-47-thread-1] INFO  storage.RaftStorage (RaftStorage.java:format(72)) - Storage directory /workdir/hadoop-ozone/integration-test/target/test-dir/MiniOzoneClusterImpl-cc3d3d95-e844-4504-baa9-60eb8f0888b1/datanode-2/data/ratis/a5877ddf-4973-4bf8-aa99-28c297ff29fe has been successfully formatted.
2019-10-11 10:08:23,279 [pool-47-thread-1] INFO  ratis.ContainerStateMachine (ContainerStateMachine.java:loadSnapshot(230)) - group-28C297FF29FE: The snapshot info is null. Setting the last applied indexto:(t:0, i:~)
2019-10-11 10:08:23,281 [pool-47-thread-1] INFO  server.RaftServerConfigKeys (ConfUtils.java:logGet(43)) - raft.server.notification.no-leader.timeout = 120s (custom)
2019-10-11 10:08:23,281 [pool-47-thread-1] INFO  server.RaftServerConfigKeys (ConfUtils.java:logGet(43)) - raft.server.log.use.memory = false (default)
2019-10-11 10:08:23,281 [pool-47-thread-1] INFO  server.RaftServerConfigKeys (ConfUtils.java:logGet(43)) - raft.server.log.purge.gap = 1000000 (custom)
2019-10-11 10:08:23,281 [pool-47-thread-1] INFO  server.RaftServerConfigKeys (ConfUtils.java:logGet(43)) - raft.server.log.appender.buffer.byte-limit = 33554432 (custom)
2019-10-11 10:08:23,282 [pool-47-thread-1] INFO  server.RaftServerConfigKeys (ConfUtils.java:logGet(43)) - raft.server.log.segment.size.max = 1048576 (custom)
2019-10-11 10:08:23,282 [pool-47-thread-1] INFO  server.RaftServerConfigKeys (ConfUtils.java:logGet(43)) - raft.server.log.segment.cache.num.max = 2 (custom)
2019-10-11 10:08:23,282 [pool-47-thread-1] INFO  segmented.SegmentedRaftLogWorker (SegmentedRaftLogWorker.java:<init>(172)) - new bd87c10d-2a97-4600-a4c6-dcfee1c9d709@group-28C297FF29FE-SegmentedRaftLogWorker for RaftStorage:Storage Directory /workdir/hadoop-ozone/integration-test/target/test-dir/MiniOzoneClusterImpl-cc3d3d95-e844-4504-baa9-60eb8f0888b1/datanode-2/data/ratis/a5877ddf-4973-4bf8-aa99-28c297ff29fe
2019-10-11 10:08:23,291 [pool-47-thread-1] INFO  server.RaftServerConfigKeys (ConfUtils.java:logGet(43)) - raft.server.log.queue.byte-limit = 2147483647 (custom)
2019-10-11 10:08:23,291 [pool-47-thread-1] INFO  server.RaftServerConfigKeys (ConfUtils.java:logGet(43)) - raft.server.log.queue.element-limit = 1024 (custom)
2019-10-11 10:08:23,291 [pool-47-thread-1] INFO  server.RaftServerConfigKeys (ConfUtils.java:logGet(43)) - raft.server.log.segment.size.max = 1048576 (custom)
2019-10-11 10:08:23,292 [pool-47-thread-1] INFO  server.RaftServerConfigKeys (ConfUtils.java:logGet(43)) - raft.server.log.preallocated.size = 16384 (custom)
2019-10-11 10:08:23,292 [pool-47-thread-1] INFO  server.RaftServerConfigKeys (ConfUtils.java:logGet(43)) - raft.server.log.write.buffer.size = 33554432 (custom)
2019-10-11 10:08:23,292 [pool-47-thread-1] INFO  server.RaftServerConfigKeys (ConfUtils.java:logGet(43)) - raft.server.log.force.sync.num = 128 (default)
2019-10-11 10:08:23,292 [pool-47-thread-1] INFO  server.RaftServerConfigKeys (ConfUtils.java:logGet(43)) - raft.server.log.statemachine.data.sync = true (default)
2019-10-11 10:08:23,292 [pool-47-thread-1] INFO  server.RaftServerConfigKeys (ConfUtils.java:logGet(43)) - raft.server.log.statemachine.data.sync.timeout = 10s (default)
2019-10-11 10:08:23,293 [pool-47-thread-1] INFO  server.RaftServerConfigKeys (ConfUtils.java:logGet(43)) - raft.server.log.statemachine.data.sync.timeout.retry = -1 (default)
2019-10-11 10:08:23,293 [pool-47-thread-1] INFO  server.RaftServerConfigKeys (ConfUtils.java:logGet(43)) - raft.server.log.statemachine.data.caching.enabled = true (custom)
2019-10-11 10:08:23,294 [pool-47-thread-1] INFO  segmented.SegmentedRaftLogWorker (SegmentedRaftLogWorker.java:lambda$new$0(132)) - bd87c10d-2a97-4600-a4c6-dcfee1c9d709@group-28C297FF29FE-SegmentedRaftLogWorker: flushIndex: setUnconditionally 0 -> -1
2019-10-11 10:08:23,294 [pool-47-thread-1] INFO  server.RaftServerConfigKeys (ConfUtils.java:logGet(43)) - raft.server.snapshot.auto.trigger.enabled = true (custom)
2019-10-11 10:08:23,294 [pool-47-thread-1] INFO  server.RaftServerConfigKeys (ConfUtils.java:logGet(43)) - raft.server.snapshot.auto.trigger.threshold = 10000 (custom)
2019-10-11 10:08:23,294 [pool-47-thread-1] INFO  server.RaftServerConfigKeys (ConfUtils.java:logGet(43)) - raft.server.snapshot.retention.num.files = 5 (custom)
2019-10-11 10:08:23,295 [pool-47-thread-1] INFO  server.RaftServerConfigKeys (ConfUtils.java:logGet(43)) - raft.server.retrycache.expirytime = 600000ms (custom)
2019-10-11 10:08:23,301 [pool-47-thread-1] INFO  impl.RaftServerImpl (RaftServerImpl.java:start(185)) - bd87c10d-2a97-4600-a4c6-dcfee1c9d709@group-28C297FF29FE: start as a follower, conf=-1: [bd87c10d-2a97-4600-a4c6-dcfee1c9d709:192.168.164.221:37535], old=null
2019-10-11 10:08:23,301 [pool-47-thread-1] INFO  impl.RaftServerImpl (RaftServerImpl.java:setRole(174)) - bd87c10d-2a97-4600-a4c6-dcfee1c9d709@group-28C297FF29FE: changes role from      null to FOLLOWER at term 0 for startAsFollower
2019-10-11 10:08:23,301 [pool-47-thread-1] INFO  impl.RoleInfo (RoleInfo.java:updateAndGet(143)) - bd87c10d-2a97-4600-a4c6-dcfee1c9d709: start FollowerState
2019-10-11 10:08:23,304 [pool-47-thread-1] INFO  util.JmxRegister (JmxRegister.java:tryRegister(44)) - Successfully registered JMX Bean with object name Ratis:service=RaftServer,group=group-28C297FF29FE,id=bd87c10d-2a97-4600-a4c6-dcfee1c9d709
2019-10-11 10:08:23,320 [RatisPipelineUtilsThread] INFO  pipeline.PipelineStateManager (PipelineStateManager.java:addPipeline(56)) - Created pipeline Pipeline[ Id: a5877ddf-4973-4bf8-aa99-28c297ff29fe, Nodes: bd87c10d-2a97-4600-a4c6-dcfee1c9d709{ip: 192.168.164.221, host: pr-hdds-1569-wxwzw-598427175, networkLocation: /default-rack, certSerialId: null}, Type:RATIS, Factor:ONE, State:OPEN]
2019-10-11 10:08:23,347 [grpc-default-executor-0] INFO  impl.RaftServerProxy (RaftServerProxy.java:addNew(89)) - b908fea9-9d9e-4680-974c-d51461f1bcae: addNew group-7EB28C1895DE:[b908fea9-9d9e-4680-974c-d51461f1bcae:192.168.164.221:39068] returns group-7EB28C1895DE:java.util.concurrent.CompletableFuture@1ad3d9f[Not completed]
2019-10-11 10:08:23,377 [pool-57-thread-1] INFO  impl.RaftServerImpl (RaftServerImpl.java:<init>(95)) - b908fea9-9d9e-4680-974c-d51461f1bcae: new RaftServerImpl for group-7EB28C1895DE:[b908fea9-9d9e-4680-974c-d51461f1bcae:192.168.164.221:39068] with ContainerStateMachine:uninitialized
2019-10-11 10:08:23,377 [pool-57-thread-1] INFO  server.RaftServerConfigKeys (ConfUtils.java:logGet(43)) - raft.server.rpc.timeout.min = 5s (custom)
2019-10-11 10:08:23,377 [pool-57-thread-1] INFO  server.RaftServerConfigKeys (ConfUtils.java:logGet(43)) - raft.server.rpc.timeout.max = 5200ms (custom)
2019-10-11 10:08:23,377 [pool-57-thread-1] INFO  server.RaftServerConfigKeys (ConfUtils.java:logGet(43)) - raft.server.rpcslowness.timeout = 120s (custom)
2019-10-11 10:08:23,378 [pool-57-thread-1] INFO  server.RaftServerConfigKeys (ConfUtils.java:logGet(43)) - raft.server.sleep.deviation.threshold = 300 (default)
2019-10-11 10:08:23,378 [pool-57-thread-1] INFO  server.RaftServerConfigKeys (ConfUtils.java:logGet(43)) - raft.server.log.appender.install.snapshot.enabled = false (custom)
2019-10-11 10:08:23,378 [pool-57-thread-1] INFO  impl.RaftServerImpl (ServerState.java:<init>(103)) - b908fea9-9d9e-4680-974c-d51461f1bcae@group-7EB28C1895DE: ConfigurationManager, init=-1: [b908fea9-9d9e-4680-974c-d51461f1bcae:192.168.164.221:39068], old=null, confs=<EMPTY_MAP>
2019-10-11 10:08:23,378 [pool-57-thread-1] INFO  server.RaftServerConfigKeys (ConfUtils.java:logGet(43)) - raft.server.storage.dir = [/workdir/hadoop-ozone/integration-test/target/test-dir/MiniOzoneClusterImpl-cc3d3d95-e844-4504-baa9-60eb8f0888b1/datanode-3/data/ratis] (custom)
2019-10-11 10:08:23,379 [pool-57-thread-1] INFO  storage.RaftStorageDirectory (RaftStorageDirectory.java:analyzeStorage(246)) - The storage directory /workdir/hadoop-ozone/integration-test/target/test-dir/MiniOzoneClusterImpl-cc3d3d95-e844-4504-baa9-60eb8f0888b1/datanode-3/data/ratis/507f7b29-01c6-4c93-9fb3-7eb28c1895de does not exist. Creating ...
2019-10-11 10:08:23,401 [pool-57-thread-1] INFO  storage.RaftStorageDirectory (RaftStorageDirectory.java:tryLock(328)) - Lock on /workdir/hadoop-ozone/integration-test/target/test-dir/MiniOzoneClusterImpl-cc3d3d95-e844-4504-baa9-60eb8f0888b1/datanode-3/data/ratis/507f7b29-01c6-4c93-9fb3-7eb28c1895de/in_use.lock acquired by nodename 24013@pr-hdds-1569-wxwzw-598427175
2019-10-11 10:08:23,427 [pool-57-thread-1] INFO  storage.RaftStorage (RaftStorage.java:format(72)) - Storage directory /workdir/hadoop-ozone/integration-test/target/test-dir/MiniOzoneClusterImpl-cc3d3d95-e844-4504-baa9-60eb8f0888b1/datanode-3/data/ratis/507f7b29-01c6-4c93-9fb3-7eb28c1895de has been successfully formatted.
2019-10-11 10:08:23,428 [pool-57-thread-1] INFO  ratis.ContainerStateMachine (ContainerStateMachine.java:loadSnapshot(230)) - group-7EB28C1895DE: The snapshot info is null. Setting the last applied indexto:(t:0, i:~)
2019-10-11 10:08:23,428 [pool-57-thread-1] INFO  server.RaftServerConfigKeys (ConfUtils.java:logGet(43)) - raft.server.notification.no-leader.timeout = 120s (custom)
2019-10-11 10:08:23,428 [pool-57-thread-1] INFO  server.RaftServerConfigKeys (ConfUtils.java:logGet(43)) - raft.server.log.use.memory = false (default)
2019-10-11 10:08:23,428 [pool-57-thread-1] INFO  server.RaftServerConfigKeys (ConfUtils.java:logGet(43)) - raft.server.log.purge.gap = 1000000 (custom)
2019-10-11 10:08:23,429 [pool-57-thread-1] INFO  server.RaftServerConfigKeys (ConfUtils.java:logGet(43)) - raft.server.log.appender.buffer.byte-limit = 33554432 (custom)
2019-10-11 10:08:23,429 [pool-57-thread-1] INFO  server.RaftServerConfigKeys (ConfUtils.java:logGet(43)) - raft.server.log.segment.size.max = 1048576 (custom)
2019-10-11 10:08:23,429 [pool-57-thread-1] INFO  server.RaftServerConfigKeys (ConfUtils.java:logGet(43)) - raft.server.log.segment.cache.num.max = 2 (custom)
2019-10-11 10:08:23,429 [pool-57-thread-1] INFO  segmented.SegmentedRaftLogWorker (SegmentedRaftLogWorker.java:<init>(172)) - new b908fea9-9d9e-4680-974c-d51461f1bcae@group-7EB28C1895DE-SegmentedRaftLogWorker for RaftStorage:Storage Directory /workdir/hadoop-ozone/integration-test/target/test-dir/MiniOzoneClusterImpl-cc3d3d95-e844-4504-baa9-60eb8f0888b1/datanode-3/data/ratis/507f7b29-01c6-4c93-9fb3-7eb28c1895de
2019-10-11 10:08:23,464 [pool-57-thread-1] INFO  server.RaftServerConfigKeys (ConfUtils.java:logGet(43)) - raft.server.log.queue.byte-limit = 2147483647 (custom)
2019-10-11 10:08:23,464 [pool-57-thread-1] INFO  server.RaftServerConfigKeys (ConfUtils.java:logGet(43)) - raft.server.log.queue.element-limit = 1024 (custom)
2019-10-11 10:08:23,465 [pool-57-thread-1] INFO  server.RaftServerConfigKeys (ConfUtils.java:logGet(43)) - raft.server.log.segment.size.max = 1048576 (custom)
2019-10-11 10:08:23,465 [pool-57-thread-1] INFO  server.RaftServerConfigKeys (ConfUtils.java:logGet(43)) - raft.server.log.preallocated.size = 16384 (custom)
2019-10-11 10:08:23,465 [pool-57-thread-1] INFO  server.RaftServerConfigKeys (ConfUtils.java:logGet(43)) - raft.server.log.write.buffer.size = 33554432 (custom)
2019-10-11 10:08:23,465 [pool-57-thread-1] INFO  server.RaftServerConfigKeys (ConfUtils.java:logGet(43)) - raft.server.log.force.sync.num = 128 (default)
2019-10-11 10:08:23,465 [pool-57-thread-1] INFO  server.RaftServerConfigKeys (ConfUtils.java:logGet(43)) - raft.server.log.statemachine.data.sync = true (default)
2019-10-11 10:08:23,465 [pool-57-thread-1] INFO  server.RaftServerConfigKeys (ConfUtils.java:logGet(43)) - raft.server.log.statemachine.data.sync.timeout = 10s (default)
2019-10-11 10:08:23,466 [pool-57-thread-1] INFO  server.RaftServerConfigKeys (ConfUtils.java:logGet(43)) - raft.server.log.statemachine.data.sync.timeout.retry = -1 (default)
2019-10-11 10:08:23,466 [pool-57-thread-1] INFO  server.RaftServerConfigKeys (ConfUtils.java:logGet(43)) - raft.server.log.statemachine.data.caching.enabled = true (custom)
2019-10-11 10:08:23,466 [pool-57-thread-1] INFO  segmented.SegmentedRaftLogWorker (SegmentedRaftLogWorker.java:lambda$new$0(132)) - b908fea9-9d9e-4680-974c-d51461f1bcae@group-7EB28C1895DE-SegmentedRaftLogWorker: flushIndex: setUnconditionally 0 -> -1
2019-10-11 10:08:23,467 [pool-57-thread-1] INFO  server.RaftServerConfigKeys (ConfUtils.java:logGet(43)) - raft.server.snapshot.auto.trigger.enabled = true (custom)
2019-10-11 10:08:23,467 [pool-57-thread-1] INFO  server.RaftServerConfigKeys (ConfUtils.java:logGet(43)) - raft.server.snapshot.auto.trigger.threshold = 10000 (custom)
2019-10-11 10:08:23,467 [pool-57-thread-1] INFO  server.RaftServerConfigKeys (ConfUtils.java:logGet(43)) - raft.server.snapshot.retention.num.files = 5 (custom)
2019-10-11 10:08:23,467 [pool-57-thread-1] INFO  server.RaftServerConfigKeys (ConfUtils.java:logGet(43)) - raft.server.retrycache.expirytime = 600000ms (custom)
2019-10-11 10:08:23,472 [pool-57-thread-1] INFO  impl.RaftServerImpl (RaftServerImpl.java:start(185)) - b908fea9-9d9e-4680-974c-d51461f1bcae@group-7EB28C1895DE: start as a follower, conf=-1: [b908fea9-9d9e-4680-974c-d51461f1bcae:192.168.164.221:39068], old=null
2019-10-11 10:08:23,472 [pool-57-thread-1] INFO  impl.RaftServerImpl (RaftServerImpl.java:setRole(174)) - b908fea9-9d9e-4680-974c-d51461f1bcae@group-7EB28C1895DE: changes role from      null to FOLLOWER at term 0 for startAsFollower
2019-10-11 10:08:23,472 [pool-57-thread-1] INFO  impl.RoleInfo (RoleInfo.java:updateAndGet(143)) - b908fea9-9d9e-4680-974c-d51461f1bcae: start FollowerState
2019-10-11 10:08:23,473 [pool-57-thread-1] INFO  util.JmxRegister (JmxRegister.java:tryRegister(44)) - Successfully registered JMX Bean with object name Ratis:service=RaftServer,group=group-7EB28C1895DE,id=b908fea9-9d9e-4680-974c-d51461f1bcae
2019-10-11 10:08:23,486 [RatisPipelineUtilsThread] INFO  pipeline.PipelineStateManager (PipelineStateManager.java:addPipeline(56)) - Created pipeline Pipeline[ Id: 507f7b29-01c6-4c93-9fb3-7eb28c1895de, Nodes: b908fea9-9d9e-4680-974c-d51461f1bcae{ip: 192.168.164.221, host: pr-hdds-1569-wxwzw-598427175, networkLocation: /default-rack, certSerialId: null}, Type:RATIS, Factor:ONE, State:OPEN]
2019-10-11 10:08:23,508 [grpc-default-executor-0] INFO  impl.RaftServerProxy (RaftServerProxy.java:addNew(89)) - 2a3896bf-c579-4beb-9043-be047c7720ce: addNew group-C12CAB3D83D8:[2a3896bf-c579-4beb-9043-be047c7720ce:192.168.164.221:35466] returns group-C12CAB3D83D8:java.util.concurrent.CompletableFuture@79c8af13[Not completed]
2019-10-11 10:08:23,513 [pool-67-thread-1] INFO  impl.RaftServerImpl (RaftServerImpl.java:<init>(95)) - 2a3896bf-c579-4beb-9043-be047c7720ce: new RaftServerImpl for group-C12CAB3D83D8:[2a3896bf-c579-4beb-9043-be047c7720ce:192.168.164.221:35466] with ContainerStateMachine:uninitialized
2019-10-11 10:08:23,514 [pool-67-thread-1] INFO  server.RaftServerConfigKeys (ConfUtils.java:logGet(43)) - raft.server.rpc.timeout.min = 5s (custom)
2019-10-11 10:08:23,514 [pool-67-thread-1] INFO  server.RaftServerConfigKeys (ConfUtils.java:logGet(43)) - raft.server.rpc.timeout.max = 5200ms (custom)
2019-10-11 10:08:23,514 [pool-67-thread-1] INFO  server.RaftServerConfigKeys (ConfUtils.java:logGet(43)) - raft.server.rpcslowness.timeout = 120s (custom)
2019-10-11 10:08:23,514 [pool-67-thread-1] INFO  server.RaftServerConfigKeys (ConfUtils.java:logGet(43)) - raft.server.sleep.deviation.threshold = 300 (default)
2019-10-11 10:08:23,514 [pool-67-thread-1] INFO  server.RaftServerConfigKeys (ConfUtils.java:logGet(43)) - raft.server.log.appender.install.snapshot.enabled = false (custom)
2019-10-11 10:08:23,515 [pool-67-thread-1] INFO  impl.RaftServerImpl (ServerState.java:<init>(103)) - 2a3896bf-c579-4beb-9043-be047c7720ce@group-C12CAB3D83D8: ConfigurationManager, init=-1: [2a3896bf-c579-4beb-9043-be047c7720ce:192.168.164.221:35466], old=null, confs=<EMPTY_MAP>
2019-10-11 10:08:23,515 [pool-67-thread-1] INFO  server.RaftServerConfigKeys (ConfUtils.java:logGet(43)) - raft.server.storage.dir = [/workdir/hadoop-ozone/integration-test/target/test-dir/MiniOzoneClusterImpl-cc3d3d95-e844-4504-baa9-60eb8f0888b1/datanode-4/data/ratis] (custom)
2019-10-11 10:08:23,516 [pool-67-thread-1] INFO  storage.RaftStorageDirectory (RaftStorageDirectory.java:analyzeStorage(246)) - The storage directory /workdir/hadoop-ozone/integration-test/target/test-dir/MiniOzoneClusterImpl-cc3d3d95-e844-4504-baa9-60eb8f0888b1/datanode-4/data/ratis/ae34c7e8-7c4f-4f30-9c8f-c12cab3d83d8 does not exist. Creating ...
2019-10-11 10:08:23,552 [pool-67-thread-1] INFO  storage.RaftStorageDirectory (RaftStorageDirectory.java:tryLock(328)) - Lock on /workdir/hadoop-ozone/integration-test/target/test-dir/MiniOzoneClusterImpl-cc3d3d95-e844-4504-baa9-60eb8f0888b1/datanode-4/data/ratis/ae34c7e8-7c4f-4f30-9c8f-c12cab3d83d8/in_use.lock acquired by nodename 24013@pr-hdds-1569-wxwzw-598427175
2019-10-11 10:08:23,577 [pool-67-thread-1] INFO  storage.RaftStorage (RaftStorage.java:format(72)) - Storage directory /workdir/hadoop-ozone/integration-test/target/test-dir/MiniOzoneClusterImpl-cc3d3d95-e844-4504-baa9-60eb8f0888b1/datanode-4/data/ratis/ae34c7e8-7c4f-4f30-9c8f-c12cab3d83d8 has been successfully formatted.
2019-10-11 10:08:23,578 [pool-67-thread-1] INFO  ratis.ContainerStateMachine (ContainerStateMachine.java:loadSnapshot(230)) - group-C12CAB3D83D8: The snapshot info is null. Setting the last applied indexto:(t:0, i:~)
2019-10-11 10:08:23,578 [pool-67-thread-1] INFO  server.RaftServerConfigKeys (ConfUtils.java:logGet(43)) - raft.server.notification.no-leader.timeout = 120s (custom)
2019-10-11 10:08:23,578 [pool-67-thread-1] INFO  server.RaftServerConfigKeys (ConfUtils.java:logGet(43)) - raft.server.log.use.memory = false (default)
2019-10-11 10:08:23,578 [pool-67-thread-1] INFO  server.RaftServerConfigKeys (ConfUtils.java:logGet(43)) - raft.server.log.purge.gap = 1000000 (custom)
2019-10-11 10:08:23,579 [pool-67-thread-1] INFO  server.RaftServerConfigKeys (ConfUtils.java:logGet(43)) - raft.server.log.appender.buffer.byte-limit = 33554432 (custom)
2019-10-11 10:08:23,579 [pool-67-thread-1] INFO  server.RaftServerConfigKeys (ConfUtils.java:logGet(43)) - raft.server.log.segment.size.max = 1048576 (custom)
2019-10-11 10:08:23,579 [pool-67-thread-1] INFO  server.RaftServerConfigKeys (ConfUtils.java:logGet(43)) - raft.server.log.segment.cache.num.max = 2 (custom)
2019-10-11 10:08:23,579 [pool-67-thread-1] INFO  segmented.SegmentedRaftLogWorker (SegmentedRaftLogWorker.java:<init>(172)) - new 2a3896bf-c579-4beb-9043-be047c7720ce@group-C12CAB3D83D8-SegmentedRaftLogWorker for RaftStorage:Storage Directory /workdir/hadoop-ozone/integration-test/target/test-dir/MiniOzoneClusterImpl-cc3d3d95-e844-4504-baa9-60eb8f0888b1/datanode-4/data/ratis/ae34c7e8-7c4f-4f30-9c8f-c12cab3d83d8
2019-10-11 10:08:23,584 [pool-67-thread-1] INFO  server.RaftServerConfigKeys (ConfUtils.java:logGet(43)) - raft.server.log.queue.byte-limit = 2147483647 (custom)
2019-10-11 10:08:23,584 [pool-67-thread-1] INFO  server.RaftServerConfigKeys (ConfUtils.java:logGet(43)) - raft.server.log.queue.element-limit = 1024 (custom)
2019-10-11 10:08:23,584 [pool-67-thread-1] INFO  server.RaftServerConfigKeys (ConfUtils.java:logGet(43)) - raft.server.log.segment.size.max = 1048576 (custom)
2019-10-11 10:08:23,584 [pool-67-thread-1] INFO  server.RaftServerConfigKeys (ConfUtils.java:logGet(43)) - raft.server.log.preallocated.size = 16384 (custom)
2019-10-11 10:08:23,584 [pool-67-thread-1] INFO  server.RaftServerConfigKeys (ConfUtils.java:logGet(43)) - raft.server.log.write.buffer.size = 33554432 (custom)
2019-10-11 10:08:23,585 [pool-67-thread-1] INFO  server.RaftServerConfigKeys (ConfUtils.java:logGet(43)) - raft.server.log.force.sync.num = 128 (default)
2019-10-11 10:08:23,585 [pool-67-thread-1] INFO  server.RaftServerConfigKeys (ConfUtils.java:logGet(43)) - raft.server.log.statemachine.data.sync = true (default)
2019-10-11 10:08:23,585 [pool-67-thread-1] INFO  server.RaftServerConfigKeys (ConfUtils.java:logGet(43)) - raft.server.log.statemachine.data.sync.timeout = 10s (default)
2019-10-11 10:08:23,585 [pool-67-thread-1] INFO  server.RaftServerConfigKeys (ConfUtils.java:logGet(43)) - raft.server.log.statemachine.data.sync.timeout.retry = -1 (default)
2019-10-11 10:08:23,585 [pool-67-thread-1] INFO  server.RaftServerConfigKeys (ConfUtils.java:logGet(43)) - raft.server.log.statemachine.data.caching.enabled = true (custom)
2019-10-11 10:08:23,586 [pool-67-thread-1] INFO  segmented.SegmentedRaftLogWorker (SegmentedRaftLogWorker.java:lambda$new$0(132)) - 2a3896bf-c579-4beb-9043-be047c7720ce@group-C12CAB3D83D8-SegmentedRaftLogWorker: flushIndex: setUnconditionally 0 -> -1
2019-10-11 10:08:23,586 [pool-67-thread-1] INFO  server.RaftServerConfigKeys (ConfUtils.java:logGet(43)) - raft.server.snapshot.auto.trigger.enabled = true (custom)
2019-10-11 10:08:23,586 [pool-67-thread-1] INFO  server.RaftServerConfigKeys (ConfUtils.java:logGet(43)) - raft.server.snapshot.auto.trigger.threshold = 10000 (custom)
2019-10-11 10:08:23,587 [pool-67-thread-1] INFO  server.RaftServerConfigKeys (ConfUtils.java:logGet(43)) - raft.server.snapshot.retention.num.files = 5 (custom)
2019-10-11 10:08:23,587 [pool-67-thread-1] INFO  server.RaftServerConfigKeys (ConfUtils.java:logGet(43)) - raft.server.retrycache.expirytime = 600000ms (custom)
2019-10-11 10:08:23,591 [pool-67-thread-1] INFO  impl.RaftServerImpl (RaftServerImpl.java:start(185)) - 2a3896bf-c579-4beb-9043-be047c7720ce@group-C12CAB3D83D8: start as a follower, conf=-1: [2a3896bf-c579-4beb-9043-be047c7720ce:192.168.164.221:35466], old=null
2019-10-11 10:08:23,591 [pool-67-thread-1] INFO  impl.RaftServerImpl (RaftServerImpl.java:setRole(174)) - 2a3896bf-c579-4beb-9043-be047c7720ce@group-C12CAB3D83D8: changes role from      null to FOLLOWER at term 0 for startAsFollower
2019-10-11 10:08:23,592 [pool-67-thread-1] INFO  impl.RoleInfo (RoleInfo.java:updateAndGet(143)) - 2a3896bf-c579-4beb-9043-be047c7720ce: start FollowerState
2019-10-11 10:08:23,592 [pool-67-thread-1] INFO  util.JmxRegister (JmxRegister.java:tryRegister(44)) - Successfully registered JMX Bean with object name Ratis:service=RaftServer,group=group-C12CAB3D83D8,id=2a3896bf-c579-4beb-9043-be047c7720ce
2019-10-11 10:08:23,600 [main] INFO  ozone.MiniOzoneClusterImpl (MiniOzoneClusterImpl.java:lambda$waitForClusterToBeReady$0(147)) - Cluster is ready. Got 7 of 7 DN Heartbeats.
2019-10-11 10:08:23,607 [RatisPipelineUtilsThread] INFO  pipeline.PipelineStateManager (PipelineStateManager.java:addPipeline(56)) - Created pipeline Pipeline[ Id: ae34c7e8-7c4f-4f30-9c8f-c12cab3d83d8, Nodes: 2a3896bf-c579-4beb-9043-be047c7720ce{ip: 192.168.164.221, host: pr-hdds-1569-wxwzw-598427175, networkLocation: /default-rack, certSerialId: null}, Type:RATIS, Factor:ONE, State:OPEN]
2019-10-11 10:08:23,632 [grpc-default-executor-0] INFO  impl.RaftServerProxy (RaftServerProxy.java:addNew(89)) - fd0f34a3-07b1-4956-8232-be1a3f5e6261: addNew group-379F3F7E3922:[fd0f34a3-07b1-4956-8232-be1a3f5e6261:192.168.164.221:42219] returns group-379F3F7E3922:java.util.concurrent.CompletableFuture@8d34826[Not completed]
2019-10-11 10:08:23,638 [pool-77-thread-1] INFO  impl.RaftServerImpl (RaftServerImpl.java:<init>(95)) - fd0f34a3-07b1-4956-8232-be1a3f5e6261: new RaftServerImpl for group-379F3F7E3922:[fd0f34a3-07b1-4956-8232-be1a3f5e6261:192.168.164.221:42219] with ContainerStateMachine:uninitialized
2019-10-11 10:08:23,639 [pool-77-thread-1] INFO  server.RaftServerConfigKeys (ConfUtils.java:logGet(43)) - raft.server.rpc.timeout.min = 5s (custom)
2019-10-11 10:08:23,639 [pool-77-thread-1] INFO  server.RaftServerConfigKeys (ConfUtils.java:logGet(43)) - raft.server.rpc.timeout.max = 5200ms (custom)
2019-10-11 10:08:23,639 [pool-77-thread-1] INFO  server.RaftServerConfigKeys (ConfUtils.java:logGet(43)) - raft.server.rpcslowness.timeout = 120s (custom)
2019-10-11 10:08:23,639 [pool-77-thread-1] INFO  server.RaftServerConfigKeys (ConfUtils.java:logGet(43)) - raft.server.sleep.deviation.threshold = 300 (default)
2019-10-11 10:08:23,639 [pool-77-thread-1] INFO  server.RaftServerConfigKeys (ConfUtils.java:logGet(43)) - raft.server.log.appender.install.snapshot.enabled = false (custom)
2019-10-11 10:08:23,640 [pool-77-thread-1] INFO  impl.RaftServerImpl (ServerState.java:<init>(103)) - fd0f34a3-07b1-4956-8232-be1a3f5e6261@group-379F3F7E3922: ConfigurationManager, init=-1: [fd0f34a3-07b1-4956-8232-be1a3f5e6261:192.168.164.221:42219], old=null, confs=<EMPTY_MAP>
2019-10-11 10:08:23,640 [pool-77-thread-1] INFO  server.RaftServerConfigKeys (ConfUtils.java:logGet(43)) - raft.server.storage.dir = [/workdir/hadoop-ozone/integration-test/target/test-dir/MiniOzoneClusterImpl-cc3d3d95-e844-4504-baa9-60eb8f0888b1/datanode-5/data/ratis] (custom)
2019-10-11 10:08:23,640 [pool-77-thread-1] INFO  storage.RaftStorageDirectory (RaftStorageDirectory.java:analyzeStorage(246)) - The storage directory /workdir/hadoop-ozone/integration-test/target/test-dir/MiniOzoneClusterImpl-cc3d3d95-e844-4504-baa9-60eb8f0888b1/datanode-5/data/ratis/1533dbb8-5dc6-4b10-9a0c-379f3f7e3922 does not exist. Creating ...
2019-10-11 10:08:23,670 [pool-77-thread-1] INFO  storage.RaftStorageDirectory (RaftStorageDirectory.java:tryLock(328)) - Lock on /workdir/hadoop-ozone/integration-test/target/test-dir/MiniOzoneClusterImpl-cc3d3d95-e844-4504-baa9-60eb8f0888b1/datanode-5/data/ratis/1533dbb8-5dc6-4b10-9a0c-379f3f7e3922/in_use.lock acquired by nodename 24013@pr-hdds-1569-wxwzw-598427175
2019-10-11 10:08:23,696 [pool-77-thread-1] INFO  storage.RaftStorage (RaftStorage.java:format(72)) - Storage directory /workdir/hadoop-ozone/integration-test/target/test-dir/MiniOzoneClusterImpl-cc3d3d95-e844-4504-baa9-60eb8f0888b1/datanode-5/data/ratis/1533dbb8-5dc6-4b10-9a0c-379f3f7e3922 has been successfully formatted.
2019-10-11 10:08:23,696 [pool-77-thread-1] INFO  ratis.ContainerStateMachine (ContainerStateMachine.java:loadSnapshot(230)) - group-379F3F7E3922: The snapshot info is null. Setting the last applied indexto:(t:0, i:~)
2019-10-11 10:08:23,697 [pool-77-thread-1] INFO  server.RaftServerConfigKeys (ConfUtils.java:logGet(43)) - raft.server.notification.no-leader.timeout = 120s (custom)
2019-10-11 10:08:23,697 [pool-77-thread-1] INFO  server.RaftServerConfigKeys (ConfUtils.java:logGet(43)) - raft.server.log.use.memory = false (default)
2019-10-11 10:08:23,697 [pool-77-thread-1] INFO  server.RaftServerConfigKeys (ConfUtils.java:logGet(43)) - raft.server.log.purge.gap = 1000000 (custom)
2019-10-11 10:08:23,697 [pool-77-thread-1] INFO  server.RaftServerConfigKeys (ConfUtils.java:logGet(43)) - raft.server.log.appender.buffer.byte-limit = 33554432 (custom)
2019-10-11 10:08:23,697 [pool-77-thread-1] INFO  server.RaftServerConfigKeys (ConfUtils.java:logGet(43)) - raft.server.log.segment.size.max = 1048576 (custom)
2019-10-11 10:08:23,698 [pool-77-thread-1] INFO  server.RaftServerConfigKeys (ConfUtils.java:logGet(43)) - raft.server.log.segment.cache.num.max = 2 (custom)
2019-10-11 10:08:23,698 [pool-77-thread-1] INFO  segmented.SegmentedRaftLogWorker (SegmentedRaftLogWorker.java:<init>(172)) - new fd0f34a3-07b1-4956-8232-be1a3f5e6261@group-379F3F7E3922-SegmentedRaftLogWorker for RaftStorage:Storage Directory /workdir/hadoop-ozone/integration-test/target/test-dir/MiniOzoneClusterImpl-cc3d3d95-e844-4504-baa9-60eb8f0888b1/datanode-5/data/ratis/1533dbb8-5dc6-4b10-9a0c-379f3f7e3922
2019-10-11 10:08:23,703 [pool-77-thread-1] INFO  server.RaftServerConfigKeys (ConfUtils.java:logGet(43)) - raft.server.log.queue.byte-limit = 2147483647 (custom)
2019-10-11 10:08:23,703 [pool-77-thread-1] INFO  server.RaftServerConfigKeys (ConfUtils.java:logGet(43)) - raft.server.log.queue.element-limit = 1024 (custom)
2019-10-11 10:08:23,703 [pool-77-thread-1] INFO  server.RaftServerConfigKeys (ConfUtils.java:logGet(43)) - raft.server.log.segment.size.max = 1048576 (custom)
2019-10-11 10:08:23,703 [pool-77-thread-1] INFO  server.RaftServerConfigKeys (ConfUtils.java:logGet(43)) - raft.server.log.preallocated.size = 16384 (custom)
2019-10-11 10:08:23,703 [pool-77-thread-1] INFO  server.RaftServerConfigKeys (ConfUtils.java:logGet(43)) - raft.server.log.write.buffer.size = 33554432 (custom)
2019-10-11 10:08:23,704 [pool-77-thread-1] INFO  server.RaftServerConfigKeys (ConfUtils.java:logGet(43)) - raft.server.log.force.sync.num = 128 (default)
2019-10-11 10:08:23,704 [pool-77-thread-1] INFO  server.RaftServerConfigKeys (ConfUtils.java:logGet(43)) - raft.server.log.statemachine.data.sync = true (default)
2019-10-11 10:08:23,704 [pool-77-thread-1] INFO  server.RaftServerConfigKeys (ConfUtils.java:logGet(43)) - raft.server.log.statemachine.data.sync.timeout = 10s (default)
2019-10-11 10:08:23,704 [pool-77-thread-1] INFO  server.RaftServerConfigKeys (ConfUtils.java:logGet(43)) - raft.server.log.statemachine.data.sync.timeout.retry = -1 (default)
2019-10-11 10:08:23,705 [pool-77-thread-1] INFO  server.RaftServerConfigKeys (ConfUtils.java:logGet(43)) - raft.server.log.statemachine.data.caching.enabled = true (custom)
2019-10-11 10:08:23,705 [pool-77-thread-1] INFO  segmented.SegmentedRaftLogWorker (SegmentedRaftLogWorker.java:lambda$new$0(132)) - fd0f34a3-07b1-4956-8232-be1a3f5e6261@group-379F3F7E3922-SegmentedRaftLogWorker: flushIndex: setUnconditionally 0 -> -1
2019-10-11 10:08:23,706 [pool-77-thread-1] INFO  server.RaftServerConfigKeys (ConfUtils.java:logGet(43)) - raft.server.snapshot.auto.trigger.enabled = true (custom)
2019-10-11 10:08:23,706 [pool-77-thread-1] INFO  server.RaftServerConfigKeys (ConfUtils.java:logGet(43)) - raft.server.snapshot.auto.trigger.threshold = 10000 (custom)
2019-10-11 10:08:23,706 [pool-77-thread-1] INFO  server.RaftServerConfigKeys (ConfUtils.java:logGet(43)) - raft.server.snapshot.retention.num.files = 5 (custom)
2019-10-11 10:08:23,706 [pool-77-thread-1] INFO  server.RaftServerConfigKeys (ConfUtils.java:logGet(43)) - raft.server.retrycache.expirytime = 600000ms (custom)
2019-10-11 10:08:23,711 [pool-77-thread-1] INFO  impl.RaftServerImpl (RaftServerImpl.java:start(185)) - fd0f34a3-07b1-4956-8232-be1a3f5e6261@group-379F3F7E3922: start as a follower, conf=-1: [fd0f34a3-07b1-4956-8232-be1a3f5e6261:192.168.164.221:42219], old=null
2019-10-11 10:08:23,711 [pool-77-thread-1] INFO  impl.RaftServerImpl (RaftServerImpl.java:setRole(174)) - fd0f34a3-07b1-4956-8232-be1a3f5e6261@group-379F3F7E3922: changes role from      null to FOLLOWER at term 0 for startAsFollower
2019-10-11 10:08:23,711 [pool-77-thread-1] INFO  impl.RoleInfo (RoleInfo.java:updateAndGet(143)) - fd0f34a3-07b1-4956-8232-be1a3f5e6261: start FollowerState
2019-10-11 10:08:23,711 [pool-77-thread-1] INFO  util.JmxRegister (JmxRegister.java:tryRegister(44)) - Successfully registered JMX Bean with object name Ratis:service=RaftServer,group=group-379F3F7E3922,id=fd0f34a3-07b1-4956-8232-be1a3f5e6261
2019-10-11 10:08:23,726 [RatisPipelineUtilsThread] INFO  pipeline.PipelineStateManager (PipelineStateManager.java:addPipeline(56)) - Created pipeline Pipeline[ Id: 1533dbb8-5dc6-4b10-9a0c-379f3f7e3922, Nodes: fd0f34a3-07b1-4956-8232-be1a3f5e6261{ip: 192.168.164.221, host: pr-hdds-1569-wxwzw-598427175, networkLocation: /default-rack, certSerialId: null}, Type:RATIS, Factor:ONE, State:OPEN]
2019-10-11 10:08:23,754 [grpc-default-executor-0] INFO  impl.RaftServerProxy (RaftServerProxy.java:addNew(89)) - c72dbeab-b6e2-48b8-b87b-77765a61575f: addNew group-D43A6BB5345B:[c72dbeab-b6e2-48b8-b87b-77765a61575f:192.168.164.221:45506] returns group-D43A6BB5345B:java.util.concurrent.CompletableFuture@441fcc42[Not completed]
2019-10-11 10:08:23,756 [pool-37-thread-1] INFO  impl.RaftServerImpl (RaftServerImpl.java:<init>(95)) - c72dbeab-b6e2-48b8-b87b-77765a61575f: new RaftServerImpl for group-D43A6BB5345B:[c72dbeab-b6e2-48b8-b87b-77765a61575f:192.168.164.221:45506] with ContainerStateMachine:uninitialized
2019-10-11 10:08:23,757 [pool-37-thread-1] INFO  server.RaftServerConfigKeys (ConfUtils.java:logGet(43)) - raft.server.rpc.timeout.min = 5s (custom)
2019-10-11 10:08:23,757 [pool-37-thread-1] INFO  server.RaftServerConfigKeys (ConfUtils.java:logGet(43)) - raft.server.rpc.timeout.max = 5200ms (custom)
2019-10-11 10:08:23,757 [pool-37-thread-1] INFO  server.RaftServerConfigKeys (ConfUtils.java:logGet(43)) - raft.server.rpcslowness.timeout = 120s (custom)
2019-10-11 10:08:23,757 [pool-37-thread-1] INFO  server.RaftServerConfigKeys (ConfUtils.java:logGet(43)) - raft.server.sleep.deviation.threshold = 300 (default)
2019-10-11 10:08:23,757 [pool-37-thread-1] INFO  server.RaftServerConfigKeys (ConfUtils.java:logGet(43)) - raft.server.log.appender.install.snapshot.enabled = false (custom)
2019-10-11 10:08:23,758 [pool-37-thread-1] INFO  impl.RaftServerImpl (ServerState.java:<init>(103)) - c72dbeab-b6e2-48b8-b87b-77765a61575f@group-D43A6BB5345B: ConfigurationManager, init=-1: [c72dbeab-b6e2-48b8-b87b-77765a61575f:192.168.164.221:45506], old=null, confs=<EMPTY_MAP>
2019-10-11 10:08:23,758 [pool-37-thread-1] INFO  server.RaftServerConfigKeys (ConfUtils.java:logGet(43)) - raft.server.storage.dir = [/workdir/hadoop-ozone/integration-test/target/test-dir/MiniOzoneClusterImpl-cc3d3d95-e844-4504-baa9-60eb8f0888b1/datanode-1/data/ratis] (custom)
2019-10-11 10:08:23,759 [pool-37-thread-1] INFO  storage.RaftStorageDirectory (RaftStorageDirectory.java:analyzeStorage(246)) - The storage directory /workdir/hadoop-ozone/integration-test/target/test-dir/MiniOzoneClusterImpl-cc3d3d95-e844-4504-baa9-60eb8f0888b1/datanode-1/data/ratis/0e724932-9137-4f31-bdfa-d43a6bb5345b does not exist. Creating ...
2019-10-11 10:08:23,788 [pool-37-thread-1] INFO  storage.RaftStorageDirectory (RaftStorageDirectory.java:tryLock(328)) - Lock on /workdir/hadoop-ozone/integration-test/target/test-dir/MiniOzoneClusterImpl-cc3d3d95-e844-4504-baa9-60eb8f0888b1/datanode-1/data/ratis/0e724932-9137-4f31-bdfa-d43a6bb5345b/in_use.lock acquired by nodename 24013@pr-hdds-1569-wxwzw-598427175
2019-10-11 10:08:23,805 [pool-37-thread-1] INFO  storage.RaftStorage (RaftStorage.java:format(72)) - Storage directory /workdir/hadoop-ozone/integration-test/target/test-dir/MiniOzoneClusterImpl-cc3d3d95-e844-4504-baa9-60eb8f0888b1/datanode-1/data/ratis/0e724932-9137-4f31-bdfa-d43a6bb5345b has been successfully formatted.
2019-10-11 10:08:23,805 [pool-37-thread-1] INFO  ratis.ContainerStateMachine (ContainerStateMachine.java:loadSnapshot(230)) - group-D43A6BB5345B: The snapshot info is null. Setting the last applied indexto:(t:0, i:~)
2019-10-11 10:08:23,806 [pool-37-thread-1] INFO  server.RaftServerConfigKeys (ConfUtils.java:logGet(43)) - raft.server.notification.no-leader.timeout = 120s (custom)
2019-10-11 10:08:23,806 [pool-37-thread-1] INFO  server.RaftServerConfigKeys (ConfUtils.java:logGet(43)) - raft.server.log.use.memory = false (default)
2019-10-11 10:08:23,806 [pool-37-thread-1] INFO  server.RaftServerConfigKeys (ConfUtils.java:logGet(43)) - raft.server.log.purge.gap = 1000000 (custom)
2019-10-11 10:08:23,806 [pool-37-thread-1] INFO  server.RaftServerConfigKeys (ConfUtils.java:logGet(43)) - raft.server.log.appender.buffer.byte-limit = 33554432 (custom)
2019-10-11 10:08:23,806 [pool-37-thread-1] INFO  server.RaftServerConfigKeys (ConfUtils.java:logGet(43)) - raft.server.log.segment.size.max = 1048576 (custom)
2019-10-11 10:08:23,807 [pool-37-thread-1] INFO  server.RaftServerConfigKeys (ConfUtils.java:logGet(43)) - raft.server.log.segment.cache.num.max = 2 (custom)
2019-10-11 10:08:23,807 [pool-37-thread-1] INFO  segmented.SegmentedRaftLogWorker (SegmentedRaftLogWorker.java:<init>(172)) - new c72dbeab-b6e2-48b8-b87b-77765a61575f@group-D43A6BB5345B-SegmentedRaftLogWorker for RaftStorage:Storage Directory /workdir/hadoop-ozone/integration-test/target/test-dir/MiniOzoneClusterImpl-cc3d3d95-e844-4504-baa9-60eb8f0888b1/datanode-1/data/ratis/0e724932-9137-4f31-bdfa-d43a6bb5345b
2019-10-11 10:08:23,811 [pool-37-thread-1] INFO  server.RaftServerConfigKeys (ConfUtils.java:logGet(43)) - raft.server.log.queue.byte-limit = 2147483647 (custom)
2019-10-11 10:08:23,811 [pool-37-thread-1] INFO  server.RaftServerConfigKeys (ConfUtils.java:logGet(43)) - raft.server.log.queue.element-limit = 1024 (custom)
2019-10-11 10:08:23,811 [pool-37-thread-1] INFO  server.RaftServerConfigKeys (ConfUtils.java:logGet(43)) - raft.server.log.segment.size.max = 1048576 (custom)
2019-10-11 10:08:23,812 [pool-37-thread-1] INFO  server.RaftServerConfigKeys (ConfUtils.java:logGet(43)) - raft.server.log.preallocated.size = 16384 (custom)
2019-10-11 10:08:23,812 [pool-37-thread-1] INFO  server.RaftServerConfigKeys (ConfUtils.java:logGet(43)) - raft.server.log.write.buffer.size = 33554432 (custom)
2019-10-11 10:08:23,812 [pool-37-thread-1] INFO  server.RaftServerConfigKeys (ConfUtils.java:logGet(43)) - raft.server.log.force.sync.num = 128 (default)
2019-10-11 10:08:23,812 [pool-37-thread-1] INFO  server.RaftServerConfigKeys (ConfUtils.java:logGet(43)) - raft.server.log.statemachine.data.sync = true (default)
2019-10-11 10:08:23,812 [pool-37-thread-1] INFO  server.RaftServerConfigKeys (ConfUtils.java:logGet(43)) - raft.server.log.statemachine.data.sync.timeout = 10s (default)
2019-10-11 10:08:23,813 [pool-37-thread-1] INFO  server.RaftServerConfigKeys (ConfUtils.java:logGet(43)) - raft.server.log.statemachine.data.sync.timeout.retry = -1 (default)
2019-10-11 10:08:23,813 [pool-37-thread-1] INFO  server.RaftServerConfigKeys (ConfUtils.java:logGet(43)) - raft.server.log.statemachine.data.caching.enabled = true (custom)
2019-10-11 10:08:23,814 [pool-37-thread-1] INFO  segmented.SegmentedRaftLogWorker (SegmentedRaftLogWorker.java:lambda$new$0(132)) - c72dbeab-b6e2-48b8-b87b-77765a61575f@group-D43A6BB5345B-SegmentedRaftLogWorker: flushIndex: setUnconditionally 0 -> -1
2019-10-11 10:08:23,814 [pool-37-thread-1] INFO  server.RaftServerConfigKeys (ConfUtils.java:logGet(43)) - raft.server.snapshot.auto.trigger.enabled = true (custom)
2019-10-11 10:08:23,814 [pool-37-thread-1] INFO  server.RaftServerConfigKeys (ConfUtils.java:logGet(43)) - raft.server.snapshot.auto.trigger.threshold = 10000 (custom)
2019-10-11 10:08:23,814 [pool-37-thread-1] INFO  server.RaftServerConfigKeys (ConfUtils.java:logGet(43)) - raft.server.snapshot.retention.num.files = 5 (custom)
2019-10-11 10:08:23,815 [pool-37-thread-1] INFO  server.RaftServerConfigKeys (ConfUtils.java:logGet(43)) - raft.server.retrycache.expirytime = 600000ms (custom)
2019-10-11 10:08:23,818 [pool-37-thread-1] INFO  impl.RaftServerImpl (RaftServerImpl.java:start(185)) - c72dbeab-b6e2-48b8-b87b-77765a61575f@group-D43A6BB5345B: start as a follower, conf=-1: [c72dbeab-b6e2-48b8-b87b-77765a61575f:192.168.164.221:45506], old=null
2019-10-11 10:08:23,819 [pool-37-thread-1] INFO  impl.RaftServerImpl (RaftServerImpl.java:setRole(174)) - c72dbeab-b6e2-48b8-b87b-77765a61575f@group-D43A6BB5345B: changes role from      null to FOLLOWER at term 0 for startAsFollower
2019-10-11 10:08:23,819 [pool-37-thread-1] INFO  impl.RoleInfo (RoleInfo.java:updateAndGet(143)) - c72dbeab-b6e2-48b8-b87b-77765a61575f: start FollowerState
2019-10-11 10:08:23,819 [pool-37-thread-1] INFO  util.JmxRegister (JmxRegister.java:tryRegister(44)) - Successfully registered JMX Bean with object name Ratis:service=RaftServer,group=group-D43A6BB5345B,id=c72dbeab-b6e2-48b8-b87b-77765a61575f
2019-10-11 10:08:23,834 [RatisPipelineUtilsThread] INFO  pipeline.PipelineStateManager (PipelineStateManager.java:addPipeline(56)) - Created pipeline Pipeline[ Id: 0e724932-9137-4f31-bdfa-d43a6bb5345b, Nodes: c72dbeab-b6e2-48b8-b87b-77765a61575f{ip: 192.168.164.221, host: pr-hdds-1569-wxwzw-598427175, networkLocation: /default-rack, certSerialId: null}, Type:RATIS, Factor:ONE, State:OPEN]
2019-10-11 10:08:23,855 [grpc-default-executor-0] INFO  impl.RaftServerProxy (RaftServerProxy.java:addNew(89)) - 961fa25b-2046-4a66-92ac-d432cdf59950: addNew group-6B242CD20615:[961fa25b-2046-4a66-92ac-d432cdf59950:192.168.164.221:37980] returns group-6B242CD20615:java.util.concurrent.CompletableFuture@1988f784[Not completed]
2019-10-11 10:08:23,861 [pool-87-thread-1] INFO  impl.RaftServerImpl (RaftServerImpl.java:<init>(95)) - 961fa25b-2046-4a66-92ac-d432cdf59950: new RaftServerImpl for group-6B242CD20615:[961fa25b-2046-4a66-92ac-d432cdf59950:192.168.164.221:37980] with ContainerStateMachine:uninitialized
2019-10-11 10:08:23,861 [pool-87-thread-1] INFO  server.RaftServerConfigKeys (ConfUtils.java:logGet(43)) - raft.server.rpc.timeout.min = 5s (custom)
2019-10-11 10:08:23,861 [pool-87-thread-1] INFO  server.RaftServerConfigKeys (ConfUtils.java:logGet(43)) - raft.server.rpc.timeout.max = 5200ms (custom)
2019-10-11 10:08:23,862 [pool-87-thread-1] INFO  server.RaftServerConfigKeys (ConfUtils.java:logGet(43)) - raft.server.rpcslowness.timeout = 120s (custom)
2019-10-11 10:08:23,862 [pool-87-thread-1] INFO  server.RaftServerConfigKeys (ConfUtils.java:logGet(43)) - raft.server.sleep.deviation.threshold = 300 (default)
2019-10-11 10:08:23,862 [pool-87-thread-1] INFO  server.RaftServerConfigKeys (ConfUtils.java:logGet(43)) - raft.server.log.appender.install.snapshot.enabled = false (custom)
2019-10-11 10:08:23,862 [pool-87-thread-1] INFO  impl.RaftServerImpl (ServerState.java:<init>(103)) - 961fa25b-2046-4a66-92ac-d432cdf59950@group-6B242CD20615: ConfigurationManager, init=-1: [961fa25b-2046-4a66-92ac-d432cdf59950:192.168.164.221:37980], old=null, confs=<EMPTY_MAP>
2019-10-11 10:08:23,863 [pool-87-thread-1] INFO  server.RaftServerConfigKeys (ConfUtils.java:logGet(43)) - raft.server.storage.dir = [/workdir/hadoop-ozone/integration-test/target/test-dir/MiniOzoneClusterImpl-cc3d3d95-e844-4504-baa9-60eb8f0888b1/datanode-6/data/ratis] (custom)
2019-10-11 10:08:23,863 [pool-87-thread-1] INFO  storage.RaftStorageDirectory (RaftStorageDirectory.java:analyzeStorage(246)) - The storage directory /workdir/hadoop-ozone/integration-test/target/test-dir/MiniOzoneClusterImpl-cc3d3d95-e844-4504-baa9-60eb8f0888b1/datanode-6/data/ratis/9a71a1f6-eec2-41d1-9ee8-6b242cd20615 does not exist. Creating ...
2019-10-11 10:08:23,889 [pool-87-thread-1] INFO  storage.RaftStorageDirectory (RaftStorageDirectory.java:tryLock(328)) - Lock on /workdir/hadoop-ozone/integration-test/target/test-dir/MiniOzoneClusterImpl-cc3d3d95-e844-4504-baa9-60eb8f0888b1/datanode-6/data/ratis/9a71a1f6-eec2-41d1-9ee8-6b242cd20615/in_use.lock acquired by nodename 24013@pr-hdds-1569-wxwzw-598427175
2019-10-11 10:08:23,914 [pool-87-thread-1] INFO  storage.RaftStorage (RaftStorage.java:format(72)) - Storage directory /workdir/hadoop-ozone/integration-test/target/test-dir/MiniOzoneClusterImpl-cc3d3d95-e844-4504-baa9-60eb8f0888b1/datanode-6/data/ratis/9a71a1f6-eec2-41d1-9ee8-6b242cd20615 has been successfully formatted.
2019-10-11 10:08:23,914 [pool-87-thread-1] INFO  ratis.ContainerStateMachine (ContainerStateMachine.java:loadSnapshot(230)) - group-6B242CD20615: The snapshot info is null. Setting the last applied indexto:(t:0, i:~)
2019-10-11 10:08:23,915 [pool-87-thread-1] INFO  server.RaftServerConfigKeys (ConfUtils.java:logGet(43)) - raft.server.notification.no-leader.timeout = 120s (custom)
2019-10-11 10:08:23,915 [pool-87-thread-1] INFO  server.RaftServerConfigKeys (ConfUtils.java:logGet(43)) - raft.server.log.use.memory = false (default)
2019-10-11 10:08:23,915 [pool-87-thread-1] INFO  server.RaftServerConfigKeys (ConfUtils.java:logGet(43)) - raft.server.log.purge.gap = 1000000 (custom)
2019-10-11 10:08:23,915 [pool-87-thread-1] INFO  server.RaftServerConfigKeys (ConfUtils.java:logGet(43)) - raft.server.log.appender.buffer.byte-limit = 33554432 (custom)
2019-10-11 10:08:23,916 [pool-87-thread-1] INFO  server.RaftServerConfigKeys (ConfUtils.java:logGet(43)) - raft.server.log.segment.size.max = 1048576 (custom)
2019-10-11 10:08:23,916 [pool-87-thread-1] INFO  server.RaftServerConfigKeys (ConfUtils.java:logGet(43)) - raft.server.log.segment.cache.num.max = 2 (custom)
2019-10-11 10:08:23,916 [pool-87-thread-1] INFO  segmented.SegmentedRaftLogWorker (SegmentedRaftLogWorker.java:<init>(172)) - new 961fa25b-2046-4a66-92ac-d432cdf59950@group-6B242CD20615-SegmentedRaftLogWorker for RaftStorage:Storage Directory /workdir/hadoop-ozone/integration-test/target/test-dir/MiniOzoneClusterImpl-cc3d3d95-e844-4504-baa9-60eb8f0888b1/datanode-6/data/ratis/9a71a1f6-eec2-41d1-9ee8-6b242cd20615
2019-10-11 10:08:23,919 [pool-87-thread-1] INFO  server.RaftServerConfigKeys (ConfUtils.java:logGet(43)) - raft.server.log.queue.byte-limit = 2147483647 (custom)
2019-10-11 10:08:23,920 [pool-87-thread-1] INFO  server.RaftServerConfigKeys (ConfUtils.java:logGet(43)) - raft.server.log.queue.element-limit = 1024 (custom)
2019-10-11 10:08:23,920 [pool-87-thread-1] INFO  server.RaftServerConfigKeys (ConfUtils.java:logGet(43)) - raft.server.log.segment.size.max = 1048576 (custom)
2019-10-11 10:08:23,920 [pool-87-thread-1] INFO  server.RaftServerConfigKeys (ConfUtils.java:logGet(43)) - raft.server.log.preallocated.size = 16384 (custom)
2019-10-11 10:08:23,920 [pool-87-thread-1] INFO  server.RaftServerConfigKeys (ConfUtils.java:logGet(43)) - raft.server.log.write.buffer.size = 33554432 (custom)
2019-10-11 10:08:23,920 [pool-87-thread-1] INFO  server.RaftServerConfigKeys (ConfUtils.java:logGet(43)) - raft.server.log.force.sync.num = 128 (default)
2019-10-11 10:08:23,921 [pool-87-thread-1] INFO  server.RaftServerConfigKeys (ConfUtils.java:logGet(43)) - raft.server.log.statemachine.data.sync = true (default)
2019-10-11 10:08:23,921 [pool-87-thread-1] INFO  server.RaftServerConfigKeys (ConfUtils.java:logGet(43)) - raft.server.log.statemachine.data.sync.timeout = 10s (default)
2019-10-11 10:08:23,921 [pool-87-thread-1] INFO  server.RaftServerConfigKeys (ConfUtils.java:logGet(43)) - raft.server.log.statemachine.data.sync.timeout.retry = -1 (default)
2019-10-11 10:08:23,921 [pool-87-thread-1] INFO  server.RaftServerConfigKeys (ConfUtils.java:logGet(43)) - raft.server.log.statemachine.data.caching.enabled = true (custom)
2019-10-11 10:08:23,922 [pool-87-thread-1] INFO  segmented.SegmentedRaftLogWorker (SegmentedRaftLogWorker.java:lambda$new$0(132)) - 961fa25b-2046-4a66-92ac-d432cdf59950@group-6B242CD20615-SegmentedRaftLogWorker: flushIndex: setUnconditionally 0 -> -1
2019-10-11 10:08:23,922 [pool-87-thread-1] INFO  server.RaftServerConfigKeys (ConfUtils.java:logGet(43)) - raft.server.snapshot.auto.trigger.enabled = true (custom)
2019-10-11 10:08:23,922 [pool-87-thread-1] INFO  server.RaftServerConfigKeys (ConfUtils.java:logGet(43)) - raft.server.snapshot.auto.trigger.threshold = 10000 (custom)
2019-10-11 10:08:23,922 [pool-87-thread-1] INFO  server.RaftServerConfigKeys (ConfUtils.java:logGet(43)) - raft.server.snapshot.retention.num.files = 5 (custom)
2019-10-11 10:08:23,923 [pool-87-thread-1] INFO  server.RaftServerConfigKeys (ConfUtils.java:logGet(43)) - raft.server.retrycache.expirytime = 600000ms (custom)
2019-10-11 10:08:23,926 [pool-87-thread-1] INFO  impl.RaftServerImpl (RaftServerImpl.java:start(185)) - 961fa25b-2046-4a66-92ac-d432cdf59950@group-6B242CD20615: start as a follower, conf=-1: [961fa25b-2046-4a66-92ac-d432cdf59950:192.168.164.221:37980], old=null
2019-10-11 10:08:23,926 [pool-87-thread-1] INFO  impl.RaftServerImpl (RaftServerImpl.java:setRole(174)) - 961fa25b-2046-4a66-92ac-d432cdf59950@group-6B242CD20615: changes role from      null to FOLLOWER at term 0 for startAsFollower
2019-10-11 10:08:23,926 [pool-87-thread-1] INFO  impl.RoleInfo (RoleInfo.java:updateAndGet(143)) - 961fa25b-2046-4a66-92ac-d432cdf59950: start FollowerState
2019-10-11 10:08:23,927 [pool-87-thread-1] INFO  util.JmxRegister (JmxRegister.java:tryRegister(44)) - Successfully registered JMX Bean with object name Ratis:service=RaftServer,group=group-6B242CD20615,id=961fa25b-2046-4a66-92ac-d432cdf59950
2019-10-11 10:08:23,950 [RatisPipelineUtilsThread] INFO  pipeline.PipelineStateManager (PipelineStateManager.java:addPipeline(56)) - Created pipeline Pipeline[ Id: 9a71a1f6-eec2-41d1-9ee8-6b242cd20615, Nodes: 961fa25b-2046-4a66-92ac-d432cdf59950{ip: 192.168.164.221, host: pr-hdds-1569-wxwzw-598427175, networkLocation: /default-rack, certSerialId: null}, Type:RATIS, Factor:ONE, State:OPEN]
2019-10-11 10:08:23,953 [RatisPipelineUtilsThread] ERROR pipeline.SCMPipelineManager (SCMPipelineManager.java:createPipeline(193)) - Pipeline creation failed.
org.apache.hadoop.hdds.scm.exceptions.SCMException: Cannot create pipeline of factor 1 using 0 nodes. Used 7 nodes. Healthy nodes 7
	at org.apache.hadoop.hdds.scm.pipeline.RatisPipelineProvider.pickNodesNeverUsed(RatisPipelineProvider.java:116)
	at org.apache.hadoop.hdds.scm.pipeline.RatisPipelineProvider.create(RatisPipelineProvider.java:128)
	at org.apache.hadoop.hdds.scm.pipeline.PipelineFactory.create(PipelineFactory.java:58)
	at org.apache.hadoop.hdds.scm.pipeline.SCMPipelineManager.createPipeline(SCMPipelineManager.java:183)
	at org.apache.hadoop.hdds.scm.pipeline.BackgroundPipelineCreator.createPipelines(BackgroundPipelineCreator.java:100)
	at java.util.concurrent.Executors$RunnableAdapter.call(Executors.java:511)
	at java.util.concurrent.FutureTask.run(FutureTask.java:266)
	at java.util.concurrent.ScheduledThreadPoolExecutor$ScheduledFutureTask.access$201(ScheduledThreadPoolExecutor.java:180)
	at java.util.concurrent.ScheduledThreadPoolExecutor$ScheduledFutureTask.run(ScheduledThreadPoolExecutor.java:293)
	at java.util.concurrent.ThreadPoolExecutor.runWorker(ThreadPoolExecutor.java:1149)
	at java.util.concurrent.ThreadPoolExecutor$Worker.run(ThreadPoolExecutor.java:624)
	at java.lang.Thread.run(Thread.java:748)
2019-10-11 10:08:24,005 [grpc-default-executor-2] INFO  impl.RaftServerProxy (RaftServerProxy.java:addNew(89)) - bd87c10d-2a97-4600-a4c6-dcfee1c9d709: addNew group-30660CB2130A:[b908fea9-9d9e-4680-974c-d51461f1bcae:192.168.164.221:39068, bd87c10d-2a97-4600-a4c6-dcfee1c9d709:192.168.164.221:37535, 4302bdf4-b2bc-4d1b-92dc-dca675ac0824:192.168.164.221:43862] returns group-30660CB2130A:java.util.concurrent.CompletableFuture@6f8393ba[Not completed]
2019-10-11 10:08:24,007 [grpc-default-executor-1] INFO  impl.RaftServerProxy (RaftServerProxy.java:addNew(89)) - 4302bdf4-b2bc-4d1b-92dc-dca675ac0824: addNew group-30660CB2130A:[b908fea9-9d9e-4680-974c-d51461f1bcae:192.168.164.221:39068, bd87c10d-2a97-4600-a4c6-dcfee1c9d709:192.168.164.221:37535, 4302bdf4-b2bc-4d1b-92dc-dca675ac0824:192.168.164.221:43862] returns group-30660CB2130A:java.util.concurrent.CompletableFuture@10ec5d73[Not completed]
2019-10-11 10:08:24,011 [pool-47-thread-1] INFO  impl.RaftServerImpl (RaftServerImpl.java:<init>(95)) - bd87c10d-2a97-4600-a4c6-dcfee1c9d709: new RaftServerImpl for group-30660CB2130A:[b908fea9-9d9e-4680-974c-d51461f1bcae:192.168.164.221:39068, bd87c10d-2a97-4600-a4c6-dcfee1c9d709:192.168.164.221:37535, 4302bdf4-b2bc-4d1b-92dc-dca675ac0824:192.168.164.221:43862] with ContainerStateMachine:uninitialized
2019-10-11 10:08:24,011 [pool-47-thread-1] INFO  server.RaftServerConfigKeys (ConfUtils.java:logGet(43)) - raft.server.rpc.timeout.min = 5s (custom)
2019-10-11 10:08:24,012 [grpc-default-executor-1] INFO  impl.RaftServerProxy (RaftServerProxy.java:addNew(89)) - b908fea9-9d9e-4680-974c-d51461f1bcae: addNew group-30660CB2130A:[b908fea9-9d9e-4680-974c-d51461f1bcae:192.168.164.221:39068, bd87c10d-2a97-4600-a4c6-dcfee1c9d709:192.168.164.221:37535, 4302bdf4-b2bc-4d1b-92dc-dca675ac0824:192.168.164.221:43862] returns group-30660CB2130A:java.util.concurrent.CompletableFuture@51d15748[Not completed]
2019-10-11 10:08:24,012 [pool-47-thread-1] INFO  server.RaftServerConfigKeys (ConfUtils.java:logGet(43)) - raft.server.rpc.timeout.max = 5200ms (custom)
2019-10-11 10:08:24,012 [pool-47-thread-1] INFO  server.RaftServerConfigKeys (ConfUtils.java:logGet(43)) - raft.server.rpcslowness.timeout = 120s (custom)
2019-10-11 10:08:24,012 [pool-47-thread-1] INFO  server.RaftServerConfigKeys (ConfUtils.java:logGet(43)) - raft.server.sleep.deviation.threshold = 300 (default)
2019-10-11 10:08:24,012 [pool-47-thread-1] INFO  server.RaftServerConfigKeys (ConfUtils.java:logGet(43)) - raft.server.log.appender.install.snapshot.enabled = false (custom)
2019-10-11 10:08:24,012 [pool-47-thread-1] INFO  impl.RaftServerImpl (ServerState.java:<init>(103)) - bd87c10d-2a97-4600-a4c6-dcfee1c9d709@group-30660CB2130A: ConfigurationManager, init=-1: [b908fea9-9d9e-4680-974c-d51461f1bcae:192.168.164.221:39068, bd87c10d-2a97-4600-a4c6-dcfee1c9d709:192.168.164.221:37535, 4302bdf4-b2bc-4d1b-92dc-dca675ac0824:192.168.164.221:43862], old=null, confs=<EMPTY_MAP>
2019-10-11 10:08:24,012 [pool-27-thread-1] INFO  impl.RaftServerImpl (RaftServerImpl.java:<init>(95)) - 4302bdf4-b2bc-4d1b-92dc-dca675ac0824: new RaftServerImpl for group-30660CB2130A:[b908fea9-9d9e-4680-974c-d51461f1bcae:192.168.164.221:39068, bd87c10d-2a97-4600-a4c6-dcfee1c9d709:192.168.164.221:37535, 4302bdf4-b2bc-4d1b-92dc-dca675ac0824:192.168.164.221:43862] with ContainerStateMachine:uninitialized
2019-10-11 10:08:24,013 [pool-47-thread-1] INFO  server.RaftServerConfigKeys (ConfUtils.java:logGet(43)) - raft.server.storage.dir = [/workdir/hadoop-ozone/integration-test/target/test-dir/MiniOzoneClusterImpl-cc3d3d95-e844-4504-baa9-60eb8f0888b1/datanode-2/data/ratis] (custom)
2019-10-11 10:08:24,013 [pool-27-thread-1] INFO  server.RaftServerConfigKeys (ConfUtils.java:logGet(43)) - raft.server.rpc.timeout.min = 5s (custom)
2019-10-11 10:08:24,013 [pool-27-thread-1] INFO  server.RaftServerConfigKeys (ConfUtils.java:logGet(43)) - raft.server.rpc.timeout.max = 5200ms (custom)
2019-10-11 10:08:24,013 [pool-27-thread-1] INFO  server.RaftServerConfigKeys (ConfUtils.java:logGet(43)) - raft.server.rpcslowness.timeout = 120s (custom)
2019-10-11 10:08:24,013 [pool-47-thread-1] INFO  storage.RaftStorageDirectory (RaftStorageDirectory.java:analyzeStorage(246)) - The storage directory /workdir/hadoop-ozone/integration-test/target/test-dir/MiniOzoneClusterImpl-cc3d3d95-e844-4504-baa9-60eb8f0888b1/datanode-2/data/ratis/f67ab59a-794d-41bd-9ec7-30660cb2130a does not exist. Creating ...
2019-10-11 10:08:24,013 [pool-27-thread-1] INFO  server.RaftServerConfigKeys (ConfUtils.java:logGet(43)) - raft.server.sleep.deviation.threshold = 300 (default)
2019-10-11 10:08:24,013 [pool-27-thread-1] INFO  server.RaftServerConfigKeys (ConfUtils.java:logGet(43)) - raft.server.log.appender.install.snapshot.enabled = false (custom)
2019-10-11 10:08:24,014 [pool-27-thread-1] INFO  impl.RaftServerImpl (ServerState.java:<init>(103)) - 4302bdf4-b2bc-4d1b-92dc-dca675ac0824@group-30660CB2130A: ConfigurationManager, init=-1: [b908fea9-9d9e-4680-974c-d51461f1bcae:192.168.164.221:39068, bd87c10d-2a97-4600-a4c6-dcfee1c9d709:192.168.164.221:37535, 4302bdf4-b2bc-4d1b-92dc-dca675ac0824:192.168.164.221:43862], old=null, confs=<EMPTY_MAP>
2019-10-11 10:08:24,014 [pool-57-thread-1] INFO  impl.RaftServerImpl (RaftServerImpl.java:<init>(95)) - b908fea9-9d9e-4680-974c-d51461f1bcae: new RaftServerImpl for group-30660CB2130A:[b908fea9-9d9e-4680-974c-d51461f1bcae:192.168.164.221:39068, bd87c10d-2a97-4600-a4c6-dcfee1c9d709:192.168.164.221:37535, 4302bdf4-b2bc-4d1b-92dc-dca675ac0824:192.168.164.221:43862] with ContainerStateMachine:uninitialized
2019-10-11 10:08:24,014 [pool-27-thread-1] INFO  server.RaftServerConfigKeys (ConfUtils.java:logGet(43)) - raft.server.storage.dir = [/workdir/hadoop-ozone/integration-test/target/test-dir/MiniOzoneClusterImpl-cc3d3d95-e844-4504-baa9-60eb8f0888b1/datanode-0/data/ratis] (custom)
2019-10-11 10:08:24,014 [pool-57-thread-1] INFO  server.RaftServerConfigKeys (ConfUtils.java:logGet(43)) - raft.server.rpc.timeout.min = 5s (custom)
2019-10-11 10:08:24,014 [pool-57-thread-1] INFO  server.RaftServerConfigKeys (ConfUtils.java:logGet(43)) - raft.server.rpc.timeout.max = 5200ms (custom)
2019-10-11 10:08:24,014 [pool-27-thread-1] INFO  storage.RaftStorageDirectory (RaftStorageDirectory.java:analyzeStorage(246)) - The storage directory /workdir/hadoop-ozone/integration-test/target/test-dir/MiniOzoneClusterImpl-cc3d3d95-e844-4504-baa9-60eb8f0888b1/datanode-0/data/ratis/f67ab59a-794d-41bd-9ec7-30660cb2130a does not exist. Creating ...
2019-10-11 10:08:24,015 [pool-57-thread-1] INFO  server.RaftServerConfigKeys (ConfUtils.java:logGet(43)) - raft.server.rpcslowness.timeout = 120s (custom)
2019-10-11 10:08:24,015 [pool-57-thread-1] INFO  server.RaftServerConfigKeys (ConfUtils.java:logGet(43)) - raft.server.sleep.deviation.threshold = 300 (default)
2019-10-11 10:08:24,015 [pool-57-thread-1] INFO  server.RaftServerConfigKeys (ConfUtils.java:logGet(43)) - raft.server.log.appender.install.snapshot.enabled = false (custom)
2019-10-11 10:08:24,015 [pool-57-thread-1] INFO  impl.RaftServerImpl (ServerState.java:<init>(103)) - b908fea9-9d9e-4680-974c-d51461f1bcae@group-30660CB2130A: ConfigurationManager, init=-1: [b908fea9-9d9e-4680-974c-d51461f1bcae:192.168.164.221:39068, bd87c10d-2a97-4600-a4c6-dcfee1c9d709:192.168.164.221:37535, 4302bdf4-b2bc-4d1b-92dc-dca675ac0824:192.168.164.221:43862], old=null, confs=<EMPTY_MAP>
2019-10-11 10:08:24,015 [pool-57-thread-1] INFO  server.RaftServerConfigKeys (ConfUtils.java:logGet(43)) - raft.server.storage.dir = [/workdir/hadoop-ozone/integration-test/target/test-dir/MiniOzoneClusterImpl-cc3d3d95-e844-4504-baa9-60eb8f0888b1/datanode-3/data/ratis] (custom)
2019-10-11 10:08:24,016 [pool-57-thread-1] INFO  storage.RaftStorageDirectory (RaftStorageDirectory.java:analyzeStorage(246)) - The storage directory /workdir/hadoop-ozone/integration-test/target/test-dir/MiniOzoneClusterImpl-cc3d3d95-e844-4504-baa9-60eb8f0888b1/datanode-3/data/ratis/f67ab59a-794d-41bd-9ec7-30660cb2130a does not exist. Creating ...
2019-10-11 10:08:24,040 [pool-57-thread-1] INFO  storage.RaftStorageDirectory (RaftStorageDirectory.java:tryLock(328)) - Lock on /workdir/hadoop-ozone/integration-test/target/test-dir/MiniOzoneClusterImpl-cc3d3d95-e844-4504-baa9-60eb8f0888b1/datanode-3/data/ratis/f67ab59a-794d-41bd-9ec7-30660cb2130a/in_use.lock acquired by nodename 24013@pr-hdds-1569-wxwzw-598427175
2019-10-11 10:08:24,040 [pool-47-thread-1] INFO  storage.RaftStorageDirectory (RaftStorageDirectory.java:tryLock(328)) - Lock on /workdir/hadoop-ozone/integration-test/target/test-dir/MiniOzoneClusterImpl-cc3d3d95-e844-4504-baa9-60eb8f0888b1/datanode-2/data/ratis/f67ab59a-794d-41bd-9ec7-30660cb2130a/in_use.lock acquired by nodename 24013@pr-hdds-1569-wxwzw-598427175
2019-10-11 10:08:24,040 [pool-27-thread-1] INFO  storage.RaftStorageDirectory (RaftStorageDirectory.java:tryLock(328)) - Lock on /workdir/hadoop-ozone/integration-test/target/test-dir/MiniOzoneClusterImpl-cc3d3d95-e844-4504-baa9-60eb8f0888b1/datanode-0/data/ratis/f67ab59a-794d-41bd-9ec7-30660cb2130a/in_use.lock acquired by nodename 24013@pr-hdds-1569-wxwzw-598427175
2019-10-11 10:08:24,057 [pool-27-thread-1] INFO  storage.RaftStorage (RaftStorage.java:format(72)) - Storage directory /workdir/hadoop-ozone/integration-test/target/test-dir/MiniOzoneClusterImpl-cc3d3d95-e844-4504-baa9-60eb8f0888b1/datanode-0/data/ratis/f67ab59a-794d-41bd-9ec7-30660cb2130a has been successfully formatted.
2019-10-11 10:08:24,057 [pool-57-thread-1] INFO  storage.RaftStorage (RaftStorage.java:format(72)) - Storage directory /workdir/hadoop-ozone/integration-test/target/test-dir/MiniOzoneClusterImpl-cc3d3d95-e844-4504-baa9-60eb8f0888b1/datanode-3/data/ratis/f67ab59a-794d-41bd-9ec7-30660cb2130a has been successfully formatted.
2019-10-11 10:08:24,057 [pool-47-thread-1] INFO  storage.RaftStorage (RaftStorage.java:format(72)) - Storage directory /workdir/hadoop-ozone/integration-test/target/test-dir/MiniOzoneClusterImpl-cc3d3d95-e844-4504-baa9-60eb8f0888b1/datanode-2/data/ratis/f67ab59a-794d-41bd-9ec7-30660cb2130a has been successfully formatted.
2019-10-11 10:08:24,057 [pool-27-thread-1] INFO  ratis.ContainerStateMachine (ContainerStateMachine.java:loadSnapshot(230)) - group-30660CB2130A: The snapshot info is null. Setting the last applied indexto:(t:0, i:~)
2019-10-11 10:08:24,057 [pool-47-thread-1] INFO  ratis.ContainerStateMachine (ContainerStateMachine.java:loadSnapshot(230)) - group-30660CB2130A: The snapshot info is null. Setting the last applied indexto:(t:0, i:~)
2019-10-11 10:08:24,057 [pool-57-thread-1] INFO  ratis.ContainerStateMachine (ContainerStateMachine.java:loadSnapshot(230)) - group-30660CB2130A: The snapshot info is null. Setting the last applied indexto:(t:0, i:~)
2019-10-11 10:08:24,058 [pool-47-thread-1] INFO  server.RaftServerConfigKeys (ConfUtils.java:logGet(43)) - raft.server.notification.no-leader.timeout = 120s (custom)
2019-10-11 10:08:24,058 [pool-27-thread-1] INFO  server.RaftServerConfigKeys (ConfUtils.java:logGet(43)) - raft.server.notification.no-leader.timeout = 120s (custom)
2019-10-11 10:08:24,058 [pool-47-thread-1] INFO  server.RaftServerConfigKeys (ConfUtils.java:logGet(43)) - raft.server.log.use.memory = false (default)
2019-10-11 10:08:24,058 [pool-57-thread-1] INFO  server.RaftServerConfigKeys (ConfUtils.java:logGet(43)) - raft.server.notification.no-leader.timeout = 120s (custom)
2019-10-11 10:08:24,058 [pool-47-thread-1] INFO  server.RaftServerConfigKeys (ConfUtils.java:logGet(43)) - raft.server.log.purge.gap = 1000000 (custom)
2019-10-11 10:08:24,058 [pool-27-thread-1] INFO  server.RaftServerConfigKeys (ConfUtils.java:logGet(43)) - raft.server.log.use.memory = false (default)
2019-10-11 10:08:24,058 [pool-47-thread-1] INFO  server.RaftServerConfigKeys (ConfUtils.java:logGet(43)) - raft.server.log.appender.buffer.byte-limit = 33554432 (custom)
2019-10-11 10:08:24,058 [pool-57-thread-1] INFO  server.RaftServerConfigKeys (ConfUtils.java:logGet(43)) - raft.server.log.use.memory = false (default)
2019-10-11 10:08:24,059 [pool-47-thread-1] INFO  server.RaftServerConfigKeys (ConfUtils.java:logGet(43)) - raft.server.log.segment.size.max = 1048576 (custom)
2019-10-11 10:08:24,059 [pool-27-thread-1] INFO  server.RaftServerConfigKeys (ConfUtils.java:logGet(43)) - raft.server.log.purge.gap = 1000000 (custom)
2019-10-11 10:08:24,059 [pool-47-thread-1] INFO  server.RaftServerConfigKeys (ConfUtils.java:logGet(43)) - raft.server.log.segment.cache.num.max = 2 (custom)
2019-10-11 10:08:24,059 [pool-57-thread-1] INFO  server.RaftServerConfigKeys (ConfUtils.java:logGet(43)) - raft.server.log.purge.gap = 1000000 (custom)
2019-10-11 10:08:24,059 [pool-47-thread-1] INFO  segmented.SegmentedRaftLogWorker (SegmentedRaftLogWorker.java:<init>(172)) - new bd87c10d-2a97-4600-a4c6-dcfee1c9d709@group-30660CB2130A-SegmentedRaftLogWorker for RaftStorage:Storage Directory /workdir/hadoop-ozone/integration-test/target/test-dir/MiniOzoneClusterImpl-cc3d3d95-e844-4504-baa9-60eb8f0888b1/datanode-2/data/ratis/f67ab59a-794d-41bd-9ec7-30660cb2130a
2019-10-11 10:08:24,059 [pool-27-thread-1] INFO  server.RaftServerConfigKeys (ConfUtils.java:logGet(43)) - raft.server.log.appender.buffer.byte-limit = 33554432 (custom)
2019-10-11 10:08:24,060 [pool-47-thread-1] INFO  server.RaftServerConfigKeys (ConfUtils.java:logGet(43)) - raft.server.log.queue.byte-limit = 2147483647 (custom)
2019-10-11 10:08:24,059 [pool-57-thread-1] INFO  server.RaftServerConfigKeys (ConfUtils.java:logGet(43)) - raft.server.log.appender.buffer.byte-limit = 33554432 (custom)
2019-10-11 10:08:24,060 [pool-47-thread-1] INFO  server.RaftServerConfigKeys (ConfUtils.java:logGet(43)) - raft.server.log.queue.element-limit = 1024 (custom)
2019-10-11 10:08:24,060 [pool-27-thread-1] INFO  server.RaftServerConfigKeys (ConfUtils.java:logGet(43)) - raft.server.log.segment.size.max = 1048576 (custom)
2019-10-11 10:08:24,060 [pool-47-thread-1] INFO  server.RaftServerConfigKeys (ConfUtils.java:logGet(43)) - raft.server.log.segment.size.max = 1048576 (custom)
2019-10-11 10:08:24,060 [pool-57-thread-1] INFO  server.RaftServerConfigKeys (ConfUtils.java:logGet(43)) - raft.server.log.segment.size.max = 1048576 (custom)
2019-10-11 10:08:24,060 [pool-47-thread-1] INFO  server.RaftServerConfigKeys (ConfUtils.java:logGet(43)) - raft.server.log.preallocated.size = 16384 (custom)
2019-10-11 10:08:24,060 [pool-27-thread-1] INFO  server.RaftServerConfigKeys (ConfUtils.java:logGet(43)) - raft.server.log.segment.cache.num.max = 2 (custom)
2019-10-11 10:08:24,060 [pool-47-thread-1] INFO  server.RaftServerConfigKeys (ConfUtils.java:logGet(43)) - raft.server.log.write.buffer.size = 33554432 (custom)
2019-10-11 10:08:24,060 [pool-57-thread-1] INFO  server.RaftServerConfigKeys (ConfUtils.java:logGet(43)) - raft.server.log.segment.cache.num.max = 2 (custom)
2019-10-11 10:08:24,061 [pool-47-thread-1] INFO  server.RaftServerConfigKeys (ConfUtils.java:logGet(43)) - raft.server.log.force.sync.num = 128 (default)
2019-10-11 10:08:24,061 [pool-27-thread-1] INFO  segmented.SegmentedRaftLogWorker (SegmentedRaftLogWorker.java:<init>(172)) - new 4302bdf4-b2bc-4d1b-92dc-dca675ac0824@group-30660CB2130A-SegmentedRaftLogWorker for RaftStorage:Storage Directory /workdir/hadoop-ozone/integration-test/target/test-dir/MiniOzoneClusterImpl-cc3d3d95-e844-4504-baa9-60eb8f0888b1/datanode-0/data/ratis/f67ab59a-794d-41bd-9ec7-30660cb2130a
2019-10-11 10:08:24,061 [pool-47-thread-1] INFO  server.RaftServerConfigKeys (ConfUtils.java:logGet(43)) - raft.server.log.statemachine.data.sync = true (default)
2019-10-11 10:08:24,061 [pool-57-thread-1] INFO  segmented.SegmentedRaftLogWorker (SegmentedRaftLogWorker.java:<init>(172)) - new b908fea9-9d9e-4680-974c-d51461f1bcae@group-30660CB2130A-SegmentedRaftLogWorker for RaftStorage:Storage Directory /workdir/hadoop-ozone/integration-test/target/test-dir/MiniOzoneClusterImpl-cc3d3d95-e844-4504-baa9-60eb8f0888b1/datanode-3/data/ratis/f67ab59a-794d-41bd-9ec7-30660cb2130a
2019-10-11 10:08:24,061 [pool-47-thread-1] INFO  server.RaftServerConfigKeys (ConfUtils.java:logGet(43)) - raft.server.log.statemachine.data.sync.timeout = 10s (default)
2019-10-11 10:08:24,061 [pool-27-thread-1] INFO  server.RaftServerConfigKeys (ConfUtils.java:logGet(43)) - raft.server.log.queue.byte-limit = 2147483647 (custom)
2019-10-11 10:08:24,062 [pool-47-thread-1] INFO  server.RaftServerConfigKeys (ConfUtils.java:logGet(43)) - raft.server.log.statemachine.data.sync.timeout.retry = -1 (default)
2019-10-11 10:08:24,062 [pool-57-thread-1] INFO  server.RaftServerConfigKeys (ConfUtils.java:logGet(43)) - raft.server.log.queue.byte-limit = 2147483647 (custom)
2019-10-11 10:08:24,062 [pool-47-thread-1] INFO  server.RaftServerConfigKeys (ConfUtils.java:logGet(43)) - raft.server.log.statemachine.data.caching.enabled = true (custom)
2019-10-11 10:08:24,062 [pool-27-thread-1] INFO  server.RaftServerConfigKeys (ConfUtils.java:logGet(43)) - raft.server.log.queue.element-limit = 1024 (custom)
2019-10-11 10:08:24,062 [pool-57-thread-1] INFO  server.RaftServerConfigKeys (ConfUtils.java:logGet(43)) - raft.server.log.queue.element-limit = 1024 (custom)
2019-10-11 10:08:24,062 [pool-27-thread-1] INFO  server.RaftServerConfigKeys (ConfUtils.java:logGet(43)) - raft.server.log.segment.size.max = 1048576 (custom)
2019-10-11 10:08:24,062 [pool-47-thread-1] INFO  segmented.SegmentedRaftLogWorker (SegmentedRaftLogWorker.java:lambda$new$0(132)) - bd87c10d-2a97-4600-a4c6-dcfee1c9d709@group-30660CB2130A-SegmentedRaftLogWorker: flushIndex: setUnconditionally 0 -> -1
2019-10-11 10:08:24,063 [pool-57-thread-1] INFO  server.RaftServerConfigKeys (ConfUtils.java:logGet(43)) - raft.server.log.segment.size.max = 1048576 (custom)
2019-10-11 10:08:24,063 [pool-27-thread-1] INFO  server.RaftServerConfigKeys (ConfUtils.java:logGet(43)) - raft.server.log.preallocated.size = 16384 (custom)
2019-10-11 10:08:24,063 [pool-47-thread-1] INFO  server.RaftServerConfigKeys (ConfUtils.java:logGet(43)) - raft.server.snapshot.auto.trigger.enabled = true (custom)
2019-10-11 10:08:24,063 [pool-57-thread-1] INFO  server.RaftServerConfigKeys (ConfUtils.java:logGet(43)) - raft.server.log.preallocated.size = 16384 (custom)
2019-10-11 10:08:24,063 [pool-47-thread-1] INFO  server.RaftServerConfigKeys (ConfUtils.java:logGet(43)) - raft.server.snapshot.auto.trigger.threshold = 10000 (custom)
2019-10-11 10:08:24,063 [pool-27-thread-1] INFO  server.RaftServerConfigKeys (ConfUtils.java:logGet(43)) - raft.server.log.write.buffer.size = 33554432 (custom)
2019-10-11 10:08:24,063 [pool-47-thread-1] INFO  server.RaftServerConfigKeys (ConfUtils.java:logGet(43)) - raft.server.snapshot.retention.num.files = 5 (custom)
2019-10-11 10:08:24,063 [pool-57-thread-1] INFO  server.RaftServerConfigKeys (ConfUtils.java:logGet(43)) - raft.server.log.write.buffer.size = 33554432 (custom)
2019-10-11 10:08:24,064 [pool-47-thread-1] INFO  server.RaftServerConfigKeys (ConfUtils.java:logGet(43)) - raft.server.retrycache.expirytime = 600000ms (custom)
2019-10-11 10:08:24,064 [pool-27-thread-1] INFO  server.RaftServerConfigKeys (ConfUtils.java:logGet(43)) - raft.server.log.force.sync.num = 128 (default)
2019-10-11 10:08:24,064 [pool-57-thread-1] INFO  server.RaftServerConfigKeys (ConfUtils.java:logGet(43)) - raft.server.log.force.sync.num = 128 (default)
2019-10-11 10:08:24,064 [pool-27-thread-1] INFO  server.RaftServerConfigKeys (ConfUtils.java:logGet(43)) - raft.server.log.statemachine.data.sync = true (default)
2019-10-11 10:08:24,064 [pool-57-thread-1] INFO  server.RaftServerConfigKeys (ConfUtils.java:logGet(43)) - raft.server.log.statemachine.data.sync = true (default)
2019-10-11 10:08:24,065 [pool-27-thread-1] INFO  server.RaftServerConfigKeys (ConfUtils.java:logGet(43)) - raft.server.log.statemachine.data.sync.timeout = 10s (default)
2019-10-11 10:08:24,065 [pool-57-thread-1] INFO  server.RaftServerConfigKeys (ConfUtils.java:logGet(43)) - raft.server.log.statemachine.data.sync.timeout = 10s (default)
2019-10-11 10:08:24,065 [pool-27-thread-1] INFO  server.RaftServerConfigKeys (ConfUtils.java:logGet(43)) - raft.server.log.statemachine.data.sync.timeout.retry = -1 (default)
2019-10-11 10:08:24,065 [pool-57-thread-1] INFO  server.RaftServerConfigKeys (ConfUtils.java:logGet(43)) - raft.server.log.statemachine.data.sync.timeout.retry = -1 (default)
2019-10-11 10:08:24,065 [pool-27-thread-1] INFO  server.RaftServerConfigKeys (ConfUtils.java:logGet(43)) - raft.server.log.statemachine.data.caching.enabled = true (custom)
2019-10-11 10:08:24,065 [pool-57-thread-1] INFO  server.RaftServerConfigKeys (ConfUtils.java:logGet(43)) - raft.server.log.statemachine.data.caching.enabled = true (custom)
2019-10-11 10:08:24,066 [pool-27-thread-1] INFO  segmented.SegmentedRaftLogWorker (SegmentedRaftLogWorker.java:lambda$new$0(132)) - 4302bdf4-b2bc-4d1b-92dc-dca675ac0824@group-30660CB2130A-SegmentedRaftLogWorker: flushIndex: setUnconditionally 0 -> -1
2019-10-11 10:08:24,066 [pool-57-thread-1] INFO  segmented.SegmentedRaftLogWorker (SegmentedRaftLogWorker.java:lambda$new$0(132)) - b908fea9-9d9e-4680-974c-d51461f1bcae@group-30660CB2130A-SegmentedRaftLogWorker: flushIndex: setUnconditionally 0 -> -1
2019-10-11 10:08:24,066 [pool-27-thread-1] INFO  server.RaftServerConfigKeys (ConfUtils.java:logGet(43)) - raft.server.snapshot.auto.trigger.enabled = true (custom)
2019-10-11 10:08:24,066 [pool-57-thread-1] INFO  server.RaftServerConfigKeys (ConfUtils.java:logGet(43)) - raft.server.snapshot.auto.trigger.enabled = true (custom)
2019-10-11 10:08:24,066 [pool-27-thread-1] INFO  server.RaftServerConfigKeys (ConfUtils.java:logGet(43)) - raft.server.snapshot.auto.trigger.threshold = 10000 (custom)
2019-10-11 10:08:24,067 [pool-57-thread-1] INFO  server.RaftServerConfigKeys (ConfUtils.java:logGet(43)) - raft.server.snapshot.auto.trigger.threshold = 10000 (custom)
2019-10-11 10:08:24,067 [pool-47-thread-1] INFO  impl.RaftServerImpl (RaftServerImpl.java:start(185)) - bd87c10d-2a97-4600-a4c6-dcfee1c9d709@group-30660CB2130A: start as a follower, conf=-1: [b908fea9-9d9e-4680-974c-d51461f1bcae:192.168.164.221:39068, bd87c10d-2a97-4600-a4c6-dcfee1c9d709:192.168.164.221:37535, 4302bdf4-b2bc-4d1b-92dc-dca675ac0824:192.168.164.221:43862], old=null
2019-10-11 10:08:24,067 [pool-57-thread-1] INFO  server.RaftServerConfigKeys (ConfUtils.java:logGet(43)) - raft.server.snapshot.retention.num.files = 5 (custom)
2019-10-11 10:08:24,067 [pool-27-thread-1] INFO  server.RaftServerConfigKeys (ConfUtils.java:logGet(43)) - raft.server.snapshot.retention.num.files = 5 (custom)
2019-10-11 10:08:24,067 [pool-57-thread-1] INFO  server.RaftServerConfigKeys (ConfUtils.java:logGet(43)) - raft.server.retrycache.expirytime = 600000ms (custom)
2019-10-11 10:08:24,067 [pool-47-thread-1] INFO  impl.RaftServerImpl (RaftServerImpl.java:setRole(174)) - bd87c10d-2a97-4600-a4c6-dcfee1c9d709@group-30660CB2130A: changes role from      null to FOLLOWER at term 0 for startAsFollower
2019-10-11 10:08:24,067 [pool-27-thread-1] INFO  server.RaftServerConfigKeys (ConfUtils.java:logGet(43)) - raft.server.retrycache.expirytime = 600000ms (custom)
2019-10-11 10:08:24,068 [pool-47-thread-1] INFO  impl.RoleInfo (RoleInfo.java:updateAndGet(143)) - bd87c10d-2a97-4600-a4c6-dcfee1c9d709: start FollowerState
2019-10-11 10:08:24,068 [pool-47-thread-1] INFO  util.JmxRegister (JmxRegister.java:tryRegister(44)) - Successfully registered JMX Bean with object name Ratis:service=RaftServer,group=group-30660CB2130A,id=bd87c10d-2a97-4600-a4c6-dcfee1c9d709
2019-10-11 10:08:24,076 [pool-57-thread-1] INFO  impl.RaftServerImpl (RaftServerImpl.java:start(185)) - b908fea9-9d9e-4680-974c-d51461f1bcae@group-30660CB2130A: start as a follower, conf=-1: [b908fea9-9d9e-4680-974c-d51461f1bcae:192.168.164.221:39068, bd87c10d-2a97-4600-a4c6-dcfee1c9d709:192.168.164.221:37535, 4302bdf4-b2bc-4d1b-92dc-dca675ac0824:192.168.164.221:43862], old=null
2019-10-11 10:08:24,078 [pool-57-thread-1] INFO  impl.RaftServerImpl (RaftServerImpl.java:setRole(174)) - b908fea9-9d9e-4680-974c-d51461f1bcae@group-30660CB2130A: changes role from      null to FOLLOWER at term 0 for startAsFollower
2019-10-11 10:08:24,078 [pool-57-thread-1] INFO  impl.RoleInfo (RoleInfo.java:updateAndGet(143)) - b908fea9-9d9e-4680-974c-d51461f1bcae: start FollowerState
2019-10-11 10:08:24,080 [pool-27-thread-1] INFO  impl.RaftServerImpl (RaftServerImpl.java:start(185)) - 4302bdf4-b2bc-4d1b-92dc-dca675ac0824@group-30660CB2130A: start as a follower, conf=-1: [b908fea9-9d9e-4680-974c-d51461f1bcae:192.168.164.221:39068, bd87c10d-2a97-4600-a4c6-dcfee1c9d709:192.168.164.221:37535, 4302bdf4-b2bc-4d1b-92dc-dca675ac0824:192.168.164.221:43862], old=null
2019-10-11 10:08:24,082 [pool-27-thread-1] INFO  impl.RaftServerImpl (RaftServerImpl.java:setRole(174)) - 4302bdf4-b2bc-4d1b-92dc-dca675ac0824@group-30660CB2130A: changes role from      null to FOLLOWER at term 0 for startAsFollower
2019-10-11 10:08:24,082 [pool-57-thread-1] INFO  util.JmxRegister (JmxRegister.java:tryRegister(44)) - Successfully registered JMX Bean with object name Ratis:service=RaftServer,group=group-30660CB2130A,id=b908fea9-9d9e-4680-974c-d51461f1bcae
2019-10-11 10:08:24,082 [pool-27-thread-1] INFO  impl.RoleInfo (RoleInfo.java:updateAndGet(143)) - 4302bdf4-b2bc-4d1b-92dc-dca675ac0824: start FollowerState
2019-10-11 10:08:24,083 [pool-27-thread-1] INFO  util.JmxRegister (JmxRegister.java:tryRegister(44)) - Successfully registered JMX Bean with object name Ratis:service=RaftServer,group=group-30660CB2130A,id=4302bdf4-b2bc-4d1b-92dc-dca675ac0824
2019-10-11 10:08:24,103 [RatisPipelineUtilsThread] INFO  pipeline.PipelineStateManager (PipelineStateManager.java:addPipeline(56)) - Created pipeline Pipeline[ Id: f67ab59a-794d-41bd-9ec7-30660cb2130a, Nodes: 4302bdf4-b2bc-4d1b-92dc-dca675ac0824{ip: 192.168.164.221, host: pr-hdds-1569-wxwzw-598427175, networkLocation: /default-rack, certSerialId: null}b908fea9-9d9e-4680-974c-d51461f1bcae{ip: 192.168.164.221, host: pr-hdds-1569-wxwzw-598427175, networkLocation: /default-rack, certSerialId: null}bd87c10d-2a97-4600-a4c6-dcfee1c9d709{ip: 192.168.164.221, host: pr-hdds-1569-wxwzw-598427175, networkLocation: /default-rack, certSerialId: null}, Type:RATIS, Factor:THREE, State:OPEN]
2019-10-11 10:08:24,149 [grpc-default-executor-0] INFO  impl.RaftServerProxy (RaftServerProxy.java:addNew(89)) - bd87c10d-2a97-4600-a4c6-dcfee1c9d709: addNew group-40C088226284:[b908fea9-9d9e-4680-974c-d51461f1bcae:192.168.164.221:39068, bd87c10d-2a97-4600-a4c6-dcfee1c9d709:192.168.164.221:37535, 4302bdf4-b2bc-4d1b-92dc-dca675ac0824:192.168.164.221:43862] returns group-40C088226284:java.util.concurrent.CompletableFuture@4097e885[Not completed]
2019-10-11 10:08:24,151 [grpc-default-executor-1] INFO  impl.RaftServerProxy (RaftServerProxy.java:addNew(89)) - 4302bdf4-b2bc-4d1b-92dc-dca675ac0824: addNew group-40C088226284:[b908fea9-9d9e-4680-974c-d51461f1bcae:192.168.164.221:39068, bd87c10d-2a97-4600-a4c6-dcfee1c9d709:192.168.164.221:37535, 4302bdf4-b2bc-4d1b-92dc-dca675ac0824:192.168.164.221:43862] returns group-40C088226284:java.util.concurrent.CompletableFuture@604a20c5[Not completed]
2019-10-11 10:08:24,153 [grpc-default-executor-0] INFO  impl.RaftServerProxy (RaftServerProxy.java:addNew(89)) - b908fea9-9d9e-4680-974c-d51461f1bcae: addNew group-40C088226284:[b908fea9-9d9e-4680-974c-d51461f1bcae:192.168.164.221:39068, bd87c10d-2a97-4600-a4c6-dcfee1c9d709:192.168.164.221:37535, 4302bdf4-b2bc-4d1b-92dc-dca675ac0824:192.168.164.221:43862] returns group-40C088226284:java.util.concurrent.CompletableFuture@1e7d13c4[Not completed]
2019-10-11 10:08:24,155 [pool-47-thread-1] INFO  impl.RaftServerImpl (RaftServerImpl.java:<init>(95)) - bd87c10d-2a97-4600-a4c6-dcfee1c9d709: new RaftServerImpl for group-40C088226284:[b908fea9-9d9e-4680-974c-d51461f1bcae:192.168.164.221:39068, bd87c10d-2a97-4600-a4c6-dcfee1c9d709:192.168.164.221:37535, 4302bdf4-b2bc-4d1b-92dc-dca675ac0824:192.168.164.221:43862] with ContainerStateMachine:uninitialized
2019-10-11 10:08:24,155 [pool-47-thread-1] INFO  server.RaftServerConfigKeys (ConfUtils.java:logGet(43)) - raft.server.rpc.timeout.min = 5s (custom)
2019-10-11 10:08:24,155 [pool-47-thread-1] INFO  server.RaftServerConfigKeys (ConfUtils.java:logGet(43)) - raft.server.rpc.timeout.max = 5200ms (custom)
2019-10-11 10:08:24,155 [pool-47-thread-1] INFO  server.RaftServerConfigKeys (ConfUtils.java:logGet(43)) - raft.server.rpcslowness.timeout = 120s (custom)
2019-10-11 10:08:24,155 [pool-47-thread-1] INFO  server.RaftServerConfigKeys (ConfUtils.java:logGet(43)) - raft.server.sleep.deviation.threshold = 300 (default)
2019-10-11 10:08:24,155 [pool-47-thread-1] INFO  server.RaftServerConfigKeys (ConfUtils.java:logGet(43)) - raft.server.log.appender.install.snapshot.enabled = false (custom)
2019-10-11 10:08:24,156 [pool-47-thread-1] INFO  impl.RaftServerImpl (ServerState.java:<init>(103)) - bd87c10d-2a97-4600-a4c6-dcfee1c9d709@group-40C088226284: ConfigurationManager, init=-1: [b908fea9-9d9e-4680-974c-d51461f1bcae:192.168.164.221:39068, bd87c10d-2a97-4600-a4c6-dcfee1c9d709:192.168.164.221:37535, 4302bdf4-b2bc-4d1b-92dc-dca675ac0824:192.168.164.221:43862], old=null, confs=<EMPTY_MAP>
2019-10-11 10:08:24,156 [pool-57-thread-1] INFO  impl.RaftServerImpl (RaftServerImpl.java:<init>(95)) - b908fea9-9d9e-4680-974c-d51461f1bcae: new RaftServerImpl for group-40C088226284:[b908fea9-9d9e-4680-974c-d51461f1bcae:192.168.164.221:39068, bd87c10d-2a97-4600-a4c6-dcfee1c9d709:192.168.164.221:37535, 4302bdf4-b2bc-4d1b-92dc-dca675ac0824:192.168.164.221:43862] with ContainerStateMachine:uninitialized
2019-10-11 10:08:24,156 [pool-47-thread-1] INFO  server.RaftServerConfigKeys (ConfUtils.java:logGet(43)) - raft.server.storage.dir = [/workdir/hadoop-ozone/integration-test/target/test-dir/MiniOzoneClusterImpl-cc3d3d95-e844-4504-baa9-60eb8f0888b1/datanode-2/data/ratis] (custom)
2019-10-11 10:08:24,156 [pool-57-thread-1] INFO  server.RaftServerConfigKeys (ConfUtils.java:logGet(43)) - raft.server.rpc.timeout.min = 5s (custom)
2019-10-11 10:08:24,156 [pool-57-thread-1] INFO  server.RaftServerConfigKeys (ConfUtils.java:logGet(43)) - raft.server.rpc.timeout.max = 5200ms (custom)
2019-10-11 10:08:24,156 [pool-57-thread-1] INFO  server.RaftServerConfigKeys (ConfUtils.java:logGet(43)) - raft.server.rpcslowness.timeout = 120s (custom)
2019-10-11 10:08:24,156 [pool-47-thread-1] INFO  storage.RaftStorageDirectory (RaftStorageDirectory.java:analyzeStorage(246)) - The storage directory /workdir/hadoop-ozone/integration-test/target/test-dir/MiniOzoneClusterImpl-cc3d3d95-e844-4504-baa9-60eb8f0888b1/datanode-2/data/ratis/1714367e-f03b-4a2c-b3d6-40c088226284 does not exist. Creating ...
2019-10-11 10:08:24,156 [pool-57-thread-1] INFO  server.RaftServerConfigKeys (ConfUtils.java:logGet(43)) - raft.server.sleep.deviation.threshold = 300 (default)
2019-10-11 10:08:24,157 [pool-57-thread-1] INFO  server.RaftServerConfigKeys (ConfUtils.java:logGet(43)) - raft.server.log.appender.install.snapshot.enabled = false (custom)
2019-10-11 10:08:24,157 [pool-57-thread-1] INFO  impl.RaftServerImpl (ServerState.java:<init>(103)) - b908fea9-9d9e-4680-974c-d51461f1bcae@group-40C088226284: ConfigurationManager, init=-1: [b908fea9-9d9e-4680-974c-d51461f1bcae:192.168.164.221:39068, bd87c10d-2a97-4600-a4c6-dcfee1c9d709:192.168.164.221:37535, 4302bdf4-b2bc-4d1b-92dc-dca675ac0824:192.168.164.221:43862], old=null, confs=<EMPTY_MAP>
2019-10-11 10:08:24,157 [pool-57-thread-1] INFO  server.RaftServerConfigKeys (ConfUtils.java:logGet(43)) - raft.server.storage.dir = [/workdir/hadoop-ozone/integration-test/target/test-dir/MiniOzoneClusterImpl-cc3d3d95-e844-4504-baa9-60eb8f0888b1/datanode-3/data/ratis] (custom)
2019-10-11 10:08:24,157 [pool-57-thread-1] INFO  storage.RaftStorageDirectory (RaftStorageDirectory.java:analyzeStorage(246)) - The storage directory /workdir/hadoop-ozone/integration-test/target/test-dir/MiniOzoneClusterImpl-cc3d3d95-e844-4504-baa9-60eb8f0888b1/datanode-3/data/ratis/1714367e-f03b-4a2c-b3d6-40c088226284 does not exist. Creating ...
2019-10-11 10:08:24,157 [pool-27-thread-1] INFO  impl.RaftServerImpl (RaftServerImpl.java:<init>(95)) - 4302bdf4-b2bc-4d1b-92dc-dca675ac0824: new RaftServerImpl for group-40C088226284:[b908fea9-9d9e-4680-974c-d51461f1bcae:192.168.164.221:39068, bd87c10d-2a97-4600-a4c6-dcfee1c9d709:192.168.164.221:37535, 4302bdf4-b2bc-4d1b-92dc-dca675ac0824:192.168.164.221:43862] with ContainerStateMachine:uninitialized
2019-10-11 10:08:24,158 [pool-27-thread-1] INFO  server.RaftServerConfigKeys (ConfUtils.java:logGet(43)) - raft.server.rpc.timeout.min = 5s (custom)
2019-10-11 10:08:24,158 [pool-27-thread-1] INFO  server.RaftServerConfigKeys (ConfUtils.java:logGet(43)) - raft.server.rpc.timeout.max = 5200ms (custom)
2019-10-11 10:08:24,158 [pool-27-thread-1] INFO  server.RaftServerConfigKeys (ConfUtils.java:logGet(43)) - raft.server.rpcslowness.timeout = 120s (custom)
2019-10-11 10:08:24,158 [pool-27-thread-1] INFO  server.RaftServerConfigKeys (ConfUtils.java:logGet(43)) - raft.server.sleep.deviation.threshold = 300 (default)
2019-10-11 10:08:24,158 [pool-27-thread-1] INFO  server.RaftServerConfigKeys (ConfUtils.java:logGet(43)) - raft.server.log.appender.install.snapshot.enabled = false (custom)
2019-10-11 10:08:24,159 [pool-27-thread-1] INFO  impl.RaftServerImpl (ServerState.java:<init>(103)) - 4302bdf4-b2bc-4d1b-92dc-dca675ac0824@group-40C088226284: ConfigurationManager, init=-1: [b908fea9-9d9e-4680-974c-d51461f1bcae:192.168.164.221:39068, bd87c10d-2a97-4600-a4c6-dcfee1c9d709:192.168.164.221:37535, 4302bdf4-b2bc-4d1b-92dc-dca675ac0824:192.168.164.221:43862], old=null, confs=<EMPTY_MAP>
2019-10-11 10:08:24,159 [pool-27-thread-1] INFO  server.RaftServerConfigKeys (ConfUtils.java:logGet(43)) - raft.server.storage.dir = [/workdir/hadoop-ozone/integration-test/target/test-dir/MiniOzoneClusterImpl-cc3d3d95-e844-4504-baa9-60eb8f0888b1/datanode-0/data/ratis] (custom)
2019-10-11 10:08:24,160 [pool-27-thread-1] INFO  storage.RaftStorageDirectory (RaftStorageDirectory.java:analyzeStorage(246)) - The storage directory /workdir/hadoop-ozone/integration-test/target/test-dir/MiniOzoneClusterImpl-cc3d3d95-e844-4504-baa9-60eb8f0888b1/datanode-0/data/ratis/1714367e-f03b-4a2c-b3d6-40c088226284 does not exist. Creating ...
2019-10-11 10:08:24,182 [pool-47-thread-1] INFO  storage.RaftStorageDirectory (RaftStorageDirectory.java:tryLock(328)) - Lock on /workdir/hadoop-ozone/integration-test/target/test-dir/MiniOzoneClusterImpl-cc3d3d95-e844-4504-baa9-60eb8f0888b1/datanode-2/data/ratis/1714367e-f03b-4a2c-b3d6-40c088226284/in_use.lock acquired by nodename 24013@pr-hdds-1569-wxwzw-598427175
2019-10-11 10:08:24,182 [pool-57-thread-1] INFO  storage.RaftStorageDirectory (RaftStorageDirectory.java:tryLock(328)) - Lock on /workdir/hadoop-ozone/integration-test/target/test-dir/MiniOzoneClusterImpl-cc3d3d95-e844-4504-baa9-60eb8f0888b1/datanode-3/data/ratis/1714367e-f03b-4a2c-b3d6-40c088226284/in_use.lock acquired by nodename 24013@pr-hdds-1569-wxwzw-598427175
2019-10-11 10:08:24,182 [pool-27-thread-1] INFO  storage.RaftStorageDirectory (RaftStorageDirectory.java:tryLock(328)) - Lock on /workdir/hadoop-ozone/integration-test/target/test-dir/MiniOzoneClusterImpl-cc3d3d95-e844-4504-baa9-60eb8f0888b1/datanode-0/data/ratis/1714367e-f03b-4a2c-b3d6-40c088226284/in_use.lock acquired by nodename 24013@pr-hdds-1569-wxwzw-598427175
2019-10-11 10:08:24,208 [pool-57-thread-1] INFO  storage.RaftStorage (RaftStorage.java:format(72)) - Storage directory /workdir/hadoop-ozone/integration-test/target/test-dir/MiniOzoneClusterImpl-cc3d3d95-e844-4504-baa9-60eb8f0888b1/datanode-3/data/ratis/1714367e-f03b-4a2c-b3d6-40c088226284 has been successfully formatted.
2019-10-11 10:08:24,208 [pool-27-thread-1] INFO  storage.RaftStorage (RaftStorage.java:format(72)) - Storage directory /workdir/hadoop-ozone/integration-test/target/test-dir/MiniOzoneClusterImpl-cc3d3d95-e844-4504-baa9-60eb8f0888b1/datanode-0/data/ratis/1714367e-f03b-4a2c-b3d6-40c088226284 has been successfully formatted.
2019-10-11 10:08:24,209 [pool-57-thread-1] INFO  ratis.ContainerStateMachine (ContainerStateMachine.java:loadSnapshot(230)) - group-40C088226284: The snapshot info is null. Setting the last applied indexto:(t:0, i:~)
2019-10-11 10:08:24,208 [pool-47-thread-1] INFO  storage.RaftStorage (RaftStorage.java:format(72)) - Storage directory /workdir/hadoop-ozone/integration-test/target/test-dir/MiniOzoneClusterImpl-cc3d3d95-e844-4504-baa9-60eb8f0888b1/datanode-2/data/ratis/1714367e-f03b-4a2c-b3d6-40c088226284 has been successfully formatted.
2019-10-11 10:08:24,209 [pool-57-thread-1] INFO  server.RaftServerConfigKeys (ConfUtils.java:logGet(43)) - raft.server.notification.no-leader.timeout = 120s (custom)
2019-10-11 10:08:24,209 [pool-27-thread-1] INFO  ratis.ContainerStateMachine (ContainerStateMachine.java:loadSnapshot(230)) - group-40C088226284: The snapshot info is null. Setting the last applied indexto:(t:0, i:~)
2019-10-11 10:08:24,209 [pool-57-thread-1] INFO  server.RaftServerConfigKeys (ConfUtils.java:logGet(43)) - raft.server.log.use.memory = false (default)
2019-10-11 10:08:24,209 [pool-27-thread-1] INFO  server.RaftServerConfigKeys (ConfUtils.java:logGet(43)) - raft.server.notification.no-leader.timeout = 120s (custom)
2019-10-11 10:08:24,209 [pool-47-thread-1] INFO  ratis.ContainerStateMachine (ContainerStateMachine.java:loadSnapshot(230)) - group-40C088226284: The snapshot info is null. Setting the last applied indexto:(t:0, i:~)
2019-10-11 10:08:24,210 [pool-27-thread-1] INFO  server.RaftServerConfigKeys (ConfUtils.java:logGet(43)) - raft.server.log.use.memory = false (default)
2019-10-11 10:08:24,209 [pool-57-thread-1] INFO  server.RaftServerConfigKeys (ConfUtils.java:logGet(43)) - raft.server.log.purge.gap = 1000000 (custom)
2019-10-11 10:08:24,210 [pool-27-thread-1] INFO  server.RaftServerConfigKeys (ConfUtils.java:logGet(43)) - raft.server.log.purge.gap = 1000000 (custom)
2019-10-11 10:08:24,210 [pool-47-thread-1] INFO  server.RaftServerConfigKeys (ConfUtils.java:logGet(43)) - raft.server.notification.no-leader.timeout = 120s (custom)
2019-10-11 10:08:24,210 [pool-27-thread-1] INFO  server.RaftServerConfigKeys (ConfUtils.java:logGet(43)) - raft.server.log.appender.buffer.byte-limit = 33554432 (custom)
2019-10-11 10:08:24,210 [pool-57-thread-1] INFO  server.RaftServerConfigKeys (ConfUtils.java:logGet(43)) - raft.server.log.appender.buffer.byte-limit = 33554432 (custom)
2019-10-11 10:08:24,210 [pool-27-thread-1] INFO  server.RaftServerConfigKeys (ConfUtils.java:logGet(43)) - raft.server.log.segment.size.max = 1048576 (custom)
2019-10-11 10:08:24,210 [pool-47-thread-1] INFO  server.RaftServerConfigKeys (ConfUtils.java:logGet(43)) - raft.server.log.use.memory = false (default)
2019-10-11 10:08:24,211 [pool-27-thread-1] INFO  server.RaftServerConfigKeys (ConfUtils.java:logGet(43)) - raft.server.log.segment.cache.num.max = 2 (custom)
2019-10-11 10:08:24,211 [pool-57-thread-1] INFO  server.RaftServerConfigKeys (ConfUtils.java:logGet(43)) - raft.server.log.segment.size.max = 1048576 (custom)
2019-10-11 10:08:24,211 [pool-27-thread-1] INFO  segmented.SegmentedRaftLogWorker (SegmentedRaftLogWorker.java:<init>(172)) - new 4302bdf4-b2bc-4d1b-92dc-dca675ac0824@group-40C088226284-SegmentedRaftLogWorker for RaftStorage:Storage Directory /workdir/hadoop-ozone/integration-test/target/test-dir/MiniOzoneClusterImpl-cc3d3d95-e844-4504-baa9-60eb8f0888b1/datanode-0/data/ratis/1714367e-f03b-4a2c-b3d6-40c088226284
2019-10-11 10:08:24,211 [pool-47-thread-1] INFO  server.RaftServerConfigKeys (ConfUtils.java:logGet(43)) - raft.server.log.purge.gap = 1000000 (custom)
2019-10-11 10:08:24,211 [pool-27-thread-1] INFO  server.RaftServerConfigKeys (ConfUtils.java:logGet(43)) - raft.server.log.queue.byte-limit = 2147483647 (custom)
2019-10-11 10:08:24,211 [pool-57-thread-1] INFO  server.RaftServerConfigKeys (ConfUtils.java:logGet(43)) - raft.server.log.segment.cache.num.max = 2 (custom)
2019-10-11 10:08:24,212 [pool-27-thread-1] INFO  server.RaftServerConfigKeys (ConfUtils.java:logGet(43)) - raft.server.log.queue.element-limit = 1024 (custom)
2019-10-11 10:08:24,211 [pool-47-thread-1] INFO  server.RaftServerConfigKeys (ConfUtils.java:logGet(43)) - raft.server.log.appender.buffer.byte-limit = 33554432 (custom)
2019-10-11 10:08:24,212 [pool-27-thread-1] INFO  server.RaftServerConfigKeys (ConfUtils.java:logGet(43)) - raft.server.log.segment.size.max = 1048576 (custom)
2019-10-11 10:08:24,212 [pool-57-thread-1] INFO  segmented.SegmentedRaftLogWorker (SegmentedRaftLogWorker.java:<init>(172)) - new b908fea9-9d9e-4680-974c-d51461f1bcae@group-40C088226284-SegmentedRaftLogWorker for RaftStorage:Storage Directory /workdir/hadoop-ozone/integration-test/target/test-dir/MiniOzoneClusterImpl-cc3d3d95-e844-4504-baa9-60eb8f0888b1/datanode-3/data/ratis/1714367e-f03b-4a2c-b3d6-40c088226284
2019-10-11 10:08:24,212 [pool-27-thread-1] INFO  server.RaftServerConfigKeys (ConfUtils.java:logGet(43)) - raft.server.log.preallocated.size = 16384 (custom)
2019-10-11 10:08:24,212 [pool-47-thread-1] INFO  server.RaftServerConfigKeys (ConfUtils.java:logGet(43)) - raft.server.log.segment.size.max = 1048576 (custom)
2019-10-11 10:08:24,213 [pool-27-thread-1] INFO  server.RaftServerConfigKeys (ConfUtils.java:logGet(43)) - raft.server.log.write.buffer.size = 33554432 (custom)
2019-10-11 10:08:24,212 [pool-57-thread-1] INFO  server.RaftServerConfigKeys (ConfUtils.java:logGet(43)) - raft.server.log.queue.byte-limit = 2147483647 (custom)
2019-10-11 10:08:24,213 [pool-27-thread-1] INFO  server.RaftServerConfigKeys (ConfUtils.java:logGet(43)) - raft.server.log.force.sync.num = 128 (default)
2019-10-11 10:08:24,213 [pool-47-thread-1] INFO  server.RaftServerConfigKeys (ConfUtils.java:logGet(43)) - raft.server.log.segment.cache.num.max = 2 (custom)
2019-10-11 10:08:24,213 [pool-27-thread-1] INFO  server.RaftServerConfigKeys (ConfUtils.java:logGet(43)) - raft.server.log.statemachine.data.sync = true (default)
2019-10-11 10:08:24,213 [pool-57-thread-1] INFO  server.RaftServerConfigKeys (ConfUtils.java:logGet(43)) - raft.server.log.queue.element-limit = 1024 (custom)
2019-10-11 10:08:24,214 [pool-27-thread-1] INFO  server.RaftServerConfigKeys (ConfUtils.java:logGet(43)) - raft.server.log.statemachine.data.sync.timeout = 10s (default)
2019-10-11 10:08:24,213 [pool-47-thread-1] INFO  segmented.SegmentedRaftLogWorker (SegmentedRaftLogWorker.java:<init>(172)) - new bd87c10d-2a97-4600-a4c6-dcfee1c9d709@group-40C088226284-SegmentedRaftLogWorker for RaftStorage:Storage Directory /workdir/hadoop-ozone/integration-test/target/test-dir/MiniOzoneClusterImpl-cc3d3d95-e844-4504-baa9-60eb8f0888b1/datanode-2/data/ratis/1714367e-f03b-4a2c-b3d6-40c088226284
2019-10-11 10:08:24,214 [pool-27-thread-1] INFO  server.RaftServerConfigKeys (ConfUtils.java:logGet(43)) - raft.server.log.statemachine.data.sync.timeout.retry = -1 (default)
2019-10-11 10:08:24,214 [pool-57-thread-1] INFO  server.RaftServerConfigKeys (ConfUtils.java:logGet(43)) - raft.server.log.segment.size.max = 1048576 (custom)
2019-10-11 10:08:24,214 [pool-47-thread-1] INFO  server.RaftServerConfigKeys (ConfUtils.java:logGet(43)) - raft.server.log.queue.byte-limit = 2147483647 (custom)
2019-10-11 10:08:24,214 [pool-27-thread-1] INFO  server.RaftServerConfigKeys (ConfUtils.java:logGet(43)) - raft.server.log.statemachine.data.caching.enabled = true (custom)
2019-10-11 10:08:24,214 [pool-57-thread-1] INFO  server.RaftServerConfigKeys (ConfUtils.java:logGet(43)) - raft.server.log.preallocated.size = 16384 (custom)
2019-10-11 10:08:24,214 [pool-47-thread-1] INFO  server.RaftServerConfigKeys (ConfUtils.java:logGet(43)) - raft.server.log.queue.element-limit = 1024 (custom)
2019-10-11 10:08:24,215 [pool-57-thread-1] INFO  server.RaftServerConfigKeys (ConfUtils.java:logGet(43)) - raft.server.log.write.buffer.size = 33554432 (custom)
2019-10-11 10:08:24,215 [pool-27-thread-1] INFO  segmented.SegmentedRaftLogWorker (SegmentedRaftLogWorker.java:lambda$new$0(132)) - 4302bdf4-b2bc-4d1b-92dc-dca675ac0824@group-40C088226284-SegmentedRaftLogWorker: flushIndex: setUnconditionally 0 -> -1
2019-10-11 10:08:24,215 [pool-47-thread-1] INFO  server.RaftServerConfigKeys (ConfUtils.java:logGet(43)) - raft.server.log.segment.size.max = 1048576 (custom)
2019-10-11 10:08:24,215 [pool-57-thread-1] INFO  server.RaftServerConfigKeys (ConfUtils.java:logGet(43)) - raft.server.log.force.sync.num = 128 (default)
2019-10-11 10:08:24,215 [pool-27-thread-1] INFO  server.RaftServerConfigKeys (ConfUtils.java:logGet(43)) - raft.server.snapshot.auto.trigger.enabled = true (custom)
2019-10-11 10:08:24,215 [pool-47-thread-1] INFO  server.RaftServerConfigKeys (ConfUtils.java:logGet(43)) - raft.server.log.preallocated.size = 16384 (custom)
2019-10-11 10:08:24,216 [pool-27-thread-1] INFO  server.RaftServerConfigKeys (ConfUtils.java:logGet(43)) - raft.server.snapshot.auto.trigger.threshold = 10000 (custom)
2019-10-11 10:08:24,215 [pool-57-thread-1] INFO  server.RaftServerConfigKeys (ConfUtils.java:logGet(43)) - raft.server.log.statemachine.data.sync = true (default)
2019-10-11 10:08:24,216 [pool-27-thread-1] INFO  server.RaftServerConfigKeys (ConfUtils.java:logGet(43)) - raft.server.snapshot.retention.num.files = 5 (custom)
2019-10-11 10:08:24,216 [pool-47-thread-1] INFO  server.RaftServerConfigKeys (ConfUtils.java:logGet(43)) - raft.server.log.write.buffer.size = 33554432 (custom)
2019-10-11 10:08:24,216 [pool-57-thread-1] INFO  server.RaftServerConfigKeys (ConfUtils.java:logGet(43)) - raft.server.log.statemachine.data.sync.timeout = 10s (default)
2019-10-11 10:08:24,216 [pool-27-thread-1] INFO  server.RaftServerConfigKeys (ConfUtils.java:logGet(43)) - raft.server.retrycache.expirytime = 600000ms (custom)
2019-10-11 10:08:24,216 [pool-47-thread-1] INFO  server.RaftServerConfigKeys (ConfUtils.java:logGet(43)) - raft.server.log.force.sync.num = 128 (default)
2019-10-11 10:08:24,216 [pool-57-thread-1] INFO  server.RaftServerConfigKeys (ConfUtils.java:logGet(43)) - raft.server.log.statemachine.data.sync.timeout.retry = -1 (default)
2019-10-11 10:08:24,217 [pool-47-thread-1] INFO  server.RaftServerConfigKeys (ConfUtils.java:logGet(43)) - raft.server.log.statemachine.data.sync = true (default)
2019-10-11 10:08:24,217 [pool-57-thread-1] INFO  server.RaftServerConfigKeys (ConfUtils.java:logGet(43)) - raft.server.log.statemachine.data.caching.enabled = true (custom)
2019-10-11 10:08:24,217 [pool-47-thread-1] INFO  server.RaftServerConfigKeys (ConfUtils.java:logGet(43)) - raft.server.log.statemachine.data.sync.timeout = 10s (default)
2019-10-11 10:08:24,217 [pool-47-thread-1] INFO  server.RaftServerConfigKeys (ConfUtils.java:logGet(43)) - raft.server.log.statemachine.data.sync.timeout.retry = -1 (default)
2019-10-11 10:08:24,217 [pool-57-thread-1] INFO  segmented.SegmentedRaftLogWorker (SegmentedRaftLogWorker.java:lambda$new$0(132)) - b908fea9-9d9e-4680-974c-d51461f1bcae@group-40C088226284-SegmentedRaftLogWorker: flushIndex: setUnconditionally 0 -> -1
2019-10-11 10:08:24,217 [pool-47-thread-1] INFO  server.RaftServerConfigKeys (ConfUtils.java:logGet(43)) - raft.server.log.statemachine.data.caching.enabled = true (custom)
2019-10-11 10:08:24,217 [pool-57-thread-1] INFO  server.RaftServerConfigKeys (ConfUtils.java:logGet(43)) - raft.server.snapshot.auto.trigger.enabled = true (custom)
2019-10-11 10:08:24,218 [pool-47-thread-1] INFO  segmented.SegmentedRaftLogWorker (SegmentedRaftLogWorker.java:lambda$new$0(132)) - bd87c10d-2a97-4600-a4c6-dcfee1c9d709@group-40C088226284-SegmentedRaftLogWorker: flushIndex: setUnconditionally 0 -> -1
2019-10-11 10:08:24,218 [pool-57-thread-1] INFO  server.RaftServerConfigKeys (ConfUtils.java:logGet(43)) - raft.server.snapshot.auto.trigger.threshold = 10000 (custom)
2019-10-11 10:08:24,218 [pool-57-thread-1] INFO  server.RaftServerConfigKeys (ConfUtils.java:logGet(43)) - raft.server.snapshot.retention.num.files = 5 (custom)
2019-10-11 10:08:24,218 [pool-47-thread-1] INFO  server.RaftServerConfigKeys (ConfUtils.java:logGet(43)) - raft.server.snapshot.auto.trigger.enabled = true (custom)
2019-10-11 10:08:24,218 [pool-57-thread-1] INFO  server.RaftServerConfigKeys (ConfUtils.java:logGet(43)) - raft.server.retrycache.expirytime = 600000ms (custom)
2019-10-11 10:08:24,218 [pool-47-thread-1] INFO  server.RaftServerConfigKeys (ConfUtils.java:logGet(43)) - raft.server.snapshot.auto.trigger.threshold = 10000 (custom)
2019-10-11 10:08:24,218 [pool-47-thread-1] INFO  server.RaftServerConfigKeys (ConfUtils.java:logGet(43)) - raft.server.snapshot.retention.num.files = 5 (custom)
2019-10-11 10:08:24,218 [pool-47-thread-1] INFO  server.RaftServerConfigKeys (ConfUtils.java:logGet(43)) - raft.server.retrycache.expirytime = 600000ms (custom)
2019-10-11 10:08:24,222 [pool-27-thread-1] INFO  impl.RaftServerImpl (RaftServerImpl.java:start(185)) - 4302bdf4-b2bc-4d1b-92dc-dca675ac0824@group-40C088226284: start as a follower, conf=-1: [b908fea9-9d9e-4680-974c-d51461f1bcae:192.168.164.221:39068, bd87c10d-2a97-4600-a4c6-dcfee1c9d709:192.168.164.221:37535, 4302bdf4-b2bc-4d1b-92dc-dca675ac0824:192.168.164.221:43862], old=null
2019-10-11 10:08:24,222 [pool-27-thread-1] INFO  impl.RaftServerImpl (RaftServerImpl.java:setRole(174)) - 4302bdf4-b2bc-4d1b-92dc-dca675ac0824@group-40C088226284: changes role from      null to FOLLOWER at term 0 for startAsFollower
2019-10-11 10:08:24,223 [pool-27-thread-1] INFO  impl.RoleInfo (RoleInfo.java:updateAndGet(143)) - 4302bdf4-b2bc-4d1b-92dc-dca675ac0824: start FollowerState
2019-10-11 10:08:24,223 [pool-27-thread-1] INFO  util.JmxRegister (JmxRegister.java:tryRegister(44)) - Successfully registered JMX Bean with object name Ratis:service=RaftServer,group=group-40C088226284,id=4302bdf4-b2bc-4d1b-92dc-dca675ac0824
2019-10-11 10:08:24,224 [pool-57-thread-1] INFO  impl.RaftServerImpl (RaftServerImpl.java:start(185)) - b908fea9-9d9e-4680-974c-d51461f1bcae@group-40C088226284: start as a follower, conf=-1: [b908fea9-9d9e-4680-974c-d51461f1bcae:192.168.164.221:39068, bd87c10d-2a97-4600-a4c6-dcfee1c9d709:192.168.164.221:37535, 4302bdf4-b2bc-4d1b-92dc-dca675ac0824:192.168.164.221:43862], old=null
2019-10-11 10:08:24,224 [pool-57-thread-1] INFO  impl.RaftServerImpl (RaftServerImpl.java:setRole(174)) - b908fea9-9d9e-4680-974c-d51461f1bcae@group-40C088226284: changes role from      null to FOLLOWER at term 0 for startAsFollower
2019-10-11 10:08:24,224 [pool-57-thread-1] INFO  impl.RoleInfo (RoleInfo.java:updateAndGet(143)) - b908fea9-9d9e-4680-974c-d51461f1bcae: start FollowerState
2019-10-11 10:08:24,224 [pool-47-thread-1] INFO  impl.RaftServerImpl (RaftServerImpl.java:start(185)) - bd87c10d-2a97-4600-a4c6-dcfee1c9d709@group-40C088226284: start as a follower, conf=-1: [b908fea9-9d9e-4680-974c-d51461f1bcae:192.168.164.221:39068, bd87c10d-2a97-4600-a4c6-dcfee1c9d709:192.168.164.221:37535, 4302bdf4-b2bc-4d1b-92dc-dca675ac0824:192.168.164.221:43862], old=null
2019-10-11 10:08:24,225 [pool-47-thread-1] INFO  impl.RaftServerImpl (RaftServerImpl.java:setRole(174)) - bd87c10d-2a97-4600-a4c6-dcfee1c9d709@group-40C088226284: changes role from      null to FOLLOWER at term 0 for startAsFollower
2019-10-11 10:08:24,225 [pool-57-thread-1] INFO  util.JmxRegister (JmxRegister.java:tryRegister(44)) - Successfully registered JMX Bean with object name Ratis:service=RaftServer,group=group-40C088226284,id=b908fea9-9d9e-4680-974c-d51461f1bcae
2019-10-11 10:08:24,225 [pool-47-thread-1] INFO  impl.RoleInfo (RoleInfo.java:updateAndGet(143)) - bd87c10d-2a97-4600-a4c6-dcfee1c9d709: start FollowerState
2019-10-11 10:08:24,227 [pool-47-thread-1] INFO  util.JmxRegister (JmxRegister.java:tryRegister(44)) - Successfully registered JMX Bean with object name Ratis:service=RaftServer,group=group-40C088226284,id=bd87c10d-2a97-4600-a4c6-dcfee1c9d709
2019-10-11 10:08:24,249 [RatisPipelineUtilsThread] INFO  pipeline.PipelineStateManager (PipelineStateManager.java:addPipeline(56)) - Created pipeline Pipeline[ Id: 1714367e-f03b-4a2c-b3d6-40c088226284, Nodes: b908fea9-9d9e-4680-974c-d51461f1bcae{ip: 192.168.164.221, host: pr-hdds-1569-wxwzw-598427175, networkLocation: /default-rack, certSerialId: null}bd87c10d-2a97-4600-a4c6-dcfee1c9d709{ip: 192.168.164.221, host: pr-hdds-1569-wxwzw-598427175, networkLocation: /default-rack, certSerialId: null}4302bdf4-b2bc-4d1b-92dc-dca675ac0824{ip: 192.168.164.221, host: pr-hdds-1569-wxwzw-598427175, networkLocation: /default-rack, certSerialId: null}, Type:RATIS, Factor:THREE, State:OPEN]
2019-10-11 10:08:24,250 [RatisPipelineUtilsThread] INFO  pipeline.PipelinePlacementPolicy (PipelinePlacementPolicy.java:meetCriteria(104)) - Pipeline Placement: can't place more pipeline on heavy datanode： 4302bdf4-b2bc-4d1b-92dc-dca675ac0824 Heaviness: 3 limit: 3
2019-10-11 10:08:24,250 [RatisPipelineUtilsThread] INFO  pipeline.PipelinePlacementPolicy (PipelinePlacementPolicy.java:meetCriteria(104)) - Pipeline Placement: can't place more pipeline on heavy datanode： bd87c10d-2a97-4600-a4c6-dcfee1c9d709 Heaviness: 3 limit: 3
2019-10-11 10:08:24,250 [RatisPipelineUtilsThread] INFO  pipeline.PipelinePlacementPolicy (PipelinePlacementPolicy.java:meetCriteria(104)) - Pipeline Placement: can't place more pipeline on heavy datanode： b908fea9-9d9e-4680-974c-d51461f1bcae Heaviness: 3 limit: 3
2019-10-11 10:08:24,271 [grpc-default-executor-0] INFO  impl.RaftServerProxy (RaftServerProxy.java:addNew(89)) - fd0f34a3-07b1-4956-8232-be1a3f5e6261: addNew group-A39EDD5CFBEB:[2a3896bf-c579-4beb-9043-be047c7720ce:192.168.164.221:35466, c72dbeab-b6e2-48b8-b87b-77765a61575f:192.168.164.221:45506, fd0f34a3-07b1-4956-8232-be1a3f5e6261:192.168.164.221:42219] returns group-A39EDD5CFBEB:java.util.concurrent.CompletableFuture@6b563da0[Not completed]
2019-10-11 10:08:24,272 [grpc-default-executor-1] INFO  impl.RaftServerProxy (RaftServerProxy.java:addNew(89)) - c72dbeab-b6e2-48b8-b87b-77765a61575f: addNew group-A39EDD5CFBEB:[2a3896bf-c579-4beb-9043-be047c7720ce:192.168.164.221:35466, c72dbeab-b6e2-48b8-b87b-77765a61575f:192.168.164.221:45506, fd0f34a3-07b1-4956-8232-be1a3f5e6261:192.168.164.221:42219] returns group-A39EDD5CFBEB:java.util.concurrent.CompletableFuture@31fea807[Not completed]
2019-10-11 10:08:24,273 [grpc-default-executor-2] INFO  impl.RaftServerProxy (RaftServerProxy.java:addNew(89)) - 2a3896bf-c579-4beb-9043-be047c7720ce: addNew group-A39EDD5CFBEB:[2a3896bf-c579-4beb-9043-be047c7720ce:192.168.164.221:35466, c72dbeab-b6e2-48b8-b87b-77765a61575f:192.168.164.221:45506, fd0f34a3-07b1-4956-8232-be1a3f5e6261:192.168.164.221:42219] returns group-A39EDD5CFBEB:java.util.concurrent.CompletableFuture@1be1dcbb[Not completed]
2019-10-11 10:08:24,274 [pool-77-thread-1] INFO  impl.RaftServerImpl (RaftServerImpl.java:<init>(95)) - fd0f34a3-07b1-4956-8232-be1a3f5e6261: new RaftServerImpl for group-A39EDD5CFBEB:[2a3896bf-c579-4beb-9043-be047c7720ce:192.168.164.221:35466, c72dbeab-b6e2-48b8-b87b-77765a61575f:192.168.164.221:45506, fd0f34a3-07b1-4956-8232-be1a3f5e6261:192.168.164.221:42219] with ContainerStateMachine:uninitialized
2019-10-11 10:08:24,274 [pool-77-thread-1] INFO  server.RaftServerConfigKeys (ConfUtils.java:logGet(43)) - raft.server.rpc.timeout.min = 5s (custom)
2019-10-11 10:08:24,275 [pool-77-thread-1] INFO  server.RaftServerConfigKeys (ConfUtils.java:logGet(43)) - raft.server.rpc.timeout.max = 5200ms (custom)
2019-10-11 10:08:24,275 [pool-77-thread-1] INFO  server.RaftServerConfigKeys (ConfUtils.java:logGet(43)) - raft.server.rpcslowness.timeout = 120s (custom)
2019-10-11 10:08:24,275 [pool-77-thread-1] INFO  server.RaftServerConfigKeys (ConfUtils.java:logGet(43)) - raft.server.sleep.deviation.threshold = 300 (default)
2019-10-11 10:08:24,275 [pool-77-thread-1] INFO  server.RaftServerConfigKeys (ConfUtils.java:logGet(43)) - raft.server.log.appender.install.snapshot.enabled = false (custom)
2019-10-11 10:08:24,275 [pool-77-thread-1] INFO  impl.RaftServerImpl (ServerState.java:<init>(103)) - fd0f34a3-07b1-4956-8232-be1a3f5e6261@group-A39EDD5CFBEB: ConfigurationManager, init=-1: [2a3896bf-c579-4beb-9043-be047c7720ce:192.168.164.221:35466, c72dbeab-b6e2-48b8-b87b-77765a61575f:192.168.164.221:45506, fd0f34a3-07b1-4956-8232-be1a3f5e6261:192.168.164.221:42219], old=null, confs=<EMPTY_MAP>
2019-10-11 10:08:24,275 [pool-77-thread-1] INFO  server.RaftServerConfigKeys (ConfUtils.java:logGet(43)) - raft.server.storage.dir = [/workdir/hadoop-ozone/integration-test/target/test-dir/MiniOzoneClusterImpl-cc3d3d95-e844-4504-baa9-60eb8f0888b1/datanode-5/data/ratis] (custom)
2019-10-11 10:08:24,276 [pool-67-thread-1] INFO  impl.RaftServerImpl (RaftServerImpl.java:<init>(95)) - 2a3896bf-c579-4beb-9043-be047c7720ce: new RaftServerImpl for group-A39EDD5CFBEB:[2a3896bf-c579-4beb-9043-be047c7720ce:192.168.164.221:35466, c72dbeab-b6e2-48b8-b87b-77765a61575f:192.168.164.221:45506, fd0f34a3-07b1-4956-8232-be1a3f5e6261:192.168.164.221:42219] with ContainerStateMachine:uninitialized
2019-10-11 10:08:24,276 [pool-67-thread-1] INFO  server.RaftServerConfigKeys (ConfUtils.java:logGet(43)) - raft.server.rpc.timeout.min = 5s (custom)
2019-10-11 10:08:24,276 [pool-77-thread-1] INFO  storage.RaftStorageDirectory (RaftStorageDirectory.java:analyzeStorage(246)) - The storage directory /workdir/hadoop-ozone/integration-test/target/test-dir/MiniOzoneClusterImpl-cc3d3d95-e844-4504-baa9-60eb8f0888b1/datanode-5/data/ratis/ceb2df2c-bb30-4c07-9f0e-a39edd5cfbeb does not exist. Creating ...
2019-10-11 10:08:24,276 [pool-67-thread-1] INFO  server.RaftServerConfigKeys (ConfUtils.java:logGet(43)) - raft.server.rpc.timeout.max = 5200ms (custom)
2019-10-11 10:08:24,276 [pool-67-thread-1] INFO  server.RaftServerConfigKeys (ConfUtils.java:logGet(43)) - raft.server.rpcslowness.timeout = 120s (custom)
2019-10-11 10:08:24,276 [pool-37-thread-1] INFO  impl.RaftServerImpl (RaftServerImpl.java:<init>(95)) - c72dbeab-b6e2-48b8-b87b-77765a61575f: new RaftServerImpl for group-A39EDD5CFBEB:[2a3896bf-c579-4beb-9043-be047c7720ce:192.168.164.221:35466, c72dbeab-b6e2-48b8-b87b-77765a61575f:192.168.164.221:45506, fd0f34a3-07b1-4956-8232-be1a3f5e6261:192.168.164.221:42219] with ContainerStateMachine:uninitialized
2019-10-11 10:08:24,276 [pool-67-thread-1] INFO  server.RaftServerConfigKeys (ConfUtils.java:logGet(43)) - raft.server.sleep.deviation.threshold = 300 (default)
2019-10-11 10:08:24,277 [pool-37-thread-1] INFO  server.RaftServerConfigKeys (ConfUtils.java:logGet(43)) - raft.server.rpc.timeout.min = 5s (custom)
2019-10-11 10:08:24,277 [pool-67-thread-1] INFO  server.RaftServerConfigKeys (ConfUtils.java:logGet(43)) - raft.server.log.appender.install.snapshot.enabled = false (custom)
2019-10-11 10:08:24,277 [pool-37-thread-1] INFO  server.RaftServerConfigKeys (ConfUtils.java:logGet(43)) - raft.server.rpc.timeout.max = 5200ms (custom)
2019-10-11 10:08:24,277 [pool-67-thread-1] INFO  impl.RaftServerImpl (ServerState.java:<init>(103)) - 2a3896bf-c579-4beb-9043-be047c7720ce@group-A39EDD5CFBEB: ConfigurationManager, init=-1: [2a3896bf-c579-4beb-9043-be047c7720ce:192.168.164.221:35466, c72dbeab-b6e2-48b8-b87b-77765a61575f:192.168.164.221:45506, fd0f34a3-07b1-4956-8232-be1a3f5e6261:192.168.164.221:42219], old=null, confs=<EMPTY_MAP>
2019-10-11 10:08:24,277 [pool-37-thread-1] INFO  server.RaftServerConfigKeys (ConfUtils.java:logGet(43)) - raft.server.rpcslowness.timeout = 120s (custom)
2019-10-11 10:08:24,277 [pool-37-thread-1] INFO  server.RaftServerConfigKeys (ConfUtils.java:logGet(43)) - raft.server.sleep.deviation.threshold = 300 (default)
2019-10-11 10:08:24,277 [pool-67-thread-1] INFO  server.RaftServerConfigKeys (ConfUtils.java:logGet(43)) - raft.server.storage.dir = [/workdir/hadoop-ozone/integration-test/target/test-dir/MiniOzoneClusterImpl-cc3d3d95-e844-4504-baa9-60eb8f0888b1/datanode-4/data/ratis] (custom)
2019-10-11 10:08:24,277 [pool-37-thread-1] INFO  server.RaftServerConfigKeys (ConfUtils.java:logGet(43)) - raft.server.log.appender.install.snapshot.enabled = false (custom)
2019-10-11 10:08:24,278 [pool-37-thread-1] INFO  impl.RaftServerImpl (ServerState.java:<init>(103)) - c72dbeab-b6e2-48b8-b87b-77765a61575f@group-A39EDD5CFBEB: ConfigurationManager, init=-1: [2a3896bf-c579-4beb-9043-be047c7720ce:192.168.164.221:35466, c72dbeab-b6e2-48b8-b87b-77765a61575f:192.168.164.221:45506, fd0f34a3-07b1-4956-8232-be1a3f5e6261:192.168.164.221:42219], old=null, confs=<EMPTY_MAP>
2019-10-11 10:08:24,278 [pool-37-thread-1] INFO  server.RaftServerConfigKeys (ConfUtils.java:logGet(43)) - raft.server.storage.dir = [/workdir/hadoop-ozone/integration-test/target/test-dir/MiniOzoneClusterImpl-cc3d3d95-e844-4504-baa9-60eb8f0888b1/datanode-1/data/ratis] (custom)
2019-10-11 10:08:24,278 [pool-67-thread-1] INFO  storage.RaftStorageDirectory (RaftStorageDirectory.java:analyzeStorage(246)) - The storage directory /workdir/hadoop-ozone/integration-test/target/test-dir/MiniOzoneClusterImpl-cc3d3d95-e844-4504-baa9-60eb8f0888b1/datanode-4/data/ratis/ceb2df2c-bb30-4c07-9f0e-a39edd5cfbeb does not exist. Creating ...
2019-10-11 10:08:24,278 [pool-37-thread-1] INFO  storage.RaftStorageDirectory (RaftStorageDirectory.java:analyzeStorage(246)) - The storage directory /workdir/hadoop-ozone/integration-test/target/test-dir/MiniOzoneClusterImpl-cc3d3d95-e844-4504-baa9-60eb8f0888b1/datanode-1/data/ratis/ceb2df2c-bb30-4c07-9f0e-a39edd5cfbeb does not exist. Creating ...
2019-10-11 10:08:24,300 [pool-37-thread-1] INFO  storage.RaftStorageDirectory (RaftStorageDirectory.java:tryLock(328)) - Lock on /workdir/hadoop-ozone/integration-test/target/test-dir/MiniOzoneClusterImpl-cc3d3d95-e844-4504-baa9-60eb8f0888b1/datanode-1/data/ratis/ceb2df2c-bb30-4c07-9f0e-a39edd5cfbeb/in_use.lock acquired by nodename 24013@pr-hdds-1569-wxwzw-598427175
2019-10-11 10:08:24,300 [pool-67-thread-1] INFO  storage.RaftStorageDirectory (RaftStorageDirectory.java:tryLock(328)) - Lock on /workdir/hadoop-ozone/integration-test/target/test-dir/MiniOzoneClusterImpl-cc3d3d95-e844-4504-baa9-60eb8f0888b1/datanode-4/data/ratis/ceb2df2c-bb30-4c07-9f0e-a39edd5cfbeb/in_use.lock acquired by nodename 24013@pr-hdds-1569-wxwzw-598427175
2019-10-11 10:08:24,300 [pool-77-thread-1] INFO  storage.RaftStorageDirectory (RaftStorageDirectory.java:tryLock(328)) - Lock on /workdir/hadoop-ozone/integration-test/target/test-dir/MiniOzoneClusterImpl-cc3d3d95-e844-4504-baa9-60eb8f0888b1/datanode-5/data/ratis/ceb2df2c-bb30-4c07-9f0e-a39edd5cfbeb/in_use.lock acquired by nodename 24013@pr-hdds-1569-wxwzw-598427175
2019-10-11 10:08:24,332 [main] INFO  rpc.RpcClient (RpcClient.java:createVolume(276)) - Creating Volume: testblockoutputstream, with jenkins1000 as owner.
2019-10-11 10:08:24,343 [pool-77-thread-1] INFO  storage.RaftStorage (RaftStorage.java:format(72)) - Storage directory /workdir/hadoop-ozone/integration-test/target/test-dir/MiniOzoneClusterImpl-cc3d3d95-e844-4504-baa9-60eb8f0888b1/datanode-5/data/ratis/ceb2df2c-bb30-4c07-9f0e-a39edd5cfbeb has been successfully formatted.
2019-10-11 10:08:24,343 [pool-67-thread-1] INFO  storage.RaftStorage (RaftStorage.java:format(72)) - Storage directory /workdir/hadoop-ozone/integration-test/target/test-dir/MiniOzoneClusterImpl-cc3d3d95-e844-4504-baa9-60eb8f0888b1/datanode-4/data/ratis/ceb2df2c-bb30-4c07-9f0e-a39edd5cfbeb has been successfully formatted.
2019-10-11 10:08:24,343 [pool-37-thread-1] INFO  storage.RaftStorage (RaftStorage.java:format(72)) - Storage directory /workdir/hadoop-ozone/integration-test/target/test-dir/MiniOzoneClusterImpl-cc3d3d95-e844-4504-baa9-60eb8f0888b1/datanode-1/data/ratis/ceb2df2c-bb30-4c07-9f0e-a39edd5cfbeb has been successfully formatted.
2019-10-11 10:08:24,343 [pool-77-thread-1] INFO  ratis.ContainerStateMachine (ContainerStateMachine.java:loadSnapshot(230)) - group-A39EDD5CFBEB: The snapshot info is null. Setting the last applied indexto:(t:0, i:~)
2019-10-11 10:08:24,343 [pool-67-thread-1] INFO  ratis.ContainerStateMachine (ContainerStateMachine.java:loadSnapshot(230)) - group-A39EDD5CFBEB: The snapshot info is null. Setting the last applied indexto:(t:0, i:~)
2019-10-11 10:08:24,343 [pool-37-thread-1] INFO  ratis.ContainerStateMachine (ContainerStateMachine.java:loadSnapshot(230)) - group-A39EDD5CFBEB: The snapshot info is null. Setting the last applied indexto:(t:0, i:~)
2019-10-11 10:08:24,343 [pool-77-thread-1] INFO  server.RaftServerConfigKeys (ConfUtils.java:logGet(43)) - raft.server.notification.no-leader.timeout = 120s (custom)
2019-10-11 10:08:24,344 [pool-37-thread-1] INFO  server.RaftServerConfigKeys (ConfUtils.java:logGet(43)) - raft.server.notification.no-leader.timeout = 120s (custom)
2019-10-11 10:08:24,343 [pool-67-thread-1] INFO  server.RaftServerConfigKeys (ConfUtils.java:logGet(43)) - raft.server.notification.no-leader.timeout = 120s (custom)
2019-10-11 10:08:24,344 [pool-37-thread-1] INFO  server.RaftServerConfigKeys (ConfUtils.java:logGet(43)) - raft.server.log.use.memory = false (default)
2019-10-11 10:08:24,344 [pool-77-thread-1] INFO  server.RaftServerConfigKeys (ConfUtils.java:logGet(43)) - raft.server.log.use.memory = false (default)
2019-10-11 10:08:24,344 [pool-37-thread-1] INFO  server.RaftServerConfigKeys (ConfUtils.java:logGet(43)) - raft.server.log.purge.gap = 1000000 (custom)
2019-10-11 10:08:24,344 [pool-67-thread-1] INFO  server.RaftServerConfigKeys (ConfUtils.java:logGet(43)) - raft.server.log.use.memory = false (default)
2019-10-11 10:08:24,344 [pool-37-thread-1] INFO  server.RaftServerConfigKeys (ConfUtils.java:logGet(43)) - raft.server.log.appender.buffer.byte-limit = 33554432 (custom)
2019-10-11 10:08:24,344 [pool-77-thread-1] INFO  server.RaftServerConfigKeys (ConfUtils.java:logGet(43)) - raft.server.log.purge.gap = 1000000 (custom)
2019-10-11 10:08:24,345 [pool-37-thread-1] INFO  server.RaftServerConfigKeys (ConfUtils.java:logGet(43)) - raft.server.log.segment.size.max = 1048576 (custom)
2019-10-11 10:08:24,344 [pool-67-thread-1] INFO  server.RaftServerConfigKeys (ConfUtils.java:logGet(43)) - raft.server.log.purge.gap = 1000000 (custom)
2019-10-11 10:08:24,345 [pool-37-thread-1] INFO  server.RaftServerConfigKeys (ConfUtils.java:logGet(43)) - raft.server.log.segment.cache.num.max = 2 (custom)
2019-10-11 10:08:24,345 [pool-77-thread-1] INFO  server.RaftServerConfigKeys (ConfUtils.java:logGet(43)) - raft.server.log.appender.buffer.byte-limit = 33554432 (custom)
2019-10-11 10:08:24,345 [pool-37-thread-1] INFO  segmented.SegmentedRaftLogWorker (SegmentedRaftLogWorker.java:<init>(172)) - new c72dbeab-b6e2-48b8-b87b-77765a61575f@group-A39EDD5CFBEB-SegmentedRaftLogWorker for RaftStorage:Storage Directory /workdir/hadoop-ozone/integration-test/target/test-dir/MiniOzoneClusterImpl-cc3d3d95-e844-4504-baa9-60eb8f0888b1/datanode-1/data/ratis/ceb2df2c-bb30-4c07-9f0e-a39edd5cfbeb
2019-10-11 10:08:24,345 [pool-67-thread-1] INFO  server.RaftServerConfigKeys (ConfUtils.java:logGet(43)) - raft.server.log.appender.buffer.byte-limit = 33554432 (custom)
2019-10-11 10:08:24,346 [pool-37-thread-1] INFO  server.RaftServerConfigKeys (ConfUtils.java:logGet(43)) - raft.server.log.queue.byte-limit = 2147483647 (custom)
2019-10-11 10:08:24,345 [pool-77-thread-1] INFO  server.RaftServerConfigKeys (ConfUtils.java:logGet(43)) - raft.server.log.segment.size.max = 1048576 (custom)
2019-10-11 10:08:24,346 [pool-37-thread-1] INFO  server.RaftServerConfigKeys (ConfUtils.java:logGet(43)) - raft.server.log.queue.element-limit = 1024 (custom)
2019-10-11 10:08:24,346 [pool-67-thread-1] INFO  server.RaftServerConfigKeys (ConfUtils.java:logGet(43)) - raft.server.log.segment.size.max = 1048576 (custom)
2019-10-11 10:08:24,346 [pool-37-thread-1] INFO  server.RaftServerConfigKeys (ConfUtils.java:logGet(43)) - raft.server.log.segment.size.max = 1048576 (custom)
2019-10-11 10:08:24,346 [pool-77-thread-1] INFO  server.RaftServerConfigKeys (ConfUtils.java:logGet(43)) - raft.server.log.segment.cache.num.max = 2 (custom)
2019-10-11 10:08:24,346 [pool-37-thread-1] INFO  server.RaftServerConfigKeys (ConfUtils.java:logGet(43)) - raft.server.log.preallocated.size = 16384 (custom)
2019-10-11 10:08:24,346 [pool-67-thread-1] INFO  server.RaftServerConfigKeys (ConfUtils.java:logGet(43)) - raft.server.log.segment.cache.num.max = 2 (custom)
2019-10-11 10:08:24,348 [pool-37-thread-1] INFO  server.RaftServerConfigKeys (ConfUtils.java:logGet(43)) - raft.server.log.write.buffer.size = 33554432 (custom)
2019-10-11 10:08:24,346 [pool-77-thread-1] INFO  segmented.SegmentedRaftLogWorker (SegmentedRaftLogWorker.java:<init>(172)) - new fd0f34a3-07b1-4956-8232-be1a3f5e6261@group-A39EDD5CFBEB-SegmentedRaftLogWorker for RaftStorage:Storage Directory /workdir/hadoop-ozone/integration-test/target/test-dir/MiniOzoneClusterImpl-cc3d3d95-e844-4504-baa9-60eb8f0888b1/datanode-5/data/ratis/ceb2df2c-bb30-4c07-9f0e-a39edd5cfbeb
2019-10-11 10:08:24,349 [pool-37-thread-1] INFO  server.RaftServerConfigKeys (ConfUtils.java:logGet(43)) - raft.server.log.force.sync.num = 128 (default)
2019-10-11 10:08:24,349 [pool-67-thread-1] INFO  segmented.SegmentedRaftLogWorker (SegmentedRaftLogWorker.java:<init>(172)) - new 2a3896bf-c579-4beb-9043-be047c7720ce@group-A39EDD5CFBEB-SegmentedRaftLogWorker for RaftStorage:Storage Directory /workdir/hadoop-ozone/integration-test/target/test-dir/MiniOzoneClusterImpl-cc3d3d95-e844-4504-baa9-60eb8f0888b1/datanode-4/data/ratis/ceb2df2c-bb30-4c07-9f0e-a39edd5cfbeb
2019-10-11 10:08:24,349 [pool-37-thread-1] INFO  server.RaftServerConfigKeys (ConfUtils.java:logGet(43)) - raft.server.log.statemachine.data.sync = true (default)
2019-10-11 10:08:24,349 [pool-77-thread-1] INFO  server.RaftServerConfigKeys (ConfUtils.java:logGet(43)) - raft.server.log.queue.byte-limit = 2147483647 (custom)
2019-10-11 10:08:24,349 [pool-37-thread-1] INFO  server.RaftServerConfigKeys (ConfUtils.java:logGet(43)) - raft.server.log.statemachine.data.sync.timeout = 10s (default)
2019-10-11 10:08:24,349 [pool-77-thread-1] INFO  server.RaftServerConfigKeys (ConfUtils.java:logGet(43)) - raft.server.log.queue.element-limit = 1024 (custom)
2019-10-11 10:08:24,349 [pool-67-thread-1] INFO  server.RaftServerConfigKeys (ConfUtils.java:logGet(43)) - raft.server.log.queue.byte-limit = 2147483647 (custom)
2019-10-11 10:08:24,350 [pool-77-thread-1] INFO  server.RaftServerConfigKeys (ConfUtils.java:logGet(43)) - raft.server.log.segment.size.max = 1048576 (custom)
2019-10-11 10:08:24,350 [pool-37-thread-1] INFO  server.RaftServerConfigKeys (ConfUtils.java:logGet(43)) - raft.server.log.statemachine.data.sync.timeout.retry = -1 (default)
2019-10-11 10:08:24,350 [pool-77-thread-1] INFO  server.RaftServerConfigKeys (ConfUtils.java:logGet(43)) - raft.server.log.preallocated.size = 16384 (custom)
2019-10-11 10:08:24,350 [pool-37-thread-1] INFO  server.RaftServerConfigKeys (ConfUtils.java:logGet(43)) - raft.server.log.statemachine.data.caching.enabled = true (custom)
2019-10-11 10:08:24,350 [pool-67-thread-1] INFO  server.RaftServerConfigKeys (ConfUtils.java:logGet(43)) - raft.server.log.queue.element-limit = 1024 (custom)
2019-10-11 10:08:24,350 [pool-77-thread-1] INFO  server.RaftServerConfigKeys (ConfUtils.java:logGet(43)) - raft.server.log.write.buffer.size = 33554432 (custom)
2019-10-11 10:08:24,351 [pool-67-thread-1] INFO  server.RaftServerConfigKeys (ConfUtils.java:logGet(43)) - raft.server.log.segment.size.max = 1048576 (custom)
2019-10-11 10:08:24,351 [pool-37-thread-1] INFO  segmented.SegmentedRaftLogWorker (SegmentedRaftLogWorker.java:lambda$new$0(132)) - c72dbeab-b6e2-48b8-b87b-77765a61575f@group-A39EDD5CFBEB-SegmentedRaftLogWorker: flushIndex: setUnconditionally 0 -> -1
2019-10-11 10:08:24,351 [pool-67-thread-1] INFO  server.RaftServerConfigKeys (ConfUtils.java:logGet(43)) - raft.server.log.preallocated.size = 16384 (custom)
2019-10-11 10:08:24,351 [pool-37-thread-1] INFO  server.RaftServerConfigKeys (ConfUtils.java:logGet(43)) - raft.server.snapshot.auto.trigger.enabled = true (custom)
2019-10-11 10:08:24,351 [pool-77-thread-1] INFO  server.RaftServerConfigKeys (ConfUtils.java:logGet(43)) - raft.server.log.force.sync.num = 128 (default)
2019-10-11 10:08:24,351 [pool-37-thread-1] INFO  server.RaftServerConfigKeys (ConfUtils.java:logGet(43)) - raft.server.snapshot.auto.trigger.threshold = 10000 (custom)
2019-10-11 10:08:24,351 [pool-67-thread-1] INFO  server.RaftServerConfigKeys (ConfUtils.java:logGet(43)) - raft.server.log.write.buffer.size = 33554432 (custom)
2019-10-11 10:08:24,351 [pool-37-thread-1] INFO  server.RaftServerConfigKeys (ConfUtils.java:logGet(43)) - raft.server.snapshot.retention.num.files = 5 (custom)
2019-10-11 10:08:24,351 [pool-77-thread-1] INFO  server.RaftServerConfigKeys (ConfUtils.java:logGet(43)) - raft.server.log.statemachine.data.sync = true (default)
2019-10-11 10:08:24,352 [pool-37-thread-1] INFO  server.RaftServerConfigKeys (ConfUtils.java:logGet(43)) - raft.server.retrycache.expirytime = 600000ms (custom)
2019-10-11 10:08:24,352 [pool-67-thread-1] INFO  server.RaftServerConfigKeys (ConfUtils.java:logGet(43)) - raft.server.log.force.sync.num = 128 (default)
2019-10-11 10:08:24,352 [pool-77-thread-1] INFO  server.RaftServerConfigKeys (ConfUtils.java:logGet(43)) - raft.server.log.statemachine.data.sync.timeout = 10s (default)
2019-10-11 10:08:24,352 [pool-67-thread-1] INFO  server.RaftServerConfigKeys (ConfUtils.java:logGet(43)) - raft.server.log.statemachine.data.sync = true (default)
2019-10-11 10:08:24,352 [pool-77-thread-1] INFO  server.RaftServerConfigKeys (ConfUtils.java:logGet(43)) - raft.server.log.statemachine.data.sync.timeout.retry = -1 (default)
2019-10-11 10:08:24,352 [pool-67-thread-1] INFO  server.RaftServerConfigKeys (ConfUtils.java:logGet(43)) - raft.server.log.statemachine.data.sync.timeout = 10s (default)
2019-10-11 10:08:24,353 [pool-77-thread-1] INFO  server.RaftServerConfigKeys (ConfUtils.java:logGet(43)) - raft.server.log.statemachine.data.caching.enabled = true (custom)
2019-10-11 10:08:24,353 [pool-67-thread-1] INFO  server.RaftServerConfigKeys (ConfUtils.java:logGet(43)) - raft.server.log.statemachine.data.sync.timeout.retry = -1 (default)
2019-10-11 10:08:24,353 [pool-77-thread-1] INFO  segmented.SegmentedRaftLogWorker (SegmentedRaftLogWorker.java:lambda$new$0(132)) - fd0f34a3-07b1-4956-8232-be1a3f5e6261@group-A39EDD5CFBEB-SegmentedRaftLogWorker: flushIndex: setUnconditionally 0 -> -1
2019-10-11 10:08:24,353 [pool-67-thread-1] INFO  server.RaftServerConfigKeys (ConfUtils.java:logGet(43)) - raft.server.log.statemachine.data.caching.enabled = true (custom)
2019-10-11 10:08:24,353 [pool-77-thread-1] INFO  server.RaftServerConfigKeys (ConfUtils.java:logGet(43)) - raft.server.snapshot.auto.trigger.enabled = true (custom)
2019-10-11 10:08:24,353 [pool-77-thread-1] INFO  server.RaftServerConfigKeys (ConfUtils.java:logGet(43)) - raft.server.snapshot.auto.trigger.threshold = 10000 (custom)
2019-10-11 10:08:24,354 [pool-67-thread-1] INFO  segmented.SegmentedRaftLogWorker (SegmentedRaftLogWorker.java:lambda$new$0(132)) - 2a3896bf-c579-4beb-9043-be047c7720ce@group-A39EDD5CFBEB-SegmentedRaftLogWorker: flushIndex: setUnconditionally 0 -> -1
2019-10-11 10:08:24,354 [pool-77-thread-1] INFO  server.RaftServerConfigKeys (ConfUtils.java:logGet(43)) - raft.server.snapshot.retention.num.files = 5 (custom)
2019-10-11 10:08:24,354 [pool-77-thread-1] INFO  server.RaftServerConfigKeys (ConfUtils.java:logGet(43)) - raft.server.retrycache.expirytime = 600000ms (custom)
2019-10-11 10:08:24,354 [pool-67-thread-1] INFO  server.RaftServerConfigKeys (ConfUtils.java:logGet(43)) - raft.server.snapshot.auto.trigger.enabled = true (custom)
2019-10-11 10:08:24,354 [pool-67-thread-1] INFO  server.RaftServerConfigKeys (ConfUtils.java:logGet(43)) - raft.server.snapshot.auto.trigger.threshold = 10000 (custom)
2019-10-11 10:08:24,354 [pool-67-thread-1] INFO  server.RaftServerConfigKeys (ConfUtils.java:logGet(43)) - raft.server.snapshot.retention.num.files = 5 (custom)
2019-10-11 10:08:24,355 [pool-67-thread-1] INFO  server.RaftServerConfigKeys (ConfUtils.java:logGet(43)) - raft.server.retrycache.expirytime = 600000ms (custom)
2019-10-11 10:08:24,355 [pool-37-thread-1] INFO  impl.RaftServerImpl (RaftServerImpl.java:start(185)) - c72dbeab-b6e2-48b8-b87b-77765a61575f@group-A39EDD5CFBEB: start as a follower, conf=-1: [2a3896bf-c579-4beb-9043-be047c7720ce:192.168.164.221:35466, c72dbeab-b6e2-48b8-b87b-77765a61575f:192.168.164.221:45506, fd0f34a3-07b1-4956-8232-be1a3f5e6261:192.168.164.221:42219], old=null
2019-10-11 10:08:24,355 [pool-37-thread-1] INFO  impl.RaftServerImpl (RaftServerImpl.java:setRole(174)) - c72dbeab-b6e2-48b8-b87b-77765a61575f@group-A39EDD5CFBEB: changes role from      null to FOLLOWER at term 0 for startAsFollower
2019-10-11 10:08:24,355 [pool-37-thread-1] INFO  impl.RoleInfo (RoleInfo.java:updateAndGet(143)) - c72dbeab-b6e2-48b8-b87b-77765a61575f: start FollowerState
2019-10-11 10:08:24,355 [pool-37-thread-1] INFO  util.JmxRegister (JmxRegister.java:tryRegister(44)) - Successfully registered JMX Bean with object name Ratis:service=RaftServer,group=group-A39EDD5CFBEB,id=c72dbeab-b6e2-48b8-b87b-77765a61575f
2019-10-11 10:08:24,357 [pool-77-thread-1] INFO  impl.RaftServerImpl (RaftServerImpl.java:start(185)) - fd0f34a3-07b1-4956-8232-be1a3f5e6261@group-A39EDD5CFBEB: start as a follower, conf=-1: [2a3896bf-c579-4beb-9043-be047c7720ce:192.168.164.221:35466, c72dbeab-b6e2-48b8-b87b-77765a61575f:192.168.164.221:45506, fd0f34a3-07b1-4956-8232-be1a3f5e6261:192.168.164.221:42219], old=null
2019-10-11 10:08:24,357 [pool-77-thread-1] INFO  impl.RaftServerImpl (RaftServerImpl.java:setRole(174)) - fd0f34a3-07b1-4956-8232-be1a3f5e6261@group-A39EDD5CFBEB: changes role from      null to FOLLOWER at term 0 for startAsFollower
2019-10-11 10:08:24,360 [pool-77-thread-1] INFO  impl.RoleInfo (RoleInfo.java:updateAndGet(143)) - fd0f34a3-07b1-4956-8232-be1a3f5e6261: start FollowerState
2019-10-11 10:08:24,367 [pool-77-thread-1] INFO  util.JmxRegister (JmxRegister.java:tryRegister(44)) - Successfully registered JMX Bean with object name Ratis:service=RaftServer,group=group-A39EDD5CFBEB,id=fd0f34a3-07b1-4956-8232-be1a3f5e6261
2019-10-11 10:08:24,368 [pool-67-thread-1] INFO  impl.RaftServerImpl (RaftServerImpl.java:start(185)) - 2a3896bf-c579-4beb-9043-be047c7720ce@group-A39EDD5CFBEB: start as a follower, conf=-1: [2a3896bf-c579-4beb-9043-be047c7720ce:192.168.164.221:35466, c72dbeab-b6e2-48b8-b87b-77765a61575f:192.168.164.221:45506, fd0f34a3-07b1-4956-8232-be1a3f5e6261:192.168.164.221:42219], old=null
2019-10-11 10:08:24,368 [pool-67-thread-1] INFO  impl.RaftServerImpl (RaftServerImpl.java:setRole(174)) - 2a3896bf-c579-4beb-9043-be047c7720ce@group-A39EDD5CFBEB: changes role from      null to FOLLOWER at term 0 for startAsFollower
2019-10-11 10:08:24,368 [pool-67-thread-1] INFO  impl.RoleInfo (RoleInfo.java:updateAndGet(143)) - 2a3896bf-c579-4beb-9043-be047c7720ce: start FollowerState
2019-10-11 10:08:24,369 [pool-67-thread-1] INFO  util.JmxRegister (JmxRegister.java:tryRegister(44)) - Successfully registered JMX Bean with object name Ratis:service=RaftServer,group=group-A39EDD5CFBEB,id=2a3896bf-c579-4beb-9043-be047c7720ce
2019-10-11 10:08:24,374 [RatisPipelineUtilsThread] INFO  pipeline.PipelineStateManager (PipelineStateManager.java:addPipeline(56)) - Created pipeline Pipeline[ Id: ceb2df2c-bb30-4c07-9f0e-a39edd5cfbeb, Nodes: fd0f34a3-07b1-4956-8232-be1a3f5e6261{ip: 192.168.164.221, host: pr-hdds-1569-wxwzw-598427175, networkLocation: /default-rack, certSerialId: null}c72dbeab-b6e2-48b8-b87b-77765a61575f{ip: 192.168.164.221, host: pr-hdds-1569-wxwzw-598427175, networkLocation: /default-rack, certSerialId: null}2a3896bf-c579-4beb-9043-be047c7720ce{ip: 192.168.164.221, host: pr-hdds-1569-wxwzw-598427175, networkLocation: /default-rack, certSerialId: null}, Type:RATIS, Factor:THREE, State:OPEN]
2019-10-11 10:08:24,375 [RatisPipelineUtilsThread] INFO  pipeline.PipelinePlacementPolicy (PipelinePlacementPolicy.java:meetCriteria(104)) - Pipeline Placement: can't place more pipeline on heavy datanode： 4302bdf4-b2bc-4d1b-92dc-dca675ac0824 Heaviness: 3 limit: 3
2019-10-11 10:08:24,375 [RatisPipelineUtilsThread] INFO  pipeline.PipelinePlacementPolicy (PipelinePlacementPolicy.java:meetCriteria(104)) - Pipeline Placement: can't place more pipeline on heavy datanode： bd87c10d-2a97-4600-a4c6-dcfee1c9d709 Heaviness: 3 limit: 3
2019-10-11 10:08:24,375 [RatisPipelineUtilsThread] INFO  pipeline.PipelinePlacementPolicy (PipelinePlacementPolicy.java:meetCriteria(104)) - Pipeline Placement: can't place more pipeline on heavy datanode： b908fea9-9d9e-4680-974c-d51461f1bcae Heaviness: 3 limit: 3
2019-10-11 10:08:24,391 [grpc-default-executor-1] INFO  impl.RaftServerProxy (RaftServerProxy.java:addNew(89)) - fd0f34a3-07b1-4956-8232-be1a3f5e6261: addNew group-B531619340A9:[2a3896bf-c579-4beb-9043-be047c7720ce:192.168.164.221:35466, c72dbeab-b6e2-48b8-b87b-77765a61575f:192.168.164.221:45506, fd0f34a3-07b1-4956-8232-be1a3f5e6261:192.168.164.221:42219] returns group-B531619340A9:java.util.concurrent.CompletableFuture@71cad5fe[Not completed]
2019-10-11 10:08:24,394 [grpc-default-executor-2] INFO  impl.RaftServerProxy (RaftServerProxy.java:addNew(89)) - 2a3896bf-c579-4beb-9043-be047c7720ce: addNew group-B531619340A9:[2a3896bf-c579-4beb-9043-be047c7720ce:192.168.164.221:35466, c72dbeab-b6e2-48b8-b87b-77765a61575f:192.168.164.221:45506, fd0f34a3-07b1-4956-8232-be1a3f5e6261:192.168.164.221:42219] returns group-B531619340A9:java.util.concurrent.CompletableFuture@6a8810c8[Not completed]
2019-10-11 10:08:24,395 [grpc-default-executor-0] INFO  impl.RaftServerProxy (RaftServerProxy.java:addNew(89)) - c72dbeab-b6e2-48b8-b87b-77765a61575f: addNew group-B531619340A9:[2a3896bf-c579-4beb-9043-be047c7720ce:192.168.164.221:35466, c72dbeab-b6e2-48b8-b87b-77765a61575f:192.168.164.221:45506, fd0f34a3-07b1-4956-8232-be1a3f5e6261:192.168.164.221:42219] returns group-B531619340A9:java.util.concurrent.CompletableFuture@c50178c[Not completed]
2019-10-11 10:08:24,397 [pool-77-thread-1] INFO  impl.RaftServerImpl (RaftServerImpl.java:<init>(95)) - fd0f34a3-07b1-4956-8232-be1a3f5e6261: new RaftServerImpl for group-B531619340A9:[2a3896bf-c579-4beb-9043-be047c7720ce:192.168.164.221:35466, c72dbeab-b6e2-48b8-b87b-77765a61575f:192.168.164.221:45506, fd0f34a3-07b1-4956-8232-be1a3f5e6261:192.168.164.221:42219] with ContainerStateMachine:uninitialized
2019-10-11 10:08:24,397 [pool-77-thread-1] INFO  server.RaftServerConfigKeys (ConfUtils.java:logGet(43)) - raft.server.rpc.timeout.min = 5s (custom)
2019-10-11 10:08:24,397 [pool-77-thread-1] INFO  server.RaftServerConfigKeys (ConfUtils.java:logGet(43)) - raft.server.rpc.timeout.max = 5200ms (custom)
2019-10-11 10:08:24,397 [pool-77-thread-1] INFO  server.RaftServerConfigKeys (ConfUtils.java:logGet(43)) - raft.server.rpcslowness.timeout = 120s (custom)
2019-10-11 10:08:24,397 [pool-77-thread-1] INFO  server.RaftServerConfigKeys (ConfUtils.java:logGet(43)) - raft.server.sleep.deviation.threshold = 300 (default)
2019-10-11 10:08:24,397 [pool-37-thread-1] INFO  impl.RaftServerImpl (RaftServerImpl.java:<init>(95)) - c72dbeab-b6e2-48b8-b87b-77765a61575f: new RaftServerImpl for group-B531619340A9:[2a3896bf-c579-4beb-9043-be047c7720ce:192.168.164.221:35466, c72dbeab-b6e2-48b8-b87b-77765a61575f:192.168.164.221:45506, fd0f34a3-07b1-4956-8232-be1a3f5e6261:192.168.164.221:42219] with ContainerStateMachine:uninitialized
2019-10-11 10:08:24,398 [pool-77-thread-1] INFO  server.RaftServerConfigKeys (ConfUtils.java:logGet(43)) - raft.server.log.appender.install.snapshot.enabled = false (custom)
2019-10-11 10:08:24,398 [pool-37-thread-1] INFO  server.RaftServerConfigKeys (ConfUtils.java:logGet(43)) - raft.server.rpc.timeout.min = 5s (custom)
2019-10-11 10:08:24,398 [pool-77-thread-1] INFO  impl.RaftServerImpl (ServerState.java:<init>(103)) - fd0f34a3-07b1-4956-8232-be1a3f5e6261@group-B531619340A9: ConfigurationManager, init=-1: [2a3896bf-c579-4beb-9043-be047c7720ce:192.168.164.221:35466, c72dbeab-b6e2-48b8-b87b-77765a61575f:192.168.164.221:45506, fd0f34a3-07b1-4956-8232-be1a3f5e6261:192.168.164.221:42219], old=null, confs=<EMPTY_MAP>
2019-10-11 10:08:24,398 [pool-37-thread-1] INFO  server.RaftServerConfigKeys (ConfUtils.java:logGet(43)) - raft.server.rpc.timeout.max = 5200ms (custom)
2019-10-11 10:08:24,398 [pool-77-thread-1] INFO  server.RaftServerConfigKeys (ConfUtils.java:logGet(43)) - raft.server.storage.dir = [/workdir/hadoop-ozone/integration-test/target/test-dir/MiniOzoneClusterImpl-cc3d3d95-e844-4504-baa9-60eb8f0888b1/datanode-5/data/ratis] (custom)
2019-10-11 10:08:24,398 [pool-37-thread-1] INFO  server.RaftServerConfigKeys (ConfUtils.java:logGet(43)) - raft.server.rpcslowness.timeout = 120s (custom)
2019-10-11 10:08:24,398 [pool-37-thread-1] INFO  server.RaftServerConfigKeys (ConfUtils.java:logGet(43)) - raft.server.sleep.deviation.threshold = 300 (default)
2019-10-11 10:08:24,398 [pool-37-thread-1] INFO  server.RaftServerConfigKeys (ConfUtils.java:logGet(43)) - raft.server.log.appender.install.snapshot.enabled = false (custom)
2019-10-11 10:08:24,399 [pool-77-thread-1] INFO  storage.RaftStorageDirectory (RaftStorageDirectory.java:analyzeStorage(246)) - The storage directory /workdir/hadoop-ozone/integration-test/target/test-dir/MiniOzoneClusterImpl-cc3d3d95-e844-4504-baa9-60eb8f0888b1/datanode-5/data/ratis/94bc79bd-764d-448b-b21e-b531619340a9 does not exist. Creating ...
2019-10-11 10:08:24,399 [pool-37-thread-1] INFO  impl.RaftServerImpl (ServerState.java:<init>(103)) - c72dbeab-b6e2-48b8-b87b-77765a61575f@group-B531619340A9: ConfigurationManager, init=-1: [2a3896bf-c579-4beb-9043-be047c7720ce:192.168.164.221:35466, c72dbeab-b6e2-48b8-b87b-77765a61575f:192.168.164.221:45506, fd0f34a3-07b1-4956-8232-be1a3f5e6261:192.168.164.221:42219], old=null, confs=<EMPTY_MAP>
2019-10-11 10:08:24,399 [pool-67-thread-1] INFO  impl.RaftServerImpl (RaftServerImpl.java:<init>(95)) - 2a3896bf-c579-4beb-9043-be047c7720ce: new RaftServerImpl for group-B531619340A9:[2a3896bf-c579-4beb-9043-be047c7720ce:192.168.164.221:35466, c72dbeab-b6e2-48b8-b87b-77765a61575f:192.168.164.221:45506, fd0f34a3-07b1-4956-8232-be1a3f5e6261:192.168.164.221:42219] with ContainerStateMachine:uninitialized
2019-10-11 10:08:24,399 [pool-37-thread-1] INFO  server.RaftServerConfigKeys (ConfUtils.java:logGet(43)) - raft.server.storage.dir = [/workdir/hadoop-ozone/integration-test/target/test-dir/MiniOzoneClusterImpl-cc3d3d95-e844-4504-baa9-60eb8f0888b1/datanode-1/data/ratis] (custom)
2019-10-11 10:08:24,399 [pool-67-thread-1] INFO  server.RaftServerConfigKeys (ConfUtils.java:logGet(43)) - raft.server.rpc.timeout.min = 5s (custom)
2019-10-11 10:08:24,399 [pool-67-thread-1] INFO  server.RaftServerConfigKeys (ConfUtils.java:logGet(43)) - raft.server.rpc.timeout.max = 5200ms (custom)
2019-10-11 10:08:24,399 [pool-37-thread-1] INFO  storage.RaftStorageDirectory (RaftStorageDirectory.java:analyzeStorage(246)) - The storage directory /workdir/hadoop-ozone/integration-test/target/test-dir/MiniOzoneClusterImpl-cc3d3d95-e844-4504-baa9-60eb8f0888b1/datanode-1/data/ratis/94bc79bd-764d-448b-b21e-b531619340a9 does not exist. Creating ...
2019-10-11 10:08:24,399 [pool-67-thread-1] INFO  server.RaftServerConfigKeys (ConfUtils.java:logGet(43)) - raft.server.rpcslowness.timeout = 120s (custom)
2019-10-11 10:08:24,400 [pool-67-thread-1] INFO  server.RaftServerConfigKeys (ConfUtils.java:logGet(43)) - raft.server.sleep.deviation.threshold = 300 (default)
2019-10-11 10:08:24,400 [pool-67-thread-1] INFO  server.RaftServerConfigKeys (ConfUtils.java:logGet(43)) - raft.server.log.appender.install.snapshot.enabled = false (custom)
2019-10-11 10:08:24,400 [pool-67-thread-1] INFO  impl.RaftServerImpl (ServerState.java:<init>(103)) - 2a3896bf-c579-4beb-9043-be047c7720ce@group-B531619340A9: ConfigurationManager, init=-1: [2a3896bf-c579-4beb-9043-be047c7720ce:192.168.164.221:35466, c72dbeab-b6e2-48b8-b87b-77765a61575f:192.168.164.221:45506, fd0f34a3-07b1-4956-8232-be1a3f5e6261:192.168.164.221:42219], old=null, confs=<EMPTY_MAP>
2019-10-11 10:08:24,400 [pool-67-thread-1] INFO  server.RaftServerConfigKeys (ConfUtils.java:logGet(43)) - raft.server.storage.dir = [/workdir/hadoop-ozone/integration-test/target/test-dir/MiniOzoneClusterImpl-cc3d3d95-e844-4504-baa9-60eb8f0888b1/datanode-4/data/ratis] (custom)
2019-10-11 10:08:24,400 [pool-67-thread-1] INFO  storage.RaftStorageDirectory (RaftStorageDirectory.java:analyzeStorage(246)) - The storage directory /workdir/hadoop-ozone/integration-test/target/test-dir/MiniOzoneClusterImpl-cc3d3d95-e844-4504-baa9-60eb8f0888b1/datanode-4/data/ratis/94bc79bd-764d-448b-b21e-b531619340a9 does not exist. Creating ...
2019-10-11 10:08:24,427 [pool-37-thread-1] INFO  storage.RaftStorageDirectory (RaftStorageDirectory.java:tryLock(328)) - Lock on /workdir/hadoop-ozone/integration-test/target/test-dir/MiniOzoneClusterImpl-cc3d3d95-e844-4504-baa9-60eb8f0888b1/datanode-1/data/ratis/94bc79bd-764d-448b-b21e-b531619340a9/in_use.lock acquired by nodename 24013@pr-hdds-1569-wxwzw-598427175
2019-10-11 10:08:24,427 [pool-77-thread-1] INFO  storage.RaftStorageDirectory (RaftStorageDirectory.java:tryLock(328)) - Lock on /workdir/hadoop-ozone/integration-test/target/test-dir/MiniOzoneClusterImpl-cc3d3d95-e844-4504-baa9-60eb8f0888b1/datanode-5/data/ratis/94bc79bd-764d-448b-b21e-b531619340a9/in_use.lock acquired by nodename 24013@pr-hdds-1569-wxwzw-598427175
2019-10-11 10:08:24,427 [pool-67-thread-1] INFO  storage.RaftStorageDirectory (RaftStorageDirectory.java:tryLock(328)) - Lock on /workdir/hadoop-ozone/integration-test/target/test-dir/MiniOzoneClusterImpl-cc3d3d95-e844-4504-baa9-60eb8f0888b1/datanode-4/data/ratis/94bc79bd-764d-448b-b21e-b531619340a9/in_use.lock acquired by nodename 24013@pr-hdds-1569-wxwzw-598427175
2019-10-11 10:08:24,452 [IPC Server handler 16 on 43451] INFO  volume.OMVolumeCreateRequest (OMVolumeCreateRequest.java:validateAndUpdateCache(189)) - created volume:testblockoutputstream for user:jenkins1000
2019-10-11 10:08:24,452 [pool-37-thread-1] INFO  storage.RaftStorage (RaftStorage.java:format(72)) - Storage directory /workdir/hadoop-ozone/integration-test/target/test-dir/MiniOzoneClusterImpl-cc3d3d95-e844-4504-baa9-60eb8f0888b1/datanode-1/data/ratis/94bc79bd-764d-448b-b21e-b531619340a9 has been successfully formatted.
2019-10-11 10:08:24,452 [pool-67-thread-1] INFO  storage.RaftStorage (RaftStorage.java:format(72)) - Storage directory /workdir/hadoop-ozone/integration-test/target/test-dir/MiniOzoneClusterImpl-cc3d3d95-e844-4504-baa9-60eb8f0888b1/datanode-4/data/ratis/94bc79bd-764d-448b-b21e-b531619340a9 has been successfully formatted.
2019-10-11 10:08:24,452 [pool-77-thread-1] INFO  storage.RaftStorage (RaftStorage.java:format(72)) - Storage directory /workdir/hadoop-ozone/integration-test/target/test-dir/MiniOzoneClusterImpl-cc3d3d95-e844-4504-baa9-60eb8f0888b1/datanode-5/data/ratis/94bc79bd-764d-448b-b21e-b531619340a9 has been successfully formatted.
2019-10-11 10:08:24,453 [pool-37-thread-1] INFO  ratis.ContainerStateMachine (ContainerStateMachine.java:loadSnapshot(230)) - group-B531619340A9: The snapshot info is null. Setting the last applied indexto:(t:0, i:~)
2019-10-11 10:08:24,453 [pool-67-thread-1] INFO  ratis.ContainerStateMachine (ContainerStateMachine.java:loadSnapshot(230)) - group-B531619340A9: The snapshot info is null. Setting the last applied indexto:(t:0, i:~)
2019-10-11 10:08:24,453 [pool-37-thread-1] INFO  server.RaftServerConfigKeys (ConfUtils.java:logGet(43)) - raft.server.notification.no-leader.timeout = 120s (custom)
2019-10-11 10:08:24,453 [pool-77-thread-1] INFO  ratis.ContainerStateMachine (ContainerStateMachine.java:loadSnapshot(230)) - group-B531619340A9: The snapshot info is null. Setting the last applied indexto:(t:0, i:~)
2019-10-11 10:08:24,453 [pool-37-thread-1] INFO  server.RaftServerConfigKeys (ConfUtils.java:logGet(43)) - raft.server.log.use.memory = false (default)
2019-10-11 10:08:24,453 [pool-67-thread-1] INFO  server.RaftServerConfigKeys (ConfUtils.java:logGet(43)) - raft.server.notification.no-leader.timeout = 120s (custom)
2019-10-11 10:08:24,453 [pool-37-thread-1] INFO  server.RaftServerConfigKeys (ConfUtils.java:logGet(43)) - raft.server.log.purge.gap = 1000000 (custom)
2019-10-11 10:08:24,453 [pool-77-thread-1] INFO  server.RaftServerConfigKeys (ConfUtils.java:logGet(43)) - raft.server.notification.no-leader.timeout = 120s (custom)
2019-10-11 10:08:24,454 [pool-37-thread-1] INFO  server.RaftServerConfigKeys (ConfUtils.java:logGet(43)) - raft.server.log.appender.buffer.byte-limit = 33554432 (custom)
2019-10-11 10:08:24,454 [pool-67-thread-1] INFO  server.RaftServerConfigKeys (ConfUtils.java:logGet(43)) - raft.server.log.use.memory = false (default)
2019-10-11 10:08:24,454 [pool-37-thread-1] INFO  server.RaftServerConfigKeys (ConfUtils.java:logGet(43)) - raft.server.log.segment.size.max = 1048576 (custom)
2019-10-11 10:08:24,454 [pool-77-thread-1] INFO  server.RaftServerConfigKeys (ConfUtils.java:logGet(43)) - raft.server.log.use.memory = false (default)
2019-10-11 10:08:24,454 [pool-37-thread-1] INFO  server.RaftServerConfigKeys (ConfUtils.java:logGet(43)) - raft.server.log.segment.cache.num.max = 2 (custom)
2019-10-11 10:08:24,454 [pool-67-thread-1] INFO  server.RaftServerConfigKeys (ConfUtils.java:logGet(43)) - raft.server.log.purge.gap = 1000000 (custom)
2019-10-11 10:08:24,454 [pool-37-thread-1] INFO  segmented.SegmentedRaftLogWorker (SegmentedRaftLogWorker.java:<init>(172)) - new c72dbeab-b6e2-48b8-b87b-77765a61575f@group-B531619340A9-SegmentedRaftLogWorker for RaftStorage:Storage Directory /workdir/hadoop-ozone/integration-test/target/test-dir/MiniOzoneClusterImpl-cc3d3d95-e844-4504-baa9-60eb8f0888b1/datanode-1/data/ratis/94bc79bd-764d-448b-b21e-b531619340a9
2019-10-11 10:08:24,454 [pool-77-thread-1] INFO  server.RaftServerConfigKeys (ConfUtils.java:logGet(43)) - raft.server.log.purge.gap = 1000000 (custom)
2019-10-11 10:08:24,455 [pool-37-thread-1] INFO  server.RaftServerConfigKeys (ConfUtils.java:logGet(43)) - raft.server.log.queue.byte-limit = 2147483647 (custom)
2019-10-11 10:08:24,455 [pool-67-thread-1] INFO  server.RaftServerConfigKeys (ConfUtils.java:logGet(43)) - raft.server.log.appender.buffer.byte-limit = 33554432 (custom)
2019-10-11 10:08:24,457 [pool-37-thread-1] INFO  server.RaftServerConfigKeys (ConfUtils.java:logGet(43)) - raft.server.log.queue.element-limit = 1024 (custom)
2019-10-11 10:08:24,457 [pool-77-thread-1] INFO  server.RaftServerConfigKeys (ConfUtils.java:logGet(43)) - raft.server.log.appender.buffer.byte-limit = 33554432 (custom)
2019-10-11 10:08:24,457 [pool-37-thread-1] INFO  server.RaftServerConfigKeys (ConfUtils.java:logGet(43)) - raft.server.log.segment.size.max = 1048576 (custom)
2019-10-11 10:08:24,457 [pool-67-thread-1] INFO  server.RaftServerConfigKeys (ConfUtils.java:logGet(43)) - raft.server.log.segment.size.max = 1048576 (custom)
2019-10-11 10:08:24,458 [pool-37-thread-1] INFO  server.RaftServerConfigKeys (ConfUtils.java:logGet(43)) - raft.server.log.preallocated.size = 16384 (custom)
2019-10-11 10:08:24,458 [pool-77-thread-1] INFO  server.RaftServerConfigKeys (ConfUtils.java:logGet(43)) - raft.server.log.segment.size.max = 1048576 (custom)
2019-10-11 10:08:24,458 [pool-37-thread-1] INFO  server.RaftServerConfigKeys (ConfUtils.java:logGet(43)) - raft.server.log.write.buffer.size = 33554432 (custom)
2019-10-11 10:08:24,458 [pool-67-thread-1] INFO  server.RaftServerConfigKeys (ConfUtils.java:logGet(43)) - raft.server.log.segment.cache.num.max = 2 (custom)
2019-10-11 10:08:24,458 [pool-37-thread-1] INFO  server.RaftServerConfigKeys (ConfUtils.java:logGet(43)) - raft.server.log.force.sync.num = 128 (default)
2019-10-11 10:08:24,458 [pool-77-thread-1] INFO  server.RaftServerConfigKeys (ConfUtils.java:logGet(43)) - raft.server.log.segment.cache.num.max = 2 (custom)
2019-10-11 10:08:24,458 [pool-37-thread-1] INFO  server.RaftServerConfigKeys (ConfUtils.java:logGet(43)) - raft.server.log.statemachine.data.sync = true (default)
2019-10-11 10:08:24,458 [pool-67-thread-1] INFO  segmented.SegmentedRaftLogWorker (SegmentedRaftLogWorker.java:<init>(172)) - new 2a3896bf-c579-4beb-9043-be047c7720ce@group-B531619340A9-SegmentedRaftLogWorker for RaftStorage:Storage Directory /workdir/hadoop-ozone/integration-test/target/test-dir/MiniOzoneClusterImpl-cc3d3d95-e844-4504-baa9-60eb8f0888b1/datanode-4/data/ratis/94bc79bd-764d-448b-b21e-b531619340a9
2019-10-11 10:08:24,459 [pool-37-thread-1] INFO  server.RaftServerConfigKeys (ConfUtils.java:logGet(43)) - raft.server.log.statemachine.data.sync.timeout = 10s (default)
2019-10-11 10:08:24,459 [pool-77-thread-1] INFO  segmented.SegmentedRaftLogWorker (SegmentedRaftLogWorker.java:<init>(172)) - new fd0f34a3-07b1-4956-8232-be1a3f5e6261@group-B531619340A9-SegmentedRaftLogWorker for RaftStorage:Storage Directory /workdir/hadoop-ozone/integration-test/target/test-dir/MiniOzoneClusterImpl-cc3d3d95-e844-4504-baa9-60eb8f0888b1/datanode-5/data/ratis/94bc79bd-764d-448b-b21e-b531619340a9
2019-10-11 10:08:24,459 [pool-37-thread-1] INFO  server.RaftServerConfigKeys (ConfUtils.java:logGet(43)) - raft.server.log.statemachine.data.sync.timeout.retry = -1 (default)
2019-10-11 10:08:24,459 [pool-67-thread-1] INFO  server.RaftServerConfigKeys (ConfUtils.java:logGet(43)) - raft.server.log.queue.byte-limit = 2147483647 (custom)
2019-10-11 10:08:24,459 [pool-77-thread-1] INFO  server.RaftServerConfigKeys (ConfUtils.java:logGet(43)) - raft.server.log.queue.byte-limit = 2147483647 (custom)
2019-10-11 10:08:24,459 [pool-67-thread-1] INFO  server.RaftServerConfigKeys (ConfUtils.java:logGet(43)) - raft.server.log.queue.element-limit = 1024 (custom)
2019-10-11 10:08:24,459 [pool-37-thread-1] INFO  server.RaftServerConfigKeys (ConfUtils.java:logGet(43)) - raft.server.log.statemachine.data.caching.enabled = true (custom)
2019-10-11 10:08:24,462 [pool-67-thread-1] INFO  server.RaftServerConfigKeys (ConfUtils.java:logGet(43)) - raft.server.log.segment.size.max = 1048576 (custom)
2019-10-11 10:08:24,463 [pool-67-thread-1] INFO  server.RaftServerConfigKeys (ConfUtils.java:logGet(43)) - raft.server.log.preallocated.size = 16384 (custom)
2019-10-11 10:08:24,459 [pool-77-thread-1] INFO  server.RaftServerConfigKeys (ConfUtils.java:logGet(43)) - raft.server.log.queue.element-limit = 1024 (custom)
2019-10-11 10:08:24,463 [pool-37-thread-1] INFO  segmented.SegmentedRaftLogWorker (SegmentedRaftLogWorker.java:lambda$new$0(132)) - c72dbeab-b6e2-48b8-b87b-77765a61575f@group-B531619340A9-SegmentedRaftLogWorker: flushIndex: setUnconditionally 0 -> -1
2019-10-11 10:08:24,463 [pool-67-thread-1] INFO  server.RaftServerConfigKeys (ConfUtils.java:logGet(43)) - raft.server.log.write.buffer.size = 33554432 (custom)
2019-10-11 10:08:24,463 [pool-77-thread-1] INFO  server.RaftServerConfigKeys (ConfUtils.java:logGet(43)) - raft.server.log.segment.size.max = 1048576 (custom)
2019-10-11 10:08:24,463 [pool-37-thread-1] INFO  server.RaftServerConfigKeys (ConfUtils.java:logGet(43)) - raft.server.snapshot.auto.trigger.enabled = true (custom)
2019-10-11 10:08:24,463 [pool-67-thread-1] INFO  server.RaftServerConfigKeys (ConfUtils.java:logGet(43)) - raft.server.log.force.sync.num = 128 (default)
2019-10-11 10:08:24,465 [pool-37-thread-1] INFO  server.RaftServerConfigKeys (ConfUtils.java:logGet(43)) - raft.server.snapshot.auto.trigger.threshold = 10000 (custom)
2019-10-11 10:08:24,463 [pool-77-thread-1] INFO  server.RaftServerConfigKeys (ConfUtils.java:logGet(43)) - raft.server.log.preallocated.size = 16384 (custom)
2019-10-11 10:08:24,465 [pool-37-thread-1] INFO  server.RaftServerConfigKeys (ConfUtils.java:logGet(43)) - raft.server.snapshot.retention.num.files = 5 (custom)
2019-10-11 10:08:24,465 [pool-67-thread-1] INFO  server.RaftServerConfigKeys (ConfUtils.java:logGet(43)) - raft.server.log.statemachine.data.sync = true (default)
2019-10-11 10:08:24,467 [pool-37-thread-1] INFO  server.RaftServerConfigKeys (ConfUtils.java:logGet(43)) - raft.server.retrycache.expirytime = 600000ms (custom)
2019-10-11 10:08:24,466 [pool-77-thread-1] INFO  server.RaftServerConfigKeys (ConfUtils.java:logGet(43)) - raft.server.log.write.buffer.size = 33554432 (custom)
2019-10-11 10:08:24,467 [pool-67-thread-1] INFO  server.RaftServerConfigKeys (ConfUtils.java:logGet(43)) - raft.server.log.statemachine.data.sync.timeout = 10s (default)
2019-10-11 10:08:24,467 [pool-77-thread-1] INFO  server.RaftServerConfigKeys (ConfUtils.java:logGet(43)) - raft.server.log.force.sync.num = 128 (default)
2019-10-11 10:08:24,467 [pool-67-thread-1] INFO  server.RaftServerConfigKeys (ConfUtils.java:logGet(43)) - raft.server.log.statemachine.data.sync.timeout.retry = -1 (default)
2019-10-11 10:08:24,467 [pool-77-thread-1] INFO  server.RaftServerConfigKeys (ConfUtils.java:logGet(43)) - raft.server.log.statemachine.data.sync = true (default)
2019-10-11 10:08:24,467 [pool-67-thread-1] INFO  server.RaftServerConfigKeys (ConfUtils.java:logGet(43)) - raft.server.log.statemachine.data.caching.enabled = true (custom)
2019-10-11 10:08:24,467 [pool-77-thread-1] INFO  server.RaftServerConfigKeys (ConfUtils.java:logGet(43)) - raft.server.log.statemachine.data.sync.timeout = 10s (default)
2019-10-11 10:08:24,468 [pool-77-thread-1] INFO  server.RaftServerConfigKeys (ConfUtils.java:logGet(43)) - raft.server.log.statemachine.data.sync.timeout.retry = -1 (default)
2019-10-11 10:08:24,468 [pool-67-thread-1] INFO  segmented.SegmentedRaftLogWorker (SegmentedRaftLogWorker.java:lambda$new$0(132)) - 2a3896bf-c579-4beb-9043-be047c7720ce@group-B531619340A9-SegmentedRaftLogWorker: flushIndex: setUnconditionally 0 -> -1
2019-10-11 10:08:24,468 [pool-77-thread-1] INFO  server.RaftServerConfigKeys (ConfUtils.java:logGet(43)) - raft.server.log.statemachine.data.caching.enabled = true (custom)
2019-10-11 10:08:24,468 [pool-67-thread-1] INFO  server.RaftServerConfigKeys (ConfUtils.java:logGet(43)) - raft.server.snapshot.auto.trigger.enabled = true (custom)
2019-10-11 10:08:24,468 [pool-67-thread-1] INFO  server.RaftServerConfigKeys (ConfUtils.java:logGet(43)) - raft.server.snapshot.auto.trigger.threshold = 10000 (custom)
2019-10-11 10:08:24,468 [pool-77-thread-1] INFO  segmented.SegmentedRaftLogWorker (SegmentedRaftLogWorker.java:lambda$new$0(132)) - fd0f34a3-07b1-4956-8232-be1a3f5e6261@group-B531619340A9-SegmentedRaftLogWorker: flushIndex: setUnconditionally 0 -> -1
2019-10-11 10:08:24,468 [pool-67-thread-1] INFO  server.RaftServerConfigKeys (ConfUtils.java:logGet(43)) - raft.server.snapshot.retention.num.files = 5 (custom)
2019-10-11 10:08:24,475 [pool-77-thread-1] INFO  server.RaftServerConfigKeys (ConfUtils.java:logGet(43)) - raft.server.snapshot.auto.trigger.enabled = true (custom)
2019-10-11 10:08:24,475 [pool-67-thread-1] INFO  server.RaftServerConfigKeys (ConfUtils.java:logGet(43)) - raft.server.retrycache.expirytime = 600000ms (custom)
2019-10-11 10:08:24,475 [pool-77-thread-1] INFO  server.RaftServerConfigKeys (ConfUtils.java:logGet(43)) - raft.server.snapshot.auto.trigger.threshold = 10000 (custom)
2019-10-11 10:08:24,475 [pool-77-thread-1] INFO  server.RaftServerConfigKeys (ConfUtils.java:logGet(43)) - raft.server.snapshot.retention.num.files = 5 (custom)
2019-10-11 10:08:24,476 [pool-77-thread-1] INFO  server.RaftServerConfigKeys (ConfUtils.java:logGet(43)) - raft.server.retrycache.expirytime = 600000ms (custom)
2019-10-11 10:08:24,477 [pool-37-thread-1] INFO  impl.RaftServerImpl (RaftServerImpl.java:start(185)) - c72dbeab-b6e2-48b8-b87b-77765a61575f@group-B531619340A9: start as a follower, conf=-1: [2a3896bf-c579-4beb-9043-be047c7720ce:192.168.164.221:35466, c72dbeab-b6e2-48b8-b87b-77765a61575f:192.168.164.221:45506, fd0f34a3-07b1-4956-8232-be1a3f5e6261:192.168.164.221:42219], old=null
2019-10-11 10:08:24,477 [pool-37-thread-1] INFO  impl.RaftServerImpl (RaftServerImpl.java:setRole(174)) - c72dbeab-b6e2-48b8-b87b-77765a61575f@group-B531619340A9: changes role from      null to FOLLOWER at term 0 for startAsFollower
2019-10-11 10:08:24,477 [pool-37-thread-1] INFO  impl.RoleInfo (RoleInfo.java:updateAndGet(143)) - c72dbeab-b6e2-48b8-b87b-77765a61575f: start FollowerState
2019-10-11 10:08:24,477 [pool-37-thread-1] INFO  util.JmxRegister (JmxRegister.java:tryRegister(44)) - Successfully registered JMX Bean with object name Ratis:service=RaftServer,group=group-B531619340A9,id=c72dbeab-b6e2-48b8-b87b-77765a61575f
2019-10-11 10:08:24,479 [pool-67-thread-1] INFO  impl.RaftServerImpl (RaftServerImpl.java:start(185)) - 2a3896bf-c579-4beb-9043-be047c7720ce@group-B531619340A9: start as a follower, conf=-1: [2a3896bf-c579-4beb-9043-be047c7720ce:192.168.164.221:35466, c72dbeab-b6e2-48b8-b87b-77765a61575f:192.168.164.221:45506, fd0f34a3-07b1-4956-8232-be1a3f5e6261:192.168.164.221:42219], old=null
2019-10-11 10:08:24,479 [pool-67-thread-1] INFO  impl.RaftServerImpl (RaftServerImpl.java:setRole(174)) - 2a3896bf-c579-4beb-9043-be047c7720ce@group-B531619340A9: changes role from      null to FOLLOWER at term 0 for startAsFollower
2019-10-11 10:08:24,479 [pool-67-thread-1] INFO  impl.RoleInfo (RoleInfo.java:updateAndGet(143)) - 2a3896bf-c579-4beb-9043-be047c7720ce: start FollowerState
2019-10-11 10:08:24,479 [pool-77-thread-1] INFO  impl.RaftServerImpl (RaftServerImpl.java:start(185)) - fd0f34a3-07b1-4956-8232-be1a3f5e6261@group-B531619340A9: start as a follower, conf=-1: [2a3896bf-c579-4beb-9043-be047c7720ce:192.168.164.221:35466, c72dbeab-b6e2-48b8-b87b-77765a61575f:192.168.164.221:45506, fd0f34a3-07b1-4956-8232-be1a3f5e6261:192.168.164.221:42219], old=null
2019-10-11 10:08:24,479 [pool-67-thread-1] INFO  util.JmxRegister (JmxRegister.java:tryRegister(44)) - Successfully registered JMX Bean with object name Ratis:service=RaftServer,group=group-B531619340A9,id=2a3896bf-c579-4beb-9043-be047c7720ce
2019-10-11 10:08:24,479 [pool-77-thread-1] INFO  impl.RaftServerImpl (RaftServerImpl.java:setRole(174)) - fd0f34a3-07b1-4956-8232-be1a3f5e6261@group-B531619340A9: changes role from      null to FOLLOWER at term 0 for startAsFollower
2019-10-11 10:08:24,480 [pool-77-thread-1] INFO  impl.RoleInfo (RoleInfo.java:updateAndGet(143)) - fd0f34a3-07b1-4956-8232-be1a3f5e6261: start FollowerState
2019-10-11 10:08:24,480 [pool-77-thread-1] INFO  util.JmxRegister (JmxRegister.java:tryRegister(44)) - Successfully registered JMX Bean with object name Ratis:service=RaftServer,group=group-B531619340A9,id=fd0f34a3-07b1-4956-8232-be1a3f5e6261
2019-10-11 10:08:24,485 [main] INFO  rpc.RpcClient (RpcClient.java:createBucket(415)) - Creating Bucket: testblockoutputstream/testblockoutputstream, with Versioning false and Storage Type set to DISK and Encryption set to false 
2019-10-11 10:08:24,926 [RatisPipelineUtilsThread] INFO  pipeline.PipelineStateManager (PipelineStateManager.java:addPipeline(56)) - Created pipeline Pipeline[ Id: 94bc79bd-764d-448b-b21e-b531619340a9, Nodes: c72dbeab-b6e2-48b8-b87b-77765a61575f{ip: 192.168.164.221, host: pr-hdds-1569-wxwzw-598427175, networkLocation: /default-rack, certSerialId: null}fd0f34a3-07b1-4956-8232-be1a3f5e6261{ip: 192.168.164.221, host: pr-hdds-1569-wxwzw-598427175, networkLocation: /default-rack, certSerialId: null}2a3896bf-c579-4beb-9043-be047c7720ce{ip: 192.168.164.221, host: pr-hdds-1569-wxwzw-598427175, networkLocation: /default-rack, certSerialId: null}, Type:RATIS, Factor:THREE, State:OPEN]
2019-10-11 10:08:24,927 [RatisPipelineUtilsThread] INFO  pipeline.PipelinePlacementPolicy (PipelinePlacementPolicy.java:meetCriteria(104)) - Pipeline Placement: can't place more pipeline on heavy datanode： 4302bdf4-b2bc-4d1b-92dc-dca675ac0824 Heaviness: 3 limit: 3
2019-10-11 10:08:24,933 [RatisPipelineUtilsThread] INFO  pipeline.PipelinePlacementPolicy (PipelinePlacementPolicy.java:meetCriteria(104)) - Pipeline Placement: can't place more pipeline on heavy datanode： bd87c10d-2a97-4600-a4c6-dcfee1c9d709 Heaviness: 3 limit: 3
2019-10-11 10:08:24,937 [RatisPipelineUtilsThread] INFO  pipeline.PipelinePlacementPolicy (PipelinePlacementPolicy.java:meetCriteria(104)) - Pipeline Placement: can't place more pipeline on heavy datanode： b908fea9-9d9e-4680-974c-d51461f1bcae Heaviness: 3 limit: 3
2019-10-11 10:08:24,938 [RatisPipelineUtilsThread] INFO  pipeline.PipelinePlacementPolicy (PipelinePlacementPolicy.java:meetCriteria(104)) - Pipeline Placement: can't place more pipeline on heavy datanode： 2a3896bf-c579-4beb-9043-be047c7720ce Heaviness: 3 limit: 3
2019-10-11 10:08:24,939 [RatisPipelineUtilsThread] INFO  pipeline.PipelinePlacementPolicy (PipelinePlacementPolicy.java:meetCriteria(104)) - Pipeline Placement: can't place more pipeline on heavy datanode： fd0f34a3-07b1-4956-8232-be1a3f5e6261 Heaviness: 3 limit: 3
2019-10-11 10:08:24,939 [RatisPipelineUtilsThread] INFO  pipeline.PipelinePlacementPolicy (PipelinePlacementPolicy.java:meetCriteria(104)) - Pipeline Placement: can't place more pipeline on heavy datanode： c72dbeab-b6e2-48b8-b87b-77765a61575f Heaviness: 3 limit: 3
2019-10-11 10:08:24,939 [RatisPipelineUtilsThread] ERROR pipeline.PipelinePlacementPolicy (PipelinePlacementPolicy.java:filterViableNodes(162)) - Unable to find enough nodes that meet the criteria that cannot engage in more than 3 pipelines. Nodes required: 3 Found: 1, healthy nodes count in NodeManager: 7.
2019-10-11 10:08:24,939 [RatisPipelineUtilsThread] ERROR pipeline.SCMPipelineManager (SCMPipelineManager.java:createPipeline(193)) - Pipeline creation failed.
org.apache.hadoop.hdds.scm.exceptions.SCMException: Unable to find enough nodes that meet the criteria that cannot engage in more than 3 pipelines. Nodes required: 3 Found: 1, healthy nodes count in NodeManager: 7.
	at org.apache.hadoop.hdds.scm.pipeline.PipelinePlacementPolicy.filterViableNodes(PipelinePlacementPolicy.java:163)
	at org.apache.hadoop.hdds.scm.pipeline.PipelinePlacementPolicy.chooseDatanodes(PipelinePlacementPolicy.java:186)
	at org.apache.hadoop.hdds.scm.pipeline.RatisPipelineProvider.create(RatisPipelineProvider.java:131)
	at org.apache.hadoop.hdds.scm.pipeline.PipelineFactory.create(PipelineFactory.java:58)
	at org.apache.hadoop.hdds.scm.pipeline.SCMPipelineManager.createPipeline(SCMPipelineManager.java:183)
	at org.apache.hadoop.hdds.scm.pipeline.BackgroundPipelineCreator.createPipelines(BackgroundPipelineCreator.java:100)
	at java.util.concurrent.Executors$RunnableAdapter.call(Executors.java:511)
	at java.util.concurrent.FutureTask.run(FutureTask.java:266)
	at java.util.concurrent.ScheduledThreadPoolExecutor$ScheduledFutureTask.access$201(ScheduledThreadPoolExecutor.java:180)
	at java.util.concurrent.ScheduledThreadPoolExecutor$ScheduledFutureTask.run(ScheduledThreadPoolExecutor.java:293)
	at java.util.concurrent.ThreadPoolExecutor.runWorker(ThreadPoolExecutor.java:1149)
	at java.util.concurrent.ThreadPoolExecutor$Worker.run(ThreadPoolExecutor.java:624)
	at java.lang.Thread.run(Thread.java:748)
2019-10-11 10:08:24,943 [RatisPipelineUtilsThread] INFO  pipeline.PipelinePlacementPolicy (PipelinePlacementPolicy.java:meetCriteria(104)) - Pipeline Placement: can't place more pipeline on heavy datanode： 4302bdf4-b2bc-4d1b-92dc-dca675ac0824 Heaviness: 3 limit: 3
2019-10-11 10:08:24,946 [RatisPipelineUtilsThread] INFO  pipeline.PipelinePlacementPolicy (PipelinePlacementPolicy.java:meetCriteria(104)) - Pipeline Placement: can't place more pipeline on heavy datanode： bd87c10d-2a97-4600-a4c6-dcfee1c9d709 Heaviness: 3 limit: 3
2019-10-11 10:08:24,962 [RatisPipelineUtilsThread] INFO  pipeline.PipelinePlacementPolicy (PipelinePlacementPolicy.java:meetCriteria(104)) - Pipeline Placement: can't place more pipeline on heavy datanode： b908fea9-9d9e-4680-974c-d51461f1bcae Heaviness: 3 limit: 3
2019-10-11 10:08:24,962 [RatisPipelineUtilsThread] INFO  pipeline.PipelinePlacementPolicy (PipelinePlacementPolicy.java:meetCriteria(104)) - Pipeline Placement: can't place more pipeline on heavy datanode： 2a3896bf-c579-4beb-9043-be047c7720ce Heaviness: 3 limit: 3
2019-10-11 10:08:24,962 [RatisPipelineUtilsThread] INFO  pipeline.PipelinePlacementPolicy (PipelinePlacementPolicy.java:meetCriteria(104)) - Pipeline Placement: can't place more pipeline on heavy datanode： fd0f34a3-07b1-4956-8232-be1a3f5e6261 Heaviness: 3 limit: 3
2019-10-11 10:08:24,962 [RatisPipelineUtilsThread] INFO  pipeline.PipelinePlacementPolicy (PipelinePlacementPolicy.java:meetCriteria(104)) - Pipeline Placement: can't place more pipeline on heavy datanode： c72dbeab-b6e2-48b8-b87b-77765a61575f Heaviness: 3 limit: 3
2019-10-11 10:08:24,963 [RatisPipelineUtilsThread] ERROR pipeline.PipelinePlacementPolicy (PipelinePlacementPolicy.java:filterViableNodes(162)) - Unable to find enough nodes that meet the criteria that cannot engage in more than 3 pipelines. Nodes required: 3 Found: 1, healthy nodes count in NodeManager: 7.
2019-10-11 10:08:24,963 [RatisPipelineUtilsThread] ERROR pipeline.SCMPipelineManager (SCMPipelineManager.java:createPipeline(193)) - Pipeline creation failed.
org.apache.hadoop.hdds.scm.exceptions.SCMException: Unable to find enough nodes that meet the criteria that cannot engage in more than 3 pipelines. Nodes required: 3 Found: 1, healthy nodes count in NodeManager: 7.
	at org.apache.hadoop.hdds.scm.pipeline.PipelinePlacementPolicy.filterViableNodes(PipelinePlacementPolicy.java:163)
	at org.apache.hadoop.hdds.scm.pipeline.PipelinePlacementPolicy.chooseDatanodes(PipelinePlacementPolicy.java:186)
	at org.apache.hadoop.hdds.scm.pipeline.RatisPipelineProvider.create(RatisPipelineProvider.java:131)
	at org.apache.hadoop.hdds.scm.pipeline.PipelineFactory.create(PipelineFactory.java:58)
	at org.apache.hadoop.hdds.scm.pipeline.SCMPipelineManager.createPipeline(SCMPipelineManager.java:183)
	at org.apache.hadoop.hdds.scm.pipeline.BackgroundPipelineCreator.createPipelines(BackgroundPipelineCreator.java:100)
	at org.apache.hadoop.hdds.scm.pipeline.BackgroundPipelineCreator.lambda$startFixedIntervalPipelineCreator$0(BackgroundPipelineCreator.java:70)
	at java.util.concurrent.Executors$RunnableAdapter.call(Executors.java:511)
	at java.util.concurrent.FutureTask.runAndReset(FutureTask.java:308)
	at java.util.concurrent.ScheduledThreadPoolExecutor$ScheduledFutureTask.access$301(ScheduledThreadPoolExecutor.java:180)
	at java.util.concurrent.ScheduledThreadPoolExecutor$ScheduledFutureTask.run(ScheduledThreadPoolExecutor.java:294)
	at java.util.concurrent.ThreadPoolExecutor.runWorker(ThreadPoolExecutor.java:1149)
	at java.util.concurrent.ThreadPoolExecutor$Worker.run(ThreadPoolExecutor.java:624)
	at java.lang.Thread.run(Thread.java:748)
2019-10-11 10:08:25,163 [main] INFO  impl.MetricsSystemImpl (MetricsSystemImpl.java:init(158)) - XceiverClientMetrics metrics system started (again)
2019-10-11 10:08:25,209 [Thread-238] INFO  container.ReplicationManager (ReplicationManager.java:start(163)) - Starting Replication Monitor Thread.
2019-10-11 10:08:25,211 [ReplicationMonitor] INFO  container.ReplicationManager (ReplicationManager.java:run(226)) - Replication Monitor Thread took 0 milliseconds for processing 0 containers.
2019-10-11 10:08:28,083 [Thread-240] INFO  impl.FollowerState (FollowerState.java:run(106)) - 4302bdf4-b2bc-4d1b-92dc-dca675ac0824:group-FA5B50016484 changes to CANDIDATE, lastRpcTime:5011, electionTimeout:5010ms
2019-10-11 10:08:28,088 [Thread-240] INFO  impl.RoleInfo (RoleInfo.java:shutdownFollowerState(121)) - 4302bdf4-b2bc-4d1b-92dc-dca675ac0824: shutdown FollowerState
2019-10-11 10:08:28,089 [Thread-240] INFO  impl.RaftServerImpl (RaftServerImpl.java:setRole(174)) - 4302bdf4-b2bc-4d1b-92dc-dca675ac0824@group-FA5B50016484: changes role from  FOLLOWER to CANDIDATE at term 0 for changeToCandidate
2019-10-11 10:08:28,096 [Thread-240] INFO  impl.RoleInfo (RoleInfo.java:updateAndGet(143)) - 4302bdf4-b2bc-4d1b-92dc-dca675ac0824: start LeaderElection
2019-10-11 10:08:28,137 [4302bdf4-b2bc-4d1b-92dc-dca675ac0824@group-FA5B50016484:LeaderElection1] INFO  impl.LeaderElection (LeaderElection.java:askForVotes(182)) - 4302bdf4-b2bc-4d1b-92dc-dca675ac0824@group-FA5B50016484:LeaderElection1: begin an election at term 1 for -1: [4302bdf4-b2bc-4d1b-92dc-dca675ac0824:192.168.164.221:43862], old=null
2019-10-11 10:08:28,139 [4302bdf4-b2bc-4d1b-92dc-dca675ac0824@group-FA5B50016484:LeaderElection1] INFO  impl.RoleInfo (RoleInfo.java:shutdownLeaderElection(134)) - 4302bdf4-b2bc-4d1b-92dc-dca675ac0824: shutdown LeaderElection
2019-10-11 10:08:28,140 [4302bdf4-b2bc-4d1b-92dc-dca675ac0824@group-FA5B50016484:LeaderElection1] INFO  impl.RaftServerImpl (RaftServerImpl.java:setRole(174)) - 4302bdf4-b2bc-4d1b-92dc-dca675ac0824@group-FA5B50016484: changes role from CANDIDATE to LEADER at term 1 for changeToLeader
2019-10-11 10:08:28,140 [4302bdf4-b2bc-4d1b-92dc-dca675ac0824@group-FA5B50016484:LeaderElection1] INFO  impl.RaftServerImpl (ServerState.java:setLeader(253)) - 4302bdf4-b2bc-4d1b-92dc-dca675ac0824@group-FA5B50016484: change Leader from null to 4302bdf4-b2bc-4d1b-92dc-dca675ac0824 at term 1 for becomeLeader, leader elected after 5210ms
2019-10-11 10:08:28,149 [4302bdf4-b2bc-4d1b-92dc-dca675ac0824@group-FA5B50016484:LeaderElection1] INFO  server.RaftServerConfigKeys (ConfUtils.java:logGet(43)) - raft.server.staging.catchup.gap = 1000 (default)
2019-10-11 10:08:28,149 [4302bdf4-b2bc-4d1b-92dc-dca675ac0824@group-FA5B50016484:LeaderElection1] INFO  server.RaftServerConfigKeys (ConfUtils.java:logGet(43)) - raft.server.rpc.sleep.time = 25ms (default)
2019-10-11 10:08:28,152 [4302bdf4-b2bc-4d1b-92dc-dca675ac0824@group-FA5B50016484:LeaderElection1] INFO  server.RaftServerConfigKeys (ConfUtils.java:logGet(43)) - raft.server.write.element-limit = 4096 (default)
2019-10-11 10:08:28,155 [4302bdf4-b2bc-4d1b-92dc-dca675ac0824@group-FA5B50016484:LeaderElection1] INFO  server.RaftServerConfigKeys (ConfUtils.java:logGet(43)) - raft.server.watch.timeout = 10s (default)
2019-10-11 10:08:28,155 [4302bdf4-b2bc-4d1b-92dc-dca675ac0824@group-FA5B50016484:LeaderElection1] INFO  server.RaftServerConfigKeys (ConfUtils.java:logGet(43)) - raft.server.watch.timeout.denomination = 1s (default)
2019-10-11 10:08:28,156 [4302bdf4-b2bc-4d1b-92dc-dca675ac0824@group-FA5B50016484:LeaderElection1] INFO  server.RaftServerConfigKeys (ConfUtils.java:logGet(43)) - raft.server.watch.element-limit = 65536 (default)
2019-10-11 10:08:28,168 [4302bdf4-b2bc-4d1b-92dc-dca675ac0824@group-FA5B50016484:LeaderElection1] INFO  impl.RoleInfo (RoleInfo.java:updateAndGet(143)) - 4302bdf4-b2bc-4d1b-92dc-dca675ac0824: start LeaderState
2019-10-11 10:08:28,192 [4302bdf4-b2bc-4d1b-92dc-dca675ac0824@group-FA5B50016484:LeaderElection1] INFO  segmented.SegmentedRaftLogWorker (SegmentedRaftLogWorker.java:startLogSegment(380)) - 4302bdf4-b2bc-4d1b-92dc-dca675ac0824@group-FA5B50016484-SegmentedRaftLogWorker: Starting segment from index:0
2019-10-11 10:08:28,200 [4302bdf4-b2bc-4d1b-92dc-dca675ac0824@group-FA5B50016484:LeaderElection1] INFO  impl.RaftServerImpl (ServerState.java:setRaftConf(354)) - 4302bdf4-b2bc-4d1b-92dc-dca675ac0824@group-FA5B50016484: set configuration 0: [4302bdf4-b2bc-4d1b-92dc-dca675ac0824:192.168.164.221:43862], old=null at 0
2019-10-11 10:08:28,395 [4302bdf4-b2bc-4d1b-92dc-dca675ac0824@group-FA5B50016484-SegmentedRaftLogWorker] INFO  segmented.SegmentedRaftLogWorker (SegmentedRaftLogWorker.java:execute(569)) - 4302bdf4-b2bc-4d1b-92dc-dca675ac0824@group-FA5B50016484-SegmentedRaftLogWorker: created new log segment /workdir/hadoop-ozone/integration-test/target/test-dir/MiniOzoneClusterImpl-cc3d3d95-e844-4504-baa9-60eb8f0888b1/datanode-0/data/ratis/7d92638e-149c-4978-8cd8-fa5b50016484/current/log_inprogress_0
2019-10-11 10:08:28,458 [Thread-243] INFO  impl.FollowerState (FollowerState.java:run(106)) - bd87c10d-2a97-4600-a4c6-dcfee1c9d709:group-28C297FF29FE changes to CANDIDATE, lastRpcTime:5156, electionTimeout:5154ms
2019-10-11 10:08:28,461 [Thread-243] INFO  impl.RoleInfo (RoleInfo.java:shutdownFollowerState(121)) - bd87c10d-2a97-4600-a4c6-dcfee1c9d709: shutdown FollowerState
2019-10-11 10:08:28,461 [Thread-243] INFO  impl.RaftServerImpl (RaftServerImpl.java:setRole(174)) - bd87c10d-2a97-4600-a4c6-dcfee1c9d709@group-28C297FF29FE: changes role from  FOLLOWER to CANDIDATE at term 0 for changeToCandidate
2019-10-11 10:08:28,462 [Thread-243] INFO  impl.RoleInfo (RoleInfo.java:updateAndGet(143)) - bd87c10d-2a97-4600-a4c6-dcfee1c9d709: start LeaderElection
2019-10-11 10:08:28,488 [bd87c10d-2a97-4600-a4c6-dcfee1c9d709@group-28C297FF29FE:LeaderElection2] INFO  impl.LeaderElection (LeaderElection.java:askForVotes(182)) - bd87c10d-2a97-4600-a4c6-dcfee1c9d709@group-28C297FF29FE:LeaderElection2: begin an election at term 1 for -1: [bd87c10d-2a97-4600-a4c6-dcfee1c9d709:192.168.164.221:37535], old=null
2019-10-11 10:08:28,490 [bd87c10d-2a97-4600-a4c6-dcfee1c9d709@group-28C297FF29FE:LeaderElection2] INFO  impl.RoleInfo (RoleInfo.java:shutdownLeaderElection(134)) - bd87c10d-2a97-4600-a4c6-dcfee1c9d709: shutdown LeaderElection
2019-10-11 10:08:28,491 [bd87c10d-2a97-4600-a4c6-dcfee1c9d709@group-28C297FF29FE:LeaderElection2] INFO  impl.RaftServerImpl (RaftServerImpl.java:setRole(174)) - bd87c10d-2a97-4600-a4c6-dcfee1c9d709@group-28C297FF29FE: changes role from CANDIDATE to LEADER at term 1 for changeToLeader
2019-10-11 10:08:28,491 [bd87c10d-2a97-4600-a4c6-dcfee1c9d709@group-28C297FF29FE:LeaderElection2] INFO  impl.RaftServerImpl (ServerState.java:setLeader(253)) - bd87c10d-2a97-4600-a4c6-dcfee1c9d709@group-28C297FF29FE: change Leader from null to bd87c10d-2a97-4600-a4c6-dcfee1c9d709 at term 1 for becomeLeader, leader elected after 5209ms
2019-10-11 10:08:28,492 [bd87c10d-2a97-4600-a4c6-dcfee1c9d709@group-28C297FF29FE:LeaderElection2] INFO  server.RaftServerConfigKeys (ConfUtils.java:logGet(43)) - raft.server.staging.catchup.gap = 1000 (default)
2019-10-11 10:08:28,492 [bd87c10d-2a97-4600-a4c6-dcfee1c9d709@group-28C297FF29FE:LeaderElection2] INFO  server.RaftServerConfigKeys (ConfUtils.java:logGet(43)) - raft.server.rpc.sleep.time = 25ms (default)
2019-10-11 10:08:28,493 [bd87c10d-2a97-4600-a4c6-dcfee1c9d709@group-28C297FF29FE:LeaderElection2] INFO  server.RaftServerConfigKeys (ConfUtils.java:logGet(43)) - raft.server.write.element-limit = 4096 (default)
2019-10-11 10:08:28,493 [bd87c10d-2a97-4600-a4c6-dcfee1c9d709@group-28C297FF29FE:LeaderElection2] INFO  server.RaftServerConfigKeys (ConfUtils.java:logGet(43)) - raft.server.watch.timeout = 10s (default)
2019-10-11 10:08:28,493 [bd87c10d-2a97-4600-a4c6-dcfee1c9d709@group-28C297FF29FE:LeaderElection2] INFO  server.RaftServerConfigKeys (ConfUtils.java:logGet(43)) - raft.server.watch.timeout.denomination = 1s (default)
2019-10-11 10:08:28,493 [bd87c10d-2a97-4600-a4c6-dcfee1c9d709@group-28C297FF29FE:LeaderElection2] INFO  server.RaftServerConfigKeys (ConfUtils.java:logGet(43)) - raft.server.watch.element-limit = 65536 (default)
2019-10-11 10:08:28,495 [bd87c10d-2a97-4600-a4c6-dcfee1c9d709@group-28C297FF29FE:LeaderElection2] INFO  impl.RoleInfo (RoleInfo.java:updateAndGet(143)) - bd87c10d-2a97-4600-a4c6-dcfee1c9d709: start LeaderState
2019-10-11 10:08:28,495 [bd87c10d-2a97-4600-a4c6-dcfee1c9d709@group-28C297FF29FE:LeaderElection2] INFO  segmented.SegmentedRaftLogWorker (SegmentedRaftLogWorker.java:startLogSegment(380)) - bd87c10d-2a97-4600-a4c6-dcfee1c9d709@group-28C297FF29FE-SegmentedRaftLogWorker: Starting segment from index:0
2019-10-11 10:08:28,496 [bd87c10d-2a97-4600-a4c6-dcfee1c9d709@group-28C297FF29FE:LeaderElection2] INFO  impl.RaftServerImpl (ServerState.java:setRaftConf(354)) - bd87c10d-2a97-4600-a4c6-dcfee1c9d709@group-28C297FF29FE: set configuration 0: [bd87c10d-2a97-4600-a4c6-dcfee1c9d709:192.168.164.221:37535], old=null at 0
2019-10-11 10:08:28,530 [Thread-246] INFO  impl.FollowerState (FollowerState.java:run(106)) - b908fea9-9d9e-4680-974c-d51461f1bcae:group-7EB28C1895DE changes to CANDIDATE, lastRpcTime:5057, electionTimeout:5057ms
2019-10-11 10:08:28,530 [Thread-246] INFO  impl.RoleInfo (RoleInfo.java:shutdownFollowerState(121)) - b908fea9-9d9e-4680-974c-d51461f1bcae: shutdown FollowerState
2019-10-11 10:08:28,530 [Thread-246] INFO  impl.RaftServerImpl (RaftServerImpl.java:setRole(174)) - b908fea9-9d9e-4680-974c-d51461f1bcae@group-7EB28C1895DE: changes role from  FOLLOWER to CANDIDATE at term 0 for changeToCandidate
2019-10-11 10:08:28,530 [Thread-246] INFO  impl.RoleInfo (RoleInfo.java:updateAndGet(143)) - b908fea9-9d9e-4680-974c-d51461f1bcae: start LeaderElection
2019-10-11 10:08:28,547 [bd87c10d-2a97-4600-a4c6-dcfee1c9d709@group-28C297FF29FE-SegmentedRaftLogWorker] INFO  segmented.SegmentedRaftLogWorker (SegmentedRaftLogWorker.java:execute(569)) - bd87c10d-2a97-4600-a4c6-dcfee1c9d709@group-28C297FF29FE-SegmentedRaftLogWorker: created new log segment /workdir/hadoop-ozone/integration-test/target/test-dir/MiniOzoneClusterImpl-cc3d3d95-e844-4504-baa9-60eb8f0888b1/datanode-2/data/ratis/a5877ddf-4973-4bf8-aa99-28c297ff29fe/current/log_inprogress_0
2019-10-11 10:08:28,547 [b908fea9-9d9e-4680-974c-d51461f1bcae@group-7EB28C1895DE:LeaderElection3] INFO  impl.LeaderElection (LeaderElection.java:askForVotes(182)) - b908fea9-9d9e-4680-974c-d51461f1bcae@group-7EB28C1895DE:LeaderElection3: begin an election at term 1 for -1: [b908fea9-9d9e-4680-974c-d51461f1bcae:192.168.164.221:39068], old=null
2019-10-11 10:08:28,548 [b908fea9-9d9e-4680-974c-d51461f1bcae@group-7EB28C1895DE:LeaderElection3] INFO  impl.RoleInfo (RoleInfo.java:shutdownLeaderElection(134)) - b908fea9-9d9e-4680-974c-d51461f1bcae: shutdown LeaderElection
2019-10-11 10:08:28,548 [b908fea9-9d9e-4680-974c-d51461f1bcae@group-7EB28C1895DE:LeaderElection3] INFO  impl.RaftServerImpl (RaftServerImpl.java:setRole(174)) - b908fea9-9d9e-4680-974c-d51461f1bcae@group-7EB28C1895DE: changes role from CANDIDATE to LEADER at term 1 for changeToLeader
2019-10-11 10:08:28,548 [b908fea9-9d9e-4680-974c-d51461f1bcae@group-7EB28C1895DE:LeaderElection3] INFO  impl.RaftServerImpl (ServerState.java:setLeader(253)) - b908fea9-9d9e-4680-974c-d51461f1bcae@group-7EB28C1895DE: change Leader from null to b908fea9-9d9e-4680-974c-d51461f1bcae at term 1 for becomeLeader, leader elected after 5120ms
2019-10-11 10:08:28,550 [b908fea9-9d9e-4680-974c-d51461f1bcae@group-7EB28C1895DE:LeaderElection3] INFO  server.RaftServerConfigKeys (ConfUtils.java:logGet(43)) - raft.server.staging.catchup.gap = 1000 (default)
2019-10-11 10:08:28,550 [b908fea9-9d9e-4680-974c-d51461f1bcae@group-7EB28C1895DE:LeaderElection3] INFO  server.RaftServerConfigKeys (ConfUtils.java:logGet(43)) - raft.server.rpc.sleep.time = 25ms (default)
2019-10-11 10:08:28,550 [b908fea9-9d9e-4680-974c-d51461f1bcae@group-7EB28C1895DE:LeaderElection3] INFO  server.RaftServerConfigKeys (ConfUtils.java:logGet(43)) - raft.server.write.element-limit = 4096 (default)
2019-10-11 10:08:28,551 [b908fea9-9d9e-4680-974c-d51461f1bcae@group-7EB28C1895DE:LeaderElection3] INFO  server.RaftServerConfigKeys (ConfUtils.java:logGet(43)) - raft.server.watch.timeout = 10s (default)
2019-10-11 10:08:28,551 [b908fea9-9d9e-4680-974c-d51461f1bcae@group-7EB28C1895DE:LeaderElection3] INFO  server.RaftServerConfigKeys (ConfUtils.java:logGet(43)) - raft.server.watch.timeout.denomination = 1s (default)
2019-10-11 10:08:28,551 [b908fea9-9d9e-4680-974c-d51461f1bcae@group-7EB28C1895DE:LeaderElection3] INFO  server.RaftServerConfigKeys (ConfUtils.java:logGet(43)) - raft.server.watch.element-limit = 65536 (default)
2019-10-11 10:08:28,554 [b908fea9-9d9e-4680-974c-d51461f1bcae@group-7EB28C1895DE:LeaderElection3] INFO  impl.RoleInfo (RoleInfo.java:updateAndGet(143)) - b908fea9-9d9e-4680-974c-d51461f1bcae: start LeaderState
2019-10-11 10:08:28,554 [b908fea9-9d9e-4680-974c-d51461f1bcae@group-7EB28C1895DE:LeaderElection3] INFO  segmented.SegmentedRaftLogWorker (SegmentedRaftLogWorker.java:startLogSegment(380)) - b908fea9-9d9e-4680-974c-d51461f1bcae@group-7EB28C1895DE-SegmentedRaftLogWorker: Starting segment from index:0
2019-10-11 10:08:28,555 [b908fea9-9d9e-4680-974c-d51461f1bcae@group-7EB28C1895DE:LeaderElection3] INFO  impl.RaftServerImpl (ServerState.java:setRaftConf(354)) - b908fea9-9d9e-4680-974c-d51461f1bcae@group-7EB28C1895DE: set configuration 0: [b908fea9-9d9e-4680-974c-d51461f1bcae:192.168.164.221:39068], old=null at 0
2019-10-11 10:08:28,615 [b908fea9-9d9e-4680-974c-d51461f1bcae@group-7EB28C1895DE-SegmentedRaftLogWorker] INFO  segmented.SegmentedRaftLogWorker (SegmentedRaftLogWorker.java:execute(569)) - b908fea9-9d9e-4680-974c-d51461f1bcae@group-7EB28C1895DE-SegmentedRaftLogWorker: created new log segment /workdir/hadoop-ozone/integration-test/target/test-dir/MiniOzoneClusterImpl-cc3d3d95-e844-4504-baa9-60eb8f0888b1/datanode-3/data/ratis/507f7b29-01c6-4c93-9fb3-7eb28c1895de/current/log_inprogress_0
2019-10-11 10:08:28,762 [Thread-252] INFO  impl.FollowerState (FollowerState.java:run(106)) - fd0f34a3-07b1-4956-8232-be1a3f5e6261:group-379F3F7E3922 changes to CANDIDATE, lastRpcTime:5050, electionTimeout:5050ms
2019-10-11 10:08:28,762 [Thread-252] INFO  impl.RoleInfo (RoleInfo.java:shutdownFollowerState(121)) - fd0f34a3-07b1-4956-8232-be1a3f5e6261: shutdown FollowerState
2019-10-11 10:08:28,762 [Thread-252] INFO  impl.RaftServerImpl (RaftServerImpl.java:setRole(174)) - fd0f34a3-07b1-4956-8232-be1a3f5e6261@group-379F3F7E3922: changes role from  FOLLOWER to CANDIDATE at term 0 for changeToCandidate
2019-10-11 10:08:28,762 [Thread-252] INFO  impl.RoleInfo (RoleInfo.java:updateAndGet(143)) - fd0f34a3-07b1-4956-8232-be1a3f5e6261: start LeaderElection
2019-10-11 10:08:28,783 [Thread-249] INFO  impl.FollowerState (FollowerState.java:run(106)) - 2a3896bf-c579-4beb-9043-be047c7720ce:group-C12CAB3D83D8 changes to CANDIDATE, lastRpcTime:5191, electionTimeout:5191ms
2019-10-11 10:08:28,784 [Thread-249] INFO  impl.RoleInfo (RoleInfo.java:shutdownFollowerState(121)) - 2a3896bf-c579-4beb-9043-be047c7720ce: shutdown FollowerState
2019-10-11 10:08:28,784 [Thread-249] INFO  impl.RaftServerImpl (RaftServerImpl.java:setRole(174)) - 2a3896bf-c579-4beb-9043-be047c7720ce@group-C12CAB3D83D8: changes role from  FOLLOWER to CANDIDATE at term 0 for changeToCandidate
2019-10-11 10:08:28,784 [Thread-249] INFO  impl.RoleInfo (RoleInfo.java:updateAndGet(143)) - 2a3896bf-c579-4beb-9043-be047c7720ce: start LeaderElection
2019-10-11 10:08:28,790 [fd0f34a3-07b1-4956-8232-be1a3f5e6261@group-379F3F7E3922:LeaderElection4] INFO  impl.LeaderElection (LeaderElection.java:askForVotes(182)) - fd0f34a3-07b1-4956-8232-be1a3f5e6261@group-379F3F7E3922:LeaderElection4: begin an election at term 1 for -1: [fd0f34a3-07b1-4956-8232-be1a3f5e6261:192.168.164.221:42219], old=null
2019-10-11 10:08:28,790 [fd0f34a3-07b1-4956-8232-be1a3f5e6261@group-379F3F7E3922:LeaderElection4] INFO  impl.RoleInfo (RoleInfo.java:shutdownLeaderElection(134)) - fd0f34a3-07b1-4956-8232-be1a3f5e6261: shutdown LeaderElection
2019-10-11 10:08:28,790 [fd0f34a3-07b1-4956-8232-be1a3f5e6261@group-379F3F7E3922:LeaderElection4] INFO  impl.RaftServerImpl (RaftServerImpl.java:setRole(174)) - fd0f34a3-07b1-4956-8232-be1a3f5e6261@group-379F3F7E3922: changes role from CANDIDATE to LEADER at term 1 for changeToLeader
2019-10-11 10:08:28,790 [fd0f34a3-07b1-4956-8232-be1a3f5e6261@group-379F3F7E3922:LeaderElection4] INFO  impl.RaftServerImpl (ServerState.java:setLeader(253)) - fd0f34a3-07b1-4956-8232-be1a3f5e6261@group-379F3F7E3922: change Leader from null to fd0f34a3-07b1-4956-8232-be1a3f5e6261 at term 1 for becomeLeader, leader elected after 5093ms
2019-10-11 10:08:28,792 [fd0f34a3-07b1-4956-8232-be1a3f5e6261@group-379F3F7E3922:LeaderElection4] INFO  server.RaftServerConfigKeys (ConfUtils.java:logGet(43)) - raft.server.staging.catchup.gap = 1000 (default)
2019-10-11 10:08:28,792 [fd0f34a3-07b1-4956-8232-be1a3f5e6261@group-379F3F7E3922:LeaderElection4] INFO  server.RaftServerConfigKeys (ConfUtils.java:logGet(43)) - raft.server.rpc.sleep.time = 25ms (default)
2019-10-11 10:08:28,793 [fd0f34a3-07b1-4956-8232-be1a3f5e6261@group-379F3F7E3922:LeaderElection4] INFO  server.RaftServerConfigKeys (ConfUtils.java:logGet(43)) - raft.server.write.element-limit = 4096 (default)
2019-10-11 10:08:28,793 [fd0f34a3-07b1-4956-8232-be1a3f5e6261@group-379F3F7E3922:LeaderElection4] INFO  server.RaftServerConfigKeys (ConfUtils.java:logGet(43)) - raft.server.watch.timeout = 10s (default)
2019-10-11 10:08:28,793 [fd0f34a3-07b1-4956-8232-be1a3f5e6261@group-379F3F7E3922:LeaderElection4] INFO  server.RaftServerConfigKeys (ConfUtils.java:logGet(43)) - raft.server.watch.timeout.denomination = 1s (default)
2019-10-11 10:08:28,793 [fd0f34a3-07b1-4956-8232-be1a3f5e6261@group-379F3F7E3922:LeaderElection4] INFO  server.RaftServerConfigKeys (ConfUtils.java:logGet(43)) - raft.server.watch.element-limit = 65536 (default)
2019-10-11 10:08:28,797 [fd0f34a3-07b1-4956-8232-be1a3f5e6261@group-379F3F7E3922:LeaderElection4] INFO  impl.RoleInfo (RoleInfo.java:updateAndGet(143)) - fd0f34a3-07b1-4956-8232-be1a3f5e6261: start LeaderState
2019-10-11 10:08:28,797 [fd0f34a3-07b1-4956-8232-be1a3f5e6261@group-379F3F7E3922:LeaderElection4] INFO  segmented.SegmentedRaftLogWorker (SegmentedRaftLogWorker.java:startLogSegment(380)) - fd0f34a3-07b1-4956-8232-be1a3f5e6261@group-379F3F7E3922-SegmentedRaftLogWorker: Starting segment from index:0
2019-10-11 10:08:28,798 [fd0f34a3-07b1-4956-8232-be1a3f5e6261@group-379F3F7E3922:LeaderElection4] INFO  impl.RaftServerImpl (ServerState.java:setRaftConf(354)) - fd0f34a3-07b1-4956-8232-be1a3f5e6261@group-379F3F7E3922: set configuration 0: [fd0f34a3-07b1-4956-8232-be1a3f5e6261:192.168.164.221:42219], old=null at 0
2019-10-11 10:08:28,835 [2a3896bf-c579-4beb-9043-be047c7720ce@group-C12CAB3D83D8:LeaderElection5] INFO  impl.LeaderElection (LeaderElection.java:askForVotes(182)) - 2a3896bf-c579-4beb-9043-be047c7720ce@group-C12CAB3D83D8:LeaderElection5: begin an election at term 1 for -1: [2a3896bf-c579-4beb-9043-be047c7720ce:192.168.164.221:35466], old=null
2019-10-11 10:08:28,835 [2a3896bf-c579-4beb-9043-be047c7720ce@group-C12CAB3D83D8:LeaderElection5] INFO  impl.RoleInfo (RoleInfo.java:shutdownLeaderElection(134)) - 2a3896bf-c579-4beb-9043-be047c7720ce: shutdown LeaderElection
2019-10-11 10:08:28,835 [2a3896bf-c579-4beb-9043-be047c7720ce@group-C12CAB3D83D8:LeaderElection5] INFO  impl.RaftServerImpl (RaftServerImpl.java:setRole(174)) - 2a3896bf-c579-4beb-9043-be047c7720ce@group-C12CAB3D83D8: changes role from CANDIDATE to LEADER at term 1 for changeToLeader
2019-10-11 10:08:28,836 [2a3896bf-c579-4beb-9043-be047c7720ce@group-C12CAB3D83D8:LeaderElection5] INFO  impl.RaftServerImpl (ServerState.java:setLeader(253)) - 2a3896bf-c579-4beb-9043-be047c7720ce@group-C12CAB3D83D8: change Leader from null to 2a3896bf-c579-4beb-9043-be047c7720ce at term 1 for becomeLeader, leader elected after 5257ms
2019-10-11 10:08:28,838 [2a3896bf-c579-4beb-9043-be047c7720ce@group-C12CAB3D83D8:LeaderElection5] INFO  server.RaftServerConfigKeys (ConfUtils.java:logGet(43)) - raft.server.staging.catchup.gap = 1000 (default)
2019-10-11 10:08:28,838 [2a3896bf-c579-4beb-9043-be047c7720ce@group-C12CAB3D83D8:LeaderElection5] INFO  server.RaftServerConfigKeys (ConfUtils.java:logGet(43)) - raft.server.rpc.sleep.time = 25ms (default)
2019-10-11 10:08:28,838 [2a3896bf-c579-4beb-9043-be047c7720ce@group-C12CAB3D83D8:LeaderElection5] INFO  server.RaftServerConfigKeys (ConfUtils.java:logGet(43)) - raft.server.write.element-limit = 4096 (default)
2019-10-11 10:08:28,839 [2a3896bf-c579-4beb-9043-be047c7720ce@group-C12CAB3D83D8:LeaderElection5] INFO  server.RaftServerConfigKeys (ConfUtils.java:logGet(43)) - raft.server.watch.timeout = 10s (default)
2019-10-11 10:08:28,839 [2a3896bf-c579-4beb-9043-be047c7720ce@group-C12CAB3D83D8:LeaderElection5] INFO  server.RaftServerConfigKeys (ConfUtils.java:logGet(43)) - raft.server.watch.timeout.denomination = 1s (default)
2019-10-11 10:08:28,839 [2a3896bf-c579-4beb-9043-be047c7720ce@group-C12CAB3D83D8:LeaderElection5] INFO  server.RaftServerConfigKeys (ConfUtils.java:logGet(43)) - raft.server.watch.element-limit = 65536 (default)
2019-10-11 10:08:28,843 [2a3896bf-c579-4beb-9043-be047c7720ce@group-C12CAB3D83D8:LeaderElection5] INFO  impl.RoleInfo (RoleInfo.java:updateAndGet(143)) - 2a3896bf-c579-4beb-9043-be047c7720ce: start LeaderState
2019-10-11 10:08:28,843 [2a3896bf-c579-4beb-9043-be047c7720ce@group-C12CAB3D83D8:LeaderElection5] INFO  segmented.SegmentedRaftLogWorker (SegmentedRaftLogWorker.java:startLogSegment(380)) - 2a3896bf-c579-4beb-9043-be047c7720ce@group-C12CAB3D83D8-SegmentedRaftLogWorker: Starting segment from index:0
2019-10-11 10:08:28,844 [2a3896bf-c579-4beb-9043-be047c7720ce@group-C12CAB3D83D8:LeaderElection5] INFO  impl.RaftServerImpl (ServerState.java:setRaftConf(354)) - 2a3896bf-c579-4beb-9043-be047c7720ce@group-C12CAB3D83D8: set configuration 0: [2a3896bf-c579-4beb-9043-be047c7720ce:192.168.164.221:35466], old=null at 0
2019-10-11 10:08:28,877 [fd0f34a3-07b1-4956-8232-be1a3f5e6261@group-379F3F7E3922-SegmentedRaftLogWorker] INFO  segmented.SegmentedRaftLogWorker (SegmentedRaftLogWorker.java:execute(569)) - fd0f34a3-07b1-4956-8232-be1a3f5e6261@group-379F3F7E3922-SegmentedRaftLogWorker: created new log segment /workdir/hadoop-ozone/integration-test/target/test-dir/MiniOzoneClusterImpl-cc3d3d95-e844-4504-baa9-60eb8f0888b1/datanode-5/data/ratis/1533dbb8-5dc6-4b10-9a0c-379f3f7e3922/current/log_inprogress_0
2019-10-11 10:08:28,899 [2a3896bf-c579-4beb-9043-be047c7720ce@group-C12CAB3D83D8-SegmentedRaftLogWorker] INFO  segmented.SegmentedRaftLogWorker (SegmentedRaftLogWorker.java:execute(569)) - 2a3896bf-c579-4beb-9043-be047c7720ce@group-C12CAB3D83D8-SegmentedRaftLogWorker: created new log segment /workdir/hadoop-ozone/integration-test/target/test-dir/MiniOzoneClusterImpl-cc3d3d95-e844-4504-baa9-60eb8f0888b1/datanode-4/data/ratis/ae34c7e8-7c4f-4f30-9c8f-c12cab3d83d8/current/log_inprogress_0
2019-10-11 10:08:28,959 [Thread-255] INFO  impl.FollowerState (FollowerState.java:run(106)) - c72dbeab-b6e2-48b8-b87b-77765a61575f:group-D43A6BB5345B changes to CANDIDATE, lastRpcTime:5140, electionTimeout:5140ms
2019-10-11 10:08:28,960 [Thread-255] INFO  impl.RoleInfo (RoleInfo.java:shutdownFollowerState(121)) - c72dbeab-b6e2-48b8-b87b-77765a61575f: shutdown FollowerState
2019-10-11 10:08:28,960 [Thread-255] INFO  impl.RaftServerImpl (RaftServerImpl.java:setRole(174)) - c72dbeab-b6e2-48b8-b87b-77765a61575f@group-D43A6BB5345B: changes role from  FOLLOWER to CANDIDATE at term 0 for changeToCandidate
2019-10-11 10:08:28,960 [Thread-255] INFO  impl.RoleInfo (RoleInfo.java:updateAndGet(143)) - c72dbeab-b6e2-48b8-b87b-77765a61575f: start LeaderElection
2019-10-11 10:08:28,999 [c72dbeab-b6e2-48b8-b87b-77765a61575f@group-D43A6BB5345B:LeaderElection6] INFO  impl.LeaderElection (LeaderElection.java:askForVotes(182)) - c72dbeab-b6e2-48b8-b87b-77765a61575f@group-D43A6BB5345B:LeaderElection6: begin an election at term 1 for -1: [c72dbeab-b6e2-48b8-b87b-77765a61575f:192.168.164.221:45506], old=null
2019-10-11 10:08:28,999 [c72dbeab-b6e2-48b8-b87b-77765a61575f@group-D43A6BB5345B:LeaderElection6] INFO  impl.RoleInfo (RoleInfo.java:shutdownLeaderElection(134)) - c72dbeab-b6e2-48b8-b87b-77765a61575f: shutdown LeaderElection
2019-10-11 10:08:29,000 [c72dbeab-b6e2-48b8-b87b-77765a61575f@group-D43A6BB5345B:LeaderElection6] INFO  impl.RaftServerImpl (RaftServerImpl.java:setRole(174)) - c72dbeab-b6e2-48b8-b87b-77765a61575f@group-D43A6BB5345B: changes role from CANDIDATE to LEADER at term 1 for changeToLeader
2019-10-11 10:08:29,000 [c72dbeab-b6e2-48b8-b87b-77765a61575f@group-D43A6BB5345B:LeaderElection6] INFO  impl.RaftServerImpl (ServerState.java:setLeader(253)) - c72dbeab-b6e2-48b8-b87b-77765a61575f@group-D43A6BB5345B: change Leader from null to c72dbeab-b6e2-48b8-b87b-77765a61575f at term 1 for becomeLeader, leader elected after 5194ms
2019-10-11 10:08:29,002 [c72dbeab-b6e2-48b8-b87b-77765a61575f@group-D43A6BB5345B:LeaderElection6] INFO  server.RaftServerConfigKeys (ConfUtils.java:logGet(43)) - raft.server.staging.catchup.gap = 1000 (default)
2019-10-11 10:08:29,002 [c72dbeab-b6e2-48b8-b87b-77765a61575f@group-D43A6BB5345B:LeaderElection6] INFO  server.RaftServerConfigKeys (ConfUtils.java:logGet(43)) - raft.server.rpc.sleep.time = 25ms (default)
2019-10-11 10:08:29,003 [c72dbeab-b6e2-48b8-b87b-77765a61575f@group-D43A6BB5345B:LeaderElection6] INFO  server.RaftServerConfigKeys (ConfUtils.java:logGet(43)) - raft.server.write.element-limit = 4096 (default)
2019-10-11 10:08:29,003 [c72dbeab-b6e2-48b8-b87b-77765a61575f@group-D43A6BB5345B:LeaderElection6] INFO  server.RaftServerConfigKeys (ConfUtils.java:logGet(43)) - raft.server.watch.timeout = 10s (default)
2019-10-11 10:08:29,003 [c72dbeab-b6e2-48b8-b87b-77765a61575f@group-D43A6BB5345B:LeaderElection6] INFO  server.RaftServerConfigKeys (ConfUtils.java:logGet(43)) - raft.server.watch.timeout.denomination = 1s (default)
2019-10-11 10:08:29,003 [c72dbeab-b6e2-48b8-b87b-77765a61575f@group-D43A6BB5345B:LeaderElection6] INFO  server.RaftServerConfigKeys (ConfUtils.java:logGet(43)) - raft.server.watch.element-limit = 65536 (default)
2019-10-11 10:08:29,007 [c72dbeab-b6e2-48b8-b87b-77765a61575f@group-D43A6BB5345B:LeaderElection6] INFO  impl.RoleInfo (RoleInfo.java:updateAndGet(143)) - c72dbeab-b6e2-48b8-b87b-77765a61575f: start LeaderState
2019-10-11 10:08:29,007 [c72dbeab-b6e2-48b8-b87b-77765a61575f@group-D43A6BB5345B:LeaderElection6] INFO  segmented.SegmentedRaftLogWorker (SegmentedRaftLogWorker.java:startLogSegment(380)) - c72dbeab-b6e2-48b8-b87b-77765a61575f@group-D43A6BB5345B-SegmentedRaftLogWorker: Starting segment from index:0
2019-10-11 10:08:29,008 [c72dbeab-b6e2-48b8-b87b-77765a61575f@group-D43A6BB5345B:LeaderElection6] INFO  impl.RaftServerImpl (ServerState.java:setRaftConf(354)) - c72dbeab-b6e2-48b8-b87b-77765a61575f@group-D43A6BB5345B: set configuration 0: [c72dbeab-b6e2-48b8-b87b-77765a61575f:192.168.164.221:45506], old=null at 0
2019-10-11 10:08:29,051 [Thread-259] INFO  impl.FollowerState (FollowerState.java:run(106)) - 961fa25b-2046-4a66-92ac-d432cdf59950:group-6B242CD20615 changes to CANDIDATE, lastRpcTime:5124, electionTimeout:5124ms
2019-10-11 10:08:29,051 [Thread-259] INFO  impl.RoleInfo (RoleInfo.java:shutdownFollowerState(121)) - 961fa25b-2046-4a66-92ac-d432cdf59950: shutdown FollowerState
2019-10-11 10:08:29,051 [Thread-259] INFO  impl.RaftServerImpl (RaftServerImpl.java:setRole(174)) - 961fa25b-2046-4a66-92ac-d432cdf59950@group-6B242CD20615: changes role from  FOLLOWER to CANDIDATE at term 0 for changeToCandidate
2019-10-11 10:08:29,052 [Thread-259] INFO  impl.RoleInfo (RoleInfo.java:updateAndGet(143)) - 961fa25b-2046-4a66-92ac-d432cdf59950: start LeaderElection
2019-10-11 10:08:29,074 [c72dbeab-b6e2-48b8-b87b-77765a61575f@group-D43A6BB5345B-SegmentedRaftLogWorker] INFO  segmented.SegmentedRaftLogWorker (SegmentedRaftLogWorker.java:execute(569)) - c72dbeab-b6e2-48b8-b87b-77765a61575f@group-D43A6BB5345B-SegmentedRaftLogWorker: created new log segment /workdir/hadoop-ozone/integration-test/target/test-dir/MiniOzoneClusterImpl-cc3d3d95-e844-4504-baa9-60eb8f0888b1/datanode-1/data/ratis/0e724932-9137-4f31-bdfa-d43a6bb5345b/current/log_inprogress_0
2019-10-11 10:08:29,091 [961fa25b-2046-4a66-92ac-d432cdf59950@group-6B242CD20615:LeaderElection7] INFO  impl.LeaderElection (LeaderElection.java:askForVotes(182)) - 961fa25b-2046-4a66-92ac-d432cdf59950@group-6B242CD20615:LeaderElection7: begin an election at term 1 for -1: [961fa25b-2046-4a66-92ac-d432cdf59950:192.168.164.221:37980], old=null
2019-10-11 10:08:29,092 [961fa25b-2046-4a66-92ac-d432cdf59950@group-6B242CD20615:LeaderElection7] INFO  impl.RoleInfo (RoleInfo.java:shutdownLeaderElection(134)) - 961fa25b-2046-4a66-92ac-d432cdf59950: shutdown LeaderElection
2019-10-11 10:08:29,092 [961fa25b-2046-4a66-92ac-d432cdf59950@group-6B242CD20615:LeaderElection7] INFO  impl.RaftServerImpl (RaftServerImpl.java:setRole(174)) - 961fa25b-2046-4a66-92ac-d432cdf59950@group-6B242CD20615: changes role from CANDIDATE to LEADER at term 1 for changeToLeader
2019-10-11 10:08:29,092 [961fa25b-2046-4a66-92ac-d432cdf59950@group-6B242CD20615:LeaderElection7] INFO  impl.RaftServerImpl (ServerState.java:setLeader(253)) - 961fa25b-2046-4a66-92ac-d432cdf59950@group-6B242CD20615: change Leader from null to 961fa25b-2046-4a66-92ac-d432cdf59950 at term 1 for becomeLeader, leader elected after 5177ms
2019-10-11 10:08:29,096 [961fa25b-2046-4a66-92ac-d432cdf59950@group-6B242CD20615:LeaderElection7] INFO  server.RaftServerConfigKeys (ConfUtils.java:logGet(43)) - raft.server.staging.catchup.gap = 1000 (default)
2019-10-11 10:08:29,096 [961fa25b-2046-4a66-92ac-d432cdf59950@group-6B242CD20615:LeaderElection7] INFO  server.RaftServerConfigKeys (ConfUtils.java:logGet(43)) - raft.server.rpc.sleep.time = 25ms (default)
2019-10-11 10:08:29,096 [961fa25b-2046-4a66-92ac-d432cdf59950@group-6B242CD20615:LeaderElection7] INFO  server.RaftServerConfigKeys (ConfUtils.java:logGet(43)) - raft.server.write.element-limit = 4096 (default)
2019-10-11 10:08:29,096 [961fa25b-2046-4a66-92ac-d432cdf59950@group-6B242CD20615:LeaderElection7] INFO  server.RaftServerConfigKeys (ConfUtils.java:logGet(43)) - raft.server.watch.timeout = 10s (default)
2019-10-11 10:08:29,097 [961fa25b-2046-4a66-92ac-d432cdf59950@group-6B242CD20615:LeaderElection7] INFO  server.RaftServerConfigKeys (ConfUtils.java:logGet(43)) - raft.server.watch.timeout.denomination = 1s (default)
2019-10-11 10:08:29,097 [961fa25b-2046-4a66-92ac-d432cdf59950@group-6B242CD20615:LeaderElection7] INFO  server.RaftServerConfigKeys (ConfUtils.java:logGet(43)) - raft.server.watch.element-limit = 65536 (default)
2019-10-11 10:08:29,100 [961fa25b-2046-4a66-92ac-d432cdf59950@group-6B242CD20615:LeaderElection7] INFO  impl.RoleInfo (RoleInfo.java:updateAndGet(143)) - 961fa25b-2046-4a66-92ac-d432cdf59950: start LeaderState
2019-10-11 10:08:29,100 [961fa25b-2046-4a66-92ac-d432cdf59950@group-6B242CD20615:LeaderElection7] INFO  segmented.SegmentedRaftLogWorker (SegmentedRaftLogWorker.java:startLogSegment(380)) - 961fa25b-2046-4a66-92ac-d432cdf59950@group-6B242CD20615-SegmentedRaftLogWorker: Starting segment from index:0
2019-10-11 10:08:29,101 [961fa25b-2046-4a66-92ac-d432cdf59950@group-6B242CD20615:LeaderElection7] INFO  impl.RaftServerImpl (ServerState.java:setRaftConf(354)) - 961fa25b-2046-4a66-92ac-d432cdf59950@group-6B242CD20615: set configuration 0: [961fa25b-2046-4a66-92ac-d432cdf59950:192.168.164.221:37980], old=null at 0
2019-10-11 10:08:29,141 [Thread-264] INFO  impl.FollowerState (FollowerState.java:run(106)) - bd87c10d-2a97-4600-a4c6-dcfee1c9d709:group-30660CB2130A changes to CANDIDATE, lastRpcTime:5073, electionTimeout:5058ms
2019-10-11 10:08:29,141 [Thread-264] INFO  impl.RoleInfo (RoleInfo.java:shutdownFollowerState(121)) - bd87c10d-2a97-4600-a4c6-dcfee1c9d709: shutdown FollowerState
2019-10-11 10:08:29,142 [Thread-264] INFO  impl.RaftServerImpl (RaftServerImpl.java:setRole(174)) - bd87c10d-2a97-4600-a4c6-dcfee1c9d709@group-30660CB2130A: changes role from  FOLLOWER to CANDIDATE at term 0 for changeToCandidate
2019-10-11 10:08:29,142 [Thread-264] INFO  impl.RoleInfo (RoleInfo.java:updateAndGet(143)) - bd87c10d-2a97-4600-a4c6-dcfee1c9d709: start LeaderElection
2019-10-11 10:08:29,167 [961fa25b-2046-4a66-92ac-d432cdf59950@group-6B242CD20615-SegmentedRaftLogWorker] INFO  segmented.SegmentedRaftLogWorker (SegmentedRaftLogWorker.java:execute(569)) - 961fa25b-2046-4a66-92ac-d432cdf59950@group-6B242CD20615-SegmentedRaftLogWorker: created new log segment /workdir/hadoop-ozone/integration-test/target/test-dir/MiniOzoneClusterImpl-cc3d3d95-e844-4504-baa9-60eb8f0888b1/datanode-6/data/ratis/9a71a1f6-eec2-41d1-9ee8-6b242cd20615/current/log_inprogress_0
2019-10-11 10:08:29,167 [bd87c10d-2a97-4600-a4c6-dcfee1c9d709@group-30660CB2130A:LeaderElection8] INFO  impl.LeaderElection (LeaderElection.java:askForVotes(182)) - bd87c10d-2a97-4600-a4c6-dcfee1c9d709@group-30660CB2130A:LeaderElection8: begin an election at term 1 for -1: [b908fea9-9d9e-4680-974c-d51461f1bcae:192.168.164.221:39068, bd87c10d-2a97-4600-a4c6-dcfee1c9d709:192.168.164.221:37535, 4302bdf4-b2bc-4d1b-92dc-dca675ac0824:192.168.164.221:43862], old=null
2019-10-11 10:08:29,195 [grpc-default-executor-0] INFO  impl.RaftServerImpl (RaftServerImpl.java:setRole(174)) - b908fea9-9d9e-4680-974c-d51461f1bcae@group-30660CB2130A: changes role from  FOLLOWER to FOLLOWER at term 1 for recognizeCandidate:bd87c10d-2a97-4600-a4c6-dcfee1c9d709
2019-10-11 10:08:29,195 [grpc-default-executor-2] INFO  impl.RaftServerImpl (RaftServerImpl.java:setRole(174)) - 4302bdf4-b2bc-4d1b-92dc-dca675ac0824@group-30660CB2130A: changes role from  FOLLOWER to FOLLOWER at term 1 for recognizeCandidate:bd87c10d-2a97-4600-a4c6-dcfee1c9d709
2019-10-11 10:08:29,195 [grpc-default-executor-0] INFO  impl.RoleInfo (RoleInfo.java:shutdownFollowerState(121)) - b908fea9-9d9e-4680-974c-d51461f1bcae: shutdown FollowerState
2019-10-11 10:08:29,196 [grpc-default-executor-2] INFO  impl.RoleInfo (RoleInfo.java:shutdownFollowerState(121)) - 4302bdf4-b2bc-4d1b-92dc-dca675ac0824: shutdown FollowerState
2019-10-11 10:08:29,196 [grpc-default-executor-0] INFO  impl.RoleInfo (RoleInfo.java:updateAndGet(143)) - b908fea9-9d9e-4680-974c-d51461f1bcae: start FollowerState
2019-10-11 10:08:29,196 [Thread-267] INFO  impl.FollowerState (FollowerState.java:run(115)) - 4302bdf4-b2bc-4d1b-92dc-dca675ac0824: FollowerState was interrupted: java.lang.InterruptedException: sleep interrupted
2019-10-11 10:08:29,196 [grpc-default-executor-2] INFO  impl.RoleInfo (RoleInfo.java:updateAndGet(143)) - 4302bdf4-b2bc-4d1b-92dc-dca675ac0824: start FollowerState
2019-10-11 10:08:29,196 [Thread-266] INFO  impl.FollowerState (FollowerState.java:run(115)) - b908fea9-9d9e-4680-974c-d51461f1bcae: FollowerState was interrupted: java.lang.InterruptedException: sleep interrupted
2019-10-11 10:08:29,237 [bd87c10d-2a97-4600-a4c6-dcfee1c9d709@group-30660CB2130A:LeaderElection8] INFO  impl.LeaderElection (LeaderElection.java:logAndReturn(56)) - bd87c10d-2a97-4600-a4c6-dcfee1c9d709@group-30660CB2130A:LeaderElection8: Election PASSED; received 1 response(s) [bd87c10d-2a97-4600-a4c6-dcfee1c9d709<-b908fea9-9d9e-4680-974c-d51461f1bcae#0:OK-t1] and 0 exception(s); bd87c10d-2a97-4600-a4c6-dcfee1c9d709@group-30660CB2130A:t1, leader=null, voted=bd87c10d-2a97-4600-a4c6-dcfee1c9d709, raftlog=bd87c10d-2a97-4600-a4c6-dcfee1c9d709@group-30660CB2130A-SegmentedRaftLog:OPENED:c-1,f-1,i0, conf=-1: [b908fea9-9d9e-4680-974c-d51461f1bcae:192.168.164.221:39068, bd87c10d-2a97-4600-a4c6-dcfee1c9d709:192.168.164.221:37535, 4302bdf4-b2bc-4d1b-92dc-dca675ac0824:192.168.164.221:43862], old=null
2019-10-11 10:08:29,237 [bd87c10d-2a97-4600-a4c6-dcfee1c9d709@group-30660CB2130A:LeaderElection8] INFO  impl.RoleInfo (RoleInfo.java:shutdownLeaderElection(134)) - bd87c10d-2a97-4600-a4c6-dcfee1c9d709: shutdown LeaderElection
2019-10-11 10:08:29,237 [bd87c10d-2a97-4600-a4c6-dcfee1c9d709@group-30660CB2130A:LeaderElection8] INFO  impl.RaftServerImpl (RaftServerImpl.java:setRole(174)) - bd87c10d-2a97-4600-a4c6-dcfee1c9d709@group-30660CB2130A: changes role from CANDIDATE to LEADER at term 1 for changeToLeader
2019-10-11 10:08:29,239 [bd87c10d-2a97-4600-a4c6-dcfee1c9d709@group-30660CB2130A:LeaderElection8] INFO  impl.RaftServerImpl (ServerState.java:setLeader(253)) - bd87c10d-2a97-4600-a4c6-dcfee1c9d709@group-30660CB2130A: change Leader from null to bd87c10d-2a97-4600-a4c6-dcfee1c9d709 at term 1 for becomeLeader, leader elected after 5181ms
2019-10-11 10:08:29,242 [bd87c10d-2a97-4600-a4c6-dcfee1c9d709@group-30660CB2130A:LeaderElection8] INFO  server.RaftServerConfigKeys (ConfUtils.java:logGet(43)) - raft.server.staging.catchup.gap = 1000 (default)
2019-10-11 10:08:29,242 [bd87c10d-2a97-4600-a4c6-dcfee1c9d709@group-30660CB2130A:LeaderElection8] INFO  server.RaftServerConfigKeys (ConfUtils.java:logGet(43)) - raft.server.rpc.sleep.time = 25ms (default)
2019-10-11 10:08:29,242 [bd87c10d-2a97-4600-a4c6-dcfee1c9d709@group-30660CB2130A:LeaderElection8] INFO  server.RaftServerConfigKeys (ConfUtils.java:logGet(43)) - raft.server.write.element-limit = 4096 (default)
2019-10-11 10:08:29,242 [bd87c10d-2a97-4600-a4c6-dcfee1c9d709@group-30660CB2130A:LeaderElection8] INFO  server.RaftServerConfigKeys (ConfUtils.java:logGet(43)) - raft.server.watch.timeout = 10s (default)
2019-10-11 10:08:29,242 [bd87c10d-2a97-4600-a4c6-dcfee1c9d709@group-30660CB2130A:LeaderElection8] INFO  server.RaftServerConfigKeys (ConfUtils.java:logGet(43)) - raft.server.watch.timeout.denomination = 1s (default)
2019-10-11 10:08:29,243 [bd87c10d-2a97-4600-a4c6-dcfee1c9d709@group-30660CB2130A:LeaderElection8] INFO  server.RaftServerConfigKeys (ConfUtils.java:logGet(43)) - raft.server.watch.element-limit = 65536 (default)
2019-10-11 10:08:29,243 [Thread-274] INFO  impl.FollowerState (FollowerState.java:run(106)) - 4302bdf4-b2bc-4d1b-92dc-dca675ac0824:group-40C088226284 changes to CANDIDATE, lastRpcTime:5020, electionTimeout:5020ms
2019-10-11 10:08:29,245 [Thread-274] INFO  impl.RoleInfo (RoleInfo.java:shutdownFollowerState(121)) - 4302bdf4-b2bc-4d1b-92dc-dca675ac0824: shutdown FollowerState
2019-10-11 10:08:29,246 [Thread-274] INFO  impl.RaftServerImpl (RaftServerImpl.java:setRole(174)) - 4302bdf4-b2bc-4d1b-92dc-dca675ac0824@group-40C088226284: changes role from  FOLLOWER to CANDIDATE at term 0 for changeToCandidate
2019-10-11 10:08:29,246 [Thread-274] INFO  impl.RoleInfo (RoleInfo.java:updateAndGet(143)) - 4302bdf4-b2bc-4d1b-92dc-dca675ac0824: start LeaderElection
2019-10-11 10:08:29,254 [bd87c10d-2a97-4600-a4c6-dcfee1c9d709@group-30660CB2130A:LeaderElection8] INFO  server.RaftServerConfigKeys (ConfUtils.java:logGet(43)) - raft.server.log.appender.snapshot.chunk.size.max = 16MB (=16777216) (default)
2019-10-11 10:08:29,254 [bd87c10d-2a97-4600-a4c6-dcfee1c9d709@group-30660CB2130A:LeaderElection8] INFO  server.RaftServerConfigKeys (ConfUtils.java:logGet(43)) - raft.server.log.appender.buffer.byte-limit = 33554432 (custom)
2019-10-11 10:08:29,255 [bd87c10d-2a97-4600-a4c6-dcfee1c9d709@group-30660CB2130A:LeaderElection8] INFO  server.RaftServerConfigKeys (ConfUtils.java:logGet(43)) - raft.server.log.appender.buffer.element-limit = 1 (custom)
2019-10-11 10:08:29,259 [bd87c10d-2a97-4600-a4c6-dcfee1c9d709@group-30660CB2130A:LeaderElection8] INFO  grpc.GrpcConfigKeys$Server (ConfUtils.java:logGet(43)) - raft.grpc.server.leader.outstanding.appends.max = 128 (default)
2019-10-11 10:08:29,270 [bd87c10d-2a97-4600-a4c6-dcfee1c9d709@group-30660CB2130A:LeaderElection8] INFO  server.RaftServerConfigKeys (ConfUtils.java:logGet(43)) - raft.server.rpc.request.timeout = 3000ms (default)
2019-10-11 10:08:29,271 [bd87c10d-2a97-4600-a4c6-dcfee1c9d709@group-30660CB2130A:LeaderElection8] INFO  server.RaftServerConfigKeys (ConfUtils.java:logGet(43)) - raft.server.log.appender.install.snapshot.enabled = false (custom)
2019-10-11 10:08:29,272 [bd87c10d-2a97-4600-a4c6-dcfee1c9d709@group-30660CB2130A:LeaderElection8] INFO  server.RaftServerConfigKeys (ConfUtils.java:logGet(43)) - raft.server.log.appender.snapshot.chunk.size.max = 16MB (=16777216) (default)
2019-10-11 10:08:29,273 [bd87c10d-2a97-4600-a4c6-dcfee1c9d709@group-30660CB2130A:LeaderElection8] INFO  server.RaftServerConfigKeys (ConfUtils.java:logGet(43)) - raft.server.log.appender.buffer.byte-limit = 33554432 (custom)
2019-10-11 10:08:29,273 [bd87c10d-2a97-4600-a4c6-dcfee1c9d709@group-30660CB2130A:LeaderElection8] INFO  server.RaftServerConfigKeys (ConfUtils.java:logGet(43)) - raft.server.log.appender.buffer.element-limit = 1 (custom)
2019-10-11 10:08:29,273 [bd87c10d-2a97-4600-a4c6-dcfee1c9d709@group-30660CB2130A:LeaderElection8] INFO  grpc.GrpcConfigKeys$Server (ConfUtils.java:logGet(43)) - raft.grpc.server.leader.outstanding.appends.max = 128 (default)
2019-10-11 10:08:29,274 [bd87c10d-2a97-4600-a4c6-dcfee1c9d709@group-30660CB2130A:LeaderElection8] INFO  server.RaftServerConfigKeys (ConfUtils.java:logGet(43)) - raft.server.rpc.request.timeout = 3000ms (default)
2019-10-11 10:08:29,274 [bd87c10d-2a97-4600-a4c6-dcfee1c9d709@group-30660CB2130A:LeaderElection8] INFO  server.RaftServerConfigKeys (ConfUtils.java:logGet(43)) - raft.server.log.appender.install.snapshot.enabled = false (custom)
2019-10-11 10:08:29,276 [bd87c10d-2a97-4600-a4c6-dcfee1c9d709@group-30660CB2130A:LeaderElection8] INFO  impl.RoleInfo (RoleInfo.java:updateAndGet(143)) - bd87c10d-2a97-4600-a4c6-dcfee1c9d709: start LeaderState
2019-10-11 10:08:29,276 [4302bdf4-b2bc-4d1b-92dc-dca675ac0824@group-40C088226284:LeaderElection9] INFO  impl.LeaderElection (LeaderElection.java:askForVotes(182)) - 4302bdf4-b2bc-4d1b-92dc-dca675ac0824@group-40C088226284:LeaderElection9: begin an election at term 1 for -1: [b908fea9-9d9e-4680-974c-d51461f1bcae:192.168.164.221:39068, bd87c10d-2a97-4600-a4c6-dcfee1c9d709:192.168.164.221:37535, 4302bdf4-b2bc-4d1b-92dc-dca675ac0824:192.168.164.221:43862], old=null
2019-10-11 10:08:29,276 [bd87c10d-2a97-4600-a4c6-dcfee1c9d709@group-30660CB2130A:LeaderElection8] INFO  segmented.SegmentedRaftLogWorker (SegmentedRaftLogWorker.java:startLogSegment(380)) - bd87c10d-2a97-4600-a4c6-dcfee1c9d709@group-30660CB2130A-SegmentedRaftLogWorker: Starting segment from index:0
2019-10-11 10:08:29,278 [bd87c10d-2a97-4600-a4c6-dcfee1c9d709@group-30660CB2130A:LeaderElection8] INFO  impl.RaftServerImpl (ServerState.java:setRaftConf(354)) - bd87c10d-2a97-4600-a4c6-dcfee1c9d709@group-30660CB2130A: set configuration 0: [b908fea9-9d9e-4680-974c-d51461f1bcae:192.168.164.221:39068, bd87c10d-2a97-4600-a4c6-dcfee1c9d709:192.168.164.221:37535, 4302bdf4-b2bc-4d1b-92dc-dca675ac0824:192.168.164.221:43862], old=null at 0
2019-10-11 10:08:29,335 [Thread-277] INFO  impl.FollowerState (FollowerState.java:run(106)) - bd87c10d-2a97-4600-a4c6-dcfee1c9d709:group-40C088226284 changes to CANDIDATE, lastRpcTime:5110, electionTimeout:5106ms
2019-10-11 10:08:29,338 [grpc-default-executor-2] INFO  impl.RaftServerImpl (RaftServerImpl.java:setRole(174)) - b908fea9-9d9e-4680-974c-d51461f1bcae@group-40C088226284: changes role from  FOLLOWER to FOLLOWER at term 1 for recognizeCandidate:4302bdf4-b2bc-4d1b-92dc-dca675ac0824
2019-10-11 10:08:29,338 [Thread-277] INFO  impl.RoleInfo (RoleInfo.java:shutdownFollowerState(121)) - bd87c10d-2a97-4600-a4c6-dcfee1c9d709: shutdown FollowerState
2019-10-11 10:08:29,339 [grpc-default-executor-2] INFO  impl.RoleInfo (RoleInfo.java:shutdownFollowerState(121)) - b908fea9-9d9e-4680-974c-d51461f1bcae: shutdown FollowerState
2019-10-11 10:08:29,339 [Thread-277] INFO  impl.RaftServerImpl (RaftServerImpl.java:setRole(174)) - bd87c10d-2a97-4600-a4c6-dcfee1c9d709@group-40C088226284: changes role from  FOLLOWER to CANDIDATE at term 0 for changeToCandidate
2019-10-11 10:08:29,339 [grpc-default-executor-2] INFO  impl.RoleInfo (RoleInfo.java:updateAndGet(143)) - b908fea9-9d9e-4680-974c-d51461f1bcae: start FollowerState
2019-10-11 10:08:29,339 [Thread-277] INFO  impl.RoleInfo (RoleInfo.java:updateAndGet(143)) - bd87c10d-2a97-4600-a4c6-dcfee1c9d709: start LeaderElection
2019-10-11 10:08:29,339 [Thread-276] INFO  impl.FollowerState (FollowerState.java:run(115)) - b908fea9-9d9e-4680-974c-d51461f1bcae: FollowerState was interrupted: java.lang.InterruptedException: sleep interrupted
2019-10-11 10:08:29,347 [bd87c10d-2a97-4600-a4c6-dcfee1c9d709@group-30660CB2130A-SegmentedRaftLogWorker] INFO  segmented.SegmentedRaftLogWorker (SegmentedRaftLogWorker.java:execute(569)) - bd87c10d-2a97-4600-a4c6-dcfee1c9d709@group-30660CB2130A-SegmentedRaftLogWorker: created new log segment /workdir/hadoop-ozone/integration-test/target/test-dir/MiniOzoneClusterImpl-cc3d3d95-e844-4504-baa9-60eb8f0888b1/datanode-2/data/ratis/f67ab59a-794d-41bd-9ec7-30660cb2130a/current/log_inprogress_0
2019-10-11 10:08:29,364 [grpc-default-executor-1] INFO  impl.RaftServerImpl (ServerState.java:setLeader(253)) - b908fea9-9d9e-4680-974c-d51461f1bcae@group-30660CB2130A: change Leader from null to bd87c10d-2a97-4600-a4c6-dcfee1c9d709 at term 1 for appendEntries, leader elected after 5305ms
2019-10-11 10:08:29,364 [grpc-default-executor-3] INFO  impl.RaftServerImpl (ServerState.java:setLeader(253)) - 4302bdf4-b2bc-4d1b-92dc-dca675ac0824@group-30660CB2130A: change Leader from null to bd87c10d-2a97-4600-a4c6-dcfee1c9d709 at term 1 for appendEntries, leader elected after 5306ms
2019-10-11 10:08:29,377 [bd87c10d-2a97-4600-a4c6-dcfee1c9d709@group-40C088226284:LeaderElection10] INFO  impl.LeaderElection (LeaderElection.java:askForVotes(182)) - bd87c10d-2a97-4600-a4c6-dcfee1c9d709@group-40C088226284:LeaderElection10: begin an election at term 1 for -1: [b908fea9-9d9e-4680-974c-d51461f1bcae:192.168.164.221:39068, bd87c10d-2a97-4600-a4c6-dcfee1c9d709:192.168.164.221:37535, 4302bdf4-b2bc-4d1b-92dc-dca675ac0824:192.168.164.221:43862], old=null
2019-10-11 10:08:29,383 [4302bdf4-b2bc-4d1b-92dc-dca675ac0824@group-40C088226284:LeaderElection9] INFO  impl.LeaderElection (LeaderElection.java:logAndReturn(56)) - 4302bdf4-b2bc-4d1b-92dc-dca675ac0824@group-40C088226284:LeaderElection9: Election PASSED; received 2 response(s) [4302bdf4-b2bc-4d1b-92dc-dca675ac0824<-b908fea9-9d9e-4680-974c-d51461f1bcae#0:OK-t1, 4302bdf4-b2bc-4d1b-92dc-dca675ac0824<-bd87c10d-2a97-4600-a4c6-dcfee1c9d709#0:FAIL-t1] and 0 exception(s); 4302bdf4-b2bc-4d1b-92dc-dca675ac0824@group-40C088226284:t1, leader=null, voted=4302bdf4-b2bc-4d1b-92dc-dca675ac0824, raftlog=4302bdf4-b2bc-4d1b-92dc-dca675ac0824@group-40C088226284-SegmentedRaftLog:OPENED:c-1,f-1,i0, conf=-1: [b908fea9-9d9e-4680-974c-d51461f1bcae:192.168.164.221:39068, bd87c10d-2a97-4600-a4c6-dcfee1c9d709:192.168.164.221:37535, 4302bdf4-b2bc-4d1b-92dc-dca675ac0824:192.168.164.221:43862], old=null
2019-10-11 10:08:29,384 [4302bdf4-b2bc-4d1b-92dc-dca675ac0824@group-40C088226284:LeaderElection9] INFO  impl.RoleInfo (RoleInfo.java:shutdownLeaderElection(134)) - 4302bdf4-b2bc-4d1b-92dc-dca675ac0824: shutdown LeaderElection
2019-10-11 10:08:29,386 [4302bdf4-b2bc-4d1b-92dc-dca675ac0824@group-40C088226284:LeaderElection9] INFO  impl.RaftServerImpl (RaftServerImpl.java:setRole(174)) - 4302bdf4-b2bc-4d1b-92dc-dca675ac0824@group-40C088226284: changes role from CANDIDATE to LEADER at term 1 for changeToLeader
2019-10-11 10:08:29,389 [4302bdf4-b2bc-4d1b-92dc-dca675ac0824@group-40C088226284:LeaderElection9] INFO  impl.RaftServerImpl (ServerState.java:setLeader(253)) - 4302bdf4-b2bc-4d1b-92dc-dca675ac0824@group-40C088226284: change Leader from null to 4302bdf4-b2bc-4d1b-92dc-dca675ac0824 at term 1 for becomeLeader, leader elected after 5179ms
2019-10-11 10:08:29,389 [4302bdf4-b2bc-4d1b-92dc-dca675ac0824@group-40C088226284:LeaderElection9] INFO  server.RaftServerConfigKeys (ConfUtils.java:logGet(43)) - raft.server.staging.catchup.gap = 1000 (default)
2019-10-11 10:08:29,392 [4302bdf4-b2bc-4d1b-92dc-dca675ac0824@group-40C088226284:LeaderElection9] INFO  server.RaftServerConfigKeys (ConfUtils.java:logGet(43)) - raft.server.rpc.sleep.time = 25ms (default)
2019-10-11 10:08:29,392 [4302bdf4-b2bc-4d1b-92dc-dca675ac0824@group-40C088226284:LeaderElection9] INFO  server.RaftServerConfigKeys (ConfUtils.java:logGet(43)) - raft.server.write.element-limit = 4096 (default)
2019-10-11 10:08:29,392 [4302bdf4-b2bc-4d1b-92dc-dca675ac0824@group-40C088226284:LeaderElection9] INFO  server.RaftServerConfigKeys (ConfUtils.java:logGet(43)) - raft.server.watch.timeout = 10s (default)
2019-10-11 10:08:29,395 [4302bdf4-b2bc-4d1b-92dc-dca675ac0824@group-40C088226284:LeaderElection9] INFO  server.RaftServerConfigKeys (ConfUtils.java:logGet(43)) - raft.server.watch.timeout.denomination = 1s (default)
2019-10-11 10:08:29,398 [4302bdf4-b2bc-4d1b-92dc-dca675ac0824@group-40C088226284:LeaderElection9] INFO  server.RaftServerConfigKeys (ConfUtils.java:logGet(43)) - raft.server.watch.element-limit = 65536 (default)
2019-10-11 10:08:29,405 [4302bdf4-b2bc-4d1b-92dc-dca675ac0824@group-40C088226284:LeaderElection9] INFO  server.RaftServerConfigKeys (ConfUtils.java:logGet(43)) - raft.server.log.appender.snapshot.chunk.size.max = 16MB (=16777216) (default)
2019-10-11 10:08:29,409 [4302bdf4-b2bc-4d1b-92dc-dca675ac0824@group-40C088226284:LeaderElection9] INFO  server.RaftServerConfigKeys (ConfUtils.java:logGet(43)) - raft.server.log.appender.buffer.byte-limit = 33554432 (custom)
2019-10-11 10:08:29,409 [Thread-288] INFO  impl.FollowerState (FollowerState.java:run(106)) - 2a3896bf-c579-4beb-9043-be047c7720ce:group-A39EDD5CFBEB changes to CANDIDATE, lastRpcTime:5038, electionTimeout:5037ms
2019-10-11 10:08:29,410 [4302bdf4-b2bc-4d1b-92dc-dca675ac0824@group-40C088226284:LeaderElection9] INFO  server.RaftServerConfigKeys (ConfUtils.java:logGet(43)) - raft.server.log.appender.buffer.element-limit = 1 (custom)
2019-10-11 10:08:29,411 [Thread-288] INFO  impl.RoleInfo (RoleInfo.java:shutdownFollowerState(121)) - 2a3896bf-c579-4beb-9043-be047c7720ce: shutdown FollowerState
2019-10-11 10:08:29,411 [Thread-288] INFO  impl.RaftServerImpl (RaftServerImpl.java:setRole(174)) - 2a3896bf-c579-4beb-9043-be047c7720ce@group-A39EDD5CFBEB: changes role from  FOLLOWER to CANDIDATE at term 0 for changeToCandidate
2019-10-11 10:08:29,411 [4302bdf4-b2bc-4d1b-92dc-dca675ac0824@group-40C088226284:LeaderElection9] INFO  grpc.GrpcConfigKeys$Server (ConfUtils.java:logGet(43)) - raft.grpc.server.leader.outstanding.appends.max = 128 (default)
2019-10-11 10:08:29,413 [Thread-288] INFO  impl.RoleInfo (RoleInfo.java:updateAndGet(143)) - 2a3896bf-c579-4beb-9043-be047c7720ce: start LeaderElection
2019-10-11 10:08:29,413 [4302bdf4-b2bc-4d1b-92dc-dca675ac0824@group-40C088226284:LeaderElection9] INFO  server.RaftServerConfigKeys (ConfUtils.java:logGet(43)) - raft.server.rpc.request.timeout = 3000ms (default)
2019-10-11 10:08:29,416 [4302bdf4-b2bc-4d1b-92dc-dca675ac0824@group-40C088226284:LeaderElection9] INFO  server.RaftServerConfigKeys (ConfUtils.java:logGet(43)) - raft.server.log.appender.install.snapshot.enabled = false (custom)
2019-10-11 10:08:29,420 [4302bdf4-b2bc-4d1b-92dc-dca675ac0824@group-40C088226284:LeaderElection9] INFO  server.RaftServerConfigKeys (ConfUtils.java:logGet(43)) - raft.server.log.appender.snapshot.chunk.size.max = 16MB (=16777216) (default)
2019-10-11 10:08:29,420 [4302bdf4-b2bc-4d1b-92dc-dca675ac0824@group-40C088226284:LeaderElection9] INFO  server.RaftServerConfigKeys (ConfUtils.java:logGet(43)) - raft.server.log.appender.buffer.byte-limit = 33554432 (custom)
2019-10-11 10:08:29,420 [4302bdf4-b2bc-4d1b-92dc-dca675ac0824@group-40C088226284:LeaderElection9] INFO  server.RaftServerConfigKeys (ConfUtils.java:logGet(43)) - raft.server.log.appender.buffer.element-limit = 1 (custom)
2019-10-11 10:08:29,421 [4302bdf4-b2bc-4d1b-92dc-dca675ac0824@group-40C088226284:LeaderElection9] INFO  grpc.GrpcConfigKeys$Server (ConfUtils.java:logGet(43)) - raft.grpc.server.leader.outstanding.appends.max = 128 (default)
2019-10-11 10:08:29,421 [4302bdf4-b2bc-4d1b-92dc-dca675ac0824@group-40C088226284:LeaderElection9] INFO  server.RaftServerConfigKeys (ConfUtils.java:logGet(43)) - raft.server.rpc.request.timeout = 3000ms (default)
2019-10-11 10:08:29,421 [4302bdf4-b2bc-4d1b-92dc-dca675ac0824@group-40C088226284:LeaderElection9] INFO  server.RaftServerConfigKeys (ConfUtils.java:logGet(43)) - raft.server.log.appender.install.snapshot.enabled = false (custom)
2019-10-11 10:08:29,422 [4302bdf4-b2bc-4d1b-92dc-dca675ac0824@group-40C088226284:LeaderElection9] INFO  impl.RoleInfo (RoleInfo.java:updateAndGet(143)) - 4302bdf4-b2bc-4d1b-92dc-dca675ac0824: start LeaderState
2019-10-11 10:08:29,422 [4302bdf4-b2bc-4d1b-92dc-dca675ac0824@group-40C088226284:LeaderElection9] INFO  segmented.SegmentedRaftLogWorker (SegmentedRaftLogWorker.java:startLogSegment(380)) - 4302bdf4-b2bc-4d1b-92dc-dca675ac0824@group-40C088226284-SegmentedRaftLogWorker: Starting segment from index:0
2019-10-11 10:08:29,423 [4302bdf4-b2bc-4d1b-92dc-dca675ac0824@group-40C088226284:LeaderElection9] INFO  impl.RaftServerImpl (ServerState.java:setRaftConf(354)) - 4302bdf4-b2bc-4d1b-92dc-dca675ac0824@group-40C088226284: set configuration 0: [b908fea9-9d9e-4680-974c-d51461f1bcae:192.168.164.221:39068, bd87c10d-2a97-4600-a4c6-dcfee1c9d709:192.168.164.221:37535, 4302bdf4-b2bc-4d1b-92dc-dca675ac0824:192.168.164.221:43862], old=null at 0
2019-10-11 10:08:29,465 [2a3896bf-c579-4beb-9043-be047c7720ce@group-A39EDD5CFBEB:LeaderElection11] INFO  impl.LeaderElection (LeaderElection.java:askForVotes(182)) - 2a3896bf-c579-4beb-9043-be047c7720ce@group-A39EDD5CFBEB:LeaderElection11: begin an election at term 1 for -1: [2a3896bf-c579-4beb-9043-be047c7720ce:192.168.164.221:35466, c72dbeab-b6e2-48b8-b87b-77765a61575f:192.168.164.221:45506, fd0f34a3-07b1-4956-8232-be1a3f5e6261:192.168.164.221:42219], old=null
2019-10-11 10:08:29,465 [grpc-default-executor-2] INFO  impl.RaftServerImpl (RaftServerImpl.java:requestVote(758)) - 4302bdf4-b2bc-4d1b-92dc-dca675ac0824@group-40C088226284-   LEADER: Withhold vote from candidate bd87c10d-2a97-4600-a4c6-dcfee1c9d709 with term 1. State: leader=4302bdf4-b2bc-4d1b-92dc-dca675ac0824, term=1, lastRpcElapsed=null
2019-10-11 10:08:29,474 [bd87c10d-2a97-4600-a4c6-dcfee1c9d709@group-40C088226284:LeaderElection10] INFO  impl.LeaderElection (LeaderElection.java:logAndReturn(56)) - bd87c10d-2a97-4600-a4c6-dcfee1c9d709@group-40C088226284:LeaderElection10: Election REJECTED; received 2 response(s) [bd87c10d-2a97-4600-a4c6-dcfee1c9d709<-b908fea9-9d9e-4680-974c-d51461f1bcae#0:FAIL-t1, bd87c10d-2a97-4600-a4c6-dcfee1c9d709<-4302bdf4-b2bc-4d1b-92dc-dca675ac0824#0:FAIL-t1] and 0 exception(s); bd87c10d-2a97-4600-a4c6-dcfee1c9d709@group-40C088226284:t1, leader=null, voted=bd87c10d-2a97-4600-a4c6-dcfee1c9d709, raftlog=bd87c10d-2a97-4600-a4c6-dcfee1c9d709@group-40C088226284-SegmentedRaftLog:OPENED:c-1,f-1,i0, conf=-1: [b908fea9-9d9e-4680-974c-d51461f1bcae:192.168.164.221:39068, bd87c10d-2a97-4600-a4c6-dcfee1c9d709:192.168.164.221:37535, 4302bdf4-b2bc-4d1b-92dc-dca675ac0824:192.168.164.221:43862], old=null
2019-10-11 10:08:29,474 [bd87c10d-2a97-4600-a4c6-dcfee1c9d709@group-40C088226284:LeaderElection10] INFO  impl.RaftServerImpl (RaftServerImpl.java:setRole(174)) - bd87c10d-2a97-4600-a4c6-dcfee1c9d709@group-40C088226284: changes role from CANDIDATE to FOLLOWER at term 1 for DISCOVERED_A_NEW_TERM
2019-10-11 10:08:29,477 [bd87c10d-2a97-4600-a4c6-dcfee1c9d709@group-40C088226284:LeaderElection10] INFO  impl.RoleInfo (RoleInfo.java:shutdownLeaderElection(134)) - bd87c10d-2a97-4600-a4c6-dcfee1c9d709: shutdown LeaderElection
2019-10-11 10:08:29,480 [bd87c10d-2a97-4600-a4c6-dcfee1c9d709@group-40C088226284:LeaderElection10] INFO  impl.RoleInfo (RoleInfo.java:updateAndGet(143)) - bd87c10d-2a97-4600-a4c6-dcfee1c9d709: start FollowerState
2019-10-11 10:08:29,480 [grpc-default-executor-0] INFO  impl.RaftServerImpl (ServerState.java:setLeader(253)) - b908fea9-9d9e-4680-974c-d51461f1bcae@group-40C088226284: change Leader from null to 4302bdf4-b2bc-4d1b-92dc-dca675ac0824 at term 1 for appendEntries, leader elected after 5271ms
2019-10-11 10:08:29,489 [Thread-295] INFO  impl.FollowerState (FollowerState.java:run(106)) - 2a3896bf-c579-4beb-9043-be047c7720ce:group-B531619340A9 changes to CANDIDATE, lastRpcTime:5009, electionTimeout:5004ms
2019-10-11 10:08:29,489 [grpc-default-executor-3] INFO  impl.RaftServerImpl (ServerState.java:setLeader(253)) - bd87c10d-2a97-4600-a4c6-dcfee1c9d709@group-40C088226284: change Leader from null to 4302bdf4-b2bc-4d1b-92dc-dca675ac0824 at term 1 for appendEntries, leader elected after 5279ms
2019-10-11 10:08:29,489 [4302bdf4-b2bc-4d1b-92dc-dca675ac0824@group-40C088226284-SegmentedRaftLogWorker] INFO  segmented.SegmentedRaftLogWorker (SegmentedRaftLogWorker.java:execute(569)) - 4302bdf4-b2bc-4d1b-92dc-dca675ac0824@group-40C088226284-SegmentedRaftLogWorker: created new log segment /workdir/hadoop-ozone/integration-test/target/test-dir/MiniOzoneClusterImpl-cc3d3d95-e844-4504-baa9-60eb8f0888b1/datanode-0/data/ratis/1714367e-f03b-4a2c-b3d6-40c088226284/current/log_inprogress_0
2019-10-11 10:08:29,490 [Thread-295] INFO  impl.RoleInfo (RoleInfo.java:shutdownFollowerState(121)) - 2a3896bf-c579-4beb-9043-be047c7720ce: shutdown FollowerState
2019-10-11 10:08:29,490 [Thread-295] INFO  impl.RaftServerImpl (RaftServerImpl.java:setRole(174)) - 2a3896bf-c579-4beb-9043-be047c7720ce@group-B531619340A9: changes role from  FOLLOWER to CANDIDATE at term 0 for changeToCandidate
2019-10-11 10:08:29,491 [Thread-295] INFO  impl.RoleInfo (RoleInfo.java:updateAndGet(143)) - 2a3896bf-c579-4beb-9043-be047c7720ce: start LeaderElection
2019-10-11 10:08:29,494 [Thread-296] INFO  impl.FollowerState (FollowerState.java:run(106)) - fd0f34a3-07b1-4956-8232-be1a3f5e6261:group-B531619340A9 changes to CANDIDATE, lastRpcTime:5014, electionTimeout:5013ms
2019-10-11 10:08:29,497 [Thread-284] INFO  impl.FollowerState (FollowerState.java:run(106)) - c72dbeab-b6e2-48b8-b87b-77765a61575f:group-A39EDD5CFBEB changes to CANDIDATE, lastRpcTime:5141, electionTimeout:5139ms
2019-10-11 10:08:29,497 [Thread-296] INFO  impl.RoleInfo (RoleInfo.java:shutdownFollowerState(121)) - fd0f34a3-07b1-4956-8232-be1a3f5e6261: shutdown FollowerState
2019-10-11 10:08:29,497 [Thread-284] INFO  impl.RoleInfo (RoleInfo.java:shutdownFollowerState(121)) - c72dbeab-b6e2-48b8-b87b-77765a61575f: shutdown FollowerState
2019-10-11 10:08:29,497 [Thread-296] INFO  impl.RaftServerImpl (RaftServerImpl.java:setRole(174)) - fd0f34a3-07b1-4956-8232-be1a3f5e6261@group-B531619340A9: changes role from  FOLLOWER to CANDIDATE at term 0 for changeToCandidate
2019-10-11 10:08:29,497 [Thread-284] INFO  impl.RaftServerImpl (RaftServerImpl.java:setRole(174)) - c72dbeab-b6e2-48b8-b87b-77765a61575f@group-A39EDD5CFBEB: changes role from  FOLLOWER to CANDIDATE at term 0 for changeToCandidate
2019-10-11 10:08:29,497 [grpc-default-executor-2] INFO  impl.RaftServerImpl (ServerState.java:setRaftConf(354)) - b908fea9-9d9e-4680-974c-d51461f1bcae@group-30660CB2130A: set configuration 0: [b908fea9-9d9e-4680-974c-d51461f1bcae:192.168.164.221:39068, bd87c10d-2a97-4600-a4c6-dcfee1c9d709:192.168.164.221:37535, 4302bdf4-b2bc-4d1b-92dc-dca675ac0824:192.168.164.221:43862], old=null at 0
2019-10-11 10:08:29,498 [Thread-284] INFO  impl.RoleInfo (RoleInfo.java:updateAndGet(143)) - c72dbeab-b6e2-48b8-b87b-77765a61575f: start LeaderElection
2019-10-11 10:08:29,498 [grpc-default-executor-1] INFO  impl.RaftServerImpl (ServerState.java:setRaftConf(354)) - 4302bdf4-b2bc-4d1b-92dc-dca675ac0824@group-30660CB2130A: set configuration 0: [b908fea9-9d9e-4680-974c-d51461f1bcae:192.168.164.221:39068, bd87c10d-2a97-4600-a4c6-dcfee1c9d709:192.168.164.221:37535, 4302bdf4-b2bc-4d1b-92dc-dca675ac0824:192.168.164.221:43862], old=null at 0
2019-10-11 10:08:29,498 [Thread-296] INFO  impl.RoleInfo (RoleInfo.java:updateAndGet(143)) - fd0f34a3-07b1-4956-8232-be1a3f5e6261: start LeaderElection
2019-10-11 10:08:29,502 [grpc-default-executor-1] INFO  segmented.SegmentedRaftLogWorker (SegmentedRaftLogWorker.java:startLogSegment(380)) - 4302bdf4-b2bc-4d1b-92dc-dca675ac0824@group-30660CB2130A-SegmentedRaftLogWorker: Starting segment from index:0
2019-10-11 10:08:29,498 [grpc-default-executor-2] INFO  segmented.SegmentedRaftLogWorker (SegmentedRaftLogWorker.java:startLogSegment(380)) - b908fea9-9d9e-4680-974c-d51461f1bcae@group-30660CB2130A-SegmentedRaftLogWorker: Starting segment from index:0
2019-10-11 10:08:29,547 [grpc-default-executor-3] INFO  impl.RaftServerImpl (RaftServerImpl.java:setRole(174)) - fd0f34a3-07b1-4956-8232-be1a3f5e6261@group-A39EDD5CFBEB: changes role from  FOLLOWER to FOLLOWER at term 1 for recognizeCandidate:2a3896bf-c579-4beb-9043-be047c7720ce
2019-10-11 10:08:29,550 [c72dbeab-b6e2-48b8-b87b-77765a61575f@group-A39EDD5CFBEB:LeaderElection14] INFO  impl.LeaderElection (LeaderElection.java:askForVotes(182)) - c72dbeab-b6e2-48b8-b87b-77765a61575f@group-A39EDD5CFBEB:LeaderElection14: begin an election at term 1 for -1: [2a3896bf-c579-4beb-9043-be047c7720ce:192.168.164.221:35466, c72dbeab-b6e2-48b8-b87b-77765a61575f:192.168.164.221:45506, fd0f34a3-07b1-4956-8232-be1a3f5e6261:192.168.164.221:42219], old=null
2019-10-11 10:08:29,550 [2a3896bf-c579-4beb-9043-be047c7720ce@group-B531619340A9:LeaderElection12] INFO  impl.LeaderElection (LeaderElection.java:askForVotes(182)) - 2a3896bf-c579-4beb-9043-be047c7720ce@group-B531619340A9:LeaderElection12: begin an election at term 1 for -1: [2a3896bf-c579-4beb-9043-be047c7720ce:192.168.164.221:35466, c72dbeab-b6e2-48b8-b87b-77765a61575f:192.168.164.221:45506, fd0f34a3-07b1-4956-8232-be1a3f5e6261:192.168.164.221:42219], old=null
2019-10-11 10:08:29,594 [grpc-default-executor-3] INFO  impl.RoleInfo (RoleInfo.java:shutdownFollowerState(121)) - fd0f34a3-07b1-4956-8232-be1a3f5e6261: shutdown FollowerState
2019-10-11 10:08:29,595 [grpc-default-executor-3] INFO  impl.RoleInfo (RoleInfo.java:updateAndGet(143)) - fd0f34a3-07b1-4956-8232-be1a3f5e6261: start FollowerState
2019-10-11 10:08:29,595 [grpc-default-executor-1] INFO  impl.RaftServerImpl (ServerState.java:setRaftConf(354)) - b908fea9-9d9e-4680-974c-d51461f1bcae@group-40C088226284: set configuration 0: [b908fea9-9d9e-4680-974c-d51461f1bcae:192.168.164.221:39068, bd87c10d-2a97-4600-a4c6-dcfee1c9d709:192.168.164.221:37535, 4302bdf4-b2bc-4d1b-92dc-dca675ac0824:192.168.164.221:43862], old=null at 0
2019-10-11 10:08:29,596 [grpc-default-executor-2] INFO  impl.RaftServerImpl (ServerState.java:setRaftConf(354)) - bd87c10d-2a97-4600-a4c6-dcfee1c9d709@group-40C088226284: set configuration 0: [b908fea9-9d9e-4680-974c-d51461f1bcae:192.168.164.221:39068, bd87c10d-2a97-4600-a4c6-dcfee1c9d709:192.168.164.221:37535, 4302bdf4-b2bc-4d1b-92dc-dca675ac0824:192.168.164.221:43862], old=null at 0
2019-10-11 10:08:29,596 [grpc-default-executor-1] INFO  segmented.SegmentedRaftLogWorker (SegmentedRaftLogWorker.java:startLogSegment(380)) - b908fea9-9d9e-4680-974c-d51461f1bcae@group-40C088226284-SegmentedRaftLogWorker: Starting segment from index:0
2019-10-11 10:08:29,601 [grpc-default-executor-2] INFO  segmented.SegmentedRaftLogWorker (SegmentedRaftLogWorker.java:startLogSegment(380)) - bd87c10d-2a97-4600-a4c6-dcfee1c9d709@group-40C088226284-SegmentedRaftLogWorker: Starting segment from index:0
2019-10-11 10:08:29,642 [Thread-293] INFO  impl.FollowerState (FollowerState.java:run(106)) - c72dbeab-b6e2-48b8-b87b-77765a61575f:group-B531619340A9 changes to CANDIDATE, lastRpcTime:5165, electionTimeout:5155ms
2019-10-11 10:08:29,642 [b908fea9-9d9e-4680-974c-d51461f1bcae@group-30660CB2130A-SegmentedRaftLogWorker] INFO  segmented.SegmentedRaftLogWorker (SegmentedRaftLogWorker.java:execute(569)) - b908fea9-9d9e-4680-974c-d51461f1bcae@group-30660CB2130A-SegmentedRaftLogWorker: created new log segment /workdir/hadoop-ozone/integration-test/target/test-dir/MiniOzoneClusterImpl-cc3d3d95-e844-4504-baa9-60eb8f0888b1/datanode-3/data/ratis/f67ab59a-794d-41bd-9ec7-30660cb2130a/current/log_inprogress_0
2019-10-11 10:08:29,642 [fd0f34a3-07b1-4956-8232-be1a3f5e6261@group-B531619340A9:LeaderElection13] INFO  impl.LeaderElection (LeaderElection.java:askForVotes(182)) - fd0f34a3-07b1-4956-8232-be1a3f5e6261@group-B531619340A9:LeaderElection13: begin an election at term 1 for -1: [2a3896bf-c579-4beb-9043-be047c7720ce:192.168.164.221:35466, c72dbeab-b6e2-48b8-b87b-77765a61575f:192.168.164.221:45506, fd0f34a3-07b1-4956-8232-be1a3f5e6261:192.168.164.221:42219], old=null
2019-10-11 10:08:29,642 [4302bdf4-b2bc-4d1b-92dc-dca675ac0824@group-30660CB2130A-SegmentedRaftLogWorker] INFO  segmented.SegmentedRaftLogWorker (SegmentedRaftLogWorker.java:execute(569)) - 4302bdf4-b2bc-4d1b-92dc-dca675ac0824@group-30660CB2130A-SegmentedRaftLogWorker: created new log segment /workdir/hadoop-ozone/integration-test/target/test-dir/MiniOzoneClusterImpl-cc3d3d95-e844-4504-baa9-60eb8f0888b1/datanode-0/data/ratis/f67ab59a-794d-41bd-9ec7-30660cb2130a/current/log_inprogress_0
2019-10-11 10:08:29,645 [Thread-293] INFO  impl.RoleInfo (RoleInfo.java:shutdownFollowerState(121)) - c72dbeab-b6e2-48b8-b87b-77765a61575f: shutdown FollowerState
2019-10-11 10:08:29,646 [Thread-293] INFO  impl.RaftServerImpl (RaftServerImpl.java:setRole(174)) - c72dbeab-b6e2-48b8-b87b-77765a61575f@group-B531619340A9: changes role from  FOLLOWER to CANDIDATE at term 0 for changeToCandidate
2019-10-11 10:08:29,646 [Thread-293] INFO  impl.RoleInfo (RoleInfo.java:updateAndGet(143)) - c72dbeab-b6e2-48b8-b87b-77765a61575f: start LeaderElection
2019-10-11 10:08:29,686 [b908fea9-9d9e-4680-974c-d51461f1bcae@group-40C088226284-SegmentedRaftLogWorker] INFO  segmented.SegmentedRaftLogWorker (SegmentedRaftLogWorker.java:execute(569)) - b908fea9-9d9e-4680-974c-d51461f1bcae@group-40C088226284-SegmentedRaftLogWorker: created new log segment /workdir/hadoop-ozone/integration-test/target/test-dir/MiniOzoneClusterImpl-cc3d3d95-e844-4504-baa9-60eb8f0888b1/datanode-3/data/ratis/1714367e-f03b-4a2c-b3d6-40c088226284/current/log_inprogress_0
2019-10-11 10:08:29,713 [bd87c10d-2a97-4600-a4c6-dcfee1c9d709@group-40C088226284-SegmentedRaftLogWorker] INFO  segmented.SegmentedRaftLogWorker (SegmentedRaftLogWorker.java:execute(569)) - bd87c10d-2a97-4600-a4c6-dcfee1c9d709@group-40C088226284-SegmentedRaftLogWorker: created new log segment /workdir/hadoop-ozone/integration-test/target/test-dir/MiniOzoneClusterImpl-cc3d3d95-e844-4504-baa9-60eb8f0888b1/datanode-2/data/ratis/1714367e-f03b-4a2c-b3d6-40c088226284/current/log_inprogress_0
2019-10-11 10:08:29,716 [c72dbeab-b6e2-48b8-b87b-77765a61575f@group-B531619340A9:LeaderElection15] INFO  impl.LeaderElection (LeaderElection.java:askForVotes(182)) - c72dbeab-b6e2-48b8-b87b-77765a61575f@group-B531619340A9:LeaderElection15: begin an election at term 1 for -1: [2a3896bf-c579-4beb-9043-be047c7720ce:192.168.164.221:35466, c72dbeab-b6e2-48b8-b87b-77765a61575f:192.168.164.221:45506, fd0f34a3-07b1-4956-8232-be1a3f5e6261:192.168.164.221:42219], old=null
2019-10-11 10:08:29,716 [2a3896bf-c579-4beb-9043-be047c7720ce@group-A39EDD5CFBEB:LeaderElection11] INFO  impl.LeaderElection (LeaderElection.java:logAndReturn(56)) - 2a3896bf-c579-4beb-9043-be047c7720ce@group-A39EDD5CFBEB:LeaderElection11: Election PASSED; received 2 response(s) [2a3896bf-c579-4beb-9043-be047c7720ce<-c72dbeab-b6e2-48b8-b87b-77765a61575f#0:FAIL-t1, 2a3896bf-c579-4beb-9043-be047c7720ce<-fd0f34a3-07b1-4956-8232-be1a3f5e6261#0:OK-t1] and 0 exception(s); 2a3896bf-c579-4beb-9043-be047c7720ce@group-A39EDD5CFBEB:t1, leader=null, voted=2a3896bf-c579-4beb-9043-be047c7720ce, raftlog=2a3896bf-c579-4beb-9043-be047c7720ce@group-A39EDD5CFBEB-SegmentedRaftLog:OPENED:c-1,f-1,i0, conf=-1: [2a3896bf-c579-4beb-9043-be047c7720ce:192.168.164.221:35466, c72dbeab-b6e2-48b8-b87b-77765a61575f:192.168.164.221:45506, fd0f34a3-07b1-4956-8232-be1a3f5e6261:192.168.164.221:42219], old=null
2019-10-11 10:08:29,717 [2a3896bf-c579-4beb-9043-be047c7720ce@group-A39EDD5CFBEB:LeaderElection11] INFO  impl.RoleInfo (RoleInfo.java:shutdownLeaderElection(134)) - 2a3896bf-c579-4beb-9043-be047c7720ce: shutdown LeaderElection
2019-10-11 10:08:29,717 [2a3896bf-c579-4beb-9043-be047c7720ce@group-A39EDD5CFBEB:LeaderElection11] INFO  impl.RaftServerImpl (RaftServerImpl.java:setRole(174)) - 2a3896bf-c579-4beb-9043-be047c7720ce@group-A39EDD5CFBEB: changes role from CANDIDATE to LEADER at term 1 for changeToLeader
2019-10-11 10:08:29,717 [2a3896bf-c579-4beb-9043-be047c7720ce@group-A39EDD5CFBEB:LeaderElection11] INFO  impl.RaftServerImpl (ServerState.java:setLeader(253)) - 2a3896bf-c579-4beb-9043-be047c7720ce@group-A39EDD5CFBEB: change Leader from null to 2a3896bf-c579-4beb-9043-be047c7720ce at term 1 for becomeLeader, leader elected after 5373ms
2019-10-11 10:08:29,717 [2a3896bf-c579-4beb-9043-be047c7720ce@group-A39EDD5CFBEB:LeaderElection11] INFO  server.RaftServerConfigKeys (ConfUtils.java:logGet(43)) - raft.server.staging.catchup.gap = 1000 (default)
2019-10-11 10:08:29,718 [2a3896bf-c579-4beb-9043-be047c7720ce@group-A39EDD5CFBEB:LeaderElection11] INFO  server.RaftServerConfigKeys (ConfUtils.java:logGet(43)) - raft.server.rpc.sleep.time = 25ms (default)
2019-10-11 10:08:29,718 [2a3896bf-c579-4beb-9043-be047c7720ce@group-A39EDD5CFBEB:LeaderElection11] INFO  server.RaftServerConfigKeys (ConfUtils.java:logGet(43)) - raft.server.write.element-limit = 4096 (default)
2019-10-11 10:08:29,718 [2a3896bf-c579-4beb-9043-be047c7720ce@group-A39EDD5CFBEB:LeaderElection11] INFO  server.RaftServerConfigKeys (ConfUtils.java:logGet(43)) - raft.server.watch.timeout = 10s (default)
2019-10-11 10:08:29,718 [2a3896bf-c579-4beb-9043-be047c7720ce@group-A39EDD5CFBEB:LeaderElection11] INFO  server.RaftServerConfigKeys (ConfUtils.java:logGet(43)) - raft.server.watch.timeout.denomination = 1s (default)
2019-10-11 10:08:29,718 [2a3896bf-c579-4beb-9043-be047c7720ce@group-A39EDD5CFBEB:LeaderElection11] INFO  server.RaftServerConfigKeys (ConfUtils.java:logGet(43)) - raft.server.watch.element-limit = 65536 (default)
2019-10-11 10:08:29,722 [2a3896bf-c579-4beb-9043-be047c7720ce@group-B531619340A9:LeaderElection12] INFO  impl.LeaderElection (LeaderElection.java:logAndReturn(56)) - 2a3896bf-c579-4beb-9043-be047c7720ce@group-B531619340A9:LeaderElection12: Election REJECTED; received 2 response(s) [2a3896bf-c579-4beb-9043-be047c7720ce<-c72dbeab-b6e2-48b8-b87b-77765a61575f#0:FAIL-t1, 2a3896bf-c579-4beb-9043-be047c7720ce<-fd0f34a3-07b1-4956-8232-be1a3f5e6261#0:FAIL-t1] and 0 exception(s); 2a3896bf-c579-4beb-9043-be047c7720ce@group-B531619340A9:t1, leader=null, voted=2a3896bf-c579-4beb-9043-be047c7720ce, raftlog=2a3896bf-c579-4beb-9043-be047c7720ce@group-B531619340A9-SegmentedRaftLog:OPENED:c-1,f-1,i0, conf=-1: [2a3896bf-c579-4beb-9043-be047c7720ce:192.168.164.221:35466, c72dbeab-b6e2-48b8-b87b-77765a61575f:192.168.164.221:45506, fd0f34a3-07b1-4956-8232-be1a3f5e6261:192.168.164.221:42219], old=null
2019-10-11 10:08:29,725 [2a3896bf-c579-4beb-9043-be047c7720ce@group-B531619340A9:LeaderElection12] INFO  impl.RaftServerImpl (RaftServerImpl.java:setRole(174)) - 2a3896bf-c579-4beb-9043-be047c7720ce@group-B531619340A9: changes role from CANDIDATE to FOLLOWER at term 1 for DISCOVERED_A_NEW_TERM
2019-10-11 10:08:29,725 [2a3896bf-c579-4beb-9043-be047c7720ce@group-A39EDD5CFBEB:LeaderElection11] INFO  server.RaftServerConfigKeys (ConfUtils.java:logGet(43)) - raft.server.log.appender.snapshot.chunk.size.max = 16MB (=16777216) (default)
2019-10-11 10:08:29,727 [2a3896bf-c579-4beb-9043-be047c7720ce@group-B531619340A9:LeaderElection12] INFO  impl.RoleInfo (RoleInfo.java:shutdownLeaderElection(134)) - 2a3896bf-c579-4beb-9043-be047c7720ce: shutdown LeaderElection
2019-10-11 10:08:29,733 [2a3896bf-c579-4beb-9043-be047c7720ce@group-A39EDD5CFBEB:LeaderElection11] INFO  server.RaftServerConfigKeys (ConfUtils.java:logGet(43)) - raft.server.log.appender.buffer.byte-limit = 33554432 (custom)
2019-10-11 10:08:29,734 [2a3896bf-c579-4beb-9043-be047c7720ce@group-A39EDD5CFBEB:LeaderElection11] INFO  server.RaftServerConfigKeys (ConfUtils.java:logGet(43)) - raft.server.log.appender.buffer.element-limit = 1 (custom)
2019-10-11 10:08:29,734 [2a3896bf-c579-4beb-9043-be047c7720ce@group-B531619340A9:LeaderElection12] INFO  impl.RoleInfo (RoleInfo.java:updateAndGet(143)) - 2a3896bf-c579-4beb-9043-be047c7720ce: start FollowerState
2019-10-11 10:08:29,734 [2a3896bf-c579-4beb-9043-be047c7720ce@group-A39EDD5CFBEB:LeaderElection11] INFO  grpc.GrpcConfigKeys$Server (ConfUtils.java:logGet(43)) - raft.grpc.server.leader.outstanding.appends.max = 128 (default)
2019-10-11 10:08:29,737 [2a3896bf-c579-4beb-9043-be047c7720ce@group-A39EDD5CFBEB:LeaderElection11] INFO  server.RaftServerConfigKeys (ConfUtils.java:logGet(43)) - raft.server.rpc.request.timeout = 3000ms (default)
2019-10-11 10:08:29,738 [2a3896bf-c579-4beb-9043-be047c7720ce@group-A39EDD5CFBEB:LeaderElection11] INFO  server.RaftServerConfigKeys (ConfUtils.java:logGet(43)) - raft.server.log.appender.install.snapshot.enabled = false (custom)
2019-10-11 10:08:29,738 [2a3896bf-c579-4beb-9043-be047c7720ce@group-A39EDD5CFBEB:LeaderElection11] INFO  server.RaftServerConfigKeys (ConfUtils.java:logGet(43)) - raft.server.log.appender.snapshot.chunk.size.max = 16MB (=16777216) (default)
2019-10-11 10:08:29,738 [2a3896bf-c579-4beb-9043-be047c7720ce@group-A39EDD5CFBEB:LeaderElection11] INFO  server.RaftServerConfigKeys (ConfUtils.java:logGet(43)) - raft.server.log.appender.buffer.byte-limit = 33554432 (custom)
2019-10-11 10:08:29,739 [2a3896bf-c579-4beb-9043-be047c7720ce@group-A39EDD5CFBEB:LeaderElection11] INFO  server.RaftServerConfigKeys (ConfUtils.java:logGet(43)) - raft.server.log.appender.buffer.element-limit = 1 (custom)
2019-10-11 10:08:29,739 [2a3896bf-c579-4beb-9043-be047c7720ce@group-A39EDD5CFBEB:LeaderElection11] INFO  grpc.GrpcConfigKeys$Server (ConfUtils.java:logGet(43)) - raft.grpc.server.leader.outstanding.appends.max = 128 (default)
2019-10-11 10:08:29,748 [2a3896bf-c579-4beb-9043-be047c7720ce@group-A39EDD5CFBEB:LeaderElection11] INFO  server.RaftServerConfigKeys (ConfUtils.java:logGet(43)) - raft.server.rpc.request.timeout = 3000ms (default)
2019-10-11 10:08:29,748 [2a3896bf-c579-4beb-9043-be047c7720ce@group-A39EDD5CFBEB:LeaderElection11] INFO  server.RaftServerConfigKeys (ConfUtils.java:logGet(43)) - raft.server.log.appender.install.snapshot.enabled = false (custom)
2019-10-11 10:08:29,751 [2a3896bf-c579-4beb-9043-be047c7720ce@group-A39EDD5CFBEB:LeaderElection11] INFO  impl.RoleInfo (RoleInfo.java:updateAndGet(143)) - 2a3896bf-c579-4beb-9043-be047c7720ce: start LeaderState
2019-10-11 10:08:29,751 [2a3896bf-c579-4beb-9043-be047c7720ce@group-A39EDD5CFBEB:LeaderElection11] INFO  segmented.SegmentedRaftLogWorker (SegmentedRaftLogWorker.java:startLogSegment(380)) - 2a3896bf-c579-4beb-9043-be047c7720ce@group-A39EDD5CFBEB-SegmentedRaftLogWorker: Starting segment from index:0
2019-10-11 10:08:29,756 [2a3896bf-c579-4beb-9043-be047c7720ce@group-A39EDD5CFBEB:LeaderElection11] INFO  impl.RaftServerImpl (ServerState.java:setRaftConf(354)) - 2a3896bf-c579-4beb-9043-be047c7720ce@group-A39EDD5CFBEB: set configuration 0: [2a3896bf-c579-4beb-9043-be047c7720ce:192.168.164.221:35466, c72dbeab-b6e2-48b8-b87b-77765a61575f:192.168.164.221:45506, fd0f34a3-07b1-4956-8232-be1a3f5e6261:192.168.164.221:42219], old=null at 0
2019-10-11 10:08:29,790 [c72dbeab-b6e2-48b8-b87b-77765a61575f@group-B531619340A9:LeaderElection15] INFO  impl.LeaderElection (LeaderElection.java:logAndReturn(56)) - c72dbeab-b6e2-48b8-b87b-77765a61575f@group-B531619340A9:LeaderElection15: Election REJECTED; received 2 response(s) [c72dbeab-b6e2-48b8-b87b-77765a61575f<-2a3896bf-c579-4beb-9043-be047c7720ce#0:FAIL-t1, c72dbeab-b6e2-48b8-b87b-77765a61575f<-fd0f34a3-07b1-4956-8232-be1a3f5e6261#0:FAIL-t1] and 0 exception(s); c72dbeab-b6e2-48b8-b87b-77765a61575f@group-B531619340A9:t1, leader=null, voted=c72dbeab-b6e2-48b8-b87b-77765a61575f, raftlog=c72dbeab-b6e2-48b8-b87b-77765a61575f@group-B531619340A9-SegmentedRaftLog:OPENED:c-1,f-1,i0, conf=-1: [2a3896bf-c579-4beb-9043-be047c7720ce:192.168.164.221:35466, c72dbeab-b6e2-48b8-b87b-77765a61575f:192.168.164.221:45506, fd0f34a3-07b1-4956-8232-be1a3f5e6261:192.168.164.221:42219], old=null
2019-10-11 10:08:29,790 [grpc-default-executor-0] INFO  impl.RaftServerImpl (RaftServerImpl.java:requestVote(758)) - 2a3896bf-c579-4beb-9043-be047c7720ce@group-A39EDD5CFBEB-   LEADER: Withhold vote from candidate c72dbeab-b6e2-48b8-b87b-77765a61575f with term 1. State: leader=2a3896bf-c579-4beb-9043-be047c7720ce, term=1, lastRpcElapsed=null
2019-10-11 10:08:29,795 [c72dbeab-b6e2-48b8-b87b-77765a61575f@group-B531619340A9:LeaderElection15] INFO  impl.RaftServerImpl (RaftServerImpl.java:setRole(174)) - c72dbeab-b6e2-48b8-b87b-77765a61575f@group-B531619340A9: changes role from CANDIDATE to FOLLOWER at term 1 for DISCOVERED_A_NEW_TERM
2019-10-11 10:08:29,799 [c72dbeab-b6e2-48b8-b87b-77765a61575f@group-B531619340A9:LeaderElection15] INFO  impl.RoleInfo (RoleInfo.java:shutdownLeaderElection(134)) - c72dbeab-b6e2-48b8-b87b-77765a61575f: shutdown LeaderElection
2019-10-11 10:08:29,799 [c72dbeab-b6e2-48b8-b87b-77765a61575f@group-B531619340A9:LeaderElection15] INFO  impl.RoleInfo (RoleInfo.java:updateAndGet(143)) - c72dbeab-b6e2-48b8-b87b-77765a61575f: start FollowerState
2019-10-11 10:08:29,807 [grpc-default-executor-4] INFO  impl.RaftServerImpl (ServerState.java:setLeader(253)) - fd0f34a3-07b1-4956-8232-be1a3f5e6261@group-A39EDD5CFBEB: change Leader from null to 2a3896bf-c579-4beb-9043-be047c7720ce at term 1 for appendEntries, leader elected after 5463ms
2019-10-11 10:08:29,807 [c72dbeab-b6e2-48b8-b87b-77765a61575f@group-A39EDD5CFBEB:LeaderElection14] INFO  impl.LeaderElection (LeaderElection.java:logAndReturn(56)) - c72dbeab-b6e2-48b8-b87b-77765a61575f@group-A39EDD5CFBEB:LeaderElection14: Election REJECTED; received 2 response(s) [c72dbeab-b6e2-48b8-b87b-77765a61575f<-2a3896bf-c579-4beb-9043-be047c7720ce#0:FAIL-t1, c72dbeab-b6e2-48b8-b87b-77765a61575f<-fd0f34a3-07b1-4956-8232-be1a3f5e6261#0:FAIL-t1] and 0 exception(s); c72dbeab-b6e2-48b8-b87b-77765a61575f@group-A39EDD5CFBEB:t1, leader=null, voted=c72dbeab-b6e2-48b8-b87b-77765a61575f, raftlog=c72dbeab-b6e2-48b8-b87b-77765a61575f@group-A39EDD5CFBEB-SegmentedRaftLog:OPENED:c-1,f-1,i0, conf=-1: [2a3896bf-c579-4beb-9043-be047c7720ce:192.168.164.221:35466, c72dbeab-b6e2-48b8-b87b-77765a61575f:192.168.164.221:45506, fd0f34a3-07b1-4956-8232-be1a3f5e6261:192.168.164.221:42219], old=null
2019-10-11 10:08:29,815 [c72dbeab-b6e2-48b8-b87b-77765a61575f@group-A39EDD5CFBEB:LeaderElection14] INFO  impl.RaftServerImpl (RaftServerImpl.java:setRole(174)) - c72dbeab-b6e2-48b8-b87b-77765a61575f@group-A39EDD5CFBEB: changes role from CANDIDATE to FOLLOWER at term 1 for DISCOVERED_A_NEW_TERM
2019-10-11 10:08:29,819 [2a3896bf-c579-4beb-9043-be047c7720ce@group-A39EDD5CFBEB-SegmentedRaftLogWorker] INFO  segmented.SegmentedRaftLogWorker (SegmentedRaftLogWorker.java:execute(569)) - 2a3896bf-c579-4beb-9043-be047c7720ce@group-A39EDD5CFBEB-SegmentedRaftLogWorker: created new log segment /workdir/hadoop-ozone/integration-test/target/test-dir/MiniOzoneClusterImpl-cc3d3d95-e844-4504-baa9-60eb8f0888b1/datanode-4/data/ratis/ceb2df2c-bb30-4c07-9f0e-a39edd5cfbeb/current/log_inprogress_0
2019-10-11 10:08:29,821 [c72dbeab-b6e2-48b8-b87b-77765a61575f@group-A39EDD5CFBEB:LeaderElection14] INFO  impl.RoleInfo (RoleInfo.java:shutdownLeaderElection(134)) - c72dbeab-b6e2-48b8-b87b-77765a61575f: shutdown LeaderElection
2019-10-11 10:08:29,822 [c72dbeab-b6e2-48b8-b87b-77765a61575f@group-A39EDD5CFBEB:LeaderElection14] INFO  impl.RoleInfo (RoleInfo.java:updateAndGet(143)) - c72dbeab-b6e2-48b8-b87b-77765a61575f: start FollowerState
2019-10-11 10:08:29,822 [fd0f34a3-07b1-4956-8232-be1a3f5e6261@group-B531619340A9:LeaderElection13] INFO  impl.LeaderElection (LeaderElection.java:logAndReturn(56)) - fd0f34a3-07b1-4956-8232-be1a3f5e6261@group-B531619340A9:LeaderElection13: Election REJECTED; received 2 response(s) [fd0f34a3-07b1-4956-8232-be1a3f5e6261<-2a3896bf-c579-4beb-9043-be047c7720ce#0:FAIL-t1, fd0f34a3-07b1-4956-8232-be1a3f5e6261<-c72dbeab-b6e2-48b8-b87b-77765a61575f#0:FAIL-t1] and 0 exception(s); fd0f34a3-07b1-4956-8232-be1a3f5e6261@group-B531619340A9:t1, leader=null, voted=fd0f34a3-07b1-4956-8232-be1a3f5e6261, raftlog=fd0f34a3-07b1-4956-8232-be1a3f5e6261@group-B531619340A9-SegmentedRaftLog:OPENED:c-1,f-1,i0, conf=-1: [2a3896bf-c579-4beb-9043-be047c7720ce:192.168.164.221:35466, c72dbeab-b6e2-48b8-b87b-77765a61575f:192.168.164.221:45506, fd0f34a3-07b1-4956-8232-be1a3f5e6261:192.168.164.221:42219], old=null
2019-10-11 10:08:29,824 [grpc-default-executor-2] INFO  impl.RaftServerImpl (ServerState.java:setLeader(253)) - c72dbeab-b6e2-48b8-b87b-77765a61575f@group-A39EDD5CFBEB: change Leader from null to 2a3896bf-c579-4beb-9043-be047c7720ce at term 1 for appendEntries, leader elected after 5478ms
2019-10-11 10:08:29,824 [fd0f34a3-07b1-4956-8232-be1a3f5e6261@group-B531619340A9:LeaderElection13] INFO  impl.RaftServerImpl (RaftServerImpl.java:setRole(174)) - fd0f34a3-07b1-4956-8232-be1a3f5e6261@group-B531619340A9: changes role from CANDIDATE to FOLLOWER at term 1 for DISCOVERED_A_NEW_TERM
2019-10-11 10:08:29,828 [fd0f34a3-07b1-4956-8232-be1a3f5e6261@group-B531619340A9:LeaderElection13] INFO  impl.RoleInfo (RoleInfo.java:shutdownLeaderElection(134)) - fd0f34a3-07b1-4956-8232-be1a3f5e6261: shutdown LeaderElection
2019-10-11 10:08:29,830 [fd0f34a3-07b1-4956-8232-be1a3f5e6261@group-B531619340A9:LeaderElection13] INFO  impl.RoleInfo (RoleInfo.java:updateAndGet(143)) - fd0f34a3-07b1-4956-8232-be1a3f5e6261: start FollowerState
2019-10-11 10:08:29,835 [grpc-default-executor-2] INFO  impl.RaftServerImpl (ServerState.java:setRaftConf(354)) - fd0f34a3-07b1-4956-8232-be1a3f5e6261@group-A39EDD5CFBEB: set configuration 0: [2a3896bf-c579-4beb-9043-be047c7720ce:192.168.164.221:35466, c72dbeab-b6e2-48b8-b87b-77765a61575f:192.168.164.221:45506, fd0f34a3-07b1-4956-8232-be1a3f5e6261:192.168.164.221:42219], old=null at 0
2019-10-11 10:08:29,835 [grpc-default-executor-4] INFO  impl.RaftServerImpl (ServerState.java:setRaftConf(354)) - c72dbeab-b6e2-48b8-b87b-77765a61575f@group-A39EDD5CFBEB: set configuration 0: [2a3896bf-c579-4beb-9043-be047c7720ce:192.168.164.221:35466, c72dbeab-b6e2-48b8-b87b-77765a61575f:192.168.164.221:45506, fd0f34a3-07b1-4956-8232-be1a3f5e6261:192.168.164.221:42219], old=null at 0
2019-10-11 10:08:29,835 [grpc-default-executor-2] INFO  segmented.SegmentedRaftLogWorker (SegmentedRaftLogWorker.java:startLogSegment(380)) - fd0f34a3-07b1-4956-8232-be1a3f5e6261@group-A39EDD5CFBEB-SegmentedRaftLogWorker: Starting segment from index:0
2019-10-11 10:08:29,835 [grpc-default-executor-4] INFO  segmented.SegmentedRaftLogWorker (SegmentedRaftLogWorker.java:startLogSegment(380)) - c72dbeab-b6e2-48b8-b87b-77765a61575f@group-A39EDD5CFBEB-SegmentedRaftLogWorker: Starting segment from index:0
2019-10-11 10:08:29,884 [c72dbeab-b6e2-48b8-b87b-77765a61575f@group-A39EDD5CFBEB-SegmentedRaftLogWorker] INFO  segmented.SegmentedRaftLogWorker (SegmentedRaftLogWorker.java:execute(569)) - c72dbeab-b6e2-48b8-b87b-77765a61575f@group-A39EDD5CFBEB-SegmentedRaftLogWorker: created new log segment /workdir/hadoop-ozone/integration-test/target/test-dir/MiniOzoneClusterImpl-cc3d3d95-e844-4504-baa9-60eb8f0888b1/datanode-1/data/ratis/ceb2df2c-bb30-4c07-9f0e-a39edd5cfbeb/current/log_inprogress_0
2019-10-11 10:08:29,884 [fd0f34a3-07b1-4956-8232-be1a3f5e6261@group-A39EDD5CFBEB-SegmentedRaftLogWorker] INFO  segmented.SegmentedRaftLogWorker (SegmentedRaftLogWorker.java:execute(569)) - fd0f34a3-07b1-4956-8232-be1a3f5e6261@group-A39EDD5CFBEB-SegmentedRaftLogWorker: created new log segment /workdir/hadoop-ozone/integration-test/target/test-dir/MiniOzoneClusterImpl-cc3d3d95-e844-4504-baa9-60eb8f0888b1/datanode-5/data/ratis/ceb2df2c-bb30-4c07-9f0e-a39edd5cfbeb/current/log_inprogress_0
2019-10-11 10:08:34,850 [Thread-372] INFO  impl.FollowerState (FollowerState.java:run(106)) - 2a3896bf-c579-4beb-9043-be047c7720ce:group-B531619340A9 changes to CANDIDATE, lastRpcTime:5115, electionTimeout:5112ms
2019-10-11 10:08:34,850 [Thread-372] INFO  impl.RoleInfo (RoleInfo.java:shutdownFollowerState(121)) - 2a3896bf-c579-4beb-9043-be047c7720ce: shutdown FollowerState
2019-10-11 10:08:34,850 [Thread-372] INFO  impl.RaftServerImpl (RaftServerImpl.java:setRole(174)) - 2a3896bf-c579-4beb-9043-be047c7720ce@group-B531619340A9: changes role from  FOLLOWER to CANDIDATE at term 1 for changeToCandidate
2019-10-11 10:08:34,858 [Thread-372] INFO  impl.RoleInfo (RoleInfo.java:updateAndGet(143)) - 2a3896bf-c579-4beb-9043-be047c7720ce: start LeaderElection
2019-10-11 10:08:34,892 [2a3896bf-c579-4beb-9043-be047c7720ce@group-B531619340A9:LeaderElection16] INFO  impl.LeaderElection (LeaderElection.java:askForVotes(182)) - 2a3896bf-c579-4beb-9043-be047c7720ce@group-B531619340A9:LeaderElection16: begin an election at term 2 for -1: [2a3896bf-c579-4beb-9043-be047c7720ce:192.168.164.221:35466, c72dbeab-b6e2-48b8-b87b-77765a61575f:192.168.164.221:45506, fd0f34a3-07b1-4956-8232-be1a3f5e6261:192.168.164.221:42219], old=null
2019-10-11 10:08:34,897 [grpc-default-executor-4] INFO  impl.RaftServerImpl (RaftServerImpl.java:setRole(174)) - fd0f34a3-07b1-4956-8232-be1a3f5e6261@group-B531619340A9: changes role from  FOLLOWER to FOLLOWER at term 2 for recognizeCandidate:2a3896bf-c579-4beb-9043-be047c7720ce
2019-10-11 10:08:34,897 [grpc-default-executor-2] INFO  impl.RaftServerImpl (RaftServerImpl.java:setRole(174)) - c72dbeab-b6e2-48b8-b87b-77765a61575f@group-B531619340A9: changes role from  FOLLOWER to FOLLOWER at term 2 for recognizeCandidate:2a3896bf-c579-4beb-9043-be047c7720ce
2019-10-11 10:08:34,897 [grpc-default-executor-4] INFO  impl.RoleInfo (RoleInfo.java:shutdownFollowerState(121)) - fd0f34a3-07b1-4956-8232-be1a3f5e6261: shutdown FollowerState
2019-10-11 10:08:34,897 [grpc-default-executor-2] INFO  impl.RoleInfo (RoleInfo.java:shutdownFollowerState(121)) - c72dbeab-b6e2-48b8-b87b-77765a61575f: shutdown FollowerState
2019-10-11 10:08:34,905 [grpc-default-executor-2] INFO  impl.RoleInfo (RoleInfo.java:updateAndGet(143)) - c72dbeab-b6e2-48b8-b87b-77765a61575f: start FollowerState
2019-10-11 10:08:34,906 [Thread-376] INFO  impl.FollowerState (FollowerState.java:run(115)) - c72dbeab-b6e2-48b8-b87b-77765a61575f: FollowerState was interrupted: java.lang.InterruptedException: sleep interrupted
2019-10-11 10:08:34,905 [Thread-382] INFO  impl.FollowerState (FollowerState.java:run(115)) - fd0f34a3-07b1-4956-8232-be1a3f5e6261: FollowerState was interrupted: java.lang.InterruptedException: sleep interrupted
2019-10-11 10:08:34,905 [grpc-default-executor-4] INFO  impl.RoleInfo (RoleInfo.java:updateAndGet(143)) - fd0f34a3-07b1-4956-8232-be1a3f5e6261: start FollowerState
2019-10-11 10:08:34,970 [2a3896bf-c579-4beb-9043-be047c7720ce@group-B531619340A9:LeaderElection16] INFO  impl.LeaderElection (LeaderElection.java:logAndReturn(56)) - 2a3896bf-c579-4beb-9043-be047c7720ce@group-B531619340A9:LeaderElection16: Election PASSED; received 1 response(s) [2a3896bf-c579-4beb-9043-be047c7720ce<-c72dbeab-b6e2-48b8-b87b-77765a61575f#0:OK-t2] and 0 exception(s); 2a3896bf-c579-4beb-9043-be047c7720ce@group-B531619340A9:t2, leader=null, voted=2a3896bf-c579-4beb-9043-be047c7720ce, raftlog=2a3896bf-c579-4beb-9043-be047c7720ce@group-B531619340A9-SegmentedRaftLog:OPENED:c-1,f-1,i0, conf=-1: [2a3896bf-c579-4beb-9043-be047c7720ce:192.168.164.221:35466, c72dbeab-b6e2-48b8-b87b-77765a61575f:192.168.164.221:45506, fd0f34a3-07b1-4956-8232-be1a3f5e6261:192.168.164.221:42219], old=null
2019-10-11 10:08:34,971 [2a3896bf-c579-4beb-9043-be047c7720ce@group-B531619340A9:LeaderElection16] INFO  impl.RoleInfo (RoleInfo.java:shutdownLeaderElection(134)) - 2a3896bf-c579-4beb-9043-be047c7720ce: shutdown LeaderElection
2019-10-11 10:08:34,972 [2a3896bf-c579-4beb-9043-be047c7720ce@group-B531619340A9:LeaderElection16] INFO  impl.RaftServerImpl (RaftServerImpl.java:setRole(174)) - 2a3896bf-c579-4beb-9043-be047c7720ce@group-B531619340A9: changes role from CANDIDATE to LEADER at term 2 for changeToLeader
2019-10-11 10:08:34,973 [2a3896bf-c579-4beb-9043-be047c7720ce@group-B531619340A9:LeaderElection16] INFO  impl.RaftServerImpl (ServerState.java:setLeader(253)) - 2a3896bf-c579-4beb-9043-be047c7720ce@group-B531619340A9: change Leader from null to 2a3896bf-c579-4beb-9043-be047c7720ce at term 2 for becomeLeader, leader elected after 10519ms
2019-10-11 10:08:34,973 [2a3896bf-c579-4beb-9043-be047c7720ce@group-B531619340A9:LeaderElection16] INFO  server.RaftServerConfigKeys (ConfUtils.java:logGet(43)) - raft.server.staging.catchup.gap = 1000 (default)
2019-10-11 10:08:34,973 [2a3896bf-c579-4beb-9043-be047c7720ce@group-B531619340A9:LeaderElection16] INFO  server.RaftServerConfigKeys (ConfUtils.java:logGet(43)) - raft.server.rpc.sleep.time = 25ms (default)
2019-10-11 10:08:34,973 [2a3896bf-c579-4beb-9043-be047c7720ce@group-B531619340A9:LeaderElection16] INFO  server.RaftServerConfigKeys (ConfUtils.java:logGet(43)) - raft.server.write.element-limit = 4096 (default)
2019-10-11 10:08:34,974 [2a3896bf-c579-4beb-9043-be047c7720ce@group-B531619340A9:LeaderElection16] INFO  server.RaftServerConfigKeys (ConfUtils.java:logGet(43)) - raft.server.watch.timeout = 10s (default)
2019-10-11 10:08:34,974 [2a3896bf-c579-4beb-9043-be047c7720ce@group-B531619340A9:LeaderElection16] INFO  server.RaftServerConfigKeys (ConfUtils.java:logGet(43)) - raft.server.watch.timeout.denomination = 1s (default)
2019-10-11 10:08:34,974 [2a3896bf-c579-4beb-9043-be047c7720ce@group-B531619340A9:LeaderElection16] INFO  server.RaftServerConfigKeys (ConfUtils.java:logGet(43)) - raft.server.watch.element-limit = 65536 (default)
2019-10-11 10:08:34,991 [2a3896bf-c579-4beb-9043-be047c7720ce@group-B531619340A9:LeaderElection16] INFO  server.RaftServerConfigKeys (ConfUtils.java:logGet(43)) - raft.server.log.appender.snapshot.chunk.size.max = 16MB (=16777216) (default)
2019-10-11 10:08:34,993 [2a3896bf-c579-4beb-9043-be047c7720ce@group-B531619340A9:LeaderElection16] INFO  server.RaftServerConfigKeys (ConfUtils.java:logGet(43)) - raft.server.log.appender.buffer.byte-limit = 33554432 (custom)
2019-10-11 10:08:34,993 [2a3896bf-c579-4beb-9043-be047c7720ce@group-B531619340A9:LeaderElection16] INFO  server.RaftServerConfigKeys (ConfUtils.java:logGet(43)) - raft.server.log.appender.buffer.element-limit = 1 (custom)
2019-10-11 10:08:34,994 [2a3896bf-c579-4beb-9043-be047c7720ce@group-B531619340A9:LeaderElection16] INFO  grpc.GrpcConfigKeys$Server (ConfUtils.java:logGet(43)) - raft.grpc.server.leader.outstanding.appends.max = 128 (default)
2019-10-11 10:08:34,994 [2a3896bf-c579-4beb-9043-be047c7720ce@group-B531619340A9:LeaderElection16] INFO  server.RaftServerConfigKeys (ConfUtils.java:logGet(43)) - raft.server.rpc.request.timeout = 3000ms (default)
2019-10-11 10:08:34,994 [2a3896bf-c579-4beb-9043-be047c7720ce@group-B531619340A9:LeaderElection16] INFO  server.RaftServerConfigKeys (ConfUtils.java:logGet(43)) - raft.server.log.appender.install.snapshot.enabled = false (custom)
2019-10-11 10:08:34,995 [2a3896bf-c579-4beb-9043-be047c7720ce@group-B531619340A9:LeaderElection16] INFO  server.RaftServerConfigKeys (ConfUtils.java:logGet(43)) - raft.server.log.appender.snapshot.chunk.size.max = 16MB (=16777216) (default)
2019-10-11 10:08:34,995 [2a3896bf-c579-4beb-9043-be047c7720ce@group-B531619340A9:LeaderElection16] INFO  server.RaftServerConfigKeys (ConfUtils.java:logGet(43)) - raft.server.log.appender.buffer.byte-limit = 33554432 (custom)
2019-10-11 10:08:34,995 [2a3896bf-c579-4beb-9043-be047c7720ce@group-B531619340A9:LeaderElection16] INFO  server.RaftServerConfigKeys (ConfUtils.java:logGet(43)) - raft.server.log.appender.buffer.element-limit = 1 (custom)
2019-10-11 10:08:34,995 [2a3896bf-c579-4beb-9043-be047c7720ce@group-B531619340A9:LeaderElection16] INFO  grpc.GrpcConfigKeys$Server (ConfUtils.java:logGet(43)) - raft.grpc.server.leader.outstanding.appends.max = 128 (default)
2019-10-11 10:08:34,996 [2a3896bf-c579-4beb-9043-be047c7720ce@group-B531619340A9:LeaderElection16] INFO  server.RaftServerConfigKeys (ConfUtils.java:logGet(43)) - raft.server.rpc.request.timeout = 3000ms (default)
2019-10-11 10:08:34,996 [2a3896bf-c579-4beb-9043-be047c7720ce@group-B531619340A9:LeaderElection16] INFO  server.RaftServerConfigKeys (ConfUtils.java:logGet(43)) - raft.server.log.appender.install.snapshot.enabled = false (custom)
2019-10-11 10:08:34,996 [2a3896bf-c579-4beb-9043-be047c7720ce@group-B531619340A9:LeaderElection16] INFO  impl.RoleInfo (RoleInfo.java:updateAndGet(143)) - 2a3896bf-c579-4beb-9043-be047c7720ce: start LeaderState
2019-10-11 10:08:34,996 [2a3896bf-c579-4beb-9043-be047c7720ce@group-B531619340A9:LeaderElection16] INFO  segmented.SegmentedRaftLogWorker (SegmentedRaftLogWorker.java:startLogSegment(380)) - 2a3896bf-c579-4beb-9043-be047c7720ce@group-B531619340A9-SegmentedRaftLogWorker: Starting segment from index:0
2019-10-11 10:08:34,997 [2a3896bf-c579-4beb-9043-be047c7720ce@group-B531619340A9:LeaderElection16] INFO  impl.RaftServerImpl (ServerState.java:setRaftConf(354)) - 2a3896bf-c579-4beb-9043-be047c7720ce@group-B531619340A9: set configuration 0: [2a3896bf-c579-4beb-9043-be047c7720ce:192.168.164.221:35466, c72dbeab-b6e2-48b8-b87b-77765a61575f:192.168.164.221:45506, fd0f34a3-07b1-4956-8232-be1a3f5e6261:192.168.164.221:42219], old=null at 0
2019-10-11 10:08:35,026 [grpc-default-executor-2] INFO  impl.RaftServerImpl (ServerState.java:setLeader(253)) - c72dbeab-b6e2-48b8-b87b-77765a61575f@group-B531619340A9: change Leader from null to 2a3896bf-c579-4beb-9043-be047c7720ce at term 2 for appendEntries, leader elected after 10573ms
2019-10-11 10:08:35,026 [grpc-default-executor-4] INFO  impl.RaftServerImpl (ServerState.java:setLeader(253)) - fd0f34a3-07b1-4956-8232-be1a3f5e6261@group-B531619340A9: change Leader from null to 2a3896bf-c579-4beb-9043-be047c7720ce at term 2 for appendEntries, leader elected after 10573ms
2019-10-11 10:08:35,032 [grpc-default-executor-2] INFO  impl.RaftServerImpl (ServerState.java:setRaftConf(354)) - c72dbeab-b6e2-48b8-b87b-77765a61575f@group-B531619340A9: set configuration 0: [2a3896bf-c579-4beb-9043-be047c7720ce:192.168.164.221:35466, c72dbeab-b6e2-48b8-b87b-77765a61575f:192.168.164.221:45506, fd0f34a3-07b1-4956-8232-be1a3f5e6261:192.168.164.221:42219], old=null at 0
2019-10-11 10:08:35,032 [grpc-default-executor-2] INFO  segmented.SegmentedRaftLogWorker (SegmentedRaftLogWorker.java:startLogSegment(380)) - c72dbeab-b6e2-48b8-b87b-77765a61575f@group-B531619340A9-SegmentedRaftLogWorker: Starting segment from index:0
2019-10-11 10:08:35,032 [grpc-default-executor-4] INFO  impl.RaftServerImpl (ServerState.java:setRaftConf(354)) - fd0f34a3-07b1-4956-8232-be1a3f5e6261@group-B531619340A9: set configuration 0: [2a3896bf-c579-4beb-9043-be047c7720ce:192.168.164.221:35466, c72dbeab-b6e2-48b8-b87b-77765a61575f:192.168.164.221:45506, fd0f34a3-07b1-4956-8232-be1a3f5e6261:192.168.164.221:42219], old=null at 0
2019-10-11 10:08:35,033 [grpc-default-executor-4] INFO  segmented.SegmentedRaftLogWorker (SegmentedRaftLogWorker.java:startLogSegment(380)) - fd0f34a3-07b1-4956-8232-be1a3f5e6261@group-B531619340A9-SegmentedRaftLogWorker: Starting segment from index:0
2019-10-11 10:08:35,063 [2a3896bf-c579-4beb-9043-be047c7720ce@group-B531619340A9-SegmentedRaftLogWorker] INFO  segmented.SegmentedRaftLogWorker (SegmentedRaftLogWorker.java:execute(569)) - 2a3896bf-c579-4beb-9043-be047c7720ce@group-B531619340A9-SegmentedRaftLogWorker: created new log segment /workdir/hadoop-ozone/integration-test/target/test-dir/MiniOzoneClusterImpl-cc3d3d95-e844-4504-baa9-60eb8f0888b1/datanode-4/data/ratis/94bc79bd-764d-448b-b21e-b531619340a9/current/log_inprogress_0
2019-10-11 10:08:35,081 [c72dbeab-b6e2-48b8-b87b-77765a61575f@group-B531619340A9-SegmentedRaftLogWorker] INFO  segmented.SegmentedRaftLogWorker (SegmentedRaftLogWorker.java:execute(569)) - c72dbeab-b6e2-48b8-b87b-77765a61575f@group-B531619340A9-SegmentedRaftLogWorker: created new log segment /workdir/hadoop-ozone/integration-test/target/test-dir/MiniOzoneClusterImpl-cc3d3d95-e844-4504-baa9-60eb8f0888b1/datanode-1/data/ratis/94bc79bd-764d-448b-b21e-b531619340a9/current/log_inprogress_0
2019-10-11 10:08:35,098 [fd0f34a3-07b1-4956-8232-be1a3f5e6261@group-B531619340A9-SegmentedRaftLogWorker] INFO  segmented.SegmentedRaftLogWorker (SegmentedRaftLogWorker.java:execute(569)) - fd0f34a3-07b1-4956-8232-be1a3f5e6261@group-B531619340A9-SegmentedRaftLogWorker: created new log segment /workdir/hadoop-ozone/integration-test/target/test-dir/MiniOzoneClusterImpl-cc3d3d95-e844-4504-baa9-60eb8f0888b1/datanode-5/data/ratis/94bc79bd-764d-448b-b21e-b531619340a9/current/log_inprogress_0
2019-10-11 10:08:37,879 [main] WARN  scm.XceiverClientRatis (XceiverClientRatis.java:watchForCommit(292)) - 3 way commit failed on pipeline Pipeline[ Id: 94bc79bd-764d-448b-b21e-b531619340a9, Nodes: c72dbeab-b6e2-48b8-b87b-77765a61575f{ip: 192.168.164.221, host: pr-hdds-1569-wxwzw-598427175, networkLocation: /default-rack, certSerialId: null}fd0f34a3-07b1-4956-8232-be1a3f5e6261{ip: 192.168.164.221, host: pr-hdds-1569-wxwzw-598427175, networkLocation: /default-rack, certSerialId: null}2a3896bf-c579-4beb-9043-be047c7720ce{ip: 192.168.164.221, host: pr-hdds-1569-wxwzw-598427175, networkLocation: /default-rack, certSerialId: null}, Type:RATIS, Factor:THREE, State:OPEN]
java.util.concurrent.TimeoutException
	at java.util.concurrent.CompletableFuture.timedGet(CompletableFuture.java:1771)
	at java.util.concurrent.CompletableFuture.get(CompletableFuture.java:1915)
	at org.apache.hadoop.hdds.scm.XceiverClientRatis.watchForCommit(XceiverClientRatis.java:289)
	at org.apache.hadoop.hdds.scm.storage.CommitWatcher.watchForCommit(CommitWatcher.java:194)
	at org.apache.hadoop.hdds.scm.storage.CommitWatcher.watchOnLastIndex(CommitWatcher.java:157)
	at org.apache.hadoop.hdds.scm.storage.BlockOutputStream.watchForCommit(BlockOutputStream.java:347)
	at org.apache.hadoop.hdds.scm.storage.BlockOutputStream.handleFlush(BlockOutputStream.java:479)
	at org.apache.hadoop.hdds.scm.storage.BlockOutputStream.flush(BlockOutputStream.java:428)
	at org.apache.hadoop.ozone.client.io.BlockOutputStreamEntry.flush(BlockOutputStreamEntry.java:136)
	at org.apache.hadoop.ozone.client.io.KeyOutputStream.handleFlushOrClose(KeyOutputStream.java:443)
	at org.apache.hadoop.ozone.client.io.KeyOutputStream.flush(KeyOutputStream.java:397)
	at org.apache.hadoop.ozone.client.io.OzoneOutputStream.flush(OzoneOutputStream.java:54)
	at org.apache.hadoop.ozone.client.rpc.TestBlockOutputStreamWithFailures.test2DatanodesFailure(TestBlockOutputStreamWithFailures.java:464)
	at sun.reflect.NativeMethodAccessorImpl.invoke0(Native Method)
	at sun.reflect.NativeMethodAccessorImpl.invoke(NativeMethodAccessorImpl.java:62)
	at sun.reflect.DelegatingMethodAccessorImpl.invoke(DelegatingMethodAccessorImpl.java:43)
	at java.lang.reflect.Method.invoke(Method.java:498)
	at org.junit.runners.model.FrameworkMethod$1.runReflectiveCall(FrameworkMethod.java:47)
	at org.junit.internal.runners.model.ReflectiveCallable.run(ReflectiveCallable.java:12)
	at org.junit.runners.model.FrameworkMethod.invokeExplosively(FrameworkMethod.java:44)
	at org.junit.internal.runners.statements.InvokeMethod.evaluate(InvokeMethod.java:17)
	at org.junit.internal.runners.statements.RunBefores.evaluate(RunBefores.java:26)
	at org.junit.internal.runners.statements.RunAfters.evaluate(RunAfters.java:27)
	at org.junit.runners.ParentRunner.runLeaf(ParentRunner.java:271)
	at org.junit.runners.BlockJUnit4ClassRunner.runChild(BlockJUnit4ClassRunner.java:70)
	at org.junit.runners.BlockJUnit4ClassRunner.runChild(BlockJUnit4ClassRunner.java:50)
	at org.junit.runners.ParentRunner$3.run(ParentRunner.java:238)
	at org.junit.runners.ParentRunner$1.schedule(ParentRunner.java:63)
	at org.junit.runners.ParentRunner.runChildren(ParentRunner.java:236)
	at org.junit.runners.ParentRunner.access$000(ParentRunner.java:53)
	at org.junit.runners.ParentRunner$2.evaluate(ParentRunner.java:229)
	at org.junit.runners.ParentRunner.run(ParentRunner.java:309)
	at org.apache.maven.surefire.junit4.JUnit4Provider.execute(JUnit4Provider.java:365)
	at org.apache.maven.surefire.junit4.JUnit4Provider.executeWithRerun(JUnit4Provider.java:273)
	at org.apache.maven.surefire.junit4.JUnit4Provider.executeTestSet(JUnit4Provider.java:238)
	at org.apache.maven.surefire.junit4.JUnit4Provider.invoke(JUnit4Provider.java:159)
	at org.apache.maven.surefire.booter.ForkedBooter.invokeProviderInSameClassLoader(ForkedBooter.java:384)
	at org.apache.maven.surefire.booter.ForkedBooter.runSuitesInProcess(ForkedBooter.java:345)
	at org.apache.maven.surefire.booter.ForkedBooter.execute(ForkedBooter.java:126)
	at org.apache.maven.surefire.booter.ForkedBooter.main(ForkedBooter.java:418)
2019-10-11 10:08:38,882 [main] WARN  storage.CommitWatcher (CommitWatcher.java:watchForCommit(203)) - watchForCommit failed for index 14
java.util.concurrent.TimeoutException
	at java.util.concurrent.CompletableFuture.timedGet(CompletableFuture.java:1771)
	at java.util.concurrent.CompletableFuture.get(CompletableFuture.java:1915)
	at org.apache.hadoop.hdds.scm.XceiverClientRatis.watchForCommit(XceiverClientRatis.java:298)
	at org.apache.hadoop.hdds.scm.storage.CommitWatcher.watchForCommit(CommitWatcher.java:194)
	at org.apache.hadoop.hdds.scm.storage.CommitWatcher.watchOnLastIndex(CommitWatcher.java:157)
	at org.apache.hadoop.hdds.scm.storage.BlockOutputStream.watchForCommit(BlockOutputStream.java:347)
	at org.apache.hadoop.hdds.scm.storage.BlockOutputStream.handleFlush(BlockOutputStream.java:479)
	at org.apache.hadoop.hdds.scm.storage.BlockOutputStream.flush(BlockOutputStream.java:428)
	at org.apache.hadoop.ozone.client.io.BlockOutputStreamEntry.flush(BlockOutputStreamEntry.java:136)
	at org.apache.hadoop.ozone.client.io.KeyOutputStream.handleFlushOrClose(KeyOutputStream.java:443)
	at org.apache.hadoop.ozone.client.io.KeyOutputStream.flush(KeyOutputStream.java:397)
	at org.apache.hadoop.ozone.client.io.OzoneOutputStream.flush(OzoneOutputStream.java:54)
	at org.apache.hadoop.ozone.client.rpc.TestBlockOutputStreamWithFailures.test2DatanodesFailure(TestBlockOutputStreamWithFailures.java:464)
	at sun.reflect.NativeMethodAccessorImpl.invoke0(Native Method)
	at sun.reflect.NativeMethodAccessorImpl.invoke(NativeMethodAccessorImpl.java:62)
	at sun.reflect.DelegatingMethodAccessorImpl.invoke(DelegatingMethodAccessorImpl.java:43)
	at java.lang.reflect.Method.invoke(Method.java:498)
	at org.junit.runners.model.FrameworkMethod$1.runReflectiveCall(FrameworkMethod.java:47)
	at org.junit.internal.runners.model.ReflectiveCallable.run(ReflectiveCallable.java:12)
	at org.junit.runners.model.FrameworkMethod.invokeExplosively(FrameworkMethod.java:44)
	at org.junit.internal.runners.statements.InvokeMethod.evaluate(InvokeMethod.java:17)
	at org.junit.internal.runners.statements.RunBefores.evaluate(RunBefores.java:26)
	at org.junit.internal.runners.statements.RunAfters.evaluate(RunAfters.java:27)
	at org.junit.runners.ParentRunner.runLeaf(ParentRunner.java:271)
	at org.junit.runners.BlockJUnit4ClassRunner.runChild(BlockJUnit4ClassRunner.java:70)
	at org.junit.runners.BlockJUnit4ClassRunner.runChild(BlockJUnit4ClassRunner.java:50)
	at org.junit.runners.ParentRunner$3.run(ParentRunner.java:238)
	at org.junit.runners.ParentRunner$1.schedule(ParentRunner.java:63)
	at org.junit.runners.ParentRunner.runChildren(ParentRunner.java:236)
	at org.junit.runners.ParentRunner.access$000(ParentRunner.java:53)
	at org.junit.runners.ParentRunner$2.evaluate(ParentRunner.java:229)
	at org.junit.runners.ParentRunner.run(ParentRunner.java:309)
	at org.apache.maven.surefire.junit4.JUnit4Provider.execute(JUnit4Provider.java:365)
	at org.apache.maven.surefire.junit4.JUnit4Provider.executeWithRerun(JUnit4Provider.java:273)
	at org.apache.maven.surefire.junit4.JUnit4Provider.executeTestSet(JUnit4Provider.java:238)
	at org.apache.maven.surefire.junit4.JUnit4Provider.invoke(JUnit4Provider.java:159)
	at org.apache.maven.surefire.booter.ForkedBooter.invokeProviderInSameClassLoader(ForkedBooter.java:384)
	at org.apache.maven.surefire.booter.ForkedBooter.runSuitesInProcess(ForkedBooter.java:345)
	at org.apache.maven.surefire.booter.ForkedBooter.execute(ForkedBooter.java:126)
	at org.apache.maven.surefire.booter.ForkedBooter.main(ForkedBooter.java:418)
2019-10-11 10:08:38,885 [main] WARN  io.KeyOutputStream (KeyOutputStream.java:handleException(274)) - Encountered exception java.io.IOException: Unexpected Storage Container Exception: java.io.IOException: Unexpected Storage Container Exception: java.util.concurrent.TimeoutException on the pipeline Pipeline[ Id: 94bc79bd-764d-448b-b21e-b531619340a9, Nodes: c72dbeab-b6e2-48b8-b87b-77765a61575f{ip: 192.168.164.221, host: pr-hdds-1569-wxwzw-598427175, networkLocation: /default-rack, certSerialId: null}fd0f34a3-07b1-4956-8232-be1a3f5e6261{ip: 192.168.164.221, host: pr-hdds-1569-wxwzw-598427175, networkLocation: /default-rack, certSerialId: null}2a3896bf-c579-4beb-9043-be047c7720ce{ip: 192.168.164.221, host: pr-hdds-1569-wxwzw-598427175, networkLocation: /default-rack, certSerialId: null}, Type:RATIS, Factor:THREE, State:OPEN]. The last committed block length is 400, uncommitted data length is 50 retry count 0
2019-10-11 10:08:39,335 [main] INFO  ozone.MiniOzoneClusterImpl (MiniOzoneClusterImpl.java:shutdown(314)) - Shutting down the Mini Ozone Cluster
2019-10-11 10:08:39,336 [main] INFO  ozone.MiniOzoneClusterImpl (MiniOzoneClusterImpl.java:stop(330)) - Stopping the Mini Ozone Cluster
2019-10-11 10:08:39,336 [main] INFO  ozone.MiniOzoneClusterImpl (MiniOzoneClusterImpl.java:stopOM(400)) - Stopping the OzoneManager
2019-10-11 10:08:39,336 [main] INFO  ipc.Server (Server.java:stop(3082)) - Stopping server on 43451
2019-10-11 10:08:39,360 [IPC Server listener on 43451] INFO  ipc.Server (Server.java:run(1185)) - Stopping IPC Server listener on 43451
2019-10-11 10:08:39,365 [IPC Server Responder] INFO  ipc.Server (Server.java:run(1319)) - Stopping IPC Server Responder
2019-10-11 10:08:39,364 [main] INFO  ratis.OzoneManagerDoubleBuffer (OzoneManagerDoubleBuffer.java:stop(248)) - Stopping OMDoubleBuffer flush thread
2019-10-11 10:08:39,376 [OMDoubleBufferFlushThread] INFO  ratis.OzoneManagerDoubleBuffer (OzoneManagerDoubleBuffer.java:flushTransactions(191)) - OMDoubleBuffer flush thread OMDoubleBufferFlushThread is interrupted and will exit. OMDoubleBufferFlushThread
2019-10-11 10:08:39,382 [main] INFO  utils.BackgroundService (BackgroundService.java:shutdown(148)) - Shutting down service KeyDeletingService
2019-10-11 10:08:39,390 [main] INFO  handler.ContextHandler (ContextHandler.java:doStop(910)) - Stopped o.e.j.w.WebAppContext@415156bf{/,null,UNAVAILABLE}{/ozoneManager}
2019-10-11 10:08:39,396 [main] INFO  server.AbstractConnector (AbstractConnector.java:doStop(318)) - Stopped ServerConnector@393881f0{HTTP/1.1,[http/1.1]}{0.0.0.0:0}
2019-10-11 10:08:39,397 [main] INFO  handler.ContextHandler (ContextHandler.java:doStop(910)) - Stopped o.e.j.s.ServletContextHandler@3a627c80{/static,file:///workdir/hadoop-ozone/integration-test/target/test-classes/webapps/static,UNAVAILABLE}
2019-10-11 10:08:39,397 [main] INFO  handler.ContextHandler (ContextHandler.java:doStop(910)) - Stopped o.e.j.s.ServletContextHandler@20ed3303{/logs,file:///workdir/hadoop-ozone/integration-test/target/log,UNAVAILABLE}
2019-10-11 10:08:39,402 [main] INFO  ozone.MiniOzoneClusterImpl (MiniOzoneClusterImpl.java:stopDatanodes(377)) - Stopping the HddsDatanodes
2019-10-11 10:08:40,329 [Datanode State Machine Thread - 0] INFO  statemachine.DatanodeStateMachine (DatanodeStateMachine.java:lambda$startDaemon$0(350)) - Ozone container server started.
2019-10-11 10:08:40,352 [Datanode State Machine Thread - 0] INFO  statemachine.DatanodeStateMachine (DatanodeStateMachine.java:lambda$startDaemon$0(350)) - Ozone container server started.
2019-10-11 10:08:44,345 [EventQueue-StaleNodeForStaleNodeHandler] INFO  node.StaleNodeHandler (StaleNodeHandler.java:onMessage(58)) - Datanode 2a3896bf-c579-4beb-9043-be047c7720ce{ip: 192.168.164.221, host: pr-hdds-1569-wxwzw-598427175, networkLocation: /default-rack, certSerialId: null} moved to stale state. Finalizing its pipelines [PipelineID=94bc79bd-764d-448b-b21e-b531619340a9, PipelineID=ae34c7e8-7c4f-4f30-9c8f-c12cab3d83d8, PipelineID=ceb2df2c-bb30-4c07-9f0e-a39edd5cfbeb]
2019-10-11 10:08:44,346 [EventQueue-StaleNodeForStaleNodeHandler] INFO  pipeline.SCMPipelineManager (SCMPipelineManager.java:finalizeAndDestroyPipeline(342)) - destroying pipeline:Pipeline[ Id: 94bc79bd-764d-448b-b21e-b531619340a9, Nodes: c72dbeab-b6e2-48b8-b87b-77765a61575f{ip: 192.168.164.221, host: pr-hdds-1569-wxwzw-598427175, networkLocation: /default-rack, certSerialId: null}fd0f34a3-07b1-4956-8232-be1a3f5e6261{ip: 192.168.164.221, host: pr-hdds-1569-wxwzw-598427175, networkLocation: /default-rack, certSerialId: null}2a3896bf-c579-4beb-9043-be047c7720ce{ip: 192.168.164.221, host: pr-hdds-1569-wxwzw-598427175, networkLocation: /default-rack, certSerialId: null}, Type:RATIS, Factor:THREE, State:OPEN]
2019-10-11 10:08:44,348 [EventQueue-StaleNodeForStaleNodeHandler] INFO  pipeline.PipelineStateManager (PipelineStateManager.java:finalizePipeline(123)) - Pipeline Pipeline[ Id: 94bc79bd-764d-448b-b21e-b531619340a9, Nodes: c72dbeab-b6e2-48b8-b87b-77765a61575f{ip: 192.168.164.221, host: pr-hdds-1569-wxwzw-598427175, networkLocation: /default-rack, certSerialId: null}fd0f34a3-07b1-4956-8232-be1a3f5e6261{ip: 192.168.164.221, host: pr-hdds-1569-wxwzw-598427175, networkLocation: /default-rack, certSerialId: null}2a3896bf-c579-4beb-9043-be047c7720ce{ip: 192.168.164.221, host: pr-hdds-1569-wxwzw-598427175, networkLocation: /default-rack, certSerialId: null}, Type:RATIS, Factor:THREE, State:CLOSED] moved to CLOSED state
2019-10-11 10:08:44,348 [EventQueue-CloseContainerForCloseContainerEventHandler] INFO  container.CloseContainerEventHandler (CloseContainerEventHandler.java:onMessage(61)) - Close container Event triggered for container : #1
2019-10-11 10:08:44,354 [EventQueue-StaleNodeForStaleNodeHandler] INFO  pipeline.SCMPipelineManager (SCMPipelineManager.java:finalizeAndDestroyPipeline(342)) - destroying pipeline:Pipeline[ Id: ae34c7e8-7c4f-4f30-9c8f-c12cab3d83d8, Nodes: 2a3896bf-c579-4beb-9043-be047c7720ce{ip: 192.168.164.221, host: pr-hdds-1569-wxwzw-598427175, networkLocation: /default-rack, certSerialId: null}, Type:RATIS, Factor:ONE, State:OPEN]
2019-10-11 10:08:44,355 [EventQueue-StaleNodeForStaleNodeHandler] INFO  pipeline.PipelineStateManager (PipelineStateManager.java:finalizePipeline(123)) - Pipeline Pipeline[ Id: ae34c7e8-7c4f-4f30-9c8f-c12cab3d83d8, Nodes: 2a3896bf-c579-4beb-9043-be047c7720ce{ip: 192.168.164.221, host: pr-hdds-1569-wxwzw-598427175, networkLocation: /default-rack, certSerialId: null}, Type:RATIS, Factor:ONE, State:CLOSED] moved to CLOSED state
2019-10-11 10:08:44,355 [EventQueue-StaleNodeForStaleNodeHandler] INFO  pipeline.SCMPipelineManager (SCMPipelineManager.java:finalizeAndDestroyPipeline(342)) - destroying pipeline:Pipeline[ Id: ceb2df2c-bb30-4c07-9f0e-a39edd5cfbeb, Nodes: fd0f34a3-07b1-4956-8232-be1a3f5e6261{ip: 192.168.164.221, host: pr-hdds-1569-wxwzw-598427175, networkLocation: /default-rack, certSerialId: null}c72dbeab-b6e2-48b8-b87b-77765a61575f{ip: 192.168.164.221, host: pr-hdds-1569-wxwzw-598427175, networkLocation: /default-rack, certSerialId: null}2a3896bf-c579-4beb-9043-be047c7720ce{ip: 192.168.164.221, host: pr-hdds-1569-wxwzw-598427175, networkLocation: /default-rack, certSerialId: null}, Type:RATIS, Factor:THREE, State:OPEN]
2019-10-11 10:08:44,356 [EventQueue-StaleNodeForStaleNodeHandler] INFO  pipeline.PipelineStateManager (PipelineStateManager.java:finalizePipeline(123)) - Pipeline Pipeline[ Id: ceb2df2c-bb30-4c07-9f0e-a39edd5cfbeb, Nodes: fd0f34a3-07b1-4956-8232-be1a3f5e6261{ip: 192.168.164.221, host: pr-hdds-1569-wxwzw-598427175, networkLocation: /default-rack, certSerialId: null}c72dbeab-b6e2-48b8-b87b-77765a61575f{ip: 192.168.164.221, host: pr-hdds-1569-wxwzw-598427175, networkLocation: /default-rack, certSerialId: null}2a3896bf-c579-4beb-9043-be047c7720ce{ip: 192.168.164.221, host: pr-hdds-1569-wxwzw-598427175, networkLocation: /default-rack, certSerialId: null}, Type:RATIS, Factor:THREE, State:CLOSED] moved to CLOSED state
2019-10-11 10:08:44,405 [main] INFO  ozoneimpl.OzoneContainer (OzoneContainer.java:stop(231)) - Attempting to stop container services.
2019-10-11 10:08:44,405 [ForkJoinPool.commonPool-worker-1] INFO  ozoneimpl.OzoneContainer (OzoneContainer.java:stop(231)) - Attempting to stop container services.
2019-10-11 10:08:44,411 [ForkJoinPool.commonPool-worker-1] INFO  impl.RaftServerProxy (RaftServerProxy.java:lambda$close$4(314)) - c72dbeab-b6e2-48b8-b87b-77765a61575f: close
2019-10-11 10:08:44,411 [main] INFO  impl.RaftServerProxy (RaftServerProxy.java:lambda$close$4(314)) - 2a3896bf-c579-4beb-9043-be047c7720ce: close
2019-10-11 10:08:44,412 [ForkJoinPool.commonPool-worker-1] INFO  impl.RaftServerImpl (RaftServerImpl.java:lambda$shutdown$3(251)) - c72dbeab-b6e2-48b8-b87b-77765a61575f@group-B531619340A9: shutdown
2019-10-11 10:08:44,412 [main] INFO  impl.RaftServerImpl (RaftServerImpl.java:lambda$shutdown$3(251)) - 2a3896bf-c579-4beb-9043-be047c7720ce@group-B531619340A9: shutdown
2019-10-11 10:08:44,412 [ForkJoinPool.commonPool-worker-1] INFO  util.JmxRegister (JmxRegister.java:unregister(73)) - Successfully un-registered JMX Bean with object name Ratis:service=RaftServer,group=group-B531619340A9,id=c72dbeab-b6e2-48b8-b87b-77765a61575f
2019-10-11 10:08:44,412 [main] INFO  util.JmxRegister (JmxRegister.java:unregister(73)) - Successfully un-registered JMX Bean with object name Ratis:service=RaftServer,group=group-B531619340A9,id=2a3896bf-c579-4beb-9043-be047c7720ce
2019-10-11 10:08:44,412 [ForkJoinPool.commonPool-worker-1] INFO  impl.RoleInfo (RoleInfo.java:shutdownFollowerState(121)) - c72dbeab-b6e2-48b8-b87b-77765a61575f: shutdown FollowerState
2019-10-11 10:08:44,413 [main] INFO  impl.RoleInfo (RoleInfo.java:shutdownLeaderState(104)) - 2a3896bf-c579-4beb-9043-be047c7720ce: shutdown LeaderState
2019-10-11 10:08:44,413 [Thread-406] INFO  impl.FollowerState (FollowerState.java:run(115)) - c72dbeab-b6e2-48b8-b87b-77765a61575f: FollowerState was interrupted: java.lang.InterruptedException: sleep interrupted
2019-10-11 10:08:44,413 [ForkJoinPool.commonPool-worker-1] INFO  impl.StateMachineUpdater (StateMachineUpdater.java:stopAndJoin(125)) - c72dbeab-b6e2-48b8-b87b-77765a61575f@group-B531619340A9-StateMachineUpdater: set stopIndex = 16
2019-10-11 10:08:44,415 [c72dbeab-b6e2-48b8-b87b-77765a61575f@group-B531619340A9-StateMachineUpdater] INFO  ratis.ContainerStateMachine (ContainerStateMachine.java:takeSnapshot(289)) - group-B531619340A9: Taking a snapshot at:(t:2, i:16) file /workdir/hadoop-ozone/integration-test/target/test-dir/MiniOzoneClusterImpl-cc3d3d95-e844-4504-baa9-60eb8f0888b1/datanode-1/data/ratis/94bc79bd-764d-448b-b21e-b531619340a9/sm/snapshot.2_16
2019-10-11 10:08:44,418 [org.apache.ratis.server.impl.LogAppender$AppenderDaemon$$Lambda$497/1438792743@15dbb887] WARN  server.GrpcLogAppender (GrpcLogAppender.java:mayWait(143)) - 2a3896bf-c579-4beb-9043-be047c7720ce@group-B531619340A9->fd0f34a3-07b1-4956-8232-be1a3f5e6261-GrpcLogAppender: Wait interrupted by java.lang.InterruptedException
2019-10-11 10:08:44,418 [main] INFO  impl.PendingRequests (PendingRequests.java:sendNotLeaderResponses(202)) - 2a3896bf-c579-4beb-9043-be047c7720ce-PendingRequests: sendNotLeaderResponses
2019-10-11 10:08:44,418 [org.apache.ratis.server.impl.LogAppender$AppenderDaemon$$Lambda$497/1438792743@2a51bb32] WARN  server.GrpcLogAppender (GrpcLogAppender.java:mayWait(143)) - 2a3896bf-c579-4beb-9043-be047c7720ce@group-B531619340A9->c72dbeab-b6e2-48b8-b87b-77765a61575f-GrpcLogAppender: Wait interrupted by java.lang.InterruptedException
2019-10-11 10:08:44,422 [grpc-default-executor-0] INFO  server.GrpcServerProtocolService (GrpcServerProtocolService.java:onCompleted(113)) - fd0f34a3-07b1-4956-8232-be1a3f5e6261: Completed APPEND_ENTRIES, lastRequest: 2a3896bf-c579-4beb-9043-be047c7720ce->fd0f34a3-07b1-4956-8232-be1a3f5e6261#20-t2, previous=(t:2, i:16), leaderCommit=16, initializing? false, entries: <empty>
2019-10-11 10:08:44,422 [grpc-default-executor-2] INFO  server.GrpcServerProtocolService (GrpcServerProtocolService.java:onCompleted(113)) - c72dbeab-b6e2-48b8-b87b-77765a61575f: Completed APPEND_ENTRIES, lastRequest: 2a3896bf-c579-4beb-9043-be047c7720ce->c72dbeab-b6e2-48b8-b87b-77765a61575f#20-t2, previous=(t:2, i:16), leaderCommit=16, initializing? false, entries: <empty>
2019-10-11 10:08:44,424 [grpc-default-executor-2] INFO  server.GrpcLogAppender (GrpcLogAppender.java:onCompleted(293)) - 2a3896bf-c579-4beb-9043-be047c7720ce@group-B531619340A9->fd0f34a3-07b1-4956-8232-be1a3f5e6261-AppendLogResponseHandler: follower responses appendEntries COMPLETED
2019-10-11 10:08:44,424 [grpc-default-executor-0] INFO  server.GrpcLogAppender (GrpcLogAppender.java:onCompleted(293)) - 2a3896bf-c579-4beb-9043-be047c7720ce@group-B531619340A9->c72dbeab-b6e2-48b8-b87b-77765a61575f-AppendLogResponseHandler: follower responses appendEntries COMPLETED
2019-10-11 10:08:44,430 [2a3896bf-c579-4beb-9043-be047c7720ce@group-B531619340A9-StateMachineUpdater] INFO  ratis.ContainerStateMachine (ContainerStateMachine.java:takeSnapshot(289)) - group-B531619340A9: Taking a snapshot at:(t:2, i:14) file /workdir/hadoop-ozone/integration-test/target/test-dir/MiniOzoneClusterImpl-cc3d3d95-e844-4504-baa9-60eb8f0888b1/datanode-4/data/ratis/94bc79bd-764d-448b-b21e-b531619340a9/sm/snapshot.2_14
2019-10-11 10:08:44,430 [main] INFO  impl.StateMachineUpdater (StateMachineUpdater.java:stopAndJoin(125)) - 2a3896bf-c579-4beb-9043-be047c7720ce@group-B531619340A9-StateMachineUpdater: set stopIndex = 16
2019-10-11 10:08:44,433 [grpc-default-executor-2] INFO  impl.FollowerInfo (FollowerInfo.java:lambda$new$0(51)) - 2a3896bf-c579-4beb-9043-be047c7720ce@group-B531619340A9->fd0f34a3-07b1-4956-8232-be1a3f5e6261: nextIndex: updateUnconditionally 17 -> 16
2019-10-11 10:08:44,433 [grpc-default-executor-0] INFO  impl.FollowerInfo (FollowerInfo.java:lambda$new$0(51)) - 2a3896bf-c579-4beb-9043-be047c7720ce@group-B531619340A9->c72dbeab-b6e2-48b8-b87b-77765a61575f: nextIndex: updateUnconditionally 17 -> 16
2019-10-11 10:08:44,436 [grpc-default-executor-4] WARN  server.GrpcLogAppender (LogUtils.java:warn(134)) - 2a3896bf-c579-4beb-9043-be047c7720ce@group-A39EDD5CFBEB->fd0f34a3-07b1-4956-8232-be1a3f5e6261-AppendLogResponseHandler: Failed appendEntries: org.apache.ratis.thirdparty.io.grpc.StatusRuntimeException: UNAVAILABLE: Channel shutdownNow invoked
2019-10-11 10:08:44,436 [grpc-default-executor-3] WARN  server.GrpcLogAppender (LogUtils.java:warn(134)) - 2a3896bf-c579-4beb-9043-be047c7720ce@group-A39EDD5CFBEB->c72dbeab-b6e2-48b8-b87b-77765a61575f-AppendLogResponseHandler: Failed appendEntries: org.apache.ratis.thirdparty.io.grpc.StatusRuntimeException: UNAVAILABLE: Channel shutdownNow invoked
2019-10-11 10:08:44,437 [grpc-default-executor-4] INFO  impl.FollowerInfo (FollowerInfo.java:lambda$new$0(51)) - 2a3896bf-c579-4beb-9043-be047c7720ce@group-A39EDD5CFBEB->fd0f34a3-07b1-4956-8232-be1a3f5e6261: nextIndex: updateUnconditionally 1 -> 0
2019-10-11 10:08:44,437 [grpc-default-executor-5] WARN  server.GrpcServerProtocolService (LogUtils.java:warn(134)) - c72dbeab-b6e2-48b8-b87b-77765a61575f: installSnapshot onError, lastRequest: 2a3896bf-c579-4beb-9043-be047c7720ce->c72dbeab-b6e2-48b8-b87b-77765a61575f#6-t1, previous=(t:1, i:0), leaderCommit=0, initializing? false, entries: <empty>: org.apache.ratis.thirdparty.io.grpc.StatusRuntimeException: CANCELLED: cancelled before receiving half close
2019-10-11 10:08:44,437 [grpc-default-executor-1] WARN  server.GrpcServerProtocolService (LogUtils.java:warn(134)) - fd0f34a3-07b1-4956-8232-be1a3f5e6261: installSnapshot onError, lastRequest: 2a3896bf-c579-4beb-9043-be047c7720ce->fd0f34a3-07b1-4956-8232-be1a3f5e6261#6-t1, previous=(t:1, i:0), leaderCommit=0, initializing? false, entries: <empty>: org.apache.ratis.thirdparty.io.grpc.StatusRuntimeException: CANCELLED: cancelled before receiving half close
2019-10-11 10:08:44,437 [grpc-default-executor-3] INFO  impl.FollowerInfo (FollowerInfo.java:lambda$new$0(51)) - 2a3896bf-c579-4beb-9043-be047c7720ce@group-A39EDD5CFBEB->c72dbeab-b6e2-48b8-b87b-77765a61575f: nextIndex: updateUnconditionally 1 -> 0
2019-10-11 10:08:44,445 [EventQueue-StaleNodeForStaleNodeHandler] INFO  node.StaleNodeHandler (StaleNodeHandler.java:onMessage(58)) - Datanode c72dbeab-b6e2-48b8-b87b-77765a61575f{ip: 192.168.164.221, host: pr-hdds-1569-wxwzw-598427175, networkLocation: /default-rack, certSerialId: null} moved to stale state. Finalizing its pipelines [PipelineID=94bc79bd-764d-448b-b21e-b531619340a9, PipelineID=0e724932-9137-4f31-bdfa-d43a6bb5345b, PipelineID=ceb2df2c-bb30-4c07-9f0e-a39edd5cfbeb]
2019-10-11 10:08:44,445 [EventQueue-StaleNodeForStaleNodeHandler] INFO  pipeline.SCMPipelineManager (SCMPipelineManager.java:finalizeAndDestroyPipeline(342)) - destroying pipeline:Pipeline[ Id: 94bc79bd-764d-448b-b21e-b531619340a9, Nodes: c72dbeab-b6e2-48b8-b87b-77765a61575f{ip: 192.168.164.221, host: pr-hdds-1569-wxwzw-598427175, networkLocation: /default-rack, certSerialId: null}fd0f34a3-07b1-4956-8232-be1a3f5e6261{ip: 192.168.164.221, host: pr-hdds-1569-wxwzw-598427175, networkLocation: /default-rack, certSerialId: null}2a3896bf-c579-4beb-9043-be047c7720ce{ip: 192.168.164.221, host: pr-hdds-1569-wxwzw-598427175, networkLocation: /default-rack, certSerialId: null}, Type:RATIS, Factor:THREE, State:CLOSED]
2019-10-11 10:08:44,445 [EventQueue-StaleNodeForStaleNodeHandler] INFO  pipeline.SCMPipelineManager (SCMPipelineManager.java:finalizeAndDestroyPipeline(342)) - destroying pipeline:Pipeline[ Id: 0e724932-9137-4f31-bdfa-d43a6bb5345b, Nodes: c72dbeab-b6e2-48b8-b87b-77765a61575f{ip: 192.168.164.221, host: pr-hdds-1569-wxwzw-598427175, networkLocation: /default-rack, certSerialId: null}, Type:RATIS, Factor:ONE, State:OPEN]
2019-10-11 10:08:44,445 [EventQueue-StaleNodeForStaleNodeHandler] INFO  pipeline.PipelineStateManager (PipelineStateManager.java:finalizePipeline(123)) - Pipeline Pipeline[ Id: 0e724932-9137-4f31-bdfa-d43a6bb5345b, Nodes: c72dbeab-b6e2-48b8-b87b-77765a61575f{ip: 192.168.164.221, host: pr-hdds-1569-wxwzw-598427175, networkLocation: /default-rack, certSerialId: null}, Type:RATIS, Factor:ONE, State:CLOSED] moved to CLOSED state
2019-10-11 10:08:44,447 [EventQueue-StaleNodeForStaleNodeHandler] INFO  pipeline.SCMPipelineManager (SCMPipelineManager.java:finalizeAndDestroyPipeline(342)) - destroying pipeline:Pipeline[ Id: ceb2df2c-bb30-4c07-9f0e-a39edd5cfbeb, Nodes: fd0f34a3-07b1-4956-8232-be1a3f5e6261{ip: 192.168.164.221, host: pr-hdds-1569-wxwzw-598427175, networkLocation: /default-rack, certSerialId: null}c72dbeab-b6e2-48b8-b87b-77765a61575f{ip: 192.168.164.221, host: pr-hdds-1569-wxwzw-598427175, networkLocation: /default-rack, certSerialId: null}2a3896bf-c579-4beb-9043-be047c7720ce{ip: 192.168.164.221, host: pr-hdds-1569-wxwzw-598427175, networkLocation: /default-rack, certSerialId: null}, Type:RATIS, Factor:THREE, State:CLOSED]
2019-10-11 10:08:44,486 [2a3896bf-c579-4beb-9043-be047c7720ce@group-B531619340A9-StateMachineUpdater] INFO  ratis.ContainerStateMachine (ContainerStateMachine.java:takeSnapshot(300)) - group-B531619340A9: Finished taking a snapshot at:(t:2, i:14) file:/workdir/hadoop-ozone/integration-test/target/test-dir/MiniOzoneClusterImpl-cc3d3d95-e844-4504-baa9-60eb8f0888b1/datanode-4/data/ratis/94bc79bd-764d-448b-b21e-b531619340a9/sm/snapshot.2_14 time:55
2019-10-11 10:08:44,486 [c72dbeab-b6e2-48b8-b87b-77765a61575f@group-B531619340A9-StateMachineUpdater] INFO  ratis.ContainerStateMachine (ContainerStateMachine.java:takeSnapshot(300)) - group-B531619340A9: Finished taking a snapshot at:(t:2, i:16) file:/workdir/hadoop-ozone/integration-test/target/test-dir/MiniOzoneClusterImpl-cc3d3d95-e844-4504-baa9-60eb8f0888b1/datanode-1/data/ratis/94bc79bd-764d-448b-b21e-b531619340a9/sm/snapshot.2_16 time:73
2019-10-11 10:08:44,505 [c72dbeab-b6e2-48b8-b87b-77765a61575f@group-B531619340A9-StateMachineUpdater] INFO  impl.StateMachineUpdater (StateMachineUpdater.java:takeSnapshot(258)) - c72dbeab-b6e2-48b8-b87b-77765a61575f@group-B531619340A9-StateMachineUpdater: Took a snapshot at index 16
2019-10-11 10:08:44,505 [2a3896bf-c579-4beb-9043-be047c7720ce@group-B531619340A9-StateMachineUpdater] INFO  impl.StateMachineUpdater (StateMachineUpdater.java:takeSnapshot(258)) - 2a3896bf-c579-4beb-9043-be047c7720ce@group-B531619340A9-StateMachineUpdater: Took a snapshot at index 14
2019-10-11 10:08:44,508 [c72dbeab-b6e2-48b8-b87b-77765a61575f@group-B531619340A9-StateMachineUpdater] INFO  impl.StateMachineUpdater (StateMachineUpdater.java:lambda$new$0(83)) - c72dbeab-b6e2-48b8-b87b-77765a61575f@group-B531619340A9-StateMachineUpdater: snapshotIndex: updateIncreasingly -1 -> 16
2019-10-11 10:08:44,508 [2a3896bf-c579-4beb-9043-be047c7720ce@group-B531619340A9-StateMachineUpdater] INFO  impl.StateMachineUpdater (StateMachineUpdater.java:lambda$new$0(83)) - 2a3896bf-c579-4beb-9043-be047c7720ce@group-B531619340A9-StateMachineUpdater: snapshotIndex: updateIncreasingly -1 -> 14
2019-10-11 10:08:44,521 [2a3896bf-c579-4beb-9043-be047c7720ce@group-B531619340A9-StateMachineUpdater] INFO  ratis.ContainerStateMachine (ContainerStateMachine.java:takeSnapshot(289)) - group-B531619340A9: Taking a snapshot at:(t:2, i:14) file /workdir/hadoop-ozone/integration-test/target/test-dir/MiniOzoneClusterImpl-cc3d3d95-e844-4504-baa9-60eb8f0888b1/datanode-4/data/ratis/94bc79bd-764d-448b-b21e-b531619340a9/sm/snapshot.2_14
2019-10-11 10:08:44,522 [ForkJoinPool.commonPool-worker-1] INFO  impl.RaftServerImpl (ServerState.java:close(385)) - c72dbeab-b6e2-48b8-b87b-77765a61575f@group-B531619340A9: closes. applyIndex: 16
2019-10-11 10:08:44,523 [c72dbeab-b6e2-48b8-b87b-77765a61575f@group-B531619340A9-SegmentedRaftLogWorker] INFO  segmented.SegmentedRaftLogWorker (SegmentedRaftLogWorker.java:run(313)) - c72dbeab-b6e2-48b8-b87b-77765a61575f@group-B531619340A9-SegmentedRaftLogWorker was interrupted, exiting. There are 0 tasks remaining in the queue.
2019-10-11 10:08:44,527 [ForkJoinPool.commonPool-worker-1] INFO  segmented.SegmentedRaftLogWorker (SegmentedRaftLogWorker.java:close(228)) - c72dbeab-b6e2-48b8-b87b-77765a61575f@group-B531619340A9-SegmentedRaftLogWorker close()
2019-10-11 10:08:44,532 [ForkJoinPool.commonPool-worker-1] INFO  impl.RaftServerImpl (RaftServerImpl.java:lambda$shutdown$3(251)) - c72dbeab-b6e2-48b8-b87b-77765a61575f@group-D43A6BB5345B: shutdown
2019-10-11 10:08:44,532 [ForkJoinPool.commonPool-worker-1] INFO  util.JmxRegister (JmxRegister.java:unregister(73)) - Successfully un-registered JMX Bean with object name Ratis:service=RaftServer,group=group-D43A6BB5345B,id=c72dbeab-b6e2-48b8-b87b-77765a61575f
2019-10-11 10:08:44,532 [ForkJoinPool.commonPool-worker-1] INFO  impl.RoleInfo (RoleInfo.java:shutdownLeaderState(104)) - c72dbeab-b6e2-48b8-b87b-77765a61575f: shutdown LeaderState
2019-10-11 10:08:44,532 [ForkJoinPool.commonPool-worker-1] INFO  impl.PendingRequests (PendingRequests.java:sendNotLeaderResponses(202)) - c72dbeab-b6e2-48b8-b87b-77765a61575f-PendingRequests: sendNotLeaderResponses
2019-10-11 10:08:44,535 [ForkJoinPool.commonPool-worker-1] INFO  impl.StateMachineUpdater (StateMachineUpdater.java:stopAndJoin(125)) - c72dbeab-b6e2-48b8-b87b-77765a61575f@group-D43A6BB5345B-StateMachineUpdater: set stopIndex = 0
2019-10-11 10:08:44,535 [ForkJoinPool.commonPool-worker-1] INFO  impl.RaftServerImpl (ServerState.java:close(385)) - c72dbeab-b6e2-48b8-b87b-77765a61575f@group-D43A6BB5345B: closes. applyIndex: 0
2019-10-11 10:08:44,536 [c72dbeab-b6e2-48b8-b87b-77765a61575f@group-D43A6BB5345B-SegmentedRaftLogWorker] INFO  segmented.SegmentedRaftLogWorker (SegmentedRaftLogWorker.java:run(313)) - c72dbeab-b6e2-48b8-b87b-77765a61575f@group-D43A6BB5345B-SegmentedRaftLogWorker was interrupted, exiting. There are 0 tasks remaining in the queue.
2019-10-11 10:08:44,541 [ForkJoinPool.commonPool-worker-1] INFO  segmented.SegmentedRaftLogWorker (SegmentedRaftLogWorker.java:close(228)) - c72dbeab-b6e2-48b8-b87b-77765a61575f@group-D43A6BB5345B-SegmentedRaftLogWorker close()
2019-10-11 10:08:44,545 [ForkJoinPool.commonPool-worker-1] INFO  impl.RaftServerImpl (RaftServerImpl.java:lambda$shutdown$3(251)) - c72dbeab-b6e2-48b8-b87b-77765a61575f@group-A39EDD5CFBEB: shutdown
2019-10-11 10:08:44,545 [2a3896bf-c579-4beb-9043-be047c7720ce@group-B531619340A9-StateMachineUpdater] INFO  ratis.ContainerStateMachine (ContainerStateMachine.java:takeSnapshot(300)) - group-B531619340A9: Finished taking a snapshot at:(t:2, i:14) file:/workdir/hadoop-ozone/integration-test/target/test-dir/MiniOzoneClusterImpl-cc3d3d95-e844-4504-baa9-60eb8f0888b1/datanode-4/data/ratis/94bc79bd-764d-448b-b21e-b531619340a9/sm/snapshot.2_14 time:21
2019-10-11 10:08:44,545 [ForkJoinPool.commonPool-worker-1] INFO  util.JmxRegister (JmxRegister.java:unregister(73)) - Successfully un-registered JMX Bean with object name Ratis:service=RaftServer,group=group-A39EDD5CFBEB,id=c72dbeab-b6e2-48b8-b87b-77765a61575f
2019-10-11 10:08:44,545 [2a3896bf-c579-4beb-9043-be047c7720ce@group-B531619340A9-StateMachineUpdater] INFO  impl.StateMachineUpdater (StateMachineUpdater.java:takeSnapshot(258)) - 2a3896bf-c579-4beb-9043-be047c7720ce@group-B531619340A9-StateMachineUpdater: Took a snapshot at index 14
2019-10-11 10:08:44,545 [ForkJoinPool.commonPool-worker-1] INFO  impl.RoleInfo (RoleInfo.java:shutdownFollowerState(121)) - c72dbeab-b6e2-48b8-b87b-77765a61575f: shutdown FollowerState
2019-10-11 10:08:44,546 [2a3896bf-c579-4beb-9043-be047c7720ce@group-B531619340A9-StateMachineUpdater] INFO  impl.StateMachineUpdater (StateMachineUpdater.java:lambda$new$0(83)) - 2a3896bf-c579-4beb-9043-be047c7720ce@group-B531619340A9-StateMachineUpdater: snapshotIndex: updateIncreasingly 14 -> 14
2019-10-11 10:08:44,546 [ForkJoinPool.commonPool-worker-1] INFO  impl.StateMachineUpdater (StateMachineUpdater.java:stopAndJoin(125)) - c72dbeab-b6e2-48b8-b87b-77765a61575f@group-A39EDD5CFBEB-StateMachineUpdater: set stopIndex = 0
2019-10-11 10:08:44,546 [Thread-380] INFO  impl.FollowerState (FollowerState.java:run(115)) - c72dbeab-b6e2-48b8-b87b-77765a61575f: FollowerState was interrupted: java.lang.InterruptedException: sleep interrupted
2019-10-11 10:08:44,546 [main] INFO  impl.RaftServerImpl (ServerState.java:close(385)) - 2a3896bf-c579-4beb-9043-be047c7720ce@group-B531619340A9: closes. applyIndex: 16
2019-10-11 10:08:44,546 [ForkJoinPool.commonPool-worker-1] INFO  impl.RaftServerImpl (ServerState.java:close(385)) - c72dbeab-b6e2-48b8-b87b-77765a61575f@group-A39EDD5CFBEB: closes. applyIndex: 0
2019-10-11 10:08:44,547 [2a3896bf-c579-4beb-9043-be047c7720ce@group-B531619340A9-SegmentedRaftLogWorker] INFO  segmented.SegmentedRaftLogWorker (SegmentedRaftLogWorker.java:run(313)) - 2a3896bf-c579-4beb-9043-be047c7720ce@group-B531619340A9-SegmentedRaftLogWorker was interrupted, exiting. There are 0 tasks remaining in the queue.
2019-10-11 10:08:44,549 [c72dbeab-b6e2-48b8-b87b-77765a61575f@group-A39EDD5CFBEB-SegmentedRaftLogWorker] INFO  segmented.SegmentedRaftLogWorker (SegmentedRaftLogWorker.java:run(313)) - c72dbeab-b6e2-48b8-b87b-77765a61575f@group-A39EDD5CFBEB-SegmentedRaftLogWorker was interrupted, exiting. There are 0 tasks remaining in the queue.
2019-10-11 10:08:44,549 [main] INFO  segmented.SegmentedRaftLogWorker (SegmentedRaftLogWorker.java:close(228)) - 2a3896bf-c579-4beb-9043-be047c7720ce@group-B531619340A9-SegmentedRaftLogWorker close()
2019-10-11 10:08:44,550 [ForkJoinPool.commonPool-worker-1] INFO  segmented.SegmentedRaftLogWorker (SegmentedRaftLogWorker.java:close(228)) - c72dbeab-b6e2-48b8-b87b-77765a61575f@group-A39EDD5CFBEB-SegmentedRaftLogWorker close()
2019-10-11 10:08:44,552 [main] INFO  impl.RaftServerImpl (RaftServerImpl.java:lambda$shutdown$3(251)) - 2a3896bf-c579-4beb-9043-be047c7720ce@group-C12CAB3D83D8: shutdown
2019-10-11 10:08:44,555 [main] INFO  util.JmxRegister (JmxRegister.java:unregister(73)) - Successfully un-registered JMX Bean with object name Ratis:service=RaftServer,group=group-C12CAB3D83D8,id=2a3896bf-c579-4beb-9043-be047c7720ce
2019-10-11 10:08:44,556 [main] INFO  impl.RoleInfo (RoleInfo.java:shutdownLeaderState(104)) - 2a3896bf-c579-4beb-9043-be047c7720ce: shutdown LeaderState
2019-10-11 10:08:44,556 [ForkJoinPool.commonPool-worker-1] INFO  server.GrpcService (GrpcService.java:closeImpl(164)) - c72dbeab-b6e2-48b8-b87b-77765a61575f: shutdown server with port 45506 now
2019-10-11 10:08:44,556 [main] INFO  impl.PendingRequests (PendingRequests.java:sendNotLeaderResponses(202)) - 2a3896bf-c579-4beb-9043-be047c7720ce-PendingRequests: sendNotLeaderResponses
2019-10-11 10:08:44,556 [main] INFO  impl.StateMachineUpdater (StateMachineUpdater.java:stopAndJoin(125)) - 2a3896bf-c579-4beb-9043-be047c7720ce@group-C12CAB3D83D8-StateMachineUpdater: set stopIndex = 0
2019-10-11 10:08:44,557 [main] INFO  impl.RaftServerImpl (ServerState.java:close(385)) - 2a3896bf-c579-4beb-9043-be047c7720ce@group-C12CAB3D83D8: closes. applyIndex: 0
2019-10-11 10:08:44,557 [2a3896bf-c579-4beb-9043-be047c7720ce@group-C12CAB3D83D8-SegmentedRaftLogWorker] INFO  segmented.SegmentedRaftLogWorker (SegmentedRaftLogWorker.java:run(313)) - 2a3896bf-c579-4beb-9043-be047c7720ce@group-C12CAB3D83D8-SegmentedRaftLogWorker was interrupted, exiting. There are 0 tasks remaining in the queue.
2019-10-11 10:08:44,560 [main] INFO  segmented.SegmentedRaftLogWorker (SegmentedRaftLogWorker.java:close(228)) - 2a3896bf-c579-4beb-9043-be047c7720ce@group-C12CAB3D83D8-SegmentedRaftLogWorker close()
2019-10-11 10:08:44,564 [main] INFO  impl.RaftServerImpl (RaftServerImpl.java:lambda$shutdown$3(251)) - 2a3896bf-c579-4beb-9043-be047c7720ce@group-A39EDD5CFBEB: shutdown
2019-10-11 10:08:44,564 [main] INFO  util.JmxRegister (JmxRegister.java:unregister(73)) - Successfully un-registered JMX Bean with object name Ratis:service=RaftServer,group=group-A39EDD5CFBEB,id=2a3896bf-c579-4beb-9043-be047c7720ce
2019-10-11 10:08:44,565 [main] INFO  impl.RoleInfo (RoleInfo.java:shutdownLeaderState(104)) - 2a3896bf-c579-4beb-9043-be047c7720ce: shutdown LeaderState
2019-10-11 10:08:44,567 [main] INFO  impl.PendingRequests (PendingRequests.java:sendNotLeaderResponses(202)) - 2a3896bf-c579-4beb-9043-be047c7720ce-PendingRequests: sendNotLeaderResponses
2019-10-11 10:08:44,567 [org.apache.ratis.server.impl.LogAppender$AppenderDaemon$$Lambda$497/1438792743@70ce0f14] WARN  server.GrpcLogAppender (GrpcLogAppender.java:mayWait(143)) - 2a3896bf-c579-4beb-9043-be047c7720ce@group-A39EDD5CFBEB->c72dbeab-b6e2-48b8-b87b-77765a61575f-GrpcLogAppender: Wait interrupted by java.lang.InterruptedException
2019-10-11 10:08:44,567 [main] INFO  impl.StateMachineUpdater (StateMachineUpdater.java:stopAndJoin(125)) - 2a3896bf-c579-4beb-9043-be047c7720ce@group-A39EDD5CFBEB-StateMachineUpdater: set stopIndex = 0
2019-10-11 10:08:44,567 [ForkJoinPool.commonPool-worker-1] INFO  server.GrpcService (GrpcService.java:closeImpl(172)) - c72dbeab-b6e2-48b8-b87b-77765a61575f: shutdown server with port 45506 successfully
2019-10-11 10:08:44,568 [main] INFO  impl.RaftServerImpl (ServerState.java:close(385)) - 2a3896bf-c579-4beb-9043-be047c7720ce@group-A39EDD5CFBEB: closes. applyIndex: 0
2019-10-11 10:08:44,567 [org.apache.ratis.server.impl.LogAppender$AppenderDaemon$$Lambda$497/1438792743@6887f480] WARN  server.GrpcLogAppender (GrpcLogAppender.java:mayWait(143)) - 2a3896bf-c579-4beb-9043-be047c7720ce@group-A39EDD5CFBEB->fd0f34a3-07b1-4956-8232-be1a3f5e6261-GrpcLogAppender: Wait interrupted by java.lang.InterruptedException
2019-10-11 10:08:44,569 [2a3896bf-c579-4beb-9043-be047c7720ce@group-A39EDD5CFBEB-SegmentedRaftLogWorker] INFO  segmented.SegmentedRaftLogWorker (SegmentedRaftLogWorker.java:run(313)) - 2a3896bf-c579-4beb-9043-be047c7720ce@group-A39EDD5CFBEB-SegmentedRaftLogWorker was interrupted, exiting. There are 0 tasks remaining in the queue.
2019-10-11 10:08:44,570 [main] INFO  segmented.SegmentedRaftLogWorker (SegmentedRaftLogWorker.java:close(228)) - 2a3896bf-c579-4beb-9043-be047c7720ce@group-A39EDD5CFBEB-SegmentedRaftLogWorker close()
2019-10-11 10:08:44,573 [main] INFO  server.GrpcService (GrpcService.java:closeImpl(164)) - 2a3896bf-c579-4beb-9043-be047c7720ce: shutdown server with port 35466 now
2019-10-11 10:08:44,574 [main] INFO  server.GrpcService (GrpcService.java:closeImpl(172)) - 2a3896bf-c579-4beb-9043-be047c7720ce: shutdown server with port 35466 successfully
2019-10-11 10:08:44,576 [grpc-default-executor-1] WARN  client.GrpcClientProtocolService (LogUtils.java:warn(134)) - 4-UnorderedRequestStreamObserver4: onError: org.apache.ratis.thirdparty.io.grpc.StatusRuntimeException: CANCELLED: cancelled before receiving half close
2019-10-11 10:08:44,585 [refreshUsed-/workdir/hadoop-ozone/integration-test/target/test-dir/MiniOzoneClusterImpl-cc3d3d95-e844-4504-baa9-60eb8f0888b1/datanode-4/data/containers] WARN  fs.CachingGetSpaceUsed (CachingGetSpaceUsed.java:run(183)) - Thread Interrupted waiting to refresh disk information: sleep interrupted
2019-10-11 10:08:44,585 [refreshUsed-/workdir/hadoop-ozone/integration-test/target/test-dir/MiniOzoneClusterImpl-cc3d3d95-e844-4504-baa9-60eb8f0888b1/datanode-1/data/containers] WARN  fs.CachingGetSpaceUsed (CachingGetSpaceUsed.java:run(183)) - Thread Interrupted waiting to refresh disk information: sleep interrupted
2019-10-11 10:08:44,599 [main] INFO  utils.BackgroundService (BackgroundService.java:shutdown(148)) - Shutting down service BlockDeletingService
2019-10-11 10:08:44,603 [main] INFO  statemachine.DatanodeStateMachine (DatanodeStateMachine.java:stopDaemon(395)) - Ozone container server stopped.
2019-10-11 10:08:44,605 [main] INFO  handler.ContextHandler (ContextHandler.java:doStop(910)) - Stopped o.e.j.w.WebAppContext@2630dbc4{/,null,UNAVAILABLE}{/hddsDatanode}
2019-10-11 10:08:44,607 [ForkJoinPool.commonPool-worker-1] INFO  utils.BackgroundService (BackgroundService.java:shutdown(148)) - Shutting down service BlockDeletingService
2019-10-11 10:08:44,609 [main] INFO  server.AbstractConnector (AbstractConnector.java:doStop(318)) - Stopped ServerConnector@5ea4300e{HTTP/1.1,[http/1.1]}{0.0.0.0:0}
2019-10-11 10:08:44,610 [ForkJoinPool.commonPool-worker-1] INFO  statemachine.DatanodeStateMachine (DatanodeStateMachine.java:stopDaemon(395)) - Ozone container server stopped.
2019-10-11 10:08:44,613 [main] INFO  handler.ContextHandler (ContextHandler.java:doStop(910)) - Stopped o.e.j.s.ServletContextHandler@4228bf58{/static,jar:file:/home/user/.m2/repository/org/apache/hadoop/hadoop-hdds-container-service/0.5.0-SNAPSHOT/hadoop-hdds-container-service-0.5.0-SNAPSHOT.jar!/webapps/static,UNAVAILABLE}
2019-10-11 10:08:44,615 [ForkJoinPool.commonPool-worker-1] INFO  handler.ContextHandler (ContextHandler.java:doStop(910)) - Stopped o.e.j.w.WebAppContext@337bbfdf{/,null,UNAVAILABLE}{/hddsDatanode}
2019-10-11 10:08:44,615 [main] INFO  handler.ContextHandler (ContextHandler.java:doStop(910)) - Stopped o.e.j.s.ServletContextHandler@6f94fb9d{/logs,file:///workdir/hadoop-ozone/integration-test/target/log,UNAVAILABLE}
2019-10-11 10:08:44,615 [ForkJoinPool.commonPool-worker-1] INFO  server.AbstractConnector (AbstractConnector.java:doStop(318)) - Stopped ServerConnector@52d97ab6{HTTP/1.1,[http/1.1]}{0.0.0.0:0}
2019-10-11 10:08:44,617 [ForkJoinPool.commonPool-worker-1] INFO  handler.ContextHandler (ContextHandler.java:doStop(910)) - Stopped o.e.j.s.ServletContextHandler@4b200971{/static,jar:file:/home/user/.m2/repository/org/apache/hadoop/hadoop-hdds-container-service/0.5.0-SNAPSHOT/hadoop-hdds-container-service-0.5.0-SNAPSHOT.jar!/webapps/static,UNAVAILABLE}
2019-10-11 10:08:44,618 [ForkJoinPool.commonPool-worker-1] INFO  handler.ContextHandler (ContextHandler.java:doStop(910)) - Stopped o.e.j.s.ServletContextHandler@a9f023e{/logs,file:///workdir/hadoop-ozone/integration-test/target/log,UNAVAILABLE}
2019-10-11 10:08:45,178 [Datanode State Machine Thread - 0] INFO  statemachine.DatanodeStateMachine (DatanodeStateMachine.java:lambda$startDaemon$0(350)) - Ozone container server started.
2019-10-11 10:08:45,220 [Datanode State Machine Thread - 0] INFO  statemachine.DatanodeStateMachine (DatanodeStateMachine.java:lambda$startDaemon$0(350)) - Ozone container server started.
2019-10-11 10:08:49,253 [EventQueue-StaleNodeForStaleNodeHandler] INFO  node.StaleNodeHandler (StaleNodeHandler.java:onMessage(58)) - Datanode bd87c10d-2a97-4600-a4c6-dcfee1c9d709{ip: 192.168.164.221, host: pr-hdds-1569-wxwzw-598427175, networkLocation: /default-rack, certSerialId: null} moved to stale state. Finalizing its pipelines [PipelineID=a5877ddf-4973-4bf8-aa99-28c297ff29fe, PipelineID=f67ab59a-794d-41bd-9ec7-30660cb2130a, PipelineID=1714367e-f03b-4a2c-b3d6-40c088226284]
2019-10-11 10:08:49,254 [EventQueue-StaleNodeForStaleNodeHandler] INFO  pipeline.SCMPipelineManager (SCMPipelineManager.java:finalizeAndDestroyPipeline(342)) - destroying pipeline:Pipeline[ Id: a5877ddf-4973-4bf8-aa99-28c297ff29fe, Nodes: bd87c10d-2a97-4600-a4c6-dcfee1c9d709{ip: 192.168.164.221, host: pr-hdds-1569-wxwzw-598427175, networkLocation: /default-rack, certSerialId: null}, Type:RATIS, Factor:ONE, State:OPEN]
2019-10-11 10:08:49,254 [EventQueue-StaleNodeForStaleNodeHandler] INFO  pipeline.PipelineStateManager (PipelineStateManager.java:finalizePipeline(123)) - Pipeline Pipeline[ Id: a5877ddf-4973-4bf8-aa99-28c297ff29fe, Nodes: bd87c10d-2a97-4600-a4c6-dcfee1c9d709{ip: 192.168.164.221, host: pr-hdds-1569-wxwzw-598427175, networkLocation: /default-rack, certSerialId: null}, Type:RATIS, Factor:ONE, State:CLOSED] moved to CLOSED state
2019-10-11 10:08:49,254 [EventQueue-StaleNodeForStaleNodeHandler] INFO  pipeline.SCMPipelineManager (SCMPipelineManager.java:finalizeAndDestroyPipeline(342)) - destroying pipeline:Pipeline[ Id: f67ab59a-794d-41bd-9ec7-30660cb2130a, Nodes: 4302bdf4-b2bc-4d1b-92dc-dca675ac0824{ip: 192.168.164.221, host: pr-hdds-1569-wxwzw-598427175, networkLocation: /default-rack, certSerialId: null}b908fea9-9d9e-4680-974c-d51461f1bcae{ip: 192.168.164.221, host: pr-hdds-1569-wxwzw-598427175, networkLocation: /default-rack, certSerialId: null}bd87c10d-2a97-4600-a4c6-dcfee1c9d709{ip: 192.168.164.221, host: pr-hdds-1569-wxwzw-598427175, networkLocation: /default-rack, certSerialId: null}, Type:RATIS, Factor:THREE, State:OPEN]
2019-10-11 10:08:49,254 [EventQueue-StaleNodeForStaleNodeHandler] INFO  pipeline.PipelineStateManager (PipelineStateManager.java:finalizePipeline(123)) - Pipeline Pipeline[ Id: f67ab59a-794d-41bd-9ec7-30660cb2130a, Nodes: 4302bdf4-b2bc-4d1b-92dc-dca675ac0824{ip: 192.168.164.221, host: pr-hdds-1569-wxwzw-598427175, networkLocation: /default-rack, certSerialId: null}b908fea9-9d9e-4680-974c-d51461f1bcae{ip: 192.168.164.221, host: pr-hdds-1569-wxwzw-598427175, networkLocation: /default-rack, certSerialId: null}bd87c10d-2a97-4600-a4c6-dcfee1c9d709{ip: 192.168.164.221, host: pr-hdds-1569-wxwzw-598427175, networkLocation: /default-rack, certSerialId: null}, Type:RATIS, Factor:THREE, State:CLOSED] moved to CLOSED state
2019-10-11 10:08:49,254 [EventQueue-CloseContainerForCloseContainerEventHandler] INFO  container.CloseContainerEventHandler (CloseContainerEventHandler.java:onMessage(61)) - Close container Event triggered for container : #2
2019-10-11 10:08:49,257 [EventQueue-StaleNodeForStaleNodeHandler] INFO  pipeline.SCMPipelineManager (SCMPipelineManager.java:finalizeAndDestroyPipeline(342)) - destroying pipeline:Pipeline[ Id: 1714367e-f03b-4a2c-b3d6-40c088226284, Nodes: b908fea9-9d9e-4680-974c-d51461f1bcae{ip: 192.168.164.221, host: pr-hdds-1569-wxwzw-598427175, networkLocation: /default-rack, certSerialId: null}bd87c10d-2a97-4600-a4c6-dcfee1c9d709{ip: 192.168.164.221, host: pr-hdds-1569-wxwzw-598427175, networkLocation: /default-rack, certSerialId: null}4302bdf4-b2bc-4d1b-92dc-dca675ac0824{ip: 192.168.164.221, host: pr-hdds-1569-wxwzw-598427175, networkLocation: /default-rack, certSerialId: null}, Type:RATIS, Factor:THREE, State:OPEN]
2019-10-11 10:08:49,259 [EventQueue-StaleNodeForStaleNodeHandler] INFO  pipeline.PipelineStateManager (PipelineStateManager.java:finalizePipeline(123)) - Pipeline Pipeline[ Id: 1714367e-f03b-4a2c-b3d6-40c088226284, Nodes: b908fea9-9d9e-4680-974c-d51461f1bcae{ip: 192.168.164.221, host: pr-hdds-1569-wxwzw-598427175, networkLocation: /default-rack, certSerialId: null}bd87c10d-2a97-4600-a4c6-dcfee1c9d709{ip: 192.168.164.221, host: pr-hdds-1569-wxwzw-598427175, networkLocation: /default-rack, certSerialId: null}4302bdf4-b2bc-4d1b-92dc-dca675ac0824{ip: 192.168.164.221, host: pr-hdds-1569-wxwzw-598427175, networkLocation: /default-rack, certSerialId: null}, Type:RATIS, Factor:THREE, State:CLOSED] moved to CLOSED state
2019-10-11 10:08:49,259 [EventQueue-StaleNodeForStaleNodeHandler] INFO  node.StaleNodeHandler (StaleNodeHandler.java:onMessage(58)) - Datanode b908fea9-9d9e-4680-974c-d51461f1bcae{ip: 192.168.164.221, host: pr-hdds-1569-wxwzw-598427175, networkLocation: /default-rack, certSerialId: null} moved to stale state. Finalizing its pipelines [PipelineID=507f7b29-01c6-4c93-9fb3-7eb28c1895de, PipelineID=f67ab59a-794d-41bd-9ec7-30660cb2130a, PipelineID=1714367e-f03b-4a2c-b3d6-40c088226284]
2019-10-11 10:08:49,259 [EventQueue-StaleNodeForStaleNodeHandler] INFO  pipeline.SCMPipelineManager (SCMPipelineManager.java:finalizeAndDestroyPipeline(342)) - destroying pipeline:Pipeline[ Id: 507f7b29-01c6-4c93-9fb3-7eb28c1895de, Nodes: b908fea9-9d9e-4680-974c-d51461f1bcae{ip: 192.168.164.221, host: pr-hdds-1569-wxwzw-598427175, networkLocation: /default-rack, certSerialId: null}, Type:RATIS, Factor:ONE, State:OPEN]
2019-10-11 10:08:49,259 [EventQueue-StaleNodeForStaleNodeHandler] INFO  pipeline.PipelineStateManager (PipelineStateManager.java:finalizePipeline(123)) - Pipeline Pipeline[ Id: 507f7b29-01c6-4c93-9fb3-7eb28c1895de, Nodes: b908fea9-9d9e-4680-974c-d51461f1bcae{ip: 192.168.164.221, host: pr-hdds-1569-wxwzw-598427175, networkLocation: /default-rack, certSerialId: null}, Type:RATIS, Factor:ONE, State:CLOSED] moved to CLOSED state
2019-10-11 10:08:49,259 [EventQueue-StaleNodeForStaleNodeHandler] INFO  pipeline.SCMPipelineManager (SCMPipelineManager.java:finalizeAndDestroyPipeline(342)) - destroying pipeline:Pipeline[ Id: f67ab59a-794d-41bd-9ec7-30660cb2130a, Nodes: 4302bdf4-b2bc-4d1b-92dc-dca675ac0824{ip: 192.168.164.221, host: pr-hdds-1569-wxwzw-598427175, networkLocation: /default-rack, certSerialId: null}b908fea9-9d9e-4680-974c-d51461f1bcae{ip: 192.168.164.221, host: pr-hdds-1569-wxwzw-598427175, networkLocation: /default-rack, certSerialId: null}bd87c10d-2a97-4600-a4c6-dcfee1c9d709{ip: 192.168.164.221, host: pr-hdds-1569-wxwzw-598427175, networkLocation: /default-rack, certSerialId: null}, Type:RATIS, Factor:THREE, State:CLOSED]
2019-10-11 10:08:49,260 [EventQueue-StaleNodeForStaleNodeHandler] INFO  pipeline.SCMPipelineManager (SCMPipelineManager.java:finalizeAndDestroyPipeline(342)) - destroying pipeline:Pipeline[ Id: 1714367e-f03b-4a2c-b3d6-40c088226284, Nodes: b908fea9-9d9e-4680-974c-d51461f1bcae{ip: 192.168.164.221, host: pr-hdds-1569-wxwzw-598427175, networkLocation: /default-rack, certSerialId: null}bd87c10d-2a97-4600-a4c6-dcfee1c9d709{ip: 192.168.164.221, host: pr-hdds-1569-wxwzw-598427175, networkLocation: /default-rack, certSerialId: null}4302bdf4-b2bc-4d1b-92dc-dca675ac0824{ip: 192.168.164.221, host: pr-hdds-1569-wxwzw-598427175, networkLocation: /default-rack, certSerialId: null}, Type:RATIS, Factor:THREE, State:CLOSED]
2019-10-11 10:08:49,618 [main] INFO  ozoneimpl.OzoneContainer (OzoneContainer.java:stop(231)) - Attempting to stop container services.
2019-10-11 10:08:49,621 [ForkJoinPool.commonPool-worker-1] INFO  ozoneimpl.OzoneContainer (OzoneContainer.java:stop(231)) - Attempting to stop container services.
2019-10-11 10:08:49,623 [main] INFO  impl.RaftServerProxy (RaftServerProxy.java:lambda$close$4(314)) - b908fea9-9d9e-4680-974c-d51461f1bcae: close
2019-10-11 10:08:49,623 [ForkJoinPool.commonPool-worker-1] INFO  impl.RaftServerProxy (RaftServerProxy.java:lambda$close$4(314)) - bd87c10d-2a97-4600-a4c6-dcfee1c9d709: close
2019-10-11 10:08:49,624 [main] INFO  impl.RaftServerImpl (RaftServerImpl.java:lambda$shutdown$3(251)) - b908fea9-9d9e-4680-974c-d51461f1bcae@group-7EB28C1895DE: shutdown
2019-10-11 10:08:49,624 [ForkJoinPool.commonPool-worker-1] INFO  impl.RaftServerImpl (RaftServerImpl.java:lambda$shutdown$3(251)) - bd87c10d-2a97-4600-a4c6-dcfee1c9d709@group-28C297FF29FE: shutdown
2019-10-11 10:08:49,624 [main] INFO  util.JmxRegister (JmxRegister.java:unregister(73)) - Successfully un-registered JMX Bean with object name Ratis:service=RaftServer,group=group-7EB28C1895DE,id=b908fea9-9d9e-4680-974c-d51461f1bcae
2019-10-11 10:08:49,624 [ForkJoinPool.commonPool-worker-1] INFO  util.JmxRegister (JmxRegister.java:unregister(73)) - Successfully un-registered JMX Bean with object name Ratis:service=RaftServer,group=group-28C297FF29FE,id=bd87c10d-2a97-4600-a4c6-dcfee1c9d709
2019-10-11 10:08:49,625 [main] INFO  impl.RoleInfo (RoleInfo.java:shutdownLeaderState(104)) - b908fea9-9d9e-4680-974c-d51461f1bcae: shutdown LeaderState
2019-10-11 10:08:49,625 [ForkJoinPool.commonPool-worker-1] INFO  impl.RoleInfo (RoleInfo.java:shutdownLeaderState(104)) - bd87c10d-2a97-4600-a4c6-dcfee1c9d709: shutdown LeaderState
2019-10-11 10:08:49,626 [main] INFO  impl.PendingRequests (PendingRequests.java:sendNotLeaderResponses(202)) - b908fea9-9d9e-4680-974c-d51461f1bcae-PendingRequests: sendNotLeaderResponses
2019-10-11 10:08:49,626 [ForkJoinPool.commonPool-worker-1] INFO  impl.PendingRequests (PendingRequests.java:sendNotLeaderResponses(202)) - bd87c10d-2a97-4600-a4c6-dcfee1c9d709-PendingRequests: sendNotLeaderResponses
2019-10-11 10:08:49,626 [main] INFO  impl.StateMachineUpdater (StateMachineUpdater.java:stopAndJoin(125)) - b908fea9-9d9e-4680-974c-d51461f1bcae@group-7EB28C1895DE-StateMachineUpdater: set stopIndex = 0
2019-10-11 10:08:49,627 [ForkJoinPool.commonPool-worker-1] INFO  impl.StateMachineUpdater (StateMachineUpdater.java:stopAndJoin(125)) - bd87c10d-2a97-4600-a4c6-dcfee1c9d709@group-28C297FF29FE-StateMachineUpdater: set stopIndex = 0
2019-10-11 10:08:49,627 [main] INFO  impl.RaftServerImpl (ServerState.java:close(385)) - b908fea9-9d9e-4680-974c-d51461f1bcae@group-7EB28C1895DE: closes. applyIndex: 0
2019-10-11 10:08:49,627 [ForkJoinPool.commonPool-worker-1] INFO  impl.RaftServerImpl (ServerState.java:close(385)) - bd87c10d-2a97-4600-a4c6-dcfee1c9d709@group-28C297FF29FE: closes. applyIndex: 0
2019-10-11 10:08:49,628 [b908fea9-9d9e-4680-974c-d51461f1bcae@group-7EB28C1895DE-SegmentedRaftLogWorker] INFO  segmented.SegmentedRaftLogWorker (SegmentedRaftLogWorker.java:run(313)) - b908fea9-9d9e-4680-974c-d51461f1bcae@group-7EB28C1895DE-SegmentedRaftLogWorker was interrupted, exiting. There are 0 tasks remaining in the queue.
2019-10-11 10:08:49,628 [bd87c10d-2a97-4600-a4c6-dcfee1c9d709@group-28C297FF29FE-SegmentedRaftLogWorker] INFO  segmented.SegmentedRaftLogWorker (SegmentedRaftLogWorker.java:run(313)) - bd87c10d-2a97-4600-a4c6-dcfee1c9d709@group-28C297FF29FE-SegmentedRaftLogWorker was interrupted, exiting. There are 0 tasks remaining in the queue.
2019-10-11 10:08:49,630 [main] INFO  segmented.SegmentedRaftLogWorker (SegmentedRaftLogWorker.java:close(228)) - b908fea9-9d9e-4680-974c-d51461f1bcae@group-7EB28C1895DE-SegmentedRaftLogWorker close()
2019-10-11 10:08:49,632 [ForkJoinPool.commonPool-worker-1] INFO  segmented.SegmentedRaftLogWorker (SegmentedRaftLogWorker.java:close(228)) - bd87c10d-2a97-4600-a4c6-dcfee1c9d709@group-28C297FF29FE-SegmentedRaftLogWorker close()
2019-10-11 10:08:49,636 [main] INFO  impl.RaftServerImpl (RaftServerImpl.java:lambda$shutdown$3(251)) - b908fea9-9d9e-4680-974c-d51461f1bcae@group-30660CB2130A: shutdown
2019-10-11 10:08:49,639 [ForkJoinPool.commonPool-worker-1] INFO  impl.RaftServerImpl (RaftServerImpl.java:lambda$shutdown$3(251)) - bd87c10d-2a97-4600-a4c6-dcfee1c9d709@group-30660CB2130A: shutdown
2019-10-11 10:08:49,639 [main] INFO  util.JmxRegister (JmxRegister.java:unregister(73)) - Successfully un-registered JMX Bean with object name Ratis:service=RaftServer,group=group-30660CB2130A,id=b908fea9-9d9e-4680-974c-d51461f1bcae
2019-10-11 10:08:49,640 [ForkJoinPool.commonPool-worker-1] INFO  util.JmxRegister (JmxRegister.java:unregister(73)) - Successfully un-registered JMX Bean with object name Ratis:service=RaftServer,group=group-30660CB2130A,id=bd87c10d-2a97-4600-a4c6-dcfee1c9d709
2019-10-11 10:08:49,640 [main] INFO  impl.RoleInfo (RoleInfo.java:shutdownFollowerState(121)) - b908fea9-9d9e-4680-974c-d51461f1bcae: shutdown FollowerState
2019-10-11 10:08:49,640 [ForkJoinPool.commonPool-worker-1] INFO  impl.RoleInfo (RoleInfo.java:shutdownLeaderState(104)) - bd87c10d-2a97-4600-a4c6-dcfee1c9d709: shutdown LeaderState
2019-10-11 10:08:49,641 [b908fea9-9d9e-4680-974c-d51461f1bcae@group-30660CB2130A-StateMachineUpdater] INFO  ratis.ContainerStateMachine (ContainerStateMachine.java:takeSnapshot(289)) - group-30660CB2130A: Taking a snapshot at:(t:1, i:3) file /workdir/hadoop-ozone/integration-test/target/test-dir/MiniOzoneClusterImpl-cc3d3d95-e844-4504-baa9-60eb8f0888b1/datanode-3/data/ratis/f67ab59a-794d-41bd-9ec7-30660cb2130a/sm/snapshot.1_3
2019-10-11 10:08:49,641 [Thread-326] INFO  impl.FollowerState (FollowerState.java:run(115)) - b908fea9-9d9e-4680-974c-d51461f1bcae: FollowerState was interrupted: java.lang.InterruptedException: sleep interrupted
2019-10-11 10:08:49,641 [main] INFO  impl.StateMachineUpdater (StateMachineUpdater.java:stopAndJoin(125)) - b908fea9-9d9e-4680-974c-d51461f1bcae@group-30660CB2130A-StateMachineUpdater: set stopIndex = 4
2019-10-11 10:08:49,644 [org.apache.ratis.server.impl.LogAppender$AppenderDaemon$$Lambda$497/1438792743@60b13e65] WARN  server.GrpcLogAppender (GrpcLogAppender.java:mayWait(143)) - bd87c10d-2a97-4600-a4c6-dcfee1c9d709@group-30660CB2130A->b908fea9-9d9e-4680-974c-d51461f1bcae-GrpcLogAppender: Wait interrupted by java.lang.InterruptedException
2019-10-11 10:08:49,644 [org.apache.ratis.server.impl.LogAppender$AppenderDaemon$$Lambda$497/1438792743@ff6a01] WARN  server.GrpcLogAppender (GrpcLogAppender.java:mayWait(143)) - bd87c10d-2a97-4600-a4c6-dcfee1c9d709@group-30660CB2130A->4302bdf4-b2bc-4d1b-92dc-dca675ac0824-GrpcLogAppender: Wait interrupted by java.lang.InterruptedException
2019-10-11 10:08:49,644 [ForkJoinPool.commonPool-worker-1] INFO  impl.PendingRequests (PendingRequests.java:sendNotLeaderResponses(202)) - bd87c10d-2a97-4600-a4c6-dcfee1c9d709-PendingRequests: sendNotLeaderResponses
2019-10-11 10:08:49,650 [ForkJoinPool.commonPool-worker-1] INFO  impl.StateMachineUpdater (StateMachineUpdater.java:stopAndJoin(125)) - bd87c10d-2a97-4600-a4c6-dcfee1c9d709@group-30660CB2130A-StateMachineUpdater: set stopIndex = 4
2019-10-11 10:08:49,652 [bd87c10d-2a97-4600-a4c6-dcfee1c9d709@group-30660CB2130A-StateMachineUpdater] INFO  ratis.ContainerStateMachine (ContainerStateMachine.java:takeSnapshot(289)) - group-30660CB2130A: Taking a snapshot at:(t:1, i:4) file /workdir/hadoop-ozone/integration-test/target/test-dir/MiniOzoneClusterImpl-cc3d3d95-e844-4504-baa9-60eb8f0888b1/datanode-2/data/ratis/f67ab59a-794d-41bd-9ec7-30660cb2130a/sm/snapshot.1_4
2019-10-11 10:08:49,652 [grpc-default-executor-5] INFO  server.GrpcServerProtocolService (GrpcServerProtocolService.java:onCompleted(113)) - 4302bdf4-b2bc-4d1b-92dc-dca675ac0824: Completed APPEND_ENTRIES, lastRequest: bd87c10d-2a97-4600-a4c6-dcfee1c9d709->4302bdf4-b2bc-4d1b-92dc-dca675ac0824#12-t1, previous=(t:1, i:4), leaderCommit=4, initializing? false, entries: <empty>
2019-10-11 10:08:49,652 [grpc-default-executor-1] INFO  server.GrpcServerProtocolService (GrpcServerProtocolService.java:onCompleted(113)) - b908fea9-9d9e-4680-974c-d51461f1bcae: Completed APPEND_ENTRIES, lastRequest: bd87c10d-2a97-4600-a4c6-dcfee1c9d709->b908fea9-9d9e-4680-974c-d51461f1bcae#12-t1, previous=(t:1, i:4), leaderCommit=4, initializing? false, entries: <empty>
2019-10-11 10:08:49,653 [grpc-default-executor-3] INFO  server.GrpcLogAppender (GrpcLogAppender.java:onCompleted(293)) - bd87c10d-2a97-4600-a4c6-dcfee1c9d709@group-30660CB2130A->4302bdf4-b2bc-4d1b-92dc-dca675ac0824-AppendLogResponseHandler: follower responses appendEntries COMPLETED
2019-10-11 10:08:49,653 [grpc-default-executor-1] INFO  server.GrpcLogAppender (GrpcLogAppender.java:onCompleted(293)) - bd87c10d-2a97-4600-a4c6-dcfee1c9d709@group-30660CB2130A->b908fea9-9d9e-4680-974c-d51461f1bcae-AppendLogResponseHandler: follower responses appendEntries COMPLETED
2019-10-11 10:08:49,657 [grpc-default-executor-3] INFO  impl.FollowerInfo (FollowerInfo.java:lambda$new$0(51)) - bd87c10d-2a97-4600-a4c6-dcfee1c9d709@group-30660CB2130A->4302bdf4-b2bc-4d1b-92dc-dca675ac0824: nextIndex: updateUnconditionally 5 -> 4
2019-10-11 10:08:49,657 [grpc-default-executor-1] INFO  impl.FollowerInfo (FollowerInfo.java:lambda$new$0(51)) - bd87c10d-2a97-4600-a4c6-dcfee1c9d709@group-30660CB2130A->b908fea9-9d9e-4680-974c-d51461f1bcae: nextIndex: updateUnconditionally 5 -> 4
2019-10-11 10:08:49,670 [b908fea9-9d9e-4680-974c-d51461f1bcae@group-30660CB2130A-StateMachineUpdater] INFO  ratis.ContainerStateMachine (ContainerStateMachine.java:takeSnapshot(300)) - group-30660CB2130A: Finished taking a snapshot at:(t:1, i:3) file:/workdir/hadoop-ozone/integration-test/target/test-dir/MiniOzoneClusterImpl-cc3d3d95-e844-4504-baa9-60eb8f0888b1/datanode-3/data/ratis/f67ab59a-794d-41bd-9ec7-30660cb2130a/sm/snapshot.1_3 time:29
2019-10-11 10:08:49,670 [bd87c10d-2a97-4600-a4c6-dcfee1c9d709@group-30660CB2130A-StateMachineUpdater] INFO  ratis.ContainerStateMachine (ContainerStateMachine.java:takeSnapshot(300)) - group-30660CB2130A: Finished taking a snapshot at:(t:1, i:4) file:/workdir/hadoop-ozone/integration-test/target/test-dir/MiniOzoneClusterImpl-cc3d3d95-e844-4504-baa9-60eb8f0888b1/datanode-2/data/ratis/f67ab59a-794d-41bd-9ec7-30660cb2130a/sm/snapshot.1_4 time:19
2019-10-11 10:08:49,670 [b908fea9-9d9e-4680-974c-d51461f1bcae@group-30660CB2130A-StateMachineUpdater] INFO  impl.StateMachineUpdater (StateMachineUpdater.java:takeSnapshot(258)) - b908fea9-9d9e-4680-974c-d51461f1bcae@group-30660CB2130A-StateMachineUpdater: Took a snapshot at index 3
2019-10-11 10:08:49,670 [bd87c10d-2a97-4600-a4c6-dcfee1c9d709@group-30660CB2130A-StateMachineUpdater] INFO  impl.StateMachineUpdater (StateMachineUpdater.java:takeSnapshot(258)) - bd87c10d-2a97-4600-a4c6-dcfee1c9d709@group-30660CB2130A-StateMachineUpdater: Took a snapshot at index 4
2019-10-11 10:08:49,670 [b908fea9-9d9e-4680-974c-d51461f1bcae@group-30660CB2130A-StateMachineUpdater] INFO  impl.StateMachineUpdater (StateMachineUpdater.java:lambda$new$0(83)) - b908fea9-9d9e-4680-974c-d51461f1bcae@group-30660CB2130A-StateMachineUpdater: snapshotIndex: updateIncreasingly -1 -> 3
2019-10-11 10:08:49,670 [bd87c10d-2a97-4600-a4c6-dcfee1c9d709@group-30660CB2130A-StateMachineUpdater] INFO  impl.StateMachineUpdater (StateMachineUpdater.java:lambda$new$0(83)) - bd87c10d-2a97-4600-a4c6-dcfee1c9d709@group-30660CB2130A-StateMachineUpdater: snapshotIndex: updateIncreasingly -1 -> 4
2019-10-11 10:08:49,671 [b908fea9-9d9e-4680-974c-d51461f1bcae@group-30660CB2130A-StateMachineUpdater] INFO  ratis.ContainerStateMachine (ContainerStateMachine.java:takeSnapshot(289)) - group-30660CB2130A: Taking a snapshot at:(t:1, i:3) file /workdir/hadoop-ozone/integration-test/target/test-dir/MiniOzoneClusterImpl-cc3d3d95-e844-4504-baa9-60eb8f0888b1/datanode-3/data/ratis/f67ab59a-794d-41bd-9ec7-30660cb2130a/sm/snapshot.1_3
2019-10-11 10:08:49,671 [ForkJoinPool.commonPool-worker-1] INFO  impl.RaftServerImpl (ServerState.java:close(385)) - bd87c10d-2a97-4600-a4c6-dcfee1c9d709@group-30660CB2130A: closes. applyIndex: 4
2019-10-11 10:08:49,672 [bd87c10d-2a97-4600-a4c6-dcfee1c9d709@group-30660CB2130A-SegmentedRaftLogWorker] INFO  segmented.SegmentedRaftLogWorker (SegmentedRaftLogWorker.java:run(313)) - bd87c10d-2a97-4600-a4c6-dcfee1c9d709@group-30660CB2130A-SegmentedRaftLogWorker was interrupted, exiting. There are 0 tasks remaining in the queue.
2019-10-11 10:08:49,679 [ForkJoinPool.commonPool-worker-1] INFO  segmented.SegmentedRaftLogWorker (SegmentedRaftLogWorker.java:close(228)) - bd87c10d-2a97-4600-a4c6-dcfee1c9d709@group-30660CB2130A-SegmentedRaftLogWorker close()
2019-10-11 10:08:49,682 [ForkJoinPool.commonPool-worker-1] INFO  impl.RaftServerImpl (RaftServerImpl.java:lambda$shutdown$3(251)) - bd87c10d-2a97-4600-a4c6-dcfee1c9d709@group-40C088226284: shutdown
2019-10-11 10:08:49,682 [ForkJoinPool.commonPool-worker-1] INFO  util.JmxRegister (JmxRegister.java:unregister(73)) - Successfully un-registered JMX Bean with object name Ratis:service=RaftServer,group=group-40C088226284,id=bd87c10d-2a97-4600-a4c6-dcfee1c9d709
2019-10-11 10:08:49,682 [ForkJoinPool.commonPool-worker-1] INFO  impl.RoleInfo (RoleInfo.java:shutdownFollowerState(121)) - bd87c10d-2a97-4600-a4c6-dcfee1c9d709: shutdown FollowerState
2019-10-11 10:08:49,682 [ForkJoinPool.commonPool-worker-1] INFO  impl.StateMachineUpdater (StateMachineUpdater.java:stopAndJoin(125)) - bd87c10d-2a97-4600-a4c6-dcfee1c9d709@group-40C088226284-StateMachineUpdater: set stopIndex = 0
2019-10-11 10:08:49,683 [Thread-350] INFO  impl.FollowerState (FollowerState.java:run(115)) - bd87c10d-2a97-4600-a4c6-dcfee1c9d709: FollowerState was interrupted: java.lang.InterruptedException: sleep interrupted
2019-10-11 10:08:49,683 [ForkJoinPool.commonPool-worker-1] INFO  impl.RaftServerImpl (ServerState.java:close(385)) - bd87c10d-2a97-4600-a4c6-dcfee1c9d709@group-40C088226284: closes. applyIndex: 0
2019-10-11 10:08:49,683 [bd87c10d-2a97-4600-a4c6-dcfee1c9d709@group-40C088226284-SegmentedRaftLogWorker] INFO  segmented.SegmentedRaftLogWorker (SegmentedRaftLogWorker.java:run(313)) - bd87c10d-2a97-4600-a4c6-dcfee1c9d709@group-40C088226284-SegmentedRaftLogWorker was interrupted, exiting. There are 0 tasks remaining in the queue.
2019-10-11 10:08:49,685 [ForkJoinPool.commonPool-worker-1] INFO  segmented.SegmentedRaftLogWorker (SegmentedRaftLogWorker.java:close(228)) - bd87c10d-2a97-4600-a4c6-dcfee1c9d709@group-40C088226284-SegmentedRaftLogWorker close()
2019-10-11 10:08:49,697 [ForkJoinPool.commonPool-worker-1] INFO  server.GrpcService (GrpcService.java:closeImpl(164)) - bd87c10d-2a97-4600-a4c6-dcfee1c9d709: shutdown server with port 37535 now
2019-10-11 10:08:49,697 [b908fea9-9d9e-4680-974c-d51461f1bcae@group-30660CB2130A-StateMachineUpdater] INFO  ratis.ContainerStateMachine (ContainerStateMachine.java:takeSnapshot(300)) - group-30660CB2130A: Finished taking a snapshot at:(t:1, i:3) file:/workdir/hadoop-ozone/integration-test/target/test-dir/MiniOzoneClusterImpl-cc3d3d95-e844-4504-baa9-60eb8f0888b1/datanode-3/data/ratis/f67ab59a-794d-41bd-9ec7-30660cb2130a/sm/snapshot.1_3 time:26
2019-10-11 10:08:49,698 [b908fea9-9d9e-4680-974c-d51461f1bcae@group-30660CB2130A-StateMachineUpdater] INFO  impl.StateMachineUpdater (StateMachineUpdater.java:takeSnapshot(258)) - b908fea9-9d9e-4680-974c-d51461f1bcae@group-30660CB2130A-StateMachineUpdater: Took a snapshot at index 3
2019-10-11 10:08:49,698 [b908fea9-9d9e-4680-974c-d51461f1bcae@group-30660CB2130A-StateMachineUpdater] INFO  impl.StateMachineUpdater (StateMachineUpdater.java:lambda$new$0(83)) - b908fea9-9d9e-4680-974c-d51461f1bcae@group-30660CB2130A-StateMachineUpdater: snapshotIndex: updateIncreasingly 3 -> 3
2019-10-11 10:08:49,698 [grpc-default-executor-3] WARN  server.GrpcServerProtocolService (LogUtils.java:warn(134)) - bd87c10d-2a97-4600-a4c6-dcfee1c9d709: installSnapshot onError, lastRequest: 4302bdf4-b2bc-4d1b-92dc-dca675ac0824->bd87c10d-2a97-4600-a4c6-dcfee1c9d709#8-t1, previous=(t:1, i:0), leaderCommit=0, initializing? false, entries: <empty>: org.apache.ratis.thirdparty.io.grpc.StatusRuntimeException: CANCELLED: cancelled before receiving half close
2019-10-11 10:08:49,698 [ForkJoinPool.commonPool-worker-1] INFO  server.GrpcService (GrpcService.java:closeImpl(172)) - bd87c10d-2a97-4600-a4c6-dcfee1c9d709: shutdown server with port 37535 successfully
2019-10-11 10:08:49,698 [grpc-default-executor-4] WARN  server.GrpcLogAppender (LogUtils.java:warn(134)) - 4302bdf4-b2bc-4d1b-92dc-dca675ac0824@group-40C088226284->bd87c10d-2a97-4600-a4c6-dcfee1c9d709-AppendLogResponseHandler: Failed appendEntries: org.apache.ratis.thirdparty.io.grpc.StatusRuntimeException: CANCELLED: HTTP/2 error code: CANCEL
Received Rst Stream
2019-10-11 10:08:49,698 [main] INFO  impl.RaftServerImpl (ServerState.java:close(385)) - b908fea9-9d9e-4680-974c-d51461f1bcae@group-30660CB2130A: closes. applyIndex: 4
2019-10-11 10:08:49,701 [grpc-default-executor-4] INFO  impl.FollowerInfo (FollowerInfo.java:lambda$new$0(51)) - 4302bdf4-b2bc-4d1b-92dc-dca675ac0824@group-40C088226284->bd87c10d-2a97-4600-a4c6-dcfee1c9d709: nextIndex: updateUnconditionally 1 -> 0
2019-10-11 10:08:49,701 [b908fea9-9d9e-4680-974c-d51461f1bcae@group-30660CB2130A-SegmentedRaftLogWorker] INFO  segmented.SegmentedRaftLogWorker (SegmentedRaftLogWorker.java:run(313)) - b908fea9-9d9e-4680-974c-d51461f1bcae@group-30660CB2130A-SegmentedRaftLogWorker was interrupted, exiting. There are 0 tasks remaining in the queue.
2019-10-11 10:08:49,701 [main] INFO  segmented.SegmentedRaftLogWorker (SegmentedRaftLogWorker.java:close(228)) - b908fea9-9d9e-4680-974c-d51461f1bcae@group-30660CB2130A-SegmentedRaftLogWorker close()
2019-10-11 10:08:49,704 [main] INFO  impl.RaftServerImpl (RaftServerImpl.java:lambda$shutdown$3(251)) - b908fea9-9d9e-4680-974c-d51461f1bcae@group-40C088226284: shutdown
2019-10-11 10:08:49,704 [main] INFO  util.JmxRegister (JmxRegister.java:unregister(73)) - Successfully un-registered JMX Bean with object name Ratis:service=RaftServer,group=group-40C088226284,id=b908fea9-9d9e-4680-974c-d51461f1bcae
2019-10-11 10:08:49,705 [main] INFO  impl.RoleInfo (RoleInfo.java:shutdownFollowerState(121)) - b908fea9-9d9e-4680-974c-d51461f1bcae: shutdown FollowerState
2019-10-11 10:08:49,705 [main] INFO  impl.StateMachineUpdater (StateMachineUpdater.java:stopAndJoin(125)) - b908fea9-9d9e-4680-974c-d51461f1bcae@group-40C088226284-StateMachineUpdater: set stopIndex = 0
2019-10-11 10:08:49,705 [Thread-334] INFO  impl.FollowerState (FollowerState.java:run(115)) - b908fea9-9d9e-4680-974c-d51461f1bcae: FollowerState was interrupted: java.lang.InterruptedException: sleep interrupted
2019-10-11 10:08:49,706 [main] INFO  impl.RaftServerImpl (ServerState.java:close(385)) - b908fea9-9d9e-4680-974c-d51461f1bcae@group-40C088226284: closes. applyIndex: 0
2019-10-11 10:08:49,706 [b908fea9-9d9e-4680-974c-d51461f1bcae@group-40C088226284-SegmentedRaftLogWorker] INFO  segmented.SegmentedRaftLogWorker (SegmentedRaftLogWorker.java:run(313)) - b908fea9-9d9e-4680-974c-d51461f1bcae@group-40C088226284-SegmentedRaftLogWorker was interrupted, exiting. There are 0 tasks remaining in the queue.
2019-10-11 10:08:49,706 [main] INFO  segmented.SegmentedRaftLogWorker (SegmentedRaftLogWorker.java:close(228)) - b908fea9-9d9e-4680-974c-d51461f1bcae@group-40C088226284-SegmentedRaftLogWorker close()
2019-10-11 10:08:49,708 [main] INFO  server.GrpcService (GrpcService.java:closeImpl(164)) - b908fea9-9d9e-4680-974c-d51461f1bcae: shutdown server with port 39068 now
2019-10-11 10:08:49,710 [grpc-default-executor-3] WARN  server.GrpcServerProtocolService (LogUtils.java:warn(134)) - b908fea9-9d9e-4680-974c-d51461f1bcae: installSnapshot onError, lastRequest: 4302bdf4-b2bc-4d1b-92dc-dca675ac0824->b908fea9-9d9e-4680-974c-d51461f1bcae#8-t1, previous=(t:1, i:0), leaderCommit=0, initializing? false, entries: <empty>: org.apache.ratis.thirdparty.io.grpc.StatusRuntimeException: CANCELLED: cancelled before receiving half close
2019-10-11 10:08:49,710 [main] INFO  server.GrpcService (GrpcService.java:closeImpl(172)) - b908fea9-9d9e-4680-974c-d51461f1bcae: shutdown server with port 39068 successfully
2019-10-11 10:08:49,710 [grpc-default-executor-4] WARN  server.GrpcLogAppender (LogUtils.java:warn(134)) - 4302bdf4-b2bc-4d1b-92dc-dca675ac0824@group-40C088226284->b908fea9-9d9e-4680-974c-d51461f1bcae-AppendLogResponseHandler: Failed appendEntries: org.apache.ratis.thirdparty.io.grpc.StatusRuntimeException: CANCELLED: HTTP/2 error code: CANCEL
Received Rst Stream
2019-10-11 10:08:49,715 [grpc-default-executor-4] INFO  impl.FollowerInfo (FollowerInfo.java:lambda$new$0(51)) - 4302bdf4-b2bc-4d1b-92dc-dca675ac0824@group-40C088226284->b908fea9-9d9e-4680-974c-d51461f1bcae: nextIndex: updateUnconditionally 1 -> 0
2019-10-11 10:08:49,719 [refreshUsed-/workdir/hadoop-ozone/integration-test/target/test-dir/MiniOzoneClusterImpl-cc3d3d95-e844-4504-baa9-60eb8f0888b1/datanode-2/data/containers] WARN  fs.CachingGetSpaceUsed (CachingGetSpaceUsed.java:run(183)) - Thread Interrupted waiting to refresh disk information: sleep interrupted
2019-10-11 10:08:49,732 [refreshUsed-/workdir/hadoop-ozone/integration-test/target/test-dir/MiniOzoneClusterImpl-cc3d3d95-e844-4504-baa9-60eb8f0888b1/datanode-3/data/containers] WARN  fs.CachingGetSpaceUsed (CachingGetSpaceUsed.java:run(183)) - Thread Interrupted waiting to refresh disk information: sleep interrupted
2019-10-11 10:08:49,737 [ForkJoinPool.commonPool-worker-1] INFO  utils.BackgroundService (BackgroundService.java:shutdown(148)) - Shutting down service BlockDeletingService
2019-10-11 10:08:49,740 [ForkJoinPool.commonPool-worker-1] INFO  statemachine.DatanodeStateMachine (DatanodeStateMachine.java:stopDaemon(395)) - Ozone container server stopped.
2019-10-11 10:08:49,744 [ForkJoinPool.commonPool-worker-1] INFO  handler.ContextHandler (ContextHandler.java:doStop(910)) - Stopped o.e.j.w.WebAppContext@7ecec90d{/,null,UNAVAILABLE}{/hddsDatanode}
2019-10-11 10:08:49,745 [ForkJoinPool.commonPool-worker-1] INFO  server.AbstractConnector (AbstractConnector.java:doStop(318)) - Stopped ServerConnector@588f63c{HTTP/1.1,[http/1.1]}{0.0.0.0:0}
2019-10-11 10:08:49,746 [ForkJoinPool.commonPool-worker-1] INFO  handler.ContextHandler (ContextHandler.java:doStop(910)) - Stopped o.e.j.s.ServletContextHandler@712cfb63{/static,jar:file:/home/user/.m2/repository/org/apache/hadoop/hadoop-hdds-container-service/0.5.0-SNAPSHOT/hadoop-hdds-container-service-0.5.0-SNAPSHOT.jar!/webapps/static,UNAVAILABLE}
2019-10-11 10:08:49,747 [ForkJoinPool.commonPool-worker-1] INFO  handler.ContextHandler (ContextHandler.java:doStop(910)) - Stopped o.e.j.s.ServletContextHandler@726aa968{/logs,file:///workdir/hadoop-ozone/integration-test/target/log,UNAVAILABLE}
2019-10-11 10:08:49,752 [main] INFO  utils.BackgroundService (BackgroundService.java:shutdown(148)) - Shutting down service BlockDeletingService
2019-10-11 10:08:49,755 [main] INFO  statemachine.DatanodeStateMachine (DatanodeStateMachine.java:stopDaemon(395)) - Ozone container server stopped.
2019-10-11 10:08:49,756 [main] INFO  handler.ContextHandler (ContextHandler.java:doStop(910)) - Stopped o.e.j.w.WebAppContext@715b886f{/,null,UNAVAILABLE}{/hddsDatanode}
2019-10-11 10:08:49,756 [main] INFO  server.AbstractConnector (AbstractConnector.java:doStop(318)) - Stopped ServerConnector@7fb29ca9{HTTP/1.1,[http/1.1]}{0.0.0.0:0}
2019-10-11 10:08:49,757 [main] INFO  handler.ContextHandler (ContextHandler.java:doStop(910)) - Stopped o.e.j.s.ServletContextHandler@762637be{/static,jar:file:/home/user/.m2/repository/org/apache/hadoop/hadoop-hdds-container-service/0.5.0-SNAPSHOT/hadoop-hdds-container-service-0.5.0-SNAPSHOT.jar!/webapps/static,UNAVAILABLE}
2019-10-11 10:08:49,757 [main] INFO  handler.ContextHandler (ContextHandler.java:doStop(910)) - Stopped o.e.j.s.ServletContextHandler@72f9f27c{/logs,file:///workdir/hadoop-ozone/integration-test/target/log,UNAVAILABLE}
2019-10-11 10:08:49,770 [grpc-default-executor-5] WARN  server.GrpcLogAppender (LogUtils.java:warn(134)) - 4302bdf4-b2bc-4d1b-92dc-dca675ac0824@group-40C088226284->b908fea9-9d9e-4680-974c-d51461f1bcae-AppendLogResponseHandler: Failed appendEntries: org.apache.ratis.thirdparty.io.grpc.StatusRuntimeException: UNAVAILABLE: io exception
2019-10-11 10:08:49,770 [grpc-default-executor-1] WARN  server.GrpcLogAppender (LogUtils.java:warn(134)) - 4302bdf4-b2bc-4d1b-92dc-dca675ac0824@group-40C088226284->bd87c10d-2a97-4600-a4c6-dcfee1c9d709-AppendLogResponseHandler: Failed appendEntries: org.apache.ratis.thirdparty.io.grpc.StatusRuntimeException: UNAVAILABLE: io exception
2019-10-11 10:08:49,771 [grpc-default-executor-5] INFO  impl.FollowerInfo (FollowerInfo.java:lambda$new$0(51)) - 4302bdf4-b2bc-4d1b-92dc-dca675ac0824@group-40C088226284->b908fea9-9d9e-4680-974c-d51461f1bcae: nextIndex: updateUnconditionally 0 -> 0
2019-10-11 10:08:49,772 [grpc-default-executor-1] INFO  impl.FollowerInfo (FollowerInfo.java:lambda$new$0(51)) - 4302bdf4-b2bc-4d1b-92dc-dca675ac0824@group-40C088226284->bd87c10d-2a97-4600-a4c6-dcfee1c9d709: nextIndex: updateUnconditionally 0 -> 0
2019-10-11 10:08:49,879 [Datanode State Machine Thread - 0] INFO  statemachine.DatanodeStateMachine (DatanodeStateMachine.java:lambda$startDaemon$0(350)) - Ozone container server started.
2019-10-11 10:08:49,969 [Thread-358] INFO  impl.FollowerState (FollowerState.java:run(106)) - fd0f34a3-07b1-4956-8232-be1a3f5e6261:group-A39EDD5CFBEB changes to CANDIDATE, lastRpcTime:7550, electionTimeout:5118ms
2019-10-11 10:08:49,970 [Thread-358] INFO  impl.RoleInfo (RoleInfo.java:shutdownFollowerState(121)) - fd0f34a3-07b1-4956-8232-be1a3f5e6261: shutdown FollowerState
2019-10-11 10:08:49,970 [Thread-358] INFO  impl.RaftServerImpl (RaftServerImpl.java:setRole(174)) - fd0f34a3-07b1-4956-8232-be1a3f5e6261@group-A39EDD5CFBEB: changes role from  FOLLOWER to CANDIDATE at term 1 for changeToCandidate
2019-10-11 10:08:49,970 [Thread-358] INFO  impl.RoleInfo (RoleInfo.java:updateAndGet(143)) - fd0f34a3-07b1-4956-8232-be1a3f5e6261: start LeaderElection
2019-10-11 10:08:49,970 [fd0f34a3-07b1-4956-8232-be1a3f5e6261@group-A39EDD5CFBEB:LeaderElection17] INFO  impl.RaftServerImpl (ServerState.java:setLeader(253)) - fd0f34a3-07b1-4956-8232-be1a3f5e6261@group-A39EDD5CFBEB: change Leader from 2a3896bf-c579-4beb-9043-be047c7720ce to null at term 1 for initElection
2019-10-11 10:08:49,999 [fd0f34a3-07b1-4956-8232-be1a3f5e6261@group-A39EDD5CFBEB:LeaderElection17] INFO  impl.LeaderElection (LeaderElection.java:askForVotes(182)) - fd0f34a3-07b1-4956-8232-be1a3f5e6261@group-A39EDD5CFBEB:LeaderElection17: begin an election at term 2 for 0: [2a3896bf-c579-4beb-9043-be047c7720ce:192.168.164.221:35466, c72dbeab-b6e2-48b8-b87b-77765a61575f:192.168.164.221:45506, fd0f34a3-07b1-4956-8232-be1a3f5e6261:192.168.164.221:42219], old=null
2019-10-11 10:08:50,004 [fd0f34a3-07b1-4956-8232-be1a3f5e6261@group-A39EDD5CFBEB:LeaderElection17] INFO  impl.LeaderElection (LogUtils.java:infoOrTrace(149)) - fd0f34a3-07b1-4956-8232-be1a3f5e6261@group-A39EDD5CFBEB:LeaderElection17 got exception when requesting votes: {}
java.util.concurrent.ExecutionException: org.apache.ratis.thirdparty.io.grpc.StatusRuntimeException: UNAVAILABLE: io exception
	at java.util.concurrent.FutureTask.report(FutureTask.java:122)
	at java.util.concurrent.FutureTask.get(FutureTask.java:192)
	at org.apache.ratis.server.impl.LeaderElection.waitForResults(LeaderElection.java:263)
	at org.apache.ratis.server.impl.LeaderElection.askForVotes(LeaderElection.java:201)
	at org.apache.ratis.server.impl.LeaderElection.run(LeaderElection.java:133)
	at java.lang.Thread.run(Thread.java:748)
Caused by: org.apache.ratis.thirdparty.io.grpc.StatusRuntimeException: UNAVAILABLE: io exception
	at org.apache.ratis.thirdparty.io.grpc.stub.ClientCalls.toStatusRuntimeException(ClientCalls.java:233)
	at org.apache.ratis.thirdparty.io.grpc.stub.ClientCalls.getUnchecked(ClientCalls.java:214)
	at org.apache.ratis.thirdparty.io.grpc.stub.ClientCalls.blockingUnaryCall(ClientCalls.java:139)
	at org.apache.ratis.proto.grpc.RaftServerProtocolServiceGrpc$RaftServerProtocolServiceBlockingStub.requestVote(RaftServerProtocolServiceGrpc.java:265)
	at org.apache.ratis.grpc.server.GrpcServerProtocolClient.requestVote(GrpcServerProtocolClient.java:90)
	at org.apache.ratis.grpc.server.GrpcService.requestVote(GrpcService.java:204)
	at org.apache.ratis.server.impl.LeaderElection.lambda$submitRequests$1(LeaderElection.java:238)
	at java.util.concurrent.FutureTask.run(FutureTask.java:266)
	at java.util.concurrent.Executors$RunnableAdapter.call(Executors.java:511)
	at java.util.concurrent.FutureTask.run(FutureTask.java:266)
	at java.util.concurrent.ThreadPoolExecutor.runWorker(ThreadPoolExecutor.java:1149)
	at java.util.concurrent.ThreadPoolExecutor$Worker.run(ThreadPoolExecutor.java:624)
	... 1 more
Caused by: org.apache.ratis.thirdparty.io.netty.channel.AbstractChannel$AnnotatedConnectException: Connection refused: /192.168.164.221:45506
	at sun.nio.ch.SocketChannelImpl.checkConnect(Native Method)
	at sun.nio.ch.SocketChannelImpl.finishConnect(SocketChannelImpl.java:717)
	at org.apache.ratis.thirdparty.io.netty.channel.socket.nio.NioSocketChannel.doFinishConnect(NioSocketChannel.java:327)
	at org.apache.ratis.thirdparty.io.netty.channel.nio.AbstractNioChannel$AbstractNioUnsafe.finishConnect(AbstractNioChannel.java:340)
	at org.apache.ratis.thirdparty.io.netty.channel.nio.NioEventLoop.processSelectedKey(NioEventLoop.java:632)
	at org.apache.ratis.thirdparty.io.netty.channel.nio.NioEventLoop.processSelectedKeysOptimized(NioEventLoop.java:579)
	at org.apache.ratis.thirdparty.io.netty.channel.nio.NioEventLoop.processSelectedKeys(NioEventLoop.java:496)
	at org.apache.ratis.thirdparty.io.netty.channel.nio.NioEventLoop.run(NioEventLoop.java:458)
	at org.apache.ratis.thirdparty.io.netty.util.concurrent.SingleThreadEventExecutor$5.run(SingleThreadEventExecutor.java:897)
	at org.apache.ratis.thirdparty.io.netty.util.concurrent.FastThreadLocalRunnable.run(FastThreadLocalRunnable.java:30)
	... 1 more
Caused by: java.net.ConnectException: Connection refused
	... 11 more
2019-10-11 10:08:50,007 [fd0f34a3-07b1-4956-8232-be1a3f5e6261@group-A39EDD5CFBEB:LeaderElection17] INFO  impl.LeaderElection (LogUtils.java:infoOrTrace(149)) - fd0f34a3-07b1-4956-8232-be1a3f5e6261@group-A39EDD5CFBEB:LeaderElection17 got exception when requesting votes: {}
java.util.concurrent.ExecutionException: org.apache.ratis.thirdparty.io.grpc.StatusRuntimeException: UNAVAILABLE: io exception
	at java.util.concurrent.FutureTask.report(FutureTask.java:122)
	at java.util.concurrent.FutureTask.get(FutureTask.java:192)
	at org.apache.ratis.server.impl.LeaderElection.waitForResults(LeaderElection.java:263)
	at org.apache.ratis.server.impl.LeaderElection.askForVotes(LeaderElection.java:201)
	at org.apache.ratis.server.impl.LeaderElection.run(LeaderElection.java:133)
	at java.lang.Thread.run(Thread.java:748)
Caused by: org.apache.ratis.thirdparty.io.grpc.StatusRuntimeException: UNAVAILABLE: io exception
	at org.apache.ratis.thirdparty.io.grpc.stub.ClientCalls.toStatusRuntimeException(ClientCalls.java:233)
	at org.apache.ratis.thirdparty.io.grpc.stub.ClientCalls.getUnchecked(ClientCalls.java:214)
	at org.apache.ratis.thirdparty.io.grpc.stub.ClientCalls.blockingUnaryCall(ClientCalls.java:139)
	at org.apache.ratis.proto.grpc.RaftServerProtocolServiceGrpc$RaftServerProtocolServiceBlockingStub.requestVote(RaftServerProtocolServiceGrpc.java:265)
	at org.apache.ratis.grpc.server.GrpcServerProtocolClient.requestVote(GrpcServerProtocolClient.java:90)
	at org.apache.ratis.grpc.server.GrpcService.requestVote(GrpcService.java:204)
	at org.apache.ratis.server.impl.LeaderElection.lambda$submitRequests$1(LeaderElection.java:238)
	at java.util.concurrent.FutureTask.run(FutureTask.java:266)
	at java.util.concurrent.Executors$RunnableAdapter.call(Executors.java:511)
	at java.util.concurrent.FutureTask.run(FutureTask.java:266)
	at java.util.concurrent.ThreadPoolExecutor.runWorker(ThreadPoolExecutor.java:1149)
	at java.util.concurrent.ThreadPoolExecutor$Worker.run(ThreadPoolExecutor.java:624)
	... 1 more
Caused by: org.apache.ratis.thirdparty.io.netty.channel.AbstractChannel$AnnotatedConnectException: Connection refused: /192.168.164.221:35466
	at sun.nio.ch.SocketChannelImpl.checkConnect(Native Method)
	at sun.nio.ch.SocketChannelImpl.finishConnect(SocketChannelImpl.java:717)
	at org.apache.ratis.thirdparty.io.netty.channel.socket.nio.NioSocketChannel.doFinishConnect(NioSocketChannel.java:327)
	at org.apache.ratis.thirdparty.io.netty.channel.nio.AbstractNioChannel$AbstractNioUnsafe.finishConnect(AbstractNioChannel.java:340)
	at org.apache.ratis.thirdparty.io.netty.channel.nio.NioEventLoop.processSelectedKey(NioEventLoop.java:632)
	at org.apache.ratis.thirdparty.io.netty.channel.nio.NioEventLoop.processSelectedKeysOptimized(NioEventLoop.java:579)
	at org.apache.ratis.thirdparty.io.netty.channel.nio.NioEventLoop.processSelectedKeys(NioEventLoop.java:496)
	at org.apache.ratis.thirdparty.io.netty.channel.nio.NioEventLoop.run(NioEventLoop.java:458)
	at org.apache.ratis.thirdparty.io.netty.util.concurrent.SingleThreadEventExecutor$5.run(SingleThreadEventExecutor.java:897)
	at org.apache.ratis.thirdparty.io.netty.util.concurrent.FastThreadLocalRunnable.run(FastThreadLocalRunnable.java:30)
	... 1 more
Caused by: java.net.ConnectException: Connection refused
	... 11 more
2019-10-11 10:08:50,010 [fd0f34a3-07b1-4956-8232-be1a3f5e6261@group-A39EDD5CFBEB:LeaderElection17] INFO  impl.LeaderElection (LeaderElection.java:logAndReturn(56)) - fd0f34a3-07b1-4956-8232-be1a3f5e6261@group-A39EDD5CFBEB:LeaderElection17: Election REJECTED; received 0 response(s) [] and 2 exception(s); fd0f34a3-07b1-4956-8232-be1a3f5e6261@group-A39EDD5CFBEB:t2, leader=null, voted=fd0f34a3-07b1-4956-8232-be1a3f5e6261, raftlog=fd0f34a3-07b1-4956-8232-be1a3f5e6261@group-A39EDD5CFBEB-SegmentedRaftLog:OPENED:c0,f0,i0, conf=0: [2a3896bf-c579-4beb-9043-be047c7720ce:192.168.164.221:35466, c72dbeab-b6e2-48b8-b87b-77765a61575f:192.168.164.221:45506, fd0f34a3-07b1-4956-8232-be1a3f5e6261:192.168.164.221:42219], old=null
2019-10-11 10:08:50,010 [fd0f34a3-07b1-4956-8232-be1a3f5e6261@group-A39EDD5CFBEB:LeaderElection17] INFO  impl.LeaderElection (LogUtils.java:infoOrTrace(149)) -   Exception 0: {}
java.util.concurrent.ExecutionException: org.apache.ratis.thirdparty.io.grpc.StatusRuntimeException: UNAVAILABLE: io exception
	at java.util.concurrent.FutureTask.report(FutureTask.java:122)
	at java.util.concurrent.FutureTask.get(FutureTask.java:192)
	at org.apache.ratis.server.impl.LeaderElection.waitForResults(LeaderElection.java:263)
	at org.apache.ratis.server.impl.LeaderElection.askForVotes(LeaderElection.java:201)
	at org.apache.ratis.server.impl.LeaderElection.run(LeaderElection.java:133)
	at java.lang.Thread.run(Thread.java:748)
Caused by: org.apache.ratis.thirdparty.io.grpc.StatusRuntimeException: UNAVAILABLE: io exception
	at org.apache.ratis.thirdparty.io.grpc.stub.ClientCalls.toStatusRuntimeException(ClientCalls.java:233)
	at org.apache.ratis.thirdparty.io.grpc.stub.ClientCalls.getUnchecked(ClientCalls.java:214)
	at org.apache.ratis.thirdparty.io.grpc.stub.ClientCalls.blockingUnaryCall(ClientCalls.java:139)
	at org.apache.ratis.proto.grpc.RaftServerProtocolServiceGrpc$RaftServerProtocolServiceBlockingStub.requestVote(RaftServerProtocolServiceGrpc.java:265)
	at org.apache.ratis.grpc.server.GrpcServerProtocolClient.requestVote(GrpcServerProtocolClient.java:90)
	at org.apache.ratis.grpc.server.GrpcService.requestVote(GrpcService.java:204)
	at org.apache.ratis.server.impl.LeaderElection.lambda$submitRequests$1(LeaderElection.java:238)
	at java.util.concurrent.FutureTask.run(FutureTask.java:266)
	at java.util.concurrent.Executors$RunnableAdapter.call(Executors.java:511)
	at java.util.concurrent.FutureTask.run(FutureTask.java:266)
	at java.util.concurrent.ThreadPoolExecutor.runWorker(ThreadPoolExecutor.java:1149)
	at java.util.concurrent.ThreadPoolExecutor$Worker.run(ThreadPoolExecutor.java:624)
	... 1 more
Caused by: org.apache.ratis.thirdparty.io.netty.channel.AbstractChannel$AnnotatedConnectException: Connection refused: /192.168.164.221:45506
	at sun.nio.ch.SocketChannelImpl.checkConnect(Native Method)
	at sun.nio.ch.SocketChannelImpl.finishConnect(SocketChannelImpl.java:717)
	at org.apache.ratis.thirdparty.io.netty.channel.socket.nio.NioSocketChannel.doFinishConnect(NioSocketChannel.java:327)
	at org.apache.ratis.thirdparty.io.netty.channel.nio.AbstractNioChannel$AbstractNioUnsafe.finishConnect(AbstractNioChannel.java:340)
	at org.apache.ratis.thirdparty.io.netty.channel.nio.NioEventLoop.processSelectedKey(NioEventLoop.java:632)
	at org.apache.ratis.thirdparty.io.netty.channel.nio.NioEventLoop.processSelectedKeysOptimized(NioEventLoop.java:579)
	at org.apache.ratis.thirdparty.io.netty.channel.nio.NioEventLoop.processSelectedKeys(NioEventLoop.java:496)
	at org.apache.ratis.thirdparty.io.netty.channel.nio.NioEventLoop.run(NioEventLoop.java:458)
	at org.apache.ratis.thirdparty.io.netty.util.concurrent.SingleThreadEventExecutor$5.run(SingleThreadEventExecutor.java:897)
	at org.apache.ratis.thirdparty.io.netty.util.concurrent.FastThreadLocalRunnable.run(FastThreadLocalRunnable.java:30)
	... 1 more
Caused by: java.net.ConnectException: Connection refused
	... 11 more
2019-10-11 10:08:50,011 [fd0f34a3-07b1-4956-8232-be1a3f5e6261@group-A39EDD5CFBEB:LeaderElection17] INFO  impl.LeaderElection (LogUtils.java:infoOrTrace(149)) -   Exception 1: {}
java.util.concurrent.ExecutionException: org.apache.ratis.thirdparty.io.grpc.StatusRuntimeException: UNAVAILABLE: io exception
	at java.util.concurrent.FutureTask.report(FutureTask.java:122)
	at java.util.concurrent.FutureTask.get(FutureTask.java:192)
	at org.apache.ratis.server.impl.LeaderElection.waitForResults(LeaderElection.java:263)
	at org.apache.ratis.server.impl.LeaderElection.askForVotes(LeaderElection.java:201)
	at org.apache.ratis.server.impl.LeaderElection.run(LeaderElection.java:133)
	at java.lang.Thread.run(Thread.java:748)
Caused by: org.apache.ratis.thirdparty.io.grpc.StatusRuntimeException: UNAVAILABLE: io exception
	at org.apache.ratis.thirdparty.io.grpc.stub.ClientCalls.toStatusRuntimeException(ClientCalls.java:233)
	at org.apache.ratis.thirdparty.io.grpc.stub.ClientCalls.getUnchecked(ClientCalls.java:214)
	at org.apache.ratis.thirdparty.io.grpc.stub.ClientCalls.blockingUnaryCall(ClientCalls.java:139)
	at org.apache.ratis.proto.grpc.RaftServerProtocolServiceGrpc$RaftServerProtocolServiceBlockingStub.requestVote(RaftServerProtocolServiceGrpc.java:265)
	at org.apache.ratis.grpc.server.GrpcServerProtocolClient.requestVote(GrpcServerProtocolClient.java:90)
	at org.apache.ratis.grpc.server.GrpcService.requestVote(GrpcService.java:204)
	at org.apache.ratis.server.impl.LeaderElection.lambda$submitRequests$1(LeaderElection.java:238)
	at java.util.concurrent.FutureTask.run(FutureTask.java:266)
	at java.util.concurrent.Executors$RunnableAdapter.call(Executors.java:511)
	at java.util.concurrent.FutureTask.run(FutureTask.java:266)
	at java.util.concurrent.ThreadPoolExecutor.runWorker(ThreadPoolExecutor.java:1149)
	at java.util.concurrent.ThreadPoolExecutor$Worker.run(ThreadPoolExecutor.java:624)
	... 1 more
Caused by: org.apache.ratis.thirdparty.io.netty.channel.AbstractChannel$AnnotatedConnectException: Connection refused: /192.168.164.221:35466
	at sun.nio.ch.SocketChannelImpl.checkConnect(Native Method)
	at sun.nio.ch.SocketChannelImpl.finishConnect(SocketChannelImpl.java:717)
	at org.apache.ratis.thirdparty.io.netty.channel.socket.nio.NioSocketChannel.doFinishConnect(NioSocketChannel.java:327)
	at org.apache.ratis.thirdparty.io.netty.channel.nio.AbstractNioChannel$AbstractNioUnsafe.finishConnect(AbstractNioChannel.java:340)
	at org.apache.ratis.thirdparty.io.netty.channel.nio.NioEventLoop.processSelectedKey(NioEventLoop.java:632)
	at org.apache.ratis.thirdparty.io.netty.channel.nio.NioEventLoop.processSelectedKeysOptimized(NioEventLoop.java:579)
	at org.apache.ratis.thirdparty.io.netty.channel.nio.NioEventLoop.processSelectedKeys(NioEventLoop.java:496)
	at org.apache.ratis.thirdparty.io.netty.channel.nio.NioEventLoop.run(NioEventLoop.java:458)
	at org.apache.ratis.thirdparty.io.netty.util.concurrent.SingleThreadEventExecutor$5.run(SingleThreadEventExecutor.java:897)
	at org.apache.ratis.thirdparty.io.netty.util.concurrent.FastThreadLocalRunnable.run(FastThreadLocalRunnable.java:30)
	... 1 more
Caused by: java.net.ConnectException: Connection refused
	... 11 more
2019-10-11 10:08:50,012 [fd0f34a3-07b1-4956-8232-be1a3f5e6261@group-A39EDD5CFBEB:LeaderElection17] INFO  impl.RaftServerImpl (RaftServerImpl.java:setRole(174)) - fd0f34a3-07b1-4956-8232-be1a3f5e6261@group-A39EDD5CFBEB: changes role from CANDIDATE to FOLLOWER at term 2 for DISCOVERED_A_NEW_TERM
2019-10-11 10:08:50,012 [fd0f34a3-07b1-4956-8232-be1a3f5e6261@group-A39EDD5CFBEB:LeaderElection17] INFO  impl.RoleInfo (RoleInfo.java:shutdownLeaderElection(134)) - fd0f34a3-07b1-4956-8232-be1a3f5e6261: shutdown LeaderElection
2019-10-11 10:08:50,012 [fd0f34a3-07b1-4956-8232-be1a3f5e6261@group-A39EDD5CFBEB:LeaderElection17] INFO  impl.RoleInfo (RoleInfo.java:updateAndGet(143)) - fd0f34a3-07b1-4956-8232-be1a3f5e6261: start FollowerState
2019-10-11 10:08:50,101 [Thread-407] INFO  impl.FollowerState (FollowerState.java:run(106)) - fd0f34a3-07b1-4956-8232-be1a3f5e6261:group-B531619340A9 changes to CANDIDATE, lastRpcTime:5710, electionTimeout:5018ms
2019-10-11 10:08:50,103 [Thread-407] INFO  impl.RoleInfo (RoleInfo.java:shutdownFollowerState(121)) - fd0f34a3-07b1-4956-8232-be1a3f5e6261: shutdown FollowerState
2019-10-11 10:08:50,103 [Thread-407] INFO  impl.RaftServerImpl (RaftServerImpl.java:setRole(174)) - fd0f34a3-07b1-4956-8232-be1a3f5e6261@group-B531619340A9: changes role from  FOLLOWER to CANDIDATE at term 2 for changeToCandidate
2019-10-11 10:08:50,103 [Thread-407] INFO  impl.RoleInfo (RoleInfo.java:updateAndGet(143)) - fd0f34a3-07b1-4956-8232-be1a3f5e6261: start LeaderElection
2019-10-11 10:08:50,105 [fd0f34a3-07b1-4956-8232-be1a3f5e6261@group-B531619340A9:LeaderElection18] INFO  impl.RaftServerImpl (ServerState.java:setLeader(253)) - fd0f34a3-07b1-4956-8232-be1a3f5e6261@group-B531619340A9: change Leader from 2a3896bf-c579-4beb-9043-be047c7720ce to null at term 2 for initElection
2019-10-11 10:08:50,117 [fd0f34a3-07b1-4956-8232-be1a3f5e6261@group-B531619340A9:LeaderElection18] INFO  impl.LeaderElection (LeaderElection.java:askForVotes(182)) - fd0f34a3-07b1-4956-8232-be1a3f5e6261@group-B531619340A9:LeaderElection18: begin an election at term 3 for 0: [2a3896bf-c579-4beb-9043-be047c7720ce:192.168.164.221:35466, c72dbeab-b6e2-48b8-b87b-77765a61575f:192.168.164.221:45506, fd0f34a3-07b1-4956-8232-be1a3f5e6261:192.168.164.221:42219], old=null
2019-10-11 10:08:50,119 [fd0f34a3-07b1-4956-8232-be1a3f5e6261@group-B531619340A9:LeaderElection18] INFO  impl.LeaderElection (LogUtils.java:infoOrTrace(149)) - fd0f34a3-07b1-4956-8232-be1a3f5e6261@group-B531619340A9:LeaderElection18 got exception when requesting votes: {}
java.util.concurrent.ExecutionException: org.apache.ratis.thirdparty.io.grpc.StatusRuntimeException: UNAVAILABLE: io exception
	at java.util.concurrent.FutureTask.report(FutureTask.java:122)
	at java.util.concurrent.FutureTask.get(FutureTask.java:192)
	at org.apache.ratis.server.impl.LeaderElection.waitForResults(LeaderElection.java:263)
	at org.apache.ratis.server.impl.LeaderElection.askForVotes(LeaderElection.java:201)
	at org.apache.ratis.server.impl.LeaderElection.run(LeaderElection.java:133)
	at java.lang.Thread.run(Thread.java:748)
Caused by: org.apache.ratis.thirdparty.io.grpc.StatusRuntimeException: UNAVAILABLE: io exception
	at org.apache.ratis.thirdparty.io.grpc.stub.ClientCalls.toStatusRuntimeException(ClientCalls.java:233)
	at org.apache.ratis.thirdparty.io.grpc.stub.ClientCalls.getUnchecked(ClientCalls.java:214)
	at org.apache.ratis.thirdparty.io.grpc.stub.ClientCalls.blockingUnaryCall(ClientCalls.java:139)
	at org.apache.ratis.proto.grpc.RaftServerProtocolServiceGrpc$RaftServerProtocolServiceBlockingStub.requestVote(RaftServerProtocolServiceGrpc.java:265)
	at org.apache.ratis.grpc.server.GrpcServerProtocolClient.requestVote(GrpcServerProtocolClient.java:90)
	at org.apache.ratis.grpc.server.GrpcService.requestVote(GrpcService.java:204)
	at org.apache.ratis.server.impl.LeaderElection.lambda$submitRequests$1(LeaderElection.java:238)
	at java.util.concurrent.FutureTask.run(FutureTask.java:266)
	at java.util.concurrent.Executors$RunnableAdapter.call(Executors.java:511)
	at java.util.concurrent.FutureTask.run(FutureTask.java:266)
	at java.util.concurrent.ThreadPoolExecutor.runWorker(ThreadPoolExecutor.java:1149)
	at java.util.concurrent.ThreadPoolExecutor$Worker.run(ThreadPoolExecutor.java:624)
	... 1 more
Caused by: org.apache.ratis.thirdparty.io.netty.channel.AbstractChannel$AnnotatedConnectException: Connection refused: /192.168.164.221:35466
	at sun.nio.ch.SocketChannelImpl.checkConnect(Native Method)
	at sun.nio.ch.SocketChannelImpl.finishConnect(SocketChannelImpl.java:717)
	at org.apache.ratis.thirdparty.io.netty.channel.socket.nio.NioSocketChannel.doFinishConnect(NioSocketChannel.java:327)
	at org.apache.ratis.thirdparty.io.netty.channel.nio.AbstractNioChannel$AbstractNioUnsafe.finishConnect(AbstractNioChannel.java:340)
	at org.apache.ratis.thirdparty.io.netty.channel.nio.NioEventLoop.processSelectedKey(NioEventLoop.java:632)
	at org.apache.ratis.thirdparty.io.netty.channel.nio.NioEventLoop.processSelectedKeysOptimized(NioEventLoop.java:579)
	at org.apache.ratis.thirdparty.io.netty.channel.nio.NioEventLoop.processSelectedKeys(NioEventLoop.java:496)
	at org.apache.ratis.thirdparty.io.netty.channel.nio.NioEventLoop.run(NioEventLoop.java:458)
	at org.apache.ratis.thirdparty.io.netty.util.concurrent.SingleThreadEventExecutor$5.run(SingleThreadEventExecutor.java:897)
	at org.apache.ratis.thirdparty.io.netty.util.concurrent.FastThreadLocalRunnable.run(FastThreadLocalRunnable.java:30)
	... 1 more
Caused by: java.net.ConnectException: Connection refused
	... 11 more
2019-10-11 10:08:50,120 [fd0f34a3-07b1-4956-8232-be1a3f5e6261@group-B531619340A9:LeaderElection18] INFO  impl.LeaderElection (LogUtils.java:infoOrTrace(149)) - fd0f34a3-07b1-4956-8232-be1a3f5e6261@group-B531619340A9:LeaderElection18 got exception when requesting votes: {}
java.util.concurrent.ExecutionException: org.apache.ratis.thirdparty.io.grpc.StatusRuntimeException: UNAVAILABLE: io exception
	at java.util.concurrent.FutureTask.report(FutureTask.java:122)
	at java.util.concurrent.FutureTask.get(FutureTask.java:192)
	at org.apache.ratis.server.impl.LeaderElection.waitForResults(LeaderElection.java:263)
	at org.apache.ratis.server.impl.LeaderElection.askForVotes(LeaderElection.java:201)
	at org.apache.ratis.server.impl.LeaderElection.run(LeaderElection.java:133)
	at java.lang.Thread.run(Thread.java:748)
Caused by: org.apache.ratis.thirdparty.io.grpc.StatusRuntimeException: UNAVAILABLE: io exception
	at org.apache.ratis.thirdparty.io.grpc.stub.ClientCalls.toStatusRuntimeException(ClientCalls.java:233)
	at org.apache.ratis.thirdparty.io.grpc.stub.ClientCalls.getUnchecked(ClientCalls.java:214)
	at org.apache.ratis.thirdparty.io.grpc.stub.ClientCalls.blockingUnaryCall(ClientCalls.java:139)
	at org.apache.ratis.proto.grpc.RaftServerProtocolServiceGrpc$RaftServerProtocolServiceBlockingStub.requestVote(RaftServerProtocolServiceGrpc.java:265)
	at org.apache.ratis.grpc.server.GrpcServerProtocolClient.requestVote(GrpcServerProtocolClient.java:90)
	at org.apache.ratis.grpc.server.GrpcService.requestVote(GrpcService.java:204)
	at org.apache.ratis.server.impl.LeaderElection.lambda$submitRequests$1(LeaderElection.java:238)
	at java.util.concurrent.FutureTask.run(FutureTask.java:266)
	at java.util.concurrent.Executors$RunnableAdapter.call(Executors.java:511)
	at java.util.concurrent.FutureTask.run(FutureTask.java:266)
	at java.util.concurrent.ThreadPoolExecutor.runWorker(ThreadPoolExecutor.java:1149)
	at java.util.concurrent.ThreadPoolExecutor$Worker.run(ThreadPoolExecutor.java:624)
	... 1 more
Caused by: org.apache.ratis.thirdparty.io.netty.channel.AbstractChannel$AnnotatedConnectException: Connection refused: /192.168.164.221:45506
	at sun.nio.ch.SocketChannelImpl.checkConnect(Native Method)
	at sun.nio.ch.SocketChannelImpl.finishConnect(SocketChannelImpl.java:717)
	at org.apache.ratis.thirdparty.io.netty.channel.socket.nio.NioSocketChannel.doFinishConnect(NioSocketChannel.java:327)
	at org.apache.ratis.thirdparty.io.netty.channel.nio.AbstractNioChannel$AbstractNioUnsafe.finishConnect(AbstractNioChannel.java:340)
	at org.apache.ratis.thirdparty.io.netty.channel.nio.NioEventLoop.processSelectedKey(NioEventLoop.java:632)
	at org.apache.ratis.thirdparty.io.netty.channel.nio.NioEventLoop.processSelectedKeysOptimized(NioEventLoop.java:579)
	at org.apache.ratis.thirdparty.io.netty.channel.nio.NioEventLoop.processSelectedKeys(NioEventLoop.java:496)
	at org.apache.ratis.thirdparty.io.netty.channel.nio.NioEventLoop.run(NioEventLoop.java:458)
	at org.apache.ratis.thirdparty.io.netty.util.concurrent.SingleThreadEventExecutor$5.run(SingleThreadEventExecutor.java:897)
	at org.apache.ratis.thirdparty.io.netty.util.concurrent.FastThreadLocalRunnable.run(FastThreadLocalRunnable.java:30)
	... 1 more
Caused by: java.net.ConnectException: Connection refused
	... 11 more
2019-10-11 10:08:50,122 [fd0f34a3-07b1-4956-8232-be1a3f5e6261@group-B531619340A9:LeaderElection18] INFO  impl.LeaderElection (LeaderElection.java:logAndReturn(56)) - fd0f34a3-07b1-4956-8232-be1a3f5e6261@group-B531619340A9:LeaderElection18: Election REJECTED; received 0 response(s) [] and 2 exception(s); fd0f34a3-07b1-4956-8232-be1a3f5e6261@group-B531619340A9:t3, leader=null, voted=fd0f34a3-07b1-4956-8232-be1a3f5e6261, raftlog=fd0f34a3-07b1-4956-8232-be1a3f5e6261@group-B531619340A9-SegmentedRaftLog:OPENED:c16,f16,i16, conf=0: [2a3896bf-c579-4beb-9043-be047c7720ce:192.168.164.221:35466, c72dbeab-b6e2-48b8-b87b-77765a61575f:192.168.164.221:45506, fd0f34a3-07b1-4956-8232-be1a3f5e6261:192.168.164.221:42219], old=null
2019-10-11 10:08:50,122 [fd0f34a3-07b1-4956-8232-be1a3f5e6261@group-B531619340A9:LeaderElection18] INFO  impl.LeaderElection (LogUtils.java:infoOrTrace(149)) -   Exception 0: {}
java.util.concurrent.ExecutionException: org.apache.ratis.thirdparty.io.grpc.StatusRuntimeException: UNAVAILABLE: io exception
	at java.util.concurrent.FutureTask.report(FutureTask.java:122)
	at java.util.concurrent.FutureTask.get(FutureTask.java:192)
	at org.apache.ratis.server.impl.LeaderElection.waitForResults(LeaderElection.java:263)
	at org.apache.ratis.server.impl.LeaderElection.askForVotes(LeaderElection.java:201)
	at org.apache.ratis.server.impl.LeaderElection.run(LeaderElection.java:133)
	at java.lang.Thread.run(Thread.java:748)
Caused by: org.apache.ratis.thirdparty.io.grpc.StatusRuntimeException: UNAVAILABLE: io exception
	at org.apache.ratis.thirdparty.io.grpc.stub.ClientCalls.toStatusRuntimeException(ClientCalls.java:233)
	at org.apache.ratis.thirdparty.io.grpc.stub.ClientCalls.getUnchecked(ClientCalls.java:214)
	at org.apache.ratis.thirdparty.io.grpc.stub.ClientCalls.blockingUnaryCall(ClientCalls.java:139)
	at org.apache.ratis.proto.grpc.RaftServerProtocolServiceGrpc$RaftServerProtocolServiceBlockingStub.requestVote(RaftServerProtocolServiceGrpc.java:265)
	at org.apache.ratis.grpc.server.GrpcServerProtocolClient.requestVote(GrpcServerProtocolClient.java:90)
	at org.apache.ratis.grpc.server.GrpcService.requestVote(GrpcService.java:204)
	at org.apache.ratis.server.impl.LeaderElection.lambda$submitRequests$1(LeaderElection.java:238)
	at java.util.concurrent.FutureTask.run(FutureTask.java:266)
	at java.util.concurrent.Executors$RunnableAdapter.call(Executors.java:511)
	at java.util.concurrent.FutureTask.run(FutureTask.java:266)
	at java.util.concurrent.ThreadPoolExecutor.runWorker(ThreadPoolExecutor.java:1149)
	at java.util.concurrent.ThreadPoolExecutor$Worker.run(ThreadPoolExecutor.java:624)
	... 1 more
Caused by: org.apache.ratis.thirdparty.io.netty.channel.AbstractChannel$AnnotatedConnectException: Connection refused: /192.168.164.221:35466
	at sun.nio.ch.SocketChannelImpl.checkConnect(Native Method)
	at sun.nio.ch.SocketChannelImpl.finishConnect(SocketChannelImpl.java:717)
	at org.apache.ratis.thirdparty.io.netty.channel.socket.nio.NioSocketChannel.doFinishConnect(NioSocketChannel.java:327)
	at org.apache.ratis.thirdparty.io.netty.channel.nio.AbstractNioChannel$AbstractNioUnsafe.finishConnect(AbstractNioChannel.java:340)
	at org.apache.ratis.thirdparty.io.netty.channel.nio.NioEventLoop.processSelectedKey(NioEventLoop.java:632)
	at org.apache.ratis.thirdparty.io.netty.channel.nio.NioEventLoop.processSelectedKeysOptimized(NioEventLoop.java:579)
	at org.apache.ratis.thirdparty.io.netty.channel.nio.NioEventLoop.processSelectedKeys(NioEventLoop.java:496)
	at org.apache.ratis.thirdparty.io.netty.channel.nio.NioEventLoop.run(NioEventLoop.java:458)
	at org.apache.ratis.thirdparty.io.netty.util.concurrent.SingleThreadEventExecutor$5.run(SingleThreadEventExecutor.java:897)
	at org.apache.ratis.thirdparty.io.netty.util.concurrent.FastThreadLocalRunnable.run(FastThreadLocalRunnable.java:30)
	... 1 more
Caused by: java.net.ConnectException: Connection refused
	... 11 more
2019-10-11 10:08:50,122 [fd0f34a3-07b1-4956-8232-be1a3f5e6261@group-B531619340A9:LeaderElection18] INFO  impl.LeaderElection (LogUtils.java:infoOrTrace(149)) -   Exception 1: {}
java.util.concurrent.ExecutionException: org.apache.ratis.thirdparty.io.grpc.StatusRuntimeException: UNAVAILABLE: io exception
	at java.util.concurrent.FutureTask.report(FutureTask.java:122)
	at java.util.concurrent.FutureTask.get(FutureTask.java:192)
	at org.apache.ratis.server.impl.LeaderElection.waitForResults(LeaderElection.java:263)
	at org.apache.ratis.server.impl.LeaderElection.askForVotes(LeaderElection.java:201)
	at org.apache.ratis.server.impl.LeaderElection.run(LeaderElection.java:133)
	at java.lang.Thread.run(Thread.java:748)
Caused by: org.apache.ratis.thirdparty.io.grpc.StatusRuntimeException: UNAVAILABLE: io exception
	at org.apache.ratis.thirdparty.io.grpc.stub.ClientCalls.toStatusRuntimeException(ClientCalls.java:233)
	at org.apache.ratis.thirdparty.io.grpc.stub.ClientCalls.getUnchecked(ClientCalls.java:214)
	at org.apache.ratis.thirdparty.io.grpc.stub.ClientCalls.blockingUnaryCall(ClientCalls.java:139)
	at org.apache.ratis.proto.grpc.RaftServerProtocolServiceGrpc$RaftServerProtocolServiceBlockingStub.requestVote(RaftServerProtocolServiceGrpc.java:265)
	at org.apache.ratis.grpc.server.GrpcServerProtocolClient.requestVote(GrpcServerProtocolClient.java:90)
	at org.apache.ratis.grpc.server.GrpcService.requestVote(GrpcService.java:204)
	at org.apache.ratis.server.impl.LeaderElection.lambda$submitRequests$1(LeaderElection.java:238)
	at java.util.concurrent.FutureTask.run(FutureTask.java:266)
	at java.util.concurrent.Executors$RunnableAdapter.call(Executors.java:511)
	at java.util.concurrent.FutureTask.run(FutureTask.java:266)
	at java.util.concurrent.ThreadPoolExecutor.runWorker(ThreadPoolExecutor.java:1149)
	at java.util.concurrent.ThreadPoolExecutor$Worker.run(ThreadPoolExecutor.java:624)
	... 1 more
Caused by: org.apache.ratis.thirdparty.io.netty.channel.AbstractChannel$AnnotatedConnectException: Connection refused: /192.168.164.221:45506
	at sun.nio.ch.SocketChannelImpl.checkConnect(Native Method)
	at sun.nio.ch.SocketChannelImpl.finishConnect(SocketChannelImpl.java:717)
	at org.apache.ratis.thirdparty.io.netty.channel.socket.nio.NioSocketChannel.doFinishConnect(NioSocketChannel.java:327)
	at org.apache.ratis.thirdparty.io.netty.channel.nio.AbstractNioChannel$AbstractNioUnsafe.finishConnect(AbstractNioChannel.java:340)
	at org.apache.ratis.thirdparty.io.netty.channel.nio.NioEventLoop.processSelectedKey(NioEventLoop.java:632)
	at org.apache.ratis.thirdparty.io.netty.channel.nio.NioEventLoop.processSelectedKeysOptimized(NioEventLoop.java:579)
	at org.apache.ratis.thirdparty.io.netty.channel.nio.NioEventLoop.processSelectedKeys(NioEventLoop.java:496)
	at org.apache.ratis.thirdparty.io.netty.channel.nio.NioEventLoop.run(NioEventLoop.java:458)
	at org.apache.ratis.thirdparty.io.netty.util.concurrent.SingleThreadEventExecutor$5.run(SingleThreadEventExecutor.java:897)
	at org.apache.ratis.thirdparty.io.netty.util.concurrent.FastThreadLocalRunnable.run(FastThreadLocalRunnable.java:30)
	... 1 more
Caused by: java.net.ConnectException: Connection refused
	... 11 more
2019-10-11 10:08:50,123 [fd0f34a3-07b1-4956-8232-be1a3f5e6261@group-B531619340A9:LeaderElection18] INFO  impl.RaftServerImpl (RaftServerImpl.java:setRole(174)) - fd0f34a3-07b1-4956-8232-be1a3f5e6261@group-B531619340A9: changes role from CANDIDATE to FOLLOWER at term 3 for DISCOVERED_A_NEW_TERM
2019-10-11 10:08:50,123 [fd0f34a3-07b1-4956-8232-be1a3f5e6261@group-B531619340A9:LeaderElection18] INFO  impl.RoleInfo (RoleInfo.java:shutdownLeaderElection(134)) - fd0f34a3-07b1-4956-8232-be1a3f5e6261: shutdown LeaderElection
2019-10-11 10:08:50,123 [fd0f34a3-07b1-4956-8232-be1a3f5e6261@group-B531619340A9:LeaderElection18] INFO  impl.RoleInfo (RoleInfo.java:updateAndGet(143)) - fd0f34a3-07b1-4956-8232-be1a3f5e6261: start FollowerState
2019-10-11 10:08:50,194 [Datanode State Machine Thread - 0] INFO  statemachine.DatanodeStateMachine (DatanodeStateMachine.java:lambda$startDaemon$0(350)) - Ozone container server started.
2019-10-11 10:08:52,268 [grpc-default-executor-0] WARN  server.GrpcLogAppender (LogUtils.java:warn(134)) - 4302bdf4-b2bc-4d1b-92dc-dca675ac0824@group-40C088226284->b908fea9-9d9e-4680-974c-d51461f1bcae-AppendLogResponseHandler: Failed appendEntries: org.apache.ratis.thirdparty.io.grpc.StatusRuntimeException: UNAVAILABLE: io exception
2019-10-11 10:08:52,268 [grpc-default-executor-2] WARN  server.GrpcLogAppender (LogUtils.java:warn(134)) - 4302bdf4-b2bc-4d1b-92dc-dca675ac0824@group-40C088226284->bd87c10d-2a97-4600-a4c6-dcfee1c9d709-AppendLogResponseHandler: Failed appendEntries: org.apache.ratis.thirdparty.io.grpc.StatusRuntimeException: UNAVAILABLE: io exception
2019-10-11 10:08:52,272 [grpc-default-executor-0] INFO  impl.FollowerInfo (FollowerInfo.java:lambda$new$0(51)) - 4302bdf4-b2bc-4d1b-92dc-dca675ac0824@group-40C088226284->b908fea9-9d9e-4680-974c-d51461f1bcae: nextIndex: updateUnconditionally 0 -> 0
2019-10-11 10:08:52,272 [grpc-default-executor-2] INFO  impl.FollowerInfo (FollowerInfo.java:lambda$new$0(51)) - 4302bdf4-b2bc-4d1b-92dc-dca675ac0824@group-40C088226284->bd87c10d-2a97-4600-a4c6-dcfee1c9d709: nextIndex: updateUnconditionally 0 -> 0
2019-10-11 10:08:53,965 [EventQueue-StaleNodeForStaleNodeHandler] INFO  node.StaleNodeHandler (StaleNodeHandler.java:onMessage(58)) - Datanode 961fa25b-2046-4a66-92ac-d432cdf59950{ip: 192.168.164.221, host: pr-hdds-1569-wxwzw-598427175, networkLocation: /default-rack, certSerialId: null} moved to stale state. Finalizing its pipelines [PipelineID=9a71a1f6-eec2-41d1-9ee8-6b242cd20615]
2019-10-11 10:08:53,966 [EventQueue-StaleNodeForStaleNodeHandler] INFO  pipeline.SCMPipelineManager (SCMPipelineManager.java:finalizeAndDestroyPipeline(342)) - destroying pipeline:Pipeline[ Id: 9a71a1f6-eec2-41d1-9ee8-6b242cd20615, Nodes: 961fa25b-2046-4a66-92ac-d432cdf59950{ip: 192.168.164.221, host: pr-hdds-1569-wxwzw-598427175, networkLocation: /default-rack, certSerialId: null}, Type:RATIS, Factor:ONE, State:OPEN]
2019-10-11 10:08:53,967 [EventQueue-StaleNodeForStaleNodeHandler] INFO  pipeline.PipelineStateManager (PipelineStateManager.java:finalizePipeline(123)) - Pipeline Pipeline[ Id: 9a71a1f6-eec2-41d1-9ee8-6b242cd20615, Nodes: 961fa25b-2046-4a66-92ac-d432cdf59950{ip: 192.168.164.221, host: pr-hdds-1569-wxwzw-598427175, networkLocation: /default-rack, certSerialId: null}, Type:RATIS, Factor:ONE, State:CLOSED] moved to CLOSED state
2019-10-11 10:08:54,265 [EventQueue-StaleNodeForStaleNodeHandler] INFO  node.StaleNodeHandler (StaleNodeHandler.java:onMessage(58)) - Datanode 4302bdf4-b2bc-4d1b-92dc-dca675ac0824{ip: 192.168.164.221, host: pr-hdds-1569-wxwzw-598427175, networkLocation: /default-rack, certSerialId: null} moved to stale state. Finalizing its pipelines [PipelineID=f67ab59a-794d-41bd-9ec7-30660cb2130a, PipelineID=1714367e-f03b-4a2c-b3d6-40c088226284, PipelineID=7d92638e-149c-4978-8cd8-fa5b50016484]
2019-10-11 10:08:54,265 [EventQueue-StaleNodeForStaleNodeHandler] INFO  pipeline.SCMPipelineManager (SCMPipelineManager.java:finalizeAndDestroyPipeline(342)) - destroying pipeline:Pipeline[ Id: f67ab59a-794d-41bd-9ec7-30660cb2130a, Nodes: 4302bdf4-b2bc-4d1b-92dc-dca675ac0824{ip: 192.168.164.221, host: pr-hdds-1569-wxwzw-598427175, networkLocation: /default-rack, certSerialId: null}b908fea9-9d9e-4680-974c-d51461f1bcae{ip: 192.168.164.221, host: pr-hdds-1569-wxwzw-598427175, networkLocation: /default-rack, certSerialId: null}bd87c10d-2a97-4600-a4c6-dcfee1c9d709{ip: 192.168.164.221, host: pr-hdds-1569-wxwzw-598427175, networkLocation: /default-rack, certSerialId: null}, Type:RATIS, Factor:THREE, State:CLOSED]
2019-10-11 10:08:54,266 [EventQueue-StaleNodeForStaleNodeHandler] INFO  pipeline.SCMPipelineManager (SCMPipelineManager.java:finalizeAndDestroyPipeline(342)) - destroying pipeline:Pipeline[ Id: 1714367e-f03b-4a2c-b3d6-40c088226284, Nodes: b908fea9-9d9e-4680-974c-d51461f1bcae{ip: 192.168.164.221, host: pr-hdds-1569-wxwzw-598427175, networkLocation: /default-rack, certSerialId: null}bd87c10d-2a97-4600-a4c6-dcfee1c9d709{ip: 192.168.164.221, host: pr-hdds-1569-wxwzw-598427175, networkLocation: /default-rack, certSerialId: null}4302bdf4-b2bc-4d1b-92dc-dca675ac0824{ip: 192.168.164.221, host: pr-hdds-1569-wxwzw-598427175, networkLocation: /default-rack, certSerialId: null}, Type:RATIS, Factor:THREE, State:CLOSED]
2019-10-11 10:08:54,266 [EventQueue-StaleNodeForStaleNodeHandler] INFO  pipeline.SCMPipelineManager (SCMPipelineManager.java:finalizeAndDestroyPipeline(342)) - destroying pipeline:Pipeline[ Id: 7d92638e-149c-4978-8cd8-fa5b50016484, Nodes: 4302bdf4-b2bc-4d1b-92dc-dca675ac0824{ip: 192.168.164.221, host: pr-hdds-1569-wxwzw-598427175, networkLocation: /default-rack, certSerialId: null}, Type:RATIS, Factor:ONE, State:OPEN]
2019-10-11 10:08:54,266 [EventQueue-StaleNodeForStaleNodeHandler] INFO  pipeline.PipelineStateManager (PipelineStateManager.java:finalizePipeline(123)) - Pipeline Pipeline[ Id: 7d92638e-149c-4978-8cd8-fa5b50016484, Nodes: 4302bdf4-b2bc-4d1b-92dc-dca675ac0824{ip: 192.168.164.221, host: pr-hdds-1569-wxwzw-598427175, networkLocation: /default-rack, certSerialId: null}, Type:RATIS, Factor:ONE, State:CLOSED] moved to CLOSED state
2019-10-11 10:08:54,629 [Thread-327] INFO  impl.FollowerState (FollowerState.java:run(106)) - 4302bdf4-b2bc-4d1b-92dc-dca675ac0824:group-30660CB2130A changes to CANDIDATE, lastRpcTime:5361, electionTimeout:5158ms
2019-10-11 10:08:54,633 [Thread-327] INFO  impl.RoleInfo (RoleInfo.java:shutdownFollowerState(121)) - 4302bdf4-b2bc-4d1b-92dc-dca675ac0824: shutdown FollowerState
2019-10-11 10:08:54,633 [Thread-327] INFO  impl.RaftServerImpl (RaftServerImpl.java:setRole(174)) - 4302bdf4-b2bc-4d1b-92dc-dca675ac0824@group-30660CB2130A: changes role from  FOLLOWER to CANDIDATE at term 1 for changeToCandidate
2019-10-11 10:08:54,634 [Thread-327] INFO  impl.RoleInfo (RoleInfo.java:updateAndGet(143)) - 4302bdf4-b2bc-4d1b-92dc-dca675ac0824: start LeaderElection
2019-10-11 10:08:54,635 [4302bdf4-b2bc-4d1b-92dc-dca675ac0824@group-30660CB2130A:LeaderElection19] INFO  impl.RaftServerImpl (ServerState.java:setLeader(253)) - 4302bdf4-b2bc-4d1b-92dc-dca675ac0824@group-30660CB2130A: change Leader from bd87c10d-2a97-4600-a4c6-dcfee1c9d709 to null at term 1 for initElection
2019-10-11 10:08:54,661 [4302bdf4-b2bc-4d1b-92dc-dca675ac0824@group-30660CB2130A:LeaderElection19] INFO  impl.LeaderElection (LeaderElection.java:askForVotes(182)) - 4302bdf4-b2bc-4d1b-92dc-dca675ac0824@group-30660CB2130A:LeaderElection19: begin an election at term 2 for 0: [b908fea9-9d9e-4680-974c-d51461f1bcae:192.168.164.221:39068, bd87c10d-2a97-4600-a4c6-dcfee1c9d709:192.168.164.221:37535, 4302bdf4-b2bc-4d1b-92dc-dca675ac0824:192.168.164.221:43862], old=null
2019-10-11 10:08:54,667 [4302bdf4-b2bc-4d1b-92dc-dca675ac0824@group-30660CB2130A:LeaderElection19] INFO  impl.LeaderElection (LogUtils.java:infoOrTrace(149)) - 4302bdf4-b2bc-4d1b-92dc-dca675ac0824@group-30660CB2130A:LeaderElection19 got exception when requesting votes: {}
java.util.concurrent.ExecutionException: org.apache.ratis.thirdparty.io.grpc.StatusRuntimeException: UNAVAILABLE: io exception
	at java.util.concurrent.FutureTask.report(FutureTask.java:122)
	at java.util.concurrent.FutureTask.get(FutureTask.java:192)
	at org.apache.ratis.server.impl.LeaderElection.waitForResults(LeaderElection.java:263)
	at org.apache.ratis.server.impl.LeaderElection.askForVotes(LeaderElection.java:201)
	at org.apache.ratis.server.impl.LeaderElection.run(LeaderElection.java:133)
	at java.lang.Thread.run(Thread.java:748)
Caused by: org.apache.ratis.thirdparty.io.grpc.StatusRuntimeException: UNAVAILABLE: io exception
	at org.apache.ratis.thirdparty.io.grpc.stub.ClientCalls.toStatusRuntimeException(ClientCalls.java:233)
	at org.apache.ratis.thirdparty.io.grpc.stub.ClientCalls.getUnchecked(ClientCalls.java:214)
	at org.apache.ratis.thirdparty.io.grpc.stub.ClientCalls.blockingUnaryCall(ClientCalls.java:139)
	at org.apache.ratis.proto.grpc.RaftServerProtocolServiceGrpc$RaftServerProtocolServiceBlockingStub.requestVote(RaftServerProtocolServiceGrpc.java:265)
	at org.apache.ratis.grpc.server.GrpcServerProtocolClient.requestVote(GrpcServerProtocolClient.java:90)
	at org.apache.ratis.grpc.server.GrpcService.requestVote(GrpcService.java:204)
	at org.apache.ratis.server.impl.LeaderElection.lambda$submitRequests$1(LeaderElection.java:238)
	at java.util.concurrent.FutureTask.run(FutureTask.java:266)
	at java.util.concurrent.Executors$RunnableAdapter.call(Executors.java:511)
	at java.util.concurrent.FutureTask.run(FutureTask.java:266)
	at java.util.concurrent.ThreadPoolExecutor.runWorker(ThreadPoolExecutor.java:1149)
	at java.util.concurrent.ThreadPoolExecutor$Worker.run(ThreadPoolExecutor.java:624)
	... 1 more
Caused by: org.apache.ratis.thirdparty.io.netty.channel.AbstractChannel$AnnotatedConnectException: Connection refused: /192.168.164.221:37535
	at sun.nio.ch.SocketChannelImpl.checkConnect(Native Method)
	at sun.nio.ch.SocketChannelImpl.finishConnect(SocketChannelImpl.java:717)
	at org.apache.ratis.thirdparty.io.netty.channel.socket.nio.NioSocketChannel.doFinishConnect(NioSocketChannel.java:327)
	at org.apache.ratis.thirdparty.io.netty.channel.nio.AbstractNioChannel$AbstractNioUnsafe.finishConnect(AbstractNioChannel.java:340)
	at org.apache.ratis.thirdparty.io.netty.channel.nio.NioEventLoop.processSelectedKey(NioEventLoop.java:632)
	at org.apache.ratis.thirdparty.io.netty.channel.nio.NioEventLoop.processSelectedKeysOptimized(NioEventLoop.java:579)
	at org.apache.ratis.thirdparty.io.netty.channel.nio.NioEventLoop.processSelectedKeys(NioEventLoop.java:496)
	at org.apache.ratis.thirdparty.io.netty.channel.nio.NioEventLoop.run(NioEventLoop.java:458)
	at org.apache.ratis.thirdparty.io.netty.util.concurrent.SingleThreadEventExecutor$5.run(SingleThreadEventExecutor.java:897)
	at org.apache.ratis.thirdparty.io.netty.util.concurrent.FastThreadLocalRunnable.run(FastThreadLocalRunnable.java:30)
	... 1 more
Caused by: java.net.ConnectException: Connection refused
	... 11 more
2019-10-11 10:08:54,669 [4302bdf4-b2bc-4d1b-92dc-dca675ac0824@group-30660CB2130A:LeaderElection19] INFO  impl.LeaderElection (LogUtils.java:infoOrTrace(149)) - 4302bdf4-b2bc-4d1b-92dc-dca675ac0824@group-30660CB2130A:LeaderElection19 got exception when requesting votes: {}
java.util.concurrent.ExecutionException: org.apache.ratis.thirdparty.io.grpc.StatusRuntimeException: UNAVAILABLE: io exception
	at java.util.concurrent.FutureTask.report(FutureTask.java:122)
	at java.util.concurrent.FutureTask.get(FutureTask.java:192)
	at org.apache.ratis.server.impl.LeaderElection.waitForResults(LeaderElection.java:263)
	at org.apache.ratis.server.impl.LeaderElection.askForVotes(LeaderElection.java:201)
	at org.apache.ratis.server.impl.LeaderElection.run(LeaderElection.java:133)
	at java.lang.Thread.run(Thread.java:748)
Caused by: org.apache.ratis.thirdparty.io.grpc.StatusRuntimeException: UNAVAILABLE: io exception
	at org.apache.ratis.thirdparty.io.grpc.stub.ClientCalls.toStatusRuntimeException(ClientCalls.java:233)
	at org.apache.ratis.thirdparty.io.grpc.stub.ClientCalls.getUnchecked(ClientCalls.java:214)
	at org.apache.ratis.thirdparty.io.grpc.stub.ClientCalls.blockingUnaryCall(ClientCalls.java:139)
	at org.apache.ratis.proto.grpc.RaftServerProtocolServiceGrpc$RaftServerProtocolServiceBlockingStub.requestVote(RaftServerProtocolServiceGrpc.java:265)
	at org.apache.ratis.grpc.server.GrpcServerProtocolClient.requestVote(GrpcServerProtocolClient.java:90)
	at org.apache.ratis.grpc.server.GrpcService.requestVote(GrpcService.java:204)
	at org.apache.ratis.server.impl.LeaderElection.lambda$submitRequests$1(LeaderElection.java:238)
	at java.util.concurrent.FutureTask.run(FutureTask.java:266)
	at java.util.concurrent.Executors$RunnableAdapter.call(Executors.java:511)
	at java.util.concurrent.FutureTask.run(FutureTask.java:266)
	at java.util.concurrent.ThreadPoolExecutor.runWorker(ThreadPoolExecutor.java:1149)
	at java.util.concurrent.ThreadPoolExecutor$Worker.run(ThreadPoolExecutor.java:624)
	... 1 more
Caused by: org.apache.ratis.thirdparty.io.netty.channel.AbstractChannel$AnnotatedConnectException: Connection refused: /192.168.164.221:39068
	at sun.nio.ch.SocketChannelImpl.checkConnect(Native Method)
	at sun.nio.ch.SocketChannelImpl.finishConnect(SocketChannelImpl.java:717)
	at org.apache.ratis.thirdparty.io.netty.channel.socket.nio.NioSocketChannel.doFinishConnect(NioSocketChannel.java:327)
	at org.apache.ratis.thirdparty.io.netty.channel.nio.AbstractNioChannel$AbstractNioUnsafe.finishConnect(AbstractNioChannel.java:340)
	at org.apache.ratis.thirdparty.io.netty.channel.nio.NioEventLoop.processSelectedKey(NioEventLoop.java:632)
	at org.apache.ratis.thirdparty.io.netty.channel.nio.NioEventLoop.processSelectedKeysOptimized(NioEventLoop.java:579)
	at org.apache.ratis.thirdparty.io.netty.channel.nio.NioEventLoop.processSelectedKeys(NioEventLoop.java:496)
	at org.apache.ratis.thirdparty.io.netty.channel.nio.NioEventLoop.run(NioEventLoop.java:458)
	at org.apache.ratis.thirdparty.io.netty.util.concurrent.SingleThreadEventExecutor$5.run(SingleThreadEventExecutor.java:897)
	at org.apache.ratis.thirdparty.io.netty.util.concurrent.FastThreadLocalRunnable.run(FastThreadLocalRunnable.java:30)
	... 1 more
Caused by: java.net.ConnectException: Connection refused
	... 11 more
2019-10-11 10:08:54,671 [4302bdf4-b2bc-4d1b-92dc-dca675ac0824@group-30660CB2130A:LeaderElection19] INFO  impl.LeaderElection (LeaderElection.java:logAndReturn(56)) - 4302bdf4-b2bc-4d1b-92dc-dca675ac0824@group-30660CB2130A:LeaderElection19: Election REJECTED; received 0 response(s) [] and 2 exception(s); 4302bdf4-b2bc-4d1b-92dc-dca675ac0824@group-30660CB2130A:t2, leader=null, voted=4302bdf4-b2bc-4d1b-92dc-dca675ac0824, raftlog=4302bdf4-b2bc-4d1b-92dc-dca675ac0824@group-30660CB2130A-SegmentedRaftLog:OPENED:c4,f4,i4, conf=0: [b908fea9-9d9e-4680-974c-d51461f1bcae:192.168.164.221:39068, bd87c10d-2a97-4600-a4c6-dcfee1c9d709:192.168.164.221:37535, 4302bdf4-b2bc-4d1b-92dc-dca675ac0824:192.168.164.221:43862], old=null
2019-10-11 10:08:54,672 [4302bdf4-b2bc-4d1b-92dc-dca675ac0824@group-30660CB2130A:LeaderElection19] INFO  impl.LeaderElection (LogUtils.java:infoOrTrace(149)) -   Exception 0: {}
java.util.concurrent.ExecutionException: org.apache.ratis.thirdparty.io.grpc.StatusRuntimeException: UNAVAILABLE: io exception
	at java.util.concurrent.FutureTask.report(FutureTask.java:122)
	at java.util.concurrent.FutureTask.get(FutureTask.java:192)
	at org.apache.ratis.server.impl.LeaderElection.waitForResults(LeaderElection.java:263)
	at org.apache.ratis.server.impl.LeaderElection.askForVotes(LeaderElection.java:201)
	at org.apache.ratis.server.impl.LeaderElection.run(LeaderElection.java:133)
	at java.lang.Thread.run(Thread.java:748)
Caused by: org.apache.ratis.thirdparty.io.grpc.StatusRuntimeException: UNAVAILABLE: io exception
	at org.apache.ratis.thirdparty.io.grpc.stub.ClientCalls.toStatusRuntimeException(ClientCalls.java:233)
	at org.apache.ratis.thirdparty.io.grpc.stub.ClientCalls.getUnchecked(ClientCalls.java:214)
	at org.apache.ratis.thirdparty.io.grpc.stub.ClientCalls.blockingUnaryCall(ClientCalls.java:139)
	at org.apache.ratis.proto.grpc.RaftServerProtocolServiceGrpc$RaftServerProtocolServiceBlockingStub.requestVote(RaftServerProtocolServiceGrpc.java:265)
	at org.apache.ratis.grpc.server.GrpcServerProtocolClient.requestVote(GrpcServerProtocolClient.java:90)
	at org.apache.ratis.grpc.server.GrpcService.requestVote(GrpcService.java:204)
	at org.apache.ratis.server.impl.LeaderElection.lambda$submitRequests$1(LeaderElection.java:238)
	at java.util.concurrent.FutureTask.run(FutureTask.java:266)
	at java.util.concurrent.Executors$RunnableAdapter.call(Executors.java:511)
	at java.util.concurrent.FutureTask.run(FutureTask.java:266)
	at java.util.concurrent.ThreadPoolExecutor.runWorker(ThreadPoolExecutor.java:1149)
	at java.util.concurrent.ThreadPoolExecutor$Worker.run(ThreadPoolExecutor.java:624)
	... 1 more
Caused by: org.apache.ratis.thirdparty.io.netty.channel.AbstractChannel$AnnotatedConnectException: Connection refused: /192.168.164.221:37535
	at sun.nio.ch.SocketChannelImpl.checkConnect(Native Method)
	at sun.nio.ch.SocketChannelImpl.finishConnect(SocketChannelImpl.java:717)
	at org.apache.ratis.thirdparty.io.netty.channel.socket.nio.NioSocketChannel.doFinishConnect(NioSocketChannel.java:327)
	at org.apache.ratis.thirdparty.io.netty.channel.nio.AbstractNioChannel$AbstractNioUnsafe.finishConnect(AbstractNioChannel.java:340)
	at org.apache.ratis.thirdparty.io.netty.channel.nio.NioEventLoop.processSelectedKey(NioEventLoop.java:632)
	at org.apache.ratis.thirdparty.io.netty.channel.nio.NioEventLoop.processSelectedKeysOptimized(NioEventLoop.java:579)
	at org.apache.ratis.thirdparty.io.netty.channel.nio.NioEventLoop.processSelectedKeys(NioEventLoop.java:496)
	at org.apache.ratis.thirdparty.io.netty.channel.nio.NioEventLoop.run(NioEventLoop.java:458)
	at org.apache.ratis.thirdparty.io.netty.util.concurrent.SingleThreadEventExecutor$5.run(SingleThreadEventExecutor.java:897)
	at org.apache.ratis.thirdparty.io.netty.util.concurrent.FastThreadLocalRunnable.run(FastThreadLocalRunnable.java:30)
	... 1 more
Caused by: java.net.ConnectException: Connection refused
	... 11 more
2019-10-11 10:08:54,672 [4302bdf4-b2bc-4d1b-92dc-dca675ac0824@group-30660CB2130A:LeaderElection19] INFO  impl.LeaderElection (LogUtils.java:infoOrTrace(149)) -   Exception 1: {}
java.util.concurrent.ExecutionException: org.apache.ratis.thirdparty.io.grpc.StatusRuntimeException: UNAVAILABLE: io exception
	at java.util.concurrent.FutureTask.report(FutureTask.java:122)
	at java.util.concurrent.FutureTask.get(FutureTask.java:192)
	at org.apache.ratis.server.impl.LeaderElection.waitForResults(LeaderElection.java:263)
	at org.apache.ratis.server.impl.LeaderElection.askForVotes(LeaderElection.java:201)
	at org.apache.ratis.server.impl.LeaderElection.run(LeaderElection.java:133)
	at java.lang.Thread.run(Thread.java:748)
Caused by: org.apache.ratis.thirdparty.io.grpc.StatusRuntimeException: UNAVAILABLE: io exception
	at org.apache.ratis.thirdparty.io.grpc.stub.ClientCalls.toStatusRuntimeException(ClientCalls.java:233)
	at org.apache.ratis.thirdparty.io.grpc.stub.ClientCalls.getUnchecked(ClientCalls.java:214)
	at org.apache.ratis.thirdparty.io.grpc.stub.ClientCalls.blockingUnaryCall(ClientCalls.java:139)
	at org.apache.ratis.proto.grpc.RaftServerProtocolServiceGrpc$RaftServerProtocolServiceBlockingStub.requestVote(RaftServerProtocolServiceGrpc.java:265)
	at org.apache.ratis.grpc.server.GrpcServerProtocolClient.requestVote(GrpcServerProtocolClient.java:90)
	at org.apache.ratis.grpc.server.GrpcService.requestVote(GrpcService.java:204)
	at org.apache.ratis.server.impl.LeaderElection.lambda$submitRequests$1(LeaderElection.java:238)
	at java.util.concurrent.FutureTask.run(FutureTask.java:266)
	at java.util.concurrent.Executors$RunnableAdapter.call(Executors.java:511)
	at java.util.concurrent.FutureTask.run(FutureTask.java:266)
	at java.util.concurrent.ThreadPoolExecutor.runWorker(ThreadPoolExecutor.java:1149)
	at java.util.concurrent.ThreadPoolExecutor$Worker.run(ThreadPoolExecutor.java:624)
	... 1 more
Caused by: org.apache.ratis.thirdparty.io.netty.channel.AbstractChannel$AnnotatedConnectException: Connection refused: /192.168.164.221:39068
	at sun.nio.ch.SocketChannelImpl.checkConnect(Native Method)
	at sun.nio.ch.SocketChannelImpl.finishConnect(SocketChannelImpl.java:717)
	at org.apache.ratis.thirdparty.io.netty.channel.socket.nio.NioSocketChannel.doFinishConnect(NioSocketChannel.java:327)
	at org.apache.ratis.thirdparty.io.netty.channel.nio.AbstractNioChannel$AbstractNioUnsafe.finishConnect(AbstractNioChannel.java:340)
	at org.apache.ratis.thirdparty.io.netty.channel.nio.NioEventLoop.processSelectedKey(NioEventLoop.java:632)
	at org.apache.ratis.thirdparty.io.netty.channel.nio.NioEventLoop.processSelectedKeysOptimized(NioEventLoop.java:579)
	at org.apache.ratis.thirdparty.io.netty.channel.nio.NioEventLoop.processSelectedKeys(NioEventLoop.java:496)
	at org.apache.ratis.thirdparty.io.netty.channel.nio.NioEventLoop.run(NioEventLoop.java:458)
	at org.apache.ratis.thirdparty.io.netty.util.concurrent.SingleThreadEventExecutor$5.run(SingleThreadEventExecutor.java:897)
	at org.apache.ratis.thirdparty.io.netty.util.concurrent.FastThreadLocalRunnable.run(FastThreadLocalRunnable.java:30)
	... 1 more
Caused by: java.net.ConnectException: Connection refused
	... 11 more
2019-10-11 10:08:54,672 [4302bdf4-b2bc-4d1b-92dc-dca675ac0824@group-30660CB2130A:LeaderElection19] INFO  impl.RaftServerImpl (RaftServerImpl.java:setRole(174)) - 4302bdf4-b2bc-4d1b-92dc-dca675ac0824@group-30660CB2130A: changes role from CANDIDATE to FOLLOWER at term 2 for DISCOVERED_A_NEW_TERM
2019-10-11 10:08:54,673 [4302bdf4-b2bc-4d1b-92dc-dca675ac0824@group-30660CB2130A:LeaderElection19] INFO  impl.RoleInfo (RoleInfo.java:shutdownLeaderElection(134)) - 4302bdf4-b2bc-4d1b-92dc-dca675ac0824: shutdown LeaderElection
2019-10-11 10:08:54,673 [4302bdf4-b2bc-4d1b-92dc-dca675ac0824@group-30660CB2130A:LeaderElection19] INFO  impl.RoleInfo (RoleInfo.java:updateAndGet(143)) - 4302bdf4-b2bc-4d1b-92dc-dca675ac0824: start FollowerState
2019-10-11 10:08:54,749 [ForkJoinPool.commonPool-worker-1] INFO  ozoneimpl.OzoneContainer (OzoneContainer.java:stop(231)) - Attempting to stop container services.
2019-10-11 10:08:54,751 [ForkJoinPool.commonPool-worker-1] INFO  impl.RaftServerProxy (RaftServerProxy.java:lambda$close$4(314)) - 4302bdf4-b2bc-4d1b-92dc-dca675ac0824: close
2019-10-11 10:08:54,752 [ForkJoinPool.commonPool-worker-1] INFO  impl.RaftServerImpl (RaftServerImpl.java:lambda$shutdown$3(251)) - 4302bdf4-b2bc-4d1b-92dc-dca675ac0824@group-30660CB2130A: shutdown
2019-10-11 10:08:54,752 [ForkJoinPool.commonPool-worker-1] INFO  util.JmxRegister (JmxRegister.java:unregister(73)) - Successfully un-registered JMX Bean with object name Ratis:service=RaftServer,group=group-30660CB2130A,id=4302bdf4-b2bc-4d1b-92dc-dca675ac0824
2019-10-11 10:08:54,752 [ForkJoinPool.commonPool-worker-1] INFO  impl.RoleInfo (RoleInfo.java:shutdownFollowerState(121)) - 4302bdf4-b2bc-4d1b-92dc-dca675ac0824: shutdown FollowerState
2019-10-11 10:08:54,752 [ForkJoinPool.commonPool-worker-1] INFO  impl.StateMachineUpdater (StateMachineUpdater.java:stopAndJoin(125)) - 4302bdf4-b2bc-4d1b-92dc-dca675ac0824@group-30660CB2130A-StateMachineUpdater: set stopIndex = 4
2019-10-11 10:08:54,752 [Thread-538] INFO  impl.FollowerState (FollowerState.java:run(115)) - 4302bdf4-b2bc-4d1b-92dc-dca675ac0824: FollowerState was interrupted: java.lang.InterruptedException: sleep interrupted
2019-10-11 10:08:54,754 [4302bdf4-b2bc-4d1b-92dc-dca675ac0824@group-30660CB2130A-StateMachineUpdater] INFO  ratis.ContainerStateMachine (ContainerStateMachine.java:takeSnapshot(289)) - group-30660CB2130A: Taking a snapshot at:(t:1, i:3) file /workdir/hadoop-ozone/integration-test/target/test-dir/MiniOzoneClusterImpl-cc3d3d95-e844-4504-baa9-60eb8f0888b1/datanode-0/data/ratis/f67ab59a-794d-41bd-9ec7-30660cb2130a/sm/snapshot.1_3
2019-10-11 10:08:54,759 [main] INFO  ozoneimpl.OzoneContainer (OzoneContainer.java:stop(231)) - Attempting to stop container services.
2019-10-11 10:08:54,759 [main] INFO  impl.RaftServerProxy (RaftServerProxy.java:lambda$close$4(314)) - 961fa25b-2046-4a66-92ac-d432cdf59950: close
2019-10-11 10:08:54,760 [main] INFO  impl.RaftServerImpl (RaftServerImpl.java:lambda$shutdown$3(251)) - 961fa25b-2046-4a66-92ac-d432cdf59950@group-6B242CD20615: shutdown
2019-10-11 10:08:54,760 [main] INFO  util.JmxRegister (JmxRegister.java:unregister(73)) - Successfully un-registered JMX Bean with object name Ratis:service=RaftServer,group=group-6B242CD20615,id=961fa25b-2046-4a66-92ac-d432cdf59950
2019-10-11 10:08:54,760 [main] INFO  impl.RoleInfo (RoleInfo.java:shutdownLeaderState(104)) - 961fa25b-2046-4a66-92ac-d432cdf59950: shutdown LeaderState
2019-10-11 10:08:54,760 [main] INFO  impl.PendingRequests (PendingRequests.java:sendNotLeaderResponses(202)) - 961fa25b-2046-4a66-92ac-d432cdf59950-PendingRequests: sendNotLeaderResponses
2019-10-11 10:08:54,761 [main] INFO  impl.StateMachineUpdater (StateMachineUpdater.java:stopAndJoin(125)) - 961fa25b-2046-4a66-92ac-d432cdf59950@group-6B242CD20615-StateMachineUpdater: set stopIndex = 0
2019-10-11 10:08:54,762 [main] INFO  impl.RaftServerImpl (ServerState.java:close(385)) - 961fa25b-2046-4a66-92ac-d432cdf59950@group-6B242CD20615: closes. applyIndex: 0
2019-10-11 10:08:54,762 [961fa25b-2046-4a66-92ac-d432cdf59950@group-6B242CD20615-SegmentedRaftLogWorker] INFO  segmented.SegmentedRaftLogWorker (SegmentedRaftLogWorker.java:run(313)) - 961fa25b-2046-4a66-92ac-d432cdf59950@group-6B242CD20615-SegmentedRaftLogWorker was interrupted, exiting. There are 0 tasks remaining in the queue.
2019-10-11 10:08:54,763 [main] INFO  segmented.SegmentedRaftLogWorker (SegmentedRaftLogWorker.java:close(228)) - 961fa25b-2046-4a66-92ac-d432cdf59950@group-6B242CD20615-SegmentedRaftLogWorker close()
2019-10-11 10:08:54,764 [main] INFO  server.GrpcService (GrpcService.java:closeImpl(164)) - 961fa25b-2046-4a66-92ac-d432cdf59950: shutdown server with port 37980 now
2019-10-11 10:08:54,767 [main] INFO  server.GrpcService (GrpcService.java:closeImpl(172)) - 961fa25b-2046-4a66-92ac-d432cdf59950: shutdown server with port 37980 successfully
2019-10-11 10:08:54,767 [grpc-default-executor-0] WARN  server.GrpcLogAppender (LogUtils.java:warn(134)) - 4302bdf4-b2bc-4d1b-92dc-dca675ac0824@group-40C088226284->bd87c10d-2a97-4600-a4c6-dcfee1c9d709-AppendLogResponseHandler: Failed appendEntries: org.apache.ratis.thirdparty.io.grpc.StatusRuntimeException: UNAVAILABLE: io exception
2019-10-11 10:08:54,767 [grpc-default-executor-2] WARN  server.GrpcLogAppender (LogUtils.java:warn(134)) - 4302bdf4-b2bc-4d1b-92dc-dca675ac0824@group-40C088226284->b908fea9-9d9e-4680-974c-d51461f1bcae-AppendLogResponseHandler: Failed appendEntries: org.apache.ratis.thirdparty.io.grpc.StatusRuntimeException: UNAVAILABLE: io exception
2019-10-11 10:08:54,771 [grpc-default-executor-2] INFO  impl.FollowerInfo (FollowerInfo.java:lambda$new$0(51)) - 4302bdf4-b2bc-4d1b-92dc-dca675ac0824@group-40C088226284->b908fea9-9d9e-4680-974c-d51461f1bcae: nextIndex: updateUnconditionally 0 -> 0
2019-10-11 10:08:54,771 [grpc-default-executor-0] INFO  impl.FollowerInfo (FollowerInfo.java:lambda$new$0(51)) - 4302bdf4-b2bc-4d1b-92dc-dca675ac0824@group-40C088226284->bd87c10d-2a97-4600-a4c6-dcfee1c9d709: nextIndex: updateUnconditionally 0 -> 0
2019-10-11 10:08:54,778 [refreshUsed-/workdir/hadoop-ozone/integration-test/target/test-dir/MiniOzoneClusterImpl-cc3d3d95-e844-4504-baa9-60eb8f0888b1/datanode-6/data/containers] WARN  fs.CachingGetSpaceUsed (CachingGetSpaceUsed.java:run(183)) - Thread Interrupted waiting to refresh disk information: sleep interrupted
2019-10-11 10:08:54,778 [4302bdf4-b2bc-4d1b-92dc-dca675ac0824@group-30660CB2130A-StateMachineUpdater] INFO  ratis.ContainerStateMachine (ContainerStateMachine.java:takeSnapshot(300)) - group-30660CB2130A: Finished taking a snapshot at:(t:1, i:3) file:/workdir/hadoop-ozone/integration-test/target/test-dir/MiniOzoneClusterImpl-cc3d3d95-e844-4504-baa9-60eb8f0888b1/datanode-0/data/ratis/f67ab59a-794d-41bd-9ec7-30660cb2130a/sm/snapshot.1_3 time:25
2019-10-11 10:08:54,778 [4302bdf4-b2bc-4d1b-92dc-dca675ac0824@group-30660CB2130A-StateMachineUpdater] INFO  impl.StateMachineUpdater (StateMachineUpdater.java:takeSnapshot(258)) - 4302bdf4-b2bc-4d1b-92dc-dca675ac0824@group-30660CB2130A-StateMachineUpdater: Took a snapshot at index 3
2019-10-11 10:08:54,779 [4302bdf4-b2bc-4d1b-92dc-dca675ac0824@group-30660CB2130A-StateMachineUpdater] INFO  impl.StateMachineUpdater (StateMachineUpdater.java:lambda$new$0(83)) - 4302bdf4-b2bc-4d1b-92dc-dca675ac0824@group-30660CB2130A-StateMachineUpdater: snapshotIndex: updateIncreasingly -1 -> 3
2019-10-11 10:08:54,779 [4302bdf4-b2bc-4d1b-92dc-dca675ac0824@group-30660CB2130A-StateMachineUpdater] INFO  ratis.ContainerStateMachine (ContainerStateMachine.java:takeSnapshot(289)) - group-30660CB2130A: Taking a snapshot at:(t:1, i:3) file /workdir/hadoop-ozone/integration-test/target/test-dir/MiniOzoneClusterImpl-cc3d3d95-e844-4504-baa9-60eb8f0888b1/datanode-0/data/ratis/f67ab59a-794d-41bd-9ec7-30660cb2130a/sm/snapshot.1_3
2019-10-11 10:08:54,790 [main] INFO  utils.BackgroundService (BackgroundService.java:shutdown(148)) - Shutting down service BlockDeletingService
2019-10-11 10:08:54,802 [4302bdf4-b2bc-4d1b-92dc-dca675ac0824@group-30660CB2130A-StateMachineUpdater] INFO  ratis.ContainerStateMachine (ContainerStateMachine.java:takeSnapshot(300)) - group-30660CB2130A: Finished taking a snapshot at:(t:1, i:3) file:/workdir/hadoop-ozone/integration-test/target/test-dir/MiniOzoneClusterImpl-cc3d3d95-e844-4504-baa9-60eb8f0888b1/datanode-0/data/ratis/f67ab59a-794d-41bd-9ec7-30660cb2130a/sm/snapshot.1_3 time:23
2019-10-11 10:08:54,802 [4302bdf4-b2bc-4d1b-92dc-dca675ac0824@group-30660CB2130A-StateMachineUpdater] INFO  impl.StateMachineUpdater (StateMachineUpdater.java:takeSnapshot(258)) - 4302bdf4-b2bc-4d1b-92dc-dca675ac0824@group-30660CB2130A-StateMachineUpdater: Took a snapshot at index 3
2019-10-11 10:08:54,803 [4302bdf4-b2bc-4d1b-92dc-dca675ac0824@group-30660CB2130A-StateMachineUpdater] INFO  impl.StateMachineUpdater (StateMachineUpdater.java:lambda$new$0(83)) - 4302bdf4-b2bc-4d1b-92dc-dca675ac0824@group-30660CB2130A-StateMachineUpdater: snapshotIndex: updateIncreasingly 3 -> 3
2019-10-11 10:08:54,804 [ForkJoinPool.commonPool-worker-1] INFO  impl.RaftServerImpl (ServerState.java:close(385)) - 4302bdf4-b2bc-4d1b-92dc-dca675ac0824@group-30660CB2130A: closes. applyIndex: 4
2019-10-11 10:08:54,804 [4302bdf4-b2bc-4d1b-92dc-dca675ac0824@group-30660CB2130A-SegmentedRaftLogWorker] INFO  segmented.SegmentedRaftLogWorker (SegmentedRaftLogWorker.java:run(313)) - 4302bdf4-b2bc-4d1b-92dc-dca675ac0824@group-30660CB2130A-SegmentedRaftLogWorker was interrupted, exiting. There are 0 tasks remaining in the queue.
2019-10-11 10:08:54,804 [ForkJoinPool.commonPool-worker-1] INFO  segmented.SegmentedRaftLogWorker (SegmentedRaftLogWorker.java:close(228)) - 4302bdf4-b2bc-4d1b-92dc-dca675ac0824@group-30660CB2130A-SegmentedRaftLogWorker close()
2019-10-11 10:08:54,806 [ForkJoinPool.commonPool-worker-1] INFO  impl.RaftServerImpl (RaftServerImpl.java:lambda$shutdown$3(251)) - 4302bdf4-b2bc-4d1b-92dc-dca675ac0824@group-40C088226284: shutdown
2019-10-11 10:08:54,806 [ForkJoinPool.commonPool-worker-1] INFO  util.JmxRegister (JmxRegister.java:unregister(73)) - Successfully un-registered JMX Bean with object name Ratis:service=RaftServer,group=group-40C088226284,id=4302bdf4-b2bc-4d1b-92dc-dca675ac0824
2019-10-11 10:08:54,806 [ForkJoinPool.commonPool-worker-1] INFO  impl.RoleInfo (RoleInfo.java:shutdownLeaderState(104)) - 4302bdf4-b2bc-4d1b-92dc-dca675ac0824: shutdown LeaderState
2019-10-11 10:08:54,808 [ForkJoinPool.commonPool-worker-1] INFO  impl.PendingRequests (PendingRequests.java:sendNotLeaderResponses(202)) - 4302bdf4-b2bc-4d1b-92dc-dca675ac0824-PendingRequests: sendNotLeaderResponses
2019-10-11 10:08:54,809 [org.apache.ratis.server.impl.LogAppender$AppenderDaemon$$Lambda$497/1438792743@f69ca84] WARN  server.GrpcLogAppender (GrpcLogAppender.java:mayWait(143)) - 4302bdf4-b2bc-4d1b-92dc-dca675ac0824@group-40C088226284->bd87c10d-2a97-4600-a4c6-dcfee1c9d709-GrpcLogAppender: Wait interrupted by java.lang.InterruptedException
2019-10-11 10:08:54,809 [ForkJoinPool.commonPool-worker-1] INFO  impl.StateMachineUpdater (StateMachineUpdater.java:stopAndJoin(125)) - 4302bdf4-b2bc-4d1b-92dc-dca675ac0824@group-40C088226284-StateMachineUpdater: set stopIndex = 0
2019-10-11 10:08:54,809 [org.apache.ratis.server.impl.LogAppender$AppenderDaemon$$Lambda$497/1438792743@5b32ee37] WARN  server.GrpcLogAppender (GrpcLogAppender.java:mayWait(143)) - 4302bdf4-b2bc-4d1b-92dc-dca675ac0824@group-40C088226284->b908fea9-9d9e-4680-974c-d51461f1bcae-GrpcLogAppender: Wait interrupted by java.lang.InterruptedException
2019-10-11 10:08:54,809 [ForkJoinPool.commonPool-worker-1] INFO  impl.RaftServerImpl (ServerState.java:close(385)) - 4302bdf4-b2bc-4d1b-92dc-dca675ac0824@group-40C088226284: closes. applyIndex: 0
2019-10-11 10:08:54,812 [4302bdf4-b2bc-4d1b-92dc-dca675ac0824@group-40C088226284-SegmentedRaftLogWorker] INFO  segmented.SegmentedRaftLogWorker (SegmentedRaftLogWorker.java:run(313)) - 4302bdf4-b2bc-4d1b-92dc-dca675ac0824@group-40C088226284-SegmentedRaftLogWorker was interrupted, exiting. There are 0 tasks remaining in the queue.
2019-10-11 10:08:54,812 [ForkJoinPool.commonPool-worker-1] INFO  segmented.SegmentedRaftLogWorker (SegmentedRaftLogWorker.java:close(228)) - 4302bdf4-b2bc-4d1b-92dc-dca675ac0824@group-40C088226284-SegmentedRaftLogWorker close()
2019-10-11 10:08:54,813 [ForkJoinPool.commonPool-worker-1] INFO  impl.RaftServerImpl (RaftServerImpl.java:lambda$shutdown$3(251)) - 4302bdf4-b2bc-4d1b-92dc-dca675ac0824@group-FA5B50016484: shutdown
2019-10-11 10:08:54,813 [ForkJoinPool.commonPool-worker-1] INFO  util.JmxRegister (JmxRegister.java:unregister(73)) - Successfully un-registered JMX Bean with object name Ratis:service=RaftServer,group=group-FA5B50016484,id=4302bdf4-b2bc-4d1b-92dc-dca675ac0824
2019-10-11 10:08:54,813 [ForkJoinPool.commonPool-worker-1] INFO  impl.RoleInfo (RoleInfo.java:shutdownLeaderState(104)) - 4302bdf4-b2bc-4d1b-92dc-dca675ac0824: shutdown LeaderState
2019-10-11 10:08:54,814 [ForkJoinPool.commonPool-worker-1] INFO  impl.PendingRequests (PendingRequests.java:sendNotLeaderResponses(202)) - 4302bdf4-b2bc-4d1b-92dc-dca675ac0824-PendingRequests: sendNotLeaderResponses
2019-10-11 10:08:54,814 [ForkJoinPool.commonPool-worker-1] INFO  impl.StateMachineUpdater (StateMachineUpdater.java:stopAndJoin(125)) - 4302bdf4-b2bc-4d1b-92dc-dca675ac0824@group-FA5B50016484-StateMachineUpdater: set stopIndex = 0
2019-10-11 10:08:54,814 [ForkJoinPool.commonPool-worker-1] INFO  impl.RaftServerImpl (ServerState.java:close(385)) - 4302bdf4-b2bc-4d1b-92dc-dca675ac0824@group-FA5B50016484: closes. applyIndex: 0
2019-10-11 10:08:54,817 [4302bdf4-b2bc-4d1b-92dc-dca675ac0824@group-FA5B50016484-SegmentedRaftLogWorker] INFO  segmented.SegmentedRaftLogWorker (SegmentedRaftLogWorker.java:run(313)) - 4302bdf4-b2bc-4d1b-92dc-dca675ac0824@group-FA5B50016484-SegmentedRaftLogWorker was interrupted, exiting. There are 0 tasks remaining in the queue.
2019-10-11 10:08:54,817 [ForkJoinPool.commonPool-worker-1] INFO  segmented.SegmentedRaftLogWorker (SegmentedRaftLogWorker.java:close(228)) - 4302bdf4-b2bc-4d1b-92dc-dca675ac0824@group-FA5B50016484-SegmentedRaftLogWorker close()
2019-10-11 10:08:54,819 [ForkJoinPool.commonPool-worker-1] INFO  server.GrpcService (GrpcService.java:closeImpl(164)) - 4302bdf4-b2bc-4d1b-92dc-dca675ac0824: shutdown server with port 43862 now
2019-10-11 10:08:54,819 [ForkJoinPool.commonPool-worker-1] INFO  server.GrpcService (GrpcService.java:closeImpl(172)) - 4302bdf4-b2bc-4d1b-92dc-dca675ac0824: shutdown server with port 43862 successfully
2019-10-11 10:08:54,836 [main] INFO  statemachine.DatanodeStateMachine (DatanodeStateMachine.java:stopDaemon(395)) - Ozone container server stopped.
2019-10-11 10:08:54,838 [refreshUsed-/workdir/hadoop-ozone/integration-test/target/test-dir/MiniOzoneClusterImpl-cc3d3d95-e844-4504-baa9-60eb8f0888b1/datanode-0/data/containers] WARN  fs.CachingGetSpaceUsed (CachingGetSpaceUsed.java:run(183)) - Thread Interrupted waiting to refresh disk information: sleep interrupted
2019-10-11 10:08:54,840 [main] INFO  handler.ContextHandler (ContextHandler.java:doStop(910)) - Stopped o.e.j.w.WebAppContext@59696551{/,null,UNAVAILABLE}{/hddsDatanode}
2019-10-11 10:08:54,841 [main] INFO  server.AbstractConnector (AbstractConnector.java:doStop(318)) - Stopped ServerConnector@648d0e6d{HTTP/1.1,[http/1.1]}{0.0.0.0:0}
2019-10-11 10:08:54,841 [main] INFO  handler.ContextHandler (ContextHandler.java:doStop(910)) - Stopped o.e.j.s.ServletContextHandler@53311681{/static,jar:file:/home/user/.m2/repository/org/apache/hadoop/hadoop-hdds-container-service/0.5.0-SNAPSHOT/hadoop-hdds-container-service-0.5.0-SNAPSHOT.jar!/webapps/static,UNAVAILABLE}
2019-10-11 10:08:54,842 [main] INFO  handler.ContextHandler (ContextHandler.java:doStop(910)) - Stopped o.e.j.s.ServletContextHandler@79a04e5f{/logs,file:///workdir/hadoop-ozone/integration-test/target/log,UNAVAILABLE}
2019-10-11 10:08:54,855 [ForkJoinPool.commonPool-worker-1] INFO  utils.BackgroundService (BackgroundService.java:shutdown(148)) - Shutting down service BlockDeletingService
2019-10-11 10:08:54,857 [ForkJoinPool.commonPool-worker-1] INFO  statemachine.DatanodeStateMachine (DatanodeStateMachine.java:stopDaemon(395)) - Ozone container server stopped.
2019-10-11 10:08:54,860 [ForkJoinPool.commonPool-worker-1] INFO  handler.ContextHandler (ContextHandler.java:doStop(910)) - Stopped o.e.j.w.WebAppContext@5df778c3{/,null,UNAVAILABLE}{/hddsDatanode}
2019-10-11 10:08:54,861 [ForkJoinPool.commonPool-worker-1] INFO  server.AbstractConnector (AbstractConnector.java:doStop(318)) - Stopped ServerConnector@895416d{HTTP/1.1,[http/1.1]}{0.0.0.0:0}
2019-10-11 10:08:54,862 [ForkJoinPool.commonPool-worker-1] INFO  handler.ContextHandler (ContextHandler.java:doStop(910)) - Stopped o.e.j.s.ServletContextHandler@6403e24c{/static,jar:file:/home/user/.m2/repository/org/apache/hadoop/hadoop-hdds-container-service/0.5.0-SNAPSHOT/hadoop-hdds-container-service-0.5.0-SNAPSHOT.jar!/webapps/static,UNAVAILABLE}
2019-10-11 10:08:54,863 [ForkJoinPool.commonPool-worker-1] INFO  handler.ContextHandler (ContextHandler.java:doStop(910)) - Stopped o.e.j.s.ServletContextHandler@43045f9f{/logs,file:///workdir/hadoop-ozone/integration-test/target/log,UNAVAILABLE}
2019-10-11 10:08:55,143 [Thread-530] INFO  impl.FollowerState (FollowerState.java:run(106)) - fd0f34a3-07b1-4956-8232-be1a3f5e6261:group-A39EDD5CFBEB changes to CANDIDATE, lastRpcTime:5130, electionTimeout:5130ms
2019-10-11 10:08:55,143 [Thread-530] INFO  impl.RoleInfo (RoleInfo.java:shutdownFollowerState(121)) - fd0f34a3-07b1-4956-8232-be1a3f5e6261: shutdown FollowerState
2019-10-11 10:08:55,143 [Thread-530] INFO  impl.RaftServerImpl (RaftServerImpl.java:setRole(174)) - fd0f34a3-07b1-4956-8232-be1a3f5e6261@group-A39EDD5CFBEB: changes role from  FOLLOWER to CANDIDATE at term 2 for changeToCandidate
2019-10-11 10:08:55,144 [Thread-530] INFO  impl.RoleInfo (RoleInfo.java:updateAndGet(143)) - fd0f34a3-07b1-4956-8232-be1a3f5e6261: start LeaderElection
2019-10-11 10:08:55,169 [fd0f34a3-07b1-4956-8232-be1a3f5e6261@group-A39EDD5CFBEB:LeaderElection20] INFO  impl.LeaderElection (LeaderElection.java:askForVotes(182)) - fd0f34a3-07b1-4956-8232-be1a3f5e6261@group-A39EDD5CFBEB:LeaderElection20: begin an election at term 3 for 0: [2a3896bf-c579-4beb-9043-be047c7720ce:192.168.164.221:35466, c72dbeab-b6e2-48b8-b87b-77765a61575f:192.168.164.221:45506, fd0f34a3-07b1-4956-8232-be1a3f5e6261:192.168.164.221:42219], old=null
2019-10-11 10:08:55,170 [fd0f34a3-07b1-4956-8232-be1a3f5e6261@group-A39EDD5CFBEB:LeaderElection20] INFO  impl.LeaderElection (LogUtils.java:infoOrTrace(149)) - fd0f34a3-07b1-4956-8232-be1a3f5e6261@group-A39EDD5CFBEB:LeaderElection20 got exception when requesting votes: {}
java.util.concurrent.ExecutionException: org.apache.ratis.thirdparty.io.grpc.StatusRuntimeException: UNAVAILABLE: io exception
	at java.util.concurrent.FutureTask.report(FutureTask.java:122)
	at java.util.concurrent.FutureTask.get(FutureTask.java:192)
	at org.apache.ratis.server.impl.LeaderElection.waitForResults(LeaderElection.java:263)
	at org.apache.ratis.server.impl.LeaderElection.askForVotes(LeaderElection.java:201)
	at org.apache.ratis.server.impl.LeaderElection.run(LeaderElection.java:133)
	at java.lang.Thread.run(Thread.java:748)
Caused by: org.apache.ratis.thirdparty.io.grpc.StatusRuntimeException: UNAVAILABLE: io exception
	at org.apache.ratis.thirdparty.io.grpc.stub.ClientCalls.toStatusRuntimeException(ClientCalls.java:233)
	at org.apache.ratis.thirdparty.io.grpc.stub.ClientCalls.getUnchecked(ClientCalls.java:214)
	at org.apache.ratis.thirdparty.io.grpc.stub.ClientCalls.blockingUnaryCall(ClientCalls.java:139)
	at org.apache.ratis.proto.grpc.RaftServerProtocolServiceGrpc$RaftServerProtocolServiceBlockingStub.requestVote(RaftServerProtocolServiceGrpc.java:265)
	at org.apache.ratis.grpc.server.GrpcServerProtocolClient.requestVote(GrpcServerProtocolClient.java:90)
	at org.apache.ratis.grpc.server.GrpcService.requestVote(GrpcService.java:204)
	at org.apache.ratis.server.impl.LeaderElection.lambda$submitRequests$1(LeaderElection.java:238)
	at java.util.concurrent.FutureTask.run(FutureTask.java:266)
	at java.util.concurrent.Executors$RunnableAdapter.call(Executors.java:511)
	at java.util.concurrent.FutureTask.run(FutureTask.java:266)
	at java.util.concurrent.ThreadPoolExecutor.runWorker(ThreadPoolExecutor.java:1149)
	at java.util.concurrent.ThreadPoolExecutor$Worker.run(ThreadPoolExecutor.java:624)
	... 1 more
Caused by: org.apache.ratis.thirdparty.io.netty.channel.AbstractChannel$AnnotatedConnectException: Connection refused: /192.168.164.221:35466
	at sun.nio.ch.SocketChannelImpl.checkConnect(Native Method)
	at sun.nio.ch.SocketChannelImpl.finishConnect(SocketChannelImpl.java:717)
	at org.apache.ratis.thirdparty.io.netty.channel.socket.nio.NioSocketChannel.doFinishConnect(NioSocketChannel.java:327)
	at org.apache.ratis.thirdparty.io.netty.channel.nio.AbstractNioChannel$AbstractNioUnsafe.finishConnect(AbstractNioChannel.java:340)
	at org.apache.ratis.thirdparty.io.netty.channel.nio.NioEventLoop.processSelectedKey(NioEventLoop.java:632)
	at org.apache.ratis.thirdparty.io.netty.channel.nio.NioEventLoop.processSelectedKeysOptimized(NioEventLoop.java:579)
	at org.apache.ratis.thirdparty.io.netty.channel.nio.NioEventLoop.processSelectedKeys(NioEventLoop.java:496)
	at org.apache.ratis.thirdparty.io.netty.channel.nio.NioEventLoop.run(NioEventLoop.java:458)
	at org.apache.ratis.thirdparty.io.netty.util.concurrent.SingleThreadEventExecutor$5.run(SingleThreadEventExecutor.java:897)
	at org.apache.ratis.thirdparty.io.netty.util.concurrent.FastThreadLocalRunnable.run(FastThreadLocalRunnable.java:30)
	... 1 more
Caused by: java.net.ConnectException: Connection refused
	... 11 more
2019-10-11 10:08:55,172 [fd0f34a3-07b1-4956-8232-be1a3f5e6261@group-A39EDD5CFBEB:LeaderElection20] INFO  impl.LeaderElection (LogUtils.java:infoOrTrace(149)) - fd0f34a3-07b1-4956-8232-be1a3f5e6261@group-A39EDD5CFBEB:LeaderElection20 got exception when requesting votes: {}
java.util.concurrent.ExecutionException: org.apache.ratis.thirdparty.io.grpc.StatusRuntimeException: UNAVAILABLE: io exception
	at java.util.concurrent.FutureTask.report(FutureTask.java:122)
	at java.util.concurrent.FutureTask.get(FutureTask.java:192)
	at org.apache.ratis.server.impl.LeaderElection.waitForResults(LeaderElection.java:263)
	at org.apache.ratis.server.impl.LeaderElection.askForVotes(LeaderElection.java:201)
	at org.apache.ratis.server.impl.LeaderElection.run(LeaderElection.java:133)
	at java.lang.Thread.run(Thread.java:748)
Caused by: org.apache.ratis.thirdparty.io.grpc.StatusRuntimeException: UNAVAILABLE: io exception
	at org.apache.ratis.thirdparty.io.grpc.stub.ClientCalls.toStatusRuntimeException(ClientCalls.java:233)
	at org.apache.ratis.thirdparty.io.grpc.stub.ClientCalls.getUnchecked(ClientCalls.java:214)
	at org.apache.ratis.thirdparty.io.grpc.stub.ClientCalls.blockingUnaryCall(ClientCalls.java:139)
	at org.apache.ratis.proto.grpc.RaftServerProtocolServiceGrpc$RaftServerProtocolServiceBlockingStub.requestVote(RaftServerProtocolServiceGrpc.java:265)
	at org.apache.ratis.grpc.server.GrpcServerProtocolClient.requestVote(GrpcServerProtocolClient.java:90)
	at org.apache.ratis.grpc.server.GrpcService.requestVote(GrpcService.java:204)
	at org.apache.ratis.server.impl.LeaderElection.lambda$submitRequests$1(LeaderElection.java:238)
	at java.util.concurrent.FutureTask.run(FutureTask.java:266)
	at java.util.concurrent.Executors$RunnableAdapter.call(Executors.java:511)
	at java.util.concurrent.FutureTask.run(FutureTask.java:266)
	at java.util.concurrent.ThreadPoolExecutor.runWorker(ThreadPoolExecutor.java:1149)
	at java.util.concurrent.ThreadPoolExecutor$Worker.run(ThreadPoolExecutor.java:624)
	... 1 more
Caused by: org.apache.ratis.thirdparty.io.netty.channel.AbstractChannel$AnnotatedConnectException: Connection refused: /192.168.164.221:45506
	at sun.nio.ch.SocketChannelImpl.checkConnect(Native Method)
	at sun.nio.ch.SocketChannelImpl.finishConnect(SocketChannelImpl.java:717)
	at org.apache.ratis.thirdparty.io.netty.channel.socket.nio.NioSocketChannel.doFinishConnect(NioSocketChannel.java:327)
	at org.apache.ratis.thirdparty.io.netty.channel.nio.AbstractNioChannel$AbstractNioUnsafe.finishConnect(AbstractNioChannel.java:340)
	at org.apache.ratis.thirdparty.io.netty.channel.nio.NioEventLoop.processSelectedKey(NioEventLoop.java:632)
	at org.apache.ratis.thirdparty.io.netty.channel.nio.NioEventLoop.processSelectedKeysOptimized(NioEventLoop.java:579)
	at org.apache.ratis.thirdparty.io.netty.channel.nio.NioEventLoop.processSelectedKeys(NioEventLoop.java:496)
	at org.apache.ratis.thirdparty.io.netty.channel.nio.NioEventLoop.run(NioEventLoop.java:458)
	at org.apache.ratis.thirdparty.io.netty.util.concurrent.SingleThreadEventExecutor$5.run(SingleThreadEventExecutor.java:897)
	at org.apache.ratis.thirdparty.io.netty.util.concurrent.FastThreadLocalRunnable.run(FastThreadLocalRunnable.java:30)
	... 1 more
Caused by: java.net.ConnectException: Connection refused
	... 11 more
2019-10-11 10:08:55,173 [fd0f34a3-07b1-4956-8232-be1a3f5e6261@group-A39EDD5CFBEB:LeaderElection20] INFO  impl.LeaderElection (LeaderElection.java:logAndReturn(56)) - fd0f34a3-07b1-4956-8232-be1a3f5e6261@group-A39EDD5CFBEB:LeaderElection20: Election REJECTED; received 0 response(s) [] and 2 exception(s); fd0f34a3-07b1-4956-8232-be1a3f5e6261@group-A39EDD5CFBEB:t3, leader=null, voted=fd0f34a3-07b1-4956-8232-be1a3f5e6261, raftlog=fd0f34a3-07b1-4956-8232-be1a3f5e6261@group-A39EDD5CFBEB-SegmentedRaftLog:OPENED:c0,f0,i0, conf=0: [2a3896bf-c579-4beb-9043-be047c7720ce:192.168.164.221:35466, c72dbeab-b6e2-48b8-b87b-77765a61575f:192.168.164.221:45506, fd0f34a3-07b1-4956-8232-be1a3f5e6261:192.168.164.221:42219], old=null
2019-10-11 10:08:55,173 [fd0f34a3-07b1-4956-8232-be1a3f5e6261@group-A39EDD5CFBEB:LeaderElection20] INFO  impl.LeaderElection (LogUtils.java:infoOrTrace(149)) -   Exception 0: {}
java.util.concurrent.ExecutionException: org.apache.ratis.thirdparty.io.grpc.StatusRuntimeException: UNAVAILABLE: io exception
	at java.util.concurrent.FutureTask.report(FutureTask.java:122)
	at java.util.concurrent.FutureTask.get(FutureTask.java:192)
	at org.apache.ratis.server.impl.LeaderElection.waitForResults(LeaderElection.java:263)
	at org.apache.ratis.server.impl.LeaderElection.askForVotes(LeaderElection.java:201)
	at org.apache.ratis.server.impl.LeaderElection.run(LeaderElection.java:133)
	at java.lang.Thread.run(Thread.java:748)
Caused by: org.apache.ratis.thirdparty.io.grpc.StatusRuntimeException: UNAVAILABLE: io exception
	at org.apache.ratis.thirdparty.io.grpc.stub.ClientCalls.toStatusRuntimeException(ClientCalls.java:233)
	at org.apache.ratis.thirdparty.io.grpc.stub.ClientCalls.getUnchecked(ClientCalls.java:214)
	at org.apache.ratis.thirdparty.io.grpc.stub.ClientCalls.blockingUnaryCall(ClientCalls.java:139)
	at org.apache.ratis.proto.grpc.RaftServerProtocolServiceGrpc$RaftServerProtocolServiceBlockingStub.requestVote(RaftServerProtocolServiceGrpc.java:265)
	at org.apache.ratis.grpc.server.GrpcServerProtocolClient.requestVote(GrpcServerProtocolClient.java:90)
	at org.apache.ratis.grpc.server.GrpcService.requestVote(GrpcService.java:204)
	at org.apache.ratis.server.impl.LeaderElection.lambda$submitRequests$1(LeaderElection.java:238)
	at java.util.concurrent.FutureTask.run(FutureTask.java:266)
	at java.util.concurrent.Executors$RunnableAdapter.call(Executors.java:511)
	at java.util.concurrent.FutureTask.run(FutureTask.java:266)
	at java.util.concurrent.ThreadPoolExecutor.runWorker(ThreadPoolExecutor.java:1149)
	at java.util.concurrent.ThreadPoolExecutor$Worker.run(ThreadPoolExecutor.java:624)
	... 1 more
Caused by: org.apache.ratis.thirdparty.io.netty.channel.AbstractChannel$AnnotatedConnectException: Connection refused: /192.168.164.221:35466
	at sun.nio.ch.SocketChannelImpl.checkConnect(Native Method)
	at sun.nio.ch.SocketChannelImpl.finishConnect(SocketChannelImpl.java:717)
	at org.apache.ratis.thirdparty.io.netty.channel.socket.nio.NioSocketChannel.doFinishConnect(NioSocketChannel.java:327)
	at org.apache.ratis.thirdparty.io.netty.channel.nio.AbstractNioChannel$AbstractNioUnsafe.finishConnect(AbstractNioChannel.java:340)
	at org.apache.ratis.thirdparty.io.netty.channel.nio.NioEventLoop.processSelectedKey(NioEventLoop.java:632)
	at org.apache.ratis.thirdparty.io.netty.channel.nio.NioEventLoop.processSelectedKeysOptimized(NioEventLoop.java:579)
	at org.apache.ratis.thirdparty.io.netty.channel.nio.NioEventLoop.processSelectedKeys(NioEventLoop.java:496)
	at org.apache.ratis.thirdparty.io.netty.channel.nio.NioEventLoop.run(NioEventLoop.java:458)
	at org.apache.ratis.thirdparty.io.netty.util.concurrent.SingleThreadEventExecutor$5.run(SingleThreadEventExecutor.java:897)
	at org.apache.ratis.thirdparty.io.netty.util.concurrent.FastThreadLocalRunnable.run(FastThreadLocalRunnable.java:30)
	... 1 more
Caused by: java.net.ConnectException: Connection refused
	... 11 more
2019-10-11 10:08:55,174 [fd0f34a3-07b1-4956-8232-be1a3f5e6261@group-A39EDD5CFBEB:LeaderElection20] INFO  impl.LeaderElection (LogUtils.java:infoOrTrace(149)) -   Exception 1: {}
java.util.concurrent.ExecutionException: org.apache.ratis.thirdparty.io.grpc.StatusRuntimeException: UNAVAILABLE: io exception
	at java.util.concurrent.FutureTask.report(FutureTask.java:122)
	at java.util.concurrent.FutureTask.get(FutureTask.java:192)
	at org.apache.ratis.server.impl.LeaderElection.waitForResults(LeaderElection.java:263)
	at org.apache.ratis.server.impl.LeaderElection.askForVotes(LeaderElection.java:201)
	at org.apache.ratis.server.impl.LeaderElection.run(LeaderElection.java:133)
	at java.lang.Thread.run(Thread.java:748)
Caused by: org.apache.ratis.thirdparty.io.grpc.StatusRuntimeException: UNAVAILABLE: io exception
	at org.apache.ratis.thirdparty.io.grpc.stub.ClientCalls.toStatusRuntimeException(ClientCalls.java:233)
	at org.apache.ratis.thirdparty.io.grpc.stub.ClientCalls.getUnchecked(ClientCalls.java:214)
	at org.apache.ratis.thirdparty.io.grpc.stub.ClientCalls.blockingUnaryCall(ClientCalls.java:139)
	at org.apache.ratis.proto.grpc.RaftServerProtocolServiceGrpc$RaftServerProtocolServiceBlockingStub.requestVote(RaftServerProtocolServiceGrpc.java:265)
	at org.apache.ratis.grpc.server.GrpcServerProtocolClient.requestVote(GrpcServerProtocolClient.java:90)
	at org.apache.ratis.grpc.server.GrpcService.requestVote(GrpcService.java:204)
	at org.apache.ratis.server.impl.LeaderElection.lambda$submitRequests$1(LeaderElection.java:238)
	at java.util.concurrent.FutureTask.run(FutureTask.java:266)
	at java.util.concurrent.Executors$RunnableAdapter.call(Executors.java:511)
	at java.util.concurrent.FutureTask.run(FutureTask.java:266)
	at java.util.concurrent.ThreadPoolExecutor.runWorker(ThreadPoolExecutor.java:1149)
	at java.util.concurrent.ThreadPoolExecutor$Worker.run(ThreadPoolExecutor.java:624)
	... 1 more
Caused by: org.apache.ratis.thirdparty.io.netty.channel.AbstractChannel$AnnotatedConnectException: Connection refused: /192.168.164.221:45506
	at sun.nio.ch.SocketChannelImpl.checkConnect(Native Method)
	at sun.nio.ch.SocketChannelImpl.finishConnect(SocketChannelImpl.java:717)
	at org.apache.ratis.thirdparty.io.netty.channel.socket.nio.NioSocketChannel.doFinishConnect(NioSocketChannel.java:327)
	at org.apache.ratis.thirdparty.io.netty.channel.nio.AbstractNioChannel$AbstractNioUnsafe.finishConnect(AbstractNioChannel.java:340)
	at org.apache.ratis.thirdparty.io.netty.channel.nio.NioEventLoop.processSelectedKey(NioEventLoop.java:632)
	at org.apache.ratis.thirdparty.io.netty.channel.nio.NioEventLoop.processSelectedKeysOptimized(NioEventLoop.java:579)
	at org.apache.ratis.thirdparty.io.netty.channel.nio.NioEventLoop.processSelectedKeys(NioEventLoop.java:496)
	at org.apache.ratis.thirdparty.io.netty.channel.nio.NioEventLoop.run(NioEventLoop.java:458)
	at org.apache.ratis.thirdparty.io.netty.util.concurrent.SingleThreadEventExecutor$5.run(SingleThreadEventExecutor.java:897)
	at org.apache.ratis.thirdparty.io.netty.util.concurrent.FastThreadLocalRunnable.run(FastThreadLocalRunnable.java:30)
	... 1 more
Caused by: java.net.ConnectException: Connection refused
	... 11 more
2019-10-11 10:08:55,174 [fd0f34a3-07b1-4956-8232-be1a3f5e6261@group-A39EDD5CFBEB:LeaderElection20] INFO  impl.RaftServerImpl (RaftServerImpl.java:setRole(174)) - fd0f34a3-07b1-4956-8232-be1a3f5e6261@group-A39EDD5CFBEB: changes role from CANDIDATE to FOLLOWER at term 3 for DISCOVERED_A_NEW_TERM
2019-10-11 10:08:55,174 [fd0f34a3-07b1-4956-8232-be1a3f5e6261@group-A39EDD5CFBEB:LeaderElection20] INFO  impl.RoleInfo (RoleInfo.java:shutdownLeaderElection(134)) - fd0f34a3-07b1-4956-8232-be1a3f5e6261: shutdown LeaderElection
2019-10-11 10:08:55,175 [fd0f34a3-07b1-4956-8232-be1a3f5e6261@group-A39EDD5CFBEB:LeaderElection20] INFO  impl.RoleInfo (RoleInfo.java:updateAndGet(143)) - fd0f34a3-07b1-4956-8232-be1a3f5e6261: start FollowerState
2019-10-11 10:08:55,291 [Thread-534] INFO  impl.FollowerState (FollowerState.java:run(106)) - fd0f34a3-07b1-4956-8232-be1a3f5e6261:group-B531619340A9 changes to CANDIDATE, lastRpcTime:5168, electionTimeout:5168ms
2019-10-11 10:08:55,292 [Thread-534] INFO  impl.RoleInfo (RoleInfo.java:shutdownFollowerState(121)) - fd0f34a3-07b1-4956-8232-be1a3f5e6261: shutdown FollowerState
2019-10-11 10:08:55,293 [Thread-534] INFO  impl.RaftServerImpl (RaftServerImpl.java:setRole(174)) - fd0f34a3-07b1-4956-8232-be1a3f5e6261@group-B531619340A9: changes role from  FOLLOWER to CANDIDATE at term 3 for changeToCandidate
2019-10-11 10:08:55,293 [Thread-534] INFO  impl.RoleInfo (RoleInfo.java:updateAndGet(143)) - fd0f34a3-07b1-4956-8232-be1a3f5e6261: start LeaderElection
2019-10-11 10:08:55,318 [fd0f34a3-07b1-4956-8232-be1a3f5e6261@group-B531619340A9:LeaderElection21] INFO  impl.LeaderElection (LeaderElection.java:askForVotes(182)) - fd0f34a3-07b1-4956-8232-be1a3f5e6261@group-B531619340A9:LeaderElection21: begin an election at term 4 for 0: [2a3896bf-c579-4beb-9043-be047c7720ce:192.168.164.221:35466, c72dbeab-b6e2-48b8-b87b-77765a61575f:192.168.164.221:45506, fd0f34a3-07b1-4956-8232-be1a3f5e6261:192.168.164.221:42219], old=null
2019-10-11 10:08:55,319 [fd0f34a3-07b1-4956-8232-be1a3f5e6261@group-B531619340A9:LeaderElection21] INFO  impl.LeaderElection (LogUtils.java:infoOrTrace(149)) - fd0f34a3-07b1-4956-8232-be1a3f5e6261@group-B531619340A9:LeaderElection21 got exception when requesting votes: {}
java.util.concurrent.ExecutionException: org.apache.ratis.thirdparty.io.grpc.StatusRuntimeException: UNAVAILABLE: io exception
	at java.util.concurrent.FutureTask.report(FutureTask.java:122)
	at java.util.concurrent.FutureTask.get(FutureTask.java:192)
	at org.apache.ratis.server.impl.LeaderElection.waitForResults(LeaderElection.java:263)
	at org.apache.ratis.server.impl.LeaderElection.askForVotes(LeaderElection.java:201)
	at org.apache.ratis.server.impl.LeaderElection.run(LeaderElection.java:133)
	at java.lang.Thread.run(Thread.java:748)
Caused by: org.apache.ratis.thirdparty.io.grpc.StatusRuntimeException: UNAVAILABLE: io exception
	at org.apache.ratis.thirdparty.io.grpc.stub.ClientCalls.toStatusRuntimeException(ClientCalls.java:233)
	at org.apache.ratis.thirdparty.io.grpc.stub.ClientCalls.getUnchecked(ClientCalls.java:214)
	at org.apache.ratis.thirdparty.io.grpc.stub.ClientCalls.blockingUnaryCall(ClientCalls.java:139)
	at org.apache.ratis.proto.grpc.RaftServerProtocolServiceGrpc$RaftServerProtocolServiceBlockingStub.requestVote(RaftServerProtocolServiceGrpc.java:265)
	at org.apache.ratis.grpc.server.GrpcServerProtocolClient.requestVote(GrpcServerProtocolClient.java:90)
	at org.apache.ratis.grpc.server.GrpcService.requestVote(GrpcService.java:204)
	at org.apache.ratis.server.impl.LeaderElection.lambda$submitRequests$1(LeaderElection.java:238)
	at java.util.concurrent.FutureTask.run(FutureTask.java:266)
	at java.util.concurrent.Executors$RunnableAdapter.call(Executors.java:511)
	at java.util.concurrent.FutureTask.run(FutureTask.java:266)
	at java.util.concurrent.ThreadPoolExecutor.runWorker(ThreadPoolExecutor.java:1149)
	at java.util.concurrent.ThreadPoolExecutor$Worker.run(ThreadPoolExecutor.java:624)
	... 1 more
Caused by: org.apache.ratis.thirdparty.io.netty.channel.AbstractChannel$AnnotatedConnectException: Connection refused: /192.168.164.221:45506
	at sun.nio.ch.SocketChannelImpl.checkConnect(Native Method)
	at sun.nio.ch.SocketChannelImpl.finishConnect(SocketChannelImpl.java:717)
	at org.apache.ratis.thirdparty.io.netty.channel.socket.nio.NioSocketChannel.doFinishConnect(NioSocketChannel.java:327)
	at org.apache.ratis.thirdparty.io.netty.channel.nio.AbstractNioChannel$AbstractNioUnsafe.finishConnect(AbstractNioChannel.java:340)
	at org.apache.ratis.thirdparty.io.netty.channel.nio.NioEventLoop.processSelectedKey(NioEventLoop.java:632)
	at org.apache.ratis.thirdparty.io.netty.channel.nio.NioEventLoop.processSelectedKeysOptimized(NioEventLoop.java:579)
	at org.apache.ratis.thirdparty.io.netty.channel.nio.NioEventLoop.processSelectedKeys(NioEventLoop.java:496)
	at org.apache.ratis.thirdparty.io.netty.channel.nio.NioEventLoop.run(NioEventLoop.java:458)
	at org.apache.ratis.thirdparty.io.netty.util.concurrent.SingleThreadEventExecutor$5.run(SingleThreadEventExecutor.java:897)
	at org.apache.ratis.thirdparty.io.netty.util.concurrent.FastThreadLocalRunnable.run(FastThreadLocalRunnable.java:30)
	... 1 more
Caused by: java.net.ConnectException: Connection refused
	... 11 more
2019-10-11 10:08:55,321 [fd0f34a3-07b1-4956-8232-be1a3f5e6261@group-B531619340A9:LeaderElection21] INFO  impl.LeaderElection (LogUtils.java:infoOrTrace(149)) - fd0f34a3-07b1-4956-8232-be1a3f5e6261@group-B531619340A9:LeaderElection21 got exception when requesting votes: {}
java.util.concurrent.ExecutionException: org.apache.ratis.thirdparty.io.grpc.StatusRuntimeException: UNAVAILABLE: io exception
	at java.util.concurrent.FutureTask.report(FutureTask.java:122)
	at java.util.concurrent.FutureTask.get(FutureTask.java:192)
	at org.apache.ratis.server.impl.LeaderElection.waitForResults(LeaderElection.java:263)
	at org.apache.ratis.server.impl.LeaderElection.askForVotes(LeaderElection.java:201)
	at org.apache.ratis.server.impl.LeaderElection.run(LeaderElection.java:133)
	at java.lang.Thread.run(Thread.java:748)
Caused by: org.apache.ratis.thirdparty.io.grpc.StatusRuntimeException: UNAVAILABLE: io exception
	at org.apache.ratis.thirdparty.io.grpc.stub.ClientCalls.toStatusRuntimeException(ClientCalls.java:233)
	at org.apache.ratis.thirdparty.io.grpc.stub.ClientCalls.getUnchecked(ClientCalls.java:214)
	at org.apache.ratis.thirdparty.io.grpc.stub.ClientCalls.blockingUnaryCall(ClientCalls.java:139)
	at org.apache.ratis.proto.grpc.RaftServerProtocolServiceGrpc$RaftServerProtocolServiceBlockingStub.requestVote(RaftServerProtocolServiceGrpc.java:265)
	at org.apache.ratis.grpc.server.GrpcServerProtocolClient.requestVote(GrpcServerProtocolClient.java:90)
	at org.apache.ratis.grpc.server.GrpcService.requestVote(GrpcService.java:204)
	at org.apache.ratis.server.impl.LeaderElection.lambda$submitRequests$1(LeaderElection.java:238)
	at java.util.concurrent.FutureTask.run(FutureTask.java:266)
	at java.util.concurrent.Executors$RunnableAdapter.call(Executors.java:511)
	at java.util.concurrent.FutureTask.run(FutureTask.java:266)
	at java.util.concurrent.ThreadPoolExecutor.runWorker(ThreadPoolExecutor.java:1149)
	at java.util.concurrent.ThreadPoolExecutor$Worker.run(ThreadPoolExecutor.java:624)
	... 1 more
Caused by: org.apache.ratis.thirdparty.io.netty.channel.AbstractChannel$AnnotatedConnectException: Connection refused: /192.168.164.221:35466
	at sun.nio.ch.SocketChannelImpl.checkConnect(Native Method)
	at sun.nio.ch.SocketChannelImpl.finishConnect(SocketChannelImpl.java:717)
	at org.apache.ratis.thirdparty.io.netty.channel.socket.nio.NioSocketChannel.doFinishConnect(NioSocketChannel.java:327)
	at org.apache.ratis.thirdparty.io.netty.channel.nio.AbstractNioChannel$AbstractNioUnsafe.finishConnect(AbstractNioChannel.java:340)
	at org.apache.ratis.thirdparty.io.netty.channel.nio.NioEventLoop.processSelectedKey(NioEventLoop.java:632)
	at org.apache.ratis.thirdparty.io.netty.channel.nio.NioEventLoop.processSelectedKeysOptimized(NioEventLoop.java:579)
	at org.apache.ratis.thirdparty.io.netty.channel.nio.NioEventLoop.processSelectedKeys(NioEventLoop.java:496)
	at org.apache.ratis.thirdparty.io.netty.channel.nio.NioEventLoop.run(NioEventLoop.java:458)
	at org.apache.ratis.thirdparty.io.netty.util.concurrent.SingleThreadEventExecutor$5.run(SingleThreadEventExecutor.java:897)
	at org.apache.ratis.thirdparty.io.netty.util.concurrent.FastThreadLocalRunnable.run(FastThreadLocalRunnable.java:30)
	... 1 more
Caused by: java.net.ConnectException: Connection refused
	... 11 more
2019-10-11 10:08:55,323 [fd0f34a3-07b1-4956-8232-be1a3f5e6261@group-B531619340A9:LeaderElection21] INFO  impl.LeaderElection (LeaderElection.java:logAndReturn(56)) - fd0f34a3-07b1-4956-8232-be1a3f5e6261@group-B531619340A9:LeaderElection21: Election REJECTED; received 0 response(s) [] and 2 exception(s); fd0f34a3-07b1-4956-8232-be1a3f5e6261@group-B531619340A9:t4, leader=null, voted=fd0f34a3-07b1-4956-8232-be1a3f5e6261, raftlog=fd0f34a3-07b1-4956-8232-be1a3f5e6261@group-B531619340A9-SegmentedRaftLog:OPENED:c16,f16,i16, conf=0: [2a3896bf-c579-4beb-9043-be047c7720ce:192.168.164.221:35466, c72dbeab-b6e2-48b8-b87b-77765a61575f:192.168.164.221:45506, fd0f34a3-07b1-4956-8232-be1a3f5e6261:192.168.164.221:42219], old=null
2019-10-11 10:08:55,323 [fd0f34a3-07b1-4956-8232-be1a3f5e6261@group-B531619340A9:LeaderElection21] INFO  impl.LeaderElection (LogUtils.java:infoOrTrace(149)) -   Exception 0: {}
java.util.concurrent.ExecutionException: org.apache.ratis.thirdparty.io.grpc.StatusRuntimeException: UNAVAILABLE: io exception
	at java.util.concurrent.FutureTask.report(FutureTask.java:122)
	at java.util.concurrent.FutureTask.get(FutureTask.java:192)
	at org.apache.ratis.server.impl.LeaderElection.waitForResults(LeaderElection.java:263)
	at org.apache.ratis.server.impl.LeaderElection.askForVotes(LeaderElection.java:201)
	at org.apache.ratis.server.impl.LeaderElection.run(LeaderElection.java:133)
	at java.lang.Thread.run(Thread.java:748)
Caused by: org.apache.ratis.thirdparty.io.grpc.StatusRuntimeException: UNAVAILABLE: io exception
	at org.apache.ratis.thirdparty.io.grpc.stub.ClientCalls.toStatusRuntimeException(ClientCalls.java:233)
	at org.apache.ratis.thirdparty.io.grpc.stub.ClientCalls.getUnchecked(ClientCalls.java:214)
	at org.apache.ratis.thirdparty.io.grpc.stub.ClientCalls.blockingUnaryCall(ClientCalls.java:139)
	at org.apache.ratis.proto.grpc.RaftServerProtocolServiceGrpc$RaftServerProtocolServiceBlockingStub.requestVote(RaftServerProtocolServiceGrpc.java:265)
	at org.apache.ratis.grpc.server.GrpcServerProtocolClient.requestVote(GrpcServerProtocolClient.java:90)
	at org.apache.ratis.grpc.server.GrpcService.requestVote(GrpcService.java:204)
	at org.apache.ratis.server.impl.LeaderElection.lambda$submitRequests$1(LeaderElection.java:238)
	at java.util.concurrent.FutureTask.run(FutureTask.java:266)
	at java.util.concurrent.Executors$RunnableAdapter.call(Executors.java:511)
	at java.util.concurrent.FutureTask.run(FutureTask.java:266)
	at java.util.concurrent.ThreadPoolExecutor.runWorker(ThreadPoolExecutor.java:1149)
	at java.util.concurrent.ThreadPoolExecutor$Worker.run(ThreadPoolExecutor.java:624)
	... 1 more
Caused by: org.apache.ratis.thirdparty.io.netty.channel.AbstractChannel$AnnotatedConnectException: Connection refused: /192.168.164.221:45506
	at sun.nio.ch.SocketChannelImpl.checkConnect(Native Method)
	at sun.nio.ch.SocketChannelImpl.finishConnect(SocketChannelImpl.java:717)
	at org.apache.ratis.thirdparty.io.netty.channel.socket.nio.NioSocketChannel.doFinishConnect(NioSocketChannel.java:327)
	at org.apache.ratis.thirdparty.io.netty.channel.nio.AbstractNioChannel$AbstractNioUnsafe.finishConnect(AbstractNioChannel.java:340)
	at org.apache.ratis.thirdparty.io.netty.channel.nio.NioEventLoop.processSelectedKey(NioEventLoop.java:632)
	at org.apache.ratis.thirdparty.io.netty.channel.nio.NioEventLoop.processSelectedKeysOptimized(NioEventLoop.java:579)
	at org.apache.ratis.thirdparty.io.netty.channel.nio.NioEventLoop.processSelectedKeys(NioEventLoop.java:496)
	at org.apache.ratis.thirdparty.io.netty.channel.nio.NioEventLoop.run(NioEventLoop.java:458)
	at org.apache.ratis.thirdparty.io.netty.util.concurrent.SingleThreadEventExecutor$5.run(SingleThreadEventExecutor.java:897)
	at org.apache.ratis.thirdparty.io.netty.util.concurrent.FastThreadLocalRunnable.run(FastThreadLocalRunnable.java:30)
	... 1 more
Caused by: java.net.ConnectException: Connection refused
	... 11 more
2019-10-11 10:08:55,324 [fd0f34a3-07b1-4956-8232-be1a3f5e6261@group-B531619340A9:LeaderElection21] INFO  impl.LeaderElection (LogUtils.java:infoOrTrace(149)) -   Exception 1: {}
java.util.concurrent.ExecutionException: org.apache.ratis.thirdparty.io.grpc.StatusRuntimeException: UNAVAILABLE: io exception
	at java.util.concurrent.FutureTask.report(FutureTask.java:122)
	at java.util.concurrent.FutureTask.get(FutureTask.java:192)
	at org.apache.ratis.server.impl.LeaderElection.waitForResults(LeaderElection.java:263)
	at org.apache.ratis.server.impl.LeaderElection.askForVotes(LeaderElection.java:201)
	at org.apache.ratis.server.impl.LeaderElection.run(LeaderElection.java:133)
	at java.lang.Thread.run(Thread.java:748)
Caused by: org.apache.ratis.thirdparty.io.grpc.StatusRuntimeException: UNAVAILABLE: io exception
	at org.apache.ratis.thirdparty.io.grpc.stub.ClientCalls.toStatusRuntimeException(ClientCalls.java:233)
	at org.apache.ratis.thirdparty.io.grpc.stub.ClientCalls.getUnchecked(ClientCalls.java:214)
	at org.apache.ratis.thirdparty.io.grpc.stub.ClientCalls.blockingUnaryCall(ClientCalls.java:139)
	at org.apache.ratis.proto.grpc.RaftServerProtocolServiceGrpc$RaftServerProtocolServiceBlockingStub.requestVote(RaftServerProtocolServiceGrpc.java:265)
	at org.apache.ratis.grpc.server.GrpcServerProtocolClient.requestVote(GrpcServerProtocolClient.java:90)
	at org.apache.ratis.grpc.server.GrpcService.requestVote(GrpcService.java:204)
	at org.apache.ratis.server.impl.LeaderElection.lambda$submitRequests$1(LeaderElection.java:238)
	at java.util.concurrent.FutureTask.run(FutureTask.java:266)
	at java.util.concurrent.Executors$RunnableAdapter.call(Executors.java:511)
	at java.util.concurrent.FutureTask.run(FutureTask.java:266)
	at java.util.concurrent.ThreadPoolExecutor.runWorker(ThreadPoolExecutor.java:1149)
	at java.util.concurrent.ThreadPoolExecutor$Worker.run(ThreadPoolExecutor.java:624)
	... 1 more
Caused by: org.apache.ratis.thirdparty.io.netty.channel.AbstractChannel$AnnotatedConnectException: Connection refused: /192.168.164.221:35466
	at sun.nio.ch.SocketChannelImpl.checkConnect(Native Method)
	at sun.nio.ch.SocketChannelImpl.finishConnect(SocketChannelImpl.java:717)
	at org.apache.ratis.thirdparty.io.netty.channel.socket.nio.NioSocketChannel.doFinishConnect(NioSocketChannel.java:327)
	at org.apache.ratis.thirdparty.io.netty.channel.nio.AbstractNioChannel$AbstractNioUnsafe.finishConnect(AbstractNioChannel.java:340)
	at org.apache.ratis.thirdparty.io.netty.channel.nio.NioEventLoop.processSelectedKey(NioEventLoop.java:632)
	at org.apache.ratis.thirdparty.io.netty.channel.nio.NioEventLoop.processSelectedKeysOptimized(NioEventLoop.java:579)
	at org.apache.ratis.thirdparty.io.netty.channel.nio.NioEventLoop.processSelectedKeys(NioEventLoop.java:496)
	at org.apache.ratis.thirdparty.io.netty.channel.nio.NioEventLoop.run(NioEventLoop.java:458)
	at org.apache.ratis.thirdparty.io.netty.util.concurrent.SingleThreadEventExecutor$5.run(SingleThreadEventExecutor.java:897)
	at org.apache.ratis.thirdparty.io.netty.util.concurrent.FastThreadLocalRunnable.run(FastThreadLocalRunnable.java:30)
	... 1 more
Caused by: java.net.ConnectException: Connection refused
	... 11 more
2019-10-11 10:08:55,325 [fd0f34a3-07b1-4956-8232-be1a3f5e6261@group-B531619340A9:LeaderElection21] INFO  impl.RaftServerImpl (RaftServerImpl.java:setRole(174)) - fd0f34a3-07b1-4956-8232-be1a3f5e6261@group-B531619340A9: changes role from CANDIDATE to FOLLOWER at term 4 for DISCOVERED_A_NEW_TERM
2019-10-11 10:08:55,325 [fd0f34a3-07b1-4956-8232-be1a3f5e6261@group-B531619340A9:LeaderElection21] INFO  impl.RoleInfo (RoleInfo.java:shutdownLeaderElection(134)) - fd0f34a3-07b1-4956-8232-be1a3f5e6261: shutdown LeaderElection
2019-10-11 10:08:55,325 [fd0f34a3-07b1-4956-8232-be1a3f5e6261@group-B531619340A9:LeaderElection21] INFO  impl.RoleInfo (RoleInfo.java:updateAndGet(143)) - fd0f34a3-07b1-4956-8232-be1a3f5e6261: start FollowerState
2019-10-11 10:08:55,390 [Datanode State Machine Thread - 0] INFO  statemachine.DatanodeStateMachine (DatanodeStateMachine.java:lambda$startDaemon$0(350)) - Ozone container server started.
2019-10-11 10:08:59,475 [EventQueue-StaleNodeForStaleNodeHandler] INFO  node.StaleNodeHandler (StaleNodeHandler.java:onMessage(58)) - Datanode fd0f34a3-07b1-4956-8232-be1a3f5e6261{ip: 192.168.164.221, host: pr-hdds-1569-wxwzw-598427175, networkLocation: /default-rack, certSerialId: null} moved to stale state. Finalizing its pipelines [PipelineID=1533dbb8-5dc6-4b10-9a0c-379f3f7e3922, PipelineID=94bc79bd-764d-448b-b21e-b531619340a9, PipelineID=ceb2df2c-bb30-4c07-9f0e-a39edd5cfbeb]
2019-10-11 10:08:59,476 [EventQueue-StaleNodeForStaleNodeHandler] INFO  pipeline.SCMPipelineManager (SCMPipelineManager.java:finalizeAndDestroyPipeline(342)) - destroying pipeline:Pipeline[ Id: 1533dbb8-5dc6-4b10-9a0c-379f3f7e3922, Nodes: fd0f34a3-07b1-4956-8232-be1a3f5e6261{ip: 192.168.164.221, host: pr-hdds-1569-wxwzw-598427175, networkLocation: /default-rack, certSerialId: null}, Type:RATIS, Factor:ONE, State:OPEN]
2019-10-11 10:08:59,477 [EventQueue-StaleNodeForStaleNodeHandler] INFO  pipeline.PipelineStateManager (PipelineStateManager.java:finalizePipeline(123)) - Pipeline Pipeline[ Id: 1533dbb8-5dc6-4b10-9a0c-379f3f7e3922, Nodes: fd0f34a3-07b1-4956-8232-be1a3f5e6261{ip: 192.168.164.221, host: pr-hdds-1569-wxwzw-598427175, networkLocation: /default-rack, certSerialId: null}, Type:RATIS, Factor:ONE, State:CLOSED] moved to CLOSED state
2019-10-11 10:08:59,478 [EventQueue-StaleNodeForStaleNodeHandler] INFO  pipeline.SCMPipelineManager (SCMPipelineManager.java:finalizeAndDestroyPipeline(342)) - destroying pipeline:Pipeline[ Id: 94bc79bd-764d-448b-b21e-b531619340a9, Nodes: c72dbeab-b6e2-48b8-b87b-77765a61575f{ip: 192.168.164.221, host: pr-hdds-1569-wxwzw-598427175, networkLocation: /default-rack, certSerialId: null}fd0f34a3-07b1-4956-8232-be1a3f5e6261{ip: 192.168.164.221, host: pr-hdds-1569-wxwzw-598427175, networkLocation: /default-rack, certSerialId: null}2a3896bf-c579-4beb-9043-be047c7720ce{ip: 192.168.164.221, host: pr-hdds-1569-wxwzw-598427175, networkLocation: /default-rack, certSerialId: null}, Type:RATIS, Factor:THREE, State:CLOSED]
2019-10-11 10:08:59,478 [EventQueue-StaleNodeForStaleNodeHandler] INFO  pipeline.SCMPipelineManager (SCMPipelineManager.java:finalizeAndDestroyPipeline(342)) - destroying pipeline:Pipeline[ Id: ceb2df2c-bb30-4c07-9f0e-a39edd5cfbeb, Nodes: fd0f34a3-07b1-4956-8232-be1a3f5e6261{ip: 192.168.164.221, host: pr-hdds-1569-wxwzw-598427175, networkLocation: /default-rack, certSerialId: null}c72dbeab-b6e2-48b8-b87b-77765a61575f{ip: 192.168.164.221, host: pr-hdds-1569-wxwzw-598427175, networkLocation: /default-rack, certSerialId: null}2a3896bf-c579-4beb-9043-be047c7720ce{ip: 192.168.164.221, host: pr-hdds-1569-wxwzw-598427175, networkLocation: /default-rack, certSerialId: null}, Type:RATIS, Factor:THREE, State:CLOSED]
2019-10-11 10:08:59,845 [main] INFO  ozoneimpl.OzoneContainer (OzoneContainer.java:stop(231)) - Attempting to stop container services.
2019-10-11 10:08:59,848 [main] INFO  impl.RaftServerProxy (RaftServerProxy.java:lambda$close$4(314)) - fd0f34a3-07b1-4956-8232-be1a3f5e6261: close
2019-10-11 10:08:59,849 [main] INFO  impl.RaftServerImpl (RaftServerImpl.java:lambda$shutdown$3(251)) - fd0f34a3-07b1-4956-8232-be1a3f5e6261@group-379F3F7E3922: shutdown
2019-10-11 10:08:59,849 [ForkJoinPool.commonPool-worker-0] INFO  impl.RaftServerImpl (RaftServerImpl.java:lambda$shutdown$3(251)) - fd0f34a3-07b1-4956-8232-be1a3f5e6261@group-A39EDD5CFBEB: shutdown
2019-10-11 10:08:59,851 [main] INFO  util.JmxRegister (JmxRegister.java:unregister(73)) - Successfully un-registered JMX Bean with object name Ratis:service=RaftServer,group=group-379F3F7E3922,id=fd0f34a3-07b1-4956-8232-be1a3f5e6261
2019-10-11 10:08:59,851 [ForkJoinPool.commonPool-worker-0] INFO  util.JmxRegister (JmxRegister.java:unregister(73)) - Successfully un-registered JMX Bean with object name Ratis:service=RaftServer,group=group-A39EDD5CFBEB,id=fd0f34a3-07b1-4956-8232-be1a3f5e6261
2019-10-11 10:08:59,852 [main] INFO  impl.RoleInfo (RoleInfo.java:shutdownLeaderState(104)) - fd0f34a3-07b1-4956-8232-be1a3f5e6261: shutdown LeaderState
2019-10-11 10:08:59,852 [ForkJoinPool.commonPool-worker-0] INFO  impl.RoleInfo (RoleInfo.java:shutdownFollowerState(121)) - fd0f34a3-07b1-4956-8232-be1a3f5e6261: shutdown FollowerState
2019-10-11 10:08:59,853 [ForkJoinPool.commonPool-worker-0] INFO  impl.StateMachineUpdater (StateMachineUpdater.java:stopAndJoin(125)) - fd0f34a3-07b1-4956-8232-be1a3f5e6261@group-A39EDD5CFBEB-StateMachineUpdater: set stopIndex = 0
2019-10-11 10:08:59,853 [Thread-542] INFO  impl.FollowerState (FollowerState.java:run(115)) - fd0f34a3-07b1-4956-8232-be1a3f5e6261: FollowerState was interrupted: java.lang.InterruptedException: sleep interrupted
2019-10-11 10:08:59,853 [main] INFO  impl.PendingRequests (PendingRequests.java:sendNotLeaderResponses(202)) - fd0f34a3-07b1-4956-8232-be1a3f5e6261-PendingRequests: sendNotLeaderResponses
2019-10-11 10:08:59,855 [main] INFO  impl.StateMachineUpdater (StateMachineUpdater.java:stopAndJoin(125)) - fd0f34a3-07b1-4956-8232-be1a3f5e6261@group-379F3F7E3922-StateMachineUpdater: set stopIndex = 0
2019-10-11 10:08:59,855 [ForkJoinPool.commonPool-worker-0] INFO  impl.RaftServerImpl (ServerState.java:close(385)) - fd0f34a3-07b1-4956-8232-be1a3f5e6261@group-A39EDD5CFBEB: closes. applyIndex: 0
2019-10-11 10:08:59,856 [main] INFO  impl.RaftServerImpl (ServerState.java:close(385)) - fd0f34a3-07b1-4956-8232-be1a3f5e6261@group-379F3F7E3922: closes. applyIndex: 0
2019-10-11 10:08:59,856 [fd0f34a3-07b1-4956-8232-be1a3f5e6261@group-A39EDD5CFBEB-SegmentedRaftLogWorker] INFO  segmented.SegmentedRaftLogWorker (SegmentedRaftLogWorker.java:run(313)) - fd0f34a3-07b1-4956-8232-be1a3f5e6261@group-A39EDD5CFBEB-SegmentedRaftLogWorker was interrupted, exiting. There are 0 tasks remaining in the queue.
2019-10-11 10:08:59,857 [fd0f34a3-07b1-4956-8232-be1a3f5e6261@group-379F3F7E3922-SegmentedRaftLogWorker] INFO  segmented.SegmentedRaftLogWorker (SegmentedRaftLogWorker.java:run(313)) - fd0f34a3-07b1-4956-8232-be1a3f5e6261@group-379F3F7E3922-SegmentedRaftLogWorker was interrupted, exiting. There are 0 tasks remaining in the queue.
2019-10-11 10:08:59,857 [ForkJoinPool.commonPool-worker-0] INFO  segmented.SegmentedRaftLogWorker (SegmentedRaftLogWorker.java:close(228)) - fd0f34a3-07b1-4956-8232-be1a3f5e6261@group-A39EDD5CFBEB-SegmentedRaftLogWorker close()
2019-10-11 10:08:59,857 [main] INFO  segmented.SegmentedRaftLogWorker (SegmentedRaftLogWorker.java:close(228)) - fd0f34a3-07b1-4956-8232-be1a3f5e6261@group-379F3F7E3922-SegmentedRaftLogWorker close()
2019-10-11 10:08:59,860 [main] INFO  impl.RaftServerImpl (RaftServerImpl.java:lambda$shutdown$3(251)) - fd0f34a3-07b1-4956-8232-be1a3f5e6261@group-B531619340A9: shutdown
2019-10-11 10:08:59,860 [main] INFO  util.JmxRegister (JmxRegister.java:unregister(73)) - Successfully un-registered JMX Bean with object name Ratis:service=RaftServer,group=group-B531619340A9,id=fd0f34a3-07b1-4956-8232-be1a3f5e6261
2019-10-11 10:08:59,861 [main] INFO  impl.RoleInfo (RoleInfo.java:shutdownFollowerState(121)) - fd0f34a3-07b1-4956-8232-be1a3f5e6261: shutdown FollowerState
2019-10-11 10:08:59,861 [main] INFO  impl.StateMachineUpdater (StateMachineUpdater.java:stopAndJoin(125)) - fd0f34a3-07b1-4956-8232-be1a3f5e6261@group-B531619340A9-StateMachineUpdater: set stopIndex = 16
2019-10-11 10:08:59,861 [Thread-546] INFO  impl.FollowerState (FollowerState.java:run(115)) - fd0f34a3-07b1-4956-8232-be1a3f5e6261: FollowerState was interrupted: java.lang.InterruptedException: sleep interrupted
2019-10-11 10:08:59,861 [fd0f34a3-07b1-4956-8232-be1a3f5e6261@group-B531619340A9-StateMachineUpdater] INFO  ratis.ContainerStateMachine (ContainerStateMachine.java:takeSnapshot(289)) - group-B531619340A9: Taking a snapshot at:(t:2, i:16) file /workdir/hadoop-ozone/integration-test/target/test-dir/MiniOzoneClusterImpl-cc3d3d95-e844-4504-baa9-60eb8f0888b1/datanode-5/data/ratis/94bc79bd-764d-448b-b21e-b531619340a9/sm/snapshot.2_16
2019-10-11 10:08:59,891 [fd0f34a3-07b1-4956-8232-be1a3f5e6261@group-B531619340A9-StateMachineUpdater] INFO  ratis.ContainerStateMachine (ContainerStateMachine.java:takeSnapshot(300)) - group-B531619340A9: Finished taking a snapshot at:(t:2, i:16) file:/workdir/hadoop-ozone/integration-test/target/test-dir/MiniOzoneClusterImpl-cc3d3d95-e844-4504-baa9-60eb8f0888b1/datanode-5/data/ratis/94bc79bd-764d-448b-b21e-b531619340a9/sm/snapshot.2_16 time:31
2019-10-11 10:08:59,892 [fd0f34a3-07b1-4956-8232-be1a3f5e6261@group-B531619340A9-StateMachineUpdater] INFO  impl.StateMachineUpdater (StateMachineUpdater.java:takeSnapshot(258)) - fd0f34a3-07b1-4956-8232-be1a3f5e6261@group-B531619340A9-StateMachineUpdater: Took a snapshot at index 16
2019-10-11 10:08:59,892 [fd0f34a3-07b1-4956-8232-be1a3f5e6261@group-B531619340A9-StateMachineUpdater] INFO  impl.StateMachineUpdater (StateMachineUpdater.java:lambda$new$0(83)) - fd0f34a3-07b1-4956-8232-be1a3f5e6261@group-B531619340A9-StateMachineUpdater: snapshotIndex: updateIncreasingly -1 -> 16
2019-10-11 10:08:59,893 [main] INFO  impl.RaftServerImpl (ServerState.java:close(385)) - fd0f34a3-07b1-4956-8232-be1a3f5e6261@group-B531619340A9: closes. applyIndex: 16
2019-10-11 10:08:59,894 [fd0f34a3-07b1-4956-8232-be1a3f5e6261@group-B531619340A9-SegmentedRaftLogWorker] INFO  segmented.SegmentedRaftLogWorker (SegmentedRaftLogWorker.java:run(313)) - fd0f34a3-07b1-4956-8232-be1a3f5e6261@group-B531619340A9-SegmentedRaftLogWorker was interrupted, exiting. There are 0 tasks remaining in the queue.
2019-10-11 10:08:59,895 [main] INFO  segmented.SegmentedRaftLogWorker (SegmentedRaftLogWorker.java:close(228)) - fd0f34a3-07b1-4956-8232-be1a3f5e6261@group-B531619340A9-SegmentedRaftLogWorker close()
2019-10-11 10:08:59,897 [main] INFO  server.GrpcService (GrpcService.java:closeImpl(164)) - fd0f34a3-07b1-4956-8232-be1a3f5e6261: shutdown server with port 42219 now
2019-10-11 10:08:59,898 [main] INFO  server.GrpcService (GrpcService.java:closeImpl(172)) - fd0f34a3-07b1-4956-8232-be1a3f5e6261: shutdown server with port 42219 successfully
2019-10-11 10:08:59,903 [refreshUsed-/workdir/hadoop-ozone/integration-test/target/test-dir/MiniOzoneClusterImpl-cc3d3d95-e844-4504-baa9-60eb8f0888b1/datanode-5/data/containers] WARN  fs.CachingGetSpaceUsed (CachingGetSpaceUsed.java:run(183)) - Thread Interrupted waiting to refresh disk information: sleep interrupted
2019-10-11 10:08:59,934 [main] INFO  utils.BackgroundService (BackgroundService.java:shutdown(148)) - Shutting down service BlockDeletingService
2019-10-11 10:08:59,937 [main] INFO  statemachine.DatanodeStateMachine (DatanodeStateMachine.java:stopDaemon(395)) - Ozone container server stopped.
2019-10-11 10:08:59,950 [main] INFO  handler.ContextHandler (ContextHandler.java:doStop(910)) - Stopped o.e.j.w.WebAppContext@64d4f7c7{/,null,UNAVAILABLE}{/hddsDatanode}
2019-10-11 10:08:59,952 [main] INFO  server.AbstractConnector (AbstractConnector.java:doStop(318)) - Stopped ServerConnector@54e02f6a{HTTP/1.1,[http/1.1]}{0.0.0.0:0}
2019-10-11 10:08:59,952 [main] INFO  handler.ContextHandler (ContextHandler.java:doStop(910)) - Stopped o.e.j.s.ServletContextHandler@1352434e{/static,jar:file:/home/user/.m2/repository/org/apache/hadoop/hadoop-hdds-container-service/0.5.0-SNAPSHOT/hadoop-hdds-container-service-0.5.0-SNAPSHOT.jar!/webapps/static,UNAVAILABLE}
2019-10-11 10:08:59,953 [main] INFO  handler.ContextHandler (ContextHandler.java:doStop(910)) - Stopped o.e.j.s.ServletContextHandler@12eedfee{/logs,file:///workdir/hadoop-ozone/integration-test/target/log,UNAVAILABLE}
2019-10-11 10:08:59,954 [main] INFO  ozone.MiniOzoneClusterImpl (MiniOzoneClusterImpl.java:stopSCM(392)) - Stopping the StorageContainerManager
2019-10-11 10:08:59,955 [main] INFO  server.StorageContainerManager (StorageContainerManager.java:stop(808)) - Stopping Replication Manager Service.
2019-10-11 10:08:59,955 [main] INFO  container.ReplicationManager (ReplicationManager.java:stop(204)) - Stopping Replication Monitor Thread.
2019-10-11 10:08:59,955 [main] INFO  server.StorageContainerManager (StorageContainerManager.java:stop(815)) - Stopping Lease Manager of the command watchers
2019-10-11 10:08:59,955 [main] INFO  server.StorageContainerManager (StorageContainerManager.java:stop(822)) - Stopping datanode service RPC server
2019-10-11 10:08:59,956 [main] INFO  server.SCMDatanodeProtocolServer (SCMDatanodeProtocolServer.java:stop(367)) - Stopping the RPC server for DataNodes
2019-10-11 10:08:59,956 [main] INFO  ipc.Server (Server.java:stop(3082)) - Stopping server on 38597
2019-10-11 10:08:59,957 [IPC Server listener on 38597] INFO  ipc.Server (Server.java:run(1185)) - Stopping IPC Server listener on 38597
2019-10-11 10:08:59,958 [IPC Server Responder] INFO  ipc.Server (Server.java:run(1319)) - Stopping IPC Server Responder
2019-10-11 10:08:59,975 [SCM Heartbeat Processing Thread - 0] WARN  node.NodeStateManager (NodeStateManager.java:scheduleNextHealthCheck(655)) - Current Thread is interrupted, shutting down HB processing thread for Node Manager.
2019-10-11 10:08:59,976 [main] INFO  server.StorageContainerManager (StorageContainerManager.java:stop(830)) - Stopping block service RPC server
2019-10-11 10:08:59,976 [main] INFO  server.SCMBlockProtocolServer (SCMBlockProtocolServer.java:stop(155)) - Stopping the RPC server for Block Protocol
2019-10-11 10:08:59,976 [main] INFO  ipc.Server (Server.java:stop(3082)) - Stopping server on 38931
2019-10-11 10:08:59,977 [IPC Server listener on 38931] INFO  ipc.Server (Server.java:run(1185)) - Stopping IPC Server listener on 38931
2019-10-11 10:08:59,977 [main] INFO  server.StorageContainerManager (StorageContainerManager.java:stop(837)) - Stopping the StorageContainerLocationProtocol RPC server
2019-10-11 10:08:59,978 [IPC Server Responder] INFO  ipc.Server (Server.java:run(1319)) - Stopping IPC Server Responder
2019-10-11 10:08:59,978 [main] INFO  server.SCMClientProtocolServer (SCMClientProtocolServer.java:stop(159)) - Stopping the RPC server for Client Protocol
2019-10-11 10:08:59,978 [main] INFO  ipc.Server (Server.java:stop(3082)) - Stopping server on 43236
2019-10-11 10:08:59,980 [IPC Server listener on 43236] INFO  ipc.Server (Server.java:run(1185)) - Stopping IPC Server listener on 43236
2019-10-11 10:08:59,980 [main] INFO  server.StorageContainerManager (StorageContainerManager.java:stop(844)) - Stopping Storage Container Manager HTTP server.
2019-10-11 10:08:59,981 [IPC Server Responder] INFO  ipc.Server (Server.java:run(1319)) - Stopping IPC Server Responder
2019-10-11 10:08:59,981 [main] INFO  handler.ContextHandler (ContextHandler.java:doStop(910)) - Stopped o.e.j.w.WebAppContext@6db66836{/,null,UNAVAILABLE}{/scm}
2019-10-11 10:08:59,982 [main] INFO  server.AbstractConnector (AbstractConnector.java:doStop(318)) - Stopped ServerConnector@1ee4730{HTTP/1.1,[http/1.1]}{0.0.0.0:0}
2019-10-11 10:08:59,983 [main] INFO  handler.ContextHandler (ContextHandler.java:doStop(910)) - Stopped o.e.j.s.ServletContextHandler@43b6123e{/static,file:///workdir/hadoop-ozone/integration-test/target/test-classes/webapps/static,UNAVAILABLE}
2019-10-11 10:08:59,983 [main] INFO  handler.ContextHandler (ContextHandler.java:doStop(910)) - Stopped o.e.j.s.ServletContextHandler@4fce136b{/logs,file:///workdir/hadoop-ozone/integration-test/target/log,UNAVAILABLE}
2019-10-11 10:08:59,984 [main] INFO  server.StorageContainerManager (StorageContainerManager.java:stop(855)) - Stopping Block Manager Service.
2019-10-11 10:08:59,984 [main] INFO  utils.BackgroundService (BackgroundService.java:shutdown(148)) - Shutting down service SCMBlockDeletingService
2019-10-11 10:08:59,985 [main] INFO  utils.BackgroundService (BackgroundService.java:shutdown(148)) - Shutting down service SCMBlockDeletingService
2019-10-11 10:08:59,985 [main] INFO  server.StorageContainerManager (StorageContainerManager.java:stop(877)) - Stopping SCM Event Queue.
2019-10-11 10:08:59,994 [main] INFO  impl.MetricsSystemImpl (MetricsSystemImpl.java:stop(210)) - Stopping XceiverClientMetrics metrics system...
2019-10-11 10:09:00,004 [prometheus] INFO  impl.MetricsSinkAdapter (MetricsSinkAdapter.java:publishMetricsFromQueue(141)) - prometheus thread interrupted.
2019-10-11 10:09:00,004 [main] INFO  impl.MetricsSystemImpl (MetricsSystemImpl.java:stop(216)) - XceiverClientMetrics metrics system stopped.
]]></system-out>
    <system-err><![CDATA[ERROR StatusLogger No Log4j 2 configuration file found. Using default configuration (logging only errors to the console), or user programmatically provided configurations. Set system property 'log4j2.debug' to show Log4j 2 internal initialization logging. See https://logging.apache.org/log4j/2.x/manual/configuration.html for instructions on how to configure Log4j 2
Oct 11, 2019 10:08:44 AM org.apache.ratis.thirdparty.io.grpc.internal.SerializingExecutor run
SEVERE: Exception while executing runnable org.apache.ratis.thirdparty.io.grpc.internal.ServerImpl$JumpToApplicationThreadServerStreamListener$1Closed@4715f474
org.apache.ratis.thirdparty.io.grpc.StatusRuntimeException: CANCELLED: call already cancelled
	at org.apache.ratis.thirdparty.io.grpc.Status.asRuntimeException(Status.java:517)
	at org.apache.ratis.thirdparty.io.grpc.stub.ServerCalls$ServerCallStreamObserverImpl.onCompleted(ServerCalls.java:356)
	at org.apache.ratis.grpc.server.GrpcServerProtocolService$ServerRequestStreamObserver.onError(GrpcServerProtocolService.java:121)
	at org.apache.ratis.thirdparty.io.grpc.stub.ServerCalls$StreamingServerCallHandler$StreamingServerCallListener.onCancel(ServerCalls.java:269)
	at org.apache.ratis.thirdparty.io.grpc.internal.ServerCallImpl$ServerStreamListenerImpl.closed(ServerCallImpl.java:293)
	at org.apache.ratis.thirdparty.io.grpc.internal.ServerImpl$JumpToApplicationThreadServerStreamListener$1Closed.runInContext(ServerImpl.java:741)
	at org.apache.ratis.thirdparty.io.grpc.internal.ContextRunnable.run(ContextRunnable.java:37)
	at org.apache.ratis.thirdparty.io.grpc.internal.SerializingExecutor.run(SerializingExecutor.java:123)
	at java.util.concurrent.ThreadPoolExecutor.runWorker(ThreadPoolExecutor.java:1149)
	at java.util.concurrent.ThreadPoolExecutor$Worker.run(ThreadPoolExecutor.java:624)
	at java.lang.Thread.run(Thread.java:748)

Oct 11, 2019 10:08:44 AM org.apache.ratis.thirdparty.io.grpc.internal.SerializingExecutor run
SEVERE: Exception while executing runnable org.apache.ratis.thirdparty.io.grpc.internal.ServerImpl$JumpToApplicationThreadServerStreamListener$1Closed@25f252cf
org.apache.ratis.thirdparty.io.grpc.StatusRuntimeException: CANCELLED: call already cancelled
	at org.apache.ratis.thirdparty.io.grpc.Status.asRuntimeException(Status.java:517)
	at org.apache.ratis.thirdparty.io.grpc.stub.ServerCalls$ServerCallStreamObserverImpl.onCompleted(ServerCalls.java:356)
	at org.apache.ratis.grpc.server.GrpcServerProtocolService$ServerRequestStreamObserver.onError(GrpcServerProtocolService.java:121)
	at org.apache.ratis.thirdparty.io.grpc.stub.ServerCalls$StreamingServerCallHandler$StreamingServerCallListener.onCancel(ServerCalls.java:269)
	at org.apache.ratis.thirdparty.io.grpc.internal.ServerCallImpl$ServerStreamListenerImpl.closed(ServerCallImpl.java:293)
	at org.apache.ratis.thirdparty.io.grpc.internal.ServerImpl$JumpToApplicationThreadServerStreamListener$1Closed.runInContext(ServerImpl.java:741)
	at org.apache.ratis.thirdparty.io.grpc.internal.ContextRunnable.run(ContextRunnable.java:37)
	at org.apache.ratis.thirdparty.io.grpc.internal.SerializingExecutor.run(SerializingExecutor.java:123)
	at java.util.concurrent.ThreadPoolExecutor.runWorker(ThreadPoolExecutor.java:1149)
	at java.util.concurrent.ThreadPoolExecutor$Worker.run(ThreadPoolExecutor.java:624)
	at java.lang.Thread.run(Thread.java:748)

Oct 11, 2019 10:08:49 AM org.apache.ratis.thirdparty.io.grpc.internal.SerializingExecutor run
SEVERE: Exception while executing runnable org.apache.ratis.thirdparty.io.grpc.internal.ServerImpl$JumpToApplicationThreadServerStreamListener$1Closed@17f394d8
org.apache.ratis.thirdparty.io.grpc.StatusRuntimeException: CANCELLED: call already cancelled
	at org.apache.ratis.thirdparty.io.grpc.Status.asRuntimeException(Status.java:517)
	at org.apache.ratis.thirdparty.io.grpc.stub.ServerCalls$ServerCallStreamObserverImpl.onCompleted(ServerCalls.java:356)
	at org.apache.ratis.grpc.server.GrpcServerProtocolService$ServerRequestStreamObserver.onError(GrpcServerProtocolService.java:121)
	at org.apache.ratis.thirdparty.io.grpc.stub.ServerCalls$StreamingServerCallHandler$StreamingServerCallListener.onCancel(ServerCalls.java:269)
	at org.apache.ratis.thirdparty.io.grpc.internal.ServerCallImpl$ServerStreamListenerImpl.closed(ServerCallImpl.java:293)
	at org.apache.ratis.thirdparty.io.grpc.internal.ServerImpl$JumpToApplicationThreadServerStreamListener$1Closed.runInContext(ServerImpl.java:741)
	at org.apache.ratis.thirdparty.io.grpc.internal.ContextRunnable.run(ContextRunnable.java:37)
	at org.apache.ratis.thirdparty.io.grpc.internal.SerializingExecutor.run(SerializingExecutor.java:123)
	at java.util.concurrent.ThreadPoolExecutor.runWorker(ThreadPoolExecutor.java:1149)
	at java.util.concurrent.ThreadPoolExecutor$Worker.run(ThreadPoolExecutor.java:624)
	at java.lang.Thread.run(Thread.java:748)

Oct 11, 2019 10:08:49 AM org.apache.ratis.thirdparty.io.grpc.internal.SerializingExecutor run
SEVERE: Exception while executing runnable org.apache.ratis.thirdparty.io.grpc.internal.ServerImpl$JumpToApplicationThreadServerStreamListener$1Closed@ecc0f41
org.apache.ratis.thirdparty.io.grpc.StatusRuntimeException: CANCELLED: call already cancelled
	at org.apache.ratis.thirdparty.io.grpc.Status.asRuntimeException(Status.java:517)
	at org.apache.ratis.thirdparty.io.grpc.stub.ServerCalls$ServerCallStreamObserverImpl.onCompleted(ServerCalls.java:356)
	at org.apache.ratis.grpc.server.GrpcServerProtocolService$ServerRequestStreamObserver.onError(GrpcServerProtocolService.java:121)
	at org.apache.ratis.thirdparty.io.grpc.stub.ServerCalls$StreamingServerCallHandler$StreamingServerCallListener.onCancel(ServerCalls.java:269)
	at org.apache.ratis.thirdparty.io.grpc.internal.ServerCallImpl$ServerStreamListenerImpl.closed(ServerCallImpl.java:293)
	at org.apache.ratis.thirdparty.io.grpc.internal.ServerImpl$JumpToApplicationThreadServerStreamListener$1Closed.runInContext(ServerImpl.java:741)
	at org.apache.ratis.thirdparty.io.grpc.internal.ContextRunnable.run(ContextRunnable.java:37)
	at org.apache.ratis.thirdparty.io.grpc.internal.SerializingExecutor.run(SerializingExecutor.java:123)
	at java.util.concurrent.ThreadPoolExecutor.runWorker(ThreadPoolExecutor.java:1149)
	at java.util.concurrent.ThreadPoolExecutor$Worker.run(ThreadPoolExecutor.java:624)
	at java.lang.Thread.run(Thread.java:748)

]]></system-err>
  </testcase>
  <testcase name="testDatanodeFailureWithPreAllocation" classname="org.apache.hadoop.ozone.client.rpc.TestBlockOutputStreamWithFailures" time="225.179"/>
  <testcase name="testDatanodeFailureWithSingleNodeRatis" classname="org.apache.hadoop.ozone.client.rpc.TestBlockOutputStreamWithFailures" time="224.867"/>
  <testcase name="testWatchForCommitWithSingleNodeRatis" classname="org.apache.hadoop.ozone.client.rpc.TestBlockOutputStreamWithFailures" time="36.322"/>
  <testcase name="testWatchForCommitDatanodeFailure" classname="org.apache.hadoop.ozone.client.rpc.TestBlockOutputStreamWithFailures" time="35.486"/>
  <testcase name="testFailureWithPrimeSizedData" classname="org.apache.hadoop.ozone.client.rpc.TestBlockOutputStreamWithFailures" time="41.037"/>
  <testcase name="testWatchForCommitWithCloseContainerException" classname="org.apache.hadoop.ozone.client.rpc.TestBlockOutputStreamWithFailures" time="41.555"/>
  <testcase name="testExceptionDuringClose" classname="org.apache.hadoop.ozone.client.rpc.TestBlockOutputStreamWithFailures" time="36.041"/>
</testsuite>