<?xml version="1.0" encoding="UTF-8"?>
<testsuite xmlns:xsi="http://www.w3.org/2001/XMLSchema-instance" xsi:noNamespaceSchemaLocation="https://maven.apache.org/surefire/maven-surefire-plugin/xsd/surefire-test-report.xsd" name="org.apache.hadoop.ozone.client.rpc.TestBlockOutputStreamWithFailures" time="733.505" tests="8" errors="0" skipped="0" failures="1">
  <properties>
    <property name="awt.toolkit" value="sun.awt.X11.XToolkit"/>
    <property name="file.encoding.pkg" value="sun.io"/>
    <property name="java.specification.version" value="1.8"/>
    <property name="sun.cpu.isalist" value=""/>
    <property name="sun.jnu.encoding" value="UTF-8"/>
    <property name="java.class.path" value="/workdir/hadoop-ozone/integration-test/target/test-classes:/workdir/hadoop-ozone/integration-test/target/classes:/home/user/.m2/repository/org/apache/hadoop/hadoop-ozone-common/0.5.0-SNAPSHOT/hadoop-ozone-common-0.5.0-SNAPSHOT.jar:/home/user/.m2/repository/org/apache/commons/commons-compress/1.4.1/commons-compress-1.4.1.jar:/home/user/.m2/repository/org/tukaani/xz/1.0/xz-1.0.jar:/home/user/.m2/repository/org/apache/hadoop/hadoop-common/3.2.0/hadoop-common-3.2.0.jar:/home/user/.m2/repository/org/apache/hadoop/hadoop-hdfs/3.2.0/hadoop-hdfs-3.2.0.jar:/home/user/.m2/repository/org/apache/hadoop/hadoop-hdfs-client/3.2.0/hadoop-hdfs-client-3.2.0.jar:/home/user/.m2/repository/com/fasterxml/jackson/core/jackson-annotations/2.9.9/jackson-annotations-2.9.9.jar:/home/user/.m2/repository/org/apache/hadoop/hadoop-hdds-common/0.5.0-SNAPSHOT/hadoop-hdds-common-0.5.0-SNAPSHOT.jar:/home/user/.m2/repository/javax/annotation/javax.annotation-api/1.2/javax.annotation-api-1.2.jar:/home/user/.m2/repository/org/apache/ratis/ratis-server/0.5.0-201fc85-SNAPSHOT/ratis-server-0.5.0-201fc85-SNAPSHOT.jar:/home/user/.m2/repository/org/apache/ratis/ratis-thirdparty-misc/0.2.0/ratis-thirdparty-misc-0.2.0.jar:/home/user/.m2/repository/org/apache/ratis/ratis-proto/0.5.0-201fc85-SNAPSHOT/ratis-proto-0.5.0-201fc85-SNAPSHOT.jar:/home/user/.m2/repository/org/apache/ratis/ratis-common/0.5.0-201fc85-SNAPSHOT/ratis-common-0.5.0-201fc85-SNAPSHOT.jar:/home/user/.m2/repository/org/apache/ratis/ratis-client/0.5.0-201fc85-SNAPSHOT/ratis-client-0.5.0-201fc85-SNAPSHOT.jar:/home/user/.m2/repository/org/apache/ratis/ratis-metrics/0.5.0-201fc85-SNAPSHOT/ratis-metrics-0.5.0-201fc85-SNAPSHOT.jar:/home/user/.m2/repository/com/github/joshelser/dropwizard-metrics-hadoop-metrics2-reporter/0.1.2/dropwizard-metrics-hadoop-metrics2-reporter-0.1.2.jar:/home/user/.m2/repository/io/dropwizard/metrics/metrics-jvm/3.2.5/metrics-jvm-3.2.5.jar:/home/user/.m2/repository/io/dropwizard/metrics/metrics-ganglia/3.2.5/metrics-ganglia-3.2.5.jar:/home/user/.m2/repository/info/ganglia/gmetric4j/gmetric4j/1.0.7/gmetric4j-1.0.7.jar:/home/user/.m2/repository/org/apache/ratis/ratis-netty/0.5.0-201fc85-SNAPSHOT/ratis-netty-0.5.0-201fc85-SNAPSHOT.jar:/home/user/.m2/repository/org/apache/ratis/ratis-grpc/0.5.0-201fc85-SNAPSHOT/ratis-grpc-0.5.0-201fc85-SNAPSHOT.jar:/home/user/.m2/repository/org/rocksdb/rocksdbjni/6.0.1/rocksdbjni-6.0.1.jar:/home/user/.m2/repository/org/apache/logging/log4j/log4j-api/2.11.0/log4j-api-2.11.0.jar:/home/user/.m2/repository/org/apache/logging/log4j/log4j-core/2.11.0/log4j-core-2.11.0.jar:/home/user/.m2/repository/com/lmax/disruptor/3.4.2/disruptor-3.4.2.jar:/home/user/.m2/repository/org/apache/commons/commons-pool2/2.6.0/commons-pool2-2.6.0.jar:/home/user/.m2/repository/org/bouncycastle/bcpkix-jdk15on/1.60/bcpkix-jdk15on-1.60.jar:/home/user/.m2/repository/commons-validator/commons-validator/1.6/commons-validator-1.6.jar:/home/user/.m2/repository/commons-digester/commons-digester/1.8.1/commons-digester-1.8.1.jar:/home/user/.m2/repository/io/jaegertracing/jaeger-client/0.34.0/jaeger-client-0.34.0.jar:/home/user/.m2/repository/io/jaegertracing/jaeger-thrift/0.34.0/jaeger-thrift-0.34.0.jar:/home/user/.m2/repository/org/apache/thrift/libthrift/0.12.0/libthrift-0.12.0.jar:/home/user/.m2/repository/com/squareup/okhttp3/okhttp/3.9.0/okhttp-3.9.0.jar:/home/user/.m2/repository/com/squareup/okio/okio/1.13.0/okio-1.13.0.jar:/home/user/.m2/repository/io/jaegertracing/jaeger-core/0.34.0/jaeger-core-0.34.0.jar:/home/user/.m2/repository/io/jaegertracing/jaeger-tracerresolver/0.34.0/jaeger-tracerresolver-0.34.0.jar:/home/user/.m2/repository/io/opentracing/contrib/opentracing-tracerresolver/0.1.5/opentracing-tracerresolver-0.1.5.jar:/home/user/.m2/repository/io/opentracing/opentracing-util/0.31.0/opentracing-util-0.31.0.jar:/home/user/.m2/repository/io/opentracing/opentracing-api/0.31.0/opentracing-api-0.31.0.jar:/home/user/.m2/repository/io/opentracing/opentracing-noop/0.31.0/opentracing-noop-0.31.0.jar:/home/user/.m2/repository/org/apache/hadoop/hadoop-hdds-server-framework/0.5.0-SNAPSHOT/hadoop-hdds-server-framework-0.5.0-SNAPSHOT.jar:/home/user/.m2/repository/org/apache/hadoop/hadoop-hdds-container-service/0.5.0-SNAPSHOT/hadoop-hdds-container-service-0.5.0-SNAPSHOT.jar:/home/user/.m2/repository/org/apache/hadoop/hadoop-hdds-client/0.5.0-SNAPSHOT/hadoop-hdds-client-0.5.0-SNAPSHOT.jar:/home/user/.m2/repository/org/apache/hadoop/hadoop-hdds-tools/0.5.0-SNAPSHOT/hadoop-hdds-tools-0.5.0-SNAPSHOT.jar:/home/user/.m2/repository/org/apache/hadoop/hadoop-hdds-server-scm/0.5.0-SNAPSHOT/hadoop-hdds-server-scm-0.5.0-SNAPSHOT.jar:/home/user/.m2/repository/org/apache/hadoop/hadoop-hdds-docs/0.5.0-SNAPSHOT/hadoop-hdds-docs-0.5.0-SNAPSHOT.jar:/home/user/.m2/repository/io/dropwizard/metrics/metrics-core/3.2.4/metrics-core-3.2.4.jar:/home/user/.m2/repository/org/hamcrest/hamcrest-all/1.3/hamcrest-all-1.3.jar:/home/user/.m2/repository/org/bouncycastle/bcprov-jdk15on/1.60/bcprov-jdk15on-1.60.jar:/home/user/.m2/repository/info/picocli/picocli/3.9.6/picocli-3.9.6.jar:/home/user/.m2/repository/com/google/protobuf/protobuf-java/2.5.0/protobuf-java-2.5.0.jar:/home/user/.m2/repository/com/google/guava/guava/11.0.2/guava-11.0.2.jar:/home/user/.m2/repository/org/apache/hadoop/hadoop-ozone-ozone-manager/0.5.0-SNAPSHOT/hadoop-ozone-ozone-manager-0.5.0-SNAPSHOT.jar:/home/user/.m2/repository/org/apache/hadoop/hadoop-minikdc/3.2.0/hadoop-minikdc-3.2.0.jar:/home/user/.m2/repository/commons-io/commons-io/2.5/commons-io-2.5.jar:/home/user/.m2/repository/org/apache/kerby/kerb-simplekdc/1.0.1/kerb-simplekdc-1.0.1.jar:/home/user/.m2/repository/org/apache/kerby/kerb-client/1.0.1/kerb-client-1.0.1.jar:/home/user/.m2/repository/org/apache/kerby/kerby-config/1.0.1/kerby-config-1.0.1.jar:/home/user/.m2/repository/org/apache/kerby/kerb-core/1.0.1/kerb-core-1.0.1.jar:/home/user/.m2/repository/org/apache/kerby/kerby-pkix/1.0.1/kerby-pkix-1.0.1.jar:/home/user/.m2/repository/org/apache/kerby/kerby-asn1/1.0.1/kerby-asn1-1.0.1.jar:/home/user/.m2/repository/org/apache/kerby/kerby-util/1.0.1/kerby-util-1.0.1.jar:/home/user/.m2/repository/org/apache/kerby/kerb-common/1.0.1/kerb-common-1.0.1.jar:/home/user/.m2/repository/org/apache/kerby/kerb-crypto/1.0.1/kerb-crypto-1.0.1.jar:/home/user/.m2/repository/org/apache/kerby/kerb-util/1.0.1/kerb-util-1.0.1.jar:/home/user/.m2/repository/org/apache/kerby/token-provider/1.0.1/token-provider-1.0.1.jar:/home/user/.m2/repository/org/apache/kerby/kerb-admin/1.0.1/kerb-admin-1.0.1.jar:/home/user/.m2/repository/org/apache/kerby/kerb-server/1.0.1/kerb-server-1.0.1.jar:/home/user/.m2/repository/org/apache/kerby/kerb-identity/1.0.1/kerb-identity-1.0.1.jar:/home/user/.m2/repository/org/apache/kerby/kerby-xdr/1.0.1/kerby-xdr-1.0.1.jar:/home/user/.m2/repository/org/slf4j/slf4j-log4j12/1.7.25/slf4j-log4j12-1.7.25.jar:/home/user/.m2/repository/org/apache/hadoop/hadoop-ozone-s3gateway/0.5.0-SNAPSHOT/hadoop-ozone-s3gateway-0.5.0-SNAPSHOT.jar:/home/user/.m2/repository/org/jboss/weld/servlet/weld-servlet/2.4.7.Final/weld-servlet-2.4.7.Final.jar:/home/user/.m2/repository/org/glassfish/jersey/containers/jersey-container-servlet-core/2.27/jersey-container-servlet-core-2.27.jar:/home/user/.m2/repository/org/glassfish/hk2/external/javax.inject/2.5.0-b42/javax.inject-2.5.0-b42.jar:/home/user/.m2/repository/org/glassfish/jersey/core/jersey-common/2.27/jersey-common-2.27.jar:/home/user/.m2/repository/org/glassfish/hk2/osgi-resource-locator/1.0.1/osgi-resource-locator-1.0.1.jar:/home/user/.m2/repository/javax/ws/rs/javax.ws.rs-api/2.1/javax.ws.rs-api-2.1.jar:/home/user/.m2/repository/org/glassfish/jersey/ext/cdi/jersey-cdi1x/2.27/jersey-cdi1x-2.27.jar:/home/user/.m2/repository/org/glassfish/jersey/inject/jersey-hk2/2.27/jersey-hk2-2.27.jar:/home/user/.m2/repository/org/glassfish/hk2/hk2-locator/2.5.0-b42/hk2-locator-2.5.0-b42.jar:/home/user/.m2/repository/org/javassist/javassist/3.22.0-CR2/javassist-3.22.0-CR2.jar:/home/user/.m2/repository/org/glassfish/hk2/hk2-api/2.5.0/hk2-api-2.5.0.jar:/home/user/.m2/repository/org/glassfish/hk2/external/jakarta.inject/2.5.0/jakarta.inject-2.5.0.jar:/home/user/.m2/repository/org/glassfish/hk2/hk2-utils/2.5.0/hk2-utils-2.5.0.jar:/home/user/.m2/repository/jakarta/annotation/jakarta.annotation-api/1.3.4/jakarta.annotation-api-1.3.4.jar:/home/user/.m2/repository/org/glassfish/hk2/external/aopalliance-repackaged/2.5.0/aopalliance-repackaged-2.5.0.jar:/home/user/.m2/repository/com/fasterxml/jackson/dataformat/jackson-dataformat-xml/2.9.0/jackson-dataformat-xml-2.9.0.jar:/home/user/.m2/repository/com/fasterxml/jackson/core/jackson-core/2.9.9/jackson-core-2.9.9.jar:/home/user/.m2/repository/com/fasterxml/jackson/module/jackson-module-jaxb-annotations/2.9.9/jackson-module-jaxb-annotations-2.9.9.jar:/home/user/.m2/repository/javax/enterprise/cdi-api/1.2/cdi-api-1.2.jar:/home/user/.m2/repository/javax/el/javax.el-api/3.0.0/javax.el-api-3.0.0.jar:/home/user/.m2/repository/javax/interceptor/javax.interceptor-api/1.2/javax.interceptor-api-1.2.jar:/home/user/.m2/repository/javax/inject/javax.inject/1/javax.inject-1.jar:/home/user/.m2/repository/com/sun/xml/bind/jaxb-impl/2.3.0.1/jaxb-impl-2.3.0.1.jar:/home/user/.m2/repository/com/sun/xml/bind/jaxb-core/2.3.0.1/jaxb-core-2.3.0.1.jar:/home/user/.m2/repository/javax/xml/bind/jaxb-api/2.3.0/jaxb-api-2.3.0.jar:/home/user/.m2/repository/javax/activation/activation/1.1.1/activation-1.1.1.jar:/home/user/.m2/repository/org/apache/hadoop/hadoop-ozone-csi/0.5.0-SNAPSHOT/hadoop-ozone-csi-0.5.0-SNAPSHOT.jar:/home/user/.m2/repository/com/google/protobuf/protobuf-java-util/3.5.1/protobuf-java-util-3.5.1.jar:/home/user/.m2/repository/org/apache/hadoop/hadoop-hdds-config/0.5.0-SNAPSHOT/hadoop-hdds-config-0.5.0-SNAPSHOT.jar:/home/user/.m2/repository/io/grpc/grpc-netty/1.17.1/grpc-netty-1.17.1.jar:/home/user/.m2/repository/io/grpc/grpc-core/1.17.1/grpc-core-1.17.1.jar:/home/user/.m2/repository/io/grpc/grpc-context/1.17.1/grpc-context-1.17.1.jar:/home/user/.m2/repository/com/google/errorprone/error_prone_annotations/2.2.0/error_prone_annotations-2.2.0.jar:/home/user/.m2/repository/org/codehaus/mojo/animal-sniffer-annotations/1.17/animal-sniffer-annotations-1.17.jar:/home/user/.m2/repository/io/opencensus/opencensus-api/0.17.0/opencensus-api-0.17.0.jar:/home/user/.m2/repository/io/opencensus/opencensus-contrib-grpc-metrics/0.17.0/opencensus-contrib-grpc-metrics-0.17.0.jar:/home/user/.m2/repository/io/netty/netty-codec-http2/4.1.30.Final/netty-codec-http2-4.1.30.Final.jar:/home/user/.m2/repository/io/netty/netty-codec-http/4.1.30.Final/netty-codec-http-4.1.30.Final.jar:/home/user/.m2/repository/io/netty/netty-codec/4.1.30.Final/netty-codec-4.1.30.Final.jar:/home/user/.m2/repository/io/netty/netty-handler/4.1.30.Final/netty-handler-4.1.30.Final.jar:/home/user/.m2/repository/io/netty/netty-handler-proxy/4.1.30.Final/netty-handler-proxy-4.1.30.Final.jar:/home/user/.m2/repository/io/netty/netty-codec-socks/4.1.30.Final/netty-codec-socks-4.1.30.Final.jar:/home/user/.m2/repository/io/netty/netty-transport-native-epoll/4.1.30.Final/netty-transport-native-epoll-4.1.30.Final.jar:/home/user/.m2/repository/io/netty/netty-common/4.1.30.Final/netty-common-4.1.30.Final.jar:/home/user/.m2/repository/io/netty/netty-buffer/4.1.30.Final/netty-buffer-4.1.30.Final.jar:/home/user/.m2/repository/io/netty/netty-transport/4.1.30.Final/netty-transport-4.1.30.Final.jar:/home/user/.m2/repository/io/netty/netty-resolver/4.1.30.Final/netty-resolver-4.1.30.Final.jar:/home/user/.m2/repository/io/netty/netty-transport-native-unix-common/4.1.30.Final/netty-transport-native-unix-common-4.1.30.Final.jar:/home/user/.m2/repository/io/grpc/grpc-protobuf/1.17.1/grpc-protobuf-1.17.1.jar:/home/user/.m2/repository/com/google/api/grpc/proto-google-common-protos/1.0.0/proto-google-common-protos-1.0.0.jar:/home/user/.m2/repository/io/grpc/grpc-protobuf-lite/1.17.1/grpc-protobuf-lite-1.17.1.jar:/home/user/.m2/repository/io/grpc/grpc-stub/1.17.1/grpc-stub-1.17.1.jar:/home/user/.m2/repository/org/apache/hadoop/hadoop-ozone-recon/0.5.0-SNAPSHOT/hadoop-ozone-recon-0.5.0-SNAPSHOT.jar:/home/user/.m2/repository/org/apache/hadoop/hadoop-ozone-reconcodegen/0.5.0-SNAPSHOT/hadoop-ozone-reconcodegen-0.5.0-SNAPSHOT.jar:/home/user/.m2/repository/com/google/inject/extensions/guice-multibindings/4.0/guice-multibindings-4.0.jar:/home/user/.m2/repository/com/google/inject/guice/4.0/guice-4.0.jar:/home/user/.m2/repository/aopalliance/aopalliance/1.0/aopalliance-1.0.jar:/home/user/.m2/repository/com/google/inject/extensions/guice-servlet/4.0/guice-servlet-4.0.jar:/home/user/.m2/repository/org/glassfish/jersey/containers/jersey-container-servlet/2.27/jersey-container-servlet-2.27.jar:/home/user/.m2/repository/org/glassfish/hk2/guice-bridge/2.5.0/guice-bridge-2.5.0.jar:/home/user/.m2/repository/org/glassfish/jersey/core/jersey-server/2.27/jersey-server-2.27.jar:/home/user/.m2/repository/org/glassfish/jersey/core/jersey-client/2.27/jersey-client-2.27.jar:/home/user/.m2/repository/org/glassfish/jersey/media/jersey-media-jaxb/2.27/jersey-media-jaxb-2.27.jar:/home/user/.m2/repository/javax/validation/validation-api/1.1.0.Final/validation-api-1.1.0.Final.jar:/home/user/.m2/repository/org/glassfish/jersey/media/jersey-media-json-jackson/2.27/jersey-media-json-jackson-2.27.jar:/home/user/.m2/repository/org/glassfish/jersey/ext/jersey-entity-filtering/2.27/jersey-entity-filtering-2.27.jar:/home/user/.m2/repository/com/google/inject/extensions/guice-assistedinject/4.0/guice-assistedinject-4.0.jar:/home/user/.m2/repository/org/jooq/jooq/3.11.10/jooq-3.11.10.jar:/home/user/.m2/repository/org/jooq/jooq-meta/3.11.10/jooq-meta-3.11.10.jar:/home/user/.m2/repository/org/jooq/jooq-codegen/3.11.10/jooq-codegen-3.11.10.jar:/home/user/.m2/repository/com/jolbox/bonecp/0.8.0.RELEASE/bonecp-0.8.0.RELEASE.jar:/home/user/.m2/repository/org/xerial/sqlite-jdbc/3.25.2/sqlite-jdbc-3.25.2.jar:/home/user/.m2/repository/org/springframework/spring-jdbc/5.1.3.RELEASE/spring-jdbc-5.1.3.RELEASE.jar:/home/user/.m2/repository/org/springframework/spring-beans/5.1.3.RELEASE/spring-beans-5.1.3.RELEASE.jar:/home/user/.m2/repository/org/springframework/spring-core/5.1.3.RELEASE/spring-core-5.1.3.RELEASE.jar:/home/user/.m2/repository/org/springframework/spring-jcl/5.1.3.RELEASE/spring-jcl-5.1.3.RELEASE.jar:/home/user/.m2/repository/org/springframework/spring-tx/5.1.3.RELEASE/spring-tx-5.1.3.RELEASE.jar:/home/user/.m2/repository/org/apache/hadoop/hadoop-ozone-client/0.5.0-SNAPSHOT/hadoop-ozone-client-0.5.0-SNAPSHOT.jar:/home/user/.m2/repository/commons-lang/commons-lang/2.6/commons-lang-2.6.jar:/home/user/.m2/repository/org/apache/hadoop/hadoop-ozone-ozone-manager/0.5.0-SNAPSHOT/hadoop-ozone-ozone-manager-0.5.0-SNAPSHOT-tests.jar:/home/user/.m2/repository/junit/junit/4.11/junit-4.11.jar:/home/user/.m2/repository/org/hamcrest/hamcrest-core/1.3/hamcrest-core-1.3.jar:/home/user/.m2/repository/org/openjdk/jmh/jmh-core/1.19/jmh-core-1.19.jar:/home/user/.m2/repository/net/sf/jopt-simple/jopt-simple/4.6/jopt-simple-4.6.jar:/home/user/.m2/repository/org/apache/commons/commons-math3/3.1.1/commons-math3-3.1.1.jar:/home/user/.m2/repository/org/openjdk/jmh/jmh-generator-annprocess/1.19/jmh-generator-annprocess-1.19.jar:/home/user/.m2/repository/org/mockito/mockito-all/1.8.5/mockito-all-1.8.5.jar:/home/user/.m2/repository/org/apache/hadoop/hadoop-kms/3.2.0/hadoop-kms-3.2.0.jar:/home/user/.m2/repository/org/apache/hadoop/hadoop-auth/3.2.0/hadoop-auth-3.2.0.jar:/home/user/.m2/repository/com/nimbusds/nimbus-jose-jwt/4.41.1/nimbus-jose-jwt-4.41.1.jar:/home/user/.m2/repository/com/github/stephenc/jcip/jcip-annotations/1.0-1/jcip-annotations-1.0-1.jar:/home/user/.m2/repository/net/minidev/json-smart/2.3/json-smart-2.3.jar:/home/user/.m2/repository/net/minidev/accessors-smart/1.2/accessors-smart-1.2.jar:/home/user/.m2/repository/org/ow2/asm/asm/5.0.4/asm-5.0.4.jar:/home/user/.m2/repository/org/apache/curator/curator-framework/2.12.0/curator-framework-2.12.0.jar:/home/user/.m2/repository/com/sun/jersey/jersey-core/1.19/jersey-core-1.19.jar:/home/user/.m2/repository/javax/ws/rs/jsr311-api/1.1.1/jsr311-api-1.1.1.jar:/home/user/.m2/repository/com/sun/jersey/jersey-server/1.19/jersey-server-1.19.jar:/home/user/.m2/repository/javax/servlet/javax.servlet-api/3.1.0/javax.servlet-api-3.1.0.jar:/home/user/.m2/repository/org/eclipse/jetty/jetty-server/9.3.25.v20180904/jetty-server-9.3.25.v20180904.jar:/home/user/.m2/repository/org/eclipse/jetty/jetty-http/9.3.25.v20180904/jetty-http-9.3.25.v20180904.jar:/home/user/.m2/repository/org/eclipse/jetty/jetty-io/9.3.25.v20180904/jetty-io-9.3.25.v20180904.jar:/home/user/.m2/repository/org/eclipse/jetty/jetty-webapp/9.3.25.v20180904/jetty-webapp-9.3.25.v20180904.jar:/home/user/.m2/repository/org/eclipse/jetty/jetty-xml/9.3.25.v20180904/jetty-xml-9.3.25.v20180904.jar:/home/user/.m2/repository/log4j/log4j/1.2.17/log4j-1.2.17.jar:/home/user/.m2/repository/org/slf4j/slf4j-api/1.7.25/slf4j-api-1.7.25.jar:/home/user/.m2/repository/org/slf4j/jul-to-slf4j/1.7.25/jul-to-slf4j-1.7.25.jar:/home/user/.m2/repository/org/eclipse/jetty/jetty-util/9.3.25.v20180904/jetty-util-9.3.25.v20180904.jar:/home/user/.m2/repository/com/fasterxml/jackson/core/jackson-databind/2.9.9/jackson-databind-2.9.9.jar:/home/user/.m2/repository/org/apache/hadoop/hadoop-kms/3.2.0/hadoop-kms-3.2.0-tests.jar:/home/user/.m2/repository/org/apache/hadoop/hadoop-hdds-server-scm/0.5.0-SNAPSHOT/hadoop-hdds-server-scm-0.5.0-SNAPSHOT-tests.jar:/home/user/.m2/repository/org/apache/hadoop/hadoop-hdds-container-service/0.5.0-SNAPSHOT/hadoop-hdds-container-service-0.5.0-SNAPSHOT-tests.jar:/home/user/.m2/repository/org/yaml/snakeyaml/1.16/snakeyaml-1.16.jar:/home/user/.m2/repository/org/apache/hadoop/hadoop-common/3.2.0/hadoop-common-3.2.0-tests.jar:/home/user/.m2/repository/org/apache/hadoop/hadoop-annotations/3.2.0/hadoop-annotations-3.2.0.jar:/usr/lib/jvm/java-1.8-openjdk/jre/../lib/tools.jar:/home/user/.m2/repository/commons-cli/commons-cli/1.2/commons-cli-1.2.jar:/home/user/.m2/repository/org/apache/httpcomponents/httpclient/4.5.2/httpclient-4.5.2.jar:/home/user/.m2/repository/org/apache/httpcomponents/httpcore/4.4.4/httpcore-4.4.4.jar:/home/user/.m2/repository/commons-codec/commons-codec/1.11/commons-codec-1.11.jar:/home/user/.m2/repository/commons-net/commons-net/3.6/commons-net-3.6.jar:/home/user/.m2/repository/commons-collections/commons-collections/3.2.2/commons-collections-3.2.2.jar:/home/user/.m2/repository/org/eclipse/jetty/jetty-servlet/9.3.25.v20180904/jetty-servlet-9.3.25.v20180904.jar:/home/user/.m2/repository/org/eclipse/jetty/jetty-security/9.3.25.v20180904/jetty-security-9.3.25.v20180904.jar:/home/user/.m2/repository/javax/servlet/jsp/jsp-api/2.1/jsp-api-2.1.jar:/home/user/.m2/repository/com/sun/jersey/jersey-servlet/1.19/jersey-servlet-1.19.jar:/home/user/.m2/repository/com/sun/jersey/jersey-json/1.19/jersey-json-1.19.jar:/home/user/.m2/repository/org/codehaus/jettison/jettison/1.1/jettison-1.1.jar:/home/user/.m2/repository/org/codehaus/jackson/jackson-core-asl/1.9.13/jackson-core-asl-1.9.13.jar:/home/user/.m2/repository/org/codehaus/jackson/jackson-mapper-asl/1.9.13/jackson-mapper-asl-1.9.13.jar:/home/user/.m2/repository/org/codehaus/jackson/jackson-jaxrs/1.9.13/jackson-jaxrs-1.9.13.jar:/home/user/.m2/repository/org/codehaus/jackson/jackson-xc/1.9.13/jackson-xc-1.9.13.jar:/home/user/.m2/repository/commons-logging/commons-logging/1.1.3/commons-logging-1.1.3.jar:/home/user/.m2/repository/commons-beanutils/commons-beanutils/1.9.4/commons-beanutils-1.9.4.jar:/home/user/.m2/repository/org/apache/commons/commons-configuration2/2.1.1/commons-configuration2-2.1.1.jar:/home/user/.m2/repository/org/apache/commons/commons-lang3/3.7/commons-lang3-3.7.jar:/home/user/.m2/repository/org/apache/commons/commons-text/1.4/commons-text-1.4.jar:/home/user/.m2/repository/org/apache/avro/avro/1.7.7/avro-1.7.7.jar:/home/user/.m2/repository/com/thoughtworks/paranamer/paranamer/2.3/paranamer-2.3.jar:/home/user/.m2/repository/org/xerial/snappy/snappy-java/1.0.5/snappy-java-1.0.5.jar:/home/user/.m2/repository/com/google/re2j/re2j/1.1/re2j-1.1.jar:/home/user/.m2/repository/com/google/code/gson/gson/2.2.4/gson-2.2.4.jar:/home/user/.m2/repository/com/jcraft/jsch/0.1.54/jsch-0.1.54.jar:/home/user/.m2/repository/org/apache/curator/curator-client/2.12.0/curator-client-2.12.0.jar:/home/user/.m2/repository/org/apache/curator/curator-recipes/2.12.0/curator-recipes-2.12.0.jar:/home/user/.m2/repository/com/google/code/findbugs/jsr305/3.0.0/jsr305-3.0.0.jar:/home/user/.m2/repository/org/apache/htrace/htrace-core4/4.1.0-incubating/htrace-core4-4.1.0-incubating.jar:/home/user/.m2/repository/org/apache/zookeeper/zookeeper/3.4.13/zookeeper-3.4.13.jar:/home/user/.m2/repository/jline/jline/0.9.94/jline-0.9.94.jar:/home/user/.m2/repository/org/apache/yetus/audience-annotations/0.5.0/audience-annotations-0.5.0.jar:/home/user/.m2/repository/org/codehaus/woodstox/stax2-api/3.1.4/stax2-api-3.1.4.jar:/home/user/.m2/repository/com/fasterxml/woodstox/woodstox-core/5.0.3/woodstox-core-5.0.3.jar:/home/user/.m2/repository/dnsjava/dnsjava/2.1.7/dnsjava-2.1.7.jar:/home/user/.m2/repository/org/apache/hadoop/hadoop-hdfs/3.2.0/hadoop-hdfs-3.2.0-tests.jar:/home/user/.m2/repository/org/eclipse/jetty/jetty-util-ajax/9.3.25.v20180904/jetty-util-ajax-9.3.25.v20180904.jar:/home/user/.m2/repository/commons-daemon/commons-daemon/1.0.13/commons-daemon-1.0.13.jar:/home/user/.m2/repository/io/netty/netty/3.10.5.Final/netty-3.10.5.Final.jar:/home/user/.m2/repository/io/netty/netty-all/4.0.52.Final/netty-all-4.0.52.Final.jar:/home/user/.m2/repository/org/fusesource/leveldbjni/leveldbjni-all/1.8/leveldbjni-all-1.8.jar:"/>
    <property name="java.vm.vendor" value="IcedTea"/>
    <property name="sun.arch.data.model" value="64"/>
    <property name="test.build.dir" value="/workdir/hadoop-ozone/integration-test/target/test-dir"/>
    <property name="test.cache.data" value=""/>
    <property name="java.vendor.url" value="https://icedtea.classpath.org"/>
    <property name="user.timezone" value=""/>
    <property name="java.vm.specification.version" value="1.8"/>
    <property name="os.name" value="Linux"/>
    <property name="test.build.data" value="/workdir/hadoop-ozone/integration-test/target/test-dir"/>
    <property name="user.country" value="US"/>
    <property name="sun.java.launcher" value="SUN_STANDARD"/>
    <property name="sun.boot.library.path" value="/usr/lib/jvm/java-1.8-openjdk/jre/lib/amd64"/>
    <property name="sun.java.command" value="/workdir/hadoop-ozone/integration-test/target/surefire/surefirebooter5249074333839934877.jar /workdir/hadoop-ozone/integration-test/target/surefire 2019-10-01T17-01-18_772-jvmRun1 surefire2931190243677719442tmp surefire_65215105662959499131tmp"/>
    <property name="test" value="!TestMiniChaosOzoneCluster"/>
    <property name="surefire.test.class.path" value="/workdir/hadoop-ozone/integration-test/target/test-classes:/workdir/hadoop-ozone/integration-test/target/classes:/home/user/.m2/repository/org/apache/hadoop/hadoop-ozone-common/0.5.0-SNAPSHOT/hadoop-ozone-common-0.5.0-SNAPSHOT.jar:/home/user/.m2/repository/org/apache/commons/commons-compress/1.4.1/commons-compress-1.4.1.jar:/home/user/.m2/repository/org/tukaani/xz/1.0/xz-1.0.jar:/home/user/.m2/repository/org/apache/hadoop/hadoop-common/3.2.0/hadoop-common-3.2.0.jar:/home/user/.m2/repository/org/apache/hadoop/hadoop-hdfs/3.2.0/hadoop-hdfs-3.2.0.jar:/home/user/.m2/repository/org/apache/hadoop/hadoop-hdfs-client/3.2.0/hadoop-hdfs-client-3.2.0.jar:/home/user/.m2/repository/com/fasterxml/jackson/core/jackson-annotations/2.9.9/jackson-annotations-2.9.9.jar:/home/user/.m2/repository/org/apache/hadoop/hadoop-hdds-common/0.5.0-SNAPSHOT/hadoop-hdds-common-0.5.0-SNAPSHOT.jar:/home/user/.m2/repository/javax/annotation/javax.annotation-api/1.2/javax.annotation-api-1.2.jar:/home/user/.m2/repository/org/apache/ratis/ratis-server/0.5.0-201fc85-SNAPSHOT/ratis-server-0.5.0-201fc85-SNAPSHOT.jar:/home/user/.m2/repository/org/apache/ratis/ratis-thirdparty-misc/0.2.0/ratis-thirdparty-misc-0.2.0.jar:/home/user/.m2/repository/org/apache/ratis/ratis-proto/0.5.0-201fc85-SNAPSHOT/ratis-proto-0.5.0-201fc85-SNAPSHOT.jar:/home/user/.m2/repository/org/apache/ratis/ratis-common/0.5.0-201fc85-SNAPSHOT/ratis-common-0.5.0-201fc85-SNAPSHOT.jar:/home/user/.m2/repository/org/apache/ratis/ratis-client/0.5.0-201fc85-SNAPSHOT/ratis-client-0.5.0-201fc85-SNAPSHOT.jar:/home/user/.m2/repository/org/apache/ratis/ratis-metrics/0.5.0-201fc85-SNAPSHOT/ratis-metrics-0.5.0-201fc85-SNAPSHOT.jar:/home/user/.m2/repository/com/github/joshelser/dropwizard-metrics-hadoop-metrics2-reporter/0.1.2/dropwizard-metrics-hadoop-metrics2-reporter-0.1.2.jar:/home/user/.m2/repository/io/dropwizard/metrics/metrics-jvm/3.2.5/metrics-jvm-3.2.5.jar:/home/user/.m2/repository/io/dropwizard/metrics/metrics-ganglia/3.2.5/metrics-ganglia-3.2.5.jar:/home/user/.m2/repository/info/ganglia/gmetric4j/gmetric4j/1.0.7/gmetric4j-1.0.7.jar:/home/user/.m2/repository/org/apache/ratis/ratis-netty/0.5.0-201fc85-SNAPSHOT/ratis-netty-0.5.0-201fc85-SNAPSHOT.jar:/home/user/.m2/repository/org/apache/ratis/ratis-grpc/0.5.0-201fc85-SNAPSHOT/ratis-grpc-0.5.0-201fc85-SNAPSHOT.jar:/home/user/.m2/repository/org/rocksdb/rocksdbjni/6.0.1/rocksdbjni-6.0.1.jar:/home/user/.m2/repository/org/apache/logging/log4j/log4j-api/2.11.0/log4j-api-2.11.0.jar:/home/user/.m2/repository/org/apache/logging/log4j/log4j-core/2.11.0/log4j-core-2.11.0.jar:/home/user/.m2/repository/com/lmax/disruptor/3.4.2/disruptor-3.4.2.jar:/home/user/.m2/repository/org/apache/commons/commons-pool2/2.6.0/commons-pool2-2.6.0.jar:/home/user/.m2/repository/org/bouncycastle/bcpkix-jdk15on/1.60/bcpkix-jdk15on-1.60.jar:/home/user/.m2/repository/commons-validator/commons-validator/1.6/commons-validator-1.6.jar:/home/user/.m2/repository/commons-digester/commons-digester/1.8.1/commons-digester-1.8.1.jar:/home/user/.m2/repository/io/jaegertracing/jaeger-client/0.34.0/jaeger-client-0.34.0.jar:/home/user/.m2/repository/io/jaegertracing/jaeger-thrift/0.34.0/jaeger-thrift-0.34.0.jar:/home/user/.m2/repository/org/apache/thrift/libthrift/0.12.0/libthrift-0.12.0.jar:/home/user/.m2/repository/com/squareup/okhttp3/okhttp/3.9.0/okhttp-3.9.0.jar:/home/user/.m2/repository/com/squareup/okio/okio/1.13.0/okio-1.13.0.jar:/home/user/.m2/repository/io/jaegertracing/jaeger-core/0.34.0/jaeger-core-0.34.0.jar:/home/user/.m2/repository/io/jaegertracing/jaeger-tracerresolver/0.34.0/jaeger-tracerresolver-0.34.0.jar:/home/user/.m2/repository/io/opentracing/contrib/opentracing-tracerresolver/0.1.5/opentracing-tracerresolver-0.1.5.jar:/home/user/.m2/repository/io/opentracing/opentracing-util/0.31.0/opentracing-util-0.31.0.jar:/home/user/.m2/repository/io/opentracing/opentracing-api/0.31.0/opentracing-api-0.31.0.jar:/home/user/.m2/repository/io/opentracing/opentracing-noop/0.31.0/opentracing-noop-0.31.0.jar:/home/user/.m2/repository/org/apache/hadoop/hadoop-hdds-server-framework/0.5.0-SNAPSHOT/hadoop-hdds-server-framework-0.5.0-SNAPSHOT.jar:/home/user/.m2/repository/org/apache/hadoop/hadoop-hdds-container-service/0.5.0-SNAPSHOT/hadoop-hdds-container-service-0.5.0-SNAPSHOT.jar:/home/user/.m2/repository/org/apache/hadoop/hadoop-hdds-client/0.5.0-SNAPSHOT/hadoop-hdds-client-0.5.0-SNAPSHOT.jar:/home/user/.m2/repository/org/apache/hadoop/hadoop-hdds-tools/0.5.0-SNAPSHOT/hadoop-hdds-tools-0.5.0-SNAPSHOT.jar:/home/user/.m2/repository/org/apache/hadoop/hadoop-hdds-server-scm/0.5.0-SNAPSHOT/hadoop-hdds-server-scm-0.5.0-SNAPSHOT.jar:/home/user/.m2/repository/org/apache/hadoop/hadoop-hdds-docs/0.5.0-SNAPSHOT/hadoop-hdds-docs-0.5.0-SNAPSHOT.jar:/home/user/.m2/repository/io/dropwizard/metrics/metrics-core/3.2.4/metrics-core-3.2.4.jar:/home/user/.m2/repository/org/hamcrest/hamcrest-all/1.3/hamcrest-all-1.3.jar:/home/user/.m2/repository/org/bouncycastle/bcprov-jdk15on/1.60/bcprov-jdk15on-1.60.jar:/home/user/.m2/repository/info/picocli/picocli/3.9.6/picocli-3.9.6.jar:/home/user/.m2/repository/com/google/protobuf/protobuf-java/2.5.0/protobuf-java-2.5.0.jar:/home/user/.m2/repository/com/google/guava/guava/11.0.2/guava-11.0.2.jar:/home/user/.m2/repository/org/apache/hadoop/hadoop-ozone-ozone-manager/0.5.0-SNAPSHOT/hadoop-ozone-ozone-manager-0.5.0-SNAPSHOT.jar:/home/user/.m2/repository/org/apache/hadoop/hadoop-minikdc/3.2.0/hadoop-minikdc-3.2.0.jar:/home/user/.m2/repository/commons-io/commons-io/2.5/commons-io-2.5.jar:/home/user/.m2/repository/org/apache/kerby/kerb-simplekdc/1.0.1/kerb-simplekdc-1.0.1.jar:/home/user/.m2/repository/org/apache/kerby/kerb-client/1.0.1/kerb-client-1.0.1.jar:/home/user/.m2/repository/org/apache/kerby/kerby-config/1.0.1/kerby-config-1.0.1.jar:/home/user/.m2/repository/org/apache/kerby/kerb-core/1.0.1/kerb-core-1.0.1.jar:/home/user/.m2/repository/org/apache/kerby/kerby-pkix/1.0.1/kerby-pkix-1.0.1.jar:/home/user/.m2/repository/org/apache/kerby/kerby-asn1/1.0.1/kerby-asn1-1.0.1.jar:/home/user/.m2/repository/org/apache/kerby/kerby-util/1.0.1/kerby-util-1.0.1.jar:/home/user/.m2/repository/org/apache/kerby/kerb-common/1.0.1/kerb-common-1.0.1.jar:/home/user/.m2/repository/org/apache/kerby/kerb-crypto/1.0.1/kerb-crypto-1.0.1.jar:/home/user/.m2/repository/org/apache/kerby/kerb-util/1.0.1/kerb-util-1.0.1.jar:/home/user/.m2/repository/org/apache/kerby/token-provider/1.0.1/token-provider-1.0.1.jar:/home/user/.m2/repository/org/apache/kerby/kerb-admin/1.0.1/kerb-admin-1.0.1.jar:/home/user/.m2/repository/org/apache/kerby/kerb-server/1.0.1/kerb-server-1.0.1.jar:/home/user/.m2/repository/org/apache/kerby/kerb-identity/1.0.1/kerb-identity-1.0.1.jar:/home/user/.m2/repository/org/apache/kerby/kerby-xdr/1.0.1/kerby-xdr-1.0.1.jar:/home/user/.m2/repository/org/slf4j/slf4j-log4j12/1.7.25/slf4j-log4j12-1.7.25.jar:/home/user/.m2/repository/org/apache/hadoop/hadoop-ozone-s3gateway/0.5.0-SNAPSHOT/hadoop-ozone-s3gateway-0.5.0-SNAPSHOT.jar:/home/user/.m2/repository/org/jboss/weld/servlet/weld-servlet/2.4.7.Final/weld-servlet-2.4.7.Final.jar:/home/user/.m2/repository/org/glassfish/jersey/containers/jersey-container-servlet-core/2.27/jersey-container-servlet-core-2.27.jar:/home/user/.m2/repository/org/glassfish/hk2/external/javax.inject/2.5.0-b42/javax.inject-2.5.0-b42.jar:/home/user/.m2/repository/org/glassfish/jersey/core/jersey-common/2.27/jersey-common-2.27.jar:/home/user/.m2/repository/org/glassfish/hk2/osgi-resource-locator/1.0.1/osgi-resource-locator-1.0.1.jar:/home/user/.m2/repository/javax/ws/rs/javax.ws.rs-api/2.1/javax.ws.rs-api-2.1.jar:/home/user/.m2/repository/org/glassfish/jersey/ext/cdi/jersey-cdi1x/2.27/jersey-cdi1x-2.27.jar:/home/user/.m2/repository/org/glassfish/jersey/inject/jersey-hk2/2.27/jersey-hk2-2.27.jar:/home/user/.m2/repository/org/glassfish/hk2/hk2-locator/2.5.0-b42/hk2-locator-2.5.0-b42.jar:/home/user/.m2/repository/org/javassist/javassist/3.22.0-CR2/javassist-3.22.0-CR2.jar:/home/user/.m2/repository/org/glassfish/hk2/hk2-api/2.5.0/hk2-api-2.5.0.jar:/home/user/.m2/repository/org/glassfish/hk2/external/jakarta.inject/2.5.0/jakarta.inject-2.5.0.jar:/home/user/.m2/repository/org/glassfish/hk2/hk2-utils/2.5.0/hk2-utils-2.5.0.jar:/home/user/.m2/repository/jakarta/annotation/jakarta.annotation-api/1.3.4/jakarta.annotation-api-1.3.4.jar:/home/user/.m2/repository/org/glassfish/hk2/external/aopalliance-repackaged/2.5.0/aopalliance-repackaged-2.5.0.jar:/home/user/.m2/repository/com/fasterxml/jackson/dataformat/jackson-dataformat-xml/2.9.0/jackson-dataformat-xml-2.9.0.jar:/home/user/.m2/repository/com/fasterxml/jackson/core/jackson-core/2.9.9/jackson-core-2.9.9.jar:/home/user/.m2/repository/com/fasterxml/jackson/module/jackson-module-jaxb-annotations/2.9.9/jackson-module-jaxb-annotations-2.9.9.jar:/home/user/.m2/repository/javax/enterprise/cdi-api/1.2/cdi-api-1.2.jar:/home/user/.m2/repository/javax/el/javax.el-api/3.0.0/javax.el-api-3.0.0.jar:/home/user/.m2/repository/javax/interceptor/javax.interceptor-api/1.2/javax.interceptor-api-1.2.jar:/home/user/.m2/repository/javax/inject/javax.inject/1/javax.inject-1.jar:/home/user/.m2/repository/com/sun/xml/bind/jaxb-impl/2.3.0.1/jaxb-impl-2.3.0.1.jar:/home/user/.m2/repository/com/sun/xml/bind/jaxb-core/2.3.0.1/jaxb-core-2.3.0.1.jar:/home/user/.m2/repository/javax/xml/bind/jaxb-api/2.3.0/jaxb-api-2.3.0.jar:/home/user/.m2/repository/javax/activation/activation/1.1.1/activation-1.1.1.jar:/home/user/.m2/repository/org/apache/hadoop/hadoop-ozone-csi/0.5.0-SNAPSHOT/hadoop-ozone-csi-0.5.0-SNAPSHOT.jar:/home/user/.m2/repository/com/google/protobuf/protobuf-java-util/3.5.1/protobuf-java-util-3.5.1.jar:/home/user/.m2/repository/org/apache/hadoop/hadoop-hdds-config/0.5.0-SNAPSHOT/hadoop-hdds-config-0.5.0-SNAPSHOT.jar:/home/user/.m2/repository/io/grpc/grpc-netty/1.17.1/grpc-netty-1.17.1.jar:/home/user/.m2/repository/io/grpc/grpc-core/1.17.1/grpc-core-1.17.1.jar:/home/user/.m2/repository/io/grpc/grpc-context/1.17.1/grpc-context-1.17.1.jar:/home/user/.m2/repository/com/google/errorprone/error_prone_annotations/2.2.0/error_prone_annotations-2.2.0.jar:/home/user/.m2/repository/org/codehaus/mojo/animal-sniffer-annotations/1.17/animal-sniffer-annotations-1.17.jar:/home/user/.m2/repository/io/opencensus/opencensus-api/0.17.0/opencensus-api-0.17.0.jar:/home/user/.m2/repository/io/opencensus/opencensus-contrib-grpc-metrics/0.17.0/opencensus-contrib-grpc-metrics-0.17.0.jar:/home/user/.m2/repository/io/netty/netty-codec-http2/4.1.30.Final/netty-codec-http2-4.1.30.Final.jar:/home/user/.m2/repository/io/netty/netty-codec-http/4.1.30.Final/netty-codec-http-4.1.30.Final.jar:/home/user/.m2/repository/io/netty/netty-codec/4.1.30.Final/netty-codec-4.1.30.Final.jar:/home/user/.m2/repository/io/netty/netty-handler/4.1.30.Final/netty-handler-4.1.30.Final.jar:/home/user/.m2/repository/io/netty/netty-handler-proxy/4.1.30.Final/netty-handler-proxy-4.1.30.Final.jar:/home/user/.m2/repository/io/netty/netty-codec-socks/4.1.30.Final/netty-codec-socks-4.1.30.Final.jar:/home/user/.m2/repository/io/netty/netty-transport-native-epoll/4.1.30.Final/netty-transport-native-epoll-4.1.30.Final.jar:/home/user/.m2/repository/io/netty/netty-common/4.1.30.Final/netty-common-4.1.30.Final.jar:/home/user/.m2/repository/io/netty/netty-buffer/4.1.30.Final/netty-buffer-4.1.30.Final.jar:/home/user/.m2/repository/io/netty/netty-transport/4.1.30.Final/netty-transport-4.1.30.Final.jar:/home/user/.m2/repository/io/netty/netty-resolver/4.1.30.Final/netty-resolver-4.1.30.Final.jar:/home/user/.m2/repository/io/netty/netty-transport-native-unix-common/4.1.30.Final/netty-transport-native-unix-common-4.1.30.Final.jar:/home/user/.m2/repository/io/grpc/grpc-protobuf/1.17.1/grpc-protobuf-1.17.1.jar:/home/user/.m2/repository/com/google/api/grpc/proto-google-common-protos/1.0.0/proto-google-common-protos-1.0.0.jar:/home/user/.m2/repository/io/grpc/grpc-protobuf-lite/1.17.1/grpc-protobuf-lite-1.17.1.jar:/home/user/.m2/repository/io/grpc/grpc-stub/1.17.1/grpc-stub-1.17.1.jar:/home/user/.m2/repository/org/apache/hadoop/hadoop-ozone-recon/0.5.0-SNAPSHOT/hadoop-ozone-recon-0.5.0-SNAPSHOT.jar:/home/user/.m2/repository/org/apache/hadoop/hadoop-ozone-reconcodegen/0.5.0-SNAPSHOT/hadoop-ozone-reconcodegen-0.5.0-SNAPSHOT.jar:/home/user/.m2/repository/com/google/inject/extensions/guice-multibindings/4.0/guice-multibindings-4.0.jar:/home/user/.m2/repository/com/google/inject/guice/4.0/guice-4.0.jar:/home/user/.m2/repository/aopalliance/aopalliance/1.0/aopalliance-1.0.jar:/home/user/.m2/repository/com/google/inject/extensions/guice-servlet/4.0/guice-servlet-4.0.jar:/home/user/.m2/repository/org/glassfish/jersey/containers/jersey-container-servlet/2.27/jersey-container-servlet-2.27.jar:/home/user/.m2/repository/org/glassfish/hk2/guice-bridge/2.5.0/guice-bridge-2.5.0.jar:/home/user/.m2/repository/org/glassfish/jersey/core/jersey-server/2.27/jersey-server-2.27.jar:/home/user/.m2/repository/org/glassfish/jersey/core/jersey-client/2.27/jersey-client-2.27.jar:/home/user/.m2/repository/org/glassfish/jersey/media/jersey-media-jaxb/2.27/jersey-media-jaxb-2.27.jar:/home/user/.m2/repository/javax/validation/validation-api/1.1.0.Final/validation-api-1.1.0.Final.jar:/home/user/.m2/repository/org/glassfish/jersey/media/jersey-media-json-jackson/2.27/jersey-media-json-jackson-2.27.jar:/home/user/.m2/repository/org/glassfish/jersey/ext/jersey-entity-filtering/2.27/jersey-entity-filtering-2.27.jar:/home/user/.m2/repository/com/google/inject/extensions/guice-assistedinject/4.0/guice-assistedinject-4.0.jar:/home/user/.m2/repository/org/jooq/jooq/3.11.10/jooq-3.11.10.jar:/home/user/.m2/repository/org/jooq/jooq-meta/3.11.10/jooq-meta-3.11.10.jar:/home/user/.m2/repository/org/jooq/jooq-codegen/3.11.10/jooq-codegen-3.11.10.jar:/home/user/.m2/repository/com/jolbox/bonecp/0.8.0.RELEASE/bonecp-0.8.0.RELEASE.jar:/home/user/.m2/repository/org/xerial/sqlite-jdbc/3.25.2/sqlite-jdbc-3.25.2.jar:/home/user/.m2/repository/org/springframework/spring-jdbc/5.1.3.RELEASE/spring-jdbc-5.1.3.RELEASE.jar:/home/user/.m2/repository/org/springframework/spring-beans/5.1.3.RELEASE/spring-beans-5.1.3.RELEASE.jar:/home/user/.m2/repository/org/springframework/spring-core/5.1.3.RELEASE/spring-core-5.1.3.RELEASE.jar:/home/user/.m2/repository/org/springframework/spring-jcl/5.1.3.RELEASE/spring-jcl-5.1.3.RELEASE.jar:/home/user/.m2/repository/org/springframework/spring-tx/5.1.3.RELEASE/spring-tx-5.1.3.RELEASE.jar:/home/user/.m2/repository/org/apache/hadoop/hadoop-ozone-client/0.5.0-SNAPSHOT/hadoop-ozone-client-0.5.0-SNAPSHOT.jar:/home/user/.m2/repository/commons-lang/commons-lang/2.6/commons-lang-2.6.jar:/home/user/.m2/repository/org/apache/hadoop/hadoop-ozone-ozone-manager/0.5.0-SNAPSHOT/hadoop-ozone-ozone-manager-0.5.0-SNAPSHOT-tests.jar:/home/user/.m2/repository/junit/junit/4.11/junit-4.11.jar:/home/user/.m2/repository/org/hamcrest/hamcrest-core/1.3/hamcrest-core-1.3.jar:/home/user/.m2/repository/org/openjdk/jmh/jmh-core/1.19/jmh-core-1.19.jar:/home/user/.m2/repository/net/sf/jopt-simple/jopt-simple/4.6/jopt-simple-4.6.jar:/home/user/.m2/repository/org/apache/commons/commons-math3/3.1.1/commons-math3-3.1.1.jar:/home/user/.m2/repository/org/openjdk/jmh/jmh-generator-annprocess/1.19/jmh-generator-annprocess-1.19.jar:/home/user/.m2/repository/org/mockito/mockito-all/1.8.5/mockito-all-1.8.5.jar:/home/user/.m2/repository/org/apache/hadoop/hadoop-kms/3.2.0/hadoop-kms-3.2.0.jar:/home/user/.m2/repository/org/apache/hadoop/hadoop-auth/3.2.0/hadoop-auth-3.2.0.jar:/home/user/.m2/repository/com/nimbusds/nimbus-jose-jwt/4.41.1/nimbus-jose-jwt-4.41.1.jar:/home/user/.m2/repository/com/github/stephenc/jcip/jcip-annotations/1.0-1/jcip-annotations-1.0-1.jar:/home/user/.m2/repository/net/minidev/json-smart/2.3/json-smart-2.3.jar:/home/user/.m2/repository/net/minidev/accessors-smart/1.2/accessors-smart-1.2.jar:/home/user/.m2/repository/org/ow2/asm/asm/5.0.4/asm-5.0.4.jar:/home/user/.m2/repository/org/apache/curator/curator-framework/2.12.0/curator-framework-2.12.0.jar:/home/user/.m2/repository/com/sun/jersey/jersey-core/1.19/jersey-core-1.19.jar:/home/user/.m2/repository/javax/ws/rs/jsr311-api/1.1.1/jsr311-api-1.1.1.jar:/home/user/.m2/repository/com/sun/jersey/jersey-server/1.19/jersey-server-1.19.jar:/home/user/.m2/repository/javax/servlet/javax.servlet-api/3.1.0/javax.servlet-api-3.1.0.jar:/home/user/.m2/repository/org/eclipse/jetty/jetty-server/9.3.25.v20180904/jetty-server-9.3.25.v20180904.jar:/home/user/.m2/repository/org/eclipse/jetty/jetty-http/9.3.25.v20180904/jetty-http-9.3.25.v20180904.jar:/home/user/.m2/repository/org/eclipse/jetty/jetty-io/9.3.25.v20180904/jetty-io-9.3.25.v20180904.jar:/home/user/.m2/repository/org/eclipse/jetty/jetty-webapp/9.3.25.v20180904/jetty-webapp-9.3.25.v20180904.jar:/home/user/.m2/repository/org/eclipse/jetty/jetty-xml/9.3.25.v20180904/jetty-xml-9.3.25.v20180904.jar:/home/user/.m2/repository/log4j/log4j/1.2.17/log4j-1.2.17.jar:/home/user/.m2/repository/org/slf4j/slf4j-api/1.7.25/slf4j-api-1.7.25.jar:/home/user/.m2/repository/org/slf4j/jul-to-slf4j/1.7.25/jul-to-slf4j-1.7.25.jar:/home/user/.m2/repository/org/eclipse/jetty/jetty-util/9.3.25.v20180904/jetty-util-9.3.25.v20180904.jar:/home/user/.m2/repository/com/fasterxml/jackson/core/jackson-databind/2.9.9/jackson-databind-2.9.9.jar:/home/user/.m2/repository/org/apache/hadoop/hadoop-kms/3.2.0/hadoop-kms-3.2.0-tests.jar:/home/user/.m2/repository/org/apache/hadoop/hadoop-hdds-server-scm/0.5.0-SNAPSHOT/hadoop-hdds-server-scm-0.5.0-SNAPSHOT-tests.jar:/home/user/.m2/repository/org/apache/hadoop/hadoop-hdds-container-service/0.5.0-SNAPSHOT/hadoop-hdds-container-service-0.5.0-SNAPSHOT-tests.jar:/home/user/.m2/repository/org/yaml/snakeyaml/1.16/snakeyaml-1.16.jar:/home/user/.m2/repository/org/apache/hadoop/hadoop-common/3.2.0/hadoop-common-3.2.0-tests.jar:/home/user/.m2/repository/org/apache/hadoop/hadoop-annotations/3.2.0/hadoop-annotations-3.2.0.jar:/usr/lib/jvm/java-1.8-openjdk/jre/../lib/tools.jar:/home/user/.m2/repository/commons-cli/commons-cli/1.2/commons-cli-1.2.jar:/home/user/.m2/repository/org/apache/httpcomponents/httpclient/4.5.2/httpclient-4.5.2.jar:/home/user/.m2/repository/org/apache/httpcomponents/httpcore/4.4.4/httpcore-4.4.4.jar:/home/user/.m2/repository/commons-codec/commons-codec/1.11/commons-codec-1.11.jar:/home/user/.m2/repository/commons-net/commons-net/3.6/commons-net-3.6.jar:/home/user/.m2/repository/commons-collections/commons-collections/3.2.2/commons-collections-3.2.2.jar:/home/user/.m2/repository/org/eclipse/jetty/jetty-servlet/9.3.25.v20180904/jetty-servlet-9.3.25.v20180904.jar:/home/user/.m2/repository/org/eclipse/jetty/jetty-security/9.3.25.v20180904/jetty-security-9.3.25.v20180904.jar:/home/user/.m2/repository/javax/servlet/jsp/jsp-api/2.1/jsp-api-2.1.jar:/home/user/.m2/repository/com/sun/jersey/jersey-servlet/1.19/jersey-servlet-1.19.jar:/home/user/.m2/repository/com/sun/jersey/jersey-json/1.19/jersey-json-1.19.jar:/home/user/.m2/repository/org/codehaus/jettison/jettison/1.1/jettison-1.1.jar:/home/user/.m2/repository/org/codehaus/jackson/jackson-core-asl/1.9.13/jackson-core-asl-1.9.13.jar:/home/user/.m2/repository/org/codehaus/jackson/jackson-mapper-asl/1.9.13/jackson-mapper-asl-1.9.13.jar:/home/user/.m2/repository/org/codehaus/jackson/jackson-jaxrs/1.9.13/jackson-jaxrs-1.9.13.jar:/home/user/.m2/repository/org/codehaus/jackson/jackson-xc/1.9.13/jackson-xc-1.9.13.jar:/home/user/.m2/repository/commons-logging/commons-logging/1.1.3/commons-logging-1.1.3.jar:/home/user/.m2/repository/commons-beanutils/commons-beanutils/1.9.4/commons-beanutils-1.9.4.jar:/home/user/.m2/repository/org/apache/commons/commons-configuration2/2.1.1/commons-configuration2-2.1.1.jar:/home/user/.m2/repository/org/apache/commons/commons-lang3/3.7/commons-lang3-3.7.jar:/home/user/.m2/repository/org/apache/commons/commons-text/1.4/commons-text-1.4.jar:/home/user/.m2/repository/org/apache/avro/avro/1.7.7/avro-1.7.7.jar:/home/user/.m2/repository/com/thoughtworks/paranamer/paranamer/2.3/paranamer-2.3.jar:/home/user/.m2/repository/org/xerial/snappy/snappy-java/1.0.5/snappy-java-1.0.5.jar:/home/user/.m2/repository/com/google/re2j/re2j/1.1/re2j-1.1.jar:/home/user/.m2/repository/com/google/code/gson/gson/2.2.4/gson-2.2.4.jar:/home/user/.m2/repository/com/jcraft/jsch/0.1.54/jsch-0.1.54.jar:/home/user/.m2/repository/org/apache/curator/curator-client/2.12.0/curator-client-2.12.0.jar:/home/user/.m2/repository/org/apache/curator/curator-recipes/2.12.0/curator-recipes-2.12.0.jar:/home/user/.m2/repository/com/google/code/findbugs/jsr305/3.0.0/jsr305-3.0.0.jar:/home/user/.m2/repository/org/apache/htrace/htrace-core4/4.1.0-incubating/htrace-core4-4.1.0-incubating.jar:/home/user/.m2/repository/org/apache/zookeeper/zookeeper/3.4.13/zookeeper-3.4.13.jar:/home/user/.m2/repository/jline/jline/0.9.94/jline-0.9.94.jar:/home/user/.m2/repository/org/apache/yetus/audience-annotations/0.5.0/audience-annotations-0.5.0.jar:/home/user/.m2/repository/org/codehaus/woodstox/stax2-api/3.1.4/stax2-api-3.1.4.jar:/home/user/.m2/repository/com/fasterxml/woodstox/woodstox-core/5.0.3/woodstox-core-5.0.3.jar:/home/user/.m2/repository/dnsjava/dnsjava/2.1.7/dnsjava-2.1.7.jar:/home/user/.m2/repository/org/apache/hadoop/hadoop-hdfs/3.2.0/hadoop-hdfs-3.2.0-tests.jar:/home/user/.m2/repository/org/eclipse/jetty/jetty-util-ajax/9.3.25.v20180904/jetty-util-ajax-9.3.25.v20180904.jar:/home/user/.m2/repository/commons-daemon/commons-daemon/1.0.13/commons-daemon-1.0.13.jar:/home/user/.m2/repository/io/netty/netty/3.10.5.Final/netty-3.10.5.Final.jar:/home/user/.m2/repository/io/netty/netty-all/4.0.52.Final/netty-all-4.0.52.Final.jar:/home/user/.m2/repository/org/fusesource/leveldbjni/leveldbjni-all/1.8/leveldbjni-all-1.8.jar:"/>
    <property name="sun.cpu.endian" value="little"/>
    <property name="user.home" value="/home/user"/>
    <property name="user.language" value="en"/>
    <property name="java.specification.vendor" value="Oracle Corporation"/>
    <property name="java.home" value="/usr/lib/jvm/java-1.8-openjdk/jre"/>
    <property name="java.security.krb5.conf" value="/workdir/hadoop-ozone/integration-test/target/test-classes/krb5.conf"/>
    <property name="basedir" value="/workdir/hadoop-ozone/integration-test"/>
    <property name="file.separator" value="/"/>
    <property name="line.separator" value="&#10;"/>
    <property name="java.vm.specification.vendor" value="Oracle Corporation"/>
    <property name="java.specification.name" value="Java Platform API Specification"/>
    <property name="java.awt.graphicsenv" value="sun.awt.X11GraphicsEnvironment"/>
    <property name="surefire.real.class.path" value="/workdir/hadoop-ozone/integration-test/target/surefire/surefirebooter5249074333839934877.jar"/>
    <property name="hadoop.log.dir" value="/workdir/hadoop-ozone/integration-test/target/log"/>
    <property name="sun.boot.class.path" value="/usr/lib/jvm/java-1.8-openjdk/jre/lib/resources.jar:/usr/lib/jvm/java-1.8-openjdk/jre/lib/rt.jar:/usr/lib/jvm/java-1.8-openjdk/jre/lib/sunrsasign.jar:/usr/lib/jvm/java-1.8-openjdk/jre/lib/jsse.jar:/usr/lib/jvm/java-1.8-openjdk/jre/lib/jce.jar:/usr/lib/jvm/java-1.8-openjdk/jre/lib/charsets.jar:/usr/lib/jvm/java-1.8-openjdk/jre/lib/jfr.jar:/usr/lib/jvm/java-1.8-openjdk/jre/classes"/>
    <property name="sun.management.compiler" value="HotSpot 64-Bit Tiered Compilers"/>
    <property name="java.runtime.version" value="1.8.0_212-b04"/>
    <property name="java.net.preferIPv4Stack" value="true"/>
    <property name="user.name" value="jenkins1000"/>
    <property name="path.separator" value=":"/>
    <property name="java.security.egd" value="file:///dev/urandom"/>
    <property name="os.version" value="3.10.0-957.12.2.el7.x86_64"/>
    <property name="java.endorsed.dirs" value="/usr/lib/jvm/java-1.8-openjdk/jre/lib/endorsed"/>
    <property name="java.runtime.name" value="OpenJDK Runtime Environment"/>
    <property name="file.encoding" value="UTF-8"/>
    <property name="java.vm.name" value="OpenJDK 64-Bit Server VM"/>
    <property name="test.build.webapps" value=""/>
    <property name="localRepository" value="/home/user/.m2/repository"/>
    <property name="java.vendor.url.bug" value="https://icedtea.classpath.org/bugzilla"/>
    <property name="java.io.tmpdir" value="/tmp"/>
    <property name="require.test.libhadoop" value=""/>
    <property name="java.version" value="1.8.0_212"/>
    <property name="user.dir" value="/workdir/hadoop-ozone/integration-test"/>
    <property name="os.arch" value="amd64"/>
    <property name="java.vm.specification.name" value="Java Virtual Machine Specification"/>
    <property name="test.build.classes" value="/workdir/hadoop-ozone/integration-test/target/test-classes"/>
    <property name="java.awt.printerjob" value="sun.print.PSPrinterJob"/>
    <property name="sun.os.patch.level" value="unknown"/>
    <property name="hadoop.tmp.dir" value="/workdir/hadoop-ozone/integration-test/target/tmp"/>
    <property name="java.library.path" value="/usr/lib/jvm/java-1.8-openjdk/jre/lib/amd64/server:/usr/lib/jvm/java-1.8-openjdk/jre/lib/amd64:/usr/lib/jvm/java-1.8-openjdk/jre/../lib/amd64:/workdir/hadoop-ozone/integration-test/target/native/target/usr/local/lib:/workdir/hadoop-ozone/integration-test/../../hadoop-common-project/hadoop-common/target/native/target/usr/local/lib:/usr/java/packages/lib/amd64:/usr/lib64:/lib64:/lib:/usr/lib"/>
    <property name="java.vm.info" value="mixed mode"/>
    <property name="java.vendor" value="IcedTea"/>
    <property name="java.vm.version" value="25.212-b04"/>
    <property name="java.ext.dirs" value="/usr/lib/jvm/java-1.8-openjdk/jre/lib/ext:/usr/java/packages/lib/ext"/>
    <property name="sun.io.unicode.encoding" value="UnicodeLittle"/>
    <property name="java.class.version" value="52.0"/>
  </properties>
  <testcase name="test2DatanodesFailure" classname="org.apache.hadoop.ozone.client.rpc.TestBlockOutputStreamWithFailures" time="108.919"/>
  <testcase name="testDatanodeFailureWithPreAllocation" classname="org.apache.hadoop.ozone.client.rpc.TestBlockOutputStreamWithFailures" time="221.827"/>
  <testcase name="testDatanodeFailureWithSingleNodeRatis" classname="org.apache.hadoop.ozone.client.rpc.TestBlockOutputStreamWithFailures" time="222.564"/>
  <testcase name="testWatchForCommitWithSingleNodeRatis" classname="org.apache.hadoop.ozone.client.rpc.TestBlockOutputStreamWithFailures" time="35.142"/>
  <testcase name="testWatchForCommitDatanodeFailure" classname="org.apache.hadoop.ozone.client.rpc.TestBlockOutputStreamWithFailures" time="39.571">
    <failure message="expected:&lt;61&gt; but was:&lt;62&gt;" type="java.lang.AssertionError"><![CDATA[java.lang.AssertionError: expected:<61> but was:<62>
	at org.junit.Assert.fail(Assert.java:88)
	at org.junit.Assert.failNotEquals(Assert.java:743)
	at org.junit.Assert.assertEquals(Assert.java:118)
	at org.junit.Assert.assertEquals(Assert.java:555)
	at org.junit.Assert.assertEquals(Assert.java:542)
	at org.apache.hadoop.ozone.client.rpc.TestBlockOutputStreamWithFailures.testWatchForCommitDatanodeFailure(TestBlockOutputStreamWithFailures.java:336)
	at sun.reflect.NativeMethodAccessorImpl.invoke0(Native Method)
	at sun.reflect.NativeMethodAccessorImpl.invoke(NativeMethodAccessorImpl.java:62)
	at sun.reflect.DelegatingMethodAccessorImpl.invoke(DelegatingMethodAccessorImpl.java:43)
	at java.lang.reflect.Method.invoke(Method.java:498)
	at org.junit.runners.model.FrameworkMethod$1.runReflectiveCall(FrameworkMethod.java:47)
	at org.junit.internal.runners.model.ReflectiveCallable.run(ReflectiveCallable.java:12)
	at org.junit.runners.model.FrameworkMethod.invokeExplosively(FrameworkMethod.java:44)
	at org.junit.internal.runners.statements.InvokeMethod.evaluate(InvokeMethod.java:17)
	at org.junit.internal.runners.statements.RunBefores.evaluate(RunBefores.java:26)
	at org.junit.internal.runners.statements.RunAfters.evaluate(RunAfters.java:27)
	at org.junit.runners.ParentRunner.runLeaf(ParentRunner.java:271)
	at org.junit.runners.BlockJUnit4ClassRunner.runChild(BlockJUnit4ClassRunner.java:70)
	at org.junit.runners.BlockJUnit4ClassRunner.runChild(BlockJUnit4ClassRunner.java:50)
	at org.junit.runners.ParentRunner$3.run(ParentRunner.java:238)
	at org.junit.runners.ParentRunner$1.schedule(ParentRunner.java:63)
	at org.junit.runners.ParentRunner.runChildren(ParentRunner.java:236)
	at org.junit.runners.ParentRunner.access$000(ParentRunner.java:53)
	at org.junit.runners.ParentRunner$2.evaluate(ParentRunner.java:229)
	at org.junit.runners.ParentRunner.run(ParentRunner.java:309)
	at org.apache.maven.surefire.junit4.JUnit4Provider.execute(JUnit4Provider.java:365)
	at org.apache.maven.surefire.junit4.JUnit4Provider.executeWithRerun(JUnit4Provider.java:273)
	at org.apache.maven.surefire.junit4.JUnit4Provider.executeTestSet(JUnit4Provider.java:238)
	at org.apache.maven.surefire.junit4.JUnit4Provider.invoke(JUnit4Provider.java:159)
	at org.apache.maven.surefire.booter.ForkedBooter.invokeProviderInSameClassLoader(ForkedBooter.java:384)
	at org.apache.maven.surefire.booter.ForkedBooter.runSuitesInProcess(ForkedBooter.java:345)
	at org.apache.maven.surefire.booter.ForkedBooter.execute(ForkedBooter.java:126)
	at org.apache.maven.surefire.booter.ForkedBooter.main(ForkedBooter.java:418)
]]></failure>
    <system-out><![CDATA[2019-10-01 18:08:44,763 [main] WARN  server.ServerUtils (ServerUtils.java:getScmDbDir(145)) - ozone.scm.db.dirs is not configured. We recommend adding this setting. Falling back to ozone.metadata.dirs instead.
2019-10-01 18:08:44,778 [main] WARN  server.ServerUtils (ServerUtils.java:getScmDbDir(145)) - ozone.scm.db.dirs is not configured. We recommend adding this setting. Falling back to ozone.metadata.dirs instead.
2019-10-01 18:08:44,778 [main] WARN  server.ServerUtils (ServerUtils.java:getScmDbDir(145)) - ozone.scm.db.dirs is not configured. We recommend adding this setting. Falling back to ozone.metadata.dirs instead.
2019-10-01 18:08:44,778 [main] INFO  db.DBStoreBuilder (DBStoreBuilder.java:addTable(110)) - using custom profile for table: deletedBlocks
2019-10-01 18:08:44,778 [main] INFO  db.DBStoreBuilder (DBStoreBuilder.java:processTables(161)) - Using default column profile:DBProfile.DISK for Table:deletedBlocks
2019-10-01 18:08:44,779 [main] INFO  db.DBStoreBuilder (DBStoreBuilder.java:addTable(110)) - using custom profile for table: validCerts
2019-10-01 18:08:44,779 [main] INFO  db.DBStoreBuilder (DBStoreBuilder.java:processTables(161)) - Using default column profile:DBProfile.DISK for Table:validCerts
2019-10-01 18:08:44,779 [main] INFO  db.DBStoreBuilder (DBStoreBuilder.java:addTable(110)) - using custom profile for table: revokedCerts
2019-10-01 18:08:44,779 [main] INFO  db.DBStoreBuilder (DBStoreBuilder.java:processTables(161)) - Using default column profile:DBProfile.DISK for Table:revokedCerts
2019-10-01 18:08:44,779 [main] INFO  db.DBStoreBuilder (DBStoreBuilder.java:addTable(110)) - using custom profile for table: default
2019-10-01 18:08:44,779 [main] INFO  db.DBStoreBuilder (DBStoreBuilder.java:processTables(167)) - Using default column profile:DBProfile.DISK for Table:default
2019-10-01 18:08:44,779 [main] INFO  db.DBStoreBuilder (DBStoreBuilder.java:getDbProfile(198)) - Using default options. DBProfile.DISK
2019-10-01 18:08:45,022 [main] INFO  net.NodeSchemaLoader (NodeSchemaLoader.java:loadSchemaFromFile(125)) - Loading file from sun.misc.CompoundEnumeration@285a4fe3
2019-10-01 18:08:45,023 [main] INFO  net.NodeSchemaLoader (NodeSchemaLoader.java:loadSchema(171)) - Loading network topology layer schema file
2019-10-01 18:08:45,033 [main] INFO  node.SCMNodeManager (SCMNodeManager.java:<init>(114)) - Entering startup safe mode.
2019-10-01 18:08:45,034 [main] INFO  algorithms.ContainerPlacementPolicyFactory (ContainerPlacementPolicyFactory.java:getPolicy(57)) - Create container placement policy of type org.apache.hadoop.hdds.scm.container.placement.algorithms.SCMContainerPlacementRandom
2019-10-01 18:08:45,034 [main] WARN  server.ServerUtils (ServerUtils.java:getScmDbDir(145)) - ozone.scm.db.dirs is not configured. We recommend adding this setting. Falling back to ozone.metadata.dirs instead.
2019-10-01 18:08:45,113 [main] INFO  pipeline.SCMPipelineManager (SCMPipelineManager.java:initializePipelineState(132)) - No pipeline exists in current db
2019-10-01 18:08:45,113 [main] WARN  server.ServerUtils (ServerUtils.java:getScmDbDir(145)) - ozone.scm.db.dirs is not configured. We recommend adding this setting. Falling back to ozone.metadata.dirs instead.
2019-10-01 18:08:45,206 [main] WARN  events.EventQueue (EventQueue.java:fireEvent(183)) - No event handler registered for event TypedEvent{payloadType=SafeModeStatus, name='SafeModeStatus'}
2019-10-01 18:08:45,207 [main] INFO  ipc.CallQueueManager (CallQueueManager.java:<init>(84)) - Using callQueue: class java.util.concurrent.LinkedBlockingQueue, queueCapacity: 2000, scheduler: class org.apache.hadoop.ipc.DefaultRpcScheduler, ipcBackoff: false.
2019-10-01 18:08:45,208 [Socket Reader #1 for port 39616] INFO  ipc.Server (Server.java:run(1074)) - Starting Socket Reader #1 for port 39616
2019-10-01 18:08:45,210 [main] INFO  ipc.CallQueueManager (CallQueueManager.java:<init>(84)) - Using callQueue: class java.util.concurrent.LinkedBlockingQueue, queueCapacity: 2000, scheduler: class org.apache.hadoop.ipc.DefaultRpcScheduler, ipcBackoff: false.
2019-10-01 18:08:45,210 [Socket Reader #1 for port 37177] INFO  ipc.Server (Server.java:run(1074)) - Starting Socket Reader #1 for port 37177
2019-10-01 18:08:45,212 [main] INFO  ipc.CallQueueManager (CallQueueManager.java:<init>(84)) - Using callQueue: class java.util.concurrent.LinkedBlockingQueue, queueCapacity: 2000, scheduler: class org.apache.hadoop.ipc.DefaultRpcScheduler, ipcBackoff: false.
2019-10-01 18:08:45,213 [Socket Reader #1 for port 37057] INFO  ipc.Server (Server.java:run(1074)) - Starting Socket Reader #1 for port 37057
2019-10-01 18:08:45,216 [main] INFO  hdfs.DFSUtil (DFSUtil.java:httpServerTemplateForNNAndJN(1641)) - Starting Web-server for scm at: http://0.0.0.0:0
2019-10-01 18:08:45,218 [main] INFO  server.AuthenticationFilter (AuthenticationFilter.java:constructSecretProvider(240)) - Unable to initialize FileSignerSecretProvider, falling back to use random secrets.
2019-10-01 18:08:45,219 [main] WARN  http.HttpRequestLog (HttpRequestLog.java:getRequestLog(97)) - Jetty request log can only be enabled using Log4j
2019-10-01 18:08:45,221 [main] INFO  http.HttpServer2 (HttpServer2.java:addGlobalFilter(975)) - Added global filter 'safety' (class=org.apache.hadoop.http.HttpServer2$QuotingInputFilter)
2019-10-01 18:08:45,222 [main] INFO  http.HttpServer2 (HttpServer2.java:addFilter(948)) - Added filter static_user_filter (class=org.apache.hadoop.http.lib.StaticUserWebFilter$StaticUserFilter) to context scm
2019-10-01 18:08:45,222 [main] INFO  http.HttpServer2 (HttpServer2.java:addFilter(958)) - Added filter static_user_filter (class=org.apache.hadoop.http.lib.StaticUserWebFilter$StaticUserFilter) to context static
2019-10-01 18:08:45,223 [main] INFO  http.HttpServer2 (HttpServer2.java:addFilter(958)) - Added filter static_user_filter (class=org.apache.hadoop.http.lib.StaticUserWebFilter$StaticUserFilter) to context logs
2019-10-01 18:08:45,225 [main] INFO  server.StorageContainerManager (StorageContainerManager.java:start(770)) - StorageContainerLocationProtocol RPC server is listening at /0.0.0.0:37057
2019-10-01 18:08:45,228 [main] WARN  impl.MetricsConfig (MetricsConfig.java:loadFirst(134)) - Cannot locate configuration: tried hadoop-metrics2-storagecontainermanager.properties,hadoop-metrics2.properties
2019-10-01 18:08:45,229 [main] INFO  impl.MetricsSystemImpl (MetricsSystemImpl.java:startTimer(374)) - Scheduled Metric snapshot period at 10 second(s).
2019-10-01 18:08:45,229 [main] INFO  impl.MetricsSystemImpl (MetricsSystemImpl.java:start(191)) - StorageContainerManager metrics system started
2019-10-01 18:08:45,326 [main] WARN  impl.MetricsSystemImpl (MetricsSystemImpl.java:register(276)) - Sink prometheus already exists!
2019-10-01 18:08:45,386 [main] INFO  server.SCMClientProtocolServer (SCMClientProtocolServer.java:start(150)) - RPC server for Client  is listening at /0.0.0.0:37057
2019-10-01 18:08:45,387 [IPC Server Responder] INFO  ipc.Server (Server.java:run(1314)) - IPC Server Responder: starting
2019-10-01 18:08:45,387 [IPC Server listener on 37057] INFO  ipc.Server (Server.java:run(1153)) - IPC Server listener on 37057: starting
2019-10-01 18:08:45,391 [main] INFO  server.StorageContainerManager (StorageContainerManager.java:start(780)) - ScmBlockLocationProtocol RPC server is listening at /0.0.0.0:37177
2019-10-01 18:08:45,392 [main] INFO  server.SCMBlockProtocolServer (SCMBlockProtocolServer.java:start(146)) - RPC server for Block Protocol is listening at /0.0.0.0:37177
2019-10-01 18:08:45,392 [IPC Server Responder] INFO  ipc.Server (Server.java:run(1314)) - IPC Server Responder: starting
2019-10-01 18:08:45,392 [IPC Server listener on 37177] INFO  ipc.Server (Server.java:run(1153)) - IPC Server listener on 37177: starting
2019-10-01 18:08:45,395 [main] INFO  server.StorageContainerManager (StorageContainerManager.java:start(784)) - ScmDatanodeProtocl RPC server is listening at /0.0.0.0:39616
2019-10-01 18:08:45,395 [main] INFO  server.SCMDatanodeProtocolServer (SCMDatanodeProtocolServer.java:start(191)) - RPC server for DataNodes is listening at /0.0.0.0:39616
2019-10-01 18:08:45,396 [IPC Server Responder] INFO  ipc.Server (Server.java:run(1314)) - IPC Server Responder: starting
2019-10-01 18:08:45,396 [IPC Server listener on 39616] INFO  ipc.Server (Server.java:run(1153)) - IPC Server listener on 39616: starting
2019-10-01 18:08:45,399 [main] INFO  http.HttpServer2 (HttpServer2.java:bindListener(1191)) - Jetty bound to port 38558
2019-10-01 18:08:45,399 [main] INFO  server.Server (Server.java:doStart(351)) - jetty-9.3.25.v20180904, build timestamp: 2018-09-04T21:11:46Z, git hash: 3ce520221d0240229c862b122d2b06c12a625732
2019-10-01 18:08:45,401 [main] INFO  handler.ContextHandler (ContextHandler.java:doStart(781)) - Started o.e.j.s.ServletContextHandler@6222391a{/logs,file:///workdir/hadoop-ozone/integration-test/target/log,AVAILABLE}
2019-10-01 18:08:45,401 [main] INFO  handler.ContextHandler (ContextHandler.java:doStart(781)) - Started o.e.j.s.ServletContextHandler@d2708a7{/static,file:///workdir/hadoop-ozone/integration-test/target/test-classes/webapps/static,AVAILABLE}
2019-10-01 18:08:45,405 [main] INFO  handler.ContextHandler (ContextHandler.java:doStart(781)) - Started o.e.j.w.WebAppContext@2bec068b{/,file:///workdir/hadoop-ozone/integration-test/target/test-classes/webapps/scm/,AVAILABLE}{/scm}
2019-10-01 18:08:45,405 [main] INFO  server.AbstractConnector (AbstractConnector.java:doStart(278)) - Started ServerConnector@7d59e968{HTTP/1.1,[http/1.1]}{0.0.0.0:38558}
2019-10-01 18:08:45,406 [main] INFO  server.Server (Server.java:doStart(419)) - Started @589676ms
2019-10-01 18:08:45,406 [main] WARN  impl.MetricsSystemImpl (MetricsSystemImpl.java:register(276)) - Sink prometheus already exists!
2019-10-01 18:08:45,407 [main] INFO  server.BaseHttpServer (BaseHttpServer.java:updateConnectorAddress(215)) - HTTP server of SCM is listening at http://0.0.0.0:38558
2019-10-01 18:08:45,408 [main] WARN  server.ServerUtils (ServerUtils.java:getDBPath(222)) - ozone.om.db.dirs is not configured. We recommend adding this setting. Falling back to ozone.metadata.dirs instead.
2019-10-01 18:08:45,408 [org.apache.hadoop.util.JvmPauseMonitor$Monitor@581c9bb7] INFO  util.JvmPauseMonitor (JvmPauseMonitor.java:run(188)) - Starting JVM pause monitor
2019-10-01 18:08:45,434 [main] WARN  server.ServerUtils (ServerUtils.java:getDBPath(222)) - ozone.om.db.dirs is not configured. We recommend adding this setting. Falling back to ozone.metadata.dirs instead.
2019-10-01 18:08:45,434 [main] WARN  server.ServerUtils (ServerUtils.java:getDBPath(222)) - ozone.om.db.dirs is not configured. We recommend adding this setting. Falling back to ozone.metadata.dirs instead.
2019-10-01 18:08:45,435 [main] INFO  om.OzoneManager (OzoneManager.java:setOMNodeDetails(652)) - OM Service ID is not set. Setting it to the default ID: omServiceIdDefault
2019-10-01 18:08:45,435 [main] INFO  om.OzoneManager (OzoneManager.java:setOMNodeDetails(658)) - OM Node ID is not set. Setting it to the OmStorage's OmID: 3d6119b0-e8da-4c27-a05d-b8f74987cbe8
2019-10-01 18:08:45,435 [main] INFO  om.OzoneManager (OzoneManager.java:loadOMHAConfigs(609)) - Found matching OM address with OMServiceId: null, OMNodeId: null, RPC Address: localhost:0 and Ratis port: 9872
2019-10-01 18:08:45,442 [main] WARN  server.ServerUtils (ServerUtils.java:getDBPath(222)) - ozone.om.db.dirs is not configured. We recommend adding this setting. Falling back to ozone.metadata.dirs instead.
2019-10-01 18:08:45,443 [main] INFO  db.DBStoreBuilder (DBStoreBuilder.java:addTable(110)) - using custom profile for table: userTable
2019-10-01 18:08:45,443 [main] INFO  db.DBStoreBuilder (DBStoreBuilder.java:processTables(161)) - Using default column profile:DBProfile.DISK for Table:userTable
2019-10-01 18:08:45,443 [main] INFO  db.DBStoreBuilder (DBStoreBuilder.java:addTable(110)) - using custom profile for table: volumeTable
2019-10-01 18:08:45,443 [main] INFO  db.DBStoreBuilder (DBStoreBuilder.java:processTables(161)) - Using default column profile:DBProfile.DISK for Table:volumeTable
2019-10-01 18:08:45,444 [main] INFO  db.DBStoreBuilder (DBStoreBuilder.java:addTable(110)) - using custom profile for table: bucketTable
2019-10-01 18:08:45,444 [main] INFO  db.DBStoreBuilder (DBStoreBuilder.java:processTables(161)) - Using default column profile:DBProfile.DISK for Table:bucketTable
2019-10-01 18:08:45,444 [main] INFO  db.DBStoreBuilder (DBStoreBuilder.java:addTable(110)) - using custom profile for table: keyTable
2019-10-01 18:08:45,444 [main] INFO  db.DBStoreBuilder (DBStoreBuilder.java:processTables(161)) - Using default column profile:DBProfile.DISK for Table:keyTable
2019-10-01 18:08:45,444 [main] INFO  db.DBStoreBuilder (DBStoreBuilder.java:addTable(110)) - using custom profile for table: deletedTable
2019-10-01 18:08:45,444 [main] INFO  db.DBStoreBuilder (DBStoreBuilder.java:processTables(161)) - Using default column profile:DBProfile.DISK for Table:deletedTable
2019-10-01 18:08:45,445 [main] INFO  db.DBStoreBuilder (DBStoreBuilder.java:addTable(110)) - using custom profile for table: openKeyTable
2019-10-01 18:08:45,445 [main] INFO  db.DBStoreBuilder (DBStoreBuilder.java:processTables(161)) - Using default column profile:DBProfile.DISK for Table:openKeyTable
2019-10-01 18:08:45,445 [main] INFO  db.DBStoreBuilder (DBStoreBuilder.java:addTable(110)) - using custom profile for table: s3Table
2019-10-01 18:08:45,445 [main] INFO  db.DBStoreBuilder (DBStoreBuilder.java:processTables(161)) - Using default column profile:DBProfile.DISK for Table:s3Table
2019-10-01 18:08:45,445 [main] INFO  db.DBStoreBuilder (DBStoreBuilder.java:addTable(110)) - using custom profile for table: multipartInfoTable
2019-10-01 18:08:45,445 [main] INFO  db.DBStoreBuilder (DBStoreBuilder.java:processTables(161)) - Using default column profile:DBProfile.DISK for Table:multipartInfoTable
2019-10-01 18:08:45,445 [main] INFO  db.DBStoreBuilder (DBStoreBuilder.java:addTable(110)) - using custom profile for table: dTokenTable
2019-10-01 18:08:45,446 [main] INFO  db.DBStoreBuilder (DBStoreBuilder.java:processTables(161)) - Using default column profile:DBProfile.DISK for Table:dTokenTable
2019-10-01 18:08:45,446 [main] INFO  db.DBStoreBuilder (DBStoreBuilder.java:addTable(110)) - using custom profile for table: s3SecretTable
2019-10-01 18:08:45,446 [main] INFO  db.DBStoreBuilder (DBStoreBuilder.java:processTables(161)) - Using default column profile:DBProfile.DISK for Table:s3SecretTable
2019-10-01 18:08:45,446 [main] INFO  db.DBStoreBuilder (DBStoreBuilder.java:addTable(110)) - using custom profile for table: prefixTable
2019-10-01 18:08:45,446 [main] INFO  db.DBStoreBuilder (DBStoreBuilder.java:processTables(161)) - Using default column profile:DBProfile.DISK for Table:prefixTable
2019-10-01 18:08:45,446 [main] INFO  db.DBStoreBuilder (DBStoreBuilder.java:addTable(110)) - using custom profile for table: default
2019-10-01 18:08:45,447 [main] INFO  db.DBStoreBuilder (DBStoreBuilder.java:processTables(167)) - Using default column profile:DBProfile.DISK for Table:default
2019-10-01 18:08:45,447 [main] INFO  db.DBStoreBuilder (DBStoreBuilder.java:getDbProfile(198)) - Using default options. DBProfile.DISK
2019-10-01 18:08:46,077 [main] INFO  ipc.CallQueueManager (CallQueueManager.java:<init>(84)) - Using callQueue: class java.util.concurrent.LinkedBlockingQueue, queueCapacity: 2000, scheduler: class org.apache.hadoop.ipc.DefaultRpcScheduler, ipcBackoff: false.
2019-10-01 18:08:46,078 [Socket Reader #1 for port 34645] INFO  ipc.Server (Server.java:run(1074)) - Starting Socket Reader #1 for port 34645
2019-10-01 18:08:46,091 [main] INFO  om.OzoneManager (OzoneManager.java:start(1243)) - OzoneManager RPC server is listening at localhost/127.0.0.1:34645
2019-10-01 18:08:46,091 [main] INFO  impl.MetricsSystemImpl (MetricsSystemImpl.java:init(158)) - OzoneManager metrics system started (again)
2019-10-01 18:08:46,092 [IPC Server Responder] INFO  ipc.Server (Server.java:run(1314)) - IPC Server Responder: starting
2019-10-01 18:08:46,092 [IPC Server listener on 34645] INFO  ipc.Server (Server.java:run(1153)) - IPC Server listener on 34645: starting
2019-10-01 18:08:46,099 [main] INFO  hdfs.DFSUtil (DFSUtil.java:httpServerTemplateForNNAndJN(1641)) - Starting Web-server for ozoneManager at: http://0.0.0.0:0
2019-10-01 18:08:46,101 [main] INFO  server.AuthenticationFilter (AuthenticationFilter.java:constructSecretProvider(240)) - Unable to initialize FileSignerSecretProvider, falling back to use random secrets.
2019-10-01 18:08:46,101 [main] WARN  http.HttpRequestLog (HttpRequestLog.java:getRequestLog(97)) - Jetty request log can only be enabled using Log4j
2019-10-01 18:08:46,103 [main] INFO  http.HttpServer2 (HttpServer2.java:addGlobalFilter(975)) - Added global filter 'safety' (class=org.apache.hadoop.http.HttpServer2$QuotingInputFilter)
2019-10-01 18:08:46,104 [main] INFO  http.HttpServer2 (HttpServer2.java:addFilter(948)) - Added filter static_user_filter (class=org.apache.hadoop.http.lib.StaticUserWebFilter$StaticUserFilter) to context ozoneManager
2019-10-01 18:08:46,104 [main] INFO  http.HttpServer2 (HttpServer2.java:addFilter(958)) - Added filter static_user_filter (class=org.apache.hadoop.http.lib.StaticUserWebFilter$StaticUserFilter) to context static
2019-10-01 18:08:46,105 [main] INFO  http.HttpServer2 (HttpServer2.java:addFilter(958)) - Added filter static_user_filter (class=org.apache.hadoop.http.lib.StaticUserWebFilter$StaticUserFilter) to context logs
2019-10-01 18:08:46,105 [main] INFO  http.HttpServer2 (HttpServer2.java:bindListener(1191)) - Jetty bound to port 40951
2019-10-01 18:08:46,106 [main] INFO  server.Server (Server.java:doStart(351)) - jetty-9.3.25.v20180904, build timestamp: 2018-09-04T21:11:46Z, git hash: 3ce520221d0240229c862b122d2b06c12a625732
2019-10-01 18:08:46,108 [main] INFO  handler.ContextHandler (ContextHandler.java:doStart(781)) - Started o.e.j.s.ServletContextHandler@32ae8f27{/logs,file:///workdir/hadoop-ozone/integration-test/target/log,AVAILABLE}
2019-10-01 18:08:46,108 [main] INFO  handler.ContextHandler (ContextHandler.java:doStart(781)) - Started o.e.j.s.ServletContextHandler@5b8853{/static,file:///workdir/hadoop-ozone/integration-test/target/test-classes/webapps/static,AVAILABLE}
2019-10-01 18:08:46,113 [main] INFO  handler.ContextHandler (ContextHandler.java:doStart(781)) - Started o.e.j.w.WebAppContext@7a606260{/,file:///workdir/hadoop-ozone/integration-test/target/test-classes/webapps/ozoneManager/,AVAILABLE}{/ozoneManager}
2019-10-01 18:08:46,113 [main] INFO  server.AbstractConnector (AbstractConnector.java:doStart(278)) - Started ServerConnector@5dbab232{HTTP/1.1,[http/1.1]}{0.0.0.0:40951}
2019-10-01 18:08:46,115 [main] INFO  server.Server (Server.java:doStart(419)) - Started @590385ms
2019-10-01 18:08:46,115 [main] WARN  impl.MetricsSystemImpl (MetricsSystemImpl.java:register(276)) - Sink prometheus already exists!
2019-10-01 18:08:46,116 [main] INFO  server.BaseHttpServer (BaseHttpServer.java:updateConnectorAddress(215)) - HTTP server of OZONEMANAGER is listening at http://0.0.0.0:40951
2019-10-01 18:08:46,135 [main] INFO  impl.MetricsSystemImpl (MetricsSystemImpl.java:init(158)) - HddsDatanode metrics system started (again)
2019-10-01 18:08:46,140 [main] INFO  ozone.HddsDatanodeService (HddsDatanodeService.java:start(184)) - HddsDatanodeService host:pr-hdds-2201-hlsf2-3428063209 ip:192.168.164.205
2019-10-01 18:08:46,147 [main] INFO  volume.HddsVolume (HddsVolume.java:<init>(176)) - Creating Volume: /workdir/hadoop-ozone/integration-test/target/test-dir/MiniOzoneClusterImpl-2ef0d120-1a14-4960-b5d7-28cf9da586f6/datanode-0/data/containers/hdds of  storage type : DISK and capacity : 1482555576320
2019-10-01 18:08:46,147 [main] INFO  volume.VolumeSet (VolumeSet.java:initializeVolumeSet(170)) - Added Volume : /workdir/hadoop-ozone/integration-test/target/test-dir/MiniOzoneClusterImpl-2ef0d120-1a14-4960-b5d7-28cf9da586f6/datanode-0/data/containers/hdds to VolumeSet
2019-10-01 18:08:46,148 [main] INFO  volume.ThrottledAsyncChecker (ThrottledAsyncChecker.java:schedule(139)) - Scheduling a check for org.apache.hadoop.ozone.container.common.volume.HddsVolume@44dfdd58
2019-10-01 18:08:46,149 [main] INFO  volume.HddsVolumeChecker (HddsVolumeChecker.java:checkAllVolumes(202)) - Scheduled health check for volume org.apache.hadoop.ozone.container.common.volume.HddsVolume@44dfdd58
2019-10-01 18:08:46,165 [main] INFO  impl.RaftServerProxy (ConfUtils.java:logGet(43)) - raft.rpc.type = GRPC (default)
2019-10-01 18:08:46,165 [main] INFO  grpc.GrpcFactory (GrpcFactory.java:checkPooledByteBufAllocatorUseCacheForAllThreads(45)) - PERFORMANCE WARNING: useCacheForAllThreads is true that may cause Netty to create a lot garbage objects and, as a result, trigger GC.
	It is recommended to disable useCacheForAllThreads by setting -Dorg.apache.ratis.thirdparty.io.netty.allocator.useCacheForAllThreads=false in command line.
2019-10-01 18:08:46,165 [main] INFO  grpc.GrpcConfigKeys$Server (ConfUtils.java:logGet(43)) - raft.grpc.server.port = 0 (default)
2019-10-01 18:08:46,166 [main] INFO  server.GrpcService (ConfUtils.java:logGet(43)) - raft.grpc.message.size.max = 33570816 (custom)
2019-10-01 18:08:46,166 [main] INFO  server.RaftServerConfigKeys (ConfUtils.java:logGet(43)) - raft.server.log.appender.buffer.byte-limit = 33554432 (custom)
2019-10-01 18:08:46,166 [main] INFO  server.GrpcService (ConfUtils.java:logGet(43)) - raft.grpc.flow.control.window = 1MB (=1048576) (default)
2019-10-01 18:08:46,166 [main] INFO  server.RaftServerConfigKeys (ConfUtils.java:logGet(43)) - raft.server.rpc.request.timeout = 3000ms (default)
2019-10-01 18:08:46,167 [main] INFO  server.RaftServerConfigKeys (ConfUtils.java:logGet(43)) - raft.server.storage.dir = [/workdir/hadoop-ozone/integration-test/target/test-dir/MiniOzoneClusterImpl-2ef0d120-1a14-4960-b5d7-28cf9da586f6/datanode-0/data/ratis] (custom)
2019-10-01 18:08:46,169 [main] INFO  hdfs.DFSUtil (DFSUtil.java:httpServerTemplateForNNAndJN(1641)) - Starting Web-server for hddsDatanode at: http://0.0.0.0:0
2019-10-01 18:08:46,171 [main] INFO  server.AuthenticationFilter (AuthenticationFilter.java:constructSecretProvider(240)) - Unable to initialize FileSignerSecretProvider, falling back to use random secrets.
2019-10-01 18:08:46,171 [main] WARN  http.HttpRequestLog (HttpRequestLog.java:getRequestLog(97)) - Jetty request log can only be enabled using Log4j
2019-10-01 18:08:46,172 [main] INFO  http.HttpServer2 (HttpServer2.java:addGlobalFilter(975)) - Added global filter 'safety' (class=org.apache.hadoop.http.HttpServer2$QuotingInputFilter)
2019-10-01 18:08:46,173 [main] INFO  http.HttpServer2 (HttpServer2.java:addFilter(948)) - Added filter static_user_filter (class=org.apache.hadoop.http.lib.StaticUserWebFilter$StaticUserFilter) to context hddsDatanode
2019-10-01 18:08:46,173 [main] INFO  http.HttpServer2 (HttpServer2.java:addFilter(958)) - Added filter static_user_filter (class=org.apache.hadoop.http.lib.StaticUserWebFilter$StaticUserFilter) to context static
2019-10-01 18:08:46,173 [main] INFO  http.HttpServer2 (HttpServer2.java:addFilter(958)) - Added filter static_user_filter (class=org.apache.hadoop.http.lib.StaticUserWebFilter$StaticUserFilter) to context logs
2019-10-01 18:08:46,174 [main] INFO  http.HttpServer2 (HttpServer2.java:bindListener(1191)) - Jetty bound to port 42356
2019-10-01 18:08:46,174 [main] INFO  server.Server (Server.java:doStart(351)) - jetty-9.3.25.v20180904, build timestamp: 2018-09-04T21:11:46Z, git hash: 3ce520221d0240229c862b122d2b06c12a625732
2019-10-01 18:08:46,175 [main] INFO  handler.ContextHandler (ContextHandler.java:doStart(781)) - Started o.e.j.s.ServletContextHandler@743c3520{/logs,file:///workdir/hadoop-ozone/integration-test/target/log,AVAILABLE}
2019-10-01 18:08:46,176 [main] INFO  handler.ContextHandler (ContextHandler.java:doStart(781)) - Started o.e.j.s.ServletContextHandler@234cd86c{/static,jar:file:/home/user/.m2/repository/org/apache/hadoop/hadoop-hdds-container-service/0.5.0-SNAPSHOT/hadoop-hdds-container-service-0.5.0-SNAPSHOT.jar!/webapps/static,AVAILABLE}
2019-10-01 18:08:46,206 [main] INFO  handler.ContextHandler (ContextHandler.java:doStart(781)) - Started o.e.j.w.WebAppContext@55296b50{/,file:///tmp/jetty-0.0.0.0-42356-hddsDatanode-_-any-3270989100418568500.dir/webapp/,AVAILABLE}{/hddsDatanode}
2019-10-01 18:08:46,206 [main] INFO  server.AbstractConnector (AbstractConnector.java:doStart(278)) - Started ServerConnector@60591e1b{HTTP/1.1,[http/1.1]}{0.0.0.0:42356}
2019-10-01 18:08:46,208 [main] INFO  server.Server (Server.java:doStart(419)) - Started @590478ms
2019-10-01 18:08:46,208 [main] WARN  impl.MetricsSystemImpl (MetricsSystemImpl.java:register(276)) - Sink prometheus already exists!
2019-10-01 18:08:46,209 [main] INFO  server.BaseHttpServer (BaseHttpServer.java:updateConnectorAddress(215)) - HTTP server of HDDSDATANODE is listening at http://0.0.0.0:42356
2019-10-01 18:08:46,209 [main] INFO  impl.MetricsSystemImpl (MetricsSystemImpl.java:init(158)) - HddsDatanode metrics system started (again)
2019-10-01 18:08:46,213 [main] INFO  ozone.HddsDatanodeService (HddsDatanodeService.java:start(184)) - HddsDatanodeService host:pr-hdds-2201-hlsf2-3428063209 ip:192.168.164.205
2019-10-01 18:08:46,213 [org.apache.hadoop.util.JvmPauseMonitor$Monitor@5c11b475] INFO  util.JvmPauseMonitor (JvmPauseMonitor.java:run(188)) - Starting JVM pause monitor
2019-10-01 18:08:46,215 [Datanode State Machine Thread - 0] INFO  datanode.InitDatanodeState (InitDatanodeState.java:persistContainerDatanodeDetails(140)) - DatanodeDetails is persisted to /workdir/hadoop-ozone/integration-test/target/test-dir/MiniOzoneClusterImpl-2ef0d120-1a14-4960-b5d7-28cf9da586f6/datanode-0/meta/datanode.id
2019-10-01 18:08:46,220 [main] INFO  volume.HddsVolume (HddsVolume.java:<init>(176)) - Creating Volume: /workdir/hadoop-ozone/integration-test/target/test-dir/MiniOzoneClusterImpl-2ef0d120-1a14-4960-b5d7-28cf9da586f6/datanode-1/data/containers/hdds of  storage type : DISK and capacity : 1482555576320
2019-10-01 18:08:46,220 [main] INFO  volume.VolumeSet (VolumeSet.java:initializeVolumeSet(170)) - Added Volume : /workdir/hadoop-ozone/integration-test/target/test-dir/MiniOzoneClusterImpl-2ef0d120-1a14-4960-b5d7-28cf9da586f6/datanode-1/data/containers/hdds to VolumeSet
2019-10-01 18:08:46,221 [main] INFO  volume.ThrottledAsyncChecker (ThrottledAsyncChecker.java:schedule(139)) - Scheduling a check for org.apache.hadoop.ozone.container.common.volume.HddsVolume@27898e13
2019-10-01 18:08:46,221 [main] INFO  volume.HddsVolumeChecker (HddsVolumeChecker.java:checkAllVolumes(202)) - Scheduled health check for volume org.apache.hadoop.ozone.container.common.volume.HddsVolume@27898e13
2019-10-01 18:08:46,233 [main] INFO  impl.RaftServerProxy (ConfUtils.java:logGet(43)) - raft.rpc.type = GRPC (default)
2019-10-01 18:08:46,233 [main] INFO  grpc.GrpcFactory (GrpcFactory.java:checkPooledByteBufAllocatorUseCacheForAllThreads(45)) - PERFORMANCE WARNING: useCacheForAllThreads is true that may cause Netty to create a lot garbage objects and, as a result, trigger GC.
	It is recommended to disable useCacheForAllThreads by setting -Dorg.apache.ratis.thirdparty.io.netty.allocator.useCacheForAllThreads=false in command line.
2019-10-01 18:08:46,233 [main] INFO  grpc.GrpcConfigKeys$Server (ConfUtils.java:logGet(43)) - raft.grpc.server.port = 0 (default)
2019-10-01 18:08:46,233 [main] INFO  server.GrpcService (ConfUtils.java:logGet(43)) - raft.grpc.message.size.max = 33570816 (custom)
2019-10-01 18:08:46,234 [main] INFO  server.RaftServerConfigKeys (ConfUtils.java:logGet(43)) - raft.server.log.appender.buffer.byte-limit = 33554432 (custom)
2019-10-01 18:08:46,234 [main] INFO  server.GrpcService (ConfUtils.java:logGet(43)) - raft.grpc.flow.control.window = 1MB (=1048576) (default)
2019-10-01 18:08:46,234 [main] INFO  server.RaftServerConfigKeys (ConfUtils.java:logGet(43)) - raft.server.rpc.request.timeout = 3000ms (default)
2019-10-01 18:08:46,234 [main] INFO  server.RaftServerConfigKeys (ConfUtils.java:logGet(43)) - raft.server.storage.dir = [/workdir/hadoop-ozone/integration-test/target/test-dir/MiniOzoneClusterImpl-2ef0d120-1a14-4960-b5d7-28cf9da586f6/datanode-1/data/ratis] (custom)
2019-10-01 18:08:46,235 [main] INFO  hdfs.DFSUtil (DFSUtil.java:httpServerTemplateForNNAndJN(1641)) - Starting Web-server for hddsDatanode at: http://0.0.0.0:0
2019-10-01 18:08:46,236 [main] INFO  server.AuthenticationFilter (AuthenticationFilter.java:constructSecretProvider(240)) - Unable to initialize FileSignerSecretProvider, falling back to use random secrets.
2019-10-01 18:08:46,237 [main] WARN  http.HttpRequestLog (HttpRequestLog.java:getRequestLog(97)) - Jetty request log can only be enabled using Log4j
2019-10-01 18:08:46,238 [main] INFO  http.HttpServer2 (HttpServer2.java:addGlobalFilter(975)) - Added global filter 'safety' (class=org.apache.hadoop.http.HttpServer2$QuotingInputFilter)
2019-10-01 18:08:46,238 [main] INFO  http.HttpServer2 (HttpServer2.java:addFilter(948)) - Added filter static_user_filter (class=org.apache.hadoop.http.lib.StaticUserWebFilter$StaticUserFilter) to context hddsDatanode
2019-10-01 18:08:46,238 [main] INFO  http.HttpServer2 (HttpServer2.java:addFilter(958)) - Added filter static_user_filter (class=org.apache.hadoop.http.lib.StaticUserWebFilter$StaticUserFilter) to context logs
2019-10-01 18:08:46,238 [main] INFO  http.HttpServer2 (HttpServer2.java:addFilter(958)) - Added filter static_user_filter (class=org.apache.hadoop.http.lib.StaticUserWebFilter$StaticUserFilter) to context static
2019-10-01 18:08:46,239 [main] INFO  http.HttpServer2 (HttpServer2.java:bindListener(1191)) - Jetty bound to port 43181
2019-10-01 18:08:46,239 [main] INFO  server.Server (Server.java:doStart(351)) - jetty-9.3.25.v20180904, build timestamp: 2018-09-04T21:11:46Z, git hash: 3ce520221d0240229c862b122d2b06c12a625732
2019-10-01 18:08:46,240 [main] INFO  handler.ContextHandler (ContextHandler.java:doStart(781)) - Started o.e.j.s.ServletContextHandler@4a31ed12{/logs,file:///workdir/hadoop-ozone/integration-test/target/log,AVAILABLE}
2019-10-01 18:08:46,241 [main] INFO  handler.ContextHandler (ContextHandler.java:doStart(781)) - Started o.e.j.s.ServletContextHandler@2365ea38{/static,jar:file:/home/user/.m2/repository/org/apache/hadoop/hadoop-hdds-container-service/0.5.0-SNAPSHOT/hadoop-hdds-container-service-0.5.0-SNAPSHOT.jar!/webapps/static,AVAILABLE}
2019-10-01 18:08:46,267 [main] INFO  handler.ContextHandler (ContextHandler.java:doStart(781)) - Started o.e.j.w.WebAppContext@703e8050{/,file:///tmp/jetty-0.0.0.0-43181-hddsDatanode-_-any-5464630975034506539.dir/webapp/,AVAILABLE}{/hddsDatanode}
2019-10-01 18:08:46,267 [main] INFO  server.AbstractConnector (AbstractConnector.java:doStart(278)) - Started ServerConnector@49c1e294{HTTP/1.1,[http/1.1]}{0.0.0.0:43181}
2019-10-01 18:08:46,267 [main] INFO  server.Server (Server.java:doStart(419)) - Started @590537ms
2019-10-01 18:08:46,269 [main] WARN  impl.MetricsSystemImpl (MetricsSystemImpl.java:register(276)) - Sink prometheus already exists!
2019-10-01 18:08:46,270 [main] INFO  server.BaseHttpServer (BaseHttpServer.java:updateConnectorAddress(215)) - HTTP server of HDDSDATANODE is listening at http://0.0.0.0:43181
2019-10-01 18:08:46,270 [main] INFO  impl.MetricsSystemImpl (MetricsSystemImpl.java:init(158)) - HddsDatanode metrics system started (again)
2019-10-01 18:08:46,274 [org.apache.hadoop.util.JvmPauseMonitor$Monitor@2cb60349] INFO  util.JvmPauseMonitor (JvmPauseMonitor.java:run(188)) - Starting JVM pause monitor
2019-10-01 18:08:46,274 [main] INFO  ozone.HddsDatanodeService (HddsDatanodeService.java:start(184)) - HddsDatanodeService host:pr-hdds-2201-hlsf2-3428063209 ip:192.168.164.205
2019-10-01 18:08:46,275 [Datanode State Machine Thread - 0] INFO  datanode.InitDatanodeState (InitDatanodeState.java:persistContainerDatanodeDetails(140)) - DatanodeDetails is persisted to /workdir/hadoop-ozone/integration-test/target/test-dir/MiniOzoneClusterImpl-2ef0d120-1a14-4960-b5d7-28cf9da586f6/datanode-1/meta/datanode.id
2019-10-01 18:08:46,281 [main] INFO  volume.HddsVolume (HddsVolume.java:<init>(176)) - Creating Volume: /workdir/hadoop-ozone/integration-test/target/test-dir/MiniOzoneClusterImpl-2ef0d120-1a14-4960-b5d7-28cf9da586f6/datanode-2/data/containers/hdds of  storage type : DISK and capacity : 1482555576320
2019-10-01 18:08:46,281 [main] INFO  volume.VolumeSet (VolumeSet.java:initializeVolumeSet(170)) - Added Volume : /workdir/hadoop-ozone/integration-test/target/test-dir/MiniOzoneClusterImpl-2ef0d120-1a14-4960-b5d7-28cf9da586f6/datanode-2/data/containers/hdds to VolumeSet
2019-10-01 18:08:46,281 [main] INFO  volume.ThrottledAsyncChecker (ThrottledAsyncChecker.java:schedule(139)) - Scheduling a check for org.apache.hadoop.ozone.container.common.volume.HddsVolume@3a40bb52
2019-10-01 18:08:46,282 [main] INFO  volume.HddsVolumeChecker (HddsVolumeChecker.java:checkAllVolumes(202)) - Scheduled health check for volume org.apache.hadoop.ozone.container.common.volume.HddsVolume@3a40bb52
2019-10-01 18:08:46,296 [main] INFO  impl.RaftServerProxy (ConfUtils.java:logGet(43)) - raft.rpc.type = GRPC (default)
2019-10-01 18:08:46,296 [main] INFO  grpc.GrpcFactory (GrpcFactory.java:checkPooledByteBufAllocatorUseCacheForAllThreads(45)) - PERFORMANCE WARNING: useCacheForAllThreads is true that may cause Netty to create a lot garbage objects and, as a result, trigger GC.
	It is recommended to disable useCacheForAllThreads by setting -Dorg.apache.ratis.thirdparty.io.netty.allocator.useCacheForAllThreads=false in command line.
2019-10-01 18:08:46,296 [main] INFO  grpc.GrpcConfigKeys$Server (ConfUtils.java:logGet(43)) - raft.grpc.server.port = 0 (default)
2019-10-01 18:08:46,296 [main] INFO  server.GrpcService (ConfUtils.java:logGet(43)) - raft.grpc.message.size.max = 33570816 (custom)
2019-10-01 18:08:46,296 [main] INFO  server.RaftServerConfigKeys (ConfUtils.java:logGet(43)) - raft.server.log.appender.buffer.byte-limit = 33554432 (custom)
2019-10-01 18:08:46,297 [main] INFO  server.GrpcService (ConfUtils.java:logGet(43)) - raft.grpc.flow.control.window = 1MB (=1048576) (default)
2019-10-01 18:08:46,297 [main] INFO  server.RaftServerConfigKeys (ConfUtils.java:logGet(43)) - raft.server.rpc.request.timeout = 3000ms (default)
2019-10-01 18:08:46,297 [main] INFO  server.RaftServerConfigKeys (ConfUtils.java:logGet(43)) - raft.server.storage.dir = [/workdir/hadoop-ozone/integration-test/target/test-dir/MiniOzoneClusterImpl-2ef0d120-1a14-4960-b5d7-28cf9da586f6/datanode-2/data/ratis] (custom)
2019-10-01 18:08:46,298 [main] INFO  hdfs.DFSUtil (DFSUtil.java:httpServerTemplateForNNAndJN(1641)) - Starting Web-server for hddsDatanode at: http://0.0.0.0:0
2019-10-01 18:08:46,299 [main] INFO  server.AuthenticationFilter (AuthenticationFilter.java:constructSecretProvider(240)) - Unable to initialize FileSignerSecretProvider, falling back to use random secrets.
2019-10-01 18:08:46,300 [main] WARN  http.HttpRequestLog (HttpRequestLog.java:getRequestLog(97)) - Jetty request log can only be enabled using Log4j
2019-10-01 18:08:46,301 [main] INFO  http.HttpServer2 (HttpServer2.java:addGlobalFilter(975)) - Added global filter 'safety' (class=org.apache.hadoop.http.HttpServer2$QuotingInputFilter)
2019-10-01 18:08:46,301 [main] INFO  http.HttpServer2 (HttpServer2.java:addFilter(948)) - Added filter static_user_filter (class=org.apache.hadoop.http.lib.StaticUserWebFilter$StaticUserFilter) to context hddsDatanode
2019-10-01 18:08:46,301 [main] INFO  http.HttpServer2 (HttpServer2.java:addFilter(958)) - Added filter static_user_filter (class=org.apache.hadoop.http.lib.StaticUserWebFilter$StaticUserFilter) to context logs
2019-10-01 18:08:46,301 [main] INFO  http.HttpServer2 (HttpServer2.java:addFilter(958)) - Added filter static_user_filter (class=org.apache.hadoop.http.lib.StaticUserWebFilter$StaticUserFilter) to context static
2019-10-01 18:08:46,302 [main] INFO  http.HttpServer2 (HttpServer2.java:bindListener(1191)) - Jetty bound to port 46255
2019-10-01 18:08:46,302 [main] INFO  server.Server (Server.java:doStart(351)) - jetty-9.3.25.v20180904, build timestamp: 2018-09-04T21:11:46Z, git hash: 3ce520221d0240229c862b122d2b06c12a625732
2019-10-01 18:08:46,303 [main] INFO  handler.ContextHandler (ContextHandler.java:doStart(781)) - Started o.e.j.s.ServletContextHandler@561f9d92{/logs,file:///workdir/hadoop-ozone/integration-test/target/log,AVAILABLE}
2019-10-01 18:08:46,303 [main] INFO  handler.ContextHandler (ContextHandler.java:doStart(781)) - Started o.e.j.s.ServletContextHandler@7ceb6c45{/static,jar:file:/home/user/.m2/repository/org/apache/hadoop/hadoop-hdds-container-service/0.5.0-SNAPSHOT/hadoop-hdds-container-service-0.5.0-SNAPSHOT.jar!/webapps/static,AVAILABLE}
2019-10-01 18:08:46,337 [main] INFO  handler.ContextHandler (ContextHandler.java:doStart(781)) - Started o.e.j.w.WebAppContext@2017f6e6{/,file:///tmp/jetty-0.0.0.0-46255-hddsDatanode-_-any-8855683833679623745.dir/webapp/,AVAILABLE}{/hddsDatanode}
2019-10-01 18:08:46,338 [main] INFO  server.AbstractConnector (AbstractConnector.java:doStart(278)) - Started ServerConnector@115c946b{HTTP/1.1,[http/1.1]}{0.0.0.0:46255}
2019-10-01 18:08:46,340 [main] INFO  server.Server (Server.java:doStart(419)) - Started @590610ms
2019-10-01 18:08:46,340 [main] WARN  impl.MetricsSystemImpl (MetricsSystemImpl.java:register(276)) - Sink prometheus already exists!
2019-10-01 18:08:46,340 [main] INFO  server.BaseHttpServer (BaseHttpServer.java:updateConnectorAddress(215)) - HTTP server of HDDSDATANODE is listening at http://0.0.0.0:46255
2019-10-01 18:08:46,341 [main] INFO  impl.MetricsSystemImpl (MetricsSystemImpl.java:init(158)) - HddsDatanode metrics system started (again)
2019-10-01 18:08:46,346 [org.apache.hadoop.util.JvmPauseMonitor$Monitor@5c0e8633] INFO  util.JvmPauseMonitor (JvmPauseMonitor.java:run(188)) - Starting JVM pause monitor
2019-10-01 18:08:46,347 [main] INFO  ozone.HddsDatanodeService (HddsDatanodeService.java:start(184)) - HddsDatanodeService host:pr-hdds-2201-hlsf2-3428063209 ip:192.168.164.205
2019-10-01 18:08:46,347 [Datanode State Machine Thread - 0] INFO  datanode.InitDatanodeState (InitDatanodeState.java:persistContainerDatanodeDetails(140)) - DatanodeDetails is persisted to /workdir/hadoop-ozone/integration-test/target/test-dir/MiniOzoneClusterImpl-2ef0d120-1a14-4960-b5d7-28cf9da586f6/datanode-2/meta/datanode.id
2019-10-01 18:08:46,353 [main] INFO  volume.HddsVolume (HddsVolume.java:<init>(176)) - Creating Volume: /workdir/hadoop-ozone/integration-test/target/test-dir/MiniOzoneClusterImpl-2ef0d120-1a14-4960-b5d7-28cf9da586f6/datanode-3/data/containers/hdds of  storage type : DISK and capacity : 1482555576320
2019-10-01 18:08:46,360 [main] INFO  volume.VolumeSet (VolumeSet.java:initializeVolumeSet(170)) - Added Volume : /workdir/hadoop-ozone/integration-test/target/test-dir/MiniOzoneClusterImpl-2ef0d120-1a14-4960-b5d7-28cf9da586f6/datanode-3/data/containers/hdds to VolumeSet
2019-10-01 18:08:46,360 [main] INFO  volume.ThrottledAsyncChecker (ThrottledAsyncChecker.java:schedule(139)) - Scheduling a check for org.apache.hadoop.ozone.container.common.volume.HddsVolume@2c8b8de0
2019-10-01 18:08:46,361 [main] INFO  volume.HddsVolumeChecker (HddsVolumeChecker.java:checkAllVolumes(202)) - Scheduled health check for volume org.apache.hadoop.ozone.container.common.volume.HddsVolume@2c8b8de0
2019-10-01 18:08:46,374 [main] INFO  impl.RaftServerProxy (ConfUtils.java:logGet(43)) - raft.rpc.type = GRPC (default)
2019-10-01 18:08:46,374 [main] INFO  grpc.GrpcFactory (GrpcFactory.java:checkPooledByteBufAllocatorUseCacheForAllThreads(45)) - PERFORMANCE WARNING: useCacheForAllThreads is true that may cause Netty to create a lot garbage objects and, as a result, trigger GC.
	It is recommended to disable useCacheForAllThreads by setting -Dorg.apache.ratis.thirdparty.io.netty.allocator.useCacheForAllThreads=false in command line.
2019-10-01 18:08:46,374 [main] INFO  grpc.GrpcConfigKeys$Server (ConfUtils.java:logGet(43)) - raft.grpc.server.port = 0 (default)
2019-10-01 18:08:46,374 [main] INFO  server.GrpcService (ConfUtils.java:logGet(43)) - raft.grpc.message.size.max = 33570816 (custom)
2019-10-01 18:08:46,375 [main] INFO  server.RaftServerConfigKeys (ConfUtils.java:logGet(43)) - raft.server.log.appender.buffer.byte-limit = 33554432 (custom)
2019-10-01 18:08:46,375 [main] INFO  server.GrpcService (ConfUtils.java:logGet(43)) - raft.grpc.flow.control.window = 1MB (=1048576) (default)
2019-10-01 18:08:46,375 [main] INFO  server.RaftServerConfigKeys (ConfUtils.java:logGet(43)) - raft.server.rpc.request.timeout = 3000ms (default)
2019-10-01 18:08:46,375 [main] INFO  server.RaftServerConfigKeys (ConfUtils.java:logGet(43)) - raft.server.storage.dir = [/workdir/hadoop-ozone/integration-test/target/test-dir/MiniOzoneClusterImpl-2ef0d120-1a14-4960-b5d7-28cf9da586f6/datanode-3/data/ratis] (custom)
2019-10-01 18:08:46,376 [main] INFO  hdfs.DFSUtil (DFSUtil.java:httpServerTemplateForNNAndJN(1641)) - Starting Web-server for hddsDatanode at: http://0.0.0.0:0
2019-10-01 18:08:46,377 [main] INFO  server.AuthenticationFilter (AuthenticationFilter.java:constructSecretProvider(240)) - Unable to initialize FileSignerSecretProvider, falling back to use random secrets.
2019-10-01 18:08:46,378 [main] WARN  http.HttpRequestLog (HttpRequestLog.java:getRequestLog(97)) - Jetty request log can only be enabled using Log4j
2019-10-01 18:08:46,379 [main] INFO  http.HttpServer2 (HttpServer2.java:addGlobalFilter(975)) - Added global filter 'safety' (class=org.apache.hadoop.http.HttpServer2$QuotingInputFilter)
2019-10-01 18:08:46,379 [main] INFO  http.HttpServer2 (HttpServer2.java:addFilter(948)) - Added filter static_user_filter (class=org.apache.hadoop.http.lib.StaticUserWebFilter$StaticUserFilter) to context hddsDatanode
2019-10-01 18:08:46,379 [main] INFO  http.HttpServer2 (HttpServer2.java:addFilter(958)) - Added filter static_user_filter (class=org.apache.hadoop.http.lib.StaticUserWebFilter$StaticUserFilter) to context static
2019-10-01 18:08:46,379 [main] INFO  http.HttpServer2 (HttpServer2.java:addFilter(958)) - Added filter static_user_filter (class=org.apache.hadoop.http.lib.StaticUserWebFilter$StaticUserFilter) to context logs
2019-10-01 18:08:46,380 [main] INFO  http.HttpServer2 (HttpServer2.java:bindListener(1191)) - Jetty bound to port 42349
2019-10-01 18:08:46,380 [main] INFO  server.Server (Server.java:doStart(351)) - jetty-9.3.25.v20180904, build timestamp: 2018-09-04T21:11:46Z, git hash: 3ce520221d0240229c862b122d2b06c12a625732
2019-10-01 18:08:46,381 [main] INFO  handler.ContextHandler (ContextHandler.java:doStart(781)) - Started o.e.j.s.ServletContextHandler@78116659{/logs,file:///workdir/hadoop-ozone/integration-test/target/log,AVAILABLE}
2019-10-01 18:08:46,382 [main] INFO  handler.ContextHandler (ContextHandler.java:doStart(781)) - Started o.e.j.s.ServletContextHandler@53ea380b{/static,jar:file:/home/user/.m2/repository/org/apache/hadoop/hadoop-hdds-container-service/0.5.0-SNAPSHOT/hadoop-hdds-container-service-0.5.0-SNAPSHOT.jar!/webapps/static,AVAILABLE}
2019-10-01 18:08:46,408 [main] INFO  handler.ContextHandler (ContextHandler.java:doStart(781)) - Started o.e.j.w.WebAppContext@56fda064{/,file:///tmp/jetty-0.0.0.0-42349-hddsDatanode-_-any-4862899776586241952.dir/webapp/,AVAILABLE}{/hddsDatanode}
2019-10-01 18:08:46,408 [main] INFO  server.AbstractConnector (AbstractConnector.java:doStart(278)) - Started ServerConnector@6cdee57{HTTP/1.1,[http/1.1]}{0.0.0.0:42349}
2019-10-01 18:08:46,410 [main] INFO  server.Server (Server.java:doStart(419)) - Started @590680ms
2019-10-01 18:08:46,410 [main] WARN  impl.MetricsSystemImpl (MetricsSystemImpl.java:register(276)) - Sink prometheus already exists!
2019-10-01 18:08:46,411 [main] INFO  server.BaseHttpServer (BaseHttpServer.java:updateConnectorAddress(215)) - HTTP server of HDDSDATANODE is listening at http://0.0.0.0:42349
2019-10-01 18:08:46,411 [main] INFO  impl.MetricsSystemImpl (MetricsSystemImpl.java:init(158)) - HddsDatanode metrics system started (again)
2019-10-01 18:08:46,416 [org.apache.hadoop.util.JvmPauseMonitor$Monitor@652f882] INFO  util.JvmPauseMonitor (JvmPauseMonitor.java:run(188)) - Starting JVM pause monitor
2019-10-01 18:08:46,416 [main] INFO  ozone.HddsDatanodeService (HddsDatanodeService.java:start(184)) - HddsDatanodeService host:pr-hdds-2201-hlsf2-3428063209 ip:192.168.164.205
2019-10-01 18:08:46,416 [Datanode State Machine Thread - 0] INFO  datanode.InitDatanodeState (InitDatanodeState.java:persistContainerDatanodeDetails(140)) - DatanodeDetails is persisted to /workdir/hadoop-ozone/integration-test/target/test-dir/MiniOzoneClusterImpl-2ef0d120-1a14-4960-b5d7-28cf9da586f6/datanode-3/meta/datanode.id
2019-10-01 18:08:46,422 [main] INFO  volume.HddsVolume (HddsVolume.java:<init>(176)) - Creating Volume: /workdir/hadoop-ozone/integration-test/target/test-dir/MiniOzoneClusterImpl-2ef0d120-1a14-4960-b5d7-28cf9da586f6/datanode-4/data/containers/hdds of  storage type : DISK and capacity : 1482555576320
2019-10-01 18:08:46,422 [main] INFO  volume.VolumeSet (VolumeSet.java:initializeVolumeSet(170)) - Added Volume : /workdir/hadoop-ozone/integration-test/target/test-dir/MiniOzoneClusterImpl-2ef0d120-1a14-4960-b5d7-28cf9da586f6/datanode-4/data/containers/hdds to VolumeSet
2019-10-01 18:08:46,423 [main] INFO  volume.ThrottledAsyncChecker (ThrottledAsyncChecker.java:schedule(139)) - Scheduling a check for org.apache.hadoop.ozone.container.common.volume.HddsVolume@27ab206
2019-10-01 18:08:46,423 [main] INFO  volume.HddsVolumeChecker (HddsVolumeChecker.java:checkAllVolumes(202)) - Scheduled health check for volume org.apache.hadoop.ozone.container.common.volume.HddsVolume@27ab206
2019-10-01 18:08:46,447 [main] INFO  impl.RaftServerProxy (ConfUtils.java:logGet(43)) - raft.rpc.type = GRPC (default)
2019-10-01 18:08:46,448 [main] INFO  grpc.GrpcFactory (GrpcFactory.java:checkPooledByteBufAllocatorUseCacheForAllThreads(45)) - PERFORMANCE WARNING: useCacheForAllThreads is true that may cause Netty to create a lot garbage objects and, as a result, trigger GC.
	It is recommended to disable useCacheForAllThreads by setting -Dorg.apache.ratis.thirdparty.io.netty.allocator.useCacheForAllThreads=false in command line.
2019-10-01 18:08:46,448 [main] INFO  grpc.GrpcConfigKeys$Server (ConfUtils.java:logGet(43)) - raft.grpc.server.port = 0 (default)
2019-10-01 18:08:46,448 [main] INFO  server.GrpcService (ConfUtils.java:logGet(43)) - raft.grpc.message.size.max = 33570816 (custom)
2019-10-01 18:08:46,448 [main] INFO  server.RaftServerConfigKeys (ConfUtils.java:logGet(43)) - raft.server.log.appender.buffer.byte-limit = 33554432 (custom)
2019-10-01 18:08:46,449 [main] INFO  server.GrpcService (ConfUtils.java:logGet(43)) - raft.grpc.flow.control.window = 1MB (=1048576) (default)
2019-10-01 18:08:46,449 [main] INFO  server.RaftServerConfigKeys (ConfUtils.java:logGet(43)) - raft.server.rpc.request.timeout = 3000ms (default)
2019-10-01 18:08:46,449 [main] INFO  server.RaftServerConfigKeys (ConfUtils.java:logGet(43)) - raft.server.storage.dir = [/workdir/hadoop-ozone/integration-test/target/test-dir/MiniOzoneClusterImpl-2ef0d120-1a14-4960-b5d7-28cf9da586f6/datanode-4/data/ratis] (custom)
2019-10-01 18:08:46,452 [main] INFO  hdfs.DFSUtil (DFSUtil.java:httpServerTemplateForNNAndJN(1641)) - Starting Web-server for hddsDatanode at: http://0.0.0.0:0
2019-10-01 18:08:46,454 [main] INFO  server.AuthenticationFilter (AuthenticationFilter.java:constructSecretProvider(240)) - Unable to initialize FileSignerSecretProvider, falling back to use random secrets.
2019-10-01 18:08:46,454 [main] WARN  http.HttpRequestLog (HttpRequestLog.java:getRequestLog(97)) - Jetty request log can only be enabled using Log4j
2019-10-01 18:08:46,455 [main] INFO  http.HttpServer2 (HttpServer2.java:addGlobalFilter(975)) - Added global filter 'safety' (class=org.apache.hadoop.http.HttpServer2$QuotingInputFilter)
2019-10-01 18:08:46,455 [main] INFO  http.HttpServer2 (HttpServer2.java:addFilter(948)) - Added filter static_user_filter (class=org.apache.hadoop.http.lib.StaticUserWebFilter$StaticUserFilter) to context hddsDatanode
2019-10-01 18:08:46,455 [main] INFO  http.HttpServer2 (HttpServer2.java:addFilter(958)) - Added filter static_user_filter (class=org.apache.hadoop.http.lib.StaticUserWebFilter$StaticUserFilter) to context static
2019-10-01 18:08:46,456 [main] INFO  http.HttpServer2 (HttpServer2.java:addFilter(958)) - Added filter static_user_filter (class=org.apache.hadoop.http.lib.StaticUserWebFilter$StaticUserFilter) to context logs
2019-10-01 18:08:46,456 [main] INFO  http.HttpServer2 (HttpServer2.java:bindListener(1191)) - Jetty bound to port 37386
2019-10-01 18:08:46,456 [main] INFO  server.Server (Server.java:doStart(351)) - jetty-9.3.25.v20180904, build timestamp: 2018-09-04T21:11:46Z, git hash: 3ce520221d0240229c862b122d2b06c12a625732
2019-10-01 18:08:46,457 [main] INFO  handler.ContextHandler (ContextHandler.java:doStart(781)) - Started o.e.j.s.ServletContextHandler@18a98913{/logs,file:///workdir/hadoop-ozone/integration-test/target/log,AVAILABLE}
2019-10-01 18:08:46,458 [main] INFO  handler.ContextHandler (ContextHandler.java:doStart(781)) - Started o.e.j.s.ServletContextHandler@34f7b44f{/static,jar:file:/home/user/.m2/repository/org/apache/hadoop/hadoop-hdds-container-service/0.5.0-SNAPSHOT/hadoop-hdds-container-service-0.5.0-SNAPSHOT.jar!/webapps/static,AVAILABLE}
2019-10-01 18:08:46,484 [main] INFO  handler.ContextHandler (ContextHandler.java:doStart(781)) - Started o.e.j.w.WebAppContext@2e0ad709{/,file:///tmp/jetty-0.0.0.0-37386-hddsDatanode-_-any-7822242045140536865.dir/webapp/,AVAILABLE}{/hddsDatanode}
2019-10-01 18:08:46,485 [main] INFO  server.AbstractConnector (AbstractConnector.java:doStart(278)) - Started ServerConnector@1fe8f5e8{HTTP/1.1,[http/1.1]}{0.0.0.0:37386}
2019-10-01 18:08:46,485 [main] INFO  server.Server (Server.java:doStart(419)) - Started @590755ms
2019-10-01 18:08:46,487 [main] WARN  impl.MetricsSystemImpl (MetricsSystemImpl.java:register(276)) - Sink prometheus already exists!
2019-10-01 18:08:46,487 [main] INFO  server.BaseHttpServer (BaseHttpServer.java:updateConnectorAddress(215)) - HTTP server of HDDSDATANODE is listening at http://0.0.0.0:37386
2019-10-01 18:08:46,488 [main] INFO  impl.MetricsSystemImpl (MetricsSystemImpl.java:init(158)) - HddsDatanode metrics system started (again)
2019-10-01 18:08:46,492 [org.apache.hadoop.util.JvmPauseMonitor$Monitor@59a6549b] INFO  util.JvmPauseMonitor (JvmPauseMonitor.java:run(188)) - Starting JVM pause monitor
2019-10-01 18:08:46,493 [main] INFO  ozone.HddsDatanodeService (HddsDatanodeService.java:start(184)) - HddsDatanodeService host:pr-hdds-2201-hlsf2-3428063209 ip:192.168.164.205
2019-10-01 18:08:46,494 [Datanode State Machine Thread - 0] INFO  datanode.InitDatanodeState (InitDatanodeState.java:persistContainerDatanodeDetails(140)) - DatanodeDetails is persisted to /workdir/hadoop-ozone/integration-test/target/test-dir/MiniOzoneClusterImpl-2ef0d120-1a14-4960-b5d7-28cf9da586f6/datanode-4/meta/datanode.id
2019-10-01 18:08:46,500 [main] INFO  volume.HddsVolume (HddsVolume.java:<init>(176)) - Creating Volume: /workdir/hadoop-ozone/integration-test/target/test-dir/MiniOzoneClusterImpl-2ef0d120-1a14-4960-b5d7-28cf9da586f6/datanode-5/data/containers/hdds of  storage type : DISK and capacity : 1482555576320
2019-10-01 18:08:46,500 [main] INFO  volume.VolumeSet (VolumeSet.java:initializeVolumeSet(170)) - Added Volume : /workdir/hadoop-ozone/integration-test/target/test-dir/MiniOzoneClusterImpl-2ef0d120-1a14-4960-b5d7-28cf9da586f6/datanode-5/data/containers/hdds to VolumeSet
2019-10-01 18:08:46,500 [main] INFO  volume.ThrottledAsyncChecker (ThrottledAsyncChecker.java:schedule(139)) - Scheduling a check for org.apache.hadoop.ozone.container.common.volume.HddsVolume@54ccb3
2019-10-01 18:08:46,500 [main] INFO  volume.HddsVolumeChecker (HddsVolumeChecker.java:checkAllVolumes(202)) - Scheduled health check for volume org.apache.hadoop.ozone.container.common.volume.HddsVolume@54ccb3
2019-10-01 18:08:46,512 [main] INFO  impl.RaftServerProxy (ConfUtils.java:logGet(43)) - raft.rpc.type = GRPC (default)
2019-10-01 18:08:46,513 [main] INFO  grpc.GrpcFactory (GrpcFactory.java:checkPooledByteBufAllocatorUseCacheForAllThreads(45)) - PERFORMANCE WARNING: useCacheForAllThreads is true that may cause Netty to create a lot garbage objects and, as a result, trigger GC.
	It is recommended to disable useCacheForAllThreads by setting -Dorg.apache.ratis.thirdparty.io.netty.allocator.useCacheForAllThreads=false in command line.
2019-10-01 18:08:46,513 [main] INFO  grpc.GrpcConfigKeys$Server (ConfUtils.java:logGet(43)) - raft.grpc.server.port = 0 (default)
2019-10-01 18:08:46,513 [main] INFO  server.GrpcService (ConfUtils.java:logGet(43)) - raft.grpc.message.size.max = 33570816 (custom)
2019-10-01 18:08:46,513 [main] INFO  server.RaftServerConfigKeys (ConfUtils.java:logGet(43)) - raft.server.log.appender.buffer.byte-limit = 33554432 (custom)
2019-10-01 18:08:46,513 [main] INFO  server.GrpcService (ConfUtils.java:logGet(43)) - raft.grpc.flow.control.window = 1MB (=1048576) (default)
2019-10-01 18:08:46,513 [main] INFO  server.RaftServerConfigKeys (ConfUtils.java:logGet(43)) - raft.server.rpc.request.timeout = 3000ms (default)
2019-10-01 18:08:46,514 [main] INFO  server.RaftServerConfigKeys (ConfUtils.java:logGet(43)) - raft.server.storage.dir = [/workdir/hadoop-ozone/integration-test/target/test-dir/MiniOzoneClusterImpl-2ef0d120-1a14-4960-b5d7-28cf9da586f6/datanode-5/data/ratis] (custom)
2019-10-01 18:08:46,515 [main] INFO  hdfs.DFSUtil (DFSUtil.java:httpServerTemplateForNNAndJN(1641)) - Starting Web-server for hddsDatanode at: http://0.0.0.0:0
2019-10-01 18:08:46,516 [main] INFO  server.AuthenticationFilter (AuthenticationFilter.java:constructSecretProvider(240)) - Unable to initialize FileSignerSecretProvider, falling back to use random secrets.
2019-10-01 18:08:46,516 [main] WARN  http.HttpRequestLog (HttpRequestLog.java:getRequestLog(97)) - Jetty request log can only be enabled using Log4j
2019-10-01 18:08:46,517 [main] INFO  http.HttpServer2 (HttpServer2.java:addGlobalFilter(975)) - Added global filter 'safety' (class=org.apache.hadoop.http.HttpServer2$QuotingInputFilter)
2019-10-01 18:08:46,518 [main] INFO  http.HttpServer2 (HttpServer2.java:addFilter(948)) - Added filter static_user_filter (class=org.apache.hadoop.http.lib.StaticUserWebFilter$StaticUserFilter) to context hddsDatanode
2019-10-01 18:08:46,518 [main] INFO  http.HttpServer2 (HttpServer2.java:addFilter(958)) - Added filter static_user_filter (class=org.apache.hadoop.http.lib.StaticUserWebFilter$StaticUserFilter) to context static
2019-10-01 18:08:46,518 [main] INFO  http.HttpServer2 (HttpServer2.java:addFilter(958)) - Added filter static_user_filter (class=org.apache.hadoop.http.lib.StaticUserWebFilter$StaticUserFilter) to context logs
2019-10-01 18:08:46,519 [main] INFO  http.HttpServer2 (HttpServer2.java:bindListener(1191)) - Jetty bound to port 46483
2019-10-01 18:08:46,519 [main] INFO  server.Server (Server.java:doStart(351)) - jetty-9.3.25.v20180904, build timestamp: 2018-09-04T21:11:46Z, git hash: 3ce520221d0240229c862b122d2b06c12a625732
2019-10-01 18:08:46,520 [main] INFO  handler.ContextHandler (ContextHandler.java:doStart(781)) - Started o.e.j.s.ServletContextHandler@4faf1f4{/logs,file:///workdir/hadoop-ozone/integration-test/target/log,AVAILABLE}
2019-10-01 18:08:46,520 [main] INFO  handler.ContextHandler (ContextHandler.java:doStart(781)) - Started o.e.j.s.ServletContextHandler@7f2b584b{/static,jar:file:/home/user/.m2/repository/org/apache/hadoop/hadoop-hdds-container-service/0.5.0-SNAPSHOT/hadoop-hdds-container-service-0.5.0-SNAPSHOT.jar!/webapps/static,AVAILABLE}
2019-10-01 18:08:46,554 [main] INFO  handler.ContextHandler (ContextHandler.java:doStart(781)) - Started o.e.j.w.WebAppContext@79cb8ffa{/,file:///tmp/jetty-0.0.0.0-46483-hddsDatanode-_-any-1675775039838639863.dir/webapp/,AVAILABLE}{/hddsDatanode}
2019-10-01 18:08:46,555 [main] INFO  server.AbstractConnector (AbstractConnector.java:doStart(278)) - Started ServerConnector@1a2e563e{HTTP/1.1,[http/1.1]}{0.0.0.0:46483}
2019-10-01 18:08:46,557 [main] INFO  server.Server (Server.java:doStart(419)) - Started @590827ms
2019-10-01 18:08:46,557 [main] WARN  impl.MetricsSystemImpl (MetricsSystemImpl.java:register(276)) - Sink prometheus already exists!
2019-10-01 18:08:46,557 [main] INFO  server.BaseHttpServer (BaseHttpServer.java:updateConnectorAddress(215)) - HTTP server of HDDSDATANODE is listening at http://0.0.0.0:46483
2019-10-01 18:08:46,558 [main] INFO  impl.MetricsSystemImpl (MetricsSystemImpl.java:init(158)) - HddsDatanode metrics system started (again)
2019-10-01 18:08:46,563 [org.apache.hadoop.util.JvmPauseMonitor$Monitor@3ba464f2] INFO  util.JvmPauseMonitor (JvmPauseMonitor.java:run(188)) - Starting JVM pause monitor
2019-10-01 18:08:46,563 [main] INFO  ozone.HddsDatanodeService (HddsDatanodeService.java:start(184)) - HddsDatanodeService host:pr-hdds-2201-hlsf2-3428063209 ip:192.168.164.205
2019-10-01 18:08:46,564 [Datanode State Machine Thread - 0] INFO  datanode.InitDatanodeState (InitDatanodeState.java:persistContainerDatanodeDetails(140)) - DatanodeDetails is persisted to /workdir/hadoop-ozone/integration-test/target/test-dir/MiniOzoneClusterImpl-2ef0d120-1a14-4960-b5d7-28cf9da586f6/datanode-5/meta/datanode.id
2019-10-01 18:08:46,570 [main] INFO  volume.HddsVolume (HddsVolume.java:<init>(176)) - Creating Volume: /workdir/hadoop-ozone/integration-test/target/test-dir/MiniOzoneClusterImpl-2ef0d120-1a14-4960-b5d7-28cf9da586f6/datanode-6/data/containers/hdds of  storage type : DISK and capacity : 1482555576320
2019-10-01 18:08:46,570 [main] INFO  volume.VolumeSet (VolumeSet.java:initializeVolumeSet(170)) - Added Volume : /workdir/hadoop-ozone/integration-test/target/test-dir/MiniOzoneClusterImpl-2ef0d120-1a14-4960-b5d7-28cf9da586f6/datanode-6/data/containers/hdds to VolumeSet
2019-10-01 18:08:46,571 [main] INFO  volume.ThrottledAsyncChecker (ThrottledAsyncChecker.java:schedule(139)) - Scheduling a check for org.apache.hadoop.ozone.container.common.volume.HddsVolume@aa1bb14
2019-10-01 18:08:46,571 [main] INFO  volume.HddsVolumeChecker (HddsVolumeChecker.java:checkAllVolumes(202)) - Scheduled health check for volume org.apache.hadoop.ozone.container.common.volume.HddsVolume@aa1bb14
2019-10-01 18:08:46,583 [main] INFO  impl.RaftServerProxy (ConfUtils.java:logGet(43)) - raft.rpc.type = GRPC (default)
2019-10-01 18:08:46,584 [main] INFO  grpc.GrpcFactory (GrpcFactory.java:checkPooledByteBufAllocatorUseCacheForAllThreads(45)) - PERFORMANCE WARNING: useCacheForAllThreads is true that may cause Netty to create a lot garbage objects and, as a result, trigger GC.
	It is recommended to disable useCacheForAllThreads by setting -Dorg.apache.ratis.thirdparty.io.netty.allocator.useCacheForAllThreads=false in command line.
2019-10-01 18:08:46,584 [main] INFO  grpc.GrpcConfigKeys$Server (ConfUtils.java:logGet(43)) - raft.grpc.server.port = 0 (default)
2019-10-01 18:08:46,584 [main] INFO  server.GrpcService (ConfUtils.java:logGet(43)) - raft.grpc.message.size.max = 33570816 (custom)
2019-10-01 18:08:46,584 [main] INFO  server.RaftServerConfigKeys (ConfUtils.java:logGet(43)) - raft.server.log.appender.buffer.byte-limit = 33554432 (custom)
2019-10-01 18:08:46,584 [main] INFO  server.GrpcService (ConfUtils.java:logGet(43)) - raft.grpc.flow.control.window = 1MB (=1048576) (default)
2019-10-01 18:08:46,584 [main] INFO  server.RaftServerConfigKeys (ConfUtils.java:logGet(43)) - raft.server.rpc.request.timeout = 3000ms (default)
2019-10-01 18:08:46,585 [main] INFO  server.RaftServerConfigKeys (ConfUtils.java:logGet(43)) - raft.server.storage.dir = [/workdir/hadoop-ozone/integration-test/target/test-dir/MiniOzoneClusterImpl-2ef0d120-1a14-4960-b5d7-28cf9da586f6/datanode-6/data/ratis] (custom)
2019-10-01 18:08:46,586 [main] INFO  hdfs.DFSUtil (DFSUtil.java:httpServerTemplateForNNAndJN(1641)) - Starting Web-server for hddsDatanode at: http://0.0.0.0:0
2019-10-01 18:08:46,587 [main] INFO  server.AuthenticationFilter (AuthenticationFilter.java:constructSecretProvider(240)) - Unable to initialize FileSignerSecretProvider, falling back to use random secrets.
2019-10-01 18:08:46,587 [main] WARN  http.HttpRequestLog (HttpRequestLog.java:getRequestLog(97)) - Jetty request log can only be enabled using Log4j
2019-10-01 18:08:46,588 [main] INFO  http.HttpServer2 (HttpServer2.java:addGlobalFilter(975)) - Added global filter 'safety' (class=org.apache.hadoop.http.HttpServer2$QuotingInputFilter)
2019-10-01 18:08:46,589 [main] INFO  http.HttpServer2 (HttpServer2.java:addFilter(948)) - Added filter static_user_filter (class=org.apache.hadoop.http.lib.StaticUserWebFilter$StaticUserFilter) to context hddsDatanode
2019-10-01 18:08:46,589 [main] INFO  http.HttpServer2 (HttpServer2.java:addFilter(958)) - Added filter static_user_filter (class=org.apache.hadoop.http.lib.StaticUserWebFilter$StaticUserFilter) to context logs
2019-10-01 18:08:46,589 [main] INFO  http.HttpServer2 (HttpServer2.java:addFilter(958)) - Added filter static_user_filter (class=org.apache.hadoop.http.lib.StaticUserWebFilter$StaticUserFilter) to context static
2019-10-01 18:08:46,590 [main] INFO  http.HttpServer2 (HttpServer2.java:bindListener(1191)) - Jetty bound to port 46678
2019-10-01 18:08:46,590 [main] INFO  server.Server (Server.java:doStart(351)) - jetty-9.3.25.v20180904, build timestamp: 2018-09-04T21:11:46Z, git hash: 3ce520221d0240229c862b122d2b06c12a625732
2019-10-01 18:08:46,591 [main] INFO  handler.ContextHandler (ContextHandler.java:doStart(781)) - Started o.e.j.s.ServletContextHandler@615439f7{/logs,file:///workdir/hadoop-ozone/integration-test/target/log,AVAILABLE}
2019-10-01 18:08:46,591 [main] INFO  handler.ContextHandler (ContextHandler.java:doStart(781)) - Started o.e.j.s.ServletContextHandler@51b87df7{/static,jar:file:/home/user/.m2/repository/org/apache/hadoop/hadoop-hdds-container-service/0.5.0-SNAPSHOT/hadoop-hdds-container-service-0.5.0-SNAPSHOT.jar!/webapps/static,AVAILABLE}
2019-10-01 18:08:46,618 [main] INFO  handler.ContextHandler (ContextHandler.java:doStart(781)) - Started o.e.j.w.WebAppContext@31881aa2{/,file:///tmp/jetty-0.0.0.0-46678-hddsDatanode-_-any-251719161565758540.dir/webapp/,AVAILABLE}{/hddsDatanode}
2019-10-01 18:08:46,619 [main] INFO  server.AbstractConnector (AbstractConnector.java:doStart(278)) - Started ServerConnector@1b46392c{HTTP/1.1,[http/1.1]}{0.0.0.0:46678}
2019-10-01 18:08:46,625 [main] INFO  server.Server (Server.java:doStart(419)) - Started @590889ms
2019-10-01 18:08:46,626 [main] WARN  impl.MetricsSystemImpl (MetricsSystemImpl.java:register(276)) - Sink prometheus already exists!
2019-10-01 18:08:46,626 [main] INFO  server.BaseHttpServer (BaseHttpServer.java:updateConnectorAddress(215)) - HTTP server of HDDSDATANODE is listening at http://0.0.0.0:46678
2019-10-01 18:08:46,627 [main] INFO  ozone.MiniOzoneClusterImpl (MiniOzoneClusterImpl.java:lambda$waitForClusterToBeReady$0(147)) - Waiting for cluster to be ready. Got 0 of 7 DN Heartbeats.
2019-10-01 18:08:46,628 [org.apache.hadoop.util.JvmPauseMonitor$Monitor@527878bc] INFO  util.JvmPauseMonitor (JvmPauseMonitor.java:run(188)) - Starting JVM pause monitor
2019-10-01 18:08:46,629 [Datanode State Machine Thread - 0] INFO  datanode.InitDatanodeState (InitDatanodeState.java:persistContainerDatanodeDetails(140)) - DatanodeDetails is persisted to /workdir/hadoop-ozone/integration-test/target/test-dir/MiniOzoneClusterImpl-2ef0d120-1a14-4960-b5d7-28cf9da586f6/datanode-6/meta/datanode.id
2019-10-01 18:08:47,627 [main] INFO  ozone.MiniOzoneClusterImpl (MiniOzoneClusterImpl.java:lambda$waitForClusterToBeReady$0(147)) - Waiting for cluster to be ready. Got 0 of 7 DN Heartbeats.
2019-10-01 18:08:48,228 [Datanode State Machine Thread - 0] INFO  ozoneimpl.OzoneContainer (OzoneContainer.java:start(217)) - Attempting to start container services.
2019-10-01 18:08:48,229 [Datanode State Machine Thread - 0] INFO  ozoneimpl.OzoneContainer (OzoneContainer.java:startContainerScrub(179)) - Background container scanner has been disabled.
2019-10-01 18:08:48,229 [Datanode State Machine Thread - 0] INFO  ratis.XceiverServerRatis (XceiverServerRatis.java:start(417)) - Starting XceiverServerRatis 78bf55a6-6154-477c-8620-5698e7baa951 at port 0
2019-10-01 18:08:48,234 [Datanode State Machine Thread - 0] INFO  impl.RaftServerProxy (RaftServerProxy.java:lambda$start$3(299)) - 78bf55a6-6154-477c-8620-5698e7baa951: start RPC server
2019-10-01 18:08:48,236 [Datanode State Machine Thread - 0] INFO  server.GrpcService (GrpcService.java:startImpl(158)) - 78bf55a6-6154-477c-8620-5698e7baa951: GrpcService started, listening on 0.0.0.0/0.0.0.0:40847
2019-10-01 18:08:48,236 [Datanode State Machine Thread - 0] INFO  ratis.XceiverServerRatis (XceiverServerRatis.java:start(427)) - XceiverServerRatis 78bf55a6-6154-477c-8620-5698e7baa951 is started using port 40847
2019-10-01 18:08:48,236 [Datanode State Machine Thread - 0] INFO  server.XceiverServerGrpc (XceiverServerGrpc.java:start(149)) - XceiverServerGrpc 78bf55a6-6154-477c-8620-5698e7baa951 is started using port 38901
2019-10-01 18:08:48,292 [Datanode State Machine Thread - 0] INFO  ozoneimpl.OzoneContainer (OzoneContainer.java:start(217)) - Attempting to start container services.
2019-10-01 18:08:48,293 [Datanode State Machine Thread - 0] INFO  ozoneimpl.OzoneContainer (OzoneContainer.java:startContainerScrub(179)) - Background container scanner has been disabled.
2019-10-01 18:08:48,293 [Datanode State Machine Thread - 0] INFO  ratis.XceiverServerRatis (XceiverServerRatis.java:start(417)) - Starting XceiverServerRatis 84448537-1f99-4d0e-a5f1-ad44b6f4f04b at port 0
2019-10-01 18:08:48,298 [Datanode State Machine Thread - 0] INFO  impl.RaftServerProxy (RaftServerProxy.java:lambda$start$3(299)) - 84448537-1f99-4d0e-a5f1-ad44b6f4f04b: start RPC server
2019-10-01 18:08:48,300 [Datanode State Machine Thread - 0] INFO  server.GrpcService (GrpcService.java:startImpl(158)) - 84448537-1f99-4d0e-a5f1-ad44b6f4f04b: GrpcService started, listening on 0.0.0.0/0.0.0.0:39458
2019-10-01 18:08:48,300 [Datanode State Machine Thread - 0] INFO  ratis.XceiverServerRatis (XceiverServerRatis.java:start(427)) - XceiverServerRatis 84448537-1f99-4d0e-a5f1-ad44b6f4f04b is started using port 39458
2019-10-01 18:08:48,302 [Datanode State Machine Thread - 0] INFO  server.XceiverServerGrpc (XceiverServerGrpc.java:start(149)) - XceiverServerGrpc 84448537-1f99-4d0e-a5f1-ad44b6f4f04b is started using port 38508
2019-10-01 18:08:48,372 [Datanode State Machine Thread - 0] INFO  ozoneimpl.OzoneContainer (OzoneContainer.java:start(217)) - Attempting to start container services.
2019-10-01 18:08:48,373 [Datanode State Machine Thread - 0] INFO  ozoneimpl.OzoneContainer (OzoneContainer.java:startContainerScrub(179)) - Background container scanner has been disabled.
2019-10-01 18:08:48,373 [Datanode State Machine Thread - 0] INFO  ratis.XceiverServerRatis (XceiverServerRatis.java:start(417)) - Starting XceiverServerRatis 87aeb2bc-28a9-4d25-9225-03921817cb4f at port 0
2019-10-01 18:08:48,378 [Datanode State Machine Thread - 0] INFO  impl.RaftServerProxy (RaftServerProxy.java:lambda$start$3(299)) - 87aeb2bc-28a9-4d25-9225-03921817cb4f: start RPC server
2019-10-01 18:08:48,382 [Datanode State Machine Thread - 0] INFO  server.GrpcService (GrpcService.java:startImpl(158)) - 87aeb2bc-28a9-4d25-9225-03921817cb4f: GrpcService started, listening on 0.0.0.0/0.0.0.0:45016
2019-10-01 18:08:48,382 [Datanode State Machine Thread - 0] INFO  ratis.XceiverServerRatis (XceiverServerRatis.java:start(427)) - XceiverServerRatis 87aeb2bc-28a9-4d25-9225-03921817cb4f is started using port 45016
2019-10-01 18:08:48,382 [Datanode State Machine Thread - 0] INFO  server.XceiverServerGrpc (XceiverServerGrpc.java:start(149)) - XceiverServerGrpc 87aeb2bc-28a9-4d25-9225-03921817cb4f is started using port 40374
2019-10-01 18:08:48,429 [Datanode State Machine Thread - 0] INFO  ozoneimpl.OzoneContainer (OzoneContainer.java:start(217)) - Attempting to start container services.
2019-10-01 18:08:48,429 [Datanode State Machine Thread - 0] INFO  ozoneimpl.OzoneContainer (OzoneContainer.java:startContainerScrub(179)) - Background container scanner has been disabled.
2019-10-01 18:08:48,429 [Datanode State Machine Thread - 0] INFO  ratis.XceiverServerRatis (XceiverServerRatis.java:start(417)) - Starting XceiverServerRatis 17b7404d-2d81-475e-bb03-cc9d37296e24 at port 0
2019-10-01 18:08:48,436 [Datanode State Machine Thread - 0] INFO  impl.RaftServerProxy (RaftServerProxy.java:lambda$start$3(299)) - 17b7404d-2d81-475e-bb03-cc9d37296e24: start RPC server
2019-10-01 18:08:48,439 [Datanode State Machine Thread - 0] INFO  server.GrpcService (GrpcService.java:startImpl(158)) - 17b7404d-2d81-475e-bb03-cc9d37296e24: GrpcService started, listening on 0.0.0.0/0.0.0.0:45696
2019-10-01 18:08:48,439 [Datanode State Machine Thread - 0] INFO  ratis.XceiverServerRatis (XceiverServerRatis.java:start(427)) - XceiverServerRatis 17b7404d-2d81-475e-bb03-cc9d37296e24 is started using port 45696
2019-10-01 18:08:48,439 [Datanode State Machine Thread - 0] INFO  server.XceiverServerGrpc (XceiverServerGrpc.java:start(149)) - XceiverServerGrpc 17b7404d-2d81-475e-bb03-cc9d37296e24 is started using port 41872
2019-10-01 18:08:48,508 [Datanode State Machine Thread - 0] INFO  ozoneimpl.OzoneContainer (OzoneContainer.java:start(217)) - Attempting to start container services.
2019-10-01 18:08:48,508 [Datanode State Machine Thread - 0] INFO  ozoneimpl.OzoneContainer (OzoneContainer.java:startContainerScrub(179)) - Background container scanner has been disabled.
2019-10-01 18:08:48,508 [Datanode State Machine Thread - 0] INFO  ratis.XceiverServerRatis (XceiverServerRatis.java:start(417)) - Starting XceiverServerRatis 820de064-3dc6-45b0-ab1f-7b0ae95712fc at port 0
2019-10-01 18:08:48,513 [Datanode State Machine Thread - 0] INFO  impl.RaftServerProxy (RaftServerProxy.java:lambda$start$3(299)) - 820de064-3dc6-45b0-ab1f-7b0ae95712fc: start RPC server
2019-10-01 18:08:48,529 [Datanode State Machine Thread - 0] INFO  server.GrpcService (GrpcService.java:startImpl(158)) - 820de064-3dc6-45b0-ab1f-7b0ae95712fc: GrpcService started, listening on 0.0.0.0/0.0.0.0:34221
2019-10-01 18:08:48,530 [Datanode State Machine Thread - 0] INFO  ratis.XceiverServerRatis (XceiverServerRatis.java:start(427)) - XceiverServerRatis 820de064-3dc6-45b0-ab1f-7b0ae95712fc is started using port 34221
2019-10-01 18:08:48,530 [Datanode State Machine Thread - 0] INFO  server.XceiverServerGrpc (XceiverServerGrpc.java:start(149)) - XceiverServerGrpc 820de064-3dc6-45b0-ab1f-7b0ae95712fc is started using port 37137
2019-10-01 18:08:48,588 [Datanode State Machine Thread - 0] INFO  ozoneimpl.OzoneContainer (OzoneContainer.java:start(217)) - Attempting to start container services.
2019-10-01 18:08:48,588 [Datanode State Machine Thread - 0] INFO  ozoneimpl.OzoneContainer (OzoneContainer.java:startContainerScrub(179)) - Background container scanner has been disabled.
2019-10-01 18:08:48,589 [Datanode State Machine Thread - 0] INFO  ratis.XceiverServerRatis (XceiverServerRatis.java:start(417)) - Starting XceiverServerRatis afdd3fe1-73d7-47a9-80c4-ac0b0cf2283a at port 0
2019-10-01 18:08:48,594 [Datanode State Machine Thread - 0] INFO  impl.RaftServerProxy (RaftServerProxy.java:lambda$start$3(299)) - afdd3fe1-73d7-47a9-80c4-ac0b0cf2283a: start RPC server
2019-10-01 18:08:48,594 [Datanode State Machine Thread - 0] INFO  server.GrpcService (GrpcService.java:startImpl(158)) - afdd3fe1-73d7-47a9-80c4-ac0b0cf2283a: GrpcService started, listening on 0.0.0.0/0.0.0.0:43376
2019-10-01 18:08:48,595 [Datanode State Machine Thread - 0] INFO  ratis.XceiverServerRatis (XceiverServerRatis.java:start(427)) - XceiverServerRatis afdd3fe1-73d7-47a9-80c4-ac0b0cf2283a is started using port 43376
2019-10-01 18:08:48,597 [Datanode State Machine Thread - 0] INFO  server.XceiverServerGrpc (XceiverServerGrpc.java:start(149)) - XceiverServerGrpc afdd3fe1-73d7-47a9-80c4-ac0b0cf2283a is started using port 43335
2019-10-01 18:08:48,628 [main] INFO  ozone.MiniOzoneClusterImpl (MiniOzoneClusterImpl.java:lambda$waitForClusterToBeReady$0(147)) - Waiting for cluster to be ready. Got 0 of 7 DN Heartbeats.
2019-10-01 18:08:48,642 [Datanode State Machine Thread - 0] INFO  ozoneimpl.OzoneContainer (OzoneContainer.java:start(217)) - Attempting to start container services.
2019-10-01 18:08:48,642 [Datanode State Machine Thread - 0] INFO  ozoneimpl.OzoneContainer (OzoneContainer.java:startContainerScrub(179)) - Background container scanner has been disabled.
2019-10-01 18:08:48,643 [Datanode State Machine Thread - 0] INFO  ratis.XceiverServerRatis (XceiverServerRatis.java:start(417)) - Starting XceiverServerRatis 8fb55cee-2385-4435-9cab-3397106c25f8 at port 0
2019-10-01 18:08:48,647 [Datanode State Machine Thread - 0] INFO  impl.RaftServerProxy (RaftServerProxy.java:lambda$start$3(299)) - 8fb55cee-2385-4435-9cab-3397106c25f8: start RPC server
2019-10-01 18:08:48,648 [Datanode State Machine Thread - 0] INFO  server.GrpcService (GrpcService.java:startImpl(158)) - 8fb55cee-2385-4435-9cab-3397106c25f8: GrpcService started, listening on 0.0.0.0/0.0.0.0:41941
2019-10-01 18:08:48,648 [Datanode State Machine Thread - 0] INFO  ratis.XceiverServerRatis (XceiverServerRatis.java:start(427)) - XceiverServerRatis 8fb55cee-2385-4435-9cab-3397106c25f8 is started using port 41941
2019-10-01 18:08:48,650 [Datanode State Machine Thread - 0] INFO  server.XceiverServerGrpc (XceiverServerGrpc.java:start(149)) - XceiverServerGrpc 8fb55cee-2385-4435-9cab-3397106c25f8 is started using port 39781
2019-10-01 18:08:49,628 [main] INFO  ozone.MiniOzoneClusterImpl (MiniOzoneClusterImpl.java:lambda$waitForClusterToBeReady$0(147)) - Waiting for cluster to be ready. Got 0 of 7 DN Heartbeats.
2019-10-01 18:08:50,221 [IPC Server handler 5 on 39616] INFO  net.NetworkTopology (NetworkTopologyImpl.java:add(111)) - Added a new node: /default-rack/78bf55a6-6154-477c-8620-5698e7baa951
2019-10-01 18:08:50,224 [IPC Server handler 5 on 39616] INFO  node.SCMNodeManager (SCMNodeManager.java:register(266)) - Registered Data node : 78bf55a6-6154-477c-8620-5698e7baa951{ip: 192.168.164.205, host: pr-hdds-2201-hlsf2-3428063209, networkLocation: /default-rack, certSerialId: null}
2019-10-01 18:08:50,225 [EventQueue-NodeRegistrationContainerReportForDataNodeSafeModeRule] INFO  safemode.SCMSafeModeManager (DataNodeSafeModeRule.java:process(71)) - SCM in safe mode. 1 DataNodes registered, 1 required.
2019-10-01 18:08:50,228 [EventQueue-NodeRegistrationContainerReportForDataNodeSafeModeRule] INFO  safemode.SCMSafeModeManager (SCMSafeModeManager.java:validateSafeModeExitRules(177)) - ScmSafeModeManager, all rules are successfully validated
2019-10-01 18:08:50,228 [EventQueue-NodeRegistrationContainerReportForDataNodeSafeModeRule] INFO  safemode.SCMSafeModeManager (SCMSafeModeManager.java:exitSafeMode(193)) - SCM exiting safe mode.
2019-10-01 18:08:50,240 [grpc-default-executor-5] INFO  impl.RaftServerProxy (RaftServerProxy.java:addNew(89)) - 78bf55a6-6154-477c-8620-5698e7baa951: addNew group-985EEBCD57F4:[78bf55a6-6154-477c-8620-5698e7baa951:192.168.164.205:40847] returns group-985EEBCD57F4:java.util.concurrent.CompletableFuture@12072ee5[Not completed]
2019-10-01 18:08:50,242 [pool-409-thread-1] INFO  impl.RaftServerImpl (RaftServerImpl.java:<init>(95)) - 78bf55a6-6154-477c-8620-5698e7baa951: new RaftServerImpl for group-985EEBCD57F4:[78bf55a6-6154-477c-8620-5698e7baa951:192.168.164.205:40847] with ContainerStateMachine:uninitialized
2019-10-01 18:08:50,242 [pool-409-thread-1] INFO  server.RaftServerConfigKeys (ConfUtils.java:logGet(43)) - raft.server.rpc.timeout.min = 5s (custom)
2019-10-01 18:08:50,242 [pool-409-thread-1] INFO  server.RaftServerConfigKeys (ConfUtils.java:logGet(43)) - raft.server.rpc.timeout.max = 5200ms (custom)
2019-10-01 18:08:50,242 [pool-409-thread-1] INFO  server.RaftServerConfigKeys (ConfUtils.java:logGet(43)) - raft.server.rpcslowness.timeout = 120s (custom)
2019-10-01 18:08:50,242 [pool-409-thread-1] INFO  server.RaftServerConfigKeys (ConfUtils.java:logGet(43)) - raft.server.sleep.deviation.threshold = 300 (default)
2019-10-01 18:08:50,242 [pool-409-thread-1] INFO  server.RaftServerConfigKeys (ConfUtils.java:logGet(43)) - raft.server.log.appender.install.snapshot.enabled = false (custom)
2019-10-01 18:08:50,242 [pool-409-thread-1] INFO  impl.RaftServerImpl (ServerState.java:<init>(103)) - 78bf55a6-6154-477c-8620-5698e7baa951@group-985EEBCD57F4: ConfigurationManager, init=-1: [78bf55a6-6154-477c-8620-5698e7baa951:192.168.164.205:40847], old=null, confs=<EMPTY_MAP>
2019-10-01 18:08:50,243 [pool-409-thread-1] INFO  server.RaftServerConfigKeys (ConfUtils.java:logGet(43)) - raft.server.storage.dir = [/workdir/hadoop-ozone/integration-test/target/test-dir/MiniOzoneClusterImpl-2ef0d120-1a14-4960-b5d7-28cf9da586f6/datanode-0/data/ratis] (custom)
2019-10-01 18:08:50,243 [pool-409-thread-1] INFO  server.RaftServerConfigKeys (ConfUtils.java:logGet(43)) - raft.server.log.corruption.policy = EXCEPTION (default)
2019-10-01 18:08:50,243 [pool-409-thread-1] INFO  storage.RaftStorageDirectory (RaftStorageDirectory.java:analyzeStorage(246)) - The storage directory /workdir/hadoop-ozone/integration-test/target/test-dir/MiniOzoneClusterImpl-2ef0d120-1a14-4960-b5d7-28cf9da586f6/datanode-0/data/ratis/5d92d711-b120-4a3d-9dbe-985eebcd57f4 does not exist. Creating ...
2019-10-01 18:08:50,257 [pool-409-thread-1] INFO  storage.RaftStorageDirectory (RaftStorageDirectory.java:tryLock(328)) - Lock on /workdir/hadoop-ozone/integration-test/target/test-dir/MiniOzoneClusterImpl-2ef0d120-1a14-4960-b5d7-28cf9da586f6/datanode-0/data/ratis/5d92d711-b120-4a3d-9dbe-985eebcd57f4/in_use.lock acquired by nodename 9017@pr-hdds-2201-hlsf2-3428063209
2019-10-01 18:08:50,272 [pool-409-thread-1] INFO  storage.RaftStorage (RaftStorage.java:format(84)) - Storage directory /workdir/hadoop-ozone/integration-test/target/test-dir/MiniOzoneClusterImpl-2ef0d120-1a14-4960-b5d7-28cf9da586f6/datanode-0/data/ratis/5d92d711-b120-4a3d-9dbe-985eebcd57f4 has been successfully formatted.
2019-10-01 18:08:50,272 [pool-409-thread-1] INFO  ratis.ContainerStateMachine (ContainerStateMachine.java:loadSnapshot(230)) - group-985EEBCD57F4: The snapshot info is null. Setting the last applied indexto:(t:0, i:~)
2019-10-01 18:08:50,272 [pool-409-thread-1] INFO  server.RaftServerConfigKeys (ConfUtils.java:logGet(43)) - raft.server.notification.no-leader.timeout = 120s (custom)
2019-10-01 18:08:50,272 [pool-409-thread-1] INFO  server.RaftServerConfigKeys (ConfUtils.java:logGet(43)) - raft.server.log.use.memory = false (default)
2019-10-01 18:08:50,272 [pool-409-thread-1] INFO  server.RaftServerConfigKeys (ConfUtils.java:logGet(43)) - raft.server.log.purge.gap = 1000000 (custom)
2019-10-01 18:08:50,273 [pool-409-thread-1] INFO  server.RaftServerConfigKeys (ConfUtils.java:logGet(43)) - raft.server.log.appender.buffer.byte-limit = 33554432 (custom)
2019-10-01 18:08:50,273 [pool-409-thread-1] INFO  server.RaftServerConfigKeys (ConfUtils.java:logGet(43)) - raft.server.log.segment.size.max = 1048576 (custom)
2019-10-01 18:08:50,274 [pool-409-thread-1] INFO  server.RaftServerConfigKeys (ConfUtils.java:logGet(43)) - raft.server.log.segment.cache.num.max = 2 (custom)
2019-10-01 18:08:50,274 [pool-409-thread-1] INFO  segmented.SegmentedRaftLogWorker (SegmentedRaftLogWorker.java:<init>(173)) - new 78bf55a6-6154-477c-8620-5698e7baa951@group-985EEBCD57F4-SegmentedRaftLogWorker for RaftStorage:Storage Directory /workdir/hadoop-ozone/integration-test/target/test-dir/MiniOzoneClusterImpl-2ef0d120-1a14-4960-b5d7-28cf9da586f6/datanode-0/data/ratis/5d92d711-b120-4a3d-9dbe-985eebcd57f4
2019-10-01 18:08:50,274 [pool-409-thread-1] INFO  server.RaftServerConfigKeys (ConfUtils.java:logGet(43)) - raft.server.log.queue.byte-limit = 2147483647 (custom)
2019-10-01 18:08:50,274 [pool-409-thread-1] INFO  server.RaftServerConfigKeys (ConfUtils.java:logGet(43)) - raft.server.log.queue.element-limit = 1024 (custom)
2019-10-01 18:08:50,274 [pool-409-thread-1] INFO  server.RaftServerConfigKeys (ConfUtils.java:logGet(43)) - raft.server.log.segment.size.max = 1048576 (custom)
2019-10-01 18:08:50,274 [pool-409-thread-1] INFO  server.RaftServerConfigKeys (ConfUtils.java:logGet(43)) - raft.server.log.preallocated.size = 16384 (custom)
2019-10-01 18:08:50,275 [pool-409-thread-1] INFO  server.RaftServerConfigKeys (ConfUtils.java:logGet(43)) - raft.server.log.write.buffer.size = 33554432 (custom)
2019-10-01 18:08:50,275 [pool-409-thread-1] INFO  server.RaftServerConfigKeys (ConfUtils.java:logGet(43)) - raft.server.log.force.sync.num = 128 (default)
2019-10-01 18:08:50,275 [pool-409-thread-1] INFO  server.RaftServerConfigKeys (ConfUtils.java:logGet(43)) - raft.server.log.statemachine.data.sync = true (default)
2019-10-01 18:08:50,275 [pool-409-thread-1] INFO  server.RaftServerConfigKeys (ConfUtils.java:logGet(43)) - raft.server.log.statemachine.data.sync.timeout = 10s (default)
2019-10-01 18:08:50,275 [pool-409-thread-1] INFO  server.RaftServerConfigKeys (ConfUtils.java:logGet(43)) - raft.server.log.statemachine.data.sync.timeout.retry = -1 (default)
2019-10-01 18:08:50,275 [pool-409-thread-1] INFO  server.RaftServerConfigKeys (ConfUtils.java:logGet(43)) - raft.server.log.statemachine.data.caching.enabled = true (custom)
2019-10-01 18:08:50,275 [pool-409-thread-1] INFO  segmented.SegmentedRaftLogWorker (SegmentedRaftLogWorker.java:lambda$new$0(128)) - 78bf55a6-6154-477c-8620-5698e7baa951@group-985EEBCD57F4-SegmentedRaftLogWorker: flushIndex: setUnconditionally 0 -> -1
2019-10-01 18:08:50,276 [pool-409-thread-1] INFO  server.RaftServerConfigKeys (ConfUtils.java:logGet(43)) - raft.server.snapshot.auto.trigger.enabled = true (custom)
2019-10-01 18:08:50,276 [pool-409-thread-1] INFO  server.RaftServerConfigKeys (ConfUtils.java:logGet(43)) - raft.server.snapshot.auto.trigger.threshold = 10000 (custom)
2019-10-01 18:08:50,276 [pool-409-thread-1] INFO  server.RaftServerConfigKeys (ConfUtils.java:logGet(43)) - raft.server.snapshot.retention.file.num = 5 (custom)
2019-10-01 18:08:50,276 [pool-409-thread-1] INFO  server.RaftServerConfigKeys (ConfUtils.java:logGet(43)) - raft.server.retrycache.expirytime = 600000ms (custom)
2019-10-01 18:08:50,276 [IPC Server handler 0 on 39616] INFO  net.NetworkTopology (NetworkTopologyImpl.java:add(111)) - Added a new node: /default-rack/84448537-1f99-4d0e-a5f1-ad44b6f4f04b
2019-10-01 18:08:50,276 [IPC Server handler 0 on 39616] INFO  node.SCMNodeManager (SCMNodeManager.java:register(266)) - Registered Data node : 84448537-1f99-4d0e-a5f1-ad44b6f4f04b{ip: 192.168.164.205, host: pr-hdds-2201-hlsf2-3428063209, networkLocation: /default-rack, certSerialId: null}
2019-10-01 18:08:50,277 [pool-409-thread-1] INFO  impl.RaftServerImpl (RaftServerImpl.java:start(181)) - 78bf55a6-6154-477c-8620-5698e7baa951@group-985EEBCD57F4: start as a follower, conf=-1: [78bf55a6-6154-477c-8620-5698e7baa951:192.168.164.205:40847], old=null
2019-10-01 18:08:50,277 [pool-409-thread-1] INFO  impl.RaftServerImpl (RaftServerImpl.java:setRole(170)) - 78bf55a6-6154-477c-8620-5698e7baa951@group-985EEBCD57F4: changes role from      null to FOLLOWER at term 0 for startAsFollower
2019-10-01 18:08:50,277 [pool-409-thread-1] INFO  impl.RoleInfo (RoleInfo.java:updateAndGet(143)) - 78bf55a6-6154-477c-8620-5698e7baa951: start FollowerState
2019-10-01 18:08:50,278 [pool-409-thread-1] INFO  util.JmxRegister (JmxRegister.java:tryRegister(44)) - Successfully registered JMX Bean with object name Ratis:service=RaftServer,group=group-985EEBCD57F4,id=78bf55a6-6154-477c-8620-5698e7baa951
2019-10-01 18:08:50,282 [RatisPipelineUtilsThread] INFO  pipeline.PipelineStateManager (PipelineStateManager.java:addPipeline(56)) - Created pipeline Pipeline[ Id: 5d92d711-b120-4a3d-9dbe-985eebcd57f4, Nodes: 78bf55a6-6154-477c-8620-5698e7baa951{ip: 192.168.164.205, host: pr-hdds-2201-hlsf2-3428063209, networkLocation: /default-rack, certSerialId: null}, Type:RATIS, Factor:ONE, State:OPEN]
2019-10-01 18:08:50,290 [grpc-default-executor-5] INFO  impl.RaftServerProxy (RaftServerProxy.java:addNew(89)) - 84448537-1f99-4d0e-a5f1-ad44b6f4f04b: addNew group-1BEFBECEECE9:[84448537-1f99-4d0e-a5f1-ad44b6f4f04b:192.168.164.205:39458] returns group-1BEFBECEECE9:java.util.concurrent.CompletableFuture@3cd02c66[Not completed]
2019-10-01 18:08:50,291 [pool-419-thread-1] INFO  impl.RaftServerImpl (RaftServerImpl.java:<init>(95)) - 84448537-1f99-4d0e-a5f1-ad44b6f4f04b: new RaftServerImpl for group-1BEFBECEECE9:[84448537-1f99-4d0e-a5f1-ad44b6f4f04b:192.168.164.205:39458] with ContainerStateMachine:uninitialized
2019-10-01 18:08:50,291 [pool-419-thread-1] INFO  server.RaftServerConfigKeys (ConfUtils.java:logGet(43)) - raft.server.rpc.timeout.min = 5s (custom)
2019-10-01 18:08:50,291 [pool-419-thread-1] INFO  server.RaftServerConfigKeys (ConfUtils.java:logGet(43)) - raft.server.rpc.timeout.max = 5200ms (custom)
2019-10-01 18:08:50,291 [pool-419-thread-1] INFO  server.RaftServerConfigKeys (ConfUtils.java:logGet(43)) - raft.server.rpcslowness.timeout = 120s (custom)
2019-10-01 18:08:50,291 [pool-419-thread-1] INFO  server.RaftServerConfigKeys (ConfUtils.java:logGet(43)) - raft.server.sleep.deviation.threshold = 300 (default)
2019-10-01 18:08:50,291 [pool-419-thread-1] INFO  server.RaftServerConfigKeys (ConfUtils.java:logGet(43)) - raft.server.log.appender.install.snapshot.enabled = false (custom)
2019-10-01 18:08:50,291 [pool-419-thread-1] INFO  impl.RaftServerImpl (ServerState.java:<init>(103)) - 84448537-1f99-4d0e-a5f1-ad44b6f4f04b@group-1BEFBECEECE9: ConfigurationManager, init=-1: [84448537-1f99-4d0e-a5f1-ad44b6f4f04b:192.168.164.205:39458], old=null, confs=<EMPTY_MAP>
2019-10-01 18:08:50,292 [pool-419-thread-1] INFO  server.RaftServerConfigKeys (ConfUtils.java:logGet(43)) - raft.server.storage.dir = [/workdir/hadoop-ozone/integration-test/target/test-dir/MiniOzoneClusterImpl-2ef0d120-1a14-4960-b5d7-28cf9da586f6/datanode-1/data/ratis] (custom)
2019-10-01 18:08:50,292 [pool-419-thread-1] INFO  server.RaftServerConfigKeys (ConfUtils.java:logGet(43)) - raft.server.log.corruption.policy = EXCEPTION (default)
2019-10-01 18:08:50,292 [pool-419-thread-1] INFO  storage.RaftStorageDirectory (RaftStorageDirectory.java:analyzeStorage(246)) - The storage directory /workdir/hadoop-ozone/integration-test/target/test-dir/MiniOzoneClusterImpl-2ef0d120-1a14-4960-b5d7-28cf9da586f6/datanode-1/data/ratis/a21b2a3a-8042-4a9a-8584-1befbeceece9 does not exist. Creating ...
2019-10-01 18:08:50,306 [pool-419-thread-1] INFO  storage.RaftStorageDirectory (RaftStorageDirectory.java:tryLock(328)) - Lock on /workdir/hadoop-ozone/integration-test/target/test-dir/MiniOzoneClusterImpl-2ef0d120-1a14-4960-b5d7-28cf9da586f6/datanode-1/data/ratis/a21b2a3a-8042-4a9a-8584-1befbeceece9/in_use.lock acquired by nodename 9017@pr-hdds-2201-hlsf2-3428063209
2019-10-01 18:08:50,319 [pool-419-thread-1] INFO  storage.RaftStorage (RaftStorage.java:format(84)) - Storage directory /workdir/hadoop-ozone/integration-test/target/test-dir/MiniOzoneClusterImpl-2ef0d120-1a14-4960-b5d7-28cf9da586f6/datanode-1/data/ratis/a21b2a3a-8042-4a9a-8584-1befbeceece9 has been successfully formatted.
2019-10-01 18:08:50,319 [pool-419-thread-1] INFO  ratis.ContainerStateMachine (ContainerStateMachine.java:loadSnapshot(230)) - group-1BEFBECEECE9: The snapshot info is null. Setting the last applied indexto:(t:0, i:~)
2019-10-01 18:08:50,319 [pool-419-thread-1] INFO  server.RaftServerConfigKeys (ConfUtils.java:logGet(43)) - raft.server.notification.no-leader.timeout = 120s (custom)
2019-10-01 18:08:50,319 [pool-419-thread-1] INFO  server.RaftServerConfigKeys (ConfUtils.java:logGet(43)) - raft.server.log.use.memory = false (default)
2019-10-01 18:08:50,319 [pool-419-thread-1] INFO  server.RaftServerConfigKeys (ConfUtils.java:logGet(43)) - raft.server.log.purge.gap = 1000000 (custom)
2019-10-01 18:08:50,319 [pool-419-thread-1] INFO  server.RaftServerConfigKeys (ConfUtils.java:logGet(43)) - raft.server.log.appender.buffer.byte-limit = 33554432 (custom)
2019-10-01 18:08:50,320 [pool-419-thread-1] INFO  server.RaftServerConfigKeys (ConfUtils.java:logGet(43)) - raft.server.log.segment.size.max = 1048576 (custom)
2019-10-01 18:08:50,321 [pool-419-thread-1] INFO  server.RaftServerConfigKeys (ConfUtils.java:logGet(43)) - raft.server.log.segment.cache.num.max = 2 (custom)
2019-10-01 18:08:50,321 [pool-419-thread-1] INFO  segmented.SegmentedRaftLogWorker (SegmentedRaftLogWorker.java:<init>(173)) - new 84448537-1f99-4d0e-a5f1-ad44b6f4f04b@group-1BEFBECEECE9-SegmentedRaftLogWorker for RaftStorage:Storage Directory /workdir/hadoop-ozone/integration-test/target/test-dir/MiniOzoneClusterImpl-2ef0d120-1a14-4960-b5d7-28cf9da586f6/datanode-1/data/ratis/a21b2a3a-8042-4a9a-8584-1befbeceece9
2019-10-01 18:08:50,321 [pool-419-thread-1] INFO  server.RaftServerConfigKeys (ConfUtils.java:logGet(43)) - raft.server.log.queue.byte-limit = 2147483647 (custom)
2019-10-01 18:08:50,321 [pool-419-thread-1] INFO  server.RaftServerConfigKeys (ConfUtils.java:logGet(43)) - raft.server.log.queue.element-limit = 1024 (custom)
2019-10-01 18:08:50,321 [pool-419-thread-1] INFO  server.RaftServerConfigKeys (ConfUtils.java:logGet(43)) - raft.server.log.segment.size.max = 1048576 (custom)
2019-10-01 18:08:50,321 [pool-419-thread-1] INFO  server.RaftServerConfigKeys (ConfUtils.java:logGet(43)) - raft.server.log.preallocated.size = 16384 (custom)
2019-10-01 18:08:50,321 [pool-419-thread-1] INFO  server.RaftServerConfigKeys (ConfUtils.java:logGet(43)) - raft.server.log.write.buffer.size = 33554432 (custom)
2019-10-01 18:08:50,321 [pool-419-thread-1] INFO  server.RaftServerConfigKeys (ConfUtils.java:logGet(43)) - raft.server.log.force.sync.num = 128 (default)
2019-10-01 18:08:50,321 [pool-419-thread-1] INFO  server.RaftServerConfigKeys (ConfUtils.java:logGet(43)) - raft.server.log.statemachine.data.sync = true (default)
2019-10-01 18:08:50,321 [pool-419-thread-1] INFO  server.RaftServerConfigKeys (ConfUtils.java:logGet(43)) - raft.server.log.statemachine.data.sync.timeout = 10s (default)
2019-10-01 18:08:50,322 [pool-419-thread-1] INFO  server.RaftServerConfigKeys (ConfUtils.java:logGet(43)) - raft.server.log.statemachine.data.sync.timeout.retry = -1 (default)
2019-10-01 18:08:50,322 [pool-419-thread-1] INFO  server.RaftServerConfigKeys (ConfUtils.java:logGet(43)) - raft.server.log.statemachine.data.caching.enabled = true (custom)
2019-10-01 18:08:50,322 [pool-419-thread-1] INFO  segmented.SegmentedRaftLogWorker (SegmentedRaftLogWorker.java:lambda$new$0(128)) - 84448537-1f99-4d0e-a5f1-ad44b6f4f04b@group-1BEFBECEECE9-SegmentedRaftLogWorker: flushIndex: setUnconditionally 0 -> -1
2019-10-01 18:08:50,322 [pool-419-thread-1] INFO  server.RaftServerConfigKeys (ConfUtils.java:logGet(43)) - raft.server.snapshot.auto.trigger.enabled = true (custom)
2019-10-01 18:08:50,322 [pool-419-thread-1] INFO  server.RaftServerConfigKeys (ConfUtils.java:logGet(43)) - raft.server.snapshot.auto.trigger.threshold = 10000 (custom)
2019-10-01 18:08:50,322 [pool-419-thread-1] INFO  server.RaftServerConfigKeys (ConfUtils.java:logGet(43)) - raft.server.snapshot.retention.file.num = 5 (custom)
2019-10-01 18:08:50,323 [pool-419-thread-1] INFO  server.RaftServerConfigKeys (ConfUtils.java:logGet(43)) - raft.server.retrycache.expirytime = 600000ms (custom)
2019-10-01 18:08:50,324 [pool-419-thread-1] INFO  impl.RaftServerImpl (RaftServerImpl.java:start(181)) - 84448537-1f99-4d0e-a5f1-ad44b6f4f04b@group-1BEFBECEECE9: start as a follower, conf=-1: [84448537-1f99-4d0e-a5f1-ad44b6f4f04b:192.168.164.205:39458], old=null
2019-10-01 18:08:50,324 [pool-419-thread-1] INFO  impl.RaftServerImpl (RaftServerImpl.java:setRole(170)) - 84448537-1f99-4d0e-a5f1-ad44b6f4f04b@group-1BEFBECEECE9: changes role from      null to FOLLOWER at term 0 for startAsFollower
2019-10-01 18:08:50,324 [pool-419-thread-1] INFO  impl.RoleInfo (RoleInfo.java:updateAndGet(143)) - 84448537-1f99-4d0e-a5f1-ad44b6f4f04b: start FollowerState
2019-10-01 18:08:50,324 [pool-419-thread-1] INFO  util.JmxRegister (JmxRegister.java:tryRegister(44)) - Successfully registered JMX Bean with object name Ratis:service=RaftServer,group=group-1BEFBECEECE9,id=84448537-1f99-4d0e-a5f1-ad44b6f4f04b
2019-10-01 18:08:50,327 [RatisPipelineUtilsThread] INFO  pipeline.PipelineStateManager (PipelineStateManager.java:addPipeline(56)) - Created pipeline Pipeline[ Id: a21b2a3a-8042-4a9a-8584-1befbeceece9, Nodes: 84448537-1f99-4d0e-a5f1-ad44b6f4f04b{ip: 192.168.164.205, host: pr-hdds-2201-hlsf2-3428063209, networkLocation: /default-rack, certSerialId: null}, Type:RATIS, Factor:ONE, State:OPEN]
2019-10-01 18:08:50,349 [IPC Server handler 6 on 39616] INFO  net.NetworkTopology (NetworkTopologyImpl.java:add(111)) - Added a new node: /default-rack/87aeb2bc-28a9-4d25-9225-03921817cb4f
2019-10-01 18:08:50,349 [IPC Server handler 6 on 39616] INFO  node.SCMNodeManager (SCMNodeManager.java:register(266)) - Registered Data node : 87aeb2bc-28a9-4d25-9225-03921817cb4f{ip: 192.168.164.205, host: pr-hdds-2201-hlsf2-3428063209, networkLocation: /default-rack, certSerialId: null}
2019-10-01 18:08:50,356 [grpc-default-executor-5] INFO  impl.RaftServerProxy (RaftServerProxy.java:addNew(89)) - 87aeb2bc-28a9-4d25-9225-03921817cb4f: addNew group-A8D0EF44B689:[87aeb2bc-28a9-4d25-9225-03921817cb4f:192.168.164.205:45016] returns group-A8D0EF44B689:java.util.concurrent.CompletableFuture@1d36326d[Not completed]
2019-10-01 18:08:50,357 [pool-429-thread-1] INFO  impl.RaftServerImpl (RaftServerImpl.java:<init>(95)) - 87aeb2bc-28a9-4d25-9225-03921817cb4f: new RaftServerImpl for group-A8D0EF44B689:[87aeb2bc-28a9-4d25-9225-03921817cb4f:192.168.164.205:45016] with ContainerStateMachine:uninitialized
2019-10-01 18:08:50,357 [pool-429-thread-1] INFO  server.RaftServerConfigKeys (ConfUtils.java:logGet(43)) - raft.server.rpc.timeout.min = 5s (custom)
2019-10-01 18:08:50,357 [pool-429-thread-1] INFO  server.RaftServerConfigKeys (ConfUtils.java:logGet(43)) - raft.server.rpc.timeout.max = 5200ms (custom)
2019-10-01 18:08:50,357 [pool-429-thread-1] INFO  server.RaftServerConfigKeys (ConfUtils.java:logGet(43)) - raft.server.rpcslowness.timeout = 120s (custom)
2019-10-01 18:08:50,357 [pool-429-thread-1] INFO  server.RaftServerConfigKeys (ConfUtils.java:logGet(43)) - raft.server.sleep.deviation.threshold = 300 (default)
2019-10-01 18:08:50,357 [pool-429-thread-1] INFO  server.RaftServerConfigKeys (ConfUtils.java:logGet(43)) - raft.server.log.appender.install.snapshot.enabled = false (custom)
2019-10-01 18:08:50,358 [pool-429-thread-1] INFO  impl.RaftServerImpl (ServerState.java:<init>(103)) - 87aeb2bc-28a9-4d25-9225-03921817cb4f@group-A8D0EF44B689: ConfigurationManager, init=-1: [87aeb2bc-28a9-4d25-9225-03921817cb4f:192.168.164.205:45016], old=null, confs=<EMPTY_MAP>
2019-10-01 18:08:50,358 [pool-429-thread-1] INFO  server.RaftServerConfigKeys (ConfUtils.java:logGet(43)) - raft.server.storage.dir = [/workdir/hadoop-ozone/integration-test/target/test-dir/MiniOzoneClusterImpl-2ef0d120-1a14-4960-b5d7-28cf9da586f6/datanode-2/data/ratis] (custom)
2019-10-01 18:08:50,358 [pool-429-thread-1] INFO  server.RaftServerConfigKeys (ConfUtils.java:logGet(43)) - raft.server.log.corruption.policy = EXCEPTION (default)
2019-10-01 18:08:50,358 [pool-429-thread-1] INFO  storage.RaftStorageDirectory (RaftStorageDirectory.java:analyzeStorage(246)) - The storage directory /workdir/hadoop-ozone/integration-test/target/test-dir/MiniOzoneClusterImpl-2ef0d120-1a14-4960-b5d7-28cf9da586f6/datanode-2/data/ratis/196c21fb-78c9-4027-aa05-a8d0ef44b689 does not exist. Creating ...
2019-10-01 18:08:50,371 [pool-429-thread-1] INFO  storage.RaftStorageDirectory (RaftStorageDirectory.java:tryLock(328)) - Lock on /workdir/hadoop-ozone/integration-test/target/test-dir/MiniOzoneClusterImpl-2ef0d120-1a14-4960-b5d7-28cf9da586f6/datanode-2/data/ratis/196c21fb-78c9-4027-aa05-a8d0ef44b689/in_use.lock acquired by nodename 9017@pr-hdds-2201-hlsf2-3428063209
2019-10-01 18:08:50,384 [pool-429-thread-1] INFO  storage.RaftStorage (RaftStorage.java:format(84)) - Storage directory /workdir/hadoop-ozone/integration-test/target/test-dir/MiniOzoneClusterImpl-2ef0d120-1a14-4960-b5d7-28cf9da586f6/datanode-2/data/ratis/196c21fb-78c9-4027-aa05-a8d0ef44b689 has been successfully formatted.
2019-10-01 18:08:50,384 [pool-429-thread-1] INFO  ratis.ContainerStateMachine (ContainerStateMachine.java:loadSnapshot(230)) - group-A8D0EF44B689: The snapshot info is null. Setting the last applied indexto:(t:0, i:~)
2019-10-01 18:08:50,384 [pool-429-thread-1] INFO  server.RaftServerConfigKeys (ConfUtils.java:logGet(43)) - raft.server.notification.no-leader.timeout = 120s (custom)
2019-10-01 18:08:50,384 [pool-429-thread-1] INFO  server.RaftServerConfigKeys (ConfUtils.java:logGet(43)) - raft.server.log.use.memory = false (default)
2019-10-01 18:08:50,385 [pool-429-thread-1] INFO  server.RaftServerConfigKeys (ConfUtils.java:logGet(43)) - raft.server.log.purge.gap = 1000000 (custom)
2019-10-01 18:08:50,385 [pool-429-thread-1] INFO  server.RaftServerConfigKeys (ConfUtils.java:logGet(43)) - raft.server.log.appender.buffer.byte-limit = 33554432 (custom)
2019-10-01 18:08:50,385 [pool-429-thread-1] INFO  server.RaftServerConfigKeys (ConfUtils.java:logGet(43)) - raft.server.log.segment.size.max = 1048576 (custom)
2019-10-01 18:08:50,386 [pool-429-thread-1] INFO  server.RaftServerConfigKeys (ConfUtils.java:logGet(43)) - raft.server.log.segment.cache.num.max = 2 (custom)
2019-10-01 18:08:50,387 [pool-429-thread-1] INFO  segmented.SegmentedRaftLogWorker (SegmentedRaftLogWorker.java:<init>(173)) - new 87aeb2bc-28a9-4d25-9225-03921817cb4f@group-A8D0EF44B689-SegmentedRaftLogWorker for RaftStorage:Storage Directory /workdir/hadoop-ozone/integration-test/target/test-dir/MiniOzoneClusterImpl-2ef0d120-1a14-4960-b5d7-28cf9da586f6/datanode-2/data/ratis/196c21fb-78c9-4027-aa05-a8d0ef44b689
2019-10-01 18:08:50,387 [pool-429-thread-1] INFO  server.RaftServerConfigKeys (ConfUtils.java:logGet(43)) - raft.server.log.queue.byte-limit = 2147483647 (custom)
2019-10-01 18:08:50,387 [pool-429-thread-1] INFO  server.RaftServerConfigKeys (ConfUtils.java:logGet(43)) - raft.server.log.queue.element-limit = 1024 (custom)
2019-10-01 18:08:50,387 [pool-429-thread-1] INFO  server.RaftServerConfigKeys (ConfUtils.java:logGet(43)) - raft.server.log.segment.size.max = 1048576 (custom)
2019-10-01 18:08:50,387 [pool-429-thread-1] INFO  server.RaftServerConfigKeys (ConfUtils.java:logGet(43)) - raft.server.log.preallocated.size = 16384 (custom)
2019-10-01 18:08:50,387 [pool-429-thread-1] INFO  server.RaftServerConfigKeys (ConfUtils.java:logGet(43)) - raft.server.log.write.buffer.size = 33554432 (custom)
2019-10-01 18:08:50,387 [pool-429-thread-1] INFO  server.RaftServerConfigKeys (ConfUtils.java:logGet(43)) - raft.server.log.force.sync.num = 128 (default)
2019-10-01 18:08:50,387 [pool-429-thread-1] INFO  server.RaftServerConfigKeys (ConfUtils.java:logGet(43)) - raft.server.log.statemachine.data.sync = true (default)
2019-10-01 18:08:50,388 [pool-429-thread-1] INFO  server.RaftServerConfigKeys (ConfUtils.java:logGet(43)) - raft.server.log.statemachine.data.sync.timeout = 10s (default)
2019-10-01 18:08:50,388 [pool-429-thread-1] INFO  server.RaftServerConfigKeys (ConfUtils.java:logGet(43)) - raft.server.log.statemachine.data.sync.timeout.retry = -1 (default)
2019-10-01 18:08:50,388 [pool-429-thread-1] INFO  server.RaftServerConfigKeys (ConfUtils.java:logGet(43)) - raft.server.log.statemachine.data.caching.enabled = true (custom)
2019-10-01 18:08:50,388 [pool-429-thread-1] INFO  segmented.SegmentedRaftLogWorker (SegmentedRaftLogWorker.java:lambda$new$0(128)) - 87aeb2bc-28a9-4d25-9225-03921817cb4f@group-A8D0EF44B689-SegmentedRaftLogWorker: flushIndex: setUnconditionally 0 -> -1
2019-10-01 18:08:50,389 [pool-429-thread-1] INFO  server.RaftServerConfigKeys (ConfUtils.java:logGet(43)) - raft.server.snapshot.auto.trigger.enabled = true (custom)
2019-10-01 18:08:50,389 [pool-429-thread-1] INFO  server.RaftServerConfigKeys (ConfUtils.java:logGet(43)) - raft.server.snapshot.auto.trigger.threshold = 10000 (custom)
2019-10-01 18:08:50,389 [pool-429-thread-1] INFO  server.RaftServerConfigKeys (ConfUtils.java:logGet(43)) - raft.server.snapshot.retention.file.num = 5 (custom)
2019-10-01 18:08:50,389 [pool-429-thread-1] INFO  server.RaftServerConfigKeys (ConfUtils.java:logGet(43)) - raft.server.retrycache.expirytime = 600000ms (custom)
2019-10-01 18:08:50,391 [pool-429-thread-1] INFO  impl.RaftServerImpl (RaftServerImpl.java:start(181)) - 87aeb2bc-28a9-4d25-9225-03921817cb4f@group-A8D0EF44B689: start as a follower, conf=-1: [87aeb2bc-28a9-4d25-9225-03921817cb4f:192.168.164.205:45016], old=null
2019-10-01 18:08:50,391 [pool-429-thread-1] INFO  impl.RaftServerImpl (RaftServerImpl.java:setRole(170)) - 87aeb2bc-28a9-4d25-9225-03921817cb4f@group-A8D0EF44B689: changes role from      null to FOLLOWER at term 0 for startAsFollower
2019-10-01 18:08:50,391 [pool-429-thread-1] INFO  impl.RoleInfo (RoleInfo.java:updateAndGet(143)) - 87aeb2bc-28a9-4d25-9225-03921817cb4f: start FollowerState
2019-10-01 18:08:50,391 [pool-429-thread-1] INFO  util.JmxRegister (JmxRegister.java:tryRegister(44)) - Successfully registered JMX Bean with object name Ratis:service=RaftServer,group=group-A8D0EF44B689,id=87aeb2bc-28a9-4d25-9225-03921817cb4f
2019-10-01 18:08:50,395 [RatisPipelineUtilsThread] INFO  pipeline.PipelineStateManager (PipelineStateManager.java:addPipeline(56)) - Created pipeline Pipeline[ Id: 196c21fb-78c9-4027-aa05-a8d0ef44b689, Nodes: 87aeb2bc-28a9-4d25-9225-03921817cb4f{ip: 192.168.164.205, host: pr-hdds-2201-hlsf2-3428063209, networkLocation: /default-rack, certSerialId: null}, Type:RATIS, Factor:ONE, State:OPEN]
2019-10-01 18:08:50,409 [grpc-default-executor-5] INFO  impl.RaftServerProxy (RaftServerProxy.java:addNew(89)) - 84448537-1f99-4d0e-a5f1-ad44b6f4f04b: addNew group-72EF59600E36:[78bf55a6-6154-477c-8620-5698e7baa951:192.168.164.205:40847, 87aeb2bc-28a9-4d25-9225-03921817cb4f:192.168.164.205:45016, 84448537-1f99-4d0e-a5f1-ad44b6f4f04b:192.168.164.205:39458] returns group-72EF59600E36:java.util.concurrent.CompletableFuture@6d964c0c[Not completed]
2019-10-01 18:08:50,409 [grpc-default-executor-1] INFO  impl.RaftServerProxy (RaftServerProxy.java:addNew(89)) - 87aeb2bc-28a9-4d25-9225-03921817cb4f: addNew group-72EF59600E36:[78bf55a6-6154-477c-8620-5698e7baa951:192.168.164.205:40847, 87aeb2bc-28a9-4d25-9225-03921817cb4f:192.168.164.205:45016, 84448537-1f99-4d0e-a5f1-ad44b6f4f04b:192.168.164.205:39458] returns group-72EF59600E36:java.util.concurrent.CompletableFuture@606eb70c[Not completed]
2019-10-01 18:08:50,409 [grpc-default-executor-5] INFO  impl.RaftServerProxy (RaftServerProxy.java:addNew(89)) - 78bf55a6-6154-477c-8620-5698e7baa951: addNew group-72EF59600E36:[78bf55a6-6154-477c-8620-5698e7baa951:192.168.164.205:40847, 87aeb2bc-28a9-4d25-9225-03921817cb4f:192.168.164.205:45016, 84448537-1f99-4d0e-a5f1-ad44b6f4f04b:192.168.164.205:39458] returns group-72EF59600E36:java.util.concurrent.CompletableFuture@4dbe07a6[Not completed]
2019-10-01 18:08:50,409 [pool-419-thread-1] INFO  impl.RaftServerImpl (RaftServerImpl.java:<init>(95)) - 84448537-1f99-4d0e-a5f1-ad44b6f4f04b: new RaftServerImpl for group-72EF59600E36:[78bf55a6-6154-477c-8620-5698e7baa951:192.168.164.205:40847, 87aeb2bc-28a9-4d25-9225-03921817cb4f:192.168.164.205:45016, 84448537-1f99-4d0e-a5f1-ad44b6f4f04b:192.168.164.205:39458] with ContainerStateMachine:uninitialized
2019-10-01 18:08:50,410 [pool-419-thread-1] INFO  server.RaftServerConfigKeys (ConfUtils.java:logGet(43)) - raft.server.rpc.timeout.min = 5s (custom)
2019-10-01 18:08:50,410 [pool-419-thread-1] INFO  server.RaftServerConfigKeys (ConfUtils.java:logGet(43)) - raft.server.rpc.timeout.max = 5200ms (custom)
2019-10-01 18:08:50,410 [pool-419-thread-1] INFO  server.RaftServerConfigKeys (ConfUtils.java:logGet(43)) - raft.server.rpcslowness.timeout = 120s (custom)
2019-10-01 18:08:50,410 [pool-419-thread-1] INFO  server.RaftServerConfigKeys (ConfUtils.java:logGet(43)) - raft.server.sleep.deviation.threshold = 300 (default)
2019-10-01 18:08:50,410 [pool-419-thread-1] INFO  server.RaftServerConfigKeys (ConfUtils.java:logGet(43)) - raft.server.log.appender.install.snapshot.enabled = false (custom)
2019-10-01 18:08:50,410 [pool-429-thread-1] INFO  impl.RaftServerImpl (RaftServerImpl.java:<init>(95)) - 87aeb2bc-28a9-4d25-9225-03921817cb4f: new RaftServerImpl for group-72EF59600E36:[78bf55a6-6154-477c-8620-5698e7baa951:192.168.164.205:40847, 87aeb2bc-28a9-4d25-9225-03921817cb4f:192.168.164.205:45016, 84448537-1f99-4d0e-a5f1-ad44b6f4f04b:192.168.164.205:39458] with ContainerStateMachine:uninitialized
2019-10-01 18:08:50,410 [pool-419-thread-1] INFO  impl.RaftServerImpl (ServerState.java:<init>(103)) - 84448537-1f99-4d0e-a5f1-ad44b6f4f04b@group-72EF59600E36: ConfigurationManager, init=-1: [78bf55a6-6154-477c-8620-5698e7baa951:192.168.164.205:40847, 87aeb2bc-28a9-4d25-9225-03921817cb4f:192.168.164.205:45016, 84448537-1f99-4d0e-a5f1-ad44b6f4f04b:192.168.164.205:39458], old=null, confs=<EMPTY_MAP>
2019-10-01 18:08:50,410 [pool-429-thread-1] INFO  server.RaftServerConfigKeys (ConfUtils.java:logGet(43)) - raft.server.rpc.timeout.min = 5s (custom)
2019-10-01 18:08:50,410 [pool-419-thread-1] INFO  server.RaftServerConfigKeys (ConfUtils.java:logGet(43)) - raft.server.storage.dir = [/workdir/hadoop-ozone/integration-test/target/test-dir/MiniOzoneClusterImpl-2ef0d120-1a14-4960-b5d7-28cf9da586f6/datanode-1/data/ratis] (custom)
2019-10-01 18:08:50,410 [pool-409-thread-1] INFO  impl.RaftServerImpl (RaftServerImpl.java:<init>(95)) - 78bf55a6-6154-477c-8620-5698e7baa951: new RaftServerImpl for group-72EF59600E36:[78bf55a6-6154-477c-8620-5698e7baa951:192.168.164.205:40847, 87aeb2bc-28a9-4d25-9225-03921817cb4f:192.168.164.205:45016, 84448537-1f99-4d0e-a5f1-ad44b6f4f04b:192.168.164.205:39458] with ContainerStateMachine:uninitialized
2019-10-01 18:08:50,410 [pool-429-thread-1] INFO  server.RaftServerConfigKeys (ConfUtils.java:logGet(43)) - raft.server.rpc.timeout.max = 5200ms (custom)
2019-10-01 18:08:50,410 [pool-409-thread-1] INFO  server.RaftServerConfigKeys (ConfUtils.java:logGet(43)) - raft.server.rpc.timeout.min = 5s (custom)
2019-10-01 18:08:50,410 [pool-419-thread-1] INFO  server.RaftServerConfigKeys (ConfUtils.java:logGet(43)) - raft.server.log.corruption.policy = EXCEPTION (default)
2019-10-01 18:08:50,411 [pool-409-thread-1] INFO  server.RaftServerConfigKeys (ConfUtils.java:logGet(43)) - raft.server.rpc.timeout.max = 5200ms (custom)
2019-10-01 18:08:50,411 [pool-409-thread-1] INFO  server.RaftServerConfigKeys (ConfUtils.java:logGet(43)) - raft.server.rpcslowness.timeout = 120s (custom)
2019-10-01 18:08:50,411 [pool-429-thread-1] INFO  server.RaftServerConfigKeys (ConfUtils.java:logGet(43)) - raft.server.rpcslowness.timeout = 120s (custom)
2019-10-01 18:08:50,411 [pool-409-thread-1] INFO  server.RaftServerConfigKeys (ConfUtils.java:logGet(43)) - raft.server.sleep.deviation.threshold = 300 (default)
2019-10-01 18:08:50,411 [pool-419-thread-1] INFO  storage.RaftStorageDirectory (RaftStorageDirectory.java:analyzeStorage(246)) - The storage directory /workdir/hadoop-ozone/integration-test/target/test-dir/MiniOzoneClusterImpl-2ef0d120-1a14-4960-b5d7-28cf9da586f6/datanode-1/data/ratis/7cdf4c0b-23b8-4d3b-8b93-72ef59600e36 does not exist. Creating ...
2019-10-01 18:08:50,411 [pool-409-thread-1] INFO  server.RaftServerConfigKeys (ConfUtils.java:logGet(43)) - raft.server.log.appender.install.snapshot.enabled = false (custom)
2019-10-01 18:08:50,411 [pool-429-thread-1] INFO  server.RaftServerConfigKeys (ConfUtils.java:logGet(43)) - raft.server.sleep.deviation.threshold = 300 (default)
2019-10-01 18:08:50,412 [pool-409-thread-1] INFO  impl.RaftServerImpl (ServerState.java:<init>(103)) - 78bf55a6-6154-477c-8620-5698e7baa951@group-72EF59600E36: ConfigurationManager, init=-1: [78bf55a6-6154-477c-8620-5698e7baa951:192.168.164.205:40847, 87aeb2bc-28a9-4d25-9225-03921817cb4f:192.168.164.205:45016, 84448537-1f99-4d0e-a5f1-ad44b6f4f04b:192.168.164.205:39458], old=null, confs=<EMPTY_MAP>
2019-10-01 18:08:50,412 [pool-429-thread-1] INFO  server.RaftServerConfigKeys (ConfUtils.java:logGet(43)) - raft.server.log.appender.install.snapshot.enabled = false (custom)
2019-10-01 18:08:50,412 [pool-409-thread-1] INFO  server.RaftServerConfigKeys (ConfUtils.java:logGet(43)) - raft.server.storage.dir = [/workdir/hadoop-ozone/integration-test/target/test-dir/MiniOzoneClusterImpl-2ef0d120-1a14-4960-b5d7-28cf9da586f6/datanode-0/data/ratis] (custom)
2019-10-01 18:08:50,412 [pool-429-thread-1] INFO  impl.RaftServerImpl (ServerState.java:<init>(103)) - 87aeb2bc-28a9-4d25-9225-03921817cb4f@group-72EF59600E36: ConfigurationManager, init=-1: [78bf55a6-6154-477c-8620-5698e7baa951:192.168.164.205:40847, 87aeb2bc-28a9-4d25-9225-03921817cb4f:192.168.164.205:45016, 84448537-1f99-4d0e-a5f1-ad44b6f4f04b:192.168.164.205:39458], old=null, confs=<EMPTY_MAP>
2019-10-01 18:08:50,412 [pool-429-thread-1] INFO  server.RaftServerConfigKeys (ConfUtils.java:logGet(43)) - raft.server.storage.dir = [/workdir/hadoop-ozone/integration-test/target/test-dir/MiniOzoneClusterImpl-2ef0d120-1a14-4960-b5d7-28cf9da586f6/datanode-2/data/ratis] (custom)
2019-10-01 18:08:50,412 [pool-409-thread-1] INFO  server.RaftServerConfigKeys (ConfUtils.java:logGet(43)) - raft.server.log.corruption.policy = EXCEPTION (default)
2019-10-01 18:08:50,412 [pool-429-thread-1] INFO  server.RaftServerConfigKeys (ConfUtils.java:logGet(43)) - raft.server.log.corruption.policy = EXCEPTION (default)
2019-10-01 18:08:50,412 [pool-409-thread-1] INFO  storage.RaftStorageDirectory (RaftStorageDirectory.java:analyzeStorage(246)) - The storage directory /workdir/hadoop-ozone/integration-test/target/test-dir/MiniOzoneClusterImpl-2ef0d120-1a14-4960-b5d7-28cf9da586f6/datanode-0/data/ratis/7cdf4c0b-23b8-4d3b-8b93-72ef59600e36 does not exist. Creating ...
2019-10-01 18:08:50,412 [pool-429-thread-1] INFO  storage.RaftStorageDirectory (RaftStorageDirectory.java:analyzeStorage(246)) - The storage directory /workdir/hadoop-ozone/integration-test/target/test-dir/MiniOzoneClusterImpl-2ef0d120-1a14-4960-b5d7-28cf9da586f6/datanode-2/data/ratis/7cdf4c0b-23b8-4d3b-8b93-72ef59600e36 does not exist. Creating ...
2019-10-01 18:08:50,417 [IPC Server handler 1 on 39616] INFO  net.NetworkTopology (NetworkTopologyImpl.java:add(111)) - Added a new node: /default-rack/17b7404d-2d81-475e-bb03-cc9d37296e24
2019-10-01 18:08:50,417 [IPC Server handler 1 on 39616] INFO  node.SCMNodeManager (SCMNodeManager.java:register(266)) - Registered Data node : 17b7404d-2d81-475e-bb03-cc9d37296e24{ip: 192.168.164.205, host: pr-hdds-2201-hlsf2-3428063209, networkLocation: /default-rack, certSerialId: null}
2019-10-01 18:08:50,436 [pool-419-thread-1] INFO  storage.RaftStorageDirectory (RaftStorageDirectory.java:tryLock(328)) - Lock on /workdir/hadoop-ozone/integration-test/target/test-dir/MiniOzoneClusterImpl-2ef0d120-1a14-4960-b5d7-28cf9da586f6/datanode-1/data/ratis/7cdf4c0b-23b8-4d3b-8b93-72ef59600e36/in_use.lock acquired by nodename 9017@pr-hdds-2201-hlsf2-3428063209
2019-10-01 18:08:50,436 [pool-429-thread-1] INFO  storage.RaftStorageDirectory (RaftStorageDirectory.java:tryLock(328)) - Lock on /workdir/hadoop-ozone/integration-test/target/test-dir/MiniOzoneClusterImpl-2ef0d120-1a14-4960-b5d7-28cf9da586f6/datanode-2/data/ratis/7cdf4c0b-23b8-4d3b-8b93-72ef59600e36/in_use.lock acquired by nodename 9017@pr-hdds-2201-hlsf2-3428063209
2019-10-01 18:08:50,436 [pool-409-thread-1] INFO  storage.RaftStorageDirectory (RaftStorageDirectory.java:tryLock(328)) - Lock on /workdir/hadoop-ozone/integration-test/target/test-dir/MiniOzoneClusterImpl-2ef0d120-1a14-4960-b5d7-28cf9da586f6/datanode-0/data/ratis/7cdf4c0b-23b8-4d3b-8b93-72ef59600e36/in_use.lock acquired by nodename 9017@pr-hdds-2201-hlsf2-3428063209
2019-10-01 18:08:50,452 [pool-409-thread-1] INFO  storage.RaftStorage (RaftStorage.java:format(84)) - Storage directory /workdir/hadoop-ozone/integration-test/target/test-dir/MiniOzoneClusterImpl-2ef0d120-1a14-4960-b5d7-28cf9da586f6/datanode-0/data/ratis/7cdf4c0b-23b8-4d3b-8b93-72ef59600e36 has been successfully formatted.
2019-10-01 18:08:50,452 [pool-429-thread-1] INFO  storage.RaftStorage (RaftStorage.java:format(84)) - Storage directory /workdir/hadoop-ozone/integration-test/target/test-dir/MiniOzoneClusterImpl-2ef0d120-1a14-4960-b5d7-28cf9da586f6/datanode-2/data/ratis/7cdf4c0b-23b8-4d3b-8b93-72ef59600e36 has been successfully formatted.
2019-10-01 18:08:50,452 [pool-419-thread-1] INFO  storage.RaftStorage (RaftStorage.java:format(84)) - Storage directory /workdir/hadoop-ozone/integration-test/target/test-dir/MiniOzoneClusterImpl-2ef0d120-1a14-4960-b5d7-28cf9da586f6/datanode-1/data/ratis/7cdf4c0b-23b8-4d3b-8b93-72ef59600e36 has been successfully formatted.
2019-10-01 18:08:50,452 [pool-409-thread-1] INFO  ratis.ContainerStateMachine (ContainerStateMachine.java:loadSnapshot(230)) - group-72EF59600E36: The snapshot info is null. Setting the last applied indexto:(t:0, i:~)
2019-10-01 18:08:50,452 [pool-419-thread-1] INFO  ratis.ContainerStateMachine (ContainerStateMachine.java:loadSnapshot(230)) - group-72EF59600E36: The snapshot info is null. Setting the last applied indexto:(t:0, i:~)
2019-10-01 18:08:50,452 [pool-429-thread-1] INFO  ratis.ContainerStateMachine (ContainerStateMachine.java:loadSnapshot(230)) - group-72EF59600E36: The snapshot info is null. Setting the last applied indexto:(t:0, i:~)
2019-10-01 18:08:50,452 [pool-419-thread-1] INFO  server.RaftServerConfigKeys (ConfUtils.java:logGet(43)) - raft.server.notification.no-leader.timeout = 120s (custom)
2019-10-01 18:08:50,452 [pool-409-thread-1] INFO  server.RaftServerConfigKeys (ConfUtils.java:logGet(43)) - raft.server.notification.no-leader.timeout = 120s (custom)
2019-10-01 18:08:50,452 [pool-419-thread-1] INFO  server.RaftServerConfigKeys (ConfUtils.java:logGet(43)) - raft.server.log.use.memory = false (default)
2019-10-01 18:08:50,452 [pool-429-thread-1] INFO  server.RaftServerConfigKeys (ConfUtils.java:logGet(43)) - raft.server.notification.no-leader.timeout = 120s (custom)
2019-10-01 18:08:50,453 [pool-419-thread-1] INFO  server.RaftServerConfigKeys (ConfUtils.java:logGet(43)) - raft.server.log.purge.gap = 1000000 (custom)
2019-10-01 18:08:50,453 [pool-409-thread-1] INFO  server.RaftServerConfigKeys (ConfUtils.java:logGet(43)) - raft.server.log.use.memory = false (default)
2019-10-01 18:08:50,453 [pool-419-thread-1] INFO  server.RaftServerConfigKeys (ConfUtils.java:logGet(43)) - raft.server.log.appender.buffer.byte-limit = 33554432 (custom)
2019-10-01 18:08:50,453 [pool-429-thread-1] INFO  server.RaftServerConfigKeys (ConfUtils.java:logGet(43)) - raft.server.log.use.memory = false (default)
2019-10-01 18:08:50,453 [pool-419-thread-1] INFO  server.RaftServerConfigKeys (ConfUtils.java:logGet(43)) - raft.server.log.segment.size.max = 1048576 (custom)
2019-10-01 18:08:50,453 [pool-409-thread-1] INFO  server.RaftServerConfigKeys (ConfUtils.java:logGet(43)) - raft.server.log.purge.gap = 1000000 (custom)
2019-10-01 18:08:50,453 [pool-419-thread-1] INFO  server.RaftServerConfigKeys (ConfUtils.java:logGet(43)) - raft.server.log.segment.cache.num.max = 2 (custom)
2019-10-01 18:08:50,453 [pool-429-thread-1] INFO  server.RaftServerConfigKeys (ConfUtils.java:logGet(43)) - raft.server.log.purge.gap = 1000000 (custom)
2019-10-01 18:08:50,454 [pool-419-thread-1] INFO  segmented.SegmentedRaftLogWorker (SegmentedRaftLogWorker.java:<init>(173)) - new 84448537-1f99-4d0e-a5f1-ad44b6f4f04b@group-72EF59600E36-SegmentedRaftLogWorker for RaftStorage:Storage Directory /workdir/hadoop-ozone/integration-test/target/test-dir/MiniOzoneClusterImpl-2ef0d120-1a14-4960-b5d7-28cf9da586f6/datanode-1/data/ratis/7cdf4c0b-23b8-4d3b-8b93-72ef59600e36
2019-10-01 18:08:50,454 [pool-409-thread-1] INFO  server.RaftServerConfigKeys (ConfUtils.java:logGet(43)) - raft.server.log.appender.buffer.byte-limit = 33554432 (custom)
2019-10-01 18:08:50,454 [pool-419-thread-1] INFO  server.RaftServerConfigKeys (ConfUtils.java:logGet(43)) - raft.server.log.queue.byte-limit = 2147483647 (custom)
2019-10-01 18:08:50,454 [pool-429-thread-1] INFO  server.RaftServerConfigKeys (ConfUtils.java:logGet(43)) - raft.server.log.appender.buffer.byte-limit = 33554432 (custom)
2019-10-01 18:08:50,454 [pool-419-thread-1] INFO  server.RaftServerConfigKeys (ConfUtils.java:logGet(43)) - raft.server.log.queue.element-limit = 1024 (custom)
2019-10-01 18:08:50,454 [pool-409-thread-1] INFO  server.RaftServerConfigKeys (ConfUtils.java:logGet(43)) - raft.server.log.segment.size.max = 1048576 (custom)
2019-10-01 18:08:50,454 [pool-419-thread-1] INFO  server.RaftServerConfigKeys (ConfUtils.java:logGet(43)) - raft.server.log.segment.size.max = 1048576 (custom)
2019-10-01 18:08:50,454 [pool-429-thread-1] INFO  server.RaftServerConfigKeys (ConfUtils.java:logGet(43)) - raft.server.log.segment.size.max = 1048576 (custom)
2019-10-01 18:08:50,455 [pool-419-thread-1] INFO  server.RaftServerConfigKeys (ConfUtils.java:logGet(43)) - raft.server.log.preallocated.size = 16384 (custom)
2019-10-01 18:08:50,455 [pool-409-thread-1] INFO  server.RaftServerConfigKeys (ConfUtils.java:logGet(43)) - raft.server.log.segment.cache.num.max = 2 (custom)
2019-10-01 18:08:50,455 [pool-419-thread-1] INFO  server.RaftServerConfigKeys (ConfUtils.java:logGet(43)) - raft.server.log.write.buffer.size = 33554432 (custom)
2019-10-01 18:08:50,455 [pool-429-thread-1] INFO  server.RaftServerConfigKeys (ConfUtils.java:logGet(43)) - raft.server.log.segment.cache.num.max = 2 (custom)
2019-10-01 18:08:50,455 [pool-419-thread-1] INFO  server.RaftServerConfigKeys (ConfUtils.java:logGet(43)) - raft.server.log.force.sync.num = 128 (default)
2019-10-01 18:08:50,455 [pool-409-thread-1] INFO  segmented.SegmentedRaftLogWorker (SegmentedRaftLogWorker.java:<init>(173)) - new 78bf55a6-6154-477c-8620-5698e7baa951@group-72EF59600E36-SegmentedRaftLogWorker for RaftStorage:Storage Directory /workdir/hadoop-ozone/integration-test/target/test-dir/MiniOzoneClusterImpl-2ef0d120-1a14-4960-b5d7-28cf9da586f6/datanode-0/data/ratis/7cdf4c0b-23b8-4d3b-8b93-72ef59600e36
2019-10-01 18:08:50,455 [pool-419-thread-1] INFO  server.RaftServerConfigKeys (ConfUtils.java:logGet(43)) - raft.server.log.statemachine.data.sync = true (default)
2019-10-01 18:08:50,455 [pool-429-thread-1] INFO  segmented.SegmentedRaftLogWorker (SegmentedRaftLogWorker.java:<init>(173)) - new 87aeb2bc-28a9-4d25-9225-03921817cb4f@group-72EF59600E36-SegmentedRaftLogWorker for RaftStorage:Storage Directory /workdir/hadoop-ozone/integration-test/target/test-dir/MiniOzoneClusterImpl-2ef0d120-1a14-4960-b5d7-28cf9da586f6/datanode-2/data/ratis/7cdf4c0b-23b8-4d3b-8b93-72ef59600e36
2019-10-01 18:08:50,456 [pool-419-thread-1] INFO  server.RaftServerConfigKeys (ConfUtils.java:logGet(43)) - raft.server.log.statemachine.data.sync.timeout = 10s (default)
2019-10-01 18:08:50,455 [pool-409-thread-1] INFO  server.RaftServerConfigKeys (ConfUtils.java:logGet(43)) - raft.server.log.queue.byte-limit = 2147483647 (custom)
2019-10-01 18:08:50,456 [pool-419-thread-1] INFO  server.RaftServerConfigKeys (ConfUtils.java:logGet(43)) - raft.server.log.statemachine.data.sync.timeout.retry = -1 (default)
2019-10-01 18:08:50,456 [pool-429-thread-1] INFO  server.RaftServerConfigKeys (ConfUtils.java:logGet(43)) - raft.server.log.queue.byte-limit = 2147483647 (custom)
2019-10-01 18:08:50,456 [pool-419-thread-1] INFO  server.RaftServerConfigKeys (ConfUtils.java:logGet(43)) - raft.server.log.statemachine.data.caching.enabled = true (custom)
2019-10-01 18:08:50,456 [pool-409-thread-1] INFO  server.RaftServerConfigKeys (ConfUtils.java:logGet(43)) - raft.server.log.queue.element-limit = 1024 (custom)
2019-10-01 18:08:50,456 [pool-419-thread-1] INFO  segmented.SegmentedRaftLogWorker (SegmentedRaftLogWorker.java:lambda$new$0(128)) - 84448537-1f99-4d0e-a5f1-ad44b6f4f04b@group-72EF59600E36-SegmentedRaftLogWorker: flushIndex: setUnconditionally 0 -> -1
2019-10-01 18:08:50,456 [pool-429-thread-1] INFO  server.RaftServerConfigKeys (ConfUtils.java:logGet(43)) - raft.server.log.queue.element-limit = 1024 (custom)
2019-10-01 18:08:50,457 [pool-419-thread-1] INFO  server.RaftServerConfigKeys (ConfUtils.java:logGet(43)) - raft.server.snapshot.auto.trigger.enabled = true (custom)
2019-10-01 18:08:50,456 [pool-409-thread-1] INFO  server.RaftServerConfigKeys (ConfUtils.java:logGet(43)) - raft.server.log.segment.size.max = 1048576 (custom)
2019-10-01 18:08:50,457 [pool-419-thread-1] INFO  server.RaftServerConfigKeys (ConfUtils.java:logGet(43)) - raft.server.snapshot.auto.trigger.threshold = 10000 (custom)
2019-10-01 18:08:50,457 [pool-429-thread-1] INFO  server.RaftServerConfigKeys (ConfUtils.java:logGet(43)) - raft.server.log.segment.size.max = 1048576 (custom)
2019-10-01 18:08:50,457 [pool-419-thread-1] INFO  server.RaftServerConfigKeys (ConfUtils.java:logGet(43)) - raft.server.snapshot.retention.file.num = 5 (custom)
2019-10-01 18:08:50,457 [pool-409-thread-1] INFO  server.RaftServerConfigKeys (ConfUtils.java:logGet(43)) - raft.server.log.preallocated.size = 16384 (custom)
2019-10-01 18:08:50,457 [pool-419-thread-1] INFO  server.RaftServerConfigKeys (ConfUtils.java:logGet(43)) - raft.server.retrycache.expirytime = 600000ms (custom)
2019-10-01 18:08:50,457 [pool-429-thread-1] INFO  server.RaftServerConfigKeys (ConfUtils.java:logGet(43)) - raft.server.log.preallocated.size = 16384 (custom)
2019-10-01 18:08:50,457 [pool-409-thread-1] INFO  server.RaftServerConfigKeys (ConfUtils.java:logGet(43)) - raft.server.log.write.buffer.size = 33554432 (custom)
2019-10-01 18:08:50,458 [pool-429-thread-1] INFO  server.RaftServerConfigKeys (ConfUtils.java:logGet(43)) - raft.server.log.write.buffer.size = 33554432 (custom)
2019-10-01 18:08:50,458 [pool-409-thread-1] INFO  server.RaftServerConfigKeys (ConfUtils.java:logGet(43)) - raft.server.log.force.sync.num = 128 (default)
2019-10-01 18:08:50,458 [pool-429-thread-1] INFO  server.RaftServerConfigKeys (ConfUtils.java:logGet(43)) - raft.server.log.force.sync.num = 128 (default)
2019-10-01 18:08:50,458 [pool-409-thread-1] INFO  server.RaftServerConfigKeys (ConfUtils.java:logGet(43)) - raft.server.log.statemachine.data.sync = true (default)
2019-10-01 18:08:50,458 [pool-429-thread-1] INFO  server.RaftServerConfigKeys (ConfUtils.java:logGet(43)) - raft.server.log.statemachine.data.sync = true (default)
2019-10-01 18:08:50,458 [pool-409-thread-1] INFO  server.RaftServerConfigKeys (ConfUtils.java:logGet(43)) - raft.server.log.statemachine.data.sync.timeout = 10s (default)
2019-10-01 18:08:50,458 [pool-429-thread-1] INFO  server.RaftServerConfigKeys (ConfUtils.java:logGet(43)) - raft.server.log.statemachine.data.sync.timeout = 10s (default)
2019-10-01 18:08:50,458 [pool-409-thread-1] INFO  server.RaftServerConfigKeys (ConfUtils.java:logGet(43)) - raft.server.log.statemachine.data.sync.timeout.retry = -1 (default)
2019-10-01 18:08:50,459 [pool-419-thread-1] INFO  impl.RaftServerImpl (RaftServerImpl.java:start(181)) - 84448537-1f99-4d0e-a5f1-ad44b6f4f04b@group-72EF59600E36: start as a follower, conf=-1: [78bf55a6-6154-477c-8620-5698e7baa951:192.168.164.205:40847, 87aeb2bc-28a9-4d25-9225-03921817cb4f:192.168.164.205:45016, 84448537-1f99-4d0e-a5f1-ad44b6f4f04b:192.168.164.205:39458], old=null
2019-10-01 18:08:50,459 [pool-429-thread-1] INFO  server.RaftServerConfigKeys (ConfUtils.java:logGet(43)) - raft.server.log.statemachine.data.sync.timeout.retry = -1 (default)
2019-10-01 18:08:50,459 [pool-419-thread-1] INFO  impl.RaftServerImpl (RaftServerImpl.java:setRole(170)) - 84448537-1f99-4d0e-a5f1-ad44b6f4f04b@group-72EF59600E36: changes role from      null to FOLLOWER at term 0 for startAsFollower
2019-10-01 18:08:50,459 [pool-409-thread-1] INFO  server.RaftServerConfigKeys (ConfUtils.java:logGet(43)) - raft.server.log.statemachine.data.caching.enabled = true (custom)
2019-10-01 18:08:50,459 [pool-419-thread-1] INFO  impl.RoleInfo (RoleInfo.java:updateAndGet(143)) - 84448537-1f99-4d0e-a5f1-ad44b6f4f04b: start FollowerState
2019-10-01 18:08:50,459 [pool-429-thread-1] INFO  server.RaftServerConfigKeys (ConfUtils.java:logGet(43)) - raft.server.log.statemachine.data.caching.enabled = true (custom)
2019-10-01 18:08:50,459 [pool-409-thread-1] INFO  segmented.SegmentedRaftLogWorker (SegmentedRaftLogWorker.java:lambda$new$0(128)) - 78bf55a6-6154-477c-8620-5698e7baa951@group-72EF59600E36-SegmentedRaftLogWorker: flushIndex: setUnconditionally 0 -> -1
2019-10-01 18:08:50,470 [pool-419-thread-1] INFO  util.JmxRegister (JmxRegister.java:tryRegister(44)) - Successfully registered JMX Bean with object name Ratis:service=RaftServer,group=group-72EF59600E36,id=84448537-1f99-4d0e-a5f1-ad44b6f4f04b
2019-10-01 18:08:50,470 [pool-429-thread-1] INFO  segmented.SegmentedRaftLogWorker (SegmentedRaftLogWorker.java:lambda$new$0(128)) - 87aeb2bc-28a9-4d25-9225-03921817cb4f@group-72EF59600E36-SegmentedRaftLogWorker: flushIndex: setUnconditionally 0 -> -1
2019-10-01 18:08:50,470 [pool-409-thread-1] INFO  server.RaftServerConfigKeys (ConfUtils.java:logGet(43)) - raft.server.snapshot.auto.trigger.enabled = true (custom)
2019-10-01 18:08:50,470 [pool-409-thread-1] INFO  server.RaftServerConfigKeys (ConfUtils.java:logGet(43)) - raft.server.snapshot.auto.trigger.threshold = 10000 (custom)
2019-10-01 18:08:50,470 [pool-429-thread-1] INFO  server.RaftServerConfigKeys (ConfUtils.java:logGet(43)) - raft.server.snapshot.auto.trigger.enabled = true (custom)
2019-10-01 18:08:50,470 [pool-409-thread-1] INFO  server.RaftServerConfigKeys (ConfUtils.java:logGet(43)) - raft.server.snapshot.retention.file.num = 5 (custom)
2019-10-01 18:08:50,470 [pool-429-thread-1] INFO  server.RaftServerConfigKeys (ConfUtils.java:logGet(43)) - raft.server.snapshot.auto.trigger.threshold = 10000 (custom)
2019-10-01 18:08:50,471 [pool-409-thread-1] INFO  server.RaftServerConfigKeys (ConfUtils.java:logGet(43)) - raft.server.retrycache.expirytime = 600000ms (custom)
2019-10-01 18:08:50,471 [pool-429-thread-1] INFO  server.RaftServerConfigKeys (ConfUtils.java:logGet(43)) - raft.server.snapshot.retention.file.num = 5 (custom)
2019-10-01 18:08:50,471 [pool-429-thread-1] INFO  server.RaftServerConfigKeys (ConfUtils.java:logGet(43)) - raft.server.retrycache.expirytime = 600000ms (custom)
2019-10-01 18:08:50,479 [pool-409-thread-1] INFO  impl.RaftServerImpl (RaftServerImpl.java:start(181)) - 78bf55a6-6154-477c-8620-5698e7baa951@group-72EF59600E36: start as a follower, conf=-1: [78bf55a6-6154-477c-8620-5698e7baa951:192.168.164.205:40847, 87aeb2bc-28a9-4d25-9225-03921817cb4f:192.168.164.205:45016, 84448537-1f99-4d0e-a5f1-ad44b6f4f04b:192.168.164.205:39458], old=null
2019-10-01 18:08:50,480 [pool-409-thread-1] INFO  impl.RaftServerImpl (RaftServerImpl.java:setRole(170)) - 78bf55a6-6154-477c-8620-5698e7baa951@group-72EF59600E36: changes role from      null to FOLLOWER at term 0 for startAsFollower
2019-10-01 18:08:50,480 [pool-429-thread-1] INFO  impl.RaftServerImpl (RaftServerImpl.java:start(181)) - 87aeb2bc-28a9-4d25-9225-03921817cb4f@group-72EF59600E36: start as a follower, conf=-1: [78bf55a6-6154-477c-8620-5698e7baa951:192.168.164.205:40847, 87aeb2bc-28a9-4d25-9225-03921817cb4f:192.168.164.205:45016, 84448537-1f99-4d0e-a5f1-ad44b6f4f04b:192.168.164.205:39458], old=null
2019-10-01 18:08:50,480 [pool-409-thread-1] INFO  impl.RoleInfo (RoleInfo.java:updateAndGet(143)) - 78bf55a6-6154-477c-8620-5698e7baa951: start FollowerState
2019-10-01 18:08:50,480 [pool-429-thread-1] INFO  impl.RaftServerImpl (RaftServerImpl.java:setRole(170)) - 87aeb2bc-28a9-4d25-9225-03921817cb4f@group-72EF59600E36: changes role from      null to FOLLOWER at term 0 for startAsFollower
2019-10-01 18:08:50,480 [pool-429-thread-1] INFO  impl.RoleInfo (RoleInfo.java:updateAndGet(143)) - 87aeb2bc-28a9-4d25-9225-03921817cb4f: start FollowerState
2019-10-01 18:08:50,480 [pool-409-thread-1] INFO  util.JmxRegister (JmxRegister.java:tryRegister(44)) - Successfully registered JMX Bean with object name Ratis:service=RaftServer,group=group-72EF59600E36,id=78bf55a6-6154-477c-8620-5698e7baa951
2019-10-01 18:08:50,480 [pool-429-thread-1] INFO  util.JmxRegister (JmxRegister.java:tryRegister(44)) - Successfully registered JMX Bean with object name Ratis:service=RaftServer,group=group-72EF59600E36,id=87aeb2bc-28a9-4d25-9225-03921817cb4f
2019-10-01 18:08:50,484 [RatisPipelineUtilsThread] INFO  pipeline.PipelineStateManager (PipelineStateManager.java:addPipeline(56)) - Created pipeline Pipeline[ Id: 7cdf4c0b-23b8-4d3b-8b93-72ef59600e36, Nodes: 87aeb2bc-28a9-4d25-9225-03921817cb4f{ip: 192.168.164.205, host: pr-hdds-2201-hlsf2-3428063209, networkLocation: /default-rack, certSerialId: null}78bf55a6-6154-477c-8620-5698e7baa951{ip: 192.168.164.205, host: pr-hdds-2201-hlsf2-3428063209, networkLocation: /default-rack, certSerialId: null}84448537-1f99-4d0e-a5f1-ad44b6f4f04b{ip: 192.168.164.205, host: pr-hdds-2201-hlsf2-3428063209, networkLocation: /default-rack, certSerialId: null}, Type:RATIS, Factor:THREE, State:OPEN]
2019-10-01 18:08:50,493 [IPC Server handler 2 on 39616] INFO  net.NetworkTopology (NetworkTopologyImpl.java:add(111)) - Added a new node: /default-rack/820de064-3dc6-45b0-ab1f-7b0ae95712fc
2019-10-01 18:08:50,494 [IPC Server handler 2 on 39616] INFO  node.SCMNodeManager (SCMNodeManager.java:register(266)) - Registered Data node : 820de064-3dc6-45b0-ab1f-7b0ae95712fc{ip: 192.168.164.205, host: pr-hdds-2201-hlsf2-3428063209, networkLocation: /default-rack, certSerialId: null}
2019-10-01 18:08:50,500 [grpc-default-executor-5] INFO  impl.RaftServerProxy (RaftServerProxy.java:addNew(89)) - 820de064-3dc6-45b0-ab1f-7b0ae95712fc: addNew group-8CF06E459884:[820de064-3dc6-45b0-ab1f-7b0ae95712fc:192.168.164.205:34221] returns group-8CF06E459884:java.util.concurrent.CompletableFuture@5a376c34[Not completed]
2019-10-01 18:08:50,502 [pool-449-thread-1] INFO  impl.RaftServerImpl (RaftServerImpl.java:<init>(95)) - 820de064-3dc6-45b0-ab1f-7b0ae95712fc: new RaftServerImpl for group-8CF06E459884:[820de064-3dc6-45b0-ab1f-7b0ae95712fc:192.168.164.205:34221] with ContainerStateMachine:uninitialized
2019-10-01 18:08:50,502 [pool-449-thread-1] INFO  server.RaftServerConfigKeys (ConfUtils.java:logGet(43)) - raft.server.rpc.timeout.min = 5s (custom)
2019-10-01 18:08:50,502 [pool-449-thread-1] INFO  server.RaftServerConfigKeys (ConfUtils.java:logGet(43)) - raft.server.rpc.timeout.max = 5200ms (custom)
2019-10-01 18:08:50,502 [pool-449-thread-1] INFO  server.RaftServerConfigKeys (ConfUtils.java:logGet(43)) - raft.server.rpcslowness.timeout = 120s (custom)
2019-10-01 18:08:50,502 [pool-449-thread-1] INFO  server.RaftServerConfigKeys (ConfUtils.java:logGet(43)) - raft.server.sleep.deviation.threshold = 300 (default)
2019-10-01 18:08:50,503 [pool-449-thread-1] INFO  server.RaftServerConfigKeys (ConfUtils.java:logGet(43)) - raft.server.log.appender.install.snapshot.enabled = false (custom)
2019-10-01 18:08:50,503 [pool-449-thread-1] INFO  impl.RaftServerImpl (ServerState.java:<init>(103)) - 820de064-3dc6-45b0-ab1f-7b0ae95712fc@group-8CF06E459884: ConfigurationManager, init=-1: [820de064-3dc6-45b0-ab1f-7b0ae95712fc:192.168.164.205:34221], old=null, confs=<EMPTY_MAP>
2019-10-01 18:08:50,503 [pool-449-thread-1] INFO  server.RaftServerConfigKeys (ConfUtils.java:logGet(43)) - raft.server.storage.dir = [/workdir/hadoop-ozone/integration-test/target/test-dir/MiniOzoneClusterImpl-2ef0d120-1a14-4960-b5d7-28cf9da586f6/datanode-4/data/ratis] (custom)
2019-10-01 18:08:50,503 [pool-449-thread-1] INFO  server.RaftServerConfigKeys (ConfUtils.java:logGet(43)) - raft.server.log.corruption.policy = EXCEPTION (default)
2019-10-01 18:08:50,503 [pool-449-thread-1] INFO  storage.RaftStorageDirectory (RaftStorageDirectory.java:analyzeStorage(246)) - The storage directory /workdir/hadoop-ozone/integration-test/target/test-dir/MiniOzoneClusterImpl-2ef0d120-1a14-4960-b5d7-28cf9da586f6/datanode-4/data/ratis/ccaf530f-f0a5-4fe8-9f8f-8cf06e459884 does not exist. Creating ...
2019-10-01 18:08:50,518 [pool-449-thread-1] INFO  storage.RaftStorageDirectory (RaftStorageDirectory.java:tryLock(328)) - Lock on /workdir/hadoop-ozone/integration-test/target/test-dir/MiniOzoneClusterImpl-2ef0d120-1a14-4960-b5d7-28cf9da586f6/datanode-4/data/ratis/ccaf530f-f0a5-4fe8-9f8f-8cf06e459884/in_use.lock acquired by nodename 9017@pr-hdds-2201-hlsf2-3428063209
2019-10-01 18:08:50,538 [pool-449-thread-1] INFO  storage.RaftStorage (RaftStorage.java:format(84)) - Storage directory /workdir/hadoop-ozone/integration-test/target/test-dir/MiniOzoneClusterImpl-2ef0d120-1a14-4960-b5d7-28cf9da586f6/datanode-4/data/ratis/ccaf530f-f0a5-4fe8-9f8f-8cf06e459884 has been successfully formatted.
2019-10-01 18:08:50,538 [pool-449-thread-1] INFO  ratis.ContainerStateMachine (ContainerStateMachine.java:loadSnapshot(230)) - group-8CF06E459884: The snapshot info is null. Setting the last applied indexto:(t:0, i:~)
2019-10-01 18:08:50,538 [pool-449-thread-1] INFO  server.RaftServerConfigKeys (ConfUtils.java:logGet(43)) - raft.server.notification.no-leader.timeout = 120s (custom)
2019-10-01 18:08:50,539 [pool-449-thread-1] INFO  server.RaftServerConfigKeys (ConfUtils.java:logGet(43)) - raft.server.log.use.memory = false (default)
2019-10-01 18:08:50,539 [pool-449-thread-1] INFO  server.RaftServerConfigKeys (ConfUtils.java:logGet(43)) - raft.server.log.purge.gap = 1000000 (custom)
2019-10-01 18:08:50,539 [pool-449-thread-1] INFO  server.RaftServerConfigKeys (ConfUtils.java:logGet(43)) - raft.server.log.appender.buffer.byte-limit = 33554432 (custom)
2019-10-01 18:08:50,539 [pool-449-thread-1] INFO  server.RaftServerConfigKeys (ConfUtils.java:logGet(43)) - raft.server.log.segment.size.max = 1048576 (custom)
2019-10-01 18:08:50,541 [pool-449-thread-1] INFO  server.RaftServerConfigKeys (ConfUtils.java:logGet(43)) - raft.server.log.segment.cache.num.max = 2 (custom)
2019-10-01 18:08:50,541 [pool-449-thread-1] INFO  segmented.SegmentedRaftLogWorker (SegmentedRaftLogWorker.java:<init>(173)) - new 820de064-3dc6-45b0-ab1f-7b0ae95712fc@group-8CF06E459884-SegmentedRaftLogWorker for RaftStorage:Storage Directory /workdir/hadoop-ozone/integration-test/target/test-dir/MiniOzoneClusterImpl-2ef0d120-1a14-4960-b5d7-28cf9da586f6/datanode-4/data/ratis/ccaf530f-f0a5-4fe8-9f8f-8cf06e459884
2019-10-01 18:08:50,541 [pool-449-thread-1] INFO  server.RaftServerConfigKeys (ConfUtils.java:logGet(43)) - raft.server.log.queue.byte-limit = 2147483647 (custom)
2019-10-01 18:08:50,541 [pool-449-thread-1] INFO  server.RaftServerConfigKeys (ConfUtils.java:logGet(43)) - raft.server.log.queue.element-limit = 1024 (custom)
2019-10-01 18:08:50,541 [pool-449-thread-1] INFO  server.RaftServerConfigKeys (ConfUtils.java:logGet(43)) - raft.server.log.segment.size.max = 1048576 (custom)
2019-10-01 18:08:50,542 [pool-449-thread-1] INFO  server.RaftServerConfigKeys (ConfUtils.java:logGet(43)) - raft.server.log.preallocated.size = 16384 (custom)
2019-10-01 18:08:50,542 [pool-449-thread-1] INFO  server.RaftServerConfigKeys (ConfUtils.java:logGet(43)) - raft.server.log.write.buffer.size = 33554432 (custom)
2019-10-01 18:08:50,542 [pool-449-thread-1] INFO  server.RaftServerConfigKeys (ConfUtils.java:logGet(43)) - raft.server.log.force.sync.num = 128 (default)
2019-10-01 18:08:50,542 [pool-449-thread-1] INFO  server.RaftServerConfigKeys (ConfUtils.java:logGet(43)) - raft.server.log.statemachine.data.sync = true (default)
2019-10-01 18:08:50,542 [pool-449-thread-1] INFO  server.RaftServerConfigKeys (ConfUtils.java:logGet(43)) - raft.server.log.statemachine.data.sync.timeout = 10s (default)
2019-10-01 18:08:50,542 [pool-449-thread-1] INFO  server.RaftServerConfigKeys (ConfUtils.java:logGet(43)) - raft.server.log.statemachine.data.sync.timeout.retry = -1 (default)
2019-10-01 18:08:50,542 [pool-449-thread-1] INFO  server.RaftServerConfigKeys (ConfUtils.java:logGet(43)) - raft.server.log.statemachine.data.caching.enabled = true (custom)
2019-10-01 18:08:50,543 [pool-449-thread-1] INFO  segmented.SegmentedRaftLogWorker (SegmentedRaftLogWorker.java:lambda$new$0(128)) - 820de064-3dc6-45b0-ab1f-7b0ae95712fc@group-8CF06E459884-SegmentedRaftLogWorker: flushIndex: setUnconditionally 0 -> -1
2019-10-01 18:08:50,543 [pool-449-thread-1] INFO  server.RaftServerConfigKeys (ConfUtils.java:logGet(43)) - raft.server.snapshot.auto.trigger.enabled = true (custom)
2019-10-01 18:08:50,543 [pool-449-thread-1] INFO  server.RaftServerConfigKeys (ConfUtils.java:logGet(43)) - raft.server.snapshot.auto.trigger.threshold = 10000 (custom)
2019-10-01 18:08:50,543 [pool-449-thread-1] INFO  server.RaftServerConfigKeys (ConfUtils.java:logGet(43)) - raft.server.snapshot.retention.file.num = 5 (custom)
2019-10-01 18:08:50,543 [pool-449-thread-1] INFO  server.RaftServerConfigKeys (ConfUtils.java:logGet(43)) - raft.server.retrycache.expirytime = 600000ms (custom)
2019-10-01 18:08:50,545 [pool-449-thread-1] INFO  impl.RaftServerImpl (RaftServerImpl.java:start(181)) - 820de064-3dc6-45b0-ab1f-7b0ae95712fc@group-8CF06E459884: start as a follower, conf=-1: [820de064-3dc6-45b0-ab1f-7b0ae95712fc:192.168.164.205:34221], old=null
2019-10-01 18:08:50,545 [pool-449-thread-1] INFO  impl.RaftServerImpl (RaftServerImpl.java:setRole(170)) - 820de064-3dc6-45b0-ab1f-7b0ae95712fc@group-8CF06E459884: changes role from      null to FOLLOWER at term 0 for startAsFollower
2019-10-01 18:08:50,545 [pool-449-thread-1] INFO  impl.RoleInfo (RoleInfo.java:updateAndGet(143)) - 820de064-3dc6-45b0-ab1f-7b0ae95712fc: start FollowerState
2019-10-01 18:08:50,545 [pool-449-thread-1] INFO  util.JmxRegister (JmxRegister.java:tryRegister(44)) - Successfully registered JMX Bean with object name Ratis:service=RaftServer,group=group-8CF06E459884,id=820de064-3dc6-45b0-ab1f-7b0ae95712fc
2019-10-01 18:08:50,549 [RatisPipelineUtilsThread] INFO  pipeline.PipelineStateManager (PipelineStateManager.java:addPipeline(56)) - Created pipeline Pipeline[ Id: ccaf530f-f0a5-4fe8-9f8f-8cf06e459884, Nodes: 820de064-3dc6-45b0-ab1f-7b0ae95712fc{ip: 192.168.164.205, host: pr-hdds-2201-hlsf2-3428063209, networkLocation: /default-rack, certSerialId: null}, Type:RATIS, Factor:ONE, State:OPEN]
2019-10-01 18:08:50,559 [grpc-default-executor-5] INFO  impl.RaftServerProxy (RaftServerProxy.java:addNew(89)) - 17b7404d-2d81-475e-bb03-cc9d37296e24: addNew group-1259D72E637A:[17b7404d-2d81-475e-bb03-cc9d37296e24:192.168.164.205:45696] returns group-1259D72E637A:java.util.concurrent.CompletableFuture@49329271[Not completed]
2019-10-01 18:08:50,560 [pool-439-thread-1] INFO  impl.RaftServerImpl (RaftServerImpl.java:<init>(95)) - 17b7404d-2d81-475e-bb03-cc9d37296e24: new RaftServerImpl for group-1259D72E637A:[17b7404d-2d81-475e-bb03-cc9d37296e24:192.168.164.205:45696] with ContainerStateMachine:uninitialized
2019-10-01 18:08:50,560 [pool-439-thread-1] INFO  server.RaftServerConfigKeys (ConfUtils.java:logGet(43)) - raft.server.rpc.timeout.min = 5s (custom)
2019-10-01 18:08:50,560 [pool-439-thread-1] INFO  server.RaftServerConfigKeys (ConfUtils.java:logGet(43)) - raft.server.rpc.timeout.max = 5200ms (custom)
2019-10-01 18:08:50,560 [pool-439-thread-1] INFO  server.RaftServerConfigKeys (ConfUtils.java:logGet(43)) - raft.server.rpcslowness.timeout = 120s (custom)
2019-10-01 18:08:50,561 [pool-439-thread-1] INFO  server.RaftServerConfigKeys (ConfUtils.java:logGet(43)) - raft.server.sleep.deviation.threshold = 300 (default)
2019-10-01 18:08:50,561 [pool-439-thread-1] INFO  server.RaftServerConfigKeys (ConfUtils.java:logGet(43)) - raft.server.log.appender.install.snapshot.enabled = false (custom)
2019-10-01 18:08:50,561 [pool-439-thread-1] INFO  impl.RaftServerImpl (ServerState.java:<init>(103)) - 17b7404d-2d81-475e-bb03-cc9d37296e24@group-1259D72E637A: ConfigurationManager, init=-1: [17b7404d-2d81-475e-bb03-cc9d37296e24:192.168.164.205:45696], old=null, confs=<EMPTY_MAP>
2019-10-01 18:08:50,561 [pool-439-thread-1] INFO  server.RaftServerConfigKeys (ConfUtils.java:logGet(43)) - raft.server.storage.dir = [/workdir/hadoop-ozone/integration-test/target/test-dir/MiniOzoneClusterImpl-2ef0d120-1a14-4960-b5d7-28cf9da586f6/datanode-3/data/ratis] (custom)
2019-10-01 18:08:50,561 [pool-439-thread-1] INFO  server.RaftServerConfigKeys (ConfUtils.java:logGet(43)) - raft.server.log.corruption.policy = EXCEPTION (default)
2019-10-01 18:08:50,561 [pool-439-thread-1] INFO  storage.RaftStorageDirectory (RaftStorageDirectory.java:analyzeStorage(246)) - The storage directory /workdir/hadoop-ozone/integration-test/target/test-dir/MiniOzoneClusterImpl-2ef0d120-1a14-4960-b5d7-28cf9da586f6/datanode-3/data/ratis/a7bb94ad-6bf7-4bf1-bf41-1259d72e637a does not exist. Creating ...
2019-10-01 18:08:50,564 [IPC Server handler 3 on 39616] INFO  net.NetworkTopology (NetworkTopologyImpl.java:add(111)) - Added a new node: /default-rack/afdd3fe1-73d7-47a9-80c4-ac0b0cf2283a
2019-10-01 18:08:50,564 [IPC Server handler 3 on 39616] INFO  node.SCMNodeManager (SCMNodeManager.java:register(266)) - Registered Data node : afdd3fe1-73d7-47a9-80c4-ac0b0cf2283a{ip: 192.168.164.205, host: pr-hdds-2201-hlsf2-3428063209, networkLocation: /default-rack, certSerialId: null}
2019-10-01 18:08:50,585 [pool-439-thread-1] INFO  storage.RaftStorageDirectory (RaftStorageDirectory.java:tryLock(328)) - Lock on /workdir/hadoop-ozone/integration-test/target/test-dir/MiniOzoneClusterImpl-2ef0d120-1a14-4960-b5d7-28cf9da586f6/datanode-3/data/ratis/a7bb94ad-6bf7-4bf1-bf41-1259d72e637a/in_use.lock acquired by nodename 9017@pr-hdds-2201-hlsf2-3428063209
2019-10-01 18:08:50,598 [pool-439-thread-1] INFO  storage.RaftStorage (RaftStorage.java:format(84)) - Storage directory /workdir/hadoop-ozone/integration-test/target/test-dir/MiniOzoneClusterImpl-2ef0d120-1a14-4960-b5d7-28cf9da586f6/datanode-3/data/ratis/a7bb94ad-6bf7-4bf1-bf41-1259d72e637a has been successfully formatted.
2019-10-01 18:08:50,599 [pool-439-thread-1] INFO  ratis.ContainerStateMachine (ContainerStateMachine.java:loadSnapshot(230)) - group-1259D72E637A: The snapshot info is null. Setting the last applied indexto:(t:0, i:~)
2019-10-01 18:08:50,599 [pool-439-thread-1] INFO  server.RaftServerConfigKeys (ConfUtils.java:logGet(43)) - raft.server.notification.no-leader.timeout = 120s (custom)
2019-10-01 18:08:50,599 [pool-439-thread-1] INFO  server.RaftServerConfigKeys (ConfUtils.java:logGet(43)) - raft.server.log.use.memory = false (default)
2019-10-01 18:08:50,599 [pool-439-thread-1] INFO  server.RaftServerConfigKeys (ConfUtils.java:logGet(43)) - raft.server.log.purge.gap = 1000000 (custom)
2019-10-01 18:08:50,599 [pool-439-thread-1] INFO  server.RaftServerConfigKeys (ConfUtils.java:logGet(43)) - raft.server.log.appender.buffer.byte-limit = 33554432 (custom)
2019-10-01 18:08:50,599 [pool-439-thread-1] INFO  server.RaftServerConfigKeys (ConfUtils.java:logGet(43)) - raft.server.log.segment.size.max = 1048576 (custom)
2019-10-01 18:08:50,600 [pool-439-thread-1] INFO  server.RaftServerConfigKeys (ConfUtils.java:logGet(43)) - raft.server.log.segment.cache.num.max = 2 (custom)
2019-10-01 18:08:50,601 [pool-439-thread-1] INFO  segmented.SegmentedRaftLogWorker (SegmentedRaftLogWorker.java:<init>(173)) - new 17b7404d-2d81-475e-bb03-cc9d37296e24@group-1259D72E637A-SegmentedRaftLogWorker for RaftStorage:Storage Directory /workdir/hadoop-ozone/integration-test/target/test-dir/MiniOzoneClusterImpl-2ef0d120-1a14-4960-b5d7-28cf9da586f6/datanode-3/data/ratis/a7bb94ad-6bf7-4bf1-bf41-1259d72e637a
2019-10-01 18:08:50,601 [pool-439-thread-1] INFO  server.RaftServerConfigKeys (ConfUtils.java:logGet(43)) - raft.server.log.queue.byte-limit = 2147483647 (custom)
2019-10-01 18:08:50,601 [pool-439-thread-1] INFO  server.RaftServerConfigKeys (ConfUtils.java:logGet(43)) - raft.server.log.queue.element-limit = 1024 (custom)
2019-10-01 18:08:50,601 [pool-439-thread-1] INFO  server.RaftServerConfigKeys (ConfUtils.java:logGet(43)) - raft.server.log.segment.size.max = 1048576 (custom)
2019-10-01 18:08:50,601 [pool-439-thread-1] INFO  server.RaftServerConfigKeys (ConfUtils.java:logGet(43)) - raft.server.log.preallocated.size = 16384 (custom)
2019-10-01 18:08:50,601 [pool-439-thread-1] INFO  server.RaftServerConfigKeys (ConfUtils.java:logGet(43)) - raft.server.log.write.buffer.size = 33554432 (custom)
2019-10-01 18:08:50,601 [pool-439-thread-1] INFO  server.RaftServerConfigKeys (ConfUtils.java:logGet(43)) - raft.server.log.force.sync.num = 128 (default)
2019-10-01 18:08:50,601 [pool-439-thread-1] INFO  server.RaftServerConfigKeys (ConfUtils.java:logGet(43)) - raft.server.log.statemachine.data.sync = true (default)
2019-10-01 18:08:50,601 [pool-439-thread-1] INFO  server.RaftServerConfigKeys (ConfUtils.java:logGet(43)) - raft.server.log.statemachine.data.sync.timeout = 10s (default)
2019-10-01 18:08:50,602 [pool-439-thread-1] INFO  server.RaftServerConfigKeys (ConfUtils.java:logGet(43)) - raft.server.log.statemachine.data.sync.timeout.retry = -1 (default)
2019-10-01 18:08:50,602 [pool-439-thread-1] INFO  server.RaftServerConfigKeys (ConfUtils.java:logGet(43)) - raft.server.log.statemachine.data.caching.enabled = true (custom)
2019-10-01 18:08:50,602 [pool-439-thread-1] INFO  segmented.SegmentedRaftLogWorker (SegmentedRaftLogWorker.java:lambda$new$0(128)) - 17b7404d-2d81-475e-bb03-cc9d37296e24@group-1259D72E637A-SegmentedRaftLogWorker: flushIndex: setUnconditionally 0 -> -1
2019-10-01 18:08:50,602 [pool-439-thread-1] INFO  server.RaftServerConfigKeys (ConfUtils.java:logGet(43)) - raft.server.snapshot.auto.trigger.enabled = true (custom)
2019-10-01 18:08:50,603 [pool-439-thread-1] INFO  server.RaftServerConfigKeys (ConfUtils.java:logGet(43)) - raft.server.snapshot.auto.trigger.threshold = 10000 (custom)
2019-10-01 18:08:50,603 [pool-439-thread-1] INFO  server.RaftServerConfigKeys (ConfUtils.java:logGet(43)) - raft.server.snapshot.retention.file.num = 5 (custom)
2019-10-01 18:08:50,603 [pool-439-thread-1] INFO  server.RaftServerConfigKeys (ConfUtils.java:logGet(43)) - raft.server.retrycache.expirytime = 600000ms (custom)
2019-10-01 18:08:50,604 [pool-439-thread-1] INFO  impl.RaftServerImpl (RaftServerImpl.java:start(181)) - 17b7404d-2d81-475e-bb03-cc9d37296e24@group-1259D72E637A: start as a follower, conf=-1: [17b7404d-2d81-475e-bb03-cc9d37296e24:192.168.164.205:45696], old=null
2019-10-01 18:08:50,604 [pool-439-thread-1] INFO  impl.RaftServerImpl (RaftServerImpl.java:setRole(170)) - 17b7404d-2d81-475e-bb03-cc9d37296e24@group-1259D72E637A: changes role from      null to FOLLOWER at term 0 for startAsFollower
2019-10-01 18:08:50,605 [pool-439-thread-1] INFO  impl.RoleInfo (RoleInfo.java:updateAndGet(143)) - 17b7404d-2d81-475e-bb03-cc9d37296e24: start FollowerState
2019-10-01 18:08:50,605 [pool-439-thread-1] INFO  util.JmxRegister (JmxRegister.java:tryRegister(44)) - Successfully registered JMX Bean with object name Ratis:service=RaftServer,group=group-1259D72E637A,id=17b7404d-2d81-475e-bb03-cc9d37296e24
2019-10-01 18:08:50,608 [RatisPipelineUtilsThread] INFO  pipeline.PipelineStateManager (PipelineStateManager.java:addPipeline(56)) - Created pipeline Pipeline[ Id: a7bb94ad-6bf7-4bf1-bf41-1259d72e637a, Nodes: 17b7404d-2d81-475e-bb03-cc9d37296e24{ip: 192.168.164.205, host: pr-hdds-2201-hlsf2-3428063209, networkLocation: /default-rack, certSerialId: null}, Type:RATIS, Factor:ONE, State:OPEN]
2019-10-01 18:08:50,616 [grpc-default-executor-5] INFO  impl.RaftServerProxy (RaftServerProxy.java:addNew(89)) - afdd3fe1-73d7-47a9-80c4-ac0b0cf2283a: addNew group-01958F561CF7:[afdd3fe1-73d7-47a9-80c4-ac0b0cf2283a:192.168.164.205:43376] returns group-01958F561CF7:java.util.concurrent.CompletableFuture@71a42f4d[Not completed]
2019-10-01 18:08:50,616 [pool-459-thread-1] INFO  impl.RaftServerImpl (RaftServerImpl.java:<init>(95)) - afdd3fe1-73d7-47a9-80c4-ac0b0cf2283a: new RaftServerImpl for group-01958F561CF7:[afdd3fe1-73d7-47a9-80c4-ac0b0cf2283a:192.168.164.205:43376] with ContainerStateMachine:uninitialized
2019-10-01 18:08:50,616 [pool-459-thread-1] INFO  server.RaftServerConfigKeys (ConfUtils.java:logGet(43)) - raft.server.rpc.timeout.min = 5s (custom)
2019-10-01 18:08:50,616 [pool-459-thread-1] INFO  server.RaftServerConfigKeys (ConfUtils.java:logGet(43)) - raft.server.rpc.timeout.max = 5200ms (custom)
2019-10-01 18:08:50,617 [pool-459-thread-1] INFO  server.RaftServerConfigKeys (ConfUtils.java:logGet(43)) - raft.server.rpcslowness.timeout = 120s (custom)
2019-10-01 18:08:50,617 [pool-459-thread-1] INFO  server.RaftServerConfigKeys (ConfUtils.java:logGet(43)) - raft.server.sleep.deviation.threshold = 300 (default)
2019-10-01 18:08:50,617 [pool-459-thread-1] INFO  server.RaftServerConfigKeys (ConfUtils.java:logGet(43)) - raft.server.log.appender.install.snapshot.enabled = false (custom)
2019-10-01 18:08:50,617 [pool-459-thread-1] INFO  impl.RaftServerImpl (ServerState.java:<init>(103)) - afdd3fe1-73d7-47a9-80c4-ac0b0cf2283a@group-01958F561CF7: ConfigurationManager, init=-1: [afdd3fe1-73d7-47a9-80c4-ac0b0cf2283a:192.168.164.205:43376], old=null, confs=<EMPTY_MAP>
2019-10-01 18:08:50,617 [pool-459-thread-1] INFO  server.RaftServerConfigKeys (ConfUtils.java:logGet(43)) - raft.server.storage.dir = [/workdir/hadoop-ozone/integration-test/target/test-dir/MiniOzoneClusterImpl-2ef0d120-1a14-4960-b5d7-28cf9da586f6/datanode-5/data/ratis] (custom)
2019-10-01 18:08:50,617 [pool-459-thread-1] INFO  server.RaftServerConfigKeys (ConfUtils.java:logGet(43)) - raft.server.log.corruption.policy = EXCEPTION (default)
2019-10-01 18:08:50,617 [pool-459-thread-1] INFO  storage.RaftStorageDirectory (RaftStorageDirectory.java:analyzeStorage(246)) - The storage directory /workdir/hadoop-ozone/integration-test/target/test-dir/MiniOzoneClusterImpl-2ef0d120-1a14-4960-b5d7-28cf9da586f6/datanode-5/data/ratis/d9dd82d4-6378-4949-a689-01958f561cf7 does not exist. Creating ...
2019-10-01 18:08:50,629 [IPC Server handler 4 on 39616] INFO  net.NetworkTopology (NetworkTopologyImpl.java:add(111)) - Added a new node: /default-rack/8fb55cee-2385-4435-9cab-3397106c25f8
2019-10-01 18:08:50,629 [IPC Server handler 4 on 39616] INFO  node.SCMNodeManager (SCMNodeManager.java:register(266)) - Registered Data node : 8fb55cee-2385-4435-9cab-3397106c25f8{ip: 192.168.164.205, host: pr-hdds-2201-hlsf2-3428063209, networkLocation: /default-rack, certSerialId: null}
2019-10-01 18:08:50,629 [main] INFO  ozone.MiniOzoneClusterImpl (MiniOzoneClusterImpl.java:lambda$waitForClusterToBeReady$0(147)) - Cluster is ready. Got 7 of 7 DN Heartbeats.
2019-10-01 18:08:50,630 [pool-459-thread-1] INFO  storage.RaftStorageDirectory (RaftStorageDirectory.java:tryLock(328)) - Lock on /workdir/hadoop-ozone/integration-test/target/test-dir/MiniOzoneClusterImpl-2ef0d120-1a14-4960-b5d7-28cf9da586f6/datanode-5/data/ratis/d9dd82d4-6378-4949-a689-01958f561cf7/in_use.lock acquired by nodename 9017@pr-hdds-2201-hlsf2-3428063209
2019-10-01 18:08:50,643 [pool-459-thread-1] INFO  storage.RaftStorage (RaftStorage.java:format(84)) - Storage directory /workdir/hadoop-ozone/integration-test/target/test-dir/MiniOzoneClusterImpl-2ef0d120-1a14-4960-b5d7-28cf9da586f6/datanode-5/data/ratis/d9dd82d4-6378-4949-a689-01958f561cf7 has been successfully formatted.
2019-10-01 18:08:50,643 [pool-459-thread-1] INFO  ratis.ContainerStateMachine (ContainerStateMachine.java:loadSnapshot(230)) - group-01958F561CF7: The snapshot info is null. Setting the last applied indexto:(t:0, i:~)
2019-10-01 18:08:50,644 [pool-459-thread-1] INFO  server.RaftServerConfigKeys (ConfUtils.java:logGet(43)) - raft.server.notification.no-leader.timeout = 120s (custom)
2019-10-01 18:08:50,644 [pool-459-thread-1] INFO  server.RaftServerConfigKeys (ConfUtils.java:logGet(43)) - raft.server.log.use.memory = false (default)
2019-10-01 18:08:50,644 [pool-459-thread-1] INFO  server.RaftServerConfigKeys (ConfUtils.java:logGet(43)) - raft.server.log.purge.gap = 1000000 (custom)
2019-10-01 18:08:50,644 [pool-459-thread-1] INFO  server.RaftServerConfigKeys (ConfUtils.java:logGet(43)) - raft.server.log.appender.buffer.byte-limit = 33554432 (custom)
2019-10-01 18:08:50,644 [pool-459-thread-1] INFO  server.RaftServerConfigKeys (ConfUtils.java:logGet(43)) - raft.server.log.segment.size.max = 1048576 (custom)
2019-10-01 18:08:50,661 [pool-459-thread-1] INFO  server.RaftServerConfigKeys (ConfUtils.java:logGet(43)) - raft.server.log.segment.cache.num.max = 2 (custom)
2019-10-01 18:08:50,661 [pool-459-thread-1] INFO  segmented.SegmentedRaftLogWorker (SegmentedRaftLogWorker.java:<init>(173)) - new afdd3fe1-73d7-47a9-80c4-ac0b0cf2283a@group-01958F561CF7-SegmentedRaftLogWorker for RaftStorage:Storage Directory /workdir/hadoop-ozone/integration-test/target/test-dir/MiniOzoneClusterImpl-2ef0d120-1a14-4960-b5d7-28cf9da586f6/datanode-5/data/ratis/d9dd82d4-6378-4949-a689-01958f561cf7
2019-10-01 18:08:50,661 [pool-459-thread-1] INFO  server.RaftServerConfigKeys (ConfUtils.java:logGet(43)) - raft.server.log.queue.byte-limit = 2147483647 (custom)
2019-10-01 18:08:50,661 [pool-459-thread-1] INFO  server.RaftServerConfigKeys (ConfUtils.java:logGet(43)) - raft.server.log.queue.element-limit = 1024 (custom)
2019-10-01 18:08:50,662 [pool-459-thread-1] INFO  server.RaftServerConfigKeys (ConfUtils.java:logGet(43)) - raft.server.log.segment.size.max = 1048576 (custom)
2019-10-01 18:08:50,662 [pool-459-thread-1] INFO  server.RaftServerConfigKeys (ConfUtils.java:logGet(43)) - raft.server.log.preallocated.size = 16384 (custom)
2019-10-01 18:08:50,662 [pool-459-thread-1] INFO  server.RaftServerConfigKeys (ConfUtils.java:logGet(43)) - raft.server.log.write.buffer.size = 33554432 (custom)
2019-10-01 18:08:50,662 [pool-459-thread-1] INFO  server.RaftServerConfigKeys (ConfUtils.java:logGet(43)) - raft.server.log.force.sync.num = 128 (default)
2019-10-01 18:08:50,662 [pool-459-thread-1] INFO  server.RaftServerConfigKeys (ConfUtils.java:logGet(43)) - raft.server.log.statemachine.data.sync = true (default)
2019-10-01 18:08:50,662 [pool-459-thread-1] INFO  server.RaftServerConfigKeys (ConfUtils.java:logGet(43)) - raft.server.log.statemachine.data.sync.timeout = 10s (default)
2019-10-01 18:08:50,662 [pool-459-thread-1] INFO  server.RaftServerConfigKeys (ConfUtils.java:logGet(43)) - raft.server.log.statemachine.data.sync.timeout.retry = -1 (default)
2019-10-01 18:08:50,662 [pool-459-thread-1] INFO  server.RaftServerConfigKeys (ConfUtils.java:logGet(43)) - raft.server.log.statemachine.data.caching.enabled = true (custom)
2019-10-01 18:08:50,663 [pool-459-thread-1] INFO  segmented.SegmentedRaftLogWorker (SegmentedRaftLogWorker.java:lambda$new$0(128)) - afdd3fe1-73d7-47a9-80c4-ac0b0cf2283a@group-01958F561CF7-SegmentedRaftLogWorker: flushIndex: setUnconditionally 0 -> -1
2019-10-01 18:08:50,666 [pool-459-thread-1] INFO  server.RaftServerConfigKeys (ConfUtils.java:logGet(43)) - raft.server.snapshot.auto.trigger.enabled = true (custom)
2019-10-01 18:08:50,666 [pool-459-thread-1] INFO  server.RaftServerConfigKeys (ConfUtils.java:logGet(43)) - raft.server.snapshot.auto.trigger.threshold = 10000 (custom)
2019-10-01 18:08:50,666 [pool-459-thread-1] INFO  server.RaftServerConfigKeys (ConfUtils.java:logGet(43)) - raft.server.snapshot.retention.file.num = 5 (custom)
2019-10-01 18:08:50,666 [pool-459-thread-1] INFO  server.RaftServerConfigKeys (ConfUtils.java:logGet(43)) - raft.server.retrycache.expirytime = 600000ms (custom)
2019-10-01 18:08:50,667 [main] INFO  rpc.RpcClient (RpcClient.java:createVolume(276)) - Creating Volume: testblockoutputstream, with jenkins1000 as owner.
2019-10-01 18:08:50,668 [pool-459-thread-1] INFO  impl.RaftServerImpl (RaftServerImpl.java:start(181)) - afdd3fe1-73d7-47a9-80c4-ac0b0cf2283a@group-01958F561CF7: start as a follower, conf=-1: [afdd3fe1-73d7-47a9-80c4-ac0b0cf2283a:192.168.164.205:43376], old=null
2019-10-01 18:08:50,668 [pool-459-thread-1] INFO  impl.RaftServerImpl (RaftServerImpl.java:setRole(170)) - afdd3fe1-73d7-47a9-80c4-ac0b0cf2283a@group-01958F561CF7: changes role from      null to FOLLOWER at term 0 for startAsFollower
2019-10-01 18:08:50,668 [pool-459-thread-1] INFO  impl.RoleInfo (RoleInfo.java:updateAndGet(143)) - afdd3fe1-73d7-47a9-80c4-ac0b0cf2283a: start FollowerState
2019-10-01 18:08:50,669 [pool-459-thread-1] INFO  util.JmxRegister (JmxRegister.java:tryRegister(44)) - Successfully registered JMX Bean with object name Ratis:service=RaftServer,group=group-01958F561CF7,id=afdd3fe1-73d7-47a9-80c4-ac0b0cf2283a
2019-10-01 18:08:50,670 [IPC Server handler 2 on 34645] INFO  volume.OMVolumeCreateRequest (OMVolumeCreateRequest.java:validateAndUpdateCache(193)) - created volume:testblockoutputstream for user:jenkins1000
2019-10-01 18:08:50,674 [RatisPipelineUtilsThread] INFO  pipeline.PipelineStateManager (PipelineStateManager.java:addPipeline(56)) - Created pipeline Pipeline[ Id: d9dd82d4-6378-4949-a689-01958f561cf7, Nodes: afdd3fe1-73d7-47a9-80c4-ac0b0cf2283a{ip: 192.168.164.205, host: pr-hdds-2201-hlsf2-3428063209, networkLocation: /default-rack, certSerialId: null}, Type:RATIS, Factor:ONE, State:OPEN]
2019-10-01 18:08:50,686 [main] INFO  rpc.RpcClient (RpcClient.java:createBucket(415)) - Creating Bucket: testblockoutputstream/testblockoutputstream, with Versioning false and Storage Type set to DISK and Encryption set to false 
2019-10-01 18:08:50,694 [grpc-default-executor-5] INFO  impl.RaftServerProxy (RaftServerProxy.java:addNew(89)) - 8fb55cee-2385-4435-9cab-3397106c25f8: addNew group-858AB850688D:[8fb55cee-2385-4435-9cab-3397106c25f8:192.168.164.205:41941] returns group-858AB850688D:java.util.concurrent.CompletableFuture@7b717c33[Not completed]
2019-10-01 18:08:50,695 [pool-469-thread-1] INFO  impl.RaftServerImpl (RaftServerImpl.java:<init>(95)) - 8fb55cee-2385-4435-9cab-3397106c25f8: new RaftServerImpl for group-858AB850688D:[8fb55cee-2385-4435-9cab-3397106c25f8:192.168.164.205:41941] with ContainerStateMachine:uninitialized
2019-10-01 18:08:50,695 [pool-469-thread-1] INFO  server.RaftServerConfigKeys (ConfUtils.java:logGet(43)) - raft.server.rpc.timeout.min = 5s (custom)
2019-10-01 18:08:50,695 [pool-469-thread-1] INFO  server.RaftServerConfigKeys (ConfUtils.java:logGet(43)) - raft.server.rpc.timeout.max = 5200ms (custom)
2019-10-01 18:08:50,695 [pool-469-thread-1] INFO  server.RaftServerConfigKeys (ConfUtils.java:logGet(43)) - raft.server.rpcslowness.timeout = 120s (custom)
2019-10-01 18:08:50,695 [pool-469-thread-1] INFO  server.RaftServerConfigKeys (ConfUtils.java:logGet(43)) - raft.server.sleep.deviation.threshold = 300 (default)
2019-10-01 18:08:50,695 [pool-469-thread-1] INFO  server.RaftServerConfigKeys (ConfUtils.java:logGet(43)) - raft.server.log.appender.install.snapshot.enabled = false (custom)
2019-10-01 18:08:50,696 [pool-469-thread-1] INFO  impl.RaftServerImpl (ServerState.java:<init>(103)) - 8fb55cee-2385-4435-9cab-3397106c25f8@group-858AB850688D: ConfigurationManager, init=-1: [8fb55cee-2385-4435-9cab-3397106c25f8:192.168.164.205:41941], old=null, confs=<EMPTY_MAP>
2019-10-01 18:08:50,696 [pool-469-thread-1] INFO  server.RaftServerConfigKeys (ConfUtils.java:logGet(43)) - raft.server.storage.dir = [/workdir/hadoop-ozone/integration-test/target/test-dir/MiniOzoneClusterImpl-2ef0d120-1a14-4960-b5d7-28cf9da586f6/datanode-6/data/ratis] (custom)
2019-10-01 18:08:50,696 [pool-469-thread-1] INFO  server.RaftServerConfigKeys (ConfUtils.java:logGet(43)) - raft.server.log.corruption.policy = EXCEPTION (default)
2019-10-01 18:08:50,696 [pool-469-thread-1] INFO  storage.RaftStorageDirectory (RaftStorageDirectory.java:analyzeStorage(246)) - The storage directory /workdir/hadoop-ozone/integration-test/target/test-dir/MiniOzoneClusterImpl-2ef0d120-1a14-4960-b5d7-28cf9da586f6/datanode-6/data/ratis/89de8827-941c-48a5-b03b-858ab850688d does not exist. Creating ...
2019-10-01 18:08:50,709 [pool-469-thread-1] INFO  storage.RaftStorageDirectory (RaftStorageDirectory.java:tryLock(328)) - Lock on /workdir/hadoop-ozone/integration-test/target/test-dir/MiniOzoneClusterImpl-2ef0d120-1a14-4960-b5d7-28cf9da586f6/datanode-6/data/ratis/89de8827-941c-48a5-b03b-858ab850688d/in_use.lock acquired by nodename 9017@pr-hdds-2201-hlsf2-3428063209
2019-10-01 18:08:50,722 [pool-469-thread-1] INFO  storage.RaftStorage (RaftStorage.java:format(84)) - Storage directory /workdir/hadoop-ozone/integration-test/target/test-dir/MiniOzoneClusterImpl-2ef0d120-1a14-4960-b5d7-28cf9da586f6/datanode-6/data/ratis/89de8827-941c-48a5-b03b-858ab850688d has been successfully formatted.
2019-10-01 18:08:50,722 [pool-469-thread-1] INFO  ratis.ContainerStateMachine (ContainerStateMachine.java:loadSnapshot(230)) - group-858AB850688D: The snapshot info is null. Setting the last applied indexto:(t:0, i:~)
2019-10-01 18:08:50,722 [pool-469-thread-1] INFO  server.RaftServerConfigKeys (ConfUtils.java:logGet(43)) - raft.server.notification.no-leader.timeout = 120s (custom)
2019-10-01 18:08:50,722 [pool-469-thread-1] INFO  server.RaftServerConfigKeys (ConfUtils.java:logGet(43)) - raft.server.log.use.memory = false (default)
2019-10-01 18:08:50,723 [pool-469-thread-1] INFO  server.RaftServerConfigKeys (ConfUtils.java:logGet(43)) - raft.server.log.purge.gap = 1000000 (custom)
2019-10-01 18:08:50,723 [pool-469-thread-1] INFO  server.RaftServerConfigKeys (ConfUtils.java:logGet(43)) - raft.server.log.appender.buffer.byte-limit = 33554432 (custom)
2019-10-01 18:08:50,723 [pool-469-thread-1] INFO  server.RaftServerConfigKeys (ConfUtils.java:logGet(43)) - raft.server.log.segment.size.max = 1048576 (custom)
2019-10-01 18:08:50,724 [pool-469-thread-1] INFO  server.RaftServerConfigKeys (ConfUtils.java:logGet(43)) - raft.server.log.segment.cache.num.max = 2 (custom)
2019-10-01 18:08:50,724 [pool-469-thread-1] INFO  segmented.SegmentedRaftLogWorker (SegmentedRaftLogWorker.java:<init>(173)) - new 8fb55cee-2385-4435-9cab-3397106c25f8@group-858AB850688D-SegmentedRaftLogWorker for RaftStorage:Storage Directory /workdir/hadoop-ozone/integration-test/target/test-dir/MiniOzoneClusterImpl-2ef0d120-1a14-4960-b5d7-28cf9da586f6/datanode-6/data/ratis/89de8827-941c-48a5-b03b-858ab850688d
2019-10-01 18:08:50,724 [pool-469-thread-1] INFO  server.RaftServerConfigKeys (ConfUtils.java:logGet(43)) - raft.server.log.queue.byte-limit = 2147483647 (custom)
2019-10-01 18:08:50,725 [pool-469-thread-1] INFO  server.RaftServerConfigKeys (ConfUtils.java:logGet(43)) - raft.server.log.queue.element-limit = 1024 (custom)
2019-10-01 18:08:50,725 [pool-469-thread-1] INFO  server.RaftServerConfigKeys (ConfUtils.java:logGet(43)) - raft.server.log.segment.size.max = 1048576 (custom)
2019-10-01 18:08:50,725 [pool-469-thread-1] INFO  server.RaftServerConfigKeys (ConfUtils.java:logGet(43)) - raft.server.log.preallocated.size = 16384 (custom)
2019-10-01 18:08:50,725 [pool-469-thread-1] INFO  server.RaftServerConfigKeys (ConfUtils.java:logGet(43)) - raft.server.log.write.buffer.size = 33554432 (custom)
2019-10-01 18:08:50,725 [pool-469-thread-1] INFO  server.RaftServerConfigKeys (ConfUtils.java:logGet(43)) - raft.server.log.force.sync.num = 128 (default)
2019-10-01 18:08:50,725 [pool-469-thread-1] INFO  server.RaftServerConfigKeys (ConfUtils.java:logGet(43)) - raft.server.log.statemachine.data.sync = true (default)
2019-10-01 18:08:50,725 [pool-469-thread-1] INFO  server.RaftServerConfigKeys (ConfUtils.java:logGet(43)) - raft.server.log.statemachine.data.sync.timeout = 10s (default)
2019-10-01 18:08:50,725 [pool-469-thread-1] INFO  server.RaftServerConfigKeys (ConfUtils.java:logGet(43)) - raft.server.log.statemachine.data.sync.timeout.retry = -1 (default)
2019-10-01 18:08:50,726 [pool-469-thread-1] INFO  server.RaftServerConfigKeys (ConfUtils.java:logGet(43)) - raft.server.log.statemachine.data.caching.enabled = true (custom)
2019-10-01 18:08:50,726 [pool-469-thread-1] INFO  segmented.SegmentedRaftLogWorker (SegmentedRaftLogWorker.java:lambda$new$0(128)) - 8fb55cee-2385-4435-9cab-3397106c25f8@group-858AB850688D-SegmentedRaftLogWorker: flushIndex: setUnconditionally 0 -> -1
2019-10-01 18:08:50,726 [pool-469-thread-1] INFO  server.RaftServerConfigKeys (ConfUtils.java:logGet(43)) - raft.server.snapshot.auto.trigger.enabled = true (custom)
2019-10-01 18:08:50,726 [pool-469-thread-1] INFO  server.RaftServerConfigKeys (ConfUtils.java:logGet(43)) - raft.server.snapshot.auto.trigger.threshold = 10000 (custom)
2019-10-01 18:08:50,726 [pool-469-thread-1] INFO  server.RaftServerConfigKeys (ConfUtils.java:logGet(43)) - raft.server.snapshot.retention.file.num = 5 (custom)
2019-10-01 18:08:50,727 [pool-469-thread-1] INFO  server.RaftServerConfigKeys (ConfUtils.java:logGet(43)) - raft.server.retrycache.expirytime = 600000ms (custom)
2019-10-01 18:08:50,728 [pool-469-thread-1] INFO  impl.RaftServerImpl (RaftServerImpl.java:start(181)) - 8fb55cee-2385-4435-9cab-3397106c25f8@group-858AB850688D: start as a follower, conf=-1: [8fb55cee-2385-4435-9cab-3397106c25f8:192.168.164.205:41941], old=null
2019-10-01 18:08:50,728 [pool-469-thread-1] INFO  impl.RaftServerImpl (RaftServerImpl.java:setRole(170)) - 8fb55cee-2385-4435-9cab-3397106c25f8@group-858AB850688D: changes role from      null to FOLLOWER at term 0 for startAsFollower
2019-10-01 18:08:50,728 [pool-469-thread-1] INFO  impl.RoleInfo (RoleInfo.java:updateAndGet(143)) - 8fb55cee-2385-4435-9cab-3397106c25f8: start FollowerState
2019-10-01 18:08:50,728 [pool-469-thread-1] INFO  util.JmxRegister (JmxRegister.java:tryRegister(44)) - Successfully registered JMX Bean with object name Ratis:service=RaftServer,group=group-858AB850688D,id=8fb55cee-2385-4435-9cab-3397106c25f8
2019-10-01 18:08:50,731 [RatisPipelineUtilsThread] INFO  pipeline.PipelineStateManager (PipelineStateManager.java:addPipeline(56)) - Created pipeline Pipeline[ Id: 89de8827-941c-48a5-b03b-858ab850688d, Nodes: 8fb55cee-2385-4435-9cab-3397106c25f8{ip: 192.168.164.205, host: pr-hdds-2201-hlsf2-3428063209, networkLocation: /default-rack, certSerialId: null}, Type:RATIS, Factor:ONE, State:OPEN]
2019-10-01 18:08:50,757 [grpc-default-executor-1] INFO  impl.RaftServerProxy (RaftServerProxy.java:addNew(89)) - 820de064-3dc6-45b0-ab1f-7b0ae95712fc: addNew group-815DC923044E:[820de064-3dc6-45b0-ab1f-7b0ae95712fc:192.168.164.205:34221, 8fb55cee-2385-4435-9cab-3397106c25f8:192.168.164.205:41941, afdd3fe1-73d7-47a9-80c4-ac0b0cf2283a:192.168.164.205:43376] returns group-815DC923044E:java.util.concurrent.CompletableFuture@2486efd9[Not completed]
2019-10-01 18:08:50,757 [grpc-default-executor-5] INFO  impl.RaftServerProxy (RaftServerProxy.java:addNew(89)) - 8fb55cee-2385-4435-9cab-3397106c25f8: addNew group-815DC923044E:[820de064-3dc6-45b0-ab1f-7b0ae95712fc:192.168.164.205:34221, 8fb55cee-2385-4435-9cab-3397106c25f8:192.168.164.205:41941, afdd3fe1-73d7-47a9-80c4-ac0b0cf2283a:192.168.164.205:43376] returns group-815DC923044E:java.util.concurrent.CompletableFuture@431fed30[Not completed]
2019-10-01 18:08:50,757 [grpc-default-executor-7] INFO  impl.RaftServerProxy (RaftServerProxy.java:addNew(89)) - afdd3fe1-73d7-47a9-80c4-ac0b0cf2283a: addNew group-815DC923044E:[820de064-3dc6-45b0-ab1f-7b0ae95712fc:192.168.164.205:34221, 8fb55cee-2385-4435-9cab-3397106c25f8:192.168.164.205:41941, afdd3fe1-73d7-47a9-80c4-ac0b0cf2283a:192.168.164.205:43376] returns group-815DC923044E:java.util.concurrent.CompletableFuture@5b0a5ae4[Not completed]
2019-10-01 18:08:50,758 [pool-449-thread-1] INFO  impl.RaftServerImpl (RaftServerImpl.java:<init>(95)) - 820de064-3dc6-45b0-ab1f-7b0ae95712fc: new RaftServerImpl for group-815DC923044E:[820de064-3dc6-45b0-ab1f-7b0ae95712fc:192.168.164.205:34221, 8fb55cee-2385-4435-9cab-3397106c25f8:192.168.164.205:41941, afdd3fe1-73d7-47a9-80c4-ac0b0cf2283a:192.168.164.205:43376] with ContainerStateMachine:uninitialized
2019-10-01 18:08:50,759 [pool-449-thread-1] INFO  server.RaftServerConfigKeys (ConfUtils.java:logGet(43)) - raft.server.rpc.timeout.min = 5s (custom)
2019-10-01 18:08:50,759 [pool-449-thread-1] INFO  server.RaftServerConfigKeys (ConfUtils.java:logGet(43)) - raft.server.rpc.timeout.max = 5200ms (custom)
2019-10-01 18:08:50,759 [pool-469-thread-1] INFO  impl.RaftServerImpl (RaftServerImpl.java:<init>(95)) - 8fb55cee-2385-4435-9cab-3397106c25f8: new RaftServerImpl for group-815DC923044E:[820de064-3dc6-45b0-ab1f-7b0ae95712fc:192.168.164.205:34221, 8fb55cee-2385-4435-9cab-3397106c25f8:192.168.164.205:41941, afdd3fe1-73d7-47a9-80c4-ac0b0cf2283a:192.168.164.205:43376] with ContainerStateMachine:uninitialized
2019-10-01 18:08:50,759 [pool-449-thread-1] INFO  server.RaftServerConfigKeys (ConfUtils.java:logGet(43)) - raft.server.rpcslowness.timeout = 120s (custom)
2019-10-01 18:08:50,759 [pool-469-thread-1] INFO  server.RaftServerConfigKeys (ConfUtils.java:logGet(43)) - raft.server.rpc.timeout.min = 5s (custom)
2019-10-01 18:08:50,759 [pool-449-thread-1] INFO  server.RaftServerConfigKeys (ConfUtils.java:logGet(43)) - raft.server.sleep.deviation.threshold = 300 (default)
2019-10-01 18:08:50,759 [pool-469-thread-1] INFO  server.RaftServerConfigKeys (ConfUtils.java:logGet(43)) - raft.server.rpc.timeout.max = 5200ms (custom)
2019-10-01 18:08:50,759 [pool-449-thread-1] INFO  server.RaftServerConfigKeys (ConfUtils.java:logGet(43)) - raft.server.log.appender.install.snapshot.enabled = false (custom)
2019-10-01 18:08:50,759 [pool-449-thread-1] INFO  impl.RaftServerImpl (ServerState.java:<init>(103)) - 820de064-3dc6-45b0-ab1f-7b0ae95712fc@group-815DC923044E: ConfigurationManager, init=-1: [820de064-3dc6-45b0-ab1f-7b0ae95712fc:192.168.164.205:34221, 8fb55cee-2385-4435-9cab-3397106c25f8:192.168.164.205:41941, afdd3fe1-73d7-47a9-80c4-ac0b0cf2283a:192.168.164.205:43376], old=null, confs=<EMPTY_MAP>
2019-10-01 18:08:50,759 [pool-459-thread-1] INFO  impl.RaftServerImpl (RaftServerImpl.java:<init>(95)) - afdd3fe1-73d7-47a9-80c4-ac0b0cf2283a: new RaftServerImpl for group-815DC923044E:[820de064-3dc6-45b0-ab1f-7b0ae95712fc:192.168.164.205:34221, 8fb55cee-2385-4435-9cab-3397106c25f8:192.168.164.205:41941, afdd3fe1-73d7-47a9-80c4-ac0b0cf2283a:192.168.164.205:43376] with ContainerStateMachine:uninitialized
2019-10-01 18:08:50,759 [pool-449-thread-1] INFO  server.RaftServerConfigKeys (ConfUtils.java:logGet(43)) - raft.server.storage.dir = [/workdir/hadoop-ozone/integration-test/target/test-dir/MiniOzoneClusterImpl-2ef0d120-1a14-4960-b5d7-28cf9da586f6/datanode-4/data/ratis] (custom)
2019-10-01 18:08:50,759 [pool-469-thread-1] INFO  server.RaftServerConfigKeys (ConfUtils.java:logGet(43)) - raft.server.rpcslowness.timeout = 120s (custom)
2019-10-01 18:08:50,760 [pool-459-thread-1] INFO  server.RaftServerConfigKeys (ConfUtils.java:logGet(43)) - raft.server.rpc.timeout.min = 5s (custom)
2019-10-01 18:08:50,760 [pool-449-thread-1] INFO  server.RaftServerConfigKeys (ConfUtils.java:logGet(43)) - raft.server.log.corruption.policy = EXCEPTION (default)
2019-10-01 18:08:50,760 [pool-469-thread-1] INFO  server.RaftServerConfigKeys (ConfUtils.java:logGet(43)) - raft.server.sleep.deviation.threshold = 300 (default)
2019-10-01 18:08:50,760 [pool-449-thread-1] INFO  storage.RaftStorageDirectory (RaftStorageDirectory.java:analyzeStorage(246)) - The storage directory /workdir/hadoop-ozone/integration-test/target/test-dir/MiniOzoneClusterImpl-2ef0d120-1a14-4960-b5d7-28cf9da586f6/datanode-4/data/ratis/aa46d679-78ba-421d-b0ac-815dc923044e does not exist. Creating ...
2019-10-01 18:08:50,760 [pool-459-thread-1] INFO  server.RaftServerConfigKeys (ConfUtils.java:logGet(43)) - raft.server.rpc.timeout.max = 5200ms (custom)
2019-10-01 18:08:50,760 [pool-469-thread-1] INFO  server.RaftServerConfigKeys (ConfUtils.java:logGet(43)) - raft.server.log.appender.install.snapshot.enabled = false (custom)
2019-10-01 18:08:50,760 [pool-459-thread-1] INFO  server.RaftServerConfigKeys (ConfUtils.java:logGet(43)) - raft.server.rpcslowness.timeout = 120s (custom)
2019-10-01 18:08:50,760 [pool-469-thread-1] INFO  impl.RaftServerImpl (ServerState.java:<init>(103)) - 8fb55cee-2385-4435-9cab-3397106c25f8@group-815DC923044E: ConfigurationManager, init=-1: [820de064-3dc6-45b0-ab1f-7b0ae95712fc:192.168.164.205:34221, 8fb55cee-2385-4435-9cab-3397106c25f8:192.168.164.205:41941, afdd3fe1-73d7-47a9-80c4-ac0b0cf2283a:192.168.164.205:43376], old=null, confs=<EMPTY_MAP>
2019-10-01 18:08:50,760 [pool-459-thread-1] INFO  server.RaftServerConfigKeys (ConfUtils.java:logGet(43)) - raft.server.sleep.deviation.threshold = 300 (default)
2019-10-01 18:08:50,760 [pool-469-thread-1] INFO  server.RaftServerConfigKeys (ConfUtils.java:logGet(43)) - raft.server.storage.dir = [/workdir/hadoop-ozone/integration-test/target/test-dir/MiniOzoneClusterImpl-2ef0d120-1a14-4960-b5d7-28cf9da586f6/datanode-6/data/ratis] (custom)
2019-10-01 18:08:50,761 [pool-459-thread-1] INFO  server.RaftServerConfigKeys (ConfUtils.java:logGet(43)) - raft.server.log.appender.install.snapshot.enabled = false (custom)
2019-10-01 18:08:50,761 [pool-469-thread-1] INFO  server.RaftServerConfigKeys (ConfUtils.java:logGet(43)) - raft.server.log.corruption.policy = EXCEPTION (default)
2019-10-01 18:08:50,761 [pool-459-thread-1] INFO  impl.RaftServerImpl (ServerState.java:<init>(103)) - afdd3fe1-73d7-47a9-80c4-ac0b0cf2283a@group-815DC923044E: ConfigurationManager, init=-1: [820de064-3dc6-45b0-ab1f-7b0ae95712fc:192.168.164.205:34221, 8fb55cee-2385-4435-9cab-3397106c25f8:192.168.164.205:41941, afdd3fe1-73d7-47a9-80c4-ac0b0cf2283a:192.168.164.205:43376], old=null, confs=<EMPTY_MAP>
2019-10-01 18:08:50,761 [pool-469-thread-1] INFO  storage.RaftStorageDirectory (RaftStorageDirectory.java:analyzeStorage(246)) - The storage directory /workdir/hadoop-ozone/integration-test/target/test-dir/MiniOzoneClusterImpl-2ef0d120-1a14-4960-b5d7-28cf9da586f6/datanode-6/data/ratis/aa46d679-78ba-421d-b0ac-815dc923044e does not exist. Creating ...
2019-10-01 18:08:50,761 [pool-459-thread-1] INFO  server.RaftServerConfigKeys (ConfUtils.java:logGet(43)) - raft.server.storage.dir = [/workdir/hadoop-ozone/integration-test/target/test-dir/MiniOzoneClusterImpl-2ef0d120-1a14-4960-b5d7-28cf9da586f6/datanode-5/data/ratis] (custom)
2019-10-01 18:08:50,761 [pool-459-thread-1] INFO  server.RaftServerConfigKeys (ConfUtils.java:logGet(43)) - raft.server.log.corruption.policy = EXCEPTION (default)
2019-10-01 18:08:50,762 [pool-459-thread-1] INFO  storage.RaftStorageDirectory (RaftStorageDirectory.java:analyzeStorage(246)) - The storage directory /workdir/hadoop-ozone/integration-test/target/test-dir/MiniOzoneClusterImpl-2ef0d120-1a14-4960-b5d7-28cf9da586f6/datanode-5/data/ratis/aa46d679-78ba-421d-b0ac-815dc923044e does not exist. Creating ...
2019-10-01 18:08:50,786 [pool-459-thread-1] INFO  storage.RaftStorageDirectory (RaftStorageDirectory.java:tryLock(328)) - Lock on /workdir/hadoop-ozone/integration-test/target/test-dir/MiniOzoneClusterImpl-2ef0d120-1a14-4960-b5d7-28cf9da586f6/datanode-5/data/ratis/aa46d679-78ba-421d-b0ac-815dc923044e/in_use.lock acquired by nodename 9017@pr-hdds-2201-hlsf2-3428063209
2019-10-01 18:08:50,786 [pool-449-thread-1] INFO  storage.RaftStorageDirectory (RaftStorageDirectory.java:tryLock(328)) - Lock on /workdir/hadoop-ozone/integration-test/target/test-dir/MiniOzoneClusterImpl-2ef0d120-1a14-4960-b5d7-28cf9da586f6/datanode-4/data/ratis/aa46d679-78ba-421d-b0ac-815dc923044e/in_use.lock acquired by nodename 9017@pr-hdds-2201-hlsf2-3428063209
2019-10-01 18:08:50,786 [pool-469-thread-1] INFO  storage.RaftStorageDirectory (RaftStorageDirectory.java:tryLock(328)) - Lock on /workdir/hadoop-ozone/integration-test/target/test-dir/MiniOzoneClusterImpl-2ef0d120-1a14-4960-b5d7-28cf9da586f6/datanode-6/data/ratis/aa46d679-78ba-421d-b0ac-815dc923044e/in_use.lock acquired by nodename 9017@pr-hdds-2201-hlsf2-3428063209
2019-10-01 18:08:50,812 [pool-449-thread-1] INFO  storage.RaftStorage (RaftStorage.java:format(84)) - Storage directory /workdir/hadoop-ozone/integration-test/target/test-dir/MiniOzoneClusterImpl-2ef0d120-1a14-4960-b5d7-28cf9da586f6/datanode-4/data/ratis/aa46d679-78ba-421d-b0ac-815dc923044e has been successfully formatted.
2019-10-01 18:08:50,812 [pool-459-thread-1] INFO  storage.RaftStorage (RaftStorage.java:format(84)) - Storage directory /workdir/hadoop-ozone/integration-test/target/test-dir/MiniOzoneClusterImpl-2ef0d120-1a14-4960-b5d7-28cf9da586f6/datanode-5/data/ratis/aa46d679-78ba-421d-b0ac-815dc923044e has been successfully formatted.
2019-10-01 18:08:50,812 [pool-469-thread-1] INFO  storage.RaftStorage (RaftStorage.java:format(84)) - Storage directory /workdir/hadoop-ozone/integration-test/target/test-dir/MiniOzoneClusterImpl-2ef0d120-1a14-4960-b5d7-28cf9da586f6/datanode-6/data/ratis/aa46d679-78ba-421d-b0ac-815dc923044e has been successfully formatted.
2019-10-01 18:08:50,813 [pool-449-thread-1] INFO  ratis.ContainerStateMachine (ContainerStateMachine.java:loadSnapshot(230)) - group-815DC923044E: The snapshot info is null. Setting the last applied indexto:(t:0, i:~)
2019-10-01 18:08:50,813 [pool-459-thread-1] INFO  ratis.ContainerStateMachine (ContainerStateMachine.java:loadSnapshot(230)) - group-815DC923044E: The snapshot info is null. Setting the last applied indexto:(t:0, i:~)
2019-10-01 18:08:50,813 [pool-449-thread-1] INFO  server.RaftServerConfigKeys (ConfUtils.java:logGet(43)) - raft.server.notification.no-leader.timeout = 120s (custom)
2019-10-01 18:08:50,813 [pool-469-thread-1] INFO  ratis.ContainerStateMachine (ContainerStateMachine.java:loadSnapshot(230)) - group-815DC923044E: The snapshot info is null. Setting the last applied indexto:(t:0, i:~)
2019-10-01 18:08:50,813 [pool-449-thread-1] INFO  server.RaftServerConfigKeys (ConfUtils.java:logGet(43)) - raft.server.log.use.memory = false (default)
2019-10-01 18:08:50,813 [pool-459-thread-1] INFO  server.RaftServerConfigKeys (ConfUtils.java:logGet(43)) - raft.server.notification.no-leader.timeout = 120s (custom)
2019-10-01 18:08:50,813 [pool-449-thread-1] INFO  server.RaftServerConfigKeys (ConfUtils.java:logGet(43)) - raft.server.log.purge.gap = 1000000 (custom)
2019-10-01 18:08:50,813 [pool-469-thread-1] INFO  server.RaftServerConfigKeys (ConfUtils.java:logGet(43)) - raft.server.notification.no-leader.timeout = 120s (custom)
2019-10-01 18:08:50,814 [pool-449-thread-1] INFO  server.RaftServerConfigKeys (ConfUtils.java:logGet(43)) - raft.server.log.appender.buffer.byte-limit = 33554432 (custom)
2019-10-01 18:08:50,814 [pool-459-thread-1] INFO  server.RaftServerConfigKeys (ConfUtils.java:logGet(43)) - raft.server.log.use.memory = false (default)
2019-10-01 18:08:50,814 [pool-449-thread-1] INFO  server.RaftServerConfigKeys (ConfUtils.java:logGet(43)) - raft.server.log.segment.size.max = 1048576 (custom)
2019-10-01 18:08:50,814 [pool-469-thread-1] INFO  server.RaftServerConfigKeys (ConfUtils.java:logGet(43)) - raft.server.log.use.memory = false (default)
2019-10-01 18:08:50,814 [pool-449-thread-1] INFO  server.RaftServerConfigKeys (ConfUtils.java:logGet(43)) - raft.server.log.segment.cache.num.max = 2 (custom)
2019-10-01 18:08:50,814 [pool-459-thread-1] INFO  server.RaftServerConfigKeys (ConfUtils.java:logGet(43)) - raft.server.log.purge.gap = 1000000 (custom)
2019-10-01 18:08:50,814 [pool-449-thread-1] INFO  segmented.SegmentedRaftLogWorker (SegmentedRaftLogWorker.java:<init>(173)) - new 820de064-3dc6-45b0-ab1f-7b0ae95712fc@group-815DC923044E-SegmentedRaftLogWorker for RaftStorage:Storage Directory /workdir/hadoop-ozone/integration-test/target/test-dir/MiniOzoneClusterImpl-2ef0d120-1a14-4960-b5d7-28cf9da586f6/datanode-4/data/ratis/aa46d679-78ba-421d-b0ac-815dc923044e
2019-10-01 18:08:50,814 [pool-469-thread-1] INFO  server.RaftServerConfigKeys (ConfUtils.java:logGet(43)) - raft.server.log.purge.gap = 1000000 (custom)
2019-10-01 18:08:50,814 [pool-449-thread-1] INFO  server.RaftServerConfigKeys (ConfUtils.java:logGet(43)) - raft.server.log.queue.byte-limit = 2147483647 (custom)
2019-10-01 18:08:50,814 [pool-459-thread-1] INFO  server.RaftServerConfigKeys (ConfUtils.java:logGet(43)) - raft.server.log.appender.buffer.byte-limit = 33554432 (custom)
2019-10-01 18:08:50,815 [pool-449-thread-1] INFO  server.RaftServerConfigKeys (ConfUtils.java:logGet(43)) - raft.server.log.queue.element-limit = 1024 (custom)
2019-10-01 18:08:50,815 [pool-469-thread-1] INFO  server.RaftServerConfigKeys (ConfUtils.java:logGet(43)) - raft.server.log.appender.buffer.byte-limit = 33554432 (custom)
2019-10-01 18:08:50,815 [pool-449-thread-1] INFO  server.RaftServerConfigKeys (ConfUtils.java:logGet(43)) - raft.server.log.segment.size.max = 1048576 (custom)
2019-10-01 18:08:50,815 [pool-459-thread-1] INFO  server.RaftServerConfigKeys (ConfUtils.java:logGet(43)) - raft.server.log.segment.size.max = 1048576 (custom)
2019-10-01 18:08:50,815 [pool-449-thread-1] INFO  server.RaftServerConfigKeys (ConfUtils.java:logGet(43)) - raft.server.log.preallocated.size = 16384 (custom)
2019-10-01 18:08:50,815 [pool-469-thread-1] INFO  server.RaftServerConfigKeys (ConfUtils.java:logGet(43)) - raft.server.log.segment.size.max = 1048576 (custom)
2019-10-01 18:08:50,815 [pool-449-thread-1] INFO  server.RaftServerConfigKeys (ConfUtils.java:logGet(43)) - raft.server.log.write.buffer.size = 33554432 (custom)
2019-10-01 18:08:50,815 [pool-459-thread-1] INFO  server.RaftServerConfigKeys (ConfUtils.java:logGet(43)) - raft.server.log.segment.cache.num.max = 2 (custom)
2019-10-01 18:08:50,815 [pool-449-thread-1] INFO  server.RaftServerConfigKeys (ConfUtils.java:logGet(43)) - raft.server.log.force.sync.num = 128 (default)
2019-10-01 18:08:50,815 [pool-469-thread-1] INFO  server.RaftServerConfigKeys (ConfUtils.java:logGet(43)) - raft.server.log.segment.cache.num.max = 2 (custom)
2019-10-01 18:08:50,816 [pool-449-thread-1] INFO  server.RaftServerConfigKeys (ConfUtils.java:logGet(43)) - raft.server.log.statemachine.data.sync = true (default)
2019-10-01 18:08:50,816 [pool-459-thread-1] INFO  segmented.SegmentedRaftLogWorker (SegmentedRaftLogWorker.java:<init>(173)) - new afdd3fe1-73d7-47a9-80c4-ac0b0cf2283a@group-815DC923044E-SegmentedRaftLogWorker for RaftStorage:Storage Directory /workdir/hadoop-ozone/integration-test/target/test-dir/MiniOzoneClusterImpl-2ef0d120-1a14-4960-b5d7-28cf9da586f6/datanode-5/data/ratis/aa46d679-78ba-421d-b0ac-815dc923044e
2019-10-01 18:08:50,816 [pool-449-thread-1] INFO  server.RaftServerConfigKeys (ConfUtils.java:logGet(43)) - raft.server.log.statemachine.data.sync.timeout = 10s (default)
2019-10-01 18:08:50,816 [pool-469-thread-1] INFO  segmented.SegmentedRaftLogWorker (SegmentedRaftLogWorker.java:<init>(173)) - new 8fb55cee-2385-4435-9cab-3397106c25f8@group-815DC923044E-SegmentedRaftLogWorker for RaftStorage:Storage Directory /workdir/hadoop-ozone/integration-test/target/test-dir/MiniOzoneClusterImpl-2ef0d120-1a14-4960-b5d7-28cf9da586f6/datanode-6/data/ratis/aa46d679-78ba-421d-b0ac-815dc923044e
2019-10-01 18:08:50,816 [pool-449-thread-1] INFO  server.RaftServerConfigKeys (ConfUtils.java:logGet(43)) - raft.server.log.statemachine.data.sync.timeout.retry = -1 (default)
2019-10-01 18:08:50,816 [pool-459-thread-1] INFO  server.RaftServerConfigKeys (ConfUtils.java:logGet(43)) - raft.server.log.queue.byte-limit = 2147483647 (custom)
2019-10-01 18:08:50,816 [pool-449-thread-1] INFO  server.RaftServerConfigKeys (ConfUtils.java:logGet(43)) - raft.server.log.statemachine.data.caching.enabled = true (custom)
2019-10-01 18:08:50,816 [pool-469-thread-1] INFO  server.RaftServerConfigKeys (ConfUtils.java:logGet(43)) - raft.server.log.queue.byte-limit = 2147483647 (custom)
2019-10-01 18:08:50,817 [pool-449-thread-1] INFO  segmented.SegmentedRaftLogWorker (SegmentedRaftLogWorker.java:lambda$new$0(128)) - 820de064-3dc6-45b0-ab1f-7b0ae95712fc@group-815DC923044E-SegmentedRaftLogWorker: flushIndex: setUnconditionally 0 -> -1
2019-10-01 18:08:50,816 [pool-459-thread-1] INFO  server.RaftServerConfigKeys (ConfUtils.java:logGet(43)) - raft.server.log.queue.element-limit = 1024 (custom)
2019-10-01 18:08:50,817 [pool-449-thread-1] INFO  server.RaftServerConfigKeys (ConfUtils.java:logGet(43)) - raft.server.snapshot.auto.trigger.enabled = true (custom)
2019-10-01 18:08:50,817 [pool-469-thread-1] INFO  server.RaftServerConfigKeys (ConfUtils.java:logGet(43)) - raft.server.log.queue.element-limit = 1024 (custom)
2019-10-01 18:08:50,817 [pool-449-thread-1] INFO  server.RaftServerConfigKeys (ConfUtils.java:logGet(43)) - raft.server.snapshot.auto.trigger.threshold = 10000 (custom)
2019-10-01 18:08:50,817 [pool-449-thread-1] INFO  server.RaftServerConfigKeys (ConfUtils.java:logGet(43)) - raft.server.snapshot.retention.file.num = 5 (custom)
2019-10-01 18:08:50,817 [pool-459-thread-1] INFO  server.RaftServerConfigKeys (ConfUtils.java:logGet(43)) - raft.server.log.segment.size.max = 1048576 (custom)
2019-10-01 18:08:50,817 [pool-449-thread-1] INFO  server.RaftServerConfigKeys (ConfUtils.java:logGet(43)) - raft.server.retrycache.expirytime = 600000ms (custom)
2019-10-01 18:08:50,817 [pool-469-thread-1] INFO  server.RaftServerConfigKeys (ConfUtils.java:logGet(43)) - raft.server.log.segment.size.max = 1048576 (custom)
2019-10-01 18:08:50,817 [pool-459-thread-1] INFO  server.RaftServerConfigKeys (ConfUtils.java:logGet(43)) - raft.server.log.preallocated.size = 16384 (custom)
2019-10-01 18:08:50,818 [pool-469-thread-1] INFO  server.RaftServerConfigKeys (ConfUtils.java:logGet(43)) - raft.server.log.preallocated.size = 16384 (custom)
2019-10-01 18:08:50,818 [pool-459-thread-1] INFO  server.RaftServerConfigKeys (ConfUtils.java:logGet(43)) - raft.server.log.write.buffer.size = 33554432 (custom)
2019-10-01 18:08:50,818 [pool-469-thread-1] INFO  server.RaftServerConfigKeys (ConfUtils.java:logGet(43)) - raft.server.log.write.buffer.size = 33554432 (custom)
2019-10-01 18:08:50,818 [pool-459-thread-1] INFO  server.RaftServerConfigKeys (ConfUtils.java:logGet(43)) - raft.server.log.force.sync.num = 128 (default)
2019-10-01 18:08:50,818 [pool-469-thread-1] INFO  server.RaftServerConfigKeys (ConfUtils.java:logGet(43)) - raft.server.log.force.sync.num = 128 (default)
2019-10-01 18:08:50,818 [pool-459-thread-1] INFO  server.RaftServerConfigKeys (ConfUtils.java:logGet(43)) - raft.server.log.statemachine.data.sync = true (default)
2019-10-01 18:08:50,818 [pool-449-thread-1] INFO  impl.RaftServerImpl (RaftServerImpl.java:start(181)) - 820de064-3dc6-45b0-ab1f-7b0ae95712fc@group-815DC923044E: start as a follower, conf=-1: [820de064-3dc6-45b0-ab1f-7b0ae95712fc:192.168.164.205:34221, 8fb55cee-2385-4435-9cab-3397106c25f8:192.168.164.205:41941, afdd3fe1-73d7-47a9-80c4-ac0b0cf2283a:192.168.164.205:43376], old=null
2019-10-01 18:08:50,818 [pool-469-thread-1] INFO  server.RaftServerConfigKeys (ConfUtils.java:logGet(43)) - raft.server.log.statemachine.data.sync = true (default)
2019-10-01 18:08:50,818 [pool-449-thread-1] INFO  impl.RaftServerImpl (RaftServerImpl.java:setRole(170)) - 820de064-3dc6-45b0-ab1f-7b0ae95712fc@group-815DC923044E: changes role from      null to FOLLOWER at term 0 for startAsFollower
2019-10-01 18:08:50,818 [pool-459-thread-1] INFO  server.RaftServerConfigKeys (ConfUtils.java:logGet(43)) - raft.server.log.statemachine.data.sync.timeout = 10s (default)
2019-10-01 18:08:50,819 [pool-449-thread-1] INFO  impl.RoleInfo (RoleInfo.java:updateAndGet(143)) - 820de064-3dc6-45b0-ab1f-7b0ae95712fc: start FollowerState
2019-10-01 18:08:50,819 [pool-469-thread-1] INFO  server.RaftServerConfigKeys (ConfUtils.java:logGet(43)) - raft.server.log.statemachine.data.sync.timeout = 10s (default)
2019-10-01 18:08:50,819 [pool-459-thread-1] INFO  server.RaftServerConfigKeys (ConfUtils.java:logGet(43)) - raft.server.log.statemachine.data.sync.timeout.retry = -1 (default)
2019-10-01 18:08:50,819 [pool-469-thread-1] INFO  server.RaftServerConfigKeys (ConfUtils.java:logGet(43)) - raft.server.log.statemachine.data.sync.timeout.retry = -1 (default)
2019-10-01 18:08:50,819 [pool-449-thread-1] INFO  util.JmxRegister (JmxRegister.java:tryRegister(44)) - Successfully registered JMX Bean with object name Ratis:service=RaftServer,group=group-815DC923044E,id=820de064-3dc6-45b0-ab1f-7b0ae95712fc
2019-10-01 18:08:50,819 [pool-469-thread-1] INFO  server.RaftServerConfigKeys (ConfUtils.java:logGet(43)) - raft.server.log.statemachine.data.caching.enabled = true (custom)
2019-10-01 18:08:50,819 [pool-459-thread-1] INFO  server.RaftServerConfigKeys (ConfUtils.java:logGet(43)) - raft.server.log.statemachine.data.caching.enabled = true (custom)
2019-10-01 18:08:50,819 [pool-469-thread-1] INFO  segmented.SegmentedRaftLogWorker (SegmentedRaftLogWorker.java:lambda$new$0(128)) - 8fb55cee-2385-4435-9cab-3397106c25f8@group-815DC923044E-SegmentedRaftLogWorker: flushIndex: setUnconditionally 0 -> -1
2019-10-01 18:08:50,820 [pool-459-thread-1] INFO  segmented.SegmentedRaftLogWorker (SegmentedRaftLogWorker.java:lambda$new$0(128)) - afdd3fe1-73d7-47a9-80c4-ac0b0cf2283a@group-815DC923044E-SegmentedRaftLogWorker: flushIndex: setUnconditionally 0 -> -1
2019-10-01 18:08:50,820 [pool-469-thread-1] INFO  server.RaftServerConfigKeys (ConfUtils.java:logGet(43)) - raft.server.snapshot.auto.trigger.enabled = true (custom)
2019-10-01 18:08:50,820 [pool-469-thread-1] INFO  server.RaftServerConfigKeys (ConfUtils.java:logGet(43)) - raft.server.snapshot.auto.trigger.threshold = 10000 (custom)
2019-10-01 18:08:50,820 [pool-459-thread-1] INFO  server.RaftServerConfigKeys (ConfUtils.java:logGet(43)) - raft.server.snapshot.auto.trigger.enabled = true (custom)
2019-10-01 18:08:50,820 [pool-469-thread-1] INFO  server.RaftServerConfigKeys (ConfUtils.java:logGet(43)) - raft.server.snapshot.retention.file.num = 5 (custom)
2019-10-01 18:08:50,820 [pool-459-thread-1] INFO  server.RaftServerConfigKeys (ConfUtils.java:logGet(43)) - raft.server.snapshot.auto.trigger.threshold = 10000 (custom)
2019-10-01 18:08:50,820 [pool-459-thread-1] INFO  server.RaftServerConfigKeys (ConfUtils.java:logGet(43)) - raft.server.snapshot.retention.file.num = 5 (custom)
2019-10-01 18:08:50,820 [pool-469-thread-1] INFO  server.RaftServerConfigKeys (ConfUtils.java:logGet(43)) - raft.server.retrycache.expirytime = 600000ms (custom)
2019-10-01 18:08:50,820 [pool-459-thread-1] INFO  server.RaftServerConfigKeys (ConfUtils.java:logGet(43)) - raft.server.retrycache.expirytime = 600000ms (custom)
2019-10-01 18:08:50,823 [pool-469-thread-1] INFO  impl.RaftServerImpl (RaftServerImpl.java:start(181)) - 8fb55cee-2385-4435-9cab-3397106c25f8@group-815DC923044E: start as a follower, conf=-1: [820de064-3dc6-45b0-ab1f-7b0ae95712fc:192.168.164.205:34221, 8fb55cee-2385-4435-9cab-3397106c25f8:192.168.164.205:41941, afdd3fe1-73d7-47a9-80c4-ac0b0cf2283a:192.168.164.205:43376], old=null
2019-10-01 18:08:50,823 [pool-459-thread-1] INFO  impl.RaftServerImpl (RaftServerImpl.java:start(181)) - afdd3fe1-73d7-47a9-80c4-ac0b0cf2283a@group-815DC923044E: start as a follower, conf=-1: [820de064-3dc6-45b0-ab1f-7b0ae95712fc:192.168.164.205:34221, 8fb55cee-2385-4435-9cab-3397106c25f8:192.168.164.205:41941, afdd3fe1-73d7-47a9-80c4-ac0b0cf2283a:192.168.164.205:43376], old=null
2019-10-01 18:08:50,823 [pool-469-thread-1] INFO  impl.RaftServerImpl (RaftServerImpl.java:setRole(170)) - 8fb55cee-2385-4435-9cab-3397106c25f8@group-815DC923044E: changes role from      null to FOLLOWER at term 0 for startAsFollower
2019-10-01 18:08:50,823 [pool-459-thread-1] INFO  impl.RaftServerImpl (RaftServerImpl.java:setRole(170)) - afdd3fe1-73d7-47a9-80c4-ac0b0cf2283a@group-815DC923044E: changes role from      null to FOLLOWER at term 0 for startAsFollower
2019-10-01 18:08:50,823 [pool-469-thread-1] INFO  impl.RoleInfo (RoleInfo.java:updateAndGet(143)) - 8fb55cee-2385-4435-9cab-3397106c25f8: start FollowerState
2019-10-01 18:08:50,823 [pool-459-thread-1] INFO  impl.RoleInfo (RoleInfo.java:updateAndGet(143)) - afdd3fe1-73d7-47a9-80c4-ac0b0cf2283a: start FollowerState
2019-10-01 18:08:50,823 [pool-469-thread-1] INFO  util.JmxRegister (JmxRegister.java:tryRegister(44)) - Successfully registered JMX Bean with object name Ratis:service=RaftServer,group=group-815DC923044E,id=8fb55cee-2385-4435-9cab-3397106c25f8
2019-10-01 18:08:50,823 [pool-459-thread-1] INFO  util.JmxRegister (JmxRegister.java:tryRegister(44)) - Successfully registered JMX Bean with object name Ratis:service=RaftServer,group=group-815DC923044E,id=afdd3fe1-73d7-47a9-80c4-ac0b0cf2283a
2019-10-01 18:08:50,827 [RatisPipelineUtilsThread] INFO  pipeline.PipelineStateManager (PipelineStateManager.java:addPipeline(56)) - Created pipeline Pipeline[ Id: aa46d679-78ba-421d-b0ac-815dc923044e, Nodes: 820de064-3dc6-45b0-ab1f-7b0ae95712fc{ip: 192.168.164.205, host: pr-hdds-2201-hlsf2-3428063209, networkLocation: /default-rack, certSerialId: null}8fb55cee-2385-4435-9cab-3397106c25f8{ip: 192.168.164.205, host: pr-hdds-2201-hlsf2-3428063209, networkLocation: /default-rack, certSerialId: null}afdd3fe1-73d7-47a9-80c4-ac0b0cf2283a{ip: 192.168.164.205, host: pr-hdds-2201-hlsf2-3428063209, networkLocation: /default-rack, certSerialId: null}, Type:RATIS, Factor:THREE, State:OPEN]
2019-10-01 18:08:53,231 [Thread-3045] INFO  container.ReplicationManager (ReplicationManager.java:start(162)) - Starting Replication Monitor Thread.
2019-10-01 18:08:53,237 [ReplicationMonitor] INFO  container.ReplicationManager (ReplicationManager.java:run(225)) - Replication Monitor Thread took 0 milliseconds for processing 1 containers.
2019-10-01 18:08:55,399 [Thread-3047] INFO  impl.FollowerState (FollowerState.java:run(108)) - 78bf55a6-6154-477c-8620-5698e7baa951@group-985EEBCD57F4-FollowerState: change to CANDIDATE, lastRpcTime:5121ms, electionTimeout:5121ms
2019-10-01 18:08:55,399 [Thread-3047] INFO  impl.RoleInfo (RoleInfo.java:shutdownFollowerState(121)) - 78bf55a6-6154-477c-8620-5698e7baa951: shutdown FollowerState
2019-10-01 18:08:55,399 [Thread-3047] INFO  impl.RaftServerImpl (RaftServerImpl.java:setRole(170)) - 78bf55a6-6154-477c-8620-5698e7baa951@group-985EEBCD57F4: changes role from  FOLLOWER to CANDIDATE at term 0 for changeToCandidate
2019-10-01 18:08:55,399 [Thread-3047] INFO  impl.RoleInfo (RoleInfo.java:updateAndGet(143)) - 78bf55a6-6154-477c-8620-5698e7baa951: start LeaderElection
2019-10-01 18:08:55,421 [78bf55a6-6154-477c-8620-5698e7baa951@group-985EEBCD57F4-LeaderElection57] INFO  impl.LeaderElection (LeaderElection.java:askForVotes(178)) - 78bf55a6-6154-477c-8620-5698e7baa951@group-985EEBCD57F4-LeaderElection57: begin an election at term 1 for -1: [78bf55a6-6154-477c-8620-5698e7baa951:192.168.164.205:40847], old=null
2019-10-01 18:08:55,421 [78bf55a6-6154-477c-8620-5698e7baa951@group-985EEBCD57F4-LeaderElection57] INFO  impl.RoleInfo (RoleInfo.java:shutdownLeaderElection(134)) - 78bf55a6-6154-477c-8620-5698e7baa951: shutdown LeaderElection
2019-10-01 18:08:55,422 [78bf55a6-6154-477c-8620-5698e7baa951@group-985EEBCD57F4-LeaderElection57] INFO  impl.RaftServerImpl (RaftServerImpl.java:setRole(170)) - 78bf55a6-6154-477c-8620-5698e7baa951@group-985EEBCD57F4: changes role from CANDIDATE to LEADER at term 1 for changeToLeader
2019-10-01 18:08:55,422 [78bf55a6-6154-477c-8620-5698e7baa951@group-985EEBCD57F4-LeaderElection57] INFO  impl.RaftServerImpl (ServerState.java:setLeader(255)) - 78bf55a6-6154-477c-8620-5698e7baa951@group-985EEBCD57F4: change Leader from null to 78bf55a6-6154-477c-8620-5698e7baa951 at term 1 for becomeLeader, leader elected after 5149ms
2019-10-01 18:08:55,422 [78bf55a6-6154-477c-8620-5698e7baa951@group-985EEBCD57F4-LeaderElection57] INFO  server.RaftServerConfigKeys (ConfUtils.java:logGet(43)) - raft.server.staging.catchup.gap = 1000 (default)
2019-10-01 18:08:55,422 [78bf55a6-6154-477c-8620-5698e7baa951@group-985EEBCD57F4-LeaderElection57] INFO  server.RaftServerConfigKeys (ConfUtils.java:logGet(43)) - raft.server.rpc.sleep.time = 25ms (default)
2019-10-01 18:08:55,423 [78bf55a6-6154-477c-8620-5698e7baa951@group-985EEBCD57F4-LeaderElection57] INFO  server.RaftServerConfigKeys (ConfUtils.java:logGet(43)) - raft.server.write.element-limit = 4096 (default)
2019-10-01 18:08:55,423 [78bf55a6-6154-477c-8620-5698e7baa951@group-985EEBCD57F4-LeaderElection57] INFO  server.RaftServerConfigKeys (ConfUtils.java:logGet(43)) - raft.server.watch.timeout = 10s (default)
2019-10-01 18:08:55,423 [78bf55a6-6154-477c-8620-5698e7baa951@group-985EEBCD57F4-LeaderElection57] INFO  server.RaftServerConfigKeys (ConfUtils.java:logGet(43)) - raft.server.watch.timeout.denomination = 1s (default)
2019-10-01 18:08:55,423 [78bf55a6-6154-477c-8620-5698e7baa951@group-985EEBCD57F4-LeaderElection57] INFO  server.RaftServerConfigKeys (ConfUtils.java:logGet(43)) - raft.server.watch.element-limit = 65536 (default)
2019-10-01 18:08:55,427 [78bf55a6-6154-477c-8620-5698e7baa951@group-985EEBCD57F4-LeaderElection57] INFO  impl.RoleInfo (RoleInfo.java:updateAndGet(143)) - 78bf55a6-6154-477c-8620-5698e7baa951: start LeaderState
2019-10-01 18:08:55,427 [78bf55a6-6154-477c-8620-5698e7baa951@group-985EEBCD57F4-LeaderElection57] INFO  segmented.SegmentedRaftLogWorker (SegmentedRaftLogWorker.java:startLogSegment(385)) - 78bf55a6-6154-477c-8620-5698e7baa951@group-985EEBCD57F4-SegmentedRaftLogWorker: Starting segment from index:0
2019-10-01 18:08:55,428 [78bf55a6-6154-477c-8620-5698e7baa951@group-985EEBCD57F4-LeaderElection57] INFO  impl.RaftServerImpl (ServerState.java:setRaftConf(356)) - 78bf55a6-6154-477c-8620-5698e7baa951@group-985EEBCD57F4: set configuration 0: [78bf55a6-6154-477c-8620-5698e7baa951:192.168.164.205:40847], old=null at 0
2019-10-01 18:08:55,477 [78bf55a6-6154-477c-8620-5698e7baa951@group-985EEBCD57F4-SegmentedRaftLogWorker] INFO  segmented.SegmentedRaftLogWorker (SegmentedRaftLogWorker.java:execute(574)) - 78bf55a6-6154-477c-8620-5698e7baa951@group-985EEBCD57F4-SegmentedRaftLogWorker: created new log segment /workdir/hadoop-ozone/integration-test/target/test-dir/MiniOzoneClusterImpl-2ef0d120-1a14-4960-b5d7-28cf9da586f6/datanode-0/data/ratis/5d92d711-b120-4a3d-9dbe-985eebcd57f4/current/log_inprogress_0
2019-10-01 18:08:55,497 [Thread-3053] INFO  impl.FollowerState (FollowerState.java:run(108)) - 87aeb2bc-28a9-4d25-9225-03921817cb4f@group-A8D0EF44B689-FollowerState: change to CANDIDATE, lastRpcTime:5106ms, electionTimeout:5106ms
2019-10-01 18:08:55,498 [Thread-3053] INFO  impl.RoleInfo (RoleInfo.java:shutdownFollowerState(121)) - 87aeb2bc-28a9-4d25-9225-03921817cb4f: shutdown FollowerState
2019-10-01 18:08:55,498 [Thread-3053] INFO  impl.RaftServerImpl (RaftServerImpl.java:setRole(170)) - 87aeb2bc-28a9-4d25-9225-03921817cb4f@group-A8D0EF44B689: changes role from  FOLLOWER to CANDIDATE at term 0 for changeToCandidate
2019-10-01 18:08:55,498 [Thread-3053] INFO  impl.RoleInfo (RoleInfo.java:updateAndGet(143)) - 87aeb2bc-28a9-4d25-9225-03921817cb4f: start LeaderElection
2019-10-01 18:08:55,509 [87aeb2bc-28a9-4d25-9225-03921817cb4f@group-A8D0EF44B689-LeaderElection58] INFO  impl.LeaderElection (LeaderElection.java:askForVotes(178)) - 87aeb2bc-28a9-4d25-9225-03921817cb4f@group-A8D0EF44B689-LeaderElection58: begin an election at term 1 for -1: [87aeb2bc-28a9-4d25-9225-03921817cb4f:192.168.164.205:45016], old=null
2019-10-01 18:08:55,510 [87aeb2bc-28a9-4d25-9225-03921817cb4f@group-A8D0EF44B689-LeaderElection58] INFO  impl.RoleInfo (RoleInfo.java:shutdownLeaderElection(134)) - 87aeb2bc-28a9-4d25-9225-03921817cb4f: shutdown LeaderElection
2019-10-01 18:08:55,510 [87aeb2bc-28a9-4d25-9225-03921817cb4f@group-A8D0EF44B689-LeaderElection58] INFO  impl.RaftServerImpl (RaftServerImpl.java:setRole(170)) - 87aeb2bc-28a9-4d25-9225-03921817cb4f@group-A8D0EF44B689: changes role from CANDIDATE to LEADER at term 1 for changeToLeader
2019-10-01 18:08:55,510 [87aeb2bc-28a9-4d25-9225-03921817cb4f@group-A8D0EF44B689-LeaderElection58] INFO  impl.RaftServerImpl (ServerState.java:setLeader(255)) - 87aeb2bc-28a9-4d25-9225-03921817cb4f@group-A8D0EF44B689: change Leader from null to 87aeb2bc-28a9-4d25-9225-03921817cb4f at term 1 for becomeLeader, leader elected after 5125ms
2019-10-01 18:08:55,510 [87aeb2bc-28a9-4d25-9225-03921817cb4f@group-A8D0EF44B689-LeaderElection58] INFO  server.RaftServerConfigKeys (ConfUtils.java:logGet(43)) - raft.server.staging.catchup.gap = 1000 (default)
2019-10-01 18:08:55,510 [87aeb2bc-28a9-4d25-9225-03921817cb4f@group-A8D0EF44B689-LeaderElection58] INFO  server.RaftServerConfigKeys (ConfUtils.java:logGet(43)) - raft.server.rpc.sleep.time = 25ms (default)
2019-10-01 18:08:55,510 [87aeb2bc-28a9-4d25-9225-03921817cb4f@group-A8D0EF44B689-LeaderElection58] INFO  server.RaftServerConfigKeys (ConfUtils.java:logGet(43)) - raft.server.write.element-limit = 4096 (default)
2019-10-01 18:08:55,510 [87aeb2bc-28a9-4d25-9225-03921817cb4f@group-A8D0EF44B689-LeaderElection58] INFO  server.RaftServerConfigKeys (ConfUtils.java:logGet(43)) - raft.server.watch.timeout = 10s (default)
2019-10-01 18:08:55,510 [87aeb2bc-28a9-4d25-9225-03921817cb4f@group-A8D0EF44B689-LeaderElection58] INFO  server.RaftServerConfigKeys (ConfUtils.java:logGet(43)) - raft.server.watch.timeout.denomination = 1s (default)
2019-10-01 18:08:55,511 [87aeb2bc-28a9-4d25-9225-03921817cb4f@group-A8D0EF44B689-LeaderElection58] INFO  server.RaftServerConfigKeys (ConfUtils.java:logGet(43)) - raft.server.watch.element-limit = 65536 (default)
2019-10-01 18:08:55,512 [87aeb2bc-28a9-4d25-9225-03921817cb4f@group-A8D0EF44B689-LeaderElection58] INFO  impl.RoleInfo (RoleInfo.java:updateAndGet(143)) - 87aeb2bc-28a9-4d25-9225-03921817cb4f: start LeaderState
2019-10-01 18:08:55,513 [87aeb2bc-28a9-4d25-9225-03921817cb4f@group-A8D0EF44B689-LeaderElection58] INFO  segmented.SegmentedRaftLogWorker (SegmentedRaftLogWorker.java:startLogSegment(385)) - 87aeb2bc-28a9-4d25-9225-03921817cb4f@group-A8D0EF44B689-SegmentedRaftLogWorker: Starting segment from index:0
2019-10-01 18:08:55,513 [87aeb2bc-28a9-4d25-9225-03921817cb4f@group-A8D0EF44B689-LeaderElection58] INFO  impl.RaftServerImpl (ServerState.java:setRaftConf(356)) - 87aeb2bc-28a9-4d25-9225-03921817cb4f@group-A8D0EF44B689: set configuration 0: [87aeb2bc-28a9-4d25-9225-03921817cb4f:192.168.164.205:45016], old=null at 0
2019-10-01 18:08:55,529 [Thread-3050] INFO  impl.FollowerState (FollowerState.java:run(108)) - 84448537-1f99-4d0e-a5f1-ad44b6f4f04b@group-1BEFBECEECE9-FollowerState: change to CANDIDATE, lastRpcTime:5205ms, electionTimeout:5192ms
2019-10-01 18:08:55,530 [Thread-3050] INFO  impl.RoleInfo (RoleInfo.java:shutdownFollowerState(121)) - 84448537-1f99-4d0e-a5f1-ad44b6f4f04b: shutdown FollowerState
2019-10-01 18:08:55,530 [Thread-3050] INFO  impl.RaftServerImpl (RaftServerImpl.java:setRole(170)) - 84448537-1f99-4d0e-a5f1-ad44b6f4f04b@group-1BEFBECEECE9: changes role from  FOLLOWER to CANDIDATE at term 0 for changeToCandidate
2019-10-01 18:08:55,530 [Thread-3050] INFO  impl.RoleInfo (RoleInfo.java:updateAndGet(143)) - 84448537-1f99-4d0e-a5f1-ad44b6f4f04b: start LeaderElection
2019-10-01 18:08:55,551 [87aeb2bc-28a9-4d25-9225-03921817cb4f@group-A8D0EF44B689-SegmentedRaftLogWorker] INFO  segmented.SegmentedRaftLogWorker (SegmentedRaftLogWorker.java:execute(574)) - 87aeb2bc-28a9-4d25-9225-03921817cb4f@group-A8D0EF44B689-SegmentedRaftLogWorker: created new log segment /workdir/hadoop-ozone/integration-test/target/test-dir/MiniOzoneClusterImpl-2ef0d120-1a14-4960-b5d7-28cf9da586f6/datanode-2/data/ratis/196c21fb-78c9-4027-aa05-a8d0ef44b689/current/log_inprogress_0
2019-10-01 18:08:55,556 [84448537-1f99-4d0e-a5f1-ad44b6f4f04b@group-1BEFBECEECE9-LeaderElection59] INFO  impl.LeaderElection (LeaderElection.java:askForVotes(178)) - 84448537-1f99-4d0e-a5f1-ad44b6f4f04b@group-1BEFBECEECE9-LeaderElection59: begin an election at term 1 for -1: [84448537-1f99-4d0e-a5f1-ad44b6f4f04b:192.168.164.205:39458], old=null
2019-10-01 18:08:55,557 [84448537-1f99-4d0e-a5f1-ad44b6f4f04b@group-1BEFBECEECE9-LeaderElection59] INFO  impl.RoleInfo (RoleInfo.java:shutdownLeaderElection(134)) - 84448537-1f99-4d0e-a5f1-ad44b6f4f04b: shutdown LeaderElection
2019-10-01 18:08:55,557 [84448537-1f99-4d0e-a5f1-ad44b6f4f04b@group-1BEFBECEECE9-LeaderElection59] INFO  impl.RaftServerImpl (RaftServerImpl.java:setRole(170)) - 84448537-1f99-4d0e-a5f1-ad44b6f4f04b@group-1BEFBECEECE9: changes role from CANDIDATE to LEADER at term 1 for changeToLeader
2019-10-01 18:08:55,557 [84448537-1f99-4d0e-a5f1-ad44b6f4f04b@group-1BEFBECEECE9-LeaderElection59] INFO  impl.RaftServerImpl (ServerState.java:setLeader(255)) - 84448537-1f99-4d0e-a5f1-ad44b6f4f04b@group-1BEFBECEECE9: change Leader from null to 84448537-1f99-4d0e-a5f1-ad44b6f4f04b at term 1 for becomeLeader, leader elected after 5237ms
2019-10-01 18:08:55,557 [84448537-1f99-4d0e-a5f1-ad44b6f4f04b@group-1BEFBECEECE9-LeaderElection59] INFO  server.RaftServerConfigKeys (ConfUtils.java:logGet(43)) - raft.server.staging.catchup.gap = 1000 (default)
2019-10-01 18:08:55,557 [84448537-1f99-4d0e-a5f1-ad44b6f4f04b@group-1BEFBECEECE9-LeaderElection59] INFO  server.RaftServerConfigKeys (ConfUtils.java:logGet(43)) - raft.server.rpc.sleep.time = 25ms (default)
2019-10-01 18:08:55,557 [84448537-1f99-4d0e-a5f1-ad44b6f4f04b@group-1BEFBECEECE9-LeaderElection59] INFO  server.RaftServerConfigKeys (ConfUtils.java:logGet(43)) - raft.server.write.element-limit = 4096 (default)
2019-10-01 18:08:55,557 [84448537-1f99-4d0e-a5f1-ad44b6f4f04b@group-1BEFBECEECE9-LeaderElection59] INFO  server.RaftServerConfigKeys (ConfUtils.java:logGet(43)) - raft.server.watch.timeout = 10s (default)
2019-10-01 18:08:55,557 [84448537-1f99-4d0e-a5f1-ad44b6f4f04b@group-1BEFBECEECE9-LeaderElection59] INFO  server.RaftServerConfigKeys (ConfUtils.java:logGet(43)) - raft.server.watch.timeout.denomination = 1s (default)
2019-10-01 18:08:55,557 [84448537-1f99-4d0e-a5f1-ad44b6f4f04b@group-1BEFBECEECE9-LeaderElection59] INFO  server.RaftServerConfigKeys (ConfUtils.java:logGet(43)) - raft.server.watch.element-limit = 65536 (default)
2019-10-01 18:08:55,559 [84448537-1f99-4d0e-a5f1-ad44b6f4f04b@group-1BEFBECEECE9-LeaderElection59] INFO  impl.RoleInfo (RoleInfo.java:updateAndGet(143)) - 84448537-1f99-4d0e-a5f1-ad44b6f4f04b: start LeaderState
2019-10-01 18:08:55,559 [84448537-1f99-4d0e-a5f1-ad44b6f4f04b@group-1BEFBECEECE9-LeaderElection59] INFO  segmented.SegmentedRaftLogWorker (SegmentedRaftLogWorker.java:startLogSegment(385)) - 84448537-1f99-4d0e-a5f1-ad44b6f4f04b@group-1BEFBECEECE9-SegmentedRaftLogWorker: Starting segment from index:0
2019-10-01 18:08:55,559 [84448537-1f99-4d0e-a5f1-ad44b6f4f04b@group-1BEFBECEECE9-LeaderElection59] INFO  impl.RaftServerImpl (ServerState.java:setRaftConf(356)) - 84448537-1f99-4d0e-a5f1-ad44b6f4f04b@group-1BEFBECEECE9: set configuration 0: [84448537-1f99-4d0e-a5f1-ad44b6f4f04b:192.168.164.205:39458], old=null at 0
2019-10-01 18:08:55,578 [84448537-1f99-4d0e-a5f1-ad44b6f4f04b@group-1BEFBECEECE9-SegmentedRaftLogWorker] INFO  segmented.SegmentedRaftLogWorker (SegmentedRaftLogWorker.java:execute(574)) - 84448537-1f99-4d0e-a5f1-ad44b6f4f04b@group-1BEFBECEECE9-SegmentedRaftLogWorker: created new log segment /workdir/hadoop-ozone/integration-test/target/test-dir/MiniOzoneClusterImpl-2ef0d120-1a14-4960-b5d7-28cf9da586f6/datanode-1/data/ratis/a21b2a3a-8042-4a9a-8584-1befbeceece9/current/log_inprogress_0
2019-10-01 18:08:55,581 [Thread-3065] INFO  impl.FollowerState (FollowerState.java:run(108)) - 820de064-3dc6-45b0-ab1f-7b0ae95712fc@group-8CF06E459884-FollowerState: change to CANDIDATE, lastRpcTime:5035ms, electionTimeout:5035ms
2019-10-01 18:08:55,581 [Thread-3065] INFO  impl.RoleInfo (RoleInfo.java:shutdownFollowerState(121)) - 820de064-3dc6-45b0-ab1f-7b0ae95712fc: shutdown FollowerState
2019-10-01 18:08:55,581 [Thread-3065] INFO  impl.RaftServerImpl (RaftServerImpl.java:setRole(170)) - 820de064-3dc6-45b0-ab1f-7b0ae95712fc@group-8CF06E459884: changes role from  FOLLOWER to CANDIDATE at term 0 for changeToCandidate
2019-10-01 18:08:55,581 [Thread-3065] INFO  impl.RoleInfo (RoleInfo.java:updateAndGet(143)) - 820de064-3dc6-45b0-ab1f-7b0ae95712fc: start LeaderElection
2019-10-01 18:08:55,587 [820de064-3dc6-45b0-ab1f-7b0ae95712fc@group-8CF06E459884-LeaderElection60] INFO  impl.LeaderElection (LeaderElection.java:askForVotes(178)) - 820de064-3dc6-45b0-ab1f-7b0ae95712fc@group-8CF06E459884-LeaderElection60: begin an election at term 1 for -1: [820de064-3dc6-45b0-ab1f-7b0ae95712fc:192.168.164.205:34221], old=null
2019-10-01 18:08:55,588 [820de064-3dc6-45b0-ab1f-7b0ae95712fc@group-8CF06E459884-LeaderElection60] INFO  impl.RoleInfo (RoleInfo.java:shutdownLeaderElection(134)) - 820de064-3dc6-45b0-ab1f-7b0ae95712fc: shutdown LeaderElection
2019-10-01 18:08:55,588 [820de064-3dc6-45b0-ab1f-7b0ae95712fc@group-8CF06E459884-LeaderElection60] INFO  impl.RaftServerImpl (RaftServerImpl.java:setRole(170)) - 820de064-3dc6-45b0-ab1f-7b0ae95712fc@group-8CF06E459884: changes role from CANDIDATE to LEADER at term 1 for changeToLeader
2019-10-01 18:08:55,588 [820de064-3dc6-45b0-ab1f-7b0ae95712fc@group-8CF06E459884-LeaderElection60] INFO  impl.RaftServerImpl (ServerState.java:setLeader(255)) - 820de064-3dc6-45b0-ab1f-7b0ae95712fc@group-8CF06E459884: change Leader from null to 820de064-3dc6-45b0-ab1f-7b0ae95712fc at term 1 for becomeLeader, leader elected after 5049ms
2019-10-01 18:08:55,588 [820de064-3dc6-45b0-ab1f-7b0ae95712fc@group-8CF06E459884-LeaderElection60] INFO  server.RaftServerConfigKeys (ConfUtils.java:logGet(43)) - raft.server.staging.catchup.gap = 1000 (default)
2019-10-01 18:08:55,588 [820de064-3dc6-45b0-ab1f-7b0ae95712fc@group-8CF06E459884-LeaderElection60] INFO  server.RaftServerConfigKeys (ConfUtils.java:logGet(43)) - raft.server.rpc.sleep.time = 25ms (default)
2019-10-01 18:08:55,588 [820de064-3dc6-45b0-ab1f-7b0ae95712fc@group-8CF06E459884-LeaderElection60] INFO  server.RaftServerConfigKeys (ConfUtils.java:logGet(43)) - raft.server.write.element-limit = 4096 (default)
2019-10-01 18:08:55,588 [820de064-3dc6-45b0-ab1f-7b0ae95712fc@group-8CF06E459884-LeaderElection60] INFO  server.RaftServerConfigKeys (ConfUtils.java:logGet(43)) - raft.server.watch.timeout = 10s (default)
2019-10-01 18:08:55,588 [820de064-3dc6-45b0-ab1f-7b0ae95712fc@group-8CF06E459884-LeaderElection60] INFO  server.RaftServerConfigKeys (ConfUtils.java:logGet(43)) - raft.server.watch.timeout.denomination = 1s (default)
2019-10-01 18:08:55,588 [820de064-3dc6-45b0-ab1f-7b0ae95712fc@group-8CF06E459884-LeaderElection60] INFO  server.RaftServerConfigKeys (ConfUtils.java:logGet(43)) - raft.server.watch.element-limit = 65536 (default)
2019-10-01 18:08:55,589 [820de064-3dc6-45b0-ab1f-7b0ae95712fc@group-8CF06E459884-LeaderElection60] INFO  impl.RoleInfo (RoleInfo.java:updateAndGet(143)) - 820de064-3dc6-45b0-ab1f-7b0ae95712fc: start LeaderState
2019-10-01 18:08:55,590 [820de064-3dc6-45b0-ab1f-7b0ae95712fc@group-8CF06E459884-LeaderElection60] INFO  segmented.SegmentedRaftLogWorker (SegmentedRaftLogWorker.java:startLogSegment(385)) - 820de064-3dc6-45b0-ab1f-7b0ae95712fc@group-8CF06E459884-SegmentedRaftLogWorker: Starting segment from index:0
2019-10-01 18:08:55,590 [820de064-3dc6-45b0-ab1f-7b0ae95712fc@group-8CF06E459884-LeaderElection60] INFO  impl.RaftServerImpl (ServerState.java:setRaftConf(356)) - 820de064-3dc6-45b0-ab1f-7b0ae95712fc@group-8CF06E459884: set configuration 0: [820de064-3dc6-45b0-ab1f-7b0ae95712fc:192.168.164.205:34221], old=null at 0
2019-10-01 18:08:55,609 [820de064-3dc6-45b0-ab1f-7b0ae95712fc@group-8CF06E459884-SegmentedRaftLogWorker] INFO  segmented.SegmentedRaftLogWorker (SegmentedRaftLogWorker.java:execute(574)) - 820de064-3dc6-45b0-ab1f-7b0ae95712fc@group-8CF06E459884-SegmentedRaftLogWorker: created new log segment /workdir/hadoop-ozone/integration-test/target/test-dir/MiniOzoneClusterImpl-2ef0d120-1a14-4960-b5d7-28cf9da586f6/datanode-4/data/ratis/ccaf530f-f0a5-4fe8-9f8f-8cf06e459884/current/log_inprogress_0
2019-10-01 18:08:55,650 [Thread-3061] INFO  impl.FollowerState (FollowerState.java:run(108)) - 87aeb2bc-28a9-4d25-9225-03921817cb4f@group-72EF59600E36-FollowerState: change to CANDIDATE, lastRpcTime:5170ms, electionTimeout:5170ms
2019-10-01 18:08:55,651 [Thread-3061] INFO  impl.RoleInfo (RoleInfo.java:shutdownFollowerState(121)) - 87aeb2bc-28a9-4d25-9225-03921817cb4f: shutdown FollowerState
2019-10-01 18:08:55,651 [Thread-3061] INFO  impl.RaftServerImpl (RaftServerImpl.java:setRole(170)) - 87aeb2bc-28a9-4d25-9225-03921817cb4f@group-72EF59600E36: changes role from  FOLLOWER to CANDIDATE at term 0 for changeToCandidate
2019-10-01 18:08:55,651 [Thread-3061] INFO  impl.RoleInfo (RoleInfo.java:updateAndGet(143)) - 87aeb2bc-28a9-4d25-9225-03921817cb4f: start LeaderElection
2019-10-01 18:08:55,658 [Thread-3056] INFO  impl.FollowerState (FollowerState.java:run(108)) - 84448537-1f99-4d0e-a5f1-ad44b6f4f04b@group-72EF59600E36-FollowerState: change to CANDIDATE, lastRpcTime:5198ms, electionTimeout:5183ms
2019-10-01 18:08:55,658 [Thread-3056] INFO  impl.RoleInfo (RoleInfo.java:shutdownFollowerState(121)) - 84448537-1f99-4d0e-a5f1-ad44b6f4f04b: shutdown FollowerState
2019-10-01 18:08:55,658 [Thread-3056] INFO  impl.RaftServerImpl (RaftServerImpl.java:setRole(170)) - 84448537-1f99-4d0e-a5f1-ad44b6f4f04b@group-72EF59600E36: changes role from  FOLLOWER to CANDIDATE at term 0 for changeToCandidate
2019-10-01 18:08:55,658 [Thread-3056] INFO  impl.RoleInfo (RoleInfo.java:updateAndGet(143)) - 84448537-1f99-4d0e-a5f1-ad44b6f4f04b: start LeaderElection
2019-10-01 18:08:55,669 [87aeb2bc-28a9-4d25-9225-03921817cb4f@group-72EF59600E36-LeaderElection61] INFO  impl.LeaderElection (LeaderElection.java:askForVotes(178)) - 87aeb2bc-28a9-4d25-9225-03921817cb4f@group-72EF59600E36-LeaderElection61: begin an election at term 1 for -1: [78bf55a6-6154-477c-8620-5698e7baa951:192.168.164.205:40847, 87aeb2bc-28a9-4d25-9225-03921817cb4f:192.168.164.205:45016, 84448537-1f99-4d0e-a5f1-ad44b6f4f04b:192.168.164.205:39458], old=null
2019-10-01 18:08:55,672 [Thread-3060] INFO  impl.FollowerState (FollowerState.java:run(108)) - 78bf55a6-6154-477c-8620-5698e7baa951@group-72EF59600E36-FollowerState: change to CANDIDATE, lastRpcTime:5192ms, electionTimeout:5184ms
2019-10-01 18:08:55,672 [Thread-3060] INFO  impl.RoleInfo (RoleInfo.java:shutdownFollowerState(121)) - 78bf55a6-6154-477c-8620-5698e7baa951: shutdown FollowerState
2019-10-01 18:08:55,673 [Thread-3060] INFO  impl.RaftServerImpl (RaftServerImpl.java:setRole(170)) - 78bf55a6-6154-477c-8620-5698e7baa951@group-72EF59600E36: changes role from  FOLLOWER to CANDIDATE at term 0 for changeToCandidate
2019-10-01 18:08:55,673 [Thread-3060] INFO  impl.RoleInfo (RoleInfo.java:updateAndGet(143)) - 78bf55a6-6154-477c-8620-5698e7baa951: start LeaderElection
2019-10-01 18:08:55,690 [84448537-1f99-4d0e-a5f1-ad44b6f4f04b@group-72EF59600E36-LeaderElection62] INFO  impl.LeaderElection (LeaderElection.java:askForVotes(178)) - 84448537-1f99-4d0e-a5f1-ad44b6f4f04b@group-72EF59600E36-LeaderElection62: begin an election at term 1 for -1: [78bf55a6-6154-477c-8620-5698e7baa951:192.168.164.205:40847, 87aeb2bc-28a9-4d25-9225-03921817cb4f:192.168.164.205:45016, 84448537-1f99-4d0e-a5f1-ad44b6f4f04b:192.168.164.205:39458], old=null
2019-10-01 18:08:55,690 [78bf55a6-6154-477c-8620-5698e7baa951@group-72EF59600E36-LeaderElection63] INFO  impl.LeaderElection (LeaderElection.java:askForVotes(178)) - 78bf55a6-6154-477c-8620-5698e7baa951@group-72EF59600E36-LeaderElection63: begin an election at term 1 for -1: [78bf55a6-6154-477c-8620-5698e7baa951:192.168.164.205:40847, 87aeb2bc-28a9-4d25-9225-03921817cb4f:192.168.164.205:45016, 84448537-1f99-4d0e-a5f1-ad44b6f4f04b:192.168.164.205:39458], old=null
2019-10-01 18:08:55,691 [87aeb2bc-28a9-4d25-9225-03921817cb4f@group-72EF59600E36-LeaderElection61] INFO  impl.LeaderElection (LeaderElection.java:logAndReturn(56)) - 87aeb2bc-28a9-4d25-9225-03921817cb4f@group-72EF59600E36-LeaderElection61: Election REJECTED; received 2 response(s) [87aeb2bc-28a9-4d25-9225-03921817cb4f<-78bf55a6-6154-477c-8620-5698e7baa951#0:FAIL-t1, 87aeb2bc-28a9-4d25-9225-03921817cb4f<-84448537-1f99-4d0e-a5f1-ad44b6f4f04b#0:FAIL-t1] and 0 exception(s); 87aeb2bc-28a9-4d25-9225-03921817cb4f@group-72EF59600E36:t1, leader=null, voted=87aeb2bc-28a9-4d25-9225-03921817cb4f, raftlog=87aeb2bc-28a9-4d25-9225-03921817cb4f@group-72EF59600E36-SegmentedRaftLog:OPENED:c-1,f-1,i0, conf=-1: [78bf55a6-6154-477c-8620-5698e7baa951:192.168.164.205:40847, 87aeb2bc-28a9-4d25-9225-03921817cb4f:192.168.164.205:45016, 84448537-1f99-4d0e-a5f1-ad44b6f4f04b:192.168.164.205:39458], old=null
2019-10-01 18:08:55,691 [87aeb2bc-28a9-4d25-9225-03921817cb4f@group-72EF59600E36-LeaderElection61] INFO  impl.RaftServerImpl (RaftServerImpl.java:setRole(170)) - 87aeb2bc-28a9-4d25-9225-03921817cb4f@group-72EF59600E36: changes role from CANDIDATE to FOLLOWER at term 1 for DISCOVERED_A_NEW_TERM
2019-10-01 18:08:55,691 [87aeb2bc-28a9-4d25-9225-03921817cb4f@group-72EF59600E36-LeaderElection61] INFO  impl.RoleInfo (RoleInfo.java:shutdownLeaderElection(134)) - 87aeb2bc-28a9-4d25-9225-03921817cb4f: shutdown LeaderElection
2019-10-01 18:08:55,691 [87aeb2bc-28a9-4d25-9225-03921817cb4f@group-72EF59600E36-LeaderElection61] INFO  impl.RoleInfo (RoleInfo.java:updateAndGet(143)) - 87aeb2bc-28a9-4d25-9225-03921817cb4f: start FollowerState
2019-10-01 18:08:55,694 [78bf55a6-6154-477c-8620-5698e7baa951@group-72EF59600E36-LeaderElection63] INFO  impl.LeaderElection (LeaderElection.java:logAndReturn(56)) - 78bf55a6-6154-477c-8620-5698e7baa951@group-72EF59600E36-LeaderElection63: Election REJECTED; received 2 response(s) [78bf55a6-6154-477c-8620-5698e7baa951<-87aeb2bc-28a9-4d25-9225-03921817cb4f#0:FAIL-t1, 78bf55a6-6154-477c-8620-5698e7baa951<-84448537-1f99-4d0e-a5f1-ad44b6f4f04b#0:FAIL-t1] and 0 exception(s); 78bf55a6-6154-477c-8620-5698e7baa951@group-72EF59600E36:t1, leader=null, voted=78bf55a6-6154-477c-8620-5698e7baa951, raftlog=78bf55a6-6154-477c-8620-5698e7baa951@group-72EF59600E36-SegmentedRaftLog:OPENED:c-1,f-1,i0, conf=-1: [78bf55a6-6154-477c-8620-5698e7baa951:192.168.164.205:40847, 87aeb2bc-28a9-4d25-9225-03921817cb4f:192.168.164.205:45016, 84448537-1f99-4d0e-a5f1-ad44b6f4f04b:192.168.164.205:39458], old=null
2019-10-01 18:08:55,696 [Thread-3068] INFO  impl.FollowerState (FollowerState.java:run(108)) - 17b7404d-2d81-475e-bb03-cc9d37296e24@group-1259D72E637A-FollowerState: change to CANDIDATE, lastRpcTime:5091ms, electionTimeout:5091ms
2019-10-01 18:08:55,696 [78bf55a6-6154-477c-8620-5698e7baa951@group-72EF59600E36-LeaderElection63] INFO  impl.RaftServerImpl (RaftServerImpl.java:setRole(170)) - 78bf55a6-6154-477c-8620-5698e7baa951@group-72EF59600E36: changes role from CANDIDATE to FOLLOWER at term 1 for DISCOVERED_A_NEW_TERM
2019-10-01 18:08:55,698 [78bf55a6-6154-477c-8620-5698e7baa951@group-72EF59600E36-LeaderElection63] INFO  impl.RoleInfo (RoleInfo.java:shutdownLeaderElection(134)) - 78bf55a6-6154-477c-8620-5698e7baa951: shutdown LeaderElection
2019-10-01 18:08:55,698 [Thread-3068] INFO  impl.RoleInfo (RoleInfo.java:shutdownFollowerState(121)) - 17b7404d-2d81-475e-bb03-cc9d37296e24: shutdown FollowerState
2019-10-01 18:08:55,698 [84448537-1f99-4d0e-a5f1-ad44b6f4f04b@group-72EF59600E36-LeaderElection62] INFO  impl.LeaderElection (LeaderElection.java:logAndReturn(56)) - 84448537-1f99-4d0e-a5f1-ad44b6f4f04b@group-72EF59600E36-LeaderElection62: Election REJECTED; received 2 response(s) [84448537-1f99-4d0e-a5f1-ad44b6f4f04b<-78bf55a6-6154-477c-8620-5698e7baa951#0:FAIL-t1, 84448537-1f99-4d0e-a5f1-ad44b6f4f04b<-87aeb2bc-28a9-4d25-9225-03921817cb4f#0:FAIL-t1] and 0 exception(s); 84448537-1f99-4d0e-a5f1-ad44b6f4f04b@group-72EF59600E36:t1, leader=null, voted=84448537-1f99-4d0e-a5f1-ad44b6f4f04b, raftlog=84448537-1f99-4d0e-a5f1-ad44b6f4f04b@group-72EF59600E36-SegmentedRaftLog:OPENED:c-1,f-1,i0, conf=-1: [78bf55a6-6154-477c-8620-5698e7baa951:192.168.164.205:40847, 87aeb2bc-28a9-4d25-9225-03921817cb4f:192.168.164.205:45016, 84448537-1f99-4d0e-a5f1-ad44b6f4f04b:192.168.164.205:39458], old=null
2019-10-01 18:08:55,698 [78bf55a6-6154-477c-8620-5698e7baa951@group-72EF59600E36-LeaderElection63] INFO  impl.RoleInfo (RoleInfo.java:updateAndGet(143)) - 78bf55a6-6154-477c-8620-5698e7baa951: start FollowerState
2019-10-01 18:08:55,699 [84448537-1f99-4d0e-a5f1-ad44b6f4f04b@group-72EF59600E36-LeaderElection62] INFO  impl.RaftServerImpl (RaftServerImpl.java:setRole(170)) - 84448537-1f99-4d0e-a5f1-ad44b6f4f04b@group-72EF59600E36: changes role from CANDIDATE to FOLLOWER at term 1 for DISCOVERED_A_NEW_TERM
2019-10-01 18:08:55,699 [Thread-3068] INFO  impl.RaftServerImpl (RaftServerImpl.java:setRole(170)) - 17b7404d-2d81-475e-bb03-cc9d37296e24@group-1259D72E637A: changes role from  FOLLOWER to CANDIDATE at term 0 for changeToCandidate
2019-10-01 18:08:55,701 [Thread-3068] INFO  impl.RoleInfo (RoleInfo.java:updateAndGet(143)) - 17b7404d-2d81-475e-bb03-cc9d37296e24: start LeaderElection
2019-10-01 18:08:55,701 [84448537-1f99-4d0e-a5f1-ad44b6f4f04b@group-72EF59600E36-LeaderElection62] INFO  impl.RoleInfo (RoleInfo.java:shutdownLeaderElection(134)) - 84448537-1f99-4d0e-a5f1-ad44b6f4f04b: shutdown LeaderElection
2019-10-01 18:08:55,701 [84448537-1f99-4d0e-a5f1-ad44b6f4f04b@group-72EF59600E36-LeaderElection62] INFO  impl.RoleInfo (RoleInfo.java:updateAndGet(143)) - 84448537-1f99-4d0e-a5f1-ad44b6f4f04b: start FollowerState
2019-10-01 18:08:55,729 [17b7404d-2d81-475e-bb03-cc9d37296e24@group-1259D72E637A-LeaderElection64] INFO  impl.LeaderElection (LeaderElection.java:askForVotes(178)) - 17b7404d-2d81-475e-bb03-cc9d37296e24@group-1259D72E637A-LeaderElection64: begin an election at term 1 for -1: [17b7404d-2d81-475e-bb03-cc9d37296e24:192.168.164.205:45696], old=null
2019-10-01 18:08:55,729 [17b7404d-2d81-475e-bb03-cc9d37296e24@group-1259D72E637A-LeaderElection64] INFO  impl.RoleInfo (RoleInfo.java:shutdownLeaderElection(134)) - 17b7404d-2d81-475e-bb03-cc9d37296e24: shutdown LeaderElection
2019-10-01 18:08:55,729 [17b7404d-2d81-475e-bb03-cc9d37296e24@group-1259D72E637A-LeaderElection64] INFO  impl.RaftServerImpl (RaftServerImpl.java:setRole(170)) - 17b7404d-2d81-475e-bb03-cc9d37296e24@group-1259D72E637A: changes role from CANDIDATE to LEADER at term 1 for changeToLeader
2019-10-01 18:08:55,729 [17b7404d-2d81-475e-bb03-cc9d37296e24@group-1259D72E637A-LeaderElection64] INFO  impl.RaftServerImpl (ServerState.java:setLeader(255)) - 17b7404d-2d81-475e-bb03-cc9d37296e24@group-1259D72E637A: change Leader from null to 17b7404d-2d81-475e-bb03-cc9d37296e24 at term 1 for becomeLeader, leader elected after 5130ms
2019-10-01 18:08:55,730 [17b7404d-2d81-475e-bb03-cc9d37296e24@group-1259D72E637A-LeaderElection64] INFO  server.RaftServerConfigKeys (ConfUtils.java:logGet(43)) - raft.server.staging.catchup.gap = 1000 (default)
2019-10-01 18:08:55,730 [17b7404d-2d81-475e-bb03-cc9d37296e24@group-1259D72E637A-LeaderElection64] INFO  server.RaftServerConfigKeys (ConfUtils.java:logGet(43)) - raft.server.rpc.sleep.time = 25ms (default)
2019-10-01 18:08:55,730 [17b7404d-2d81-475e-bb03-cc9d37296e24@group-1259D72E637A-LeaderElection64] INFO  server.RaftServerConfigKeys (ConfUtils.java:logGet(43)) - raft.server.write.element-limit = 4096 (default)
2019-10-01 18:08:55,730 [17b7404d-2d81-475e-bb03-cc9d37296e24@group-1259D72E637A-LeaderElection64] INFO  server.RaftServerConfigKeys (ConfUtils.java:logGet(43)) - raft.server.watch.timeout = 10s (default)
2019-10-01 18:08:55,730 [17b7404d-2d81-475e-bb03-cc9d37296e24@group-1259D72E637A-LeaderElection64] INFO  server.RaftServerConfigKeys (ConfUtils.java:logGet(43)) - raft.server.watch.timeout.denomination = 1s (default)
2019-10-01 18:08:55,730 [17b7404d-2d81-475e-bb03-cc9d37296e24@group-1259D72E637A-LeaderElection64] INFO  server.RaftServerConfigKeys (ConfUtils.java:logGet(43)) - raft.server.watch.element-limit = 65536 (default)
2019-10-01 18:08:55,732 [17b7404d-2d81-475e-bb03-cc9d37296e24@group-1259D72E637A-LeaderElection64] INFO  impl.RoleInfo (RoleInfo.java:updateAndGet(143)) - 17b7404d-2d81-475e-bb03-cc9d37296e24: start LeaderState
2019-10-01 18:08:55,732 [17b7404d-2d81-475e-bb03-cc9d37296e24@group-1259D72E637A-LeaderElection64] INFO  segmented.SegmentedRaftLogWorker (SegmentedRaftLogWorker.java:startLogSegment(385)) - 17b7404d-2d81-475e-bb03-cc9d37296e24@group-1259D72E637A-SegmentedRaftLogWorker: Starting segment from index:0
2019-10-01 18:08:55,732 [17b7404d-2d81-475e-bb03-cc9d37296e24@group-1259D72E637A-LeaderElection64] INFO  impl.RaftServerImpl (ServerState.java:setRaftConf(356)) - 17b7404d-2d81-475e-bb03-cc9d37296e24@group-1259D72E637A: set configuration 0: [17b7404d-2d81-475e-bb03-cc9d37296e24:192.168.164.205:45696], old=null at 0
2019-10-01 18:08:55,751 [Thread-3076] INFO  impl.FollowerState (FollowerState.java:run(108)) - 8fb55cee-2385-4435-9cab-3397106c25f8@group-858AB850688D-FollowerState: change to CANDIDATE, lastRpcTime:5022ms, electionTimeout:5022ms
2019-10-01 18:08:55,751 [Thread-3076] INFO  impl.RoleInfo (RoleInfo.java:shutdownFollowerState(121)) - 8fb55cee-2385-4435-9cab-3397106c25f8: shutdown FollowerState
2019-10-01 18:08:55,751 [Thread-3076] INFO  impl.RaftServerImpl (RaftServerImpl.java:setRole(170)) - 8fb55cee-2385-4435-9cab-3397106c25f8@group-858AB850688D: changes role from  FOLLOWER to CANDIDATE at term 0 for changeToCandidate
2019-10-01 18:08:55,751 [Thread-3076] INFO  impl.RoleInfo (RoleInfo.java:updateAndGet(143)) - 8fb55cee-2385-4435-9cab-3397106c25f8: start LeaderElection
2019-10-01 18:08:55,770 [17b7404d-2d81-475e-bb03-cc9d37296e24@group-1259D72E637A-SegmentedRaftLogWorker] INFO  segmented.SegmentedRaftLogWorker (SegmentedRaftLogWorker.java:execute(574)) - 17b7404d-2d81-475e-bb03-cc9d37296e24@group-1259D72E637A-SegmentedRaftLogWorker: created new log segment /workdir/hadoop-ozone/integration-test/target/test-dir/MiniOzoneClusterImpl-2ef0d120-1a14-4960-b5d7-28cf9da586f6/datanode-3/data/ratis/a7bb94ad-6bf7-4bf1-bf41-1259d72e637a/current/log_inprogress_0
2019-10-01 18:08:55,770 [8fb55cee-2385-4435-9cab-3397106c25f8@group-858AB850688D-LeaderElection65] INFO  impl.LeaderElection (LeaderElection.java:askForVotes(178)) - 8fb55cee-2385-4435-9cab-3397106c25f8@group-858AB850688D-LeaderElection65: begin an election at term 1 for -1: [8fb55cee-2385-4435-9cab-3397106c25f8:192.168.164.205:41941], old=null
2019-10-01 18:08:55,770 [8fb55cee-2385-4435-9cab-3397106c25f8@group-858AB850688D-LeaderElection65] INFO  impl.RoleInfo (RoleInfo.java:shutdownLeaderElection(134)) - 8fb55cee-2385-4435-9cab-3397106c25f8: shutdown LeaderElection
2019-10-01 18:08:55,770 [8fb55cee-2385-4435-9cab-3397106c25f8@group-858AB850688D-LeaderElection65] INFO  impl.RaftServerImpl (RaftServerImpl.java:setRole(170)) - 8fb55cee-2385-4435-9cab-3397106c25f8@group-858AB850688D: changes role from CANDIDATE to LEADER at term 1 for changeToLeader
2019-10-01 18:08:55,770 [8fb55cee-2385-4435-9cab-3397106c25f8@group-858AB850688D-LeaderElection65] INFO  impl.RaftServerImpl (ServerState.java:setLeader(255)) - 8fb55cee-2385-4435-9cab-3397106c25f8@group-858AB850688D: change Leader from null to 8fb55cee-2385-4435-9cab-3397106c25f8 at term 1 for becomeLeader, leader elected after 5048ms
2019-10-01 18:08:55,771 [8fb55cee-2385-4435-9cab-3397106c25f8@group-858AB850688D-LeaderElection65] INFO  server.RaftServerConfigKeys (ConfUtils.java:logGet(43)) - raft.server.staging.catchup.gap = 1000 (default)
2019-10-01 18:08:55,771 [8fb55cee-2385-4435-9cab-3397106c25f8@group-858AB850688D-LeaderElection65] INFO  server.RaftServerConfigKeys (ConfUtils.java:logGet(43)) - raft.server.rpc.sleep.time = 25ms (default)
2019-10-01 18:08:55,771 [8fb55cee-2385-4435-9cab-3397106c25f8@group-858AB850688D-LeaderElection65] INFO  server.RaftServerConfigKeys (ConfUtils.java:logGet(43)) - raft.server.write.element-limit = 4096 (default)
2019-10-01 18:08:55,771 [8fb55cee-2385-4435-9cab-3397106c25f8@group-858AB850688D-LeaderElection65] INFO  server.RaftServerConfigKeys (ConfUtils.java:logGet(43)) - raft.server.watch.timeout = 10s (default)
2019-10-01 18:08:55,771 [8fb55cee-2385-4435-9cab-3397106c25f8@group-858AB850688D-LeaderElection65] INFO  server.RaftServerConfigKeys (ConfUtils.java:logGet(43)) - raft.server.watch.timeout.denomination = 1s (default)
2019-10-01 18:08:55,772 [8fb55cee-2385-4435-9cab-3397106c25f8@group-858AB850688D-LeaderElection65] INFO  server.RaftServerConfigKeys (ConfUtils.java:logGet(43)) - raft.server.watch.element-limit = 65536 (default)
2019-10-01 18:08:55,774 [8fb55cee-2385-4435-9cab-3397106c25f8@group-858AB850688D-LeaderElection65] INFO  impl.RoleInfo (RoleInfo.java:updateAndGet(143)) - 8fb55cee-2385-4435-9cab-3397106c25f8: start LeaderState
2019-10-01 18:08:55,774 [8fb55cee-2385-4435-9cab-3397106c25f8@group-858AB850688D-LeaderElection65] INFO  segmented.SegmentedRaftLogWorker (SegmentedRaftLogWorker.java:startLogSegment(385)) - 8fb55cee-2385-4435-9cab-3397106c25f8@group-858AB850688D-SegmentedRaftLogWorker: Starting segment from index:0
2019-10-01 18:08:55,775 [8fb55cee-2385-4435-9cab-3397106c25f8@group-858AB850688D-LeaderElection65] INFO  impl.RaftServerImpl (ServerState.java:setRaftConf(356)) - 8fb55cee-2385-4435-9cab-3397106c25f8@group-858AB850688D: set configuration 0: [8fb55cee-2385-4435-9cab-3397106c25f8:192.168.164.205:41941], old=null at 0
2019-10-01 18:08:55,810 [Thread-3073] INFO  impl.FollowerState (FollowerState.java:run(108)) - afdd3fe1-73d7-47a9-80c4-ac0b0cf2283a@group-01958F561CF7-FollowerState: change to CANDIDATE, lastRpcTime:5141ms, electionTimeout:5141ms
2019-10-01 18:08:55,810 [Thread-3073] INFO  impl.RoleInfo (RoleInfo.java:shutdownFollowerState(121)) - afdd3fe1-73d7-47a9-80c4-ac0b0cf2283a: shutdown FollowerState
2019-10-01 18:08:55,810 [Thread-3073] INFO  impl.RaftServerImpl (RaftServerImpl.java:setRole(170)) - afdd3fe1-73d7-47a9-80c4-ac0b0cf2283a@group-01958F561CF7: changes role from  FOLLOWER to CANDIDATE at term 0 for changeToCandidate
2019-10-01 18:08:55,810 [Thread-3073] INFO  impl.RoleInfo (RoleInfo.java:updateAndGet(143)) - afdd3fe1-73d7-47a9-80c4-ac0b0cf2283a: start LeaderElection
2019-10-01 18:08:55,822 [8fb55cee-2385-4435-9cab-3397106c25f8@group-858AB850688D-SegmentedRaftLogWorker] INFO  segmented.SegmentedRaftLogWorker (SegmentedRaftLogWorker.java:execute(574)) - 8fb55cee-2385-4435-9cab-3397106c25f8@group-858AB850688D-SegmentedRaftLogWorker: created new log segment /workdir/hadoop-ozone/integration-test/target/test-dir/MiniOzoneClusterImpl-2ef0d120-1a14-4960-b5d7-28cf9da586f6/datanode-6/data/ratis/89de8827-941c-48a5-b03b-858ab850688d/current/log_inprogress_0
2019-10-01 18:08:55,822 [afdd3fe1-73d7-47a9-80c4-ac0b0cf2283a@group-01958F561CF7-LeaderElection66] INFO  impl.LeaderElection (LeaderElection.java:askForVotes(178)) - afdd3fe1-73d7-47a9-80c4-ac0b0cf2283a@group-01958F561CF7-LeaderElection66: begin an election at term 1 for -1: [afdd3fe1-73d7-47a9-80c4-ac0b0cf2283a:192.168.164.205:43376], old=null
2019-10-01 18:08:55,822 [afdd3fe1-73d7-47a9-80c4-ac0b0cf2283a@group-01958F561CF7-LeaderElection66] INFO  impl.RoleInfo (RoleInfo.java:shutdownLeaderElection(134)) - afdd3fe1-73d7-47a9-80c4-ac0b0cf2283a: shutdown LeaderElection
2019-10-01 18:08:55,822 [afdd3fe1-73d7-47a9-80c4-ac0b0cf2283a@group-01958F561CF7-LeaderElection66] INFO  impl.RaftServerImpl (RaftServerImpl.java:setRole(170)) - afdd3fe1-73d7-47a9-80c4-ac0b0cf2283a@group-01958F561CF7: changes role from CANDIDATE to LEADER at term 1 for changeToLeader
2019-10-01 18:08:55,822 [afdd3fe1-73d7-47a9-80c4-ac0b0cf2283a@group-01958F561CF7-LeaderElection66] INFO  impl.RaftServerImpl (ServerState.java:setLeader(255)) - afdd3fe1-73d7-47a9-80c4-ac0b0cf2283a@group-01958F561CF7: change Leader from null to afdd3fe1-73d7-47a9-80c4-ac0b0cf2283a at term 1 for becomeLeader, leader elected after 5178ms
2019-10-01 18:08:55,822 [afdd3fe1-73d7-47a9-80c4-ac0b0cf2283a@group-01958F561CF7-LeaderElection66] INFO  server.RaftServerConfigKeys (ConfUtils.java:logGet(43)) - raft.server.staging.catchup.gap = 1000 (default)
2019-10-01 18:08:55,822 [afdd3fe1-73d7-47a9-80c4-ac0b0cf2283a@group-01958F561CF7-LeaderElection66] INFO  server.RaftServerConfigKeys (ConfUtils.java:logGet(43)) - raft.server.rpc.sleep.time = 25ms (default)
2019-10-01 18:08:55,823 [afdd3fe1-73d7-47a9-80c4-ac0b0cf2283a@group-01958F561CF7-LeaderElection66] INFO  server.RaftServerConfigKeys (ConfUtils.java:logGet(43)) - raft.server.write.element-limit = 4096 (default)
2019-10-01 18:08:55,823 [afdd3fe1-73d7-47a9-80c4-ac0b0cf2283a@group-01958F561CF7-LeaderElection66] INFO  server.RaftServerConfigKeys (ConfUtils.java:logGet(43)) - raft.server.watch.timeout = 10s (default)
2019-10-01 18:08:55,823 [afdd3fe1-73d7-47a9-80c4-ac0b0cf2283a@group-01958F561CF7-LeaderElection66] INFO  server.RaftServerConfigKeys (ConfUtils.java:logGet(43)) - raft.server.watch.timeout.denomination = 1s (default)
2019-10-01 18:08:55,823 [afdd3fe1-73d7-47a9-80c4-ac0b0cf2283a@group-01958F561CF7-LeaderElection66] INFO  server.RaftServerConfigKeys (ConfUtils.java:logGet(43)) - raft.server.watch.element-limit = 65536 (default)
2019-10-01 18:08:55,824 [afdd3fe1-73d7-47a9-80c4-ac0b0cf2283a@group-01958F561CF7-LeaderElection66] INFO  impl.RoleInfo (RoleInfo.java:updateAndGet(143)) - afdd3fe1-73d7-47a9-80c4-ac0b0cf2283a: start LeaderState
2019-10-01 18:08:55,824 [afdd3fe1-73d7-47a9-80c4-ac0b0cf2283a@group-01958F561CF7-LeaderElection66] INFO  segmented.SegmentedRaftLogWorker (SegmentedRaftLogWorker.java:startLogSegment(385)) - afdd3fe1-73d7-47a9-80c4-ac0b0cf2283a@group-01958F561CF7-SegmentedRaftLogWorker: Starting segment from index:0
2019-10-01 18:08:55,824 [afdd3fe1-73d7-47a9-80c4-ac0b0cf2283a@group-01958F561CF7-LeaderElection66] INFO  impl.RaftServerImpl (ServerState.java:setRaftConf(356)) - afdd3fe1-73d7-47a9-80c4-ac0b0cf2283a@group-01958F561CF7: set configuration 0: [afdd3fe1-73d7-47a9-80c4-ac0b0cf2283a:192.168.164.205:43376], old=null at 0
2019-10-01 18:08:55,853 [afdd3fe1-73d7-47a9-80c4-ac0b0cf2283a@group-01958F561CF7-SegmentedRaftLogWorker] INFO  segmented.SegmentedRaftLogWorker (SegmentedRaftLogWorker.java:execute(574)) - afdd3fe1-73d7-47a9-80c4-ac0b0cf2283a@group-01958F561CF7-SegmentedRaftLogWorker: created new log segment /workdir/hadoop-ozone/integration-test/target/test-dir/MiniOzoneClusterImpl-2ef0d120-1a14-4960-b5d7-28cf9da586f6/datanode-5/data/ratis/d9dd82d4-6378-4949-a689-01958f561cf7/current/log_inprogress_0
2019-10-01 18:08:55,924 [Thread-3079] INFO  impl.FollowerState (FollowerState.java:run(108)) - 820de064-3dc6-45b0-ab1f-7b0ae95712fc@group-815DC923044E-FollowerState: change to CANDIDATE, lastRpcTime:5105ms, electionTimeout:5105ms
2019-10-01 18:08:55,924 [Thread-3079] INFO  impl.RoleInfo (RoleInfo.java:shutdownFollowerState(121)) - 820de064-3dc6-45b0-ab1f-7b0ae95712fc: shutdown FollowerState
2019-10-01 18:08:55,924 [Thread-3079] INFO  impl.RaftServerImpl (RaftServerImpl.java:setRole(170)) - 820de064-3dc6-45b0-ab1f-7b0ae95712fc@group-815DC923044E: changes role from  FOLLOWER to CANDIDATE at term 0 for changeToCandidate
2019-10-01 18:08:55,925 [Thread-3079] INFO  impl.RoleInfo (RoleInfo.java:updateAndGet(143)) - 820de064-3dc6-45b0-ab1f-7b0ae95712fc: start LeaderElection
2019-10-01 18:08:55,943 [820de064-3dc6-45b0-ab1f-7b0ae95712fc@group-815DC923044E-LeaderElection67] INFO  impl.LeaderElection (LeaderElection.java:askForVotes(178)) - 820de064-3dc6-45b0-ab1f-7b0ae95712fc@group-815DC923044E-LeaderElection67: begin an election at term 1 for -1: [820de064-3dc6-45b0-ab1f-7b0ae95712fc:192.168.164.205:34221, 8fb55cee-2385-4435-9cab-3397106c25f8:192.168.164.205:41941, afdd3fe1-73d7-47a9-80c4-ac0b0cf2283a:192.168.164.205:43376], old=null
2019-10-01 18:08:55,947 [grpc-default-executor-1] INFO  impl.RaftServerImpl (RaftServerImpl.java:setRole(170)) - afdd3fe1-73d7-47a9-80c4-ac0b0cf2283a@group-815DC923044E: changes role from  FOLLOWER to FOLLOWER at term 1 for recognizeCandidate:820de064-3dc6-45b0-ab1f-7b0ae95712fc
2019-10-01 18:08:55,947 [grpc-default-executor-5] INFO  impl.RaftServerImpl (RaftServerImpl.java:setRole(170)) - 8fb55cee-2385-4435-9cab-3397106c25f8@group-815DC923044E: changes role from  FOLLOWER to FOLLOWER at term 1 for recognizeCandidate:820de064-3dc6-45b0-ab1f-7b0ae95712fc
2019-10-01 18:08:55,947 [grpc-default-executor-1] INFO  impl.RoleInfo (RoleInfo.java:shutdownFollowerState(121)) - afdd3fe1-73d7-47a9-80c4-ac0b0cf2283a: shutdown FollowerState
2019-10-01 18:08:55,947 [grpc-default-executor-5] INFO  impl.RoleInfo (RoleInfo.java:shutdownFollowerState(121)) - 8fb55cee-2385-4435-9cab-3397106c25f8: shutdown FollowerState
2019-10-01 18:08:55,948 [Thread-3084] INFO  impl.FollowerState (FollowerState.java:run(117)) - afdd3fe1-73d7-47a9-80c4-ac0b0cf2283a@group-815DC923044E-FollowerState was interrupted: java.lang.InterruptedException: sleep interrupted
2019-10-01 18:08:55,947 [grpc-default-executor-1] INFO  impl.RoleInfo (RoleInfo.java:updateAndGet(143)) - afdd3fe1-73d7-47a9-80c4-ac0b0cf2283a: start FollowerState
2019-10-01 18:08:55,948 [Thread-3083] INFO  impl.FollowerState (FollowerState.java:run(117)) - 8fb55cee-2385-4435-9cab-3397106c25f8@group-815DC923044E-FollowerState was interrupted: java.lang.InterruptedException: sleep interrupted
2019-10-01 18:08:55,948 [grpc-default-executor-5] INFO  impl.RoleInfo (RoleInfo.java:updateAndGet(143)) - 8fb55cee-2385-4435-9cab-3397106c25f8: start FollowerState
2019-10-01 18:08:55,957 [820de064-3dc6-45b0-ab1f-7b0ae95712fc@group-815DC923044E-LeaderElection67] INFO  impl.LeaderElection (LeaderElection.java:logAndReturn(56)) - 820de064-3dc6-45b0-ab1f-7b0ae95712fc@group-815DC923044E-LeaderElection67: Election PASSED; received 1 response(s) [820de064-3dc6-45b0-ab1f-7b0ae95712fc<-afdd3fe1-73d7-47a9-80c4-ac0b0cf2283a#0:OK-t1] and 0 exception(s); 820de064-3dc6-45b0-ab1f-7b0ae95712fc@group-815DC923044E:t1, leader=null, voted=820de064-3dc6-45b0-ab1f-7b0ae95712fc, raftlog=820de064-3dc6-45b0-ab1f-7b0ae95712fc@group-815DC923044E-SegmentedRaftLog:OPENED:c-1,f-1,i0, conf=-1: [820de064-3dc6-45b0-ab1f-7b0ae95712fc:192.168.164.205:34221, 8fb55cee-2385-4435-9cab-3397106c25f8:192.168.164.205:41941, afdd3fe1-73d7-47a9-80c4-ac0b0cf2283a:192.168.164.205:43376], old=null
2019-10-01 18:08:55,957 [820de064-3dc6-45b0-ab1f-7b0ae95712fc@group-815DC923044E-LeaderElection67] INFO  impl.RoleInfo (RoleInfo.java:shutdownLeaderElection(134)) - 820de064-3dc6-45b0-ab1f-7b0ae95712fc: shutdown LeaderElection
2019-10-01 18:08:55,957 [820de064-3dc6-45b0-ab1f-7b0ae95712fc@group-815DC923044E-LeaderElection67] INFO  impl.RaftServerImpl (RaftServerImpl.java:setRole(170)) - 820de064-3dc6-45b0-ab1f-7b0ae95712fc@group-815DC923044E: changes role from CANDIDATE to LEADER at term 1 for changeToLeader
2019-10-01 18:08:55,957 [820de064-3dc6-45b0-ab1f-7b0ae95712fc@group-815DC923044E-LeaderElection67] INFO  impl.RaftServerImpl (ServerState.java:setLeader(255)) - 820de064-3dc6-45b0-ab1f-7b0ae95712fc@group-815DC923044E: change Leader from null to 820de064-3dc6-45b0-ab1f-7b0ae95712fc at term 1 for becomeLeader, leader elected after 5144ms
2019-10-01 18:08:55,958 [820de064-3dc6-45b0-ab1f-7b0ae95712fc@group-815DC923044E-LeaderElection67] INFO  server.RaftServerConfigKeys (ConfUtils.java:logGet(43)) - raft.server.staging.catchup.gap = 1000 (default)
2019-10-01 18:08:55,958 [820de064-3dc6-45b0-ab1f-7b0ae95712fc@group-815DC923044E-LeaderElection67] INFO  server.RaftServerConfigKeys (ConfUtils.java:logGet(43)) - raft.server.rpc.sleep.time = 25ms (default)
2019-10-01 18:08:55,958 [820de064-3dc6-45b0-ab1f-7b0ae95712fc@group-815DC923044E-LeaderElection67] INFO  server.RaftServerConfigKeys (ConfUtils.java:logGet(43)) - raft.server.write.element-limit = 4096 (default)
2019-10-01 18:08:55,958 [820de064-3dc6-45b0-ab1f-7b0ae95712fc@group-815DC923044E-LeaderElection67] INFO  server.RaftServerConfigKeys (ConfUtils.java:logGet(43)) - raft.server.watch.timeout = 10s (default)
2019-10-01 18:08:55,958 [820de064-3dc6-45b0-ab1f-7b0ae95712fc@group-815DC923044E-LeaderElection67] INFO  server.RaftServerConfigKeys (ConfUtils.java:logGet(43)) - raft.server.watch.timeout.denomination = 1s (default)
2019-10-01 18:08:55,958 [820de064-3dc6-45b0-ab1f-7b0ae95712fc@group-815DC923044E-LeaderElection67] INFO  server.RaftServerConfigKeys (ConfUtils.java:logGet(43)) - raft.server.watch.element-limit = 65536 (default)
2019-10-01 18:08:55,960 [820de064-3dc6-45b0-ab1f-7b0ae95712fc@group-815DC923044E-LeaderElection67] INFO  server.RaftServerConfigKeys (ConfUtils.java:logGet(43)) - raft.server.log.appender.snapshot.chunk.size.max = 16MB (=16777216) (default)
2019-10-01 18:08:55,960 [820de064-3dc6-45b0-ab1f-7b0ae95712fc@group-815DC923044E-LeaderElection67] INFO  server.RaftServerConfigKeys (ConfUtils.java:logGet(43)) - raft.server.log.appender.buffer.byte-limit = 33554432 (custom)
2019-10-01 18:08:55,960 [820de064-3dc6-45b0-ab1f-7b0ae95712fc@group-815DC923044E-LeaderElection67] INFO  server.RaftServerConfigKeys (ConfUtils.java:logGet(43)) - raft.server.log.appender.buffer.element-limit = 1 (custom)
2019-10-01 18:08:55,960 [820de064-3dc6-45b0-ab1f-7b0ae95712fc@group-815DC923044E-LeaderElection67] INFO  grpc.GrpcConfigKeys$Server (ConfUtils.java:logGet(43)) - raft.grpc.server.leader.outstanding.appends.max = 128 (default)
2019-10-01 18:08:55,961 [820de064-3dc6-45b0-ab1f-7b0ae95712fc@group-815DC923044E-LeaderElection67] INFO  server.RaftServerConfigKeys (ConfUtils.java:logGet(43)) - raft.server.rpc.request.timeout = 3000ms (default)
2019-10-01 18:08:55,961 [820de064-3dc6-45b0-ab1f-7b0ae95712fc@group-815DC923044E-LeaderElection67] INFO  server.RaftServerConfigKeys (ConfUtils.java:logGet(43)) - raft.server.log.appender.install.snapshot.enabled = false (custom)
2019-10-01 18:08:55,961 [820de064-3dc6-45b0-ab1f-7b0ae95712fc@group-815DC923044E-LeaderElection67] INFO  server.RaftServerConfigKeys (ConfUtils.java:logGet(43)) - raft.server.log.appender.snapshot.chunk.size.max = 16MB (=16777216) (default)
2019-10-01 18:08:55,961 [820de064-3dc6-45b0-ab1f-7b0ae95712fc@group-815DC923044E-LeaderElection67] INFO  server.RaftServerConfigKeys (ConfUtils.java:logGet(43)) - raft.server.log.appender.buffer.byte-limit = 33554432 (custom)
2019-10-01 18:08:55,961 [820de064-3dc6-45b0-ab1f-7b0ae95712fc@group-815DC923044E-LeaderElection67] INFO  server.RaftServerConfigKeys (ConfUtils.java:logGet(43)) - raft.server.log.appender.buffer.element-limit = 1 (custom)
2019-10-01 18:08:55,962 [820de064-3dc6-45b0-ab1f-7b0ae95712fc@group-815DC923044E-LeaderElection67] INFO  grpc.GrpcConfigKeys$Server (ConfUtils.java:logGet(43)) - raft.grpc.server.leader.outstanding.appends.max = 128 (default)
2019-10-01 18:08:55,962 [820de064-3dc6-45b0-ab1f-7b0ae95712fc@group-815DC923044E-LeaderElection67] INFO  server.RaftServerConfigKeys (ConfUtils.java:logGet(43)) - raft.server.rpc.request.timeout = 3000ms (default)
2019-10-01 18:08:55,962 [820de064-3dc6-45b0-ab1f-7b0ae95712fc@group-815DC923044E-LeaderElection67] INFO  server.RaftServerConfigKeys (ConfUtils.java:logGet(43)) - raft.server.log.appender.install.snapshot.enabled = false (custom)
2019-10-01 18:08:55,962 [820de064-3dc6-45b0-ab1f-7b0ae95712fc@group-815DC923044E-LeaderElection67] INFO  impl.RoleInfo (RoleInfo.java:updateAndGet(143)) - 820de064-3dc6-45b0-ab1f-7b0ae95712fc: start LeaderState
2019-10-01 18:08:55,962 [820de064-3dc6-45b0-ab1f-7b0ae95712fc@group-815DC923044E-LeaderElection67] INFO  segmented.SegmentedRaftLogWorker (SegmentedRaftLogWorker.java:startLogSegment(385)) - 820de064-3dc6-45b0-ab1f-7b0ae95712fc@group-815DC923044E-SegmentedRaftLogWorker: Starting segment from index:0
2019-10-01 18:08:55,963 [820de064-3dc6-45b0-ab1f-7b0ae95712fc@group-815DC923044E-LeaderElection67] INFO  impl.RaftServerImpl (ServerState.java:setRaftConf(356)) - 820de064-3dc6-45b0-ab1f-7b0ae95712fc@group-815DC923044E: set configuration 0: [820de064-3dc6-45b0-ab1f-7b0ae95712fc:192.168.164.205:34221, 8fb55cee-2385-4435-9cab-3397106c25f8:192.168.164.205:41941, afdd3fe1-73d7-47a9-80c4-ac0b0cf2283a:192.168.164.205:43376], old=null at 0
2019-10-01 18:08:55,981 [grpc-default-executor-5] INFO  impl.RaftServerImpl (ServerState.java:setLeader(255)) - afdd3fe1-73d7-47a9-80c4-ac0b0cf2283a@group-815DC923044E: change Leader from null to 820de064-3dc6-45b0-ab1f-7b0ae95712fc at term 1 for appendEntries, leader elected after 5166ms
2019-10-01 18:08:55,981 [grpc-default-executor-1] INFO  impl.RaftServerImpl (ServerState.java:setLeader(255)) - 8fb55cee-2385-4435-9cab-3397106c25f8@group-815DC923044E: change Leader from null to 820de064-3dc6-45b0-ab1f-7b0ae95712fc at term 1 for appendEntries, leader elected after 5165ms
2019-10-01 18:08:55,985 [grpc-default-executor-1] INFO  impl.RaftServerImpl (ServerState.java:setRaftConf(356)) - 8fb55cee-2385-4435-9cab-3397106c25f8@group-815DC923044E: set configuration 0: [820de064-3dc6-45b0-ab1f-7b0ae95712fc:192.168.164.205:34221, 8fb55cee-2385-4435-9cab-3397106c25f8:192.168.164.205:41941, afdd3fe1-73d7-47a9-80c4-ac0b0cf2283a:192.168.164.205:43376], old=null at 0
2019-10-01 18:08:55,985 [grpc-default-executor-5] INFO  impl.RaftServerImpl (ServerState.java:setRaftConf(356)) - afdd3fe1-73d7-47a9-80c4-ac0b0cf2283a@group-815DC923044E: set configuration 0: [820de064-3dc6-45b0-ab1f-7b0ae95712fc:192.168.164.205:34221, 8fb55cee-2385-4435-9cab-3397106c25f8:192.168.164.205:41941, afdd3fe1-73d7-47a9-80c4-ac0b0cf2283a:192.168.164.205:43376], old=null at 0
2019-10-01 18:08:55,985 [grpc-default-executor-1] INFO  segmented.SegmentedRaftLogWorker (SegmentedRaftLogWorker.java:startLogSegment(385)) - 8fb55cee-2385-4435-9cab-3397106c25f8@group-815DC923044E-SegmentedRaftLogWorker: Starting segment from index:0
2019-10-01 18:08:55,985 [grpc-default-executor-5] INFO  segmented.SegmentedRaftLogWorker (SegmentedRaftLogWorker.java:startLogSegment(385)) - afdd3fe1-73d7-47a9-80c4-ac0b0cf2283a@group-815DC923044E-SegmentedRaftLogWorker: Starting segment from index:0
2019-10-01 18:08:56,000 [820de064-3dc6-45b0-ab1f-7b0ae95712fc@group-815DC923044E-SegmentedRaftLogWorker] INFO  segmented.SegmentedRaftLogWorker (SegmentedRaftLogWorker.java:execute(574)) - 820de064-3dc6-45b0-ab1f-7b0ae95712fc@group-815DC923044E-SegmentedRaftLogWorker: created new log segment /workdir/hadoop-ozone/integration-test/target/test-dir/MiniOzoneClusterImpl-2ef0d120-1a14-4960-b5d7-28cf9da586f6/datanode-4/data/ratis/aa46d679-78ba-421d-b0ac-815dc923044e/current/log_inprogress_0
2019-10-01 18:08:56,003 [8fb55cee-2385-4435-9cab-3397106c25f8@group-815DC923044E-SegmentedRaftLogWorker] INFO  segmented.SegmentedRaftLogWorker (SegmentedRaftLogWorker.java:execute(574)) - 8fb55cee-2385-4435-9cab-3397106c25f8@group-815DC923044E-SegmentedRaftLogWorker: created new log segment /workdir/hadoop-ozone/integration-test/target/test-dir/MiniOzoneClusterImpl-2ef0d120-1a14-4960-b5d7-28cf9da586f6/datanode-6/data/ratis/aa46d679-78ba-421d-b0ac-815dc923044e/current/log_inprogress_0
2019-10-01 18:08:56,003 [afdd3fe1-73d7-47a9-80c4-ac0b0cf2283a@group-815DC923044E-SegmentedRaftLogWorker] INFO  segmented.SegmentedRaftLogWorker (SegmentedRaftLogWorker.java:execute(574)) - afdd3fe1-73d7-47a9-80c4-ac0b0cf2283a@group-815DC923044E-SegmentedRaftLogWorker: created new log segment /workdir/hadoop-ozone/integration-test/target/test-dir/MiniOzoneClusterImpl-2ef0d120-1a14-4960-b5d7-28cf9da586f6/datanode-5/data/ratis/aa46d679-78ba-421d-b0ac-815dc923044e/current/log_inprogress_0
2019-10-01 18:09:00,733 [Thread-3117] INFO  impl.FollowerState (FollowerState.java:run(108)) - 78bf55a6-6154-477c-8620-5698e7baa951@group-72EF59600E36-FollowerState: change to CANDIDATE, lastRpcTime:5034ms, electionTimeout:5032ms
2019-10-01 18:09:00,734 [Thread-3117] INFO  impl.RoleInfo (RoleInfo.java:shutdownFollowerState(121)) - 78bf55a6-6154-477c-8620-5698e7baa951: shutdown FollowerState
2019-10-01 18:09:00,735 [Thread-3117] INFO  impl.RaftServerImpl (RaftServerImpl.java:setRole(170)) - 78bf55a6-6154-477c-8620-5698e7baa951@group-72EF59600E36: changes role from  FOLLOWER to CANDIDATE at term 1 for changeToCandidate
2019-10-01 18:09:00,735 [Thread-3117] INFO  impl.RoleInfo (RoleInfo.java:updateAndGet(143)) - 78bf55a6-6154-477c-8620-5698e7baa951: start LeaderElection
2019-10-01 18:09:00,740 [Thread-3116] INFO  impl.FollowerState (FollowerState.java:run(108)) - 87aeb2bc-28a9-4d25-9225-03921817cb4f@group-72EF59600E36-FollowerState: change to CANDIDATE, lastRpcTime:5048ms, electionTimeout:5045ms
2019-10-01 18:09:00,740 [Thread-3116] INFO  impl.RoleInfo (RoleInfo.java:shutdownFollowerState(121)) - 87aeb2bc-28a9-4d25-9225-03921817cb4f: shutdown FollowerState
2019-10-01 18:09:00,740 [Thread-3116] INFO  impl.RaftServerImpl (RaftServerImpl.java:setRole(170)) - 87aeb2bc-28a9-4d25-9225-03921817cb4f@group-72EF59600E36: changes role from  FOLLOWER to CANDIDATE at term 1 for changeToCandidate
2019-10-01 18:09:00,740 [Thread-3116] INFO  impl.RoleInfo (RoleInfo.java:updateAndGet(143)) - 87aeb2bc-28a9-4d25-9225-03921817cb4f: start LeaderElection
2019-10-01 18:09:00,758 [87aeb2bc-28a9-4d25-9225-03921817cb4f@group-72EF59600E36-LeaderElection69] INFO  impl.LeaderElection (LeaderElection.java:askForVotes(178)) - 87aeb2bc-28a9-4d25-9225-03921817cb4f@group-72EF59600E36-LeaderElection69: begin an election at term 2 for -1: [78bf55a6-6154-477c-8620-5698e7baa951:192.168.164.205:40847, 87aeb2bc-28a9-4d25-9225-03921817cb4f:192.168.164.205:45016, 84448537-1f99-4d0e-a5f1-ad44b6f4f04b:192.168.164.205:39458], old=null
2019-10-01 18:09:00,758 [78bf55a6-6154-477c-8620-5698e7baa951@group-72EF59600E36-LeaderElection68] INFO  impl.LeaderElection (LeaderElection.java:askForVotes(178)) - 78bf55a6-6154-477c-8620-5698e7baa951@group-72EF59600E36-LeaderElection68: begin an election at term 2 for -1: [78bf55a6-6154-477c-8620-5698e7baa951:192.168.164.205:40847, 87aeb2bc-28a9-4d25-9225-03921817cb4f:192.168.164.205:45016, 84448537-1f99-4d0e-a5f1-ad44b6f4f04b:192.168.164.205:39458], old=null
2019-10-01 18:09:00,762 [grpc-default-executor-5] INFO  impl.RaftServerImpl (RaftServerImpl.java:setRole(170)) - 84448537-1f99-4d0e-a5f1-ad44b6f4f04b@group-72EF59600E36: changes role from  FOLLOWER to FOLLOWER at term 2 for recognizeCandidate:78bf55a6-6154-477c-8620-5698e7baa951
2019-10-01 18:09:00,762 [grpc-default-executor-5] INFO  impl.RoleInfo (RoleInfo.java:shutdownFollowerState(121)) - 84448537-1f99-4d0e-a5f1-ad44b6f4f04b: shutdown FollowerState
2019-10-01 18:09:00,762 [grpc-default-executor-5] INFO  impl.RoleInfo (RoleInfo.java:updateAndGet(143)) - 84448537-1f99-4d0e-a5f1-ad44b6f4f04b: start FollowerState
2019-10-01 18:09:00,762 [Thread-3119] INFO  impl.FollowerState (FollowerState.java:run(117)) - 84448537-1f99-4d0e-a5f1-ad44b6f4f04b@group-72EF59600E36-FollowerState was interrupted: java.lang.InterruptedException: sleep interrupted
2019-10-01 18:09:00,782 [87aeb2bc-28a9-4d25-9225-03921817cb4f@group-72EF59600E36-LeaderElection69] INFO  impl.LeaderElection (LeaderElection.java:logAndReturn(56)) - 87aeb2bc-28a9-4d25-9225-03921817cb4f@group-72EF59600E36-LeaderElection69: Election REJECTED; received 2 response(s) [87aeb2bc-28a9-4d25-9225-03921817cb4f<-78bf55a6-6154-477c-8620-5698e7baa951#0:FAIL-t2, 87aeb2bc-28a9-4d25-9225-03921817cb4f<-84448537-1f99-4d0e-a5f1-ad44b6f4f04b#0:FAIL-t2] and 0 exception(s); 87aeb2bc-28a9-4d25-9225-03921817cb4f@group-72EF59600E36:t2, leader=null, voted=87aeb2bc-28a9-4d25-9225-03921817cb4f, raftlog=87aeb2bc-28a9-4d25-9225-03921817cb4f@group-72EF59600E36-SegmentedRaftLog:OPENED:c-1,f-1,i0, conf=-1: [78bf55a6-6154-477c-8620-5698e7baa951:192.168.164.205:40847, 87aeb2bc-28a9-4d25-9225-03921817cb4f:192.168.164.205:45016, 84448537-1f99-4d0e-a5f1-ad44b6f4f04b:192.168.164.205:39458], old=null
2019-10-01 18:09:00,782 [78bf55a6-6154-477c-8620-5698e7baa951@group-72EF59600E36-LeaderElection68] INFO  impl.LeaderElection (LeaderElection.java:logAndReturn(56)) - 78bf55a6-6154-477c-8620-5698e7baa951@group-72EF59600E36-LeaderElection68: Election PASSED; received 2 response(s) [78bf55a6-6154-477c-8620-5698e7baa951<-87aeb2bc-28a9-4d25-9225-03921817cb4f#0:FAIL-t2, 78bf55a6-6154-477c-8620-5698e7baa951<-84448537-1f99-4d0e-a5f1-ad44b6f4f04b#0:OK-t2] and 0 exception(s); 78bf55a6-6154-477c-8620-5698e7baa951@group-72EF59600E36:t2, leader=null, voted=78bf55a6-6154-477c-8620-5698e7baa951, raftlog=78bf55a6-6154-477c-8620-5698e7baa951@group-72EF59600E36-SegmentedRaftLog:OPENED:c-1,f-1,i0, conf=-1: [78bf55a6-6154-477c-8620-5698e7baa951:192.168.164.205:40847, 87aeb2bc-28a9-4d25-9225-03921817cb4f:192.168.164.205:45016, 84448537-1f99-4d0e-a5f1-ad44b6f4f04b:192.168.164.205:39458], old=null
2019-10-01 18:09:00,782 [87aeb2bc-28a9-4d25-9225-03921817cb4f@group-72EF59600E36-LeaderElection69] INFO  impl.RaftServerImpl (RaftServerImpl.java:setRole(170)) - 87aeb2bc-28a9-4d25-9225-03921817cb4f@group-72EF59600E36: changes role from CANDIDATE to FOLLOWER at term 2 for DISCOVERED_A_NEW_TERM
2019-10-01 18:09:00,782 [78bf55a6-6154-477c-8620-5698e7baa951@group-72EF59600E36-LeaderElection68] INFO  impl.RoleInfo (RoleInfo.java:shutdownLeaderElection(134)) - 78bf55a6-6154-477c-8620-5698e7baa951: shutdown LeaderElection
2019-10-01 18:09:00,785 [87aeb2bc-28a9-4d25-9225-03921817cb4f@group-72EF59600E36-LeaderElection69] INFO  impl.RoleInfo (RoleInfo.java:shutdownLeaderElection(134)) - 87aeb2bc-28a9-4d25-9225-03921817cb4f: shutdown LeaderElection
2019-10-01 18:09:00,787 [78bf55a6-6154-477c-8620-5698e7baa951@group-72EF59600E36-LeaderElection68] INFO  impl.RaftServerImpl (RaftServerImpl.java:setRole(170)) - 78bf55a6-6154-477c-8620-5698e7baa951@group-72EF59600E36: changes role from CANDIDATE to LEADER at term 2 for changeToLeader
2019-10-01 18:09:00,787 [87aeb2bc-28a9-4d25-9225-03921817cb4f@group-72EF59600E36-LeaderElection69] INFO  impl.RoleInfo (RoleInfo.java:updateAndGet(143)) - 87aeb2bc-28a9-4d25-9225-03921817cb4f: start FollowerState
2019-10-01 18:09:00,787 [78bf55a6-6154-477c-8620-5698e7baa951@group-72EF59600E36-LeaderElection68] INFO  impl.RaftServerImpl (ServerState.java:setLeader(255)) - 78bf55a6-6154-477c-8620-5698e7baa951@group-72EF59600E36: change Leader from null to 78bf55a6-6154-477c-8620-5698e7baa951 at term 2 for becomeLeader, leader elected after 10335ms
2019-10-01 18:09:00,788 [78bf55a6-6154-477c-8620-5698e7baa951@group-72EF59600E36-LeaderElection68] INFO  server.RaftServerConfigKeys (ConfUtils.java:logGet(43)) - raft.server.staging.catchup.gap = 1000 (default)
2019-10-01 18:09:00,788 [78bf55a6-6154-477c-8620-5698e7baa951@group-72EF59600E36-LeaderElection68] INFO  server.RaftServerConfigKeys (ConfUtils.java:logGet(43)) - raft.server.rpc.sleep.time = 25ms (default)
2019-10-01 18:09:00,788 [78bf55a6-6154-477c-8620-5698e7baa951@group-72EF59600E36-LeaderElection68] INFO  server.RaftServerConfigKeys (ConfUtils.java:logGet(43)) - raft.server.write.element-limit = 4096 (default)
2019-10-01 18:09:00,788 [78bf55a6-6154-477c-8620-5698e7baa951@group-72EF59600E36-LeaderElection68] INFO  server.RaftServerConfigKeys (ConfUtils.java:logGet(43)) - raft.server.watch.timeout = 10s (default)
2019-10-01 18:09:00,788 [78bf55a6-6154-477c-8620-5698e7baa951@group-72EF59600E36-LeaderElection68] INFO  server.RaftServerConfigKeys (ConfUtils.java:logGet(43)) - raft.server.watch.timeout.denomination = 1s (default)
2019-10-01 18:09:00,789 [78bf55a6-6154-477c-8620-5698e7baa951@group-72EF59600E36-LeaderElection68] INFO  server.RaftServerConfigKeys (ConfUtils.java:logGet(43)) - raft.server.watch.element-limit = 65536 (default)
2019-10-01 18:09:00,791 [78bf55a6-6154-477c-8620-5698e7baa951@group-72EF59600E36-LeaderElection68] INFO  server.RaftServerConfigKeys (ConfUtils.java:logGet(43)) - raft.server.log.appender.snapshot.chunk.size.max = 16MB (=16777216) (default)
2019-10-01 18:09:00,791 [78bf55a6-6154-477c-8620-5698e7baa951@group-72EF59600E36-LeaderElection68] INFO  server.RaftServerConfigKeys (ConfUtils.java:logGet(43)) - raft.server.log.appender.buffer.byte-limit = 33554432 (custom)
2019-10-01 18:09:00,792 [78bf55a6-6154-477c-8620-5698e7baa951@group-72EF59600E36-LeaderElection68] INFO  server.RaftServerConfigKeys (ConfUtils.java:logGet(43)) - raft.server.log.appender.buffer.element-limit = 1 (custom)
2019-10-01 18:09:00,792 [78bf55a6-6154-477c-8620-5698e7baa951@group-72EF59600E36-LeaderElection68] INFO  grpc.GrpcConfigKeys$Server (ConfUtils.java:logGet(43)) - raft.grpc.server.leader.outstanding.appends.max = 128 (default)
2019-10-01 18:09:00,792 [78bf55a6-6154-477c-8620-5698e7baa951@group-72EF59600E36-LeaderElection68] INFO  server.RaftServerConfigKeys (ConfUtils.java:logGet(43)) - raft.server.rpc.request.timeout = 3000ms (default)
2019-10-01 18:09:00,792 [78bf55a6-6154-477c-8620-5698e7baa951@group-72EF59600E36-LeaderElection68] INFO  server.RaftServerConfigKeys (ConfUtils.java:logGet(43)) - raft.server.log.appender.install.snapshot.enabled = false (custom)
2019-10-01 18:09:00,792 [78bf55a6-6154-477c-8620-5698e7baa951@group-72EF59600E36-LeaderElection68] INFO  server.RaftServerConfigKeys (ConfUtils.java:logGet(43)) - raft.server.log.appender.snapshot.chunk.size.max = 16MB (=16777216) (default)
2019-10-01 18:09:00,792 [78bf55a6-6154-477c-8620-5698e7baa951@group-72EF59600E36-LeaderElection68] INFO  server.RaftServerConfigKeys (ConfUtils.java:logGet(43)) - raft.server.log.appender.buffer.byte-limit = 33554432 (custom)
2019-10-01 18:09:00,792 [78bf55a6-6154-477c-8620-5698e7baa951@group-72EF59600E36-LeaderElection68] INFO  server.RaftServerConfigKeys (ConfUtils.java:logGet(43)) - raft.server.log.appender.buffer.element-limit = 1 (custom)
2019-10-01 18:09:00,793 [78bf55a6-6154-477c-8620-5698e7baa951@group-72EF59600E36-LeaderElection68] INFO  grpc.GrpcConfigKeys$Server (ConfUtils.java:logGet(43)) - raft.grpc.server.leader.outstanding.appends.max = 128 (default)
2019-10-01 18:09:00,793 [78bf55a6-6154-477c-8620-5698e7baa951@group-72EF59600E36-LeaderElection68] INFO  server.RaftServerConfigKeys (ConfUtils.java:logGet(43)) - raft.server.rpc.request.timeout = 3000ms (default)
2019-10-01 18:09:00,793 [78bf55a6-6154-477c-8620-5698e7baa951@group-72EF59600E36-LeaderElection68] INFO  server.RaftServerConfigKeys (ConfUtils.java:logGet(43)) - raft.server.log.appender.install.snapshot.enabled = false (custom)
2019-10-01 18:09:00,793 [78bf55a6-6154-477c-8620-5698e7baa951@group-72EF59600E36-LeaderElection68] INFO  impl.RoleInfo (RoleInfo.java:updateAndGet(143)) - 78bf55a6-6154-477c-8620-5698e7baa951: start LeaderState
2019-10-01 18:09:00,793 [78bf55a6-6154-477c-8620-5698e7baa951@group-72EF59600E36-LeaderElection68] INFO  segmented.SegmentedRaftLogWorker (SegmentedRaftLogWorker.java:startLogSegment(385)) - 78bf55a6-6154-477c-8620-5698e7baa951@group-72EF59600E36-SegmentedRaftLogWorker: Starting segment from index:0
2019-10-01 18:09:00,794 [78bf55a6-6154-477c-8620-5698e7baa951@group-72EF59600E36-LeaderElection68] INFO  impl.RaftServerImpl (ServerState.java:setRaftConf(356)) - 78bf55a6-6154-477c-8620-5698e7baa951@group-72EF59600E36: set configuration 0: [78bf55a6-6154-477c-8620-5698e7baa951:192.168.164.205:40847, 87aeb2bc-28a9-4d25-9225-03921817cb4f:192.168.164.205:45016, 84448537-1f99-4d0e-a5f1-ad44b6f4f04b:192.168.164.205:39458], old=null at 0
2019-10-01 18:09:00,810 [grpc-default-executor-5] INFO  impl.RaftServerImpl (ServerState.java:setLeader(255)) - 87aeb2bc-28a9-4d25-9225-03921817cb4f@group-72EF59600E36: change Leader from null to 78bf55a6-6154-477c-8620-5698e7baa951 at term 2 for appendEntries, leader elected after 10357ms
2019-10-01 18:09:00,810 [grpc-default-executor-6] INFO  impl.RaftServerImpl (ServerState.java:setLeader(255)) - 84448537-1f99-4d0e-a5f1-ad44b6f4f04b@group-72EF59600E36: change Leader from null to 78bf55a6-6154-477c-8620-5698e7baa951 at term 2 for appendEntries, leader elected after 10357ms
2019-10-01 18:09:00,812 [grpc-default-executor-6] INFO  impl.RaftServerImpl (ServerState.java:setRaftConf(356)) - 84448537-1f99-4d0e-a5f1-ad44b6f4f04b@group-72EF59600E36: set configuration 0: [78bf55a6-6154-477c-8620-5698e7baa951:192.168.164.205:40847, 87aeb2bc-28a9-4d25-9225-03921817cb4f:192.168.164.205:45016, 84448537-1f99-4d0e-a5f1-ad44b6f4f04b:192.168.164.205:39458], old=null at 0
2019-10-01 18:09:00,812 [grpc-default-executor-5] INFO  impl.RaftServerImpl (ServerState.java:setRaftConf(356)) - 87aeb2bc-28a9-4d25-9225-03921817cb4f@group-72EF59600E36: set configuration 0: [78bf55a6-6154-477c-8620-5698e7baa951:192.168.164.205:40847, 87aeb2bc-28a9-4d25-9225-03921817cb4f:192.168.164.205:45016, 84448537-1f99-4d0e-a5f1-ad44b6f4f04b:192.168.164.205:39458], old=null at 0
2019-10-01 18:09:00,812 [grpc-default-executor-6] INFO  segmented.SegmentedRaftLogWorker (SegmentedRaftLogWorker.java:startLogSegment(385)) - 84448537-1f99-4d0e-a5f1-ad44b6f4f04b@group-72EF59600E36-SegmentedRaftLogWorker: Starting segment from index:0
2019-10-01 18:09:00,812 [grpc-default-executor-5] INFO  segmented.SegmentedRaftLogWorker (SegmentedRaftLogWorker.java:startLogSegment(385)) - 87aeb2bc-28a9-4d25-9225-03921817cb4f@group-72EF59600E36-SegmentedRaftLogWorker: Starting segment from index:0
2019-10-01 18:09:00,833 [78bf55a6-6154-477c-8620-5698e7baa951@group-72EF59600E36-SegmentedRaftLogWorker] INFO  segmented.SegmentedRaftLogWorker (SegmentedRaftLogWorker.java:execute(574)) - 78bf55a6-6154-477c-8620-5698e7baa951@group-72EF59600E36-SegmentedRaftLogWorker: created new log segment /workdir/hadoop-ozone/integration-test/target/test-dir/MiniOzoneClusterImpl-2ef0d120-1a14-4960-b5d7-28cf9da586f6/datanode-0/data/ratis/7cdf4c0b-23b8-4d3b-8b93-72ef59600e36/current/log_inprogress_0
2019-10-01 18:09:00,848 [84448537-1f99-4d0e-a5f1-ad44b6f4f04b@group-72EF59600E36-SegmentedRaftLogWorker] INFO  segmented.SegmentedRaftLogWorker (SegmentedRaftLogWorker.java:execute(574)) - 84448537-1f99-4d0e-a5f1-ad44b6f4f04b@group-72EF59600E36-SegmentedRaftLogWorker: created new log segment /workdir/hadoop-ozone/integration-test/target/test-dir/MiniOzoneClusterImpl-2ef0d120-1a14-4960-b5d7-28cf9da586f6/datanode-1/data/ratis/7cdf4c0b-23b8-4d3b-8b93-72ef59600e36/current/log_inprogress_0
2019-10-01 18:09:00,848 [87aeb2bc-28a9-4d25-9225-03921817cb4f@group-72EF59600E36-SegmentedRaftLogWorker] INFO  segmented.SegmentedRaftLogWorker (SegmentedRaftLogWorker.java:execute(574)) - 87aeb2bc-28a9-4d25-9225-03921817cb4f@group-72EF59600E36-SegmentedRaftLogWorker: created new log segment /workdir/hadoop-ozone/integration-test/target/test-dir/MiniOzoneClusterImpl-2ef0d120-1a14-4960-b5d7-28cf9da586f6/datanode-2/data/ratis/7cdf4c0b-23b8-4d3b-8b93-72ef59600e36/current/log_inprogress_0
2019-10-01 18:09:02,439 [main] WARN  scm.XceiverClientRatis (XceiverClientRatis.java:watchForCommit(292)) - 3 way commit failed on pipeline Pipeline[ Id: 7cdf4c0b-23b8-4d3b-8b93-72ef59600e36, Nodes: 87aeb2bc-28a9-4d25-9225-03921817cb4f{ip: 192.168.164.205, host: pr-hdds-2201-hlsf2-3428063209, networkLocation: /default-rack, certSerialId: null}78bf55a6-6154-477c-8620-5698e7baa951{ip: 192.168.164.205, host: pr-hdds-2201-hlsf2-3428063209, networkLocation: /default-rack, certSerialId: null}84448537-1f99-4d0e-a5f1-ad44b6f4f04b{ip: 192.168.164.205, host: pr-hdds-2201-hlsf2-3428063209, networkLocation: /default-rack, certSerialId: null}, Type:RATIS, Factor:THREE, State:OPEN]
java.util.concurrent.TimeoutException
	at java.util.concurrent.CompletableFuture.timedGet(CompletableFuture.java:1771)
	at java.util.concurrent.CompletableFuture.get(CompletableFuture.java:1915)
	at org.apache.hadoop.hdds.scm.XceiverClientRatis.watchForCommit(XceiverClientRatis.java:289)
	at org.apache.hadoop.hdds.scm.storage.CommitWatcher.watchForCommit(CommitWatcher.java:194)
	at org.apache.hadoop.hdds.scm.storage.CommitWatcher.watchOnLastIndex(CommitWatcher.java:157)
	at org.apache.hadoop.hdds.scm.storage.BlockOutputStream.watchForCommit(BlockOutputStream.java:347)
	at org.apache.hadoop.hdds.scm.storage.BlockOutputStream.handleFlush(BlockOutputStream.java:479)
	at org.apache.hadoop.hdds.scm.storage.BlockOutputStream.flush(BlockOutputStream.java:428)
	at org.apache.hadoop.ozone.client.io.BlockOutputStreamEntry.flush(BlockOutputStreamEntry.java:136)
	at org.apache.hadoop.ozone.client.io.KeyOutputStream.handleFlushOrClose(KeyOutputStream.java:443)
	at org.apache.hadoop.ozone.client.io.KeyOutputStream.flush(KeyOutputStream.java:397)
	at org.apache.hadoop.ozone.client.io.OzoneOutputStream.flush(OzoneOutputStream.java:54)
	at org.apache.hadoop.ozone.client.rpc.TestBlockOutputStreamWithFailures.testWatchForCommitDatanodeFailure(TestBlockOutputStreamWithFailures.java:330)
	at sun.reflect.NativeMethodAccessorImpl.invoke0(Native Method)
	at sun.reflect.NativeMethodAccessorImpl.invoke(NativeMethodAccessorImpl.java:62)
	at sun.reflect.DelegatingMethodAccessorImpl.invoke(DelegatingMethodAccessorImpl.java:43)
	at java.lang.reflect.Method.invoke(Method.java:498)
	at org.junit.runners.model.FrameworkMethod$1.runReflectiveCall(FrameworkMethod.java:47)
	at org.junit.internal.runners.model.ReflectiveCallable.run(ReflectiveCallable.java:12)
	at org.junit.runners.model.FrameworkMethod.invokeExplosively(FrameworkMethod.java:44)
	at org.junit.internal.runners.statements.InvokeMethod.evaluate(InvokeMethod.java:17)
	at org.junit.internal.runners.statements.RunBefores.evaluate(RunBefores.java:26)
	at org.junit.internal.runners.statements.RunAfters.evaluate(RunAfters.java:27)
	at org.junit.runners.ParentRunner.runLeaf(ParentRunner.java:271)
	at org.junit.runners.BlockJUnit4ClassRunner.runChild(BlockJUnit4ClassRunner.java:70)
	at org.junit.runners.BlockJUnit4ClassRunner.runChild(BlockJUnit4ClassRunner.java:50)
	at org.junit.runners.ParentRunner$3.run(ParentRunner.java:238)
	at org.junit.runners.ParentRunner$1.schedule(ParentRunner.java:63)
	at org.junit.runners.ParentRunner.runChildren(ParentRunner.java:236)
	at org.junit.runners.ParentRunner.access$000(ParentRunner.java:53)
	at org.junit.runners.ParentRunner$2.evaluate(ParentRunner.java:229)
	at org.junit.runners.ParentRunner.run(ParentRunner.java:309)
	at org.apache.maven.surefire.junit4.JUnit4Provider.execute(JUnit4Provider.java:365)
	at org.apache.maven.surefire.junit4.JUnit4Provider.executeWithRerun(JUnit4Provider.java:273)
	at org.apache.maven.surefire.junit4.JUnit4Provider.executeTestSet(JUnit4Provider.java:238)
	at org.apache.maven.surefire.junit4.JUnit4Provider.invoke(JUnit4Provider.java:159)
	at org.apache.maven.surefire.booter.ForkedBooter.invokeProviderInSameClassLoader(ForkedBooter.java:384)
	at org.apache.maven.surefire.booter.ForkedBooter.runSuitesInProcess(ForkedBooter.java:345)
	at org.apache.maven.surefire.booter.ForkedBooter.execute(ForkedBooter.java:126)
	at org.apache.maven.surefire.booter.ForkedBooter.main(ForkedBooter.java:418)
2019-10-01 18:09:03,441 [main] WARN  storage.CommitWatcher (CommitWatcher.java:watchForCommit(203)) - watchForCommit failed for index 14
java.util.concurrent.TimeoutException
	at java.util.concurrent.CompletableFuture.timedGet(CompletableFuture.java:1771)
	at java.util.concurrent.CompletableFuture.get(CompletableFuture.java:1915)
	at org.apache.hadoop.hdds.scm.XceiverClientRatis.watchForCommit(XceiverClientRatis.java:298)
	at org.apache.hadoop.hdds.scm.storage.CommitWatcher.watchForCommit(CommitWatcher.java:194)
	at org.apache.hadoop.hdds.scm.storage.CommitWatcher.watchOnLastIndex(CommitWatcher.java:157)
	at org.apache.hadoop.hdds.scm.storage.BlockOutputStream.watchForCommit(BlockOutputStream.java:347)
	at org.apache.hadoop.hdds.scm.storage.BlockOutputStream.handleFlush(BlockOutputStream.java:479)
	at org.apache.hadoop.hdds.scm.storage.BlockOutputStream.flush(BlockOutputStream.java:428)
	at org.apache.hadoop.ozone.client.io.BlockOutputStreamEntry.flush(BlockOutputStreamEntry.java:136)
	at org.apache.hadoop.ozone.client.io.KeyOutputStream.handleFlushOrClose(KeyOutputStream.java:443)
	at org.apache.hadoop.ozone.client.io.KeyOutputStream.flush(KeyOutputStream.java:397)
	at org.apache.hadoop.ozone.client.io.OzoneOutputStream.flush(OzoneOutputStream.java:54)
	at org.apache.hadoop.ozone.client.rpc.TestBlockOutputStreamWithFailures.testWatchForCommitDatanodeFailure(TestBlockOutputStreamWithFailures.java:330)
	at sun.reflect.NativeMethodAccessorImpl.invoke0(Native Method)
	at sun.reflect.NativeMethodAccessorImpl.invoke(NativeMethodAccessorImpl.java:62)
	at sun.reflect.DelegatingMethodAccessorImpl.invoke(DelegatingMethodAccessorImpl.java:43)
	at java.lang.reflect.Method.invoke(Method.java:498)
	at org.junit.runners.model.FrameworkMethod$1.runReflectiveCall(FrameworkMethod.java:47)
	at org.junit.internal.runners.model.ReflectiveCallable.run(ReflectiveCallable.java:12)
	at org.junit.runners.model.FrameworkMethod.invokeExplosively(FrameworkMethod.java:44)
	at org.junit.internal.runners.statements.InvokeMethod.evaluate(InvokeMethod.java:17)
	at org.junit.internal.runners.statements.RunBefores.evaluate(RunBefores.java:26)
	at org.junit.internal.runners.statements.RunAfters.evaluate(RunAfters.java:27)
	at org.junit.runners.ParentRunner.runLeaf(ParentRunner.java:271)
	at org.junit.runners.BlockJUnit4ClassRunner.runChild(BlockJUnit4ClassRunner.java:70)
	at org.junit.runners.BlockJUnit4ClassRunner.runChild(BlockJUnit4ClassRunner.java:50)
	at org.junit.runners.ParentRunner$3.run(ParentRunner.java:238)
	at org.junit.runners.ParentRunner$1.schedule(ParentRunner.java:63)
	at org.junit.runners.ParentRunner.runChildren(ParentRunner.java:236)
	at org.junit.runners.ParentRunner.access$000(ParentRunner.java:53)
	at org.junit.runners.ParentRunner$2.evaluate(ParentRunner.java:229)
	at org.junit.runners.ParentRunner.run(ParentRunner.java:309)
	at org.apache.maven.surefire.junit4.JUnit4Provider.execute(JUnit4Provider.java:365)
	at org.apache.maven.surefire.junit4.JUnit4Provider.executeWithRerun(JUnit4Provider.java:273)
	at org.apache.maven.surefire.junit4.JUnit4Provider.executeTestSet(JUnit4Provider.java:238)
	at org.apache.maven.surefire.junit4.JUnit4Provider.invoke(JUnit4Provider.java:159)
	at org.apache.maven.surefire.booter.ForkedBooter.invokeProviderInSameClassLoader(ForkedBooter.java:384)
	at org.apache.maven.surefire.booter.ForkedBooter.runSuitesInProcess(ForkedBooter.java:345)
	at org.apache.maven.surefire.booter.ForkedBooter.execute(ForkedBooter.java:126)
	at org.apache.maven.surefire.booter.ForkedBooter.main(ForkedBooter.java:418)
2019-10-01 18:09:03,443 [main] WARN  io.KeyOutputStream (KeyOutputStream.java:handleException(274)) - Encountered exception java.io.IOException: Unexpected Storage Container Exception: java.io.IOException: Unexpected Storage Container Exception: java.util.concurrent.TimeoutException on the pipeline Pipeline[ Id: 7cdf4c0b-23b8-4d3b-8b93-72ef59600e36, Nodes: 87aeb2bc-28a9-4d25-9225-03921817cb4f{ip: 192.168.164.205, host: pr-hdds-2201-hlsf2-3428063209, networkLocation: /default-rack, certSerialId: null}78bf55a6-6154-477c-8620-5698e7baa951{ip: 192.168.164.205, host: pr-hdds-2201-hlsf2-3428063209, networkLocation: /default-rack, certSerialId: null}84448537-1f99-4d0e-a5f1-ad44b6f4f04b{ip: 192.168.164.205, host: pr-hdds-2201-hlsf2-3428063209, networkLocation: /default-rack, certSerialId: null}, Type:RATIS, Factor:THREE, State:OPEN]. The last committed block length is 400, uncommitted data length is 50 retry count 0
2019-10-01 18:09:03,734 [main] INFO  ozone.MiniOzoneClusterImpl (MiniOzoneClusterImpl.java:shutdown(314)) - Shutting down the Mini Ozone Cluster
2019-10-01 18:09:03,734 [main] INFO  ozone.MiniOzoneClusterImpl (MiniOzoneClusterImpl.java:stop(330)) - Stopping the Mini Ozone Cluster
2019-10-01 18:09:03,734 [main] INFO  ozone.MiniOzoneClusterImpl (MiniOzoneClusterImpl.java:stopOM(400)) - Stopping the OzoneManager
2019-10-01 18:09:03,734 [main] INFO  ipc.Server (Server.java:stop(3082)) - Stopping server on 34645
2019-10-01 18:09:03,753 [main] INFO  ratis.OzoneManagerDoubleBuffer (OzoneManagerDoubleBuffer.java:stop(248)) - Stopping OMDoubleBuffer flush thread
2019-10-01 18:09:03,755 [IPC Server listener on 34645] INFO  ipc.Server (Server.java:run(1185)) - Stopping IPC Server listener on 34645
2019-10-01 18:09:03,759 [IPC Server Responder] INFO  ipc.Server (Server.java:run(1319)) - Stopping IPC Server Responder
2019-10-01 18:09:03,767 [OMDoubleBufferFlushThread] INFO  ratis.OzoneManagerDoubleBuffer (OzoneManagerDoubleBuffer.java:flushTransactions(191)) - OMDoubleBuffer flush thread OMDoubleBufferFlushThread is interrupted and will exit. OMDoubleBufferFlushThread
2019-10-01 18:09:03,779 [main] INFO  utils.BackgroundService (BackgroundService.java:shutdown(148)) - Shutting down service KeyDeletingService
2019-10-01 18:09:03,795 [main] INFO  handler.ContextHandler (ContextHandler.java:doStop(910)) - Stopped o.e.j.w.WebAppContext@7a606260{/,null,UNAVAILABLE}{/ozoneManager}
2019-10-01 18:09:03,795 [main] INFO  server.AbstractConnector (AbstractConnector.java:doStop(318)) - Stopped ServerConnector@5dbab232{HTTP/1.1,[http/1.1]}{0.0.0.0:0}
2019-10-01 18:09:03,796 [main] INFO  handler.ContextHandler (ContextHandler.java:doStop(910)) - Stopped o.e.j.s.ServletContextHandler@5b8853{/static,file:///workdir/hadoop-ozone/integration-test/target/test-classes/webapps/static,UNAVAILABLE}
2019-10-01 18:09:03,796 [main] INFO  handler.ContextHandler (ContextHandler.java:doStop(910)) - Stopped o.e.j.s.ServletContextHandler@32ae8f27{/logs,file:///workdir/hadoop-ozone/integration-test/target/log,UNAVAILABLE}
2019-10-01 18:09:03,799 [main] INFO  ozone.MiniOzoneClusterImpl (MiniOzoneClusterImpl.java:stopDatanodes(377)) - Stopping the HddsDatanodes
2019-10-01 18:09:04,153 [Datanode State Machine Thread - 0] INFO  statemachine.DatanodeStateMachine (DatanodeStateMachine.java:lambda$startDaemon$0(350)) - Ozone container server started.
2019-10-01 18:09:04,630 [Datanode State Machine Thread - 0] INFO  statemachine.DatanodeStateMachine (DatanodeStateMachine.java:lambda$startDaemon$0(350)) - Ozone container server started.
2019-10-01 18:09:08,200 [EventQueue-StaleNodeForStaleNodeHandler] INFO  node.StaleNodeHandler (StaleNodeHandler.java:onMessage(58)) - Datanode 84448537-1f99-4d0e-a5f1-ad44b6f4f04b{ip: 192.168.164.205, host: pr-hdds-2201-hlsf2-3428063209, networkLocation: /default-rack, certSerialId: null} moved to stale state. Finalizing its pipelines [PipelineID=a21b2a3a-8042-4a9a-8584-1befbeceece9, PipelineID=7cdf4c0b-23b8-4d3b-8b93-72ef59600e36]
2019-10-01 18:09:08,201 [EventQueue-StaleNodeForStaleNodeHandler] INFO  pipeline.SCMPipelineManager (SCMPipelineManager.java:finalizeAndDestroyPipeline(315)) - destroying pipeline:Pipeline[ Id: a21b2a3a-8042-4a9a-8584-1befbeceece9, Nodes: 84448537-1f99-4d0e-a5f1-ad44b6f4f04b{ip: 192.168.164.205, host: pr-hdds-2201-hlsf2-3428063209, networkLocation: /default-rack, certSerialId: null}, Type:RATIS, Factor:ONE, State:OPEN]
2019-10-01 18:09:08,201 [EventQueue-StaleNodeForStaleNodeHandler] INFO  pipeline.PipelineStateManager (PipelineStateManager.java:finalizePipeline(123)) - Pipeline Pipeline[ Id: a21b2a3a-8042-4a9a-8584-1befbeceece9, Nodes: 84448537-1f99-4d0e-a5f1-ad44b6f4f04b{ip: 192.168.164.205, host: pr-hdds-2201-hlsf2-3428063209, networkLocation: /default-rack, certSerialId: null}, Type:RATIS, Factor:ONE, State:CLOSED] moved to CLOSED state
2019-10-01 18:09:08,201 [EventQueue-StaleNodeForStaleNodeHandler] INFO  pipeline.SCMPipelineManager (SCMPipelineManager.java:finalizeAndDestroyPipeline(315)) - destroying pipeline:Pipeline[ Id: 7cdf4c0b-23b8-4d3b-8b93-72ef59600e36, Nodes: 87aeb2bc-28a9-4d25-9225-03921817cb4f{ip: 192.168.164.205, host: pr-hdds-2201-hlsf2-3428063209, networkLocation: /default-rack, certSerialId: null}78bf55a6-6154-477c-8620-5698e7baa951{ip: 192.168.164.205, host: pr-hdds-2201-hlsf2-3428063209, networkLocation: /default-rack, certSerialId: null}84448537-1f99-4d0e-a5f1-ad44b6f4f04b{ip: 192.168.164.205, host: pr-hdds-2201-hlsf2-3428063209, networkLocation: /default-rack, certSerialId: null}, Type:RATIS, Factor:THREE, State:OPEN]
2019-10-01 18:09:08,201 [EventQueue-StaleNodeForStaleNodeHandler] INFO  pipeline.PipelineStateManager (PipelineStateManager.java:finalizePipeline(123)) - Pipeline Pipeline[ Id: 7cdf4c0b-23b8-4d3b-8b93-72ef59600e36, Nodes: 87aeb2bc-28a9-4d25-9225-03921817cb4f{ip: 192.168.164.205, host: pr-hdds-2201-hlsf2-3428063209, networkLocation: /default-rack, certSerialId: null}78bf55a6-6154-477c-8620-5698e7baa951{ip: 192.168.164.205, host: pr-hdds-2201-hlsf2-3428063209, networkLocation: /default-rack, certSerialId: null}84448537-1f99-4d0e-a5f1-ad44b6f4f04b{ip: 192.168.164.205, host: pr-hdds-2201-hlsf2-3428063209, networkLocation: /default-rack, certSerialId: null}, Type:RATIS, Factor:THREE, State:CLOSED] moved to CLOSED state
2019-10-01 18:09:08,202 [EventQueue-CloseContainerForCloseContainerEventHandler] INFO  container.CloseContainerEventHandler (CloseContainerEventHandler.java:onMessage(61)) - Close container Event triggered for container : #1
2019-10-01 18:09:08,701 [EventQueue-StaleNodeForStaleNodeHandler] INFO  node.StaleNodeHandler (StaleNodeHandler.java:onMessage(58)) - Datanode 820de064-3dc6-45b0-ab1f-7b0ae95712fc{ip: 192.168.164.205, host: pr-hdds-2201-hlsf2-3428063209, networkLocation: /default-rack, certSerialId: null} moved to stale state. Finalizing its pipelines [PipelineID=ccaf530f-f0a5-4fe8-9f8f-8cf06e459884, PipelineID=aa46d679-78ba-421d-b0ac-815dc923044e]
2019-10-01 18:09:08,705 [EventQueue-StaleNodeForStaleNodeHandler] INFO  pipeline.SCMPipelineManager (SCMPipelineManager.java:finalizeAndDestroyPipeline(315)) - destroying pipeline:Pipeline[ Id: ccaf530f-f0a5-4fe8-9f8f-8cf06e459884, Nodes: 820de064-3dc6-45b0-ab1f-7b0ae95712fc{ip: 192.168.164.205, host: pr-hdds-2201-hlsf2-3428063209, networkLocation: /default-rack, certSerialId: null}, Type:RATIS, Factor:ONE, State:OPEN]
2019-10-01 18:09:08,705 [EventQueue-StaleNodeForStaleNodeHandler] INFO  pipeline.PipelineStateManager (PipelineStateManager.java:finalizePipeline(123)) - Pipeline Pipeline[ Id: ccaf530f-f0a5-4fe8-9f8f-8cf06e459884, Nodes: 820de064-3dc6-45b0-ab1f-7b0ae95712fc{ip: 192.168.164.205, host: pr-hdds-2201-hlsf2-3428063209, networkLocation: /default-rack, certSerialId: null}, Type:RATIS, Factor:ONE, State:CLOSED] moved to CLOSED state
2019-10-01 18:09:08,706 [EventQueue-StaleNodeForStaleNodeHandler] INFO  pipeline.SCMPipelineManager (SCMPipelineManager.java:finalizeAndDestroyPipeline(315)) - destroying pipeline:Pipeline[ Id: aa46d679-78ba-421d-b0ac-815dc923044e, Nodes: 820de064-3dc6-45b0-ab1f-7b0ae95712fc{ip: 192.168.164.205, host: pr-hdds-2201-hlsf2-3428063209, networkLocation: /default-rack, certSerialId: null}8fb55cee-2385-4435-9cab-3397106c25f8{ip: 192.168.164.205, host: pr-hdds-2201-hlsf2-3428063209, networkLocation: /default-rack, certSerialId: null}afdd3fe1-73d7-47a9-80c4-ac0b0cf2283a{ip: 192.168.164.205, host: pr-hdds-2201-hlsf2-3428063209, networkLocation: /default-rack, certSerialId: null}, Type:RATIS, Factor:THREE, State:OPEN]
2019-10-01 18:09:08,706 [EventQueue-StaleNodeForStaleNodeHandler] INFO  pipeline.PipelineStateManager (PipelineStateManager.java:finalizePipeline(123)) - Pipeline Pipeline[ Id: aa46d679-78ba-421d-b0ac-815dc923044e, Nodes: 820de064-3dc6-45b0-ab1f-7b0ae95712fc{ip: 192.168.164.205, host: pr-hdds-2201-hlsf2-3428063209, networkLocation: /default-rack, certSerialId: null}8fb55cee-2385-4435-9cab-3397106c25f8{ip: 192.168.164.205, host: pr-hdds-2201-hlsf2-3428063209, networkLocation: /default-rack, certSerialId: null}afdd3fe1-73d7-47a9-80c4-ac0b0cf2283a{ip: 192.168.164.205, host: pr-hdds-2201-hlsf2-3428063209, networkLocation: /default-rack, certSerialId: null}, Type:RATIS, Factor:THREE, State:CLOSED] moved to CLOSED state
2019-10-01 18:09:08,706 [EventQueue-CloseContainerForCloseContainerEventHandler] INFO  container.CloseContainerEventHandler (CloseContainerEventHandler.java:onMessage(61)) - Close container Event triggered for container : #2
2019-10-01 18:09:08,800 [ForkJoinPool.commonPool-worker-0] INFO  ozoneimpl.OzoneContainer (OzoneContainer.java:stop(231)) - Attempting to stop container services.
2019-10-01 18:09:08,800 [main] INFO  ozoneimpl.OzoneContainer (OzoneContainer.java:stop(231)) - Attempting to stop container services.
2019-10-01 18:09:08,803 [ForkJoinPool.commonPool-worker-0] INFO  impl.RaftServerProxy (RaftServerProxy.java:lambda$close$4(314)) - 84448537-1f99-4d0e-a5f1-ad44b6f4f04b: close
2019-10-01 18:09:08,803 [main] INFO  impl.RaftServerProxy (RaftServerProxy.java:lambda$close$4(314)) - 820de064-3dc6-45b0-ab1f-7b0ae95712fc: close
2019-10-01 18:09:08,804 [ForkJoinPool.commonPool-worker-0] INFO  impl.RaftServerImpl (RaftServerImpl.java:lambda$shutdown$3(247)) - 84448537-1f99-4d0e-a5f1-ad44b6f4f04b@group-1BEFBECEECE9: shutdown
2019-10-01 18:09:08,804 [main] INFO  impl.RaftServerImpl (RaftServerImpl.java:lambda$shutdown$3(247)) - 820de064-3dc6-45b0-ab1f-7b0ae95712fc@group-8CF06E459884: shutdown
2019-10-01 18:09:08,804 [ForkJoinPool.commonPool-worker-0] INFO  util.JmxRegister (JmxRegister.java:unregister(73)) - Successfully un-registered JMX Bean with object name Ratis:service=RaftServer,group=group-1BEFBECEECE9,id=84448537-1f99-4d0e-a5f1-ad44b6f4f04b
2019-10-01 18:09:08,804 [main] INFO  util.JmxRegister (JmxRegister.java:unregister(73)) - Successfully un-registered JMX Bean with object name Ratis:service=RaftServer,group=group-8CF06E459884,id=820de064-3dc6-45b0-ab1f-7b0ae95712fc
2019-10-01 18:09:08,805 [ForkJoinPool.commonPool-worker-0] INFO  impl.RoleInfo (RoleInfo.java:shutdownLeaderState(104)) - 84448537-1f99-4d0e-a5f1-ad44b6f4f04b: shutdown LeaderState
2019-10-01 18:09:08,805 [main] INFO  impl.RoleInfo (RoleInfo.java:shutdownLeaderState(104)) - 820de064-3dc6-45b0-ab1f-7b0ae95712fc: shutdown LeaderState
2019-10-01 18:09:08,805 [ForkJoinPool.commonPool-worker-0] INFO  impl.PendingRequests (PendingRequests.java:sendNotLeaderResponses(202)) - 84448537-1f99-4d0e-a5f1-ad44b6f4f04b@group-1BEFBECEECE9-PendingRequests: sendNotLeaderResponses
2019-10-01 18:09:08,806 [main] INFO  impl.PendingRequests (PendingRequests.java:sendNotLeaderResponses(202)) - 820de064-3dc6-45b0-ab1f-7b0ae95712fc@group-8CF06E459884-PendingRequests: sendNotLeaderResponses
2019-10-01 18:09:08,806 [ForkJoinPool.commonPool-worker-0] INFO  impl.StateMachineUpdater (StateMachineUpdater.java:stopAndJoin(136)) - 84448537-1f99-4d0e-a5f1-ad44b6f4f04b@group-1BEFBECEECE9-StateMachineUpdater: set stopIndex = 0
2019-10-01 18:09:08,806 [main] INFO  impl.StateMachineUpdater (StateMachineUpdater.java:stopAndJoin(136)) - 820de064-3dc6-45b0-ab1f-7b0ae95712fc@group-8CF06E459884-StateMachineUpdater: set stopIndex = 0
2019-10-01 18:09:08,807 [ForkJoinPool.commonPool-worker-0] INFO  impl.RaftServerImpl (ServerState.java:close(387)) - 84448537-1f99-4d0e-a5f1-ad44b6f4f04b@group-1BEFBECEECE9: closes. applyIndex: 0
2019-10-01 18:09:08,807 [main] INFO  impl.RaftServerImpl (ServerState.java:close(387)) - 820de064-3dc6-45b0-ab1f-7b0ae95712fc@group-8CF06E459884: closes. applyIndex: 0
2019-10-01 18:09:08,807 [84448537-1f99-4d0e-a5f1-ad44b6f4f04b@group-1BEFBECEECE9-SegmentedRaftLogWorker] INFO  segmented.SegmentedRaftLogWorker (SegmentedRaftLogWorker.java:run(316)) - 84448537-1f99-4d0e-a5f1-ad44b6f4f04b@group-1BEFBECEECE9-SegmentedRaftLogWorker was interrupted, exiting. There are 0 tasks remaining in the queue.
2019-10-01 18:09:08,808 [820de064-3dc6-45b0-ab1f-7b0ae95712fc@group-8CF06E459884-SegmentedRaftLogWorker] INFO  segmented.SegmentedRaftLogWorker (SegmentedRaftLogWorker.java:run(316)) - 820de064-3dc6-45b0-ab1f-7b0ae95712fc@group-8CF06E459884-SegmentedRaftLogWorker was interrupted, exiting. There are 0 tasks remaining in the queue.
2019-10-01 18:09:08,813 [ForkJoinPool.commonPool-worker-0] INFO  segmented.SegmentedRaftLogWorker (SegmentedRaftLogWorker.java:close(224)) - 84448537-1f99-4d0e-a5f1-ad44b6f4f04b@group-1BEFBECEECE9-SegmentedRaftLogWorker close()
2019-10-01 18:09:08,813 [main] INFO  segmented.SegmentedRaftLogWorker (SegmentedRaftLogWorker.java:close(224)) - 820de064-3dc6-45b0-ab1f-7b0ae95712fc@group-8CF06E459884-SegmentedRaftLogWorker close()
2019-10-01 18:09:08,816 [ForkJoinPool.commonPool-worker-0] INFO  impl.RaftServerImpl (RaftServerImpl.java:lambda$shutdown$3(247)) - 84448537-1f99-4d0e-a5f1-ad44b6f4f04b@group-72EF59600E36: shutdown
2019-10-01 18:09:08,820 [main] INFO  impl.RaftServerImpl (RaftServerImpl.java:lambda$shutdown$3(247)) - 820de064-3dc6-45b0-ab1f-7b0ae95712fc@group-815DC923044E: shutdown
2019-10-01 18:09:08,820 [ForkJoinPool.commonPool-worker-0] INFO  util.JmxRegister (JmxRegister.java:unregister(73)) - Successfully un-registered JMX Bean with object name Ratis:service=RaftServer,group=group-72EF59600E36,id=84448537-1f99-4d0e-a5f1-ad44b6f4f04b
2019-10-01 18:09:08,821 [main] INFO  util.JmxRegister (JmxRegister.java:unregister(73)) - Successfully un-registered JMX Bean with object name Ratis:service=RaftServer,group=group-815DC923044E,id=820de064-3dc6-45b0-ab1f-7b0ae95712fc
2019-10-01 18:09:08,822 [main] INFO  impl.RoleInfo (RoleInfo.java:shutdownLeaderState(104)) - 820de064-3dc6-45b0-ab1f-7b0ae95712fc: shutdown LeaderState
2019-10-01 18:09:08,821 [ForkJoinPool.commonPool-worker-0] INFO  impl.RoleInfo (RoleInfo.java:shutdownFollowerState(121)) - 84448537-1f99-4d0e-a5f1-ad44b6f4f04b: shutdown FollowerState
2019-10-01 18:09:08,826 [org.apache.ratis.server.impl.LogAppender$AppenderDaemon$$Lambda$523/570147159@3f2908d9] WARN  server.GrpcLogAppender (GrpcLogAppender.java:mayWait(143)) - 820de064-3dc6-45b0-ab1f-7b0ae95712fc@group-815DC923044E->8fb55cee-2385-4435-9cab-3397106c25f8-GrpcLogAppender: Wait interrupted by java.lang.InterruptedException
2019-10-01 18:09:08,825 [org.apache.ratis.server.impl.LogAppender$AppenderDaemon$$Lambda$523/570147159@50816a16] WARN  server.GrpcLogAppender (GrpcLogAppender.java:mayWait(143)) - 820de064-3dc6-45b0-ab1f-7b0ae95712fc@group-815DC923044E->afdd3fe1-73d7-47a9-80c4-ac0b0cf2283a-GrpcLogAppender: Wait interrupted by java.lang.InterruptedException
2019-10-01 18:09:08,825 [main] INFO  impl.PendingRequests (PendingRequests.java:sendNotLeaderResponses(202)) - 820de064-3dc6-45b0-ab1f-7b0ae95712fc@group-815DC923044E-PendingRequests: sendNotLeaderResponses
2019-10-01 18:09:08,826 [84448537-1f99-4d0e-a5f1-ad44b6f4f04b@group-72EF59600E36-StateMachineUpdater] INFO  ratis.ContainerStateMachine (ContainerStateMachine.java:takeSnapshot(289)) - group-72EF59600E36: Taking a snapshot at:(t:2, i:16) file /workdir/hadoop-ozone/integration-test/target/test-dir/MiniOzoneClusterImpl-2ef0d120-1a14-4960-b5d7-28cf9da586f6/datanode-1/data/ratis/7cdf4c0b-23b8-4d3b-8b93-72ef59600e36/sm/snapshot.2_16
2019-10-01 18:09:08,826 [Thread-3157] INFO  impl.FollowerState (FollowerState.java:run(117)) - 84448537-1f99-4d0e-a5f1-ad44b6f4f04b@group-72EF59600E36-FollowerState was interrupted: java.lang.InterruptedException: sleep interrupted
2019-10-01 18:09:08,832 [main] INFO  impl.StateMachineUpdater (StateMachineUpdater.java:stopAndJoin(136)) - 820de064-3dc6-45b0-ab1f-7b0ae95712fc@group-815DC923044E-StateMachineUpdater: set stopIndex = 4
2019-10-01 18:09:08,834 [grpc-default-executor-6] INFO  server.GrpcServerProtocolService (GrpcServerProtocolService.java:onCompleted(113)) - 8fb55cee-2385-4435-9cab-3397106c25f8: Completed APPEND_ENTRIES, lastRequest: 820de064-3dc6-45b0-ab1f-7b0ae95712fc->8fb55cee-2385-4435-9cab-3397106c25f8#9-t1, previous=(t:1, i:4), leaderCommit=4, initializing? false, entries: <empty>
2019-10-01 18:09:08,826 [ForkJoinPool.commonPool-worker-0] INFO  impl.StateMachineUpdater (StateMachineUpdater.java:stopAndJoin(136)) - 84448537-1f99-4d0e-a5f1-ad44b6f4f04b@group-72EF59600E36-StateMachineUpdater: set stopIndex = 16
2019-10-01 18:09:08,834 [grpc-default-executor-5] INFO  server.GrpcServerProtocolService (GrpcServerProtocolService.java:onCompleted(113)) - afdd3fe1-73d7-47a9-80c4-ac0b0cf2283a: Completed APPEND_ENTRIES, lastRequest: 820de064-3dc6-45b0-ab1f-7b0ae95712fc->afdd3fe1-73d7-47a9-80c4-ac0b0cf2283a#9-t1, previous=(t:1, i:4), leaderCommit=4, initializing? false, entries: <empty>
2019-10-01 18:09:08,834 [820de064-3dc6-45b0-ab1f-7b0ae95712fc@group-815DC923044E-StateMachineUpdater] INFO  ratis.ContainerStateMachine (ContainerStateMachine.java:takeSnapshot(289)) - group-815DC923044E: Taking a snapshot at:(t:1, i:4) file /workdir/hadoop-ozone/integration-test/target/test-dir/MiniOzoneClusterImpl-2ef0d120-1a14-4960-b5d7-28cf9da586f6/datanode-4/data/ratis/aa46d679-78ba-421d-b0ac-815dc923044e/sm/snapshot.1_4
2019-10-01 18:09:08,835 [grpc-default-executor-5] INFO  server.GrpcLogAppender (GrpcLogAppender.java:onCompleted(293)) - 820de064-3dc6-45b0-ab1f-7b0ae95712fc@group-815DC923044E->afdd3fe1-73d7-47a9-80c4-ac0b0cf2283a-AppendLogResponseHandler: follower responses appendEntries COMPLETED
2019-10-01 18:09:08,835 [grpc-default-executor-6] INFO  server.GrpcLogAppender (GrpcLogAppender.java:onCompleted(293)) - 820de064-3dc6-45b0-ab1f-7b0ae95712fc@group-815DC923044E->8fb55cee-2385-4435-9cab-3397106c25f8-AppendLogResponseHandler: follower responses appendEntries COMPLETED
2019-10-01 18:09:08,836 [grpc-default-executor-5] INFO  impl.FollowerInfo (FollowerInfo.java:lambda$new$0(51)) - 820de064-3dc6-45b0-ab1f-7b0ae95712fc@group-815DC923044E->afdd3fe1-73d7-47a9-80c4-ac0b0cf2283a: nextIndex: updateUnconditionally 5 -> 4
2019-10-01 18:09:08,836 [grpc-default-executor-6] INFO  impl.FollowerInfo (FollowerInfo.java:lambda$new$0(51)) - 820de064-3dc6-45b0-ab1f-7b0ae95712fc@group-815DC923044E->8fb55cee-2385-4435-9cab-3397106c25f8: nextIndex: updateUnconditionally 5 -> 4
2019-10-01 18:09:08,859 [84448537-1f99-4d0e-a5f1-ad44b6f4f04b@group-72EF59600E36-StateMachineUpdater] INFO  ratis.ContainerStateMachine (ContainerStateMachine.java:takeSnapshot(300)) - group-72EF59600E36: Finished taking a snapshot at:(t:2, i:16) file:/workdir/hadoop-ozone/integration-test/target/test-dir/MiniOzoneClusterImpl-2ef0d120-1a14-4960-b5d7-28cf9da586f6/datanode-1/data/ratis/7cdf4c0b-23b8-4d3b-8b93-72ef59600e36/sm/snapshot.2_16 time:33
2019-10-01 18:09:08,859 [820de064-3dc6-45b0-ab1f-7b0ae95712fc@group-815DC923044E-StateMachineUpdater] INFO  ratis.ContainerStateMachine (ContainerStateMachine.java:takeSnapshot(300)) - group-815DC923044E: Finished taking a snapshot at:(t:1, i:4) file:/workdir/hadoop-ozone/integration-test/target/test-dir/MiniOzoneClusterImpl-2ef0d120-1a14-4960-b5d7-28cf9da586f6/datanode-4/data/ratis/aa46d679-78ba-421d-b0ac-815dc923044e/sm/snapshot.1_4 time:25
2019-10-01 18:09:08,859 [84448537-1f99-4d0e-a5f1-ad44b6f4f04b@group-72EF59600E36-StateMachineUpdater] INFO  impl.StateMachineUpdater (StateMachineUpdater.java:takeSnapshot(269)) - 84448537-1f99-4d0e-a5f1-ad44b6f4f04b@group-72EF59600E36-StateMachineUpdater: Took a snapshot at index 16
2019-10-01 18:09:08,859 [820de064-3dc6-45b0-ab1f-7b0ae95712fc@group-815DC923044E-StateMachineUpdater] INFO  impl.StateMachineUpdater (StateMachineUpdater.java:takeSnapshot(269)) - 820de064-3dc6-45b0-ab1f-7b0ae95712fc@group-815DC923044E-StateMachineUpdater: Took a snapshot at index 4
2019-10-01 18:09:08,859 [84448537-1f99-4d0e-a5f1-ad44b6f4f04b@group-72EF59600E36-StateMachineUpdater] INFO  impl.StateMachineUpdater (StateMachineUpdater.java:lambda$new$0(84)) - 84448537-1f99-4d0e-a5f1-ad44b6f4f04b@group-72EF59600E36-StateMachineUpdater: snapshotIndex: updateIncreasingly -1 -> 16
2019-10-01 18:09:08,860 [820de064-3dc6-45b0-ab1f-7b0ae95712fc@group-815DC923044E-StateMachineUpdater] INFO  impl.StateMachineUpdater (StateMachineUpdater.java:lambda$new$0(84)) - 820de064-3dc6-45b0-ab1f-7b0ae95712fc@group-815DC923044E-StateMachineUpdater: snapshotIndex: updateIncreasingly -1 -> 4
2019-10-01 18:09:08,860 [main] INFO  impl.RaftServerImpl (ServerState.java:close(387)) - 820de064-3dc6-45b0-ab1f-7b0ae95712fc@group-815DC923044E: closes. applyIndex: 4
2019-10-01 18:09:08,860 [ForkJoinPool.commonPool-worker-0] INFO  impl.RaftServerImpl (ServerState.java:close(387)) - 84448537-1f99-4d0e-a5f1-ad44b6f4f04b@group-72EF59600E36: closes. applyIndex: 16
2019-10-01 18:09:08,860 [820de064-3dc6-45b0-ab1f-7b0ae95712fc@group-815DC923044E-SegmentedRaftLogWorker] INFO  segmented.SegmentedRaftLogWorker (SegmentedRaftLogWorker.java:run(316)) - 820de064-3dc6-45b0-ab1f-7b0ae95712fc@group-815DC923044E-SegmentedRaftLogWorker was interrupted, exiting. There are 0 tasks remaining in the queue.
2019-10-01 18:09:08,861 [84448537-1f99-4d0e-a5f1-ad44b6f4f04b@group-72EF59600E36-SegmentedRaftLogWorker] INFO  segmented.SegmentedRaftLogWorker (SegmentedRaftLogWorker.java:run(316)) - 84448537-1f99-4d0e-a5f1-ad44b6f4f04b@group-72EF59600E36-SegmentedRaftLogWorker was interrupted, exiting. There are 0 tasks remaining in the queue.
2019-10-01 18:09:08,862 [main] INFO  segmented.SegmentedRaftLogWorker (SegmentedRaftLogWorker.java:close(224)) - 820de064-3dc6-45b0-ab1f-7b0ae95712fc@group-815DC923044E-SegmentedRaftLogWorker close()
2019-10-01 18:09:08,864 [ForkJoinPool.commonPool-worker-0] INFO  segmented.SegmentedRaftLogWorker (SegmentedRaftLogWorker.java:close(224)) - 84448537-1f99-4d0e-a5f1-ad44b6f4f04b@group-72EF59600E36-SegmentedRaftLogWorker close()
2019-10-01 18:09:08,868 [main] INFO  server.GrpcService (GrpcService.java:closeImpl(164)) - 820de064-3dc6-45b0-ab1f-7b0ae95712fc: shutdown server with port 34221 now
2019-10-01 18:09:08,871 [ForkJoinPool.commonPool-worker-0] INFO  server.GrpcService (GrpcService.java:closeImpl(164)) - 84448537-1f99-4d0e-a5f1-ad44b6f4f04b: shutdown server with port 39458 now
2019-10-01 18:09:08,873 [main] INFO  server.GrpcService (GrpcService.java:closeImpl(172)) - 820de064-3dc6-45b0-ab1f-7b0ae95712fc: shutdown server with port 34221 successfully
2019-10-01 18:09:08,873 [grpc-default-executor-7] WARN  server.GrpcServerProtocolService (LogUtils.java:warn(134)) - 84448537-1f99-4d0e-a5f1-ad44b6f4f04b: installSnapshot onError, lastRequest: 78bf55a6-6154-477c-8620-5698e7baa951->84448537-1f99-4d0e-a5f1-ad44b6f4f04b#19-t2, previous=(t:2, i:16), leaderCommit=16, initializing? false, entries: <empty>: org.apache.ratis.thirdparty.io.grpc.StatusRuntimeException: CANCELLED: cancelled before receiving half close
2019-10-01 18:09:08,874 [grpc-default-executor-6] WARN  server.GrpcLogAppender (LogUtils.java:warn(134)) - 78bf55a6-6154-477c-8620-5698e7baa951@group-72EF59600E36->84448537-1f99-4d0e-a5f1-ad44b6f4f04b-AppendLogResponseHandler: Failed appendEntries: org.apache.ratis.thirdparty.io.grpc.StatusRuntimeException: CANCELLED: HTTP/2 error code: CANCEL
Received Rst Stream
2019-10-01 18:09:08,874 [grpc-default-executor-6] INFO  impl.FollowerInfo (FollowerInfo.java:lambda$new$0(51)) - 78bf55a6-6154-477c-8620-5698e7baa951@group-72EF59600E36->84448537-1f99-4d0e-a5f1-ad44b6f4f04b: nextIndex: updateUnconditionally 17 -> 16
2019-10-01 18:09:08,874 [ForkJoinPool.commonPool-worker-0] INFO  server.GrpcService (GrpcService.java:closeImpl(172)) - 84448537-1f99-4d0e-a5f1-ad44b6f4f04b: shutdown server with port 39458 successfully
2019-10-01 18:09:08,877 [refreshUsed-/workdir/hadoop-ozone/integration-test/target/test-dir/MiniOzoneClusterImpl-2ef0d120-1a14-4960-b5d7-28cf9da586f6/datanode-1/data/containers] WARN  fs.CachingGetSpaceUsed (CachingGetSpaceUsed.java:run(183)) - Thread Interrupted waiting to refresh disk information: sleep interrupted
2019-10-01 18:09:08,877 [refreshUsed-/workdir/hadoop-ozone/integration-test/target/test-dir/MiniOzoneClusterImpl-2ef0d120-1a14-4960-b5d7-28cf9da586f6/datanode-4/data/containers] WARN  fs.CachingGetSpaceUsed (CachingGetSpaceUsed.java:run(183)) - Thread Interrupted waiting to refresh disk information: sleep interrupted
2019-10-01 18:09:08,903 [ForkJoinPool.commonPool-worker-0] INFO  utils.BackgroundService (BackgroundService.java:shutdown(148)) - Shutting down service BlockDeletingService
2019-10-01 18:09:08,912 [ForkJoinPool.commonPool-worker-0] INFO  statemachine.DatanodeStateMachine (DatanodeStateMachine.java:stopDaemon(395)) - Ozone container server stopped.
2019-10-01 18:09:08,914 [main] INFO  utils.BackgroundService (BackgroundService.java:shutdown(148)) - Shutting down service BlockDeletingService
2019-10-01 18:09:08,919 [main] INFO  statemachine.DatanodeStateMachine (DatanodeStateMachine.java:stopDaemon(395)) - Ozone container server stopped.
2019-10-01 18:09:08,921 [ForkJoinPool.commonPool-worker-0] INFO  handler.ContextHandler (ContextHandler.java:doStop(910)) - Stopped o.e.j.w.WebAppContext@703e8050{/,null,UNAVAILABLE}{/hddsDatanode}
2019-10-01 18:09:08,921 [main] INFO  handler.ContextHandler (ContextHandler.java:doStop(910)) - Stopped o.e.j.w.WebAppContext@2e0ad709{/,null,UNAVAILABLE}{/hddsDatanode}
2019-10-01 18:09:08,922 [ForkJoinPool.commonPool-worker-0] INFO  server.AbstractConnector (AbstractConnector.java:doStop(318)) - Stopped ServerConnector@49c1e294{HTTP/1.1,[http/1.1]}{0.0.0.0:0}
2019-10-01 18:09:08,922 [main] INFO  server.AbstractConnector (AbstractConnector.java:doStop(318)) - Stopped ServerConnector@1fe8f5e8{HTTP/1.1,[http/1.1]}{0.0.0.0:0}
2019-10-01 18:09:08,924 [ForkJoinPool.commonPool-worker-0] INFO  handler.ContextHandler (ContextHandler.java:doStop(910)) - Stopped o.e.j.s.ServletContextHandler@2365ea38{/static,jar:file:/home/user/.m2/repository/org/apache/hadoop/hadoop-hdds-container-service/0.5.0-SNAPSHOT/hadoop-hdds-container-service-0.5.0-SNAPSHOT.jar!/webapps/static,UNAVAILABLE}
2019-10-01 18:09:08,924 [main] INFO  handler.ContextHandler (ContextHandler.java:doStop(910)) - Stopped o.e.j.s.ServletContextHandler@34f7b44f{/static,jar:file:/home/user/.m2/repository/org/apache/hadoop/hadoop-hdds-container-service/0.5.0-SNAPSHOT/hadoop-hdds-container-service-0.5.0-SNAPSHOT.jar!/webapps/static,UNAVAILABLE}
2019-10-01 18:09:08,926 [ForkJoinPool.commonPool-worker-0] INFO  handler.ContextHandler (ContextHandler.java:doStop(910)) - Stopped o.e.j.s.ServletContextHandler@4a31ed12{/logs,file:///workdir/hadoop-ozone/integration-test/target/log,UNAVAILABLE}
2019-10-01 18:09:08,926 [main] INFO  handler.ContextHandler (ContextHandler.java:doStop(910)) - Stopped o.e.j.s.ServletContextHandler@18a98913{/logs,file:///workdir/hadoop-ozone/integration-test/target/log,UNAVAILABLE}
2019-10-01 18:09:08,949 [grpc-default-executor-7] WARN  server.GrpcLogAppender (LogUtils.java:warn(134)) - 78bf55a6-6154-477c-8620-5698e7baa951@group-72EF59600E36->84448537-1f99-4d0e-a5f1-ad44b6f4f04b-AppendLogResponseHandler: Failed appendEntries: org.apache.ratis.thirdparty.io.grpc.StatusRuntimeException: UNAVAILABLE: io exception
2019-10-01 18:09:08,949 [grpc-default-executor-7] INFO  impl.FollowerInfo (FollowerInfo.java:lambda$new$0(51)) - 78bf55a6-6154-477c-8620-5698e7baa951@group-72EF59600E36->84448537-1f99-4d0e-a5f1-ad44b6f4f04b: nextIndex: updateUnconditionally 16 -> 15
2019-10-01 18:09:09,153 [Datanode State Machine Thread - 0] INFO  statemachine.DatanodeStateMachine (DatanodeStateMachine.java:lambda$startDaemon$0(350)) - Ozone container server started.
2019-10-01 18:09:09,418 [Datanode State Machine Thread - 0] INFO  statemachine.DatanodeStateMachine (DatanodeStateMachine.java:lambda$startDaemon$0(350)) - Ozone container server started.
2019-10-01 18:09:11,171 [grpc-default-executor-5] WARN  server.GrpcLogAppender (LogUtils.java:warn(134)) - 78bf55a6-6154-477c-8620-5698e7baa951@group-72EF59600E36->84448537-1f99-4d0e-a5f1-ad44b6f4f04b-AppendLogResponseHandler: Failed appendEntries: org.apache.ratis.thirdparty.io.grpc.StatusRuntimeException: UNAVAILABLE: io exception
2019-10-01 18:09:11,172 [grpc-default-executor-5] INFO  impl.FollowerInfo (FollowerInfo.java:lambda$new$0(51)) - 78bf55a6-6154-477c-8620-5698e7baa951@group-72EF59600E36->84448537-1f99-4d0e-a5f1-ad44b6f4f04b: nextIndex: updateUnconditionally 16 -> 15
2019-10-01 18:09:11,189 [grpc-default-executor-7] WARN  server.GrpcLogAppender (LogUtils.java:warn(134)) - 78bf55a6-6154-477c-8620-5698e7baa951@group-72EF59600E36->84448537-1f99-4d0e-a5f1-ad44b6f4f04b-AppendLogResponseHandler: Failed appendEntries: org.apache.ratis.thirdparty.io.grpc.StatusRuntimeException: UNAVAILABLE: io exception
2019-10-01 18:09:11,189 [grpc-default-executor-7] INFO  impl.FollowerInfo (FollowerInfo.java:lambda$new$0(51)) - 78bf55a6-6154-477c-8620-5698e7baa951@group-72EF59600E36->84448537-1f99-4d0e-a5f1-ad44b6f4f04b: nextIndex: updateUnconditionally 16 -> 15
2019-10-01 18:09:11,200 [grpc-default-executor-5] WARN  server.GrpcLogAppender (LogUtils.java:warn(134)) - 78bf55a6-6154-477c-8620-5698e7baa951@group-72EF59600E36->84448537-1f99-4d0e-a5f1-ad44b6f4f04b-AppendLogResponseHandler: Failed appendEntries: org.apache.ratis.thirdparty.io.grpc.StatusRuntimeException: UNAVAILABLE: io exception
2019-10-01 18:09:11,201 [grpc-default-executor-5] INFO  impl.FollowerInfo (FollowerInfo.java:lambda$new$0(51)) - 78bf55a6-6154-477c-8620-5698e7baa951@group-72EF59600E36->84448537-1f99-4d0e-a5f1-ad44b6f4f04b: nextIndex: updateUnconditionally 16 -> 15
2019-10-01 18:09:11,213 [RatisApplyTransactionExecutor 1] INFO  interfaces.Container (KeyValueContainer.java:flushAndSyncDB(386)) - Container 1 is synced with bcsId 14.
2019-10-01 18:09:11,214 [RatisApplyTransactionExecutor 1] INFO  interfaces.Container (KeyValueContainer.java:flushAndSyncDB(386)) - Container 1 is synced with bcsId 14.
2019-10-01 18:09:11,235 [RatisApplyTransactionExecutor 1] INFO  interfaces.Container (KeyValueContainer.java:flushAndSyncDB(386)) - Container 1 is synced with bcsId 14.
2019-10-01 18:09:11,236 [RatisApplyTransactionExecutor 1] INFO  interfaces.Container (KeyValueContainer.java:flushAndSyncDB(386)) - Container 1 is synced with bcsId 14.
2019-10-01 18:09:11,236 [RatisApplyTransactionExecutor 1] INFO  interfaces.Container (KeyValueContainer.java:close(335)) - Container 1 is closed with bcsId 14.
2019-10-01 18:09:11,237 [EventQueue-IncrementalContainerReportForIncrementalContainerReportHandler] INFO  container.IncrementalContainerReportHandler (AbstractContainerReportHandler.java:updateContainerState(176)) - Moving container #1 to CLOSED state, datanode 78bf55a6-6154-477c-8620-5698e7baa951{ip: 192.168.164.205, host: pr-hdds-2201-hlsf2-3428063209, networkLocation: /default-rack, certSerialId: null} reported CLOSED replica.
2019-10-01 18:09:11,249 [RatisApplyTransactionExecutor 1] INFO  interfaces.Container (KeyValueContainer.java:close(335)) - Container 1 is closed with bcsId 14.
2019-10-01 18:09:13,208 [EventQueue-StaleNodeForStaleNodeHandler] INFO  node.StaleNodeHandler (StaleNodeHandler.java:onMessage(58)) - Datanode 87aeb2bc-28a9-4d25-9225-03921817cb4f{ip: 192.168.164.205, host: pr-hdds-2201-hlsf2-3428063209, networkLocation: /default-rack, certSerialId: null} moved to stale state. Finalizing its pipelines [PipelineID=196c21fb-78c9-4027-aa05-a8d0ef44b689, PipelineID=7cdf4c0b-23b8-4d3b-8b93-72ef59600e36]
2019-10-01 18:09:13,208 [EventQueue-StaleNodeForStaleNodeHandler] INFO  pipeline.SCMPipelineManager (SCMPipelineManager.java:finalizeAndDestroyPipeline(315)) - destroying pipeline:Pipeline[ Id: 196c21fb-78c9-4027-aa05-a8d0ef44b689, Nodes: 87aeb2bc-28a9-4d25-9225-03921817cb4f{ip: 192.168.164.205, host: pr-hdds-2201-hlsf2-3428063209, networkLocation: /default-rack, certSerialId: null}, Type:RATIS, Factor:ONE, State:OPEN]
2019-10-01 18:09:13,208 [EventQueue-StaleNodeForStaleNodeHandler] INFO  pipeline.PipelineStateManager (PipelineStateManager.java:finalizePipeline(123)) - Pipeline Pipeline[ Id: 196c21fb-78c9-4027-aa05-a8d0ef44b689, Nodes: 87aeb2bc-28a9-4d25-9225-03921817cb4f{ip: 192.168.164.205, host: pr-hdds-2201-hlsf2-3428063209, networkLocation: /default-rack, certSerialId: null}, Type:RATIS, Factor:ONE, State:CLOSED] moved to CLOSED state
2019-10-01 18:09:13,208 [EventQueue-StaleNodeForStaleNodeHandler] INFO  pipeline.SCMPipelineManager (SCMPipelineManager.java:finalizeAndDestroyPipeline(315)) - destroying pipeline:Pipeline[ Id: 7cdf4c0b-23b8-4d3b-8b93-72ef59600e36, Nodes: 87aeb2bc-28a9-4d25-9225-03921817cb4f{ip: 192.168.164.205, host: pr-hdds-2201-hlsf2-3428063209, networkLocation: /default-rack, certSerialId: null}78bf55a6-6154-477c-8620-5698e7baa951{ip: 192.168.164.205, host: pr-hdds-2201-hlsf2-3428063209, networkLocation: /default-rack, certSerialId: null}84448537-1f99-4d0e-a5f1-ad44b6f4f04b{ip: 192.168.164.205, host: pr-hdds-2201-hlsf2-3428063209, networkLocation: /default-rack, certSerialId: null}, Type:RATIS, Factor:THREE, State:CLOSED]
2019-10-01 18:09:13,508 [EventQueue-StaleNodeForStaleNodeHandler] INFO  node.StaleNodeHandler (StaleNodeHandler.java:onMessage(58)) - Datanode 17b7404d-2d81-475e-bb03-cc9d37296e24{ip: 192.168.164.205, host: pr-hdds-2201-hlsf2-3428063209, networkLocation: /default-rack, certSerialId: null} moved to stale state. Finalizing its pipelines [PipelineID=a7bb94ad-6bf7-4bf1-bf41-1259d72e637a]
2019-10-01 18:09:13,508 [EventQueue-StaleNodeForStaleNodeHandler] INFO  pipeline.SCMPipelineManager (SCMPipelineManager.java:finalizeAndDestroyPipeline(315)) - destroying pipeline:Pipeline[ Id: a7bb94ad-6bf7-4bf1-bf41-1259d72e637a, Nodes: 17b7404d-2d81-475e-bb03-cc9d37296e24{ip: 192.168.164.205, host: pr-hdds-2201-hlsf2-3428063209, networkLocation: /default-rack, certSerialId: null}, Type:RATIS, Factor:ONE, State:OPEN]
2019-10-01 18:09:13,508 [EventQueue-StaleNodeForStaleNodeHandler] INFO  pipeline.PipelineStateManager (PipelineStateManager.java:finalizePipeline(123)) - Pipeline Pipeline[ Id: a7bb94ad-6bf7-4bf1-bf41-1259d72e637a, Nodes: 17b7404d-2d81-475e-bb03-cc9d37296e24{ip: 192.168.164.205, host: pr-hdds-2201-hlsf2-3428063209, networkLocation: /default-rack, certSerialId: null}, Type:RATIS, Factor:ONE, State:CLOSED] moved to CLOSED state
2019-10-01 18:09:13,701 [grpc-default-executor-6] WARN  server.GrpcLogAppender (LogUtils.java:warn(134)) - 78bf55a6-6154-477c-8620-5698e7baa951@group-72EF59600E36->84448537-1f99-4d0e-a5f1-ad44b6f4f04b-AppendLogResponseHandler: Failed appendEntries: org.apache.ratis.thirdparty.io.grpc.StatusRuntimeException: UNAVAILABLE: io exception
2019-10-01 18:09:13,703 [grpc-default-executor-6] INFO  impl.FollowerInfo (FollowerInfo.java:lambda$new$0(51)) - 78bf55a6-6154-477c-8620-5698e7baa951@group-72EF59600E36->84448537-1f99-4d0e-a5f1-ad44b6f4f04b: nextIndex: updateUnconditionally 15 -> 14
2019-10-01 18:09:13,928 [ForkJoinPool.commonPool-worker-0] INFO  ozoneimpl.OzoneContainer (OzoneContainer.java:stop(231)) - Attempting to stop container services.
2019-10-01 18:09:13,928 [main] INFO  ozoneimpl.OzoneContainer (OzoneContainer.java:stop(231)) - Attempting to stop container services.
2019-10-01 18:09:13,929 [main] INFO  impl.RaftServerProxy (RaftServerProxy.java:lambda$close$4(314)) - 17b7404d-2d81-475e-bb03-cc9d37296e24: close
2019-10-01 18:09:13,929 [ForkJoinPool.commonPool-worker-0] INFO  impl.RaftServerProxy (RaftServerProxy.java:lambda$close$4(314)) - 87aeb2bc-28a9-4d25-9225-03921817cb4f: close
2019-10-01 18:09:13,929 [main] INFO  impl.RaftServerImpl (RaftServerImpl.java:lambda$shutdown$3(247)) - 17b7404d-2d81-475e-bb03-cc9d37296e24@group-1259D72E637A: shutdown
2019-10-01 18:09:13,929 [ForkJoinPool.commonPool-worker-0] INFO  impl.RaftServerImpl (RaftServerImpl.java:lambda$shutdown$3(247)) - 87aeb2bc-28a9-4d25-9225-03921817cb4f@group-A8D0EF44B689: shutdown
2019-10-01 18:09:13,929 [main] INFO  util.JmxRegister (JmxRegister.java:unregister(73)) - Successfully un-registered JMX Bean with object name Ratis:service=RaftServer,group=group-1259D72E637A,id=17b7404d-2d81-475e-bb03-cc9d37296e24
2019-10-01 18:09:13,930 [ForkJoinPool.commonPool-worker-0] INFO  util.JmxRegister (JmxRegister.java:unregister(73)) - Successfully un-registered JMX Bean with object name Ratis:service=RaftServer,group=group-A8D0EF44B689,id=87aeb2bc-28a9-4d25-9225-03921817cb4f
2019-10-01 18:09:13,930 [main] INFO  impl.RoleInfo (RoleInfo.java:shutdownLeaderState(104)) - 17b7404d-2d81-475e-bb03-cc9d37296e24: shutdown LeaderState
2019-10-01 18:09:13,930 [ForkJoinPool.commonPool-worker-0] INFO  impl.RoleInfo (RoleInfo.java:shutdownLeaderState(104)) - 87aeb2bc-28a9-4d25-9225-03921817cb4f: shutdown LeaderState
2019-10-01 18:09:13,931 [main] INFO  impl.PendingRequests (PendingRequests.java:sendNotLeaderResponses(202)) - 17b7404d-2d81-475e-bb03-cc9d37296e24@group-1259D72E637A-PendingRequests: sendNotLeaderResponses
2019-10-01 18:09:13,931 [ForkJoinPool.commonPool-worker-0] INFO  impl.PendingRequests (PendingRequests.java:sendNotLeaderResponses(202)) - 87aeb2bc-28a9-4d25-9225-03921817cb4f@group-A8D0EF44B689-PendingRequests: sendNotLeaderResponses
2019-10-01 18:09:13,931 [main] INFO  impl.StateMachineUpdater (StateMachineUpdater.java:stopAndJoin(136)) - 17b7404d-2d81-475e-bb03-cc9d37296e24@group-1259D72E637A-StateMachineUpdater: set stopIndex = 0
2019-10-01 18:09:13,931 [ForkJoinPool.commonPool-worker-0] INFO  impl.StateMachineUpdater (StateMachineUpdater.java:stopAndJoin(136)) - 87aeb2bc-28a9-4d25-9225-03921817cb4f@group-A8D0EF44B689-StateMachineUpdater: set stopIndex = 0
2019-10-01 18:09:13,932 [main] INFO  impl.RaftServerImpl (ServerState.java:close(387)) - 17b7404d-2d81-475e-bb03-cc9d37296e24@group-1259D72E637A: closes. applyIndex: 0
2019-10-01 18:09:13,932 [ForkJoinPool.commonPool-worker-0] INFO  impl.RaftServerImpl (ServerState.java:close(387)) - 87aeb2bc-28a9-4d25-9225-03921817cb4f@group-A8D0EF44B689: closes. applyIndex: 0
2019-10-01 18:09:13,932 [17b7404d-2d81-475e-bb03-cc9d37296e24@group-1259D72E637A-SegmentedRaftLogWorker] INFO  segmented.SegmentedRaftLogWorker (SegmentedRaftLogWorker.java:run(316)) - 17b7404d-2d81-475e-bb03-cc9d37296e24@group-1259D72E637A-SegmentedRaftLogWorker was interrupted, exiting. There are 0 tasks remaining in the queue.
2019-10-01 18:09:13,933 [87aeb2bc-28a9-4d25-9225-03921817cb4f@group-A8D0EF44B689-SegmentedRaftLogWorker] INFO  segmented.SegmentedRaftLogWorker (SegmentedRaftLogWorker.java:run(316)) - 87aeb2bc-28a9-4d25-9225-03921817cb4f@group-A8D0EF44B689-SegmentedRaftLogWorker was interrupted, exiting. There are 0 tasks remaining in the queue.
2019-10-01 18:09:13,935 [main] INFO  segmented.SegmentedRaftLogWorker (SegmentedRaftLogWorker.java:close(224)) - 17b7404d-2d81-475e-bb03-cc9d37296e24@group-1259D72E637A-SegmentedRaftLogWorker close()
2019-10-01 18:09:13,937 [ForkJoinPool.commonPool-worker-0] INFO  segmented.SegmentedRaftLogWorker (SegmentedRaftLogWorker.java:close(224)) - 87aeb2bc-28a9-4d25-9225-03921817cb4f@group-A8D0EF44B689-SegmentedRaftLogWorker close()
2019-10-01 18:09:13,939 [main] INFO  server.GrpcService (GrpcService.java:closeImpl(164)) - 17b7404d-2d81-475e-bb03-cc9d37296e24: shutdown server with port 45696 now
2019-10-01 18:09:13,942 [ForkJoinPool.commonPool-worker-0] INFO  impl.RaftServerImpl (RaftServerImpl.java:lambda$shutdown$3(247)) - 87aeb2bc-28a9-4d25-9225-03921817cb4f@group-72EF59600E36: shutdown
2019-10-01 18:09:13,943 [main] INFO  server.GrpcService (GrpcService.java:closeImpl(172)) - 17b7404d-2d81-475e-bb03-cc9d37296e24: shutdown server with port 45696 successfully
2019-10-01 18:09:13,943 [ForkJoinPool.commonPool-worker-0] INFO  util.JmxRegister (JmxRegister.java:unregister(73)) - Successfully un-registered JMX Bean with object name Ratis:service=RaftServer,group=group-72EF59600E36,id=87aeb2bc-28a9-4d25-9225-03921817cb4f
2019-10-01 18:09:13,943 [ForkJoinPool.commonPool-worker-0] INFO  impl.RoleInfo (RoleInfo.java:shutdownFollowerState(121)) - 87aeb2bc-28a9-4d25-9225-03921817cb4f: shutdown FollowerState
2019-10-01 18:09:13,944 [ForkJoinPool.commonPool-worker-0] INFO  impl.StateMachineUpdater (StateMachineUpdater.java:stopAndJoin(136)) - 87aeb2bc-28a9-4d25-9225-03921817cb4f@group-72EF59600E36-StateMachineUpdater: set stopIndex = 18
2019-10-01 18:09:13,944 [Thread-3158] INFO  impl.FollowerState (FollowerState.java:run(117)) - 87aeb2bc-28a9-4d25-9225-03921817cb4f@group-72EF59600E36-FollowerState was interrupted: java.lang.InterruptedException: sleep interrupted
2019-10-01 18:09:13,944 [87aeb2bc-28a9-4d25-9225-03921817cb4f@group-72EF59600E36-StateMachineUpdater] INFO  ratis.ContainerStateMachine (ContainerStateMachine.java:takeSnapshot(289)) - group-72EF59600E36: Taking a snapshot at:(t:2, i:17) file /workdir/hadoop-ozone/integration-test/target/test-dir/MiniOzoneClusterImpl-2ef0d120-1a14-4960-b5d7-28cf9da586f6/datanode-2/data/ratis/7cdf4c0b-23b8-4d3b-8b93-72ef59600e36/sm/snapshot.2_17
2019-10-01 18:09:13,946 [refreshUsed-/workdir/hadoop-ozone/integration-test/target/test-dir/MiniOzoneClusterImpl-2ef0d120-1a14-4960-b5d7-28cf9da586f6/datanode-3/data/containers] WARN  fs.CachingGetSpaceUsed (CachingGetSpaceUsed.java:run(183)) - Thread Interrupted waiting to refresh disk information: sleep interrupted
2019-10-01 18:09:13,957 [main] INFO  utils.BackgroundService (BackgroundService.java:shutdown(148)) - Shutting down service BlockDeletingService
2019-10-01 18:09:13,962 [main] INFO  statemachine.DatanodeStateMachine (DatanodeStateMachine.java:stopDaemon(395)) - Ozone container server stopped.
2019-10-01 18:09:13,963 [main] INFO  handler.ContextHandler (ContextHandler.java:doStop(910)) - Stopped o.e.j.w.WebAppContext@56fda064{/,null,UNAVAILABLE}{/hddsDatanode}
2019-10-01 18:09:13,963 [main] INFO  server.AbstractConnector (AbstractConnector.java:doStop(318)) - Stopped ServerConnector@6cdee57{HTTP/1.1,[http/1.1]}{0.0.0.0:0}
2019-10-01 18:09:13,963 [main] INFO  handler.ContextHandler (ContextHandler.java:doStop(910)) - Stopped o.e.j.s.ServletContextHandler@53ea380b{/static,jar:file:/home/user/.m2/repository/org/apache/hadoop/hadoop-hdds-container-service/0.5.0-SNAPSHOT/hadoop-hdds-container-service-0.5.0-SNAPSHOT.jar!/webapps/static,UNAVAILABLE}
2019-10-01 18:09:13,964 [main] INFO  handler.ContextHandler (ContextHandler.java:doStop(910)) - Stopped o.e.j.s.ServletContextHandler@78116659{/logs,file:///workdir/hadoop-ozone/integration-test/target/log,UNAVAILABLE}
2019-10-01 18:09:13,972 [87aeb2bc-28a9-4d25-9225-03921817cb4f@group-72EF59600E36-StateMachineUpdater] INFO  ratis.ContainerStateMachine (ContainerStateMachine.java:takeSnapshot(300)) - group-72EF59600E36: Finished taking a snapshot at:(t:2, i:17) file:/workdir/hadoop-ozone/integration-test/target/test-dir/MiniOzoneClusterImpl-2ef0d120-1a14-4960-b5d7-28cf9da586f6/datanode-2/data/ratis/7cdf4c0b-23b8-4d3b-8b93-72ef59600e36/sm/snapshot.2_17 time:28
2019-10-01 18:09:13,972 [87aeb2bc-28a9-4d25-9225-03921817cb4f@group-72EF59600E36-StateMachineUpdater] INFO  impl.StateMachineUpdater (StateMachineUpdater.java:takeSnapshot(269)) - 87aeb2bc-28a9-4d25-9225-03921817cb4f@group-72EF59600E36-StateMachineUpdater: Took a snapshot at index 17
2019-10-01 18:09:13,972 [87aeb2bc-28a9-4d25-9225-03921817cb4f@group-72EF59600E36-StateMachineUpdater] INFO  impl.StateMachineUpdater (StateMachineUpdater.java:lambda$new$0(84)) - 87aeb2bc-28a9-4d25-9225-03921817cb4f@group-72EF59600E36-StateMachineUpdater: snapshotIndex: updateIncreasingly -1 -> 17
2019-10-01 18:09:13,972 [87aeb2bc-28a9-4d25-9225-03921817cb4f@group-72EF59600E36-StateMachineUpdater] INFO  ratis.ContainerStateMachine (ContainerStateMachine.java:takeSnapshot(289)) - group-72EF59600E36: Taking a snapshot at:(t:2, i:17) file /workdir/hadoop-ozone/integration-test/target/test-dir/MiniOzoneClusterImpl-2ef0d120-1a14-4960-b5d7-28cf9da586f6/datanode-2/data/ratis/7cdf4c0b-23b8-4d3b-8b93-72ef59600e36/sm/snapshot.2_17
2019-10-01 18:09:13,986 [87aeb2bc-28a9-4d25-9225-03921817cb4f@group-72EF59600E36-StateMachineUpdater] INFO  ratis.ContainerStateMachine (ContainerStateMachine.java:takeSnapshot(300)) - group-72EF59600E36: Finished taking a snapshot at:(t:2, i:17) file:/workdir/hadoop-ozone/integration-test/target/test-dir/MiniOzoneClusterImpl-2ef0d120-1a14-4960-b5d7-28cf9da586f6/datanode-2/data/ratis/7cdf4c0b-23b8-4d3b-8b93-72ef59600e36/sm/snapshot.2_17 time:15
2019-10-01 18:09:13,986 [87aeb2bc-28a9-4d25-9225-03921817cb4f@group-72EF59600E36-StateMachineUpdater] INFO  impl.StateMachineUpdater (StateMachineUpdater.java:takeSnapshot(269)) - 87aeb2bc-28a9-4d25-9225-03921817cb4f@group-72EF59600E36-StateMachineUpdater: Took a snapshot at index 17
2019-10-01 18:09:13,987 [87aeb2bc-28a9-4d25-9225-03921817cb4f@group-72EF59600E36-StateMachineUpdater] INFO  impl.StateMachineUpdater (StateMachineUpdater.java:lambda$new$0(84)) - 87aeb2bc-28a9-4d25-9225-03921817cb4f@group-72EF59600E36-StateMachineUpdater: snapshotIndex: updateIncreasingly 17 -> 17
2019-10-01 18:09:13,987 [ForkJoinPool.commonPool-worker-0] INFO  impl.RaftServerImpl (ServerState.java:close(387)) - 87aeb2bc-28a9-4d25-9225-03921817cb4f@group-72EF59600E36: closes. applyIndex: 18
2019-10-01 18:09:13,987 [87aeb2bc-28a9-4d25-9225-03921817cb4f@group-72EF59600E36-SegmentedRaftLogWorker] INFO  segmented.SegmentedRaftLogWorker (SegmentedRaftLogWorker.java:run(316)) - 87aeb2bc-28a9-4d25-9225-03921817cb4f@group-72EF59600E36-SegmentedRaftLogWorker was interrupted, exiting. There are 0 tasks remaining in the queue.
2019-10-01 18:09:13,989 [ForkJoinPool.commonPool-worker-0] INFO  segmented.SegmentedRaftLogWorker (SegmentedRaftLogWorker.java:close(224)) - 87aeb2bc-28a9-4d25-9225-03921817cb4f@group-72EF59600E36-SegmentedRaftLogWorker close()
2019-10-01 18:09:13,991 [ForkJoinPool.commonPool-worker-0] INFO  server.GrpcService (GrpcService.java:closeImpl(164)) - 87aeb2bc-28a9-4d25-9225-03921817cb4f: shutdown server with port 45016 now
2019-10-01 18:09:13,992 [grpc-default-executor-7] WARN  server.GrpcServerProtocolService (LogUtils.java:warn(134)) - 87aeb2bc-28a9-4d25-9225-03921817cb4f: installSnapshot onError, lastRequest: 78bf55a6-6154-477c-8620-5698e7baa951->87aeb2bc-28a9-4d25-9225-03921817cb4f#23-t2, previous=(t:2, i:18), leaderCommit=18, initializing? false, entries: <empty>: org.apache.ratis.thirdparty.io.grpc.StatusRuntimeException: CANCELLED: cancelled before receiving half close
2019-10-01 18:09:13,992 [ForkJoinPool.commonPool-worker-0] INFO  server.GrpcService (GrpcService.java:closeImpl(172)) - 87aeb2bc-28a9-4d25-9225-03921817cb4f: shutdown server with port 45016 successfully
2019-10-01 18:09:13,992 [grpc-default-executor-6] WARN  server.GrpcLogAppender (LogUtils.java:warn(134)) - 78bf55a6-6154-477c-8620-5698e7baa951@group-72EF59600E36->87aeb2bc-28a9-4d25-9225-03921817cb4f-AppendLogResponseHandler: Failed appendEntries: org.apache.ratis.thirdparty.io.grpc.StatusRuntimeException: CANCELLED: HTTP/2 error code: CANCEL
Received Rst Stream
2019-10-01 18:09:13,992 [grpc-default-executor-6] INFO  impl.FollowerInfo (FollowerInfo.java:lambda$new$0(51)) - 78bf55a6-6154-477c-8620-5698e7baa951@group-72EF59600E36->87aeb2bc-28a9-4d25-9225-03921817cb4f: nextIndex: updateUnconditionally 19 -> 18
2019-10-01 18:09:13,994 [refreshUsed-/workdir/hadoop-ozone/integration-test/target/test-dir/MiniOzoneClusterImpl-2ef0d120-1a14-4960-b5d7-28cf9da586f6/datanode-2/data/containers] WARN  fs.CachingGetSpaceUsed (CachingGetSpaceUsed.java:run(183)) - Thread Interrupted waiting to refresh disk information: sleep interrupted
2019-10-01 18:09:14,004 [ForkJoinPool.commonPool-worker-0] INFO  utils.BackgroundService (BackgroundService.java:shutdown(148)) - Shutting down service BlockDeletingService
2019-10-01 18:09:14,006 [ForkJoinPool.commonPool-worker-0] INFO  statemachine.DatanodeStateMachine (DatanodeStateMachine.java:stopDaemon(395)) - Ozone container server stopped.
2019-10-01 18:09:14,011 [ForkJoinPool.commonPool-worker-0] INFO  handler.ContextHandler (ContextHandler.java:doStop(910)) - Stopped o.e.j.w.WebAppContext@2017f6e6{/,null,UNAVAILABLE}{/hddsDatanode}
2019-10-01 18:09:14,012 [ForkJoinPool.commonPool-worker-0] INFO  server.AbstractConnector (AbstractConnector.java:doStop(318)) - Stopped ServerConnector@115c946b{HTTP/1.1,[http/1.1]}{0.0.0.0:0}
2019-10-01 18:09:14,018 [ForkJoinPool.commonPool-worker-0] INFO  handler.ContextHandler (ContextHandler.java:doStop(910)) - Stopped o.e.j.s.ServletContextHandler@7ceb6c45{/static,jar:file:/home/user/.m2/repository/org/apache/hadoop/hadoop-hdds-container-service/0.5.0-SNAPSHOT/hadoop-hdds-container-service-0.5.0-SNAPSHOT.jar!/webapps/static,UNAVAILABLE}
2019-10-01 18:09:14,020 [ForkJoinPool.commonPool-worker-0] INFO  handler.ContextHandler (ContextHandler.java:doStop(910)) - Stopped o.e.j.s.ServletContextHandler@561f9d92{/logs,file:///workdir/hadoop-ozone/integration-test/target/log,UNAVAILABLE}
2019-10-01 18:09:14,236 [Datanode State Machine Thread - 0] INFO  statemachine.DatanodeStateMachine (DatanodeStateMachine.java:lambda$startDaemon$0(350)) - Ozone container server started.
2019-10-01 18:09:14,649 [Datanode State Machine Thread - 0] INFO  statemachine.DatanodeStateMachine (DatanodeStateMachine.java:lambda$startDaemon$0(350)) - Ozone container server started.
2019-10-01 18:09:16,203 [grpc-default-executor-9] WARN  server.GrpcLogAppender (LogUtils.java:warn(134)) - 78bf55a6-6154-477c-8620-5698e7baa951@group-72EF59600E36->87aeb2bc-28a9-4d25-9225-03921817cb4f-AppendLogResponseHandler: Failed appendEntries: org.apache.ratis.thirdparty.io.grpc.StatusRuntimeException: UNAVAILABLE: io exception
2019-10-01 18:09:16,203 [grpc-default-executor-10] WARN  server.GrpcLogAppender (LogUtils.java:warn(134)) - 78bf55a6-6154-477c-8620-5698e7baa951@group-72EF59600E36->84448537-1f99-4d0e-a5f1-ad44b6f4f04b-AppendLogResponseHandler: Failed appendEntries: org.apache.ratis.thirdparty.io.grpc.StatusRuntimeException: UNAVAILABLE: io exception
2019-10-01 18:09:16,203 [grpc-default-executor-9] INFO  impl.FollowerInfo (FollowerInfo.java:lambda$new$0(51)) - 78bf55a6-6154-477c-8620-5698e7baa951@group-72EF59600E36->87aeb2bc-28a9-4d25-9225-03921817cb4f: nextIndex: updateUnconditionally 18 -> 17
2019-10-01 18:09:16,203 [grpc-default-executor-10] INFO  impl.FollowerInfo (FollowerInfo.java:lambda$new$0(51)) - 78bf55a6-6154-477c-8620-5698e7baa951@group-72EF59600E36->84448537-1f99-4d0e-a5f1-ad44b6f4f04b: nextIndex: updateUnconditionally 14 -> 13
2019-10-01 18:09:16,440 [Thread-3130] INFO  impl.FollowerState (FollowerState.java:run(108)) - 8fb55cee-2385-4435-9cab-3397106c25f8@group-815DC923044E-FollowerState: change to CANDIDATE, lastRpcTime:7749ms, electionTimeout:5117ms
2019-10-01 18:09:16,440 [Thread-3130] INFO  impl.RoleInfo (RoleInfo.java:shutdownFollowerState(121)) - 8fb55cee-2385-4435-9cab-3397106c25f8: shutdown FollowerState
2019-10-01 18:09:16,440 [Thread-3130] INFO  impl.RaftServerImpl (RaftServerImpl.java:setRole(170)) - 8fb55cee-2385-4435-9cab-3397106c25f8@group-815DC923044E: changes role from  FOLLOWER to CANDIDATE at term 1 for changeToCandidate
2019-10-01 18:09:16,441 [Thread-3130] INFO  impl.RoleInfo (RoleInfo.java:updateAndGet(143)) - 8fb55cee-2385-4435-9cab-3397106c25f8: start LeaderElection
2019-10-01 18:09:16,444 [8fb55cee-2385-4435-9cab-3397106c25f8@group-815DC923044E-LeaderElection70] INFO  impl.RaftServerImpl (ServerState.java:setLeader(255)) - 8fb55cee-2385-4435-9cab-3397106c25f8@group-815DC923044E: change Leader from 820de064-3dc6-45b0-ab1f-7b0ae95712fc to null at term 1 for initElection
2019-10-01 18:09:16,467 [8fb55cee-2385-4435-9cab-3397106c25f8@group-815DC923044E-LeaderElection70] INFO  impl.LeaderElection (LeaderElection.java:askForVotes(178)) - 8fb55cee-2385-4435-9cab-3397106c25f8@group-815DC923044E-LeaderElection70: begin an election at term 2 for 0: [820de064-3dc6-45b0-ab1f-7b0ae95712fc:192.168.164.205:34221, 8fb55cee-2385-4435-9cab-3397106c25f8:192.168.164.205:41941, afdd3fe1-73d7-47a9-80c4-ac0b0cf2283a:192.168.164.205:43376], old=null
2019-10-01 18:09:16,469 [8fb55cee-2385-4435-9cab-3397106c25f8@group-815DC923044E-LeaderElection70] INFO  impl.LeaderElection (LogUtils.java:infoOrTrace(149)) - 8fb55cee-2385-4435-9cab-3397106c25f8@group-815DC923044E-LeaderElection70 got exception when requesting votes: {}
java.util.concurrent.ExecutionException: org.apache.ratis.thirdparty.io.grpc.StatusRuntimeException: UNAVAILABLE: io exception
	at java.util.concurrent.FutureTask.report(FutureTask.java:122)
	at java.util.concurrent.FutureTask.get(FutureTask.java:192)
	at org.apache.ratis.server.impl.LeaderElection.waitForResults(LeaderElection.java:259)
	at org.apache.ratis.server.impl.LeaderElection.askForVotes(LeaderElection.java:197)
	at org.apache.ratis.server.impl.LeaderElection.run(LeaderElection.java:133)
	at java.lang.Thread.run(Thread.java:748)
Caused by: org.apache.ratis.thirdparty.io.grpc.StatusRuntimeException: UNAVAILABLE: io exception
	at org.apache.ratis.thirdparty.io.grpc.stub.ClientCalls.toStatusRuntimeException(ClientCalls.java:233)
	at org.apache.ratis.thirdparty.io.grpc.stub.ClientCalls.getUnchecked(ClientCalls.java:214)
	at org.apache.ratis.thirdparty.io.grpc.stub.ClientCalls.blockingUnaryCall(ClientCalls.java:139)
	at org.apache.ratis.proto.grpc.RaftServerProtocolServiceGrpc$RaftServerProtocolServiceBlockingStub.requestVote(RaftServerProtocolServiceGrpc.java:265)
	at org.apache.ratis.grpc.server.GrpcServerProtocolClient.requestVote(GrpcServerProtocolClient.java:99)
	at org.apache.ratis.grpc.server.GrpcService.requestVote(GrpcService.java:204)
	at org.apache.ratis.server.impl.LeaderElection.lambda$submitRequests$1(LeaderElection.java:234)
	at java.util.concurrent.FutureTask.run(FutureTask.java:266)
	at java.util.concurrent.Executors$RunnableAdapter.call(Executors.java:511)
	at java.util.concurrent.FutureTask.run(FutureTask.java:266)
	at java.util.concurrent.ThreadPoolExecutor.runWorker(ThreadPoolExecutor.java:1149)
	at java.util.concurrent.ThreadPoolExecutor$Worker.run(ThreadPoolExecutor.java:624)
	... 1 more
Caused by: org.apache.ratis.thirdparty.io.netty.channel.AbstractChannel$AnnotatedConnectException: Connection refused: /192.168.164.205:34221
	at sun.nio.ch.SocketChannelImpl.checkConnect(Native Method)
	at sun.nio.ch.SocketChannelImpl.finishConnect(SocketChannelImpl.java:717)
	at org.apache.ratis.thirdparty.io.netty.channel.socket.nio.NioSocketChannel.doFinishConnect(NioSocketChannel.java:327)
	at org.apache.ratis.thirdparty.io.netty.channel.nio.AbstractNioChannel$AbstractNioUnsafe.finishConnect(AbstractNioChannel.java:340)
	at org.apache.ratis.thirdparty.io.netty.channel.nio.NioEventLoop.processSelectedKey(NioEventLoop.java:632)
	at org.apache.ratis.thirdparty.io.netty.channel.nio.NioEventLoop.processSelectedKeysOptimized(NioEventLoop.java:579)
	at org.apache.ratis.thirdparty.io.netty.channel.nio.NioEventLoop.processSelectedKeys(NioEventLoop.java:496)
	at org.apache.ratis.thirdparty.io.netty.channel.nio.NioEventLoop.run(NioEventLoop.java:458)
	at org.apache.ratis.thirdparty.io.netty.util.concurrent.SingleThreadEventExecutor$5.run(SingleThreadEventExecutor.java:897)
	at org.apache.ratis.thirdparty.io.netty.util.concurrent.FastThreadLocalRunnable.run(FastThreadLocalRunnable.java:30)
	... 1 more
Caused by: java.net.ConnectException: Connection refused
	... 11 more
2019-10-01 18:09:16,472 [Thread-3129] INFO  impl.FollowerState (FollowerState.java:run(108)) - afdd3fe1-73d7-47a9-80c4-ac0b0cf2283a@group-815DC923044E-FollowerState: change to CANDIDATE, lastRpcTime:7784ms, electionTimeout:5113ms
2019-10-01 18:09:16,472 [Thread-3129] INFO  impl.RoleInfo (RoleInfo.java:shutdownFollowerState(121)) - afdd3fe1-73d7-47a9-80c4-ac0b0cf2283a: shutdown FollowerState
2019-10-01 18:09:16,472 [Thread-3129] INFO  impl.RaftServerImpl (RaftServerImpl.java:setRole(170)) - afdd3fe1-73d7-47a9-80c4-ac0b0cf2283a@group-815DC923044E: changes role from  FOLLOWER to CANDIDATE at term 1 for changeToCandidate
2019-10-01 18:09:16,472 [Thread-3129] INFO  impl.RoleInfo (RoleInfo.java:updateAndGet(143)) - afdd3fe1-73d7-47a9-80c4-ac0b0cf2283a: start LeaderElection
2019-10-01 18:09:16,473 [afdd3fe1-73d7-47a9-80c4-ac0b0cf2283a@group-815DC923044E-LeaderElection71] INFO  impl.RaftServerImpl (ServerState.java:setLeader(255)) - afdd3fe1-73d7-47a9-80c4-ac0b0cf2283a@group-815DC923044E: change Leader from 820de064-3dc6-45b0-ab1f-7b0ae95712fc to null at term 1 for initElection
2019-10-01 18:09:16,488 [afdd3fe1-73d7-47a9-80c4-ac0b0cf2283a@group-815DC923044E-LeaderElection71] INFO  impl.LeaderElection (LeaderElection.java:askForVotes(178)) - afdd3fe1-73d7-47a9-80c4-ac0b0cf2283a@group-815DC923044E-LeaderElection71: begin an election at term 2 for 0: [820de064-3dc6-45b0-ab1f-7b0ae95712fc:192.168.164.205:34221, 8fb55cee-2385-4435-9cab-3397106c25f8:192.168.164.205:41941, afdd3fe1-73d7-47a9-80c4-ac0b0cf2283a:192.168.164.205:43376], old=null
2019-10-01 18:09:16,489 [8fb55cee-2385-4435-9cab-3397106c25f8@group-815DC923044E-LeaderElection70] INFO  impl.LeaderElection (LeaderElection.java:logAndReturn(56)) - 8fb55cee-2385-4435-9cab-3397106c25f8@group-815DC923044E-LeaderElection70: Election REJECTED; received 1 response(s) [8fb55cee-2385-4435-9cab-3397106c25f8<-afdd3fe1-73d7-47a9-80c4-ac0b0cf2283a#0:FAIL-t2] and 1 exception(s); 8fb55cee-2385-4435-9cab-3397106c25f8@group-815DC923044E:t2, leader=null, voted=8fb55cee-2385-4435-9cab-3397106c25f8, raftlog=8fb55cee-2385-4435-9cab-3397106c25f8@group-815DC923044E-SegmentedRaftLog:OPENED:c4,f4,i4, conf=0: [820de064-3dc6-45b0-ab1f-7b0ae95712fc:192.168.164.205:34221, 8fb55cee-2385-4435-9cab-3397106c25f8:192.168.164.205:41941, afdd3fe1-73d7-47a9-80c4-ac0b0cf2283a:192.168.164.205:43376], old=null
2019-10-01 18:09:16,490 [8fb55cee-2385-4435-9cab-3397106c25f8@group-815DC923044E-LeaderElection70] INFO  impl.LeaderElection (LogUtils.java:infoOrTrace(149)) -   Exception 0: {}
java.util.concurrent.ExecutionException: org.apache.ratis.thirdparty.io.grpc.StatusRuntimeException: UNAVAILABLE: io exception
	at java.util.concurrent.FutureTask.report(FutureTask.java:122)
	at java.util.concurrent.FutureTask.get(FutureTask.java:192)
	at org.apache.ratis.server.impl.LeaderElection.waitForResults(LeaderElection.java:259)
	at org.apache.ratis.server.impl.LeaderElection.askForVotes(LeaderElection.java:197)
	at org.apache.ratis.server.impl.LeaderElection.run(LeaderElection.java:133)
	at java.lang.Thread.run(Thread.java:748)
Caused by: org.apache.ratis.thirdparty.io.grpc.StatusRuntimeException: UNAVAILABLE: io exception
	at org.apache.ratis.thirdparty.io.grpc.stub.ClientCalls.toStatusRuntimeException(ClientCalls.java:233)
	at org.apache.ratis.thirdparty.io.grpc.stub.ClientCalls.getUnchecked(ClientCalls.java:214)
	at org.apache.ratis.thirdparty.io.grpc.stub.ClientCalls.blockingUnaryCall(ClientCalls.java:139)
	at org.apache.ratis.proto.grpc.RaftServerProtocolServiceGrpc$RaftServerProtocolServiceBlockingStub.requestVote(RaftServerProtocolServiceGrpc.java:265)
	at org.apache.ratis.grpc.server.GrpcServerProtocolClient.requestVote(GrpcServerProtocolClient.java:99)
	at org.apache.ratis.grpc.server.GrpcService.requestVote(GrpcService.java:204)
	at org.apache.ratis.server.impl.LeaderElection.lambda$submitRequests$1(LeaderElection.java:234)
	at java.util.concurrent.FutureTask.run(FutureTask.java:266)
	at java.util.concurrent.Executors$RunnableAdapter.call(Executors.java:511)
	at java.util.concurrent.FutureTask.run(FutureTask.java:266)
	at java.util.concurrent.ThreadPoolExecutor.runWorker(ThreadPoolExecutor.java:1149)
	at java.util.concurrent.ThreadPoolExecutor$Worker.run(ThreadPoolExecutor.java:624)
	... 1 more
Caused by: org.apache.ratis.thirdparty.io.netty.channel.AbstractChannel$AnnotatedConnectException: Connection refused: /192.168.164.205:34221
	at sun.nio.ch.SocketChannelImpl.checkConnect(Native Method)
	at sun.nio.ch.SocketChannelImpl.finishConnect(SocketChannelImpl.java:717)
	at org.apache.ratis.thirdparty.io.netty.channel.socket.nio.NioSocketChannel.doFinishConnect(NioSocketChannel.java:327)
	at org.apache.ratis.thirdparty.io.netty.channel.nio.AbstractNioChannel$AbstractNioUnsafe.finishConnect(AbstractNioChannel.java:340)
	at org.apache.ratis.thirdparty.io.netty.channel.nio.NioEventLoop.processSelectedKey(NioEventLoop.java:632)
	at org.apache.ratis.thirdparty.io.netty.channel.nio.NioEventLoop.processSelectedKeysOptimized(NioEventLoop.java:579)
	at org.apache.ratis.thirdparty.io.netty.channel.nio.NioEventLoop.processSelectedKeys(NioEventLoop.java:496)
	at org.apache.ratis.thirdparty.io.netty.channel.nio.NioEventLoop.run(NioEventLoop.java:458)
	at org.apache.ratis.thirdparty.io.netty.util.concurrent.SingleThreadEventExecutor$5.run(SingleThreadEventExecutor.java:897)
	at org.apache.ratis.thirdparty.io.netty.util.concurrent.FastThreadLocalRunnable.run(FastThreadLocalRunnable.java:30)
	... 1 more
Caused by: java.net.ConnectException: Connection refused
	... 11 more
2019-10-01 18:09:16,490 [8fb55cee-2385-4435-9cab-3397106c25f8@group-815DC923044E-LeaderElection70] INFO  impl.RaftServerImpl (RaftServerImpl.java:setRole(170)) - 8fb55cee-2385-4435-9cab-3397106c25f8@group-815DC923044E: changes role from CANDIDATE to FOLLOWER at term 2 for DISCOVERED_A_NEW_TERM
2019-10-01 18:09:16,490 [afdd3fe1-73d7-47a9-80c4-ac0b0cf2283a@group-815DC923044E-LeaderElection71] INFO  impl.LeaderElection (LogUtils.java:infoOrTrace(149)) - afdd3fe1-73d7-47a9-80c4-ac0b0cf2283a@group-815DC923044E-LeaderElection71 got exception when requesting votes: {}
java.util.concurrent.ExecutionException: org.apache.ratis.thirdparty.io.grpc.StatusRuntimeException: UNAVAILABLE: io exception
	at java.util.concurrent.FutureTask.report(FutureTask.java:122)
	at java.util.concurrent.FutureTask.get(FutureTask.java:192)
	at org.apache.ratis.server.impl.LeaderElection.waitForResults(LeaderElection.java:259)
	at org.apache.ratis.server.impl.LeaderElection.askForVotes(LeaderElection.java:197)
	at org.apache.ratis.server.impl.LeaderElection.run(LeaderElection.java:133)
	at java.lang.Thread.run(Thread.java:748)
Caused by: org.apache.ratis.thirdparty.io.grpc.StatusRuntimeException: UNAVAILABLE: io exception
	at org.apache.ratis.thirdparty.io.grpc.stub.ClientCalls.toStatusRuntimeException(ClientCalls.java:233)
	at org.apache.ratis.thirdparty.io.grpc.stub.ClientCalls.getUnchecked(ClientCalls.java:214)
	at org.apache.ratis.thirdparty.io.grpc.stub.ClientCalls.blockingUnaryCall(ClientCalls.java:139)
	at org.apache.ratis.proto.grpc.RaftServerProtocolServiceGrpc$RaftServerProtocolServiceBlockingStub.requestVote(RaftServerProtocolServiceGrpc.java:265)
	at org.apache.ratis.grpc.server.GrpcServerProtocolClient.requestVote(GrpcServerProtocolClient.java:99)
	at org.apache.ratis.grpc.server.GrpcService.requestVote(GrpcService.java:204)
	at org.apache.ratis.server.impl.LeaderElection.lambda$submitRequests$1(LeaderElection.java:234)
	at java.util.concurrent.FutureTask.run(FutureTask.java:266)
	at java.util.concurrent.Executors$RunnableAdapter.call(Executors.java:511)
	at java.util.concurrent.FutureTask.run(FutureTask.java:266)
	at java.util.concurrent.ThreadPoolExecutor.runWorker(ThreadPoolExecutor.java:1149)
	at java.util.concurrent.ThreadPoolExecutor$Worker.run(ThreadPoolExecutor.java:624)
	... 1 more
Caused by: org.apache.ratis.thirdparty.io.netty.channel.AbstractChannel$AnnotatedConnectException: Connection refused: /192.168.164.205:34221
	at sun.nio.ch.SocketChannelImpl.checkConnect(Native Method)
	at sun.nio.ch.SocketChannelImpl.finishConnect(SocketChannelImpl.java:717)
	at org.apache.ratis.thirdparty.io.netty.channel.socket.nio.NioSocketChannel.doFinishConnect(NioSocketChannel.java:327)
	at org.apache.ratis.thirdparty.io.netty.channel.nio.AbstractNioChannel$AbstractNioUnsafe.finishConnect(AbstractNioChannel.java:340)
	at org.apache.ratis.thirdparty.io.netty.channel.nio.NioEventLoop.processSelectedKey(NioEventLoop.java:632)
	at org.apache.ratis.thirdparty.io.netty.channel.nio.NioEventLoop.processSelectedKeysOptimized(NioEventLoop.java:579)
	at org.apache.ratis.thirdparty.io.netty.channel.nio.NioEventLoop.processSelectedKeys(NioEventLoop.java:496)
	at org.apache.ratis.thirdparty.io.netty.channel.nio.NioEventLoop.run(NioEventLoop.java:458)
	at org.apache.ratis.thirdparty.io.netty.util.concurrent.SingleThreadEventExecutor$5.run(SingleThreadEventExecutor.java:897)
	at org.apache.ratis.thirdparty.io.netty.util.concurrent.FastThreadLocalRunnable.run(FastThreadLocalRunnable.java:30)
	... 1 more
Caused by: java.net.ConnectException: Connection refused
	... 11 more
2019-10-01 18:09:16,490 [8fb55cee-2385-4435-9cab-3397106c25f8@group-815DC923044E-LeaderElection70] INFO  impl.RoleInfo (RoleInfo.java:shutdownLeaderElection(134)) - 8fb55cee-2385-4435-9cab-3397106c25f8: shutdown LeaderElection
2019-10-01 18:09:16,495 [8fb55cee-2385-4435-9cab-3397106c25f8@group-815DC923044E-LeaderElection70] INFO  impl.RoleInfo (RoleInfo.java:updateAndGet(143)) - 8fb55cee-2385-4435-9cab-3397106c25f8: start FollowerState
2019-10-01 18:09:16,496 [afdd3fe1-73d7-47a9-80c4-ac0b0cf2283a@group-815DC923044E-LeaderElection71] INFO  impl.LeaderElection (LeaderElection.java:logAndReturn(56)) - afdd3fe1-73d7-47a9-80c4-ac0b0cf2283a@group-815DC923044E-LeaderElection71: Election REJECTED; received 1 response(s) [afdd3fe1-73d7-47a9-80c4-ac0b0cf2283a<-8fb55cee-2385-4435-9cab-3397106c25f8#0:FAIL-t2] and 1 exception(s); afdd3fe1-73d7-47a9-80c4-ac0b0cf2283a@group-815DC923044E:t2, leader=null, voted=afdd3fe1-73d7-47a9-80c4-ac0b0cf2283a, raftlog=afdd3fe1-73d7-47a9-80c4-ac0b0cf2283a@group-815DC923044E-SegmentedRaftLog:OPENED:c4,f4,i4, conf=0: [820de064-3dc6-45b0-ab1f-7b0ae95712fc:192.168.164.205:34221, 8fb55cee-2385-4435-9cab-3397106c25f8:192.168.164.205:41941, afdd3fe1-73d7-47a9-80c4-ac0b0cf2283a:192.168.164.205:43376], old=null
2019-10-01 18:09:16,496 [afdd3fe1-73d7-47a9-80c4-ac0b0cf2283a@group-815DC923044E-LeaderElection71] INFO  impl.LeaderElection (LogUtils.java:infoOrTrace(149)) -   Exception 0: {}
java.util.concurrent.ExecutionException: org.apache.ratis.thirdparty.io.grpc.StatusRuntimeException: UNAVAILABLE: io exception
	at java.util.concurrent.FutureTask.report(FutureTask.java:122)
	at java.util.concurrent.FutureTask.get(FutureTask.java:192)
	at org.apache.ratis.server.impl.LeaderElection.waitForResults(LeaderElection.java:259)
	at org.apache.ratis.server.impl.LeaderElection.askForVotes(LeaderElection.java:197)
	at org.apache.ratis.server.impl.LeaderElection.run(LeaderElection.java:133)
	at java.lang.Thread.run(Thread.java:748)
Caused by: org.apache.ratis.thirdparty.io.grpc.StatusRuntimeException: UNAVAILABLE: io exception
	at org.apache.ratis.thirdparty.io.grpc.stub.ClientCalls.toStatusRuntimeException(ClientCalls.java:233)
	at org.apache.ratis.thirdparty.io.grpc.stub.ClientCalls.getUnchecked(ClientCalls.java:214)
	at org.apache.ratis.thirdparty.io.grpc.stub.ClientCalls.blockingUnaryCall(ClientCalls.java:139)
	at org.apache.ratis.proto.grpc.RaftServerProtocolServiceGrpc$RaftServerProtocolServiceBlockingStub.requestVote(RaftServerProtocolServiceGrpc.java:265)
	at org.apache.ratis.grpc.server.GrpcServerProtocolClient.requestVote(GrpcServerProtocolClient.java:99)
	at org.apache.ratis.grpc.server.GrpcService.requestVote(GrpcService.java:204)
	at org.apache.ratis.server.impl.LeaderElection.lambda$submitRequests$1(LeaderElection.java:234)
	at java.util.concurrent.FutureTask.run(FutureTask.java:266)
	at java.util.concurrent.Executors$RunnableAdapter.call(Executors.java:511)
	at java.util.concurrent.FutureTask.run(FutureTask.java:266)
	at java.util.concurrent.ThreadPoolExecutor.runWorker(ThreadPoolExecutor.java:1149)
	at java.util.concurrent.ThreadPoolExecutor$Worker.run(ThreadPoolExecutor.java:624)
	... 1 more
Caused by: org.apache.ratis.thirdparty.io.netty.channel.AbstractChannel$AnnotatedConnectException: Connection refused: /192.168.164.205:34221
	at sun.nio.ch.SocketChannelImpl.checkConnect(Native Method)
	at sun.nio.ch.SocketChannelImpl.finishConnect(SocketChannelImpl.java:717)
	at org.apache.ratis.thirdparty.io.netty.channel.socket.nio.NioSocketChannel.doFinishConnect(NioSocketChannel.java:327)
	at org.apache.ratis.thirdparty.io.netty.channel.nio.AbstractNioChannel$AbstractNioUnsafe.finishConnect(AbstractNioChannel.java:340)
	at org.apache.ratis.thirdparty.io.netty.channel.nio.NioEventLoop.processSelectedKey(NioEventLoop.java:632)
	at org.apache.ratis.thirdparty.io.netty.channel.nio.NioEventLoop.processSelectedKeysOptimized(NioEventLoop.java:579)
	at org.apache.ratis.thirdparty.io.netty.channel.nio.NioEventLoop.processSelectedKeys(NioEventLoop.java:496)
	at org.apache.ratis.thirdparty.io.netty.channel.nio.NioEventLoop.run(NioEventLoop.java:458)
	at org.apache.ratis.thirdparty.io.netty.util.concurrent.SingleThreadEventExecutor$5.run(SingleThreadEventExecutor.java:897)
	at org.apache.ratis.thirdparty.io.netty.util.concurrent.FastThreadLocalRunnable.run(FastThreadLocalRunnable.java:30)
	... 1 more
Caused by: java.net.ConnectException: Connection refused
	... 11 more
2019-10-01 18:09:16,497 [afdd3fe1-73d7-47a9-80c4-ac0b0cf2283a@group-815DC923044E-LeaderElection71] INFO  impl.RaftServerImpl (RaftServerImpl.java:setRole(170)) - afdd3fe1-73d7-47a9-80c4-ac0b0cf2283a@group-815DC923044E: changes role from CANDIDATE to FOLLOWER at term 2 for DISCOVERED_A_NEW_TERM
2019-10-01 18:09:16,497 [afdd3fe1-73d7-47a9-80c4-ac0b0cf2283a@group-815DC923044E-LeaderElection71] INFO  impl.RoleInfo (RoleInfo.java:shutdownLeaderElection(134)) - afdd3fe1-73d7-47a9-80c4-ac0b0cf2283a: shutdown LeaderElection
2019-10-01 18:09:16,497 [afdd3fe1-73d7-47a9-80c4-ac0b0cf2283a@group-815DC923044E-LeaderElection71] INFO  impl.RoleInfo (RoleInfo.java:updateAndGet(143)) - afdd3fe1-73d7-47a9-80c4-ac0b0cf2283a: start FollowerState
2019-10-01 18:09:18,314 [EventQueue-StaleNodeForStaleNodeHandler] INFO  node.StaleNodeHandler (StaleNodeHandler.java:onMessage(58)) - Datanode 78bf55a6-6154-477c-8620-5698e7baa951{ip: 192.168.164.205, host: pr-hdds-2201-hlsf2-3428063209, networkLocation: /default-rack, certSerialId: null} moved to stale state. Finalizing its pipelines [PipelineID=5d92d711-b120-4a3d-9dbe-985eebcd57f4, PipelineID=7cdf4c0b-23b8-4d3b-8b93-72ef59600e36]
2019-10-01 18:09:18,316 [EventQueue-StaleNodeForStaleNodeHandler] INFO  pipeline.SCMPipelineManager (SCMPipelineManager.java:finalizeAndDestroyPipeline(315)) - destroying pipeline:Pipeline[ Id: 5d92d711-b120-4a3d-9dbe-985eebcd57f4, Nodes: 78bf55a6-6154-477c-8620-5698e7baa951{ip: 192.168.164.205, host: pr-hdds-2201-hlsf2-3428063209, networkLocation: /default-rack, certSerialId: null}, Type:RATIS, Factor:ONE, State:OPEN]
2019-10-01 18:09:18,316 [EventQueue-StaleNodeForStaleNodeHandler] INFO  pipeline.PipelineStateManager (PipelineStateManager.java:finalizePipeline(123)) - Pipeline Pipeline[ Id: 5d92d711-b120-4a3d-9dbe-985eebcd57f4, Nodes: 78bf55a6-6154-477c-8620-5698e7baa951{ip: 192.168.164.205, host: pr-hdds-2201-hlsf2-3428063209, networkLocation: /default-rack, certSerialId: null}, Type:RATIS, Factor:ONE, State:CLOSED] moved to CLOSED state
2019-10-01 18:09:18,317 [EventQueue-StaleNodeForStaleNodeHandler] INFO  pipeline.SCMPipelineManager (SCMPipelineManager.java:finalizeAndDestroyPipeline(315)) - destroying pipeline:Pipeline[ Id: 7cdf4c0b-23b8-4d3b-8b93-72ef59600e36, Nodes: 87aeb2bc-28a9-4d25-9225-03921817cb4f{ip: 192.168.164.205, host: pr-hdds-2201-hlsf2-3428063209, networkLocation: /default-rack, certSerialId: null}78bf55a6-6154-477c-8620-5698e7baa951{ip: 192.168.164.205, host: pr-hdds-2201-hlsf2-3428063209, networkLocation: /default-rack, certSerialId: null}84448537-1f99-4d0e-a5f1-ad44b6f4f04b{ip: 192.168.164.205, host: pr-hdds-2201-hlsf2-3428063209, networkLocation: /default-rack, certSerialId: null}, Type:RATIS, Factor:THREE, State:CLOSED]
2019-10-01 18:09:18,702 [grpc-default-executor-1] WARN  server.GrpcLogAppender (LogUtils.java:warn(134)) - 78bf55a6-6154-477c-8620-5698e7baa951@group-72EF59600E36->84448537-1f99-4d0e-a5f1-ad44b6f4f04b-AppendLogResponseHandler: Failed appendEntries: org.apache.ratis.thirdparty.io.grpc.StatusRuntimeException: UNAVAILABLE: io exception
2019-10-01 18:09:18,703 [grpc-default-executor-5] WARN  server.GrpcLogAppender (LogUtils.java:warn(134)) - 78bf55a6-6154-477c-8620-5698e7baa951@group-72EF59600E36->87aeb2bc-28a9-4d25-9225-03921817cb4f-AppendLogResponseHandler: Failed appendEntries: org.apache.ratis.thirdparty.io.grpc.StatusRuntimeException: UNAVAILABLE: io exception
2019-10-01 18:09:18,705 [grpc-default-executor-1] INFO  impl.FollowerInfo (FollowerInfo.java:lambda$new$0(51)) - 78bf55a6-6154-477c-8620-5698e7baa951@group-72EF59600E36->84448537-1f99-4d0e-a5f1-ad44b6f4f04b: nextIndex: updateUnconditionally 13 -> 12
2019-10-01 18:09:18,705 [grpc-default-executor-5] INFO  impl.FollowerInfo (FollowerInfo.java:lambda$new$0(51)) - 78bf55a6-6154-477c-8620-5698e7baa951@group-72EF59600E36->87aeb2bc-28a9-4d25-9225-03921817cb4f: nextIndex: updateUnconditionally 17 -> 16
2019-10-01 18:09:18,714 [EventQueue-StaleNodeForStaleNodeHandler] INFO  node.StaleNodeHandler (StaleNodeHandler.java:onMessage(58)) - Datanode 8fb55cee-2385-4435-9cab-3397106c25f8{ip: 192.168.164.205, host: pr-hdds-2201-hlsf2-3428063209, networkLocation: /default-rack, certSerialId: null} moved to stale state. Finalizing its pipelines [PipelineID=aa46d679-78ba-421d-b0ac-815dc923044e, PipelineID=89de8827-941c-48a5-b03b-858ab850688d]
2019-10-01 18:09:18,715 [EventQueue-StaleNodeForStaleNodeHandler] INFO  pipeline.SCMPipelineManager (SCMPipelineManager.java:finalizeAndDestroyPipeline(315)) - destroying pipeline:Pipeline[ Id: aa46d679-78ba-421d-b0ac-815dc923044e, Nodes: 820de064-3dc6-45b0-ab1f-7b0ae95712fc{ip: 192.168.164.205, host: pr-hdds-2201-hlsf2-3428063209, networkLocation: /default-rack, certSerialId: null}8fb55cee-2385-4435-9cab-3397106c25f8{ip: 192.168.164.205, host: pr-hdds-2201-hlsf2-3428063209, networkLocation: /default-rack, certSerialId: null}afdd3fe1-73d7-47a9-80c4-ac0b0cf2283a{ip: 192.168.164.205, host: pr-hdds-2201-hlsf2-3428063209, networkLocation: /default-rack, certSerialId: null}, Type:RATIS, Factor:THREE, State:CLOSED]
2019-10-01 18:09:18,715 [EventQueue-StaleNodeForStaleNodeHandler] INFO  pipeline.SCMPipelineManager (SCMPipelineManager.java:finalizeAndDestroyPipeline(315)) - destroying pipeline:Pipeline[ Id: 89de8827-941c-48a5-b03b-858ab850688d, Nodes: 8fb55cee-2385-4435-9cab-3397106c25f8{ip: 192.168.164.205, host: pr-hdds-2201-hlsf2-3428063209, networkLocation: /default-rack, certSerialId: null}, Type:RATIS, Factor:ONE, State:OPEN]
2019-10-01 18:09:18,715 [EventQueue-StaleNodeForStaleNodeHandler] INFO  pipeline.PipelineStateManager (PipelineStateManager.java:finalizePipeline(123)) - Pipeline Pipeline[ Id: 89de8827-941c-48a5-b03b-858ab850688d, Nodes: 8fb55cee-2385-4435-9cab-3397106c25f8{ip: 192.168.164.205, host: pr-hdds-2201-hlsf2-3428063209, networkLocation: /default-rack, certSerialId: null}, Type:RATIS, Factor:ONE, State:CLOSED] moved to CLOSED state
2019-10-01 18:09:18,965 [main] INFO  ozoneimpl.OzoneContainer (OzoneContainer.java:stop(231)) - Attempting to stop container services.
2019-10-01 18:09:18,970 [main] INFO  impl.RaftServerProxy (RaftServerProxy.java:lambda$close$4(314)) - 8fb55cee-2385-4435-9cab-3397106c25f8: close
2019-10-01 18:09:18,970 [main] INFO  impl.RaftServerImpl (RaftServerImpl.java:lambda$shutdown$3(247)) - 8fb55cee-2385-4435-9cab-3397106c25f8@group-815DC923044E: shutdown
2019-10-01 18:09:18,971 [main] INFO  util.JmxRegister (JmxRegister.java:unregister(73)) - Successfully un-registered JMX Bean with object name Ratis:service=RaftServer,group=group-815DC923044E,id=8fb55cee-2385-4435-9cab-3397106c25f8
2019-10-01 18:09:18,971 [main] INFO  impl.RoleInfo (RoleInfo.java:shutdownFollowerState(121)) - 8fb55cee-2385-4435-9cab-3397106c25f8: shutdown FollowerState
2019-10-01 18:09:18,971 [main] INFO  impl.StateMachineUpdater (StateMachineUpdater.java:stopAndJoin(136)) - 8fb55cee-2385-4435-9cab-3397106c25f8@group-815DC923044E-StateMachineUpdater: set stopIndex = 4
2019-10-01 18:09:18,972 [8fb55cee-2385-4435-9cab-3397106c25f8@group-815DC923044E-StateMachineUpdater] INFO  ratis.ContainerStateMachine (ContainerStateMachine.java:takeSnapshot(289)) - group-815DC923044E: Taking a snapshot at:(t:1, i:3) file /workdir/hadoop-ozone/integration-test/target/test-dir/MiniOzoneClusterImpl-2ef0d120-1a14-4960-b5d7-28cf9da586f6/datanode-6/data/ratis/aa46d679-78ba-421d-b0ac-815dc923044e/sm/snapshot.1_3
2019-10-01 18:09:18,972 [Thread-3257] INFO  impl.FollowerState (FollowerState.java:run(117)) - 8fb55cee-2385-4435-9cab-3397106c25f8@group-815DC923044E-FollowerState was interrupted: java.lang.InterruptedException: sleep interrupted
2019-10-01 18:09:18,986 [8fb55cee-2385-4435-9cab-3397106c25f8@group-815DC923044E-StateMachineUpdater] INFO  ratis.ContainerStateMachine (ContainerStateMachine.java:takeSnapshot(300)) - group-815DC923044E: Finished taking a snapshot at:(t:1, i:3) file:/workdir/hadoop-ozone/integration-test/target/test-dir/MiniOzoneClusterImpl-2ef0d120-1a14-4960-b5d7-28cf9da586f6/datanode-6/data/ratis/aa46d679-78ba-421d-b0ac-815dc923044e/sm/snapshot.1_3 time:14
2019-10-01 18:09:18,986 [8fb55cee-2385-4435-9cab-3397106c25f8@group-815DC923044E-StateMachineUpdater] INFO  impl.StateMachineUpdater (StateMachineUpdater.java:takeSnapshot(269)) - 8fb55cee-2385-4435-9cab-3397106c25f8@group-815DC923044E-StateMachineUpdater: Took a snapshot at index 3
2019-10-01 18:09:18,986 [8fb55cee-2385-4435-9cab-3397106c25f8@group-815DC923044E-StateMachineUpdater] INFO  impl.StateMachineUpdater (StateMachineUpdater.java:lambda$new$0(84)) - 8fb55cee-2385-4435-9cab-3397106c25f8@group-815DC923044E-StateMachineUpdater: snapshotIndex: updateIncreasingly -1 -> 3
2019-10-01 18:09:18,986 [8fb55cee-2385-4435-9cab-3397106c25f8@group-815DC923044E-StateMachineUpdater] INFO  ratis.ContainerStateMachine (ContainerStateMachine.java:takeSnapshot(289)) - group-815DC923044E: Taking a snapshot at:(t:1, i:3) file /workdir/hadoop-ozone/integration-test/target/test-dir/MiniOzoneClusterImpl-2ef0d120-1a14-4960-b5d7-28cf9da586f6/datanode-6/data/ratis/aa46d679-78ba-421d-b0ac-815dc923044e/sm/snapshot.1_3
2019-10-01 18:09:18,998 [8fb55cee-2385-4435-9cab-3397106c25f8@group-815DC923044E-StateMachineUpdater] INFO  ratis.ContainerStateMachine (ContainerStateMachine.java:takeSnapshot(300)) - group-815DC923044E: Finished taking a snapshot at:(t:1, i:3) file:/workdir/hadoop-ozone/integration-test/target/test-dir/MiniOzoneClusterImpl-2ef0d120-1a14-4960-b5d7-28cf9da586f6/datanode-6/data/ratis/aa46d679-78ba-421d-b0ac-815dc923044e/sm/snapshot.1_3 time:12
2019-10-01 18:09:18,999 [8fb55cee-2385-4435-9cab-3397106c25f8@group-815DC923044E-StateMachineUpdater] INFO  impl.StateMachineUpdater (StateMachineUpdater.java:takeSnapshot(269)) - 8fb55cee-2385-4435-9cab-3397106c25f8@group-815DC923044E-StateMachineUpdater: Took a snapshot at index 3
2019-10-01 18:09:18,999 [8fb55cee-2385-4435-9cab-3397106c25f8@group-815DC923044E-StateMachineUpdater] INFO  impl.StateMachineUpdater (StateMachineUpdater.java:lambda$new$0(84)) - 8fb55cee-2385-4435-9cab-3397106c25f8@group-815DC923044E-StateMachineUpdater: snapshotIndex: updateIncreasingly 3 -> 3
2019-10-01 18:09:18,999 [main] INFO  impl.RaftServerImpl (ServerState.java:close(387)) - 8fb55cee-2385-4435-9cab-3397106c25f8@group-815DC923044E: closes. applyIndex: 4
2019-10-01 18:09:19,000 [8fb55cee-2385-4435-9cab-3397106c25f8@group-815DC923044E-SegmentedRaftLogWorker] INFO  segmented.SegmentedRaftLogWorker (SegmentedRaftLogWorker.java:run(316)) - 8fb55cee-2385-4435-9cab-3397106c25f8@group-815DC923044E-SegmentedRaftLogWorker was interrupted, exiting. There are 0 tasks remaining in the queue.
2019-10-01 18:09:19,001 [main] INFO  segmented.SegmentedRaftLogWorker (SegmentedRaftLogWorker.java:close(224)) - 8fb55cee-2385-4435-9cab-3397106c25f8@group-815DC923044E-SegmentedRaftLogWorker close()
2019-10-01 18:09:19,004 [main] INFO  impl.RaftServerImpl (RaftServerImpl.java:lambda$shutdown$3(247)) - 8fb55cee-2385-4435-9cab-3397106c25f8@group-858AB850688D: shutdown
2019-10-01 18:09:19,004 [main] INFO  util.JmxRegister (JmxRegister.java:unregister(73)) - Successfully un-registered JMX Bean with object name Ratis:service=RaftServer,group=group-858AB850688D,id=8fb55cee-2385-4435-9cab-3397106c25f8
2019-10-01 18:09:19,004 [main] INFO  impl.RoleInfo (RoleInfo.java:shutdownLeaderState(104)) - 8fb55cee-2385-4435-9cab-3397106c25f8: shutdown LeaderState
2019-10-01 18:09:19,005 [main] INFO  impl.PendingRequests (PendingRequests.java:sendNotLeaderResponses(202)) - 8fb55cee-2385-4435-9cab-3397106c25f8@group-858AB850688D-PendingRequests: sendNotLeaderResponses
2019-10-01 18:09:19,005 [main] INFO  impl.StateMachineUpdater (StateMachineUpdater.java:stopAndJoin(136)) - 8fb55cee-2385-4435-9cab-3397106c25f8@group-858AB850688D-StateMachineUpdater: set stopIndex = 0
2019-10-01 18:09:19,006 [main] INFO  impl.RaftServerImpl (ServerState.java:close(387)) - 8fb55cee-2385-4435-9cab-3397106c25f8@group-858AB850688D: closes. applyIndex: 0
2019-10-01 18:09:19,006 [8fb55cee-2385-4435-9cab-3397106c25f8@group-858AB850688D-SegmentedRaftLogWorker] INFO  segmented.SegmentedRaftLogWorker (SegmentedRaftLogWorker.java:run(316)) - 8fb55cee-2385-4435-9cab-3397106c25f8@group-858AB850688D-SegmentedRaftLogWorker was interrupted, exiting. There are 0 tasks remaining in the queue.
2019-10-01 18:09:19,007 [main] INFO  segmented.SegmentedRaftLogWorker (SegmentedRaftLogWorker.java:close(224)) - 8fb55cee-2385-4435-9cab-3397106c25f8@group-858AB850688D-SegmentedRaftLogWorker close()
2019-10-01 18:09:19,010 [main] INFO  server.GrpcService (GrpcService.java:closeImpl(164)) - 8fb55cee-2385-4435-9cab-3397106c25f8: shutdown server with port 41941 now
2019-10-01 18:09:19,011 [main] INFO  server.GrpcService (GrpcService.java:closeImpl(172)) - 8fb55cee-2385-4435-9cab-3397106c25f8: shutdown server with port 41941 successfully
2019-10-01 18:09:19,013 [refreshUsed-/workdir/hadoop-ozone/integration-test/target/test-dir/MiniOzoneClusterImpl-2ef0d120-1a14-4960-b5d7-28cf9da586f6/datanode-6/data/containers] WARN  fs.CachingGetSpaceUsed (CachingGetSpaceUsed.java:run(183)) - Thread Interrupted waiting to refresh disk information: sleep interrupted
2019-10-01 18:09:19,021 [ForkJoinPool.commonPool-worker-0] INFO  ozoneimpl.OzoneContainer (OzoneContainer.java:stop(231)) - Attempting to stop container services.
2019-10-01 18:09:19,022 [ForkJoinPool.commonPool-worker-0] INFO  impl.RaftServerProxy (RaftServerProxy.java:lambda$close$4(314)) - 78bf55a6-6154-477c-8620-5698e7baa951: close
2019-10-01 18:09:19,022 [ForkJoinPool.commonPool-worker-0] INFO  impl.RaftServerImpl (RaftServerImpl.java:lambda$shutdown$3(247)) - 78bf55a6-6154-477c-8620-5698e7baa951@group-985EEBCD57F4: shutdown
2019-10-01 18:09:19,022 [ForkJoinPool.commonPool-worker-0] INFO  util.JmxRegister (JmxRegister.java:unregister(73)) - Successfully un-registered JMX Bean with object name Ratis:service=RaftServer,group=group-985EEBCD57F4,id=78bf55a6-6154-477c-8620-5698e7baa951
2019-10-01 18:09:19,022 [ForkJoinPool.commonPool-worker-0] INFO  impl.RoleInfo (RoleInfo.java:shutdownLeaderState(104)) - 78bf55a6-6154-477c-8620-5698e7baa951: shutdown LeaderState
2019-10-01 18:09:19,023 [ForkJoinPool.commonPool-worker-0] INFO  impl.PendingRequests (PendingRequests.java:sendNotLeaderResponses(202)) - 78bf55a6-6154-477c-8620-5698e7baa951@group-985EEBCD57F4-PendingRequests: sendNotLeaderResponses
2019-10-01 18:09:19,023 [ForkJoinPool.commonPool-worker-0] INFO  impl.StateMachineUpdater (StateMachineUpdater.java:stopAndJoin(136)) - 78bf55a6-6154-477c-8620-5698e7baa951@group-985EEBCD57F4-StateMachineUpdater: set stopIndex = 0
2019-10-01 18:09:19,024 [ForkJoinPool.commonPool-worker-0] INFO  impl.RaftServerImpl (ServerState.java:close(387)) - 78bf55a6-6154-477c-8620-5698e7baa951@group-985EEBCD57F4: closes. applyIndex: 0
2019-10-01 18:09:19,024 [78bf55a6-6154-477c-8620-5698e7baa951@group-985EEBCD57F4-SegmentedRaftLogWorker] INFO  segmented.SegmentedRaftLogWorker (SegmentedRaftLogWorker.java:run(316)) - 78bf55a6-6154-477c-8620-5698e7baa951@group-985EEBCD57F4-SegmentedRaftLogWorker was interrupted, exiting. There are 0 tasks remaining in the queue.
2019-10-01 18:09:19,026 [ForkJoinPool.commonPool-worker-0] INFO  segmented.SegmentedRaftLogWorker (SegmentedRaftLogWorker.java:close(224)) - 78bf55a6-6154-477c-8620-5698e7baa951@group-985EEBCD57F4-SegmentedRaftLogWorker close()
2019-10-01 18:09:19,035 [ForkJoinPool.commonPool-worker-0] INFO  impl.RaftServerImpl (RaftServerImpl.java:lambda$shutdown$3(247)) - 78bf55a6-6154-477c-8620-5698e7baa951@group-72EF59600E36: shutdown
2019-10-01 18:09:19,036 [ForkJoinPool.commonPool-worker-0] INFO  util.JmxRegister (JmxRegister.java:unregister(73)) - Successfully un-registered JMX Bean with object name Ratis:service=RaftServer,group=group-72EF59600E36,id=78bf55a6-6154-477c-8620-5698e7baa951
2019-10-01 18:09:19,036 [ForkJoinPool.commonPool-worker-0] INFO  impl.RoleInfo (RoleInfo.java:shutdownLeaderState(104)) - 78bf55a6-6154-477c-8620-5698e7baa951: shutdown LeaderState
2019-10-01 18:09:19,038 [ForkJoinPool.commonPool-worker-0] INFO  impl.PendingRequests (PendingRequests.java:sendNotLeaderResponses(202)) - 78bf55a6-6154-477c-8620-5698e7baa951@group-72EF59600E36-PendingRequests: sendNotLeaderResponses
2019-10-01 18:09:19,038 [org.apache.ratis.server.impl.LogAppender$AppenderDaemon$$Lambda$523/570147159@1285abf2] WARN  server.GrpcLogAppender (GrpcLogAppender.java:mayWait(143)) - 78bf55a6-6154-477c-8620-5698e7baa951@group-72EF59600E36->87aeb2bc-28a9-4d25-9225-03921817cb4f-GrpcLogAppender: Wait interrupted by java.lang.InterruptedException
2019-10-01 18:09:19,038 [org.apache.ratis.server.impl.LogAppender$AppenderDaemon$$Lambda$523/570147159@35fd8250] WARN  server.GrpcLogAppender (GrpcLogAppender.java:mayWait(143)) - 78bf55a6-6154-477c-8620-5698e7baa951@group-72EF59600E36->84448537-1f99-4d0e-a5f1-ad44b6f4f04b-GrpcLogAppender: Wait interrupted by java.lang.InterruptedException
2019-10-01 18:09:19,045 [ForkJoinPool.commonPool-worker-0] INFO  impl.StateMachineUpdater (StateMachineUpdater.java:stopAndJoin(136)) - 78bf55a6-6154-477c-8620-5698e7baa951@group-72EF59600E36-StateMachineUpdater: set stopIndex = 18
2019-10-01 18:09:19,045 [78bf55a6-6154-477c-8620-5698e7baa951@group-72EF59600E36-StateMachineUpdater] INFO  ratis.ContainerStateMachine (ContainerStateMachine.java:takeSnapshot(289)) - group-72EF59600E36: Taking a snapshot at:(t:2, i:18) file /workdir/hadoop-ozone/integration-test/target/test-dir/MiniOzoneClusterImpl-2ef0d120-1a14-4960-b5d7-28cf9da586f6/datanode-0/data/ratis/7cdf4c0b-23b8-4d3b-8b93-72ef59600e36/sm/snapshot.2_18
2019-10-01 18:09:19,049 [main] INFO  utils.BackgroundService (BackgroundService.java:shutdown(148)) - Shutting down service BlockDeletingService
2019-10-01 18:09:19,053 [main] INFO  statemachine.DatanodeStateMachine (DatanodeStateMachine.java:stopDaemon(395)) - Ozone container server stopped.
2019-10-01 18:09:19,054 [main] INFO  handler.ContextHandler (ContextHandler.java:doStop(910)) - Stopped o.e.j.w.WebAppContext@31881aa2{/,null,UNAVAILABLE}{/hddsDatanode}
2019-10-01 18:09:19,057 [main] INFO  server.AbstractConnector (AbstractConnector.java:doStop(318)) - Stopped ServerConnector@1b46392c{HTTP/1.1,[http/1.1]}{0.0.0.0:0}
2019-10-01 18:09:19,057 [main] INFO  handler.ContextHandler (ContextHandler.java:doStop(910)) - Stopped o.e.j.s.ServletContextHandler@51b87df7{/static,jar:file:/home/user/.m2/repository/org/apache/hadoop/hadoop-hdds-container-service/0.5.0-SNAPSHOT/hadoop-hdds-container-service-0.5.0-SNAPSHOT.jar!/webapps/static,UNAVAILABLE}
2019-10-01 18:09:19,058 [main] INFO  handler.ContextHandler (ContextHandler.java:doStop(910)) - Stopped o.e.j.s.ServletContextHandler@615439f7{/logs,file:///workdir/hadoop-ozone/integration-test/target/log,UNAVAILABLE}
2019-10-01 18:09:19,059 [78bf55a6-6154-477c-8620-5698e7baa951@group-72EF59600E36-StateMachineUpdater] INFO  ratis.ContainerStateMachine (ContainerStateMachine.java:takeSnapshot(300)) - group-72EF59600E36: Finished taking a snapshot at:(t:2, i:18) file:/workdir/hadoop-ozone/integration-test/target/test-dir/MiniOzoneClusterImpl-2ef0d120-1a14-4960-b5d7-28cf9da586f6/datanode-0/data/ratis/7cdf4c0b-23b8-4d3b-8b93-72ef59600e36/sm/snapshot.2_18 time:14
2019-10-01 18:09:19,059 [78bf55a6-6154-477c-8620-5698e7baa951@group-72EF59600E36-StateMachineUpdater] INFO  impl.StateMachineUpdater (StateMachineUpdater.java:takeSnapshot(269)) - 78bf55a6-6154-477c-8620-5698e7baa951@group-72EF59600E36-StateMachineUpdater: Took a snapshot at index 18
2019-10-01 18:09:19,059 [78bf55a6-6154-477c-8620-5698e7baa951@group-72EF59600E36-StateMachineUpdater] INFO  impl.StateMachineUpdater (StateMachineUpdater.java:lambda$new$0(84)) - 78bf55a6-6154-477c-8620-5698e7baa951@group-72EF59600E36-StateMachineUpdater: snapshotIndex: updateIncreasingly -1 -> 18
2019-10-01 18:09:19,059 [ForkJoinPool.commonPool-worker-0] INFO  impl.RaftServerImpl (ServerState.java:close(387)) - 78bf55a6-6154-477c-8620-5698e7baa951@group-72EF59600E36: closes. applyIndex: 18
2019-10-01 18:09:19,060 [78bf55a6-6154-477c-8620-5698e7baa951@group-72EF59600E36-SegmentedRaftLogWorker] INFO  segmented.SegmentedRaftLogWorker (SegmentedRaftLogWorker.java:run(316)) - 78bf55a6-6154-477c-8620-5698e7baa951@group-72EF59600E36-SegmentedRaftLogWorker was interrupted, exiting. There are 0 tasks remaining in the queue.
2019-10-01 18:09:19,060 [ForkJoinPool.commonPool-worker-0] INFO  segmented.SegmentedRaftLogWorker (SegmentedRaftLogWorker.java:close(224)) - 78bf55a6-6154-477c-8620-5698e7baa951@group-72EF59600E36-SegmentedRaftLogWorker close()
2019-10-01 18:09:19,062 [ForkJoinPool.commonPool-worker-0] INFO  server.GrpcService (GrpcService.java:closeImpl(164)) - 78bf55a6-6154-477c-8620-5698e7baa951: shutdown server with port 40847 now
2019-10-01 18:09:19,062 [grpc-default-executor-1] WARN  client.GrpcClientProtocolService (LogUtils.java:warn(134)) - 4-UnorderedRequestStreamObserver4: onError: org.apache.ratis.thirdparty.io.grpc.StatusRuntimeException: CANCELLED: cancelled before receiving half close
2019-10-01 18:09:19,063 [ForkJoinPool.commonPool-worker-0] INFO  server.GrpcService (GrpcService.java:closeImpl(172)) - 78bf55a6-6154-477c-8620-5698e7baa951: shutdown server with port 40847 successfully
2019-10-01 18:09:19,065 [refreshUsed-/workdir/hadoop-ozone/integration-test/target/test-dir/MiniOzoneClusterImpl-2ef0d120-1a14-4960-b5d7-28cf9da586f6/datanode-0/data/containers] WARN  fs.CachingGetSpaceUsed (CachingGetSpaceUsed.java:run(183)) - Thread Interrupted waiting to refresh disk information: sleep interrupted
2019-10-01 18:09:19,076 [ForkJoinPool.commonPool-worker-0] INFO  utils.BackgroundService (BackgroundService.java:shutdown(148)) - Shutting down service BlockDeletingService
2019-10-01 18:09:19,079 [ForkJoinPool.commonPool-worker-0] INFO  statemachine.DatanodeStateMachine (DatanodeStateMachine.java:stopDaemon(395)) - Ozone container server stopped.
2019-10-01 18:09:19,083 [ForkJoinPool.commonPool-worker-0] INFO  handler.ContextHandler (ContextHandler.java:doStop(910)) - Stopped o.e.j.w.WebAppContext@55296b50{/,null,UNAVAILABLE}{/hddsDatanode}
2019-10-01 18:09:19,084 [ForkJoinPool.commonPool-worker-0] INFO  server.AbstractConnector (AbstractConnector.java:doStop(318)) - Stopped ServerConnector@60591e1b{HTTP/1.1,[http/1.1]}{0.0.0.0:0}
2019-10-01 18:09:19,085 [ForkJoinPool.commonPool-worker-0] INFO  handler.ContextHandler (ContextHandler.java:doStop(910)) - Stopped o.e.j.s.ServletContextHandler@234cd86c{/static,jar:file:/home/user/.m2/repository/org/apache/hadoop/hadoop-hdds-container-service/0.5.0-SNAPSHOT/hadoop-hdds-container-service-0.5.0-SNAPSHOT.jar!/webapps/static,UNAVAILABLE}
2019-10-01 18:09:19,086 [ForkJoinPool.commonPool-worker-0] INFO  handler.ContextHandler (ContextHandler.java:doStop(910)) - Stopped o.e.j.s.ServletContextHandler@743c3520{/logs,file:///workdir/hadoop-ozone/integration-test/target/log,UNAVAILABLE}
2019-10-01 18:09:19,652 [Datanode State Machine Thread - 0] INFO  statemachine.DatanodeStateMachine (DatanodeStateMachine.java:lambda$startDaemon$0(350)) - Ozone container server started.
2019-10-01 18:09:21,581 [Thread-3258] INFO  impl.FollowerState (FollowerState.java:run(108)) - afdd3fe1-73d7-47a9-80c4-ac0b0cf2283a@group-815DC923044E-FollowerState: change to CANDIDATE, lastRpcTime:5084ms, electionTimeout:5084ms
2019-10-01 18:09:21,583 [Thread-3258] INFO  impl.RoleInfo (RoleInfo.java:shutdownFollowerState(121)) - afdd3fe1-73d7-47a9-80c4-ac0b0cf2283a: shutdown FollowerState
2019-10-01 18:09:21,584 [Thread-3258] INFO  impl.RaftServerImpl (RaftServerImpl.java:setRole(170)) - afdd3fe1-73d7-47a9-80c4-ac0b0cf2283a@group-815DC923044E: changes role from  FOLLOWER to CANDIDATE at term 2 for changeToCandidate
2019-10-01 18:09:21,585 [Thread-3258] INFO  impl.RoleInfo (RoleInfo.java:updateAndGet(143)) - afdd3fe1-73d7-47a9-80c4-ac0b0cf2283a: start LeaderElection
2019-10-01 18:09:21,611 [afdd3fe1-73d7-47a9-80c4-ac0b0cf2283a@group-815DC923044E-LeaderElection72] INFO  impl.LeaderElection (LeaderElection.java:askForVotes(178)) - afdd3fe1-73d7-47a9-80c4-ac0b0cf2283a@group-815DC923044E-LeaderElection72: begin an election at term 3 for 0: [820de064-3dc6-45b0-ab1f-7b0ae95712fc:192.168.164.205:34221, 8fb55cee-2385-4435-9cab-3397106c25f8:192.168.164.205:41941, afdd3fe1-73d7-47a9-80c4-ac0b0cf2283a:192.168.164.205:43376], old=null
2019-10-01 18:09:21,613 [afdd3fe1-73d7-47a9-80c4-ac0b0cf2283a@group-815DC923044E-LeaderElection72] INFO  impl.LeaderElection (LogUtils.java:infoOrTrace(149)) - afdd3fe1-73d7-47a9-80c4-ac0b0cf2283a@group-815DC923044E-LeaderElection72 got exception when requesting votes: {}
java.util.concurrent.ExecutionException: org.apache.ratis.thirdparty.io.grpc.StatusRuntimeException: UNAVAILABLE: io exception
	at java.util.concurrent.FutureTask.report(FutureTask.java:122)
	at java.util.concurrent.FutureTask.get(FutureTask.java:192)
	at org.apache.ratis.server.impl.LeaderElection.waitForResults(LeaderElection.java:259)
	at org.apache.ratis.server.impl.LeaderElection.askForVotes(LeaderElection.java:197)
	at org.apache.ratis.server.impl.LeaderElection.run(LeaderElection.java:133)
	at java.lang.Thread.run(Thread.java:748)
Caused by: org.apache.ratis.thirdparty.io.grpc.StatusRuntimeException: UNAVAILABLE: io exception
	at org.apache.ratis.thirdparty.io.grpc.stub.ClientCalls.toStatusRuntimeException(ClientCalls.java:233)
	at org.apache.ratis.thirdparty.io.grpc.stub.ClientCalls.getUnchecked(ClientCalls.java:214)
	at org.apache.ratis.thirdparty.io.grpc.stub.ClientCalls.blockingUnaryCall(ClientCalls.java:139)
	at org.apache.ratis.proto.grpc.RaftServerProtocolServiceGrpc$RaftServerProtocolServiceBlockingStub.requestVote(RaftServerProtocolServiceGrpc.java:265)
	at org.apache.ratis.grpc.server.GrpcServerProtocolClient.requestVote(GrpcServerProtocolClient.java:99)
	at org.apache.ratis.grpc.server.GrpcService.requestVote(GrpcService.java:204)
	at org.apache.ratis.server.impl.LeaderElection.lambda$submitRequests$1(LeaderElection.java:234)
	at java.util.concurrent.FutureTask.run(FutureTask.java:266)
	at java.util.concurrent.Executors$RunnableAdapter.call(Executors.java:511)
	at java.util.concurrent.FutureTask.run(FutureTask.java:266)
	at java.util.concurrent.ThreadPoolExecutor.runWorker(ThreadPoolExecutor.java:1149)
	at java.util.concurrent.ThreadPoolExecutor$Worker.run(ThreadPoolExecutor.java:624)
	... 1 more
Caused by: org.apache.ratis.thirdparty.io.netty.channel.AbstractChannel$AnnotatedConnectException: Connection refused: /192.168.164.205:34221
	at sun.nio.ch.SocketChannelImpl.checkConnect(Native Method)
	at sun.nio.ch.SocketChannelImpl.finishConnect(SocketChannelImpl.java:717)
	at org.apache.ratis.thirdparty.io.netty.channel.socket.nio.NioSocketChannel.doFinishConnect(NioSocketChannel.java:327)
	at org.apache.ratis.thirdparty.io.netty.channel.nio.AbstractNioChannel$AbstractNioUnsafe.finishConnect(AbstractNioChannel.java:340)
	at org.apache.ratis.thirdparty.io.netty.channel.nio.NioEventLoop.processSelectedKey(NioEventLoop.java:632)
	at org.apache.ratis.thirdparty.io.netty.channel.nio.NioEventLoop.processSelectedKeysOptimized(NioEventLoop.java:579)
	at org.apache.ratis.thirdparty.io.netty.channel.nio.NioEventLoop.processSelectedKeys(NioEventLoop.java:496)
	at org.apache.ratis.thirdparty.io.netty.channel.nio.NioEventLoop.run(NioEventLoop.java:458)
	at org.apache.ratis.thirdparty.io.netty.util.concurrent.SingleThreadEventExecutor$5.run(SingleThreadEventExecutor.java:897)
	at org.apache.ratis.thirdparty.io.netty.util.concurrent.FastThreadLocalRunnable.run(FastThreadLocalRunnable.java:30)
	... 1 more
Caused by: java.net.ConnectException: Connection refused
	... 11 more
2019-10-01 18:09:21,616 [afdd3fe1-73d7-47a9-80c4-ac0b0cf2283a@group-815DC923044E-LeaderElection72] INFO  impl.LeaderElection (LogUtils.java:infoOrTrace(149)) - afdd3fe1-73d7-47a9-80c4-ac0b0cf2283a@group-815DC923044E-LeaderElection72 got exception when requesting votes: {}
java.util.concurrent.ExecutionException: org.apache.ratis.thirdparty.io.grpc.StatusRuntimeException: UNAVAILABLE: io exception
	at java.util.concurrent.FutureTask.report(FutureTask.java:122)
	at java.util.concurrent.FutureTask.get(FutureTask.java:192)
	at org.apache.ratis.server.impl.LeaderElection.waitForResults(LeaderElection.java:259)
	at org.apache.ratis.server.impl.LeaderElection.askForVotes(LeaderElection.java:197)
	at org.apache.ratis.server.impl.LeaderElection.run(LeaderElection.java:133)
	at java.lang.Thread.run(Thread.java:748)
Caused by: org.apache.ratis.thirdparty.io.grpc.StatusRuntimeException: UNAVAILABLE: io exception
	at org.apache.ratis.thirdparty.io.grpc.stub.ClientCalls.toStatusRuntimeException(ClientCalls.java:233)
	at org.apache.ratis.thirdparty.io.grpc.stub.ClientCalls.getUnchecked(ClientCalls.java:214)
	at org.apache.ratis.thirdparty.io.grpc.stub.ClientCalls.blockingUnaryCall(ClientCalls.java:139)
	at org.apache.ratis.proto.grpc.RaftServerProtocolServiceGrpc$RaftServerProtocolServiceBlockingStub.requestVote(RaftServerProtocolServiceGrpc.java:265)
	at org.apache.ratis.grpc.server.GrpcServerProtocolClient.requestVote(GrpcServerProtocolClient.java:99)
	at org.apache.ratis.grpc.server.GrpcService.requestVote(GrpcService.java:204)
	at org.apache.ratis.server.impl.LeaderElection.lambda$submitRequests$1(LeaderElection.java:234)
	at java.util.concurrent.FutureTask.run(FutureTask.java:266)
	at java.util.concurrent.Executors$RunnableAdapter.call(Executors.java:511)
	at java.util.concurrent.FutureTask.run(FutureTask.java:266)
	at java.util.concurrent.ThreadPoolExecutor.runWorker(ThreadPoolExecutor.java:1149)
	at java.util.concurrent.ThreadPoolExecutor$Worker.run(ThreadPoolExecutor.java:624)
	... 1 more
Caused by: org.apache.ratis.thirdparty.io.netty.channel.AbstractChannel$AnnotatedConnectException: Connection refused: /192.168.164.205:41941
	at sun.nio.ch.SocketChannelImpl.checkConnect(Native Method)
	at sun.nio.ch.SocketChannelImpl.finishConnect(SocketChannelImpl.java:717)
	at org.apache.ratis.thirdparty.io.netty.channel.socket.nio.NioSocketChannel.doFinishConnect(NioSocketChannel.java:327)
	at org.apache.ratis.thirdparty.io.netty.channel.nio.AbstractNioChannel$AbstractNioUnsafe.finishConnect(AbstractNioChannel.java:340)
	at org.apache.ratis.thirdparty.io.netty.channel.nio.NioEventLoop.processSelectedKey(NioEventLoop.java:632)
	at org.apache.ratis.thirdparty.io.netty.channel.nio.NioEventLoop.processSelectedKeysOptimized(NioEventLoop.java:579)
	at org.apache.ratis.thirdparty.io.netty.channel.nio.NioEventLoop.processSelectedKeys(NioEventLoop.java:496)
	at org.apache.ratis.thirdparty.io.netty.channel.nio.NioEventLoop.run(NioEventLoop.java:458)
	at org.apache.ratis.thirdparty.io.netty.util.concurrent.SingleThreadEventExecutor$5.run(SingleThreadEventExecutor.java:897)
	at org.apache.ratis.thirdparty.io.netty.util.concurrent.FastThreadLocalRunnable.run(FastThreadLocalRunnable.java:30)
	... 1 more
Caused by: java.net.ConnectException: Connection refused
	... 11 more
2019-10-01 18:09:21,626 [afdd3fe1-73d7-47a9-80c4-ac0b0cf2283a@group-815DC923044E-LeaderElection72] INFO  impl.LeaderElection (LeaderElection.java:logAndReturn(56)) - afdd3fe1-73d7-47a9-80c4-ac0b0cf2283a@group-815DC923044E-LeaderElection72: Election REJECTED; received 0 response(s) [] and 2 exception(s); afdd3fe1-73d7-47a9-80c4-ac0b0cf2283a@group-815DC923044E:t3, leader=null, voted=afdd3fe1-73d7-47a9-80c4-ac0b0cf2283a, raftlog=afdd3fe1-73d7-47a9-80c4-ac0b0cf2283a@group-815DC923044E-SegmentedRaftLog:OPENED:c4,f4,i4, conf=0: [820de064-3dc6-45b0-ab1f-7b0ae95712fc:192.168.164.205:34221, 8fb55cee-2385-4435-9cab-3397106c25f8:192.168.164.205:41941, afdd3fe1-73d7-47a9-80c4-ac0b0cf2283a:192.168.164.205:43376], old=null
2019-10-01 18:09:21,626 [afdd3fe1-73d7-47a9-80c4-ac0b0cf2283a@group-815DC923044E-LeaderElection72] INFO  impl.LeaderElection (LogUtils.java:infoOrTrace(149)) -   Exception 0: {}
java.util.concurrent.ExecutionException: org.apache.ratis.thirdparty.io.grpc.StatusRuntimeException: UNAVAILABLE: io exception
	at java.util.concurrent.FutureTask.report(FutureTask.java:122)
	at java.util.concurrent.FutureTask.get(FutureTask.java:192)
	at org.apache.ratis.server.impl.LeaderElection.waitForResults(LeaderElection.java:259)
	at org.apache.ratis.server.impl.LeaderElection.askForVotes(LeaderElection.java:197)
	at org.apache.ratis.server.impl.LeaderElection.run(LeaderElection.java:133)
	at java.lang.Thread.run(Thread.java:748)
Caused by: org.apache.ratis.thirdparty.io.grpc.StatusRuntimeException: UNAVAILABLE: io exception
	at org.apache.ratis.thirdparty.io.grpc.stub.ClientCalls.toStatusRuntimeException(ClientCalls.java:233)
	at org.apache.ratis.thirdparty.io.grpc.stub.ClientCalls.getUnchecked(ClientCalls.java:214)
	at org.apache.ratis.thirdparty.io.grpc.stub.ClientCalls.blockingUnaryCall(ClientCalls.java:139)
	at org.apache.ratis.proto.grpc.RaftServerProtocolServiceGrpc$RaftServerProtocolServiceBlockingStub.requestVote(RaftServerProtocolServiceGrpc.java:265)
	at org.apache.ratis.grpc.server.GrpcServerProtocolClient.requestVote(GrpcServerProtocolClient.java:99)
	at org.apache.ratis.grpc.server.GrpcService.requestVote(GrpcService.java:204)
	at org.apache.ratis.server.impl.LeaderElection.lambda$submitRequests$1(LeaderElection.java:234)
	at java.util.concurrent.FutureTask.run(FutureTask.java:266)
	at java.util.concurrent.Executors$RunnableAdapter.call(Executors.java:511)
	at java.util.concurrent.FutureTask.run(FutureTask.java:266)
	at java.util.concurrent.ThreadPoolExecutor.runWorker(ThreadPoolExecutor.java:1149)
	at java.util.concurrent.ThreadPoolExecutor$Worker.run(ThreadPoolExecutor.java:624)
	... 1 more
Caused by: org.apache.ratis.thirdparty.io.netty.channel.AbstractChannel$AnnotatedConnectException: Connection refused: /192.168.164.205:34221
	at sun.nio.ch.SocketChannelImpl.checkConnect(Native Method)
	at sun.nio.ch.SocketChannelImpl.finishConnect(SocketChannelImpl.java:717)
	at org.apache.ratis.thirdparty.io.netty.channel.socket.nio.NioSocketChannel.doFinishConnect(NioSocketChannel.java:327)
	at org.apache.ratis.thirdparty.io.netty.channel.nio.AbstractNioChannel$AbstractNioUnsafe.finishConnect(AbstractNioChannel.java:340)
	at org.apache.ratis.thirdparty.io.netty.channel.nio.NioEventLoop.processSelectedKey(NioEventLoop.java:632)
	at org.apache.ratis.thirdparty.io.netty.channel.nio.NioEventLoop.processSelectedKeysOptimized(NioEventLoop.java:579)
	at org.apache.ratis.thirdparty.io.netty.channel.nio.NioEventLoop.processSelectedKeys(NioEventLoop.java:496)
	at org.apache.ratis.thirdparty.io.netty.channel.nio.NioEventLoop.run(NioEventLoop.java:458)
	at org.apache.ratis.thirdparty.io.netty.util.concurrent.SingleThreadEventExecutor$5.run(SingleThreadEventExecutor.java:897)
	at org.apache.ratis.thirdparty.io.netty.util.concurrent.FastThreadLocalRunnable.run(FastThreadLocalRunnable.java:30)
	... 1 more
Caused by: java.net.ConnectException: Connection refused
	... 11 more
2019-10-01 18:09:21,627 [afdd3fe1-73d7-47a9-80c4-ac0b0cf2283a@group-815DC923044E-LeaderElection72] INFO  impl.LeaderElection (LogUtils.java:infoOrTrace(149)) -   Exception 1: {}
java.util.concurrent.ExecutionException: org.apache.ratis.thirdparty.io.grpc.StatusRuntimeException: UNAVAILABLE: io exception
	at java.util.concurrent.FutureTask.report(FutureTask.java:122)
	at java.util.concurrent.FutureTask.get(FutureTask.java:192)
	at org.apache.ratis.server.impl.LeaderElection.waitForResults(LeaderElection.java:259)
	at org.apache.ratis.server.impl.LeaderElection.askForVotes(LeaderElection.java:197)
	at org.apache.ratis.server.impl.LeaderElection.run(LeaderElection.java:133)
	at java.lang.Thread.run(Thread.java:748)
Caused by: org.apache.ratis.thirdparty.io.grpc.StatusRuntimeException: UNAVAILABLE: io exception
	at org.apache.ratis.thirdparty.io.grpc.stub.ClientCalls.toStatusRuntimeException(ClientCalls.java:233)
	at org.apache.ratis.thirdparty.io.grpc.stub.ClientCalls.getUnchecked(ClientCalls.java:214)
	at org.apache.ratis.thirdparty.io.grpc.stub.ClientCalls.blockingUnaryCall(ClientCalls.java:139)
	at org.apache.ratis.proto.grpc.RaftServerProtocolServiceGrpc$RaftServerProtocolServiceBlockingStub.requestVote(RaftServerProtocolServiceGrpc.java:265)
	at org.apache.ratis.grpc.server.GrpcServerProtocolClient.requestVote(GrpcServerProtocolClient.java:99)
	at org.apache.ratis.grpc.server.GrpcService.requestVote(GrpcService.java:204)
	at org.apache.ratis.server.impl.LeaderElection.lambda$submitRequests$1(LeaderElection.java:234)
	at java.util.concurrent.FutureTask.run(FutureTask.java:266)
	at java.util.concurrent.Executors$RunnableAdapter.call(Executors.java:511)
	at java.util.concurrent.FutureTask.run(FutureTask.java:266)
	at java.util.concurrent.ThreadPoolExecutor.runWorker(ThreadPoolExecutor.java:1149)
	at java.util.concurrent.ThreadPoolExecutor$Worker.run(ThreadPoolExecutor.java:624)
	... 1 more
Caused by: org.apache.ratis.thirdparty.io.netty.channel.AbstractChannel$AnnotatedConnectException: Connection refused: /192.168.164.205:41941
	at sun.nio.ch.SocketChannelImpl.checkConnect(Native Method)
	at sun.nio.ch.SocketChannelImpl.finishConnect(SocketChannelImpl.java:717)
	at org.apache.ratis.thirdparty.io.netty.channel.socket.nio.NioSocketChannel.doFinishConnect(NioSocketChannel.java:327)
	at org.apache.ratis.thirdparty.io.netty.channel.nio.AbstractNioChannel$AbstractNioUnsafe.finishConnect(AbstractNioChannel.java:340)
	at org.apache.ratis.thirdparty.io.netty.channel.nio.NioEventLoop.processSelectedKey(NioEventLoop.java:632)
	at org.apache.ratis.thirdparty.io.netty.channel.nio.NioEventLoop.processSelectedKeysOptimized(NioEventLoop.java:579)
	at org.apache.ratis.thirdparty.io.netty.channel.nio.NioEventLoop.processSelectedKeys(NioEventLoop.java:496)
	at org.apache.ratis.thirdparty.io.netty.channel.nio.NioEventLoop.run(NioEventLoop.java:458)
	at org.apache.ratis.thirdparty.io.netty.util.concurrent.SingleThreadEventExecutor$5.run(SingleThreadEventExecutor.java:897)
	at org.apache.ratis.thirdparty.io.netty.util.concurrent.FastThreadLocalRunnable.run(FastThreadLocalRunnable.java:30)
	... 1 more
Caused by: java.net.ConnectException: Connection refused
	... 11 more
2019-10-01 18:09:21,627 [afdd3fe1-73d7-47a9-80c4-ac0b0cf2283a@group-815DC923044E-LeaderElection72] INFO  impl.RaftServerImpl (RaftServerImpl.java:setRole(170)) - afdd3fe1-73d7-47a9-80c4-ac0b0cf2283a@group-815DC923044E: changes role from CANDIDATE to FOLLOWER at term 3 for DISCOVERED_A_NEW_TERM
2019-10-01 18:09:21,627 [afdd3fe1-73d7-47a9-80c4-ac0b0cf2283a@group-815DC923044E-LeaderElection72] INFO  impl.RoleInfo (RoleInfo.java:shutdownLeaderElection(134)) - afdd3fe1-73d7-47a9-80c4-ac0b0cf2283a: shutdown LeaderElection
2019-10-01 18:09:21,627 [afdd3fe1-73d7-47a9-80c4-ac0b0cf2283a@group-815DC923044E-LeaderElection72] INFO  impl.RoleInfo (RoleInfo.java:updateAndGet(143)) - afdd3fe1-73d7-47a9-80c4-ac0b0cf2283a: start FollowerState
2019-10-01 18:09:23,729 [EventQueue-StaleNodeForStaleNodeHandler] INFO  node.StaleNodeHandler (StaleNodeHandler.java:onMessage(58)) - Datanode afdd3fe1-73d7-47a9-80c4-ac0b0cf2283a{ip: 192.168.164.205, host: pr-hdds-2201-hlsf2-3428063209, networkLocation: /default-rack, certSerialId: null} moved to stale state. Finalizing its pipelines [PipelineID=aa46d679-78ba-421d-b0ac-815dc923044e, PipelineID=d9dd82d4-6378-4949-a689-01958f561cf7]
2019-10-01 18:09:23,732 [EventQueue-StaleNodeForStaleNodeHandler] INFO  pipeline.SCMPipelineManager (SCMPipelineManager.java:finalizeAndDestroyPipeline(315)) - destroying pipeline:Pipeline[ Id: aa46d679-78ba-421d-b0ac-815dc923044e, Nodes: 820de064-3dc6-45b0-ab1f-7b0ae95712fc{ip: 192.168.164.205, host: pr-hdds-2201-hlsf2-3428063209, networkLocation: /default-rack, certSerialId: null}8fb55cee-2385-4435-9cab-3397106c25f8{ip: 192.168.164.205, host: pr-hdds-2201-hlsf2-3428063209, networkLocation: /default-rack, certSerialId: null}afdd3fe1-73d7-47a9-80c4-ac0b0cf2283a{ip: 192.168.164.205, host: pr-hdds-2201-hlsf2-3428063209, networkLocation: /default-rack, certSerialId: null}, Type:RATIS, Factor:THREE, State:CLOSED]
2019-10-01 18:09:23,733 [EventQueue-StaleNodeForStaleNodeHandler] INFO  pipeline.SCMPipelineManager (SCMPipelineManager.java:finalizeAndDestroyPipeline(315)) - destroying pipeline:Pipeline[ Id: d9dd82d4-6378-4949-a689-01958f561cf7, Nodes: afdd3fe1-73d7-47a9-80c4-ac0b0cf2283a{ip: 192.168.164.205, host: pr-hdds-2201-hlsf2-3428063209, networkLocation: /default-rack, certSerialId: null}, Type:RATIS, Factor:ONE, State:OPEN]
2019-10-01 18:09:23,733 [EventQueue-StaleNodeForStaleNodeHandler] INFO  pipeline.PipelineStateManager (PipelineStateManager.java:finalizePipeline(123)) - Pipeline Pipeline[ Id: d9dd82d4-6378-4949-a689-01958f561cf7, Nodes: afdd3fe1-73d7-47a9-80c4-ac0b0cf2283a{ip: 192.168.164.205, host: pr-hdds-2201-hlsf2-3428063209, networkLocation: /default-rack, certSerialId: null}, Type:RATIS, Factor:ONE, State:CLOSED] moved to CLOSED state
2019-10-01 18:09:24,060 [main] INFO  ozoneimpl.OzoneContainer (OzoneContainer.java:stop(231)) - Attempting to stop container services.
2019-10-01 18:09:24,063 [main] INFO  impl.RaftServerProxy (RaftServerProxy.java:lambda$close$4(314)) - afdd3fe1-73d7-47a9-80c4-ac0b0cf2283a: close
2019-10-01 18:09:24,064 [main] INFO  impl.RaftServerImpl (RaftServerImpl.java:lambda$shutdown$3(247)) - afdd3fe1-73d7-47a9-80c4-ac0b0cf2283a@group-815DC923044E: shutdown
2019-10-01 18:09:24,065 [main] INFO  util.JmxRegister (JmxRegister.java:unregister(73)) - Successfully un-registered JMX Bean with object name Ratis:service=RaftServer,group=group-815DC923044E,id=afdd3fe1-73d7-47a9-80c4-ac0b0cf2283a
2019-10-01 18:09:24,065 [main] INFO  impl.RoleInfo (RoleInfo.java:shutdownFollowerState(121)) - afdd3fe1-73d7-47a9-80c4-ac0b0cf2283a: shutdown FollowerState
2019-10-01 18:09:24,065 [main] INFO  impl.StateMachineUpdater (StateMachineUpdater.java:stopAndJoin(136)) - afdd3fe1-73d7-47a9-80c4-ac0b0cf2283a@group-815DC923044E-StateMachineUpdater: set stopIndex = 4
2019-10-01 18:09:24,066 [Thread-3262] INFO  impl.FollowerState (FollowerState.java:run(117)) - afdd3fe1-73d7-47a9-80c4-ac0b0cf2283a@group-815DC923044E-FollowerState was interrupted: java.lang.InterruptedException: sleep interrupted
2019-10-01 18:09:24,066 [afdd3fe1-73d7-47a9-80c4-ac0b0cf2283a@group-815DC923044E-StateMachineUpdater] INFO  ratis.ContainerStateMachine (ContainerStateMachine.java:takeSnapshot(289)) - group-815DC923044E: Taking a snapshot at:(t:1, i:3) file /workdir/hadoop-ozone/integration-test/target/test-dir/MiniOzoneClusterImpl-2ef0d120-1a14-4960-b5d7-28cf9da586f6/datanode-5/data/ratis/aa46d679-78ba-421d-b0ac-815dc923044e/sm/snapshot.1_3
2019-10-01 18:09:24,093 [afdd3fe1-73d7-47a9-80c4-ac0b0cf2283a@group-815DC923044E-StateMachineUpdater] INFO  ratis.ContainerStateMachine (ContainerStateMachine.java:takeSnapshot(300)) - group-815DC923044E: Finished taking a snapshot at:(t:1, i:3) file:/workdir/hadoop-ozone/integration-test/target/test-dir/MiniOzoneClusterImpl-2ef0d120-1a14-4960-b5d7-28cf9da586f6/datanode-5/data/ratis/aa46d679-78ba-421d-b0ac-815dc923044e/sm/snapshot.1_3 time:27
2019-10-01 18:09:24,094 [afdd3fe1-73d7-47a9-80c4-ac0b0cf2283a@group-815DC923044E-StateMachineUpdater] INFO  impl.StateMachineUpdater (StateMachineUpdater.java:takeSnapshot(269)) - afdd3fe1-73d7-47a9-80c4-ac0b0cf2283a@group-815DC923044E-StateMachineUpdater: Took a snapshot at index 3
2019-10-01 18:09:24,094 [afdd3fe1-73d7-47a9-80c4-ac0b0cf2283a@group-815DC923044E-StateMachineUpdater] INFO  impl.StateMachineUpdater (StateMachineUpdater.java:lambda$new$0(84)) - afdd3fe1-73d7-47a9-80c4-ac0b0cf2283a@group-815DC923044E-StateMachineUpdater: snapshotIndex: updateIncreasingly -1 -> 3
2019-10-01 18:09:24,095 [afdd3fe1-73d7-47a9-80c4-ac0b0cf2283a@group-815DC923044E-StateMachineUpdater] INFO  ratis.ContainerStateMachine (ContainerStateMachine.java:takeSnapshot(289)) - group-815DC923044E: Taking a snapshot at:(t:1, i:3) file /workdir/hadoop-ozone/integration-test/target/test-dir/MiniOzoneClusterImpl-2ef0d120-1a14-4960-b5d7-28cf9da586f6/datanode-5/data/ratis/aa46d679-78ba-421d-b0ac-815dc923044e/sm/snapshot.1_3
2019-10-01 18:09:24,108 [afdd3fe1-73d7-47a9-80c4-ac0b0cf2283a@group-815DC923044E-StateMachineUpdater] INFO  ratis.ContainerStateMachine (ContainerStateMachine.java:takeSnapshot(300)) - group-815DC923044E: Finished taking a snapshot at:(t:1, i:3) file:/workdir/hadoop-ozone/integration-test/target/test-dir/MiniOzoneClusterImpl-2ef0d120-1a14-4960-b5d7-28cf9da586f6/datanode-5/data/ratis/aa46d679-78ba-421d-b0ac-815dc923044e/sm/snapshot.1_3 time:12
2019-10-01 18:09:24,108 [afdd3fe1-73d7-47a9-80c4-ac0b0cf2283a@group-815DC923044E-StateMachineUpdater] INFO  impl.StateMachineUpdater (StateMachineUpdater.java:takeSnapshot(269)) - afdd3fe1-73d7-47a9-80c4-ac0b0cf2283a@group-815DC923044E-StateMachineUpdater: Took a snapshot at index 3
2019-10-01 18:09:24,108 [afdd3fe1-73d7-47a9-80c4-ac0b0cf2283a@group-815DC923044E-StateMachineUpdater] INFO  impl.StateMachineUpdater (StateMachineUpdater.java:lambda$new$0(84)) - afdd3fe1-73d7-47a9-80c4-ac0b0cf2283a@group-815DC923044E-StateMachineUpdater: snapshotIndex: updateIncreasingly 3 -> 3
2019-10-01 18:09:24,108 [main] INFO  impl.RaftServerImpl (ServerState.java:close(387)) - afdd3fe1-73d7-47a9-80c4-ac0b0cf2283a@group-815DC923044E: closes. applyIndex: 4
2019-10-01 18:09:24,109 [afdd3fe1-73d7-47a9-80c4-ac0b0cf2283a@group-815DC923044E-SegmentedRaftLogWorker] INFO  segmented.SegmentedRaftLogWorker (SegmentedRaftLogWorker.java:run(316)) - afdd3fe1-73d7-47a9-80c4-ac0b0cf2283a@group-815DC923044E-SegmentedRaftLogWorker was interrupted, exiting. There are 0 tasks remaining in the queue.
2019-10-01 18:09:24,110 [main] INFO  segmented.SegmentedRaftLogWorker (SegmentedRaftLogWorker.java:close(224)) - afdd3fe1-73d7-47a9-80c4-ac0b0cf2283a@group-815DC923044E-SegmentedRaftLogWorker close()
2019-10-01 18:09:24,112 [main] INFO  impl.RaftServerImpl (RaftServerImpl.java:lambda$shutdown$3(247)) - afdd3fe1-73d7-47a9-80c4-ac0b0cf2283a@group-01958F561CF7: shutdown
2019-10-01 18:09:24,112 [main] INFO  util.JmxRegister (JmxRegister.java:unregister(73)) - Successfully un-registered JMX Bean with object name Ratis:service=RaftServer,group=group-01958F561CF7,id=afdd3fe1-73d7-47a9-80c4-ac0b0cf2283a
2019-10-01 18:09:24,113 [main] INFO  impl.RoleInfo (RoleInfo.java:shutdownLeaderState(104)) - afdd3fe1-73d7-47a9-80c4-ac0b0cf2283a: shutdown LeaderState
2019-10-01 18:09:24,113 [main] INFO  impl.PendingRequests (PendingRequests.java:sendNotLeaderResponses(202)) - afdd3fe1-73d7-47a9-80c4-ac0b0cf2283a@group-01958F561CF7-PendingRequests: sendNotLeaderResponses
2019-10-01 18:09:24,113 [main] INFO  impl.StateMachineUpdater (StateMachineUpdater.java:stopAndJoin(136)) - afdd3fe1-73d7-47a9-80c4-ac0b0cf2283a@group-01958F561CF7-StateMachineUpdater: set stopIndex = 0
2019-10-01 18:09:24,114 [main] INFO  impl.RaftServerImpl (ServerState.java:close(387)) - afdd3fe1-73d7-47a9-80c4-ac0b0cf2283a@group-01958F561CF7: closes. applyIndex: 0
2019-10-01 18:09:24,114 [afdd3fe1-73d7-47a9-80c4-ac0b0cf2283a@group-01958F561CF7-SegmentedRaftLogWorker] INFO  segmented.SegmentedRaftLogWorker (SegmentedRaftLogWorker.java:run(316)) - afdd3fe1-73d7-47a9-80c4-ac0b0cf2283a@group-01958F561CF7-SegmentedRaftLogWorker was interrupted, exiting. There are 0 tasks remaining in the queue.
2019-10-01 18:09:24,114 [main] INFO  segmented.SegmentedRaftLogWorker (SegmentedRaftLogWorker.java:close(224)) - afdd3fe1-73d7-47a9-80c4-ac0b0cf2283a@group-01958F561CF7-SegmentedRaftLogWorker close()
2019-10-01 18:09:24,116 [main] INFO  server.GrpcService (GrpcService.java:closeImpl(164)) - afdd3fe1-73d7-47a9-80c4-ac0b0cf2283a: shutdown server with port 43376 now
2019-10-01 18:09:24,117 [main] INFO  server.GrpcService (GrpcService.java:closeImpl(172)) - afdd3fe1-73d7-47a9-80c4-ac0b0cf2283a: shutdown server with port 43376 successfully
2019-10-01 18:09:24,122 [refreshUsed-/workdir/hadoop-ozone/integration-test/target/test-dir/MiniOzoneClusterImpl-2ef0d120-1a14-4960-b5d7-28cf9da586f6/datanode-5/data/containers] WARN  fs.CachingGetSpaceUsed (CachingGetSpaceUsed.java:run(183)) - Thread Interrupted waiting to refresh disk information: sleep interrupted
2019-10-01 18:09:24,136 [main] INFO  utils.BackgroundService (BackgroundService.java:shutdown(148)) - Shutting down service BlockDeletingService
2019-10-01 18:09:24,140 [main] INFO  statemachine.DatanodeStateMachine (DatanodeStateMachine.java:stopDaemon(395)) - Ozone container server stopped.
2019-10-01 18:09:24,141 [main] INFO  handler.ContextHandler (ContextHandler.java:doStop(910)) - Stopped o.e.j.w.WebAppContext@79cb8ffa{/,null,UNAVAILABLE}{/hddsDatanode}
2019-10-01 18:09:24,142 [main] INFO  server.AbstractConnector (AbstractConnector.java:doStop(318)) - Stopped ServerConnector@1a2e563e{HTTP/1.1,[http/1.1]}{0.0.0.0:0}
2019-10-01 18:09:24,142 [main] INFO  handler.ContextHandler (ContextHandler.java:doStop(910)) - Stopped o.e.j.s.ServletContextHandler@7f2b584b{/static,jar:file:/home/user/.m2/repository/org/apache/hadoop/hadoop-hdds-container-service/0.5.0-SNAPSHOT/hadoop-hdds-container-service-0.5.0-SNAPSHOT.jar!/webapps/static,UNAVAILABLE}
2019-10-01 18:09:24,143 [main] INFO  handler.ContextHandler (ContextHandler.java:doStop(910)) - Stopped o.e.j.s.ServletContextHandler@4faf1f4{/logs,file:///workdir/hadoop-ozone/integration-test/target/log,UNAVAILABLE}
2019-10-01 18:09:24,144 [main] INFO  ozone.MiniOzoneClusterImpl (MiniOzoneClusterImpl.java:stopSCM(392)) - Stopping the StorageContainerManager
2019-10-01 18:09:24,144 [main] INFO  server.StorageContainerManager (StorageContainerManager.java:stop(808)) - Stopping Replication Manager Service.
2019-10-01 18:09:24,144 [main] INFO  container.ReplicationManager (ReplicationManager.java:stop(203)) - Stopping Replication Monitor Thread.
2019-10-01 18:09:24,144 [main] INFO  server.StorageContainerManager (StorageContainerManager.java:stop(815)) - Stopping Lease Manager of the command watchers
2019-10-01 18:09:24,144 [main] INFO  server.StorageContainerManager (StorageContainerManager.java:stop(822)) - Stopping datanode service RPC server
2019-10-01 18:09:24,145 [main] INFO  server.SCMDatanodeProtocolServer (SCMDatanodeProtocolServer.java:stop(367)) - Stopping the RPC server for DataNodes
2019-10-01 18:09:24,145 [main] INFO  ipc.Server (Server.java:stop(3082)) - Stopping server on 39616
2019-10-01 18:09:24,147 [IPC Server listener on 39616] INFO  ipc.Server (Server.java:run(1185)) - Stopping IPC Server listener on 39616
2019-10-01 18:09:24,148 [IPC Server Responder] INFO  ipc.Server (Server.java:run(1319)) - Stopping IPC Server Responder
2019-10-01 18:09:24,229 [SCM Heartbeat Processing Thread - 0] WARN  node.NodeStateManager (NodeStateManager.java:scheduleNextHealthCheck(646)) - Current Thread is interrupted, shutting down HB processing thread for Node Manager.
2019-10-01 18:09:24,229 [main] INFO  server.StorageContainerManager (StorageContainerManager.java:stop(830)) - Stopping block service RPC server
2019-10-01 18:09:24,229 [main] INFO  server.SCMBlockProtocolServer (SCMBlockProtocolServer.java:stop(155)) - Stopping the RPC server for Block Protocol
2019-10-01 18:09:24,230 [main] INFO  ipc.Server (Server.java:stop(3082)) - Stopping server on 37177
2019-10-01 18:09:24,231 [IPC Server listener on 37177] INFO  ipc.Server (Server.java:run(1185)) - Stopping IPC Server listener on 37177
2019-10-01 18:09:24,231 [main] INFO  server.StorageContainerManager (StorageContainerManager.java:stop(837)) - Stopping the StorageContainerLocationProtocol RPC server
2019-10-01 18:09:24,232 [main] INFO  server.SCMClientProtocolServer (SCMClientProtocolServer.java:stop(158)) - Stopping the RPC server for Client Protocol
2019-10-01 18:09:24,232 [main] INFO  ipc.Server (Server.java:stop(3082)) - Stopping server on 37057
2019-10-01 18:09:24,233 [IPC Server Responder] INFO  ipc.Server (Server.java:run(1319)) - Stopping IPC Server Responder
2019-10-01 18:09:24,235 [main] INFO  server.StorageContainerManager (StorageContainerManager.java:stop(844)) - Stopping Storage Container Manager HTTP server.
2019-10-01 18:09:24,235 [IPC Server listener on 37057] INFO  ipc.Server (Server.java:run(1185)) - Stopping IPC Server listener on 37057
2019-10-01 18:09:24,235 [IPC Server Responder] INFO  ipc.Server (Server.java:run(1319)) - Stopping IPC Server Responder
2019-10-01 18:09:24,236 [main] INFO  handler.ContextHandler (ContextHandler.java:doStop(910)) - Stopped o.e.j.w.WebAppContext@2bec068b{/,null,UNAVAILABLE}{/scm}
2019-10-01 18:09:24,237 [main] INFO  server.AbstractConnector (AbstractConnector.java:doStop(318)) - Stopped ServerConnector@7d59e968{HTTP/1.1,[http/1.1]}{0.0.0.0:0}
2019-10-01 18:09:24,237 [main] INFO  handler.ContextHandler (ContextHandler.java:doStop(910)) - Stopped o.e.j.s.ServletContextHandler@d2708a7{/static,file:///workdir/hadoop-ozone/integration-test/target/test-classes/webapps/static,UNAVAILABLE}
2019-10-01 18:09:24,238 [main] INFO  handler.ContextHandler (ContextHandler.java:doStop(910)) - Stopped o.e.j.s.ServletContextHandler@6222391a{/logs,file:///workdir/hadoop-ozone/integration-test/target/log,UNAVAILABLE}
2019-10-01 18:09:24,238 [main] INFO  server.StorageContainerManager (StorageContainerManager.java:stop(855)) - Stopping Block Manager Service.
2019-10-01 18:09:24,239 [main] INFO  utils.BackgroundService (BackgroundService.java:shutdown(148)) - Shutting down service SCMBlockDeletingService
2019-10-01 18:09:24,239 [main] INFO  utils.BackgroundService (BackgroundService.java:shutdown(148)) - Shutting down service SCMBlockDeletingService
2019-10-01 18:09:24,239 [main] INFO  server.StorageContainerManager (StorageContainerManager.java:stop(877)) - Stopping SCM Event Queue.
2019-10-01 18:09:24,243 [main] INFO  impl.MetricsSystemImpl (MetricsSystemImpl.java:stop(210)) - Stopping HddsDatanode metrics system...
2019-10-01 18:09:24,273 [main] INFO  impl.MetricsSystemImpl (MetricsSystemImpl.java:stop(216)) - HddsDatanode metrics system stopped.
]]></system-out>
    <system-err><![CDATA[Oct 01, 2019 6:09:08 PM org.apache.ratis.thirdparty.io.grpc.internal.SerializingExecutor run
SEVERE: Exception while executing runnable org.apache.ratis.thirdparty.io.grpc.internal.ServerImpl$JumpToApplicationThreadServerStreamListener$1Closed@23369be6
org.apache.ratis.thirdparty.io.grpc.StatusRuntimeException: CANCELLED: call already cancelled
	at org.apache.ratis.thirdparty.io.grpc.Status.asRuntimeException(Status.java:517)
	at org.apache.ratis.thirdparty.io.grpc.stub.ServerCalls$ServerCallStreamObserverImpl.onCompleted(ServerCalls.java:356)
	at org.apache.ratis.grpc.server.GrpcServerProtocolService$ServerRequestStreamObserver.onError(GrpcServerProtocolService.java:121)
	at org.apache.ratis.thirdparty.io.grpc.stub.ServerCalls$StreamingServerCallHandler$StreamingServerCallListener.onCancel(ServerCalls.java:269)
	at org.apache.ratis.thirdparty.io.grpc.internal.ServerCallImpl$ServerStreamListenerImpl.closed(ServerCallImpl.java:293)
	at org.apache.ratis.thirdparty.io.grpc.internal.ServerImpl$JumpToApplicationThreadServerStreamListener$1Closed.runInContext(ServerImpl.java:741)
	at org.apache.ratis.thirdparty.io.grpc.internal.ContextRunnable.run(ContextRunnable.java:37)
	at org.apache.ratis.thirdparty.io.grpc.internal.SerializingExecutor.run(SerializingExecutor.java:123)
	at java.util.concurrent.ThreadPoolExecutor.runWorker(ThreadPoolExecutor.java:1149)
	at java.util.concurrent.ThreadPoolExecutor$Worker.run(ThreadPoolExecutor.java:624)
	at java.lang.Thread.run(Thread.java:748)

Oct 01, 2019 6:09:13 PM org.apache.ratis.thirdparty.io.grpc.internal.SerializingExecutor run
SEVERE: Exception while executing runnable org.apache.ratis.thirdparty.io.grpc.internal.ServerImpl$JumpToApplicationThreadServerStreamListener$1Closed@6a875f02
org.apache.ratis.thirdparty.io.grpc.StatusRuntimeException: CANCELLED: call already cancelled
	at org.apache.ratis.thirdparty.io.grpc.Status.asRuntimeException(Status.java:517)
	at org.apache.ratis.thirdparty.io.grpc.stub.ServerCalls$ServerCallStreamObserverImpl.onCompleted(ServerCalls.java:356)
	at org.apache.ratis.grpc.server.GrpcServerProtocolService$ServerRequestStreamObserver.onError(GrpcServerProtocolService.java:121)
	at org.apache.ratis.thirdparty.io.grpc.stub.ServerCalls$StreamingServerCallHandler$StreamingServerCallListener.onCancel(ServerCalls.java:269)
	at org.apache.ratis.thirdparty.io.grpc.internal.ServerCallImpl$ServerStreamListenerImpl.closed(ServerCallImpl.java:293)
	at org.apache.ratis.thirdparty.io.grpc.internal.ServerImpl$JumpToApplicationThreadServerStreamListener$1Closed.runInContext(ServerImpl.java:741)
	at org.apache.ratis.thirdparty.io.grpc.internal.ContextRunnable.run(ContextRunnable.java:37)
	at org.apache.ratis.thirdparty.io.grpc.internal.SerializingExecutor.run(SerializingExecutor.java:123)
	at java.util.concurrent.ThreadPoolExecutor.runWorker(ThreadPoolExecutor.java:1149)
	at java.util.concurrent.ThreadPoolExecutor$Worker.run(ThreadPoolExecutor.java:624)
	at java.lang.Thread.run(Thread.java:748)

]]></system-err>
  </testcase>
  <testcase name="testFailureWithPrimeSizedData" classname="org.apache.hadoop.ozone.client.rpc.TestBlockOutputStreamWithFailures" time="34.499"/>
  <testcase name="testWatchForCommitWithCloseContainerException" classname="org.apache.hadoop.ozone.client.rpc.TestBlockOutputStreamWithFailures" time="36.624"/>
  <testcase name="testExceptionDuringClose" classname="org.apache.hadoop.ozone.client.rpc.TestBlockOutputStreamWithFailures" time="34.112"/>
</testsuite>