<?xml version="1.0" encoding="UTF-8"?>
<testsuite xmlns:xsi="http://www.w3.org/2001/XMLSchema-instance" xsi:noNamespaceSchemaLocation="https://maven.apache.org/surefire/maven-surefire-plugin/xsd/surefire-test-report.xsd" name="org.apache.hadoop.ozone.client.rpc.TestContainerReplicationEndToEnd" time="22" tests="1" errors="1" skipped="0" failures="0">
  <properties>
    <property name="awt.toolkit" value="sun.awt.X11.XToolkit"/>
    <property name="file.encoding.pkg" value="sun.io"/>
    <property name="java.specification.version" value="1.8"/>
    <property name="sun.cpu.isalist" value=""/>
    <property name="sun.jnu.encoding" value="UTF-8"/>
    <property name="java.class.path" value="/workdir/hadoop-ozone/integration-test/target/test-classes:/workdir/hadoop-ozone/integration-test/target/classes:/home/user/.m2/repository/org/apache/hadoop/hadoop-ozone-common/0.5.0-SNAPSHOT/hadoop-ozone-common-0.5.0-SNAPSHOT.jar:/home/user/.m2/repository/org/apache/commons/commons-compress/1.4.1/commons-compress-1.4.1.jar:/home/user/.m2/repository/org/tukaani/xz/1.0/xz-1.0.jar:/home/user/.m2/repository/org/apache/hadoop/hadoop-common/3.2.0/hadoop-common-3.2.0.jar:/home/user/.m2/repository/org/apache/hadoop/hadoop-hdfs/3.2.0/hadoop-hdfs-3.2.0.jar:/home/user/.m2/repository/org/apache/hadoop/hadoop-hdfs-client/3.2.0/hadoop-hdfs-client-3.2.0.jar:/home/user/.m2/repository/com/fasterxml/jackson/core/jackson-annotations/2.9.9/jackson-annotations-2.9.9.jar:/home/user/.m2/repository/org/apache/hadoop/hadoop-hdds-common/0.5.0-SNAPSHOT/hadoop-hdds-common-0.5.0-SNAPSHOT.jar:/home/user/.m2/repository/javax/annotation/javax.annotation-api/1.2/javax.annotation-api-1.2.jar:/home/user/.m2/repository/org/apache/ratis/ratis-server/0.4.0/ratis-server-0.4.0.jar:/home/user/.m2/repository/org/apache/ratis/ratis-thirdparty-misc/0.2.0/ratis-thirdparty-misc-0.2.0.jar:/home/user/.m2/repository/org/apache/ratis/ratis-proto/0.4.0/ratis-proto-0.4.0.jar:/home/user/.m2/repository/org/apache/ratis/ratis-common/0.4.0/ratis-common-0.4.0.jar:/home/user/.m2/repository/org/apache/ratis/ratis-client/0.4.0/ratis-client-0.4.0.jar:/home/user/.m2/repository/org/apache/ratis/ratis-metrics/0.4.0/ratis-metrics-0.4.0.jar:/home/user/.m2/repository/com/github/joshelser/dropwizard-metrics-hadoop-metrics2-reporter/0.1.2/dropwizard-metrics-hadoop-metrics2-reporter-0.1.2.jar:/home/user/.m2/repository/io/dropwizard/metrics/metrics-jvm/3.2.5/metrics-jvm-3.2.5.jar:/home/user/.m2/repository/io/dropwizard/metrics/metrics-ganglia/3.2.5/metrics-ganglia-3.2.5.jar:/home/user/.m2/repository/info/ganglia/gmetric4j/gmetric4j/1.0.7/gmetric4j-1.0.7.jar:/home/user/.m2/repository/org/apache/ratis/ratis-netty/0.4.0/ratis-netty-0.4.0.jar:/home/user/.m2/repository/org/apache/ratis/ratis-grpc/0.4.0/ratis-grpc-0.4.0.jar:/home/user/.m2/repository/org/rocksdb/rocksdbjni/6.0.1/rocksdbjni-6.0.1.jar:/home/user/.m2/repository/org/apache/logging/log4j/log4j-api/2.11.0/log4j-api-2.11.0.jar:/home/user/.m2/repository/org/apache/logging/log4j/log4j-core/2.11.0/log4j-core-2.11.0.jar:/home/user/.m2/repository/com/lmax/disruptor/3.4.2/disruptor-3.4.2.jar:/home/user/.m2/repository/org/apache/commons/commons-pool2/2.6.0/commons-pool2-2.6.0.jar:/home/user/.m2/repository/org/bouncycastle/bcpkix-jdk15on/1.60/bcpkix-jdk15on-1.60.jar:/home/user/.m2/repository/commons-validator/commons-validator/1.6/commons-validator-1.6.jar:/home/user/.m2/repository/commons-digester/commons-digester/1.8.1/commons-digester-1.8.1.jar:/home/user/.m2/repository/io/jaegertracing/jaeger-client/0.34.0/jaeger-client-0.34.0.jar:/home/user/.m2/repository/io/jaegertracing/jaeger-thrift/0.34.0/jaeger-thrift-0.34.0.jar:/home/user/.m2/repository/org/apache/thrift/libthrift/0.12.0/libthrift-0.12.0.jar:/home/user/.m2/repository/com/squareup/okhttp3/okhttp/3.9.0/okhttp-3.9.0.jar:/home/user/.m2/repository/com/squareup/okio/okio/1.13.0/okio-1.13.0.jar:/home/user/.m2/repository/io/jaegertracing/jaeger-core/0.34.0/jaeger-core-0.34.0.jar:/home/user/.m2/repository/io/jaegertracing/jaeger-tracerresolver/0.34.0/jaeger-tracerresolver-0.34.0.jar:/home/user/.m2/repository/io/opentracing/contrib/opentracing-tracerresolver/0.1.5/opentracing-tracerresolver-0.1.5.jar:/home/user/.m2/repository/io/opentracing/opentracing-util/0.31.0/opentracing-util-0.31.0.jar:/home/user/.m2/repository/io/opentracing/opentracing-api/0.31.0/opentracing-api-0.31.0.jar:/home/user/.m2/repository/io/opentracing/opentracing-noop/0.31.0/opentracing-noop-0.31.0.jar:/home/user/.m2/repository/org/apache/hadoop/hadoop-hdds-server-framework/0.5.0-SNAPSHOT/hadoop-hdds-server-framework-0.5.0-SNAPSHOT.jar:/home/user/.m2/repository/org/apache/hadoop/hadoop-hdds-container-service/0.5.0-SNAPSHOT/hadoop-hdds-container-service-0.5.0-SNAPSHOT.jar:/home/user/.m2/repository/org/apache/hadoop/hadoop-hdds-client/0.5.0-SNAPSHOT/hadoop-hdds-client-0.5.0-SNAPSHOT.jar:/home/user/.m2/repository/org/apache/hadoop/hadoop-hdds-tools/0.5.0-SNAPSHOT/hadoop-hdds-tools-0.5.0-SNAPSHOT.jar:/home/user/.m2/repository/org/apache/hadoop/hadoop-hdds-server-scm/0.5.0-SNAPSHOT/hadoop-hdds-server-scm-0.5.0-SNAPSHOT.jar:/home/user/.m2/repository/org/apache/hadoop/hadoop-hdds-docs/0.5.0-SNAPSHOT/hadoop-hdds-docs-0.5.0-SNAPSHOT.jar:/home/user/.m2/repository/io/dropwizard/metrics/metrics-core/3.2.4/metrics-core-3.2.4.jar:/home/user/.m2/repository/org/hamcrest/hamcrest-all/1.3/hamcrest-all-1.3.jar:/home/user/.m2/repository/org/bouncycastle/bcprov-jdk15on/1.60/bcprov-jdk15on-1.60.jar:/home/user/.m2/repository/info/picocli/picocli/3.9.6/picocli-3.9.6.jar:/home/user/.m2/repository/com/google/protobuf/protobuf-java/2.5.0/protobuf-java-2.5.0.jar:/home/user/.m2/repository/com/google/guava/guava/11.0.2/guava-11.0.2.jar:/home/user/.m2/repository/org/apache/hadoop/hadoop-ozone-ozone-manager/0.5.0-SNAPSHOT/hadoop-ozone-ozone-manager-0.5.0-SNAPSHOT.jar:/home/user/.m2/repository/org/apache/hadoop/hadoop-minikdc/3.2.0/hadoop-minikdc-3.2.0.jar:/home/user/.m2/repository/commons-io/commons-io/2.5/commons-io-2.5.jar:/home/user/.m2/repository/org/apache/kerby/kerb-simplekdc/1.0.1/kerb-simplekdc-1.0.1.jar:/home/user/.m2/repository/org/apache/kerby/kerb-client/1.0.1/kerb-client-1.0.1.jar:/home/user/.m2/repository/org/apache/kerby/kerby-config/1.0.1/kerby-config-1.0.1.jar:/home/user/.m2/repository/org/apache/kerby/kerb-core/1.0.1/kerb-core-1.0.1.jar:/home/user/.m2/repository/org/apache/kerby/kerby-pkix/1.0.1/kerby-pkix-1.0.1.jar:/home/user/.m2/repository/org/apache/kerby/kerby-asn1/1.0.1/kerby-asn1-1.0.1.jar:/home/user/.m2/repository/org/apache/kerby/kerby-util/1.0.1/kerby-util-1.0.1.jar:/home/user/.m2/repository/org/apache/kerby/kerb-common/1.0.1/kerb-common-1.0.1.jar:/home/user/.m2/repository/org/apache/kerby/kerb-crypto/1.0.1/kerb-crypto-1.0.1.jar:/home/user/.m2/repository/org/apache/kerby/kerb-util/1.0.1/kerb-util-1.0.1.jar:/home/user/.m2/repository/org/apache/kerby/token-provider/1.0.1/token-provider-1.0.1.jar:/home/user/.m2/repository/org/apache/kerby/kerb-admin/1.0.1/kerb-admin-1.0.1.jar:/home/user/.m2/repository/org/apache/kerby/kerb-server/1.0.1/kerb-server-1.0.1.jar:/home/user/.m2/repository/org/apache/kerby/kerb-identity/1.0.1/kerb-identity-1.0.1.jar:/home/user/.m2/repository/org/apache/kerby/kerby-xdr/1.0.1/kerby-xdr-1.0.1.jar:/home/user/.m2/repository/org/slf4j/slf4j-log4j12/1.7.25/slf4j-log4j12-1.7.25.jar:/home/user/.m2/repository/org/apache/hadoop/hadoop-ozone-s3gateway/0.5.0-SNAPSHOT/hadoop-ozone-s3gateway-0.5.0-SNAPSHOT.jar:/home/user/.m2/repository/org/jboss/weld/servlet/weld-servlet/2.4.7.Final/weld-servlet-2.4.7.Final.jar:/home/user/.m2/repository/org/glassfish/jersey/containers/jersey-container-servlet-core/2.27/jersey-container-servlet-core-2.27.jar:/home/user/.m2/repository/org/glassfish/hk2/external/javax.inject/2.5.0-b42/javax.inject-2.5.0-b42.jar:/home/user/.m2/repository/org/glassfish/jersey/core/jersey-common/2.27/jersey-common-2.27.jar:/home/user/.m2/repository/org/glassfish/hk2/osgi-resource-locator/1.0.1/osgi-resource-locator-1.0.1.jar:/home/user/.m2/repository/javax/ws/rs/javax.ws.rs-api/2.1/javax.ws.rs-api-2.1.jar:/home/user/.m2/repository/org/glassfish/jersey/ext/cdi/jersey-cdi1x/2.27/jersey-cdi1x-2.27.jar:/home/user/.m2/repository/org/glassfish/jersey/inject/jersey-hk2/2.27/jersey-hk2-2.27.jar:/home/user/.m2/repository/org/glassfish/hk2/hk2-locator/2.5.0-b42/hk2-locator-2.5.0-b42.jar:/home/user/.m2/repository/org/javassist/javassist/3.22.0-CR2/javassist-3.22.0-CR2.jar:/home/user/.m2/repository/org/glassfish/hk2/hk2-api/2.5.0/hk2-api-2.5.0.jar:/home/user/.m2/repository/org/glassfish/hk2/external/jakarta.inject/2.5.0/jakarta.inject-2.5.0.jar:/home/user/.m2/repository/org/glassfish/hk2/hk2-utils/2.5.0/hk2-utils-2.5.0.jar:/home/user/.m2/repository/jakarta/annotation/jakarta.annotation-api/1.3.4/jakarta.annotation-api-1.3.4.jar:/home/user/.m2/repository/org/glassfish/hk2/external/aopalliance-repackaged/2.5.0/aopalliance-repackaged-2.5.0.jar:/home/user/.m2/repository/com/fasterxml/jackson/dataformat/jackson-dataformat-xml/2.9.0/jackson-dataformat-xml-2.9.0.jar:/home/user/.m2/repository/com/fasterxml/jackson/core/jackson-core/2.9.9/jackson-core-2.9.9.jar:/home/user/.m2/repository/com/fasterxml/jackson/module/jackson-module-jaxb-annotations/2.9.9/jackson-module-jaxb-annotations-2.9.9.jar:/home/user/.m2/repository/javax/enterprise/cdi-api/1.2/cdi-api-1.2.jar:/home/user/.m2/repository/javax/el/javax.el-api/3.0.0/javax.el-api-3.0.0.jar:/home/user/.m2/repository/javax/interceptor/javax.interceptor-api/1.2/javax.interceptor-api-1.2.jar:/home/user/.m2/repository/javax/inject/javax.inject/1/javax.inject-1.jar:/home/user/.m2/repository/com/sun/xml/bind/jaxb-impl/2.3.0.1/jaxb-impl-2.3.0.1.jar:/home/user/.m2/repository/com/sun/xml/bind/jaxb-core/2.3.0.1/jaxb-core-2.3.0.1.jar:/home/user/.m2/repository/javax/xml/bind/jaxb-api/2.3.0/jaxb-api-2.3.0.jar:/home/user/.m2/repository/javax/activation/activation/1.1.1/activation-1.1.1.jar:/home/user/.m2/repository/org/apache/hadoop/hadoop-ozone-csi/0.5.0-SNAPSHOT/hadoop-ozone-csi-0.5.0-SNAPSHOT.jar:/home/user/.m2/repository/com/google/protobuf/protobuf-java-util/3.5.1/protobuf-java-util-3.5.1.jar:/home/user/.m2/repository/org/apache/hadoop/hadoop-hdds-config/0.5.0-SNAPSHOT/hadoop-hdds-config-0.5.0-SNAPSHOT.jar:/home/user/.m2/repository/io/grpc/grpc-netty/1.17.1/grpc-netty-1.17.1.jar:/home/user/.m2/repository/io/grpc/grpc-core/1.17.1/grpc-core-1.17.1.jar:/home/user/.m2/repository/io/grpc/grpc-context/1.17.1/grpc-context-1.17.1.jar:/home/user/.m2/repository/com/google/errorprone/error_prone_annotations/2.2.0/error_prone_annotations-2.2.0.jar:/home/user/.m2/repository/org/codehaus/mojo/animal-sniffer-annotations/1.17/animal-sniffer-annotations-1.17.jar:/home/user/.m2/repository/io/opencensus/opencensus-api/0.17.0/opencensus-api-0.17.0.jar:/home/user/.m2/repository/io/opencensus/opencensus-contrib-grpc-metrics/0.17.0/opencensus-contrib-grpc-metrics-0.17.0.jar:/home/user/.m2/repository/io/netty/netty-codec-http2/4.1.30.Final/netty-codec-http2-4.1.30.Final.jar:/home/user/.m2/repository/io/netty/netty-codec-http/4.1.30.Final/netty-codec-http-4.1.30.Final.jar:/home/user/.m2/repository/io/netty/netty-codec/4.1.30.Final/netty-codec-4.1.30.Final.jar:/home/user/.m2/repository/io/netty/netty-handler/4.1.30.Final/netty-handler-4.1.30.Final.jar:/home/user/.m2/repository/io/netty/netty-handler-proxy/4.1.30.Final/netty-handler-proxy-4.1.30.Final.jar:/home/user/.m2/repository/io/netty/netty-codec-socks/4.1.30.Final/netty-codec-socks-4.1.30.Final.jar:/home/user/.m2/repository/io/netty/netty-transport-native-epoll/4.1.30.Final/netty-transport-native-epoll-4.1.30.Final.jar:/home/user/.m2/repository/io/netty/netty-common/4.1.30.Final/netty-common-4.1.30.Final.jar:/home/user/.m2/repository/io/netty/netty-buffer/4.1.30.Final/netty-buffer-4.1.30.Final.jar:/home/user/.m2/repository/io/netty/netty-transport/4.1.30.Final/netty-transport-4.1.30.Final.jar:/home/user/.m2/repository/io/netty/netty-resolver/4.1.30.Final/netty-resolver-4.1.30.Final.jar:/home/user/.m2/repository/io/netty/netty-transport-native-unix-common/4.1.30.Final/netty-transport-native-unix-common-4.1.30.Final.jar:/home/user/.m2/repository/io/grpc/grpc-protobuf/1.17.1/grpc-protobuf-1.17.1.jar:/home/user/.m2/repository/com/google/api/grpc/proto-google-common-protos/1.0.0/proto-google-common-protos-1.0.0.jar:/home/user/.m2/repository/io/grpc/grpc-protobuf-lite/1.17.1/grpc-protobuf-lite-1.17.1.jar:/home/user/.m2/repository/io/grpc/grpc-stub/1.17.1/grpc-stub-1.17.1.jar:/home/user/.m2/repository/org/apache/hadoop/hadoop-ozone-recon/0.5.0-SNAPSHOT/hadoop-ozone-recon-0.5.0-SNAPSHOT.jar:/home/user/.m2/repository/org/apache/hadoop/hadoop-ozone-reconcodegen/0.5.0-SNAPSHOT/hadoop-ozone-reconcodegen-0.5.0-SNAPSHOT.jar:/home/user/.m2/repository/com/google/inject/extensions/guice-multibindings/4.0/guice-multibindings-4.0.jar:/home/user/.m2/repository/com/google/inject/guice/4.0/guice-4.0.jar:/home/user/.m2/repository/aopalliance/aopalliance/1.0/aopalliance-1.0.jar:/home/user/.m2/repository/com/google/inject/extensions/guice-servlet/4.0/guice-servlet-4.0.jar:/home/user/.m2/repository/org/glassfish/jersey/containers/jersey-container-servlet/2.27/jersey-container-servlet-2.27.jar:/home/user/.m2/repository/org/glassfish/hk2/guice-bridge/2.5.0/guice-bridge-2.5.0.jar:/home/user/.m2/repository/org/glassfish/jersey/core/jersey-server/2.27/jersey-server-2.27.jar:/home/user/.m2/repository/org/glassfish/jersey/core/jersey-client/2.27/jersey-client-2.27.jar:/home/user/.m2/repository/org/glassfish/jersey/media/jersey-media-jaxb/2.27/jersey-media-jaxb-2.27.jar:/home/user/.m2/repository/javax/validation/validation-api/1.1.0.Final/validation-api-1.1.0.Final.jar:/home/user/.m2/repository/org/glassfish/jersey/media/jersey-media-json-jackson/2.27/jersey-media-json-jackson-2.27.jar:/home/user/.m2/repository/org/glassfish/jersey/ext/jersey-entity-filtering/2.27/jersey-entity-filtering-2.27.jar:/home/user/.m2/repository/com/google/inject/extensions/guice-assistedinject/4.0/guice-assistedinject-4.0.jar:/home/user/.m2/repository/org/jooq/jooq/3.11.10/jooq-3.11.10.jar:/home/user/.m2/repository/org/jooq/jooq-meta/3.11.10/jooq-meta-3.11.10.jar:/home/user/.m2/repository/org/jooq/jooq-codegen/3.11.10/jooq-codegen-3.11.10.jar:/home/user/.m2/repository/com/jolbox/bonecp/0.8.0.RELEASE/bonecp-0.8.0.RELEASE.jar:/home/user/.m2/repository/org/xerial/sqlite-jdbc/3.25.2/sqlite-jdbc-3.25.2.jar:/home/user/.m2/repository/org/springframework/spring-jdbc/5.1.3.RELEASE/spring-jdbc-5.1.3.RELEASE.jar:/home/user/.m2/repository/org/springframework/spring-beans/5.1.3.RELEASE/spring-beans-5.1.3.RELEASE.jar:/home/user/.m2/repository/org/springframework/spring-core/5.1.3.RELEASE/spring-core-5.1.3.RELEASE.jar:/home/user/.m2/repository/org/springframework/spring-jcl/5.1.3.RELEASE/spring-jcl-5.1.3.RELEASE.jar:/home/user/.m2/repository/org/springframework/spring-tx/5.1.3.RELEASE/spring-tx-5.1.3.RELEASE.jar:/home/user/.m2/repository/org/apache/hadoop/hadoop-ozone-client/0.5.0-SNAPSHOT/hadoop-ozone-client-0.5.0-SNAPSHOT.jar:/home/user/.m2/repository/commons-lang/commons-lang/2.6/commons-lang-2.6.jar:/home/user/.m2/repository/org/apache/hadoop/hadoop-ozone-ozone-manager/0.5.0-SNAPSHOT/hadoop-ozone-ozone-manager-0.5.0-SNAPSHOT-tests.jar:/home/user/.m2/repository/junit/junit/4.11/junit-4.11.jar:/home/user/.m2/repository/org/hamcrest/hamcrest-core/1.3/hamcrest-core-1.3.jar:/home/user/.m2/repository/org/openjdk/jmh/jmh-core/1.19/jmh-core-1.19.jar:/home/user/.m2/repository/net/sf/jopt-simple/jopt-simple/4.6/jopt-simple-4.6.jar:/home/user/.m2/repository/org/apache/commons/commons-math3/3.1.1/commons-math3-3.1.1.jar:/home/user/.m2/repository/org/openjdk/jmh/jmh-generator-annprocess/1.19/jmh-generator-annprocess-1.19.jar:/home/user/.m2/repository/org/mockito/mockito-all/1.8.5/mockito-all-1.8.5.jar:/home/user/.m2/repository/org/apache/hadoop/hadoop-kms/3.2.0/hadoop-kms-3.2.0.jar:/home/user/.m2/repository/org/apache/hadoop/hadoop-auth/3.2.0/hadoop-auth-3.2.0.jar:/home/user/.m2/repository/com/nimbusds/nimbus-jose-jwt/4.41.1/nimbus-jose-jwt-4.41.1.jar:/home/user/.m2/repository/com/github/stephenc/jcip/jcip-annotations/1.0-1/jcip-annotations-1.0-1.jar:/home/user/.m2/repository/net/minidev/json-smart/2.3/json-smart-2.3.jar:/home/user/.m2/repository/net/minidev/accessors-smart/1.2/accessors-smart-1.2.jar:/home/user/.m2/repository/org/ow2/asm/asm/5.0.4/asm-5.0.4.jar:/home/user/.m2/repository/org/apache/curator/curator-framework/2.12.0/curator-framework-2.12.0.jar:/home/user/.m2/repository/com/sun/jersey/jersey-core/1.19/jersey-core-1.19.jar:/home/user/.m2/repository/javax/ws/rs/jsr311-api/1.1.1/jsr311-api-1.1.1.jar:/home/user/.m2/repository/com/sun/jersey/jersey-server/1.19/jersey-server-1.19.jar:/home/user/.m2/repository/javax/servlet/javax.servlet-api/3.1.0/javax.servlet-api-3.1.0.jar:/home/user/.m2/repository/org/eclipse/jetty/jetty-server/9.3.25.v20180904/jetty-server-9.3.25.v20180904.jar:/home/user/.m2/repository/org/eclipse/jetty/jetty-http/9.3.25.v20180904/jetty-http-9.3.25.v20180904.jar:/home/user/.m2/repository/org/eclipse/jetty/jetty-io/9.3.25.v20180904/jetty-io-9.3.25.v20180904.jar:/home/user/.m2/repository/org/eclipse/jetty/jetty-webapp/9.3.25.v20180904/jetty-webapp-9.3.25.v20180904.jar:/home/user/.m2/repository/org/eclipse/jetty/jetty-xml/9.3.25.v20180904/jetty-xml-9.3.25.v20180904.jar:/home/user/.m2/repository/log4j/log4j/1.2.17/log4j-1.2.17.jar:/home/user/.m2/repository/org/slf4j/slf4j-api/1.7.25/slf4j-api-1.7.25.jar:/home/user/.m2/repository/org/slf4j/jul-to-slf4j/1.7.25/jul-to-slf4j-1.7.25.jar:/home/user/.m2/repository/org/eclipse/jetty/jetty-util/9.3.25.v20180904/jetty-util-9.3.25.v20180904.jar:/home/user/.m2/repository/com/fasterxml/jackson/core/jackson-databind/2.9.9/jackson-databind-2.9.9.jar:/home/user/.m2/repository/org/apache/hadoop/hadoop-kms/3.2.0/hadoop-kms-3.2.0-tests.jar:/home/user/.m2/repository/org/apache/hadoop/hadoop-hdds-server-scm/0.5.0-SNAPSHOT/hadoop-hdds-server-scm-0.5.0-SNAPSHOT-tests.jar:/home/user/.m2/repository/org/apache/hadoop/hadoop-hdds-container-service/0.5.0-SNAPSHOT/hadoop-hdds-container-service-0.5.0-SNAPSHOT-tests.jar:/home/user/.m2/repository/org/yaml/snakeyaml/1.16/snakeyaml-1.16.jar:/home/user/.m2/repository/org/apache/hadoop/hadoop-common/3.2.0/hadoop-common-3.2.0-tests.jar:/home/user/.m2/repository/org/apache/hadoop/hadoop-annotations/3.2.0/hadoop-annotations-3.2.0.jar:/usr/lib/jvm/java-1.8-openjdk/jre/../lib/tools.jar:/home/user/.m2/repository/commons-cli/commons-cli/1.2/commons-cli-1.2.jar:/home/user/.m2/repository/org/apache/httpcomponents/httpclient/4.5.2/httpclient-4.5.2.jar:/home/user/.m2/repository/org/apache/httpcomponents/httpcore/4.4.4/httpcore-4.4.4.jar:/home/user/.m2/repository/commons-codec/commons-codec/1.11/commons-codec-1.11.jar:/home/user/.m2/repository/commons-net/commons-net/3.6/commons-net-3.6.jar:/home/user/.m2/repository/commons-collections/commons-collections/3.2.2/commons-collections-3.2.2.jar:/home/user/.m2/repository/org/eclipse/jetty/jetty-servlet/9.3.25.v20180904/jetty-servlet-9.3.25.v20180904.jar:/home/user/.m2/repository/org/eclipse/jetty/jetty-security/9.3.25.v20180904/jetty-security-9.3.25.v20180904.jar:/home/user/.m2/repository/javax/servlet/jsp/jsp-api/2.1/jsp-api-2.1.jar:/home/user/.m2/repository/com/sun/jersey/jersey-servlet/1.19/jersey-servlet-1.19.jar:/home/user/.m2/repository/com/sun/jersey/jersey-json/1.19/jersey-json-1.19.jar:/home/user/.m2/repository/org/codehaus/jettison/jettison/1.1/jettison-1.1.jar:/home/user/.m2/repository/org/codehaus/jackson/jackson-core-asl/1.9.13/jackson-core-asl-1.9.13.jar:/home/user/.m2/repository/org/codehaus/jackson/jackson-mapper-asl/1.9.13/jackson-mapper-asl-1.9.13.jar:/home/user/.m2/repository/org/codehaus/jackson/jackson-jaxrs/1.9.13/jackson-jaxrs-1.9.13.jar:/home/user/.m2/repository/org/codehaus/jackson/jackson-xc/1.9.13/jackson-xc-1.9.13.jar:/home/user/.m2/repository/commons-logging/commons-logging/1.1.3/commons-logging-1.1.3.jar:/home/user/.m2/repository/commons-beanutils/commons-beanutils/1.9.4/commons-beanutils-1.9.4.jar:/home/user/.m2/repository/org/apache/commons/commons-configuration2/2.1.1/commons-configuration2-2.1.1.jar:/home/user/.m2/repository/org/apache/commons/commons-lang3/3.7/commons-lang3-3.7.jar:/home/user/.m2/repository/org/apache/commons/commons-text/1.4/commons-text-1.4.jar:/home/user/.m2/repository/org/apache/avro/avro/1.7.7/avro-1.7.7.jar:/home/user/.m2/repository/com/thoughtworks/paranamer/paranamer/2.3/paranamer-2.3.jar:/home/user/.m2/repository/org/xerial/snappy/snappy-java/1.0.5/snappy-java-1.0.5.jar:/home/user/.m2/repository/com/google/re2j/re2j/1.1/re2j-1.1.jar:/home/user/.m2/repository/com/google/code/gson/gson/2.2.4/gson-2.2.4.jar:/home/user/.m2/repository/com/jcraft/jsch/0.1.54/jsch-0.1.54.jar:/home/user/.m2/repository/org/apache/curator/curator-client/2.12.0/curator-client-2.12.0.jar:/home/user/.m2/repository/org/apache/curator/curator-recipes/2.12.0/curator-recipes-2.12.0.jar:/home/user/.m2/repository/com/google/code/findbugs/jsr305/3.0.0/jsr305-3.0.0.jar:/home/user/.m2/repository/org/apache/htrace/htrace-core4/4.1.0-incubating/htrace-core4-4.1.0-incubating.jar:/home/user/.m2/repository/org/apache/zookeeper/zookeeper/3.4.13/zookeeper-3.4.13.jar:/home/user/.m2/repository/jline/jline/0.9.94/jline-0.9.94.jar:/home/user/.m2/repository/org/apache/yetus/audience-annotations/0.5.0/audience-annotations-0.5.0.jar:/home/user/.m2/repository/org/codehaus/woodstox/stax2-api/3.1.4/stax2-api-3.1.4.jar:/home/user/.m2/repository/com/fasterxml/woodstox/woodstox-core/5.0.3/woodstox-core-5.0.3.jar:/home/user/.m2/repository/dnsjava/dnsjava/2.1.7/dnsjava-2.1.7.jar:/home/user/.m2/repository/org/apache/hadoop/hadoop-hdfs/3.2.0/hadoop-hdfs-3.2.0-tests.jar:/home/user/.m2/repository/org/eclipse/jetty/jetty-util-ajax/9.3.25.v20180904/jetty-util-ajax-9.3.25.v20180904.jar:/home/user/.m2/repository/commons-daemon/commons-daemon/1.0.13/commons-daemon-1.0.13.jar:/home/user/.m2/repository/io/netty/netty/3.10.5.Final/netty-3.10.5.Final.jar:/home/user/.m2/repository/io/netty/netty-all/4.0.52.Final/netty-all-4.0.52.Final.jar:/home/user/.m2/repository/org/fusesource/leveldbjni/leveldbjni-all/1.8/leveldbjni-all-1.8.jar:"/>
    <property name="java.vm.vendor" value="IcedTea"/>
    <property name="sun.arch.data.model" value="64"/>
    <property name="test.build.dir" value="/workdir/hadoop-ozone/integration-test/target/test-dir"/>
    <property name="test.cache.data" value=""/>
    <property name="java.vendor.url" value="https://icedtea.classpath.org"/>
    <property name="user.timezone" value=""/>
    <property name="java.vm.specification.version" value="1.8"/>
    <property name="os.name" value="Linux"/>
    <property name="test.build.data" value="/workdir/hadoop-ozone/integration-test/target/test-dir"/>
    <property name="user.country" value="US"/>
    <property name="sun.java.launcher" value="SUN_STANDARD"/>
    <property name="sun.boot.library.path" value="/usr/lib/jvm/java-1.8-openjdk/jre/lib/amd64"/>
    <property name="sun.java.command" value="/workdir/hadoop-ozone/integration-test/target/surefire/surefirebooter1376395392230088226.jar /workdir/hadoop-ozone/integration-test/target/surefire 2019-09-27T18-55-27_449-jvmRun1 surefire7543741154340064183tmp surefire_727363763124520785475tmp"/>
    <property name="test" value="!TestMiniChaosOzoneCluster"/>
    <property name="surefire.test.class.path" value="/workdir/hadoop-ozone/integration-test/target/test-classes:/workdir/hadoop-ozone/integration-test/target/classes:/home/user/.m2/repository/org/apache/hadoop/hadoop-ozone-common/0.5.0-SNAPSHOT/hadoop-ozone-common-0.5.0-SNAPSHOT.jar:/home/user/.m2/repository/org/apache/commons/commons-compress/1.4.1/commons-compress-1.4.1.jar:/home/user/.m2/repository/org/tukaani/xz/1.0/xz-1.0.jar:/home/user/.m2/repository/org/apache/hadoop/hadoop-common/3.2.0/hadoop-common-3.2.0.jar:/home/user/.m2/repository/org/apache/hadoop/hadoop-hdfs/3.2.0/hadoop-hdfs-3.2.0.jar:/home/user/.m2/repository/org/apache/hadoop/hadoop-hdfs-client/3.2.0/hadoop-hdfs-client-3.2.0.jar:/home/user/.m2/repository/com/fasterxml/jackson/core/jackson-annotations/2.9.9/jackson-annotations-2.9.9.jar:/home/user/.m2/repository/org/apache/hadoop/hadoop-hdds-common/0.5.0-SNAPSHOT/hadoop-hdds-common-0.5.0-SNAPSHOT.jar:/home/user/.m2/repository/javax/annotation/javax.annotation-api/1.2/javax.annotation-api-1.2.jar:/home/user/.m2/repository/org/apache/ratis/ratis-server/0.4.0/ratis-server-0.4.0.jar:/home/user/.m2/repository/org/apache/ratis/ratis-thirdparty-misc/0.2.0/ratis-thirdparty-misc-0.2.0.jar:/home/user/.m2/repository/org/apache/ratis/ratis-proto/0.4.0/ratis-proto-0.4.0.jar:/home/user/.m2/repository/org/apache/ratis/ratis-common/0.4.0/ratis-common-0.4.0.jar:/home/user/.m2/repository/org/apache/ratis/ratis-client/0.4.0/ratis-client-0.4.0.jar:/home/user/.m2/repository/org/apache/ratis/ratis-metrics/0.4.0/ratis-metrics-0.4.0.jar:/home/user/.m2/repository/com/github/joshelser/dropwizard-metrics-hadoop-metrics2-reporter/0.1.2/dropwizard-metrics-hadoop-metrics2-reporter-0.1.2.jar:/home/user/.m2/repository/io/dropwizard/metrics/metrics-jvm/3.2.5/metrics-jvm-3.2.5.jar:/home/user/.m2/repository/io/dropwizard/metrics/metrics-ganglia/3.2.5/metrics-ganglia-3.2.5.jar:/home/user/.m2/repository/info/ganglia/gmetric4j/gmetric4j/1.0.7/gmetric4j-1.0.7.jar:/home/user/.m2/repository/org/apache/ratis/ratis-netty/0.4.0/ratis-netty-0.4.0.jar:/home/user/.m2/repository/org/apache/ratis/ratis-grpc/0.4.0/ratis-grpc-0.4.0.jar:/home/user/.m2/repository/org/rocksdb/rocksdbjni/6.0.1/rocksdbjni-6.0.1.jar:/home/user/.m2/repository/org/apache/logging/log4j/log4j-api/2.11.0/log4j-api-2.11.0.jar:/home/user/.m2/repository/org/apache/logging/log4j/log4j-core/2.11.0/log4j-core-2.11.0.jar:/home/user/.m2/repository/com/lmax/disruptor/3.4.2/disruptor-3.4.2.jar:/home/user/.m2/repository/org/apache/commons/commons-pool2/2.6.0/commons-pool2-2.6.0.jar:/home/user/.m2/repository/org/bouncycastle/bcpkix-jdk15on/1.60/bcpkix-jdk15on-1.60.jar:/home/user/.m2/repository/commons-validator/commons-validator/1.6/commons-validator-1.6.jar:/home/user/.m2/repository/commons-digester/commons-digester/1.8.1/commons-digester-1.8.1.jar:/home/user/.m2/repository/io/jaegertracing/jaeger-client/0.34.0/jaeger-client-0.34.0.jar:/home/user/.m2/repository/io/jaegertracing/jaeger-thrift/0.34.0/jaeger-thrift-0.34.0.jar:/home/user/.m2/repository/org/apache/thrift/libthrift/0.12.0/libthrift-0.12.0.jar:/home/user/.m2/repository/com/squareup/okhttp3/okhttp/3.9.0/okhttp-3.9.0.jar:/home/user/.m2/repository/com/squareup/okio/okio/1.13.0/okio-1.13.0.jar:/home/user/.m2/repository/io/jaegertracing/jaeger-core/0.34.0/jaeger-core-0.34.0.jar:/home/user/.m2/repository/io/jaegertracing/jaeger-tracerresolver/0.34.0/jaeger-tracerresolver-0.34.0.jar:/home/user/.m2/repository/io/opentracing/contrib/opentracing-tracerresolver/0.1.5/opentracing-tracerresolver-0.1.5.jar:/home/user/.m2/repository/io/opentracing/opentracing-util/0.31.0/opentracing-util-0.31.0.jar:/home/user/.m2/repository/io/opentracing/opentracing-api/0.31.0/opentracing-api-0.31.0.jar:/home/user/.m2/repository/io/opentracing/opentracing-noop/0.31.0/opentracing-noop-0.31.0.jar:/home/user/.m2/repository/org/apache/hadoop/hadoop-hdds-server-framework/0.5.0-SNAPSHOT/hadoop-hdds-server-framework-0.5.0-SNAPSHOT.jar:/home/user/.m2/repository/org/apache/hadoop/hadoop-hdds-container-service/0.5.0-SNAPSHOT/hadoop-hdds-container-service-0.5.0-SNAPSHOT.jar:/home/user/.m2/repository/org/apache/hadoop/hadoop-hdds-client/0.5.0-SNAPSHOT/hadoop-hdds-client-0.5.0-SNAPSHOT.jar:/home/user/.m2/repository/org/apache/hadoop/hadoop-hdds-tools/0.5.0-SNAPSHOT/hadoop-hdds-tools-0.5.0-SNAPSHOT.jar:/home/user/.m2/repository/org/apache/hadoop/hadoop-hdds-server-scm/0.5.0-SNAPSHOT/hadoop-hdds-server-scm-0.5.0-SNAPSHOT.jar:/home/user/.m2/repository/org/apache/hadoop/hadoop-hdds-docs/0.5.0-SNAPSHOT/hadoop-hdds-docs-0.5.0-SNAPSHOT.jar:/home/user/.m2/repository/io/dropwizard/metrics/metrics-core/3.2.4/metrics-core-3.2.4.jar:/home/user/.m2/repository/org/hamcrest/hamcrest-all/1.3/hamcrest-all-1.3.jar:/home/user/.m2/repository/org/bouncycastle/bcprov-jdk15on/1.60/bcprov-jdk15on-1.60.jar:/home/user/.m2/repository/info/picocli/picocli/3.9.6/picocli-3.9.6.jar:/home/user/.m2/repository/com/google/protobuf/protobuf-java/2.5.0/protobuf-java-2.5.0.jar:/home/user/.m2/repository/com/google/guava/guava/11.0.2/guava-11.0.2.jar:/home/user/.m2/repository/org/apache/hadoop/hadoop-ozone-ozone-manager/0.5.0-SNAPSHOT/hadoop-ozone-ozone-manager-0.5.0-SNAPSHOT.jar:/home/user/.m2/repository/org/apache/hadoop/hadoop-minikdc/3.2.0/hadoop-minikdc-3.2.0.jar:/home/user/.m2/repository/commons-io/commons-io/2.5/commons-io-2.5.jar:/home/user/.m2/repository/org/apache/kerby/kerb-simplekdc/1.0.1/kerb-simplekdc-1.0.1.jar:/home/user/.m2/repository/org/apache/kerby/kerb-client/1.0.1/kerb-client-1.0.1.jar:/home/user/.m2/repository/org/apache/kerby/kerby-config/1.0.1/kerby-config-1.0.1.jar:/home/user/.m2/repository/org/apache/kerby/kerb-core/1.0.1/kerb-core-1.0.1.jar:/home/user/.m2/repository/org/apache/kerby/kerby-pkix/1.0.1/kerby-pkix-1.0.1.jar:/home/user/.m2/repository/org/apache/kerby/kerby-asn1/1.0.1/kerby-asn1-1.0.1.jar:/home/user/.m2/repository/org/apache/kerby/kerby-util/1.0.1/kerby-util-1.0.1.jar:/home/user/.m2/repository/org/apache/kerby/kerb-common/1.0.1/kerb-common-1.0.1.jar:/home/user/.m2/repository/org/apache/kerby/kerb-crypto/1.0.1/kerb-crypto-1.0.1.jar:/home/user/.m2/repository/org/apache/kerby/kerb-util/1.0.1/kerb-util-1.0.1.jar:/home/user/.m2/repository/org/apache/kerby/token-provider/1.0.1/token-provider-1.0.1.jar:/home/user/.m2/repository/org/apache/kerby/kerb-admin/1.0.1/kerb-admin-1.0.1.jar:/home/user/.m2/repository/org/apache/kerby/kerb-server/1.0.1/kerb-server-1.0.1.jar:/home/user/.m2/repository/org/apache/kerby/kerb-identity/1.0.1/kerb-identity-1.0.1.jar:/home/user/.m2/repository/org/apache/kerby/kerby-xdr/1.0.1/kerby-xdr-1.0.1.jar:/home/user/.m2/repository/org/slf4j/slf4j-log4j12/1.7.25/slf4j-log4j12-1.7.25.jar:/home/user/.m2/repository/org/apache/hadoop/hadoop-ozone-s3gateway/0.5.0-SNAPSHOT/hadoop-ozone-s3gateway-0.5.0-SNAPSHOT.jar:/home/user/.m2/repository/org/jboss/weld/servlet/weld-servlet/2.4.7.Final/weld-servlet-2.4.7.Final.jar:/home/user/.m2/repository/org/glassfish/jersey/containers/jersey-container-servlet-core/2.27/jersey-container-servlet-core-2.27.jar:/home/user/.m2/repository/org/glassfish/hk2/external/javax.inject/2.5.0-b42/javax.inject-2.5.0-b42.jar:/home/user/.m2/repository/org/glassfish/jersey/core/jersey-common/2.27/jersey-common-2.27.jar:/home/user/.m2/repository/org/glassfish/hk2/osgi-resource-locator/1.0.1/osgi-resource-locator-1.0.1.jar:/home/user/.m2/repository/javax/ws/rs/javax.ws.rs-api/2.1/javax.ws.rs-api-2.1.jar:/home/user/.m2/repository/org/glassfish/jersey/ext/cdi/jersey-cdi1x/2.27/jersey-cdi1x-2.27.jar:/home/user/.m2/repository/org/glassfish/jersey/inject/jersey-hk2/2.27/jersey-hk2-2.27.jar:/home/user/.m2/repository/org/glassfish/hk2/hk2-locator/2.5.0-b42/hk2-locator-2.5.0-b42.jar:/home/user/.m2/repository/org/javassist/javassist/3.22.0-CR2/javassist-3.22.0-CR2.jar:/home/user/.m2/repository/org/glassfish/hk2/hk2-api/2.5.0/hk2-api-2.5.0.jar:/home/user/.m2/repository/org/glassfish/hk2/external/jakarta.inject/2.5.0/jakarta.inject-2.5.0.jar:/home/user/.m2/repository/org/glassfish/hk2/hk2-utils/2.5.0/hk2-utils-2.5.0.jar:/home/user/.m2/repository/jakarta/annotation/jakarta.annotation-api/1.3.4/jakarta.annotation-api-1.3.4.jar:/home/user/.m2/repository/org/glassfish/hk2/external/aopalliance-repackaged/2.5.0/aopalliance-repackaged-2.5.0.jar:/home/user/.m2/repository/com/fasterxml/jackson/dataformat/jackson-dataformat-xml/2.9.0/jackson-dataformat-xml-2.9.0.jar:/home/user/.m2/repository/com/fasterxml/jackson/core/jackson-core/2.9.9/jackson-core-2.9.9.jar:/home/user/.m2/repository/com/fasterxml/jackson/module/jackson-module-jaxb-annotations/2.9.9/jackson-module-jaxb-annotations-2.9.9.jar:/home/user/.m2/repository/javax/enterprise/cdi-api/1.2/cdi-api-1.2.jar:/home/user/.m2/repository/javax/el/javax.el-api/3.0.0/javax.el-api-3.0.0.jar:/home/user/.m2/repository/javax/interceptor/javax.interceptor-api/1.2/javax.interceptor-api-1.2.jar:/home/user/.m2/repository/javax/inject/javax.inject/1/javax.inject-1.jar:/home/user/.m2/repository/com/sun/xml/bind/jaxb-impl/2.3.0.1/jaxb-impl-2.3.0.1.jar:/home/user/.m2/repository/com/sun/xml/bind/jaxb-core/2.3.0.1/jaxb-core-2.3.0.1.jar:/home/user/.m2/repository/javax/xml/bind/jaxb-api/2.3.0/jaxb-api-2.3.0.jar:/home/user/.m2/repository/javax/activation/activation/1.1.1/activation-1.1.1.jar:/home/user/.m2/repository/org/apache/hadoop/hadoop-ozone-csi/0.5.0-SNAPSHOT/hadoop-ozone-csi-0.5.0-SNAPSHOT.jar:/home/user/.m2/repository/com/google/protobuf/protobuf-java-util/3.5.1/protobuf-java-util-3.5.1.jar:/home/user/.m2/repository/org/apache/hadoop/hadoop-hdds-config/0.5.0-SNAPSHOT/hadoop-hdds-config-0.5.0-SNAPSHOT.jar:/home/user/.m2/repository/io/grpc/grpc-netty/1.17.1/grpc-netty-1.17.1.jar:/home/user/.m2/repository/io/grpc/grpc-core/1.17.1/grpc-core-1.17.1.jar:/home/user/.m2/repository/io/grpc/grpc-context/1.17.1/grpc-context-1.17.1.jar:/home/user/.m2/repository/com/google/errorprone/error_prone_annotations/2.2.0/error_prone_annotations-2.2.0.jar:/home/user/.m2/repository/org/codehaus/mojo/animal-sniffer-annotations/1.17/animal-sniffer-annotations-1.17.jar:/home/user/.m2/repository/io/opencensus/opencensus-api/0.17.0/opencensus-api-0.17.0.jar:/home/user/.m2/repository/io/opencensus/opencensus-contrib-grpc-metrics/0.17.0/opencensus-contrib-grpc-metrics-0.17.0.jar:/home/user/.m2/repository/io/netty/netty-codec-http2/4.1.30.Final/netty-codec-http2-4.1.30.Final.jar:/home/user/.m2/repository/io/netty/netty-codec-http/4.1.30.Final/netty-codec-http-4.1.30.Final.jar:/home/user/.m2/repository/io/netty/netty-codec/4.1.30.Final/netty-codec-4.1.30.Final.jar:/home/user/.m2/repository/io/netty/netty-handler/4.1.30.Final/netty-handler-4.1.30.Final.jar:/home/user/.m2/repository/io/netty/netty-handler-proxy/4.1.30.Final/netty-handler-proxy-4.1.30.Final.jar:/home/user/.m2/repository/io/netty/netty-codec-socks/4.1.30.Final/netty-codec-socks-4.1.30.Final.jar:/home/user/.m2/repository/io/netty/netty-transport-native-epoll/4.1.30.Final/netty-transport-native-epoll-4.1.30.Final.jar:/home/user/.m2/repository/io/netty/netty-common/4.1.30.Final/netty-common-4.1.30.Final.jar:/home/user/.m2/repository/io/netty/netty-buffer/4.1.30.Final/netty-buffer-4.1.30.Final.jar:/home/user/.m2/repository/io/netty/netty-transport/4.1.30.Final/netty-transport-4.1.30.Final.jar:/home/user/.m2/repository/io/netty/netty-resolver/4.1.30.Final/netty-resolver-4.1.30.Final.jar:/home/user/.m2/repository/io/netty/netty-transport-native-unix-common/4.1.30.Final/netty-transport-native-unix-common-4.1.30.Final.jar:/home/user/.m2/repository/io/grpc/grpc-protobuf/1.17.1/grpc-protobuf-1.17.1.jar:/home/user/.m2/repository/com/google/api/grpc/proto-google-common-protos/1.0.0/proto-google-common-protos-1.0.0.jar:/home/user/.m2/repository/io/grpc/grpc-protobuf-lite/1.17.1/grpc-protobuf-lite-1.17.1.jar:/home/user/.m2/repository/io/grpc/grpc-stub/1.17.1/grpc-stub-1.17.1.jar:/home/user/.m2/repository/org/apache/hadoop/hadoop-ozone-recon/0.5.0-SNAPSHOT/hadoop-ozone-recon-0.5.0-SNAPSHOT.jar:/home/user/.m2/repository/org/apache/hadoop/hadoop-ozone-reconcodegen/0.5.0-SNAPSHOT/hadoop-ozone-reconcodegen-0.5.0-SNAPSHOT.jar:/home/user/.m2/repository/com/google/inject/extensions/guice-multibindings/4.0/guice-multibindings-4.0.jar:/home/user/.m2/repository/com/google/inject/guice/4.0/guice-4.0.jar:/home/user/.m2/repository/aopalliance/aopalliance/1.0/aopalliance-1.0.jar:/home/user/.m2/repository/com/google/inject/extensions/guice-servlet/4.0/guice-servlet-4.0.jar:/home/user/.m2/repository/org/glassfish/jersey/containers/jersey-container-servlet/2.27/jersey-container-servlet-2.27.jar:/home/user/.m2/repository/org/glassfish/hk2/guice-bridge/2.5.0/guice-bridge-2.5.0.jar:/home/user/.m2/repository/org/glassfish/jersey/core/jersey-server/2.27/jersey-server-2.27.jar:/home/user/.m2/repository/org/glassfish/jersey/core/jersey-client/2.27/jersey-client-2.27.jar:/home/user/.m2/repository/org/glassfish/jersey/media/jersey-media-jaxb/2.27/jersey-media-jaxb-2.27.jar:/home/user/.m2/repository/javax/validation/validation-api/1.1.0.Final/validation-api-1.1.0.Final.jar:/home/user/.m2/repository/org/glassfish/jersey/media/jersey-media-json-jackson/2.27/jersey-media-json-jackson-2.27.jar:/home/user/.m2/repository/org/glassfish/jersey/ext/jersey-entity-filtering/2.27/jersey-entity-filtering-2.27.jar:/home/user/.m2/repository/com/google/inject/extensions/guice-assistedinject/4.0/guice-assistedinject-4.0.jar:/home/user/.m2/repository/org/jooq/jooq/3.11.10/jooq-3.11.10.jar:/home/user/.m2/repository/org/jooq/jooq-meta/3.11.10/jooq-meta-3.11.10.jar:/home/user/.m2/repository/org/jooq/jooq-codegen/3.11.10/jooq-codegen-3.11.10.jar:/home/user/.m2/repository/com/jolbox/bonecp/0.8.0.RELEASE/bonecp-0.8.0.RELEASE.jar:/home/user/.m2/repository/org/xerial/sqlite-jdbc/3.25.2/sqlite-jdbc-3.25.2.jar:/home/user/.m2/repository/org/springframework/spring-jdbc/5.1.3.RELEASE/spring-jdbc-5.1.3.RELEASE.jar:/home/user/.m2/repository/org/springframework/spring-beans/5.1.3.RELEASE/spring-beans-5.1.3.RELEASE.jar:/home/user/.m2/repository/org/springframework/spring-core/5.1.3.RELEASE/spring-core-5.1.3.RELEASE.jar:/home/user/.m2/repository/org/springframework/spring-jcl/5.1.3.RELEASE/spring-jcl-5.1.3.RELEASE.jar:/home/user/.m2/repository/org/springframework/spring-tx/5.1.3.RELEASE/spring-tx-5.1.3.RELEASE.jar:/home/user/.m2/repository/org/apache/hadoop/hadoop-ozone-client/0.5.0-SNAPSHOT/hadoop-ozone-client-0.5.0-SNAPSHOT.jar:/home/user/.m2/repository/commons-lang/commons-lang/2.6/commons-lang-2.6.jar:/home/user/.m2/repository/org/apache/hadoop/hadoop-ozone-ozone-manager/0.5.0-SNAPSHOT/hadoop-ozone-ozone-manager-0.5.0-SNAPSHOT-tests.jar:/home/user/.m2/repository/junit/junit/4.11/junit-4.11.jar:/home/user/.m2/repository/org/hamcrest/hamcrest-core/1.3/hamcrest-core-1.3.jar:/home/user/.m2/repository/org/openjdk/jmh/jmh-core/1.19/jmh-core-1.19.jar:/home/user/.m2/repository/net/sf/jopt-simple/jopt-simple/4.6/jopt-simple-4.6.jar:/home/user/.m2/repository/org/apache/commons/commons-math3/3.1.1/commons-math3-3.1.1.jar:/home/user/.m2/repository/org/openjdk/jmh/jmh-generator-annprocess/1.19/jmh-generator-annprocess-1.19.jar:/home/user/.m2/repository/org/mockito/mockito-all/1.8.5/mockito-all-1.8.5.jar:/home/user/.m2/repository/org/apache/hadoop/hadoop-kms/3.2.0/hadoop-kms-3.2.0.jar:/home/user/.m2/repository/org/apache/hadoop/hadoop-auth/3.2.0/hadoop-auth-3.2.0.jar:/home/user/.m2/repository/com/nimbusds/nimbus-jose-jwt/4.41.1/nimbus-jose-jwt-4.41.1.jar:/home/user/.m2/repository/com/github/stephenc/jcip/jcip-annotations/1.0-1/jcip-annotations-1.0-1.jar:/home/user/.m2/repository/net/minidev/json-smart/2.3/json-smart-2.3.jar:/home/user/.m2/repository/net/minidev/accessors-smart/1.2/accessors-smart-1.2.jar:/home/user/.m2/repository/org/ow2/asm/asm/5.0.4/asm-5.0.4.jar:/home/user/.m2/repository/org/apache/curator/curator-framework/2.12.0/curator-framework-2.12.0.jar:/home/user/.m2/repository/com/sun/jersey/jersey-core/1.19/jersey-core-1.19.jar:/home/user/.m2/repository/javax/ws/rs/jsr311-api/1.1.1/jsr311-api-1.1.1.jar:/home/user/.m2/repository/com/sun/jersey/jersey-server/1.19/jersey-server-1.19.jar:/home/user/.m2/repository/javax/servlet/javax.servlet-api/3.1.0/javax.servlet-api-3.1.0.jar:/home/user/.m2/repository/org/eclipse/jetty/jetty-server/9.3.25.v20180904/jetty-server-9.3.25.v20180904.jar:/home/user/.m2/repository/org/eclipse/jetty/jetty-http/9.3.25.v20180904/jetty-http-9.3.25.v20180904.jar:/home/user/.m2/repository/org/eclipse/jetty/jetty-io/9.3.25.v20180904/jetty-io-9.3.25.v20180904.jar:/home/user/.m2/repository/org/eclipse/jetty/jetty-webapp/9.3.25.v20180904/jetty-webapp-9.3.25.v20180904.jar:/home/user/.m2/repository/org/eclipse/jetty/jetty-xml/9.3.25.v20180904/jetty-xml-9.3.25.v20180904.jar:/home/user/.m2/repository/log4j/log4j/1.2.17/log4j-1.2.17.jar:/home/user/.m2/repository/org/slf4j/slf4j-api/1.7.25/slf4j-api-1.7.25.jar:/home/user/.m2/repository/org/slf4j/jul-to-slf4j/1.7.25/jul-to-slf4j-1.7.25.jar:/home/user/.m2/repository/org/eclipse/jetty/jetty-util/9.3.25.v20180904/jetty-util-9.3.25.v20180904.jar:/home/user/.m2/repository/com/fasterxml/jackson/core/jackson-databind/2.9.9/jackson-databind-2.9.9.jar:/home/user/.m2/repository/org/apache/hadoop/hadoop-kms/3.2.0/hadoop-kms-3.2.0-tests.jar:/home/user/.m2/repository/org/apache/hadoop/hadoop-hdds-server-scm/0.5.0-SNAPSHOT/hadoop-hdds-server-scm-0.5.0-SNAPSHOT-tests.jar:/home/user/.m2/repository/org/apache/hadoop/hadoop-hdds-container-service/0.5.0-SNAPSHOT/hadoop-hdds-container-service-0.5.0-SNAPSHOT-tests.jar:/home/user/.m2/repository/org/yaml/snakeyaml/1.16/snakeyaml-1.16.jar:/home/user/.m2/repository/org/apache/hadoop/hadoop-common/3.2.0/hadoop-common-3.2.0-tests.jar:/home/user/.m2/repository/org/apache/hadoop/hadoop-annotations/3.2.0/hadoop-annotations-3.2.0.jar:/usr/lib/jvm/java-1.8-openjdk/jre/../lib/tools.jar:/home/user/.m2/repository/commons-cli/commons-cli/1.2/commons-cli-1.2.jar:/home/user/.m2/repository/org/apache/httpcomponents/httpclient/4.5.2/httpclient-4.5.2.jar:/home/user/.m2/repository/org/apache/httpcomponents/httpcore/4.4.4/httpcore-4.4.4.jar:/home/user/.m2/repository/commons-codec/commons-codec/1.11/commons-codec-1.11.jar:/home/user/.m2/repository/commons-net/commons-net/3.6/commons-net-3.6.jar:/home/user/.m2/repository/commons-collections/commons-collections/3.2.2/commons-collections-3.2.2.jar:/home/user/.m2/repository/org/eclipse/jetty/jetty-servlet/9.3.25.v20180904/jetty-servlet-9.3.25.v20180904.jar:/home/user/.m2/repository/org/eclipse/jetty/jetty-security/9.3.25.v20180904/jetty-security-9.3.25.v20180904.jar:/home/user/.m2/repository/javax/servlet/jsp/jsp-api/2.1/jsp-api-2.1.jar:/home/user/.m2/repository/com/sun/jersey/jersey-servlet/1.19/jersey-servlet-1.19.jar:/home/user/.m2/repository/com/sun/jersey/jersey-json/1.19/jersey-json-1.19.jar:/home/user/.m2/repository/org/codehaus/jettison/jettison/1.1/jettison-1.1.jar:/home/user/.m2/repository/org/codehaus/jackson/jackson-core-asl/1.9.13/jackson-core-asl-1.9.13.jar:/home/user/.m2/repository/org/codehaus/jackson/jackson-mapper-asl/1.9.13/jackson-mapper-asl-1.9.13.jar:/home/user/.m2/repository/org/codehaus/jackson/jackson-jaxrs/1.9.13/jackson-jaxrs-1.9.13.jar:/home/user/.m2/repository/org/codehaus/jackson/jackson-xc/1.9.13/jackson-xc-1.9.13.jar:/home/user/.m2/repository/commons-logging/commons-logging/1.1.3/commons-logging-1.1.3.jar:/home/user/.m2/repository/commons-beanutils/commons-beanutils/1.9.4/commons-beanutils-1.9.4.jar:/home/user/.m2/repository/org/apache/commons/commons-configuration2/2.1.1/commons-configuration2-2.1.1.jar:/home/user/.m2/repository/org/apache/commons/commons-lang3/3.7/commons-lang3-3.7.jar:/home/user/.m2/repository/org/apache/commons/commons-text/1.4/commons-text-1.4.jar:/home/user/.m2/repository/org/apache/avro/avro/1.7.7/avro-1.7.7.jar:/home/user/.m2/repository/com/thoughtworks/paranamer/paranamer/2.3/paranamer-2.3.jar:/home/user/.m2/repository/org/xerial/snappy/snappy-java/1.0.5/snappy-java-1.0.5.jar:/home/user/.m2/repository/com/google/re2j/re2j/1.1/re2j-1.1.jar:/home/user/.m2/repository/com/google/code/gson/gson/2.2.4/gson-2.2.4.jar:/home/user/.m2/repository/com/jcraft/jsch/0.1.54/jsch-0.1.54.jar:/home/user/.m2/repository/org/apache/curator/curator-client/2.12.0/curator-client-2.12.0.jar:/home/user/.m2/repository/org/apache/curator/curator-recipes/2.12.0/curator-recipes-2.12.0.jar:/home/user/.m2/repository/com/google/code/findbugs/jsr305/3.0.0/jsr305-3.0.0.jar:/home/user/.m2/repository/org/apache/htrace/htrace-core4/4.1.0-incubating/htrace-core4-4.1.0-incubating.jar:/home/user/.m2/repository/org/apache/zookeeper/zookeeper/3.4.13/zookeeper-3.4.13.jar:/home/user/.m2/repository/jline/jline/0.9.94/jline-0.9.94.jar:/home/user/.m2/repository/org/apache/yetus/audience-annotations/0.5.0/audience-annotations-0.5.0.jar:/home/user/.m2/repository/org/codehaus/woodstox/stax2-api/3.1.4/stax2-api-3.1.4.jar:/home/user/.m2/repository/com/fasterxml/woodstox/woodstox-core/5.0.3/woodstox-core-5.0.3.jar:/home/user/.m2/repository/dnsjava/dnsjava/2.1.7/dnsjava-2.1.7.jar:/home/user/.m2/repository/org/apache/hadoop/hadoop-hdfs/3.2.0/hadoop-hdfs-3.2.0-tests.jar:/home/user/.m2/repository/org/eclipse/jetty/jetty-util-ajax/9.3.25.v20180904/jetty-util-ajax-9.3.25.v20180904.jar:/home/user/.m2/repository/commons-daemon/commons-daemon/1.0.13/commons-daemon-1.0.13.jar:/home/user/.m2/repository/io/netty/netty/3.10.5.Final/netty-3.10.5.Final.jar:/home/user/.m2/repository/io/netty/netty-all/4.0.52.Final/netty-all-4.0.52.Final.jar:/home/user/.m2/repository/org/fusesource/leveldbjni/leveldbjni-all/1.8/leveldbjni-all-1.8.jar:"/>
    <property name="sun.cpu.endian" value="little"/>
    <property name="user.home" value="/home/user"/>
    <property name="user.language" value="en"/>
    <property name="java.specification.vendor" value="Oracle Corporation"/>
    <property name="java.home" value="/usr/lib/jvm/java-1.8-openjdk/jre"/>
    <property name="java.security.krb5.conf" value="/workdir/hadoop-ozone/integration-test/target/test-classes/krb5.conf"/>
    <property name="basedir" value="/workdir/hadoop-ozone/integration-test"/>
    <property name="file.separator" value="/"/>
    <property name="line.separator" value="&#10;"/>
    <property name="java.vm.specification.vendor" value="Oracle Corporation"/>
    <property name="java.specification.name" value="Java Platform API Specification"/>
    <property name="java.awt.graphicsenv" value="sun.awt.X11GraphicsEnvironment"/>
    <property name="surefire.real.class.path" value="/workdir/hadoop-ozone/integration-test/target/surefire/surefirebooter1376395392230088226.jar"/>
    <property name="hadoop.log.dir" value="/workdir/hadoop-ozone/integration-test/target/log"/>
    <property name="sun.boot.class.path" value="/usr/lib/jvm/java-1.8-openjdk/jre/lib/resources.jar:/usr/lib/jvm/java-1.8-openjdk/jre/lib/rt.jar:/usr/lib/jvm/java-1.8-openjdk/jre/lib/sunrsasign.jar:/usr/lib/jvm/java-1.8-openjdk/jre/lib/jsse.jar:/usr/lib/jvm/java-1.8-openjdk/jre/lib/jce.jar:/usr/lib/jvm/java-1.8-openjdk/jre/lib/charsets.jar:/usr/lib/jvm/java-1.8-openjdk/jre/lib/jfr.jar:/usr/lib/jvm/java-1.8-openjdk/jre/classes"/>
    <property name="sun.management.compiler" value="HotSpot 64-Bit Tiered Compilers"/>
    <property name="java.runtime.version" value="1.8.0_212-b04"/>
    <property name="java.net.preferIPv4Stack" value="true"/>
    <property name="user.name" value="jenkins1000"/>
    <property name="path.separator" value=":"/>
    <property name="java.security.egd" value="file:///dev/urandom"/>
    <property name="os.version" value="3.10.0-957.12.2.el7.x86_64"/>
    <property name="java.endorsed.dirs" value="/usr/lib/jvm/java-1.8-openjdk/jre/lib/endorsed"/>
    <property name="java.runtime.name" value="OpenJDK Runtime Environment"/>
    <property name="file.encoding" value="UTF-8"/>
    <property name="java.vm.name" value="OpenJDK 64-Bit Server VM"/>
    <property name="test.build.webapps" value=""/>
    <property name="localRepository" value="/home/user/.m2/repository"/>
    <property name="java.vendor.url.bug" value="https://icedtea.classpath.org/bugzilla"/>
    <property name="java.io.tmpdir" value="/tmp"/>
    <property name="require.test.libhadoop" value=""/>
    <property name="java.version" value="1.8.0_212"/>
    <property name="user.dir" value="/workdir/hadoop-ozone/integration-test"/>
    <property name="os.arch" value="amd64"/>
    <property name="java.vm.specification.name" value="Java Virtual Machine Specification"/>
    <property name="test.build.classes" value="/workdir/hadoop-ozone/integration-test/target/test-classes"/>
    <property name="java.awt.printerjob" value="sun.print.PSPrinterJob"/>
    <property name="sun.os.patch.level" value="unknown"/>
    <property name="hadoop.tmp.dir" value="/workdir/hadoop-ozone/integration-test/target/tmp"/>
    <property name="java.library.path" value="/usr/lib/jvm/java-1.8-openjdk/jre/lib/amd64/server:/usr/lib/jvm/java-1.8-openjdk/jre/lib/amd64:/usr/lib/jvm/java-1.8-openjdk/jre/../lib/amd64:/workdir/hadoop-ozone/integration-test/target/native/target/usr/local/lib:/workdir/hadoop-ozone/integration-test/../../hadoop-common-project/hadoop-common/target/native/target/usr/local/lib:/usr/java/packages/lib/amd64:/usr/lib64:/lib64:/lib:/usr/lib"/>
    <property name="java.vm.info" value="mixed mode"/>
    <property name="java.vendor" value="IcedTea"/>
    <property name="java.vm.version" value="25.212-b04"/>
    <property name="java.ext.dirs" value="/usr/lib/jvm/java-1.8-openjdk/jre/lib/ext:/usr/java/packages/lib/ext"/>
    <property name="sun.io.unicode.encoding" value="UnicodeLittle"/>
    <property name="java.class.version" value="52.0"/>
  </properties>
  <testcase name="testContainerReplication" classname="org.apache.hadoop.ozone.client.rpc.TestContainerReplicationEndToEnd" time="0.483">
    <error message="java.lang.NullPointerException&#10;	at java.util.Objects.requireNonNull(Objects.java:203)&#10;	at java.util.Optional.&lt;init&gt;(Optional.java:96)&#10;	at java.util.Optional.of(Optional.java:108)&#10;	at org.apache.hadoop.hdds.scm.pipeline.SCMPipelineMetrics.incNumBlocksAllocated(SCMPipelineMetrics.java:115)&#10;	at org.apache.hadoop.hdds.scm.pipeline.SCMPipelineManager.incNumBlocksAllocatedMetric(SCMPipelineManager.java:440)&#10;	at org.apache.hadoop.hdds.scm.block.BlockManagerImpl.newBlock(BlockManagerImpl.java:246)&#10;	at org.apache.hadoop.hdds.scm.block.BlockManagerImpl.allocateBlock(BlockManagerImpl.java:216)&#10;	at org.apache.hadoop.hdds.scm.server.SCMBlockProtocolServer.allocateBlock(SCMBlockProtocolServer.java:182)&#10;	at org.apache.hadoop.hdds.scm.protocol.ScmBlockLocationProtocolServerSideTranslatorPB.allocateScmBlock(ScmBlockLocationProtocolServerSideTranslatorPB.java:159)&#10;	at org.apache.hadoop.hdds.scm.protocol.ScmBlockLocationProtocolServerSideTranslatorPB.processMessage(ScmBlockLocationProtocolServerSideTranslatorPB.java:117)&#10;	at org.apache.hadoop.hdds.server.OzoneProtocolMessageDispatcher.processRequest(OzoneProtocolMessageDispatcher.java:72)&#10;	at org.apache.hadoop.hdds.scm.protocol.ScmBlockLocationProtocolServerSideTranslatorPB.send(ScmBlockLocationProtocolServerSideTranslatorPB.java:98)&#10;	at org.apache.hadoop.hdds.protocol.proto.ScmBlockLocationProtocolProtos$ScmBlockLocationProtocolService$2.callBlockingMethod(ScmBlockLocationProtocolProtos.java:13157)&#10;	at org.apache.hadoop.ipc.ProtobufRpcEngine$Server$ProtoBufRpcInvoker.call(ProtobufRpcEngine.java:524)&#10;	at org.apache.hadoop.ipc.RPC$Server.call(RPC.java:1025)&#10;	at org.apache.hadoop.ipc.Server$RpcCall.run(Server.java:876)&#10;	at org.apache.hadoop.ipc.Server$RpcCall.run(Server.java:822)&#10;	at java.security.AccessController.doPrivileged(Native Method)&#10;	at javax.security.auth.Subject.doAs(Subject.java:422)&#10;	at org.apache.hadoop.security.UserGroupInformation.doAs(UserGroupInformation.java:1730)&#10;	at org.apache.hadoop.ipc.Server$Handler.run(Server.java:2682)&#10;" type="INTERNAL_ERROR org.apache.hadoop.ozone.om.exceptions.OMException"><![CDATA[INTERNAL_ERROR org.apache.hadoop.ozone.om.exceptions.OMException: java.lang.NullPointerException
	at java.util.Objects.requireNonNull(Objects.java:203)
	at java.util.Optional.<init>(Optional.java:96)
	at java.util.Optional.of(Optional.java:108)
	at org.apache.hadoop.hdds.scm.pipeline.SCMPipelineMetrics.incNumBlocksAllocated(SCMPipelineMetrics.java:115)
	at org.apache.hadoop.hdds.scm.pipeline.SCMPipelineManager.incNumBlocksAllocatedMetric(SCMPipelineManager.java:440)
	at org.apache.hadoop.hdds.scm.block.BlockManagerImpl.newBlock(BlockManagerImpl.java:246)
	at org.apache.hadoop.hdds.scm.block.BlockManagerImpl.allocateBlock(BlockManagerImpl.java:216)
	at org.apache.hadoop.hdds.scm.server.SCMBlockProtocolServer.allocateBlock(SCMBlockProtocolServer.java:182)
	at org.apache.hadoop.hdds.scm.protocol.ScmBlockLocationProtocolServerSideTranslatorPB.allocateScmBlock(ScmBlockLocationProtocolServerSideTranslatorPB.java:159)
	at org.apache.hadoop.hdds.scm.protocol.ScmBlockLocationProtocolServerSideTranslatorPB.processMessage(ScmBlockLocationProtocolServerSideTranslatorPB.java:117)
	at org.apache.hadoop.hdds.server.OzoneProtocolMessageDispatcher.processRequest(OzoneProtocolMessageDispatcher.java:72)
	at org.apache.hadoop.hdds.scm.protocol.ScmBlockLocationProtocolServerSideTranslatorPB.send(ScmBlockLocationProtocolServerSideTranslatorPB.java:98)
	at org.apache.hadoop.hdds.protocol.proto.ScmBlockLocationProtocolProtos$ScmBlockLocationProtocolService$2.callBlockingMethod(ScmBlockLocationProtocolProtos.java:13157)
	at org.apache.hadoop.ipc.ProtobufRpcEngine$Server$ProtoBufRpcInvoker.call(ProtobufRpcEngine.java:524)
	at org.apache.hadoop.ipc.RPC$Server.call(RPC.java:1025)
	at org.apache.hadoop.ipc.Server$RpcCall.run(Server.java:876)
	at org.apache.hadoop.ipc.Server$RpcCall.run(Server.java:822)
	at java.security.AccessController.doPrivileged(Native Method)
	at javax.security.auth.Subject.doAs(Subject.java:422)
	at org.apache.hadoop.security.UserGroupInformation.doAs(UserGroupInformation.java:1730)
	at org.apache.hadoop.ipc.Server$Handler.run(Server.java:2682)

	at org.apache.hadoop.ozone.om.protocolPB.OzoneManagerProtocolClientSideTranslatorPB.handleError(OzoneManagerProtocolClientSideTranslatorPB.java:732)
	at org.apache.hadoop.ozone.om.protocolPB.OzoneManagerProtocolClientSideTranslatorPB.openKey(OzoneManagerProtocolClientSideTranslatorPB.java:723)
	at sun.reflect.NativeMethodAccessorImpl.invoke0(Native Method)
	at sun.reflect.NativeMethodAccessorImpl.invoke(NativeMethodAccessorImpl.java:62)
	at sun.reflect.DelegatingMethodAccessorImpl.invoke(DelegatingMethodAccessorImpl.java:43)
	at java.lang.reflect.Method.invoke(Method.java:498)
	at org.apache.hadoop.hdds.tracing.TraceAllMethod.invoke(TraceAllMethod.java:66)
	at com.sun.proxy.$Proxy37.openKey(Unknown Source)
	at org.apache.hadoop.ozone.client.rpc.RpcClient.createKey(RpcClient.java:614)
	at org.apache.hadoop.ozone.client.OzoneBucket.createKey(OzoneBucket.java:325)
	at org.apache.hadoop.ozone.client.rpc.TestContainerReplicationEndToEnd.testContainerReplication(TestContainerReplicationEndToEnd.java:137)
	at sun.reflect.NativeMethodAccessorImpl.invoke0(Native Method)
	at sun.reflect.NativeMethodAccessorImpl.invoke(NativeMethodAccessorImpl.java:62)
	at sun.reflect.DelegatingMethodAccessorImpl.invoke(DelegatingMethodAccessorImpl.java:43)
	at java.lang.reflect.Method.invoke(Method.java:498)
	at org.junit.runners.model.FrameworkMethod$1.runReflectiveCall(FrameworkMethod.java:47)
	at org.junit.internal.runners.model.ReflectiveCallable.run(ReflectiveCallable.java:12)
	at org.junit.runners.model.FrameworkMethod.invokeExplosively(FrameworkMethod.java:44)
	at org.junit.internal.runners.statements.InvokeMethod.evaluate(InvokeMethod.java:17)
	at org.junit.runners.ParentRunner.runLeaf(ParentRunner.java:271)
	at org.junit.runners.BlockJUnit4ClassRunner.runChild(BlockJUnit4ClassRunner.java:70)
	at org.junit.runners.BlockJUnit4ClassRunner.runChild(BlockJUnit4ClassRunner.java:50)
	at org.junit.runners.ParentRunner$3.run(ParentRunner.java:238)
	at org.junit.runners.ParentRunner$1.schedule(ParentRunner.java:63)
	at org.junit.runners.ParentRunner.runChildren(ParentRunner.java:236)
	at org.junit.runners.ParentRunner.access$000(ParentRunner.java:53)
	at org.junit.runners.ParentRunner$2.evaluate(ParentRunner.java:229)
	at org.junit.internal.runners.statements.RunBefores.evaluate(RunBefores.java:26)
	at org.junit.internal.runners.statements.RunAfters.evaluate(RunAfters.java:27)
	at org.junit.runners.ParentRunner.run(ParentRunner.java:309)
	at org.apache.maven.surefire.junit4.JUnit4Provider.execute(JUnit4Provider.java:365)
	at org.apache.maven.surefire.junit4.JUnit4Provider.executeWithRerun(JUnit4Provider.java:273)
	at org.apache.maven.surefire.junit4.JUnit4Provider.executeTestSet(JUnit4Provider.java:238)
	at org.apache.maven.surefire.junit4.JUnit4Provider.invoke(JUnit4Provider.java:159)
	at org.apache.maven.surefire.booter.ForkedBooter.invokeProviderInSameClassLoader(ForkedBooter.java:384)
	at org.apache.maven.surefire.booter.ForkedBooter.runSuitesInProcess(ForkedBooter.java:345)
	at org.apache.maven.surefire.booter.ForkedBooter.execute(ForkedBooter.java:126)
	at org.apache.maven.surefire.booter.ForkedBooter.main(ForkedBooter.java:418)
]]></error>
    <system-out><![CDATA[2019-09-27 20:02:59,374 [main] WARN  server.ServerUtils (ServerUtils.java:getScmDbDir(145)) - ozone.scm.db.dirs is not configured. We recommend adding this setting. Falling back to ozone.metadata.dirs instead.
2019-09-27 20:02:59,478 [main] WARN  server.ServerUtils (ServerUtils.java:getScmDbDir(145)) - ozone.scm.db.dirs is not configured. We recommend adding this setting. Falling back to ozone.metadata.dirs instead.
2019-09-27 20:02:59,481 [main] WARN  server.ServerUtils (ServerUtils.java:getScmDbDir(145)) - ozone.scm.db.dirs is not configured. We recommend adding this setting. Falling back to ozone.metadata.dirs instead.
2019-09-27 20:02:59,499 [main] INFO  util.log (Log.java:initialized(192)) - Logging initialized @888ms
2019-09-27 20:02:59,595 [main] INFO  db.DBStoreBuilder (DBStoreBuilder.java:addTable(110)) - using custom profile for table: deletedBlocks
2019-09-27 20:02:59,596 [main] INFO  db.DBStoreBuilder (DBStoreBuilder.java:processTables(161)) - Using default column profile:DBProfile.DISK for Table:deletedBlocks
2019-09-27 20:02:59,596 [main] INFO  db.DBStoreBuilder (DBStoreBuilder.java:addTable(110)) - using custom profile for table: validCerts
2019-09-27 20:02:59,596 [main] INFO  db.DBStoreBuilder (DBStoreBuilder.java:processTables(161)) - Using default column profile:DBProfile.DISK for Table:validCerts
2019-09-27 20:02:59,597 [main] INFO  db.DBStoreBuilder (DBStoreBuilder.java:addTable(110)) - using custom profile for table: revokedCerts
2019-09-27 20:02:59,597 [main] INFO  db.DBStoreBuilder (DBStoreBuilder.java:processTables(161)) - Using default column profile:DBProfile.DISK for Table:revokedCerts
2019-09-27 20:02:59,609 [main] INFO  db.DBStoreBuilder (DBStoreBuilder.java:addTable(110)) - using custom profile for table: default
2019-09-27 20:02:59,609 [main] INFO  db.DBStoreBuilder (DBStoreBuilder.java:processTables(167)) - Using default column profile:DBProfile.DISK for Table:default
2019-09-27 20:02:59,610 [main] INFO  db.DBStoreBuilder (DBStoreBuilder.java:getDbProfile(198)) - Using default options. DBProfile.DISK
2019-09-27 20:02:59,917 [main] INFO  net.NodeSchemaLoader (NodeSchemaLoader.java:loadSchemaFromFile(125)) - Loading file from sun.misc.CompoundEnumeration@71d44a3
2019-09-27 20:02:59,920 [main] INFO  net.NodeSchemaLoader (NodeSchemaLoader.java:loadSchema(171)) - Loading network topology layer schema file
2019-09-27 20:02:59,993 [main] INFO  node.SCMNodeManager (SCMNodeManager.java:<init>(114)) - Entering startup safe mode.
2019-09-27 20:03:00,069 [main] INFO  algorithms.ContainerPlacementPolicyFactory (ContainerPlacementPolicyFactory.java:getPolicy(57)) - Create container placement policy of type org.apache.hadoop.hdds.scm.container.placement.algorithms.SCMContainerPlacementRandom
2019-09-27 20:03:00,084 [main] WARN  server.ServerUtils (ServerUtils.java:getScmDbDir(145)) - ozone.scm.db.dirs is not configured. We recommend adding this setting. Falling back to ozone.metadata.dirs instead.
2019-09-27 20:03:00,176 [main] INFO  pipeline.SCMPipelineManager (SCMPipelineManager.java:initializePipelineState(132)) - No pipeline exists in current db
2019-09-27 20:03:00,179 [main] WARN  server.ServerUtils (ServerUtils.java:getScmDbDir(145)) - ozone.scm.db.dirs is not configured. We recommend adding this setting. Falling back to ozone.metadata.dirs instead.
2019-09-27 20:03:00,272 [main] INFO  Configuration.deprecation (Configuration.java:logDeprecation(1394)) - No unit for hdds.scm.replication.thread.interval(2000) assuming MILLISECONDS
2019-09-27 20:03:00,294 [main] WARN  events.EventQueue (EventQueue.java:fireEvent(183)) - No event handler registered for event TypedEvent{payloadType=SafeModeStatus, name='SafeModeStatus'}
2019-09-27 20:03:00,681 [main] INFO  ipc.CallQueueManager (CallQueueManager.java:<init>(84)) - Using callQueue: class java.util.concurrent.LinkedBlockingQueue, queueCapacity: 2000, scheduler: class org.apache.hadoop.ipc.DefaultRpcScheduler, ipcBackoff: false.
2019-09-27 20:03:00,709 [Socket Reader #1 for port 33874] INFO  ipc.Server (Server.java:run(1074)) - Starting Socket Reader #1 for port 33874
2019-09-27 20:03:00,877 [main] INFO  ipc.CallQueueManager (CallQueueManager.java:<init>(84)) - Using callQueue: class java.util.concurrent.LinkedBlockingQueue, queueCapacity: 2000, scheduler: class org.apache.hadoop.ipc.DefaultRpcScheduler, ipcBackoff: false.
2019-09-27 20:03:00,878 [Socket Reader #1 for port 43222] INFO  ipc.Server (Server.java:run(1074)) - Starting Socket Reader #1 for port 43222
2019-09-27 20:03:00,889 [main] INFO  ipc.CallQueueManager (CallQueueManager.java:<init>(84)) - Using callQueue: class java.util.concurrent.LinkedBlockingQueue, queueCapacity: 2000, scheduler: class org.apache.hadoop.ipc.DefaultRpcScheduler, ipcBackoff: false.
2019-09-27 20:03:00,890 [Socket Reader #1 for port 36830] INFO  ipc.Server (Server.java:run(1074)) - Starting Socket Reader #1 for port 36830
2019-09-27 20:03:00,916 [main] INFO  hdfs.DFSUtil (DFSUtil.java:httpServerTemplateForNNAndJN(1641)) - Starting Web-server for scm at: http://0.0.0.0:0
2019-09-27 20:03:01,061 [main] INFO  server.AuthenticationFilter (AuthenticationFilter.java:constructSecretProvider(240)) - Unable to initialize FileSignerSecretProvider, falling back to use random secrets.
2019-09-27 20:03:01,068 [main] WARN  http.HttpRequestLog (HttpRequestLog.java:getRequestLog(97)) - Jetty request log can only be enabled using Log4j
2019-09-27 20:03:01,076 [main] INFO  http.HttpServer2 (HttpServer2.java:addGlobalFilter(975)) - Added global filter 'safety' (class=org.apache.hadoop.http.HttpServer2$QuotingInputFilter)
2019-09-27 20:03:01,078 [main] INFO  http.HttpServer2 (HttpServer2.java:addFilter(948)) - Added filter static_user_filter (class=org.apache.hadoop.http.lib.StaticUserWebFilter$StaticUserFilter) to context scm
2019-09-27 20:03:01,079 [main] INFO  http.HttpServer2 (HttpServer2.java:addFilter(958)) - Added filter static_user_filter (class=org.apache.hadoop.http.lib.StaticUserWebFilter$StaticUserFilter) to context static
2019-09-27 20:03:01,079 [main] INFO  http.HttpServer2 (HttpServer2.java:addFilter(958)) - Added filter static_user_filter (class=org.apache.hadoop.http.lib.StaticUserWebFilter$StaticUserFilter) to context logs
2019-09-27 20:03:01,106 [main] INFO  server.StorageContainerManager (StorageContainerManager.java:start(770)) - StorageContainerLocationProtocol RPC server is listening at /0.0.0.0:36830
2019-09-27 20:03:01,163 [main] WARN  impl.MetricsConfig (MetricsConfig.java:loadFirst(134)) - Cannot locate configuration: tried hadoop-metrics2-storagecontainermanager.properties,hadoop-metrics2.properties
2019-09-27 20:03:01,175 [main] INFO  impl.MetricsSystemImpl (MetricsSystemImpl.java:startTimer(374)) - Scheduled Metric snapshot period at 10 second(s).
2019-09-27 20:03:01,175 [main] INFO  impl.MetricsSystemImpl (MetricsSystemImpl.java:start(191)) - StorageContainerManager metrics system started
2019-09-27 20:03:01,409 [main] INFO  server.SCMClientProtocolServer (SCMClientProtocolServer.java:start(150)) - RPC server for Client  is listening at /0.0.0.0:36830
2019-09-27 20:03:01,410 [IPC Server listener on 36830] INFO  ipc.Server (Server.java:run(1153)) - IPC Server listener on 36830: starting
2019-09-27 20:03:01,410 [IPC Server Responder] INFO  ipc.Server (Server.java:run(1314)) - IPC Server Responder: starting
2019-09-27 20:03:01,412 [main] INFO  server.StorageContainerManager (StorageContainerManager.java:start(780)) - ScmBlockLocationProtocol RPC server is listening at /0.0.0.0:43222
2019-09-27 20:03:01,414 [main] INFO  server.SCMBlockProtocolServer (SCMBlockProtocolServer.java:start(146)) - RPC server for Block Protocol is listening at /0.0.0.0:43222
2019-09-27 20:03:01,414 [IPC Server Responder] INFO  ipc.Server (Server.java:run(1314)) - IPC Server Responder: starting
2019-09-27 20:03:01,414 [IPC Server listener on 43222] INFO  ipc.Server (Server.java:run(1153)) - IPC Server listener on 43222: starting
2019-09-27 20:03:01,416 [main] INFO  server.StorageContainerManager (StorageContainerManager.java:start(784)) - ScmDatanodeProtocl RPC server is listening at /0.0.0.0:33874
2019-09-27 20:03:01,416 [main] INFO  server.SCMDatanodeProtocolServer (SCMDatanodeProtocolServer.java:start(191)) - RPC server for DataNodes is listening at /0.0.0.0:33874
2019-09-27 20:03:01,416 [IPC Server Responder] INFO  ipc.Server (Server.java:run(1314)) - IPC Server Responder: starting
2019-09-27 20:03:01,416 [IPC Server listener on 33874] INFO  ipc.Server (Server.java:run(1153)) - IPC Server listener on 33874: starting
2019-09-27 20:03:01,419 [main] INFO  http.HttpServer2 (HttpServer2.java:bindListener(1191)) - Jetty bound to port 35201
2019-09-27 20:03:01,421 [main] INFO  server.Server (Server.java:doStart(351)) - jetty-9.3.25.v20180904, build timestamp: 2018-09-04T21:11:46Z, git hash: 3ce520221d0240229c862b122d2b06c12a625732
2019-09-27 20:03:01,458 [main] INFO  handler.ContextHandler (ContextHandler.java:doStart(781)) - Started o.e.j.s.ServletContextHandler@615091b8{/logs,file:///workdir/hadoop-ozone/integration-test/target/log,AVAILABLE}
2019-09-27 20:03:01,459 [main] INFO  handler.ContextHandler (ContextHandler.java:doStart(781)) - Started o.e.j.s.ServletContextHandler@4aa83f4f{/static,file:///workdir/hadoop-ozone/integration-test/target/test-classes/webapps/static,AVAILABLE}
2019-09-27 20:03:01,492 [main] INFO  handler.ContextHandler (ContextHandler.java:doStart(781)) - Started o.e.j.w.WebAppContext@3574e198{/,file:///workdir/hadoop-ozone/integration-test/target/test-classes/webapps/scm/,AVAILABLE}{/scm}
2019-09-27 20:03:01,497 [main] INFO  server.AbstractConnector (AbstractConnector.java:doStart(278)) - Started ServerConnector@391d789{HTTP/1.1,[http/1.1]}{0.0.0.0:35201}
2019-09-27 20:03:01,498 [main] INFO  server.Server (Server.java:doStart(419)) - Started @2887ms
2019-09-27 20:03:01,500 [main] INFO  impl.MetricsSinkAdapter (MetricsSinkAdapter.java:start(204)) - Sink prometheus started
2019-09-27 20:03:01,500 [main] INFO  impl.MetricsSystemImpl (MetricsSystemImpl.java:registerSink(301)) - Registered sink prometheus
2019-09-27 20:03:01,502 [main] INFO  server.BaseHttpServer (BaseHttpServer.java:updateConnectorAddress(215)) - HTTP server of SCM is listening at http://0.0.0.0:35201
2019-09-27 20:03:01,511 [org.apache.hadoop.util.JvmPauseMonitor$Monitor@7fb9f71f] INFO  util.JvmPauseMonitor (JvmPauseMonitor.java:run(188)) - Starting JVM pause monitor
2019-09-27 20:03:01,516 [main] WARN  server.ServerUtils (ServerUtils.java:getDBPath(222)) - ozone.om.db.dirs is not configured. We recommend adding this setting. Falling back to ozone.metadata.dirs instead.
2019-09-27 20:03:01,808 [main] WARN  server.ServerUtils (ServerUtils.java:getDBPath(222)) - ozone.om.db.dirs is not configured. We recommend adding this setting. Falling back to ozone.metadata.dirs instead.
2019-09-27 20:03:01,808 [main] WARN  server.ServerUtils (ServerUtils.java:getDBPath(222)) - ozone.om.db.dirs is not configured. We recommend adding this setting. Falling back to ozone.metadata.dirs instead.
2019-09-27 20:03:01,809 [main] INFO  om.OzoneManager (OzoneManager.java:setOMNodeDetails(652)) - OM Service ID is not set. Setting it to the default ID: omServiceIdDefault
2019-09-27 20:03:01,810 [main] INFO  om.OzoneManager (OzoneManager.java:setOMNodeDetails(658)) - OM Node ID is not set. Setting it to the OmStorage's OmID: 68cfdf39-3a01-4e7f-88f1-c769b91e6387
2019-09-27 20:03:01,811 [main] INFO  om.OzoneManager (OzoneManager.java:loadOMHAConfigs(609)) - Found matching OM address with OMServiceId: null, OMNodeId: null, RPC Address: localhost:0 and Ratis port: 9872
2019-09-27 20:03:02,565 [main] WARN  server.ServerUtils (ServerUtils.java:getDBPath(222)) - ozone.om.db.dirs is not configured. We recommend adding this setting. Falling back to ozone.metadata.dirs instead.
2019-09-27 20:03:02,573 [main] INFO  db.DBStoreBuilder (DBStoreBuilder.java:addTable(110)) - using custom profile for table: userTable
2019-09-27 20:03:02,573 [main] INFO  db.DBStoreBuilder (DBStoreBuilder.java:processTables(161)) - Using default column profile:DBProfile.DISK for Table:userTable
2019-09-27 20:03:02,574 [main] INFO  db.DBStoreBuilder (DBStoreBuilder.java:addTable(110)) - using custom profile for table: volumeTable
2019-09-27 20:03:02,574 [main] INFO  db.DBStoreBuilder (DBStoreBuilder.java:processTables(161)) - Using default column profile:DBProfile.DISK for Table:volumeTable
2019-09-27 20:03:02,574 [main] INFO  db.DBStoreBuilder (DBStoreBuilder.java:addTable(110)) - using custom profile for table: bucketTable
2019-09-27 20:03:02,574 [main] INFO  db.DBStoreBuilder (DBStoreBuilder.java:processTables(161)) - Using default column profile:DBProfile.DISK for Table:bucketTable
2019-09-27 20:03:02,574 [main] INFO  db.DBStoreBuilder (DBStoreBuilder.java:addTable(110)) - using custom profile for table: keyTable
2019-09-27 20:03:02,575 [main] INFO  db.DBStoreBuilder (DBStoreBuilder.java:processTables(161)) - Using default column profile:DBProfile.DISK for Table:keyTable
2019-09-27 20:03:02,575 [main] INFO  db.DBStoreBuilder (DBStoreBuilder.java:addTable(110)) - using custom profile for table: deletedTable
2019-09-27 20:03:02,575 [main] INFO  db.DBStoreBuilder (DBStoreBuilder.java:processTables(161)) - Using default column profile:DBProfile.DISK for Table:deletedTable
2019-09-27 20:03:02,575 [main] INFO  db.DBStoreBuilder (DBStoreBuilder.java:addTable(110)) - using custom profile for table: openKeyTable
2019-09-27 20:03:02,576 [main] INFO  db.DBStoreBuilder (DBStoreBuilder.java:processTables(161)) - Using default column profile:DBProfile.DISK for Table:openKeyTable
2019-09-27 20:03:02,576 [main] INFO  db.DBStoreBuilder (DBStoreBuilder.java:addTable(110)) - using custom profile for table: s3Table
2019-09-27 20:03:02,576 [main] INFO  db.DBStoreBuilder (DBStoreBuilder.java:processTables(161)) - Using default column profile:DBProfile.DISK for Table:s3Table
2019-09-27 20:03:02,576 [main] INFO  db.DBStoreBuilder (DBStoreBuilder.java:addTable(110)) - using custom profile for table: multipartInfoTable
2019-09-27 20:03:02,576 [main] INFO  db.DBStoreBuilder (DBStoreBuilder.java:processTables(161)) - Using default column profile:DBProfile.DISK for Table:multipartInfoTable
2019-09-27 20:03:02,577 [main] INFO  db.DBStoreBuilder (DBStoreBuilder.java:addTable(110)) - using custom profile for table: dTokenTable
2019-09-27 20:03:02,577 [main] INFO  db.DBStoreBuilder (DBStoreBuilder.java:processTables(161)) - Using default column profile:DBProfile.DISK for Table:dTokenTable
2019-09-27 20:03:02,577 [main] INFO  db.DBStoreBuilder (DBStoreBuilder.java:addTable(110)) - using custom profile for table: s3SecretTable
2019-09-27 20:03:02,577 [main] INFO  db.DBStoreBuilder (DBStoreBuilder.java:processTables(161)) - Using default column profile:DBProfile.DISK for Table:s3SecretTable
2019-09-27 20:03:02,578 [main] INFO  db.DBStoreBuilder (DBStoreBuilder.java:addTable(110)) - using custom profile for table: prefixTable
2019-09-27 20:03:02,578 [main] INFO  db.DBStoreBuilder (DBStoreBuilder.java:processTables(161)) - Using default column profile:DBProfile.DISK for Table:prefixTable
2019-09-27 20:03:02,578 [main] INFO  db.DBStoreBuilder (DBStoreBuilder.java:addTable(110)) - using custom profile for table: default
2019-09-27 20:03:02,578 [main] INFO  db.DBStoreBuilder (DBStoreBuilder.java:processTables(167)) - Using default column profile:DBProfile.DISK for Table:default
2019-09-27 20:03:02,579 [main] INFO  db.DBStoreBuilder (DBStoreBuilder.java:getDbProfile(198)) - Using default options. DBProfile.DISK
2019-09-27 20:03:03,181 [main] INFO  ipc.CallQueueManager (CallQueueManager.java:<init>(84)) - Using callQueue: class java.util.concurrent.LinkedBlockingQueue, queueCapacity: 2000, scheduler: class org.apache.hadoop.ipc.DefaultRpcScheduler, ipcBackoff: false.
2019-09-27 20:03:03,182 [Socket Reader #1 for port 33283] INFO  ipc.Server (Server.java:run(1074)) - Starting Socket Reader #1 for port 33283
2019-09-27 20:03:03,203 [main] INFO  om.OzoneManager (OzoneManager.java:start(1243)) - OzoneManager RPC server is listening at localhost/127.0.0.1:33283
2019-09-27 20:03:03,204 [main] INFO  impl.MetricsSystemImpl (MetricsSystemImpl.java:init(158)) - OzoneManager metrics system started (again)
2019-09-27 20:03:03,204 [IPC Server Responder] INFO  ipc.Server (Server.java:run(1314)) - IPC Server Responder: starting
2019-09-27 20:03:03,205 [IPC Server listener on 33283] INFO  ipc.Server (Server.java:run(1153)) - IPC Server listener on 33283: starting
2019-09-27 20:03:03,212 [main] INFO  hdfs.DFSUtil (DFSUtil.java:httpServerTemplateForNNAndJN(1641)) - Starting Web-server for ozoneManager at: http://0.0.0.0:0
2019-09-27 20:03:03,213 [main] INFO  server.AuthenticationFilter (AuthenticationFilter.java:constructSecretProvider(240)) - Unable to initialize FileSignerSecretProvider, falling back to use random secrets.
2019-09-27 20:03:03,214 [main] WARN  http.HttpRequestLog (HttpRequestLog.java:getRequestLog(97)) - Jetty request log can only be enabled using Log4j
2019-09-27 20:03:03,216 [main] INFO  http.HttpServer2 (HttpServer2.java:addGlobalFilter(975)) - Added global filter 'safety' (class=org.apache.hadoop.http.HttpServer2$QuotingInputFilter)
2019-09-27 20:03:03,217 [main] INFO  http.HttpServer2 (HttpServer2.java:addFilter(948)) - Added filter static_user_filter (class=org.apache.hadoop.http.lib.StaticUserWebFilter$StaticUserFilter) to context ozoneManager
2019-09-27 20:03:03,217 [main] INFO  http.HttpServer2 (HttpServer2.java:addFilter(958)) - Added filter static_user_filter (class=org.apache.hadoop.http.lib.StaticUserWebFilter$StaticUserFilter) to context static
2019-09-27 20:03:03,217 [main] INFO  http.HttpServer2 (HttpServer2.java:addFilter(958)) - Added filter static_user_filter (class=org.apache.hadoop.http.lib.StaticUserWebFilter$StaticUserFilter) to context logs
2019-09-27 20:03:03,219 [main] INFO  http.HttpServer2 (HttpServer2.java:bindListener(1191)) - Jetty bound to port 43411
2019-09-27 20:03:03,219 [main] INFO  server.Server (Server.java:doStart(351)) - jetty-9.3.25.v20180904, build timestamp: 2018-09-04T21:11:46Z, git hash: 3ce520221d0240229c862b122d2b06c12a625732
2019-09-27 20:03:03,221 [main] INFO  handler.ContextHandler (ContextHandler.java:doStart(781)) - Started o.e.j.s.ServletContextHandler@3a627c80{/logs,file:///workdir/hadoop-ozone/integration-test/target/log,AVAILABLE}
2019-09-27 20:03:03,222 [main] INFO  handler.ContextHandler (ContextHandler.java:doStart(781)) - Started o.e.j.s.ServletContextHandler@963176{/static,file:///workdir/hadoop-ozone/integration-test/target/test-classes/webapps/static,AVAILABLE}
2019-09-27 20:03:03,226 [main] INFO  handler.ContextHandler (ContextHandler.java:doStart(781)) - Started o.e.j.w.WebAppContext@4af46df3{/,file:///workdir/hadoop-ozone/integration-test/target/test-classes/webapps/ozoneManager/,AVAILABLE}{/ozoneManager}
2019-09-27 20:03:03,228 [main] INFO  server.AbstractConnector (AbstractConnector.java:doStart(278)) - Started ServerConnector@4158debd{HTTP/1.1,[http/1.1]}{0.0.0.0:43411}
2019-09-27 20:03:03,229 [main] INFO  server.Server (Server.java:doStart(419)) - Started @4618ms
2019-09-27 20:03:03,229 [main] WARN  impl.MetricsSystemImpl (MetricsSystemImpl.java:register(276)) - Sink prometheus already exists!
2019-09-27 20:03:03,230 [main] INFO  server.BaseHttpServer (BaseHttpServer.java:updateConnectorAddress(215)) - HTTP server of OZONEMANAGER is listening at http://0.0.0.0:43411
2019-09-27 20:03:03,543 [main] INFO  impl.MetricsSystemImpl (MetricsSystemImpl.java:init(158)) - HddsDatanode metrics system started (again)
2019-09-27 20:03:03,605 [main] INFO  ozone.HddsDatanodeService (HddsDatanodeService.java:start(184)) - HddsDatanodeService host:pr-hdds-2198-snw6q-1510305952 ip:192.168.151.79
2019-09-27 20:03:03,652 [main] INFO  volume.HddsVolume (HddsVolume.java:<init>(176)) - Creating Volume: /workdir/hadoop-ozone/integration-test/target/test-dir/MiniOzoneClusterImpl-68030cdf-1fc3-4c4e-9885-9294d291db2b/datanode-0/data/containers/hdds of  storage type : DISK and capacity : 1482555576320
2019-09-27 20:03:03,655 [main] INFO  volume.VolumeSet (VolumeSet.java:initializeVolumeSet(170)) - Added Volume : /workdir/hadoop-ozone/integration-test/target/test-dir/MiniOzoneClusterImpl-68030cdf-1fc3-4c4e-9885-9294d291db2b/datanode-0/data/containers/hdds to VolumeSet
2019-09-27 20:03:03,660 [main] INFO  volume.ThrottledAsyncChecker (ThrottledAsyncChecker.java:schedule(139)) - Scheduling a check for org.apache.hadoop.ozone.container.common.volume.HddsVolume@3fdecce
2019-09-27 20:03:03,680 [main] INFO  volume.HddsVolumeChecker (HddsVolumeChecker.java:checkAllVolumes(202)) - Scheduled health check for volume org.apache.hadoop.ozone.container.common.volume.HddsVolume@3fdecce
2019-09-27 20:03:03,805 [main] INFO  impl.RaftServerProxy (ConfUtils.java:logGet(43)) - raft.rpc.type = GRPC (default)
2019-09-27 20:03:03,896 [main] INFO  grpc.GrpcFactory (GrpcFactory.java:checkPooledByteBufAllocatorUseCacheForAllThreads(45)) - PERFORMANCE WARNING: useCacheForAllThreads is true that may cause Netty to create a lot garbage objects and, as a result, trigger GC.
	It is recommended to disable useCacheForAllThreads by setting -Dorg.apache.ratis.thirdparty.io.netty.allocator.useCacheForAllThreads=false in command line.
2019-09-27 20:03:03,902 [main] INFO  grpc.GrpcConfigKeys$Server (ConfUtils.java:logGet(43)) - raft.grpc.server.port = 0 (default)
2019-09-27 20:03:03,903 [main] INFO  server.GrpcService (ConfUtils.java:logGet(43)) - raft.grpc.message.size.max = 33570816 (custom)
2019-09-27 20:03:03,905 [main] INFO  server.RaftServerConfigKeys (ConfUtils.java:logGet(43)) - raft.server.log.appender.buffer.byte-limit = 33554432 (custom)
2019-09-27 20:03:03,906 [main] INFO  server.GrpcService (ConfUtils.java:logGet(43)) - raft.grpc.flow.control.window = 1MB (=1048576) (default)
2019-09-27 20:03:03,907 [main] INFO  server.RaftServerConfigKeys (ConfUtils.java:logGet(43)) - raft.server.rpc.request.timeout = 3000ms (default)
2019-09-27 20:03:04,137 [main] INFO  server.RaftServerConfigKeys (ConfUtils.java:logGet(43)) - raft.server.storage.dir = [/workdir/hadoop-ozone/integration-test/target/test-dir/MiniOzoneClusterImpl-68030cdf-1fc3-4c4e-9885-9294d291db2b/datanode-0/data/ratis] (custom)
2019-09-27 20:03:04,206 [main] INFO  hdfs.DFSUtil (DFSUtil.java:httpServerTemplateForNNAndJN(1641)) - Starting Web-server for hddsDatanode at: http://0.0.0.0:0
2019-09-27 20:03:04,210 [main] INFO  server.AuthenticationFilter (AuthenticationFilter.java:constructSecretProvider(240)) - Unable to initialize FileSignerSecretProvider, falling back to use random secrets.
2019-09-27 20:03:04,211 [main] WARN  http.HttpRequestLog (HttpRequestLog.java:getRequestLog(97)) - Jetty request log can only be enabled using Log4j
2019-09-27 20:03:04,214 [main] INFO  http.HttpServer2 (HttpServer2.java:addGlobalFilter(975)) - Added global filter 'safety' (class=org.apache.hadoop.http.HttpServer2$QuotingInputFilter)
2019-09-27 20:03:04,215 [main] INFO  http.HttpServer2 (HttpServer2.java:addFilter(948)) - Added filter static_user_filter (class=org.apache.hadoop.http.lib.StaticUserWebFilter$StaticUserFilter) to context hddsDatanode
2019-09-27 20:03:04,215 [main] INFO  http.HttpServer2 (HttpServer2.java:addFilter(958)) - Added filter static_user_filter (class=org.apache.hadoop.http.lib.StaticUserWebFilter$StaticUserFilter) to context logs
2019-09-27 20:03:04,216 [main] INFO  http.HttpServer2 (HttpServer2.java:addFilter(958)) - Added filter static_user_filter (class=org.apache.hadoop.http.lib.StaticUserWebFilter$StaticUserFilter) to context static
2019-09-27 20:03:04,217 [main] INFO  http.HttpServer2 (HttpServer2.java:bindListener(1191)) - Jetty bound to port 45927
2019-09-27 20:03:04,218 [main] INFO  server.Server (Server.java:doStart(351)) - jetty-9.3.25.v20180904, build timestamp: 2018-09-04T21:11:46Z, git hash: 3ce520221d0240229c862b122d2b06c12a625732
2019-09-27 20:03:04,221 [main] INFO  handler.ContextHandler (ContextHandler.java:doStart(781)) - Started o.e.j.s.ServletContextHandler@6d1dcdff{/logs,file:///workdir/hadoop-ozone/integration-test/target/log,AVAILABLE}
2019-09-27 20:03:04,222 [main] INFO  handler.ContextHandler (ContextHandler.java:doStart(781)) - Started o.e.j.s.ServletContextHandler@7ff35a3f{/static,jar:file:/home/user/.m2/repository/org/apache/hadoop/hadoop-hdds-container-service/0.5.0-SNAPSHOT/hadoop-hdds-container-service-0.5.0-SNAPSHOT.jar!/webapps/static,AVAILABLE}
2019-09-27 20:03:04,272 [main] INFO  handler.ContextHandler (ContextHandler.java:doStart(781)) - Started o.e.j.w.WebAppContext@a66e580{/,file:///tmp/jetty-0.0.0.0-45927-hddsDatanode-_-any-1566628583566831688.dir/webapp/,AVAILABLE}{/hddsDatanode}
2019-09-27 20:03:04,273 [main] INFO  server.AbstractConnector (AbstractConnector.java:doStart(278)) - Started ServerConnector@5b852b49{HTTP/1.1,[http/1.1]}{0.0.0.0:45927}
2019-09-27 20:03:04,274 [main] INFO  server.Server (Server.java:doStart(419)) - Started @5663ms
2019-09-27 20:03:04,275 [main] WARN  impl.MetricsSystemImpl (MetricsSystemImpl.java:register(276)) - Sink prometheus already exists!
2019-09-27 20:03:04,276 [main] INFO  server.BaseHttpServer (BaseHttpServer.java:updateConnectorAddress(215)) - HTTP server of HDDSDATANODE is listening at http://0.0.0.0:45927
2019-09-27 20:03:04,277 [main] INFO  impl.MetricsSystemImpl (MetricsSystemImpl.java:init(158)) - HddsDatanode metrics system started (again)
2019-09-27 20:03:04,280 [main] INFO  ozone.HddsDatanodeService (HddsDatanodeService.java:start(184)) - HddsDatanodeService host:pr-hdds-2198-snw6q-1510305952 ip:192.168.151.79
2019-09-27 20:03:04,288 [org.apache.hadoop.util.JvmPauseMonitor$Monitor@5e4354b2] INFO  util.JvmPauseMonitor (JvmPauseMonitor.java:run(188)) - Starting JVM pause monitor
2019-09-27 20:03:04,290 [main] INFO  volume.HddsVolume (HddsVolume.java:<init>(176)) - Creating Volume: /workdir/hadoop-ozone/integration-test/target/test-dir/MiniOzoneClusterImpl-68030cdf-1fc3-4c4e-9885-9294d291db2b/datanode-1/data/containers/hdds of  storage type : DISK and capacity : 1482555576320
2019-09-27 20:03:04,291 [main] INFO  volume.VolumeSet (VolumeSet.java:initializeVolumeSet(170)) - Added Volume : /workdir/hadoop-ozone/integration-test/target/test-dir/MiniOzoneClusterImpl-68030cdf-1fc3-4c4e-9885-9294d291db2b/datanode-1/data/containers/hdds to VolumeSet
2019-09-27 20:03:04,291 [main] INFO  volume.ThrottledAsyncChecker (ThrottledAsyncChecker.java:schedule(139)) - Scheduling a check for org.apache.hadoop.ozone.container.common.volume.HddsVolume@5f7989fa
2019-09-27 20:03:04,292 [main] INFO  volume.HddsVolumeChecker (HddsVolumeChecker.java:checkAllVolumes(202)) - Scheduled health check for volume org.apache.hadoop.ozone.container.common.volume.HddsVolume@5f7989fa
2019-09-27 20:03:04,309 [main] INFO  impl.RaftServerProxy (ConfUtils.java:logGet(43)) - raft.rpc.type = GRPC (default)
2019-09-27 20:03:04,310 [main] INFO  grpc.GrpcFactory (GrpcFactory.java:checkPooledByteBufAllocatorUseCacheForAllThreads(45)) - PERFORMANCE WARNING: useCacheForAllThreads is true that may cause Netty to create a lot garbage objects and, as a result, trigger GC.
	It is recommended to disable useCacheForAllThreads by setting -Dorg.apache.ratis.thirdparty.io.netty.allocator.useCacheForAllThreads=false in command line.
2019-09-27 20:03:04,310 [main] INFO  grpc.GrpcConfigKeys$Server (ConfUtils.java:logGet(43)) - raft.grpc.server.port = 0 (default)
2019-09-27 20:03:04,310 [main] INFO  server.GrpcService (ConfUtils.java:logGet(43)) - raft.grpc.message.size.max = 33570816 (custom)
2019-09-27 20:03:04,310 [main] INFO  server.RaftServerConfigKeys (ConfUtils.java:logGet(43)) - raft.server.log.appender.buffer.byte-limit = 33554432 (custom)
2019-09-27 20:03:04,311 [main] INFO  server.GrpcService (ConfUtils.java:logGet(43)) - raft.grpc.flow.control.window = 1MB (=1048576) (default)
2019-09-27 20:03:04,311 [main] INFO  server.RaftServerConfigKeys (ConfUtils.java:logGet(43)) - raft.server.rpc.request.timeout = 3000ms (default)
2019-09-27 20:03:04,312 [main] INFO  server.RaftServerConfigKeys (ConfUtils.java:logGet(43)) - raft.server.storage.dir = [/workdir/hadoop-ozone/integration-test/target/test-dir/MiniOzoneClusterImpl-68030cdf-1fc3-4c4e-9885-9294d291db2b/datanode-1/data/ratis] (custom)
2019-09-27 20:03:04,313 [main] INFO  hdfs.DFSUtil (DFSUtil.java:httpServerTemplateForNNAndJN(1641)) - Starting Web-server for hddsDatanode at: http://0.0.0.0:0
2019-09-27 20:03:04,315 [main] INFO  server.AuthenticationFilter (AuthenticationFilter.java:constructSecretProvider(240)) - Unable to initialize FileSignerSecretProvider, falling back to use random secrets.
2019-09-27 20:03:04,316 [main] WARN  http.HttpRequestLog (HttpRequestLog.java:getRequestLog(97)) - Jetty request log can only be enabled using Log4j
2019-09-27 20:03:04,318 [main] INFO  http.HttpServer2 (HttpServer2.java:addGlobalFilter(975)) - Added global filter 'safety' (class=org.apache.hadoop.http.HttpServer2$QuotingInputFilter)
2019-09-27 20:03:04,319 [main] INFO  http.HttpServer2 (HttpServer2.java:addFilter(948)) - Added filter static_user_filter (class=org.apache.hadoop.http.lib.StaticUserWebFilter$StaticUserFilter) to context hddsDatanode
2019-09-27 20:03:04,319 [main] INFO  http.HttpServer2 (HttpServer2.java:addFilter(958)) - Added filter static_user_filter (class=org.apache.hadoop.http.lib.StaticUserWebFilter$StaticUserFilter) to context static
2019-09-27 20:03:04,319 [main] INFO  http.HttpServer2 (HttpServer2.java:addFilter(958)) - Added filter static_user_filter (class=org.apache.hadoop.http.lib.StaticUserWebFilter$StaticUserFilter) to context logs
2019-09-27 20:03:04,320 [main] INFO  http.HttpServer2 (HttpServer2.java:bindListener(1191)) - Jetty bound to port 36817
2019-09-27 20:03:04,320 [main] INFO  server.Server (Server.java:doStart(351)) - jetty-9.3.25.v20180904, build timestamp: 2018-09-04T21:11:46Z, git hash: 3ce520221d0240229c862b122d2b06c12a625732
2019-09-27 20:03:04,325 [main] INFO  handler.ContextHandler (ContextHandler.java:doStart(781)) - Started o.e.j.s.ServletContextHandler@277b8fa4{/logs,file:///workdir/hadoop-ozone/integration-test/target/log,AVAILABLE}
2019-09-27 20:03:04,325 [main] INFO  handler.ContextHandler (ContextHandler.java:doStart(781)) - Started o.e.j.s.ServletContextHandler@620c8641{/static,jar:file:/home/user/.m2/repository/org/apache/hadoop/hadoop-hdds-container-service/0.5.0-SNAPSHOT/hadoop-hdds-container-service-0.5.0-SNAPSHOT.jar!/webapps/static,AVAILABLE}
2019-09-27 20:03:04,357 [main] INFO  handler.ContextHandler (ContextHandler.java:doStart(781)) - Started o.e.j.w.WebAppContext@7bc44ce8{/,file:///tmp/jetty-0.0.0.0-36817-hddsDatanode-_-any-582683243834655964.dir/webapp/,AVAILABLE}{/hddsDatanode}
2019-09-27 20:03:04,358 [main] INFO  server.AbstractConnector (AbstractConnector.java:doStart(278)) - Started ServerConnector@59072e9d{HTTP/1.1,[http/1.1]}{0.0.0.0:36817}
2019-09-27 20:03:04,359 [main] INFO  server.Server (Server.java:doStart(419)) - Started @5748ms
2019-09-27 20:03:04,360 [main] WARN  impl.MetricsSystemImpl (MetricsSystemImpl.java:register(276)) - Sink prometheus already exists!
2019-09-27 20:03:04,361 [main] INFO  server.BaseHttpServer (BaseHttpServer.java:updateConnectorAddress(215)) - HTTP server of HDDSDATANODE is listening at http://0.0.0.0:36817
2019-09-27 20:03:04,362 [main] INFO  impl.MetricsSystemImpl (MetricsSystemImpl.java:init(158)) - HddsDatanode metrics system started (again)
2019-09-27 20:03:04,365 [org.apache.hadoop.util.JvmPauseMonitor$Monitor@1c965aba] INFO  util.JvmPauseMonitor (JvmPauseMonitor.java:run(188)) - Starting JVM pause monitor
2019-09-27 20:03:04,365 [main] INFO  ozone.HddsDatanodeService (HddsDatanodeService.java:start(184)) - HddsDatanodeService host:pr-hdds-2198-snw6q-1510305952 ip:192.168.151.79
2019-09-27 20:03:04,375 [main] INFO  volume.HddsVolume (HddsVolume.java:<init>(176)) - Creating Volume: /workdir/hadoop-ozone/integration-test/target/test-dir/MiniOzoneClusterImpl-68030cdf-1fc3-4c4e-9885-9294d291db2b/datanode-2/data/containers/hdds of  storage type : DISK and capacity : 1482555576320
2019-09-27 20:03:04,376 [main] INFO  volume.VolumeSet (VolumeSet.java:initializeVolumeSet(170)) - Added Volume : /workdir/hadoop-ozone/integration-test/target/test-dir/MiniOzoneClusterImpl-68030cdf-1fc3-4c4e-9885-9294d291db2b/datanode-2/data/containers/hdds to VolumeSet
2019-09-27 20:03:04,376 [main] INFO  volume.ThrottledAsyncChecker (ThrottledAsyncChecker.java:schedule(139)) - Scheduling a check for org.apache.hadoop.ozone.container.common.volume.HddsVolume@6cc86152
2019-09-27 20:03:04,377 [main] INFO  volume.HddsVolumeChecker (HddsVolumeChecker.java:checkAllVolumes(202)) - Scheduled health check for volume org.apache.hadoop.ozone.container.common.volume.HddsVolume@6cc86152
2019-09-27 20:03:04,398 [main] INFO  impl.RaftServerProxy (ConfUtils.java:logGet(43)) - raft.rpc.type = GRPC (default)
2019-09-27 20:03:04,398 [main] INFO  grpc.GrpcFactory (GrpcFactory.java:checkPooledByteBufAllocatorUseCacheForAllThreads(45)) - PERFORMANCE WARNING: useCacheForAllThreads is true that may cause Netty to create a lot garbage objects and, as a result, trigger GC.
	It is recommended to disable useCacheForAllThreads by setting -Dorg.apache.ratis.thirdparty.io.netty.allocator.useCacheForAllThreads=false in command line.
2019-09-27 20:03:04,399 [main] INFO  grpc.GrpcConfigKeys$Server (ConfUtils.java:logGet(43)) - raft.grpc.server.port = 0 (default)
2019-09-27 20:03:04,399 [main] INFO  server.GrpcService (ConfUtils.java:logGet(43)) - raft.grpc.message.size.max = 33570816 (custom)
2019-09-27 20:03:04,399 [main] INFO  server.RaftServerConfigKeys (ConfUtils.java:logGet(43)) - raft.server.log.appender.buffer.byte-limit = 33554432 (custom)
2019-09-27 20:03:04,400 [main] INFO  server.GrpcService (ConfUtils.java:logGet(43)) - raft.grpc.flow.control.window = 1MB (=1048576) (default)
2019-09-27 20:03:04,400 [main] INFO  server.RaftServerConfigKeys (ConfUtils.java:logGet(43)) - raft.server.rpc.request.timeout = 3000ms (default)
2019-09-27 20:03:04,401 [main] INFO  server.RaftServerConfigKeys (ConfUtils.java:logGet(43)) - raft.server.storage.dir = [/workdir/hadoop-ozone/integration-test/target/test-dir/MiniOzoneClusterImpl-68030cdf-1fc3-4c4e-9885-9294d291db2b/datanode-2/data/ratis] (custom)
2019-09-27 20:03:04,404 [main] INFO  hdfs.DFSUtil (DFSUtil.java:httpServerTemplateForNNAndJN(1641)) - Starting Web-server for hddsDatanode at: http://0.0.0.0:0
2019-09-27 20:03:04,407 [main] INFO  server.AuthenticationFilter (AuthenticationFilter.java:constructSecretProvider(240)) - Unable to initialize FileSignerSecretProvider, falling back to use random secrets.
2019-09-27 20:03:04,408 [main] WARN  http.HttpRequestLog (HttpRequestLog.java:getRequestLog(97)) - Jetty request log can only be enabled using Log4j
2019-09-27 20:03:04,410 [main] INFO  http.HttpServer2 (HttpServer2.java:addGlobalFilter(975)) - Added global filter 'safety' (class=org.apache.hadoop.http.HttpServer2$QuotingInputFilter)
2019-09-27 20:03:04,411 [main] INFO  http.HttpServer2 (HttpServer2.java:addFilter(948)) - Added filter static_user_filter (class=org.apache.hadoop.http.lib.StaticUserWebFilter$StaticUserFilter) to context hddsDatanode
2019-09-27 20:03:04,412 [main] INFO  http.HttpServer2 (HttpServer2.java:addFilter(958)) - Added filter static_user_filter (class=org.apache.hadoop.http.lib.StaticUserWebFilter$StaticUserFilter) to context logs
2019-09-27 20:03:04,412 [main] INFO  http.HttpServer2 (HttpServer2.java:addFilter(958)) - Added filter static_user_filter (class=org.apache.hadoop.http.lib.StaticUserWebFilter$StaticUserFilter) to context static
2019-09-27 20:03:04,413 [main] INFO  http.HttpServer2 (HttpServer2.java:bindListener(1191)) - Jetty bound to port 42577
2019-09-27 20:03:04,413 [main] INFO  server.Server (Server.java:doStart(351)) - jetty-9.3.25.v20180904, build timestamp: 2018-09-04T21:11:46Z, git hash: 3ce520221d0240229c862b122d2b06c12a625732
2019-09-27 20:03:04,415 [main] INFO  handler.ContextHandler (ContextHandler.java:doStart(781)) - Started o.e.j.s.ServletContextHandler@77b919a3{/logs,file:///workdir/hadoop-ozone/integration-test/target/log,AVAILABLE}
2019-09-27 20:03:04,415 [main] INFO  handler.ContextHandler (ContextHandler.java:doStart(781)) - Started o.e.j.s.ServletContextHandler@36681447{/static,jar:file:/home/user/.m2/repository/org/apache/hadoop/hadoop-hdds-container-service/0.5.0-SNAPSHOT/hadoop-hdds-container-service-0.5.0-SNAPSHOT.jar!/webapps/static,AVAILABLE}
2019-09-27 20:03:04,415 [Datanode State Machine Thread - 0] INFO  datanode.InitDatanodeState (InitDatanodeState.java:persistContainerDatanodeDetails(140)) - DatanodeDetails is persisted to /workdir/hadoop-ozone/integration-test/target/test-dir/MiniOzoneClusterImpl-68030cdf-1fc3-4c4e-9885-9294d291db2b/datanode-0/meta/datanode.id
2019-09-27 20:03:04,423 [Datanode State Machine Thread - 0] INFO  datanode.InitDatanodeState (InitDatanodeState.java:persistContainerDatanodeDetails(140)) - DatanodeDetails is persisted to /workdir/hadoop-ozone/integration-test/target/test-dir/MiniOzoneClusterImpl-68030cdf-1fc3-4c4e-9885-9294d291db2b/datanode-1/meta/datanode.id
2019-09-27 20:03:04,469 [main] INFO  handler.ContextHandler (ContextHandler.java:doStart(781)) - Started o.e.j.w.WebAppContext@12e0f1cb{/,file:///tmp/jetty-0.0.0.0-42577-hddsDatanode-_-any-4822466149756877208.dir/webapp/,AVAILABLE}{/hddsDatanode}
2019-09-27 20:03:04,470 [main] INFO  server.AbstractConnector (AbstractConnector.java:doStart(278)) - Started ServerConnector@4a163575{HTTP/1.1,[http/1.1]}{0.0.0.0:42577}
2019-09-27 20:03:04,471 [main] INFO  server.Server (Server.java:doStart(419)) - Started @5860ms
2019-09-27 20:03:04,472 [main] WARN  impl.MetricsSystemImpl (MetricsSystemImpl.java:register(276)) - Sink prometheus already exists!
2019-09-27 20:03:04,473 [main] INFO  server.BaseHttpServer (BaseHttpServer.java:updateConnectorAddress(215)) - HTTP server of HDDSDATANODE is listening at http://0.0.0.0:42577
2019-09-27 20:03:04,473 [main] INFO  impl.MetricsSystemImpl (MetricsSystemImpl.java:init(158)) - HddsDatanode metrics system started (again)
2019-09-27 20:03:04,477 [org.apache.hadoop.util.JvmPauseMonitor$Monitor@4162301d] INFO  util.JvmPauseMonitor (JvmPauseMonitor.java:run(188)) - Starting JVM pause monitor
2019-09-27 20:03:04,478 [main] INFO  ozone.HddsDatanodeService (HddsDatanodeService.java:start(184)) - HddsDatanodeService host:pr-hdds-2198-snw6q-1510305952 ip:192.168.151.79
2019-09-27 20:03:04,480 [Datanode State Machine Thread - 0] INFO  datanode.InitDatanodeState (InitDatanodeState.java:persistContainerDatanodeDetails(140)) - DatanodeDetails is persisted to /workdir/hadoop-ozone/integration-test/target/test-dir/MiniOzoneClusterImpl-68030cdf-1fc3-4c4e-9885-9294d291db2b/datanode-2/meta/datanode.id
2019-09-27 20:03:04,486 [main] INFO  volume.HddsVolume (HddsVolume.java:<init>(176)) - Creating Volume: /workdir/hadoop-ozone/integration-test/target/test-dir/MiniOzoneClusterImpl-68030cdf-1fc3-4c4e-9885-9294d291db2b/datanode-3/data/containers/hdds of  storage type : DISK and capacity : 1482555576320
2019-09-27 20:03:04,487 [main] INFO  volume.VolumeSet (VolumeSet.java:initializeVolumeSet(170)) - Added Volume : /workdir/hadoop-ozone/integration-test/target/test-dir/MiniOzoneClusterImpl-68030cdf-1fc3-4c4e-9885-9294d291db2b/datanode-3/data/containers/hdds to VolumeSet
2019-09-27 20:03:04,487 [main] INFO  volume.ThrottledAsyncChecker (ThrottledAsyncChecker.java:schedule(139)) - Scheduling a check for org.apache.hadoop.ozone.container.common.volume.HddsVolume@6540cf1d
2019-09-27 20:03:04,488 [main] INFO  volume.HddsVolumeChecker (HddsVolumeChecker.java:checkAllVolumes(202)) - Scheduled health check for volume org.apache.hadoop.ozone.container.common.volume.HddsVolume@6540cf1d
2019-09-27 20:03:04,508 [main] INFO  impl.RaftServerProxy (ConfUtils.java:logGet(43)) - raft.rpc.type = GRPC (default)
2019-09-27 20:03:04,508 [main] INFO  grpc.GrpcFactory (GrpcFactory.java:checkPooledByteBufAllocatorUseCacheForAllThreads(45)) - PERFORMANCE WARNING: useCacheForAllThreads is true that may cause Netty to create a lot garbage objects and, as a result, trigger GC.
	It is recommended to disable useCacheForAllThreads by setting -Dorg.apache.ratis.thirdparty.io.netty.allocator.useCacheForAllThreads=false in command line.
2019-09-27 20:03:04,509 [main] INFO  grpc.GrpcConfigKeys$Server (ConfUtils.java:logGet(43)) - raft.grpc.server.port = 0 (default)
2019-09-27 20:03:04,509 [main] INFO  server.GrpcService (ConfUtils.java:logGet(43)) - raft.grpc.message.size.max = 33570816 (custom)
2019-09-27 20:03:04,509 [main] INFO  server.RaftServerConfigKeys (ConfUtils.java:logGet(43)) - raft.server.log.appender.buffer.byte-limit = 33554432 (custom)
2019-09-27 20:03:04,510 [main] INFO  server.GrpcService (ConfUtils.java:logGet(43)) - raft.grpc.flow.control.window = 1MB (=1048576) (default)
2019-09-27 20:03:04,510 [main] INFO  server.RaftServerConfigKeys (ConfUtils.java:logGet(43)) - raft.server.rpc.request.timeout = 3000ms (default)
2019-09-27 20:03:04,511 [main] INFO  server.RaftServerConfigKeys (ConfUtils.java:logGet(43)) - raft.server.storage.dir = [/workdir/hadoop-ozone/integration-test/target/test-dir/MiniOzoneClusterImpl-68030cdf-1fc3-4c4e-9885-9294d291db2b/datanode-3/data/ratis] (custom)
2019-09-27 20:03:04,513 [main] INFO  hdfs.DFSUtil (DFSUtil.java:httpServerTemplateForNNAndJN(1641)) - Starting Web-server for hddsDatanode at: http://0.0.0.0:0
2019-09-27 20:03:04,515 [main] INFO  server.AuthenticationFilter (AuthenticationFilter.java:constructSecretProvider(240)) - Unable to initialize FileSignerSecretProvider, falling back to use random secrets.
2019-09-27 20:03:04,515 [main] WARN  http.HttpRequestLog (HttpRequestLog.java:getRequestLog(97)) - Jetty request log can only be enabled using Log4j
2019-09-27 20:03:04,517 [main] INFO  http.HttpServer2 (HttpServer2.java:addGlobalFilter(975)) - Added global filter 'safety' (class=org.apache.hadoop.http.HttpServer2$QuotingInputFilter)
2019-09-27 20:03:04,518 [main] INFO  http.HttpServer2 (HttpServer2.java:addFilter(948)) - Added filter static_user_filter (class=org.apache.hadoop.http.lib.StaticUserWebFilter$StaticUserFilter) to context hddsDatanode
2019-09-27 20:03:04,518 [main] INFO  http.HttpServer2 (HttpServer2.java:addFilter(958)) - Added filter static_user_filter (class=org.apache.hadoop.http.lib.StaticUserWebFilter$StaticUserFilter) to context static
2019-09-27 20:03:04,519 [main] INFO  http.HttpServer2 (HttpServer2.java:addFilter(958)) - Added filter static_user_filter (class=org.apache.hadoop.http.lib.StaticUserWebFilter$StaticUserFilter) to context logs
2019-09-27 20:03:04,520 [main] INFO  http.HttpServer2 (HttpServer2.java:bindListener(1191)) - Jetty bound to port 43223
2019-09-27 20:03:04,520 [main] INFO  server.Server (Server.java:doStart(351)) - jetty-9.3.25.v20180904, build timestamp: 2018-09-04T21:11:46Z, git hash: 3ce520221d0240229c862b122d2b06c12a625732
2019-09-27 20:03:04,525 [main] INFO  handler.ContextHandler (ContextHandler.java:doStart(781)) - Started o.e.j.s.ServletContextHandler@378cfecf{/logs,file:///workdir/hadoop-ozone/integration-test/target/log,AVAILABLE}
2019-09-27 20:03:04,526 [main] INFO  handler.ContextHandler (ContextHandler.java:doStart(781)) - Started o.e.j.s.ServletContextHandler@5e7c141d{/static,jar:file:/home/user/.m2/repository/org/apache/hadoop/hadoop-hdds-container-service/0.5.0-SNAPSHOT/hadoop-hdds-container-service-0.5.0-SNAPSHOT.jar!/webapps/static,AVAILABLE}
2019-09-27 20:03:04,560 [main] INFO  handler.ContextHandler (ContextHandler.java:doStart(781)) - Started o.e.j.w.WebAppContext@437486cd{/,file:///tmp/jetty-0.0.0.0-43223-hddsDatanode-_-any-8952000926612027509.dir/webapp/,AVAILABLE}{/hddsDatanode}
2019-09-27 20:03:04,560 [main] INFO  server.AbstractConnector (AbstractConnector.java:doStart(278)) - Started ServerConnector@15b642b9{HTTP/1.1,[http/1.1]}{0.0.0.0:43223}
2019-09-27 20:03:04,561 [main] INFO  server.Server (Server.java:doStart(419)) - Started @5951ms
2019-09-27 20:03:04,562 [main] WARN  impl.MetricsSystemImpl (MetricsSystemImpl.java:register(276)) - Sink prometheus already exists!
2019-09-27 20:03:04,563 [main] INFO  server.BaseHttpServer (BaseHttpServer.java:updateConnectorAddress(215)) - HTTP server of HDDSDATANODE is listening at http://0.0.0.0:43223
2019-09-27 20:03:04,565 [main] INFO  ozone.MiniOzoneClusterImpl (MiniOzoneClusterImpl.java:lambda$waitForClusterToBeReady$0(147)) - Waiting for cluster to be ready. Got 0 of 4 DN Heartbeats.
2019-09-27 20:03:04,566 [org.apache.hadoop.util.JvmPauseMonitor$Monitor@6d6bb082] INFO  util.JvmPauseMonitor (JvmPauseMonitor.java:run(188)) - Starting JVM pause monitor
2019-09-27 20:03:04,570 [Datanode State Machine Thread - 0] INFO  datanode.InitDatanodeState (InitDatanodeState.java:persistContainerDatanodeDetails(140)) - DatanodeDetails is persisted to /workdir/hadoop-ozone/integration-test/target/test-dir/MiniOzoneClusterImpl-68030cdf-1fc3-4c4e-9885-9294d291db2b/datanode-3/meta/datanode.id
2019-09-27 20:03:05,566 [main] INFO  ozone.MiniOzoneClusterImpl (MiniOzoneClusterImpl.java:lambda$waitForClusterToBeReady$0(147)) - Waiting for cluster to be ready. Got 0 of 4 DN Heartbeats.
2019-09-27 20:03:06,343 [Datanode State Machine Thread - 0] INFO  ozoneimpl.OzoneContainer (OzoneContainer.java:start(217)) - Attempting to start container services.
2019-09-27 20:03:06,346 [Datanode State Machine Thread - 0] INFO  ozoneimpl.OzoneContainer (OzoneContainer.java:startContainerScrub(179)) - Background container scanner has been disabled.
2019-09-27 20:03:06,346 [Datanode State Machine Thread - 0] INFO  ratis.XceiverServerRatis (XceiverServerRatis.java:start(411)) - Starting XceiverServerRatis e2cbd296-35fc-4ea7-9235-775f0b78b50d at port 0
2019-09-27 20:03:06,371 [Datanode State Machine Thread - 0] INFO  impl.RaftServerProxy (RaftServerProxy.java:lambda$start$3(299)) - e2cbd296-35fc-4ea7-9235-775f0b78b50d: start RPC server
2019-09-27 20:03:06,381 [Datanode State Machine Thread - 0] INFO  ozoneimpl.OzoneContainer (OzoneContainer.java:start(217)) - Attempting to start container services.
2019-09-27 20:03:06,387 [Datanode State Machine Thread - 0] INFO  ozoneimpl.OzoneContainer (OzoneContainer.java:startContainerScrub(179)) - Background container scanner has been disabled.
2019-09-27 20:03:06,387 [Datanode State Machine Thread - 0] INFO  ratis.XceiverServerRatis (XceiverServerRatis.java:start(411)) - Starting XceiverServerRatis f0d0e3b1-f661-4980-aa8a-ed8e8deb1a5d at port 0
2019-09-27 20:03:06,393 [Datanode State Machine Thread - 0] INFO  impl.RaftServerProxy (RaftServerProxy.java:lambda$start$3(299)) - f0d0e3b1-f661-4980-aa8a-ed8e8deb1a5d: start RPC server
2019-09-27 20:03:06,492 [Datanode State Machine Thread - 0] INFO  ozoneimpl.OzoneContainer (OzoneContainer.java:start(217)) - Attempting to start container services.
2019-09-27 20:03:06,494 [Datanode State Machine Thread - 0] INFO  ozoneimpl.OzoneContainer (OzoneContainer.java:startContainerScrub(179)) - Background container scanner has been disabled.
2019-09-27 20:03:06,494 [Datanode State Machine Thread - 0] INFO  ratis.XceiverServerRatis (XceiverServerRatis.java:start(411)) - Starting XceiverServerRatis 689d658b-4d2c-422f-97c2-318d50d02a07 at port 0
2019-09-27 20:03:06,505 [Datanode State Machine Thread - 0] INFO  impl.RaftServerProxy (RaftServerProxy.java:lambda$start$3(299)) - 689d658b-4d2c-422f-97c2-318d50d02a07: start RPC server
2019-09-27 20:03:06,514 [Datanode State Machine Thread - 0] INFO  server.GrpcService (GrpcService.java:startImpl(158)) - f0d0e3b1-f661-4980-aa8a-ed8e8deb1a5d: GrpcService started, listening on 0.0.0.0/0.0.0.0:45212
2019-09-27 20:03:06,514 [Datanode State Machine Thread - 0] INFO  server.GrpcService (GrpcService.java:startImpl(158)) - 689d658b-4d2c-422f-97c2-318d50d02a07: GrpcService started, listening on 0.0.0.0/0.0.0.0:37759
2019-09-27 20:03:06,514 [Datanode State Machine Thread - 0] INFO  server.GrpcService (GrpcService.java:startImpl(158)) - e2cbd296-35fc-4ea7-9235-775f0b78b50d: GrpcService started, listening on 0.0.0.0/0.0.0.0:35978
2019-09-27 20:03:06,515 [Datanode State Machine Thread - 0] INFO  ratis.XceiverServerRatis (XceiverServerRatis.java:start(421)) - XceiverServerRatis 689d658b-4d2c-422f-97c2-318d50d02a07 is started using port 37759
2019-09-27 20:03:06,515 [Datanode State Machine Thread - 0] INFO  ratis.XceiverServerRatis (XceiverServerRatis.java:start(421)) - XceiverServerRatis f0d0e3b1-f661-4980-aa8a-ed8e8deb1a5d is started using port 45212
2019-09-27 20:03:06,516 [Datanode State Machine Thread - 0] INFO  ratis.XceiverServerRatis (XceiverServerRatis.java:start(421)) - XceiverServerRatis e2cbd296-35fc-4ea7-9235-775f0b78b50d is started using port 35978
2019-09-27 20:03:06,522 [Datanode State Machine Thread - 0] INFO  server.XceiverServerGrpc (XceiverServerGrpc.java:start(149)) - XceiverServerGrpc e2cbd296-35fc-4ea7-9235-775f0b78b50d is started using port 46382
2019-09-27 20:03:06,522 [Datanode State Machine Thread - 0] INFO  server.XceiverServerGrpc (XceiverServerGrpc.java:start(149)) - XceiverServerGrpc f0d0e3b1-f661-4980-aa8a-ed8e8deb1a5d is started using port 35617
2019-09-27 20:03:06,522 [Datanode State Machine Thread - 0] INFO  server.XceiverServerGrpc (XceiverServerGrpc.java:start(149)) - XceiverServerGrpc 689d658b-4d2c-422f-97c2-318d50d02a07 is started using port 44844
2019-09-27 20:03:06,566 [main] INFO  ozone.MiniOzoneClusterImpl (MiniOzoneClusterImpl.java:lambda$waitForClusterToBeReady$0(147)) - Waiting for cluster to be ready. Got 0 of 4 DN Heartbeats.
2019-09-27 20:03:06,581 [Datanode State Machine Thread - 0] INFO  ozoneimpl.OzoneContainer (OzoneContainer.java:start(217)) - Attempting to start container services.
2019-09-27 20:03:06,583 [Datanode State Machine Thread - 0] INFO  ozoneimpl.OzoneContainer (OzoneContainer.java:startContainerScrub(179)) - Background container scanner has been disabled.
2019-09-27 20:03:06,583 [Datanode State Machine Thread - 0] INFO  ratis.XceiverServerRatis (XceiverServerRatis.java:start(411)) - Starting XceiverServerRatis 1c459d82-2195-4b16-b363-bdcc37b3c260 at port 0
2019-09-27 20:03:06,588 [Datanode State Machine Thread - 0] INFO  impl.RaftServerProxy (RaftServerProxy.java:lambda$start$3(299)) - 1c459d82-2195-4b16-b363-bdcc37b3c260: start RPC server
2019-09-27 20:03:06,591 [Datanode State Machine Thread - 0] INFO  server.GrpcService (GrpcService.java:startImpl(158)) - 1c459d82-2195-4b16-b363-bdcc37b3c260: GrpcService started, listening on 0.0.0.0/0.0.0.0:45874
2019-09-27 20:03:06,591 [Datanode State Machine Thread - 0] INFO  ratis.XceiverServerRatis (XceiverServerRatis.java:start(421)) - XceiverServerRatis 1c459d82-2195-4b16-b363-bdcc37b3c260 is started using port 45874
2019-09-27 20:03:06,593 [Datanode State Machine Thread - 0] INFO  server.XceiverServerGrpc (XceiverServerGrpc.java:start(149)) - XceiverServerGrpc 1c459d82-2195-4b16-b363-bdcc37b3c260 is started using port 33444
2019-09-27 20:03:07,568 [main] INFO  ozone.MiniOzoneClusterImpl (MiniOzoneClusterImpl.java:lambda$waitForClusterToBeReady$0(147)) - Waiting for cluster to be ready. Got 0 of 4 DN Heartbeats.
2019-09-27 20:03:08,326 [IPC Server handler 2 on 33874] INFO  net.NetworkTopology (NetworkTopologyImpl.java:add(111)) - Added a new node: /default-rack/e2cbd296-35fc-4ea7-9235-775f0b78b50d
2019-09-27 20:03:08,326 [IPC Server handler 2 on 33874] INFO  node.SCMNodeManager (SCMNodeManager.java:register(266)) - Registered Data node : e2cbd296-35fc-4ea7-9235-775f0b78b50d{ip: 192.168.151.79, host: pr-hdds-2198-snw6q-1510305952, networkLocation: /default-rack, certSerialId: null}
2019-09-27 20:03:08,331 [EventQueue-NodeRegistrationContainerReportForDataNodeSafeModeRule] INFO  safemode.SCMSafeModeManager (DataNodeSafeModeRule.java:process(71)) - SCM in safe mode. 1 DataNodes registered, 1 required.
2019-09-27 20:03:08,331 [EventQueue-NodeRegistrationContainerReportForDataNodeSafeModeRule] INFO  safemode.SCMSafeModeManager (SCMSafeModeManager.java:validateSafeModeExitRules(177)) - ScmSafeModeManager, all rules are successfully validated
2019-09-27 20:03:08,331 [EventQueue-NodeRegistrationContainerReportForDataNodeSafeModeRule] INFO  safemode.SCMSafeModeManager (SCMSafeModeManager.java:exitSafeMode(193)) - SCM exiting safe mode.
2019-09-27 20:03:08,368 [IPC Server handler 17 on 33874] INFO  net.NetworkTopology (NetworkTopologyImpl.java:add(111)) - Added a new node: /default-rack/f0d0e3b1-f661-4980-aa8a-ed8e8deb1a5d
2019-09-27 20:03:08,370 [IPC Server handler 17 on 33874] INFO  node.SCMNodeManager (SCMNodeManager.java:register(266)) - Registered Data node : f0d0e3b1-f661-4980-aa8a-ed8e8deb1a5d{ip: 192.168.151.79, host: pr-hdds-2198-snw6q-1510305952, networkLocation: /default-rack, certSerialId: null}
2019-09-27 20:03:08,480 [IPC Server handler 0 on 33874] INFO  net.NetworkTopology (NetworkTopologyImpl.java:add(111)) - Added a new node: /default-rack/689d658b-4d2c-422f-97c2-318d50d02a07
2019-09-27 20:03:08,480 [IPC Server handler 0 on 33874] INFO  node.SCMNodeManager (SCMNodeManager.java:register(266)) - Registered Data node : 689d658b-4d2c-422f-97c2-318d50d02a07{ip: 192.168.151.79, host: pr-hdds-2198-snw6q-1510305952, networkLocation: /default-rack, certSerialId: null}
2019-09-27 20:03:08,570 [main] INFO  ozone.MiniOzoneClusterImpl (MiniOzoneClusterImpl.java:lambda$waitForClusterToBeReady$0(147)) - Waiting for cluster to be ready. Got 3 of 4 DN Heartbeats.
2019-09-27 20:03:08,571 [IPC Server handler 2 on 33874] INFO  net.NetworkTopology (NetworkTopologyImpl.java:add(111)) - Added a new node: /default-rack/1c459d82-2195-4b16-b363-bdcc37b3c260
2019-09-27 20:03:08,571 [IPC Server handler 2 on 33874] INFO  node.SCMNodeManager (SCMNodeManager.java:register(266)) - Registered Data node : 1c459d82-2195-4b16-b363-bdcc37b3c260{ip: 192.168.151.79, host: pr-hdds-2198-snw6q-1510305952, networkLocation: /default-rack, certSerialId: null}
2019-09-27 20:03:08,838 [grpc-default-executor-0] INFO  impl.RaftServerProxy (RaftServerProxy.java:addNew(89)) - e2cbd296-35fc-4ea7-9235-775f0b78b50d: addNew group-E5CE148AADF2:[e2cbd296-35fc-4ea7-9235-775f0b78b50d:192.168.151.79:35978] returns group-E5CE148AADF2:java.util.concurrent.CompletableFuture@1c7a7f57[Not completed]
2019-09-27 20:03:08,856 [pool-27-thread-1] INFO  impl.RaftServerImpl (RaftServerImpl.java:<init>(95)) - e2cbd296-35fc-4ea7-9235-775f0b78b50d: new RaftServerImpl for group-E5CE148AADF2:[e2cbd296-35fc-4ea7-9235-775f0b78b50d:192.168.151.79:35978] with ContainerStateMachine:uninitialized
2019-09-27 20:03:08,859 [pool-27-thread-1] INFO  server.RaftServerConfigKeys (ConfUtils.java:logGet(43)) - raft.server.rpc.timeout.min = 5s (custom)
2019-09-27 20:03:08,860 [pool-27-thread-1] INFO  server.RaftServerConfigKeys (ConfUtils.java:logGet(43)) - raft.server.rpc.timeout.max = 5200ms (custom)
2019-09-27 20:03:08,860 [pool-27-thread-1] INFO  server.RaftServerConfigKeys (ConfUtils.java:logGet(43)) - raft.server.rpcslowness.timeout = 1000s (custom)
2019-09-27 20:03:08,861 [pool-27-thread-1] INFO  server.RaftServerConfigKeys (ConfUtils.java:logGet(43)) - raft.server.sleep.deviation.threshold = 300 (default)
2019-09-27 20:03:08,862 [pool-27-thread-1] INFO  server.RaftServerConfigKeys (ConfUtils.java:logGet(43)) - raft.server.log.appender.install.snapshot.enabled = false (custom)
2019-09-27 20:03:08,869 [pool-27-thread-1] INFO  impl.RaftServerImpl (ServerState.java:<init>(103)) - e2cbd296-35fc-4ea7-9235-775f0b78b50d@group-E5CE148AADF2: ConfigurationManager, init=-1: [e2cbd296-35fc-4ea7-9235-775f0b78b50d:192.168.151.79:35978], old=null, confs=<EMPTY_MAP>
2019-09-27 20:03:08,869 [pool-27-thread-1] INFO  server.RaftServerConfigKeys (ConfUtils.java:logGet(43)) - raft.server.storage.dir = [/workdir/hadoop-ozone/integration-test/target/test-dir/MiniOzoneClusterImpl-68030cdf-1fc3-4c4e-9885-9294d291db2b/datanode-0/data/ratis] (custom)
2019-09-27 20:03:08,875 [pool-27-thread-1] INFO  storage.RaftStorageDirectory (RaftStorageDirectory.java:analyzeStorage(246)) - The storage directory /workdir/hadoop-ozone/integration-test/target/test-dir/MiniOzoneClusterImpl-68030cdf-1fc3-4c4e-9885-9294d291db2b/datanode-0/data/ratis/1d9f9d2c-e63e-4226-991c-e5ce148aadf2 does not exist. Creating ...
2019-09-27 20:03:08,891 [pool-27-thread-1] INFO  storage.RaftStorageDirectory (RaftStorageDirectory.java:tryLock(328)) - Lock on /workdir/hadoop-ozone/integration-test/target/test-dir/MiniOzoneClusterImpl-68030cdf-1fc3-4c4e-9885-9294d291db2b/datanode-0/data/ratis/1d9f9d2c-e63e-4226-991c-e5ce148aadf2/in_use.lock acquired by nodename 15290@pr-hdds-2198-snw6q-1510305952
2019-09-27 20:03:08,907 [pool-27-thread-1] INFO  storage.RaftStorage (RaftStorage.java:format(72)) - Storage directory /workdir/hadoop-ozone/integration-test/target/test-dir/MiniOzoneClusterImpl-68030cdf-1fc3-4c4e-9885-9294d291db2b/datanode-0/data/ratis/1d9f9d2c-e63e-4226-991c-e5ce148aadf2 has been successfully formatted.
2019-09-27 20:03:08,910 [pool-27-thread-1] INFO  ratis.ContainerStateMachine (ContainerStateMachine.java:loadSnapshot(230)) - group-E5CE148AADF2: The snapshot info is null. Setting the last applied indexto:(t:0, i:~)
2019-09-27 20:03:08,910 [pool-27-thread-1] INFO  server.RaftServerConfigKeys (ConfUtils.java:logGet(43)) - raft.server.notification.no-leader.timeout = 1000s (custom)
2019-09-27 20:03:08,912 [pool-27-thread-1] INFO  server.RaftServerConfigKeys (ConfUtils.java:logGet(43)) - raft.server.log.use.memory = false (default)
2019-09-27 20:03:08,919 [pool-27-thread-1] INFO  server.RaftServerConfigKeys (ConfUtils.java:logGet(43)) - raft.server.log.purge.gap = 1000000 (custom)
2019-09-27 20:03:08,919 [pool-27-thread-1] INFO  server.RaftServerConfigKeys (ConfUtils.java:logGet(43)) - raft.server.log.appender.buffer.byte-limit = 33554432 (custom)
2019-09-27 20:03:08,922 [pool-27-thread-1] INFO  server.RaftServerConfigKeys (ConfUtils.java:logGet(43)) - raft.server.log.segment.size.max = 1048576 (custom)
2019-09-27 20:03:08,927 [pool-27-thread-1] INFO  server.RaftServerConfigKeys (ConfUtils.java:logGet(43)) - raft.server.log.segment.cache.num.max = 2 (custom)
2019-09-27 20:03:08,933 [pool-27-thread-1] INFO  segmented.SegmentedRaftLogWorker (SegmentedRaftLogWorker.java:<init>(172)) - new e2cbd296-35fc-4ea7-9235-775f0b78b50d@group-E5CE148AADF2-SegmentedRaftLogWorker for RaftStorage:Storage Directory /workdir/hadoop-ozone/integration-test/target/test-dir/MiniOzoneClusterImpl-68030cdf-1fc3-4c4e-9885-9294d291db2b/datanode-0/data/ratis/1d9f9d2c-e63e-4226-991c-e5ce148aadf2
2019-09-27 20:03:08,935 [pool-27-thread-1] INFO  impl.MetricsSystemImpl (MetricsSystemImpl.java:init(158)) - ratis metrics system started (again)
2019-09-27 20:03:08,943 [pool-27-thread-1] INFO  metrics.MetricRegistries (MetricRegistriesLoader.java:load(64)) - Loaded MetricRegistries class org.apache.ratis.metrics.impl.MetricRegistriesImpl
2019-09-27 20:03:08,982 [pool-27-thread-1] INFO  server.RaftServerConfigKeys (ConfUtils.java:logGet(43)) - raft.server.log.queue.byte-limit = 2147483647 (custom)
2019-09-27 20:03:08,982 [pool-27-thread-1] INFO  server.RaftServerConfigKeys (ConfUtils.java:logGet(43)) - raft.server.log.queue.element-limit = 1024 (custom)
2019-09-27 20:03:08,986 [pool-27-thread-1] INFO  server.RaftServerConfigKeys (ConfUtils.java:logGet(43)) - raft.server.log.segment.size.max = 1048576 (custom)
2019-09-27 20:03:08,987 [pool-27-thread-1] INFO  server.RaftServerConfigKeys (ConfUtils.java:logGet(43)) - raft.server.log.preallocated.size = 16384 (custom)
2019-09-27 20:03:08,988 [pool-27-thread-1] INFO  server.RaftServerConfigKeys (ConfUtils.java:logGet(43)) - raft.server.log.write.buffer.size = 33554432 (custom)
2019-09-27 20:03:08,988 [pool-27-thread-1] INFO  server.RaftServerConfigKeys (ConfUtils.java:logGet(43)) - raft.server.log.force.sync.num = 128 (default)
2019-09-27 20:03:08,989 [pool-27-thread-1] INFO  server.RaftServerConfigKeys (ConfUtils.java:logGet(43)) - raft.server.log.statemachine.data.sync = true (default)
2019-09-27 20:03:08,989 [pool-27-thread-1] INFO  server.RaftServerConfigKeys (ConfUtils.java:logGet(43)) - raft.server.log.statemachine.data.sync.timeout = 10s (default)
2019-09-27 20:03:08,990 [pool-27-thread-1] INFO  server.RaftServerConfigKeys (ConfUtils.java:logGet(43)) - raft.server.log.statemachine.data.sync.timeout.retry = -1 (default)
2019-09-27 20:03:09,000 [pool-27-thread-1] INFO  server.RaftServerConfigKeys (ConfUtils.java:logGet(43)) - raft.server.log.statemachine.data.caching.enabled = true (custom)
2019-09-27 20:03:09,005 [pool-27-thread-1] INFO  segmented.SegmentedRaftLogWorker (SegmentedRaftLogWorker.java:lambda$new$0(132)) - e2cbd296-35fc-4ea7-9235-775f0b78b50d@group-E5CE148AADF2-SegmentedRaftLogWorker: flushIndex: setUnconditionally 0 -> -1
2019-09-27 20:03:09,010 [pool-27-thread-1] INFO  server.RaftServerConfigKeys (ConfUtils.java:logGet(43)) - raft.server.snapshot.auto.trigger.enabled = true (custom)
2019-09-27 20:03:09,011 [pool-27-thread-1] INFO  server.RaftServerConfigKeys (ConfUtils.java:logGet(43)) - raft.server.snapshot.auto.trigger.threshold = 10000 (custom)
2019-09-27 20:03:09,012 [pool-27-thread-1] INFO  server.RaftServerConfigKeys (ConfUtils.java:logGet(43)) - raft.server.snapshot.retention.num.files = 5 (custom)
2019-09-27 20:03:09,013 [pool-27-thread-1] INFO  server.RaftServerConfigKeys (ConfUtils.java:logGet(43)) - raft.server.retrycache.expirytime = 600000ms (custom)
2019-09-27 20:03:09,041 [pool-27-thread-1] INFO  impl.RaftServerImpl (RaftServerImpl.java:start(185)) - e2cbd296-35fc-4ea7-9235-775f0b78b50d@group-E5CE148AADF2: start as a follower, conf=-1: [e2cbd296-35fc-4ea7-9235-775f0b78b50d:192.168.151.79:35978], old=null
2019-09-27 20:03:09,042 [pool-27-thread-1] INFO  impl.RaftServerImpl (RaftServerImpl.java:setRole(174)) - e2cbd296-35fc-4ea7-9235-775f0b78b50d@group-E5CE148AADF2: changes role from      null to FOLLOWER at term 0 for startAsFollower
2019-09-27 20:03:09,043 [pool-27-thread-1] INFO  impl.RoleInfo (RoleInfo.java:updateAndGet(143)) - e2cbd296-35fc-4ea7-9235-775f0b78b50d: start FollowerState
2019-09-27 20:03:09,045 [pool-27-thread-1] INFO  util.JmxRegister (JmxRegister.java:tryRegister(44)) - Successfully registered JMX Bean with object name Ratis:service=RaftServer,group=group-E5CE148AADF2,id=e2cbd296-35fc-4ea7-9235-775f0b78b50d
2019-09-27 20:03:09,117 [RatisPipelineUtilsThread] INFO  pipeline.PipelineStateManager (PipelineStateManager.java:addPipeline(56)) - Created pipeline Pipeline[ Id: 1d9f9d2c-e63e-4226-991c-e5ce148aadf2, Nodes: e2cbd296-35fc-4ea7-9235-775f0b78b50d{ip: 192.168.151.79, host: pr-hdds-2198-snw6q-1510305952, networkLocation: /default-rack, certSerialId: null}, Type:RATIS, Factor:ONE, State:OPEN]
2019-09-27 20:03:09,138 [grpc-default-executor-0] INFO  impl.RaftServerProxy (RaftServerProxy.java:addNew(89)) - f0d0e3b1-f661-4980-aa8a-ed8e8deb1a5d: addNew group-7DC216C72F25:[f0d0e3b1-f661-4980-aa8a-ed8e8deb1a5d:192.168.151.79:45212] returns group-7DC216C72F25:java.util.concurrent.CompletableFuture@7bf26ed9[Not completed]
2019-09-27 20:03:09,174 [pool-37-thread-1] INFO  impl.RaftServerImpl (RaftServerImpl.java:<init>(95)) - f0d0e3b1-f661-4980-aa8a-ed8e8deb1a5d: new RaftServerImpl for group-7DC216C72F25:[f0d0e3b1-f661-4980-aa8a-ed8e8deb1a5d:192.168.151.79:45212] with ContainerStateMachine:uninitialized
2019-09-27 20:03:09,177 [pool-37-thread-1] INFO  server.RaftServerConfigKeys (ConfUtils.java:logGet(43)) - raft.server.rpc.timeout.min = 5s (custom)
2019-09-27 20:03:09,177 [pool-37-thread-1] INFO  server.RaftServerConfigKeys (ConfUtils.java:logGet(43)) - raft.server.rpc.timeout.max = 5200ms (custom)
2019-09-27 20:03:09,177 [pool-37-thread-1] INFO  server.RaftServerConfigKeys (ConfUtils.java:logGet(43)) - raft.server.rpcslowness.timeout = 1000s (custom)
2019-09-27 20:03:09,177 [pool-37-thread-1] INFO  server.RaftServerConfigKeys (ConfUtils.java:logGet(43)) - raft.server.sleep.deviation.threshold = 300 (default)
2019-09-27 20:03:09,177 [pool-37-thread-1] INFO  server.RaftServerConfigKeys (ConfUtils.java:logGet(43)) - raft.server.log.appender.install.snapshot.enabled = false (custom)
2019-09-27 20:03:09,177 [pool-37-thread-1] INFO  impl.RaftServerImpl (ServerState.java:<init>(103)) - f0d0e3b1-f661-4980-aa8a-ed8e8deb1a5d@group-7DC216C72F25: ConfigurationManager, init=-1: [f0d0e3b1-f661-4980-aa8a-ed8e8deb1a5d:192.168.151.79:45212], old=null, confs=<EMPTY_MAP>
2019-09-27 20:03:09,178 [pool-37-thread-1] INFO  server.RaftServerConfigKeys (ConfUtils.java:logGet(43)) - raft.server.storage.dir = [/workdir/hadoop-ozone/integration-test/target/test-dir/MiniOzoneClusterImpl-68030cdf-1fc3-4c4e-9885-9294d291db2b/datanode-1/data/ratis] (custom)
2019-09-27 20:03:09,178 [pool-37-thread-1] INFO  storage.RaftStorageDirectory (RaftStorageDirectory.java:analyzeStorage(246)) - The storage directory /workdir/hadoop-ozone/integration-test/target/test-dir/MiniOzoneClusterImpl-68030cdf-1fc3-4c4e-9885-9294d291db2b/datanode-1/data/ratis/7e579cea-0cf4-4803-af15-7dc216c72f25 does not exist. Creating ...
2019-09-27 20:03:09,192 [pool-37-thread-1] INFO  storage.RaftStorageDirectory (RaftStorageDirectory.java:tryLock(328)) - Lock on /workdir/hadoop-ozone/integration-test/target/test-dir/MiniOzoneClusterImpl-68030cdf-1fc3-4c4e-9885-9294d291db2b/datanode-1/data/ratis/7e579cea-0cf4-4803-af15-7dc216c72f25/in_use.lock acquired by nodename 15290@pr-hdds-2198-snw6q-1510305952
2019-09-27 20:03:09,222 [pool-37-thread-1] INFO  storage.RaftStorage (RaftStorage.java:format(72)) - Storage directory /workdir/hadoop-ozone/integration-test/target/test-dir/MiniOzoneClusterImpl-68030cdf-1fc3-4c4e-9885-9294d291db2b/datanode-1/data/ratis/7e579cea-0cf4-4803-af15-7dc216c72f25 has been successfully formatted.
2019-09-27 20:03:09,224 [pool-37-thread-1] INFO  ratis.ContainerStateMachine (ContainerStateMachine.java:loadSnapshot(230)) - group-7DC216C72F25: The snapshot info is null. Setting the last applied indexto:(t:0, i:~)
2019-09-27 20:03:09,225 [pool-37-thread-1] INFO  server.RaftServerConfigKeys (ConfUtils.java:logGet(43)) - raft.server.notification.no-leader.timeout = 1000s (custom)
2019-09-27 20:03:09,225 [pool-37-thread-1] INFO  server.RaftServerConfigKeys (ConfUtils.java:logGet(43)) - raft.server.log.use.memory = false (default)
2019-09-27 20:03:09,225 [pool-37-thread-1] INFO  server.RaftServerConfigKeys (ConfUtils.java:logGet(43)) - raft.server.log.purge.gap = 1000000 (custom)
2019-09-27 20:03:09,225 [pool-37-thread-1] INFO  server.RaftServerConfigKeys (ConfUtils.java:logGet(43)) - raft.server.log.appender.buffer.byte-limit = 33554432 (custom)
2019-09-27 20:03:09,225 [pool-37-thread-1] INFO  server.RaftServerConfigKeys (ConfUtils.java:logGet(43)) - raft.server.log.segment.size.max = 1048576 (custom)
2019-09-27 20:03:09,226 [pool-37-thread-1] INFO  server.RaftServerConfigKeys (ConfUtils.java:logGet(43)) - raft.server.log.segment.cache.num.max = 2 (custom)
2019-09-27 20:03:09,226 [pool-37-thread-1] INFO  segmented.SegmentedRaftLogWorker (SegmentedRaftLogWorker.java:<init>(172)) - new f0d0e3b1-f661-4980-aa8a-ed8e8deb1a5d@group-7DC216C72F25-SegmentedRaftLogWorker for RaftStorage:Storage Directory /workdir/hadoop-ozone/integration-test/target/test-dir/MiniOzoneClusterImpl-68030cdf-1fc3-4c4e-9885-9294d291db2b/datanode-1/data/ratis/7e579cea-0cf4-4803-af15-7dc216c72f25
2019-09-27 20:03:09,231 [pool-37-thread-1] INFO  server.RaftServerConfigKeys (ConfUtils.java:logGet(43)) - raft.server.log.queue.byte-limit = 2147483647 (custom)
2019-09-27 20:03:09,231 [pool-37-thread-1] INFO  server.RaftServerConfigKeys (ConfUtils.java:logGet(43)) - raft.server.log.queue.element-limit = 1024 (custom)
2019-09-27 20:03:09,231 [pool-37-thread-1] INFO  server.RaftServerConfigKeys (ConfUtils.java:logGet(43)) - raft.server.log.segment.size.max = 1048576 (custom)
2019-09-27 20:03:09,231 [pool-37-thread-1] INFO  server.RaftServerConfigKeys (ConfUtils.java:logGet(43)) - raft.server.log.preallocated.size = 16384 (custom)
2019-09-27 20:03:09,232 [pool-37-thread-1] INFO  server.RaftServerConfigKeys (ConfUtils.java:logGet(43)) - raft.server.log.write.buffer.size = 33554432 (custom)
2019-09-27 20:03:09,232 [pool-37-thread-1] INFO  server.RaftServerConfigKeys (ConfUtils.java:logGet(43)) - raft.server.log.force.sync.num = 128 (default)
2019-09-27 20:03:09,232 [pool-37-thread-1] INFO  server.RaftServerConfigKeys (ConfUtils.java:logGet(43)) - raft.server.log.statemachine.data.sync = true (default)
2019-09-27 20:03:09,232 [pool-37-thread-1] INFO  server.RaftServerConfigKeys (ConfUtils.java:logGet(43)) - raft.server.log.statemachine.data.sync.timeout = 10s (default)
2019-09-27 20:03:09,232 [pool-37-thread-1] INFO  server.RaftServerConfigKeys (ConfUtils.java:logGet(43)) - raft.server.log.statemachine.data.sync.timeout.retry = -1 (default)
2019-09-27 20:03:09,233 [pool-37-thread-1] INFO  server.RaftServerConfigKeys (ConfUtils.java:logGet(43)) - raft.server.log.statemachine.data.caching.enabled = true (custom)
2019-09-27 20:03:09,233 [pool-37-thread-1] INFO  segmented.SegmentedRaftLogWorker (SegmentedRaftLogWorker.java:lambda$new$0(132)) - f0d0e3b1-f661-4980-aa8a-ed8e8deb1a5d@group-7DC216C72F25-SegmentedRaftLogWorker: flushIndex: setUnconditionally 0 -> -1
2019-09-27 20:03:09,233 [pool-37-thread-1] INFO  server.RaftServerConfigKeys (ConfUtils.java:logGet(43)) - raft.server.snapshot.auto.trigger.enabled = true (custom)
2019-09-27 20:03:09,234 [pool-37-thread-1] INFO  server.RaftServerConfigKeys (ConfUtils.java:logGet(43)) - raft.server.snapshot.auto.trigger.threshold = 10000 (custom)
2019-09-27 20:03:09,234 [pool-37-thread-1] INFO  server.RaftServerConfigKeys (ConfUtils.java:logGet(43)) - raft.server.snapshot.retention.num.files = 5 (custom)
2019-09-27 20:03:09,234 [pool-37-thread-1] INFO  server.RaftServerConfigKeys (ConfUtils.java:logGet(43)) - raft.server.retrycache.expirytime = 600000ms (custom)
2019-09-27 20:03:09,238 [pool-37-thread-1] INFO  impl.RaftServerImpl (RaftServerImpl.java:start(185)) - f0d0e3b1-f661-4980-aa8a-ed8e8deb1a5d@group-7DC216C72F25: start as a follower, conf=-1: [f0d0e3b1-f661-4980-aa8a-ed8e8deb1a5d:192.168.151.79:45212], old=null
2019-09-27 20:03:09,238 [pool-37-thread-1] INFO  impl.RaftServerImpl (RaftServerImpl.java:setRole(174)) - f0d0e3b1-f661-4980-aa8a-ed8e8deb1a5d@group-7DC216C72F25: changes role from      null to FOLLOWER at term 0 for startAsFollower
2019-09-27 20:03:09,238 [pool-37-thread-1] INFO  impl.RoleInfo (RoleInfo.java:updateAndGet(143)) - f0d0e3b1-f661-4980-aa8a-ed8e8deb1a5d: start FollowerState
2019-09-27 20:03:09,240 [pool-37-thread-1] INFO  util.JmxRegister (JmxRegister.java:tryRegister(44)) - Successfully registered JMX Bean with object name Ratis:service=RaftServer,group=group-7DC216C72F25,id=f0d0e3b1-f661-4980-aa8a-ed8e8deb1a5d
2019-09-27 20:03:09,251 [RatisPipelineUtilsThread] INFO  pipeline.PipelineStateManager (PipelineStateManager.java:addPipeline(56)) - Created pipeline Pipeline[ Id: 7e579cea-0cf4-4803-af15-7dc216c72f25, Nodes: f0d0e3b1-f661-4980-aa8a-ed8e8deb1a5d{ip: 192.168.151.79, host: pr-hdds-2198-snw6q-1510305952, networkLocation: /default-rack, certSerialId: null}, Type:RATIS, Factor:ONE, State:OPEN]
2019-09-27 20:03:09,270 [grpc-default-executor-0] INFO  impl.RaftServerProxy (RaftServerProxy.java:addNew(89)) - 1c459d82-2195-4b16-b363-bdcc37b3c260: addNew group-366BC98957B9:[1c459d82-2195-4b16-b363-bdcc37b3c260:192.168.151.79:45874] returns group-366BC98957B9:java.util.concurrent.CompletableFuture@42a1e1bb[Not completed]
2019-09-27 20:03:09,283 [pool-57-thread-1] INFO  impl.RaftServerImpl (RaftServerImpl.java:<init>(95)) - 1c459d82-2195-4b16-b363-bdcc37b3c260: new RaftServerImpl for group-366BC98957B9:[1c459d82-2195-4b16-b363-bdcc37b3c260:192.168.151.79:45874] with ContainerStateMachine:uninitialized
2019-09-27 20:03:09,287 [pool-57-thread-1] INFO  server.RaftServerConfigKeys (ConfUtils.java:logGet(43)) - raft.server.rpc.timeout.min = 5s (custom)
2019-09-27 20:03:09,287 [pool-57-thread-1] INFO  server.RaftServerConfigKeys (ConfUtils.java:logGet(43)) - raft.server.rpc.timeout.max = 5200ms (custom)
2019-09-27 20:03:09,287 [pool-57-thread-1] INFO  server.RaftServerConfigKeys (ConfUtils.java:logGet(43)) - raft.server.rpcslowness.timeout = 1000s (custom)
2019-09-27 20:03:09,287 [pool-57-thread-1] INFO  server.RaftServerConfigKeys (ConfUtils.java:logGet(43)) - raft.server.sleep.deviation.threshold = 300 (default)
2019-09-27 20:03:09,288 [pool-57-thread-1] INFO  server.RaftServerConfigKeys (ConfUtils.java:logGet(43)) - raft.server.log.appender.install.snapshot.enabled = false (custom)
2019-09-27 20:03:09,288 [pool-57-thread-1] INFO  impl.RaftServerImpl (ServerState.java:<init>(103)) - 1c459d82-2195-4b16-b363-bdcc37b3c260@group-366BC98957B9: ConfigurationManager, init=-1: [1c459d82-2195-4b16-b363-bdcc37b3c260:192.168.151.79:45874], old=null, confs=<EMPTY_MAP>
2019-09-27 20:03:09,288 [pool-57-thread-1] INFO  server.RaftServerConfigKeys (ConfUtils.java:logGet(43)) - raft.server.storage.dir = [/workdir/hadoop-ozone/integration-test/target/test-dir/MiniOzoneClusterImpl-68030cdf-1fc3-4c4e-9885-9294d291db2b/datanode-3/data/ratis] (custom)
2019-09-27 20:03:09,288 [pool-57-thread-1] INFO  storage.RaftStorageDirectory (RaftStorageDirectory.java:analyzeStorage(246)) - The storage directory /workdir/hadoop-ozone/integration-test/target/test-dir/MiniOzoneClusterImpl-68030cdf-1fc3-4c4e-9885-9294d291db2b/datanode-3/data/ratis/4eeef024-4cf0-4eea-86d8-366bc98957b9 does not exist. Creating ...
2019-09-27 20:03:09,301 [pool-57-thread-1] INFO  storage.RaftStorageDirectory (RaftStorageDirectory.java:tryLock(328)) - Lock on /workdir/hadoop-ozone/integration-test/target/test-dir/MiniOzoneClusterImpl-68030cdf-1fc3-4c4e-9885-9294d291db2b/datanode-3/data/ratis/4eeef024-4cf0-4eea-86d8-366bc98957b9/in_use.lock acquired by nodename 15290@pr-hdds-2198-snw6q-1510305952
2019-09-27 20:03:09,314 [pool-57-thread-1] INFO  storage.RaftStorage (RaftStorage.java:format(72)) - Storage directory /workdir/hadoop-ozone/integration-test/target/test-dir/MiniOzoneClusterImpl-68030cdf-1fc3-4c4e-9885-9294d291db2b/datanode-3/data/ratis/4eeef024-4cf0-4eea-86d8-366bc98957b9 has been successfully formatted.
2019-09-27 20:03:09,315 [pool-57-thread-1] INFO  ratis.ContainerStateMachine (ContainerStateMachine.java:loadSnapshot(230)) - group-366BC98957B9: The snapshot info is null. Setting the last applied indexto:(t:0, i:~)
2019-09-27 20:03:09,315 [pool-57-thread-1] INFO  server.RaftServerConfigKeys (ConfUtils.java:logGet(43)) - raft.server.notification.no-leader.timeout = 1000s (custom)
2019-09-27 20:03:09,315 [pool-57-thread-1] INFO  server.RaftServerConfigKeys (ConfUtils.java:logGet(43)) - raft.server.log.use.memory = false (default)
2019-09-27 20:03:09,315 [pool-57-thread-1] INFO  server.RaftServerConfigKeys (ConfUtils.java:logGet(43)) - raft.server.log.purge.gap = 1000000 (custom)
2019-09-27 20:03:09,316 [pool-57-thread-1] INFO  server.RaftServerConfigKeys (ConfUtils.java:logGet(43)) - raft.server.log.appender.buffer.byte-limit = 33554432 (custom)
2019-09-27 20:03:09,316 [pool-57-thread-1] INFO  server.RaftServerConfigKeys (ConfUtils.java:logGet(43)) - raft.server.log.segment.size.max = 1048576 (custom)
2019-09-27 20:03:09,316 [pool-57-thread-1] INFO  server.RaftServerConfigKeys (ConfUtils.java:logGet(43)) - raft.server.log.segment.cache.num.max = 2 (custom)
2019-09-27 20:03:09,316 [pool-57-thread-1] INFO  segmented.SegmentedRaftLogWorker (SegmentedRaftLogWorker.java:<init>(172)) - new 1c459d82-2195-4b16-b363-bdcc37b3c260@group-366BC98957B9-SegmentedRaftLogWorker for RaftStorage:Storage Directory /workdir/hadoop-ozone/integration-test/target/test-dir/MiniOzoneClusterImpl-68030cdf-1fc3-4c4e-9885-9294d291db2b/datanode-3/data/ratis/4eeef024-4cf0-4eea-86d8-366bc98957b9
2019-09-27 20:03:09,337 [pool-57-thread-1] INFO  server.RaftServerConfigKeys (ConfUtils.java:logGet(43)) - raft.server.log.queue.byte-limit = 2147483647 (custom)
2019-09-27 20:03:09,337 [pool-57-thread-1] INFO  server.RaftServerConfigKeys (ConfUtils.java:logGet(43)) - raft.server.log.queue.element-limit = 1024 (custom)
2019-09-27 20:03:09,337 [pool-57-thread-1] INFO  server.RaftServerConfigKeys (ConfUtils.java:logGet(43)) - raft.server.log.segment.size.max = 1048576 (custom)
2019-09-27 20:03:09,337 [pool-57-thread-1] INFO  server.RaftServerConfigKeys (ConfUtils.java:logGet(43)) - raft.server.log.preallocated.size = 16384 (custom)
2019-09-27 20:03:09,338 [pool-57-thread-1] INFO  server.RaftServerConfigKeys (ConfUtils.java:logGet(43)) - raft.server.log.write.buffer.size = 33554432 (custom)
2019-09-27 20:03:09,338 [pool-57-thread-1] INFO  server.RaftServerConfigKeys (ConfUtils.java:logGet(43)) - raft.server.log.force.sync.num = 128 (default)
2019-09-27 20:03:09,338 [pool-57-thread-1] INFO  server.RaftServerConfigKeys (ConfUtils.java:logGet(43)) - raft.server.log.statemachine.data.sync = true (default)
2019-09-27 20:03:09,338 [pool-57-thread-1] INFO  server.RaftServerConfigKeys (ConfUtils.java:logGet(43)) - raft.server.log.statemachine.data.sync.timeout = 10s (default)
2019-09-27 20:03:09,338 [pool-57-thread-1] INFO  server.RaftServerConfigKeys (ConfUtils.java:logGet(43)) - raft.server.log.statemachine.data.sync.timeout.retry = -1 (default)
2019-09-27 20:03:09,338 [pool-57-thread-1] INFO  server.RaftServerConfigKeys (ConfUtils.java:logGet(43)) - raft.server.log.statemachine.data.caching.enabled = true (custom)
2019-09-27 20:03:09,339 [pool-57-thread-1] INFO  segmented.SegmentedRaftLogWorker (SegmentedRaftLogWorker.java:lambda$new$0(132)) - 1c459d82-2195-4b16-b363-bdcc37b3c260@group-366BC98957B9-SegmentedRaftLogWorker: flushIndex: setUnconditionally 0 -> -1
2019-09-27 20:03:09,339 [pool-57-thread-1] INFO  server.RaftServerConfigKeys (ConfUtils.java:logGet(43)) - raft.server.snapshot.auto.trigger.enabled = true (custom)
2019-09-27 20:03:09,339 [pool-57-thread-1] INFO  server.RaftServerConfigKeys (ConfUtils.java:logGet(43)) - raft.server.snapshot.auto.trigger.threshold = 10000 (custom)
2019-09-27 20:03:09,339 [pool-57-thread-1] INFO  server.RaftServerConfigKeys (ConfUtils.java:logGet(43)) - raft.server.snapshot.retention.num.files = 5 (custom)
2019-09-27 20:03:09,340 [pool-57-thread-1] INFO  server.RaftServerConfigKeys (ConfUtils.java:logGet(43)) - raft.server.retrycache.expirytime = 600000ms (custom)
2019-09-27 20:03:09,343 [pool-57-thread-1] INFO  impl.RaftServerImpl (RaftServerImpl.java:start(185)) - 1c459d82-2195-4b16-b363-bdcc37b3c260@group-366BC98957B9: start as a follower, conf=-1: [1c459d82-2195-4b16-b363-bdcc37b3c260:192.168.151.79:45874], old=null
2019-09-27 20:03:09,343 [pool-57-thread-1] INFO  impl.RaftServerImpl (RaftServerImpl.java:setRole(174)) - 1c459d82-2195-4b16-b363-bdcc37b3c260@group-366BC98957B9: changes role from      null to FOLLOWER at term 0 for startAsFollower
2019-09-27 20:03:09,344 [pool-57-thread-1] INFO  impl.RoleInfo (RoleInfo.java:updateAndGet(143)) - 1c459d82-2195-4b16-b363-bdcc37b3c260: start FollowerState
2019-09-27 20:03:09,344 [pool-57-thread-1] INFO  util.JmxRegister (JmxRegister.java:tryRegister(44)) - Successfully registered JMX Bean with object name Ratis:service=RaftServer,group=group-366BC98957B9,id=1c459d82-2195-4b16-b363-bdcc37b3c260
2019-09-27 20:03:09,353 [RatisPipelineUtilsThread] INFO  pipeline.PipelineStateManager (PipelineStateManager.java:addPipeline(56)) - Created pipeline Pipeline[ Id: 4eeef024-4cf0-4eea-86d8-366bc98957b9, Nodes: 1c459d82-2195-4b16-b363-bdcc37b3c260{ip: 192.168.151.79, host: pr-hdds-2198-snw6q-1510305952, networkLocation: /default-rack, certSerialId: null}, Type:RATIS, Factor:ONE, State:OPEN]
2019-09-27 20:03:09,369 [grpc-default-executor-0] INFO  impl.RaftServerProxy (RaftServerProxy.java:addNew(89)) - 689d658b-4d2c-422f-97c2-318d50d02a07: addNew group-8238D5E59ECD:[689d658b-4d2c-422f-97c2-318d50d02a07:192.168.151.79:37759] returns group-8238D5E59ECD:java.util.concurrent.CompletableFuture@1fd56f7e[Not completed]
2019-09-27 20:03:09,370 [pool-47-thread-1] INFO  impl.RaftServerImpl (RaftServerImpl.java:<init>(95)) - 689d658b-4d2c-422f-97c2-318d50d02a07: new RaftServerImpl for group-8238D5E59ECD:[689d658b-4d2c-422f-97c2-318d50d02a07:192.168.151.79:37759] with ContainerStateMachine:uninitialized
2019-09-27 20:03:09,371 [pool-47-thread-1] INFO  server.RaftServerConfigKeys (ConfUtils.java:logGet(43)) - raft.server.rpc.timeout.min = 5s (custom)
2019-09-27 20:03:09,371 [pool-47-thread-1] INFO  server.RaftServerConfigKeys (ConfUtils.java:logGet(43)) - raft.server.rpc.timeout.max = 5200ms (custom)
2019-09-27 20:03:09,371 [pool-47-thread-1] INFO  server.RaftServerConfigKeys (ConfUtils.java:logGet(43)) - raft.server.rpcslowness.timeout = 1000s (custom)
2019-09-27 20:03:09,371 [pool-47-thread-1] INFO  server.RaftServerConfigKeys (ConfUtils.java:logGet(43)) - raft.server.sleep.deviation.threshold = 300 (default)
2019-09-27 20:03:09,371 [pool-47-thread-1] INFO  server.RaftServerConfigKeys (ConfUtils.java:logGet(43)) - raft.server.log.appender.install.snapshot.enabled = false (custom)
2019-09-27 20:03:09,371 [pool-47-thread-1] INFO  impl.RaftServerImpl (ServerState.java:<init>(103)) - 689d658b-4d2c-422f-97c2-318d50d02a07@group-8238D5E59ECD: ConfigurationManager, init=-1: [689d658b-4d2c-422f-97c2-318d50d02a07:192.168.151.79:37759], old=null, confs=<EMPTY_MAP>
2019-09-27 20:03:09,371 [pool-47-thread-1] INFO  server.RaftServerConfigKeys (ConfUtils.java:logGet(43)) - raft.server.storage.dir = [/workdir/hadoop-ozone/integration-test/target/test-dir/MiniOzoneClusterImpl-68030cdf-1fc3-4c4e-9885-9294d291db2b/datanode-2/data/ratis] (custom)
2019-09-27 20:03:09,372 [pool-47-thread-1] INFO  storage.RaftStorageDirectory (RaftStorageDirectory.java:analyzeStorage(246)) - The storage directory /workdir/hadoop-ozone/integration-test/target/test-dir/MiniOzoneClusterImpl-68030cdf-1fc3-4c4e-9885-9294d291db2b/datanode-2/data/ratis/42a84f15-bcd2-4ce1-a614-8238d5e59ecd does not exist. Creating ...
2019-09-27 20:03:09,384 [pool-47-thread-1] INFO  storage.RaftStorageDirectory (RaftStorageDirectory.java:tryLock(328)) - Lock on /workdir/hadoop-ozone/integration-test/target/test-dir/MiniOzoneClusterImpl-68030cdf-1fc3-4c4e-9885-9294d291db2b/datanode-2/data/ratis/42a84f15-bcd2-4ce1-a614-8238d5e59ecd/in_use.lock acquired by nodename 15290@pr-hdds-2198-snw6q-1510305952
2019-09-27 20:03:09,397 [pool-47-thread-1] INFO  storage.RaftStorage (RaftStorage.java:format(72)) - Storage directory /workdir/hadoop-ozone/integration-test/target/test-dir/MiniOzoneClusterImpl-68030cdf-1fc3-4c4e-9885-9294d291db2b/datanode-2/data/ratis/42a84f15-bcd2-4ce1-a614-8238d5e59ecd has been successfully formatted.
2019-09-27 20:03:09,398 [pool-47-thread-1] INFO  ratis.ContainerStateMachine (ContainerStateMachine.java:loadSnapshot(230)) - group-8238D5E59ECD: The snapshot info is null. Setting the last applied indexto:(t:0, i:~)
2019-09-27 20:03:09,398 [pool-47-thread-1] INFO  server.RaftServerConfigKeys (ConfUtils.java:logGet(43)) - raft.server.notification.no-leader.timeout = 1000s (custom)
2019-09-27 20:03:09,398 [pool-47-thread-1] INFO  server.RaftServerConfigKeys (ConfUtils.java:logGet(43)) - raft.server.log.use.memory = false (default)
2019-09-27 20:03:09,398 [pool-47-thread-1] INFO  server.RaftServerConfigKeys (ConfUtils.java:logGet(43)) - raft.server.log.purge.gap = 1000000 (custom)
2019-09-27 20:03:09,398 [pool-47-thread-1] INFO  server.RaftServerConfigKeys (ConfUtils.java:logGet(43)) - raft.server.log.appender.buffer.byte-limit = 33554432 (custom)
2019-09-27 20:03:09,399 [pool-47-thread-1] INFO  server.RaftServerConfigKeys (ConfUtils.java:logGet(43)) - raft.server.log.segment.size.max = 1048576 (custom)
2019-09-27 20:03:09,399 [pool-47-thread-1] INFO  server.RaftServerConfigKeys (ConfUtils.java:logGet(43)) - raft.server.log.segment.cache.num.max = 2 (custom)
2019-09-27 20:03:09,399 [pool-47-thread-1] INFO  segmented.SegmentedRaftLogWorker (SegmentedRaftLogWorker.java:<init>(172)) - new 689d658b-4d2c-422f-97c2-318d50d02a07@group-8238D5E59ECD-SegmentedRaftLogWorker for RaftStorage:Storage Directory /workdir/hadoop-ozone/integration-test/target/test-dir/MiniOzoneClusterImpl-68030cdf-1fc3-4c4e-9885-9294d291db2b/datanode-2/data/ratis/42a84f15-bcd2-4ce1-a614-8238d5e59ecd
2019-09-27 20:03:09,403 [pool-47-thread-1] INFO  server.RaftServerConfigKeys (ConfUtils.java:logGet(43)) - raft.server.log.queue.byte-limit = 2147483647 (custom)
2019-09-27 20:03:09,403 [pool-47-thread-1] INFO  server.RaftServerConfigKeys (ConfUtils.java:logGet(43)) - raft.server.log.queue.element-limit = 1024 (custom)
2019-09-27 20:03:09,404 [pool-47-thread-1] INFO  server.RaftServerConfigKeys (ConfUtils.java:logGet(43)) - raft.server.log.segment.size.max = 1048576 (custom)
2019-09-27 20:03:09,404 [pool-47-thread-1] INFO  server.RaftServerConfigKeys (ConfUtils.java:logGet(43)) - raft.server.log.preallocated.size = 16384 (custom)
2019-09-27 20:03:09,404 [pool-47-thread-1] INFO  server.RaftServerConfigKeys (ConfUtils.java:logGet(43)) - raft.server.log.write.buffer.size = 33554432 (custom)
2019-09-27 20:03:09,404 [pool-47-thread-1] INFO  server.RaftServerConfigKeys (ConfUtils.java:logGet(43)) - raft.server.log.force.sync.num = 128 (default)
2019-09-27 20:03:09,404 [pool-47-thread-1] INFO  server.RaftServerConfigKeys (ConfUtils.java:logGet(43)) - raft.server.log.statemachine.data.sync = true (default)
2019-09-27 20:03:09,404 [pool-47-thread-1] INFO  server.RaftServerConfigKeys (ConfUtils.java:logGet(43)) - raft.server.log.statemachine.data.sync.timeout = 10s (default)
2019-09-27 20:03:09,404 [pool-47-thread-1] INFO  server.RaftServerConfigKeys (ConfUtils.java:logGet(43)) - raft.server.log.statemachine.data.sync.timeout.retry = -1 (default)
2019-09-27 20:03:09,405 [pool-47-thread-1] INFO  server.RaftServerConfigKeys (ConfUtils.java:logGet(43)) - raft.server.log.statemachine.data.caching.enabled = true (custom)
2019-09-27 20:03:09,405 [pool-47-thread-1] INFO  segmented.SegmentedRaftLogWorker (SegmentedRaftLogWorker.java:lambda$new$0(132)) - 689d658b-4d2c-422f-97c2-318d50d02a07@group-8238D5E59ECD-SegmentedRaftLogWorker: flushIndex: setUnconditionally 0 -> -1
2019-09-27 20:03:09,405 [pool-47-thread-1] INFO  server.RaftServerConfigKeys (ConfUtils.java:logGet(43)) - raft.server.snapshot.auto.trigger.enabled = true (custom)
2019-09-27 20:03:09,406 [pool-47-thread-1] INFO  server.RaftServerConfigKeys (ConfUtils.java:logGet(43)) - raft.server.snapshot.auto.trigger.threshold = 10000 (custom)
2019-09-27 20:03:09,406 [pool-47-thread-1] INFO  server.RaftServerConfigKeys (ConfUtils.java:logGet(43)) - raft.server.snapshot.retention.num.files = 5 (custom)
2019-09-27 20:03:09,406 [pool-47-thread-1] INFO  server.RaftServerConfigKeys (ConfUtils.java:logGet(43)) - raft.server.retrycache.expirytime = 600000ms (custom)
2019-09-27 20:03:09,410 [pool-47-thread-1] INFO  impl.RaftServerImpl (RaftServerImpl.java:start(185)) - 689d658b-4d2c-422f-97c2-318d50d02a07@group-8238D5E59ECD: start as a follower, conf=-1: [689d658b-4d2c-422f-97c2-318d50d02a07:192.168.151.79:37759], old=null
2019-09-27 20:03:09,410 [pool-47-thread-1] INFO  impl.RaftServerImpl (RaftServerImpl.java:setRole(174)) - 689d658b-4d2c-422f-97c2-318d50d02a07@group-8238D5E59ECD: changes role from      null to FOLLOWER at term 0 for startAsFollower
2019-09-27 20:03:09,410 [pool-47-thread-1] INFO  impl.RoleInfo (RoleInfo.java:updateAndGet(143)) - 689d658b-4d2c-422f-97c2-318d50d02a07: start FollowerState
2019-09-27 20:03:09,410 [pool-47-thread-1] INFO  util.JmxRegister (JmxRegister.java:tryRegister(44)) - Successfully registered JMX Bean with object name Ratis:service=RaftServer,group=group-8238D5E59ECD,id=689d658b-4d2c-422f-97c2-318d50d02a07
2019-09-27 20:03:09,419 [RatisPipelineUtilsThread] INFO  pipeline.PipelineStateManager (PipelineStateManager.java:addPipeline(56)) - Created pipeline Pipeline[ Id: 42a84f15-bcd2-4ce1-a614-8238d5e59ecd, Nodes: 689d658b-4d2c-422f-97c2-318d50d02a07{ip: 192.168.151.79, host: pr-hdds-2198-snw6q-1510305952, networkLocation: /default-rack, certSerialId: null}, Type:RATIS, Factor:ONE, State:OPEN]
2019-09-27 20:03:09,453 [grpc-default-executor-1] INFO  impl.RaftServerProxy (RaftServerProxy.java:addNew(89)) - f0d0e3b1-f661-4980-aa8a-ed8e8deb1a5d: addNew group-ADB9D93205CA:[f0d0e3b1-f661-4980-aa8a-ed8e8deb1a5d:192.168.151.79:45212, 1c459d82-2195-4b16-b363-bdcc37b3c260:192.168.151.79:45874, e2cbd296-35fc-4ea7-9235-775f0b78b50d:192.168.151.79:35978] returns group-ADB9D93205CA:java.util.concurrent.CompletableFuture@4d34905d[Not completed]
2019-09-27 20:03:09,457 [grpc-default-executor-0] INFO  impl.RaftServerProxy (RaftServerProxy.java:addNew(89)) - e2cbd296-35fc-4ea7-9235-775f0b78b50d: addNew group-ADB9D93205CA:[f0d0e3b1-f661-4980-aa8a-ed8e8deb1a5d:192.168.151.79:45212, 1c459d82-2195-4b16-b363-bdcc37b3c260:192.168.151.79:45874, e2cbd296-35fc-4ea7-9235-775f0b78b50d:192.168.151.79:35978] returns group-ADB9D93205CA:java.util.concurrent.CompletableFuture@16e1299b[Not completed]
2019-09-27 20:03:09,459 [pool-37-thread-1] INFO  impl.RaftServerImpl (RaftServerImpl.java:<init>(95)) - f0d0e3b1-f661-4980-aa8a-ed8e8deb1a5d: new RaftServerImpl for group-ADB9D93205CA:[f0d0e3b1-f661-4980-aa8a-ed8e8deb1a5d:192.168.151.79:45212, 1c459d82-2195-4b16-b363-bdcc37b3c260:192.168.151.79:45874, e2cbd296-35fc-4ea7-9235-775f0b78b50d:192.168.151.79:35978] with ContainerStateMachine:uninitialized
2019-09-27 20:03:09,459 [pool-37-thread-1] INFO  server.RaftServerConfigKeys (ConfUtils.java:logGet(43)) - raft.server.rpc.timeout.min = 5s (custom)
2019-09-27 20:03:09,459 [pool-37-thread-1] INFO  server.RaftServerConfigKeys (ConfUtils.java:logGet(43)) - raft.server.rpc.timeout.max = 5200ms (custom)
2019-09-27 20:03:09,459 [pool-37-thread-1] INFO  server.RaftServerConfigKeys (ConfUtils.java:logGet(43)) - raft.server.rpcslowness.timeout = 1000s (custom)
2019-09-27 20:03:09,459 [grpc-default-executor-0] INFO  impl.RaftServerProxy (RaftServerProxy.java:addNew(89)) - 1c459d82-2195-4b16-b363-bdcc37b3c260: addNew group-ADB9D93205CA:[f0d0e3b1-f661-4980-aa8a-ed8e8deb1a5d:192.168.151.79:45212, 1c459d82-2195-4b16-b363-bdcc37b3c260:192.168.151.79:45874, e2cbd296-35fc-4ea7-9235-775f0b78b50d:192.168.151.79:35978] returns group-ADB9D93205CA:java.util.concurrent.CompletableFuture@6b7c5ac5[Not completed]
2019-09-27 20:03:09,459 [pool-37-thread-1] INFO  server.RaftServerConfigKeys (ConfUtils.java:logGet(43)) - raft.server.sleep.deviation.threshold = 300 (default)
2019-09-27 20:03:09,460 [pool-37-thread-1] INFO  server.RaftServerConfigKeys (ConfUtils.java:logGet(43)) - raft.server.log.appender.install.snapshot.enabled = false (custom)
2019-09-27 20:03:09,460 [pool-27-thread-1] INFO  impl.RaftServerImpl (RaftServerImpl.java:<init>(95)) - e2cbd296-35fc-4ea7-9235-775f0b78b50d: new RaftServerImpl for group-ADB9D93205CA:[f0d0e3b1-f661-4980-aa8a-ed8e8deb1a5d:192.168.151.79:45212, 1c459d82-2195-4b16-b363-bdcc37b3c260:192.168.151.79:45874, e2cbd296-35fc-4ea7-9235-775f0b78b50d:192.168.151.79:35978] with ContainerStateMachine:uninitialized
2019-09-27 20:03:09,460 [pool-37-thread-1] INFO  impl.RaftServerImpl (ServerState.java:<init>(103)) - f0d0e3b1-f661-4980-aa8a-ed8e8deb1a5d@group-ADB9D93205CA: ConfigurationManager, init=-1: [f0d0e3b1-f661-4980-aa8a-ed8e8deb1a5d:192.168.151.79:45212, 1c459d82-2195-4b16-b363-bdcc37b3c260:192.168.151.79:45874, e2cbd296-35fc-4ea7-9235-775f0b78b50d:192.168.151.79:35978], old=null, confs=<EMPTY_MAP>
2019-09-27 20:03:09,460 [pool-27-thread-1] INFO  server.RaftServerConfigKeys (ConfUtils.java:logGet(43)) - raft.server.rpc.timeout.min = 5s (custom)
2019-09-27 20:03:09,461 [pool-37-thread-1] INFO  server.RaftServerConfigKeys (ConfUtils.java:logGet(43)) - raft.server.storage.dir = [/workdir/hadoop-ozone/integration-test/target/test-dir/MiniOzoneClusterImpl-68030cdf-1fc3-4c4e-9885-9294d291db2b/datanode-1/data/ratis] (custom)
2019-09-27 20:03:09,461 [pool-27-thread-1] INFO  server.RaftServerConfigKeys (ConfUtils.java:logGet(43)) - raft.server.rpc.timeout.max = 5200ms (custom)
2019-09-27 20:03:09,461 [pool-27-thread-1] INFO  server.RaftServerConfigKeys (ConfUtils.java:logGet(43)) - raft.server.rpcslowness.timeout = 1000s (custom)
2019-09-27 20:03:09,461 [pool-57-thread-1] INFO  impl.RaftServerImpl (RaftServerImpl.java:<init>(95)) - 1c459d82-2195-4b16-b363-bdcc37b3c260: new RaftServerImpl for group-ADB9D93205CA:[f0d0e3b1-f661-4980-aa8a-ed8e8deb1a5d:192.168.151.79:45212, 1c459d82-2195-4b16-b363-bdcc37b3c260:192.168.151.79:45874, e2cbd296-35fc-4ea7-9235-775f0b78b50d:192.168.151.79:35978] with ContainerStateMachine:uninitialized
2019-09-27 20:03:09,461 [pool-37-thread-1] INFO  storage.RaftStorageDirectory (RaftStorageDirectory.java:analyzeStorage(246)) - The storage directory /workdir/hadoop-ozone/integration-test/target/test-dir/MiniOzoneClusterImpl-68030cdf-1fc3-4c4e-9885-9294d291db2b/datanode-1/data/ratis/ddaed2ce-c188-4cd5-95d7-adb9d93205ca does not exist. Creating ...
2019-09-27 20:03:09,461 [pool-27-thread-1] INFO  server.RaftServerConfigKeys (ConfUtils.java:logGet(43)) - raft.server.sleep.deviation.threshold = 300 (default)
2019-09-27 20:03:09,462 [pool-57-thread-1] INFO  server.RaftServerConfigKeys (ConfUtils.java:logGet(43)) - raft.server.rpc.timeout.min = 5s (custom)
2019-09-27 20:03:09,462 [pool-27-thread-1] INFO  server.RaftServerConfigKeys (ConfUtils.java:logGet(43)) - raft.server.log.appender.install.snapshot.enabled = false (custom)
2019-09-27 20:03:09,462 [pool-57-thread-1] INFO  server.RaftServerConfigKeys (ConfUtils.java:logGet(43)) - raft.server.rpc.timeout.max = 5200ms (custom)
2019-09-27 20:03:09,462 [pool-27-thread-1] INFO  impl.RaftServerImpl (ServerState.java:<init>(103)) - e2cbd296-35fc-4ea7-9235-775f0b78b50d@group-ADB9D93205CA: ConfigurationManager, init=-1: [f0d0e3b1-f661-4980-aa8a-ed8e8deb1a5d:192.168.151.79:45212, 1c459d82-2195-4b16-b363-bdcc37b3c260:192.168.151.79:45874, e2cbd296-35fc-4ea7-9235-775f0b78b50d:192.168.151.79:35978], old=null, confs=<EMPTY_MAP>
2019-09-27 20:03:09,462 [pool-57-thread-1] INFO  server.RaftServerConfigKeys (ConfUtils.java:logGet(43)) - raft.server.rpcslowness.timeout = 1000s (custom)
2019-09-27 20:03:09,462 [pool-57-thread-1] INFO  server.RaftServerConfigKeys (ConfUtils.java:logGet(43)) - raft.server.sleep.deviation.threshold = 300 (default)
2019-09-27 20:03:09,462 [pool-27-thread-1] INFO  server.RaftServerConfigKeys (ConfUtils.java:logGet(43)) - raft.server.storage.dir = [/workdir/hadoop-ozone/integration-test/target/test-dir/MiniOzoneClusterImpl-68030cdf-1fc3-4c4e-9885-9294d291db2b/datanode-0/data/ratis] (custom)
2019-09-27 20:03:09,462 [pool-57-thread-1] INFO  server.RaftServerConfigKeys (ConfUtils.java:logGet(43)) - raft.server.log.appender.install.snapshot.enabled = false (custom)
2019-09-27 20:03:09,462 [pool-57-thread-1] INFO  impl.RaftServerImpl (ServerState.java:<init>(103)) - 1c459d82-2195-4b16-b363-bdcc37b3c260@group-ADB9D93205CA: ConfigurationManager, init=-1: [f0d0e3b1-f661-4980-aa8a-ed8e8deb1a5d:192.168.151.79:45212, 1c459d82-2195-4b16-b363-bdcc37b3c260:192.168.151.79:45874, e2cbd296-35fc-4ea7-9235-775f0b78b50d:192.168.151.79:35978], old=null, confs=<EMPTY_MAP>
2019-09-27 20:03:09,463 [pool-27-thread-1] INFO  storage.RaftStorageDirectory (RaftStorageDirectory.java:analyzeStorage(246)) - The storage directory /workdir/hadoop-ozone/integration-test/target/test-dir/MiniOzoneClusterImpl-68030cdf-1fc3-4c4e-9885-9294d291db2b/datanode-0/data/ratis/ddaed2ce-c188-4cd5-95d7-adb9d93205ca does not exist. Creating ...
2019-09-27 20:03:09,463 [pool-57-thread-1] INFO  server.RaftServerConfigKeys (ConfUtils.java:logGet(43)) - raft.server.storage.dir = [/workdir/hadoop-ozone/integration-test/target/test-dir/MiniOzoneClusterImpl-68030cdf-1fc3-4c4e-9885-9294d291db2b/datanode-3/data/ratis] (custom)
2019-09-27 20:03:09,463 [pool-57-thread-1] INFO  storage.RaftStorageDirectory (RaftStorageDirectory.java:analyzeStorage(246)) - The storage directory /workdir/hadoop-ozone/integration-test/target/test-dir/MiniOzoneClusterImpl-68030cdf-1fc3-4c4e-9885-9294d291db2b/datanode-3/data/ratis/ddaed2ce-c188-4cd5-95d7-adb9d93205ca does not exist. Creating ...
2019-09-27 20:03:09,475 [pool-57-thread-1] INFO  storage.RaftStorageDirectory (RaftStorageDirectory.java:tryLock(328)) - Lock on /workdir/hadoop-ozone/integration-test/target/test-dir/MiniOzoneClusterImpl-68030cdf-1fc3-4c4e-9885-9294d291db2b/datanode-3/data/ratis/ddaed2ce-c188-4cd5-95d7-adb9d93205ca/in_use.lock acquired by nodename 15290@pr-hdds-2198-snw6q-1510305952
2019-09-27 20:03:09,475 [pool-27-thread-1] INFO  storage.RaftStorageDirectory (RaftStorageDirectory.java:tryLock(328)) - Lock on /workdir/hadoop-ozone/integration-test/target/test-dir/MiniOzoneClusterImpl-68030cdf-1fc3-4c4e-9885-9294d291db2b/datanode-0/data/ratis/ddaed2ce-c188-4cd5-95d7-adb9d93205ca/in_use.lock acquired by nodename 15290@pr-hdds-2198-snw6q-1510305952
2019-09-27 20:03:09,475 [pool-37-thread-1] INFO  storage.RaftStorageDirectory (RaftStorageDirectory.java:tryLock(328)) - Lock on /workdir/hadoop-ozone/integration-test/target/test-dir/MiniOzoneClusterImpl-68030cdf-1fc3-4c4e-9885-9294d291db2b/datanode-1/data/ratis/ddaed2ce-c188-4cd5-95d7-adb9d93205ca/in_use.lock acquired by nodename 15290@pr-hdds-2198-snw6q-1510305952
2019-09-27 20:03:09,492 [pool-57-thread-1] INFO  storage.RaftStorage (RaftStorage.java:format(72)) - Storage directory /workdir/hadoop-ozone/integration-test/target/test-dir/MiniOzoneClusterImpl-68030cdf-1fc3-4c4e-9885-9294d291db2b/datanode-3/data/ratis/ddaed2ce-c188-4cd5-95d7-adb9d93205ca has been successfully formatted.
2019-09-27 20:03:09,492 [pool-27-thread-1] INFO  storage.RaftStorage (RaftStorage.java:format(72)) - Storage directory /workdir/hadoop-ozone/integration-test/target/test-dir/MiniOzoneClusterImpl-68030cdf-1fc3-4c4e-9885-9294d291db2b/datanode-0/data/ratis/ddaed2ce-c188-4cd5-95d7-adb9d93205ca has been successfully formatted.
2019-09-27 20:03:09,492 [pool-37-thread-1] INFO  storage.RaftStorage (RaftStorage.java:format(72)) - Storage directory /workdir/hadoop-ozone/integration-test/target/test-dir/MiniOzoneClusterImpl-68030cdf-1fc3-4c4e-9885-9294d291db2b/datanode-1/data/ratis/ddaed2ce-c188-4cd5-95d7-adb9d93205ca has been successfully formatted.
2019-09-27 20:03:09,492 [pool-57-thread-1] INFO  ratis.ContainerStateMachine (ContainerStateMachine.java:loadSnapshot(230)) - group-ADB9D93205CA: The snapshot info is null. Setting the last applied indexto:(t:0, i:~)
2019-09-27 20:03:09,492 [pool-37-thread-1] INFO  ratis.ContainerStateMachine (ContainerStateMachine.java:loadSnapshot(230)) - group-ADB9D93205CA: The snapshot info is null. Setting the last applied indexto:(t:0, i:~)
2019-09-27 20:03:09,492 [pool-27-thread-1] INFO  ratis.ContainerStateMachine (ContainerStateMachine.java:loadSnapshot(230)) - group-ADB9D93205CA: The snapshot info is null. Setting the last applied indexto:(t:0, i:~)
2019-09-27 20:03:09,492 [pool-57-thread-1] INFO  server.RaftServerConfigKeys (ConfUtils.java:logGet(43)) - raft.server.notification.no-leader.timeout = 1000s (custom)
2019-09-27 20:03:09,492 [pool-37-thread-1] INFO  server.RaftServerConfigKeys (ConfUtils.java:logGet(43)) - raft.server.notification.no-leader.timeout = 1000s (custom)
2019-09-27 20:03:09,493 [pool-57-thread-1] INFO  server.RaftServerConfigKeys (ConfUtils.java:logGet(43)) - raft.server.log.use.memory = false (default)
2019-09-27 20:03:09,492 [pool-27-thread-1] INFO  server.RaftServerConfigKeys (ConfUtils.java:logGet(43)) - raft.server.notification.no-leader.timeout = 1000s (custom)
2019-09-27 20:03:09,493 [pool-57-thread-1] INFO  server.RaftServerConfigKeys (ConfUtils.java:logGet(43)) - raft.server.log.purge.gap = 1000000 (custom)
2019-09-27 20:03:09,493 [pool-37-thread-1] INFO  server.RaftServerConfigKeys (ConfUtils.java:logGet(43)) - raft.server.log.use.memory = false (default)
2019-09-27 20:03:09,493 [pool-57-thread-1] INFO  server.RaftServerConfigKeys (ConfUtils.java:logGet(43)) - raft.server.log.appender.buffer.byte-limit = 33554432 (custom)
2019-09-27 20:03:09,493 [pool-27-thread-1] INFO  server.RaftServerConfigKeys (ConfUtils.java:logGet(43)) - raft.server.log.use.memory = false (default)
2019-09-27 20:03:09,493 [pool-57-thread-1] INFO  server.RaftServerConfigKeys (ConfUtils.java:logGet(43)) - raft.server.log.segment.size.max = 1048576 (custom)
2019-09-27 20:03:09,493 [pool-37-thread-1] INFO  server.RaftServerConfigKeys (ConfUtils.java:logGet(43)) - raft.server.log.purge.gap = 1000000 (custom)
2019-09-27 20:03:09,493 [pool-57-thread-1] INFO  server.RaftServerConfigKeys (ConfUtils.java:logGet(43)) - raft.server.log.segment.cache.num.max = 2 (custom)
2019-09-27 20:03:09,493 [pool-27-thread-1] INFO  server.RaftServerConfigKeys (ConfUtils.java:logGet(43)) - raft.server.log.purge.gap = 1000000 (custom)
2019-09-27 20:03:09,494 [pool-57-thread-1] INFO  segmented.SegmentedRaftLogWorker (SegmentedRaftLogWorker.java:<init>(172)) - new 1c459d82-2195-4b16-b363-bdcc37b3c260@group-ADB9D93205CA-SegmentedRaftLogWorker for RaftStorage:Storage Directory /workdir/hadoop-ozone/integration-test/target/test-dir/MiniOzoneClusterImpl-68030cdf-1fc3-4c4e-9885-9294d291db2b/datanode-3/data/ratis/ddaed2ce-c188-4cd5-95d7-adb9d93205ca
2019-09-27 20:03:09,493 [pool-37-thread-1] INFO  server.RaftServerConfigKeys (ConfUtils.java:logGet(43)) - raft.server.log.appender.buffer.byte-limit = 33554432 (custom)
2019-09-27 20:03:09,494 [pool-27-thread-1] INFO  server.RaftServerConfigKeys (ConfUtils.java:logGet(43)) - raft.server.log.appender.buffer.byte-limit = 33554432 (custom)
2019-09-27 20:03:09,494 [pool-37-thread-1] INFO  server.RaftServerConfigKeys (ConfUtils.java:logGet(43)) - raft.server.log.segment.size.max = 1048576 (custom)
2019-09-27 20:03:09,494 [pool-57-thread-1] INFO  server.RaftServerConfigKeys (ConfUtils.java:logGet(43)) - raft.server.log.queue.byte-limit = 2147483647 (custom)
2019-09-27 20:03:09,494 [pool-37-thread-1] INFO  server.RaftServerConfigKeys (ConfUtils.java:logGet(43)) - raft.server.log.segment.cache.num.max = 2 (custom)
2019-09-27 20:03:09,494 [pool-27-thread-1] INFO  server.RaftServerConfigKeys (ConfUtils.java:logGet(43)) - raft.server.log.segment.size.max = 1048576 (custom)
2019-09-27 20:03:09,494 [pool-37-thread-1] INFO  segmented.SegmentedRaftLogWorker (SegmentedRaftLogWorker.java:<init>(172)) - new f0d0e3b1-f661-4980-aa8a-ed8e8deb1a5d@group-ADB9D93205CA-SegmentedRaftLogWorker for RaftStorage:Storage Directory /workdir/hadoop-ozone/integration-test/target/test-dir/MiniOzoneClusterImpl-68030cdf-1fc3-4c4e-9885-9294d291db2b/datanode-1/data/ratis/ddaed2ce-c188-4cd5-95d7-adb9d93205ca
2019-09-27 20:03:09,494 [pool-57-thread-1] INFO  server.RaftServerConfigKeys (ConfUtils.java:logGet(43)) - raft.server.log.queue.element-limit = 1024 (custom)
2019-09-27 20:03:09,495 [pool-37-thread-1] INFO  server.RaftServerConfigKeys (ConfUtils.java:logGet(43)) - raft.server.log.queue.byte-limit = 2147483647 (custom)
2019-09-27 20:03:09,495 [pool-27-thread-1] INFO  server.RaftServerConfigKeys (ConfUtils.java:logGet(43)) - raft.server.log.segment.cache.num.max = 2 (custom)
2019-09-27 20:03:09,495 [pool-37-thread-1] INFO  server.RaftServerConfigKeys (ConfUtils.java:logGet(43)) - raft.server.log.queue.element-limit = 1024 (custom)
2019-09-27 20:03:09,495 [pool-57-thread-1] INFO  server.RaftServerConfigKeys (ConfUtils.java:logGet(43)) - raft.server.log.segment.size.max = 1048576 (custom)
2019-09-27 20:03:09,495 [pool-37-thread-1] INFO  server.RaftServerConfigKeys (ConfUtils.java:logGet(43)) - raft.server.log.segment.size.max = 1048576 (custom)
2019-09-27 20:03:09,495 [pool-27-thread-1] INFO  segmented.SegmentedRaftLogWorker (SegmentedRaftLogWorker.java:<init>(172)) - new e2cbd296-35fc-4ea7-9235-775f0b78b50d@group-ADB9D93205CA-SegmentedRaftLogWorker for RaftStorage:Storage Directory /workdir/hadoop-ozone/integration-test/target/test-dir/MiniOzoneClusterImpl-68030cdf-1fc3-4c4e-9885-9294d291db2b/datanode-0/data/ratis/ddaed2ce-c188-4cd5-95d7-adb9d93205ca
2019-09-27 20:03:09,495 [pool-37-thread-1] INFO  server.RaftServerConfigKeys (ConfUtils.java:logGet(43)) - raft.server.log.preallocated.size = 16384 (custom)
2019-09-27 20:03:09,495 [pool-57-thread-1] INFO  server.RaftServerConfigKeys (ConfUtils.java:logGet(43)) - raft.server.log.preallocated.size = 16384 (custom)
2019-09-27 20:03:09,496 [pool-37-thread-1] INFO  server.RaftServerConfigKeys (ConfUtils.java:logGet(43)) - raft.server.log.write.buffer.size = 33554432 (custom)
2019-09-27 20:03:09,496 [pool-27-thread-1] INFO  server.RaftServerConfigKeys (ConfUtils.java:logGet(43)) - raft.server.log.queue.byte-limit = 2147483647 (custom)
2019-09-27 20:03:09,496 [pool-37-thread-1] INFO  server.RaftServerConfigKeys (ConfUtils.java:logGet(43)) - raft.server.log.force.sync.num = 128 (default)
2019-09-27 20:03:09,496 [pool-57-thread-1] INFO  server.RaftServerConfigKeys (ConfUtils.java:logGet(43)) - raft.server.log.write.buffer.size = 33554432 (custom)
2019-09-27 20:03:09,496 [pool-37-thread-1] INFO  server.RaftServerConfigKeys (ConfUtils.java:logGet(43)) - raft.server.log.statemachine.data.sync = true (default)
2019-09-27 20:03:09,496 [pool-27-thread-1] INFO  server.RaftServerConfigKeys (ConfUtils.java:logGet(43)) - raft.server.log.queue.element-limit = 1024 (custom)
2019-09-27 20:03:09,496 [pool-37-thread-1] INFO  server.RaftServerConfigKeys (ConfUtils.java:logGet(43)) - raft.server.log.statemachine.data.sync.timeout = 10s (default)
2019-09-27 20:03:09,496 [pool-57-thread-1] INFO  server.RaftServerConfigKeys (ConfUtils.java:logGet(43)) - raft.server.log.force.sync.num = 128 (default)
2019-09-27 20:03:09,496 [pool-37-thread-1] INFO  server.RaftServerConfigKeys (ConfUtils.java:logGet(43)) - raft.server.log.statemachine.data.sync.timeout.retry = -1 (default)
2019-09-27 20:03:09,496 [pool-27-thread-1] INFO  server.RaftServerConfigKeys (ConfUtils.java:logGet(43)) - raft.server.log.segment.size.max = 1048576 (custom)
2019-09-27 20:03:09,497 [pool-57-thread-1] INFO  server.RaftServerConfigKeys (ConfUtils.java:logGet(43)) - raft.server.log.statemachine.data.sync = true (default)
2019-09-27 20:03:09,497 [pool-27-thread-1] INFO  server.RaftServerConfigKeys (ConfUtils.java:logGet(43)) - raft.server.log.preallocated.size = 16384 (custom)
2019-09-27 20:03:09,497 [pool-37-thread-1] INFO  server.RaftServerConfigKeys (ConfUtils.java:logGet(43)) - raft.server.log.statemachine.data.caching.enabled = true (custom)
2019-09-27 20:03:09,497 [pool-27-thread-1] INFO  server.RaftServerConfigKeys (ConfUtils.java:logGet(43)) - raft.server.log.write.buffer.size = 33554432 (custom)
2019-09-27 20:03:09,497 [pool-57-thread-1] INFO  server.RaftServerConfigKeys (ConfUtils.java:logGet(43)) - raft.server.log.statemachine.data.sync.timeout = 10s (default)
2019-09-27 20:03:09,497 [pool-37-thread-1] INFO  segmented.SegmentedRaftLogWorker (SegmentedRaftLogWorker.java:lambda$new$0(132)) - f0d0e3b1-f661-4980-aa8a-ed8e8deb1a5d@group-ADB9D93205CA-SegmentedRaftLogWorker: flushIndex: setUnconditionally 0 -> -1
2019-09-27 20:03:09,497 [pool-27-thread-1] INFO  server.RaftServerConfigKeys (ConfUtils.java:logGet(43)) - raft.server.log.force.sync.num = 128 (default)
2019-09-27 20:03:09,497 [pool-57-thread-1] INFO  server.RaftServerConfigKeys (ConfUtils.java:logGet(43)) - raft.server.log.statemachine.data.sync.timeout.retry = -1 (default)
2019-09-27 20:03:09,498 [pool-37-thread-1] INFO  server.RaftServerConfigKeys (ConfUtils.java:logGet(43)) - raft.server.snapshot.auto.trigger.enabled = true (custom)
2019-09-27 20:03:09,498 [pool-57-thread-1] INFO  server.RaftServerConfigKeys (ConfUtils.java:logGet(43)) - raft.server.log.statemachine.data.caching.enabled = true (custom)
2019-09-27 20:03:09,498 [pool-27-thread-1] INFO  server.RaftServerConfigKeys (ConfUtils.java:logGet(43)) - raft.server.log.statemachine.data.sync = true (default)
2019-09-27 20:03:09,498 [pool-37-thread-1] INFO  server.RaftServerConfigKeys (ConfUtils.java:logGet(43)) - raft.server.snapshot.auto.trigger.threshold = 10000 (custom)
2019-09-27 20:03:09,498 [pool-57-thread-1] INFO  segmented.SegmentedRaftLogWorker (SegmentedRaftLogWorker.java:lambda$new$0(132)) - 1c459d82-2195-4b16-b363-bdcc37b3c260@group-ADB9D93205CA-SegmentedRaftLogWorker: flushIndex: setUnconditionally 0 -> -1
2019-09-27 20:03:09,498 [pool-27-thread-1] INFO  server.RaftServerConfigKeys (ConfUtils.java:logGet(43)) - raft.server.log.statemachine.data.sync.timeout = 10s (default)
2019-09-27 20:03:09,498 [pool-37-thread-1] INFO  server.RaftServerConfigKeys (ConfUtils.java:logGet(43)) - raft.server.snapshot.retention.num.files = 5 (custom)
2019-09-27 20:03:09,498 [pool-27-thread-1] INFO  server.RaftServerConfigKeys (ConfUtils.java:logGet(43)) - raft.server.log.statemachine.data.sync.timeout.retry = -1 (default)
2019-09-27 20:03:09,498 [pool-57-thread-1] INFO  server.RaftServerConfigKeys (ConfUtils.java:logGet(43)) - raft.server.snapshot.auto.trigger.enabled = true (custom)
2019-09-27 20:03:09,498 [pool-37-thread-1] INFO  server.RaftServerConfigKeys (ConfUtils.java:logGet(43)) - raft.server.retrycache.expirytime = 600000ms (custom)
2019-09-27 20:03:09,499 [pool-57-thread-1] INFO  server.RaftServerConfigKeys (ConfUtils.java:logGet(43)) - raft.server.snapshot.auto.trigger.threshold = 10000 (custom)
2019-09-27 20:03:09,499 [pool-27-thread-1] INFO  server.RaftServerConfigKeys (ConfUtils.java:logGet(43)) - raft.server.log.statemachine.data.caching.enabled = true (custom)
2019-09-27 20:03:09,499 [pool-57-thread-1] INFO  server.RaftServerConfigKeys (ConfUtils.java:logGet(43)) - raft.server.snapshot.retention.num.files = 5 (custom)
2019-09-27 20:03:09,499 [pool-57-thread-1] INFO  server.RaftServerConfigKeys (ConfUtils.java:logGet(43)) - raft.server.retrycache.expirytime = 600000ms (custom)
2019-09-27 20:03:09,499 [pool-27-thread-1] INFO  segmented.SegmentedRaftLogWorker (SegmentedRaftLogWorker.java:lambda$new$0(132)) - e2cbd296-35fc-4ea7-9235-775f0b78b50d@group-ADB9D93205CA-SegmentedRaftLogWorker: flushIndex: setUnconditionally 0 -> -1
2019-09-27 20:03:09,499 [pool-27-thread-1] INFO  server.RaftServerConfigKeys (ConfUtils.java:logGet(43)) - raft.server.snapshot.auto.trigger.enabled = true (custom)
2019-09-27 20:03:09,499 [pool-27-thread-1] INFO  server.RaftServerConfigKeys (ConfUtils.java:logGet(43)) - raft.server.snapshot.auto.trigger.threshold = 10000 (custom)
2019-09-27 20:03:09,500 [pool-27-thread-1] INFO  server.RaftServerConfigKeys (ConfUtils.java:logGet(43)) - raft.server.snapshot.retention.num.files = 5 (custom)
2019-09-27 20:03:09,500 [pool-27-thread-1] INFO  server.RaftServerConfigKeys (ConfUtils.java:logGet(43)) - raft.server.retrycache.expirytime = 600000ms (custom)
2019-09-27 20:03:09,503 [pool-37-thread-1] INFO  impl.RaftServerImpl (RaftServerImpl.java:start(185)) - f0d0e3b1-f661-4980-aa8a-ed8e8deb1a5d@group-ADB9D93205CA: start as a follower, conf=-1: [f0d0e3b1-f661-4980-aa8a-ed8e8deb1a5d:192.168.151.79:45212, 1c459d82-2195-4b16-b363-bdcc37b3c260:192.168.151.79:45874, e2cbd296-35fc-4ea7-9235-775f0b78b50d:192.168.151.79:35978], old=null
2019-09-27 20:03:09,504 [pool-37-thread-1] INFO  impl.RaftServerImpl (RaftServerImpl.java:setRole(174)) - f0d0e3b1-f661-4980-aa8a-ed8e8deb1a5d@group-ADB9D93205CA: changes role from      null to FOLLOWER at term 0 for startAsFollower
2019-09-27 20:03:09,504 [pool-57-thread-1] INFO  impl.RaftServerImpl (RaftServerImpl.java:start(185)) - 1c459d82-2195-4b16-b363-bdcc37b3c260@group-ADB9D93205CA: start as a follower, conf=-1: [f0d0e3b1-f661-4980-aa8a-ed8e8deb1a5d:192.168.151.79:45212, 1c459d82-2195-4b16-b363-bdcc37b3c260:192.168.151.79:45874, e2cbd296-35fc-4ea7-9235-775f0b78b50d:192.168.151.79:35978], old=null
2019-09-27 20:03:09,504 [pool-37-thread-1] INFO  impl.RoleInfo (RoleInfo.java:updateAndGet(143)) - f0d0e3b1-f661-4980-aa8a-ed8e8deb1a5d: start FollowerState
2019-09-27 20:03:09,504 [pool-57-thread-1] INFO  impl.RaftServerImpl (RaftServerImpl.java:setRole(174)) - 1c459d82-2195-4b16-b363-bdcc37b3c260@group-ADB9D93205CA: changes role from      null to FOLLOWER at term 0 for startAsFollower
2019-09-27 20:03:09,504 [pool-57-thread-1] INFO  impl.RoleInfo (RoleInfo.java:updateAndGet(143)) - 1c459d82-2195-4b16-b363-bdcc37b3c260: start FollowerState
2019-09-27 20:03:09,504 [pool-37-thread-1] INFO  util.JmxRegister (JmxRegister.java:tryRegister(44)) - Successfully registered JMX Bean with object name Ratis:service=RaftServer,group=group-ADB9D93205CA,id=f0d0e3b1-f661-4980-aa8a-ed8e8deb1a5d
2019-09-27 20:03:09,504 [pool-27-thread-1] INFO  impl.RaftServerImpl (RaftServerImpl.java:start(185)) - e2cbd296-35fc-4ea7-9235-775f0b78b50d@group-ADB9D93205CA: start as a follower, conf=-1: [f0d0e3b1-f661-4980-aa8a-ed8e8deb1a5d:192.168.151.79:45212, 1c459d82-2195-4b16-b363-bdcc37b3c260:192.168.151.79:45874, e2cbd296-35fc-4ea7-9235-775f0b78b50d:192.168.151.79:35978], old=null
2019-09-27 20:03:09,504 [pool-57-thread-1] INFO  util.JmxRegister (JmxRegister.java:tryRegister(44)) - Successfully registered JMX Bean with object name Ratis:service=RaftServer,group=group-ADB9D93205CA,id=1c459d82-2195-4b16-b363-bdcc37b3c260
2019-09-27 20:03:09,505 [pool-27-thread-1] INFO  impl.RaftServerImpl (RaftServerImpl.java:setRole(174)) - e2cbd296-35fc-4ea7-9235-775f0b78b50d@group-ADB9D93205CA: changes role from      null to FOLLOWER at term 0 for startAsFollower
2019-09-27 20:03:09,505 [pool-27-thread-1] INFO  impl.RoleInfo (RoleInfo.java:updateAndGet(143)) - e2cbd296-35fc-4ea7-9235-775f0b78b50d: start FollowerState
2019-09-27 20:03:09,505 [pool-27-thread-1] INFO  util.JmxRegister (JmxRegister.java:tryRegister(44)) - Successfully registered JMX Bean with object name Ratis:service=RaftServer,group=group-ADB9D93205CA,id=e2cbd296-35fc-4ea7-9235-775f0b78b50d
2019-09-27 20:03:09,524 [RatisPipelineUtilsThread] INFO  pipeline.PipelineStateManager (PipelineStateManager.java:addPipeline(56)) - Created pipeline Pipeline[ Id: ddaed2ce-c188-4cd5-95d7-adb9d93205ca, Nodes: f0d0e3b1-f661-4980-aa8a-ed8e8deb1a5d{ip: 192.168.151.79, host: pr-hdds-2198-snw6q-1510305952, networkLocation: /default-rack, certSerialId: null}1c459d82-2195-4b16-b363-bdcc37b3c260{ip: 192.168.151.79, host: pr-hdds-2198-snw6q-1510305952, networkLocation: /default-rack, certSerialId: null}e2cbd296-35fc-4ea7-9235-775f0b78b50d{ip: 192.168.151.79, host: pr-hdds-2198-snw6q-1510305952, networkLocation: /default-rack, certSerialId: null}, Type:RATIS, Factor:THREE, State:OPEN]
2019-09-27 20:03:09,570 [main] INFO  ozone.MiniOzoneClusterImpl (MiniOzoneClusterImpl.java:lambda$waitForClusterToBeReady$0(147)) - Cluster is ready. Got 4 of 4 DN Heartbeats.
2019-09-27 20:03:09,577 [main] INFO  container.ReplicationManager (ReplicationManager.java:start(162)) - Starting Replication Monitor Thread.
2019-09-27 20:03:09,579 [ReplicationMonitor] INFO  container.ReplicationManager (ReplicationManager.java:run(225)) - Replication Monitor Thread took 1 milliseconds for processing 0 containers.
2019-09-27 20:03:10,073 [main] INFO  rpc.RpcClient (RpcClient.java:createVolume(276)) - Creating Volume: testcontainerstatemachinefailures, with jenkins1000 as owner.
2019-09-27 20:03:10,207 [IPC Server handler 1 on 33283] INFO  volume.OMVolumeCreateRequest (OMVolumeCreateRequest.java:validateAndUpdateCache(194)) - created volume:testcontainerstatemachinefailures for user:jenkins1000
2019-09-27 20:03:10,230 [main] INFO  rpc.RpcClient (RpcClient.java:createBucket(415)) - Creating Bucket: testcontainerstatemachinefailures/testcontainerstatemachinefailures, with Versioning false and Storage Type set to DISK and Encryption set to false 
2019-09-27 20:03:10,663 [EventQueue-StaleNodeForStaleNodeHandler] INFO  node.StaleNodeHandler (StaleNodeHandler.java:onMessage(58)) - Datanode f0d0e3b1-f661-4980-aa8a-ed8e8deb1a5d{ip: 192.168.151.79, host: pr-hdds-2198-snw6q-1510305952, networkLocation: /default-rack, certSerialId: null} moved to stale state. Finalizing its pipelines [PipelineID=ddaed2ce-c188-4cd5-95d7-adb9d93205ca, PipelineID=7e579cea-0cf4-4803-af15-7dc216c72f25]
2019-09-27 20:03:10,664 [EventQueue-StaleNodeForStaleNodeHandler] INFO  pipeline.SCMPipelineManager (SCMPipelineManager.java:finalizeAndDestroyPipeline(315)) - destroying pipeline:Pipeline[ Id: ddaed2ce-c188-4cd5-95d7-adb9d93205ca, Nodes: f0d0e3b1-f661-4980-aa8a-ed8e8deb1a5d{ip: 192.168.151.79, host: pr-hdds-2198-snw6q-1510305952, networkLocation: /default-rack, certSerialId: null}1c459d82-2195-4b16-b363-bdcc37b3c260{ip: 192.168.151.79, host: pr-hdds-2198-snw6q-1510305952, networkLocation: /default-rack, certSerialId: null}e2cbd296-35fc-4ea7-9235-775f0b78b50d{ip: 192.168.151.79, host: pr-hdds-2198-snw6q-1510305952, networkLocation: /default-rack, certSerialId: null}, Type:RATIS, Factor:THREE, State:OPEN]
2019-09-27 20:03:10,665 [EventQueue-StaleNodeForStaleNodeHandler] INFO  pipeline.PipelineStateManager (PipelineStateManager.java:finalizePipeline(123)) - Pipeline Pipeline[ Id: ddaed2ce-c188-4cd5-95d7-adb9d93205ca, Nodes: f0d0e3b1-f661-4980-aa8a-ed8e8deb1a5d{ip: 192.168.151.79, host: pr-hdds-2198-snw6q-1510305952, networkLocation: /default-rack, certSerialId: null}1c459d82-2195-4b16-b363-bdcc37b3c260{ip: 192.168.151.79, host: pr-hdds-2198-snw6q-1510305952, networkLocation: /default-rack, certSerialId: null}e2cbd296-35fc-4ea7-9235-775f0b78b50d{ip: 192.168.151.79, host: pr-hdds-2198-snw6q-1510305952, networkLocation: /default-rack, certSerialId: null}, Type:RATIS, Factor:THREE, State:CLOSED] moved to CLOSED state
2019-09-27 20:03:10,666 [EventQueue-CloseContainerForCloseContainerEventHandler] INFO  container.CloseContainerEventHandler (CloseContainerEventHandler.java:onMessage(61)) - Close container Event triggered for container : #1
2019-09-27 20:03:10,680 [EventQueue-StaleNodeForStaleNodeHandler] INFO  pipeline.SCMPipelineManager (SCMPipelineManager.java:finalizeAndDestroyPipeline(315)) - destroying pipeline:Pipeline[ Id: 7e579cea-0cf4-4803-af15-7dc216c72f25, Nodes: f0d0e3b1-f661-4980-aa8a-ed8e8deb1a5d{ip: 192.168.151.79, host: pr-hdds-2198-snw6q-1510305952, networkLocation: /default-rack, certSerialId: null}, Type:RATIS, Factor:ONE, State:OPEN]
2019-09-27 20:03:10,682 [EventQueue-StaleNodeForStaleNodeHandler] INFO  pipeline.PipelineStateManager (PipelineStateManager.java:finalizePipeline(123)) - Pipeline Pipeline[ Id: 7e579cea-0cf4-4803-af15-7dc216c72f25, Nodes: f0d0e3b1-f661-4980-aa8a-ed8e8deb1a5d{ip: 192.168.151.79, host: pr-hdds-2198-snw6q-1510305952, networkLocation: /default-rack, certSerialId: null}, Type:RATIS, Factor:ONE, State:CLOSED] moved to CLOSED state
2019-09-27 20:03:10,682 [EventQueue-StaleNodeForStaleNodeHandler] INFO  node.StaleNodeHandler (StaleNodeHandler.java:onMessage(58)) - Datanode 1c459d82-2195-4b16-b363-bdcc37b3c260{ip: 192.168.151.79, host: pr-hdds-2198-snw6q-1510305952, networkLocation: /default-rack, certSerialId: null} moved to stale state. Finalizing its pipelines [PipelineID=4eeef024-4cf0-4eea-86d8-366bc98957b9, PipelineID=ddaed2ce-c188-4cd5-95d7-adb9d93205ca]
2019-09-27 20:03:10,682 [EventQueue-StaleNodeForStaleNodeHandler] INFO  pipeline.SCMPipelineManager (SCMPipelineManager.java:finalizeAndDestroyPipeline(315)) - destroying pipeline:Pipeline[ Id: 4eeef024-4cf0-4eea-86d8-366bc98957b9, Nodes: 1c459d82-2195-4b16-b363-bdcc37b3c260{ip: 192.168.151.79, host: pr-hdds-2198-snw6q-1510305952, networkLocation: /default-rack, certSerialId: null}, Type:RATIS, Factor:ONE, State:OPEN]
2019-09-27 20:03:10,682 [EventQueue-StaleNodeForStaleNodeHandler] INFO  pipeline.PipelineStateManager (PipelineStateManager.java:finalizePipeline(123)) - Pipeline Pipeline[ Id: 4eeef024-4cf0-4eea-86d8-366bc98957b9, Nodes: 1c459d82-2195-4b16-b363-bdcc37b3c260{ip: 192.168.151.79, host: pr-hdds-2198-snw6q-1510305952, networkLocation: /default-rack, certSerialId: null}, Type:RATIS, Factor:ONE, State:CLOSED] moved to CLOSED state
2019-09-27 20:03:10,683 [EventQueue-StaleNodeForStaleNodeHandler] INFO  pipeline.SCMPipelineManager (SCMPipelineManager.java:finalizeAndDestroyPipeline(315)) - destroying pipeline:Pipeline[ Id: ddaed2ce-c188-4cd5-95d7-adb9d93205ca, Nodes: f0d0e3b1-f661-4980-aa8a-ed8e8deb1a5d{ip: 192.168.151.79, host: pr-hdds-2198-snw6q-1510305952, networkLocation: /default-rack, certSerialId: null}1c459d82-2195-4b16-b363-bdcc37b3c260{ip: 192.168.151.79, host: pr-hdds-2198-snw6q-1510305952, networkLocation: /default-rack, certSerialId: null}e2cbd296-35fc-4ea7-9235-775f0b78b50d{ip: 192.168.151.79, host: pr-hdds-2198-snw6q-1510305952, networkLocation: /default-rack, certSerialId: null}, Type:RATIS, Factor:THREE, State:CLOSED]
2019-09-27 20:03:10,683 [EventQueue-StaleNodeForStaleNodeHandler] INFO  node.StaleNodeHandler (StaleNodeHandler.java:onMessage(58)) - Datanode e2cbd296-35fc-4ea7-9235-775f0b78b50d{ip: 192.168.151.79, host: pr-hdds-2198-snw6q-1510305952, networkLocation: /default-rack, certSerialId: null} moved to stale state. Finalizing its pipelines [PipelineID=1d9f9d2c-e63e-4226-991c-e5ce148aadf2, PipelineID=ddaed2ce-c188-4cd5-95d7-adb9d93205ca]
2019-09-27 20:03:10,683 [EventQueue-StaleNodeForStaleNodeHandler] INFO  pipeline.SCMPipelineManager (SCMPipelineManager.java:finalizeAndDestroyPipeline(315)) - destroying pipeline:Pipeline[ Id: 1d9f9d2c-e63e-4226-991c-e5ce148aadf2, Nodes: e2cbd296-35fc-4ea7-9235-775f0b78b50d{ip: 192.168.151.79, host: pr-hdds-2198-snw6q-1510305952, networkLocation: /default-rack, certSerialId: null}, Type:RATIS, Factor:ONE, State:OPEN]
2019-09-27 20:03:10,683 [EventQueue-StaleNodeForStaleNodeHandler] INFO  pipeline.PipelineStateManager (PipelineStateManager.java:finalizePipeline(123)) - Pipeline Pipeline[ Id: 1d9f9d2c-e63e-4226-991c-e5ce148aadf2, Nodes: e2cbd296-35fc-4ea7-9235-775f0b78b50d{ip: 192.168.151.79, host: pr-hdds-2198-snw6q-1510305952, networkLocation: /default-rack, certSerialId: null}, Type:RATIS, Factor:ONE, State:CLOSED] moved to CLOSED state
2019-09-27 20:03:10,684 [EventQueue-StaleNodeForStaleNodeHandler] INFO  pipeline.SCMPipelineManager (SCMPipelineManager.java:finalizeAndDestroyPipeline(315)) - destroying pipeline:Pipeline[ Id: ddaed2ce-c188-4cd5-95d7-adb9d93205ca, Nodes: f0d0e3b1-f661-4980-aa8a-ed8e8deb1a5d{ip: 192.168.151.79, host: pr-hdds-2198-snw6q-1510305952, networkLocation: /default-rack, certSerialId: null}1c459d82-2195-4b16-b363-bdcc37b3c260{ip: 192.168.151.79, host: pr-hdds-2198-snw6q-1510305952, networkLocation: /default-rack, certSerialId: null}e2cbd296-35fc-4ea7-9235-775f0b78b50d{ip: 192.168.151.79, host: pr-hdds-2198-snw6q-1510305952, networkLocation: /default-rack, certSerialId: null}, Type:RATIS, Factor:THREE, State:CLOSED]
2019-09-27 20:03:10,684 [EventQueue-StaleNodeForStaleNodeHandler] INFO  node.StaleNodeHandler (StaleNodeHandler.java:onMessage(58)) - Datanode 689d658b-4d2c-422f-97c2-318d50d02a07{ip: 192.168.151.79, host: pr-hdds-2198-snw6q-1510305952, networkLocation: /default-rack, certSerialId: null} moved to stale state. Finalizing its pipelines [PipelineID=42a84f15-bcd2-4ce1-a614-8238d5e59ecd]
2019-09-27 20:03:10,684 [EventQueue-StaleNodeForStaleNodeHandler] INFO  pipeline.SCMPipelineManager (SCMPipelineManager.java:finalizeAndDestroyPipeline(315)) - destroying pipeline:Pipeline[ Id: 42a84f15-bcd2-4ce1-a614-8238d5e59ecd, Nodes: 689d658b-4d2c-422f-97c2-318d50d02a07{ip: 192.168.151.79, host: pr-hdds-2198-snw6q-1510305952, networkLocation: /default-rack, certSerialId: null}, Type:RATIS, Factor:ONE, State:OPEN]
2019-09-27 20:03:10,684 [EventQueue-StaleNodeForStaleNodeHandler] INFO  pipeline.PipelineStateManager (PipelineStateManager.java:finalizePipeline(123)) - Pipeline Pipeline[ Id: 42a84f15-bcd2-4ce1-a614-8238d5e59ecd, Nodes: 689d658b-4d2c-422f-97c2-318d50d02a07{ip: 192.168.151.79, host: pr-hdds-2198-snw6q-1510305952, networkLocation: /default-rack, certSerialId: null}, Type:RATIS, Factor:ONE, State:CLOSED] moved to CLOSED state
20:03:10.691 [IPC Server handler 8 on 43222] ERROR SCMAudit - user=jenkins1000 | ip=192.168.151.79 | op=ALLOCATE_BLOCK {owner=68cfdf39-3a01-4e7f-88f1-c769b91e6387, size=4194304, type=RATIS, factor=THREE} | ret=FAILURE
java.lang.NullPointerException: null
	at java.util.Objects.requireNonNull(Objects.java:203) ~[?:1.8.0_212]
	at java.util.Optional.<init>(Optional.java:96) ~[?:1.8.0_212]
	at java.util.Optional.of(Optional.java:108) ~[?:1.8.0_212]
	at org.apache.hadoop.hdds.scm.pipeline.SCMPipelineMetrics.incNumBlocksAllocated(SCMPipelineMetrics.java:115) ~[hadoop-hdds-server-scm-0.5.0-SNAPSHOT.jar:?]
	at org.apache.hadoop.hdds.scm.pipeline.SCMPipelineManager.incNumBlocksAllocatedMetric(SCMPipelineManager.java:440) ~[hadoop-hdds-server-scm-0.5.0-SNAPSHOT.jar:?]
	at org.apache.hadoop.hdds.scm.block.BlockManagerImpl.newBlock(BlockManagerImpl.java:246) ~[hadoop-hdds-server-scm-0.5.0-SNAPSHOT.jar:?]
	at org.apache.hadoop.hdds.scm.block.BlockManagerImpl.allocateBlock(BlockManagerImpl.java:216) ~[hadoop-hdds-server-scm-0.5.0-SNAPSHOT.jar:?]
	at org.apache.hadoop.hdds.scm.server.SCMBlockProtocolServer.allocateBlock(SCMBlockProtocolServer.java:182) ~[hadoop-hdds-server-scm-0.5.0-SNAPSHOT.jar:?]
	at org.apache.hadoop.hdds.scm.protocol.ScmBlockLocationProtocolServerSideTranslatorPB.allocateScmBlock(ScmBlockLocationProtocolServerSideTranslatorPB.java:159) ~[hadoop-hdds-server-scm-0.5.0-SNAPSHOT.jar:?]
	at org.apache.hadoop.hdds.scm.protocol.ScmBlockLocationProtocolServerSideTranslatorPB.processMessage(ScmBlockLocationProtocolServerSideTranslatorPB.java:117) ~[hadoop-hdds-server-scm-0.5.0-SNAPSHOT.jar:?]
	at org.apache.hadoop.hdds.server.OzoneProtocolMessageDispatcher.processRequest(OzoneProtocolMessageDispatcher.java:72) [hadoop-hdds-server-framework-0.5.0-SNAPSHOT.jar:?]
	at org.apache.hadoop.hdds.scm.protocol.ScmBlockLocationProtocolServerSideTranslatorPB.send(ScmBlockLocationProtocolServerSideTranslatorPB.java:98) [hadoop-hdds-server-scm-0.5.0-SNAPSHOT.jar:?]
	at org.apache.hadoop.hdds.protocol.proto.ScmBlockLocationProtocolProtos$ScmBlockLocationProtocolService$2.callBlockingMethod(ScmBlockLocationProtocolProtos.java:13157) [hadoop-hdds-common-0.5.0-SNAPSHOT.jar:?]
	at org.apache.hadoop.ipc.ProtobufRpcEngine$Server$ProtoBufRpcInvoker.call(ProtobufRpcEngine.java:524) [hadoop-common-3.2.0.jar:?]
	at org.apache.hadoop.ipc.RPC$Server.call(RPC.java:1025) [hadoop-common-3.2.0.jar:?]
	at org.apache.hadoop.ipc.Server$RpcCall.run(Server.java:876) [hadoop-common-3.2.0.jar:?]
	at org.apache.hadoop.ipc.Server$RpcCall.run(Server.java:822) [hadoop-common-3.2.0.jar:?]
	at java.security.AccessController.doPrivileged(Native Method) [?:1.8.0_212]
	at javax.security.auth.Subject.doAs(Subject.java:422) [?:1.8.0_212]
	at org.apache.hadoop.security.UserGroupInformation.doAs(UserGroupInformation.java:1730) [hadoop-common-3.2.0.jar:?]
	at org.apache.hadoop.ipc.Server$Handler.run(Server.java:2682) [hadoop-common-3.2.0.jar:?]
2019-09-27 20:03:10,721 [IPC Server handler 8 on 43222] WARN  ipc.Server (Server.java:logException(2724)) - IPC Server handler 8 on 43222, call Call#18 Retry#0 org.apache.hadoop.hdds.scm.protocol.ScmBlockLocationProtocol.send from 192.168.151.79:39190
java.lang.NullPointerException
	at java.util.Objects.requireNonNull(Objects.java:203)
	at java.util.Optional.<init>(Optional.java:96)
	at java.util.Optional.of(Optional.java:108)
	at org.apache.hadoop.hdds.scm.pipeline.SCMPipelineMetrics.incNumBlocksAllocated(SCMPipelineMetrics.java:115)
	at org.apache.hadoop.hdds.scm.pipeline.SCMPipelineManager.incNumBlocksAllocatedMetric(SCMPipelineManager.java:440)
	at org.apache.hadoop.hdds.scm.block.BlockManagerImpl.newBlock(BlockManagerImpl.java:246)
	at org.apache.hadoop.hdds.scm.block.BlockManagerImpl.allocateBlock(BlockManagerImpl.java:216)
	at org.apache.hadoop.hdds.scm.server.SCMBlockProtocolServer.allocateBlock(SCMBlockProtocolServer.java:182)
	at org.apache.hadoop.hdds.scm.protocol.ScmBlockLocationProtocolServerSideTranslatorPB.allocateScmBlock(ScmBlockLocationProtocolServerSideTranslatorPB.java:159)
	at org.apache.hadoop.hdds.scm.protocol.ScmBlockLocationProtocolServerSideTranslatorPB.processMessage(ScmBlockLocationProtocolServerSideTranslatorPB.java:117)
	at org.apache.hadoop.hdds.server.OzoneProtocolMessageDispatcher.processRequest(OzoneProtocolMessageDispatcher.java:72)
	at org.apache.hadoop.hdds.scm.protocol.ScmBlockLocationProtocolServerSideTranslatorPB.send(ScmBlockLocationProtocolServerSideTranslatorPB.java:98)
	at org.apache.hadoop.hdds.protocol.proto.ScmBlockLocationProtocolProtos$ScmBlockLocationProtocolService$2.callBlockingMethod(ScmBlockLocationProtocolProtos.java:13157)
	at org.apache.hadoop.ipc.ProtobufRpcEngine$Server$ProtoBufRpcInvoker.call(ProtobufRpcEngine.java:524)
	at org.apache.hadoop.ipc.RPC$Server.call(RPC.java:1025)
	at org.apache.hadoop.ipc.Server$RpcCall.run(Server.java:876)
	at org.apache.hadoop.ipc.Server$RpcCall.run(Server.java:822)
	at java.security.AccessController.doPrivileged(Native Method)
	at javax.security.auth.Subject.doAs(Subject.java:422)
	at org.apache.hadoop.security.UserGroupInformation.doAs(UserGroupInformation.java:1730)
	at org.apache.hadoop.ipc.Server$Handler.run(Server.java:2682)
]]></system-out>
    <system-err><![CDATA[ERROR StatusLogger No Log4j 2 configuration file found. Using default configuration (logging only errors to the console), or user programmatically provided configurations. Set system property 'log4j2.debug' to show Log4j 2 internal initialization logging. See https://logging.apache.org/log4j/2.x/manual/configuration.html for instructions on how to configure Log4j 2
]]></system-err>
  </testcase>
</testsuite>