<?xml version="1.0" encoding="UTF-8"?>
<testsuite xmlns:xsi="http://www.w3.org/2001/XMLSchema-instance" xsi:noNamespaceSchemaLocation="https://maven.apache.org/surefire/maven-surefire-plugin/xsd/surefire-test-report.xsd" name="org.apache.hadoop.ozone.client.rpc.TestBlockOutputStreamWithFailures" time="688.411" tests="8" errors="0" skipped="0" failures="2">
  <properties>
    <property name="awt.toolkit" value="sun.awt.X11.XToolkit"/>
    <property name="file.encoding.pkg" value="sun.io"/>
    <property name="java.specification.version" value="1.8"/>
    <property name="sun.cpu.isalist" value=""/>
    <property name="sun.jnu.encoding" value="ANSI_X3.4-1968"/>
    <property name="java.class.path" value="/workdir/hadoop-ozone/integration-test/target/test-classes:/workdir/hadoop-ozone/integration-test/target/classes:/home/user/.m2/repository/org/apache/hadoop/hadoop-ozone-common/0.5.0-SNAPSHOT/hadoop-ozone-common-0.5.0-SNAPSHOT.jar:/home/user/.m2/repository/org/apache/commons/commons-compress/1.4.1/commons-compress-1.4.1.jar:/home/user/.m2/repository/org/tukaani/xz/1.0/xz-1.0.jar:/home/user/.m2/repository/org/apache/hadoop/hadoop-common/3.2.0/hadoop-common-3.2.0.jar:/home/user/.m2/repository/org/apache/hadoop/hadoop-hdfs/3.2.0/hadoop-hdfs-3.2.0.jar:/home/user/.m2/repository/org/apache/hadoop/hadoop-hdfs-client/3.2.0/hadoop-hdfs-client-3.2.0.jar:/home/user/.m2/repository/com/fasterxml/jackson/core/jackson-annotations/2.9.9/jackson-annotations-2.9.9.jar:/home/user/.m2/repository/org/apache/hadoop/hadoop-hdds-common/0.5.0-SNAPSHOT/hadoop-hdds-common-0.5.0-SNAPSHOT.jar:/home/user/.m2/repository/javax/annotation/javax.annotation-api/1.2/javax.annotation-api-1.2.jar:/home/user/.m2/repository/org/apache/ratis/ratis-server/0.5.0-201fc85-SNAPSHOT/ratis-server-0.5.0-201fc85-SNAPSHOT.jar:/home/user/.m2/repository/org/apache/ratis/ratis-thirdparty-misc/0.2.0/ratis-thirdparty-misc-0.2.0.jar:/home/user/.m2/repository/org/apache/ratis/ratis-proto/0.5.0-201fc85-SNAPSHOT/ratis-proto-0.5.0-201fc85-SNAPSHOT.jar:/home/user/.m2/repository/org/apache/ratis/ratis-common/0.5.0-201fc85-SNAPSHOT/ratis-common-0.5.0-201fc85-SNAPSHOT.jar:/home/user/.m2/repository/org/apache/ratis/ratis-client/0.5.0-201fc85-SNAPSHOT/ratis-client-0.5.0-201fc85-SNAPSHOT.jar:/home/user/.m2/repository/org/apache/ratis/ratis-metrics/0.5.0-201fc85-SNAPSHOT/ratis-metrics-0.5.0-201fc85-SNAPSHOT.jar:/home/user/.m2/repository/com/github/joshelser/dropwizard-metrics-hadoop-metrics2-reporter/0.1.2/dropwizard-metrics-hadoop-metrics2-reporter-0.1.2.jar:/home/user/.m2/repository/io/dropwizard/metrics/metrics-jvm/3.2.5/metrics-jvm-3.2.5.jar:/home/user/.m2/repository/io/dropwizard/metrics/metrics-ganglia/3.2.5/metrics-ganglia-3.2.5.jar:/home/user/.m2/repository/info/ganglia/gmetric4j/gmetric4j/1.0.7/gmetric4j-1.0.7.jar:/home/user/.m2/repository/org/apache/ratis/ratis-netty/0.5.0-201fc85-SNAPSHOT/ratis-netty-0.5.0-201fc85-SNAPSHOT.jar:/home/user/.m2/repository/org/apache/ratis/ratis-grpc/0.5.0-201fc85-SNAPSHOT/ratis-grpc-0.5.0-201fc85-SNAPSHOT.jar:/home/user/.m2/repository/org/rocksdb/rocksdbjni/6.0.1/rocksdbjni-6.0.1.jar:/home/user/.m2/repository/org/apache/logging/log4j/log4j-api/2.11.0/log4j-api-2.11.0.jar:/home/user/.m2/repository/org/apache/logging/log4j/log4j-core/2.11.0/log4j-core-2.11.0.jar:/home/user/.m2/repository/com/lmax/disruptor/3.4.2/disruptor-3.4.2.jar:/home/user/.m2/repository/org/apache/commons/commons-pool2/2.6.0/commons-pool2-2.6.0.jar:/home/user/.m2/repository/org/bouncycastle/bcpkix-jdk15on/1.60/bcpkix-jdk15on-1.60.jar:/home/user/.m2/repository/commons-validator/commons-validator/1.6/commons-validator-1.6.jar:/home/user/.m2/repository/commons-digester/commons-digester/1.8.1/commons-digester-1.8.1.jar:/home/user/.m2/repository/io/jaegertracing/jaeger-client/0.34.0/jaeger-client-0.34.0.jar:/home/user/.m2/repository/io/jaegertracing/jaeger-thrift/0.34.0/jaeger-thrift-0.34.0.jar:/home/user/.m2/repository/org/apache/thrift/libthrift/0.12.0/libthrift-0.12.0.jar:/home/user/.m2/repository/com/squareup/okhttp3/okhttp/3.9.0/okhttp-3.9.0.jar:/home/user/.m2/repository/com/squareup/okio/okio/1.13.0/okio-1.13.0.jar:/home/user/.m2/repository/io/jaegertracing/jaeger-core/0.34.0/jaeger-core-0.34.0.jar:/home/user/.m2/repository/io/jaegertracing/jaeger-tracerresolver/0.34.0/jaeger-tracerresolver-0.34.0.jar:/home/user/.m2/repository/io/opentracing/contrib/opentracing-tracerresolver/0.1.5/opentracing-tracerresolver-0.1.5.jar:/home/user/.m2/repository/io/opentracing/opentracing-util/0.31.0/opentracing-util-0.31.0.jar:/home/user/.m2/repository/io/opentracing/opentracing-api/0.31.0/opentracing-api-0.31.0.jar:/home/user/.m2/repository/io/opentracing/opentracing-noop/0.31.0/opentracing-noop-0.31.0.jar:/home/user/.m2/repository/org/apache/hadoop/hadoop-hdds-server-framework/0.5.0-SNAPSHOT/hadoop-hdds-server-framework-0.5.0-SNAPSHOT.jar:/home/user/.m2/repository/org/apache/hadoop/hadoop-hdds-container-service/0.5.0-SNAPSHOT/hadoop-hdds-container-service-0.5.0-SNAPSHOT.jar:/home/user/.m2/repository/org/apache/hadoop/hadoop-hdds-client/0.5.0-SNAPSHOT/hadoop-hdds-client-0.5.0-SNAPSHOT.jar:/home/user/.m2/repository/org/apache/hadoop/hadoop-hdds-tools/0.5.0-SNAPSHOT/hadoop-hdds-tools-0.5.0-SNAPSHOT.jar:/home/user/.m2/repository/org/apache/hadoop/hadoop-hdds-server-scm/0.5.0-SNAPSHOT/hadoop-hdds-server-scm-0.5.0-SNAPSHOT.jar:/home/user/.m2/repository/org/apache/hadoop/hadoop-hdds-docs/0.5.0-SNAPSHOT/hadoop-hdds-docs-0.5.0-SNAPSHOT.jar:/home/user/.m2/repository/io/dropwizard/metrics/metrics-core/3.2.4/metrics-core-3.2.4.jar:/home/user/.m2/repository/org/hamcrest/hamcrest-all/1.3/hamcrest-all-1.3.jar:/home/user/.m2/repository/org/bouncycastle/bcprov-jdk15on/1.60/bcprov-jdk15on-1.60.jar:/home/user/.m2/repository/info/picocli/picocli/3.9.6/picocli-3.9.6.jar:/home/user/.m2/repository/com/google/protobuf/protobuf-java/2.5.0/protobuf-java-2.5.0.jar:/home/user/.m2/repository/com/google/guava/guava/11.0.2/guava-11.0.2.jar:/home/user/.m2/repository/org/apache/hadoop/hadoop-ozone-ozone-manager/0.5.0-SNAPSHOT/hadoop-ozone-ozone-manager-0.5.0-SNAPSHOT.jar:/home/user/.m2/repository/org/apache/hadoop/hadoop-minikdc/3.2.0/hadoop-minikdc-3.2.0.jar:/home/user/.m2/repository/commons-io/commons-io/2.5/commons-io-2.5.jar:/home/user/.m2/repository/org/apache/kerby/kerb-simplekdc/1.0.1/kerb-simplekdc-1.0.1.jar:/home/user/.m2/repository/org/apache/kerby/kerb-client/1.0.1/kerb-client-1.0.1.jar:/home/user/.m2/repository/org/apache/kerby/kerby-config/1.0.1/kerby-config-1.0.1.jar:/home/user/.m2/repository/org/apache/kerby/kerb-core/1.0.1/kerb-core-1.0.1.jar:/home/user/.m2/repository/org/apache/kerby/kerby-pkix/1.0.1/kerby-pkix-1.0.1.jar:/home/user/.m2/repository/org/apache/kerby/kerby-asn1/1.0.1/kerby-asn1-1.0.1.jar:/home/user/.m2/repository/org/apache/kerby/kerby-util/1.0.1/kerby-util-1.0.1.jar:/home/user/.m2/repository/org/apache/kerby/kerb-common/1.0.1/kerb-common-1.0.1.jar:/home/user/.m2/repository/org/apache/kerby/kerb-crypto/1.0.1/kerb-crypto-1.0.1.jar:/home/user/.m2/repository/org/apache/kerby/kerb-util/1.0.1/kerb-util-1.0.1.jar:/home/user/.m2/repository/org/apache/kerby/token-provider/1.0.1/token-provider-1.0.1.jar:/home/user/.m2/repository/org/apache/kerby/kerb-admin/1.0.1/kerb-admin-1.0.1.jar:/home/user/.m2/repository/org/apache/kerby/kerb-server/1.0.1/kerb-server-1.0.1.jar:/home/user/.m2/repository/org/apache/kerby/kerb-identity/1.0.1/kerb-identity-1.0.1.jar:/home/user/.m2/repository/org/apache/kerby/kerby-xdr/1.0.1/kerby-xdr-1.0.1.jar:/home/user/.m2/repository/org/slf4j/slf4j-log4j12/1.7.25/slf4j-log4j12-1.7.25.jar:/home/user/.m2/repository/org/apache/hadoop/hadoop-ozone-s3gateway/0.5.0-SNAPSHOT/hadoop-ozone-s3gateway-0.5.0-SNAPSHOT.jar:/home/user/.m2/repository/org/jboss/weld/servlet/weld-servlet/2.4.7.Final/weld-servlet-2.4.7.Final.jar:/home/user/.m2/repository/org/glassfish/jersey/containers/jersey-container-servlet-core/2.27/jersey-container-servlet-core-2.27.jar:/home/user/.m2/repository/org/glassfish/hk2/external/javax.inject/2.5.0-b42/javax.inject-2.5.0-b42.jar:/home/user/.m2/repository/org/glassfish/jersey/core/jersey-common/2.27/jersey-common-2.27.jar:/home/user/.m2/repository/org/glassfish/hk2/osgi-resource-locator/1.0.1/osgi-resource-locator-1.0.1.jar:/home/user/.m2/repository/javax/ws/rs/javax.ws.rs-api/2.1/javax.ws.rs-api-2.1.jar:/home/user/.m2/repository/org/glassfish/jersey/ext/cdi/jersey-cdi1x/2.27/jersey-cdi1x-2.27.jar:/home/user/.m2/repository/org/glassfish/jersey/inject/jersey-hk2/2.27/jersey-hk2-2.27.jar:/home/user/.m2/repository/org/glassfish/hk2/hk2-locator/2.5.0-b42/hk2-locator-2.5.0-b42.jar:/home/user/.m2/repository/org/javassist/javassist/3.22.0-CR2/javassist-3.22.0-CR2.jar:/home/user/.m2/repository/org/glassfish/hk2/hk2-api/2.5.0/hk2-api-2.5.0.jar:/home/user/.m2/repository/org/glassfish/hk2/external/jakarta.inject/2.5.0/jakarta.inject-2.5.0.jar:/home/user/.m2/repository/org/glassfish/hk2/hk2-utils/2.5.0/hk2-utils-2.5.0.jar:/home/user/.m2/repository/jakarta/annotation/jakarta.annotation-api/1.3.4/jakarta.annotation-api-1.3.4.jar:/home/user/.m2/repository/org/glassfish/hk2/external/aopalliance-repackaged/2.5.0/aopalliance-repackaged-2.5.0.jar:/home/user/.m2/repository/com/fasterxml/jackson/dataformat/jackson-dataformat-xml/2.9.0/jackson-dataformat-xml-2.9.0.jar:/home/user/.m2/repository/com/fasterxml/jackson/core/jackson-core/2.9.9/jackson-core-2.9.9.jar:/home/user/.m2/repository/com/fasterxml/jackson/module/jackson-module-jaxb-annotations/2.9.9/jackson-module-jaxb-annotations-2.9.9.jar:/home/user/.m2/repository/javax/enterprise/cdi-api/1.2/cdi-api-1.2.jar:/home/user/.m2/repository/javax/el/javax.el-api/3.0.0/javax.el-api-3.0.0.jar:/home/user/.m2/repository/javax/interceptor/javax.interceptor-api/1.2/javax.interceptor-api-1.2.jar:/home/user/.m2/repository/javax/inject/javax.inject/1/javax.inject-1.jar:/home/user/.m2/repository/com/sun/xml/bind/jaxb-impl/2.3.0.1/jaxb-impl-2.3.0.1.jar:/home/user/.m2/repository/com/sun/xml/bind/jaxb-core/2.3.0.1/jaxb-core-2.3.0.1.jar:/home/user/.m2/repository/javax/xml/bind/jaxb-api/2.3.0/jaxb-api-2.3.0.jar:/home/user/.m2/repository/javax/activation/activation/1.1.1/activation-1.1.1.jar:/home/user/.m2/repository/org/apache/hadoop/hadoop-ozone-csi/0.5.0-SNAPSHOT/hadoop-ozone-csi-0.5.0-SNAPSHOT.jar:/home/user/.m2/repository/com/google/protobuf/protobuf-java-util/3.5.1/protobuf-java-util-3.5.1.jar:/home/user/.m2/repository/org/apache/hadoop/hadoop-hdds-config/0.5.0-SNAPSHOT/hadoop-hdds-config-0.5.0-SNAPSHOT.jar:/home/user/.m2/repository/io/grpc/grpc-netty/1.17.1/grpc-netty-1.17.1.jar:/home/user/.m2/repository/io/grpc/grpc-core/1.17.1/grpc-core-1.17.1.jar:/home/user/.m2/repository/io/grpc/grpc-context/1.17.1/grpc-context-1.17.1.jar:/home/user/.m2/repository/com/google/errorprone/error_prone_annotations/2.2.0/error_prone_annotations-2.2.0.jar:/home/user/.m2/repository/org/codehaus/mojo/animal-sniffer-annotations/1.17/animal-sniffer-annotations-1.17.jar:/home/user/.m2/repository/io/opencensus/opencensus-api/0.17.0/opencensus-api-0.17.0.jar:/home/user/.m2/repository/io/opencensus/opencensus-contrib-grpc-metrics/0.17.0/opencensus-contrib-grpc-metrics-0.17.0.jar:/home/user/.m2/repository/io/netty/netty-codec-http2/4.1.30.Final/netty-codec-http2-4.1.30.Final.jar:/home/user/.m2/repository/io/netty/netty-codec-http/4.1.30.Final/netty-codec-http-4.1.30.Final.jar:/home/user/.m2/repository/io/netty/netty-codec/4.1.30.Final/netty-codec-4.1.30.Final.jar:/home/user/.m2/repository/io/netty/netty-handler/4.1.30.Final/netty-handler-4.1.30.Final.jar:/home/user/.m2/repository/io/netty/netty-handler-proxy/4.1.30.Final/netty-handler-proxy-4.1.30.Final.jar:/home/user/.m2/repository/io/netty/netty-codec-socks/4.1.30.Final/netty-codec-socks-4.1.30.Final.jar:/home/user/.m2/repository/io/netty/netty-transport-native-epoll/4.1.30.Final/netty-transport-native-epoll-4.1.30.Final.jar:/home/user/.m2/repository/io/netty/netty-common/4.1.30.Final/netty-common-4.1.30.Final.jar:/home/user/.m2/repository/io/netty/netty-buffer/4.1.30.Final/netty-buffer-4.1.30.Final.jar:/home/user/.m2/repository/io/netty/netty-transport/4.1.30.Final/netty-transport-4.1.30.Final.jar:/home/user/.m2/repository/io/netty/netty-resolver/4.1.30.Final/netty-resolver-4.1.30.Final.jar:/home/user/.m2/repository/io/netty/netty-transport-native-unix-common/4.1.30.Final/netty-transport-native-unix-common-4.1.30.Final.jar:/home/user/.m2/repository/io/grpc/grpc-protobuf/1.17.1/grpc-protobuf-1.17.1.jar:/home/user/.m2/repository/com/google/api/grpc/proto-google-common-protos/1.0.0/proto-google-common-protos-1.0.0.jar:/home/user/.m2/repository/io/grpc/grpc-protobuf-lite/1.17.1/grpc-protobuf-lite-1.17.1.jar:/home/user/.m2/repository/io/grpc/grpc-stub/1.17.1/grpc-stub-1.17.1.jar:/home/user/.m2/repository/org/apache/hadoop/hadoop-ozone-recon/0.5.0-SNAPSHOT/hadoop-ozone-recon-0.5.0-SNAPSHOT.jar:/home/user/.m2/repository/org/apache/hadoop/hadoop-ozone-reconcodegen/0.5.0-SNAPSHOT/hadoop-ozone-reconcodegen-0.5.0-SNAPSHOT.jar:/home/user/.m2/repository/com/google/inject/extensions/guice-multibindings/4.0/guice-multibindings-4.0.jar:/home/user/.m2/repository/com/google/inject/guice/4.0/guice-4.0.jar:/home/user/.m2/repository/aopalliance/aopalliance/1.0/aopalliance-1.0.jar:/home/user/.m2/repository/com/google/inject/extensions/guice-servlet/4.0/guice-servlet-4.0.jar:/home/user/.m2/repository/org/glassfish/jersey/containers/jersey-container-servlet/2.27/jersey-container-servlet-2.27.jar:/home/user/.m2/repository/org/glassfish/hk2/guice-bridge/2.5.0/guice-bridge-2.5.0.jar:/home/user/.m2/repository/org/glassfish/jersey/core/jersey-server/2.27/jersey-server-2.27.jar:/home/user/.m2/repository/org/glassfish/jersey/core/jersey-client/2.27/jersey-client-2.27.jar:/home/user/.m2/repository/org/glassfish/jersey/media/jersey-media-jaxb/2.27/jersey-media-jaxb-2.27.jar:/home/user/.m2/repository/javax/validation/validation-api/1.1.0.Final/validation-api-1.1.0.Final.jar:/home/user/.m2/repository/org/glassfish/jersey/media/jersey-media-json-jackson/2.27/jersey-media-json-jackson-2.27.jar:/home/user/.m2/repository/org/glassfish/jersey/ext/jersey-entity-filtering/2.27/jersey-entity-filtering-2.27.jar:/home/user/.m2/repository/com/google/inject/extensions/guice-assistedinject/4.0/guice-assistedinject-4.0.jar:/home/user/.m2/repository/org/jooq/jooq/3.11.10/jooq-3.11.10.jar:/home/user/.m2/repository/org/jooq/jooq-meta/3.11.10/jooq-meta-3.11.10.jar:/home/user/.m2/repository/org/jooq/jooq-codegen/3.11.10/jooq-codegen-3.11.10.jar:/home/user/.m2/repository/com/jolbox/bonecp/0.8.0.RELEASE/bonecp-0.8.0.RELEASE.jar:/home/user/.m2/repository/org/xerial/sqlite-jdbc/3.25.2/sqlite-jdbc-3.25.2.jar:/home/user/.m2/repository/org/springframework/spring-jdbc/5.1.3.RELEASE/spring-jdbc-5.1.3.RELEASE.jar:/home/user/.m2/repository/org/springframework/spring-beans/5.1.3.RELEASE/spring-beans-5.1.3.RELEASE.jar:/home/user/.m2/repository/org/springframework/spring-core/5.1.3.RELEASE/spring-core-5.1.3.RELEASE.jar:/home/user/.m2/repository/org/springframework/spring-jcl/5.1.3.RELEASE/spring-jcl-5.1.3.RELEASE.jar:/home/user/.m2/repository/org/springframework/spring-tx/5.1.3.RELEASE/spring-tx-5.1.3.RELEASE.jar:/home/user/.m2/repository/org/apache/hadoop/hadoop-ozone-client/0.5.0-SNAPSHOT/hadoop-ozone-client-0.5.0-SNAPSHOT.jar:/home/user/.m2/repository/commons-lang/commons-lang/2.6/commons-lang-2.6.jar:/home/user/.m2/repository/org/apache/hadoop/hadoop-ozone-ozone-manager/0.5.0-SNAPSHOT/hadoop-ozone-ozone-manager-0.5.0-SNAPSHOT-tests.jar:/home/user/.m2/repository/junit/junit/4.11/junit-4.11.jar:/home/user/.m2/repository/org/hamcrest/hamcrest-core/1.3/hamcrest-core-1.3.jar:/home/user/.m2/repository/org/openjdk/jmh/jmh-core/1.19/jmh-core-1.19.jar:/home/user/.m2/repository/net/sf/jopt-simple/jopt-simple/4.6/jopt-simple-4.6.jar:/home/user/.m2/repository/org/apache/commons/commons-math3/3.1.1/commons-math3-3.1.1.jar:/home/user/.m2/repository/org/openjdk/jmh/jmh-generator-annprocess/1.19/jmh-generator-annprocess-1.19.jar:/home/user/.m2/repository/org/mockito/mockito-all/1.8.5/mockito-all-1.8.5.jar:/home/user/.m2/repository/org/apache/hadoop/hadoop-kms/3.2.0/hadoop-kms-3.2.0.jar:/home/user/.m2/repository/org/apache/hadoop/hadoop-auth/3.2.0/hadoop-auth-3.2.0.jar:/home/user/.m2/repository/com/nimbusds/nimbus-jose-jwt/4.41.1/nimbus-jose-jwt-4.41.1.jar:/home/user/.m2/repository/com/github/stephenc/jcip/jcip-annotations/1.0-1/jcip-annotations-1.0-1.jar:/home/user/.m2/repository/net/minidev/json-smart/2.3/json-smart-2.3.jar:/home/user/.m2/repository/net/minidev/accessors-smart/1.2/accessors-smart-1.2.jar:/home/user/.m2/repository/org/ow2/asm/asm/5.0.4/asm-5.0.4.jar:/home/user/.m2/repository/org/apache/curator/curator-framework/2.12.0/curator-framework-2.12.0.jar:/home/user/.m2/repository/com/sun/jersey/jersey-core/1.19/jersey-core-1.19.jar:/home/user/.m2/repository/javax/ws/rs/jsr311-api/1.1.1/jsr311-api-1.1.1.jar:/home/user/.m2/repository/com/sun/jersey/jersey-server/1.19/jersey-server-1.19.jar:/home/user/.m2/repository/javax/servlet/javax.servlet-api/3.1.0/javax.servlet-api-3.1.0.jar:/home/user/.m2/repository/org/eclipse/jetty/jetty-server/9.3.25.v20180904/jetty-server-9.3.25.v20180904.jar:/home/user/.m2/repository/org/eclipse/jetty/jetty-http/9.3.25.v20180904/jetty-http-9.3.25.v20180904.jar:/home/user/.m2/repository/org/eclipse/jetty/jetty-io/9.3.25.v20180904/jetty-io-9.3.25.v20180904.jar:/home/user/.m2/repository/org/eclipse/jetty/jetty-webapp/9.3.25.v20180904/jetty-webapp-9.3.25.v20180904.jar:/home/user/.m2/repository/org/eclipse/jetty/jetty-xml/9.3.25.v20180904/jetty-xml-9.3.25.v20180904.jar:/home/user/.m2/repository/log4j/log4j/1.2.17/log4j-1.2.17.jar:/home/user/.m2/repository/org/slf4j/slf4j-api/1.7.25/slf4j-api-1.7.25.jar:/home/user/.m2/repository/org/slf4j/jul-to-slf4j/1.7.25/jul-to-slf4j-1.7.25.jar:/home/user/.m2/repository/org/eclipse/jetty/jetty-util/9.3.25.v20180904/jetty-util-9.3.25.v20180904.jar:/home/user/.m2/repository/com/fasterxml/jackson/core/jackson-databind/2.9.9/jackson-databind-2.9.9.jar:/home/user/.m2/repository/org/apache/hadoop/hadoop-kms/3.2.0/hadoop-kms-3.2.0-tests.jar:/home/user/.m2/repository/org/apache/hadoop/hadoop-hdds-server-scm/0.5.0-SNAPSHOT/hadoop-hdds-server-scm-0.5.0-SNAPSHOT-tests.jar:/home/user/.m2/repository/org/apache/hadoop/hadoop-hdds-container-service/0.5.0-SNAPSHOT/hadoop-hdds-container-service-0.5.0-SNAPSHOT-tests.jar:/home/user/.m2/repository/org/yaml/snakeyaml/1.16/snakeyaml-1.16.jar:/home/user/.m2/repository/org/apache/hadoop/hadoop-common/3.2.0/hadoop-common-3.2.0-tests.jar:/home/user/.m2/repository/org/apache/hadoop/hadoop-annotations/3.2.0/hadoop-annotations-3.2.0.jar:/usr/lib/jvm/java-1.8.0-openjdk-1.8.0.222.b10-1.el7_7.x86_64/jre/../lib/tools.jar:/home/user/.m2/repository/commons-cli/commons-cli/1.2/commons-cli-1.2.jar:/home/user/.m2/repository/org/apache/httpcomponents/httpclient/4.5.2/httpclient-4.5.2.jar:/home/user/.m2/repository/org/apache/httpcomponents/httpcore/4.4.4/httpcore-4.4.4.jar:/home/user/.m2/repository/commons-codec/commons-codec/1.11/commons-codec-1.11.jar:/home/user/.m2/repository/commons-net/commons-net/3.6/commons-net-3.6.jar:/home/user/.m2/repository/commons-collections/commons-collections/3.2.2/commons-collections-3.2.2.jar:/home/user/.m2/repository/org/eclipse/jetty/jetty-servlet/9.3.25.v20180904/jetty-servlet-9.3.25.v20180904.jar:/home/user/.m2/repository/org/eclipse/jetty/jetty-security/9.3.25.v20180904/jetty-security-9.3.25.v20180904.jar:/home/user/.m2/repository/javax/servlet/jsp/jsp-api/2.1/jsp-api-2.1.jar:/home/user/.m2/repository/com/sun/jersey/jersey-servlet/1.19/jersey-servlet-1.19.jar:/home/user/.m2/repository/com/sun/jersey/jersey-json/1.19/jersey-json-1.19.jar:/home/user/.m2/repository/org/codehaus/jettison/jettison/1.1/jettison-1.1.jar:/home/user/.m2/repository/org/codehaus/jackson/jackson-core-asl/1.9.13/jackson-core-asl-1.9.13.jar:/home/user/.m2/repository/org/codehaus/jackson/jackson-mapper-asl/1.9.13/jackson-mapper-asl-1.9.13.jar:/home/user/.m2/repository/org/codehaus/jackson/jackson-jaxrs/1.9.13/jackson-jaxrs-1.9.13.jar:/home/user/.m2/repository/org/codehaus/jackson/jackson-xc/1.9.13/jackson-xc-1.9.13.jar:/home/user/.m2/repository/commons-logging/commons-logging/1.1.3/commons-logging-1.1.3.jar:/home/user/.m2/repository/commons-beanutils/commons-beanutils/1.9.4/commons-beanutils-1.9.4.jar:/home/user/.m2/repository/org/apache/commons/commons-configuration2/2.1.1/commons-configuration2-2.1.1.jar:/home/user/.m2/repository/org/apache/commons/commons-lang3/3.7/commons-lang3-3.7.jar:/home/user/.m2/repository/org/apache/commons/commons-text/1.4/commons-text-1.4.jar:/home/user/.m2/repository/org/apache/avro/avro/1.7.7/avro-1.7.7.jar:/home/user/.m2/repository/com/thoughtworks/paranamer/paranamer/2.3/paranamer-2.3.jar:/home/user/.m2/repository/org/xerial/snappy/snappy-java/1.0.5/snappy-java-1.0.5.jar:/home/user/.m2/repository/com/google/re2j/re2j/1.1/re2j-1.1.jar:/home/user/.m2/repository/com/google/code/gson/gson/2.2.4/gson-2.2.4.jar:/home/user/.m2/repository/com/jcraft/jsch/0.1.54/jsch-0.1.54.jar:/home/user/.m2/repository/org/apache/curator/curator-client/2.12.0/curator-client-2.12.0.jar:/home/user/.m2/repository/org/apache/curator/curator-recipes/2.12.0/curator-recipes-2.12.0.jar:/home/user/.m2/repository/com/google/code/findbugs/jsr305/3.0.0/jsr305-3.0.0.jar:/home/user/.m2/repository/org/apache/htrace/htrace-core4/4.1.0-incubating/htrace-core4-4.1.0-incubating.jar:/home/user/.m2/repository/org/apache/zookeeper/zookeeper/3.4.13/zookeeper-3.4.13.jar:/home/user/.m2/repository/jline/jline/0.9.94/jline-0.9.94.jar:/home/user/.m2/repository/org/apache/yetus/audience-annotations/0.5.0/audience-annotations-0.5.0.jar:/home/user/.m2/repository/org/codehaus/woodstox/stax2-api/3.1.4/stax2-api-3.1.4.jar:/home/user/.m2/repository/com/fasterxml/woodstox/woodstox-core/5.0.3/woodstox-core-5.0.3.jar:/home/user/.m2/repository/dnsjava/dnsjava/2.1.7/dnsjava-2.1.7.jar:/home/user/.m2/repository/org/apache/hadoop/hadoop-hdfs/3.2.0/hadoop-hdfs-3.2.0-tests.jar:/home/user/.m2/repository/org/eclipse/jetty/jetty-util-ajax/9.3.25.v20180904/jetty-util-ajax-9.3.25.v20180904.jar:/home/user/.m2/repository/commons-daemon/commons-daemon/1.0.13/commons-daemon-1.0.13.jar:/home/user/.m2/repository/io/netty/netty/3.10.5.Final/netty-3.10.5.Final.jar:/home/user/.m2/repository/io/netty/netty-all/4.0.52.Final/netty-all-4.0.52.Final.jar:/home/user/.m2/repository/org/fusesource/leveldbjni/leveldbjni-all/1.8/leveldbjni-all-1.8.jar:"/>
    <property name="java.vm.vendor" value="Oracle Corporation"/>
    <property name="sun.arch.data.model" value="64"/>
    <property name="test.build.dir" value="/workdir/hadoop-ozone/integration-test/target/test-dir"/>
    <property name="test.cache.data" value=""/>
    <property name="java.vendor.url" value="http://java.oracle.com/"/>
    <property name="user.timezone" value=""/>
    <property name="java.vm.specification.version" value="1.8"/>
    <property name="os.name" value="Linux"/>
    <property name="test.build.data" value="/workdir/hadoop-ozone/integration-test/target/test-dir"/>
    <property name="user.country" value="US"/>
    <property name="sun.java.launcher" value="SUN_STANDARD"/>
    <property name="sun.boot.library.path" value="/usr/lib/jvm/java-1.8.0-openjdk-1.8.0.222.b10-1.el7_7.x86_64/jre/lib/amd64"/>
    <property name="sun.java.command" value="/workdir/hadoop-ozone/integration-test/target/surefire/surefirebooter1856247087596910243.jar /workdir/hadoop-ozone/integration-test/target/surefire 2019-10-15T09-33-51_895-jvmRun1 surefire5158070389480709556tmp surefire_209169576950656033617tmp"/>
    <property name="test" value="!TestMiniChaosOzoneCluster"/>
    <property name="surefire.test.class.path" value="/workdir/hadoop-ozone/integration-test/target/test-classes:/workdir/hadoop-ozone/integration-test/target/classes:/home/user/.m2/repository/org/apache/hadoop/hadoop-ozone-common/0.5.0-SNAPSHOT/hadoop-ozone-common-0.5.0-SNAPSHOT.jar:/home/user/.m2/repository/org/apache/commons/commons-compress/1.4.1/commons-compress-1.4.1.jar:/home/user/.m2/repository/org/tukaani/xz/1.0/xz-1.0.jar:/home/user/.m2/repository/org/apache/hadoop/hadoop-common/3.2.0/hadoop-common-3.2.0.jar:/home/user/.m2/repository/org/apache/hadoop/hadoop-hdfs/3.2.0/hadoop-hdfs-3.2.0.jar:/home/user/.m2/repository/org/apache/hadoop/hadoop-hdfs-client/3.2.0/hadoop-hdfs-client-3.2.0.jar:/home/user/.m2/repository/com/fasterxml/jackson/core/jackson-annotations/2.9.9/jackson-annotations-2.9.9.jar:/home/user/.m2/repository/org/apache/hadoop/hadoop-hdds-common/0.5.0-SNAPSHOT/hadoop-hdds-common-0.5.0-SNAPSHOT.jar:/home/user/.m2/repository/javax/annotation/javax.annotation-api/1.2/javax.annotation-api-1.2.jar:/home/user/.m2/repository/org/apache/ratis/ratis-server/0.5.0-201fc85-SNAPSHOT/ratis-server-0.5.0-201fc85-SNAPSHOT.jar:/home/user/.m2/repository/org/apache/ratis/ratis-thirdparty-misc/0.2.0/ratis-thirdparty-misc-0.2.0.jar:/home/user/.m2/repository/org/apache/ratis/ratis-proto/0.5.0-201fc85-SNAPSHOT/ratis-proto-0.5.0-201fc85-SNAPSHOT.jar:/home/user/.m2/repository/org/apache/ratis/ratis-common/0.5.0-201fc85-SNAPSHOT/ratis-common-0.5.0-201fc85-SNAPSHOT.jar:/home/user/.m2/repository/org/apache/ratis/ratis-client/0.5.0-201fc85-SNAPSHOT/ratis-client-0.5.0-201fc85-SNAPSHOT.jar:/home/user/.m2/repository/org/apache/ratis/ratis-metrics/0.5.0-201fc85-SNAPSHOT/ratis-metrics-0.5.0-201fc85-SNAPSHOT.jar:/home/user/.m2/repository/com/github/joshelser/dropwizard-metrics-hadoop-metrics2-reporter/0.1.2/dropwizard-metrics-hadoop-metrics2-reporter-0.1.2.jar:/home/user/.m2/repository/io/dropwizard/metrics/metrics-jvm/3.2.5/metrics-jvm-3.2.5.jar:/home/user/.m2/repository/io/dropwizard/metrics/metrics-ganglia/3.2.5/metrics-ganglia-3.2.5.jar:/home/user/.m2/repository/info/ganglia/gmetric4j/gmetric4j/1.0.7/gmetric4j-1.0.7.jar:/home/user/.m2/repository/org/apache/ratis/ratis-netty/0.5.0-201fc85-SNAPSHOT/ratis-netty-0.5.0-201fc85-SNAPSHOT.jar:/home/user/.m2/repository/org/apache/ratis/ratis-grpc/0.5.0-201fc85-SNAPSHOT/ratis-grpc-0.5.0-201fc85-SNAPSHOT.jar:/home/user/.m2/repository/org/rocksdb/rocksdbjni/6.0.1/rocksdbjni-6.0.1.jar:/home/user/.m2/repository/org/apache/logging/log4j/log4j-api/2.11.0/log4j-api-2.11.0.jar:/home/user/.m2/repository/org/apache/logging/log4j/log4j-core/2.11.0/log4j-core-2.11.0.jar:/home/user/.m2/repository/com/lmax/disruptor/3.4.2/disruptor-3.4.2.jar:/home/user/.m2/repository/org/apache/commons/commons-pool2/2.6.0/commons-pool2-2.6.0.jar:/home/user/.m2/repository/org/bouncycastle/bcpkix-jdk15on/1.60/bcpkix-jdk15on-1.60.jar:/home/user/.m2/repository/commons-validator/commons-validator/1.6/commons-validator-1.6.jar:/home/user/.m2/repository/commons-digester/commons-digester/1.8.1/commons-digester-1.8.1.jar:/home/user/.m2/repository/io/jaegertracing/jaeger-client/0.34.0/jaeger-client-0.34.0.jar:/home/user/.m2/repository/io/jaegertracing/jaeger-thrift/0.34.0/jaeger-thrift-0.34.0.jar:/home/user/.m2/repository/org/apache/thrift/libthrift/0.12.0/libthrift-0.12.0.jar:/home/user/.m2/repository/com/squareup/okhttp3/okhttp/3.9.0/okhttp-3.9.0.jar:/home/user/.m2/repository/com/squareup/okio/okio/1.13.0/okio-1.13.0.jar:/home/user/.m2/repository/io/jaegertracing/jaeger-core/0.34.0/jaeger-core-0.34.0.jar:/home/user/.m2/repository/io/jaegertracing/jaeger-tracerresolver/0.34.0/jaeger-tracerresolver-0.34.0.jar:/home/user/.m2/repository/io/opentracing/contrib/opentracing-tracerresolver/0.1.5/opentracing-tracerresolver-0.1.5.jar:/home/user/.m2/repository/io/opentracing/opentracing-util/0.31.0/opentracing-util-0.31.0.jar:/home/user/.m2/repository/io/opentracing/opentracing-api/0.31.0/opentracing-api-0.31.0.jar:/home/user/.m2/repository/io/opentracing/opentracing-noop/0.31.0/opentracing-noop-0.31.0.jar:/home/user/.m2/repository/org/apache/hadoop/hadoop-hdds-server-framework/0.5.0-SNAPSHOT/hadoop-hdds-server-framework-0.5.0-SNAPSHOT.jar:/home/user/.m2/repository/org/apache/hadoop/hadoop-hdds-container-service/0.5.0-SNAPSHOT/hadoop-hdds-container-service-0.5.0-SNAPSHOT.jar:/home/user/.m2/repository/org/apache/hadoop/hadoop-hdds-client/0.5.0-SNAPSHOT/hadoop-hdds-client-0.5.0-SNAPSHOT.jar:/home/user/.m2/repository/org/apache/hadoop/hadoop-hdds-tools/0.5.0-SNAPSHOT/hadoop-hdds-tools-0.5.0-SNAPSHOT.jar:/home/user/.m2/repository/org/apache/hadoop/hadoop-hdds-server-scm/0.5.0-SNAPSHOT/hadoop-hdds-server-scm-0.5.0-SNAPSHOT.jar:/home/user/.m2/repository/org/apache/hadoop/hadoop-hdds-docs/0.5.0-SNAPSHOT/hadoop-hdds-docs-0.5.0-SNAPSHOT.jar:/home/user/.m2/repository/io/dropwizard/metrics/metrics-core/3.2.4/metrics-core-3.2.4.jar:/home/user/.m2/repository/org/hamcrest/hamcrest-all/1.3/hamcrest-all-1.3.jar:/home/user/.m2/repository/org/bouncycastle/bcprov-jdk15on/1.60/bcprov-jdk15on-1.60.jar:/home/user/.m2/repository/info/picocli/picocli/3.9.6/picocli-3.9.6.jar:/home/user/.m2/repository/com/google/protobuf/protobuf-java/2.5.0/protobuf-java-2.5.0.jar:/home/user/.m2/repository/com/google/guava/guava/11.0.2/guava-11.0.2.jar:/home/user/.m2/repository/org/apache/hadoop/hadoop-ozone-ozone-manager/0.5.0-SNAPSHOT/hadoop-ozone-ozone-manager-0.5.0-SNAPSHOT.jar:/home/user/.m2/repository/org/apache/hadoop/hadoop-minikdc/3.2.0/hadoop-minikdc-3.2.0.jar:/home/user/.m2/repository/commons-io/commons-io/2.5/commons-io-2.5.jar:/home/user/.m2/repository/org/apache/kerby/kerb-simplekdc/1.0.1/kerb-simplekdc-1.0.1.jar:/home/user/.m2/repository/org/apache/kerby/kerb-client/1.0.1/kerb-client-1.0.1.jar:/home/user/.m2/repository/org/apache/kerby/kerby-config/1.0.1/kerby-config-1.0.1.jar:/home/user/.m2/repository/org/apache/kerby/kerb-core/1.0.1/kerb-core-1.0.1.jar:/home/user/.m2/repository/org/apache/kerby/kerby-pkix/1.0.1/kerby-pkix-1.0.1.jar:/home/user/.m2/repository/org/apache/kerby/kerby-asn1/1.0.1/kerby-asn1-1.0.1.jar:/home/user/.m2/repository/org/apache/kerby/kerby-util/1.0.1/kerby-util-1.0.1.jar:/home/user/.m2/repository/org/apache/kerby/kerb-common/1.0.1/kerb-common-1.0.1.jar:/home/user/.m2/repository/org/apache/kerby/kerb-crypto/1.0.1/kerb-crypto-1.0.1.jar:/home/user/.m2/repository/org/apache/kerby/kerb-util/1.0.1/kerb-util-1.0.1.jar:/home/user/.m2/repository/org/apache/kerby/token-provider/1.0.1/token-provider-1.0.1.jar:/home/user/.m2/repository/org/apache/kerby/kerb-admin/1.0.1/kerb-admin-1.0.1.jar:/home/user/.m2/repository/org/apache/kerby/kerb-server/1.0.1/kerb-server-1.0.1.jar:/home/user/.m2/repository/org/apache/kerby/kerb-identity/1.0.1/kerb-identity-1.0.1.jar:/home/user/.m2/repository/org/apache/kerby/kerby-xdr/1.0.1/kerby-xdr-1.0.1.jar:/home/user/.m2/repository/org/slf4j/slf4j-log4j12/1.7.25/slf4j-log4j12-1.7.25.jar:/home/user/.m2/repository/org/apache/hadoop/hadoop-ozone-s3gateway/0.5.0-SNAPSHOT/hadoop-ozone-s3gateway-0.5.0-SNAPSHOT.jar:/home/user/.m2/repository/org/jboss/weld/servlet/weld-servlet/2.4.7.Final/weld-servlet-2.4.7.Final.jar:/home/user/.m2/repository/org/glassfish/jersey/containers/jersey-container-servlet-core/2.27/jersey-container-servlet-core-2.27.jar:/home/user/.m2/repository/org/glassfish/hk2/external/javax.inject/2.5.0-b42/javax.inject-2.5.0-b42.jar:/home/user/.m2/repository/org/glassfish/jersey/core/jersey-common/2.27/jersey-common-2.27.jar:/home/user/.m2/repository/org/glassfish/hk2/osgi-resource-locator/1.0.1/osgi-resource-locator-1.0.1.jar:/home/user/.m2/repository/javax/ws/rs/javax.ws.rs-api/2.1/javax.ws.rs-api-2.1.jar:/home/user/.m2/repository/org/glassfish/jersey/ext/cdi/jersey-cdi1x/2.27/jersey-cdi1x-2.27.jar:/home/user/.m2/repository/org/glassfish/jersey/inject/jersey-hk2/2.27/jersey-hk2-2.27.jar:/home/user/.m2/repository/org/glassfish/hk2/hk2-locator/2.5.0-b42/hk2-locator-2.5.0-b42.jar:/home/user/.m2/repository/org/javassist/javassist/3.22.0-CR2/javassist-3.22.0-CR2.jar:/home/user/.m2/repository/org/glassfish/hk2/hk2-api/2.5.0/hk2-api-2.5.0.jar:/home/user/.m2/repository/org/glassfish/hk2/external/jakarta.inject/2.5.0/jakarta.inject-2.5.0.jar:/home/user/.m2/repository/org/glassfish/hk2/hk2-utils/2.5.0/hk2-utils-2.5.0.jar:/home/user/.m2/repository/jakarta/annotation/jakarta.annotation-api/1.3.4/jakarta.annotation-api-1.3.4.jar:/home/user/.m2/repository/org/glassfish/hk2/external/aopalliance-repackaged/2.5.0/aopalliance-repackaged-2.5.0.jar:/home/user/.m2/repository/com/fasterxml/jackson/dataformat/jackson-dataformat-xml/2.9.0/jackson-dataformat-xml-2.9.0.jar:/home/user/.m2/repository/com/fasterxml/jackson/core/jackson-core/2.9.9/jackson-core-2.9.9.jar:/home/user/.m2/repository/com/fasterxml/jackson/module/jackson-module-jaxb-annotations/2.9.9/jackson-module-jaxb-annotations-2.9.9.jar:/home/user/.m2/repository/javax/enterprise/cdi-api/1.2/cdi-api-1.2.jar:/home/user/.m2/repository/javax/el/javax.el-api/3.0.0/javax.el-api-3.0.0.jar:/home/user/.m2/repository/javax/interceptor/javax.interceptor-api/1.2/javax.interceptor-api-1.2.jar:/home/user/.m2/repository/javax/inject/javax.inject/1/javax.inject-1.jar:/home/user/.m2/repository/com/sun/xml/bind/jaxb-impl/2.3.0.1/jaxb-impl-2.3.0.1.jar:/home/user/.m2/repository/com/sun/xml/bind/jaxb-core/2.3.0.1/jaxb-core-2.3.0.1.jar:/home/user/.m2/repository/javax/xml/bind/jaxb-api/2.3.0/jaxb-api-2.3.0.jar:/home/user/.m2/repository/javax/activation/activation/1.1.1/activation-1.1.1.jar:/home/user/.m2/repository/org/apache/hadoop/hadoop-ozone-csi/0.5.0-SNAPSHOT/hadoop-ozone-csi-0.5.0-SNAPSHOT.jar:/home/user/.m2/repository/com/google/protobuf/protobuf-java-util/3.5.1/protobuf-java-util-3.5.1.jar:/home/user/.m2/repository/org/apache/hadoop/hadoop-hdds-config/0.5.0-SNAPSHOT/hadoop-hdds-config-0.5.0-SNAPSHOT.jar:/home/user/.m2/repository/io/grpc/grpc-netty/1.17.1/grpc-netty-1.17.1.jar:/home/user/.m2/repository/io/grpc/grpc-core/1.17.1/grpc-core-1.17.1.jar:/home/user/.m2/repository/io/grpc/grpc-context/1.17.1/grpc-context-1.17.1.jar:/home/user/.m2/repository/com/google/errorprone/error_prone_annotations/2.2.0/error_prone_annotations-2.2.0.jar:/home/user/.m2/repository/org/codehaus/mojo/animal-sniffer-annotations/1.17/animal-sniffer-annotations-1.17.jar:/home/user/.m2/repository/io/opencensus/opencensus-api/0.17.0/opencensus-api-0.17.0.jar:/home/user/.m2/repository/io/opencensus/opencensus-contrib-grpc-metrics/0.17.0/opencensus-contrib-grpc-metrics-0.17.0.jar:/home/user/.m2/repository/io/netty/netty-codec-http2/4.1.30.Final/netty-codec-http2-4.1.30.Final.jar:/home/user/.m2/repository/io/netty/netty-codec-http/4.1.30.Final/netty-codec-http-4.1.30.Final.jar:/home/user/.m2/repository/io/netty/netty-codec/4.1.30.Final/netty-codec-4.1.30.Final.jar:/home/user/.m2/repository/io/netty/netty-handler/4.1.30.Final/netty-handler-4.1.30.Final.jar:/home/user/.m2/repository/io/netty/netty-handler-proxy/4.1.30.Final/netty-handler-proxy-4.1.30.Final.jar:/home/user/.m2/repository/io/netty/netty-codec-socks/4.1.30.Final/netty-codec-socks-4.1.30.Final.jar:/home/user/.m2/repository/io/netty/netty-transport-native-epoll/4.1.30.Final/netty-transport-native-epoll-4.1.30.Final.jar:/home/user/.m2/repository/io/netty/netty-common/4.1.30.Final/netty-common-4.1.30.Final.jar:/home/user/.m2/repository/io/netty/netty-buffer/4.1.30.Final/netty-buffer-4.1.30.Final.jar:/home/user/.m2/repository/io/netty/netty-transport/4.1.30.Final/netty-transport-4.1.30.Final.jar:/home/user/.m2/repository/io/netty/netty-resolver/4.1.30.Final/netty-resolver-4.1.30.Final.jar:/home/user/.m2/repository/io/netty/netty-transport-native-unix-common/4.1.30.Final/netty-transport-native-unix-common-4.1.30.Final.jar:/home/user/.m2/repository/io/grpc/grpc-protobuf/1.17.1/grpc-protobuf-1.17.1.jar:/home/user/.m2/repository/com/google/api/grpc/proto-google-common-protos/1.0.0/proto-google-common-protos-1.0.0.jar:/home/user/.m2/repository/io/grpc/grpc-protobuf-lite/1.17.1/grpc-protobuf-lite-1.17.1.jar:/home/user/.m2/repository/io/grpc/grpc-stub/1.17.1/grpc-stub-1.17.1.jar:/home/user/.m2/repository/org/apache/hadoop/hadoop-ozone-recon/0.5.0-SNAPSHOT/hadoop-ozone-recon-0.5.0-SNAPSHOT.jar:/home/user/.m2/repository/org/apache/hadoop/hadoop-ozone-reconcodegen/0.5.0-SNAPSHOT/hadoop-ozone-reconcodegen-0.5.0-SNAPSHOT.jar:/home/user/.m2/repository/com/google/inject/extensions/guice-multibindings/4.0/guice-multibindings-4.0.jar:/home/user/.m2/repository/com/google/inject/guice/4.0/guice-4.0.jar:/home/user/.m2/repository/aopalliance/aopalliance/1.0/aopalliance-1.0.jar:/home/user/.m2/repository/com/google/inject/extensions/guice-servlet/4.0/guice-servlet-4.0.jar:/home/user/.m2/repository/org/glassfish/jersey/containers/jersey-container-servlet/2.27/jersey-container-servlet-2.27.jar:/home/user/.m2/repository/org/glassfish/hk2/guice-bridge/2.5.0/guice-bridge-2.5.0.jar:/home/user/.m2/repository/org/glassfish/jersey/core/jersey-server/2.27/jersey-server-2.27.jar:/home/user/.m2/repository/org/glassfish/jersey/core/jersey-client/2.27/jersey-client-2.27.jar:/home/user/.m2/repository/org/glassfish/jersey/media/jersey-media-jaxb/2.27/jersey-media-jaxb-2.27.jar:/home/user/.m2/repository/javax/validation/validation-api/1.1.0.Final/validation-api-1.1.0.Final.jar:/home/user/.m2/repository/org/glassfish/jersey/media/jersey-media-json-jackson/2.27/jersey-media-json-jackson-2.27.jar:/home/user/.m2/repository/org/glassfish/jersey/ext/jersey-entity-filtering/2.27/jersey-entity-filtering-2.27.jar:/home/user/.m2/repository/com/google/inject/extensions/guice-assistedinject/4.0/guice-assistedinject-4.0.jar:/home/user/.m2/repository/org/jooq/jooq/3.11.10/jooq-3.11.10.jar:/home/user/.m2/repository/org/jooq/jooq-meta/3.11.10/jooq-meta-3.11.10.jar:/home/user/.m2/repository/org/jooq/jooq-codegen/3.11.10/jooq-codegen-3.11.10.jar:/home/user/.m2/repository/com/jolbox/bonecp/0.8.0.RELEASE/bonecp-0.8.0.RELEASE.jar:/home/user/.m2/repository/org/xerial/sqlite-jdbc/3.25.2/sqlite-jdbc-3.25.2.jar:/home/user/.m2/repository/org/springframework/spring-jdbc/5.1.3.RELEASE/spring-jdbc-5.1.3.RELEASE.jar:/home/user/.m2/repository/org/springframework/spring-beans/5.1.3.RELEASE/spring-beans-5.1.3.RELEASE.jar:/home/user/.m2/repository/org/springframework/spring-core/5.1.3.RELEASE/spring-core-5.1.3.RELEASE.jar:/home/user/.m2/repository/org/springframework/spring-jcl/5.1.3.RELEASE/spring-jcl-5.1.3.RELEASE.jar:/home/user/.m2/repository/org/springframework/spring-tx/5.1.3.RELEASE/spring-tx-5.1.3.RELEASE.jar:/home/user/.m2/repository/org/apache/hadoop/hadoop-ozone-client/0.5.0-SNAPSHOT/hadoop-ozone-client-0.5.0-SNAPSHOT.jar:/home/user/.m2/repository/commons-lang/commons-lang/2.6/commons-lang-2.6.jar:/home/user/.m2/repository/org/apache/hadoop/hadoop-ozone-ozone-manager/0.5.0-SNAPSHOT/hadoop-ozone-ozone-manager-0.5.0-SNAPSHOT-tests.jar:/home/user/.m2/repository/junit/junit/4.11/junit-4.11.jar:/home/user/.m2/repository/org/hamcrest/hamcrest-core/1.3/hamcrest-core-1.3.jar:/home/user/.m2/repository/org/openjdk/jmh/jmh-core/1.19/jmh-core-1.19.jar:/home/user/.m2/repository/net/sf/jopt-simple/jopt-simple/4.6/jopt-simple-4.6.jar:/home/user/.m2/repository/org/apache/commons/commons-math3/3.1.1/commons-math3-3.1.1.jar:/home/user/.m2/repository/org/openjdk/jmh/jmh-generator-annprocess/1.19/jmh-generator-annprocess-1.19.jar:/home/user/.m2/repository/org/mockito/mockito-all/1.8.5/mockito-all-1.8.5.jar:/home/user/.m2/repository/org/apache/hadoop/hadoop-kms/3.2.0/hadoop-kms-3.2.0.jar:/home/user/.m2/repository/org/apache/hadoop/hadoop-auth/3.2.0/hadoop-auth-3.2.0.jar:/home/user/.m2/repository/com/nimbusds/nimbus-jose-jwt/4.41.1/nimbus-jose-jwt-4.41.1.jar:/home/user/.m2/repository/com/github/stephenc/jcip/jcip-annotations/1.0-1/jcip-annotations-1.0-1.jar:/home/user/.m2/repository/net/minidev/json-smart/2.3/json-smart-2.3.jar:/home/user/.m2/repository/net/minidev/accessors-smart/1.2/accessors-smart-1.2.jar:/home/user/.m2/repository/org/ow2/asm/asm/5.0.4/asm-5.0.4.jar:/home/user/.m2/repository/org/apache/curator/curator-framework/2.12.0/curator-framework-2.12.0.jar:/home/user/.m2/repository/com/sun/jersey/jersey-core/1.19/jersey-core-1.19.jar:/home/user/.m2/repository/javax/ws/rs/jsr311-api/1.1.1/jsr311-api-1.1.1.jar:/home/user/.m2/repository/com/sun/jersey/jersey-server/1.19/jersey-server-1.19.jar:/home/user/.m2/repository/javax/servlet/javax.servlet-api/3.1.0/javax.servlet-api-3.1.0.jar:/home/user/.m2/repository/org/eclipse/jetty/jetty-server/9.3.25.v20180904/jetty-server-9.3.25.v20180904.jar:/home/user/.m2/repository/org/eclipse/jetty/jetty-http/9.3.25.v20180904/jetty-http-9.3.25.v20180904.jar:/home/user/.m2/repository/org/eclipse/jetty/jetty-io/9.3.25.v20180904/jetty-io-9.3.25.v20180904.jar:/home/user/.m2/repository/org/eclipse/jetty/jetty-webapp/9.3.25.v20180904/jetty-webapp-9.3.25.v20180904.jar:/home/user/.m2/repository/org/eclipse/jetty/jetty-xml/9.3.25.v20180904/jetty-xml-9.3.25.v20180904.jar:/home/user/.m2/repository/log4j/log4j/1.2.17/log4j-1.2.17.jar:/home/user/.m2/repository/org/slf4j/slf4j-api/1.7.25/slf4j-api-1.7.25.jar:/home/user/.m2/repository/org/slf4j/jul-to-slf4j/1.7.25/jul-to-slf4j-1.7.25.jar:/home/user/.m2/repository/org/eclipse/jetty/jetty-util/9.3.25.v20180904/jetty-util-9.3.25.v20180904.jar:/home/user/.m2/repository/com/fasterxml/jackson/core/jackson-databind/2.9.9/jackson-databind-2.9.9.jar:/home/user/.m2/repository/org/apache/hadoop/hadoop-kms/3.2.0/hadoop-kms-3.2.0-tests.jar:/home/user/.m2/repository/org/apache/hadoop/hadoop-hdds-server-scm/0.5.0-SNAPSHOT/hadoop-hdds-server-scm-0.5.0-SNAPSHOT-tests.jar:/home/user/.m2/repository/org/apache/hadoop/hadoop-hdds-container-service/0.5.0-SNAPSHOT/hadoop-hdds-container-service-0.5.0-SNAPSHOT-tests.jar:/home/user/.m2/repository/org/yaml/snakeyaml/1.16/snakeyaml-1.16.jar:/home/user/.m2/repository/org/apache/hadoop/hadoop-common/3.2.0/hadoop-common-3.2.0-tests.jar:/home/user/.m2/repository/org/apache/hadoop/hadoop-annotations/3.2.0/hadoop-annotations-3.2.0.jar:/usr/lib/jvm/java-1.8.0-openjdk-1.8.0.222.b10-1.el7_7.x86_64/jre/../lib/tools.jar:/home/user/.m2/repository/commons-cli/commons-cli/1.2/commons-cli-1.2.jar:/home/user/.m2/repository/org/apache/httpcomponents/httpclient/4.5.2/httpclient-4.5.2.jar:/home/user/.m2/repository/org/apache/httpcomponents/httpcore/4.4.4/httpcore-4.4.4.jar:/home/user/.m2/repository/commons-codec/commons-codec/1.11/commons-codec-1.11.jar:/home/user/.m2/repository/commons-net/commons-net/3.6/commons-net-3.6.jar:/home/user/.m2/repository/commons-collections/commons-collections/3.2.2/commons-collections-3.2.2.jar:/home/user/.m2/repository/org/eclipse/jetty/jetty-servlet/9.3.25.v20180904/jetty-servlet-9.3.25.v20180904.jar:/home/user/.m2/repository/org/eclipse/jetty/jetty-security/9.3.25.v20180904/jetty-security-9.3.25.v20180904.jar:/home/user/.m2/repository/javax/servlet/jsp/jsp-api/2.1/jsp-api-2.1.jar:/home/user/.m2/repository/com/sun/jersey/jersey-servlet/1.19/jersey-servlet-1.19.jar:/home/user/.m2/repository/com/sun/jersey/jersey-json/1.19/jersey-json-1.19.jar:/home/user/.m2/repository/org/codehaus/jettison/jettison/1.1/jettison-1.1.jar:/home/user/.m2/repository/org/codehaus/jackson/jackson-core-asl/1.9.13/jackson-core-asl-1.9.13.jar:/home/user/.m2/repository/org/codehaus/jackson/jackson-mapper-asl/1.9.13/jackson-mapper-asl-1.9.13.jar:/home/user/.m2/repository/org/codehaus/jackson/jackson-jaxrs/1.9.13/jackson-jaxrs-1.9.13.jar:/home/user/.m2/repository/org/codehaus/jackson/jackson-xc/1.9.13/jackson-xc-1.9.13.jar:/home/user/.m2/repository/commons-logging/commons-logging/1.1.3/commons-logging-1.1.3.jar:/home/user/.m2/repository/commons-beanutils/commons-beanutils/1.9.4/commons-beanutils-1.9.4.jar:/home/user/.m2/repository/org/apache/commons/commons-configuration2/2.1.1/commons-configuration2-2.1.1.jar:/home/user/.m2/repository/org/apache/commons/commons-lang3/3.7/commons-lang3-3.7.jar:/home/user/.m2/repository/org/apache/commons/commons-text/1.4/commons-text-1.4.jar:/home/user/.m2/repository/org/apache/avro/avro/1.7.7/avro-1.7.7.jar:/home/user/.m2/repository/com/thoughtworks/paranamer/paranamer/2.3/paranamer-2.3.jar:/home/user/.m2/repository/org/xerial/snappy/snappy-java/1.0.5/snappy-java-1.0.5.jar:/home/user/.m2/repository/com/google/re2j/re2j/1.1/re2j-1.1.jar:/home/user/.m2/repository/com/google/code/gson/gson/2.2.4/gson-2.2.4.jar:/home/user/.m2/repository/com/jcraft/jsch/0.1.54/jsch-0.1.54.jar:/home/user/.m2/repository/org/apache/curator/curator-client/2.12.0/curator-client-2.12.0.jar:/home/user/.m2/repository/org/apache/curator/curator-recipes/2.12.0/curator-recipes-2.12.0.jar:/home/user/.m2/repository/com/google/code/findbugs/jsr305/3.0.0/jsr305-3.0.0.jar:/home/user/.m2/repository/org/apache/htrace/htrace-core4/4.1.0-incubating/htrace-core4-4.1.0-incubating.jar:/home/user/.m2/repository/org/apache/zookeeper/zookeeper/3.4.13/zookeeper-3.4.13.jar:/home/user/.m2/repository/jline/jline/0.9.94/jline-0.9.94.jar:/home/user/.m2/repository/org/apache/yetus/audience-annotations/0.5.0/audience-annotations-0.5.0.jar:/home/user/.m2/repository/org/codehaus/woodstox/stax2-api/3.1.4/stax2-api-3.1.4.jar:/home/user/.m2/repository/com/fasterxml/woodstox/woodstox-core/5.0.3/woodstox-core-5.0.3.jar:/home/user/.m2/repository/dnsjava/dnsjava/2.1.7/dnsjava-2.1.7.jar:/home/user/.m2/repository/org/apache/hadoop/hadoop-hdfs/3.2.0/hadoop-hdfs-3.2.0-tests.jar:/home/user/.m2/repository/org/eclipse/jetty/jetty-util-ajax/9.3.25.v20180904/jetty-util-ajax-9.3.25.v20180904.jar:/home/user/.m2/repository/commons-daemon/commons-daemon/1.0.13/commons-daemon-1.0.13.jar:/home/user/.m2/repository/io/netty/netty/3.10.5.Final/netty-3.10.5.Final.jar:/home/user/.m2/repository/io/netty/netty-all/4.0.52.Final/netty-all-4.0.52.Final.jar:/home/user/.m2/repository/org/fusesource/leveldbjni/leveldbjni-all/1.8/leveldbjni-all-1.8.jar:"/>
    <property name="sun.cpu.endian" value="little"/>
    <property name="user.home" value="/home/user"/>
    <property name="user.language" value="en"/>
    <property name="java.specification.vendor" value="Oracle Corporation"/>
    <property name="java.home" value="/usr/lib/jvm/java-1.8.0-openjdk-1.8.0.222.b10-1.el7_7.x86_64/jre"/>
    <property name="surefire.excludesFile" value="/tools/ozone-bad-unit-tests"/>
    <property name="java.security.krb5.conf" value="/workdir/hadoop-ozone/integration-test/target/test-classes/krb5.conf"/>
    <property name="basedir" value="/workdir/hadoop-ozone/integration-test"/>
    <property name="file.separator" value="/"/>
    <property name="line.separator" value="&#10;"/>
    <property name="java.vm.specification.vendor" value="Oracle Corporation"/>
    <property name="java.specification.name" value="Java Platform API Specification"/>
    <property name="java.awt.graphicsenv" value="sun.awt.X11GraphicsEnvironment"/>
    <property name="surefire.real.class.path" value="/workdir/hadoop-ozone/integration-test/target/surefire/surefirebooter1856247087596910243.jar"/>
    <property name="hadoop.log.dir" value="/workdir/hadoop-ozone/integration-test/target/log"/>
    <property name="sun.boot.class.path" value="/usr/lib/jvm/java-1.8.0-openjdk-1.8.0.222.b10-1.el7_7.x86_64/jre/lib/resources.jar:/usr/lib/jvm/java-1.8.0-openjdk-1.8.0.222.b10-1.el7_7.x86_64/jre/lib/rt.jar:/usr/lib/jvm/java-1.8.0-openjdk-1.8.0.222.b10-1.el7_7.x86_64/jre/lib/sunrsasign.jar:/usr/lib/jvm/java-1.8.0-openjdk-1.8.0.222.b10-1.el7_7.x86_64/jre/lib/jsse.jar:/usr/lib/jvm/java-1.8.0-openjdk-1.8.0.222.b10-1.el7_7.x86_64/jre/lib/jce.jar:/usr/lib/jvm/java-1.8.0-openjdk-1.8.0.222.b10-1.el7_7.x86_64/jre/lib/charsets.jar:/usr/lib/jvm/java-1.8.0-openjdk-1.8.0.222.b10-1.el7_7.x86_64/jre/lib/jfr.jar:/usr/lib/jvm/java-1.8.0-openjdk-1.8.0.222.b10-1.el7_7.x86_64/jre/classes"/>
    <property name="sun.management.compiler" value="HotSpot 64-Bit Tiered Compilers"/>
    <property name="java.runtime.version" value="1.8.0_222-b10"/>
    <property name="java.net.preferIPv4Stack" value="true"/>
    <property name="user.name" value="jenkins1000"/>
    <property name="path.separator" value=":"/>
    <property name="java.security.egd" value="file:///dev/urandom"/>
    <property name="os.version" value="3.10.0-957.12.2.el7.x86_64"/>
    <property name="java.endorsed.dirs" value="/usr/lib/jvm/java-1.8.0-openjdk-1.8.0.222.b10-1.el7_7.x86_64/jre/lib/endorsed"/>
    <property name="java.runtime.name" value="OpenJDK Runtime Environment"/>
    <property name="file.encoding" value="ANSI_X3.4-1968"/>
    <property name="java.vm.name" value="OpenJDK 64-Bit Server VM"/>
    <property name="test.build.webapps" value=""/>
    <property name="localRepository" value="/home/user/.m2/repository"/>
    <property name="java.vendor.url.bug" value="http://bugreport.sun.com/bugreport/"/>
    <property name="java.io.tmpdir" value="/tmp"/>
    <property name="require.test.libhadoop" value=""/>
    <property name="java.version" value="1.8.0_222"/>
    <property name="user.dir" value="/workdir/hadoop-ozone/integration-test"/>
    <property name="os.arch" value="amd64"/>
    <property name="java.vm.specification.name" value="Java Virtual Machine Specification"/>
    <property name="test.build.classes" value="/workdir/hadoop-ozone/integration-test/target/test-classes"/>
    <property name="java.awt.printerjob" value="sun.print.PSPrinterJob"/>
    <property name="sun.os.patch.level" value="unknown"/>
    <property name="hadoop.tmp.dir" value="/workdir/hadoop-ozone/integration-test/target/tmp"/>
    <property name="java.library.path" value="/usr/lib:/workdir/hadoop-ozone/integration-test/target/native/target/usr/local/lib:/workdir/hadoop-ozone/integration-test/../../hadoop-common-project/hadoop-common/target/native/target/usr/local/lib:/usr/java/packages/lib/amd64:/usr/lib64:/lib64:/lib:/usr/lib"/>
    <property name="java.vm.info" value="mixed mode"/>
    <property name="java.vendor" value="Oracle Corporation"/>
    <property name="java.vm.version" value="25.222-b10"/>
    <property name="java.ext.dirs" value="/usr/lib/jvm/java-1.8.0-openjdk-1.8.0.222.b10-1.el7_7.x86_64/jre/lib/ext:/usr/java/packages/lib/ext"/>
    <property name="sun.io.unicode.encoding" value="UnicodeLittle"/>
    <property name="java.class.version" value="52.0"/>
  </properties>
  <testcase name="test2DatanodesFailure" classname="org.apache.hadoop.ozone.client.rpc.TestBlockOutputStreamWithFailures" time="49.108">
    <failure message="expected:&lt;5&gt; but was:&lt;6&gt;" type="java.lang.AssertionError"><![CDATA[java.lang.AssertionError: expected:<5> but was:<6>
	at org.junit.Assert.fail(Assert.java:88)
	at org.junit.Assert.failNotEquals(Assert.java:743)
	at org.junit.Assert.assertEquals(Assert.java:118)
	at org.junit.Assert.assertEquals(Assert.java:555)
	at org.junit.Assert.assertEquals(Assert.java:542)
	at org.apache.hadoop.ozone.client.rpc.TestBlockOutputStreamWithFailures.test2DatanodesFailure(TestBlockOutputStreamWithFailures.java:467)
	at sun.reflect.NativeMethodAccessorImpl.invoke0(Native Method)
	at sun.reflect.NativeMethodAccessorImpl.invoke(NativeMethodAccessorImpl.java:62)
	at sun.reflect.DelegatingMethodAccessorImpl.invoke(DelegatingMethodAccessorImpl.java:43)
	at java.lang.reflect.Method.invoke(Method.java:498)
	at org.junit.runners.model.FrameworkMethod$1.runReflectiveCall(FrameworkMethod.java:47)
	at org.junit.internal.runners.model.ReflectiveCallable.run(ReflectiveCallable.java:12)
	at org.junit.runners.model.FrameworkMethod.invokeExplosively(FrameworkMethod.java:44)
	at org.junit.internal.runners.statements.InvokeMethod.evaluate(InvokeMethod.java:17)
	at org.junit.internal.runners.statements.RunBefores.evaluate(RunBefores.java:26)
	at org.junit.internal.runners.statements.RunAfters.evaluate(RunAfters.java:27)
	at org.junit.runners.ParentRunner.runLeaf(ParentRunner.java:271)
	at org.junit.runners.BlockJUnit4ClassRunner.runChild(BlockJUnit4ClassRunner.java:70)
	at org.junit.runners.BlockJUnit4ClassRunner.runChild(BlockJUnit4ClassRunner.java:50)
	at org.junit.runners.ParentRunner$3.run(ParentRunner.java:238)
	at org.junit.runners.ParentRunner$1.schedule(ParentRunner.java:63)
	at org.junit.runners.ParentRunner.runChildren(ParentRunner.java:236)
	at org.junit.runners.ParentRunner.access$000(ParentRunner.java:53)
	at org.junit.runners.ParentRunner$2.evaluate(ParentRunner.java:229)
	at org.junit.runners.ParentRunner.run(ParentRunner.java:309)
	at org.apache.maven.surefire.junit4.JUnit4Provider.execute(JUnit4Provider.java:365)
	at org.apache.maven.surefire.junit4.JUnit4Provider.executeWithRerun(JUnit4Provider.java:273)
	at org.apache.maven.surefire.junit4.JUnit4Provider.executeTestSet(JUnit4Provider.java:238)
	at org.apache.maven.surefire.junit4.JUnit4Provider.invoke(JUnit4Provider.java:159)
	at org.apache.maven.surefire.booter.ForkedBooter.invokeProviderInSameClassLoader(ForkedBooter.java:384)
	at org.apache.maven.surefire.booter.ForkedBooter.runSuitesInProcess(ForkedBooter.java:345)
	at org.apache.maven.surefire.booter.ForkedBooter.execute(ForkedBooter.java:126)
	at org.apache.maven.surefire.booter.ForkedBooter.main(ForkedBooter.java:418)
]]></failure>
    <system-out><![CDATA[2019-10-15 09:41:12,769 [main] WARN  server.ServerUtils (ServerUtils.java:getScmDbDir(145)) - ozone.scm.db.dirs is not configured. We recommend adding this setting. Falling back to ozone.metadata.dirs instead.
2019-10-15 09:41:12,865 [main] WARN  server.ServerUtils (ServerUtils.java:getScmDbDir(145)) - ozone.scm.db.dirs is not configured. We recommend adding this setting. Falling back to ozone.metadata.dirs instead.
2019-10-15 09:41:12,867 [main] WARN  server.ServerUtils (ServerUtils.java:getScmDbDir(145)) - ozone.scm.db.dirs is not configured. We recommend adding this setting. Falling back to ozone.metadata.dirs instead.
2019-10-15 09:41:12,887 [main] INFO  util.log (Log.java:initialized(192)) - Logging initialized @815ms
2019-10-15 09:41:12,964 [main] INFO  db.DBStoreBuilder (DBStoreBuilder.java:addTable(117)) - using custom profile for table: deletedBlocks
2019-10-15 09:41:12,964 [main] INFO  db.DBStoreBuilder (DBStoreBuilder.java:processTables(168)) - Using default column profile:DBProfile.DISK for Table:deletedBlocks
2019-10-15 09:41:12,964 [main] INFO  db.DBStoreBuilder (DBStoreBuilder.java:addTable(117)) - using custom profile for table: validCerts
2019-10-15 09:41:12,965 [main] INFO  db.DBStoreBuilder (DBStoreBuilder.java:processTables(168)) - Using default column profile:DBProfile.DISK for Table:validCerts
2019-10-15 09:41:12,965 [main] INFO  db.DBStoreBuilder (DBStoreBuilder.java:addTable(117)) - using custom profile for table: revokedCerts
2019-10-15 09:41:12,965 [main] INFO  db.DBStoreBuilder (DBStoreBuilder.java:processTables(168)) - Using default column profile:DBProfile.DISK for Table:revokedCerts
2019-10-15 09:41:12,973 [main] INFO  db.DBStoreBuilder (DBStoreBuilder.java:addTable(117)) - using custom profile for table: default
2019-10-15 09:41:12,974 [main] INFO  db.DBStoreBuilder (DBStoreBuilder.java:processTables(174)) - Using default column profile:DBProfile.DISK for Table:default
2019-10-15 09:41:12,975 [main] INFO  db.DBStoreBuilder (DBStoreBuilder.java:getDbProfile(205)) - Using default options. DBProfile.DISK
2019-10-15 09:41:13,209 [main] INFO  net.NodeSchemaLoader (NodeSchemaLoader.java:loadSchemaFromFile(125)) - Loading file from sun.misc.CompoundEnumeration@36fc695d
2019-10-15 09:41:13,210 [main] INFO  net.NodeSchemaLoader (NodeSchemaLoader.java:loadSchema(171)) - Loading network topology layer schema file
2019-10-15 09:41:13,270 [main] INFO  node.SCMNodeManager (SCMNodeManager.java:<init>(116)) - Entering startup safe mode.
2019-10-15 09:41:13,333 [main] INFO  algorithms.ContainerPlacementPolicyFactory (ContainerPlacementPolicyFactory.java:getPolicy(57)) - Create container placement policy of type org.apache.hadoop.hdds.scm.container.placement.algorithms.SCMContainerPlacementRandom
2019-10-15 09:41:13,346 [main] WARN  server.ServerUtils (ServerUtils.java:getScmDbDir(145)) - ozone.scm.db.dirs is not configured. We recommend adding this setting. Falling back to ozone.metadata.dirs instead.
2019-10-15 09:41:13,439 [main] INFO  pipeline.SCMPipelineManager (SCMPipelineManager.java:initializePipelineState(132)) - No pipeline exists in current db
2019-10-15 09:41:13,442 [main] WARN  server.ServerUtils (ServerUtils.java:getScmDbDir(145)) - ozone.scm.db.dirs is not configured. We recommend adding this setting. Falling back to ozone.metadata.dirs instead.
2019-10-15 09:41:13,561 [main] WARN  events.EventQueue (EventQueue.java:fireEvent(183)) - No event handler registered for event TypedEvent{payloadType=SafeModeStatus, name='SafeModeStatus'}
2019-10-15 09:41:13,900 [main] INFO  ipc.CallQueueManager (CallQueueManager.java:<init>(84)) - Using callQueue: class java.util.concurrent.LinkedBlockingQueue, queueCapacity: 2000, scheduler: class org.apache.hadoop.ipc.DefaultRpcScheduler, ipcBackoff: false.
2019-10-15 09:41:13,924 [Socket Reader #1 for port 42874] INFO  ipc.Server (Server.java:run(1074)) - Starting Socket Reader #1 for port 42874
2019-10-15 09:41:14,075 [main] INFO  ipc.CallQueueManager (CallQueueManager.java:<init>(84)) - Using callQueue: class java.util.concurrent.LinkedBlockingQueue, queueCapacity: 2000, scheduler: class org.apache.hadoop.ipc.DefaultRpcScheduler, ipcBackoff: false.
2019-10-15 09:41:14,076 [Socket Reader #1 for port 36278] INFO  ipc.Server (Server.java:run(1074)) - Starting Socket Reader #1 for port 36278
2019-10-15 09:41:14,087 [main] INFO  ipc.CallQueueManager (CallQueueManager.java:<init>(84)) - Using callQueue: class java.util.concurrent.LinkedBlockingQueue, queueCapacity: 2000, scheduler: class org.apache.hadoop.ipc.DefaultRpcScheduler, ipcBackoff: false.
2019-10-15 09:41:14,088 [Socket Reader #1 for port 39666] INFO  ipc.Server (Server.java:run(1074)) - Starting Socket Reader #1 for port 39666
2019-10-15 09:41:14,116 [main] INFO  hdfs.DFSUtil (DFSUtil.java:httpServerTemplateForNNAndJN(1641)) - Starting Web-server for scm at: http://0.0.0.0:0
2019-10-15 09:41:14,280 [main] INFO  server.AuthenticationFilter (AuthenticationFilter.java:constructSecretProvider(240)) - Unable to initialize FileSignerSecretProvider, falling back to use random secrets.
2019-10-15 09:41:14,288 [main] WARN  http.HttpRequestLog (HttpRequestLog.java:getRequestLog(97)) - Jetty request log can only be enabled using Log4j
2019-10-15 09:41:14,296 [main] INFO  http.HttpServer2 (HttpServer2.java:addGlobalFilter(975)) - Added global filter 'safety' (class=org.apache.hadoop.http.HttpServer2$QuotingInputFilter)
2019-10-15 09:41:14,299 [main] INFO  http.HttpServer2 (HttpServer2.java:addFilter(948)) - Added filter static_user_filter (class=org.apache.hadoop.http.lib.StaticUserWebFilter$StaticUserFilter) to context scm
2019-10-15 09:41:14,299 [main] INFO  http.HttpServer2 (HttpServer2.java:addFilter(958)) - Added filter static_user_filter (class=org.apache.hadoop.http.lib.StaticUserWebFilter$StaticUserFilter) to context static
2019-10-15 09:41:14,299 [main] INFO  http.HttpServer2 (HttpServer2.java:addFilter(958)) - Added filter static_user_filter (class=org.apache.hadoop.http.lib.StaticUserWebFilter$StaticUserFilter) to context logs
2019-10-15 09:41:14,329 [main] INFO  server.StorageContainerManager (StorageContainerManager.java:start(772)) - StorageContainerLocationProtocol RPC server is listening at /0.0.0.0:39666
2019-10-15 09:41:14,384 [main] WARN  impl.MetricsConfig (MetricsConfig.java:loadFirst(134)) - Cannot locate configuration: tried hadoop-metrics2-storagecontainermanager.properties,hadoop-metrics2.properties
2019-10-15 09:41:14,395 [main] INFO  impl.MetricsSystemImpl (MetricsSystemImpl.java:startTimer(374)) - Scheduled Metric snapshot period at 10 second(s).
2019-10-15 09:41:14,395 [main] INFO  impl.MetricsSystemImpl (MetricsSystemImpl.java:start(191)) - StorageContainerManager metrics system started
2019-10-15 09:41:14,612 [main] INFO  server.SCMClientProtocolServer (SCMClientProtocolServer.java:start(159)) - RPC server for Client  is listening at /0.0.0.0:39666
2019-10-15 09:41:14,613 [IPC Server Responder] INFO  ipc.Server (Server.java:run(1314)) - IPC Server Responder: starting
2019-10-15 09:41:14,613 [IPC Server listener on 39666] INFO  ipc.Server (Server.java:run(1153)) - IPC Server listener on 39666: starting
2019-10-15 09:41:14,616 [main] INFO  server.StorageContainerManager (StorageContainerManager.java:start(782)) - ScmBlockLocationProtocol RPC server is listening at /0.0.0.0:36278
2019-10-15 09:41:14,617 [main] INFO  server.SCMBlockProtocolServer (SCMBlockProtocolServer.java:start(146)) - RPC server for Block Protocol is listening at /0.0.0.0:36278
2019-10-15 09:41:14,617 [IPC Server Responder] INFO  ipc.Server (Server.java:run(1314)) - IPC Server Responder: starting
2019-10-15 09:41:14,618 [IPC Server listener on 36278] INFO  ipc.Server (Server.java:run(1153)) - IPC Server listener on 36278: starting
2019-10-15 09:41:14,626 [main] INFO  server.StorageContainerManager (StorageContainerManager.java:start(786)) - ScmDatanodeProtocl RPC server is listening at /0.0.0.0:42874
2019-10-15 09:41:14,626 [main] INFO  server.SCMDatanodeProtocolServer (SCMDatanodeProtocolServer.java:start(169)) - RPC server for DataNodes is listening at /0.0.0.0:42874
2019-10-15 09:41:14,628 [IPC Server Responder] INFO  ipc.Server (Server.java:run(1314)) - IPC Server Responder: starting
2019-10-15 09:41:14,628 [IPC Server listener on 42874] INFO  ipc.Server (Server.java:run(1153)) - IPC Server listener on 42874: starting
2019-10-15 09:41:14,637 [main] INFO  http.HttpServer2 (HttpServer2.java:bindListener(1191)) - Jetty bound to port 36060
2019-10-15 09:41:14,638 [main] INFO  server.Server (Server.java:doStart(351)) - jetty-9.3.25.v20180904, build timestamp: 2018-09-04T21:11:46Z, git hash: 3ce520221d0240229c862b122d2b06c12a625732
2019-10-15 09:41:14,673 [main] INFO  handler.ContextHandler (ContextHandler.java:doStart(781)) - Started o.e.j.s.ServletContextHandler@2320fa6f{/logs,file:///workdir/hadoop-ozone/integration-test/target/log,AVAILABLE}
2019-10-15 09:41:14,674 [main] INFO  handler.ContextHandler (ContextHandler.java:doStart(781)) - Started o.e.j.s.ServletContextHandler@4d722ac9{/static,file:///workdir/hadoop-ozone/integration-test/target/test-classes/webapps/static,AVAILABLE}
2019-10-15 09:41:14,705 [main] INFO  handler.ContextHandler (ContextHandler.java:doStart(781)) - Started o.e.j.w.WebAppContext@617fe9e1{/,file:///workdir/hadoop-ozone/integration-test/target/test-classes/webapps/scm/,AVAILABLE}{/scm}
2019-10-15 09:41:14,711 [main] INFO  server.AbstractConnector (AbstractConnector.java:doStart(278)) - Started ServerConnector@5aceec94{HTTP/1.1,[http/1.1]}{0.0.0.0:36060}
2019-10-15 09:41:14,711 [main] INFO  server.Server (Server.java:doStart(419)) - Started @2639ms
2019-10-15 09:41:14,713 [main] INFO  impl.MetricsSinkAdapter (MetricsSinkAdapter.java:start(204)) - Sink prometheus started
2019-10-15 09:41:14,713 [main] INFO  impl.MetricsSystemImpl (MetricsSystemImpl.java:registerSink(301)) - Registered sink prometheus
2019-10-15 09:41:14,715 [main] INFO  server.BaseHttpServer (BaseHttpServer.java:updateConnectorAddress(215)) - HTTP server of SCM is listening at http://0.0.0.0:36060
2019-10-15 09:41:14,721 [org.apache.hadoop.util.JvmPauseMonitor$Monitor@3deb2326] INFO  util.JvmPauseMonitor (JvmPauseMonitor.java:run(188)) - Starting JVM pause monitor
2019-10-15 09:41:14,723 [main] WARN  server.ServerUtils (ServerUtils.java:getDBPath(222)) - ozone.om.db.dirs is not configured. We recommend adding this setting. Falling back to ozone.metadata.dirs instead.
2019-10-15 09:41:14,829 [main] INFO  ha.OMHANodeDetails (OMHANodeDetails.java:loadOMHAConfig(190)) - Configuration either no ozone.om.address set. Falling back to the default OM address /127.0.0.1:0
2019-10-15 09:41:14,830 [main] INFO  ha.OMHANodeDetails (OMHANodeDetails.java:getOMNodeDetails(220)) - OM Service ID is not set. Setting it to the default ID: omServiceIdDefault
2019-10-15 09:41:14,831 [main] WARN  server.ServerUtils (ServerUtils.java:getDBPath(222)) - ozone.om.db.dirs is not configured. We recommend adding this setting. Falling back to ozone.metadata.dirs instead.
2019-10-15 09:41:14,832 [main] WARN  server.ServerUtils (ServerUtils.java:getDBPath(222)) - ozone.om.db.dirs is not configured. We recommend adding this setting. Falling back to ozone.metadata.dirs instead.
2019-10-15 09:41:15,476 [main] WARN  server.ServerUtils (ServerUtils.java:getDBPath(222)) - ozone.om.db.dirs is not configured. We recommend adding this setting. Falling back to ozone.metadata.dirs instead.
2019-10-15 09:41:15,484 [main] INFO  db.DBStoreBuilder (DBStoreBuilder.java:addTable(117)) - using custom profile for table: userTable
2019-10-15 09:41:15,484 [main] INFO  db.DBStoreBuilder (DBStoreBuilder.java:processTables(168)) - Using default column profile:DBProfile.DISK for Table:userTable
2019-10-15 09:41:15,484 [main] INFO  db.DBStoreBuilder (DBStoreBuilder.java:addTable(117)) - using custom profile for table: volumeTable
2019-10-15 09:41:15,484 [main] INFO  db.DBStoreBuilder (DBStoreBuilder.java:processTables(168)) - Using default column profile:DBProfile.DISK for Table:volumeTable
2019-10-15 09:41:15,485 [main] INFO  db.DBStoreBuilder (DBStoreBuilder.java:addTable(117)) - using custom profile for table: bucketTable
2019-10-15 09:41:15,485 [main] INFO  db.DBStoreBuilder (DBStoreBuilder.java:processTables(168)) - Using default column profile:DBProfile.DISK for Table:bucketTable
2019-10-15 09:41:15,485 [main] INFO  db.DBStoreBuilder (DBStoreBuilder.java:addTable(117)) - using custom profile for table: keyTable
2019-10-15 09:41:15,485 [main] INFO  db.DBStoreBuilder (DBStoreBuilder.java:processTables(168)) - Using default column profile:DBProfile.DISK for Table:keyTable
2019-10-15 09:41:15,486 [main] INFO  db.DBStoreBuilder (DBStoreBuilder.java:addTable(117)) - using custom profile for table: deletedTable
2019-10-15 09:41:15,486 [main] INFO  db.DBStoreBuilder (DBStoreBuilder.java:processTables(168)) - Using default column profile:DBProfile.DISK for Table:deletedTable
2019-10-15 09:41:15,486 [main] INFO  db.DBStoreBuilder (DBStoreBuilder.java:addTable(117)) - using custom profile for table: openKeyTable
2019-10-15 09:41:15,486 [main] INFO  db.DBStoreBuilder (DBStoreBuilder.java:processTables(168)) - Using default column profile:DBProfile.DISK for Table:openKeyTable
2019-10-15 09:41:15,487 [main] INFO  db.DBStoreBuilder (DBStoreBuilder.java:addTable(117)) - using custom profile for table: s3Table
2019-10-15 09:41:15,487 [main] INFO  db.DBStoreBuilder (DBStoreBuilder.java:processTables(168)) - Using default column profile:DBProfile.DISK for Table:s3Table
2019-10-15 09:41:15,487 [main] INFO  db.DBStoreBuilder (DBStoreBuilder.java:addTable(117)) - using custom profile for table: multipartInfoTable
2019-10-15 09:41:15,487 [main] INFO  db.DBStoreBuilder (DBStoreBuilder.java:processTables(168)) - Using default column profile:DBProfile.DISK for Table:multipartInfoTable
2019-10-15 09:41:15,488 [main] INFO  db.DBStoreBuilder (DBStoreBuilder.java:addTable(117)) - using custom profile for table: dTokenTable
2019-10-15 09:41:15,488 [main] INFO  db.DBStoreBuilder (DBStoreBuilder.java:processTables(168)) - Using default column profile:DBProfile.DISK for Table:dTokenTable
2019-10-15 09:41:15,488 [main] INFO  db.DBStoreBuilder (DBStoreBuilder.java:addTable(117)) - using custom profile for table: s3SecretTable
2019-10-15 09:41:15,488 [main] INFO  db.DBStoreBuilder (DBStoreBuilder.java:processTables(168)) - Using default column profile:DBProfile.DISK for Table:s3SecretTable
2019-10-15 09:41:15,489 [main] INFO  db.DBStoreBuilder (DBStoreBuilder.java:addTable(117)) - using custom profile for table: prefixTable
2019-10-15 09:41:15,489 [main] INFO  db.DBStoreBuilder (DBStoreBuilder.java:processTables(168)) - Using default column profile:DBProfile.DISK for Table:prefixTable
2019-10-15 09:41:15,489 [main] INFO  db.DBStoreBuilder (DBStoreBuilder.java:addTable(117)) - using custom profile for table: default
2019-10-15 09:41:15,489 [main] INFO  db.DBStoreBuilder (DBStoreBuilder.java:processTables(174)) - Using default column profile:DBProfile.DISK for Table:default
2019-10-15 09:41:15,489 [main] INFO  db.DBStoreBuilder (DBStoreBuilder.java:getDbProfile(205)) - Using default options. DBProfile.DISK
2019-10-15 09:41:15,942 [main] INFO  ipc.CallQueueManager (CallQueueManager.java:<init>(84)) - Using callQueue: class java.util.concurrent.LinkedBlockingQueue, queueCapacity: 2000, scheduler: class org.apache.hadoop.ipc.DefaultRpcScheduler, ipcBackoff: false.
2019-10-15 09:41:15,944 [Socket Reader #1 for port 43200] INFO  ipc.Server (Server.java:run(1074)) - Starting Socket Reader #1 for port 43200
2019-10-15 09:41:15,968 [main] INFO  om.OzoneManager (OzoneManager.java:start(1071)) - OzoneManager RPC server is listening at localhost/127.0.0.1:43200
2019-10-15 09:41:15,968 [main] INFO  impl.MetricsSystemImpl (MetricsSystemImpl.java:init(158)) - OzoneManager metrics system started (again)
2019-10-15 09:41:15,976 [IPC Server Responder] INFO  ipc.Server (Server.java:run(1314)) - IPC Server Responder: starting
2019-10-15 09:41:15,976 [IPC Server listener on 43200] INFO  ipc.Server (Server.java:run(1153)) - IPC Server listener on 43200: starting
2019-10-15 09:41:15,986 [main] INFO  hdfs.DFSUtil (DFSUtil.java:httpServerTemplateForNNAndJN(1641)) - Starting Web-server for ozoneManager at: http://0.0.0.0:0
2019-10-15 09:41:15,988 [main] INFO  server.AuthenticationFilter (AuthenticationFilter.java:constructSecretProvider(240)) - Unable to initialize FileSignerSecretProvider, falling back to use random secrets.
2019-10-15 09:41:15,988 [main] WARN  http.HttpRequestLog (HttpRequestLog.java:getRequestLog(97)) - Jetty request log can only be enabled using Log4j
2019-10-15 09:41:15,991 [main] INFO  http.HttpServer2 (HttpServer2.java:addGlobalFilter(975)) - Added global filter 'safety' (class=org.apache.hadoop.http.HttpServer2$QuotingInputFilter)
2019-10-15 09:41:15,991 [main] INFO  http.HttpServer2 (HttpServer2.java:addFilter(948)) - Added filter static_user_filter (class=org.apache.hadoop.http.lib.StaticUserWebFilter$StaticUserFilter) to context ozoneManager
2019-10-15 09:41:15,992 [main] INFO  http.HttpServer2 (HttpServer2.java:addFilter(958)) - Added filter static_user_filter (class=org.apache.hadoop.http.lib.StaticUserWebFilter$StaticUserFilter) to context static
2019-10-15 09:41:15,992 [main] INFO  http.HttpServer2 (HttpServer2.java:addFilter(958)) - Added filter static_user_filter (class=org.apache.hadoop.http.lib.StaticUserWebFilter$StaticUserFilter) to context logs
2019-10-15 09:41:15,994 [main] INFO  http.HttpServer2 (HttpServer2.java:bindListener(1191)) - Jetty bound to port 36729
2019-10-15 09:41:15,994 [main] INFO  server.Server (Server.java:doStart(351)) - jetty-9.3.25.v20180904, build timestamp: 2018-09-04T21:11:46Z, git hash: 3ce520221d0240229c862b122d2b06c12a625732
2019-10-15 09:41:16,008 [main] INFO  handler.ContextHandler (ContextHandler.java:doStart(781)) - Started o.e.j.s.ServletContextHandler@56da52a7{/logs,file:///workdir/hadoop-ozone/integration-test/target/log,AVAILABLE}
2019-10-15 09:41:16,009 [main] INFO  handler.ContextHandler (ContextHandler.java:doStart(781)) - Started o.e.j.s.ServletContextHandler@11a7ba62{/static,file:///workdir/hadoop-ozone/integration-test/target/test-classes/webapps/static,AVAILABLE}
2019-10-15 09:41:16,014 [main] INFO  handler.ContextHandler (ContextHandler.java:doStart(781)) - Started o.e.j.w.WebAppContext@a7f0ab6{/,file:///workdir/hadoop-ozone/integration-test/target/test-classes/webapps/ozoneManager/,AVAILABLE}{/ozoneManager}
2019-10-15 09:41:16,014 [main] INFO  server.AbstractConnector (AbstractConnector.java:doStart(278)) - Started ServerConnector@41f35f7c{HTTP/1.1,[http/1.1]}{0.0.0.0:36729}
2019-10-15 09:41:16,015 [main] INFO  server.Server (Server.java:doStart(419)) - Started @3943ms
2019-10-15 09:41:16,015 [main] WARN  impl.MetricsSystemImpl (MetricsSystemImpl.java:register(276)) - Sink prometheus already exists!
2019-10-15 09:41:16,016 [main] INFO  server.BaseHttpServer (BaseHttpServer.java:updateConnectorAddress(215)) - HTTP server of OZONEMANAGER is listening at http://0.0.0.0:36729
2019-10-15 09:41:16,330 [main] INFO  impl.MetricsSystemImpl (MetricsSystemImpl.java:init(158)) - HddsDatanode metrics system started (again)
2019-10-15 09:41:16,375 [main] INFO  ozone.HddsDatanodeService (HddsDatanodeService.java:start(184)) - HddsDatanodeService host:dev-nightly-20191015-lc69l-4092513605 ip:192.168.69.65
2019-10-15 09:41:16,407 [main] INFO  volume.HddsVolume (HddsVolume.java:<init>(176)) - Creating Volume: /workdir/hadoop-ozone/integration-test/target/test-dir/MiniOzoneClusterImpl-70a67178-95d0-485e-9f18-1ddbb1a0591f/datanode-0/data/containers/hdds of  storage type : DISK and capacity : 1482555576320
2019-10-15 09:41:16,408 [main] INFO  volume.VolumeSet (VolumeSet.java:initializeVolumeSet(170)) - Added Volume : /workdir/hadoop-ozone/integration-test/target/test-dir/MiniOzoneClusterImpl-70a67178-95d0-485e-9f18-1ddbb1a0591f/datanode-0/data/containers/hdds to VolumeSet
2019-10-15 09:41:16,411 [main] INFO  volume.ThrottledAsyncChecker (ThrottledAsyncChecker.java:schedule(141)) - Scheduling a check for /workdir/hadoop-ozone/integration-test/target/test-dir/MiniOzoneClusterImpl-70a67178-95d0-485e-9f18-1ddbb1a0591f/datanode-0/data/containers/hdds
2019-10-15 09:41:16,427 [main] INFO  volume.HddsVolumeChecker (HddsVolumeChecker.java:checkAllVolumes(204)) - Scheduled health check for volume /workdir/hadoop-ozone/integration-test/target/test-dir/MiniOzoneClusterImpl-70a67178-95d0-485e-9f18-1ddbb1a0591f/datanode-0/data/containers/hdds
2019-10-15 09:41:16,531 [main] INFO  impl.RaftServerProxy (ConfUtils.java:logGet(43)) - raft.rpc.type = GRPC (default)
2019-10-15 09:41:16,595 [main] INFO  grpc.GrpcFactory (GrpcFactory.java:checkPooledByteBufAllocatorUseCacheForAllThreads(45)) - PERFORMANCE WARNING: useCacheForAllThreads is true that may cause Netty to create a lot garbage objects and, as a result, trigger GC.
	It is recommended to disable useCacheForAllThreads by setting -Dorg.apache.ratis.thirdparty.io.netty.allocator.useCacheForAllThreads=false in command line.
2019-10-15 09:41:16,600 [main] INFO  grpc.GrpcConfigKeys$Server (ConfUtils.java:logGet(43)) - raft.grpc.server.port = 0 (default)
2019-10-15 09:41:16,601 [main] INFO  server.GrpcService (ConfUtils.java:logGet(43)) - raft.grpc.message.size.max = 33570816 (custom)
2019-10-15 09:41:16,602 [main] INFO  server.RaftServerConfigKeys (ConfUtils.java:logGet(43)) - raft.server.log.appender.buffer.byte-limit = 33554432 (custom)
2019-10-15 09:41:16,603 [main] INFO  server.GrpcService (ConfUtils.java:logGet(43)) - raft.grpc.flow.control.window = 1MB (=1048576) (default)
2019-10-15 09:41:16,604 [main] INFO  server.RaftServerConfigKeys (ConfUtils.java:logGet(43)) - raft.server.rpc.request.timeout = 3000ms (default)
2019-10-15 09:41:16,789 [main] INFO  server.RaftServerConfigKeys (ConfUtils.java:logGet(43)) - raft.server.storage.dir = [/workdir/hadoop-ozone/integration-test/target/test-dir/MiniOzoneClusterImpl-70a67178-95d0-485e-9f18-1ddbb1a0591f/datanode-0/data/ratis] (custom)
2019-10-15 09:41:16,857 [main] INFO  hdfs.DFSUtil (DFSUtil.java:httpServerTemplateForNNAndJN(1641)) - Starting Web-server for hddsDatanode at: http://0.0.0.0:0
2019-10-15 09:41:16,860 [main] INFO  server.AuthenticationFilter (AuthenticationFilter.java:constructSecretProvider(240)) - Unable to initialize FileSignerSecretProvider, falling back to use random secrets.
2019-10-15 09:41:16,860 [main] WARN  http.HttpRequestLog (HttpRequestLog.java:getRequestLog(97)) - Jetty request log can only be enabled using Log4j
2019-10-15 09:41:16,863 [main] INFO  http.HttpServer2 (HttpServer2.java:addGlobalFilter(975)) - Added global filter 'safety' (class=org.apache.hadoop.http.HttpServer2$QuotingInputFilter)
2019-10-15 09:41:16,864 [main] INFO  http.HttpServer2 (HttpServer2.java:addFilter(948)) - Added filter static_user_filter (class=org.apache.hadoop.http.lib.StaticUserWebFilter$StaticUserFilter) to context hddsDatanode
2019-10-15 09:41:16,864 [main] INFO  http.HttpServer2 (HttpServer2.java:addFilter(958)) - Added filter static_user_filter (class=org.apache.hadoop.http.lib.StaticUserWebFilter$StaticUserFilter) to context logs
2019-10-15 09:41:16,865 [main] INFO  http.HttpServer2 (HttpServer2.java:addFilter(958)) - Added filter static_user_filter (class=org.apache.hadoop.http.lib.StaticUserWebFilter$StaticUserFilter) to context static
2019-10-15 09:41:16,866 [main] INFO  http.HttpServer2 (HttpServer2.java:bindListener(1191)) - Jetty bound to port 33557
2019-10-15 09:41:16,866 [main] INFO  server.Server (Server.java:doStart(351)) - jetty-9.3.25.v20180904, build timestamp: 2018-09-04T21:11:46Z, git hash: 3ce520221d0240229c862b122d2b06c12a625732
2019-10-15 09:41:16,870 [main] INFO  handler.ContextHandler (ContextHandler.java:doStart(781)) - Started o.e.j.s.ServletContextHandler@290d10ef{/logs,file:///workdir/hadoop-ozone/integration-test/target/log,AVAILABLE}
2019-10-15 09:41:16,871 [main] INFO  handler.ContextHandler (ContextHandler.java:doStart(781)) - Started o.e.j.s.ServletContextHandler@644ded04{/static,jar:file:/home/user/.m2/repository/org/apache/hadoop/hadoop-hdds-container-service/0.5.0-SNAPSHOT/hadoop-hdds-container-service-0.5.0-SNAPSHOT.jar!/webapps/static,AVAILABLE}
2019-10-15 09:41:16,918 [main] INFO  handler.ContextHandler (ContextHandler.java:doStart(781)) - Started o.e.j.w.WebAppContext@4339baec{/,file:///tmp/jetty-0.0.0.0-33557-hddsDatanode-_-any-3680091879592055942.dir/webapp/,AVAILABLE}{/hddsDatanode}
2019-10-15 09:41:16,918 [main] INFO  server.AbstractConnector (AbstractConnector.java:doStart(278)) - Started ServerConnector@62db3891{HTTP/1.1,[http/1.1]}{0.0.0.0:33557}
2019-10-15 09:41:16,919 [main] INFO  server.Server (Server.java:doStart(419)) - Started @4847ms
2019-10-15 09:41:16,919 [main] WARN  impl.MetricsSystemImpl (MetricsSystemImpl.java:register(276)) - Sink prometheus already exists!
2019-10-15 09:41:16,921 [main] INFO  server.BaseHttpServer (BaseHttpServer.java:updateConnectorAddress(215)) - HTTP server of HDDSDATANODE is listening at http://0.0.0.0:33557
2019-10-15 09:41:16,922 [main] INFO  impl.MetricsSystemImpl (MetricsSystemImpl.java:init(158)) - HddsDatanode metrics system started (again)
2019-10-15 09:41:16,924 [main] INFO  ozone.HddsDatanodeService (HddsDatanodeService.java:start(184)) - HddsDatanodeService host:dev-nightly-20191015-lc69l-4092513605 ip:192.168.69.65
2019-10-15 09:41:16,927 [org.apache.hadoop.util.JvmPauseMonitor$Monitor@84b6850] INFO  util.JvmPauseMonitor (JvmPauseMonitor.java:run(188)) - Starting JVM pause monitor
2019-10-15 09:41:16,934 [main] INFO  volume.HddsVolume (HddsVolume.java:<init>(176)) - Creating Volume: /workdir/hadoop-ozone/integration-test/target/test-dir/MiniOzoneClusterImpl-70a67178-95d0-485e-9f18-1ddbb1a0591f/datanode-1/data/containers/hdds of  storage type : DISK and capacity : 1482555576320
2019-10-15 09:41:16,935 [main] INFO  volume.VolumeSet (VolumeSet.java:initializeVolumeSet(170)) - Added Volume : /workdir/hadoop-ozone/integration-test/target/test-dir/MiniOzoneClusterImpl-70a67178-95d0-485e-9f18-1ddbb1a0591f/datanode-1/data/containers/hdds to VolumeSet
2019-10-15 09:41:16,935 [main] INFO  volume.ThrottledAsyncChecker (ThrottledAsyncChecker.java:schedule(141)) - Scheduling a check for /workdir/hadoop-ozone/integration-test/target/test-dir/MiniOzoneClusterImpl-70a67178-95d0-485e-9f18-1ddbb1a0591f/datanode-1/data/containers/hdds
2019-10-15 09:41:16,936 [main] INFO  volume.HddsVolumeChecker (HddsVolumeChecker.java:checkAllVolumes(204)) - Scheduled health check for volume /workdir/hadoop-ozone/integration-test/target/test-dir/MiniOzoneClusterImpl-70a67178-95d0-485e-9f18-1ddbb1a0591f/datanode-1/data/containers/hdds
2019-10-15 09:41:16,951 [main] INFO  impl.RaftServerProxy (ConfUtils.java:logGet(43)) - raft.rpc.type = GRPC (default)
2019-10-15 09:41:16,951 [main] INFO  grpc.GrpcFactory (GrpcFactory.java:checkPooledByteBufAllocatorUseCacheForAllThreads(45)) - PERFORMANCE WARNING: useCacheForAllThreads is true that may cause Netty to create a lot garbage objects and, as a result, trigger GC.
	It is recommended to disable useCacheForAllThreads by setting -Dorg.apache.ratis.thirdparty.io.netty.allocator.useCacheForAllThreads=false in command line.
2019-10-15 09:41:16,951 [main] INFO  grpc.GrpcConfigKeys$Server (ConfUtils.java:logGet(43)) - raft.grpc.server.port = 0 (default)
2019-10-15 09:41:16,951 [main] INFO  server.GrpcService (ConfUtils.java:logGet(43)) - raft.grpc.message.size.max = 33570816 (custom)
2019-10-15 09:41:16,952 [main] INFO  server.RaftServerConfigKeys (ConfUtils.java:logGet(43)) - raft.server.log.appender.buffer.byte-limit = 33554432 (custom)
2019-10-15 09:41:16,952 [main] INFO  server.GrpcService (ConfUtils.java:logGet(43)) - raft.grpc.flow.control.window = 1MB (=1048576) (default)
2019-10-15 09:41:16,952 [main] INFO  server.RaftServerConfigKeys (ConfUtils.java:logGet(43)) - raft.server.rpc.request.timeout = 3000ms (default)
2019-10-15 09:41:16,953 [main] INFO  server.RaftServerConfigKeys (ConfUtils.java:logGet(43)) - raft.server.storage.dir = [/workdir/hadoop-ozone/integration-test/target/test-dir/MiniOzoneClusterImpl-70a67178-95d0-485e-9f18-1ddbb1a0591f/datanode-1/data/ratis] (custom)
2019-10-15 09:41:16,955 [main] INFO  hdfs.DFSUtil (DFSUtil.java:httpServerTemplateForNNAndJN(1641)) - Starting Web-server for hddsDatanode at: http://0.0.0.0:0
2019-10-15 09:41:16,957 [main] INFO  server.AuthenticationFilter (AuthenticationFilter.java:constructSecretProvider(240)) - Unable to initialize FileSignerSecretProvider, falling back to use random secrets.
2019-10-15 09:41:16,957 [main] WARN  http.HttpRequestLog (HttpRequestLog.java:getRequestLog(97)) - Jetty request log can only be enabled using Log4j
2019-10-15 09:41:16,959 [main] INFO  http.HttpServer2 (HttpServer2.java:addGlobalFilter(975)) - Added global filter 'safety' (class=org.apache.hadoop.http.HttpServer2$QuotingInputFilter)
2019-10-15 09:41:16,960 [main] INFO  http.HttpServer2 (HttpServer2.java:addFilter(948)) - Added filter static_user_filter (class=org.apache.hadoop.http.lib.StaticUserWebFilter$StaticUserFilter) to context hddsDatanode
2019-10-15 09:41:16,960 [main] INFO  http.HttpServer2 (HttpServer2.java:addFilter(958)) - Added filter static_user_filter (class=org.apache.hadoop.http.lib.StaticUserWebFilter$StaticUserFilter) to context logs
2019-10-15 09:41:16,960 [main] INFO  http.HttpServer2 (HttpServer2.java:addFilter(958)) - Added filter static_user_filter (class=org.apache.hadoop.http.lib.StaticUserWebFilter$StaticUserFilter) to context static
2019-10-15 09:41:16,961 [main] INFO  http.HttpServer2 (HttpServer2.java:bindListener(1191)) - Jetty bound to port 37536
2019-10-15 09:41:16,962 [main] INFO  server.Server (Server.java:doStart(351)) - jetty-9.3.25.v20180904, build timestamp: 2018-09-04T21:11:46Z, git hash: 3ce520221d0240229c862b122d2b06c12a625732
2019-10-15 09:41:16,964 [main] INFO  handler.ContextHandler (ContextHandler.java:doStart(781)) - Started o.e.j.s.ServletContextHandler@277bf091{/logs,file:///workdir/hadoop-ozone/integration-test/target/log,AVAILABLE}
2019-10-15 09:41:16,965 [main] INFO  handler.ContextHandler (ContextHandler.java:doStart(781)) - Started o.e.j.s.ServletContextHandler@6a094db2{/static,jar:file:/home/user/.m2/repository/org/apache/hadoop/hadoop-hdds-container-service/0.5.0-SNAPSHOT/hadoop-hdds-container-service-0.5.0-SNAPSHOT.jar!/webapps/static,AVAILABLE}
2019-10-15 09:41:17,001 [main] INFO  handler.ContextHandler (ContextHandler.java:doStart(781)) - Started o.e.j.w.WebAppContext@508a65bf{/,file:///tmp/jetty-0.0.0.0-37536-hddsDatanode-_-any-8215549264218472464.dir/webapp/,AVAILABLE}{/hddsDatanode}
2019-10-15 09:41:17,001 [main] INFO  server.AbstractConnector (AbstractConnector.java:doStart(278)) - Started ServerConnector@17f2dd85{HTTP/1.1,[http/1.1]}{0.0.0.0:37536}
2019-10-15 09:41:17,002 [main] INFO  server.Server (Server.java:doStart(419)) - Started @4930ms
2019-10-15 09:41:17,002 [main] WARN  impl.MetricsSystemImpl (MetricsSystemImpl.java:register(276)) - Sink prometheus already exists!
2019-10-15 09:41:17,004 [main] INFO  server.BaseHttpServer (BaseHttpServer.java:updateConnectorAddress(215)) - HTTP server of HDDSDATANODE is listening at http://0.0.0.0:37536
2019-10-15 09:41:17,004 [main] INFO  impl.MetricsSystemImpl (MetricsSystemImpl.java:init(158)) - HddsDatanode metrics system started (again)
2019-10-15 09:41:17,007 [main] INFO  ozone.HddsDatanodeService (HddsDatanodeService.java:start(184)) - HddsDatanodeService host:dev-nightly-20191015-lc69l-4092513605 ip:192.168.69.65
2019-10-15 09:41:17,008 [org.apache.hadoop.util.JvmPauseMonitor$Monitor@5d1dba93] INFO  util.JvmPauseMonitor (JvmPauseMonitor.java:run(188)) - Starting JVM pause monitor
2019-10-15 09:41:17,017 [main] INFO  volume.HddsVolume (HddsVolume.java:<init>(176)) - Creating Volume: /workdir/hadoop-ozone/integration-test/target/test-dir/MiniOzoneClusterImpl-70a67178-95d0-485e-9f18-1ddbb1a0591f/datanode-2/data/containers/hdds of  storage type : DISK and capacity : 1482555576320
2019-10-15 09:41:17,018 [main] INFO  volume.VolumeSet (VolumeSet.java:initializeVolumeSet(170)) - Added Volume : /workdir/hadoop-ozone/integration-test/target/test-dir/MiniOzoneClusterImpl-70a67178-95d0-485e-9f18-1ddbb1a0591f/datanode-2/data/containers/hdds to VolumeSet
2019-10-15 09:41:17,018 [main] INFO  volume.ThrottledAsyncChecker (ThrottledAsyncChecker.java:schedule(141)) - Scheduling a check for /workdir/hadoop-ozone/integration-test/target/test-dir/MiniOzoneClusterImpl-70a67178-95d0-485e-9f18-1ddbb1a0591f/datanode-2/data/containers/hdds
2019-10-15 09:41:17,018 [main] INFO  volume.HddsVolumeChecker (HddsVolumeChecker.java:checkAllVolumes(204)) - Scheduled health check for volume /workdir/hadoop-ozone/integration-test/target/test-dir/MiniOzoneClusterImpl-70a67178-95d0-485e-9f18-1ddbb1a0591f/datanode-2/data/containers/hdds
2019-10-15 09:41:17,033 [main] INFO  impl.RaftServerProxy (ConfUtils.java:logGet(43)) - raft.rpc.type = GRPC (default)
2019-10-15 09:41:17,033 [main] INFO  grpc.GrpcFactory (GrpcFactory.java:checkPooledByteBufAllocatorUseCacheForAllThreads(45)) - PERFORMANCE WARNING: useCacheForAllThreads is true that may cause Netty to create a lot garbage objects and, as a result, trigger GC.
	It is recommended to disable useCacheForAllThreads by setting -Dorg.apache.ratis.thirdparty.io.netty.allocator.useCacheForAllThreads=false in command line.
2019-10-15 09:41:17,033 [main] INFO  grpc.GrpcConfigKeys$Server (ConfUtils.java:logGet(43)) - raft.grpc.server.port = 0 (default)
2019-10-15 09:41:17,033 [main] INFO  server.GrpcService (ConfUtils.java:logGet(43)) - raft.grpc.message.size.max = 33570816 (custom)
2019-10-15 09:41:17,034 [main] INFO  server.RaftServerConfigKeys (ConfUtils.java:logGet(43)) - raft.server.log.appender.buffer.byte-limit = 33554432 (custom)
2019-10-15 09:41:17,034 [main] INFO  server.GrpcService (ConfUtils.java:logGet(43)) - raft.grpc.flow.control.window = 1MB (=1048576) (default)
2019-10-15 09:41:17,034 [main] INFO  server.RaftServerConfigKeys (ConfUtils.java:logGet(43)) - raft.server.rpc.request.timeout = 3000ms (default)
2019-10-15 09:41:17,035 [main] INFO  server.RaftServerConfigKeys (ConfUtils.java:logGet(43)) - raft.server.storage.dir = [/workdir/hadoop-ozone/integration-test/target/test-dir/MiniOzoneClusterImpl-70a67178-95d0-485e-9f18-1ddbb1a0591f/datanode-2/data/ratis] (custom)
2019-10-15 09:41:17,037 [main] INFO  hdfs.DFSUtil (DFSUtil.java:httpServerTemplateForNNAndJN(1641)) - Starting Web-server for hddsDatanode at: http://0.0.0.0:0
2019-10-15 09:41:17,039 [main] INFO  server.AuthenticationFilter (AuthenticationFilter.java:constructSecretProvider(240)) - Unable to initialize FileSignerSecretProvider, falling back to use random secrets.
2019-10-15 09:41:17,040 [main] WARN  http.HttpRequestLog (HttpRequestLog.java:getRequestLog(97)) - Jetty request log can only be enabled using Log4j
2019-10-15 09:41:17,043 [main] INFO  http.HttpServer2 (HttpServer2.java:addGlobalFilter(975)) - Added global filter 'safety' (class=org.apache.hadoop.http.HttpServer2$QuotingInputFilter)
2019-10-15 09:41:17,044 [main] INFO  http.HttpServer2 (HttpServer2.java:addFilter(948)) - Added filter static_user_filter (class=org.apache.hadoop.http.lib.StaticUserWebFilter$StaticUserFilter) to context hddsDatanode
2019-10-15 09:41:17,044 [main] INFO  http.HttpServer2 (HttpServer2.java:addFilter(958)) - Added filter static_user_filter (class=org.apache.hadoop.http.lib.StaticUserWebFilter$StaticUserFilter) to context logs
2019-10-15 09:41:17,044 [main] INFO  http.HttpServer2 (HttpServer2.java:addFilter(958)) - Added filter static_user_filter (class=org.apache.hadoop.http.lib.StaticUserWebFilter$StaticUserFilter) to context static
2019-10-15 09:41:17,046 [main] INFO  http.HttpServer2 (HttpServer2.java:bindListener(1191)) - Jetty bound to port 35326
2019-10-15 09:41:17,046 [main] INFO  server.Server (Server.java:doStart(351)) - jetty-9.3.25.v20180904, build timestamp: 2018-09-04T21:11:46Z, git hash: 3ce520221d0240229c862b122d2b06c12a625732
2019-10-15 09:41:17,050 [main] INFO  handler.ContextHandler (ContextHandler.java:doStart(781)) - Started o.e.j.s.ServletContextHandler@2f236de0{/logs,file:///workdir/hadoop-ozone/integration-test/target/log,AVAILABLE}
2019-10-15 09:41:17,051 [main] INFO  handler.ContextHandler (ContextHandler.java:doStart(781)) - Started o.e.j.s.ServletContextHandler@767a014e{/static,jar:file:/home/user/.m2/repository/org/apache/hadoop/hadoop-hdds-container-service/0.5.0-SNAPSHOT/hadoop-hdds-container-service-0.5.0-SNAPSHOT.jar!/webapps/static,AVAILABLE}
2019-10-15 09:41:17,061 [Datanode State Machine Thread - 0] INFO  datanode.InitDatanodeState (InitDatanodeState.java:persistContainerDatanodeDetails(140)) - DatanodeDetails is persisted to /workdir/hadoop-ozone/integration-test/target/test-dir/MiniOzoneClusterImpl-70a67178-95d0-485e-9f18-1ddbb1a0591f/datanode-0/meta/datanode.id
2019-10-15 09:41:17,065 [Datanode State Machine Thread - 0] INFO  datanode.InitDatanodeState (InitDatanodeState.java:persistContainerDatanodeDetails(140)) - DatanodeDetails is persisted to /workdir/hadoop-ozone/integration-test/target/test-dir/MiniOzoneClusterImpl-70a67178-95d0-485e-9f18-1ddbb1a0591f/datanode-1/meta/datanode.id
2019-10-15 09:41:17,100 [main] INFO  handler.ContextHandler (ContextHandler.java:doStart(781)) - Started o.e.j.w.WebAppContext@71a06021{/,file:///tmp/jetty-0.0.0.0-35326-hddsDatanode-_-any-5912368249065166320.dir/webapp/,AVAILABLE}{/hddsDatanode}
2019-10-15 09:41:17,101 [main] INFO  server.AbstractConnector (AbstractConnector.java:doStart(278)) - Started ServerConnector@80bfdc6{HTTP/1.1,[http/1.1]}{0.0.0.0:35326}
2019-10-15 09:41:17,101 [main] INFO  server.Server (Server.java:doStart(419)) - Started @5029ms
2019-10-15 09:41:17,103 [main] WARN  impl.MetricsSystemImpl (MetricsSystemImpl.java:register(276)) - Sink prometheus already exists!
2019-10-15 09:41:17,104 [main] INFO  server.BaseHttpServer (BaseHttpServer.java:updateConnectorAddress(215)) - HTTP server of HDDSDATANODE is listening at http://0.0.0.0:35326
2019-10-15 09:41:17,105 [main] INFO  impl.MetricsSystemImpl (MetricsSystemImpl.java:init(158)) - HddsDatanode metrics system started (again)
2019-10-15 09:41:17,108 [org.apache.hadoop.util.JvmPauseMonitor$Monitor@3fc54b6f] INFO  util.JvmPauseMonitor (JvmPauseMonitor.java:run(188)) - Starting JVM pause monitor
2019-10-15 09:41:17,108 [main] INFO  ozone.HddsDatanodeService (HddsDatanodeService.java:start(184)) - HddsDatanodeService host:dev-nightly-20191015-lc69l-4092513605 ip:192.168.69.65
2019-10-15 09:41:17,111 [Datanode State Machine Thread - 0] INFO  datanode.InitDatanodeState (InitDatanodeState.java:persistContainerDatanodeDetails(140)) - DatanodeDetails is persisted to /workdir/hadoop-ozone/integration-test/target/test-dir/MiniOzoneClusterImpl-70a67178-95d0-485e-9f18-1ddbb1a0591f/datanode-2/meta/datanode.id
2019-10-15 09:41:17,119 [main] INFO  volume.HddsVolume (HddsVolume.java:<init>(176)) - Creating Volume: /workdir/hadoop-ozone/integration-test/target/test-dir/MiniOzoneClusterImpl-70a67178-95d0-485e-9f18-1ddbb1a0591f/datanode-3/data/containers/hdds of  storage type : DISK and capacity : 1482555576320
2019-10-15 09:41:17,119 [main] INFO  volume.VolumeSet (VolumeSet.java:initializeVolumeSet(170)) - Added Volume : /workdir/hadoop-ozone/integration-test/target/test-dir/MiniOzoneClusterImpl-70a67178-95d0-485e-9f18-1ddbb1a0591f/datanode-3/data/containers/hdds to VolumeSet
2019-10-15 09:41:17,120 [main] INFO  volume.ThrottledAsyncChecker (ThrottledAsyncChecker.java:schedule(141)) - Scheduling a check for /workdir/hadoop-ozone/integration-test/target/test-dir/MiniOzoneClusterImpl-70a67178-95d0-485e-9f18-1ddbb1a0591f/datanode-3/data/containers/hdds
2019-10-15 09:41:17,120 [main] INFO  volume.HddsVolumeChecker (HddsVolumeChecker.java:checkAllVolumes(204)) - Scheduled health check for volume /workdir/hadoop-ozone/integration-test/target/test-dir/MiniOzoneClusterImpl-70a67178-95d0-485e-9f18-1ddbb1a0591f/datanode-3/data/containers/hdds
2019-10-15 09:41:17,143 [main] INFO  impl.RaftServerProxy (ConfUtils.java:logGet(43)) - raft.rpc.type = GRPC (default)
2019-10-15 09:41:17,143 [main] INFO  grpc.GrpcFactory (GrpcFactory.java:checkPooledByteBufAllocatorUseCacheForAllThreads(45)) - PERFORMANCE WARNING: useCacheForAllThreads is true that may cause Netty to create a lot garbage objects and, as a result, trigger GC.
	It is recommended to disable useCacheForAllThreads by setting -Dorg.apache.ratis.thirdparty.io.netty.allocator.useCacheForAllThreads=false in command line.
2019-10-15 09:41:17,143 [main] INFO  grpc.GrpcConfigKeys$Server (ConfUtils.java:logGet(43)) - raft.grpc.server.port = 0 (default)
2019-10-15 09:41:17,144 [main] INFO  server.GrpcService (ConfUtils.java:logGet(43)) - raft.grpc.message.size.max = 33570816 (custom)
2019-10-15 09:41:17,144 [main] INFO  server.RaftServerConfigKeys (ConfUtils.java:logGet(43)) - raft.server.log.appender.buffer.byte-limit = 33554432 (custom)
2019-10-15 09:41:17,144 [main] INFO  server.GrpcService (ConfUtils.java:logGet(43)) - raft.grpc.flow.control.window = 1MB (=1048576) (default)
2019-10-15 09:41:17,145 [main] INFO  server.RaftServerConfigKeys (ConfUtils.java:logGet(43)) - raft.server.rpc.request.timeout = 3000ms (default)
2019-10-15 09:41:17,146 [main] INFO  server.RaftServerConfigKeys (ConfUtils.java:logGet(43)) - raft.server.storage.dir = [/workdir/hadoop-ozone/integration-test/target/test-dir/MiniOzoneClusterImpl-70a67178-95d0-485e-9f18-1ddbb1a0591f/datanode-3/data/ratis] (custom)
2019-10-15 09:41:17,149 [main] INFO  hdfs.DFSUtil (DFSUtil.java:httpServerTemplateForNNAndJN(1641)) - Starting Web-server for hddsDatanode at: http://0.0.0.0:0
2019-10-15 09:41:17,151 [main] INFO  server.AuthenticationFilter (AuthenticationFilter.java:constructSecretProvider(240)) - Unable to initialize FileSignerSecretProvider, falling back to use random secrets.
2019-10-15 09:41:17,152 [main] WARN  http.HttpRequestLog (HttpRequestLog.java:getRequestLog(97)) - Jetty request log can only be enabled using Log4j
2019-10-15 09:41:17,154 [main] INFO  http.HttpServer2 (HttpServer2.java:addGlobalFilter(975)) - Added global filter 'safety' (class=org.apache.hadoop.http.HttpServer2$QuotingInputFilter)
2019-10-15 09:41:17,154 [main] INFO  http.HttpServer2 (HttpServer2.java:addFilter(948)) - Added filter static_user_filter (class=org.apache.hadoop.http.lib.StaticUserWebFilter$StaticUserFilter) to context hddsDatanode
2019-10-15 09:41:17,155 [main] INFO  http.HttpServer2 (HttpServer2.java:addFilter(958)) - Added filter static_user_filter (class=org.apache.hadoop.http.lib.StaticUserWebFilter$StaticUserFilter) to context logs
2019-10-15 09:41:17,155 [main] INFO  http.HttpServer2 (HttpServer2.java:addFilter(958)) - Added filter static_user_filter (class=org.apache.hadoop.http.lib.StaticUserWebFilter$StaticUserFilter) to context static
2019-10-15 09:41:17,156 [main] INFO  http.HttpServer2 (HttpServer2.java:bindListener(1191)) - Jetty bound to port 43185
2019-10-15 09:41:17,156 [main] INFO  server.Server (Server.java:doStart(351)) - jetty-9.3.25.v20180904, build timestamp: 2018-09-04T21:11:46Z, git hash: 3ce520221d0240229c862b122d2b06c12a625732
2019-10-15 09:41:17,159 [main] INFO  handler.ContextHandler (ContextHandler.java:doStart(781)) - Started o.e.j.s.ServletContextHandler@a9f023e{/logs,file:///workdir/hadoop-ozone/integration-test/target/log,AVAILABLE}
2019-10-15 09:41:17,159 [main] INFO  handler.ContextHandler (ContextHandler.java:doStart(781)) - Started o.e.j.s.ServletContextHandler@4b200971{/static,jar:file:/home/user/.m2/repository/org/apache/hadoop/hadoop-hdds-container-service/0.5.0-SNAPSHOT/hadoop-hdds-container-service-0.5.0-SNAPSHOT.jar!/webapps/static,AVAILABLE}
2019-10-15 09:41:17,197 [main] INFO  handler.ContextHandler (ContextHandler.java:doStart(781)) - Started o.e.j.w.WebAppContext@337bbfdf{/,file:///tmp/jetty-0.0.0.0-43185-hddsDatanode-_-any-7310981268969918951.dir/webapp/,AVAILABLE}{/hddsDatanode}
2019-10-15 09:41:17,197 [main] INFO  server.AbstractConnector (AbstractConnector.java:doStart(278)) - Started ServerConnector@52d97ab6{HTTP/1.1,[http/1.1]}{0.0.0.0:43185}
2019-10-15 09:41:17,200 [main] INFO  server.Server (Server.java:doStart(419)) - Started @5128ms
2019-10-15 09:41:17,201 [main] WARN  impl.MetricsSystemImpl (MetricsSystemImpl.java:register(276)) - Sink prometheus already exists!
2019-10-15 09:41:17,202 [main] INFO  server.BaseHttpServer (BaseHttpServer.java:updateConnectorAddress(215)) - HTTP server of HDDSDATANODE is listening at http://0.0.0.0:43185
2019-10-15 09:41:17,202 [main] INFO  impl.MetricsSystemImpl (MetricsSystemImpl.java:init(158)) - HddsDatanode metrics system started (again)
2019-10-15 09:41:17,205 [main] INFO  ozone.HddsDatanodeService (HddsDatanodeService.java:start(184)) - HddsDatanodeService host:dev-nightly-20191015-lc69l-4092513605 ip:192.168.69.65
2019-10-15 09:41:17,206 [org.apache.hadoop.util.JvmPauseMonitor$Monitor@3d92b649] INFO  util.JvmPauseMonitor (JvmPauseMonitor.java:run(188)) - Starting JVM pause monitor
2019-10-15 09:41:17,211 [Datanode State Machine Thread - 0] INFO  datanode.InitDatanodeState (InitDatanodeState.java:persistContainerDatanodeDetails(140)) - DatanodeDetails is persisted to /workdir/hadoop-ozone/integration-test/target/test-dir/MiniOzoneClusterImpl-70a67178-95d0-485e-9f18-1ddbb1a0591f/datanode-3/meta/datanode.id
2019-10-15 09:41:17,215 [main] INFO  volume.HddsVolume (HddsVolume.java:<init>(176)) - Creating Volume: /workdir/hadoop-ozone/integration-test/target/test-dir/MiniOzoneClusterImpl-70a67178-95d0-485e-9f18-1ddbb1a0591f/datanode-4/data/containers/hdds of  storage type : DISK and capacity : 1482555576320
2019-10-15 09:41:17,215 [main] INFO  volume.VolumeSet (VolumeSet.java:initializeVolumeSet(170)) - Added Volume : /workdir/hadoop-ozone/integration-test/target/test-dir/MiniOzoneClusterImpl-70a67178-95d0-485e-9f18-1ddbb1a0591f/datanode-4/data/containers/hdds to VolumeSet
2019-10-15 09:41:17,216 [main] INFO  volume.ThrottledAsyncChecker (ThrottledAsyncChecker.java:schedule(141)) - Scheduling a check for /workdir/hadoop-ozone/integration-test/target/test-dir/MiniOzoneClusterImpl-70a67178-95d0-485e-9f18-1ddbb1a0591f/datanode-4/data/containers/hdds
2019-10-15 09:41:17,217 [main] INFO  volume.HddsVolumeChecker (HddsVolumeChecker.java:checkAllVolumes(204)) - Scheduled health check for volume /workdir/hadoop-ozone/integration-test/target/test-dir/MiniOzoneClusterImpl-70a67178-95d0-485e-9f18-1ddbb1a0591f/datanode-4/data/containers/hdds
2019-10-15 09:41:17,230 [main] INFO  impl.RaftServerProxy (ConfUtils.java:logGet(43)) - raft.rpc.type = GRPC (default)
2019-10-15 09:41:17,231 [main] INFO  grpc.GrpcFactory (GrpcFactory.java:checkPooledByteBufAllocatorUseCacheForAllThreads(45)) - PERFORMANCE WARNING: useCacheForAllThreads is true that may cause Netty to create a lot garbage objects and, as a result, trigger GC.
	It is recommended to disable useCacheForAllThreads by setting -Dorg.apache.ratis.thirdparty.io.netty.allocator.useCacheForAllThreads=false in command line.
2019-10-15 09:41:17,231 [main] INFO  grpc.GrpcConfigKeys$Server (ConfUtils.java:logGet(43)) - raft.grpc.server.port = 0 (default)
2019-10-15 09:41:17,231 [main] INFO  server.GrpcService (ConfUtils.java:logGet(43)) - raft.grpc.message.size.max = 33570816 (custom)
2019-10-15 09:41:17,231 [main] INFO  server.RaftServerConfigKeys (ConfUtils.java:logGet(43)) - raft.server.log.appender.buffer.byte-limit = 33554432 (custom)
2019-10-15 09:41:17,232 [main] INFO  server.GrpcService (ConfUtils.java:logGet(43)) - raft.grpc.flow.control.window = 1MB (=1048576) (default)
2019-10-15 09:41:17,232 [main] INFO  server.RaftServerConfigKeys (ConfUtils.java:logGet(43)) - raft.server.rpc.request.timeout = 3000ms (default)
2019-10-15 09:41:17,232 [main] INFO  server.RaftServerConfigKeys (ConfUtils.java:logGet(43)) - raft.server.storage.dir = [/workdir/hadoop-ozone/integration-test/target/test-dir/MiniOzoneClusterImpl-70a67178-95d0-485e-9f18-1ddbb1a0591f/datanode-4/data/ratis] (custom)
2019-10-15 09:41:17,234 [main] INFO  hdfs.DFSUtil (DFSUtil.java:httpServerTemplateForNNAndJN(1641)) - Starting Web-server for hddsDatanode at: http://0.0.0.0:0
2019-10-15 09:41:17,235 [main] INFO  server.AuthenticationFilter (AuthenticationFilter.java:constructSecretProvider(240)) - Unable to initialize FileSignerSecretProvider, falling back to use random secrets.
2019-10-15 09:41:17,236 [main] WARN  http.HttpRequestLog (HttpRequestLog.java:getRequestLog(97)) - Jetty request log can only be enabled using Log4j
2019-10-15 09:41:17,237 [main] INFO  http.HttpServer2 (HttpServer2.java:addGlobalFilter(975)) - Added global filter 'safety' (class=org.apache.hadoop.http.HttpServer2$QuotingInputFilter)
2019-10-15 09:41:17,238 [main] INFO  http.HttpServer2 (HttpServer2.java:addFilter(948)) - Added filter static_user_filter (class=org.apache.hadoop.http.lib.StaticUserWebFilter$StaticUserFilter) to context hddsDatanode
2019-10-15 09:41:17,238 [main] INFO  http.HttpServer2 (HttpServer2.java:addFilter(958)) - Added filter static_user_filter (class=org.apache.hadoop.http.lib.StaticUserWebFilter$StaticUserFilter) to context static
2019-10-15 09:41:17,238 [main] INFO  http.HttpServer2 (HttpServer2.java:addFilter(958)) - Added filter static_user_filter (class=org.apache.hadoop.http.lib.StaticUserWebFilter$StaticUserFilter) to context logs
2019-10-15 09:41:17,239 [main] INFO  http.HttpServer2 (HttpServer2.java:bindListener(1191)) - Jetty bound to port 40421
2019-10-15 09:41:17,239 [main] INFO  server.Server (Server.java:doStart(351)) - jetty-9.3.25.v20180904, build timestamp: 2018-09-04T21:11:46Z, git hash: 3ce520221d0240229c862b122d2b06c12a625732
2019-10-15 09:41:17,243 [main] INFO  handler.ContextHandler (ContextHandler.java:doStart(781)) - Started o.e.j.s.ServletContextHandler@4d21c56e{/logs,file:///workdir/hadoop-ozone/integration-test/target/log,AVAILABLE}
2019-10-15 09:41:17,243 [main] INFO  handler.ContextHandler (ContextHandler.java:doStart(781)) - Started o.e.j.s.ServletContextHandler@7100dea{/static,jar:file:/home/user/.m2/repository/org/apache/hadoop/hadoop-hdds-container-service/0.5.0-SNAPSHOT/hadoop-hdds-container-service-0.5.0-SNAPSHOT.jar!/webapps/static,AVAILABLE}
2019-10-15 09:41:17,273 [main] INFO  handler.ContextHandler (ContextHandler.java:doStart(781)) - Started o.e.j.w.WebAppContext@6b350309{/,file:///tmp/jetty-0.0.0.0-40421-hddsDatanode-_-any-2158018551818530246.dir/webapp/,AVAILABLE}{/hddsDatanode}
2019-10-15 09:41:17,273 [main] INFO  server.AbstractConnector (AbstractConnector.java:doStart(278)) - Started ServerConnector@7ecec90d{HTTP/1.1,[http/1.1]}{0.0.0.0:40421}
2019-10-15 09:41:17,274 [main] INFO  server.Server (Server.java:doStart(419)) - Started @5202ms
2019-10-15 09:41:17,274 [main] WARN  impl.MetricsSystemImpl (MetricsSystemImpl.java:register(276)) - Sink prometheus already exists!
2019-10-15 09:41:17,276 [main] INFO  server.BaseHttpServer (BaseHttpServer.java:updateConnectorAddress(215)) - HTTP server of HDDSDATANODE is listening at http://0.0.0.0:40421
2019-10-15 09:41:17,276 [main] INFO  impl.MetricsSystemImpl (MetricsSystemImpl.java:init(158)) - HddsDatanode metrics system started (again)
2019-10-15 09:41:17,281 [org.apache.hadoop.util.JvmPauseMonitor$Monitor@1eb13887] INFO  util.JvmPauseMonitor (JvmPauseMonitor.java:run(188)) - Starting JVM pause monitor
2019-10-15 09:41:17,281 [main] INFO  ozone.HddsDatanodeService (HddsDatanodeService.java:start(184)) - HddsDatanodeService host:dev-nightly-20191015-lc69l-4092513605 ip:192.168.69.65
2019-10-15 09:41:17,284 [Datanode State Machine Thread - 0] INFO  datanode.InitDatanodeState (InitDatanodeState.java:persistContainerDatanodeDetails(140)) - DatanodeDetails is persisted to /workdir/hadoop-ozone/integration-test/target/test-dir/MiniOzoneClusterImpl-70a67178-95d0-485e-9f18-1ddbb1a0591f/datanode-4/meta/datanode.id
2019-10-15 09:41:17,299 [main] INFO  volume.HddsVolume (HddsVolume.java:<init>(176)) - Creating Volume: /workdir/hadoop-ozone/integration-test/target/test-dir/MiniOzoneClusterImpl-70a67178-95d0-485e-9f18-1ddbb1a0591f/datanode-5/data/containers/hdds of  storage type : DISK and capacity : 1482555576320
2019-10-15 09:41:17,299 [main] INFO  volume.VolumeSet (VolumeSet.java:initializeVolumeSet(170)) - Added Volume : /workdir/hadoop-ozone/integration-test/target/test-dir/MiniOzoneClusterImpl-70a67178-95d0-485e-9f18-1ddbb1a0591f/datanode-5/data/containers/hdds to VolumeSet
2019-10-15 09:41:17,300 [main] INFO  volume.ThrottledAsyncChecker (ThrottledAsyncChecker.java:schedule(141)) - Scheduling a check for /workdir/hadoop-ozone/integration-test/target/test-dir/MiniOzoneClusterImpl-70a67178-95d0-485e-9f18-1ddbb1a0591f/datanode-5/data/containers/hdds
2019-10-15 09:41:17,300 [main] INFO  volume.HddsVolumeChecker (HddsVolumeChecker.java:checkAllVolumes(204)) - Scheduled health check for volume /workdir/hadoop-ozone/integration-test/target/test-dir/MiniOzoneClusterImpl-70a67178-95d0-485e-9f18-1ddbb1a0591f/datanode-5/data/containers/hdds
2019-10-15 09:41:17,322 [main] INFO  impl.RaftServerProxy (ConfUtils.java:logGet(43)) - raft.rpc.type = GRPC (default)
2019-10-15 09:41:17,322 [main] INFO  grpc.GrpcFactory (GrpcFactory.java:checkPooledByteBufAllocatorUseCacheForAllThreads(45)) - PERFORMANCE WARNING: useCacheForAllThreads is true that may cause Netty to create a lot garbage objects and, as a result, trigger GC.
	It is recommended to disable useCacheForAllThreads by setting -Dorg.apache.ratis.thirdparty.io.netty.allocator.useCacheForAllThreads=false in command line.
2019-10-15 09:41:17,323 [main] INFO  grpc.GrpcConfigKeys$Server (ConfUtils.java:logGet(43)) - raft.grpc.server.port = 0 (default)
2019-10-15 09:41:17,323 [main] INFO  server.GrpcService (ConfUtils.java:logGet(43)) - raft.grpc.message.size.max = 33570816 (custom)
2019-10-15 09:41:17,323 [main] INFO  server.RaftServerConfigKeys (ConfUtils.java:logGet(43)) - raft.server.log.appender.buffer.byte-limit = 33554432 (custom)
2019-10-15 09:41:17,324 [main] INFO  server.GrpcService (ConfUtils.java:logGet(43)) - raft.grpc.flow.control.window = 1MB (=1048576) (default)
2019-10-15 09:41:17,324 [main] INFO  server.RaftServerConfigKeys (ConfUtils.java:logGet(43)) - raft.server.rpc.request.timeout = 3000ms (default)
2019-10-15 09:41:17,325 [main] INFO  server.RaftServerConfigKeys (ConfUtils.java:logGet(43)) - raft.server.storage.dir = [/workdir/hadoop-ozone/integration-test/target/test-dir/MiniOzoneClusterImpl-70a67178-95d0-485e-9f18-1ddbb1a0591f/datanode-5/data/ratis] (custom)
2019-10-15 09:41:17,327 [main] INFO  hdfs.DFSUtil (DFSUtil.java:httpServerTemplateForNNAndJN(1641)) - Starting Web-server for hddsDatanode at: http://0.0.0.0:0
2019-10-15 09:41:17,329 [main] INFO  server.AuthenticationFilter (AuthenticationFilter.java:constructSecretProvider(240)) - Unable to initialize FileSignerSecretProvider, falling back to use random secrets.
2019-10-15 09:41:17,330 [main] WARN  http.HttpRequestLog (HttpRequestLog.java:getRequestLog(97)) - Jetty request log can only be enabled using Log4j
2019-10-15 09:41:17,332 [main] INFO  http.HttpServer2 (HttpServer2.java:addGlobalFilter(975)) - Added global filter 'safety' (class=org.apache.hadoop.http.HttpServer2$QuotingInputFilter)
2019-10-15 09:41:17,333 [main] INFO  http.HttpServer2 (HttpServer2.java:addFilter(948)) - Added filter static_user_filter (class=org.apache.hadoop.http.lib.StaticUserWebFilter$StaticUserFilter) to context hddsDatanode
2019-10-15 09:41:17,334 [main] INFO  http.HttpServer2 (HttpServer2.java:addFilter(958)) - Added filter static_user_filter (class=org.apache.hadoop.http.lib.StaticUserWebFilter$StaticUserFilter) to context logs
2019-10-15 09:41:17,334 [main] INFO  http.HttpServer2 (HttpServer2.java:addFilter(958)) - Added filter static_user_filter (class=org.apache.hadoop.http.lib.StaticUserWebFilter$StaticUserFilter) to context static
2019-10-15 09:41:17,335 [main] INFO  http.HttpServer2 (HttpServer2.java:bindListener(1191)) - Jetty bound to port 39733
2019-10-15 09:41:17,335 [main] INFO  server.Server (Server.java:doStart(351)) - jetty-9.3.25.v20180904, build timestamp: 2018-09-04T21:11:46Z, git hash: 3ce520221d0240229c862b122d2b06c12a625732
2019-10-15 09:41:17,338 [main] INFO  handler.ContextHandler (ContextHandler.java:doStart(781)) - Started o.e.j.s.ServletContextHandler@43af351a{/logs,file:///workdir/hadoop-ozone/integration-test/target/log,AVAILABLE}
2019-10-15 09:41:17,339 [main] INFO  handler.ContextHandler (ContextHandler.java:doStart(781)) - Started o.e.j.s.ServletContextHandler@72f9f27c{/static,jar:file:/home/user/.m2/repository/org/apache/hadoop/hadoop-hdds-container-service/0.5.0-SNAPSHOT/hadoop-hdds-container-service-0.5.0-SNAPSHOT.jar!/webapps/static,AVAILABLE}
2019-10-15 09:41:17,388 [main] INFO  handler.ContextHandler (ContextHandler.java:doStart(781)) - Started o.e.j.w.WebAppContext@56dfab87{/,file:///tmp/jetty-0.0.0.0-39733-hddsDatanode-_-any-6999231037761215856.dir/webapp/,AVAILABLE}{/hddsDatanode}
2019-10-15 09:41:17,388 [main] INFO  server.AbstractConnector (AbstractConnector.java:doStart(278)) - Started ServerConnector@715b886f{HTTP/1.1,[http/1.1]}{0.0.0.0:39733}
2019-10-15 09:41:17,389 [main] INFO  server.Server (Server.java:doStart(419)) - Started @5317ms
2019-10-15 09:41:17,391 [main] WARN  impl.MetricsSystemImpl (MetricsSystemImpl.java:register(276)) - Sink prometheus already exists!
2019-10-15 09:41:17,392 [main] INFO  server.BaseHttpServer (BaseHttpServer.java:updateConnectorAddress(215)) - HTTP server of HDDSDATANODE is listening at http://0.0.0.0:39733
2019-10-15 09:41:17,392 [main] INFO  impl.MetricsSystemImpl (MetricsSystemImpl.java:init(158)) - HddsDatanode metrics system started (again)
2019-10-15 09:41:17,397 [main] INFO  ozone.HddsDatanodeService (HddsDatanodeService.java:start(184)) - HddsDatanodeService host:dev-nightly-20191015-lc69l-4092513605 ip:192.168.69.65
2019-10-15 09:41:17,397 [org.apache.hadoop.util.JvmPauseMonitor$Monitor@52b6f714] INFO  util.JvmPauseMonitor (JvmPauseMonitor.java:run(188)) - Starting JVM pause monitor
2019-10-15 09:41:17,401 [Datanode State Machine Thread - 0] INFO  datanode.InitDatanodeState (InitDatanodeState.java:persistContainerDatanodeDetails(140)) - DatanodeDetails is persisted to /workdir/hadoop-ozone/integration-test/target/test-dir/MiniOzoneClusterImpl-70a67178-95d0-485e-9f18-1ddbb1a0591f/datanode-5/meta/datanode.id
2019-10-15 09:41:17,410 [main] INFO  volume.HddsVolume (HddsVolume.java:<init>(176)) - Creating Volume: /workdir/hadoop-ozone/integration-test/target/test-dir/MiniOzoneClusterImpl-70a67178-95d0-485e-9f18-1ddbb1a0591f/datanode-6/data/containers/hdds of  storage type : DISK and capacity : 1482555576320
2019-10-15 09:41:17,410 [main] INFO  volume.VolumeSet (VolumeSet.java:initializeVolumeSet(170)) - Added Volume : /workdir/hadoop-ozone/integration-test/target/test-dir/MiniOzoneClusterImpl-70a67178-95d0-485e-9f18-1ddbb1a0591f/datanode-6/data/containers/hdds to VolumeSet
2019-10-15 09:41:17,410 [main] INFO  volume.ThrottledAsyncChecker (ThrottledAsyncChecker.java:schedule(141)) - Scheduling a check for /workdir/hadoop-ozone/integration-test/target/test-dir/MiniOzoneClusterImpl-70a67178-95d0-485e-9f18-1ddbb1a0591f/datanode-6/data/containers/hdds
2019-10-15 09:41:17,411 [main] INFO  volume.HddsVolumeChecker (HddsVolumeChecker.java:checkAllVolumes(204)) - Scheduled health check for volume /workdir/hadoop-ozone/integration-test/target/test-dir/MiniOzoneClusterImpl-70a67178-95d0-485e-9f18-1ddbb1a0591f/datanode-6/data/containers/hdds
2019-10-15 09:41:17,435 [main] INFO  impl.RaftServerProxy (ConfUtils.java:logGet(43)) - raft.rpc.type = GRPC (default)
2019-10-15 09:41:17,435 [main] INFO  grpc.GrpcFactory (GrpcFactory.java:checkPooledByteBufAllocatorUseCacheForAllThreads(45)) - PERFORMANCE WARNING: useCacheForAllThreads is true that may cause Netty to create a lot garbage objects and, as a result, trigger GC.
	It is recommended to disable useCacheForAllThreads by setting -Dorg.apache.ratis.thirdparty.io.netty.allocator.useCacheForAllThreads=false in command line.
2019-10-15 09:41:17,436 [main] INFO  grpc.GrpcConfigKeys$Server (ConfUtils.java:logGet(43)) - raft.grpc.server.port = 0 (default)
2019-10-15 09:41:17,436 [main] INFO  server.GrpcService (ConfUtils.java:logGet(43)) - raft.grpc.message.size.max = 33570816 (custom)
2019-10-15 09:41:17,436 [main] INFO  server.RaftServerConfigKeys (ConfUtils.java:logGet(43)) - raft.server.log.appender.buffer.byte-limit = 33554432 (custom)
2019-10-15 09:41:17,437 [main] INFO  server.GrpcService (ConfUtils.java:logGet(43)) - raft.grpc.flow.control.window = 1MB (=1048576) (default)
2019-10-15 09:41:17,437 [main] INFO  server.RaftServerConfigKeys (ConfUtils.java:logGet(43)) - raft.server.rpc.request.timeout = 3000ms (default)
2019-10-15 09:41:17,438 [main] INFO  server.RaftServerConfigKeys (ConfUtils.java:logGet(43)) - raft.server.storage.dir = [/workdir/hadoop-ozone/integration-test/target/test-dir/MiniOzoneClusterImpl-70a67178-95d0-485e-9f18-1ddbb1a0591f/datanode-6/data/ratis] (custom)
2019-10-15 09:41:17,440 [main] INFO  hdfs.DFSUtil (DFSUtil.java:httpServerTemplateForNNAndJN(1641)) - Starting Web-server for hddsDatanode at: http://0.0.0.0:0
2019-10-15 09:41:17,442 [main] INFO  server.AuthenticationFilter (AuthenticationFilter.java:constructSecretProvider(240)) - Unable to initialize FileSignerSecretProvider, falling back to use random secrets.
2019-10-15 09:41:17,443 [main] WARN  http.HttpRequestLog (HttpRequestLog.java:getRequestLog(97)) - Jetty request log can only be enabled using Log4j
2019-10-15 09:41:17,446 [main] INFO  http.HttpServer2 (HttpServer2.java:addGlobalFilter(975)) - Added global filter 'safety' (class=org.apache.hadoop.http.HttpServer2$QuotingInputFilter)
2019-10-15 09:41:17,447 [main] INFO  http.HttpServer2 (HttpServer2.java:addFilter(948)) - Added filter static_user_filter (class=org.apache.hadoop.http.lib.StaticUserWebFilter$StaticUserFilter) to context hddsDatanode
2019-10-15 09:41:17,447 [main] INFO  http.HttpServer2 (HttpServer2.java:addFilter(958)) - Added filter static_user_filter (class=org.apache.hadoop.http.lib.StaticUserWebFilter$StaticUserFilter) to context logs
2019-10-15 09:41:17,448 [main] INFO  http.HttpServer2 (HttpServer2.java:addFilter(958)) - Added filter static_user_filter (class=org.apache.hadoop.http.lib.StaticUserWebFilter$StaticUserFilter) to context static
2019-10-15 09:41:17,449 [main] INFO  http.HttpServer2 (HttpServer2.java:bindListener(1191)) - Jetty bound to port 40240
2019-10-15 09:41:17,449 [main] INFO  server.Server (Server.java:doStart(351)) - jetty-9.3.25.v20180904, build timestamp: 2018-09-04T21:11:46Z, git hash: 3ce520221d0240229c862b122d2b06c12a625732
2019-10-15 09:41:17,452 [main] INFO  handler.ContextHandler (ContextHandler.java:doStart(781)) - Started o.e.j.s.ServletContextHandler@1457fde{/logs,file:///workdir/hadoop-ozone/integration-test/target/log,AVAILABLE}
2019-10-15 09:41:17,453 [main] INFO  handler.ContextHandler (ContextHandler.java:doStart(781)) - Started o.e.j.s.ServletContextHandler@17fa1336{/static,jar:file:/home/user/.m2/repository/org/apache/hadoop/hadoop-hdds-container-service/0.5.0-SNAPSHOT/hadoop-hdds-container-service-0.5.0-SNAPSHOT.jar!/webapps/static,AVAILABLE}
2019-10-15 09:41:17,499 [main] INFO  handler.ContextHandler (ContextHandler.java:doStart(781)) - Started o.e.j.w.WebAppContext@142213d5{/,file:///tmp/jetty-0.0.0.0-40240-hddsDatanode-_-any-6195705206226646402.dir/webapp/,AVAILABLE}{/hddsDatanode}
2019-10-15 09:41:17,500 [main] INFO  server.AbstractConnector (AbstractConnector.java:doStart(278)) - Started ServerConnector@934b52f{HTTP/1.1,[http/1.1]}{0.0.0.0:40240}
2019-10-15 09:41:17,501 [main] INFO  server.Server (Server.java:doStart(419)) - Started @5429ms
2019-10-15 09:41:17,502 [main] WARN  impl.MetricsSystemImpl (MetricsSystemImpl.java:register(276)) - Sink prometheus already exists!
2019-10-15 09:41:17,503 [main] INFO  server.BaseHttpServer (BaseHttpServer.java:updateConnectorAddress(215)) - HTTP server of HDDSDATANODE is listening at http://0.0.0.0:40240
2019-10-15 09:41:17,505 [main] INFO  ozone.MiniOzoneClusterImpl (MiniOzoneClusterImpl.java:lambda$waitForClusterToBeReady$0(147)) - Waiting for cluster to be ready. Got 0 of 7 DN Heartbeats.
2019-10-15 09:41:17,506 [org.apache.hadoop.util.JvmPauseMonitor$Monitor@c47ccea] INFO  util.JvmPauseMonitor (JvmPauseMonitor.java:run(188)) - Starting JVM pause monitor
2019-10-15 09:41:17,510 [Datanode State Machine Thread - 0] INFO  datanode.InitDatanodeState (InitDatanodeState.java:persistContainerDatanodeDetails(140)) - DatanodeDetails is persisted to /workdir/hadoop-ozone/integration-test/target/test-dir/MiniOzoneClusterImpl-70a67178-95d0-485e-9f18-1ddbb1a0591f/datanode-6/meta/datanode.id
2019-10-15 09:41:18,506 [main] INFO  ozone.MiniOzoneClusterImpl (MiniOzoneClusterImpl.java:lambda$waitForClusterToBeReady$0(147)) - Waiting for cluster to be ready. Got 0 of 7 DN Heartbeats.
2019-10-15 09:41:19,053 [Datanode State Machine Thread - 0] INFO  ozoneimpl.OzoneContainer (OzoneContainer.java:start(213)) - Attempting to start container services.
2019-10-15 09:41:19,053 [Datanode State Machine Thread - 0] INFO  ozoneimpl.OzoneContainer (OzoneContainer.java:start(213)) - Attempting to start container services.
2019-10-15 09:41:19,057 [Datanode State Machine Thread - 0] INFO  ozoneimpl.OzoneContainer (OzoneContainer.java:startContainerScrub(177)) - Background container scanner has been disabled.
2019-10-15 09:41:19,057 [Datanode State Machine Thread - 0] INFO  ozoneimpl.OzoneContainer (OzoneContainer.java:startContainerScrub(177)) - Background container scanner has been disabled.
2019-10-15 09:41:19,057 [Datanode State Machine Thread - 0] INFO  ratis.XceiverServerRatis (XceiverServerRatis.java:start(418)) - Starting XceiverServerRatis 09ef7beb-d26b-4bb2-9eab-5c6b1c3e87e8 at port 0
2019-10-15 09:41:19,057 [Datanode State Machine Thread - 0] INFO  ratis.XceiverServerRatis (XceiverServerRatis.java:start(418)) - Starting XceiverServerRatis bb67c28d-dfc7-4185-8b4c-289c745cf645 at port 0
2019-10-15 09:41:19,097 [Datanode State Machine Thread - 0] INFO  impl.RaftServerProxy (RaftServerProxy.java:lambda$start$3(299)) - bb67c28d-dfc7-4185-8b4c-289c745cf645: start RPC server
2019-10-15 09:41:19,097 [Datanode State Machine Thread - 0] INFO  impl.RaftServerProxy (RaftServerProxy.java:lambda$start$3(299)) - 09ef7beb-d26b-4bb2-9eab-5c6b1c3e87e8: start RPC server
2019-10-15 09:41:19,125 [Datanode State Machine Thread - 0] INFO  ozoneimpl.OzoneContainer (OzoneContainer.java:start(213)) - Attempting to start container services.
2019-10-15 09:41:19,130 [Datanode State Machine Thread - 0] INFO  ozoneimpl.OzoneContainer (OzoneContainer.java:startContainerScrub(177)) - Background container scanner has been disabled.
2019-10-15 09:41:19,131 [Datanode State Machine Thread - 0] INFO  ratis.XceiverServerRatis (XceiverServerRatis.java:start(418)) - Starting XceiverServerRatis 5a3415c8-2f62-4637-b9c8-288e591ec7fd at port 0
2019-10-15 09:41:19,141 [Datanode State Machine Thread - 0] INFO  impl.RaftServerProxy (RaftServerProxy.java:lambda$start$3(299)) - 5a3415c8-2f62-4637-b9c8-288e591ec7fd: start RPC server
2019-10-15 09:41:19,223 [Datanode State Machine Thread - 0] INFO  ozoneimpl.OzoneContainer (OzoneContainer.java:start(213)) - Attempting to start container services.
2019-10-15 09:41:19,227 [Datanode State Machine Thread - 0] INFO  ozoneimpl.OzoneContainer (OzoneContainer.java:startContainerScrub(177)) - Background container scanner has been disabled.
2019-10-15 09:41:19,227 [Datanode State Machine Thread - 0] INFO  ratis.XceiverServerRatis (XceiverServerRatis.java:start(418)) - Starting XceiverServerRatis 4a399a1d-79a2-4c5b-9d27-91ca6d638b74 at port 0
2019-10-15 09:41:19,243 [Datanode State Machine Thread - 0] INFO  impl.RaftServerProxy (RaftServerProxy.java:lambda$start$3(299)) - 4a399a1d-79a2-4c5b-9d27-91ca6d638b74: start RPC server
2019-10-15 09:41:19,253 [Datanode State Machine Thread - 0] INFO  server.GrpcService (GrpcService.java:startImpl(158)) - 4a399a1d-79a2-4c5b-9d27-91ca6d638b74: GrpcService started, listening on 0.0.0.0/0.0.0.0:36254
2019-10-15 09:41:19,253 [Datanode State Machine Thread - 0] INFO  server.GrpcService (GrpcService.java:startImpl(158)) - 09ef7beb-d26b-4bb2-9eab-5c6b1c3e87e8: GrpcService started, listening on 0.0.0.0/0.0.0.0:42336
2019-10-15 09:41:19,254 [Datanode State Machine Thread - 0] INFO  ratis.XceiverServerRatis (XceiverServerRatis.java:start(428)) - XceiverServerRatis 4a399a1d-79a2-4c5b-9d27-91ca6d638b74 is started using port 36254
2019-10-15 09:41:19,253 [Datanode State Machine Thread - 0] INFO  server.GrpcService (GrpcService.java:startImpl(158)) - bb67c28d-dfc7-4185-8b4c-289c745cf645: GrpcService started, listening on 0.0.0.0/0.0.0.0:45444
2019-10-15 09:41:19,253 [Datanode State Machine Thread - 0] INFO  server.GrpcService (GrpcService.java:startImpl(158)) - 5a3415c8-2f62-4637-b9c8-288e591ec7fd: GrpcService started, listening on 0.0.0.0/0.0.0.0:36157
2019-10-15 09:41:19,254 [Datanode State Machine Thread - 0] INFO  ratis.XceiverServerRatis (XceiverServerRatis.java:start(428)) - XceiverServerRatis bb67c28d-dfc7-4185-8b4c-289c745cf645 is started using port 45444
2019-10-15 09:41:19,254 [Datanode State Machine Thread - 0] INFO  ratis.XceiverServerRatis (XceiverServerRatis.java:start(428)) - XceiverServerRatis 09ef7beb-d26b-4bb2-9eab-5c6b1c3e87e8 is started using port 42336
2019-10-15 09:41:19,254 [Datanode State Machine Thread - 0] INFO  ratis.XceiverServerRatis (XceiverServerRatis.java:start(428)) - XceiverServerRatis 5a3415c8-2f62-4637-b9c8-288e591ec7fd is started using port 36157
2019-10-15 09:41:19,261 [Datanode State Machine Thread - 0] INFO  server.XceiverServerGrpc (XceiverServerGrpc.java:start(149)) - XceiverServerGrpc bb67c28d-dfc7-4185-8b4c-289c745cf645 is started using port 41970
2019-10-15 09:41:19,261 [Datanode State Machine Thread - 0] INFO  server.XceiverServerGrpc (XceiverServerGrpc.java:start(149)) - XceiverServerGrpc 5a3415c8-2f62-4637-b9c8-288e591ec7fd is started using port 38531
2019-10-15 09:41:19,261 [Datanode State Machine Thread - 0] INFO  server.XceiverServerGrpc (XceiverServerGrpc.java:start(149)) - XceiverServerGrpc 09ef7beb-d26b-4bb2-9eab-5c6b1c3e87e8 is started using port 40456
2019-10-15 09:41:19,261 [Datanode State Machine Thread - 0] INFO  server.XceiverServerGrpc (XceiverServerGrpc.java:start(149)) - XceiverServerGrpc 4a399a1d-79a2-4c5b-9d27-91ca6d638b74 is started using port 46018
2019-10-15 09:41:19,296 [Datanode State Machine Thread - 0] INFO  ozoneimpl.OzoneContainer (OzoneContainer.java:start(213)) - Attempting to start container services.
2019-10-15 09:41:19,297 [Datanode State Machine Thread - 0] INFO  ozoneimpl.OzoneContainer (OzoneContainer.java:startContainerScrub(177)) - Background container scanner has been disabled.
2019-10-15 09:41:19,297 [Datanode State Machine Thread - 0] INFO  ratis.XceiverServerRatis (XceiverServerRatis.java:start(418)) - Starting XceiverServerRatis 0ec0ad77-b494-4568-a61d-f3148840548b at port 0
2019-10-15 09:41:19,306 [Datanode State Machine Thread - 0] INFO  impl.RaftServerProxy (RaftServerProxy.java:lambda$start$3(299)) - 0ec0ad77-b494-4568-a61d-f3148840548b: start RPC server
2019-10-15 09:41:19,308 [Datanode State Machine Thread - 0] INFO  server.GrpcService (GrpcService.java:startImpl(158)) - 0ec0ad77-b494-4568-a61d-f3148840548b: GrpcService started, listening on 0.0.0.0/0.0.0.0:37008
2019-10-15 09:41:19,308 [Datanode State Machine Thread - 0] INFO  ratis.XceiverServerRatis (XceiverServerRatis.java:start(428)) - XceiverServerRatis 0ec0ad77-b494-4568-a61d-f3148840548b is started using port 37008
2019-10-15 09:41:19,310 [Datanode State Machine Thread - 0] INFO  server.XceiverServerGrpc (XceiverServerGrpc.java:start(149)) - XceiverServerGrpc 0ec0ad77-b494-4568-a61d-f3148840548b is started using port 36784
2019-10-15 09:41:19,423 [Datanode State Machine Thread - 0] INFO  ozoneimpl.OzoneContainer (OzoneContainer.java:start(213)) - Attempting to start container services.
2019-10-15 09:41:19,424 [Datanode State Machine Thread - 0] INFO  ozoneimpl.OzoneContainer (OzoneContainer.java:startContainerScrub(177)) - Background container scanner has been disabled.
2019-10-15 09:41:19,424 [Datanode State Machine Thread - 0] INFO  ratis.XceiverServerRatis (XceiverServerRatis.java:start(418)) - Starting XceiverServerRatis 8834960b-a489-4abc-804e-3f405938e0ba at port 0
2019-10-15 09:41:19,434 [Datanode State Machine Thread - 0] INFO  impl.RaftServerProxy (RaftServerProxy.java:lambda$start$3(299)) - 8834960b-a489-4abc-804e-3f405938e0ba: start RPC server
2019-10-15 09:41:19,438 [Datanode State Machine Thread - 0] INFO  server.GrpcService (GrpcService.java:startImpl(158)) - 8834960b-a489-4abc-804e-3f405938e0ba: GrpcService started, listening on 0.0.0.0/0.0.0.0:34330
2019-10-15 09:41:19,438 [Datanode State Machine Thread - 0] INFO  ratis.XceiverServerRatis (XceiverServerRatis.java:start(428)) - XceiverServerRatis 8834960b-a489-4abc-804e-3f405938e0ba is started using port 34330
2019-10-15 09:41:19,441 [Datanode State Machine Thread - 0] INFO  server.XceiverServerGrpc (XceiverServerGrpc.java:start(149)) - XceiverServerGrpc 8834960b-a489-4abc-804e-3f405938e0ba is started using port 37164
2019-10-15 09:41:19,506 [main] INFO  ozone.MiniOzoneClusterImpl (MiniOzoneClusterImpl.java:lambda$waitForClusterToBeReady$0(147)) - Waiting for cluster to be ready. Got 0 of 7 DN Heartbeats.
2019-10-15 09:41:19,524 [Datanode State Machine Thread - 0] INFO  ozoneimpl.OzoneContainer (OzoneContainer.java:start(213)) - Attempting to start container services.
2019-10-15 09:41:19,524 [Datanode State Machine Thread - 0] INFO  ozoneimpl.OzoneContainer (OzoneContainer.java:startContainerScrub(177)) - Background container scanner has been disabled.
2019-10-15 09:41:19,525 [Datanode State Machine Thread - 0] INFO  ratis.XceiverServerRatis (XceiverServerRatis.java:start(418)) - Starting XceiverServerRatis 53a86d64-027e-41d3-b3ab-7adf34bb34d8 at port 0
2019-10-15 09:41:19,539 [Datanode State Machine Thread - 0] INFO  impl.RaftServerProxy (RaftServerProxy.java:lambda$start$3(299)) - 53a86d64-027e-41d3-b3ab-7adf34bb34d8: start RPC server
2019-10-15 09:41:19,546 [Datanode State Machine Thread - 0] INFO  server.GrpcService (GrpcService.java:startImpl(158)) - 53a86d64-027e-41d3-b3ab-7adf34bb34d8: GrpcService started, listening on 0.0.0.0/0.0.0.0:33086
2019-10-15 09:41:19,547 [Datanode State Machine Thread - 0] INFO  ratis.XceiverServerRatis (XceiverServerRatis.java:start(428)) - XceiverServerRatis 53a86d64-027e-41d3-b3ab-7adf34bb34d8 is started using port 33086
2019-10-15 09:41:19,552 [Datanode State Machine Thread - 0] INFO  server.XceiverServerGrpc (XceiverServerGrpc.java:start(149)) - XceiverServerGrpc 53a86d64-027e-41d3-b3ab-7adf34bb34d8 is started using port 44427
2019-10-15 09:41:20,507 [main] INFO  ozone.MiniOzoneClusterImpl (MiniOzoneClusterImpl.java:lambda$waitForClusterToBeReady$0(147)) - Waiting for cluster to be ready. Got 0 of 7 DN Heartbeats.
2019-10-15 09:41:20,972 [IPC Server handler 0 on 42874] INFO  net.NetworkTopology (NetworkTopologyImpl.java:add(111)) - Added a new node: /default-rack/bb67c28d-dfc7-4185-8b4c-289c745cf645
2019-10-15 09:41:20,974 [IPC Server handler 0 on 42874] INFO  node.SCMNodeManager (SCMNodeManager.java:register(268)) - Registered Data node : bb67c28d-dfc7-4185-8b4c-289c745cf645{ip: 192.168.69.65, host: dev-nightly-20191015-lc69l-4092513605, networkLocation: /default-rack, certSerialId: null}
2019-10-15 09:41:20,977 [EventQueue-NodeRegistrationContainerReportForDataNodeSafeModeRule] INFO  safemode.SCMSafeModeManager (DataNodeSafeModeRule.java:process(71)) - SCM in safe mode. 1 DataNodes registered, 1 required.
2019-10-15 09:41:20,978 [EventQueue-NodeRegistrationContainerReportForDataNodeSafeModeRule] INFO  safemode.SCMSafeModeManager (SCMSafeModeManager.java:validateSafeModeExitRules(177)) - ScmSafeModeManager, all rules are successfully validated
2019-10-15 09:41:20,978 [EventQueue-NodeRegistrationContainerReportForDataNodeSafeModeRule] INFO  safemode.SCMSafeModeManager (SCMSafeModeManager.java:exitSafeMode(193)) - SCM exiting safe mode.
2019-10-15 09:41:21,011 [IPC Server handler 1 on 42874] INFO  net.NetworkTopology (NetworkTopologyImpl.java:add(111)) - Added a new node: /default-rack/09ef7beb-d26b-4bb2-9eab-5c6b1c3e87e8
2019-10-15 09:41:21,011 [IPC Server handler 1 on 42874] INFO  node.SCMNodeManager (SCMNodeManager.java:register(268)) - Registered Data node : 09ef7beb-d26b-4bb2-9eab-5c6b1c3e87e8{ip: 192.168.69.65, host: dev-nightly-20191015-lc69l-4092513605, networkLocation: /default-rack, certSerialId: null}
2019-10-15 09:41:21,112 [IPC Server handler 3 on 42874] INFO  net.NetworkTopology (NetworkTopologyImpl.java:add(111)) - Added a new node: /default-rack/5a3415c8-2f62-4637-b9c8-288e591ec7fd
2019-10-15 09:41:21,112 [IPC Server handler 3 on 42874] INFO  node.SCMNodeManager (SCMNodeManager.java:register(268)) - Registered Data node : 5a3415c8-2f62-4637-b9c8-288e591ec7fd{ip: 192.168.69.65, host: dev-nightly-20191015-lc69l-4092513605, networkLocation: /default-rack, certSerialId: null}
2019-10-15 09:41:21,209 [IPC Server handler 2 on 42874] INFO  net.NetworkTopology (NetworkTopologyImpl.java:add(111)) - Added a new node: /default-rack/4a399a1d-79a2-4c5b-9d27-91ca6d638b74
2019-10-15 09:41:21,209 [IPC Server handler 2 on 42874] INFO  node.SCMNodeManager (SCMNodeManager.java:register(268)) - Registered Data node : 4a399a1d-79a2-4c5b-9d27-91ca6d638b74{ip: 192.168.69.65, host: dev-nightly-20191015-lc69l-4092513605, networkLocation: /default-rack, certSerialId: null}
2019-10-15 09:41:21,284 [IPC Server handler 5 on 42874] INFO  net.NetworkTopology (NetworkTopologyImpl.java:add(111)) - Added a new node: /default-rack/0ec0ad77-b494-4568-a61d-f3148840548b
2019-10-15 09:41:21,285 [IPC Server handler 5 on 42874] INFO  node.SCMNodeManager (SCMNodeManager.java:register(268)) - Registered Data node : 0ec0ad77-b494-4568-a61d-f3148840548b{ip: 192.168.69.65, host: dev-nightly-20191015-lc69l-4092513605, networkLocation: /default-rack, certSerialId: null}
2019-10-15 09:41:21,402 [IPC Server handler 6 on 42874] INFO  net.NetworkTopology (NetworkTopologyImpl.java:add(111)) - Added a new node: /default-rack/8834960b-a489-4abc-804e-3f405938e0ba
2019-10-15 09:41:21,403 [IPC Server handler 6 on 42874] INFO  node.SCMNodeManager (SCMNodeManager.java:register(268)) - Registered Data node : 8834960b-a489-4abc-804e-3f405938e0ba{ip: 192.168.69.65, host: dev-nightly-20191015-lc69l-4092513605, networkLocation: /default-rack, certSerialId: null}
2019-10-15 09:41:21,508 [main] INFO  ozone.MiniOzoneClusterImpl (MiniOzoneClusterImpl.java:lambda$waitForClusterToBeReady$0(147)) - Waiting for cluster to be ready. Got 6 of 7 DN Heartbeats.
2019-10-15 09:41:21,511 [IPC Server handler 7 on 42874] INFO  net.NetworkTopology (NetworkTopologyImpl.java:add(111)) - Added a new node: /default-rack/53a86d64-027e-41d3-b3ab-7adf34bb34d8
2019-10-15 09:41:21,511 [IPC Server handler 7 on 42874] INFO  node.SCMNodeManager (SCMNodeManager.java:register(268)) - Registered Data node : 53a86d64-027e-41d3-b3ab-7adf34bb34d8{ip: 192.168.69.65, host: dev-nightly-20191015-lc69l-4092513605, networkLocation: /default-rack, certSerialId: null}
2019-10-15 09:41:21,511 [grpc-default-executor-0] INFO  impl.RaftServerProxy (RaftServerProxy.java:addNew(89)) - bb67c28d-dfc7-4185-8b4c-289c745cf645: addNew group-B6960C4CB0BE:[bb67c28d-dfc7-4185-8b4c-289c745cf645:192.168.69.65:45444] returns group-B6960C4CB0BE:java.util.concurrent.CompletableFuture@275d81c9[Not completed]
2019-10-15 09:41:21,532 [pool-27-thread-1] INFO  impl.RaftServerImpl (RaftServerImpl.java:<init>(95)) - bb67c28d-dfc7-4185-8b4c-289c745cf645: new RaftServerImpl for group-B6960C4CB0BE:[bb67c28d-dfc7-4185-8b4c-289c745cf645:192.168.69.65:45444] with ContainerStateMachine:uninitialized
2019-10-15 09:41:21,534 [pool-27-thread-1] INFO  server.RaftServerConfigKeys (ConfUtils.java:logGet(43)) - raft.server.rpc.timeout.min = 5s (custom)
2019-10-15 09:41:21,536 [pool-27-thread-1] INFO  server.RaftServerConfigKeys (ConfUtils.java:logGet(43)) - raft.server.rpc.timeout.max = 5200ms (custom)
2019-10-15 09:41:21,536 [pool-27-thread-1] INFO  server.RaftServerConfigKeys (ConfUtils.java:logGet(43)) - raft.server.rpcslowness.timeout = 120s (custom)
2019-10-15 09:41:21,537 [pool-27-thread-1] INFO  server.RaftServerConfigKeys (ConfUtils.java:logGet(43)) - raft.server.sleep.deviation.threshold = 300 (default)
2019-10-15 09:41:21,538 [pool-27-thread-1] INFO  server.RaftServerConfigKeys (ConfUtils.java:logGet(43)) - raft.server.log.appender.install.snapshot.enabled = false (custom)
2019-10-15 09:41:21,548 [pool-27-thread-1] INFO  impl.RaftServerImpl (ServerState.java:<init>(103)) - bb67c28d-dfc7-4185-8b4c-289c745cf645@group-B6960C4CB0BE: ConfigurationManager, init=-1: [bb67c28d-dfc7-4185-8b4c-289c745cf645:192.168.69.65:45444], old=null, confs=<EMPTY_MAP>
2019-10-15 09:41:21,548 [pool-27-thread-1] INFO  server.RaftServerConfigKeys (ConfUtils.java:logGet(43)) - raft.server.storage.dir = [/workdir/hadoop-ozone/integration-test/target/test-dir/MiniOzoneClusterImpl-70a67178-95d0-485e-9f18-1ddbb1a0591f/datanode-0/data/ratis] (custom)
2019-10-15 09:41:21,556 [pool-27-thread-1] INFO  server.RaftServerConfigKeys (ConfUtils.java:logGet(43)) - raft.server.log.corruption.policy = EXCEPTION (default)
2019-10-15 09:41:21,559 [pool-27-thread-1] INFO  storage.RaftStorageDirectory (RaftStorageDirectory.java:analyzeStorage(246)) - The storage directory /workdir/hadoop-ozone/integration-test/target/test-dir/MiniOzoneClusterImpl-70a67178-95d0-485e-9f18-1ddbb1a0591f/datanode-0/data/ratis/61c819b1-0c1f-4e39-b079-b6960c4cb0be does not exist. Creating ...
2019-10-15 09:41:21,589 [pool-27-thread-1] INFO  storage.RaftStorageDirectory (RaftStorageDirectory.java:tryLock(328)) - Lock on /workdir/hadoop-ozone/integration-test/target/test-dir/MiniOzoneClusterImpl-70a67178-95d0-485e-9f18-1ddbb1a0591f/datanode-0/data/ratis/61c819b1-0c1f-4e39-b079-b6960c4cb0be/in_use.lock acquired by nodename 13614@dev-nightly-20191015-lc69l-4092513605
2019-10-15 09:41:21,606 [pool-27-thread-1] INFO  storage.RaftStorage (RaftStorage.java:format(84)) - Storage directory /workdir/hadoop-ozone/integration-test/target/test-dir/MiniOzoneClusterImpl-70a67178-95d0-485e-9f18-1ddbb1a0591f/datanode-0/data/ratis/61c819b1-0c1f-4e39-b079-b6960c4cb0be has been successfully formatted.
2019-10-15 09:41:21,608 [pool-27-thread-1] INFO  ratis.ContainerStateMachine (ContainerStateMachine.java:loadSnapshot(231)) - group-B6960C4CB0BE: The snapshot info is null. Setting the last applied indexto:(t:0, i:~)
2019-10-15 09:41:21,609 [pool-27-thread-1] INFO  server.RaftServerConfigKeys (ConfUtils.java:logGet(43)) - raft.server.notification.no-leader.timeout = 120s (custom)
2019-10-15 09:41:21,611 [pool-27-thread-1] INFO  server.RaftServerConfigKeys (ConfUtils.java:logGet(43)) - raft.server.log.use.memory = false (default)
2019-10-15 09:41:21,616 [pool-27-thread-1] INFO  server.RaftServerConfigKeys (ConfUtils.java:logGet(43)) - raft.server.log.purge.gap = 1000000 (custom)
2019-10-15 09:41:21,616 [pool-27-thread-1] INFO  server.RaftServerConfigKeys (ConfUtils.java:logGet(43)) - raft.server.log.appender.buffer.byte-limit = 33554432 (custom)
2019-10-15 09:41:21,618 [pool-27-thread-1] INFO  server.RaftServerConfigKeys (ConfUtils.java:logGet(43)) - raft.server.log.segment.size.max = 1048576 (custom)
2019-10-15 09:41:21,620 [pool-27-thread-1] INFO  impl.MetricsSystemImpl (MetricsSystemImpl.java:init(158)) - ratis metrics system started (again)
2019-10-15 09:41:21,628 [pool-27-thread-1] INFO  metrics.MetricRegistries (MetricRegistriesLoader.java:load(64)) - Loaded MetricRegistries class org.apache.ratis.metrics.impl.MetricRegistriesImpl
2019-10-15 09:41:21,665 [pool-27-thread-1] INFO  server.RaftServerConfigKeys (ConfUtils.java:logGet(43)) - raft.server.log.segment.cache.num.max = 2 (custom)
2019-10-15 09:41:21,671 [pool-27-thread-1] INFO  segmented.SegmentedRaftLogWorker (SegmentedRaftLogWorker.java:<init>(173)) - new bb67c28d-dfc7-4185-8b4c-289c745cf645@group-B6960C4CB0BE-SegmentedRaftLogWorker for RaftStorage:Storage Directory /workdir/hadoop-ozone/integration-test/target/test-dir/MiniOzoneClusterImpl-70a67178-95d0-485e-9f18-1ddbb1a0591f/datanode-0/data/ratis/61c819b1-0c1f-4e39-b079-b6960c4cb0be
2019-10-15 09:41:21,671 [pool-27-thread-1] INFO  server.RaftServerConfigKeys (ConfUtils.java:logGet(43)) - raft.server.log.queue.byte-limit = 2147483647 (custom)
2019-10-15 09:41:21,671 [pool-27-thread-1] INFO  server.RaftServerConfigKeys (ConfUtils.java:logGet(43)) - raft.server.log.queue.element-limit = 1024 (custom)
2019-10-15 09:41:21,673 [pool-27-thread-1] INFO  server.RaftServerConfigKeys (ConfUtils.java:logGet(43)) - raft.server.log.segment.size.max = 1048576 (custom)
2019-10-15 09:41:21,673 [pool-27-thread-1] INFO  server.RaftServerConfigKeys (ConfUtils.java:logGet(43)) - raft.server.log.preallocated.size = 16384 (custom)
2019-10-15 09:41:21,673 [pool-27-thread-1] INFO  server.RaftServerConfigKeys (ConfUtils.java:logGet(43)) - raft.server.log.write.buffer.size = 33554432 (custom)
2019-10-15 09:41:21,674 [pool-27-thread-1] INFO  server.RaftServerConfigKeys (ConfUtils.java:logGet(43)) - raft.server.log.force.sync.num = 128 (default)
2019-10-15 09:41:21,675 [pool-27-thread-1] INFO  server.RaftServerConfigKeys (ConfUtils.java:logGet(43)) - raft.server.log.statemachine.data.sync = true (default)
2019-10-15 09:41:21,675 [pool-27-thread-1] INFO  server.RaftServerConfigKeys (ConfUtils.java:logGet(43)) - raft.server.log.statemachine.data.sync.timeout = 10s (default)
2019-10-15 09:41:21,675 [pool-27-thread-1] INFO  server.RaftServerConfigKeys (ConfUtils.java:logGet(43)) - raft.server.log.statemachine.data.sync.timeout.retry = -1 (default)
2019-10-15 09:41:21,686 [pool-27-thread-1] INFO  server.RaftServerConfigKeys (ConfUtils.java:logGet(43)) - raft.server.log.statemachine.data.caching.enabled = true (custom)
2019-10-15 09:41:21,691 [pool-27-thread-1] INFO  segmented.SegmentedRaftLogWorker (SegmentedRaftLogWorker.java:lambda$new$0(128)) - bb67c28d-dfc7-4185-8b4c-289c745cf645@group-B6960C4CB0BE-SegmentedRaftLogWorker: flushIndex: setUnconditionally 0 -> -1
2019-10-15 09:41:21,695 [pool-27-thread-1] INFO  server.RaftServerConfigKeys (ConfUtils.java:logGet(43)) - raft.server.snapshot.auto.trigger.enabled = true (custom)
2019-10-15 09:41:21,696 [pool-27-thread-1] INFO  server.RaftServerConfigKeys (ConfUtils.java:logGet(43)) - raft.server.snapshot.auto.trigger.threshold = 10000 (custom)
2019-10-15 09:41:21,696 [pool-27-thread-1] INFO  server.RaftServerConfigKeys (ConfUtils.java:logGet(43)) - raft.server.snapshot.retention.file.num = 5 (custom)
2019-10-15 09:41:21,697 [pool-27-thread-1] INFO  server.RaftServerConfigKeys (ConfUtils.java:logGet(43)) - raft.server.retrycache.expirytime = 600000ms (custom)
2019-10-15 09:41:21,721 [pool-27-thread-1] INFO  impl.RaftServerImpl (RaftServerImpl.java:start(181)) - bb67c28d-dfc7-4185-8b4c-289c745cf645@group-B6960C4CB0BE: start as a follower, conf=-1: [bb67c28d-dfc7-4185-8b4c-289c745cf645:192.168.69.65:45444], old=null
2019-10-15 09:41:21,722 [pool-27-thread-1] INFO  impl.RaftServerImpl (RaftServerImpl.java:setRole(170)) - bb67c28d-dfc7-4185-8b4c-289c745cf645@group-B6960C4CB0BE: changes role from      null to FOLLOWER at term 0 for startAsFollower
2019-10-15 09:41:21,723 [pool-27-thread-1] INFO  impl.RoleInfo (RoleInfo.java:updateAndGet(143)) - bb67c28d-dfc7-4185-8b4c-289c745cf645: start FollowerState
2019-10-15 09:41:21,725 [pool-27-thread-1] INFO  util.JmxRegister (JmxRegister.java:tryRegister(44)) - Successfully registered JMX Bean with object name Ratis:service=RaftServer,group=group-B6960C4CB0BE,id=bb67c28d-dfc7-4185-8b4c-289c745cf645
2019-10-15 09:41:21,796 [RatisPipelineUtilsThread] INFO  pipeline.PipelineStateManager (PipelineStateManager.java:addPipeline(56)) - Created pipeline Pipeline[ Id: 61c819b1-0c1f-4e39-b079-b6960c4cb0be, Nodes: bb67c28d-dfc7-4185-8b4c-289c745cf645{ip: 192.168.69.65, host: dev-nightly-20191015-lc69l-4092513605, networkLocation: /default-rack, certSerialId: null}, Type:RATIS, Factor:ONE, State:OPEN]
2019-10-15 09:41:21,821 [grpc-default-executor-1] INFO  impl.RaftServerProxy (RaftServerProxy.java:addNew(89)) - 8834960b-a489-4abc-804e-3f405938e0ba: addNew group-E6229D04C1E0:[8834960b-a489-4abc-804e-3f405938e0ba:192.168.69.65:34330] returns group-E6229D04C1E0:java.util.concurrent.CompletableFuture@14d76c27[Not completed]
2019-10-15 09:41:21,860 [pool-77-thread-1] INFO  impl.RaftServerImpl (RaftServerImpl.java:<init>(95)) - 8834960b-a489-4abc-804e-3f405938e0ba: new RaftServerImpl for group-E6229D04C1E0:[8834960b-a489-4abc-804e-3f405938e0ba:192.168.69.65:34330] with ContainerStateMachine:uninitialized
2019-10-15 09:41:21,861 [pool-77-thread-1] INFO  server.RaftServerConfigKeys (ConfUtils.java:logGet(43)) - raft.server.rpc.timeout.min = 5s (custom)
2019-10-15 09:41:21,861 [pool-77-thread-1] INFO  server.RaftServerConfigKeys (ConfUtils.java:logGet(43)) - raft.server.rpc.timeout.max = 5200ms (custom)
2019-10-15 09:41:21,861 [pool-77-thread-1] INFO  server.RaftServerConfigKeys (ConfUtils.java:logGet(43)) - raft.server.rpcslowness.timeout = 120s (custom)
2019-10-15 09:41:21,862 [pool-77-thread-1] INFO  server.RaftServerConfigKeys (ConfUtils.java:logGet(43)) - raft.server.sleep.deviation.threshold = 300 (default)
2019-10-15 09:41:21,862 [pool-77-thread-1] INFO  server.RaftServerConfigKeys (ConfUtils.java:logGet(43)) - raft.server.log.appender.install.snapshot.enabled = false (custom)
2019-10-15 09:41:21,862 [pool-77-thread-1] INFO  impl.RaftServerImpl (ServerState.java:<init>(103)) - 8834960b-a489-4abc-804e-3f405938e0ba@group-E6229D04C1E0: ConfigurationManager, init=-1: [8834960b-a489-4abc-804e-3f405938e0ba:192.168.69.65:34330], old=null, confs=<EMPTY_MAP>
2019-10-15 09:41:21,862 [pool-77-thread-1] INFO  server.RaftServerConfigKeys (ConfUtils.java:logGet(43)) - raft.server.storage.dir = [/workdir/hadoop-ozone/integration-test/target/test-dir/MiniOzoneClusterImpl-70a67178-95d0-485e-9f18-1ddbb1a0591f/datanode-5/data/ratis] (custom)
2019-10-15 09:41:21,863 [pool-77-thread-1] INFO  server.RaftServerConfigKeys (ConfUtils.java:logGet(43)) - raft.server.log.corruption.policy = EXCEPTION (default)
2019-10-15 09:41:21,863 [pool-77-thread-1] INFO  storage.RaftStorageDirectory (RaftStorageDirectory.java:analyzeStorage(246)) - The storage directory /workdir/hadoop-ozone/integration-test/target/test-dir/MiniOzoneClusterImpl-70a67178-95d0-485e-9f18-1ddbb1a0591f/datanode-5/data/ratis/287e3e71-bbbe-4baa-be70-e6229d04c1e0 does not exist. Creating ...
2019-10-15 09:41:21,872 [pool-77-thread-1] INFO  storage.RaftStorageDirectory (RaftStorageDirectory.java:tryLock(328)) - Lock on /workdir/hadoop-ozone/integration-test/target/test-dir/MiniOzoneClusterImpl-70a67178-95d0-485e-9f18-1ddbb1a0591f/datanode-5/data/ratis/287e3e71-bbbe-4baa-be70-e6229d04c1e0/in_use.lock acquired by nodename 13614@dev-nightly-20191015-lc69l-4092513605
2019-10-15 09:41:21,885 [pool-77-thread-1] INFO  storage.RaftStorage (RaftStorage.java:format(84)) - Storage directory /workdir/hadoop-ozone/integration-test/target/test-dir/MiniOzoneClusterImpl-70a67178-95d0-485e-9f18-1ddbb1a0591f/datanode-5/data/ratis/287e3e71-bbbe-4baa-be70-e6229d04c1e0 has been successfully formatted.
2019-10-15 09:41:21,886 [pool-77-thread-1] INFO  ratis.ContainerStateMachine (ContainerStateMachine.java:loadSnapshot(231)) - group-E6229D04C1E0: The snapshot info is null. Setting the last applied indexto:(t:0, i:~)
2019-10-15 09:41:21,887 [pool-77-thread-1] INFO  server.RaftServerConfigKeys (ConfUtils.java:logGet(43)) - raft.server.notification.no-leader.timeout = 120s (custom)
2019-10-15 09:41:21,887 [pool-77-thread-1] INFO  server.RaftServerConfigKeys (ConfUtils.java:logGet(43)) - raft.server.log.use.memory = false (default)
2019-10-15 09:41:21,888 [pool-77-thread-1] INFO  server.RaftServerConfigKeys (ConfUtils.java:logGet(43)) - raft.server.log.purge.gap = 1000000 (custom)
2019-10-15 09:41:21,888 [pool-77-thread-1] INFO  server.RaftServerConfigKeys (ConfUtils.java:logGet(43)) - raft.server.log.appender.buffer.byte-limit = 33554432 (custom)
2019-10-15 09:41:21,888 [pool-77-thread-1] INFO  server.RaftServerConfigKeys (ConfUtils.java:logGet(43)) - raft.server.log.segment.size.max = 1048576 (custom)
2019-10-15 09:41:21,894 [pool-77-thread-1] INFO  server.RaftServerConfigKeys (ConfUtils.java:logGet(43)) - raft.server.log.segment.cache.num.max = 2 (custom)
2019-10-15 09:41:21,894 [pool-77-thread-1] INFO  segmented.SegmentedRaftLogWorker (SegmentedRaftLogWorker.java:<init>(173)) - new 8834960b-a489-4abc-804e-3f405938e0ba@group-E6229D04C1E0-SegmentedRaftLogWorker for RaftStorage:Storage Directory /workdir/hadoop-ozone/integration-test/target/test-dir/MiniOzoneClusterImpl-70a67178-95d0-485e-9f18-1ddbb1a0591f/datanode-5/data/ratis/287e3e71-bbbe-4baa-be70-e6229d04c1e0
2019-10-15 09:41:21,895 [pool-77-thread-1] INFO  server.RaftServerConfigKeys (ConfUtils.java:logGet(43)) - raft.server.log.queue.byte-limit = 2147483647 (custom)
2019-10-15 09:41:21,895 [pool-77-thread-1] INFO  server.RaftServerConfigKeys (ConfUtils.java:logGet(43)) - raft.server.log.queue.element-limit = 1024 (custom)
2019-10-15 09:41:21,895 [pool-77-thread-1] INFO  server.RaftServerConfigKeys (ConfUtils.java:logGet(43)) - raft.server.log.segment.size.max = 1048576 (custom)
2019-10-15 09:41:21,895 [pool-77-thread-1] INFO  server.RaftServerConfigKeys (ConfUtils.java:logGet(43)) - raft.server.log.preallocated.size = 16384 (custom)
2019-10-15 09:41:21,896 [pool-77-thread-1] INFO  server.RaftServerConfigKeys (ConfUtils.java:logGet(43)) - raft.server.log.write.buffer.size = 33554432 (custom)
2019-10-15 09:41:21,896 [pool-77-thread-1] INFO  server.RaftServerConfigKeys (ConfUtils.java:logGet(43)) - raft.server.log.force.sync.num = 128 (default)
2019-10-15 09:41:21,896 [pool-77-thread-1] INFO  server.RaftServerConfigKeys (ConfUtils.java:logGet(43)) - raft.server.log.statemachine.data.sync = true (default)
2019-10-15 09:41:21,896 [pool-77-thread-1] INFO  server.RaftServerConfigKeys (ConfUtils.java:logGet(43)) - raft.server.log.statemachine.data.sync.timeout = 10s (default)
2019-10-15 09:41:21,896 [pool-77-thread-1] INFO  server.RaftServerConfigKeys (ConfUtils.java:logGet(43)) - raft.server.log.statemachine.data.sync.timeout.retry = -1 (default)
2019-10-15 09:41:21,897 [pool-77-thread-1] INFO  server.RaftServerConfigKeys (ConfUtils.java:logGet(43)) - raft.server.log.statemachine.data.caching.enabled = true (custom)
2019-10-15 09:41:21,897 [pool-77-thread-1] INFO  segmented.SegmentedRaftLogWorker (SegmentedRaftLogWorker.java:lambda$new$0(128)) - 8834960b-a489-4abc-804e-3f405938e0ba@group-E6229D04C1E0-SegmentedRaftLogWorker: flushIndex: setUnconditionally 0 -> -1
2019-10-15 09:41:21,898 [pool-77-thread-1] INFO  server.RaftServerConfigKeys (ConfUtils.java:logGet(43)) - raft.server.snapshot.auto.trigger.enabled = true (custom)
2019-10-15 09:41:21,898 [pool-77-thread-1] INFO  server.RaftServerConfigKeys (ConfUtils.java:logGet(43)) - raft.server.snapshot.auto.trigger.threshold = 10000 (custom)
2019-10-15 09:41:21,898 [pool-77-thread-1] INFO  server.RaftServerConfigKeys (ConfUtils.java:logGet(43)) - raft.server.snapshot.retention.file.num = 5 (custom)
2019-10-15 09:41:21,898 [pool-77-thread-1] INFO  server.RaftServerConfigKeys (ConfUtils.java:logGet(43)) - raft.server.retrycache.expirytime = 600000ms (custom)
2019-10-15 09:41:21,904 [pool-77-thread-1] INFO  impl.RaftServerImpl (RaftServerImpl.java:start(181)) - 8834960b-a489-4abc-804e-3f405938e0ba@group-E6229D04C1E0: start as a follower, conf=-1: [8834960b-a489-4abc-804e-3f405938e0ba:192.168.69.65:34330], old=null
2019-10-15 09:41:21,904 [pool-77-thread-1] INFO  impl.RaftServerImpl (RaftServerImpl.java:setRole(170)) - 8834960b-a489-4abc-804e-3f405938e0ba@group-E6229D04C1E0: changes role from      null to FOLLOWER at term 0 for startAsFollower
2019-10-15 09:41:21,904 [pool-77-thread-1] INFO  impl.RoleInfo (RoleInfo.java:updateAndGet(143)) - 8834960b-a489-4abc-804e-3f405938e0ba: start FollowerState
2019-10-15 09:41:21,905 [pool-77-thread-1] INFO  util.JmxRegister (JmxRegister.java:tryRegister(44)) - Successfully registered JMX Bean with object name Ratis:service=RaftServer,group=group-E6229D04C1E0,id=8834960b-a489-4abc-804e-3f405938e0ba
2019-10-15 09:41:21,925 [RatisPipelineUtilsThread] INFO  pipeline.PipelineStateManager (PipelineStateManager.java:addPipeline(56)) - Created pipeline Pipeline[ Id: 287e3e71-bbbe-4baa-be70-e6229d04c1e0, Nodes: 8834960b-a489-4abc-804e-3f405938e0ba{ip: 192.168.69.65, host: dev-nightly-20191015-lc69l-4092513605, networkLocation: /default-rack, certSerialId: null}, Type:RATIS, Factor:ONE, State:OPEN]
2019-10-15 09:41:21,947 [grpc-default-executor-1] INFO  impl.RaftServerProxy (RaftServerProxy.java:addNew(89)) - 53a86d64-027e-41d3-b3ab-7adf34bb34d8: addNew group-9EBABD1C1DD8:[53a86d64-027e-41d3-b3ab-7adf34bb34d8:192.168.69.65:33086] returns group-9EBABD1C1DD8:java.util.concurrent.CompletableFuture@4becdd8d[Not completed]
2019-10-15 09:41:21,973 [pool-87-thread-1] INFO  impl.RaftServerImpl (RaftServerImpl.java:<init>(95)) - 53a86d64-027e-41d3-b3ab-7adf34bb34d8: new RaftServerImpl for group-9EBABD1C1DD8:[53a86d64-027e-41d3-b3ab-7adf34bb34d8:192.168.69.65:33086] with ContainerStateMachine:uninitialized
2019-10-15 09:41:21,973 [pool-87-thread-1] INFO  server.RaftServerConfigKeys (ConfUtils.java:logGet(43)) - raft.server.rpc.timeout.min = 5s (custom)
2019-10-15 09:41:21,973 [pool-87-thread-1] INFO  server.RaftServerConfigKeys (ConfUtils.java:logGet(43)) - raft.server.rpc.timeout.max = 5200ms (custom)
2019-10-15 09:41:21,973 [pool-87-thread-1] INFO  server.RaftServerConfigKeys (ConfUtils.java:logGet(43)) - raft.server.rpcslowness.timeout = 120s (custom)
2019-10-15 09:41:21,973 [pool-87-thread-1] INFO  server.RaftServerConfigKeys (ConfUtils.java:logGet(43)) - raft.server.sleep.deviation.threshold = 300 (default)
2019-10-15 09:41:21,973 [pool-87-thread-1] INFO  server.RaftServerConfigKeys (ConfUtils.java:logGet(43)) - raft.server.log.appender.install.snapshot.enabled = false (custom)
2019-10-15 09:41:21,974 [pool-87-thread-1] INFO  impl.RaftServerImpl (ServerState.java:<init>(103)) - 53a86d64-027e-41d3-b3ab-7adf34bb34d8@group-9EBABD1C1DD8: ConfigurationManager, init=-1: [53a86d64-027e-41d3-b3ab-7adf34bb34d8:192.168.69.65:33086], old=null, confs=<EMPTY_MAP>
2019-10-15 09:41:21,974 [pool-87-thread-1] INFO  server.RaftServerConfigKeys (ConfUtils.java:logGet(43)) - raft.server.storage.dir = [/workdir/hadoop-ozone/integration-test/target/test-dir/MiniOzoneClusterImpl-70a67178-95d0-485e-9f18-1ddbb1a0591f/datanode-6/data/ratis] (custom)
2019-10-15 09:41:21,974 [pool-87-thread-1] INFO  server.RaftServerConfigKeys (ConfUtils.java:logGet(43)) - raft.server.log.corruption.policy = EXCEPTION (default)
2019-10-15 09:41:21,975 [pool-87-thread-1] INFO  storage.RaftStorageDirectory (RaftStorageDirectory.java:analyzeStorage(246)) - The storage directory /workdir/hadoop-ozone/integration-test/target/test-dir/MiniOzoneClusterImpl-70a67178-95d0-485e-9f18-1ddbb1a0591f/datanode-6/data/ratis/a231d606-0c6b-4383-8380-9ebabd1c1dd8 does not exist. Creating ...
2019-10-15 09:41:21,999 [pool-87-thread-1] INFO  storage.RaftStorageDirectory (RaftStorageDirectory.java:tryLock(328)) - Lock on /workdir/hadoop-ozone/integration-test/target/test-dir/MiniOzoneClusterImpl-70a67178-95d0-485e-9f18-1ddbb1a0591f/datanode-6/data/ratis/a231d606-0c6b-4383-8380-9ebabd1c1dd8/in_use.lock acquired by nodename 13614@dev-nightly-20191015-lc69l-4092513605
2019-10-15 09:41:22,013 [pool-87-thread-1] INFO  storage.RaftStorage (RaftStorage.java:format(84)) - Storage directory /workdir/hadoop-ozone/integration-test/target/test-dir/MiniOzoneClusterImpl-70a67178-95d0-485e-9f18-1ddbb1a0591f/datanode-6/data/ratis/a231d606-0c6b-4383-8380-9ebabd1c1dd8 has been successfully formatted.
2019-10-15 09:41:22,013 [pool-87-thread-1] INFO  ratis.ContainerStateMachine (ContainerStateMachine.java:loadSnapshot(231)) - group-9EBABD1C1DD8: The snapshot info is null. Setting the last applied indexto:(t:0, i:~)
2019-10-15 09:41:22,013 [pool-87-thread-1] INFO  server.RaftServerConfigKeys (ConfUtils.java:logGet(43)) - raft.server.notification.no-leader.timeout = 120s (custom)
2019-10-15 09:41:22,014 [pool-87-thread-1] INFO  server.RaftServerConfigKeys (ConfUtils.java:logGet(43)) - raft.server.log.use.memory = false (default)
2019-10-15 09:41:22,014 [pool-87-thread-1] INFO  server.RaftServerConfigKeys (ConfUtils.java:logGet(43)) - raft.server.log.purge.gap = 1000000 (custom)
2019-10-15 09:41:22,014 [pool-87-thread-1] INFO  server.RaftServerConfigKeys (ConfUtils.java:logGet(43)) - raft.server.log.appender.buffer.byte-limit = 33554432 (custom)
2019-10-15 09:41:22,014 [pool-87-thread-1] INFO  server.RaftServerConfigKeys (ConfUtils.java:logGet(43)) - raft.server.log.segment.size.max = 1048576 (custom)
2019-10-15 09:41:22,042 [pool-87-thread-1] INFO  server.RaftServerConfigKeys (ConfUtils.java:logGet(43)) - raft.server.log.segment.cache.num.max = 2 (custom)
2019-10-15 09:41:22,042 [pool-87-thread-1] INFO  segmented.SegmentedRaftLogWorker (SegmentedRaftLogWorker.java:<init>(173)) - new 53a86d64-027e-41d3-b3ab-7adf34bb34d8@group-9EBABD1C1DD8-SegmentedRaftLogWorker for RaftStorage:Storage Directory /workdir/hadoop-ozone/integration-test/target/test-dir/MiniOzoneClusterImpl-70a67178-95d0-485e-9f18-1ddbb1a0591f/datanode-6/data/ratis/a231d606-0c6b-4383-8380-9ebabd1c1dd8
2019-10-15 09:41:22,042 [pool-87-thread-1] INFO  server.RaftServerConfigKeys (ConfUtils.java:logGet(43)) - raft.server.log.queue.byte-limit = 2147483647 (custom)
2019-10-15 09:41:22,042 [pool-87-thread-1] INFO  server.RaftServerConfigKeys (ConfUtils.java:logGet(43)) - raft.server.log.queue.element-limit = 1024 (custom)
2019-10-15 09:41:22,042 [pool-87-thread-1] INFO  server.RaftServerConfigKeys (ConfUtils.java:logGet(43)) - raft.server.log.segment.size.max = 1048576 (custom)
2019-10-15 09:41:22,043 [pool-87-thread-1] INFO  server.RaftServerConfigKeys (ConfUtils.java:logGet(43)) - raft.server.log.preallocated.size = 16384 (custom)
2019-10-15 09:41:22,043 [pool-87-thread-1] INFO  server.RaftServerConfigKeys (ConfUtils.java:logGet(43)) - raft.server.log.write.buffer.size = 33554432 (custom)
2019-10-15 09:41:22,043 [pool-87-thread-1] INFO  server.RaftServerConfigKeys (ConfUtils.java:logGet(43)) - raft.server.log.force.sync.num = 128 (default)
2019-10-15 09:41:22,043 [pool-87-thread-1] INFO  server.RaftServerConfigKeys (ConfUtils.java:logGet(43)) - raft.server.log.statemachine.data.sync = true (default)
2019-10-15 09:41:22,043 [pool-87-thread-1] INFO  server.RaftServerConfigKeys (ConfUtils.java:logGet(43)) - raft.server.log.statemachine.data.sync.timeout = 10s (default)
2019-10-15 09:41:22,043 [pool-87-thread-1] INFO  server.RaftServerConfigKeys (ConfUtils.java:logGet(43)) - raft.server.log.statemachine.data.sync.timeout.retry = -1 (default)
2019-10-15 09:41:22,044 [pool-87-thread-1] INFO  server.RaftServerConfigKeys (ConfUtils.java:logGet(43)) - raft.server.log.statemachine.data.caching.enabled = true (custom)
2019-10-15 09:41:22,044 [pool-87-thread-1] INFO  segmented.SegmentedRaftLogWorker (SegmentedRaftLogWorker.java:lambda$new$0(128)) - 53a86d64-027e-41d3-b3ab-7adf34bb34d8@group-9EBABD1C1DD8-SegmentedRaftLogWorker: flushIndex: setUnconditionally 0 -> -1
2019-10-15 09:41:22,045 [pool-87-thread-1] INFO  server.RaftServerConfigKeys (ConfUtils.java:logGet(43)) - raft.server.snapshot.auto.trigger.enabled = true (custom)
2019-10-15 09:41:22,045 [pool-87-thread-1] INFO  server.RaftServerConfigKeys (ConfUtils.java:logGet(43)) - raft.server.snapshot.auto.trigger.threshold = 10000 (custom)
2019-10-15 09:41:22,045 [pool-87-thread-1] INFO  server.RaftServerConfigKeys (ConfUtils.java:logGet(43)) - raft.server.snapshot.retention.file.num = 5 (custom)
2019-10-15 09:41:22,045 [pool-87-thread-1] INFO  server.RaftServerConfigKeys (ConfUtils.java:logGet(43)) - raft.server.retrycache.expirytime = 600000ms (custom)
2019-10-15 09:41:22,049 [pool-87-thread-1] INFO  impl.RaftServerImpl (RaftServerImpl.java:start(181)) - 53a86d64-027e-41d3-b3ab-7adf34bb34d8@group-9EBABD1C1DD8: start as a follower, conf=-1: [53a86d64-027e-41d3-b3ab-7adf34bb34d8:192.168.69.65:33086], old=null
2019-10-15 09:41:22,049 [pool-87-thread-1] INFO  impl.RaftServerImpl (RaftServerImpl.java:setRole(170)) - 53a86d64-027e-41d3-b3ab-7adf34bb34d8@group-9EBABD1C1DD8: changes role from      null to FOLLOWER at term 0 for startAsFollower
2019-10-15 09:41:22,050 [pool-87-thread-1] INFO  impl.RoleInfo (RoleInfo.java:updateAndGet(143)) - 53a86d64-027e-41d3-b3ab-7adf34bb34d8: start FollowerState
2019-10-15 09:41:22,050 [pool-87-thread-1] INFO  util.JmxRegister (JmxRegister.java:tryRegister(44)) - Successfully registered JMX Bean with object name Ratis:service=RaftServer,group=group-9EBABD1C1DD8,id=53a86d64-027e-41d3-b3ab-7adf34bb34d8
2019-10-15 09:41:22,065 [RatisPipelineUtilsThread] INFO  pipeline.PipelineStateManager (PipelineStateManager.java:addPipeline(56)) - Created pipeline Pipeline[ Id: a231d606-0c6b-4383-8380-9ebabd1c1dd8, Nodes: 53a86d64-027e-41d3-b3ab-7adf34bb34d8{ip: 192.168.69.65, host: dev-nightly-20191015-lc69l-4092513605, networkLocation: /default-rack, certSerialId: null}, Type:RATIS, Factor:ONE, State:OPEN]
2019-10-15 09:41:22,085 [grpc-default-executor-1] INFO  impl.RaftServerProxy (RaftServerProxy.java:addNew(89)) - 4a399a1d-79a2-4c5b-9d27-91ca6d638b74: addNew group-BAA99CEB78F0:[4a399a1d-79a2-4c5b-9d27-91ca6d638b74:192.168.69.65:36254] returns group-BAA99CEB78F0:java.util.concurrent.CompletableFuture@35c59953[Not completed]
2019-10-15 09:41:22,088 [pool-57-thread-1] INFO  impl.RaftServerImpl (RaftServerImpl.java:<init>(95)) - 4a399a1d-79a2-4c5b-9d27-91ca6d638b74: new RaftServerImpl for group-BAA99CEB78F0:[4a399a1d-79a2-4c5b-9d27-91ca6d638b74:192.168.69.65:36254] with ContainerStateMachine:uninitialized
2019-10-15 09:41:22,088 [pool-57-thread-1] INFO  server.RaftServerConfigKeys (ConfUtils.java:logGet(43)) - raft.server.rpc.timeout.min = 5s (custom)
2019-10-15 09:41:22,089 [pool-57-thread-1] INFO  server.RaftServerConfigKeys (ConfUtils.java:logGet(43)) - raft.server.rpc.timeout.max = 5200ms (custom)
2019-10-15 09:41:22,089 [pool-57-thread-1] INFO  server.RaftServerConfigKeys (ConfUtils.java:logGet(43)) - raft.server.rpcslowness.timeout = 120s (custom)
2019-10-15 09:41:22,089 [pool-57-thread-1] INFO  server.RaftServerConfigKeys (ConfUtils.java:logGet(43)) - raft.server.sleep.deviation.threshold = 300 (default)
2019-10-15 09:41:22,089 [pool-57-thread-1] INFO  server.RaftServerConfigKeys (ConfUtils.java:logGet(43)) - raft.server.log.appender.install.snapshot.enabled = false (custom)
2019-10-15 09:41:22,089 [pool-57-thread-1] INFO  impl.RaftServerImpl (ServerState.java:<init>(103)) - 4a399a1d-79a2-4c5b-9d27-91ca6d638b74@group-BAA99CEB78F0: ConfigurationManager, init=-1: [4a399a1d-79a2-4c5b-9d27-91ca6d638b74:192.168.69.65:36254], old=null, confs=<EMPTY_MAP>
2019-10-15 09:41:22,090 [pool-57-thread-1] INFO  server.RaftServerConfigKeys (ConfUtils.java:logGet(43)) - raft.server.storage.dir = [/workdir/hadoop-ozone/integration-test/target/test-dir/MiniOzoneClusterImpl-70a67178-95d0-485e-9f18-1ddbb1a0591f/datanode-3/data/ratis] (custom)
2019-10-15 09:41:22,090 [pool-57-thread-1] INFO  server.RaftServerConfigKeys (ConfUtils.java:logGet(43)) - raft.server.log.corruption.policy = EXCEPTION (default)
2019-10-15 09:41:22,090 [pool-57-thread-1] INFO  storage.RaftStorageDirectory (RaftStorageDirectory.java:analyzeStorage(246)) - The storage directory /workdir/hadoop-ozone/integration-test/target/test-dir/MiniOzoneClusterImpl-70a67178-95d0-485e-9f18-1ddbb1a0591f/datanode-3/data/ratis/2297dc78-65b9-4252-aaa8-baa99ceb78f0 does not exist. Creating ...
2019-10-15 09:41:22,104 [pool-57-thread-1] INFO  storage.RaftStorageDirectory (RaftStorageDirectory.java:tryLock(328)) - Lock on /workdir/hadoop-ozone/integration-test/target/test-dir/MiniOzoneClusterImpl-70a67178-95d0-485e-9f18-1ddbb1a0591f/datanode-3/data/ratis/2297dc78-65b9-4252-aaa8-baa99ceb78f0/in_use.lock acquired by nodename 13614@dev-nightly-20191015-lc69l-4092513605
2019-10-15 09:41:22,117 [pool-57-thread-1] INFO  storage.RaftStorage (RaftStorage.java:format(84)) - Storage directory /workdir/hadoop-ozone/integration-test/target/test-dir/MiniOzoneClusterImpl-70a67178-95d0-485e-9f18-1ddbb1a0591f/datanode-3/data/ratis/2297dc78-65b9-4252-aaa8-baa99ceb78f0 has been successfully formatted.
2019-10-15 09:41:22,118 [pool-57-thread-1] INFO  ratis.ContainerStateMachine (ContainerStateMachine.java:loadSnapshot(231)) - group-BAA99CEB78F0: The snapshot info is null. Setting the last applied indexto:(t:0, i:~)
2019-10-15 09:41:22,118 [pool-57-thread-1] INFO  server.RaftServerConfigKeys (ConfUtils.java:logGet(43)) - raft.server.notification.no-leader.timeout = 120s (custom)
2019-10-15 09:41:22,118 [pool-57-thread-1] INFO  server.RaftServerConfigKeys (ConfUtils.java:logGet(43)) - raft.server.log.use.memory = false (default)
2019-10-15 09:41:22,118 [pool-57-thread-1] INFO  server.RaftServerConfigKeys (ConfUtils.java:logGet(43)) - raft.server.log.purge.gap = 1000000 (custom)
2019-10-15 09:41:22,118 [pool-57-thread-1] INFO  server.RaftServerConfigKeys (ConfUtils.java:logGet(43)) - raft.server.log.appender.buffer.byte-limit = 33554432 (custom)
2019-10-15 09:41:22,118 [pool-57-thread-1] INFO  server.RaftServerConfigKeys (ConfUtils.java:logGet(43)) - raft.server.log.segment.size.max = 1048576 (custom)
2019-10-15 09:41:22,123 [pool-57-thread-1] INFO  server.RaftServerConfigKeys (ConfUtils.java:logGet(43)) - raft.server.log.segment.cache.num.max = 2 (custom)
2019-10-15 09:41:22,123 [pool-57-thread-1] INFO  segmented.SegmentedRaftLogWorker (SegmentedRaftLogWorker.java:<init>(173)) - new 4a399a1d-79a2-4c5b-9d27-91ca6d638b74@group-BAA99CEB78F0-SegmentedRaftLogWorker for RaftStorage:Storage Directory /workdir/hadoop-ozone/integration-test/target/test-dir/MiniOzoneClusterImpl-70a67178-95d0-485e-9f18-1ddbb1a0591f/datanode-3/data/ratis/2297dc78-65b9-4252-aaa8-baa99ceb78f0
2019-10-15 09:41:22,124 [pool-57-thread-1] INFO  server.RaftServerConfigKeys (ConfUtils.java:logGet(43)) - raft.server.log.queue.byte-limit = 2147483647 (custom)
2019-10-15 09:41:22,124 [pool-57-thread-1] INFO  server.RaftServerConfigKeys (ConfUtils.java:logGet(43)) - raft.server.log.queue.element-limit = 1024 (custom)
2019-10-15 09:41:22,124 [pool-57-thread-1] INFO  server.RaftServerConfigKeys (ConfUtils.java:logGet(43)) - raft.server.log.segment.size.max = 1048576 (custom)
2019-10-15 09:41:22,124 [pool-57-thread-1] INFO  server.RaftServerConfigKeys (ConfUtils.java:logGet(43)) - raft.server.log.preallocated.size = 16384 (custom)
2019-10-15 09:41:22,124 [pool-57-thread-1] INFO  server.RaftServerConfigKeys (ConfUtils.java:logGet(43)) - raft.server.log.write.buffer.size = 33554432 (custom)
2019-10-15 09:41:22,124 [pool-57-thread-1] INFO  server.RaftServerConfigKeys (ConfUtils.java:logGet(43)) - raft.server.log.force.sync.num = 128 (default)
2019-10-15 09:41:22,125 [pool-57-thread-1] INFO  server.RaftServerConfigKeys (ConfUtils.java:logGet(43)) - raft.server.log.statemachine.data.sync = true (default)
2019-10-15 09:41:22,125 [pool-57-thread-1] INFO  server.RaftServerConfigKeys (ConfUtils.java:logGet(43)) - raft.server.log.statemachine.data.sync.timeout = 10s (default)
2019-10-15 09:41:22,125 [pool-57-thread-1] INFO  server.RaftServerConfigKeys (ConfUtils.java:logGet(43)) - raft.server.log.statemachine.data.sync.timeout.retry = -1 (default)
2019-10-15 09:41:22,126 [pool-57-thread-1] INFO  server.RaftServerConfigKeys (ConfUtils.java:logGet(43)) - raft.server.log.statemachine.data.caching.enabled = true (custom)
2019-10-15 09:41:22,126 [pool-57-thread-1] INFO  segmented.SegmentedRaftLogWorker (SegmentedRaftLogWorker.java:lambda$new$0(128)) - 4a399a1d-79a2-4c5b-9d27-91ca6d638b74@group-BAA99CEB78F0-SegmentedRaftLogWorker: flushIndex: setUnconditionally 0 -> -1
2019-10-15 09:41:22,127 [pool-57-thread-1] INFO  server.RaftServerConfigKeys (ConfUtils.java:logGet(43)) - raft.server.snapshot.auto.trigger.enabled = true (custom)
2019-10-15 09:41:22,127 [pool-57-thread-1] INFO  server.RaftServerConfigKeys (ConfUtils.java:logGet(43)) - raft.server.snapshot.auto.trigger.threshold = 10000 (custom)
2019-10-15 09:41:22,127 [pool-57-thread-1] INFO  server.RaftServerConfigKeys (ConfUtils.java:logGet(43)) - raft.server.snapshot.retention.file.num = 5 (custom)
2019-10-15 09:41:22,127 [pool-57-thread-1] INFO  server.RaftServerConfigKeys (ConfUtils.java:logGet(43)) - raft.server.retrycache.expirytime = 600000ms (custom)
2019-10-15 09:41:22,130 [pool-57-thread-1] INFO  impl.RaftServerImpl (RaftServerImpl.java:start(181)) - 4a399a1d-79a2-4c5b-9d27-91ca6d638b74@group-BAA99CEB78F0: start as a follower, conf=-1: [4a399a1d-79a2-4c5b-9d27-91ca6d638b74:192.168.69.65:36254], old=null
2019-10-15 09:41:22,131 [pool-57-thread-1] INFO  impl.RaftServerImpl (RaftServerImpl.java:setRole(170)) - 4a399a1d-79a2-4c5b-9d27-91ca6d638b74@group-BAA99CEB78F0: changes role from      null to FOLLOWER at term 0 for startAsFollower
2019-10-15 09:41:22,131 [pool-57-thread-1] INFO  impl.RoleInfo (RoleInfo.java:updateAndGet(143)) - 4a399a1d-79a2-4c5b-9d27-91ca6d638b74: start FollowerState
2019-10-15 09:41:22,131 [pool-57-thread-1] INFO  util.JmxRegister (JmxRegister.java:tryRegister(44)) - Successfully registered JMX Bean with object name Ratis:service=RaftServer,group=group-BAA99CEB78F0,id=4a399a1d-79a2-4c5b-9d27-91ca6d638b74
2019-10-15 09:41:22,145 [RatisPipelineUtilsThread] INFO  pipeline.PipelineStateManager (PipelineStateManager.java:addPipeline(56)) - Created pipeline Pipeline[ Id: 2297dc78-65b9-4252-aaa8-baa99ceb78f0, Nodes: 4a399a1d-79a2-4c5b-9d27-91ca6d638b74{ip: 192.168.69.65, host: dev-nightly-20191015-lc69l-4092513605, networkLocation: /default-rack, certSerialId: null}, Type:RATIS, Factor:ONE, State:OPEN]
2019-10-15 09:41:22,163 [grpc-default-executor-1] INFO  impl.RaftServerProxy (RaftServerProxy.java:addNew(89)) - 0ec0ad77-b494-4568-a61d-f3148840548b: addNew group-3BA489730ED4:[0ec0ad77-b494-4568-a61d-f3148840548b:192.168.69.65:37008] returns group-3BA489730ED4:java.util.concurrent.CompletableFuture@289ddb66[Not completed]
2019-10-15 09:41:22,167 [pool-67-thread-1] INFO  impl.RaftServerImpl (RaftServerImpl.java:<init>(95)) - 0ec0ad77-b494-4568-a61d-f3148840548b: new RaftServerImpl for group-3BA489730ED4:[0ec0ad77-b494-4568-a61d-f3148840548b:192.168.69.65:37008] with ContainerStateMachine:uninitialized
2019-10-15 09:41:22,167 [pool-67-thread-1] INFO  server.RaftServerConfigKeys (ConfUtils.java:logGet(43)) - raft.server.rpc.timeout.min = 5s (custom)
2019-10-15 09:41:22,167 [pool-67-thread-1] INFO  server.RaftServerConfigKeys (ConfUtils.java:logGet(43)) - raft.server.rpc.timeout.max = 5200ms (custom)
2019-10-15 09:41:22,167 [pool-67-thread-1] INFO  server.RaftServerConfigKeys (ConfUtils.java:logGet(43)) - raft.server.rpcslowness.timeout = 120s (custom)
2019-10-15 09:41:22,167 [pool-67-thread-1] INFO  server.RaftServerConfigKeys (ConfUtils.java:logGet(43)) - raft.server.sleep.deviation.threshold = 300 (default)
2019-10-15 09:41:22,167 [pool-67-thread-1] INFO  server.RaftServerConfigKeys (ConfUtils.java:logGet(43)) - raft.server.log.appender.install.snapshot.enabled = false (custom)
2019-10-15 09:41:22,168 [pool-67-thread-1] INFO  impl.RaftServerImpl (ServerState.java:<init>(103)) - 0ec0ad77-b494-4568-a61d-f3148840548b@group-3BA489730ED4: ConfigurationManager, init=-1: [0ec0ad77-b494-4568-a61d-f3148840548b:192.168.69.65:37008], old=null, confs=<EMPTY_MAP>
2019-10-15 09:41:22,168 [pool-67-thread-1] INFO  server.RaftServerConfigKeys (ConfUtils.java:logGet(43)) - raft.server.storage.dir = [/workdir/hadoop-ozone/integration-test/target/test-dir/MiniOzoneClusterImpl-70a67178-95d0-485e-9f18-1ddbb1a0591f/datanode-4/data/ratis] (custom)
2019-10-15 09:41:22,168 [pool-67-thread-1] INFO  server.RaftServerConfigKeys (ConfUtils.java:logGet(43)) - raft.server.log.corruption.policy = EXCEPTION (default)
2019-10-15 09:41:22,169 [pool-67-thread-1] INFO  storage.RaftStorageDirectory (RaftStorageDirectory.java:analyzeStorage(246)) - The storage directory /workdir/hadoop-ozone/integration-test/target/test-dir/MiniOzoneClusterImpl-70a67178-95d0-485e-9f18-1ddbb1a0591f/datanode-4/data/ratis/868e4b93-ca10-4edf-9934-3ba489730ed4 does not exist. Creating ...
2019-10-15 09:41:22,175 [pool-67-thread-1] INFO  storage.RaftStorageDirectory (RaftStorageDirectory.java:tryLock(328)) - Lock on /workdir/hadoop-ozone/integration-test/target/test-dir/MiniOzoneClusterImpl-70a67178-95d0-485e-9f18-1ddbb1a0591f/datanode-4/data/ratis/868e4b93-ca10-4edf-9934-3ba489730ed4/in_use.lock acquired by nodename 13614@dev-nightly-20191015-lc69l-4092513605
2019-10-15 09:41:22,188 [pool-67-thread-1] INFO  storage.RaftStorage (RaftStorage.java:format(84)) - Storage directory /workdir/hadoop-ozone/integration-test/target/test-dir/MiniOzoneClusterImpl-70a67178-95d0-485e-9f18-1ddbb1a0591f/datanode-4/data/ratis/868e4b93-ca10-4edf-9934-3ba489730ed4 has been successfully formatted.
2019-10-15 09:41:22,189 [pool-67-thread-1] INFO  ratis.ContainerStateMachine (ContainerStateMachine.java:loadSnapshot(231)) - group-3BA489730ED4: The snapshot info is null. Setting the last applied indexto:(t:0, i:~)
2019-10-15 09:41:22,189 [pool-67-thread-1] INFO  server.RaftServerConfigKeys (ConfUtils.java:logGet(43)) - raft.server.notification.no-leader.timeout = 120s (custom)
2019-10-15 09:41:22,189 [pool-67-thread-1] INFO  server.RaftServerConfigKeys (ConfUtils.java:logGet(43)) - raft.server.log.use.memory = false (default)
2019-10-15 09:41:22,189 [pool-67-thread-1] INFO  server.RaftServerConfigKeys (ConfUtils.java:logGet(43)) - raft.server.log.purge.gap = 1000000 (custom)
2019-10-15 09:41:22,189 [pool-67-thread-1] INFO  server.RaftServerConfigKeys (ConfUtils.java:logGet(43)) - raft.server.log.appender.buffer.byte-limit = 33554432 (custom)
2019-10-15 09:41:22,189 [pool-67-thread-1] INFO  server.RaftServerConfigKeys (ConfUtils.java:logGet(43)) - raft.server.log.segment.size.max = 1048576 (custom)
2019-10-15 09:41:22,193 [pool-67-thread-1] INFO  server.RaftServerConfigKeys (ConfUtils.java:logGet(43)) - raft.server.log.segment.cache.num.max = 2 (custom)
2019-10-15 09:41:22,193 [pool-67-thread-1] INFO  segmented.SegmentedRaftLogWorker (SegmentedRaftLogWorker.java:<init>(173)) - new 0ec0ad77-b494-4568-a61d-f3148840548b@group-3BA489730ED4-SegmentedRaftLogWorker for RaftStorage:Storage Directory /workdir/hadoop-ozone/integration-test/target/test-dir/MiniOzoneClusterImpl-70a67178-95d0-485e-9f18-1ddbb1a0591f/datanode-4/data/ratis/868e4b93-ca10-4edf-9934-3ba489730ed4
2019-10-15 09:41:22,193 [pool-67-thread-1] INFO  server.RaftServerConfigKeys (ConfUtils.java:logGet(43)) - raft.server.log.queue.byte-limit = 2147483647 (custom)
2019-10-15 09:41:22,193 [pool-67-thread-1] INFO  server.RaftServerConfigKeys (ConfUtils.java:logGet(43)) - raft.server.log.queue.element-limit = 1024 (custom)
2019-10-15 09:41:22,193 [pool-67-thread-1] INFO  server.RaftServerConfigKeys (ConfUtils.java:logGet(43)) - raft.server.log.segment.size.max = 1048576 (custom)
2019-10-15 09:41:22,193 [pool-67-thread-1] INFO  server.RaftServerConfigKeys (ConfUtils.java:logGet(43)) - raft.server.log.preallocated.size = 16384 (custom)
2019-10-15 09:41:22,194 [pool-67-thread-1] INFO  server.RaftServerConfigKeys (ConfUtils.java:logGet(43)) - raft.server.log.write.buffer.size = 33554432 (custom)
2019-10-15 09:41:22,194 [pool-67-thread-1] INFO  server.RaftServerConfigKeys (ConfUtils.java:logGet(43)) - raft.server.log.force.sync.num = 128 (default)
2019-10-15 09:41:22,194 [pool-67-thread-1] INFO  server.RaftServerConfigKeys (ConfUtils.java:logGet(43)) - raft.server.log.statemachine.data.sync = true (default)
2019-10-15 09:41:22,194 [pool-67-thread-1] INFO  server.RaftServerConfigKeys (ConfUtils.java:logGet(43)) - raft.server.log.statemachine.data.sync.timeout = 10s (default)
2019-10-15 09:41:22,194 [pool-67-thread-1] INFO  server.RaftServerConfigKeys (ConfUtils.java:logGet(43)) - raft.server.log.statemachine.data.sync.timeout.retry = -1 (default)
2019-10-15 09:41:22,195 [pool-67-thread-1] INFO  server.RaftServerConfigKeys (ConfUtils.java:logGet(43)) - raft.server.log.statemachine.data.caching.enabled = true (custom)
2019-10-15 09:41:22,195 [pool-67-thread-1] INFO  segmented.SegmentedRaftLogWorker (SegmentedRaftLogWorker.java:lambda$new$0(128)) - 0ec0ad77-b494-4568-a61d-f3148840548b@group-3BA489730ED4-SegmentedRaftLogWorker: flushIndex: setUnconditionally 0 -> -1
2019-10-15 09:41:22,195 [pool-67-thread-1] INFO  server.RaftServerConfigKeys (ConfUtils.java:logGet(43)) - raft.server.snapshot.auto.trigger.enabled = true (custom)
2019-10-15 09:41:22,196 [pool-67-thread-1] INFO  server.RaftServerConfigKeys (ConfUtils.java:logGet(43)) - raft.server.snapshot.auto.trigger.threshold = 10000 (custom)
2019-10-15 09:41:22,196 [pool-67-thread-1] INFO  server.RaftServerConfigKeys (ConfUtils.java:logGet(43)) - raft.server.snapshot.retention.file.num = 5 (custom)
2019-10-15 09:41:22,196 [pool-67-thread-1] INFO  server.RaftServerConfigKeys (ConfUtils.java:logGet(43)) - raft.server.retrycache.expirytime = 600000ms (custom)
2019-10-15 09:41:22,199 [pool-67-thread-1] INFO  impl.RaftServerImpl (RaftServerImpl.java:start(181)) - 0ec0ad77-b494-4568-a61d-f3148840548b@group-3BA489730ED4: start as a follower, conf=-1: [0ec0ad77-b494-4568-a61d-f3148840548b:192.168.69.65:37008], old=null
2019-10-15 09:41:22,199 [pool-67-thread-1] INFO  impl.RaftServerImpl (RaftServerImpl.java:setRole(170)) - 0ec0ad77-b494-4568-a61d-f3148840548b@group-3BA489730ED4: changes role from      null to FOLLOWER at term 0 for startAsFollower
2019-10-15 09:41:22,199 [pool-67-thread-1] INFO  impl.RoleInfo (RoleInfo.java:updateAndGet(143)) - 0ec0ad77-b494-4568-a61d-f3148840548b: start FollowerState
2019-10-15 09:41:22,200 [pool-67-thread-1] INFO  util.JmxRegister (JmxRegister.java:tryRegister(44)) - Successfully registered JMX Bean with object name Ratis:service=RaftServer,group=group-3BA489730ED4,id=0ec0ad77-b494-4568-a61d-f3148840548b
2019-10-15 09:41:22,215 [RatisPipelineUtilsThread] INFO  pipeline.PipelineStateManager (PipelineStateManager.java:addPipeline(56)) - Created pipeline Pipeline[ Id: 868e4b93-ca10-4edf-9934-3ba489730ed4, Nodes: 0ec0ad77-b494-4568-a61d-f3148840548b{ip: 192.168.69.65, host: dev-nightly-20191015-lc69l-4092513605, networkLocation: /default-rack, certSerialId: null}, Type:RATIS, Factor:ONE, State:OPEN]
2019-10-15 09:41:22,241 [grpc-default-executor-1] INFO  impl.RaftServerProxy (RaftServerProxy.java:addNew(89)) - 09ef7beb-d26b-4bb2-9eab-5c6b1c3e87e8: addNew group-582C48EBB74E:[09ef7beb-d26b-4bb2-9eab-5c6b1c3e87e8:192.168.69.65:42336] returns group-582C48EBB74E:java.util.concurrent.CompletableFuture@1b48cec7[Not completed]
2019-10-15 09:41:22,242 [pool-37-thread-1] INFO  impl.RaftServerImpl (RaftServerImpl.java:<init>(95)) - 09ef7beb-d26b-4bb2-9eab-5c6b1c3e87e8: new RaftServerImpl for group-582C48EBB74E:[09ef7beb-d26b-4bb2-9eab-5c6b1c3e87e8:192.168.69.65:42336] with ContainerStateMachine:uninitialized
2019-10-15 09:41:22,243 [pool-37-thread-1] INFO  server.RaftServerConfigKeys (ConfUtils.java:logGet(43)) - raft.server.rpc.timeout.min = 5s (custom)
2019-10-15 09:41:22,243 [pool-37-thread-1] INFO  server.RaftServerConfigKeys (ConfUtils.java:logGet(43)) - raft.server.rpc.timeout.max = 5200ms (custom)
2019-10-15 09:41:22,243 [pool-37-thread-1] INFO  server.RaftServerConfigKeys (ConfUtils.java:logGet(43)) - raft.server.rpcslowness.timeout = 120s (custom)
2019-10-15 09:41:22,243 [pool-37-thread-1] INFO  server.RaftServerConfigKeys (ConfUtils.java:logGet(43)) - raft.server.sleep.deviation.threshold = 300 (default)
2019-10-15 09:41:22,243 [pool-37-thread-1] INFO  server.RaftServerConfigKeys (ConfUtils.java:logGet(43)) - raft.server.log.appender.install.snapshot.enabled = false (custom)
2019-10-15 09:41:22,243 [pool-37-thread-1] INFO  impl.RaftServerImpl (ServerState.java:<init>(103)) - 09ef7beb-d26b-4bb2-9eab-5c6b1c3e87e8@group-582C48EBB74E: ConfigurationManager, init=-1: [09ef7beb-d26b-4bb2-9eab-5c6b1c3e87e8:192.168.69.65:42336], old=null, confs=<EMPTY_MAP>
2019-10-15 09:41:22,244 [pool-37-thread-1] INFO  server.RaftServerConfigKeys (ConfUtils.java:logGet(43)) - raft.server.storage.dir = [/workdir/hadoop-ozone/integration-test/target/test-dir/MiniOzoneClusterImpl-70a67178-95d0-485e-9f18-1ddbb1a0591f/datanode-1/data/ratis] (custom)
2019-10-15 09:41:22,244 [pool-37-thread-1] INFO  server.RaftServerConfigKeys (ConfUtils.java:logGet(43)) - raft.server.log.corruption.policy = EXCEPTION (default)
2019-10-15 09:41:22,244 [pool-37-thread-1] INFO  storage.RaftStorageDirectory (RaftStorageDirectory.java:analyzeStorage(246)) - The storage directory /workdir/hadoop-ozone/integration-test/target/test-dir/MiniOzoneClusterImpl-70a67178-95d0-485e-9f18-1ddbb1a0591f/datanode-1/data/ratis/0a097ae9-8b84-4e94-bd57-582c48ebb74e does not exist. Creating ...
2019-10-15 09:41:22,266 [pool-37-thread-1] INFO  storage.RaftStorageDirectory (RaftStorageDirectory.java:tryLock(328)) - Lock on /workdir/hadoop-ozone/integration-test/target/test-dir/MiniOzoneClusterImpl-70a67178-95d0-485e-9f18-1ddbb1a0591f/datanode-1/data/ratis/0a097ae9-8b84-4e94-bd57-582c48ebb74e/in_use.lock acquired by nodename 13614@dev-nightly-20191015-lc69l-4092513605
2019-10-15 09:41:22,278 [pool-37-thread-1] INFO  storage.RaftStorage (RaftStorage.java:format(84)) - Storage directory /workdir/hadoop-ozone/integration-test/target/test-dir/MiniOzoneClusterImpl-70a67178-95d0-485e-9f18-1ddbb1a0591f/datanode-1/data/ratis/0a097ae9-8b84-4e94-bd57-582c48ebb74e has been successfully formatted.
2019-10-15 09:41:22,279 [pool-37-thread-1] INFO  ratis.ContainerStateMachine (ContainerStateMachine.java:loadSnapshot(231)) - group-582C48EBB74E: The snapshot info is null. Setting the last applied indexto:(t:0, i:~)
2019-10-15 09:41:22,279 [pool-37-thread-1] INFO  server.RaftServerConfigKeys (ConfUtils.java:logGet(43)) - raft.server.notification.no-leader.timeout = 120s (custom)
2019-10-15 09:41:22,279 [pool-37-thread-1] INFO  server.RaftServerConfigKeys (ConfUtils.java:logGet(43)) - raft.server.log.use.memory = false (default)
2019-10-15 09:41:22,280 [pool-37-thread-1] INFO  server.RaftServerConfigKeys (ConfUtils.java:logGet(43)) - raft.server.log.purge.gap = 1000000 (custom)
2019-10-15 09:41:22,280 [pool-37-thread-1] INFO  server.RaftServerConfigKeys (ConfUtils.java:logGet(43)) - raft.server.log.appender.buffer.byte-limit = 33554432 (custom)
2019-10-15 09:41:22,280 [pool-37-thread-1] INFO  server.RaftServerConfigKeys (ConfUtils.java:logGet(43)) - raft.server.log.segment.size.max = 1048576 (custom)
2019-10-15 09:41:22,283 [pool-37-thread-1] INFO  server.RaftServerConfigKeys (ConfUtils.java:logGet(43)) - raft.server.log.segment.cache.num.max = 2 (custom)
2019-10-15 09:41:22,283 [pool-37-thread-1] INFO  segmented.SegmentedRaftLogWorker (SegmentedRaftLogWorker.java:<init>(173)) - new 09ef7beb-d26b-4bb2-9eab-5c6b1c3e87e8@group-582C48EBB74E-SegmentedRaftLogWorker for RaftStorage:Storage Directory /workdir/hadoop-ozone/integration-test/target/test-dir/MiniOzoneClusterImpl-70a67178-95d0-485e-9f18-1ddbb1a0591f/datanode-1/data/ratis/0a097ae9-8b84-4e94-bd57-582c48ebb74e
2019-10-15 09:41:22,284 [pool-37-thread-1] INFO  server.RaftServerConfigKeys (ConfUtils.java:logGet(43)) - raft.server.log.queue.byte-limit = 2147483647 (custom)
2019-10-15 09:41:22,284 [pool-37-thread-1] INFO  server.RaftServerConfigKeys (ConfUtils.java:logGet(43)) - raft.server.log.queue.element-limit = 1024 (custom)
2019-10-15 09:41:22,284 [pool-37-thread-1] INFO  server.RaftServerConfigKeys (ConfUtils.java:logGet(43)) - raft.server.log.segment.size.max = 1048576 (custom)
2019-10-15 09:41:22,284 [pool-37-thread-1] INFO  server.RaftServerConfigKeys (ConfUtils.java:logGet(43)) - raft.server.log.preallocated.size = 16384 (custom)
2019-10-15 09:41:22,284 [pool-37-thread-1] INFO  server.RaftServerConfigKeys (ConfUtils.java:logGet(43)) - raft.server.log.write.buffer.size = 33554432 (custom)
2019-10-15 09:41:22,284 [pool-37-thread-1] INFO  server.RaftServerConfigKeys (ConfUtils.java:logGet(43)) - raft.server.log.force.sync.num = 128 (default)
2019-10-15 09:41:22,285 [pool-37-thread-1] INFO  server.RaftServerConfigKeys (ConfUtils.java:logGet(43)) - raft.server.log.statemachine.data.sync = true (default)
2019-10-15 09:41:22,285 [pool-37-thread-1] INFO  server.RaftServerConfigKeys (ConfUtils.java:logGet(43)) - raft.server.log.statemachine.data.sync.timeout = 10s (default)
2019-10-15 09:41:22,285 [pool-37-thread-1] INFO  server.RaftServerConfigKeys (ConfUtils.java:logGet(43)) - raft.server.log.statemachine.data.sync.timeout.retry = -1 (default)
2019-10-15 09:41:22,286 [pool-37-thread-1] INFO  server.RaftServerConfigKeys (ConfUtils.java:logGet(43)) - raft.server.log.statemachine.data.caching.enabled = true (custom)
2019-10-15 09:41:22,286 [pool-37-thread-1] INFO  segmented.SegmentedRaftLogWorker (SegmentedRaftLogWorker.java:lambda$new$0(128)) - 09ef7beb-d26b-4bb2-9eab-5c6b1c3e87e8@group-582C48EBB74E-SegmentedRaftLogWorker: flushIndex: setUnconditionally 0 -> -1
2019-10-15 09:41:22,286 [pool-37-thread-1] INFO  server.RaftServerConfigKeys (ConfUtils.java:logGet(43)) - raft.server.snapshot.auto.trigger.enabled = true (custom)
2019-10-15 09:41:22,287 [pool-37-thread-1] INFO  server.RaftServerConfigKeys (ConfUtils.java:logGet(43)) - raft.server.snapshot.auto.trigger.threshold = 10000 (custom)
2019-10-15 09:41:22,287 [pool-37-thread-1] INFO  server.RaftServerConfigKeys (ConfUtils.java:logGet(43)) - raft.server.snapshot.retention.file.num = 5 (custom)
2019-10-15 09:41:22,287 [pool-37-thread-1] INFO  server.RaftServerConfigKeys (ConfUtils.java:logGet(43)) - raft.server.retrycache.expirytime = 600000ms (custom)
2019-10-15 09:41:22,290 [pool-37-thread-1] INFO  impl.RaftServerImpl (RaftServerImpl.java:start(181)) - 09ef7beb-d26b-4bb2-9eab-5c6b1c3e87e8@group-582C48EBB74E: start as a follower, conf=-1: [09ef7beb-d26b-4bb2-9eab-5c6b1c3e87e8:192.168.69.65:42336], old=null
2019-10-15 09:41:22,290 [pool-37-thread-1] INFO  impl.RaftServerImpl (RaftServerImpl.java:setRole(170)) - 09ef7beb-d26b-4bb2-9eab-5c6b1c3e87e8@group-582C48EBB74E: changes role from      null to FOLLOWER at term 0 for startAsFollower
2019-10-15 09:41:22,291 [pool-37-thread-1] INFO  impl.RoleInfo (RoleInfo.java:updateAndGet(143)) - 09ef7beb-d26b-4bb2-9eab-5c6b1c3e87e8: start FollowerState
2019-10-15 09:41:22,291 [pool-37-thread-1] INFO  util.JmxRegister (JmxRegister.java:tryRegister(44)) - Successfully registered JMX Bean with object name Ratis:service=RaftServer,group=group-582C48EBB74E,id=09ef7beb-d26b-4bb2-9eab-5c6b1c3e87e8
2019-10-15 09:41:22,305 [RatisPipelineUtilsThread] INFO  pipeline.PipelineStateManager (PipelineStateManager.java:addPipeline(56)) - Created pipeline Pipeline[ Id: 0a097ae9-8b84-4e94-bd57-582c48ebb74e, Nodes: 09ef7beb-d26b-4bb2-9eab-5c6b1c3e87e8{ip: 192.168.69.65, host: dev-nightly-20191015-lc69l-4092513605, networkLocation: /default-rack, certSerialId: null}, Type:RATIS, Factor:ONE, State:OPEN]
2019-10-15 09:41:22,320 [grpc-default-executor-1] INFO  impl.RaftServerProxy (RaftServerProxy.java:addNew(89)) - 5a3415c8-2f62-4637-b9c8-288e591ec7fd: addNew group-94F0EA7A2ECC:[5a3415c8-2f62-4637-b9c8-288e591ec7fd:192.168.69.65:36157] returns group-94F0EA7A2ECC:java.util.concurrent.CompletableFuture@3c1cd205[Not completed]
2019-10-15 09:41:22,322 [pool-47-thread-1] INFO  impl.RaftServerImpl (RaftServerImpl.java:<init>(95)) - 5a3415c8-2f62-4637-b9c8-288e591ec7fd: new RaftServerImpl for group-94F0EA7A2ECC:[5a3415c8-2f62-4637-b9c8-288e591ec7fd:192.168.69.65:36157] with ContainerStateMachine:uninitialized
2019-10-15 09:41:22,322 [pool-47-thread-1] INFO  server.RaftServerConfigKeys (ConfUtils.java:logGet(43)) - raft.server.rpc.timeout.min = 5s (custom)
2019-10-15 09:41:22,322 [pool-47-thread-1] INFO  server.RaftServerConfigKeys (ConfUtils.java:logGet(43)) - raft.server.rpc.timeout.max = 5200ms (custom)
2019-10-15 09:41:22,323 [pool-47-thread-1] INFO  server.RaftServerConfigKeys (ConfUtils.java:logGet(43)) - raft.server.rpcslowness.timeout = 120s (custom)
2019-10-15 09:41:22,323 [pool-47-thread-1] INFO  server.RaftServerConfigKeys (ConfUtils.java:logGet(43)) - raft.server.sleep.deviation.threshold = 300 (default)
2019-10-15 09:41:22,323 [pool-47-thread-1] INFO  server.RaftServerConfigKeys (ConfUtils.java:logGet(43)) - raft.server.log.appender.install.snapshot.enabled = false (custom)
2019-10-15 09:41:22,323 [pool-47-thread-1] INFO  impl.RaftServerImpl (ServerState.java:<init>(103)) - 5a3415c8-2f62-4637-b9c8-288e591ec7fd@group-94F0EA7A2ECC: ConfigurationManager, init=-1: [5a3415c8-2f62-4637-b9c8-288e591ec7fd:192.168.69.65:36157], old=null, confs=<EMPTY_MAP>
2019-10-15 09:41:22,323 [pool-47-thread-1] INFO  server.RaftServerConfigKeys (ConfUtils.java:logGet(43)) - raft.server.storage.dir = [/workdir/hadoop-ozone/integration-test/target/test-dir/MiniOzoneClusterImpl-70a67178-95d0-485e-9f18-1ddbb1a0591f/datanode-2/data/ratis] (custom)
2019-10-15 09:41:22,323 [pool-47-thread-1] INFO  server.RaftServerConfigKeys (ConfUtils.java:logGet(43)) - raft.server.log.corruption.policy = EXCEPTION (default)
2019-10-15 09:41:22,324 [pool-47-thread-1] INFO  storage.RaftStorageDirectory (RaftStorageDirectory.java:analyzeStorage(246)) - The storage directory /workdir/hadoop-ozone/integration-test/target/test-dir/MiniOzoneClusterImpl-70a67178-95d0-485e-9f18-1ddbb1a0591f/datanode-2/data/ratis/dfcb23ed-22e6-4fa6-9f41-94f0ea7a2ecc does not exist. Creating ...
2019-10-15 09:41:22,336 [pool-47-thread-1] INFO  storage.RaftStorageDirectory (RaftStorageDirectory.java:tryLock(328)) - Lock on /workdir/hadoop-ozone/integration-test/target/test-dir/MiniOzoneClusterImpl-70a67178-95d0-485e-9f18-1ddbb1a0591f/datanode-2/data/ratis/dfcb23ed-22e6-4fa6-9f41-94f0ea7a2ecc/in_use.lock acquired by nodename 13614@dev-nightly-20191015-lc69l-4092513605
2019-10-15 09:41:22,349 [pool-47-thread-1] INFO  storage.RaftStorage (RaftStorage.java:format(84)) - Storage directory /workdir/hadoop-ozone/integration-test/target/test-dir/MiniOzoneClusterImpl-70a67178-95d0-485e-9f18-1ddbb1a0591f/datanode-2/data/ratis/dfcb23ed-22e6-4fa6-9f41-94f0ea7a2ecc has been successfully formatted.
2019-10-15 09:41:22,349 [pool-47-thread-1] INFO  ratis.ContainerStateMachine (ContainerStateMachine.java:loadSnapshot(231)) - group-94F0EA7A2ECC: The snapshot info is null. Setting the last applied indexto:(t:0, i:~)
2019-10-15 09:41:22,350 [pool-47-thread-1] INFO  server.RaftServerConfigKeys (ConfUtils.java:logGet(43)) - raft.server.notification.no-leader.timeout = 120s (custom)
2019-10-15 09:41:22,350 [pool-47-thread-1] INFO  server.RaftServerConfigKeys (ConfUtils.java:logGet(43)) - raft.server.log.use.memory = false (default)
2019-10-15 09:41:22,350 [pool-47-thread-1] INFO  server.RaftServerConfigKeys (ConfUtils.java:logGet(43)) - raft.server.log.purge.gap = 1000000 (custom)
2019-10-15 09:41:22,350 [pool-47-thread-1] INFO  server.RaftServerConfigKeys (ConfUtils.java:logGet(43)) - raft.server.log.appender.buffer.byte-limit = 33554432 (custom)
2019-10-15 09:41:22,350 [pool-47-thread-1] INFO  server.RaftServerConfigKeys (ConfUtils.java:logGet(43)) - raft.server.log.segment.size.max = 1048576 (custom)
2019-10-15 09:41:22,353 [pool-47-thread-1] INFO  server.RaftServerConfigKeys (ConfUtils.java:logGet(43)) - raft.server.log.segment.cache.num.max = 2 (custom)
2019-10-15 09:41:22,353 [pool-47-thread-1] INFO  segmented.SegmentedRaftLogWorker (SegmentedRaftLogWorker.java:<init>(173)) - new 5a3415c8-2f62-4637-b9c8-288e591ec7fd@group-94F0EA7A2ECC-SegmentedRaftLogWorker for RaftStorage:Storage Directory /workdir/hadoop-ozone/integration-test/target/test-dir/MiniOzoneClusterImpl-70a67178-95d0-485e-9f18-1ddbb1a0591f/datanode-2/data/ratis/dfcb23ed-22e6-4fa6-9f41-94f0ea7a2ecc
2019-10-15 09:41:22,353 [pool-47-thread-1] INFO  server.RaftServerConfigKeys (ConfUtils.java:logGet(43)) - raft.server.log.queue.byte-limit = 2147483647 (custom)
2019-10-15 09:41:22,353 [pool-47-thread-1] INFO  server.RaftServerConfigKeys (ConfUtils.java:logGet(43)) - raft.server.log.queue.element-limit = 1024 (custom)
2019-10-15 09:41:22,353 [pool-47-thread-1] INFO  server.RaftServerConfigKeys (ConfUtils.java:logGet(43)) - raft.server.log.segment.size.max = 1048576 (custom)
2019-10-15 09:41:22,353 [pool-47-thread-1] INFO  server.RaftServerConfigKeys (ConfUtils.java:logGet(43)) - raft.server.log.preallocated.size = 16384 (custom)
2019-10-15 09:41:22,354 [pool-47-thread-1] INFO  server.RaftServerConfigKeys (ConfUtils.java:logGet(43)) - raft.server.log.write.buffer.size = 33554432 (custom)
2019-10-15 09:41:22,354 [pool-47-thread-1] INFO  server.RaftServerConfigKeys (ConfUtils.java:logGet(43)) - raft.server.log.force.sync.num = 128 (default)
2019-10-15 09:41:22,354 [pool-47-thread-1] INFO  server.RaftServerConfigKeys (ConfUtils.java:logGet(43)) - raft.server.log.statemachine.data.sync = true (default)
2019-10-15 09:41:22,354 [pool-47-thread-1] INFO  server.RaftServerConfigKeys (ConfUtils.java:logGet(43)) - raft.server.log.statemachine.data.sync.timeout = 10s (default)
2019-10-15 09:41:22,354 [pool-47-thread-1] INFO  server.RaftServerConfigKeys (ConfUtils.java:logGet(43)) - raft.server.log.statemachine.data.sync.timeout.retry = -1 (default)
2019-10-15 09:41:22,355 [pool-47-thread-1] INFO  server.RaftServerConfigKeys (ConfUtils.java:logGet(43)) - raft.server.log.statemachine.data.caching.enabled = true (custom)
2019-10-15 09:41:22,355 [pool-47-thread-1] INFO  segmented.SegmentedRaftLogWorker (SegmentedRaftLogWorker.java:lambda$new$0(128)) - 5a3415c8-2f62-4637-b9c8-288e591ec7fd@group-94F0EA7A2ECC-SegmentedRaftLogWorker: flushIndex: setUnconditionally 0 -> -1
2019-10-15 09:41:22,355 [pool-47-thread-1] INFO  server.RaftServerConfigKeys (ConfUtils.java:logGet(43)) - raft.server.snapshot.auto.trigger.enabled = true (custom)
2019-10-15 09:41:22,355 [pool-47-thread-1] INFO  server.RaftServerConfigKeys (ConfUtils.java:logGet(43)) - raft.server.snapshot.auto.trigger.threshold = 10000 (custom)
2019-10-15 09:41:22,355 [pool-47-thread-1] INFO  server.RaftServerConfigKeys (ConfUtils.java:logGet(43)) - raft.server.snapshot.retention.file.num = 5 (custom)
2019-10-15 09:41:22,356 [pool-47-thread-1] INFO  server.RaftServerConfigKeys (ConfUtils.java:logGet(43)) - raft.server.retrycache.expirytime = 600000ms (custom)
2019-10-15 09:41:22,358 [pool-47-thread-1] INFO  impl.RaftServerImpl (RaftServerImpl.java:start(181)) - 5a3415c8-2f62-4637-b9c8-288e591ec7fd@group-94F0EA7A2ECC: start as a follower, conf=-1: [5a3415c8-2f62-4637-b9c8-288e591ec7fd:192.168.69.65:36157], old=null
2019-10-15 09:41:22,358 [pool-47-thread-1] INFO  impl.RaftServerImpl (RaftServerImpl.java:setRole(170)) - 5a3415c8-2f62-4637-b9c8-288e591ec7fd@group-94F0EA7A2ECC: changes role from      null to FOLLOWER at term 0 for startAsFollower
2019-10-15 09:41:22,358 [pool-47-thread-1] INFO  impl.RoleInfo (RoleInfo.java:updateAndGet(143)) - 5a3415c8-2f62-4637-b9c8-288e591ec7fd: start FollowerState
2019-10-15 09:41:22,359 [pool-47-thread-1] INFO  util.JmxRegister (JmxRegister.java:tryRegister(44)) - Successfully registered JMX Bean with object name Ratis:service=RaftServer,group=group-94F0EA7A2ECC,id=5a3415c8-2f62-4637-b9c8-288e591ec7fd
2019-10-15 09:41:22,377 [RatisPipelineUtilsThread] INFO  pipeline.PipelineStateManager (PipelineStateManager.java:addPipeline(56)) - Created pipeline Pipeline[ Id: dfcb23ed-22e6-4fa6-9f41-94f0ea7a2ecc, Nodes: 5a3415c8-2f62-4637-b9c8-288e591ec7fd{ip: 192.168.69.65, host: dev-nightly-20191015-lc69l-4092513605, networkLocation: /default-rack, certSerialId: null}, Type:RATIS, Factor:ONE, State:OPEN]
2019-10-15 09:41:22,406 [grpc-default-executor-0] INFO  impl.RaftServerProxy (RaftServerProxy.java:addNew(89)) - bb67c28d-dfc7-4185-8b4c-289c745cf645: addNew group-151EB0C3CE66:[bb67c28d-dfc7-4185-8b4c-289c745cf645:192.168.69.65:45444, 8834960b-a489-4abc-804e-3f405938e0ba:192.168.69.65:34330, 53a86d64-027e-41d3-b3ab-7adf34bb34d8:192.168.69.65:33086] returns group-151EB0C3CE66:java.util.concurrent.CompletableFuture@7f1b8ce2[Not completed]
2019-10-15 09:41:22,409 [grpc-default-executor-0] INFO  impl.RaftServerProxy (RaftServerProxy.java:addNew(89)) - 8834960b-a489-4abc-804e-3f405938e0ba: addNew group-151EB0C3CE66:[bb67c28d-dfc7-4185-8b4c-289c745cf645:192.168.69.65:45444, 8834960b-a489-4abc-804e-3f405938e0ba:192.168.69.65:34330, 53a86d64-027e-41d3-b3ab-7adf34bb34d8:192.168.69.65:33086] returns group-151EB0C3CE66:java.util.concurrent.CompletableFuture@77ccb6b9[Not completed]
2019-10-15 09:41:22,410 [pool-27-thread-1] INFO  impl.RaftServerImpl (RaftServerImpl.java:<init>(95)) - bb67c28d-dfc7-4185-8b4c-289c745cf645: new RaftServerImpl for group-151EB0C3CE66:[bb67c28d-dfc7-4185-8b4c-289c745cf645:192.168.69.65:45444, 8834960b-a489-4abc-804e-3f405938e0ba:192.168.69.65:34330, 53a86d64-027e-41d3-b3ab-7adf34bb34d8:192.168.69.65:33086] with ContainerStateMachine:uninitialized
2019-10-15 09:41:22,410 [pool-27-thread-1] INFO  server.RaftServerConfigKeys (ConfUtils.java:logGet(43)) - raft.server.rpc.timeout.min = 5s (custom)
2019-10-15 09:41:22,411 [pool-27-thread-1] INFO  server.RaftServerConfigKeys (ConfUtils.java:logGet(43)) - raft.server.rpc.timeout.max = 5200ms (custom)
2019-10-15 09:41:22,411 [pool-27-thread-1] INFO  server.RaftServerConfigKeys (ConfUtils.java:logGet(43)) - raft.server.rpcslowness.timeout = 120s (custom)
2019-10-15 09:41:22,411 [pool-27-thread-1] INFO  server.RaftServerConfigKeys (ConfUtils.java:logGet(43)) - raft.server.sleep.deviation.threshold = 300 (default)
2019-10-15 09:41:22,412 [pool-27-thread-1] INFO  server.RaftServerConfigKeys (ConfUtils.java:logGet(43)) - raft.server.log.appender.install.snapshot.enabled = false (custom)
2019-10-15 09:41:22,412 [pool-27-thread-1] INFO  impl.RaftServerImpl (ServerState.java:<init>(103)) - bb67c28d-dfc7-4185-8b4c-289c745cf645@group-151EB0C3CE66: ConfigurationManager, init=-1: [bb67c28d-dfc7-4185-8b4c-289c745cf645:192.168.69.65:45444, 8834960b-a489-4abc-804e-3f405938e0ba:192.168.69.65:34330, 53a86d64-027e-41d3-b3ab-7adf34bb34d8:192.168.69.65:33086], old=null, confs=<EMPTY_MAP>
2019-10-15 09:41:22,412 [pool-27-thread-1] INFO  server.RaftServerConfigKeys (ConfUtils.java:logGet(43)) - raft.server.storage.dir = [/workdir/hadoop-ozone/integration-test/target/test-dir/MiniOzoneClusterImpl-70a67178-95d0-485e-9f18-1ddbb1a0591f/datanode-0/data/ratis] (custom)
2019-10-15 09:41:22,412 [grpc-default-executor-0] INFO  impl.RaftServerProxy (RaftServerProxy.java:addNew(89)) - 53a86d64-027e-41d3-b3ab-7adf34bb34d8: addNew group-151EB0C3CE66:[bb67c28d-dfc7-4185-8b4c-289c745cf645:192.168.69.65:45444, 8834960b-a489-4abc-804e-3f405938e0ba:192.168.69.65:34330, 53a86d64-027e-41d3-b3ab-7adf34bb34d8:192.168.69.65:33086] returns group-151EB0C3CE66:java.util.concurrent.CompletableFuture@7b1adfe5[Not completed]
2019-10-15 09:41:22,412 [pool-77-thread-1] INFO  impl.RaftServerImpl (RaftServerImpl.java:<init>(95)) - 8834960b-a489-4abc-804e-3f405938e0ba: new RaftServerImpl for group-151EB0C3CE66:[bb67c28d-dfc7-4185-8b4c-289c745cf645:192.168.69.65:45444, 8834960b-a489-4abc-804e-3f405938e0ba:192.168.69.65:34330, 53a86d64-027e-41d3-b3ab-7adf34bb34d8:192.168.69.65:33086] with ContainerStateMachine:uninitialized
2019-10-15 09:41:22,412 [pool-27-thread-1] INFO  server.RaftServerConfigKeys (ConfUtils.java:logGet(43)) - raft.server.log.corruption.policy = EXCEPTION (default)
2019-10-15 09:41:22,412 [pool-77-thread-1] INFO  server.RaftServerConfigKeys (ConfUtils.java:logGet(43)) - raft.server.rpc.timeout.min = 5s (custom)
2019-10-15 09:41:22,413 [pool-27-thread-1] INFO  storage.RaftStorageDirectory (RaftStorageDirectory.java:analyzeStorage(246)) - The storage directory /workdir/hadoop-ozone/integration-test/target/test-dir/MiniOzoneClusterImpl-70a67178-95d0-485e-9f18-1ddbb1a0591f/datanode-0/data/ratis/3f56a06c-3cb2-43ee-8e5e-151eb0c3ce66 does not exist. Creating ...
2019-10-15 09:41:22,413 [pool-77-thread-1] INFO  server.RaftServerConfigKeys (ConfUtils.java:logGet(43)) - raft.server.rpc.timeout.max = 5200ms (custom)
2019-10-15 09:41:22,413 [pool-77-thread-1] INFO  server.RaftServerConfigKeys (ConfUtils.java:logGet(43)) - raft.server.rpcslowness.timeout = 120s (custom)
2019-10-15 09:41:22,413 [pool-77-thread-1] INFO  server.RaftServerConfigKeys (ConfUtils.java:logGet(43)) - raft.server.sleep.deviation.threshold = 300 (default)
2019-10-15 09:41:22,413 [pool-77-thread-1] INFO  server.RaftServerConfigKeys (ConfUtils.java:logGet(43)) - raft.server.log.appender.install.snapshot.enabled = false (custom)
2019-10-15 09:41:22,413 [pool-77-thread-1] INFO  impl.RaftServerImpl (ServerState.java:<init>(103)) - 8834960b-a489-4abc-804e-3f405938e0ba@group-151EB0C3CE66: ConfigurationManager, init=-1: [bb67c28d-dfc7-4185-8b4c-289c745cf645:192.168.69.65:45444, 8834960b-a489-4abc-804e-3f405938e0ba:192.168.69.65:34330, 53a86d64-027e-41d3-b3ab-7adf34bb34d8:192.168.69.65:33086], old=null, confs=<EMPTY_MAP>
2019-10-15 09:41:22,414 [pool-77-thread-1] INFO  server.RaftServerConfigKeys (ConfUtils.java:logGet(43)) - raft.server.storage.dir = [/workdir/hadoop-ozone/integration-test/target/test-dir/MiniOzoneClusterImpl-70a67178-95d0-485e-9f18-1ddbb1a0591f/datanode-5/data/ratis] (custom)
2019-10-15 09:41:22,414 [pool-87-thread-1] INFO  impl.RaftServerImpl (RaftServerImpl.java:<init>(95)) - 53a86d64-027e-41d3-b3ab-7adf34bb34d8: new RaftServerImpl for group-151EB0C3CE66:[bb67c28d-dfc7-4185-8b4c-289c745cf645:192.168.69.65:45444, 8834960b-a489-4abc-804e-3f405938e0ba:192.168.69.65:34330, 53a86d64-027e-41d3-b3ab-7adf34bb34d8:192.168.69.65:33086] with ContainerStateMachine:uninitialized
2019-10-15 09:41:22,414 [pool-77-thread-1] INFO  server.RaftServerConfigKeys (ConfUtils.java:logGet(43)) - raft.server.log.corruption.policy = EXCEPTION (default)
2019-10-15 09:41:22,414 [pool-87-thread-1] INFO  server.RaftServerConfigKeys (ConfUtils.java:logGet(43)) - raft.server.rpc.timeout.min = 5s (custom)
2019-10-15 09:41:22,414 [pool-77-thread-1] INFO  storage.RaftStorageDirectory (RaftStorageDirectory.java:analyzeStorage(246)) - The storage directory /workdir/hadoop-ozone/integration-test/target/test-dir/MiniOzoneClusterImpl-70a67178-95d0-485e-9f18-1ddbb1a0591f/datanode-5/data/ratis/3f56a06c-3cb2-43ee-8e5e-151eb0c3ce66 does not exist. Creating ...
2019-10-15 09:41:22,414 [pool-87-thread-1] INFO  server.RaftServerConfigKeys (ConfUtils.java:logGet(43)) - raft.server.rpc.timeout.max = 5200ms (custom)
2019-10-15 09:41:22,414 [pool-87-thread-1] INFO  server.RaftServerConfigKeys (ConfUtils.java:logGet(43)) - raft.server.rpcslowness.timeout = 120s (custom)
2019-10-15 09:41:22,415 [pool-87-thread-1] INFO  server.RaftServerConfigKeys (ConfUtils.java:logGet(43)) - raft.server.sleep.deviation.threshold = 300 (default)
2019-10-15 09:41:22,415 [pool-87-thread-1] INFO  server.RaftServerConfigKeys (ConfUtils.java:logGet(43)) - raft.server.log.appender.install.snapshot.enabled = false (custom)
2019-10-15 09:41:22,415 [pool-87-thread-1] INFO  impl.RaftServerImpl (ServerState.java:<init>(103)) - 53a86d64-027e-41d3-b3ab-7adf34bb34d8@group-151EB0C3CE66: ConfigurationManager, init=-1: [bb67c28d-dfc7-4185-8b4c-289c745cf645:192.168.69.65:45444, 8834960b-a489-4abc-804e-3f405938e0ba:192.168.69.65:34330, 53a86d64-027e-41d3-b3ab-7adf34bb34d8:192.168.69.65:33086], old=null, confs=<EMPTY_MAP>
2019-10-15 09:41:22,415 [pool-87-thread-1] INFO  server.RaftServerConfigKeys (ConfUtils.java:logGet(43)) - raft.server.storage.dir = [/workdir/hadoop-ozone/integration-test/target/test-dir/MiniOzoneClusterImpl-70a67178-95d0-485e-9f18-1ddbb1a0591f/datanode-6/data/ratis] (custom)
2019-10-15 09:41:22,415 [pool-87-thread-1] INFO  server.RaftServerConfigKeys (ConfUtils.java:logGet(43)) - raft.server.log.corruption.policy = EXCEPTION (default)
2019-10-15 09:41:22,416 [pool-87-thread-1] INFO  storage.RaftStorageDirectory (RaftStorageDirectory.java:analyzeStorage(246)) - The storage directory /workdir/hadoop-ozone/integration-test/target/test-dir/MiniOzoneClusterImpl-70a67178-95d0-485e-9f18-1ddbb1a0591f/datanode-6/data/ratis/3f56a06c-3cb2-43ee-8e5e-151eb0c3ce66 does not exist. Creating ...
2019-10-15 09:41:22,438 [pool-77-thread-1] INFO  storage.RaftStorageDirectory (RaftStorageDirectory.java:tryLock(328)) - Lock on /workdir/hadoop-ozone/integration-test/target/test-dir/MiniOzoneClusterImpl-70a67178-95d0-485e-9f18-1ddbb1a0591f/datanode-5/data/ratis/3f56a06c-3cb2-43ee-8e5e-151eb0c3ce66/in_use.lock acquired by nodename 13614@dev-nightly-20191015-lc69l-4092513605
2019-10-15 09:41:22,438 [pool-27-thread-1] INFO  storage.RaftStorageDirectory (RaftStorageDirectory.java:tryLock(328)) - Lock on /workdir/hadoop-ozone/integration-test/target/test-dir/MiniOzoneClusterImpl-70a67178-95d0-485e-9f18-1ddbb1a0591f/datanode-0/data/ratis/3f56a06c-3cb2-43ee-8e5e-151eb0c3ce66/in_use.lock acquired by nodename 13614@dev-nightly-20191015-lc69l-4092513605
2019-10-15 09:41:22,438 [pool-87-thread-1] INFO  storage.RaftStorageDirectory (RaftStorageDirectory.java:tryLock(328)) - Lock on /workdir/hadoop-ozone/integration-test/target/test-dir/MiniOzoneClusterImpl-70a67178-95d0-485e-9f18-1ddbb1a0591f/datanode-6/data/ratis/3f56a06c-3cb2-43ee-8e5e-151eb0c3ce66/in_use.lock acquired by nodename 13614@dev-nightly-20191015-lc69l-4092513605
2019-10-15 09:41:22,461 [pool-27-thread-1] INFO  storage.RaftStorage (RaftStorage.java:format(84)) - Storage directory /workdir/hadoop-ozone/integration-test/target/test-dir/MiniOzoneClusterImpl-70a67178-95d0-485e-9f18-1ddbb1a0591f/datanode-0/data/ratis/3f56a06c-3cb2-43ee-8e5e-151eb0c3ce66 has been successfully formatted.
2019-10-15 09:41:22,461 [pool-87-thread-1] INFO  storage.RaftStorage (RaftStorage.java:format(84)) - Storage directory /workdir/hadoop-ozone/integration-test/target/test-dir/MiniOzoneClusterImpl-70a67178-95d0-485e-9f18-1ddbb1a0591f/datanode-6/data/ratis/3f56a06c-3cb2-43ee-8e5e-151eb0c3ce66 has been successfully formatted.
2019-10-15 09:41:22,462 [pool-27-thread-1] INFO  ratis.ContainerStateMachine (ContainerStateMachine.java:loadSnapshot(231)) - group-151EB0C3CE66: The snapshot info is null. Setting the last applied indexto:(t:0, i:~)
2019-10-15 09:41:22,461 [pool-77-thread-1] INFO  storage.RaftStorage (RaftStorage.java:format(84)) - Storage directory /workdir/hadoop-ozone/integration-test/target/test-dir/MiniOzoneClusterImpl-70a67178-95d0-485e-9f18-1ddbb1a0591f/datanode-5/data/ratis/3f56a06c-3cb2-43ee-8e5e-151eb0c3ce66 has been successfully formatted.
2019-10-15 09:41:22,462 [pool-27-thread-1] INFO  server.RaftServerConfigKeys (ConfUtils.java:logGet(43)) - raft.server.notification.no-leader.timeout = 120s (custom)
2019-10-15 09:41:22,462 [pool-87-thread-1] INFO  ratis.ContainerStateMachine (ContainerStateMachine.java:loadSnapshot(231)) - group-151EB0C3CE66: The snapshot info is null. Setting the last applied indexto:(t:0, i:~)
2019-10-15 09:41:22,462 [pool-77-thread-1] INFO  ratis.ContainerStateMachine (ContainerStateMachine.java:loadSnapshot(231)) - group-151EB0C3CE66: The snapshot info is null. Setting the last applied indexto:(t:0, i:~)
2019-10-15 09:41:22,462 [pool-27-thread-1] INFO  server.RaftServerConfigKeys (ConfUtils.java:logGet(43)) - raft.server.log.use.memory = false (default)
2019-10-15 09:41:22,462 [pool-77-thread-1] INFO  server.RaftServerConfigKeys (ConfUtils.java:logGet(43)) - raft.server.notification.no-leader.timeout = 120s (custom)
2019-10-15 09:41:22,462 [pool-87-thread-1] INFO  server.RaftServerConfigKeys (ConfUtils.java:logGet(43)) - raft.server.notification.no-leader.timeout = 120s (custom)
2019-10-15 09:41:22,463 [pool-77-thread-1] INFO  server.RaftServerConfigKeys (ConfUtils.java:logGet(43)) - raft.server.log.use.memory = false (default)
2019-10-15 09:41:22,463 [pool-27-thread-1] INFO  server.RaftServerConfigKeys (ConfUtils.java:logGet(43)) - raft.server.log.purge.gap = 1000000 (custom)
2019-10-15 09:41:22,463 [pool-77-thread-1] INFO  server.RaftServerConfigKeys (ConfUtils.java:logGet(43)) - raft.server.log.purge.gap = 1000000 (custom)
2019-10-15 09:41:22,463 [pool-87-thread-1] INFO  server.RaftServerConfigKeys (ConfUtils.java:logGet(43)) - raft.server.log.use.memory = false (default)
2019-10-15 09:41:22,463 [pool-77-thread-1] INFO  server.RaftServerConfigKeys (ConfUtils.java:logGet(43)) - raft.server.log.appender.buffer.byte-limit = 33554432 (custom)
2019-10-15 09:41:22,463 [pool-27-thread-1] INFO  server.RaftServerConfigKeys (ConfUtils.java:logGet(43)) - raft.server.log.appender.buffer.byte-limit = 33554432 (custom)
2019-10-15 09:41:22,464 [pool-77-thread-1] INFO  server.RaftServerConfigKeys (ConfUtils.java:logGet(43)) - raft.server.log.segment.size.max = 1048576 (custom)
2019-10-15 09:41:22,463 [pool-87-thread-1] INFO  server.RaftServerConfigKeys (ConfUtils.java:logGet(43)) - raft.server.log.purge.gap = 1000000 (custom)
2019-10-15 09:41:22,464 [pool-77-thread-1] INFO  server.RaftServerConfigKeys (ConfUtils.java:logGet(43)) - raft.server.log.segment.cache.num.max = 2 (custom)
2019-10-15 09:41:22,464 [pool-27-thread-1] INFO  server.RaftServerConfigKeys (ConfUtils.java:logGet(43)) - raft.server.log.segment.size.max = 1048576 (custom)
2019-10-15 09:41:22,464 [pool-77-thread-1] INFO  segmented.SegmentedRaftLogWorker (SegmentedRaftLogWorker.java:<init>(173)) - new 8834960b-a489-4abc-804e-3f405938e0ba@group-151EB0C3CE66-SegmentedRaftLogWorker for RaftStorage:Storage Directory /workdir/hadoop-ozone/integration-test/target/test-dir/MiniOzoneClusterImpl-70a67178-95d0-485e-9f18-1ddbb1a0591f/datanode-5/data/ratis/3f56a06c-3cb2-43ee-8e5e-151eb0c3ce66
2019-10-15 09:41:22,464 [pool-87-thread-1] INFO  server.RaftServerConfigKeys (ConfUtils.java:logGet(43)) - raft.server.log.appender.buffer.byte-limit = 33554432 (custom)
2019-10-15 09:41:22,464 [pool-77-thread-1] INFO  server.RaftServerConfigKeys (ConfUtils.java:logGet(43)) - raft.server.log.queue.byte-limit = 2147483647 (custom)
2019-10-15 09:41:22,464 [pool-27-thread-1] INFO  server.RaftServerConfigKeys (ConfUtils.java:logGet(43)) - raft.server.log.segment.cache.num.max = 2 (custom)
2019-10-15 09:41:22,465 [pool-77-thread-1] INFO  server.RaftServerConfigKeys (ConfUtils.java:logGet(43)) - raft.server.log.queue.element-limit = 1024 (custom)
2019-10-15 09:41:22,465 [pool-87-thread-1] INFO  server.RaftServerConfigKeys (ConfUtils.java:logGet(43)) - raft.server.log.segment.size.max = 1048576 (custom)
2019-10-15 09:41:22,465 [pool-77-thread-1] INFO  server.RaftServerConfigKeys (ConfUtils.java:logGet(43)) - raft.server.log.segment.size.max = 1048576 (custom)
2019-10-15 09:41:22,465 [pool-27-thread-1] INFO  segmented.SegmentedRaftLogWorker (SegmentedRaftLogWorker.java:<init>(173)) - new bb67c28d-dfc7-4185-8b4c-289c745cf645@group-151EB0C3CE66-SegmentedRaftLogWorker for RaftStorage:Storage Directory /workdir/hadoop-ozone/integration-test/target/test-dir/MiniOzoneClusterImpl-70a67178-95d0-485e-9f18-1ddbb1a0591f/datanode-0/data/ratis/3f56a06c-3cb2-43ee-8e5e-151eb0c3ce66
2019-10-15 09:41:22,465 [pool-77-thread-1] INFO  server.RaftServerConfigKeys (ConfUtils.java:logGet(43)) - raft.server.log.preallocated.size = 16384 (custom)
2019-10-15 09:41:22,465 [pool-87-thread-1] INFO  server.RaftServerConfigKeys (ConfUtils.java:logGet(43)) - raft.server.log.segment.cache.num.max = 2 (custom)
2019-10-15 09:41:22,466 [pool-77-thread-1] INFO  server.RaftServerConfigKeys (ConfUtils.java:logGet(43)) - raft.server.log.write.buffer.size = 33554432 (custom)
2019-10-15 09:41:22,465 [pool-27-thread-1] INFO  server.RaftServerConfigKeys (ConfUtils.java:logGet(43)) - raft.server.log.queue.byte-limit = 2147483647 (custom)
2019-10-15 09:41:22,466 [pool-77-thread-1] INFO  server.RaftServerConfigKeys (ConfUtils.java:logGet(43)) - raft.server.log.force.sync.num = 128 (default)
2019-10-15 09:41:22,466 [pool-77-thread-1] INFO  server.RaftServerConfigKeys (ConfUtils.java:logGet(43)) - raft.server.log.statemachine.data.sync = true (default)
2019-10-15 09:41:22,466 [pool-87-thread-1] INFO  segmented.SegmentedRaftLogWorker (SegmentedRaftLogWorker.java:<init>(173)) - new 53a86d64-027e-41d3-b3ab-7adf34bb34d8@group-151EB0C3CE66-SegmentedRaftLogWorker for RaftStorage:Storage Directory /workdir/hadoop-ozone/integration-test/target/test-dir/MiniOzoneClusterImpl-70a67178-95d0-485e-9f18-1ddbb1a0591f/datanode-6/data/ratis/3f56a06c-3cb2-43ee-8e5e-151eb0c3ce66
2019-10-15 09:41:22,466 [pool-77-thread-1] INFO  server.RaftServerConfigKeys (ConfUtils.java:logGet(43)) - raft.server.log.statemachine.data.sync.timeout = 10s (default)
2019-10-15 09:41:22,466 [pool-27-thread-1] INFO  server.RaftServerConfigKeys (ConfUtils.java:logGet(43)) - raft.server.log.queue.element-limit = 1024 (custom)
2019-10-15 09:41:22,467 [pool-77-thread-1] INFO  server.RaftServerConfigKeys (ConfUtils.java:logGet(43)) - raft.server.log.statemachine.data.sync.timeout.retry = -1 (default)
2019-10-15 09:41:22,467 [pool-87-thread-1] INFO  server.RaftServerConfigKeys (ConfUtils.java:logGet(43)) - raft.server.log.queue.byte-limit = 2147483647 (custom)
2019-10-15 09:41:22,467 [pool-77-thread-1] INFO  server.RaftServerConfigKeys (ConfUtils.java:logGet(43)) - raft.server.log.statemachine.data.caching.enabled = true (custom)
2019-10-15 09:41:22,467 [pool-27-thread-1] INFO  server.RaftServerConfigKeys (ConfUtils.java:logGet(43)) - raft.server.log.segment.size.max = 1048576 (custom)
2019-10-15 09:41:22,467 [pool-87-thread-1] INFO  server.RaftServerConfigKeys (ConfUtils.java:logGet(43)) - raft.server.log.queue.element-limit = 1024 (custom)
2019-10-15 09:41:22,468 [pool-77-thread-1] INFO  segmented.SegmentedRaftLogWorker (SegmentedRaftLogWorker.java:lambda$new$0(128)) - 8834960b-a489-4abc-804e-3f405938e0ba@group-151EB0C3CE66-SegmentedRaftLogWorker: flushIndex: setUnconditionally 0 -> -1
2019-10-15 09:41:22,467 [pool-27-thread-1] INFO  server.RaftServerConfigKeys (ConfUtils.java:logGet(43)) - raft.server.log.preallocated.size = 16384 (custom)
2019-10-15 09:41:22,468 [pool-87-thread-1] INFO  server.RaftServerConfigKeys (ConfUtils.java:logGet(43)) - raft.server.log.segment.size.max = 1048576 (custom)
2019-10-15 09:41:22,468 [pool-27-thread-1] INFO  server.RaftServerConfigKeys (ConfUtils.java:logGet(43)) - raft.server.log.write.buffer.size = 33554432 (custom)
2019-10-15 09:41:22,468 [pool-77-thread-1] INFO  server.RaftServerConfigKeys (ConfUtils.java:logGet(43)) - raft.server.snapshot.auto.trigger.enabled = true (custom)
2019-10-15 09:41:22,468 [pool-27-thread-1] INFO  server.RaftServerConfigKeys (ConfUtils.java:logGet(43)) - raft.server.log.force.sync.num = 128 (default)
2019-10-15 09:41:22,468 [pool-87-thread-1] INFO  server.RaftServerConfigKeys (ConfUtils.java:logGet(43)) - raft.server.log.preallocated.size = 16384 (custom)
2019-10-15 09:41:22,468 [pool-27-thread-1] INFO  server.RaftServerConfigKeys (ConfUtils.java:logGet(43)) - raft.server.log.statemachine.data.sync = true (default)
2019-10-15 09:41:22,468 [pool-77-thread-1] INFO  server.RaftServerConfigKeys (ConfUtils.java:logGet(43)) - raft.server.snapshot.auto.trigger.threshold = 10000 (custom)
2019-10-15 09:41:22,469 [pool-27-thread-1] INFO  server.RaftServerConfigKeys (ConfUtils.java:logGet(43)) - raft.server.log.statemachine.data.sync.timeout = 10s (default)
2019-10-15 09:41:22,469 [pool-87-thread-1] INFO  server.RaftServerConfigKeys (ConfUtils.java:logGet(43)) - raft.server.log.write.buffer.size = 33554432 (custom)
2019-10-15 09:41:22,469 [pool-27-thread-1] INFO  server.RaftServerConfigKeys (ConfUtils.java:logGet(43)) - raft.server.log.statemachine.data.sync.timeout.retry = -1 (default)
2019-10-15 09:41:22,469 [pool-77-thread-1] INFO  server.RaftServerConfigKeys (ConfUtils.java:logGet(43)) - raft.server.snapshot.retention.file.num = 5 (custom)
2019-10-15 09:41:22,469 [pool-87-thread-1] INFO  server.RaftServerConfigKeys (ConfUtils.java:logGet(43)) - raft.server.log.force.sync.num = 128 (default)
2019-10-15 09:41:22,470 [pool-77-thread-1] INFO  server.RaftServerConfigKeys (ConfUtils.java:logGet(43)) - raft.server.retrycache.expirytime = 600000ms (custom)
2019-10-15 09:41:22,470 [pool-27-thread-1] INFO  server.RaftServerConfigKeys (ConfUtils.java:logGet(43)) - raft.server.log.statemachine.data.caching.enabled = true (custom)
2019-10-15 09:41:22,470 [pool-87-thread-1] INFO  server.RaftServerConfigKeys (ConfUtils.java:logGet(43)) - raft.server.log.statemachine.data.sync = true (default)
2019-10-15 09:41:22,470 [pool-27-thread-1] INFO  segmented.SegmentedRaftLogWorker (SegmentedRaftLogWorker.java:lambda$new$0(128)) - bb67c28d-dfc7-4185-8b4c-289c745cf645@group-151EB0C3CE66-SegmentedRaftLogWorker: flushIndex: setUnconditionally 0 -> -1
2019-10-15 09:41:22,470 [pool-87-thread-1] INFO  server.RaftServerConfigKeys (ConfUtils.java:logGet(43)) - raft.server.log.statemachine.data.sync.timeout = 10s (default)
2019-10-15 09:41:22,471 [pool-87-thread-1] INFO  server.RaftServerConfigKeys (ConfUtils.java:logGet(43)) - raft.server.log.statemachine.data.sync.timeout.retry = -1 (default)
2019-10-15 09:41:22,471 [pool-27-thread-1] INFO  server.RaftServerConfigKeys (ConfUtils.java:logGet(43)) - raft.server.snapshot.auto.trigger.enabled = true (custom)
2019-10-15 09:41:22,471 [pool-27-thread-1] INFO  server.RaftServerConfigKeys (ConfUtils.java:logGet(43)) - raft.server.snapshot.auto.trigger.threshold = 10000 (custom)
2019-10-15 09:41:22,471 [pool-87-thread-1] INFO  server.RaftServerConfigKeys (ConfUtils.java:logGet(43)) - raft.server.log.statemachine.data.caching.enabled = true (custom)
2019-10-15 09:41:22,471 [pool-27-thread-1] INFO  server.RaftServerConfigKeys (ConfUtils.java:logGet(43)) - raft.server.snapshot.retention.file.num = 5 (custom)
2019-10-15 09:41:22,471 [pool-27-thread-1] INFO  server.RaftServerConfigKeys (ConfUtils.java:logGet(43)) - raft.server.retrycache.expirytime = 600000ms (custom)
2019-10-15 09:41:22,472 [pool-87-thread-1] INFO  segmented.SegmentedRaftLogWorker (SegmentedRaftLogWorker.java:lambda$new$0(128)) - 53a86d64-027e-41d3-b3ab-7adf34bb34d8@group-151EB0C3CE66-SegmentedRaftLogWorker: flushIndex: setUnconditionally 0 -> -1
2019-10-15 09:41:22,472 [pool-87-thread-1] INFO  server.RaftServerConfigKeys (ConfUtils.java:logGet(43)) - raft.server.snapshot.auto.trigger.enabled = true (custom)
2019-10-15 09:41:22,472 [pool-87-thread-1] INFO  server.RaftServerConfigKeys (ConfUtils.java:logGet(43)) - raft.server.snapshot.auto.trigger.threshold = 10000 (custom)
2019-10-15 09:41:22,472 [pool-87-thread-1] INFO  server.RaftServerConfigKeys (ConfUtils.java:logGet(43)) - raft.server.snapshot.retention.file.num = 5 (custom)
2019-10-15 09:41:22,473 [pool-87-thread-1] INFO  server.RaftServerConfigKeys (ConfUtils.java:logGet(43)) - raft.server.retrycache.expirytime = 600000ms (custom)
2019-10-15 09:41:22,473 [pool-77-thread-1] INFO  impl.RaftServerImpl (RaftServerImpl.java:start(181)) - 8834960b-a489-4abc-804e-3f405938e0ba@group-151EB0C3CE66: start as a follower, conf=-1: [bb67c28d-dfc7-4185-8b4c-289c745cf645:192.168.69.65:45444, 8834960b-a489-4abc-804e-3f405938e0ba:192.168.69.65:34330, 53a86d64-027e-41d3-b3ab-7adf34bb34d8:192.168.69.65:33086], old=null
2019-10-15 09:41:22,474 [pool-77-thread-1] INFO  impl.RaftServerImpl (RaftServerImpl.java:setRole(170)) - 8834960b-a489-4abc-804e-3f405938e0ba@group-151EB0C3CE66: changes role from      null to FOLLOWER at term 0 for startAsFollower
2019-10-15 09:41:22,474 [pool-77-thread-1] INFO  impl.RoleInfo (RoleInfo.java:updateAndGet(143)) - 8834960b-a489-4abc-804e-3f405938e0ba: start FollowerState
2019-10-15 09:41:22,474 [pool-77-thread-1] INFO  util.JmxRegister (JmxRegister.java:tryRegister(44)) - Successfully registered JMX Bean with object name Ratis:service=RaftServer,group=group-151EB0C3CE66,id=8834960b-a489-4abc-804e-3f405938e0ba
2019-10-15 09:41:22,476 [pool-27-thread-1] INFO  impl.RaftServerImpl (RaftServerImpl.java:start(181)) - bb67c28d-dfc7-4185-8b4c-289c745cf645@group-151EB0C3CE66: start as a follower, conf=-1: [bb67c28d-dfc7-4185-8b4c-289c745cf645:192.168.69.65:45444, 8834960b-a489-4abc-804e-3f405938e0ba:192.168.69.65:34330, 53a86d64-027e-41d3-b3ab-7adf34bb34d8:192.168.69.65:33086], old=null
2019-10-15 09:41:22,476 [pool-27-thread-1] INFO  impl.RaftServerImpl (RaftServerImpl.java:setRole(170)) - bb67c28d-dfc7-4185-8b4c-289c745cf645@group-151EB0C3CE66: changes role from      null to FOLLOWER at term 0 for startAsFollower
2019-10-15 09:41:22,476 [pool-27-thread-1] INFO  impl.RoleInfo (RoleInfo.java:updateAndGet(143)) - bb67c28d-dfc7-4185-8b4c-289c745cf645: start FollowerState
2019-10-15 09:41:22,477 [pool-27-thread-1] INFO  util.JmxRegister (JmxRegister.java:tryRegister(44)) - Successfully registered JMX Bean with object name Ratis:service=RaftServer,group=group-151EB0C3CE66,id=bb67c28d-dfc7-4185-8b4c-289c745cf645
2019-10-15 09:41:22,477 [pool-87-thread-1] INFO  impl.RaftServerImpl (RaftServerImpl.java:start(181)) - 53a86d64-027e-41d3-b3ab-7adf34bb34d8@group-151EB0C3CE66: start as a follower, conf=-1: [bb67c28d-dfc7-4185-8b4c-289c745cf645:192.168.69.65:45444, 8834960b-a489-4abc-804e-3f405938e0ba:192.168.69.65:34330, 53a86d64-027e-41d3-b3ab-7adf34bb34d8:192.168.69.65:33086], old=null
2019-10-15 09:41:22,477 [pool-87-thread-1] INFO  impl.RaftServerImpl (RaftServerImpl.java:setRole(170)) - 53a86d64-027e-41d3-b3ab-7adf34bb34d8@group-151EB0C3CE66: changes role from      null to FOLLOWER at term 0 for startAsFollower
2019-10-15 09:41:22,477 [pool-87-thread-1] INFO  impl.RoleInfo (RoleInfo.java:updateAndGet(143)) - 53a86d64-027e-41d3-b3ab-7adf34bb34d8: start FollowerState
2019-10-15 09:41:22,478 [pool-87-thread-1] INFO  util.JmxRegister (JmxRegister.java:tryRegister(44)) - Successfully registered JMX Bean with object name Ratis:service=RaftServer,group=group-151EB0C3CE66,id=53a86d64-027e-41d3-b3ab-7adf34bb34d8
2019-10-15 09:41:22,500 [RatisPipelineUtilsThread] INFO  pipeline.PipelineStateManager (PipelineStateManager.java:addPipeline(56)) - Created pipeline Pipeline[ Id: 3f56a06c-3cb2-43ee-8e5e-151eb0c3ce66, Nodes: bb67c28d-dfc7-4185-8b4c-289c745cf645{ip: 192.168.69.65, host: dev-nightly-20191015-lc69l-4092513605, networkLocation: /default-rack, certSerialId: null}8834960b-a489-4abc-804e-3f405938e0ba{ip: 192.168.69.65, host: dev-nightly-20191015-lc69l-4092513605, networkLocation: /default-rack, certSerialId: null}53a86d64-027e-41d3-b3ab-7adf34bb34d8{ip: 192.168.69.65, host: dev-nightly-20191015-lc69l-4092513605, networkLocation: /default-rack, certSerialId: null}, Type:RATIS, Factor:THREE, State:OPEN]
2019-10-15 09:41:22,510 [main] INFO  ozone.MiniOzoneClusterImpl (MiniOzoneClusterImpl.java:lambda$waitForClusterToBeReady$0(147)) - Cluster is ready. Got 7 of 7 DN Heartbeats.
2019-10-15 09:41:22,532 [grpc-default-executor-1] INFO  impl.RaftServerProxy (RaftServerProxy.java:addNew(89)) - 4a399a1d-79a2-4c5b-9d27-91ca6d638b74: addNew group-87F41C3F4095:[09ef7beb-d26b-4bb2-9eab-5c6b1c3e87e8:192.168.69.65:42336, 0ec0ad77-b494-4568-a61d-f3148840548b:192.168.69.65:37008, 4a399a1d-79a2-4c5b-9d27-91ca6d638b74:192.168.69.65:36254] returns group-87F41C3F4095:java.util.concurrent.CompletableFuture@7f431b9f[Not completed]
2019-10-15 09:41:22,532 [grpc-default-executor-0] INFO  impl.RaftServerProxy (RaftServerProxy.java:addNew(89)) - 09ef7beb-d26b-4bb2-9eab-5c6b1c3e87e8: addNew group-87F41C3F4095:[09ef7beb-d26b-4bb2-9eab-5c6b1c3e87e8:192.168.69.65:42336, 0ec0ad77-b494-4568-a61d-f3148840548b:192.168.69.65:37008, 4a399a1d-79a2-4c5b-9d27-91ca6d638b74:192.168.69.65:36254] returns group-87F41C3F4095:java.util.concurrent.CompletableFuture@4f7c994f[Not completed]
2019-10-15 09:41:22,534 [grpc-default-executor-2] INFO  impl.RaftServerProxy (RaftServerProxy.java:addNew(89)) - 0ec0ad77-b494-4568-a61d-f3148840548b: addNew group-87F41C3F4095:[09ef7beb-d26b-4bb2-9eab-5c6b1c3e87e8:192.168.69.65:42336, 0ec0ad77-b494-4568-a61d-f3148840548b:192.168.69.65:37008, 4a399a1d-79a2-4c5b-9d27-91ca6d638b74:192.168.69.65:36254] returns group-87F41C3F4095:java.util.concurrent.CompletableFuture@39afcb0[Not completed]
2019-10-15 09:41:22,537 [pool-37-thread-1] INFO  impl.RaftServerImpl (RaftServerImpl.java:<init>(95)) - 09ef7beb-d26b-4bb2-9eab-5c6b1c3e87e8: new RaftServerImpl for group-87F41C3F4095:[09ef7beb-d26b-4bb2-9eab-5c6b1c3e87e8:192.168.69.65:42336, 0ec0ad77-b494-4568-a61d-f3148840548b:192.168.69.65:37008, 4a399a1d-79a2-4c5b-9d27-91ca6d638b74:192.168.69.65:36254] with ContainerStateMachine:uninitialized
2019-10-15 09:41:22,537 [pool-37-thread-1] INFO  server.RaftServerConfigKeys (ConfUtils.java:logGet(43)) - raft.server.rpc.timeout.min = 5s (custom)
2019-10-15 09:41:22,537 [pool-37-thread-1] INFO  server.RaftServerConfigKeys (ConfUtils.java:logGet(43)) - raft.server.rpc.timeout.max = 5200ms (custom)
2019-10-15 09:41:22,538 [pool-37-thread-1] INFO  server.RaftServerConfigKeys (ConfUtils.java:logGet(43)) - raft.server.rpcslowness.timeout = 120s (custom)
2019-10-15 09:41:22,538 [pool-37-thread-1] INFO  server.RaftServerConfigKeys (ConfUtils.java:logGet(43)) - raft.server.sleep.deviation.threshold = 300 (default)
2019-10-15 09:41:22,538 [pool-37-thread-1] INFO  server.RaftServerConfigKeys (ConfUtils.java:logGet(43)) - raft.server.log.appender.install.snapshot.enabled = false (custom)
2019-10-15 09:41:22,538 [pool-37-thread-1] INFO  impl.RaftServerImpl (ServerState.java:<init>(103)) - 09ef7beb-d26b-4bb2-9eab-5c6b1c3e87e8@group-87F41C3F4095: ConfigurationManager, init=-1: [09ef7beb-d26b-4bb2-9eab-5c6b1c3e87e8:192.168.69.65:42336, 0ec0ad77-b494-4568-a61d-f3148840548b:192.168.69.65:37008, 4a399a1d-79a2-4c5b-9d27-91ca6d638b74:192.168.69.65:36254], old=null, confs=<EMPTY_MAP>
2019-10-15 09:41:22,538 [pool-67-thread-1] INFO  impl.RaftServerImpl (RaftServerImpl.java:<init>(95)) - 0ec0ad77-b494-4568-a61d-f3148840548b: new RaftServerImpl for group-87F41C3F4095:[09ef7beb-d26b-4bb2-9eab-5c6b1c3e87e8:192.168.69.65:42336, 0ec0ad77-b494-4568-a61d-f3148840548b:192.168.69.65:37008, 4a399a1d-79a2-4c5b-9d27-91ca6d638b74:192.168.69.65:36254] with ContainerStateMachine:uninitialized
2019-10-15 09:41:22,538 [pool-37-thread-1] INFO  server.RaftServerConfigKeys (ConfUtils.java:logGet(43)) - raft.server.storage.dir = [/workdir/hadoop-ozone/integration-test/target/test-dir/MiniOzoneClusterImpl-70a67178-95d0-485e-9f18-1ddbb1a0591f/datanode-1/data/ratis] (custom)
2019-10-15 09:41:22,538 [pool-67-thread-1] INFO  server.RaftServerConfigKeys (ConfUtils.java:logGet(43)) - raft.server.rpc.timeout.min = 5s (custom)
2019-10-15 09:41:22,540 [pool-67-thread-1] INFO  server.RaftServerConfigKeys (ConfUtils.java:logGet(43)) - raft.server.rpc.timeout.max = 5200ms (custom)
2019-10-15 09:41:22,540 [pool-37-thread-1] INFO  server.RaftServerConfigKeys (ConfUtils.java:logGet(43)) - raft.server.log.corruption.policy = EXCEPTION (default)
2019-10-15 09:41:22,540 [pool-67-thread-1] INFO  server.RaftServerConfigKeys (ConfUtils.java:logGet(43)) - raft.server.rpcslowness.timeout = 120s (custom)
2019-10-15 09:41:22,540 [pool-67-thread-1] INFO  server.RaftServerConfigKeys (ConfUtils.java:logGet(43)) - raft.server.sleep.deviation.threshold = 300 (default)
2019-10-15 09:41:22,540 [pool-37-thread-1] INFO  storage.RaftStorageDirectory (RaftStorageDirectory.java:analyzeStorage(246)) - The storage directory /workdir/hadoop-ozone/integration-test/target/test-dir/MiniOzoneClusterImpl-70a67178-95d0-485e-9f18-1ddbb1a0591f/datanode-1/data/ratis/74e6e0e2-fcc1-4ca4-82bd-87f41c3f4095 does not exist. Creating ...
2019-10-15 09:41:22,541 [pool-67-thread-1] INFO  server.RaftServerConfigKeys (ConfUtils.java:logGet(43)) - raft.server.log.appender.install.snapshot.enabled = false (custom)
2019-10-15 09:41:22,541 [pool-67-thread-1] INFO  impl.RaftServerImpl (ServerState.java:<init>(103)) - 0ec0ad77-b494-4568-a61d-f3148840548b@group-87F41C3F4095: ConfigurationManager, init=-1: [09ef7beb-d26b-4bb2-9eab-5c6b1c3e87e8:192.168.69.65:42336, 0ec0ad77-b494-4568-a61d-f3148840548b:192.168.69.65:37008, 4a399a1d-79a2-4c5b-9d27-91ca6d638b74:192.168.69.65:36254], old=null, confs=<EMPTY_MAP>
2019-10-15 09:41:22,541 [pool-67-thread-1] INFO  server.RaftServerConfigKeys (ConfUtils.java:logGet(43)) - raft.server.storage.dir = [/workdir/hadoop-ozone/integration-test/target/test-dir/MiniOzoneClusterImpl-70a67178-95d0-485e-9f18-1ddbb1a0591f/datanode-4/data/ratis] (custom)
2019-10-15 09:41:22,541 [pool-57-thread-1] INFO  impl.RaftServerImpl (RaftServerImpl.java:<init>(95)) - 4a399a1d-79a2-4c5b-9d27-91ca6d638b74: new RaftServerImpl for group-87F41C3F4095:[09ef7beb-d26b-4bb2-9eab-5c6b1c3e87e8:192.168.69.65:42336, 0ec0ad77-b494-4568-a61d-f3148840548b:192.168.69.65:37008, 4a399a1d-79a2-4c5b-9d27-91ca6d638b74:192.168.69.65:36254] with ContainerStateMachine:uninitialized
2019-10-15 09:41:22,541 [pool-67-thread-1] INFO  server.RaftServerConfigKeys (ConfUtils.java:logGet(43)) - raft.server.log.corruption.policy = EXCEPTION (default)
2019-10-15 09:41:22,542 [pool-57-thread-1] INFO  server.RaftServerConfigKeys (ConfUtils.java:logGet(43)) - raft.server.rpc.timeout.min = 5s (custom)
2019-10-15 09:41:22,542 [pool-67-thread-1] INFO  storage.RaftStorageDirectory (RaftStorageDirectory.java:analyzeStorage(246)) - The storage directory /workdir/hadoop-ozone/integration-test/target/test-dir/MiniOzoneClusterImpl-70a67178-95d0-485e-9f18-1ddbb1a0591f/datanode-4/data/ratis/74e6e0e2-fcc1-4ca4-82bd-87f41c3f4095 does not exist. Creating ...
2019-10-15 09:41:22,542 [pool-57-thread-1] INFO  server.RaftServerConfigKeys (ConfUtils.java:logGet(43)) - raft.server.rpc.timeout.max = 5200ms (custom)
2019-10-15 09:41:22,542 [pool-57-thread-1] INFO  server.RaftServerConfigKeys (ConfUtils.java:logGet(43)) - raft.server.rpcslowness.timeout = 120s (custom)
2019-10-15 09:41:22,542 [pool-57-thread-1] INFO  server.RaftServerConfigKeys (ConfUtils.java:logGet(43)) - raft.server.sleep.deviation.threshold = 300 (default)
2019-10-15 09:41:22,543 [pool-57-thread-1] INFO  server.RaftServerConfigKeys (ConfUtils.java:logGet(43)) - raft.server.log.appender.install.snapshot.enabled = false (custom)
2019-10-15 09:41:22,543 [pool-57-thread-1] INFO  impl.RaftServerImpl (ServerState.java:<init>(103)) - 4a399a1d-79a2-4c5b-9d27-91ca6d638b74@group-87F41C3F4095: ConfigurationManager, init=-1: [09ef7beb-d26b-4bb2-9eab-5c6b1c3e87e8:192.168.69.65:42336, 0ec0ad77-b494-4568-a61d-f3148840548b:192.168.69.65:37008, 4a399a1d-79a2-4c5b-9d27-91ca6d638b74:192.168.69.65:36254], old=null, confs=<EMPTY_MAP>
2019-10-15 09:41:22,543 [pool-57-thread-1] INFO  server.RaftServerConfigKeys (ConfUtils.java:logGet(43)) - raft.server.storage.dir = [/workdir/hadoop-ozone/integration-test/target/test-dir/MiniOzoneClusterImpl-70a67178-95d0-485e-9f18-1ddbb1a0591f/datanode-3/data/ratis] (custom)
2019-10-15 09:41:22,543 [pool-57-thread-1] INFO  server.RaftServerConfigKeys (ConfUtils.java:logGet(43)) - raft.server.log.corruption.policy = EXCEPTION (default)
2019-10-15 09:41:22,544 [pool-57-thread-1] INFO  storage.RaftStorageDirectory (RaftStorageDirectory.java:analyzeStorage(246)) - The storage directory /workdir/hadoop-ozone/integration-test/target/test-dir/MiniOzoneClusterImpl-70a67178-95d0-485e-9f18-1ddbb1a0591f/datanode-3/data/ratis/74e6e0e2-fcc1-4ca4-82bd-87f41c3f4095 does not exist. Creating ...
2019-10-15 09:41:22,555 [pool-57-thread-1] INFO  storage.RaftStorageDirectory (RaftStorageDirectory.java:tryLock(328)) - Lock on /workdir/hadoop-ozone/integration-test/target/test-dir/MiniOzoneClusterImpl-70a67178-95d0-485e-9f18-1ddbb1a0591f/datanode-3/data/ratis/74e6e0e2-fcc1-4ca4-82bd-87f41c3f4095/in_use.lock acquired by nodename 13614@dev-nightly-20191015-lc69l-4092513605
2019-10-15 09:41:22,555 [pool-37-thread-1] INFO  storage.RaftStorageDirectory (RaftStorageDirectory.java:tryLock(328)) - Lock on /workdir/hadoop-ozone/integration-test/target/test-dir/MiniOzoneClusterImpl-70a67178-95d0-485e-9f18-1ddbb1a0591f/datanode-1/data/ratis/74e6e0e2-fcc1-4ca4-82bd-87f41c3f4095/in_use.lock acquired by nodename 13614@dev-nightly-20191015-lc69l-4092513605
2019-10-15 09:41:22,555 [pool-67-thread-1] INFO  storage.RaftStorageDirectory (RaftStorageDirectory.java:tryLock(328)) - Lock on /workdir/hadoop-ozone/integration-test/target/test-dir/MiniOzoneClusterImpl-70a67178-95d0-485e-9f18-1ddbb1a0591f/datanode-4/data/ratis/74e6e0e2-fcc1-4ca4-82bd-87f41c3f4095/in_use.lock acquired by nodename 13614@dev-nightly-20191015-lc69l-4092513605
2019-10-15 09:41:22,569 [pool-67-thread-1] INFO  storage.RaftStorage (RaftStorage.java:format(84)) - Storage directory /workdir/hadoop-ozone/integration-test/target/test-dir/MiniOzoneClusterImpl-70a67178-95d0-485e-9f18-1ddbb1a0591f/datanode-4/data/ratis/74e6e0e2-fcc1-4ca4-82bd-87f41c3f4095 has been successfully formatted.
2019-10-15 09:41:22,569 [pool-37-thread-1] INFO  storage.RaftStorage (RaftStorage.java:format(84)) - Storage directory /workdir/hadoop-ozone/integration-test/target/test-dir/MiniOzoneClusterImpl-70a67178-95d0-485e-9f18-1ddbb1a0591f/datanode-1/data/ratis/74e6e0e2-fcc1-4ca4-82bd-87f41c3f4095 has been successfully formatted.
2019-10-15 09:41:22,569 [pool-57-thread-1] INFO  storage.RaftStorage (RaftStorage.java:format(84)) - Storage directory /workdir/hadoop-ozone/integration-test/target/test-dir/MiniOzoneClusterImpl-70a67178-95d0-485e-9f18-1ddbb1a0591f/datanode-3/data/ratis/74e6e0e2-fcc1-4ca4-82bd-87f41c3f4095 has been successfully formatted.
2019-10-15 09:41:22,569 [pool-67-thread-1] INFO  ratis.ContainerStateMachine (ContainerStateMachine.java:loadSnapshot(231)) - group-87F41C3F4095: The snapshot info is null. Setting the last applied indexto:(t:0, i:~)
2019-10-15 09:41:22,569 [pool-37-thread-1] INFO  ratis.ContainerStateMachine (ContainerStateMachine.java:loadSnapshot(231)) - group-87F41C3F4095: The snapshot info is null. Setting the last applied indexto:(t:0, i:~)
2019-10-15 09:41:22,570 [pool-67-thread-1] INFO  server.RaftServerConfigKeys (ConfUtils.java:logGet(43)) - raft.server.notification.no-leader.timeout = 120s (custom)
2019-10-15 09:41:22,570 [pool-57-thread-1] INFO  ratis.ContainerStateMachine (ContainerStateMachine.java:loadSnapshot(231)) - group-87F41C3F4095: The snapshot info is null. Setting the last applied indexto:(t:0, i:~)
2019-10-15 09:41:22,570 [pool-67-thread-1] INFO  server.RaftServerConfigKeys (ConfUtils.java:logGet(43)) - raft.server.log.use.memory = false (default)
2019-10-15 09:41:22,570 [pool-37-thread-1] INFO  server.RaftServerConfigKeys (ConfUtils.java:logGet(43)) - raft.server.notification.no-leader.timeout = 120s (custom)
2019-10-15 09:41:22,570 [pool-67-thread-1] INFO  server.RaftServerConfigKeys (ConfUtils.java:logGet(43)) - raft.server.log.purge.gap = 1000000 (custom)
2019-10-15 09:41:22,571 [pool-37-thread-1] INFO  server.RaftServerConfigKeys (ConfUtils.java:logGet(43)) - raft.server.log.use.memory = false (default)
2019-10-15 09:41:22,570 [pool-57-thread-1] INFO  server.RaftServerConfigKeys (ConfUtils.java:logGet(43)) - raft.server.notification.no-leader.timeout = 120s (custom)
2019-10-15 09:41:22,571 [pool-37-thread-1] INFO  server.RaftServerConfigKeys (ConfUtils.java:logGet(43)) - raft.server.log.purge.gap = 1000000 (custom)
2019-10-15 09:41:22,571 [pool-67-thread-1] INFO  server.RaftServerConfigKeys (ConfUtils.java:logGet(43)) - raft.server.log.appender.buffer.byte-limit = 33554432 (custom)
2019-10-15 09:41:22,571 [pool-37-thread-1] INFO  server.RaftServerConfigKeys (ConfUtils.java:logGet(43)) - raft.server.log.appender.buffer.byte-limit = 33554432 (custom)
2019-10-15 09:41:22,571 [pool-57-thread-1] INFO  server.RaftServerConfigKeys (ConfUtils.java:logGet(43)) - raft.server.log.use.memory = false (default)
2019-10-15 09:41:22,571 [pool-37-thread-1] INFO  server.RaftServerConfigKeys (ConfUtils.java:logGet(43)) - raft.server.log.segment.size.max = 1048576 (custom)
2019-10-15 09:41:22,571 [pool-67-thread-1] INFO  server.RaftServerConfigKeys (ConfUtils.java:logGet(43)) - raft.server.log.segment.size.max = 1048576 (custom)
2019-10-15 09:41:22,572 [pool-37-thread-1] INFO  server.RaftServerConfigKeys (ConfUtils.java:logGet(43)) - raft.server.log.segment.cache.num.max = 2 (custom)
2019-10-15 09:41:22,571 [pool-57-thread-1] INFO  server.RaftServerConfigKeys (ConfUtils.java:logGet(43)) - raft.server.log.purge.gap = 1000000 (custom)
2019-10-15 09:41:22,572 [pool-37-thread-1] INFO  segmented.SegmentedRaftLogWorker (SegmentedRaftLogWorker.java:<init>(173)) - new 09ef7beb-d26b-4bb2-9eab-5c6b1c3e87e8@group-87F41C3F4095-SegmentedRaftLogWorker for RaftStorage:Storage Directory /workdir/hadoop-ozone/integration-test/target/test-dir/MiniOzoneClusterImpl-70a67178-95d0-485e-9f18-1ddbb1a0591f/datanode-1/data/ratis/74e6e0e2-fcc1-4ca4-82bd-87f41c3f4095
2019-10-15 09:41:22,572 [pool-67-thread-1] INFO  server.RaftServerConfigKeys (ConfUtils.java:logGet(43)) - raft.server.log.segment.cache.num.max = 2 (custom)
2019-10-15 09:41:22,572 [pool-37-thread-1] INFO  server.RaftServerConfigKeys (ConfUtils.java:logGet(43)) - raft.server.log.queue.byte-limit = 2147483647 (custom)
2019-10-15 09:41:22,572 [pool-57-thread-1] INFO  server.RaftServerConfigKeys (ConfUtils.java:logGet(43)) - raft.server.log.appender.buffer.byte-limit = 33554432 (custom)
2019-10-15 09:41:22,572 [pool-37-thread-1] INFO  server.RaftServerConfigKeys (ConfUtils.java:logGet(43)) - raft.server.log.queue.element-limit = 1024 (custom)
2019-10-15 09:41:22,572 [pool-67-thread-1] INFO  segmented.SegmentedRaftLogWorker (SegmentedRaftLogWorker.java:<init>(173)) - new 0ec0ad77-b494-4568-a61d-f3148840548b@group-87F41C3F4095-SegmentedRaftLogWorker for RaftStorage:Storage Directory /workdir/hadoop-ozone/integration-test/target/test-dir/MiniOzoneClusterImpl-70a67178-95d0-485e-9f18-1ddbb1a0591f/datanode-4/data/ratis/74e6e0e2-fcc1-4ca4-82bd-87f41c3f4095
2019-10-15 09:41:22,573 [pool-37-thread-1] INFO  server.RaftServerConfigKeys (ConfUtils.java:logGet(43)) - raft.server.log.segment.size.max = 1048576 (custom)
2019-10-15 09:41:22,573 [pool-57-thread-1] INFO  server.RaftServerConfigKeys (ConfUtils.java:logGet(43)) - raft.server.log.segment.size.max = 1048576 (custom)
2019-10-15 09:41:22,573 [pool-37-thread-1] INFO  server.RaftServerConfigKeys (ConfUtils.java:logGet(43)) - raft.server.log.preallocated.size = 16384 (custom)
2019-10-15 09:41:22,573 [pool-67-thread-1] INFO  server.RaftServerConfigKeys (ConfUtils.java:logGet(43)) - raft.server.log.queue.byte-limit = 2147483647 (custom)
2019-10-15 09:41:22,573 [pool-37-thread-1] INFO  server.RaftServerConfigKeys (ConfUtils.java:logGet(43)) - raft.server.log.write.buffer.size = 33554432 (custom)
2019-10-15 09:41:22,573 [pool-57-thread-1] INFO  server.RaftServerConfigKeys (ConfUtils.java:logGet(43)) - raft.server.log.segment.cache.num.max = 2 (custom)
2019-10-15 09:41:22,574 [pool-37-thread-1] INFO  server.RaftServerConfigKeys (ConfUtils.java:logGet(43)) - raft.server.log.force.sync.num = 128 (default)
2019-10-15 09:41:22,573 [pool-67-thread-1] INFO  server.RaftServerConfigKeys (ConfUtils.java:logGet(43)) - raft.server.log.queue.element-limit = 1024 (custom)
2019-10-15 09:41:22,574 [pool-37-thread-1] INFO  server.RaftServerConfigKeys (ConfUtils.java:logGet(43)) - raft.server.log.statemachine.data.sync = true (default)
2019-10-15 09:41:22,574 [pool-57-thread-1] INFO  segmented.SegmentedRaftLogWorker (SegmentedRaftLogWorker.java:<init>(173)) - new 4a399a1d-79a2-4c5b-9d27-91ca6d638b74@group-87F41C3F4095-SegmentedRaftLogWorker for RaftStorage:Storage Directory /workdir/hadoop-ozone/integration-test/target/test-dir/MiniOzoneClusterImpl-70a67178-95d0-485e-9f18-1ddbb1a0591f/datanode-3/data/ratis/74e6e0e2-fcc1-4ca4-82bd-87f41c3f4095
2019-10-15 09:41:22,574 [pool-37-thread-1] INFO  server.RaftServerConfigKeys (ConfUtils.java:logGet(43)) - raft.server.log.statemachine.data.sync.timeout = 10s (default)
2019-10-15 09:41:22,574 [pool-67-thread-1] INFO  server.RaftServerConfigKeys (ConfUtils.java:logGet(43)) - raft.server.log.segment.size.max = 1048576 (custom)
2019-10-15 09:41:22,574 [pool-37-thread-1] INFO  server.RaftServerConfigKeys (ConfUtils.java:logGet(43)) - raft.server.log.statemachine.data.sync.timeout.retry = -1 (default)
2019-10-15 09:41:22,574 [pool-57-thread-1] INFO  server.RaftServerConfigKeys (ConfUtils.java:logGet(43)) - raft.server.log.queue.byte-limit = 2147483647 (custom)
2019-10-15 09:41:22,575 [pool-37-thread-1] INFO  server.RaftServerConfigKeys (ConfUtils.java:logGet(43)) - raft.server.log.statemachine.data.caching.enabled = true (custom)
2019-10-15 09:41:22,575 [pool-67-thread-1] INFO  server.RaftServerConfigKeys (ConfUtils.java:logGet(43)) - raft.server.log.preallocated.size = 16384 (custom)
2019-10-15 09:41:22,575 [pool-57-thread-1] INFO  server.RaftServerConfigKeys (ConfUtils.java:logGet(43)) - raft.server.log.queue.element-limit = 1024 (custom)
2019-10-15 09:41:22,575 [pool-37-thread-1] INFO  segmented.SegmentedRaftLogWorker (SegmentedRaftLogWorker.java:lambda$new$0(128)) - 09ef7beb-d26b-4bb2-9eab-5c6b1c3e87e8@group-87F41C3F4095-SegmentedRaftLogWorker: flushIndex: setUnconditionally 0 -> -1
2019-10-15 09:41:22,575 [pool-67-thread-1] INFO  server.RaftServerConfigKeys (ConfUtils.java:logGet(43)) - raft.server.log.write.buffer.size = 33554432 (custom)
2019-10-15 09:41:22,575 [pool-57-thread-1] INFO  server.RaftServerConfigKeys (ConfUtils.java:logGet(43)) - raft.server.log.segment.size.max = 1048576 (custom)
2019-10-15 09:41:22,576 [pool-37-thread-1] INFO  server.RaftServerConfigKeys (ConfUtils.java:logGet(43)) - raft.server.snapshot.auto.trigger.enabled = true (custom)
2019-10-15 09:41:22,576 [pool-67-thread-1] INFO  server.RaftServerConfigKeys (ConfUtils.java:logGet(43)) - raft.server.log.force.sync.num = 128 (default)
2019-10-15 09:41:22,576 [pool-37-thread-1] INFO  server.RaftServerConfigKeys (ConfUtils.java:logGet(43)) - raft.server.snapshot.auto.trigger.threshold = 10000 (custom)
2019-10-15 09:41:22,576 [pool-57-thread-1] INFO  server.RaftServerConfigKeys (ConfUtils.java:logGet(43)) - raft.server.log.preallocated.size = 16384 (custom)
2019-10-15 09:41:22,576 [pool-37-thread-1] INFO  server.RaftServerConfigKeys (ConfUtils.java:logGet(43)) - raft.server.snapshot.retention.file.num = 5 (custom)
2019-10-15 09:41:22,576 [pool-67-thread-1] INFO  server.RaftServerConfigKeys (ConfUtils.java:logGet(43)) - raft.server.log.statemachine.data.sync = true (default)
2019-10-15 09:41:22,576 [pool-37-thread-1] INFO  server.RaftServerConfigKeys (ConfUtils.java:logGet(43)) - raft.server.retrycache.expirytime = 600000ms (custom)
2019-10-15 09:41:22,576 [pool-57-thread-1] INFO  server.RaftServerConfigKeys (ConfUtils.java:logGet(43)) - raft.server.log.write.buffer.size = 33554432 (custom)
2019-10-15 09:41:22,576 [pool-67-thread-1] INFO  server.RaftServerConfigKeys (ConfUtils.java:logGet(43)) - raft.server.log.statemachine.data.sync.timeout = 10s (default)
2019-10-15 09:41:22,577 [pool-57-thread-1] INFO  server.RaftServerConfigKeys (ConfUtils.java:logGet(43)) - raft.server.log.force.sync.num = 128 (default)
2019-10-15 09:41:22,577 [pool-67-thread-1] INFO  server.RaftServerConfigKeys (ConfUtils.java:logGet(43)) - raft.server.log.statemachine.data.sync.timeout.retry = -1 (default)
2019-10-15 09:41:22,577 [pool-57-thread-1] INFO  server.RaftServerConfigKeys (ConfUtils.java:logGet(43)) - raft.server.log.statemachine.data.sync = true (default)
2019-10-15 09:41:22,577 [pool-67-thread-1] INFO  server.RaftServerConfigKeys (ConfUtils.java:logGet(43)) - raft.server.log.statemachine.data.caching.enabled = true (custom)
2019-10-15 09:41:22,577 [pool-57-thread-1] INFO  server.RaftServerConfigKeys (ConfUtils.java:logGet(43)) - raft.server.log.statemachine.data.sync.timeout = 10s (default)
2019-10-15 09:41:22,578 [pool-57-thread-1] INFO  server.RaftServerConfigKeys (ConfUtils.java:logGet(43)) - raft.server.log.statemachine.data.sync.timeout.retry = -1 (default)
2019-10-15 09:41:22,578 [pool-67-thread-1] INFO  segmented.SegmentedRaftLogWorker (SegmentedRaftLogWorker.java:lambda$new$0(128)) - 0ec0ad77-b494-4568-a61d-f3148840548b@group-87F41C3F4095-SegmentedRaftLogWorker: flushIndex: setUnconditionally 0 -> -1
2019-10-15 09:41:22,578 [pool-57-thread-1] INFO  server.RaftServerConfigKeys (ConfUtils.java:logGet(43)) - raft.server.log.statemachine.data.caching.enabled = true (custom)
2019-10-15 09:41:22,578 [pool-67-thread-1] INFO  server.RaftServerConfigKeys (ConfUtils.java:logGet(43)) - raft.server.snapshot.auto.trigger.enabled = true (custom)
2019-10-15 09:41:22,578 [pool-57-thread-1] INFO  segmented.SegmentedRaftLogWorker (SegmentedRaftLogWorker.java:lambda$new$0(128)) - 4a399a1d-79a2-4c5b-9d27-91ca6d638b74@group-87F41C3F4095-SegmentedRaftLogWorker: flushIndex: setUnconditionally 0 -> -1
2019-10-15 09:41:22,578 [pool-67-thread-1] INFO  server.RaftServerConfigKeys (ConfUtils.java:logGet(43)) - raft.server.snapshot.auto.trigger.threshold = 10000 (custom)
2019-10-15 09:41:22,579 [pool-67-thread-1] INFO  server.RaftServerConfigKeys (ConfUtils.java:logGet(43)) - raft.server.snapshot.retention.file.num = 5 (custom)
2019-10-15 09:41:22,579 [pool-57-thread-1] INFO  server.RaftServerConfigKeys (ConfUtils.java:logGet(43)) - raft.server.snapshot.auto.trigger.enabled = true (custom)
2019-10-15 09:41:22,579 [pool-67-thread-1] INFO  server.RaftServerConfigKeys (ConfUtils.java:logGet(43)) - raft.server.retrycache.expirytime = 600000ms (custom)
2019-10-15 09:41:22,579 [pool-57-thread-1] INFO  server.RaftServerConfigKeys (ConfUtils.java:logGet(43)) - raft.server.snapshot.auto.trigger.threshold = 10000 (custom)
2019-10-15 09:41:22,579 [pool-57-thread-1] INFO  server.RaftServerConfigKeys (ConfUtils.java:logGet(43)) - raft.server.snapshot.retention.file.num = 5 (custom)
2019-10-15 09:41:22,579 [pool-57-thread-1] INFO  server.RaftServerConfigKeys (ConfUtils.java:logGet(43)) - raft.server.retrycache.expirytime = 600000ms (custom)
2019-10-15 09:41:22,580 [pool-37-thread-1] INFO  impl.RaftServerImpl (RaftServerImpl.java:start(181)) - 09ef7beb-d26b-4bb2-9eab-5c6b1c3e87e8@group-87F41C3F4095: start as a follower, conf=-1: [09ef7beb-d26b-4bb2-9eab-5c6b1c3e87e8:192.168.69.65:42336, 0ec0ad77-b494-4568-a61d-f3148840548b:192.168.69.65:37008, 4a399a1d-79a2-4c5b-9d27-91ca6d638b74:192.168.69.65:36254], old=null
2019-10-15 09:41:22,581 [pool-37-thread-1] INFO  impl.RaftServerImpl (RaftServerImpl.java:setRole(170)) - 09ef7beb-d26b-4bb2-9eab-5c6b1c3e87e8@group-87F41C3F4095: changes role from      null to FOLLOWER at term 0 for startAsFollower
2019-10-15 09:41:22,581 [pool-37-thread-1] INFO  impl.RoleInfo (RoleInfo.java:updateAndGet(143)) - 09ef7beb-d26b-4bb2-9eab-5c6b1c3e87e8: start FollowerState
2019-10-15 09:41:22,581 [pool-37-thread-1] INFO  util.JmxRegister (JmxRegister.java:tryRegister(44)) - Successfully registered JMX Bean with object name Ratis:service=RaftServer,group=group-87F41C3F4095,id=09ef7beb-d26b-4bb2-9eab-5c6b1c3e87e8
2019-10-15 09:41:22,583 [pool-67-thread-1] INFO  impl.RaftServerImpl (RaftServerImpl.java:start(181)) - 0ec0ad77-b494-4568-a61d-f3148840548b@group-87F41C3F4095: start as a follower, conf=-1: [09ef7beb-d26b-4bb2-9eab-5c6b1c3e87e8:192.168.69.65:42336, 0ec0ad77-b494-4568-a61d-f3148840548b:192.168.69.65:37008, 4a399a1d-79a2-4c5b-9d27-91ca6d638b74:192.168.69.65:36254], old=null
2019-10-15 09:41:22,583 [pool-67-thread-1] INFO  impl.RaftServerImpl (RaftServerImpl.java:setRole(170)) - 0ec0ad77-b494-4568-a61d-f3148840548b@group-87F41C3F4095: changes role from      null to FOLLOWER at term 0 for startAsFollower
2019-10-15 09:41:22,583 [pool-67-thread-1] INFO  impl.RoleInfo (RoleInfo.java:updateAndGet(143)) - 0ec0ad77-b494-4568-a61d-f3148840548b: start FollowerState
2019-10-15 09:41:22,583 [pool-57-thread-1] INFO  impl.RaftServerImpl (RaftServerImpl.java:start(181)) - 4a399a1d-79a2-4c5b-9d27-91ca6d638b74@group-87F41C3F4095: start as a follower, conf=-1: [09ef7beb-d26b-4bb2-9eab-5c6b1c3e87e8:192.168.69.65:42336, 0ec0ad77-b494-4568-a61d-f3148840548b:192.168.69.65:37008, 4a399a1d-79a2-4c5b-9d27-91ca6d638b74:192.168.69.65:36254], old=null
2019-10-15 09:41:22,584 [pool-67-thread-1] INFO  util.JmxRegister (JmxRegister.java:tryRegister(44)) - Successfully registered JMX Bean with object name Ratis:service=RaftServer,group=group-87F41C3F4095,id=0ec0ad77-b494-4568-a61d-f3148840548b
2019-10-15 09:41:22,584 [pool-57-thread-1] INFO  impl.RaftServerImpl (RaftServerImpl.java:setRole(170)) - 4a399a1d-79a2-4c5b-9d27-91ca6d638b74@group-87F41C3F4095: changes role from      null to FOLLOWER at term 0 for startAsFollower
2019-10-15 09:41:22,584 [pool-57-thread-1] INFO  impl.RoleInfo (RoleInfo.java:updateAndGet(143)) - 4a399a1d-79a2-4c5b-9d27-91ca6d638b74: start FollowerState
2019-10-15 09:41:22,584 [pool-57-thread-1] INFO  util.JmxRegister (JmxRegister.java:tryRegister(44)) - Successfully registered JMX Bean with object name Ratis:service=RaftServer,group=group-87F41C3F4095,id=4a399a1d-79a2-4c5b-9d27-91ca6d638b74
2019-10-15 09:41:22,616 [RatisPipelineUtilsThread] INFO  pipeline.PipelineStateManager (PipelineStateManager.java:addPipeline(56)) - Created pipeline Pipeline[ Id: 74e6e0e2-fcc1-4ca4-82bd-87f41c3f4095, Nodes: 4a399a1d-79a2-4c5b-9d27-91ca6d638b74{ip: 192.168.69.65, host: dev-nightly-20191015-lc69l-4092513605, networkLocation: /default-rack, certSerialId: null}0ec0ad77-b494-4568-a61d-f3148840548b{ip: 192.168.69.65, host: dev-nightly-20191015-lc69l-4092513605, networkLocation: /default-rack, certSerialId: null}09ef7beb-d26b-4bb2-9eab-5c6b1c3e87e8{ip: 192.168.69.65, host: dev-nightly-20191015-lc69l-4092513605, networkLocation: /default-rack, certSerialId: null}, Type:RATIS, Factor:THREE, State:OPEN]
2019-10-15 09:41:23,063 [main] INFO  rpc.RpcClient (RpcClient.java:createVolume(272)) - Creating Volume: testblockoutputstream, with jenkins1000 as owner.
2019-10-15 09:41:23,542 [IPC Server handler 1 on 43200] INFO  volume.OMVolumeCreateRequest (OMVolumeCreateRequest.java:validateAndUpdateCache(193)) - created volume:testblockoutputstream for user:jenkins1000
2019-10-15 09:41:23,570 [main] INFO  rpc.RpcClient (RpcClient.java:createBucket(411)) - Creating Bucket: testblockoutputstream/testblockoutputstream, with Versioning false and Storage Type set to DISK and Encryption set to false 
2019-10-15 09:41:23,595 [main] INFO  impl.MetricsSystemImpl (MetricsSystemImpl.java:init(158)) - XceiverClientMetrics metrics system started (again)
2019-10-15 09:41:23,984 [Thread-238] INFO  container.ReplicationManager (ReplicationManager.java:start(162)) - Starting Replication Monitor Thread.
2019-10-15 09:41:23,989 [ReplicationMonitor] INFO  container.ReplicationManager (ReplicationManager.java:run(225)) - Replication Monitor Thread took 3 milliseconds for processing 1 containers.
2019-10-15 09:41:26,759 [Thread-240] INFO  impl.FollowerState (FollowerState.java:run(108)) - bb67c28d-dfc7-4185-8b4c-289c745cf645@group-B6960C4CB0BE-FollowerState: change to CANDIDATE, lastRpcTime:5036ms, electionTimeout:5036ms
2019-10-15 09:41:26,762 [Thread-240] INFO  impl.RoleInfo (RoleInfo.java:shutdownFollowerState(121)) - bb67c28d-dfc7-4185-8b4c-289c745cf645: shutdown FollowerState
2019-10-15 09:41:26,762 [Thread-240] INFO  impl.RaftServerImpl (RaftServerImpl.java:setRole(170)) - bb67c28d-dfc7-4185-8b4c-289c745cf645@group-B6960C4CB0BE: changes role from  FOLLOWER to CANDIDATE at term 0 for changeToCandidate
2019-10-15 09:41:26,767 [Thread-240] INFO  impl.RoleInfo (RoleInfo.java:updateAndGet(143)) - bb67c28d-dfc7-4185-8b4c-289c745cf645: start LeaderElection
2019-10-15 09:41:26,784 [bb67c28d-dfc7-4185-8b4c-289c745cf645@group-B6960C4CB0BE-LeaderElection1] INFO  impl.LeaderElection (LeaderElection.java:askForVotes(178)) - bb67c28d-dfc7-4185-8b4c-289c745cf645@group-B6960C4CB0BE-LeaderElection1: begin an election at term 1 for -1: [bb67c28d-dfc7-4185-8b4c-289c745cf645:192.168.69.65:45444], old=null
2019-10-15 09:41:26,786 [bb67c28d-dfc7-4185-8b4c-289c745cf645@group-B6960C4CB0BE-LeaderElection1] INFO  impl.RoleInfo (RoleInfo.java:shutdownLeaderElection(134)) - bb67c28d-dfc7-4185-8b4c-289c745cf645: shutdown LeaderElection
2019-10-15 09:41:26,787 [bb67c28d-dfc7-4185-8b4c-289c745cf645@group-B6960C4CB0BE-LeaderElection1] INFO  impl.RaftServerImpl (RaftServerImpl.java:setRole(170)) - bb67c28d-dfc7-4185-8b4c-289c745cf645@group-B6960C4CB0BE: changes role from CANDIDATE to LEADER at term 1 for changeToLeader
2019-10-15 09:41:26,787 [bb67c28d-dfc7-4185-8b4c-289c745cf645@group-B6960C4CB0BE-LeaderElection1] INFO  impl.RaftServerImpl (ServerState.java:setLeader(255)) - bb67c28d-dfc7-4185-8b4c-289c745cf645@group-B6960C4CB0BE: change Leader from null to bb67c28d-dfc7-4185-8b4c-289c745cf645 at term 1 for becomeLeader, leader elected after 5178ms
2019-10-15 09:41:26,794 [bb67c28d-dfc7-4185-8b4c-289c745cf645@group-B6960C4CB0BE-LeaderElection1] INFO  server.RaftServerConfigKeys (ConfUtils.java:logGet(43)) - raft.server.staging.catchup.gap = 1000 (default)
2019-10-15 09:41:26,795 [bb67c28d-dfc7-4185-8b4c-289c745cf645@group-B6960C4CB0BE-LeaderElection1] INFO  server.RaftServerConfigKeys (ConfUtils.java:logGet(43)) - raft.server.rpc.sleep.time = 25ms (default)
2019-10-15 09:41:26,799 [bb67c28d-dfc7-4185-8b4c-289c745cf645@group-B6960C4CB0BE-LeaderElection1] INFO  server.RaftServerConfigKeys (ConfUtils.java:logGet(43)) - raft.server.write.element-limit = 4096 (default)
2019-10-15 09:41:26,802 [bb67c28d-dfc7-4185-8b4c-289c745cf645@group-B6960C4CB0BE-LeaderElection1] INFO  server.RaftServerConfigKeys (ConfUtils.java:logGet(43)) - raft.server.watch.timeout = 10s (default)
2019-10-15 09:41:26,802 [bb67c28d-dfc7-4185-8b4c-289c745cf645@group-B6960C4CB0BE-LeaderElection1] INFO  server.RaftServerConfigKeys (ConfUtils.java:logGet(43)) - raft.server.watch.timeout.denomination = 1s (default)
2019-10-15 09:41:26,803 [bb67c28d-dfc7-4185-8b4c-289c745cf645@group-B6960C4CB0BE-LeaderElection1] INFO  server.RaftServerConfigKeys (ConfUtils.java:logGet(43)) - raft.server.watch.element-limit = 65536 (default)
2019-10-15 09:41:26,819 [bb67c28d-dfc7-4185-8b4c-289c745cf645@group-B6960C4CB0BE-LeaderElection1] INFO  impl.RoleInfo (RoleInfo.java:updateAndGet(143)) - bb67c28d-dfc7-4185-8b4c-289c745cf645: start LeaderState
2019-10-15 09:41:26,842 [bb67c28d-dfc7-4185-8b4c-289c745cf645@group-B6960C4CB0BE-LeaderElection1] INFO  segmented.SegmentedRaftLogWorker (SegmentedRaftLogWorker.java:startLogSegment(385)) - bb67c28d-dfc7-4185-8b4c-289c745cf645@group-B6960C4CB0BE-SegmentedRaftLogWorker: Starting segment from index:0
2019-10-15 09:41:26,852 [bb67c28d-dfc7-4185-8b4c-289c745cf645@group-B6960C4CB0BE-LeaderElection1] INFO  impl.RaftServerImpl (ServerState.java:setRaftConf(356)) - bb67c28d-dfc7-4185-8b4c-289c745cf645@group-B6960C4CB0BE: set configuration 0: [bb67c28d-dfc7-4185-8b4c-289c745cf645:192.168.69.65:45444], old=null at 0
2019-10-15 09:41:27,025 [Thread-243] INFO  impl.FollowerState (FollowerState.java:run(108)) - 8834960b-a489-4abc-804e-3f405938e0ba@group-E6229D04C1E0-FollowerState: change to CANDIDATE, lastRpcTime:5121ms, electionTimeout:5120ms
2019-10-15 09:41:27,027 [Thread-243] INFO  impl.RoleInfo (RoleInfo.java:shutdownFollowerState(121)) - 8834960b-a489-4abc-804e-3f405938e0ba: shutdown FollowerState
2019-10-15 09:41:27,028 [Thread-243] INFO  impl.RaftServerImpl (RaftServerImpl.java:setRole(170)) - 8834960b-a489-4abc-804e-3f405938e0ba@group-E6229D04C1E0: changes role from  FOLLOWER to CANDIDATE at term 0 for changeToCandidate
2019-10-15 09:41:27,028 [Thread-243] INFO  impl.RoleInfo (RoleInfo.java:updateAndGet(143)) - 8834960b-a489-4abc-804e-3f405938e0ba: start LeaderElection
2019-10-15 09:41:27,036 [bb67c28d-dfc7-4185-8b4c-289c745cf645@group-B6960C4CB0BE-SegmentedRaftLogWorker] INFO  segmented.SegmentedRaftLogWorker (SegmentedRaftLogWorker.java:execute(574)) - bb67c28d-dfc7-4185-8b4c-289c745cf645@group-B6960C4CB0BE-SegmentedRaftLogWorker: created new log segment /workdir/hadoop-ozone/integration-test/target/test-dir/MiniOzoneClusterImpl-70a67178-95d0-485e-9f18-1ddbb1a0591f/datanode-0/data/ratis/61c819b1-0c1f-4e39-b079-b6960c4cb0be/current/log_inprogress_0
2019-10-15 09:41:27,038 [8834960b-a489-4abc-804e-3f405938e0ba@group-E6229D04C1E0-LeaderElection2] INFO  impl.LeaderElection (LeaderElection.java:askForVotes(178)) - 8834960b-a489-4abc-804e-3f405938e0ba@group-E6229D04C1E0-LeaderElection2: begin an election at term 1 for -1: [8834960b-a489-4abc-804e-3f405938e0ba:192.168.69.65:34330], old=null
2019-10-15 09:41:27,046 [8834960b-a489-4abc-804e-3f405938e0ba@group-E6229D04C1E0-LeaderElection2] INFO  impl.RoleInfo (RoleInfo.java:shutdownLeaderElection(134)) - 8834960b-a489-4abc-804e-3f405938e0ba: shutdown LeaderElection
2019-10-15 09:41:27,046 [8834960b-a489-4abc-804e-3f405938e0ba@group-E6229D04C1E0-LeaderElection2] INFO  impl.RaftServerImpl (RaftServerImpl.java:setRole(170)) - 8834960b-a489-4abc-804e-3f405938e0ba@group-E6229D04C1E0: changes role from CANDIDATE to LEADER at term 1 for changeToLeader
2019-10-15 09:41:27,046 [8834960b-a489-4abc-804e-3f405938e0ba@group-E6229D04C1E0-LeaderElection2] INFO  impl.RaftServerImpl (ServerState.java:setLeader(255)) - 8834960b-a489-4abc-804e-3f405938e0ba@group-E6229D04C1E0: change Leader from null to 8834960b-a489-4abc-804e-3f405938e0ba at term 1 for becomeLeader, leader elected after 5158ms
2019-10-15 09:41:27,048 [8834960b-a489-4abc-804e-3f405938e0ba@group-E6229D04C1E0-LeaderElection2] INFO  server.RaftServerConfigKeys (ConfUtils.java:logGet(43)) - raft.server.staging.catchup.gap = 1000 (default)
2019-10-15 09:41:27,048 [8834960b-a489-4abc-804e-3f405938e0ba@group-E6229D04C1E0-LeaderElection2] INFO  server.RaftServerConfigKeys (ConfUtils.java:logGet(43)) - raft.server.rpc.sleep.time = 25ms (default)
2019-10-15 09:41:27,048 [8834960b-a489-4abc-804e-3f405938e0ba@group-E6229D04C1E0-LeaderElection2] INFO  server.RaftServerConfigKeys (ConfUtils.java:logGet(43)) - raft.server.write.element-limit = 4096 (default)
2019-10-15 09:41:27,048 [8834960b-a489-4abc-804e-3f405938e0ba@group-E6229D04C1E0-LeaderElection2] INFO  server.RaftServerConfigKeys (ConfUtils.java:logGet(43)) - raft.server.watch.timeout = 10s (default)
2019-10-15 09:41:27,048 [8834960b-a489-4abc-804e-3f405938e0ba@group-E6229D04C1E0-LeaderElection2] INFO  server.RaftServerConfigKeys (ConfUtils.java:logGet(43)) - raft.server.watch.timeout.denomination = 1s (default)
2019-10-15 09:41:27,048 [8834960b-a489-4abc-804e-3f405938e0ba@group-E6229D04C1E0-LeaderElection2] INFO  server.RaftServerConfigKeys (ConfUtils.java:logGet(43)) - raft.server.watch.element-limit = 65536 (default)
2019-10-15 09:41:27,052 [8834960b-a489-4abc-804e-3f405938e0ba@group-E6229D04C1E0-LeaderElection2] INFO  impl.RoleInfo (RoleInfo.java:updateAndGet(143)) - 8834960b-a489-4abc-804e-3f405938e0ba: start LeaderState
2019-10-15 09:41:27,052 [8834960b-a489-4abc-804e-3f405938e0ba@group-E6229D04C1E0-LeaderElection2] INFO  segmented.SegmentedRaftLogWorker (SegmentedRaftLogWorker.java:startLogSegment(385)) - 8834960b-a489-4abc-804e-3f405938e0ba@group-E6229D04C1E0-SegmentedRaftLogWorker: Starting segment from index:0
2019-10-15 09:41:27,053 [8834960b-a489-4abc-804e-3f405938e0ba@group-E6229D04C1E0-LeaderElection2] INFO  impl.RaftServerImpl (ServerState.java:setRaftConf(356)) - 8834960b-a489-4abc-804e-3f405938e0ba@group-E6229D04C1E0: set configuration 0: [8834960b-a489-4abc-804e-3f405938e0ba:192.168.69.65:34330], old=null at 0
2019-10-15 09:41:27,082 [8834960b-a489-4abc-804e-3f405938e0ba@group-E6229D04C1E0-SegmentedRaftLogWorker] INFO  segmented.SegmentedRaftLogWorker (SegmentedRaftLogWorker.java:execute(574)) - 8834960b-a489-4abc-804e-3f405938e0ba@group-E6229D04C1E0-SegmentedRaftLogWorker: created new log segment /workdir/hadoop-ozone/integration-test/target/test-dir/MiniOzoneClusterImpl-70a67178-95d0-485e-9f18-1ddbb1a0591f/datanode-5/data/ratis/287e3e71-bbbe-4baa-be70-e6229d04c1e0/current/log_inprogress_0
2019-10-15 09:41:27,099 [Thread-246] INFO  impl.FollowerState (FollowerState.java:run(108)) - 53a86d64-027e-41d3-b3ab-7adf34bb34d8@group-9EBABD1C1DD8-FollowerState: change to CANDIDATE, lastRpcTime:5049ms, electionTimeout:5049ms
2019-10-15 09:41:27,099 [Thread-246] INFO  impl.RoleInfo (RoleInfo.java:shutdownFollowerState(121)) - 53a86d64-027e-41d3-b3ab-7adf34bb34d8: shutdown FollowerState
2019-10-15 09:41:27,099 [Thread-246] INFO  impl.RaftServerImpl (RaftServerImpl.java:setRole(170)) - 53a86d64-027e-41d3-b3ab-7adf34bb34d8@group-9EBABD1C1DD8: changes role from  FOLLOWER to CANDIDATE at term 0 for changeToCandidate
2019-10-15 09:41:27,100 [Thread-246] INFO  impl.RoleInfo (RoleInfo.java:updateAndGet(143)) - 53a86d64-027e-41d3-b3ab-7adf34bb34d8: start LeaderElection
2019-10-15 09:41:27,125 [53a86d64-027e-41d3-b3ab-7adf34bb34d8@group-9EBABD1C1DD8-LeaderElection3] INFO  impl.LeaderElection (LeaderElection.java:askForVotes(178)) - 53a86d64-027e-41d3-b3ab-7adf34bb34d8@group-9EBABD1C1DD8-LeaderElection3: begin an election at term 1 for -1: [53a86d64-027e-41d3-b3ab-7adf34bb34d8:192.168.69.65:33086], old=null
2019-10-15 09:41:27,126 [53a86d64-027e-41d3-b3ab-7adf34bb34d8@group-9EBABD1C1DD8-LeaderElection3] INFO  impl.RoleInfo (RoleInfo.java:shutdownLeaderElection(134)) - 53a86d64-027e-41d3-b3ab-7adf34bb34d8: shutdown LeaderElection
2019-10-15 09:41:27,126 [53a86d64-027e-41d3-b3ab-7adf34bb34d8@group-9EBABD1C1DD8-LeaderElection3] INFO  impl.RaftServerImpl (RaftServerImpl.java:setRole(170)) - 53a86d64-027e-41d3-b3ab-7adf34bb34d8@group-9EBABD1C1DD8: changes role from CANDIDATE to LEADER at term 1 for changeToLeader
2019-10-15 09:41:27,127 [53a86d64-027e-41d3-b3ab-7adf34bb34d8@group-9EBABD1C1DD8-LeaderElection3] INFO  impl.RaftServerImpl (ServerState.java:setLeader(255)) - 53a86d64-027e-41d3-b3ab-7adf34bb34d8@group-9EBABD1C1DD8: change Leader from null to 53a86d64-027e-41d3-b3ab-7adf34bb34d8 at term 1 for becomeLeader, leader elected after 5113ms
2019-10-15 09:41:27,128 [53a86d64-027e-41d3-b3ab-7adf34bb34d8@group-9EBABD1C1DD8-LeaderElection3] INFO  server.RaftServerConfigKeys (ConfUtils.java:logGet(43)) - raft.server.staging.catchup.gap = 1000 (default)
2019-10-15 09:41:27,128 [53a86d64-027e-41d3-b3ab-7adf34bb34d8@group-9EBABD1C1DD8-LeaderElection3] INFO  server.RaftServerConfigKeys (ConfUtils.java:logGet(43)) - raft.server.rpc.sleep.time = 25ms (default)
2019-10-15 09:41:27,129 [53a86d64-027e-41d3-b3ab-7adf34bb34d8@group-9EBABD1C1DD8-LeaderElection3] INFO  server.RaftServerConfigKeys (ConfUtils.java:logGet(43)) - raft.server.write.element-limit = 4096 (default)
2019-10-15 09:41:27,129 [53a86d64-027e-41d3-b3ab-7adf34bb34d8@group-9EBABD1C1DD8-LeaderElection3] INFO  server.RaftServerConfigKeys (ConfUtils.java:logGet(43)) - raft.server.watch.timeout = 10s (default)
2019-10-15 09:41:27,129 [53a86d64-027e-41d3-b3ab-7adf34bb34d8@group-9EBABD1C1DD8-LeaderElection3] INFO  server.RaftServerConfigKeys (ConfUtils.java:logGet(43)) - raft.server.watch.timeout.denomination = 1s (default)
2019-10-15 09:41:27,129 [53a86d64-027e-41d3-b3ab-7adf34bb34d8@group-9EBABD1C1DD8-LeaderElection3] INFO  server.RaftServerConfigKeys (ConfUtils.java:logGet(43)) - raft.server.watch.element-limit = 65536 (default)
2019-10-15 09:41:27,132 [53a86d64-027e-41d3-b3ab-7adf34bb34d8@group-9EBABD1C1DD8-LeaderElection3] INFO  impl.RoleInfo (RoleInfo.java:updateAndGet(143)) - 53a86d64-027e-41d3-b3ab-7adf34bb34d8: start LeaderState
2019-10-15 09:41:27,132 [53a86d64-027e-41d3-b3ab-7adf34bb34d8@group-9EBABD1C1DD8-LeaderElection3] INFO  segmented.SegmentedRaftLogWorker (SegmentedRaftLogWorker.java:startLogSegment(385)) - 53a86d64-027e-41d3-b3ab-7adf34bb34d8@group-9EBABD1C1DD8-SegmentedRaftLogWorker: Starting segment from index:0
2019-10-15 09:41:27,133 [53a86d64-027e-41d3-b3ab-7adf34bb34d8@group-9EBABD1C1DD8-LeaderElection3] INFO  impl.RaftServerImpl (ServerState.java:setRaftConf(356)) - 53a86d64-027e-41d3-b3ab-7adf34bb34d8@group-9EBABD1C1DD8: set configuration 0: [53a86d64-027e-41d3-b3ab-7adf34bb34d8:192.168.69.65:33086], old=null at 0
2019-10-15 09:41:27,175 [Thread-249] INFO  impl.FollowerState (FollowerState.java:run(108)) - 4a399a1d-79a2-4c5b-9d27-91ca6d638b74@group-BAA99CEB78F0-FollowerState: change to CANDIDATE, lastRpcTime:5043ms, electionTimeout:5030ms
2019-10-15 09:41:27,175 [Thread-249] INFO  impl.RoleInfo (RoleInfo.java:shutdownFollowerState(121)) - 4a399a1d-79a2-4c5b-9d27-91ca6d638b74: shutdown FollowerState
2019-10-15 09:41:27,175 [Thread-249] INFO  impl.RaftServerImpl (RaftServerImpl.java:setRole(170)) - 4a399a1d-79a2-4c5b-9d27-91ca6d638b74@group-BAA99CEB78F0: changes role from  FOLLOWER to CANDIDATE at term 0 for changeToCandidate
2019-10-15 09:41:27,175 [Thread-249] INFO  impl.RoleInfo (RoleInfo.java:updateAndGet(143)) - 4a399a1d-79a2-4c5b-9d27-91ca6d638b74: start LeaderElection
2019-10-15 09:41:27,187 [53a86d64-027e-41d3-b3ab-7adf34bb34d8@group-9EBABD1C1DD8-SegmentedRaftLogWorker] INFO  segmented.SegmentedRaftLogWorker (SegmentedRaftLogWorker.java:execute(574)) - 53a86d64-027e-41d3-b3ab-7adf34bb34d8@group-9EBABD1C1DD8-SegmentedRaftLogWorker: created new log segment /workdir/hadoop-ozone/integration-test/target/test-dir/MiniOzoneClusterImpl-70a67178-95d0-485e-9f18-1ddbb1a0591f/datanode-6/data/ratis/a231d606-0c6b-4383-8380-9ebabd1c1dd8/current/log_inprogress_0
2019-10-15 09:41:27,188 [4a399a1d-79a2-4c5b-9d27-91ca6d638b74@group-BAA99CEB78F0-LeaderElection4] INFO  impl.LeaderElection (LeaderElection.java:askForVotes(178)) - 4a399a1d-79a2-4c5b-9d27-91ca6d638b74@group-BAA99CEB78F0-LeaderElection4: begin an election at term 1 for -1: [4a399a1d-79a2-4c5b-9d27-91ca6d638b74:192.168.69.65:36254], old=null
2019-10-15 09:41:27,188 [4a399a1d-79a2-4c5b-9d27-91ca6d638b74@group-BAA99CEB78F0-LeaderElection4] INFO  impl.RoleInfo (RoleInfo.java:shutdownLeaderElection(134)) - 4a399a1d-79a2-4c5b-9d27-91ca6d638b74: shutdown LeaderElection
2019-10-15 09:41:27,188 [4a399a1d-79a2-4c5b-9d27-91ca6d638b74@group-BAA99CEB78F0-LeaderElection4] INFO  impl.RaftServerImpl (RaftServerImpl.java:setRole(170)) - 4a399a1d-79a2-4c5b-9d27-91ca6d638b74@group-BAA99CEB78F0: changes role from CANDIDATE to LEADER at term 1 for changeToLeader
2019-10-15 09:41:27,188 [4a399a1d-79a2-4c5b-9d27-91ca6d638b74@group-BAA99CEB78F0-LeaderElection4] INFO  impl.RaftServerImpl (ServerState.java:setLeader(255)) - 4a399a1d-79a2-4c5b-9d27-91ca6d638b74@group-BAA99CEB78F0: change Leader from null to 4a399a1d-79a2-4c5b-9d27-91ca6d638b74 at term 1 for becomeLeader, leader elected after 5070ms
2019-10-15 09:41:27,190 [4a399a1d-79a2-4c5b-9d27-91ca6d638b74@group-BAA99CEB78F0-LeaderElection4] INFO  server.RaftServerConfigKeys (ConfUtils.java:logGet(43)) - raft.server.staging.catchup.gap = 1000 (default)
2019-10-15 09:41:27,190 [4a399a1d-79a2-4c5b-9d27-91ca6d638b74@group-BAA99CEB78F0-LeaderElection4] INFO  server.RaftServerConfigKeys (ConfUtils.java:logGet(43)) - raft.server.rpc.sleep.time = 25ms (default)
2019-10-15 09:41:27,190 [4a399a1d-79a2-4c5b-9d27-91ca6d638b74@group-BAA99CEB78F0-LeaderElection4] INFO  server.RaftServerConfigKeys (ConfUtils.java:logGet(43)) - raft.server.write.element-limit = 4096 (default)
2019-10-15 09:41:27,191 [4a399a1d-79a2-4c5b-9d27-91ca6d638b74@group-BAA99CEB78F0-LeaderElection4] INFO  server.RaftServerConfigKeys (ConfUtils.java:logGet(43)) - raft.server.watch.timeout = 10s (default)
2019-10-15 09:41:27,191 [4a399a1d-79a2-4c5b-9d27-91ca6d638b74@group-BAA99CEB78F0-LeaderElection4] INFO  server.RaftServerConfigKeys (ConfUtils.java:logGet(43)) - raft.server.watch.timeout.denomination = 1s (default)
2019-10-15 09:41:27,191 [4a399a1d-79a2-4c5b-9d27-91ca6d638b74@group-BAA99CEB78F0-LeaderElection4] INFO  server.RaftServerConfigKeys (ConfUtils.java:logGet(43)) - raft.server.watch.element-limit = 65536 (default)
2019-10-15 09:41:27,195 [4a399a1d-79a2-4c5b-9d27-91ca6d638b74@group-BAA99CEB78F0-LeaderElection4] INFO  impl.RoleInfo (RoleInfo.java:updateAndGet(143)) - 4a399a1d-79a2-4c5b-9d27-91ca6d638b74: start LeaderState
2019-10-15 09:41:27,195 [4a399a1d-79a2-4c5b-9d27-91ca6d638b74@group-BAA99CEB78F0-LeaderElection4] INFO  segmented.SegmentedRaftLogWorker (SegmentedRaftLogWorker.java:startLogSegment(385)) - 4a399a1d-79a2-4c5b-9d27-91ca6d638b74@group-BAA99CEB78F0-SegmentedRaftLogWorker: Starting segment from index:0
2019-10-15 09:41:27,196 [4a399a1d-79a2-4c5b-9d27-91ca6d638b74@group-BAA99CEB78F0-LeaderElection4] INFO  impl.RaftServerImpl (ServerState.java:setRaftConf(356)) - 4a399a1d-79a2-4c5b-9d27-91ca6d638b74@group-BAA99CEB78F0: set configuration 0: [4a399a1d-79a2-4c5b-9d27-91ca6d638b74:192.168.69.65:36254], old=null at 0
2019-10-15 09:41:27,249 [4a399a1d-79a2-4c5b-9d27-91ca6d638b74@group-BAA99CEB78F0-SegmentedRaftLogWorker] INFO  segmented.SegmentedRaftLogWorker (SegmentedRaftLogWorker.java:execute(574)) - 4a399a1d-79a2-4c5b-9d27-91ca6d638b74@group-BAA99CEB78F0-SegmentedRaftLogWorker: created new log segment /workdir/hadoop-ozone/integration-test/target/test-dir/MiniOzoneClusterImpl-70a67178-95d0-485e-9f18-1ddbb1a0591f/datanode-3/data/ratis/2297dc78-65b9-4252-aaa8-baa99ceb78f0/current/log_inprogress_0
2019-10-15 09:41:27,384 [Thread-252] INFO  impl.FollowerState (FollowerState.java:run(108)) - 0ec0ad77-b494-4568-a61d-f3148840548b@group-3BA489730ED4-FollowerState: change to CANDIDATE, lastRpcTime:5184ms, electionTimeout:5184ms
2019-10-15 09:41:27,384 [Thread-252] INFO  impl.RoleInfo (RoleInfo.java:shutdownFollowerState(121)) - 0ec0ad77-b494-4568-a61d-f3148840548b: shutdown FollowerState
2019-10-15 09:41:27,384 [Thread-252] INFO  impl.RaftServerImpl (RaftServerImpl.java:setRole(170)) - 0ec0ad77-b494-4568-a61d-f3148840548b@group-3BA489730ED4: changes role from  FOLLOWER to CANDIDATE at term 0 for changeToCandidate
2019-10-15 09:41:27,385 [Thread-252] INFO  impl.RoleInfo (RoleInfo.java:updateAndGet(143)) - 0ec0ad77-b494-4568-a61d-f3148840548b: start LeaderElection
2019-10-15 09:41:27,393 [Thread-258] INFO  impl.FollowerState (FollowerState.java:run(108)) - 5a3415c8-2f62-4637-b9c8-288e591ec7fd@group-94F0EA7A2ECC-FollowerState: change to CANDIDATE, lastRpcTime:5034ms, electionTimeout:5034ms
2019-10-15 09:41:27,393 [Thread-258] INFO  impl.RoleInfo (RoleInfo.java:shutdownFollowerState(121)) - 5a3415c8-2f62-4637-b9c8-288e591ec7fd: shutdown FollowerState
2019-10-15 09:41:27,393 [Thread-258] INFO  impl.RaftServerImpl (RaftServerImpl.java:setRole(170)) - 5a3415c8-2f62-4637-b9c8-288e591ec7fd@group-94F0EA7A2ECC: changes role from  FOLLOWER to CANDIDATE at term 0 for changeToCandidate
2019-10-15 09:41:27,394 [Thread-258] INFO  impl.RoleInfo (RoleInfo.java:updateAndGet(143)) - 5a3415c8-2f62-4637-b9c8-288e591ec7fd: start LeaderElection
2019-10-15 09:41:27,402 [0ec0ad77-b494-4568-a61d-f3148840548b@group-3BA489730ED4-LeaderElection5] INFO  impl.LeaderElection (LeaderElection.java:askForVotes(178)) - 0ec0ad77-b494-4568-a61d-f3148840548b@group-3BA489730ED4-LeaderElection5: begin an election at term 1 for -1: [0ec0ad77-b494-4568-a61d-f3148840548b:192.168.69.65:37008], old=null
2019-10-15 09:41:27,402 [5a3415c8-2f62-4637-b9c8-288e591ec7fd@group-94F0EA7A2ECC-LeaderElection6] INFO  impl.LeaderElection (LeaderElection.java:askForVotes(178)) - 5a3415c8-2f62-4637-b9c8-288e591ec7fd@group-94F0EA7A2ECC-LeaderElection6: begin an election at term 1 for -1: [5a3415c8-2f62-4637-b9c8-288e591ec7fd:192.168.69.65:36157], old=null
2019-10-15 09:41:27,402 [0ec0ad77-b494-4568-a61d-f3148840548b@group-3BA489730ED4-LeaderElection5] INFO  impl.RoleInfo (RoleInfo.java:shutdownLeaderElection(134)) - 0ec0ad77-b494-4568-a61d-f3148840548b: shutdown LeaderElection
2019-10-15 09:41:27,402 [5a3415c8-2f62-4637-b9c8-288e591ec7fd@group-94F0EA7A2ECC-LeaderElection6] INFO  impl.RoleInfo (RoleInfo.java:shutdownLeaderElection(134)) - 5a3415c8-2f62-4637-b9c8-288e591ec7fd: shutdown LeaderElection
2019-10-15 09:41:27,402 [0ec0ad77-b494-4568-a61d-f3148840548b@group-3BA489730ED4-LeaderElection5] INFO  impl.RaftServerImpl (RaftServerImpl.java:setRole(170)) - 0ec0ad77-b494-4568-a61d-f3148840548b@group-3BA489730ED4: changes role from CANDIDATE to LEADER at term 1 for changeToLeader
2019-10-15 09:41:27,403 [5a3415c8-2f62-4637-b9c8-288e591ec7fd@group-94F0EA7A2ECC-LeaderElection6] INFO  impl.RaftServerImpl (RaftServerImpl.java:setRole(170)) - 5a3415c8-2f62-4637-b9c8-288e591ec7fd@group-94F0EA7A2ECC: changes role from CANDIDATE to LEADER at term 1 for changeToLeader
2019-10-15 09:41:27,403 [0ec0ad77-b494-4568-a61d-f3148840548b@group-3BA489730ED4-LeaderElection5] INFO  impl.RaftServerImpl (ServerState.java:setLeader(255)) - 0ec0ad77-b494-4568-a61d-f3148840548b@group-3BA489730ED4: change Leader from null to 0ec0ad77-b494-4568-a61d-f3148840548b at term 1 for becomeLeader, leader elected after 5213ms
2019-10-15 09:41:27,403 [5a3415c8-2f62-4637-b9c8-288e591ec7fd@group-94F0EA7A2ECC-LeaderElection6] INFO  impl.RaftServerImpl (ServerState.java:setLeader(255)) - 5a3415c8-2f62-4637-b9c8-288e591ec7fd@group-94F0EA7A2ECC: change Leader from null to 5a3415c8-2f62-4637-b9c8-288e591ec7fd at term 1 for becomeLeader, leader elected after 5053ms
2019-10-15 09:41:27,404 [0ec0ad77-b494-4568-a61d-f3148840548b@group-3BA489730ED4-LeaderElection5] INFO  server.RaftServerConfigKeys (ConfUtils.java:logGet(43)) - raft.server.staging.catchup.gap = 1000 (default)
2019-10-15 09:41:27,405 [5a3415c8-2f62-4637-b9c8-288e591ec7fd@group-94F0EA7A2ECC-LeaderElection6] INFO  server.RaftServerConfigKeys (ConfUtils.java:logGet(43)) - raft.server.staging.catchup.gap = 1000 (default)
2019-10-15 09:41:27,405 [0ec0ad77-b494-4568-a61d-f3148840548b@group-3BA489730ED4-LeaderElection5] INFO  server.RaftServerConfigKeys (ConfUtils.java:logGet(43)) - raft.server.rpc.sleep.time = 25ms (default)
2019-10-15 09:41:27,406 [5a3415c8-2f62-4637-b9c8-288e591ec7fd@group-94F0EA7A2ECC-LeaderElection6] INFO  server.RaftServerConfigKeys (ConfUtils.java:logGet(43)) - raft.server.rpc.sleep.time = 25ms (default)
2019-10-15 09:41:27,406 [0ec0ad77-b494-4568-a61d-f3148840548b@group-3BA489730ED4-LeaderElection5] INFO  server.RaftServerConfigKeys (ConfUtils.java:logGet(43)) - raft.server.write.element-limit = 4096 (default)
2019-10-15 09:41:27,406 [5a3415c8-2f62-4637-b9c8-288e591ec7fd@group-94F0EA7A2ECC-LeaderElection6] INFO  server.RaftServerConfigKeys (ConfUtils.java:logGet(43)) - raft.server.write.element-limit = 4096 (default)
2019-10-15 09:41:27,406 [0ec0ad77-b494-4568-a61d-f3148840548b@group-3BA489730ED4-LeaderElection5] INFO  server.RaftServerConfigKeys (ConfUtils.java:logGet(43)) - raft.server.watch.timeout = 10s (default)
2019-10-15 09:41:27,406 [5a3415c8-2f62-4637-b9c8-288e591ec7fd@group-94F0EA7A2ECC-LeaderElection6] INFO  server.RaftServerConfigKeys (ConfUtils.java:logGet(43)) - raft.server.watch.timeout = 10s (default)
2019-10-15 09:41:27,406 [0ec0ad77-b494-4568-a61d-f3148840548b@group-3BA489730ED4-LeaderElection5] INFO  server.RaftServerConfigKeys (ConfUtils.java:logGet(43)) - raft.server.watch.timeout.denomination = 1s (default)
2019-10-15 09:41:27,406 [5a3415c8-2f62-4637-b9c8-288e591ec7fd@group-94F0EA7A2ECC-LeaderElection6] INFO  server.RaftServerConfigKeys (ConfUtils.java:logGet(43)) - raft.server.watch.timeout.denomination = 1s (default)
2019-10-15 09:41:27,407 [0ec0ad77-b494-4568-a61d-f3148840548b@group-3BA489730ED4-LeaderElection5] INFO  server.RaftServerConfigKeys (ConfUtils.java:logGet(43)) - raft.server.watch.element-limit = 65536 (default)
2019-10-15 09:41:27,407 [5a3415c8-2f62-4637-b9c8-288e591ec7fd@group-94F0EA7A2ECC-LeaderElection6] INFO  server.RaftServerConfigKeys (ConfUtils.java:logGet(43)) - raft.server.watch.element-limit = 65536 (default)
2019-10-15 09:41:27,410 [0ec0ad77-b494-4568-a61d-f3148840548b@group-3BA489730ED4-LeaderElection5] INFO  impl.RoleInfo (RoleInfo.java:updateAndGet(143)) - 0ec0ad77-b494-4568-a61d-f3148840548b: start LeaderState
2019-10-15 09:41:27,410 [0ec0ad77-b494-4568-a61d-f3148840548b@group-3BA489730ED4-LeaderElection5] INFO  segmented.SegmentedRaftLogWorker (SegmentedRaftLogWorker.java:startLogSegment(385)) - 0ec0ad77-b494-4568-a61d-f3148840548b@group-3BA489730ED4-SegmentedRaftLogWorker: Starting segment from index:0
2019-10-15 09:41:27,410 [5a3415c8-2f62-4637-b9c8-288e591ec7fd@group-94F0EA7A2ECC-LeaderElection6] INFO  impl.RoleInfo (RoleInfo.java:updateAndGet(143)) - 5a3415c8-2f62-4637-b9c8-288e591ec7fd: start LeaderState
2019-10-15 09:41:27,411 [5a3415c8-2f62-4637-b9c8-288e591ec7fd@group-94F0EA7A2ECC-LeaderElection6] INFO  segmented.SegmentedRaftLogWorker (SegmentedRaftLogWorker.java:startLogSegment(385)) - 5a3415c8-2f62-4637-b9c8-288e591ec7fd@group-94F0EA7A2ECC-SegmentedRaftLogWorker: Starting segment from index:0
2019-10-15 09:41:27,411 [0ec0ad77-b494-4568-a61d-f3148840548b@group-3BA489730ED4-LeaderElection5] INFO  impl.RaftServerImpl (ServerState.java:setRaftConf(356)) - 0ec0ad77-b494-4568-a61d-f3148840548b@group-3BA489730ED4: set configuration 0: [0ec0ad77-b494-4568-a61d-f3148840548b:192.168.69.65:37008], old=null at 0
2019-10-15 09:41:27,437 [Thread-255] INFO  impl.FollowerState (FollowerState.java:run(108)) - 09ef7beb-d26b-4bb2-9eab-5c6b1c3e87e8@group-582C48EBB74E-FollowerState: change to CANDIDATE, lastRpcTime:5146ms, electionTimeout:5134ms
2019-10-15 09:41:27,437 [5a3415c8-2f62-4637-b9c8-288e591ec7fd@group-94F0EA7A2ECC-LeaderElection6] INFO  impl.RaftServerImpl (ServerState.java:setRaftConf(356)) - 5a3415c8-2f62-4637-b9c8-288e591ec7fd@group-94F0EA7A2ECC: set configuration 0: [5a3415c8-2f62-4637-b9c8-288e591ec7fd:192.168.69.65:36157], old=null at 0
2019-10-15 09:41:27,437 [Thread-255] INFO  impl.RoleInfo (RoleInfo.java:shutdownFollowerState(121)) - 09ef7beb-d26b-4bb2-9eab-5c6b1c3e87e8: shutdown FollowerState
2019-10-15 09:41:27,439 [Thread-255] INFO  impl.RaftServerImpl (RaftServerImpl.java:setRole(170)) - 09ef7beb-d26b-4bb2-9eab-5c6b1c3e87e8@group-582C48EBB74E: changes role from  FOLLOWER to CANDIDATE at term 0 for changeToCandidate
2019-10-15 09:41:27,439 [Thread-255] INFO  impl.RoleInfo (RoleInfo.java:updateAndGet(143)) - 09ef7beb-d26b-4bb2-9eab-5c6b1c3e87e8: start LeaderElection
2019-10-15 09:41:27,476 [0ec0ad77-b494-4568-a61d-f3148840548b@group-3BA489730ED4-SegmentedRaftLogWorker] INFO  segmented.SegmentedRaftLogWorker (SegmentedRaftLogWorker.java:execute(574)) - 0ec0ad77-b494-4568-a61d-f3148840548b@group-3BA489730ED4-SegmentedRaftLogWorker: created new log segment /workdir/hadoop-ozone/integration-test/target/test-dir/MiniOzoneClusterImpl-70a67178-95d0-485e-9f18-1ddbb1a0591f/datanode-4/data/ratis/868e4b93-ca10-4edf-9934-3ba489730ed4/current/log_inprogress_0
2019-10-15 09:41:27,489 [5a3415c8-2f62-4637-b9c8-288e591ec7fd@group-94F0EA7A2ECC-SegmentedRaftLogWorker] INFO  segmented.SegmentedRaftLogWorker (SegmentedRaftLogWorker.java:execute(574)) - 5a3415c8-2f62-4637-b9c8-288e591ec7fd@group-94F0EA7A2ECC-SegmentedRaftLogWorker: created new log segment /workdir/hadoop-ozone/integration-test/target/test-dir/MiniOzoneClusterImpl-70a67178-95d0-485e-9f18-1ddbb1a0591f/datanode-2/data/ratis/dfcb23ed-22e6-4fa6-9f41-94f0ea7a2ecc/current/log_inprogress_0
2019-10-15 09:41:27,489 [09ef7beb-d26b-4bb2-9eab-5c6b1c3e87e8@group-582C48EBB74E-LeaderElection7] INFO  impl.LeaderElection (LeaderElection.java:askForVotes(178)) - 09ef7beb-d26b-4bb2-9eab-5c6b1c3e87e8@group-582C48EBB74E-LeaderElection7: begin an election at term 1 for -1: [09ef7beb-d26b-4bb2-9eab-5c6b1c3e87e8:192.168.69.65:42336], old=null
2019-10-15 09:41:27,489 [09ef7beb-d26b-4bb2-9eab-5c6b1c3e87e8@group-582C48EBB74E-LeaderElection7] INFO  impl.RoleInfo (RoleInfo.java:shutdownLeaderElection(134)) - 09ef7beb-d26b-4bb2-9eab-5c6b1c3e87e8: shutdown LeaderElection
2019-10-15 09:41:27,489 [09ef7beb-d26b-4bb2-9eab-5c6b1c3e87e8@group-582C48EBB74E-LeaderElection7] INFO  impl.RaftServerImpl (RaftServerImpl.java:setRole(170)) - 09ef7beb-d26b-4bb2-9eab-5c6b1c3e87e8@group-582C48EBB74E: changes role from CANDIDATE to LEADER at term 1 for changeToLeader
2019-10-15 09:41:27,490 [09ef7beb-d26b-4bb2-9eab-5c6b1c3e87e8@group-582C48EBB74E-LeaderElection7] INFO  impl.RaftServerImpl (ServerState.java:setLeader(255)) - 09ef7beb-d26b-4bb2-9eab-5c6b1c3e87e8@group-582C48EBB74E: change Leader from null to 09ef7beb-d26b-4bb2-9eab-5c6b1c3e87e8 at term 1 for becomeLeader, leader elected after 5210ms
2019-10-15 09:41:27,491 [09ef7beb-d26b-4bb2-9eab-5c6b1c3e87e8@group-582C48EBB74E-LeaderElection7] INFO  server.RaftServerConfigKeys (ConfUtils.java:logGet(43)) - raft.server.staging.catchup.gap = 1000 (default)
2019-10-15 09:41:27,491 [09ef7beb-d26b-4bb2-9eab-5c6b1c3e87e8@group-582C48EBB74E-LeaderElection7] INFO  server.RaftServerConfigKeys (ConfUtils.java:logGet(43)) - raft.server.rpc.sleep.time = 25ms (default)
2019-10-15 09:41:27,491 [09ef7beb-d26b-4bb2-9eab-5c6b1c3e87e8@group-582C48EBB74E-LeaderElection7] INFO  server.RaftServerConfigKeys (ConfUtils.java:logGet(43)) - raft.server.write.element-limit = 4096 (default)
2019-10-15 09:41:27,492 [09ef7beb-d26b-4bb2-9eab-5c6b1c3e87e8@group-582C48EBB74E-LeaderElection7] INFO  server.RaftServerConfigKeys (ConfUtils.java:logGet(43)) - raft.server.watch.timeout = 10s (default)
2019-10-15 09:41:27,492 [09ef7beb-d26b-4bb2-9eab-5c6b1c3e87e8@group-582C48EBB74E-LeaderElection7] INFO  server.RaftServerConfigKeys (ConfUtils.java:logGet(43)) - raft.server.watch.timeout.denomination = 1s (default)
2019-10-15 09:41:27,492 [09ef7beb-d26b-4bb2-9eab-5c6b1c3e87e8@group-582C48EBB74E-LeaderElection7] INFO  server.RaftServerConfigKeys (ConfUtils.java:logGet(43)) - raft.server.watch.element-limit = 65536 (default)
2019-10-15 09:41:27,494 [09ef7beb-d26b-4bb2-9eab-5c6b1c3e87e8@group-582C48EBB74E-LeaderElection7] INFO  impl.RoleInfo (RoleInfo.java:updateAndGet(143)) - 09ef7beb-d26b-4bb2-9eab-5c6b1c3e87e8: start LeaderState
2019-10-15 09:41:27,495 [09ef7beb-d26b-4bb2-9eab-5c6b1c3e87e8@group-582C48EBB74E-LeaderElection7] INFO  segmented.SegmentedRaftLogWorker (SegmentedRaftLogWorker.java:startLogSegment(385)) - 09ef7beb-d26b-4bb2-9eab-5c6b1c3e87e8@group-582C48EBB74E-SegmentedRaftLogWorker: Starting segment from index:0
2019-10-15 09:41:27,495 [09ef7beb-d26b-4bb2-9eab-5c6b1c3e87e8@group-582C48EBB74E-LeaderElection7] INFO  impl.RaftServerImpl (ServerState.java:setRaftConf(356)) - 09ef7beb-d26b-4bb2-9eab-5c6b1c3e87e8@group-582C48EBB74E: set configuration 0: [09ef7beb-d26b-4bb2-9eab-5c6b1c3e87e8:192.168.69.65:42336], old=null at 0
2019-10-15 09:41:27,513 [Thread-265] INFO  impl.FollowerState (FollowerState.java:run(108)) - 53a86d64-027e-41d3-b3ab-7adf34bb34d8@group-151EB0C3CE66-FollowerState: change to CANDIDATE, lastRpcTime:5035ms, electionTimeout:5035ms
2019-10-15 09:41:27,514 [Thread-265] INFO  impl.RoleInfo (RoleInfo.java:shutdownFollowerState(121)) - 53a86d64-027e-41d3-b3ab-7adf34bb34d8: shutdown FollowerState
2019-10-15 09:41:27,514 [Thread-265] INFO  impl.RaftServerImpl (RaftServerImpl.java:setRole(170)) - 53a86d64-027e-41d3-b3ab-7adf34bb34d8@group-151EB0C3CE66: changes role from  FOLLOWER to CANDIDATE at term 0 for changeToCandidate
2019-10-15 09:41:27,514 [Thread-264] INFO  impl.FollowerState (FollowerState.java:run(108)) - bb67c28d-dfc7-4185-8b4c-289c745cf645@group-151EB0C3CE66-FollowerState: change to CANDIDATE, lastRpcTime:5037ms, electionTimeout:5026ms
2019-10-15 09:41:27,514 [Thread-265] INFO  impl.RoleInfo (RoleInfo.java:updateAndGet(143)) - 53a86d64-027e-41d3-b3ab-7adf34bb34d8: start LeaderElection
2019-10-15 09:41:27,514 [Thread-264] INFO  impl.RoleInfo (RoleInfo.java:shutdownFollowerState(121)) - bb67c28d-dfc7-4185-8b4c-289c745cf645: shutdown FollowerState
2019-10-15 09:41:27,514 [Thread-264] INFO  impl.RaftServerImpl (RaftServerImpl.java:setRole(170)) - bb67c28d-dfc7-4185-8b4c-289c745cf645@group-151EB0C3CE66: changes role from  FOLLOWER to CANDIDATE at term 0 for changeToCandidate
2019-10-15 09:41:27,518 [Thread-264] INFO  impl.RoleInfo (RoleInfo.java:updateAndGet(143)) - bb67c28d-dfc7-4185-8b4c-289c745cf645: start LeaderElection
2019-10-15 09:41:27,526 [09ef7beb-d26b-4bb2-9eab-5c6b1c3e87e8@group-582C48EBB74E-SegmentedRaftLogWorker] INFO  segmented.SegmentedRaftLogWorker (SegmentedRaftLogWorker.java:execute(574)) - 09ef7beb-d26b-4bb2-9eab-5c6b1c3e87e8@group-582C48EBB74E-SegmentedRaftLogWorker: created new log segment /workdir/hadoop-ozone/integration-test/target/test-dir/MiniOzoneClusterImpl-70a67178-95d0-485e-9f18-1ddbb1a0591f/datanode-1/data/ratis/0a097ae9-8b84-4e94-bd57-582c48ebb74e/current/log_inprogress_0
2019-10-15 09:41:27,526 [53a86d64-027e-41d3-b3ab-7adf34bb34d8@group-151EB0C3CE66-LeaderElection8] INFO  impl.LeaderElection (LeaderElection.java:askForVotes(178)) - 53a86d64-027e-41d3-b3ab-7adf34bb34d8@group-151EB0C3CE66-LeaderElection8: begin an election at term 1 for -1: [bb67c28d-dfc7-4185-8b4c-289c745cf645:192.168.69.65:45444, 8834960b-a489-4abc-804e-3f405938e0ba:192.168.69.65:34330, 53a86d64-027e-41d3-b3ab-7adf34bb34d8:192.168.69.65:33086], old=null
2019-10-15 09:41:27,526 [bb67c28d-dfc7-4185-8b4c-289c745cf645@group-151EB0C3CE66-LeaderElection9] INFO  impl.LeaderElection (LeaderElection.java:askForVotes(178)) - bb67c28d-dfc7-4185-8b4c-289c745cf645@group-151EB0C3CE66-LeaderElection9: begin an election at term 1 for -1: [bb67c28d-dfc7-4185-8b4c-289c745cf645:192.168.69.65:45444, 8834960b-a489-4abc-804e-3f405938e0ba:192.168.69.65:34330, 53a86d64-027e-41d3-b3ab-7adf34bb34d8:192.168.69.65:33086], old=null
2019-10-15 09:41:27,568 [grpc-default-executor-1] INFO  impl.RaftServerImpl (RaftServerImpl.java:setRole(170)) - 8834960b-a489-4abc-804e-3f405938e0ba@group-151EB0C3CE66: changes role from  FOLLOWER to FOLLOWER at term 1 for recognizeCandidate:53a86d64-027e-41d3-b3ab-7adf34bb34d8
2019-10-15 09:41:27,570 [grpc-default-executor-1] INFO  impl.RoleInfo (RoleInfo.java:shutdownFollowerState(121)) - 8834960b-a489-4abc-804e-3f405938e0ba: shutdown FollowerState
2019-10-15 09:41:27,571 [grpc-default-executor-1] INFO  impl.RoleInfo (RoleInfo.java:updateAndGet(143)) - 8834960b-a489-4abc-804e-3f405938e0ba: start FollowerState
2019-10-15 09:41:27,571 [Thread-263] INFO  impl.FollowerState (FollowerState.java:run(117)) - 8834960b-a489-4abc-804e-3f405938e0ba@group-151EB0C3CE66-FollowerState was interrupted: java.lang.InterruptedException: sleep interrupted
2019-10-15 09:41:27,605 [53a86d64-027e-41d3-b3ab-7adf34bb34d8@group-151EB0C3CE66-LeaderElection8] INFO  impl.LeaderElection (LeaderElection.java:logAndReturn(56)) - 53a86d64-027e-41d3-b3ab-7adf34bb34d8@group-151EB0C3CE66-LeaderElection8: Election PASSED; received 2 response(s) [53a86d64-027e-41d3-b3ab-7adf34bb34d8<-bb67c28d-dfc7-4185-8b4c-289c745cf645#0:FAIL-t1, 53a86d64-027e-41d3-b3ab-7adf34bb34d8<-8834960b-a489-4abc-804e-3f405938e0ba#0:OK-t1] and 0 exception(s); 53a86d64-027e-41d3-b3ab-7adf34bb34d8@group-151EB0C3CE66:t1, leader=null, voted=53a86d64-027e-41d3-b3ab-7adf34bb34d8, raftlog=53a86d64-027e-41d3-b3ab-7adf34bb34d8@group-151EB0C3CE66-SegmentedRaftLog:OPENED:c-1,f-1,i0, conf=-1: [bb67c28d-dfc7-4185-8b4c-289c745cf645:192.168.69.65:45444, 8834960b-a489-4abc-804e-3f405938e0ba:192.168.69.65:34330, 53a86d64-027e-41d3-b3ab-7adf34bb34d8:192.168.69.65:33086], old=null
2019-10-15 09:41:27,605 [bb67c28d-dfc7-4185-8b4c-289c745cf645@group-151EB0C3CE66-LeaderElection9] INFO  impl.LeaderElection (LeaderElection.java:logAndReturn(56)) - bb67c28d-dfc7-4185-8b4c-289c745cf645@group-151EB0C3CE66-LeaderElection9: Election REJECTED; received 2 response(s) [bb67c28d-dfc7-4185-8b4c-289c745cf645<-8834960b-a489-4abc-804e-3f405938e0ba#0:FAIL-t1, bb67c28d-dfc7-4185-8b4c-289c745cf645<-53a86d64-027e-41d3-b3ab-7adf34bb34d8#0:FAIL-t1] and 0 exception(s); bb67c28d-dfc7-4185-8b4c-289c745cf645@group-151EB0C3CE66:t1, leader=null, voted=bb67c28d-dfc7-4185-8b4c-289c745cf645, raftlog=bb67c28d-dfc7-4185-8b4c-289c745cf645@group-151EB0C3CE66-SegmentedRaftLog:OPENED:c-1,f-1,i0, conf=-1: [bb67c28d-dfc7-4185-8b4c-289c745cf645:192.168.69.65:45444, 8834960b-a489-4abc-804e-3f405938e0ba:192.168.69.65:34330, 53a86d64-027e-41d3-b3ab-7adf34bb34d8:192.168.69.65:33086], old=null
2019-10-15 09:41:27,605 [53a86d64-027e-41d3-b3ab-7adf34bb34d8@group-151EB0C3CE66-LeaderElection8] INFO  impl.RoleInfo (RoleInfo.java:shutdownLeaderElection(134)) - 53a86d64-027e-41d3-b3ab-7adf34bb34d8: shutdown LeaderElection
2019-10-15 09:41:27,608 [bb67c28d-dfc7-4185-8b4c-289c745cf645@group-151EB0C3CE66-LeaderElection9] INFO  impl.RaftServerImpl (RaftServerImpl.java:setRole(170)) - bb67c28d-dfc7-4185-8b4c-289c745cf645@group-151EB0C3CE66: changes role from CANDIDATE to FOLLOWER at term 1 for DISCOVERED_A_NEW_TERM
2019-10-15 09:41:27,608 [53a86d64-027e-41d3-b3ab-7adf34bb34d8@group-151EB0C3CE66-LeaderElection8] INFO  impl.RaftServerImpl (RaftServerImpl.java:setRole(170)) - 53a86d64-027e-41d3-b3ab-7adf34bb34d8@group-151EB0C3CE66: changes role from CANDIDATE to LEADER at term 1 for changeToLeader
2019-10-15 09:41:27,609 [bb67c28d-dfc7-4185-8b4c-289c745cf645@group-151EB0C3CE66-LeaderElection9] INFO  impl.RoleInfo (RoleInfo.java:shutdownLeaderElection(134)) - bb67c28d-dfc7-4185-8b4c-289c745cf645: shutdown LeaderElection
2019-10-15 09:41:27,611 [53a86d64-027e-41d3-b3ab-7adf34bb34d8@group-151EB0C3CE66-LeaderElection8] INFO  impl.RaftServerImpl (ServerState.java:setLeader(255)) - 53a86d64-027e-41d3-b3ab-7adf34bb34d8@group-151EB0C3CE66: change Leader from null to 53a86d64-027e-41d3-b3ab-7adf34bb34d8 at term 1 for becomeLeader, leader elected after 5147ms
2019-10-15 09:41:27,613 [bb67c28d-dfc7-4185-8b4c-289c745cf645@group-151EB0C3CE66-LeaderElection9] INFO  impl.RoleInfo (RoleInfo.java:updateAndGet(143)) - bb67c28d-dfc7-4185-8b4c-289c745cf645: start FollowerState
2019-10-15 09:41:27,613 [53a86d64-027e-41d3-b3ab-7adf34bb34d8@group-151EB0C3CE66-LeaderElection8] INFO  server.RaftServerConfigKeys (ConfUtils.java:logGet(43)) - raft.server.staging.catchup.gap = 1000 (default)
2019-10-15 09:41:27,617 [53a86d64-027e-41d3-b3ab-7adf34bb34d8@group-151EB0C3CE66-LeaderElection8] INFO  server.RaftServerConfigKeys (ConfUtils.java:logGet(43)) - raft.server.rpc.sleep.time = 25ms (default)
2019-10-15 09:41:27,619 [53a86d64-027e-41d3-b3ab-7adf34bb34d8@group-151EB0C3CE66-LeaderElection8] INFO  server.RaftServerConfigKeys (ConfUtils.java:logGet(43)) - raft.server.write.element-limit = 4096 (default)
2019-10-15 09:41:27,619 [53a86d64-027e-41d3-b3ab-7adf34bb34d8@group-151EB0C3CE66-LeaderElection8] INFO  server.RaftServerConfigKeys (ConfUtils.java:logGet(43)) - raft.server.watch.timeout = 10s (default)
2019-10-15 09:41:27,619 [53a86d64-027e-41d3-b3ab-7adf34bb34d8@group-151EB0C3CE66-LeaderElection8] INFO  server.RaftServerConfigKeys (ConfUtils.java:logGet(43)) - raft.server.watch.timeout.denomination = 1s (default)
2019-10-15 09:41:27,619 [53a86d64-027e-41d3-b3ab-7adf34bb34d8@group-151EB0C3CE66-LeaderElection8] INFO  server.RaftServerConfigKeys (ConfUtils.java:logGet(43)) - raft.server.watch.element-limit = 65536 (default)
2019-10-15 09:41:27,626 [53a86d64-027e-41d3-b3ab-7adf34bb34d8@group-151EB0C3CE66-LeaderElection8] INFO  server.RaftServerConfigKeys (ConfUtils.java:logGet(43)) - raft.server.log.appender.snapshot.chunk.size.max = 16MB (=16777216) (default)
2019-10-15 09:41:27,627 [53a86d64-027e-41d3-b3ab-7adf34bb34d8@group-151EB0C3CE66-LeaderElection8] INFO  server.RaftServerConfigKeys (ConfUtils.java:logGet(43)) - raft.server.log.appender.buffer.byte-limit = 33554432 (custom)
2019-10-15 09:41:27,627 [53a86d64-027e-41d3-b3ab-7adf34bb34d8@group-151EB0C3CE66-LeaderElection8] INFO  server.RaftServerConfigKeys (ConfUtils.java:logGet(43)) - raft.server.log.appender.buffer.element-limit = 1 (custom)
2019-10-15 09:41:27,631 [Thread-274] INFO  impl.FollowerState (FollowerState.java:run(108)) - 4a399a1d-79a2-4c5b-9d27-91ca6d638b74@group-87F41C3F4095-FollowerState: change to CANDIDATE, lastRpcTime:5047ms, electionTimeout:5047ms
2019-10-15 09:41:27,632 [Thread-274] INFO  impl.RoleInfo (RoleInfo.java:shutdownFollowerState(121)) - 4a399a1d-79a2-4c5b-9d27-91ca6d638b74: shutdown FollowerState
2019-10-15 09:41:27,632 [Thread-274] INFO  impl.RaftServerImpl (RaftServerImpl.java:setRole(170)) - 4a399a1d-79a2-4c5b-9d27-91ca6d638b74@group-87F41C3F4095: changes role from  FOLLOWER to CANDIDATE at term 0 for changeToCandidate
2019-10-15 09:41:27,632 [Thread-274] INFO  impl.RoleInfo (RoleInfo.java:updateAndGet(143)) - 4a399a1d-79a2-4c5b-9d27-91ca6d638b74: start LeaderElection
2019-10-15 09:41:27,633 [53a86d64-027e-41d3-b3ab-7adf34bb34d8@group-151EB0C3CE66-LeaderElection8] INFO  grpc.GrpcConfigKeys$Server (ConfUtils.java:logGet(43)) - raft.grpc.server.leader.outstanding.appends.max = 128 (default)
2019-10-15 09:41:27,634 [53a86d64-027e-41d3-b3ab-7adf34bb34d8@group-151EB0C3CE66-LeaderElection8] INFO  server.RaftServerConfigKeys (ConfUtils.java:logGet(43)) - raft.server.rpc.request.timeout = 3000ms (default)
2019-10-15 09:41:27,634 [53a86d64-027e-41d3-b3ab-7adf34bb34d8@group-151EB0C3CE66-LeaderElection8] INFO  server.RaftServerConfigKeys (ConfUtils.java:logGet(43)) - raft.server.log.appender.install.snapshot.enabled = false (custom)
2019-10-15 09:41:27,636 [53a86d64-027e-41d3-b3ab-7adf34bb34d8@group-151EB0C3CE66-LeaderElection8] INFO  server.RaftServerConfigKeys (ConfUtils.java:logGet(43)) - raft.server.log.appender.snapshot.chunk.size.max = 16MB (=16777216) (default)
2019-10-15 09:41:27,636 [53a86d64-027e-41d3-b3ab-7adf34bb34d8@group-151EB0C3CE66-LeaderElection8] INFO  server.RaftServerConfigKeys (ConfUtils.java:logGet(43)) - raft.server.log.appender.buffer.byte-limit = 33554432 (custom)
2019-10-15 09:41:27,636 [53a86d64-027e-41d3-b3ab-7adf34bb34d8@group-151EB0C3CE66-LeaderElection8] INFO  server.RaftServerConfigKeys (ConfUtils.java:logGet(43)) - raft.server.log.appender.buffer.element-limit = 1 (custom)
2019-10-15 09:41:27,636 [53a86d64-027e-41d3-b3ab-7adf34bb34d8@group-151EB0C3CE66-LeaderElection8] INFO  grpc.GrpcConfigKeys$Server (ConfUtils.java:logGet(43)) - raft.grpc.server.leader.outstanding.appends.max = 128 (default)
2019-10-15 09:41:27,637 [53a86d64-027e-41d3-b3ab-7adf34bb34d8@group-151EB0C3CE66-LeaderElection8] INFO  server.RaftServerConfigKeys (ConfUtils.java:logGet(43)) - raft.server.rpc.request.timeout = 3000ms (default)
2019-10-15 09:41:27,637 [53a86d64-027e-41d3-b3ab-7adf34bb34d8@group-151EB0C3CE66-LeaderElection8] INFO  server.RaftServerConfigKeys (ConfUtils.java:logGet(43)) - raft.server.log.appender.install.snapshot.enabled = false (custom)
2019-10-15 09:41:27,638 [53a86d64-027e-41d3-b3ab-7adf34bb34d8@group-151EB0C3CE66-LeaderElection8] INFO  impl.RoleInfo (RoleInfo.java:updateAndGet(143)) - 53a86d64-027e-41d3-b3ab-7adf34bb34d8: start LeaderState
2019-10-15 09:41:27,639 [53a86d64-027e-41d3-b3ab-7adf34bb34d8@group-151EB0C3CE66-LeaderElection8] INFO  segmented.SegmentedRaftLogWorker (SegmentedRaftLogWorker.java:startLogSegment(385)) - 53a86d64-027e-41d3-b3ab-7adf34bb34d8@group-151EB0C3CE66-SegmentedRaftLogWorker: Starting segment from index:0
2019-10-15 09:41:27,640 [53a86d64-027e-41d3-b3ab-7adf34bb34d8@group-151EB0C3CE66-LeaderElection8] INFO  impl.RaftServerImpl (ServerState.java:setRaftConf(356)) - 53a86d64-027e-41d3-b3ab-7adf34bb34d8@group-151EB0C3CE66: set configuration 0: [bb67c28d-dfc7-4185-8b4c-289c745cf645:192.168.69.65:45444, 8834960b-a489-4abc-804e-3f405938e0ba:192.168.69.65:34330, 53a86d64-027e-41d3-b3ab-7adf34bb34d8:192.168.69.65:33086], old=null at 0
2019-10-15 09:41:27,677 [Thread-273] INFO  impl.FollowerState (FollowerState.java:run(108)) - 0ec0ad77-b494-4568-a61d-f3148840548b@group-87F41C3F4095-FollowerState: change to CANDIDATE, lastRpcTime:5094ms, electionTimeout:5090ms
2019-10-15 09:41:27,678 [Thread-273] INFO  impl.RoleInfo (RoleInfo.java:shutdownFollowerState(121)) - 0ec0ad77-b494-4568-a61d-f3148840548b: shutdown FollowerState
2019-10-15 09:41:27,678 [4a399a1d-79a2-4c5b-9d27-91ca6d638b74@group-87F41C3F4095-LeaderElection10] INFO  impl.LeaderElection (LeaderElection.java:askForVotes(178)) - 4a399a1d-79a2-4c5b-9d27-91ca6d638b74@group-87F41C3F4095-LeaderElection10: begin an election at term 1 for -1: [09ef7beb-d26b-4bb2-9eab-5c6b1c3e87e8:192.168.69.65:42336, 0ec0ad77-b494-4568-a61d-f3148840548b:192.168.69.65:37008, 4a399a1d-79a2-4c5b-9d27-91ca6d638b74:192.168.69.65:36254], old=null
2019-10-15 09:41:27,678 [Thread-273] INFO  impl.RaftServerImpl (RaftServerImpl.java:setRole(170)) - 0ec0ad77-b494-4568-a61d-f3148840548b@group-87F41C3F4095: changes role from  FOLLOWER to CANDIDATE at term 0 for changeToCandidate
2019-10-15 09:41:27,678 [Thread-273] INFO  impl.RoleInfo (RoleInfo.java:updateAndGet(143)) - 0ec0ad77-b494-4568-a61d-f3148840548b: start LeaderElection
2019-10-15 09:41:27,690 [53a86d64-027e-41d3-b3ab-7adf34bb34d8@group-151EB0C3CE66-SegmentedRaftLogWorker] INFO  segmented.SegmentedRaftLogWorker (SegmentedRaftLogWorker.java:execute(574)) - 53a86d64-027e-41d3-b3ab-7adf34bb34d8@group-151EB0C3CE66-SegmentedRaftLogWorker: created new log segment /workdir/hadoop-ozone/integration-test/target/test-dir/MiniOzoneClusterImpl-70a67178-95d0-485e-9f18-1ddbb1a0591f/datanode-6/data/ratis/3f56a06c-3cb2-43ee-8e5e-151eb0c3ce66/current/log_inprogress_0
2019-10-15 09:41:27,691 [0ec0ad77-b494-4568-a61d-f3148840548b@group-87F41C3F4095-LeaderElection11] INFO  impl.LeaderElection (LeaderElection.java:askForVotes(178)) - 0ec0ad77-b494-4568-a61d-f3148840548b@group-87F41C3F4095-LeaderElection11: begin an election at term 1 for -1: [09ef7beb-d26b-4bb2-9eab-5c6b1c3e87e8:192.168.69.65:42336, 0ec0ad77-b494-4568-a61d-f3148840548b:192.168.69.65:37008, 4a399a1d-79a2-4c5b-9d27-91ca6d638b74:192.168.69.65:36254], old=null
2019-10-15 09:41:27,716 [Thread-272] INFO  impl.FollowerState (FollowerState.java:run(108)) - 09ef7beb-d26b-4bb2-9eab-5c6b1c3e87e8@group-87F41C3F4095-FollowerState: change to CANDIDATE, lastRpcTime:5135ms, electionTimeout:5117ms
2019-10-15 09:41:27,718 [Thread-272] INFO  impl.RoleInfo (RoleInfo.java:shutdownFollowerState(121)) - 09ef7beb-d26b-4bb2-9eab-5c6b1c3e87e8: shutdown FollowerState
2019-10-15 09:41:27,720 [Thread-272] INFO  impl.RaftServerImpl (RaftServerImpl.java:setRole(170)) - 09ef7beb-d26b-4bb2-9eab-5c6b1c3e87e8@group-87F41C3F4095: changes role from  FOLLOWER to CANDIDATE at term 0 for changeToCandidate
2019-10-15 09:41:27,720 [Thread-272] INFO  impl.RoleInfo (RoleInfo.java:updateAndGet(143)) - 09ef7beb-d26b-4bb2-9eab-5c6b1c3e87e8: start LeaderElection
2019-10-15 09:41:27,720 [grpc-default-executor-1] INFO  impl.RaftServerImpl (RaftServerImpl.java:setRole(170)) - 09ef7beb-d26b-4bb2-9eab-5c6b1c3e87e8@group-87F41C3F4095: changes role from CANDIDATE to FOLLOWER at term 1 for recognizeCandidate:4a399a1d-79a2-4c5b-9d27-91ca6d638b74
2019-10-15 09:41:27,722 [grpc-default-executor-1] INFO  impl.RoleInfo (RoleInfo.java:shutdownLeaderElection(134)) - 09ef7beb-d26b-4bb2-9eab-5c6b1c3e87e8: shutdown LeaderElection
2019-10-15 09:41:27,722 [grpc-default-executor-1] INFO  impl.RoleInfo (RoleInfo.java:updateAndGet(143)) - 09ef7beb-d26b-4bb2-9eab-5c6b1c3e87e8: start FollowerState
2019-10-15 09:41:27,737 [grpc-default-executor-4] INFO  impl.RaftServerImpl (ServerState.java:setLeader(255)) - bb67c28d-dfc7-4185-8b4c-289c745cf645@group-151EB0C3CE66: change Leader from null to 53a86d64-027e-41d3-b3ab-7adf34bb34d8 at term 1 for appendEntries, leader elected after 5274ms
2019-10-15 09:41:27,737 [grpc-default-executor-0] INFO  impl.RaftServerImpl (ServerState.java:setLeader(255)) - 8834960b-a489-4abc-804e-3f405938e0ba@group-151EB0C3CE66: change Leader from null to 53a86d64-027e-41d3-b3ab-7adf34bb34d8 at term 1 for appendEntries, leader elected after 5274ms
2019-10-15 09:41:27,739 [grpc-default-executor-3] INFO  impl.RaftServerImpl (RaftServerImpl.java:setRole(170)) - 09ef7beb-d26b-4bb2-9eab-5c6b1c3e87e8@group-87F41C3F4095: changes role from  FOLLOWER to FOLLOWER at term 1 for recognizeCandidate:0ec0ad77-b494-4568-a61d-f3148840548b
2019-10-15 09:41:27,739 [grpc-default-executor-3] INFO  impl.RoleInfo (RoleInfo.java:shutdownFollowerState(121)) - 09ef7beb-d26b-4bb2-9eab-5c6b1c3e87e8: shutdown FollowerState
2019-10-15 09:41:27,739 [Thread-325] INFO  impl.FollowerState (FollowerState.java:run(117)) - 09ef7beb-d26b-4bb2-9eab-5c6b1c3e87e8@group-87F41C3F4095-FollowerState was interrupted: java.lang.InterruptedException: sleep interrupted
2019-10-15 09:41:27,740 [grpc-default-executor-3] INFO  impl.RoleInfo (RoleInfo.java:updateAndGet(143)) - 09ef7beb-d26b-4bb2-9eab-5c6b1c3e87e8: start FollowerState
2019-10-15 09:41:27,744 [4a399a1d-79a2-4c5b-9d27-91ca6d638b74@group-87F41C3F4095-LeaderElection10] INFO  impl.LeaderElection (LeaderElection.java:logAndReturn(56)) - 4a399a1d-79a2-4c5b-9d27-91ca6d638b74@group-87F41C3F4095-LeaderElection10: Election REJECTED; received 2 response(s) [4a399a1d-79a2-4c5b-9d27-91ca6d638b74<-09ef7beb-d26b-4bb2-9eab-5c6b1c3e87e8#0:FAIL-t1, 4a399a1d-79a2-4c5b-9d27-91ca6d638b74<-0ec0ad77-b494-4568-a61d-f3148840548b#0:FAIL-t1] and 0 exception(s); 4a399a1d-79a2-4c5b-9d27-91ca6d638b74@group-87F41C3F4095:t1, leader=null, voted=4a399a1d-79a2-4c5b-9d27-91ca6d638b74, raftlog=4a399a1d-79a2-4c5b-9d27-91ca6d638b74@group-87F41C3F4095-SegmentedRaftLog:OPENED:c-1,f-1,i0, conf=-1: [09ef7beb-d26b-4bb2-9eab-5c6b1c3e87e8:192.168.69.65:42336, 0ec0ad77-b494-4568-a61d-f3148840548b:192.168.69.65:37008, 4a399a1d-79a2-4c5b-9d27-91ca6d638b74:192.168.69.65:36254], old=null
2019-10-15 09:41:27,744 [4a399a1d-79a2-4c5b-9d27-91ca6d638b74@group-87F41C3F4095-LeaderElection10] INFO  impl.RaftServerImpl (RaftServerImpl.java:setRole(170)) - 4a399a1d-79a2-4c5b-9d27-91ca6d638b74@group-87F41C3F4095: changes role from CANDIDATE to FOLLOWER at term 1 for DISCOVERED_A_NEW_TERM
2019-10-15 09:41:27,747 [4a399a1d-79a2-4c5b-9d27-91ca6d638b74@group-87F41C3F4095-LeaderElection10] INFO  impl.RoleInfo (RoleInfo.java:shutdownLeaderElection(134)) - 4a399a1d-79a2-4c5b-9d27-91ca6d638b74: shutdown LeaderElection
2019-10-15 09:41:27,749 [4a399a1d-79a2-4c5b-9d27-91ca6d638b74@group-87F41C3F4095-LeaderElection10] INFO  impl.RoleInfo (RoleInfo.java:updateAndGet(143)) - 4a399a1d-79a2-4c5b-9d27-91ca6d638b74: start FollowerState
2019-10-15 09:41:27,763 [0ec0ad77-b494-4568-a61d-f3148840548b@group-87F41C3F4095-LeaderElection11] INFO  impl.LeaderElection (LeaderElection.java:logAndReturn(56)) - 0ec0ad77-b494-4568-a61d-f3148840548b@group-87F41C3F4095-LeaderElection11: Election PASSED; received 2 response(s) [0ec0ad77-b494-4568-a61d-f3148840548b<-09ef7beb-d26b-4bb2-9eab-5c6b1c3e87e8#0:OK-t1, 0ec0ad77-b494-4568-a61d-f3148840548b<-4a399a1d-79a2-4c5b-9d27-91ca6d638b74#0:FAIL-t1] and 0 exception(s); 0ec0ad77-b494-4568-a61d-f3148840548b@group-87F41C3F4095:t1, leader=null, voted=0ec0ad77-b494-4568-a61d-f3148840548b, raftlog=0ec0ad77-b494-4568-a61d-f3148840548b@group-87F41C3F4095-SegmentedRaftLog:OPENED:c-1,f-1,i0, conf=-1: [09ef7beb-d26b-4bb2-9eab-5c6b1c3e87e8:192.168.69.65:42336, 0ec0ad77-b494-4568-a61d-f3148840548b:192.168.69.65:37008, 4a399a1d-79a2-4c5b-9d27-91ca6d638b74:192.168.69.65:36254], old=null
2019-10-15 09:41:27,764 [0ec0ad77-b494-4568-a61d-f3148840548b@group-87F41C3F4095-LeaderElection11] INFO  impl.RoleInfo (RoleInfo.java:shutdownLeaderElection(134)) - 0ec0ad77-b494-4568-a61d-f3148840548b: shutdown LeaderElection
2019-10-15 09:41:27,764 [0ec0ad77-b494-4568-a61d-f3148840548b@group-87F41C3F4095-LeaderElection11] INFO  impl.RaftServerImpl (RaftServerImpl.java:setRole(170)) - 0ec0ad77-b494-4568-a61d-f3148840548b@group-87F41C3F4095: changes role from CANDIDATE to LEADER at term 1 for changeToLeader
2019-10-15 09:41:27,764 [0ec0ad77-b494-4568-a61d-f3148840548b@group-87F41C3F4095-LeaderElection11] INFO  impl.RaftServerImpl (ServerState.java:setLeader(255)) - 0ec0ad77-b494-4568-a61d-f3148840548b@group-87F41C3F4095: change Leader from null to 0ec0ad77-b494-4568-a61d-f3148840548b at term 1 for becomeLeader, leader elected after 5194ms
2019-10-15 09:41:27,765 [0ec0ad77-b494-4568-a61d-f3148840548b@group-87F41C3F4095-LeaderElection11] INFO  server.RaftServerConfigKeys (ConfUtils.java:logGet(43)) - raft.server.staging.catchup.gap = 1000 (default)
2019-10-15 09:41:27,765 [0ec0ad77-b494-4568-a61d-f3148840548b@group-87F41C3F4095-LeaderElection11] INFO  server.RaftServerConfigKeys (ConfUtils.java:logGet(43)) - raft.server.rpc.sleep.time = 25ms (default)
2019-10-15 09:41:27,765 [0ec0ad77-b494-4568-a61d-f3148840548b@group-87F41C3F4095-LeaderElection11] INFO  server.RaftServerConfigKeys (ConfUtils.java:logGet(43)) - raft.server.write.element-limit = 4096 (default)
2019-10-15 09:41:27,765 [0ec0ad77-b494-4568-a61d-f3148840548b@group-87F41C3F4095-LeaderElection11] INFO  server.RaftServerConfigKeys (ConfUtils.java:logGet(43)) - raft.server.watch.timeout = 10s (default)
2019-10-15 09:41:27,765 [0ec0ad77-b494-4568-a61d-f3148840548b@group-87F41C3F4095-LeaderElection11] INFO  server.RaftServerConfigKeys (ConfUtils.java:logGet(43)) - raft.server.watch.timeout.denomination = 1s (default)
2019-10-15 09:41:27,766 [0ec0ad77-b494-4568-a61d-f3148840548b@group-87F41C3F4095-LeaderElection11] INFO  server.RaftServerConfigKeys (ConfUtils.java:logGet(43)) - raft.server.watch.element-limit = 65536 (default)
2019-10-15 09:41:27,772 [09ef7beb-d26b-4bb2-9eab-5c6b1c3e87e8@group-87F41C3F4095-LeaderElection12] INFO  impl.LeaderElection (LeaderElection.java:askForVotes(178)) - 09ef7beb-d26b-4bb2-9eab-5c6b1c3e87e8@group-87F41C3F4095-LeaderElection12: begin an election at term 2 for -1: [09ef7beb-d26b-4bb2-9eab-5c6b1c3e87e8:192.168.69.65:42336, 0ec0ad77-b494-4568-a61d-f3148840548b:192.168.69.65:37008, 4a399a1d-79a2-4c5b-9d27-91ca6d638b74:192.168.69.65:36254], old=null
2019-10-15 09:41:27,774 [0ec0ad77-b494-4568-a61d-f3148840548b@group-87F41C3F4095-LeaderElection11] INFO  server.RaftServerConfigKeys (ConfUtils.java:logGet(43)) - raft.server.log.appender.snapshot.chunk.size.max = 16MB (=16777216) (default)
2019-10-15 09:41:27,774 [0ec0ad77-b494-4568-a61d-f3148840548b@group-87F41C3F4095-LeaderElection11] INFO  server.RaftServerConfigKeys (ConfUtils.java:logGet(43)) - raft.server.log.appender.buffer.byte-limit = 33554432 (custom)
2019-10-15 09:41:27,774 [09ef7beb-d26b-4bb2-9eab-5c6b1c3e87e8@group-87F41C3F4095-LeaderElection12] INFO  impl.LeaderElection (LeaderElection.java:logAndReturn(56)) - 09ef7beb-d26b-4bb2-9eab-5c6b1c3e87e8@group-87F41C3F4095-LeaderElection12: Election REJECTED; received 0 response(s) [] and 0 exception(s); 09ef7beb-d26b-4bb2-9eab-5c6b1c3e87e8@group-87F41C3F4095:t2, leader=null, voted=09ef7beb-d26b-4bb2-9eab-5c6b1c3e87e8, raftlog=09ef7beb-d26b-4bb2-9eab-5c6b1c3e87e8@group-87F41C3F4095-SegmentedRaftLog:OPENED:c-1,f-1,i0, conf=-1: [09ef7beb-d26b-4bb2-9eab-5c6b1c3e87e8:192.168.69.65:42336, 0ec0ad77-b494-4568-a61d-f3148840548b:192.168.69.65:37008, 4a399a1d-79a2-4c5b-9d27-91ca6d638b74:192.168.69.65:36254], old=null
2019-10-15 09:41:27,774 [0ec0ad77-b494-4568-a61d-f3148840548b@group-87F41C3F4095-LeaderElection11] INFO  server.RaftServerConfigKeys (ConfUtils.java:logGet(43)) - raft.server.log.appender.buffer.element-limit = 1 (custom)
2019-10-15 09:41:27,775 [0ec0ad77-b494-4568-a61d-f3148840548b@group-87F41C3F4095-LeaderElection11] INFO  grpc.GrpcConfigKeys$Server (ConfUtils.java:logGet(43)) - raft.grpc.server.leader.outstanding.appends.max = 128 (default)
2019-10-15 09:41:27,778 [0ec0ad77-b494-4568-a61d-f3148840548b@group-87F41C3F4095-LeaderElection11] INFO  server.RaftServerConfigKeys (ConfUtils.java:logGet(43)) - raft.server.rpc.request.timeout = 3000ms (default)
2019-10-15 09:41:27,778 [0ec0ad77-b494-4568-a61d-f3148840548b@group-87F41C3F4095-LeaderElection11] INFO  server.RaftServerConfigKeys (ConfUtils.java:logGet(43)) - raft.server.log.appender.install.snapshot.enabled = false (custom)
2019-10-15 09:41:27,779 [0ec0ad77-b494-4568-a61d-f3148840548b@group-87F41C3F4095-LeaderElection11] INFO  server.RaftServerConfigKeys (ConfUtils.java:logGet(43)) - raft.server.log.appender.snapshot.chunk.size.max = 16MB (=16777216) (default)
2019-10-15 09:41:27,779 [0ec0ad77-b494-4568-a61d-f3148840548b@group-87F41C3F4095-LeaderElection11] INFO  server.RaftServerConfigKeys (ConfUtils.java:logGet(43)) - raft.server.log.appender.buffer.byte-limit = 33554432 (custom)
2019-10-15 09:41:27,779 [0ec0ad77-b494-4568-a61d-f3148840548b@group-87F41C3F4095-LeaderElection11] INFO  server.RaftServerConfigKeys (ConfUtils.java:logGet(43)) - raft.server.log.appender.buffer.element-limit = 1 (custom)
2019-10-15 09:41:27,779 [0ec0ad77-b494-4568-a61d-f3148840548b@group-87F41C3F4095-LeaderElection11] INFO  grpc.GrpcConfigKeys$Server (ConfUtils.java:logGet(43)) - raft.grpc.server.leader.outstanding.appends.max = 128 (default)
2019-10-15 09:41:27,779 [0ec0ad77-b494-4568-a61d-f3148840548b@group-87F41C3F4095-LeaderElection11] INFO  server.RaftServerConfigKeys (ConfUtils.java:logGet(43)) - raft.server.rpc.request.timeout = 3000ms (default)
2019-10-15 09:41:27,780 [0ec0ad77-b494-4568-a61d-f3148840548b@group-87F41C3F4095-LeaderElection11] INFO  server.RaftServerConfigKeys (ConfUtils.java:logGet(43)) - raft.server.log.appender.install.snapshot.enabled = false (custom)
2019-10-15 09:41:27,780 [0ec0ad77-b494-4568-a61d-f3148840548b@group-87F41C3F4095-LeaderElection11] INFO  impl.RoleInfo (RoleInfo.java:updateAndGet(143)) - 0ec0ad77-b494-4568-a61d-f3148840548b: start LeaderState
2019-10-15 09:41:27,780 [0ec0ad77-b494-4568-a61d-f3148840548b@group-87F41C3F4095-LeaderElection11] INFO  segmented.SegmentedRaftLogWorker (SegmentedRaftLogWorker.java:startLogSegment(385)) - 0ec0ad77-b494-4568-a61d-f3148840548b@group-87F41C3F4095-SegmentedRaftLogWorker: Starting segment from index:0
2019-10-15 09:41:27,781 [0ec0ad77-b494-4568-a61d-f3148840548b@group-87F41C3F4095-LeaderElection11] INFO  impl.RaftServerImpl (ServerState.java:setRaftConf(356)) - 0ec0ad77-b494-4568-a61d-f3148840548b@group-87F41C3F4095: set configuration 0: [09ef7beb-d26b-4bb2-9eab-5c6b1c3e87e8:192.168.69.65:42336, 0ec0ad77-b494-4568-a61d-f3148840548b:192.168.69.65:37008, 4a399a1d-79a2-4c5b-9d27-91ca6d638b74:192.168.69.65:36254], old=null at 0
2019-10-15 09:41:27,822 [grpc-default-executor-0] INFO  impl.RaftServerImpl (ServerState.java:setLeader(255)) - 0ec0ad77-b494-4568-a61d-f3148840548b@group-87F41C3F4095: change Leader from 0ec0ad77-b494-4568-a61d-f3148840548b to null at term 2 for updateCurrentTerm
2019-10-15 09:41:27,824 [grpc-default-executor-0] INFO  impl.RaftServerImpl (RaftServerImpl.java:setRole(170)) - 0ec0ad77-b494-4568-a61d-f3148840548b@group-87F41C3F4095: changes role from    LEADER to FOLLOWER at term 2 for recognizeCandidate:09ef7beb-d26b-4bb2-9eab-5c6b1c3e87e8
2019-10-15 09:41:27,824 [grpc-default-executor-0] INFO  impl.RoleInfo (RoleInfo.java:shutdownLeaderState(104)) - 0ec0ad77-b494-4568-a61d-f3148840548b: shutdown LeaderState
2019-10-15 09:41:27,826 [grpc-default-executor-1] INFO  impl.RaftServerImpl (RaftServerImpl.java:setRole(170)) - 4a399a1d-79a2-4c5b-9d27-91ca6d638b74@group-87F41C3F4095: changes role from  FOLLOWER to FOLLOWER at term 2 for recognizeCandidate:09ef7beb-d26b-4bb2-9eab-5c6b1c3e87e8
2019-10-15 09:41:27,826 [grpc-default-executor-1] INFO  impl.RoleInfo (RoleInfo.java:shutdownFollowerState(121)) - 4a399a1d-79a2-4c5b-9d27-91ca6d638b74: shutdown FollowerState
2019-10-15 09:41:27,830 [grpc-default-executor-0] INFO  impl.PendingRequests (PendingRequests.java:sendNotLeaderResponses(202)) - 0ec0ad77-b494-4568-a61d-f3148840548b@group-87F41C3F4095-PendingRequests: sendNotLeaderResponses
2019-10-15 09:41:27,830 [org.apache.ratis.server.impl.LogAppender$AppenderDaemon$$Lambda$534/718542897@5a497240] WARN  server.GrpcLogAppender (GrpcLogAppender.java:mayWait(143)) - 0ec0ad77-b494-4568-a61d-f3148840548b@group-87F41C3F4095->09ef7beb-d26b-4bb2-9eab-5c6b1c3e87e8-GrpcLogAppender: Wait interrupted by java.lang.InterruptedException
2019-10-15 09:41:27,830 [org.apache.ratis.server.impl.LogAppender$AppenderDaemon$$Lambda$534/718542897@535693d8] WARN  server.GrpcLogAppender (GrpcLogAppender.java:mayWait(143)) - 0ec0ad77-b494-4568-a61d-f3148840548b@group-87F41C3F4095->4a399a1d-79a2-4c5b-9d27-91ca6d638b74-GrpcLogAppender: Wait interrupted by java.lang.InterruptedException
2019-10-15 09:41:27,832 [Thread-329] INFO  impl.FollowerState (FollowerState.java:run(117)) - 4a399a1d-79a2-4c5b-9d27-91ca6d638b74@group-87F41C3F4095-FollowerState was interrupted: java.lang.InterruptedException: sleep interrupted
2019-10-15 09:41:27,832 [grpc-default-executor-1] INFO  impl.RoleInfo (RoleInfo.java:updateAndGet(143)) - 4a399a1d-79a2-4c5b-9d27-91ca6d638b74: start FollowerState
2019-10-15 09:41:27,832 [grpc-default-executor-3] INFO  impl.RaftServerImpl (ServerState.java:setRaftConf(356)) - 8834960b-a489-4abc-804e-3f405938e0ba@group-151EB0C3CE66: set configuration 0: [bb67c28d-dfc7-4185-8b4c-289c745cf645:192.168.69.65:45444, 8834960b-a489-4abc-804e-3f405938e0ba:192.168.69.65:34330, 53a86d64-027e-41d3-b3ab-7adf34bb34d8:192.168.69.65:33086], old=null at 0
2019-10-15 09:41:27,834 [grpc-default-executor-4] INFO  impl.RaftServerImpl (ServerState.java:setRaftConf(356)) - bb67c28d-dfc7-4185-8b4c-289c745cf645@group-151EB0C3CE66: set configuration 0: [bb67c28d-dfc7-4185-8b4c-289c745cf645:192.168.69.65:45444, 8834960b-a489-4abc-804e-3f405938e0ba:192.168.69.65:34330, 53a86d64-027e-41d3-b3ab-7adf34bb34d8:192.168.69.65:33086], old=null at 0
2019-10-15 09:41:27,836 [0ec0ad77-b494-4568-a61d-f3148840548b@group-87F41C3F4095-SegmentedRaftLogWorker] INFO  segmented.SegmentedRaftLogWorker (SegmentedRaftLogWorker.java:execute(574)) - 0ec0ad77-b494-4568-a61d-f3148840548b@group-87F41C3F4095-SegmentedRaftLogWorker: created new log segment /workdir/hadoop-ozone/integration-test/target/test-dir/MiniOzoneClusterImpl-70a67178-95d0-485e-9f18-1ddbb1a0591f/datanode-4/data/ratis/74e6e0e2-fcc1-4ca4-82bd-87f41c3f4095/current/log_inprogress_0
2019-10-15 09:41:27,838 [grpc-default-executor-4] INFO  segmented.SegmentedRaftLogWorker (SegmentedRaftLogWorker.java:startLogSegment(385)) - bb67c28d-dfc7-4185-8b4c-289c745cf645@group-151EB0C3CE66-SegmentedRaftLogWorker: Starting segment from index:0
2019-10-15 09:41:27,836 [grpc-default-executor-3] INFO  segmented.SegmentedRaftLogWorker (SegmentedRaftLogWorker.java:startLogSegment(385)) - 8834960b-a489-4abc-804e-3f405938e0ba@group-151EB0C3CE66-SegmentedRaftLogWorker: Starting segment from index:0
2019-10-15 09:41:27,839 [grpc-default-executor-0] INFO  impl.RoleInfo (RoleInfo.java:updateAndGet(143)) - 0ec0ad77-b494-4568-a61d-f3148840548b: start FollowerState
2019-10-15 09:41:27,841 [grpc-default-executor-6] INFO  server.GrpcServerProtocolService (GrpcServerProtocolService.java:onCompleted(113)) - 09ef7beb-d26b-4bb2-9eab-5c6b1c3e87e8: Completed APPEND_ENTRIES, lastRequest: 0ec0ad77-b494-4568-a61d-f3148840548b->09ef7beb-d26b-4bb2-9eab-5c6b1c3e87e8#0-t1, previous=(t:0, i:0), leaderCommit=-1, initializing? false, entries: <empty>
2019-10-15 09:41:27,882 [grpc-default-executor-2] INFO  server.GrpcLogAppender (GrpcLogAppender.java:onCompleted(293)) - 0ec0ad77-b494-4568-a61d-f3148840548b@group-87F41C3F4095->09ef7beb-d26b-4bb2-9eab-5c6b1c3e87e8-AppendLogResponseHandler: follower responses appendEntries COMPLETED
2019-10-15 09:41:27,884 [grpc-default-executor-5] INFO  server.GrpcServerProtocolService (GrpcServerProtocolService.java:onCompleted(113)) - 4a399a1d-79a2-4c5b-9d27-91ca6d638b74: Completed APPEND_ENTRIES, lastRequest: 0ec0ad77-b494-4568-a61d-f3148840548b->4a399a1d-79a2-4c5b-9d27-91ca6d638b74#0-t1, previous=(t:0, i:0), leaderCommit=-1, initializing? false, entries: <empty>
2019-10-15 09:41:27,891 [grpc-default-executor-2] INFO  impl.FollowerInfo (FollowerInfo.java:lambda$new$0(51)) - 0ec0ad77-b494-4568-a61d-f3148840548b@group-87F41C3F4095->09ef7beb-d26b-4bb2-9eab-5c6b1c3e87e8: nextIndex: updateUnconditionally 0 -> 0
2019-10-15 09:41:27,894 [bb67c28d-dfc7-4185-8b4c-289c745cf645@group-151EB0C3CE66-SegmentedRaftLogWorker] INFO  segmented.SegmentedRaftLogWorker (SegmentedRaftLogWorker.java:execute(574)) - bb67c28d-dfc7-4185-8b4c-289c745cf645@group-151EB0C3CE66-SegmentedRaftLogWorker: created new log segment /workdir/hadoop-ozone/integration-test/target/test-dir/MiniOzoneClusterImpl-70a67178-95d0-485e-9f18-1ddbb1a0591f/datanode-0/data/ratis/3f56a06c-3cb2-43ee-8e5e-151eb0c3ce66/current/log_inprogress_0
2019-10-15 09:41:27,894 [8834960b-a489-4abc-804e-3f405938e0ba@group-151EB0C3CE66-SegmentedRaftLogWorker] INFO  segmented.SegmentedRaftLogWorker (SegmentedRaftLogWorker.java:execute(574)) - 8834960b-a489-4abc-804e-3f405938e0ba@group-151EB0C3CE66-SegmentedRaftLogWorker: created new log segment /workdir/hadoop-ozone/integration-test/target/test-dir/MiniOzoneClusterImpl-70a67178-95d0-485e-9f18-1ddbb1a0591f/datanode-5/data/ratis/3f56a06c-3cb2-43ee-8e5e-151eb0c3ce66/current/log_inprogress_0
2019-10-15 09:41:27,896 [grpc-default-executor-2] INFO  server.GrpcLogAppender (GrpcLogAppender.java:onCompleted(293)) - 0ec0ad77-b494-4568-a61d-f3148840548b@group-87F41C3F4095->4a399a1d-79a2-4c5b-9d27-91ca6d638b74-AppendLogResponseHandler: follower responses appendEntries COMPLETED
2019-10-15 09:41:27,899 [grpc-default-executor-2] INFO  impl.FollowerInfo (FollowerInfo.java:lambda$new$0(51)) - 0ec0ad77-b494-4568-a61d-f3148840548b@group-87F41C3F4095->4a399a1d-79a2-4c5b-9d27-91ca6d638b74: nextIndex: updateUnconditionally 0 -> 0
2019-10-15 09:41:32,841 [Thread-326] INFO  impl.FollowerState (FollowerState.java:run(108)) - 09ef7beb-d26b-4bb2-9eab-5c6b1c3e87e8@group-87F41C3F4095-FollowerState: change to CANDIDATE, lastRpcTime:5101ms, electionTimeout:5099ms
2019-10-15 09:41:32,841 [Thread-326] INFO  impl.RoleInfo (RoleInfo.java:shutdownFollowerState(121)) - 09ef7beb-d26b-4bb2-9eab-5c6b1c3e87e8: shutdown FollowerState
2019-10-15 09:41:32,841 [Thread-326] INFO  impl.RaftServerImpl (RaftServerImpl.java:setRole(170)) - 09ef7beb-d26b-4bb2-9eab-5c6b1c3e87e8@group-87F41C3F4095: changes role from  FOLLOWER to CANDIDATE at term 2 for changeToCandidate
2019-10-15 09:41:32,842 [Thread-326] INFO  impl.RoleInfo (RoleInfo.java:updateAndGet(143)) - 09ef7beb-d26b-4bb2-9eab-5c6b1c3e87e8: start LeaderElection
2019-10-15 09:41:32,847 [Thread-337] INFO  impl.FollowerState (FollowerState.java:run(108)) - 4a399a1d-79a2-4c5b-9d27-91ca6d638b74@group-87F41C3F4095-FollowerState: change to CANDIDATE, lastRpcTime:5014ms, electionTimeout:5010ms
2019-10-15 09:41:32,847 [Thread-337] INFO  impl.RoleInfo (RoleInfo.java:shutdownFollowerState(121)) - 4a399a1d-79a2-4c5b-9d27-91ca6d638b74: shutdown FollowerState
2019-10-15 09:41:32,847 [Thread-337] INFO  impl.RaftServerImpl (RaftServerImpl.java:setRole(170)) - 4a399a1d-79a2-4c5b-9d27-91ca6d638b74@group-87F41C3F4095: changes role from  FOLLOWER to CANDIDATE at term 2 for changeToCandidate
2019-10-15 09:41:32,847 [Thread-337] INFO  impl.RoleInfo (RoleInfo.java:updateAndGet(143)) - 4a399a1d-79a2-4c5b-9d27-91ca6d638b74: start LeaderElection
2019-10-15 09:41:32,859 [09ef7beb-d26b-4bb2-9eab-5c6b1c3e87e8@group-87F41C3F4095-LeaderElection13] INFO  impl.LeaderElection (LeaderElection.java:askForVotes(178)) - 09ef7beb-d26b-4bb2-9eab-5c6b1c3e87e8@group-87F41C3F4095-LeaderElection13: begin an election at term 3 for -1: [09ef7beb-d26b-4bb2-9eab-5c6b1c3e87e8:192.168.69.65:42336, 0ec0ad77-b494-4568-a61d-f3148840548b:192.168.69.65:37008, 4a399a1d-79a2-4c5b-9d27-91ca6d638b74:192.168.69.65:36254], old=null
2019-10-15 09:41:32,859 [4a399a1d-79a2-4c5b-9d27-91ca6d638b74@group-87F41C3F4095-LeaderElection14] INFO  impl.LeaderElection (LeaderElection.java:askForVotes(178)) - 4a399a1d-79a2-4c5b-9d27-91ca6d638b74@group-87F41C3F4095-LeaderElection14: begin an election at term 3 for -1: [09ef7beb-d26b-4bb2-9eab-5c6b1c3e87e8:192.168.69.65:42336, 0ec0ad77-b494-4568-a61d-f3148840548b:192.168.69.65:37008, 4a399a1d-79a2-4c5b-9d27-91ca6d638b74:192.168.69.65:36254], old=null
2019-10-15 09:41:32,871 [grpc-default-executor-1] INFO  impl.RaftServerImpl (RaftServerImpl.java:setRole(170)) - 0ec0ad77-b494-4568-a61d-f3148840548b@group-87F41C3F4095: changes role from  FOLLOWER to FOLLOWER at term 3 for recognizeCandidate:4a399a1d-79a2-4c5b-9d27-91ca6d638b74
2019-10-15 09:41:32,872 [grpc-default-executor-1] INFO  impl.RoleInfo (RoleInfo.java:shutdownFollowerState(121)) - 0ec0ad77-b494-4568-a61d-f3148840548b: shutdown FollowerState
2019-10-15 09:41:32,872 [grpc-default-executor-1] INFO  impl.RoleInfo (RoleInfo.java:updateAndGet(143)) - 0ec0ad77-b494-4568-a61d-f3148840548b: start FollowerState
2019-10-15 09:41:32,872 [Thread-338] INFO  impl.FollowerState (FollowerState.java:run(117)) - 0ec0ad77-b494-4568-a61d-f3148840548b@group-87F41C3F4095-FollowerState was interrupted: java.lang.InterruptedException: sleep interrupted
2019-10-15 09:41:32,887 [grpc-default-executor-2] INFO  impl.RaftServerImpl (RaftServerImpl.java:setRole(170)) - 0ec0ad77-b494-4568-a61d-f3148840548b@group-87F41C3F4095: changes role from  FOLLOWER to FOLLOWER at term 3 for recognizeCandidate:09ef7beb-d26b-4bb2-9eab-5c6b1c3e87e8
2019-10-15 09:41:32,887 [grpc-default-executor-2] INFO  impl.RoleInfo (RoleInfo.java:shutdownFollowerState(121)) - 0ec0ad77-b494-4568-a61d-f3148840548b: shutdown FollowerState
2019-10-15 09:41:32,887 [Thread-359] INFO  impl.FollowerState (FollowerState.java:run(117)) - 0ec0ad77-b494-4568-a61d-f3148840548b@group-87F41C3F4095-FollowerState was interrupted: java.lang.InterruptedException: sleep interrupted
2019-10-15 09:41:32,887 [grpc-default-executor-2] INFO  impl.RoleInfo (RoleInfo.java:updateAndGet(143)) - 0ec0ad77-b494-4568-a61d-f3148840548b: start FollowerState
2019-10-15 09:41:32,890 [4a399a1d-79a2-4c5b-9d27-91ca6d638b74@group-87F41C3F4095-LeaderElection14] INFO  impl.LeaderElection (LeaderElection.java:logAndReturn(56)) - 4a399a1d-79a2-4c5b-9d27-91ca6d638b74@group-87F41C3F4095-LeaderElection14: Election REJECTED; received 2 response(s) [4a399a1d-79a2-4c5b-9d27-91ca6d638b74<-09ef7beb-d26b-4bb2-9eab-5c6b1c3e87e8#0:FAIL-t3, 4a399a1d-79a2-4c5b-9d27-91ca6d638b74<-0ec0ad77-b494-4568-a61d-f3148840548b#0:FAIL-t3] and 0 exception(s); 4a399a1d-79a2-4c5b-9d27-91ca6d638b74@group-87F41C3F4095:t3, leader=null, voted=4a399a1d-79a2-4c5b-9d27-91ca6d638b74, raftlog=4a399a1d-79a2-4c5b-9d27-91ca6d638b74@group-87F41C3F4095-SegmentedRaftLog:OPENED:c-1,f-1,i0, conf=-1: [09ef7beb-d26b-4bb2-9eab-5c6b1c3e87e8:192.168.69.65:42336, 0ec0ad77-b494-4568-a61d-f3148840548b:192.168.69.65:37008, 4a399a1d-79a2-4c5b-9d27-91ca6d638b74:192.168.69.65:36254], old=null
2019-10-15 09:41:32,891 [4a399a1d-79a2-4c5b-9d27-91ca6d638b74@group-87F41C3F4095-LeaderElection14] INFO  impl.RaftServerImpl (RaftServerImpl.java:setRole(170)) - 4a399a1d-79a2-4c5b-9d27-91ca6d638b74@group-87F41C3F4095: changes role from CANDIDATE to FOLLOWER at term 3 for DISCOVERED_A_NEW_TERM
2019-10-15 09:41:32,892 [4a399a1d-79a2-4c5b-9d27-91ca6d638b74@group-87F41C3F4095-LeaderElection14] INFO  impl.RoleInfo (RoleInfo.java:shutdownLeaderElection(134)) - 4a399a1d-79a2-4c5b-9d27-91ca6d638b74: shutdown LeaderElection
2019-10-15 09:41:32,891 [09ef7beb-d26b-4bb2-9eab-5c6b1c3e87e8@group-87F41C3F4095-LeaderElection13] INFO  impl.LeaderElection (LeaderElection.java:logAndReturn(56)) - 09ef7beb-d26b-4bb2-9eab-5c6b1c3e87e8@group-87F41C3F4095-LeaderElection13: Election REJECTED; received 2 response(s) [09ef7beb-d26b-4bb2-9eab-5c6b1c3e87e8<-0ec0ad77-b494-4568-a61d-f3148840548b#0:FAIL-t3, 09ef7beb-d26b-4bb2-9eab-5c6b1c3e87e8<-4a399a1d-79a2-4c5b-9d27-91ca6d638b74#0:FAIL-t3] and 0 exception(s); 09ef7beb-d26b-4bb2-9eab-5c6b1c3e87e8@group-87F41C3F4095:t3, leader=null, voted=09ef7beb-d26b-4bb2-9eab-5c6b1c3e87e8, raftlog=09ef7beb-d26b-4bb2-9eab-5c6b1c3e87e8@group-87F41C3F4095-SegmentedRaftLog:OPENED:c-1,f-1,i0, conf=-1: [09ef7beb-d26b-4bb2-9eab-5c6b1c3e87e8:192.168.69.65:42336, 0ec0ad77-b494-4568-a61d-f3148840548b:192.168.69.65:37008, 4a399a1d-79a2-4c5b-9d27-91ca6d638b74:192.168.69.65:36254], old=null
2019-10-15 09:41:32,894 [4a399a1d-79a2-4c5b-9d27-91ca6d638b74@group-87F41C3F4095-LeaderElection14] INFO  impl.RoleInfo (RoleInfo.java:updateAndGet(143)) - 4a399a1d-79a2-4c5b-9d27-91ca6d638b74: start FollowerState
2019-10-15 09:41:32,894 [09ef7beb-d26b-4bb2-9eab-5c6b1c3e87e8@group-87F41C3F4095-LeaderElection13] INFO  impl.RaftServerImpl (RaftServerImpl.java:setRole(170)) - 09ef7beb-d26b-4bb2-9eab-5c6b1c3e87e8@group-87F41C3F4095: changes role from CANDIDATE to FOLLOWER at term 3 for DISCOVERED_A_NEW_TERM
2019-10-15 09:41:32,898 [09ef7beb-d26b-4bb2-9eab-5c6b1c3e87e8@group-87F41C3F4095-LeaderElection13] INFO  impl.RoleInfo (RoleInfo.java:shutdownLeaderElection(134)) - 09ef7beb-d26b-4bb2-9eab-5c6b1c3e87e8: shutdown LeaderElection
2019-10-15 09:41:32,898 [09ef7beb-d26b-4bb2-9eab-5c6b1c3e87e8@group-87F41C3F4095-LeaderElection13] INFO  impl.RoleInfo (RoleInfo.java:updateAndGet(143)) - 09ef7beb-d26b-4bb2-9eab-5c6b1c3e87e8: start FollowerState
2019-10-15 09:41:37,899 [Thread-361] INFO  impl.FollowerState (FollowerState.java:run(108)) - 4a399a1d-79a2-4c5b-9d27-91ca6d638b74@group-87F41C3F4095-FollowerState: change to CANDIDATE, lastRpcTime:5005ms, electionTimeout:5001ms
2019-10-15 09:41:37,900 [Thread-361] INFO  impl.RoleInfo (RoleInfo.java:shutdownFollowerState(121)) - 4a399a1d-79a2-4c5b-9d27-91ca6d638b74: shutdown FollowerState
2019-10-15 09:41:37,900 [Thread-361] INFO  impl.RaftServerImpl (RaftServerImpl.java:setRole(170)) - 4a399a1d-79a2-4c5b-9d27-91ca6d638b74@group-87F41C3F4095: changes role from  FOLLOWER to CANDIDATE at term 3 for changeToCandidate
2019-10-15 09:41:37,900 [Thread-361] INFO  impl.RoleInfo (RoleInfo.java:updateAndGet(143)) - 4a399a1d-79a2-4c5b-9d27-91ca6d638b74: start LeaderElection
2019-10-15 09:41:37,921 [4a399a1d-79a2-4c5b-9d27-91ca6d638b74@group-87F41C3F4095-LeaderElection15] INFO  impl.LeaderElection (LeaderElection.java:askForVotes(178)) - 4a399a1d-79a2-4c5b-9d27-91ca6d638b74@group-87F41C3F4095-LeaderElection15: begin an election at term 4 for -1: [09ef7beb-d26b-4bb2-9eab-5c6b1c3e87e8:192.168.69.65:42336, 0ec0ad77-b494-4568-a61d-f3148840548b:192.168.69.65:37008, 4a399a1d-79a2-4c5b-9d27-91ca6d638b74:192.168.69.65:36254], old=null
2019-10-15 09:41:37,925 [grpc-default-executor-1] INFO  impl.RaftServerImpl (RaftServerImpl.java:setRole(170)) - 0ec0ad77-b494-4568-a61d-f3148840548b@group-87F41C3F4095: changes role from  FOLLOWER to FOLLOWER at term 4 for recognizeCandidate:4a399a1d-79a2-4c5b-9d27-91ca6d638b74
2019-10-15 09:41:37,925 [grpc-default-executor-2] INFO  impl.RaftServerImpl (RaftServerImpl.java:setRole(170)) - 09ef7beb-d26b-4bb2-9eab-5c6b1c3e87e8@group-87F41C3F4095: changes role from  FOLLOWER to FOLLOWER at term 4 for recognizeCandidate:4a399a1d-79a2-4c5b-9d27-91ca6d638b74
2019-10-15 09:41:37,926 [grpc-default-executor-1] INFO  impl.RoleInfo (RoleInfo.java:shutdownFollowerState(121)) - 0ec0ad77-b494-4568-a61d-f3148840548b: shutdown FollowerState
2019-10-15 09:41:37,926 [grpc-default-executor-2] INFO  impl.RoleInfo (RoleInfo.java:shutdownFollowerState(121)) - 09ef7beb-d26b-4bb2-9eab-5c6b1c3e87e8: shutdown FollowerState
2019-10-15 09:41:37,926 [Thread-360] INFO  impl.FollowerState (FollowerState.java:run(117)) - 0ec0ad77-b494-4568-a61d-f3148840548b@group-87F41C3F4095-FollowerState was interrupted: java.lang.InterruptedException: sleep interrupted
2019-10-15 09:41:37,926 [grpc-default-executor-2] INFO  impl.RoleInfo (RoleInfo.java:updateAndGet(143)) - 09ef7beb-d26b-4bb2-9eab-5c6b1c3e87e8: start FollowerState
2019-10-15 09:41:37,926 [grpc-default-executor-1] INFO  impl.RoleInfo (RoleInfo.java:updateAndGet(143)) - 0ec0ad77-b494-4568-a61d-f3148840548b: start FollowerState
2019-10-15 09:41:37,926 [Thread-362] INFO  impl.FollowerState (FollowerState.java:run(117)) - 09ef7beb-d26b-4bb2-9eab-5c6b1c3e87e8@group-87F41C3F4095-FollowerState was interrupted: java.lang.InterruptedException: sleep interrupted
2019-10-15 09:41:37,942 [4a399a1d-79a2-4c5b-9d27-91ca6d638b74@group-87F41C3F4095-LeaderElection15] INFO  impl.LeaderElection (LeaderElection.java:logAndReturn(56)) - 4a399a1d-79a2-4c5b-9d27-91ca6d638b74@group-87F41C3F4095-LeaderElection15: Election PASSED; received 1 response(s) [4a399a1d-79a2-4c5b-9d27-91ca6d638b74<-09ef7beb-d26b-4bb2-9eab-5c6b1c3e87e8#0:OK-t4] and 0 exception(s); 4a399a1d-79a2-4c5b-9d27-91ca6d638b74@group-87F41C3F4095:t4, leader=null, voted=4a399a1d-79a2-4c5b-9d27-91ca6d638b74, raftlog=4a399a1d-79a2-4c5b-9d27-91ca6d638b74@group-87F41C3F4095-SegmentedRaftLog:OPENED:c-1,f-1,i0, conf=-1: [09ef7beb-d26b-4bb2-9eab-5c6b1c3e87e8:192.168.69.65:42336, 0ec0ad77-b494-4568-a61d-f3148840548b:192.168.69.65:37008, 4a399a1d-79a2-4c5b-9d27-91ca6d638b74:192.168.69.65:36254], old=null
2019-10-15 09:41:37,942 [4a399a1d-79a2-4c5b-9d27-91ca6d638b74@group-87F41C3F4095-LeaderElection15] INFO  impl.RoleInfo (RoleInfo.java:shutdownLeaderElection(134)) - 4a399a1d-79a2-4c5b-9d27-91ca6d638b74: shutdown LeaderElection
2019-10-15 09:41:37,942 [4a399a1d-79a2-4c5b-9d27-91ca6d638b74@group-87F41C3F4095-LeaderElection15] INFO  impl.RaftServerImpl (RaftServerImpl.java:setRole(170)) - 4a399a1d-79a2-4c5b-9d27-91ca6d638b74@group-87F41C3F4095: changes role from CANDIDATE to LEADER at term 4 for changeToLeader
2019-10-15 09:41:37,943 [4a399a1d-79a2-4c5b-9d27-91ca6d638b74@group-87F41C3F4095-LeaderElection15] INFO  impl.RaftServerImpl (ServerState.java:setLeader(255)) - 4a399a1d-79a2-4c5b-9d27-91ca6d638b74@group-87F41C3F4095: change Leader from null to 4a399a1d-79a2-4c5b-9d27-91ca6d638b74 at term 4 for becomeLeader, leader elected after 15372ms
2019-10-15 09:41:37,943 [4a399a1d-79a2-4c5b-9d27-91ca6d638b74@group-87F41C3F4095-LeaderElection15] INFO  server.RaftServerConfigKeys (ConfUtils.java:logGet(43)) - raft.server.staging.catchup.gap = 1000 (default)
2019-10-15 09:41:37,943 [4a399a1d-79a2-4c5b-9d27-91ca6d638b74@group-87F41C3F4095-LeaderElection15] INFO  server.RaftServerConfigKeys (ConfUtils.java:logGet(43)) - raft.server.rpc.sleep.time = 25ms (default)
2019-10-15 09:41:37,943 [4a399a1d-79a2-4c5b-9d27-91ca6d638b74@group-87F41C3F4095-LeaderElection15] INFO  server.RaftServerConfigKeys (ConfUtils.java:logGet(43)) - raft.server.write.element-limit = 4096 (default)
2019-10-15 09:41:37,943 [4a399a1d-79a2-4c5b-9d27-91ca6d638b74@group-87F41C3F4095-LeaderElection15] INFO  server.RaftServerConfigKeys (ConfUtils.java:logGet(43)) - raft.server.watch.timeout = 10s (default)
2019-10-15 09:41:37,944 [4a399a1d-79a2-4c5b-9d27-91ca6d638b74@group-87F41C3F4095-LeaderElection15] INFO  server.RaftServerConfigKeys (ConfUtils.java:logGet(43)) - raft.server.watch.timeout.denomination = 1s (default)
2019-10-15 09:41:37,944 [4a399a1d-79a2-4c5b-9d27-91ca6d638b74@group-87F41C3F4095-LeaderElection15] INFO  server.RaftServerConfigKeys (ConfUtils.java:logGet(43)) - raft.server.watch.element-limit = 65536 (default)
2019-10-15 09:41:37,947 [4a399a1d-79a2-4c5b-9d27-91ca6d638b74@group-87F41C3F4095-LeaderElection15] INFO  server.RaftServerConfigKeys (ConfUtils.java:logGet(43)) - raft.server.log.appender.snapshot.chunk.size.max = 16MB (=16777216) (default)
2019-10-15 09:41:37,948 [4a399a1d-79a2-4c5b-9d27-91ca6d638b74@group-87F41C3F4095-LeaderElection15] INFO  server.RaftServerConfigKeys (ConfUtils.java:logGet(43)) - raft.server.log.appender.buffer.byte-limit = 33554432 (custom)
2019-10-15 09:41:37,948 [4a399a1d-79a2-4c5b-9d27-91ca6d638b74@group-87F41C3F4095-LeaderElection15] INFO  server.RaftServerConfigKeys (ConfUtils.java:logGet(43)) - raft.server.log.appender.buffer.element-limit = 1 (custom)
2019-10-15 09:41:37,948 [4a399a1d-79a2-4c5b-9d27-91ca6d638b74@group-87F41C3F4095-LeaderElection15] INFO  grpc.GrpcConfigKeys$Server (ConfUtils.java:logGet(43)) - raft.grpc.server.leader.outstanding.appends.max = 128 (default)
2019-10-15 09:41:37,948 [4a399a1d-79a2-4c5b-9d27-91ca6d638b74@group-87F41C3F4095-LeaderElection15] INFO  server.RaftServerConfigKeys (ConfUtils.java:logGet(43)) - raft.server.rpc.request.timeout = 3000ms (default)
2019-10-15 09:41:37,949 [4a399a1d-79a2-4c5b-9d27-91ca6d638b74@group-87F41C3F4095-LeaderElection15] INFO  server.RaftServerConfigKeys (ConfUtils.java:logGet(43)) - raft.server.log.appender.install.snapshot.enabled = false (custom)
2019-10-15 09:41:37,949 [4a399a1d-79a2-4c5b-9d27-91ca6d638b74@group-87F41C3F4095-LeaderElection15] INFO  server.RaftServerConfigKeys (ConfUtils.java:logGet(43)) - raft.server.log.appender.snapshot.chunk.size.max = 16MB (=16777216) (default)
2019-10-15 09:41:37,949 [4a399a1d-79a2-4c5b-9d27-91ca6d638b74@group-87F41C3F4095-LeaderElection15] INFO  server.RaftServerConfigKeys (ConfUtils.java:logGet(43)) - raft.server.log.appender.buffer.byte-limit = 33554432 (custom)
2019-10-15 09:41:37,949 [4a399a1d-79a2-4c5b-9d27-91ca6d638b74@group-87F41C3F4095-LeaderElection15] INFO  server.RaftServerConfigKeys (ConfUtils.java:logGet(43)) - raft.server.log.appender.buffer.element-limit = 1 (custom)
2019-10-15 09:41:37,950 [4a399a1d-79a2-4c5b-9d27-91ca6d638b74@group-87F41C3F4095-LeaderElection15] INFO  grpc.GrpcConfigKeys$Server (ConfUtils.java:logGet(43)) - raft.grpc.server.leader.outstanding.appends.max = 128 (default)
2019-10-15 09:41:37,950 [4a399a1d-79a2-4c5b-9d27-91ca6d638b74@group-87F41C3F4095-LeaderElection15] INFO  server.RaftServerConfigKeys (ConfUtils.java:logGet(43)) - raft.server.rpc.request.timeout = 3000ms (default)
2019-10-15 09:41:37,950 [4a399a1d-79a2-4c5b-9d27-91ca6d638b74@group-87F41C3F4095-LeaderElection15] INFO  server.RaftServerConfigKeys (ConfUtils.java:logGet(43)) - raft.server.log.appender.install.snapshot.enabled = false (custom)
2019-10-15 09:41:37,950 [4a399a1d-79a2-4c5b-9d27-91ca6d638b74@group-87F41C3F4095-LeaderElection15] INFO  impl.RoleInfo (RoleInfo.java:updateAndGet(143)) - 4a399a1d-79a2-4c5b-9d27-91ca6d638b74: start LeaderState
2019-10-15 09:41:37,951 [4a399a1d-79a2-4c5b-9d27-91ca6d638b74@group-87F41C3F4095-LeaderElection15] INFO  segmented.SegmentedRaftLogWorker (SegmentedRaftLogWorker.java:startLogSegment(385)) - 4a399a1d-79a2-4c5b-9d27-91ca6d638b74@group-87F41C3F4095-SegmentedRaftLogWorker: Starting segment from index:0
2019-10-15 09:41:37,952 [4a399a1d-79a2-4c5b-9d27-91ca6d638b74@group-87F41C3F4095-LeaderElection15] INFO  impl.RaftServerImpl (ServerState.java:setRaftConf(356)) - 4a399a1d-79a2-4c5b-9d27-91ca6d638b74@group-87F41C3F4095: set configuration 0: [09ef7beb-d26b-4bb2-9eab-5c6b1c3e87e8:192.168.69.65:42336, 0ec0ad77-b494-4568-a61d-f3148840548b:192.168.69.65:37008, 4a399a1d-79a2-4c5b-9d27-91ca6d638b74:192.168.69.65:36254], old=null at 0
2019-10-15 09:41:37,954 [grpc-default-executor-2] INFO  impl.RaftServerImpl (ServerState.java:setLeader(255)) - 09ef7beb-d26b-4bb2-9eab-5c6b1c3e87e8@group-87F41C3F4095: change Leader from null to 4a399a1d-79a2-4c5b-9d27-91ca6d638b74 at term 4 for appendEntries, leader elected after 15384ms
2019-10-15 09:41:37,970 [grpc-default-executor-1] INFO  impl.RaftServerImpl (ServerState.java:setLeader(255)) - 0ec0ad77-b494-4568-a61d-f3148840548b@group-87F41C3F4095: change Leader from null to 4a399a1d-79a2-4c5b-9d27-91ca6d638b74 at term 4 for appendEntries, leader elected after 10148ms
2019-10-15 09:41:37,974 [grpc-default-executor-1] INFO  impl.RaftServerImpl (ServerState.java:setRaftConf(356)) - 09ef7beb-d26b-4bb2-9eab-5c6b1c3e87e8@group-87F41C3F4095: set configuration 0: [09ef7beb-d26b-4bb2-9eab-5c6b1c3e87e8:192.168.69.65:42336, 0ec0ad77-b494-4568-a61d-f3148840548b:192.168.69.65:37008, 4a399a1d-79a2-4c5b-9d27-91ca6d638b74:192.168.69.65:36254], old=null at 0
2019-10-15 09:41:37,974 [grpc-default-executor-2] INFO  impl.RaftServerImpl (ServerState.java:setRaftConf(356)) - 0ec0ad77-b494-4568-a61d-f3148840548b@group-87F41C3F4095: set configuration 0: [09ef7beb-d26b-4bb2-9eab-5c6b1c3e87e8:192.168.69.65:42336, 0ec0ad77-b494-4568-a61d-f3148840548b:192.168.69.65:37008, 4a399a1d-79a2-4c5b-9d27-91ca6d638b74:192.168.69.65:36254], old=null at 0
2019-10-15 09:41:37,975 [grpc-default-executor-1] INFO  segmented.SegmentedRaftLogWorker (SegmentedRaftLogWorker.java:startLogSegment(385)) - 09ef7beb-d26b-4bb2-9eab-5c6b1c3e87e8@group-87F41C3F4095-SegmentedRaftLogWorker: Starting segment from index:0
2019-10-15 09:41:37,979 [grpc-default-executor-2] INFO  segmented.SegmentedRaftLogWorker (SegmentedRaftLogWorker.java:truncate(401)) - 0ec0ad77-b494-4568-a61d-f3148840548b@group-87F41C3F4095-SegmentedRaftLogWorker: Truncating segments toTruncate: null
  toDelete: [(0, 0) isOpen? true, length=0, newEndIndex=-1], start index 0
2019-10-15 09:41:37,980 [grpc-default-executor-2] INFO  segmented.SegmentedRaftLogWorker (SegmentedRaftLogWorker.java:startLogSegment(385)) - 0ec0ad77-b494-4568-a61d-f3148840548b@group-87F41C3F4095-SegmentedRaftLogWorker: Starting segment from index:0
2019-10-15 09:41:37,983 [0ec0ad77-b494-4568-a61d-f3148840548b@group-87F41C3F4095-SegmentedRaftLogWorker] INFO  segmented.SegmentedRaftLogWorker (SegmentedRaftLogWorker.java:execute(638)) - 0ec0ad77-b494-4568-a61d-f3148840548b@group-87F41C3F4095-SegmentedRaftLogWorker: Deleted log file /workdir/hadoop-ozone/integration-test/target/test-dir/MiniOzoneClusterImpl-70a67178-95d0-485e-9f18-1ddbb1a0591f/datanode-4/data/ratis/74e6e0e2-fcc1-4ca4-82bd-87f41c3f4095/current/log_inprogress_0
2019-10-15 09:41:37,983 [4a399a1d-79a2-4c5b-9d27-91ca6d638b74@group-87F41C3F4095-SegmentedRaftLogWorker] INFO  segmented.SegmentedRaftLogWorker (SegmentedRaftLogWorker.java:execute(574)) - 4a399a1d-79a2-4c5b-9d27-91ca6d638b74@group-87F41C3F4095-SegmentedRaftLogWorker: created new log segment /workdir/hadoop-ozone/integration-test/target/test-dir/MiniOzoneClusterImpl-70a67178-95d0-485e-9f18-1ddbb1a0591f/datanode-3/data/ratis/74e6e0e2-fcc1-4ca4-82bd-87f41c3f4095/current/log_inprogress_0
2019-10-15 09:41:37,984 [0ec0ad77-b494-4568-a61d-f3148840548b@group-87F41C3F4095-SegmentedRaftLogWorker] INFO  segmented.SegmentedRaftLogWorker (SegmentedRaftLogWorker.java:lambda$new$0(128)) - 0ec0ad77-b494-4568-a61d-f3148840548b@group-87F41C3F4095-SegmentedRaftLogWorker: flushIndex: setUnconditionally 0 -> -1
2019-10-15 09:41:38,013 [0ec0ad77-b494-4568-a61d-f3148840548b@group-87F41C3F4095-SegmentedRaftLogWorker] INFO  segmented.SegmentedRaftLogWorker (SegmentedRaftLogWorker.java:execute(574)) - 0ec0ad77-b494-4568-a61d-f3148840548b@group-87F41C3F4095-SegmentedRaftLogWorker: created new log segment /workdir/hadoop-ozone/integration-test/target/test-dir/MiniOzoneClusterImpl-70a67178-95d0-485e-9f18-1ddbb1a0591f/datanode-4/data/ratis/74e6e0e2-fcc1-4ca4-82bd-87f41c3f4095/current/log_inprogress_0
2019-10-15 09:41:38,015 [09ef7beb-d26b-4bb2-9eab-5c6b1c3e87e8@group-87F41C3F4095-SegmentedRaftLogWorker] INFO  segmented.SegmentedRaftLogWorker (SegmentedRaftLogWorker.java:execute(574)) - 09ef7beb-d26b-4bb2-9eab-5c6b1c3e87e8@group-87F41C3F4095-SegmentedRaftLogWorker: created new log segment /workdir/hadoop-ozone/integration-test/target/test-dir/MiniOzoneClusterImpl-70a67178-95d0-485e-9f18-1ddbb1a0591f/datanode-1/data/ratis/74e6e0e2-fcc1-4ca4-82bd-87f41c3f4095/current/log_inprogress_0
2019-10-15 09:41:39,775 [main] WARN  scm.XceiverClientRatis (XceiverClientRatis.java:watchForCommit(277)) - 3 way commit failed on pipeline Pipeline[ Id: 74e6e0e2-fcc1-4ca4-82bd-87f41c3f4095, Nodes: 4a399a1d-79a2-4c5b-9d27-91ca6d638b74{ip: 192.168.69.65, host: dev-nightly-20191015-lc69l-4092513605, networkLocation: /default-rack, certSerialId: null}0ec0ad77-b494-4568-a61d-f3148840548b{ip: 192.168.69.65, host: dev-nightly-20191015-lc69l-4092513605, networkLocation: /default-rack, certSerialId: null}09ef7beb-d26b-4bb2-9eab-5c6b1c3e87e8{ip: 192.168.69.65, host: dev-nightly-20191015-lc69l-4092513605, networkLocation: /default-rack, certSerialId: null}, Type:RATIS, Factor:THREE, State:OPEN]
java.util.concurrent.TimeoutException
	at java.util.concurrent.CompletableFuture.timedGet(CompletableFuture.java:1771)
	at java.util.concurrent.CompletableFuture.get(CompletableFuture.java:1915)
	at org.apache.hadoop.hdds.scm.XceiverClientRatis.watchForCommit(XceiverClientRatis.java:274)
	at org.apache.hadoop.hdds.scm.storage.CommitWatcher.watchForCommit(CommitWatcher.java:198)
	at org.apache.hadoop.hdds.scm.storage.CommitWatcher.watchOnLastIndex(CommitWatcher.java:161)
	at org.apache.hadoop.hdds.scm.storage.BlockOutputStream.watchForCommit(BlockOutputStream.java:346)
	at org.apache.hadoop.hdds.scm.storage.BlockOutputStream.handleFlush(BlockOutputStream.java:482)
	at org.apache.hadoop.hdds.scm.storage.BlockOutputStream.flush(BlockOutputStream.java:431)
	at org.apache.hadoop.ozone.client.io.BlockOutputStreamEntry.flush(BlockOutputStreamEntry.java:136)
	at org.apache.hadoop.ozone.client.io.KeyOutputStream.handleFlushOrClose(KeyOutputStream.java:443)
	at org.apache.hadoop.ozone.client.io.KeyOutputStream.flush(KeyOutputStream.java:397)
	at org.apache.hadoop.ozone.client.io.OzoneOutputStream.flush(OzoneOutputStream.java:54)
	at org.apache.hadoop.ozone.client.rpc.TestBlockOutputStreamWithFailures.test2DatanodesFailure(TestBlockOutputStreamWithFailures.java:461)
	at sun.reflect.NativeMethodAccessorImpl.invoke0(Native Method)
	at sun.reflect.NativeMethodAccessorImpl.invoke(NativeMethodAccessorImpl.java:62)
	at sun.reflect.DelegatingMethodAccessorImpl.invoke(DelegatingMethodAccessorImpl.java:43)
	at java.lang.reflect.Method.invoke(Method.java:498)
	at org.junit.runners.model.FrameworkMethod$1.runReflectiveCall(FrameworkMethod.java:47)
	at org.junit.internal.runners.model.ReflectiveCallable.run(ReflectiveCallable.java:12)
	at org.junit.runners.model.FrameworkMethod.invokeExplosively(FrameworkMethod.java:44)
	at org.junit.internal.runners.statements.InvokeMethod.evaluate(InvokeMethod.java:17)
	at org.junit.internal.runners.statements.RunBefores.evaluate(RunBefores.java:26)
	at org.junit.internal.runners.statements.RunAfters.evaluate(RunAfters.java:27)
	at org.junit.runners.ParentRunner.runLeaf(ParentRunner.java:271)
	at org.junit.runners.BlockJUnit4ClassRunner.runChild(BlockJUnit4ClassRunner.java:70)
	at org.junit.runners.BlockJUnit4ClassRunner.runChild(BlockJUnit4ClassRunner.java:50)
	at org.junit.runners.ParentRunner$3.run(ParentRunner.java:238)
	at org.junit.runners.ParentRunner$1.schedule(ParentRunner.java:63)
	at org.junit.runners.ParentRunner.runChildren(ParentRunner.java:236)
	at org.junit.runners.ParentRunner.access$000(ParentRunner.java:53)
	at org.junit.runners.ParentRunner$2.evaluate(ParentRunner.java:229)
	at org.junit.runners.ParentRunner.run(ParentRunner.java:309)
	at org.apache.maven.surefire.junit4.JUnit4Provider.execute(JUnit4Provider.java:365)
	at org.apache.maven.surefire.junit4.JUnit4Provider.executeWithRerun(JUnit4Provider.java:273)
	at org.apache.maven.surefire.junit4.JUnit4Provider.executeTestSet(JUnit4Provider.java:238)
	at org.apache.maven.surefire.junit4.JUnit4Provider.invoke(JUnit4Provider.java:159)
	at org.apache.maven.surefire.booter.ForkedBooter.invokeProviderInSameClassLoader(ForkedBooter.java:384)
	at org.apache.maven.surefire.booter.ForkedBooter.runSuitesInProcess(ForkedBooter.java:345)
	at org.apache.maven.surefire.booter.ForkedBooter.execute(ForkedBooter.java:126)
	at org.apache.maven.surefire.booter.ForkedBooter.main(ForkedBooter.java:418)
2019-10-15 09:41:40,779 [main] WARN  storage.CommitWatcher (CommitWatcher.java:watchForCommit(207)) - watchForCommit failed for index 14
java.util.concurrent.TimeoutException
	at java.util.concurrent.CompletableFuture.timedGet(CompletableFuture.java:1771)
	at java.util.concurrent.CompletableFuture.get(CompletableFuture.java:1915)
	at org.apache.hadoop.hdds.scm.XceiverClientRatis.watchForCommit(XceiverClientRatis.java:283)
	at org.apache.hadoop.hdds.scm.storage.CommitWatcher.watchForCommit(CommitWatcher.java:198)
	at org.apache.hadoop.hdds.scm.storage.CommitWatcher.watchOnLastIndex(CommitWatcher.java:161)
	at org.apache.hadoop.hdds.scm.storage.BlockOutputStream.watchForCommit(BlockOutputStream.java:346)
	at org.apache.hadoop.hdds.scm.storage.BlockOutputStream.handleFlush(BlockOutputStream.java:482)
	at org.apache.hadoop.hdds.scm.storage.BlockOutputStream.flush(BlockOutputStream.java:431)
	at org.apache.hadoop.ozone.client.io.BlockOutputStreamEntry.flush(BlockOutputStreamEntry.java:136)
	at org.apache.hadoop.ozone.client.io.KeyOutputStream.handleFlushOrClose(KeyOutputStream.java:443)
	at org.apache.hadoop.ozone.client.io.KeyOutputStream.flush(KeyOutputStream.java:397)
	at org.apache.hadoop.ozone.client.io.OzoneOutputStream.flush(OzoneOutputStream.java:54)
	at org.apache.hadoop.ozone.client.rpc.TestBlockOutputStreamWithFailures.test2DatanodesFailure(TestBlockOutputStreamWithFailures.java:461)
	at sun.reflect.NativeMethodAccessorImpl.invoke0(Native Method)
	at sun.reflect.NativeMethodAccessorImpl.invoke(NativeMethodAccessorImpl.java:62)
	at sun.reflect.DelegatingMethodAccessorImpl.invoke(DelegatingMethodAccessorImpl.java:43)
	at java.lang.reflect.Method.invoke(Method.java:498)
	at org.junit.runners.model.FrameworkMethod$1.runReflectiveCall(FrameworkMethod.java:47)
	at org.junit.internal.runners.model.ReflectiveCallable.run(ReflectiveCallable.java:12)
	at org.junit.runners.model.FrameworkMethod.invokeExplosively(FrameworkMethod.java:44)
	at org.junit.internal.runners.statements.InvokeMethod.evaluate(InvokeMethod.java:17)
	at org.junit.internal.runners.statements.RunBefores.evaluate(RunBefores.java:26)
	at org.junit.internal.runners.statements.RunAfters.evaluate(RunAfters.java:27)
	at org.junit.runners.ParentRunner.runLeaf(ParentRunner.java:271)
	at org.junit.runners.BlockJUnit4ClassRunner.runChild(BlockJUnit4ClassRunner.java:70)
	at org.junit.runners.BlockJUnit4ClassRunner.runChild(BlockJUnit4ClassRunner.java:50)
	at org.junit.runners.ParentRunner$3.run(ParentRunner.java:238)
	at org.junit.runners.ParentRunner$1.schedule(ParentRunner.java:63)
	at org.junit.runners.ParentRunner.runChildren(ParentRunner.java:236)
	at org.junit.runners.ParentRunner.access$000(ParentRunner.java:53)
	at org.junit.runners.ParentRunner$2.evaluate(ParentRunner.java:229)
	at org.junit.runners.ParentRunner.run(ParentRunner.java:309)
	at org.apache.maven.surefire.junit4.JUnit4Provider.execute(JUnit4Provider.java:365)
	at org.apache.maven.surefire.junit4.JUnit4Provider.executeWithRerun(JUnit4Provider.java:273)
	at org.apache.maven.surefire.junit4.JUnit4Provider.executeTestSet(JUnit4Provider.java:238)
	at org.apache.maven.surefire.junit4.JUnit4Provider.invoke(JUnit4Provider.java:159)
	at org.apache.maven.surefire.booter.ForkedBooter.invokeProviderInSameClassLoader(ForkedBooter.java:384)
	at org.apache.maven.surefire.booter.ForkedBooter.runSuitesInProcess(ForkedBooter.java:345)
	at org.apache.maven.surefire.booter.ForkedBooter.execute(ForkedBooter.java:126)
	at org.apache.maven.surefire.booter.ForkedBooter.main(ForkedBooter.java:418)
2019-10-15 09:41:40,781 [main] WARN  io.KeyOutputStream (KeyOutputStream.java:handleException(274)) - Encountered exception java.io.IOException: Unexpected Storage Container Exception: java.io.IOException: Unexpected Storage Container Exception: java.util.concurrent.TimeoutException on the pipeline Pipeline[ Id: 74e6e0e2-fcc1-4ca4-82bd-87f41c3f4095, Nodes: 4a399a1d-79a2-4c5b-9d27-91ca6d638b74{ip: 192.168.69.65, host: dev-nightly-20191015-lc69l-4092513605, networkLocation: /default-rack, certSerialId: null}0ec0ad77-b494-4568-a61d-f3148840548b{ip: 192.168.69.65, host: dev-nightly-20191015-lc69l-4092513605, networkLocation: /default-rack, certSerialId: null}09ef7beb-d26b-4bb2-9eab-5c6b1c3e87e8{ip: 192.168.69.65, host: dev-nightly-20191015-lc69l-4092513605, networkLocation: /default-rack, certSerialId: null}, Type:RATIS, Factor:THREE, State:OPEN]. The last committed block length is 400, uncommitted data length is 50 retry count 0
2019-10-15 09:41:41,115 [main] INFO  ozone.MiniOzoneClusterImpl (MiniOzoneClusterImpl.java:shutdown(314)) - Shutting down the Mini Ozone Cluster
2019-10-15 09:41:41,116 [main] INFO  ozone.MiniOzoneClusterImpl (MiniOzoneClusterImpl.java:stop(330)) - Stopping the Mini Ozone Cluster
2019-10-15 09:41:41,116 [main] INFO  ozone.MiniOzoneClusterImpl (MiniOzoneClusterImpl.java:stopOM(400)) - Stopping the OzoneManager
2019-10-15 09:41:41,116 [main] INFO  ipc.Server (Server.java:stop(3082)) - Stopping server on 43200
2019-10-15 09:41:41,117 [IPC Server listener on 43200] INFO  ipc.Server (Server.java:run(1185)) - Stopping IPC Server listener on 43200
2019-10-15 09:41:41,119 [main] INFO  ratis.OzoneManagerDoubleBuffer (OzoneManagerDoubleBuffer.java:stop(250)) - Stopping OMDoubleBuffer flush thread
2019-10-15 09:41:41,120 [OMDoubleBufferFlushThread] INFO  ratis.OzoneManagerDoubleBuffer (OzoneManagerDoubleBuffer.java:flushTransactions(193)) - OMDoubleBuffer flush thread OMDoubleBufferFlushThread is interrupted and will exit. OMDoubleBufferFlushThread
2019-10-15 09:41:41,120 [IPC Server Responder] INFO  ipc.Server (Server.java:run(1319)) - Stopping IPC Server Responder
2019-10-15 09:41:41,121 [main] INFO  utils.BackgroundService (BackgroundService.java:shutdown(151)) - Shutting down service KeyDeletingService
2019-10-15 09:41:41,125 [main] INFO  handler.ContextHandler (ContextHandler.java:doStop(910)) - Stopped o.e.j.w.WebAppContext@a7f0ab6{/,null,UNAVAILABLE}{/ozoneManager}
2019-10-15 09:41:41,132 [main] INFO  server.AbstractConnector (AbstractConnector.java:doStop(318)) - Stopped ServerConnector@41f35f7c{HTTP/1.1,[http/1.1]}{0.0.0.0:0}
2019-10-15 09:41:41,132 [main] INFO  handler.ContextHandler (ContextHandler.java:doStop(910)) - Stopped o.e.j.s.ServletContextHandler@11a7ba62{/static,file:///workdir/hadoop-ozone/integration-test/target/test-classes/webapps/static,UNAVAILABLE}
2019-10-15 09:41:41,133 [main] INFO  handler.ContextHandler (ContextHandler.java:doStop(910)) - Stopped o.e.j.s.ServletContextHandler@56da52a7{/logs,file:///workdir/hadoop-ozone/integration-test/target/log,UNAVAILABLE}
2019-10-15 09:41:41,146 [main] INFO  ozone.MiniOzoneClusterImpl (MiniOzoneClusterImpl.java:stopDatanodes(377)) - Stopping the HddsDatanodes
2019-10-15 09:41:41,448 [Datanode State Machine Thread - 0] INFO  statemachine.DatanodeStateMachine (DatanodeStateMachine.java:lambda$startDaemon$0(350)) - Ozone container server started.
2019-10-15 09:41:41,450 [Datanode State Machine Thread - 0] INFO  statemachine.DatanodeStateMachine (DatanodeStateMachine.java:lambda$startDaemon$0(350)) - Ozone container server started.
2019-10-15 09:41:45,527 [EventQueue-StaleNodeForStaleNodeHandler] INFO  node.StaleNodeHandler (StaleNodeHandler.java:onMessage(58)) - Datanode 0ec0ad77-b494-4568-a61d-f3148840548b{ip: 192.168.69.65, host: dev-nightly-20191015-lc69l-4092513605, networkLocation: /default-rack, certSerialId: null} moved to stale state. Finalizing its pipelines [PipelineID=74e6e0e2-fcc1-4ca4-82bd-87f41c3f4095, PipelineID=868e4b93-ca10-4edf-9934-3ba489730ed4]
2019-10-15 09:41:45,527 [EventQueue-StaleNodeForStaleNodeHandler] INFO  pipeline.SCMPipelineManager (SCMPipelineManager.java:finalizeAndDestroyPipeline(315)) - destroying pipeline:Pipeline[ Id: 74e6e0e2-fcc1-4ca4-82bd-87f41c3f4095, Nodes: 4a399a1d-79a2-4c5b-9d27-91ca6d638b74{ip: 192.168.69.65, host: dev-nightly-20191015-lc69l-4092513605, networkLocation: /default-rack, certSerialId: null}0ec0ad77-b494-4568-a61d-f3148840548b{ip: 192.168.69.65, host: dev-nightly-20191015-lc69l-4092513605, networkLocation: /default-rack, certSerialId: null}09ef7beb-d26b-4bb2-9eab-5c6b1c3e87e8{ip: 192.168.69.65, host: dev-nightly-20191015-lc69l-4092513605, networkLocation: /default-rack, certSerialId: null}, Type:RATIS, Factor:THREE, State:OPEN]
2019-10-15 09:41:45,529 [EventQueue-StaleNodeForStaleNodeHandler] INFO  pipeline.PipelineStateManager (PipelineStateManager.java:finalizePipeline(123)) - Pipeline Pipeline[ Id: 74e6e0e2-fcc1-4ca4-82bd-87f41c3f4095, Nodes: 4a399a1d-79a2-4c5b-9d27-91ca6d638b74{ip: 192.168.69.65, host: dev-nightly-20191015-lc69l-4092513605, networkLocation: /default-rack, certSerialId: null}0ec0ad77-b494-4568-a61d-f3148840548b{ip: 192.168.69.65, host: dev-nightly-20191015-lc69l-4092513605, networkLocation: /default-rack, certSerialId: null}09ef7beb-d26b-4bb2-9eab-5c6b1c3e87e8{ip: 192.168.69.65, host: dev-nightly-20191015-lc69l-4092513605, networkLocation: /default-rack, certSerialId: null}, Type:RATIS, Factor:THREE, State:CLOSED] moved to CLOSED state
2019-10-15 09:41:45,530 [EventQueue-CloseContainerForCloseContainerEventHandler] INFO  container.CloseContainerEventHandler (CloseContainerEventHandler.java:onMessage(61)) - Close container Event triggered for container : #1
2019-10-15 09:41:45,533 [EventQueue-StaleNodeForStaleNodeHandler] INFO  pipeline.SCMPipelineManager (SCMPipelineManager.java:finalizeAndDestroyPipeline(315)) - destroying pipeline:Pipeline[ Id: 868e4b93-ca10-4edf-9934-3ba489730ed4, Nodes: 0ec0ad77-b494-4568-a61d-f3148840548b{ip: 192.168.69.65, host: dev-nightly-20191015-lc69l-4092513605, networkLocation: /default-rack, certSerialId: null}, Type:RATIS, Factor:ONE, State:OPEN]
2019-10-15 09:41:45,534 [EventQueue-StaleNodeForStaleNodeHandler] INFO  pipeline.PipelineStateManager (PipelineStateManager.java:finalizePipeline(123)) - Pipeline Pipeline[ Id: 868e4b93-ca10-4edf-9934-3ba489730ed4, Nodes: 0ec0ad77-b494-4568-a61d-f3148840548b{ip: 192.168.69.65, host: dev-nightly-20191015-lc69l-4092513605, networkLocation: /default-rack, certSerialId: null}, Type:RATIS, Factor:ONE, State:CLOSED] moved to CLOSED state
2019-10-15 09:41:45,535 [EventQueue-StaleNodeForStaleNodeHandler] INFO  node.StaleNodeHandler (StaleNodeHandler.java:onMessage(58)) - Datanode 09ef7beb-d26b-4bb2-9eab-5c6b1c3e87e8{ip: 192.168.69.65, host: dev-nightly-20191015-lc69l-4092513605, networkLocation: /default-rack, certSerialId: null} moved to stale state. Finalizing its pipelines [PipelineID=74e6e0e2-fcc1-4ca4-82bd-87f41c3f4095, PipelineID=0a097ae9-8b84-4e94-bd57-582c48ebb74e]
2019-10-15 09:41:45,535 [EventQueue-StaleNodeForStaleNodeHandler] INFO  pipeline.SCMPipelineManager (SCMPipelineManager.java:finalizeAndDestroyPipeline(315)) - destroying pipeline:Pipeline[ Id: 74e6e0e2-fcc1-4ca4-82bd-87f41c3f4095, Nodes: 4a399a1d-79a2-4c5b-9d27-91ca6d638b74{ip: 192.168.69.65, host: dev-nightly-20191015-lc69l-4092513605, networkLocation: /default-rack, certSerialId: null}0ec0ad77-b494-4568-a61d-f3148840548b{ip: 192.168.69.65, host: dev-nightly-20191015-lc69l-4092513605, networkLocation: /default-rack, certSerialId: null}09ef7beb-d26b-4bb2-9eab-5c6b1c3e87e8{ip: 192.168.69.65, host: dev-nightly-20191015-lc69l-4092513605, networkLocation: /default-rack, certSerialId: null}, Type:RATIS, Factor:THREE, State:CLOSED]
2019-10-15 09:41:45,535 [EventQueue-StaleNodeForStaleNodeHandler] INFO  pipeline.SCMPipelineManager (SCMPipelineManager.java:finalizeAndDestroyPipeline(315)) - destroying pipeline:Pipeline[ Id: 0a097ae9-8b84-4e94-bd57-582c48ebb74e, Nodes: 09ef7beb-d26b-4bb2-9eab-5c6b1c3e87e8{ip: 192.168.69.65, host: dev-nightly-20191015-lc69l-4092513605, networkLocation: /default-rack, certSerialId: null}, Type:RATIS, Factor:ONE, State:OPEN]
2019-10-15 09:41:45,535 [EventQueue-StaleNodeForStaleNodeHandler] INFO  pipeline.PipelineStateManager (PipelineStateManager.java:finalizePipeline(123)) - Pipeline Pipeline[ Id: 0a097ae9-8b84-4e94-bd57-582c48ebb74e, Nodes: 09ef7beb-d26b-4bb2-9eab-5c6b1c3e87e8{ip: 192.168.69.65, host: dev-nightly-20191015-lc69l-4092513605, networkLocation: /default-rack, certSerialId: null}, Type:RATIS, Factor:ONE, State:CLOSED] moved to CLOSED state
2019-10-15 09:41:46,148 [ForkJoinPool.commonPool-worker-1] INFO  ozoneimpl.OzoneContainer (OzoneContainer.java:stop(227)) - Attempting to stop container services.
2019-10-15 09:41:46,148 [main] INFO  ozoneimpl.OzoneContainer (OzoneContainer.java:stop(227)) - Attempting to stop container services.
2019-10-15 09:41:46,151 [main] INFO  impl.RaftServerProxy (RaftServerProxy.java:lambda$close$4(314)) - 0ec0ad77-b494-4568-a61d-f3148840548b: close
2019-10-15 09:41:46,151 [ForkJoinPool.commonPool-worker-1] INFO  impl.RaftServerProxy (RaftServerProxy.java:lambda$close$4(314)) - 09ef7beb-d26b-4bb2-9eab-5c6b1c3e87e8: close
2019-10-15 09:41:46,152 [main] INFO  impl.RaftServerImpl (RaftServerImpl.java:lambda$shutdown$3(247)) - 0ec0ad77-b494-4568-a61d-f3148840548b@group-87F41C3F4095: shutdown
2019-10-15 09:41:46,152 [ForkJoinPool.commonPool-worker-1] INFO  impl.RaftServerImpl (RaftServerImpl.java:lambda$shutdown$3(247)) - 09ef7beb-d26b-4bb2-9eab-5c6b1c3e87e8@group-87F41C3F4095: shutdown
2019-10-15 09:41:46,152 [main] INFO  util.JmxRegister (JmxRegister.java:unregister(73)) - Successfully un-registered JMX Bean with object name Ratis:service=RaftServer,group=group-87F41C3F4095,id=0ec0ad77-b494-4568-a61d-f3148840548b
2019-10-15 09:41:46,152 [ForkJoinPool.commonPool-worker-1] INFO  util.JmxRegister (JmxRegister.java:unregister(73)) - Successfully un-registered JMX Bean with object name Ratis:service=RaftServer,group=group-87F41C3F4095,id=09ef7beb-d26b-4bb2-9eab-5c6b1c3e87e8
2019-10-15 09:41:46,153 [main] INFO  impl.RoleInfo (RoleInfo.java:shutdownFollowerState(121)) - 0ec0ad77-b494-4568-a61d-f3148840548b: shutdown FollowerState
2019-10-15 09:41:46,153 [ForkJoinPool.commonPool-worker-1] INFO  impl.RoleInfo (RoleInfo.java:shutdownFollowerState(121)) - 09ef7beb-d26b-4bb2-9eab-5c6b1c3e87e8: shutdown FollowerState
2019-10-15 09:41:46,153 [0ec0ad77-b494-4568-a61d-f3148840548b@group-87F41C3F4095-StateMachineUpdater] INFO  ratis.ContainerStateMachine (ContainerStateMachine.java:takeSnapshot(294)) - group-87F41C3F4095: Taking a snapshot at:(t:4, i:16) file /workdir/hadoop-ozone/integration-test/target/test-dir/MiniOzoneClusterImpl-70a67178-95d0-485e-9f18-1ddbb1a0591f/datanode-4/data/ratis/74e6e0e2-fcc1-4ca4-82bd-87f41c3f4095/sm/snapshot.4_16
2019-10-15 09:41:46,153 [Thread-380] INFO  impl.FollowerState (FollowerState.java:run(117)) - 0ec0ad77-b494-4568-a61d-f3148840548b@group-87F41C3F4095-FollowerState was interrupted: java.lang.InterruptedException: sleep interrupted
2019-10-15 09:41:46,153 [main] INFO  impl.StateMachineUpdater (StateMachineUpdater.java:stopAndJoin(136)) - 0ec0ad77-b494-4568-a61d-f3148840548b@group-87F41C3F4095-StateMachineUpdater: set stopIndex = 16
2019-10-15 09:41:46,157 [09ef7beb-d26b-4bb2-9eab-5c6b1c3e87e8@group-87F41C3F4095-StateMachineUpdater] INFO  ratis.ContainerStateMachine (ContainerStateMachine.java:takeSnapshot(294)) - group-87F41C3F4095: Taking a snapshot at:(t:4, i:16) file /workdir/hadoop-ozone/integration-test/target/test-dir/MiniOzoneClusterImpl-70a67178-95d0-485e-9f18-1ddbb1a0591f/datanode-1/data/ratis/74e6e0e2-fcc1-4ca4-82bd-87f41c3f4095/sm/snapshot.4_16
2019-10-15 09:41:46,157 [Thread-381] INFO  impl.FollowerState (FollowerState.java:run(117)) - 09ef7beb-d26b-4bb2-9eab-5c6b1c3e87e8@group-87F41C3F4095-FollowerState was interrupted: java.lang.InterruptedException: sleep interrupted
2019-10-15 09:41:46,154 [ForkJoinPool.commonPool-worker-1] INFO  impl.StateMachineUpdater (StateMachineUpdater.java:stopAndJoin(136)) - 09ef7beb-d26b-4bb2-9eab-5c6b1c3e87e8@group-87F41C3F4095-StateMachineUpdater: set stopIndex = 16
2019-10-15 09:41:46,254 [0ec0ad77-b494-4568-a61d-f3148840548b@group-87F41C3F4095-StateMachineUpdater] INFO  ratis.ContainerStateMachine (ContainerStateMachine.java:takeSnapshot(305)) - group-87F41C3F4095: Finished taking a snapshot at:(t:4, i:16) file:/workdir/hadoop-ozone/integration-test/target/test-dir/MiniOzoneClusterImpl-70a67178-95d0-485e-9f18-1ddbb1a0591f/datanode-4/data/ratis/74e6e0e2-fcc1-4ca4-82bd-87f41c3f4095/sm/snapshot.4_16 time:101
2019-10-15 09:41:46,254 [09ef7beb-d26b-4bb2-9eab-5c6b1c3e87e8@group-87F41C3F4095-StateMachineUpdater] INFO  ratis.ContainerStateMachine (ContainerStateMachine.java:takeSnapshot(305)) - group-87F41C3F4095: Finished taking a snapshot at:(t:4, i:16) file:/workdir/hadoop-ozone/integration-test/target/test-dir/MiniOzoneClusterImpl-70a67178-95d0-485e-9f18-1ddbb1a0591f/datanode-1/data/ratis/74e6e0e2-fcc1-4ca4-82bd-87f41c3f4095/sm/snapshot.4_16 time:99
2019-10-15 09:41:46,256 [0ec0ad77-b494-4568-a61d-f3148840548b@group-87F41C3F4095-StateMachineUpdater] INFO  impl.StateMachineUpdater (StateMachineUpdater.java:takeSnapshot(269)) - 0ec0ad77-b494-4568-a61d-f3148840548b@group-87F41C3F4095-StateMachineUpdater: Took a snapshot at index 16
2019-10-15 09:41:46,256 [09ef7beb-d26b-4bb2-9eab-5c6b1c3e87e8@group-87F41C3F4095-StateMachineUpdater] INFO  impl.StateMachineUpdater (StateMachineUpdater.java:takeSnapshot(269)) - 09ef7beb-d26b-4bb2-9eab-5c6b1c3e87e8@group-87F41C3F4095-StateMachineUpdater: Took a snapshot at index 16
2019-10-15 09:41:46,256 [0ec0ad77-b494-4568-a61d-f3148840548b@group-87F41C3F4095-StateMachineUpdater] INFO  impl.StateMachineUpdater (StateMachineUpdater.java:lambda$new$0(84)) - 0ec0ad77-b494-4568-a61d-f3148840548b@group-87F41C3F4095-StateMachineUpdater: snapshotIndex: updateIncreasingly -1 -> 16
2019-10-15 09:41:46,256 [09ef7beb-d26b-4bb2-9eab-5c6b1c3e87e8@group-87F41C3F4095-StateMachineUpdater] INFO  impl.StateMachineUpdater (StateMachineUpdater.java:lambda$new$0(84)) - 09ef7beb-d26b-4bb2-9eab-5c6b1c3e87e8@group-87F41C3F4095-StateMachineUpdater: snapshotIndex: updateIncreasingly -1 -> 16
2019-10-15 09:41:46,261 [main] INFO  impl.RaftServerImpl (ServerState.java:close(387)) - 0ec0ad77-b494-4568-a61d-f3148840548b@group-87F41C3F4095: closes. applyIndex: 16
2019-10-15 09:41:46,261 [ForkJoinPool.commonPool-worker-1] INFO  impl.RaftServerImpl (ServerState.java:close(387)) - 09ef7beb-d26b-4bb2-9eab-5c6b1c3e87e8@group-87F41C3F4095: closes. applyIndex: 16
2019-10-15 09:41:46,263 [0ec0ad77-b494-4568-a61d-f3148840548b@group-87F41C3F4095-SegmentedRaftLogWorker] INFO  segmented.SegmentedRaftLogWorker (SegmentedRaftLogWorker.java:run(316)) - 0ec0ad77-b494-4568-a61d-f3148840548b@group-87F41C3F4095-SegmentedRaftLogWorker was interrupted, exiting. There are 0 tasks remaining in the queue.
2019-10-15 09:41:46,263 [09ef7beb-d26b-4bb2-9eab-5c6b1c3e87e8@group-87F41C3F4095-SegmentedRaftLogWorker] INFO  segmented.SegmentedRaftLogWorker (SegmentedRaftLogWorker.java:run(316)) - 09ef7beb-d26b-4bb2-9eab-5c6b1c3e87e8@group-87F41C3F4095-SegmentedRaftLogWorker was interrupted, exiting. There are 0 tasks remaining in the queue.
2019-10-15 09:41:46,265 [main] INFO  segmented.SegmentedRaftLogWorker (SegmentedRaftLogWorker.java:close(224)) - 0ec0ad77-b494-4568-a61d-f3148840548b@group-87F41C3F4095-SegmentedRaftLogWorker close()
2019-10-15 09:41:46,266 [ForkJoinPool.commonPool-worker-1] INFO  segmented.SegmentedRaftLogWorker (SegmentedRaftLogWorker.java:close(224)) - 09ef7beb-d26b-4bb2-9eab-5c6b1c3e87e8@group-87F41C3F4095-SegmentedRaftLogWorker close()
2019-10-15 09:41:46,269 [main] INFO  impl.RaftServerImpl (RaftServerImpl.java:lambda$shutdown$3(247)) - 0ec0ad77-b494-4568-a61d-f3148840548b@group-3BA489730ED4: shutdown
2019-10-15 09:41:46,272 [ForkJoinPool.commonPool-worker-1] INFO  impl.RaftServerImpl (RaftServerImpl.java:lambda$shutdown$3(247)) - 09ef7beb-d26b-4bb2-9eab-5c6b1c3e87e8@group-582C48EBB74E: shutdown
2019-10-15 09:41:46,272 [main] INFO  util.JmxRegister (JmxRegister.java:unregister(73)) - Successfully un-registered JMX Bean with object name Ratis:service=RaftServer,group=group-3BA489730ED4,id=0ec0ad77-b494-4568-a61d-f3148840548b
2019-10-15 09:41:46,273 [ForkJoinPool.commonPool-worker-1] INFO  util.JmxRegister (JmxRegister.java:unregister(73)) - Successfully un-registered JMX Bean with object name Ratis:service=RaftServer,group=group-582C48EBB74E,id=09ef7beb-d26b-4bb2-9eab-5c6b1c3e87e8
2019-10-15 09:41:46,273 [main] INFO  impl.RoleInfo (RoleInfo.java:shutdownLeaderState(104)) - 0ec0ad77-b494-4568-a61d-f3148840548b: shutdown LeaderState
2019-10-15 09:41:46,273 [ForkJoinPool.commonPool-worker-1] INFO  impl.RoleInfo (RoleInfo.java:shutdownLeaderState(104)) - 09ef7beb-d26b-4bb2-9eab-5c6b1c3e87e8: shutdown LeaderState
2019-10-15 09:41:46,274 [main] INFO  impl.PendingRequests (PendingRequests.java:sendNotLeaderResponses(202)) - 0ec0ad77-b494-4568-a61d-f3148840548b@group-3BA489730ED4-PendingRequests: sendNotLeaderResponses
2019-10-15 09:41:46,275 [ForkJoinPool.commonPool-worker-1] INFO  impl.PendingRequests (PendingRequests.java:sendNotLeaderResponses(202)) - 09ef7beb-d26b-4bb2-9eab-5c6b1c3e87e8@group-582C48EBB74E-PendingRequests: sendNotLeaderResponses
2019-10-15 09:41:46,276 [main] INFO  impl.StateMachineUpdater (StateMachineUpdater.java:stopAndJoin(136)) - 0ec0ad77-b494-4568-a61d-f3148840548b@group-3BA489730ED4-StateMachineUpdater: set stopIndex = 0
2019-10-15 09:41:46,276 [ForkJoinPool.commonPool-worker-1] INFO  impl.StateMachineUpdater (StateMachineUpdater.java:stopAndJoin(136)) - 09ef7beb-d26b-4bb2-9eab-5c6b1c3e87e8@group-582C48EBB74E-StateMachineUpdater: set stopIndex = 0
2019-10-15 09:41:46,277 [ForkJoinPool.commonPool-worker-1] INFO  impl.RaftServerImpl (ServerState.java:close(387)) - 09ef7beb-d26b-4bb2-9eab-5c6b1c3e87e8@group-582C48EBB74E: closes. applyIndex: 0
2019-10-15 09:41:46,276 [main] INFO  impl.RaftServerImpl (ServerState.java:close(387)) - 0ec0ad77-b494-4568-a61d-f3148840548b@group-3BA489730ED4: closes. applyIndex: 0
2019-10-15 09:41:46,277 [09ef7beb-d26b-4bb2-9eab-5c6b1c3e87e8@group-582C48EBB74E-SegmentedRaftLogWorker] INFO  segmented.SegmentedRaftLogWorker (SegmentedRaftLogWorker.java:run(316)) - 09ef7beb-d26b-4bb2-9eab-5c6b1c3e87e8@group-582C48EBB74E-SegmentedRaftLogWorker was interrupted, exiting. There are 0 tasks remaining in the queue.
2019-10-15 09:41:46,278 [0ec0ad77-b494-4568-a61d-f3148840548b@group-3BA489730ED4-SegmentedRaftLogWorker] INFO  segmented.SegmentedRaftLogWorker (SegmentedRaftLogWorker.java:run(316)) - 0ec0ad77-b494-4568-a61d-f3148840548b@group-3BA489730ED4-SegmentedRaftLogWorker was interrupted, exiting. There are 0 tasks remaining in the queue.
2019-10-15 09:41:46,279 [ForkJoinPool.commonPool-worker-1] INFO  segmented.SegmentedRaftLogWorker (SegmentedRaftLogWorker.java:close(224)) - 09ef7beb-d26b-4bb2-9eab-5c6b1c3e87e8@group-582C48EBB74E-SegmentedRaftLogWorker close()
2019-10-15 09:41:46,281 [main] INFO  segmented.SegmentedRaftLogWorker (SegmentedRaftLogWorker.java:close(224)) - 0ec0ad77-b494-4568-a61d-f3148840548b@group-3BA489730ED4-SegmentedRaftLogWorker close()
2019-10-15 09:41:46,286 [main] INFO  server.GrpcService (GrpcService.java:closeImpl(164)) - 0ec0ad77-b494-4568-a61d-f3148840548b: shutdown server with port 37008 now
2019-10-15 09:41:46,286 [ForkJoinPool.commonPool-worker-1] INFO  server.GrpcService (GrpcService.java:closeImpl(164)) - 09ef7beb-d26b-4bb2-9eab-5c6b1c3e87e8: shutdown server with port 42336 now
2019-10-15 09:41:46,302 [grpc-default-executor-2] WARN  server.GrpcServerProtocolService (LogUtils.java:warn(134)) - 0ec0ad77-b494-4568-a61d-f3148840548b: installSnapshot onError, lastRequest: 4a399a1d-79a2-4c5b-9d27-91ca6d638b74->0ec0ad77-b494-4568-a61d-f3148840548b#20-t4, previous=(t:4, i:16), leaderCommit=16, initializing? false, entries: <empty>: org.apache.ratis.thirdparty.io.grpc.StatusRuntimeException: CANCELLED: cancelled before receiving half close
2019-10-15 09:41:46,302 [grpc-default-executor-0] WARN  server.GrpcServerProtocolService (LogUtils.java:warn(134)) - 09ef7beb-d26b-4bb2-9eab-5c6b1c3e87e8: installSnapshot onError, lastRequest: 4a399a1d-79a2-4c5b-9d27-91ca6d638b74->09ef7beb-d26b-4bb2-9eab-5c6b1c3e87e8#20-t4, previous=(t:4, i:16), leaderCommit=16, initializing? false, entries: <empty>: org.apache.ratis.thirdparty.io.grpc.StatusRuntimeException: CANCELLED: cancelled before receiving half close
2019-10-15 09:41:46,305 [main] INFO  server.GrpcService (GrpcService.java:closeImpl(172)) - 0ec0ad77-b494-4568-a61d-f3148840548b: shutdown server with port 37008 successfully
2019-10-15 09:41:46,305 [ForkJoinPool.commonPool-worker-1] INFO  server.GrpcService (GrpcService.java:closeImpl(172)) - 09ef7beb-d26b-4bb2-9eab-5c6b1c3e87e8: shutdown server with port 42336 successfully
2019-10-15 09:41:46,306 [grpc-default-executor-1] WARN  server.GrpcLogAppender (LogUtils.java:warn(134)) - 4a399a1d-79a2-4c5b-9d27-91ca6d638b74@group-87F41C3F4095->0ec0ad77-b494-4568-a61d-f3148840548b-AppendLogResponseHandler: Failed appendEntries: org.apache.ratis.thirdparty.io.grpc.StatusRuntimeException: CANCELLED: HTTP/2 error code: CANCEL
Received Rst Stream
2019-10-15 09:41:46,306 [grpc-default-executor-5] WARN  server.GrpcLogAppender (LogUtils.java:warn(134)) - 4a399a1d-79a2-4c5b-9d27-91ca6d638b74@group-87F41C3F4095->09ef7beb-d26b-4bb2-9eab-5c6b1c3e87e8-AppendLogResponseHandler: Failed appendEntries: org.apache.ratis.thirdparty.io.grpc.StatusRuntimeException: CANCELLED: HTTP/2 error code: CANCEL
Received Rst Stream
2019-10-15 09:41:46,307 [grpc-default-executor-1] INFO  impl.FollowerInfo (FollowerInfo.java:lambda$new$0(51)) - 4a399a1d-79a2-4c5b-9d27-91ca6d638b74@group-87F41C3F4095->0ec0ad77-b494-4568-a61d-f3148840548b: nextIndex: updateUnconditionally 17 -> 16
2019-10-15 09:41:46,308 [grpc-default-executor-5] INFO  impl.FollowerInfo (FollowerInfo.java:lambda$new$0(51)) - 4a399a1d-79a2-4c5b-9d27-91ca6d638b74@group-87F41C3F4095->09ef7beb-d26b-4bb2-9eab-5c6b1c3e87e8: nextIndex: updateUnconditionally 17 -> 16
2019-10-15 09:41:46,311 [refreshUsed-/workdir/hadoop-ozone/integration-test/target/test-dir/MiniOzoneClusterImpl-70a67178-95d0-485e-9f18-1ddbb1a0591f/datanode-4/data/containers] WARN  fs.CachingGetSpaceUsed (CachingGetSpaceUsed.java:run(183)) - Thread Interrupted waiting to refresh disk information: sleep interrupted
2019-10-15 09:41:46,324 [refreshUsed-/workdir/hadoop-ozone/integration-test/target/test-dir/MiniOzoneClusterImpl-70a67178-95d0-485e-9f18-1ddbb1a0591f/datanode-1/data/containers] WARN  fs.CachingGetSpaceUsed (CachingGetSpaceUsed.java:run(183)) - Thread Interrupted waiting to refresh disk information: sleep interrupted
2019-10-15 09:41:46,335 [main] INFO  utils.BackgroundService (BackgroundService.java:shutdown(151)) - Shutting down service BlockDeletingService
2019-10-15 09:41:46,339 [main] INFO  statemachine.DatanodeStateMachine (DatanodeStateMachine.java:stopDaemon(395)) - Ozone container server stopped.
2019-10-15 09:41:46,348 [ForkJoinPool.commonPool-worker-1] INFO  utils.BackgroundService (BackgroundService.java:shutdown(151)) - Shutting down service BlockDeletingService
2019-10-15 09:41:46,351 [ForkJoinPool.commonPool-worker-1] INFO  statemachine.DatanodeStateMachine (DatanodeStateMachine.java:stopDaemon(395)) - Ozone container server stopped.
2019-10-15 09:41:46,353 [main] INFO  handler.ContextHandler (ContextHandler.java:doStop(910)) - Stopped o.e.j.w.WebAppContext@6b350309{/,null,UNAVAILABLE}{/hddsDatanode}
2019-10-15 09:41:46,355 [ForkJoinPool.commonPool-worker-1] INFO  handler.ContextHandler (ContextHandler.java:doStop(910)) - Stopped o.e.j.w.WebAppContext@508a65bf{/,null,UNAVAILABLE}{/hddsDatanode}
2019-10-15 09:41:46,355 [main] INFO  server.AbstractConnector (AbstractConnector.java:doStop(318)) - Stopped ServerConnector@7ecec90d{HTTP/1.1,[http/1.1]}{0.0.0.0:0}
2019-10-15 09:41:46,355 [ForkJoinPool.commonPool-worker-1] INFO  server.AbstractConnector (AbstractConnector.java:doStop(318)) - Stopped ServerConnector@17f2dd85{HTTP/1.1,[http/1.1]}{0.0.0.0:0}
2019-10-15 09:41:46,357 [main] INFO  handler.ContextHandler (ContextHandler.java:doStop(910)) - Stopped o.e.j.s.ServletContextHandler@7100dea{/static,jar:file:/home/user/.m2/repository/org/apache/hadoop/hadoop-hdds-container-service/0.5.0-SNAPSHOT/hadoop-hdds-container-service-0.5.0-SNAPSHOT.jar!/webapps/static,UNAVAILABLE}
2019-10-15 09:41:46,357 [ForkJoinPool.commonPool-worker-1] INFO  handler.ContextHandler (ContextHandler.java:doStop(910)) - Stopped o.e.j.s.ServletContextHandler@6a094db2{/static,jar:file:/home/user/.m2/repository/org/apache/hadoop/hadoop-hdds-container-service/0.5.0-SNAPSHOT/hadoop-hdds-container-service-0.5.0-SNAPSHOT.jar!/webapps/static,UNAVAILABLE}
2019-10-15 09:41:46,357 [main] INFO  handler.ContextHandler (ContextHandler.java:doStop(910)) - Stopped o.e.j.s.ServletContextHandler@4d21c56e{/logs,file:///workdir/hadoop-ozone/integration-test/target/log,UNAVAILABLE}
2019-10-15 09:41:46,359 [ForkJoinPool.commonPool-worker-1] INFO  handler.ContextHandler (ContextHandler.java:doStop(910)) - Stopped o.e.j.s.ServletContextHandler@277bf091{/logs,file:///workdir/hadoop-ozone/integration-test/target/log,UNAVAILABLE}
2019-10-15 09:41:46,450 [Datanode State Machine Thread - 0] INFO  statemachine.DatanodeStateMachine (DatanodeStateMachine.java:lambda$startDaemon$0(350)) - Ozone container server started.
2019-10-15 09:41:47,114 [Datanode State Machine Thread - 0] INFO  statemachine.DatanodeStateMachine (DatanodeStateMachine.java:lambda$startDaemon$0(350)) - Ozone container server started.
2019-10-15 09:41:48,787 [grpc-default-executor-1] WARN  server.GrpcLogAppender (LogUtils.java:warn(134)) - 4a399a1d-79a2-4c5b-9d27-91ca6d638b74@group-87F41C3F4095->0ec0ad77-b494-4568-a61d-f3148840548b-AppendLogResponseHandler: Failed appendEntries: org.apache.ratis.thirdparty.io.grpc.StatusRuntimeException: UNAVAILABLE: io exception
2019-10-15 09:41:48,787 [grpc-default-executor-5] WARN  server.GrpcLogAppender (LogUtils.java:warn(134)) - 4a399a1d-79a2-4c5b-9d27-91ca6d638b74@group-87F41C3F4095->09ef7beb-d26b-4bb2-9eab-5c6b1c3e87e8-AppendLogResponseHandler: Failed appendEntries: org.apache.ratis.thirdparty.io.grpc.StatusRuntimeException: UNAVAILABLE: io exception
2019-10-15 09:41:48,789 [grpc-default-executor-1] INFO  impl.FollowerInfo (FollowerInfo.java:lambda$new$0(51)) - 4a399a1d-79a2-4c5b-9d27-91ca6d638b74@group-87F41C3F4095->0ec0ad77-b494-4568-a61d-f3148840548b: nextIndex: updateUnconditionally 16 -> 15
2019-10-15 09:41:48,790 [grpc-default-executor-5] INFO  impl.FollowerInfo (FollowerInfo.java:lambda$new$0(51)) - 4a399a1d-79a2-4c5b-9d27-91ca6d638b74@group-87F41C3F4095->09ef7beb-d26b-4bb2-9eab-5c6b1c3e87e8: nextIndex: updateUnconditionally 16 -> 15
2019-10-15 09:41:50,535 [EventQueue-StaleNodeForStaleNodeHandler] INFO  node.StaleNodeHandler (StaleNodeHandler.java:onMessage(58)) - Datanode 4a399a1d-79a2-4c5b-9d27-91ca6d638b74{ip: 192.168.69.65, host: dev-nightly-20191015-lc69l-4092513605, networkLocation: /default-rack, certSerialId: null} moved to stale state. Finalizing its pipelines [PipelineID=74e6e0e2-fcc1-4ca4-82bd-87f41c3f4095, PipelineID=2297dc78-65b9-4252-aaa8-baa99ceb78f0]
2019-10-15 09:41:50,536 [EventQueue-StaleNodeForStaleNodeHandler] INFO  pipeline.SCMPipelineManager (SCMPipelineManager.java:finalizeAndDestroyPipeline(315)) - destroying pipeline:Pipeline[ Id: 74e6e0e2-fcc1-4ca4-82bd-87f41c3f4095, Nodes: 4a399a1d-79a2-4c5b-9d27-91ca6d638b74{ip: 192.168.69.65, host: dev-nightly-20191015-lc69l-4092513605, networkLocation: /default-rack, certSerialId: null}0ec0ad77-b494-4568-a61d-f3148840548b{ip: 192.168.69.65, host: dev-nightly-20191015-lc69l-4092513605, networkLocation: /default-rack, certSerialId: null}09ef7beb-d26b-4bb2-9eab-5c6b1c3e87e8{ip: 192.168.69.65, host: dev-nightly-20191015-lc69l-4092513605, networkLocation: /default-rack, certSerialId: null}, Type:RATIS, Factor:THREE, State:CLOSED]
2019-10-15 09:41:50,537 [EventQueue-StaleNodeForStaleNodeHandler] INFO  pipeline.SCMPipelineManager (SCMPipelineManager.java:finalizeAndDestroyPipeline(315)) - destroying pipeline:Pipeline[ Id: 2297dc78-65b9-4252-aaa8-baa99ceb78f0, Nodes: 4a399a1d-79a2-4c5b-9d27-91ca6d638b74{ip: 192.168.69.65, host: dev-nightly-20191015-lc69l-4092513605, networkLocation: /default-rack, certSerialId: null}, Type:RATIS, Factor:ONE, State:OPEN]
2019-10-15 09:41:50,537 [EventQueue-StaleNodeForStaleNodeHandler] INFO  pipeline.PipelineStateManager (PipelineStateManager.java:finalizePipeline(123)) - Pipeline Pipeline[ Id: 2297dc78-65b9-4252-aaa8-baa99ceb78f0, Nodes: 4a399a1d-79a2-4c5b-9d27-91ca6d638b74{ip: 192.168.69.65, host: dev-nightly-20191015-lc69l-4092513605, networkLocation: /default-rack, certSerialId: null}, Type:RATIS, Factor:ONE, State:CLOSED] moved to CLOSED state
2019-10-15 09:41:51,136 [EventQueue-StaleNodeForStaleNodeHandler] INFO  node.StaleNodeHandler (StaleNodeHandler.java:onMessage(58)) - Datanode 5a3415c8-2f62-4637-b9c8-288e591ec7fd{ip: 192.168.69.65, host: dev-nightly-20191015-lc69l-4092513605, networkLocation: /default-rack, certSerialId: null} moved to stale state. Finalizing its pipelines [PipelineID=dfcb23ed-22e6-4fa6-9f41-94f0ea7a2ecc]
2019-10-15 09:41:51,136 [EventQueue-StaleNodeForStaleNodeHandler] INFO  pipeline.SCMPipelineManager (SCMPipelineManager.java:finalizeAndDestroyPipeline(315)) - destroying pipeline:Pipeline[ Id: dfcb23ed-22e6-4fa6-9f41-94f0ea7a2ecc, Nodes: 5a3415c8-2f62-4637-b9c8-288e591ec7fd{ip: 192.168.69.65, host: dev-nightly-20191015-lc69l-4092513605, networkLocation: /default-rack, certSerialId: null}, Type:RATIS, Factor:ONE, State:OPEN]
2019-10-15 09:41:51,136 [EventQueue-StaleNodeForStaleNodeHandler] INFO  pipeline.PipelineStateManager (PipelineStateManager.java:finalizePipeline(123)) - Pipeline Pipeline[ Id: dfcb23ed-22e6-4fa6-9f41-94f0ea7a2ecc, Nodes: 5a3415c8-2f62-4637-b9c8-288e591ec7fd{ip: 192.168.69.65, host: dev-nightly-20191015-lc69l-4092513605, networkLocation: /default-rack, certSerialId: null}, Type:RATIS, Factor:ONE, State:CLOSED] moved to CLOSED state
2019-10-15 09:41:51,282 [grpc-default-executor-5] WARN  server.GrpcLogAppender (LogUtils.java:warn(134)) - 4a399a1d-79a2-4c5b-9d27-91ca6d638b74@group-87F41C3F4095->0ec0ad77-b494-4568-a61d-f3148840548b-AppendLogResponseHandler: Failed appendEntries: org.apache.ratis.thirdparty.io.grpc.StatusRuntimeException: UNAVAILABLE: io exception
2019-10-15 09:41:51,284 [grpc-default-executor-6] WARN  server.GrpcLogAppender (LogUtils.java:warn(134)) - 4a399a1d-79a2-4c5b-9d27-91ca6d638b74@group-87F41C3F4095->09ef7beb-d26b-4bb2-9eab-5c6b1c3e87e8-AppendLogResponseHandler: Failed appendEntries: org.apache.ratis.thirdparty.io.grpc.StatusRuntimeException: UNAVAILABLE: io exception
2019-10-15 09:41:51,287 [grpc-default-executor-5] INFO  impl.FollowerInfo (FollowerInfo.java:lambda$new$0(51)) - 4a399a1d-79a2-4c5b-9d27-91ca6d638b74@group-87F41C3F4095->0ec0ad77-b494-4568-a61d-f3148840548b: nextIndex: updateUnconditionally 15 -> 14
2019-10-15 09:41:51,288 [grpc-default-executor-6] INFO  impl.FollowerInfo (FollowerInfo.java:lambda$new$0(51)) - 4a399a1d-79a2-4c5b-9d27-91ca6d638b74@group-87F41C3F4095->09ef7beb-d26b-4bb2-9eab-5c6b1c3e87e8: nextIndex: updateUnconditionally 15 -> 14
2019-10-15 09:41:51,361 [main] INFO  ozoneimpl.OzoneContainer (OzoneContainer.java:stop(227)) - Attempting to stop container services.
2019-10-15 09:41:51,361 [ForkJoinPool.commonPool-worker-1] INFO  ozoneimpl.OzoneContainer (OzoneContainer.java:stop(227)) - Attempting to stop container services.
2019-10-15 09:41:51,362 [main] INFO  impl.RaftServerProxy (RaftServerProxy.java:lambda$close$4(314)) - 4a399a1d-79a2-4c5b-9d27-91ca6d638b74: close
2019-10-15 09:41:51,362 [ForkJoinPool.commonPool-worker-1] INFO  impl.RaftServerProxy (RaftServerProxy.java:lambda$close$4(314)) - 5a3415c8-2f62-4637-b9c8-288e591ec7fd: close
2019-10-15 09:41:51,362 [main] INFO  impl.RaftServerImpl (RaftServerImpl.java:lambda$shutdown$3(247)) - 4a399a1d-79a2-4c5b-9d27-91ca6d638b74@group-87F41C3F4095: shutdown
2019-10-15 09:41:51,362 [ForkJoinPool.commonPool-worker-1] INFO  impl.RaftServerImpl (RaftServerImpl.java:lambda$shutdown$3(247)) - 5a3415c8-2f62-4637-b9c8-288e591ec7fd@group-94F0EA7A2ECC: shutdown
2019-10-15 09:41:51,363 [main] INFO  util.JmxRegister (JmxRegister.java:unregister(73)) - Successfully un-registered JMX Bean with object name Ratis:service=RaftServer,group=group-87F41C3F4095,id=4a399a1d-79a2-4c5b-9d27-91ca6d638b74
2019-10-15 09:41:51,363 [ForkJoinPool.commonPool-worker-1] INFO  util.JmxRegister (JmxRegister.java:unregister(73)) - Successfully un-registered JMX Bean with object name Ratis:service=RaftServer,group=group-94F0EA7A2ECC,id=5a3415c8-2f62-4637-b9c8-288e591ec7fd
2019-10-15 09:41:51,363 [main] INFO  impl.RoleInfo (RoleInfo.java:shutdownLeaderState(104)) - 4a399a1d-79a2-4c5b-9d27-91ca6d638b74: shutdown LeaderState
2019-10-15 09:41:51,363 [ForkJoinPool.commonPool-worker-1] INFO  impl.RoleInfo (RoleInfo.java:shutdownLeaderState(104)) - 5a3415c8-2f62-4637-b9c8-288e591ec7fd: shutdown LeaderState
2019-10-15 09:41:51,366 [org.apache.ratis.server.impl.LogAppender$AppenderDaemon$$Lambda$534/718542897@3433c67b] WARN  server.GrpcLogAppender (GrpcLogAppender.java:mayWait(143)) - 4a399a1d-79a2-4c5b-9d27-91ca6d638b74@group-87F41C3F4095->0ec0ad77-b494-4568-a61d-f3148840548b-GrpcLogAppender: Wait interrupted by java.lang.InterruptedException
2019-10-15 09:41:51,366 [main] INFO  impl.PendingRequests (PendingRequests.java:sendNotLeaderResponses(202)) - 4a399a1d-79a2-4c5b-9d27-91ca6d638b74@group-87F41C3F4095-PendingRequests: sendNotLeaderResponses
2019-10-15 09:41:51,366 [ForkJoinPool.commonPool-worker-1] INFO  impl.PendingRequests (PendingRequests.java:sendNotLeaderResponses(202)) - 5a3415c8-2f62-4637-b9c8-288e591ec7fd@group-94F0EA7A2ECC-PendingRequests: sendNotLeaderResponses
2019-10-15 09:41:51,366 [org.apache.ratis.server.impl.LogAppender$AppenderDaemon$$Lambda$534/718542897@41d58219] WARN  server.GrpcLogAppender (GrpcLogAppender.java:mayWait(143)) - 4a399a1d-79a2-4c5b-9d27-91ca6d638b74@group-87F41C3F4095->09ef7beb-d26b-4bb2-9eab-5c6b1c3e87e8-GrpcLogAppender: Wait interrupted by java.lang.InterruptedException
2019-10-15 09:41:51,367 [ForkJoinPool.commonPool-worker-1] INFO  impl.StateMachineUpdater (StateMachineUpdater.java:stopAndJoin(136)) - 5a3415c8-2f62-4637-b9c8-288e591ec7fd@group-94F0EA7A2ECC-StateMachineUpdater: set stopIndex = 0
2019-10-15 09:41:51,368 [ForkJoinPool.commonPool-worker-1] INFO  impl.RaftServerImpl (ServerState.java:close(387)) - 5a3415c8-2f62-4637-b9c8-288e591ec7fd@group-94F0EA7A2ECC: closes. applyIndex: 0
2019-10-15 09:41:51,368 [5a3415c8-2f62-4637-b9c8-288e591ec7fd@group-94F0EA7A2ECC-SegmentedRaftLogWorker] INFO  segmented.SegmentedRaftLogWorker (SegmentedRaftLogWorker.java:run(316)) - 5a3415c8-2f62-4637-b9c8-288e591ec7fd@group-94F0EA7A2ECC-SegmentedRaftLogWorker was interrupted, exiting. There are 0 tasks remaining in the queue.
2019-10-15 09:41:51,373 [main] INFO  impl.StateMachineUpdater (StateMachineUpdater.java:stopAndJoin(136)) - 4a399a1d-79a2-4c5b-9d27-91ca6d638b74@group-87F41C3F4095-StateMachineUpdater: set stopIndex = 16
2019-10-15 09:41:51,373 [4a399a1d-79a2-4c5b-9d27-91ca6d638b74@group-87F41C3F4095-StateMachineUpdater] INFO  ratis.ContainerStateMachine (ContainerStateMachine.java:takeSnapshot(294)) - group-87F41C3F4095: Taking a snapshot at:(t:4, i:14) file /workdir/hadoop-ozone/integration-test/target/test-dir/MiniOzoneClusterImpl-70a67178-95d0-485e-9f18-1ddbb1a0591f/datanode-3/data/ratis/74e6e0e2-fcc1-4ca4-82bd-87f41c3f4095/sm/snapshot.4_14
2019-10-15 09:41:51,375 [ForkJoinPool.commonPool-worker-1] INFO  segmented.SegmentedRaftLogWorker (SegmentedRaftLogWorker.java:close(224)) - 5a3415c8-2f62-4637-b9c8-288e591ec7fd@group-94F0EA7A2ECC-SegmentedRaftLogWorker close()
2019-10-15 09:41:51,377 [ForkJoinPool.commonPool-worker-1] INFO  server.GrpcService (GrpcService.java:closeImpl(164)) - 5a3415c8-2f62-4637-b9c8-288e591ec7fd: shutdown server with port 36157 now
2019-10-15 09:41:51,379 [ForkJoinPool.commonPool-worker-1] INFO  server.GrpcService (GrpcService.java:closeImpl(172)) - 5a3415c8-2f62-4637-b9c8-288e591ec7fd: shutdown server with port 36157 successfully
2019-10-15 09:41:51,386 [refreshUsed-/workdir/hadoop-ozone/integration-test/target/test-dir/MiniOzoneClusterImpl-70a67178-95d0-485e-9f18-1ddbb1a0591f/datanode-2/data/containers] WARN  fs.CachingGetSpaceUsed (CachingGetSpaceUsed.java:run(183)) - Thread Interrupted waiting to refresh disk information: sleep interrupted
2019-10-15 09:41:51,390 [4a399a1d-79a2-4c5b-9d27-91ca6d638b74@group-87F41C3F4095-StateMachineUpdater] INFO  ratis.ContainerStateMachine (ContainerStateMachine.java:takeSnapshot(305)) - group-87F41C3F4095: Finished taking a snapshot at:(t:4, i:14) file:/workdir/hadoop-ozone/integration-test/target/test-dir/MiniOzoneClusterImpl-70a67178-95d0-485e-9f18-1ddbb1a0591f/datanode-3/data/ratis/74e6e0e2-fcc1-4ca4-82bd-87f41c3f4095/sm/snapshot.4_14 time:17
2019-10-15 09:41:51,390 [4a399a1d-79a2-4c5b-9d27-91ca6d638b74@group-87F41C3F4095-StateMachineUpdater] INFO  impl.StateMachineUpdater (StateMachineUpdater.java:takeSnapshot(269)) - 4a399a1d-79a2-4c5b-9d27-91ca6d638b74@group-87F41C3F4095-StateMachineUpdater: Took a snapshot at index 14
2019-10-15 09:41:51,390 [4a399a1d-79a2-4c5b-9d27-91ca6d638b74@group-87F41C3F4095-StateMachineUpdater] INFO  impl.StateMachineUpdater (StateMachineUpdater.java:lambda$new$0(84)) - 4a399a1d-79a2-4c5b-9d27-91ca6d638b74@group-87F41C3F4095-StateMachineUpdater: snapshotIndex: updateIncreasingly -1 -> 14
2019-10-15 09:41:51,391 [4a399a1d-79a2-4c5b-9d27-91ca6d638b74@group-87F41C3F4095-StateMachineUpdater] INFO  ratis.ContainerStateMachine (ContainerStateMachine.java:takeSnapshot(294)) - group-87F41C3F4095: Taking a snapshot at:(t:4, i:14) file /workdir/hadoop-ozone/integration-test/target/test-dir/MiniOzoneClusterImpl-70a67178-95d0-485e-9f18-1ddbb1a0591f/datanode-3/data/ratis/74e6e0e2-fcc1-4ca4-82bd-87f41c3f4095/sm/snapshot.4_14
2019-10-15 09:41:51,403 [4a399a1d-79a2-4c5b-9d27-91ca6d638b74@group-87F41C3F4095-StateMachineUpdater] INFO  ratis.ContainerStateMachine (ContainerStateMachine.java:takeSnapshot(305)) - group-87F41C3F4095: Finished taking a snapshot at:(t:4, i:14) file:/workdir/hadoop-ozone/integration-test/target/test-dir/MiniOzoneClusterImpl-70a67178-95d0-485e-9f18-1ddbb1a0591f/datanode-3/data/ratis/74e6e0e2-fcc1-4ca4-82bd-87f41c3f4095/sm/snapshot.4_14 time:12
2019-10-15 09:41:51,403 [4a399a1d-79a2-4c5b-9d27-91ca6d638b74@group-87F41C3F4095-StateMachineUpdater] INFO  impl.StateMachineUpdater (StateMachineUpdater.java:takeSnapshot(269)) - 4a399a1d-79a2-4c5b-9d27-91ca6d638b74@group-87F41C3F4095-StateMachineUpdater: Took a snapshot at index 14
2019-10-15 09:41:51,403 [4a399a1d-79a2-4c5b-9d27-91ca6d638b74@group-87F41C3F4095-StateMachineUpdater] INFO  impl.StateMachineUpdater (StateMachineUpdater.java:lambda$new$0(84)) - 4a399a1d-79a2-4c5b-9d27-91ca6d638b74@group-87F41C3F4095-StateMachineUpdater: snapshotIndex: updateIncreasingly 14 -> 14
2019-10-15 09:41:51,403 [ForkJoinPool.commonPool-worker-1] INFO  utils.BackgroundService (BackgroundService.java:shutdown(151)) - Shutting down service BlockDeletingService
2019-10-15 09:41:51,404 [main] INFO  impl.RaftServerImpl (ServerState.java:close(387)) - 4a399a1d-79a2-4c5b-9d27-91ca6d638b74@group-87F41C3F4095: closes. applyIndex: 16
2019-10-15 09:41:51,407 [ForkJoinPool.commonPool-worker-1] INFO  statemachine.DatanodeStateMachine (DatanodeStateMachine.java:stopDaemon(395)) - Ozone container server stopped.
2019-10-15 09:41:51,407 [4a399a1d-79a2-4c5b-9d27-91ca6d638b74@group-87F41C3F4095-SegmentedRaftLogWorker] INFO  segmented.SegmentedRaftLogWorker (SegmentedRaftLogWorker.java:run(316)) - 4a399a1d-79a2-4c5b-9d27-91ca6d638b74@group-87F41C3F4095-SegmentedRaftLogWorker was interrupted, exiting. There are 0 tasks remaining in the queue.
2019-10-15 09:41:51,408 [main] INFO  segmented.SegmentedRaftLogWorker (SegmentedRaftLogWorker.java:close(224)) - 4a399a1d-79a2-4c5b-9d27-91ca6d638b74@group-87F41C3F4095-SegmentedRaftLogWorker close()
2019-10-15 09:41:51,412 [main] INFO  impl.RaftServerImpl (RaftServerImpl.java:lambda$shutdown$3(247)) - 4a399a1d-79a2-4c5b-9d27-91ca6d638b74@group-BAA99CEB78F0: shutdown
2019-10-15 09:41:51,413 [main] INFO  util.JmxRegister (JmxRegister.java:unregister(73)) - Successfully un-registered JMX Bean with object name Ratis:service=RaftServer,group=group-BAA99CEB78F0,id=4a399a1d-79a2-4c5b-9d27-91ca6d638b74
2019-10-15 09:41:51,413 [main] INFO  impl.RoleInfo (RoleInfo.java:shutdownLeaderState(104)) - 4a399a1d-79a2-4c5b-9d27-91ca6d638b74: shutdown LeaderState
2019-10-15 09:41:51,413 [main] INFO  impl.PendingRequests (PendingRequests.java:sendNotLeaderResponses(202)) - 4a399a1d-79a2-4c5b-9d27-91ca6d638b74@group-BAA99CEB78F0-PendingRequests: sendNotLeaderResponses
2019-10-15 09:41:51,414 [main] INFO  impl.StateMachineUpdater (StateMachineUpdater.java:stopAndJoin(136)) - 4a399a1d-79a2-4c5b-9d27-91ca6d638b74@group-BAA99CEB78F0-StateMachineUpdater: set stopIndex = 0
2019-10-15 09:41:51,414 [main] INFO  impl.RaftServerImpl (ServerState.java:close(387)) - 4a399a1d-79a2-4c5b-9d27-91ca6d638b74@group-BAA99CEB78F0: closes. applyIndex: 0
2019-10-15 09:41:51,415 [4a399a1d-79a2-4c5b-9d27-91ca6d638b74@group-BAA99CEB78F0-SegmentedRaftLogWorker] INFO  segmented.SegmentedRaftLogWorker (SegmentedRaftLogWorker.java:run(316)) - 4a399a1d-79a2-4c5b-9d27-91ca6d638b74@group-BAA99CEB78F0-SegmentedRaftLogWorker was interrupted, exiting. There are 0 tasks remaining in the queue.
2019-10-15 09:41:51,416 [main] INFO  segmented.SegmentedRaftLogWorker (SegmentedRaftLogWorker.java:close(224)) - 4a399a1d-79a2-4c5b-9d27-91ca6d638b74@group-BAA99CEB78F0-SegmentedRaftLogWorker close()
2019-10-15 09:41:51,418 [main] INFO  server.GrpcService (GrpcService.java:closeImpl(164)) - 4a399a1d-79a2-4c5b-9d27-91ca6d638b74: shutdown server with port 36254 now
2019-10-15 09:41:51,419 [main] INFO  server.GrpcService (GrpcService.java:closeImpl(172)) - 4a399a1d-79a2-4c5b-9d27-91ca6d638b74: shutdown server with port 36254 successfully
2019-10-15 09:41:51,421 [grpc-default-executor-5] WARN  client.GrpcClientProtocolService (LogUtils.java:warn(134)) - 5-UnorderedRequestStreamObserver5: onError: org.apache.ratis.thirdparty.io.grpc.StatusRuntimeException: CANCELLED: cancelled before receiving half close
2019-10-15 09:41:51,423 [ForkJoinPool.commonPool-worker-1] INFO  handler.ContextHandler (ContextHandler.java:doStop(910)) - Stopped o.e.j.w.WebAppContext@71a06021{/,null,UNAVAILABLE}{/hddsDatanode}
2019-10-15 09:41:51,424 [ForkJoinPool.commonPool-worker-1] INFO  server.AbstractConnector (AbstractConnector.java:doStop(318)) - Stopped ServerConnector@80bfdc6{HTTP/1.1,[http/1.1]}{0.0.0.0:0}
2019-10-15 09:41:51,426 [ForkJoinPool.commonPool-worker-1] INFO  handler.ContextHandler (ContextHandler.java:doStop(910)) - Stopped o.e.j.s.ServletContextHandler@767a014e{/static,jar:file:/home/user/.m2/repository/org/apache/hadoop/hadoop-hdds-container-service/0.5.0-SNAPSHOT/hadoop-hdds-container-service-0.5.0-SNAPSHOT.jar!/webapps/static,UNAVAILABLE}
2019-10-15 09:41:51,427 [ForkJoinPool.commonPool-worker-1] INFO  handler.ContextHandler (ContextHandler.java:doStop(910)) - Stopped o.e.j.s.ServletContextHandler@2f236de0{/logs,file:///workdir/hadoop-ozone/integration-test/target/log,UNAVAILABLE}
2019-10-15 09:41:51,431 [refreshUsed-/workdir/hadoop-ozone/integration-test/target/test-dir/MiniOzoneClusterImpl-70a67178-95d0-485e-9f18-1ddbb1a0591f/datanode-3/data/containers] WARN  fs.CachingGetSpaceUsed (CachingGetSpaceUsed.java:run(183)) - Thread Interrupted waiting to refresh disk information: sleep interrupted
2019-10-15 09:41:51,452 [main] INFO  utils.BackgroundService (BackgroundService.java:shutdown(151)) - Shutting down service BlockDeletingService
2019-10-15 09:41:51,456 [main] INFO  statemachine.DatanodeStateMachine (DatanodeStateMachine.java:stopDaemon(395)) - Ozone container server stopped.
2019-10-15 09:41:51,458 [main] INFO  handler.ContextHandler (ContextHandler.java:doStop(910)) - Stopped o.e.j.w.WebAppContext@337bbfdf{/,null,UNAVAILABLE}{/hddsDatanode}
2019-10-15 09:41:51,459 [main] INFO  server.AbstractConnector (AbstractConnector.java:doStop(318)) - Stopped ServerConnector@52d97ab6{HTTP/1.1,[http/1.1]}{0.0.0.0:0}
2019-10-15 09:41:51,459 [main] INFO  handler.ContextHandler (ContextHandler.java:doStop(910)) - Stopped o.e.j.s.ServletContextHandler@4b200971{/static,jar:file:/home/user/.m2/repository/org/apache/hadoop/hadoop-hdds-container-service/0.5.0-SNAPSHOT/hadoop-hdds-container-service-0.5.0-SNAPSHOT.jar!/webapps/static,UNAVAILABLE}
2019-10-15 09:41:51,460 [main] INFO  handler.ContextHandler (ContextHandler.java:doStop(910)) - Stopped o.e.j.s.ServletContextHandler@a9f023e{/logs,file:///workdir/hadoop-ozone/integration-test/target/log,UNAVAILABLE}
2019-10-15 09:41:51,975 [Datanode State Machine Thread - 0] INFO  statemachine.DatanodeStateMachine (DatanodeStateMachine.java:lambda$startDaemon$0(350)) - Ozone container server started.
2019-10-15 09:41:51,976 [Datanode State Machine Thread - 0] INFO  statemachine.DatanodeStateMachine (DatanodeStateMachine.java:lambda$startDaemon$0(350)) - Ozone container server started.
2019-10-15 09:41:56,045 [EventQueue-StaleNodeForStaleNodeHandler] INFO  node.StaleNodeHandler (StaleNodeHandler.java:onMessage(58)) - Datanode bb67c28d-dfc7-4185-8b4c-289c745cf645{ip: 192.168.69.65, host: dev-nightly-20191015-lc69l-4092513605, networkLocation: /default-rack, certSerialId: null} moved to stale state. Finalizing its pipelines [PipelineID=61c819b1-0c1f-4e39-b079-b6960c4cb0be, PipelineID=3f56a06c-3cb2-43ee-8e5e-151eb0c3ce66]
2019-10-15 09:41:56,046 [EventQueue-StaleNodeForStaleNodeHandler] INFO  pipeline.SCMPipelineManager (SCMPipelineManager.java:finalizeAndDestroyPipeline(315)) - destroying pipeline:Pipeline[ Id: 61c819b1-0c1f-4e39-b079-b6960c4cb0be, Nodes: bb67c28d-dfc7-4185-8b4c-289c745cf645{ip: 192.168.69.65, host: dev-nightly-20191015-lc69l-4092513605, networkLocation: /default-rack, certSerialId: null}, Type:RATIS, Factor:ONE, State:OPEN]
2019-10-15 09:41:56,047 [EventQueue-StaleNodeForStaleNodeHandler] INFO  pipeline.PipelineStateManager (PipelineStateManager.java:finalizePipeline(123)) - Pipeline Pipeline[ Id: 61c819b1-0c1f-4e39-b079-b6960c4cb0be, Nodes: bb67c28d-dfc7-4185-8b4c-289c745cf645{ip: 192.168.69.65, host: dev-nightly-20191015-lc69l-4092513605, networkLocation: /default-rack, certSerialId: null}, Type:RATIS, Factor:ONE, State:CLOSED] moved to CLOSED state
2019-10-15 09:41:56,048 [EventQueue-StaleNodeForStaleNodeHandler] INFO  pipeline.SCMPipelineManager (SCMPipelineManager.java:finalizeAndDestroyPipeline(315)) - destroying pipeline:Pipeline[ Id: 3f56a06c-3cb2-43ee-8e5e-151eb0c3ce66, Nodes: bb67c28d-dfc7-4185-8b4c-289c745cf645{ip: 192.168.69.65, host: dev-nightly-20191015-lc69l-4092513605, networkLocation: /default-rack, certSerialId: null}8834960b-a489-4abc-804e-3f405938e0ba{ip: 192.168.69.65, host: dev-nightly-20191015-lc69l-4092513605, networkLocation: /default-rack, certSerialId: null}53a86d64-027e-41d3-b3ab-7adf34bb34d8{ip: 192.168.69.65, host: dev-nightly-20191015-lc69l-4092513605, networkLocation: /default-rack, certSerialId: null}, Type:RATIS, Factor:THREE, State:OPEN]
2019-10-15 09:41:56,048 [EventQueue-StaleNodeForStaleNodeHandler] INFO  pipeline.PipelineStateManager (PipelineStateManager.java:finalizePipeline(123)) - Pipeline Pipeline[ Id: 3f56a06c-3cb2-43ee-8e5e-151eb0c3ce66, Nodes: bb67c28d-dfc7-4185-8b4c-289c745cf645{ip: 192.168.69.65, host: dev-nightly-20191015-lc69l-4092513605, networkLocation: /default-rack, certSerialId: null}8834960b-a489-4abc-804e-3f405938e0ba{ip: 192.168.69.65, host: dev-nightly-20191015-lc69l-4092513605, networkLocation: /default-rack, certSerialId: null}53a86d64-027e-41d3-b3ab-7adf34bb34d8{ip: 192.168.69.65, host: dev-nightly-20191015-lc69l-4092513605, networkLocation: /default-rack, certSerialId: null}, Type:RATIS, Factor:THREE, State:CLOSED] moved to CLOSED state
2019-10-15 09:41:56,048 [EventQueue-StaleNodeForStaleNodeHandler] INFO  node.StaleNodeHandler (StaleNodeHandler.java:onMessage(58)) - Datanode 53a86d64-027e-41d3-b3ab-7adf34bb34d8{ip: 192.168.69.65, host: dev-nightly-20191015-lc69l-4092513605, networkLocation: /default-rack, certSerialId: null} moved to stale state. Finalizing its pipelines [PipelineID=a231d606-0c6b-4383-8380-9ebabd1c1dd8, PipelineID=3f56a06c-3cb2-43ee-8e5e-151eb0c3ce66]
2019-10-15 09:41:56,048 [EventQueue-CloseContainerForCloseContainerEventHandler] INFO  container.CloseContainerEventHandler (CloseContainerEventHandler.java:onMessage(61)) - Close container Event triggered for container : #2
2019-10-15 09:41:56,048 [EventQueue-StaleNodeForStaleNodeHandler] INFO  pipeline.SCMPipelineManager (SCMPipelineManager.java:finalizeAndDestroyPipeline(315)) - destroying pipeline:Pipeline[ Id: a231d606-0c6b-4383-8380-9ebabd1c1dd8, Nodes: 53a86d64-027e-41d3-b3ab-7adf34bb34d8{ip: 192.168.69.65, host: dev-nightly-20191015-lc69l-4092513605, networkLocation: /default-rack, certSerialId: null}, Type:RATIS, Factor:ONE, State:OPEN]
2019-10-15 09:41:56,050 [EventQueue-StaleNodeForStaleNodeHandler] INFO  pipeline.PipelineStateManager (PipelineStateManager.java:finalizePipeline(123)) - Pipeline Pipeline[ Id: a231d606-0c6b-4383-8380-9ebabd1c1dd8, Nodes: 53a86d64-027e-41d3-b3ab-7adf34bb34d8{ip: 192.168.69.65, host: dev-nightly-20191015-lc69l-4092513605, networkLocation: /default-rack, certSerialId: null}, Type:RATIS, Factor:ONE, State:CLOSED] moved to CLOSED state
2019-10-15 09:41:56,052 [EventQueue-StaleNodeForStaleNodeHandler] INFO  pipeline.SCMPipelineManager (SCMPipelineManager.java:finalizeAndDestroyPipeline(315)) - destroying pipeline:Pipeline[ Id: 3f56a06c-3cb2-43ee-8e5e-151eb0c3ce66, Nodes: bb67c28d-dfc7-4185-8b4c-289c745cf645{ip: 192.168.69.65, host: dev-nightly-20191015-lc69l-4092513605, networkLocation: /default-rack, certSerialId: null}8834960b-a489-4abc-804e-3f405938e0ba{ip: 192.168.69.65, host: dev-nightly-20191015-lc69l-4092513605, networkLocation: /default-rack, certSerialId: null}53a86d64-027e-41d3-b3ab-7adf34bb34d8{ip: 192.168.69.65, host: dev-nightly-20191015-lc69l-4092513605, networkLocation: /default-rack, certSerialId: null}, Type:RATIS, Factor:THREE, State:CLOSED]
2019-10-15 09:41:56,429 [ForkJoinPool.commonPool-worker-1] INFO  ozoneimpl.OzoneContainer (OzoneContainer.java:stop(227)) - Attempting to stop container services.
2019-10-15 09:41:56,430 [ForkJoinPool.commonPool-worker-1] INFO  impl.RaftServerProxy (RaftServerProxy.java:lambda$close$4(314)) - bb67c28d-dfc7-4185-8b4c-289c745cf645: close
2019-10-15 09:41:56,431 [ForkJoinPool.commonPool-worker-1] INFO  impl.RaftServerImpl (RaftServerImpl.java:lambda$shutdown$3(247)) - bb67c28d-dfc7-4185-8b4c-289c745cf645@group-B6960C4CB0BE: shutdown
2019-10-15 09:41:56,431 [ForkJoinPool.commonPool-worker-1] INFO  util.JmxRegister (JmxRegister.java:unregister(73)) - Successfully un-registered JMX Bean with object name Ratis:service=RaftServer,group=group-B6960C4CB0BE,id=bb67c28d-dfc7-4185-8b4c-289c745cf645
2019-10-15 09:41:56,431 [ForkJoinPool.commonPool-worker-1] INFO  impl.RoleInfo (RoleInfo.java:shutdownLeaderState(104)) - bb67c28d-dfc7-4185-8b4c-289c745cf645: shutdown LeaderState
2019-10-15 09:41:56,432 [ForkJoinPool.commonPool-worker-1] INFO  impl.PendingRequests (PendingRequests.java:sendNotLeaderResponses(202)) - bb67c28d-dfc7-4185-8b4c-289c745cf645@group-B6960C4CB0BE-PendingRequests: sendNotLeaderResponses
2019-10-15 09:41:56,433 [ForkJoinPool.commonPool-worker-1] INFO  impl.StateMachineUpdater (StateMachineUpdater.java:stopAndJoin(136)) - bb67c28d-dfc7-4185-8b4c-289c745cf645@group-B6960C4CB0BE-StateMachineUpdater: set stopIndex = 0
2019-10-15 09:41:56,434 [ForkJoinPool.commonPool-worker-1] INFO  impl.RaftServerImpl (ServerState.java:close(387)) - bb67c28d-dfc7-4185-8b4c-289c745cf645@group-B6960C4CB0BE: closes. applyIndex: 0
2019-10-15 09:41:56,434 [bb67c28d-dfc7-4185-8b4c-289c745cf645@group-B6960C4CB0BE-SegmentedRaftLogWorker] INFO  segmented.SegmentedRaftLogWorker (SegmentedRaftLogWorker.java:run(316)) - bb67c28d-dfc7-4185-8b4c-289c745cf645@group-B6960C4CB0BE-SegmentedRaftLogWorker was interrupted, exiting. There are 0 tasks remaining in the queue.
2019-10-15 09:41:56,437 [ForkJoinPool.commonPool-worker-1] INFO  segmented.SegmentedRaftLogWorker (SegmentedRaftLogWorker.java:close(224)) - bb67c28d-dfc7-4185-8b4c-289c745cf645@group-B6960C4CB0BE-SegmentedRaftLogWorker close()
2019-10-15 09:41:56,438 [ForkJoinPool.commonPool-worker-1] INFO  impl.RaftServerImpl (RaftServerImpl.java:lambda$shutdown$3(247)) - bb67c28d-dfc7-4185-8b4c-289c745cf645@group-151EB0C3CE66: shutdown
2019-10-15 09:41:56,439 [ForkJoinPool.commonPool-worker-1] INFO  util.JmxRegister (JmxRegister.java:unregister(73)) - Successfully un-registered JMX Bean with object name Ratis:service=RaftServer,group=group-151EB0C3CE66,id=bb67c28d-dfc7-4185-8b4c-289c745cf645
2019-10-15 09:41:56,439 [ForkJoinPool.commonPool-worker-1] INFO  impl.RoleInfo (RoleInfo.java:shutdownFollowerState(121)) - bb67c28d-dfc7-4185-8b4c-289c745cf645: shutdown FollowerState
2019-10-15 09:41:56,439 [ForkJoinPool.commonPool-worker-1] INFO  impl.StateMachineUpdater (StateMachineUpdater.java:stopAndJoin(136)) - bb67c28d-dfc7-4185-8b4c-289c745cf645@group-151EB0C3CE66-StateMachineUpdater: set stopIndex = 4
2019-10-15 09:41:56,439 [Thread-312] INFO  impl.FollowerState (FollowerState.java:run(117)) - bb67c28d-dfc7-4185-8b4c-289c745cf645@group-151EB0C3CE66-FollowerState was interrupted: java.lang.InterruptedException: sleep interrupted
2019-10-15 09:41:56,439 [bb67c28d-dfc7-4185-8b4c-289c745cf645@group-151EB0C3CE66-StateMachineUpdater] INFO  ratis.ContainerStateMachine (ContainerStateMachine.java:takeSnapshot(294)) - group-151EB0C3CE66: Taking a snapshot at:(t:1, i:3) file /workdir/hadoop-ozone/integration-test/target/test-dir/MiniOzoneClusterImpl-70a67178-95d0-485e-9f18-1ddbb1a0591f/datanode-0/data/ratis/3f56a06c-3cb2-43ee-8e5e-151eb0c3ce66/sm/snapshot.1_3
2019-10-15 09:41:56,451 [bb67c28d-dfc7-4185-8b4c-289c745cf645@group-151EB0C3CE66-StateMachineUpdater] INFO  ratis.ContainerStateMachine (ContainerStateMachine.java:takeSnapshot(305)) - group-151EB0C3CE66: Finished taking a snapshot at:(t:1, i:3) file:/workdir/hadoop-ozone/integration-test/target/test-dir/MiniOzoneClusterImpl-70a67178-95d0-485e-9f18-1ddbb1a0591f/datanode-0/data/ratis/3f56a06c-3cb2-43ee-8e5e-151eb0c3ce66/sm/snapshot.1_3 time:12
2019-10-15 09:41:56,452 [bb67c28d-dfc7-4185-8b4c-289c745cf645@group-151EB0C3CE66-StateMachineUpdater] INFO  impl.StateMachineUpdater (StateMachineUpdater.java:takeSnapshot(269)) - bb67c28d-dfc7-4185-8b4c-289c745cf645@group-151EB0C3CE66-StateMachineUpdater: Took a snapshot at index 3
2019-10-15 09:41:56,452 [bb67c28d-dfc7-4185-8b4c-289c745cf645@group-151EB0C3CE66-StateMachineUpdater] INFO  impl.StateMachineUpdater (StateMachineUpdater.java:lambda$new$0(84)) - bb67c28d-dfc7-4185-8b4c-289c745cf645@group-151EB0C3CE66-StateMachineUpdater: snapshotIndex: updateIncreasingly -1 -> 3
2019-10-15 09:41:56,453 [bb67c28d-dfc7-4185-8b4c-289c745cf645@group-151EB0C3CE66-StateMachineUpdater] INFO  ratis.ContainerStateMachine (ContainerStateMachine.java:takeSnapshot(294)) - group-151EB0C3CE66: Taking a snapshot at:(t:1, i:3) file /workdir/hadoop-ozone/integration-test/target/test-dir/MiniOzoneClusterImpl-70a67178-95d0-485e-9f18-1ddbb1a0591f/datanode-0/data/ratis/3f56a06c-3cb2-43ee-8e5e-151eb0c3ce66/sm/snapshot.1_3
2019-10-15 09:41:56,461 [main] INFO  ozoneimpl.OzoneContainer (OzoneContainer.java:stop(227)) - Attempting to stop container services.
2019-10-15 09:41:56,462 [main] INFO  impl.RaftServerProxy (RaftServerProxy.java:lambda$close$4(314)) - 53a86d64-027e-41d3-b3ab-7adf34bb34d8: close
2019-10-15 09:41:56,463 [main] INFO  impl.RaftServerImpl (RaftServerImpl.java:lambda$shutdown$3(247)) - 53a86d64-027e-41d3-b3ab-7adf34bb34d8@group-9EBABD1C1DD8: shutdown
2019-10-15 09:41:56,463 [main] INFO  util.JmxRegister (JmxRegister.java:unregister(73)) - Successfully un-registered JMX Bean with object name Ratis:service=RaftServer,group=group-9EBABD1C1DD8,id=53a86d64-027e-41d3-b3ab-7adf34bb34d8
2019-10-15 09:41:56,463 [main] INFO  impl.RoleInfo (RoleInfo.java:shutdownLeaderState(104)) - 53a86d64-027e-41d3-b3ab-7adf34bb34d8: shutdown LeaderState
2019-10-15 09:41:56,464 [main] INFO  impl.PendingRequests (PendingRequests.java:sendNotLeaderResponses(202)) - 53a86d64-027e-41d3-b3ab-7adf34bb34d8@group-9EBABD1C1DD8-PendingRequests: sendNotLeaderResponses
2019-10-15 09:41:56,464 [main] INFO  impl.StateMachineUpdater (StateMachineUpdater.java:stopAndJoin(136)) - 53a86d64-027e-41d3-b3ab-7adf34bb34d8@group-9EBABD1C1DD8-StateMachineUpdater: set stopIndex = 0
2019-10-15 09:41:56,465 [main] INFO  impl.RaftServerImpl (ServerState.java:close(387)) - 53a86d64-027e-41d3-b3ab-7adf34bb34d8@group-9EBABD1C1DD8: closes. applyIndex: 0
2019-10-15 09:41:56,465 [53a86d64-027e-41d3-b3ab-7adf34bb34d8@group-9EBABD1C1DD8-SegmentedRaftLogWorker] INFO  segmented.SegmentedRaftLogWorker (SegmentedRaftLogWorker.java:run(316)) - 53a86d64-027e-41d3-b3ab-7adf34bb34d8@group-9EBABD1C1DD8-SegmentedRaftLogWorker was interrupted, exiting. There are 0 tasks remaining in the queue.
2019-10-15 09:41:56,466 [main] INFO  segmented.SegmentedRaftLogWorker (SegmentedRaftLogWorker.java:close(224)) - 53a86d64-027e-41d3-b3ab-7adf34bb34d8@group-9EBABD1C1DD8-SegmentedRaftLogWorker close()
2019-10-15 09:41:56,467 [main] INFO  impl.RaftServerImpl (RaftServerImpl.java:lambda$shutdown$3(247)) - 53a86d64-027e-41d3-b3ab-7adf34bb34d8@group-151EB0C3CE66: shutdown
2019-10-15 09:41:56,468 [main] INFO  util.JmxRegister (JmxRegister.java:unregister(73)) - Successfully un-registered JMX Bean with object name Ratis:service=RaftServer,group=group-151EB0C3CE66,id=53a86d64-027e-41d3-b3ab-7adf34bb34d8
2019-10-15 09:41:56,468 [main] INFO  impl.RoleInfo (RoleInfo.java:shutdownLeaderState(104)) - 53a86d64-027e-41d3-b3ab-7adf34bb34d8: shutdown LeaderState
2019-10-15 09:41:56,470 [org.apache.ratis.server.impl.LogAppender$AppenderDaemon$$Lambda$534/718542897@739ae7a7] WARN  server.GrpcLogAppender (GrpcLogAppender.java:mayWait(143)) - 53a86d64-027e-41d3-b3ab-7adf34bb34d8@group-151EB0C3CE66->8834960b-a489-4abc-804e-3f405938e0ba-GrpcLogAppender: Wait interrupted by java.lang.InterruptedException
2019-10-15 09:41:56,470 [org.apache.ratis.server.impl.LogAppender$AppenderDaemon$$Lambda$534/718542897@64bbb737] WARN  server.GrpcLogAppender (GrpcLogAppender.java:mayWait(143)) - 53a86d64-027e-41d3-b3ab-7adf34bb34d8@group-151EB0C3CE66->bb67c28d-dfc7-4185-8b4c-289c745cf645-GrpcLogAppender: Wait interrupted by java.lang.InterruptedException
2019-10-15 09:41:56,470 [main] INFO  impl.PendingRequests (PendingRequests.java:sendNotLeaderResponses(202)) - 53a86d64-027e-41d3-b3ab-7adf34bb34d8@group-151EB0C3CE66-PendingRequests: sendNotLeaderResponses
2019-10-15 09:41:56,473 [main] INFO  impl.StateMachineUpdater (StateMachineUpdater.java:stopAndJoin(136)) - 53a86d64-027e-41d3-b3ab-7adf34bb34d8@group-151EB0C3CE66-StateMachineUpdater: set stopIndex = 4
2019-10-15 09:41:56,474 [53a86d64-027e-41d3-b3ab-7adf34bb34d8@group-151EB0C3CE66-StateMachineUpdater] INFO  ratis.ContainerStateMachine (ContainerStateMachine.java:takeSnapshot(294)) - group-151EB0C3CE66: Taking a snapshot at:(t:1, i:4) file /workdir/hadoop-ozone/integration-test/target/test-dir/MiniOzoneClusterImpl-70a67178-95d0-485e-9f18-1ddbb1a0591f/datanode-6/data/ratis/3f56a06c-3cb2-43ee-8e5e-151eb0c3ce66/sm/snapshot.1_4
2019-10-15 09:41:56,473 [grpc-default-executor-6] INFO  server.GrpcServerProtocolService (GrpcServerProtocolService.java:onCompleted(113)) - bb67c28d-dfc7-4185-8b4c-289c745cf645: Completed APPEND_ENTRIES, lastRequest: 53a86d64-027e-41d3-b3ab-7adf34bb34d8->bb67c28d-dfc7-4185-8b4c-289c745cf645#16-t1, previous=(t:1, i:4), leaderCommit=4, initializing? false, entries: <empty>
2019-10-15 09:41:56,473 [grpc-default-executor-5] INFO  server.GrpcServerProtocolService (GrpcServerProtocolService.java:onCompleted(113)) - 8834960b-a489-4abc-804e-3f405938e0ba: Completed APPEND_ENTRIES, lastRequest: 53a86d64-027e-41d3-b3ab-7adf34bb34d8->8834960b-a489-4abc-804e-3f405938e0ba#16-t1, previous=(t:1, i:4), leaderCommit=4, initializing? false, entries: <empty>
2019-10-15 09:41:56,475 [grpc-default-executor-6] INFO  server.GrpcLogAppender (GrpcLogAppender.java:onCompleted(293)) - 53a86d64-027e-41d3-b3ab-7adf34bb34d8@group-151EB0C3CE66->bb67c28d-dfc7-4185-8b4c-289c745cf645-AppendLogResponseHandler: follower responses appendEntries COMPLETED
2019-10-15 09:41:56,476 [grpc-default-executor-2] INFO  server.GrpcLogAppender (GrpcLogAppender.java:onCompleted(293)) - 53a86d64-027e-41d3-b3ab-7adf34bb34d8@group-151EB0C3CE66->8834960b-a489-4abc-804e-3f405938e0ba-AppendLogResponseHandler: follower responses appendEntries COMPLETED
2019-10-15 09:41:56,477 [grpc-default-executor-6] INFO  impl.FollowerInfo (FollowerInfo.java:lambda$new$0(51)) - 53a86d64-027e-41d3-b3ab-7adf34bb34d8@group-151EB0C3CE66->bb67c28d-dfc7-4185-8b4c-289c745cf645: nextIndex: updateUnconditionally 5 -> 4
2019-10-15 09:41:56,478 [grpc-default-executor-2] INFO  impl.FollowerInfo (FollowerInfo.java:lambda$new$0(51)) - 53a86d64-027e-41d3-b3ab-7adf34bb34d8@group-151EB0C3CE66->8834960b-a489-4abc-804e-3f405938e0ba: nextIndex: updateUnconditionally 5 -> 4
2019-10-15 09:41:56,480 [bb67c28d-dfc7-4185-8b4c-289c745cf645@group-151EB0C3CE66-StateMachineUpdater] INFO  ratis.ContainerStateMachine (ContainerStateMachine.java:takeSnapshot(305)) - group-151EB0C3CE66: Finished taking a snapshot at:(t:1, i:3) file:/workdir/hadoop-ozone/integration-test/target/test-dir/MiniOzoneClusterImpl-70a67178-95d0-485e-9f18-1ddbb1a0591f/datanode-0/data/ratis/3f56a06c-3cb2-43ee-8e5e-151eb0c3ce66/sm/snapshot.1_3 time:27
2019-10-15 09:41:56,480 [bb67c28d-dfc7-4185-8b4c-289c745cf645@group-151EB0C3CE66-StateMachineUpdater] INFO  impl.StateMachineUpdater (StateMachineUpdater.java:takeSnapshot(269)) - bb67c28d-dfc7-4185-8b4c-289c745cf645@group-151EB0C3CE66-StateMachineUpdater: Took a snapshot at index 3
2019-10-15 09:41:56,481 [bb67c28d-dfc7-4185-8b4c-289c745cf645@group-151EB0C3CE66-StateMachineUpdater] INFO  impl.StateMachineUpdater (StateMachineUpdater.java:lambda$new$0(84)) - bb67c28d-dfc7-4185-8b4c-289c745cf645@group-151EB0C3CE66-StateMachineUpdater: snapshotIndex: updateIncreasingly 3 -> 3
2019-10-15 09:41:56,481 [ForkJoinPool.commonPool-worker-1] INFO  impl.RaftServerImpl (ServerState.java:close(387)) - bb67c28d-dfc7-4185-8b4c-289c745cf645@group-151EB0C3CE66: closes. applyIndex: 4
2019-10-15 09:41:56,481 [bb67c28d-dfc7-4185-8b4c-289c745cf645@group-151EB0C3CE66-SegmentedRaftLogWorker] INFO  segmented.SegmentedRaftLogWorker (SegmentedRaftLogWorker.java:run(316)) - bb67c28d-dfc7-4185-8b4c-289c745cf645@group-151EB0C3CE66-SegmentedRaftLogWorker was interrupted, exiting. There are 0 tasks remaining in the queue.
2019-10-15 09:41:56,482 [53a86d64-027e-41d3-b3ab-7adf34bb34d8@group-151EB0C3CE66-StateMachineUpdater] INFO  ratis.ContainerStateMachine (ContainerStateMachine.java:takeSnapshot(305)) - group-151EB0C3CE66: Finished taking a snapshot at:(t:1, i:4) file:/workdir/hadoop-ozone/integration-test/target/test-dir/MiniOzoneClusterImpl-70a67178-95d0-485e-9f18-1ddbb1a0591f/datanode-6/data/ratis/3f56a06c-3cb2-43ee-8e5e-151eb0c3ce66/sm/snapshot.1_4 time:9
2019-10-15 09:41:56,483 [ForkJoinPool.commonPool-worker-1] INFO  segmented.SegmentedRaftLogWorker (SegmentedRaftLogWorker.java:close(224)) - bb67c28d-dfc7-4185-8b4c-289c745cf645@group-151EB0C3CE66-SegmentedRaftLogWorker close()
2019-10-15 09:41:56,483 [53a86d64-027e-41d3-b3ab-7adf34bb34d8@group-151EB0C3CE66-StateMachineUpdater] INFO  impl.StateMachineUpdater (StateMachineUpdater.java:takeSnapshot(269)) - 53a86d64-027e-41d3-b3ab-7adf34bb34d8@group-151EB0C3CE66-StateMachineUpdater: Took a snapshot at index 4
2019-10-15 09:41:56,490 [ForkJoinPool.commonPool-worker-1] INFO  server.GrpcService (GrpcService.java:closeImpl(164)) - bb67c28d-dfc7-4185-8b4c-289c745cf645: shutdown server with port 45444 now
2019-10-15 09:41:56,490 [53a86d64-027e-41d3-b3ab-7adf34bb34d8@group-151EB0C3CE66-StateMachineUpdater] INFO  impl.StateMachineUpdater (StateMachineUpdater.java:lambda$new$0(84)) - 53a86d64-027e-41d3-b3ab-7adf34bb34d8@group-151EB0C3CE66-StateMachineUpdater: snapshotIndex: updateIncreasingly -1 -> 4
2019-10-15 09:41:56,491 [main] INFO  impl.RaftServerImpl (ServerState.java:close(387)) - 53a86d64-027e-41d3-b3ab-7adf34bb34d8@group-151EB0C3CE66: closes. applyIndex: 4
2019-10-15 09:41:56,492 [53a86d64-027e-41d3-b3ab-7adf34bb34d8@group-151EB0C3CE66-SegmentedRaftLogWorker] INFO  segmented.SegmentedRaftLogWorker (SegmentedRaftLogWorker.java:run(316)) - 53a86d64-027e-41d3-b3ab-7adf34bb34d8@group-151EB0C3CE66-SegmentedRaftLogWorker was interrupted, exiting. There are 0 tasks remaining in the queue.
2019-10-15 09:41:56,492 [ForkJoinPool.commonPool-worker-1] INFO  server.GrpcService (GrpcService.java:closeImpl(172)) - bb67c28d-dfc7-4185-8b4c-289c745cf645: shutdown server with port 45444 successfully
2019-10-15 09:41:56,492 [main] INFO  segmented.SegmentedRaftLogWorker (SegmentedRaftLogWorker.java:close(224)) - 53a86d64-027e-41d3-b3ab-7adf34bb34d8@group-151EB0C3CE66-SegmentedRaftLogWorker close()
2019-10-15 09:41:56,493 [main] INFO  server.GrpcService (GrpcService.java:closeImpl(164)) - 53a86d64-027e-41d3-b3ab-7adf34bb34d8: shutdown server with port 33086 now
2019-10-15 09:41:56,494 [main] INFO  server.GrpcService (GrpcService.java:closeImpl(172)) - 53a86d64-027e-41d3-b3ab-7adf34bb34d8: shutdown server with port 33086 successfully
2019-10-15 09:41:56,500 [refreshUsed-/workdir/hadoop-ozone/integration-test/target/test-dir/MiniOzoneClusterImpl-70a67178-95d0-485e-9f18-1ddbb1a0591f/datanode-0/data/containers] WARN  fs.CachingGetSpaceUsed (CachingGetSpaceUsed.java:run(183)) - Thread Interrupted waiting to refresh disk information: sleep interrupted
2019-10-15 09:41:56,502 [refreshUsed-/workdir/hadoop-ozone/integration-test/target/test-dir/MiniOzoneClusterImpl-70a67178-95d0-485e-9f18-1ddbb1a0591f/datanode-6/data/containers] WARN  fs.CachingGetSpaceUsed (CachingGetSpaceUsed.java:run(183)) - Thread Interrupted waiting to refresh disk information: sleep interrupted
2019-10-15 09:41:56,519 [main] INFO  utils.BackgroundService (BackgroundService.java:shutdown(151)) - Shutting down service BlockDeletingService
2019-10-15 09:41:56,522 [main] INFO  statemachine.DatanodeStateMachine (DatanodeStateMachine.java:stopDaemon(395)) - Ozone container server stopped.
2019-10-15 09:41:56,523 [ForkJoinPool.commonPool-worker-1] INFO  utils.BackgroundService (BackgroundService.java:shutdown(151)) - Shutting down service BlockDeletingService
2019-10-15 09:41:56,524 [main] INFO  handler.ContextHandler (ContextHandler.java:doStop(910)) - Stopped o.e.j.w.WebAppContext@142213d5{/,null,UNAVAILABLE}{/hddsDatanode}
2019-10-15 09:41:56,526 [ForkJoinPool.commonPool-worker-1] INFO  statemachine.DatanodeStateMachine (DatanodeStateMachine.java:stopDaemon(395)) - Ozone container server stopped.
2019-10-15 09:41:56,529 [ForkJoinPool.commonPool-worker-1] INFO  handler.ContextHandler (ContextHandler.java:doStop(910)) - Stopped o.e.j.w.WebAppContext@4339baec{/,null,UNAVAILABLE}{/hddsDatanode}
2019-10-15 09:41:56,529 [main] INFO  server.AbstractConnector (AbstractConnector.java:doStop(318)) - Stopped ServerConnector@934b52f{HTTP/1.1,[http/1.1]}{0.0.0.0:0}
2019-10-15 09:41:56,529 [ForkJoinPool.commonPool-worker-1] INFO  server.AbstractConnector (AbstractConnector.java:doStop(318)) - Stopped ServerConnector@62db3891{HTTP/1.1,[http/1.1]}{0.0.0.0:0}
2019-10-15 09:41:56,531 [ForkJoinPool.commonPool-worker-1] INFO  handler.ContextHandler (ContextHandler.java:doStop(910)) - Stopped o.e.j.s.ServletContextHandler@644ded04{/static,jar:file:/home/user/.m2/repository/org/apache/hadoop/hadoop-hdds-container-service/0.5.0-SNAPSHOT/hadoop-hdds-container-service-0.5.0-SNAPSHOT.jar!/webapps/static,UNAVAILABLE}
2019-10-15 09:41:56,531 [main] INFO  handler.ContextHandler (ContextHandler.java:doStop(910)) - Stopped o.e.j.s.ServletContextHandler@17fa1336{/static,jar:file:/home/user/.m2/repository/org/apache/hadoop/hadoop-hdds-container-service/0.5.0-SNAPSHOT/hadoop-hdds-container-service-0.5.0-SNAPSHOT.jar!/webapps/static,UNAVAILABLE}
2019-10-15 09:41:56,531 [ForkJoinPool.commonPool-worker-1] INFO  handler.ContextHandler (ContextHandler.java:doStop(910)) - Stopped o.e.j.s.ServletContextHandler@290d10ef{/logs,file:///workdir/hadoop-ozone/integration-test/target/log,UNAVAILABLE}
2019-10-15 09:41:56,532 [main] INFO  handler.ContextHandler (ContextHandler.java:doStop(910)) - Stopped o.e.j.s.ServletContextHandler@1457fde{/logs,file:///workdir/hadoop-ozone/integration-test/target/log,UNAVAILABLE}
2019-10-15 09:41:56,975 [Datanode State Machine Thread - 0] INFO  statemachine.DatanodeStateMachine (DatanodeStateMachine.java:lambda$startDaemon$0(350)) - Ozone container server started.
2019-10-15 09:42:01,050 [EventQueue-StaleNodeForStaleNodeHandler] INFO  node.StaleNodeHandler (StaleNodeHandler.java:onMessage(58)) - Datanode 8834960b-a489-4abc-804e-3f405938e0ba{ip: 192.168.69.65, host: dev-nightly-20191015-lc69l-4092513605, networkLocation: /default-rack, certSerialId: null} moved to stale state. Finalizing its pipelines [PipelineID=3f56a06c-3cb2-43ee-8e5e-151eb0c3ce66, PipelineID=287e3e71-bbbe-4baa-be70-e6229d04c1e0]
2019-10-15 09:42:01,052 [EventQueue-StaleNodeForStaleNodeHandler] INFO  pipeline.SCMPipelineManager (SCMPipelineManager.java:finalizeAndDestroyPipeline(315)) - destroying pipeline:Pipeline[ Id: 3f56a06c-3cb2-43ee-8e5e-151eb0c3ce66, Nodes: bb67c28d-dfc7-4185-8b4c-289c745cf645{ip: 192.168.69.65, host: dev-nightly-20191015-lc69l-4092513605, networkLocation: /default-rack, certSerialId: null}8834960b-a489-4abc-804e-3f405938e0ba{ip: 192.168.69.65, host: dev-nightly-20191015-lc69l-4092513605, networkLocation: /default-rack, certSerialId: null}53a86d64-027e-41d3-b3ab-7adf34bb34d8{ip: 192.168.69.65, host: dev-nightly-20191015-lc69l-4092513605, networkLocation: /default-rack, certSerialId: null}, Type:RATIS, Factor:THREE, State:CLOSED]
2019-10-15 09:42:01,052 [EventQueue-StaleNodeForStaleNodeHandler] INFO  pipeline.SCMPipelineManager (SCMPipelineManager.java:finalizeAndDestroyPipeline(315)) - destroying pipeline:Pipeline[ Id: 287e3e71-bbbe-4baa-be70-e6229d04c1e0, Nodes: 8834960b-a489-4abc-804e-3f405938e0ba{ip: 192.168.69.65, host: dev-nightly-20191015-lc69l-4092513605, networkLocation: /default-rack, certSerialId: null}, Type:RATIS, Factor:ONE, State:OPEN]
2019-10-15 09:42:01,053 [EventQueue-StaleNodeForStaleNodeHandler] INFO  pipeline.PipelineStateManager (PipelineStateManager.java:finalizePipeline(123)) - Pipeline Pipeline[ Id: 287e3e71-bbbe-4baa-be70-e6229d04c1e0, Nodes: 8834960b-a489-4abc-804e-3f405938e0ba{ip: 192.168.69.65, host: dev-nightly-20191015-lc69l-4092513605, networkLocation: /default-rack, certSerialId: null}, Type:RATIS, Factor:ONE, State:CLOSED] moved to CLOSED state
2019-10-15 09:42:01,536 [ForkJoinPool.commonPool-worker-1] INFO  ozoneimpl.OzoneContainer (OzoneContainer.java:stop(227)) - Attempting to stop container services.
2019-10-15 09:42:01,541 [ForkJoinPool.commonPool-worker-1] INFO  impl.RaftServerProxy (RaftServerProxy.java:lambda$close$4(314)) - 8834960b-a489-4abc-804e-3f405938e0ba: close
2019-10-15 09:42:01,542 [ForkJoinPool.commonPool-worker-1] INFO  impl.RaftServerImpl (RaftServerImpl.java:lambda$shutdown$3(247)) - 8834960b-a489-4abc-804e-3f405938e0ba@group-151EB0C3CE66: shutdown
2019-10-15 09:42:01,543 [ForkJoinPool.commonPool-worker-1] INFO  util.JmxRegister (JmxRegister.java:unregister(73)) - Successfully un-registered JMX Bean with object name Ratis:service=RaftServer,group=group-151EB0C3CE66,id=8834960b-a489-4abc-804e-3f405938e0ba
2019-10-15 09:42:01,543 [ForkJoinPool.commonPool-worker-1] INFO  impl.RoleInfo (RoleInfo.java:shutdownFollowerState(121)) - 8834960b-a489-4abc-804e-3f405938e0ba: shutdown FollowerState
2019-10-15 09:42:01,543 [ForkJoinPool.commonPool-worker-1] INFO  impl.StateMachineUpdater (StateMachineUpdater.java:stopAndJoin(136)) - 8834960b-a489-4abc-804e-3f405938e0ba@group-151EB0C3CE66-StateMachineUpdater: set stopIndex = 4
2019-10-15 09:42:01,543 [Thread-311] INFO  impl.FollowerState (FollowerState.java:run(117)) - 8834960b-a489-4abc-804e-3f405938e0ba@group-151EB0C3CE66-FollowerState was interrupted: java.lang.InterruptedException: sleep interrupted
2019-10-15 09:42:01,544 [8834960b-a489-4abc-804e-3f405938e0ba@group-151EB0C3CE66-StateMachineUpdater] INFO  ratis.ContainerStateMachine (ContainerStateMachine.java:takeSnapshot(294)) - group-151EB0C3CE66: Taking a snapshot at:(t:1, i:3) file /workdir/hadoop-ozone/integration-test/target/test-dir/MiniOzoneClusterImpl-70a67178-95d0-485e-9f18-1ddbb1a0591f/datanode-5/data/ratis/3f56a06c-3cb2-43ee-8e5e-151eb0c3ce66/sm/snapshot.1_3
2019-10-15 09:42:01,570 [8834960b-a489-4abc-804e-3f405938e0ba@group-151EB0C3CE66-StateMachineUpdater] INFO  ratis.ContainerStateMachine (ContainerStateMachine.java:takeSnapshot(305)) - group-151EB0C3CE66: Finished taking a snapshot at:(t:1, i:3) file:/workdir/hadoop-ozone/integration-test/target/test-dir/MiniOzoneClusterImpl-70a67178-95d0-485e-9f18-1ddbb1a0591f/datanode-5/data/ratis/3f56a06c-3cb2-43ee-8e5e-151eb0c3ce66/sm/snapshot.1_3 time:27
2019-10-15 09:42:01,571 [8834960b-a489-4abc-804e-3f405938e0ba@group-151EB0C3CE66-StateMachineUpdater] INFO  impl.StateMachineUpdater (StateMachineUpdater.java:takeSnapshot(269)) - 8834960b-a489-4abc-804e-3f405938e0ba@group-151EB0C3CE66-StateMachineUpdater: Took a snapshot at index 3
2019-10-15 09:42:01,571 [8834960b-a489-4abc-804e-3f405938e0ba@group-151EB0C3CE66-StateMachineUpdater] INFO  impl.StateMachineUpdater (StateMachineUpdater.java:lambda$new$0(84)) - 8834960b-a489-4abc-804e-3f405938e0ba@group-151EB0C3CE66-StateMachineUpdater: snapshotIndex: updateIncreasingly -1 -> 3
2019-10-15 09:42:01,572 [8834960b-a489-4abc-804e-3f405938e0ba@group-151EB0C3CE66-StateMachineUpdater] INFO  ratis.ContainerStateMachine (ContainerStateMachine.java:takeSnapshot(294)) - group-151EB0C3CE66: Taking a snapshot at:(t:1, i:3) file /workdir/hadoop-ozone/integration-test/target/test-dir/MiniOzoneClusterImpl-70a67178-95d0-485e-9f18-1ddbb1a0591f/datanode-5/data/ratis/3f56a06c-3cb2-43ee-8e5e-151eb0c3ce66/sm/snapshot.1_3
2019-10-15 09:42:01,584 [8834960b-a489-4abc-804e-3f405938e0ba@group-151EB0C3CE66-StateMachineUpdater] INFO  ratis.ContainerStateMachine (ContainerStateMachine.java:takeSnapshot(305)) - group-151EB0C3CE66: Finished taking a snapshot at:(t:1, i:3) file:/workdir/hadoop-ozone/integration-test/target/test-dir/MiniOzoneClusterImpl-70a67178-95d0-485e-9f18-1ddbb1a0591f/datanode-5/data/ratis/3f56a06c-3cb2-43ee-8e5e-151eb0c3ce66/sm/snapshot.1_3 time:12
2019-10-15 09:42:01,584 [8834960b-a489-4abc-804e-3f405938e0ba@group-151EB0C3CE66-StateMachineUpdater] INFO  impl.StateMachineUpdater (StateMachineUpdater.java:takeSnapshot(269)) - 8834960b-a489-4abc-804e-3f405938e0ba@group-151EB0C3CE66-StateMachineUpdater: Took a snapshot at index 3
2019-10-15 09:42:01,584 [8834960b-a489-4abc-804e-3f405938e0ba@group-151EB0C3CE66-StateMachineUpdater] INFO  impl.StateMachineUpdater (StateMachineUpdater.java:lambda$new$0(84)) - 8834960b-a489-4abc-804e-3f405938e0ba@group-151EB0C3CE66-StateMachineUpdater: snapshotIndex: updateIncreasingly 3 -> 3
2019-10-15 09:42:01,584 [ForkJoinPool.commonPool-worker-1] INFO  impl.RaftServerImpl (ServerState.java:close(387)) - 8834960b-a489-4abc-804e-3f405938e0ba@group-151EB0C3CE66: closes. applyIndex: 4
2019-10-15 09:42:01,585 [8834960b-a489-4abc-804e-3f405938e0ba@group-151EB0C3CE66-SegmentedRaftLogWorker] INFO  segmented.SegmentedRaftLogWorker (SegmentedRaftLogWorker.java:run(316)) - 8834960b-a489-4abc-804e-3f405938e0ba@group-151EB0C3CE66-SegmentedRaftLogWorker was interrupted, exiting. There are 0 tasks remaining in the queue.
2019-10-15 09:42:01,585 [ForkJoinPool.commonPool-worker-1] INFO  segmented.SegmentedRaftLogWorker (SegmentedRaftLogWorker.java:close(224)) - 8834960b-a489-4abc-804e-3f405938e0ba@group-151EB0C3CE66-SegmentedRaftLogWorker close()
2019-10-15 09:42:01,586 [ForkJoinPool.commonPool-worker-1] INFO  impl.RaftServerImpl (RaftServerImpl.java:lambda$shutdown$3(247)) - 8834960b-a489-4abc-804e-3f405938e0ba@group-E6229D04C1E0: shutdown
2019-10-15 09:42:01,587 [ForkJoinPool.commonPool-worker-1] INFO  util.JmxRegister (JmxRegister.java:unregister(73)) - Successfully un-registered JMX Bean with object name Ratis:service=RaftServer,group=group-E6229D04C1E0,id=8834960b-a489-4abc-804e-3f405938e0ba
2019-10-15 09:42:01,587 [ForkJoinPool.commonPool-worker-1] INFO  impl.RoleInfo (RoleInfo.java:shutdownLeaderState(104)) - 8834960b-a489-4abc-804e-3f405938e0ba: shutdown LeaderState
2019-10-15 09:42:01,587 [ForkJoinPool.commonPool-worker-1] INFO  impl.PendingRequests (PendingRequests.java:sendNotLeaderResponses(202)) - 8834960b-a489-4abc-804e-3f405938e0ba@group-E6229D04C1E0-PendingRequests: sendNotLeaderResponses
2019-10-15 09:42:01,588 [ForkJoinPool.commonPool-worker-1] INFO  impl.StateMachineUpdater (StateMachineUpdater.java:stopAndJoin(136)) - 8834960b-a489-4abc-804e-3f405938e0ba@group-E6229D04C1E0-StateMachineUpdater: set stopIndex = 0
2019-10-15 09:42:01,588 [ForkJoinPool.commonPool-worker-1] INFO  impl.RaftServerImpl (ServerState.java:close(387)) - 8834960b-a489-4abc-804e-3f405938e0ba@group-E6229D04C1E0: closes. applyIndex: 0
2019-10-15 09:42:01,588 [8834960b-a489-4abc-804e-3f405938e0ba@group-E6229D04C1E0-SegmentedRaftLogWorker] INFO  segmented.SegmentedRaftLogWorker (SegmentedRaftLogWorker.java:run(316)) - 8834960b-a489-4abc-804e-3f405938e0ba@group-E6229D04C1E0-SegmentedRaftLogWorker was interrupted, exiting. There are 0 tasks remaining in the queue.
2019-10-15 09:42:01,588 [ForkJoinPool.commonPool-worker-1] INFO  segmented.SegmentedRaftLogWorker (SegmentedRaftLogWorker.java:close(224)) - 8834960b-a489-4abc-804e-3f405938e0ba@group-E6229D04C1E0-SegmentedRaftLogWorker close()
2019-10-15 09:42:01,589 [ForkJoinPool.commonPool-worker-1] INFO  server.GrpcService (GrpcService.java:closeImpl(164)) - 8834960b-a489-4abc-804e-3f405938e0ba: shutdown server with port 34330 now
2019-10-15 09:42:01,590 [ForkJoinPool.commonPool-worker-1] INFO  server.GrpcService (GrpcService.java:closeImpl(172)) - 8834960b-a489-4abc-804e-3f405938e0ba: shutdown server with port 34330 successfully
2019-10-15 09:42:01,595 [refreshUsed-/workdir/hadoop-ozone/integration-test/target/test-dir/MiniOzoneClusterImpl-70a67178-95d0-485e-9f18-1ddbb1a0591f/datanode-5/data/containers] WARN  fs.CachingGetSpaceUsed (CachingGetSpaceUsed.java:run(183)) - Thread Interrupted waiting to refresh disk information: sleep interrupted
2019-10-15 09:42:01,613 [ForkJoinPool.commonPool-worker-1] INFO  utils.BackgroundService (BackgroundService.java:shutdown(151)) - Shutting down service BlockDeletingService
2019-10-15 09:42:01,614 [ForkJoinPool.commonPool-worker-1] INFO  statemachine.DatanodeStateMachine (DatanodeStateMachine.java:stopDaemon(395)) - Ozone container server stopped.
2019-10-15 09:42:01,617 [ForkJoinPool.commonPool-worker-1] INFO  handler.ContextHandler (ContextHandler.java:doStop(910)) - Stopped o.e.j.w.WebAppContext@56dfab87{/,null,UNAVAILABLE}{/hddsDatanode}
2019-10-15 09:42:01,618 [ForkJoinPool.commonPool-worker-1] INFO  server.AbstractConnector (AbstractConnector.java:doStop(318)) - Stopped ServerConnector@715b886f{HTTP/1.1,[http/1.1]}{0.0.0.0:0}
2019-10-15 09:42:01,619 [ForkJoinPool.commonPool-worker-1] INFO  handler.ContextHandler (ContextHandler.java:doStop(910)) - Stopped o.e.j.s.ServletContextHandler@72f9f27c{/static,jar:file:/home/user/.m2/repository/org/apache/hadoop/hadoop-hdds-container-service/0.5.0-SNAPSHOT/hadoop-hdds-container-service-0.5.0-SNAPSHOT.jar!/webapps/static,UNAVAILABLE}
2019-10-15 09:42:01,620 [ForkJoinPool.commonPool-worker-1] INFO  handler.ContextHandler (ContextHandler.java:doStop(910)) - Stopped o.e.j.s.ServletContextHandler@43af351a{/logs,file:///workdir/hadoop-ozone/integration-test/target/log,UNAVAILABLE}
2019-10-15 09:42:01,621 [main] INFO  ozone.MiniOzoneClusterImpl (MiniOzoneClusterImpl.java:stopSCM(392)) - Stopping the StorageContainerManager
2019-10-15 09:42:01,621 [main] INFO  server.StorageContainerManager (StorageContainerManager.java:stop(810)) - Stopping Replication Manager Service.
2019-10-15 09:42:01,621 [main] INFO  container.ReplicationManager (ReplicationManager.java:stop(203)) - Stopping Replication Monitor Thread.
2019-10-15 09:42:01,621 [main] INFO  server.StorageContainerManager (StorageContainerManager.java:stop(817)) - Stopping Lease Manager of the command watchers
2019-10-15 09:42:01,622 [main] INFO  server.StorageContainerManager (StorageContainerManager.java:stop(824)) - Stopping datanode service RPC server
2019-10-15 09:42:01,622 [main] INFO  server.SCMDatanodeProtocolServer (SCMDatanodeProtocolServer.java:stop(346)) - Stopping the RPC server for DataNodes
2019-10-15 09:42:01,622 [main] INFO  ipc.Server (Server.java:stop(3082)) - Stopping server on 42874
2019-10-15 09:42:01,624 [IPC Server listener on 42874] INFO  ipc.Server (Server.java:run(1185)) - Stopping IPC Server listener on 42874
2019-10-15 09:42:01,624 [IPC Server Responder] INFO  ipc.Server (Server.java:run(1319)) - Stopping IPC Server Responder
2019-10-15 09:42:01,651 [SCM Heartbeat Processing Thread - 0] WARN  node.NodeStateManager (NodeStateManager.java:scheduleNextHealthCheck(646)) - Current Thread is interrupted, shutting down HB processing thread for Node Manager.
2019-10-15 09:42:01,652 [main] INFO  server.StorageContainerManager (StorageContainerManager.java:stop(832)) - Stopping block service RPC server
2019-10-15 09:42:01,652 [main] INFO  server.SCMBlockProtocolServer (SCMBlockProtocolServer.java:stop(155)) - Stopping the RPC server for Block Protocol
2019-10-15 09:42:01,652 [main] INFO  ipc.Server (Server.java:stop(3082)) - Stopping server on 36278
2019-10-15 09:42:01,653 [IPC Server listener on 36278] INFO  ipc.Server (Server.java:run(1185)) - Stopping IPC Server listener on 36278
2019-10-15 09:42:01,653 [main] INFO  server.StorageContainerManager (StorageContainerManager.java:stop(839)) - Stopping the StorageContainerLocationProtocol RPC server
2019-10-15 09:42:01,653 [IPC Server Responder] INFO  ipc.Server (Server.java:run(1319)) - Stopping IPC Server Responder
2019-10-15 09:42:01,654 [main] INFO  server.SCMClientProtocolServer (SCMClientProtocolServer.java:stop(168)) - Stopping the RPC server for Client Protocol
2019-10-15 09:42:01,654 [main] INFO  ipc.Server (Server.java:stop(3082)) - Stopping server on 39666
2019-10-15 09:42:01,655 [IPC Server listener on 39666] INFO  ipc.Server (Server.java:run(1185)) - Stopping IPC Server listener on 39666
2019-10-15 09:42:01,655 [main] INFO  server.StorageContainerManager (StorageContainerManager.java:stop(846)) - Stopping Storage Container Manager HTTP server.
2019-10-15 09:42:01,655 [IPC Server Responder] INFO  ipc.Server (Server.java:run(1319)) - Stopping IPC Server Responder
2019-10-15 09:42:01,656 [main] INFO  handler.ContextHandler (ContextHandler.java:doStop(910)) - Stopped o.e.j.w.WebAppContext@617fe9e1{/,null,UNAVAILABLE}{/scm}
2019-10-15 09:42:01,657 [main] INFO  server.AbstractConnector (AbstractConnector.java:doStop(318)) - Stopped ServerConnector@5aceec94{HTTP/1.1,[http/1.1]}{0.0.0.0:0}
2019-10-15 09:42:01,657 [main] INFO  handler.ContextHandler (ContextHandler.java:doStop(910)) - Stopped o.e.j.s.ServletContextHandler@4d722ac9{/static,file:///workdir/hadoop-ozone/integration-test/target/test-classes/webapps/static,UNAVAILABLE}
2019-10-15 09:42:01,658 [main] INFO  handler.ContextHandler (ContextHandler.java:doStop(910)) - Stopped o.e.j.s.ServletContextHandler@2320fa6f{/logs,file:///workdir/hadoop-ozone/integration-test/target/log,UNAVAILABLE}
2019-10-15 09:42:01,659 [main] INFO  server.StorageContainerManager (StorageContainerManager.java:stop(857)) - Stopping Block Manager Service.
2019-10-15 09:42:01,659 [main] INFO  utils.BackgroundService (BackgroundService.java:shutdown(151)) - Shutting down service SCMBlockDeletingService
2019-10-15 09:42:01,659 [main] INFO  utils.BackgroundService (BackgroundService.java:shutdown(151)) - Shutting down service SCMBlockDeletingService
2019-10-15 09:42:01,660 [main] INFO  server.StorageContainerManager (StorageContainerManager.java:stop(879)) - Stopping SCM Event Queue.
2019-10-15 09:42:01,669 [main] INFO  impl.MetricsSystemImpl (MetricsSystemImpl.java:stop(210)) - Stopping XceiverClientMetrics metrics system...
2019-10-15 09:42:01,677 [prometheus] INFO  impl.MetricsSinkAdapter (MetricsSinkAdapter.java:publishMetricsFromQueue(141)) - prometheus thread interrupted.
2019-10-15 09:42:01,678 [main] INFO  impl.MetricsSystemImpl (MetricsSystemImpl.java:stop(216)) - XceiverClientMetrics metrics system stopped.
]]></system-out>
    <system-err><![CDATA[ERROR StatusLogger No Log4j 2 configuration file found. Using default configuration (logging only errors to the console), or user programmatically provided configurations. Set system property 'log4j2.debug' to show Log4j 2 internal initialization logging. See https://logging.apache.org/log4j/2.x/manual/configuration.html for instructions on how to configure Log4j 2
Oct 15, 2019 9:41:46 AM org.apache.ratis.thirdparty.io.grpc.internal.SerializingExecutor run
SEVERE: Exception while executing runnable org.apache.ratis.thirdparty.io.grpc.internal.ServerImpl$JumpToApplicationThreadServerStreamListener$1Closed@5a1e1eb5
org.apache.ratis.thirdparty.io.grpc.StatusRuntimeException: CANCELLED: call already cancelled
	at org.apache.ratis.thirdparty.io.grpc.Status.asRuntimeException(Status.java:517)
	at org.apache.ratis.thirdparty.io.grpc.stub.ServerCalls$ServerCallStreamObserverImpl.onCompleted(ServerCalls.java:356)
	at org.apache.ratis.grpc.server.GrpcServerProtocolService$ServerRequestStreamObserver.onError(GrpcServerProtocolService.java:121)
	at org.apache.ratis.thirdparty.io.grpc.stub.ServerCalls$StreamingServerCallHandler$StreamingServerCallListener.onCancel(ServerCalls.java:269)
	at org.apache.ratis.thirdparty.io.grpc.internal.ServerCallImpl$ServerStreamListenerImpl.closed(ServerCallImpl.java:293)
	at org.apache.ratis.thirdparty.io.grpc.internal.ServerImpl$JumpToApplicationThreadServerStreamListener$1Closed.runInContext(ServerImpl.java:741)
	at org.apache.ratis.thirdparty.io.grpc.internal.ContextRunnable.run(ContextRunnable.java:37)
	at org.apache.ratis.thirdparty.io.grpc.internal.SerializingExecutor.run(SerializingExecutor.java:123)
	at java.util.concurrent.ThreadPoolExecutor.runWorker(ThreadPoolExecutor.java:1149)
	at java.util.concurrent.ThreadPoolExecutor$Worker.run(ThreadPoolExecutor.java:624)
	at java.lang.Thread.run(Thread.java:748)

Oct 15, 2019 9:41:46 AM org.apache.ratis.thirdparty.io.grpc.internal.SerializingExecutor run
SEVERE: Exception while executing runnable org.apache.ratis.thirdparty.io.grpc.internal.ServerImpl$JumpToApplicationThreadServerStreamListener$1Closed@47062b30
org.apache.ratis.thirdparty.io.grpc.StatusRuntimeException: CANCELLED: call already cancelled
	at org.apache.ratis.thirdparty.io.grpc.Status.asRuntimeException(Status.java:517)
	at org.apache.ratis.thirdparty.io.grpc.stub.ServerCalls$ServerCallStreamObserverImpl.onCompleted(ServerCalls.java:356)
	at org.apache.ratis.grpc.server.GrpcServerProtocolService$ServerRequestStreamObserver.onError(GrpcServerProtocolService.java:121)
	at org.apache.ratis.thirdparty.io.grpc.stub.ServerCalls$StreamingServerCallHandler$StreamingServerCallListener.onCancel(ServerCalls.java:269)
	at org.apache.ratis.thirdparty.io.grpc.internal.ServerCallImpl$ServerStreamListenerImpl.closed(ServerCallImpl.java:293)
	at org.apache.ratis.thirdparty.io.grpc.internal.ServerImpl$JumpToApplicationThreadServerStreamListener$1Closed.runInContext(ServerImpl.java:741)
	at org.apache.ratis.thirdparty.io.grpc.internal.ContextRunnable.run(ContextRunnable.java:37)
	at org.apache.ratis.thirdparty.io.grpc.internal.SerializingExecutor.run(SerializingExecutor.java:123)
	at java.util.concurrent.ThreadPoolExecutor.runWorker(ThreadPoolExecutor.java:1149)
	at java.util.concurrent.ThreadPoolExecutor$Worker.run(ThreadPoolExecutor.java:624)
	at java.lang.Thread.run(Thread.java:748)

]]></system-err>
  </testcase>
  <testcase name="testDatanodeFailureWithPreAllocation" classname="org.apache.hadoop.ozone.client.rpc.TestBlockOutputStreamWithFailures" time="222.182"/>
  <testcase name="testDatanodeFailureWithSingleNodeRatis" classname="org.apache.hadoop.ozone.client.rpc.TestBlockOutputStreamWithFailures" time="223.831"/>
  <testcase name="testWatchForCommitWithSingleNodeRatis" classname="org.apache.hadoop.ozone.client.rpc.TestBlockOutputStreamWithFailures" time="33.063"/>
  <testcase name="testWatchForCommitDatanodeFailure" classname="org.apache.hadoop.ozone.client.rpc.TestBlockOutputStreamWithFailures" time="47.224">
    <failure message="expected:&lt;2&gt; but was:&lt;3&gt;" type="java.lang.AssertionError"><![CDATA[java.lang.AssertionError: expected:<2> but was:<3>
	at org.junit.Assert.fail(Assert.java:88)
	at org.junit.Assert.failNotEquals(Assert.java:743)
	at org.junit.Assert.assertEquals(Assert.java:118)
	at org.junit.Assert.assertEquals(Assert.java:555)
	at org.junit.Assert.assertEquals(Assert.java:542)
	at org.apache.hadoop.ozone.client.rpc.TestBlockOutputStreamWithFailures.testWatchForCommitDatanodeFailure(TestBlockOutputStreamWithFailures.java:366)
	at sun.reflect.NativeMethodAccessorImpl.invoke0(Native Method)
	at sun.reflect.NativeMethodAccessorImpl.invoke(NativeMethodAccessorImpl.java:62)
	at sun.reflect.DelegatingMethodAccessorImpl.invoke(DelegatingMethodAccessorImpl.java:43)
	at java.lang.reflect.Method.invoke(Method.java:498)
	at org.junit.runners.model.FrameworkMethod$1.runReflectiveCall(FrameworkMethod.java:47)
	at org.junit.internal.runners.model.ReflectiveCallable.run(ReflectiveCallable.java:12)
	at org.junit.runners.model.FrameworkMethod.invokeExplosively(FrameworkMethod.java:44)
	at org.junit.internal.runners.statements.InvokeMethod.evaluate(InvokeMethod.java:17)
	at org.junit.internal.runners.statements.RunBefores.evaluate(RunBefores.java:26)
	at org.junit.internal.runners.statements.RunAfters.evaluate(RunAfters.java:27)
	at org.junit.runners.ParentRunner.runLeaf(ParentRunner.java:271)
	at org.junit.runners.BlockJUnit4ClassRunner.runChild(BlockJUnit4ClassRunner.java:70)
	at org.junit.runners.BlockJUnit4ClassRunner.runChild(BlockJUnit4ClassRunner.java:50)
	at org.junit.runners.ParentRunner$3.run(ParentRunner.java:238)
	at org.junit.runners.ParentRunner$1.schedule(ParentRunner.java:63)
	at org.junit.runners.ParentRunner.runChildren(ParentRunner.java:236)
	at org.junit.runners.ParentRunner.access$000(ParentRunner.java:53)
	at org.junit.runners.ParentRunner$2.evaluate(ParentRunner.java:229)
	at org.junit.runners.ParentRunner.run(ParentRunner.java:309)
	at org.apache.maven.surefire.junit4.JUnit4Provider.execute(JUnit4Provider.java:365)
	at org.apache.maven.surefire.junit4.JUnit4Provider.executeWithRerun(JUnit4Provider.java:273)
	at org.apache.maven.surefire.junit4.JUnit4Provider.executeTestSet(JUnit4Provider.java:238)
	at org.apache.maven.surefire.junit4.JUnit4Provider.invoke(JUnit4Provider.java:159)
	at org.apache.maven.surefire.booter.ForkedBooter.invokeProviderInSameClassLoader(ForkedBooter.java:384)
	at org.apache.maven.surefire.booter.ForkedBooter.runSuitesInProcess(ForkedBooter.java:345)
	at org.apache.maven.surefire.booter.ForkedBooter.execute(ForkedBooter.java:126)
	at org.apache.maven.surefire.booter.ForkedBooter.main(ForkedBooter.java:418)
]]></failure>
    <system-out><![CDATA[2019-10-15 09:50:00,821 [main] WARN  server.ServerUtils (ServerUtils.java:getScmDbDir(145)) - ozone.scm.db.dirs is not configured. We recommend adding this setting. Falling back to ozone.metadata.dirs instead.
2019-10-15 09:50:00,838 [main] WARN  server.ServerUtils (ServerUtils.java:getScmDbDir(145)) - ozone.scm.db.dirs is not configured. We recommend adding this setting. Falling back to ozone.metadata.dirs instead.
2019-10-15 09:50:00,839 [main] WARN  server.ServerUtils (ServerUtils.java:getScmDbDir(145)) - ozone.scm.db.dirs is not configured. We recommend adding this setting. Falling back to ozone.metadata.dirs instead.
2019-10-15 09:50:00,839 [main] INFO  db.DBStoreBuilder (DBStoreBuilder.java:addTable(117)) - using custom profile for table: deletedBlocks
2019-10-15 09:50:00,840 [main] INFO  db.DBStoreBuilder (DBStoreBuilder.java:processTables(168)) - Using default column profile:DBProfile.DISK for Table:deletedBlocks
2019-10-15 09:50:00,840 [main] INFO  db.DBStoreBuilder (DBStoreBuilder.java:addTable(117)) - using custom profile for table: validCerts
2019-10-15 09:50:00,840 [main] INFO  db.DBStoreBuilder (DBStoreBuilder.java:processTables(168)) - Using default column profile:DBProfile.DISK for Table:validCerts
2019-10-15 09:50:00,840 [main] INFO  db.DBStoreBuilder (DBStoreBuilder.java:addTable(117)) - using custom profile for table: revokedCerts
2019-10-15 09:50:00,840 [main] INFO  db.DBStoreBuilder (DBStoreBuilder.java:processTables(168)) - Using default column profile:DBProfile.DISK for Table:revokedCerts
2019-10-15 09:50:00,841 [main] INFO  db.DBStoreBuilder (DBStoreBuilder.java:addTable(117)) - using custom profile for table: default
2019-10-15 09:50:00,841 [main] INFO  db.DBStoreBuilder (DBStoreBuilder.java:processTables(174)) - Using default column profile:DBProfile.DISK for Table:default
2019-10-15 09:50:00,841 [main] INFO  db.DBStoreBuilder (DBStoreBuilder.java:getDbProfile(205)) - Using default options. DBProfile.DISK
2019-10-15 09:50:00,988 [main] INFO  net.NodeSchemaLoader (NodeSchemaLoader.java:loadSchemaFromFile(125)) - Loading file from sun.misc.CompoundEnumeration@4aed311e
2019-10-15 09:50:00,988 [main] INFO  net.NodeSchemaLoader (NodeSchemaLoader.java:loadSchema(171)) - Loading network topology layer schema file
2019-10-15 09:50:00,993 [main] INFO  node.SCMNodeManager (SCMNodeManager.java:<init>(116)) - Entering startup safe mode.
2019-10-15 09:50:00,994 [main] INFO  algorithms.ContainerPlacementPolicyFactory (ContainerPlacementPolicyFactory.java:getPolicy(57)) - Create container placement policy of type org.apache.hadoop.hdds.scm.container.placement.algorithms.SCMContainerPlacementRandom
2019-10-15 09:50:00,994 [main] WARN  server.ServerUtils (ServerUtils.java:getScmDbDir(145)) - ozone.scm.db.dirs is not configured. We recommend adding this setting. Falling back to ozone.metadata.dirs instead.
2019-10-15 09:50:01,049 [main] INFO  pipeline.SCMPipelineManager (SCMPipelineManager.java:initializePipelineState(132)) - No pipeline exists in current db
2019-10-15 09:50:01,050 [main] WARN  server.ServerUtils (ServerUtils.java:getScmDbDir(145)) - ozone.scm.db.dirs is not configured. We recommend adding this setting. Falling back to ozone.metadata.dirs instead.
2019-10-15 09:50:01,099 [main] WARN  events.EventQueue (EventQueue.java:fireEvent(183)) - No event handler registered for event TypedEvent{payloadType=SafeModeStatus, name='SafeModeStatus'}
2019-10-15 09:50:01,100 [main] INFO  ipc.CallQueueManager (CallQueueManager.java:<init>(84)) - Using callQueue: class java.util.concurrent.LinkedBlockingQueue, queueCapacity: 2000, scheduler: class org.apache.hadoop.ipc.DefaultRpcScheduler, ipcBackoff: false.
2019-10-15 09:50:01,101 [Socket Reader #1 for port 41585] INFO  ipc.Server (Server.java:run(1074)) - Starting Socket Reader #1 for port 41585
2019-10-15 09:50:01,104 [main] INFO  ipc.CallQueueManager (CallQueueManager.java:<init>(84)) - Using callQueue: class java.util.concurrent.LinkedBlockingQueue, queueCapacity: 2000, scheduler: class org.apache.hadoop.ipc.DefaultRpcScheduler, ipcBackoff: false.
2019-10-15 09:50:01,105 [Socket Reader #1 for port 33493] INFO  ipc.Server (Server.java:run(1074)) - Starting Socket Reader #1 for port 33493
2019-10-15 09:50:01,106 [main] INFO  ipc.CallQueueManager (CallQueueManager.java:<init>(84)) - Using callQueue: class java.util.concurrent.LinkedBlockingQueue, queueCapacity: 2000, scheduler: class org.apache.hadoop.ipc.DefaultRpcScheduler, ipcBackoff: false.
2019-10-15 09:50:01,107 [Socket Reader #1 for port 40389] INFO  ipc.Server (Server.java:run(1074)) - Starting Socket Reader #1 for port 40389
2019-10-15 09:50:01,110 [main] INFO  hdfs.DFSUtil (DFSUtil.java:httpServerTemplateForNNAndJN(1641)) - Starting Web-server for scm at: http://0.0.0.0:0
2019-10-15 09:50:01,112 [main] INFO  server.AuthenticationFilter (AuthenticationFilter.java:constructSecretProvider(240)) - Unable to initialize FileSignerSecretProvider, falling back to use random secrets.
2019-10-15 09:50:01,113 [main] WARN  http.HttpRequestLog (HttpRequestLog.java:getRequestLog(97)) - Jetty request log can only be enabled using Log4j
2019-10-15 09:50:01,115 [main] INFO  http.HttpServer2 (HttpServer2.java:addGlobalFilter(975)) - Added global filter 'safety' (class=org.apache.hadoop.http.HttpServer2$QuotingInputFilter)
2019-10-15 09:50:01,115 [main] INFO  http.HttpServer2 (HttpServer2.java:addFilter(948)) - Added filter static_user_filter (class=org.apache.hadoop.http.lib.StaticUserWebFilter$StaticUserFilter) to context scm
2019-10-15 09:50:01,115 [main] INFO  http.HttpServer2 (HttpServer2.java:addFilter(958)) - Added filter static_user_filter (class=org.apache.hadoop.http.lib.StaticUserWebFilter$StaticUserFilter) to context logs
2019-10-15 09:50:01,116 [main] INFO  http.HttpServer2 (HttpServer2.java:addFilter(958)) - Added filter static_user_filter (class=org.apache.hadoop.http.lib.StaticUserWebFilter$StaticUserFilter) to context static
2019-10-15 09:50:01,118 [main] INFO  server.StorageContainerManager (StorageContainerManager.java:start(772)) - StorageContainerLocationProtocol RPC server is listening at /0.0.0.0:40389
2019-10-15 09:50:01,120 [main] WARN  impl.MetricsConfig (MetricsConfig.java:loadFirst(134)) - Cannot locate configuration: tried hadoop-metrics2-storagecontainermanager.properties,hadoop-metrics2.properties
2019-10-15 09:50:01,121 [main] INFO  impl.MetricsSystemImpl (MetricsSystemImpl.java:startTimer(374)) - Scheduled Metric snapshot period at 10 second(s).
2019-10-15 09:50:01,121 [main] INFO  impl.MetricsSystemImpl (MetricsSystemImpl.java:start(191)) - StorageContainerManager metrics system started
2019-10-15 09:50:01,199 [main] WARN  impl.MetricsSystemImpl (MetricsSystemImpl.java:register(276)) - Sink prometheus already exists!
2019-10-15 09:50:01,279 [main] INFO  server.SCMClientProtocolServer (SCMClientProtocolServer.java:start(159)) - RPC server for Client  is listening at /0.0.0.0:40389
2019-10-15 09:50:01,279 [IPC Server Responder] INFO  ipc.Server (Server.java:run(1314)) - IPC Server Responder: starting
2019-10-15 09:50:01,280 [IPC Server listener on 40389] INFO  ipc.Server (Server.java:run(1153)) - IPC Server listener on 40389: starting
2019-10-15 09:50:01,284 [main] INFO  server.StorageContainerManager (StorageContainerManager.java:start(782)) - ScmBlockLocationProtocol RPC server is listening at /0.0.0.0:33493
2019-10-15 09:50:01,284 [main] INFO  server.SCMBlockProtocolServer (SCMBlockProtocolServer.java:start(146)) - RPC server for Block Protocol is listening at /0.0.0.0:33493
2019-10-15 09:50:01,284 [IPC Server Responder] INFO  ipc.Server (Server.java:run(1314)) - IPC Server Responder: starting
2019-10-15 09:50:01,286 [IPC Server listener on 33493] INFO  ipc.Server (Server.java:run(1153)) - IPC Server listener on 33493: starting
2019-10-15 09:50:01,288 [main] INFO  server.StorageContainerManager (StorageContainerManager.java:start(786)) - ScmDatanodeProtocl RPC server is listening at /0.0.0.0:41585
2019-10-15 09:50:01,288 [main] INFO  server.SCMDatanodeProtocolServer (SCMDatanodeProtocolServer.java:start(169)) - RPC server for DataNodes is listening at /0.0.0.0:41585
2019-10-15 09:50:01,289 [IPC Server Responder] INFO  ipc.Server (Server.java:run(1314)) - IPC Server Responder: starting
2019-10-15 09:50:01,290 [IPC Server listener on 41585] INFO  ipc.Server (Server.java:run(1153)) - IPC Server listener on 41585: starting
2019-10-15 09:50:01,292 [main] INFO  http.HttpServer2 (HttpServer2.java:bindListener(1191)) - Jetty bound to port 37024
2019-10-15 09:50:01,293 [main] INFO  server.Server (Server.java:doStart(351)) - jetty-9.3.25.v20180904, build timestamp: 2018-09-04T21:11:46Z, git hash: 3ce520221d0240229c862b122d2b06c12a625732
2019-10-15 09:50:01,294 [main] INFO  handler.ContextHandler (ContextHandler.java:doStart(781)) - Started o.e.j.s.ServletContextHandler@b768a65{/logs,file:///workdir/hadoop-ozone/integration-test/target/log,AVAILABLE}
2019-10-15 09:50:01,294 [main] INFO  handler.ContextHandler (ContextHandler.java:doStart(781)) - Started o.e.j.s.ServletContextHandler@6986f93e{/static,file:///workdir/hadoop-ozone/integration-test/target/test-classes/webapps/static,AVAILABLE}
2019-10-15 09:50:01,298 [main] INFO  handler.ContextHandler (ContextHandler.java:doStart(781)) - Started o.e.j.w.WebAppContext@3e5beab5{/,file:///workdir/hadoop-ozone/integration-test/target/test-classes/webapps/scm/,AVAILABLE}{/scm}
2019-10-15 09:50:01,298 [main] INFO  server.AbstractConnector (AbstractConnector.java:doStart(278)) - Started ServerConnector@7c588adc{HTTP/1.1,[http/1.1]}{0.0.0.0:37024}
2019-10-15 09:50:01,299 [main] INFO  server.Server (Server.java:doStart(419)) - Started @529227ms
2019-10-15 09:50:01,299 [main] WARN  impl.MetricsSystemImpl (MetricsSystemImpl.java:register(276)) - Sink prometheus already exists!
2019-10-15 09:50:01,301 [main] INFO  server.BaseHttpServer (BaseHttpServer.java:updateConnectorAddress(215)) - HTTP server of SCM is listening at http://0.0.0.0:37024
2019-10-15 09:50:01,302 [main] WARN  server.ServerUtils (ServerUtils.java:getDBPath(222)) - ozone.om.db.dirs is not configured. We recommend adding this setting. Falling back to ozone.metadata.dirs instead.
2019-10-15 09:50:01,303 [org.apache.hadoop.util.JvmPauseMonitor$Monitor@5968800d] INFO  util.JvmPauseMonitor (JvmPauseMonitor.java:run(188)) - Starting JVM pause monitor
2019-10-15 09:50:01,332 [main] INFO  ha.OMHANodeDetails (OMHANodeDetails.java:loadOMHAConfig(190)) - Configuration either no ozone.om.address set. Falling back to the default OM address /127.0.0.1:0
2019-10-15 09:50:01,332 [main] INFO  ha.OMHANodeDetails (OMHANodeDetails.java:getOMNodeDetails(220)) - OM Service ID is not set. Setting it to the default ID: omServiceIdDefault
2019-10-15 09:50:01,333 [main] WARN  server.ServerUtils (ServerUtils.java:getDBPath(222)) - ozone.om.db.dirs is not configured. We recommend adding this setting. Falling back to ozone.metadata.dirs instead.
2019-10-15 09:50:01,333 [main] WARN  server.ServerUtils (ServerUtils.java:getDBPath(222)) - ozone.om.db.dirs is not configured. We recommend adding this setting. Falling back to ozone.metadata.dirs instead.
2019-10-15 09:50:01,340 [main] WARN  server.ServerUtils (ServerUtils.java:getDBPath(222)) - ozone.om.db.dirs is not configured. We recommend adding this setting. Falling back to ozone.metadata.dirs instead.
2019-10-15 09:50:01,341 [main] INFO  db.DBStoreBuilder (DBStoreBuilder.java:addTable(117)) - using custom profile for table: userTable
2019-10-15 09:50:01,341 [main] INFO  db.DBStoreBuilder (DBStoreBuilder.java:processTables(168)) - Using default column profile:DBProfile.DISK for Table:userTable
2019-10-15 09:50:01,342 [main] INFO  db.DBStoreBuilder (DBStoreBuilder.java:addTable(117)) - using custom profile for table: volumeTable
2019-10-15 09:50:01,342 [main] INFO  db.DBStoreBuilder (DBStoreBuilder.java:processTables(168)) - Using default column profile:DBProfile.DISK for Table:volumeTable
2019-10-15 09:50:01,342 [main] INFO  db.DBStoreBuilder (DBStoreBuilder.java:addTable(117)) - using custom profile for table: bucketTable
2019-10-15 09:50:01,342 [main] INFO  db.DBStoreBuilder (DBStoreBuilder.java:processTables(168)) - Using default column profile:DBProfile.DISK for Table:bucketTable
2019-10-15 09:50:01,342 [main] INFO  db.DBStoreBuilder (DBStoreBuilder.java:addTable(117)) - using custom profile for table: keyTable
2019-10-15 09:50:01,342 [main] INFO  db.DBStoreBuilder (DBStoreBuilder.java:processTables(168)) - Using default column profile:DBProfile.DISK for Table:keyTable
2019-10-15 09:50:01,343 [main] INFO  db.DBStoreBuilder (DBStoreBuilder.java:addTable(117)) - using custom profile for table: deletedTable
2019-10-15 09:50:01,343 [main] INFO  db.DBStoreBuilder (DBStoreBuilder.java:processTables(168)) - Using default column profile:DBProfile.DISK for Table:deletedTable
2019-10-15 09:50:01,343 [main] INFO  db.DBStoreBuilder (DBStoreBuilder.java:addTable(117)) - using custom profile for table: openKeyTable
2019-10-15 09:50:01,343 [main] INFO  db.DBStoreBuilder (DBStoreBuilder.java:processTables(168)) - Using default column profile:DBProfile.DISK for Table:openKeyTable
2019-10-15 09:50:01,343 [main] INFO  db.DBStoreBuilder (DBStoreBuilder.java:addTable(117)) - using custom profile for table: s3Table
2019-10-15 09:50:01,344 [main] INFO  db.DBStoreBuilder (DBStoreBuilder.java:processTables(168)) - Using default column profile:DBProfile.DISK for Table:s3Table
2019-10-15 09:50:01,344 [main] INFO  db.DBStoreBuilder (DBStoreBuilder.java:addTable(117)) - using custom profile for table: multipartInfoTable
2019-10-15 09:50:01,344 [main] INFO  db.DBStoreBuilder (DBStoreBuilder.java:processTables(168)) - Using default column profile:DBProfile.DISK for Table:multipartInfoTable
2019-10-15 09:50:01,344 [main] INFO  db.DBStoreBuilder (DBStoreBuilder.java:addTable(117)) - using custom profile for table: dTokenTable
2019-10-15 09:50:01,344 [main] INFO  db.DBStoreBuilder (DBStoreBuilder.java:processTables(168)) - Using default column profile:DBProfile.DISK for Table:dTokenTable
2019-10-15 09:50:01,344 [main] INFO  db.DBStoreBuilder (DBStoreBuilder.java:addTable(117)) - using custom profile for table: s3SecretTable
2019-10-15 09:50:01,345 [main] INFO  db.DBStoreBuilder (DBStoreBuilder.java:processTables(168)) - Using default column profile:DBProfile.DISK for Table:s3SecretTable
2019-10-15 09:50:01,345 [main] INFO  db.DBStoreBuilder (DBStoreBuilder.java:addTable(117)) - using custom profile for table: prefixTable
2019-10-15 09:50:01,345 [main] INFO  db.DBStoreBuilder (DBStoreBuilder.java:processTables(168)) - Using default column profile:DBProfile.DISK for Table:prefixTable
2019-10-15 09:50:01,345 [main] INFO  db.DBStoreBuilder (DBStoreBuilder.java:addTable(117)) - using custom profile for table: default
2019-10-15 09:50:01,345 [main] INFO  db.DBStoreBuilder (DBStoreBuilder.java:processTables(174)) - Using default column profile:DBProfile.DISK for Table:default
2019-10-15 09:50:01,346 [main] INFO  db.DBStoreBuilder (DBStoreBuilder.java:getDbProfile(205)) - Using default options. DBProfile.DISK
2019-10-15 09:50:01,691 [main] INFO  ipc.CallQueueManager (CallQueueManager.java:<init>(84)) - Using callQueue: class java.util.concurrent.LinkedBlockingQueue, queueCapacity: 2000, scheduler: class org.apache.hadoop.ipc.DefaultRpcScheduler, ipcBackoff: false.
2019-10-15 09:50:01,691 [Socket Reader #1 for port 35812] INFO  ipc.Server (Server.java:run(1074)) - Starting Socket Reader #1 for port 35812
2019-10-15 09:50:01,703 [main] INFO  om.OzoneManager (OzoneManager.java:start(1071)) - OzoneManager RPC server is listening at localhost/127.0.0.1:35812
2019-10-15 09:50:01,704 [main] INFO  impl.MetricsSystemImpl (MetricsSystemImpl.java:init(158)) - OzoneManager metrics system started (again)
2019-10-15 09:50:01,705 [IPC Server Responder] INFO  ipc.Server (Server.java:run(1314)) - IPC Server Responder: starting
2019-10-15 09:50:01,705 [IPC Server listener on 35812] INFO  ipc.Server (Server.java:run(1153)) - IPC Server listener on 35812: starting
2019-10-15 09:50:01,710 [main] INFO  hdfs.DFSUtil (DFSUtil.java:httpServerTemplateForNNAndJN(1641)) - Starting Web-server for ozoneManager at: http://0.0.0.0:0
2019-10-15 09:50:01,712 [main] INFO  server.AuthenticationFilter (AuthenticationFilter.java:constructSecretProvider(240)) - Unable to initialize FileSignerSecretProvider, falling back to use random secrets.
2019-10-15 09:50:01,712 [main] WARN  http.HttpRequestLog (HttpRequestLog.java:getRequestLog(97)) - Jetty request log can only be enabled using Log4j
2019-10-15 09:50:01,713 [main] INFO  http.HttpServer2 (HttpServer2.java:addGlobalFilter(975)) - Added global filter 'safety' (class=org.apache.hadoop.http.HttpServer2$QuotingInputFilter)
2019-10-15 09:50:01,713 [main] INFO  http.HttpServer2 (HttpServer2.java:addFilter(948)) - Added filter static_user_filter (class=org.apache.hadoop.http.lib.StaticUserWebFilter$StaticUserFilter) to context ozoneManager
2019-10-15 09:50:01,714 [main] INFO  http.HttpServer2 (HttpServer2.java:addFilter(958)) - Added filter static_user_filter (class=org.apache.hadoop.http.lib.StaticUserWebFilter$StaticUserFilter) to context logs
2019-10-15 09:50:01,714 [main] INFO  http.HttpServer2 (HttpServer2.java:addFilter(958)) - Added filter static_user_filter (class=org.apache.hadoop.http.lib.StaticUserWebFilter$StaticUserFilter) to context static
2019-10-15 09:50:01,714 [main] INFO  http.HttpServer2 (HttpServer2.java:bindListener(1191)) - Jetty bound to port 44979
2019-10-15 09:50:01,714 [main] INFO  server.Server (Server.java:doStart(351)) - jetty-9.3.25.v20180904, build timestamp: 2018-09-04T21:11:46Z, git hash: 3ce520221d0240229c862b122d2b06c12a625732
2019-10-15 09:50:01,716 [main] INFO  handler.ContextHandler (ContextHandler.java:doStart(781)) - Started o.e.j.s.ServletContextHandler@285a4fe3{/logs,file:///workdir/hadoop-ozone/integration-test/target/log,AVAILABLE}
2019-10-15 09:50:01,716 [main] INFO  handler.ContextHandler (ContextHandler.java:doStart(781)) - Started o.e.j.s.ServletContextHandler@1788cb61{/static,file:///workdir/hadoop-ozone/integration-test/target/test-classes/webapps/static,AVAILABLE}
2019-10-15 09:50:01,721 [main] INFO  handler.ContextHandler (ContextHandler.java:doStart(781)) - Started o.e.j.w.WebAppContext@33d28f0a{/,file:///workdir/hadoop-ozone/integration-test/target/test-classes/webapps/ozoneManager/,AVAILABLE}{/ozoneManager}
2019-10-15 09:50:01,721 [main] INFO  server.AbstractConnector (AbstractConnector.java:doStart(278)) - Started ServerConnector@48d739f{HTTP/1.1,[http/1.1]}{0.0.0.0:44979}
2019-10-15 09:50:01,722 [main] INFO  server.Server (Server.java:doStart(419)) - Started @529651ms
2019-10-15 09:50:01,723 [main] WARN  impl.MetricsSystemImpl (MetricsSystemImpl.java:register(276)) - Sink prometheus already exists!
2019-10-15 09:50:01,724 [main] INFO  server.BaseHttpServer (BaseHttpServer.java:updateConnectorAddress(215)) - HTTP server of OZONEMANAGER is listening at http://0.0.0.0:44979
2019-10-15 09:50:01,743 [main] INFO  impl.MetricsSystemImpl (MetricsSystemImpl.java:init(158)) - HddsDatanode metrics system started (again)
2019-10-15 09:50:01,747 [main] INFO  ozone.HddsDatanodeService (HddsDatanodeService.java:start(184)) - HddsDatanodeService host:dev-nightly-20191015-lc69l-4092513605 ip:192.168.69.65
2019-10-15 09:50:01,755 [main] INFO  volume.HddsVolume (HddsVolume.java:<init>(176)) - Creating Volume: /workdir/hadoop-ozone/integration-test/target/test-dir/MiniOzoneClusterImpl-45124f6e-3bdf-436f-a07d-bda8ed490d47/datanode-0/data/containers/hdds of  storage type : DISK and capacity : 1482555576320
2019-10-15 09:50:01,755 [main] INFO  volume.VolumeSet (VolumeSet.java:initializeVolumeSet(170)) - Added Volume : /workdir/hadoop-ozone/integration-test/target/test-dir/MiniOzoneClusterImpl-45124f6e-3bdf-436f-a07d-bda8ed490d47/datanode-0/data/containers/hdds to VolumeSet
2019-10-15 09:50:01,755 [main] INFO  volume.ThrottledAsyncChecker (ThrottledAsyncChecker.java:schedule(141)) - Scheduling a check for /workdir/hadoop-ozone/integration-test/target/test-dir/MiniOzoneClusterImpl-45124f6e-3bdf-436f-a07d-bda8ed490d47/datanode-0/data/containers/hdds
2019-10-15 09:50:01,756 [main] INFO  volume.HddsVolumeChecker (HddsVolumeChecker.java:checkAllVolumes(204)) - Scheduled health check for volume /workdir/hadoop-ozone/integration-test/target/test-dir/MiniOzoneClusterImpl-45124f6e-3bdf-436f-a07d-bda8ed490d47/datanode-0/data/containers/hdds
2019-10-15 09:50:01,771 [main] INFO  impl.RaftServerProxy (ConfUtils.java:logGet(43)) - raft.rpc.type = GRPC (default)
2019-10-15 09:50:01,772 [main] INFO  grpc.GrpcFactory (GrpcFactory.java:checkPooledByteBufAllocatorUseCacheForAllThreads(45)) - PERFORMANCE WARNING: useCacheForAllThreads is true that may cause Netty to create a lot garbage objects and, as a result, trigger GC.
	It is recommended to disable useCacheForAllThreads by setting -Dorg.apache.ratis.thirdparty.io.netty.allocator.useCacheForAllThreads=false in command line.
2019-10-15 09:50:01,772 [main] INFO  grpc.GrpcConfigKeys$Server (ConfUtils.java:logGet(43)) - raft.grpc.server.port = 0 (default)
2019-10-15 09:50:01,772 [main] INFO  server.GrpcService (ConfUtils.java:logGet(43)) - raft.grpc.message.size.max = 33570816 (custom)
2019-10-15 09:50:01,772 [main] INFO  server.RaftServerConfigKeys (ConfUtils.java:logGet(43)) - raft.server.log.appender.buffer.byte-limit = 33554432 (custom)
2019-10-15 09:50:01,772 [main] INFO  server.GrpcService (ConfUtils.java:logGet(43)) - raft.grpc.flow.control.window = 1MB (=1048576) (default)
2019-10-15 09:50:01,773 [main] INFO  server.RaftServerConfigKeys (ConfUtils.java:logGet(43)) - raft.server.rpc.request.timeout = 3000ms (default)
2019-10-15 09:50:01,774 [main] INFO  server.RaftServerConfigKeys (ConfUtils.java:logGet(43)) - raft.server.storage.dir = [/workdir/hadoop-ozone/integration-test/target/test-dir/MiniOzoneClusterImpl-45124f6e-3bdf-436f-a07d-bda8ed490d47/datanode-0/data/ratis] (custom)
2019-10-15 09:50:01,776 [main] INFO  hdfs.DFSUtil (DFSUtil.java:httpServerTemplateForNNAndJN(1641)) - Starting Web-server for hddsDatanode at: http://0.0.0.0:0
2019-10-15 09:50:01,777 [main] INFO  server.AuthenticationFilter (AuthenticationFilter.java:constructSecretProvider(240)) - Unable to initialize FileSignerSecretProvider, falling back to use random secrets.
2019-10-15 09:50:01,778 [main] WARN  http.HttpRequestLog (HttpRequestLog.java:getRequestLog(97)) - Jetty request log can only be enabled using Log4j
2019-10-15 09:50:01,780 [main] INFO  http.HttpServer2 (HttpServer2.java:addGlobalFilter(975)) - Added global filter 'safety' (class=org.apache.hadoop.http.HttpServer2$QuotingInputFilter)
2019-10-15 09:50:01,780 [main] INFO  http.HttpServer2 (HttpServer2.java:addFilter(948)) - Added filter static_user_filter (class=org.apache.hadoop.http.lib.StaticUserWebFilter$StaticUserFilter) to context hddsDatanode
2019-10-15 09:50:01,781 [main] INFO  http.HttpServer2 (HttpServer2.java:addFilter(958)) - Added filter static_user_filter (class=org.apache.hadoop.http.lib.StaticUserWebFilter$StaticUserFilter) to context logs
2019-10-15 09:50:01,781 [main] INFO  http.HttpServer2 (HttpServer2.java:addFilter(958)) - Added filter static_user_filter (class=org.apache.hadoop.http.lib.StaticUserWebFilter$StaticUserFilter) to context static
2019-10-15 09:50:01,782 [main] INFO  http.HttpServer2 (HttpServer2.java:bindListener(1191)) - Jetty bound to port 38461
2019-10-15 09:50:01,782 [main] INFO  server.Server (Server.java:doStart(351)) - jetty-9.3.25.v20180904, build timestamp: 2018-09-04T21:11:46Z, git hash: 3ce520221d0240229c862b122d2b06c12a625732
2019-10-15 09:50:01,783 [main] INFO  handler.ContextHandler (ContextHandler.java:doStart(781)) - Started o.e.j.s.ServletContextHandler@37d28938{/logs,file:///workdir/hadoop-ozone/integration-test/target/log,AVAILABLE}
2019-10-15 09:50:01,784 [main] INFO  handler.ContextHandler (ContextHandler.java:doStart(781)) - Started o.e.j.s.ServletContextHandler@17c4dc5b{/static,jar:file:/home/user/.m2/repository/org/apache/hadoop/hadoop-hdds-container-service/0.5.0-SNAPSHOT/hadoop-hdds-container-service-0.5.0-SNAPSHOT.jar!/webapps/static,AVAILABLE}
2019-10-15 09:50:01,816 [main] INFO  handler.ContextHandler (ContextHandler.java:doStart(781)) - Started o.e.j.w.WebAppContext@231cdda8{/,file:///tmp/jetty-0.0.0.0-38461-hddsDatanode-_-any-8771653271283472306.dir/webapp/,AVAILABLE}{/hddsDatanode}
2019-10-15 09:50:01,816 [main] INFO  server.AbstractConnector (AbstractConnector.java:doStart(278)) - Started ServerConnector@6b70d1fb{HTTP/1.1,[http/1.1]}{0.0.0.0:38461}
2019-10-15 09:50:01,816 [main] INFO  server.Server (Server.java:doStart(419)) - Started @529744ms
2019-10-15 09:50:01,818 [main] WARN  impl.MetricsSystemImpl (MetricsSystemImpl.java:register(276)) - Sink prometheus already exists!
2019-10-15 09:50:01,818 [main] INFO  server.BaseHttpServer (BaseHttpServer.java:updateConnectorAddress(215)) - HTTP server of HDDSDATANODE is listening at http://0.0.0.0:38461
2019-10-15 09:50:01,819 [main] INFO  impl.MetricsSystemImpl (MetricsSystemImpl.java:init(158)) - HddsDatanode metrics system started (again)
2019-10-15 09:50:01,822 [org.apache.hadoop.util.JvmPauseMonitor$Monitor@7135d13b] INFO  util.JvmPauseMonitor (JvmPauseMonitor.java:run(188)) - Starting JVM pause monitor
2019-10-15 09:50:01,823 [main] INFO  ozone.HddsDatanodeService (HddsDatanodeService.java:start(184)) - HddsDatanodeService host:dev-nightly-20191015-lc69l-4092513605 ip:192.168.69.65
2019-10-15 09:50:01,824 [Datanode State Machine Thread - 0] INFO  datanode.InitDatanodeState (InitDatanodeState.java:persistContainerDatanodeDetails(140)) - DatanodeDetails is persisted to /workdir/hadoop-ozone/integration-test/target/test-dir/MiniOzoneClusterImpl-45124f6e-3bdf-436f-a07d-bda8ed490d47/datanode-0/meta/datanode.id
2019-10-15 09:50:01,829 [main] INFO  volume.HddsVolume (HddsVolume.java:<init>(176)) - Creating Volume: /workdir/hadoop-ozone/integration-test/target/test-dir/MiniOzoneClusterImpl-45124f6e-3bdf-436f-a07d-bda8ed490d47/datanode-1/data/containers/hdds of  storage type : DISK and capacity : 1482555576320
2019-10-15 09:50:01,829 [main] INFO  volume.VolumeSet (VolumeSet.java:initializeVolumeSet(170)) - Added Volume : /workdir/hadoop-ozone/integration-test/target/test-dir/MiniOzoneClusterImpl-45124f6e-3bdf-436f-a07d-bda8ed490d47/datanode-1/data/containers/hdds to VolumeSet
2019-10-15 09:50:01,829 [main] INFO  volume.ThrottledAsyncChecker (ThrottledAsyncChecker.java:schedule(141)) - Scheduling a check for /workdir/hadoop-ozone/integration-test/target/test-dir/MiniOzoneClusterImpl-45124f6e-3bdf-436f-a07d-bda8ed490d47/datanode-1/data/containers/hdds
2019-10-15 09:50:01,829 [main] INFO  volume.HddsVolumeChecker (HddsVolumeChecker.java:checkAllVolumes(204)) - Scheduled health check for volume /workdir/hadoop-ozone/integration-test/target/test-dir/MiniOzoneClusterImpl-45124f6e-3bdf-436f-a07d-bda8ed490d47/datanode-1/data/containers/hdds
2019-10-15 09:50:01,841 [main] INFO  impl.RaftServerProxy (ConfUtils.java:logGet(43)) - raft.rpc.type = GRPC (default)
2019-10-15 09:50:01,841 [main] INFO  grpc.GrpcFactory (GrpcFactory.java:checkPooledByteBufAllocatorUseCacheForAllThreads(45)) - PERFORMANCE WARNING: useCacheForAllThreads is true that may cause Netty to create a lot garbage objects and, as a result, trigger GC.
	It is recommended to disable useCacheForAllThreads by setting -Dorg.apache.ratis.thirdparty.io.netty.allocator.useCacheForAllThreads=false in command line.
2019-10-15 09:50:01,841 [main] INFO  grpc.GrpcConfigKeys$Server (ConfUtils.java:logGet(43)) - raft.grpc.server.port = 0 (default)
2019-10-15 09:50:01,841 [main] INFO  server.GrpcService (ConfUtils.java:logGet(43)) - raft.grpc.message.size.max = 33570816 (custom)
2019-10-15 09:50:01,842 [main] INFO  server.RaftServerConfigKeys (ConfUtils.java:logGet(43)) - raft.server.log.appender.buffer.byte-limit = 33554432 (custom)
2019-10-15 09:50:01,842 [main] INFO  server.GrpcService (ConfUtils.java:logGet(43)) - raft.grpc.flow.control.window = 1MB (=1048576) (default)
2019-10-15 09:50:01,842 [main] INFO  server.RaftServerConfigKeys (ConfUtils.java:logGet(43)) - raft.server.rpc.request.timeout = 3000ms (default)
2019-10-15 09:50:01,842 [main] INFO  server.RaftServerConfigKeys (ConfUtils.java:logGet(43)) - raft.server.storage.dir = [/workdir/hadoop-ozone/integration-test/target/test-dir/MiniOzoneClusterImpl-45124f6e-3bdf-436f-a07d-bda8ed490d47/datanode-1/data/ratis] (custom)
2019-10-15 09:50:01,844 [main] INFO  hdfs.DFSUtil (DFSUtil.java:httpServerTemplateForNNAndJN(1641)) - Starting Web-server for hddsDatanode at: http://0.0.0.0:0
2019-10-15 09:50:01,845 [main] INFO  server.AuthenticationFilter (AuthenticationFilter.java:constructSecretProvider(240)) - Unable to initialize FileSignerSecretProvider, falling back to use random secrets.
2019-10-15 09:50:01,845 [main] WARN  http.HttpRequestLog (HttpRequestLog.java:getRequestLog(97)) - Jetty request log can only be enabled using Log4j
2019-10-15 09:50:01,846 [main] INFO  http.HttpServer2 (HttpServer2.java:addGlobalFilter(975)) - Added global filter 'safety' (class=org.apache.hadoop.http.HttpServer2$QuotingInputFilter)
2019-10-15 09:50:01,847 [main] INFO  http.HttpServer2 (HttpServer2.java:addFilter(948)) - Added filter static_user_filter (class=org.apache.hadoop.http.lib.StaticUserWebFilter$StaticUserFilter) to context hddsDatanode
2019-10-15 09:50:01,847 [main] INFO  http.HttpServer2 (HttpServer2.java:addFilter(958)) - Added filter static_user_filter (class=org.apache.hadoop.http.lib.StaticUserWebFilter$StaticUserFilter) to context static
2019-10-15 09:50:01,847 [main] INFO  http.HttpServer2 (HttpServer2.java:addFilter(958)) - Added filter static_user_filter (class=org.apache.hadoop.http.lib.StaticUserWebFilter$StaticUserFilter) to context logs
2019-10-15 09:50:01,848 [main] INFO  http.HttpServer2 (HttpServer2.java:bindListener(1191)) - Jetty bound to port 43808
2019-10-15 09:50:01,848 [main] INFO  server.Server (Server.java:doStart(351)) - jetty-9.3.25.v20180904, build timestamp: 2018-09-04T21:11:46Z, git hash: 3ce520221d0240229c862b122d2b06c12a625732
2019-10-15 09:50:01,849 [main] INFO  handler.ContextHandler (ContextHandler.java:doStart(781)) - Started o.e.j.s.ServletContextHandler@6f50d55c{/logs,file:///workdir/hadoop-ozone/integration-test/target/log,AVAILABLE}
2019-10-15 09:50:01,849 [main] INFO  handler.ContextHandler (ContextHandler.java:doStart(781)) - Started o.e.j.s.ServletContextHandler@5fb3111a{/static,jar:file:/home/user/.m2/repository/org/apache/hadoop/hadoop-hdds-container-service/0.5.0-SNAPSHOT/hadoop-hdds-container-service-0.5.0-SNAPSHOT.jar!/webapps/static,AVAILABLE}
2019-10-15 09:50:01,879 [main] INFO  handler.ContextHandler (ContextHandler.java:doStart(781)) - Started o.e.j.w.WebAppContext@31ab1e67{/,file:///tmp/jetty-0.0.0.0-43808-hddsDatanode-_-any-3410388401675638865.dir/webapp/,AVAILABLE}{/hddsDatanode}
2019-10-15 09:50:01,879 [main] INFO  server.AbstractConnector (AbstractConnector.java:doStart(278)) - Started ServerConnector@29bbc391{HTTP/1.1,[http/1.1]}{0.0.0.0:43808}
2019-10-15 09:50:01,879 [main] INFO  server.Server (Server.java:doStart(419)) - Started @529808ms
2019-10-15 09:50:01,880 [main] WARN  impl.MetricsSystemImpl (MetricsSystemImpl.java:register(276)) - Sink prometheus already exists!
2019-10-15 09:50:01,881 [main] INFO  server.BaseHttpServer (BaseHttpServer.java:updateConnectorAddress(215)) - HTTP server of HDDSDATANODE is listening at http://0.0.0.0:43808
2019-10-15 09:50:01,881 [main] INFO  impl.MetricsSystemImpl (MetricsSystemImpl.java:init(158)) - HddsDatanode metrics system started (again)
2019-10-15 09:50:01,886 [org.apache.hadoop.util.JvmPauseMonitor$Monitor@3cbbb9d4] INFO  util.JvmPauseMonitor (JvmPauseMonitor.java:run(188)) - Starting JVM pause monitor
2019-10-15 09:50:01,886 [main] INFO  ozone.HddsDatanodeService (HddsDatanodeService.java:start(184)) - HddsDatanodeService host:dev-nightly-20191015-lc69l-4092513605 ip:192.168.69.65
2019-10-15 09:50:01,888 [Datanode State Machine Thread - 0] INFO  datanode.InitDatanodeState (InitDatanodeState.java:persistContainerDatanodeDetails(140)) - DatanodeDetails is persisted to /workdir/hadoop-ozone/integration-test/target/test-dir/MiniOzoneClusterImpl-45124f6e-3bdf-436f-a07d-bda8ed490d47/datanode-1/meta/datanode.id
2019-10-15 09:50:01,892 [main] INFO  volume.HddsVolume (HddsVolume.java:<init>(176)) - Creating Volume: /workdir/hadoop-ozone/integration-test/target/test-dir/MiniOzoneClusterImpl-45124f6e-3bdf-436f-a07d-bda8ed490d47/datanode-2/data/containers/hdds of  storage type : DISK and capacity : 1482555576320
2019-10-15 09:50:01,893 [main] INFO  volume.VolumeSet (VolumeSet.java:initializeVolumeSet(170)) - Added Volume : /workdir/hadoop-ozone/integration-test/target/test-dir/MiniOzoneClusterImpl-45124f6e-3bdf-436f-a07d-bda8ed490d47/datanode-2/data/containers/hdds to VolumeSet
2019-10-15 09:50:01,893 [main] INFO  volume.ThrottledAsyncChecker (ThrottledAsyncChecker.java:schedule(141)) - Scheduling a check for /workdir/hadoop-ozone/integration-test/target/test-dir/MiniOzoneClusterImpl-45124f6e-3bdf-436f-a07d-bda8ed490d47/datanode-2/data/containers/hdds
2019-10-15 09:50:01,894 [main] INFO  volume.HddsVolumeChecker (HddsVolumeChecker.java:checkAllVolumes(204)) - Scheduled health check for volume /workdir/hadoop-ozone/integration-test/target/test-dir/MiniOzoneClusterImpl-45124f6e-3bdf-436f-a07d-bda8ed490d47/datanode-2/data/containers/hdds
2019-10-15 09:50:01,905 [main] INFO  impl.RaftServerProxy (ConfUtils.java:logGet(43)) - raft.rpc.type = GRPC (default)
2019-10-15 09:50:01,905 [main] INFO  grpc.GrpcFactory (GrpcFactory.java:checkPooledByteBufAllocatorUseCacheForAllThreads(45)) - PERFORMANCE WARNING: useCacheForAllThreads is true that may cause Netty to create a lot garbage objects and, as a result, trigger GC.
	It is recommended to disable useCacheForAllThreads by setting -Dorg.apache.ratis.thirdparty.io.netty.allocator.useCacheForAllThreads=false in command line.
2019-10-15 09:50:01,906 [main] INFO  grpc.GrpcConfigKeys$Server (ConfUtils.java:logGet(43)) - raft.grpc.server.port = 0 (default)
2019-10-15 09:50:01,906 [main] INFO  server.GrpcService (ConfUtils.java:logGet(43)) - raft.grpc.message.size.max = 33570816 (custom)
2019-10-15 09:50:01,906 [main] INFO  server.RaftServerConfigKeys (ConfUtils.java:logGet(43)) - raft.server.log.appender.buffer.byte-limit = 33554432 (custom)
2019-10-15 09:50:01,906 [main] INFO  server.GrpcService (ConfUtils.java:logGet(43)) - raft.grpc.flow.control.window = 1MB (=1048576) (default)
2019-10-15 09:50:01,906 [main] INFO  server.RaftServerConfigKeys (ConfUtils.java:logGet(43)) - raft.server.rpc.request.timeout = 3000ms (default)
2019-10-15 09:50:01,906 [main] INFO  server.RaftServerConfigKeys (ConfUtils.java:logGet(43)) - raft.server.storage.dir = [/workdir/hadoop-ozone/integration-test/target/test-dir/MiniOzoneClusterImpl-45124f6e-3bdf-436f-a07d-bda8ed490d47/datanode-2/data/ratis] (custom)
2019-10-15 09:50:01,908 [main] INFO  hdfs.DFSUtil (DFSUtil.java:httpServerTemplateForNNAndJN(1641)) - Starting Web-server for hddsDatanode at: http://0.0.0.0:0
2019-10-15 09:50:01,909 [main] INFO  server.AuthenticationFilter (AuthenticationFilter.java:constructSecretProvider(240)) - Unable to initialize FileSignerSecretProvider, falling back to use random secrets.
2019-10-15 09:50:01,909 [main] WARN  http.HttpRequestLog (HttpRequestLog.java:getRequestLog(97)) - Jetty request log can only be enabled using Log4j
2019-10-15 09:50:01,911 [main] INFO  http.HttpServer2 (HttpServer2.java:addGlobalFilter(975)) - Added global filter 'safety' (class=org.apache.hadoop.http.HttpServer2$QuotingInputFilter)
2019-10-15 09:50:01,911 [main] INFO  http.HttpServer2 (HttpServer2.java:addFilter(948)) - Added filter static_user_filter (class=org.apache.hadoop.http.lib.StaticUserWebFilter$StaticUserFilter) to context hddsDatanode
2019-10-15 09:50:01,911 [main] INFO  http.HttpServer2 (HttpServer2.java:addFilter(958)) - Added filter static_user_filter (class=org.apache.hadoop.http.lib.StaticUserWebFilter$StaticUserFilter) to context static
2019-10-15 09:50:01,911 [main] INFO  http.HttpServer2 (HttpServer2.java:addFilter(958)) - Added filter static_user_filter (class=org.apache.hadoop.http.lib.StaticUserWebFilter$StaticUserFilter) to context logs
2019-10-15 09:50:01,912 [main] INFO  http.HttpServer2 (HttpServer2.java:bindListener(1191)) - Jetty bound to port 39412
2019-10-15 09:50:01,912 [main] INFO  server.Server (Server.java:doStart(351)) - jetty-9.3.25.v20180904, build timestamp: 2018-09-04T21:11:46Z, git hash: 3ce520221d0240229c862b122d2b06c12a625732
2019-10-15 09:50:01,914 [main] INFO  handler.ContextHandler (ContextHandler.java:doStart(781)) - Started o.e.j.s.ServletContextHandler@546ed2a0{/logs,file:///workdir/hadoop-ozone/integration-test/target/log,AVAILABLE}
2019-10-15 09:50:01,914 [main] INFO  handler.ContextHandler (ContextHandler.java:doStart(781)) - Started o.e.j.s.ServletContextHandler@27ec8754{/static,jar:file:/home/user/.m2/repository/org/apache/hadoop/hadoop-hdds-container-service/0.5.0-SNAPSHOT/hadoop-hdds-container-service-0.5.0-SNAPSHOT.jar!/webapps/static,AVAILABLE}
2019-10-15 09:50:01,943 [main] INFO  handler.ContextHandler (ContextHandler.java:doStart(781)) - Started o.e.j.w.WebAppContext@3a0b6a{/,file:///tmp/jetty-0.0.0.0-39412-hddsDatanode-_-any-3697510732546842779.dir/webapp/,AVAILABLE}{/hddsDatanode}
2019-10-15 09:50:01,943 [main] INFO  server.AbstractConnector (AbstractConnector.java:doStart(278)) - Started ServerConnector@539c4830{HTTP/1.1,[http/1.1]}{0.0.0.0:39412}
2019-10-15 09:50:01,944 [main] INFO  server.Server (Server.java:doStart(419)) - Started @529872ms
2019-10-15 09:50:01,944 [main] WARN  impl.MetricsSystemImpl (MetricsSystemImpl.java:register(276)) - Sink prometheus already exists!
2019-10-15 09:50:01,945 [main] INFO  server.BaseHttpServer (BaseHttpServer.java:updateConnectorAddress(215)) - HTTP server of HDDSDATANODE is listening at http://0.0.0.0:39412
2019-10-15 09:50:01,945 [main] INFO  impl.MetricsSystemImpl (MetricsSystemImpl.java:init(158)) - HddsDatanode metrics system started (again)
2019-10-15 09:50:01,951 [org.apache.hadoop.util.JvmPauseMonitor$Monitor@270639a7] INFO  util.JvmPauseMonitor (JvmPauseMonitor.java:run(188)) - Starting JVM pause monitor
2019-10-15 09:50:01,953 [main] INFO  ozone.HddsDatanodeService (HddsDatanodeService.java:start(184)) - HddsDatanodeService host:dev-nightly-20191015-lc69l-4092513605 ip:192.168.69.65
2019-10-15 09:50:01,953 [Datanode State Machine Thread - 0] INFO  datanode.InitDatanodeState (InitDatanodeState.java:persistContainerDatanodeDetails(140)) - DatanodeDetails is persisted to /workdir/hadoop-ozone/integration-test/target/test-dir/MiniOzoneClusterImpl-45124f6e-3bdf-436f-a07d-bda8ed490d47/datanode-2/meta/datanode.id
2019-10-15 09:50:01,959 [main] INFO  volume.HddsVolume (HddsVolume.java:<init>(176)) - Creating Volume: /workdir/hadoop-ozone/integration-test/target/test-dir/MiniOzoneClusterImpl-45124f6e-3bdf-436f-a07d-bda8ed490d47/datanode-3/data/containers/hdds of  storage type : DISK and capacity : 1482555576320
2019-10-15 09:50:01,960 [main] INFO  volume.VolumeSet (VolumeSet.java:initializeVolumeSet(170)) - Added Volume : /workdir/hadoop-ozone/integration-test/target/test-dir/MiniOzoneClusterImpl-45124f6e-3bdf-436f-a07d-bda8ed490d47/datanode-3/data/containers/hdds to VolumeSet
2019-10-15 09:50:01,960 [main] INFO  volume.ThrottledAsyncChecker (ThrottledAsyncChecker.java:schedule(141)) - Scheduling a check for /workdir/hadoop-ozone/integration-test/target/test-dir/MiniOzoneClusterImpl-45124f6e-3bdf-436f-a07d-bda8ed490d47/datanode-3/data/containers/hdds
2019-10-15 09:50:01,960 [main] INFO  volume.HddsVolumeChecker (HddsVolumeChecker.java:checkAllVolumes(204)) - Scheduled health check for volume /workdir/hadoop-ozone/integration-test/target/test-dir/MiniOzoneClusterImpl-45124f6e-3bdf-436f-a07d-bda8ed490d47/datanode-3/data/containers/hdds
2019-10-15 09:50:01,978 [main] INFO  impl.RaftServerProxy (ConfUtils.java:logGet(43)) - raft.rpc.type = GRPC (default)
2019-10-15 09:50:01,978 [main] INFO  grpc.GrpcFactory (GrpcFactory.java:checkPooledByteBufAllocatorUseCacheForAllThreads(45)) - PERFORMANCE WARNING: useCacheForAllThreads is true that may cause Netty to create a lot garbage objects and, as a result, trigger GC.
	It is recommended to disable useCacheForAllThreads by setting -Dorg.apache.ratis.thirdparty.io.netty.allocator.useCacheForAllThreads=false in command line.
2019-10-15 09:50:01,979 [main] INFO  grpc.GrpcConfigKeys$Server (ConfUtils.java:logGet(43)) - raft.grpc.server.port = 0 (default)
2019-10-15 09:50:01,979 [main] INFO  server.GrpcService (ConfUtils.java:logGet(43)) - raft.grpc.message.size.max = 33570816 (custom)
2019-10-15 09:50:01,979 [main] INFO  server.RaftServerConfigKeys (ConfUtils.java:logGet(43)) - raft.server.log.appender.buffer.byte-limit = 33554432 (custom)
2019-10-15 09:50:01,979 [main] INFO  server.GrpcService (ConfUtils.java:logGet(43)) - raft.grpc.flow.control.window = 1MB (=1048576) (default)
2019-10-15 09:50:01,979 [main] INFO  server.RaftServerConfigKeys (ConfUtils.java:logGet(43)) - raft.server.rpc.request.timeout = 3000ms (default)
2019-10-15 09:50:01,980 [main] INFO  server.RaftServerConfigKeys (ConfUtils.java:logGet(43)) - raft.server.storage.dir = [/workdir/hadoop-ozone/integration-test/target/test-dir/MiniOzoneClusterImpl-45124f6e-3bdf-436f-a07d-bda8ed490d47/datanode-3/data/ratis] (custom)
2019-10-15 09:50:01,981 [main] INFO  hdfs.DFSUtil (DFSUtil.java:httpServerTemplateForNNAndJN(1641)) - Starting Web-server for hddsDatanode at: http://0.0.0.0:0
2019-10-15 09:50:01,983 [main] INFO  server.AuthenticationFilter (AuthenticationFilter.java:constructSecretProvider(240)) - Unable to initialize FileSignerSecretProvider, falling back to use random secrets.
2019-10-15 09:50:01,983 [main] WARN  http.HttpRequestLog (HttpRequestLog.java:getRequestLog(97)) - Jetty request log can only be enabled using Log4j
2019-10-15 09:50:01,985 [main] INFO  http.HttpServer2 (HttpServer2.java:addGlobalFilter(975)) - Added global filter 'safety' (class=org.apache.hadoop.http.HttpServer2$QuotingInputFilter)
2019-10-15 09:50:01,985 [main] INFO  http.HttpServer2 (HttpServer2.java:addFilter(948)) - Added filter static_user_filter (class=org.apache.hadoop.http.lib.StaticUserWebFilter$StaticUserFilter) to context hddsDatanode
2019-10-15 09:50:01,986 [main] INFO  http.HttpServer2 (HttpServer2.java:addFilter(958)) - Added filter static_user_filter (class=org.apache.hadoop.http.lib.StaticUserWebFilter$StaticUserFilter) to context logs
2019-10-15 09:50:01,986 [main] INFO  http.HttpServer2 (HttpServer2.java:addFilter(958)) - Added filter static_user_filter (class=org.apache.hadoop.http.lib.StaticUserWebFilter$StaticUserFilter) to context static
2019-10-15 09:50:01,987 [main] INFO  http.HttpServer2 (HttpServer2.java:bindListener(1191)) - Jetty bound to port 33327
2019-10-15 09:50:01,987 [main] INFO  server.Server (Server.java:doStart(351)) - jetty-9.3.25.v20180904, build timestamp: 2018-09-04T21:11:46Z, git hash: 3ce520221d0240229c862b122d2b06c12a625732
2019-10-15 09:50:01,988 [main] INFO  handler.ContextHandler (ContextHandler.java:doStart(781)) - Started o.e.j.s.ServletContextHandler@234cd86c{/logs,file:///workdir/hadoop-ozone/integration-test/target/log,AVAILABLE}
2019-10-15 09:50:01,989 [main] INFO  handler.ContextHandler (ContextHandler.java:doStart(781)) - Started o.e.j.s.ServletContextHandler@39c87b42{/static,jar:file:/home/user/.m2/repository/org/apache/hadoop/hadoop-hdds-container-service/0.5.0-SNAPSHOT/hadoop-hdds-container-service-0.5.0-SNAPSHOT.jar!/webapps/static,AVAILABLE}
2019-10-15 09:50:02,027 [main] INFO  handler.ContextHandler (ContextHandler.java:doStart(781)) - Started o.e.j.w.WebAppContext@29c53c4f{/,file:///tmp/jetty-0.0.0.0-33327-hddsDatanode-_-any-6490248610689404954.dir/webapp/,AVAILABLE}{/hddsDatanode}
2019-10-15 09:50:02,027 [main] INFO  server.AbstractConnector (AbstractConnector.java:doStart(278)) - Started ServerConnector@3009eed7{HTTP/1.1,[http/1.1]}{0.0.0.0:33327}
2019-10-15 09:50:02,027 [main] INFO  server.Server (Server.java:doStart(419)) - Started @529955ms
2019-10-15 09:50:02,029 [main] WARN  impl.MetricsSystemImpl (MetricsSystemImpl.java:register(276)) - Sink prometheus already exists!
2019-10-15 09:50:02,030 [main] INFO  server.BaseHttpServer (BaseHttpServer.java:updateConnectorAddress(215)) - HTTP server of HDDSDATANODE is listening at http://0.0.0.0:33327
2019-10-15 09:50:02,030 [main] INFO  impl.MetricsSystemImpl (MetricsSystemImpl.java:init(158)) - HddsDatanode metrics system started (again)
2019-10-15 09:50:02,037 [org.apache.hadoop.util.JvmPauseMonitor$Monitor@3da79beb] INFO  util.JvmPauseMonitor (JvmPauseMonitor.java:run(188)) - Starting JVM pause monitor
2019-10-15 09:50:02,038 [main] INFO  ozone.HddsDatanodeService (HddsDatanodeService.java:start(184)) - HddsDatanodeService host:dev-nightly-20191015-lc69l-4092513605 ip:192.168.69.65
2019-10-15 09:50:02,039 [Datanode State Machine Thread - 0] INFO  datanode.InitDatanodeState (InitDatanodeState.java:persistContainerDatanodeDetails(140)) - DatanodeDetails is persisted to /workdir/hadoop-ozone/integration-test/target/test-dir/MiniOzoneClusterImpl-45124f6e-3bdf-436f-a07d-bda8ed490d47/datanode-3/meta/datanode.id
2019-10-15 09:50:02,045 [main] INFO  volume.HddsVolume (HddsVolume.java:<init>(176)) - Creating Volume: /workdir/hadoop-ozone/integration-test/target/test-dir/MiniOzoneClusterImpl-45124f6e-3bdf-436f-a07d-bda8ed490d47/datanode-4/data/containers/hdds of  storage type : DISK and capacity : 1482555576320
2019-10-15 09:50:02,046 [main] INFO  volume.VolumeSet (VolumeSet.java:initializeVolumeSet(170)) - Added Volume : /workdir/hadoop-ozone/integration-test/target/test-dir/MiniOzoneClusterImpl-45124f6e-3bdf-436f-a07d-bda8ed490d47/datanode-4/data/containers/hdds to VolumeSet
2019-10-15 09:50:02,046 [main] INFO  volume.ThrottledAsyncChecker (ThrottledAsyncChecker.java:schedule(141)) - Scheduling a check for /workdir/hadoop-ozone/integration-test/target/test-dir/MiniOzoneClusterImpl-45124f6e-3bdf-436f-a07d-bda8ed490d47/datanode-4/data/containers/hdds
2019-10-15 09:50:02,046 [main] INFO  volume.HddsVolumeChecker (HddsVolumeChecker.java:checkAllVolumes(204)) - Scheduled health check for volume /workdir/hadoop-ozone/integration-test/target/test-dir/MiniOzoneClusterImpl-45124f6e-3bdf-436f-a07d-bda8ed490d47/datanode-4/data/containers/hdds
2019-10-15 09:50:02,065 [main] INFO  impl.RaftServerProxy (ConfUtils.java:logGet(43)) - raft.rpc.type = GRPC (default)
2019-10-15 09:50:02,065 [main] INFO  grpc.GrpcFactory (GrpcFactory.java:checkPooledByteBufAllocatorUseCacheForAllThreads(45)) - PERFORMANCE WARNING: useCacheForAllThreads is true that may cause Netty to create a lot garbage objects and, as a result, trigger GC.
	It is recommended to disable useCacheForAllThreads by setting -Dorg.apache.ratis.thirdparty.io.netty.allocator.useCacheForAllThreads=false in command line.
2019-10-15 09:50:02,065 [main] INFO  grpc.GrpcConfigKeys$Server (ConfUtils.java:logGet(43)) - raft.grpc.server.port = 0 (default)
2019-10-15 09:50:02,066 [main] INFO  server.GrpcService (ConfUtils.java:logGet(43)) - raft.grpc.message.size.max = 33570816 (custom)
2019-10-15 09:50:02,066 [main] INFO  server.RaftServerConfigKeys (ConfUtils.java:logGet(43)) - raft.server.log.appender.buffer.byte-limit = 33554432 (custom)
2019-10-15 09:50:02,066 [main] INFO  server.GrpcService (ConfUtils.java:logGet(43)) - raft.grpc.flow.control.window = 1MB (=1048576) (default)
2019-10-15 09:50:02,066 [main] INFO  server.RaftServerConfigKeys (ConfUtils.java:logGet(43)) - raft.server.rpc.request.timeout = 3000ms (default)
2019-10-15 09:50:02,067 [main] INFO  server.RaftServerConfigKeys (ConfUtils.java:logGet(43)) - raft.server.storage.dir = [/workdir/hadoop-ozone/integration-test/target/test-dir/MiniOzoneClusterImpl-45124f6e-3bdf-436f-a07d-bda8ed490d47/datanode-4/data/ratis] (custom)
2019-10-15 09:50:02,068 [main] INFO  hdfs.DFSUtil (DFSUtil.java:httpServerTemplateForNNAndJN(1641)) - Starting Web-server for hddsDatanode at: http://0.0.0.0:0
2019-10-15 09:50:02,070 [main] INFO  server.AuthenticationFilter (AuthenticationFilter.java:constructSecretProvider(240)) - Unable to initialize FileSignerSecretProvider, falling back to use random secrets.
2019-10-15 09:50:02,070 [main] WARN  http.HttpRequestLog (HttpRequestLog.java:getRequestLog(97)) - Jetty request log can only be enabled using Log4j
2019-10-15 09:50:02,072 [main] INFO  http.HttpServer2 (HttpServer2.java:addGlobalFilter(975)) - Added global filter 'safety' (class=org.apache.hadoop.http.HttpServer2$QuotingInputFilter)
2019-10-15 09:50:02,072 [main] INFO  http.HttpServer2 (HttpServer2.java:addFilter(948)) - Added filter static_user_filter (class=org.apache.hadoop.http.lib.StaticUserWebFilter$StaticUserFilter) to context hddsDatanode
2019-10-15 09:50:02,072 [main] INFO  http.HttpServer2 (HttpServer2.java:addFilter(958)) - Added filter static_user_filter (class=org.apache.hadoop.http.lib.StaticUserWebFilter$StaticUserFilter) to context logs
2019-10-15 09:50:02,073 [main] INFO  http.HttpServer2 (HttpServer2.java:addFilter(958)) - Added filter static_user_filter (class=org.apache.hadoop.http.lib.StaticUserWebFilter$StaticUserFilter) to context static
2019-10-15 09:50:02,073 [main] INFO  http.HttpServer2 (HttpServer2.java:bindListener(1191)) - Jetty bound to port 37974
2019-10-15 09:50:02,074 [main] INFO  server.Server (Server.java:doStart(351)) - jetty-9.3.25.v20180904, build timestamp: 2018-09-04T21:11:46Z, git hash: 3ce520221d0240229c862b122d2b06c12a625732
2019-10-15 09:50:02,075 [main] INFO  handler.ContextHandler (ContextHandler.java:doStart(781)) - Started o.e.j.s.ServletContextHandler@cbf1997{/logs,file:///workdir/hadoop-ozone/integration-test/target/log,AVAILABLE}
2019-10-15 09:50:02,076 [main] INFO  handler.ContextHandler (ContextHandler.java:doStart(781)) - Started o.e.j.s.ServletContextHandler@5faeeb56{/static,jar:file:/home/user/.m2/repository/org/apache/hadoop/hadoop-hdds-container-service/0.5.0-SNAPSHOT/hadoop-hdds-container-service-0.5.0-SNAPSHOT.jar!/webapps/static,AVAILABLE}
2019-10-15 09:50:02,114 [main] INFO  handler.ContextHandler (ContextHandler.java:doStart(781)) - Started o.e.j.w.WebAppContext@50e5032c{/,file:///tmp/jetty-0.0.0.0-37974-hddsDatanode-_-any-8420100428713937474.dir/webapp/,AVAILABLE}{/hddsDatanode}
2019-10-15 09:50:02,114 [main] INFO  server.AbstractConnector (AbstractConnector.java:doStart(278)) - Started ServerConnector@545d2560{HTTP/1.1,[http/1.1]}{0.0.0.0:37974}
2019-10-15 09:50:02,116 [main] INFO  server.Server (Server.java:doStart(419)) - Started @530044ms
2019-10-15 09:50:02,116 [main] WARN  impl.MetricsSystemImpl (MetricsSystemImpl.java:register(276)) - Sink prometheus already exists!
2019-10-15 09:50:02,117 [main] INFO  server.BaseHttpServer (BaseHttpServer.java:updateConnectorAddress(215)) - HTTP server of HDDSDATANODE is listening at http://0.0.0.0:37974
2019-10-15 09:50:02,117 [main] INFO  impl.MetricsSystemImpl (MetricsSystemImpl.java:init(158)) - HddsDatanode metrics system started (again)
2019-10-15 09:50:02,122 [org.apache.hadoop.util.JvmPauseMonitor$Monitor@3545ffb7] INFO  util.JvmPauseMonitor (JvmPauseMonitor.java:run(188)) - Starting JVM pause monitor
2019-10-15 09:50:02,122 [main] INFO  ozone.HddsDatanodeService (HddsDatanodeService.java:start(184)) - HddsDatanodeService host:dev-nightly-20191015-lc69l-4092513605 ip:192.168.69.65
2019-10-15 09:50:02,123 [Datanode State Machine Thread - 0] INFO  datanode.InitDatanodeState (InitDatanodeState.java:persistContainerDatanodeDetails(140)) - DatanodeDetails is persisted to /workdir/hadoop-ozone/integration-test/target/test-dir/MiniOzoneClusterImpl-45124f6e-3bdf-436f-a07d-bda8ed490d47/datanode-4/meta/datanode.id
2019-10-15 09:50:02,130 [main] INFO  volume.HddsVolume (HddsVolume.java:<init>(176)) - Creating Volume: /workdir/hadoop-ozone/integration-test/target/test-dir/MiniOzoneClusterImpl-45124f6e-3bdf-436f-a07d-bda8ed490d47/datanode-5/data/containers/hdds of  storage type : DISK and capacity : 1482555576320
2019-10-15 09:50:02,130 [main] INFO  volume.VolumeSet (VolumeSet.java:initializeVolumeSet(170)) - Added Volume : /workdir/hadoop-ozone/integration-test/target/test-dir/MiniOzoneClusterImpl-45124f6e-3bdf-436f-a07d-bda8ed490d47/datanode-5/data/containers/hdds to VolumeSet
2019-10-15 09:50:02,130 [main] INFO  volume.ThrottledAsyncChecker (ThrottledAsyncChecker.java:schedule(141)) - Scheduling a check for /workdir/hadoop-ozone/integration-test/target/test-dir/MiniOzoneClusterImpl-45124f6e-3bdf-436f-a07d-bda8ed490d47/datanode-5/data/containers/hdds
2019-10-15 09:50:02,131 [main] INFO  volume.HddsVolumeChecker (HddsVolumeChecker.java:checkAllVolumes(204)) - Scheduled health check for volume /workdir/hadoop-ozone/integration-test/target/test-dir/MiniOzoneClusterImpl-45124f6e-3bdf-436f-a07d-bda8ed490d47/datanode-5/data/containers/hdds
2019-10-15 09:50:02,143 [main] INFO  impl.RaftServerProxy (ConfUtils.java:logGet(43)) - raft.rpc.type = GRPC (default)
2019-10-15 09:50:02,143 [main] INFO  grpc.GrpcFactory (GrpcFactory.java:checkPooledByteBufAllocatorUseCacheForAllThreads(45)) - PERFORMANCE WARNING: useCacheForAllThreads is true that may cause Netty to create a lot garbage objects and, as a result, trigger GC.
	It is recommended to disable useCacheForAllThreads by setting -Dorg.apache.ratis.thirdparty.io.netty.allocator.useCacheForAllThreads=false in command line.
2019-10-15 09:50:02,143 [main] INFO  grpc.GrpcConfigKeys$Server (ConfUtils.java:logGet(43)) - raft.grpc.server.port = 0 (default)
2019-10-15 09:50:02,143 [main] INFO  server.GrpcService (ConfUtils.java:logGet(43)) - raft.grpc.message.size.max = 33570816 (custom)
2019-10-15 09:50:02,144 [main] INFO  server.RaftServerConfigKeys (ConfUtils.java:logGet(43)) - raft.server.log.appender.buffer.byte-limit = 33554432 (custom)
2019-10-15 09:50:02,144 [main] INFO  server.GrpcService (ConfUtils.java:logGet(43)) - raft.grpc.flow.control.window = 1MB (=1048576) (default)
2019-10-15 09:50:02,144 [main] INFO  server.RaftServerConfigKeys (ConfUtils.java:logGet(43)) - raft.server.rpc.request.timeout = 3000ms (default)
2019-10-15 09:50:02,144 [main] INFO  server.RaftServerConfigKeys (ConfUtils.java:logGet(43)) - raft.server.storage.dir = [/workdir/hadoop-ozone/integration-test/target/test-dir/MiniOzoneClusterImpl-45124f6e-3bdf-436f-a07d-bda8ed490d47/datanode-5/data/ratis] (custom)
2019-10-15 09:50:02,146 [main] INFO  hdfs.DFSUtil (DFSUtil.java:httpServerTemplateForNNAndJN(1641)) - Starting Web-server for hddsDatanode at: http://0.0.0.0:0
2019-10-15 09:50:02,147 [main] INFO  server.AuthenticationFilter (AuthenticationFilter.java:constructSecretProvider(240)) - Unable to initialize FileSignerSecretProvider, falling back to use random secrets.
2019-10-15 09:50:02,147 [main] WARN  http.HttpRequestLog (HttpRequestLog.java:getRequestLog(97)) - Jetty request log can only be enabled using Log4j
2019-10-15 09:50:02,148 [main] INFO  http.HttpServer2 (HttpServer2.java:addGlobalFilter(975)) - Added global filter 'safety' (class=org.apache.hadoop.http.HttpServer2$QuotingInputFilter)
2019-10-15 09:50:02,149 [main] INFO  http.HttpServer2 (HttpServer2.java:addFilter(948)) - Added filter static_user_filter (class=org.apache.hadoop.http.lib.StaticUserWebFilter$StaticUserFilter) to context hddsDatanode
2019-10-15 09:50:02,149 [main] INFO  http.HttpServer2 (HttpServer2.java:addFilter(958)) - Added filter static_user_filter (class=org.apache.hadoop.http.lib.StaticUserWebFilter$StaticUserFilter) to context logs
2019-10-15 09:50:02,149 [main] INFO  http.HttpServer2 (HttpServer2.java:addFilter(958)) - Added filter static_user_filter (class=org.apache.hadoop.http.lib.StaticUserWebFilter$StaticUserFilter) to context static
2019-10-15 09:50:02,150 [main] INFO  http.HttpServer2 (HttpServer2.java:bindListener(1191)) - Jetty bound to port 44671
2019-10-15 09:50:02,150 [main] INFO  server.Server (Server.java:doStart(351)) - jetty-9.3.25.v20180904, build timestamp: 2018-09-04T21:11:46Z, git hash: 3ce520221d0240229c862b122d2b06c12a625732
2019-10-15 09:50:02,151 [main] INFO  handler.ContextHandler (ContextHandler.java:doStart(781)) - Started o.e.j.s.ServletContextHandler@629075f4{/logs,file:///workdir/hadoop-ozone/integration-test/target/log,AVAILABLE}
2019-10-15 09:50:02,152 [main] INFO  handler.ContextHandler (ContextHandler.java:doStart(781)) - Started o.e.j.s.ServletContextHandler@723742b2{/static,jar:file:/home/user/.m2/repository/org/apache/hadoop/hadoop-hdds-container-service/0.5.0-SNAPSHOT/hadoop-hdds-container-service-0.5.0-SNAPSHOT.jar!/webapps/static,AVAILABLE}
2019-10-15 09:50:02,183 [main] INFO  handler.ContextHandler (ContextHandler.java:doStart(781)) - Started o.e.j.w.WebAppContext@54f6b629{/,file:///tmp/jetty-0.0.0.0-44671-hddsDatanode-_-any-5297249370582539993.dir/webapp/,AVAILABLE}{/hddsDatanode}
2019-10-15 09:50:02,183 [main] INFO  server.AbstractConnector (AbstractConnector.java:doStart(278)) - Started ServerConnector@4bc9ca97{HTTP/1.1,[http/1.1]}{0.0.0.0:44671}
2019-10-15 09:50:02,183 [main] INFO  server.Server (Server.java:doStart(419)) - Started @530111ms
2019-10-15 09:50:02,185 [main] WARN  impl.MetricsSystemImpl (MetricsSystemImpl.java:register(276)) - Sink prometheus already exists!
2019-10-15 09:50:02,185 [main] INFO  server.BaseHttpServer (BaseHttpServer.java:updateConnectorAddress(215)) - HTTP server of HDDSDATANODE is listening at http://0.0.0.0:44671
2019-10-15 09:50:02,186 [main] INFO  impl.MetricsSystemImpl (MetricsSystemImpl.java:init(158)) - HddsDatanode metrics system started (again)
2019-10-15 09:50:02,191 [org.apache.hadoop.util.JvmPauseMonitor$Monitor@52ec059e] INFO  util.JvmPauseMonitor (JvmPauseMonitor.java:run(188)) - Starting JVM pause monitor
2019-10-15 09:50:02,192 [main] INFO  ozone.HddsDatanodeService (HddsDatanodeService.java:start(184)) - HddsDatanodeService host:dev-nightly-20191015-lc69l-4092513605 ip:192.168.69.65
2019-10-15 09:50:02,193 [Datanode State Machine Thread - 0] INFO  datanode.InitDatanodeState (InitDatanodeState.java:persistContainerDatanodeDetails(140)) - DatanodeDetails is persisted to /workdir/hadoop-ozone/integration-test/target/test-dir/MiniOzoneClusterImpl-45124f6e-3bdf-436f-a07d-bda8ed490d47/datanode-5/meta/datanode.id
2019-10-15 09:50:02,199 [main] INFO  volume.HddsVolume (HddsVolume.java:<init>(176)) - Creating Volume: /workdir/hadoop-ozone/integration-test/target/test-dir/MiniOzoneClusterImpl-45124f6e-3bdf-436f-a07d-bda8ed490d47/datanode-6/data/containers/hdds of  storage type : DISK and capacity : 1482555576320
2019-10-15 09:50:02,199 [main] INFO  volume.VolumeSet (VolumeSet.java:initializeVolumeSet(170)) - Added Volume : /workdir/hadoop-ozone/integration-test/target/test-dir/MiniOzoneClusterImpl-45124f6e-3bdf-436f-a07d-bda8ed490d47/datanode-6/data/containers/hdds to VolumeSet
2019-10-15 09:50:02,199 [main] INFO  volume.ThrottledAsyncChecker (ThrottledAsyncChecker.java:schedule(141)) - Scheduling a check for /workdir/hadoop-ozone/integration-test/target/test-dir/MiniOzoneClusterImpl-45124f6e-3bdf-436f-a07d-bda8ed490d47/datanode-6/data/containers/hdds
2019-10-15 09:50:02,199 [main] INFO  volume.HddsVolumeChecker (HddsVolumeChecker.java:checkAllVolumes(204)) - Scheduled health check for volume /workdir/hadoop-ozone/integration-test/target/test-dir/MiniOzoneClusterImpl-45124f6e-3bdf-436f-a07d-bda8ed490d47/datanode-6/data/containers/hdds
2019-10-15 09:50:02,212 [main] INFO  impl.RaftServerProxy (ConfUtils.java:logGet(43)) - raft.rpc.type = GRPC (default)
2019-10-15 09:50:02,212 [main] INFO  grpc.GrpcFactory (GrpcFactory.java:checkPooledByteBufAllocatorUseCacheForAllThreads(45)) - PERFORMANCE WARNING: useCacheForAllThreads is true that may cause Netty to create a lot garbage objects and, as a result, trigger GC.
	It is recommended to disable useCacheForAllThreads by setting -Dorg.apache.ratis.thirdparty.io.netty.allocator.useCacheForAllThreads=false in command line.
2019-10-15 09:50:02,212 [main] INFO  grpc.GrpcConfigKeys$Server (ConfUtils.java:logGet(43)) - raft.grpc.server.port = 0 (default)
2019-10-15 09:50:02,213 [main] INFO  server.GrpcService (ConfUtils.java:logGet(43)) - raft.grpc.message.size.max = 33570816 (custom)
2019-10-15 09:50:02,213 [main] INFO  server.RaftServerConfigKeys (ConfUtils.java:logGet(43)) - raft.server.log.appender.buffer.byte-limit = 33554432 (custom)
2019-10-15 09:50:02,213 [main] INFO  server.GrpcService (ConfUtils.java:logGet(43)) - raft.grpc.flow.control.window = 1MB (=1048576) (default)
2019-10-15 09:50:02,213 [main] INFO  server.RaftServerConfigKeys (ConfUtils.java:logGet(43)) - raft.server.rpc.request.timeout = 3000ms (default)
2019-10-15 09:50:02,213 [main] INFO  server.RaftServerConfigKeys (ConfUtils.java:logGet(43)) - raft.server.storage.dir = [/workdir/hadoop-ozone/integration-test/target/test-dir/MiniOzoneClusterImpl-45124f6e-3bdf-436f-a07d-bda8ed490d47/datanode-6/data/ratis] (custom)
2019-10-15 09:50:02,215 [main] INFO  hdfs.DFSUtil (DFSUtil.java:httpServerTemplateForNNAndJN(1641)) - Starting Web-server for hddsDatanode at: http://0.0.0.0:0
2019-10-15 09:50:02,217 [main] INFO  server.AuthenticationFilter (AuthenticationFilter.java:constructSecretProvider(240)) - Unable to initialize FileSignerSecretProvider, falling back to use random secrets.
2019-10-15 09:50:02,217 [main] WARN  http.HttpRequestLog (HttpRequestLog.java:getRequestLog(97)) - Jetty request log can only be enabled using Log4j
2019-10-15 09:50:02,219 [main] INFO  http.HttpServer2 (HttpServer2.java:addGlobalFilter(975)) - Added global filter 'safety' (class=org.apache.hadoop.http.HttpServer2$QuotingInputFilter)
2019-10-15 09:50:02,220 [main] INFO  http.HttpServer2 (HttpServer2.java:addFilter(948)) - Added filter static_user_filter (class=org.apache.hadoop.http.lib.StaticUserWebFilter$StaticUserFilter) to context hddsDatanode
2019-10-15 09:50:02,220 [main] INFO  http.HttpServer2 (HttpServer2.java:addFilter(958)) - Added filter static_user_filter (class=org.apache.hadoop.http.lib.StaticUserWebFilter$StaticUserFilter) to context static
2019-10-15 09:50:02,220 [main] INFO  http.HttpServer2 (HttpServer2.java:addFilter(958)) - Added filter static_user_filter (class=org.apache.hadoop.http.lib.StaticUserWebFilter$StaticUserFilter) to context logs
2019-10-15 09:50:02,221 [main] INFO  http.HttpServer2 (HttpServer2.java:bindListener(1191)) - Jetty bound to port 34941
2019-10-15 09:50:02,222 [main] INFO  server.Server (Server.java:doStart(351)) - jetty-9.3.25.v20180904, build timestamp: 2018-09-04T21:11:46Z, git hash: 3ce520221d0240229c862b122d2b06c12a625732
2019-10-15 09:50:02,223 [main] INFO  handler.ContextHandler (ContextHandler.java:doStart(781)) - Started o.e.j.s.ServletContextHandler@578c3fd9{/logs,file:///workdir/hadoop-ozone/integration-test/target/log,AVAILABLE}
2019-10-15 09:50:02,224 [main] INFO  handler.ContextHandler (ContextHandler.java:doStart(781)) - Started o.e.j.s.ServletContextHandler@26b3c9a2{/static,jar:file:/home/user/.m2/repository/org/apache/hadoop/hadoop-hdds-container-service/0.5.0-SNAPSHOT/hadoop-hdds-container-service-0.5.0-SNAPSHOT.jar!/webapps/static,AVAILABLE}
2019-10-15 09:50:02,270 [main] INFO  handler.ContextHandler (ContextHandler.java:doStart(781)) - Started o.e.j.w.WebAppContext@1edfedf1{/,file:///tmp/jetty-0.0.0.0-34941-hddsDatanode-_-any-7964282491667981090.dir/webapp/,AVAILABLE}{/hddsDatanode}
2019-10-15 09:50:02,270 [main] INFO  server.AbstractConnector (AbstractConnector.java:doStart(278)) - Started ServerConnector@251a90ce{HTTP/1.1,[http/1.1]}{0.0.0.0:34941}
2019-10-15 09:50:02,270 [main] INFO  server.Server (Server.java:doStart(419)) - Started @530198ms
2019-10-15 09:50:02,276 [main] WARN  impl.MetricsSystemImpl (MetricsSystemImpl.java:register(276)) - Sink prometheus already exists!
2019-10-15 09:50:02,277 [main] INFO  server.BaseHttpServer (BaseHttpServer.java:updateConnectorAddress(215)) - HTTP server of HDDSDATANODE is listening at http://0.0.0.0:34941
2019-10-15 09:50:02,277 [main] INFO  ozone.MiniOzoneClusterImpl (MiniOzoneClusterImpl.java:lambda$waitForClusterToBeReady$0(147)) - Waiting for cluster to be ready. Got 0 of 7 DN Heartbeats.
2019-10-15 09:50:02,279 [org.apache.hadoop.util.JvmPauseMonitor$Monitor@781535f6] INFO  util.JvmPauseMonitor (JvmPauseMonitor.java:run(188)) - Starting JVM pause monitor
2019-10-15 09:50:02,280 [Datanode State Machine Thread - 0] INFO  datanode.InitDatanodeState (InitDatanodeState.java:persistContainerDatanodeDetails(140)) - DatanodeDetails is persisted to /workdir/hadoop-ozone/integration-test/target/test-dir/MiniOzoneClusterImpl-45124f6e-3bdf-436f-a07d-bda8ed490d47/datanode-6/meta/datanode.id
2019-10-15 09:50:03,278 [main] INFO  ozone.MiniOzoneClusterImpl (MiniOzoneClusterImpl.java:lambda$waitForClusterToBeReady$0(147)) - Waiting for cluster to be ready. Got 0 of 7 DN Heartbeats.
2019-10-15 09:50:03,858 [Datanode State Machine Thread - 0] INFO  ozoneimpl.OzoneContainer (OzoneContainer.java:start(213)) - Attempting to start container services.
2019-10-15 09:50:03,860 [Datanode State Machine Thread - 0] INFO  ozoneimpl.OzoneContainer (OzoneContainer.java:startContainerScrub(177)) - Background container scanner has been disabled.
2019-10-15 09:50:03,860 [Datanode State Machine Thread - 0] INFO  ratis.XceiverServerRatis (XceiverServerRatis.java:start(418)) - Starting XceiverServerRatis 41d350ce-3b0d-42cb-ac79-45ad784101b6 at port 0
2019-10-15 09:50:03,871 [Datanode State Machine Thread - 0] INFO  impl.RaftServerProxy (RaftServerProxy.java:lambda$start$3(299)) - 41d350ce-3b0d-42cb-ac79-45ad784101b6: start RPC server
2019-10-15 09:50:03,875 [Datanode State Machine Thread - 0] INFO  server.GrpcService (GrpcService.java:startImpl(158)) - 41d350ce-3b0d-42cb-ac79-45ad784101b6: GrpcService started, listening on 0.0.0.0/0.0.0.0:34126
2019-10-15 09:50:03,876 [Datanode State Machine Thread - 0] INFO  ratis.XceiverServerRatis (XceiverServerRatis.java:start(428)) - XceiverServerRatis 41d350ce-3b0d-42cb-ac79-45ad784101b6 is started using port 34126
2019-10-15 09:50:03,882 [Datanode State Machine Thread - 0] INFO  server.XceiverServerGrpc (XceiverServerGrpc.java:start(149)) - XceiverServerGrpc 41d350ce-3b0d-42cb-ac79-45ad784101b6 is started using port 41951
2019-10-15 09:50:03,893 [Datanode State Machine Thread - 0] INFO  ozoneimpl.OzoneContainer (OzoneContainer.java:start(213)) - Attempting to start container services.
2019-10-15 09:50:03,893 [Datanode State Machine Thread - 0] INFO  ozoneimpl.OzoneContainer (OzoneContainer.java:startContainerScrub(177)) - Background container scanner has been disabled.
2019-10-15 09:50:03,893 [Datanode State Machine Thread - 0] INFO  ratis.XceiverServerRatis (XceiverServerRatis.java:start(418)) - Starting XceiverServerRatis 4591bcc6-b20c-4f7c-8784-c3850556b9a1 at port 0
2019-10-15 09:50:03,901 [Datanode State Machine Thread - 0] INFO  impl.RaftServerProxy (RaftServerProxy.java:lambda$start$3(299)) - 4591bcc6-b20c-4f7c-8784-c3850556b9a1: start RPC server
2019-10-15 09:50:03,901 [Datanode State Machine Thread - 0] INFO  server.GrpcService (GrpcService.java:startImpl(158)) - 4591bcc6-b20c-4f7c-8784-c3850556b9a1: GrpcService started, listening on 0.0.0.0/0.0.0.0:42203
2019-10-15 09:50:03,901 [Datanode State Machine Thread - 0] INFO  ratis.XceiverServerRatis (XceiverServerRatis.java:start(428)) - XceiverServerRatis 4591bcc6-b20c-4f7c-8784-c3850556b9a1 is started using port 42203
2019-10-15 09:50:03,902 [Datanode State Machine Thread - 0] INFO  server.XceiverServerGrpc (XceiverServerGrpc.java:start(149)) - XceiverServerGrpc 4591bcc6-b20c-4f7c-8784-c3850556b9a1 is started using port 38196
2019-10-15 09:50:03,958 [Datanode State Machine Thread - 0] INFO  ozoneimpl.OzoneContainer (OzoneContainer.java:start(213)) - Attempting to start container services.
2019-10-15 09:50:03,958 [Datanode State Machine Thread - 0] INFO  ozoneimpl.OzoneContainer (OzoneContainer.java:startContainerScrub(177)) - Background container scanner has been disabled.
2019-10-15 09:50:03,958 [Datanode State Machine Thread - 0] INFO  ratis.XceiverServerRatis (XceiverServerRatis.java:start(418)) - Starting XceiverServerRatis 63a63ab0-f006-4512-94a0-906e790af962 at port 0
2019-10-15 09:50:03,966 [Datanode State Machine Thread - 0] INFO  impl.RaftServerProxy (RaftServerProxy.java:lambda$start$3(299)) - 63a63ab0-f006-4512-94a0-906e790af962: start RPC server
2019-10-15 09:50:03,967 [Datanode State Machine Thread - 0] INFO  server.GrpcService (GrpcService.java:startImpl(158)) - 63a63ab0-f006-4512-94a0-906e790af962: GrpcService started, listening on 0.0.0.0/0.0.0.0:41910
2019-10-15 09:50:03,967 [Datanode State Machine Thread - 0] INFO  ratis.XceiverServerRatis (XceiverServerRatis.java:start(428)) - XceiverServerRatis 63a63ab0-f006-4512-94a0-906e790af962 is started using port 41910
2019-10-15 09:50:03,967 [Datanode State Machine Thread - 0] INFO  server.XceiverServerGrpc (XceiverServerGrpc.java:start(149)) - XceiverServerGrpc 63a63ab0-f006-4512-94a0-906e790af962 is started using port 42977
2019-10-15 09:50:04,052 [Datanode State Machine Thread - 0] INFO  ozoneimpl.OzoneContainer (OzoneContainer.java:start(213)) - Attempting to start container services.
2019-10-15 09:50:04,052 [Datanode State Machine Thread - 0] INFO  ozoneimpl.OzoneContainer (OzoneContainer.java:startContainerScrub(177)) - Background container scanner has been disabled.
2019-10-15 09:50:04,052 [Datanode State Machine Thread - 0] INFO  ratis.XceiverServerRatis (XceiverServerRatis.java:start(418)) - Starting XceiverServerRatis 836f8159-e543-401f-9399-0138340b8701 at port 0
2019-10-15 09:50:04,061 [Datanode State Machine Thread - 0] INFO  impl.RaftServerProxy (RaftServerProxy.java:lambda$start$3(299)) - 836f8159-e543-401f-9399-0138340b8701: start RPC server
2019-10-15 09:50:04,062 [Datanode State Machine Thread - 0] INFO  server.GrpcService (GrpcService.java:startImpl(158)) - 836f8159-e543-401f-9399-0138340b8701: GrpcService started, listening on 0.0.0.0/0.0.0.0:40774
2019-10-15 09:50:04,062 [Datanode State Machine Thread - 0] INFO  ratis.XceiverServerRatis (XceiverServerRatis.java:start(428)) - XceiverServerRatis 836f8159-e543-401f-9399-0138340b8701 is started using port 40774
2019-10-15 09:50:04,062 [Datanode State Machine Thread - 0] INFO  server.XceiverServerGrpc (XceiverServerGrpc.java:start(149)) - XceiverServerGrpc 836f8159-e543-401f-9399-0138340b8701 is started using port 33104
2019-10-15 09:50:04,136 [Datanode State Machine Thread - 0] INFO  ozoneimpl.OzoneContainer (OzoneContainer.java:start(213)) - Attempting to start container services.
2019-10-15 09:50:04,136 [Datanode State Machine Thread - 0] INFO  ozoneimpl.OzoneContainer (OzoneContainer.java:startContainerScrub(177)) - Background container scanner has been disabled.
2019-10-15 09:50:04,136 [Datanode State Machine Thread - 0] INFO  ratis.XceiverServerRatis (XceiverServerRatis.java:start(418)) - Starting XceiverServerRatis d74dfd8f-242e-45aa-8b2e-30d7f206e722 at port 0
2019-10-15 09:50:04,145 [Datanode State Machine Thread - 0] INFO  impl.RaftServerProxy (RaftServerProxy.java:lambda$start$3(299)) - d74dfd8f-242e-45aa-8b2e-30d7f206e722: start RPC server
2019-10-15 09:50:04,146 [Datanode State Machine Thread - 0] INFO  server.GrpcService (GrpcService.java:startImpl(158)) - d74dfd8f-242e-45aa-8b2e-30d7f206e722: GrpcService started, listening on 0.0.0.0/0.0.0.0:34992
2019-10-15 09:50:04,146 [Datanode State Machine Thread - 0] INFO  ratis.XceiverServerRatis (XceiverServerRatis.java:start(428)) - XceiverServerRatis d74dfd8f-242e-45aa-8b2e-30d7f206e722 is started using port 34992
2019-10-15 09:50:04,147 [Datanode State Machine Thread - 0] INFO  server.XceiverServerGrpc (XceiverServerGrpc.java:start(149)) - XceiverServerGrpc d74dfd8f-242e-45aa-8b2e-30d7f206e722 is started using port 44417
2019-10-15 09:50:04,205 [Datanode State Machine Thread - 0] INFO  ozoneimpl.OzoneContainer (OzoneContainer.java:start(213)) - Attempting to start container services.
2019-10-15 09:50:04,205 [Datanode State Machine Thread - 0] INFO  ozoneimpl.OzoneContainer (OzoneContainer.java:startContainerScrub(177)) - Background container scanner has been disabled.
2019-10-15 09:50:04,205 [Datanode State Machine Thread - 0] INFO  ratis.XceiverServerRatis (XceiverServerRatis.java:start(418)) - Starting XceiverServerRatis e970edca-b356-45da-9694-b2b3a315242e at port 0
2019-10-15 09:50:04,213 [Datanode State Machine Thread - 0] INFO  impl.RaftServerProxy (RaftServerProxy.java:lambda$start$3(299)) - e970edca-b356-45da-9694-b2b3a315242e: start RPC server
2019-10-15 09:50:04,215 [Datanode State Machine Thread - 0] INFO  server.GrpcService (GrpcService.java:startImpl(158)) - e970edca-b356-45da-9694-b2b3a315242e: GrpcService started, listening on 0.0.0.0/0.0.0.0:45960
2019-10-15 09:50:04,215 [Datanode State Machine Thread - 0] INFO  ratis.XceiverServerRatis (XceiverServerRatis.java:start(428)) - XceiverServerRatis e970edca-b356-45da-9694-b2b3a315242e is started using port 45960
2019-10-15 09:50:04,216 [Datanode State Machine Thread - 0] INFO  server.XceiverServerGrpc (XceiverServerGrpc.java:start(149)) - XceiverServerGrpc e970edca-b356-45da-9694-b2b3a315242e is started using port 40053
2019-10-15 09:50:04,278 [main] INFO  ozone.MiniOzoneClusterImpl (MiniOzoneClusterImpl.java:lambda$waitForClusterToBeReady$0(147)) - Waiting for cluster to be ready. Got 0 of 7 DN Heartbeats.
2019-10-15 09:50:04,292 [Datanode State Machine Thread - 0] INFO  ozoneimpl.OzoneContainer (OzoneContainer.java:start(213)) - Attempting to start container services.
2019-10-15 09:50:04,292 [Datanode State Machine Thread - 0] INFO  ozoneimpl.OzoneContainer (OzoneContainer.java:startContainerScrub(177)) - Background container scanner has been disabled.
2019-10-15 09:50:04,293 [Datanode State Machine Thread - 0] INFO  ratis.XceiverServerRatis (XceiverServerRatis.java:start(418)) - Starting XceiverServerRatis 52ddf7fd-87e1-4ea0-aa56-7b4c8c1cd600 at port 0
2019-10-15 09:50:04,298 [Datanode State Machine Thread - 0] INFO  impl.RaftServerProxy (RaftServerProxy.java:lambda$start$3(299)) - 52ddf7fd-87e1-4ea0-aa56-7b4c8c1cd600: start RPC server
2019-10-15 09:50:04,298 [Datanode State Machine Thread - 0] INFO  server.GrpcService (GrpcService.java:startImpl(158)) - 52ddf7fd-87e1-4ea0-aa56-7b4c8c1cd600: GrpcService started, listening on 0.0.0.0/0.0.0.0:46774
2019-10-15 09:50:04,298 [Datanode State Machine Thread - 0] INFO  ratis.XceiverServerRatis (XceiverServerRatis.java:start(428)) - XceiverServerRatis 52ddf7fd-87e1-4ea0-aa56-7b4c8c1cd600 is started using port 46774
2019-10-15 09:50:04,299 [Datanode State Machine Thread - 0] INFO  server.XceiverServerGrpc (XceiverServerGrpc.java:start(149)) - XceiverServerGrpc 52ddf7fd-87e1-4ea0-aa56-7b4c8c1cd600 is started using port 42897
2019-10-15 09:50:05,279 [main] INFO  ozone.MiniOzoneClusterImpl (MiniOzoneClusterImpl.java:lambda$waitForClusterToBeReady$0(147)) - Waiting for cluster to be ready. Got 0 of 7 DN Heartbeats.
2019-10-15 09:50:05,829 [IPC Server handler 1 on 41585] INFO  net.NetworkTopology (NetworkTopologyImpl.java:add(111)) - Added a new node: /default-rack/41d350ce-3b0d-42cb-ac79-45ad784101b6
2019-10-15 09:50:05,832 [IPC Server handler 1 on 41585] INFO  node.SCMNodeManager (SCMNodeManager.java:register(268)) - Registered Data node : 41d350ce-3b0d-42cb-ac79-45ad784101b6{ip: 192.168.69.65, host: dev-nightly-20191015-lc69l-4092513605, networkLocation: /default-rack, certSerialId: null}
2019-10-15 09:50:05,833 [EventQueue-NodeRegistrationContainerReportForDataNodeSafeModeRule] INFO  safemode.SCMSafeModeManager (DataNodeSafeModeRule.java:process(71)) - SCM in safe mode. 1 DataNodes registered, 1 required.
2019-10-15 09:50:05,835 [EventQueue-NodeRegistrationContainerReportForDataNodeSafeModeRule] INFO  safemode.SCMSafeModeManager (SCMSafeModeManager.java:validateSafeModeExitRules(177)) - ScmSafeModeManager, all rules are successfully validated
2019-10-15 09:50:05,835 [EventQueue-NodeRegistrationContainerReportForDataNodeSafeModeRule] INFO  safemode.SCMSafeModeManager (SCMSafeModeManager.java:exitSafeMode(193)) - SCM exiting safe mode.
2019-10-15 09:50:05,858 [grpc-default-executor-5] INFO  impl.RaftServerProxy (RaftServerProxy.java:addNew(89)) - 41d350ce-3b0d-42cb-ac79-45ad784101b6: addNew group-37E819F9FC5D:[41d350ce-3b0d-42cb-ac79-45ad784101b6:192.168.69.65:34126] returns group-37E819F9FC5D:java.util.concurrent.CompletableFuture@21e2785d[Not completed]
2019-10-15 09:50:05,860 [pool-409-thread-1] INFO  impl.RaftServerImpl (RaftServerImpl.java:<init>(95)) - 41d350ce-3b0d-42cb-ac79-45ad784101b6: new RaftServerImpl for group-37E819F9FC5D:[41d350ce-3b0d-42cb-ac79-45ad784101b6:192.168.69.65:34126] with ContainerStateMachine:uninitialized
2019-10-15 09:50:05,860 [pool-409-thread-1] INFO  server.RaftServerConfigKeys (ConfUtils.java:logGet(43)) - raft.server.rpc.timeout.min = 5s (custom)
2019-10-15 09:50:05,860 [pool-409-thread-1] INFO  server.RaftServerConfigKeys (ConfUtils.java:logGet(43)) - raft.server.rpc.timeout.max = 5200ms (custom)
2019-10-15 09:50:05,860 [pool-409-thread-1] INFO  server.RaftServerConfigKeys (ConfUtils.java:logGet(43)) - raft.server.rpcslowness.timeout = 120s (custom)
2019-10-15 09:50:05,861 [pool-409-thread-1] INFO  server.RaftServerConfigKeys (ConfUtils.java:logGet(43)) - raft.server.sleep.deviation.threshold = 300 (default)
2019-10-15 09:50:05,861 [pool-409-thread-1] INFO  server.RaftServerConfigKeys (ConfUtils.java:logGet(43)) - raft.server.log.appender.install.snapshot.enabled = false (custom)
2019-10-15 09:50:05,861 [pool-409-thread-1] INFO  impl.RaftServerImpl (ServerState.java:<init>(103)) - 41d350ce-3b0d-42cb-ac79-45ad784101b6@group-37E819F9FC5D: ConfigurationManager, init=-1: [41d350ce-3b0d-42cb-ac79-45ad784101b6:192.168.69.65:34126], old=null, confs=<EMPTY_MAP>
2019-10-15 09:50:05,861 [pool-409-thread-1] INFO  server.RaftServerConfigKeys (ConfUtils.java:logGet(43)) - raft.server.storage.dir = [/workdir/hadoop-ozone/integration-test/target/test-dir/MiniOzoneClusterImpl-45124f6e-3bdf-436f-a07d-bda8ed490d47/datanode-0/data/ratis] (custom)
2019-10-15 09:50:05,861 [pool-409-thread-1] INFO  server.RaftServerConfigKeys (ConfUtils.java:logGet(43)) - raft.server.log.corruption.policy = EXCEPTION (default)
2019-10-15 09:50:05,861 [pool-409-thread-1] INFO  storage.RaftStorageDirectory (RaftStorageDirectory.java:analyzeStorage(246)) - The storage directory /workdir/hadoop-ozone/integration-test/target/test-dir/MiniOzoneClusterImpl-45124f6e-3bdf-436f-a07d-bda8ed490d47/datanode-0/data/ratis/800a1ce2-3bd4-4fc5-b4b6-37e819f9fc5d does not exist. Creating ...
2019-10-15 09:50:05,875 [pool-409-thread-1] INFO  storage.RaftStorageDirectory (RaftStorageDirectory.java:tryLock(328)) - Lock on /workdir/hadoop-ozone/integration-test/target/test-dir/MiniOzoneClusterImpl-45124f6e-3bdf-436f-a07d-bda8ed490d47/datanode-0/data/ratis/800a1ce2-3bd4-4fc5-b4b6-37e819f9fc5d/in_use.lock acquired by nodename 13614@dev-nightly-20191015-lc69l-4092513605
2019-10-15 09:50:05,886 [IPC Server handler 2 on 41585] INFO  net.NetworkTopology (NetworkTopologyImpl.java:add(111)) - Added a new node: /default-rack/4591bcc6-b20c-4f7c-8784-c3850556b9a1
2019-10-15 09:50:05,887 [IPC Server handler 2 on 41585] INFO  node.SCMNodeManager (SCMNodeManager.java:register(268)) - Registered Data node : 4591bcc6-b20c-4f7c-8784-c3850556b9a1{ip: 192.168.69.65, host: dev-nightly-20191015-lc69l-4092513605, networkLocation: /default-rack, certSerialId: null}
2019-10-15 09:50:05,888 [pool-409-thread-1] INFO  storage.RaftStorage (RaftStorage.java:format(84)) - Storage directory /workdir/hadoop-ozone/integration-test/target/test-dir/MiniOzoneClusterImpl-45124f6e-3bdf-436f-a07d-bda8ed490d47/datanode-0/data/ratis/800a1ce2-3bd4-4fc5-b4b6-37e819f9fc5d has been successfully formatted.
2019-10-15 09:50:05,888 [pool-409-thread-1] INFO  ratis.ContainerStateMachine (ContainerStateMachine.java:loadSnapshot(231)) - group-37E819F9FC5D: The snapshot info is null. Setting the last applied indexto:(t:0, i:~)
2019-10-15 09:50:05,888 [pool-409-thread-1] INFO  server.RaftServerConfigKeys (ConfUtils.java:logGet(43)) - raft.server.notification.no-leader.timeout = 120s (custom)
2019-10-15 09:50:05,888 [pool-409-thread-1] INFO  server.RaftServerConfigKeys (ConfUtils.java:logGet(43)) - raft.server.log.use.memory = false (default)
2019-10-15 09:50:05,888 [pool-409-thread-1] INFO  server.RaftServerConfigKeys (ConfUtils.java:logGet(43)) - raft.server.log.purge.gap = 1000000 (custom)
2019-10-15 09:50:05,888 [pool-409-thread-1] INFO  server.RaftServerConfigKeys (ConfUtils.java:logGet(43)) - raft.server.log.appender.buffer.byte-limit = 33554432 (custom)
2019-10-15 09:50:05,889 [pool-409-thread-1] INFO  server.RaftServerConfigKeys (ConfUtils.java:logGet(43)) - raft.server.log.segment.size.max = 1048576 (custom)
2019-10-15 09:50:05,890 [pool-409-thread-1] INFO  server.RaftServerConfigKeys (ConfUtils.java:logGet(43)) - raft.server.log.segment.cache.num.max = 2 (custom)
2019-10-15 09:50:05,890 [pool-409-thread-1] INFO  segmented.SegmentedRaftLogWorker (SegmentedRaftLogWorker.java:<init>(173)) - new 41d350ce-3b0d-42cb-ac79-45ad784101b6@group-37E819F9FC5D-SegmentedRaftLogWorker for RaftStorage:Storage Directory /workdir/hadoop-ozone/integration-test/target/test-dir/MiniOzoneClusterImpl-45124f6e-3bdf-436f-a07d-bda8ed490d47/datanode-0/data/ratis/800a1ce2-3bd4-4fc5-b4b6-37e819f9fc5d
2019-10-15 09:50:05,891 [pool-409-thread-1] INFO  server.RaftServerConfigKeys (ConfUtils.java:logGet(43)) - raft.server.log.queue.byte-limit = 2147483647 (custom)
2019-10-15 09:50:05,891 [pool-409-thread-1] INFO  server.RaftServerConfigKeys (ConfUtils.java:logGet(43)) - raft.server.log.queue.element-limit = 1024 (custom)
2019-10-15 09:50:05,891 [pool-409-thread-1] INFO  server.RaftServerConfigKeys (ConfUtils.java:logGet(43)) - raft.server.log.segment.size.max = 1048576 (custom)
2019-10-15 09:50:05,891 [pool-409-thread-1] INFO  server.RaftServerConfigKeys (ConfUtils.java:logGet(43)) - raft.server.log.preallocated.size = 16384 (custom)
2019-10-15 09:50:05,891 [pool-409-thread-1] INFO  server.RaftServerConfigKeys (ConfUtils.java:logGet(43)) - raft.server.log.write.buffer.size = 33554432 (custom)
2019-10-15 09:50:05,891 [pool-409-thread-1] INFO  server.RaftServerConfigKeys (ConfUtils.java:logGet(43)) - raft.server.log.force.sync.num = 128 (default)
2019-10-15 09:50:05,891 [pool-409-thread-1] INFO  server.RaftServerConfigKeys (ConfUtils.java:logGet(43)) - raft.server.log.statemachine.data.sync = true (default)
2019-10-15 09:50:05,891 [pool-409-thread-1] INFO  server.RaftServerConfigKeys (ConfUtils.java:logGet(43)) - raft.server.log.statemachine.data.sync.timeout = 10s (default)
2019-10-15 09:50:05,891 [pool-409-thread-1] INFO  server.RaftServerConfigKeys (ConfUtils.java:logGet(43)) - raft.server.log.statemachine.data.sync.timeout.retry = -1 (default)
2019-10-15 09:50:05,892 [pool-409-thread-1] INFO  server.RaftServerConfigKeys (ConfUtils.java:logGet(43)) - raft.server.log.statemachine.data.caching.enabled = true (custom)
2019-10-15 09:50:05,892 [pool-409-thread-1] INFO  segmented.SegmentedRaftLogWorker (SegmentedRaftLogWorker.java:lambda$new$0(128)) - 41d350ce-3b0d-42cb-ac79-45ad784101b6@group-37E819F9FC5D-SegmentedRaftLogWorker: flushIndex: setUnconditionally 0 -> -1
2019-10-15 09:50:05,892 [pool-409-thread-1] INFO  server.RaftServerConfigKeys (ConfUtils.java:logGet(43)) - raft.server.snapshot.auto.trigger.enabled = true (custom)
2019-10-15 09:50:05,892 [pool-409-thread-1] INFO  server.RaftServerConfigKeys (ConfUtils.java:logGet(43)) - raft.server.snapshot.auto.trigger.threshold = 10000 (custom)
2019-10-15 09:50:05,892 [pool-409-thread-1] INFO  server.RaftServerConfigKeys (ConfUtils.java:logGet(43)) - raft.server.snapshot.retention.file.num = 5 (custom)
2019-10-15 09:50:05,893 [pool-409-thread-1] INFO  server.RaftServerConfigKeys (ConfUtils.java:logGet(43)) - raft.server.retrycache.expirytime = 600000ms (custom)
2019-10-15 09:50:05,894 [pool-409-thread-1] INFO  impl.RaftServerImpl (RaftServerImpl.java:start(181)) - 41d350ce-3b0d-42cb-ac79-45ad784101b6@group-37E819F9FC5D: start as a follower, conf=-1: [41d350ce-3b0d-42cb-ac79-45ad784101b6:192.168.69.65:34126], old=null
2019-10-15 09:50:05,894 [pool-409-thread-1] INFO  impl.RaftServerImpl (RaftServerImpl.java:setRole(170)) - 41d350ce-3b0d-42cb-ac79-45ad784101b6@group-37E819F9FC5D: changes role from      null to FOLLOWER at term 0 for startAsFollower
2019-10-15 09:50:05,894 [pool-409-thread-1] INFO  impl.RoleInfo (RoleInfo.java:updateAndGet(143)) - 41d350ce-3b0d-42cb-ac79-45ad784101b6: start FollowerState
2019-10-15 09:50:05,895 [pool-409-thread-1] INFO  util.JmxRegister (JmxRegister.java:tryRegister(44)) - Successfully registered JMX Bean with object name Ratis:service=RaftServer,group=group-37E819F9FC5D,id=41d350ce-3b0d-42cb-ac79-45ad784101b6
2019-10-15 09:50:05,900 [RatisPipelineUtilsThread] INFO  pipeline.PipelineStateManager (PipelineStateManager.java:addPipeline(56)) - Created pipeline Pipeline[ Id: 800a1ce2-3bd4-4fc5-b4b6-37e819f9fc5d, Nodes: 41d350ce-3b0d-42cb-ac79-45ad784101b6{ip: 192.168.69.65, host: dev-nightly-20191015-lc69l-4092513605, networkLocation: /default-rack, certSerialId: null}, Type:RATIS, Factor:ONE, State:OPEN]
2019-10-15 09:50:05,906 [grpc-default-executor-5] INFO  impl.RaftServerProxy (RaftServerProxy.java:addNew(89)) - 4591bcc6-b20c-4f7c-8784-c3850556b9a1: addNew group-5F0DB1E69911:[4591bcc6-b20c-4f7c-8784-c3850556b9a1:192.168.69.65:42203] returns group-5F0DB1E69911:java.util.concurrent.CompletableFuture@78f7d73[Not completed]
2019-10-15 09:50:05,907 [pool-419-thread-1] INFO  impl.RaftServerImpl (RaftServerImpl.java:<init>(95)) - 4591bcc6-b20c-4f7c-8784-c3850556b9a1: new RaftServerImpl for group-5F0DB1E69911:[4591bcc6-b20c-4f7c-8784-c3850556b9a1:192.168.69.65:42203] with ContainerStateMachine:uninitialized
2019-10-15 09:50:05,907 [pool-419-thread-1] INFO  server.RaftServerConfigKeys (ConfUtils.java:logGet(43)) - raft.server.rpc.timeout.min = 5s (custom)
2019-10-15 09:50:05,907 [pool-419-thread-1] INFO  server.RaftServerConfigKeys (ConfUtils.java:logGet(43)) - raft.server.rpc.timeout.max = 5200ms (custom)
2019-10-15 09:50:05,907 [pool-419-thread-1] INFO  server.RaftServerConfigKeys (ConfUtils.java:logGet(43)) - raft.server.rpcslowness.timeout = 120s (custom)
2019-10-15 09:50:05,907 [pool-419-thread-1] INFO  server.RaftServerConfigKeys (ConfUtils.java:logGet(43)) - raft.server.sleep.deviation.threshold = 300 (default)
2019-10-15 09:50:05,907 [pool-419-thread-1] INFO  server.RaftServerConfigKeys (ConfUtils.java:logGet(43)) - raft.server.log.appender.install.snapshot.enabled = false (custom)
2019-10-15 09:50:05,907 [pool-419-thread-1] INFO  impl.RaftServerImpl (ServerState.java:<init>(103)) - 4591bcc6-b20c-4f7c-8784-c3850556b9a1@group-5F0DB1E69911: ConfigurationManager, init=-1: [4591bcc6-b20c-4f7c-8784-c3850556b9a1:192.168.69.65:42203], old=null, confs=<EMPTY_MAP>
2019-10-15 09:50:05,907 [pool-419-thread-1] INFO  server.RaftServerConfigKeys (ConfUtils.java:logGet(43)) - raft.server.storage.dir = [/workdir/hadoop-ozone/integration-test/target/test-dir/MiniOzoneClusterImpl-45124f6e-3bdf-436f-a07d-bda8ed490d47/datanode-1/data/ratis] (custom)
2019-10-15 09:50:05,908 [pool-419-thread-1] INFO  server.RaftServerConfigKeys (ConfUtils.java:logGet(43)) - raft.server.log.corruption.policy = EXCEPTION (default)
2019-10-15 09:50:05,908 [pool-419-thread-1] INFO  storage.RaftStorageDirectory (RaftStorageDirectory.java:analyzeStorage(246)) - The storage directory /workdir/hadoop-ozone/integration-test/target/test-dir/MiniOzoneClusterImpl-45124f6e-3bdf-436f-a07d-bda8ed490d47/datanode-1/data/ratis/af0e9f72-c339-40dd-9324-5f0db1e69911 does not exist. Creating ...
2019-10-15 09:50:05,920 [pool-419-thread-1] INFO  storage.RaftStorageDirectory (RaftStorageDirectory.java:tryLock(328)) - Lock on /workdir/hadoop-ozone/integration-test/target/test-dir/MiniOzoneClusterImpl-45124f6e-3bdf-436f-a07d-bda8ed490d47/datanode-1/data/ratis/af0e9f72-c339-40dd-9324-5f0db1e69911/in_use.lock acquired by nodename 13614@dev-nightly-20191015-lc69l-4092513605
2019-10-15 09:50:05,923 [pool-419-thread-1] INFO  storage.RaftStorage (RaftStorage.java:format(84)) - Storage directory /workdir/hadoop-ozone/integration-test/target/test-dir/MiniOzoneClusterImpl-45124f6e-3bdf-436f-a07d-bda8ed490d47/datanode-1/data/ratis/af0e9f72-c339-40dd-9324-5f0db1e69911 has been successfully formatted.
2019-10-15 09:50:05,923 [pool-419-thread-1] INFO  ratis.ContainerStateMachine (ContainerStateMachine.java:loadSnapshot(231)) - group-5F0DB1E69911: The snapshot info is null. Setting the last applied indexto:(t:0, i:~)
2019-10-15 09:50:05,923 [pool-419-thread-1] INFO  server.RaftServerConfigKeys (ConfUtils.java:logGet(43)) - raft.server.notification.no-leader.timeout = 120s (custom)
2019-10-15 09:50:05,923 [pool-419-thread-1] INFO  server.RaftServerConfigKeys (ConfUtils.java:logGet(43)) - raft.server.log.use.memory = false (default)
2019-10-15 09:50:05,923 [pool-419-thread-1] INFO  server.RaftServerConfigKeys (ConfUtils.java:logGet(43)) - raft.server.log.purge.gap = 1000000 (custom)
2019-10-15 09:50:05,923 [pool-419-thread-1] INFO  server.RaftServerConfigKeys (ConfUtils.java:logGet(43)) - raft.server.log.appender.buffer.byte-limit = 33554432 (custom)
2019-10-15 09:50:05,923 [pool-419-thread-1] INFO  server.RaftServerConfigKeys (ConfUtils.java:logGet(43)) - raft.server.log.segment.size.max = 1048576 (custom)
2019-10-15 09:50:05,924 [pool-419-thread-1] INFO  server.RaftServerConfigKeys (ConfUtils.java:logGet(43)) - raft.server.log.segment.cache.num.max = 2 (custom)
2019-10-15 09:50:05,925 [pool-419-thread-1] INFO  segmented.SegmentedRaftLogWorker (SegmentedRaftLogWorker.java:<init>(173)) - new 4591bcc6-b20c-4f7c-8784-c3850556b9a1@group-5F0DB1E69911-SegmentedRaftLogWorker for RaftStorage:Storage Directory /workdir/hadoop-ozone/integration-test/target/test-dir/MiniOzoneClusterImpl-45124f6e-3bdf-436f-a07d-bda8ed490d47/datanode-1/data/ratis/af0e9f72-c339-40dd-9324-5f0db1e69911
2019-10-15 09:50:05,925 [pool-419-thread-1] INFO  server.RaftServerConfigKeys (ConfUtils.java:logGet(43)) - raft.server.log.queue.byte-limit = 2147483647 (custom)
2019-10-15 09:50:05,925 [pool-419-thread-1] INFO  server.RaftServerConfigKeys (ConfUtils.java:logGet(43)) - raft.server.log.queue.element-limit = 1024 (custom)
2019-10-15 09:50:05,925 [pool-419-thread-1] INFO  server.RaftServerConfigKeys (ConfUtils.java:logGet(43)) - raft.server.log.segment.size.max = 1048576 (custom)
2019-10-15 09:50:05,925 [pool-419-thread-1] INFO  server.RaftServerConfigKeys (ConfUtils.java:logGet(43)) - raft.server.log.preallocated.size = 16384 (custom)
2019-10-15 09:50:05,925 [pool-419-thread-1] INFO  server.RaftServerConfigKeys (ConfUtils.java:logGet(43)) - raft.server.log.write.buffer.size = 33554432 (custom)
2019-10-15 09:50:05,925 [pool-419-thread-1] INFO  server.RaftServerConfigKeys (ConfUtils.java:logGet(43)) - raft.server.log.force.sync.num = 128 (default)
2019-10-15 09:50:05,925 [pool-419-thread-1] INFO  server.RaftServerConfigKeys (ConfUtils.java:logGet(43)) - raft.server.log.statemachine.data.sync = true (default)
2019-10-15 09:50:05,925 [pool-419-thread-1] INFO  server.RaftServerConfigKeys (ConfUtils.java:logGet(43)) - raft.server.log.statemachine.data.sync.timeout = 10s (default)
2019-10-15 09:50:05,925 [pool-419-thread-1] INFO  server.RaftServerConfigKeys (ConfUtils.java:logGet(43)) - raft.server.log.statemachine.data.sync.timeout.retry = -1 (default)
2019-10-15 09:50:05,925 [pool-419-thread-1] INFO  server.RaftServerConfigKeys (ConfUtils.java:logGet(43)) - raft.server.log.statemachine.data.caching.enabled = true (custom)
2019-10-15 09:50:05,926 [pool-419-thread-1] INFO  segmented.SegmentedRaftLogWorker (SegmentedRaftLogWorker.java:lambda$new$0(128)) - 4591bcc6-b20c-4f7c-8784-c3850556b9a1@group-5F0DB1E69911-SegmentedRaftLogWorker: flushIndex: setUnconditionally 0 -> -1
2019-10-15 09:50:05,926 [pool-419-thread-1] INFO  server.RaftServerConfigKeys (ConfUtils.java:logGet(43)) - raft.server.snapshot.auto.trigger.enabled = true (custom)
2019-10-15 09:50:05,926 [pool-419-thread-1] INFO  server.RaftServerConfigKeys (ConfUtils.java:logGet(43)) - raft.server.snapshot.auto.trigger.threshold = 10000 (custom)
2019-10-15 09:50:05,926 [pool-419-thread-1] INFO  server.RaftServerConfigKeys (ConfUtils.java:logGet(43)) - raft.server.snapshot.retention.file.num = 5 (custom)
2019-10-15 09:50:05,926 [pool-419-thread-1] INFO  server.RaftServerConfigKeys (ConfUtils.java:logGet(43)) - raft.server.retrycache.expirytime = 600000ms (custom)
2019-10-15 09:50:05,927 [pool-419-thread-1] INFO  impl.RaftServerImpl (RaftServerImpl.java:start(181)) - 4591bcc6-b20c-4f7c-8784-c3850556b9a1@group-5F0DB1E69911: start as a follower, conf=-1: [4591bcc6-b20c-4f7c-8784-c3850556b9a1:192.168.69.65:42203], old=null
2019-10-15 09:50:05,927 [pool-419-thread-1] INFO  impl.RaftServerImpl (RaftServerImpl.java:setRole(170)) - 4591bcc6-b20c-4f7c-8784-c3850556b9a1@group-5F0DB1E69911: changes role from      null to FOLLOWER at term 0 for startAsFollower
2019-10-15 09:50:05,927 [pool-419-thread-1] INFO  impl.RoleInfo (RoleInfo.java:updateAndGet(143)) - 4591bcc6-b20c-4f7c-8784-c3850556b9a1: start FollowerState
2019-10-15 09:50:05,928 [pool-419-thread-1] INFO  util.JmxRegister (JmxRegister.java:tryRegister(44)) - Successfully registered JMX Bean with object name Ratis:service=RaftServer,group=group-5F0DB1E69911,id=4591bcc6-b20c-4f7c-8784-c3850556b9a1
2019-10-15 09:50:05,931 [RatisPipelineUtilsThread] INFO  pipeline.PipelineStateManager (PipelineStateManager.java:addPipeline(56)) - Created pipeline Pipeline[ Id: af0e9f72-c339-40dd-9324-5f0db1e69911, Nodes: 4591bcc6-b20c-4f7c-8784-c3850556b9a1{ip: 192.168.69.65, host: dev-nightly-20191015-lc69l-4092513605, networkLocation: /default-rack, certSerialId: null}, Type:RATIS, Factor:ONE, State:OPEN]
2019-10-15 09:50:05,953 [IPC Server handler 4 on 41585] INFO  net.NetworkTopology (NetworkTopologyImpl.java:add(111)) - Added a new node: /default-rack/63a63ab0-f006-4512-94a0-906e790af962
2019-10-15 09:50:05,953 [IPC Server handler 4 on 41585] INFO  node.SCMNodeManager (SCMNodeManager.java:register(268)) - Registered Data node : 63a63ab0-f006-4512-94a0-906e790af962{ip: 192.168.69.65, host: dev-nightly-20191015-lc69l-4092513605, networkLocation: /default-rack, certSerialId: null}
2019-10-15 09:50:05,958 [grpc-default-executor-5] INFO  impl.RaftServerProxy (RaftServerProxy.java:addNew(89)) - 63a63ab0-f006-4512-94a0-906e790af962: addNew group-75478CA9A1CC:[63a63ab0-f006-4512-94a0-906e790af962:192.168.69.65:41910] returns group-75478CA9A1CC:java.util.concurrent.CompletableFuture@251e57a7[Not completed]
2019-10-15 09:50:05,959 [pool-429-thread-1] INFO  impl.RaftServerImpl (RaftServerImpl.java:<init>(95)) - 63a63ab0-f006-4512-94a0-906e790af962: new RaftServerImpl for group-75478CA9A1CC:[63a63ab0-f006-4512-94a0-906e790af962:192.168.69.65:41910] with ContainerStateMachine:uninitialized
2019-10-15 09:50:05,959 [pool-429-thread-1] INFO  server.RaftServerConfigKeys (ConfUtils.java:logGet(43)) - raft.server.rpc.timeout.min = 5s (custom)
2019-10-15 09:50:05,959 [pool-429-thread-1] INFO  server.RaftServerConfigKeys (ConfUtils.java:logGet(43)) - raft.server.rpc.timeout.max = 5200ms (custom)
2019-10-15 09:50:05,959 [pool-429-thread-1] INFO  server.RaftServerConfigKeys (ConfUtils.java:logGet(43)) - raft.server.rpcslowness.timeout = 120s (custom)
2019-10-15 09:50:05,959 [pool-429-thread-1] INFO  server.RaftServerConfigKeys (ConfUtils.java:logGet(43)) - raft.server.sleep.deviation.threshold = 300 (default)
2019-10-15 09:50:05,959 [pool-429-thread-1] INFO  server.RaftServerConfigKeys (ConfUtils.java:logGet(43)) - raft.server.log.appender.install.snapshot.enabled = false (custom)
2019-10-15 09:50:05,959 [pool-429-thread-1] INFO  impl.RaftServerImpl (ServerState.java:<init>(103)) - 63a63ab0-f006-4512-94a0-906e790af962@group-75478CA9A1CC: ConfigurationManager, init=-1: [63a63ab0-f006-4512-94a0-906e790af962:192.168.69.65:41910], old=null, confs=<EMPTY_MAP>
2019-10-15 09:50:05,959 [pool-429-thread-1] INFO  server.RaftServerConfigKeys (ConfUtils.java:logGet(43)) - raft.server.storage.dir = [/workdir/hadoop-ozone/integration-test/target/test-dir/MiniOzoneClusterImpl-45124f6e-3bdf-436f-a07d-bda8ed490d47/datanode-2/data/ratis] (custom)
2019-10-15 09:50:05,960 [pool-429-thread-1] INFO  server.RaftServerConfigKeys (ConfUtils.java:logGet(43)) - raft.server.log.corruption.policy = EXCEPTION (default)
2019-10-15 09:50:05,960 [pool-429-thread-1] INFO  storage.RaftStorageDirectory (RaftStorageDirectory.java:analyzeStorage(246)) - The storage directory /workdir/hadoop-ozone/integration-test/target/test-dir/MiniOzoneClusterImpl-45124f6e-3bdf-436f-a07d-bda8ed490d47/datanode-2/data/ratis/99323881-ca0f-45ef-b4de-75478ca9a1cc does not exist. Creating ...
2019-10-15 09:50:05,972 [pool-429-thread-1] INFO  storage.RaftStorageDirectory (RaftStorageDirectory.java:tryLock(328)) - Lock on /workdir/hadoop-ozone/integration-test/target/test-dir/MiniOzoneClusterImpl-45124f6e-3bdf-436f-a07d-bda8ed490d47/datanode-2/data/ratis/99323881-ca0f-45ef-b4de-75478ca9a1cc/in_use.lock acquired by nodename 13614@dev-nightly-20191015-lc69l-4092513605
2019-10-15 09:50:05,985 [pool-429-thread-1] INFO  storage.RaftStorage (RaftStorage.java:format(84)) - Storage directory /workdir/hadoop-ozone/integration-test/target/test-dir/MiniOzoneClusterImpl-45124f6e-3bdf-436f-a07d-bda8ed490d47/datanode-2/data/ratis/99323881-ca0f-45ef-b4de-75478ca9a1cc has been successfully formatted.
2019-10-15 09:50:05,985 [pool-429-thread-1] INFO  ratis.ContainerStateMachine (ContainerStateMachine.java:loadSnapshot(231)) - group-75478CA9A1CC: The snapshot info is null. Setting the last applied indexto:(t:0, i:~)
2019-10-15 09:50:05,985 [pool-429-thread-1] INFO  server.RaftServerConfigKeys (ConfUtils.java:logGet(43)) - raft.server.notification.no-leader.timeout = 120s (custom)
2019-10-15 09:50:05,986 [pool-429-thread-1] INFO  server.RaftServerConfigKeys (ConfUtils.java:logGet(43)) - raft.server.log.use.memory = false (default)
2019-10-15 09:50:05,986 [pool-429-thread-1] INFO  server.RaftServerConfigKeys (ConfUtils.java:logGet(43)) - raft.server.log.purge.gap = 1000000 (custom)
2019-10-15 09:50:05,986 [pool-429-thread-1] INFO  server.RaftServerConfigKeys (ConfUtils.java:logGet(43)) - raft.server.log.appender.buffer.byte-limit = 33554432 (custom)
2019-10-15 09:50:05,986 [pool-429-thread-1] INFO  server.RaftServerConfigKeys (ConfUtils.java:logGet(43)) - raft.server.log.segment.size.max = 1048576 (custom)
2019-10-15 09:50:05,987 [pool-429-thread-1] INFO  server.RaftServerConfigKeys (ConfUtils.java:logGet(43)) - raft.server.log.segment.cache.num.max = 2 (custom)
2019-10-15 09:50:05,987 [pool-429-thread-1] INFO  segmented.SegmentedRaftLogWorker (SegmentedRaftLogWorker.java:<init>(173)) - new 63a63ab0-f006-4512-94a0-906e790af962@group-75478CA9A1CC-SegmentedRaftLogWorker for RaftStorage:Storage Directory /workdir/hadoop-ozone/integration-test/target/test-dir/MiniOzoneClusterImpl-45124f6e-3bdf-436f-a07d-bda8ed490d47/datanode-2/data/ratis/99323881-ca0f-45ef-b4de-75478ca9a1cc
2019-10-15 09:50:05,987 [pool-429-thread-1] INFO  server.RaftServerConfigKeys (ConfUtils.java:logGet(43)) - raft.server.log.queue.byte-limit = 2147483647 (custom)
2019-10-15 09:50:05,987 [pool-429-thread-1] INFO  server.RaftServerConfigKeys (ConfUtils.java:logGet(43)) - raft.server.log.queue.element-limit = 1024 (custom)
2019-10-15 09:50:05,987 [pool-429-thread-1] INFO  server.RaftServerConfigKeys (ConfUtils.java:logGet(43)) - raft.server.log.segment.size.max = 1048576 (custom)
2019-10-15 09:50:05,987 [pool-429-thread-1] INFO  server.RaftServerConfigKeys (ConfUtils.java:logGet(43)) - raft.server.log.preallocated.size = 16384 (custom)
2019-10-15 09:50:05,987 [pool-429-thread-1] INFO  server.RaftServerConfigKeys (ConfUtils.java:logGet(43)) - raft.server.log.write.buffer.size = 33554432 (custom)
2019-10-15 09:50:05,987 [pool-429-thread-1] INFO  server.RaftServerConfigKeys (ConfUtils.java:logGet(43)) - raft.server.log.force.sync.num = 128 (default)
2019-10-15 09:50:05,988 [pool-429-thread-1] INFO  server.RaftServerConfigKeys (ConfUtils.java:logGet(43)) - raft.server.log.statemachine.data.sync = true (default)
2019-10-15 09:50:05,988 [pool-429-thread-1] INFO  server.RaftServerConfigKeys (ConfUtils.java:logGet(43)) - raft.server.log.statemachine.data.sync.timeout = 10s (default)
2019-10-15 09:50:05,988 [pool-429-thread-1] INFO  server.RaftServerConfigKeys (ConfUtils.java:logGet(43)) - raft.server.log.statemachine.data.sync.timeout.retry = -1 (default)
2019-10-15 09:50:05,988 [pool-429-thread-1] INFO  server.RaftServerConfigKeys (ConfUtils.java:logGet(43)) - raft.server.log.statemachine.data.caching.enabled = true (custom)
2019-10-15 09:50:05,988 [pool-429-thread-1] INFO  segmented.SegmentedRaftLogWorker (SegmentedRaftLogWorker.java:lambda$new$0(128)) - 63a63ab0-f006-4512-94a0-906e790af962@group-75478CA9A1CC-SegmentedRaftLogWorker: flushIndex: setUnconditionally 0 -> -1
2019-10-15 09:50:05,988 [pool-429-thread-1] INFO  server.RaftServerConfigKeys (ConfUtils.java:logGet(43)) - raft.server.snapshot.auto.trigger.enabled = true (custom)
2019-10-15 09:50:05,989 [pool-429-thread-1] INFO  server.RaftServerConfigKeys (ConfUtils.java:logGet(43)) - raft.server.snapshot.auto.trigger.threshold = 10000 (custom)
2019-10-15 09:50:05,989 [pool-429-thread-1] INFO  server.RaftServerConfigKeys (ConfUtils.java:logGet(43)) - raft.server.snapshot.retention.file.num = 5 (custom)
2019-10-15 09:50:05,989 [pool-429-thread-1] INFO  server.RaftServerConfigKeys (ConfUtils.java:logGet(43)) - raft.server.retrycache.expirytime = 600000ms (custom)
2019-10-15 09:50:05,989 [pool-429-thread-1] INFO  impl.RaftServerImpl (RaftServerImpl.java:start(181)) - 63a63ab0-f006-4512-94a0-906e790af962@group-75478CA9A1CC: start as a follower, conf=-1: [63a63ab0-f006-4512-94a0-906e790af962:192.168.69.65:41910], old=null
2019-10-15 09:50:05,990 [pool-429-thread-1] INFO  impl.RaftServerImpl (RaftServerImpl.java:setRole(170)) - 63a63ab0-f006-4512-94a0-906e790af962@group-75478CA9A1CC: changes role from      null to FOLLOWER at term 0 for startAsFollower
2019-10-15 09:50:05,990 [pool-429-thread-1] INFO  impl.RoleInfo (RoleInfo.java:updateAndGet(143)) - 63a63ab0-f006-4512-94a0-906e790af962: start FollowerState
2019-10-15 09:50:05,990 [pool-429-thread-1] INFO  util.JmxRegister (JmxRegister.java:tryRegister(44)) - Successfully registered JMX Bean with object name Ratis:service=RaftServer,group=group-75478CA9A1CC,id=63a63ab0-f006-4512-94a0-906e790af962
2019-10-15 09:50:05,992 [RatisPipelineUtilsThread] INFO  pipeline.PipelineStateManager (PipelineStateManager.java:addPipeline(56)) - Created pipeline Pipeline[ Id: 99323881-ca0f-45ef-b4de-75478ca9a1cc, Nodes: 63a63ab0-f006-4512-94a0-906e790af962{ip: 192.168.69.65, host: dev-nightly-20191015-lc69l-4092513605, networkLocation: /default-rack, certSerialId: null}, Type:RATIS, Factor:ONE, State:OPEN]
2019-10-15 09:50:06,000 [grpc-default-executor-8] INFO  impl.RaftServerProxy (RaftServerProxy.java:addNew(89)) - 63a63ab0-f006-4512-94a0-906e790af962: addNew group-24B352F19AE2:[4591bcc6-b20c-4f7c-8784-c3850556b9a1:192.168.69.65:42203, 63a63ab0-f006-4512-94a0-906e790af962:192.168.69.65:41910, 41d350ce-3b0d-42cb-ac79-45ad784101b6:192.168.69.65:34126] returns group-24B352F19AE2:java.util.concurrent.CompletableFuture@6642d1e2[Not completed]
2019-10-15 09:50:06,000 [grpc-default-executor-6] INFO  impl.RaftServerProxy (RaftServerProxy.java:addNew(89)) - 4591bcc6-b20c-4f7c-8784-c3850556b9a1: addNew group-24B352F19AE2:[4591bcc6-b20c-4f7c-8784-c3850556b9a1:192.168.69.65:42203, 63a63ab0-f006-4512-94a0-906e790af962:192.168.69.65:41910, 41d350ce-3b0d-42cb-ac79-45ad784101b6:192.168.69.65:34126] returns group-24B352F19AE2:java.util.concurrent.CompletableFuture@4aab9cc5[Not completed]
2019-10-15 09:50:06,001 [grpc-default-executor-5] INFO  impl.RaftServerProxy (RaftServerProxy.java:addNew(89)) - 41d350ce-3b0d-42cb-ac79-45ad784101b6: addNew group-24B352F19AE2:[4591bcc6-b20c-4f7c-8784-c3850556b9a1:192.168.69.65:42203, 63a63ab0-f006-4512-94a0-906e790af962:192.168.69.65:41910, 41d350ce-3b0d-42cb-ac79-45ad784101b6:192.168.69.65:34126] returns group-24B352F19AE2:java.util.concurrent.CompletableFuture@22a9b48[Not completed]
2019-10-15 09:50:06,001 [pool-429-thread-1] INFO  impl.RaftServerImpl (RaftServerImpl.java:<init>(95)) - 63a63ab0-f006-4512-94a0-906e790af962: new RaftServerImpl for group-24B352F19AE2:[4591bcc6-b20c-4f7c-8784-c3850556b9a1:192.168.69.65:42203, 63a63ab0-f006-4512-94a0-906e790af962:192.168.69.65:41910, 41d350ce-3b0d-42cb-ac79-45ad784101b6:192.168.69.65:34126] with ContainerStateMachine:uninitialized
2019-10-15 09:50:06,002 [pool-429-thread-1] INFO  server.RaftServerConfigKeys (ConfUtils.java:logGet(43)) - raft.server.rpc.timeout.min = 5s (custom)
2019-10-15 09:50:06,002 [pool-429-thread-1] INFO  server.RaftServerConfigKeys (ConfUtils.java:logGet(43)) - raft.server.rpc.timeout.max = 5200ms (custom)
2019-10-15 09:50:06,002 [pool-429-thread-1] INFO  server.RaftServerConfigKeys (ConfUtils.java:logGet(43)) - raft.server.rpcslowness.timeout = 120s (custom)
2019-10-15 09:50:06,002 [pool-429-thread-1] INFO  server.RaftServerConfigKeys (ConfUtils.java:logGet(43)) - raft.server.sleep.deviation.threshold = 300 (default)
2019-10-15 09:50:06,002 [pool-429-thread-1] INFO  server.RaftServerConfigKeys (ConfUtils.java:logGet(43)) - raft.server.log.appender.install.snapshot.enabled = false (custom)
2019-10-15 09:50:06,002 [pool-429-thread-1] INFO  impl.RaftServerImpl (ServerState.java:<init>(103)) - 63a63ab0-f006-4512-94a0-906e790af962@group-24B352F19AE2: ConfigurationManager, init=-1: [4591bcc6-b20c-4f7c-8784-c3850556b9a1:192.168.69.65:42203, 63a63ab0-f006-4512-94a0-906e790af962:192.168.69.65:41910, 41d350ce-3b0d-42cb-ac79-45ad784101b6:192.168.69.65:34126], old=null, confs=<EMPTY_MAP>
2019-10-15 09:50:06,002 [pool-429-thread-1] INFO  server.RaftServerConfigKeys (ConfUtils.java:logGet(43)) - raft.server.storage.dir = [/workdir/hadoop-ozone/integration-test/target/test-dir/MiniOzoneClusterImpl-45124f6e-3bdf-436f-a07d-bda8ed490d47/datanode-2/data/ratis] (custom)
2019-10-15 09:50:06,002 [pool-429-thread-1] INFO  server.RaftServerConfigKeys (ConfUtils.java:logGet(43)) - raft.server.log.corruption.policy = EXCEPTION (default)
2019-10-15 09:50:06,003 [pool-409-thread-1] INFO  impl.RaftServerImpl (RaftServerImpl.java:<init>(95)) - 41d350ce-3b0d-42cb-ac79-45ad784101b6: new RaftServerImpl for group-24B352F19AE2:[4591bcc6-b20c-4f7c-8784-c3850556b9a1:192.168.69.65:42203, 63a63ab0-f006-4512-94a0-906e790af962:192.168.69.65:41910, 41d350ce-3b0d-42cb-ac79-45ad784101b6:192.168.69.65:34126] with ContainerStateMachine:uninitialized
2019-10-15 09:50:06,003 [pool-429-thread-1] INFO  storage.RaftStorageDirectory (RaftStorageDirectory.java:analyzeStorage(246)) - The storage directory /workdir/hadoop-ozone/integration-test/target/test-dir/MiniOzoneClusterImpl-45124f6e-3bdf-436f-a07d-bda8ed490d47/datanode-2/data/ratis/06cf893a-378b-4057-a66f-24b352f19ae2 does not exist. Creating ...
2019-10-15 09:50:06,003 [pool-409-thread-1] INFO  server.RaftServerConfigKeys (ConfUtils.java:logGet(43)) - raft.server.rpc.timeout.min = 5s (custom)
2019-10-15 09:50:06,003 [pool-409-thread-1] INFO  server.RaftServerConfigKeys (ConfUtils.java:logGet(43)) - raft.server.rpc.timeout.max = 5200ms (custom)
2019-10-15 09:50:06,003 [pool-409-thread-1] INFO  server.RaftServerConfigKeys (ConfUtils.java:logGet(43)) - raft.server.rpcslowness.timeout = 120s (custom)
2019-10-15 09:50:06,003 [pool-409-thread-1] INFO  server.RaftServerConfigKeys (ConfUtils.java:logGet(43)) - raft.server.sleep.deviation.threshold = 300 (default)
2019-10-15 09:50:06,003 [pool-409-thread-1] INFO  server.RaftServerConfigKeys (ConfUtils.java:logGet(43)) - raft.server.log.appender.install.snapshot.enabled = false (custom)
2019-10-15 09:50:06,003 [pool-409-thread-1] INFO  impl.RaftServerImpl (ServerState.java:<init>(103)) - 41d350ce-3b0d-42cb-ac79-45ad784101b6@group-24B352F19AE2: ConfigurationManager, init=-1: [4591bcc6-b20c-4f7c-8784-c3850556b9a1:192.168.69.65:42203, 63a63ab0-f006-4512-94a0-906e790af962:192.168.69.65:41910, 41d350ce-3b0d-42cb-ac79-45ad784101b6:192.168.69.65:34126], old=null, confs=<EMPTY_MAP>
2019-10-15 09:50:06,003 [pool-409-thread-1] INFO  server.RaftServerConfigKeys (ConfUtils.java:logGet(43)) - raft.server.storage.dir = [/workdir/hadoop-ozone/integration-test/target/test-dir/MiniOzoneClusterImpl-45124f6e-3bdf-436f-a07d-bda8ed490d47/datanode-0/data/ratis] (custom)
2019-10-15 09:50:06,003 [pool-419-thread-1] INFO  impl.RaftServerImpl (RaftServerImpl.java:<init>(95)) - 4591bcc6-b20c-4f7c-8784-c3850556b9a1: new RaftServerImpl for group-24B352F19AE2:[4591bcc6-b20c-4f7c-8784-c3850556b9a1:192.168.69.65:42203, 63a63ab0-f006-4512-94a0-906e790af962:192.168.69.65:41910, 41d350ce-3b0d-42cb-ac79-45ad784101b6:192.168.69.65:34126] with ContainerStateMachine:uninitialized
2019-10-15 09:50:06,004 [pool-409-thread-1] INFO  server.RaftServerConfigKeys (ConfUtils.java:logGet(43)) - raft.server.log.corruption.policy = EXCEPTION (default)
2019-10-15 09:50:06,004 [pool-419-thread-1] INFO  server.RaftServerConfigKeys (ConfUtils.java:logGet(43)) - raft.server.rpc.timeout.min = 5s (custom)
2019-10-15 09:50:06,004 [pool-409-thread-1] INFO  storage.RaftStorageDirectory (RaftStorageDirectory.java:analyzeStorage(246)) - The storage directory /workdir/hadoop-ozone/integration-test/target/test-dir/MiniOzoneClusterImpl-45124f6e-3bdf-436f-a07d-bda8ed490d47/datanode-0/data/ratis/06cf893a-378b-4057-a66f-24b352f19ae2 does not exist. Creating ...
2019-10-15 09:50:06,004 [pool-419-thread-1] INFO  server.RaftServerConfigKeys (ConfUtils.java:logGet(43)) - raft.server.rpc.timeout.max = 5200ms (custom)
2019-10-15 09:50:06,004 [pool-419-thread-1] INFO  server.RaftServerConfigKeys (ConfUtils.java:logGet(43)) - raft.server.rpcslowness.timeout = 120s (custom)
2019-10-15 09:50:06,004 [pool-419-thread-1] INFO  server.RaftServerConfigKeys (ConfUtils.java:logGet(43)) - raft.server.sleep.deviation.threshold = 300 (default)
2019-10-15 09:50:06,004 [pool-419-thread-1] INFO  server.RaftServerConfigKeys (ConfUtils.java:logGet(43)) - raft.server.log.appender.install.snapshot.enabled = false (custom)
2019-10-15 09:50:06,004 [pool-419-thread-1] INFO  impl.RaftServerImpl (ServerState.java:<init>(103)) - 4591bcc6-b20c-4f7c-8784-c3850556b9a1@group-24B352F19AE2: ConfigurationManager, init=-1: [4591bcc6-b20c-4f7c-8784-c3850556b9a1:192.168.69.65:42203, 63a63ab0-f006-4512-94a0-906e790af962:192.168.69.65:41910, 41d350ce-3b0d-42cb-ac79-45ad784101b6:192.168.69.65:34126], old=null, confs=<EMPTY_MAP>
2019-10-15 09:50:06,005 [pool-419-thread-1] INFO  server.RaftServerConfigKeys (ConfUtils.java:logGet(43)) - raft.server.storage.dir = [/workdir/hadoop-ozone/integration-test/target/test-dir/MiniOzoneClusterImpl-45124f6e-3bdf-436f-a07d-bda8ed490d47/datanode-1/data/ratis] (custom)
2019-10-15 09:50:06,005 [pool-419-thread-1] INFO  server.RaftServerConfigKeys (ConfUtils.java:logGet(43)) - raft.server.log.corruption.policy = EXCEPTION (default)
2019-10-15 09:50:06,005 [pool-419-thread-1] INFO  storage.RaftStorageDirectory (RaftStorageDirectory.java:analyzeStorage(246)) - The storage directory /workdir/hadoop-ozone/integration-test/target/test-dir/MiniOzoneClusterImpl-45124f6e-3bdf-436f-a07d-bda8ed490d47/datanode-1/data/ratis/06cf893a-378b-4057-a66f-24b352f19ae2 does not exist. Creating ...
2019-10-15 09:50:06,016 [pool-419-thread-1] INFO  storage.RaftStorageDirectory (RaftStorageDirectory.java:tryLock(328)) - Lock on /workdir/hadoop-ozone/integration-test/target/test-dir/MiniOzoneClusterImpl-45124f6e-3bdf-436f-a07d-bda8ed490d47/datanode-1/data/ratis/06cf893a-378b-4057-a66f-24b352f19ae2/in_use.lock acquired by nodename 13614@dev-nightly-20191015-lc69l-4092513605
2019-10-15 09:50:06,016 [pool-409-thread-1] INFO  storage.RaftStorageDirectory (RaftStorageDirectory.java:tryLock(328)) - Lock on /workdir/hadoop-ozone/integration-test/target/test-dir/MiniOzoneClusterImpl-45124f6e-3bdf-436f-a07d-bda8ed490d47/datanode-0/data/ratis/06cf893a-378b-4057-a66f-24b352f19ae2/in_use.lock acquired by nodename 13614@dev-nightly-20191015-lc69l-4092513605
2019-10-15 09:50:06,016 [pool-429-thread-1] INFO  storage.RaftStorageDirectory (RaftStorageDirectory.java:tryLock(328)) - Lock on /workdir/hadoop-ozone/integration-test/target/test-dir/MiniOzoneClusterImpl-45124f6e-3bdf-436f-a07d-bda8ed490d47/datanode-2/data/ratis/06cf893a-378b-4057-a66f-24b352f19ae2/in_use.lock acquired by nodename 13614@dev-nightly-20191015-lc69l-4092513605
2019-10-15 09:50:06,030 [pool-419-thread-1] INFO  storage.RaftStorage (RaftStorage.java:format(84)) - Storage directory /workdir/hadoop-ozone/integration-test/target/test-dir/MiniOzoneClusterImpl-45124f6e-3bdf-436f-a07d-bda8ed490d47/datanode-1/data/ratis/06cf893a-378b-4057-a66f-24b352f19ae2 has been successfully formatted.
2019-10-15 09:50:06,030 [pool-429-thread-1] INFO  storage.RaftStorage (RaftStorage.java:format(84)) - Storage directory /workdir/hadoop-ozone/integration-test/target/test-dir/MiniOzoneClusterImpl-45124f6e-3bdf-436f-a07d-bda8ed490d47/datanode-2/data/ratis/06cf893a-378b-4057-a66f-24b352f19ae2 has been successfully formatted.
2019-10-15 09:50:06,030 [pool-409-thread-1] INFO  storage.RaftStorage (RaftStorage.java:format(84)) - Storage directory /workdir/hadoop-ozone/integration-test/target/test-dir/MiniOzoneClusterImpl-45124f6e-3bdf-436f-a07d-bda8ed490d47/datanode-0/data/ratis/06cf893a-378b-4057-a66f-24b352f19ae2 has been successfully formatted.
2019-10-15 09:50:06,030 [pool-429-thread-1] INFO  ratis.ContainerStateMachine (ContainerStateMachine.java:loadSnapshot(231)) - group-24B352F19AE2: The snapshot info is null. Setting the last applied indexto:(t:0, i:~)
2019-10-15 09:50:06,030 [pool-409-thread-1] INFO  ratis.ContainerStateMachine (ContainerStateMachine.java:loadSnapshot(231)) - group-24B352F19AE2: The snapshot info is null. Setting the last applied indexto:(t:0, i:~)
2019-10-15 09:50:06,030 [pool-419-thread-1] INFO  ratis.ContainerStateMachine (ContainerStateMachine.java:loadSnapshot(231)) - group-24B352F19AE2: The snapshot info is null. Setting the last applied indexto:(t:0, i:~)
2019-10-15 09:50:06,030 [pool-409-thread-1] INFO  server.RaftServerConfigKeys (ConfUtils.java:logGet(43)) - raft.server.notification.no-leader.timeout = 120s (custom)
2019-10-15 09:50:06,030 [pool-429-thread-1] INFO  server.RaftServerConfigKeys (ConfUtils.java:logGet(43)) - raft.server.notification.no-leader.timeout = 120s (custom)
2019-10-15 09:50:06,030 [pool-409-thread-1] INFO  server.RaftServerConfigKeys (ConfUtils.java:logGet(43)) - raft.server.log.use.memory = false (default)
2019-10-15 09:50:06,030 [pool-419-thread-1] INFO  server.RaftServerConfigKeys (ConfUtils.java:logGet(43)) - raft.server.notification.no-leader.timeout = 120s (custom)
2019-10-15 09:50:06,030 [pool-409-thread-1] INFO  server.RaftServerConfigKeys (ConfUtils.java:logGet(43)) - raft.server.log.purge.gap = 1000000 (custom)
2019-10-15 09:50:06,030 [pool-429-thread-1] INFO  server.RaftServerConfigKeys (ConfUtils.java:logGet(43)) - raft.server.log.use.memory = false (default)
2019-10-15 09:50:06,031 [pool-409-thread-1] INFO  server.RaftServerConfigKeys (ConfUtils.java:logGet(43)) - raft.server.log.appender.buffer.byte-limit = 33554432 (custom)
2019-10-15 09:50:06,031 [pool-419-thread-1] INFO  server.RaftServerConfigKeys (ConfUtils.java:logGet(43)) - raft.server.log.use.memory = false (default)
2019-10-15 09:50:06,031 [pool-409-thread-1] INFO  server.RaftServerConfigKeys (ConfUtils.java:logGet(43)) - raft.server.log.segment.size.max = 1048576 (custom)
2019-10-15 09:50:06,031 [pool-429-thread-1] INFO  server.RaftServerConfigKeys (ConfUtils.java:logGet(43)) - raft.server.log.purge.gap = 1000000 (custom)
2019-10-15 09:50:06,031 [pool-409-thread-1] INFO  server.RaftServerConfigKeys (ConfUtils.java:logGet(43)) - raft.server.log.segment.cache.num.max = 2 (custom)
2019-10-15 09:50:06,031 [pool-419-thread-1] INFO  server.RaftServerConfigKeys (ConfUtils.java:logGet(43)) - raft.server.log.purge.gap = 1000000 (custom)
2019-10-15 09:50:06,031 [pool-409-thread-1] INFO  segmented.SegmentedRaftLogWorker (SegmentedRaftLogWorker.java:<init>(173)) - new 41d350ce-3b0d-42cb-ac79-45ad784101b6@group-24B352F19AE2-SegmentedRaftLogWorker for RaftStorage:Storage Directory /workdir/hadoop-ozone/integration-test/target/test-dir/MiniOzoneClusterImpl-45124f6e-3bdf-436f-a07d-bda8ed490d47/datanode-0/data/ratis/06cf893a-378b-4057-a66f-24b352f19ae2
2019-10-15 09:50:06,031 [pool-429-thread-1] INFO  server.RaftServerConfigKeys (ConfUtils.java:logGet(43)) - raft.server.log.appender.buffer.byte-limit = 33554432 (custom)
2019-10-15 09:50:06,031 [pool-409-thread-1] INFO  server.RaftServerConfigKeys (ConfUtils.java:logGet(43)) - raft.server.log.queue.byte-limit = 2147483647 (custom)
2019-10-15 09:50:06,031 [pool-419-thread-1] INFO  server.RaftServerConfigKeys (ConfUtils.java:logGet(43)) - raft.server.log.appender.buffer.byte-limit = 33554432 (custom)
2019-10-15 09:50:06,032 [pool-409-thread-1] INFO  server.RaftServerConfigKeys (ConfUtils.java:logGet(43)) - raft.server.log.queue.element-limit = 1024 (custom)
2019-10-15 09:50:06,032 [pool-429-thread-1] INFO  server.RaftServerConfigKeys (ConfUtils.java:logGet(43)) - raft.server.log.segment.size.max = 1048576 (custom)
2019-10-15 09:50:06,032 [pool-409-thread-1] INFO  server.RaftServerConfigKeys (ConfUtils.java:logGet(43)) - raft.server.log.segment.size.max = 1048576 (custom)
2019-10-15 09:50:06,032 [pool-419-thread-1] INFO  server.RaftServerConfigKeys (ConfUtils.java:logGet(43)) - raft.server.log.segment.size.max = 1048576 (custom)
2019-10-15 09:50:06,032 [pool-409-thread-1] INFO  server.RaftServerConfigKeys (ConfUtils.java:logGet(43)) - raft.server.log.preallocated.size = 16384 (custom)
2019-10-15 09:50:06,032 [pool-429-thread-1] INFO  server.RaftServerConfigKeys (ConfUtils.java:logGet(43)) - raft.server.log.segment.cache.num.max = 2 (custom)
2019-10-15 09:50:06,032 [pool-409-thread-1] INFO  server.RaftServerConfigKeys (ConfUtils.java:logGet(43)) - raft.server.log.write.buffer.size = 33554432 (custom)
2019-10-15 09:50:06,032 [pool-419-thread-1] INFO  server.RaftServerConfigKeys (ConfUtils.java:logGet(43)) - raft.server.log.segment.cache.num.max = 2 (custom)
2019-10-15 09:50:06,032 [pool-409-thread-1] INFO  server.RaftServerConfigKeys (ConfUtils.java:logGet(43)) - raft.server.log.force.sync.num = 128 (default)
2019-10-15 09:50:06,032 [pool-429-thread-1] INFO  segmented.SegmentedRaftLogWorker (SegmentedRaftLogWorker.java:<init>(173)) - new 63a63ab0-f006-4512-94a0-906e790af962@group-24B352F19AE2-SegmentedRaftLogWorker for RaftStorage:Storage Directory /workdir/hadoop-ozone/integration-test/target/test-dir/MiniOzoneClusterImpl-45124f6e-3bdf-436f-a07d-bda8ed490d47/datanode-2/data/ratis/06cf893a-378b-4057-a66f-24b352f19ae2
2019-10-15 09:50:06,033 [pool-409-thread-1] INFO  server.RaftServerConfigKeys (ConfUtils.java:logGet(43)) - raft.server.log.statemachine.data.sync = true (default)
2019-10-15 09:50:06,033 [pool-419-thread-1] INFO  segmented.SegmentedRaftLogWorker (SegmentedRaftLogWorker.java:<init>(173)) - new 4591bcc6-b20c-4f7c-8784-c3850556b9a1@group-24B352F19AE2-SegmentedRaftLogWorker for RaftStorage:Storage Directory /workdir/hadoop-ozone/integration-test/target/test-dir/MiniOzoneClusterImpl-45124f6e-3bdf-436f-a07d-bda8ed490d47/datanode-1/data/ratis/06cf893a-378b-4057-a66f-24b352f19ae2
2019-10-15 09:50:06,033 [pool-409-thread-1] INFO  server.RaftServerConfigKeys (ConfUtils.java:logGet(43)) - raft.server.log.statemachine.data.sync.timeout = 10s (default)
2019-10-15 09:50:06,033 [pool-429-thread-1] INFO  server.RaftServerConfigKeys (ConfUtils.java:logGet(43)) - raft.server.log.queue.byte-limit = 2147483647 (custom)
2019-10-15 09:50:06,033 [pool-409-thread-1] INFO  server.RaftServerConfigKeys (ConfUtils.java:logGet(43)) - raft.server.log.statemachine.data.sync.timeout.retry = -1 (default)
2019-10-15 09:50:06,033 [pool-419-thread-1] INFO  server.RaftServerConfigKeys (ConfUtils.java:logGet(43)) - raft.server.log.queue.byte-limit = 2147483647 (custom)
2019-10-15 09:50:06,033 [pool-409-thread-1] INFO  server.RaftServerConfigKeys (ConfUtils.java:logGet(43)) - raft.server.log.statemachine.data.caching.enabled = true (custom)
2019-10-15 09:50:06,033 [pool-429-thread-1] INFO  server.RaftServerConfigKeys (ConfUtils.java:logGet(43)) - raft.server.log.queue.element-limit = 1024 (custom)
2019-10-15 09:50:06,033 [pool-419-thread-1] INFO  server.RaftServerConfigKeys (ConfUtils.java:logGet(43)) - raft.server.log.queue.element-limit = 1024 (custom)
2019-10-15 09:50:06,034 [pool-409-thread-1] INFO  segmented.SegmentedRaftLogWorker (SegmentedRaftLogWorker.java:lambda$new$0(128)) - 41d350ce-3b0d-42cb-ac79-45ad784101b6@group-24B352F19AE2-SegmentedRaftLogWorker: flushIndex: setUnconditionally 0 -> -1
2019-10-15 09:50:06,034 [pool-429-thread-1] INFO  server.RaftServerConfigKeys (ConfUtils.java:logGet(43)) - raft.server.log.segment.size.max = 1048576 (custom)
2019-10-15 09:50:06,034 [pool-419-thread-1] INFO  server.RaftServerConfigKeys (ConfUtils.java:logGet(43)) - raft.server.log.segment.size.max = 1048576 (custom)
2019-10-15 09:50:06,034 [pool-409-thread-1] INFO  server.RaftServerConfigKeys (ConfUtils.java:logGet(43)) - raft.server.snapshot.auto.trigger.enabled = true (custom)
2019-10-15 09:50:06,034 [pool-429-thread-1] INFO  server.RaftServerConfigKeys (ConfUtils.java:logGet(43)) - raft.server.log.preallocated.size = 16384 (custom)
2019-10-15 09:50:06,034 [pool-409-thread-1] INFO  server.RaftServerConfigKeys (ConfUtils.java:logGet(43)) - raft.server.snapshot.auto.trigger.threshold = 10000 (custom)
2019-10-15 09:50:06,034 [pool-419-thread-1] INFO  server.RaftServerConfigKeys (ConfUtils.java:logGet(43)) - raft.server.log.preallocated.size = 16384 (custom)
2019-10-15 09:50:06,034 [pool-409-thread-1] INFO  server.RaftServerConfigKeys (ConfUtils.java:logGet(43)) - raft.server.snapshot.retention.file.num = 5 (custom)
2019-10-15 09:50:06,034 [pool-429-thread-1] INFO  server.RaftServerConfigKeys (ConfUtils.java:logGet(43)) - raft.server.log.write.buffer.size = 33554432 (custom)
2019-10-15 09:50:06,035 [pool-409-thread-1] INFO  server.RaftServerConfigKeys (ConfUtils.java:logGet(43)) - raft.server.retrycache.expirytime = 600000ms (custom)
2019-10-15 09:50:06,035 [pool-419-thread-1] INFO  server.RaftServerConfigKeys (ConfUtils.java:logGet(43)) - raft.server.log.write.buffer.size = 33554432 (custom)
2019-10-15 09:50:06,035 [pool-429-thread-1] INFO  server.RaftServerConfigKeys (ConfUtils.java:logGet(43)) - raft.server.log.force.sync.num = 128 (default)
2019-10-15 09:50:06,035 [pool-419-thread-1] INFO  server.RaftServerConfigKeys (ConfUtils.java:logGet(43)) - raft.server.log.force.sync.num = 128 (default)
2019-10-15 09:50:06,035 [pool-429-thread-1] INFO  server.RaftServerConfigKeys (ConfUtils.java:logGet(43)) - raft.server.log.statemachine.data.sync = true (default)
2019-10-15 09:50:06,035 [pool-419-thread-1] INFO  server.RaftServerConfigKeys (ConfUtils.java:logGet(43)) - raft.server.log.statemachine.data.sync = true (default)
2019-10-15 09:50:06,035 [pool-429-thread-1] INFO  server.RaftServerConfigKeys (ConfUtils.java:logGet(43)) - raft.server.log.statemachine.data.sync.timeout = 10s (default)
2019-10-15 09:50:06,035 [pool-419-thread-1] INFO  server.RaftServerConfigKeys (ConfUtils.java:logGet(43)) - raft.server.log.statemachine.data.sync.timeout = 10s (default)
2019-10-15 09:50:06,035 [pool-429-thread-1] INFO  server.RaftServerConfigKeys (ConfUtils.java:logGet(43)) - raft.server.log.statemachine.data.sync.timeout.retry = -1 (default)
2019-10-15 09:50:06,036 [pool-419-thread-1] INFO  server.RaftServerConfigKeys (ConfUtils.java:logGet(43)) - raft.server.log.statemachine.data.sync.timeout.retry = -1 (default)
2019-10-15 09:50:06,036 [pool-429-thread-1] INFO  server.RaftServerConfigKeys (ConfUtils.java:logGet(43)) - raft.server.log.statemachine.data.caching.enabled = true (custom)
2019-10-15 09:50:06,036 [pool-419-thread-1] INFO  server.RaftServerConfigKeys (ConfUtils.java:logGet(43)) - raft.server.log.statemachine.data.caching.enabled = true (custom)
2019-10-15 09:50:06,036 [pool-429-thread-1] INFO  segmented.SegmentedRaftLogWorker (SegmentedRaftLogWorker.java:lambda$new$0(128)) - 63a63ab0-f006-4512-94a0-906e790af962@group-24B352F19AE2-SegmentedRaftLogWorker: flushIndex: setUnconditionally 0 -> -1
2019-10-15 09:50:06,036 [pool-409-thread-1] INFO  impl.RaftServerImpl (RaftServerImpl.java:start(181)) - 41d350ce-3b0d-42cb-ac79-45ad784101b6@group-24B352F19AE2: start as a follower, conf=-1: [4591bcc6-b20c-4f7c-8784-c3850556b9a1:192.168.69.65:42203, 63a63ab0-f006-4512-94a0-906e790af962:192.168.69.65:41910, 41d350ce-3b0d-42cb-ac79-45ad784101b6:192.168.69.65:34126], old=null
2019-10-15 09:50:06,036 [pool-419-thread-1] INFO  segmented.SegmentedRaftLogWorker (SegmentedRaftLogWorker.java:lambda$new$0(128)) - 4591bcc6-b20c-4f7c-8784-c3850556b9a1@group-24B352F19AE2-SegmentedRaftLogWorker: flushIndex: setUnconditionally 0 -> -1
2019-10-15 09:50:06,036 [pool-429-thread-1] INFO  server.RaftServerConfigKeys (ConfUtils.java:logGet(43)) - raft.server.snapshot.auto.trigger.enabled = true (custom)
2019-10-15 09:50:06,036 [pool-409-thread-1] INFO  impl.RaftServerImpl (RaftServerImpl.java:setRole(170)) - 41d350ce-3b0d-42cb-ac79-45ad784101b6@group-24B352F19AE2: changes role from      null to FOLLOWER at term 0 for startAsFollower
2019-10-15 09:50:06,036 [pool-429-thread-1] INFO  server.RaftServerConfigKeys (ConfUtils.java:logGet(43)) - raft.server.snapshot.auto.trigger.threshold = 10000 (custom)
2019-10-15 09:50:06,037 [pool-409-thread-1] INFO  impl.RoleInfo (RoleInfo.java:updateAndGet(143)) - 41d350ce-3b0d-42cb-ac79-45ad784101b6: start FollowerState
2019-10-15 09:50:06,037 [pool-419-thread-1] INFO  server.RaftServerConfigKeys (ConfUtils.java:logGet(43)) - raft.server.snapshot.auto.trigger.enabled = true (custom)
2019-10-15 09:50:06,037 [pool-429-thread-1] INFO  server.RaftServerConfigKeys (ConfUtils.java:logGet(43)) - raft.server.snapshot.retention.file.num = 5 (custom)
2019-10-15 09:50:06,037 [pool-409-thread-1] INFO  util.JmxRegister (JmxRegister.java:tryRegister(44)) - Successfully registered JMX Bean with object name Ratis:service=RaftServer,group=group-24B352F19AE2,id=41d350ce-3b0d-42cb-ac79-45ad784101b6
2019-10-15 09:50:06,037 [pool-419-thread-1] INFO  server.RaftServerConfigKeys (ConfUtils.java:logGet(43)) - raft.server.snapshot.auto.trigger.threshold = 10000 (custom)
2019-10-15 09:50:06,037 [pool-429-thread-1] INFO  server.RaftServerConfigKeys (ConfUtils.java:logGet(43)) - raft.server.retrycache.expirytime = 600000ms (custom)
2019-10-15 09:50:06,037 [pool-419-thread-1] INFO  server.RaftServerConfigKeys (ConfUtils.java:logGet(43)) - raft.server.snapshot.retention.file.num = 5 (custom)
2019-10-15 09:50:06,037 [pool-419-thread-1] INFO  server.RaftServerConfigKeys (ConfUtils.java:logGet(43)) - raft.server.retrycache.expirytime = 600000ms (custom)
2019-10-15 09:50:06,038 [IPC Server handler 5 on 41585] INFO  net.NetworkTopology (NetworkTopologyImpl.java:add(111)) - Added a new node: /default-rack/836f8159-e543-401f-9399-0138340b8701
2019-10-15 09:50:06,039 [IPC Server handler 5 on 41585] INFO  node.SCMNodeManager (SCMNodeManager.java:register(268)) - Registered Data node : 836f8159-e543-401f-9399-0138340b8701{ip: 192.168.69.65, host: dev-nightly-20191015-lc69l-4092513605, networkLocation: /default-rack, certSerialId: null}
2019-10-15 09:50:06,040 [pool-429-thread-1] INFO  impl.RaftServerImpl (RaftServerImpl.java:start(181)) - 63a63ab0-f006-4512-94a0-906e790af962@group-24B352F19AE2: start as a follower, conf=-1: [4591bcc6-b20c-4f7c-8784-c3850556b9a1:192.168.69.65:42203, 63a63ab0-f006-4512-94a0-906e790af962:192.168.69.65:41910, 41d350ce-3b0d-42cb-ac79-45ad784101b6:192.168.69.65:34126], old=null
2019-10-15 09:50:06,041 [pool-429-thread-1] INFO  impl.RaftServerImpl (RaftServerImpl.java:setRole(170)) - 63a63ab0-f006-4512-94a0-906e790af962@group-24B352F19AE2: changes role from      null to FOLLOWER at term 0 for startAsFollower
2019-10-15 09:50:06,041 [pool-419-thread-1] INFO  impl.RaftServerImpl (RaftServerImpl.java:start(181)) - 4591bcc6-b20c-4f7c-8784-c3850556b9a1@group-24B352F19AE2: start as a follower, conf=-1: [4591bcc6-b20c-4f7c-8784-c3850556b9a1:192.168.69.65:42203, 63a63ab0-f006-4512-94a0-906e790af962:192.168.69.65:41910, 41d350ce-3b0d-42cb-ac79-45ad784101b6:192.168.69.65:34126], old=null
2019-10-15 09:50:06,041 [pool-429-thread-1] INFO  impl.RoleInfo (RoleInfo.java:updateAndGet(143)) - 63a63ab0-f006-4512-94a0-906e790af962: start FollowerState
2019-10-15 09:50:06,041 [pool-419-thread-1] INFO  impl.RaftServerImpl (RaftServerImpl.java:setRole(170)) - 4591bcc6-b20c-4f7c-8784-c3850556b9a1@group-24B352F19AE2: changes role from      null to FOLLOWER at term 0 for startAsFollower
2019-10-15 09:50:06,041 [pool-419-thread-1] INFO  impl.RoleInfo (RoleInfo.java:updateAndGet(143)) - 4591bcc6-b20c-4f7c-8784-c3850556b9a1: start FollowerState
2019-10-15 09:50:06,049 [pool-429-thread-1] INFO  util.JmxRegister (JmxRegister.java:tryRegister(44)) - Successfully registered JMX Bean with object name Ratis:service=RaftServer,group=group-24B352F19AE2,id=63a63ab0-f006-4512-94a0-906e790af962
2019-10-15 09:50:06,049 [pool-419-thread-1] INFO  util.JmxRegister (JmxRegister.java:tryRegister(44)) - Successfully registered JMX Bean with object name Ratis:service=RaftServer,group=group-24B352F19AE2,id=4591bcc6-b20c-4f7c-8784-c3850556b9a1
2019-10-15 09:50:06,060 [RatisPipelineUtilsThread] INFO  pipeline.PipelineStateManager (PipelineStateManager.java:addPipeline(56)) - Created pipeline Pipeline[ Id: 06cf893a-378b-4057-a66f-24b352f19ae2, Nodes: 4591bcc6-b20c-4f7c-8784-c3850556b9a1{ip: 192.168.69.65, host: dev-nightly-20191015-lc69l-4092513605, networkLocation: /default-rack, certSerialId: null}63a63ab0-f006-4512-94a0-906e790af962{ip: 192.168.69.65, host: dev-nightly-20191015-lc69l-4092513605, networkLocation: /default-rack, certSerialId: null}41d350ce-3b0d-42cb-ac79-45ad784101b6{ip: 192.168.69.65, host: dev-nightly-20191015-lc69l-4092513605, networkLocation: /default-rack, certSerialId: null}, Type:RATIS, Factor:THREE, State:OPEN]
2019-10-15 09:50:06,124 [IPC Server handler 6 on 41585] INFO  net.NetworkTopology (NetworkTopologyImpl.java:add(111)) - Added a new node: /default-rack/d74dfd8f-242e-45aa-8b2e-30d7f206e722
2019-10-15 09:50:06,124 [IPC Server handler 6 on 41585] INFO  node.SCMNodeManager (SCMNodeManager.java:register(268)) - Registered Data node : d74dfd8f-242e-45aa-8b2e-30d7f206e722{ip: 192.168.69.65, host: dev-nightly-20191015-lc69l-4092513605, networkLocation: /default-rack, certSerialId: null}
2019-10-15 09:50:06,130 [grpc-default-executor-5] INFO  impl.RaftServerProxy (RaftServerProxy.java:addNew(89)) - 836f8159-e543-401f-9399-0138340b8701: addNew group-463D89783144:[836f8159-e543-401f-9399-0138340b8701:192.168.69.65:40774] returns group-463D89783144:java.util.concurrent.CompletableFuture@131e8103[Not completed]
2019-10-15 09:50:06,133 [pool-439-thread-1] INFO  impl.RaftServerImpl (RaftServerImpl.java:<init>(95)) - 836f8159-e543-401f-9399-0138340b8701: new RaftServerImpl for group-463D89783144:[836f8159-e543-401f-9399-0138340b8701:192.168.69.65:40774] with ContainerStateMachine:uninitialized
2019-10-15 09:50:06,134 [pool-439-thread-1] INFO  server.RaftServerConfigKeys (ConfUtils.java:logGet(43)) - raft.server.rpc.timeout.min = 5s (custom)
2019-10-15 09:50:06,134 [pool-439-thread-1] INFO  server.RaftServerConfigKeys (ConfUtils.java:logGet(43)) - raft.server.rpc.timeout.max = 5200ms (custom)
2019-10-15 09:50:06,134 [pool-439-thread-1] INFO  server.RaftServerConfigKeys (ConfUtils.java:logGet(43)) - raft.server.rpcslowness.timeout = 120s (custom)
2019-10-15 09:50:06,134 [pool-439-thread-1] INFO  server.RaftServerConfigKeys (ConfUtils.java:logGet(43)) - raft.server.sleep.deviation.threshold = 300 (default)
2019-10-15 09:50:06,134 [pool-439-thread-1] INFO  server.RaftServerConfigKeys (ConfUtils.java:logGet(43)) - raft.server.log.appender.install.snapshot.enabled = false (custom)
2019-10-15 09:50:06,134 [pool-439-thread-1] INFO  impl.RaftServerImpl (ServerState.java:<init>(103)) - 836f8159-e543-401f-9399-0138340b8701@group-463D89783144: ConfigurationManager, init=-1: [836f8159-e543-401f-9399-0138340b8701:192.168.69.65:40774], old=null, confs=<EMPTY_MAP>
2019-10-15 09:50:06,134 [pool-439-thread-1] INFO  server.RaftServerConfigKeys (ConfUtils.java:logGet(43)) - raft.server.storage.dir = [/workdir/hadoop-ozone/integration-test/target/test-dir/MiniOzoneClusterImpl-45124f6e-3bdf-436f-a07d-bda8ed490d47/datanode-3/data/ratis] (custom)
2019-10-15 09:50:06,135 [pool-439-thread-1] INFO  server.RaftServerConfigKeys (ConfUtils.java:logGet(43)) - raft.server.log.corruption.policy = EXCEPTION (default)
2019-10-15 09:50:06,135 [pool-439-thread-1] INFO  storage.RaftStorageDirectory (RaftStorageDirectory.java:analyzeStorage(246)) - The storage directory /workdir/hadoop-ozone/integration-test/target/test-dir/MiniOzoneClusterImpl-45124f6e-3bdf-436f-a07d-bda8ed490d47/datanode-3/data/ratis/deab69fa-163f-49b5-acd0-463d89783144 does not exist. Creating ...
2019-10-15 09:50:06,148 [pool-439-thread-1] INFO  storage.RaftStorageDirectory (RaftStorageDirectory.java:tryLock(328)) - Lock on /workdir/hadoop-ozone/integration-test/target/test-dir/MiniOzoneClusterImpl-45124f6e-3bdf-436f-a07d-bda8ed490d47/datanode-3/data/ratis/deab69fa-163f-49b5-acd0-463d89783144/in_use.lock acquired by nodename 13614@dev-nightly-20191015-lc69l-4092513605
2019-10-15 09:50:06,169 [pool-439-thread-1] INFO  storage.RaftStorage (RaftStorage.java:format(84)) - Storage directory /workdir/hadoop-ozone/integration-test/target/test-dir/MiniOzoneClusterImpl-45124f6e-3bdf-436f-a07d-bda8ed490d47/datanode-3/data/ratis/deab69fa-163f-49b5-acd0-463d89783144 has been successfully formatted.
2019-10-15 09:50:06,169 [pool-439-thread-1] INFO  ratis.ContainerStateMachine (ContainerStateMachine.java:loadSnapshot(231)) - group-463D89783144: The snapshot info is null. Setting the last applied indexto:(t:0, i:~)
2019-10-15 09:50:06,169 [pool-439-thread-1] INFO  server.RaftServerConfigKeys (ConfUtils.java:logGet(43)) - raft.server.notification.no-leader.timeout = 120s (custom)
2019-10-15 09:50:06,170 [pool-439-thread-1] INFO  server.RaftServerConfigKeys (ConfUtils.java:logGet(43)) - raft.server.log.use.memory = false (default)
2019-10-15 09:50:06,170 [pool-439-thread-1] INFO  server.RaftServerConfigKeys (ConfUtils.java:logGet(43)) - raft.server.log.purge.gap = 1000000 (custom)
2019-10-15 09:50:06,170 [pool-439-thread-1] INFO  server.RaftServerConfigKeys (ConfUtils.java:logGet(43)) - raft.server.log.appender.buffer.byte-limit = 33554432 (custom)
2019-10-15 09:50:06,170 [pool-439-thread-1] INFO  server.RaftServerConfigKeys (ConfUtils.java:logGet(43)) - raft.server.log.segment.size.max = 1048576 (custom)
2019-10-15 09:50:06,171 [pool-439-thread-1] INFO  server.RaftServerConfigKeys (ConfUtils.java:logGet(43)) - raft.server.log.segment.cache.num.max = 2 (custom)
2019-10-15 09:50:06,172 [pool-439-thread-1] INFO  segmented.SegmentedRaftLogWorker (SegmentedRaftLogWorker.java:<init>(173)) - new 836f8159-e543-401f-9399-0138340b8701@group-463D89783144-SegmentedRaftLogWorker for RaftStorage:Storage Directory /workdir/hadoop-ozone/integration-test/target/test-dir/MiniOzoneClusterImpl-45124f6e-3bdf-436f-a07d-bda8ed490d47/datanode-3/data/ratis/deab69fa-163f-49b5-acd0-463d89783144
2019-10-15 09:50:06,172 [pool-439-thread-1] INFO  server.RaftServerConfigKeys (ConfUtils.java:logGet(43)) - raft.server.log.queue.byte-limit = 2147483647 (custom)
2019-10-15 09:50:06,172 [pool-439-thread-1] INFO  server.RaftServerConfigKeys (ConfUtils.java:logGet(43)) - raft.server.log.queue.element-limit = 1024 (custom)
2019-10-15 09:50:06,172 [pool-439-thread-1] INFO  server.RaftServerConfigKeys (ConfUtils.java:logGet(43)) - raft.server.log.segment.size.max = 1048576 (custom)
2019-10-15 09:50:06,172 [pool-439-thread-1] INFO  server.RaftServerConfigKeys (ConfUtils.java:logGet(43)) - raft.server.log.preallocated.size = 16384 (custom)
2019-10-15 09:50:06,172 [pool-439-thread-1] INFO  server.RaftServerConfigKeys (ConfUtils.java:logGet(43)) - raft.server.log.write.buffer.size = 33554432 (custom)
2019-10-15 09:50:06,172 [pool-439-thread-1] INFO  server.RaftServerConfigKeys (ConfUtils.java:logGet(43)) - raft.server.log.force.sync.num = 128 (default)
2019-10-15 09:50:06,172 [pool-439-thread-1] INFO  server.RaftServerConfigKeys (ConfUtils.java:logGet(43)) - raft.server.log.statemachine.data.sync = true (default)
2019-10-15 09:50:06,172 [pool-439-thread-1] INFO  server.RaftServerConfigKeys (ConfUtils.java:logGet(43)) - raft.server.log.statemachine.data.sync.timeout = 10s (default)
2019-10-15 09:50:06,173 [pool-439-thread-1] INFO  server.RaftServerConfigKeys (ConfUtils.java:logGet(43)) - raft.server.log.statemachine.data.sync.timeout.retry = -1 (default)
2019-10-15 09:50:06,173 [pool-439-thread-1] INFO  server.RaftServerConfigKeys (ConfUtils.java:logGet(43)) - raft.server.log.statemachine.data.caching.enabled = true (custom)
2019-10-15 09:50:06,173 [pool-439-thread-1] INFO  segmented.SegmentedRaftLogWorker (SegmentedRaftLogWorker.java:lambda$new$0(128)) - 836f8159-e543-401f-9399-0138340b8701@group-463D89783144-SegmentedRaftLogWorker: flushIndex: setUnconditionally 0 -> -1
2019-10-15 09:50:06,174 [pool-439-thread-1] INFO  server.RaftServerConfigKeys (ConfUtils.java:logGet(43)) - raft.server.snapshot.auto.trigger.enabled = true (custom)
2019-10-15 09:50:06,174 [pool-439-thread-1] INFO  server.RaftServerConfigKeys (ConfUtils.java:logGet(43)) - raft.server.snapshot.auto.trigger.threshold = 10000 (custom)
2019-10-15 09:50:06,174 [pool-439-thread-1] INFO  server.RaftServerConfigKeys (ConfUtils.java:logGet(43)) - raft.server.snapshot.retention.file.num = 5 (custom)
2019-10-15 09:50:06,174 [pool-439-thread-1] INFO  server.RaftServerConfigKeys (ConfUtils.java:logGet(43)) - raft.server.retrycache.expirytime = 600000ms (custom)
2019-10-15 09:50:06,175 [pool-439-thread-1] INFO  impl.RaftServerImpl (RaftServerImpl.java:start(181)) - 836f8159-e543-401f-9399-0138340b8701@group-463D89783144: start as a follower, conf=-1: [836f8159-e543-401f-9399-0138340b8701:192.168.69.65:40774], old=null
2019-10-15 09:50:06,176 [pool-439-thread-1] INFO  impl.RaftServerImpl (RaftServerImpl.java:setRole(170)) - 836f8159-e543-401f-9399-0138340b8701@group-463D89783144: changes role from      null to FOLLOWER at term 0 for startAsFollower
2019-10-15 09:50:06,176 [pool-439-thread-1] INFO  impl.RoleInfo (RoleInfo.java:updateAndGet(143)) - 836f8159-e543-401f-9399-0138340b8701: start FollowerState
2019-10-15 09:50:06,176 [pool-439-thread-1] INFO  util.JmxRegister (JmxRegister.java:tryRegister(44)) - Successfully registered JMX Bean with object name Ratis:service=RaftServer,group=group-463D89783144,id=836f8159-e543-401f-9399-0138340b8701
2019-10-15 09:50:06,180 [RatisPipelineUtilsThread] INFO  pipeline.PipelineStateManager (PipelineStateManager.java:addPipeline(56)) - Created pipeline Pipeline[ Id: deab69fa-163f-49b5-acd0-463d89783144, Nodes: 836f8159-e543-401f-9399-0138340b8701{ip: 192.168.69.65, host: dev-nightly-20191015-lc69l-4092513605, networkLocation: /default-rack, certSerialId: null}, Type:RATIS, Factor:ONE, State:OPEN]
2019-10-15 09:50:06,186 [grpc-default-executor-5] INFO  impl.RaftServerProxy (RaftServerProxy.java:addNew(89)) - d74dfd8f-242e-45aa-8b2e-30d7f206e722: addNew group-B853B88A0A66:[d74dfd8f-242e-45aa-8b2e-30d7f206e722:192.168.69.65:34992] returns group-B853B88A0A66:java.util.concurrent.CompletableFuture@34708ab7[Not completed]
2019-10-15 09:50:06,187 [pool-449-thread-1] INFO  impl.RaftServerImpl (RaftServerImpl.java:<init>(95)) - d74dfd8f-242e-45aa-8b2e-30d7f206e722: new RaftServerImpl for group-B853B88A0A66:[d74dfd8f-242e-45aa-8b2e-30d7f206e722:192.168.69.65:34992] with ContainerStateMachine:uninitialized
2019-10-15 09:50:06,187 [pool-449-thread-1] INFO  server.RaftServerConfigKeys (ConfUtils.java:logGet(43)) - raft.server.rpc.timeout.min = 5s (custom)
2019-10-15 09:50:06,187 [pool-449-thread-1] INFO  server.RaftServerConfigKeys (ConfUtils.java:logGet(43)) - raft.server.rpc.timeout.max = 5200ms (custom)
2019-10-15 09:50:06,187 [pool-449-thread-1] INFO  server.RaftServerConfigKeys (ConfUtils.java:logGet(43)) - raft.server.rpcslowness.timeout = 120s (custom)
2019-10-15 09:50:06,187 [pool-449-thread-1] INFO  server.RaftServerConfigKeys (ConfUtils.java:logGet(43)) - raft.server.sleep.deviation.threshold = 300 (default)
2019-10-15 09:50:06,187 [pool-449-thread-1] INFO  server.RaftServerConfigKeys (ConfUtils.java:logGet(43)) - raft.server.log.appender.install.snapshot.enabled = false (custom)
2019-10-15 09:50:06,187 [pool-449-thread-1] INFO  impl.RaftServerImpl (ServerState.java:<init>(103)) - d74dfd8f-242e-45aa-8b2e-30d7f206e722@group-B853B88A0A66: ConfigurationManager, init=-1: [d74dfd8f-242e-45aa-8b2e-30d7f206e722:192.168.69.65:34992], old=null, confs=<EMPTY_MAP>
2019-10-15 09:50:06,188 [pool-449-thread-1] INFO  server.RaftServerConfigKeys (ConfUtils.java:logGet(43)) - raft.server.storage.dir = [/workdir/hadoop-ozone/integration-test/target/test-dir/MiniOzoneClusterImpl-45124f6e-3bdf-436f-a07d-bda8ed490d47/datanode-4/data/ratis] (custom)
2019-10-15 09:50:06,188 [pool-449-thread-1] INFO  server.RaftServerConfigKeys (ConfUtils.java:logGet(43)) - raft.server.log.corruption.policy = EXCEPTION (default)
2019-10-15 09:50:06,188 [pool-449-thread-1] INFO  storage.RaftStorageDirectory (RaftStorageDirectory.java:analyzeStorage(246)) - The storage directory /workdir/hadoop-ozone/integration-test/target/test-dir/MiniOzoneClusterImpl-45124f6e-3bdf-436f-a07d-bda8ed490d47/datanode-4/data/ratis/59bfff9a-7e3f-4a13-af5b-b853b88a0a66 does not exist. Creating ...
2019-10-15 09:50:06,192 [IPC Server handler 0 on 41585] INFO  net.NetworkTopology (NetworkTopologyImpl.java:add(111)) - Added a new node: /default-rack/e970edca-b356-45da-9694-b2b3a315242e
2019-10-15 09:50:06,192 [IPC Server handler 0 on 41585] INFO  node.SCMNodeManager (SCMNodeManager.java:register(268)) - Registered Data node : e970edca-b356-45da-9694-b2b3a315242e{ip: 192.168.69.65, host: dev-nightly-20191015-lc69l-4092513605, networkLocation: /default-rack, certSerialId: null}
2019-10-15 09:50:06,202 [pool-449-thread-1] INFO  storage.RaftStorageDirectory (RaftStorageDirectory.java:tryLock(328)) - Lock on /workdir/hadoop-ozone/integration-test/target/test-dir/MiniOzoneClusterImpl-45124f6e-3bdf-436f-a07d-bda8ed490d47/datanode-4/data/ratis/59bfff9a-7e3f-4a13-af5b-b853b88a0a66/in_use.lock acquired by nodename 13614@dev-nightly-20191015-lc69l-4092513605
2019-10-15 09:50:06,215 [pool-449-thread-1] INFO  storage.RaftStorage (RaftStorage.java:format(84)) - Storage directory /workdir/hadoop-ozone/integration-test/target/test-dir/MiniOzoneClusterImpl-45124f6e-3bdf-436f-a07d-bda8ed490d47/datanode-4/data/ratis/59bfff9a-7e3f-4a13-af5b-b853b88a0a66 has been successfully formatted.
2019-10-15 09:50:06,215 [pool-449-thread-1] INFO  ratis.ContainerStateMachine (ContainerStateMachine.java:loadSnapshot(231)) - group-B853B88A0A66: The snapshot info is null. Setting the last applied indexto:(t:0, i:~)
2019-10-15 09:50:06,215 [pool-449-thread-1] INFO  server.RaftServerConfigKeys (ConfUtils.java:logGet(43)) - raft.server.notification.no-leader.timeout = 120s (custom)
2019-10-15 09:50:06,215 [pool-449-thread-1] INFO  server.RaftServerConfigKeys (ConfUtils.java:logGet(43)) - raft.server.log.use.memory = false (default)
2019-10-15 09:50:06,215 [pool-449-thread-1] INFO  server.RaftServerConfigKeys (ConfUtils.java:logGet(43)) - raft.server.log.purge.gap = 1000000 (custom)
2019-10-15 09:50:06,216 [pool-449-thread-1] INFO  server.RaftServerConfigKeys (ConfUtils.java:logGet(43)) - raft.server.log.appender.buffer.byte-limit = 33554432 (custom)
2019-10-15 09:50:06,216 [pool-449-thread-1] INFO  server.RaftServerConfigKeys (ConfUtils.java:logGet(43)) - raft.server.log.segment.size.max = 1048576 (custom)
2019-10-15 09:50:06,217 [pool-449-thread-1] INFO  server.RaftServerConfigKeys (ConfUtils.java:logGet(43)) - raft.server.log.segment.cache.num.max = 2 (custom)
2019-10-15 09:50:06,217 [pool-449-thread-1] INFO  segmented.SegmentedRaftLogWorker (SegmentedRaftLogWorker.java:<init>(173)) - new d74dfd8f-242e-45aa-8b2e-30d7f206e722@group-B853B88A0A66-SegmentedRaftLogWorker for RaftStorage:Storage Directory /workdir/hadoop-ozone/integration-test/target/test-dir/MiniOzoneClusterImpl-45124f6e-3bdf-436f-a07d-bda8ed490d47/datanode-4/data/ratis/59bfff9a-7e3f-4a13-af5b-b853b88a0a66
2019-10-15 09:50:06,217 [pool-449-thread-1] INFO  server.RaftServerConfigKeys (ConfUtils.java:logGet(43)) - raft.server.log.queue.byte-limit = 2147483647 (custom)
2019-10-15 09:50:06,217 [pool-449-thread-1] INFO  server.RaftServerConfigKeys (ConfUtils.java:logGet(43)) - raft.server.log.queue.element-limit = 1024 (custom)
2019-10-15 09:50:06,217 [pool-449-thread-1] INFO  server.RaftServerConfigKeys (ConfUtils.java:logGet(43)) - raft.server.log.segment.size.max = 1048576 (custom)
2019-10-15 09:50:06,218 [pool-449-thread-1] INFO  server.RaftServerConfigKeys (ConfUtils.java:logGet(43)) - raft.server.log.preallocated.size = 16384 (custom)
2019-10-15 09:50:06,218 [pool-449-thread-1] INFO  server.RaftServerConfigKeys (ConfUtils.java:logGet(43)) - raft.server.log.write.buffer.size = 33554432 (custom)
2019-10-15 09:50:06,218 [pool-449-thread-1] INFO  server.RaftServerConfigKeys (ConfUtils.java:logGet(43)) - raft.server.log.force.sync.num = 128 (default)
2019-10-15 09:50:06,218 [pool-449-thread-1] INFO  server.RaftServerConfigKeys (ConfUtils.java:logGet(43)) - raft.server.log.statemachine.data.sync = true (default)
2019-10-15 09:50:06,218 [pool-449-thread-1] INFO  server.RaftServerConfigKeys (ConfUtils.java:logGet(43)) - raft.server.log.statemachine.data.sync.timeout = 10s (default)
2019-10-15 09:50:06,218 [pool-449-thread-1] INFO  server.RaftServerConfigKeys (ConfUtils.java:logGet(43)) - raft.server.log.statemachine.data.sync.timeout.retry = -1 (default)
2019-10-15 09:50:06,218 [pool-449-thread-1] INFO  server.RaftServerConfigKeys (ConfUtils.java:logGet(43)) - raft.server.log.statemachine.data.caching.enabled = true (custom)
2019-10-15 09:50:06,219 [pool-449-thread-1] INFO  segmented.SegmentedRaftLogWorker (SegmentedRaftLogWorker.java:lambda$new$0(128)) - d74dfd8f-242e-45aa-8b2e-30d7f206e722@group-B853B88A0A66-SegmentedRaftLogWorker: flushIndex: setUnconditionally 0 -> -1
2019-10-15 09:50:06,219 [pool-449-thread-1] INFO  server.RaftServerConfigKeys (ConfUtils.java:logGet(43)) - raft.server.snapshot.auto.trigger.enabled = true (custom)
2019-10-15 09:50:06,219 [pool-449-thread-1] INFO  server.RaftServerConfigKeys (ConfUtils.java:logGet(43)) - raft.server.snapshot.auto.trigger.threshold = 10000 (custom)
2019-10-15 09:50:06,219 [pool-449-thread-1] INFO  server.RaftServerConfigKeys (ConfUtils.java:logGet(43)) - raft.server.snapshot.retention.file.num = 5 (custom)
2019-10-15 09:50:06,219 [pool-449-thread-1] INFO  server.RaftServerConfigKeys (ConfUtils.java:logGet(43)) - raft.server.retrycache.expirytime = 600000ms (custom)
2019-10-15 09:50:06,221 [pool-449-thread-1] INFO  impl.RaftServerImpl (RaftServerImpl.java:start(181)) - d74dfd8f-242e-45aa-8b2e-30d7f206e722@group-B853B88A0A66: start as a follower, conf=-1: [d74dfd8f-242e-45aa-8b2e-30d7f206e722:192.168.69.65:34992], old=null
2019-10-15 09:50:06,221 [pool-449-thread-1] INFO  impl.RaftServerImpl (RaftServerImpl.java:setRole(170)) - d74dfd8f-242e-45aa-8b2e-30d7f206e722@group-B853B88A0A66: changes role from      null to FOLLOWER at term 0 for startAsFollower
2019-10-15 09:50:06,221 [pool-449-thread-1] INFO  impl.RoleInfo (RoleInfo.java:updateAndGet(143)) - d74dfd8f-242e-45aa-8b2e-30d7f206e722: start FollowerState
2019-10-15 09:50:06,221 [pool-449-thread-1] INFO  util.JmxRegister (JmxRegister.java:tryRegister(44)) - Successfully registered JMX Bean with object name Ratis:service=RaftServer,group=group-B853B88A0A66,id=d74dfd8f-242e-45aa-8b2e-30d7f206e722
2019-10-15 09:50:06,225 [RatisPipelineUtilsThread] INFO  pipeline.PipelineStateManager (PipelineStateManager.java:addPipeline(56)) - Created pipeline Pipeline[ Id: 59bfff9a-7e3f-4a13-af5b-b853b88a0a66, Nodes: d74dfd8f-242e-45aa-8b2e-30d7f206e722{ip: 192.168.69.65, host: dev-nightly-20191015-lc69l-4092513605, networkLocation: /default-rack, certSerialId: null}, Type:RATIS, Factor:ONE, State:OPEN]
2019-10-15 09:50:06,230 [grpc-default-executor-6] INFO  impl.RaftServerProxy (RaftServerProxy.java:addNew(89)) - e970edca-b356-45da-9694-b2b3a315242e: addNew group-4AEEF322D44E:[e970edca-b356-45da-9694-b2b3a315242e:192.168.69.65:45960] returns group-4AEEF322D44E:java.util.concurrent.CompletableFuture@6c4ac41c[Not completed]
2019-10-15 09:50:06,230 [pool-459-thread-1] INFO  impl.RaftServerImpl (RaftServerImpl.java:<init>(95)) - e970edca-b356-45da-9694-b2b3a315242e: new RaftServerImpl for group-4AEEF322D44E:[e970edca-b356-45da-9694-b2b3a315242e:192.168.69.65:45960] with ContainerStateMachine:uninitialized
2019-10-15 09:50:06,231 [pool-459-thread-1] INFO  server.RaftServerConfigKeys (ConfUtils.java:logGet(43)) - raft.server.rpc.timeout.min = 5s (custom)
2019-10-15 09:50:06,231 [pool-459-thread-1] INFO  server.RaftServerConfigKeys (ConfUtils.java:logGet(43)) - raft.server.rpc.timeout.max = 5200ms (custom)
2019-10-15 09:50:06,231 [pool-459-thread-1] INFO  server.RaftServerConfigKeys (ConfUtils.java:logGet(43)) - raft.server.rpcslowness.timeout = 120s (custom)
2019-10-15 09:50:06,231 [pool-459-thread-1] INFO  server.RaftServerConfigKeys (ConfUtils.java:logGet(43)) - raft.server.sleep.deviation.threshold = 300 (default)
2019-10-15 09:50:06,231 [pool-459-thread-1] INFO  server.RaftServerConfigKeys (ConfUtils.java:logGet(43)) - raft.server.log.appender.install.snapshot.enabled = false (custom)
2019-10-15 09:50:06,231 [pool-459-thread-1] INFO  impl.RaftServerImpl (ServerState.java:<init>(103)) - e970edca-b356-45da-9694-b2b3a315242e@group-4AEEF322D44E: ConfigurationManager, init=-1: [e970edca-b356-45da-9694-b2b3a315242e:192.168.69.65:45960], old=null, confs=<EMPTY_MAP>
2019-10-15 09:50:06,231 [pool-459-thread-1] INFO  server.RaftServerConfigKeys (ConfUtils.java:logGet(43)) - raft.server.storage.dir = [/workdir/hadoop-ozone/integration-test/target/test-dir/MiniOzoneClusterImpl-45124f6e-3bdf-436f-a07d-bda8ed490d47/datanode-5/data/ratis] (custom)
2019-10-15 09:50:06,231 [pool-459-thread-1] INFO  server.RaftServerConfigKeys (ConfUtils.java:logGet(43)) - raft.server.log.corruption.policy = EXCEPTION (default)
2019-10-15 09:50:06,231 [pool-459-thread-1] INFO  storage.RaftStorageDirectory (RaftStorageDirectory.java:analyzeStorage(246)) - The storage directory /workdir/hadoop-ozone/integration-test/target/test-dir/MiniOzoneClusterImpl-45124f6e-3bdf-436f-a07d-bda8ed490d47/datanode-5/data/ratis/7ec317da-3102-4893-bc4f-4aeef322d44e does not exist. Creating ...
2019-10-15 09:50:06,244 [pool-459-thread-1] INFO  storage.RaftStorageDirectory (RaftStorageDirectory.java:tryLock(328)) - Lock on /workdir/hadoop-ozone/integration-test/target/test-dir/MiniOzoneClusterImpl-45124f6e-3bdf-436f-a07d-bda8ed490d47/datanode-5/data/ratis/7ec317da-3102-4893-bc4f-4aeef322d44e/in_use.lock acquired by nodename 13614@dev-nightly-20191015-lc69l-4092513605
2019-10-15 09:50:06,257 [pool-459-thread-1] INFO  storage.RaftStorage (RaftStorage.java:format(84)) - Storage directory /workdir/hadoop-ozone/integration-test/target/test-dir/MiniOzoneClusterImpl-45124f6e-3bdf-436f-a07d-bda8ed490d47/datanode-5/data/ratis/7ec317da-3102-4893-bc4f-4aeef322d44e has been successfully formatted.
2019-10-15 09:50:06,257 [pool-459-thread-1] INFO  ratis.ContainerStateMachine (ContainerStateMachine.java:loadSnapshot(231)) - group-4AEEF322D44E: The snapshot info is null. Setting the last applied indexto:(t:0, i:~)
2019-10-15 09:50:06,257 [pool-459-thread-1] INFO  server.RaftServerConfigKeys (ConfUtils.java:logGet(43)) - raft.server.notification.no-leader.timeout = 120s (custom)
2019-10-15 09:50:06,257 [pool-459-thread-1] INFO  server.RaftServerConfigKeys (ConfUtils.java:logGet(43)) - raft.server.log.use.memory = false (default)
2019-10-15 09:50:06,257 [pool-459-thread-1] INFO  server.RaftServerConfigKeys (ConfUtils.java:logGet(43)) - raft.server.log.purge.gap = 1000000 (custom)
2019-10-15 09:50:06,257 [pool-459-thread-1] INFO  server.RaftServerConfigKeys (ConfUtils.java:logGet(43)) - raft.server.log.appender.buffer.byte-limit = 33554432 (custom)
2019-10-15 09:50:06,257 [pool-459-thread-1] INFO  server.RaftServerConfigKeys (ConfUtils.java:logGet(43)) - raft.server.log.segment.size.max = 1048576 (custom)
2019-10-15 09:50:06,258 [pool-459-thread-1] INFO  server.RaftServerConfigKeys (ConfUtils.java:logGet(43)) - raft.server.log.segment.cache.num.max = 2 (custom)
2019-10-15 09:50:06,259 [pool-459-thread-1] INFO  segmented.SegmentedRaftLogWorker (SegmentedRaftLogWorker.java:<init>(173)) - new e970edca-b356-45da-9694-b2b3a315242e@group-4AEEF322D44E-SegmentedRaftLogWorker for RaftStorage:Storage Directory /workdir/hadoop-ozone/integration-test/target/test-dir/MiniOzoneClusterImpl-45124f6e-3bdf-436f-a07d-bda8ed490d47/datanode-5/data/ratis/7ec317da-3102-4893-bc4f-4aeef322d44e
2019-10-15 09:50:06,259 [pool-459-thread-1] INFO  server.RaftServerConfigKeys (ConfUtils.java:logGet(43)) - raft.server.log.queue.byte-limit = 2147483647 (custom)
2019-10-15 09:50:06,259 [pool-459-thread-1] INFO  server.RaftServerConfigKeys (ConfUtils.java:logGet(43)) - raft.server.log.queue.element-limit = 1024 (custom)
2019-10-15 09:50:06,259 [pool-459-thread-1] INFO  server.RaftServerConfigKeys (ConfUtils.java:logGet(43)) - raft.server.log.segment.size.max = 1048576 (custom)
2019-10-15 09:50:06,259 [pool-459-thread-1] INFO  server.RaftServerConfigKeys (ConfUtils.java:logGet(43)) - raft.server.log.preallocated.size = 16384 (custom)
2019-10-15 09:50:06,259 [pool-459-thread-1] INFO  server.RaftServerConfigKeys (ConfUtils.java:logGet(43)) - raft.server.log.write.buffer.size = 33554432 (custom)
2019-10-15 09:50:06,259 [pool-459-thread-1] INFO  server.RaftServerConfigKeys (ConfUtils.java:logGet(43)) - raft.server.log.force.sync.num = 128 (default)
2019-10-15 09:50:06,259 [pool-459-thread-1] INFO  server.RaftServerConfigKeys (ConfUtils.java:logGet(43)) - raft.server.log.statemachine.data.sync = true (default)
2019-10-15 09:50:06,259 [pool-459-thread-1] INFO  server.RaftServerConfigKeys (ConfUtils.java:logGet(43)) - raft.server.log.statemachine.data.sync.timeout = 10s (default)
2019-10-15 09:50:06,259 [pool-459-thread-1] INFO  server.RaftServerConfigKeys (ConfUtils.java:logGet(43)) - raft.server.log.statemachine.data.sync.timeout.retry = -1 (default)
2019-10-15 09:50:06,260 [pool-459-thread-1] INFO  server.RaftServerConfigKeys (ConfUtils.java:logGet(43)) - raft.server.log.statemachine.data.caching.enabled = true (custom)
2019-10-15 09:50:06,260 [pool-459-thread-1] INFO  segmented.SegmentedRaftLogWorker (SegmentedRaftLogWorker.java:lambda$new$0(128)) - e970edca-b356-45da-9694-b2b3a315242e@group-4AEEF322D44E-SegmentedRaftLogWorker: flushIndex: setUnconditionally 0 -> -1
2019-10-15 09:50:06,260 [pool-459-thread-1] INFO  server.RaftServerConfigKeys (ConfUtils.java:logGet(43)) - raft.server.snapshot.auto.trigger.enabled = true (custom)
2019-10-15 09:50:06,260 [pool-459-thread-1] INFO  server.RaftServerConfigKeys (ConfUtils.java:logGet(43)) - raft.server.snapshot.auto.trigger.threshold = 10000 (custom)
2019-10-15 09:50:06,260 [pool-459-thread-1] INFO  server.RaftServerConfigKeys (ConfUtils.java:logGet(43)) - raft.server.snapshot.retention.file.num = 5 (custom)
2019-10-15 09:50:06,260 [pool-459-thread-1] INFO  server.RaftServerConfigKeys (ConfUtils.java:logGet(43)) - raft.server.retrycache.expirytime = 600000ms (custom)
2019-10-15 09:50:06,261 [pool-459-thread-1] INFO  impl.RaftServerImpl (RaftServerImpl.java:start(181)) - e970edca-b356-45da-9694-b2b3a315242e@group-4AEEF322D44E: start as a follower, conf=-1: [e970edca-b356-45da-9694-b2b3a315242e:192.168.69.65:45960], old=null
2019-10-15 09:50:06,261 [pool-459-thread-1] INFO  impl.RaftServerImpl (RaftServerImpl.java:setRole(170)) - e970edca-b356-45da-9694-b2b3a315242e@group-4AEEF322D44E: changes role from      null to FOLLOWER at term 0 for startAsFollower
2019-10-15 09:50:06,261 [pool-459-thread-1] INFO  impl.RoleInfo (RoleInfo.java:updateAndGet(143)) - e970edca-b356-45da-9694-b2b3a315242e: start FollowerState
2019-10-15 09:50:06,262 [pool-459-thread-1] INFO  util.JmxRegister (JmxRegister.java:tryRegister(44)) - Successfully registered JMX Bean with object name Ratis:service=RaftServer,group=group-4AEEF322D44E,id=e970edca-b356-45da-9694-b2b3a315242e
2019-10-15 09:50:06,265 [RatisPipelineUtilsThread] INFO  pipeline.PipelineStateManager (PipelineStateManager.java:addPipeline(56)) - Created pipeline Pipeline[ Id: 7ec317da-3102-4893-bc4f-4aeef322d44e, Nodes: e970edca-b356-45da-9694-b2b3a315242e{ip: 192.168.69.65, host: dev-nightly-20191015-lc69l-4092513605, networkLocation: /default-rack, certSerialId: null}, Type:RATIS, Factor:ONE, State:OPEN]
2019-10-15 09:50:06,271 [grpc-default-executor-6] INFO  impl.RaftServerProxy (RaftServerProxy.java:addNew(89)) - 836f8159-e543-401f-9399-0138340b8701: addNew group-4AEF79AD514B:[d74dfd8f-242e-45aa-8b2e-30d7f206e722:192.168.69.65:34992, e970edca-b356-45da-9694-b2b3a315242e:192.168.69.65:45960, 836f8159-e543-401f-9399-0138340b8701:192.168.69.65:40774] returns group-4AEF79AD514B:java.util.concurrent.CompletableFuture@69aeaf43[Not completed]
2019-10-15 09:50:06,271 [grpc-default-executor-8] INFO  impl.RaftServerProxy (RaftServerProxy.java:addNew(89)) - e970edca-b356-45da-9694-b2b3a315242e: addNew group-4AEF79AD514B:[d74dfd8f-242e-45aa-8b2e-30d7f206e722:192.168.69.65:34992, e970edca-b356-45da-9694-b2b3a315242e:192.168.69.65:45960, 836f8159-e543-401f-9399-0138340b8701:192.168.69.65:40774] returns group-4AEF79AD514B:java.util.concurrent.CompletableFuture@14683f5c[Not completed]
2019-10-15 09:50:06,271 [grpc-default-executor-5] INFO  impl.RaftServerProxy (RaftServerProxy.java:addNew(89)) - d74dfd8f-242e-45aa-8b2e-30d7f206e722: addNew group-4AEF79AD514B:[d74dfd8f-242e-45aa-8b2e-30d7f206e722:192.168.69.65:34992, e970edca-b356-45da-9694-b2b3a315242e:192.168.69.65:45960, 836f8159-e543-401f-9399-0138340b8701:192.168.69.65:40774] returns group-4AEF79AD514B:java.util.concurrent.CompletableFuture@382e30b6[Not completed]
2019-10-15 09:50:06,271 [pool-449-thread-1] INFO  impl.RaftServerImpl (RaftServerImpl.java:<init>(95)) - d74dfd8f-242e-45aa-8b2e-30d7f206e722: new RaftServerImpl for group-4AEF79AD514B:[d74dfd8f-242e-45aa-8b2e-30d7f206e722:192.168.69.65:34992, e970edca-b356-45da-9694-b2b3a315242e:192.168.69.65:45960, 836f8159-e543-401f-9399-0138340b8701:192.168.69.65:40774] with ContainerStateMachine:uninitialized
2019-10-15 09:50:06,272 [pool-449-thread-1] INFO  server.RaftServerConfigKeys (ConfUtils.java:logGet(43)) - raft.server.rpc.timeout.min = 5s (custom)
2019-10-15 09:50:06,272 [pool-449-thread-1] INFO  server.RaftServerConfigKeys (ConfUtils.java:logGet(43)) - raft.server.rpc.timeout.max = 5200ms (custom)
2019-10-15 09:50:06,272 [pool-449-thread-1] INFO  server.RaftServerConfigKeys (ConfUtils.java:logGet(43)) - raft.server.rpcslowness.timeout = 120s (custom)
2019-10-15 09:50:06,272 [pool-449-thread-1] INFO  server.RaftServerConfigKeys (ConfUtils.java:logGet(43)) - raft.server.sleep.deviation.threshold = 300 (default)
2019-10-15 09:50:06,272 [pool-439-thread-1] INFO  impl.RaftServerImpl (RaftServerImpl.java:<init>(95)) - 836f8159-e543-401f-9399-0138340b8701: new RaftServerImpl for group-4AEF79AD514B:[d74dfd8f-242e-45aa-8b2e-30d7f206e722:192.168.69.65:34992, e970edca-b356-45da-9694-b2b3a315242e:192.168.69.65:45960, 836f8159-e543-401f-9399-0138340b8701:192.168.69.65:40774] with ContainerStateMachine:uninitialized
2019-10-15 09:50:06,272 [pool-449-thread-1] INFO  server.RaftServerConfigKeys (ConfUtils.java:logGet(43)) - raft.server.log.appender.install.snapshot.enabled = false (custom)
2019-10-15 09:50:06,272 [pool-439-thread-1] INFO  server.RaftServerConfigKeys (ConfUtils.java:logGet(43)) - raft.server.rpc.timeout.min = 5s (custom)
2019-10-15 09:50:06,272 [pool-449-thread-1] INFO  impl.RaftServerImpl (ServerState.java:<init>(103)) - d74dfd8f-242e-45aa-8b2e-30d7f206e722@group-4AEF79AD514B: ConfigurationManager, init=-1: [d74dfd8f-242e-45aa-8b2e-30d7f206e722:192.168.69.65:34992, e970edca-b356-45da-9694-b2b3a315242e:192.168.69.65:45960, 836f8159-e543-401f-9399-0138340b8701:192.168.69.65:40774], old=null, confs=<EMPTY_MAP>
2019-10-15 09:50:06,272 [pool-459-thread-1] INFO  impl.RaftServerImpl (RaftServerImpl.java:<init>(95)) - e970edca-b356-45da-9694-b2b3a315242e: new RaftServerImpl for group-4AEF79AD514B:[d74dfd8f-242e-45aa-8b2e-30d7f206e722:192.168.69.65:34992, e970edca-b356-45da-9694-b2b3a315242e:192.168.69.65:45960, 836f8159-e543-401f-9399-0138340b8701:192.168.69.65:40774] with ContainerStateMachine:uninitialized
2019-10-15 09:50:06,272 [pool-439-thread-1] INFO  server.RaftServerConfigKeys (ConfUtils.java:logGet(43)) - raft.server.rpc.timeout.max = 5200ms (custom)
2019-10-15 09:50:06,272 [pool-459-thread-1] INFO  server.RaftServerConfigKeys (ConfUtils.java:logGet(43)) - raft.server.rpc.timeout.min = 5s (custom)
2019-10-15 09:50:06,272 [pool-449-thread-1] INFO  server.RaftServerConfigKeys (ConfUtils.java:logGet(43)) - raft.server.storage.dir = [/workdir/hadoop-ozone/integration-test/target/test-dir/MiniOzoneClusterImpl-45124f6e-3bdf-436f-a07d-bda8ed490d47/datanode-4/data/ratis] (custom)
2019-10-15 09:50:06,273 [pool-459-thread-1] INFO  server.RaftServerConfigKeys (ConfUtils.java:logGet(43)) - raft.server.rpc.timeout.max = 5200ms (custom)
2019-10-15 09:50:06,272 [pool-439-thread-1] INFO  server.RaftServerConfigKeys (ConfUtils.java:logGet(43)) - raft.server.rpcslowness.timeout = 120s (custom)
2019-10-15 09:50:06,273 [pool-449-thread-1] INFO  server.RaftServerConfigKeys (ConfUtils.java:logGet(43)) - raft.server.log.corruption.policy = EXCEPTION (default)
2019-10-15 09:50:06,273 [pool-459-thread-1] INFO  server.RaftServerConfigKeys (ConfUtils.java:logGet(43)) - raft.server.rpcslowness.timeout = 120s (custom)
2019-10-15 09:50:06,273 [pool-439-thread-1] INFO  server.RaftServerConfigKeys (ConfUtils.java:logGet(43)) - raft.server.sleep.deviation.threshold = 300 (default)
2019-10-15 09:50:06,273 [pool-459-thread-1] INFO  server.RaftServerConfigKeys (ConfUtils.java:logGet(43)) - raft.server.sleep.deviation.threshold = 300 (default)
2019-10-15 09:50:06,273 [pool-449-thread-1] INFO  storage.RaftStorageDirectory (RaftStorageDirectory.java:analyzeStorage(246)) - The storage directory /workdir/hadoop-ozone/integration-test/target/test-dir/MiniOzoneClusterImpl-45124f6e-3bdf-436f-a07d-bda8ed490d47/datanode-4/data/ratis/ebadc2b3-70f3-471c-b7d8-4aef79ad514b does not exist. Creating ...
2019-10-15 09:50:06,273 [pool-459-thread-1] INFO  server.RaftServerConfigKeys (ConfUtils.java:logGet(43)) - raft.server.log.appender.install.snapshot.enabled = false (custom)
2019-10-15 09:50:06,274 [pool-459-thread-1] INFO  impl.RaftServerImpl (ServerState.java:<init>(103)) - e970edca-b356-45da-9694-b2b3a315242e@group-4AEF79AD514B: ConfigurationManager, init=-1: [d74dfd8f-242e-45aa-8b2e-30d7f206e722:192.168.69.65:34992, e970edca-b356-45da-9694-b2b3a315242e:192.168.69.65:45960, 836f8159-e543-401f-9399-0138340b8701:192.168.69.65:40774], old=null, confs=<EMPTY_MAP>
2019-10-15 09:50:06,273 [pool-439-thread-1] INFO  server.RaftServerConfigKeys (ConfUtils.java:logGet(43)) - raft.server.log.appender.install.snapshot.enabled = false (custom)
2019-10-15 09:50:06,274 [pool-459-thread-1] INFO  server.RaftServerConfigKeys (ConfUtils.java:logGet(43)) - raft.server.storage.dir = [/workdir/hadoop-ozone/integration-test/target/test-dir/MiniOzoneClusterImpl-45124f6e-3bdf-436f-a07d-bda8ed490d47/datanode-5/data/ratis] (custom)
2019-10-15 09:50:06,274 [pool-439-thread-1] INFO  impl.RaftServerImpl (ServerState.java:<init>(103)) - 836f8159-e543-401f-9399-0138340b8701@group-4AEF79AD514B: ConfigurationManager, init=-1: [d74dfd8f-242e-45aa-8b2e-30d7f206e722:192.168.69.65:34992, e970edca-b356-45da-9694-b2b3a315242e:192.168.69.65:45960, 836f8159-e543-401f-9399-0138340b8701:192.168.69.65:40774], old=null, confs=<EMPTY_MAP>
2019-10-15 09:50:06,274 [pool-459-thread-1] INFO  server.RaftServerConfigKeys (ConfUtils.java:logGet(43)) - raft.server.log.corruption.policy = EXCEPTION (default)
2019-10-15 09:50:06,274 [pool-439-thread-1] INFO  server.RaftServerConfigKeys (ConfUtils.java:logGet(43)) - raft.server.storage.dir = [/workdir/hadoop-ozone/integration-test/target/test-dir/MiniOzoneClusterImpl-45124f6e-3bdf-436f-a07d-bda8ed490d47/datanode-3/data/ratis] (custom)
2019-10-15 09:50:06,274 [pool-459-thread-1] INFO  storage.RaftStorageDirectory (RaftStorageDirectory.java:analyzeStorage(246)) - The storage directory /workdir/hadoop-ozone/integration-test/target/test-dir/MiniOzoneClusterImpl-45124f6e-3bdf-436f-a07d-bda8ed490d47/datanode-5/data/ratis/ebadc2b3-70f3-471c-b7d8-4aef79ad514b does not exist. Creating ...
2019-10-15 09:50:06,274 [pool-439-thread-1] INFO  server.RaftServerConfigKeys (ConfUtils.java:logGet(43)) - raft.server.log.corruption.policy = EXCEPTION (default)
2019-10-15 09:50:06,275 [pool-439-thread-1] INFO  storage.RaftStorageDirectory (RaftStorageDirectory.java:analyzeStorage(246)) - The storage directory /workdir/hadoop-ozone/integration-test/target/test-dir/MiniOzoneClusterImpl-45124f6e-3bdf-436f-a07d-bda8ed490d47/datanode-3/data/ratis/ebadc2b3-70f3-471c-b7d8-4aef79ad514b does not exist. Creating ...
2019-10-15 09:50:06,279 [IPC Server handler 8 on 41585] INFO  net.NetworkTopology (NetworkTopologyImpl.java:add(111)) - Added a new node: /default-rack/52ddf7fd-87e1-4ea0-aa56-7b4c8c1cd600
2019-10-15 09:50:06,279 [IPC Server handler 8 on 41585] INFO  node.SCMNodeManager (SCMNodeManager.java:register(268)) - Registered Data node : 52ddf7fd-87e1-4ea0-aa56-7b4c8c1cd600{ip: 192.168.69.65, host: dev-nightly-20191015-lc69l-4092513605, networkLocation: /default-rack, certSerialId: null}
2019-10-15 09:50:06,279 [main] INFO  ozone.MiniOzoneClusterImpl (MiniOzoneClusterImpl.java:lambda$waitForClusterToBeReady$0(147)) - Cluster is ready. Got 7 of 7 DN Heartbeats.
2019-10-15 09:50:06,287 [pool-449-thread-1] INFO  storage.RaftStorageDirectory (RaftStorageDirectory.java:tryLock(328)) - Lock on /workdir/hadoop-ozone/integration-test/target/test-dir/MiniOzoneClusterImpl-45124f6e-3bdf-436f-a07d-bda8ed490d47/datanode-4/data/ratis/ebadc2b3-70f3-471c-b7d8-4aef79ad514b/in_use.lock acquired by nodename 13614@dev-nightly-20191015-lc69l-4092513605
2019-10-15 09:50:06,290 [pool-459-thread-1] INFO  storage.RaftStorageDirectory (RaftStorageDirectory.java:tryLock(328)) - Lock on /workdir/hadoop-ozone/integration-test/target/test-dir/MiniOzoneClusterImpl-45124f6e-3bdf-436f-a07d-bda8ed490d47/datanode-5/data/ratis/ebadc2b3-70f3-471c-b7d8-4aef79ad514b/in_use.lock acquired by nodename 13614@dev-nightly-20191015-lc69l-4092513605
2019-10-15 09:50:06,290 [pool-439-thread-1] INFO  storage.RaftStorageDirectory (RaftStorageDirectory.java:tryLock(328)) - Lock on /workdir/hadoop-ozone/integration-test/target/test-dir/MiniOzoneClusterImpl-45124f6e-3bdf-436f-a07d-bda8ed490d47/datanode-3/data/ratis/ebadc2b3-70f3-471c-b7d8-4aef79ad514b/in_use.lock acquired by nodename 13614@dev-nightly-20191015-lc69l-4092513605
2019-10-15 09:50:06,300 [pool-439-thread-1] INFO  storage.RaftStorage (RaftStorage.java:format(84)) - Storage directory /workdir/hadoop-ozone/integration-test/target/test-dir/MiniOzoneClusterImpl-45124f6e-3bdf-436f-a07d-bda8ed490d47/datanode-3/data/ratis/ebadc2b3-70f3-471c-b7d8-4aef79ad514b has been successfully formatted.
2019-10-15 09:50:06,300 [pool-449-thread-1] INFO  storage.RaftStorage (RaftStorage.java:format(84)) - Storage directory /workdir/hadoop-ozone/integration-test/target/test-dir/MiniOzoneClusterImpl-45124f6e-3bdf-436f-a07d-bda8ed490d47/datanode-4/data/ratis/ebadc2b3-70f3-471c-b7d8-4aef79ad514b has been successfully formatted.
2019-10-15 09:50:06,303 [pool-439-thread-1] INFO  ratis.ContainerStateMachine (ContainerStateMachine.java:loadSnapshot(231)) - group-4AEF79AD514B: The snapshot info is null. Setting the last applied indexto:(t:0, i:~)
2019-10-15 09:50:06,300 [pool-459-thread-1] INFO  storage.RaftStorage (RaftStorage.java:format(84)) - Storage directory /workdir/hadoop-ozone/integration-test/target/test-dir/MiniOzoneClusterImpl-45124f6e-3bdf-436f-a07d-bda8ed490d47/datanode-5/data/ratis/ebadc2b3-70f3-471c-b7d8-4aef79ad514b has been successfully formatted.
2019-10-15 09:50:06,316 [pool-439-thread-1] INFO  server.RaftServerConfigKeys (ConfUtils.java:logGet(43)) - raft.server.notification.no-leader.timeout = 120s (custom)
2019-10-15 09:50:06,305 [pool-449-thread-1] INFO  ratis.ContainerStateMachine (ContainerStateMachine.java:loadSnapshot(231)) - group-4AEF79AD514B: The snapshot info is null. Setting the last applied indexto:(t:0, i:~)
2019-10-15 09:50:06,316 [pool-459-thread-1] INFO  ratis.ContainerStateMachine (ContainerStateMachine.java:loadSnapshot(231)) - group-4AEF79AD514B: The snapshot info is null. Setting the last applied indexto:(t:0, i:~)
2019-10-15 09:50:06,316 [pool-439-thread-1] INFO  server.RaftServerConfigKeys (ConfUtils.java:logGet(43)) - raft.server.log.use.memory = false (default)
2019-10-15 09:50:06,316 [pool-459-thread-1] INFO  server.RaftServerConfigKeys (ConfUtils.java:logGet(43)) - raft.server.notification.no-leader.timeout = 120s (custom)
2019-10-15 09:50:06,316 [pool-449-thread-1] INFO  server.RaftServerConfigKeys (ConfUtils.java:logGet(43)) - raft.server.notification.no-leader.timeout = 120s (custom)
2019-10-15 09:50:06,317 [pool-459-thread-1] INFO  server.RaftServerConfigKeys (ConfUtils.java:logGet(43)) - raft.server.log.use.memory = false (default)
2019-10-15 09:50:06,316 [pool-439-thread-1] INFO  server.RaftServerConfigKeys (ConfUtils.java:logGet(43)) - raft.server.log.purge.gap = 1000000 (custom)
2019-10-15 09:50:06,317 [pool-459-thread-1] INFO  server.RaftServerConfigKeys (ConfUtils.java:logGet(43)) - raft.server.log.purge.gap = 1000000 (custom)
2019-10-15 09:50:06,317 [pool-449-thread-1] INFO  server.RaftServerConfigKeys (ConfUtils.java:logGet(43)) - raft.server.log.use.memory = false (default)
2019-10-15 09:50:06,317 [pool-459-thread-1] INFO  server.RaftServerConfigKeys (ConfUtils.java:logGet(43)) - raft.server.log.appender.buffer.byte-limit = 33554432 (custom)
2019-10-15 09:50:06,317 [pool-439-thread-1] INFO  server.RaftServerConfigKeys (ConfUtils.java:logGet(43)) - raft.server.log.appender.buffer.byte-limit = 33554432 (custom)
2019-10-15 09:50:06,317 [pool-459-thread-1] INFO  server.RaftServerConfigKeys (ConfUtils.java:logGet(43)) - raft.server.log.segment.size.max = 1048576 (custom)
2019-10-15 09:50:06,317 [pool-449-thread-1] INFO  server.RaftServerConfigKeys (ConfUtils.java:logGet(43)) - raft.server.log.purge.gap = 1000000 (custom)
2019-10-15 09:50:06,317 [pool-459-thread-1] INFO  server.RaftServerConfigKeys (ConfUtils.java:logGet(43)) - raft.server.log.segment.cache.num.max = 2 (custom)
2019-10-15 09:50:06,317 [pool-439-thread-1] INFO  server.RaftServerConfigKeys (ConfUtils.java:logGet(43)) - raft.server.log.segment.size.max = 1048576 (custom)
2019-10-15 09:50:06,318 [pool-459-thread-1] INFO  segmented.SegmentedRaftLogWorker (SegmentedRaftLogWorker.java:<init>(173)) - new e970edca-b356-45da-9694-b2b3a315242e@group-4AEF79AD514B-SegmentedRaftLogWorker for RaftStorage:Storage Directory /workdir/hadoop-ozone/integration-test/target/test-dir/MiniOzoneClusterImpl-45124f6e-3bdf-436f-a07d-bda8ed490d47/datanode-5/data/ratis/ebadc2b3-70f3-471c-b7d8-4aef79ad514b
2019-10-15 09:50:06,317 [pool-449-thread-1] INFO  server.RaftServerConfigKeys (ConfUtils.java:logGet(43)) - raft.server.log.appender.buffer.byte-limit = 33554432 (custom)
2019-10-15 09:50:06,318 [pool-459-thread-1] INFO  server.RaftServerConfigKeys (ConfUtils.java:logGet(43)) - raft.server.log.queue.byte-limit = 2147483647 (custom)
2019-10-15 09:50:06,318 [pool-439-thread-1] INFO  server.RaftServerConfigKeys (ConfUtils.java:logGet(43)) - raft.server.log.segment.cache.num.max = 2 (custom)
2019-10-15 09:50:06,318 [pool-459-thread-1] INFO  server.RaftServerConfigKeys (ConfUtils.java:logGet(43)) - raft.server.log.queue.element-limit = 1024 (custom)
2019-10-15 09:50:06,318 [pool-449-thread-1] INFO  server.RaftServerConfigKeys (ConfUtils.java:logGet(43)) - raft.server.log.segment.size.max = 1048576 (custom)
2019-10-15 09:50:06,318 [pool-459-thread-1] INFO  server.RaftServerConfigKeys (ConfUtils.java:logGet(43)) - raft.server.log.segment.size.max = 1048576 (custom)
2019-10-15 09:50:06,318 [pool-439-thread-1] INFO  segmented.SegmentedRaftLogWorker (SegmentedRaftLogWorker.java:<init>(173)) - new 836f8159-e543-401f-9399-0138340b8701@group-4AEF79AD514B-SegmentedRaftLogWorker for RaftStorage:Storage Directory /workdir/hadoop-ozone/integration-test/target/test-dir/MiniOzoneClusterImpl-45124f6e-3bdf-436f-a07d-bda8ed490d47/datanode-3/data/ratis/ebadc2b3-70f3-471c-b7d8-4aef79ad514b
2019-10-15 09:50:06,318 [pool-459-thread-1] INFO  server.RaftServerConfigKeys (ConfUtils.java:logGet(43)) - raft.server.log.preallocated.size = 16384 (custom)
2019-10-15 09:50:06,318 [pool-449-thread-1] INFO  server.RaftServerConfigKeys (ConfUtils.java:logGet(43)) - raft.server.log.segment.cache.num.max = 2 (custom)
2019-10-15 09:50:06,319 [pool-459-thread-1] INFO  server.RaftServerConfigKeys (ConfUtils.java:logGet(43)) - raft.server.log.write.buffer.size = 33554432 (custom)
2019-10-15 09:50:06,319 [pool-439-thread-1] INFO  server.RaftServerConfigKeys (ConfUtils.java:logGet(43)) - raft.server.log.queue.byte-limit = 2147483647 (custom)
2019-10-15 09:50:06,319 [pool-459-thread-1] INFO  server.RaftServerConfigKeys (ConfUtils.java:logGet(43)) - raft.server.log.force.sync.num = 128 (default)
2019-10-15 09:50:06,319 [pool-449-thread-1] INFO  segmented.SegmentedRaftLogWorker (SegmentedRaftLogWorker.java:<init>(173)) - new d74dfd8f-242e-45aa-8b2e-30d7f206e722@group-4AEF79AD514B-SegmentedRaftLogWorker for RaftStorage:Storage Directory /workdir/hadoop-ozone/integration-test/target/test-dir/MiniOzoneClusterImpl-45124f6e-3bdf-436f-a07d-bda8ed490d47/datanode-4/data/ratis/ebadc2b3-70f3-471c-b7d8-4aef79ad514b
2019-10-15 09:50:06,319 [pool-459-thread-1] INFO  server.RaftServerConfigKeys (ConfUtils.java:logGet(43)) - raft.server.log.statemachine.data.sync = true (default)
2019-10-15 09:50:06,319 [pool-439-thread-1] INFO  server.RaftServerConfigKeys (ConfUtils.java:logGet(43)) - raft.server.log.queue.element-limit = 1024 (custom)
2019-10-15 09:50:06,319 [pool-459-thread-1] INFO  server.RaftServerConfigKeys (ConfUtils.java:logGet(43)) - raft.server.log.statemachine.data.sync.timeout = 10s (default)
2019-10-15 09:50:06,319 [pool-449-thread-1] INFO  server.RaftServerConfigKeys (ConfUtils.java:logGet(43)) - raft.server.log.queue.byte-limit = 2147483647 (custom)
2019-10-15 09:50:06,319 [pool-459-thread-1] INFO  server.RaftServerConfigKeys (ConfUtils.java:logGet(43)) - raft.server.log.statemachine.data.sync.timeout.retry = -1 (default)
2019-10-15 09:50:06,319 [pool-439-thread-1] INFO  server.RaftServerConfigKeys (ConfUtils.java:logGet(43)) - raft.server.log.segment.size.max = 1048576 (custom)
2019-10-15 09:50:06,322 [pool-459-thread-1] INFO  server.RaftServerConfigKeys (ConfUtils.java:logGet(43)) - raft.server.log.statemachine.data.caching.enabled = true (custom)
2019-10-15 09:50:06,321 [pool-449-thread-1] INFO  server.RaftServerConfigKeys (ConfUtils.java:logGet(43)) - raft.server.log.queue.element-limit = 1024 (custom)
2019-10-15 09:50:06,322 [pool-439-thread-1] INFO  server.RaftServerConfigKeys (ConfUtils.java:logGet(43)) - raft.server.log.preallocated.size = 16384 (custom)
2019-10-15 09:50:06,322 [pool-459-thread-1] INFO  segmented.SegmentedRaftLogWorker (SegmentedRaftLogWorker.java:lambda$new$0(128)) - e970edca-b356-45da-9694-b2b3a315242e@group-4AEF79AD514B-SegmentedRaftLogWorker: flushIndex: setUnconditionally 0 -> -1
2019-10-15 09:50:06,322 [pool-449-thread-1] INFO  server.RaftServerConfigKeys (ConfUtils.java:logGet(43)) - raft.server.log.segment.size.max = 1048576 (custom)
2019-10-15 09:50:06,322 [pool-439-thread-1] INFO  server.RaftServerConfigKeys (ConfUtils.java:logGet(43)) - raft.server.log.write.buffer.size = 33554432 (custom)
2019-10-15 09:50:06,322 [pool-459-thread-1] INFO  server.RaftServerConfigKeys (ConfUtils.java:logGet(43)) - raft.server.snapshot.auto.trigger.enabled = true (custom)
2019-10-15 09:50:06,322 [pool-449-thread-1] INFO  server.RaftServerConfigKeys (ConfUtils.java:logGet(43)) - raft.server.log.preallocated.size = 16384 (custom)
2019-10-15 09:50:06,322 [pool-459-thread-1] INFO  server.RaftServerConfigKeys (ConfUtils.java:logGet(43)) - raft.server.snapshot.auto.trigger.threshold = 10000 (custom)
2019-10-15 09:50:06,322 [pool-439-thread-1] INFO  server.RaftServerConfigKeys (ConfUtils.java:logGet(43)) - raft.server.log.force.sync.num = 128 (default)
2019-10-15 09:50:06,323 [pool-459-thread-1] INFO  server.RaftServerConfigKeys (ConfUtils.java:logGet(43)) - raft.server.snapshot.retention.file.num = 5 (custom)
2019-10-15 09:50:06,322 [pool-449-thread-1] INFO  server.RaftServerConfigKeys (ConfUtils.java:logGet(43)) - raft.server.log.write.buffer.size = 33554432 (custom)
2019-10-15 09:50:06,323 [pool-459-thread-1] INFO  server.RaftServerConfigKeys (ConfUtils.java:logGet(43)) - raft.server.retrycache.expirytime = 600000ms (custom)
2019-10-15 09:50:06,323 [pool-439-thread-1] INFO  server.RaftServerConfigKeys (ConfUtils.java:logGet(43)) - raft.server.log.statemachine.data.sync = true (default)
2019-10-15 09:50:06,323 [main] INFO  rpc.RpcClient (RpcClient.java:createVolume(272)) - Creating Volume: testblockoutputstream, with jenkins1000 as owner.
2019-10-15 09:50:06,323 [pool-449-thread-1] INFO  server.RaftServerConfigKeys (ConfUtils.java:logGet(43)) - raft.server.log.force.sync.num = 128 (default)
2019-10-15 09:50:06,323 [pool-439-thread-1] INFO  server.RaftServerConfigKeys (ConfUtils.java:logGet(43)) - raft.server.log.statemachine.data.sync.timeout = 10s (default)
2019-10-15 09:50:06,323 [pool-449-thread-1] INFO  server.RaftServerConfigKeys (ConfUtils.java:logGet(43)) - raft.server.log.statemachine.data.sync = true (default)
2019-10-15 09:50:06,324 [pool-439-thread-1] INFO  server.RaftServerConfigKeys (ConfUtils.java:logGet(43)) - raft.server.log.statemachine.data.sync.timeout.retry = -1 (default)
2019-10-15 09:50:06,324 [pool-449-thread-1] INFO  server.RaftServerConfigKeys (ConfUtils.java:logGet(43)) - raft.server.log.statemachine.data.sync.timeout = 10s (default)
2019-10-15 09:50:06,324 [pool-439-thread-1] INFO  server.RaftServerConfigKeys (ConfUtils.java:logGet(43)) - raft.server.log.statemachine.data.caching.enabled = true (custom)
2019-10-15 09:50:06,324 [pool-449-thread-1] INFO  server.RaftServerConfigKeys (ConfUtils.java:logGet(43)) - raft.server.log.statemachine.data.sync.timeout.retry = -1 (default)
2019-10-15 09:50:06,324 [pool-439-thread-1] INFO  segmented.SegmentedRaftLogWorker (SegmentedRaftLogWorker.java:lambda$new$0(128)) - 836f8159-e543-401f-9399-0138340b8701@group-4AEF79AD514B-SegmentedRaftLogWorker: flushIndex: setUnconditionally 0 -> -1
2019-10-15 09:50:06,324 [pool-449-thread-1] INFO  server.RaftServerConfigKeys (ConfUtils.java:logGet(43)) - raft.server.log.statemachine.data.caching.enabled = true (custom)
2019-10-15 09:50:06,324 [pool-439-thread-1] INFO  server.RaftServerConfigKeys (ConfUtils.java:logGet(43)) - raft.server.snapshot.auto.trigger.enabled = true (custom)
2019-10-15 09:50:06,325 [pool-449-thread-1] INFO  segmented.SegmentedRaftLogWorker (SegmentedRaftLogWorker.java:lambda$new$0(128)) - d74dfd8f-242e-45aa-8b2e-30d7f206e722@group-4AEF79AD514B-SegmentedRaftLogWorker: flushIndex: setUnconditionally 0 -> -1
2019-10-15 09:50:06,325 [pool-439-thread-1] INFO  server.RaftServerConfigKeys (ConfUtils.java:logGet(43)) - raft.server.snapshot.auto.trigger.threshold = 10000 (custom)
2019-10-15 09:50:06,325 [pool-439-thread-1] INFO  server.RaftServerConfigKeys (ConfUtils.java:logGet(43)) - raft.server.snapshot.retention.file.num = 5 (custom)
2019-10-15 09:50:06,325 [pool-459-thread-1] INFO  impl.RaftServerImpl (RaftServerImpl.java:start(181)) - e970edca-b356-45da-9694-b2b3a315242e@group-4AEF79AD514B: start as a follower, conf=-1: [d74dfd8f-242e-45aa-8b2e-30d7f206e722:192.168.69.65:34992, e970edca-b356-45da-9694-b2b3a315242e:192.168.69.65:45960, 836f8159-e543-401f-9399-0138340b8701:192.168.69.65:40774], old=null
2019-10-15 09:50:06,325 [pool-449-thread-1] INFO  server.RaftServerConfigKeys (ConfUtils.java:logGet(43)) - raft.server.snapshot.auto.trigger.enabled = true (custom)
2019-10-15 09:50:06,325 [pool-459-thread-1] INFO  impl.RaftServerImpl (RaftServerImpl.java:setRole(170)) - e970edca-b356-45da-9694-b2b3a315242e@group-4AEF79AD514B: changes role from      null to FOLLOWER at term 0 for startAsFollower
2019-10-15 09:50:06,325 [pool-439-thread-1] INFO  server.RaftServerConfigKeys (ConfUtils.java:logGet(43)) - raft.server.retrycache.expirytime = 600000ms (custom)
2019-10-15 09:50:06,325 [pool-459-thread-1] INFO  impl.RoleInfo (RoleInfo.java:updateAndGet(143)) - e970edca-b356-45da-9694-b2b3a315242e: start FollowerState
2019-10-15 09:50:06,325 [pool-449-thread-1] INFO  server.RaftServerConfigKeys (ConfUtils.java:logGet(43)) - raft.server.snapshot.auto.trigger.threshold = 10000 (custom)
2019-10-15 09:50:06,326 [pool-449-thread-1] INFO  server.RaftServerConfigKeys (ConfUtils.java:logGet(43)) - raft.server.snapshot.retention.file.num = 5 (custom)
2019-10-15 09:50:06,326 [pool-459-thread-1] INFO  util.JmxRegister (JmxRegister.java:tryRegister(44)) - Successfully registered JMX Bean with object name Ratis:service=RaftServer,group=group-4AEF79AD514B,id=e970edca-b356-45da-9694-b2b3a315242e
2019-10-15 09:50:06,326 [pool-449-thread-1] INFO  server.RaftServerConfigKeys (ConfUtils.java:logGet(43)) - raft.server.retrycache.expirytime = 600000ms (custom)
2019-10-15 09:50:06,327 [IPC Server handler 1 on 35812] INFO  volume.OMVolumeCreateRequest (OMVolumeCreateRequest.java:validateAndUpdateCache(193)) - created volume:testblockoutputstream for user:jenkins1000
2019-10-15 09:50:06,331 [pool-439-thread-1] INFO  impl.RaftServerImpl (RaftServerImpl.java:start(181)) - 836f8159-e543-401f-9399-0138340b8701@group-4AEF79AD514B: start as a follower, conf=-1: [d74dfd8f-242e-45aa-8b2e-30d7f206e722:192.168.69.65:34992, e970edca-b356-45da-9694-b2b3a315242e:192.168.69.65:45960, 836f8159-e543-401f-9399-0138340b8701:192.168.69.65:40774], old=null
2019-10-15 09:50:06,331 [pool-439-thread-1] INFO  impl.RaftServerImpl (RaftServerImpl.java:setRole(170)) - 836f8159-e543-401f-9399-0138340b8701@group-4AEF79AD514B: changes role from      null to FOLLOWER at term 0 for startAsFollower
2019-10-15 09:50:06,331 [pool-439-thread-1] INFO  impl.RoleInfo (RoleInfo.java:updateAndGet(143)) - 836f8159-e543-401f-9399-0138340b8701: start FollowerState
2019-10-15 09:50:06,331 [pool-439-thread-1] INFO  util.JmxRegister (JmxRegister.java:tryRegister(44)) - Successfully registered JMX Bean with object name Ratis:service=RaftServer,group=group-4AEF79AD514B,id=836f8159-e543-401f-9399-0138340b8701
2019-10-15 09:50:06,332 [pool-449-thread-1] INFO  impl.RaftServerImpl (RaftServerImpl.java:start(181)) - d74dfd8f-242e-45aa-8b2e-30d7f206e722@group-4AEF79AD514B: start as a follower, conf=-1: [d74dfd8f-242e-45aa-8b2e-30d7f206e722:192.168.69.65:34992, e970edca-b356-45da-9694-b2b3a315242e:192.168.69.65:45960, 836f8159-e543-401f-9399-0138340b8701:192.168.69.65:40774], old=null
2019-10-15 09:50:06,339 [pool-449-thread-1] INFO  impl.RaftServerImpl (RaftServerImpl.java:setRole(170)) - d74dfd8f-242e-45aa-8b2e-30d7f206e722@group-4AEF79AD514B: changes role from      null to FOLLOWER at term 0 for startAsFollower
2019-10-15 09:50:06,339 [pool-449-thread-1] INFO  impl.RoleInfo (RoleInfo.java:updateAndGet(143)) - d74dfd8f-242e-45aa-8b2e-30d7f206e722: start FollowerState
2019-10-15 09:50:06,339 [pool-449-thread-1] INFO  util.JmxRegister (JmxRegister.java:tryRegister(44)) - Successfully registered JMX Bean with object name Ratis:service=RaftServer,group=group-4AEF79AD514B,id=d74dfd8f-242e-45aa-8b2e-30d7f206e722
2019-10-15 09:50:06,340 [main] INFO  rpc.RpcClient (RpcClient.java:createBucket(411)) - Creating Bucket: testblockoutputstream/testblockoutputstream, with Versioning false and Storage Type set to DISK and Encryption set to false 
2019-10-15 09:50:06,345 [RatisPipelineUtilsThread] INFO  pipeline.PipelineStateManager (PipelineStateManager.java:addPipeline(56)) - Created pipeline Pipeline[ Id: ebadc2b3-70f3-471c-b7d8-4aef79ad514b, Nodes: 836f8159-e543-401f-9399-0138340b8701{ip: 192.168.69.65, host: dev-nightly-20191015-lc69l-4092513605, networkLocation: /default-rack, certSerialId: null}e970edca-b356-45da-9694-b2b3a315242e{ip: 192.168.69.65, host: dev-nightly-20191015-lc69l-4092513605, networkLocation: /default-rack, certSerialId: null}d74dfd8f-242e-45aa-8b2e-30d7f206e722{ip: 192.168.69.65, host: dev-nightly-20191015-lc69l-4092513605, networkLocation: /default-rack, certSerialId: null}, Type:RATIS, Factor:THREE, State:OPEN]
2019-10-15 09:50:08,846 [Thread-2901] INFO  container.ReplicationManager (ReplicationManager.java:start(162)) - Starting Replication Monitor Thread.
2019-10-15 09:50:08,849 [ReplicationMonitor] INFO  container.ReplicationManager (ReplicationManager.java:run(225)) - Replication Monitor Thread took 0 milliseconds for processing 1 containers.
2019-10-15 09:50:11,029 [Thread-2903] INFO  impl.FollowerState (FollowerState.java:run(108)) - 41d350ce-3b0d-42cb-ac79-45ad784101b6@group-37E819F9FC5D-FollowerState: change to CANDIDATE, lastRpcTime:5134ms, electionTimeout:5134ms
2019-10-15 09:50:11,029 [Thread-2903] INFO  impl.RoleInfo (RoleInfo.java:shutdownFollowerState(121)) - 41d350ce-3b0d-42cb-ac79-45ad784101b6: shutdown FollowerState
2019-10-15 09:50:11,030 [Thread-2903] INFO  impl.RaftServerImpl (RaftServerImpl.java:setRole(170)) - 41d350ce-3b0d-42cb-ac79-45ad784101b6@group-37E819F9FC5D: changes role from  FOLLOWER to CANDIDATE at term 0 for changeToCandidate
2019-10-15 09:50:11,030 [Thread-2903] INFO  impl.RoleInfo (RoleInfo.java:updateAndGet(143)) - 41d350ce-3b0d-42cb-ac79-45ad784101b6: start LeaderElection
2019-10-15 09:50:11,051 [41d350ce-3b0d-42cb-ac79-45ad784101b6@group-37E819F9FC5D-LeaderElection59] INFO  impl.LeaderElection (LeaderElection.java:askForVotes(178)) - 41d350ce-3b0d-42cb-ac79-45ad784101b6@group-37E819F9FC5D-LeaderElection59: begin an election at term 1 for -1: [41d350ce-3b0d-42cb-ac79-45ad784101b6:192.168.69.65:34126], old=null
2019-10-15 09:50:11,051 [41d350ce-3b0d-42cb-ac79-45ad784101b6@group-37E819F9FC5D-LeaderElection59] INFO  impl.RoleInfo (RoleInfo.java:shutdownLeaderElection(134)) - 41d350ce-3b0d-42cb-ac79-45ad784101b6: shutdown LeaderElection
2019-10-15 09:50:11,051 [41d350ce-3b0d-42cb-ac79-45ad784101b6@group-37E819F9FC5D-LeaderElection59] INFO  impl.RaftServerImpl (RaftServerImpl.java:setRole(170)) - 41d350ce-3b0d-42cb-ac79-45ad784101b6@group-37E819F9FC5D: changes role from CANDIDATE to LEADER at term 1 for changeToLeader
2019-10-15 09:50:11,052 [41d350ce-3b0d-42cb-ac79-45ad784101b6@group-37E819F9FC5D-LeaderElection59] INFO  impl.RaftServerImpl (ServerState.java:setLeader(255)) - 41d350ce-3b0d-42cb-ac79-45ad784101b6@group-37E819F9FC5D: change Leader from null to 41d350ce-3b0d-42cb-ac79-45ad784101b6 at term 1 for becomeLeader, leader elected after 5163ms
2019-10-15 09:50:11,052 [41d350ce-3b0d-42cb-ac79-45ad784101b6@group-37E819F9FC5D-LeaderElection59] INFO  server.RaftServerConfigKeys (ConfUtils.java:logGet(43)) - raft.server.staging.catchup.gap = 1000 (default)
2019-10-15 09:50:11,052 [41d350ce-3b0d-42cb-ac79-45ad784101b6@group-37E819F9FC5D-LeaderElection59] INFO  server.RaftServerConfigKeys (ConfUtils.java:logGet(43)) - raft.server.rpc.sleep.time = 25ms (default)
2019-10-15 09:50:11,052 [41d350ce-3b0d-42cb-ac79-45ad784101b6@group-37E819F9FC5D-LeaderElection59] INFO  server.RaftServerConfigKeys (ConfUtils.java:logGet(43)) - raft.server.write.element-limit = 4096 (default)
2019-10-15 09:50:11,053 [41d350ce-3b0d-42cb-ac79-45ad784101b6@group-37E819F9FC5D-LeaderElection59] INFO  server.RaftServerConfigKeys (ConfUtils.java:logGet(43)) - raft.server.watch.timeout = 10s (default)
2019-10-15 09:50:11,053 [41d350ce-3b0d-42cb-ac79-45ad784101b6@group-37E819F9FC5D-LeaderElection59] INFO  server.RaftServerConfigKeys (ConfUtils.java:logGet(43)) - raft.server.watch.timeout.denomination = 1s (default)
2019-10-15 09:50:11,053 [41d350ce-3b0d-42cb-ac79-45ad784101b6@group-37E819F9FC5D-LeaderElection59] INFO  server.RaftServerConfigKeys (ConfUtils.java:logGet(43)) - raft.server.watch.element-limit = 65536 (default)
2019-10-15 09:50:11,055 [41d350ce-3b0d-42cb-ac79-45ad784101b6@group-37E819F9FC5D-LeaderElection59] INFO  impl.RoleInfo (RoleInfo.java:updateAndGet(143)) - 41d350ce-3b0d-42cb-ac79-45ad784101b6: start LeaderState
2019-10-15 09:50:11,056 [41d350ce-3b0d-42cb-ac79-45ad784101b6@group-37E819F9FC5D-LeaderElection59] INFO  segmented.SegmentedRaftLogWorker (SegmentedRaftLogWorker.java:startLogSegment(385)) - 41d350ce-3b0d-42cb-ac79-45ad784101b6@group-37E819F9FC5D-SegmentedRaftLogWorker: Starting segment from index:0
2019-10-15 09:50:11,057 [41d350ce-3b0d-42cb-ac79-45ad784101b6@group-37E819F9FC5D-LeaderElection59] INFO  impl.RaftServerImpl (ServerState.java:setRaftConf(356)) - 41d350ce-3b0d-42cb-ac79-45ad784101b6@group-37E819F9FC5D: set configuration 0: [41d350ce-3b0d-42cb-ac79-45ad784101b6:192.168.69.65:34126], old=null at 0
2019-10-15 09:50:11,062 [Thread-2916] INFO  impl.FollowerState (FollowerState.java:run(108)) - 63a63ab0-f006-4512-94a0-906e790af962@group-24B352F19AE2-FollowerState: change to CANDIDATE, lastRpcTime:5020ms, electionTimeout:5020ms
2019-10-15 09:50:11,062 [Thread-2916] INFO  impl.RoleInfo (RoleInfo.java:shutdownFollowerState(121)) - 63a63ab0-f006-4512-94a0-906e790af962: shutdown FollowerState
2019-10-15 09:50:11,062 [Thread-2916] INFO  impl.RaftServerImpl (RaftServerImpl.java:setRole(170)) - 63a63ab0-f006-4512-94a0-906e790af962@group-24B352F19AE2: changes role from  FOLLOWER to CANDIDATE at term 0 for changeToCandidate
2019-10-15 09:50:11,062 [Thread-2916] INFO  impl.RoleInfo (RoleInfo.java:updateAndGet(143)) - 63a63ab0-f006-4512-94a0-906e790af962: start LeaderElection
2019-10-15 09:50:11,087 [Thread-2917] INFO  impl.FollowerState (FollowerState.java:run(108)) - 4591bcc6-b20c-4f7c-8784-c3850556b9a1@group-24B352F19AE2-FollowerState: change to CANDIDATE, lastRpcTime:5045ms, electionTimeout:5025ms
2019-10-15 09:50:11,087 [Thread-2917] INFO  impl.RoleInfo (RoleInfo.java:shutdownFollowerState(121)) - 4591bcc6-b20c-4f7c-8784-c3850556b9a1: shutdown FollowerState
2019-10-15 09:50:11,089 [Thread-2917] INFO  impl.RaftServerImpl (RaftServerImpl.java:setRole(170)) - 4591bcc6-b20c-4f7c-8784-c3850556b9a1@group-24B352F19AE2: changes role from  FOLLOWER to CANDIDATE at term 0 for changeToCandidate
2019-10-15 09:50:11,089 [Thread-2917] INFO  impl.RoleInfo (RoleInfo.java:updateAndGet(143)) - 4591bcc6-b20c-4f7c-8784-c3850556b9a1: start LeaderElection
2019-10-15 09:50:11,097 [Thread-2906] INFO  impl.FollowerState (FollowerState.java:run(108)) - 4591bcc6-b20c-4f7c-8784-c3850556b9a1@group-5F0DB1E69911-FollowerState: change to CANDIDATE, lastRpcTime:5169ms, electionTimeout:5169ms
2019-10-15 09:50:11,097 [Thread-2906] INFO  impl.RoleInfo (RoleInfo.java:shutdownFollowerState(121)) - 4591bcc6-b20c-4f7c-8784-c3850556b9a1: shutdown FollowerState
2019-10-15 09:50:11,097 [Thread-2906] INFO  impl.RaftServerImpl (RaftServerImpl.java:setRole(170)) - 4591bcc6-b20c-4f7c-8784-c3850556b9a1@group-5F0DB1E69911: changes role from  FOLLOWER to CANDIDATE at term 0 for changeToCandidate
2019-10-15 09:50:11,097 [Thread-2906] INFO  impl.RoleInfo (RoleInfo.java:updateAndGet(143)) - 4591bcc6-b20c-4f7c-8784-c3850556b9a1: start LeaderElection
2019-10-15 09:50:11,100 [41d350ce-3b0d-42cb-ac79-45ad784101b6@group-37E819F9FC5D-SegmentedRaftLogWorker] INFO  segmented.SegmentedRaftLogWorker (SegmentedRaftLogWorker.java:execute(574)) - 41d350ce-3b0d-42cb-ac79-45ad784101b6@group-37E819F9FC5D-SegmentedRaftLogWorker: created new log segment /workdir/hadoop-ozone/integration-test/target/test-dir/MiniOzoneClusterImpl-45124f6e-3bdf-436f-a07d-bda8ed490d47/datanode-0/data/ratis/800a1ce2-3bd4-4fc5-b4b6-37e819f9fc5d/current/log_inprogress_0
2019-10-15 09:50:11,102 [4591bcc6-b20c-4f7c-8784-c3850556b9a1@group-24B352F19AE2-LeaderElection61] INFO  impl.LeaderElection (LeaderElection.java:askForVotes(178)) - 4591bcc6-b20c-4f7c-8784-c3850556b9a1@group-24B352F19AE2-LeaderElection61: begin an election at term 1 for -1: [4591bcc6-b20c-4f7c-8784-c3850556b9a1:192.168.69.65:42203, 63a63ab0-f006-4512-94a0-906e790af962:192.168.69.65:41910, 41d350ce-3b0d-42cb-ac79-45ad784101b6:192.168.69.65:34126], old=null
2019-10-15 09:50:11,123 [Thread-2909] INFO  impl.FollowerState (FollowerState.java:run(108)) - 63a63ab0-f006-4512-94a0-906e790af962@group-75478CA9A1CC-FollowerState: change to CANDIDATE, lastRpcTime:5133ms, electionTimeout:5112ms
2019-10-15 09:50:11,102 [63a63ab0-f006-4512-94a0-906e790af962@group-24B352F19AE2-LeaderElection60] INFO  impl.LeaderElection (LeaderElection.java:askForVotes(178)) - 63a63ab0-f006-4512-94a0-906e790af962@group-24B352F19AE2-LeaderElection60: begin an election at term 1 for -1: [4591bcc6-b20c-4f7c-8784-c3850556b9a1:192.168.69.65:42203, 63a63ab0-f006-4512-94a0-906e790af962:192.168.69.65:41910, 41d350ce-3b0d-42cb-ac79-45ad784101b6:192.168.69.65:34126], old=null
2019-10-15 09:50:11,123 [Thread-2909] INFO  impl.RoleInfo (RoleInfo.java:shutdownFollowerState(121)) - 63a63ab0-f006-4512-94a0-906e790af962: shutdown FollowerState
2019-10-15 09:50:11,124 [Thread-2909] INFO  impl.RaftServerImpl (RaftServerImpl.java:setRole(170)) - 63a63ab0-f006-4512-94a0-906e790af962@group-75478CA9A1CC: changes role from  FOLLOWER to CANDIDATE at term 0 for changeToCandidate
2019-10-15 09:50:11,124 [Thread-2909] INFO  impl.RoleInfo (RoleInfo.java:updateAndGet(143)) - 63a63ab0-f006-4512-94a0-906e790af962: start LeaderElection
2019-10-15 09:50:11,127 [Thread-2912] INFO  impl.FollowerState (FollowerState.java:run(108)) - 41d350ce-3b0d-42cb-ac79-45ad784101b6@group-24B352F19AE2-FollowerState: change to CANDIDATE, lastRpcTime:5090ms, electionTimeout:5088ms
2019-10-15 09:50:11,127 [Thread-2912] INFO  impl.RoleInfo (RoleInfo.java:shutdownFollowerState(121)) - 41d350ce-3b0d-42cb-ac79-45ad784101b6: shutdown FollowerState
2019-10-15 09:50:11,127 [Thread-2912] INFO  impl.RaftServerImpl (RaftServerImpl.java:setRole(170)) - 41d350ce-3b0d-42cb-ac79-45ad784101b6@group-24B352F19AE2: changes role from  FOLLOWER to CANDIDATE at term 0 for changeToCandidate
2019-10-15 09:50:11,129 [Thread-2912] INFO  impl.RoleInfo (RoleInfo.java:updateAndGet(143)) - 41d350ce-3b0d-42cb-ac79-45ad784101b6: start LeaderElection
2019-10-15 09:50:11,136 [63a63ab0-f006-4512-94a0-906e790af962@group-75478CA9A1CC-LeaderElection63] INFO  impl.LeaderElection (LeaderElection.java:askForVotes(178)) - 63a63ab0-f006-4512-94a0-906e790af962@group-75478CA9A1CC-LeaderElection63: begin an election at term 1 for -1: [63a63ab0-f006-4512-94a0-906e790af962:192.168.69.65:41910], old=null
2019-10-15 09:50:11,136 [4591bcc6-b20c-4f7c-8784-c3850556b9a1@group-5F0DB1E69911-LeaderElection62] INFO  impl.LeaderElection (LeaderElection.java:askForVotes(178)) - 4591bcc6-b20c-4f7c-8784-c3850556b9a1@group-5F0DB1E69911-LeaderElection62: begin an election at term 1 for -1: [4591bcc6-b20c-4f7c-8784-c3850556b9a1:192.168.69.65:42203], old=null
2019-10-15 09:50:11,136 [63a63ab0-f006-4512-94a0-906e790af962@group-75478CA9A1CC-LeaderElection63] INFO  impl.RoleInfo (RoleInfo.java:shutdownLeaderElection(134)) - 63a63ab0-f006-4512-94a0-906e790af962: shutdown LeaderElection
2019-10-15 09:50:11,136 [41d350ce-3b0d-42cb-ac79-45ad784101b6@group-24B352F19AE2-LeaderElection64] INFO  impl.LeaderElection (LeaderElection.java:askForVotes(178)) - 41d350ce-3b0d-42cb-ac79-45ad784101b6@group-24B352F19AE2-LeaderElection64: begin an election at term 1 for -1: [4591bcc6-b20c-4f7c-8784-c3850556b9a1:192.168.69.65:42203, 63a63ab0-f006-4512-94a0-906e790af962:192.168.69.65:41910, 41d350ce-3b0d-42cb-ac79-45ad784101b6:192.168.69.65:34126], old=null
2019-10-15 09:50:11,137 [63a63ab0-f006-4512-94a0-906e790af962@group-75478CA9A1CC-LeaderElection63] INFO  impl.RaftServerImpl (RaftServerImpl.java:setRole(170)) - 63a63ab0-f006-4512-94a0-906e790af962@group-75478CA9A1CC: changes role from CANDIDATE to LEADER at term 1 for changeToLeader
2019-10-15 09:50:11,137 [4591bcc6-b20c-4f7c-8784-c3850556b9a1@group-5F0DB1E69911-LeaderElection62] INFO  impl.RoleInfo (RoleInfo.java:shutdownLeaderElection(134)) - 4591bcc6-b20c-4f7c-8784-c3850556b9a1: shutdown LeaderElection
2019-10-15 09:50:11,137 [63a63ab0-f006-4512-94a0-906e790af962@group-75478CA9A1CC-LeaderElection63] INFO  impl.RaftServerImpl (ServerState.java:setLeader(255)) - 63a63ab0-f006-4512-94a0-906e790af962@group-75478CA9A1CC: change Leader from null to 63a63ab0-f006-4512-94a0-906e790af962 at term 1 for becomeLeader, leader elected after 5151ms
2019-10-15 09:50:11,137 [4591bcc6-b20c-4f7c-8784-c3850556b9a1@group-5F0DB1E69911-LeaderElection62] INFO  impl.RaftServerImpl (RaftServerImpl.java:setRole(170)) - 4591bcc6-b20c-4f7c-8784-c3850556b9a1@group-5F0DB1E69911: changes role from CANDIDATE to LEADER at term 1 for changeToLeader
2019-10-15 09:50:11,137 [63a63ab0-f006-4512-94a0-906e790af962@group-75478CA9A1CC-LeaderElection63] INFO  server.RaftServerConfigKeys (ConfUtils.java:logGet(43)) - raft.server.staging.catchup.gap = 1000 (default)
2019-10-15 09:50:11,137 [63a63ab0-f006-4512-94a0-906e790af962@group-24B352F19AE2-LeaderElection60] INFO  impl.LeaderElection (LeaderElection.java:logAndReturn(56)) - 63a63ab0-f006-4512-94a0-906e790af962@group-24B352F19AE2-LeaderElection60: Election REJECTED; received 2 response(s) [63a63ab0-f006-4512-94a0-906e790af962<-4591bcc6-b20c-4f7c-8784-c3850556b9a1#0:FAIL-t1, 63a63ab0-f006-4512-94a0-906e790af962<-41d350ce-3b0d-42cb-ac79-45ad784101b6#0:FAIL-t1] and 0 exception(s); 63a63ab0-f006-4512-94a0-906e790af962@group-24B352F19AE2:t1, leader=null, voted=63a63ab0-f006-4512-94a0-906e790af962, raftlog=63a63ab0-f006-4512-94a0-906e790af962@group-24B352F19AE2-SegmentedRaftLog:OPENED:c-1,f-1,i0, conf=-1: [4591bcc6-b20c-4f7c-8784-c3850556b9a1:192.168.69.65:42203, 63a63ab0-f006-4512-94a0-906e790af962:192.168.69.65:41910, 41d350ce-3b0d-42cb-ac79-45ad784101b6:192.168.69.65:34126], old=null
2019-10-15 09:50:11,137 [63a63ab0-f006-4512-94a0-906e790af962@group-75478CA9A1CC-LeaderElection63] INFO  server.RaftServerConfigKeys (ConfUtils.java:logGet(43)) - raft.server.rpc.sleep.time = 25ms (default)
2019-10-15 09:50:11,137 [4591bcc6-b20c-4f7c-8784-c3850556b9a1@group-24B352F19AE2-LeaderElection61] INFO  impl.LeaderElection (LeaderElection.java:logAndReturn(56)) - 4591bcc6-b20c-4f7c-8784-c3850556b9a1@group-24B352F19AE2-LeaderElection61: Election REJECTED; received 2 response(s) [4591bcc6-b20c-4f7c-8784-c3850556b9a1<-63a63ab0-f006-4512-94a0-906e790af962#0:FAIL-t1, 4591bcc6-b20c-4f7c-8784-c3850556b9a1<-41d350ce-3b0d-42cb-ac79-45ad784101b6#0:FAIL-t1] and 0 exception(s); 4591bcc6-b20c-4f7c-8784-c3850556b9a1@group-24B352F19AE2:t1, leader=null, voted=4591bcc6-b20c-4f7c-8784-c3850556b9a1, raftlog=4591bcc6-b20c-4f7c-8784-c3850556b9a1@group-24B352F19AE2-SegmentedRaftLog:OPENED:c-1,f-1,i0, conf=-1: [4591bcc6-b20c-4f7c-8784-c3850556b9a1:192.168.69.65:42203, 63a63ab0-f006-4512-94a0-906e790af962:192.168.69.65:41910, 41d350ce-3b0d-42cb-ac79-45ad784101b6:192.168.69.65:34126], old=null
2019-10-15 09:50:11,140 [63a63ab0-f006-4512-94a0-906e790af962@group-75478CA9A1CC-LeaderElection63] INFO  server.RaftServerConfigKeys (ConfUtils.java:logGet(43)) - raft.server.write.element-limit = 4096 (default)
2019-10-15 09:50:11,137 [4591bcc6-b20c-4f7c-8784-c3850556b9a1@group-5F0DB1E69911-LeaderElection62] INFO  impl.RaftServerImpl (ServerState.java:setLeader(255)) - 4591bcc6-b20c-4f7c-8784-c3850556b9a1@group-5F0DB1E69911: change Leader from null to 4591bcc6-b20c-4f7c-8784-c3850556b9a1 at term 1 for becomeLeader, leader elected after 5214ms
2019-10-15 09:50:11,140 [63a63ab0-f006-4512-94a0-906e790af962@group-75478CA9A1CC-LeaderElection63] INFO  server.RaftServerConfigKeys (ConfUtils.java:logGet(43)) - raft.server.watch.timeout = 10s (default)
2019-10-15 09:50:11,140 [4591bcc6-b20c-4f7c-8784-c3850556b9a1@group-24B352F19AE2-LeaderElection61] INFO  impl.RaftServerImpl (RaftServerImpl.java:setRole(170)) - 4591bcc6-b20c-4f7c-8784-c3850556b9a1@group-24B352F19AE2: changes role from CANDIDATE to FOLLOWER at term 1 for DISCOVERED_A_NEW_TERM
2019-10-15 09:50:11,138 [63a63ab0-f006-4512-94a0-906e790af962@group-24B352F19AE2-LeaderElection60] INFO  impl.RaftServerImpl (RaftServerImpl.java:setRole(170)) - 63a63ab0-f006-4512-94a0-906e790af962@group-24B352F19AE2: changes role from CANDIDATE to FOLLOWER at term 1 for DISCOVERED_A_NEW_TERM
2019-10-15 09:50:11,142 [4591bcc6-b20c-4f7c-8784-c3850556b9a1@group-24B352F19AE2-LeaderElection61] INFO  impl.RoleInfo (RoleInfo.java:shutdownLeaderElection(134)) - 4591bcc6-b20c-4f7c-8784-c3850556b9a1: shutdown LeaderElection
2019-10-15 09:50:11,142 [63a63ab0-f006-4512-94a0-906e790af962@group-75478CA9A1CC-LeaderElection63] INFO  server.RaftServerConfigKeys (ConfUtils.java:logGet(43)) - raft.server.watch.timeout.denomination = 1s (default)
2019-10-15 09:50:11,142 [4591bcc6-b20c-4f7c-8784-c3850556b9a1@group-5F0DB1E69911-LeaderElection62] INFO  server.RaftServerConfigKeys (ConfUtils.java:logGet(43)) - raft.server.staging.catchup.gap = 1000 (default)
2019-10-15 09:50:11,142 [63a63ab0-f006-4512-94a0-906e790af962@group-75478CA9A1CC-LeaderElection63] INFO  server.RaftServerConfigKeys (ConfUtils.java:logGet(43)) - raft.server.watch.element-limit = 65536 (default)
2019-10-15 09:50:11,142 [4591bcc6-b20c-4f7c-8784-c3850556b9a1@group-24B352F19AE2-LeaderElection61] INFO  impl.RoleInfo (RoleInfo.java:updateAndGet(143)) - 4591bcc6-b20c-4f7c-8784-c3850556b9a1: start FollowerState
2019-10-15 09:50:11,142 [63a63ab0-f006-4512-94a0-906e790af962@group-24B352F19AE2-LeaderElection60] INFO  impl.RoleInfo (RoleInfo.java:shutdownLeaderElection(134)) - 63a63ab0-f006-4512-94a0-906e790af962: shutdown LeaderElection
2019-10-15 09:50:11,142 [4591bcc6-b20c-4f7c-8784-c3850556b9a1@group-5F0DB1E69911-LeaderElection62] INFO  server.RaftServerConfigKeys (ConfUtils.java:logGet(43)) - raft.server.rpc.sleep.time = 25ms (default)
2019-10-15 09:50:11,143 [63a63ab0-f006-4512-94a0-906e790af962@group-24B352F19AE2-LeaderElection60] INFO  impl.RoleInfo (RoleInfo.java:updateAndGet(143)) - 63a63ab0-f006-4512-94a0-906e790af962: start FollowerState
2019-10-15 09:50:11,143 [4591bcc6-b20c-4f7c-8784-c3850556b9a1@group-5F0DB1E69911-LeaderElection62] INFO  server.RaftServerConfigKeys (ConfUtils.java:logGet(43)) - raft.server.write.element-limit = 4096 (default)
2019-10-15 09:50:11,143 [4591bcc6-b20c-4f7c-8784-c3850556b9a1@group-5F0DB1E69911-LeaderElection62] INFO  server.RaftServerConfigKeys (ConfUtils.java:logGet(43)) - raft.server.watch.timeout = 10s (default)
2019-10-15 09:50:11,143 [4591bcc6-b20c-4f7c-8784-c3850556b9a1@group-5F0DB1E69911-LeaderElection62] INFO  server.RaftServerConfigKeys (ConfUtils.java:logGet(43)) - raft.server.watch.timeout.denomination = 1s (default)
2019-10-15 09:50:11,144 [4591bcc6-b20c-4f7c-8784-c3850556b9a1@group-5F0DB1E69911-LeaderElection62] INFO  server.RaftServerConfigKeys (ConfUtils.java:logGet(43)) - raft.server.watch.element-limit = 65536 (default)
2019-10-15 09:50:11,144 [41d350ce-3b0d-42cb-ac79-45ad784101b6@group-24B352F19AE2-LeaderElection64] INFO  impl.LeaderElection (LeaderElection.java:logAndReturn(56)) - 41d350ce-3b0d-42cb-ac79-45ad784101b6@group-24B352F19AE2-LeaderElection64: Election REJECTED; received 2 response(s) [41d350ce-3b0d-42cb-ac79-45ad784101b6<-63a63ab0-f006-4512-94a0-906e790af962#0:FAIL-t1, 41d350ce-3b0d-42cb-ac79-45ad784101b6<-4591bcc6-b20c-4f7c-8784-c3850556b9a1#0:FAIL-t1] and 0 exception(s); 41d350ce-3b0d-42cb-ac79-45ad784101b6@group-24B352F19AE2:t1, leader=null, voted=41d350ce-3b0d-42cb-ac79-45ad784101b6, raftlog=41d350ce-3b0d-42cb-ac79-45ad784101b6@group-24B352F19AE2-SegmentedRaftLog:OPENED:c-1,f-1,i0, conf=-1: [4591bcc6-b20c-4f7c-8784-c3850556b9a1:192.168.69.65:42203, 63a63ab0-f006-4512-94a0-906e790af962:192.168.69.65:41910, 41d350ce-3b0d-42cb-ac79-45ad784101b6:192.168.69.65:34126], old=null
2019-10-15 09:50:11,145 [41d350ce-3b0d-42cb-ac79-45ad784101b6@group-24B352F19AE2-LeaderElection64] INFO  impl.RaftServerImpl (RaftServerImpl.java:setRole(170)) - 41d350ce-3b0d-42cb-ac79-45ad784101b6@group-24B352F19AE2: changes role from CANDIDATE to FOLLOWER at term 1 for DISCOVERED_A_NEW_TERM
2019-10-15 09:50:11,145 [41d350ce-3b0d-42cb-ac79-45ad784101b6@group-24B352F19AE2-LeaderElection64] INFO  impl.RoleInfo (RoleInfo.java:shutdownLeaderElection(134)) - 41d350ce-3b0d-42cb-ac79-45ad784101b6: shutdown LeaderElection
2019-10-15 09:50:11,145 [63a63ab0-f006-4512-94a0-906e790af962@group-75478CA9A1CC-LeaderElection63] INFO  impl.RoleInfo (RoleInfo.java:updateAndGet(143)) - 63a63ab0-f006-4512-94a0-906e790af962: start LeaderState
2019-10-15 09:50:11,147 [41d350ce-3b0d-42cb-ac79-45ad784101b6@group-24B352F19AE2-LeaderElection64] INFO  impl.RoleInfo (RoleInfo.java:updateAndGet(143)) - 41d350ce-3b0d-42cb-ac79-45ad784101b6: start FollowerState
2019-10-15 09:50:11,147 [63a63ab0-f006-4512-94a0-906e790af962@group-75478CA9A1CC-LeaderElection63] INFO  segmented.SegmentedRaftLogWorker (SegmentedRaftLogWorker.java:startLogSegment(385)) - 63a63ab0-f006-4512-94a0-906e790af962@group-75478CA9A1CC-SegmentedRaftLogWorker: Starting segment from index:0
2019-10-15 09:50:11,147 [4591bcc6-b20c-4f7c-8784-c3850556b9a1@group-5F0DB1E69911-LeaderElection62] INFO  impl.RoleInfo (RoleInfo.java:updateAndGet(143)) - 4591bcc6-b20c-4f7c-8784-c3850556b9a1: start LeaderState
2019-10-15 09:50:11,147 [63a63ab0-f006-4512-94a0-906e790af962@group-75478CA9A1CC-LeaderElection63] INFO  impl.RaftServerImpl (ServerState.java:setRaftConf(356)) - 63a63ab0-f006-4512-94a0-906e790af962@group-75478CA9A1CC: set configuration 0: [63a63ab0-f006-4512-94a0-906e790af962:192.168.69.65:41910], old=null at 0
2019-10-15 09:50:11,147 [4591bcc6-b20c-4f7c-8784-c3850556b9a1@group-5F0DB1E69911-LeaderElection62] INFO  segmented.SegmentedRaftLogWorker (SegmentedRaftLogWorker.java:startLogSegment(385)) - 4591bcc6-b20c-4f7c-8784-c3850556b9a1@group-5F0DB1E69911-SegmentedRaftLogWorker: Starting segment from index:0
2019-10-15 09:50:11,177 [4591bcc6-b20c-4f7c-8784-c3850556b9a1@group-5F0DB1E69911-LeaderElection62] INFO  impl.RaftServerImpl (ServerState.java:setRaftConf(356)) - 4591bcc6-b20c-4f7c-8784-c3850556b9a1@group-5F0DB1E69911: set configuration 0: [4591bcc6-b20c-4f7c-8784-c3850556b9a1:192.168.69.65:42203], old=null at 0
2019-10-15 09:50:11,207 [63a63ab0-f006-4512-94a0-906e790af962@group-75478CA9A1CC-SegmentedRaftLogWorker] INFO  segmented.SegmentedRaftLogWorker (SegmentedRaftLogWorker.java:execute(574)) - 63a63ab0-f006-4512-94a0-906e790af962@group-75478CA9A1CC-SegmentedRaftLogWorker: created new log segment /workdir/hadoop-ozone/integration-test/target/test-dir/MiniOzoneClusterImpl-45124f6e-3bdf-436f-a07d-bda8ed490d47/datanode-2/data/ratis/99323881-ca0f-45ef-b4de-75478ca9a1cc/current/log_inprogress_0
2019-10-15 09:50:11,208 [Thread-2921] INFO  impl.FollowerState (FollowerState.java:run(108)) - 836f8159-e543-401f-9399-0138340b8701@group-463D89783144-FollowerState: change to CANDIDATE, lastRpcTime:5031ms, electionTimeout:5031ms
2019-10-15 09:50:11,208 [Thread-2921] INFO  impl.RoleInfo (RoleInfo.java:shutdownFollowerState(121)) - 836f8159-e543-401f-9399-0138340b8701: shutdown FollowerState
2019-10-15 09:50:11,208 [Thread-2921] INFO  impl.RaftServerImpl (RaftServerImpl.java:setRole(170)) - 836f8159-e543-401f-9399-0138340b8701@group-463D89783144: changes role from  FOLLOWER to CANDIDATE at term 0 for changeToCandidate
2019-10-15 09:50:11,208 [Thread-2921] INFO  impl.RoleInfo (RoleInfo.java:updateAndGet(143)) - 836f8159-e543-401f-9399-0138340b8701: start LeaderElection
2019-10-15 09:50:11,211 [4591bcc6-b20c-4f7c-8784-c3850556b9a1@group-5F0DB1E69911-SegmentedRaftLogWorker] INFO  segmented.SegmentedRaftLogWorker (SegmentedRaftLogWorker.java:execute(574)) - 4591bcc6-b20c-4f7c-8784-c3850556b9a1@group-5F0DB1E69911-SegmentedRaftLogWorker: created new log segment /workdir/hadoop-ozone/integration-test/target/test-dir/MiniOzoneClusterImpl-45124f6e-3bdf-436f-a07d-bda8ed490d47/datanode-1/data/ratis/af0e9f72-c339-40dd-9324-5f0db1e69911/current/log_inprogress_0
2019-10-15 09:50:11,217 [836f8159-e543-401f-9399-0138340b8701@group-463D89783144-LeaderElection65] INFO  impl.LeaderElection (LeaderElection.java:askForVotes(178)) - 836f8159-e543-401f-9399-0138340b8701@group-463D89783144-LeaderElection65: begin an election at term 1 for -1: [836f8159-e543-401f-9399-0138340b8701:192.168.69.65:40774], old=null
2019-10-15 09:50:11,217 [836f8159-e543-401f-9399-0138340b8701@group-463D89783144-LeaderElection65] INFO  impl.RoleInfo (RoleInfo.java:shutdownLeaderElection(134)) - 836f8159-e543-401f-9399-0138340b8701: shutdown LeaderElection
2019-10-15 09:50:11,217 [836f8159-e543-401f-9399-0138340b8701@group-463D89783144-LeaderElection65] INFO  impl.RaftServerImpl (RaftServerImpl.java:setRole(170)) - 836f8159-e543-401f-9399-0138340b8701@group-463D89783144: changes role from CANDIDATE to LEADER at term 1 for changeToLeader
2019-10-15 09:50:11,218 [836f8159-e543-401f-9399-0138340b8701@group-463D89783144-LeaderElection65] INFO  impl.RaftServerImpl (ServerState.java:setLeader(255)) - 836f8159-e543-401f-9399-0138340b8701@group-463D89783144: change Leader from null to 836f8159-e543-401f-9399-0138340b8701 at term 1 for becomeLeader, leader elected after 5048ms
2019-10-15 09:50:11,218 [836f8159-e543-401f-9399-0138340b8701@group-463D89783144-LeaderElection65] INFO  server.RaftServerConfigKeys (ConfUtils.java:logGet(43)) - raft.server.staging.catchup.gap = 1000 (default)
2019-10-15 09:50:11,218 [836f8159-e543-401f-9399-0138340b8701@group-463D89783144-LeaderElection65] INFO  server.RaftServerConfigKeys (ConfUtils.java:logGet(43)) - raft.server.rpc.sleep.time = 25ms (default)
2019-10-15 09:50:11,218 [836f8159-e543-401f-9399-0138340b8701@group-463D89783144-LeaderElection65] INFO  server.RaftServerConfigKeys (ConfUtils.java:logGet(43)) - raft.server.write.element-limit = 4096 (default)
2019-10-15 09:50:11,218 [836f8159-e543-401f-9399-0138340b8701@group-463D89783144-LeaderElection65] INFO  server.RaftServerConfigKeys (ConfUtils.java:logGet(43)) - raft.server.watch.timeout = 10s (default)
2019-10-15 09:50:11,218 [836f8159-e543-401f-9399-0138340b8701@group-463D89783144-LeaderElection65] INFO  server.RaftServerConfigKeys (ConfUtils.java:logGet(43)) - raft.server.watch.timeout.denomination = 1s (default)
2019-10-15 09:50:11,218 [836f8159-e543-401f-9399-0138340b8701@group-463D89783144-LeaderElection65] INFO  server.RaftServerConfigKeys (ConfUtils.java:logGet(43)) - raft.server.watch.element-limit = 65536 (default)
2019-10-15 09:50:11,220 [836f8159-e543-401f-9399-0138340b8701@group-463D89783144-LeaderElection65] INFO  impl.RoleInfo (RoleInfo.java:updateAndGet(143)) - 836f8159-e543-401f-9399-0138340b8701: start LeaderState
2019-10-15 09:50:11,221 [836f8159-e543-401f-9399-0138340b8701@group-463D89783144-LeaderElection65] INFO  segmented.SegmentedRaftLogWorker (SegmentedRaftLogWorker.java:startLogSegment(385)) - 836f8159-e543-401f-9399-0138340b8701@group-463D89783144-SegmentedRaftLogWorker: Starting segment from index:0
2019-10-15 09:50:11,221 [836f8159-e543-401f-9399-0138340b8701@group-463D89783144-LeaderElection65] INFO  impl.RaftServerImpl (ServerState.java:setRaftConf(356)) - 836f8159-e543-401f-9399-0138340b8701@group-463D89783144: set configuration 0: [836f8159-e543-401f-9399-0138340b8701:192.168.69.65:40774], old=null at 0
2019-10-15 09:50:11,263 [836f8159-e543-401f-9399-0138340b8701@group-463D89783144-SegmentedRaftLogWorker] INFO  segmented.SegmentedRaftLogWorker (SegmentedRaftLogWorker.java:execute(574)) - 836f8159-e543-401f-9399-0138340b8701@group-463D89783144-SegmentedRaftLogWorker: created new log segment /workdir/hadoop-ozone/integration-test/target/test-dir/MiniOzoneClusterImpl-45124f6e-3bdf-436f-a07d-bda8ed490d47/datanode-3/data/ratis/deab69fa-163f-49b5-acd0-463d89783144/current/log_inprogress_0
2019-10-15 09:50:11,350 [Thread-2924] INFO  impl.FollowerState (FollowerState.java:run(108)) - d74dfd8f-242e-45aa-8b2e-30d7f206e722@group-B853B88A0A66-FollowerState: change to CANDIDATE, lastRpcTime:5128ms, electionTimeout:5128ms
2019-10-15 09:50:11,350 [Thread-2924] INFO  impl.RoleInfo (RoleInfo.java:shutdownFollowerState(121)) - d74dfd8f-242e-45aa-8b2e-30d7f206e722: shutdown FollowerState
2019-10-15 09:50:11,350 [Thread-2924] INFO  impl.RaftServerImpl (RaftServerImpl.java:setRole(170)) - d74dfd8f-242e-45aa-8b2e-30d7f206e722@group-B853B88A0A66: changes role from  FOLLOWER to CANDIDATE at term 0 for changeToCandidate
2019-10-15 09:50:11,350 [Thread-2924] INFO  impl.RoleInfo (RoleInfo.java:updateAndGet(143)) - d74dfd8f-242e-45aa-8b2e-30d7f206e722: start LeaderElection
2019-10-15 09:50:11,368 [d74dfd8f-242e-45aa-8b2e-30d7f206e722@group-B853B88A0A66-LeaderElection66] INFO  impl.LeaderElection (LeaderElection.java:askForVotes(178)) - d74dfd8f-242e-45aa-8b2e-30d7f206e722@group-B853B88A0A66-LeaderElection66: begin an election at term 1 for -1: [d74dfd8f-242e-45aa-8b2e-30d7f206e722:192.168.69.65:34992], old=null
2019-10-15 09:50:11,368 [d74dfd8f-242e-45aa-8b2e-30d7f206e722@group-B853B88A0A66-LeaderElection66] INFO  impl.RoleInfo (RoleInfo.java:shutdownLeaderElection(134)) - d74dfd8f-242e-45aa-8b2e-30d7f206e722: shutdown LeaderElection
2019-10-15 09:50:11,368 [d74dfd8f-242e-45aa-8b2e-30d7f206e722@group-B853B88A0A66-LeaderElection66] INFO  impl.RaftServerImpl (RaftServerImpl.java:setRole(170)) - d74dfd8f-242e-45aa-8b2e-30d7f206e722@group-B853B88A0A66: changes role from CANDIDATE to LEADER at term 1 for changeToLeader
2019-10-15 09:50:11,368 [d74dfd8f-242e-45aa-8b2e-30d7f206e722@group-B853B88A0A66-LeaderElection66] INFO  impl.RaftServerImpl (ServerState.java:setLeader(255)) - d74dfd8f-242e-45aa-8b2e-30d7f206e722@group-B853B88A0A66: change Leader from null to d74dfd8f-242e-45aa-8b2e-30d7f206e722 at term 1 for becomeLeader, leader elected after 5153ms
2019-10-15 09:50:11,369 [d74dfd8f-242e-45aa-8b2e-30d7f206e722@group-B853B88A0A66-LeaderElection66] INFO  server.RaftServerConfigKeys (ConfUtils.java:logGet(43)) - raft.server.staging.catchup.gap = 1000 (default)
2019-10-15 09:50:11,369 [d74dfd8f-242e-45aa-8b2e-30d7f206e722@group-B853B88A0A66-LeaderElection66] INFO  server.RaftServerConfigKeys (ConfUtils.java:logGet(43)) - raft.server.rpc.sleep.time = 25ms (default)
2019-10-15 09:50:11,369 [d74dfd8f-242e-45aa-8b2e-30d7f206e722@group-B853B88A0A66-LeaderElection66] INFO  server.RaftServerConfigKeys (ConfUtils.java:logGet(43)) - raft.server.write.element-limit = 4096 (default)
2019-10-15 09:50:11,369 [d74dfd8f-242e-45aa-8b2e-30d7f206e722@group-B853B88A0A66-LeaderElection66] INFO  server.RaftServerConfigKeys (ConfUtils.java:logGet(43)) - raft.server.watch.timeout = 10s (default)
2019-10-15 09:50:11,369 [d74dfd8f-242e-45aa-8b2e-30d7f206e722@group-B853B88A0A66-LeaderElection66] INFO  server.RaftServerConfigKeys (ConfUtils.java:logGet(43)) - raft.server.watch.timeout.denomination = 1s (default)
2019-10-15 09:50:11,369 [d74dfd8f-242e-45aa-8b2e-30d7f206e722@group-B853B88A0A66-LeaderElection66] INFO  server.RaftServerConfigKeys (ConfUtils.java:logGet(43)) - raft.server.watch.element-limit = 65536 (default)
2019-10-15 09:50:11,371 [d74dfd8f-242e-45aa-8b2e-30d7f206e722@group-B853B88A0A66-LeaderElection66] INFO  impl.RoleInfo (RoleInfo.java:updateAndGet(143)) - d74dfd8f-242e-45aa-8b2e-30d7f206e722: start LeaderState
2019-10-15 09:50:11,371 [d74dfd8f-242e-45aa-8b2e-30d7f206e722@group-B853B88A0A66-LeaderElection66] INFO  segmented.SegmentedRaftLogWorker (SegmentedRaftLogWorker.java:startLogSegment(385)) - d74dfd8f-242e-45aa-8b2e-30d7f206e722@group-B853B88A0A66-SegmentedRaftLogWorker: Starting segment from index:0
2019-10-15 09:50:11,372 [d74dfd8f-242e-45aa-8b2e-30d7f206e722@group-B853B88A0A66-LeaderElection66] INFO  impl.RaftServerImpl (ServerState.java:setRaftConf(356)) - d74dfd8f-242e-45aa-8b2e-30d7f206e722@group-B853B88A0A66: set configuration 0: [d74dfd8f-242e-45aa-8b2e-30d7f206e722:192.168.69.65:34992], old=null at 0
2019-10-15 09:50:11,410 [Thread-2933] INFO  impl.FollowerState (FollowerState.java:run(108)) - e970edca-b356-45da-9694-b2b3a315242e@group-4AEF79AD514B-FollowerState: change to CANDIDATE, lastRpcTime:5084ms, electionTimeout:5080ms
2019-10-15 09:50:11,410 [Thread-2933] INFO  impl.RoleInfo (RoleInfo.java:shutdownFollowerState(121)) - e970edca-b356-45da-9694-b2b3a315242e: shutdown FollowerState
2019-10-15 09:50:11,410 [Thread-2937] INFO  impl.FollowerState (FollowerState.java:run(108)) - d74dfd8f-242e-45aa-8b2e-30d7f206e722@group-4AEF79AD514B-FollowerState: change to CANDIDATE, lastRpcTime:5071ms, electionTimeout:5046ms
2019-10-15 09:50:11,410 [Thread-2933] INFO  impl.RaftServerImpl (RaftServerImpl.java:setRole(170)) - e970edca-b356-45da-9694-b2b3a315242e@group-4AEF79AD514B: changes role from  FOLLOWER to CANDIDATE at term 0 for changeToCandidate
2019-10-15 09:50:11,410 [Thread-2937] INFO  impl.RoleInfo (RoleInfo.java:shutdownFollowerState(121)) - d74dfd8f-242e-45aa-8b2e-30d7f206e722: shutdown FollowerState
2019-10-15 09:50:11,410 [Thread-2933] INFO  impl.RoleInfo (RoleInfo.java:updateAndGet(143)) - e970edca-b356-45da-9694-b2b3a315242e: start LeaderElection
2019-10-15 09:50:11,410 [Thread-2935] INFO  impl.FollowerState (FollowerState.java:run(108)) - 836f8159-e543-401f-9399-0138340b8701@group-4AEF79AD514B-FollowerState: change to CANDIDATE, lastRpcTime:5079ms, electionTimeout:5043ms
2019-10-15 09:50:11,410 [Thread-2937] INFO  impl.RaftServerImpl (RaftServerImpl.java:setRole(170)) - d74dfd8f-242e-45aa-8b2e-30d7f206e722@group-4AEF79AD514B: changes role from  FOLLOWER to CANDIDATE at term 0 for changeToCandidate
2019-10-15 09:50:11,411 [Thread-2935] INFO  impl.RoleInfo (RoleInfo.java:shutdownFollowerState(121)) - 836f8159-e543-401f-9399-0138340b8701: shutdown FollowerState
2019-10-15 09:50:11,413 [Thread-2937] INFO  impl.RoleInfo (RoleInfo.java:updateAndGet(143)) - d74dfd8f-242e-45aa-8b2e-30d7f206e722: start LeaderElection
2019-10-15 09:50:11,415 [Thread-2935] INFO  impl.RaftServerImpl (RaftServerImpl.java:setRole(170)) - 836f8159-e543-401f-9399-0138340b8701@group-4AEF79AD514B: changes role from  FOLLOWER to CANDIDATE at term 0 for changeToCandidate
2019-10-15 09:50:11,415 [Thread-2935] INFO  impl.RoleInfo (RoleInfo.java:updateAndGet(143)) - 836f8159-e543-401f-9399-0138340b8701: start LeaderElection
2019-10-15 09:50:11,423 [d74dfd8f-242e-45aa-8b2e-30d7f206e722@group-B853B88A0A66-SegmentedRaftLogWorker] INFO  segmented.SegmentedRaftLogWorker (SegmentedRaftLogWorker.java:execute(574)) - d74dfd8f-242e-45aa-8b2e-30d7f206e722@group-B853B88A0A66-SegmentedRaftLogWorker: created new log segment /workdir/hadoop-ozone/integration-test/target/test-dir/MiniOzoneClusterImpl-45124f6e-3bdf-436f-a07d-bda8ed490d47/datanode-4/data/ratis/59bfff9a-7e3f-4a13-af5b-b853b88a0a66/current/log_inprogress_0
2019-10-15 09:50:11,427 [Thread-2927] INFO  impl.FollowerState (FollowerState.java:run(108)) - e970edca-b356-45da-9694-b2b3a315242e@group-4AEEF322D44E-FollowerState: change to CANDIDATE, lastRpcTime:5165ms, electionTimeout:5165ms
2019-10-15 09:50:11,427 [Thread-2927] INFO  impl.RoleInfo (RoleInfo.java:shutdownFollowerState(121)) - e970edca-b356-45da-9694-b2b3a315242e: shutdown FollowerState
2019-10-15 09:50:11,427 [Thread-2927] INFO  impl.RaftServerImpl (RaftServerImpl.java:setRole(170)) - e970edca-b356-45da-9694-b2b3a315242e@group-4AEEF322D44E: changes role from  FOLLOWER to CANDIDATE at term 0 for changeToCandidate
2019-10-15 09:50:11,427 [Thread-2927] INFO  impl.RoleInfo (RoleInfo.java:updateAndGet(143)) - e970edca-b356-45da-9694-b2b3a315242e: start LeaderElection
2019-10-15 09:50:11,436 [d74dfd8f-242e-45aa-8b2e-30d7f206e722@group-4AEF79AD514B-LeaderElection68] INFO  impl.LeaderElection (LeaderElection.java:askForVotes(178)) - d74dfd8f-242e-45aa-8b2e-30d7f206e722@group-4AEF79AD514B-LeaderElection68: begin an election at term 1 for -1: [d74dfd8f-242e-45aa-8b2e-30d7f206e722:192.168.69.65:34992, e970edca-b356-45da-9694-b2b3a315242e:192.168.69.65:45960, 836f8159-e543-401f-9399-0138340b8701:192.168.69.65:40774], old=null
2019-10-15 09:50:11,437 [836f8159-e543-401f-9399-0138340b8701@group-4AEF79AD514B-LeaderElection69] INFO  impl.LeaderElection (LeaderElection.java:askForVotes(178)) - 836f8159-e543-401f-9399-0138340b8701@group-4AEF79AD514B-LeaderElection69: begin an election at term 1 for -1: [d74dfd8f-242e-45aa-8b2e-30d7f206e722:192.168.69.65:34992, e970edca-b356-45da-9694-b2b3a315242e:192.168.69.65:45960, 836f8159-e543-401f-9399-0138340b8701:192.168.69.65:40774], old=null
2019-10-15 09:50:11,437 [e970edca-b356-45da-9694-b2b3a315242e@group-4AEEF322D44E-LeaderElection70] INFO  impl.LeaderElection (LeaderElection.java:askForVotes(178)) - e970edca-b356-45da-9694-b2b3a315242e@group-4AEEF322D44E-LeaderElection70: begin an election at term 1 for -1: [e970edca-b356-45da-9694-b2b3a315242e:192.168.69.65:45960], old=null
2019-10-15 09:50:11,437 [e970edca-b356-45da-9694-b2b3a315242e@group-4AEF79AD514B-LeaderElection67] INFO  impl.LeaderElection (LeaderElection.java:askForVotes(178)) - e970edca-b356-45da-9694-b2b3a315242e@group-4AEF79AD514B-LeaderElection67: begin an election at term 1 for -1: [d74dfd8f-242e-45aa-8b2e-30d7f206e722:192.168.69.65:34992, e970edca-b356-45da-9694-b2b3a315242e:192.168.69.65:45960, 836f8159-e543-401f-9399-0138340b8701:192.168.69.65:40774], old=null
2019-10-15 09:50:11,437 [e970edca-b356-45da-9694-b2b3a315242e@group-4AEEF322D44E-LeaderElection70] INFO  impl.RoleInfo (RoleInfo.java:shutdownLeaderElection(134)) - e970edca-b356-45da-9694-b2b3a315242e: shutdown LeaderElection
2019-10-15 09:50:11,440 [e970edca-b356-45da-9694-b2b3a315242e@group-4AEEF322D44E-LeaderElection70] INFO  impl.RaftServerImpl (RaftServerImpl.java:setRole(170)) - e970edca-b356-45da-9694-b2b3a315242e@group-4AEEF322D44E: changes role from CANDIDATE to LEADER at term 1 for changeToLeader
2019-10-15 09:50:11,440 [e970edca-b356-45da-9694-b2b3a315242e@group-4AEEF322D44E-LeaderElection70] INFO  impl.RaftServerImpl (ServerState.java:setLeader(255)) - e970edca-b356-45da-9694-b2b3a315242e@group-4AEEF322D44E: change Leader from null to e970edca-b356-45da-9694-b2b3a315242e at term 1 for becomeLeader, leader elected after 5183ms
2019-10-15 09:50:11,440 [e970edca-b356-45da-9694-b2b3a315242e@group-4AEEF322D44E-LeaderElection70] INFO  server.RaftServerConfigKeys (ConfUtils.java:logGet(43)) - raft.server.staging.catchup.gap = 1000 (default)
2019-10-15 09:50:11,441 [e970edca-b356-45da-9694-b2b3a315242e@group-4AEEF322D44E-LeaderElection70] INFO  server.RaftServerConfigKeys (ConfUtils.java:logGet(43)) - raft.server.rpc.sleep.time = 25ms (default)
2019-10-15 09:50:11,441 [e970edca-b356-45da-9694-b2b3a315242e@group-4AEEF322D44E-LeaderElection70] INFO  server.RaftServerConfigKeys (ConfUtils.java:logGet(43)) - raft.server.write.element-limit = 4096 (default)
2019-10-15 09:50:11,441 [e970edca-b356-45da-9694-b2b3a315242e@group-4AEEF322D44E-LeaderElection70] INFO  server.RaftServerConfigKeys (ConfUtils.java:logGet(43)) - raft.server.watch.timeout = 10s (default)
2019-10-15 09:50:11,441 [e970edca-b356-45da-9694-b2b3a315242e@group-4AEEF322D44E-LeaderElection70] INFO  server.RaftServerConfigKeys (ConfUtils.java:logGet(43)) - raft.server.watch.timeout.denomination = 1s (default)
2019-10-15 09:50:11,443 [e970edca-b356-45da-9694-b2b3a315242e@group-4AEEF322D44E-LeaderElection70] INFO  server.RaftServerConfigKeys (ConfUtils.java:logGet(43)) - raft.server.watch.element-limit = 65536 (default)
2019-10-15 09:50:11,445 [e970edca-b356-45da-9694-b2b3a315242e@group-4AEEF322D44E-LeaderElection70] INFO  impl.RoleInfo (RoleInfo.java:updateAndGet(143)) - e970edca-b356-45da-9694-b2b3a315242e: start LeaderState
2019-10-15 09:50:11,446 [e970edca-b356-45da-9694-b2b3a315242e@group-4AEEF322D44E-LeaderElection70] INFO  segmented.SegmentedRaftLogWorker (SegmentedRaftLogWorker.java:startLogSegment(385)) - e970edca-b356-45da-9694-b2b3a315242e@group-4AEEF322D44E-SegmentedRaftLogWorker: Starting segment from index:0
2019-10-15 09:50:11,448 [e970edca-b356-45da-9694-b2b3a315242e@group-4AEEF322D44E-LeaderElection70] INFO  impl.RaftServerImpl (ServerState.java:setRaftConf(356)) - e970edca-b356-45da-9694-b2b3a315242e@group-4AEEF322D44E: set configuration 0: [e970edca-b356-45da-9694-b2b3a315242e:192.168.69.65:45960], old=null at 0
2019-10-15 09:50:11,488 [d74dfd8f-242e-45aa-8b2e-30d7f206e722@group-4AEF79AD514B-LeaderElection68] INFO  impl.LeaderElection (LeaderElection.java:logAndReturn(56)) - d74dfd8f-242e-45aa-8b2e-30d7f206e722@group-4AEF79AD514B-LeaderElection68: Election REJECTED; received 2 response(s) [d74dfd8f-242e-45aa-8b2e-30d7f206e722<-e970edca-b356-45da-9694-b2b3a315242e#0:FAIL-t1, d74dfd8f-242e-45aa-8b2e-30d7f206e722<-836f8159-e543-401f-9399-0138340b8701#0:FAIL-t1] and 0 exception(s); d74dfd8f-242e-45aa-8b2e-30d7f206e722@group-4AEF79AD514B:t1, leader=null, voted=d74dfd8f-242e-45aa-8b2e-30d7f206e722, raftlog=d74dfd8f-242e-45aa-8b2e-30d7f206e722@group-4AEF79AD514B-SegmentedRaftLog:OPENED:c-1,f-1,i0, conf=-1: [d74dfd8f-242e-45aa-8b2e-30d7f206e722:192.168.69.65:34992, e970edca-b356-45da-9694-b2b3a315242e:192.168.69.65:45960, 836f8159-e543-401f-9399-0138340b8701:192.168.69.65:40774], old=null
2019-10-15 09:50:11,489 [d74dfd8f-242e-45aa-8b2e-30d7f206e722@group-4AEF79AD514B-LeaderElection68] INFO  impl.RaftServerImpl (RaftServerImpl.java:setRole(170)) - d74dfd8f-242e-45aa-8b2e-30d7f206e722@group-4AEF79AD514B: changes role from CANDIDATE to FOLLOWER at term 1 for DISCOVERED_A_NEW_TERM
2019-10-15 09:50:11,489 [836f8159-e543-401f-9399-0138340b8701@group-4AEF79AD514B-LeaderElection69] INFO  impl.LeaderElection (LeaderElection.java:logAndReturn(56)) - 836f8159-e543-401f-9399-0138340b8701@group-4AEF79AD514B-LeaderElection69: Election REJECTED; received 2 response(s) [836f8159-e543-401f-9399-0138340b8701<-d74dfd8f-242e-45aa-8b2e-30d7f206e722#0:FAIL-t1, 836f8159-e543-401f-9399-0138340b8701<-e970edca-b356-45da-9694-b2b3a315242e#0:FAIL-t1] and 0 exception(s); 836f8159-e543-401f-9399-0138340b8701@group-4AEF79AD514B:t1, leader=null, voted=836f8159-e543-401f-9399-0138340b8701, raftlog=836f8159-e543-401f-9399-0138340b8701@group-4AEF79AD514B-SegmentedRaftLog:OPENED:c-1,f-1,i0, conf=-1: [d74dfd8f-242e-45aa-8b2e-30d7f206e722:192.168.69.65:34992, e970edca-b356-45da-9694-b2b3a315242e:192.168.69.65:45960, 836f8159-e543-401f-9399-0138340b8701:192.168.69.65:40774], old=null
2019-10-15 09:50:11,489 [d74dfd8f-242e-45aa-8b2e-30d7f206e722@group-4AEF79AD514B-LeaderElection68] INFO  impl.RoleInfo (RoleInfo.java:shutdownLeaderElection(134)) - d74dfd8f-242e-45aa-8b2e-30d7f206e722: shutdown LeaderElection
2019-10-15 09:50:11,490 [836f8159-e543-401f-9399-0138340b8701@group-4AEF79AD514B-LeaderElection69] INFO  impl.RaftServerImpl (RaftServerImpl.java:setRole(170)) - 836f8159-e543-401f-9399-0138340b8701@group-4AEF79AD514B: changes role from CANDIDATE to FOLLOWER at term 1 for DISCOVERED_A_NEW_TERM
2019-10-15 09:50:11,492 [836f8159-e543-401f-9399-0138340b8701@group-4AEF79AD514B-LeaderElection69] INFO  impl.RoleInfo (RoleInfo.java:shutdownLeaderElection(134)) - 836f8159-e543-401f-9399-0138340b8701: shutdown LeaderElection
2019-10-15 09:50:11,492 [d74dfd8f-242e-45aa-8b2e-30d7f206e722@group-4AEF79AD514B-LeaderElection68] INFO  impl.RoleInfo (RoleInfo.java:updateAndGet(143)) - d74dfd8f-242e-45aa-8b2e-30d7f206e722: start FollowerState
2019-10-15 09:50:11,492 [e970edca-b356-45da-9694-b2b3a315242e@group-4AEF79AD514B-LeaderElection67] INFO  impl.LeaderElection (LeaderElection.java:logAndReturn(56)) - e970edca-b356-45da-9694-b2b3a315242e@group-4AEF79AD514B-LeaderElection67: Election REJECTED; received 2 response(s) [e970edca-b356-45da-9694-b2b3a315242e<-d74dfd8f-242e-45aa-8b2e-30d7f206e722#0:FAIL-t1, e970edca-b356-45da-9694-b2b3a315242e<-836f8159-e543-401f-9399-0138340b8701#0:FAIL-t1] and 0 exception(s); e970edca-b356-45da-9694-b2b3a315242e@group-4AEF79AD514B:t1, leader=null, voted=e970edca-b356-45da-9694-b2b3a315242e, raftlog=e970edca-b356-45da-9694-b2b3a315242e@group-4AEF79AD514B-SegmentedRaftLog:OPENED:c-1,f-1,i0, conf=-1: [d74dfd8f-242e-45aa-8b2e-30d7f206e722:192.168.69.65:34992, e970edca-b356-45da-9694-b2b3a315242e:192.168.69.65:45960, 836f8159-e543-401f-9399-0138340b8701:192.168.69.65:40774], old=null
2019-10-15 09:50:11,492 [836f8159-e543-401f-9399-0138340b8701@group-4AEF79AD514B-LeaderElection69] INFO  impl.RoleInfo (RoleInfo.java:updateAndGet(143)) - 836f8159-e543-401f-9399-0138340b8701: start FollowerState
2019-10-15 09:50:11,493 [e970edca-b356-45da-9694-b2b3a315242e@group-4AEF79AD514B-LeaderElection67] INFO  impl.RaftServerImpl (RaftServerImpl.java:setRole(170)) - e970edca-b356-45da-9694-b2b3a315242e@group-4AEF79AD514B: changes role from CANDIDATE to FOLLOWER at term 1 for DISCOVERED_A_NEW_TERM
2019-10-15 09:50:11,494 [e970edca-b356-45da-9694-b2b3a315242e@group-4AEEF322D44E-SegmentedRaftLogWorker] INFO  segmented.SegmentedRaftLogWorker (SegmentedRaftLogWorker.java:execute(574)) - e970edca-b356-45da-9694-b2b3a315242e@group-4AEEF322D44E-SegmentedRaftLogWorker: created new log segment /workdir/hadoop-ozone/integration-test/target/test-dir/MiniOzoneClusterImpl-45124f6e-3bdf-436f-a07d-bda8ed490d47/datanode-5/data/ratis/7ec317da-3102-4893-bc4f-4aeef322d44e/current/log_inprogress_0
2019-10-15 09:50:11,494 [e970edca-b356-45da-9694-b2b3a315242e@group-4AEF79AD514B-LeaderElection67] INFO  impl.RoleInfo (RoleInfo.java:shutdownLeaderElection(134)) - e970edca-b356-45da-9694-b2b3a315242e: shutdown LeaderElection
2019-10-15 09:50:11,495 [e970edca-b356-45da-9694-b2b3a315242e@group-4AEF79AD514B-LeaderElection67] INFO  impl.RoleInfo (RoleInfo.java:updateAndGet(143)) - e970edca-b356-45da-9694-b2b3a315242e: start FollowerState
2019-10-15 09:50:16,188 [Thread-2966] INFO  impl.FollowerState (FollowerState.java:run(108)) - 4591bcc6-b20c-4f7c-8784-c3850556b9a1@group-24B352F19AE2-FollowerState: change to CANDIDATE, lastRpcTime:5045ms, electionTimeout:5045ms
2019-10-15 09:50:16,190 [Thread-2966] INFO  impl.RoleInfo (RoleInfo.java:shutdownFollowerState(121)) - 4591bcc6-b20c-4f7c-8784-c3850556b9a1: shutdown FollowerState
2019-10-15 09:50:16,191 [Thread-2966] INFO  impl.RaftServerImpl (RaftServerImpl.java:setRole(170)) - 4591bcc6-b20c-4f7c-8784-c3850556b9a1@group-24B352F19AE2: changes role from  FOLLOWER to CANDIDATE at term 1 for changeToCandidate
2019-10-15 09:50:16,191 [Thread-2966] INFO  impl.RoleInfo (RoleInfo.java:updateAndGet(143)) - 4591bcc6-b20c-4f7c-8784-c3850556b9a1: start LeaderElection
2019-10-15 09:50:16,209 [4591bcc6-b20c-4f7c-8784-c3850556b9a1@group-24B352F19AE2-LeaderElection71] INFO  impl.LeaderElection (LeaderElection.java:askForVotes(178)) - 4591bcc6-b20c-4f7c-8784-c3850556b9a1@group-24B352F19AE2-LeaderElection71: begin an election at term 2 for -1: [4591bcc6-b20c-4f7c-8784-c3850556b9a1:192.168.69.65:42203, 63a63ab0-f006-4512-94a0-906e790af962:192.168.69.65:41910, 41d350ce-3b0d-42cb-ac79-45ad784101b6:192.168.69.65:34126], old=null
2019-10-15 09:50:16,212 [grpc-default-executor-10] INFO  impl.RaftServerImpl (RaftServerImpl.java:setRole(170)) - 63a63ab0-f006-4512-94a0-906e790af962@group-24B352F19AE2: changes role from  FOLLOWER to FOLLOWER at term 2 for recognizeCandidate:4591bcc6-b20c-4f7c-8784-c3850556b9a1
2019-10-15 09:50:16,212 [grpc-default-executor-9] INFO  impl.RaftServerImpl (RaftServerImpl.java:setRole(170)) - 41d350ce-3b0d-42cb-ac79-45ad784101b6@group-24B352F19AE2: changes role from  FOLLOWER to FOLLOWER at term 2 for recognizeCandidate:4591bcc6-b20c-4f7c-8784-c3850556b9a1
2019-10-15 09:50:16,213 [grpc-default-executor-10] INFO  impl.RoleInfo (RoleInfo.java:shutdownFollowerState(121)) - 63a63ab0-f006-4512-94a0-906e790af962: shutdown FollowerState
2019-10-15 09:50:16,213 [grpc-default-executor-9] INFO  impl.RoleInfo (RoleInfo.java:shutdownFollowerState(121)) - 41d350ce-3b0d-42cb-ac79-45ad784101b6: shutdown FollowerState
2019-10-15 09:50:16,213 [grpc-default-executor-10] INFO  impl.RoleInfo (RoleInfo.java:updateAndGet(143)) - 63a63ab0-f006-4512-94a0-906e790af962: start FollowerState
2019-10-15 09:50:16,213 [Thread-2969] INFO  impl.FollowerState (FollowerState.java:run(117)) - 41d350ce-3b0d-42cb-ac79-45ad784101b6@group-24B352F19AE2-FollowerState was interrupted: java.lang.InterruptedException: sleep interrupted
2019-10-15 09:50:16,213 [grpc-default-executor-9] INFO  impl.RoleInfo (RoleInfo.java:updateAndGet(143)) - 41d350ce-3b0d-42cb-ac79-45ad784101b6: start FollowerState
2019-10-15 09:50:16,213 [Thread-2967] INFO  impl.FollowerState (FollowerState.java:run(117)) - 63a63ab0-f006-4512-94a0-906e790af962@group-24B352F19AE2-FollowerState was interrupted: java.lang.InterruptedException: sleep interrupted
2019-10-15 09:50:16,233 [4591bcc6-b20c-4f7c-8784-c3850556b9a1@group-24B352F19AE2-LeaderElection71] INFO  impl.LeaderElection (LeaderElection.java:logAndReturn(56)) - 4591bcc6-b20c-4f7c-8784-c3850556b9a1@group-24B352F19AE2-LeaderElection71: Election PASSED; received 1 response(s) [4591bcc6-b20c-4f7c-8784-c3850556b9a1<-41d350ce-3b0d-42cb-ac79-45ad784101b6#0:OK-t2] and 0 exception(s); 4591bcc6-b20c-4f7c-8784-c3850556b9a1@group-24B352F19AE2:t2, leader=null, voted=4591bcc6-b20c-4f7c-8784-c3850556b9a1, raftlog=4591bcc6-b20c-4f7c-8784-c3850556b9a1@group-24B352F19AE2-SegmentedRaftLog:OPENED:c-1,f-1,i0, conf=-1: [4591bcc6-b20c-4f7c-8784-c3850556b9a1:192.168.69.65:42203, 63a63ab0-f006-4512-94a0-906e790af962:192.168.69.65:41910, 41d350ce-3b0d-42cb-ac79-45ad784101b6:192.168.69.65:34126], old=null
2019-10-15 09:50:16,233 [4591bcc6-b20c-4f7c-8784-c3850556b9a1@group-24B352F19AE2-LeaderElection71] INFO  impl.RoleInfo (RoleInfo.java:shutdownLeaderElection(134)) - 4591bcc6-b20c-4f7c-8784-c3850556b9a1: shutdown LeaderElection
2019-10-15 09:50:16,234 [4591bcc6-b20c-4f7c-8784-c3850556b9a1@group-24B352F19AE2-LeaderElection71] INFO  impl.RaftServerImpl (RaftServerImpl.java:setRole(170)) - 4591bcc6-b20c-4f7c-8784-c3850556b9a1@group-24B352F19AE2: changes role from CANDIDATE to LEADER at term 2 for changeToLeader
2019-10-15 09:50:16,234 [4591bcc6-b20c-4f7c-8784-c3850556b9a1@group-24B352F19AE2-LeaderElection71] INFO  impl.RaftServerImpl (ServerState.java:setLeader(255)) - 4591bcc6-b20c-4f7c-8784-c3850556b9a1@group-24B352F19AE2: change Leader from null to 4591bcc6-b20c-4f7c-8784-c3850556b9a1 at term 2 for becomeLeader, leader elected after 10203ms
2019-10-15 09:50:16,234 [4591bcc6-b20c-4f7c-8784-c3850556b9a1@group-24B352F19AE2-LeaderElection71] INFO  server.RaftServerConfigKeys (ConfUtils.java:logGet(43)) - raft.server.staging.catchup.gap = 1000 (default)
2019-10-15 09:50:16,234 [4591bcc6-b20c-4f7c-8784-c3850556b9a1@group-24B352F19AE2-LeaderElection71] INFO  server.RaftServerConfigKeys (ConfUtils.java:logGet(43)) - raft.server.rpc.sleep.time = 25ms (default)
2019-10-15 09:50:16,235 [4591bcc6-b20c-4f7c-8784-c3850556b9a1@group-24B352F19AE2-LeaderElection71] INFO  server.RaftServerConfigKeys (ConfUtils.java:logGet(43)) - raft.server.write.element-limit = 4096 (default)
2019-10-15 09:50:16,235 [4591bcc6-b20c-4f7c-8784-c3850556b9a1@group-24B352F19AE2-LeaderElection71] INFO  server.RaftServerConfigKeys (ConfUtils.java:logGet(43)) - raft.server.watch.timeout = 10s (default)
2019-10-15 09:50:16,235 [4591bcc6-b20c-4f7c-8784-c3850556b9a1@group-24B352F19AE2-LeaderElection71] INFO  server.RaftServerConfigKeys (ConfUtils.java:logGet(43)) - raft.server.watch.timeout.denomination = 1s (default)
2019-10-15 09:50:16,235 [4591bcc6-b20c-4f7c-8784-c3850556b9a1@group-24B352F19AE2-LeaderElection71] INFO  server.RaftServerConfigKeys (ConfUtils.java:logGet(43)) - raft.server.watch.element-limit = 65536 (default)
2019-10-15 09:50:16,238 [4591bcc6-b20c-4f7c-8784-c3850556b9a1@group-24B352F19AE2-LeaderElection71] INFO  server.RaftServerConfigKeys (ConfUtils.java:logGet(43)) - raft.server.log.appender.snapshot.chunk.size.max = 16MB (=16777216) (default)
2019-10-15 09:50:16,239 [4591bcc6-b20c-4f7c-8784-c3850556b9a1@group-24B352F19AE2-LeaderElection71] INFO  server.RaftServerConfigKeys (ConfUtils.java:logGet(43)) - raft.server.log.appender.buffer.byte-limit = 33554432 (custom)
2019-10-15 09:50:16,239 [4591bcc6-b20c-4f7c-8784-c3850556b9a1@group-24B352F19AE2-LeaderElection71] INFO  server.RaftServerConfigKeys (ConfUtils.java:logGet(43)) - raft.server.log.appender.buffer.element-limit = 1 (custom)
2019-10-15 09:50:16,239 [4591bcc6-b20c-4f7c-8784-c3850556b9a1@group-24B352F19AE2-LeaderElection71] INFO  grpc.GrpcConfigKeys$Server (ConfUtils.java:logGet(43)) - raft.grpc.server.leader.outstanding.appends.max = 128 (default)
2019-10-15 09:50:16,239 [4591bcc6-b20c-4f7c-8784-c3850556b9a1@group-24B352F19AE2-LeaderElection71] INFO  server.RaftServerConfigKeys (ConfUtils.java:logGet(43)) - raft.server.rpc.request.timeout = 3000ms (default)
2019-10-15 09:50:16,240 [4591bcc6-b20c-4f7c-8784-c3850556b9a1@group-24B352F19AE2-LeaderElection71] INFO  server.RaftServerConfigKeys (ConfUtils.java:logGet(43)) - raft.server.log.appender.install.snapshot.enabled = false (custom)
2019-10-15 09:50:16,240 [4591bcc6-b20c-4f7c-8784-c3850556b9a1@group-24B352F19AE2-LeaderElection71] INFO  server.RaftServerConfigKeys (ConfUtils.java:logGet(43)) - raft.server.log.appender.snapshot.chunk.size.max = 16MB (=16777216) (default)
2019-10-15 09:50:16,240 [4591bcc6-b20c-4f7c-8784-c3850556b9a1@group-24B352F19AE2-LeaderElection71] INFO  server.RaftServerConfigKeys (ConfUtils.java:logGet(43)) - raft.server.log.appender.buffer.byte-limit = 33554432 (custom)
2019-10-15 09:50:16,240 [4591bcc6-b20c-4f7c-8784-c3850556b9a1@group-24B352F19AE2-LeaderElection71] INFO  server.RaftServerConfigKeys (ConfUtils.java:logGet(43)) - raft.server.log.appender.buffer.element-limit = 1 (custom)
2019-10-15 09:50:16,240 [4591bcc6-b20c-4f7c-8784-c3850556b9a1@group-24B352F19AE2-LeaderElection71] INFO  grpc.GrpcConfigKeys$Server (ConfUtils.java:logGet(43)) - raft.grpc.server.leader.outstanding.appends.max = 128 (default)
2019-10-15 09:50:16,240 [4591bcc6-b20c-4f7c-8784-c3850556b9a1@group-24B352F19AE2-LeaderElection71] INFO  server.RaftServerConfigKeys (ConfUtils.java:logGet(43)) - raft.server.rpc.request.timeout = 3000ms (default)
2019-10-15 09:50:16,241 [4591bcc6-b20c-4f7c-8784-c3850556b9a1@group-24B352F19AE2-LeaderElection71] INFO  server.RaftServerConfigKeys (ConfUtils.java:logGet(43)) - raft.server.log.appender.install.snapshot.enabled = false (custom)
2019-10-15 09:50:16,241 [4591bcc6-b20c-4f7c-8784-c3850556b9a1@group-24B352F19AE2-LeaderElection71] INFO  impl.RoleInfo (RoleInfo.java:updateAndGet(143)) - 4591bcc6-b20c-4f7c-8784-c3850556b9a1: start LeaderState
2019-10-15 09:50:16,241 [4591bcc6-b20c-4f7c-8784-c3850556b9a1@group-24B352F19AE2-LeaderElection71] INFO  segmented.SegmentedRaftLogWorker (SegmentedRaftLogWorker.java:startLogSegment(385)) - 4591bcc6-b20c-4f7c-8784-c3850556b9a1@group-24B352F19AE2-SegmentedRaftLogWorker: Starting segment from index:0
2019-10-15 09:50:16,242 [4591bcc6-b20c-4f7c-8784-c3850556b9a1@group-24B352F19AE2-LeaderElection71] INFO  impl.RaftServerImpl (ServerState.java:setRaftConf(356)) - 4591bcc6-b20c-4f7c-8784-c3850556b9a1@group-24B352F19AE2: set configuration 0: [4591bcc6-b20c-4f7c-8784-c3850556b9a1:192.168.69.65:42203, 63a63ab0-f006-4512-94a0-906e790af962:192.168.69.65:41910, 41d350ce-3b0d-42cb-ac79-45ad784101b6:192.168.69.65:34126], old=null at 0
2019-10-15 09:50:16,243 [grpc-default-executor-10] INFO  impl.RaftServerImpl (ServerState.java:setLeader(255)) - 41d350ce-3b0d-42cb-ac79-45ad784101b6@group-24B352F19AE2: change Leader from null to 4591bcc6-b20c-4f7c-8784-c3850556b9a1 at term 2 for appendEntries, leader elected after 10213ms
2019-10-15 09:50:16,281 [grpc-default-executor-9] INFO  impl.RaftServerImpl (ServerState.java:setLeader(255)) - 63a63ab0-f006-4512-94a0-906e790af962@group-24B352F19AE2: change Leader from null to 4591bcc6-b20c-4f7c-8784-c3850556b9a1 at term 2 for appendEntries, leader elected after 10251ms
2019-10-15 09:50:16,284 [grpc-default-executor-9] INFO  impl.RaftServerImpl (ServerState.java:setRaftConf(356)) - 41d350ce-3b0d-42cb-ac79-45ad784101b6@group-24B352F19AE2: set configuration 0: [4591bcc6-b20c-4f7c-8784-c3850556b9a1:192.168.69.65:42203, 63a63ab0-f006-4512-94a0-906e790af962:192.168.69.65:41910, 41d350ce-3b0d-42cb-ac79-45ad784101b6:192.168.69.65:34126], old=null at 0
2019-10-15 09:50:16,284 [grpc-default-executor-10] INFO  impl.RaftServerImpl (ServerState.java:setRaftConf(356)) - 63a63ab0-f006-4512-94a0-906e790af962@group-24B352F19AE2: set configuration 0: [4591bcc6-b20c-4f7c-8784-c3850556b9a1:192.168.69.65:42203, 63a63ab0-f006-4512-94a0-906e790af962:192.168.69.65:41910, 41d350ce-3b0d-42cb-ac79-45ad784101b6:192.168.69.65:34126], old=null at 0
2019-10-15 09:50:16,284 [grpc-default-executor-9] INFO  segmented.SegmentedRaftLogWorker (SegmentedRaftLogWorker.java:startLogSegment(385)) - 41d350ce-3b0d-42cb-ac79-45ad784101b6@group-24B352F19AE2-SegmentedRaftLogWorker: Starting segment from index:0
2019-10-15 09:50:16,284 [grpc-default-executor-10] INFO  segmented.SegmentedRaftLogWorker (SegmentedRaftLogWorker.java:startLogSegment(385)) - 63a63ab0-f006-4512-94a0-906e790af962@group-24B352F19AE2-SegmentedRaftLogWorker: Starting segment from index:0
2019-10-15 09:50:16,293 [4591bcc6-b20c-4f7c-8784-c3850556b9a1@group-24B352F19AE2-SegmentedRaftLogWorker] INFO  segmented.SegmentedRaftLogWorker (SegmentedRaftLogWorker.java:execute(574)) - 4591bcc6-b20c-4f7c-8784-c3850556b9a1@group-24B352F19AE2-SegmentedRaftLogWorker: created new log segment /workdir/hadoop-ozone/integration-test/target/test-dir/MiniOzoneClusterImpl-45124f6e-3bdf-436f-a07d-bda8ed490d47/datanode-1/data/ratis/06cf893a-378b-4057-a66f-24b352f19ae2/current/log_inprogress_0
2019-10-15 09:50:16,334 [41d350ce-3b0d-42cb-ac79-45ad784101b6@group-24B352F19AE2-SegmentedRaftLogWorker] INFO  segmented.SegmentedRaftLogWorker (SegmentedRaftLogWorker.java:execute(574)) - 41d350ce-3b0d-42cb-ac79-45ad784101b6@group-24B352F19AE2-SegmentedRaftLogWorker: created new log segment /workdir/hadoop-ozone/integration-test/target/test-dir/MiniOzoneClusterImpl-45124f6e-3bdf-436f-a07d-bda8ed490d47/datanode-0/data/ratis/06cf893a-378b-4057-a66f-24b352f19ae2/current/log_inprogress_0
2019-10-15 09:50:16,334 [63a63ab0-f006-4512-94a0-906e790af962@group-24B352F19AE2-SegmentedRaftLogWorker] INFO  segmented.SegmentedRaftLogWorker (SegmentedRaftLogWorker.java:execute(574)) - 63a63ab0-f006-4512-94a0-906e790af962@group-24B352F19AE2-SegmentedRaftLogWorker: created new log segment /workdir/hadoop-ozone/integration-test/target/test-dir/MiniOzoneClusterImpl-45124f6e-3bdf-436f-a07d-bda8ed490d47/datanode-2/data/ratis/06cf893a-378b-4057-a66f-24b352f19ae2/current/log_inprogress_0
2019-10-15 09:50:16,587 [Thread-2988] INFO  impl.FollowerState (FollowerState.java:run(108)) - 836f8159-e543-401f-9399-0138340b8701@group-4AEF79AD514B-FollowerState: change to CANDIDATE, lastRpcTime:5094ms, electionTimeout:5092ms
2019-10-15 09:50:16,587 [Thread-2988] INFO  impl.RoleInfo (RoleInfo.java:shutdownFollowerState(121)) - 836f8159-e543-401f-9399-0138340b8701: shutdown FollowerState
2019-10-15 09:50:16,587 [Thread-2988] INFO  impl.RaftServerImpl (RaftServerImpl.java:setRole(170)) - 836f8159-e543-401f-9399-0138340b8701@group-4AEF79AD514B: changes role from  FOLLOWER to CANDIDATE at term 1 for changeToCandidate
2019-10-15 09:50:16,587 [Thread-2988] INFO  impl.RoleInfo (RoleInfo.java:updateAndGet(143)) - 836f8159-e543-401f-9399-0138340b8701: start LeaderElection
2019-10-15 09:50:16,590 [Thread-2987] INFO  impl.FollowerState (FollowerState.java:run(108)) - d74dfd8f-242e-45aa-8b2e-30d7f206e722@group-4AEF79AD514B-FollowerState: change to CANDIDATE, lastRpcTime:5099ms, electionTimeout:5095ms
2019-10-15 09:50:16,590 [Thread-2987] INFO  impl.RoleInfo (RoleInfo.java:shutdownFollowerState(121)) - d74dfd8f-242e-45aa-8b2e-30d7f206e722: shutdown FollowerState
2019-10-15 09:50:16,590 [Thread-2987] INFO  impl.RaftServerImpl (RaftServerImpl.java:setRole(170)) - d74dfd8f-242e-45aa-8b2e-30d7f206e722@group-4AEF79AD514B: changes role from  FOLLOWER to CANDIDATE at term 1 for changeToCandidate
2019-10-15 09:50:16,590 [Thread-2987] INFO  impl.RoleInfo (RoleInfo.java:updateAndGet(143)) - d74dfd8f-242e-45aa-8b2e-30d7f206e722: start LeaderElection
2019-10-15 09:50:16,598 [Thread-2989] INFO  impl.FollowerState (FollowerState.java:run(108)) - e970edca-b356-45da-9694-b2b3a315242e@group-4AEF79AD514B-FollowerState: change to CANDIDATE, lastRpcTime:5103ms, electionTimeout:5103ms
2019-10-15 09:50:16,598 [Thread-2989] INFO  impl.RoleInfo (RoleInfo.java:shutdownFollowerState(121)) - e970edca-b356-45da-9694-b2b3a315242e: shutdown FollowerState
2019-10-15 09:50:16,598 [Thread-2989] INFO  impl.RaftServerImpl (RaftServerImpl.java:setRole(170)) - e970edca-b356-45da-9694-b2b3a315242e@group-4AEF79AD514B: changes role from  FOLLOWER to CANDIDATE at term 1 for changeToCandidate
2019-10-15 09:50:16,598 [Thread-2989] INFO  impl.RoleInfo (RoleInfo.java:updateAndGet(143)) - e970edca-b356-45da-9694-b2b3a315242e: start LeaderElection
2019-10-15 09:50:16,604 [836f8159-e543-401f-9399-0138340b8701@group-4AEF79AD514B-LeaderElection72] INFO  impl.LeaderElection (LeaderElection.java:askForVotes(178)) - 836f8159-e543-401f-9399-0138340b8701@group-4AEF79AD514B-LeaderElection72: begin an election at term 2 for -1: [d74dfd8f-242e-45aa-8b2e-30d7f206e722:192.168.69.65:34992, e970edca-b356-45da-9694-b2b3a315242e:192.168.69.65:45960, 836f8159-e543-401f-9399-0138340b8701:192.168.69.65:40774], old=null
2019-10-15 09:50:16,606 [d74dfd8f-242e-45aa-8b2e-30d7f206e722@group-4AEF79AD514B-LeaderElection73] INFO  impl.LeaderElection (LeaderElection.java:askForVotes(178)) - d74dfd8f-242e-45aa-8b2e-30d7f206e722@group-4AEF79AD514B-LeaderElection73: begin an election at term 2 for -1: [d74dfd8f-242e-45aa-8b2e-30d7f206e722:192.168.69.65:34992, e970edca-b356-45da-9694-b2b3a315242e:192.168.69.65:45960, 836f8159-e543-401f-9399-0138340b8701:192.168.69.65:40774], old=null
2019-10-15 09:50:16,606 [e970edca-b356-45da-9694-b2b3a315242e@group-4AEF79AD514B-LeaderElection74] INFO  impl.LeaderElection (LeaderElection.java:askForVotes(178)) - e970edca-b356-45da-9694-b2b3a315242e@group-4AEF79AD514B-LeaderElection74: begin an election at term 2 for -1: [d74dfd8f-242e-45aa-8b2e-30d7f206e722:192.168.69.65:34992, e970edca-b356-45da-9694-b2b3a315242e:192.168.69.65:45960, 836f8159-e543-401f-9399-0138340b8701:192.168.69.65:40774], old=null
2019-10-15 09:50:16,608 [836f8159-e543-401f-9399-0138340b8701@group-4AEF79AD514B-LeaderElection72] INFO  impl.LeaderElection (LeaderElection.java:logAndReturn(56)) - 836f8159-e543-401f-9399-0138340b8701@group-4AEF79AD514B-LeaderElection72: Election REJECTED; received 2 response(s) [836f8159-e543-401f-9399-0138340b8701<-d74dfd8f-242e-45aa-8b2e-30d7f206e722#0:FAIL-t2, 836f8159-e543-401f-9399-0138340b8701<-e970edca-b356-45da-9694-b2b3a315242e#0:FAIL-t2] and 0 exception(s); 836f8159-e543-401f-9399-0138340b8701@group-4AEF79AD514B:t2, leader=null, voted=836f8159-e543-401f-9399-0138340b8701, raftlog=836f8159-e543-401f-9399-0138340b8701@group-4AEF79AD514B-SegmentedRaftLog:OPENED:c-1,f-1,i0, conf=-1: [d74dfd8f-242e-45aa-8b2e-30d7f206e722:192.168.69.65:34992, e970edca-b356-45da-9694-b2b3a315242e:192.168.69.65:45960, 836f8159-e543-401f-9399-0138340b8701:192.168.69.65:40774], old=null
2019-10-15 09:50:16,608 [836f8159-e543-401f-9399-0138340b8701@group-4AEF79AD514B-LeaderElection72] INFO  impl.RaftServerImpl (RaftServerImpl.java:setRole(170)) - 836f8159-e543-401f-9399-0138340b8701@group-4AEF79AD514B: changes role from CANDIDATE to FOLLOWER at term 2 for DISCOVERED_A_NEW_TERM
2019-10-15 09:50:16,608 [836f8159-e543-401f-9399-0138340b8701@group-4AEF79AD514B-LeaderElection72] INFO  impl.RoleInfo (RoleInfo.java:shutdownLeaderElection(134)) - 836f8159-e543-401f-9399-0138340b8701: shutdown LeaderElection
2019-10-15 09:50:16,608 [836f8159-e543-401f-9399-0138340b8701@group-4AEF79AD514B-LeaderElection72] INFO  impl.RoleInfo (RoleInfo.java:updateAndGet(143)) - 836f8159-e543-401f-9399-0138340b8701: start FollowerState
2019-10-15 09:50:16,609 [d74dfd8f-242e-45aa-8b2e-30d7f206e722@group-4AEF79AD514B-LeaderElection73] INFO  impl.LeaderElection (LeaderElection.java:logAndReturn(56)) - d74dfd8f-242e-45aa-8b2e-30d7f206e722@group-4AEF79AD514B-LeaderElection73: Election REJECTED; received 2 response(s) [d74dfd8f-242e-45aa-8b2e-30d7f206e722<-e970edca-b356-45da-9694-b2b3a315242e#0:FAIL-t2, d74dfd8f-242e-45aa-8b2e-30d7f206e722<-836f8159-e543-401f-9399-0138340b8701#0:FAIL-t2] and 0 exception(s); d74dfd8f-242e-45aa-8b2e-30d7f206e722@group-4AEF79AD514B:t2, leader=null, voted=d74dfd8f-242e-45aa-8b2e-30d7f206e722, raftlog=d74dfd8f-242e-45aa-8b2e-30d7f206e722@group-4AEF79AD514B-SegmentedRaftLog:OPENED:c-1,f-1,i0, conf=-1: [d74dfd8f-242e-45aa-8b2e-30d7f206e722:192.168.69.65:34992, e970edca-b356-45da-9694-b2b3a315242e:192.168.69.65:45960, 836f8159-e543-401f-9399-0138340b8701:192.168.69.65:40774], old=null
2019-10-15 09:50:16,611 [d74dfd8f-242e-45aa-8b2e-30d7f206e722@group-4AEF79AD514B-LeaderElection73] INFO  impl.RaftServerImpl (RaftServerImpl.java:setRole(170)) - d74dfd8f-242e-45aa-8b2e-30d7f206e722@group-4AEF79AD514B: changes role from CANDIDATE to FOLLOWER at term 2 for DISCOVERED_A_NEW_TERM
2019-10-15 09:50:16,611 [d74dfd8f-242e-45aa-8b2e-30d7f206e722@group-4AEF79AD514B-LeaderElection73] INFO  impl.RoleInfo (RoleInfo.java:shutdownLeaderElection(134)) - d74dfd8f-242e-45aa-8b2e-30d7f206e722: shutdown LeaderElection
2019-10-15 09:50:16,611 [d74dfd8f-242e-45aa-8b2e-30d7f206e722@group-4AEF79AD514B-LeaderElection73] INFO  impl.RoleInfo (RoleInfo.java:updateAndGet(143)) - d74dfd8f-242e-45aa-8b2e-30d7f206e722: start FollowerState
2019-10-15 09:50:16,612 [e970edca-b356-45da-9694-b2b3a315242e@group-4AEF79AD514B-LeaderElection74] INFO  impl.LeaderElection (LeaderElection.java:logAndReturn(56)) - e970edca-b356-45da-9694-b2b3a315242e@group-4AEF79AD514B-LeaderElection74: Election REJECTED; received 2 response(s) [e970edca-b356-45da-9694-b2b3a315242e<-d74dfd8f-242e-45aa-8b2e-30d7f206e722#0:FAIL-t2, e970edca-b356-45da-9694-b2b3a315242e<-836f8159-e543-401f-9399-0138340b8701#0:FAIL-t2] and 0 exception(s); e970edca-b356-45da-9694-b2b3a315242e@group-4AEF79AD514B:t2, leader=null, voted=e970edca-b356-45da-9694-b2b3a315242e, raftlog=e970edca-b356-45da-9694-b2b3a315242e@group-4AEF79AD514B-SegmentedRaftLog:OPENED:c-1,f-1,i0, conf=-1: [d74dfd8f-242e-45aa-8b2e-30d7f206e722:192.168.69.65:34992, e970edca-b356-45da-9694-b2b3a315242e:192.168.69.65:45960, 836f8159-e543-401f-9399-0138340b8701:192.168.69.65:40774], old=null
2019-10-15 09:50:16,614 [e970edca-b356-45da-9694-b2b3a315242e@group-4AEF79AD514B-LeaderElection74] INFO  impl.RaftServerImpl (RaftServerImpl.java:setRole(170)) - e970edca-b356-45da-9694-b2b3a315242e@group-4AEF79AD514B: changes role from CANDIDATE to FOLLOWER at term 2 for DISCOVERED_A_NEW_TERM
2019-10-15 09:50:16,614 [e970edca-b356-45da-9694-b2b3a315242e@group-4AEF79AD514B-LeaderElection74] INFO  impl.RoleInfo (RoleInfo.java:shutdownLeaderElection(134)) - e970edca-b356-45da-9694-b2b3a315242e: shutdown LeaderElection
2019-10-15 09:50:16,614 [e970edca-b356-45da-9694-b2b3a315242e@group-4AEF79AD514B-LeaderElection74] INFO  impl.RoleInfo (RoleInfo.java:updateAndGet(143)) - e970edca-b356-45da-9694-b2b3a315242e: start FollowerState
2019-10-15 09:50:17,638 [Datanode State Machine Thread - 0] INFO  statemachine.DatanodeStateMachine (DatanodeStateMachine.java:lambda$startDaemon$0(350)) - Ozone container server started.
2019-10-15 09:50:21,697 [EventQueue-StaleNodeForStaleNodeHandler] INFO  node.StaleNodeHandler (StaleNodeHandler.java:onMessage(58)) - Datanode 4591bcc6-b20c-4f7c-8784-c3850556b9a1{ip: 192.168.69.65, host: dev-nightly-20191015-lc69l-4092513605, networkLocation: /default-rack, certSerialId: null} moved to stale state. Finalizing its pipelines [PipelineID=af0e9f72-c339-40dd-9324-5f0db1e69911, PipelineID=06cf893a-378b-4057-a66f-24b352f19ae2]
2019-10-15 09:50:21,698 [EventQueue-StaleNodeForStaleNodeHandler] INFO  pipeline.SCMPipelineManager (SCMPipelineManager.java:finalizeAndDestroyPipeline(315)) - destroying pipeline:Pipeline[ Id: af0e9f72-c339-40dd-9324-5f0db1e69911, Nodes: 4591bcc6-b20c-4f7c-8784-c3850556b9a1{ip: 192.168.69.65, host: dev-nightly-20191015-lc69l-4092513605, networkLocation: /default-rack, certSerialId: null}, Type:RATIS, Factor:ONE, State:OPEN]
2019-10-15 09:50:21,698 [EventQueue-StaleNodeForStaleNodeHandler] INFO  pipeline.PipelineStateManager (PipelineStateManager.java:finalizePipeline(123)) - Pipeline Pipeline[ Id: af0e9f72-c339-40dd-9324-5f0db1e69911, Nodes: 4591bcc6-b20c-4f7c-8784-c3850556b9a1{ip: 192.168.69.65, host: dev-nightly-20191015-lc69l-4092513605, networkLocation: /default-rack, certSerialId: null}, Type:RATIS, Factor:ONE, State:CLOSED] moved to CLOSED state
2019-10-15 09:50:21,699 [EventQueue-StaleNodeForStaleNodeHandler] INFO  pipeline.SCMPipelineManager (SCMPipelineManager.java:finalizeAndDestroyPipeline(315)) - destroying pipeline:Pipeline[ Id: 06cf893a-378b-4057-a66f-24b352f19ae2, Nodes: 4591bcc6-b20c-4f7c-8784-c3850556b9a1{ip: 192.168.69.65, host: dev-nightly-20191015-lc69l-4092513605, networkLocation: /default-rack, certSerialId: null}63a63ab0-f006-4512-94a0-906e790af962{ip: 192.168.69.65, host: dev-nightly-20191015-lc69l-4092513605, networkLocation: /default-rack, certSerialId: null}41d350ce-3b0d-42cb-ac79-45ad784101b6{ip: 192.168.69.65, host: dev-nightly-20191015-lc69l-4092513605, networkLocation: /default-rack, certSerialId: null}, Type:RATIS, Factor:THREE, State:OPEN]
2019-10-15 09:50:21,699 [EventQueue-StaleNodeForStaleNodeHandler] INFO  pipeline.PipelineStateManager (PipelineStateManager.java:finalizePipeline(123)) - Pipeline Pipeline[ Id: 06cf893a-378b-4057-a66f-24b352f19ae2, Nodes: 4591bcc6-b20c-4f7c-8784-c3850556b9a1{ip: 192.168.69.65, host: dev-nightly-20191015-lc69l-4092513605, networkLocation: /default-rack, certSerialId: null}63a63ab0-f006-4512-94a0-906e790af962{ip: 192.168.69.65, host: dev-nightly-20191015-lc69l-4092513605, networkLocation: /default-rack, certSerialId: null}41d350ce-3b0d-42cb-ac79-45ad784101b6{ip: 192.168.69.65, host: dev-nightly-20191015-lc69l-4092513605, networkLocation: /default-rack, certSerialId: null}, Type:RATIS, Factor:THREE, State:CLOSED] moved to CLOSED state
2019-10-15 09:50:21,700 [EventQueue-CloseContainerForCloseContainerEventHandler] INFO  container.CloseContainerEventHandler (CloseContainerEventHandler.java:onMessage(61)) - Close container Event triggered for container : #1
2019-10-15 09:50:21,735 [Thread-3025] INFO  impl.FollowerState (FollowerState.java:run(108)) - d74dfd8f-242e-45aa-8b2e-30d7f206e722@group-4AEF79AD514B-FollowerState: change to CANDIDATE, lastRpcTime:5123ms, electionTimeout:5123ms
2019-10-15 09:50:21,737 [Thread-3024] INFO  impl.FollowerState (FollowerState.java:run(108)) - 836f8159-e543-401f-9399-0138340b8701@group-4AEF79AD514B-FollowerState: change to CANDIDATE, lastRpcTime:5129ms, electionTimeout:5125ms
2019-10-15 09:50:21,738 [Thread-3025] INFO  impl.RoleInfo (RoleInfo.java:shutdownFollowerState(121)) - d74dfd8f-242e-45aa-8b2e-30d7f206e722: shutdown FollowerState
2019-10-15 09:50:21,738 [Thread-3024] INFO  impl.RoleInfo (RoleInfo.java:shutdownFollowerState(121)) - 836f8159-e543-401f-9399-0138340b8701: shutdown FollowerState
2019-10-15 09:50:21,738 [Thread-3025] INFO  impl.RaftServerImpl (RaftServerImpl.java:setRole(170)) - d74dfd8f-242e-45aa-8b2e-30d7f206e722@group-4AEF79AD514B: changes role from  FOLLOWER to CANDIDATE at term 2 for changeToCandidate
2019-10-15 09:50:21,738 [Thread-3024] INFO  impl.RaftServerImpl (RaftServerImpl.java:setRole(170)) - 836f8159-e543-401f-9399-0138340b8701@group-4AEF79AD514B: changes role from  FOLLOWER to CANDIDATE at term 2 for changeToCandidate
2019-10-15 09:50:21,739 [Thread-3024] INFO  impl.RoleInfo (RoleInfo.java:updateAndGet(143)) - 836f8159-e543-401f-9399-0138340b8701: start LeaderElection
2019-10-15 09:50:21,739 [Thread-3025] INFO  impl.RoleInfo (RoleInfo.java:updateAndGet(143)) - d74dfd8f-242e-45aa-8b2e-30d7f206e722: start LeaderElection
2019-10-15 09:50:21,758 [d74dfd8f-242e-45aa-8b2e-30d7f206e722@group-4AEF79AD514B-LeaderElection76] INFO  impl.LeaderElection (LeaderElection.java:askForVotes(178)) - d74dfd8f-242e-45aa-8b2e-30d7f206e722@group-4AEF79AD514B-LeaderElection76: begin an election at term 3 for -1: [d74dfd8f-242e-45aa-8b2e-30d7f206e722:192.168.69.65:34992, e970edca-b356-45da-9694-b2b3a315242e:192.168.69.65:45960, 836f8159-e543-401f-9399-0138340b8701:192.168.69.65:40774], old=null
2019-10-15 09:50:21,758 [836f8159-e543-401f-9399-0138340b8701@group-4AEF79AD514B-LeaderElection75] INFO  impl.LeaderElection (LeaderElection.java:askForVotes(178)) - 836f8159-e543-401f-9399-0138340b8701@group-4AEF79AD514B-LeaderElection75: begin an election at term 3 for -1: [d74dfd8f-242e-45aa-8b2e-30d7f206e722:192.168.69.65:34992, e970edca-b356-45da-9694-b2b3a315242e:192.168.69.65:45960, 836f8159-e543-401f-9399-0138340b8701:192.168.69.65:40774], old=null
2019-10-15 09:50:21,765 [grpc-default-executor-5] INFO  impl.RaftServerImpl (RaftServerImpl.java:setRole(170)) - e970edca-b356-45da-9694-b2b3a315242e@group-4AEF79AD514B: changes role from  FOLLOWER to FOLLOWER at term 3 for recognizeCandidate:836f8159-e543-401f-9399-0138340b8701
2019-10-15 09:50:21,765 [grpc-default-executor-5] INFO  impl.RoleInfo (RoleInfo.java:shutdownFollowerState(121)) - e970edca-b356-45da-9694-b2b3a315242e: shutdown FollowerState
2019-10-15 09:50:21,765 [grpc-default-executor-5] INFO  impl.RoleInfo (RoleInfo.java:updateAndGet(143)) - e970edca-b356-45da-9694-b2b3a315242e: start FollowerState
2019-10-15 09:50:21,765 [Thread-3026] INFO  impl.FollowerState (FollowerState.java:run(117)) - e970edca-b356-45da-9694-b2b3a315242e@group-4AEF79AD514B-FollowerState was interrupted: java.lang.InterruptedException: sleep interrupted
2019-10-15 09:50:21,782 [836f8159-e543-401f-9399-0138340b8701@group-4AEF79AD514B-LeaderElection75] INFO  impl.LeaderElection (LeaderElection.java:logAndReturn(56)) - 836f8159-e543-401f-9399-0138340b8701@group-4AEF79AD514B-LeaderElection75: Election PASSED; received 2 response(s) [836f8159-e543-401f-9399-0138340b8701<-d74dfd8f-242e-45aa-8b2e-30d7f206e722#0:FAIL-t3, 836f8159-e543-401f-9399-0138340b8701<-e970edca-b356-45da-9694-b2b3a315242e#0:OK-t3] and 0 exception(s); 836f8159-e543-401f-9399-0138340b8701@group-4AEF79AD514B:t3, leader=null, voted=836f8159-e543-401f-9399-0138340b8701, raftlog=836f8159-e543-401f-9399-0138340b8701@group-4AEF79AD514B-SegmentedRaftLog:OPENED:c-1,f-1,i0, conf=-1: [d74dfd8f-242e-45aa-8b2e-30d7f206e722:192.168.69.65:34992, e970edca-b356-45da-9694-b2b3a315242e:192.168.69.65:45960, 836f8159-e543-401f-9399-0138340b8701:192.168.69.65:40774], old=null
2019-10-15 09:50:21,782 [d74dfd8f-242e-45aa-8b2e-30d7f206e722@group-4AEF79AD514B-LeaderElection76] INFO  impl.LeaderElection (LeaderElection.java:logAndReturn(56)) - d74dfd8f-242e-45aa-8b2e-30d7f206e722@group-4AEF79AD514B-LeaderElection76: Election REJECTED; received 2 response(s) [d74dfd8f-242e-45aa-8b2e-30d7f206e722<-e970edca-b356-45da-9694-b2b3a315242e#0:FAIL-t3, d74dfd8f-242e-45aa-8b2e-30d7f206e722<-836f8159-e543-401f-9399-0138340b8701#0:FAIL-t3] and 0 exception(s); d74dfd8f-242e-45aa-8b2e-30d7f206e722@group-4AEF79AD514B:t3, leader=null, voted=d74dfd8f-242e-45aa-8b2e-30d7f206e722, raftlog=d74dfd8f-242e-45aa-8b2e-30d7f206e722@group-4AEF79AD514B-SegmentedRaftLog:OPENED:c-1,f-1,i0, conf=-1: [d74dfd8f-242e-45aa-8b2e-30d7f206e722:192.168.69.65:34992, e970edca-b356-45da-9694-b2b3a315242e:192.168.69.65:45960, 836f8159-e543-401f-9399-0138340b8701:192.168.69.65:40774], old=null
2019-10-15 09:50:21,782 [836f8159-e543-401f-9399-0138340b8701@group-4AEF79AD514B-LeaderElection75] INFO  impl.RoleInfo (RoleInfo.java:shutdownLeaderElection(134)) - 836f8159-e543-401f-9399-0138340b8701: shutdown LeaderElection
2019-10-15 09:50:21,784 [d74dfd8f-242e-45aa-8b2e-30d7f206e722@group-4AEF79AD514B-LeaderElection76] INFO  impl.RaftServerImpl (RaftServerImpl.java:setRole(170)) - d74dfd8f-242e-45aa-8b2e-30d7f206e722@group-4AEF79AD514B: changes role from CANDIDATE to FOLLOWER at term 3 for DISCOVERED_A_NEW_TERM
2019-10-15 09:50:21,785 [836f8159-e543-401f-9399-0138340b8701@group-4AEF79AD514B-LeaderElection75] INFO  impl.RaftServerImpl (RaftServerImpl.java:setRole(170)) - 836f8159-e543-401f-9399-0138340b8701@group-4AEF79AD514B: changes role from CANDIDATE to LEADER at term 3 for changeToLeader
2019-10-15 09:50:21,785 [d74dfd8f-242e-45aa-8b2e-30d7f206e722@group-4AEF79AD514B-LeaderElection76] INFO  impl.RoleInfo (RoleInfo.java:shutdownLeaderElection(134)) - d74dfd8f-242e-45aa-8b2e-30d7f206e722: shutdown LeaderElection
2019-10-15 09:50:21,785 [836f8159-e543-401f-9399-0138340b8701@group-4AEF79AD514B-LeaderElection75] INFO  impl.RaftServerImpl (ServerState.java:setLeader(255)) - 836f8159-e543-401f-9399-0138340b8701@group-4AEF79AD514B: change Leader from null to 836f8159-e543-401f-9399-0138340b8701 at term 3 for becomeLeader, leader elected after 15480ms
2019-10-15 09:50:21,785 [d74dfd8f-242e-45aa-8b2e-30d7f206e722@group-4AEF79AD514B-LeaderElection76] INFO  impl.RoleInfo (RoleInfo.java:updateAndGet(143)) - d74dfd8f-242e-45aa-8b2e-30d7f206e722: start FollowerState
2019-10-15 09:50:21,785 [836f8159-e543-401f-9399-0138340b8701@group-4AEF79AD514B-LeaderElection75] INFO  server.RaftServerConfigKeys (ConfUtils.java:logGet(43)) - raft.server.staging.catchup.gap = 1000 (default)
2019-10-15 09:50:21,786 [836f8159-e543-401f-9399-0138340b8701@group-4AEF79AD514B-LeaderElection75] INFO  server.RaftServerConfigKeys (ConfUtils.java:logGet(43)) - raft.server.rpc.sleep.time = 25ms (default)
2019-10-15 09:50:21,786 [836f8159-e543-401f-9399-0138340b8701@group-4AEF79AD514B-LeaderElection75] INFO  server.RaftServerConfigKeys (ConfUtils.java:logGet(43)) - raft.server.write.element-limit = 4096 (default)
2019-10-15 09:50:21,786 [836f8159-e543-401f-9399-0138340b8701@group-4AEF79AD514B-LeaderElection75] INFO  server.RaftServerConfigKeys (ConfUtils.java:logGet(43)) - raft.server.watch.timeout = 10s (default)
2019-10-15 09:50:21,786 [836f8159-e543-401f-9399-0138340b8701@group-4AEF79AD514B-LeaderElection75] INFO  server.RaftServerConfigKeys (ConfUtils.java:logGet(43)) - raft.server.watch.timeout.denomination = 1s (default)
2019-10-15 09:50:21,786 [836f8159-e543-401f-9399-0138340b8701@group-4AEF79AD514B-LeaderElection75] INFO  server.RaftServerConfigKeys (ConfUtils.java:logGet(43)) - raft.server.watch.element-limit = 65536 (default)
2019-10-15 09:50:21,789 [836f8159-e543-401f-9399-0138340b8701@group-4AEF79AD514B-LeaderElection75] INFO  server.RaftServerConfigKeys (ConfUtils.java:logGet(43)) - raft.server.log.appender.snapshot.chunk.size.max = 16MB (=16777216) (default)
2019-10-15 09:50:21,790 [836f8159-e543-401f-9399-0138340b8701@group-4AEF79AD514B-LeaderElection75] INFO  server.RaftServerConfigKeys (ConfUtils.java:logGet(43)) - raft.server.log.appender.buffer.byte-limit = 33554432 (custom)
2019-10-15 09:50:21,790 [836f8159-e543-401f-9399-0138340b8701@group-4AEF79AD514B-LeaderElection75] INFO  server.RaftServerConfigKeys (ConfUtils.java:logGet(43)) - raft.server.log.appender.buffer.element-limit = 1 (custom)
2019-10-15 09:50:21,790 [836f8159-e543-401f-9399-0138340b8701@group-4AEF79AD514B-LeaderElection75] INFO  grpc.GrpcConfigKeys$Server (ConfUtils.java:logGet(43)) - raft.grpc.server.leader.outstanding.appends.max = 128 (default)
2019-10-15 09:50:21,790 [836f8159-e543-401f-9399-0138340b8701@group-4AEF79AD514B-LeaderElection75] INFO  server.RaftServerConfigKeys (ConfUtils.java:logGet(43)) - raft.server.rpc.request.timeout = 3000ms (default)
2019-10-15 09:50:21,790 [836f8159-e543-401f-9399-0138340b8701@group-4AEF79AD514B-LeaderElection75] INFO  server.RaftServerConfigKeys (ConfUtils.java:logGet(43)) - raft.server.log.appender.install.snapshot.enabled = false (custom)
2019-10-15 09:50:21,790 [836f8159-e543-401f-9399-0138340b8701@group-4AEF79AD514B-LeaderElection75] INFO  server.RaftServerConfigKeys (ConfUtils.java:logGet(43)) - raft.server.log.appender.snapshot.chunk.size.max = 16MB (=16777216) (default)
2019-10-15 09:50:21,791 [836f8159-e543-401f-9399-0138340b8701@group-4AEF79AD514B-LeaderElection75] INFO  server.RaftServerConfigKeys (ConfUtils.java:logGet(43)) - raft.server.log.appender.buffer.byte-limit = 33554432 (custom)
2019-10-15 09:50:21,791 [836f8159-e543-401f-9399-0138340b8701@group-4AEF79AD514B-LeaderElection75] INFO  server.RaftServerConfigKeys (ConfUtils.java:logGet(43)) - raft.server.log.appender.buffer.element-limit = 1 (custom)
2019-10-15 09:50:21,791 [836f8159-e543-401f-9399-0138340b8701@group-4AEF79AD514B-LeaderElection75] INFO  grpc.GrpcConfigKeys$Server (ConfUtils.java:logGet(43)) - raft.grpc.server.leader.outstanding.appends.max = 128 (default)
2019-10-15 09:50:21,791 [836f8159-e543-401f-9399-0138340b8701@group-4AEF79AD514B-LeaderElection75] INFO  server.RaftServerConfigKeys (ConfUtils.java:logGet(43)) - raft.server.rpc.request.timeout = 3000ms (default)
2019-10-15 09:50:21,791 [836f8159-e543-401f-9399-0138340b8701@group-4AEF79AD514B-LeaderElection75] INFO  server.RaftServerConfigKeys (ConfUtils.java:logGet(43)) - raft.server.log.appender.install.snapshot.enabled = false (custom)
2019-10-15 09:50:21,791 [836f8159-e543-401f-9399-0138340b8701@group-4AEF79AD514B-LeaderElection75] INFO  impl.RoleInfo (RoleInfo.java:updateAndGet(143)) - 836f8159-e543-401f-9399-0138340b8701: start LeaderState
2019-10-15 09:50:21,792 [836f8159-e543-401f-9399-0138340b8701@group-4AEF79AD514B-LeaderElection75] INFO  segmented.SegmentedRaftLogWorker (SegmentedRaftLogWorker.java:startLogSegment(385)) - 836f8159-e543-401f-9399-0138340b8701@group-4AEF79AD514B-SegmentedRaftLogWorker: Starting segment from index:0
2019-10-15 09:50:21,793 [836f8159-e543-401f-9399-0138340b8701@group-4AEF79AD514B-LeaderElection75] INFO  impl.RaftServerImpl (ServerState.java:setRaftConf(356)) - 836f8159-e543-401f-9399-0138340b8701@group-4AEF79AD514B: set configuration 0: [d74dfd8f-242e-45aa-8b2e-30d7f206e722:192.168.69.65:34992, e970edca-b356-45da-9694-b2b3a315242e:192.168.69.65:45960, 836f8159-e543-401f-9399-0138340b8701:192.168.69.65:40774], old=null at 0
2019-10-15 09:50:21,818 [grpc-default-executor-9] INFO  impl.RaftServerImpl (ServerState.java:setLeader(255)) - e970edca-b356-45da-9694-b2b3a315242e@group-4AEF79AD514B: change Leader from null to 836f8159-e543-401f-9399-0138340b8701 at term 3 for appendEntries, leader elected after 15501ms
2019-10-15 09:50:21,818 [grpc-default-executor-5] INFO  impl.RaftServerImpl (ServerState.java:setLeader(255)) - d74dfd8f-242e-45aa-8b2e-30d7f206e722@group-4AEF79AD514B: change Leader from null to 836f8159-e543-401f-9399-0138340b8701 at term 3 for appendEntries, leader elected after 15501ms
2019-10-15 09:50:21,819 [main] INFO  ozoneimpl.OzoneContainer (OzoneContainer.java:stop(227)) - Attempting to stop container services.
2019-10-15 09:50:21,820 [main] INFO  impl.RaftServerProxy (RaftServerProxy.java:lambda$close$4(314)) - 4591bcc6-b20c-4f7c-8784-c3850556b9a1: close
2019-10-15 09:50:21,821 [grpc-default-executor-5] INFO  impl.RaftServerImpl (ServerState.java:setRaftConf(356)) - e970edca-b356-45da-9694-b2b3a315242e@group-4AEF79AD514B: set configuration 0: [d74dfd8f-242e-45aa-8b2e-30d7f206e722:192.168.69.65:34992, e970edca-b356-45da-9694-b2b3a315242e:192.168.69.65:45960, 836f8159-e543-401f-9399-0138340b8701:192.168.69.65:40774], old=null at 0
2019-10-15 09:50:21,821 [grpc-default-executor-9] INFO  impl.RaftServerImpl (ServerState.java:setRaftConf(356)) - d74dfd8f-242e-45aa-8b2e-30d7f206e722@group-4AEF79AD514B: set configuration 0: [d74dfd8f-242e-45aa-8b2e-30d7f206e722:192.168.69.65:34992, e970edca-b356-45da-9694-b2b3a315242e:192.168.69.65:45960, 836f8159-e543-401f-9399-0138340b8701:192.168.69.65:40774], old=null at 0
2019-10-15 09:50:21,821 [grpc-default-executor-5] INFO  segmented.SegmentedRaftLogWorker (SegmentedRaftLogWorker.java:startLogSegment(385)) - e970edca-b356-45da-9694-b2b3a315242e@group-4AEF79AD514B-SegmentedRaftLogWorker: Starting segment from index:0
2019-10-15 09:50:21,821 [main] INFO  impl.RaftServerImpl (RaftServerImpl.java:lambda$shutdown$3(247)) - 4591bcc6-b20c-4f7c-8784-c3850556b9a1@group-5F0DB1E69911: shutdown
2019-10-15 09:50:21,821 [grpc-default-executor-9] INFO  segmented.SegmentedRaftLogWorker (SegmentedRaftLogWorker.java:startLogSegment(385)) - d74dfd8f-242e-45aa-8b2e-30d7f206e722@group-4AEF79AD514B-SegmentedRaftLogWorker: Starting segment from index:0
2019-10-15 09:50:21,822 [main] INFO  util.JmxRegister (JmxRegister.java:unregister(73)) - Successfully un-registered JMX Bean with object name Ratis:service=RaftServer,group=group-5F0DB1E69911,id=4591bcc6-b20c-4f7c-8784-c3850556b9a1
2019-10-15 09:50:21,822 [main] INFO  impl.RoleInfo (RoleInfo.java:shutdownLeaderState(104)) - 4591bcc6-b20c-4f7c-8784-c3850556b9a1: shutdown LeaderState
2019-10-15 09:50:21,823 [main] INFO  impl.PendingRequests (PendingRequests.java:sendNotLeaderResponses(202)) - 4591bcc6-b20c-4f7c-8784-c3850556b9a1@group-5F0DB1E69911-PendingRequests: sendNotLeaderResponses
2019-10-15 09:50:21,823 [main] INFO  impl.StateMachineUpdater (StateMachineUpdater.java:stopAndJoin(136)) - 4591bcc6-b20c-4f7c-8784-c3850556b9a1@group-5F0DB1E69911-StateMachineUpdater: set stopIndex = 0
2019-10-15 09:50:21,824 [main] INFO  impl.RaftServerImpl (ServerState.java:close(387)) - 4591bcc6-b20c-4f7c-8784-c3850556b9a1@group-5F0DB1E69911: closes. applyIndex: 0
2019-10-15 09:50:21,825 [4591bcc6-b20c-4f7c-8784-c3850556b9a1@group-5F0DB1E69911-SegmentedRaftLogWorker] INFO  segmented.SegmentedRaftLogWorker (SegmentedRaftLogWorker.java:run(316)) - 4591bcc6-b20c-4f7c-8784-c3850556b9a1@group-5F0DB1E69911-SegmentedRaftLogWorker was interrupted, exiting. There are 0 tasks remaining in the queue.
2019-10-15 09:50:21,861 [main] INFO  segmented.SegmentedRaftLogWorker (SegmentedRaftLogWorker.java:close(224)) - 4591bcc6-b20c-4f7c-8784-c3850556b9a1@group-5F0DB1E69911-SegmentedRaftLogWorker close()
2019-10-15 09:50:21,861 [836f8159-e543-401f-9399-0138340b8701@group-4AEF79AD514B-SegmentedRaftLogWorker] INFO  segmented.SegmentedRaftLogWorker (SegmentedRaftLogWorker.java:execute(574)) - 836f8159-e543-401f-9399-0138340b8701@group-4AEF79AD514B-SegmentedRaftLogWorker: created new log segment /workdir/hadoop-ozone/integration-test/target/test-dir/MiniOzoneClusterImpl-45124f6e-3bdf-436f-a07d-bda8ed490d47/datanode-3/data/ratis/ebadc2b3-70f3-471c-b7d8-4aef79ad514b/current/log_inprogress_0
2019-10-15 09:50:21,864 [main] INFO  impl.RaftServerImpl (RaftServerImpl.java:lambda$shutdown$3(247)) - 4591bcc6-b20c-4f7c-8784-c3850556b9a1@group-24B352F19AE2: shutdown
2019-10-15 09:50:21,864 [main] INFO  util.JmxRegister (JmxRegister.java:unregister(73)) - Successfully un-registered JMX Bean with object name Ratis:service=RaftServer,group=group-24B352F19AE2,id=4591bcc6-b20c-4f7c-8784-c3850556b9a1
2019-10-15 09:50:21,865 [main] INFO  impl.RoleInfo (RoleInfo.java:shutdownLeaderState(104)) - 4591bcc6-b20c-4f7c-8784-c3850556b9a1: shutdown LeaderState
2019-10-15 09:50:21,867 [main] INFO  impl.PendingRequests (PendingRequests.java:sendNotLeaderResponses(202)) - 4591bcc6-b20c-4f7c-8784-c3850556b9a1@group-24B352F19AE2-PendingRequests: sendNotLeaderResponses
2019-10-15 09:50:21,867 [org.apache.ratis.server.impl.LogAppender$AppenderDaemon$$Lambda$534/718542897@12448631] WARN  server.GrpcLogAppender (GrpcLogAppender.java:mayWait(143)) - 4591bcc6-b20c-4f7c-8784-c3850556b9a1@group-24B352F19AE2->63a63ab0-f006-4512-94a0-906e790af962-GrpcLogAppender: Wait interrupted by java.lang.InterruptedException
2019-10-15 09:50:21,867 [org.apache.ratis.server.impl.LogAppender$AppenderDaemon$$Lambda$534/718542897@3c9af5a5] WARN  server.GrpcLogAppender (GrpcLogAppender.java:mayWait(143)) - 4591bcc6-b20c-4f7c-8784-c3850556b9a1@group-24B352F19AE2->41d350ce-3b0d-42cb-ac79-45ad784101b6-GrpcLogAppender: Wait interrupted by java.lang.InterruptedException
2019-10-15 09:50:21,883 [main] INFO  impl.StateMachineUpdater (StateMachineUpdater.java:stopAndJoin(136)) - 4591bcc6-b20c-4f7c-8784-c3850556b9a1@group-24B352F19AE2-StateMachineUpdater: set stopIndex = 15
2019-10-15 09:50:21,884 [4591bcc6-b20c-4f7c-8784-c3850556b9a1@group-24B352F19AE2-StateMachineUpdater] INFO  ratis.ContainerStateMachine (ContainerStateMachine.java:takeSnapshot(294)) - group-24B352F19AE2: Taking a snapshot at:(t:2, i:13) file /workdir/hadoop-ozone/integration-test/target/test-dir/MiniOzoneClusterImpl-45124f6e-3bdf-436f-a07d-bda8ed490d47/datanode-1/data/ratis/06cf893a-378b-4057-a66f-24b352f19ae2/sm/snapshot.2_13
2019-10-15 09:50:21,884 [e970edca-b356-45da-9694-b2b3a315242e@group-4AEF79AD514B-SegmentedRaftLogWorker] INFO  segmented.SegmentedRaftLogWorker (SegmentedRaftLogWorker.java:execute(574)) - e970edca-b356-45da-9694-b2b3a315242e@group-4AEF79AD514B-SegmentedRaftLogWorker: created new log segment /workdir/hadoop-ozone/integration-test/target/test-dir/MiniOzoneClusterImpl-45124f6e-3bdf-436f-a07d-bda8ed490d47/datanode-5/data/ratis/ebadc2b3-70f3-471c-b7d8-4aef79ad514b/current/log_inprogress_0
2019-10-15 09:50:21,884 [d74dfd8f-242e-45aa-8b2e-30d7f206e722@group-4AEF79AD514B-SegmentedRaftLogWorker] INFO  segmented.SegmentedRaftLogWorker (SegmentedRaftLogWorker.java:execute(574)) - d74dfd8f-242e-45aa-8b2e-30d7f206e722@group-4AEF79AD514B-SegmentedRaftLogWorker: created new log segment /workdir/hadoop-ozone/integration-test/target/test-dir/MiniOzoneClusterImpl-45124f6e-3bdf-436f-a07d-bda8ed490d47/datanode-4/data/ratis/ebadc2b3-70f3-471c-b7d8-4aef79ad514b/current/log_inprogress_0
2019-10-15 09:50:21,884 [grpc-default-executor-9] INFO  server.GrpcServerProtocolService (GrpcServerProtocolService.java:onCompleted(113)) - 63a63ab0-f006-4512-94a0-906e790af962: Completed APPEND_ENTRIES, lastRequest: 4591bcc6-b20c-4f7c-8784-c3850556b9a1->63a63ab0-f006-4512-94a0-906e790af962#18-t2, previous=(t:2, i:15), leaderCommit=15, initializing? false, entries: <empty>
2019-10-15 09:50:21,884 [grpc-default-executor-5] INFO  server.GrpcServerProtocolService (GrpcServerProtocolService.java:onCompleted(113)) - 41d350ce-3b0d-42cb-ac79-45ad784101b6: Completed APPEND_ENTRIES, lastRequest: 4591bcc6-b20c-4f7c-8784-c3850556b9a1->41d350ce-3b0d-42cb-ac79-45ad784101b6#18-t2, previous=(t:2, i:15), leaderCommit=15, initializing? false, entries: <empty>
2019-10-15 09:50:21,885 [grpc-default-executor-9] INFO  server.GrpcLogAppender (GrpcLogAppender.java:onCompleted(293)) - 4591bcc6-b20c-4f7c-8784-c3850556b9a1@group-24B352F19AE2->63a63ab0-f006-4512-94a0-906e790af962-AppendLogResponseHandler: follower responses appendEntries COMPLETED
2019-10-15 09:50:21,885 [grpc-default-executor-5] INFO  server.GrpcLogAppender (GrpcLogAppender.java:onCompleted(293)) - 4591bcc6-b20c-4f7c-8784-c3850556b9a1@group-24B352F19AE2->41d350ce-3b0d-42cb-ac79-45ad784101b6-AppendLogResponseHandler: follower responses appendEntries COMPLETED
2019-10-15 09:50:21,886 [grpc-default-executor-9] INFO  impl.FollowerInfo (FollowerInfo.java:lambda$new$0(51)) - 4591bcc6-b20c-4f7c-8784-c3850556b9a1@group-24B352F19AE2->63a63ab0-f006-4512-94a0-906e790af962: nextIndex: updateUnconditionally 16 -> 15
2019-10-15 09:50:21,886 [grpc-default-executor-5] INFO  impl.FollowerInfo (FollowerInfo.java:lambda$new$0(51)) - 4591bcc6-b20c-4f7c-8784-c3850556b9a1@group-24B352F19AE2->41d350ce-3b0d-42cb-ac79-45ad784101b6: nextIndex: updateUnconditionally 16 -> 15
2019-10-15 09:50:21,897 [4591bcc6-b20c-4f7c-8784-c3850556b9a1@group-24B352F19AE2-StateMachineUpdater] INFO  ratis.ContainerStateMachine (ContainerStateMachine.java:takeSnapshot(305)) - group-24B352F19AE2: Finished taking a snapshot at:(t:2, i:13) file:/workdir/hadoop-ozone/integration-test/target/test-dir/MiniOzoneClusterImpl-45124f6e-3bdf-436f-a07d-bda8ed490d47/datanode-1/data/ratis/06cf893a-378b-4057-a66f-24b352f19ae2/sm/snapshot.2_13 time:14
2019-10-15 09:50:21,897 [4591bcc6-b20c-4f7c-8784-c3850556b9a1@group-24B352F19AE2-StateMachineUpdater] INFO  impl.StateMachineUpdater (StateMachineUpdater.java:takeSnapshot(269)) - 4591bcc6-b20c-4f7c-8784-c3850556b9a1@group-24B352F19AE2-StateMachineUpdater: Took a snapshot at index 13
2019-10-15 09:50:21,897 [4591bcc6-b20c-4f7c-8784-c3850556b9a1@group-24B352F19AE2-StateMachineUpdater] INFO  impl.StateMachineUpdater (StateMachineUpdater.java:lambda$new$0(84)) - 4591bcc6-b20c-4f7c-8784-c3850556b9a1@group-24B352F19AE2-StateMachineUpdater: snapshotIndex: updateIncreasingly -1 -> 13
2019-10-15 09:50:21,897 [4591bcc6-b20c-4f7c-8784-c3850556b9a1@group-24B352F19AE2-StateMachineUpdater] INFO  ratis.ContainerStateMachine (ContainerStateMachine.java:takeSnapshot(294)) - group-24B352F19AE2: Taking a snapshot at:(t:2, i:13) file /workdir/hadoop-ozone/integration-test/target/test-dir/MiniOzoneClusterImpl-45124f6e-3bdf-436f-a07d-bda8ed490d47/datanode-1/data/ratis/06cf893a-378b-4057-a66f-24b352f19ae2/sm/snapshot.2_13
2019-10-15 09:50:21,910 [4591bcc6-b20c-4f7c-8784-c3850556b9a1@group-24B352F19AE2-StateMachineUpdater] INFO  ratis.ContainerStateMachine (ContainerStateMachine.java:takeSnapshot(305)) - group-24B352F19AE2: Finished taking a snapshot at:(t:2, i:13) file:/workdir/hadoop-ozone/integration-test/target/test-dir/MiniOzoneClusterImpl-45124f6e-3bdf-436f-a07d-bda8ed490d47/datanode-1/data/ratis/06cf893a-378b-4057-a66f-24b352f19ae2/sm/snapshot.2_13 time:12
2019-10-15 09:50:21,910 [4591bcc6-b20c-4f7c-8784-c3850556b9a1@group-24B352F19AE2-StateMachineUpdater] INFO  impl.StateMachineUpdater (StateMachineUpdater.java:takeSnapshot(269)) - 4591bcc6-b20c-4f7c-8784-c3850556b9a1@group-24B352F19AE2-StateMachineUpdater: Took a snapshot at index 13
2019-10-15 09:50:21,910 [4591bcc6-b20c-4f7c-8784-c3850556b9a1@group-24B352F19AE2-StateMachineUpdater] INFO  impl.StateMachineUpdater (StateMachineUpdater.java:lambda$new$0(84)) - 4591bcc6-b20c-4f7c-8784-c3850556b9a1@group-24B352F19AE2-StateMachineUpdater: snapshotIndex: updateIncreasingly 13 -> 13
2019-10-15 09:50:21,910 [main] INFO  impl.RaftServerImpl (ServerState.java:close(387)) - 4591bcc6-b20c-4f7c-8784-c3850556b9a1@group-24B352F19AE2: closes. applyIndex: 15
2019-10-15 09:50:21,911 [4591bcc6-b20c-4f7c-8784-c3850556b9a1@group-24B352F19AE2-SegmentedRaftLogWorker] INFO  segmented.SegmentedRaftLogWorker (SegmentedRaftLogWorker.java:run(316)) - 4591bcc6-b20c-4f7c-8784-c3850556b9a1@group-24B352F19AE2-SegmentedRaftLogWorker was interrupted, exiting. There are 0 tasks remaining in the queue.
2019-10-15 09:50:21,913 [main] INFO  segmented.SegmentedRaftLogWorker (SegmentedRaftLogWorker.java:close(224)) - 4591bcc6-b20c-4f7c-8784-c3850556b9a1@group-24B352F19AE2-SegmentedRaftLogWorker close()
2019-10-15 09:50:21,915 [main] INFO  server.GrpcService (GrpcService.java:closeImpl(164)) - 4591bcc6-b20c-4f7c-8784-c3850556b9a1: shutdown server with port 42203 now
2019-10-15 09:50:21,916 [grpc-default-executor-9] WARN  client.GrpcClientProtocolService (LogUtils.java:warn(134)) - 6-UnorderedRequestStreamObserver6: onError: org.apache.ratis.thirdparty.io.grpc.StatusRuntimeException: CANCELLED: cancelled before receiving half close
2019-10-15 09:50:21,918 [main] INFO  server.GrpcService (GrpcService.java:closeImpl(172)) - 4591bcc6-b20c-4f7c-8784-c3850556b9a1: shutdown server with port 42203 successfully
2019-10-15 09:50:21,924 [refreshUsed-/workdir/hadoop-ozone/integration-test/target/test-dir/MiniOzoneClusterImpl-45124f6e-3bdf-436f-a07d-bda8ed490d47/datanode-1/data/containers] WARN  fs.CachingGetSpaceUsed (CachingGetSpaceUsed.java:run(183)) - Thread Interrupted waiting to refresh disk information: sleep interrupted
2019-10-15 09:50:21,935 [main] INFO  utils.BackgroundService (BackgroundService.java:shutdown(151)) - Shutting down service BlockDeletingService
2019-10-15 09:50:21,939 [main] INFO  statemachine.DatanodeStateMachine (DatanodeStateMachine.java:stopDaemon(395)) - Ozone container server stopped.
2019-10-15 09:50:21,940 [main] INFO  handler.ContextHandler (ContextHandler.java:doStop(910)) - Stopped o.e.j.w.WebAppContext@31ab1e67{/,null,UNAVAILABLE}{/hddsDatanode}
2019-10-15 09:50:21,940 [main] INFO  server.AbstractConnector (AbstractConnector.java:doStop(318)) - Stopped ServerConnector@29bbc391{HTTP/1.1,[http/1.1]}{0.0.0.0:0}
2019-10-15 09:50:21,941 [main] INFO  handler.ContextHandler (ContextHandler.java:doStop(910)) - Stopped o.e.j.s.ServletContextHandler@5fb3111a{/static,jar:file:/home/user/.m2/repository/org/apache/hadoop/hadoop-hdds-container-service/0.5.0-SNAPSHOT/hadoop-hdds-container-service-0.5.0-SNAPSHOT.jar!/webapps/static,UNAVAILABLE}
2019-10-15 09:50:21,941 [main] INFO  handler.ContextHandler (ContextHandler.java:doStop(910)) - Stopped o.e.j.s.ServletContextHandler@6f50d55c{/logs,file:///workdir/hadoop-ozone/integration-test/target/log,UNAVAILABLE}
2019-10-15 09:50:31,324 [Thread-3001] INFO  impl.FollowerState (FollowerState.java:run(108)) - 63a63ab0-f006-4512-94a0-906e790af962@group-24B352F19AE2-FollowerState: change to CANDIDATE, lastRpcTime:9503ms, electionTimeout:5055ms
2019-10-15 09:50:31,324 [Thread-3001] INFO  impl.RoleInfo (RoleInfo.java:shutdownFollowerState(121)) - 63a63ab0-f006-4512-94a0-906e790af962: shutdown FollowerState
2019-10-15 09:50:31,325 [Thread-3001] INFO  impl.RaftServerImpl (RaftServerImpl.java:setRole(170)) - 63a63ab0-f006-4512-94a0-906e790af962@group-24B352F19AE2: changes role from  FOLLOWER to CANDIDATE at term 2 for changeToCandidate
2019-10-15 09:50:31,325 [Thread-3001] INFO  impl.RoleInfo (RoleInfo.java:updateAndGet(143)) - 63a63ab0-f006-4512-94a0-906e790af962: start LeaderElection
2019-10-15 09:50:31,328 [63a63ab0-f006-4512-94a0-906e790af962@group-24B352F19AE2-LeaderElection77] INFO  impl.RaftServerImpl (ServerState.java:setLeader(255)) - 63a63ab0-f006-4512-94a0-906e790af962@group-24B352F19AE2: change Leader from 4591bcc6-b20c-4f7c-8784-c3850556b9a1 to null at term 2 for initElection
2019-10-15 09:50:31,342 [63a63ab0-f006-4512-94a0-906e790af962@group-24B352F19AE2-LeaderElection77] INFO  impl.LeaderElection (LeaderElection.java:askForVotes(178)) - 63a63ab0-f006-4512-94a0-906e790af962@group-24B352F19AE2-LeaderElection77: begin an election at term 3 for 0: [4591bcc6-b20c-4f7c-8784-c3850556b9a1:192.168.69.65:42203, 63a63ab0-f006-4512-94a0-906e790af962:192.168.69.65:41910, 41d350ce-3b0d-42cb-ac79-45ad784101b6:192.168.69.65:34126], old=null
2019-10-15 09:50:31,345 [63a63ab0-f006-4512-94a0-906e790af962@group-24B352F19AE2-LeaderElection77] INFO  impl.LeaderElection (LogUtils.java:infoOrTrace(149)) - 63a63ab0-f006-4512-94a0-906e790af962@group-24B352F19AE2-LeaderElection77 got exception when requesting votes: {}
java.util.concurrent.ExecutionException: org.apache.ratis.thirdparty.io.grpc.StatusRuntimeException: UNAVAILABLE: io exception
	at java.util.concurrent.FutureTask.report(FutureTask.java:122)
	at java.util.concurrent.FutureTask.get(FutureTask.java:192)
	at org.apache.ratis.server.impl.LeaderElection.waitForResults(LeaderElection.java:259)
	at org.apache.ratis.server.impl.LeaderElection.askForVotes(LeaderElection.java:197)
	at org.apache.ratis.server.impl.LeaderElection.run(LeaderElection.java:133)
	at java.lang.Thread.run(Thread.java:748)
Caused by: org.apache.ratis.thirdparty.io.grpc.StatusRuntimeException: UNAVAILABLE: io exception
	at org.apache.ratis.thirdparty.io.grpc.stub.ClientCalls.toStatusRuntimeException(ClientCalls.java:233)
	at org.apache.ratis.thirdparty.io.grpc.stub.ClientCalls.getUnchecked(ClientCalls.java:214)
	at org.apache.ratis.thirdparty.io.grpc.stub.ClientCalls.blockingUnaryCall(ClientCalls.java:139)
	at org.apache.ratis.proto.grpc.RaftServerProtocolServiceGrpc$RaftServerProtocolServiceBlockingStub.requestVote(RaftServerProtocolServiceGrpc.java:265)
	at org.apache.ratis.grpc.server.GrpcServerProtocolClient.requestVote(GrpcServerProtocolClient.java:99)
	at org.apache.ratis.grpc.server.GrpcService.requestVote(GrpcService.java:204)
	at org.apache.ratis.server.impl.LeaderElection.lambda$submitRequests$1(LeaderElection.java:234)
	at java.util.concurrent.FutureTask.run(FutureTask.java:266)
	at java.util.concurrent.Executors$RunnableAdapter.call(Executors.java:511)
	at java.util.concurrent.FutureTask.run(FutureTask.java:266)
	at java.util.concurrent.ThreadPoolExecutor.runWorker(ThreadPoolExecutor.java:1149)
	at java.util.concurrent.ThreadPoolExecutor$Worker.run(ThreadPoolExecutor.java:624)
	... 1 more
Caused by: org.apache.ratis.thirdparty.io.netty.channel.AbstractChannel$AnnotatedConnectException: Connection refused: /192.168.69.65:42203
	at sun.nio.ch.SocketChannelImpl.checkConnect(Native Method)
	at sun.nio.ch.SocketChannelImpl.finishConnect(SocketChannelImpl.java:717)
	at org.apache.ratis.thirdparty.io.netty.channel.socket.nio.NioSocketChannel.doFinishConnect(NioSocketChannel.java:327)
	at org.apache.ratis.thirdparty.io.netty.channel.nio.AbstractNioChannel$AbstractNioUnsafe.finishConnect(AbstractNioChannel.java:340)
	at org.apache.ratis.thirdparty.io.netty.channel.nio.NioEventLoop.processSelectedKey(NioEventLoop.java:632)
	at org.apache.ratis.thirdparty.io.netty.channel.nio.NioEventLoop.processSelectedKeysOptimized(NioEventLoop.java:579)
	at org.apache.ratis.thirdparty.io.netty.channel.nio.NioEventLoop.processSelectedKeys(NioEventLoop.java:496)
	at org.apache.ratis.thirdparty.io.netty.channel.nio.NioEventLoop.run(NioEventLoop.java:458)
	at org.apache.ratis.thirdparty.io.netty.util.concurrent.SingleThreadEventExecutor$5.run(SingleThreadEventExecutor.java:897)
	at org.apache.ratis.thirdparty.io.netty.util.concurrent.FastThreadLocalRunnable.run(FastThreadLocalRunnable.java:30)
	... 1 more
Caused by: java.net.ConnectException: Connection refused
	... 11 more
2019-10-15 09:50:31,345 [grpc-default-executor-9] INFO  impl.RaftServerImpl (ServerState.java:setLeader(255)) - 41d350ce-3b0d-42cb-ac79-45ad784101b6@group-24B352F19AE2: change Leader from 4591bcc6-b20c-4f7c-8784-c3850556b9a1 to null at term 3 for updateCurrentTerm
2019-10-15 09:50:31,348 [grpc-default-executor-9] INFO  impl.RaftServerImpl (RaftServerImpl.java:setRole(170)) - 41d350ce-3b0d-42cb-ac79-45ad784101b6@group-24B352F19AE2: changes role from  FOLLOWER to FOLLOWER at term 3 for recognizeCandidate:63a63ab0-f006-4512-94a0-906e790af962
2019-10-15 09:50:31,348 [grpc-default-executor-9] INFO  impl.RoleInfo (RoleInfo.java:shutdownFollowerState(121)) - 41d350ce-3b0d-42cb-ac79-45ad784101b6: shutdown FollowerState
2019-10-15 09:50:31,348 [grpc-default-executor-9] INFO  impl.RoleInfo (RoleInfo.java:updateAndGet(143)) - 41d350ce-3b0d-42cb-ac79-45ad784101b6: start FollowerState
2019-10-15 09:50:31,348 [Thread-3002] INFO  impl.FollowerState (FollowerState.java:run(117)) - 41d350ce-3b0d-42cb-ac79-45ad784101b6@group-24B352F19AE2-FollowerState was interrupted: java.lang.InterruptedException: sleep interrupted
2019-10-15 09:50:31,362 [63a63ab0-f006-4512-94a0-906e790af962@group-24B352F19AE2-LeaderElection77] INFO  impl.LeaderElection (LeaderElection.java:logAndReturn(56)) - 63a63ab0-f006-4512-94a0-906e790af962@group-24B352F19AE2-LeaderElection77: Election PASSED; received 1 response(s) [63a63ab0-f006-4512-94a0-906e790af962<-41d350ce-3b0d-42cb-ac79-45ad784101b6#0:OK-t3] and 1 exception(s); 63a63ab0-f006-4512-94a0-906e790af962@group-24B352F19AE2:t3, leader=null, voted=63a63ab0-f006-4512-94a0-906e790af962, raftlog=63a63ab0-f006-4512-94a0-906e790af962@group-24B352F19AE2-SegmentedRaftLog:OPENED:c15,f15,i15, conf=0: [4591bcc6-b20c-4f7c-8784-c3850556b9a1:192.168.69.65:42203, 63a63ab0-f006-4512-94a0-906e790af962:192.168.69.65:41910, 41d350ce-3b0d-42cb-ac79-45ad784101b6:192.168.69.65:34126], old=null
2019-10-15 09:50:31,362 [63a63ab0-f006-4512-94a0-906e790af962@group-24B352F19AE2-LeaderElection77] INFO  impl.LeaderElection (LogUtils.java:infoOrTrace(149)) -   Exception 0: {}
java.util.concurrent.ExecutionException: org.apache.ratis.thirdparty.io.grpc.StatusRuntimeException: UNAVAILABLE: io exception
	at java.util.concurrent.FutureTask.report(FutureTask.java:122)
	at java.util.concurrent.FutureTask.get(FutureTask.java:192)
	at org.apache.ratis.server.impl.LeaderElection.waitForResults(LeaderElection.java:259)
	at org.apache.ratis.server.impl.LeaderElection.askForVotes(LeaderElection.java:197)
	at org.apache.ratis.server.impl.LeaderElection.run(LeaderElection.java:133)
	at java.lang.Thread.run(Thread.java:748)
Caused by: org.apache.ratis.thirdparty.io.grpc.StatusRuntimeException: UNAVAILABLE: io exception
	at org.apache.ratis.thirdparty.io.grpc.stub.ClientCalls.toStatusRuntimeException(ClientCalls.java:233)
	at org.apache.ratis.thirdparty.io.grpc.stub.ClientCalls.getUnchecked(ClientCalls.java:214)
	at org.apache.ratis.thirdparty.io.grpc.stub.ClientCalls.blockingUnaryCall(ClientCalls.java:139)
	at org.apache.ratis.proto.grpc.RaftServerProtocolServiceGrpc$RaftServerProtocolServiceBlockingStub.requestVote(RaftServerProtocolServiceGrpc.java:265)
	at org.apache.ratis.grpc.server.GrpcServerProtocolClient.requestVote(GrpcServerProtocolClient.java:99)
	at org.apache.ratis.grpc.server.GrpcService.requestVote(GrpcService.java:204)
	at org.apache.ratis.server.impl.LeaderElection.lambda$submitRequests$1(LeaderElection.java:234)
	at java.util.concurrent.FutureTask.run(FutureTask.java:266)
	at java.util.concurrent.Executors$RunnableAdapter.call(Executors.java:511)
	at java.util.concurrent.FutureTask.run(FutureTask.java:266)
	at java.util.concurrent.ThreadPoolExecutor.runWorker(ThreadPoolExecutor.java:1149)
	at java.util.concurrent.ThreadPoolExecutor$Worker.run(ThreadPoolExecutor.java:624)
	... 1 more
Caused by: org.apache.ratis.thirdparty.io.netty.channel.AbstractChannel$AnnotatedConnectException: Connection refused: /192.168.69.65:42203
	at sun.nio.ch.SocketChannelImpl.checkConnect(Native Method)
	at sun.nio.ch.SocketChannelImpl.finishConnect(SocketChannelImpl.java:717)
	at org.apache.ratis.thirdparty.io.netty.channel.socket.nio.NioSocketChannel.doFinishConnect(NioSocketChannel.java:327)
	at org.apache.ratis.thirdparty.io.netty.channel.nio.AbstractNioChannel$AbstractNioUnsafe.finishConnect(AbstractNioChannel.java:340)
	at org.apache.ratis.thirdparty.io.netty.channel.nio.NioEventLoop.processSelectedKey(NioEventLoop.java:632)
	at org.apache.ratis.thirdparty.io.netty.channel.nio.NioEventLoop.processSelectedKeysOptimized(NioEventLoop.java:579)
	at org.apache.ratis.thirdparty.io.netty.channel.nio.NioEventLoop.processSelectedKeys(NioEventLoop.java:496)
	at org.apache.ratis.thirdparty.io.netty.channel.nio.NioEventLoop.run(NioEventLoop.java:458)
	at org.apache.ratis.thirdparty.io.netty.util.concurrent.SingleThreadEventExecutor$5.run(SingleThreadEventExecutor.java:897)
	at org.apache.ratis.thirdparty.io.netty.util.concurrent.FastThreadLocalRunnable.run(FastThreadLocalRunnable.java:30)
	... 1 more
Caused by: java.net.ConnectException: Connection refused
	... 11 more
2019-10-15 09:50:31,362 [63a63ab0-f006-4512-94a0-906e790af962@group-24B352F19AE2-LeaderElection77] INFO  impl.RoleInfo (RoleInfo.java:shutdownLeaderElection(134)) - 63a63ab0-f006-4512-94a0-906e790af962: shutdown LeaderElection
2019-10-15 09:50:31,362 [63a63ab0-f006-4512-94a0-906e790af962@group-24B352F19AE2-LeaderElection77] INFO  impl.RaftServerImpl (RaftServerImpl.java:setRole(170)) - 63a63ab0-f006-4512-94a0-906e790af962@group-24B352F19AE2: changes role from CANDIDATE to LEADER at term 3 for changeToLeader
2019-10-15 09:50:31,362 [63a63ab0-f006-4512-94a0-906e790af962@group-24B352F19AE2-LeaderElection77] INFO  impl.RaftServerImpl (ServerState.java:setLeader(255)) - 63a63ab0-f006-4512-94a0-906e790af962@group-24B352F19AE2: change Leader from null to 63a63ab0-f006-4512-94a0-906e790af962 at term 3 for becomeLeader, leader elected after 33ms
2019-10-15 09:50:31,363 [63a63ab0-f006-4512-94a0-906e790af962@group-24B352F19AE2-LeaderElection77] INFO  server.RaftServerConfigKeys (ConfUtils.java:logGet(43)) - raft.server.staging.catchup.gap = 1000 (default)
2019-10-15 09:50:31,363 [63a63ab0-f006-4512-94a0-906e790af962@group-24B352F19AE2-LeaderElection77] INFO  server.RaftServerConfigKeys (ConfUtils.java:logGet(43)) - raft.server.rpc.sleep.time = 25ms (default)
2019-10-15 09:50:31,363 [63a63ab0-f006-4512-94a0-906e790af962@group-24B352F19AE2-LeaderElection77] INFO  server.RaftServerConfigKeys (ConfUtils.java:logGet(43)) - raft.server.write.element-limit = 4096 (default)
2019-10-15 09:50:31,363 [63a63ab0-f006-4512-94a0-906e790af962@group-24B352F19AE2-LeaderElection77] INFO  server.RaftServerConfigKeys (ConfUtils.java:logGet(43)) - raft.server.watch.timeout = 10s (default)
2019-10-15 09:50:31,363 [63a63ab0-f006-4512-94a0-906e790af962@group-24B352F19AE2-LeaderElection77] INFO  server.RaftServerConfigKeys (ConfUtils.java:logGet(43)) - raft.server.watch.timeout.denomination = 1s (default)
2019-10-15 09:50:31,363 [63a63ab0-f006-4512-94a0-906e790af962@group-24B352F19AE2-LeaderElection77] INFO  server.RaftServerConfigKeys (ConfUtils.java:logGet(43)) - raft.server.watch.element-limit = 65536 (default)
2019-10-15 09:50:31,365 [63a63ab0-f006-4512-94a0-906e790af962@group-24B352F19AE2-LeaderElection77] INFO  server.RaftServerConfigKeys (ConfUtils.java:logGet(43)) - raft.server.log.appender.snapshot.chunk.size.max = 16MB (=16777216) (default)
2019-10-15 09:50:31,365 [63a63ab0-f006-4512-94a0-906e790af962@group-24B352F19AE2-LeaderElection77] INFO  server.RaftServerConfigKeys (ConfUtils.java:logGet(43)) - raft.server.log.appender.buffer.byte-limit = 33554432 (custom)
2019-10-15 09:50:31,365 [63a63ab0-f006-4512-94a0-906e790af962@group-24B352F19AE2-LeaderElection77] INFO  server.RaftServerConfigKeys (ConfUtils.java:logGet(43)) - raft.server.log.appender.buffer.element-limit = 1 (custom)
2019-10-15 09:50:31,365 [63a63ab0-f006-4512-94a0-906e790af962@group-24B352F19AE2-LeaderElection77] INFO  grpc.GrpcConfigKeys$Server (ConfUtils.java:logGet(43)) - raft.grpc.server.leader.outstanding.appends.max = 128 (default)
2019-10-15 09:50:31,365 [63a63ab0-f006-4512-94a0-906e790af962@group-24B352F19AE2-LeaderElection77] INFO  server.RaftServerConfigKeys (ConfUtils.java:logGet(43)) - raft.server.rpc.request.timeout = 3000ms (default)
2019-10-15 09:50:31,365 [63a63ab0-f006-4512-94a0-906e790af962@group-24B352F19AE2-LeaderElection77] INFO  server.RaftServerConfigKeys (ConfUtils.java:logGet(43)) - raft.server.log.appender.install.snapshot.enabled = false (custom)
2019-10-15 09:50:31,365 [63a63ab0-f006-4512-94a0-906e790af962@group-24B352F19AE2-LeaderElection77] INFO  server.RaftServerConfigKeys (ConfUtils.java:logGet(43)) - raft.server.log.appender.snapshot.chunk.size.max = 16MB (=16777216) (default)
2019-10-15 09:50:31,365 [63a63ab0-f006-4512-94a0-906e790af962@group-24B352F19AE2-LeaderElection77] INFO  server.RaftServerConfigKeys (ConfUtils.java:logGet(43)) - raft.server.log.appender.buffer.byte-limit = 33554432 (custom)
2019-10-15 09:50:31,366 [63a63ab0-f006-4512-94a0-906e790af962@group-24B352F19AE2-LeaderElection77] INFO  server.RaftServerConfigKeys (ConfUtils.java:logGet(43)) - raft.server.log.appender.buffer.element-limit = 1 (custom)
2019-10-15 09:50:31,366 [63a63ab0-f006-4512-94a0-906e790af962@group-24B352F19AE2-LeaderElection77] INFO  grpc.GrpcConfigKeys$Server (ConfUtils.java:logGet(43)) - raft.grpc.server.leader.outstanding.appends.max = 128 (default)
2019-10-15 09:50:31,366 [63a63ab0-f006-4512-94a0-906e790af962@group-24B352F19AE2-LeaderElection77] INFO  server.RaftServerConfigKeys (ConfUtils.java:logGet(43)) - raft.server.rpc.request.timeout = 3000ms (default)
2019-10-15 09:50:31,366 [63a63ab0-f006-4512-94a0-906e790af962@group-24B352F19AE2-LeaderElection77] INFO  server.RaftServerConfigKeys (ConfUtils.java:logGet(43)) - raft.server.log.appender.install.snapshot.enabled = false (custom)
2019-10-15 09:50:31,366 [63a63ab0-f006-4512-94a0-906e790af962@group-24B352F19AE2-LeaderElection77] INFO  impl.RoleInfo (RoleInfo.java:updateAndGet(143)) - 63a63ab0-f006-4512-94a0-906e790af962: start LeaderState
2019-10-15 09:50:31,366 [63a63ab0-f006-4512-94a0-906e790af962@group-24B352F19AE2-LeaderElection77] INFO  segmented.SegmentedRaftLogWorker (SegmentedRaftLogWorker.java:rollLogSegment(390)) - 63a63ab0-f006-4512-94a0-906e790af962@group-24B352F19AE2-SegmentedRaftLogWorker: Rolling segment log-0_15 to index:15
2019-10-15 09:50:31,367 [63a63ab0-f006-4512-94a0-906e790af962@group-24B352F19AE2-LeaderElection77] INFO  impl.RaftServerImpl (ServerState.java:setRaftConf(356)) - 63a63ab0-f006-4512-94a0-906e790af962@group-24B352F19AE2: set configuration 16: [4591bcc6-b20c-4f7c-8784-c3850556b9a1:192.168.69.65:42203, 63a63ab0-f006-4512-94a0-906e790af962:192.168.69.65:41910, 41d350ce-3b0d-42cb-ac79-45ad784101b6:192.168.69.65:34126], old=null at 16
2019-10-15 09:50:31,367 [63a63ab0-f006-4512-94a0-906e790af962@group-24B352F19AE2-SegmentedRaftLogWorker] INFO  segmented.SegmentedRaftLogWorker (SegmentedRaftLogWorker.java:execute(531)) - 63a63ab0-f006-4512-94a0-906e790af962@group-24B352F19AE2-SegmentedRaftLogWorker: Rolled log segment from /workdir/hadoop-ozone/integration-test/target/test-dir/MiniOzoneClusterImpl-45124f6e-3bdf-436f-a07d-bda8ed490d47/datanode-2/data/ratis/06cf893a-378b-4057-a66f-24b352f19ae2/current/log_inprogress_0 to /workdir/hadoop-ozone/integration-test/target/test-dir/MiniOzoneClusterImpl-45124f6e-3bdf-436f-a07d-bda8ed490d47/datanode-2/data/ratis/06cf893a-378b-4057-a66f-24b352f19ae2/current/log_0-15
2019-10-15 09:50:31,369 [grpc-default-executor-9] WARN  server.GrpcLogAppender (LogUtils.java:warn(134)) - 63a63ab0-f006-4512-94a0-906e790af962@group-24B352F19AE2->4591bcc6-b20c-4f7c-8784-c3850556b9a1-AppendLogResponseHandler: Failed appendEntries: org.apache.ratis.thirdparty.io.grpc.StatusRuntimeException: UNAVAILABLE: io exception
2019-10-15 09:50:31,370 [grpc-default-executor-5] INFO  impl.RaftServerImpl (ServerState.java:setLeader(255)) - 41d350ce-3b0d-42cb-ac79-45ad784101b6@group-24B352F19AE2: change Leader from null to 63a63ab0-f006-4512-94a0-906e790af962 at term 3 for appendEntries, leader elected after 24ms
2019-10-15 09:50:31,402 [grpc-default-executor-9] INFO  impl.FollowerInfo (FollowerInfo.java:lambda$new$0(51)) - 63a63ab0-f006-4512-94a0-906e790af962@group-24B352F19AE2->4591bcc6-b20c-4f7c-8784-c3850556b9a1: nextIndex: updateUnconditionally 16 -> 1
2019-10-15 09:50:31,404 [grpc-default-executor-5] INFO  impl.RaftServerImpl (ServerState.java:setRaftConf(356)) - 41d350ce-3b0d-42cb-ac79-45ad784101b6@group-24B352F19AE2: set configuration 16: [4591bcc6-b20c-4f7c-8784-c3850556b9a1:192.168.69.65:42203, 63a63ab0-f006-4512-94a0-906e790af962:192.168.69.65:41910, 41d350ce-3b0d-42cb-ac79-45ad784101b6:192.168.69.65:34126], old=null at 16
2019-10-15 09:50:31,404 [grpc-default-executor-5] INFO  segmented.SegmentedRaftLogWorker (SegmentedRaftLogWorker.java:rollLogSegment(390)) - 41d350ce-3b0d-42cb-ac79-45ad784101b6@group-24B352F19AE2-SegmentedRaftLogWorker: Rolling segment log-0_15 to index:15
2019-10-15 09:50:31,405 [41d350ce-3b0d-42cb-ac79-45ad784101b6@group-24B352F19AE2-SegmentedRaftLogWorker] INFO  segmented.SegmentedRaftLogWorker (SegmentedRaftLogWorker.java:execute(531)) - 41d350ce-3b0d-42cb-ac79-45ad784101b6@group-24B352F19AE2-SegmentedRaftLogWorker: Rolled log segment from /workdir/hadoop-ozone/integration-test/target/test-dir/MiniOzoneClusterImpl-45124f6e-3bdf-436f-a07d-bda8ed490d47/datanode-0/data/ratis/06cf893a-378b-4057-a66f-24b352f19ae2/current/log_inprogress_0 to /workdir/hadoop-ozone/integration-test/target/test-dir/MiniOzoneClusterImpl-45124f6e-3bdf-436f-a07d-bda8ed490d47/datanode-0/data/ratis/06cf893a-378b-4057-a66f-24b352f19ae2/current/log_0-15
2019-10-15 09:50:31,410 [63a63ab0-f006-4512-94a0-906e790af962@group-24B352F19AE2-SegmentedRaftLogWorker] INFO  segmented.SegmentedRaftLogWorker (SegmentedRaftLogWorker.java:execute(574)) - 63a63ab0-f006-4512-94a0-906e790af962@group-24B352F19AE2-SegmentedRaftLogWorker: created new log segment /workdir/hadoop-ozone/integration-test/target/test-dir/MiniOzoneClusterImpl-45124f6e-3bdf-436f-a07d-bda8ed490d47/datanode-2/data/ratis/06cf893a-378b-4057-a66f-24b352f19ae2/current/log_inprogress_16
2019-10-15 09:50:31,452 [41d350ce-3b0d-42cb-ac79-45ad784101b6@group-24B352F19AE2-SegmentedRaftLogWorker] INFO  segmented.SegmentedRaftLogWorker (SegmentedRaftLogWorker.java:execute(574)) - 41d350ce-3b0d-42cb-ac79-45ad784101b6@group-24B352F19AE2-SegmentedRaftLogWorker: created new log segment /workdir/hadoop-ozone/integration-test/target/test-dir/MiniOzoneClusterImpl-45124f6e-3bdf-436f-a07d-bda8ed490d47/datanode-0/data/ratis/06cf893a-378b-4057-a66f-24b352f19ae2/current/log_inprogress_16
2019-10-15 09:50:31,476 [grpc-default-executor-5] WARN  server.GrpcLogAppender (LogUtils.java:warn(134)) - 63a63ab0-f006-4512-94a0-906e790af962@group-24B352F19AE2->4591bcc6-b20c-4f7c-8784-c3850556b9a1-AppendLogResponseHandler: Failed appendEntries: org.apache.ratis.thirdparty.io.grpc.StatusRuntimeException: UNAVAILABLE: io exception
2019-10-15 09:50:31,476 [grpc-default-executor-5] INFO  impl.FollowerInfo (FollowerInfo.java:lambda$new$0(51)) - 63a63ab0-f006-4512-94a0-906e790af962@group-24B352F19AE2->4591bcc6-b20c-4f7c-8784-c3850556b9a1: nextIndex: updateUnconditionally 2 -> 1
2019-10-15 09:50:31,485 [grpc-default-executor-10] WARN  server.GrpcLogAppender (LogUtils.java:warn(134)) - 63a63ab0-f006-4512-94a0-906e790af962@group-24B352F19AE2->4591bcc6-b20c-4f7c-8784-c3850556b9a1-AppendLogResponseHandler: Failed appendEntries: org.apache.ratis.thirdparty.io.grpc.StatusRuntimeException: UNAVAILABLE: io exception
2019-10-15 09:50:31,485 [grpc-default-executor-10] INFO  impl.FollowerInfo (FollowerInfo.java:lambda$new$0(51)) - 63a63ab0-f006-4512-94a0-906e790af962@group-24B352F19AE2->4591bcc6-b20c-4f7c-8784-c3850556b9a1: nextIndex: updateUnconditionally 2 -> 1
09:50:32.074 [grpc-default-executor-5] ERROR DNAudit - user=null | ip=null | op=WRITE_CHUNK {blockData=conID: 1 locID: 102965772704350221 bcsId: 13} | ret=FAILURE
org.apache.hadoop.hdds.scm.container.common.helpers.ContainerNotOpenException: Container 1 in CLOSING state
	at org.apache.hadoop.ozone.container.common.impl.HddsDispatcher.validateContainerCommand(HddsDispatcher.java:436) ~[hadoop-hdds-container-service-0.5.0-SNAPSHOT.jar:?]
	at org.apache.hadoop.ozone.container.common.transport.server.ratis.ContainerStateMachine.startTransaction(ContainerStateMachine.java:320) ~[hadoop-hdds-container-service-0.5.0-SNAPSHOT.jar:?]
	at org.apache.ratis.server.impl.RaftServerImpl.submitClientRequestAsync(RaftServerImpl.java:569) ~[ratis-server-0.5.0-201fc85-SNAPSHOT.jar:0.5.0-201fc85-SNAPSHOT]
	at org.apache.ratis.server.impl.RaftServerProxy.lambda$submitClientRequestAsync$7(RaftServerProxy.java:333) ~[ratis-server-0.5.0-201fc85-SNAPSHOT.jar:0.5.0-201fc85-SNAPSHOT]
	at org.apache.ratis.server.impl.RaftServerProxy.lambda$null$5(RaftServerProxy.java:328) ~[ratis-server-0.5.0-201fc85-SNAPSHOT.jar:0.5.0-201fc85-SNAPSHOT]
	at org.apache.ratis.util.JavaUtils.callAsUnchecked(JavaUtils.java:109) ~[ratis-common-0.5.0-201fc85-SNAPSHOT.jar:0.5.0-201fc85-SNAPSHOT]
	at org.apache.ratis.server.impl.RaftServerProxy.lambda$submitRequest$6(RaftServerProxy.java:328) ~[ratis-server-0.5.0-201fc85-SNAPSHOT.jar:0.5.0-201fc85-SNAPSHOT]
	at java.util.concurrent.CompletableFuture.uniComposeStage(CompletableFuture.java:981) ~[?:1.8.0_222]
	at java.util.concurrent.CompletableFuture.thenCompose(CompletableFuture.java:2124) ~[?:1.8.0_222]
	at org.apache.ratis.server.impl.RaftServerProxy.submitRequest(RaftServerProxy.java:327) ~[ratis-server-0.5.0-201fc85-SNAPSHOT.jar:0.5.0-201fc85-SNAPSHOT]
	at org.apache.ratis.server.impl.RaftServerProxy.submitClientRequestAsync(RaftServerProxy.java:333) ~[ratis-server-0.5.0-201fc85-SNAPSHOT.jar:0.5.0-201fc85-SNAPSHOT]
	at org.apache.ratis.grpc.client.GrpcClientProtocolService$RequestStreamObserver.processClientRequest(GrpcClientProtocolService.java:220) ~[ratis-grpc-0.5.0-201fc85-SNAPSHOT.jar:0.5.0-201fc85-SNAPSHOT]
	at org.apache.ratis.grpc.client.GrpcClientProtocolService$OrderedRequestStreamObserver.processClientRequest(GrpcClientProtocolService.java:326) ~[ratis-grpc-0.5.0-201fc85-SNAPSHOT.jar:0.5.0-201fc85-SNAPSHOT]
	at org.apache.ratis.util.SlidingWindow$Server.processRequestsFromHead(SlidingWindow.java:429) [ratis-common-0.5.0-201fc85-SNAPSHOT.jar:0.5.0-201fc85-SNAPSHOT]
	at org.apache.ratis.util.SlidingWindow$Server.receivedRequest(SlidingWindow.java:421) [ratis-common-0.5.0-201fc85-SNAPSHOT.jar:0.5.0-201fc85-SNAPSHOT]
	at org.apache.ratis.grpc.client.GrpcClientProtocolService$OrderedRequestStreamObserver.processClientRequest(GrpcClientProtocolService.java:345) [ratis-grpc-0.5.0-201fc85-SNAPSHOT.jar:0.5.0-201fc85-SNAPSHOT]
	at org.apache.ratis.grpc.client.GrpcClientProtocolService$RequestStreamObserver.onNext(GrpcClientProtocolService.java:240) [ratis-grpc-0.5.0-201fc85-SNAPSHOT.jar:0.5.0-201fc85-SNAPSHOT]
	at org.apache.ratis.grpc.client.GrpcClientProtocolService$RequestStreamObserver.onNext(GrpcClientProtocolService.java:168) [ratis-grpc-0.5.0-201fc85-SNAPSHOT.jar:0.5.0-201fc85-SNAPSHOT]
	at org.apache.ratis.thirdparty.io.grpc.stub.ServerCalls$StreamingServerCallHandler$StreamingServerCallListener.onMessage(ServerCalls.java:248) [ratis-thirdparty-misc-0.2.0.jar:0.2.0]
	at org.apache.ratis.thirdparty.io.grpc.internal.ServerCallImpl$ServerStreamListenerImpl.messagesAvailable(ServerCallImpl.java:263) [ratis-thirdparty-misc-0.2.0.jar:0.2.0]
	at org.apache.ratis.thirdparty.io.grpc.internal.ServerImpl$JumpToApplicationThreadServerStreamListener$1MessagesAvailable.runInContext(ServerImpl.java:686) [ratis-thirdparty-misc-0.2.0.jar:0.2.0]
	at org.apache.ratis.thirdparty.io.grpc.internal.ContextRunnable.run(ContextRunnable.java:37) [ratis-thirdparty-misc-0.2.0.jar:0.2.0]
	at org.apache.ratis.thirdparty.io.grpc.internal.SerializingExecutor.run(SerializingExecutor.java:123) [ratis-thirdparty-misc-0.2.0.jar:0.2.0]
	at java.util.concurrent.ThreadPoolExecutor.runWorker(ThreadPoolExecutor.java:1149) [?:1.8.0_222]
	at java.util.concurrent.ThreadPoolExecutor$Worker.run(ThreadPoolExecutor.java:624) [?:1.8.0_222]
	at java.lang.Thread.run(Thread.java:748) [?:1.8.0_222]
09:50:32.087 [grpc-default-executor-10] ERROR DNAudit - user=null | ip=null | op=WRITE_CHUNK {blockData=conID: 1 locID: 102965772704350221 bcsId: 13} | ret=FAILURE
org.apache.hadoop.hdds.scm.container.common.helpers.ContainerNotOpenException: Container 1 in CLOSING state
	at org.apache.hadoop.ozone.container.common.impl.HddsDispatcher.validateContainerCommand(HddsDispatcher.java:436) ~[hadoop-hdds-container-service-0.5.0-SNAPSHOT.jar:?]
	at org.apache.hadoop.ozone.container.common.transport.server.ratis.ContainerStateMachine.startTransaction(ContainerStateMachine.java:320) ~[hadoop-hdds-container-service-0.5.0-SNAPSHOT.jar:?]
	at org.apache.ratis.server.impl.RaftServerImpl.submitClientRequestAsync(RaftServerImpl.java:569) ~[ratis-server-0.5.0-201fc85-SNAPSHOT.jar:0.5.0-201fc85-SNAPSHOT]
	at org.apache.ratis.server.impl.RaftServerProxy.lambda$submitClientRequestAsync$7(RaftServerProxy.java:333) ~[ratis-server-0.5.0-201fc85-SNAPSHOT.jar:0.5.0-201fc85-SNAPSHOT]
	at org.apache.ratis.server.impl.RaftServerProxy.lambda$null$5(RaftServerProxy.java:328) ~[ratis-server-0.5.0-201fc85-SNAPSHOT.jar:0.5.0-201fc85-SNAPSHOT]
	at org.apache.ratis.util.JavaUtils.callAsUnchecked(JavaUtils.java:109) ~[ratis-common-0.5.0-201fc85-SNAPSHOT.jar:0.5.0-201fc85-SNAPSHOT]
	at org.apache.ratis.server.impl.RaftServerProxy.lambda$submitRequest$6(RaftServerProxy.java:328) ~[ratis-server-0.5.0-201fc85-SNAPSHOT.jar:0.5.0-201fc85-SNAPSHOT]
	at java.util.concurrent.CompletableFuture.uniComposeStage(CompletableFuture.java:981) ~[?:1.8.0_222]
	at java.util.concurrent.CompletableFuture.thenCompose(CompletableFuture.java:2124) ~[?:1.8.0_222]
	at org.apache.ratis.server.impl.RaftServerProxy.submitRequest(RaftServerProxy.java:327) ~[ratis-server-0.5.0-201fc85-SNAPSHOT.jar:0.5.0-201fc85-SNAPSHOT]
	at org.apache.ratis.server.impl.RaftServerProxy.submitClientRequestAsync(RaftServerProxy.java:333) ~[ratis-server-0.5.0-201fc85-SNAPSHOT.jar:0.5.0-201fc85-SNAPSHOT]
	at org.apache.ratis.grpc.client.GrpcClientProtocolService$RequestStreamObserver.processClientRequest(GrpcClientProtocolService.java:220) ~[ratis-grpc-0.5.0-201fc85-SNAPSHOT.jar:0.5.0-201fc85-SNAPSHOT]
	at org.apache.ratis.grpc.client.GrpcClientProtocolService$OrderedRequestStreamObserver.processClientRequest(GrpcClientProtocolService.java:326) ~[ratis-grpc-0.5.0-201fc85-SNAPSHOT.jar:0.5.0-201fc85-SNAPSHOT]
	at org.apache.ratis.util.SlidingWindow$Server.processRequestsFromHead(SlidingWindow.java:429) [ratis-common-0.5.0-201fc85-SNAPSHOT.jar:0.5.0-201fc85-SNAPSHOT]
	at org.apache.ratis.util.SlidingWindow$Server.receivedRequest(SlidingWindow.java:421) [ratis-common-0.5.0-201fc85-SNAPSHOT.jar:0.5.0-201fc85-SNAPSHOT]
	at org.apache.ratis.grpc.client.GrpcClientProtocolService$OrderedRequestStreamObserver.processClientRequest(GrpcClientProtocolService.java:345) [ratis-grpc-0.5.0-201fc85-SNAPSHOT.jar:0.5.0-201fc85-SNAPSHOT]
	at org.apache.ratis.grpc.client.GrpcClientProtocolService$RequestStreamObserver.onNext(GrpcClientProtocolService.java:240) [ratis-grpc-0.5.0-201fc85-SNAPSHOT.jar:0.5.0-201fc85-SNAPSHOT]
	at org.apache.ratis.grpc.client.GrpcClientProtocolService$RequestStreamObserver.onNext(GrpcClientProtocolService.java:168) [ratis-grpc-0.5.0-201fc85-SNAPSHOT.jar:0.5.0-201fc85-SNAPSHOT]
	at org.apache.ratis.thirdparty.io.grpc.stub.ServerCalls$StreamingServerCallHandler$StreamingServerCallListener.onMessage(ServerCalls.java:248) [ratis-thirdparty-misc-0.2.0.jar:0.2.0]
	at org.apache.ratis.thirdparty.io.grpc.internal.ServerCallImpl$ServerStreamListenerImpl.messagesAvailable(ServerCallImpl.java:263) [ratis-thirdparty-misc-0.2.0.jar:0.2.0]
	at org.apache.ratis.thirdparty.io.grpc.internal.ServerImpl$JumpToApplicationThreadServerStreamListener$1MessagesAvailable.runInContext(ServerImpl.java:686) [ratis-thirdparty-misc-0.2.0.jar:0.2.0]
	at org.apache.ratis.thirdparty.io.grpc.internal.ContextRunnable.run(ContextRunnable.java:37) [ratis-thirdparty-misc-0.2.0.jar:0.2.0]
	at org.apache.ratis.thirdparty.io.grpc.internal.SerializingExecutor.run(SerializingExecutor.java:123) [ratis-thirdparty-misc-0.2.0.jar:0.2.0]
	at java.util.concurrent.ThreadPoolExecutor.runWorker(ThreadPoolExecutor.java:1149) [?:1.8.0_222]
	at java.util.concurrent.ThreadPoolExecutor$Worker.run(ThreadPoolExecutor.java:624) [?:1.8.0_222]
	at java.lang.Thread.run(Thread.java:748) [?:1.8.0_222]
09:50:32.088 [grpc-default-executor-10] ERROR DNAudit - user=null | ip=null | op=PUT_BLOCK {blockData=[blockId=conID: 1 locID: 102965772704350221 bcsId: 0,size=650]} | ret=FAILURE
org.apache.hadoop.hdds.scm.container.common.helpers.ContainerNotOpenException: Container 1 in CLOSING state
	at org.apache.hadoop.ozone.container.common.impl.HddsDispatcher.validateContainerCommand(HddsDispatcher.java:436) ~[hadoop-hdds-container-service-0.5.0-SNAPSHOT.jar:?]
	at org.apache.hadoop.ozone.container.common.transport.server.ratis.ContainerStateMachine.startTransaction(ContainerStateMachine.java:320) ~[hadoop-hdds-container-service-0.5.0-SNAPSHOT.jar:?]
	at org.apache.ratis.server.impl.RaftServerImpl.submitClientRequestAsync(RaftServerImpl.java:569) ~[ratis-server-0.5.0-201fc85-SNAPSHOT.jar:0.5.0-201fc85-SNAPSHOT]
	at org.apache.ratis.server.impl.RaftServerProxy.lambda$submitClientRequestAsync$7(RaftServerProxy.java:333) ~[ratis-server-0.5.0-201fc85-SNAPSHOT.jar:0.5.0-201fc85-SNAPSHOT]
	at org.apache.ratis.server.impl.RaftServerProxy.lambda$null$5(RaftServerProxy.java:328) ~[ratis-server-0.5.0-201fc85-SNAPSHOT.jar:0.5.0-201fc85-SNAPSHOT]
	at org.apache.ratis.util.JavaUtils.callAsUnchecked(JavaUtils.java:109) ~[ratis-common-0.5.0-201fc85-SNAPSHOT.jar:0.5.0-201fc85-SNAPSHOT]
	at org.apache.ratis.server.impl.RaftServerProxy.lambda$submitRequest$6(RaftServerProxy.java:328) ~[ratis-server-0.5.0-201fc85-SNAPSHOT.jar:0.5.0-201fc85-SNAPSHOT]
	at java.util.concurrent.CompletableFuture.uniComposeStage(CompletableFuture.java:981) ~[?:1.8.0_222]
	at java.util.concurrent.CompletableFuture.thenCompose(CompletableFuture.java:2124) ~[?:1.8.0_222]
	at org.apache.ratis.server.impl.RaftServerProxy.submitRequest(RaftServerProxy.java:327) ~[ratis-server-0.5.0-201fc85-SNAPSHOT.jar:0.5.0-201fc85-SNAPSHOT]
	at org.apache.ratis.server.impl.RaftServerProxy.submitClientRequestAsync(RaftServerProxy.java:333) ~[ratis-server-0.5.0-201fc85-SNAPSHOT.jar:0.5.0-201fc85-SNAPSHOT]
	at org.apache.ratis.grpc.client.GrpcClientProtocolService$RequestStreamObserver.processClientRequest(GrpcClientProtocolService.java:220) ~[ratis-grpc-0.5.0-201fc85-SNAPSHOT.jar:0.5.0-201fc85-SNAPSHOT]
	at org.apache.ratis.grpc.client.GrpcClientProtocolService$OrderedRequestStreamObserver.processClientRequest(GrpcClientProtocolService.java:326) ~[ratis-grpc-0.5.0-201fc85-SNAPSHOT.jar:0.5.0-201fc85-SNAPSHOT]
	at org.apache.ratis.util.SlidingWindow$Server.processRequestsFromHead(SlidingWindow.java:429) [ratis-common-0.5.0-201fc85-SNAPSHOT.jar:0.5.0-201fc85-SNAPSHOT]
	at org.apache.ratis.util.SlidingWindow$Server.receivedRequest(SlidingWindow.java:421) [ratis-common-0.5.0-201fc85-SNAPSHOT.jar:0.5.0-201fc85-SNAPSHOT]
	at org.apache.ratis.grpc.client.GrpcClientProtocolService$OrderedRequestStreamObserver.processClientRequest(GrpcClientProtocolService.java:345) [ratis-grpc-0.5.0-201fc85-SNAPSHOT.jar:0.5.0-201fc85-SNAPSHOT]
	at org.apache.ratis.grpc.client.GrpcClientProtocolService$RequestStreamObserver.onNext(GrpcClientProtocolService.java:240) [ratis-grpc-0.5.0-201fc85-SNAPSHOT.jar:0.5.0-201fc85-SNAPSHOT]
	at org.apache.ratis.grpc.client.GrpcClientProtocolService$RequestStreamObserver.onNext(GrpcClientProtocolService.java:168) [ratis-grpc-0.5.0-201fc85-SNAPSHOT.jar:0.5.0-201fc85-SNAPSHOT]
	at org.apache.ratis.thirdparty.io.grpc.stub.ServerCalls$StreamingServerCallHandler$StreamingServerCallListener.onMessage(ServerCalls.java:248) [ratis-thirdparty-misc-0.2.0.jar:0.2.0]
	at org.apache.ratis.thirdparty.io.grpc.internal.ServerCallImpl$ServerStreamListenerImpl.messagesAvailable(ServerCallImpl.java:263) [ratis-thirdparty-misc-0.2.0.jar:0.2.0]
	at org.apache.ratis.thirdparty.io.grpc.internal.ServerImpl$JumpToApplicationThreadServerStreamListener$1MessagesAvailable.runInContext(ServerImpl.java:686) [ratis-thirdparty-misc-0.2.0.jar:0.2.0]
	at org.apache.ratis.thirdparty.io.grpc.internal.ContextRunnable.run(ContextRunnable.java:37) [ratis-thirdparty-misc-0.2.0.jar:0.2.0]
	at org.apache.ratis.thirdparty.io.grpc.internal.SerializingExecutor.run(SerializingExecutor.java:123) [ratis-thirdparty-misc-0.2.0.jar:0.2.0]
	at java.util.concurrent.ThreadPoolExecutor.runWorker(ThreadPoolExecutor.java:1149) [?:1.8.0_222]
	at java.util.concurrent.ThreadPoolExecutor$Worker.run(ThreadPoolExecutor.java:624) [?:1.8.0_222]
	at java.lang.Thread.run(Thread.java:748) [?:1.8.0_222]
09:50:32.100 [grpc-default-executor-10] ERROR DNAudit - user=null | ip=null | op=WRITE_CHUNK {blockData=conID: 1 locID: 102965772704350221 bcsId: 13} | ret=FAILURE
org.apache.hadoop.hdds.scm.container.common.helpers.ContainerNotOpenException: Container 1 in CLOSING state
	at org.apache.hadoop.ozone.container.common.impl.HddsDispatcher.validateContainerCommand(HddsDispatcher.java:436) ~[hadoop-hdds-container-service-0.5.0-SNAPSHOT.jar:?]
	at org.apache.hadoop.ozone.container.common.transport.server.ratis.ContainerStateMachine.startTransaction(ContainerStateMachine.java:320) ~[hadoop-hdds-container-service-0.5.0-SNAPSHOT.jar:?]
	at org.apache.ratis.server.impl.RaftServerImpl.submitClientRequestAsync(RaftServerImpl.java:569) ~[ratis-server-0.5.0-201fc85-SNAPSHOT.jar:0.5.0-201fc85-SNAPSHOT]
	at org.apache.ratis.server.impl.RaftServerProxy.lambda$submitClientRequestAsync$7(RaftServerProxy.java:333) ~[ratis-server-0.5.0-201fc85-SNAPSHOT.jar:0.5.0-201fc85-SNAPSHOT]
	at org.apache.ratis.server.impl.RaftServerProxy.lambda$null$5(RaftServerProxy.java:328) ~[ratis-server-0.5.0-201fc85-SNAPSHOT.jar:0.5.0-201fc85-SNAPSHOT]
	at org.apache.ratis.util.JavaUtils.callAsUnchecked(JavaUtils.java:109) ~[ratis-common-0.5.0-201fc85-SNAPSHOT.jar:0.5.0-201fc85-SNAPSHOT]
	at org.apache.ratis.server.impl.RaftServerProxy.lambda$submitRequest$6(RaftServerProxy.java:328) ~[ratis-server-0.5.0-201fc85-SNAPSHOT.jar:0.5.0-201fc85-SNAPSHOT]
	at java.util.concurrent.CompletableFuture.uniComposeStage(CompletableFuture.java:981) ~[?:1.8.0_222]
	at java.util.concurrent.CompletableFuture.thenCompose(CompletableFuture.java:2124) ~[?:1.8.0_222]
	at org.apache.ratis.server.impl.RaftServerProxy.submitRequest(RaftServerProxy.java:327) ~[ratis-server-0.5.0-201fc85-SNAPSHOT.jar:0.5.0-201fc85-SNAPSHOT]
	at org.apache.ratis.server.impl.RaftServerProxy.submitClientRequestAsync(RaftServerProxy.java:333) ~[ratis-server-0.5.0-201fc85-SNAPSHOT.jar:0.5.0-201fc85-SNAPSHOT]
	at org.apache.ratis.grpc.client.GrpcClientProtocolService$RequestStreamObserver.processClientRequest(GrpcClientProtocolService.java:220) ~[ratis-grpc-0.5.0-201fc85-SNAPSHOT.jar:0.5.0-201fc85-SNAPSHOT]
	at org.apache.ratis.grpc.client.GrpcClientProtocolService$OrderedRequestStreamObserver.processClientRequest(GrpcClientProtocolService.java:326) ~[ratis-grpc-0.5.0-201fc85-SNAPSHOT.jar:0.5.0-201fc85-SNAPSHOT]
	at org.apache.ratis.util.SlidingWindow$Server.processRequestsFromHead(SlidingWindow.java:429) [ratis-common-0.5.0-201fc85-SNAPSHOT.jar:0.5.0-201fc85-SNAPSHOT]
	at org.apache.ratis.util.SlidingWindow$Server.receivedRequest(SlidingWindow.java:421) [ratis-common-0.5.0-201fc85-SNAPSHOT.jar:0.5.0-201fc85-SNAPSHOT]
	at org.apache.ratis.grpc.client.GrpcClientProtocolService$OrderedRequestStreamObserver.processClientRequest(GrpcClientProtocolService.java:345) [ratis-grpc-0.5.0-201fc85-SNAPSHOT.jar:0.5.0-201fc85-SNAPSHOT]
	at org.apache.ratis.grpc.client.GrpcClientProtocolService$RequestStreamObserver.onNext(GrpcClientProtocolService.java:240) [ratis-grpc-0.5.0-201fc85-SNAPSHOT.jar:0.5.0-201fc85-SNAPSHOT]
	at org.apache.ratis.grpc.client.GrpcClientProtocolService$RequestStreamObserver.onNext(GrpcClientProtocolService.java:168) [ratis-grpc-0.5.0-201fc85-SNAPSHOT.jar:0.5.0-201fc85-SNAPSHOT]
	at org.apache.ratis.thirdparty.io.grpc.stub.ServerCalls$StreamingServerCallHandler$StreamingServerCallListener.onMessage(ServerCalls.java:248) [ratis-thirdparty-misc-0.2.0.jar:0.2.0]
	at org.apache.ratis.thirdparty.io.grpc.internal.ServerCallImpl$ServerStreamListenerImpl.messagesAvailable(ServerCallImpl.java:263) [ratis-thirdparty-misc-0.2.0.jar:0.2.0]
	at org.apache.ratis.thirdparty.io.grpc.internal.ServerImpl$JumpToApplicationThreadServerStreamListener$1MessagesAvailable.runInContext(ServerImpl.java:686) [ratis-thirdparty-misc-0.2.0.jar:0.2.0]
	at org.apache.ratis.thirdparty.io.grpc.internal.ContextRunnable.run(ContextRunnable.java:37) [ratis-thirdparty-misc-0.2.0.jar:0.2.0]
	at org.apache.ratis.thirdparty.io.grpc.internal.SerializingExecutor.run(SerializingExecutor.java:123) [ratis-thirdparty-misc-0.2.0.jar:0.2.0]
	at java.util.concurrent.ThreadPoolExecutor.runWorker(ThreadPoolExecutor.java:1149) [?:1.8.0_222]
	at java.util.concurrent.ThreadPoolExecutor$Worker.run(ThreadPoolExecutor.java:624) [?:1.8.0_222]
	at java.lang.Thread.run(Thread.java:748) [?:1.8.0_222]
09:50:32.106 [grpc-default-executor-10] ERROR DNAudit - user=null | ip=null | op=WRITE_CHUNK {blockData=conID: 1 locID: 102965772704350221 bcsId: 13} | ret=FAILURE
org.apache.hadoop.hdds.scm.container.common.helpers.ContainerNotOpenException: Container 1 in CLOSING state
	at org.apache.hadoop.ozone.container.common.impl.HddsDispatcher.validateContainerCommand(HddsDispatcher.java:436) ~[hadoop-hdds-container-service-0.5.0-SNAPSHOT.jar:?]
	at org.apache.hadoop.ozone.container.common.transport.server.ratis.ContainerStateMachine.startTransaction(ContainerStateMachine.java:320) ~[hadoop-hdds-container-service-0.5.0-SNAPSHOT.jar:?]
	at org.apache.ratis.server.impl.RaftServerImpl.submitClientRequestAsync(RaftServerImpl.java:569) ~[ratis-server-0.5.0-201fc85-SNAPSHOT.jar:0.5.0-201fc85-SNAPSHOT]
	at org.apache.ratis.server.impl.RaftServerProxy.lambda$submitClientRequestAsync$7(RaftServerProxy.java:333) ~[ratis-server-0.5.0-201fc85-SNAPSHOT.jar:0.5.0-201fc85-SNAPSHOT]
	at org.apache.ratis.server.impl.RaftServerProxy.lambda$null$5(RaftServerProxy.java:328) ~[ratis-server-0.5.0-201fc85-SNAPSHOT.jar:0.5.0-201fc85-SNAPSHOT]
	at org.apache.ratis.util.JavaUtils.callAsUnchecked(JavaUtils.java:109) ~[ratis-common-0.5.0-201fc85-SNAPSHOT.jar:0.5.0-201fc85-SNAPSHOT]
	at org.apache.ratis.server.impl.RaftServerProxy.lambda$submitRequest$6(RaftServerProxy.java:328) ~[ratis-server-0.5.0-201fc85-SNAPSHOT.jar:0.5.0-201fc85-SNAPSHOT]
	at java.util.concurrent.CompletableFuture.uniComposeStage(CompletableFuture.java:981) ~[?:1.8.0_222]
	at java.util.concurrent.CompletableFuture.thenCompose(CompletableFuture.java:2124) ~[?:1.8.0_222]
	at org.apache.ratis.server.impl.RaftServerProxy.submitRequest(RaftServerProxy.java:327) ~[ratis-server-0.5.0-201fc85-SNAPSHOT.jar:0.5.0-201fc85-SNAPSHOT]
	at org.apache.ratis.server.impl.RaftServerProxy.submitClientRequestAsync(RaftServerProxy.java:333) ~[ratis-server-0.5.0-201fc85-SNAPSHOT.jar:0.5.0-201fc85-SNAPSHOT]
	at org.apache.ratis.grpc.client.GrpcClientProtocolService$RequestStreamObserver.processClientRequest(GrpcClientProtocolService.java:220) ~[ratis-grpc-0.5.0-201fc85-SNAPSHOT.jar:0.5.0-201fc85-SNAPSHOT]
	at org.apache.ratis.grpc.client.GrpcClientProtocolService$OrderedRequestStreamObserver.processClientRequest(GrpcClientProtocolService.java:326) ~[ratis-grpc-0.5.0-201fc85-SNAPSHOT.jar:0.5.0-201fc85-SNAPSHOT]
	at org.apache.ratis.util.SlidingWindow$Server.processRequestsFromHead(SlidingWindow.java:429) [ratis-common-0.5.0-201fc85-SNAPSHOT.jar:0.5.0-201fc85-SNAPSHOT]
	at org.apache.ratis.util.SlidingWindow$Server.receivedRequest(SlidingWindow.java:421) [ratis-common-0.5.0-201fc85-SNAPSHOT.jar:0.5.0-201fc85-SNAPSHOT]
	at org.apache.ratis.grpc.client.GrpcClientProtocolService$OrderedRequestStreamObserver.processClientRequest(GrpcClientProtocolService.java:345) [ratis-grpc-0.5.0-201fc85-SNAPSHOT.jar:0.5.0-201fc85-SNAPSHOT]
	at org.apache.ratis.grpc.client.GrpcClientProtocolService$RequestStreamObserver.onNext(GrpcClientProtocolService.java:240) [ratis-grpc-0.5.0-201fc85-SNAPSHOT.jar:0.5.0-201fc85-SNAPSHOT]
	at org.apache.ratis.grpc.client.GrpcClientProtocolService$RequestStreamObserver.onNext(GrpcClientProtocolService.java:168) [ratis-grpc-0.5.0-201fc85-SNAPSHOT.jar:0.5.0-201fc85-SNAPSHOT]
	at org.apache.ratis.thirdparty.io.grpc.stub.ServerCalls$StreamingServerCallHandler$StreamingServerCallListener.onMessage(ServerCalls.java:248) [ratis-thirdparty-misc-0.2.0.jar:0.2.0]
	at org.apache.ratis.thirdparty.io.grpc.internal.ServerCallImpl$ServerStreamListenerImpl.messagesAvailable(ServerCallImpl.java:263) [ratis-thirdparty-misc-0.2.0.jar:0.2.0]
	at org.apache.ratis.thirdparty.io.grpc.internal.ServerImpl$JumpToApplicationThreadServerStreamListener$1MessagesAvailable.runInContext(ServerImpl.java:686) [ratis-thirdparty-misc-0.2.0.jar:0.2.0]
	at org.apache.ratis.thirdparty.io.grpc.internal.ContextRunnable.run(ContextRunnable.java:37) [ratis-thirdparty-misc-0.2.0.jar:0.2.0]
	at org.apache.ratis.thirdparty.io.grpc.internal.SerializingExecutor.run(SerializingExecutor.java:123) [ratis-thirdparty-misc-0.2.0.jar:0.2.0]
	at java.util.concurrent.ThreadPoolExecutor.runWorker(ThreadPoolExecutor.java:1149) [?:1.8.0_222]
	at java.util.concurrent.ThreadPoolExecutor$Worker.run(ThreadPoolExecutor.java:624) [?:1.8.0_222]
	at java.lang.Thread.run(Thread.java:748) [?:1.8.0_222]
09:50:32.111 [grpc-default-executor-10] ERROR DNAudit - user=null | ip=null | op=PUT_BLOCK {blockData=[blockId=conID: 1 locID: 102965772704350221 bcsId: 0,size=800]} | ret=FAILURE
org.apache.hadoop.hdds.scm.container.common.helpers.ContainerNotOpenException: Container 1 in CLOSING state
	at org.apache.hadoop.ozone.container.common.impl.HddsDispatcher.validateContainerCommand(HddsDispatcher.java:436) ~[hadoop-hdds-container-service-0.5.0-SNAPSHOT.jar:?]
	at org.apache.hadoop.ozone.container.common.transport.server.ratis.ContainerStateMachine.startTransaction(ContainerStateMachine.java:320) ~[hadoop-hdds-container-service-0.5.0-SNAPSHOT.jar:?]
	at org.apache.ratis.server.impl.RaftServerImpl.submitClientRequestAsync(RaftServerImpl.java:569) ~[ratis-server-0.5.0-201fc85-SNAPSHOT.jar:0.5.0-201fc85-SNAPSHOT]
	at org.apache.ratis.server.impl.RaftServerProxy.lambda$submitClientRequestAsync$7(RaftServerProxy.java:333) ~[ratis-server-0.5.0-201fc85-SNAPSHOT.jar:0.5.0-201fc85-SNAPSHOT]
	at org.apache.ratis.server.impl.RaftServerProxy.lambda$null$5(RaftServerProxy.java:328) ~[ratis-server-0.5.0-201fc85-SNAPSHOT.jar:0.5.0-201fc85-SNAPSHOT]
	at org.apache.ratis.util.JavaUtils.callAsUnchecked(JavaUtils.java:109) ~[ratis-common-0.5.0-201fc85-SNAPSHOT.jar:0.5.0-201fc85-SNAPSHOT]
	at org.apache.ratis.server.impl.RaftServerProxy.lambda$submitRequest$6(RaftServerProxy.java:328) ~[ratis-server-0.5.0-201fc85-SNAPSHOT.jar:0.5.0-201fc85-SNAPSHOT]
	at java.util.concurrent.CompletableFuture.uniComposeStage(CompletableFuture.java:981) ~[?:1.8.0_222]
	at java.util.concurrent.CompletableFuture.thenCompose(CompletableFuture.java:2124) ~[?:1.8.0_222]
	at org.apache.ratis.server.impl.RaftServerProxy.submitRequest(RaftServerProxy.java:327) ~[ratis-server-0.5.0-201fc85-SNAPSHOT.jar:0.5.0-201fc85-SNAPSHOT]
	at org.apache.ratis.server.impl.RaftServerProxy.submitClientRequestAsync(RaftServerProxy.java:333) ~[ratis-server-0.5.0-201fc85-SNAPSHOT.jar:0.5.0-201fc85-SNAPSHOT]
	at org.apache.ratis.grpc.client.GrpcClientProtocolService$RequestStreamObserver.processClientRequest(GrpcClientProtocolService.java:220) ~[ratis-grpc-0.5.0-201fc85-SNAPSHOT.jar:0.5.0-201fc85-SNAPSHOT]
	at org.apache.ratis.grpc.client.GrpcClientProtocolService$OrderedRequestStreamObserver.processClientRequest(GrpcClientProtocolService.java:326) ~[ratis-grpc-0.5.0-201fc85-SNAPSHOT.jar:0.5.0-201fc85-SNAPSHOT]
	at org.apache.ratis.util.SlidingWindow$Server.processRequestsFromHead(SlidingWindow.java:429) [ratis-common-0.5.0-201fc85-SNAPSHOT.jar:0.5.0-201fc85-SNAPSHOT]
	at org.apache.ratis.util.SlidingWindow$Server.receivedRequest(SlidingWindow.java:421) [ratis-common-0.5.0-201fc85-SNAPSHOT.jar:0.5.0-201fc85-SNAPSHOT]
	at org.apache.ratis.grpc.client.GrpcClientProtocolService$OrderedRequestStreamObserver.processClientRequest(GrpcClientProtocolService.java:345) [ratis-grpc-0.5.0-201fc85-SNAPSHOT.jar:0.5.0-201fc85-SNAPSHOT]
	at org.apache.ratis.grpc.client.GrpcClientProtocolService$RequestStreamObserver.onNext(GrpcClientProtocolService.java:240) [ratis-grpc-0.5.0-201fc85-SNAPSHOT.jar:0.5.0-201fc85-SNAPSHOT]
	at org.apache.ratis.grpc.client.GrpcClientProtocolService$RequestStreamObserver.onNext(GrpcClientProtocolService.java:168) [ratis-grpc-0.5.0-201fc85-SNAPSHOT.jar:0.5.0-201fc85-SNAPSHOT]
	at org.apache.ratis.thirdparty.io.grpc.stub.ServerCalls$StreamingServerCallHandler$StreamingServerCallListener.onMessage(ServerCalls.java:248) [ratis-thirdparty-misc-0.2.0.jar:0.2.0]
	at org.apache.ratis.thirdparty.io.grpc.internal.ServerCallImpl$ServerStreamListenerImpl.messagesAvailable(ServerCallImpl.java:263) [ratis-thirdparty-misc-0.2.0.jar:0.2.0]
	at org.apache.ratis.thirdparty.io.grpc.internal.ServerImpl$JumpToApplicationThreadServerStreamListener$1MessagesAvailable.runInContext(ServerImpl.java:686) [ratis-thirdparty-misc-0.2.0.jar:0.2.0]
	at org.apache.ratis.thirdparty.io.grpc.internal.ContextRunnable.run(ContextRunnable.java:37) [ratis-thirdparty-misc-0.2.0.jar:0.2.0]
	at org.apache.ratis.thirdparty.io.grpc.internal.SerializingExecutor.run(SerializingExecutor.java:123) [ratis-thirdparty-misc-0.2.0.jar:0.2.0]
	at java.util.concurrent.ThreadPoolExecutor.runWorker(ThreadPoolExecutor.java:1149) [?:1.8.0_222]
	at java.util.concurrent.ThreadPoolExecutor$Worker.run(ThreadPoolExecutor.java:624) [?:1.8.0_222]
	at java.lang.Thread.run(Thread.java:748) [?:1.8.0_222]
2019-10-15 09:50:32,498 [main] INFO  ozone.MiniOzoneClusterImpl (MiniOzoneClusterImpl.java:shutdown(314)) - Shutting down the Mini Ozone Cluster
2019-10-15 09:50:32,499 [main] INFO  ozone.MiniOzoneClusterImpl (MiniOzoneClusterImpl.java:stop(330)) - Stopping the Mini Ozone Cluster
2019-10-15 09:50:32,499 [main] INFO  ozone.MiniOzoneClusterImpl (MiniOzoneClusterImpl.java:stopOM(400)) - Stopping the OzoneManager
2019-10-15 09:50:32,499 [main] INFO  ipc.Server (Server.java:stop(3082)) - Stopping server on 35812
2019-10-15 09:50:32,507 [IPC Server listener on 35812] INFO  ipc.Server (Server.java:run(1185)) - Stopping IPC Server listener on 35812
2019-10-15 09:50:32,515 [main] INFO  ratis.OzoneManagerDoubleBuffer (OzoneManagerDoubleBuffer.java:stop(250)) - Stopping OMDoubleBuffer flush thread
2019-10-15 09:50:32,516 [IPC Server Responder] INFO  ipc.Server (Server.java:run(1319)) - Stopping IPC Server Responder
2019-10-15 09:50:32,516 [OMDoubleBufferFlushThread] INFO  ratis.OzoneManagerDoubleBuffer (OzoneManagerDoubleBuffer.java:flushTransactions(193)) - OMDoubleBuffer flush thread OMDoubleBufferFlushThread is interrupted and will exit. OMDoubleBufferFlushThread
2019-10-15 09:50:32,521 [main] INFO  utils.BackgroundService (BackgroundService.java:shutdown(151)) - Shutting down service KeyDeletingService
2019-10-15 09:50:32,534 [main] INFO  handler.ContextHandler (ContextHandler.java:doStop(910)) - Stopped o.e.j.w.WebAppContext@33d28f0a{/,null,UNAVAILABLE}{/ozoneManager}
2019-10-15 09:50:32,535 [main] INFO  server.AbstractConnector (AbstractConnector.java:doStop(318)) - Stopped ServerConnector@48d739f{HTTP/1.1,[http/1.1]}{0.0.0.0:0}
2019-10-15 09:50:32,535 [main] INFO  handler.ContextHandler (ContextHandler.java:doStop(910)) - Stopped o.e.j.s.ServletContextHandler@1788cb61{/static,file:///workdir/hadoop-ozone/integration-test/target/test-classes/webapps/static,UNAVAILABLE}
2019-10-15 09:50:32,535 [main] INFO  handler.ContextHandler (ContextHandler.java:doStop(910)) - Stopped o.e.j.s.ServletContextHandler@285a4fe3{/logs,file:///workdir/hadoop-ozone/integration-test/target/log,UNAVAILABLE}
2019-10-15 09:50:32,538 [main] INFO  ozone.MiniOzoneClusterImpl (MiniOzoneClusterImpl.java:stopDatanodes(377)) - Stopping the HddsDatanodes
2019-10-15 09:50:32,657 [Datanode State Machine Thread - 0] INFO  statemachine.DatanodeStateMachine (DatanodeStateMachine.java:lambda$startDaemon$0(350)) - Ozone container server started.
2019-10-15 09:50:33,280 [Datanode State Machine Thread - 0] INFO  statemachine.DatanodeStateMachine (DatanodeStateMachine.java:lambda$startDaemon$0(350)) - Ozone container server started.
2019-10-15 09:50:33,988 [grpc-default-executor-5] WARN  server.GrpcLogAppender (LogUtils.java:warn(134)) - 63a63ab0-f006-4512-94a0-906e790af962@group-24B352F19AE2->4591bcc6-b20c-4f7c-8784-c3850556b9a1-AppendLogResponseHandler: Failed appendEntries: org.apache.ratis.thirdparty.io.grpc.StatusRuntimeException: UNAVAILABLE: io exception
2019-10-15 09:50:33,988 [grpc-default-executor-5] INFO  impl.FollowerInfo (FollowerInfo.java:lambda$new$0(51)) - 63a63ab0-f006-4512-94a0-906e790af962@group-24B352F19AE2->4591bcc6-b20c-4f7c-8784-c3850556b9a1: nextIndex: updateUnconditionally 1 -> 0
2019-10-15 09:50:36,490 [grpc-default-executor-9] WARN  server.GrpcLogAppender (LogUtils.java:warn(134)) - 63a63ab0-f006-4512-94a0-906e790af962@group-24B352F19AE2->4591bcc6-b20c-4f7c-8784-c3850556b9a1-AppendLogResponseHandler: Failed appendEntries: org.apache.ratis.thirdparty.io.grpc.StatusRuntimeException: UNAVAILABLE: io exception
2019-10-15 09:50:36,491 [grpc-default-executor-9] INFO  impl.FollowerInfo (FollowerInfo.java:lambda$new$0(51)) - 63a63ab0-f006-4512-94a0-906e790af962@group-24B352F19AE2->4591bcc6-b20c-4f7c-8784-c3850556b9a1: nextIndex: updateUnconditionally 0 -> 0
2019-10-15 09:50:36,735 [EventQueue-StaleNodeForStaleNodeHandler] INFO  node.StaleNodeHandler (StaleNodeHandler.java:onMessage(58)) - Datanode 63a63ab0-f006-4512-94a0-906e790af962{ip: 192.168.69.65, host: dev-nightly-20191015-lc69l-4092513605, networkLocation: /default-rack, certSerialId: null} moved to stale state. Finalizing its pipelines [PipelineID=06cf893a-378b-4057-a66f-24b352f19ae2, PipelineID=99323881-ca0f-45ef-b4de-75478ca9a1cc]
2019-10-15 09:50:36,735 [EventQueue-StaleNodeForStaleNodeHandler] INFO  pipeline.SCMPipelineManager (SCMPipelineManager.java:finalizeAndDestroyPipeline(315)) - destroying pipeline:Pipeline[ Id: 06cf893a-378b-4057-a66f-24b352f19ae2, Nodes: 4591bcc6-b20c-4f7c-8784-c3850556b9a1{ip: 192.168.69.65, host: dev-nightly-20191015-lc69l-4092513605, networkLocation: /default-rack, certSerialId: null}63a63ab0-f006-4512-94a0-906e790af962{ip: 192.168.69.65, host: dev-nightly-20191015-lc69l-4092513605, networkLocation: /default-rack, certSerialId: null}41d350ce-3b0d-42cb-ac79-45ad784101b6{ip: 192.168.69.65, host: dev-nightly-20191015-lc69l-4092513605, networkLocation: /default-rack, certSerialId: null}, Type:RATIS, Factor:THREE, State:CLOSED]
2019-10-15 09:50:36,736 [EventQueue-StaleNodeForStaleNodeHandler] INFO  pipeline.SCMPipelineManager (SCMPipelineManager.java:finalizeAndDestroyPipeline(315)) - destroying pipeline:Pipeline[ Id: 99323881-ca0f-45ef-b4de-75478ca9a1cc, Nodes: 63a63ab0-f006-4512-94a0-906e790af962{ip: 192.168.69.65, host: dev-nightly-20191015-lc69l-4092513605, networkLocation: /default-rack, certSerialId: null}, Type:RATIS, Factor:ONE, State:OPEN]
2019-10-15 09:50:36,736 [EventQueue-StaleNodeForStaleNodeHandler] INFO  pipeline.PipelineStateManager (PipelineStateManager.java:finalizePipeline(123)) - Pipeline Pipeline[ Id: 99323881-ca0f-45ef-b4de-75478ca9a1cc, Nodes: 63a63ab0-f006-4512-94a0-906e790af962{ip: 192.168.69.65, host: dev-nightly-20191015-lc69l-4092513605, networkLocation: /default-rack, certSerialId: null}, Type:RATIS, Factor:ONE, State:CLOSED] moved to CLOSED state
2019-10-15 09:50:37,335 [EventQueue-StaleNodeForStaleNodeHandler] INFO  node.StaleNodeHandler (StaleNodeHandler.java:onMessage(58)) - Datanode d74dfd8f-242e-45aa-8b2e-30d7f206e722{ip: 192.168.69.65, host: dev-nightly-20191015-lc69l-4092513605, networkLocation: /default-rack, certSerialId: null} moved to stale state. Finalizing its pipelines [PipelineID=ebadc2b3-70f3-471c-b7d8-4aef79ad514b, PipelineID=59bfff9a-7e3f-4a13-af5b-b853b88a0a66]
2019-10-15 09:50:37,336 [EventQueue-StaleNodeForStaleNodeHandler] INFO  pipeline.SCMPipelineManager (SCMPipelineManager.java:finalizeAndDestroyPipeline(315)) - destroying pipeline:Pipeline[ Id: ebadc2b3-70f3-471c-b7d8-4aef79ad514b, Nodes: 836f8159-e543-401f-9399-0138340b8701{ip: 192.168.69.65, host: dev-nightly-20191015-lc69l-4092513605, networkLocation: /default-rack, certSerialId: null}e970edca-b356-45da-9694-b2b3a315242e{ip: 192.168.69.65, host: dev-nightly-20191015-lc69l-4092513605, networkLocation: /default-rack, certSerialId: null}d74dfd8f-242e-45aa-8b2e-30d7f206e722{ip: 192.168.69.65, host: dev-nightly-20191015-lc69l-4092513605, networkLocation: /default-rack, certSerialId: null}, Type:RATIS, Factor:THREE, State:OPEN]
2019-10-15 09:50:37,336 [EventQueue-StaleNodeForStaleNodeHandler] INFO  pipeline.PipelineStateManager (PipelineStateManager.java:finalizePipeline(123)) - Pipeline Pipeline[ Id: ebadc2b3-70f3-471c-b7d8-4aef79ad514b, Nodes: 836f8159-e543-401f-9399-0138340b8701{ip: 192.168.69.65, host: dev-nightly-20191015-lc69l-4092513605, networkLocation: /default-rack, certSerialId: null}e970edca-b356-45da-9694-b2b3a315242e{ip: 192.168.69.65, host: dev-nightly-20191015-lc69l-4092513605, networkLocation: /default-rack, certSerialId: null}d74dfd8f-242e-45aa-8b2e-30d7f206e722{ip: 192.168.69.65, host: dev-nightly-20191015-lc69l-4092513605, networkLocation: /default-rack, certSerialId: null}, Type:RATIS, Factor:THREE, State:CLOSED] moved to CLOSED state
2019-10-15 09:50:37,336 [EventQueue-StaleNodeForStaleNodeHandler] INFO  pipeline.SCMPipelineManager (SCMPipelineManager.java:finalizeAndDestroyPipeline(315)) - destroying pipeline:Pipeline[ Id: 59bfff9a-7e3f-4a13-af5b-b853b88a0a66, Nodes: d74dfd8f-242e-45aa-8b2e-30d7f206e722{ip: 192.168.69.65, host: dev-nightly-20191015-lc69l-4092513605, networkLocation: /default-rack, certSerialId: null}, Type:RATIS, Factor:ONE, State:OPEN]
2019-10-15 09:50:37,336 [EventQueue-CloseContainerForCloseContainerEventHandler] INFO  container.CloseContainerEventHandler (CloseContainerEventHandler.java:onMessage(61)) - Close container Event triggered for container : #2
2019-10-15 09:50:37,336 [EventQueue-StaleNodeForStaleNodeHandler] INFO  pipeline.PipelineStateManager (PipelineStateManager.java:finalizePipeline(123)) - Pipeline Pipeline[ Id: 59bfff9a-7e3f-4a13-af5b-b853b88a0a66, Nodes: d74dfd8f-242e-45aa-8b2e-30d7f206e722{ip: 192.168.69.65, host: dev-nightly-20191015-lc69l-4092513605, networkLocation: /default-rack, certSerialId: null}, Type:RATIS, Factor:ONE, State:CLOSED] moved to CLOSED state
2019-10-15 09:50:37,540 [ForkJoinPool.commonPool-worker-0] INFO  ozoneimpl.OzoneContainer (OzoneContainer.java:stop(227)) - Attempting to stop container services.
2019-10-15 09:50:37,540 [main] INFO  ozoneimpl.OzoneContainer (OzoneContainer.java:stop(227)) - Attempting to stop container services.
2019-10-15 09:50:37,541 [ForkJoinPool.commonPool-worker-0] INFO  impl.RaftServerProxy (RaftServerProxy.java:lambda$close$4(314)) - 63a63ab0-f006-4512-94a0-906e790af962: close
2019-10-15 09:50:37,541 [main] INFO  impl.RaftServerProxy (RaftServerProxy.java:lambda$close$4(314)) - d74dfd8f-242e-45aa-8b2e-30d7f206e722: close
2019-10-15 09:50:37,542 [main] INFO  impl.RaftServerImpl (RaftServerImpl.java:lambda$shutdown$3(247)) - d74dfd8f-242e-45aa-8b2e-30d7f206e722@group-4AEF79AD514B: shutdown
2019-10-15 09:50:37,542 [ForkJoinPool.commonPool-worker-0] INFO  impl.RaftServerImpl (RaftServerImpl.java:lambda$shutdown$3(247)) - 63a63ab0-f006-4512-94a0-906e790af962@group-24B352F19AE2: shutdown
2019-10-15 09:50:37,542 [main] INFO  util.JmxRegister (JmxRegister.java:unregister(73)) - Successfully un-registered JMX Bean with object name Ratis:service=RaftServer,group=group-4AEF79AD514B,id=d74dfd8f-242e-45aa-8b2e-30d7f206e722
2019-10-15 09:50:37,542 [ForkJoinPool.commonPool-worker-0] INFO  util.JmxRegister (JmxRegister.java:unregister(73)) - Successfully un-registered JMX Bean with object name Ratis:service=RaftServer,group=group-24B352F19AE2,id=63a63ab0-f006-4512-94a0-906e790af962
2019-10-15 09:50:37,543 [main] INFO  impl.RoleInfo (RoleInfo.java:shutdownFollowerState(121)) - d74dfd8f-242e-45aa-8b2e-30d7f206e722: shutdown FollowerState
2019-10-15 09:50:37,543 [ForkJoinPool.commonPool-worker-0] INFO  impl.RoleInfo (RoleInfo.java:shutdownLeaderState(104)) - 63a63ab0-f006-4512-94a0-906e790af962: shutdown LeaderState
2019-10-15 09:50:37,543 [d74dfd8f-242e-45aa-8b2e-30d7f206e722@group-4AEF79AD514B-StateMachineUpdater] INFO  ratis.ContainerStateMachine (ContainerStateMachine.java:takeSnapshot(294)) - group-4AEF79AD514B: Taking a snapshot at:(t:3, i:14) file /workdir/hadoop-ozone/integration-test/target/test-dir/MiniOzoneClusterImpl-45124f6e-3bdf-436f-a07d-bda8ed490d47/datanode-4/data/ratis/ebadc2b3-70f3-471c-b7d8-4aef79ad514b/sm/snapshot.3_14
2019-10-15 09:50:37,548 [org.apache.ratis.server.impl.LogAppender$AppenderDaemon$$Lambda$534/718542897@2852ee1f] WARN  server.GrpcLogAppender (GrpcLogAppender.java:mayWait(143)) - 63a63ab0-f006-4512-94a0-906e790af962@group-24B352F19AE2->4591bcc6-b20c-4f7c-8784-c3850556b9a1-GrpcLogAppender: Wait interrupted by java.lang.InterruptedException
2019-10-15 09:50:37,543 [Thread-3084] INFO  impl.FollowerState (FollowerState.java:run(117)) - d74dfd8f-242e-45aa-8b2e-30d7f206e722@group-4AEF79AD514B-FollowerState was interrupted: java.lang.InterruptedException: sleep interrupted
2019-10-15 09:50:37,543 [main] INFO  impl.StateMachineUpdater (StateMachineUpdater.java:stopAndJoin(136)) - d74dfd8f-242e-45aa-8b2e-30d7f206e722@group-4AEF79AD514B-StateMachineUpdater: set stopIndex = 16
2019-10-15 09:50:37,548 [org.apache.ratis.server.impl.LogAppender$AppenderDaemon$$Lambda$534/718542897@6c3203b0] WARN  server.GrpcLogAppender (GrpcLogAppender.java:mayWait(143)) - 63a63ab0-f006-4512-94a0-906e790af962@group-24B352F19AE2->41d350ce-3b0d-42cb-ac79-45ad784101b6-GrpcLogAppender: Wait interrupted by java.lang.InterruptedException
2019-10-15 09:50:37,548 [ForkJoinPool.commonPool-worker-0] INFO  impl.PendingRequests (PendingRequests.java:sendNotLeaderResponses(202)) - 63a63ab0-f006-4512-94a0-906e790af962@group-24B352F19AE2-PendingRequests: sendNotLeaderResponses
2019-10-15 09:50:37,552 [grpc-default-executor-9] INFO  server.GrpcServerProtocolService (GrpcServerProtocolService.java:onCompleted(113)) - 41d350ce-3b0d-42cb-ac79-45ad784101b6: Completed APPEND_ENTRIES, lastRequest: 63a63ab0-f006-4512-94a0-906e790af962->41d350ce-3b0d-42cb-ac79-45ad784101b6#4-t3, previous=(t:3, i:17), leaderCommit=17, initializing? false, entries: <empty>
2019-10-15 09:50:37,552 [ForkJoinPool.commonPool-worker-0] INFO  impl.StateMachineUpdater (StateMachineUpdater.java:stopAndJoin(136)) - 63a63ab0-f006-4512-94a0-906e790af962@group-24B352F19AE2-StateMachineUpdater: set stopIndex = 17
2019-10-15 09:50:37,552 [63a63ab0-f006-4512-94a0-906e790af962@group-24B352F19AE2-StateMachineUpdater] INFO  ratis.ContainerStateMachine (ContainerStateMachine.java:takeSnapshot(294)) - group-24B352F19AE2: Taking a snapshot at:(t:2, i:13) file /workdir/hadoop-ozone/integration-test/target/test-dir/MiniOzoneClusterImpl-45124f6e-3bdf-436f-a07d-bda8ed490d47/datanode-2/data/ratis/06cf893a-378b-4057-a66f-24b352f19ae2/sm/snapshot.2_13
2019-10-15 09:50:37,553 [grpc-default-executor-9] INFO  server.GrpcLogAppender (GrpcLogAppender.java:onCompleted(293)) - 63a63ab0-f006-4512-94a0-906e790af962@group-24B352F19AE2->41d350ce-3b0d-42cb-ac79-45ad784101b6-AppendLogResponseHandler: follower responses appendEntries COMPLETED
2019-10-15 09:50:37,553 [grpc-default-executor-9] INFO  impl.FollowerInfo (FollowerInfo.java:lambda$new$0(51)) - 63a63ab0-f006-4512-94a0-906e790af962@group-24B352F19AE2->41d350ce-3b0d-42cb-ac79-45ad784101b6: nextIndex: updateUnconditionally 18 -> 17
2019-10-15 09:50:37,563 [63a63ab0-f006-4512-94a0-906e790af962@group-24B352F19AE2-StateMachineUpdater] INFO  ratis.ContainerStateMachine (ContainerStateMachine.java:takeSnapshot(305)) - group-24B352F19AE2: Finished taking a snapshot at:(t:2, i:13) file:/workdir/hadoop-ozone/integration-test/target/test-dir/MiniOzoneClusterImpl-45124f6e-3bdf-436f-a07d-bda8ed490d47/datanode-2/data/ratis/06cf893a-378b-4057-a66f-24b352f19ae2/sm/snapshot.2_13 time:10
2019-10-15 09:50:37,563 [d74dfd8f-242e-45aa-8b2e-30d7f206e722@group-4AEF79AD514B-StateMachineUpdater] INFO  ratis.ContainerStateMachine (ContainerStateMachine.java:takeSnapshot(305)) - group-4AEF79AD514B: Finished taking a snapshot at:(t:3, i:14) file:/workdir/hadoop-ozone/integration-test/target/test-dir/MiniOzoneClusterImpl-45124f6e-3bdf-436f-a07d-bda8ed490d47/datanode-4/data/ratis/ebadc2b3-70f3-471c-b7d8-4aef79ad514b/sm/snapshot.3_14 time:19
2019-10-15 09:50:37,563 [d74dfd8f-242e-45aa-8b2e-30d7f206e722@group-4AEF79AD514B-StateMachineUpdater] INFO  impl.StateMachineUpdater (StateMachineUpdater.java:takeSnapshot(269)) - d74dfd8f-242e-45aa-8b2e-30d7f206e722@group-4AEF79AD514B-StateMachineUpdater: Took a snapshot at index 14
2019-10-15 09:50:37,563 [63a63ab0-f006-4512-94a0-906e790af962@group-24B352F19AE2-StateMachineUpdater] INFO  impl.StateMachineUpdater (StateMachineUpdater.java:takeSnapshot(269)) - 63a63ab0-f006-4512-94a0-906e790af962@group-24B352F19AE2-StateMachineUpdater: Took a snapshot at index 13
2019-10-15 09:50:37,563 [d74dfd8f-242e-45aa-8b2e-30d7f206e722@group-4AEF79AD514B-StateMachineUpdater] INFO  impl.StateMachineUpdater (StateMachineUpdater.java:lambda$new$0(84)) - d74dfd8f-242e-45aa-8b2e-30d7f206e722@group-4AEF79AD514B-StateMachineUpdater: snapshotIndex: updateIncreasingly -1 -> 14
2019-10-15 09:50:37,563 [63a63ab0-f006-4512-94a0-906e790af962@group-24B352F19AE2-StateMachineUpdater] INFO  impl.StateMachineUpdater (StateMachineUpdater.java:lambda$new$0(84)) - 63a63ab0-f006-4512-94a0-906e790af962@group-24B352F19AE2-StateMachineUpdater: snapshotIndex: updateIncreasingly -1 -> 13
2019-10-15 09:50:37,564 [63a63ab0-f006-4512-94a0-906e790af962@group-24B352F19AE2-StateMachineUpdater] INFO  ratis.ContainerStateMachine (ContainerStateMachine.java:takeSnapshot(294)) - group-24B352F19AE2: Taking a snapshot at:(t:2, i:13) file /workdir/hadoop-ozone/integration-test/target/test-dir/MiniOzoneClusterImpl-45124f6e-3bdf-436f-a07d-bda8ed490d47/datanode-2/data/ratis/06cf893a-378b-4057-a66f-24b352f19ae2/sm/snapshot.2_13
2019-10-15 09:50:37,564 [d74dfd8f-242e-45aa-8b2e-30d7f206e722@group-4AEF79AD514B-StateMachineUpdater] INFO  ratis.ContainerStateMachine (ContainerStateMachine.java:takeSnapshot(294)) - group-4AEF79AD514B: Taking a snapshot at:(t:3, i:14) file /workdir/hadoop-ozone/integration-test/target/test-dir/MiniOzoneClusterImpl-45124f6e-3bdf-436f-a07d-bda8ed490d47/datanode-4/data/ratis/ebadc2b3-70f3-471c-b7d8-4aef79ad514b/sm/snapshot.3_14
2019-10-15 09:50:37,577 [63a63ab0-f006-4512-94a0-906e790af962@group-24B352F19AE2-StateMachineUpdater] INFO  ratis.ContainerStateMachine (ContainerStateMachine.java:takeSnapshot(305)) - group-24B352F19AE2: Finished taking a snapshot at:(t:2, i:13) file:/workdir/hadoop-ozone/integration-test/target/test-dir/MiniOzoneClusterImpl-45124f6e-3bdf-436f-a07d-bda8ed490d47/datanode-2/data/ratis/06cf893a-378b-4057-a66f-24b352f19ae2/sm/snapshot.2_13 time:14
2019-10-15 09:50:37,577 [d74dfd8f-242e-45aa-8b2e-30d7f206e722@group-4AEF79AD514B-StateMachineUpdater] INFO  ratis.ContainerStateMachine (ContainerStateMachine.java:takeSnapshot(305)) - group-4AEF79AD514B: Finished taking a snapshot at:(t:3, i:14) file:/workdir/hadoop-ozone/integration-test/target/test-dir/MiniOzoneClusterImpl-45124f6e-3bdf-436f-a07d-bda8ed490d47/datanode-4/data/ratis/ebadc2b3-70f3-471c-b7d8-4aef79ad514b/sm/snapshot.3_14 time:14
2019-10-15 09:50:37,577 [63a63ab0-f006-4512-94a0-906e790af962@group-24B352F19AE2-StateMachineUpdater] INFO  impl.StateMachineUpdater (StateMachineUpdater.java:takeSnapshot(269)) - 63a63ab0-f006-4512-94a0-906e790af962@group-24B352F19AE2-StateMachineUpdater: Took a snapshot at index 13
2019-10-15 09:50:37,577 [63a63ab0-f006-4512-94a0-906e790af962@group-24B352F19AE2-StateMachineUpdater] INFO  impl.StateMachineUpdater (StateMachineUpdater.java:lambda$new$0(84)) - 63a63ab0-f006-4512-94a0-906e790af962@group-24B352F19AE2-StateMachineUpdater: snapshotIndex: updateIncreasingly 13 -> 13
2019-10-15 09:50:37,577 [d74dfd8f-242e-45aa-8b2e-30d7f206e722@group-4AEF79AD514B-StateMachineUpdater] INFO  impl.StateMachineUpdater (StateMachineUpdater.java:takeSnapshot(269)) - d74dfd8f-242e-45aa-8b2e-30d7f206e722@group-4AEF79AD514B-StateMachineUpdater: Took a snapshot at index 14
2019-10-15 09:50:37,577 [d74dfd8f-242e-45aa-8b2e-30d7f206e722@group-4AEF79AD514B-StateMachineUpdater] INFO  impl.StateMachineUpdater (StateMachineUpdater.java:lambda$new$0(84)) - d74dfd8f-242e-45aa-8b2e-30d7f206e722@group-4AEF79AD514B-StateMachineUpdater: snapshotIndex: updateIncreasingly 14 -> 14
2019-10-15 09:50:37,578 [ForkJoinPool.commonPool-worker-0] INFO  impl.RaftServerImpl (ServerState.java:close(387)) - 63a63ab0-f006-4512-94a0-906e790af962@group-24B352F19AE2: closes. applyIndex: 17
2019-10-15 09:50:37,578 [main] INFO  impl.RaftServerImpl (ServerState.java:close(387)) - d74dfd8f-242e-45aa-8b2e-30d7f206e722@group-4AEF79AD514B: closes. applyIndex: 16
2019-10-15 09:50:37,578 [63a63ab0-f006-4512-94a0-906e790af962@group-24B352F19AE2-SegmentedRaftLogWorker] INFO  segmented.SegmentedRaftLogWorker (SegmentedRaftLogWorker.java:run(316)) - 63a63ab0-f006-4512-94a0-906e790af962@group-24B352F19AE2-SegmentedRaftLogWorker was interrupted, exiting. There are 0 tasks remaining in the queue.
2019-10-15 09:50:37,578 [d74dfd8f-242e-45aa-8b2e-30d7f206e722@group-4AEF79AD514B-SegmentedRaftLogWorker] INFO  segmented.SegmentedRaftLogWorker (SegmentedRaftLogWorker.java:run(316)) - d74dfd8f-242e-45aa-8b2e-30d7f206e722@group-4AEF79AD514B-SegmentedRaftLogWorker was interrupted, exiting. There are 0 tasks remaining in the queue.
2019-10-15 09:50:37,581 [ForkJoinPool.commonPool-worker-0] INFO  segmented.SegmentedRaftLogWorker (SegmentedRaftLogWorker.java:close(224)) - 63a63ab0-f006-4512-94a0-906e790af962@group-24B352F19AE2-SegmentedRaftLogWorker close()
2019-10-15 09:50:37,583 [main] INFO  segmented.SegmentedRaftLogWorker (SegmentedRaftLogWorker.java:close(224)) - d74dfd8f-242e-45aa-8b2e-30d7f206e722@group-4AEF79AD514B-SegmentedRaftLogWorker close()
2019-10-15 09:50:37,587 [ForkJoinPool.commonPool-worker-0] INFO  impl.RaftServerImpl (RaftServerImpl.java:lambda$shutdown$3(247)) - 63a63ab0-f006-4512-94a0-906e790af962@group-75478CA9A1CC: shutdown
2019-10-15 09:50:37,591 [ForkJoinPool.commonPool-worker-0] INFO  util.JmxRegister (JmxRegister.java:unregister(73)) - Successfully un-registered JMX Bean with object name Ratis:service=RaftServer,group=group-75478CA9A1CC,id=63a63ab0-f006-4512-94a0-906e790af962
2019-10-15 09:50:37,591 [main] INFO  impl.RaftServerImpl (RaftServerImpl.java:lambda$shutdown$3(247)) - d74dfd8f-242e-45aa-8b2e-30d7f206e722@group-B853B88A0A66: shutdown
2019-10-15 09:50:37,592 [ForkJoinPool.commonPool-worker-0] INFO  impl.RoleInfo (RoleInfo.java:shutdownLeaderState(104)) - 63a63ab0-f006-4512-94a0-906e790af962: shutdown LeaderState
2019-10-15 09:50:37,592 [main] INFO  util.JmxRegister (JmxRegister.java:unregister(73)) - Successfully un-registered JMX Bean with object name Ratis:service=RaftServer,group=group-B853B88A0A66,id=d74dfd8f-242e-45aa-8b2e-30d7f206e722
2019-10-15 09:50:37,592 [ForkJoinPool.commonPool-worker-0] INFO  impl.PendingRequests (PendingRequests.java:sendNotLeaderResponses(202)) - 63a63ab0-f006-4512-94a0-906e790af962@group-75478CA9A1CC-PendingRequests: sendNotLeaderResponses
2019-10-15 09:50:37,593 [main] INFO  impl.RoleInfo (RoleInfo.java:shutdownLeaderState(104)) - d74dfd8f-242e-45aa-8b2e-30d7f206e722: shutdown LeaderState
2019-10-15 09:50:37,593 [ForkJoinPool.commonPool-worker-0] INFO  impl.StateMachineUpdater (StateMachineUpdater.java:stopAndJoin(136)) - 63a63ab0-f006-4512-94a0-906e790af962@group-75478CA9A1CC-StateMachineUpdater: set stopIndex = 0
2019-10-15 09:50:37,593 [ForkJoinPool.commonPool-worker-0] INFO  impl.RaftServerImpl (ServerState.java:close(387)) - 63a63ab0-f006-4512-94a0-906e790af962@group-75478CA9A1CC: closes. applyIndex: 0
2019-10-15 09:50:37,593 [main] INFO  impl.PendingRequests (PendingRequests.java:sendNotLeaderResponses(202)) - d74dfd8f-242e-45aa-8b2e-30d7f206e722@group-B853B88A0A66-PendingRequests: sendNotLeaderResponses
2019-10-15 09:50:37,594 [63a63ab0-f006-4512-94a0-906e790af962@group-75478CA9A1CC-SegmentedRaftLogWorker] INFO  segmented.SegmentedRaftLogWorker (SegmentedRaftLogWorker.java:run(316)) - 63a63ab0-f006-4512-94a0-906e790af962@group-75478CA9A1CC-SegmentedRaftLogWorker was interrupted, exiting. There are 0 tasks remaining in the queue.
2019-10-15 09:50:37,594 [main] INFO  impl.StateMachineUpdater (StateMachineUpdater.java:stopAndJoin(136)) - d74dfd8f-242e-45aa-8b2e-30d7f206e722@group-B853B88A0A66-StateMachineUpdater: set stopIndex = 0
2019-10-15 09:50:37,594 [main] INFO  impl.RaftServerImpl (ServerState.java:close(387)) - d74dfd8f-242e-45aa-8b2e-30d7f206e722@group-B853B88A0A66: closes. applyIndex: 0
2019-10-15 09:50:37,596 [ForkJoinPool.commonPool-worker-0] INFO  segmented.SegmentedRaftLogWorker (SegmentedRaftLogWorker.java:close(224)) - 63a63ab0-f006-4512-94a0-906e790af962@group-75478CA9A1CC-SegmentedRaftLogWorker close()
2019-10-15 09:50:37,597 [d74dfd8f-242e-45aa-8b2e-30d7f206e722@group-B853B88A0A66-SegmentedRaftLogWorker] INFO  segmented.SegmentedRaftLogWorker (SegmentedRaftLogWorker.java:run(316)) - d74dfd8f-242e-45aa-8b2e-30d7f206e722@group-B853B88A0A66-SegmentedRaftLogWorker was interrupted, exiting. There are 0 tasks remaining in the queue.
2019-10-15 09:50:37,601 [ForkJoinPool.commonPool-worker-0] INFO  server.GrpcService (GrpcService.java:closeImpl(164)) - 63a63ab0-f006-4512-94a0-906e790af962: shutdown server with port 41910 now
2019-10-15 09:50:37,603 [main] INFO  segmented.SegmentedRaftLogWorker (SegmentedRaftLogWorker.java:close(224)) - d74dfd8f-242e-45aa-8b2e-30d7f206e722@group-B853B88A0A66-SegmentedRaftLogWorker close()
2019-10-15 09:50:37,607 [main] INFO  server.GrpcService (GrpcService.java:closeImpl(164)) - d74dfd8f-242e-45aa-8b2e-30d7f206e722: shutdown server with port 34992 now
2019-10-15 09:50:37,607 [ForkJoinPool.commonPool-worker-0] INFO  server.GrpcService (GrpcService.java:closeImpl(172)) - 63a63ab0-f006-4512-94a0-906e790af962: shutdown server with port 41910 successfully
2019-10-15 09:50:37,607 [grpc-default-executor-10] WARN  server.GrpcServerProtocolService (LogUtils.java:warn(134)) - d74dfd8f-242e-45aa-8b2e-30d7f206e722: installSnapshot onError, lastRequest: 836f8159-e543-401f-9399-0138340b8701->d74dfd8f-242e-45aa-8b2e-30d7f206e722#23-t3, previous=(t:3, i:16), leaderCommit=16, initializing? false, entries: <empty>: org.apache.ratis.thirdparty.io.grpc.StatusRuntimeException: CANCELLED: cancelled before receiving half close
2019-10-15 09:50:37,608 [grpc-default-executor-5] WARN  server.GrpcLogAppender (LogUtils.java:warn(134)) - 836f8159-e543-401f-9399-0138340b8701@group-4AEF79AD514B->d74dfd8f-242e-45aa-8b2e-30d7f206e722-AppendLogResponseHandler: Failed appendEntries: org.apache.ratis.thirdparty.io.grpc.StatusRuntimeException: CANCELLED: HTTP/2 error code: CANCEL
Received Rst Stream
2019-10-15 09:50:37,608 [main] INFO  server.GrpcService (GrpcService.java:closeImpl(172)) - d74dfd8f-242e-45aa-8b2e-30d7f206e722: shutdown server with port 34992 successfully
2019-10-15 09:50:37,609 [grpc-default-executor-5] INFO  impl.FollowerInfo (FollowerInfo.java:lambda$new$0(51)) - 836f8159-e543-401f-9399-0138340b8701@group-4AEF79AD514B->d74dfd8f-242e-45aa-8b2e-30d7f206e722: nextIndex: updateUnconditionally 17 -> 16
2019-10-15 09:50:37,609 [refreshUsed-/workdir/hadoop-ozone/integration-test/target/test-dir/MiniOzoneClusterImpl-45124f6e-3bdf-436f-a07d-bda8ed490d47/datanode-2/data/containers] WARN  fs.CachingGetSpaceUsed (CachingGetSpaceUsed.java:run(183)) - Thread Interrupted waiting to refresh disk information: sleep interrupted
2019-10-15 09:50:37,612 [refreshUsed-/workdir/hadoop-ozone/integration-test/target/test-dir/MiniOzoneClusterImpl-45124f6e-3bdf-436f-a07d-bda8ed490d47/datanode-4/data/containers] WARN  fs.CachingGetSpaceUsed (CachingGetSpaceUsed.java:run(183)) - Thread Interrupted waiting to refresh disk information: sleep interrupted
2019-10-15 09:50:37,631 [main] INFO  utils.BackgroundService (BackgroundService.java:shutdown(151)) - Shutting down service BlockDeletingService
2019-10-15 09:50:37,631 [ForkJoinPool.commonPool-worker-0] INFO  utils.BackgroundService (BackgroundService.java:shutdown(151)) - Shutting down service BlockDeletingService
2019-10-15 09:50:37,637 [ForkJoinPool.commonPool-worker-0] INFO  statemachine.DatanodeStateMachine (DatanodeStateMachine.java:stopDaemon(395)) - Ozone container server stopped.
2019-10-15 09:50:37,637 [main] INFO  statemachine.DatanodeStateMachine (DatanodeStateMachine.java:stopDaemon(395)) - Ozone container server stopped.
2019-10-15 09:50:37,662 [ForkJoinPool.commonPool-worker-0] INFO  handler.ContextHandler (ContextHandler.java:doStop(910)) - Stopped o.e.j.w.WebAppContext@3a0b6a{/,null,UNAVAILABLE}{/hddsDatanode}
2019-10-15 09:50:37,662 [main] INFO  handler.ContextHandler (ContextHandler.java:doStop(910)) - Stopped o.e.j.w.WebAppContext@50e5032c{/,null,UNAVAILABLE}{/hddsDatanode}
2019-10-15 09:50:37,663 [ForkJoinPool.commonPool-worker-0] INFO  server.AbstractConnector (AbstractConnector.java:doStop(318)) - Stopped ServerConnector@539c4830{HTTP/1.1,[http/1.1]}{0.0.0.0:0}
2019-10-15 09:50:37,664 [main] INFO  server.AbstractConnector (AbstractConnector.java:doStop(318)) - Stopped ServerConnector@545d2560{HTTP/1.1,[http/1.1]}{0.0.0.0:0}
2019-10-15 09:50:37,664 [ForkJoinPool.commonPool-worker-0] INFO  handler.ContextHandler (ContextHandler.java:doStop(910)) - Stopped o.e.j.s.ServletContextHandler@27ec8754{/static,jar:file:/home/user/.m2/repository/org/apache/hadoop/hadoop-hdds-container-service/0.5.0-SNAPSHOT/hadoop-hdds-container-service-0.5.0-SNAPSHOT.jar!/webapps/static,UNAVAILABLE}
2019-10-15 09:50:37,665 [main] INFO  handler.ContextHandler (ContextHandler.java:doStop(910)) - Stopped o.e.j.s.ServletContextHandler@5faeeb56{/static,jar:file:/home/user/.m2/repository/org/apache/hadoop/hadoop-hdds-container-service/0.5.0-SNAPSHOT/hadoop-hdds-container-service-0.5.0-SNAPSHOT.jar!/webapps/static,UNAVAILABLE}
2019-10-15 09:50:37,666 [ForkJoinPool.commonPool-worker-0] INFO  handler.ContextHandler (ContextHandler.java:doStop(910)) - Stopped o.e.j.s.ServletContextHandler@546ed2a0{/logs,file:///workdir/hadoop-ozone/integration-test/target/log,UNAVAILABLE}
2019-10-15 09:50:37,667 [main] INFO  handler.ContextHandler (ContextHandler.java:doStop(910)) - Stopped o.e.j.s.ServletContextHandler@cbf1997{/logs,file:///workdir/hadoop-ozone/integration-test/target/log,UNAVAILABLE}
2019-10-15 09:50:38,280 [Datanode State Machine Thread - 0] INFO  statemachine.DatanodeStateMachine (DatanodeStateMachine.java:lambda$startDaemon$0(350)) - Ozone container server started.
2019-10-15 09:50:38,662 [Datanode State Machine Thread - 0] INFO  statemachine.DatanodeStateMachine (DatanodeStateMachine.java:lambda$startDaemon$0(350)) - Ozone container server started.
2019-10-15 09:50:40,007 [grpc-default-executor-9] WARN  server.GrpcLogAppender (LogUtils.java:warn(134)) - 836f8159-e543-401f-9399-0138340b8701@group-4AEF79AD514B->d74dfd8f-242e-45aa-8b2e-30d7f206e722-AppendLogResponseHandler: Failed appendEntries: org.apache.ratis.thirdparty.io.grpc.StatusRuntimeException: UNAVAILABLE: io exception
2019-10-15 09:50:40,008 [grpc-default-executor-9] INFO  impl.FollowerInfo (FollowerInfo.java:lambda$new$0(51)) - 836f8159-e543-401f-9399-0138340b8701@group-4AEF79AD514B->d74dfd8f-242e-45aa-8b2e-30d7f206e722: nextIndex: updateUnconditionally 16 -> 15
2019-10-15 09:50:41,561 [Thread-3132] INFO  impl.FollowerState (FollowerState.java:run(108)) - 41d350ce-3b0d-42cb-ac79-45ad784101b6@group-24B352F19AE2-FollowerState: change to CANDIDATE, lastRpcTime:5074ms, electionTimeout:5062ms
2019-10-15 09:50:41,562 [Thread-3132] INFO  impl.RoleInfo (RoleInfo.java:shutdownFollowerState(121)) - 41d350ce-3b0d-42cb-ac79-45ad784101b6: shutdown FollowerState
2019-10-15 09:50:41,562 [Thread-3132] INFO  impl.RaftServerImpl (RaftServerImpl.java:setRole(170)) - 41d350ce-3b0d-42cb-ac79-45ad784101b6@group-24B352F19AE2: changes role from  FOLLOWER to CANDIDATE at term 3 for changeToCandidate
2019-10-15 09:50:41,562 [Thread-3132] INFO  impl.RoleInfo (RoleInfo.java:updateAndGet(143)) - 41d350ce-3b0d-42cb-ac79-45ad784101b6: start LeaderElection
2019-10-15 09:50:41,565 [41d350ce-3b0d-42cb-ac79-45ad784101b6@group-24B352F19AE2-LeaderElection78] INFO  impl.RaftServerImpl (ServerState.java:setLeader(255)) - 41d350ce-3b0d-42cb-ac79-45ad784101b6@group-24B352F19AE2: change Leader from 63a63ab0-f006-4512-94a0-906e790af962 to null at term 3 for initElection
2019-10-15 09:50:41,579 [41d350ce-3b0d-42cb-ac79-45ad784101b6@group-24B352F19AE2-LeaderElection78] INFO  impl.LeaderElection (LeaderElection.java:askForVotes(178)) - 41d350ce-3b0d-42cb-ac79-45ad784101b6@group-24B352F19AE2-LeaderElection78: begin an election at term 4 for 16: [4591bcc6-b20c-4f7c-8784-c3850556b9a1:192.168.69.65:42203, 63a63ab0-f006-4512-94a0-906e790af962:192.168.69.65:41910, 41d350ce-3b0d-42cb-ac79-45ad784101b6:192.168.69.65:34126], old=null
2019-10-15 09:50:41,581 [41d350ce-3b0d-42cb-ac79-45ad784101b6@group-24B352F19AE2-LeaderElection78] INFO  impl.LeaderElection (LogUtils.java:infoOrTrace(149)) - 41d350ce-3b0d-42cb-ac79-45ad784101b6@group-24B352F19AE2-LeaderElection78 got exception when requesting votes: {}
java.util.concurrent.ExecutionException: org.apache.ratis.thirdparty.io.grpc.StatusRuntimeException: UNAVAILABLE: io exception
	at java.util.concurrent.FutureTask.report(FutureTask.java:122)
	at java.util.concurrent.FutureTask.get(FutureTask.java:192)
	at org.apache.ratis.server.impl.LeaderElection.waitForResults(LeaderElection.java:259)
	at org.apache.ratis.server.impl.LeaderElection.askForVotes(LeaderElection.java:197)
	at org.apache.ratis.server.impl.LeaderElection.run(LeaderElection.java:133)
	at java.lang.Thread.run(Thread.java:748)
Caused by: org.apache.ratis.thirdparty.io.grpc.StatusRuntimeException: UNAVAILABLE: io exception
	at org.apache.ratis.thirdparty.io.grpc.stub.ClientCalls.toStatusRuntimeException(ClientCalls.java:233)
	at org.apache.ratis.thirdparty.io.grpc.stub.ClientCalls.getUnchecked(ClientCalls.java:214)
	at org.apache.ratis.thirdparty.io.grpc.stub.ClientCalls.blockingUnaryCall(ClientCalls.java:139)
	at org.apache.ratis.proto.grpc.RaftServerProtocolServiceGrpc$RaftServerProtocolServiceBlockingStub.requestVote(RaftServerProtocolServiceGrpc.java:265)
	at org.apache.ratis.grpc.server.GrpcServerProtocolClient.requestVote(GrpcServerProtocolClient.java:99)
	at org.apache.ratis.grpc.server.GrpcService.requestVote(GrpcService.java:204)
	at org.apache.ratis.server.impl.LeaderElection.lambda$submitRequests$1(LeaderElection.java:234)
	at java.util.concurrent.FutureTask.run(FutureTask.java:266)
	at java.util.concurrent.Executors$RunnableAdapter.call(Executors.java:511)
	at java.util.concurrent.FutureTask.run(FutureTask.java:266)
	at java.util.concurrent.ThreadPoolExecutor.runWorker(ThreadPoolExecutor.java:1149)
	at java.util.concurrent.ThreadPoolExecutor$Worker.run(ThreadPoolExecutor.java:624)
	... 1 more
Caused by: org.apache.ratis.thirdparty.io.netty.channel.AbstractChannel$AnnotatedConnectException: Connection refused: /192.168.69.65:42203
	at sun.nio.ch.SocketChannelImpl.checkConnect(Native Method)
	at sun.nio.ch.SocketChannelImpl.finishConnect(SocketChannelImpl.java:717)
	at org.apache.ratis.thirdparty.io.netty.channel.socket.nio.NioSocketChannel.doFinishConnect(NioSocketChannel.java:327)
	at org.apache.ratis.thirdparty.io.netty.channel.nio.AbstractNioChannel$AbstractNioUnsafe.finishConnect(AbstractNioChannel.java:340)
	at org.apache.ratis.thirdparty.io.netty.channel.nio.NioEventLoop.processSelectedKey(NioEventLoop.java:632)
	at org.apache.ratis.thirdparty.io.netty.channel.nio.NioEventLoop.processSelectedKeysOptimized(NioEventLoop.java:579)
	at org.apache.ratis.thirdparty.io.netty.channel.nio.NioEventLoop.processSelectedKeys(NioEventLoop.java:496)
	at org.apache.ratis.thirdparty.io.netty.channel.nio.NioEventLoop.run(NioEventLoop.java:458)
	at org.apache.ratis.thirdparty.io.netty.util.concurrent.SingleThreadEventExecutor$5.run(SingleThreadEventExecutor.java:897)
	at org.apache.ratis.thirdparty.io.netty.util.concurrent.FastThreadLocalRunnable.run(FastThreadLocalRunnable.java:30)
	... 1 more
Caused by: java.net.ConnectException: Connection refused
	... 11 more
2019-10-15 09:50:41,583 [41d350ce-3b0d-42cb-ac79-45ad784101b6@group-24B352F19AE2-LeaderElection78] INFO  impl.LeaderElection (LogUtils.java:infoOrTrace(149)) - 41d350ce-3b0d-42cb-ac79-45ad784101b6@group-24B352F19AE2-LeaderElection78 got exception when requesting votes: {}
java.util.concurrent.ExecutionException: org.apache.ratis.thirdparty.io.grpc.StatusRuntimeException: UNAVAILABLE: io exception
	at java.util.concurrent.FutureTask.report(FutureTask.java:122)
	at java.util.concurrent.FutureTask.get(FutureTask.java:192)
	at org.apache.ratis.server.impl.LeaderElection.waitForResults(LeaderElection.java:259)
	at org.apache.ratis.server.impl.LeaderElection.askForVotes(LeaderElection.java:197)
	at org.apache.ratis.server.impl.LeaderElection.run(LeaderElection.java:133)
	at java.lang.Thread.run(Thread.java:748)
Caused by: org.apache.ratis.thirdparty.io.grpc.StatusRuntimeException: UNAVAILABLE: io exception
	at org.apache.ratis.thirdparty.io.grpc.stub.ClientCalls.toStatusRuntimeException(ClientCalls.java:233)
	at org.apache.ratis.thirdparty.io.grpc.stub.ClientCalls.getUnchecked(ClientCalls.java:214)
	at org.apache.ratis.thirdparty.io.grpc.stub.ClientCalls.blockingUnaryCall(ClientCalls.java:139)
	at org.apache.ratis.proto.grpc.RaftServerProtocolServiceGrpc$RaftServerProtocolServiceBlockingStub.requestVote(RaftServerProtocolServiceGrpc.java:265)
	at org.apache.ratis.grpc.server.GrpcServerProtocolClient.requestVote(GrpcServerProtocolClient.java:99)
	at org.apache.ratis.grpc.server.GrpcService.requestVote(GrpcService.java:204)
	at org.apache.ratis.server.impl.LeaderElection.lambda$submitRequests$1(LeaderElection.java:234)
	at java.util.concurrent.FutureTask.run(FutureTask.java:266)
	at java.util.concurrent.Executors$RunnableAdapter.call(Executors.java:511)
	at java.util.concurrent.FutureTask.run(FutureTask.java:266)
	at java.util.concurrent.ThreadPoolExecutor.runWorker(ThreadPoolExecutor.java:1149)
	at java.util.concurrent.ThreadPoolExecutor$Worker.run(ThreadPoolExecutor.java:624)
	... 1 more
Caused by: org.apache.ratis.thirdparty.io.netty.channel.AbstractChannel$AnnotatedConnectException: Connection refused: /192.168.69.65:41910
	at sun.nio.ch.SocketChannelImpl.checkConnect(Native Method)
	at sun.nio.ch.SocketChannelImpl.finishConnect(SocketChannelImpl.java:717)
	at org.apache.ratis.thirdparty.io.netty.channel.socket.nio.NioSocketChannel.doFinishConnect(NioSocketChannel.java:327)
	at org.apache.ratis.thirdparty.io.netty.channel.nio.AbstractNioChannel$AbstractNioUnsafe.finishConnect(AbstractNioChannel.java:340)
	at org.apache.ratis.thirdparty.io.netty.channel.nio.NioEventLoop.processSelectedKey(NioEventLoop.java:632)
	at org.apache.ratis.thirdparty.io.netty.channel.nio.NioEventLoop.processSelectedKeysOptimized(NioEventLoop.java:579)
	at org.apache.ratis.thirdparty.io.netty.channel.nio.NioEventLoop.processSelectedKeys(NioEventLoop.java:496)
	at org.apache.ratis.thirdparty.io.netty.channel.nio.NioEventLoop.run(NioEventLoop.java:458)
	at org.apache.ratis.thirdparty.io.netty.util.concurrent.SingleThreadEventExecutor$5.run(SingleThreadEventExecutor.java:897)
	at org.apache.ratis.thirdparty.io.netty.util.concurrent.FastThreadLocalRunnable.run(FastThreadLocalRunnable.java:30)
	... 1 more
Caused by: java.net.ConnectException: Connection refused
	... 11 more
2019-10-15 09:50:41,584 [41d350ce-3b0d-42cb-ac79-45ad784101b6@group-24B352F19AE2-LeaderElection78] INFO  impl.LeaderElection (LeaderElection.java:logAndReturn(56)) - 41d350ce-3b0d-42cb-ac79-45ad784101b6@group-24B352F19AE2-LeaderElection78: Election REJECTED; received 0 response(s) [] and 2 exception(s); 41d350ce-3b0d-42cb-ac79-45ad784101b6@group-24B352F19AE2:t4, leader=null, voted=41d350ce-3b0d-42cb-ac79-45ad784101b6, raftlog=41d350ce-3b0d-42cb-ac79-45ad784101b6@group-24B352F19AE2-SegmentedRaftLog:OPENED:c17,f17,i17, conf=16: [4591bcc6-b20c-4f7c-8784-c3850556b9a1:192.168.69.65:42203, 63a63ab0-f006-4512-94a0-906e790af962:192.168.69.65:41910, 41d350ce-3b0d-42cb-ac79-45ad784101b6:192.168.69.65:34126], old=null
2019-10-15 09:50:41,584 [41d350ce-3b0d-42cb-ac79-45ad784101b6@group-24B352F19AE2-LeaderElection78] INFO  impl.LeaderElection (LogUtils.java:infoOrTrace(149)) -   Exception 0: {}
java.util.concurrent.ExecutionException: org.apache.ratis.thirdparty.io.grpc.StatusRuntimeException: UNAVAILABLE: io exception
	at java.util.concurrent.FutureTask.report(FutureTask.java:122)
	at java.util.concurrent.FutureTask.get(FutureTask.java:192)
	at org.apache.ratis.server.impl.LeaderElection.waitForResults(LeaderElection.java:259)
	at org.apache.ratis.server.impl.LeaderElection.askForVotes(LeaderElection.java:197)
	at org.apache.ratis.server.impl.LeaderElection.run(LeaderElection.java:133)
	at java.lang.Thread.run(Thread.java:748)
Caused by: org.apache.ratis.thirdparty.io.grpc.StatusRuntimeException: UNAVAILABLE: io exception
	at org.apache.ratis.thirdparty.io.grpc.stub.ClientCalls.toStatusRuntimeException(ClientCalls.java:233)
	at org.apache.ratis.thirdparty.io.grpc.stub.ClientCalls.getUnchecked(ClientCalls.java:214)
	at org.apache.ratis.thirdparty.io.grpc.stub.ClientCalls.blockingUnaryCall(ClientCalls.java:139)
	at org.apache.ratis.proto.grpc.RaftServerProtocolServiceGrpc$RaftServerProtocolServiceBlockingStub.requestVote(RaftServerProtocolServiceGrpc.java:265)
	at org.apache.ratis.grpc.server.GrpcServerProtocolClient.requestVote(GrpcServerProtocolClient.java:99)
	at org.apache.ratis.grpc.server.GrpcService.requestVote(GrpcService.java:204)
	at org.apache.ratis.server.impl.LeaderElection.lambda$submitRequests$1(LeaderElection.java:234)
	at java.util.concurrent.FutureTask.run(FutureTask.java:266)
	at java.util.concurrent.Executors$RunnableAdapter.call(Executors.java:511)
	at java.util.concurrent.FutureTask.run(FutureTask.java:266)
	at java.util.concurrent.ThreadPoolExecutor.runWorker(ThreadPoolExecutor.java:1149)
	at java.util.concurrent.ThreadPoolExecutor$Worker.run(ThreadPoolExecutor.java:624)
	... 1 more
Caused by: org.apache.ratis.thirdparty.io.netty.channel.AbstractChannel$AnnotatedConnectException: Connection refused: /192.168.69.65:42203
	at sun.nio.ch.SocketChannelImpl.checkConnect(Native Method)
	at sun.nio.ch.SocketChannelImpl.finishConnect(SocketChannelImpl.java:717)
	at org.apache.ratis.thirdparty.io.netty.channel.socket.nio.NioSocketChannel.doFinishConnect(NioSocketChannel.java:327)
	at org.apache.ratis.thirdparty.io.netty.channel.nio.AbstractNioChannel$AbstractNioUnsafe.finishConnect(AbstractNioChannel.java:340)
	at org.apache.ratis.thirdparty.io.netty.channel.nio.NioEventLoop.processSelectedKey(NioEventLoop.java:632)
	at org.apache.ratis.thirdparty.io.netty.channel.nio.NioEventLoop.processSelectedKeysOptimized(NioEventLoop.java:579)
	at org.apache.ratis.thirdparty.io.netty.channel.nio.NioEventLoop.processSelectedKeys(NioEventLoop.java:496)
	at org.apache.ratis.thirdparty.io.netty.channel.nio.NioEventLoop.run(NioEventLoop.java:458)
	at org.apache.ratis.thirdparty.io.netty.util.concurrent.SingleThreadEventExecutor$5.run(SingleThreadEventExecutor.java:897)
	at org.apache.ratis.thirdparty.io.netty.util.concurrent.FastThreadLocalRunnable.run(FastThreadLocalRunnable.java:30)
	... 1 more
Caused by: java.net.ConnectException: Connection refused
	... 11 more
2019-10-15 09:50:41,584 [41d350ce-3b0d-42cb-ac79-45ad784101b6@group-24B352F19AE2-LeaderElection78] INFO  impl.LeaderElection (LogUtils.java:infoOrTrace(149)) -   Exception 1: {}
java.util.concurrent.ExecutionException: org.apache.ratis.thirdparty.io.grpc.StatusRuntimeException: UNAVAILABLE: io exception
	at java.util.concurrent.FutureTask.report(FutureTask.java:122)
	at java.util.concurrent.FutureTask.get(FutureTask.java:192)
	at org.apache.ratis.server.impl.LeaderElection.waitForResults(LeaderElection.java:259)
	at org.apache.ratis.server.impl.LeaderElection.askForVotes(LeaderElection.java:197)
	at org.apache.ratis.server.impl.LeaderElection.run(LeaderElection.java:133)
	at java.lang.Thread.run(Thread.java:748)
Caused by: org.apache.ratis.thirdparty.io.grpc.StatusRuntimeException: UNAVAILABLE: io exception
	at org.apache.ratis.thirdparty.io.grpc.stub.ClientCalls.toStatusRuntimeException(ClientCalls.java:233)
	at org.apache.ratis.thirdparty.io.grpc.stub.ClientCalls.getUnchecked(ClientCalls.java:214)
	at org.apache.ratis.thirdparty.io.grpc.stub.ClientCalls.blockingUnaryCall(ClientCalls.java:139)
	at org.apache.ratis.proto.grpc.RaftServerProtocolServiceGrpc$RaftServerProtocolServiceBlockingStub.requestVote(RaftServerProtocolServiceGrpc.java:265)
	at org.apache.ratis.grpc.server.GrpcServerProtocolClient.requestVote(GrpcServerProtocolClient.java:99)
	at org.apache.ratis.grpc.server.GrpcService.requestVote(GrpcService.java:204)
	at org.apache.ratis.server.impl.LeaderElection.lambda$submitRequests$1(LeaderElection.java:234)
	at java.util.concurrent.FutureTask.run(FutureTask.java:266)
	at java.util.concurrent.Executors$RunnableAdapter.call(Executors.java:511)
	at java.util.concurrent.FutureTask.run(FutureTask.java:266)
	at java.util.concurrent.ThreadPoolExecutor.runWorker(ThreadPoolExecutor.java:1149)
	at java.util.concurrent.ThreadPoolExecutor$Worker.run(ThreadPoolExecutor.java:624)
	... 1 more
Caused by: org.apache.ratis.thirdparty.io.netty.channel.AbstractChannel$AnnotatedConnectException: Connection refused: /192.168.69.65:41910
	at sun.nio.ch.SocketChannelImpl.checkConnect(Native Method)
	at sun.nio.ch.SocketChannelImpl.finishConnect(SocketChannelImpl.java:717)
	at org.apache.ratis.thirdparty.io.netty.channel.socket.nio.NioSocketChannel.doFinishConnect(NioSocketChannel.java:327)
	at org.apache.ratis.thirdparty.io.netty.channel.nio.AbstractNioChannel$AbstractNioUnsafe.finishConnect(AbstractNioChannel.java:340)
	at org.apache.ratis.thirdparty.io.netty.channel.nio.NioEventLoop.processSelectedKey(NioEventLoop.java:632)
	at org.apache.ratis.thirdparty.io.netty.channel.nio.NioEventLoop.processSelectedKeysOptimized(NioEventLoop.java:579)
	at org.apache.ratis.thirdparty.io.netty.channel.nio.NioEventLoop.processSelectedKeys(NioEventLoop.java:496)
	at org.apache.ratis.thirdparty.io.netty.channel.nio.NioEventLoop.run(NioEventLoop.java:458)
	at org.apache.ratis.thirdparty.io.netty.util.concurrent.SingleThreadEventExecutor$5.run(SingleThreadEventExecutor.java:897)
	at org.apache.ratis.thirdparty.io.netty.util.concurrent.FastThreadLocalRunnable.run(FastThreadLocalRunnable.java:30)
	... 1 more
Caused by: java.net.ConnectException: Connection refused
	... 11 more
2019-10-15 09:50:41,585 [41d350ce-3b0d-42cb-ac79-45ad784101b6@group-24B352F19AE2-LeaderElection78] INFO  impl.RaftServerImpl (RaftServerImpl.java:setRole(170)) - 41d350ce-3b0d-42cb-ac79-45ad784101b6@group-24B352F19AE2: changes role from CANDIDATE to FOLLOWER at term 4 for DISCOVERED_A_NEW_TERM
2019-10-15 09:50:41,585 [41d350ce-3b0d-42cb-ac79-45ad784101b6@group-24B352F19AE2-LeaderElection78] INFO  impl.RoleInfo (RoleInfo.java:shutdownLeaderElection(134)) - 41d350ce-3b0d-42cb-ac79-45ad784101b6: shutdown LeaderElection
2019-10-15 09:50:41,585 [41d350ce-3b0d-42cb-ac79-45ad784101b6@group-24B352F19AE2-LeaderElection78] INFO  impl.RoleInfo (RoleInfo.java:updateAndGet(143)) - 41d350ce-3b0d-42cb-ac79-45ad784101b6: start FollowerState
2019-10-15 09:50:42,344 [EventQueue-StaleNodeForStaleNodeHandler] INFO  node.StaleNodeHandler (StaleNodeHandler.java:onMessage(58)) - Datanode 836f8159-e543-401f-9399-0138340b8701{ip: 192.168.69.65, host: dev-nightly-20191015-lc69l-4092513605, networkLocation: /default-rack, certSerialId: null} moved to stale state. Finalizing its pipelines [PipelineID=ebadc2b3-70f3-471c-b7d8-4aef79ad514b, PipelineID=deab69fa-163f-49b5-acd0-463d89783144]
2019-10-15 09:50:42,351 [EventQueue-StaleNodeForStaleNodeHandler] INFO  pipeline.SCMPipelineManager (SCMPipelineManager.java:finalizeAndDestroyPipeline(315)) - destroying pipeline:Pipeline[ Id: ebadc2b3-70f3-471c-b7d8-4aef79ad514b, Nodes: 836f8159-e543-401f-9399-0138340b8701{ip: 192.168.69.65, host: dev-nightly-20191015-lc69l-4092513605, networkLocation: /default-rack, certSerialId: null}e970edca-b356-45da-9694-b2b3a315242e{ip: 192.168.69.65, host: dev-nightly-20191015-lc69l-4092513605, networkLocation: /default-rack, certSerialId: null}d74dfd8f-242e-45aa-8b2e-30d7f206e722{ip: 192.168.69.65, host: dev-nightly-20191015-lc69l-4092513605, networkLocation: /default-rack, certSerialId: null}, Type:RATIS, Factor:THREE, State:CLOSED]
2019-10-15 09:50:42,352 [EventQueue-StaleNodeForStaleNodeHandler] INFO  pipeline.SCMPipelineManager (SCMPipelineManager.java:finalizeAndDestroyPipeline(315)) - destroying pipeline:Pipeline[ Id: deab69fa-163f-49b5-acd0-463d89783144, Nodes: 836f8159-e543-401f-9399-0138340b8701{ip: 192.168.69.65, host: dev-nightly-20191015-lc69l-4092513605, networkLocation: /default-rack, certSerialId: null}, Type:RATIS, Factor:ONE, State:OPEN]
2019-10-15 09:50:42,352 [EventQueue-StaleNodeForStaleNodeHandler] INFO  pipeline.PipelineStateManager (PipelineStateManager.java:finalizePipeline(123)) - Pipeline Pipeline[ Id: deab69fa-163f-49b5-acd0-463d89783144, Nodes: 836f8159-e543-401f-9399-0138340b8701{ip: 192.168.69.65, host: dev-nightly-20191015-lc69l-4092513605, networkLocation: /default-rack, certSerialId: null}, Type:RATIS, Factor:ONE, State:CLOSED] moved to CLOSED state
2019-10-15 09:50:42,514 [grpc-default-executor-10] WARN  server.GrpcLogAppender (LogUtils.java:warn(134)) - 836f8159-e543-401f-9399-0138340b8701@group-4AEF79AD514B->d74dfd8f-242e-45aa-8b2e-30d7f206e722-AppendLogResponseHandler: Failed appendEntries: org.apache.ratis.thirdparty.io.grpc.StatusRuntimeException: UNAVAILABLE: io exception
2019-10-15 09:50:42,517 [grpc-default-executor-10] INFO  impl.FollowerInfo (FollowerInfo.java:lambda$new$0(51)) - 836f8159-e543-401f-9399-0138340b8701@group-4AEF79AD514B->d74dfd8f-242e-45aa-8b2e-30d7f206e722: nextIndex: updateUnconditionally 15 -> 14
2019-10-15 09:50:42,670 [ForkJoinPool.commonPool-worker-0] INFO  ozoneimpl.OzoneContainer (OzoneContainer.java:stop(227)) - Attempting to stop container services.
2019-10-15 09:50:42,670 [main] INFO  ozoneimpl.OzoneContainer (OzoneContainer.java:stop(227)) - Attempting to stop container services.
2019-10-15 09:50:42,670 [ForkJoinPool.commonPool-worker-0] INFO  impl.RaftServerProxy (RaftServerProxy.java:lambda$close$4(314)) - 41d350ce-3b0d-42cb-ac79-45ad784101b6: close
2019-10-15 09:50:42,671 [main] INFO  impl.RaftServerProxy (RaftServerProxy.java:lambda$close$4(314)) - 836f8159-e543-401f-9399-0138340b8701: close
2019-10-15 09:50:42,672 [ForkJoinPool.commonPool-worker-0] INFO  impl.RaftServerImpl (RaftServerImpl.java:lambda$shutdown$3(247)) - 41d350ce-3b0d-42cb-ac79-45ad784101b6@group-37E819F9FC5D: shutdown
2019-10-15 09:50:42,672 [main] INFO  impl.RaftServerImpl (RaftServerImpl.java:lambda$shutdown$3(247)) - 836f8159-e543-401f-9399-0138340b8701@group-4AEF79AD514B: shutdown
2019-10-15 09:50:42,672 [ForkJoinPool.commonPool-worker-0] INFO  util.JmxRegister (JmxRegister.java:unregister(73)) - Successfully un-registered JMX Bean with object name Ratis:service=RaftServer,group=group-37E819F9FC5D,id=41d350ce-3b0d-42cb-ac79-45ad784101b6
2019-10-15 09:50:42,672 [main] INFO  util.JmxRegister (JmxRegister.java:unregister(73)) - Successfully un-registered JMX Bean with object name Ratis:service=RaftServer,group=group-4AEF79AD514B,id=836f8159-e543-401f-9399-0138340b8701
2019-10-15 09:50:42,672 [ForkJoinPool.commonPool-worker-0] INFO  impl.RoleInfo (RoleInfo.java:shutdownLeaderState(104)) - 41d350ce-3b0d-42cb-ac79-45ad784101b6: shutdown LeaderState
2019-10-15 09:50:42,673 [main] INFO  impl.RoleInfo (RoleInfo.java:shutdownLeaderState(104)) - 836f8159-e543-401f-9399-0138340b8701: shutdown LeaderState
2019-10-15 09:50:42,673 [ForkJoinPool.commonPool-worker-0] INFO  impl.PendingRequests (PendingRequests.java:sendNotLeaderResponses(202)) - 41d350ce-3b0d-42cb-ac79-45ad784101b6@group-37E819F9FC5D-PendingRequests: sendNotLeaderResponses
2019-10-15 09:50:42,677 [org.apache.ratis.server.impl.LogAppender$AppenderDaemon$$Lambda$534/718542897@72cc89d3] WARN  server.GrpcLogAppender (GrpcLogAppender.java:mayWait(143)) - 836f8159-e543-401f-9399-0138340b8701@group-4AEF79AD514B->d74dfd8f-242e-45aa-8b2e-30d7f206e722-GrpcLogAppender: Wait interrupted by java.lang.InterruptedException
2019-10-15 09:50:42,676 [main] INFO  impl.PendingRequests (PendingRequests.java:sendNotLeaderResponses(202)) - 836f8159-e543-401f-9399-0138340b8701@group-4AEF79AD514B-PendingRequests: sendNotLeaderResponses
2019-10-15 09:50:42,677 [ForkJoinPool.commonPool-worker-0] INFO  impl.StateMachineUpdater (StateMachineUpdater.java:stopAndJoin(136)) - 41d350ce-3b0d-42cb-ac79-45ad784101b6@group-37E819F9FC5D-StateMachineUpdater: set stopIndex = 0
2019-10-15 09:50:42,676 [org.apache.ratis.server.impl.LogAppender$AppenderDaemon$$Lambda$534/718542897@7ca57a2e] WARN  server.GrpcLogAppender (GrpcLogAppender.java:mayWait(143)) - 836f8159-e543-401f-9399-0138340b8701@group-4AEF79AD514B->e970edca-b356-45da-9694-b2b3a315242e-GrpcLogAppender: Wait interrupted by java.lang.InterruptedException
2019-10-15 09:50:42,682 [ForkJoinPool.commonPool-worker-0] INFO  impl.RaftServerImpl (ServerState.java:close(387)) - 41d350ce-3b0d-42cb-ac79-45ad784101b6@group-37E819F9FC5D: closes. applyIndex: 0
2019-10-15 09:50:42,682 [main] INFO  impl.StateMachineUpdater (StateMachineUpdater.java:stopAndJoin(136)) - 836f8159-e543-401f-9399-0138340b8701@group-4AEF79AD514B-StateMachineUpdater: set stopIndex = 16
2019-10-15 09:50:42,682 [836f8159-e543-401f-9399-0138340b8701@group-4AEF79AD514B-StateMachineUpdater] INFO  ratis.ContainerStateMachine (ContainerStateMachine.java:takeSnapshot(294)) - group-4AEF79AD514B: Taking a snapshot at:(t:3, i:14) file /workdir/hadoop-ozone/integration-test/target/test-dir/MiniOzoneClusterImpl-45124f6e-3bdf-436f-a07d-bda8ed490d47/datanode-3/data/ratis/ebadc2b3-70f3-471c-b7d8-4aef79ad514b/sm/snapshot.3_14
2019-10-15 09:50:42,683 [41d350ce-3b0d-42cb-ac79-45ad784101b6@group-37E819F9FC5D-SegmentedRaftLogWorker] INFO  segmented.SegmentedRaftLogWorker (SegmentedRaftLogWorker.java:run(316)) - 41d350ce-3b0d-42cb-ac79-45ad784101b6@group-37E819F9FC5D-SegmentedRaftLogWorker was interrupted, exiting. There are 0 tasks remaining in the queue.
2019-10-15 09:50:42,685 [ForkJoinPool.commonPool-worker-0] INFO  segmented.SegmentedRaftLogWorker (SegmentedRaftLogWorker.java:close(224)) - 41d350ce-3b0d-42cb-ac79-45ad784101b6@group-37E819F9FC5D-SegmentedRaftLogWorker close()
2019-10-15 09:50:42,685 [grpc-default-executor-10] INFO  server.GrpcServerProtocolService (GrpcServerProtocolService.java:onCompleted(113)) - e970edca-b356-45da-9694-b2b3a315242e: Completed APPEND_ENTRIES, lastRequest: 836f8159-e543-401f-9399-0138340b8701->e970edca-b356-45da-9694-b2b3a315242e#25-t3, previous=(t:3, i:16), leaderCommit=16, initializing? false, entries: <empty>
2019-10-15 09:50:42,688 [ForkJoinPool.commonPool-worker-0] INFO  impl.RaftServerImpl (RaftServerImpl.java:lambda$shutdown$3(247)) - 41d350ce-3b0d-42cb-ac79-45ad784101b6@group-24B352F19AE2: shutdown
2019-10-15 09:50:42,689 [grpc-default-executor-10] INFO  server.GrpcLogAppender (GrpcLogAppender.java:onCompleted(293)) - 836f8159-e543-401f-9399-0138340b8701@group-4AEF79AD514B->e970edca-b356-45da-9694-b2b3a315242e-AppendLogResponseHandler: follower responses appendEntries COMPLETED
2019-10-15 09:50:42,689 [ForkJoinPool.commonPool-worker-0] INFO  util.JmxRegister (JmxRegister.java:unregister(73)) - Successfully un-registered JMX Bean with object name Ratis:service=RaftServer,group=group-24B352F19AE2,id=41d350ce-3b0d-42cb-ac79-45ad784101b6
2019-10-15 09:50:42,689 [ForkJoinPool.commonPool-worker-0] INFO  impl.RoleInfo (RoleInfo.java:shutdownFollowerState(121)) - 41d350ce-3b0d-42cb-ac79-45ad784101b6: shutdown FollowerState
2019-10-15 09:50:42,690 [ForkJoinPool.commonPool-worker-0] INFO  impl.StateMachineUpdater (StateMachineUpdater.java:stopAndJoin(136)) - 41d350ce-3b0d-42cb-ac79-45ad784101b6@group-24B352F19AE2-StateMachineUpdater: set stopIndex = 17
2019-10-15 09:50:42,690 [41d350ce-3b0d-42cb-ac79-45ad784101b6@group-24B352F19AE2-StateMachineUpdater] INFO  ratis.ContainerStateMachine (ContainerStateMachine.java:takeSnapshot(294)) - group-24B352F19AE2: Taking a snapshot at:(t:2, i:13) file /workdir/hadoop-ozone/integration-test/target/test-dir/MiniOzoneClusterImpl-45124f6e-3bdf-436f-a07d-bda8ed490d47/datanode-0/data/ratis/06cf893a-378b-4057-a66f-24b352f19ae2/sm/snapshot.2_13
2019-10-15 09:50:42,690 [Thread-3211] INFO  impl.FollowerState (FollowerState.java:run(117)) - 41d350ce-3b0d-42cb-ac79-45ad784101b6@group-24B352F19AE2-FollowerState was interrupted: java.lang.InterruptedException: sleep interrupted
2019-10-15 09:50:42,690 [grpc-default-executor-10] INFO  impl.FollowerInfo (FollowerInfo.java:lambda$new$0(51)) - 836f8159-e543-401f-9399-0138340b8701@group-4AEF79AD514B->e970edca-b356-45da-9694-b2b3a315242e: nextIndex: updateUnconditionally 17 -> 16
2019-10-15 09:50:42,698 [41d350ce-3b0d-42cb-ac79-45ad784101b6@group-24B352F19AE2-StateMachineUpdater] INFO  ratis.ContainerStateMachine (ContainerStateMachine.java:takeSnapshot(305)) - group-24B352F19AE2: Finished taking a snapshot at:(t:2, i:13) file:/workdir/hadoop-ozone/integration-test/target/test-dir/MiniOzoneClusterImpl-45124f6e-3bdf-436f-a07d-bda8ed490d47/datanode-0/data/ratis/06cf893a-378b-4057-a66f-24b352f19ae2/sm/snapshot.2_13 time:9
2019-10-15 09:50:42,698 [836f8159-e543-401f-9399-0138340b8701@group-4AEF79AD514B-StateMachineUpdater] INFO  ratis.ContainerStateMachine (ContainerStateMachine.java:takeSnapshot(305)) - group-4AEF79AD514B: Finished taking a snapshot at:(t:3, i:14) file:/workdir/hadoop-ozone/integration-test/target/test-dir/MiniOzoneClusterImpl-45124f6e-3bdf-436f-a07d-bda8ed490d47/datanode-3/data/ratis/ebadc2b3-70f3-471c-b7d8-4aef79ad514b/sm/snapshot.3_14 time:17
2019-10-15 09:50:42,699 [41d350ce-3b0d-42cb-ac79-45ad784101b6@group-24B352F19AE2-StateMachineUpdater] INFO  impl.StateMachineUpdater (StateMachineUpdater.java:takeSnapshot(269)) - 41d350ce-3b0d-42cb-ac79-45ad784101b6@group-24B352F19AE2-StateMachineUpdater: Took a snapshot at index 13
2019-10-15 09:50:42,699 [41d350ce-3b0d-42cb-ac79-45ad784101b6@group-24B352F19AE2-StateMachineUpdater] INFO  impl.StateMachineUpdater (StateMachineUpdater.java:lambda$new$0(84)) - 41d350ce-3b0d-42cb-ac79-45ad784101b6@group-24B352F19AE2-StateMachineUpdater: snapshotIndex: updateIncreasingly -1 -> 13
2019-10-15 09:50:42,699 [836f8159-e543-401f-9399-0138340b8701@group-4AEF79AD514B-StateMachineUpdater] INFO  impl.StateMachineUpdater (StateMachineUpdater.java:takeSnapshot(269)) - 836f8159-e543-401f-9399-0138340b8701@group-4AEF79AD514B-StateMachineUpdater: Took a snapshot at index 14
2019-10-15 09:50:42,699 [836f8159-e543-401f-9399-0138340b8701@group-4AEF79AD514B-StateMachineUpdater] INFO  impl.StateMachineUpdater (StateMachineUpdater.java:lambda$new$0(84)) - 836f8159-e543-401f-9399-0138340b8701@group-4AEF79AD514B-StateMachineUpdater: snapshotIndex: updateIncreasingly -1 -> 14
2019-10-15 09:50:42,699 [41d350ce-3b0d-42cb-ac79-45ad784101b6@group-24B352F19AE2-StateMachineUpdater] INFO  ratis.ContainerStateMachine (ContainerStateMachine.java:takeSnapshot(294)) - group-24B352F19AE2: Taking a snapshot at:(t:2, i:13) file /workdir/hadoop-ozone/integration-test/target/test-dir/MiniOzoneClusterImpl-45124f6e-3bdf-436f-a07d-bda8ed490d47/datanode-0/data/ratis/06cf893a-378b-4057-a66f-24b352f19ae2/sm/snapshot.2_13
2019-10-15 09:50:42,699 [836f8159-e543-401f-9399-0138340b8701@group-4AEF79AD514B-StateMachineUpdater] INFO  ratis.ContainerStateMachine (ContainerStateMachine.java:takeSnapshot(294)) - group-4AEF79AD514B: Taking a snapshot at:(t:3, i:14) file /workdir/hadoop-ozone/integration-test/target/test-dir/MiniOzoneClusterImpl-45124f6e-3bdf-436f-a07d-bda8ed490d47/datanode-3/data/ratis/ebadc2b3-70f3-471c-b7d8-4aef79ad514b/sm/snapshot.3_14
2019-10-15 09:50:42,713 [836f8159-e543-401f-9399-0138340b8701@group-4AEF79AD514B-StateMachineUpdater] INFO  ratis.ContainerStateMachine (ContainerStateMachine.java:takeSnapshot(305)) - group-4AEF79AD514B: Finished taking a snapshot at:(t:3, i:14) file:/workdir/hadoop-ozone/integration-test/target/test-dir/MiniOzoneClusterImpl-45124f6e-3bdf-436f-a07d-bda8ed490d47/datanode-3/data/ratis/ebadc2b3-70f3-471c-b7d8-4aef79ad514b/sm/snapshot.3_14 time:14
2019-10-15 09:50:42,713 [41d350ce-3b0d-42cb-ac79-45ad784101b6@group-24B352F19AE2-StateMachineUpdater] INFO  ratis.ContainerStateMachine (ContainerStateMachine.java:takeSnapshot(305)) - group-24B352F19AE2: Finished taking a snapshot at:(t:2, i:13) file:/workdir/hadoop-ozone/integration-test/target/test-dir/MiniOzoneClusterImpl-45124f6e-3bdf-436f-a07d-bda8ed490d47/datanode-0/data/ratis/06cf893a-378b-4057-a66f-24b352f19ae2/sm/snapshot.2_13 time:14
2019-10-15 09:50:42,714 [836f8159-e543-401f-9399-0138340b8701@group-4AEF79AD514B-StateMachineUpdater] INFO  impl.StateMachineUpdater (StateMachineUpdater.java:takeSnapshot(269)) - 836f8159-e543-401f-9399-0138340b8701@group-4AEF79AD514B-StateMachineUpdater: Took a snapshot at index 14
2019-10-15 09:50:42,714 [836f8159-e543-401f-9399-0138340b8701@group-4AEF79AD514B-StateMachineUpdater] INFO  impl.StateMachineUpdater (StateMachineUpdater.java:lambda$new$0(84)) - 836f8159-e543-401f-9399-0138340b8701@group-4AEF79AD514B-StateMachineUpdater: snapshotIndex: updateIncreasingly 14 -> 14
2019-10-15 09:50:42,714 [41d350ce-3b0d-42cb-ac79-45ad784101b6@group-24B352F19AE2-StateMachineUpdater] INFO  impl.StateMachineUpdater (StateMachineUpdater.java:takeSnapshot(269)) - 41d350ce-3b0d-42cb-ac79-45ad784101b6@group-24B352F19AE2-StateMachineUpdater: Took a snapshot at index 13
2019-10-15 09:50:42,714 [main] INFO  impl.RaftServerImpl (ServerState.java:close(387)) - 836f8159-e543-401f-9399-0138340b8701@group-4AEF79AD514B: closes. applyIndex: 16
2019-10-15 09:50:42,714 [41d350ce-3b0d-42cb-ac79-45ad784101b6@group-24B352F19AE2-StateMachineUpdater] INFO  impl.StateMachineUpdater (StateMachineUpdater.java:lambda$new$0(84)) - 41d350ce-3b0d-42cb-ac79-45ad784101b6@group-24B352F19AE2-StateMachineUpdater: snapshotIndex: updateIncreasingly 13 -> 13
2019-10-15 09:50:42,715 [836f8159-e543-401f-9399-0138340b8701@group-4AEF79AD514B-SegmentedRaftLogWorker] INFO  segmented.SegmentedRaftLogWorker (SegmentedRaftLogWorker.java:run(316)) - 836f8159-e543-401f-9399-0138340b8701@group-4AEF79AD514B-SegmentedRaftLogWorker was interrupted, exiting. There are 0 tasks remaining in the queue.
2019-10-15 09:50:42,715 [ForkJoinPool.commonPool-worker-0] INFO  impl.RaftServerImpl (ServerState.java:close(387)) - 41d350ce-3b0d-42cb-ac79-45ad784101b6@group-24B352F19AE2: closes. applyIndex: 17
2019-10-15 09:50:42,717 [main] INFO  segmented.SegmentedRaftLogWorker (SegmentedRaftLogWorker.java:close(224)) - 836f8159-e543-401f-9399-0138340b8701@group-4AEF79AD514B-SegmentedRaftLogWorker close()
2019-10-15 09:50:42,717 [41d350ce-3b0d-42cb-ac79-45ad784101b6@group-24B352F19AE2-SegmentedRaftLogWorker] INFO  segmented.SegmentedRaftLogWorker (SegmentedRaftLogWorker.java:run(316)) - 41d350ce-3b0d-42cb-ac79-45ad784101b6@group-24B352F19AE2-SegmentedRaftLogWorker was interrupted, exiting. There are 0 tasks remaining in the queue.
2019-10-15 09:50:42,721 [main] INFO  impl.RaftServerImpl (RaftServerImpl.java:lambda$shutdown$3(247)) - 836f8159-e543-401f-9399-0138340b8701@group-463D89783144: shutdown
2019-10-15 09:50:42,722 [ForkJoinPool.commonPool-worker-0] INFO  segmented.SegmentedRaftLogWorker (SegmentedRaftLogWorker.java:close(224)) - 41d350ce-3b0d-42cb-ac79-45ad784101b6@group-24B352F19AE2-SegmentedRaftLogWorker close()
2019-10-15 09:50:42,723 [main] INFO  util.JmxRegister (JmxRegister.java:unregister(73)) - Successfully un-registered JMX Bean with object name Ratis:service=RaftServer,group=group-463D89783144,id=836f8159-e543-401f-9399-0138340b8701
2019-10-15 09:50:42,726 [main] INFO  impl.RoleInfo (RoleInfo.java:shutdownLeaderState(104)) - 836f8159-e543-401f-9399-0138340b8701: shutdown LeaderState
2019-10-15 09:50:42,726 [ForkJoinPool.commonPool-worker-0] INFO  server.GrpcService (GrpcService.java:closeImpl(164)) - 41d350ce-3b0d-42cb-ac79-45ad784101b6: shutdown server with port 34126 now
2019-10-15 09:50:42,727 [main] INFO  impl.PendingRequests (PendingRequests.java:sendNotLeaderResponses(202)) - 836f8159-e543-401f-9399-0138340b8701@group-463D89783144-PendingRequests: sendNotLeaderResponses
2019-10-15 09:50:42,727 [ForkJoinPool.commonPool-worker-0] INFO  server.GrpcService (GrpcService.java:closeImpl(172)) - 41d350ce-3b0d-42cb-ac79-45ad784101b6: shutdown server with port 34126 successfully
2019-10-15 09:50:42,728 [main] INFO  impl.StateMachineUpdater (StateMachineUpdater.java:stopAndJoin(136)) - 836f8159-e543-401f-9399-0138340b8701@group-463D89783144-StateMachineUpdater: set stopIndex = 0
2019-10-15 09:50:42,728 [main] INFO  impl.RaftServerImpl (ServerState.java:close(387)) - 836f8159-e543-401f-9399-0138340b8701@group-463D89783144: closes. applyIndex: 0
2019-10-15 09:50:42,729 [836f8159-e543-401f-9399-0138340b8701@group-463D89783144-SegmentedRaftLogWorker] INFO  segmented.SegmentedRaftLogWorker (SegmentedRaftLogWorker.java:run(316)) - 836f8159-e543-401f-9399-0138340b8701@group-463D89783144-SegmentedRaftLogWorker was interrupted, exiting. There are 0 tasks remaining in the queue.
2019-10-15 09:50:42,731 [main] INFO  segmented.SegmentedRaftLogWorker (SegmentedRaftLogWorker.java:close(224)) - 836f8159-e543-401f-9399-0138340b8701@group-463D89783144-SegmentedRaftLogWorker close()
2019-10-15 09:50:42,744 [main] INFO  server.GrpcService (GrpcService.java:closeImpl(164)) - 836f8159-e543-401f-9399-0138340b8701: shutdown server with port 40774 now
2019-10-15 09:50:42,744 [EventQueue-StaleNodeForStaleNodeHandler] INFO  node.StaleNodeHandler (StaleNodeHandler.java:onMessage(58)) - Datanode 41d350ce-3b0d-42cb-ac79-45ad784101b6{ip: 192.168.69.65, host: dev-nightly-20191015-lc69l-4092513605, networkLocation: /default-rack, certSerialId: null} moved to stale state. Finalizing its pipelines [PipelineID=800a1ce2-3bd4-4fc5-b4b6-37e819f9fc5d, PipelineID=06cf893a-378b-4057-a66f-24b352f19ae2]
2019-10-15 09:50:42,744 [EventQueue-StaleNodeForStaleNodeHandler] INFO  pipeline.SCMPipelineManager (SCMPipelineManager.java:finalizeAndDestroyPipeline(315)) - destroying pipeline:Pipeline[ Id: 800a1ce2-3bd4-4fc5-b4b6-37e819f9fc5d, Nodes: 41d350ce-3b0d-42cb-ac79-45ad784101b6{ip: 192.168.69.65, host: dev-nightly-20191015-lc69l-4092513605, networkLocation: /default-rack, certSerialId: null}, Type:RATIS, Factor:ONE, State:OPEN]
2019-10-15 09:50:42,745 [EventQueue-StaleNodeForStaleNodeHandler] INFO  pipeline.PipelineStateManager (PipelineStateManager.java:finalizePipeline(123)) - Pipeline Pipeline[ Id: 800a1ce2-3bd4-4fc5-b4b6-37e819f9fc5d, Nodes: 41d350ce-3b0d-42cb-ac79-45ad784101b6{ip: 192.168.69.65, host: dev-nightly-20191015-lc69l-4092513605, networkLocation: /default-rack, certSerialId: null}, Type:RATIS, Factor:ONE, State:CLOSED] moved to CLOSED state
2019-10-15 09:50:42,745 [EventQueue-StaleNodeForStaleNodeHandler] INFO  pipeline.SCMPipelineManager (SCMPipelineManager.java:finalizeAndDestroyPipeline(315)) - destroying pipeline:Pipeline[ Id: 06cf893a-378b-4057-a66f-24b352f19ae2, Nodes: 4591bcc6-b20c-4f7c-8784-c3850556b9a1{ip: 192.168.69.65, host: dev-nightly-20191015-lc69l-4092513605, networkLocation: /default-rack, certSerialId: null}63a63ab0-f006-4512-94a0-906e790af962{ip: 192.168.69.65, host: dev-nightly-20191015-lc69l-4092513605, networkLocation: /default-rack, certSerialId: null}41d350ce-3b0d-42cb-ac79-45ad784101b6{ip: 192.168.69.65, host: dev-nightly-20191015-lc69l-4092513605, networkLocation: /default-rack, certSerialId: null}, Type:RATIS, Factor:THREE, State:CLOSED]
2019-10-15 09:50:42,745 [grpc-default-executor-5] WARN  client.GrpcClientProtocolService (LogUtils.java:warn(134)) - 1-UnorderedRequestStreamObserver1: onError: org.apache.ratis.thirdparty.io.grpc.StatusRuntimeException: CANCELLED: cancelled before receiving half close
2019-10-15 09:50:42,745 [main] INFO  server.GrpcService (GrpcService.java:closeImpl(172)) - 836f8159-e543-401f-9399-0138340b8701: shutdown server with port 40774 successfully
2019-10-15 09:50:42,745 [refreshUsed-/workdir/hadoop-ozone/integration-test/target/test-dir/MiniOzoneClusterImpl-45124f6e-3bdf-436f-a07d-bda8ed490d47/datanode-0/data/containers] WARN  fs.CachingGetSpaceUsed (CachingGetSpaceUsed.java:run(183)) - Thread Interrupted waiting to refresh disk information: sleep interrupted
2019-10-15 09:50:42,753 [refreshUsed-/workdir/hadoop-ozone/integration-test/target/test-dir/MiniOzoneClusterImpl-45124f6e-3bdf-436f-a07d-bda8ed490d47/datanode-3/data/containers] WARN  fs.CachingGetSpaceUsed (CachingGetSpaceUsed.java:run(183)) - Thread Interrupted waiting to refresh disk information: sleep interrupted
2019-10-15 09:50:42,773 [main] INFO  utils.BackgroundService (BackgroundService.java:shutdown(151)) - Shutting down service BlockDeletingService
2019-10-15 09:50:42,777 [main] INFO  statemachine.DatanodeStateMachine (DatanodeStateMachine.java:stopDaemon(395)) - Ozone container server stopped.
2019-10-15 09:50:42,777 [ForkJoinPool.commonPool-worker-0] INFO  utils.BackgroundService (BackgroundService.java:shutdown(151)) - Shutting down service BlockDeletingService
2019-10-15 09:50:42,781 [ForkJoinPool.commonPool-worker-0] INFO  statemachine.DatanodeStateMachine (DatanodeStateMachine.java:stopDaemon(395)) - Ozone container server stopped.
2019-10-15 09:50:42,803 [main] INFO  handler.ContextHandler (ContextHandler.java:doStop(910)) - Stopped o.e.j.w.WebAppContext@29c53c4f{/,null,UNAVAILABLE}{/hddsDatanode}
2019-10-15 09:50:42,803 [ForkJoinPool.commonPool-worker-0] INFO  handler.ContextHandler (ContextHandler.java:doStop(910)) - Stopped o.e.j.w.WebAppContext@231cdda8{/,null,UNAVAILABLE}{/hddsDatanode}
2019-10-15 09:50:42,804 [main] INFO  server.AbstractConnector (AbstractConnector.java:doStop(318)) - Stopped ServerConnector@3009eed7{HTTP/1.1,[http/1.1]}{0.0.0.0:0}
2019-10-15 09:50:42,804 [ForkJoinPool.commonPool-worker-0] INFO  server.AbstractConnector (AbstractConnector.java:doStop(318)) - Stopped ServerConnector@6b70d1fb{HTTP/1.1,[http/1.1]}{0.0.0.0:0}
2019-10-15 09:50:42,805 [main] INFO  handler.ContextHandler (ContextHandler.java:doStop(910)) - Stopped o.e.j.s.ServletContextHandler@39c87b42{/static,jar:file:/home/user/.m2/repository/org/apache/hadoop/hadoop-hdds-container-service/0.5.0-SNAPSHOT/hadoop-hdds-container-service-0.5.0-SNAPSHOT.jar!/webapps/static,UNAVAILABLE}
2019-10-15 09:50:42,806 [ForkJoinPool.commonPool-worker-0] INFO  handler.ContextHandler (ContextHandler.java:doStop(910)) - Stopped o.e.j.s.ServletContextHandler@17c4dc5b{/static,jar:file:/home/user/.m2/repository/org/apache/hadoop/hadoop-hdds-container-service/0.5.0-SNAPSHOT/hadoop-hdds-container-service-0.5.0-SNAPSHOT.jar!/webapps/static,UNAVAILABLE}
2019-10-15 09:50:42,807 [main] INFO  handler.ContextHandler (ContextHandler.java:doStop(910)) - Stopped o.e.j.s.ServletContextHandler@234cd86c{/logs,file:///workdir/hadoop-ozone/integration-test/target/log,UNAVAILABLE}
2019-10-15 09:50:42,808 [ForkJoinPool.commonPool-worker-0] INFO  handler.ContextHandler (ContextHandler.java:doStop(910)) - Stopped o.e.j.s.ServletContextHandler@37d28938{/logs,file:///workdir/hadoop-ozone/integration-test/target/log,UNAVAILABLE}
2019-10-15 09:50:43,282 [Datanode State Machine Thread - 0] INFO  statemachine.DatanodeStateMachine (DatanodeStateMachine.java:lambda$startDaemon$0(350)) - Ozone container server started.
2019-10-15 09:50:43,299 [Datanode State Machine Thread - 0] INFO  statemachine.DatanodeStateMachine (DatanodeStateMachine.java:lambda$startDaemon$0(350)) - Ozone container server started.
2019-10-15 09:50:47,352 [EventQueue-StaleNodeForStaleNodeHandler] INFO  node.StaleNodeHandler (StaleNodeHandler.java:onMessage(58)) - Datanode 52ddf7fd-87e1-4ea0-aa56-7b4c8c1cd600{ip: 192.168.69.65, host: dev-nightly-20191015-lc69l-4092513605, networkLocation: /default-rack, certSerialId: null} moved to stale state. Finalizing its pipelines []
2019-10-15 09:50:47,353 [EventQueue-StaleNodeForStaleNodeHandler] INFO  node.StaleNodeHandler (StaleNodeHandler.java:onMessage(58)) - Datanode e970edca-b356-45da-9694-b2b3a315242e{ip: 192.168.69.65, host: dev-nightly-20191015-lc69l-4092513605, networkLocation: /default-rack, certSerialId: null} moved to stale state. Finalizing its pipelines [PipelineID=ebadc2b3-70f3-471c-b7d8-4aef79ad514b, PipelineID=7ec317da-3102-4893-bc4f-4aeef322d44e]
2019-10-15 09:50:47,354 [EventQueue-StaleNodeForStaleNodeHandler] INFO  pipeline.SCMPipelineManager (SCMPipelineManager.java:finalizeAndDestroyPipeline(315)) - destroying pipeline:Pipeline[ Id: ebadc2b3-70f3-471c-b7d8-4aef79ad514b, Nodes: 836f8159-e543-401f-9399-0138340b8701{ip: 192.168.69.65, host: dev-nightly-20191015-lc69l-4092513605, networkLocation: /default-rack, certSerialId: null}e970edca-b356-45da-9694-b2b3a315242e{ip: 192.168.69.65, host: dev-nightly-20191015-lc69l-4092513605, networkLocation: /default-rack, certSerialId: null}d74dfd8f-242e-45aa-8b2e-30d7f206e722{ip: 192.168.69.65, host: dev-nightly-20191015-lc69l-4092513605, networkLocation: /default-rack, certSerialId: null}, Type:RATIS, Factor:THREE, State:CLOSED]
2019-10-15 09:50:47,355 [EventQueue-StaleNodeForStaleNodeHandler] INFO  pipeline.SCMPipelineManager (SCMPipelineManager.java:finalizeAndDestroyPipeline(315)) - destroying pipeline:Pipeline[ Id: 7ec317da-3102-4893-bc4f-4aeef322d44e, Nodes: e970edca-b356-45da-9694-b2b3a315242e{ip: 192.168.69.65, host: dev-nightly-20191015-lc69l-4092513605, networkLocation: /default-rack, certSerialId: null}, Type:RATIS, Factor:ONE, State:OPEN]
2019-10-15 09:50:47,356 [EventQueue-StaleNodeForStaleNodeHandler] INFO  pipeline.PipelineStateManager (PipelineStateManager.java:finalizePipeline(123)) - Pipeline Pipeline[ Id: 7ec317da-3102-4893-bc4f-4aeef322d44e, Nodes: e970edca-b356-45da-9694-b2b3a315242e{ip: 192.168.69.65, host: dev-nightly-20191015-lc69l-4092513605, networkLocation: /default-rack, certSerialId: null}, Type:RATIS, Factor:ONE, State:CLOSED] moved to CLOSED state
2019-10-15 09:50:47,811 [ForkJoinPool.commonPool-worker-0] INFO  ozoneimpl.OzoneContainer (OzoneContainer.java:stop(227)) - Attempting to stop container services.
2019-10-15 09:50:47,811 [main] INFO  ozoneimpl.OzoneContainer (OzoneContainer.java:stop(227)) - Attempting to stop container services.
2019-10-15 09:50:47,814 [ForkJoinPool.commonPool-worker-0] INFO  impl.RaftServerProxy (RaftServerProxy.java:lambda$close$4(314)) - e970edca-b356-45da-9694-b2b3a315242e: close
2019-10-15 09:50:47,815 [main] INFO  impl.RaftServerProxy (RaftServerProxy.java:lambda$close$4(314)) - 52ddf7fd-87e1-4ea0-aa56-7b4c8c1cd600: close
2019-10-15 09:50:47,817 [ForkJoinPool.commonPool-worker-0] INFO  impl.RaftServerImpl (RaftServerImpl.java:lambda$shutdown$3(247)) - e970edca-b356-45da-9694-b2b3a315242e@group-4AEF79AD514B: shutdown
2019-10-15 09:50:47,817 [main] INFO  server.GrpcService (GrpcService.java:closeImpl(164)) - 52ddf7fd-87e1-4ea0-aa56-7b4c8c1cd600: shutdown server with port 46774 now
2019-10-15 09:50:47,817 [ForkJoinPool.commonPool-worker-0] INFO  util.JmxRegister (JmxRegister.java:unregister(73)) - Successfully un-registered JMX Bean with object name Ratis:service=RaftServer,group=group-4AEF79AD514B,id=e970edca-b356-45da-9694-b2b3a315242e
2019-10-15 09:50:47,818 [ForkJoinPool.commonPool-worker-0] INFO  impl.RoleInfo (RoleInfo.java:shutdownFollowerState(121)) - e970edca-b356-45da-9694-b2b3a315242e: shutdown FollowerState
2019-10-15 09:50:47,818 [ForkJoinPool.commonPool-worker-0] INFO  impl.StateMachineUpdater (StateMachineUpdater.java:stopAndJoin(136)) - e970edca-b356-45da-9694-b2b3a315242e@group-4AEF79AD514B-StateMachineUpdater: set stopIndex = 16
2019-10-15 09:50:47,818 [Thread-3083] INFO  impl.FollowerState (FollowerState.java:run(117)) - e970edca-b356-45da-9694-b2b3a315242e@group-4AEF79AD514B-FollowerState was interrupted: java.lang.InterruptedException: sleep interrupted
2019-10-15 09:50:47,818 [main] INFO  server.GrpcService (GrpcService.java:closeImpl(172)) - 52ddf7fd-87e1-4ea0-aa56-7b4c8c1cd600: shutdown server with port 46774 successfully
2019-10-15 09:50:47,820 [e970edca-b356-45da-9694-b2b3a315242e@group-4AEF79AD514B-StateMachineUpdater] INFO  ratis.ContainerStateMachine (ContainerStateMachine.java:takeSnapshot(294)) - group-4AEF79AD514B: Taking a snapshot at:(t:3, i:14) file /workdir/hadoop-ozone/integration-test/target/test-dir/MiniOzoneClusterImpl-45124f6e-3bdf-436f-a07d-bda8ed490d47/datanode-5/data/ratis/ebadc2b3-70f3-471c-b7d8-4aef79ad514b/sm/snapshot.3_14
2019-10-15 09:50:47,834 [refreshUsed-/workdir/hadoop-ozone/integration-test/target/test-dir/MiniOzoneClusterImpl-45124f6e-3bdf-436f-a07d-bda8ed490d47/datanode-6/data/containers] WARN  fs.CachingGetSpaceUsed (CachingGetSpaceUsed.java:run(183)) - Thread Interrupted waiting to refresh disk information: sleep interrupted
2019-10-15 09:50:47,836 [e970edca-b356-45da-9694-b2b3a315242e@group-4AEF79AD514B-StateMachineUpdater] INFO  ratis.ContainerStateMachine (ContainerStateMachine.java:takeSnapshot(305)) - group-4AEF79AD514B: Finished taking a snapshot at:(t:3, i:14) file:/workdir/hadoop-ozone/integration-test/target/test-dir/MiniOzoneClusterImpl-45124f6e-3bdf-436f-a07d-bda8ed490d47/datanode-5/data/ratis/ebadc2b3-70f3-471c-b7d8-4aef79ad514b/sm/snapshot.3_14 time:18
2019-10-15 09:50:47,837 [e970edca-b356-45da-9694-b2b3a315242e@group-4AEF79AD514B-StateMachineUpdater] INFO  impl.StateMachineUpdater (StateMachineUpdater.java:takeSnapshot(269)) - e970edca-b356-45da-9694-b2b3a315242e@group-4AEF79AD514B-StateMachineUpdater: Took a snapshot at index 14
2019-10-15 09:50:47,838 [e970edca-b356-45da-9694-b2b3a315242e@group-4AEF79AD514B-StateMachineUpdater] INFO  impl.StateMachineUpdater (StateMachineUpdater.java:lambda$new$0(84)) - e970edca-b356-45da-9694-b2b3a315242e@group-4AEF79AD514B-StateMachineUpdater: snapshotIndex: updateIncreasingly -1 -> 14
2019-10-15 09:50:47,839 [e970edca-b356-45da-9694-b2b3a315242e@group-4AEF79AD514B-StateMachineUpdater] INFO  ratis.ContainerStateMachine (ContainerStateMachine.java:takeSnapshot(294)) - group-4AEF79AD514B: Taking a snapshot at:(t:3, i:14) file /workdir/hadoop-ozone/integration-test/target/test-dir/MiniOzoneClusterImpl-45124f6e-3bdf-436f-a07d-bda8ed490d47/datanode-5/data/ratis/ebadc2b3-70f3-471c-b7d8-4aef79ad514b/sm/snapshot.3_14
2019-10-15 09:50:47,850 [e970edca-b356-45da-9694-b2b3a315242e@group-4AEF79AD514B-StateMachineUpdater] INFO  ratis.ContainerStateMachine (ContainerStateMachine.java:takeSnapshot(305)) - group-4AEF79AD514B: Finished taking a snapshot at:(t:3, i:14) file:/workdir/hadoop-ozone/integration-test/target/test-dir/MiniOzoneClusterImpl-45124f6e-3bdf-436f-a07d-bda8ed490d47/datanode-5/data/ratis/ebadc2b3-70f3-471c-b7d8-4aef79ad514b/sm/snapshot.3_14 time:12
2019-10-15 09:50:47,851 [e970edca-b356-45da-9694-b2b3a315242e@group-4AEF79AD514B-StateMachineUpdater] INFO  impl.StateMachineUpdater (StateMachineUpdater.java:takeSnapshot(269)) - e970edca-b356-45da-9694-b2b3a315242e@group-4AEF79AD514B-StateMachineUpdater: Took a snapshot at index 14
2019-10-15 09:50:47,851 [e970edca-b356-45da-9694-b2b3a315242e@group-4AEF79AD514B-StateMachineUpdater] INFO  impl.StateMachineUpdater (StateMachineUpdater.java:lambda$new$0(84)) - e970edca-b356-45da-9694-b2b3a315242e@group-4AEF79AD514B-StateMachineUpdater: snapshotIndex: updateIncreasingly 14 -> 14
2019-10-15 09:50:47,851 [ForkJoinPool.commonPool-worker-0] INFO  impl.RaftServerImpl (ServerState.java:close(387)) - e970edca-b356-45da-9694-b2b3a315242e@group-4AEF79AD514B: closes. applyIndex: 16
2019-10-15 09:50:47,852 [e970edca-b356-45da-9694-b2b3a315242e@group-4AEF79AD514B-SegmentedRaftLogWorker] INFO  segmented.SegmentedRaftLogWorker (SegmentedRaftLogWorker.java:run(316)) - e970edca-b356-45da-9694-b2b3a315242e@group-4AEF79AD514B-SegmentedRaftLogWorker was interrupted, exiting. There are 0 tasks remaining in the queue.
2019-10-15 09:50:47,853 [ForkJoinPool.commonPool-worker-0] INFO  segmented.SegmentedRaftLogWorker (SegmentedRaftLogWorker.java:close(224)) - e970edca-b356-45da-9694-b2b3a315242e@group-4AEF79AD514B-SegmentedRaftLogWorker close()
2019-10-15 09:50:47,854 [ForkJoinPool.commonPool-worker-0] INFO  impl.RaftServerImpl (RaftServerImpl.java:lambda$shutdown$3(247)) - e970edca-b356-45da-9694-b2b3a315242e@group-4AEEF322D44E: shutdown
2019-10-15 09:50:47,855 [ForkJoinPool.commonPool-worker-0] INFO  util.JmxRegister (JmxRegister.java:unregister(73)) - Successfully un-registered JMX Bean with object name Ratis:service=RaftServer,group=group-4AEEF322D44E,id=e970edca-b356-45da-9694-b2b3a315242e
2019-10-15 09:50:47,855 [ForkJoinPool.commonPool-worker-0] INFO  impl.RoleInfo (RoleInfo.java:shutdownLeaderState(104)) - e970edca-b356-45da-9694-b2b3a315242e: shutdown LeaderState
2019-10-15 09:50:47,855 [ForkJoinPool.commonPool-worker-0] INFO  impl.PendingRequests (PendingRequests.java:sendNotLeaderResponses(202)) - e970edca-b356-45da-9694-b2b3a315242e@group-4AEEF322D44E-PendingRequests: sendNotLeaderResponses
2019-10-15 09:50:47,856 [ForkJoinPool.commonPool-worker-0] INFO  impl.StateMachineUpdater (StateMachineUpdater.java:stopAndJoin(136)) - e970edca-b356-45da-9694-b2b3a315242e@group-4AEEF322D44E-StateMachineUpdater: set stopIndex = 0
2019-10-15 09:50:47,856 [ForkJoinPool.commonPool-worker-0] INFO  impl.RaftServerImpl (ServerState.java:close(387)) - e970edca-b356-45da-9694-b2b3a315242e@group-4AEEF322D44E: closes. applyIndex: 0
2019-10-15 09:50:47,856 [main] INFO  utils.BackgroundService (BackgroundService.java:shutdown(151)) - Shutting down service BlockDeletingService
2019-10-15 09:50:47,857 [e970edca-b356-45da-9694-b2b3a315242e@group-4AEEF322D44E-SegmentedRaftLogWorker] INFO  segmented.SegmentedRaftLogWorker (SegmentedRaftLogWorker.java:run(316)) - e970edca-b356-45da-9694-b2b3a315242e@group-4AEEF322D44E-SegmentedRaftLogWorker was interrupted, exiting. There are 0 tasks remaining in the queue.
2019-10-15 09:50:47,857 [ForkJoinPool.commonPool-worker-0] INFO  segmented.SegmentedRaftLogWorker (SegmentedRaftLogWorker.java:close(224)) - e970edca-b356-45da-9694-b2b3a315242e@group-4AEEF322D44E-SegmentedRaftLogWorker close()
2019-10-15 09:50:47,860 [ForkJoinPool.commonPool-worker-0] INFO  server.GrpcService (GrpcService.java:closeImpl(164)) - e970edca-b356-45da-9694-b2b3a315242e: shutdown server with port 45960 now
2019-10-15 09:50:47,862 [main] INFO  statemachine.DatanodeStateMachine (DatanodeStateMachine.java:stopDaemon(395)) - Ozone container server stopped.
2019-10-15 09:50:47,863 [ForkJoinPool.commonPool-worker-0] INFO  server.GrpcService (GrpcService.java:closeImpl(172)) - e970edca-b356-45da-9694-b2b3a315242e: shutdown server with port 45960 successfully
2019-10-15 09:50:47,865 [main] INFO  handler.ContextHandler (ContextHandler.java:doStop(910)) - Stopped o.e.j.w.WebAppContext@1edfedf1{/,null,UNAVAILABLE}{/hddsDatanode}
2019-10-15 09:50:47,865 [refreshUsed-/workdir/hadoop-ozone/integration-test/target/test-dir/MiniOzoneClusterImpl-45124f6e-3bdf-436f-a07d-bda8ed490d47/datanode-5/data/containers] WARN  fs.CachingGetSpaceUsed (CachingGetSpaceUsed.java:run(183)) - Thread Interrupted waiting to refresh disk information: sleep interrupted
2019-10-15 09:50:47,868 [main] INFO  server.AbstractConnector (AbstractConnector.java:doStop(318)) - Stopped ServerConnector@251a90ce{HTTP/1.1,[http/1.1]}{0.0.0.0:0}
2019-10-15 09:50:47,869 [main] INFO  handler.ContextHandler (ContextHandler.java:doStop(910)) - Stopped o.e.j.s.ServletContextHandler@26b3c9a2{/static,jar:file:/home/user/.m2/repository/org/apache/hadoop/hadoop-hdds-container-service/0.5.0-SNAPSHOT/hadoop-hdds-container-service-0.5.0-SNAPSHOT.jar!/webapps/static,UNAVAILABLE}
2019-10-15 09:50:47,871 [main] INFO  handler.ContextHandler (ContextHandler.java:doStop(910)) - Stopped o.e.j.s.ServletContextHandler@578c3fd9{/logs,file:///workdir/hadoop-ozone/integration-test/target/log,UNAVAILABLE}
2019-10-15 09:50:47,883 [ForkJoinPool.commonPool-worker-0] INFO  utils.BackgroundService (BackgroundService.java:shutdown(151)) - Shutting down service BlockDeletingService
2019-10-15 09:50:47,886 [ForkJoinPool.commonPool-worker-0] INFO  statemachine.DatanodeStateMachine (DatanodeStateMachine.java:stopDaemon(395)) - Ozone container server stopped.
2019-10-15 09:50:47,889 [ForkJoinPool.commonPool-worker-0] INFO  handler.ContextHandler (ContextHandler.java:doStop(910)) - Stopped o.e.j.w.WebAppContext@54f6b629{/,null,UNAVAILABLE}{/hddsDatanode}
2019-10-15 09:50:47,890 [ForkJoinPool.commonPool-worker-0] INFO  server.AbstractConnector (AbstractConnector.java:doStop(318)) - Stopped ServerConnector@4bc9ca97{HTTP/1.1,[http/1.1]}{0.0.0.0:0}
2019-10-15 09:50:47,891 [ForkJoinPool.commonPool-worker-0] INFO  handler.ContextHandler (ContextHandler.java:doStop(910)) - Stopped o.e.j.s.ServletContextHandler@723742b2{/static,jar:file:/home/user/.m2/repository/org/apache/hadoop/hadoop-hdds-container-service/0.5.0-SNAPSHOT/hadoop-hdds-container-service-0.5.0-SNAPSHOT.jar!/webapps/static,UNAVAILABLE}
2019-10-15 09:50:47,892 [ForkJoinPool.commonPool-worker-0] INFO  handler.ContextHandler (ContextHandler.java:doStop(910)) - Stopped o.e.j.s.ServletContextHandler@629075f4{/logs,file:///workdir/hadoop-ozone/integration-test/target/log,UNAVAILABLE}
2019-10-15 09:50:47,893 [main] INFO  ozone.MiniOzoneClusterImpl (MiniOzoneClusterImpl.java:stopSCM(392)) - Stopping the StorageContainerManager
2019-10-15 09:50:47,893 [main] INFO  server.StorageContainerManager (StorageContainerManager.java:stop(810)) - Stopping Replication Manager Service.
2019-10-15 09:50:47,893 [main] INFO  container.ReplicationManager (ReplicationManager.java:stop(203)) - Stopping Replication Monitor Thread.
2019-10-15 09:50:47,894 [main] INFO  server.StorageContainerManager (StorageContainerManager.java:stop(817)) - Stopping Lease Manager of the command watchers
2019-10-15 09:50:47,894 [main] INFO  server.StorageContainerManager (StorageContainerManager.java:stop(824)) - Stopping datanode service RPC server
2019-10-15 09:50:47,894 [main] INFO  server.SCMDatanodeProtocolServer (SCMDatanodeProtocolServer.java:stop(346)) - Stopping the RPC server for DataNodes
2019-10-15 09:50:47,894 [main] INFO  ipc.Server (Server.java:stop(3082)) - Stopping server on 41585
2019-10-15 09:50:47,896 [IPC Server listener on 41585] INFO  ipc.Server (Server.java:run(1185)) - Stopping IPC Server listener on 41585
2019-10-15 09:50:47,896 [IPC Server Responder] INFO  ipc.Server (Server.java:run(1319)) - Stopping IPC Server Responder
2019-10-15 09:50:47,952 [SCM Heartbeat Processing Thread - 0] WARN  node.NodeStateManager (NodeStateManager.java:scheduleNextHealthCheck(646)) - Current Thread is interrupted, shutting down HB processing thread for Node Manager.
2019-10-15 09:50:47,952 [main] INFO  server.StorageContainerManager (StorageContainerManager.java:stop(832)) - Stopping block service RPC server
2019-10-15 09:50:47,952 [main] INFO  server.SCMBlockProtocolServer (SCMBlockProtocolServer.java:stop(155)) - Stopping the RPC server for Block Protocol
2019-10-15 09:50:47,952 [main] INFO  ipc.Server (Server.java:stop(3082)) - Stopping server on 33493
2019-10-15 09:50:47,954 [IPC Server listener on 33493] INFO  ipc.Server (Server.java:run(1185)) - Stopping IPC Server listener on 33493
2019-10-15 09:50:47,955 [main] INFO  server.StorageContainerManager (StorageContainerManager.java:stop(839)) - Stopping the StorageContainerLocationProtocol RPC server
2019-10-15 09:50:47,955 [main] INFO  server.SCMClientProtocolServer (SCMClientProtocolServer.java:stop(168)) - Stopping the RPC server for Client Protocol
2019-10-15 09:50:47,955 [IPC Server Responder] INFO  ipc.Server (Server.java:run(1319)) - Stopping IPC Server Responder
2019-10-15 09:50:47,956 [main] INFO  ipc.Server (Server.java:stop(3082)) - Stopping server on 40389
2019-10-15 09:50:47,958 [main] INFO  server.StorageContainerManager (StorageContainerManager.java:stop(846)) - Stopping Storage Container Manager HTTP server.
2019-10-15 09:50:47,958 [IPC Server listener on 40389] INFO  ipc.Server (Server.java:run(1185)) - Stopping IPC Server listener on 40389
2019-10-15 09:50:47,959 [IPC Server Responder] INFO  ipc.Server (Server.java:run(1319)) - Stopping IPC Server Responder
2019-10-15 09:50:47,960 [main] INFO  handler.ContextHandler (ContextHandler.java:doStop(910)) - Stopped o.e.j.w.WebAppContext@3e5beab5{/,null,UNAVAILABLE}{/scm}
2019-10-15 09:50:47,961 [main] INFO  server.AbstractConnector (AbstractConnector.java:doStop(318)) - Stopped ServerConnector@7c588adc{HTTP/1.1,[http/1.1]}{0.0.0.0:0}
2019-10-15 09:50:47,961 [main] INFO  handler.ContextHandler (ContextHandler.java:doStop(910)) - Stopped o.e.j.s.ServletContextHandler@6986f93e{/static,file:///workdir/hadoop-ozone/integration-test/target/test-classes/webapps/static,UNAVAILABLE}
2019-10-15 09:50:47,961 [main] INFO  handler.ContextHandler (ContextHandler.java:doStop(910)) - Stopped o.e.j.s.ServletContextHandler@b768a65{/logs,file:///workdir/hadoop-ozone/integration-test/target/log,UNAVAILABLE}
2019-10-15 09:50:47,962 [main] INFO  server.StorageContainerManager (StorageContainerManager.java:stop(857)) - Stopping Block Manager Service.
2019-10-15 09:50:47,963 [main] INFO  utils.BackgroundService (BackgroundService.java:shutdown(151)) - Shutting down service SCMBlockDeletingService
2019-10-15 09:50:47,963 [main] INFO  utils.BackgroundService (BackgroundService.java:shutdown(151)) - Shutting down service SCMBlockDeletingService
2019-10-15 09:50:47,963 [main] INFO  server.StorageContainerManager (StorageContainerManager.java:stop(879)) - Stopping SCM Event Queue.
2019-10-15 09:50:47,970 [main] INFO  impl.MetricsSystemImpl (MetricsSystemImpl.java:stop(210)) - Stopping HddsDatanode metrics system...
2019-10-15 09:50:47,997 [main] INFO  impl.MetricsSystemImpl (MetricsSystemImpl.java:stop(216)) - HddsDatanode metrics system stopped.
]]></system-out>
    <system-err><![CDATA[Oct 15, 2019 9:50:37 AM org.apache.ratis.thirdparty.io.grpc.internal.SerializingExecutor run
SEVERE: Exception while executing runnable org.apache.ratis.thirdparty.io.grpc.internal.ServerImpl$JumpToApplicationThreadServerStreamListener$1Closed@381f2a93
org.apache.ratis.thirdparty.io.grpc.StatusRuntimeException: CANCELLED: call already cancelled
	at org.apache.ratis.thirdparty.io.grpc.Status.asRuntimeException(Status.java:517)
	at org.apache.ratis.thirdparty.io.grpc.stub.ServerCalls$ServerCallStreamObserverImpl.onCompleted(ServerCalls.java:356)
	at org.apache.ratis.grpc.server.GrpcServerProtocolService$ServerRequestStreamObserver.onError(GrpcServerProtocolService.java:121)
	at org.apache.ratis.thirdparty.io.grpc.stub.ServerCalls$StreamingServerCallHandler$StreamingServerCallListener.onCancel(ServerCalls.java:269)
	at org.apache.ratis.thirdparty.io.grpc.internal.ServerCallImpl$ServerStreamListenerImpl.closed(ServerCallImpl.java:293)
	at org.apache.ratis.thirdparty.io.grpc.internal.ServerImpl$JumpToApplicationThreadServerStreamListener$1Closed.runInContext(ServerImpl.java:741)
	at org.apache.ratis.thirdparty.io.grpc.internal.ContextRunnable.run(ContextRunnable.java:37)
	at org.apache.ratis.thirdparty.io.grpc.internal.SerializingExecutor.run(SerializingExecutor.java:123)
	at java.util.concurrent.ThreadPoolExecutor.runWorker(ThreadPoolExecutor.java:1149)
	at java.util.concurrent.ThreadPoolExecutor$Worker.run(ThreadPoolExecutor.java:624)
	at java.lang.Thread.run(Thread.java:748)

]]></system-err>
  </testcase>
  <testcase name="testFailureWithPrimeSizedData" classname="org.apache.hadoop.ozone.client.rpc.TestBlockOutputStreamWithFailures" time="33.691"/>
  <testcase name="testWatchForCommitWithCloseContainerException" classname="org.apache.hadoop.ozone.client.rpc.TestBlockOutputStreamWithFailures" time="45.216"/>
  <testcase name="testExceptionDuringClose" classname="org.apache.hadoop.ozone.client.rpc.TestBlockOutputStreamWithFailures" time="33.865"/>
</testsuite>