<?xml version="1.0" encoding="UTF-8"?>
<testsuite xmlns:xsi="http://www.w3.org/2001/XMLSchema-instance" xsi:noNamespaceSchemaLocation="https://maven.apache.org/surefire/maven-surefire-plugin/xsd/surefire-test-report.xsd" name="org.apache.hadoop.ozone.client.rpc.TestWatchForCommit" time="233.796" tests="5" errors="1" skipped="0" failures="0">
  <properties>
    <property name="awt.toolkit" value="sun.awt.X11.XToolkit"/>
    <property name="file.encoding.pkg" value="sun.io"/>
    <property name="java.specification.version" value="1.8"/>
    <property name="sun.cpu.isalist" value=""/>
    <property name="sun.jnu.encoding" value="ANSI_X3.4-1968"/>
    <property name="java.class.path" value="/workdir/hadoop-ozone/integration-test/target/test-classes:/workdir/hadoop-ozone/integration-test/target/classes:/home/user/.m2/repository/org/apache/hadoop/hadoop-ozone-common/0.5.0-SNAPSHOT/hadoop-ozone-common-0.5.0-SNAPSHOT.jar:/home/user/.m2/repository/org/apache/commons/commons-compress/1.4.1/commons-compress-1.4.1.jar:/home/user/.m2/repository/org/tukaani/xz/1.0/xz-1.0.jar:/home/user/.m2/repository/org/apache/hadoop/hadoop-common/3.2.0/hadoop-common-3.2.0.jar:/home/user/.m2/repository/org/apache/hadoop/hadoop-hdfs/3.2.0/hadoop-hdfs-3.2.0.jar:/home/user/.m2/repository/org/apache/hadoop/hadoop-hdfs-client/3.2.0/hadoop-hdfs-client-3.2.0.jar:/home/user/.m2/repository/com/fasterxml/jackson/core/jackson-annotations/2.9.9/jackson-annotations-2.9.9.jar:/home/user/.m2/repository/org/apache/hadoop/hadoop-hdds-common/0.5.0-SNAPSHOT/hadoop-hdds-common-0.5.0-SNAPSHOT.jar:/home/user/.m2/repository/javax/annotation/javax.annotation-api/1.2/javax.annotation-api-1.2.jar:/home/user/.m2/repository/org/apache/ratis/ratis-server/0.5.0-201fc85-SNAPSHOT/ratis-server-0.5.0-201fc85-SNAPSHOT.jar:/home/user/.m2/repository/org/apache/ratis/ratis-thirdparty-misc/0.2.0/ratis-thirdparty-misc-0.2.0.jar:/home/user/.m2/repository/org/apache/ratis/ratis-proto/0.5.0-201fc85-SNAPSHOT/ratis-proto-0.5.0-201fc85-SNAPSHOT.jar:/home/user/.m2/repository/org/apache/ratis/ratis-common/0.5.0-201fc85-SNAPSHOT/ratis-common-0.5.0-201fc85-SNAPSHOT.jar:/home/user/.m2/repository/org/apache/ratis/ratis-client/0.5.0-201fc85-SNAPSHOT/ratis-client-0.5.0-201fc85-SNAPSHOT.jar:/home/user/.m2/repository/org/apache/ratis/ratis-metrics/0.5.0-201fc85-SNAPSHOT/ratis-metrics-0.5.0-201fc85-SNAPSHOT.jar:/home/user/.m2/repository/com/github/joshelser/dropwizard-metrics-hadoop-metrics2-reporter/0.1.2/dropwizard-metrics-hadoop-metrics2-reporter-0.1.2.jar:/home/user/.m2/repository/io/dropwizard/metrics/metrics-jvm/3.2.5/metrics-jvm-3.2.5.jar:/home/user/.m2/repository/io/dropwizard/metrics/metrics-ganglia/3.2.5/metrics-ganglia-3.2.5.jar:/home/user/.m2/repository/info/ganglia/gmetric4j/gmetric4j/1.0.7/gmetric4j-1.0.7.jar:/home/user/.m2/repository/org/apache/ratis/ratis-netty/0.5.0-201fc85-SNAPSHOT/ratis-netty-0.5.0-201fc85-SNAPSHOT.jar:/home/user/.m2/repository/org/apache/ratis/ratis-grpc/0.5.0-201fc85-SNAPSHOT/ratis-grpc-0.5.0-201fc85-SNAPSHOT.jar:/home/user/.m2/repository/org/rocksdb/rocksdbjni/6.0.1/rocksdbjni-6.0.1.jar:/home/user/.m2/repository/org/apache/logging/log4j/log4j-api/2.11.0/log4j-api-2.11.0.jar:/home/user/.m2/repository/org/apache/logging/log4j/log4j-core/2.11.0/log4j-core-2.11.0.jar:/home/user/.m2/repository/com/lmax/disruptor/3.4.2/disruptor-3.4.2.jar:/home/user/.m2/repository/org/apache/commons/commons-pool2/2.6.0/commons-pool2-2.6.0.jar:/home/user/.m2/repository/org/bouncycastle/bcpkix-jdk15on/1.60/bcpkix-jdk15on-1.60.jar:/home/user/.m2/repository/commons-validator/commons-validator/1.6/commons-validator-1.6.jar:/home/user/.m2/repository/commons-digester/commons-digester/1.8.1/commons-digester-1.8.1.jar:/home/user/.m2/repository/io/jaegertracing/jaeger-client/0.34.0/jaeger-client-0.34.0.jar:/home/user/.m2/repository/io/jaegertracing/jaeger-thrift/0.34.0/jaeger-thrift-0.34.0.jar:/home/user/.m2/repository/org/apache/thrift/libthrift/0.12.0/libthrift-0.12.0.jar:/home/user/.m2/repository/com/squareup/okhttp3/okhttp/3.9.0/okhttp-3.9.0.jar:/home/user/.m2/repository/com/squareup/okio/okio/1.13.0/okio-1.13.0.jar:/home/user/.m2/repository/io/jaegertracing/jaeger-core/0.34.0/jaeger-core-0.34.0.jar:/home/user/.m2/repository/io/jaegertracing/jaeger-tracerresolver/0.34.0/jaeger-tracerresolver-0.34.0.jar:/home/user/.m2/repository/io/opentracing/contrib/opentracing-tracerresolver/0.1.5/opentracing-tracerresolver-0.1.5.jar:/home/user/.m2/repository/io/opentracing/opentracing-util/0.31.0/opentracing-util-0.31.0.jar:/home/user/.m2/repository/io/opentracing/opentracing-api/0.31.0/opentracing-api-0.31.0.jar:/home/user/.m2/repository/io/opentracing/opentracing-noop/0.31.0/opentracing-noop-0.31.0.jar:/home/user/.m2/repository/org/apache/hadoop/hadoop-hdds-server-framework/0.5.0-SNAPSHOT/hadoop-hdds-server-framework-0.5.0-SNAPSHOT.jar:/home/user/.m2/repository/org/apache/hadoop/hadoop-hdds-container-service/0.5.0-SNAPSHOT/hadoop-hdds-container-service-0.5.0-SNAPSHOT.jar:/home/user/.m2/repository/org/apache/hadoop/hadoop-hdds-client/0.5.0-SNAPSHOT/hadoop-hdds-client-0.5.0-SNAPSHOT.jar:/home/user/.m2/repository/org/apache/hadoop/hadoop-hdds-tools/0.5.0-SNAPSHOT/hadoop-hdds-tools-0.5.0-SNAPSHOT.jar:/home/user/.m2/repository/org/apache/hadoop/hadoop-hdds-server-scm/0.5.0-SNAPSHOT/hadoop-hdds-server-scm-0.5.0-SNAPSHOT.jar:/home/user/.m2/repository/org/apache/hadoop/hadoop-hdds-docs/0.5.0-SNAPSHOT/hadoop-hdds-docs-0.5.0-SNAPSHOT.jar:/home/user/.m2/repository/io/dropwizard/metrics/metrics-core/3.2.4/metrics-core-3.2.4.jar:/home/user/.m2/repository/org/hamcrest/hamcrest-all/1.3/hamcrest-all-1.3.jar:/home/user/.m2/repository/org/bouncycastle/bcprov-jdk15on/1.60/bcprov-jdk15on-1.60.jar:/home/user/.m2/repository/info/picocli/picocli/3.9.6/picocli-3.9.6.jar:/home/user/.m2/repository/com/google/protobuf/protobuf-java/2.5.0/protobuf-java-2.5.0.jar:/home/user/.m2/repository/com/google/guava/guava/11.0.2/guava-11.0.2.jar:/home/user/.m2/repository/org/apache/hadoop/hadoop-ozone-ozone-manager/0.5.0-SNAPSHOT/hadoop-ozone-ozone-manager-0.5.0-SNAPSHOT.jar:/home/user/.m2/repository/org/apache/hadoop/hadoop-minikdc/3.2.0/hadoop-minikdc-3.2.0.jar:/home/user/.m2/repository/commons-io/commons-io/2.5/commons-io-2.5.jar:/home/user/.m2/repository/org/apache/kerby/kerb-simplekdc/1.0.1/kerb-simplekdc-1.0.1.jar:/home/user/.m2/repository/org/apache/kerby/kerb-client/1.0.1/kerb-client-1.0.1.jar:/home/user/.m2/repository/org/apache/kerby/kerby-config/1.0.1/kerby-config-1.0.1.jar:/home/user/.m2/repository/org/apache/kerby/kerb-core/1.0.1/kerb-core-1.0.1.jar:/home/user/.m2/repository/org/apache/kerby/kerby-pkix/1.0.1/kerby-pkix-1.0.1.jar:/home/user/.m2/repository/org/apache/kerby/kerby-asn1/1.0.1/kerby-asn1-1.0.1.jar:/home/user/.m2/repository/org/apache/kerby/kerby-util/1.0.1/kerby-util-1.0.1.jar:/home/user/.m2/repository/org/apache/kerby/kerb-common/1.0.1/kerb-common-1.0.1.jar:/home/user/.m2/repository/org/apache/kerby/kerb-crypto/1.0.1/kerb-crypto-1.0.1.jar:/home/user/.m2/repository/org/apache/kerby/kerb-util/1.0.1/kerb-util-1.0.1.jar:/home/user/.m2/repository/org/apache/kerby/token-provider/1.0.1/token-provider-1.0.1.jar:/home/user/.m2/repository/org/apache/kerby/kerb-admin/1.0.1/kerb-admin-1.0.1.jar:/home/user/.m2/repository/org/apache/kerby/kerb-server/1.0.1/kerb-server-1.0.1.jar:/home/user/.m2/repository/org/apache/kerby/kerb-identity/1.0.1/kerb-identity-1.0.1.jar:/home/user/.m2/repository/org/apache/kerby/kerby-xdr/1.0.1/kerby-xdr-1.0.1.jar:/home/user/.m2/repository/org/slf4j/slf4j-log4j12/1.7.25/slf4j-log4j12-1.7.25.jar:/home/user/.m2/repository/org/apache/hadoop/hadoop-ozone-s3gateway/0.5.0-SNAPSHOT/hadoop-ozone-s3gateway-0.5.0-SNAPSHOT.jar:/home/user/.m2/repository/org/jboss/weld/servlet/weld-servlet/2.4.7.Final/weld-servlet-2.4.7.Final.jar:/home/user/.m2/repository/org/glassfish/jersey/containers/jersey-container-servlet-core/2.27/jersey-container-servlet-core-2.27.jar:/home/user/.m2/repository/org/glassfish/hk2/external/javax.inject/2.5.0-b42/javax.inject-2.5.0-b42.jar:/home/user/.m2/repository/org/glassfish/jersey/core/jersey-common/2.27/jersey-common-2.27.jar:/home/user/.m2/repository/org/glassfish/hk2/osgi-resource-locator/1.0.1/osgi-resource-locator-1.0.1.jar:/home/user/.m2/repository/javax/ws/rs/javax.ws.rs-api/2.1/javax.ws.rs-api-2.1.jar:/home/user/.m2/repository/org/glassfish/jersey/ext/cdi/jersey-cdi1x/2.27/jersey-cdi1x-2.27.jar:/home/user/.m2/repository/org/glassfish/jersey/inject/jersey-hk2/2.27/jersey-hk2-2.27.jar:/home/user/.m2/repository/org/glassfish/hk2/hk2-locator/2.5.0-b42/hk2-locator-2.5.0-b42.jar:/home/user/.m2/repository/org/javassist/javassist/3.22.0-CR2/javassist-3.22.0-CR2.jar:/home/user/.m2/repository/org/glassfish/hk2/hk2-api/2.5.0/hk2-api-2.5.0.jar:/home/user/.m2/repository/org/glassfish/hk2/external/jakarta.inject/2.5.0/jakarta.inject-2.5.0.jar:/home/user/.m2/repository/org/glassfish/hk2/hk2-utils/2.5.0/hk2-utils-2.5.0.jar:/home/user/.m2/repository/jakarta/annotation/jakarta.annotation-api/1.3.4/jakarta.annotation-api-1.3.4.jar:/home/user/.m2/repository/org/glassfish/hk2/external/aopalliance-repackaged/2.5.0/aopalliance-repackaged-2.5.0.jar:/home/user/.m2/repository/com/fasterxml/jackson/dataformat/jackson-dataformat-xml/2.9.0/jackson-dataformat-xml-2.9.0.jar:/home/user/.m2/repository/com/fasterxml/jackson/core/jackson-core/2.9.9/jackson-core-2.9.9.jar:/home/user/.m2/repository/com/fasterxml/jackson/module/jackson-module-jaxb-annotations/2.9.9/jackson-module-jaxb-annotations-2.9.9.jar:/home/user/.m2/repository/javax/enterprise/cdi-api/1.2/cdi-api-1.2.jar:/home/user/.m2/repository/javax/el/javax.el-api/3.0.0/javax.el-api-3.0.0.jar:/home/user/.m2/repository/javax/interceptor/javax.interceptor-api/1.2/javax.interceptor-api-1.2.jar:/home/user/.m2/repository/javax/inject/javax.inject/1/javax.inject-1.jar:/home/user/.m2/repository/com/sun/xml/bind/jaxb-impl/2.3.0.1/jaxb-impl-2.3.0.1.jar:/home/user/.m2/repository/com/sun/xml/bind/jaxb-core/2.3.0.1/jaxb-core-2.3.0.1.jar:/home/user/.m2/repository/javax/xml/bind/jaxb-api/2.3.0/jaxb-api-2.3.0.jar:/home/user/.m2/repository/javax/activation/activation/1.1.1/activation-1.1.1.jar:/home/user/.m2/repository/org/apache/hadoop/hadoop-ozone-csi/0.5.0-SNAPSHOT/hadoop-ozone-csi-0.5.0-SNAPSHOT.jar:/home/user/.m2/repository/com/google/protobuf/protobuf-java-util/3.5.1/protobuf-java-util-3.5.1.jar:/home/user/.m2/repository/org/apache/hadoop/hadoop-hdds-config/0.5.0-SNAPSHOT/hadoop-hdds-config-0.5.0-SNAPSHOT.jar:/home/user/.m2/repository/io/grpc/grpc-netty/1.17.1/grpc-netty-1.17.1.jar:/home/user/.m2/repository/io/grpc/grpc-core/1.17.1/grpc-core-1.17.1.jar:/home/user/.m2/repository/io/grpc/grpc-context/1.17.1/grpc-context-1.17.1.jar:/home/user/.m2/repository/com/google/errorprone/error_prone_annotations/2.2.0/error_prone_annotations-2.2.0.jar:/home/user/.m2/repository/org/codehaus/mojo/animal-sniffer-annotations/1.17/animal-sniffer-annotations-1.17.jar:/home/user/.m2/repository/io/opencensus/opencensus-api/0.17.0/opencensus-api-0.17.0.jar:/home/user/.m2/repository/io/opencensus/opencensus-contrib-grpc-metrics/0.17.0/opencensus-contrib-grpc-metrics-0.17.0.jar:/home/user/.m2/repository/io/netty/netty-codec-http2/4.1.30.Final/netty-codec-http2-4.1.30.Final.jar:/home/user/.m2/repository/io/netty/netty-codec-http/4.1.30.Final/netty-codec-http-4.1.30.Final.jar:/home/user/.m2/repository/io/netty/netty-codec/4.1.30.Final/netty-codec-4.1.30.Final.jar:/home/user/.m2/repository/io/netty/netty-handler/4.1.30.Final/netty-handler-4.1.30.Final.jar:/home/user/.m2/repository/io/netty/netty-handler-proxy/4.1.30.Final/netty-handler-proxy-4.1.30.Final.jar:/home/user/.m2/repository/io/netty/netty-codec-socks/4.1.30.Final/netty-codec-socks-4.1.30.Final.jar:/home/user/.m2/repository/io/netty/netty-transport-native-epoll/4.1.30.Final/netty-transport-native-epoll-4.1.30.Final.jar:/home/user/.m2/repository/io/netty/netty-common/4.1.30.Final/netty-common-4.1.30.Final.jar:/home/user/.m2/repository/io/netty/netty-buffer/4.1.30.Final/netty-buffer-4.1.30.Final.jar:/home/user/.m2/repository/io/netty/netty-transport/4.1.30.Final/netty-transport-4.1.30.Final.jar:/home/user/.m2/repository/io/netty/netty-resolver/4.1.30.Final/netty-resolver-4.1.30.Final.jar:/home/user/.m2/repository/io/netty/netty-transport-native-unix-common/4.1.30.Final/netty-transport-native-unix-common-4.1.30.Final.jar:/home/user/.m2/repository/io/grpc/grpc-protobuf/1.17.1/grpc-protobuf-1.17.1.jar:/home/user/.m2/repository/com/google/api/grpc/proto-google-common-protos/1.0.0/proto-google-common-protos-1.0.0.jar:/home/user/.m2/repository/io/grpc/grpc-protobuf-lite/1.17.1/grpc-protobuf-lite-1.17.1.jar:/home/user/.m2/repository/io/grpc/grpc-stub/1.17.1/grpc-stub-1.17.1.jar:/home/user/.m2/repository/org/apache/hadoop/hadoop-ozone-recon/0.5.0-SNAPSHOT/hadoop-ozone-recon-0.5.0-SNAPSHOT.jar:/home/user/.m2/repository/org/apache/hadoop/hadoop-ozone-reconcodegen/0.5.0-SNAPSHOT/hadoop-ozone-reconcodegen-0.5.0-SNAPSHOT.jar:/home/user/.m2/repository/com/google/inject/extensions/guice-multibindings/4.0/guice-multibindings-4.0.jar:/home/user/.m2/repository/com/google/inject/guice/4.0/guice-4.0.jar:/home/user/.m2/repository/aopalliance/aopalliance/1.0/aopalliance-1.0.jar:/home/user/.m2/repository/com/google/inject/extensions/guice-servlet/4.0/guice-servlet-4.0.jar:/home/user/.m2/repository/org/glassfish/jersey/containers/jersey-container-servlet/2.27/jersey-container-servlet-2.27.jar:/home/user/.m2/repository/org/glassfish/hk2/guice-bridge/2.5.0/guice-bridge-2.5.0.jar:/home/user/.m2/repository/org/glassfish/jersey/core/jersey-server/2.27/jersey-server-2.27.jar:/home/user/.m2/repository/org/glassfish/jersey/core/jersey-client/2.27/jersey-client-2.27.jar:/home/user/.m2/repository/org/glassfish/jersey/media/jersey-media-jaxb/2.27/jersey-media-jaxb-2.27.jar:/home/user/.m2/repository/javax/validation/validation-api/1.1.0.Final/validation-api-1.1.0.Final.jar:/home/user/.m2/repository/org/glassfish/jersey/media/jersey-media-json-jackson/2.27/jersey-media-json-jackson-2.27.jar:/home/user/.m2/repository/org/glassfish/jersey/ext/jersey-entity-filtering/2.27/jersey-entity-filtering-2.27.jar:/home/user/.m2/repository/com/google/inject/extensions/guice-assistedinject/4.0/guice-assistedinject-4.0.jar:/home/user/.m2/repository/org/jooq/jooq/3.11.10/jooq-3.11.10.jar:/home/user/.m2/repository/org/jooq/jooq-meta/3.11.10/jooq-meta-3.11.10.jar:/home/user/.m2/repository/org/jooq/jooq-codegen/3.11.10/jooq-codegen-3.11.10.jar:/home/user/.m2/repository/com/jolbox/bonecp/0.8.0.RELEASE/bonecp-0.8.0.RELEASE.jar:/home/user/.m2/repository/org/xerial/sqlite-jdbc/3.25.2/sqlite-jdbc-3.25.2.jar:/home/user/.m2/repository/org/springframework/spring-jdbc/5.1.3.RELEASE/spring-jdbc-5.1.3.RELEASE.jar:/home/user/.m2/repository/org/springframework/spring-beans/5.1.3.RELEASE/spring-beans-5.1.3.RELEASE.jar:/home/user/.m2/repository/org/springframework/spring-core/5.1.3.RELEASE/spring-core-5.1.3.RELEASE.jar:/home/user/.m2/repository/org/springframework/spring-jcl/5.1.3.RELEASE/spring-jcl-5.1.3.RELEASE.jar:/home/user/.m2/repository/org/springframework/spring-tx/5.1.3.RELEASE/spring-tx-5.1.3.RELEASE.jar:/home/user/.m2/repository/org/apache/hadoop/hadoop-ozone-client/0.5.0-SNAPSHOT/hadoop-ozone-client-0.5.0-SNAPSHOT.jar:/home/user/.m2/repository/commons-lang/commons-lang/2.6/commons-lang-2.6.jar:/home/user/.m2/repository/org/apache/hadoop/hadoop-ozone-ozone-manager/0.5.0-SNAPSHOT/hadoop-ozone-ozone-manager-0.5.0-SNAPSHOT-tests.jar:/home/user/.m2/repository/junit/junit/4.11/junit-4.11.jar:/home/user/.m2/repository/org/hamcrest/hamcrest-core/1.3/hamcrest-core-1.3.jar:/home/user/.m2/repository/org/openjdk/jmh/jmh-core/1.19/jmh-core-1.19.jar:/home/user/.m2/repository/net/sf/jopt-simple/jopt-simple/4.6/jopt-simple-4.6.jar:/home/user/.m2/repository/org/apache/commons/commons-math3/3.1.1/commons-math3-3.1.1.jar:/home/user/.m2/repository/org/openjdk/jmh/jmh-generator-annprocess/1.19/jmh-generator-annprocess-1.19.jar:/home/user/.m2/repository/org/mockito/mockito-all/1.8.5/mockito-all-1.8.5.jar:/home/user/.m2/repository/org/apache/hadoop/hadoop-kms/3.2.0/hadoop-kms-3.2.0.jar:/home/user/.m2/repository/org/apache/hadoop/hadoop-auth/3.2.0/hadoop-auth-3.2.0.jar:/home/user/.m2/repository/com/nimbusds/nimbus-jose-jwt/4.41.1/nimbus-jose-jwt-4.41.1.jar:/home/user/.m2/repository/com/github/stephenc/jcip/jcip-annotations/1.0-1/jcip-annotations-1.0-1.jar:/home/user/.m2/repository/net/minidev/json-smart/2.3/json-smart-2.3.jar:/home/user/.m2/repository/net/minidev/accessors-smart/1.2/accessors-smart-1.2.jar:/home/user/.m2/repository/org/ow2/asm/asm/5.0.4/asm-5.0.4.jar:/home/user/.m2/repository/org/apache/curator/curator-framework/2.12.0/curator-framework-2.12.0.jar:/home/user/.m2/repository/com/sun/jersey/jersey-core/1.19/jersey-core-1.19.jar:/home/user/.m2/repository/javax/ws/rs/jsr311-api/1.1.1/jsr311-api-1.1.1.jar:/home/user/.m2/repository/com/sun/jersey/jersey-server/1.19/jersey-server-1.19.jar:/home/user/.m2/repository/javax/servlet/javax.servlet-api/3.1.0/javax.servlet-api-3.1.0.jar:/home/user/.m2/repository/org/eclipse/jetty/jetty-server/9.3.25.v20180904/jetty-server-9.3.25.v20180904.jar:/home/user/.m2/repository/org/eclipse/jetty/jetty-http/9.3.25.v20180904/jetty-http-9.3.25.v20180904.jar:/home/user/.m2/repository/org/eclipse/jetty/jetty-io/9.3.25.v20180904/jetty-io-9.3.25.v20180904.jar:/home/user/.m2/repository/org/eclipse/jetty/jetty-webapp/9.3.25.v20180904/jetty-webapp-9.3.25.v20180904.jar:/home/user/.m2/repository/org/eclipse/jetty/jetty-xml/9.3.25.v20180904/jetty-xml-9.3.25.v20180904.jar:/home/user/.m2/repository/log4j/log4j/1.2.17/log4j-1.2.17.jar:/home/user/.m2/repository/org/slf4j/slf4j-api/1.7.25/slf4j-api-1.7.25.jar:/home/user/.m2/repository/org/slf4j/jul-to-slf4j/1.7.25/jul-to-slf4j-1.7.25.jar:/home/user/.m2/repository/org/eclipse/jetty/jetty-util/9.3.25.v20180904/jetty-util-9.3.25.v20180904.jar:/home/user/.m2/repository/com/fasterxml/jackson/core/jackson-databind/2.9.9/jackson-databind-2.9.9.jar:/home/user/.m2/repository/org/apache/hadoop/hadoop-kms/3.2.0/hadoop-kms-3.2.0-tests.jar:/home/user/.m2/repository/org/apache/hadoop/hadoop-hdds-server-scm/0.5.0-SNAPSHOT/hadoop-hdds-server-scm-0.5.0-SNAPSHOT-tests.jar:/home/user/.m2/repository/org/apache/hadoop/hadoop-hdds-container-service/0.5.0-SNAPSHOT/hadoop-hdds-container-service-0.5.0-SNAPSHOT-tests.jar:/home/user/.m2/repository/org/yaml/snakeyaml/1.16/snakeyaml-1.16.jar:/home/user/.m2/repository/org/apache/hadoop/hadoop-common/3.2.0/hadoop-common-3.2.0-tests.jar:/home/user/.m2/repository/org/apache/hadoop/hadoop-annotations/3.2.0/hadoop-annotations-3.2.0.jar:/usr/lib/jvm/java-1.8.0-openjdk-1.8.0.222.b10-1.el7_7.x86_64/jre/../lib/tools.jar:/home/user/.m2/repository/commons-cli/commons-cli/1.2/commons-cli-1.2.jar:/home/user/.m2/repository/org/apache/httpcomponents/httpclient/4.5.2/httpclient-4.5.2.jar:/home/user/.m2/repository/org/apache/httpcomponents/httpcore/4.4.4/httpcore-4.4.4.jar:/home/user/.m2/repository/commons-codec/commons-codec/1.11/commons-codec-1.11.jar:/home/user/.m2/repository/commons-net/commons-net/3.6/commons-net-3.6.jar:/home/user/.m2/repository/commons-collections/commons-collections/3.2.2/commons-collections-3.2.2.jar:/home/user/.m2/repository/org/eclipse/jetty/jetty-servlet/9.3.25.v20180904/jetty-servlet-9.3.25.v20180904.jar:/home/user/.m2/repository/org/eclipse/jetty/jetty-security/9.3.25.v20180904/jetty-security-9.3.25.v20180904.jar:/home/user/.m2/repository/javax/servlet/jsp/jsp-api/2.1/jsp-api-2.1.jar:/home/user/.m2/repository/com/sun/jersey/jersey-servlet/1.19/jersey-servlet-1.19.jar:/home/user/.m2/repository/com/sun/jersey/jersey-json/1.19/jersey-json-1.19.jar:/home/user/.m2/repository/org/codehaus/jettison/jettison/1.1/jettison-1.1.jar:/home/user/.m2/repository/org/codehaus/jackson/jackson-core-asl/1.9.13/jackson-core-asl-1.9.13.jar:/home/user/.m2/repository/org/codehaus/jackson/jackson-mapper-asl/1.9.13/jackson-mapper-asl-1.9.13.jar:/home/user/.m2/repository/org/codehaus/jackson/jackson-jaxrs/1.9.13/jackson-jaxrs-1.9.13.jar:/home/user/.m2/repository/org/codehaus/jackson/jackson-xc/1.9.13/jackson-xc-1.9.13.jar:/home/user/.m2/repository/commons-logging/commons-logging/1.1.3/commons-logging-1.1.3.jar:/home/user/.m2/repository/commons-beanutils/commons-beanutils/1.9.4/commons-beanutils-1.9.4.jar:/home/user/.m2/repository/org/apache/commons/commons-configuration2/2.1.1/commons-configuration2-2.1.1.jar:/home/user/.m2/repository/org/apache/commons/commons-lang3/3.7/commons-lang3-3.7.jar:/home/user/.m2/repository/org/apache/commons/commons-text/1.4/commons-text-1.4.jar:/home/user/.m2/repository/org/apache/avro/avro/1.7.7/avro-1.7.7.jar:/home/user/.m2/repository/com/thoughtworks/paranamer/paranamer/2.3/paranamer-2.3.jar:/home/user/.m2/repository/org/xerial/snappy/snappy-java/1.0.5/snappy-java-1.0.5.jar:/home/user/.m2/repository/com/google/re2j/re2j/1.1/re2j-1.1.jar:/home/user/.m2/repository/com/google/code/gson/gson/2.2.4/gson-2.2.4.jar:/home/user/.m2/repository/com/jcraft/jsch/0.1.54/jsch-0.1.54.jar:/home/user/.m2/repository/org/apache/curator/curator-client/2.12.0/curator-client-2.12.0.jar:/home/user/.m2/repository/org/apache/curator/curator-recipes/2.12.0/curator-recipes-2.12.0.jar:/home/user/.m2/repository/com/google/code/findbugs/jsr305/3.0.0/jsr305-3.0.0.jar:/home/user/.m2/repository/org/apache/htrace/htrace-core4/4.1.0-incubating/htrace-core4-4.1.0-incubating.jar:/home/user/.m2/repository/org/apache/zookeeper/zookeeper/3.4.13/zookeeper-3.4.13.jar:/home/user/.m2/repository/jline/jline/0.9.94/jline-0.9.94.jar:/home/user/.m2/repository/org/apache/yetus/audience-annotations/0.5.0/audience-annotations-0.5.0.jar:/home/user/.m2/repository/org/codehaus/woodstox/stax2-api/3.1.4/stax2-api-3.1.4.jar:/home/user/.m2/repository/com/fasterxml/woodstox/woodstox-core/5.0.3/woodstox-core-5.0.3.jar:/home/user/.m2/repository/dnsjava/dnsjava/2.1.7/dnsjava-2.1.7.jar:/home/user/.m2/repository/org/apache/hadoop/hadoop-hdfs/3.2.0/hadoop-hdfs-3.2.0-tests.jar:/home/user/.m2/repository/org/eclipse/jetty/jetty-util-ajax/9.3.25.v20180904/jetty-util-ajax-9.3.25.v20180904.jar:/home/user/.m2/repository/commons-daemon/commons-daemon/1.0.13/commons-daemon-1.0.13.jar:/home/user/.m2/repository/io/netty/netty/3.10.5.Final/netty-3.10.5.Final.jar:/home/user/.m2/repository/io/netty/netty-all/4.0.52.Final/netty-all-4.0.52.Final.jar:/home/user/.m2/repository/org/fusesource/leveldbjni/leveldbjni-all/1.8/leveldbjni-all-1.8.jar:"/>
    <property name="java.vm.vendor" value="Oracle Corporation"/>
    <property name="sun.arch.data.model" value="64"/>
    <property name="test.build.dir" value="/workdir/hadoop-ozone/integration-test/target/test-dir"/>
    <property name="test.cache.data" value=""/>
    <property name="java.vendor.url" value="http://java.oracle.com/"/>
    <property name="user.timezone" value=""/>
    <property name="java.vm.specification.version" value="1.8"/>
    <property name="os.name" value="Linux"/>
    <property name="test.build.data" value="/workdir/hadoop-ozone/integration-test/target/test-dir"/>
    <property name="user.country" value="US"/>
    <property name="sun.java.launcher" value="SUN_STANDARD"/>
    <property name="sun.boot.library.path" value="/usr/lib/jvm/java-1.8.0-openjdk-1.8.0.222.b10-1.el7_7.x86_64/jre/lib/amd64"/>
    <property name="sun.java.command" value="/workdir/hadoop-ozone/integration-test/target/surefire/surefirebooter2957646362830357955.jar /workdir/hadoop-ozone/integration-test/target/surefire 2019-10-15T09-33-51_895-jvmRun1 surefire2832177378496665313tmp surefire_235177934325690270730tmp"/>
    <property name="test" value="!TestMiniChaosOzoneCluster"/>
    <property name="surefire.test.class.path" value="/workdir/hadoop-ozone/integration-test/target/test-classes:/workdir/hadoop-ozone/integration-test/target/classes:/home/user/.m2/repository/org/apache/hadoop/hadoop-ozone-common/0.5.0-SNAPSHOT/hadoop-ozone-common-0.5.0-SNAPSHOT.jar:/home/user/.m2/repository/org/apache/commons/commons-compress/1.4.1/commons-compress-1.4.1.jar:/home/user/.m2/repository/org/tukaani/xz/1.0/xz-1.0.jar:/home/user/.m2/repository/org/apache/hadoop/hadoop-common/3.2.0/hadoop-common-3.2.0.jar:/home/user/.m2/repository/org/apache/hadoop/hadoop-hdfs/3.2.0/hadoop-hdfs-3.2.0.jar:/home/user/.m2/repository/org/apache/hadoop/hadoop-hdfs-client/3.2.0/hadoop-hdfs-client-3.2.0.jar:/home/user/.m2/repository/com/fasterxml/jackson/core/jackson-annotations/2.9.9/jackson-annotations-2.9.9.jar:/home/user/.m2/repository/org/apache/hadoop/hadoop-hdds-common/0.5.0-SNAPSHOT/hadoop-hdds-common-0.5.0-SNAPSHOT.jar:/home/user/.m2/repository/javax/annotation/javax.annotation-api/1.2/javax.annotation-api-1.2.jar:/home/user/.m2/repository/org/apache/ratis/ratis-server/0.5.0-201fc85-SNAPSHOT/ratis-server-0.5.0-201fc85-SNAPSHOT.jar:/home/user/.m2/repository/org/apache/ratis/ratis-thirdparty-misc/0.2.0/ratis-thirdparty-misc-0.2.0.jar:/home/user/.m2/repository/org/apache/ratis/ratis-proto/0.5.0-201fc85-SNAPSHOT/ratis-proto-0.5.0-201fc85-SNAPSHOT.jar:/home/user/.m2/repository/org/apache/ratis/ratis-common/0.5.0-201fc85-SNAPSHOT/ratis-common-0.5.0-201fc85-SNAPSHOT.jar:/home/user/.m2/repository/org/apache/ratis/ratis-client/0.5.0-201fc85-SNAPSHOT/ratis-client-0.5.0-201fc85-SNAPSHOT.jar:/home/user/.m2/repository/org/apache/ratis/ratis-metrics/0.5.0-201fc85-SNAPSHOT/ratis-metrics-0.5.0-201fc85-SNAPSHOT.jar:/home/user/.m2/repository/com/github/joshelser/dropwizard-metrics-hadoop-metrics2-reporter/0.1.2/dropwizard-metrics-hadoop-metrics2-reporter-0.1.2.jar:/home/user/.m2/repository/io/dropwizard/metrics/metrics-jvm/3.2.5/metrics-jvm-3.2.5.jar:/home/user/.m2/repository/io/dropwizard/metrics/metrics-ganglia/3.2.5/metrics-ganglia-3.2.5.jar:/home/user/.m2/repository/info/ganglia/gmetric4j/gmetric4j/1.0.7/gmetric4j-1.0.7.jar:/home/user/.m2/repository/org/apache/ratis/ratis-netty/0.5.0-201fc85-SNAPSHOT/ratis-netty-0.5.0-201fc85-SNAPSHOT.jar:/home/user/.m2/repository/org/apache/ratis/ratis-grpc/0.5.0-201fc85-SNAPSHOT/ratis-grpc-0.5.0-201fc85-SNAPSHOT.jar:/home/user/.m2/repository/org/rocksdb/rocksdbjni/6.0.1/rocksdbjni-6.0.1.jar:/home/user/.m2/repository/org/apache/logging/log4j/log4j-api/2.11.0/log4j-api-2.11.0.jar:/home/user/.m2/repository/org/apache/logging/log4j/log4j-core/2.11.0/log4j-core-2.11.0.jar:/home/user/.m2/repository/com/lmax/disruptor/3.4.2/disruptor-3.4.2.jar:/home/user/.m2/repository/org/apache/commons/commons-pool2/2.6.0/commons-pool2-2.6.0.jar:/home/user/.m2/repository/org/bouncycastle/bcpkix-jdk15on/1.60/bcpkix-jdk15on-1.60.jar:/home/user/.m2/repository/commons-validator/commons-validator/1.6/commons-validator-1.6.jar:/home/user/.m2/repository/commons-digester/commons-digester/1.8.1/commons-digester-1.8.1.jar:/home/user/.m2/repository/io/jaegertracing/jaeger-client/0.34.0/jaeger-client-0.34.0.jar:/home/user/.m2/repository/io/jaegertracing/jaeger-thrift/0.34.0/jaeger-thrift-0.34.0.jar:/home/user/.m2/repository/org/apache/thrift/libthrift/0.12.0/libthrift-0.12.0.jar:/home/user/.m2/repository/com/squareup/okhttp3/okhttp/3.9.0/okhttp-3.9.0.jar:/home/user/.m2/repository/com/squareup/okio/okio/1.13.0/okio-1.13.0.jar:/home/user/.m2/repository/io/jaegertracing/jaeger-core/0.34.0/jaeger-core-0.34.0.jar:/home/user/.m2/repository/io/jaegertracing/jaeger-tracerresolver/0.34.0/jaeger-tracerresolver-0.34.0.jar:/home/user/.m2/repository/io/opentracing/contrib/opentracing-tracerresolver/0.1.5/opentracing-tracerresolver-0.1.5.jar:/home/user/.m2/repository/io/opentracing/opentracing-util/0.31.0/opentracing-util-0.31.0.jar:/home/user/.m2/repository/io/opentracing/opentracing-api/0.31.0/opentracing-api-0.31.0.jar:/home/user/.m2/repository/io/opentracing/opentracing-noop/0.31.0/opentracing-noop-0.31.0.jar:/home/user/.m2/repository/org/apache/hadoop/hadoop-hdds-server-framework/0.5.0-SNAPSHOT/hadoop-hdds-server-framework-0.5.0-SNAPSHOT.jar:/home/user/.m2/repository/org/apache/hadoop/hadoop-hdds-container-service/0.5.0-SNAPSHOT/hadoop-hdds-container-service-0.5.0-SNAPSHOT.jar:/home/user/.m2/repository/org/apache/hadoop/hadoop-hdds-client/0.5.0-SNAPSHOT/hadoop-hdds-client-0.5.0-SNAPSHOT.jar:/home/user/.m2/repository/org/apache/hadoop/hadoop-hdds-tools/0.5.0-SNAPSHOT/hadoop-hdds-tools-0.5.0-SNAPSHOT.jar:/home/user/.m2/repository/org/apache/hadoop/hadoop-hdds-server-scm/0.5.0-SNAPSHOT/hadoop-hdds-server-scm-0.5.0-SNAPSHOT.jar:/home/user/.m2/repository/org/apache/hadoop/hadoop-hdds-docs/0.5.0-SNAPSHOT/hadoop-hdds-docs-0.5.0-SNAPSHOT.jar:/home/user/.m2/repository/io/dropwizard/metrics/metrics-core/3.2.4/metrics-core-3.2.4.jar:/home/user/.m2/repository/org/hamcrest/hamcrest-all/1.3/hamcrest-all-1.3.jar:/home/user/.m2/repository/org/bouncycastle/bcprov-jdk15on/1.60/bcprov-jdk15on-1.60.jar:/home/user/.m2/repository/info/picocli/picocli/3.9.6/picocli-3.9.6.jar:/home/user/.m2/repository/com/google/protobuf/protobuf-java/2.5.0/protobuf-java-2.5.0.jar:/home/user/.m2/repository/com/google/guava/guava/11.0.2/guava-11.0.2.jar:/home/user/.m2/repository/org/apache/hadoop/hadoop-ozone-ozone-manager/0.5.0-SNAPSHOT/hadoop-ozone-ozone-manager-0.5.0-SNAPSHOT.jar:/home/user/.m2/repository/org/apache/hadoop/hadoop-minikdc/3.2.0/hadoop-minikdc-3.2.0.jar:/home/user/.m2/repository/commons-io/commons-io/2.5/commons-io-2.5.jar:/home/user/.m2/repository/org/apache/kerby/kerb-simplekdc/1.0.1/kerb-simplekdc-1.0.1.jar:/home/user/.m2/repository/org/apache/kerby/kerb-client/1.0.1/kerb-client-1.0.1.jar:/home/user/.m2/repository/org/apache/kerby/kerby-config/1.0.1/kerby-config-1.0.1.jar:/home/user/.m2/repository/org/apache/kerby/kerb-core/1.0.1/kerb-core-1.0.1.jar:/home/user/.m2/repository/org/apache/kerby/kerby-pkix/1.0.1/kerby-pkix-1.0.1.jar:/home/user/.m2/repository/org/apache/kerby/kerby-asn1/1.0.1/kerby-asn1-1.0.1.jar:/home/user/.m2/repository/org/apache/kerby/kerby-util/1.0.1/kerby-util-1.0.1.jar:/home/user/.m2/repository/org/apache/kerby/kerb-common/1.0.1/kerb-common-1.0.1.jar:/home/user/.m2/repository/org/apache/kerby/kerb-crypto/1.0.1/kerb-crypto-1.0.1.jar:/home/user/.m2/repository/org/apache/kerby/kerb-util/1.0.1/kerb-util-1.0.1.jar:/home/user/.m2/repository/org/apache/kerby/token-provider/1.0.1/token-provider-1.0.1.jar:/home/user/.m2/repository/org/apache/kerby/kerb-admin/1.0.1/kerb-admin-1.0.1.jar:/home/user/.m2/repository/org/apache/kerby/kerb-server/1.0.1/kerb-server-1.0.1.jar:/home/user/.m2/repository/org/apache/kerby/kerb-identity/1.0.1/kerb-identity-1.0.1.jar:/home/user/.m2/repository/org/apache/kerby/kerby-xdr/1.0.1/kerby-xdr-1.0.1.jar:/home/user/.m2/repository/org/slf4j/slf4j-log4j12/1.7.25/slf4j-log4j12-1.7.25.jar:/home/user/.m2/repository/org/apache/hadoop/hadoop-ozone-s3gateway/0.5.0-SNAPSHOT/hadoop-ozone-s3gateway-0.5.0-SNAPSHOT.jar:/home/user/.m2/repository/org/jboss/weld/servlet/weld-servlet/2.4.7.Final/weld-servlet-2.4.7.Final.jar:/home/user/.m2/repository/org/glassfish/jersey/containers/jersey-container-servlet-core/2.27/jersey-container-servlet-core-2.27.jar:/home/user/.m2/repository/org/glassfish/hk2/external/javax.inject/2.5.0-b42/javax.inject-2.5.0-b42.jar:/home/user/.m2/repository/org/glassfish/jersey/core/jersey-common/2.27/jersey-common-2.27.jar:/home/user/.m2/repository/org/glassfish/hk2/osgi-resource-locator/1.0.1/osgi-resource-locator-1.0.1.jar:/home/user/.m2/repository/javax/ws/rs/javax.ws.rs-api/2.1/javax.ws.rs-api-2.1.jar:/home/user/.m2/repository/org/glassfish/jersey/ext/cdi/jersey-cdi1x/2.27/jersey-cdi1x-2.27.jar:/home/user/.m2/repository/org/glassfish/jersey/inject/jersey-hk2/2.27/jersey-hk2-2.27.jar:/home/user/.m2/repository/org/glassfish/hk2/hk2-locator/2.5.0-b42/hk2-locator-2.5.0-b42.jar:/home/user/.m2/repository/org/javassist/javassist/3.22.0-CR2/javassist-3.22.0-CR2.jar:/home/user/.m2/repository/org/glassfish/hk2/hk2-api/2.5.0/hk2-api-2.5.0.jar:/home/user/.m2/repository/org/glassfish/hk2/external/jakarta.inject/2.5.0/jakarta.inject-2.5.0.jar:/home/user/.m2/repository/org/glassfish/hk2/hk2-utils/2.5.0/hk2-utils-2.5.0.jar:/home/user/.m2/repository/jakarta/annotation/jakarta.annotation-api/1.3.4/jakarta.annotation-api-1.3.4.jar:/home/user/.m2/repository/org/glassfish/hk2/external/aopalliance-repackaged/2.5.0/aopalliance-repackaged-2.5.0.jar:/home/user/.m2/repository/com/fasterxml/jackson/dataformat/jackson-dataformat-xml/2.9.0/jackson-dataformat-xml-2.9.0.jar:/home/user/.m2/repository/com/fasterxml/jackson/core/jackson-core/2.9.9/jackson-core-2.9.9.jar:/home/user/.m2/repository/com/fasterxml/jackson/module/jackson-module-jaxb-annotations/2.9.9/jackson-module-jaxb-annotations-2.9.9.jar:/home/user/.m2/repository/javax/enterprise/cdi-api/1.2/cdi-api-1.2.jar:/home/user/.m2/repository/javax/el/javax.el-api/3.0.0/javax.el-api-3.0.0.jar:/home/user/.m2/repository/javax/interceptor/javax.interceptor-api/1.2/javax.interceptor-api-1.2.jar:/home/user/.m2/repository/javax/inject/javax.inject/1/javax.inject-1.jar:/home/user/.m2/repository/com/sun/xml/bind/jaxb-impl/2.3.0.1/jaxb-impl-2.3.0.1.jar:/home/user/.m2/repository/com/sun/xml/bind/jaxb-core/2.3.0.1/jaxb-core-2.3.0.1.jar:/home/user/.m2/repository/javax/xml/bind/jaxb-api/2.3.0/jaxb-api-2.3.0.jar:/home/user/.m2/repository/javax/activation/activation/1.1.1/activation-1.1.1.jar:/home/user/.m2/repository/org/apache/hadoop/hadoop-ozone-csi/0.5.0-SNAPSHOT/hadoop-ozone-csi-0.5.0-SNAPSHOT.jar:/home/user/.m2/repository/com/google/protobuf/protobuf-java-util/3.5.1/protobuf-java-util-3.5.1.jar:/home/user/.m2/repository/org/apache/hadoop/hadoop-hdds-config/0.5.0-SNAPSHOT/hadoop-hdds-config-0.5.0-SNAPSHOT.jar:/home/user/.m2/repository/io/grpc/grpc-netty/1.17.1/grpc-netty-1.17.1.jar:/home/user/.m2/repository/io/grpc/grpc-core/1.17.1/grpc-core-1.17.1.jar:/home/user/.m2/repository/io/grpc/grpc-context/1.17.1/grpc-context-1.17.1.jar:/home/user/.m2/repository/com/google/errorprone/error_prone_annotations/2.2.0/error_prone_annotations-2.2.0.jar:/home/user/.m2/repository/org/codehaus/mojo/animal-sniffer-annotations/1.17/animal-sniffer-annotations-1.17.jar:/home/user/.m2/repository/io/opencensus/opencensus-api/0.17.0/opencensus-api-0.17.0.jar:/home/user/.m2/repository/io/opencensus/opencensus-contrib-grpc-metrics/0.17.0/opencensus-contrib-grpc-metrics-0.17.0.jar:/home/user/.m2/repository/io/netty/netty-codec-http2/4.1.30.Final/netty-codec-http2-4.1.30.Final.jar:/home/user/.m2/repository/io/netty/netty-codec-http/4.1.30.Final/netty-codec-http-4.1.30.Final.jar:/home/user/.m2/repository/io/netty/netty-codec/4.1.30.Final/netty-codec-4.1.30.Final.jar:/home/user/.m2/repository/io/netty/netty-handler/4.1.30.Final/netty-handler-4.1.30.Final.jar:/home/user/.m2/repository/io/netty/netty-handler-proxy/4.1.30.Final/netty-handler-proxy-4.1.30.Final.jar:/home/user/.m2/repository/io/netty/netty-codec-socks/4.1.30.Final/netty-codec-socks-4.1.30.Final.jar:/home/user/.m2/repository/io/netty/netty-transport-native-epoll/4.1.30.Final/netty-transport-native-epoll-4.1.30.Final.jar:/home/user/.m2/repository/io/netty/netty-common/4.1.30.Final/netty-common-4.1.30.Final.jar:/home/user/.m2/repository/io/netty/netty-buffer/4.1.30.Final/netty-buffer-4.1.30.Final.jar:/home/user/.m2/repository/io/netty/netty-transport/4.1.30.Final/netty-transport-4.1.30.Final.jar:/home/user/.m2/repository/io/netty/netty-resolver/4.1.30.Final/netty-resolver-4.1.30.Final.jar:/home/user/.m2/repository/io/netty/netty-transport-native-unix-common/4.1.30.Final/netty-transport-native-unix-common-4.1.30.Final.jar:/home/user/.m2/repository/io/grpc/grpc-protobuf/1.17.1/grpc-protobuf-1.17.1.jar:/home/user/.m2/repository/com/google/api/grpc/proto-google-common-protos/1.0.0/proto-google-common-protos-1.0.0.jar:/home/user/.m2/repository/io/grpc/grpc-protobuf-lite/1.17.1/grpc-protobuf-lite-1.17.1.jar:/home/user/.m2/repository/io/grpc/grpc-stub/1.17.1/grpc-stub-1.17.1.jar:/home/user/.m2/repository/org/apache/hadoop/hadoop-ozone-recon/0.5.0-SNAPSHOT/hadoop-ozone-recon-0.5.0-SNAPSHOT.jar:/home/user/.m2/repository/org/apache/hadoop/hadoop-ozone-reconcodegen/0.5.0-SNAPSHOT/hadoop-ozone-reconcodegen-0.5.0-SNAPSHOT.jar:/home/user/.m2/repository/com/google/inject/extensions/guice-multibindings/4.0/guice-multibindings-4.0.jar:/home/user/.m2/repository/com/google/inject/guice/4.0/guice-4.0.jar:/home/user/.m2/repository/aopalliance/aopalliance/1.0/aopalliance-1.0.jar:/home/user/.m2/repository/com/google/inject/extensions/guice-servlet/4.0/guice-servlet-4.0.jar:/home/user/.m2/repository/org/glassfish/jersey/containers/jersey-container-servlet/2.27/jersey-container-servlet-2.27.jar:/home/user/.m2/repository/org/glassfish/hk2/guice-bridge/2.5.0/guice-bridge-2.5.0.jar:/home/user/.m2/repository/org/glassfish/jersey/core/jersey-server/2.27/jersey-server-2.27.jar:/home/user/.m2/repository/org/glassfish/jersey/core/jersey-client/2.27/jersey-client-2.27.jar:/home/user/.m2/repository/org/glassfish/jersey/media/jersey-media-jaxb/2.27/jersey-media-jaxb-2.27.jar:/home/user/.m2/repository/javax/validation/validation-api/1.1.0.Final/validation-api-1.1.0.Final.jar:/home/user/.m2/repository/org/glassfish/jersey/media/jersey-media-json-jackson/2.27/jersey-media-json-jackson-2.27.jar:/home/user/.m2/repository/org/glassfish/jersey/ext/jersey-entity-filtering/2.27/jersey-entity-filtering-2.27.jar:/home/user/.m2/repository/com/google/inject/extensions/guice-assistedinject/4.0/guice-assistedinject-4.0.jar:/home/user/.m2/repository/org/jooq/jooq/3.11.10/jooq-3.11.10.jar:/home/user/.m2/repository/org/jooq/jooq-meta/3.11.10/jooq-meta-3.11.10.jar:/home/user/.m2/repository/org/jooq/jooq-codegen/3.11.10/jooq-codegen-3.11.10.jar:/home/user/.m2/repository/com/jolbox/bonecp/0.8.0.RELEASE/bonecp-0.8.0.RELEASE.jar:/home/user/.m2/repository/org/xerial/sqlite-jdbc/3.25.2/sqlite-jdbc-3.25.2.jar:/home/user/.m2/repository/org/springframework/spring-jdbc/5.1.3.RELEASE/spring-jdbc-5.1.3.RELEASE.jar:/home/user/.m2/repository/org/springframework/spring-beans/5.1.3.RELEASE/spring-beans-5.1.3.RELEASE.jar:/home/user/.m2/repository/org/springframework/spring-core/5.1.3.RELEASE/spring-core-5.1.3.RELEASE.jar:/home/user/.m2/repository/org/springframework/spring-jcl/5.1.3.RELEASE/spring-jcl-5.1.3.RELEASE.jar:/home/user/.m2/repository/org/springframework/spring-tx/5.1.3.RELEASE/spring-tx-5.1.3.RELEASE.jar:/home/user/.m2/repository/org/apache/hadoop/hadoop-ozone-client/0.5.0-SNAPSHOT/hadoop-ozone-client-0.5.0-SNAPSHOT.jar:/home/user/.m2/repository/commons-lang/commons-lang/2.6/commons-lang-2.6.jar:/home/user/.m2/repository/org/apache/hadoop/hadoop-ozone-ozone-manager/0.5.0-SNAPSHOT/hadoop-ozone-ozone-manager-0.5.0-SNAPSHOT-tests.jar:/home/user/.m2/repository/junit/junit/4.11/junit-4.11.jar:/home/user/.m2/repository/org/hamcrest/hamcrest-core/1.3/hamcrest-core-1.3.jar:/home/user/.m2/repository/org/openjdk/jmh/jmh-core/1.19/jmh-core-1.19.jar:/home/user/.m2/repository/net/sf/jopt-simple/jopt-simple/4.6/jopt-simple-4.6.jar:/home/user/.m2/repository/org/apache/commons/commons-math3/3.1.1/commons-math3-3.1.1.jar:/home/user/.m2/repository/org/openjdk/jmh/jmh-generator-annprocess/1.19/jmh-generator-annprocess-1.19.jar:/home/user/.m2/repository/org/mockito/mockito-all/1.8.5/mockito-all-1.8.5.jar:/home/user/.m2/repository/org/apache/hadoop/hadoop-kms/3.2.0/hadoop-kms-3.2.0.jar:/home/user/.m2/repository/org/apache/hadoop/hadoop-auth/3.2.0/hadoop-auth-3.2.0.jar:/home/user/.m2/repository/com/nimbusds/nimbus-jose-jwt/4.41.1/nimbus-jose-jwt-4.41.1.jar:/home/user/.m2/repository/com/github/stephenc/jcip/jcip-annotations/1.0-1/jcip-annotations-1.0-1.jar:/home/user/.m2/repository/net/minidev/json-smart/2.3/json-smart-2.3.jar:/home/user/.m2/repository/net/minidev/accessors-smart/1.2/accessors-smart-1.2.jar:/home/user/.m2/repository/org/ow2/asm/asm/5.0.4/asm-5.0.4.jar:/home/user/.m2/repository/org/apache/curator/curator-framework/2.12.0/curator-framework-2.12.0.jar:/home/user/.m2/repository/com/sun/jersey/jersey-core/1.19/jersey-core-1.19.jar:/home/user/.m2/repository/javax/ws/rs/jsr311-api/1.1.1/jsr311-api-1.1.1.jar:/home/user/.m2/repository/com/sun/jersey/jersey-server/1.19/jersey-server-1.19.jar:/home/user/.m2/repository/javax/servlet/javax.servlet-api/3.1.0/javax.servlet-api-3.1.0.jar:/home/user/.m2/repository/org/eclipse/jetty/jetty-server/9.3.25.v20180904/jetty-server-9.3.25.v20180904.jar:/home/user/.m2/repository/org/eclipse/jetty/jetty-http/9.3.25.v20180904/jetty-http-9.3.25.v20180904.jar:/home/user/.m2/repository/org/eclipse/jetty/jetty-io/9.3.25.v20180904/jetty-io-9.3.25.v20180904.jar:/home/user/.m2/repository/org/eclipse/jetty/jetty-webapp/9.3.25.v20180904/jetty-webapp-9.3.25.v20180904.jar:/home/user/.m2/repository/org/eclipse/jetty/jetty-xml/9.3.25.v20180904/jetty-xml-9.3.25.v20180904.jar:/home/user/.m2/repository/log4j/log4j/1.2.17/log4j-1.2.17.jar:/home/user/.m2/repository/org/slf4j/slf4j-api/1.7.25/slf4j-api-1.7.25.jar:/home/user/.m2/repository/org/slf4j/jul-to-slf4j/1.7.25/jul-to-slf4j-1.7.25.jar:/home/user/.m2/repository/org/eclipse/jetty/jetty-util/9.3.25.v20180904/jetty-util-9.3.25.v20180904.jar:/home/user/.m2/repository/com/fasterxml/jackson/core/jackson-databind/2.9.9/jackson-databind-2.9.9.jar:/home/user/.m2/repository/org/apache/hadoop/hadoop-kms/3.2.0/hadoop-kms-3.2.0-tests.jar:/home/user/.m2/repository/org/apache/hadoop/hadoop-hdds-server-scm/0.5.0-SNAPSHOT/hadoop-hdds-server-scm-0.5.0-SNAPSHOT-tests.jar:/home/user/.m2/repository/org/apache/hadoop/hadoop-hdds-container-service/0.5.0-SNAPSHOT/hadoop-hdds-container-service-0.5.0-SNAPSHOT-tests.jar:/home/user/.m2/repository/org/yaml/snakeyaml/1.16/snakeyaml-1.16.jar:/home/user/.m2/repository/org/apache/hadoop/hadoop-common/3.2.0/hadoop-common-3.2.0-tests.jar:/home/user/.m2/repository/org/apache/hadoop/hadoop-annotations/3.2.0/hadoop-annotations-3.2.0.jar:/usr/lib/jvm/java-1.8.0-openjdk-1.8.0.222.b10-1.el7_7.x86_64/jre/../lib/tools.jar:/home/user/.m2/repository/commons-cli/commons-cli/1.2/commons-cli-1.2.jar:/home/user/.m2/repository/org/apache/httpcomponents/httpclient/4.5.2/httpclient-4.5.2.jar:/home/user/.m2/repository/org/apache/httpcomponents/httpcore/4.4.4/httpcore-4.4.4.jar:/home/user/.m2/repository/commons-codec/commons-codec/1.11/commons-codec-1.11.jar:/home/user/.m2/repository/commons-net/commons-net/3.6/commons-net-3.6.jar:/home/user/.m2/repository/commons-collections/commons-collections/3.2.2/commons-collections-3.2.2.jar:/home/user/.m2/repository/org/eclipse/jetty/jetty-servlet/9.3.25.v20180904/jetty-servlet-9.3.25.v20180904.jar:/home/user/.m2/repository/org/eclipse/jetty/jetty-security/9.3.25.v20180904/jetty-security-9.3.25.v20180904.jar:/home/user/.m2/repository/javax/servlet/jsp/jsp-api/2.1/jsp-api-2.1.jar:/home/user/.m2/repository/com/sun/jersey/jersey-servlet/1.19/jersey-servlet-1.19.jar:/home/user/.m2/repository/com/sun/jersey/jersey-json/1.19/jersey-json-1.19.jar:/home/user/.m2/repository/org/codehaus/jettison/jettison/1.1/jettison-1.1.jar:/home/user/.m2/repository/org/codehaus/jackson/jackson-core-asl/1.9.13/jackson-core-asl-1.9.13.jar:/home/user/.m2/repository/org/codehaus/jackson/jackson-mapper-asl/1.9.13/jackson-mapper-asl-1.9.13.jar:/home/user/.m2/repository/org/codehaus/jackson/jackson-jaxrs/1.9.13/jackson-jaxrs-1.9.13.jar:/home/user/.m2/repository/org/codehaus/jackson/jackson-xc/1.9.13/jackson-xc-1.9.13.jar:/home/user/.m2/repository/commons-logging/commons-logging/1.1.3/commons-logging-1.1.3.jar:/home/user/.m2/repository/commons-beanutils/commons-beanutils/1.9.4/commons-beanutils-1.9.4.jar:/home/user/.m2/repository/org/apache/commons/commons-configuration2/2.1.1/commons-configuration2-2.1.1.jar:/home/user/.m2/repository/org/apache/commons/commons-lang3/3.7/commons-lang3-3.7.jar:/home/user/.m2/repository/org/apache/commons/commons-text/1.4/commons-text-1.4.jar:/home/user/.m2/repository/org/apache/avro/avro/1.7.7/avro-1.7.7.jar:/home/user/.m2/repository/com/thoughtworks/paranamer/paranamer/2.3/paranamer-2.3.jar:/home/user/.m2/repository/org/xerial/snappy/snappy-java/1.0.5/snappy-java-1.0.5.jar:/home/user/.m2/repository/com/google/re2j/re2j/1.1/re2j-1.1.jar:/home/user/.m2/repository/com/google/code/gson/gson/2.2.4/gson-2.2.4.jar:/home/user/.m2/repository/com/jcraft/jsch/0.1.54/jsch-0.1.54.jar:/home/user/.m2/repository/org/apache/curator/curator-client/2.12.0/curator-client-2.12.0.jar:/home/user/.m2/repository/org/apache/curator/curator-recipes/2.12.0/curator-recipes-2.12.0.jar:/home/user/.m2/repository/com/google/code/findbugs/jsr305/3.0.0/jsr305-3.0.0.jar:/home/user/.m2/repository/org/apache/htrace/htrace-core4/4.1.0-incubating/htrace-core4-4.1.0-incubating.jar:/home/user/.m2/repository/org/apache/zookeeper/zookeeper/3.4.13/zookeeper-3.4.13.jar:/home/user/.m2/repository/jline/jline/0.9.94/jline-0.9.94.jar:/home/user/.m2/repository/org/apache/yetus/audience-annotations/0.5.0/audience-annotations-0.5.0.jar:/home/user/.m2/repository/org/codehaus/woodstox/stax2-api/3.1.4/stax2-api-3.1.4.jar:/home/user/.m2/repository/com/fasterxml/woodstox/woodstox-core/5.0.3/woodstox-core-5.0.3.jar:/home/user/.m2/repository/dnsjava/dnsjava/2.1.7/dnsjava-2.1.7.jar:/home/user/.m2/repository/org/apache/hadoop/hadoop-hdfs/3.2.0/hadoop-hdfs-3.2.0-tests.jar:/home/user/.m2/repository/org/eclipse/jetty/jetty-util-ajax/9.3.25.v20180904/jetty-util-ajax-9.3.25.v20180904.jar:/home/user/.m2/repository/commons-daemon/commons-daemon/1.0.13/commons-daemon-1.0.13.jar:/home/user/.m2/repository/io/netty/netty/3.10.5.Final/netty-3.10.5.Final.jar:/home/user/.m2/repository/io/netty/netty-all/4.0.52.Final/netty-all-4.0.52.Final.jar:/home/user/.m2/repository/org/fusesource/leveldbjni/leveldbjni-all/1.8/leveldbjni-all-1.8.jar:"/>
    <property name="sun.cpu.endian" value="little"/>
    <property name="user.home" value="/home/user"/>
    <property name="user.language" value="en"/>
    <property name="java.specification.vendor" value="Oracle Corporation"/>
    <property name="java.home" value="/usr/lib/jvm/java-1.8.0-openjdk-1.8.0.222.b10-1.el7_7.x86_64/jre"/>
    <property name="surefire.excludesFile" value="/tools/ozone-bad-unit-tests"/>
    <property name="java.security.krb5.conf" value="/workdir/hadoop-ozone/integration-test/target/test-classes/krb5.conf"/>
    <property name="basedir" value="/workdir/hadoop-ozone/integration-test"/>
    <property name="file.separator" value="/"/>
    <property name="line.separator" value="&#10;"/>
    <property name="java.vm.specification.vendor" value="Oracle Corporation"/>
    <property name="java.specification.name" value="Java Platform API Specification"/>
    <property name="java.awt.graphicsenv" value="sun.awt.X11GraphicsEnvironment"/>
    <property name="surefire.real.class.path" value="/workdir/hadoop-ozone/integration-test/target/surefire/surefirebooter2957646362830357955.jar"/>
    <property name="hadoop.log.dir" value="/workdir/hadoop-ozone/integration-test/target/log"/>
    <property name="sun.boot.class.path" value="/usr/lib/jvm/java-1.8.0-openjdk-1.8.0.222.b10-1.el7_7.x86_64/jre/lib/resources.jar:/usr/lib/jvm/java-1.8.0-openjdk-1.8.0.222.b10-1.el7_7.x86_64/jre/lib/rt.jar:/usr/lib/jvm/java-1.8.0-openjdk-1.8.0.222.b10-1.el7_7.x86_64/jre/lib/sunrsasign.jar:/usr/lib/jvm/java-1.8.0-openjdk-1.8.0.222.b10-1.el7_7.x86_64/jre/lib/jsse.jar:/usr/lib/jvm/java-1.8.0-openjdk-1.8.0.222.b10-1.el7_7.x86_64/jre/lib/jce.jar:/usr/lib/jvm/java-1.8.0-openjdk-1.8.0.222.b10-1.el7_7.x86_64/jre/lib/charsets.jar:/usr/lib/jvm/java-1.8.0-openjdk-1.8.0.222.b10-1.el7_7.x86_64/jre/lib/jfr.jar:/usr/lib/jvm/java-1.8.0-openjdk-1.8.0.222.b10-1.el7_7.x86_64/jre/classes"/>
    <property name="sun.management.compiler" value="HotSpot 64-Bit Tiered Compilers"/>
    <property name="java.runtime.version" value="1.8.0_222-b10"/>
    <property name="java.net.preferIPv4Stack" value="true"/>
    <property name="user.name" value="jenkins1000"/>
    <property name="path.separator" value=":"/>
    <property name="java.security.egd" value="file:///dev/urandom"/>
    <property name="os.version" value="3.10.0-957.12.2.el7.x86_64"/>
    <property name="java.endorsed.dirs" value="/usr/lib/jvm/java-1.8.0-openjdk-1.8.0.222.b10-1.el7_7.x86_64/jre/lib/endorsed"/>
    <property name="java.runtime.name" value="OpenJDK Runtime Environment"/>
    <property name="file.encoding" value="ANSI_X3.4-1968"/>
    <property name="java.vm.name" value="OpenJDK 64-Bit Server VM"/>
    <property name="test.build.webapps" value=""/>
    <property name="localRepository" value="/home/user/.m2/repository"/>
    <property name="java.vendor.url.bug" value="http://bugreport.sun.com/bugreport/"/>
    <property name="java.io.tmpdir" value="/tmp"/>
    <property name="require.test.libhadoop" value=""/>
    <property name="java.version" value="1.8.0_222"/>
    <property name="user.dir" value="/workdir/hadoop-ozone/integration-test"/>
    <property name="os.arch" value="amd64"/>
    <property name="java.vm.specification.name" value="Java Virtual Machine Specification"/>
    <property name="test.build.classes" value="/workdir/hadoop-ozone/integration-test/target/test-classes"/>
    <property name="java.awt.printerjob" value="sun.print.PSPrinterJob"/>
    <property name="sun.os.patch.level" value="unknown"/>
    <property name="hadoop.tmp.dir" value="/workdir/hadoop-ozone/integration-test/target/tmp"/>
    <property name="java.library.path" value="/usr/lib:/workdir/hadoop-ozone/integration-test/target/native/target/usr/local/lib:/workdir/hadoop-ozone/integration-test/../../hadoop-common-project/hadoop-common/target/native/target/usr/local/lib:/usr/java/packages/lib/amd64:/usr/lib64:/lib64:/lib:/usr/lib"/>
    <property name="java.vm.info" value="mixed mode"/>
    <property name="java.vendor" value="Oracle Corporation"/>
    <property name="java.vm.version" value="25.222-b10"/>
    <property name="java.ext.dirs" value="/usr/lib/jvm/java-1.8.0-openjdk-1.8.0.222.b10-1.el7_7.x86_64/jre/lib/ext:/usr/java/packages/lib/ext"/>
    <property name="sun.io.unicode.encoding" value="UnicodeLittle"/>
    <property name="java.class.version" value="52.0"/>
  </properties>
  <testcase name="testWatchForCommitWithKeyWrite" classname="org.apache.hadoop.ozone.client.rpc.TestWatchForCommit" time="58.285"/>
  <testcase name="testWatchForCommitWithSmallerTimeoutValue" classname="org.apache.hadoop.ozone.client.rpc.TestWatchForCommit" time="42.473"/>
  <testcase name="testWatchForCommitForRetryfailure" classname="org.apache.hadoop.ozone.client.rpc.TestWatchForCommit" time="73.649"/>
  <testcase name="testWatchForCommitForGroupMismatchException" classname="org.apache.hadoop.ozone.client.rpc.TestWatchForCommit" time="32.485"/>
  <testcase name="test2WayCommitForTimeoutException" classname="org.apache.hadoop.ozone.client.rpc.TestWatchForCommit" time="26.84">
    <error type="java.util.concurrent.TimeoutException">java.util.concurrent.TimeoutException
	at java.util.concurrent.CompletableFuture.timedGet(CompletableFuture.java:1771)
	at java.util.concurrent.CompletableFuture.get(CompletableFuture.java:1915)
	at org.apache.hadoop.hdds.scm.XceiverClientRatis.watchForCommit(XceiverClientRatis.java:283)
	at org.apache.hadoop.ozone.client.rpc.TestWatchForCommit.test2WayCommitForTimeoutException(TestWatchForCommit.java:391)
	at sun.reflect.NativeMethodAccessorImpl.invoke0(Native Method)
	at sun.reflect.NativeMethodAccessorImpl.invoke(NativeMethodAccessorImpl.java:62)
	at sun.reflect.DelegatingMethodAccessorImpl.invoke(DelegatingMethodAccessorImpl.java:43)
	at java.lang.reflect.Method.invoke(Method.java:498)
	at org.junit.runners.model.FrameworkMethod$1.runReflectiveCall(FrameworkMethod.java:47)
	at org.junit.internal.runners.model.ReflectiveCallable.run(ReflectiveCallable.java:12)
	at org.junit.runners.model.FrameworkMethod.invokeExplosively(FrameworkMethod.java:44)
	at org.junit.internal.runners.statements.InvokeMethod.evaluate(InvokeMethod.java:17)
	at org.junit.runners.ParentRunner.runLeaf(ParentRunner.java:271)
	at org.junit.runners.BlockJUnit4ClassRunner.runChild(BlockJUnit4ClassRunner.java:70)
	at org.junit.runners.BlockJUnit4ClassRunner.runChild(BlockJUnit4ClassRunner.java:50)
	at org.junit.runners.ParentRunner$3.run(ParentRunner.java:238)
	at org.junit.runners.ParentRunner$1.schedule(ParentRunner.java:63)
	at org.junit.runners.ParentRunner.runChildren(ParentRunner.java:236)
	at org.junit.runners.ParentRunner.access$000(ParentRunner.java:53)
	at org.junit.runners.ParentRunner$2.evaluate(ParentRunner.java:229)
	at org.junit.runners.ParentRunner.run(ParentRunner.java:309)
	at org.apache.maven.surefire.junit4.JUnit4Provider.execute(JUnit4Provider.java:365)
	at org.apache.maven.surefire.junit4.JUnit4Provider.executeWithRerun(JUnit4Provider.java:273)
	at org.apache.maven.surefire.junit4.JUnit4Provider.executeTestSet(JUnit4Provider.java:238)
	at org.apache.maven.surefire.junit4.JUnit4Provider.invoke(JUnit4Provider.java:159)
	at org.apache.maven.surefire.booter.ForkedBooter.invokeProviderInSameClassLoader(ForkedBooter.java:384)
	at org.apache.maven.surefire.booter.ForkedBooter.runSuitesInProcess(ForkedBooter.java:345)
	at org.apache.maven.surefire.booter.ForkedBooter.execute(ForkedBooter.java:126)
	at org.apache.maven.surefire.booter.ForkedBooter.main(ForkedBooter.java:418)
</error>
    <system-out><![CDATA[2019-10-15 09:58:57,392 [main] WARN  server.ServerUtils (ServerUtils.java:getScmDbDir(145)) - ozone.scm.db.dirs is not configured. We recommend adding this setting. Falling back to ozone.metadata.dirs instead.
2019-10-15 09:58:57,408 [main] WARN  server.ServerUtils (ServerUtils.java:getScmDbDir(145)) - ozone.scm.db.dirs is not configured. We recommend adding this setting. Falling back to ozone.metadata.dirs instead.
2019-10-15 09:58:57,408 [main] WARN  server.ServerUtils (ServerUtils.java:getScmDbDir(145)) - ozone.scm.db.dirs is not configured. We recommend adding this setting. Falling back to ozone.metadata.dirs instead.
2019-10-15 09:58:57,409 [main] INFO  db.DBStoreBuilder (DBStoreBuilder.java:addTable(117)) - using custom profile for table: deletedBlocks
2019-10-15 09:58:57,409 [main] INFO  db.DBStoreBuilder (DBStoreBuilder.java:processTables(168)) - Using default column profile:DBProfile.DISK for Table:deletedBlocks
2019-10-15 09:58:57,409 [main] INFO  db.DBStoreBuilder (DBStoreBuilder.java:addTable(117)) - using custom profile for table: validCerts
2019-10-15 09:58:57,409 [main] INFO  db.DBStoreBuilder (DBStoreBuilder.java:processTables(168)) - Using default column profile:DBProfile.DISK for Table:validCerts
2019-10-15 09:58:57,409 [main] INFO  db.DBStoreBuilder (DBStoreBuilder.java:addTable(117)) - using custom profile for table: revokedCerts
2019-10-15 09:58:57,410 [main] INFO  db.DBStoreBuilder (DBStoreBuilder.java:processTables(168)) - Using default column profile:DBProfile.DISK for Table:revokedCerts
2019-10-15 09:58:57,410 [main] INFO  db.DBStoreBuilder (DBStoreBuilder.java:addTable(117)) - using custom profile for table: default
2019-10-15 09:58:57,410 [main] INFO  db.DBStoreBuilder (DBStoreBuilder.java:processTables(174)) - Using default column profile:DBProfile.DISK for Table:default
2019-10-15 09:58:57,410 [main] INFO  db.DBStoreBuilder (DBStoreBuilder.java:getDbProfile(205)) - Using default options. DBProfile.DISK
2019-10-15 09:58:57,546 [main] INFO  net.NodeSchemaLoader (NodeSchemaLoader.java:loadSchemaFromFile(125)) - Loading file from sun.misc.CompoundEnumeration@7a388990
2019-10-15 09:58:57,546 [main] INFO  net.NodeSchemaLoader (NodeSchemaLoader.java:loadSchema(171)) - Loading network topology layer schema file
2019-10-15 09:58:57,550 [main] WARN  server.ServerUtils (ServerUtils.java:sanitizeUserArgs(70)) - ozone.scm.stale.node.interval value = 300000 is larger than max = 100000 based on the key value of ozone.scm.heartbeat.thread.interval, reset to the max value 100000.
2019-10-15 09:58:57,551 [main] WARN  server.ServerUtils (ServerUtils.java:sanitizeUserArgs(70)) - ozone.scm.stale.node.interval value = 300000 is larger than max = 100000 based on the key value of ozone.scm.heartbeat.thread.interval, reset to the max value 100000.
2019-10-15 09:58:57,551 [main] INFO  node.SCMNodeManager (SCMNodeManager.java:<init>(116)) - Entering startup safe mode.
2019-10-15 09:58:57,552 [main] INFO  algorithms.ContainerPlacementPolicyFactory (ContainerPlacementPolicyFactory.java:getPolicy(57)) - Create container placement policy of type org.apache.hadoop.hdds.scm.container.placement.algorithms.SCMContainerPlacementRandom
2019-10-15 09:58:57,552 [main] WARN  server.ServerUtils (ServerUtils.java:getScmDbDir(145)) - ozone.scm.db.dirs is not configured. We recommend adding this setting. Falling back to ozone.metadata.dirs instead.
2019-10-15 09:58:57,572 [main] INFO  pipeline.SCMPipelineManager (SCMPipelineManager.java:initializePipelineState(132)) - No pipeline exists in current db
2019-10-15 09:58:57,572 [main] WARN  server.ServerUtils (ServerUtils.java:getScmDbDir(145)) - ozone.scm.db.dirs is not configured. We recommend adding this setting. Falling back to ozone.metadata.dirs instead.
2019-10-15 09:58:57,596 [main] WARN  events.EventQueue (EventQueue.java:fireEvent(183)) - No event handler registered for event TypedEvent{payloadType=SafeModeStatus, name='SafeModeStatus'}
2019-10-15 09:58:57,597 [main] INFO  ipc.CallQueueManager (CallQueueManager.java:<init>(84)) - Using callQueue: class java.util.concurrent.LinkedBlockingQueue, queueCapacity: 2000, scheduler: class org.apache.hadoop.ipc.DefaultRpcScheduler, ipcBackoff: false.
2019-10-15 09:58:57,598 [Socket Reader #1 for port 45663] INFO  ipc.Server (Server.java:run(1074)) - Starting Socket Reader #1 for port 45663
2019-10-15 09:58:57,600 [main] INFO  ipc.CallQueueManager (CallQueueManager.java:<init>(84)) - Using callQueue: class java.util.concurrent.LinkedBlockingQueue, queueCapacity: 2000, scheduler: class org.apache.hadoop.ipc.DefaultRpcScheduler, ipcBackoff: false.
2019-10-15 09:58:57,601 [Socket Reader #1 for port 36742] INFO  ipc.Server (Server.java:run(1074)) - Starting Socket Reader #1 for port 36742
2019-10-15 09:58:57,603 [main] INFO  ipc.CallQueueManager (CallQueueManager.java:<init>(84)) - Using callQueue: class java.util.concurrent.LinkedBlockingQueue, queueCapacity: 2000, scheduler: class org.apache.hadoop.ipc.DefaultRpcScheduler, ipcBackoff: false.
2019-10-15 09:58:57,603 [Socket Reader #1 for port 38951] INFO  ipc.Server (Server.java:run(1074)) - Starting Socket Reader #1 for port 38951
2019-10-15 09:58:57,606 [main] INFO  hdfs.DFSUtil (DFSUtil.java:httpServerTemplateForNNAndJN(1641)) - Starting Web-server for scm at: http://0.0.0.0:0
2019-10-15 09:58:57,608 [main] INFO  server.AuthenticationFilter (AuthenticationFilter.java:constructSecretProvider(240)) - Unable to initialize FileSignerSecretProvider, falling back to use random secrets.
2019-10-15 09:58:57,609 [main] WARN  http.HttpRequestLog (HttpRequestLog.java:getRequestLog(97)) - Jetty request log can only be enabled using Log4j
2019-10-15 09:58:57,610 [main] INFO  http.HttpServer2 (HttpServer2.java:addGlobalFilter(975)) - Added global filter 'safety' (class=org.apache.hadoop.http.HttpServer2$QuotingInputFilter)
2019-10-15 09:58:57,611 [main] INFO  http.HttpServer2 (HttpServer2.java:addFilter(948)) - Added filter static_user_filter (class=org.apache.hadoop.http.lib.StaticUserWebFilter$StaticUserFilter) to context scm
2019-10-15 09:58:57,611 [main] INFO  http.HttpServer2 (HttpServer2.java:addFilter(958)) - Added filter static_user_filter (class=org.apache.hadoop.http.lib.StaticUserWebFilter$StaticUserFilter) to context logs
2019-10-15 09:58:57,611 [main] INFO  http.HttpServer2 (HttpServer2.java:addFilter(958)) - Added filter static_user_filter (class=org.apache.hadoop.http.lib.StaticUserWebFilter$StaticUserFilter) to context static
2019-10-15 09:58:57,613 [main] INFO  server.StorageContainerManager (StorageContainerManager.java:start(772)) - StorageContainerLocationProtocol RPC server is listening at /0.0.0.0:38951
2019-10-15 09:58:57,616 [main] WARN  impl.MetricsConfig (MetricsConfig.java:loadFirst(134)) - Cannot locate configuration: tried hadoop-metrics2-storagecontainermanager.properties,hadoop-metrics2.properties
2019-10-15 09:58:57,616 [main] INFO  impl.MetricsSystemImpl (MetricsSystemImpl.java:startTimer(374)) - Scheduled Metric snapshot period at 10 second(s).
2019-10-15 09:58:57,617 [main] INFO  impl.MetricsSystemImpl (MetricsSystemImpl.java:start(191)) - StorageContainerManager metrics system started
2019-10-15 09:58:57,669 [main] WARN  impl.MetricsSystemImpl (MetricsSystemImpl.java:register(276)) - Sink prometheus already exists!
2019-10-15 09:58:57,753 [main] INFO  server.SCMClientProtocolServer (SCMClientProtocolServer.java:start(159)) - RPC server for Client  is listening at /0.0.0.0:38951
2019-10-15 09:58:57,754 [IPC Server Responder] INFO  ipc.Server (Server.java:run(1314)) - IPC Server Responder: starting
2019-10-15 09:58:57,754 [IPC Server listener on 38951] INFO  ipc.Server (Server.java:run(1153)) - IPC Server listener on 38951: starting
2019-10-15 09:58:57,757 [main] INFO  server.StorageContainerManager (StorageContainerManager.java:start(782)) - ScmBlockLocationProtocol RPC server is listening at /0.0.0.0:36742
2019-10-15 09:58:57,758 [main] INFO  server.SCMBlockProtocolServer (SCMBlockProtocolServer.java:start(146)) - RPC server for Block Protocol is listening at /0.0.0.0:36742
2019-10-15 09:58:57,758 [IPC Server listener on 36742] INFO  ipc.Server (Server.java:run(1153)) - IPC Server listener on 36742: starting
2019-10-15 09:58:57,758 [IPC Server Responder] INFO  ipc.Server (Server.java:run(1314)) - IPC Server Responder: starting
2019-10-15 09:58:57,761 [main] INFO  server.StorageContainerManager (StorageContainerManager.java:start(786)) - ScmDatanodeProtocl RPC server is listening at /0.0.0.0:45663
2019-10-15 09:58:57,761 [main] INFO  server.SCMDatanodeProtocolServer (SCMDatanodeProtocolServer.java:start(169)) - RPC server for DataNodes is listening at /0.0.0.0:45663
2019-10-15 09:58:57,762 [IPC Server listener on 45663] INFO  ipc.Server (Server.java:run(1153)) - IPC Server listener on 45663: starting
2019-10-15 09:58:57,762 [IPC Server Responder] INFO  ipc.Server (Server.java:run(1314)) - IPC Server Responder: starting
2019-10-15 09:58:57,766 [main] INFO  http.HttpServer2 (HttpServer2.java:bindListener(1191)) - Jetty bound to port 43098
2019-10-15 09:58:57,766 [main] INFO  server.Server (Server.java:doStart(351)) - jetty-9.3.25.v20180904, build timestamp: 2018-09-04T21:11:46Z, git hash: 3ce520221d0240229c862b122d2b06c12a625732
2019-10-15 09:58:57,768 [main] INFO  handler.ContextHandler (ContextHandler.java:doStart(781)) - Started o.e.j.s.ServletContextHandler@70b6db83{/logs,file:///workdir/hadoop-ozone/integration-test/target/log,AVAILABLE}
2019-10-15 09:58:57,768 [main] INFO  handler.ContextHandler (ContextHandler.java:doStart(781)) - Started o.e.j.s.ServletContextHandler@559af296{/static,file:///workdir/hadoop-ozone/integration-test/target/test-classes/webapps/static,AVAILABLE}
2019-10-15 09:58:57,772 [main] INFO  handler.ContextHandler (ContextHandler.java:doStart(781)) - Started o.e.j.w.WebAppContext@691541bc{/,file:///workdir/hadoop-ozone/integration-test/target/test-classes/webapps/scm/,AVAILABLE}{/scm}
2019-10-15 09:58:57,772 [main] INFO  server.AbstractConnector (AbstractConnector.java:doStart(278)) - Started ServerConnector@5b733ef7{HTTP/1.1,[http/1.1]}{0.0.0.0:43098}
2019-10-15 09:58:57,773 [main] INFO  server.Server (Server.java:doStart(419)) - Started @207684ms
2019-10-15 09:58:57,773 [main] WARN  impl.MetricsSystemImpl (MetricsSystemImpl.java:register(276)) - Sink prometheus already exists!
2019-10-15 09:58:57,774 [main] INFO  server.BaseHttpServer (BaseHttpServer.java:updateConnectorAddress(215)) - HTTP server of SCM is listening at http://0.0.0.0:43098
2019-10-15 09:58:57,774 [main] WARN  server.ServerUtils (ServerUtils.java:getDBPath(222)) - ozone.om.db.dirs is not configured. We recommend adding this setting. Falling back to ozone.metadata.dirs instead.
2019-10-15 09:58:57,774 [org.apache.hadoop.util.JvmPauseMonitor$Monitor@764fffa0] INFO  util.JvmPauseMonitor (JvmPauseMonitor.java:run(188)) - Starting JVM pause monitor
2019-10-15 09:58:57,788 [main] INFO  ha.OMHANodeDetails (OMHANodeDetails.java:loadOMHAConfig(190)) - Configuration either no ozone.om.address set. Falling back to the default OM address /127.0.0.1:0
2019-10-15 09:58:57,788 [main] INFO  ha.OMHANodeDetails (OMHANodeDetails.java:getOMNodeDetails(220)) - OM Service ID is not set. Setting it to the default ID: omServiceIdDefault
2019-10-15 09:58:57,788 [main] WARN  server.ServerUtils (ServerUtils.java:getDBPath(222)) - ozone.om.db.dirs is not configured. We recommend adding this setting. Falling back to ozone.metadata.dirs instead.
2019-10-15 09:58:57,788 [main] WARN  server.ServerUtils (ServerUtils.java:getDBPath(222)) - ozone.om.db.dirs is not configured. We recommend adding this setting. Falling back to ozone.metadata.dirs instead.
2019-10-15 09:58:57,795 [main] WARN  server.ServerUtils (ServerUtils.java:getDBPath(222)) - ozone.om.db.dirs is not configured. We recommend adding this setting. Falling back to ozone.metadata.dirs instead.
2019-10-15 09:58:57,796 [main] INFO  db.DBStoreBuilder (DBStoreBuilder.java:addTable(117)) - using custom profile for table: userTable
2019-10-15 09:58:57,796 [main] INFO  db.DBStoreBuilder (DBStoreBuilder.java:processTables(168)) - Using default column profile:DBProfile.DISK for Table:userTable
2019-10-15 09:58:57,796 [main] INFO  db.DBStoreBuilder (DBStoreBuilder.java:addTable(117)) - using custom profile for table: volumeTable
2019-10-15 09:58:57,796 [main] INFO  db.DBStoreBuilder (DBStoreBuilder.java:processTables(168)) - Using default column profile:DBProfile.DISK for Table:volumeTable
2019-10-15 09:58:57,796 [main] INFO  db.DBStoreBuilder (DBStoreBuilder.java:addTable(117)) - using custom profile for table: bucketTable
2019-10-15 09:58:57,796 [main] INFO  db.DBStoreBuilder (DBStoreBuilder.java:processTables(168)) - Using default column profile:DBProfile.DISK for Table:bucketTable
2019-10-15 09:58:57,796 [main] INFO  db.DBStoreBuilder (DBStoreBuilder.java:addTable(117)) - using custom profile for table: keyTable
2019-10-15 09:58:57,797 [main] INFO  db.DBStoreBuilder (DBStoreBuilder.java:processTables(168)) - Using default column profile:DBProfile.DISK for Table:keyTable
2019-10-15 09:58:57,797 [main] INFO  db.DBStoreBuilder (DBStoreBuilder.java:addTable(117)) - using custom profile for table: deletedTable
2019-10-15 09:58:57,797 [main] INFO  db.DBStoreBuilder (DBStoreBuilder.java:processTables(168)) - Using default column profile:DBProfile.DISK for Table:deletedTable
2019-10-15 09:58:57,797 [main] INFO  db.DBStoreBuilder (DBStoreBuilder.java:addTable(117)) - using custom profile for table: openKeyTable
2019-10-15 09:58:57,797 [main] INFO  db.DBStoreBuilder (DBStoreBuilder.java:processTables(168)) - Using default column profile:DBProfile.DISK for Table:openKeyTable
2019-10-15 09:58:57,797 [main] INFO  db.DBStoreBuilder (DBStoreBuilder.java:addTable(117)) - using custom profile for table: s3Table
2019-10-15 09:58:57,797 [main] INFO  db.DBStoreBuilder (DBStoreBuilder.java:processTables(168)) - Using default column profile:DBProfile.DISK for Table:s3Table
2019-10-15 09:58:57,797 [main] INFO  db.DBStoreBuilder (DBStoreBuilder.java:addTable(117)) - using custom profile for table: multipartInfoTable
2019-10-15 09:58:57,798 [main] INFO  db.DBStoreBuilder (DBStoreBuilder.java:processTables(168)) - Using default column profile:DBProfile.DISK for Table:multipartInfoTable
2019-10-15 09:58:57,798 [main] INFO  db.DBStoreBuilder (DBStoreBuilder.java:addTable(117)) - using custom profile for table: dTokenTable
2019-10-15 09:58:57,798 [main] INFO  db.DBStoreBuilder (DBStoreBuilder.java:processTables(168)) - Using default column profile:DBProfile.DISK for Table:dTokenTable
2019-10-15 09:58:57,798 [main] INFO  db.DBStoreBuilder (DBStoreBuilder.java:addTable(117)) - using custom profile for table: s3SecretTable
2019-10-15 09:58:57,798 [main] INFO  db.DBStoreBuilder (DBStoreBuilder.java:processTables(168)) - Using default column profile:DBProfile.DISK for Table:s3SecretTable
2019-10-15 09:58:57,798 [main] INFO  db.DBStoreBuilder (DBStoreBuilder.java:addTable(117)) - using custom profile for table: prefixTable
2019-10-15 09:58:57,798 [main] INFO  db.DBStoreBuilder (DBStoreBuilder.java:processTables(168)) - Using default column profile:DBProfile.DISK for Table:prefixTable
2019-10-15 09:58:57,799 [main] INFO  db.DBStoreBuilder (DBStoreBuilder.java:addTable(117)) - using custom profile for table: default
2019-10-15 09:58:57,799 [main] INFO  db.DBStoreBuilder (DBStoreBuilder.java:processTables(174)) - Using default column profile:DBProfile.DISK for Table:default
2019-10-15 09:58:57,799 [main] INFO  db.DBStoreBuilder (DBStoreBuilder.java:getDbProfile(205)) - Using default options. DBProfile.DISK
2019-10-15 09:58:58,174 [main] INFO  ipc.CallQueueManager (CallQueueManager.java:<init>(84)) - Using callQueue: class java.util.concurrent.LinkedBlockingQueue, queueCapacity: 2000, scheduler: class org.apache.hadoop.ipc.DefaultRpcScheduler, ipcBackoff: false.
2019-10-15 09:58:58,175 [Socket Reader #1 for port 45284] INFO  ipc.Server (Server.java:run(1074)) - Starting Socket Reader #1 for port 45284
2019-10-15 09:58:58,187 [main] INFO  om.OzoneManager (OzoneManager.java:start(1071)) - OzoneManager RPC server is listening at localhost/127.0.0.1:45284
2019-10-15 09:58:58,187 [main] INFO  impl.MetricsSystemImpl (MetricsSystemImpl.java:init(158)) - OzoneManager metrics system started (again)
2019-10-15 09:58:58,188 [IPC Server Responder] INFO  ipc.Server (Server.java:run(1314)) - IPC Server Responder: starting
2019-10-15 09:58:58,189 [IPC Server listener on 45284] INFO  ipc.Server (Server.java:run(1153)) - IPC Server listener on 45284: starting
2019-10-15 09:58:58,193 [main] INFO  hdfs.DFSUtil (DFSUtil.java:httpServerTemplateForNNAndJN(1641)) - Starting Web-server for ozoneManager at: http://0.0.0.0:0
2019-10-15 09:58:58,194 [main] INFO  server.AuthenticationFilter (AuthenticationFilter.java:constructSecretProvider(240)) - Unable to initialize FileSignerSecretProvider, falling back to use random secrets.
2019-10-15 09:58:58,194 [main] WARN  http.HttpRequestLog (HttpRequestLog.java:getRequestLog(97)) - Jetty request log can only be enabled using Log4j
2019-10-15 09:58:58,196 [main] INFO  http.HttpServer2 (HttpServer2.java:addGlobalFilter(975)) - Added global filter 'safety' (class=org.apache.hadoop.http.HttpServer2$QuotingInputFilter)
2019-10-15 09:58:58,196 [main] INFO  http.HttpServer2 (HttpServer2.java:addFilter(948)) - Added filter static_user_filter (class=org.apache.hadoop.http.lib.StaticUserWebFilter$StaticUserFilter) to context ozoneManager
2019-10-15 09:58:58,196 [main] INFO  http.HttpServer2 (HttpServer2.java:addFilter(958)) - Added filter static_user_filter (class=org.apache.hadoop.http.lib.StaticUserWebFilter$StaticUserFilter) to context static
2019-10-15 09:58:58,196 [main] INFO  http.HttpServer2 (HttpServer2.java:addFilter(958)) - Added filter static_user_filter (class=org.apache.hadoop.http.lib.StaticUserWebFilter$StaticUserFilter) to context logs
2019-10-15 09:58:58,197 [main] INFO  http.HttpServer2 (HttpServer2.java:bindListener(1191)) - Jetty bound to port 33759
2019-10-15 09:58:58,197 [main] INFO  server.Server (Server.java:doStart(351)) - jetty-9.3.25.v20180904, build timestamp: 2018-09-04T21:11:46Z, git hash: 3ce520221d0240229c862b122d2b06c12a625732
2019-10-15 09:58:58,199 [main] INFO  handler.ContextHandler (ContextHandler.java:doStart(781)) - Started o.e.j.s.ServletContextHandler@f882465{/logs,file:///workdir/hadoop-ozone/integration-test/target/log,AVAILABLE}
2019-10-15 09:58:58,199 [main] INFO  handler.ContextHandler (ContextHandler.java:doStart(781)) - Started o.e.j.s.ServletContextHandler@4a50c746{/static,file:///workdir/hadoop-ozone/integration-test/target/test-classes/webapps/static,AVAILABLE}
2019-10-15 09:58:58,203 [main] INFO  handler.ContextHandler (ContextHandler.java:doStart(781)) - Started o.e.j.w.WebAppContext@1efac5b9{/,file:///workdir/hadoop-ozone/integration-test/target/test-classes/webapps/ozoneManager/,AVAILABLE}{/ozoneManager}
2019-10-15 09:58:58,204 [main] INFO  server.AbstractConnector (AbstractConnector.java:doStart(278)) - Started ServerConnector@11a3a45f{HTTP/1.1,[http/1.1]}{0.0.0.0:33759}
2019-10-15 09:58:58,204 [main] INFO  server.Server (Server.java:doStart(419)) - Started @208116ms
2019-10-15 09:58:58,204 [main] WARN  impl.MetricsSystemImpl (MetricsSystemImpl.java:register(276)) - Sink prometheus already exists!
2019-10-15 09:58:58,205 [main] INFO  server.BaseHttpServer (BaseHttpServer.java:updateConnectorAddress(215)) - HTTP server of OZONEMANAGER is listening at http://0.0.0.0:33759
2019-10-15 09:58:58,217 [main] INFO  impl.MetricsSystemImpl (MetricsSystemImpl.java:init(158)) - HddsDatanode metrics system started (again)
2019-10-15 09:58:58,220 [main] INFO  ozone.HddsDatanodeService (HddsDatanodeService.java:start(184)) - HddsDatanodeService host:dev-nightly-20191015-lc69l-4092513605 ip:192.168.69.65
2019-10-15 09:58:58,227 [main] INFO  volume.HddsVolume (HddsVolume.java:<init>(176)) - Creating Volume: /workdir/hadoop-ozone/integration-test/target/test-dir/MiniOzoneClusterImpl-6cd558f7-8af7-4672-8aed-8d3b5cfcb651/datanode-0/data/containers/hdds of  storage type : DISK and capacity : 1482555576320
2019-10-15 09:58:58,227 [main] INFO  volume.VolumeSet (VolumeSet.java:initializeVolumeSet(170)) - Added Volume : /workdir/hadoop-ozone/integration-test/target/test-dir/MiniOzoneClusterImpl-6cd558f7-8af7-4672-8aed-8d3b5cfcb651/datanode-0/data/containers/hdds to VolumeSet
2019-10-15 09:58:58,227 [main] INFO  volume.ThrottledAsyncChecker (ThrottledAsyncChecker.java:schedule(141)) - Scheduling a check for /workdir/hadoop-ozone/integration-test/target/test-dir/MiniOzoneClusterImpl-6cd558f7-8af7-4672-8aed-8d3b5cfcb651/datanode-0/data/containers/hdds
2019-10-15 09:58:58,229 [main] INFO  volume.HddsVolumeChecker (HddsVolumeChecker.java:checkAllVolumes(204)) - Scheduled health check for volume /workdir/hadoop-ozone/integration-test/target/test-dir/MiniOzoneClusterImpl-6cd558f7-8af7-4672-8aed-8d3b5cfcb651/datanode-0/data/containers/hdds
2019-10-15 09:58:58,239 [main] INFO  impl.RaftServerProxy (ConfUtils.java:logGet(43)) - raft.rpc.type = GRPC (default)
2019-10-15 09:58:58,239 [main] INFO  grpc.GrpcFactory (GrpcFactory.java:checkPooledByteBufAllocatorUseCacheForAllThreads(45)) - PERFORMANCE WARNING: useCacheForAllThreads is true that may cause Netty to create a lot garbage objects and, as a result, trigger GC.
	It is recommended to disable useCacheForAllThreads by setting -Dorg.apache.ratis.thirdparty.io.netty.allocator.useCacheForAllThreads=false in command line.
2019-10-15 09:58:58,240 [main] INFO  grpc.GrpcConfigKeys$Server (ConfUtils.java:logGet(43)) - raft.grpc.server.port = 0 (default)
2019-10-15 09:58:58,240 [main] INFO  server.GrpcService (ConfUtils.java:logGet(43)) - raft.grpc.message.size.max = 33570816 (custom)
2019-10-15 09:58:58,240 [main] INFO  server.RaftServerConfigKeys (ConfUtils.java:logGet(43)) - raft.server.log.appender.buffer.byte-limit = 33554432 (custom)
2019-10-15 09:58:58,240 [main] INFO  server.GrpcService (ConfUtils.java:logGet(43)) - raft.grpc.flow.control.window = 1MB (=1048576) (default)
2019-10-15 09:58:58,240 [main] INFO  server.RaftServerConfigKeys (ConfUtils.java:logGet(43)) - raft.server.rpc.request.timeout = 3000ms (default)
2019-10-15 09:58:58,241 [main] INFO  server.RaftServerConfigKeys (ConfUtils.java:logGet(43)) - raft.server.storage.dir = [/workdir/hadoop-ozone/integration-test/target/test-dir/MiniOzoneClusterImpl-6cd558f7-8af7-4672-8aed-8d3b5cfcb651/datanode-0/data/ratis] (custom)
2019-10-15 09:58:58,242 [main] INFO  hdfs.DFSUtil (DFSUtil.java:httpServerTemplateForNNAndJN(1641)) - Starting Web-server for hddsDatanode at: http://0.0.0.0:0
2019-10-15 09:58:58,243 [main] INFO  server.AuthenticationFilter (AuthenticationFilter.java:constructSecretProvider(240)) - Unable to initialize FileSignerSecretProvider, falling back to use random secrets.
2019-10-15 09:58:58,244 [main] WARN  http.HttpRequestLog (HttpRequestLog.java:getRequestLog(97)) - Jetty request log can only be enabled using Log4j
2019-10-15 09:58:58,245 [main] INFO  http.HttpServer2 (HttpServer2.java:addGlobalFilter(975)) - Added global filter 'safety' (class=org.apache.hadoop.http.HttpServer2$QuotingInputFilter)
2019-10-15 09:58:58,245 [main] INFO  http.HttpServer2 (HttpServer2.java:addFilter(948)) - Added filter static_user_filter (class=org.apache.hadoop.http.lib.StaticUserWebFilter$StaticUserFilter) to context hddsDatanode
2019-10-15 09:58:58,245 [main] INFO  http.HttpServer2 (HttpServer2.java:addFilter(958)) - Added filter static_user_filter (class=org.apache.hadoop.http.lib.StaticUserWebFilter$StaticUserFilter) to context logs
2019-10-15 09:58:58,245 [main] INFO  http.HttpServer2 (HttpServer2.java:addFilter(958)) - Added filter static_user_filter (class=org.apache.hadoop.http.lib.StaticUserWebFilter$StaticUserFilter) to context static
2019-10-15 09:58:58,246 [main] INFO  http.HttpServer2 (HttpServer2.java:bindListener(1191)) - Jetty bound to port 35770
2019-10-15 09:58:58,246 [main] INFO  server.Server (Server.java:doStart(351)) - jetty-9.3.25.v20180904, build timestamp: 2018-09-04T21:11:46Z, git hash: 3ce520221d0240229c862b122d2b06c12a625732
2019-10-15 09:58:58,247 [main] INFO  handler.ContextHandler (ContextHandler.java:doStart(781)) - Started o.e.j.s.ServletContextHandler@4fb64e14{/logs,file:///workdir/hadoop-ozone/integration-test/target/log,AVAILABLE}
2019-10-15 09:58:58,248 [main] INFO  handler.ContextHandler (ContextHandler.java:doStart(781)) - Started o.e.j.s.ServletContextHandler@a2b54e3{/static,jar:file:/home/user/.m2/repository/org/apache/hadoop/hadoop-hdds-container-service/0.5.0-SNAPSHOT/hadoop-hdds-container-service-0.5.0-SNAPSHOT.jar!/webapps/static,AVAILABLE}
2019-10-15 09:58:58,275 [main] INFO  handler.ContextHandler (ContextHandler.java:doStart(781)) - Started o.e.j.w.WebAppContext@6e9a0bea{/,file:///tmp/jetty-0.0.0.0-35770-hddsDatanode-_-any-7451511186748244409.dir/webapp/,AVAILABLE}{/hddsDatanode}
2019-10-15 09:58:58,275 [main] INFO  server.AbstractConnector (AbstractConnector.java:doStart(278)) - Started ServerConnector@28fc1132{HTTP/1.1,[http/1.1]}{0.0.0.0:35770}
2019-10-15 09:58:58,276 [main] INFO  server.Server (Server.java:doStart(419)) - Started @208187ms
2019-10-15 09:58:58,276 [main] WARN  impl.MetricsSystemImpl (MetricsSystemImpl.java:register(276)) - Sink prometheus already exists!
2019-10-15 09:58:58,277 [main] INFO  server.BaseHttpServer (BaseHttpServer.java:updateConnectorAddress(215)) - HTTP server of HDDSDATANODE is listening at http://0.0.0.0:35770
2019-10-15 09:58:58,277 [main] INFO  impl.MetricsSystemImpl (MetricsSystemImpl.java:init(158)) - HddsDatanode metrics system started (again)
2019-10-15 09:58:58,281 [org.apache.hadoop.util.JvmPauseMonitor$Monitor@370d0ae] INFO  util.JvmPauseMonitor (JvmPauseMonitor.java:run(188)) - Starting JVM pause monitor
2019-10-15 09:58:58,282 [main] INFO  ozone.HddsDatanodeService (HddsDatanodeService.java:start(184)) - HddsDatanodeService host:dev-nightly-20191015-lc69l-4092513605 ip:192.168.69.65
2019-10-15 09:58:58,283 [Datanode State Machine Thread - 0] INFO  datanode.InitDatanodeState (InitDatanodeState.java:persistContainerDatanodeDetails(140)) - DatanodeDetails is persisted to /workdir/hadoop-ozone/integration-test/target/test-dir/MiniOzoneClusterImpl-6cd558f7-8af7-4672-8aed-8d3b5cfcb651/datanode-0/meta/datanode.id
2019-10-15 09:58:58,288 [main] INFO  volume.HddsVolume (HddsVolume.java:<init>(176)) - Creating Volume: /workdir/hadoop-ozone/integration-test/target/test-dir/MiniOzoneClusterImpl-6cd558f7-8af7-4672-8aed-8d3b5cfcb651/datanode-1/data/containers/hdds of  storage type : DISK and capacity : 1482555576320
2019-10-15 09:58:58,288 [main] INFO  volume.VolumeSet (VolumeSet.java:initializeVolumeSet(170)) - Added Volume : /workdir/hadoop-ozone/integration-test/target/test-dir/MiniOzoneClusterImpl-6cd558f7-8af7-4672-8aed-8d3b5cfcb651/datanode-1/data/containers/hdds to VolumeSet
2019-10-15 09:58:58,289 [main] INFO  volume.ThrottledAsyncChecker (ThrottledAsyncChecker.java:schedule(141)) - Scheduling a check for /workdir/hadoop-ozone/integration-test/target/test-dir/MiniOzoneClusterImpl-6cd558f7-8af7-4672-8aed-8d3b5cfcb651/datanode-1/data/containers/hdds
2019-10-15 09:58:58,289 [main] INFO  volume.HddsVolumeChecker (HddsVolumeChecker.java:checkAllVolumes(204)) - Scheduled health check for volume /workdir/hadoop-ozone/integration-test/target/test-dir/MiniOzoneClusterImpl-6cd558f7-8af7-4672-8aed-8d3b5cfcb651/datanode-1/data/containers/hdds
2019-10-15 09:58:58,303 [main] INFO  impl.RaftServerProxy (ConfUtils.java:logGet(43)) - raft.rpc.type = GRPC (default)
2019-10-15 09:58:58,304 [main] INFO  grpc.GrpcFactory (GrpcFactory.java:checkPooledByteBufAllocatorUseCacheForAllThreads(45)) - PERFORMANCE WARNING: useCacheForAllThreads is true that may cause Netty to create a lot garbage objects and, as a result, trigger GC.
	It is recommended to disable useCacheForAllThreads by setting -Dorg.apache.ratis.thirdparty.io.netty.allocator.useCacheForAllThreads=false in command line.
2019-10-15 09:58:58,304 [main] INFO  grpc.GrpcConfigKeys$Server (ConfUtils.java:logGet(43)) - raft.grpc.server.port = 0 (default)
2019-10-15 09:58:58,304 [main] INFO  server.GrpcService (ConfUtils.java:logGet(43)) - raft.grpc.message.size.max = 33570816 (custom)
2019-10-15 09:58:58,304 [main] INFO  server.RaftServerConfigKeys (ConfUtils.java:logGet(43)) - raft.server.log.appender.buffer.byte-limit = 33554432 (custom)
2019-10-15 09:58:58,304 [main] INFO  server.GrpcService (ConfUtils.java:logGet(43)) - raft.grpc.flow.control.window = 1MB (=1048576) (default)
2019-10-15 09:58:58,305 [main] INFO  server.RaftServerConfigKeys (ConfUtils.java:logGet(43)) - raft.server.rpc.request.timeout = 3000ms (default)
2019-10-15 09:58:58,305 [main] INFO  server.RaftServerConfigKeys (ConfUtils.java:logGet(43)) - raft.server.storage.dir = [/workdir/hadoop-ozone/integration-test/target/test-dir/MiniOzoneClusterImpl-6cd558f7-8af7-4672-8aed-8d3b5cfcb651/datanode-1/data/ratis] (custom)
2019-10-15 09:58:58,306 [main] INFO  hdfs.DFSUtil (DFSUtil.java:httpServerTemplateForNNAndJN(1641)) - Starting Web-server for hddsDatanode at: http://0.0.0.0:0
2019-10-15 09:58:58,308 [main] INFO  server.AuthenticationFilter (AuthenticationFilter.java:constructSecretProvider(240)) - Unable to initialize FileSignerSecretProvider, falling back to use random secrets.
2019-10-15 09:58:58,308 [main] WARN  http.HttpRequestLog (HttpRequestLog.java:getRequestLog(97)) - Jetty request log can only be enabled using Log4j
2019-10-15 09:58:58,309 [main] INFO  http.HttpServer2 (HttpServer2.java:addGlobalFilter(975)) - Added global filter 'safety' (class=org.apache.hadoop.http.HttpServer2$QuotingInputFilter)
2019-10-15 09:58:58,310 [main] INFO  http.HttpServer2 (HttpServer2.java:addFilter(948)) - Added filter static_user_filter (class=org.apache.hadoop.http.lib.StaticUserWebFilter$StaticUserFilter) to context hddsDatanode
2019-10-15 09:58:58,310 [main] INFO  http.HttpServer2 (HttpServer2.java:addFilter(958)) - Added filter static_user_filter (class=org.apache.hadoop.http.lib.StaticUserWebFilter$StaticUserFilter) to context logs
2019-10-15 09:58:58,310 [main] INFO  http.HttpServer2 (HttpServer2.java:addFilter(958)) - Added filter static_user_filter (class=org.apache.hadoop.http.lib.StaticUserWebFilter$StaticUserFilter) to context static
2019-10-15 09:58:58,311 [main] INFO  http.HttpServer2 (HttpServer2.java:bindListener(1191)) - Jetty bound to port 39551
2019-10-15 09:58:58,311 [main] INFO  server.Server (Server.java:doStart(351)) - jetty-9.3.25.v20180904, build timestamp: 2018-09-04T21:11:46Z, git hash: 3ce520221d0240229c862b122d2b06c12a625732
2019-10-15 09:58:58,313 [main] INFO  handler.ContextHandler (ContextHandler.java:doStart(781)) - Started o.e.j.s.ServletContextHandler@4d354a3e{/logs,file:///workdir/hadoop-ozone/integration-test/target/log,AVAILABLE}
2019-10-15 09:58:58,313 [main] INFO  handler.ContextHandler (ContextHandler.java:doStart(781)) - Started o.e.j.s.ServletContextHandler@604d28c6{/static,jar:file:/home/user/.m2/repository/org/apache/hadoop/hadoop-hdds-container-service/0.5.0-SNAPSHOT/hadoop-hdds-container-service-0.5.0-SNAPSHOT.jar!/webapps/static,AVAILABLE}
2019-10-15 09:58:58,347 [main] INFO  handler.ContextHandler (ContextHandler.java:doStart(781)) - Started o.e.j.w.WebAppContext@67328bcb{/,file:///tmp/jetty-0.0.0.0-39551-hddsDatanode-_-any-944156832367031441.dir/webapp/,AVAILABLE}{/hddsDatanode}
2019-10-15 09:58:58,347 [main] INFO  server.AbstractConnector (AbstractConnector.java:doStart(278)) - Started ServerConnector@51ba952e{HTTP/1.1,[http/1.1]}{0.0.0.0:39551}
2019-10-15 09:58:58,348 [main] INFO  server.Server (Server.java:doStart(419)) - Started @208259ms
2019-10-15 09:58:58,348 [main] WARN  impl.MetricsSystemImpl (MetricsSystemImpl.java:register(276)) - Sink prometheus already exists!
2019-10-15 09:58:58,349 [main] INFO  server.BaseHttpServer (BaseHttpServer.java:updateConnectorAddress(215)) - HTTP server of HDDSDATANODE is listening at http://0.0.0.0:39551
2019-10-15 09:58:58,349 [main] INFO  impl.MetricsSystemImpl (MetricsSystemImpl.java:init(158)) - HddsDatanode metrics system started (again)
2019-10-15 09:58:58,353 [main] INFO  ozone.HddsDatanodeService (HddsDatanodeService.java:start(184)) - HddsDatanodeService host:dev-nightly-20191015-lc69l-4092513605 ip:192.168.69.65
2019-10-15 09:58:58,353 [org.apache.hadoop.util.JvmPauseMonitor$Monitor@5eadac79] INFO  util.JvmPauseMonitor (JvmPauseMonitor.java:run(188)) - Starting JVM pause monitor
2019-10-15 09:58:58,354 [Datanode State Machine Thread - 0] INFO  datanode.InitDatanodeState (InitDatanodeState.java:persistContainerDatanodeDetails(140)) - DatanodeDetails is persisted to /workdir/hadoop-ozone/integration-test/target/test-dir/MiniOzoneClusterImpl-6cd558f7-8af7-4672-8aed-8d3b5cfcb651/datanode-1/meta/datanode.id
2019-10-15 09:58:58,359 [main] INFO  volume.HddsVolume (HddsVolume.java:<init>(176)) - Creating Volume: /workdir/hadoop-ozone/integration-test/target/test-dir/MiniOzoneClusterImpl-6cd558f7-8af7-4672-8aed-8d3b5cfcb651/datanode-2/data/containers/hdds of  storage type : DISK and capacity : 1482555576320
2019-10-15 09:58:58,360 [main] INFO  volume.VolumeSet (VolumeSet.java:initializeVolumeSet(170)) - Added Volume : /workdir/hadoop-ozone/integration-test/target/test-dir/MiniOzoneClusterImpl-6cd558f7-8af7-4672-8aed-8d3b5cfcb651/datanode-2/data/containers/hdds to VolumeSet
2019-10-15 09:58:58,360 [main] INFO  volume.ThrottledAsyncChecker (ThrottledAsyncChecker.java:schedule(141)) - Scheduling a check for /workdir/hadoop-ozone/integration-test/target/test-dir/MiniOzoneClusterImpl-6cd558f7-8af7-4672-8aed-8d3b5cfcb651/datanode-2/data/containers/hdds
2019-10-15 09:58:58,360 [main] INFO  volume.HddsVolumeChecker (HddsVolumeChecker.java:checkAllVolumes(204)) - Scheduled health check for volume /workdir/hadoop-ozone/integration-test/target/test-dir/MiniOzoneClusterImpl-6cd558f7-8af7-4672-8aed-8d3b5cfcb651/datanode-2/data/containers/hdds
2019-10-15 09:58:58,371 [main] INFO  impl.RaftServerProxy (ConfUtils.java:logGet(43)) - raft.rpc.type = GRPC (default)
2019-10-15 09:58:58,372 [main] INFO  grpc.GrpcFactory (GrpcFactory.java:checkPooledByteBufAllocatorUseCacheForAllThreads(45)) - PERFORMANCE WARNING: useCacheForAllThreads is true that may cause Netty to create a lot garbage objects and, as a result, trigger GC.
	It is recommended to disable useCacheForAllThreads by setting -Dorg.apache.ratis.thirdparty.io.netty.allocator.useCacheForAllThreads=false in command line.
2019-10-15 09:58:58,372 [main] INFO  grpc.GrpcConfigKeys$Server (ConfUtils.java:logGet(43)) - raft.grpc.server.port = 0 (default)
2019-10-15 09:58:58,372 [main] INFO  server.GrpcService (ConfUtils.java:logGet(43)) - raft.grpc.message.size.max = 33570816 (custom)
2019-10-15 09:58:58,372 [main] INFO  server.RaftServerConfigKeys (ConfUtils.java:logGet(43)) - raft.server.log.appender.buffer.byte-limit = 33554432 (custom)
2019-10-15 09:58:58,372 [main] INFO  server.GrpcService (ConfUtils.java:logGet(43)) - raft.grpc.flow.control.window = 1MB (=1048576) (default)
2019-10-15 09:58:58,372 [main] INFO  server.RaftServerConfigKeys (ConfUtils.java:logGet(43)) - raft.server.rpc.request.timeout = 3000ms (default)
2019-10-15 09:58:58,373 [main] INFO  server.RaftServerConfigKeys (ConfUtils.java:logGet(43)) - raft.server.storage.dir = [/workdir/hadoop-ozone/integration-test/target/test-dir/MiniOzoneClusterImpl-6cd558f7-8af7-4672-8aed-8d3b5cfcb651/datanode-2/data/ratis] (custom)
2019-10-15 09:58:58,374 [main] INFO  hdfs.DFSUtil (DFSUtil.java:httpServerTemplateForNNAndJN(1641)) - Starting Web-server for hddsDatanode at: http://0.0.0.0:0
2019-10-15 09:58:58,375 [main] INFO  server.AuthenticationFilter (AuthenticationFilter.java:constructSecretProvider(240)) - Unable to initialize FileSignerSecretProvider, falling back to use random secrets.
2019-10-15 09:58:58,375 [main] WARN  http.HttpRequestLog (HttpRequestLog.java:getRequestLog(97)) - Jetty request log can only be enabled using Log4j
2019-10-15 09:58:58,376 [main] INFO  http.HttpServer2 (HttpServer2.java:addGlobalFilter(975)) - Added global filter 'safety' (class=org.apache.hadoop.http.HttpServer2$QuotingInputFilter)
2019-10-15 09:58:58,377 [main] INFO  http.HttpServer2 (HttpServer2.java:addFilter(948)) - Added filter static_user_filter (class=org.apache.hadoop.http.lib.StaticUserWebFilter$StaticUserFilter) to context hddsDatanode
2019-10-15 09:58:58,377 [main] INFO  http.HttpServer2 (HttpServer2.java:addFilter(958)) - Added filter static_user_filter (class=org.apache.hadoop.http.lib.StaticUserWebFilter$StaticUserFilter) to context logs
2019-10-15 09:58:58,377 [main] INFO  http.HttpServer2 (HttpServer2.java:addFilter(958)) - Added filter static_user_filter (class=org.apache.hadoop.http.lib.StaticUserWebFilter$StaticUserFilter) to context static
2019-10-15 09:58:58,378 [main] INFO  http.HttpServer2 (HttpServer2.java:bindListener(1191)) - Jetty bound to port 40039
2019-10-15 09:58:58,378 [main] INFO  server.Server (Server.java:doStart(351)) - jetty-9.3.25.v20180904, build timestamp: 2018-09-04T21:11:46Z, git hash: 3ce520221d0240229c862b122d2b06c12a625732
2019-10-15 09:58:58,379 [main] INFO  handler.ContextHandler (ContextHandler.java:doStart(781)) - Started o.e.j.s.ServletContextHandler@2db86a7c{/logs,file:///workdir/hadoop-ozone/integration-test/target/log,AVAILABLE}
2019-10-15 09:58:58,379 [main] INFO  handler.ContextHandler (ContextHandler.java:doStart(781)) - Started o.e.j.s.ServletContextHandler@5b02a984{/static,jar:file:/home/user/.m2/repository/org/apache/hadoop/hadoop-hdds-container-service/0.5.0-SNAPSHOT/hadoop-hdds-container-service-0.5.0-SNAPSHOT.jar!/webapps/static,AVAILABLE}
2019-10-15 09:58:58,408 [main] INFO  handler.ContextHandler (ContextHandler.java:doStart(781)) - Started o.e.j.w.WebAppContext@5968800d{/,file:///tmp/jetty-0.0.0.0-40039-hddsDatanode-_-any-6529495490200694365.dir/webapp/,AVAILABLE}{/hddsDatanode}
2019-10-15 09:58:58,408 [main] INFO  server.AbstractConnector (AbstractConnector.java:doStart(278)) - Started ServerConnector@3887c7d7{HTTP/1.1,[http/1.1]}{0.0.0.0:40039}
2019-10-15 09:58:58,409 [main] INFO  server.Server (Server.java:doStart(419)) - Started @208320ms
2019-10-15 09:58:58,409 [main] WARN  impl.MetricsSystemImpl (MetricsSystemImpl.java:register(276)) - Sink prometheus already exists!
2019-10-15 09:58:58,410 [main] INFO  server.BaseHttpServer (BaseHttpServer.java:updateConnectorAddress(215)) - HTTP server of HDDSDATANODE is listening at http://0.0.0.0:40039
2019-10-15 09:58:58,410 [main] INFO  impl.MetricsSystemImpl (MetricsSystemImpl.java:init(158)) - HddsDatanode metrics system started (again)
2019-10-15 09:58:58,414 [main] INFO  ozone.HddsDatanodeService (HddsDatanodeService.java:start(184)) - HddsDatanodeService host:dev-nightly-20191015-lc69l-4092513605 ip:192.168.69.65
2019-10-15 09:58:58,414 [org.apache.hadoop.util.JvmPauseMonitor$Monitor@5930a62f] INFO  util.JvmPauseMonitor (JvmPauseMonitor.java:run(188)) - Starting JVM pause monitor
2019-10-15 09:58:58,415 [Datanode State Machine Thread - 0] INFO  datanode.InitDatanodeState (InitDatanodeState.java:persistContainerDatanodeDetails(140)) - DatanodeDetails is persisted to /workdir/hadoop-ozone/integration-test/target/test-dir/MiniOzoneClusterImpl-6cd558f7-8af7-4672-8aed-8d3b5cfcb651/datanode-2/meta/datanode.id
2019-10-15 09:58:58,421 [main] INFO  volume.HddsVolume (HddsVolume.java:<init>(176)) - Creating Volume: /workdir/hadoop-ozone/integration-test/target/test-dir/MiniOzoneClusterImpl-6cd558f7-8af7-4672-8aed-8d3b5cfcb651/datanode-3/data/containers/hdds of  storage type : DISK and capacity : 1482555576320
2019-10-15 09:58:58,421 [main] INFO  volume.VolumeSet (VolumeSet.java:initializeVolumeSet(170)) - Added Volume : /workdir/hadoop-ozone/integration-test/target/test-dir/MiniOzoneClusterImpl-6cd558f7-8af7-4672-8aed-8d3b5cfcb651/datanode-3/data/containers/hdds to VolumeSet
2019-10-15 09:58:58,421 [main] INFO  volume.ThrottledAsyncChecker (ThrottledAsyncChecker.java:schedule(141)) - Scheduling a check for /workdir/hadoop-ozone/integration-test/target/test-dir/MiniOzoneClusterImpl-6cd558f7-8af7-4672-8aed-8d3b5cfcb651/datanode-3/data/containers/hdds
2019-10-15 09:58:58,421 [main] INFO  volume.HddsVolumeChecker (HddsVolumeChecker.java:checkAllVolumes(204)) - Scheduled health check for volume /workdir/hadoop-ozone/integration-test/target/test-dir/MiniOzoneClusterImpl-6cd558f7-8af7-4672-8aed-8d3b5cfcb651/datanode-3/data/containers/hdds
2019-10-15 09:58:58,432 [main] INFO  impl.RaftServerProxy (ConfUtils.java:logGet(43)) - raft.rpc.type = GRPC (default)
2019-10-15 09:58:58,433 [main] INFO  grpc.GrpcFactory (GrpcFactory.java:checkPooledByteBufAllocatorUseCacheForAllThreads(45)) - PERFORMANCE WARNING: useCacheForAllThreads is true that may cause Netty to create a lot garbage objects and, as a result, trigger GC.
	It is recommended to disable useCacheForAllThreads by setting -Dorg.apache.ratis.thirdparty.io.netty.allocator.useCacheForAllThreads=false in command line.
2019-10-15 09:58:58,433 [main] INFO  grpc.GrpcConfigKeys$Server (ConfUtils.java:logGet(43)) - raft.grpc.server.port = 0 (default)
2019-10-15 09:58:58,433 [main] INFO  server.GrpcService (ConfUtils.java:logGet(43)) - raft.grpc.message.size.max = 33570816 (custom)
2019-10-15 09:58:58,433 [main] INFO  server.RaftServerConfigKeys (ConfUtils.java:logGet(43)) - raft.server.log.appender.buffer.byte-limit = 33554432 (custom)
2019-10-15 09:58:58,433 [main] INFO  server.GrpcService (ConfUtils.java:logGet(43)) - raft.grpc.flow.control.window = 1MB (=1048576) (default)
2019-10-15 09:58:58,433 [main] INFO  server.RaftServerConfigKeys (ConfUtils.java:logGet(43)) - raft.server.rpc.request.timeout = 3000ms (default)
2019-10-15 09:58:58,434 [main] INFO  server.RaftServerConfigKeys (ConfUtils.java:logGet(43)) - raft.server.storage.dir = [/workdir/hadoop-ozone/integration-test/target/test-dir/MiniOzoneClusterImpl-6cd558f7-8af7-4672-8aed-8d3b5cfcb651/datanode-3/data/ratis] (custom)
2019-10-15 09:58:58,435 [main] INFO  hdfs.DFSUtil (DFSUtil.java:httpServerTemplateForNNAndJN(1641)) - Starting Web-server for hddsDatanode at: http://0.0.0.0:0
2019-10-15 09:58:58,436 [main] INFO  server.AuthenticationFilter (AuthenticationFilter.java:constructSecretProvider(240)) - Unable to initialize FileSignerSecretProvider, falling back to use random secrets.
2019-10-15 09:58:58,436 [main] WARN  http.HttpRequestLog (HttpRequestLog.java:getRequestLog(97)) - Jetty request log can only be enabled using Log4j
2019-10-15 09:58:58,437 [main] INFO  http.HttpServer2 (HttpServer2.java:addGlobalFilter(975)) - Added global filter 'safety' (class=org.apache.hadoop.http.HttpServer2$QuotingInputFilter)
2019-10-15 09:58:58,437 [main] INFO  http.HttpServer2 (HttpServer2.java:addFilter(948)) - Added filter static_user_filter (class=org.apache.hadoop.http.lib.StaticUserWebFilter$StaticUserFilter) to context hddsDatanode
2019-10-15 09:58:58,437 [main] INFO  http.HttpServer2 (HttpServer2.java:addFilter(958)) - Added filter static_user_filter (class=org.apache.hadoop.http.lib.StaticUserWebFilter$StaticUserFilter) to context logs
2019-10-15 09:58:58,437 [main] INFO  http.HttpServer2 (HttpServer2.java:addFilter(958)) - Added filter static_user_filter (class=org.apache.hadoop.http.lib.StaticUserWebFilter$StaticUserFilter) to context static
2019-10-15 09:58:58,438 [main] INFO  http.HttpServer2 (HttpServer2.java:bindListener(1191)) - Jetty bound to port 32876
2019-10-15 09:58:58,438 [main] INFO  server.Server (Server.java:doStart(351)) - jetty-9.3.25.v20180904, build timestamp: 2018-09-04T21:11:46Z, git hash: 3ce520221d0240229c862b122d2b06c12a625732
2019-10-15 09:58:58,439 [main] INFO  handler.ContextHandler (ContextHandler.java:doStart(781)) - Started o.e.j.s.ServletContextHandler@62cbc478{/logs,file:///workdir/hadoop-ozone/integration-test/target/log,AVAILABLE}
2019-10-15 09:58:58,440 [main] INFO  handler.ContextHandler (ContextHandler.java:doStart(781)) - Started o.e.j.s.ServletContextHandler@512abf25{/static,jar:file:/home/user/.m2/repository/org/apache/hadoop/hadoop-hdds-container-service/0.5.0-SNAPSHOT/hadoop-hdds-container-service-0.5.0-SNAPSHOT.jar!/webapps/static,AVAILABLE}
2019-10-15 09:58:58,467 [main] INFO  handler.ContextHandler (ContextHandler.java:doStart(781)) - Started o.e.j.w.WebAppContext@5cfed0ba{/,file:///tmp/jetty-0.0.0.0-32876-hddsDatanode-_-any-2405563228891233958.dir/webapp/,AVAILABLE}{/hddsDatanode}
2019-10-15 09:58:58,467 [main] INFO  server.AbstractConnector (AbstractConnector.java:doStart(278)) - Started ServerConnector@5c8d58ed{HTTP/1.1,[http/1.1]}{0.0.0.0:32876}
2019-10-15 09:58:58,468 [main] INFO  server.Server (Server.java:doStart(419)) - Started @208380ms
2019-10-15 09:58:58,468 [main] WARN  impl.MetricsSystemImpl (MetricsSystemImpl.java:register(276)) - Sink prometheus already exists!
2019-10-15 09:58:58,469 [main] INFO  server.BaseHttpServer (BaseHttpServer.java:updateConnectorAddress(215)) - HTTP server of HDDSDATANODE is listening at http://0.0.0.0:32876
2019-10-15 09:58:58,469 [main] INFO  impl.MetricsSystemImpl (MetricsSystemImpl.java:init(158)) - HddsDatanode metrics system started (again)
2019-10-15 09:58:58,473 [org.apache.hadoop.util.JvmPauseMonitor$Monitor@28e383b5] INFO  util.JvmPauseMonitor (JvmPauseMonitor.java:run(188)) - Starting JVM pause monitor
2019-10-15 09:58:58,473 [main] INFO  ozone.HddsDatanodeService (HddsDatanodeService.java:start(184)) - HddsDatanodeService host:dev-nightly-20191015-lc69l-4092513605 ip:192.168.69.65
2019-10-15 09:58:58,474 [Datanode State Machine Thread - 0] INFO  datanode.InitDatanodeState (InitDatanodeState.java:persistContainerDatanodeDetails(140)) - DatanodeDetails is persisted to /workdir/hadoop-ozone/integration-test/target/test-dir/MiniOzoneClusterImpl-6cd558f7-8af7-4672-8aed-8d3b5cfcb651/datanode-3/meta/datanode.id
2019-10-15 09:58:58,479 [main] INFO  volume.HddsVolume (HddsVolume.java:<init>(176)) - Creating Volume: /workdir/hadoop-ozone/integration-test/target/test-dir/MiniOzoneClusterImpl-6cd558f7-8af7-4672-8aed-8d3b5cfcb651/datanode-4/data/containers/hdds of  storage type : DISK and capacity : 1482555576320
2019-10-15 09:58:58,479 [main] INFO  volume.VolumeSet (VolumeSet.java:initializeVolumeSet(170)) - Added Volume : /workdir/hadoop-ozone/integration-test/target/test-dir/MiniOzoneClusterImpl-6cd558f7-8af7-4672-8aed-8d3b5cfcb651/datanode-4/data/containers/hdds to VolumeSet
2019-10-15 09:58:58,480 [main] INFO  volume.ThrottledAsyncChecker (ThrottledAsyncChecker.java:schedule(141)) - Scheduling a check for /workdir/hadoop-ozone/integration-test/target/test-dir/MiniOzoneClusterImpl-6cd558f7-8af7-4672-8aed-8d3b5cfcb651/datanode-4/data/containers/hdds
2019-10-15 09:58:58,480 [main] INFO  volume.HddsVolumeChecker (HddsVolumeChecker.java:checkAllVolumes(204)) - Scheduled health check for volume /workdir/hadoop-ozone/integration-test/target/test-dir/MiniOzoneClusterImpl-6cd558f7-8af7-4672-8aed-8d3b5cfcb651/datanode-4/data/containers/hdds
2019-10-15 09:58:58,491 [main] INFO  impl.RaftServerProxy (ConfUtils.java:logGet(43)) - raft.rpc.type = GRPC (default)
2019-10-15 09:58:58,491 [main] INFO  grpc.GrpcFactory (GrpcFactory.java:checkPooledByteBufAllocatorUseCacheForAllThreads(45)) - PERFORMANCE WARNING: useCacheForAllThreads is true that may cause Netty to create a lot garbage objects and, as a result, trigger GC.
	It is recommended to disable useCacheForAllThreads by setting -Dorg.apache.ratis.thirdparty.io.netty.allocator.useCacheForAllThreads=false in command line.
2019-10-15 09:58:58,492 [main] INFO  grpc.GrpcConfigKeys$Server (ConfUtils.java:logGet(43)) - raft.grpc.server.port = 0 (default)
2019-10-15 09:58:58,492 [main] INFO  server.GrpcService (ConfUtils.java:logGet(43)) - raft.grpc.message.size.max = 33570816 (custom)
2019-10-15 09:58:58,492 [main] INFO  server.RaftServerConfigKeys (ConfUtils.java:logGet(43)) - raft.server.log.appender.buffer.byte-limit = 33554432 (custom)
2019-10-15 09:58:58,492 [main] INFO  server.GrpcService (ConfUtils.java:logGet(43)) - raft.grpc.flow.control.window = 1MB (=1048576) (default)
2019-10-15 09:58:58,492 [main] INFO  server.RaftServerConfigKeys (ConfUtils.java:logGet(43)) - raft.server.rpc.request.timeout = 3000ms (default)
2019-10-15 09:58:58,492 [main] INFO  server.RaftServerConfigKeys (ConfUtils.java:logGet(43)) - raft.server.storage.dir = [/workdir/hadoop-ozone/integration-test/target/test-dir/MiniOzoneClusterImpl-6cd558f7-8af7-4672-8aed-8d3b5cfcb651/datanode-4/data/ratis] (custom)
2019-10-15 09:58:58,494 [main] INFO  hdfs.DFSUtil (DFSUtil.java:httpServerTemplateForNNAndJN(1641)) - Starting Web-server for hddsDatanode at: http://0.0.0.0:0
2019-10-15 09:58:58,495 [main] INFO  server.AuthenticationFilter (AuthenticationFilter.java:constructSecretProvider(240)) - Unable to initialize FileSignerSecretProvider, falling back to use random secrets.
2019-10-15 09:58:58,495 [main] WARN  http.HttpRequestLog (HttpRequestLog.java:getRequestLog(97)) - Jetty request log can only be enabled using Log4j
2019-10-15 09:58:58,496 [main] INFO  http.HttpServer2 (HttpServer2.java:addGlobalFilter(975)) - Added global filter 'safety' (class=org.apache.hadoop.http.HttpServer2$QuotingInputFilter)
2019-10-15 09:58:58,496 [main] INFO  http.HttpServer2 (HttpServer2.java:addFilter(948)) - Added filter static_user_filter (class=org.apache.hadoop.http.lib.StaticUserWebFilter$StaticUserFilter) to context hddsDatanode
2019-10-15 09:58:58,497 [main] INFO  http.HttpServer2 (HttpServer2.java:addFilter(958)) - Added filter static_user_filter (class=org.apache.hadoop.http.lib.StaticUserWebFilter$StaticUserFilter) to context logs
2019-10-15 09:58:58,497 [main] INFO  http.HttpServer2 (HttpServer2.java:addFilter(958)) - Added filter static_user_filter (class=org.apache.hadoop.http.lib.StaticUserWebFilter$StaticUserFilter) to context static
2019-10-15 09:58:58,497 [main] INFO  http.HttpServer2 (HttpServer2.java:bindListener(1191)) - Jetty bound to port 32965
2019-10-15 09:58:58,497 [main] INFO  server.Server (Server.java:doStart(351)) - jetty-9.3.25.v20180904, build timestamp: 2018-09-04T21:11:46Z, git hash: 3ce520221d0240229c862b122d2b06c12a625732
2019-10-15 09:58:58,499 [main] INFO  handler.ContextHandler (ContextHandler.java:doStart(781)) - Started o.e.j.s.ServletContextHandler@d2708a7{/logs,file:///workdir/hadoop-ozone/integration-test/target/log,AVAILABLE}
2019-10-15 09:58:58,499 [main] INFO  handler.ContextHandler (ContextHandler.java:doStart(781)) - Started o.e.j.s.ServletContextHandler@2313db84{/static,jar:file:/home/user/.m2/repository/org/apache/hadoop/hadoop-hdds-container-service/0.5.0-SNAPSHOT/hadoop-hdds-container-service-0.5.0-SNAPSHOT.jar!/webapps/static,AVAILABLE}
2019-10-15 09:58:58,527 [main] INFO  handler.ContextHandler (ContextHandler.java:doStart(781)) - Started o.e.j.w.WebAppContext@636985df{/,file:///tmp/jetty-0.0.0.0-32965-hddsDatanode-_-any-6640381498632125190.dir/webapp/,AVAILABLE}{/hddsDatanode}
2019-10-15 09:58:58,527 [main] INFO  server.AbstractConnector (AbstractConnector.java:doStart(278)) - Started ServerConnector@6f91fbda{HTTP/1.1,[http/1.1]}{0.0.0.0:32965}
2019-10-15 09:58:58,528 [main] INFO  server.Server (Server.java:doStart(419)) - Started @208439ms
2019-10-15 09:58:58,528 [main] WARN  impl.MetricsSystemImpl (MetricsSystemImpl.java:register(276)) - Sink prometheus already exists!
2019-10-15 09:58:58,529 [main] INFO  server.BaseHttpServer (BaseHttpServer.java:updateConnectorAddress(215)) - HTTP server of HDDSDATANODE is listening at http://0.0.0.0:32965
2019-10-15 09:58:58,529 [main] INFO  impl.MetricsSystemImpl (MetricsSystemImpl.java:init(158)) - HddsDatanode metrics system started (again)
2019-10-15 09:58:58,533 [org.apache.hadoop.util.JvmPauseMonitor$Monitor@6068b4f9] INFO  util.JvmPauseMonitor (JvmPauseMonitor.java:run(188)) - Starting JVM pause monitor
2019-10-15 09:58:58,534 [main] INFO  ozone.HddsDatanodeService (HddsDatanodeService.java:start(184)) - HddsDatanodeService host:dev-nightly-20191015-lc69l-4092513605 ip:192.168.69.65
2019-10-15 09:58:58,535 [Datanode State Machine Thread - 0] INFO  datanode.InitDatanodeState (InitDatanodeState.java:persistContainerDatanodeDetails(140)) - DatanodeDetails is persisted to /workdir/hadoop-ozone/integration-test/target/test-dir/MiniOzoneClusterImpl-6cd558f7-8af7-4672-8aed-8d3b5cfcb651/datanode-4/meta/datanode.id
2019-10-15 09:58:58,541 [main] INFO  volume.HddsVolume (HddsVolume.java:<init>(176)) - Creating Volume: /workdir/hadoop-ozone/integration-test/target/test-dir/MiniOzoneClusterImpl-6cd558f7-8af7-4672-8aed-8d3b5cfcb651/datanode-5/data/containers/hdds of  storage type : DISK and capacity : 1482555576320
2019-10-15 09:58:58,541 [main] INFO  volume.VolumeSet (VolumeSet.java:initializeVolumeSet(170)) - Added Volume : /workdir/hadoop-ozone/integration-test/target/test-dir/MiniOzoneClusterImpl-6cd558f7-8af7-4672-8aed-8d3b5cfcb651/datanode-5/data/containers/hdds to VolumeSet
2019-10-15 09:58:58,541 [main] INFO  volume.ThrottledAsyncChecker (ThrottledAsyncChecker.java:schedule(141)) - Scheduling a check for /workdir/hadoop-ozone/integration-test/target/test-dir/MiniOzoneClusterImpl-6cd558f7-8af7-4672-8aed-8d3b5cfcb651/datanode-5/data/containers/hdds
2019-10-15 09:58:58,542 [main] INFO  volume.HddsVolumeChecker (HddsVolumeChecker.java:checkAllVolumes(204)) - Scheduled health check for volume /workdir/hadoop-ozone/integration-test/target/test-dir/MiniOzoneClusterImpl-6cd558f7-8af7-4672-8aed-8d3b5cfcb651/datanode-5/data/containers/hdds
2019-10-15 09:58:58,553 [main] INFO  impl.RaftServerProxy (ConfUtils.java:logGet(43)) - raft.rpc.type = GRPC (default)
2019-10-15 09:58:58,553 [main] INFO  grpc.GrpcFactory (GrpcFactory.java:checkPooledByteBufAllocatorUseCacheForAllThreads(45)) - PERFORMANCE WARNING: useCacheForAllThreads is true that may cause Netty to create a lot garbage objects and, as a result, trigger GC.
	It is recommended to disable useCacheForAllThreads by setting -Dorg.apache.ratis.thirdparty.io.netty.allocator.useCacheForAllThreads=false in command line.
2019-10-15 09:58:58,554 [main] INFO  grpc.GrpcConfigKeys$Server (ConfUtils.java:logGet(43)) - raft.grpc.server.port = 0 (default)
2019-10-15 09:58:58,554 [main] INFO  server.GrpcService (ConfUtils.java:logGet(43)) - raft.grpc.message.size.max = 33570816 (custom)
2019-10-15 09:58:58,554 [main] INFO  server.RaftServerConfigKeys (ConfUtils.java:logGet(43)) - raft.server.log.appender.buffer.byte-limit = 33554432 (custom)
2019-10-15 09:58:58,554 [main] INFO  server.GrpcService (ConfUtils.java:logGet(43)) - raft.grpc.flow.control.window = 1MB (=1048576) (default)
2019-10-15 09:58:58,554 [main] INFO  server.RaftServerConfigKeys (ConfUtils.java:logGet(43)) - raft.server.rpc.request.timeout = 3000ms (default)
2019-10-15 09:58:58,554 [main] INFO  server.RaftServerConfigKeys (ConfUtils.java:logGet(43)) - raft.server.storage.dir = [/workdir/hadoop-ozone/integration-test/target/test-dir/MiniOzoneClusterImpl-6cd558f7-8af7-4672-8aed-8d3b5cfcb651/datanode-5/data/ratis] (custom)
2019-10-15 09:58:58,555 [main] INFO  hdfs.DFSUtil (DFSUtil.java:httpServerTemplateForNNAndJN(1641)) - Starting Web-server for hddsDatanode at: http://0.0.0.0:0
2019-10-15 09:58:58,556 [main] INFO  server.AuthenticationFilter (AuthenticationFilter.java:constructSecretProvider(240)) - Unable to initialize FileSignerSecretProvider, falling back to use random secrets.
2019-10-15 09:58:58,557 [main] WARN  http.HttpRequestLog (HttpRequestLog.java:getRequestLog(97)) - Jetty request log can only be enabled using Log4j
2019-10-15 09:58:58,558 [main] INFO  http.HttpServer2 (HttpServer2.java:addGlobalFilter(975)) - Added global filter 'safety' (class=org.apache.hadoop.http.HttpServer2$QuotingInputFilter)
2019-10-15 09:58:58,558 [main] INFO  http.HttpServer2 (HttpServer2.java:addFilter(948)) - Added filter static_user_filter (class=org.apache.hadoop.http.lib.StaticUserWebFilter$StaticUserFilter) to context hddsDatanode
2019-10-15 09:58:58,558 [main] INFO  http.HttpServer2 (HttpServer2.java:addFilter(958)) - Added filter static_user_filter (class=org.apache.hadoop.http.lib.StaticUserWebFilter$StaticUserFilter) to context logs
2019-10-15 09:58:58,558 [main] INFO  http.HttpServer2 (HttpServer2.java:addFilter(958)) - Added filter static_user_filter (class=org.apache.hadoop.http.lib.StaticUserWebFilter$StaticUserFilter) to context static
2019-10-15 09:58:58,559 [main] INFO  http.HttpServer2 (HttpServer2.java:bindListener(1191)) - Jetty bound to port 35969
2019-10-15 09:58:58,559 [main] INFO  server.Server (Server.java:doStart(351)) - jetty-9.3.25.v20180904, build timestamp: 2018-09-04T21:11:46Z, git hash: 3ce520221d0240229c862b122d2b06c12a625732
2019-10-15 09:58:58,560 [main] INFO  handler.ContextHandler (ContextHandler.java:doStart(781)) - Started o.e.j.s.ServletContextHandler@6b0f266e{/logs,file:///workdir/hadoop-ozone/integration-test/target/log,AVAILABLE}
2019-10-15 09:58:58,561 [main] INFO  handler.ContextHandler (ContextHandler.java:doStart(781)) - Started o.e.j.s.ServletContextHandler@53314f76{/static,jar:file:/home/user/.m2/repository/org/apache/hadoop/hadoop-hdds-container-service/0.5.0-SNAPSHOT/hadoop-hdds-container-service-0.5.0-SNAPSHOT.jar!/webapps/static,AVAILABLE}
2019-10-15 09:58:58,588 [main] INFO  handler.ContextHandler (ContextHandler.java:doStart(781)) - Started o.e.j.w.WebAppContext@7da1e005{/,file:///tmp/jetty-0.0.0.0-35969-hddsDatanode-_-any-1178962366818811954.dir/webapp/,AVAILABLE}{/hddsDatanode}
2019-10-15 09:58:58,588 [main] INFO  server.AbstractConnector (AbstractConnector.java:doStart(278)) - Started ServerConnector@38159384{HTTP/1.1,[http/1.1]}{0.0.0.0:35969}
2019-10-15 09:58:58,589 [main] INFO  server.Server (Server.java:doStart(419)) - Started @208500ms
2019-10-15 09:58:58,589 [main] WARN  impl.MetricsSystemImpl (MetricsSystemImpl.java:register(276)) - Sink prometheus already exists!
2019-10-15 09:58:58,589 [main] INFO  server.BaseHttpServer (BaseHttpServer.java:updateConnectorAddress(215)) - HTTP server of HDDSDATANODE is listening at http://0.0.0.0:35969
2019-10-15 09:58:58,590 [main] INFO  impl.MetricsSystemImpl (MetricsSystemImpl.java:init(158)) - HddsDatanode metrics system started (again)
2019-10-15 09:58:58,594 [main] INFO  ozone.HddsDatanodeService (HddsDatanodeService.java:start(184)) - HddsDatanodeService host:dev-nightly-20191015-lc69l-4092513605 ip:192.168.69.65
2019-10-15 09:58:58,595 [org.apache.hadoop.util.JvmPauseMonitor$Monitor@5f9777d1] INFO  util.JvmPauseMonitor (JvmPauseMonitor.java:run(188)) - Starting JVM pause monitor
2019-10-15 09:58:58,596 [Datanode State Machine Thread - 0] INFO  datanode.InitDatanodeState (InitDatanodeState.java:persistContainerDatanodeDetails(140)) - DatanodeDetails is persisted to /workdir/hadoop-ozone/integration-test/target/test-dir/MiniOzoneClusterImpl-6cd558f7-8af7-4672-8aed-8d3b5cfcb651/datanode-5/meta/datanode.id
2019-10-15 09:58:58,601 [main] INFO  volume.HddsVolume (HddsVolume.java:<init>(176)) - Creating Volume: /workdir/hadoop-ozone/integration-test/target/test-dir/MiniOzoneClusterImpl-6cd558f7-8af7-4672-8aed-8d3b5cfcb651/datanode-6/data/containers/hdds of  storage type : DISK and capacity : 1482555576320
2019-10-15 09:58:58,601 [main] INFO  volume.VolumeSet (VolumeSet.java:initializeVolumeSet(170)) - Added Volume : /workdir/hadoop-ozone/integration-test/target/test-dir/MiniOzoneClusterImpl-6cd558f7-8af7-4672-8aed-8d3b5cfcb651/datanode-6/data/containers/hdds to VolumeSet
2019-10-15 09:58:58,601 [main] INFO  volume.ThrottledAsyncChecker (ThrottledAsyncChecker.java:schedule(141)) - Scheduling a check for /workdir/hadoop-ozone/integration-test/target/test-dir/MiniOzoneClusterImpl-6cd558f7-8af7-4672-8aed-8d3b5cfcb651/datanode-6/data/containers/hdds
2019-10-15 09:58:58,602 [main] INFO  volume.HddsVolumeChecker (HddsVolumeChecker.java:checkAllVolumes(204)) - Scheduled health check for volume /workdir/hadoop-ozone/integration-test/target/test-dir/MiniOzoneClusterImpl-6cd558f7-8af7-4672-8aed-8d3b5cfcb651/datanode-6/data/containers/hdds
2019-10-15 09:58:58,613 [main] INFO  impl.RaftServerProxy (ConfUtils.java:logGet(43)) - raft.rpc.type = GRPC (default)
2019-10-15 09:58:58,614 [main] INFO  grpc.GrpcFactory (GrpcFactory.java:checkPooledByteBufAllocatorUseCacheForAllThreads(45)) - PERFORMANCE WARNING: useCacheForAllThreads is true that may cause Netty to create a lot garbage objects and, as a result, trigger GC.
	It is recommended to disable useCacheForAllThreads by setting -Dorg.apache.ratis.thirdparty.io.netty.allocator.useCacheForAllThreads=false in command line.
2019-10-15 09:58:58,614 [main] INFO  grpc.GrpcConfigKeys$Server (ConfUtils.java:logGet(43)) - raft.grpc.server.port = 0 (default)
2019-10-15 09:58:58,614 [main] INFO  server.GrpcService (ConfUtils.java:logGet(43)) - raft.grpc.message.size.max = 33570816 (custom)
2019-10-15 09:58:58,614 [main] INFO  server.RaftServerConfigKeys (ConfUtils.java:logGet(43)) - raft.server.log.appender.buffer.byte-limit = 33554432 (custom)
2019-10-15 09:58:58,614 [main] INFO  server.GrpcService (ConfUtils.java:logGet(43)) - raft.grpc.flow.control.window = 1MB (=1048576) (default)
2019-10-15 09:58:58,614 [main] INFO  server.RaftServerConfigKeys (ConfUtils.java:logGet(43)) - raft.server.rpc.request.timeout = 3000ms (default)
2019-10-15 09:58:58,615 [main] INFO  server.RaftServerConfigKeys (ConfUtils.java:logGet(43)) - raft.server.storage.dir = [/workdir/hadoop-ozone/integration-test/target/test-dir/MiniOzoneClusterImpl-6cd558f7-8af7-4672-8aed-8d3b5cfcb651/datanode-6/data/ratis] (custom)
2019-10-15 09:58:58,616 [main] INFO  hdfs.DFSUtil (DFSUtil.java:httpServerTemplateForNNAndJN(1641)) - Starting Web-server for hddsDatanode at: http://0.0.0.0:0
2019-10-15 09:58:58,617 [main] INFO  server.AuthenticationFilter (AuthenticationFilter.java:constructSecretProvider(240)) - Unable to initialize FileSignerSecretProvider, falling back to use random secrets.
2019-10-15 09:58:58,617 [main] WARN  http.HttpRequestLog (HttpRequestLog.java:getRequestLog(97)) - Jetty request log can only be enabled using Log4j
2019-10-15 09:58:58,618 [main] INFO  http.HttpServer2 (HttpServer2.java:addGlobalFilter(975)) - Added global filter 'safety' (class=org.apache.hadoop.http.HttpServer2$QuotingInputFilter)
2019-10-15 09:58:58,618 [main] INFO  http.HttpServer2 (HttpServer2.java:addFilter(948)) - Added filter static_user_filter (class=org.apache.hadoop.http.lib.StaticUserWebFilter$StaticUserFilter) to context hddsDatanode
2019-10-15 09:58:58,618 [main] INFO  http.HttpServer2 (HttpServer2.java:addFilter(958)) - Added filter static_user_filter (class=org.apache.hadoop.http.lib.StaticUserWebFilter$StaticUserFilter) to context static
2019-10-15 09:58:58,619 [main] INFO  http.HttpServer2 (HttpServer2.java:addFilter(958)) - Added filter static_user_filter (class=org.apache.hadoop.http.lib.StaticUserWebFilter$StaticUserFilter) to context logs
2019-10-15 09:58:58,619 [main] INFO  http.HttpServer2 (HttpServer2.java:bindListener(1191)) - Jetty bound to port 41939
2019-10-15 09:58:58,619 [main] INFO  server.Server (Server.java:doStart(351)) - jetty-9.3.25.v20180904, build timestamp: 2018-09-04T21:11:46Z, git hash: 3ce520221d0240229c862b122d2b06c12a625732
2019-10-15 09:58:58,621 [main] INFO  handler.ContextHandler (ContextHandler.java:doStart(781)) - Started o.e.j.s.ServletContextHandler@23bd0c81{/logs,file:///workdir/hadoop-ozone/integration-test/target/log,AVAILABLE}
2019-10-15 09:58:58,621 [main] INFO  handler.ContextHandler (ContextHandler.java:doStart(781)) - Started o.e.j.s.ServletContextHandler@544e3679{/static,jar:file:/home/user/.m2/repository/org/apache/hadoop/hadoop-hdds-container-service/0.5.0-SNAPSHOT/hadoop-hdds-container-service-0.5.0-SNAPSHOT.jar!/webapps/static,AVAILABLE}
2019-10-15 09:58:58,648 [main] INFO  handler.ContextHandler (ContextHandler.java:doStart(781)) - Started o.e.j.w.WebAppContext@3a3f96ab{/,file:///tmp/jetty-0.0.0.0-41939-hddsDatanode-_-any-7023209366110163222.dir/webapp/,AVAILABLE}{/hddsDatanode}
2019-10-15 09:58:58,649 [main] INFO  server.AbstractConnector (AbstractConnector.java:doStart(278)) - Started ServerConnector@4def7d36{HTTP/1.1,[http/1.1]}{0.0.0.0:41939}
2019-10-15 09:58:58,650 [main] INFO  server.Server (Server.java:doStart(419)) - Started @208561ms
2019-10-15 09:58:58,650 [main] WARN  impl.MetricsSystemImpl (MetricsSystemImpl.java:register(276)) - Sink prometheus already exists!
2019-10-15 09:58:58,651 [main] INFO  server.BaseHttpServer (BaseHttpServer.java:updateConnectorAddress(215)) - HTTP server of HDDSDATANODE is listening at http://0.0.0.0:41939
2019-10-15 09:58:58,651 [main] INFO  ozone.MiniOzoneClusterImpl (MiniOzoneClusterImpl.java:lambda$waitForClusterToBeReady$0(147)) - Waiting for cluster to be ready. Got 0 of 7 DN Heartbeats.
2019-10-15 09:58:58,652 [org.apache.hadoop.util.JvmPauseMonitor$Monitor@48c3357] INFO  util.JvmPauseMonitor (JvmPauseMonitor.java:run(188)) - Starting JVM pause monitor
2019-10-15 09:58:58,653 [Datanode State Machine Thread - 0] INFO  datanode.InitDatanodeState (InitDatanodeState.java:persistContainerDatanodeDetails(140)) - DatanodeDetails is persisted to /workdir/hadoop-ozone/integration-test/target/test-dir/MiniOzoneClusterImpl-6cd558f7-8af7-4672-8aed-8d3b5cfcb651/datanode-6/meta/datanode.id
2019-10-15 09:58:59,651 [main] INFO  ozone.MiniOzoneClusterImpl (MiniOzoneClusterImpl.java:lambda$waitForClusterToBeReady$0(147)) - Waiting for cluster to be ready. Got 0 of 7 DN Heartbeats.
2019-10-15 09:59:00,311 [Datanode State Machine Thread - 0] INFO  ozoneimpl.OzoneContainer (OzoneContainer.java:start(213)) - Attempting to start container services.
2019-10-15 09:59:00,311 [Datanode State Machine Thread - 0] INFO  ozoneimpl.OzoneContainer (OzoneContainer.java:startContainerScrub(177)) - Background container scanner has been disabled.
2019-10-15 09:59:00,311 [Datanode State Machine Thread - 0] INFO  ratis.XceiverServerRatis (XceiverServerRatis.java:start(418)) - Starting XceiverServerRatis e06c9e0e-bfb3-4545-b88d-c8398ac06dce at port 0
2019-10-15 09:59:00,319 [Datanode State Machine Thread - 0] INFO  impl.RaftServerProxy (RaftServerProxy.java:lambda$start$3(299)) - e06c9e0e-bfb3-4545-b88d-c8398ac06dce: start RPC server
2019-10-15 09:59:00,320 [Datanode State Machine Thread - 0] INFO  server.GrpcService (GrpcService.java:startImpl(158)) - e06c9e0e-bfb3-4545-b88d-c8398ac06dce: GrpcService started, listening on 0.0.0.0/0.0.0.0:36541
2019-10-15 09:59:00,321 [Datanode State Machine Thread - 0] INFO  ratis.XceiverServerRatis (XceiverServerRatis.java:start(428)) - XceiverServerRatis e06c9e0e-bfb3-4545-b88d-c8398ac06dce is started using port 36541
2019-10-15 09:59:00,321 [Datanode State Machine Thread - 0] INFO  server.XceiverServerGrpc (XceiverServerGrpc.java:start(149)) - XceiverServerGrpc e06c9e0e-bfb3-4545-b88d-c8398ac06dce is started using port 45634
2019-10-15 09:59:00,368 [Datanode State Machine Thread - 0] INFO  ozoneimpl.OzoneContainer (OzoneContainer.java:start(213)) - Attempting to start container services.
2019-10-15 09:59:00,368 [Datanode State Machine Thread - 0] INFO  ozoneimpl.OzoneContainer (OzoneContainer.java:startContainerScrub(177)) - Background container scanner has been disabled.
2019-10-15 09:59:00,368 [Datanode State Machine Thread - 0] INFO  ratis.XceiverServerRatis (XceiverServerRatis.java:start(418)) - Starting XceiverServerRatis 760adb25-f8ec-4441-adc0-bf5ebc4f52f9 at port 0
2019-10-15 09:59:00,375 [Datanode State Machine Thread - 0] INFO  impl.RaftServerProxy (RaftServerProxy.java:lambda$start$3(299)) - 760adb25-f8ec-4441-adc0-bf5ebc4f52f9: start RPC server
2019-10-15 09:59:00,376 [Datanode State Machine Thread - 0] INFO  server.GrpcService (GrpcService.java:startImpl(158)) - 760adb25-f8ec-4441-adc0-bf5ebc4f52f9: GrpcService started, listening on 0.0.0.0/0.0.0.0:43648
2019-10-15 09:59:00,377 [Datanode State Machine Thread - 0] INFO  ratis.XceiverServerRatis (XceiverServerRatis.java:start(428)) - XceiverServerRatis 760adb25-f8ec-4441-adc0-bf5ebc4f52f9 is started using port 43648
2019-10-15 09:59:00,378 [Datanode State Machine Thread - 0] INFO  server.XceiverServerGrpc (XceiverServerGrpc.java:start(149)) - XceiverServerGrpc 760adb25-f8ec-4441-adc0-bf5ebc4f52f9 is started using port 44151
2019-10-15 09:59:00,428 [Datanode State Machine Thread - 0] INFO  ozoneimpl.OzoneContainer (OzoneContainer.java:start(213)) - Attempting to start container services.
2019-10-15 09:59:00,429 [Datanode State Machine Thread - 0] INFO  ozoneimpl.OzoneContainer (OzoneContainer.java:startContainerScrub(177)) - Background container scanner has been disabled.
2019-10-15 09:59:00,429 [Datanode State Machine Thread - 0] INFO  ratis.XceiverServerRatis (XceiverServerRatis.java:start(418)) - Starting XceiverServerRatis 2946a9e1-974e-44f9-8264-0f81be1b0092 at port 0
2019-10-15 09:59:00,437 [Datanode State Machine Thread - 0] INFO  impl.RaftServerProxy (RaftServerProxy.java:lambda$start$3(299)) - 2946a9e1-974e-44f9-8264-0f81be1b0092: start RPC server
2019-10-15 09:59:00,438 [Datanode State Machine Thread - 0] INFO  server.GrpcService (GrpcService.java:startImpl(158)) - 2946a9e1-974e-44f9-8264-0f81be1b0092: GrpcService started, listening on 0.0.0.0/0.0.0.0:44032
2019-10-15 09:59:00,438 [Datanode State Machine Thread - 0] INFO  ratis.XceiverServerRatis (XceiverServerRatis.java:start(428)) - XceiverServerRatis 2946a9e1-974e-44f9-8264-0f81be1b0092 is started using port 44032
2019-10-15 09:59:00,439 [Datanode State Machine Thread - 0] INFO  server.XceiverServerGrpc (XceiverServerGrpc.java:start(149)) - XceiverServerGrpc 2946a9e1-974e-44f9-8264-0f81be1b0092 is started using port 42517
2019-10-15 09:59:00,487 [Datanode State Machine Thread - 0] INFO  ozoneimpl.OzoneContainer (OzoneContainer.java:start(213)) - Attempting to start container services.
2019-10-15 09:59:00,487 [Datanode State Machine Thread - 0] INFO  ozoneimpl.OzoneContainer (OzoneContainer.java:startContainerScrub(177)) - Background container scanner has been disabled.
2019-10-15 09:59:00,487 [Datanode State Machine Thread - 0] INFO  ratis.XceiverServerRatis (XceiverServerRatis.java:start(418)) - Starting XceiverServerRatis 66a6a220-1788-428d-bea0-9b732daeb752 at port 0
2019-10-15 09:59:00,495 [Datanode State Machine Thread - 0] INFO  impl.RaftServerProxy (RaftServerProxy.java:lambda$start$3(299)) - 66a6a220-1788-428d-bea0-9b732daeb752: start RPC server
2019-10-15 09:59:00,496 [Datanode State Machine Thread - 0] INFO  server.GrpcService (GrpcService.java:startImpl(158)) - 66a6a220-1788-428d-bea0-9b732daeb752: GrpcService started, listening on 0.0.0.0/0.0.0.0:37722
2019-10-15 09:59:00,496 [Datanode State Machine Thread - 0] INFO  ratis.XceiverServerRatis (XceiverServerRatis.java:start(428)) - XceiverServerRatis 66a6a220-1788-428d-bea0-9b732daeb752 is started using port 37722
2019-10-15 09:59:00,496 [Datanode State Machine Thread - 0] INFO  server.XceiverServerGrpc (XceiverServerGrpc.java:start(149)) - XceiverServerGrpc 66a6a220-1788-428d-bea0-9b732daeb752 is started using port 35063
2019-10-15 09:59:00,546 [Datanode State Machine Thread - 0] INFO  ozoneimpl.OzoneContainer (OzoneContainer.java:start(213)) - Attempting to start container services.
2019-10-15 09:59:00,546 [Datanode State Machine Thread - 0] INFO  ozoneimpl.OzoneContainer (OzoneContainer.java:startContainerScrub(177)) - Background container scanner has been disabled.
2019-10-15 09:59:00,546 [Datanode State Machine Thread - 0] INFO  ratis.XceiverServerRatis (XceiverServerRatis.java:start(418)) - Starting XceiverServerRatis d9d2bad5-c407-4d81-86fc-4ebb43599473 at port 0
2019-10-15 09:59:00,554 [Datanode State Machine Thread - 0] INFO  impl.RaftServerProxy (RaftServerProxy.java:lambda$start$3(299)) - d9d2bad5-c407-4d81-86fc-4ebb43599473: start RPC server
2019-10-15 09:59:00,555 [Datanode State Machine Thread - 0] INFO  server.GrpcService (GrpcService.java:startImpl(158)) - d9d2bad5-c407-4d81-86fc-4ebb43599473: GrpcService started, listening on 0.0.0.0/0.0.0.0:34878
2019-10-15 09:59:00,555 [Datanode State Machine Thread - 0] INFO  ratis.XceiverServerRatis (XceiverServerRatis.java:start(428)) - XceiverServerRatis d9d2bad5-c407-4d81-86fc-4ebb43599473 is started using port 34878
2019-10-15 09:59:00,555 [Datanode State Machine Thread - 0] INFO  server.XceiverServerGrpc (XceiverServerGrpc.java:start(149)) - XceiverServerGrpc d9d2bad5-c407-4d81-86fc-4ebb43599473 is started using port 45522
2019-10-15 09:59:00,608 [Datanode State Machine Thread - 0] INFO  ozoneimpl.OzoneContainer (OzoneContainer.java:start(213)) - Attempting to start container services.
2019-10-15 09:59:00,608 [Datanode State Machine Thread - 0] INFO  ozoneimpl.OzoneContainer (OzoneContainer.java:startContainerScrub(177)) - Background container scanner has been disabled.
2019-10-15 09:59:00,608 [Datanode State Machine Thread - 0] INFO  ratis.XceiverServerRatis (XceiverServerRatis.java:start(418)) - Starting XceiverServerRatis b08fb485-4ef8-4b50-abd0-9aa8cc3a3563 at port 0
2019-10-15 09:59:00,616 [Datanode State Machine Thread - 0] INFO  impl.RaftServerProxy (RaftServerProxy.java:lambda$start$3(299)) - b08fb485-4ef8-4b50-abd0-9aa8cc3a3563: start RPC server
2019-10-15 09:59:00,617 [Datanode State Machine Thread - 0] INFO  server.GrpcService (GrpcService.java:startImpl(158)) - b08fb485-4ef8-4b50-abd0-9aa8cc3a3563: GrpcService started, listening on 0.0.0.0/0.0.0.0:38714
2019-10-15 09:59:00,617 [Datanode State Machine Thread - 0] INFO  ratis.XceiverServerRatis (XceiverServerRatis.java:start(428)) - XceiverServerRatis b08fb485-4ef8-4b50-abd0-9aa8cc3a3563 is started using port 38714
2019-10-15 09:59:00,617 [Datanode State Machine Thread - 0] INFO  server.XceiverServerGrpc (XceiverServerGrpc.java:start(149)) - XceiverServerGrpc b08fb485-4ef8-4b50-abd0-9aa8cc3a3563 is started using port 44898
2019-10-15 09:59:00,652 [main] INFO  ozone.MiniOzoneClusterImpl (MiniOzoneClusterImpl.java:lambda$waitForClusterToBeReady$0(147)) - Waiting for cluster to be ready. Got 0 of 7 DN Heartbeats.
2019-10-15 09:59:00,665 [Datanode State Machine Thread - 0] INFO  ozoneimpl.OzoneContainer (OzoneContainer.java:start(213)) - Attempting to start container services.
2019-10-15 09:59:00,665 [Datanode State Machine Thread - 0] INFO  ozoneimpl.OzoneContainer (OzoneContainer.java:startContainerScrub(177)) - Background container scanner has been disabled.
2019-10-15 09:59:00,665 [Datanode State Machine Thread - 0] INFO  ratis.XceiverServerRatis (XceiverServerRatis.java:start(418)) - Starting XceiverServerRatis 72a0b943-476c-45eb-b01d-7d9bb346ced4 at port 0
2019-10-15 09:59:00,672 [Datanode State Machine Thread - 0] INFO  impl.RaftServerProxy (RaftServerProxy.java:lambda$start$3(299)) - 72a0b943-476c-45eb-b01d-7d9bb346ced4: start RPC server
2019-10-15 09:59:00,672 [Datanode State Machine Thread - 0] INFO  server.GrpcService (GrpcService.java:startImpl(158)) - 72a0b943-476c-45eb-b01d-7d9bb346ced4: GrpcService started, listening on 0.0.0.0/0.0.0.0:38979
2019-10-15 09:59:00,672 [Datanode State Machine Thread - 0] INFO  ratis.XceiverServerRatis (XceiverServerRatis.java:start(428)) - XceiverServerRatis 72a0b943-476c-45eb-b01d-7d9bb346ced4 is started using port 38979
2019-10-15 09:59:00,674 [Datanode State Machine Thread - 0] INFO  server.XceiverServerGrpc (XceiverServerGrpc.java:start(149)) - XceiverServerGrpc 72a0b943-476c-45eb-b01d-7d9bb346ced4 is started using port 44170
2019-10-15 09:59:01,652 [main] INFO  ozone.MiniOzoneClusterImpl (MiniOzoneClusterImpl.java:lambda$waitForClusterToBeReady$0(147)) - Waiting for cluster to be ready. Got 0 of 7 DN Heartbeats.
2019-10-15 09:59:02,297 [IPC Server handler 0 on 45663] INFO  net.NetworkTopology (NetworkTopologyImpl.java:add(111)) - Added a new node: /default-rack/e06c9e0e-bfb3-4545-b88d-c8398ac06dce
2019-10-15 09:59:02,300 [IPC Server handler 0 on 45663] INFO  node.SCMNodeManager (SCMNodeManager.java:register(268)) - Registered Data node : e06c9e0e-bfb3-4545-b88d-c8398ac06dce{ip: 192.168.69.65, host: dev-nightly-20191015-lc69l-4092513605, networkLocation: /default-rack, certSerialId: null}
2019-10-15 09:59:02,301 [EventQueue-NodeRegistrationContainerReportForDataNodeSafeModeRule] INFO  safemode.SCMSafeModeManager (DataNodeSafeModeRule.java:process(71)) - SCM in safe mode. 1 DataNodes registered, 1 required.
2019-10-15 09:59:02,303 [EventQueue-NodeRegistrationContainerReportForDataNodeSafeModeRule] INFO  safemode.SCMSafeModeManager (SCMSafeModeManager.java:validateSafeModeExitRules(177)) - ScmSafeModeManager, all rules are successfully validated
2019-10-15 09:59:02,303 [EventQueue-NodeRegistrationContainerReportForDataNodeSafeModeRule] INFO  safemode.SCMSafeModeManager (SCMSafeModeManager.java:exitSafeMode(193)) - SCM exiting safe mode.
2019-10-15 09:59:02,322 [grpc-default-executor-1] INFO  impl.RaftServerProxy (RaftServerProxy.java:addNew(89)) - e06c9e0e-bfb3-4545-b88d-c8398ac06dce: addNew group-11A1310C7637:[e06c9e0e-bfb3-4545-b88d-c8398ac06dce:192.168.69.65:36541] returns group-11A1310C7637:java.util.concurrent.CompletableFuture@3f0758ea[Not completed]
2019-10-15 09:59:02,325 [pool-383-thread-1] INFO  impl.RaftServerImpl (RaftServerImpl.java:<init>(95)) - e06c9e0e-bfb3-4545-b88d-c8398ac06dce: new RaftServerImpl for group-11A1310C7637:[e06c9e0e-bfb3-4545-b88d-c8398ac06dce:192.168.69.65:36541] with ContainerStateMachine:uninitialized
2019-10-15 09:59:02,325 [pool-383-thread-1] INFO  server.RaftServerConfigKeys (ConfUtils.java:logGet(43)) - raft.server.rpc.timeout.min = 5s (custom)
2019-10-15 09:59:02,325 [pool-383-thread-1] INFO  server.RaftServerConfigKeys (ConfUtils.java:logGet(43)) - raft.server.rpc.timeout.max = 5200ms (custom)
2019-10-15 09:59:02,325 [pool-383-thread-1] INFO  server.RaftServerConfigKeys (ConfUtils.java:logGet(43)) - raft.server.rpcslowness.timeout = 120s (custom)
2019-10-15 09:59:02,325 [pool-383-thread-1] INFO  server.RaftServerConfigKeys (ConfUtils.java:logGet(43)) - raft.server.sleep.deviation.threshold = 300 (default)
2019-10-15 09:59:02,326 [pool-383-thread-1] INFO  server.RaftServerConfigKeys (ConfUtils.java:logGet(43)) - raft.server.log.appender.install.snapshot.enabled = false (custom)
2019-10-15 09:59:02,326 [pool-383-thread-1] INFO  impl.RaftServerImpl (ServerState.java:<init>(103)) - e06c9e0e-bfb3-4545-b88d-c8398ac06dce@group-11A1310C7637: ConfigurationManager, init=-1: [e06c9e0e-bfb3-4545-b88d-c8398ac06dce:192.168.69.65:36541], old=null, confs=<EMPTY_MAP>
2019-10-15 09:59:02,326 [pool-383-thread-1] INFO  server.RaftServerConfigKeys (ConfUtils.java:logGet(43)) - raft.server.storage.dir = [/workdir/hadoop-ozone/integration-test/target/test-dir/MiniOzoneClusterImpl-6cd558f7-8af7-4672-8aed-8d3b5cfcb651/datanode-0/data/ratis] (custom)
2019-10-15 09:59:02,326 [pool-383-thread-1] INFO  server.RaftServerConfigKeys (ConfUtils.java:logGet(43)) - raft.server.log.corruption.policy = EXCEPTION (default)
2019-10-15 09:59:02,327 [pool-383-thread-1] INFO  storage.RaftStorageDirectory (RaftStorageDirectory.java:analyzeStorage(246)) - The storage directory /workdir/hadoop-ozone/integration-test/target/test-dir/MiniOzoneClusterImpl-6cd558f7-8af7-4672-8aed-8d3b5cfcb651/datanode-0/data/ratis/9c70b394-d353-40e0-a489-11a1310c7637 does not exist. Creating ...
2019-10-15 09:59:02,340 [pool-383-thread-1] INFO  storage.RaftStorageDirectory (RaftStorageDirectory.java:tryLock(328)) - Lock on /workdir/hadoop-ozone/integration-test/target/test-dir/MiniOzoneClusterImpl-6cd558f7-8af7-4672-8aed-8d3b5cfcb651/datanode-0/data/ratis/9c70b394-d353-40e0-a489-11a1310c7637/in_use.lock acquired by nodename 28125@dev-nightly-20191015-lc69l-4092513605
2019-10-15 09:59:02,353 [pool-383-thread-1] INFO  storage.RaftStorage (RaftStorage.java:format(84)) - Storage directory /workdir/hadoop-ozone/integration-test/target/test-dir/MiniOzoneClusterImpl-6cd558f7-8af7-4672-8aed-8d3b5cfcb651/datanode-0/data/ratis/9c70b394-d353-40e0-a489-11a1310c7637 has been successfully formatted.
2019-10-15 09:59:02,354 [pool-383-thread-1] INFO  ratis.ContainerStateMachine (ContainerStateMachine.java:loadSnapshot(231)) - group-11A1310C7637: The snapshot info is null. Setting the last applied indexto:(t:0, i:~)
2019-10-15 09:59:02,354 [IPC Server handler 1 on 45663] INFO  net.NetworkTopology (NetworkTopologyImpl.java:add(111)) - Added a new node: /default-rack/760adb25-f8ec-4441-adc0-bf5ebc4f52f9
2019-10-15 09:59:02,354 [pool-383-thread-1] INFO  server.RaftServerConfigKeys (ConfUtils.java:logGet(43)) - raft.server.notification.no-leader.timeout = 120s (custom)
2019-10-15 09:59:02,355 [IPC Server handler 1 on 45663] INFO  node.SCMNodeManager (SCMNodeManager.java:register(268)) - Registered Data node : 760adb25-f8ec-4441-adc0-bf5ebc4f52f9{ip: 192.168.69.65, host: dev-nightly-20191015-lc69l-4092513605, networkLocation: /default-rack, certSerialId: null}
2019-10-15 09:59:02,355 [pool-383-thread-1] INFO  server.RaftServerConfigKeys (ConfUtils.java:logGet(43)) - raft.server.log.use.memory = false (default)
2019-10-15 09:59:02,355 [pool-383-thread-1] INFO  server.RaftServerConfigKeys (ConfUtils.java:logGet(43)) - raft.server.log.purge.gap = 1000000 (custom)
2019-10-15 09:59:02,355 [pool-383-thread-1] INFO  server.RaftServerConfigKeys (ConfUtils.java:logGet(43)) - raft.server.log.appender.buffer.byte-limit = 33554432 (custom)
2019-10-15 09:59:02,355 [pool-383-thread-1] INFO  server.RaftServerConfigKeys (ConfUtils.java:logGet(43)) - raft.server.log.segment.size.max = 1048576 (custom)
2019-10-15 09:59:02,358 [pool-383-thread-1] INFO  server.RaftServerConfigKeys (ConfUtils.java:logGet(43)) - raft.server.log.segment.cache.num.max = 2 (custom)
2019-10-15 09:59:02,358 [pool-383-thread-1] INFO  segmented.SegmentedRaftLogWorker (SegmentedRaftLogWorker.java:<init>(173)) - new e06c9e0e-bfb3-4545-b88d-c8398ac06dce@group-11A1310C7637-SegmentedRaftLogWorker for RaftStorage:Storage Directory /workdir/hadoop-ozone/integration-test/target/test-dir/MiniOzoneClusterImpl-6cd558f7-8af7-4672-8aed-8d3b5cfcb651/datanode-0/data/ratis/9c70b394-d353-40e0-a489-11a1310c7637
2019-10-15 09:59:02,358 [pool-383-thread-1] INFO  server.RaftServerConfigKeys (ConfUtils.java:logGet(43)) - raft.server.log.queue.byte-limit = 2147483647 (custom)
2019-10-15 09:59:02,358 [pool-383-thread-1] INFO  server.RaftServerConfigKeys (ConfUtils.java:logGet(43)) - raft.server.log.queue.element-limit = 1024 (custom)
2019-10-15 09:59:02,358 [pool-383-thread-1] INFO  server.RaftServerConfigKeys (ConfUtils.java:logGet(43)) - raft.server.log.segment.size.max = 1048576 (custom)
2019-10-15 09:59:02,358 [pool-383-thread-1] INFO  server.RaftServerConfigKeys (ConfUtils.java:logGet(43)) - raft.server.log.preallocated.size = 16384 (custom)
2019-10-15 09:59:02,358 [pool-383-thread-1] INFO  server.RaftServerConfigKeys (ConfUtils.java:logGet(43)) - raft.server.log.write.buffer.size = 33554432 (custom)
2019-10-15 09:59:02,359 [pool-383-thread-1] INFO  server.RaftServerConfigKeys (ConfUtils.java:logGet(43)) - raft.server.log.force.sync.num = 128 (default)
2019-10-15 09:59:02,359 [pool-383-thread-1] INFO  server.RaftServerConfigKeys (ConfUtils.java:logGet(43)) - raft.server.log.statemachine.data.sync = true (default)
2019-10-15 09:59:02,359 [pool-383-thread-1] INFO  server.RaftServerConfigKeys (ConfUtils.java:logGet(43)) - raft.server.log.statemachine.data.sync.timeout = 10s (default)
2019-10-15 09:59:02,359 [pool-383-thread-1] INFO  server.RaftServerConfigKeys (ConfUtils.java:logGet(43)) - raft.server.log.statemachine.data.sync.timeout.retry = -1 (default)
2019-10-15 09:59:02,359 [pool-383-thread-1] INFO  server.RaftServerConfigKeys (ConfUtils.java:logGet(43)) - raft.server.log.statemachine.data.caching.enabled = true (custom)
2019-10-15 09:59:02,360 [pool-383-thread-1] INFO  segmented.SegmentedRaftLogWorker (SegmentedRaftLogWorker.java:lambda$new$0(128)) - e06c9e0e-bfb3-4545-b88d-c8398ac06dce@group-11A1310C7637-SegmentedRaftLogWorker: flushIndex: setUnconditionally 0 -> -1
2019-10-15 09:59:02,360 [pool-383-thread-1] INFO  server.RaftServerConfigKeys (ConfUtils.java:logGet(43)) - raft.server.snapshot.auto.trigger.enabled = true (custom)
2019-10-15 09:59:02,360 [pool-383-thread-1] INFO  server.RaftServerConfigKeys (ConfUtils.java:logGet(43)) - raft.server.snapshot.auto.trigger.threshold = 10000 (custom)
2019-10-15 09:59:02,361 [pool-383-thread-1] INFO  server.RaftServerConfigKeys (ConfUtils.java:logGet(43)) - raft.server.snapshot.retention.file.num = 5 (custom)
2019-10-15 09:59:02,361 [pool-383-thread-1] INFO  server.RaftServerConfigKeys (ConfUtils.java:logGet(43)) - raft.server.retrycache.expirytime = 600000ms (custom)
2019-10-15 09:59:02,362 [pool-383-thread-1] INFO  impl.RaftServerImpl (RaftServerImpl.java:start(181)) - e06c9e0e-bfb3-4545-b88d-c8398ac06dce@group-11A1310C7637: start as a follower, conf=-1: [e06c9e0e-bfb3-4545-b88d-c8398ac06dce:192.168.69.65:36541], old=null
2019-10-15 09:59:02,362 [pool-383-thread-1] INFO  impl.RaftServerImpl (RaftServerImpl.java:setRole(170)) - e06c9e0e-bfb3-4545-b88d-c8398ac06dce@group-11A1310C7637: changes role from      null to FOLLOWER at term 0 for startAsFollower
2019-10-15 09:59:02,362 [pool-383-thread-1] INFO  impl.RoleInfo (RoleInfo.java:updateAndGet(143)) - e06c9e0e-bfb3-4545-b88d-c8398ac06dce: start FollowerState
2019-10-15 09:59:02,363 [pool-383-thread-1] INFO  util.JmxRegister (JmxRegister.java:tryRegister(44)) - Successfully registered JMX Bean with object name Ratis:service=RaftServer,group=group-11A1310C7637,id=e06c9e0e-bfb3-4545-b88d-c8398ac06dce
2019-10-15 09:59:02,368 [RatisPipelineUtilsThread] INFO  pipeline.PipelineStateManager (PipelineStateManager.java:addPipeline(56)) - Created pipeline Pipeline[ Id: 9c70b394-d353-40e0-a489-11a1310c7637, Nodes: e06c9e0e-bfb3-4545-b88d-c8398ac06dce{ip: 192.168.69.65, host: dev-nightly-20191015-lc69l-4092513605, networkLocation: /default-rack, certSerialId: null}, Type:RATIS, Factor:ONE, State:OPEN]
2019-10-15 09:59:02,374 [grpc-default-executor-1] INFO  impl.RaftServerProxy (RaftServerProxy.java:addNew(89)) - 760adb25-f8ec-4441-adc0-bf5ebc4f52f9: addNew group-E0293EA0617E:[760adb25-f8ec-4441-adc0-bf5ebc4f52f9:192.168.69.65:43648] returns group-E0293EA0617E:java.util.concurrent.CompletableFuture@4185c036[Not completed]
2019-10-15 09:59:02,375 [pool-393-thread-1] INFO  impl.RaftServerImpl (RaftServerImpl.java:<init>(95)) - 760adb25-f8ec-4441-adc0-bf5ebc4f52f9: new RaftServerImpl for group-E0293EA0617E:[760adb25-f8ec-4441-adc0-bf5ebc4f52f9:192.168.69.65:43648] with ContainerStateMachine:uninitialized
2019-10-15 09:59:02,375 [pool-393-thread-1] INFO  server.RaftServerConfigKeys (ConfUtils.java:logGet(43)) - raft.server.rpc.timeout.min = 5s (custom)
2019-10-15 09:59:02,375 [pool-393-thread-1] INFO  server.RaftServerConfigKeys (ConfUtils.java:logGet(43)) - raft.server.rpc.timeout.max = 5200ms (custom)
2019-10-15 09:59:02,375 [pool-393-thread-1] INFO  server.RaftServerConfigKeys (ConfUtils.java:logGet(43)) - raft.server.rpcslowness.timeout = 120s (custom)
2019-10-15 09:59:02,375 [pool-393-thread-1] INFO  server.RaftServerConfigKeys (ConfUtils.java:logGet(43)) - raft.server.sleep.deviation.threshold = 300 (default)
2019-10-15 09:59:02,375 [pool-393-thread-1] INFO  server.RaftServerConfigKeys (ConfUtils.java:logGet(43)) - raft.server.log.appender.install.snapshot.enabled = false (custom)
2019-10-15 09:59:02,375 [pool-393-thread-1] INFO  impl.RaftServerImpl (ServerState.java:<init>(103)) - 760adb25-f8ec-4441-adc0-bf5ebc4f52f9@group-E0293EA0617E: ConfigurationManager, init=-1: [760adb25-f8ec-4441-adc0-bf5ebc4f52f9:192.168.69.65:43648], old=null, confs=<EMPTY_MAP>
2019-10-15 09:59:02,375 [pool-393-thread-1] INFO  server.RaftServerConfigKeys (ConfUtils.java:logGet(43)) - raft.server.storage.dir = [/workdir/hadoop-ozone/integration-test/target/test-dir/MiniOzoneClusterImpl-6cd558f7-8af7-4672-8aed-8d3b5cfcb651/datanode-1/data/ratis] (custom)
2019-10-15 09:59:02,376 [pool-393-thread-1] INFO  server.RaftServerConfigKeys (ConfUtils.java:logGet(43)) - raft.server.log.corruption.policy = EXCEPTION (default)
2019-10-15 09:59:02,376 [pool-393-thread-1] INFO  storage.RaftStorageDirectory (RaftStorageDirectory.java:analyzeStorage(246)) - The storage directory /workdir/hadoop-ozone/integration-test/target/test-dir/MiniOzoneClusterImpl-6cd558f7-8af7-4672-8aed-8d3b5cfcb651/datanode-1/data/ratis/99af4e3c-6e13-44be-aded-e0293ea0617e does not exist. Creating ...
2019-10-15 09:59:02,388 [pool-393-thread-1] INFO  storage.RaftStorageDirectory (RaftStorageDirectory.java:tryLock(328)) - Lock on /workdir/hadoop-ozone/integration-test/target/test-dir/MiniOzoneClusterImpl-6cd558f7-8af7-4672-8aed-8d3b5cfcb651/datanode-1/data/ratis/99af4e3c-6e13-44be-aded-e0293ea0617e/in_use.lock acquired by nodename 28125@dev-nightly-20191015-lc69l-4092513605
2019-10-15 09:59:02,401 [pool-393-thread-1] INFO  storage.RaftStorage (RaftStorage.java:format(84)) - Storage directory /workdir/hadoop-ozone/integration-test/target/test-dir/MiniOzoneClusterImpl-6cd558f7-8af7-4672-8aed-8d3b5cfcb651/datanode-1/data/ratis/99af4e3c-6e13-44be-aded-e0293ea0617e has been successfully formatted.
2019-10-15 09:59:02,401 [pool-393-thread-1] INFO  ratis.ContainerStateMachine (ContainerStateMachine.java:loadSnapshot(231)) - group-E0293EA0617E: The snapshot info is null. Setting the last applied indexto:(t:0, i:~)
2019-10-15 09:59:02,401 [pool-393-thread-1] INFO  server.RaftServerConfigKeys (ConfUtils.java:logGet(43)) - raft.server.notification.no-leader.timeout = 120s (custom)
2019-10-15 09:59:02,401 [pool-393-thread-1] INFO  server.RaftServerConfigKeys (ConfUtils.java:logGet(43)) - raft.server.log.use.memory = false (default)
2019-10-15 09:59:02,401 [pool-393-thread-1] INFO  server.RaftServerConfigKeys (ConfUtils.java:logGet(43)) - raft.server.log.purge.gap = 1000000 (custom)
2019-10-15 09:59:02,401 [pool-393-thread-1] INFO  server.RaftServerConfigKeys (ConfUtils.java:logGet(43)) - raft.server.log.appender.buffer.byte-limit = 33554432 (custom)
2019-10-15 09:59:02,401 [pool-393-thread-1] INFO  server.RaftServerConfigKeys (ConfUtils.java:logGet(43)) - raft.server.log.segment.size.max = 1048576 (custom)
2019-10-15 09:59:02,403 [pool-393-thread-1] INFO  server.RaftServerConfigKeys (ConfUtils.java:logGet(43)) - raft.server.log.segment.cache.num.max = 2 (custom)
2019-10-15 09:59:02,403 [pool-393-thread-1] INFO  segmented.SegmentedRaftLogWorker (SegmentedRaftLogWorker.java:<init>(173)) - new 760adb25-f8ec-4441-adc0-bf5ebc4f52f9@group-E0293EA0617E-SegmentedRaftLogWorker for RaftStorage:Storage Directory /workdir/hadoop-ozone/integration-test/target/test-dir/MiniOzoneClusterImpl-6cd558f7-8af7-4672-8aed-8d3b5cfcb651/datanode-1/data/ratis/99af4e3c-6e13-44be-aded-e0293ea0617e
2019-10-15 09:59:02,403 [pool-393-thread-1] INFO  server.RaftServerConfigKeys (ConfUtils.java:logGet(43)) - raft.server.log.queue.byte-limit = 2147483647 (custom)
2019-10-15 09:59:02,403 [pool-393-thread-1] INFO  server.RaftServerConfigKeys (ConfUtils.java:logGet(43)) - raft.server.log.queue.element-limit = 1024 (custom)
2019-10-15 09:59:02,403 [pool-393-thread-1] INFO  server.RaftServerConfigKeys (ConfUtils.java:logGet(43)) - raft.server.log.segment.size.max = 1048576 (custom)
2019-10-15 09:59:02,403 [pool-393-thread-1] INFO  server.RaftServerConfigKeys (ConfUtils.java:logGet(43)) - raft.server.log.preallocated.size = 16384 (custom)
2019-10-15 09:59:02,403 [pool-393-thread-1] INFO  server.RaftServerConfigKeys (ConfUtils.java:logGet(43)) - raft.server.log.write.buffer.size = 33554432 (custom)
2019-10-15 09:59:02,404 [pool-393-thread-1] INFO  server.RaftServerConfigKeys (ConfUtils.java:logGet(43)) - raft.server.log.force.sync.num = 128 (default)
2019-10-15 09:59:02,404 [pool-393-thread-1] INFO  server.RaftServerConfigKeys (ConfUtils.java:logGet(43)) - raft.server.log.statemachine.data.sync = true (default)
2019-10-15 09:59:02,404 [pool-393-thread-1] INFO  server.RaftServerConfigKeys (ConfUtils.java:logGet(43)) - raft.server.log.statemachine.data.sync.timeout = 10s (default)
2019-10-15 09:59:02,404 [pool-393-thread-1] INFO  server.RaftServerConfigKeys (ConfUtils.java:logGet(43)) - raft.server.log.statemachine.data.sync.timeout.retry = -1 (default)
2019-10-15 09:59:02,404 [pool-393-thread-1] INFO  server.RaftServerConfigKeys (ConfUtils.java:logGet(43)) - raft.server.log.statemachine.data.caching.enabled = true (custom)
2019-10-15 09:59:02,404 [pool-393-thread-1] INFO  segmented.SegmentedRaftLogWorker (SegmentedRaftLogWorker.java:lambda$new$0(128)) - 760adb25-f8ec-4441-adc0-bf5ebc4f52f9@group-E0293EA0617E-SegmentedRaftLogWorker: flushIndex: setUnconditionally 0 -> -1
2019-10-15 09:59:02,405 [pool-393-thread-1] INFO  server.RaftServerConfigKeys (ConfUtils.java:logGet(43)) - raft.server.snapshot.auto.trigger.enabled = true (custom)
2019-10-15 09:59:02,405 [pool-393-thread-1] INFO  server.RaftServerConfigKeys (ConfUtils.java:logGet(43)) - raft.server.snapshot.auto.trigger.threshold = 10000 (custom)
2019-10-15 09:59:02,405 [pool-393-thread-1] INFO  server.RaftServerConfigKeys (ConfUtils.java:logGet(43)) - raft.server.snapshot.retention.file.num = 5 (custom)
2019-10-15 09:59:02,405 [pool-393-thread-1] INFO  server.RaftServerConfigKeys (ConfUtils.java:logGet(43)) - raft.server.retrycache.expirytime = 600000ms (custom)
2019-10-15 09:59:02,407 [pool-393-thread-1] INFO  impl.RaftServerImpl (RaftServerImpl.java:start(181)) - 760adb25-f8ec-4441-adc0-bf5ebc4f52f9@group-E0293EA0617E: start as a follower, conf=-1: [760adb25-f8ec-4441-adc0-bf5ebc4f52f9:192.168.69.65:43648], old=null
2019-10-15 09:59:02,407 [pool-393-thread-1] INFO  impl.RaftServerImpl (RaftServerImpl.java:setRole(170)) - 760adb25-f8ec-4441-adc0-bf5ebc4f52f9@group-E0293EA0617E: changes role from      null to FOLLOWER at term 0 for startAsFollower
2019-10-15 09:59:02,407 [pool-393-thread-1] INFO  impl.RoleInfo (RoleInfo.java:updateAndGet(143)) - 760adb25-f8ec-4441-adc0-bf5ebc4f52f9: start FollowerState
2019-10-15 09:59:02,407 [pool-393-thread-1] INFO  util.JmxRegister (JmxRegister.java:tryRegister(44)) - Successfully registered JMX Bean with object name Ratis:service=RaftServer,group=group-E0293EA0617E,id=760adb25-f8ec-4441-adc0-bf5ebc4f52f9
2019-10-15 09:59:02,412 [RatisPipelineUtilsThread] INFO  pipeline.PipelineStateManager (PipelineStateManager.java:addPipeline(56)) - Created pipeline Pipeline[ Id: 99af4e3c-6e13-44be-aded-e0293ea0617e, Nodes: 760adb25-f8ec-4441-adc0-bf5ebc4f52f9{ip: 192.168.69.65, host: dev-nightly-20191015-lc69l-4092513605, networkLocation: /default-rack, certSerialId: null}, Type:RATIS, Factor:ONE, State:OPEN]
2019-10-15 09:59:02,421 [IPC Server handler 4 on 45663] INFO  net.NetworkTopology (NetworkTopologyImpl.java:add(111)) - Added a new node: /default-rack/2946a9e1-974e-44f9-8264-0f81be1b0092
2019-10-15 09:59:02,421 [IPC Server handler 4 on 45663] INFO  node.SCMNodeManager (SCMNodeManager.java:register(268)) - Registered Data node : 2946a9e1-974e-44f9-8264-0f81be1b0092{ip: 192.168.69.65, host: dev-nightly-20191015-lc69l-4092513605, networkLocation: /default-rack, certSerialId: null}
2019-10-15 09:59:02,427 [grpc-default-executor-1] INFO  impl.RaftServerProxy (RaftServerProxy.java:addNew(89)) - 2946a9e1-974e-44f9-8264-0f81be1b0092: addNew group-31FA4469F330:[2946a9e1-974e-44f9-8264-0f81be1b0092:192.168.69.65:44032] returns group-31FA4469F330:java.util.concurrent.CompletableFuture@10157283[Not completed]
2019-10-15 09:59:02,428 [pool-403-thread-1] INFO  impl.RaftServerImpl (RaftServerImpl.java:<init>(95)) - 2946a9e1-974e-44f9-8264-0f81be1b0092: new RaftServerImpl for group-31FA4469F330:[2946a9e1-974e-44f9-8264-0f81be1b0092:192.168.69.65:44032] with ContainerStateMachine:uninitialized
2019-10-15 09:59:02,428 [pool-403-thread-1] INFO  server.RaftServerConfigKeys (ConfUtils.java:logGet(43)) - raft.server.rpc.timeout.min = 5s (custom)
2019-10-15 09:59:02,428 [pool-403-thread-1] INFO  server.RaftServerConfigKeys (ConfUtils.java:logGet(43)) - raft.server.rpc.timeout.max = 5200ms (custom)
2019-10-15 09:59:02,428 [pool-403-thread-1] INFO  server.RaftServerConfigKeys (ConfUtils.java:logGet(43)) - raft.server.rpcslowness.timeout = 120s (custom)
2019-10-15 09:59:02,428 [pool-403-thread-1] INFO  server.RaftServerConfigKeys (ConfUtils.java:logGet(43)) - raft.server.sleep.deviation.threshold = 300 (default)
2019-10-15 09:59:02,428 [pool-403-thread-1] INFO  server.RaftServerConfigKeys (ConfUtils.java:logGet(43)) - raft.server.log.appender.install.snapshot.enabled = false (custom)
2019-10-15 09:59:02,428 [pool-403-thread-1] INFO  impl.RaftServerImpl (ServerState.java:<init>(103)) - 2946a9e1-974e-44f9-8264-0f81be1b0092@group-31FA4469F330: ConfigurationManager, init=-1: [2946a9e1-974e-44f9-8264-0f81be1b0092:192.168.69.65:44032], old=null, confs=<EMPTY_MAP>
2019-10-15 09:59:02,428 [pool-403-thread-1] INFO  server.RaftServerConfigKeys (ConfUtils.java:logGet(43)) - raft.server.storage.dir = [/workdir/hadoop-ozone/integration-test/target/test-dir/MiniOzoneClusterImpl-6cd558f7-8af7-4672-8aed-8d3b5cfcb651/datanode-2/data/ratis] (custom)
2019-10-15 09:59:02,429 [pool-403-thread-1] INFO  server.RaftServerConfigKeys (ConfUtils.java:logGet(43)) - raft.server.log.corruption.policy = EXCEPTION (default)
2019-10-15 09:59:02,429 [pool-403-thread-1] INFO  storage.RaftStorageDirectory (RaftStorageDirectory.java:analyzeStorage(246)) - The storage directory /workdir/hadoop-ozone/integration-test/target/test-dir/MiniOzoneClusterImpl-6cd558f7-8af7-4672-8aed-8d3b5cfcb651/datanode-2/data/ratis/87ecfbb7-3981-4a11-8b36-31fa4469f330 does not exist. Creating ...
2019-10-15 09:59:02,441 [pool-403-thread-1] INFO  storage.RaftStorageDirectory (RaftStorageDirectory.java:tryLock(328)) - Lock on /workdir/hadoop-ozone/integration-test/target/test-dir/MiniOzoneClusterImpl-6cd558f7-8af7-4672-8aed-8d3b5cfcb651/datanode-2/data/ratis/87ecfbb7-3981-4a11-8b36-31fa4469f330/in_use.lock acquired by nodename 28125@dev-nightly-20191015-lc69l-4092513605
2019-10-15 09:59:02,454 [pool-403-thread-1] INFO  storage.RaftStorage (RaftStorage.java:format(84)) - Storage directory /workdir/hadoop-ozone/integration-test/target/test-dir/MiniOzoneClusterImpl-6cd558f7-8af7-4672-8aed-8d3b5cfcb651/datanode-2/data/ratis/87ecfbb7-3981-4a11-8b36-31fa4469f330 has been successfully formatted.
2019-10-15 09:59:02,454 [pool-403-thread-1] INFO  ratis.ContainerStateMachine (ContainerStateMachine.java:loadSnapshot(231)) - group-31FA4469F330: The snapshot info is null. Setting the last applied indexto:(t:0, i:~)
2019-10-15 09:59:02,454 [pool-403-thread-1] INFO  server.RaftServerConfigKeys (ConfUtils.java:logGet(43)) - raft.server.notification.no-leader.timeout = 120s (custom)
2019-10-15 09:59:02,454 [pool-403-thread-1] INFO  server.RaftServerConfigKeys (ConfUtils.java:logGet(43)) - raft.server.log.use.memory = false (default)
2019-10-15 09:59:02,454 [pool-403-thread-1] INFO  server.RaftServerConfigKeys (ConfUtils.java:logGet(43)) - raft.server.log.purge.gap = 1000000 (custom)
2019-10-15 09:59:02,454 [pool-403-thread-1] INFO  server.RaftServerConfigKeys (ConfUtils.java:logGet(43)) - raft.server.log.appender.buffer.byte-limit = 33554432 (custom)
2019-10-15 09:59:02,454 [pool-403-thread-1] INFO  server.RaftServerConfigKeys (ConfUtils.java:logGet(43)) - raft.server.log.segment.size.max = 1048576 (custom)
2019-10-15 09:59:02,456 [pool-403-thread-1] INFO  server.RaftServerConfigKeys (ConfUtils.java:logGet(43)) - raft.server.log.segment.cache.num.max = 2 (custom)
2019-10-15 09:59:02,456 [pool-403-thread-1] INFO  segmented.SegmentedRaftLogWorker (SegmentedRaftLogWorker.java:<init>(173)) - new 2946a9e1-974e-44f9-8264-0f81be1b0092@group-31FA4469F330-SegmentedRaftLogWorker for RaftStorage:Storage Directory /workdir/hadoop-ozone/integration-test/target/test-dir/MiniOzoneClusterImpl-6cd558f7-8af7-4672-8aed-8d3b5cfcb651/datanode-2/data/ratis/87ecfbb7-3981-4a11-8b36-31fa4469f330
2019-10-15 09:59:02,456 [pool-403-thread-1] INFO  server.RaftServerConfigKeys (ConfUtils.java:logGet(43)) - raft.server.log.queue.byte-limit = 2147483647 (custom)
2019-10-15 09:59:02,456 [pool-403-thread-1] INFO  server.RaftServerConfigKeys (ConfUtils.java:logGet(43)) - raft.server.log.queue.element-limit = 1024 (custom)
2019-10-15 09:59:02,456 [pool-403-thread-1] INFO  server.RaftServerConfigKeys (ConfUtils.java:logGet(43)) - raft.server.log.segment.size.max = 1048576 (custom)
2019-10-15 09:59:02,456 [pool-403-thread-1] INFO  server.RaftServerConfigKeys (ConfUtils.java:logGet(43)) - raft.server.log.preallocated.size = 16384 (custom)
2019-10-15 09:59:02,456 [pool-403-thread-1] INFO  server.RaftServerConfigKeys (ConfUtils.java:logGet(43)) - raft.server.log.write.buffer.size = 33554432 (custom)
2019-10-15 09:59:02,456 [pool-403-thread-1] INFO  server.RaftServerConfigKeys (ConfUtils.java:logGet(43)) - raft.server.log.force.sync.num = 128 (default)
2019-10-15 09:59:02,456 [pool-403-thread-1] INFO  server.RaftServerConfigKeys (ConfUtils.java:logGet(43)) - raft.server.log.statemachine.data.sync = true (default)
2019-10-15 09:59:02,456 [pool-403-thread-1] INFO  server.RaftServerConfigKeys (ConfUtils.java:logGet(43)) - raft.server.log.statemachine.data.sync.timeout = 10s (default)
2019-10-15 09:59:02,456 [pool-403-thread-1] INFO  server.RaftServerConfigKeys (ConfUtils.java:logGet(43)) - raft.server.log.statemachine.data.sync.timeout.retry = -1 (default)
2019-10-15 09:59:02,457 [pool-403-thread-1] INFO  server.RaftServerConfigKeys (ConfUtils.java:logGet(43)) - raft.server.log.statemachine.data.caching.enabled = true (custom)
2019-10-15 09:59:02,457 [pool-403-thread-1] INFO  segmented.SegmentedRaftLogWorker (SegmentedRaftLogWorker.java:lambda$new$0(128)) - 2946a9e1-974e-44f9-8264-0f81be1b0092@group-31FA4469F330-SegmentedRaftLogWorker: flushIndex: setUnconditionally 0 -> -1
2019-10-15 09:59:02,457 [pool-403-thread-1] INFO  server.RaftServerConfigKeys (ConfUtils.java:logGet(43)) - raft.server.snapshot.auto.trigger.enabled = true (custom)
2019-10-15 09:59:02,457 [pool-403-thread-1] INFO  server.RaftServerConfigKeys (ConfUtils.java:logGet(43)) - raft.server.snapshot.auto.trigger.threshold = 10000 (custom)
2019-10-15 09:59:02,457 [pool-403-thread-1] INFO  server.RaftServerConfigKeys (ConfUtils.java:logGet(43)) - raft.server.snapshot.retention.file.num = 5 (custom)
2019-10-15 09:59:02,457 [pool-403-thread-1] INFO  server.RaftServerConfigKeys (ConfUtils.java:logGet(43)) - raft.server.retrycache.expirytime = 600000ms (custom)
2019-10-15 09:59:02,459 [pool-403-thread-1] INFO  impl.RaftServerImpl (RaftServerImpl.java:start(181)) - 2946a9e1-974e-44f9-8264-0f81be1b0092@group-31FA4469F330: start as a follower, conf=-1: [2946a9e1-974e-44f9-8264-0f81be1b0092:192.168.69.65:44032], old=null
2019-10-15 09:59:02,459 [pool-403-thread-1] INFO  impl.RaftServerImpl (RaftServerImpl.java:setRole(170)) - 2946a9e1-974e-44f9-8264-0f81be1b0092@group-31FA4469F330: changes role from      null to FOLLOWER at term 0 for startAsFollower
2019-10-15 09:59:02,459 [pool-403-thread-1] INFO  impl.RoleInfo (RoleInfo.java:updateAndGet(143)) - 2946a9e1-974e-44f9-8264-0f81be1b0092: start FollowerState
2019-10-15 09:59:02,459 [pool-403-thread-1] INFO  util.JmxRegister (JmxRegister.java:tryRegister(44)) - Successfully registered JMX Bean with object name Ratis:service=RaftServer,group=group-31FA4469F330,id=2946a9e1-974e-44f9-8264-0f81be1b0092
2019-10-15 09:59:02,463 [RatisPipelineUtilsThread] INFO  pipeline.PipelineStateManager (PipelineStateManager.java:addPipeline(56)) - Created pipeline Pipeline[ Id: 87ecfbb7-3981-4a11-8b36-31fa4469f330, Nodes: 2946a9e1-974e-44f9-8264-0f81be1b0092{ip: 192.168.69.65, host: dev-nightly-20191015-lc69l-4092513605, networkLocation: /default-rack, certSerialId: null}, Type:RATIS, Factor:ONE, State:OPEN]
2019-10-15 09:59:02,472 [grpc-default-executor-6] INFO  impl.RaftServerProxy (RaftServerProxy.java:addNew(89)) - 760adb25-f8ec-4441-adc0-bf5ebc4f52f9: addNew group-AB8AAB036AD8:[e06c9e0e-bfb3-4545-b88d-c8398ac06dce:192.168.69.65:36541, 2946a9e1-974e-44f9-8264-0f81be1b0092:192.168.69.65:44032, 760adb25-f8ec-4441-adc0-bf5ebc4f52f9:192.168.69.65:43648] returns group-AB8AAB036AD8:java.util.concurrent.CompletableFuture@597630d6[Not completed]
2019-10-15 09:59:02,472 [grpc-default-executor-0] INFO  impl.RaftServerProxy (RaftServerProxy.java:addNew(89)) - 2946a9e1-974e-44f9-8264-0f81be1b0092: addNew group-AB8AAB036AD8:[e06c9e0e-bfb3-4545-b88d-c8398ac06dce:192.168.69.65:36541, 2946a9e1-974e-44f9-8264-0f81be1b0092:192.168.69.65:44032, 760adb25-f8ec-4441-adc0-bf5ebc4f52f9:192.168.69.65:43648] returns group-AB8AAB036AD8:java.util.concurrent.CompletableFuture@6025b4bd[Not completed]
2019-10-15 09:59:02,472 [grpc-default-executor-1] INFO  impl.RaftServerProxy (RaftServerProxy.java:addNew(89)) - e06c9e0e-bfb3-4545-b88d-c8398ac06dce: addNew group-AB8AAB036AD8:[e06c9e0e-bfb3-4545-b88d-c8398ac06dce:192.168.69.65:36541, 2946a9e1-974e-44f9-8264-0f81be1b0092:192.168.69.65:44032, 760adb25-f8ec-4441-adc0-bf5ebc4f52f9:192.168.69.65:43648] returns group-AB8AAB036AD8:java.util.concurrent.CompletableFuture@3bfd6cfc[Not completed]
2019-10-15 09:59:02,473 [pool-393-thread-1] INFO  impl.RaftServerImpl (RaftServerImpl.java:<init>(95)) - 760adb25-f8ec-4441-adc0-bf5ebc4f52f9: new RaftServerImpl for group-AB8AAB036AD8:[e06c9e0e-bfb3-4545-b88d-c8398ac06dce:192.168.69.65:36541, 2946a9e1-974e-44f9-8264-0f81be1b0092:192.168.69.65:44032, 760adb25-f8ec-4441-adc0-bf5ebc4f52f9:192.168.69.65:43648] with ContainerStateMachine:uninitialized
2019-10-15 09:59:02,473 [pool-393-thread-1] INFO  server.RaftServerConfigKeys (ConfUtils.java:logGet(43)) - raft.server.rpc.timeout.min = 5s (custom)
2019-10-15 09:59:02,473 [pool-393-thread-1] INFO  server.RaftServerConfigKeys (ConfUtils.java:logGet(43)) - raft.server.rpc.timeout.max = 5200ms (custom)
2019-10-15 09:59:02,474 [pool-393-thread-1] INFO  server.RaftServerConfigKeys (ConfUtils.java:logGet(43)) - raft.server.rpcslowness.timeout = 120s (custom)
2019-10-15 09:59:02,474 [pool-393-thread-1] INFO  server.RaftServerConfigKeys (ConfUtils.java:logGet(43)) - raft.server.sleep.deviation.threshold = 300 (default)
2019-10-15 09:59:02,474 [pool-393-thread-1] INFO  server.RaftServerConfigKeys (ConfUtils.java:logGet(43)) - raft.server.log.appender.install.snapshot.enabled = false (custom)
2019-10-15 09:59:02,474 [pool-393-thread-1] INFO  impl.RaftServerImpl (ServerState.java:<init>(103)) - 760adb25-f8ec-4441-adc0-bf5ebc4f52f9@group-AB8AAB036AD8: ConfigurationManager, init=-1: [e06c9e0e-bfb3-4545-b88d-c8398ac06dce:192.168.69.65:36541, 2946a9e1-974e-44f9-8264-0f81be1b0092:192.168.69.65:44032, 760adb25-f8ec-4441-adc0-bf5ebc4f52f9:192.168.69.65:43648], old=null, confs=<EMPTY_MAP>
2019-10-15 09:59:02,474 [pool-393-thread-1] INFO  server.RaftServerConfigKeys (ConfUtils.java:logGet(43)) - raft.server.storage.dir = [/workdir/hadoop-ozone/integration-test/target/test-dir/MiniOzoneClusterImpl-6cd558f7-8af7-4672-8aed-8d3b5cfcb651/datanode-1/data/ratis] (custom)
2019-10-15 09:59:02,474 [pool-383-thread-1] INFO  impl.RaftServerImpl (RaftServerImpl.java:<init>(95)) - e06c9e0e-bfb3-4545-b88d-c8398ac06dce: new RaftServerImpl for group-AB8AAB036AD8:[e06c9e0e-bfb3-4545-b88d-c8398ac06dce:192.168.69.65:36541, 2946a9e1-974e-44f9-8264-0f81be1b0092:192.168.69.65:44032, 760adb25-f8ec-4441-adc0-bf5ebc4f52f9:192.168.69.65:43648] with ContainerStateMachine:uninitialized
2019-10-15 09:59:02,474 [pool-393-thread-1] INFO  server.RaftServerConfigKeys (ConfUtils.java:logGet(43)) - raft.server.log.corruption.policy = EXCEPTION (default)
2019-10-15 09:59:02,474 [pool-383-thread-1] INFO  server.RaftServerConfigKeys (ConfUtils.java:logGet(43)) - raft.server.rpc.timeout.min = 5s (custom)
2019-10-15 09:59:02,474 [pool-393-thread-1] INFO  storage.RaftStorageDirectory (RaftStorageDirectory.java:analyzeStorage(246)) - The storage directory /workdir/hadoop-ozone/integration-test/target/test-dir/MiniOzoneClusterImpl-6cd558f7-8af7-4672-8aed-8d3b5cfcb651/datanode-1/data/ratis/2b15ade4-e629-4c5b-987e-ab8aab036ad8 does not exist. Creating ...
2019-10-15 09:59:02,474 [pool-383-thread-1] INFO  server.RaftServerConfigKeys (ConfUtils.java:logGet(43)) - raft.server.rpc.timeout.max = 5200ms (custom)
2019-10-15 09:59:02,475 [pool-383-thread-1] INFO  server.RaftServerConfigKeys (ConfUtils.java:logGet(43)) - raft.server.rpcslowness.timeout = 120s (custom)
2019-10-15 09:59:02,475 [pool-383-thread-1] INFO  server.RaftServerConfigKeys (ConfUtils.java:logGet(43)) - raft.server.sleep.deviation.threshold = 300 (default)
2019-10-15 09:59:02,475 [pool-383-thread-1] INFO  server.RaftServerConfigKeys (ConfUtils.java:logGet(43)) - raft.server.log.appender.install.snapshot.enabled = false (custom)
2019-10-15 09:59:02,475 [pool-383-thread-1] INFO  impl.RaftServerImpl (ServerState.java:<init>(103)) - e06c9e0e-bfb3-4545-b88d-c8398ac06dce@group-AB8AAB036AD8: ConfigurationManager, init=-1: [e06c9e0e-bfb3-4545-b88d-c8398ac06dce:192.168.69.65:36541, 2946a9e1-974e-44f9-8264-0f81be1b0092:192.168.69.65:44032, 760adb25-f8ec-4441-adc0-bf5ebc4f52f9:192.168.69.65:43648], old=null, confs=<EMPTY_MAP>
2019-10-15 09:59:02,475 [IPC Server handler 3 on 45663] INFO  net.NetworkTopology (NetworkTopologyImpl.java:add(111)) - Added a new node: /default-rack/66a6a220-1788-428d-bea0-9b732daeb752
2019-10-15 09:59:02,475 [pool-403-thread-1] INFO  impl.RaftServerImpl (RaftServerImpl.java:<init>(95)) - 2946a9e1-974e-44f9-8264-0f81be1b0092: new RaftServerImpl for group-AB8AAB036AD8:[e06c9e0e-bfb3-4545-b88d-c8398ac06dce:192.168.69.65:36541, 2946a9e1-974e-44f9-8264-0f81be1b0092:192.168.69.65:44032, 760adb25-f8ec-4441-adc0-bf5ebc4f52f9:192.168.69.65:43648] with ContainerStateMachine:uninitialized
2019-10-15 09:59:02,475 [pool-383-thread-1] INFO  server.RaftServerConfigKeys (ConfUtils.java:logGet(43)) - raft.server.storage.dir = [/workdir/hadoop-ozone/integration-test/target/test-dir/MiniOzoneClusterImpl-6cd558f7-8af7-4672-8aed-8d3b5cfcb651/datanode-0/data/ratis] (custom)
2019-10-15 09:59:02,475 [pool-403-thread-1] INFO  server.RaftServerConfigKeys (ConfUtils.java:logGet(43)) - raft.server.rpc.timeout.min = 5s (custom)
2019-10-15 09:59:02,475 [IPC Server handler 3 on 45663] INFO  node.SCMNodeManager (SCMNodeManager.java:register(268)) - Registered Data node : 66a6a220-1788-428d-bea0-9b732daeb752{ip: 192.168.69.65, host: dev-nightly-20191015-lc69l-4092513605, networkLocation: /default-rack, certSerialId: null}
2019-10-15 09:59:02,476 [pool-383-thread-1] INFO  server.RaftServerConfigKeys (ConfUtils.java:logGet(43)) - raft.server.log.corruption.policy = EXCEPTION (default)
2019-10-15 09:59:02,476 [pool-403-thread-1] INFO  server.RaftServerConfigKeys (ConfUtils.java:logGet(43)) - raft.server.rpc.timeout.max = 5200ms (custom)
2019-10-15 09:59:02,476 [pool-383-thread-1] INFO  storage.RaftStorageDirectory (RaftStorageDirectory.java:analyzeStorage(246)) - The storage directory /workdir/hadoop-ozone/integration-test/target/test-dir/MiniOzoneClusterImpl-6cd558f7-8af7-4672-8aed-8d3b5cfcb651/datanode-0/data/ratis/2b15ade4-e629-4c5b-987e-ab8aab036ad8 does not exist. Creating ...
2019-10-15 09:59:02,476 [pool-403-thread-1] INFO  server.RaftServerConfigKeys (ConfUtils.java:logGet(43)) - raft.server.rpcslowness.timeout = 120s (custom)
2019-10-15 09:59:02,476 [pool-403-thread-1] INFO  server.RaftServerConfigKeys (ConfUtils.java:logGet(43)) - raft.server.sleep.deviation.threshold = 300 (default)
2019-10-15 09:59:02,476 [pool-403-thread-1] INFO  server.RaftServerConfigKeys (ConfUtils.java:logGet(43)) - raft.server.log.appender.install.snapshot.enabled = false (custom)
2019-10-15 09:59:02,476 [pool-403-thread-1] INFO  impl.RaftServerImpl (ServerState.java:<init>(103)) - 2946a9e1-974e-44f9-8264-0f81be1b0092@group-AB8AAB036AD8: ConfigurationManager, init=-1: [e06c9e0e-bfb3-4545-b88d-c8398ac06dce:192.168.69.65:36541, 2946a9e1-974e-44f9-8264-0f81be1b0092:192.168.69.65:44032, 760adb25-f8ec-4441-adc0-bf5ebc4f52f9:192.168.69.65:43648], old=null, confs=<EMPTY_MAP>
2019-10-15 09:59:02,476 [pool-403-thread-1] INFO  server.RaftServerConfigKeys (ConfUtils.java:logGet(43)) - raft.server.storage.dir = [/workdir/hadoop-ozone/integration-test/target/test-dir/MiniOzoneClusterImpl-6cd558f7-8af7-4672-8aed-8d3b5cfcb651/datanode-2/data/ratis] (custom)
2019-10-15 09:59:02,477 [pool-403-thread-1] INFO  server.RaftServerConfigKeys (ConfUtils.java:logGet(43)) - raft.server.log.corruption.policy = EXCEPTION (default)
2019-10-15 09:59:02,477 [pool-403-thread-1] INFO  storage.RaftStorageDirectory (RaftStorageDirectory.java:analyzeStorage(246)) - The storage directory /workdir/hadoop-ozone/integration-test/target/test-dir/MiniOzoneClusterImpl-6cd558f7-8af7-4672-8aed-8d3b5cfcb651/datanode-2/data/ratis/2b15ade4-e629-4c5b-987e-ab8aab036ad8 does not exist. Creating ...
2019-10-15 09:59:02,488 [pool-403-thread-1] INFO  storage.RaftStorageDirectory (RaftStorageDirectory.java:tryLock(328)) - Lock on /workdir/hadoop-ozone/integration-test/target/test-dir/MiniOzoneClusterImpl-6cd558f7-8af7-4672-8aed-8d3b5cfcb651/datanode-2/data/ratis/2b15ade4-e629-4c5b-987e-ab8aab036ad8/in_use.lock acquired by nodename 28125@dev-nightly-20191015-lc69l-4092513605
2019-10-15 09:59:02,488 [pool-393-thread-1] INFO  storage.RaftStorageDirectory (RaftStorageDirectory.java:tryLock(328)) - Lock on /workdir/hadoop-ozone/integration-test/target/test-dir/MiniOzoneClusterImpl-6cd558f7-8af7-4672-8aed-8d3b5cfcb651/datanode-1/data/ratis/2b15ade4-e629-4c5b-987e-ab8aab036ad8/in_use.lock acquired by nodename 28125@dev-nightly-20191015-lc69l-4092513605
2019-10-15 09:59:02,488 [pool-383-thread-1] INFO  storage.RaftStorageDirectory (RaftStorageDirectory.java:tryLock(328)) - Lock on /workdir/hadoop-ozone/integration-test/target/test-dir/MiniOzoneClusterImpl-6cd558f7-8af7-4672-8aed-8d3b5cfcb651/datanode-0/data/ratis/2b15ade4-e629-4c5b-987e-ab8aab036ad8/in_use.lock acquired by nodename 28125@dev-nightly-20191015-lc69l-4092513605
2019-10-15 09:59:02,501 [pool-393-thread-1] INFO  storage.RaftStorage (RaftStorage.java:format(84)) - Storage directory /workdir/hadoop-ozone/integration-test/target/test-dir/MiniOzoneClusterImpl-6cd558f7-8af7-4672-8aed-8d3b5cfcb651/datanode-1/data/ratis/2b15ade4-e629-4c5b-987e-ab8aab036ad8 has been successfully formatted.
2019-10-15 09:59:02,501 [pool-383-thread-1] INFO  storage.RaftStorage (RaftStorage.java:format(84)) - Storage directory /workdir/hadoop-ozone/integration-test/target/test-dir/MiniOzoneClusterImpl-6cd558f7-8af7-4672-8aed-8d3b5cfcb651/datanode-0/data/ratis/2b15ade4-e629-4c5b-987e-ab8aab036ad8 has been successfully formatted.
2019-10-15 09:59:02,501 [pool-393-thread-1] INFO  ratis.ContainerStateMachine (ContainerStateMachine.java:loadSnapshot(231)) - group-AB8AAB036AD8: The snapshot info is null. Setting the last applied indexto:(t:0, i:~)
2019-10-15 09:59:02,501 [pool-403-thread-1] INFO  storage.RaftStorage (RaftStorage.java:format(84)) - Storage directory /workdir/hadoop-ozone/integration-test/target/test-dir/MiniOzoneClusterImpl-6cd558f7-8af7-4672-8aed-8d3b5cfcb651/datanode-2/data/ratis/2b15ade4-e629-4c5b-987e-ab8aab036ad8 has been successfully formatted.
2019-10-15 09:59:02,501 [pool-383-thread-1] INFO  ratis.ContainerStateMachine (ContainerStateMachine.java:loadSnapshot(231)) - group-AB8AAB036AD8: The snapshot info is null. Setting the last applied indexto:(t:0, i:~)
2019-10-15 09:59:02,502 [pool-403-thread-1] INFO  ratis.ContainerStateMachine (ContainerStateMachine.java:loadSnapshot(231)) - group-AB8AAB036AD8: The snapshot info is null. Setting the last applied indexto:(t:0, i:~)
2019-10-15 09:59:02,501 [pool-393-thread-1] INFO  server.RaftServerConfigKeys (ConfUtils.java:logGet(43)) - raft.server.notification.no-leader.timeout = 120s (custom)
2019-10-15 09:59:02,502 [pool-403-thread-1] INFO  server.RaftServerConfigKeys (ConfUtils.java:logGet(43)) - raft.server.notification.no-leader.timeout = 120s (custom)
2019-10-15 09:59:02,502 [pool-383-thread-1] INFO  server.RaftServerConfigKeys (ConfUtils.java:logGet(43)) - raft.server.notification.no-leader.timeout = 120s (custom)
2019-10-15 09:59:02,502 [pool-403-thread-1] INFO  server.RaftServerConfigKeys (ConfUtils.java:logGet(43)) - raft.server.log.use.memory = false (default)
2019-10-15 09:59:02,502 [pool-393-thread-1] INFO  server.RaftServerConfigKeys (ConfUtils.java:logGet(43)) - raft.server.log.use.memory = false (default)
2019-10-15 09:59:02,502 [pool-403-thread-1] INFO  server.RaftServerConfigKeys (ConfUtils.java:logGet(43)) - raft.server.log.purge.gap = 1000000 (custom)
2019-10-15 09:59:02,502 [pool-383-thread-1] INFO  server.RaftServerConfigKeys (ConfUtils.java:logGet(43)) - raft.server.log.use.memory = false (default)
2019-10-15 09:59:02,503 [pool-403-thread-1] INFO  server.RaftServerConfigKeys (ConfUtils.java:logGet(43)) - raft.server.log.appender.buffer.byte-limit = 33554432 (custom)
2019-10-15 09:59:02,502 [pool-393-thread-1] INFO  server.RaftServerConfigKeys (ConfUtils.java:logGet(43)) - raft.server.log.purge.gap = 1000000 (custom)
2019-10-15 09:59:02,503 [pool-403-thread-1] INFO  server.RaftServerConfigKeys (ConfUtils.java:logGet(43)) - raft.server.log.segment.size.max = 1048576 (custom)
2019-10-15 09:59:02,503 [pool-383-thread-1] INFO  server.RaftServerConfigKeys (ConfUtils.java:logGet(43)) - raft.server.log.purge.gap = 1000000 (custom)
2019-10-15 09:59:02,503 [pool-403-thread-1] INFO  server.RaftServerConfigKeys (ConfUtils.java:logGet(43)) - raft.server.log.segment.cache.num.max = 2 (custom)
2019-10-15 09:59:02,503 [pool-393-thread-1] INFO  server.RaftServerConfigKeys (ConfUtils.java:logGet(43)) - raft.server.log.appender.buffer.byte-limit = 33554432 (custom)
2019-10-15 09:59:02,503 [pool-403-thread-1] INFO  segmented.SegmentedRaftLogWorker (SegmentedRaftLogWorker.java:<init>(173)) - new 2946a9e1-974e-44f9-8264-0f81be1b0092@group-AB8AAB036AD8-SegmentedRaftLogWorker for RaftStorage:Storage Directory /workdir/hadoop-ozone/integration-test/target/test-dir/MiniOzoneClusterImpl-6cd558f7-8af7-4672-8aed-8d3b5cfcb651/datanode-2/data/ratis/2b15ade4-e629-4c5b-987e-ab8aab036ad8
2019-10-15 09:59:02,503 [pool-383-thread-1] INFO  server.RaftServerConfigKeys (ConfUtils.java:logGet(43)) - raft.server.log.appender.buffer.byte-limit = 33554432 (custom)
2019-10-15 09:59:02,503 [pool-403-thread-1] INFO  server.RaftServerConfigKeys (ConfUtils.java:logGet(43)) - raft.server.log.queue.byte-limit = 2147483647 (custom)
2019-10-15 09:59:02,503 [pool-393-thread-1] INFO  server.RaftServerConfigKeys (ConfUtils.java:logGet(43)) - raft.server.log.segment.size.max = 1048576 (custom)
2019-10-15 09:59:02,504 [pool-403-thread-1] INFO  server.RaftServerConfigKeys (ConfUtils.java:logGet(43)) - raft.server.log.queue.element-limit = 1024 (custom)
2019-10-15 09:59:02,504 [pool-383-thread-1] INFO  server.RaftServerConfigKeys (ConfUtils.java:logGet(43)) - raft.server.log.segment.size.max = 1048576 (custom)
2019-10-15 09:59:02,504 [pool-403-thread-1] INFO  server.RaftServerConfigKeys (ConfUtils.java:logGet(43)) - raft.server.log.segment.size.max = 1048576 (custom)
2019-10-15 09:59:02,504 [pool-393-thread-1] INFO  server.RaftServerConfigKeys (ConfUtils.java:logGet(43)) - raft.server.log.segment.cache.num.max = 2 (custom)
2019-10-15 09:59:02,504 [pool-403-thread-1] INFO  server.RaftServerConfigKeys (ConfUtils.java:logGet(43)) - raft.server.log.preallocated.size = 16384 (custom)
2019-10-15 09:59:02,504 [pool-383-thread-1] INFO  server.RaftServerConfigKeys (ConfUtils.java:logGet(43)) - raft.server.log.segment.cache.num.max = 2 (custom)
2019-10-15 09:59:02,504 [pool-403-thread-1] INFO  server.RaftServerConfigKeys (ConfUtils.java:logGet(43)) - raft.server.log.write.buffer.size = 33554432 (custom)
2019-10-15 09:59:02,505 [pool-403-thread-1] INFO  server.RaftServerConfigKeys (ConfUtils.java:logGet(43)) - raft.server.log.force.sync.num = 128 (default)
2019-10-15 09:59:02,504 [pool-393-thread-1] INFO  segmented.SegmentedRaftLogWorker (SegmentedRaftLogWorker.java:<init>(173)) - new 760adb25-f8ec-4441-adc0-bf5ebc4f52f9@group-AB8AAB036AD8-SegmentedRaftLogWorker for RaftStorage:Storage Directory /workdir/hadoop-ozone/integration-test/target/test-dir/MiniOzoneClusterImpl-6cd558f7-8af7-4672-8aed-8d3b5cfcb651/datanode-1/data/ratis/2b15ade4-e629-4c5b-987e-ab8aab036ad8
2019-10-15 09:59:02,505 [pool-403-thread-1] INFO  server.RaftServerConfigKeys (ConfUtils.java:logGet(43)) - raft.server.log.statemachine.data.sync = true (default)
2019-10-15 09:59:02,504 [pool-383-thread-1] INFO  segmented.SegmentedRaftLogWorker (SegmentedRaftLogWorker.java:<init>(173)) - new e06c9e0e-bfb3-4545-b88d-c8398ac06dce@group-AB8AAB036AD8-SegmentedRaftLogWorker for RaftStorage:Storage Directory /workdir/hadoop-ozone/integration-test/target/test-dir/MiniOzoneClusterImpl-6cd558f7-8af7-4672-8aed-8d3b5cfcb651/datanode-0/data/ratis/2b15ade4-e629-4c5b-987e-ab8aab036ad8
2019-10-15 09:59:02,505 [pool-403-thread-1] INFO  server.RaftServerConfigKeys (ConfUtils.java:logGet(43)) - raft.server.log.statemachine.data.sync.timeout = 10s (default)
2019-10-15 09:59:02,505 [pool-393-thread-1] INFO  server.RaftServerConfigKeys (ConfUtils.java:logGet(43)) - raft.server.log.queue.byte-limit = 2147483647 (custom)
2019-10-15 09:59:02,505 [pool-403-thread-1] INFO  server.RaftServerConfigKeys (ConfUtils.java:logGet(43)) - raft.server.log.statemachine.data.sync.timeout.retry = -1 (default)
2019-10-15 09:59:02,505 [pool-383-thread-1] INFO  server.RaftServerConfigKeys (ConfUtils.java:logGet(43)) - raft.server.log.queue.byte-limit = 2147483647 (custom)
2019-10-15 09:59:02,505 [pool-403-thread-1] INFO  server.RaftServerConfigKeys (ConfUtils.java:logGet(43)) - raft.server.log.statemachine.data.caching.enabled = true (custom)
2019-10-15 09:59:02,505 [pool-393-thread-1] INFO  server.RaftServerConfigKeys (ConfUtils.java:logGet(43)) - raft.server.log.queue.element-limit = 1024 (custom)
2019-10-15 09:59:02,506 [pool-403-thread-1] INFO  segmented.SegmentedRaftLogWorker (SegmentedRaftLogWorker.java:lambda$new$0(128)) - 2946a9e1-974e-44f9-8264-0f81be1b0092@group-AB8AAB036AD8-SegmentedRaftLogWorker: flushIndex: setUnconditionally 0 -> -1
2019-10-15 09:59:02,505 [pool-383-thread-1] INFO  server.RaftServerConfigKeys (ConfUtils.java:logGet(43)) - raft.server.log.queue.element-limit = 1024 (custom)
2019-10-15 09:59:02,506 [pool-393-thread-1] INFO  server.RaftServerConfigKeys (ConfUtils.java:logGet(43)) - raft.server.log.segment.size.max = 1048576 (custom)
2019-10-15 09:59:02,506 [pool-383-thread-1] INFO  server.RaftServerConfigKeys (ConfUtils.java:logGet(43)) - raft.server.log.segment.size.max = 1048576 (custom)
2019-10-15 09:59:02,506 [pool-403-thread-1] INFO  server.RaftServerConfigKeys (ConfUtils.java:logGet(43)) - raft.server.snapshot.auto.trigger.enabled = true (custom)
2019-10-15 09:59:02,506 [pool-383-thread-1] INFO  server.RaftServerConfigKeys (ConfUtils.java:logGet(43)) - raft.server.log.preallocated.size = 16384 (custom)
2019-10-15 09:59:02,506 [pool-393-thread-1] INFO  server.RaftServerConfigKeys (ConfUtils.java:logGet(43)) - raft.server.log.preallocated.size = 16384 (custom)
2019-10-15 09:59:02,506 [pool-383-thread-1] INFO  server.RaftServerConfigKeys (ConfUtils.java:logGet(43)) - raft.server.log.write.buffer.size = 33554432 (custom)
2019-10-15 09:59:02,506 [pool-403-thread-1] INFO  server.RaftServerConfigKeys (ConfUtils.java:logGet(43)) - raft.server.snapshot.auto.trigger.threshold = 10000 (custom)
2019-10-15 09:59:02,507 [pool-383-thread-1] INFO  server.RaftServerConfigKeys (ConfUtils.java:logGet(43)) - raft.server.log.force.sync.num = 128 (default)
2019-10-15 09:59:02,506 [pool-393-thread-1] INFO  server.RaftServerConfigKeys (ConfUtils.java:logGet(43)) - raft.server.log.write.buffer.size = 33554432 (custom)
2019-10-15 09:59:02,507 [pool-383-thread-1] INFO  server.RaftServerConfigKeys (ConfUtils.java:logGet(43)) - raft.server.log.statemachine.data.sync = true (default)
2019-10-15 09:59:02,507 [pool-403-thread-1] INFO  server.RaftServerConfigKeys (ConfUtils.java:logGet(43)) - raft.server.snapshot.retention.file.num = 5 (custom)
2019-10-15 09:59:02,507 [pool-383-thread-1] INFO  server.RaftServerConfigKeys (ConfUtils.java:logGet(43)) - raft.server.log.statemachine.data.sync.timeout = 10s (default)
2019-10-15 09:59:02,507 [pool-393-thread-1] INFO  server.RaftServerConfigKeys (ConfUtils.java:logGet(43)) - raft.server.log.force.sync.num = 128 (default)
2019-10-15 09:59:02,507 [pool-383-thread-1] INFO  server.RaftServerConfigKeys (ConfUtils.java:logGet(43)) - raft.server.log.statemachine.data.sync.timeout.retry = -1 (default)
2019-10-15 09:59:02,507 [pool-403-thread-1] INFO  server.RaftServerConfigKeys (ConfUtils.java:logGet(43)) - raft.server.retrycache.expirytime = 600000ms (custom)
2019-10-15 09:59:02,507 [pool-383-thread-1] INFO  server.RaftServerConfigKeys (ConfUtils.java:logGet(43)) - raft.server.log.statemachine.data.caching.enabled = true (custom)
2019-10-15 09:59:02,507 [pool-393-thread-1] INFO  server.RaftServerConfigKeys (ConfUtils.java:logGet(43)) - raft.server.log.statemachine.data.sync = true (default)
2019-10-15 09:59:02,508 [pool-393-thread-1] INFO  server.RaftServerConfigKeys (ConfUtils.java:logGet(43)) - raft.server.log.statemachine.data.sync.timeout = 10s (default)
2019-10-15 09:59:02,508 [pool-383-thread-1] INFO  segmented.SegmentedRaftLogWorker (SegmentedRaftLogWorker.java:lambda$new$0(128)) - e06c9e0e-bfb3-4545-b88d-c8398ac06dce@group-AB8AAB036AD8-SegmentedRaftLogWorker: flushIndex: setUnconditionally 0 -> -1
2019-10-15 09:59:02,508 [pool-393-thread-1] INFO  server.RaftServerConfigKeys (ConfUtils.java:logGet(43)) - raft.server.log.statemachine.data.sync.timeout.retry = -1 (default)
2019-10-15 09:59:02,508 [pool-393-thread-1] INFO  server.RaftServerConfigKeys (ConfUtils.java:logGet(43)) - raft.server.log.statemachine.data.caching.enabled = true (custom)
2019-10-15 09:59:02,508 [pool-383-thread-1] INFO  server.RaftServerConfigKeys (ConfUtils.java:logGet(43)) - raft.server.snapshot.auto.trigger.enabled = true (custom)
2019-10-15 09:59:02,508 [pool-383-thread-1] INFO  server.RaftServerConfigKeys (ConfUtils.java:logGet(43)) - raft.server.snapshot.auto.trigger.threshold = 10000 (custom)
2019-10-15 09:59:02,509 [pool-393-thread-1] INFO  segmented.SegmentedRaftLogWorker (SegmentedRaftLogWorker.java:lambda$new$0(128)) - 760adb25-f8ec-4441-adc0-bf5ebc4f52f9@group-AB8AAB036AD8-SegmentedRaftLogWorker: flushIndex: setUnconditionally 0 -> -1
2019-10-15 09:59:02,509 [pool-383-thread-1] INFO  server.RaftServerConfigKeys (ConfUtils.java:logGet(43)) - raft.server.snapshot.retention.file.num = 5 (custom)
2019-10-15 09:59:02,509 [pool-383-thread-1] INFO  server.RaftServerConfigKeys (ConfUtils.java:logGet(43)) - raft.server.retrycache.expirytime = 600000ms (custom)
2019-10-15 09:59:02,509 [pool-393-thread-1] INFO  server.RaftServerConfigKeys (ConfUtils.java:logGet(43)) - raft.server.snapshot.auto.trigger.enabled = true (custom)
2019-10-15 09:59:02,509 [pool-403-thread-1] INFO  impl.RaftServerImpl (RaftServerImpl.java:start(181)) - 2946a9e1-974e-44f9-8264-0f81be1b0092@group-AB8AAB036AD8: start as a follower, conf=-1: [e06c9e0e-bfb3-4545-b88d-c8398ac06dce:192.168.69.65:36541, 2946a9e1-974e-44f9-8264-0f81be1b0092:192.168.69.65:44032, 760adb25-f8ec-4441-adc0-bf5ebc4f52f9:192.168.69.65:43648], old=null
2019-10-15 09:59:02,509 [pool-393-thread-1] INFO  server.RaftServerConfigKeys (ConfUtils.java:logGet(43)) - raft.server.snapshot.auto.trigger.threshold = 10000 (custom)
2019-10-15 09:59:02,509 [pool-403-thread-1] INFO  impl.RaftServerImpl (RaftServerImpl.java:setRole(170)) - 2946a9e1-974e-44f9-8264-0f81be1b0092@group-AB8AAB036AD8: changes role from      null to FOLLOWER at term 0 for startAsFollower
2019-10-15 09:59:02,509 [pool-393-thread-1] INFO  server.RaftServerConfigKeys (ConfUtils.java:logGet(43)) - raft.server.snapshot.retention.file.num = 5 (custom)
2019-10-15 09:59:02,510 [pool-403-thread-1] INFO  impl.RoleInfo (RoleInfo.java:updateAndGet(143)) - 2946a9e1-974e-44f9-8264-0f81be1b0092: start FollowerState
2019-10-15 09:59:02,510 [pool-393-thread-1] INFO  server.RaftServerConfigKeys (ConfUtils.java:logGet(43)) - raft.server.retrycache.expirytime = 600000ms (custom)
2019-10-15 09:59:02,510 [pool-403-thread-1] INFO  util.JmxRegister (JmxRegister.java:tryRegister(44)) - Successfully registered JMX Bean with object name Ratis:service=RaftServer,group=group-AB8AAB036AD8,id=2946a9e1-974e-44f9-8264-0f81be1b0092
2019-10-15 09:59:02,510 [pool-383-thread-1] INFO  impl.RaftServerImpl (RaftServerImpl.java:start(181)) - e06c9e0e-bfb3-4545-b88d-c8398ac06dce@group-AB8AAB036AD8: start as a follower, conf=-1: [e06c9e0e-bfb3-4545-b88d-c8398ac06dce:192.168.69.65:36541, 2946a9e1-974e-44f9-8264-0f81be1b0092:192.168.69.65:44032, 760adb25-f8ec-4441-adc0-bf5ebc4f52f9:192.168.69.65:43648], old=null
2019-10-15 09:59:02,510 [pool-383-thread-1] INFO  impl.RaftServerImpl (RaftServerImpl.java:setRole(170)) - e06c9e0e-bfb3-4545-b88d-c8398ac06dce@group-AB8AAB036AD8: changes role from      null to FOLLOWER at term 0 for startAsFollower
2019-10-15 09:59:02,510 [pool-383-thread-1] INFO  impl.RoleInfo (RoleInfo.java:updateAndGet(143)) - e06c9e0e-bfb3-4545-b88d-c8398ac06dce: start FollowerState
2019-10-15 09:59:02,511 [pool-383-thread-1] INFO  util.JmxRegister (JmxRegister.java:tryRegister(44)) - Successfully registered JMX Bean with object name Ratis:service=RaftServer,group=group-AB8AAB036AD8,id=e06c9e0e-bfb3-4545-b88d-c8398ac06dce
2019-10-15 09:59:02,513 [pool-393-thread-1] INFO  impl.RaftServerImpl (RaftServerImpl.java:start(181)) - 760adb25-f8ec-4441-adc0-bf5ebc4f52f9@group-AB8AAB036AD8: start as a follower, conf=-1: [e06c9e0e-bfb3-4545-b88d-c8398ac06dce:192.168.69.65:36541, 2946a9e1-974e-44f9-8264-0f81be1b0092:192.168.69.65:44032, 760adb25-f8ec-4441-adc0-bf5ebc4f52f9:192.168.69.65:43648], old=null
2019-10-15 09:59:02,513 [pool-393-thread-1] INFO  impl.RaftServerImpl (RaftServerImpl.java:setRole(170)) - 760adb25-f8ec-4441-adc0-bf5ebc4f52f9@group-AB8AAB036AD8: changes role from      null to FOLLOWER at term 0 for startAsFollower
2019-10-15 09:59:02,513 [pool-393-thread-1] INFO  impl.RoleInfo (RoleInfo.java:updateAndGet(143)) - 760adb25-f8ec-4441-adc0-bf5ebc4f52f9: start FollowerState
2019-10-15 09:59:02,513 [pool-393-thread-1] INFO  util.JmxRegister (JmxRegister.java:tryRegister(44)) - Successfully registered JMX Bean with object name Ratis:service=RaftServer,group=group-AB8AAB036AD8,id=760adb25-f8ec-4441-adc0-bf5ebc4f52f9
2019-10-15 09:59:02,517 [RatisPipelineUtilsThread] INFO  pipeline.PipelineStateManager (PipelineStateManager.java:addPipeline(56)) - Created pipeline Pipeline[ Id: 2b15ade4-e629-4c5b-987e-ab8aab036ad8, Nodes: 760adb25-f8ec-4441-adc0-bf5ebc4f52f9{ip: 192.168.69.65, host: dev-nightly-20191015-lc69l-4092513605, networkLocation: /default-rack, certSerialId: null}2946a9e1-974e-44f9-8264-0f81be1b0092{ip: 192.168.69.65, host: dev-nightly-20191015-lc69l-4092513605, networkLocation: /default-rack, certSerialId: null}e06c9e0e-bfb3-4545-b88d-c8398ac06dce{ip: 192.168.69.65, host: dev-nightly-20191015-lc69l-4092513605, networkLocation: /default-rack, certSerialId: null}, Type:RATIS, Factor:THREE, State:OPEN]
2019-10-15 09:59:02,535 [IPC Server handler 5 on 45663] INFO  net.NetworkTopology (NetworkTopologyImpl.java:add(111)) - Added a new node: /default-rack/d9d2bad5-c407-4d81-86fc-4ebb43599473
2019-10-15 09:59:02,535 [IPC Server handler 5 on 45663] INFO  node.SCMNodeManager (SCMNodeManager.java:register(268)) - Registered Data node : d9d2bad5-c407-4d81-86fc-4ebb43599473{ip: 192.168.69.65, host: dev-nightly-20191015-lc69l-4092513605, networkLocation: /default-rack, certSerialId: null}
2019-10-15 09:59:02,540 [grpc-default-executor-0] INFO  impl.RaftServerProxy (RaftServerProxy.java:addNew(89)) - 66a6a220-1788-428d-bea0-9b732daeb752: addNew group-6FC301BCB9DF:[66a6a220-1788-428d-bea0-9b732daeb752:192.168.69.65:37722] returns group-6FC301BCB9DF:java.util.concurrent.CompletableFuture@536a29a9[Not completed]
2019-10-15 09:59:02,544 [pool-413-thread-1] INFO  impl.RaftServerImpl (RaftServerImpl.java:<init>(95)) - 66a6a220-1788-428d-bea0-9b732daeb752: new RaftServerImpl for group-6FC301BCB9DF:[66a6a220-1788-428d-bea0-9b732daeb752:192.168.69.65:37722] with ContainerStateMachine:uninitialized
2019-10-15 09:59:02,544 [pool-413-thread-1] INFO  server.RaftServerConfigKeys (ConfUtils.java:logGet(43)) - raft.server.rpc.timeout.min = 5s (custom)
2019-10-15 09:59:02,544 [pool-413-thread-1] INFO  server.RaftServerConfigKeys (ConfUtils.java:logGet(43)) - raft.server.rpc.timeout.max = 5200ms (custom)
2019-10-15 09:59:02,544 [pool-413-thread-1] INFO  server.RaftServerConfigKeys (ConfUtils.java:logGet(43)) - raft.server.rpcslowness.timeout = 120s (custom)
2019-10-15 09:59:02,544 [pool-413-thread-1] INFO  server.RaftServerConfigKeys (ConfUtils.java:logGet(43)) - raft.server.sleep.deviation.threshold = 300 (default)
2019-10-15 09:59:02,544 [pool-413-thread-1] INFO  server.RaftServerConfigKeys (ConfUtils.java:logGet(43)) - raft.server.log.appender.install.snapshot.enabled = false (custom)
2019-10-15 09:59:02,544 [pool-413-thread-1] INFO  impl.RaftServerImpl (ServerState.java:<init>(103)) - 66a6a220-1788-428d-bea0-9b732daeb752@group-6FC301BCB9DF: ConfigurationManager, init=-1: [66a6a220-1788-428d-bea0-9b732daeb752:192.168.69.65:37722], old=null, confs=<EMPTY_MAP>
2019-10-15 09:59:02,544 [pool-413-thread-1] INFO  server.RaftServerConfigKeys (ConfUtils.java:logGet(43)) - raft.server.storage.dir = [/workdir/hadoop-ozone/integration-test/target/test-dir/MiniOzoneClusterImpl-6cd558f7-8af7-4672-8aed-8d3b5cfcb651/datanode-3/data/ratis] (custom)
2019-10-15 09:59:02,545 [pool-413-thread-1] INFO  server.RaftServerConfigKeys (ConfUtils.java:logGet(43)) - raft.server.log.corruption.policy = EXCEPTION (default)
2019-10-15 09:59:02,545 [pool-413-thread-1] INFO  storage.RaftStorageDirectory (RaftStorageDirectory.java:analyzeStorage(246)) - The storage directory /workdir/hadoop-ozone/integration-test/target/test-dir/MiniOzoneClusterImpl-6cd558f7-8af7-4672-8aed-8d3b5cfcb651/datanode-3/data/ratis/ebe67519-da9c-4c96-a0a8-6fc301bcb9df does not exist. Creating ...
2019-10-15 09:59:02,557 [pool-413-thread-1] INFO  storage.RaftStorageDirectory (RaftStorageDirectory.java:tryLock(328)) - Lock on /workdir/hadoop-ozone/integration-test/target/test-dir/MiniOzoneClusterImpl-6cd558f7-8af7-4672-8aed-8d3b5cfcb651/datanode-3/data/ratis/ebe67519-da9c-4c96-a0a8-6fc301bcb9df/in_use.lock acquired by nodename 28125@dev-nightly-20191015-lc69l-4092513605
2019-10-15 09:59:02,560 [pool-413-thread-1] INFO  storage.RaftStorage (RaftStorage.java:format(84)) - Storage directory /workdir/hadoop-ozone/integration-test/target/test-dir/MiniOzoneClusterImpl-6cd558f7-8af7-4672-8aed-8d3b5cfcb651/datanode-3/data/ratis/ebe67519-da9c-4c96-a0a8-6fc301bcb9df has been successfully formatted.
2019-10-15 09:59:02,560 [pool-413-thread-1] INFO  ratis.ContainerStateMachine (ContainerStateMachine.java:loadSnapshot(231)) - group-6FC301BCB9DF: The snapshot info is null. Setting the last applied indexto:(t:0, i:~)
2019-10-15 09:59:02,560 [pool-413-thread-1] INFO  server.RaftServerConfigKeys (ConfUtils.java:logGet(43)) - raft.server.notification.no-leader.timeout = 120s (custom)
2019-10-15 09:59:02,560 [pool-413-thread-1] INFO  server.RaftServerConfigKeys (ConfUtils.java:logGet(43)) - raft.server.log.use.memory = false (default)
2019-10-15 09:59:02,561 [pool-413-thread-1] INFO  server.RaftServerConfigKeys (ConfUtils.java:logGet(43)) - raft.server.log.purge.gap = 1000000 (custom)
2019-10-15 09:59:02,561 [pool-413-thread-1] INFO  server.RaftServerConfigKeys (ConfUtils.java:logGet(43)) - raft.server.log.appender.buffer.byte-limit = 33554432 (custom)
2019-10-15 09:59:02,561 [pool-413-thread-1] INFO  server.RaftServerConfigKeys (ConfUtils.java:logGet(43)) - raft.server.log.segment.size.max = 1048576 (custom)
2019-10-15 09:59:02,562 [pool-413-thread-1] INFO  server.RaftServerConfigKeys (ConfUtils.java:logGet(43)) - raft.server.log.segment.cache.num.max = 2 (custom)
2019-10-15 09:59:02,562 [pool-413-thread-1] INFO  segmented.SegmentedRaftLogWorker (SegmentedRaftLogWorker.java:<init>(173)) - new 66a6a220-1788-428d-bea0-9b732daeb752@group-6FC301BCB9DF-SegmentedRaftLogWorker for RaftStorage:Storage Directory /workdir/hadoop-ozone/integration-test/target/test-dir/MiniOzoneClusterImpl-6cd558f7-8af7-4672-8aed-8d3b5cfcb651/datanode-3/data/ratis/ebe67519-da9c-4c96-a0a8-6fc301bcb9df
2019-10-15 09:59:02,562 [pool-413-thread-1] INFO  server.RaftServerConfigKeys (ConfUtils.java:logGet(43)) - raft.server.log.queue.byte-limit = 2147483647 (custom)
2019-10-15 09:59:02,562 [pool-413-thread-1] INFO  server.RaftServerConfigKeys (ConfUtils.java:logGet(43)) - raft.server.log.queue.element-limit = 1024 (custom)
2019-10-15 09:59:02,562 [pool-413-thread-1] INFO  server.RaftServerConfigKeys (ConfUtils.java:logGet(43)) - raft.server.log.segment.size.max = 1048576 (custom)
2019-10-15 09:59:02,562 [pool-413-thread-1] INFO  server.RaftServerConfigKeys (ConfUtils.java:logGet(43)) - raft.server.log.preallocated.size = 16384 (custom)
2019-10-15 09:59:02,562 [pool-413-thread-1] INFO  server.RaftServerConfigKeys (ConfUtils.java:logGet(43)) - raft.server.log.write.buffer.size = 33554432 (custom)
2019-10-15 09:59:02,562 [pool-413-thread-1] INFO  server.RaftServerConfigKeys (ConfUtils.java:logGet(43)) - raft.server.log.force.sync.num = 128 (default)
2019-10-15 09:59:02,562 [pool-413-thread-1] INFO  server.RaftServerConfigKeys (ConfUtils.java:logGet(43)) - raft.server.log.statemachine.data.sync = true (default)
2019-10-15 09:59:02,562 [pool-413-thread-1] INFO  server.RaftServerConfigKeys (ConfUtils.java:logGet(43)) - raft.server.log.statemachine.data.sync.timeout = 10s (default)
2019-10-15 09:59:02,563 [pool-413-thread-1] INFO  server.RaftServerConfigKeys (ConfUtils.java:logGet(43)) - raft.server.log.statemachine.data.sync.timeout.retry = -1 (default)
2019-10-15 09:59:02,563 [pool-413-thread-1] INFO  server.RaftServerConfigKeys (ConfUtils.java:logGet(43)) - raft.server.log.statemachine.data.caching.enabled = true (custom)
2019-10-15 09:59:02,563 [pool-413-thread-1] INFO  segmented.SegmentedRaftLogWorker (SegmentedRaftLogWorker.java:lambda$new$0(128)) - 66a6a220-1788-428d-bea0-9b732daeb752@group-6FC301BCB9DF-SegmentedRaftLogWorker: flushIndex: setUnconditionally 0 -> -1
2019-10-15 09:59:02,563 [pool-413-thread-1] INFO  server.RaftServerConfigKeys (ConfUtils.java:logGet(43)) - raft.server.snapshot.auto.trigger.enabled = true (custom)
2019-10-15 09:59:02,563 [pool-413-thread-1] INFO  server.RaftServerConfigKeys (ConfUtils.java:logGet(43)) - raft.server.snapshot.auto.trigger.threshold = 10000 (custom)
2019-10-15 09:59:02,564 [pool-413-thread-1] INFO  server.RaftServerConfigKeys (ConfUtils.java:logGet(43)) - raft.server.snapshot.retention.file.num = 5 (custom)
2019-10-15 09:59:02,564 [pool-413-thread-1] INFO  server.RaftServerConfigKeys (ConfUtils.java:logGet(43)) - raft.server.retrycache.expirytime = 600000ms (custom)
2019-10-15 09:59:02,565 [pool-413-thread-1] INFO  impl.RaftServerImpl (RaftServerImpl.java:start(181)) - 66a6a220-1788-428d-bea0-9b732daeb752@group-6FC301BCB9DF: start as a follower, conf=-1: [66a6a220-1788-428d-bea0-9b732daeb752:192.168.69.65:37722], old=null
2019-10-15 09:59:02,565 [pool-413-thread-1] INFO  impl.RaftServerImpl (RaftServerImpl.java:setRole(170)) - 66a6a220-1788-428d-bea0-9b732daeb752@group-6FC301BCB9DF: changes role from      null to FOLLOWER at term 0 for startAsFollower
2019-10-15 09:59:02,565 [pool-413-thread-1] INFO  impl.RoleInfo (RoleInfo.java:updateAndGet(143)) - 66a6a220-1788-428d-bea0-9b732daeb752: start FollowerState
2019-10-15 09:59:02,565 [pool-413-thread-1] INFO  util.JmxRegister (JmxRegister.java:tryRegister(44)) - Successfully registered JMX Bean with object name Ratis:service=RaftServer,group=group-6FC301BCB9DF,id=66a6a220-1788-428d-bea0-9b732daeb752
2019-10-15 09:59:02,568 [RatisPipelineUtilsThread] INFO  pipeline.PipelineStateManager (PipelineStateManager.java:addPipeline(56)) - Created pipeline Pipeline[ Id: ebe67519-da9c-4c96-a0a8-6fc301bcb9df, Nodes: 66a6a220-1788-428d-bea0-9b732daeb752{ip: 192.168.69.65, host: dev-nightly-20191015-lc69l-4092513605, networkLocation: /default-rack, certSerialId: null}, Type:RATIS, Factor:ONE, State:OPEN]
2019-10-15 09:59:02,574 [grpc-default-executor-0] INFO  impl.RaftServerProxy (RaftServerProxy.java:addNew(89)) - d9d2bad5-c407-4d81-86fc-4ebb43599473: addNew group-3C468908B526:[d9d2bad5-c407-4d81-86fc-4ebb43599473:192.168.69.65:34878] returns group-3C468908B526:java.util.concurrent.CompletableFuture@177fa275[Not completed]
2019-10-15 09:59:02,575 [pool-423-thread-1] INFO  impl.RaftServerImpl (RaftServerImpl.java:<init>(95)) - d9d2bad5-c407-4d81-86fc-4ebb43599473: new RaftServerImpl for group-3C468908B526:[d9d2bad5-c407-4d81-86fc-4ebb43599473:192.168.69.65:34878] with ContainerStateMachine:uninitialized
2019-10-15 09:59:02,575 [pool-423-thread-1] INFO  server.RaftServerConfigKeys (ConfUtils.java:logGet(43)) - raft.server.rpc.timeout.min = 5s (custom)
2019-10-15 09:59:02,575 [pool-423-thread-1] INFO  server.RaftServerConfigKeys (ConfUtils.java:logGet(43)) - raft.server.rpc.timeout.max = 5200ms (custom)
2019-10-15 09:59:02,575 [pool-423-thread-1] INFO  server.RaftServerConfigKeys (ConfUtils.java:logGet(43)) - raft.server.rpcslowness.timeout = 120s (custom)
2019-10-15 09:59:02,575 [pool-423-thread-1] INFO  server.RaftServerConfigKeys (ConfUtils.java:logGet(43)) - raft.server.sleep.deviation.threshold = 300 (default)
2019-10-15 09:59:02,576 [pool-423-thread-1] INFO  server.RaftServerConfigKeys (ConfUtils.java:logGet(43)) - raft.server.log.appender.install.snapshot.enabled = false (custom)
2019-10-15 09:59:02,576 [pool-423-thread-1] INFO  impl.RaftServerImpl (ServerState.java:<init>(103)) - d9d2bad5-c407-4d81-86fc-4ebb43599473@group-3C468908B526: ConfigurationManager, init=-1: [d9d2bad5-c407-4d81-86fc-4ebb43599473:192.168.69.65:34878], old=null, confs=<EMPTY_MAP>
2019-10-15 09:59:02,576 [pool-423-thread-1] INFO  server.RaftServerConfigKeys (ConfUtils.java:logGet(43)) - raft.server.storage.dir = [/workdir/hadoop-ozone/integration-test/target/test-dir/MiniOzoneClusterImpl-6cd558f7-8af7-4672-8aed-8d3b5cfcb651/datanode-4/data/ratis] (custom)
2019-10-15 09:59:02,576 [pool-423-thread-1] INFO  server.RaftServerConfigKeys (ConfUtils.java:logGet(43)) - raft.server.log.corruption.policy = EXCEPTION (default)
2019-10-15 09:59:02,576 [pool-423-thread-1] INFO  storage.RaftStorageDirectory (RaftStorageDirectory.java:analyzeStorage(246)) - The storage directory /workdir/hadoop-ozone/integration-test/target/test-dir/MiniOzoneClusterImpl-6cd558f7-8af7-4672-8aed-8d3b5cfcb651/datanode-4/data/ratis/685f5807-4ee2-4176-a93f-3c468908b526 does not exist. Creating ...
2019-10-15 09:59:02,579 [pool-423-thread-1] INFO  storage.RaftStorageDirectory (RaftStorageDirectory.java:tryLock(328)) - Lock on /workdir/hadoop-ozone/integration-test/target/test-dir/MiniOzoneClusterImpl-6cd558f7-8af7-4672-8aed-8d3b5cfcb651/datanode-4/data/ratis/685f5807-4ee2-4176-a93f-3c468908b526/in_use.lock acquired by nodename 28125@dev-nightly-20191015-lc69l-4092513605
2019-10-15 09:59:02,583 [pool-423-thread-1] INFO  storage.RaftStorage (RaftStorage.java:format(84)) - Storage directory /workdir/hadoop-ozone/integration-test/target/test-dir/MiniOzoneClusterImpl-6cd558f7-8af7-4672-8aed-8d3b5cfcb651/datanode-4/data/ratis/685f5807-4ee2-4176-a93f-3c468908b526 has been successfully formatted.
2019-10-15 09:59:02,583 [pool-423-thread-1] INFO  ratis.ContainerStateMachine (ContainerStateMachine.java:loadSnapshot(231)) - group-3C468908B526: The snapshot info is null. Setting the last applied indexto:(t:0, i:~)
2019-10-15 09:59:02,583 [pool-423-thread-1] INFO  server.RaftServerConfigKeys (ConfUtils.java:logGet(43)) - raft.server.notification.no-leader.timeout = 120s (custom)
2019-10-15 09:59:02,583 [pool-423-thread-1] INFO  server.RaftServerConfigKeys (ConfUtils.java:logGet(43)) - raft.server.log.use.memory = false (default)
2019-10-15 09:59:02,583 [pool-423-thread-1] INFO  server.RaftServerConfigKeys (ConfUtils.java:logGet(43)) - raft.server.log.purge.gap = 1000000 (custom)
2019-10-15 09:59:02,583 [pool-423-thread-1] INFO  server.RaftServerConfigKeys (ConfUtils.java:logGet(43)) - raft.server.log.appender.buffer.byte-limit = 33554432 (custom)
2019-10-15 09:59:02,583 [pool-423-thread-1] INFO  server.RaftServerConfigKeys (ConfUtils.java:logGet(43)) - raft.server.log.segment.size.max = 1048576 (custom)
2019-10-15 09:59:02,585 [pool-423-thread-1] INFO  server.RaftServerConfigKeys (ConfUtils.java:logGet(43)) - raft.server.log.segment.cache.num.max = 2 (custom)
2019-10-15 09:59:02,585 [pool-423-thread-1] INFO  segmented.SegmentedRaftLogWorker (SegmentedRaftLogWorker.java:<init>(173)) - new d9d2bad5-c407-4d81-86fc-4ebb43599473@group-3C468908B526-SegmentedRaftLogWorker for RaftStorage:Storage Directory /workdir/hadoop-ozone/integration-test/target/test-dir/MiniOzoneClusterImpl-6cd558f7-8af7-4672-8aed-8d3b5cfcb651/datanode-4/data/ratis/685f5807-4ee2-4176-a93f-3c468908b526
2019-10-15 09:59:02,585 [pool-423-thread-1] INFO  server.RaftServerConfigKeys (ConfUtils.java:logGet(43)) - raft.server.log.queue.byte-limit = 2147483647 (custom)
2019-10-15 09:59:02,585 [pool-423-thread-1] INFO  server.RaftServerConfigKeys (ConfUtils.java:logGet(43)) - raft.server.log.queue.element-limit = 1024 (custom)
2019-10-15 09:59:02,585 [pool-423-thread-1] INFO  server.RaftServerConfigKeys (ConfUtils.java:logGet(43)) - raft.server.log.segment.size.max = 1048576 (custom)
2019-10-15 09:59:02,585 [pool-423-thread-1] INFO  server.RaftServerConfigKeys (ConfUtils.java:logGet(43)) - raft.server.log.preallocated.size = 16384 (custom)
2019-10-15 09:59:02,585 [pool-423-thread-1] INFO  server.RaftServerConfigKeys (ConfUtils.java:logGet(43)) - raft.server.log.write.buffer.size = 33554432 (custom)
2019-10-15 09:59:02,585 [pool-423-thread-1] INFO  server.RaftServerConfigKeys (ConfUtils.java:logGet(43)) - raft.server.log.force.sync.num = 128 (default)
2019-10-15 09:59:02,585 [pool-423-thread-1] INFO  server.RaftServerConfigKeys (ConfUtils.java:logGet(43)) - raft.server.log.statemachine.data.sync = true (default)
2019-10-15 09:59:02,585 [pool-423-thread-1] INFO  server.RaftServerConfigKeys (ConfUtils.java:logGet(43)) - raft.server.log.statemachine.data.sync.timeout = 10s (default)
2019-10-15 09:59:02,586 [pool-423-thread-1] INFO  server.RaftServerConfigKeys (ConfUtils.java:logGet(43)) - raft.server.log.statemachine.data.sync.timeout.retry = -1 (default)
2019-10-15 09:59:02,586 [pool-423-thread-1] INFO  server.RaftServerConfigKeys (ConfUtils.java:logGet(43)) - raft.server.log.statemachine.data.caching.enabled = true (custom)
2019-10-15 09:59:02,586 [pool-423-thread-1] INFO  segmented.SegmentedRaftLogWorker (SegmentedRaftLogWorker.java:lambda$new$0(128)) - d9d2bad5-c407-4d81-86fc-4ebb43599473@group-3C468908B526-SegmentedRaftLogWorker: flushIndex: setUnconditionally 0 -> -1
2019-10-15 09:59:02,586 [pool-423-thread-1] INFO  server.RaftServerConfigKeys (ConfUtils.java:logGet(43)) - raft.server.snapshot.auto.trigger.enabled = true (custom)
2019-10-15 09:59:02,586 [pool-423-thread-1] INFO  server.RaftServerConfigKeys (ConfUtils.java:logGet(43)) - raft.server.snapshot.auto.trigger.threshold = 10000 (custom)
2019-10-15 09:59:02,586 [pool-423-thread-1] INFO  server.RaftServerConfigKeys (ConfUtils.java:logGet(43)) - raft.server.snapshot.retention.file.num = 5 (custom)
2019-10-15 09:59:02,587 [pool-423-thread-1] INFO  server.RaftServerConfigKeys (ConfUtils.java:logGet(43)) - raft.server.retrycache.expirytime = 600000ms (custom)
2019-10-15 09:59:02,588 [pool-423-thread-1] INFO  impl.RaftServerImpl (RaftServerImpl.java:start(181)) - d9d2bad5-c407-4d81-86fc-4ebb43599473@group-3C468908B526: start as a follower, conf=-1: [d9d2bad5-c407-4d81-86fc-4ebb43599473:192.168.69.65:34878], old=null
2019-10-15 09:59:02,588 [pool-423-thread-1] INFO  impl.RaftServerImpl (RaftServerImpl.java:setRole(170)) - d9d2bad5-c407-4d81-86fc-4ebb43599473@group-3C468908B526: changes role from      null to FOLLOWER at term 0 for startAsFollower
2019-10-15 09:59:02,588 [pool-423-thread-1] INFO  impl.RoleInfo (RoleInfo.java:updateAndGet(143)) - d9d2bad5-c407-4d81-86fc-4ebb43599473: start FollowerState
2019-10-15 09:59:02,588 [pool-423-thread-1] INFO  util.JmxRegister (JmxRegister.java:tryRegister(44)) - Successfully registered JMX Bean with object name Ratis:service=RaftServer,group=group-3C468908B526,id=d9d2bad5-c407-4d81-86fc-4ebb43599473
2019-10-15 09:59:02,592 [RatisPipelineUtilsThread] INFO  pipeline.PipelineStateManager (PipelineStateManager.java:addPipeline(56)) - Created pipeline Pipeline[ Id: 685f5807-4ee2-4176-a93f-3c468908b526, Nodes: d9d2bad5-c407-4d81-86fc-4ebb43599473{ip: 192.168.69.65, host: dev-nightly-20191015-lc69l-4092513605, networkLocation: /default-rack, certSerialId: null}, Type:RATIS, Factor:ONE, State:OPEN]
2019-10-15 09:59:02,599 [IPC Server handler 7 on 45663] INFO  net.NetworkTopology (NetworkTopologyImpl.java:add(111)) - Added a new node: /default-rack/b08fb485-4ef8-4b50-abd0-9aa8cc3a3563
2019-10-15 09:59:02,599 [IPC Server handler 7 on 45663] INFO  node.SCMNodeManager (SCMNodeManager.java:register(268)) - Registered Data node : b08fb485-4ef8-4b50-abd0-9aa8cc3a3563{ip: 192.168.69.65, host: dev-nightly-20191015-lc69l-4092513605, networkLocation: /default-rack, certSerialId: null}
2019-10-15 09:59:02,604 [grpc-default-executor-0] INFO  impl.RaftServerProxy (RaftServerProxy.java:addNew(89)) - b08fb485-4ef8-4b50-abd0-9aa8cc3a3563: addNew group-7420E024B775:[b08fb485-4ef8-4b50-abd0-9aa8cc3a3563:192.168.69.65:38714] returns group-7420E024B775:java.util.concurrent.CompletableFuture@61201ab2[Not completed]
2019-10-15 09:59:02,605 [pool-433-thread-1] INFO  impl.RaftServerImpl (RaftServerImpl.java:<init>(95)) - b08fb485-4ef8-4b50-abd0-9aa8cc3a3563: new RaftServerImpl for group-7420E024B775:[b08fb485-4ef8-4b50-abd0-9aa8cc3a3563:192.168.69.65:38714] with ContainerStateMachine:uninitialized
2019-10-15 09:59:02,605 [pool-433-thread-1] INFO  server.RaftServerConfigKeys (ConfUtils.java:logGet(43)) - raft.server.rpc.timeout.min = 5s (custom)
2019-10-15 09:59:02,605 [pool-433-thread-1] INFO  server.RaftServerConfigKeys (ConfUtils.java:logGet(43)) - raft.server.rpc.timeout.max = 5200ms (custom)
2019-10-15 09:59:02,605 [pool-433-thread-1] INFO  server.RaftServerConfigKeys (ConfUtils.java:logGet(43)) - raft.server.rpcslowness.timeout = 120s (custom)
2019-10-15 09:59:02,606 [pool-433-thread-1] INFO  server.RaftServerConfigKeys (ConfUtils.java:logGet(43)) - raft.server.sleep.deviation.threshold = 300 (default)
2019-10-15 09:59:02,606 [pool-433-thread-1] INFO  server.RaftServerConfigKeys (ConfUtils.java:logGet(43)) - raft.server.log.appender.install.snapshot.enabled = false (custom)
2019-10-15 09:59:02,606 [pool-433-thread-1] INFO  impl.RaftServerImpl (ServerState.java:<init>(103)) - b08fb485-4ef8-4b50-abd0-9aa8cc3a3563@group-7420E024B775: ConfigurationManager, init=-1: [b08fb485-4ef8-4b50-abd0-9aa8cc3a3563:192.168.69.65:38714], old=null, confs=<EMPTY_MAP>
2019-10-15 09:59:02,606 [pool-433-thread-1] INFO  server.RaftServerConfigKeys (ConfUtils.java:logGet(43)) - raft.server.storage.dir = [/workdir/hadoop-ozone/integration-test/target/test-dir/MiniOzoneClusterImpl-6cd558f7-8af7-4672-8aed-8d3b5cfcb651/datanode-5/data/ratis] (custom)
2019-10-15 09:59:02,606 [pool-433-thread-1] INFO  server.RaftServerConfigKeys (ConfUtils.java:logGet(43)) - raft.server.log.corruption.policy = EXCEPTION (default)
2019-10-15 09:59:02,606 [pool-433-thread-1] INFO  storage.RaftStorageDirectory (RaftStorageDirectory.java:analyzeStorage(246)) - The storage directory /workdir/hadoop-ozone/integration-test/target/test-dir/MiniOzoneClusterImpl-6cd558f7-8af7-4672-8aed-8d3b5cfcb651/datanode-5/data/ratis/cec82418-ea51-48c8-a7ad-7420e024b775 does not exist. Creating ...
2019-10-15 09:59:02,609 [pool-433-thread-1] INFO  storage.RaftStorageDirectory (RaftStorageDirectory.java:tryLock(328)) - Lock on /workdir/hadoop-ozone/integration-test/target/test-dir/MiniOzoneClusterImpl-6cd558f7-8af7-4672-8aed-8d3b5cfcb651/datanode-5/data/ratis/cec82418-ea51-48c8-a7ad-7420e024b775/in_use.lock acquired by nodename 28125@dev-nightly-20191015-lc69l-4092513605
2019-10-15 09:59:02,613 [pool-433-thread-1] INFO  storage.RaftStorage (RaftStorage.java:format(84)) - Storage directory /workdir/hadoop-ozone/integration-test/target/test-dir/MiniOzoneClusterImpl-6cd558f7-8af7-4672-8aed-8d3b5cfcb651/datanode-5/data/ratis/cec82418-ea51-48c8-a7ad-7420e024b775 has been successfully formatted.
2019-10-15 09:59:02,614 [pool-433-thread-1] INFO  ratis.ContainerStateMachine (ContainerStateMachine.java:loadSnapshot(231)) - group-7420E024B775: The snapshot info is null. Setting the last applied indexto:(t:0, i:~)
2019-10-15 09:59:02,614 [pool-433-thread-1] INFO  server.RaftServerConfigKeys (ConfUtils.java:logGet(43)) - raft.server.notification.no-leader.timeout = 120s (custom)
2019-10-15 09:59:02,614 [pool-433-thread-1] INFO  server.RaftServerConfigKeys (ConfUtils.java:logGet(43)) - raft.server.log.use.memory = false (default)
2019-10-15 09:59:02,614 [pool-433-thread-1] INFO  server.RaftServerConfigKeys (ConfUtils.java:logGet(43)) - raft.server.log.purge.gap = 1000000 (custom)
2019-10-15 09:59:02,614 [pool-433-thread-1] INFO  server.RaftServerConfigKeys (ConfUtils.java:logGet(43)) - raft.server.log.appender.buffer.byte-limit = 33554432 (custom)
2019-10-15 09:59:02,614 [pool-433-thread-1] INFO  server.RaftServerConfigKeys (ConfUtils.java:logGet(43)) - raft.server.log.segment.size.max = 1048576 (custom)
2019-10-15 09:59:02,615 [pool-433-thread-1] INFO  server.RaftServerConfigKeys (ConfUtils.java:logGet(43)) - raft.server.log.segment.cache.num.max = 2 (custom)
2019-10-15 09:59:02,615 [pool-433-thread-1] INFO  segmented.SegmentedRaftLogWorker (SegmentedRaftLogWorker.java:<init>(173)) - new b08fb485-4ef8-4b50-abd0-9aa8cc3a3563@group-7420E024B775-SegmentedRaftLogWorker for RaftStorage:Storage Directory /workdir/hadoop-ozone/integration-test/target/test-dir/MiniOzoneClusterImpl-6cd558f7-8af7-4672-8aed-8d3b5cfcb651/datanode-5/data/ratis/cec82418-ea51-48c8-a7ad-7420e024b775
2019-10-15 09:59:02,615 [pool-433-thread-1] INFO  server.RaftServerConfigKeys (ConfUtils.java:logGet(43)) - raft.server.log.queue.byte-limit = 2147483647 (custom)
2019-10-15 09:59:02,615 [pool-433-thread-1] INFO  server.RaftServerConfigKeys (ConfUtils.java:logGet(43)) - raft.server.log.queue.element-limit = 1024 (custom)
2019-10-15 09:59:02,615 [pool-433-thread-1] INFO  server.RaftServerConfigKeys (ConfUtils.java:logGet(43)) - raft.server.log.segment.size.max = 1048576 (custom)
2019-10-15 09:59:02,616 [pool-433-thread-1] INFO  server.RaftServerConfigKeys (ConfUtils.java:logGet(43)) - raft.server.log.preallocated.size = 16384 (custom)
2019-10-15 09:59:02,616 [pool-433-thread-1] INFO  server.RaftServerConfigKeys (ConfUtils.java:logGet(43)) - raft.server.log.write.buffer.size = 33554432 (custom)
2019-10-15 09:59:02,616 [pool-433-thread-1] INFO  server.RaftServerConfigKeys (ConfUtils.java:logGet(43)) - raft.server.log.force.sync.num = 128 (default)
2019-10-15 09:59:02,616 [pool-433-thread-1] INFO  server.RaftServerConfigKeys (ConfUtils.java:logGet(43)) - raft.server.log.statemachine.data.sync = true (default)
2019-10-15 09:59:02,616 [pool-433-thread-1] INFO  server.RaftServerConfigKeys (ConfUtils.java:logGet(43)) - raft.server.log.statemachine.data.sync.timeout = 10s (default)
2019-10-15 09:59:02,616 [pool-433-thread-1] INFO  server.RaftServerConfigKeys (ConfUtils.java:logGet(43)) - raft.server.log.statemachine.data.sync.timeout.retry = -1 (default)
2019-10-15 09:59:02,616 [pool-433-thread-1] INFO  server.RaftServerConfigKeys (ConfUtils.java:logGet(43)) - raft.server.log.statemachine.data.caching.enabled = true (custom)
2019-10-15 09:59:02,616 [pool-433-thread-1] INFO  segmented.SegmentedRaftLogWorker (SegmentedRaftLogWorker.java:lambda$new$0(128)) - b08fb485-4ef8-4b50-abd0-9aa8cc3a3563@group-7420E024B775-SegmentedRaftLogWorker: flushIndex: setUnconditionally 0 -> -1
2019-10-15 09:59:02,617 [pool-433-thread-1] INFO  server.RaftServerConfigKeys (ConfUtils.java:logGet(43)) - raft.server.snapshot.auto.trigger.enabled = true (custom)
2019-10-15 09:59:02,617 [pool-433-thread-1] INFO  server.RaftServerConfigKeys (ConfUtils.java:logGet(43)) - raft.server.snapshot.auto.trigger.threshold = 10000 (custom)
2019-10-15 09:59:02,617 [pool-433-thread-1] INFO  server.RaftServerConfigKeys (ConfUtils.java:logGet(43)) - raft.server.snapshot.retention.file.num = 5 (custom)
2019-10-15 09:59:02,617 [pool-433-thread-1] INFO  server.RaftServerConfigKeys (ConfUtils.java:logGet(43)) - raft.server.retrycache.expirytime = 600000ms (custom)
2019-10-15 09:59:02,618 [pool-433-thread-1] INFO  impl.RaftServerImpl (RaftServerImpl.java:start(181)) - b08fb485-4ef8-4b50-abd0-9aa8cc3a3563@group-7420E024B775: start as a follower, conf=-1: [b08fb485-4ef8-4b50-abd0-9aa8cc3a3563:192.168.69.65:38714], old=null
2019-10-15 09:59:02,618 [pool-433-thread-1] INFO  impl.RaftServerImpl (RaftServerImpl.java:setRole(170)) - b08fb485-4ef8-4b50-abd0-9aa8cc3a3563@group-7420E024B775: changes role from      null to FOLLOWER at term 0 for startAsFollower
2019-10-15 09:59:02,618 [pool-433-thread-1] INFO  impl.RoleInfo (RoleInfo.java:updateAndGet(143)) - b08fb485-4ef8-4b50-abd0-9aa8cc3a3563: start FollowerState
2019-10-15 09:59:02,618 [pool-433-thread-1] INFO  util.JmxRegister (JmxRegister.java:tryRegister(44)) - Successfully registered JMX Bean with object name Ratis:service=RaftServer,group=group-7420E024B775,id=b08fb485-4ef8-4b50-abd0-9aa8cc3a3563
2019-10-15 09:59:02,621 [RatisPipelineUtilsThread] INFO  pipeline.PipelineStateManager (PipelineStateManager.java:addPipeline(56)) - Created pipeline Pipeline[ Id: cec82418-ea51-48c8-a7ad-7420e024b775, Nodes: b08fb485-4ef8-4b50-abd0-9aa8cc3a3563{ip: 192.168.69.65, host: dev-nightly-20191015-lc69l-4092513605, networkLocation: /default-rack, certSerialId: null}, Type:RATIS, Factor:ONE, State:OPEN]
2019-10-15 09:59:02,646 [grpc-default-executor-0] INFO  impl.RaftServerProxy (RaftServerProxy.java:addNew(89)) - d9d2bad5-c407-4d81-86fc-4ebb43599473: addNew group-F7F51A907B7A:[d9d2bad5-c407-4d81-86fc-4ebb43599473:192.168.69.65:34878, 66a6a220-1788-428d-bea0-9b732daeb752:192.168.69.65:37722, b08fb485-4ef8-4b50-abd0-9aa8cc3a3563:192.168.69.65:38714] returns group-F7F51A907B7A:java.util.concurrent.CompletableFuture@490c7fb9[Not completed]
2019-10-15 09:59:02,646 [grpc-default-executor-1] INFO  impl.RaftServerProxy (RaftServerProxy.java:addNew(89)) - 66a6a220-1788-428d-bea0-9b732daeb752: addNew group-F7F51A907B7A:[d9d2bad5-c407-4d81-86fc-4ebb43599473:192.168.69.65:34878, 66a6a220-1788-428d-bea0-9b732daeb752:192.168.69.65:37722, b08fb485-4ef8-4b50-abd0-9aa8cc3a3563:192.168.69.65:38714] returns group-F7F51A907B7A:java.util.concurrent.CompletableFuture@640df2bd[Not completed]
2019-10-15 09:59:02,646 [grpc-default-executor-6] INFO  impl.RaftServerProxy (RaftServerProxy.java:addNew(89)) - b08fb485-4ef8-4b50-abd0-9aa8cc3a3563: addNew group-F7F51A907B7A:[d9d2bad5-c407-4d81-86fc-4ebb43599473:192.168.69.65:34878, 66a6a220-1788-428d-bea0-9b732daeb752:192.168.69.65:37722, b08fb485-4ef8-4b50-abd0-9aa8cc3a3563:192.168.69.65:38714] returns group-F7F51A907B7A:java.util.concurrent.CompletableFuture@11d493c0[Not completed]
2019-10-15 09:59:02,647 [pool-413-thread-1] INFO  impl.RaftServerImpl (RaftServerImpl.java:<init>(95)) - 66a6a220-1788-428d-bea0-9b732daeb752: new RaftServerImpl for group-F7F51A907B7A:[d9d2bad5-c407-4d81-86fc-4ebb43599473:192.168.69.65:34878, 66a6a220-1788-428d-bea0-9b732daeb752:192.168.69.65:37722, b08fb485-4ef8-4b50-abd0-9aa8cc3a3563:192.168.69.65:38714] with ContainerStateMachine:uninitialized
2019-10-15 09:59:02,647 [pool-413-thread-1] INFO  server.RaftServerConfigKeys (ConfUtils.java:logGet(43)) - raft.server.rpc.timeout.min = 5s (custom)
2019-10-15 09:59:02,647 [pool-413-thread-1] INFO  server.RaftServerConfigKeys (ConfUtils.java:logGet(43)) - raft.server.rpc.timeout.max = 5200ms (custom)
2019-10-15 09:59:02,647 [pool-413-thread-1] INFO  server.RaftServerConfigKeys (ConfUtils.java:logGet(43)) - raft.server.rpcslowness.timeout = 120s (custom)
2019-10-15 09:59:02,647 [pool-433-thread-1] INFO  impl.RaftServerImpl (RaftServerImpl.java:<init>(95)) - b08fb485-4ef8-4b50-abd0-9aa8cc3a3563: new RaftServerImpl for group-F7F51A907B7A:[d9d2bad5-c407-4d81-86fc-4ebb43599473:192.168.69.65:34878, 66a6a220-1788-428d-bea0-9b732daeb752:192.168.69.65:37722, b08fb485-4ef8-4b50-abd0-9aa8cc3a3563:192.168.69.65:38714] with ContainerStateMachine:uninitialized
2019-10-15 09:59:02,647 [pool-413-thread-1] INFO  server.RaftServerConfigKeys (ConfUtils.java:logGet(43)) - raft.server.sleep.deviation.threshold = 300 (default)
2019-10-15 09:59:02,648 [pool-433-thread-1] INFO  server.RaftServerConfigKeys (ConfUtils.java:logGet(43)) - raft.server.rpc.timeout.min = 5s (custom)
2019-10-15 09:59:02,648 [pool-413-thread-1] INFO  server.RaftServerConfigKeys (ConfUtils.java:logGet(43)) - raft.server.log.appender.install.snapshot.enabled = false (custom)
2019-10-15 09:59:02,648 [pool-433-thread-1] INFO  server.RaftServerConfigKeys (ConfUtils.java:logGet(43)) - raft.server.rpc.timeout.max = 5200ms (custom)
2019-10-15 09:59:02,648 [pool-423-thread-1] INFO  impl.RaftServerImpl (RaftServerImpl.java:<init>(95)) - d9d2bad5-c407-4d81-86fc-4ebb43599473: new RaftServerImpl for group-F7F51A907B7A:[d9d2bad5-c407-4d81-86fc-4ebb43599473:192.168.69.65:34878, 66a6a220-1788-428d-bea0-9b732daeb752:192.168.69.65:37722, b08fb485-4ef8-4b50-abd0-9aa8cc3a3563:192.168.69.65:38714] with ContainerStateMachine:uninitialized
2019-10-15 09:59:02,648 [pool-413-thread-1] INFO  impl.RaftServerImpl (ServerState.java:<init>(103)) - 66a6a220-1788-428d-bea0-9b732daeb752@group-F7F51A907B7A: ConfigurationManager, init=-1: [d9d2bad5-c407-4d81-86fc-4ebb43599473:192.168.69.65:34878, 66a6a220-1788-428d-bea0-9b732daeb752:192.168.69.65:37722, b08fb485-4ef8-4b50-abd0-9aa8cc3a3563:192.168.69.65:38714], old=null, confs=<EMPTY_MAP>
2019-10-15 09:59:02,648 [pool-423-thread-1] INFO  server.RaftServerConfigKeys (ConfUtils.java:logGet(43)) - raft.server.rpc.timeout.min = 5s (custom)
2019-10-15 09:59:02,648 [pool-433-thread-1] INFO  server.RaftServerConfigKeys (ConfUtils.java:logGet(43)) - raft.server.rpcslowness.timeout = 120s (custom)
2019-10-15 09:59:02,648 [pool-423-thread-1] INFO  server.RaftServerConfigKeys (ConfUtils.java:logGet(43)) - raft.server.rpc.timeout.max = 5200ms (custom)
2019-10-15 09:59:02,648 [pool-413-thread-1] INFO  server.RaftServerConfigKeys (ConfUtils.java:logGet(43)) - raft.server.storage.dir = [/workdir/hadoop-ozone/integration-test/target/test-dir/MiniOzoneClusterImpl-6cd558f7-8af7-4672-8aed-8d3b5cfcb651/datanode-3/data/ratis] (custom)
2019-10-15 09:59:02,649 [pool-423-thread-1] INFO  server.RaftServerConfigKeys (ConfUtils.java:logGet(43)) - raft.server.rpcslowness.timeout = 120s (custom)
2019-10-15 09:59:02,648 [pool-433-thread-1] INFO  server.RaftServerConfigKeys (ConfUtils.java:logGet(43)) - raft.server.sleep.deviation.threshold = 300 (default)
2019-10-15 09:59:02,649 [pool-423-thread-1] INFO  server.RaftServerConfigKeys (ConfUtils.java:logGet(43)) - raft.server.sleep.deviation.threshold = 300 (default)
2019-10-15 09:59:02,649 [pool-413-thread-1] INFO  server.RaftServerConfigKeys (ConfUtils.java:logGet(43)) - raft.server.log.corruption.policy = EXCEPTION (default)
2019-10-15 09:59:02,649 [pool-423-thread-1] INFO  server.RaftServerConfigKeys (ConfUtils.java:logGet(43)) - raft.server.log.appender.install.snapshot.enabled = false (custom)
2019-10-15 09:59:02,649 [pool-413-thread-1] INFO  storage.RaftStorageDirectory (RaftStorageDirectory.java:analyzeStorage(246)) - The storage directory /workdir/hadoop-ozone/integration-test/target/test-dir/MiniOzoneClusterImpl-6cd558f7-8af7-4672-8aed-8d3b5cfcb651/datanode-3/data/ratis/2f776a38-3436-44e3-b2c9-f7f51a907b7a does not exist. Creating ...
2019-10-15 09:59:02,649 [pool-433-thread-1] INFO  server.RaftServerConfigKeys (ConfUtils.java:logGet(43)) - raft.server.log.appender.install.snapshot.enabled = false (custom)
2019-10-15 09:59:02,649 [pool-423-thread-1] INFO  impl.RaftServerImpl (ServerState.java:<init>(103)) - d9d2bad5-c407-4d81-86fc-4ebb43599473@group-F7F51A907B7A: ConfigurationManager, init=-1: [d9d2bad5-c407-4d81-86fc-4ebb43599473:192.168.69.65:34878, 66a6a220-1788-428d-bea0-9b732daeb752:192.168.69.65:37722, b08fb485-4ef8-4b50-abd0-9aa8cc3a3563:192.168.69.65:38714], old=null, confs=<EMPTY_MAP>
2019-10-15 09:59:02,649 [pool-433-thread-1] INFO  impl.RaftServerImpl (ServerState.java:<init>(103)) - b08fb485-4ef8-4b50-abd0-9aa8cc3a3563@group-F7F51A907B7A: ConfigurationManager, init=-1: [d9d2bad5-c407-4d81-86fc-4ebb43599473:192.168.69.65:34878, 66a6a220-1788-428d-bea0-9b732daeb752:192.168.69.65:37722, b08fb485-4ef8-4b50-abd0-9aa8cc3a3563:192.168.69.65:38714], old=null, confs=<EMPTY_MAP>
2019-10-15 09:59:02,650 [pool-423-thread-1] INFO  server.RaftServerConfigKeys (ConfUtils.java:logGet(43)) - raft.server.storage.dir = [/workdir/hadoop-ozone/integration-test/target/test-dir/MiniOzoneClusterImpl-6cd558f7-8af7-4672-8aed-8d3b5cfcb651/datanode-4/data/ratis] (custom)
2019-10-15 09:59:02,650 [pool-433-thread-1] INFO  server.RaftServerConfigKeys (ConfUtils.java:logGet(43)) - raft.server.storage.dir = [/workdir/hadoop-ozone/integration-test/target/test-dir/MiniOzoneClusterImpl-6cd558f7-8af7-4672-8aed-8d3b5cfcb651/datanode-5/data/ratis] (custom)
2019-10-15 09:59:02,650 [pool-423-thread-1] INFO  server.RaftServerConfigKeys (ConfUtils.java:logGet(43)) - raft.server.log.corruption.policy = EXCEPTION (default)
2019-10-15 09:59:02,650 [pool-433-thread-1] INFO  server.RaftServerConfigKeys (ConfUtils.java:logGet(43)) - raft.server.log.corruption.policy = EXCEPTION (default)
2019-10-15 09:59:02,650 [pool-423-thread-1] INFO  storage.RaftStorageDirectory (RaftStorageDirectory.java:analyzeStorage(246)) - The storage directory /workdir/hadoop-ozone/integration-test/target/test-dir/MiniOzoneClusterImpl-6cd558f7-8af7-4672-8aed-8d3b5cfcb651/datanode-4/data/ratis/2f776a38-3436-44e3-b2c9-f7f51a907b7a does not exist. Creating ...
2019-10-15 09:59:02,650 [pool-433-thread-1] INFO  storage.RaftStorageDirectory (RaftStorageDirectory.java:analyzeStorage(246)) - The storage directory /workdir/hadoop-ozone/integration-test/target/test-dir/MiniOzoneClusterImpl-6cd558f7-8af7-4672-8aed-8d3b5cfcb651/datanode-5/data/ratis/2f776a38-3436-44e3-b2c9-f7f51a907b7a does not exist. Creating ...
2019-10-15 09:59:02,652 [IPC Server handler 6 on 45663] INFO  net.NetworkTopology (NetworkTopologyImpl.java:add(111)) - Added a new node: /default-rack/72a0b943-476c-45eb-b01d-7d9bb346ced4
2019-10-15 09:59:02,653 [IPC Server handler 6 on 45663] INFO  node.SCMNodeManager (SCMNodeManager.java:register(268)) - Registered Data node : 72a0b943-476c-45eb-b01d-7d9bb346ced4{ip: 192.168.69.65, host: dev-nightly-20191015-lc69l-4092513605, networkLocation: /default-rack, certSerialId: null}
2019-10-15 09:59:02,653 [main] INFO  ozone.MiniOzoneClusterImpl (MiniOzoneClusterImpl.java:lambda$waitForClusterToBeReady$0(147)) - Cluster is ready. Got 7 of 7 DN Heartbeats.
2019-10-15 09:59:02,662 [pool-433-thread-1] INFO  storage.RaftStorageDirectory (RaftStorageDirectory.java:tryLock(328)) - Lock on /workdir/hadoop-ozone/integration-test/target/test-dir/MiniOzoneClusterImpl-6cd558f7-8af7-4672-8aed-8d3b5cfcb651/datanode-5/data/ratis/2f776a38-3436-44e3-b2c9-f7f51a907b7a/in_use.lock acquired by nodename 28125@dev-nightly-20191015-lc69l-4092513605
2019-10-15 09:59:02,663 [pool-413-thread-1] INFO  storage.RaftStorageDirectory (RaftStorageDirectory.java:tryLock(328)) - Lock on /workdir/hadoop-ozone/integration-test/target/test-dir/MiniOzoneClusterImpl-6cd558f7-8af7-4672-8aed-8d3b5cfcb651/datanode-3/data/ratis/2f776a38-3436-44e3-b2c9-f7f51a907b7a/in_use.lock acquired by nodename 28125@dev-nightly-20191015-lc69l-4092513605
2019-10-15 09:59:02,663 [pool-423-thread-1] INFO  storage.RaftStorageDirectory (RaftStorageDirectory.java:tryLock(328)) - Lock on /workdir/hadoop-ozone/integration-test/target/test-dir/MiniOzoneClusterImpl-6cd558f7-8af7-4672-8aed-8d3b5cfcb651/datanode-4/data/ratis/2f776a38-3436-44e3-b2c9-f7f51a907b7a/in_use.lock acquired by nodename 28125@dev-nightly-20191015-lc69l-4092513605
2019-10-15 09:59:02,679 [pool-413-thread-1] INFO  storage.RaftStorage (RaftStorage.java:format(84)) - Storage directory /workdir/hadoop-ozone/integration-test/target/test-dir/MiniOzoneClusterImpl-6cd558f7-8af7-4672-8aed-8d3b5cfcb651/datanode-3/data/ratis/2f776a38-3436-44e3-b2c9-f7f51a907b7a has been successfully formatted.
2019-10-15 09:59:02,679 [pool-423-thread-1] INFO  storage.RaftStorage (RaftStorage.java:format(84)) - Storage directory /workdir/hadoop-ozone/integration-test/target/test-dir/MiniOzoneClusterImpl-6cd558f7-8af7-4672-8aed-8d3b5cfcb651/datanode-4/data/ratis/2f776a38-3436-44e3-b2c9-f7f51a907b7a has been successfully formatted.
2019-10-15 09:59:02,679 [pool-413-thread-1] INFO  ratis.ContainerStateMachine (ContainerStateMachine.java:loadSnapshot(231)) - group-F7F51A907B7A: The snapshot info is null. Setting the last applied indexto:(t:0, i:~)
2019-10-15 09:59:02,679 [pool-433-thread-1] INFO  storage.RaftStorage (RaftStorage.java:format(84)) - Storage directory /workdir/hadoop-ozone/integration-test/target/test-dir/MiniOzoneClusterImpl-6cd558f7-8af7-4672-8aed-8d3b5cfcb651/datanode-5/data/ratis/2f776a38-3436-44e3-b2c9-f7f51a907b7a has been successfully formatted.
2019-10-15 09:59:02,679 [pool-413-thread-1] INFO  server.RaftServerConfigKeys (ConfUtils.java:logGet(43)) - raft.server.notification.no-leader.timeout = 120s (custom)
2019-10-15 09:59:02,683 [pool-413-thread-1] INFO  server.RaftServerConfigKeys (ConfUtils.java:logGet(43)) - raft.server.log.use.memory = false (default)
2019-10-15 09:59:02,679 [pool-423-thread-1] INFO  ratis.ContainerStateMachine (ContainerStateMachine.java:loadSnapshot(231)) - group-F7F51A907B7A: The snapshot info is null. Setting the last applied indexto:(t:0, i:~)
2019-10-15 09:59:02,683 [pool-413-thread-1] INFO  server.RaftServerConfigKeys (ConfUtils.java:logGet(43)) - raft.server.log.purge.gap = 1000000 (custom)
2019-10-15 09:59:02,683 [pool-433-thread-1] INFO  ratis.ContainerStateMachine (ContainerStateMachine.java:loadSnapshot(231)) - group-F7F51A907B7A: The snapshot info is null. Setting the last applied indexto:(t:0, i:~)
2019-10-15 09:59:02,683 [pool-413-thread-1] INFO  server.RaftServerConfigKeys (ConfUtils.java:logGet(43)) - raft.server.log.appender.buffer.byte-limit = 33554432 (custom)
2019-10-15 09:59:02,683 [pool-413-thread-1] INFO  server.RaftServerConfigKeys (ConfUtils.java:logGet(43)) - raft.server.log.segment.size.max = 1048576 (custom)
2019-10-15 09:59:02,683 [pool-423-thread-1] INFO  server.RaftServerConfigKeys (ConfUtils.java:logGet(43)) - raft.server.notification.no-leader.timeout = 120s (custom)
2019-10-15 09:59:02,683 [pool-413-thread-1] INFO  server.RaftServerConfigKeys (ConfUtils.java:logGet(43)) - raft.server.log.segment.cache.num.max = 2 (custom)
2019-10-15 09:59:02,683 [pool-433-thread-1] INFO  server.RaftServerConfigKeys (ConfUtils.java:logGet(43)) - raft.server.notification.no-leader.timeout = 120s (custom)
2019-10-15 09:59:02,684 [pool-413-thread-1] INFO  segmented.SegmentedRaftLogWorker (SegmentedRaftLogWorker.java:<init>(173)) - new 66a6a220-1788-428d-bea0-9b732daeb752@group-F7F51A907B7A-SegmentedRaftLogWorker for RaftStorage:Storage Directory /workdir/hadoop-ozone/integration-test/target/test-dir/MiniOzoneClusterImpl-6cd558f7-8af7-4672-8aed-8d3b5cfcb651/datanode-3/data/ratis/2f776a38-3436-44e3-b2c9-f7f51a907b7a
2019-10-15 09:59:02,683 [pool-423-thread-1] INFO  server.RaftServerConfigKeys (ConfUtils.java:logGet(43)) - raft.server.log.use.memory = false (default)
2019-10-15 09:59:02,684 [pool-413-thread-1] INFO  server.RaftServerConfigKeys (ConfUtils.java:logGet(43)) - raft.server.log.queue.byte-limit = 2147483647 (custom)
2019-10-15 09:59:02,684 [pool-433-thread-1] INFO  server.RaftServerConfigKeys (ConfUtils.java:logGet(43)) - raft.server.log.use.memory = false (default)
2019-10-15 09:59:02,684 [pool-413-thread-1] INFO  server.RaftServerConfigKeys (ConfUtils.java:logGet(43)) - raft.server.log.queue.element-limit = 1024 (custom)
2019-10-15 09:59:02,684 [pool-423-thread-1] INFO  server.RaftServerConfigKeys (ConfUtils.java:logGet(43)) - raft.server.log.purge.gap = 1000000 (custom)
2019-10-15 09:59:02,684 [pool-413-thread-1] INFO  server.RaftServerConfigKeys (ConfUtils.java:logGet(43)) - raft.server.log.segment.size.max = 1048576 (custom)
2019-10-15 09:59:02,684 [pool-433-thread-1] INFO  server.RaftServerConfigKeys (ConfUtils.java:logGet(43)) - raft.server.log.purge.gap = 1000000 (custom)
2019-10-15 09:59:02,684 [pool-413-thread-1] INFO  server.RaftServerConfigKeys (ConfUtils.java:logGet(43)) - raft.server.log.preallocated.size = 16384 (custom)
2019-10-15 09:59:02,684 [pool-413-thread-1] INFO  server.RaftServerConfigKeys (ConfUtils.java:logGet(43)) - raft.server.log.write.buffer.size = 33554432 (custom)
2019-10-15 09:59:02,684 [pool-423-thread-1] INFO  server.RaftServerConfigKeys (ConfUtils.java:logGet(43)) - raft.server.log.appender.buffer.byte-limit = 33554432 (custom)
2019-10-15 09:59:02,685 [pool-413-thread-1] INFO  server.RaftServerConfigKeys (ConfUtils.java:logGet(43)) - raft.server.log.force.sync.num = 128 (default)
2019-10-15 09:59:02,684 [pool-433-thread-1] INFO  server.RaftServerConfigKeys (ConfUtils.java:logGet(43)) - raft.server.log.appender.buffer.byte-limit = 33554432 (custom)
2019-10-15 09:59:02,685 [pool-413-thread-1] INFO  server.RaftServerConfigKeys (ConfUtils.java:logGet(43)) - raft.server.log.statemachine.data.sync = true (default)
2019-10-15 09:59:02,687 [pool-413-thread-1] INFO  server.RaftServerConfigKeys (ConfUtils.java:logGet(43)) - raft.server.log.statemachine.data.sync.timeout = 10s (default)
2019-10-15 09:59:02,685 [pool-423-thread-1] INFO  server.RaftServerConfigKeys (ConfUtils.java:logGet(43)) - raft.server.log.segment.size.max = 1048576 (custom)
2019-10-15 09:59:02,687 [pool-413-thread-1] INFO  server.RaftServerConfigKeys (ConfUtils.java:logGet(43)) - raft.server.log.statemachine.data.sync.timeout.retry = -1 (default)
2019-10-15 09:59:02,691 [pool-423-thread-1] INFO  server.RaftServerConfigKeys (ConfUtils.java:logGet(43)) - raft.server.log.segment.cache.num.max = 2 (custom)
2019-10-15 09:59:02,685 [pool-433-thread-1] INFO  server.RaftServerConfigKeys (ConfUtils.java:logGet(43)) - raft.server.log.segment.size.max = 1048576 (custom)
2019-10-15 09:59:02,691 [pool-423-thread-1] INFO  segmented.SegmentedRaftLogWorker (SegmentedRaftLogWorker.java:<init>(173)) - new d9d2bad5-c407-4d81-86fc-4ebb43599473@group-F7F51A907B7A-SegmentedRaftLogWorker for RaftStorage:Storage Directory /workdir/hadoop-ozone/integration-test/target/test-dir/MiniOzoneClusterImpl-6cd558f7-8af7-4672-8aed-8d3b5cfcb651/datanode-4/data/ratis/2f776a38-3436-44e3-b2c9-f7f51a907b7a
2019-10-15 09:59:02,691 [pool-413-thread-1] INFO  server.RaftServerConfigKeys (ConfUtils.java:logGet(43)) - raft.server.log.statemachine.data.caching.enabled = true (custom)
2019-10-15 09:59:02,691 [pool-423-thread-1] INFO  server.RaftServerConfigKeys (ConfUtils.java:logGet(43)) - raft.server.log.queue.byte-limit = 2147483647 (custom)
2019-10-15 09:59:02,691 [pool-433-thread-1] INFO  server.RaftServerConfigKeys (ConfUtils.java:logGet(43)) - raft.server.log.segment.cache.num.max = 2 (custom)
2019-10-15 09:59:02,691 [pool-423-thread-1] INFO  server.RaftServerConfigKeys (ConfUtils.java:logGet(43)) - raft.server.log.queue.element-limit = 1024 (custom)
2019-10-15 09:59:02,691 [pool-413-thread-1] INFO  segmented.SegmentedRaftLogWorker (SegmentedRaftLogWorker.java:lambda$new$0(128)) - 66a6a220-1788-428d-bea0-9b732daeb752@group-F7F51A907B7A-SegmentedRaftLogWorker: flushIndex: setUnconditionally 0 -> -1
2019-10-15 09:59:02,691 [pool-423-thread-1] INFO  server.RaftServerConfigKeys (ConfUtils.java:logGet(43)) - raft.server.log.segment.size.max = 1048576 (custom)
2019-10-15 09:59:02,691 [pool-433-thread-1] INFO  segmented.SegmentedRaftLogWorker (SegmentedRaftLogWorker.java:<init>(173)) - new b08fb485-4ef8-4b50-abd0-9aa8cc3a3563@group-F7F51A907B7A-SegmentedRaftLogWorker for RaftStorage:Storage Directory /workdir/hadoop-ozone/integration-test/target/test-dir/MiniOzoneClusterImpl-6cd558f7-8af7-4672-8aed-8d3b5cfcb651/datanode-5/data/ratis/2f776a38-3436-44e3-b2c9-f7f51a907b7a
2019-10-15 09:59:02,692 [pool-423-thread-1] INFO  server.RaftServerConfigKeys (ConfUtils.java:logGet(43)) - raft.server.log.preallocated.size = 16384 (custom)
2019-10-15 09:59:02,692 [pool-413-thread-1] INFO  server.RaftServerConfigKeys (ConfUtils.java:logGet(43)) - raft.server.snapshot.auto.trigger.enabled = true (custom)
2019-10-15 09:59:02,692 [pool-423-thread-1] INFO  server.RaftServerConfigKeys (ConfUtils.java:logGet(43)) - raft.server.log.write.buffer.size = 33554432 (custom)
2019-10-15 09:59:02,692 [pool-433-thread-1] INFO  server.RaftServerConfigKeys (ConfUtils.java:logGet(43)) - raft.server.log.queue.byte-limit = 2147483647 (custom)
2019-10-15 09:59:02,692 [pool-423-thread-1] INFO  server.RaftServerConfigKeys (ConfUtils.java:logGet(43)) - raft.server.log.force.sync.num = 128 (default)
2019-10-15 09:59:02,692 [main] INFO  rpc.RpcClient (RpcClient.java:createVolume(272)) - Creating Volume: watchforcommithandlingtest, with jenkins1000 as owner.
2019-10-15 09:59:02,692 [pool-413-thread-1] INFO  server.RaftServerConfigKeys (ConfUtils.java:logGet(43)) - raft.server.snapshot.auto.trigger.threshold = 10000 (custom)
2019-10-15 09:59:02,692 [pool-423-thread-1] INFO  server.RaftServerConfigKeys (ConfUtils.java:logGet(43)) - raft.server.log.statemachine.data.sync = true (default)
2019-10-15 09:59:02,692 [pool-433-thread-1] INFO  server.RaftServerConfigKeys (ConfUtils.java:logGet(43)) - raft.server.log.queue.element-limit = 1024 (custom)
2019-10-15 09:59:02,693 [pool-423-thread-1] INFO  server.RaftServerConfigKeys (ConfUtils.java:logGet(43)) - raft.server.log.statemachine.data.sync.timeout = 10s (default)
2019-10-15 09:59:02,693 [pool-413-thread-1] INFO  server.RaftServerConfigKeys (ConfUtils.java:logGet(43)) - raft.server.snapshot.retention.file.num = 5 (custom)
2019-10-15 09:59:02,693 [pool-423-thread-1] INFO  server.RaftServerConfigKeys (ConfUtils.java:logGet(43)) - raft.server.log.statemachine.data.sync.timeout.retry = -1 (default)
2019-10-15 09:59:02,693 [pool-433-thread-1] INFO  server.RaftServerConfigKeys (ConfUtils.java:logGet(43)) - raft.server.log.segment.size.max = 1048576 (custom)
2019-10-15 09:59:02,693 [pool-423-thread-1] INFO  server.RaftServerConfigKeys (ConfUtils.java:logGet(43)) - raft.server.log.statemachine.data.caching.enabled = true (custom)
2019-10-15 09:59:02,693 [pool-413-thread-1] INFO  server.RaftServerConfigKeys (ConfUtils.java:logGet(43)) - raft.server.retrycache.expirytime = 600000ms (custom)
2019-10-15 09:59:02,693 [pool-433-thread-1] INFO  server.RaftServerConfigKeys (ConfUtils.java:logGet(43)) - raft.server.log.preallocated.size = 16384 (custom)
2019-10-15 09:59:02,694 [pool-423-thread-1] INFO  segmented.SegmentedRaftLogWorker (SegmentedRaftLogWorker.java:lambda$new$0(128)) - d9d2bad5-c407-4d81-86fc-4ebb43599473@group-F7F51A907B7A-SegmentedRaftLogWorker: flushIndex: setUnconditionally 0 -> -1
2019-10-15 09:59:02,694 [pool-433-thread-1] INFO  server.RaftServerConfigKeys (ConfUtils.java:logGet(43)) - raft.server.log.write.buffer.size = 33554432 (custom)
2019-10-15 09:59:02,694 [pool-433-thread-1] INFO  server.RaftServerConfigKeys (ConfUtils.java:logGet(43)) - raft.server.log.force.sync.num = 128 (default)
2019-10-15 09:59:02,694 [pool-423-thread-1] INFO  server.RaftServerConfigKeys (ConfUtils.java:logGet(43)) - raft.server.snapshot.auto.trigger.enabled = true (custom)
2019-10-15 09:59:02,694 [pool-433-thread-1] INFO  server.RaftServerConfigKeys (ConfUtils.java:logGet(43)) - raft.server.log.statemachine.data.sync = true (default)
2019-10-15 09:59:02,694 [pool-423-thread-1] INFO  server.RaftServerConfigKeys (ConfUtils.java:logGet(43)) - raft.server.snapshot.auto.trigger.threshold = 10000 (custom)
2019-10-15 09:59:02,694 [pool-433-thread-1] INFO  server.RaftServerConfigKeys (ConfUtils.java:logGet(43)) - raft.server.log.statemachine.data.sync.timeout = 10s (default)
2019-10-15 09:59:02,694 [pool-423-thread-1] INFO  server.RaftServerConfigKeys (ConfUtils.java:logGet(43)) - raft.server.snapshot.retention.file.num = 5 (custom)
2019-10-15 09:59:02,694 [pool-433-thread-1] INFO  server.RaftServerConfigKeys (ConfUtils.java:logGet(43)) - raft.server.log.statemachine.data.sync.timeout.retry = -1 (default)
2019-10-15 09:59:02,695 [pool-423-thread-1] INFO  server.RaftServerConfigKeys (ConfUtils.java:logGet(43)) - raft.server.retrycache.expirytime = 600000ms (custom)
2019-10-15 09:59:02,695 [pool-433-thread-1] INFO  server.RaftServerConfigKeys (ConfUtils.java:logGet(43)) - raft.server.log.statemachine.data.caching.enabled = true (custom)
2019-10-15 09:59:02,695 [pool-413-thread-1] INFO  impl.RaftServerImpl (RaftServerImpl.java:start(181)) - 66a6a220-1788-428d-bea0-9b732daeb752@group-F7F51A907B7A: start as a follower, conf=-1: [d9d2bad5-c407-4d81-86fc-4ebb43599473:192.168.69.65:34878, 66a6a220-1788-428d-bea0-9b732daeb752:192.168.69.65:37722, b08fb485-4ef8-4b50-abd0-9aa8cc3a3563:192.168.69.65:38714], old=null
2019-10-15 09:59:02,695 [pool-413-thread-1] INFO  impl.RaftServerImpl (RaftServerImpl.java:setRole(170)) - 66a6a220-1788-428d-bea0-9b732daeb752@group-F7F51A907B7A: changes role from      null to FOLLOWER at term 0 for startAsFollower
2019-10-15 09:59:02,695 [pool-433-thread-1] INFO  segmented.SegmentedRaftLogWorker (SegmentedRaftLogWorker.java:lambda$new$0(128)) - b08fb485-4ef8-4b50-abd0-9aa8cc3a3563@group-F7F51A907B7A-SegmentedRaftLogWorker: flushIndex: setUnconditionally 0 -> -1
2019-10-15 09:59:02,695 [pool-413-thread-1] INFO  impl.RoleInfo (RoleInfo.java:updateAndGet(143)) - 66a6a220-1788-428d-bea0-9b732daeb752: start FollowerState
2019-10-15 09:59:02,695 [pool-433-thread-1] INFO  server.RaftServerConfigKeys (ConfUtils.java:logGet(43)) - raft.server.snapshot.auto.trigger.enabled = true (custom)
2019-10-15 09:59:02,695 [pool-433-thread-1] INFO  server.RaftServerConfigKeys (ConfUtils.java:logGet(43)) - raft.server.snapshot.auto.trigger.threshold = 10000 (custom)
2019-10-15 09:59:02,695 [pool-413-thread-1] INFO  util.JmxRegister (JmxRegister.java:tryRegister(44)) - Successfully registered JMX Bean with object name Ratis:service=RaftServer,group=group-F7F51A907B7A,id=66a6a220-1788-428d-bea0-9b732daeb752
2019-10-15 09:59:02,695 [pool-433-thread-1] INFO  server.RaftServerConfigKeys (ConfUtils.java:logGet(43)) - raft.server.snapshot.retention.file.num = 5 (custom)
2019-10-15 09:59:02,696 [IPC Server handler 3 on 45284] INFO  volume.OMVolumeCreateRequest (OMVolumeCreateRequest.java:validateAndUpdateCache(193)) - created volume:watchforcommithandlingtest for user:jenkins1000
2019-10-15 09:59:02,696 [pool-433-thread-1] INFO  server.RaftServerConfigKeys (ConfUtils.java:logGet(43)) - raft.server.retrycache.expirytime = 600000ms (custom)
2019-10-15 09:59:02,697 [pool-423-thread-1] INFO  impl.RaftServerImpl (RaftServerImpl.java:start(181)) - d9d2bad5-c407-4d81-86fc-4ebb43599473@group-F7F51A907B7A: start as a follower, conf=-1: [d9d2bad5-c407-4d81-86fc-4ebb43599473:192.168.69.65:34878, 66a6a220-1788-428d-bea0-9b732daeb752:192.168.69.65:37722, b08fb485-4ef8-4b50-abd0-9aa8cc3a3563:192.168.69.65:38714], old=null
2019-10-15 09:59:02,697 [pool-423-thread-1] INFO  impl.RaftServerImpl (RaftServerImpl.java:setRole(170)) - d9d2bad5-c407-4d81-86fc-4ebb43599473@group-F7F51A907B7A: changes role from      null to FOLLOWER at term 0 for startAsFollower
2019-10-15 09:59:02,697 [pool-423-thread-1] INFO  impl.RoleInfo (RoleInfo.java:updateAndGet(143)) - d9d2bad5-c407-4d81-86fc-4ebb43599473: start FollowerState
2019-10-15 09:59:02,698 [pool-423-thread-1] INFO  util.JmxRegister (JmxRegister.java:tryRegister(44)) - Successfully registered JMX Bean with object name Ratis:service=RaftServer,group=group-F7F51A907B7A,id=d9d2bad5-c407-4d81-86fc-4ebb43599473
2019-10-15 09:59:02,700 [pool-433-thread-1] INFO  impl.RaftServerImpl (RaftServerImpl.java:start(181)) - b08fb485-4ef8-4b50-abd0-9aa8cc3a3563@group-F7F51A907B7A: start as a follower, conf=-1: [d9d2bad5-c407-4d81-86fc-4ebb43599473:192.168.69.65:34878, 66a6a220-1788-428d-bea0-9b732daeb752:192.168.69.65:37722, b08fb485-4ef8-4b50-abd0-9aa8cc3a3563:192.168.69.65:38714], old=null
2019-10-15 09:59:02,700 [pool-433-thread-1] INFO  impl.RaftServerImpl (RaftServerImpl.java:setRole(170)) - b08fb485-4ef8-4b50-abd0-9aa8cc3a3563@group-F7F51A907B7A: changes role from      null to FOLLOWER at term 0 for startAsFollower
2019-10-15 09:59:02,700 [pool-433-thread-1] INFO  impl.RoleInfo (RoleInfo.java:updateAndGet(143)) - b08fb485-4ef8-4b50-abd0-9aa8cc3a3563: start FollowerState
2019-10-15 09:59:02,700 [pool-433-thread-1] INFO  util.JmxRegister (JmxRegister.java:tryRegister(44)) - Successfully registered JMX Bean with object name Ratis:service=RaftServer,group=group-F7F51A907B7A,id=b08fb485-4ef8-4b50-abd0-9aa8cc3a3563
2019-10-15 09:59:02,707 [main] INFO  rpc.RpcClient (RpcClient.java:createBucket(411)) - Creating Bucket: watchforcommithandlingtest/watchforcommithandlingtest, with Versioning false and Storage Type set to DISK and Encryption set to false 
2019-10-15 09:59:02,711 [main] INFO  ozone.MiniOzoneClusterImpl (MiniOzoneClusterImpl.java:getStorageContainerLocationClient(234)) - Creating StorageContainerLocationProtocol RPC client with address /0.0.0.0:38951
2019-10-15 09:59:02,712 [RatisPipelineUtilsThread] INFO  pipeline.PipelineStateManager (PipelineStateManager.java:addPipeline(56)) - Created pipeline Pipeline[ Id: 2f776a38-3436-44e3-b2c9-f7f51a907b7a, Nodes: b08fb485-4ef8-4b50-abd0-9aa8cc3a3563{ip: 192.168.69.65, host: dev-nightly-20191015-lc69l-4092513605, networkLocation: /default-rack, certSerialId: null}66a6a220-1788-428d-bea0-9b732daeb752{ip: 192.168.69.65, host: dev-nightly-20191015-lc69l-4092513605, networkLocation: /default-rack, certSerialId: null}d9d2bad5-c407-4d81-86fc-4ebb43599473{ip: 192.168.69.65, host: dev-nightly-20191015-lc69l-4092513605, networkLocation: /default-rack, certSerialId: null}, Type:RATIS, Factor:THREE, State:OPEN]
2019-10-15 09:59:05,305 [Thread-2332] INFO  container.ReplicationManager (ReplicationManager.java:start(162)) - Starting Replication Monitor Thread.
2019-10-15 09:59:05,308 [ReplicationMonitor] INFO  container.ReplicationManager (ReplicationManager.java:run(225)) - Replication Monitor Thread took 0 milliseconds for processing 1 containers.
2019-10-15 09:59:07,505 [Thread-2334] INFO  impl.FollowerState (FollowerState.java:run(108)) - e06c9e0e-bfb3-4545-b88d-c8398ac06dce@group-11A1310C7637-FollowerState: change to CANDIDATE, lastRpcTime:5142ms, electionTimeout:5142ms
2019-10-15 09:59:07,508 [Thread-2334] INFO  impl.RoleInfo (RoleInfo.java:shutdownFollowerState(121)) - e06c9e0e-bfb3-4545-b88d-c8398ac06dce: shutdown FollowerState
2019-10-15 09:59:07,509 [Thread-2334] INFO  impl.RaftServerImpl (RaftServerImpl.java:setRole(170)) - e06c9e0e-bfb3-4545-b88d-c8398ac06dce@group-11A1310C7637: changes role from  FOLLOWER to CANDIDATE at term 0 for changeToCandidate
2019-10-15 09:59:07,509 [Thread-2334] INFO  impl.RoleInfo (RoleInfo.java:updateAndGet(143)) - e06c9e0e-bfb3-4545-b88d-c8398ac06dce: start LeaderElection
2019-10-15 09:59:07,535 [e06c9e0e-bfb3-4545-b88d-c8398ac06dce@group-11A1310C7637-LeaderElection79] INFO  impl.LeaderElection (LeaderElection.java:askForVotes(178)) - e06c9e0e-bfb3-4545-b88d-c8398ac06dce@group-11A1310C7637-LeaderElection79: begin an election at term 1 for -1: [e06c9e0e-bfb3-4545-b88d-c8398ac06dce:192.168.69.65:36541], old=null
2019-10-15 09:59:07,536 [e06c9e0e-bfb3-4545-b88d-c8398ac06dce@group-11A1310C7637-LeaderElection79] INFO  impl.RoleInfo (RoleInfo.java:shutdownLeaderElection(134)) - e06c9e0e-bfb3-4545-b88d-c8398ac06dce: shutdown LeaderElection
2019-10-15 09:59:07,536 [e06c9e0e-bfb3-4545-b88d-c8398ac06dce@group-11A1310C7637-LeaderElection79] INFO  impl.RaftServerImpl (RaftServerImpl.java:setRole(170)) - e06c9e0e-bfb3-4545-b88d-c8398ac06dce@group-11A1310C7637: changes role from CANDIDATE to LEADER at term 1 for changeToLeader
2019-10-15 09:59:07,536 [e06c9e0e-bfb3-4545-b88d-c8398ac06dce@group-11A1310C7637-LeaderElection79] INFO  impl.RaftServerImpl (ServerState.java:setLeader(255)) - e06c9e0e-bfb3-4545-b88d-c8398ac06dce@group-11A1310C7637: change Leader from null to e06c9e0e-bfb3-4545-b88d-c8398ac06dce at term 1 for becomeLeader, leader elected after 5181ms
2019-10-15 09:59:07,536 [e06c9e0e-bfb3-4545-b88d-c8398ac06dce@group-11A1310C7637-LeaderElection79] INFO  server.RaftServerConfigKeys (ConfUtils.java:logGet(43)) - raft.server.staging.catchup.gap = 1000 (default)
2019-10-15 09:59:07,537 [e06c9e0e-bfb3-4545-b88d-c8398ac06dce@group-11A1310C7637-LeaderElection79] INFO  server.RaftServerConfigKeys (ConfUtils.java:logGet(43)) - raft.server.rpc.sleep.time = 25ms (default)
2019-10-15 09:59:07,537 [e06c9e0e-bfb3-4545-b88d-c8398ac06dce@group-11A1310C7637-LeaderElection79] INFO  server.RaftServerConfigKeys (ConfUtils.java:logGet(43)) - raft.server.write.element-limit = 4096 (default)
2019-10-15 09:59:07,537 [e06c9e0e-bfb3-4545-b88d-c8398ac06dce@group-11A1310C7637-LeaderElection79] INFO  server.RaftServerConfigKeys (ConfUtils.java:logGet(43)) - raft.server.watch.timeout = 10s (default)
2019-10-15 09:59:07,537 [e06c9e0e-bfb3-4545-b88d-c8398ac06dce@group-11A1310C7637-LeaderElection79] INFO  server.RaftServerConfigKeys (ConfUtils.java:logGet(43)) - raft.server.watch.timeout.denomination = 1s (default)
2019-10-15 09:59:07,537 [Thread-2337] INFO  impl.FollowerState (FollowerState.java:run(108)) - 760adb25-f8ec-4441-adc0-bf5ebc4f52f9@group-E0293EA0617E-FollowerState: change to CANDIDATE, lastRpcTime:5130ms, electionTimeout:5130ms
2019-10-15 09:59:07,538 [e06c9e0e-bfb3-4545-b88d-c8398ac06dce@group-11A1310C7637-LeaderElection79] INFO  server.RaftServerConfigKeys (ConfUtils.java:logGet(43)) - raft.server.watch.element-limit = 65536 (default)
2019-10-15 09:59:07,538 [Thread-2337] INFO  impl.RoleInfo (RoleInfo.java:shutdownFollowerState(121)) - 760adb25-f8ec-4441-adc0-bf5ebc4f52f9: shutdown FollowerState
2019-10-15 09:59:07,538 [Thread-2337] INFO  impl.RaftServerImpl (RaftServerImpl.java:setRole(170)) - 760adb25-f8ec-4441-adc0-bf5ebc4f52f9@group-E0293EA0617E: changes role from  FOLLOWER to CANDIDATE at term 0 for changeToCandidate
2019-10-15 09:59:07,538 [Thread-2337] INFO  impl.RoleInfo (RoleInfo.java:updateAndGet(143)) - 760adb25-f8ec-4441-adc0-bf5ebc4f52f9: start LeaderElection
2019-10-15 09:59:07,548 [e06c9e0e-bfb3-4545-b88d-c8398ac06dce@group-11A1310C7637-LeaderElection79] INFO  impl.RoleInfo (RoleInfo.java:updateAndGet(143)) - e06c9e0e-bfb3-4545-b88d-c8398ac06dce: start LeaderState
2019-10-15 09:59:07,549 [e06c9e0e-bfb3-4545-b88d-c8398ac06dce@group-11A1310C7637-LeaderElection79] INFO  segmented.SegmentedRaftLogWorker (SegmentedRaftLogWorker.java:startLogSegment(385)) - e06c9e0e-bfb3-4545-b88d-c8398ac06dce@group-11A1310C7637-SegmentedRaftLogWorker: Starting segment from index:0
2019-10-15 09:59:07,550 [e06c9e0e-bfb3-4545-b88d-c8398ac06dce@group-11A1310C7637-LeaderElection79] INFO  impl.RaftServerImpl (ServerState.java:setRaftConf(356)) - e06c9e0e-bfb3-4545-b88d-c8398ac06dce@group-11A1310C7637: set configuration 0: [e06c9e0e-bfb3-4545-b88d-c8398ac06dce:192.168.69.65:36541], old=null at 0
2019-10-15 09:59:07,559 [760adb25-f8ec-4441-adc0-bf5ebc4f52f9@group-E0293EA0617E-LeaderElection80] INFO  impl.LeaderElection (LeaderElection.java:askForVotes(178)) - 760adb25-f8ec-4441-adc0-bf5ebc4f52f9@group-E0293EA0617E-LeaderElection80: begin an election at term 1 for -1: [760adb25-f8ec-4441-adc0-bf5ebc4f52f9:192.168.69.65:43648], old=null
2019-10-15 09:59:07,559 [760adb25-f8ec-4441-adc0-bf5ebc4f52f9@group-E0293EA0617E-LeaderElection80] INFO  impl.RoleInfo (RoleInfo.java:shutdownLeaderElection(134)) - 760adb25-f8ec-4441-adc0-bf5ebc4f52f9: shutdown LeaderElection
2019-10-15 09:59:07,559 [760adb25-f8ec-4441-adc0-bf5ebc4f52f9@group-E0293EA0617E-LeaderElection80] INFO  impl.RaftServerImpl (RaftServerImpl.java:setRole(170)) - 760adb25-f8ec-4441-adc0-bf5ebc4f52f9@group-E0293EA0617E: changes role from CANDIDATE to LEADER at term 1 for changeToLeader
2019-10-15 09:59:07,559 [760adb25-f8ec-4441-adc0-bf5ebc4f52f9@group-E0293EA0617E-LeaderElection80] INFO  impl.RaftServerImpl (ServerState.java:setLeader(255)) - 760adb25-f8ec-4441-adc0-bf5ebc4f52f9@group-E0293EA0617E: change Leader from null to 760adb25-f8ec-4441-adc0-bf5ebc4f52f9 at term 1 for becomeLeader, leader elected after 5158ms
2019-10-15 09:59:07,559 [760adb25-f8ec-4441-adc0-bf5ebc4f52f9@group-E0293EA0617E-LeaderElection80] INFO  server.RaftServerConfigKeys (ConfUtils.java:logGet(43)) - raft.server.staging.catchup.gap = 1000 (default)
2019-10-15 09:59:07,559 [760adb25-f8ec-4441-adc0-bf5ebc4f52f9@group-E0293EA0617E-LeaderElection80] INFO  server.RaftServerConfigKeys (ConfUtils.java:logGet(43)) - raft.server.rpc.sleep.time = 25ms (default)
2019-10-15 09:59:07,559 [760adb25-f8ec-4441-adc0-bf5ebc4f52f9@group-E0293EA0617E-LeaderElection80] INFO  server.RaftServerConfigKeys (ConfUtils.java:logGet(43)) - raft.server.write.element-limit = 4096 (default)
2019-10-15 09:59:07,559 [760adb25-f8ec-4441-adc0-bf5ebc4f52f9@group-E0293EA0617E-LeaderElection80] INFO  server.RaftServerConfigKeys (ConfUtils.java:logGet(43)) - raft.server.watch.timeout = 10s (default)
2019-10-15 09:59:07,559 [760adb25-f8ec-4441-adc0-bf5ebc4f52f9@group-E0293EA0617E-LeaderElection80] INFO  server.RaftServerConfigKeys (ConfUtils.java:logGet(43)) - raft.server.watch.timeout.denomination = 1s (default)
2019-10-15 09:59:07,560 [760adb25-f8ec-4441-adc0-bf5ebc4f52f9@group-E0293EA0617E-LeaderElection80] INFO  server.RaftServerConfigKeys (ConfUtils.java:logGet(43)) - raft.server.watch.element-limit = 65536 (default)
2019-10-15 09:59:07,561 [Thread-2346] INFO  impl.FollowerState (FollowerState.java:run(108)) - e06c9e0e-bfb3-4545-b88d-c8398ac06dce@group-AB8AAB036AD8-FollowerState: change to CANDIDATE, lastRpcTime:5050ms, electionTimeout:5050ms
2019-10-15 09:59:07,561 [760adb25-f8ec-4441-adc0-bf5ebc4f52f9@group-E0293EA0617E-LeaderElection80] INFO  impl.RoleInfo (RoleInfo.java:updateAndGet(143)) - 760adb25-f8ec-4441-adc0-bf5ebc4f52f9: start LeaderState
2019-10-15 09:59:07,561 [Thread-2346] INFO  impl.RoleInfo (RoleInfo.java:shutdownFollowerState(121)) - e06c9e0e-bfb3-4545-b88d-c8398ac06dce: shutdown FollowerState
2019-10-15 09:59:07,561 [760adb25-f8ec-4441-adc0-bf5ebc4f52f9@group-E0293EA0617E-LeaderElection80] INFO  segmented.SegmentedRaftLogWorker (SegmentedRaftLogWorker.java:startLogSegment(385)) - 760adb25-f8ec-4441-adc0-bf5ebc4f52f9@group-E0293EA0617E-SegmentedRaftLogWorker: Starting segment from index:0
2019-10-15 09:59:07,561 [Thread-2346] INFO  impl.RaftServerImpl (RaftServerImpl.java:setRole(170)) - e06c9e0e-bfb3-4545-b88d-c8398ac06dce@group-AB8AAB036AD8: changes role from  FOLLOWER to CANDIDATE at term 0 for changeToCandidate
2019-10-15 09:59:07,562 [Thread-2346] INFO  impl.RoleInfo (RoleInfo.java:updateAndGet(143)) - e06c9e0e-bfb3-4545-b88d-c8398ac06dce: start LeaderElection
2019-10-15 09:59:07,562 [760adb25-f8ec-4441-adc0-bf5ebc4f52f9@group-E0293EA0617E-LeaderElection80] INFO  impl.RaftServerImpl (ServerState.java:setRaftConf(356)) - 760adb25-f8ec-4441-adc0-bf5ebc4f52f9@group-E0293EA0617E: set configuration 0: [760adb25-f8ec-4441-adc0-bf5ebc4f52f9:192.168.69.65:43648], old=null at 0
2019-10-15 09:59:07,585 [Thread-2344] INFO  impl.FollowerState (FollowerState.java:run(108)) - 2946a9e1-974e-44f9-8264-0f81be1b0092@group-AB8AAB036AD8-FollowerState: change to CANDIDATE, lastRpcTime:5075ms, electionTimeout:5068ms
2019-10-15 09:59:07,585 [Thread-2344] INFO  impl.RoleInfo (RoleInfo.java:shutdownFollowerState(121)) - 2946a9e1-974e-44f9-8264-0f81be1b0092: shutdown FollowerState
2019-10-15 09:59:07,585 [Thread-2344] INFO  impl.RaftServerImpl (RaftServerImpl.java:setRole(170)) - 2946a9e1-974e-44f9-8264-0f81be1b0092@group-AB8AAB036AD8: changes role from  FOLLOWER to CANDIDATE at term 0 for changeToCandidate
2019-10-15 09:59:07,585 [Thread-2344] INFO  impl.RoleInfo (RoleInfo.java:updateAndGet(143)) - 2946a9e1-974e-44f9-8264-0f81be1b0092: start LeaderElection
2019-10-15 09:59:07,622 [e06c9e0e-bfb3-4545-b88d-c8398ac06dce@group-11A1310C7637-SegmentedRaftLogWorker] INFO  segmented.SegmentedRaftLogWorker (SegmentedRaftLogWorker.java:execute(574)) - e06c9e0e-bfb3-4545-b88d-c8398ac06dce@group-11A1310C7637-SegmentedRaftLogWorker: created new log segment /workdir/hadoop-ozone/integration-test/target/test-dir/MiniOzoneClusterImpl-6cd558f7-8af7-4672-8aed-8d3b5cfcb651/datanode-0/data/ratis/9c70b394-d353-40e0-a489-11a1310c7637/current/log_inprogress_0
2019-10-15 09:59:07,622 [Thread-2347] INFO  impl.FollowerState (FollowerState.java:run(108)) - 760adb25-f8ec-4441-adc0-bf5ebc4f52f9@group-AB8AAB036AD8-FollowerState: change to CANDIDATE, lastRpcTime:5108ms, electionTimeout:5098ms
2019-10-15 09:59:07,622 [Thread-2340] INFO  impl.FollowerState (FollowerState.java:run(108)) - 2946a9e1-974e-44f9-8264-0f81be1b0092@group-31FA4469F330-FollowerState: change to CANDIDATE, lastRpcTime:5163ms, electionTimeout:5147ms
2019-10-15 09:59:07,622 [Thread-2355] INFO  impl.FollowerState (FollowerState.java:run(108)) - d9d2bad5-c407-4d81-86fc-4ebb43599473@group-3C468908B526-FollowerState: change to CANDIDATE, lastRpcTime:5034ms, electionTimeout:5019ms
2019-10-15 09:59:07,625 [Thread-2340] INFO  impl.RoleInfo (RoleInfo.java:shutdownFollowerState(121)) - 2946a9e1-974e-44f9-8264-0f81be1b0092: shutdown FollowerState
2019-10-15 09:59:07,623 [Thread-2347] INFO  impl.RoleInfo (RoleInfo.java:shutdownFollowerState(121)) - 760adb25-f8ec-4441-adc0-bf5ebc4f52f9: shutdown FollowerState
2019-10-15 09:59:07,625 [Thread-2340] INFO  impl.RaftServerImpl (RaftServerImpl.java:setRole(170)) - 2946a9e1-974e-44f9-8264-0f81be1b0092@group-31FA4469F330: changes role from  FOLLOWER to CANDIDATE at term 0 for changeToCandidate
2019-10-15 09:59:07,625 [Thread-2355] INFO  impl.RoleInfo (RoleInfo.java:shutdownFollowerState(121)) - d9d2bad5-c407-4d81-86fc-4ebb43599473: shutdown FollowerState
2019-10-15 09:59:07,626 [Thread-2340] INFO  impl.RoleInfo (RoleInfo.java:updateAndGet(143)) - 2946a9e1-974e-44f9-8264-0f81be1b0092: start LeaderElection
2019-10-15 09:59:07,626 [Thread-2355] INFO  impl.RaftServerImpl (RaftServerImpl.java:setRole(170)) - d9d2bad5-c407-4d81-86fc-4ebb43599473@group-3C468908B526: changes role from  FOLLOWER to CANDIDATE at term 0 for changeToCandidate
2019-10-15 09:59:07,625 [Thread-2347] INFO  impl.RaftServerImpl (RaftServerImpl.java:setRole(170)) - 760adb25-f8ec-4441-adc0-bf5ebc4f52f9@group-AB8AAB036AD8: changes role from  FOLLOWER to CANDIDATE at term 0 for changeToCandidate
2019-10-15 09:59:07,626 [Thread-2355] INFO  impl.RoleInfo (RoleInfo.java:updateAndGet(143)) - d9d2bad5-c407-4d81-86fc-4ebb43599473: start LeaderElection
2019-10-15 09:59:07,626 [Thread-2347] INFO  impl.RoleInfo (RoleInfo.java:updateAndGet(143)) - 760adb25-f8ec-4441-adc0-bf5ebc4f52f9: start LeaderElection
2019-10-15 09:59:07,635 [760adb25-f8ec-4441-adc0-bf5ebc4f52f9@group-E0293EA0617E-SegmentedRaftLogWorker] INFO  segmented.SegmentedRaftLogWorker (SegmentedRaftLogWorker.java:execute(574)) - 760adb25-f8ec-4441-adc0-bf5ebc4f52f9@group-E0293EA0617E-SegmentedRaftLogWorker: created new log segment /workdir/hadoop-ozone/integration-test/target/test-dir/MiniOzoneClusterImpl-6cd558f7-8af7-4672-8aed-8d3b5cfcb651/datanode-1/data/ratis/99af4e3c-6e13-44be-aded-e0293ea0617e/current/log_inprogress_0
2019-10-15 09:59:07,639 [e06c9e0e-bfb3-4545-b88d-c8398ac06dce@group-AB8AAB036AD8-LeaderElection81] INFO  impl.LeaderElection (LeaderElection.java:askForVotes(178)) - e06c9e0e-bfb3-4545-b88d-c8398ac06dce@group-AB8AAB036AD8-LeaderElection81: begin an election at term 1 for -1: [e06c9e0e-bfb3-4545-b88d-c8398ac06dce:192.168.69.65:36541, 2946a9e1-974e-44f9-8264-0f81be1b0092:192.168.69.65:44032, 760adb25-f8ec-4441-adc0-bf5ebc4f52f9:192.168.69.65:43648], old=null
2019-10-15 09:59:07,635 [2946a9e1-974e-44f9-8264-0f81be1b0092@group-AB8AAB036AD8-LeaderElection82] INFO  impl.LeaderElection (LeaderElection.java:askForVotes(178)) - 2946a9e1-974e-44f9-8264-0f81be1b0092@group-AB8AAB036AD8-LeaderElection82: begin an election at term 1 for -1: [e06c9e0e-bfb3-4545-b88d-c8398ac06dce:192.168.69.65:36541, 2946a9e1-974e-44f9-8264-0f81be1b0092:192.168.69.65:44032, 760adb25-f8ec-4441-adc0-bf5ebc4f52f9:192.168.69.65:43648], old=null
2019-10-15 09:59:07,653 [2946a9e1-974e-44f9-8264-0f81be1b0092@group-31FA4469F330-LeaderElection83] INFO  impl.LeaderElection (LeaderElection.java:askForVotes(178)) - 2946a9e1-974e-44f9-8264-0f81be1b0092@group-31FA4469F330-LeaderElection83: begin an election at term 1 for -1: [2946a9e1-974e-44f9-8264-0f81be1b0092:192.168.69.65:44032], old=null
2019-10-15 09:59:07,653 [d9d2bad5-c407-4d81-86fc-4ebb43599473@group-3C468908B526-LeaderElection84] INFO  impl.LeaderElection (LeaderElection.java:askForVotes(178)) - d9d2bad5-c407-4d81-86fc-4ebb43599473@group-3C468908B526-LeaderElection84: begin an election at term 1 for -1: [d9d2bad5-c407-4d81-86fc-4ebb43599473:192.168.69.65:34878], old=null
2019-10-15 09:59:07,653 [760adb25-f8ec-4441-adc0-bf5ebc4f52f9@group-AB8AAB036AD8-LeaderElection85] INFO  impl.LeaderElection (LeaderElection.java:askForVotes(178)) - 760adb25-f8ec-4441-adc0-bf5ebc4f52f9@group-AB8AAB036AD8-LeaderElection85: begin an election at term 1 for -1: [e06c9e0e-bfb3-4545-b88d-c8398ac06dce:192.168.69.65:36541, 2946a9e1-974e-44f9-8264-0f81be1b0092:192.168.69.65:44032, 760adb25-f8ec-4441-adc0-bf5ebc4f52f9:192.168.69.65:43648], old=null
2019-10-15 09:59:07,653 [d9d2bad5-c407-4d81-86fc-4ebb43599473@group-3C468908B526-LeaderElection84] INFO  impl.RoleInfo (RoleInfo.java:shutdownLeaderElection(134)) - d9d2bad5-c407-4d81-86fc-4ebb43599473: shutdown LeaderElection
2019-10-15 09:59:07,653 [2946a9e1-974e-44f9-8264-0f81be1b0092@group-31FA4469F330-LeaderElection83] INFO  impl.RoleInfo (RoleInfo.java:shutdownLeaderElection(134)) - 2946a9e1-974e-44f9-8264-0f81be1b0092: shutdown LeaderElection
2019-10-15 09:59:07,654 [d9d2bad5-c407-4d81-86fc-4ebb43599473@group-3C468908B526-LeaderElection84] INFO  impl.RaftServerImpl (RaftServerImpl.java:setRole(170)) - d9d2bad5-c407-4d81-86fc-4ebb43599473@group-3C468908B526: changes role from CANDIDATE to LEADER at term 1 for changeToLeader
2019-10-15 09:59:07,654 [2946a9e1-974e-44f9-8264-0f81be1b0092@group-31FA4469F330-LeaderElection83] INFO  impl.RaftServerImpl (RaftServerImpl.java:setRole(170)) - 2946a9e1-974e-44f9-8264-0f81be1b0092@group-31FA4469F330: changes role from CANDIDATE to LEADER at term 1 for changeToLeader
2019-10-15 09:59:07,654 [d9d2bad5-c407-4d81-86fc-4ebb43599473@group-3C468908B526-LeaderElection84] INFO  impl.RaftServerImpl (ServerState.java:setLeader(255)) - d9d2bad5-c407-4d81-86fc-4ebb43599473@group-3C468908B526: change Leader from null to d9d2bad5-c407-4d81-86fc-4ebb43599473 at term 1 for becomeLeader, leader elected after 5070ms
2019-10-15 09:59:07,654 [2946a9e1-974e-44f9-8264-0f81be1b0092@group-31FA4469F330-LeaderElection83] INFO  impl.RaftServerImpl (ServerState.java:setLeader(255)) - 2946a9e1-974e-44f9-8264-0f81be1b0092@group-31FA4469F330: change Leader from null to 2946a9e1-974e-44f9-8264-0f81be1b0092 at term 1 for becomeLeader, leader elected after 5199ms
2019-10-15 09:59:07,654 [d9d2bad5-c407-4d81-86fc-4ebb43599473@group-3C468908B526-LeaderElection84] INFO  server.RaftServerConfigKeys (ConfUtils.java:logGet(43)) - raft.server.staging.catchup.gap = 1000 (default)
2019-10-15 09:59:07,654 [2946a9e1-974e-44f9-8264-0f81be1b0092@group-31FA4469F330-LeaderElection83] INFO  server.RaftServerConfigKeys (ConfUtils.java:logGet(43)) - raft.server.staging.catchup.gap = 1000 (default)
2019-10-15 09:59:07,654 [2946a9e1-974e-44f9-8264-0f81be1b0092@group-AB8AAB036AD8-LeaderElection82] INFO  impl.LeaderElection (LeaderElection.java:logAndReturn(56)) - 2946a9e1-974e-44f9-8264-0f81be1b0092@group-AB8AAB036AD8-LeaderElection82: Election REJECTED; received 2 response(s) [2946a9e1-974e-44f9-8264-0f81be1b0092<-e06c9e0e-bfb3-4545-b88d-c8398ac06dce#0:FAIL-t1, 2946a9e1-974e-44f9-8264-0f81be1b0092<-760adb25-f8ec-4441-adc0-bf5ebc4f52f9#0:FAIL-t1] and 0 exception(s); 2946a9e1-974e-44f9-8264-0f81be1b0092@group-AB8AAB036AD8:t1, leader=null, voted=2946a9e1-974e-44f9-8264-0f81be1b0092, raftlog=2946a9e1-974e-44f9-8264-0f81be1b0092@group-AB8AAB036AD8-SegmentedRaftLog:OPENED:c-1,f-1,i0, conf=-1: [e06c9e0e-bfb3-4545-b88d-c8398ac06dce:192.168.69.65:36541, 2946a9e1-974e-44f9-8264-0f81be1b0092:192.168.69.65:44032, 760adb25-f8ec-4441-adc0-bf5ebc4f52f9:192.168.69.65:43648], old=null
2019-10-15 09:59:07,654 [2946a9e1-974e-44f9-8264-0f81be1b0092@group-31FA4469F330-LeaderElection83] INFO  server.RaftServerConfigKeys (ConfUtils.java:logGet(43)) - raft.server.rpc.sleep.time = 25ms (default)
2019-10-15 09:59:07,654 [d9d2bad5-c407-4d81-86fc-4ebb43599473@group-3C468908B526-LeaderElection84] INFO  server.RaftServerConfigKeys (ConfUtils.java:logGet(43)) - raft.server.rpc.sleep.time = 25ms (default)
2019-10-15 09:59:07,654 [e06c9e0e-bfb3-4545-b88d-c8398ac06dce@group-AB8AAB036AD8-LeaderElection81] INFO  impl.LeaderElection (LeaderElection.java:logAndReturn(56)) - e06c9e0e-bfb3-4545-b88d-c8398ac06dce@group-AB8AAB036AD8-LeaderElection81: Election REJECTED; received 2 response(s) [e06c9e0e-bfb3-4545-b88d-c8398ac06dce<-2946a9e1-974e-44f9-8264-0f81be1b0092#0:FAIL-t1, e06c9e0e-bfb3-4545-b88d-c8398ac06dce<-760adb25-f8ec-4441-adc0-bf5ebc4f52f9#0:FAIL-t1] and 0 exception(s); e06c9e0e-bfb3-4545-b88d-c8398ac06dce@group-AB8AAB036AD8:t1, leader=null, voted=e06c9e0e-bfb3-4545-b88d-c8398ac06dce, raftlog=e06c9e0e-bfb3-4545-b88d-c8398ac06dce@group-AB8AAB036AD8-SegmentedRaftLog:OPENED:c-1,f-1,i0, conf=-1: [e06c9e0e-bfb3-4545-b88d-c8398ac06dce:192.168.69.65:36541, 2946a9e1-974e-44f9-8264-0f81be1b0092:192.168.69.65:44032, 760adb25-f8ec-4441-adc0-bf5ebc4f52f9:192.168.69.65:43648], old=null
2019-10-15 09:59:07,657 [2946a9e1-974e-44f9-8264-0f81be1b0092@group-31FA4469F330-LeaderElection83] INFO  server.RaftServerConfigKeys (ConfUtils.java:logGet(43)) - raft.server.write.element-limit = 4096 (default)
2019-10-15 09:59:07,657 [d9d2bad5-c407-4d81-86fc-4ebb43599473@group-3C468908B526-LeaderElection84] INFO  server.RaftServerConfigKeys (ConfUtils.java:logGet(43)) - raft.server.write.element-limit = 4096 (default)
2019-10-15 09:59:07,657 [Thread-2352] INFO  impl.FollowerState (FollowerState.java:run(108)) - 66a6a220-1788-428d-bea0-9b732daeb752@group-6FC301BCB9DF-FollowerState: change to CANDIDATE, lastRpcTime:5091ms, electionTimeout:5091ms
2019-10-15 09:59:07,655 [2946a9e1-974e-44f9-8264-0f81be1b0092@group-AB8AAB036AD8-LeaderElection82] INFO  impl.RaftServerImpl (RaftServerImpl.java:setRole(170)) - 2946a9e1-974e-44f9-8264-0f81be1b0092@group-AB8AAB036AD8: changes role from CANDIDATE to FOLLOWER at term 1 for DISCOVERED_A_NEW_TERM
2019-10-15 09:59:07,659 [Thread-2352] INFO  impl.RoleInfo (RoleInfo.java:shutdownFollowerState(121)) - 66a6a220-1788-428d-bea0-9b732daeb752: shutdown FollowerState
2019-10-15 09:59:07,660 [Thread-2352] INFO  impl.RaftServerImpl (RaftServerImpl.java:setRole(170)) - 66a6a220-1788-428d-bea0-9b732daeb752@group-6FC301BCB9DF: changes role from  FOLLOWER to CANDIDATE at term 0 for changeToCandidate
2019-10-15 09:59:07,659 [d9d2bad5-c407-4d81-86fc-4ebb43599473@group-3C468908B526-LeaderElection84] INFO  server.RaftServerConfigKeys (ConfUtils.java:logGet(43)) - raft.server.watch.timeout = 10s (default)
2019-10-15 09:59:07,657 [2946a9e1-974e-44f9-8264-0f81be1b0092@group-31FA4469F330-LeaderElection83] INFO  server.RaftServerConfigKeys (ConfUtils.java:logGet(43)) - raft.server.watch.timeout = 10s (default)
2019-10-15 09:59:07,660 [Thread-2352] INFO  impl.RoleInfo (RoleInfo.java:updateAndGet(143)) - 66a6a220-1788-428d-bea0-9b732daeb752: start LeaderElection
2019-10-15 09:59:07,657 [e06c9e0e-bfb3-4545-b88d-c8398ac06dce@group-AB8AAB036AD8-LeaderElection81] INFO  impl.RaftServerImpl (RaftServerImpl.java:setRole(170)) - e06c9e0e-bfb3-4545-b88d-c8398ac06dce@group-AB8AAB036AD8: changes role from CANDIDATE to FOLLOWER at term 1 for DISCOVERED_A_NEW_TERM
2019-10-15 09:59:07,660 [2946a9e1-974e-44f9-8264-0f81be1b0092@group-31FA4469F330-LeaderElection83] INFO  server.RaftServerConfigKeys (ConfUtils.java:logGet(43)) - raft.server.watch.timeout.denomination = 1s (default)
2019-10-15 09:59:07,660 [d9d2bad5-c407-4d81-86fc-4ebb43599473@group-3C468908B526-LeaderElection84] INFO  server.RaftServerConfigKeys (ConfUtils.java:logGet(43)) - raft.server.watch.timeout.denomination = 1s (default)
2019-10-15 09:59:07,659 [2946a9e1-974e-44f9-8264-0f81be1b0092@group-AB8AAB036AD8-LeaderElection82] INFO  impl.RoleInfo (RoleInfo.java:shutdownLeaderElection(134)) - 2946a9e1-974e-44f9-8264-0f81be1b0092: shutdown LeaderElection
2019-10-15 09:59:07,666 [d9d2bad5-c407-4d81-86fc-4ebb43599473@group-3C468908B526-LeaderElection84] INFO  server.RaftServerConfigKeys (ConfUtils.java:logGet(43)) - raft.server.watch.element-limit = 65536 (default)
2019-10-15 09:59:07,662 [2946a9e1-974e-44f9-8264-0f81be1b0092@group-31FA4469F330-LeaderElection83] INFO  server.RaftServerConfigKeys (ConfUtils.java:logGet(43)) - raft.server.watch.element-limit = 65536 (default)
2019-10-15 09:59:07,660 [e06c9e0e-bfb3-4545-b88d-c8398ac06dce@group-AB8AAB036AD8-LeaderElection81] INFO  impl.RoleInfo (RoleInfo.java:shutdownLeaderElection(134)) - e06c9e0e-bfb3-4545-b88d-c8398ac06dce: shutdown LeaderElection
2019-10-15 09:59:07,666 [2946a9e1-974e-44f9-8264-0f81be1b0092@group-AB8AAB036AD8-LeaderElection82] INFO  impl.RoleInfo (RoleInfo.java:updateAndGet(143)) - 2946a9e1-974e-44f9-8264-0f81be1b0092: start FollowerState
2019-10-15 09:59:07,667 [e06c9e0e-bfb3-4545-b88d-c8398ac06dce@group-AB8AAB036AD8-LeaderElection81] INFO  impl.RoleInfo (RoleInfo.java:updateAndGet(143)) - e06c9e0e-bfb3-4545-b88d-c8398ac06dce: start FollowerState
2019-10-15 09:59:07,669 [760adb25-f8ec-4441-adc0-bf5ebc4f52f9@group-AB8AAB036AD8-LeaderElection85] INFO  impl.LeaderElection (LeaderElection.java:logAndReturn(56)) - 760adb25-f8ec-4441-adc0-bf5ebc4f52f9@group-AB8AAB036AD8-LeaderElection85: Election REJECTED; received 2 response(s) [760adb25-f8ec-4441-adc0-bf5ebc4f52f9<-e06c9e0e-bfb3-4545-b88d-c8398ac06dce#0:FAIL-t1, 760adb25-f8ec-4441-adc0-bf5ebc4f52f9<-2946a9e1-974e-44f9-8264-0f81be1b0092#0:FAIL-t1] and 0 exception(s); 760adb25-f8ec-4441-adc0-bf5ebc4f52f9@group-AB8AAB036AD8:t1, leader=null, voted=760adb25-f8ec-4441-adc0-bf5ebc4f52f9, raftlog=760adb25-f8ec-4441-adc0-bf5ebc4f52f9@group-AB8AAB036AD8-SegmentedRaftLog:OPENED:c-1,f-1,i0, conf=-1: [e06c9e0e-bfb3-4545-b88d-c8398ac06dce:192.168.69.65:36541, 2946a9e1-974e-44f9-8264-0f81be1b0092:192.168.69.65:44032, 760adb25-f8ec-4441-adc0-bf5ebc4f52f9:192.168.69.65:43648], old=null
2019-10-15 09:59:07,669 [760adb25-f8ec-4441-adc0-bf5ebc4f52f9@group-AB8AAB036AD8-LeaderElection85] INFO  impl.RaftServerImpl (RaftServerImpl.java:setRole(170)) - 760adb25-f8ec-4441-adc0-bf5ebc4f52f9@group-AB8AAB036AD8: changes role from CANDIDATE to FOLLOWER at term 1 for DISCOVERED_A_NEW_TERM
2019-10-15 09:59:07,669 [760adb25-f8ec-4441-adc0-bf5ebc4f52f9@group-AB8AAB036AD8-LeaderElection85] INFO  impl.RoleInfo (RoleInfo.java:shutdownLeaderElection(134)) - 760adb25-f8ec-4441-adc0-bf5ebc4f52f9: shutdown LeaderElection
2019-10-15 09:59:07,669 [760adb25-f8ec-4441-adc0-bf5ebc4f52f9@group-AB8AAB036AD8-LeaderElection85] INFO  impl.RoleInfo (RoleInfo.java:updateAndGet(143)) - 760adb25-f8ec-4441-adc0-bf5ebc4f52f9: start FollowerState
2019-10-15 09:59:07,670 [2946a9e1-974e-44f9-8264-0f81be1b0092@group-31FA4469F330-LeaderElection83] INFO  impl.RoleInfo (RoleInfo.java:updateAndGet(143)) - 2946a9e1-974e-44f9-8264-0f81be1b0092: start LeaderState
2019-10-15 09:59:07,670 [d9d2bad5-c407-4d81-86fc-4ebb43599473@group-3C468908B526-LeaderElection84] INFO  impl.RoleInfo (RoleInfo.java:updateAndGet(143)) - d9d2bad5-c407-4d81-86fc-4ebb43599473: start LeaderState
2019-10-15 09:59:07,672 [2946a9e1-974e-44f9-8264-0f81be1b0092@group-31FA4469F330-LeaderElection83] INFO  segmented.SegmentedRaftLogWorker (SegmentedRaftLogWorker.java:startLogSegment(385)) - 2946a9e1-974e-44f9-8264-0f81be1b0092@group-31FA4469F330-SegmentedRaftLogWorker: Starting segment from index:0
2019-10-15 09:59:07,672 [d9d2bad5-c407-4d81-86fc-4ebb43599473@group-3C468908B526-LeaderElection84] INFO  segmented.SegmentedRaftLogWorker (SegmentedRaftLogWorker.java:startLogSegment(385)) - d9d2bad5-c407-4d81-86fc-4ebb43599473@group-3C468908B526-SegmentedRaftLogWorker: Starting segment from index:0
2019-10-15 09:59:07,673 [2946a9e1-974e-44f9-8264-0f81be1b0092@group-31FA4469F330-LeaderElection83] INFO  impl.RaftServerImpl (ServerState.java:setRaftConf(356)) - 2946a9e1-974e-44f9-8264-0f81be1b0092@group-31FA4469F330: set configuration 0: [2946a9e1-974e-44f9-8264-0f81be1b0092:192.168.69.65:44032], old=null at 0
2019-10-15 09:59:07,673 [d9d2bad5-c407-4d81-86fc-4ebb43599473@group-3C468908B526-LeaderElection84] INFO  impl.RaftServerImpl (ServerState.java:setRaftConf(356)) - d9d2bad5-c407-4d81-86fc-4ebb43599473@group-3C468908B526: set configuration 0: [d9d2bad5-c407-4d81-86fc-4ebb43599473:192.168.69.65:34878], old=null at 0
2019-10-15 09:59:07,678 [66a6a220-1788-428d-bea0-9b732daeb752@group-6FC301BCB9DF-LeaderElection86] INFO  impl.LeaderElection (LeaderElection.java:askForVotes(178)) - 66a6a220-1788-428d-bea0-9b732daeb752@group-6FC301BCB9DF-LeaderElection86: begin an election at term 1 for -1: [66a6a220-1788-428d-bea0-9b732daeb752:192.168.69.65:37722], old=null
2019-10-15 09:59:07,678 [66a6a220-1788-428d-bea0-9b732daeb752@group-6FC301BCB9DF-LeaderElection86] INFO  impl.RoleInfo (RoleInfo.java:shutdownLeaderElection(134)) - 66a6a220-1788-428d-bea0-9b732daeb752: shutdown LeaderElection
2019-10-15 09:59:07,678 [66a6a220-1788-428d-bea0-9b732daeb752@group-6FC301BCB9DF-LeaderElection86] INFO  impl.RaftServerImpl (RaftServerImpl.java:setRole(170)) - 66a6a220-1788-428d-bea0-9b732daeb752@group-6FC301BCB9DF: changes role from CANDIDATE to LEADER at term 1 for changeToLeader
2019-10-15 09:59:07,678 [66a6a220-1788-428d-bea0-9b732daeb752@group-6FC301BCB9DF-LeaderElection86] INFO  impl.RaftServerImpl (ServerState.java:setLeader(255)) - 66a6a220-1788-428d-bea0-9b732daeb752@group-6FC301BCB9DF: change Leader from null to 66a6a220-1788-428d-bea0-9b732daeb752 at term 1 for becomeLeader, leader elected after 5117ms
2019-10-15 09:59:07,678 [66a6a220-1788-428d-bea0-9b732daeb752@group-6FC301BCB9DF-LeaderElection86] INFO  server.RaftServerConfigKeys (ConfUtils.java:logGet(43)) - raft.server.staging.catchup.gap = 1000 (default)
2019-10-15 09:59:07,678 [66a6a220-1788-428d-bea0-9b732daeb752@group-6FC301BCB9DF-LeaderElection86] INFO  server.RaftServerConfigKeys (ConfUtils.java:logGet(43)) - raft.server.rpc.sleep.time = 25ms (default)
2019-10-15 09:59:07,679 [66a6a220-1788-428d-bea0-9b732daeb752@group-6FC301BCB9DF-LeaderElection86] INFO  server.RaftServerConfigKeys (ConfUtils.java:logGet(43)) - raft.server.write.element-limit = 4096 (default)
2019-10-15 09:59:07,679 [66a6a220-1788-428d-bea0-9b732daeb752@group-6FC301BCB9DF-LeaderElection86] INFO  server.RaftServerConfigKeys (ConfUtils.java:logGet(43)) - raft.server.watch.timeout = 10s (default)
2019-10-15 09:59:07,679 [66a6a220-1788-428d-bea0-9b732daeb752@group-6FC301BCB9DF-LeaderElection86] INFO  server.RaftServerConfigKeys (ConfUtils.java:logGet(43)) - raft.server.watch.timeout.denomination = 1s (default)
2019-10-15 09:59:07,679 [66a6a220-1788-428d-bea0-9b732daeb752@group-6FC301BCB9DF-LeaderElection86] INFO  server.RaftServerConfigKeys (ConfUtils.java:logGet(43)) - raft.server.watch.element-limit = 65536 (default)
2019-10-15 09:59:07,680 [66a6a220-1788-428d-bea0-9b732daeb752@group-6FC301BCB9DF-LeaderElection86] INFO  impl.RoleInfo (RoleInfo.java:updateAndGet(143)) - 66a6a220-1788-428d-bea0-9b732daeb752: start LeaderState
2019-10-15 09:59:07,681 [66a6a220-1788-428d-bea0-9b732daeb752@group-6FC301BCB9DF-LeaderElection86] INFO  segmented.SegmentedRaftLogWorker (SegmentedRaftLogWorker.java:startLogSegment(385)) - 66a6a220-1788-428d-bea0-9b732daeb752@group-6FC301BCB9DF-SegmentedRaftLogWorker: Starting segment from index:0
2019-10-15 09:59:07,681 [66a6a220-1788-428d-bea0-9b732daeb752@group-6FC301BCB9DF-LeaderElection86] INFO  impl.RaftServerImpl (ServerState.java:setRaftConf(356)) - 66a6a220-1788-428d-bea0-9b732daeb752@group-6FC301BCB9DF: set configuration 0: [66a6a220-1788-428d-bea0-9b732daeb752:192.168.69.65:37722], old=null at 0
2019-10-15 09:59:07,687 [Thread-2358] INFO  impl.FollowerState (FollowerState.java:run(108)) - b08fb485-4ef8-4b50-abd0-9aa8cc3a3563@group-7420E024B775-FollowerState: change to CANDIDATE, lastRpcTime:5068ms, electionTimeout:5068ms
2019-10-15 09:59:07,687 [Thread-2358] INFO  impl.RoleInfo (RoleInfo.java:shutdownFollowerState(121)) - b08fb485-4ef8-4b50-abd0-9aa8cc3a3563: shutdown FollowerState
2019-10-15 09:59:07,687 [Thread-2358] INFO  impl.RaftServerImpl (RaftServerImpl.java:setRole(170)) - b08fb485-4ef8-4b50-abd0-9aa8cc3a3563@group-7420E024B775: changes role from  FOLLOWER to CANDIDATE at term 0 for changeToCandidate
2019-10-15 09:59:07,687 [Thread-2358] INFO  impl.RoleInfo (RoleInfo.java:updateAndGet(143)) - b08fb485-4ef8-4b50-abd0-9aa8cc3a3563: start LeaderElection
2019-10-15 09:59:07,721 [d9d2bad5-c407-4d81-86fc-4ebb43599473@group-3C468908B526-SegmentedRaftLogWorker] INFO  segmented.SegmentedRaftLogWorker (SegmentedRaftLogWorker.java:execute(574)) - d9d2bad5-c407-4d81-86fc-4ebb43599473@group-3C468908B526-SegmentedRaftLogWorker: created new log segment /workdir/hadoop-ozone/integration-test/target/test-dir/MiniOzoneClusterImpl-6cd558f7-8af7-4672-8aed-8d3b5cfcb651/datanode-4/data/ratis/685f5807-4ee2-4176-a93f-3c468908b526/current/log_inprogress_0
2019-10-15 09:59:07,721 [2946a9e1-974e-44f9-8264-0f81be1b0092@group-31FA4469F330-SegmentedRaftLogWorker] INFO  segmented.SegmentedRaftLogWorker (SegmentedRaftLogWorker.java:execute(574)) - 2946a9e1-974e-44f9-8264-0f81be1b0092@group-31FA4469F330-SegmentedRaftLogWorker: created new log segment /workdir/hadoop-ozone/integration-test/target/test-dir/MiniOzoneClusterImpl-6cd558f7-8af7-4672-8aed-8d3b5cfcb651/datanode-2/data/ratis/87ecfbb7-3981-4a11-8b36-31fa4469f330/current/log_inprogress_0
2019-10-15 09:59:07,721 [b08fb485-4ef8-4b50-abd0-9aa8cc3a3563@group-7420E024B775-LeaderElection87] INFO  impl.LeaderElection (LeaderElection.java:askForVotes(178)) - b08fb485-4ef8-4b50-abd0-9aa8cc3a3563@group-7420E024B775-LeaderElection87: begin an election at term 1 for -1: [b08fb485-4ef8-4b50-abd0-9aa8cc3a3563:192.168.69.65:38714], old=null
2019-10-15 09:59:07,721 [66a6a220-1788-428d-bea0-9b732daeb752@group-6FC301BCB9DF-SegmentedRaftLogWorker] INFO  segmented.SegmentedRaftLogWorker (SegmentedRaftLogWorker.java:execute(574)) - 66a6a220-1788-428d-bea0-9b732daeb752@group-6FC301BCB9DF-SegmentedRaftLogWorker: created new log segment /workdir/hadoop-ozone/integration-test/target/test-dir/MiniOzoneClusterImpl-6cd558f7-8af7-4672-8aed-8d3b5cfcb651/datanode-3/data/ratis/ebe67519-da9c-4c96-a0a8-6fc301bcb9df/current/log_inprogress_0
2019-10-15 09:59:07,721 [b08fb485-4ef8-4b50-abd0-9aa8cc3a3563@group-7420E024B775-LeaderElection87] INFO  impl.RoleInfo (RoleInfo.java:shutdownLeaderElection(134)) - b08fb485-4ef8-4b50-abd0-9aa8cc3a3563: shutdown LeaderElection
2019-10-15 09:59:07,721 [b08fb485-4ef8-4b50-abd0-9aa8cc3a3563@group-7420E024B775-LeaderElection87] INFO  impl.RaftServerImpl (RaftServerImpl.java:setRole(170)) - b08fb485-4ef8-4b50-abd0-9aa8cc3a3563@group-7420E024B775: changes role from CANDIDATE to LEADER at term 1 for changeToLeader
2019-10-15 09:59:07,722 [b08fb485-4ef8-4b50-abd0-9aa8cc3a3563@group-7420E024B775-LeaderElection87] INFO  impl.RaftServerImpl (ServerState.java:setLeader(255)) - b08fb485-4ef8-4b50-abd0-9aa8cc3a3563@group-7420E024B775: change Leader from null to b08fb485-4ef8-4b50-abd0-9aa8cc3a3563 at term 1 for becomeLeader, leader elected after 5107ms
2019-10-15 09:59:07,722 [b08fb485-4ef8-4b50-abd0-9aa8cc3a3563@group-7420E024B775-LeaderElection87] INFO  server.RaftServerConfigKeys (ConfUtils.java:logGet(43)) - raft.server.staging.catchup.gap = 1000 (default)
2019-10-15 09:59:07,722 [b08fb485-4ef8-4b50-abd0-9aa8cc3a3563@group-7420E024B775-LeaderElection87] INFO  server.RaftServerConfigKeys (ConfUtils.java:logGet(43)) - raft.server.rpc.sleep.time = 25ms (default)
2019-10-15 09:59:07,722 [b08fb485-4ef8-4b50-abd0-9aa8cc3a3563@group-7420E024B775-LeaderElection87] INFO  server.RaftServerConfigKeys (ConfUtils.java:logGet(43)) - raft.server.write.element-limit = 4096 (default)
2019-10-15 09:59:07,722 [b08fb485-4ef8-4b50-abd0-9aa8cc3a3563@group-7420E024B775-LeaderElection87] INFO  server.RaftServerConfigKeys (ConfUtils.java:logGet(43)) - raft.server.watch.timeout = 10s (default)
2019-10-15 09:59:07,722 [b08fb485-4ef8-4b50-abd0-9aa8cc3a3563@group-7420E024B775-LeaderElection87] INFO  server.RaftServerConfigKeys (ConfUtils.java:logGet(43)) - raft.server.watch.timeout.denomination = 1s (default)
2019-10-15 09:59:07,722 [b08fb485-4ef8-4b50-abd0-9aa8cc3a3563@group-7420E024B775-LeaderElection87] INFO  server.RaftServerConfigKeys (ConfUtils.java:logGet(43)) - raft.server.watch.element-limit = 65536 (default)
2019-10-15 09:59:07,724 [b08fb485-4ef8-4b50-abd0-9aa8cc3a3563@group-7420E024B775-LeaderElection87] INFO  impl.RoleInfo (RoleInfo.java:updateAndGet(143)) - b08fb485-4ef8-4b50-abd0-9aa8cc3a3563: start LeaderState
2019-10-15 09:59:07,725 [b08fb485-4ef8-4b50-abd0-9aa8cc3a3563@group-7420E024B775-LeaderElection87] INFO  segmented.SegmentedRaftLogWorker (SegmentedRaftLogWorker.java:startLogSegment(385)) - b08fb485-4ef8-4b50-abd0-9aa8cc3a3563@group-7420E024B775-SegmentedRaftLogWorker: Starting segment from index:0
2019-10-15 09:59:07,725 [b08fb485-4ef8-4b50-abd0-9aa8cc3a3563@group-7420E024B775-LeaderElection87] INFO  impl.RaftServerImpl (ServerState.java:setRaftConf(356)) - b08fb485-4ef8-4b50-abd0-9aa8cc3a3563@group-7420E024B775: set configuration 0: [b08fb485-4ef8-4b50-abd0-9aa8cc3a3563:192.168.69.65:38714], old=null at 0
2019-10-15 09:59:07,764 [b08fb485-4ef8-4b50-abd0-9aa8cc3a3563@group-7420E024B775-SegmentedRaftLogWorker] INFO  segmented.SegmentedRaftLogWorker (SegmentedRaftLogWorker.java:execute(574)) - b08fb485-4ef8-4b50-abd0-9aa8cc3a3563@group-7420E024B775-SegmentedRaftLogWorker: created new log segment /workdir/hadoop-ozone/integration-test/target/test-dir/MiniOzoneClusterImpl-6cd558f7-8af7-4672-8aed-8d3b5cfcb651/datanode-5/data/ratis/cec82418-ea51-48c8-a7ad-7420e024b775/current/log_inprogress_0
2019-10-15 09:59:07,792 [Thread-2364] INFO  impl.FollowerState (FollowerState.java:run(108)) - 66a6a220-1788-428d-bea0-9b732daeb752@group-F7F51A907B7A-FollowerState: change to CANDIDATE, lastRpcTime:5096ms, electionTimeout:5095ms
2019-10-15 09:59:07,792 [Thread-2364] INFO  impl.RoleInfo (RoleInfo.java:shutdownFollowerState(121)) - 66a6a220-1788-428d-bea0-9b732daeb752: shutdown FollowerState
2019-10-15 09:59:07,792 [Thread-2364] INFO  impl.RaftServerImpl (RaftServerImpl.java:setRole(170)) - 66a6a220-1788-428d-bea0-9b732daeb752@group-F7F51A907B7A: changes role from  FOLLOWER to CANDIDATE at term 0 for changeToCandidate
2019-10-15 09:59:07,792 [Thread-2364] INFO  impl.RoleInfo (RoleInfo.java:updateAndGet(143)) - 66a6a220-1788-428d-bea0-9b732daeb752: start LeaderElection
2019-10-15 09:59:07,809 [66a6a220-1788-428d-bea0-9b732daeb752@group-F7F51A907B7A-LeaderElection88] INFO  impl.LeaderElection (LeaderElection.java:askForVotes(178)) - 66a6a220-1788-428d-bea0-9b732daeb752@group-F7F51A907B7A-LeaderElection88: begin an election at term 1 for -1: [d9d2bad5-c407-4d81-86fc-4ebb43599473:192.168.69.65:34878, 66a6a220-1788-428d-bea0-9b732daeb752:192.168.69.65:37722, b08fb485-4ef8-4b50-abd0-9aa8cc3a3563:192.168.69.65:38714], old=null
2019-10-15 09:59:07,816 [grpc-default-executor-6] INFO  impl.RaftServerImpl (RaftServerImpl.java:setRole(170)) - b08fb485-4ef8-4b50-abd0-9aa8cc3a3563@group-F7F51A907B7A: changes role from  FOLLOWER to FOLLOWER at term 1 for recognizeCandidate:66a6a220-1788-428d-bea0-9b732daeb752
2019-10-15 09:59:07,818 [grpc-default-executor-6] INFO  impl.RoleInfo (RoleInfo.java:shutdownFollowerState(121)) - b08fb485-4ef8-4b50-abd0-9aa8cc3a3563: shutdown FollowerState
2019-10-15 09:59:07,817 [grpc-default-executor-4] INFO  impl.RaftServerImpl (RaftServerImpl.java:setRole(170)) - d9d2bad5-c407-4d81-86fc-4ebb43599473@group-F7F51A907B7A: changes role from  FOLLOWER to FOLLOWER at term 1 for recognizeCandidate:66a6a220-1788-428d-bea0-9b732daeb752
2019-10-15 09:59:07,818 [grpc-default-executor-6] INFO  impl.RoleInfo (RoleInfo.java:updateAndGet(143)) - b08fb485-4ef8-4b50-abd0-9aa8cc3a3563: start FollowerState
2019-10-15 09:59:07,818 [Thread-2368] INFO  impl.FollowerState (FollowerState.java:run(117)) - b08fb485-4ef8-4b50-abd0-9aa8cc3a3563@group-F7F51A907B7A-FollowerState was interrupted: java.lang.InterruptedException: sleep interrupted
2019-10-15 09:59:07,818 [grpc-default-executor-4] INFO  impl.RoleInfo (RoleInfo.java:shutdownFollowerState(121)) - d9d2bad5-c407-4d81-86fc-4ebb43599473: shutdown FollowerState
2019-10-15 09:59:07,820 [grpc-default-executor-4] INFO  impl.RoleInfo (RoleInfo.java:updateAndGet(143)) - d9d2bad5-c407-4d81-86fc-4ebb43599473: start FollowerState
2019-10-15 09:59:07,820 [Thread-2366] INFO  impl.FollowerState (FollowerState.java:run(117)) - d9d2bad5-c407-4d81-86fc-4ebb43599473@group-F7F51A907B7A-FollowerState was interrupted: java.lang.InterruptedException: sleep interrupted
2019-10-15 09:59:07,837 [66a6a220-1788-428d-bea0-9b732daeb752@group-F7F51A907B7A-LeaderElection88] INFO  impl.LeaderElection (LeaderElection.java:logAndReturn(56)) - 66a6a220-1788-428d-bea0-9b732daeb752@group-F7F51A907B7A-LeaderElection88: Election PASSED; received 1 response(s) [66a6a220-1788-428d-bea0-9b732daeb752<-d9d2bad5-c407-4d81-86fc-4ebb43599473#0:OK-t1] and 0 exception(s); 66a6a220-1788-428d-bea0-9b732daeb752@group-F7F51A907B7A:t1, leader=null, voted=66a6a220-1788-428d-bea0-9b732daeb752, raftlog=66a6a220-1788-428d-bea0-9b732daeb752@group-F7F51A907B7A-SegmentedRaftLog:OPENED:c-1,f-1,i0, conf=-1: [d9d2bad5-c407-4d81-86fc-4ebb43599473:192.168.69.65:34878, 66a6a220-1788-428d-bea0-9b732daeb752:192.168.69.65:37722, b08fb485-4ef8-4b50-abd0-9aa8cc3a3563:192.168.69.65:38714], old=null
2019-10-15 09:59:07,837 [66a6a220-1788-428d-bea0-9b732daeb752@group-F7F51A907B7A-LeaderElection88] INFO  impl.RoleInfo (RoleInfo.java:shutdownLeaderElection(134)) - 66a6a220-1788-428d-bea0-9b732daeb752: shutdown LeaderElection
2019-10-15 09:59:07,837 [66a6a220-1788-428d-bea0-9b732daeb752@group-F7F51A907B7A-LeaderElection88] INFO  impl.RaftServerImpl (RaftServerImpl.java:setRole(170)) - 66a6a220-1788-428d-bea0-9b732daeb752@group-F7F51A907B7A: changes role from CANDIDATE to LEADER at term 1 for changeToLeader
2019-10-15 09:59:07,837 [66a6a220-1788-428d-bea0-9b732daeb752@group-F7F51A907B7A-LeaderElection88] INFO  impl.RaftServerImpl (ServerState.java:setLeader(255)) - 66a6a220-1788-428d-bea0-9b732daeb752@group-F7F51A907B7A: change Leader from null to 66a6a220-1788-428d-bea0-9b732daeb752 at term 1 for becomeLeader, leader elected after 5158ms
2019-10-15 09:59:07,837 [66a6a220-1788-428d-bea0-9b732daeb752@group-F7F51A907B7A-LeaderElection88] INFO  server.RaftServerConfigKeys (ConfUtils.java:logGet(43)) - raft.server.staging.catchup.gap = 1000 (default)
2019-10-15 09:59:07,837 [66a6a220-1788-428d-bea0-9b732daeb752@group-F7F51A907B7A-LeaderElection88] INFO  server.RaftServerConfigKeys (ConfUtils.java:logGet(43)) - raft.server.rpc.sleep.time = 25ms (default)
2019-10-15 09:59:07,837 [66a6a220-1788-428d-bea0-9b732daeb752@group-F7F51A907B7A-LeaderElection88] INFO  server.RaftServerConfigKeys (ConfUtils.java:logGet(43)) - raft.server.write.element-limit = 4096 (default)
2019-10-15 09:59:07,838 [66a6a220-1788-428d-bea0-9b732daeb752@group-F7F51A907B7A-LeaderElection88] INFO  server.RaftServerConfigKeys (ConfUtils.java:logGet(43)) - raft.server.watch.timeout = 10s (default)
2019-10-15 09:59:07,838 [66a6a220-1788-428d-bea0-9b732daeb752@group-F7F51A907B7A-LeaderElection88] INFO  server.RaftServerConfigKeys (ConfUtils.java:logGet(43)) - raft.server.watch.timeout.denomination = 1s (default)
2019-10-15 09:59:07,838 [66a6a220-1788-428d-bea0-9b732daeb752@group-F7F51A907B7A-LeaderElection88] INFO  server.RaftServerConfigKeys (ConfUtils.java:logGet(43)) - raft.server.watch.element-limit = 65536 (default)
2019-10-15 09:59:07,839 [66a6a220-1788-428d-bea0-9b732daeb752@group-F7F51A907B7A-LeaderElection88] INFO  server.RaftServerConfigKeys (ConfUtils.java:logGet(43)) - raft.server.log.appender.snapshot.chunk.size.max = 16MB (=16777216) (default)
2019-10-15 09:59:07,840 [66a6a220-1788-428d-bea0-9b732daeb752@group-F7F51A907B7A-LeaderElection88] INFO  server.RaftServerConfigKeys (ConfUtils.java:logGet(43)) - raft.server.log.appender.buffer.byte-limit = 33554432 (custom)
2019-10-15 09:59:07,840 [66a6a220-1788-428d-bea0-9b732daeb752@group-F7F51A907B7A-LeaderElection88] INFO  server.RaftServerConfigKeys (ConfUtils.java:logGet(43)) - raft.server.log.appender.buffer.element-limit = 1 (custom)
2019-10-15 09:59:07,840 [66a6a220-1788-428d-bea0-9b732daeb752@group-F7F51A907B7A-LeaderElection88] INFO  grpc.GrpcConfigKeys$Server (ConfUtils.java:logGet(43)) - raft.grpc.server.leader.outstanding.appends.max = 128 (default)
2019-10-15 09:59:07,840 [66a6a220-1788-428d-bea0-9b732daeb752@group-F7F51A907B7A-LeaderElection88] INFO  server.RaftServerConfigKeys (ConfUtils.java:logGet(43)) - raft.server.rpc.request.timeout = 3000ms (default)
2019-10-15 09:59:07,840 [66a6a220-1788-428d-bea0-9b732daeb752@group-F7F51A907B7A-LeaderElection88] INFO  server.RaftServerConfigKeys (ConfUtils.java:logGet(43)) - raft.server.log.appender.install.snapshot.enabled = false (custom)
2019-10-15 09:59:07,840 [66a6a220-1788-428d-bea0-9b732daeb752@group-F7F51A907B7A-LeaderElection88] INFO  server.RaftServerConfigKeys (ConfUtils.java:logGet(43)) - raft.server.log.appender.snapshot.chunk.size.max = 16MB (=16777216) (default)
2019-10-15 09:59:07,841 [66a6a220-1788-428d-bea0-9b732daeb752@group-F7F51A907B7A-LeaderElection88] INFO  server.RaftServerConfigKeys (ConfUtils.java:logGet(43)) - raft.server.log.appender.buffer.byte-limit = 33554432 (custom)
2019-10-15 09:59:07,841 [66a6a220-1788-428d-bea0-9b732daeb752@group-F7F51A907B7A-LeaderElection88] INFO  server.RaftServerConfigKeys (ConfUtils.java:logGet(43)) - raft.server.log.appender.buffer.element-limit = 1 (custom)
2019-10-15 09:59:07,841 [66a6a220-1788-428d-bea0-9b732daeb752@group-F7F51A907B7A-LeaderElection88] INFO  grpc.GrpcConfigKeys$Server (ConfUtils.java:logGet(43)) - raft.grpc.server.leader.outstanding.appends.max = 128 (default)
2019-10-15 09:59:07,841 [66a6a220-1788-428d-bea0-9b732daeb752@group-F7F51A907B7A-LeaderElection88] INFO  server.RaftServerConfigKeys (ConfUtils.java:logGet(43)) - raft.server.rpc.request.timeout = 3000ms (default)
2019-10-15 09:59:07,841 [66a6a220-1788-428d-bea0-9b732daeb752@group-F7F51A907B7A-LeaderElection88] INFO  server.RaftServerConfigKeys (ConfUtils.java:logGet(43)) - raft.server.log.appender.install.snapshot.enabled = false (custom)
2019-10-15 09:59:07,841 [66a6a220-1788-428d-bea0-9b732daeb752@group-F7F51A907B7A-LeaderElection88] INFO  impl.RoleInfo (RoleInfo.java:updateAndGet(143)) - 66a6a220-1788-428d-bea0-9b732daeb752: start LeaderState
2019-10-15 09:59:07,842 [66a6a220-1788-428d-bea0-9b732daeb752@group-F7F51A907B7A-LeaderElection88] INFO  segmented.SegmentedRaftLogWorker (SegmentedRaftLogWorker.java:startLogSegment(385)) - 66a6a220-1788-428d-bea0-9b732daeb752@group-F7F51A907B7A-SegmentedRaftLogWorker: Starting segment from index:0
2019-10-15 09:59:07,842 [66a6a220-1788-428d-bea0-9b732daeb752@group-F7F51A907B7A-LeaderElection88] INFO  impl.RaftServerImpl (ServerState.java:setRaftConf(356)) - 66a6a220-1788-428d-bea0-9b732daeb752@group-F7F51A907B7A: set configuration 0: [d9d2bad5-c407-4d81-86fc-4ebb43599473:192.168.69.65:34878, 66a6a220-1788-428d-bea0-9b732daeb752:192.168.69.65:37722, b08fb485-4ef8-4b50-abd0-9aa8cc3a3563:192.168.69.65:38714], old=null at 0
2019-10-15 09:59:07,844 [grpc-default-executor-4] INFO  impl.RaftServerImpl (ServerState.java:setLeader(255)) - d9d2bad5-c407-4d81-86fc-4ebb43599473@group-F7F51A907B7A: change Leader from null to 66a6a220-1788-428d-bea0-9b732daeb752 at term 1 for appendEntries, leader elected after 5160ms
2019-10-15 09:59:07,844 [grpc-default-executor-6] INFO  impl.RaftServerImpl (ServerState.java:setLeader(255)) - b08fb485-4ef8-4b50-abd0-9aa8cc3a3563@group-F7F51A907B7A: change Leader from null to 66a6a220-1788-428d-bea0-9b732daeb752 at term 1 for appendEntries, leader elected after 5160ms
2019-10-15 09:59:07,884 [grpc-default-executor-4] INFO  impl.RaftServerImpl (ServerState.java:setRaftConf(356)) - d9d2bad5-c407-4d81-86fc-4ebb43599473@group-F7F51A907B7A: set configuration 0: [d9d2bad5-c407-4d81-86fc-4ebb43599473:192.168.69.65:34878, 66a6a220-1788-428d-bea0-9b732daeb752:192.168.69.65:37722, b08fb485-4ef8-4b50-abd0-9aa8cc3a3563:192.168.69.65:38714], old=null at 0
2019-10-15 09:59:07,884 [grpc-default-executor-6] INFO  impl.RaftServerImpl (ServerState.java:setRaftConf(356)) - b08fb485-4ef8-4b50-abd0-9aa8cc3a3563@group-F7F51A907B7A: set configuration 0: [d9d2bad5-c407-4d81-86fc-4ebb43599473:192.168.69.65:34878, 66a6a220-1788-428d-bea0-9b732daeb752:192.168.69.65:37722, b08fb485-4ef8-4b50-abd0-9aa8cc3a3563:192.168.69.65:38714], old=null at 0
2019-10-15 09:59:07,884 [grpc-default-executor-4] INFO  segmented.SegmentedRaftLogWorker (SegmentedRaftLogWorker.java:startLogSegment(385)) - d9d2bad5-c407-4d81-86fc-4ebb43599473@group-F7F51A907B7A-SegmentedRaftLogWorker: Starting segment from index:0
2019-10-15 09:59:07,884 [grpc-default-executor-6] INFO  segmented.SegmentedRaftLogWorker (SegmentedRaftLogWorker.java:startLogSegment(385)) - b08fb485-4ef8-4b50-abd0-9aa8cc3a3563@group-F7F51A907B7A-SegmentedRaftLogWorker: Starting segment from index:0
2019-10-15 09:59:07,891 [66a6a220-1788-428d-bea0-9b732daeb752@group-F7F51A907B7A-SegmentedRaftLogWorker] INFO  segmented.SegmentedRaftLogWorker (SegmentedRaftLogWorker.java:execute(574)) - 66a6a220-1788-428d-bea0-9b732daeb752@group-F7F51A907B7A-SegmentedRaftLogWorker: created new log segment /workdir/hadoop-ozone/integration-test/target/test-dir/MiniOzoneClusterImpl-6cd558f7-8af7-4672-8aed-8d3b5cfcb651/datanode-3/data/ratis/2f776a38-3436-44e3-b2c9-f7f51a907b7a/current/log_inprogress_0
2019-10-15 09:59:07,932 [b08fb485-4ef8-4b50-abd0-9aa8cc3a3563@group-F7F51A907B7A-SegmentedRaftLogWorker] INFO  segmented.SegmentedRaftLogWorker (SegmentedRaftLogWorker.java:execute(574)) - b08fb485-4ef8-4b50-abd0-9aa8cc3a3563@group-F7F51A907B7A-SegmentedRaftLogWorker: created new log segment /workdir/hadoop-ozone/integration-test/target/test-dir/MiniOzoneClusterImpl-6cd558f7-8af7-4672-8aed-8d3b5cfcb651/datanode-5/data/ratis/2f776a38-3436-44e3-b2c9-f7f51a907b7a/current/log_inprogress_0
2019-10-15 09:59:07,932 [d9d2bad5-c407-4d81-86fc-4ebb43599473@group-F7F51A907B7A-SegmentedRaftLogWorker] INFO  segmented.SegmentedRaftLogWorker (SegmentedRaftLogWorker.java:execute(574)) - d9d2bad5-c407-4d81-86fc-4ebb43599473@group-F7F51A907B7A-SegmentedRaftLogWorker: created new log segment /workdir/hadoop-ozone/integration-test/target/test-dir/MiniOzoneClusterImpl-6cd558f7-8af7-4672-8aed-8d3b5cfcb651/datanode-4/data/ratis/2f776a38-3436-44e3-b2c9-f7f51a907b7a/current/log_inprogress_0
2019-10-15 09:59:12,723 [Thread-2401] INFO  impl.FollowerState (FollowerState.java:run(108)) - 2946a9e1-974e-44f9-8264-0f81be1b0092@group-AB8AAB036AD8-FollowerState: change to CANDIDATE, lastRpcTime:5057ms, electionTimeout:5056ms
2019-10-15 09:59:12,724 [Thread-2401] INFO  impl.RoleInfo (RoleInfo.java:shutdownFollowerState(121)) - 2946a9e1-974e-44f9-8264-0f81be1b0092: shutdown FollowerState
2019-10-15 09:59:12,724 [Thread-2402] INFO  impl.FollowerState (FollowerState.java:run(108)) - e06c9e0e-bfb3-4545-b88d-c8398ac06dce@group-AB8AAB036AD8-FollowerState: change to CANDIDATE, lastRpcTime:5057ms, electionTimeout:5057ms
2019-10-15 09:59:12,725 [Thread-2402] INFO  impl.RoleInfo (RoleInfo.java:shutdownFollowerState(121)) - e06c9e0e-bfb3-4545-b88d-c8398ac06dce: shutdown FollowerState
2019-10-15 09:59:12,725 [Thread-2401] INFO  impl.RaftServerImpl (RaftServerImpl.java:setRole(170)) - 2946a9e1-974e-44f9-8264-0f81be1b0092@group-AB8AAB036AD8: changes role from  FOLLOWER to CANDIDATE at term 1 for changeToCandidate
2019-10-15 09:59:12,725 [Thread-2402] INFO  impl.RaftServerImpl (RaftServerImpl.java:setRole(170)) - e06c9e0e-bfb3-4545-b88d-c8398ac06dce@group-AB8AAB036AD8: changes role from  FOLLOWER to CANDIDATE at term 1 for changeToCandidate
2019-10-15 09:59:12,725 [Thread-2402] INFO  impl.RoleInfo (RoleInfo.java:updateAndGet(143)) - e06c9e0e-bfb3-4545-b88d-c8398ac06dce: start LeaderElection
2019-10-15 09:59:12,725 [Thread-2401] INFO  impl.RoleInfo (RoleInfo.java:updateAndGet(143)) - 2946a9e1-974e-44f9-8264-0f81be1b0092: start LeaderElection
2019-10-15 09:59:12,748 [e06c9e0e-bfb3-4545-b88d-c8398ac06dce@group-AB8AAB036AD8-LeaderElection89] INFO  impl.LeaderElection (LeaderElection.java:askForVotes(178)) - e06c9e0e-bfb3-4545-b88d-c8398ac06dce@group-AB8AAB036AD8-LeaderElection89: begin an election at term 2 for -1: [e06c9e0e-bfb3-4545-b88d-c8398ac06dce:192.168.69.65:36541, 2946a9e1-974e-44f9-8264-0f81be1b0092:192.168.69.65:44032, 760adb25-f8ec-4441-adc0-bf5ebc4f52f9:192.168.69.65:43648], old=null
2019-10-15 09:59:12,748 [2946a9e1-974e-44f9-8264-0f81be1b0092@group-AB8AAB036AD8-LeaderElection90] INFO  impl.LeaderElection (LeaderElection.java:askForVotes(178)) - 2946a9e1-974e-44f9-8264-0f81be1b0092@group-AB8AAB036AD8-LeaderElection90: begin an election at term 2 for -1: [e06c9e0e-bfb3-4545-b88d-c8398ac06dce:192.168.69.65:36541, 2946a9e1-974e-44f9-8264-0f81be1b0092:192.168.69.65:44032, 760adb25-f8ec-4441-adc0-bf5ebc4f52f9:192.168.69.65:43648], old=null
2019-10-15 09:59:12,754 [grpc-default-executor-0] INFO  impl.RaftServerImpl (RaftServerImpl.java:setRole(170)) - 760adb25-f8ec-4441-adc0-bf5ebc4f52f9@group-AB8AAB036AD8: changes role from  FOLLOWER to FOLLOWER at term 2 for recognizeCandidate:2946a9e1-974e-44f9-8264-0f81be1b0092
2019-10-15 09:59:12,754 [grpc-default-executor-0] INFO  impl.RoleInfo (RoleInfo.java:shutdownFollowerState(121)) - 760adb25-f8ec-4441-adc0-bf5ebc4f52f9: shutdown FollowerState
2019-10-15 09:59:12,754 [grpc-default-executor-0] INFO  impl.RoleInfo (RoleInfo.java:updateAndGet(143)) - 760adb25-f8ec-4441-adc0-bf5ebc4f52f9: start FollowerState
2019-10-15 09:59:12,754 [Thread-2403] INFO  impl.FollowerState (FollowerState.java:run(117)) - 760adb25-f8ec-4441-adc0-bf5ebc4f52f9@group-AB8AAB036AD8-FollowerState was interrupted: java.lang.InterruptedException: sleep interrupted
2019-10-15 09:59:12,771 [e06c9e0e-bfb3-4545-b88d-c8398ac06dce@group-AB8AAB036AD8-LeaderElection89] INFO  impl.LeaderElection (LeaderElection.java:logAndReturn(56)) - e06c9e0e-bfb3-4545-b88d-c8398ac06dce@group-AB8AAB036AD8-LeaderElection89: Election REJECTED; received 2 response(s) [e06c9e0e-bfb3-4545-b88d-c8398ac06dce<-2946a9e1-974e-44f9-8264-0f81be1b0092#0:FAIL-t2, e06c9e0e-bfb3-4545-b88d-c8398ac06dce<-760adb25-f8ec-4441-adc0-bf5ebc4f52f9#0:FAIL-t2] and 0 exception(s); e06c9e0e-bfb3-4545-b88d-c8398ac06dce@group-AB8AAB036AD8:t2, leader=null, voted=e06c9e0e-bfb3-4545-b88d-c8398ac06dce, raftlog=e06c9e0e-bfb3-4545-b88d-c8398ac06dce@group-AB8AAB036AD8-SegmentedRaftLog:OPENED:c-1,f-1,i0, conf=-1: [e06c9e0e-bfb3-4545-b88d-c8398ac06dce:192.168.69.65:36541, 2946a9e1-974e-44f9-8264-0f81be1b0092:192.168.69.65:44032, 760adb25-f8ec-4441-adc0-bf5ebc4f52f9:192.168.69.65:43648], old=null
2019-10-15 09:59:12,771 [2946a9e1-974e-44f9-8264-0f81be1b0092@group-AB8AAB036AD8-LeaderElection90] INFO  impl.LeaderElection (LeaderElection.java:logAndReturn(56)) - 2946a9e1-974e-44f9-8264-0f81be1b0092@group-AB8AAB036AD8-LeaderElection90: Election PASSED; received 2 response(s) [2946a9e1-974e-44f9-8264-0f81be1b0092<-e06c9e0e-bfb3-4545-b88d-c8398ac06dce#0:FAIL-t2, 2946a9e1-974e-44f9-8264-0f81be1b0092<-760adb25-f8ec-4441-adc0-bf5ebc4f52f9#0:OK-t2] and 0 exception(s); 2946a9e1-974e-44f9-8264-0f81be1b0092@group-AB8AAB036AD8:t2, leader=null, voted=2946a9e1-974e-44f9-8264-0f81be1b0092, raftlog=2946a9e1-974e-44f9-8264-0f81be1b0092@group-AB8AAB036AD8-SegmentedRaftLog:OPENED:c-1,f-1,i0, conf=-1: [e06c9e0e-bfb3-4545-b88d-c8398ac06dce:192.168.69.65:36541, 2946a9e1-974e-44f9-8264-0f81be1b0092:192.168.69.65:44032, 760adb25-f8ec-4441-adc0-bf5ebc4f52f9:192.168.69.65:43648], old=null
2019-10-15 09:59:12,771 [e06c9e0e-bfb3-4545-b88d-c8398ac06dce@group-AB8AAB036AD8-LeaderElection89] INFO  impl.RaftServerImpl (RaftServerImpl.java:setRole(170)) - e06c9e0e-bfb3-4545-b88d-c8398ac06dce@group-AB8AAB036AD8: changes role from CANDIDATE to FOLLOWER at term 2 for DISCOVERED_A_NEW_TERM
2019-10-15 09:59:12,773 [e06c9e0e-bfb3-4545-b88d-c8398ac06dce@group-AB8AAB036AD8-LeaderElection89] INFO  impl.RoleInfo (RoleInfo.java:shutdownLeaderElection(134)) - e06c9e0e-bfb3-4545-b88d-c8398ac06dce: shutdown LeaderElection
2019-10-15 09:59:12,771 [2946a9e1-974e-44f9-8264-0f81be1b0092@group-AB8AAB036AD8-LeaderElection90] INFO  impl.RoleInfo (RoleInfo.java:shutdownLeaderElection(134)) - 2946a9e1-974e-44f9-8264-0f81be1b0092: shutdown LeaderElection
2019-10-15 09:59:12,776 [2946a9e1-974e-44f9-8264-0f81be1b0092@group-AB8AAB036AD8-LeaderElection90] INFO  impl.RaftServerImpl (RaftServerImpl.java:setRole(170)) - 2946a9e1-974e-44f9-8264-0f81be1b0092@group-AB8AAB036AD8: changes role from CANDIDATE to LEADER at term 2 for changeToLeader
2019-10-15 09:59:12,776 [e06c9e0e-bfb3-4545-b88d-c8398ac06dce@group-AB8AAB036AD8-LeaderElection89] INFO  impl.RoleInfo (RoleInfo.java:updateAndGet(143)) - e06c9e0e-bfb3-4545-b88d-c8398ac06dce: start FollowerState
2019-10-15 09:59:12,776 [2946a9e1-974e-44f9-8264-0f81be1b0092@group-AB8AAB036AD8-LeaderElection90] INFO  impl.RaftServerImpl (ServerState.java:setLeader(255)) - 2946a9e1-974e-44f9-8264-0f81be1b0092@group-AB8AAB036AD8: change Leader from null to 2946a9e1-974e-44f9-8264-0f81be1b0092 at term 2 for becomeLeader, leader elected after 10273ms
2019-10-15 09:59:12,776 [2946a9e1-974e-44f9-8264-0f81be1b0092@group-AB8AAB036AD8-LeaderElection90] INFO  server.RaftServerConfigKeys (ConfUtils.java:logGet(43)) - raft.server.staging.catchup.gap = 1000 (default)
2019-10-15 09:59:12,776 [2946a9e1-974e-44f9-8264-0f81be1b0092@group-AB8AAB036AD8-LeaderElection90] INFO  server.RaftServerConfigKeys (ConfUtils.java:logGet(43)) - raft.server.rpc.sleep.time = 25ms (default)
2019-10-15 09:59:12,777 [2946a9e1-974e-44f9-8264-0f81be1b0092@group-AB8AAB036AD8-LeaderElection90] INFO  server.RaftServerConfigKeys (ConfUtils.java:logGet(43)) - raft.server.write.element-limit = 4096 (default)
2019-10-15 09:59:12,777 [2946a9e1-974e-44f9-8264-0f81be1b0092@group-AB8AAB036AD8-LeaderElection90] INFO  server.RaftServerConfigKeys (ConfUtils.java:logGet(43)) - raft.server.watch.timeout = 10s (default)
2019-10-15 09:59:12,777 [2946a9e1-974e-44f9-8264-0f81be1b0092@group-AB8AAB036AD8-LeaderElection90] INFO  server.RaftServerConfigKeys (ConfUtils.java:logGet(43)) - raft.server.watch.timeout.denomination = 1s (default)
2019-10-15 09:59:12,777 [2946a9e1-974e-44f9-8264-0f81be1b0092@group-AB8AAB036AD8-LeaderElection90] INFO  server.RaftServerConfigKeys (ConfUtils.java:logGet(43)) - raft.server.watch.element-limit = 65536 (default)
2019-10-15 09:59:12,780 [2946a9e1-974e-44f9-8264-0f81be1b0092@group-AB8AAB036AD8-LeaderElection90] INFO  server.RaftServerConfigKeys (ConfUtils.java:logGet(43)) - raft.server.log.appender.snapshot.chunk.size.max = 16MB (=16777216) (default)
2019-10-15 09:59:12,781 [2946a9e1-974e-44f9-8264-0f81be1b0092@group-AB8AAB036AD8-LeaderElection90] INFO  server.RaftServerConfigKeys (ConfUtils.java:logGet(43)) - raft.server.log.appender.buffer.byte-limit = 33554432 (custom)
2019-10-15 09:59:12,781 [2946a9e1-974e-44f9-8264-0f81be1b0092@group-AB8AAB036AD8-LeaderElection90] INFO  server.RaftServerConfigKeys (ConfUtils.java:logGet(43)) - raft.server.log.appender.buffer.element-limit = 1 (custom)
2019-10-15 09:59:12,781 [2946a9e1-974e-44f9-8264-0f81be1b0092@group-AB8AAB036AD8-LeaderElection90] INFO  grpc.GrpcConfigKeys$Server (ConfUtils.java:logGet(43)) - raft.grpc.server.leader.outstanding.appends.max = 128 (default)
2019-10-15 09:59:12,781 [2946a9e1-974e-44f9-8264-0f81be1b0092@group-AB8AAB036AD8-LeaderElection90] INFO  server.RaftServerConfigKeys (ConfUtils.java:logGet(43)) - raft.server.rpc.request.timeout = 3000ms (default)
2019-10-15 09:59:12,782 [2946a9e1-974e-44f9-8264-0f81be1b0092@group-AB8AAB036AD8-LeaderElection90] INFO  server.RaftServerConfigKeys (ConfUtils.java:logGet(43)) - raft.server.log.appender.install.snapshot.enabled = false (custom)
2019-10-15 09:59:12,782 [2946a9e1-974e-44f9-8264-0f81be1b0092@group-AB8AAB036AD8-LeaderElection90] INFO  server.RaftServerConfigKeys (ConfUtils.java:logGet(43)) - raft.server.log.appender.snapshot.chunk.size.max = 16MB (=16777216) (default)
2019-10-15 09:59:12,782 [2946a9e1-974e-44f9-8264-0f81be1b0092@group-AB8AAB036AD8-LeaderElection90] INFO  server.RaftServerConfigKeys (ConfUtils.java:logGet(43)) - raft.server.log.appender.buffer.byte-limit = 33554432 (custom)
2019-10-15 09:59:12,782 [2946a9e1-974e-44f9-8264-0f81be1b0092@group-AB8AAB036AD8-LeaderElection90] INFO  server.RaftServerConfigKeys (ConfUtils.java:logGet(43)) - raft.server.log.appender.buffer.element-limit = 1 (custom)
2019-10-15 09:59:12,782 [2946a9e1-974e-44f9-8264-0f81be1b0092@group-AB8AAB036AD8-LeaderElection90] INFO  grpc.GrpcConfigKeys$Server (ConfUtils.java:logGet(43)) - raft.grpc.server.leader.outstanding.appends.max = 128 (default)
2019-10-15 09:59:12,782 [2946a9e1-974e-44f9-8264-0f81be1b0092@group-AB8AAB036AD8-LeaderElection90] INFO  server.RaftServerConfigKeys (ConfUtils.java:logGet(43)) - raft.server.rpc.request.timeout = 3000ms (default)
2019-10-15 09:59:12,783 [2946a9e1-974e-44f9-8264-0f81be1b0092@group-AB8AAB036AD8-LeaderElection90] INFO  server.RaftServerConfigKeys (ConfUtils.java:logGet(43)) - raft.server.log.appender.install.snapshot.enabled = false (custom)
2019-10-15 09:59:12,783 [2946a9e1-974e-44f9-8264-0f81be1b0092@group-AB8AAB036AD8-LeaderElection90] INFO  impl.RoleInfo (RoleInfo.java:updateAndGet(143)) - 2946a9e1-974e-44f9-8264-0f81be1b0092: start LeaderState
2019-10-15 09:59:12,783 [2946a9e1-974e-44f9-8264-0f81be1b0092@group-AB8AAB036AD8-LeaderElection90] INFO  segmented.SegmentedRaftLogWorker (SegmentedRaftLogWorker.java:startLogSegment(385)) - 2946a9e1-974e-44f9-8264-0f81be1b0092@group-AB8AAB036AD8-SegmentedRaftLogWorker: Starting segment from index:0
2019-10-15 09:59:12,784 [2946a9e1-974e-44f9-8264-0f81be1b0092@group-AB8AAB036AD8-LeaderElection90] INFO  impl.RaftServerImpl (ServerState.java:setRaftConf(356)) - 2946a9e1-974e-44f9-8264-0f81be1b0092@group-AB8AAB036AD8: set configuration 0: [e06c9e0e-bfb3-4545-b88d-c8398ac06dce:192.168.69.65:36541, 2946a9e1-974e-44f9-8264-0f81be1b0092:192.168.69.65:44032, 760adb25-f8ec-4441-adc0-bf5ebc4f52f9:192.168.69.65:43648], old=null at 0
2019-10-15 09:59:12,821 [grpc-default-executor-1] INFO  impl.RaftServerImpl (ServerState.java:setLeader(255)) - 760adb25-f8ec-4441-adc0-bf5ebc4f52f9@group-AB8AAB036AD8: change Leader from null to 2946a9e1-974e-44f9-8264-0f81be1b0092 at term 2 for appendEntries, leader elected after 10319ms
2019-10-15 09:59:12,821 [grpc-default-executor-0] INFO  impl.RaftServerImpl (ServerState.java:setLeader(255)) - e06c9e0e-bfb3-4545-b88d-c8398ac06dce@group-AB8AAB036AD8: change Leader from null to 2946a9e1-974e-44f9-8264-0f81be1b0092 at term 2 for appendEntries, leader elected after 10319ms
2019-10-15 09:59:12,825 [grpc-default-executor-0] INFO  impl.RaftServerImpl (ServerState.java:setRaftConf(356)) - 760adb25-f8ec-4441-adc0-bf5ebc4f52f9@group-AB8AAB036AD8: set configuration 0: [e06c9e0e-bfb3-4545-b88d-c8398ac06dce:192.168.69.65:36541, 2946a9e1-974e-44f9-8264-0f81be1b0092:192.168.69.65:44032, 760adb25-f8ec-4441-adc0-bf5ebc4f52f9:192.168.69.65:43648], old=null at 0
2019-10-15 09:59:12,825 [grpc-default-executor-1] INFO  impl.RaftServerImpl (ServerState.java:setRaftConf(356)) - e06c9e0e-bfb3-4545-b88d-c8398ac06dce@group-AB8AAB036AD8: set configuration 0: [e06c9e0e-bfb3-4545-b88d-c8398ac06dce:192.168.69.65:36541, 2946a9e1-974e-44f9-8264-0f81be1b0092:192.168.69.65:44032, 760adb25-f8ec-4441-adc0-bf5ebc4f52f9:192.168.69.65:43648], old=null at 0
2019-10-15 09:59:12,825 [grpc-default-executor-0] INFO  segmented.SegmentedRaftLogWorker (SegmentedRaftLogWorker.java:startLogSegment(385)) - 760adb25-f8ec-4441-adc0-bf5ebc4f52f9@group-AB8AAB036AD8-SegmentedRaftLogWorker: Starting segment from index:0
2019-10-15 09:59:12,825 [grpc-default-executor-1] INFO  segmented.SegmentedRaftLogWorker (SegmentedRaftLogWorker.java:startLogSegment(385)) - e06c9e0e-bfb3-4545-b88d-c8398ac06dce@group-AB8AAB036AD8-SegmentedRaftLogWorker: Starting segment from index:0
2019-10-15 09:59:12,832 [2946a9e1-974e-44f9-8264-0f81be1b0092@group-AB8AAB036AD8-SegmentedRaftLogWorker] INFO  segmented.SegmentedRaftLogWorker (SegmentedRaftLogWorker.java:execute(574)) - 2946a9e1-974e-44f9-8264-0f81be1b0092@group-AB8AAB036AD8-SegmentedRaftLogWorker: created new log segment /workdir/hadoop-ozone/integration-test/target/test-dir/MiniOzoneClusterImpl-6cd558f7-8af7-4672-8aed-8d3b5cfcb651/datanode-2/data/ratis/2b15ade4-e629-4c5b-987e-ab8aab036ad8/current/log_inprogress_0
2019-10-15 09:59:12,868 [e06c9e0e-bfb3-4545-b88d-c8398ac06dce@group-AB8AAB036AD8-SegmentedRaftLogWorker] INFO  segmented.SegmentedRaftLogWorker (SegmentedRaftLogWorker.java:execute(574)) - e06c9e0e-bfb3-4545-b88d-c8398ac06dce@group-AB8AAB036AD8-SegmentedRaftLogWorker: created new log segment /workdir/hadoop-ozone/integration-test/target/test-dir/MiniOzoneClusterImpl-6cd558f7-8af7-4672-8aed-8d3b5cfcb651/datanode-0/data/ratis/2b15ade4-e629-4c5b-987e-ab8aab036ad8/current/log_inprogress_0
2019-10-15 09:59:12,868 [760adb25-f8ec-4441-adc0-bf5ebc4f52f9@group-AB8AAB036AD8-SegmentedRaftLogWorker] INFO  segmented.SegmentedRaftLogWorker (SegmentedRaftLogWorker.java:execute(574)) - 760adb25-f8ec-4441-adc0-bf5ebc4f52f9@group-AB8AAB036AD8-SegmentedRaftLogWorker: created new log segment /workdir/hadoop-ozone/integration-test/target/test-dir/MiniOzoneClusterImpl-6cd558f7-8af7-4672-8aed-8d3b5cfcb651/datanode-1/data/ratis/2b15ade4-e629-4c5b-987e-ab8aab036ad8/current/log_inprogress_0
2019-10-15 09:59:12,969 [Datanode State Machine Thread - 0] INFO  statemachine.DatanodeStateMachine (DatanodeStateMachine.java:lambda$startDaemon$0(350)) - Ozone container server started.
2019-10-15 09:59:17,963 [main] INFO  ozoneimpl.OzoneContainer (OzoneContainer.java:stop(227)) - Attempting to stop container services.
2019-10-15 09:59:17,965 [main] INFO  impl.RaftServerProxy (RaftServerProxy.java:lambda$close$4(314)) - 760adb25-f8ec-4441-adc0-bf5ebc4f52f9: close
2019-10-15 09:59:17,966 [main] INFO  impl.RaftServerImpl (RaftServerImpl.java:lambda$shutdown$3(247)) - 760adb25-f8ec-4441-adc0-bf5ebc4f52f9@group-E0293EA0617E: shutdown
2019-10-15 09:59:17,966 [ForkJoinPool.commonPool-worker-1] INFO  impl.RaftServerImpl (RaftServerImpl.java:lambda$shutdown$3(247)) - 760adb25-f8ec-4441-adc0-bf5ebc4f52f9@group-AB8AAB036AD8: shutdown
2019-10-15 09:59:17,966 [main] INFO  util.JmxRegister (JmxRegister.java:unregister(73)) - Successfully un-registered JMX Bean with object name Ratis:service=RaftServer,group=group-E0293EA0617E,id=760adb25-f8ec-4441-adc0-bf5ebc4f52f9
2019-10-15 09:59:17,966 [ForkJoinPool.commonPool-worker-1] INFO  util.JmxRegister (JmxRegister.java:unregister(73)) - Successfully un-registered JMX Bean with object name Ratis:service=RaftServer,group=group-AB8AAB036AD8,id=760adb25-f8ec-4441-adc0-bf5ebc4f52f9
2019-10-15 09:59:17,967 [main] INFO  impl.RoleInfo (RoleInfo.java:shutdownLeaderState(104)) - 760adb25-f8ec-4441-adc0-bf5ebc4f52f9: shutdown LeaderState
2019-10-15 09:59:17,967 [ForkJoinPool.commonPool-worker-1] INFO  impl.RoleInfo (RoleInfo.java:shutdownFollowerState(121)) - 760adb25-f8ec-4441-adc0-bf5ebc4f52f9: shutdown FollowerState
2019-10-15 09:59:17,967 [main] INFO  impl.PendingRequests (PendingRequests.java:sendNotLeaderResponses(202)) - 760adb25-f8ec-4441-adc0-bf5ebc4f52f9@group-E0293EA0617E-PendingRequests: sendNotLeaderResponses
2019-10-15 09:59:17,968 [760adb25-f8ec-4441-adc0-bf5ebc4f52f9@group-AB8AAB036AD8-StateMachineUpdater] INFO  ratis.ContainerStateMachine (ContainerStateMachine.java:takeSnapshot(294)) - group-AB8AAB036AD8: Taking a snapshot at:(t:2, i:1) file /workdir/hadoop-ozone/integration-test/target/test-dir/MiniOzoneClusterImpl-6cd558f7-8af7-4672-8aed-8d3b5cfcb651/datanode-1/data/ratis/2b15ade4-e629-4c5b-987e-ab8aab036ad8/sm/snapshot.2_1
2019-10-15 09:59:17,967 [Thread-2439] INFO  impl.FollowerState (FollowerState.java:run(117)) - 760adb25-f8ec-4441-adc0-bf5ebc4f52f9@group-AB8AAB036AD8-FollowerState was interrupted: java.lang.InterruptedException: sleep interrupted
2019-10-15 09:59:17,967 [ForkJoinPool.commonPool-worker-1] INFO  impl.StateMachineUpdater (StateMachineUpdater.java:stopAndJoin(136)) - 760adb25-f8ec-4441-adc0-bf5ebc4f52f9@group-AB8AAB036AD8-StateMachineUpdater: set stopIndex = 2
2019-10-15 09:59:17,968 [main] INFO  impl.StateMachineUpdater (StateMachineUpdater.java:stopAndJoin(136)) - 760adb25-f8ec-4441-adc0-bf5ebc4f52f9@group-E0293EA0617E-StateMachineUpdater: set stopIndex = 0
2019-10-15 09:59:17,973 [main] INFO  impl.RaftServerImpl (ServerState.java:close(387)) - 760adb25-f8ec-4441-adc0-bf5ebc4f52f9@group-E0293EA0617E: closes. applyIndex: 0
2019-10-15 09:59:17,974 [760adb25-f8ec-4441-adc0-bf5ebc4f52f9@group-E0293EA0617E-SegmentedRaftLogWorker] INFO  segmented.SegmentedRaftLogWorker (SegmentedRaftLogWorker.java:run(316)) - 760adb25-f8ec-4441-adc0-bf5ebc4f52f9@group-E0293EA0617E-SegmentedRaftLogWorker was interrupted, exiting. There are 0 tasks remaining in the queue.
2019-10-15 09:59:17,977 [main] INFO  segmented.SegmentedRaftLogWorker (SegmentedRaftLogWorker.java:close(224)) - 760adb25-f8ec-4441-adc0-bf5ebc4f52f9@group-E0293EA0617E-SegmentedRaftLogWorker close()
2019-10-15 09:59:17,982 [760adb25-f8ec-4441-adc0-bf5ebc4f52f9@group-AB8AAB036AD8-StateMachineUpdater] INFO  ratis.ContainerStateMachine (ContainerStateMachine.java:takeSnapshot(305)) - group-AB8AAB036AD8: Finished taking a snapshot at:(t:2, i:1) file:/workdir/hadoop-ozone/integration-test/target/test-dir/MiniOzoneClusterImpl-6cd558f7-8af7-4672-8aed-8d3b5cfcb651/datanode-1/data/ratis/2b15ade4-e629-4c5b-987e-ab8aab036ad8/sm/snapshot.2_1 time:14
2019-10-15 09:59:17,982 [760adb25-f8ec-4441-adc0-bf5ebc4f52f9@group-AB8AAB036AD8-StateMachineUpdater] INFO  impl.StateMachineUpdater (StateMachineUpdater.java:takeSnapshot(269)) - 760adb25-f8ec-4441-adc0-bf5ebc4f52f9@group-AB8AAB036AD8-StateMachineUpdater: Took a snapshot at index 1
2019-10-15 09:59:17,982 [760adb25-f8ec-4441-adc0-bf5ebc4f52f9@group-AB8AAB036AD8-StateMachineUpdater] INFO  impl.StateMachineUpdater (StateMachineUpdater.java:lambda$new$0(84)) - 760adb25-f8ec-4441-adc0-bf5ebc4f52f9@group-AB8AAB036AD8-StateMachineUpdater: snapshotIndex: updateIncreasingly -1 -> 1
2019-10-15 09:59:17,983 [760adb25-f8ec-4441-adc0-bf5ebc4f52f9@group-AB8AAB036AD8-StateMachineUpdater] INFO  ratis.ContainerStateMachine (ContainerStateMachine.java:takeSnapshot(294)) - group-AB8AAB036AD8: Taking a snapshot at:(t:2, i:1) file /workdir/hadoop-ozone/integration-test/target/test-dir/MiniOzoneClusterImpl-6cd558f7-8af7-4672-8aed-8d3b5cfcb651/datanode-1/data/ratis/2b15ade4-e629-4c5b-987e-ab8aab036ad8/sm/snapshot.2_1
2019-10-15 09:59:17,995 [760adb25-f8ec-4441-adc0-bf5ebc4f52f9@group-AB8AAB036AD8-StateMachineUpdater] INFO  ratis.ContainerStateMachine (ContainerStateMachine.java:takeSnapshot(305)) - group-AB8AAB036AD8: Finished taking a snapshot at:(t:2, i:1) file:/workdir/hadoop-ozone/integration-test/target/test-dir/MiniOzoneClusterImpl-6cd558f7-8af7-4672-8aed-8d3b5cfcb651/datanode-1/data/ratis/2b15ade4-e629-4c5b-987e-ab8aab036ad8/sm/snapshot.2_1 time:12
2019-10-15 09:59:17,995 [760adb25-f8ec-4441-adc0-bf5ebc4f52f9@group-AB8AAB036AD8-StateMachineUpdater] INFO  impl.StateMachineUpdater (StateMachineUpdater.java:takeSnapshot(269)) - 760adb25-f8ec-4441-adc0-bf5ebc4f52f9@group-AB8AAB036AD8-StateMachineUpdater: Took a snapshot at index 1
2019-10-15 09:59:17,995 [760adb25-f8ec-4441-adc0-bf5ebc4f52f9@group-AB8AAB036AD8-StateMachineUpdater] INFO  impl.StateMachineUpdater (StateMachineUpdater.java:lambda$new$0(84)) - 760adb25-f8ec-4441-adc0-bf5ebc4f52f9@group-AB8AAB036AD8-StateMachineUpdater: snapshotIndex: updateIncreasingly 1 -> 1
2019-10-15 09:59:17,996 [ForkJoinPool.commonPool-worker-1] INFO  impl.RaftServerImpl (ServerState.java:close(387)) - 760adb25-f8ec-4441-adc0-bf5ebc4f52f9@group-AB8AAB036AD8: closes. applyIndex: 2
2019-10-15 09:59:17,996 [760adb25-f8ec-4441-adc0-bf5ebc4f52f9@group-AB8AAB036AD8-SegmentedRaftLogWorker] INFO  segmented.SegmentedRaftLogWorker (SegmentedRaftLogWorker.java:run(316)) - 760adb25-f8ec-4441-adc0-bf5ebc4f52f9@group-AB8AAB036AD8-SegmentedRaftLogWorker was interrupted, exiting. There are 0 tasks remaining in the queue.
2019-10-15 09:59:17,998 [ForkJoinPool.commonPool-worker-1] INFO  segmented.SegmentedRaftLogWorker (SegmentedRaftLogWorker.java:close(224)) - 760adb25-f8ec-4441-adc0-bf5ebc4f52f9@group-AB8AAB036AD8-SegmentedRaftLogWorker close()
2019-10-15 09:59:18,001 [main] INFO  server.GrpcService (GrpcService.java:closeImpl(164)) - 760adb25-f8ec-4441-adc0-bf5ebc4f52f9: shutdown server with port 43648 now
2019-10-15 09:59:18,003 [grpc-default-executor-4] WARN  server.GrpcServerProtocolService (LogUtils.java:warn(134)) - 760adb25-f8ec-4441-adc0-bf5ebc4f52f9: installSnapshot onError, lastRequest: 2946a9e1-974e-44f9-8264-0f81be1b0092->760adb25-f8ec-4441-adc0-bf5ebc4f52f9#5-t2, previous=(t:2, i:2), leaderCommit=2, initializing? false, entries: <empty>: org.apache.ratis.thirdparty.io.grpc.StatusRuntimeException: CANCELLED: cancelled before receiving half close
2019-10-15 09:59:18,003 [grpc-default-executor-1] WARN  server.GrpcLogAppender (LogUtils.java:warn(134)) - 2946a9e1-974e-44f9-8264-0f81be1b0092@group-AB8AAB036AD8->760adb25-f8ec-4441-adc0-bf5ebc4f52f9-AppendLogResponseHandler: Failed appendEntries: org.apache.ratis.thirdparty.io.grpc.StatusRuntimeException: CANCELLED: HTTP/2 error code: CANCEL
Received Rst Stream
2019-10-15 09:59:18,003 [main] INFO  server.GrpcService (GrpcService.java:closeImpl(172)) - 760adb25-f8ec-4441-adc0-bf5ebc4f52f9: shutdown server with port 43648 successfully
2019-10-15 09:59:18,004 [grpc-default-executor-1] INFO  impl.FollowerInfo (FollowerInfo.java:lambda$new$0(51)) - 2946a9e1-974e-44f9-8264-0f81be1b0092@group-AB8AAB036AD8->760adb25-f8ec-4441-adc0-bf5ebc4f52f9: nextIndex: updateUnconditionally 3 -> 2
2019-10-15 09:59:18,006 [refreshUsed-/workdir/hadoop-ozone/integration-test/target/test-dir/MiniOzoneClusterImpl-6cd558f7-8af7-4672-8aed-8d3b5cfcb651/datanode-1/data/containers] WARN  fs.CachingGetSpaceUsed (CachingGetSpaceUsed.java:run(183)) - Thread Interrupted waiting to refresh disk information: sleep interrupted
2019-10-15 09:59:18,026 [main] INFO  utils.BackgroundService (BackgroundService.java:shutdown(151)) - Shutting down service BlockDeletingService
2019-10-15 09:59:18,031 [main] INFO  statemachine.DatanodeStateMachine (DatanodeStateMachine.java:stopDaemon(395)) - Ozone container server stopped.
2019-10-15 09:59:18,034 [main] INFO  handler.ContextHandler (ContextHandler.java:doStop(910)) - Stopped o.e.j.w.WebAppContext@67328bcb{/,null,UNAVAILABLE}{/hddsDatanode}
2019-10-15 09:59:18,034 [main] INFO  server.AbstractConnector (AbstractConnector.java:doStop(318)) - Stopped ServerConnector@51ba952e{HTTP/1.1,[http/1.1]}{0.0.0.0:0}
2019-10-15 09:59:18,035 [main] INFO  handler.ContextHandler (ContextHandler.java:doStop(910)) - Stopped o.e.j.s.ServletContextHandler@604d28c6{/static,jar:file:/home/user/.m2/repository/org/apache/hadoop/hadoop-hdds-container-service/0.5.0-SNAPSHOT/hadoop-hdds-container-service-0.5.0-SNAPSHOT.jar!/webapps/static,UNAVAILABLE}
2019-10-15 09:59:18,035 [main] INFO  handler.ContextHandler (ContextHandler.java:doStop(910)) - Stopped o.e.j.s.ServletContextHandler@4d354a3e{/logs,file:///workdir/hadoop-ozone/integration-test/target/log,UNAVAILABLE}
2019-10-15 09:59:18,045 [grpc-default-executor-1] WARN  server.GrpcLogAppender (LogUtils.java:warn(134)) - 2946a9e1-974e-44f9-8264-0f81be1b0092@group-AB8AAB036AD8->760adb25-f8ec-4441-adc0-bf5ebc4f52f9-AppendLogResponseHandler: Failed appendEntries: org.apache.ratis.thirdparty.io.grpc.StatusRuntimeException: UNAVAILABLE: io exception
2019-10-15 09:59:18,046 [grpc-default-executor-1] INFO  impl.FollowerInfo (FollowerInfo.java:lambda$new$0(51)) - 2946a9e1-974e-44f9-8264-0f81be1b0092@group-AB8AAB036AD8->760adb25-f8ec-4441-adc0-bf5ebc4f52f9: nextIndex: updateUnconditionally 3 -> 2
2019-10-15 09:59:18,057 [grpc-default-executor-4] WARN  server.GrpcLogAppender (LogUtils.java:warn(134)) - 2946a9e1-974e-44f9-8264-0f81be1b0092@group-AB8AAB036AD8->760adb25-f8ec-4441-adc0-bf5ebc4f52f9-AppendLogResponseHandler: Failed appendEntries: org.apache.ratis.thirdparty.io.grpc.StatusRuntimeException: UNAVAILABLE: io exception
2019-10-15 09:59:18,057 [grpc-default-executor-4] INFO  impl.FollowerInfo (FollowerInfo.java:lambda$new$0(51)) - 2946a9e1-974e-44f9-8264-0f81be1b0092@group-AB8AAB036AD8->760adb25-f8ec-4441-adc0-bf5ebc4f52f9: nextIndex: updateUnconditionally 3 -> 2
2019-10-15 09:59:18,071 [grpc-default-executor-0] WARN  server.GrpcLogAppender (LogUtils.java:warn(134)) - 2946a9e1-974e-44f9-8264-0f81be1b0092@group-AB8AAB036AD8->760adb25-f8ec-4441-adc0-bf5ebc4f52f9-AppendLogResponseHandler: Failed appendEntries: org.apache.ratis.thirdparty.io.grpc.StatusRuntimeException: UNAVAILABLE: io exception
2019-10-15 09:59:18,071 [grpc-default-executor-0] INFO  impl.FollowerInfo (FollowerInfo.java:lambda$new$0(51)) - 2946a9e1-974e-44f9-8264-0f81be1b0092@group-AB8AAB036AD8->760adb25-f8ec-4441-adc0-bf5ebc4f52f9: nextIndex: updateUnconditionally 3 -> 2
2019-10-15 09:59:18,073 [EventQueue-IncrementalContainerReportForIncrementalContainerReportHandler] WARN  container.IncrementalContainerReportHandler (AbstractContainerReportHandler.java:updateContainerState(145)) - Container #1 is in OPEN state, but the datanode 2946a9e1-974e-44f9-8264-0f81be1b0092{ip: 192.168.69.65, host: dev-nightly-20191015-lc69l-4092513605, networkLocation: /default-rack, certSerialId: null} reports an CLOSING replica.
2019-10-15 09:59:18,084 [EventQueue-IncrementalContainerReportForIncrementalContainerReportHandler] WARN  container.IncrementalContainerReportHandler (AbstractContainerReportHandler.java:updateContainerState(145)) - Container #1 is in OPEN state, but the datanode e06c9e0e-bfb3-4545-b88d-c8398ac06dce{ip: 192.168.69.65, host: dev-nightly-20191015-lc69l-4092513605, networkLocation: /default-rack, certSerialId: null} reports an CLOSING replica.
2019-10-15 09:59:18,125 [RatisApplyTransactionExecutor 1] INFO  interfaces.Container (KeyValueContainer.java:flushAndSyncDB(386)) - Container 1 is synced with bcsId 0.
2019-10-15 09:59:18,148 [RatisApplyTransactionExecutor 1] INFO  interfaces.Container (KeyValueContainer.java:flushAndSyncDB(386)) - Container 1 is synced with bcsId 0.
2019-10-15 09:59:18,150 [RatisApplyTransactionExecutor 1] INFO  interfaces.Container (KeyValueContainer.java:flushAndSyncDB(386)) - Container 1 is synced with bcsId 0.
2019-10-15 09:59:18,150 [RatisApplyTransactionExecutor 1] INFO  interfaces.Container (KeyValueContainer.java:flushAndSyncDB(386)) - Container 1 is synced with bcsId 0.
2019-10-15 09:59:18,156 [RatisApplyTransactionExecutor 1] INFO  interfaces.Container (KeyValueContainer.java:close(335)) - Container 1 is closed with bcsId 0.
2019-10-15 09:59:18,156 [RatisApplyTransactionExecutor 1] INFO  interfaces.Container (KeyValueContainer.java:close(335)) - Container 1 is closed with bcsId 0.
2019-10-15 09:59:18,163 [EventQueue-IncrementalContainerReportForIncrementalContainerReportHandler] WARN  container.IncrementalContainerReportHandler (AbstractContainerReportHandler.java:updateContainerState(145)) - Container #1 is in OPEN state, but the datanode 2946a9e1-974e-44f9-8264-0f81be1b0092{ip: 192.168.69.65, host: dev-nightly-20191015-lc69l-4092513605, networkLocation: /default-rack, certSerialId: null} reports an CLOSED replica.
2019-10-15 09:59:18,163 [EventQueue-IncrementalContainerReportForIncrementalContainerReportHandler] WARN  container.IncrementalContainerReportHandler (AbstractContainerReportHandler.java:updateContainerState(145)) - Container #1 is in OPEN state, but the datanode e06c9e0e-bfb3-4545-b88d-c8398ac06dce{ip: 192.168.69.65, host: dev-nightly-20191015-lc69l-4092513605, networkLocation: /default-rack, certSerialId: null} reports an CLOSED replica.
2019-10-15 09:59:20,573 [grpc-default-executor-4] WARN  server.GrpcLogAppender (LogUtils.java:warn(134)) - 2946a9e1-974e-44f9-8264-0f81be1b0092@group-AB8AAB036AD8->760adb25-f8ec-4441-adc0-bf5ebc4f52f9-AppendLogResponseHandler: Failed appendEntries: org.apache.ratis.thirdparty.io.grpc.StatusRuntimeException: UNAVAILABLE: io exception
2019-10-15 09:59:20,574 [grpc-default-executor-4] INFO  impl.FollowerInfo (FollowerInfo.java:lambda$new$0(51)) - 2946a9e1-974e-44f9-8264-0f81be1b0092@group-AB8AAB036AD8->760adb25-f8ec-4441-adc0-bf5ebc4f52f9: nextIndex: updateUnconditionally 2 -> 1
2019-10-15 09:59:21,178 [main] WARN  scm.XceiverClientRatis (XceiverClientRatis.java:watchForCommit(277)) - 3 way commit failed on pipeline Pipeline[ Id: 2b15ade4-e629-4c5b-987e-ab8aab036ad8, Nodes: 760adb25-f8ec-4441-adc0-bf5ebc4f52f9{ip: 192.168.69.65, host: dev-nightly-20191015-lc69l-4092513605, networkLocation: /default-rack, certSerialId: null}2946a9e1-974e-44f9-8264-0f81be1b0092{ip: 192.168.69.65, host: dev-nightly-20191015-lc69l-4092513605, networkLocation: /default-rack, certSerialId: null}e06c9e0e-bfb3-4545-b88d-c8398ac06dce{ip: 192.168.69.65, host: dev-nightly-20191015-lc69l-4092513605, networkLocation: /default-rack, certSerialId: null}, Type:RATIS, Factor:THREE, State:OPEN]
java.util.concurrent.TimeoutException
	at java.util.concurrent.CompletableFuture.timedGet(CompletableFuture.java:1771)
	at java.util.concurrent.CompletableFuture.get(CompletableFuture.java:1915)
	at org.apache.hadoop.hdds.scm.XceiverClientRatis.watchForCommit(XceiverClientRatis.java:274)
	at org.apache.hadoop.ozone.client.rpc.TestWatchForCommit.test2WayCommitForTimeoutException(TestWatchForCommit.java:391)
	at sun.reflect.NativeMethodAccessorImpl.invoke0(Native Method)
	at sun.reflect.NativeMethodAccessorImpl.invoke(NativeMethodAccessorImpl.java:62)
	at sun.reflect.DelegatingMethodAccessorImpl.invoke(DelegatingMethodAccessorImpl.java:43)
	at java.lang.reflect.Method.invoke(Method.java:498)
	at org.junit.runners.model.FrameworkMethod$1.runReflectiveCall(FrameworkMethod.java:47)
	at org.junit.internal.runners.model.ReflectiveCallable.run(ReflectiveCallable.java:12)
	at org.junit.runners.model.FrameworkMethod.invokeExplosively(FrameworkMethod.java:44)
	at org.junit.internal.runners.statements.InvokeMethod.evaluate(InvokeMethod.java:17)
	at org.junit.runners.ParentRunner.runLeaf(ParentRunner.java:271)
	at org.junit.runners.BlockJUnit4ClassRunner.runChild(BlockJUnit4ClassRunner.java:70)
	at org.junit.runners.BlockJUnit4ClassRunner.runChild(BlockJUnit4ClassRunner.java:50)
	at org.junit.runners.ParentRunner$3.run(ParentRunner.java:238)
	at org.junit.runners.ParentRunner$1.schedule(ParentRunner.java:63)
	at org.junit.runners.ParentRunner.runChildren(ParentRunner.java:236)
	at org.junit.runners.ParentRunner.access$000(ParentRunner.java:53)
	at org.junit.runners.ParentRunner$2.evaluate(ParentRunner.java:229)
	at org.junit.runners.ParentRunner.run(ParentRunner.java:309)
	at org.apache.maven.surefire.junit4.JUnit4Provider.execute(JUnit4Provider.java:365)
	at org.apache.maven.surefire.junit4.JUnit4Provider.executeWithRerun(JUnit4Provider.java:273)
	at org.apache.maven.surefire.junit4.JUnit4Provider.executeTestSet(JUnit4Provider.java:238)
	at org.apache.maven.surefire.junit4.JUnit4Provider.invoke(JUnit4Provider.java:159)
	at org.apache.maven.surefire.booter.ForkedBooter.invokeProviderInSameClassLoader(ForkedBooter.java:384)
	at org.apache.maven.surefire.booter.ForkedBooter.runSuitesInProcess(ForkedBooter.java:345)
	at org.apache.maven.surefire.booter.ForkedBooter.execute(ForkedBooter.java:126)
	at org.apache.maven.surefire.booter.ForkedBooter.main(ForkedBooter.java:418)
2019-10-15 09:59:21,197 [Thread-2479] INFO  client.GrpcClientProtocolService (GrpcClientProtocolService.java:lambda$processClientRequest$0(278)) - Failed RaftClientRequest:client-5E525926BBB5->e06c9e0e-bfb3-4545-b88d-c8398ac06dce@group-AB8AAB036AD8, cid=104, seq=0, Watch-MAJORITY_COMMITTED(3), Message:<EMPTY>, reply=RaftClientReply:client-5E525926BBB5->e06c9e0e-bfb3-4545-b88d-c8398ac06dce@group-AB8AAB036AD8, cid=104, FAILED org.apache.ratis.protocol.NotLeaderException: Server e06c9e0e-bfb3-4545-b88d-c8398ac06dce@group-AB8AAB036AD8 is not the leader 2946a9e1-974e-44f9-8264-0f81be1b0092:192.168.69.65:44032, logIndex=0, commits[e06c9e0e-bfb3-4545-b88d-c8398ac06dce:c4, 2946a9e1-974e-44f9-8264-0f81be1b0092:c4, 760adb25-f8ec-4441-adc0-bf5ebc4f52f9:c2]
2019-10-15 09:59:23,075 [grpc-default-executor-4] WARN  server.GrpcLogAppender (LogUtils.java:warn(134)) - 2946a9e1-974e-44f9-8264-0f81be1b0092@group-AB8AAB036AD8->760adb25-f8ec-4441-adc0-bf5ebc4f52f9-AppendLogResponseHandler: Failed appendEntries: org.apache.ratis.thirdparty.io.grpc.StatusRuntimeException: UNAVAILABLE: io exception
2019-10-15 09:59:23,081 [grpc-default-executor-4] INFO  impl.FollowerInfo (FollowerInfo.java:lambda$new$0(51)) - 2946a9e1-974e-44f9-8264-0f81be1b0092@group-AB8AAB036AD8->760adb25-f8ec-4441-adc0-bf5ebc4f52f9: nextIndex: updateUnconditionally 1 -> 0
]]></system-out>
    <system-err><![CDATA[Oct 15, 2019 9:59:18 AM org.apache.ratis.thirdparty.io.grpc.internal.SerializingExecutor run
SEVERE: Exception while executing runnable org.apache.ratis.thirdparty.io.grpc.internal.ServerImpl$JumpToApplicationThreadServerStreamListener$1Closed@754acc92
org.apache.ratis.thirdparty.io.grpc.StatusRuntimeException: CANCELLED: call already cancelled
	at org.apache.ratis.thirdparty.io.grpc.Status.asRuntimeException(Status.java:517)
	at org.apache.ratis.thirdparty.io.grpc.stub.ServerCalls$ServerCallStreamObserverImpl.onCompleted(ServerCalls.java:356)
	at org.apache.ratis.grpc.server.GrpcServerProtocolService$ServerRequestStreamObserver.onError(GrpcServerProtocolService.java:121)
	at org.apache.ratis.thirdparty.io.grpc.stub.ServerCalls$StreamingServerCallHandler$StreamingServerCallListener.onCancel(ServerCalls.java:269)
	at org.apache.ratis.thirdparty.io.grpc.internal.ServerCallImpl$ServerStreamListenerImpl.closed(ServerCallImpl.java:293)
	at org.apache.ratis.thirdparty.io.grpc.internal.ServerImpl$JumpToApplicationThreadServerStreamListener$1Closed.runInContext(ServerImpl.java:741)
	at org.apache.ratis.thirdparty.io.grpc.internal.ContextRunnable.run(ContextRunnable.java:37)
	at org.apache.ratis.thirdparty.io.grpc.internal.SerializingExecutor.run(SerializingExecutor.java:123)
	at java.util.concurrent.ThreadPoolExecutor.runWorker(ThreadPoolExecutor.java:1149)
	at java.util.concurrent.ThreadPoolExecutor$Worker.run(ThreadPoolExecutor.java:624)
	at java.lang.Thread.run(Thread.java:748)

]]></system-err>
  </testcase>
</testsuite>