<?xml version="1.0" encoding="UTF-8"?>
<testsuite xmlns:xsi="http://www.w3.org/2001/XMLSchema-instance" xsi:noNamespaceSchemaLocation="https://maven.apache.org/surefire/maven-surefire-plugin/xsd/surefire-test-report.xsd" name="org.apache.hadoop.ozone.client.rpc.TestOzoneClientRetriesOnException" time="167.235" tests="2" errors="1" skipped="0" failures="0">
  <properties>
    <property name="awt.toolkit" value="sun.awt.X11.XToolkit"/>
    <property name="file.encoding.pkg" value="sun.io"/>
    <property name="java.specification.version" value="1.8"/>
    <property name="sun.cpu.isalist" value=""/>
    <property name="sun.jnu.encoding" value="ANSI_X3.4-1968"/>
    <property name="java.class.path" value="/workdir/hadoop-ozone/integration-test/target/test-classes:/workdir/hadoop-ozone/integration-test/target/classes:/home/user/.m2/repository/org/apache/hadoop/hadoop-ozone-common/0.5.0-SNAPSHOT/hadoop-ozone-common-0.5.0-SNAPSHOT.jar:/home/user/.m2/repository/org/apache/commons/commons-compress/1.4.1/commons-compress-1.4.1.jar:/home/user/.m2/repository/org/tukaani/xz/1.0/xz-1.0.jar:/home/user/.m2/repository/org/apache/hadoop/hadoop-common/3.2.0/hadoop-common-3.2.0.jar:/home/user/.m2/repository/org/apache/hadoop/hadoop-hdfs/3.2.0/hadoop-hdfs-3.2.0.jar:/home/user/.m2/repository/org/apache/hadoop/hadoop-hdfs-client/3.2.0/hadoop-hdfs-client-3.2.0.jar:/home/user/.m2/repository/com/fasterxml/jackson/core/jackson-annotations/2.9.9/jackson-annotations-2.9.9.jar:/home/user/.m2/repository/org/apache/hadoop/hadoop-hdds-common/0.5.0-SNAPSHOT/hadoop-hdds-common-0.5.0-SNAPSHOT.jar:/home/user/.m2/repository/javax/annotation/javax.annotation-api/1.2/javax.annotation-api-1.2.jar:/home/user/.m2/repository/org/apache/ratis/ratis-server/0.5.0-201fc85-SNAPSHOT/ratis-server-0.5.0-201fc85-SNAPSHOT.jar:/home/user/.m2/repository/org/apache/ratis/ratis-thirdparty-misc/0.2.0/ratis-thirdparty-misc-0.2.0.jar:/home/user/.m2/repository/org/apache/ratis/ratis-proto/0.5.0-201fc85-SNAPSHOT/ratis-proto-0.5.0-201fc85-SNAPSHOT.jar:/home/user/.m2/repository/org/apache/ratis/ratis-common/0.5.0-201fc85-SNAPSHOT/ratis-common-0.5.0-201fc85-SNAPSHOT.jar:/home/user/.m2/repository/org/apache/ratis/ratis-client/0.5.0-201fc85-SNAPSHOT/ratis-client-0.5.0-201fc85-SNAPSHOT.jar:/home/user/.m2/repository/org/apache/ratis/ratis-metrics/0.5.0-201fc85-SNAPSHOT/ratis-metrics-0.5.0-201fc85-SNAPSHOT.jar:/home/user/.m2/repository/com/github/joshelser/dropwizard-metrics-hadoop-metrics2-reporter/0.1.2/dropwizard-metrics-hadoop-metrics2-reporter-0.1.2.jar:/home/user/.m2/repository/io/dropwizard/metrics/metrics-jvm/3.2.5/metrics-jvm-3.2.5.jar:/home/user/.m2/repository/io/dropwizard/metrics/metrics-ganglia/3.2.5/metrics-ganglia-3.2.5.jar:/home/user/.m2/repository/info/ganglia/gmetric4j/gmetric4j/1.0.7/gmetric4j-1.0.7.jar:/home/user/.m2/repository/org/apache/ratis/ratis-netty/0.5.0-201fc85-SNAPSHOT/ratis-netty-0.5.0-201fc85-SNAPSHOT.jar:/home/user/.m2/repository/org/apache/ratis/ratis-grpc/0.5.0-201fc85-SNAPSHOT/ratis-grpc-0.5.0-201fc85-SNAPSHOT.jar:/home/user/.m2/repository/org/rocksdb/rocksdbjni/6.0.1/rocksdbjni-6.0.1.jar:/home/user/.m2/repository/org/apache/logging/log4j/log4j-api/2.11.0/log4j-api-2.11.0.jar:/home/user/.m2/repository/org/apache/logging/log4j/log4j-core/2.11.0/log4j-core-2.11.0.jar:/home/user/.m2/repository/com/lmax/disruptor/3.4.2/disruptor-3.4.2.jar:/home/user/.m2/repository/org/apache/commons/commons-pool2/2.6.0/commons-pool2-2.6.0.jar:/home/user/.m2/repository/org/bouncycastle/bcpkix-jdk15on/1.60/bcpkix-jdk15on-1.60.jar:/home/user/.m2/repository/commons-validator/commons-validator/1.6/commons-validator-1.6.jar:/home/user/.m2/repository/commons-digester/commons-digester/1.8.1/commons-digester-1.8.1.jar:/home/user/.m2/repository/io/jaegertracing/jaeger-client/0.34.0/jaeger-client-0.34.0.jar:/home/user/.m2/repository/io/jaegertracing/jaeger-thrift/0.34.0/jaeger-thrift-0.34.0.jar:/home/user/.m2/repository/org/apache/thrift/libthrift/0.12.0/libthrift-0.12.0.jar:/home/user/.m2/repository/com/squareup/okhttp3/okhttp/3.9.0/okhttp-3.9.0.jar:/home/user/.m2/repository/com/squareup/okio/okio/1.13.0/okio-1.13.0.jar:/home/user/.m2/repository/io/jaegertracing/jaeger-core/0.34.0/jaeger-core-0.34.0.jar:/home/user/.m2/repository/io/jaegertracing/jaeger-tracerresolver/0.34.0/jaeger-tracerresolver-0.34.0.jar:/home/user/.m2/repository/io/opentracing/contrib/opentracing-tracerresolver/0.1.5/opentracing-tracerresolver-0.1.5.jar:/home/user/.m2/repository/io/opentracing/opentracing-util/0.31.0/opentracing-util-0.31.0.jar:/home/user/.m2/repository/io/opentracing/opentracing-api/0.31.0/opentracing-api-0.31.0.jar:/home/user/.m2/repository/io/opentracing/opentracing-noop/0.31.0/opentracing-noop-0.31.0.jar:/home/user/.m2/repository/org/apache/hadoop/hadoop-hdds-server-framework/0.5.0-SNAPSHOT/hadoop-hdds-server-framework-0.5.0-SNAPSHOT.jar:/home/user/.m2/repository/org/apache/hadoop/hadoop-hdds-container-service/0.5.0-SNAPSHOT/hadoop-hdds-container-service-0.5.0-SNAPSHOT.jar:/home/user/.m2/repository/org/apache/hadoop/hadoop-hdds-client/0.5.0-SNAPSHOT/hadoop-hdds-client-0.5.0-SNAPSHOT.jar:/home/user/.m2/repository/org/apache/hadoop/hadoop-hdds-tools/0.5.0-SNAPSHOT/hadoop-hdds-tools-0.5.0-SNAPSHOT.jar:/home/user/.m2/repository/org/apache/hadoop/hadoop-hdds-server-scm/0.5.0-SNAPSHOT/hadoop-hdds-server-scm-0.5.0-SNAPSHOT.jar:/home/user/.m2/repository/org/apache/hadoop/hadoop-hdds-docs/0.5.0-SNAPSHOT/hadoop-hdds-docs-0.5.0-SNAPSHOT.jar:/home/user/.m2/repository/io/dropwizard/metrics/metrics-core/3.2.4/metrics-core-3.2.4.jar:/home/user/.m2/repository/org/hamcrest/hamcrest-all/1.3/hamcrest-all-1.3.jar:/home/user/.m2/repository/org/bouncycastle/bcprov-jdk15on/1.60/bcprov-jdk15on-1.60.jar:/home/user/.m2/repository/info/picocli/picocli/3.9.6/picocli-3.9.6.jar:/home/user/.m2/repository/com/google/protobuf/protobuf-java/2.5.0/protobuf-java-2.5.0.jar:/home/user/.m2/repository/com/google/guava/guava/11.0.2/guava-11.0.2.jar:/home/user/.m2/repository/org/apache/hadoop/hadoop-ozone-ozone-manager/0.5.0-SNAPSHOT/hadoop-ozone-ozone-manager-0.5.0-SNAPSHOT.jar:/home/user/.m2/repository/org/apache/hadoop/hadoop-minikdc/3.2.0/hadoop-minikdc-3.2.0.jar:/home/user/.m2/repository/commons-io/commons-io/2.5/commons-io-2.5.jar:/home/user/.m2/repository/org/apache/kerby/kerb-simplekdc/1.0.1/kerb-simplekdc-1.0.1.jar:/home/user/.m2/repository/org/apache/kerby/kerb-client/1.0.1/kerb-client-1.0.1.jar:/home/user/.m2/repository/org/apache/kerby/kerby-config/1.0.1/kerby-config-1.0.1.jar:/home/user/.m2/repository/org/apache/kerby/kerb-core/1.0.1/kerb-core-1.0.1.jar:/home/user/.m2/repository/org/apache/kerby/kerby-pkix/1.0.1/kerby-pkix-1.0.1.jar:/home/user/.m2/repository/org/apache/kerby/kerby-asn1/1.0.1/kerby-asn1-1.0.1.jar:/home/user/.m2/repository/org/apache/kerby/kerby-util/1.0.1/kerby-util-1.0.1.jar:/home/user/.m2/repository/org/apache/kerby/kerb-common/1.0.1/kerb-common-1.0.1.jar:/home/user/.m2/repository/org/apache/kerby/kerb-crypto/1.0.1/kerb-crypto-1.0.1.jar:/home/user/.m2/repository/org/apache/kerby/kerb-util/1.0.1/kerb-util-1.0.1.jar:/home/user/.m2/repository/org/apache/kerby/token-provider/1.0.1/token-provider-1.0.1.jar:/home/user/.m2/repository/org/apache/kerby/kerb-admin/1.0.1/kerb-admin-1.0.1.jar:/home/user/.m2/repository/org/apache/kerby/kerb-server/1.0.1/kerb-server-1.0.1.jar:/home/user/.m2/repository/org/apache/kerby/kerb-identity/1.0.1/kerb-identity-1.0.1.jar:/home/user/.m2/repository/org/apache/kerby/kerby-xdr/1.0.1/kerby-xdr-1.0.1.jar:/home/user/.m2/repository/org/slf4j/slf4j-log4j12/1.7.25/slf4j-log4j12-1.7.25.jar:/home/user/.m2/repository/org/apache/hadoop/hadoop-ozone-s3gateway/0.5.0-SNAPSHOT/hadoop-ozone-s3gateway-0.5.0-SNAPSHOT.jar:/home/user/.m2/repository/org/jboss/weld/servlet/weld-servlet/2.4.7.Final/weld-servlet-2.4.7.Final.jar:/home/user/.m2/repository/org/glassfish/jersey/containers/jersey-container-servlet-core/2.27/jersey-container-servlet-core-2.27.jar:/home/user/.m2/repository/org/glassfish/hk2/external/javax.inject/2.5.0-b42/javax.inject-2.5.0-b42.jar:/home/user/.m2/repository/org/glassfish/jersey/core/jersey-common/2.27/jersey-common-2.27.jar:/home/user/.m2/repository/org/glassfish/hk2/osgi-resource-locator/1.0.1/osgi-resource-locator-1.0.1.jar:/home/user/.m2/repository/javax/ws/rs/javax.ws.rs-api/2.1/javax.ws.rs-api-2.1.jar:/home/user/.m2/repository/org/glassfish/jersey/ext/cdi/jersey-cdi1x/2.27/jersey-cdi1x-2.27.jar:/home/user/.m2/repository/org/glassfish/jersey/inject/jersey-hk2/2.27/jersey-hk2-2.27.jar:/home/user/.m2/repository/org/glassfish/hk2/hk2-locator/2.5.0-b42/hk2-locator-2.5.0-b42.jar:/home/user/.m2/repository/org/javassist/javassist/3.22.0-CR2/javassist-3.22.0-CR2.jar:/home/user/.m2/repository/org/glassfish/hk2/hk2-api/2.5.0/hk2-api-2.5.0.jar:/home/user/.m2/repository/org/glassfish/hk2/external/jakarta.inject/2.5.0/jakarta.inject-2.5.0.jar:/home/user/.m2/repository/org/glassfish/hk2/hk2-utils/2.5.0/hk2-utils-2.5.0.jar:/home/user/.m2/repository/jakarta/annotation/jakarta.annotation-api/1.3.4/jakarta.annotation-api-1.3.4.jar:/home/user/.m2/repository/org/glassfish/hk2/external/aopalliance-repackaged/2.5.0/aopalliance-repackaged-2.5.0.jar:/home/user/.m2/repository/com/fasterxml/jackson/dataformat/jackson-dataformat-xml/2.9.0/jackson-dataformat-xml-2.9.0.jar:/home/user/.m2/repository/com/fasterxml/jackson/core/jackson-core/2.9.9/jackson-core-2.9.9.jar:/home/user/.m2/repository/com/fasterxml/jackson/module/jackson-module-jaxb-annotations/2.9.9/jackson-module-jaxb-annotations-2.9.9.jar:/home/user/.m2/repository/javax/enterprise/cdi-api/1.2/cdi-api-1.2.jar:/home/user/.m2/repository/javax/el/javax.el-api/3.0.0/javax.el-api-3.0.0.jar:/home/user/.m2/repository/javax/interceptor/javax.interceptor-api/1.2/javax.interceptor-api-1.2.jar:/home/user/.m2/repository/javax/inject/javax.inject/1/javax.inject-1.jar:/home/user/.m2/repository/com/sun/xml/bind/jaxb-impl/2.3.0.1/jaxb-impl-2.3.0.1.jar:/home/user/.m2/repository/com/sun/xml/bind/jaxb-core/2.3.0.1/jaxb-core-2.3.0.1.jar:/home/user/.m2/repository/javax/xml/bind/jaxb-api/2.3.0/jaxb-api-2.3.0.jar:/home/user/.m2/repository/javax/activation/activation/1.1.1/activation-1.1.1.jar:/home/user/.m2/repository/org/apache/hadoop/hadoop-ozone-csi/0.5.0-SNAPSHOT/hadoop-ozone-csi-0.5.0-SNAPSHOT.jar:/home/user/.m2/repository/com/google/protobuf/protobuf-java-util/3.5.1/protobuf-java-util-3.5.1.jar:/home/user/.m2/repository/org/apache/hadoop/hadoop-hdds-config/0.5.0-SNAPSHOT/hadoop-hdds-config-0.5.0-SNAPSHOT.jar:/home/user/.m2/repository/io/grpc/grpc-netty/1.17.1/grpc-netty-1.17.1.jar:/home/user/.m2/repository/io/grpc/grpc-core/1.17.1/grpc-core-1.17.1.jar:/home/user/.m2/repository/io/grpc/grpc-context/1.17.1/grpc-context-1.17.1.jar:/home/user/.m2/repository/com/google/errorprone/error_prone_annotations/2.2.0/error_prone_annotations-2.2.0.jar:/home/user/.m2/repository/org/codehaus/mojo/animal-sniffer-annotations/1.17/animal-sniffer-annotations-1.17.jar:/home/user/.m2/repository/io/opencensus/opencensus-api/0.17.0/opencensus-api-0.17.0.jar:/home/user/.m2/repository/io/opencensus/opencensus-contrib-grpc-metrics/0.17.0/opencensus-contrib-grpc-metrics-0.17.0.jar:/home/user/.m2/repository/io/netty/netty-codec-http2/4.1.30.Final/netty-codec-http2-4.1.30.Final.jar:/home/user/.m2/repository/io/netty/netty-codec-http/4.1.30.Final/netty-codec-http-4.1.30.Final.jar:/home/user/.m2/repository/io/netty/netty-codec/4.1.30.Final/netty-codec-4.1.30.Final.jar:/home/user/.m2/repository/io/netty/netty-handler/4.1.30.Final/netty-handler-4.1.30.Final.jar:/home/user/.m2/repository/io/netty/netty-handler-proxy/4.1.30.Final/netty-handler-proxy-4.1.30.Final.jar:/home/user/.m2/repository/io/netty/netty-codec-socks/4.1.30.Final/netty-codec-socks-4.1.30.Final.jar:/home/user/.m2/repository/io/netty/netty-transport-native-epoll/4.1.30.Final/netty-transport-native-epoll-4.1.30.Final.jar:/home/user/.m2/repository/io/netty/netty-common/4.1.30.Final/netty-common-4.1.30.Final.jar:/home/user/.m2/repository/io/netty/netty-buffer/4.1.30.Final/netty-buffer-4.1.30.Final.jar:/home/user/.m2/repository/io/netty/netty-transport/4.1.30.Final/netty-transport-4.1.30.Final.jar:/home/user/.m2/repository/io/netty/netty-resolver/4.1.30.Final/netty-resolver-4.1.30.Final.jar:/home/user/.m2/repository/io/netty/netty-transport-native-unix-common/4.1.30.Final/netty-transport-native-unix-common-4.1.30.Final.jar:/home/user/.m2/repository/io/grpc/grpc-protobuf/1.17.1/grpc-protobuf-1.17.1.jar:/home/user/.m2/repository/com/google/api/grpc/proto-google-common-protos/1.0.0/proto-google-common-protos-1.0.0.jar:/home/user/.m2/repository/io/grpc/grpc-protobuf-lite/1.17.1/grpc-protobuf-lite-1.17.1.jar:/home/user/.m2/repository/io/grpc/grpc-stub/1.17.1/grpc-stub-1.17.1.jar:/home/user/.m2/repository/org/apache/hadoop/hadoop-ozone-recon/0.5.0-SNAPSHOT/hadoop-ozone-recon-0.5.0-SNAPSHOT.jar:/home/user/.m2/repository/org/apache/hadoop/hadoop-ozone-reconcodegen/0.5.0-SNAPSHOT/hadoop-ozone-reconcodegen-0.5.0-SNAPSHOT.jar:/home/user/.m2/repository/com/google/inject/extensions/guice-multibindings/4.0/guice-multibindings-4.0.jar:/home/user/.m2/repository/com/google/inject/guice/4.0/guice-4.0.jar:/home/user/.m2/repository/aopalliance/aopalliance/1.0/aopalliance-1.0.jar:/home/user/.m2/repository/com/google/inject/extensions/guice-servlet/4.0/guice-servlet-4.0.jar:/home/user/.m2/repository/org/glassfish/jersey/containers/jersey-container-servlet/2.27/jersey-container-servlet-2.27.jar:/home/user/.m2/repository/org/glassfish/hk2/guice-bridge/2.5.0/guice-bridge-2.5.0.jar:/home/user/.m2/repository/org/glassfish/jersey/core/jersey-server/2.27/jersey-server-2.27.jar:/home/user/.m2/repository/org/glassfish/jersey/core/jersey-client/2.27/jersey-client-2.27.jar:/home/user/.m2/repository/org/glassfish/jersey/media/jersey-media-jaxb/2.27/jersey-media-jaxb-2.27.jar:/home/user/.m2/repository/javax/validation/validation-api/1.1.0.Final/validation-api-1.1.0.Final.jar:/home/user/.m2/repository/org/glassfish/jersey/media/jersey-media-json-jackson/2.27/jersey-media-json-jackson-2.27.jar:/home/user/.m2/repository/org/glassfish/jersey/ext/jersey-entity-filtering/2.27/jersey-entity-filtering-2.27.jar:/home/user/.m2/repository/com/google/inject/extensions/guice-assistedinject/4.0/guice-assistedinject-4.0.jar:/home/user/.m2/repository/org/jooq/jooq/3.11.10/jooq-3.11.10.jar:/home/user/.m2/repository/org/jooq/jooq-meta/3.11.10/jooq-meta-3.11.10.jar:/home/user/.m2/repository/org/jooq/jooq-codegen/3.11.10/jooq-codegen-3.11.10.jar:/home/user/.m2/repository/com/jolbox/bonecp/0.8.0.RELEASE/bonecp-0.8.0.RELEASE.jar:/home/user/.m2/repository/org/xerial/sqlite-jdbc/3.25.2/sqlite-jdbc-3.25.2.jar:/home/user/.m2/repository/org/springframework/spring-jdbc/5.1.3.RELEASE/spring-jdbc-5.1.3.RELEASE.jar:/home/user/.m2/repository/org/springframework/spring-beans/5.1.3.RELEASE/spring-beans-5.1.3.RELEASE.jar:/home/user/.m2/repository/org/springframework/spring-core/5.1.3.RELEASE/spring-core-5.1.3.RELEASE.jar:/home/user/.m2/repository/org/springframework/spring-jcl/5.1.3.RELEASE/spring-jcl-5.1.3.RELEASE.jar:/home/user/.m2/repository/org/springframework/spring-tx/5.1.3.RELEASE/spring-tx-5.1.3.RELEASE.jar:/home/user/.m2/repository/org/apache/hadoop/hadoop-ozone-client/0.5.0-SNAPSHOT/hadoop-ozone-client-0.5.0-SNAPSHOT.jar:/home/user/.m2/repository/commons-lang/commons-lang/2.6/commons-lang-2.6.jar:/home/user/.m2/repository/org/apache/hadoop/hadoop-ozone-ozone-manager/0.5.0-SNAPSHOT/hadoop-ozone-ozone-manager-0.5.0-SNAPSHOT-tests.jar:/home/user/.m2/repository/junit/junit/4.11/junit-4.11.jar:/home/user/.m2/repository/org/hamcrest/hamcrest-core/1.3/hamcrest-core-1.3.jar:/home/user/.m2/repository/org/openjdk/jmh/jmh-core/1.19/jmh-core-1.19.jar:/home/user/.m2/repository/net/sf/jopt-simple/jopt-simple/4.6/jopt-simple-4.6.jar:/home/user/.m2/repository/org/apache/commons/commons-math3/3.1.1/commons-math3-3.1.1.jar:/home/user/.m2/repository/org/openjdk/jmh/jmh-generator-annprocess/1.19/jmh-generator-annprocess-1.19.jar:/home/user/.m2/repository/org/mockito/mockito-all/1.8.5/mockito-all-1.8.5.jar:/home/user/.m2/repository/org/apache/hadoop/hadoop-kms/3.2.0/hadoop-kms-3.2.0.jar:/home/user/.m2/repository/org/apache/hadoop/hadoop-auth/3.2.0/hadoop-auth-3.2.0.jar:/home/user/.m2/repository/com/nimbusds/nimbus-jose-jwt/4.41.1/nimbus-jose-jwt-4.41.1.jar:/home/user/.m2/repository/com/github/stephenc/jcip/jcip-annotations/1.0-1/jcip-annotations-1.0-1.jar:/home/user/.m2/repository/net/minidev/json-smart/2.3/json-smart-2.3.jar:/home/user/.m2/repository/net/minidev/accessors-smart/1.2/accessors-smart-1.2.jar:/home/user/.m2/repository/org/ow2/asm/asm/5.0.4/asm-5.0.4.jar:/home/user/.m2/repository/org/apache/curator/curator-framework/2.12.0/curator-framework-2.12.0.jar:/home/user/.m2/repository/com/sun/jersey/jersey-core/1.19/jersey-core-1.19.jar:/home/user/.m2/repository/javax/ws/rs/jsr311-api/1.1.1/jsr311-api-1.1.1.jar:/home/user/.m2/repository/com/sun/jersey/jersey-server/1.19/jersey-server-1.19.jar:/home/user/.m2/repository/javax/servlet/javax.servlet-api/3.1.0/javax.servlet-api-3.1.0.jar:/home/user/.m2/repository/org/eclipse/jetty/jetty-server/9.3.25.v20180904/jetty-server-9.3.25.v20180904.jar:/home/user/.m2/repository/org/eclipse/jetty/jetty-http/9.3.25.v20180904/jetty-http-9.3.25.v20180904.jar:/home/user/.m2/repository/org/eclipse/jetty/jetty-io/9.3.25.v20180904/jetty-io-9.3.25.v20180904.jar:/home/user/.m2/repository/org/eclipse/jetty/jetty-webapp/9.3.25.v20180904/jetty-webapp-9.3.25.v20180904.jar:/home/user/.m2/repository/org/eclipse/jetty/jetty-xml/9.3.25.v20180904/jetty-xml-9.3.25.v20180904.jar:/home/user/.m2/repository/log4j/log4j/1.2.17/log4j-1.2.17.jar:/home/user/.m2/repository/org/slf4j/slf4j-api/1.7.25/slf4j-api-1.7.25.jar:/home/user/.m2/repository/org/slf4j/jul-to-slf4j/1.7.25/jul-to-slf4j-1.7.25.jar:/home/user/.m2/repository/org/eclipse/jetty/jetty-util/9.3.25.v20180904/jetty-util-9.3.25.v20180904.jar:/home/user/.m2/repository/com/fasterxml/jackson/core/jackson-databind/2.9.9/jackson-databind-2.9.9.jar:/home/user/.m2/repository/org/apache/hadoop/hadoop-kms/3.2.0/hadoop-kms-3.2.0-tests.jar:/home/user/.m2/repository/org/apache/hadoop/hadoop-hdds-server-scm/0.5.0-SNAPSHOT/hadoop-hdds-server-scm-0.5.0-SNAPSHOT-tests.jar:/home/user/.m2/repository/org/apache/hadoop/hadoop-hdds-container-service/0.5.0-SNAPSHOT/hadoop-hdds-container-service-0.5.0-SNAPSHOT-tests.jar:/home/user/.m2/repository/org/yaml/snakeyaml/1.16/snakeyaml-1.16.jar:/home/user/.m2/repository/org/apache/hadoop/hadoop-common/3.2.0/hadoop-common-3.2.0-tests.jar:/home/user/.m2/repository/org/apache/hadoop/hadoop-annotations/3.2.0/hadoop-annotations-3.2.0.jar:/usr/lib/jvm/java-1.8.0-openjdk-1.8.0.222.b10-1.el7_7.x86_64/jre/../lib/tools.jar:/home/user/.m2/repository/commons-cli/commons-cli/1.2/commons-cli-1.2.jar:/home/user/.m2/repository/org/apache/httpcomponents/httpclient/4.5.2/httpclient-4.5.2.jar:/home/user/.m2/repository/org/apache/httpcomponents/httpcore/4.4.4/httpcore-4.4.4.jar:/home/user/.m2/repository/commons-codec/commons-codec/1.11/commons-codec-1.11.jar:/home/user/.m2/repository/commons-net/commons-net/3.6/commons-net-3.6.jar:/home/user/.m2/repository/commons-collections/commons-collections/3.2.2/commons-collections-3.2.2.jar:/home/user/.m2/repository/org/eclipse/jetty/jetty-servlet/9.3.25.v20180904/jetty-servlet-9.3.25.v20180904.jar:/home/user/.m2/repository/org/eclipse/jetty/jetty-security/9.3.25.v20180904/jetty-security-9.3.25.v20180904.jar:/home/user/.m2/repository/javax/servlet/jsp/jsp-api/2.1/jsp-api-2.1.jar:/home/user/.m2/repository/com/sun/jersey/jersey-servlet/1.19/jersey-servlet-1.19.jar:/home/user/.m2/repository/com/sun/jersey/jersey-json/1.19/jersey-json-1.19.jar:/home/user/.m2/repository/org/codehaus/jettison/jettison/1.1/jettison-1.1.jar:/home/user/.m2/repository/org/codehaus/jackson/jackson-core-asl/1.9.13/jackson-core-asl-1.9.13.jar:/home/user/.m2/repository/org/codehaus/jackson/jackson-mapper-asl/1.9.13/jackson-mapper-asl-1.9.13.jar:/home/user/.m2/repository/org/codehaus/jackson/jackson-jaxrs/1.9.13/jackson-jaxrs-1.9.13.jar:/home/user/.m2/repository/org/codehaus/jackson/jackson-xc/1.9.13/jackson-xc-1.9.13.jar:/home/user/.m2/repository/commons-logging/commons-logging/1.1.3/commons-logging-1.1.3.jar:/home/user/.m2/repository/commons-beanutils/commons-beanutils/1.9.4/commons-beanutils-1.9.4.jar:/home/user/.m2/repository/org/apache/commons/commons-configuration2/2.1.1/commons-configuration2-2.1.1.jar:/home/user/.m2/repository/org/apache/commons/commons-lang3/3.7/commons-lang3-3.7.jar:/home/user/.m2/repository/org/apache/commons/commons-text/1.4/commons-text-1.4.jar:/home/user/.m2/repository/org/apache/avro/avro/1.7.7/avro-1.7.7.jar:/home/user/.m2/repository/com/thoughtworks/paranamer/paranamer/2.3/paranamer-2.3.jar:/home/user/.m2/repository/org/xerial/snappy/snappy-java/1.0.5/snappy-java-1.0.5.jar:/home/user/.m2/repository/com/google/re2j/re2j/1.1/re2j-1.1.jar:/home/user/.m2/repository/com/google/code/gson/gson/2.2.4/gson-2.2.4.jar:/home/user/.m2/repository/com/jcraft/jsch/0.1.54/jsch-0.1.54.jar:/home/user/.m2/repository/org/apache/curator/curator-client/2.12.0/curator-client-2.12.0.jar:/home/user/.m2/repository/org/apache/curator/curator-recipes/2.12.0/curator-recipes-2.12.0.jar:/home/user/.m2/repository/com/google/code/findbugs/jsr305/3.0.0/jsr305-3.0.0.jar:/home/user/.m2/repository/org/apache/htrace/htrace-core4/4.1.0-incubating/htrace-core4-4.1.0-incubating.jar:/home/user/.m2/repository/org/apache/zookeeper/zookeeper/3.4.13/zookeeper-3.4.13.jar:/home/user/.m2/repository/jline/jline/0.9.94/jline-0.9.94.jar:/home/user/.m2/repository/org/apache/yetus/audience-annotations/0.5.0/audience-annotations-0.5.0.jar:/home/user/.m2/repository/org/codehaus/woodstox/stax2-api/3.1.4/stax2-api-3.1.4.jar:/home/user/.m2/repository/com/fasterxml/woodstox/woodstox-core/5.0.3/woodstox-core-5.0.3.jar:/home/user/.m2/repository/dnsjava/dnsjava/2.1.7/dnsjava-2.1.7.jar:/home/user/.m2/repository/org/apache/hadoop/hadoop-hdfs/3.2.0/hadoop-hdfs-3.2.0-tests.jar:/home/user/.m2/repository/org/eclipse/jetty/jetty-util-ajax/9.3.25.v20180904/jetty-util-ajax-9.3.25.v20180904.jar:/home/user/.m2/repository/commons-daemon/commons-daemon/1.0.13/commons-daemon-1.0.13.jar:/home/user/.m2/repository/io/netty/netty/3.10.5.Final/netty-3.10.5.Final.jar:/home/user/.m2/repository/io/netty/netty-all/4.0.52.Final/netty-all-4.0.52.Final.jar:/home/user/.m2/repository/org/fusesource/leveldbjni/leveldbjni-all/1.8/leveldbjni-all-1.8.jar:"/>
    <property name="java.vm.vendor" value="Oracle Corporation"/>
    <property name="sun.arch.data.model" value="64"/>
    <property name="test.build.dir" value="/workdir/hadoop-ozone/integration-test/target/test-dir"/>
    <property name="test.cache.data" value=""/>
    <property name="java.vendor.url" value="http://java.oracle.com/"/>
    <property name="user.timezone" value=""/>
    <property name="java.vm.specification.version" value="1.8"/>
    <property name="os.name" value="Linux"/>
    <property name="test.build.data" value="/workdir/hadoop-ozone/integration-test/target/test-dir"/>
    <property name="user.country" value="US"/>
    <property name="sun.java.launcher" value="SUN_STANDARD"/>
    <property name="sun.boot.library.path" value="/usr/lib/jvm/java-1.8.0-openjdk-1.8.0.222.b10-1.el7_7.x86_64/jre/lib/amd64"/>
    <property name="sun.java.command" value="/workdir/hadoop-ozone/integration-test/target/surefire/surefirebooter1087645879550965215.jar /workdir/hadoop-ozone/integration-test/target/surefire 2019-10-15T09-33-51_895-jvmRun1 surefire7016932404667678907tmp surefire_381784105667956576803tmp"/>
    <property name="test" value="!TestMiniChaosOzoneCluster"/>
    <property name="surefire.test.class.path" value="/workdir/hadoop-ozone/integration-test/target/test-classes:/workdir/hadoop-ozone/integration-test/target/classes:/home/user/.m2/repository/org/apache/hadoop/hadoop-ozone-common/0.5.0-SNAPSHOT/hadoop-ozone-common-0.5.0-SNAPSHOT.jar:/home/user/.m2/repository/org/apache/commons/commons-compress/1.4.1/commons-compress-1.4.1.jar:/home/user/.m2/repository/org/tukaani/xz/1.0/xz-1.0.jar:/home/user/.m2/repository/org/apache/hadoop/hadoop-common/3.2.0/hadoop-common-3.2.0.jar:/home/user/.m2/repository/org/apache/hadoop/hadoop-hdfs/3.2.0/hadoop-hdfs-3.2.0.jar:/home/user/.m2/repository/org/apache/hadoop/hadoop-hdfs-client/3.2.0/hadoop-hdfs-client-3.2.0.jar:/home/user/.m2/repository/com/fasterxml/jackson/core/jackson-annotations/2.9.9/jackson-annotations-2.9.9.jar:/home/user/.m2/repository/org/apache/hadoop/hadoop-hdds-common/0.5.0-SNAPSHOT/hadoop-hdds-common-0.5.0-SNAPSHOT.jar:/home/user/.m2/repository/javax/annotation/javax.annotation-api/1.2/javax.annotation-api-1.2.jar:/home/user/.m2/repository/org/apache/ratis/ratis-server/0.5.0-201fc85-SNAPSHOT/ratis-server-0.5.0-201fc85-SNAPSHOT.jar:/home/user/.m2/repository/org/apache/ratis/ratis-thirdparty-misc/0.2.0/ratis-thirdparty-misc-0.2.0.jar:/home/user/.m2/repository/org/apache/ratis/ratis-proto/0.5.0-201fc85-SNAPSHOT/ratis-proto-0.5.0-201fc85-SNAPSHOT.jar:/home/user/.m2/repository/org/apache/ratis/ratis-common/0.5.0-201fc85-SNAPSHOT/ratis-common-0.5.0-201fc85-SNAPSHOT.jar:/home/user/.m2/repository/org/apache/ratis/ratis-client/0.5.0-201fc85-SNAPSHOT/ratis-client-0.5.0-201fc85-SNAPSHOT.jar:/home/user/.m2/repository/org/apache/ratis/ratis-metrics/0.5.0-201fc85-SNAPSHOT/ratis-metrics-0.5.0-201fc85-SNAPSHOT.jar:/home/user/.m2/repository/com/github/joshelser/dropwizard-metrics-hadoop-metrics2-reporter/0.1.2/dropwizard-metrics-hadoop-metrics2-reporter-0.1.2.jar:/home/user/.m2/repository/io/dropwizard/metrics/metrics-jvm/3.2.5/metrics-jvm-3.2.5.jar:/home/user/.m2/repository/io/dropwizard/metrics/metrics-ganglia/3.2.5/metrics-ganglia-3.2.5.jar:/home/user/.m2/repository/info/ganglia/gmetric4j/gmetric4j/1.0.7/gmetric4j-1.0.7.jar:/home/user/.m2/repository/org/apache/ratis/ratis-netty/0.5.0-201fc85-SNAPSHOT/ratis-netty-0.5.0-201fc85-SNAPSHOT.jar:/home/user/.m2/repository/org/apache/ratis/ratis-grpc/0.5.0-201fc85-SNAPSHOT/ratis-grpc-0.5.0-201fc85-SNAPSHOT.jar:/home/user/.m2/repository/org/rocksdb/rocksdbjni/6.0.1/rocksdbjni-6.0.1.jar:/home/user/.m2/repository/org/apache/logging/log4j/log4j-api/2.11.0/log4j-api-2.11.0.jar:/home/user/.m2/repository/org/apache/logging/log4j/log4j-core/2.11.0/log4j-core-2.11.0.jar:/home/user/.m2/repository/com/lmax/disruptor/3.4.2/disruptor-3.4.2.jar:/home/user/.m2/repository/org/apache/commons/commons-pool2/2.6.0/commons-pool2-2.6.0.jar:/home/user/.m2/repository/org/bouncycastle/bcpkix-jdk15on/1.60/bcpkix-jdk15on-1.60.jar:/home/user/.m2/repository/commons-validator/commons-validator/1.6/commons-validator-1.6.jar:/home/user/.m2/repository/commons-digester/commons-digester/1.8.1/commons-digester-1.8.1.jar:/home/user/.m2/repository/io/jaegertracing/jaeger-client/0.34.0/jaeger-client-0.34.0.jar:/home/user/.m2/repository/io/jaegertracing/jaeger-thrift/0.34.0/jaeger-thrift-0.34.0.jar:/home/user/.m2/repository/org/apache/thrift/libthrift/0.12.0/libthrift-0.12.0.jar:/home/user/.m2/repository/com/squareup/okhttp3/okhttp/3.9.0/okhttp-3.9.0.jar:/home/user/.m2/repository/com/squareup/okio/okio/1.13.0/okio-1.13.0.jar:/home/user/.m2/repository/io/jaegertracing/jaeger-core/0.34.0/jaeger-core-0.34.0.jar:/home/user/.m2/repository/io/jaegertracing/jaeger-tracerresolver/0.34.0/jaeger-tracerresolver-0.34.0.jar:/home/user/.m2/repository/io/opentracing/contrib/opentracing-tracerresolver/0.1.5/opentracing-tracerresolver-0.1.5.jar:/home/user/.m2/repository/io/opentracing/opentracing-util/0.31.0/opentracing-util-0.31.0.jar:/home/user/.m2/repository/io/opentracing/opentracing-api/0.31.0/opentracing-api-0.31.0.jar:/home/user/.m2/repository/io/opentracing/opentracing-noop/0.31.0/opentracing-noop-0.31.0.jar:/home/user/.m2/repository/org/apache/hadoop/hadoop-hdds-server-framework/0.5.0-SNAPSHOT/hadoop-hdds-server-framework-0.5.0-SNAPSHOT.jar:/home/user/.m2/repository/org/apache/hadoop/hadoop-hdds-container-service/0.5.0-SNAPSHOT/hadoop-hdds-container-service-0.5.0-SNAPSHOT.jar:/home/user/.m2/repository/org/apache/hadoop/hadoop-hdds-client/0.5.0-SNAPSHOT/hadoop-hdds-client-0.5.0-SNAPSHOT.jar:/home/user/.m2/repository/org/apache/hadoop/hadoop-hdds-tools/0.5.0-SNAPSHOT/hadoop-hdds-tools-0.5.0-SNAPSHOT.jar:/home/user/.m2/repository/org/apache/hadoop/hadoop-hdds-server-scm/0.5.0-SNAPSHOT/hadoop-hdds-server-scm-0.5.0-SNAPSHOT.jar:/home/user/.m2/repository/org/apache/hadoop/hadoop-hdds-docs/0.5.0-SNAPSHOT/hadoop-hdds-docs-0.5.0-SNAPSHOT.jar:/home/user/.m2/repository/io/dropwizard/metrics/metrics-core/3.2.4/metrics-core-3.2.4.jar:/home/user/.m2/repository/org/hamcrest/hamcrest-all/1.3/hamcrest-all-1.3.jar:/home/user/.m2/repository/org/bouncycastle/bcprov-jdk15on/1.60/bcprov-jdk15on-1.60.jar:/home/user/.m2/repository/info/picocli/picocli/3.9.6/picocli-3.9.6.jar:/home/user/.m2/repository/com/google/protobuf/protobuf-java/2.5.0/protobuf-java-2.5.0.jar:/home/user/.m2/repository/com/google/guava/guava/11.0.2/guava-11.0.2.jar:/home/user/.m2/repository/org/apache/hadoop/hadoop-ozone-ozone-manager/0.5.0-SNAPSHOT/hadoop-ozone-ozone-manager-0.5.0-SNAPSHOT.jar:/home/user/.m2/repository/org/apache/hadoop/hadoop-minikdc/3.2.0/hadoop-minikdc-3.2.0.jar:/home/user/.m2/repository/commons-io/commons-io/2.5/commons-io-2.5.jar:/home/user/.m2/repository/org/apache/kerby/kerb-simplekdc/1.0.1/kerb-simplekdc-1.0.1.jar:/home/user/.m2/repository/org/apache/kerby/kerb-client/1.0.1/kerb-client-1.0.1.jar:/home/user/.m2/repository/org/apache/kerby/kerby-config/1.0.1/kerby-config-1.0.1.jar:/home/user/.m2/repository/org/apache/kerby/kerb-core/1.0.1/kerb-core-1.0.1.jar:/home/user/.m2/repository/org/apache/kerby/kerby-pkix/1.0.1/kerby-pkix-1.0.1.jar:/home/user/.m2/repository/org/apache/kerby/kerby-asn1/1.0.1/kerby-asn1-1.0.1.jar:/home/user/.m2/repository/org/apache/kerby/kerby-util/1.0.1/kerby-util-1.0.1.jar:/home/user/.m2/repository/org/apache/kerby/kerb-common/1.0.1/kerb-common-1.0.1.jar:/home/user/.m2/repository/org/apache/kerby/kerb-crypto/1.0.1/kerb-crypto-1.0.1.jar:/home/user/.m2/repository/org/apache/kerby/kerb-util/1.0.1/kerb-util-1.0.1.jar:/home/user/.m2/repository/org/apache/kerby/token-provider/1.0.1/token-provider-1.0.1.jar:/home/user/.m2/repository/org/apache/kerby/kerb-admin/1.0.1/kerb-admin-1.0.1.jar:/home/user/.m2/repository/org/apache/kerby/kerb-server/1.0.1/kerb-server-1.0.1.jar:/home/user/.m2/repository/org/apache/kerby/kerb-identity/1.0.1/kerb-identity-1.0.1.jar:/home/user/.m2/repository/org/apache/kerby/kerby-xdr/1.0.1/kerby-xdr-1.0.1.jar:/home/user/.m2/repository/org/slf4j/slf4j-log4j12/1.7.25/slf4j-log4j12-1.7.25.jar:/home/user/.m2/repository/org/apache/hadoop/hadoop-ozone-s3gateway/0.5.0-SNAPSHOT/hadoop-ozone-s3gateway-0.5.0-SNAPSHOT.jar:/home/user/.m2/repository/org/jboss/weld/servlet/weld-servlet/2.4.7.Final/weld-servlet-2.4.7.Final.jar:/home/user/.m2/repository/org/glassfish/jersey/containers/jersey-container-servlet-core/2.27/jersey-container-servlet-core-2.27.jar:/home/user/.m2/repository/org/glassfish/hk2/external/javax.inject/2.5.0-b42/javax.inject-2.5.0-b42.jar:/home/user/.m2/repository/org/glassfish/jersey/core/jersey-common/2.27/jersey-common-2.27.jar:/home/user/.m2/repository/org/glassfish/hk2/osgi-resource-locator/1.0.1/osgi-resource-locator-1.0.1.jar:/home/user/.m2/repository/javax/ws/rs/javax.ws.rs-api/2.1/javax.ws.rs-api-2.1.jar:/home/user/.m2/repository/org/glassfish/jersey/ext/cdi/jersey-cdi1x/2.27/jersey-cdi1x-2.27.jar:/home/user/.m2/repository/org/glassfish/jersey/inject/jersey-hk2/2.27/jersey-hk2-2.27.jar:/home/user/.m2/repository/org/glassfish/hk2/hk2-locator/2.5.0-b42/hk2-locator-2.5.0-b42.jar:/home/user/.m2/repository/org/javassist/javassist/3.22.0-CR2/javassist-3.22.0-CR2.jar:/home/user/.m2/repository/org/glassfish/hk2/hk2-api/2.5.0/hk2-api-2.5.0.jar:/home/user/.m2/repository/org/glassfish/hk2/external/jakarta.inject/2.5.0/jakarta.inject-2.5.0.jar:/home/user/.m2/repository/org/glassfish/hk2/hk2-utils/2.5.0/hk2-utils-2.5.0.jar:/home/user/.m2/repository/jakarta/annotation/jakarta.annotation-api/1.3.4/jakarta.annotation-api-1.3.4.jar:/home/user/.m2/repository/org/glassfish/hk2/external/aopalliance-repackaged/2.5.0/aopalliance-repackaged-2.5.0.jar:/home/user/.m2/repository/com/fasterxml/jackson/dataformat/jackson-dataformat-xml/2.9.0/jackson-dataformat-xml-2.9.0.jar:/home/user/.m2/repository/com/fasterxml/jackson/core/jackson-core/2.9.9/jackson-core-2.9.9.jar:/home/user/.m2/repository/com/fasterxml/jackson/module/jackson-module-jaxb-annotations/2.9.9/jackson-module-jaxb-annotations-2.9.9.jar:/home/user/.m2/repository/javax/enterprise/cdi-api/1.2/cdi-api-1.2.jar:/home/user/.m2/repository/javax/el/javax.el-api/3.0.0/javax.el-api-3.0.0.jar:/home/user/.m2/repository/javax/interceptor/javax.interceptor-api/1.2/javax.interceptor-api-1.2.jar:/home/user/.m2/repository/javax/inject/javax.inject/1/javax.inject-1.jar:/home/user/.m2/repository/com/sun/xml/bind/jaxb-impl/2.3.0.1/jaxb-impl-2.3.0.1.jar:/home/user/.m2/repository/com/sun/xml/bind/jaxb-core/2.3.0.1/jaxb-core-2.3.0.1.jar:/home/user/.m2/repository/javax/xml/bind/jaxb-api/2.3.0/jaxb-api-2.3.0.jar:/home/user/.m2/repository/javax/activation/activation/1.1.1/activation-1.1.1.jar:/home/user/.m2/repository/org/apache/hadoop/hadoop-ozone-csi/0.5.0-SNAPSHOT/hadoop-ozone-csi-0.5.0-SNAPSHOT.jar:/home/user/.m2/repository/com/google/protobuf/protobuf-java-util/3.5.1/protobuf-java-util-3.5.1.jar:/home/user/.m2/repository/org/apache/hadoop/hadoop-hdds-config/0.5.0-SNAPSHOT/hadoop-hdds-config-0.5.0-SNAPSHOT.jar:/home/user/.m2/repository/io/grpc/grpc-netty/1.17.1/grpc-netty-1.17.1.jar:/home/user/.m2/repository/io/grpc/grpc-core/1.17.1/grpc-core-1.17.1.jar:/home/user/.m2/repository/io/grpc/grpc-context/1.17.1/grpc-context-1.17.1.jar:/home/user/.m2/repository/com/google/errorprone/error_prone_annotations/2.2.0/error_prone_annotations-2.2.0.jar:/home/user/.m2/repository/org/codehaus/mojo/animal-sniffer-annotations/1.17/animal-sniffer-annotations-1.17.jar:/home/user/.m2/repository/io/opencensus/opencensus-api/0.17.0/opencensus-api-0.17.0.jar:/home/user/.m2/repository/io/opencensus/opencensus-contrib-grpc-metrics/0.17.0/opencensus-contrib-grpc-metrics-0.17.0.jar:/home/user/.m2/repository/io/netty/netty-codec-http2/4.1.30.Final/netty-codec-http2-4.1.30.Final.jar:/home/user/.m2/repository/io/netty/netty-codec-http/4.1.30.Final/netty-codec-http-4.1.30.Final.jar:/home/user/.m2/repository/io/netty/netty-codec/4.1.30.Final/netty-codec-4.1.30.Final.jar:/home/user/.m2/repository/io/netty/netty-handler/4.1.30.Final/netty-handler-4.1.30.Final.jar:/home/user/.m2/repository/io/netty/netty-handler-proxy/4.1.30.Final/netty-handler-proxy-4.1.30.Final.jar:/home/user/.m2/repository/io/netty/netty-codec-socks/4.1.30.Final/netty-codec-socks-4.1.30.Final.jar:/home/user/.m2/repository/io/netty/netty-transport-native-epoll/4.1.30.Final/netty-transport-native-epoll-4.1.30.Final.jar:/home/user/.m2/repository/io/netty/netty-common/4.1.30.Final/netty-common-4.1.30.Final.jar:/home/user/.m2/repository/io/netty/netty-buffer/4.1.30.Final/netty-buffer-4.1.30.Final.jar:/home/user/.m2/repository/io/netty/netty-transport/4.1.30.Final/netty-transport-4.1.30.Final.jar:/home/user/.m2/repository/io/netty/netty-resolver/4.1.30.Final/netty-resolver-4.1.30.Final.jar:/home/user/.m2/repository/io/netty/netty-transport-native-unix-common/4.1.30.Final/netty-transport-native-unix-common-4.1.30.Final.jar:/home/user/.m2/repository/io/grpc/grpc-protobuf/1.17.1/grpc-protobuf-1.17.1.jar:/home/user/.m2/repository/com/google/api/grpc/proto-google-common-protos/1.0.0/proto-google-common-protos-1.0.0.jar:/home/user/.m2/repository/io/grpc/grpc-protobuf-lite/1.17.1/grpc-protobuf-lite-1.17.1.jar:/home/user/.m2/repository/io/grpc/grpc-stub/1.17.1/grpc-stub-1.17.1.jar:/home/user/.m2/repository/org/apache/hadoop/hadoop-ozone-recon/0.5.0-SNAPSHOT/hadoop-ozone-recon-0.5.0-SNAPSHOT.jar:/home/user/.m2/repository/org/apache/hadoop/hadoop-ozone-reconcodegen/0.5.0-SNAPSHOT/hadoop-ozone-reconcodegen-0.5.0-SNAPSHOT.jar:/home/user/.m2/repository/com/google/inject/extensions/guice-multibindings/4.0/guice-multibindings-4.0.jar:/home/user/.m2/repository/com/google/inject/guice/4.0/guice-4.0.jar:/home/user/.m2/repository/aopalliance/aopalliance/1.0/aopalliance-1.0.jar:/home/user/.m2/repository/com/google/inject/extensions/guice-servlet/4.0/guice-servlet-4.0.jar:/home/user/.m2/repository/org/glassfish/jersey/containers/jersey-container-servlet/2.27/jersey-container-servlet-2.27.jar:/home/user/.m2/repository/org/glassfish/hk2/guice-bridge/2.5.0/guice-bridge-2.5.0.jar:/home/user/.m2/repository/org/glassfish/jersey/core/jersey-server/2.27/jersey-server-2.27.jar:/home/user/.m2/repository/org/glassfish/jersey/core/jersey-client/2.27/jersey-client-2.27.jar:/home/user/.m2/repository/org/glassfish/jersey/media/jersey-media-jaxb/2.27/jersey-media-jaxb-2.27.jar:/home/user/.m2/repository/javax/validation/validation-api/1.1.0.Final/validation-api-1.1.0.Final.jar:/home/user/.m2/repository/org/glassfish/jersey/media/jersey-media-json-jackson/2.27/jersey-media-json-jackson-2.27.jar:/home/user/.m2/repository/org/glassfish/jersey/ext/jersey-entity-filtering/2.27/jersey-entity-filtering-2.27.jar:/home/user/.m2/repository/com/google/inject/extensions/guice-assistedinject/4.0/guice-assistedinject-4.0.jar:/home/user/.m2/repository/org/jooq/jooq/3.11.10/jooq-3.11.10.jar:/home/user/.m2/repository/org/jooq/jooq-meta/3.11.10/jooq-meta-3.11.10.jar:/home/user/.m2/repository/org/jooq/jooq-codegen/3.11.10/jooq-codegen-3.11.10.jar:/home/user/.m2/repository/com/jolbox/bonecp/0.8.0.RELEASE/bonecp-0.8.0.RELEASE.jar:/home/user/.m2/repository/org/xerial/sqlite-jdbc/3.25.2/sqlite-jdbc-3.25.2.jar:/home/user/.m2/repository/org/springframework/spring-jdbc/5.1.3.RELEASE/spring-jdbc-5.1.3.RELEASE.jar:/home/user/.m2/repository/org/springframework/spring-beans/5.1.3.RELEASE/spring-beans-5.1.3.RELEASE.jar:/home/user/.m2/repository/org/springframework/spring-core/5.1.3.RELEASE/spring-core-5.1.3.RELEASE.jar:/home/user/.m2/repository/org/springframework/spring-jcl/5.1.3.RELEASE/spring-jcl-5.1.3.RELEASE.jar:/home/user/.m2/repository/org/springframework/spring-tx/5.1.3.RELEASE/spring-tx-5.1.3.RELEASE.jar:/home/user/.m2/repository/org/apache/hadoop/hadoop-ozone-client/0.5.0-SNAPSHOT/hadoop-ozone-client-0.5.0-SNAPSHOT.jar:/home/user/.m2/repository/commons-lang/commons-lang/2.6/commons-lang-2.6.jar:/home/user/.m2/repository/org/apache/hadoop/hadoop-ozone-ozone-manager/0.5.0-SNAPSHOT/hadoop-ozone-ozone-manager-0.5.0-SNAPSHOT-tests.jar:/home/user/.m2/repository/junit/junit/4.11/junit-4.11.jar:/home/user/.m2/repository/org/hamcrest/hamcrest-core/1.3/hamcrest-core-1.3.jar:/home/user/.m2/repository/org/openjdk/jmh/jmh-core/1.19/jmh-core-1.19.jar:/home/user/.m2/repository/net/sf/jopt-simple/jopt-simple/4.6/jopt-simple-4.6.jar:/home/user/.m2/repository/org/apache/commons/commons-math3/3.1.1/commons-math3-3.1.1.jar:/home/user/.m2/repository/org/openjdk/jmh/jmh-generator-annprocess/1.19/jmh-generator-annprocess-1.19.jar:/home/user/.m2/repository/org/mockito/mockito-all/1.8.5/mockito-all-1.8.5.jar:/home/user/.m2/repository/org/apache/hadoop/hadoop-kms/3.2.0/hadoop-kms-3.2.0.jar:/home/user/.m2/repository/org/apache/hadoop/hadoop-auth/3.2.0/hadoop-auth-3.2.0.jar:/home/user/.m2/repository/com/nimbusds/nimbus-jose-jwt/4.41.1/nimbus-jose-jwt-4.41.1.jar:/home/user/.m2/repository/com/github/stephenc/jcip/jcip-annotations/1.0-1/jcip-annotations-1.0-1.jar:/home/user/.m2/repository/net/minidev/json-smart/2.3/json-smart-2.3.jar:/home/user/.m2/repository/net/minidev/accessors-smart/1.2/accessors-smart-1.2.jar:/home/user/.m2/repository/org/ow2/asm/asm/5.0.4/asm-5.0.4.jar:/home/user/.m2/repository/org/apache/curator/curator-framework/2.12.0/curator-framework-2.12.0.jar:/home/user/.m2/repository/com/sun/jersey/jersey-core/1.19/jersey-core-1.19.jar:/home/user/.m2/repository/javax/ws/rs/jsr311-api/1.1.1/jsr311-api-1.1.1.jar:/home/user/.m2/repository/com/sun/jersey/jersey-server/1.19/jersey-server-1.19.jar:/home/user/.m2/repository/javax/servlet/javax.servlet-api/3.1.0/javax.servlet-api-3.1.0.jar:/home/user/.m2/repository/org/eclipse/jetty/jetty-server/9.3.25.v20180904/jetty-server-9.3.25.v20180904.jar:/home/user/.m2/repository/org/eclipse/jetty/jetty-http/9.3.25.v20180904/jetty-http-9.3.25.v20180904.jar:/home/user/.m2/repository/org/eclipse/jetty/jetty-io/9.3.25.v20180904/jetty-io-9.3.25.v20180904.jar:/home/user/.m2/repository/org/eclipse/jetty/jetty-webapp/9.3.25.v20180904/jetty-webapp-9.3.25.v20180904.jar:/home/user/.m2/repository/org/eclipse/jetty/jetty-xml/9.3.25.v20180904/jetty-xml-9.3.25.v20180904.jar:/home/user/.m2/repository/log4j/log4j/1.2.17/log4j-1.2.17.jar:/home/user/.m2/repository/org/slf4j/slf4j-api/1.7.25/slf4j-api-1.7.25.jar:/home/user/.m2/repository/org/slf4j/jul-to-slf4j/1.7.25/jul-to-slf4j-1.7.25.jar:/home/user/.m2/repository/org/eclipse/jetty/jetty-util/9.3.25.v20180904/jetty-util-9.3.25.v20180904.jar:/home/user/.m2/repository/com/fasterxml/jackson/core/jackson-databind/2.9.9/jackson-databind-2.9.9.jar:/home/user/.m2/repository/org/apache/hadoop/hadoop-kms/3.2.0/hadoop-kms-3.2.0-tests.jar:/home/user/.m2/repository/org/apache/hadoop/hadoop-hdds-server-scm/0.5.0-SNAPSHOT/hadoop-hdds-server-scm-0.5.0-SNAPSHOT-tests.jar:/home/user/.m2/repository/org/apache/hadoop/hadoop-hdds-container-service/0.5.0-SNAPSHOT/hadoop-hdds-container-service-0.5.0-SNAPSHOT-tests.jar:/home/user/.m2/repository/org/yaml/snakeyaml/1.16/snakeyaml-1.16.jar:/home/user/.m2/repository/org/apache/hadoop/hadoop-common/3.2.0/hadoop-common-3.2.0-tests.jar:/home/user/.m2/repository/org/apache/hadoop/hadoop-annotations/3.2.0/hadoop-annotations-3.2.0.jar:/usr/lib/jvm/java-1.8.0-openjdk-1.8.0.222.b10-1.el7_7.x86_64/jre/../lib/tools.jar:/home/user/.m2/repository/commons-cli/commons-cli/1.2/commons-cli-1.2.jar:/home/user/.m2/repository/org/apache/httpcomponents/httpclient/4.5.2/httpclient-4.5.2.jar:/home/user/.m2/repository/org/apache/httpcomponents/httpcore/4.4.4/httpcore-4.4.4.jar:/home/user/.m2/repository/commons-codec/commons-codec/1.11/commons-codec-1.11.jar:/home/user/.m2/repository/commons-net/commons-net/3.6/commons-net-3.6.jar:/home/user/.m2/repository/commons-collections/commons-collections/3.2.2/commons-collections-3.2.2.jar:/home/user/.m2/repository/org/eclipse/jetty/jetty-servlet/9.3.25.v20180904/jetty-servlet-9.3.25.v20180904.jar:/home/user/.m2/repository/org/eclipse/jetty/jetty-security/9.3.25.v20180904/jetty-security-9.3.25.v20180904.jar:/home/user/.m2/repository/javax/servlet/jsp/jsp-api/2.1/jsp-api-2.1.jar:/home/user/.m2/repository/com/sun/jersey/jersey-servlet/1.19/jersey-servlet-1.19.jar:/home/user/.m2/repository/com/sun/jersey/jersey-json/1.19/jersey-json-1.19.jar:/home/user/.m2/repository/org/codehaus/jettison/jettison/1.1/jettison-1.1.jar:/home/user/.m2/repository/org/codehaus/jackson/jackson-core-asl/1.9.13/jackson-core-asl-1.9.13.jar:/home/user/.m2/repository/org/codehaus/jackson/jackson-mapper-asl/1.9.13/jackson-mapper-asl-1.9.13.jar:/home/user/.m2/repository/org/codehaus/jackson/jackson-jaxrs/1.9.13/jackson-jaxrs-1.9.13.jar:/home/user/.m2/repository/org/codehaus/jackson/jackson-xc/1.9.13/jackson-xc-1.9.13.jar:/home/user/.m2/repository/commons-logging/commons-logging/1.1.3/commons-logging-1.1.3.jar:/home/user/.m2/repository/commons-beanutils/commons-beanutils/1.9.4/commons-beanutils-1.9.4.jar:/home/user/.m2/repository/org/apache/commons/commons-configuration2/2.1.1/commons-configuration2-2.1.1.jar:/home/user/.m2/repository/org/apache/commons/commons-lang3/3.7/commons-lang3-3.7.jar:/home/user/.m2/repository/org/apache/commons/commons-text/1.4/commons-text-1.4.jar:/home/user/.m2/repository/org/apache/avro/avro/1.7.7/avro-1.7.7.jar:/home/user/.m2/repository/com/thoughtworks/paranamer/paranamer/2.3/paranamer-2.3.jar:/home/user/.m2/repository/org/xerial/snappy/snappy-java/1.0.5/snappy-java-1.0.5.jar:/home/user/.m2/repository/com/google/re2j/re2j/1.1/re2j-1.1.jar:/home/user/.m2/repository/com/google/code/gson/gson/2.2.4/gson-2.2.4.jar:/home/user/.m2/repository/com/jcraft/jsch/0.1.54/jsch-0.1.54.jar:/home/user/.m2/repository/org/apache/curator/curator-client/2.12.0/curator-client-2.12.0.jar:/home/user/.m2/repository/org/apache/curator/curator-recipes/2.12.0/curator-recipes-2.12.0.jar:/home/user/.m2/repository/com/google/code/findbugs/jsr305/3.0.0/jsr305-3.0.0.jar:/home/user/.m2/repository/org/apache/htrace/htrace-core4/4.1.0-incubating/htrace-core4-4.1.0-incubating.jar:/home/user/.m2/repository/org/apache/zookeeper/zookeeper/3.4.13/zookeeper-3.4.13.jar:/home/user/.m2/repository/jline/jline/0.9.94/jline-0.9.94.jar:/home/user/.m2/repository/org/apache/yetus/audience-annotations/0.5.0/audience-annotations-0.5.0.jar:/home/user/.m2/repository/org/codehaus/woodstox/stax2-api/3.1.4/stax2-api-3.1.4.jar:/home/user/.m2/repository/com/fasterxml/woodstox/woodstox-core/5.0.3/woodstox-core-5.0.3.jar:/home/user/.m2/repository/dnsjava/dnsjava/2.1.7/dnsjava-2.1.7.jar:/home/user/.m2/repository/org/apache/hadoop/hadoop-hdfs/3.2.0/hadoop-hdfs-3.2.0-tests.jar:/home/user/.m2/repository/org/eclipse/jetty/jetty-util-ajax/9.3.25.v20180904/jetty-util-ajax-9.3.25.v20180904.jar:/home/user/.m2/repository/commons-daemon/commons-daemon/1.0.13/commons-daemon-1.0.13.jar:/home/user/.m2/repository/io/netty/netty/3.10.5.Final/netty-3.10.5.Final.jar:/home/user/.m2/repository/io/netty/netty-all/4.0.52.Final/netty-all-4.0.52.Final.jar:/home/user/.m2/repository/org/fusesource/leveldbjni/leveldbjni-all/1.8/leveldbjni-all-1.8.jar:"/>
    <property name="sun.cpu.endian" value="little"/>
    <property name="user.home" value="/home/user"/>
    <property name="user.language" value="en"/>
    <property name="java.specification.vendor" value="Oracle Corporation"/>
    <property name="java.home" value="/usr/lib/jvm/java-1.8.0-openjdk-1.8.0.222.b10-1.el7_7.x86_64/jre"/>
    <property name="surefire.excludesFile" value="/tools/ozone-bad-unit-tests"/>
    <property name="java.security.krb5.conf" value="/workdir/hadoop-ozone/integration-test/target/test-classes/krb5.conf"/>
    <property name="basedir" value="/workdir/hadoop-ozone/integration-test"/>
    <property name="file.separator" value="/"/>
    <property name="line.separator" value="&#10;"/>
    <property name="java.vm.specification.vendor" value="Oracle Corporation"/>
    <property name="java.specification.name" value="Java Platform API Specification"/>
    <property name="java.awt.graphicsenv" value="sun.awt.X11GraphicsEnvironment"/>
    <property name="surefire.real.class.path" value="/workdir/hadoop-ozone/integration-test/target/surefire/surefirebooter1087645879550965215.jar"/>
    <property name="hadoop.log.dir" value="/workdir/hadoop-ozone/integration-test/target/log"/>
    <property name="sun.boot.class.path" value="/usr/lib/jvm/java-1.8.0-openjdk-1.8.0.222.b10-1.el7_7.x86_64/jre/lib/resources.jar:/usr/lib/jvm/java-1.8.0-openjdk-1.8.0.222.b10-1.el7_7.x86_64/jre/lib/rt.jar:/usr/lib/jvm/java-1.8.0-openjdk-1.8.0.222.b10-1.el7_7.x86_64/jre/lib/sunrsasign.jar:/usr/lib/jvm/java-1.8.0-openjdk-1.8.0.222.b10-1.el7_7.x86_64/jre/lib/jsse.jar:/usr/lib/jvm/java-1.8.0-openjdk-1.8.0.222.b10-1.el7_7.x86_64/jre/lib/jce.jar:/usr/lib/jvm/java-1.8.0-openjdk-1.8.0.222.b10-1.el7_7.x86_64/jre/lib/charsets.jar:/usr/lib/jvm/java-1.8.0-openjdk-1.8.0.222.b10-1.el7_7.x86_64/jre/lib/jfr.jar:/usr/lib/jvm/java-1.8.0-openjdk-1.8.0.222.b10-1.el7_7.x86_64/jre/classes"/>
    <property name="sun.management.compiler" value="HotSpot 64-Bit Tiered Compilers"/>
    <property name="java.runtime.version" value="1.8.0_222-b10"/>
    <property name="java.net.preferIPv4Stack" value="true"/>
    <property name="user.name" value="jenkins1000"/>
    <property name="path.separator" value=":"/>
    <property name="java.security.egd" value="file:///dev/urandom"/>
    <property name="os.version" value="3.10.0-957.12.2.el7.x86_64"/>
    <property name="java.endorsed.dirs" value="/usr/lib/jvm/java-1.8.0-openjdk-1.8.0.222.b10-1.el7_7.x86_64/jre/lib/endorsed"/>
    <property name="java.runtime.name" value="OpenJDK Runtime Environment"/>
    <property name="file.encoding" value="ANSI_X3.4-1968"/>
    <property name="java.vm.name" value="OpenJDK 64-Bit Server VM"/>
    <property name="test.build.webapps" value=""/>
    <property name="localRepository" value="/home/user/.m2/repository"/>
    <property name="java.vendor.url.bug" value="http://bugreport.sun.com/bugreport/"/>
    <property name="java.io.tmpdir" value="/tmp"/>
    <property name="require.test.libhadoop" value=""/>
    <property name="java.version" value="1.8.0_222"/>
    <property name="user.dir" value="/workdir/hadoop-ozone/integration-test"/>
    <property name="os.arch" value="amd64"/>
    <property name="java.vm.specification.name" value="Java Virtual Machine Specification"/>
    <property name="test.build.classes" value="/workdir/hadoop-ozone/integration-test/target/test-classes"/>
    <property name="java.awt.printerjob" value="sun.print.PSPrinterJob"/>
    <property name="sun.os.patch.level" value="unknown"/>
    <property name="hadoop.tmp.dir" value="/workdir/hadoop-ozone/integration-test/target/tmp"/>
    <property name="java.library.path" value="/usr/lib:/workdir/hadoop-ozone/integration-test/target/native/target/usr/local/lib:/workdir/hadoop-ozone/integration-test/../../hadoop-common-project/hadoop-common/target/native/target/usr/local/lib:/usr/java/packages/lib/amd64:/usr/lib64:/lib64:/lib:/usr/lib"/>
    <property name="java.vm.info" value="mixed mode"/>
    <property name="java.vendor" value="Oracle Corporation"/>
    <property name="java.vm.version" value="25.222-b10"/>
    <property name="java.ext.dirs" value="/usr/lib/jvm/java-1.8.0-openjdk-1.8.0.222.b10-1.el7_7.x86_64/jre/lib/ext:/usr/java/packages/lib/ext"/>
    <property name="sun.io.unicode.encoding" value="UnicodeLittle"/>
    <property name="java.class.version" value="52.0"/>
  </properties>
  <testcase name="testGroupMismatchExceptionHandling" classname="org.apache.hadoop.ozone.client.rpc.TestOzoneClientRetriesOnException" time="42.657"/>
  <testcase name="testMaxRetriesByOzoneClient" classname="org.apache.hadoop.ozone.client.rpc.TestOzoneClientRetriesOnException" time="124.408">
    <error message="Failed to command cmdType: CreateContainer&#10;containerID: 1&#10;datanodeUuid: &quot;a626a13b-9fbf-45e4-ad69-b33ead2c725a&quot;&#10;createContainer {&#10;}&#10;" type="java.io.IOException">java.io.IOException: 
Failed to command cmdType: CreateContainer
containerID: 1
datanodeUuid: "a626a13b-9fbf-45e4-ad69-b33ead2c725a"
createContainer {
}

	at org.apache.hadoop.hdds.scm.XceiverClientSpi.sendCommand(XceiverClientSpi.java:113)
	at org.apache.hadoop.ozone.client.rpc.TestOzoneClientRetriesOnException.testMaxRetriesByOzoneClient(TestOzoneClientRetriesOnException.java:190)
	at sun.reflect.NativeMethodAccessorImpl.invoke0(Native Method)
	at sun.reflect.NativeMethodAccessorImpl.invoke(NativeMethodAccessorImpl.java:62)
	at sun.reflect.DelegatingMethodAccessorImpl.invoke(DelegatingMethodAccessorImpl.java:43)
	at java.lang.reflect.Method.invoke(Method.java:498)
	at org.junit.runners.model.FrameworkMethod$1.runReflectiveCall(FrameworkMethod.java:47)
	at org.junit.internal.runners.model.ReflectiveCallable.run(ReflectiveCallable.java:12)
	at org.junit.runners.model.FrameworkMethod.invokeExplosively(FrameworkMethod.java:44)
	at org.junit.internal.runners.statements.InvokeMethod.evaluate(InvokeMethod.java:17)
	at org.junit.internal.runners.statements.RunBefores.evaluate(RunBefores.java:26)
	at org.junit.internal.runners.statements.RunAfters.evaluate(RunAfters.java:27)
	at org.junit.runners.ParentRunner.runLeaf(ParentRunner.java:271)
	at org.junit.runners.BlockJUnit4ClassRunner.runChild(BlockJUnit4ClassRunner.java:70)
	at org.junit.runners.BlockJUnit4ClassRunner.runChild(BlockJUnit4ClassRunner.java:50)
	at org.junit.runners.ParentRunner$3.run(ParentRunner.java:238)
	at org.junit.runners.ParentRunner$1.schedule(ParentRunner.java:63)
	at org.junit.runners.ParentRunner.runChildren(ParentRunner.java:236)
	at org.junit.runners.ParentRunner.access$000(ParentRunner.java:53)
	at org.junit.runners.ParentRunner$2.evaluate(ParentRunner.java:229)
	at org.junit.runners.ParentRunner.run(ParentRunner.java:309)
	at org.apache.maven.surefire.junit4.JUnit4Provider.execute(JUnit4Provider.java:365)
	at org.apache.maven.surefire.junit4.JUnit4Provider.executeWithRerun(JUnit4Provider.java:273)
	at org.apache.maven.surefire.junit4.JUnit4Provider.executeTestSet(JUnit4Provider.java:238)
	at org.apache.maven.surefire.junit4.JUnit4Provider.invoke(JUnit4Provider.java:159)
	at org.apache.maven.surefire.booter.ForkedBooter.invokeProviderInSameClassLoader(ForkedBooter.java:384)
	at org.apache.maven.surefire.booter.ForkedBooter.runSuitesInProcess(ForkedBooter.java:345)
	at org.apache.maven.surefire.booter.ForkedBooter.execute(ForkedBooter.java:126)
	at org.apache.maven.surefire.booter.ForkedBooter.main(ForkedBooter.java:418)
Caused by: java.util.concurrent.ExecutionException: org.apache.ratis.protocol.RaftRetryFailureException: Failed RaftClientRequest:client-227123B52ADF->a626a13b-9fbf-45e4-ad69-b33ead2c725a@group-B0BE37076236, cid=45, seq=4*, RW, cmdType: CreateContainer
traceID: "b98aa743f5d6d7bd:b98aa743f5d6d7bd:0:0"
containerID: 1
datanodeUuid: "a626a13b-9fbf-45e4-ad69-b33ead2c725a"
createContainer {
}
, data.size=0 for 180 attempts with RetryLimited(maxAttempts=180, sleepTime=1000ms)
	at java.util.concurrent.CompletableFuture.reportGet(CompletableFuture.java:357)
	at java.util.concurrent.CompletableFuture.get(CompletableFuture.java:1895)
	at org.apache.hadoop.hdds.scm.XceiverClientSpi.sendCommand(XceiverClientSpi.java:110)
	... 28 more
Caused by: org.apache.ratis.protocol.RaftRetryFailureException: Failed RaftClientRequest:client-227123B52ADF->a626a13b-9fbf-45e4-ad69-b33ead2c725a@group-B0BE37076236, cid=45, seq=4*, RW, cmdType: CreateContainer
traceID: "b98aa743f5d6d7bd:b98aa743f5d6d7bd:0:0"
containerID: 1
datanodeUuid: "a626a13b-9fbf-45e4-ad69-b33ead2c725a"
createContainer {
}
, data.size=0 for 180 attempts with RetryLimited(maxAttempts=180, sleepTime=1000ms)
	at org.apache.ratis.client.impl.RaftClientImpl.noMoreRetries(RaftClientImpl.java:271)
	at org.apache.ratis.client.impl.OrderedAsync.handleAsyncRetryFailure(OrderedAsync.java:138)
	at org.apache.ratis.client.impl.OrderedAsync.lambda$sendRequest$10(OrderedAsync.java:230)
	at java.util.concurrent.CompletableFuture.uniExceptionally(CompletableFuture.java:870)
	at java.util.concurrent.CompletableFuture$UniExceptionally.tryFire(CompletableFuture.java:852)
	at java.util.concurrent.CompletableFuture.postComplete(CompletableFuture.java:474)
	at java.util.concurrent.CompletableFuture.completeExceptionally(CompletableFuture.java:1977)
	at org.apache.ratis.grpc.client.GrpcClientProtocolClient$AsyncStreamObservers.completeReplyExceptionally(GrpcClientProtocolClient.java:345)
	at org.apache.ratis.grpc.client.GrpcClientProtocolClient$AsyncStreamObservers.access$000(GrpcClientProtocolClient.java:261)
	at org.apache.ratis.grpc.client.GrpcClientProtocolClient$AsyncStreamObservers$1.onNext(GrpcClientProtocolClient.java:273)
	at org.apache.ratis.grpc.client.GrpcClientProtocolClient$AsyncStreamObservers$1.onNext(GrpcClientProtocolClient.java:264)
	at org.apache.ratis.thirdparty.io.grpc.stub.ClientCalls$StreamObserverToCallListenerAdapter.onMessage(ClientCalls.java:421)
	at org.apache.ratis.thirdparty.io.grpc.ForwardingClientCallListener.onMessage(ForwardingClientCallListener.java:33)
	at org.apache.ratis.thirdparty.io.grpc.ForwardingClientCallListener.onMessage(ForwardingClientCallListener.java:33)
	at org.apache.ratis.thirdparty.io.grpc.internal.ClientCallImpl$ClientStreamListenerImpl$1MessagesAvailable.runInContext(ClientCallImpl.java:519)
	at org.apache.ratis.thirdparty.io.grpc.internal.ContextRunnable.run(ContextRunnable.java:37)
	at org.apache.ratis.thirdparty.io.grpc.internal.SerializingExecutor.run(SerializingExecutor.java:123)
	at java.util.concurrent.ThreadPoolExecutor.runWorker(ThreadPoolExecutor.java:1149)
	at java.util.concurrent.ThreadPoolExecutor$Worker.run(ThreadPoolExecutor.java:624)
	at java.lang.Thread.run(Thread.java:748)
Caused by: org.apache.ratis.protocol.NotLeaderException: Server a626a13b-9fbf-45e4-ad69-b33ead2c725a@group-B0BE37076236 is not the leader 89ba96a8-01f6-4eff-81d6-f1c917046bcf:192.168.69.65:44393
	at org.apache.ratis.client.impl.ClientProtoUtils.toRaftClientReply(ClientProtoUtils.java:243)
	at org.apache.ratis.grpc.client.GrpcClientProtocolClient$AsyncStreamObservers$1.onNext(GrpcClientProtocolClient.java:269)
	... 10 more
</error>
    <system-out><![CDATA[2019-10-15 10:17:43,626 [main] WARN  server.ServerUtils (ServerUtils.java:getScmDbDir(145)) - ozone.scm.db.dirs is not configured. We recommend adding this setting. Falling back to ozone.metadata.dirs instead.
2019-10-15 10:17:43,648 [main] WARN  server.ServerUtils (ServerUtils.java:getScmDbDir(145)) - ozone.scm.db.dirs is not configured. We recommend adding this setting. Falling back to ozone.metadata.dirs instead.
2019-10-15 10:17:43,648 [main] WARN  server.ServerUtils (ServerUtils.java:getScmDbDir(145)) - ozone.scm.db.dirs is not configured. We recommend adding this setting. Falling back to ozone.metadata.dirs instead.
2019-10-15 10:17:43,649 [main] INFO  db.DBStoreBuilder (DBStoreBuilder.java:addTable(117)) - using custom profile for table: deletedBlocks
2019-10-15 10:17:43,649 [main] INFO  db.DBStoreBuilder (DBStoreBuilder.java:processTables(168)) - Using default column profile:DBProfile.DISK for Table:deletedBlocks
2019-10-15 10:17:43,649 [main] INFO  db.DBStoreBuilder (DBStoreBuilder.java:addTable(117)) - using custom profile for table: validCerts
2019-10-15 10:17:43,649 [main] INFO  db.DBStoreBuilder (DBStoreBuilder.java:processTables(168)) - Using default column profile:DBProfile.DISK for Table:validCerts
2019-10-15 10:17:43,650 [main] INFO  db.DBStoreBuilder (DBStoreBuilder.java:addTable(117)) - using custom profile for table: revokedCerts
2019-10-15 10:17:43,650 [main] INFO  db.DBStoreBuilder (DBStoreBuilder.java:processTables(168)) - Using default column profile:DBProfile.DISK for Table:revokedCerts
2019-10-15 10:17:43,650 [main] INFO  db.DBStoreBuilder (DBStoreBuilder.java:addTable(117)) - using custom profile for table: default
2019-10-15 10:17:43,650 [main] INFO  db.DBStoreBuilder (DBStoreBuilder.java:processTables(174)) - Using default column profile:DBProfile.DISK for Table:default
2019-10-15 10:17:43,651 [main] INFO  db.DBStoreBuilder (DBStoreBuilder.java:getDbProfile(205)) - Using default options. DBProfile.DISK
2019-10-15 10:17:43,805 [main] INFO  net.NodeSchemaLoader (NodeSchemaLoader.java:loadSchemaFromFile(125)) - Loading file from sun.misc.CompoundEnumeration@71b639d0
2019-10-15 10:17:43,805 [main] INFO  net.NodeSchemaLoader (NodeSchemaLoader.java:loadSchema(171)) - Loading network topology layer schema file
2019-10-15 10:17:43,809 [main] WARN  server.ServerUtils (ServerUtils.java:sanitizeUserArgs(70)) - ozone.scm.stale.node.interval value = 300000 is larger than max = 100000 based on the key value of ozone.scm.heartbeat.thread.interval, reset to the max value 100000.
2019-10-15 10:17:43,809 [main] WARN  server.ServerUtils (ServerUtils.java:sanitizeUserArgs(70)) - ozone.scm.stale.node.interval value = 300000 is larger than max = 100000 based on the key value of ozone.scm.heartbeat.thread.interval, reset to the max value 100000.
2019-10-15 10:17:43,810 [main] INFO  node.SCMNodeManager (SCMNodeManager.java:<init>(116)) - Entering startup safe mode.
2019-10-15 10:17:43,810 [main] INFO  algorithms.ContainerPlacementPolicyFactory (ContainerPlacementPolicyFactory.java:getPolicy(57)) - Create container placement policy of type org.apache.hadoop.hdds.scm.container.placement.algorithms.SCMContainerPlacementRandom
2019-10-15 10:17:43,811 [main] WARN  server.ServerUtils (ServerUtils.java:getScmDbDir(145)) - ozone.scm.db.dirs is not configured. We recommend adding this setting. Falling back to ozone.metadata.dirs instead.
2019-10-15 10:17:43,857 [main] INFO  pipeline.SCMPipelineManager (SCMPipelineManager.java:initializePipelineState(132)) - No pipeline exists in current db
2019-10-15 10:17:43,857 [main] WARN  server.ServerUtils (ServerUtils.java:getScmDbDir(145)) - ozone.scm.db.dirs is not configured. We recommend adding this setting. Falling back to ozone.metadata.dirs instead.
2019-10-15 10:17:43,875 [main] WARN  events.EventQueue (EventQueue.java:fireEvent(183)) - No event handler registered for event TypedEvent{payloadType=SafeModeStatus, name='SafeModeStatus'}
2019-10-15 10:17:43,876 [main] INFO  ipc.CallQueueManager (CallQueueManager.java:<init>(84)) - Using callQueue: class java.util.concurrent.LinkedBlockingQueue, queueCapacity: 2000, scheduler: class org.apache.hadoop.ipc.DefaultRpcScheduler, ipcBackoff: false.
2019-10-15 10:17:43,877 [Socket Reader #1 for port 44654] INFO  ipc.Server (Server.java:run(1074)) - Starting Socket Reader #1 for port 44654
2019-10-15 10:17:43,878 [main] INFO  ipc.CallQueueManager (CallQueueManager.java:<init>(84)) - Using callQueue: class java.util.concurrent.LinkedBlockingQueue, queueCapacity: 2000, scheduler: class org.apache.hadoop.ipc.DefaultRpcScheduler, ipcBackoff: false.
2019-10-15 10:17:43,879 [Socket Reader #1 for port 41410] INFO  ipc.Server (Server.java:run(1074)) - Starting Socket Reader #1 for port 41410
2019-10-15 10:17:43,880 [main] INFO  ipc.CallQueueManager (CallQueueManager.java:<init>(84)) - Using callQueue: class java.util.concurrent.LinkedBlockingQueue, queueCapacity: 2000, scheduler: class org.apache.hadoop.ipc.DefaultRpcScheduler, ipcBackoff: false.
2019-10-15 10:17:43,880 [Socket Reader #1 for port 33818] INFO  ipc.Server (Server.java:run(1074)) - Starting Socket Reader #1 for port 33818
2019-10-15 10:17:43,884 [main] INFO  hdfs.DFSUtil (DFSUtil.java:httpServerTemplateForNNAndJN(1641)) - Starting Web-server for scm at: http://0.0.0.0:0
2019-10-15 10:17:43,887 [main] INFO  server.AuthenticationFilter (AuthenticationFilter.java:constructSecretProvider(240)) - Unable to initialize FileSignerSecretProvider, falling back to use random secrets.
2019-10-15 10:17:43,888 [main] WARN  http.HttpRequestLog (HttpRequestLog.java:getRequestLog(97)) - Jetty request log can only be enabled using Log4j
2019-10-15 10:17:43,890 [main] INFO  http.HttpServer2 (HttpServer2.java:addGlobalFilter(975)) - Added global filter 'safety' (class=org.apache.hadoop.http.HttpServer2$QuotingInputFilter)
2019-10-15 10:17:43,891 [main] INFO  http.HttpServer2 (HttpServer2.java:addFilter(948)) - Added filter static_user_filter (class=org.apache.hadoop.http.lib.StaticUserWebFilter$StaticUserFilter) to context scm
2019-10-15 10:17:43,891 [main] INFO  http.HttpServer2 (HttpServer2.java:addFilter(958)) - Added filter static_user_filter (class=org.apache.hadoop.http.lib.StaticUserWebFilter$StaticUserFilter) to context logs
2019-10-15 10:17:43,891 [main] INFO  http.HttpServer2 (HttpServer2.java:addFilter(958)) - Added filter static_user_filter (class=org.apache.hadoop.http.lib.StaticUserWebFilter$StaticUserFilter) to context static
2019-10-15 10:17:43,895 [main] INFO  server.StorageContainerManager (StorageContainerManager.java:start(772)) - StorageContainerLocationProtocol RPC server is listening at /0.0.0.0:33818
2019-10-15 10:17:43,897 [main] WARN  impl.MetricsConfig (MetricsConfig.java:loadFirst(134)) - Cannot locate configuration: tried hadoop-metrics2-storagecontainermanager.properties,hadoop-metrics2.properties
2019-10-15 10:17:43,899 [main] INFO  impl.MetricsSystemImpl (MetricsSystemImpl.java:startTimer(374)) - Scheduled Metric snapshot period at 10 second(s).
2019-10-15 10:17:43,899 [main] INFO  impl.MetricsSystemImpl (MetricsSystemImpl.java:start(191)) - StorageContainerManager metrics system started
2019-10-15 10:17:43,946 [main] WARN  impl.MetricsSystemImpl (MetricsSystemImpl.java:register(276)) - Sink prometheus already exists!
2019-10-15 10:17:43,951 [main] INFO  server.SCMClientProtocolServer (SCMClientProtocolServer.java:start(159)) - RPC server for Client  is listening at /0.0.0.0:33818
2019-10-15 10:17:43,952 [IPC Server Responder] INFO  ipc.Server (Server.java:run(1314)) - IPC Server Responder: starting
2019-10-15 10:17:43,952 [IPC Server listener on 33818] INFO  ipc.Server (Server.java:run(1153)) - IPC Server listener on 33818: starting
2019-10-15 10:17:43,955 [main] INFO  server.StorageContainerManager (StorageContainerManager.java:start(782)) - ScmBlockLocationProtocol RPC server is listening at /0.0.0.0:41410
2019-10-15 10:17:43,956 [main] INFO  server.SCMBlockProtocolServer (SCMBlockProtocolServer.java:start(146)) - RPC server for Block Protocol is listening at /0.0.0.0:41410
2019-10-15 10:17:43,956 [IPC Server Responder] INFO  ipc.Server (Server.java:run(1314)) - IPC Server Responder: starting
2019-10-15 10:17:43,956 [IPC Server listener on 41410] INFO  ipc.Server (Server.java:run(1153)) - IPC Server listener on 41410: starting
2019-10-15 10:17:43,960 [main] INFO  server.StorageContainerManager (StorageContainerManager.java:start(786)) - ScmDatanodeProtocl RPC server is listening at /0.0.0.0:44654
2019-10-15 10:17:43,960 [main] INFO  server.SCMDatanodeProtocolServer (SCMDatanodeProtocolServer.java:start(169)) - RPC server for DataNodes is listening at /0.0.0.0:44654
2019-10-15 10:17:43,960 [IPC Server Responder] INFO  ipc.Server (Server.java:run(1314)) - IPC Server Responder: starting
2019-10-15 10:17:43,960 [IPC Server listener on 44654] INFO  ipc.Server (Server.java:run(1153)) - IPC Server listener on 44654: starting
2019-10-15 10:17:43,964 [main] INFO  http.HttpServer2 (HttpServer2.java:bindListener(1191)) - Jetty bound to port 43759
2019-10-15 10:17:43,964 [main] INFO  server.Server (Server.java:doStart(351)) - jetty-9.3.25.v20180904, build timestamp: 2018-09-04T21:11:46Z, git hash: 3ce520221d0240229c862b122d2b06c12a625732
2019-10-15 10:17:43,966 [main] INFO  handler.ContextHandler (ContextHandler.java:doStart(781)) - Started o.e.j.s.ServletContextHandler@7c0777b5{/logs,file:///workdir/hadoop-ozone/integration-test/target/log,AVAILABLE}
2019-10-15 10:17:43,966 [main] INFO  handler.ContextHandler (ContextHandler.java:doStart(781)) - Started o.e.j.s.ServletContextHandler@2a39aa2b{/static,file:///workdir/hadoop-ozone/integration-test/target/test-classes/webapps/static,AVAILABLE}
2019-10-15 10:17:43,970 [main] INFO  handler.ContextHandler (ContextHandler.java:doStart(781)) - Started o.e.j.w.WebAppContext@2da16263{/,file:///workdir/hadoop-ozone/integration-test/target/test-classes/webapps/scm/,AVAILABLE}{/scm}
2019-10-15 10:17:43,971 [main] INFO  server.AbstractConnector (AbstractConnector.java:doStart(278)) - Started ServerConnector@f5ce0bb{HTTP/1.1,[http/1.1]}{0.0.0.0:43759}
2019-10-15 10:17:43,971 [main] INFO  server.Server (Server.java:doStart(419)) - Started @43487ms
2019-10-15 10:17:43,971 [main] WARN  impl.MetricsSystemImpl (MetricsSystemImpl.java:register(276)) - Sink prometheus already exists!
2019-10-15 10:17:43,972 [main] INFO  server.BaseHttpServer (BaseHttpServer.java:updateConnectorAddress(215)) - HTTP server of SCM is listening at http://0.0.0.0:43759
2019-10-15 10:17:43,973 [main] WARN  server.ServerUtils (ServerUtils.java:getDBPath(222)) - ozone.om.db.dirs is not configured. We recommend adding this setting. Falling back to ozone.metadata.dirs instead.
2019-10-15 10:17:43,973 [org.apache.hadoop.util.JvmPauseMonitor$Monitor@101a461c] INFO  util.JvmPauseMonitor (JvmPauseMonitor.java:run(188)) - Starting JVM pause monitor
2019-10-15 10:17:43,986 [main] INFO  ha.OMHANodeDetails (OMHANodeDetails.java:loadOMHAConfig(190)) - Configuration either no ozone.om.address set. Falling back to the default OM address /127.0.0.1:0
2019-10-15 10:17:43,987 [main] INFO  ha.OMHANodeDetails (OMHANodeDetails.java:getOMNodeDetails(220)) - OM Service ID is not set. Setting it to the default ID: omServiceIdDefault
2019-10-15 10:17:43,987 [main] WARN  server.ServerUtils (ServerUtils.java:getDBPath(222)) - ozone.om.db.dirs is not configured. We recommend adding this setting. Falling back to ozone.metadata.dirs instead.
2019-10-15 10:17:43,987 [main] WARN  server.ServerUtils (ServerUtils.java:getDBPath(222)) - ozone.om.db.dirs is not configured. We recommend adding this setting. Falling back to ozone.metadata.dirs instead.
2019-10-15 10:17:43,993 [main] WARN  server.ServerUtils (ServerUtils.java:getDBPath(222)) - ozone.om.db.dirs is not configured. We recommend adding this setting. Falling back to ozone.metadata.dirs instead.
2019-10-15 10:17:43,993 [main] INFO  db.DBStoreBuilder (DBStoreBuilder.java:addTable(117)) - using custom profile for table: userTable
2019-10-15 10:17:43,994 [main] INFO  db.DBStoreBuilder (DBStoreBuilder.java:processTables(168)) - Using default column profile:DBProfile.DISK for Table:userTable
2019-10-15 10:17:43,994 [main] INFO  db.DBStoreBuilder (DBStoreBuilder.java:addTable(117)) - using custom profile for table: volumeTable
2019-10-15 10:17:43,994 [main] INFO  db.DBStoreBuilder (DBStoreBuilder.java:processTables(168)) - Using default column profile:DBProfile.DISK for Table:volumeTable
2019-10-15 10:17:43,994 [main] INFO  db.DBStoreBuilder (DBStoreBuilder.java:addTable(117)) - using custom profile for table: bucketTable
2019-10-15 10:17:43,994 [main] INFO  db.DBStoreBuilder (DBStoreBuilder.java:processTables(168)) - Using default column profile:DBProfile.DISK for Table:bucketTable
2019-10-15 10:17:43,994 [main] INFO  db.DBStoreBuilder (DBStoreBuilder.java:addTable(117)) - using custom profile for table: keyTable
2019-10-15 10:17:43,994 [main] INFO  db.DBStoreBuilder (DBStoreBuilder.java:processTables(168)) - Using default column profile:DBProfile.DISK for Table:keyTable
2019-10-15 10:17:43,995 [main] INFO  db.DBStoreBuilder (DBStoreBuilder.java:addTable(117)) - using custom profile for table: deletedTable
2019-10-15 10:17:43,995 [main] INFO  db.DBStoreBuilder (DBStoreBuilder.java:processTables(168)) - Using default column profile:DBProfile.DISK for Table:deletedTable
2019-10-15 10:17:43,995 [main] INFO  db.DBStoreBuilder (DBStoreBuilder.java:addTable(117)) - using custom profile for table: openKeyTable
2019-10-15 10:17:43,995 [main] INFO  db.DBStoreBuilder (DBStoreBuilder.java:processTables(168)) - Using default column profile:DBProfile.DISK for Table:openKeyTable
2019-10-15 10:17:43,995 [main] INFO  db.DBStoreBuilder (DBStoreBuilder.java:addTable(117)) - using custom profile for table: s3Table
2019-10-15 10:17:43,995 [main] INFO  db.DBStoreBuilder (DBStoreBuilder.java:processTables(168)) - Using default column profile:DBProfile.DISK for Table:s3Table
2019-10-15 10:17:43,996 [main] INFO  db.DBStoreBuilder (DBStoreBuilder.java:addTable(117)) - using custom profile for table: multipartInfoTable
2019-10-15 10:17:43,996 [main] INFO  db.DBStoreBuilder (DBStoreBuilder.java:processTables(168)) - Using default column profile:DBProfile.DISK for Table:multipartInfoTable
2019-10-15 10:17:43,996 [main] INFO  db.DBStoreBuilder (DBStoreBuilder.java:addTable(117)) - using custom profile for table: dTokenTable
2019-10-15 10:17:43,996 [main] INFO  db.DBStoreBuilder (DBStoreBuilder.java:processTables(168)) - Using default column profile:DBProfile.DISK for Table:dTokenTable
2019-10-15 10:17:43,996 [main] INFO  db.DBStoreBuilder (DBStoreBuilder.java:addTable(117)) - using custom profile for table: s3SecretTable
2019-10-15 10:17:43,996 [main] INFO  db.DBStoreBuilder (DBStoreBuilder.java:processTables(168)) - Using default column profile:DBProfile.DISK for Table:s3SecretTable
2019-10-15 10:17:43,996 [main] INFO  db.DBStoreBuilder (DBStoreBuilder.java:addTable(117)) - using custom profile for table: prefixTable
2019-10-15 10:17:43,997 [main] INFO  db.DBStoreBuilder (DBStoreBuilder.java:processTables(168)) - Using default column profile:DBProfile.DISK for Table:prefixTable
2019-10-15 10:17:43,997 [main] INFO  db.DBStoreBuilder (DBStoreBuilder.java:addTable(117)) - using custom profile for table: default
2019-10-15 10:17:43,997 [main] INFO  db.DBStoreBuilder (DBStoreBuilder.java:processTables(174)) - Using default column profile:DBProfile.DISK for Table:default
2019-10-15 10:17:43,997 [main] INFO  db.DBStoreBuilder (DBStoreBuilder.java:getDbProfile(205)) - Using default options. DBProfile.DISK
2019-10-15 10:17:44,388 [main] INFO  ipc.CallQueueManager (CallQueueManager.java:<init>(84)) - Using callQueue: class java.util.concurrent.LinkedBlockingQueue, queueCapacity: 2000, scheduler: class org.apache.hadoop.ipc.DefaultRpcScheduler, ipcBackoff: false.
2019-10-15 10:17:44,389 [Socket Reader #1 for port 39541] INFO  ipc.Server (Server.java:run(1074)) - Starting Socket Reader #1 for port 39541
2019-10-15 10:17:44,400 [main] INFO  om.OzoneManager (OzoneManager.java:start(1071)) - OzoneManager RPC server is listening at localhost/127.0.0.1:39541
2019-10-15 10:17:44,400 [main] INFO  impl.MetricsSystemImpl (MetricsSystemImpl.java:init(158)) - OzoneManager metrics system started (again)
2019-10-15 10:17:44,402 [IPC Server Responder] INFO  ipc.Server (Server.java:run(1314)) - IPC Server Responder: starting
2019-10-15 10:17:44,403 [IPC Server listener on 39541] INFO  ipc.Server (Server.java:run(1153)) - IPC Server listener on 39541: starting
2019-10-15 10:17:44,407 [main] INFO  hdfs.DFSUtil (DFSUtil.java:httpServerTemplateForNNAndJN(1641)) - Starting Web-server for ozoneManager at: http://0.0.0.0:0
2019-10-15 10:17:44,409 [main] INFO  server.AuthenticationFilter (AuthenticationFilter.java:constructSecretProvider(240)) - Unable to initialize FileSignerSecretProvider, falling back to use random secrets.
2019-10-15 10:17:44,409 [main] WARN  http.HttpRequestLog (HttpRequestLog.java:getRequestLog(97)) - Jetty request log can only be enabled using Log4j
2019-10-15 10:17:44,410 [main] INFO  http.HttpServer2 (HttpServer2.java:addGlobalFilter(975)) - Added global filter 'safety' (class=org.apache.hadoop.http.HttpServer2$QuotingInputFilter)
2019-10-15 10:17:44,411 [main] INFO  http.HttpServer2 (HttpServer2.java:addFilter(948)) - Added filter static_user_filter (class=org.apache.hadoop.http.lib.StaticUserWebFilter$StaticUserFilter) to context ozoneManager
2019-10-15 10:17:44,411 [main] INFO  http.HttpServer2 (HttpServer2.java:addFilter(958)) - Added filter static_user_filter (class=org.apache.hadoop.http.lib.StaticUserWebFilter$StaticUserFilter) to context static
2019-10-15 10:17:44,411 [main] INFO  http.HttpServer2 (HttpServer2.java:addFilter(958)) - Added filter static_user_filter (class=org.apache.hadoop.http.lib.StaticUserWebFilter$StaticUserFilter) to context logs
2019-10-15 10:17:44,412 [main] INFO  http.HttpServer2 (HttpServer2.java:bindListener(1191)) - Jetty bound to port 40130
2019-10-15 10:17:44,412 [main] INFO  server.Server (Server.java:doStart(351)) - jetty-9.3.25.v20180904, build timestamp: 2018-09-04T21:11:46Z, git hash: 3ce520221d0240229c862b122d2b06c12a625732
2019-10-15 10:17:44,413 [main] INFO  handler.ContextHandler (ContextHandler.java:doStart(781)) - Started o.e.j.s.ServletContextHandler@124d02b2{/logs,file:///workdir/hadoop-ozone/integration-test/target/log,AVAILABLE}
2019-10-15 10:17:44,414 [main] INFO  handler.ContextHandler (ContextHandler.java:doStart(781)) - Started o.e.j.s.ServletContextHandler@72503b19{/static,file:///workdir/hadoop-ozone/integration-test/target/test-classes/webapps/static,AVAILABLE}
2019-10-15 10:17:44,417 [main] INFO  handler.ContextHandler (ContextHandler.java:doStart(781)) - Started o.e.j.w.WebAppContext@6badba10{/,file:///workdir/hadoop-ozone/integration-test/target/test-classes/webapps/ozoneManager/,AVAILABLE}{/ozoneManager}
2019-10-15 10:17:44,418 [main] INFO  server.AbstractConnector (AbstractConnector.java:doStart(278)) - Started ServerConnector@2b7e8044{HTTP/1.1,[http/1.1]}{0.0.0.0:40130}
2019-10-15 10:17:44,418 [main] INFO  server.Server (Server.java:doStart(419)) - Started @43934ms
2019-10-15 10:17:44,418 [main] WARN  impl.MetricsSystemImpl (MetricsSystemImpl.java:register(276)) - Sink prometheus already exists!
2019-10-15 10:17:44,419 [main] INFO  server.BaseHttpServer (BaseHttpServer.java:updateConnectorAddress(215)) - HTTP server of OZONEMANAGER is listening at http://0.0.0.0:40130
2019-10-15 10:17:44,435 [main] INFO  impl.MetricsSystemImpl (MetricsSystemImpl.java:init(158)) - HddsDatanode metrics system started (again)
2019-10-15 10:17:44,438 [main] INFO  ozone.HddsDatanodeService (HddsDatanodeService.java:start(184)) - HddsDatanodeService host:dev-nightly-20191015-lc69l-4092513605 ip:192.168.69.65
2019-10-15 10:17:44,445 [main] INFO  volume.HddsVolume (HddsVolume.java:<init>(176)) - Creating Volume: /workdir/hadoop-ozone/integration-test/target/test-dir/MiniOzoneClusterImpl-d2dc297f-df8e-434f-8420-d555204b07d2/datanode-0/data/containers/hdds of  storage type : DISK and capacity : 1482555576320
2019-10-15 10:17:44,445 [main] INFO  volume.VolumeSet (VolumeSet.java:initializeVolumeSet(170)) - Added Volume : /workdir/hadoop-ozone/integration-test/target/test-dir/MiniOzoneClusterImpl-d2dc297f-df8e-434f-8420-d555204b07d2/datanode-0/data/containers/hdds to VolumeSet
2019-10-15 10:17:44,446 [main] INFO  volume.ThrottledAsyncChecker (ThrottledAsyncChecker.java:schedule(141)) - Scheduling a check for /workdir/hadoop-ozone/integration-test/target/test-dir/MiniOzoneClusterImpl-d2dc297f-df8e-434f-8420-d555204b07d2/datanode-0/data/containers/hdds
2019-10-15 10:17:44,446 [main] INFO  volume.HddsVolumeChecker (HddsVolumeChecker.java:checkAllVolumes(204)) - Scheduled health check for volume /workdir/hadoop-ozone/integration-test/target/test-dir/MiniOzoneClusterImpl-d2dc297f-df8e-434f-8420-d555204b07d2/datanode-0/data/containers/hdds
2019-10-15 10:17:44,462 [main] INFO  impl.RaftServerProxy (ConfUtils.java:logGet(43)) - raft.rpc.type = GRPC (default)
2019-10-15 10:17:44,463 [main] INFO  grpc.GrpcFactory (GrpcFactory.java:checkPooledByteBufAllocatorUseCacheForAllThreads(45)) - PERFORMANCE WARNING: useCacheForAllThreads is true that may cause Netty to create a lot garbage objects and, as a result, trigger GC.
	It is recommended to disable useCacheForAllThreads by setting -Dorg.apache.ratis.thirdparty.io.netty.allocator.useCacheForAllThreads=false in command line.
2019-10-15 10:17:44,463 [main] INFO  grpc.GrpcConfigKeys$Server (ConfUtils.java:logGet(43)) - raft.grpc.server.port = 0 (default)
2019-10-15 10:17:44,463 [main] INFO  server.GrpcService (ConfUtils.java:logGet(43)) - raft.grpc.message.size.max = 33570816 (custom)
2019-10-15 10:17:44,463 [main] INFO  server.RaftServerConfigKeys (ConfUtils.java:logGet(43)) - raft.server.log.appender.buffer.byte-limit = 33554432 (custom)
2019-10-15 10:17:44,464 [main] INFO  server.GrpcService (ConfUtils.java:logGet(43)) - raft.grpc.flow.control.window = 1MB (=1048576) (default)
2019-10-15 10:17:44,464 [main] INFO  server.RaftServerConfigKeys (ConfUtils.java:logGet(43)) - raft.server.rpc.request.timeout = 3000ms (default)
2019-10-15 10:17:44,465 [main] INFO  server.RaftServerConfigKeys (ConfUtils.java:logGet(43)) - raft.server.storage.dir = [/workdir/hadoop-ozone/integration-test/target/test-dir/MiniOzoneClusterImpl-d2dc297f-df8e-434f-8420-d555204b07d2/datanode-0/data/ratis] (custom)
2019-10-15 10:17:44,466 [main] INFO  hdfs.DFSUtil (DFSUtil.java:httpServerTemplateForNNAndJN(1641)) - Starting Web-server for hddsDatanode at: http://0.0.0.0:0
2019-10-15 10:17:44,468 [main] INFO  server.AuthenticationFilter (AuthenticationFilter.java:constructSecretProvider(240)) - Unable to initialize FileSignerSecretProvider, falling back to use random secrets.
2019-10-15 10:17:44,468 [main] WARN  http.HttpRequestLog (HttpRequestLog.java:getRequestLog(97)) - Jetty request log can only be enabled using Log4j
2019-10-15 10:17:44,469 [main] INFO  http.HttpServer2 (HttpServer2.java:addGlobalFilter(975)) - Added global filter 'safety' (class=org.apache.hadoop.http.HttpServer2$QuotingInputFilter)
2019-10-15 10:17:44,469 [main] INFO  http.HttpServer2 (HttpServer2.java:addFilter(948)) - Added filter static_user_filter (class=org.apache.hadoop.http.lib.StaticUserWebFilter$StaticUserFilter) to context hddsDatanode
2019-10-15 10:17:44,470 [main] INFO  http.HttpServer2 (HttpServer2.java:addFilter(958)) - Added filter static_user_filter (class=org.apache.hadoop.http.lib.StaticUserWebFilter$StaticUserFilter) to context static
2019-10-15 10:17:44,470 [main] INFO  http.HttpServer2 (HttpServer2.java:addFilter(958)) - Added filter static_user_filter (class=org.apache.hadoop.http.lib.StaticUserWebFilter$StaticUserFilter) to context logs
2019-10-15 10:17:44,470 [main] INFO  http.HttpServer2 (HttpServer2.java:bindListener(1191)) - Jetty bound to port 38748
2019-10-15 10:17:44,471 [main] INFO  server.Server (Server.java:doStart(351)) - jetty-9.3.25.v20180904, build timestamp: 2018-09-04T21:11:46Z, git hash: 3ce520221d0240229c862b122d2b06c12a625732
2019-10-15 10:17:44,472 [main] INFO  handler.ContextHandler (ContextHandler.java:doStart(781)) - Started o.e.j.s.ServletContextHandler@3667faa8{/logs,file:///workdir/hadoop-ozone/integration-test/target/log,AVAILABLE}
2019-10-15 10:17:44,473 [main] INFO  handler.ContextHandler (ContextHandler.java:doStart(781)) - Started o.e.j.s.ServletContextHandler@3138953b{/static,jar:file:/home/user/.m2/repository/org/apache/hadoop/hadoop-hdds-container-service/0.5.0-SNAPSHOT/hadoop-hdds-container-service-0.5.0-SNAPSHOT.jar!/webapps/static,AVAILABLE}
2019-10-15 10:17:44,501 [main] INFO  handler.ContextHandler (ContextHandler.java:doStart(781)) - Started o.e.j.w.WebAppContext@5c7dfc05{/,file:///tmp/jetty-0.0.0.0-38748-hddsDatanode-_-any-687174004747178066.dir/webapp/,AVAILABLE}{/hddsDatanode}
2019-10-15 10:17:44,502 [main] INFO  server.AbstractConnector (AbstractConnector.java:doStart(278)) - Started ServerConnector@345d053b{HTTP/1.1,[http/1.1]}{0.0.0.0:38748}
2019-10-15 10:17:44,502 [main] INFO  server.Server (Server.java:doStart(419)) - Started @44018ms
2019-10-15 10:17:44,503 [main] WARN  impl.MetricsSystemImpl (MetricsSystemImpl.java:register(276)) - Sink prometheus already exists!
2019-10-15 10:17:44,504 [main] INFO  server.BaseHttpServer (BaseHttpServer.java:updateConnectorAddress(215)) - HTTP server of HDDSDATANODE is listening at http://0.0.0.0:38748
2019-10-15 10:17:44,505 [main] INFO  impl.MetricsSystemImpl (MetricsSystemImpl.java:init(158)) - HddsDatanode metrics system started (again)
2019-10-15 10:17:44,508 [main] INFO  ozone.HddsDatanodeService (HddsDatanodeService.java:start(184)) - HddsDatanodeService host:dev-nightly-20191015-lc69l-4092513605 ip:192.168.69.65
2019-10-15 10:17:44,508 [org.apache.hadoop.util.JvmPauseMonitor$Monitor@36a82f0e] INFO  util.JvmPauseMonitor (JvmPauseMonitor.java:run(188)) - Starting JVM pause monitor
2019-10-15 10:17:44,510 [Datanode State Machine Thread - 0] INFO  datanode.InitDatanodeState (InitDatanodeState.java:persistContainerDatanodeDetails(140)) - DatanodeDetails is persisted to /workdir/hadoop-ozone/integration-test/target/test-dir/MiniOzoneClusterImpl-d2dc297f-df8e-434f-8420-d555204b07d2/datanode-0/meta/datanode.id
2019-10-15 10:17:44,515 [main] INFO  volume.HddsVolume (HddsVolume.java:<init>(176)) - Creating Volume: /workdir/hadoop-ozone/integration-test/target/test-dir/MiniOzoneClusterImpl-d2dc297f-df8e-434f-8420-d555204b07d2/datanode-1/data/containers/hdds of  storage type : DISK and capacity : 1482555576320
2019-10-15 10:17:44,515 [main] INFO  volume.VolumeSet (VolumeSet.java:initializeVolumeSet(170)) - Added Volume : /workdir/hadoop-ozone/integration-test/target/test-dir/MiniOzoneClusterImpl-d2dc297f-df8e-434f-8420-d555204b07d2/datanode-1/data/containers/hdds to VolumeSet
2019-10-15 10:17:44,515 [main] INFO  volume.ThrottledAsyncChecker (ThrottledAsyncChecker.java:schedule(141)) - Scheduling a check for /workdir/hadoop-ozone/integration-test/target/test-dir/MiniOzoneClusterImpl-d2dc297f-df8e-434f-8420-d555204b07d2/datanode-1/data/containers/hdds
2019-10-15 10:17:44,515 [main] INFO  volume.HddsVolumeChecker (HddsVolumeChecker.java:checkAllVolumes(204)) - Scheduled health check for volume /workdir/hadoop-ozone/integration-test/target/test-dir/MiniOzoneClusterImpl-d2dc297f-df8e-434f-8420-d555204b07d2/datanode-1/data/containers/hdds
2019-10-15 10:17:44,527 [main] INFO  impl.RaftServerProxy (ConfUtils.java:logGet(43)) - raft.rpc.type = GRPC (default)
2019-10-15 10:17:44,528 [main] INFO  grpc.GrpcFactory (GrpcFactory.java:checkPooledByteBufAllocatorUseCacheForAllThreads(45)) - PERFORMANCE WARNING: useCacheForAllThreads is true that may cause Netty to create a lot garbage objects and, as a result, trigger GC.
	It is recommended to disable useCacheForAllThreads by setting -Dorg.apache.ratis.thirdparty.io.netty.allocator.useCacheForAllThreads=false in command line.
2019-10-15 10:17:44,528 [main] INFO  grpc.GrpcConfigKeys$Server (ConfUtils.java:logGet(43)) - raft.grpc.server.port = 0 (default)
2019-10-15 10:17:44,528 [main] INFO  server.GrpcService (ConfUtils.java:logGet(43)) - raft.grpc.message.size.max = 33570816 (custom)
2019-10-15 10:17:44,528 [main] INFO  server.RaftServerConfigKeys (ConfUtils.java:logGet(43)) - raft.server.log.appender.buffer.byte-limit = 33554432 (custom)
2019-10-15 10:17:44,528 [main] INFO  server.GrpcService (ConfUtils.java:logGet(43)) - raft.grpc.flow.control.window = 1MB (=1048576) (default)
2019-10-15 10:17:44,528 [main] INFO  server.RaftServerConfigKeys (ConfUtils.java:logGet(43)) - raft.server.rpc.request.timeout = 3000ms (default)
2019-10-15 10:17:44,529 [main] INFO  server.RaftServerConfigKeys (ConfUtils.java:logGet(43)) - raft.server.storage.dir = [/workdir/hadoop-ozone/integration-test/target/test-dir/MiniOzoneClusterImpl-d2dc297f-df8e-434f-8420-d555204b07d2/datanode-1/data/ratis] (custom)
2019-10-15 10:17:44,530 [main] INFO  hdfs.DFSUtil (DFSUtil.java:httpServerTemplateForNNAndJN(1641)) - Starting Web-server for hddsDatanode at: http://0.0.0.0:0
2019-10-15 10:17:44,531 [main] INFO  server.AuthenticationFilter (AuthenticationFilter.java:constructSecretProvider(240)) - Unable to initialize FileSignerSecretProvider, falling back to use random secrets.
2019-10-15 10:17:44,531 [main] WARN  http.HttpRequestLog (HttpRequestLog.java:getRequestLog(97)) - Jetty request log can only be enabled using Log4j
2019-10-15 10:17:44,533 [main] INFO  http.HttpServer2 (HttpServer2.java:addGlobalFilter(975)) - Added global filter 'safety' (class=org.apache.hadoop.http.HttpServer2$QuotingInputFilter)
2019-10-15 10:17:44,533 [main] INFO  http.HttpServer2 (HttpServer2.java:addFilter(948)) - Added filter static_user_filter (class=org.apache.hadoop.http.lib.StaticUserWebFilter$StaticUserFilter) to context hddsDatanode
2019-10-15 10:17:44,534 [main] INFO  http.HttpServer2 (HttpServer2.java:addFilter(958)) - Added filter static_user_filter (class=org.apache.hadoop.http.lib.StaticUserWebFilter$StaticUserFilter) to context logs
2019-10-15 10:17:44,534 [main] INFO  http.HttpServer2 (HttpServer2.java:addFilter(958)) - Added filter static_user_filter (class=org.apache.hadoop.http.lib.StaticUserWebFilter$StaticUserFilter) to context static
2019-10-15 10:17:44,534 [main] INFO  http.HttpServer2 (HttpServer2.java:bindListener(1191)) - Jetty bound to port 44045
2019-10-15 10:17:44,535 [main] INFO  server.Server (Server.java:doStart(351)) - jetty-9.3.25.v20180904, build timestamp: 2018-09-04T21:11:46Z, git hash: 3ce520221d0240229c862b122d2b06c12a625732
2019-10-15 10:17:44,536 [main] INFO  handler.ContextHandler (ContextHandler.java:doStart(781)) - Started o.e.j.s.ServletContextHandler@2ee48610{/logs,file:///workdir/hadoop-ozone/integration-test/target/log,AVAILABLE}
2019-10-15 10:17:44,537 [main] INFO  handler.ContextHandler (ContextHandler.java:doStart(781)) - Started o.e.j.s.ServletContextHandler@6d08b4e6{/static,jar:file:/home/user/.m2/repository/org/apache/hadoop/hadoop-hdds-container-service/0.5.0-SNAPSHOT/hadoop-hdds-container-service-0.5.0-SNAPSHOT.jar!/webapps/static,AVAILABLE}
2019-10-15 10:17:44,568 [main] INFO  handler.ContextHandler (ContextHandler.java:doStart(781)) - Started o.e.j.w.WebAppContext@b3e86d5{/,file:///tmp/jetty-0.0.0.0-44045-hddsDatanode-_-any-1192446375284487742.dir/webapp/,AVAILABLE}{/hddsDatanode}
2019-10-15 10:17:44,569 [main] INFO  server.AbstractConnector (AbstractConnector.java:doStart(278)) - Started ServerConnector@72b43104{HTTP/1.1,[http/1.1]}{0.0.0.0:44045}
2019-10-15 10:17:44,570 [main] INFO  server.Server (Server.java:doStart(419)) - Started @44085ms
2019-10-15 10:17:44,570 [main] WARN  impl.MetricsSystemImpl (MetricsSystemImpl.java:register(276)) - Sink prometheus already exists!
2019-10-15 10:17:44,571 [main] INFO  server.BaseHttpServer (BaseHttpServer.java:updateConnectorAddress(215)) - HTTP server of HDDSDATANODE is listening at http://0.0.0.0:44045
2019-10-15 10:17:44,571 [main] INFO  impl.MetricsSystemImpl (MetricsSystemImpl.java:init(158)) - HddsDatanode metrics system started (again)
2019-10-15 10:17:44,576 [org.apache.hadoop.util.JvmPauseMonitor$Monitor@5d16952b] INFO  util.JvmPauseMonitor (JvmPauseMonitor.java:run(188)) - Starting JVM pause monitor
2019-10-15 10:17:44,576 [main] INFO  ozone.HddsDatanodeService (HddsDatanodeService.java:start(184)) - HddsDatanodeService host:dev-nightly-20191015-lc69l-4092513605 ip:192.168.69.65
2019-10-15 10:17:44,578 [Datanode State Machine Thread - 0] INFO  datanode.InitDatanodeState (InitDatanodeState.java:persistContainerDatanodeDetails(140)) - DatanodeDetails is persisted to /workdir/hadoop-ozone/integration-test/target/test-dir/MiniOzoneClusterImpl-d2dc297f-df8e-434f-8420-d555204b07d2/datanode-1/meta/datanode.id
2019-10-15 10:17:44,583 [main] INFO  volume.HddsVolume (HddsVolume.java:<init>(176)) - Creating Volume: /workdir/hadoop-ozone/integration-test/target/test-dir/MiniOzoneClusterImpl-d2dc297f-df8e-434f-8420-d555204b07d2/datanode-2/data/containers/hdds of  storage type : DISK and capacity : 1482555576320
2019-10-15 10:17:44,584 [main] INFO  volume.VolumeSet (VolumeSet.java:initializeVolumeSet(170)) - Added Volume : /workdir/hadoop-ozone/integration-test/target/test-dir/MiniOzoneClusterImpl-d2dc297f-df8e-434f-8420-d555204b07d2/datanode-2/data/containers/hdds to VolumeSet
2019-10-15 10:17:44,584 [main] INFO  volume.ThrottledAsyncChecker (ThrottledAsyncChecker.java:schedule(141)) - Scheduling a check for /workdir/hadoop-ozone/integration-test/target/test-dir/MiniOzoneClusterImpl-d2dc297f-df8e-434f-8420-d555204b07d2/datanode-2/data/containers/hdds
2019-10-15 10:17:44,584 [main] INFO  volume.HddsVolumeChecker (HddsVolumeChecker.java:checkAllVolumes(204)) - Scheduled health check for volume /workdir/hadoop-ozone/integration-test/target/test-dir/MiniOzoneClusterImpl-d2dc297f-df8e-434f-8420-d555204b07d2/datanode-2/data/containers/hdds
2019-10-15 10:17:44,603 [main] INFO  impl.RaftServerProxy (ConfUtils.java:logGet(43)) - raft.rpc.type = GRPC (default)
2019-10-15 10:17:44,603 [main] INFO  grpc.GrpcFactory (GrpcFactory.java:checkPooledByteBufAllocatorUseCacheForAllThreads(45)) - PERFORMANCE WARNING: useCacheForAllThreads is true that may cause Netty to create a lot garbage objects and, as a result, trigger GC.
	It is recommended to disable useCacheForAllThreads by setting -Dorg.apache.ratis.thirdparty.io.netty.allocator.useCacheForAllThreads=false in command line.
2019-10-15 10:17:44,603 [main] INFO  grpc.GrpcConfigKeys$Server (ConfUtils.java:logGet(43)) - raft.grpc.server.port = 0 (default)
2019-10-15 10:17:44,604 [main] INFO  server.GrpcService (ConfUtils.java:logGet(43)) - raft.grpc.message.size.max = 33570816 (custom)
2019-10-15 10:17:44,604 [main] INFO  server.RaftServerConfigKeys (ConfUtils.java:logGet(43)) - raft.server.log.appender.buffer.byte-limit = 33554432 (custom)
2019-10-15 10:17:44,604 [main] INFO  server.GrpcService (ConfUtils.java:logGet(43)) - raft.grpc.flow.control.window = 1MB (=1048576) (default)
2019-10-15 10:17:44,604 [main] INFO  server.RaftServerConfigKeys (ConfUtils.java:logGet(43)) - raft.server.rpc.request.timeout = 3000ms (default)
2019-10-15 10:17:44,605 [main] INFO  server.RaftServerConfigKeys (ConfUtils.java:logGet(43)) - raft.server.storage.dir = [/workdir/hadoop-ozone/integration-test/target/test-dir/MiniOzoneClusterImpl-d2dc297f-df8e-434f-8420-d555204b07d2/datanode-2/data/ratis] (custom)
2019-10-15 10:17:44,607 [main] INFO  hdfs.DFSUtil (DFSUtil.java:httpServerTemplateForNNAndJN(1641)) - Starting Web-server for hddsDatanode at: http://0.0.0.0:0
2019-10-15 10:17:44,608 [main] INFO  server.AuthenticationFilter (AuthenticationFilter.java:constructSecretProvider(240)) - Unable to initialize FileSignerSecretProvider, falling back to use random secrets.
2019-10-15 10:17:44,609 [main] WARN  http.HttpRequestLog (HttpRequestLog.java:getRequestLog(97)) - Jetty request log can only be enabled using Log4j
2019-10-15 10:17:44,610 [main] INFO  http.HttpServer2 (HttpServer2.java:addGlobalFilter(975)) - Added global filter 'safety' (class=org.apache.hadoop.http.HttpServer2$QuotingInputFilter)
2019-10-15 10:17:44,611 [main] INFO  http.HttpServer2 (HttpServer2.java:addFilter(948)) - Added filter static_user_filter (class=org.apache.hadoop.http.lib.StaticUserWebFilter$StaticUserFilter) to context hddsDatanode
2019-10-15 10:17:44,612 [main] INFO  http.HttpServer2 (HttpServer2.java:addFilter(958)) - Added filter static_user_filter (class=org.apache.hadoop.http.lib.StaticUserWebFilter$StaticUserFilter) to context static
2019-10-15 10:17:44,612 [main] INFO  http.HttpServer2 (HttpServer2.java:addFilter(958)) - Added filter static_user_filter (class=org.apache.hadoop.http.lib.StaticUserWebFilter$StaticUserFilter) to context logs
2019-10-15 10:17:44,613 [main] INFO  http.HttpServer2 (HttpServer2.java:bindListener(1191)) - Jetty bound to port 38346
2019-10-15 10:17:44,613 [main] INFO  server.Server (Server.java:doStart(351)) - jetty-9.3.25.v20180904, build timestamp: 2018-09-04T21:11:46Z, git hash: 3ce520221d0240229c862b122d2b06c12a625732
2019-10-15 10:17:44,615 [main] INFO  handler.ContextHandler (ContextHandler.java:doStart(781)) - Started o.e.j.s.ServletContextHandler@19b206ee{/logs,file:///workdir/hadoop-ozone/integration-test/target/log,AVAILABLE}
2019-10-15 10:17:44,616 [main] INFO  handler.ContextHandler (ContextHandler.java:doStart(781)) - Started o.e.j.s.ServletContextHandler@5f1483fd{/static,jar:file:/home/user/.m2/repository/org/apache/hadoop/hadoop-hdds-container-service/0.5.0-SNAPSHOT/hadoop-hdds-container-service-0.5.0-SNAPSHOT.jar!/webapps/static,AVAILABLE}
2019-10-15 10:17:44,653 [main] INFO  handler.ContextHandler (ContextHandler.java:doStart(781)) - Started o.e.j.w.WebAppContext@753fd7a1{/,file:///tmp/jetty-0.0.0.0-38346-hddsDatanode-_-any-4999618696901989103.dir/webapp/,AVAILABLE}{/hddsDatanode}
2019-10-15 10:17:44,654 [main] INFO  server.AbstractConnector (AbstractConnector.java:doStart(278)) - Started ServerConnector@12a2585b{HTTP/1.1,[http/1.1]}{0.0.0.0:38346}
2019-10-15 10:17:44,654 [main] INFO  server.Server (Server.java:doStart(419)) - Started @44170ms
2019-10-15 10:17:44,654 [main] WARN  impl.MetricsSystemImpl (MetricsSystemImpl.java:register(276)) - Sink prometheus already exists!
2019-10-15 10:17:44,655 [main] INFO  server.BaseHttpServer (BaseHttpServer.java:updateConnectorAddress(215)) - HTTP server of HDDSDATANODE is listening at http://0.0.0.0:38346
2019-10-15 10:17:44,656 [main] INFO  impl.MetricsSystemImpl (MetricsSystemImpl.java:init(158)) - HddsDatanode metrics system started (again)
2019-10-15 10:17:44,660 [org.apache.hadoop.util.JvmPauseMonitor$Monitor@7b3fb7a3] INFO  util.JvmPauseMonitor (JvmPauseMonitor.java:run(188)) - Starting JVM pause monitor
2019-10-15 10:17:44,661 [main] INFO  ozone.HddsDatanodeService (HddsDatanodeService.java:start(184)) - HddsDatanodeService host:dev-nightly-20191015-lc69l-4092513605 ip:192.168.69.65
2019-10-15 10:17:44,662 [Datanode State Machine Thread - 0] INFO  datanode.InitDatanodeState (InitDatanodeState.java:persistContainerDatanodeDetails(140)) - DatanodeDetails is persisted to /workdir/hadoop-ozone/integration-test/target/test-dir/MiniOzoneClusterImpl-d2dc297f-df8e-434f-8420-d555204b07d2/datanode-2/meta/datanode.id
2019-10-15 10:17:44,668 [main] INFO  volume.HddsVolume (HddsVolume.java:<init>(176)) - Creating Volume: /workdir/hadoop-ozone/integration-test/target/test-dir/MiniOzoneClusterImpl-d2dc297f-df8e-434f-8420-d555204b07d2/datanode-3/data/containers/hdds of  storage type : DISK and capacity : 1482555576320
2019-10-15 10:17:44,668 [main] INFO  volume.VolumeSet (VolumeSet.java:initializeVolumeSet(170)) - Added Volume : /workdir/hadoop-ozone/integration-test/target/test-dir/MiniOzoneClusterImpl-d2dc297f-df8e-434f-8420-d555204b07d2/datanode-3/data/containers/hdds to VolumeSet
2019-10-15 10:17:44,669 [main] INFO  volume.ThrottledAsyncChecker (ThrottledAsyncChecker.java:schedule(141)) - Scheduling a check for /workdir/hadoop-ozone/integration-test/target/test-dir/MiniOzoneClusterImpl-d2dc297f-df8e-434f-8420-d555204b07d2/datanode-3/data/containers/hdds
2019-10-15 10:17:44,669 [main] INFO  volume.HddsVolumeChecker (HddsVolumeChecker.java:checkAllVolumes(204)) - Scheduled health check for volume /workdir/hadoop-ozone/integration-test/target/test-dir/MiniOzoneClusterImpl-d2dc297f-df8e-434f-8420-d555204b07d2/datanode-3/data/containers/hdds
2019-10-15 10:17:44,690 [main] INFO  impl.RaftServerProxy (ConfUtils.java:logGet(43)) - raft.rpc.type = GRPC (default)
2019-10-15 10:17:44,690 [main] INFO  grpc.GrpcFactory (GrpcFactory.java:checkPooledByteBufAllocatorUseCacheForAllThreads(45)) - PERFORMANCE WARNING: useCacheForAllThreads is true that may cause Netty to create a lot garbage objects and, as a result, trigger GC.
	It is recommended to disable useCacheForAllThreads by setting -Dorg.apache.ratis.thirdparty.io.netty.allocator.useCacheForAllThreads=false in command line.
2019-10-15 10:17:44,690 [main] INFO  grpc.GrpcConfigKeys$Server (ConfUtils.java:logGet(43)) - raft.grpc.server.port = 0 (default)
2019-10-15 10:17:44,690 [main] INFO  server.GrpcService (ConfUtils.java:logGet(43)) - raft.grpc.message.size.max = 33570816 (custom)
2019-10-15 10:17:44,690 [main] INFO  server.RaftServerConfigKeys (ConfUtils.java:logGet(43)) - raft.server.log.appender.buffer.byte-limit = 33554432 (custom)
2019-10-15 10:17:44,691 [main] INFO  server.GrpcService (ConfUtils.java:logGet(43)) - raft.grpc.flow.control.window = 1MB (=1048576) (default)
2019-10-15 10:17:44,691 [main] INFO  server.RaftServerConfigKeys (ConfUtils.java:logGet(43)) - raft.server.rpc.request.timeout = 3000ms (default)
2019-10-15 10:17:44,691 [main] INFO  server.RaftServerConfigKeys (ConfUtils.java:logGet(43)) - raft.server.storage.dir = [/workdir/hadoop-ozone/integration-test/target/test-dir/MiniOzoneClusterImpl-d2dc297f-df8e-434f-8420-d555204b07d2/datanode-3/data/ratis] (custom)
2019-10-15 10:17:44,693 [main] INFO  hdfs.DFSUtil (DFSUtil.java:httpServerTemplateForNNAndJN(1641)) - Starting Web-server for hddsDatanode at: http://0.0.0.0:0
2019-10-15 10:17:44,695 [main] INFO  server.AuthenticationFilter (AuthenticationFilter.java:constructSecretProvider(240)) - Unable to initialize FileSignerSecretProvider, falling back to use random secrets.
2019-10-15 10:17:44,695 [main] WARN  http.HttpRequestLog (HttpRequestLog.java:getRequestLog(97)) - Jetty request log can only be enabled using Log4j
2019-10-15 10:17:44,697 [main] INFO  http.HttpServer2 (HttpServer2.java:addGlobalFilter(975)) - Added global filter 'safety' (class=org.apache.hadoop.http.HttpServer2$QuotingInputFilter)
2019-10-15 10:17:44,697 [main] INFO  http.HttpServer2 (HttpServer2.java:addFilter(948)) - Added filter static_user_filter (class=org.apache.hadoop.http.lib.StaticUserWebFilter$StaticUserFilter) to context hddsDatanode
2019-10-15 10:17:44,697 [main] INFO  http.HttpServer2 (HttpServer2.java:addFilter(958)) - Added filter static_user_filter (class=org.apache.hadoop.http.lib.StaticUserWebFilter$StaticUserFilter) to context logs
2019-10-15 10:17:44,697 [main] INFO  http.HttpServer2 (HttpServer2.java:addFilter(958)) - Added filter static_user_filter (class=org.apache.hadoop.http.lib.StaticUserWebFilter$StaticUserFilter) to context static
2019-10-15 10:17:44,698 [main] INFO  http.HttpServer2 (HttpServer2.java:bindListener(1191)) - Jetty bound to port 35077
2019-10-15 10:17:44,698 [main] INFO  server.Server (Server.java:doStart(351)) - jetty-9.3.25.v20180904, build timestamp: 2018-09-04T21:11:46Z, git hash: 3ce520221d0240229c862b122d2b06c12a625732
2019-10-15 10:17:44,700 [main] INFO  handler.ContextHandler (ContextHandler.java:doStart(781)) - Started o.e.j.s.ServletContextHandler@36b9cb99{/logs,file:///workdir/hadoop-ozone/integration-test/target/log,AVAILABLE}
2019-10-15 10:17:44,701 [main] INFO  handler.ContextHandler (ContextHandler.java:doStart(781)) - Started o.e.j.s.ServletContextHandler@2bfaba70{/static,jar:file:/home/user/.m2/repository/org/apache/hadoop/hadoop-hdds-container-service/0.5.0-SNAPSHOT/hadoop-hdds-container-service-0.5.0-SNAPSHOT.jar!/webapps/static,AVAILABLE}
2019-10-15 10:17:44,736 [main] INFO  handler.ContextHandler (ContextHandler.java:doStart(781)) - Started o.e.j.w.WebAppContext@217bf99e{/,file:///tmp/jetty-0.0.0.0-35077-hddsDatanode-_-any-3780736408627697201.dir/webapp/,AVAILABLE}{/hddsDatanode}
2019-10-15 10:17:44,736 [main] INFO  server.AbstractConnector (AbstractConnector.java:doStart(278)) - Started ServerConnector@6807a356{HTTP/1.1,[http/1.1]}{0.0.0.0:35077}
2019-10-15 10:17:44,738 [main] INFO  server.Server (Server.java:doStart(419)) - Started @44253ms
2019-10-15 10:17:44,738 [main] WARN  impl.MetricsSystemImpl (MetricsSystemImpl.java:register(276)) - Sink prometheus already exists!
2019-10-15 10:17:44,738 [main] INFO  server.BaseHttpServer (BaseHttpServer.java:updateConnectorAddress(215)) - HTTP server of HDDSDATANODE is listening at http://0.0.0.0:35077
2019-10-15 10:17:44,739 [main] INFO  impl.MetricsSystemImpl (MetricsSystemImpl.java:init(158)) - HddsDatanode metrics system started (again)
2019-10-15 10:17:44,744 [main] INFO  ozone.HddsDatanodeService (HddsDatanodeService.java:start(184)) - HddsDatanodeService host:dev-nightly-20191015-lc69l-4092513605 ip:192.168.69.65
2019-10-15 10:17:44,744 [org.apache.hadoop.util.JvmPauseMonitor$Monitor@77da53df] INFO  util.JvmPauseMonitor (JvmPauseMonitor.java:run(188)) - Starting JVM pause monitor
2019-10-15 10:17:44,745 [Datanode State Machine Thread - 0] INFO  datanode.InitDatanodeState (InitDatanodeState.java:persistContainerDatanodeDetails(140)) - DatanodeDetails is persisted to /workdir/hadoop-ozone/integration-test/target/test-dir/MiniOzoneClusterImpl-d2dc297f-df8e-434f-8420-d555204b07d2/datanode-3/meta/datanode.id
2019-10-15 10:17:44,751 [main] INFO  volume.HddsVolume (HddsVolume.java:<init>(176)) - Creating Volume: /workdir/hadoop-ozone/integration-test/target/test-dir/MiniOzoneClusterImpl-d2dc297f-df8e-434f-8420-d555204b07d2/datanode-4/data/containers/hdds of  storage type : DISK and capacity : 1482555576320
2019-10-15 10:17:44,751 [main] INFO  volume.VolumeSet (VolumeSet.java:initializeVolumeSet(170)) - Added Volume : /workdir/hadoop-ozone/integration-test/target/test-dir/MiniOzoneClusterImpl-d2dc297f-df8e-434f-8420-d555204b07d2/datanode-4/data/containers/hdds to VolumeSet
2019-10-15 10:17:44,751 [main] INFO  volume.ThrottledAsyncChecker (ThrottledAsyncChecker.java:schedule(141)) - Scheduling a check for /workdir/hadoop-ozone/integration-test/target/test-dir/MiniOzoneClusterImpl-d2dc297f-df8e-434f-8420-d555204b07d2/datanode-4/data/containers/hdds
2019-10-15 10:17:44,752 [main] INFO  volume.HddsVolumeChecker (HddsVolumeChecker.java:checkAllVolumes(204)) - Scheduled health check for volume /workdir/hadoop-ozone/integration-test/target/test-dir/MiniOzoneClusterImpl-d2dc297f-df8e-434f-8420-d555204b07d2/datanode-4/data/containers/hdds
2019-10-15 10:17:44,767 [main] INFO  impl.RaftServerProxy (ConfUtils.java:logGet(43)) - raft.rpc.type = GRPC (default)
2019-10-15 10:17:44,767 [main] INFO  grpc.GrpcFactory (GrpcFactory.java:checkPooledByteBufAllocatorUseCacheForAllThreads(45)) - PERFORMANCE WARNING: useCacheForAllThreads is true that may cause Netty to create a lot garbage objects and, as a result, trigger GC.
	It is recommended to disable useCacheForAllThreads by setting -Dorg.apache.ratis.thirdparty.io.netty.allocator.useCacheForAllThreads=false in command line.
2019-10-15 10:17:44,767 [main] INFO  grpc.GrpcConfigKeys$Server (ConfUtils.java:logGet(43)) - raft.grpc.server.port = 0 (default)
2019-10-15 10:17:44,768 [main] INFO  server.GrpcService (ConfUtils.java:logGet(43)) - raft.grpc.message.size.max = 33570816 (custom)
2019-10-15 10:17:44,768 [main] INFO  server.RaftServerConfigKeys (ConfUtils.java:logGet(43)) - raft.server.log.appender.buffer.byte-limit = 33554432 (custom)
2019-10-15 10:17:44,768 [main] INFO  server.GrpcService (ConfUtils.java:logGet(43)) - raft.grpc.flow.control.window = 1MB (=1048576) (default)
2019-10-15 10:17:44,768 [main] INFO  server.RaftServerConfigKeys (ConfUtils.java:logGet(43)) - raft.server.rpc.request.timeout = 3000ms (default)
2019-10-15 10:17:44,768 [main] INFO  server.RaftServerConfigKeys (ConfUtils.java:logGet(43)) - raft.server.storage.dir = [/workdir/hadoop-ozone/integration-test/target/test-dir/MiniOzoneClusterImpl-d2dc297f-df8e-434f-8420-d555204b07d2/datanode-4/data/ratis] (custom)
2019-10-15 10:17:44,770 [main] INFO  hdfs.DFSUtil (DFSUtil.java:httpServerTemplateForNNAndJN(1641)) - Starting Web-server for hddsDatanode at: http://0.0.0.0:0
2019-10-15 10:17:44,771 [main] INFO  server.AuthenticationFilter (AuthenticationFilter.java:constructSecretProvider(240)) - Unable to initialize FileSignerSecretProvider, falling back to use random secrets.
2019-10-15 10:17:44,772 [main] WARN  http.HttpRequestLog (HttpRequestLog.java:getRequestLog(97)) - Jetty request log can only be enabled using Log4j
2019-10-15 10:17:44,773 [main] INFO  http.HttpServer2 (HttpServer2.java:addGlobalFilter(975)) - Added global filter 'safety' (class=org.apache.hadoop.http.HttpServer2$QuotingInputFilter)
2019-10-15 10:17:44,773 [main] INFO  http.HttpServer2 (HttpServer2.java:addFilter(948)) - Added filter static_user_filter (class=org.apache.hadoop.http.lib.StaticUserWebFilter$StaticUserFilter) to context hddsDatanode
2019-10-15 10:17:44,773 [main] INFO  http.HttpServer2 (HttpServer2.java:addFilter(958)) - Added filter static_user_filter (class=org.apache.hadoop.http.lib.StaticUserWebFilter$StaticUserFilter) to context static
2019-10-15 10:17:44,774 [main] INFO  http.HttpServer2 (HttpServer2.java:addFilter(958)) - Added filter static_user_filter (class=org.apache.hadoop.http.lib.StaticUserWebFilter$StaticUserFilter) to context logs
2019-10-15 10:17:44,774 [main] INFO  http.HttpServer2 (HttpServer2.java:bindListener(1191)) - Jetty bound to port 33592
2019-10-15 10:17:44,774 [main] INFO  server.Server (Server.java:doStart(351)) - jetty-9.3.25.v20180904, build timestamp: 2018-09-04T21:11:46Z, git hash: 3ce520221d0240229c862b122d2b06c12a625732
2019-10-15 10:17:44,777 [main] INFO  handler.ContextHandler (ContextHandler.java:doStart(781)) - Started o.e.j.s.ServletContextHandler@7e351d7{/logs,file:///workdir/hadoop-ozone/integration-test/target/log,AVAILABLE}
2019-10-15 10:17:44,778 [main] INFO  handler.ContextHandler (ContextHandler.java:doStart(781)) - Started o.e.j.s.ServletContextHandler@d902300{/static,jar:file:/home/user/.m2/repository/org/apache/hadoop/hadoop-hdds-container-service/0.5.0-SNAPSHOT/hadoop-hdds-container-service-0.5.0-SNAPSHOT.jar!/webapps/static,AVAILABLE}
2019-10-15 10:17:44,825 [main] INFO  handler.ContextHandler (ContextHandler.java:doStart(781)) - Started o.e.j.w.WebAppContext@6413d7e7{/,file:///tmp/jetty-0.0.0.0-33592-hddsDatanode-_-any-6503682958774380765.dir/webapp/,AVAILABLE}{/hddsDatanode}
2019-10-15 10:17:44,825 [main] INFO  server.AbstractConnector (AbstractConnector.java:doStart(278)) - Started ServerConnector@d16be4f{HTTP/1.1,[http/1.1]}{0.0.0.0:33592}
2019-10-15 10:17:44,827 [main] INFO  server.Server (Server.java:doStart(419)) - Started @44342ms
2019-10-15 10:17:44,827 [main] WARN  impl.MetricsSystemImpl (MetricsSystemImpl.java:register(276)) - Sink prometheus already exists!
2019-10-15 10:17:44,828 [main] INFO  server.BaseHttpServer (BaseHttpServer.java:updateConnectorAddress(215)) - HTTP server of HDDSDATANODE is listening at http://0.0.0.0:33592
2019-10-15 10:17:44,828 [main] INFO  impl.MetricsSystemImpl (MetricsSystemImpl.java:init(158)) - HddsDatanode metrics system started (again)
2019-10-15 10:17:44,833 [main] INFO  ozone.HddsDatanodeService (HddsDatanodeService.java:start(184)) - HddsDatanodeService host:dev-nightly-20191015-lc69l-4092513605 ip:192.168.69.65
2019-10-15 10:17:44,833 [org.apache.hadoop.util.JvmPauseMonitor$Monitor@16838786] INFO  util.JvmPauseMonitor (JvmPauseMonitor.java:run(188)) - Starting JVM pause monitor
2019-10-15 10:17:44,835 [Datanode State Machine Thread - 0] INFO  datanode.InitDatanodeState (InitDatanodeState.java:persistContainerDatanodeDetails(140)) - DatanodeDetails is persisted to /workdir/hadoop-ozone/integration-test/target/test-dir/MiniOzoneClusterImpl-d2dc297f-df8e-434f-8420-d555204b07d2/datanode-4/meta/datanode.id
2019-10-15 10:17:44,841 [main] INFO  volume.HddsVolume (HddsVolume.java:<init>(176)) - Creating Volume: /workdir/hadoop-ozone/integration-test/target/test-dir/MiniOzoneClusterImpl-d2dc297f-df8e-434f-8420-d555204b07d2/datanode-5/data/containers/hdds of  storage type : DISK and capacity : 1482555576320
2019-10-15 10:17:44,841 [main] INFO  volume.VolumeSet (VolumeSet.java:initializeVolumeSet(170)) - Added Volume : /workdir/hadoop-ozone/integration-test/target/test-dir/MiniOzoneClusterImpl-d2dc297f-df8e-434f-8420-d555204b07d2/datanode-5/data/containers/hdds to VolumeSet
2019-10-15 10:17:44,842 [main] INFO  volume.ThrottledAsyncChecker (ThrottledAsyncChecker.java:schedule(141)) - Scheduling a check for /workdir/hadoop-ozone/integration-test/target/test-dir/MiniOzoneClusterImpl-d2dc297f-df8e-434f-8420-d555204b07d2/datanode-5/data/containers/hdds
2019-10-15 10:17:44,842 [main] INFO  volume.HddsVolumeChecker (HddsVolumeChecker.java:checkAllVolumes(204)) - Scheduled health check for volume /workdir/hadoop-ozone/integration-test/target/test-dir/MiniOzoneClusterImpl-d2dc297f-df8e-434f-8420-d555204b07d2/datanode-5/data/containers/hdds
2019-10-15 10:17:44,857 [main] INFO  impl.RaftServerProxy (ConfUtils.java:logGet(43)) - raft.rpc.type = GRPC (default)
2019-10-15 10:17:44,857 [main] INFO  grpc.GrpcFactory (GrpcFactory.java:checkPooledByteBufAllocatorUseCacheForAllThreads(45)) - PERFORMANCE WARNING: useCacheForAllThreads is true that may cause Netty to create a lot garbage objects and, as a result, trigger GC.
	It is recommended to disable useCacheForAllThreads by setting -Dorg.apache.ratis.thirdparty.io.netty.allocator.useCacheForAllThreads=false in command line.
2019-10-15 10:17:44,857 [main] INFO  grpc.GrpcConfigKeys$Server (ConfUtils.java:logGet(43)) - raft.grpc.server.port = 0 (default)
2019-10-15 10:17:44,858 [main] INFO  server.GrpcService (ConfUtils.java:logGet(43)) - raft.grpc.message.size.max = 33570816 (custom)
2019-10-15 10:17:44,858 [main] INFO  server.RaftServerConfigKeys (ConfUtils.java:logGet(43)) - raft.server.log.appender.buffer.byte-limit = 33554432 (custom)
2019-10-15 10:17:44,858 [main] INFO  server.GrpcService (ConfUtils.java:logGet(43)) - raft.grpc.flow.control.window = 1MB (=1048576) (default)
2019-10-15 10:17:44,858 [main] INFO  server.RaftServerConfigKeys (ConfUtils.java:logGet(43)) - raft.server.rpc.request.timeout = 3000ms (default)
2019-10-15 10:17:44,859 [main] INFO  server.RaftServerConfigKeys (ConfUtils.java:logGet(43)) - raft.server.storage.dir = [/workdir/hadoop-ozone/integration-test/target/test-dir/MiniOzoneClusterImpl-d2dc297f-df8e-434f-8420-d555204b07d2/datanode-5/data/ratis] (custom)
2019-10-15 10:17:44,861 [main] INFO  hdfs.DFSUtil (DFSUtil.java:httpServerTemplateForNNAndJN(1641)) - Starting Web-server for hddsDatanode at: http://0.0.0.0:0
2019-10-15 10:17:44,862 [main] INFO  server.AuthenticationFilter (AuthenticationFilter.java:constructSecretProvider(240)) - Unable to initialize FileSignerSecretProvider, falling back to use random secrets.
2019-10-15 10:17:44,863 [main] WARN  http.HttpRequestLog (HttpRequestLog.java:getRequestLog(97)) - Jetty request log can only be enabled using Log4j
2019-10-15 10:17:44,864 [main] INFO  http.HttpServer2 (HttpServer2.java:addGlobalFilter(975)) - Added global filter 'safety' (class=org.apache.hadoop.http.HttpServer2$QuotingInputFilter)
2019-10-15 10:17:44,865 [main] INFO  http.HttpServer2 (HttpServer2.java:addFilter(948)) - Added filter static_user_filter (class=org.apache.hadoop.http.lib.StaticUserWebFilter$StaticUserFilter) to context hddsDatanode
2019-10-15 10:17:44,865 [main] INFO  http.HttpServer2 (HttpServer2.java:addFilter(958)) - Added filter static_user_filter (class=org.apache.hadoop.http.lib.StaticUserWebFilter$StaticUserFilter) to context static
2019-10-15 10:17:44,865 [main] INFO  http.HttpServer2 (HttpServer2.java:addFilter(958)) - Added filter static_user_filter (class=org.apache.hadoop.http.lib.StaticUserWebFilter$StaticUserFilter) to context logs
2019-10-15 10:17:44,866 [main] INFO  http.HttpServer2 (HttpServer2.java:bindListener(1191)) - Jetty bound to port 35592
2019-10-15 10:17:44,866 [main] INFO  server.Server (Server.java:doStart(351)) - jetty-9.3.25.v20180904, build timestamp: 2018-09-04T21:11:46Z, git hash: 3ce520221d0240229c862b122d2b06c12a625732
2019-10-15 10:17:44,868 [main] INFO  handler.ContextHandler (ContextHandler.java:doStart(781)) - Started o.e.j.s.ServletContextHandler@b0fd744{/logs,file:///workdir/hadoop-ozone/integration-test/target/log,AVAILABLE}
2019-10-15 10:17:44,868 [main] INFO  handler.ContextHandler (ContextHandler.java:doStart(781)) - Started o.e.j.s.ServletContextHandler@6a1ef65c{/static,jar:file:/home/user/.m2/repository/org/apache/hadoop/hadoop-hdds-container-service/0.5.0-SNAPSHOT/hadoop-hdds-container-service-0.5.0-SNAPSHOT.jar!/webapps/static,AVAILABLE}
2019-10-15 10:17:44,904 [main] INFO  handler.ContextHandler (ContextHandler.java:doStart(781)) - Started o.e.j.w.WebAppContext@158ae284{/,file:///tmp/jetty-0.0.0.0-35592-hddsDatanode-_-any-4881832063000390813.dir/webapp/,AVAILABLE}{/hddsDatanode}
2019-10-15 10:17:44,904 [main] INFO  server.AbstractConnector (AbstractConnector.java:doStart(278)) - Started ServerConnector@50eb4a2c{HTTP/1.1,[http/1.1]}{0.0.0.0:35592}
2019-10-15 10:17:44,905 [main] INFO  server.Server (Server.java:doStart(419)) - Started @44421ms
2019-10-15 10:17:44,905 [main] WARN  impl.MetricsSystemImpl (MetricsSystemImpl.java:register(276)) - Sink prometheus already exists!
2019-10-15 10:17:44,906 [main] INFO  server.BaseHttpServer (BaseHttpServer.java:updateConnectorAddress(215)) - HTTP server of HDDSDATANODE is listening at http://0.0.0.0:35592
2019-10-15 10:17:44,906 [main] INFO  impl.MetricsSystemImpl (MetricsSystemImpl.java:init(158)) - HddsDatanode metrics system started (again)
2019-10-15 10:17:44,911 [main] INFO  ozone.HddsDatanodeService (HddsDatanodeService.java:start(184)) - HddsDatanodeService host:dev-nightly-20191015-lc69l-4092513605 ip:192.168.69.65
2019-10-15 10:17:44,912 [org.apache.hadoop.util.JvmPauseMonitor$Monitor@123957fc] INFO  util.JvmPauseMonitor (JvmPauseMonitor.java:run(188)) - Starting JVM pause monitor
2019-10-15 10:17:44,913 [Datanode State Machine Thread - 0] INFO  datanode.InitDatanodeState (InitDatanodeState.java:persistContainerDatanodeDetails(140)) - DatanodeDetails is persisted to /workdir/hadoop-ozone/integration-test/target/test-dir/MiniOzoneClusterImpl-d2dc297f-df8e-434f-8420-d555204b07d2/datanode-5/meta/datanode.id
2019-10-15 10:17:44,919 [main] INFO  volume.HddsVolume (HddsVolume.java:<init>(176)) - Creating Volume: /workdir/hadoop-ozone/integration-test/target/test-dir/MiniOzoneClusterImpl-d2dc297f-df8e-434f-8420-d555204b07d2/datanode-6/data/containers/hdds of  storage type : DISK and capacity : 1482555576320
2019-10-15 10:17:44,919 [main] INFO  volume.VolumeSet (VolumeSet.java:initializeVolumeSet(170)) - Added Volume : /workdir/hadoop-ozone/integration-test/target/test-dir/MiniOzoneClusterImpl-d2dc297f-df8e-434f-8420-d555204b07d2/datanode-6/data/containers/hdds to VolumeSet
2019-10-15 10:17:44,919 [main] INFO  volume.ThrottledAsyncChecker (ThrottledAsyncChecker.java:schedule(141)) - Scheduling a check for /workdir/hadoop-ozone/integration-test/target/test-dir/MiniOzoneClusterImpl-d2dc297f-df8e-434f-8420-d555204b07d2/datanode-6/data/containers/hdds
2019-10-15 10:17:44,920 [main] INFO  volume.HddsVolumeChecker (HddsVolumeChecker.java:checkAllVolumes(204)) - Scheduled health check for volume /workdir/hadoop-ozone/integration-test/target/test-dir/MiniOzoneClusterImpl-d2dc297f-df8e-434f-8420-d555204b07d2/datanode-6/data/containers/hdds
2019-10-15 10:17:44,933 [main] INFO  impl.RaftServerProxy (ConfUtils.java:logGet(43)) - raft.rpc.type = GRPC (default)
2019-10-15 10:17:44,934 [main] INFO  grpc.GrpcFactory (GrpcFactory.java:checkPooledByteBufAllocatorUseCacheForAllThreads(45)) - PERFORMANCE WARNING: useCacheForAllThreads is true that may cause Netty to create a lot garbage objects and, as a result, trigger GC.
	It is recommended to disable useCacheForAllThreads by setting -Dorg.apache.ratis.thirdparty.io.netty.allocator.useCacheForAllThreads=false in command line.
2019-10-15 10:17:44,934 [main] INFO  grpc.GrpcConfigKeys$Server (ConfUtils.java:logGet(43)) - raft.grpc.server.port = 0 (default)
2019-10-15 10:17:44,934 [main] INFO  server.GrpcService (ConfUtils.java:logGet(43)) - raft.grpc.message.size.max = 33570816 (custom)
2019-10-15 10:17:44,934 [main] INFO  server.RaftServerConfigKeys (ConfUtils.java:logGet(43)) - raft.server.log.appender.buffer.byte-limit = 33554432 (custom)
2019-10-15 10:17:44,934 [main] INFO  server.GrpcService (ConfUtils.java:logGet(43)) - raft.grpc.flow.control.window = 1MB (=1048576) (default)
2019-10-15 10:17:44,934 [main] INFO  server.RaftServerConfigKeys (ConfUtils.java:logGet(43)) - raft.server.rpc.request.timeout = 3000ms (default)
2019-10-15 10:17:44,935 [main] INFO  server.RaftServerConfigKeys (ConfUtils.java:logGet(43)) - raft.server.storage.dir = [/workdir/hadoop-ozone/integration-test/target/test-dir/MiniOzoneClusterImpl-d2dc297f-df8e-434f-8420-d555204b07d2/datanode-6/data/ratis] (custom)
2019-10-15 10:17:44,936 [main] INFO  hdfs.DFSUtil (DFSUtil.java:httpServerTemplateForNNAndJN(1641)) - Starting Web-server for hddsDatanode at: http://0.0.0.0:0
2019-10-15 10:17:44,937 [main] INFO  server.AuthenticationFilter (AuthenticationFilter.java:constructSecretProvider(240)) - Unable to initialize FileSignerSecretProvider, falling back to use random secrets.
2019-10-15 10:17:44,938 [main] WARN  http.HttpRequestLog (HttpRequestLog.java:getRequestLog(97)) - Jetty request log can only be enabled using Log4j
2019-10-15 10:17:44,939 [main] INFO  http.HttpServer2 (HttpServer2.java:addGlobalFilter(975)) - Added global filter 'safety' (class=org.apache.hadoop.http.HttpServer2$QuotingInputFilter)
2019-10-15 10:17:44,939 [main] INFO  http.HttpServer2 (HttpServer2.java:addFilter(948)) - Added filter static_user_filter (class=org.apache.hadoop.http.lib.StaticUserWebFilter$StaticUserFilter) to context hddsDatanode
2019-10-15 10:17:44,939 [main] INFO  http.HttpServer2 (HttpServer2.java:addFilter(958)) - Added filter static_user_filter (class=org.apache.hadoop.http.lib.StaticUserWebFilter$StaticUserFilter) to context static
2019-10-15 10:17:44,940 [main] INFO  http.HttpServer2 (HttpServer2.java:addFilter(958)) - Added filter static_user_filter (class=org.apache.hadoop.http.lib.StaticUserWebFilter$StaticUserFilter) to context logs
2019-10-15 10:17:44,940 [main] INFO  http.HttpServer2 (HttpServer2.java:bindListener(1191)) - Jetty bound to port 46766
2019-10-15 10:17:44,940 [main] INFO  server.Server (Server.java:doStart(351)) - jetty-9.3.25.v20180904, build timestamp: 2018-09-04T21:11:46Z, git hash: 3ce520221d0240229c862b122d2b06c12a625732
2019-10-15 10:17:44,942 [main] INFO  handler.ContextHandler (ContextHandler.java:doStart(781)) - Started o.e.j.s.ServletContextHandler@10272bbb{/logs,file:///workdir/hadoop-ozone/integration-test/target/log,AVAILABLE}
2019-10-15 10:17:44,943 [main] INFO  handler.ContextHandler (ContextHandler.java:doStart(781)) - Started o.e.j.s.ServletContextHandler@16736040{/static,jar:file:/home/user/.m2/repository/org/apache/hadoop/hadoop-hdds-container-service/0.5.0-SNAPSHOT/hadoop-hdds-container-service-0.5.0-SNAPSHOT.jar!/webapps/static,AVAILABLE}
2019-10-15 10:17:44,971 [main] INFO  handler.ContextHandler (ContextHandler.java:doStart(781)) - Started o.e.j.w.WebAppContext@40c2ce52{/,file:///tmp/jetty-0.0.0.0-46766-hddsDatanode-_-any-8639089482122376403.dir/webapp/,AVAILABLE}{/hddsDatanode}
2019-10-15 10:17:44,972 [main] INFO  server.AbstractConnector (AbstractConnector.java:doStart(278)) - Started ServerConnector@18a19e{HTTP/1.1,[http/1.1]}{0.0.0.0:46766}
2019-10-15 10:17:44,973 [main] INFO  server.Server (Server.java:doStart(419)) - Started @44488ms
2019-10-15 10:17:44,973 [main] WARN  impl.MetricsSystemImpl (MetricsSystemImpl.java:register(276)) - Sink prometheus already exists!
2019-10-15 10:17:44,973 [main] INFO  server.BaseHttpServer (BaseHttpServer.java:updateConnectorAddress(215)) - HTTP server of HDDSDATANODE is listening at http://0.0.0.0:46766
2019-10-15 10:17:44,974 [main] INFO  ozone.MiniOzoneClusterImpl (MiniOzoneClusterImpl.java:lambda$waitForClusterToBeReady$0(147)) - Waiting for cluster to be ready. Got 0 of 7 DN Heartbeats.
2019-10-15 10:17:44,977 [org.apache.hadoop.util.JvmPauseMonitor$Monitor@13c6fc68] INFO  util.JvmPauseMonitor (JvmPauseMonitor.java:run(188)) - Starting JVM pause monitor
2019-10-15 10:17:44,979 [Datanode State Machine Thread - 0] INFO  datanode.InitDatanodeState (InitDatanodeState.java:persistContainerDatanodeDetails(140)) - DatanodeDetails is persisted to /workdir/hadoop-ozone/integration-test/target/test-dir/MiniOzoneClusterImpl-d2dc297f-df8e-434f-8420-d555204b07d2/datanode-6/meta/datanode.id
2019-10-15 10:17:45,974 [main] INFO  ozone.MiniOzoneClusterImpl (MiniOzoneClusterImpl.java:lambda$waitForClusterToBeReady$0(147)) - Waiting for cluster to be ready. Got 0 of 7 DN Heartbeats.
2019-10-15 10:17:46,530 [Datanode State Machine Thread - 0] INFO  ozoneimpl.OzoneContainer (OzoneContainer.java:start(213)) - Attempting to start container services.
2019-10-15 10:17:46,533 [Datanode State Machine Thread - 0] INFO  ozoneimpl.OzoneContainer (OzoneContainer.java:startContainerScrub(177)) - Background container scanner has been disabled.
2019-10-15 10:17:46,533 [Datanode State Machine Thread - 0] INFO  ratis.XceiverServerRatis (XceiverServerRatis.java:start(418)) - Starting XceiverServerRatis 0f7b2390-6b01-4aa9-9793-f543095052b0 at port 0
2019-10-15 10:17:46,541 [Datanode State Machine Thread - 0] INFO  impl.RaftServerProxy (RaftServerProxy.java:lambda$start$3(299)) - 0f7b2390-6b01-4aa9-9793-f543095052b0: start RPC server
2019-10-15 10:17:46,543 [Datanode State Machine Thread - 0] INFO  server.GrpcService (GrpcService.java:startImpl(158)) - 0f7b2390-6b01-4aa9-9793-f543095052b0: GrpcService started, listening on 0.0.0.0/0.0.0.0:41530
2019-10-15 10:17:46,543 [Datanode State Machine Thread - 0] INFO  ratis.XceiverServerRatis (XceiverServerRatis.java:start(428)) - XceiverServerRatis 0f7b2390-6b01-4aa9-9793-f543095052b0 is started using port 41530
2019-10-15 10:17:46,544 [Datanode State Machine Thread - 0] INFO  server.XceiverServerGrpc (XceiverServerGrpc.java:start(149)) - XceiverServerGrpc 0f7b2390-6b01-4aa9-9793-f543095052b0 is started using port 43744
2019-10-15 10:17:46,590 [Datanode State Machine Thread - 0] INFO  ozoneimpl.OzoneContainer (OzoneContainer.java:start(213)) - Attempting to start container services.
2019-10-15 10:17:46,592 [Datanode State Machine Thread - 0] INFO  ozoneimpl.OzoneContainer (OzoneContainer.java:startContainerScrub(177)) - Background container scanner has been disabled.
2019-10-15 10:17:46,593 [Datanode State Machine Thread - 0] INFO  ratis.XceiverServerRatis (XceiverServerRatis.java:start(418)) - Starting XceiverServerRatis 99ab3c4c-c7dc-4c5d-a12b-23e9a64d5290 at port 0
2019-10-15 10:17:46,600 [Datanode State Machine Thread - 0] INFO  impl.RaftServerProxy (RaftServerProxy.java:lambda$start$3(299)) - 99ab3c4c-c7dc-4c5d-a12b-23e9a64d5290: start RPC server
2019-10-15 10:17:46,600 [Datanode State Machine Thread - 0] INFO  server.GrpcService (GrpcService.java:startImpl(158)) - 99ab3c4c-c7dc-4c5d-a12b-23e9a64d5290: GrpcService started, listening on 0.0.0.0/0.0.0.0:38363
2019-10-15 10:17:46,601 [Datanode State Machine Thread - 0] INFO  ratis.XceiverServerRatis (XceiverServerRatis.java:start(428)) - XceiverServerRatis 99ab3c4c-c7dc-4c5d-a12b-23e9a64d5290 is started using port 38363
2019-10-15 10:17:46,602 [Datanode State Machine Thread - 0] INFO  server.XceiverServerGrpc (XceiverServerGrpc.java:start(149)) - XceiverServerGrpc 99ab3c4c-c7dc-4c5d-a12b-23e9a64d5290 is started using port 43263
2019-10-15 10:17:46,675 [Datanode State Machine Thread - 0] INFO  ozoneimpl.OzoneContainer (OzoneContainer.java:start(213)) - Attempting to start container services.
2019-10-15 10:17:46,681 [Datanode State Machine Thread - 0] INFO  ozoneimpl.OzoneContainer (OzoneContainer.java:startContainerScrub(177)) - Background container scanner has been disabled.
2019-10-15 10:17:46,681 [Datanode State Machine Thread - 0] INFO  ratis.XceiverServerRatis (XceiverServerRatis.java:start(418)) - Starting XceiverServerRatis 82695c46-2a63-4540-a67a-64e0b0e312e9 at port 0
2019-10-15 10:17:46,689 [Datanode State Machine Thread - 0] INFO  impl.RaftServerProxy (RaftServerProxy.java:lambda$start$3(299)) - 82695c46-2a63-4540-a67a-64e0b0e312e9: start RPC server
2019-10-15 10:17:46,695 [Datanode State Machine Thread - 0] INFO  server.GrpcService (GrpcService.java:startImpl(158)) - 82695c46-2a63-4540-a67a-64e0b0e312e9: GrpcService started, listening on 0.0.0.0/0.0.0.0:45174
2019-10-15 10:17:46,695 [Datanode State Machine Thread - 0] INFO  ratis.XceiverServerRatis (XceiverServerRatis.java:start(428)) - XceiverServerRatis 82695c46-2a63-4540-a67a-64e0b0e312e9 is started using port 45174
2019-10-15 10:17:46,699 [Datanode State Machine Thread - 0] INFO  server.XceiverServerGrpc (XceiverServerGrpc.java:start(149)) - XceiverServerGrpc 82695c46-2a63-4540-a67a-64e0b0e312e9 is started using port 41051
2019-10-15 10:17:46,758 [Datanode State Machine Thread - 0] INFO  ozoneimpl.OzoneContainer (OzoneContainer.java:start(213)) - Attempting to start container services.
2019-10-15 10:17:46,758 [Datanode State Machine Thread - 0] INFO  ozoneimpl.OzoneContainer (OzoneContainer.java:startContainerScrub(177)) - Background container scanner has been disabled.
2019-10-15 10:17:46,758 [Datanode State Machine Thread - 0] INFO  ratis.XceiverServerRatis (XceiverServerRatis.java:start(418)) - Starting XceiverServerRatis 89ba96a8-01f6-4eff-81d6-f1c917046bcf at port 0
2019-10-15 10:17:46,768 [Datanode State Machine Thread - 0] INFO  impl.RaftServerProxy (RaftServerProxy.java:lambda$start$3(299)) - 89ba96a8-01f6-4eff-81d6-f1c917046bcf: start RPC server
2019-10-15 10:17:46,769 [Datanode State Machine Thread - 0] INFO  server.GrpcService (GrpcService.java:startImpl(158)) - 89ba96a8-01f6-4eff-81d6-f1c917046bcf: GrpcService started, listening on 0.0.0.0/0.0.0.0:44393
2019-10-15 10:17:46,769 [Datanode State Machine Thread - 0] INFO  ratis.XceiverServerRatis (XceiverServerRatis.java:start(428)) - XceiverServerRatis 89ba96a8-01f6-4eff-81d6-f1c917046bcf is started using port 44393
2019-10-15 10:17:46,769 [Datanode State Machine Thread - 0] INFO  server.XceiverServerGrpc (XceiverServerGrpc.java:start(149)) - XceiverServerGrpc 89ba96a8-01f6-4eff-81d6-f1c917046bcf is started using port 38081
2019-10-15 10:17:46,859 [Datanode State Machine Thread - 0] INFO  ozoneimpl.OzoneContainer (OzoneContainer.java:start(213)) - Attempting to start container services.
2019-10-15 10:17:46,860 [Datanode State Machine Thread - 0] INFO  ozoneimpl.OzoneContainer (OzoneContainer.java:startContainerScrub(177)) - Background container scanner has been disabled.
2019-10-15 10:17:46,860 [Datanode State Machine Thread - 0] INFO  ratis.XceiverServerRatis (XceiverServerRatis.java:start(418)) - Starting XceiverServerRatis 5c35e004-52fd-4bd5-9e21-953e901c4805 at port 0
2019-10-15 10:17:46,867 [Datanode State Machine Thread - 0] INFO  impl.RaftServerProxy (RaftServerProxy.java:lambda$start$3(299)) - 5c35e004-52fd-4bd5-9e21-953e901c4805: start RPC server
2019-10-15 10:17:46,868 [Datanode State Machine Thread - 0] INFO  server.GrpcService (GrpcService.java:startImpl(158)) - 5c35e004-52fd-4bd5-9e21-953e901c4805: GrpcService started, listening on 0.0.0.0/0.0.0.0:36838
2019-10-15 10:17:46,868 [Datanode State Machine Thread - 0] INFO  ratis.XceiverServerRatis (XceiverServerRatis.java:start(428)) - XceiverServerRatis 5c35e004-52fd-4bd5-9e21-953e901c4805 is started using port 36838
2019-10-15 10:17:46,869 [Datanode State Machine Thread - 0] INFO  server.XceiverServerGrpc (XceiverServerGrpc.java:start(149)) - XceiverServerGrpc 5c35e004-52fd-4bd5-9e21-953e901c4805 is started using port 38648
2019-10-15 10:17:46,925 [Datanode State Machine Thread - 0] INFO  ozoneimpl.OzoneContainer (OzoneContainer.java:start(213)) - Attempting to start container services.
2019-10-15 10:17:46,925 [Datanode State Machine Thread - 0] INFO  ozoneimpl.OzoneContainer (OzoneContainer.java:startContainerScrub(177)) - Background container scanner has been disabled.
2019-10-15 10:17:46,925 [Datanode State Machine Thread - 0] INFO  ratis.XceiverServerRatis (XceiverServerRatis.java:start(418)) - Starting XceiverServerRatis a626a13b-9fbf-45e4-ad69-b33ead2c725a at port 0
2019-10-15 10:17:46,934 [Datanode State Machine Thread - 0] INFO  impl.RaftServerProxy (RaftServerProxy.java:lambda$start$3(299)) - a626a13b-9fbf-45e4-ad69-b33ead2c725a: start RPC server
2019-10-15 10:17:46,934 [Datanode State Machine Thread - 0] INFO  server.GrpcService (GrpcService.java:startImpl(158)) - a626a13b-9fbf-45e4-ad69-b33ead2c725a: GrpcService started, listening on 0.0.0.0/0.0.0.0:36802
2019-10-15 10:17:46,935 [Datanode State Machine Thread - 0] INFO  ratis.XceiverServerRatis (XceiverServerRatis.java:start(428)) - XceiverServerRatis a626a13b-9fbf-45e4-ad69-b33ead2c725a is started using port 36802
2019-10-15 10:17:46,935 [Datanode State Machine Thread - 0] INFO  server.XceiverServerGrpc (XceiverServerGrpc.java:start(149)) - XceiverServerGrpc a626a13b-9fbf-45e4-ad69-b33ead2c725a is started using port 42644
2019-10-15 10:17:46,974 [main] INFO  ozone.MiniOzoneClusterImpl (MiniOzoneClusterImpl.java:lambda$waitForClusterToBeReady$0(147)) - Waiting for cluster to be ready. Got 0 of 7 DN Heartbeats.
2019-10-15 10:17:46,991 [Datanode State Machine Thread - 0] INFO  ozoneimpl.OzoneContainer (OzoneContainer.java:start(213)) - Attempting to start container services.
2019-10-15 10:17:46,991 [Datanode State Machine Thread - 0] INFO  ozoneimpl.OzoneContainer (OzoneContainer.java:startContainerScrub(177)) - Background container scanner has been disabled.
2019-10-15 10:17:46,991 [Datanode State Machine Thread - 0] INFO  ratis.XceiverServerRatis (XceiverServerRatis.java:start(418)) - Starting XceiverServerRatis 7ef9c21a-99e3-42fb-b6ea-bac56b4f4f52 at port 0
2019-10-15 10:17:46,999 [Datanode State Machine Thread - 0] INFO  impl.RaftServerProxy (RaftServerProxy.java:lambda$start$3(299)) - 7ef9c21a-99e3-42fb-b6ea-bac56b4f4f52: start RPC server
2019-10-15 10:17:47,001 [Datanode State Machine Thread - 0] INFO  server.GrpcService (GrpcService.java:startImpl(158)) - 7ef9c21a-99e3-42fb-b6ea-bac56b4f4f52: GrpcService started, listening on 0.0.0.0/0.0.0.0:35222
2019-10-15 10:17:47,001 [Datanode State Machine Thread - 0] INFO  ratis.XceiverServerRatis (XceiverServerRatis.java:start(428)) - XceiverServerRatis 7ef9c21a-99e3-42fb-b6ea-bac56b4f4f52 is started using port 35222
2019-10-15 10:17:47,002 [Datanode State Machine Thread - 0] INFO  server.XceiverServerGrpc (XceiverServerGrpc.java:start(149)) - XceiverServerGrpc 7ef9c21a-99e3-42fb-b6ea-bac56b4f4f52 is started using port 42229
2019-10-15 10:17:47,975 [main] INFO  ozone.MiniOzoneClusterImpl (MiniOzoneClusterImpl.java:lambda$waitForClusterToBeReady$0(147)) - Waiting for cluster to be ready. Got 0 of 7 DN Heartbeats.
2019-10-15 10:17:48,519 [IPC Server handler 2 on 44654] INFO  net.NetworkTopology (NetworkTopologyImpl.java:add(111)) - Added a new node: /default-rack/0f7b2390-6b01-4aa9-9793-f543095052b0
2019-10-15 10:17:48,521 [IPC Server handler 2 on 44654] INFO  node.SCMNodeManager (SCMNodeManager.java:register(268)) - Registered Data node : 0f7b2390-6b01-4aa9-9793-f543095052b0{ip: 192.168.69.65, host: dev-nightly-20191015-lc69l-4092513605, networkLocation: /default-rack, certSerialId: null}
2019-10-15 10:17:48,522 [EventQueue-NodeRegistrationContainerReportForDataNodeSafeModeRule] INFO  safemode.SCMSafeModeManager (DataNodeSafeModeRule.java:process(71)) - SCM in safe mode. 1 DataNodes registered, 1 required.
2019-10-15 10:17:48,524 [EventQueue-NodeRegistrationContainerReportForDataNodeSafeModeRule] INFO  safemode.SCMSafeModeManager (SCMSafeModeManager.java:validateSafeModeExitRules(177)) - ScmSafeModeManager, all rules are successfully validated
2019-10-15 10:17:48,524 [EventQueue-NodeRegistrationContainerReportForDataNodeSafeModeRule] INFO  safemode.SCMSafeModeManager (SCMSafeModeManager.java:exitSafeMode(193)) - SCM exiting safe mode.
2019-10-15 10:17:48,544 [grpc-default-executor-0] INFO  impl.RaftServerProxy (RaftServerProxy.java:addNew(89)) - 0f7b2390-6b01-4aa9-9793-f543095052b0: addNew group-86BD85AE461F:[0f7b2390-6b01-4aa9-9793-f543095052b0:192.168.69.65:41530] returns group-86BD85AE461F:java.util.concurrent.CompletableFuture@2631fbe5[Not completed]
2019-10-15 10:17:48,548 [pool-119-thread-1] INFO  impl.RaftServerImpl (RaftServerImpl.java:<init>(95)) - 0f7b2390-6b01-4aa9-9793-f543095052b0: new RaftServerImpl for group-86BD85AE461F:[0f7b2390-6b01-4aa9-9793-f543095052b0:192.168.69.65:41530] with ContainerStateMachine:uninitialized
2019-10-15 10:17:48,548 [pool-119-thread-1] INFO  server.RaftServerConfigKeys (ConfUtils.java:logGet(43)) - raft.server.rpc.timeout.min = 5s (custom)
2019-10-15 10:17:48,548 [pool-119-thread-1] INFO  server.RaftServerConfigKeys (ConfUtils.java:logGet(43)) - raft.server.rpc.timeout.max = 5200ms (custom)
2019-10-15 10:17:48,549 [pool-119-thread-1] INFO  server.RaftServerConfigKeys (ConfUtils.java:logGet(43)) - raft.server.rpcslowness.timeout = 120s (custom)
2019-10-15 10:17:48,549 [pool-119-thread-1] INFO  server.RaftServerConfigKeys (ConfUtils.java:logGet(43)) - raft.server.sleep.deviation.threshold = 300 (default)
2019-10-15 10:17:48,549 [pool-119-thread-1] INFO  server.RaftServerConfigKeys (ConfUtils.java:logGet(43)) - raft.server.log.appender.install.snapshot.enabled = false (custom)
2019-10-15 10:17:48,549 [pool-119-thread-1] INFO  impl.RaftServerImpl (ServerState.java:<init>(103)) - 0f7b2390-6b01-4aa9-9793-f543095052b0@group-86BD85AE461F: ConfigurationManager, init=-1: [0f7b2390-6b01-4aa9-9793-f543095052b0:192.168.69.65:41530], old=null, confs=<EMPTY_MAP>
2019-10-15 10:17:48,549 [pool-119-thread-1] INFO  server.RaftServerConfigKeys (ConfUtils.java:logGet(43)) - raft.server.storage.dir = [/workdir/hadoop-ozone/integration-test/target/test-dir/MiniOzoneClusterImpl-d2dc297f-df8e-434f-8420-d555204b07d2/datanode-0/data/ratis] (custom)
2019-10-15 10:17:48,550 [pool-119-thread-1] INFO  server.RaftServerConfigKeys (ConfUtils.java:logGet(43)) - raft.server.log.corruption.policy = EXCEPTION (default)
2019-10-15 10:17:48,550 [pool-119-thread-1] INFO  storage.RaftStorageDirectory (RaftStorageDirectory.java:analyzeStorage(246)) - The storage directory /workdir/hadoop-ozone/integration-test/target/test-dir/MiniOzoneClusterImpl-d2dc297f-df8e-434f-8420-d555204b07d2/datanode-0/data/ratis/e371c8dc-163b-49a6-b3d1-86bd85ae461f does not exist. Creating ...
2019-10-15 10:17:48,565 [pool-119-thread-1] INFO  storage.RaftStorageDirectory (RaftStorageDirectory.java:tryLock(328)) - Lock on /workdir/hadoop-ozone/integration-test/target/test-dir/MiniOzoneClusterImpl-d2dc297f-df8e-434f-8420-d555204b07d2/datanode-0/data/ratis/e371c8dc-163b-49a6-b3d1-86bd85ae461f/in_use.lock acquired by nodename 4553@dev-nightly-20191015-lc69l-4092513605
2019-10-15 10:17:48,577 [IPC Server handler 3 on 44654] INFO  net.NetworkTopology (NetworkTopologyImpl.java:add(111)) - Added a new node: /default-rack/99ab3c4c-c7dc-4c5d-a12b-23e9a64d5290
2019-10-15 10:17:48,577 [pool-119-thread-1] INFO  storage.RaftStorage (RaftStorage.java:format(84)) - Storage directory /workdir/hadoop-ozone/integration-test/target/test-dir/MiniOzoneClusterImpl-d2dc297f-df8e-434f-8420-d555204b07d2/datanode-0/data/ratis/e371c8dc-163b-49a6-b3d1-86bd85ae461f has been successfully formatted.
2019-10-15 10:17:48,578 [IPC Server handler 3 on 44654] INFO  node.SCMNodeManager (SCMNodeManager.java:register(268)) - Registered Data node : 99ab3c4c-c7dc-4c5d-a12b-23e9a64d5290{ip: 192.168.69.65, host: dev-nightly-20191015-lc69l-4092513605, networkLocation: /default-rack, certSerialId: null}
2019-10-15 10:17:48,578 [pool-119-thread-1] INFO  ratis.ContainerStateMachine (ContainerStateMachine.java:loadSnapshot(231)) - group-86BD85AE461F: The snapshot info is null. Setting the last applied indexto:(t:0, i:~)
2019-10-15 10:17:48,578 [pool-119-thread-1] INFO  server.RaftServerConfigKeys (ConfUtils.java:logGet(43)) - raft.server.notification.no-leader.timeout = 120s (custom)
2019-10-15 10:17:48,578 [pool-119-thread-1] INFO  server.RaftServerConfigKeys (ConfUtils.java:logGet(43)) - raft.server.log.use.memory = false (default)
2019-10-15 10:17:48,578 [pool-119-thread-1] INFO  server.RaftServerConfigKeys (ConfUtils.java:logGet(43)) - raft.server.log.purge.gap = 1000000 (custom)
2019-10-15 10:17:48,579 [pool-119-thread-1] INFO  server.RaftServerConfigKeys (ConfUtils.java:logGet(43)) - raft.server.log.appender.buffer.byte-limit = 33554432 (custom)
2019-10-15 10:17:48,579 [pool-119-thread-1] INFO  server.RaftServerConfigKeys (ConfUtils.java:logGet(43)) - raft.server.log.segment.size.max = 1048576 (custom)
2019-10-15 10:17:48,582 [pool-119-thread-1] INFO  server.RaftServerConfigKeys (ConfUtils.java:logGet(43)) - raft.server.log.segment.cache.num.max = 2 (custom)
2019-10-15 10:17:48,582 [pool-119-thread-1] INFO  segmented.SegmentedRaftLogWorker (SegmentedRaftLogWorker.java:<init>(173)) - new 0f7b2390-6b01-4aa9-9793-f543095052b0@group-86BD85AE461F-SegmentedRaftLogWorker for RaftStorage:Storage Directory /workdir/hadoop-ozone/integration-test/target/test-dir/MiniOzoneClusterImpl-d2dc297f-df8e-434f-8420-d555204b07d2/datanode-0/data/ratis/e371c8dc-163b-49a6-b3d1-86bd85ae461f
2019-10-15 10:17:48,582 [pool-119-thread-1] INFO  server.RaftServerConfigKeys (ConfUtils.java:logGet(43)) - raft.server.log.queue.byte-limit = 2147483647 (custom)
2019-10-15 10:17:48,582 [pool-119-thread-1] INFO  server.RaftServerConfigKeys (ConfUtils.java:logGet(43)) - raft.server.log.queue.element-limit = 1024 (custom)
2019-10-15 10:17:48,582 [pool-119-thread-1] INFO  server.RaftServerConfigKeys (ConfUtils.java:logGet(43)) - raft.server.log.segment.size.max = 1048576 (custom)
2019-10-15 10:17:48,582 [pool-119-thread-1] INFO  server.RaftServerConfigKeys (ConfUtils.java:logGet(43)) - raft.server.log.preallocated.size = 16384 (custom)
2019-10-15 10:17:48,583 [pool-119-thread-1] INFO  server.RaftServerConfigKeys (ConfUtils.java:logGet(43)) - raft.server.log.write.buffer.size = 33554432 (custom)
2019-10-15 10:17:48,583 [pool-119-thread-1] INFO  server.RaftServerConfigKeys (ConfUtils.java:logGet(43)) - raft.server.log.force.sync.num = 128 (default)
2019-10-15 10:17:48,583 [pool-119-thread-1] INFO  server.RaftServerConfigKeys (ConfUtils.java:logGet(43)) - raft.server.log.statemachine.data.sync = true (default)
2019-10-15 10:17:48,583 [pool-119-thread-1] INFO  server.RaftServerConfigKeys (ConfUtils.java:logGet(43)) - raft.server.log.statemachine.data.sync.timeout = 10s (default)
2019-10-15 10:17:48,583 [pool-119-thread-1] INFO  server.RaftServerConfigKeys (ConfUtils.java:logGet(43)) - raft.server.log.statemachine.data.sync.timeout.retry = -1 (default)
2019-10-15 10:17:48,584 [pool-119-thread-1] INFO  server.RaftServerConfigKeys (ConfUtils.java:logGet(43)) - raft.server.log.statemachine.data.caching.enabled = true (custom)
2019-10-15 10:17:48,584 [pool-119-thread-1] INFO  segmented.SegmentedRaftLogWorker (SegmentedRaftLogWorker.java:lambda$new$0(128)) - 0f7b2390-6b01-4aa9-9793-f543095052b0@group-86BD85AE461F-SegmentedRaftLogWorker: flushIndex: setUnconditionally 0 -> -1
2019-10-15 10:17:48,585 [pool-119-thread-1] INFO  server.RaftServerConfigKeys (ConfUtils.java:logGet(43)) - raft.server.snapshot.auto.trigger.enabled = true (custom)
2019-10-15 10:17:48,585 [pool-119-thread-1] INFO  server.RaftServerConfigKeys (ConfUtils.java:logGet(43)) - raft.server.snapshot.auto.trigger.threshold = 10000 (custom)
2019-10-15 10:17:48,585 [pool-119-thread-1] INFO  server.RaftServerConfigKeys (ConfUtils.java:logGet(43)) - raft.server.snapshot.retention.file.num = 5 (custom)
2019-10-15 10:17:48,585 [pool-119-thread-1] INFO  server.RaftServerConfigKeys (ConfUtils.java:logGet(43)) - raft.server.retrycache.expirytime = 600000ms (custom)
2019-10-15 10:17:48,588 [pool-119-thread-1] INFO  impl.RaftServerImpl (RaftServerImpl.java:start(181)) - 0f7b2390-6b01-4aa9-9793-f543095052b0@group-86BD85AE461F: start as a follower, conf=-1: [0f7b2390-6b01-4aa9-9793-f543095052b0:192.168.69.65:41530], old=null
2019-10-15 10:17:48,588 [pool-119-thread-1] INFO  impl.RaftServerImpl (RaftServerImpl.java:setRole(170)) - 0f7b2390-6b01-4aa9-9793-f543095052b0@group-86BD85AE461F: changes role from      null to FOLLOWER at term 0 for startAsFollower
2019-10-15 10:17:48,588 [pool-119-thread-1] INFO  impl.RoleInfo (RoleInfo.java:updateAndGet(143)) - 0f7b2390-6b01-4aa9-9793-f543095052b0: start FollowerState
2019-10-15 10:17:48,589 [pool-119-thread-1] INFO  util.JmxRegister (JmxRegister.java:tryRegister(44)) - Successfully registered JMX Bean with object name Ratis:service=RaftServer,group=group-86BD85AE461F,id=0f7b2390-6b01-4aa9-9793-f543095052b0
2019-10-15 10:17:48,595 [RatisPipelineUtilsThread] INFO  pipeline.PipelineStateManager (PipelineStateManager.java:addPipeline(56)) - Created pipeline Pipeline[ Id: e371c8dc-163b-49a6-b3d1-86bd85ae461f, Nodes: 0f7b2390-6b01-4aa9-9793-f543095052b0{ip: 192.168.69.65, host: dev-nightly-20191015-lc69l-4092513605, networkLocation: /default-rack, certSerialId: null}, Type:RATIS, Factor:ONE, State:OPEN]
2019-10-15 10:17:48,604 [grpc-default-executor-0] INFO  impl.RaftServerProxy (RaftServerProxy.java:addNew(89)) - 99ab3c4c-c7dc-4c5d-a12b-23e9a64d5290: addNew group-7CAACF76A9E0:[99ab3c4c-c7dc-4c5d-a12b-23e9a64d5290:192.168.69.65:38363] returns group-7CAACF76A9E0:java.util.concurrent.CompletableFuture@70a8a9f7[Not completed]
2019-10-15 10:17:48,605 [pool-129-thread-1] INFO  impl.RaftServerImpl (RaftServerImpl.java:<init>(95)) - 99ab3c4c-c7dc-4c5d-a12b-23e9a64d5290: new RaftServerImpl for group-7CAACF76A9E0:[99ab3c4c-c7dc-4c5d-a12b-23e9a64d5290:192.168.69.65:38363] with ContainerStateMachine:uninitialized
2019-10-15 10:17:48,606 [pool-129-thread-1] INFO  server.RaftServerConfigKeys (ConfUtils.java:logGet(43)) - raft.server.rpc.timeout.min = 5s (custom)
2019-10-15 10:17:48,606 [pool-129-thread-1] INFO  server.RaftServerConfigKeys (ConfUtils.java:logGet(43)) - raft.server.rpc.timeout.max = 5200ms (custom)
2019-10-15 10:17:48,606 [pool-129-thread-1] INFO  server.RaftServerConfigKeys (ConfUtils.java:logGet(43)) - raft.server.rpcslowness.timeout = 120s (custom)
2019-10-15 10:17:48,606 [pool-129-thread-1] INFO  server.RaftServerConfigKeys (ConfUtils.java:logGet(43)) - raft.server.sleep.deviation.threshold = 300 (default)
2019-10-15 10:17:48,606 [pool-129-thread-1] INFO  server.RaftServerConfigKeys (ConfUtils.java:logGet(43)) - raft.server.log.appender.install.snapshot.enabled = false (custom)
2019-10-15 10:17:48,606 [pool-129-thread-1] INFO  impl.RaftServerImpl (ServerState.java:<init>(103)) - 99ab3c4c-c7dc-4c5d-a12b-23e9a64d5290@group-7CAACF76A9E0: ConfigurationManager, init=-1: [99ab3c4c-c7dc-4c5d-a12b-23e9a64d5290:192.168.69.65:38363], old=null, confs=<EMPTY_MAP>
2019-10-15 10:17:48,606 [pool-129-thread-1] INFO  server.RaftServerConfigKeys (ConfUtils.java:logGet(43)) - raft.server.storage.dir = [/workdir/hadoop-ozone/integration-test/target/test-dir/MiniOzoneClusterImpl-d2dc297f-df8e-434f-8420-d555204b07d2/datanode-1/data/ratis] (custom)
2019-10-15 10:17:48,607 [pool-129-thread-1] INFO  server.RaftServerConfigKeys (ConfUtils.java:logGet(43)) - raft.server.log.corruption.policy = EXCEPTION (default)
2019-10-15 10:17:48,607 [pool-129-thread-1] INFO  storage.RaftStorageDirectory (RaftStorageDirectory.java:analyzeStorage(246)) - The storage directory /workdir/hadoop-ozone/integration-test/target/test-dir/MiniOzoneClusterImpl-d2dc297f-df8e-434f-8420-d555204b07d2/datanode-1/data/ratis/db4e40e9-31e5-457b-b7c4-7caacf76a9e0 does not exist. Creating ...
2019-10-15 10:17:48,621 [pool-129-thread-1] INFO  storage.RaftStorageDirectory (RaftStorageDirectory.java:tryLock(328)) - Lock on /workdir/hadoop-ozone/integration-test/target/test-dir/MiniOzoneClusterImpl-d2dc297f-df8e-434f-8420-d555204b07d2/datanode-1/data/ratis/db4e40e9-31e5-457b-b7c4-7caacf76a9e0/in_use.lock acquired by nodename 4553@dev-nightly-20191015-lc69l-4092513605
2019-10-15 10:17:48,633 [pool-129-thread-1] INFO  storage.RaftStorage (RaftStorage.java:format(84)) - Storage directory /workdir/hadoop-ozone/integration-test/target/test-dir/MiniOzoneClusterImpl-d2dc297f-df8e-434f-8420-d555204b07d2/datanode-1/data/ratis/db4e40e9-31e5-457b-b7c4-7caacf76a9e0 has been successfully formatted.
2019-10-15 10:17:48,634 [pool-129-thread-1] INFO  ratis.ContainerStateMachine (ContainerStateMachine.java:loadSnapshot(231)) - group-7CAACF76A9E0: The snapshot info is null. Setting the last applied indexto:(t:0, i:~)
2019-10-15 10:17:48,634 [pool-129-thread-1] INFO  server.RaftServerConfigKeys (ConfUtils.java:logGet(43)) - raft.server.notification.no-leader.timeout = 120s (custom)
2019-10-15 10:17:48,634 [pool-129-thread-1] INFO  server.RaftServerConfigKeys (ConfUtils.java:logGet(43)) - raft.server.log.use.memory = false (default)
2019-10-15 10:17:48,634 [pool-129-thread-1] INFO  server.RaftServerConfigKeys (ConfUtils.java:logGet(43)) - raft.server.log.purge.gap = 1000000 (custom)
2019-10-15 10:17:48,634 [pool-129-thread-1] INFO  server.RaftServerConfigKeys (ConfUtils.java:logGet(43)) - raft.server.log.appender.buffer.byte-limit = 33554432 (custom)
2019-10-15 10:17:48,634 [pool-129-thread-1] INFO  server.RaftServerConfigKeys (ConfUtils.java:logGet(43)) - raft.server.log.segment.size.max = 1048576 (custom)
2019-10-15 10:17:48,637 [pool-129-thread-1] INFO  server.RaftServerConfigKeys (ConfUtils.java:logGet(43)) - raft.server.log.segment.cache.num.max = 2 (custom)
2019-10-15 10:17:48,637 [pool-129-thread-1] INFO  segmented.SegmentedRaftLogWorker (SegmentedRaftLogWorker.java:<init>(173)) - new 99ab3c4c-c7dc-4c5d-a12b-23e9a64d5290@group-7CAACF76A9E0-SegmentedRaftLogWorker for RaftStorage:Storage Directory /workdir/hadoop-ozone/integration-test/target/test-dir/MiniOzoneClusterImpl-d2dc297f-df8e-434f-8420-d555204b07d2/datanode-1/data/ratis/db4e40e9-31e5-457b-b7c4-7caacf76a9e0
2019-10-15 10:17:48,637 [pool-129-thread-1] INFO  server.RaftServerConfigKeys (ConfUtils.java:logGet(43)) - raft.server.log.queue.byte-limit = 2147483647 (custom)
2019-10-15 10:17:48,637 [pool-129-thread-1] INFO  server.RaftServerConfigKeys (ConfUtils.java:logGet(43)) - raft.server.log.queue.element-limit = 1024 (custom)
2019-10-15 10:17:48,637 [pool-129-thread-1] INFO  server.RaftServerConfigKeys (ConfUtils.java:logGet(43)) - raft.server.log.segment.size.max = 1048576 (custom)
2019-10-15 10:17:48,637 [pool-129-thread-1] INFO  server.RaftServerConfigKeys (ConfUtils.java:logGet(43)) - raft.server.log.preallocated.size = 16384 (custom)
2019-10-15 10:17:48,637 [pool-129-thread-1] INFO  server.RaftServerConfigKeys (ConfUtils.java:logGet(43)) - raft.server.log.write.buffer.size = 33554432 (custom)
2019-10-15 10:17:48,637 [pool-129-thread-1] INFO  server.RaftServerConfigKeys (ConfUtils.java:logGet(43)) - raft.server.log.force.sync.num = 128 (default)
2019-10-15 10:17:48,638 [pool-129-thread-1] INFO  server.RaftServerConfigKeys (ConfUtils.java:logGet(43)) - raft.server.log.statemachine.data.sync = true (default)
2019-10-15 10:17:48,638 [pool-129-thread-1] INFO  server.RaftServerConfigKeys (ConfUtils.java:logGet(43)) - raft.server.log.statemachine.data.sync.timeout = 10s (default)
2019-10-15 10:17:48,638 [pool-129-thread-1] INFO  server.RaftServerConfigKeys (ConfUtils.java:logGet(43)) - raft.server.log.statemachine.data.sync.timeout.retry = -1 (default)
2019-10-15 10:17:48,638 [pool-129-thread-1] INFO  server.RaftServerConfigKeys (ConfUtils.java:logGet(43)) - raft.server.log.statemachine.data.caching.enabled = true (custom)
2019-10-15 10:17:48,639 [pool-129-thread-1] INFO  segmented.SegmentedRaftLogWorker (SegmentedRaftLogWorker.java:lambda$new$0(128)) - 99ab3c4c-c7dc-4c5d-a12b-23e9a64d5290@group-7CAACF76A9E0-SegmentedRaftLogWorker: flushIndex: setUnconditionally 0 -> -1
2019-10-15 10:17:48,639 [pool-129-thread-1] INFO  server.RaftServerConfigKeys (ConfUtils.java:logGet(43)) - raft.server.snapshot.auto.trigger.enabled = true (custom)
2019-10-15 10:17:48,639 [pool-129-thread-1] INFO  server.RaftServerConfigKeys (ConfUtils.java:logGet(43)) - raft.server.snapshot.auto.trigger.threshold = 10000 (custom)
2019-10-15 10:17:48,639 [pool-129-thread-1] INFO  server.RaftServerConfigKeys (ConfUtils.java:logGet(43)) - raft.server.snapshot.retention.file.num = 5 (custom)
2019-10-15 10:17:48,640 [pool-129-thread-1] INFO  server.RaftServerConfigKeys (ConfUtils.java:logGet(43)) - raft.server.retrycache.expirytime = 600000ms (custom)
2019-10-15 10:17:48,642 [pool-129-thread-1] INFO  impl.RaftServerImpl (RaftServerImpl.java:start(181)) - 99ab3c4c-c7dc-4c5d-a12b-23e9a64d5290@group-7CAACF76A9E0: start as a follower, conf=-1: [99ab3c4c-c7dc-4c5d-a12b-23e9a64d5290:192.168.69.65:38363], old=null
2019-10-15 10:17:48,642 [pool-129-thread-1] INFO  impl.RaftServerImpl (RaftServerImpl.java:setRole(170)) - 99ab3c4c-c7dc-4c5d-a12b-23e9a64d5290@group-7CAACF76A9E0: changes role from      null to FOLLOWER at term 0 for startAsFollower
2019-10-15 10:17:48,642 [pool-129-thread-1] INFO  impl.RoleInfo (RoleInfo.java:updateAndGet(143)) - 99ab3c4c-c7dc-4c5d-a12b-23e9a64d5290: start FollowerState
2019-10-15 10:17:48,643 [pool-129-thread-1] INFO  util.JmxRegister (JmxRegister.java:tryRegister(44)) - Successfully registered JMX Bean with object name Ratis:service=RaftServer,group=group-7CAACF76A9E0,id=99ab3c4c-c7dc-4c5d-a12b-23e9a64d5290
2019-10-15 10:17:48,648 [RatisPipelineUtilsThread] INFO  pipeline.PipelineStateManager (PipelineStateManager.java:addPipeline(56)) - Created pipeline Pipeline[ Id: db4e40e9-31e5-457b-b7c4-7caacf76a9e0, Nodes: 99ab3c4c-c7dc-4c5d-a12b-23e9a64d5290{ip: 192.168.69.65, host: dev-nightly-20191015-lc69l-4092513605, networkLocation: /default-rack, certSerialId: null}, Type:RATIS, Factor:ONE, State:OPEN]
2019-10-15 10:17:48,662 [IPC Server handler 1 on 44654] INFO  net.NetworkTopology (NetworkTopologyImpl.java:add(111)) - Added a new node: /default-rack/82695c46-2a63-4540-a67a-64e0b0e312e9
2019-10-15 10:17:48,663 [IPC Server handler 1 on 44654] INFO  node.SCMNodeManager (SCMNodeManager.java:register(268)) - Registered Data node : 82695c46-2a63-4540-a67a-64e0b0e312e9{ip: 192.168.69.65, host: dev-nightly-20191015-lc69l-4092513605, networkLocation: /default-rack, certSerialId: null}
2019-10-15 10:17:48,670 [grpc-default-executor-0] INFO  impl.RaftServerProxy (RaftServerProxy.java:addNew(89)) - 82695c46-2a63-4540-a67a-64e0b0e312e9: addNew group-42A85083BC08:[82695c46-2a63-4540-a67a-64e0b0e312e9:192.168.69.65:45174] returns group-42A85083BC08:java.util.concurrent.CompletableFuture@397c47c6[Not completed]
2019-10-15 10:17:48,675 [pool-139-thread-1] INFO  impl.RaftServerImpl (RaftServerImpl.java:<init>(95)) - 82695c46-2a63-4540-a67a-64e0b0e312e9: new RaftServerImpl for group-42A85083BC08:[82695c46-2a63-4540-a67a-64e0b0e312e9:192.168.69.65:45174] with ContainerStateMachine:uninitialized
2019-10-15 10:17:48,675 [pool-139-thread-1] INFO  server.RaftServerConfigKeys (ConfUtils.java:logGet(43)) - raft.server.rpc.timeout.min = 5s (custom)
2019-10-15 10:17:48,675 [pool-139-thread-1] INFO  server.RaftServerConfigKeys (ConfUtils.java:logGet(43)) - raft.server.rpc.timeout.max = 5200ms (custom)
2019-10-15 10:17:48,675 [pool-139-thread-1] INFO  server.RaftServerConfigKeys (ConfUtils.java:logGet(43)) - raft.server.rpcslowness.timeout = 120s (custom)
2019-10-15 10:17:48,675 [pool-139-thread-1] INFO  server.RaftServerConfigKeys (ConfUtils.java:logGet(43)) - raft.server.sleep.deviation.threshold = 300 (default)
2019-10-15 10:17:48,675 [pool-139-thread-1] INFO  server.RaftServerConfigKeys (ConfUtils.java:logGet(43)) - raft.server.log.appender.install.snapshot.enabled = false (custom)
2019-10-15 10:17:48,676 [pool-139-thread-1] INFO  impl.RaftServerImpl (ServerState.java:<init>(103)) - 82695c46-2a63-4540-a67a-64e0b0e312e9@group-42A85083BC08: ConfigurationManager, init=-1: [82695c46-2a63-4540-a67a-64e0b0e312e9:192.168.69.65:45174], old=null, confs=<EMPTY_MAP>
2019-10-15 10:17:48,676 [pool-139-thread-1] INFO  server.RaftServerConfigKeys (ConfUtils.java:logGet(43)) - raft.server.storage.dir = [/workdir/hadoop-ozone/integration-test/target/test-dir/MiniOzoneClusterImpl-d2dc297f-df8e-434f-8420-d555204b07d2/datanode-2/data/ratis] (custom)
2019-10-15 10:17:48,676 [pool-139-thread-1] INFO  server.RaftServerConfigKeys (ConfUtils.java:logGet(43)) - raft.server.log.corruption.policy = EXCEPTION (default)
2019-10-15 10:17:48,676 [pool-139-thread-1] INFO  storage.RaftStorageDirectory (RaftStorageDirectory.java:analyzeStorage(246)) - The storage directory /workdir/hadoop-ozone/integration-test/target/test-dir/MiniOzoneClusterImpl-d2dc297f-df8e-434f-8420-d555204b07d2/datanode-2/data/ratis/56e356c5-e347-408c-ab49-42a85083bc08 does not exist. Creating ...
2019-10-15 10:17:48,689 [pool-139-thread-1] INFO  storage.RaftStorageDirectory (RaftStorageDirectory.java:tryLock(328)) - Lock on /workdir/hadoop-ozone/integration-test/target/test-dir/MiniOzoneClusterImpl-d2dc297f-df8e-434f-8420-d555204b07d2/datanode-2/data/ratis/56e356c5-e347-408c-ab49-42a85083bc08/in_use.lock acquired by nodename 4553@dev-nightly-20191015-lc69l-4092513605
2019-10-15 10:17:48,702 [pool-139-thread-1] INFO  storage.RaftStorage (RaftStorage.java:format(84)) - Storage directory /workdir/hadoop-ozone/integration-test/target/test-dir/MiniOzoneClusterImpl-d2dc297f-df8e-434f-8420-d555204b07d2/datanode-2/data/ratis/56e356c5-e347-408c-ab49-42a85083bc08 has been successfully formatted.
2019-10-15 10:17:48,702 [pool-139-thread-1] INFO  ratis.ContainerStateMachine (ContainerStateMachine.java:loadSnapshot(231)) - group-42A85083BC08: The snapshot info is null. Setting the last applied indexto:(t:0, i:~)
2019-10-15 10:17:48,702 [pool-139-thread-1] INFO  server.RaftServerConfigKeys (ConfUtils.java:logGet(43)) - raft.server.notification.no-leader.timeout = 120s (custom)
2019-10-15 10:17:48,702 [pool-139-thread-1] INFO  server.RaftServerConfigKeys (ConfUtils.java:logGet(43)) - raft.server.log.use.memory = false (default)
2019-10-15 10:17:48,702 [pool-139-thread-1] INFO  server.RaftServerConfigKeys (ConfUtils.java:logGet(43)) - raft.server.log.purge.gap = 1000000 (custom)
2019-10-15 10:17:48,702 [pool-139-thread-1] INFO  server.RaftServerConfigKeys (ConfUtils.java:logGet(43)) - raft.server.log.appender.buffer.byte-limit = 33554432 (custom)
2019-10-15 10:17:48,703 [pool-139-thread-1] INFO  server.RaftServerConfigKeys (ConfUtils.java:logGet(43)) - raft.server.log.segment.size.max = 1048576 (custom)
2019-10-15 10:17:48,705 [pool-139-thread-1] INFO  server.RaftServerConfigKeys (ConfUtils.java:logGet(43)) - raft.server.log.segment.cache.num.max = 2 (custom)
2019-10-15 10:17:48,705 [pool-139-thread-1] INFO  segmented.SegmentedRaftLogWorker (SegmentedRaftLogWorker.java:<init>(173)) - new 82695c46-2a63-4540-a67a-64e0b0e312e9@group-42A85083BC08-SegmentedRaftLogWorker for RaftStorage:Storage Directory /workdir/hadoop-ozone/integration-test/target/test-dir/MiniOzoneClusterImpl-d2dc297f-df8e-434f-8420-d555204b07d2/datanode-2/data/ratis/56e356c5-e347-408c-ab49-42a85083bc08
2019-10-15 10:17:48,705 [pool-139-thread-1] INFO  server.RaftServerConfigKeys (ConfUtils.java:logGet(43)) - raft.server.log.queue.byte-limit = 2147483647 (custom)
2019-10-15 10:17:48,705 [pool-139-thread-1] INFO  server.RaftServerConfigKeys (ConfUtils.java:logGet(43)) - raft.server.log.queue.element-limit = 1024 (custom)
2019-10-15 10:17:48,705 [pool-139-thread-1] INFO  server.RaftServerConfigKeys (ConfUtils.java:logGet(43)) - raft.server.log.segment.size.max = 1048576 (custom)
2019-10-15 10:17:48,706 [pool-139-thread-1] INFO  server.RaftServerConfigKeys (ConfUtils.java:logGet(43)) - raft.server.log.preallocated.size = 16384 (custom)
2019-10-15 10:17:48,706 [pool-139-thread-1] INFO  server.RaftServerConfigKeys (ConfUtils.java:logGet(43)) - raft.server.log.write.buffer.size = 33554432 (custom)
2019-10-15 10:17:48,706 [pool-139-thread-1] INFO  server.RaftServerConfigKeys (ConfUtils.java:logGet(43)) - raft.server.log.force.sync.num = 128 (default)
2019-10-15 10:17:48,706 [pool-139-thread-1] INFO  server.RaftServerConfigKeys (ConfUtils.java:logGet(43)) - raft.server.log.statemachine.data.sync = true (default)
2019-10-15 10:17:48,706 [pool-139-thread-1] INFO  server.RaftServerConfigKeys (ConfUtils.java:logGet(43)) - raft.server.log.statemachine.data.sync.timeout = 10s (default)
2019-10-15 10:17:48,706 [pool-139-thread-1] INFO  server.RaftServerConfigKeys (ConfUtils.java:logGet(43)) - raft.server.log.statemachine.data.sync.timeout.retry = -1 (default)
2019-10-15 10:17:48,707 [pool-139-thread-1] INFO  server.RaftServerConfigKeys (ConfUtils.java:logGet(43)) - raft.server.log.statemachine.data.caching.enabled = true (custom)
2019-10-15 10:17:48,707 [pool-139-thread-1] INFO  segmented.SegmentedRaftLogWorker (SegmentedRaftLogWorker.java:lambda$new$0(128)) - 82695c46-2a63-4540-a67a-64e0b0e312e9@group-42A85083BC08-SegmentedRaftLogWorker: flushIndex: setUnconditionally 0 -> -1
2019-10-15 10:17:48,707 [pool-139-thread-1] INFO  server.RaftServerConfigKeys (ConfUtils.java:logGet(43)) - raft.server.snapshot.auto.trigger.enabled = true (custom)
2019-10-15 10:17:48,707 [pool-139-thread-1] INFO  server.RaftServerConfigKeys (ConfUtils.java:logGet(43)) - raft.server.snapshot.auto.trigger.threshold = 10000 (custom)
2019-10-15 10:17:48,708 [pool-139-thread-1] INFO  server.RaftServerConfigKeys (ConfUtils.java:logGet(43)) - raft.server.snapshot.retention.file.num = 5 (custom)
2019-10-15 10:17:48,708 [pool-139-thread-1] INFO  server.RaftServerConfigKeys (ConfUtils.java:logGet(43)) - raft.server.retrycache.expirytime = 600000ms (custom)
2019-10-15 10:17:48,710 [pool-139-thread-1] INFO  impl.RaftServerImpl (RaftServerImpl.java:start(181)) - 82695c46-2a63-4540-a67a-64e0b0e312e9@group-42A85083BC08: start as a follower, conf=-1: [82695c46-2a63-4540-a67a-64e0b0e312e9:192.168.69.65:45174], old=null
2019-10-15 10:17:48,710 [pool-139-thread-1] INFO  impl.RaftServerImpl (RaftServerImpl.java:setRole(170)) - 82695c46-2a63-4540-a67a-64e0b0e312e9@group-42A85083BC08: changes role from      null to FOLLOWER at term 0 for startAsFollower
2019-10-15 10:17:48,710 [pool-139-thread-1] INFO  impl.RoleInfo (RoleInfo.java:updateAndGet(143)) - 82695c46-2a63-4540-a67a-64e0b0e312e9: start FollowerState
2019-10-15 10:17:48,711 [pool-139-thread-1] INFO  util.JmxRegister (JmxRegister.java:tryRegister(44)) - Successfully registered JMX Bean with object name Ratis:service=RaftServer,group=group-42A85083BC08,id=82695c46-2a63-4540-a67a-64e0b0e312e9
2019-10-15 10:17:48,716 [RatisPipelineUtilsThread] INFO  pipeline.PipelineStateManager (PipelineStateManager.java:addPipeline(56)) - Created pipeline Pipeline[ Id: 56e356c5-e347-408c-ab49-42a85083bc08, Nodes: 82695c46-2a63-4540-a67a-64e0b0e312e9{ip: 192.168.69.65, host: dev-nightly-20191015-lc69l-4092513605, networkLocation: /default-rack, certSerialId: null}, Type:RATIS, Factor:ONE, State:OPEN]
2019-10-15 10:17:48,738 [grpc-default-executor-3] INFO  impl.RaftServerProxy (RaftServerProxy.java:addNew(89)) - 82695c46-2a63-4540-a67a-64e0b0e312e9: addNew group-51EE12963047:[0f7b2390-6b01-4aa9-9793-f543095052b0:192.168.69.65:41530, 99ab3c4c-c7dc-4c5d-a12b-23e9a64d5290:192.168.69.65:38363, 82695c46-2a63-4540-a67a-64e0b0e312e9:192.168.69.65:45174] returns group-51EE12963047:java.util.concurrent.CompletableFuture@5ca14f88[Not completed]
2019-10-15 10:17:48,738 [grpc-default-executor-5] INFO  impl.RaftServerProxy (RaftServerProxy.java:addNew(89)) - 0f7b2390-6b01-4aa9-9793-f543095052b0: addNew group-51EE12963047:[0f7b2390-6b01-4aa9-9793-f543095052b0:192.168.69.65:41530, 99ab3c4c-c7dc-4c5d-a12b-23e9a64d5290:192.168.69.65:38363, 82695c46-2a63-4540-a67a-64e0b0e312e9:192.168.69.65:45174] returns group-51EE12963047:java.util.concurrent.CompletableFuture@785dc34c[Not completed]
2019-10-15 10:17:48,738 [grpc-default-executor-0] INFO  impl.RaftServerProxy (RaftServerProxy.java:addNew(89)) - 99ab3c4c-c7dc-4c5d-a12b-23e9a64d5290: addNew group-51EE12963047:[0f7b2390-6b01-4aa9-9793-f543095052b0:192.168.69.65:41530, 99ab3c4c-c7dc-4c5d-a12b-23e9a64d5290:192.168.69.65:38363, 82695c46-2a63-4540-a67a-64e0b0e312e9:192.168.69.65:45174] returns group-51EE12963047:java.util.concurrent.CompletableFuture@29323474[Not completed]
2019-10-15 10:17:48,739 [pool-119-thread-1] INFO  impl.RaftServerImpl (RaftServerImpl.java:<init>(95)) - 0f7b2390-6b01-4aa9-9793-f543095052b0: new RaftServerImpl for group-51EE12963047:[0f7b2390-6b01-4aa9-9793-f543095052b0:192.168.69.65:41530, 99ab3c4c-c7dc-4c5d-a12b-23e9a64d5290:192.168.69.65:38363, 82695c46-2a63-4540-a67a-64e0b0e312e9:192.168.69.65:45174] with ContainerStateMachine:uninitialized
2019-10-15 10:17:48,739 [pool-119-thread-1] INFO  server.RaftServerConfigKeys (ConfUtils.java:logGet(43)) - raft.server.rpc.timeout.min = 5s (custom)
2019-10-15 10:17:48,739 [pool-119-thread-1] INFO  server.RaftServerConfigKeys (ConfUtils.java:logGet(43)) - raft.server.rpc.timeout.max = 5200ms (custom)
2019-10-15 10:17:48,739 [pool-119-thread-1] INFO  server.RaftServerConfigKeys (ConfUtils.java:logGet(43)) - raft.server.rpcslowness.timeout = 120s (custom)
2019-10-15 10:17:48,740 [pool-119-thread-1] INFO  server.RaftServerConfigKeys (ConfUtils.java:logGet(43)) - raft.server.sleep.deviation.threshold = 300 (default)
2019-10-15 10:17:48,740 [pool-119-thread-1] INFO  server.RaftServerConfigKeys (ConfUtils.java:logGet(43)) - raft.server.log.appender.install.snapshot.enabled = false (custom)
2019-10-15 10:17:48,740 [pool-119-thread-1] INFO  impl.RaftServerImpl (ServerState.java:<init>(103)) - 0f7b2390-6b01-4aa9-9793-f543095052b0@group-51EE12963047: ConfigurationManager, init=-1: [0f7b2390-6b01-4aa9-9793-f543095052b0:192.168.69.65:41530, 99ab3c4c-c7dc-4c5d-a12b-23e9a64d5290:192.168.69.65:38363, 82695c46-2a63-4540-a67a-64e0b0e312e9:192.168.69.65:45174], old=null, confs=<EMPTY_MAP>
2019-10-15 10:17:48,740 [pool-129-thread-1] INFO  impl.RaftServerImpl (RaftServerImpl.java:<init>(95)) - 99ab3c4c-c7dc-4c5d-a12b-23e9a64d5290: new RaftServerImpl for group-51EE12963047:[0f7b2390-6b01-4aa9-9793-f543095052b0:192.168.69.65:41530, 99ab3c4c-c7dc-4c5d-a12b-23e9a64d5290:192.168.69.65:38363, 82695c46-2a63-4540-a67a-64e0b0e312e9:192.168.69.65:45174] with ContainerStateMachine:uninitialized
2019-10-15 10:17:48,740 [pool-119-thread-1] INFO  server.RaftServerConfigKeys (ConfUtils.java:logGet(43)) - raft.server.storage.dir = [/workdir/hadoop-ozone/integration-test/target/test-dir/MiniOzoneClusterImpl-d2dc297f-df8e-434f-8420-d555204b07d2/datanode-0/data/ratis] (custom)
2019-10-15 10:17:48,740 [pool-129-thread-1] INFO  server.RaftServerConfigKeys (ConfUtils.java:logGet(43)) - raft.server.rpc.timeout.min = 5s (custom)
2019-10-15 10:17:48,740 [pool-129-thread-1] INFO  server.RaftServerConfigKeys (ConfUtils.java:logGet(43)) - raft.server.rpc.timeout.max = 5200ms (custom)
2019-10-15 10:17:48,740 [pool-119-thread-1] INFO  server.RaftServerConfigKeys (ConfUtils.java:logGet(43)) - raft.server.log.corruption.policy = EXCEPTION (default)
2019-10-15 10:17:48,741 [pool-129-thread-1] INFO  server.RaftServerConfigKeys (ConfUtils.java:logGet(43)) - raft.server.rpcslowness.timeout = 120s (custom)
2019-10-15 10:17:48,741 [pool-119-thread-1] INFO  storage.RaftStorageDirectory (RaftStorageDirectory.java:analyzeStorage(246)) - The storage directory /workdir/hadoop-ozone/integration-test/target/test-dir/MiniOzoneClusterImpl-d2dc297f-df8e-434f-8420-d555204b07d2/datanode-0/data/ratis/8e95e6d2-ffa0-4d9b-8e16-51ee12963047 does not exist. Creating ...
2019-10-15 10:17:48,741 [pool-129-thread-1] INFO  server.RaftServerConfigKeys (ConfUtils.java:logGet(43)) - raft.server.sleep.deviation.threshold = 300 (default)
2019-10-15 10:17:48,741 [pool-129-thread-1] INFO  server.RaftServerConfigKeys (ConfUtils.java:logGet(43)) - raft.server.log.appender.install.snapshot.enabled = false (custom)
2019-10-15 10:17:48,741 [pool-139-thread-1] INFO  impl.RaftServerImpl (RaftServerImpl.java:<init>(95)) - 82695c46-2a63-4540-a67a-64e0b0e312e9: new RaftServerImpl for group-51EE12963047:[0f7b2390-6b01-4aa9-9793-f543095052b0:192.168.69.65:41530, 99ab3c4c-c7dc-4c5d-a12b-23e9a64d5290:192.168.69.65:38363, 82695c46-2a63-4540-a67a-64e0b0e312e9:192.168.69.65:45174] with ContainerStateMachine:uninitialized
2019-10-15 10:17:48,741 [pool-129-thread-1] INFO  impl.RaftServerImpl (ServerState.java:<init>(103)) - 99ab3c4c-c7dc-4c5d-a12b-23e9a64d5290@group-51EE12963047: ConfigurationManager, init=-1: [0f7b2390-6b01-4aa9-9793-f543095052b0:192.168.69.65:41530, 99ab3c4c-c7dc-4c5d-a12b-23e9a64d5290:192.168.69.65:38363, 82695c46-2a63-4540-a67a-64e0b0e312e9:192.168.69.65:45174], old=null, confs=<EMPTY_MAP>
2019-10-15 10:17:48,741 [pool-139-thread-1] INFO  server.RaftServerConfigKeys (ConfUtils.java:logGet(43)) - raft.server.rpc.timeout.min = 5s (custom)
2019-10-15 10:17:48,741 [pool-129-thread-1] INFO  server.RaftServerConfigKeys (ConfUtils.java:logGet(43)) - raft.server.storage.dir = [/workdir/hadoop-ozone/integration-test/target/test-dir/MiniOzoneClusterImpl-d2dc297f-df8e-434f-8420-d555204b07d2/datanode-1/data/ratis] (custom)
2019-10-15 10:17:48,742 [pool-139-thread-1] INFO  server.RaftServerConfigKeys (ConfUtils.java:logGet(43)) - raft.server.rpc.timeout.max = 5200ms (custom)
2019-10-15 10:17:48,742 [pool-139-thread-1] INFO  server.RaftServerConfigKeys (ConfUtils.java:logGet(43)) - raft.server.rpcslowness.timeout = 120s (custom)
2019-10-15 10:17:48,742 [pool-129-thread-1] INFO  server.RaftServerConfigKeys (ConfUtils.java:logGet(43)) - raft.server.log.corruption.policy = EXCEPTION (default)
2019-10-15 10:17:48,742 [pool-139-thread-1] INFO  server.RaftServerConfigKeys (ConfUtils.java:logGet(43)) - raft.server.sleep.deviation.threshold = 300 (default)
2019-10-15 10:17:48,742 [pool-129-thread-1] INFO  storage.RaftStorageDirectory (RaftStorageDirectory.java:analyzeStorage(246)) - The storage directory /workdir/hadoop-ozone/integration-test/target/test-dir/MiniOzoneClusterImpl-d2dc297f-df8e-434f-8420-d555204b07d2/datanode-1/data/ratis/8e95e6d2-ffa0-4d9b-8e16-51ee12963047 does not exist. Creating ...
2019-10-15 10:17:48,742 [pool-139-thread-1] INFO  server.RaftServerConfigKeys (ConfUtils.java:logGet(43)) - raft.server.log.appender.install.snapshot.enabled = false (custom)
2019-10-15 10:17:48,743 [pool-139-thread-1] INFO  impl.RaftServerImpl (ServerState.java:<init>(103)) - 82695c46-2a63-4540-a67a-64e0b0e312e9@group-51EE12963047: ConfigurationManager, init=-1: [0f7b2390-6b01-4aa9-9793-f543095052b0:192.168.69.65:41530, 99ab3c4c-c7dc-4c5d-a12b-23e9a64d5290:192.168.69.65:38363, 82695c46-2a63-4540-a67a-64e0b0e312e9:192.168.69.65:45174], old=null, confs=<EMPTY_MAP>
2019-10-15 10:17:48,743 [pool-139-thread-1] INFO  server.RaftServerConfigKeys (ConfUtils.java:logGet(43)) - raft.server.storage.dir = [/workdir/hadoop-ozone/integration-test/target/test-dir/MiniOzoneClusterImpl-d2dc297f-df8e-434f-8420-d555204b07d2/datanode-2/data/ratis] (custom)
2019-10-15 10:17:48,743 [pool-139-thread-1] INFO  server.RaftServerConfigKeys (ConfUtils.java:logGet(43)) - raft.server.log.corruption.policy = EXCEPTION (default)
2019-10-15 10:17:48,743 [pool-139-thread-1] INFO  storage.RaftStorageDirectory (RaftStorageDirectory.java:analyzeStorage(246)) - The storage directory /workdir/hadoop-ozone/integration-test/target/test-dir/MiniOzoneClusterImpl-d2dc297f-df8e-434f-8420-d555204b07d2/datanode-2/data/ratis/8e95e6d2-ffa0-4d9b-8e16-51ee12963047 does not exist. Creating ...
2019-10-15 10:17:48,746 [IPC Server handler 4 on 44654] INFO  net.NetworkTopology (NetworkTopologyImpl.java:add(111)) - Added a new node: /default-rack/89ba96a8-01f6-4eff-81d6-f1c917046bcf
2019-10-15 10:17:48,746 [IPC Server handler 4 on 44654] INFO  node.SCMNodeManager (SCMNodeManager.java:register(268)) - Registered Data node : 89ba96a8-01f6-4eff-81d6-f1c917046bcf{ip: 192.168.69.65, host: dev-nightly-20191015-lc69l-4092513605, networkLocation: /default-rack, certSerialId: null}
2019-10-15 10:17:48,765 [pool-129-thread-1] INFO  storage.RaftStorageDirectory (RaftStorageDirectory.java:tryLock(328)) - Lock on /workdir/hadoop-ozone/integration-test/target/test-dir/MiniOzoneClusterImpl-d2dc297f-df8e-434f-8420-d555204b07d2/datanode-1/data/ratis/8e95e6d2-ffa0-4d9b-8e16-51ee12963047/in_use.lock acquired by nodename 4553@dev-nightly-20191015-lc69l-4092513605
2019-10-15 10:17:48,765 [pool-139-thread-1] INFO  storage.RaftStorageDirectory (RaftStorageDirectory.java:tryLock(328)) - Lock on /workdir/hadoop-ozone/integration-test/target/test-dir/MiniOzoneClusterImpl-d2dc297f-df8e-434f-8420-d555204b07d2/datanode-2/data/ratis/8e95e6d2-ffa0-4d9b-8e16-51ee12963047/in_use.lock acquired by nodename 4553@dev-nightly-20191015-lc69l-4092513605
2019-10-15 10:17:48,765 [pool-119-thread-1] INFO  storage.RaftStorageDirectory (RaftStorageDirectory.java:tryLock(328)) - Lock on /workdir/hadoop-ozone/integration-test/target/test-dir/MiniOzoneClusterImpl-d2dc297f-df8e-434f-8420-d555204b07d2/datanode-0/data/ratis/8e95e6d2-ffa0-4d9b-8e16-51ee12963047/in_use.lock acquired by nodename 4553@dev-nightly-20191015-lc69l-4092513605
2019-10-15 10:17:48,781 [pool-119-thread-1] INFO  storage.RaftStorage (RaftStorage.java:format(84)) - Storage directory /workdir/hadoop-ozone/integration-test/target/test-dir/MiniOzoneClusterImpl-d2dc297f-df8e-434f-8420-d555204b07d2/datanode-0/data/ratis/8e95e6d2-ffa0-4d9b-8e16-51ee12963047 has been successfully formatted.
2019-10-15 10:17:48,781 [pool-139-thread-1] INFO  storage.RaftStorage (RaftStorage.java:format(84)) - Storage directory /workdir/hadoop-ozone/integration-test/target/test-dir/MiniOzoneClusterImpl-d2dc297f-df8e-434f-8420-d555204b07d2/datanode-2/data/ratis/8e95e6d2-ffa0-4d9b-8e16-51ee12963047 has been successfully formatted.
2019-10-15 10:17:48,781 [pool-129-thread-1] INFO  storage.RaftStorage (RaftStorage.java:format(84)) - Storage directory /workdir/hadoop-ozone/integration-test/target/test-dir/MiniOzoneClusterImpl-d2dc297f-df8e-434f-8420-d555204b07d2/datanode-1/data/ratis/8e95e6d2-ffa0-4d9b-8e16-51ee12963047 has been successfully formatted.
2019-10-15 10:17:48,781 [pool-119-thread-1] INFO  ratis.ContainerStateMachine (ContainerStateMachine.java:loadSnapshot(231)) - group-51EE12963047: The snapshot info is null. Setting the last applied indexto:(t:0, i:~)
2019-10-15 10:17:48,781 [pool-139-thread-1] INFO  ratis.ContainerStateMachine (ContainerStateMachine.java:loadSnapshot(231)) - group-51EE12963047: The snapshot info is null. Setting the last applied indexto:(t:0, i:~)
2019-10-15 10:17:48,781 [pool-129-thread-1] INFO  ratis.ContainerStateMachine (ContainerStateMachine.java:loadSnapshot(231)) - group-51EE12963047: The snapshot info is null. Setting the last applied indexto:(t:0, i:~)
2019-10-15 10:17:48,781 [pool-119-thread-1] INFO  server.RaftServerConfigKeys (ConfUtils.java:logGet(43)) - raft.server.notification.no-leader.timeout = 120s (custom)
2019-10-15 10:17:48,782 [pool-129-thread-1] INFO  server.RaftServerConfigKeys (ConfUtils.java:logGet(43)) - raft.server.notification.no-leader.timeout = 120s (custom)
2019-10-15 10:17:48,781 [pool-139-thread-1] INFO  server.RaftServerConfigKeys (ConfUtils.java:logGet(43)) - raft.server.notification.no-leader.timeout = 120s (custom)
2019-10-15 10:17:48,782 [pool-129-thread-1] INFO  server.RaftServerConfigKeys (ConfUtils.java:logGet(43)) - raft.server.log.use.memory = false (default)
2019-10-15 10:17:48,782 [pool-119-thread-1] INFO  server.RaftServerConfigKeys (ConfUtils.java:logGet(43)) - raft.server.log.use.memory = false (default)
2019-10-15 10:17:48,782 [pool-129-thread-1] INFO  server.RaftServerConfigKeys (ConfUtils.java:logGet(43)) - raft.server.log.purge.gap = 1000000 (custom)
2019-10-15 10:17:48,782 [pool-139-thread-1] INFO  server.RaftServerConfigKeys (ConfUtils.java:logGet(43)) - raft.server.log.use.memory = false (default)
2019-10-15 10:17:48,782 [pool-129-thread-1] INFO  server.RaftServerConfigKeys (ConfUtils.java:logGet(43)) - raft.server.log.appender.buffer.byte-limit = 33554432 (custom)
2019-10-15 10:17:48,782 [pool-119-thread-1] INFO  server.RaftServerConfigKeys (ConfUtils.java:logGet(43)) - raft.server.log.purge.gap = 1000000 (custom)
2019-10-15 10:17:48,783 [pool-129-thread-1] INFO  server.RaftServerConfigKeys (ConfUtils.java:logGet(43)) - raft.server.log.segment.size.max = 1048576 (custom)
2019-10-15 10:17:48,782 [pool-139-thread-1] INFO  server.RaftServerConfigKeys (ConfUtils.java:logGet(43)) - raft.server.log.purge.gap = 1000000 (custom)
2019-10-15 10:17:48,783 [pool-129-thread-1] INFO  server.RaftServerConfigKeys (ConfUtils.java:logGet(43)) - raft.server.log.segment.cache.num.max = 2 (custom)
2019-10-15 10:17:48,783 [pool-119-thread-1] INFO  server.RaftServerConfigKeys (ConfUtils.java:logGet(43)) - raft.server.log.appender.buffer.byte-limit = 33554432 (custom)
2019-10-15 10:17:48,783 [pool-129-thread-1] INFO  segmented.SegmentedRaftLogWorker (SegmentedRaftLogWorker.java:<init>(173)) - new 99ab3c4c-c7dc-4c5d-a12b-23e9a64d5290@group-51EE12963047-SegmentedRaftLogWorker for RaftStorage:Storage Directory /workdir/hadoop-ozone/integration-test/target/test-dir/MiniOzoneClusterImpl-d2dc297f-df8e-434f-8420-d555204b07d2/datanode-1/data/ratis/8e95e6d2-ffa0-4d9b-8e16-51ee12963047
2019-10-15 10:17:48,783 [pool-139-thread-1] INFO  server.RaftServerConfigKeys (ConfUtils.java:logGet(43)) - raft.server.log.appender.buffer.byte-limit = 33554432 (custom)
2019-10-15 10:17:48,783 [pool-129-thread-1] INFO  server.RaftServerConfigKeys (ConfUtils.java:logGet(43)) - raft.server.log.queue.byte-limit = 2147483647 (custom)
2019-10-15 10:17:48,783 [pool-119-thread-1] INFO  server.RaftServerConfigKeys (ConfUtils.java:logGet(43)) - raft.server.log.segment.size.max = 1048576 (custom)
2019-10-15 10:17:48,783 [pool-129-thread-1] INFO  server.RaftServerConfigKeys (ConfUtils.java:logGet(43)) - raft.server.log.queue.element-limit = 1024 (custom)
2019-10-15 10:17:48,783 [pool-139-thread-1] INFO  server.RaftServerConfigKeys (ConfUtils.java:logGet(43)) - raft.server.log.segment.size.max = 1048576 (custom)
2019-10-15 10:17:48,784 [pool-129-thread-1] INFO  server.RaftServerConfigKeys (ConfUtils.java:logGet(43)) - raft.server.log.segment.size.max = 1048576 (custom)
2019-10-15 10:17:48,784 [pool-119-thread-1] INFO  server.RaftServerConfigKeys (ConfUtils.java:logGet(43)) - raft.server.log.segment.cache.num.max = 2 (custom)
2019-10-15 10:17:48,784 [pool-129-thread-1] INFO  server.RaftServerConfigKeys (ConfUtils.java:logGet(43)) - raft.server.log.preallocated.size = 16384 (custom)
2019-10-15 10:17:48,784 [pool-139-thread-1] INFO  server.RaftServerConfigKeys (ConfUtils.java:logGet(43)) - raft.server.log.segment.cache.num.max = 2 (custom)
2019-10-15 10:17:48,784 [pool-129-thread-1] INFO  server.RaftServerConfigKeys (ConfUtils.java:logGet(43)) - raft.server.log.write.buffer.size = 33554432 (custom)
2019-10-15 10:17:48,784 [pool-119-thread-1] INFO  segmented.SegmentedRaftLogWorker (SegmentedRaftLogWorker.java:<init>(173)) - new 0f7b2390-6b01-4aa9-9793-f543095052b0@group-51EE12963047-SegmentedRaftLogWorker for RaftStorage:Storage Directory /workdir/hadoop-ozone/integration-test/target/test-dir/MiniOzoneClusterImpl-d2dc297f-df8e-434f-8420-d555204b07d2/datanode-0/data/ratis/8e95e6d2-ffa0-4d9b-8e16-51ee12963047
2019-10-15 10:17:48,784 [pool-129-thread-1] INFO  server.RaftServerConfigKeys (ConfUtils.java:logGet(43)) - raft.server.log.force.sync.num = 128 (default)
2019-10-15 10:17:48,784 [pool-139-thread-1] INFO  segmented.SegmentedRaftLogWorker (SegmentedRaftLogWorker.java:<init>(173)) - new 82695c46-2a63-4540-a67a-64e0b0e312e9@group-51EE12963047-SegmentedRaftLogWorker for RaftStorage:Storage Directory /workdir/hadoop-ozone/integration-test/target/test-dir/MiniOzoneClusterImpl-d2dc297f-df8e-434f-8420-d555204b07d2/datanode-2/data/ratis/8e95e6d2-ffa0-4d9b-8e16-51ee12963047
2019-10-15 10:17:48,785 [pool-129-thread-1] INFO  server.RaftServerConfigKeys (ConfUtils.java:logGet(43)) - raft.server.log.statemachine.data.sync = true (default)
2019-10-15 10:17:48,785 [pool-119-thread-1] INFO  server.RaftServerConfigKeys (ConfUtils.java:logGet(43)) - raft.server.log.queue.byte-limit = 2147483647 (custom)
2019-10-15 10:17:48,785 [pool-129-thread-1] INFO  server.RaftServerConfigKeys (ConfUtils.java:logGet(43)) - raft.server.log.statemachine.data.sync.timeout = 10s (default)
2019-10-15 10:17:48,785 [pool-139-thread-1] INFO  server.RaftServerConfigKeys (ConfUtils.java:logGet(43)) - raft.server.log.queue.byte-limit = 2147483647 (custom)
2019-10-15 10:17:48,785 [pool-129-thread-1] INFO  server.RaftServerConfigKeys (ConfUtils.java:logGet(43)) - raft.server.log.statemachine.data.sync.timeout.retry = -1 (default)
2019-10-15 10:17:48,785 [pool-119-thread-1] INFO  server.RaftServerConfigKeys (ConfUtils.java:logGet(43)) - raft.server.log.queue.element-limit = 1024 (custom)
2019-10-15 10:17:48,785 [pool-139-thread-1] INFO  server.RaftServerConfigKeys (ConfUtils.java:logGet(43)) - raft.server.log.queue.element-limit = 1024 (custom)
2019-10-15 10:17:48,786 [pool-129-thread-1] INFO  server.RaftServerConfigKeys (ConfUtils.java:logGet(43)) - raft.server.log.statemachine.data.caching.enabled = true (custom)
2019-10-15 10:17:48,786 [pool-119-thread-1] INFO  server.RaftServerConfigKeys (ConfUtils.java:logGet(43)) - raft.server.log.segment.size.max = 1048576 (custom)
2019-10-15 10:17:48,786 [pool-139-thread-1] INFO  server.RaftServerConfigKeys (ConfUtils.java:logGet(43)) - raft.server.log.segment.size.max = 1048576 (custom)
2019-10-15 10:17:48,786 [pool-129-thread-1] INFO  segmented.SegmentedRaftLogWorker (SegmentedRaftLogWorker.java:lambda$new$0(128)) - 99ab3c4c-c7dc-4c5d-a12b-23e9a64d5290@group-51EE12963047-SegmentedRaftLogWorker: flushIndex: setUnconditionally 0 -> -1
2019-10-15 10:17:48,786 [pool-119-thread-1] INFO  server.RaftServerConfigKeys (ConfUtils.java:logGet(43)) - raft.server.log.preallocated.size = 16384 (custom)
2019-10-15 10:17:48,786 [pool-139-thread-1] INFO  server.RaftServerConfigKeys (ConfUtils.java:logGet(43)) - raft.server.log.preallocated.size = 16384 (custom)
2019-10-15 10:17:48,786 [pool-129-thread-1] INFO  server.RaftServerConfigKeys (ConfUtils.java:logGet(43)) - raft.server.snapshot.auto.trigger.enabled = true (custom)
2019-10-15 10:17:48,786 [pool-119-thread-1] INFO  server.RaftServerConfigKeys (ConfUtils.java:logGet(43)) - raft.server.log.write.buffer.size = 33554432 (custom)
2019-10-15 10:17:48,787 [pool-129-thread-1] INFO  server.RaftServerConfigKeys (ConfUtils.java:logGet(43)) - raft.server.snapshot.auto.trigger.threshold = 10000 (custom)
2019-10-15 10:17:48,787 [pool-139-thread-1] INFO  server.RaftServerConfigKeys (ConfUtils.java:logGet(43)) - raft.server.log.write.buffer.size = 33554432 (custom)
2019-10-15 10:17:48,787 [pool-129-thread-1] INFO  server.RaftServerConfigKeys (ConfUtils.java:logGet(43)) - raft.server.snapshot.retention.file.num = 5 (custom)
2019-10-15 10:17:48,787 [pool-119-thread-1] INFO  server.RaftServerConfigKeys (ConfUtils.java:logGet(43)) - raft.server.log.force.sync.num = 128 (default)
2019-10-15 10:17:48,787 [pool-129-thread-1] INFO  server.RaftServerConfigKeys (ConfUtils.java:logGet(43)) - raft.server.retrycache.expirytime = 600000ms (custom)
2019-10-15 10:17:48,787 [pool-139-thread-1] INFO  server.RaftServerConfigKeys (ConfUtils.java:logGet(43)) - raft.server.log.force.sync.num = 128 (default)
2019-10-15 10:17:48,787 [pool-119-thread-1] INFO  server.RaftServerConfigKeys (ConfUtils.java:logGet(43)) - raft.server.log.statemachine.data.sync = true (default)
2019-10-15 10:17:48,788 [pool-139-thread-1] INFO  server.RaftServerConfigKeys (ConfUtils.java:logGet(43)) - raft.server.log.statemachine.data.sync = true (default)
2019-10-15 10:17:48,788 [pool-119-thread-1] INFO  server.RaftServerConfigKeys (ConfUtils.java:logGet(43)) - raft.server.log.statemachine.data.sync.timeout = 10s (default)
2019-10-15 10:17:48,788 [pool-139-thread-1] INFO  server.RaftServerConfigKeys (ConfUtils.java:logGet(43)) - raft.server.log.statemachine.data.sync.timeout = 10s (default)
2019-10-15 10:17:48,788 [pool-119-thread-1] INFO  server.RaftServerConfigKeys (ConfUtils.java:logGet(43)) - raft.server.log.statemachine.data.sync.timeout.retry = -1 (default)
2019-10-15 10:17:48,788 [pool-139-thread-1] INFO  server.RaftServerConfigKeys (ConfUtils.java:logGet(43)) - raft.server.log.statemachine.data.sync.timeout.retry = -1 (default)
2019-10-15 10:17:48,788 [pool-119-thread-1] INFO  server.RaftServerConfigKeys (ConfUtils.java:logGet(43)) - raft.server.log.statemachine.data.caching.enabled = true (custom)
2019-10-15 10:17:48,788 [pool-139-thread-1] INFO  server.RaftServerConfigKeys (ConfUtils.java:logGet(43)) - raft.server.log.statemachine.data.caching.enabled = true (custom)
2019-10-15 10:17:48,789 [pool-119-thread-1] INFO  segmented.SegmentedRaftLogWorker (SegmentedRaftLogWorker.java:lambda$new$0(128)) - 0f7b2390-6b01-4aa9-9793-f543095052b0@group-51EE12963047-SegmentedRaftLogWorker: flushIndex: setUnconditionally 0 -> -1
2019-10-15 10:17:48,789 [pool-139-thread-1] INFO  segmented.SegmentedRaftLogWorker (SegmentedRaftLogWorker.java:lambda$new$0(128)) - 82695c46-2a63-4540-a67a-64e0b0e312e9@group-51EE12963047-SegmentedRaftLogWorker: flushIndex: setUnconditionally 0 -> -1
2019-10-15 10:17:48,789 [pool-119-thread-1] INFO  server.RaftServerConfigKeys (ConfUtils.java:logGet(43)) - raft.server.snapshot.auto.trigger.enabled = true (custom)
2019-10-15 10:17:48,789 [pool-119-thread-1] INFO  server.RaftServerConfigKeys (ConfUtils.java:logGet(43)) - raft.server.snapshot.auto.trigger.threshold = 10000 (custom)
2019-10-15 10:17:48,789 [pool-119-thread-1] INFO  server.RaftServerConfigKeys (ConfUtils.java:logGet(43)) - raft.server.snapshot.retention.file.num = 5 (custom)
2019-10-15 10:17:48,789 [pool-139-thread-1] INFO  server.RaftServerConfigKeys (ConfUtils.java:logGet(43)) - raft.server.snapshot.auto.trigger.enabled = true (custom)
2019-10-15 10:17:48,789 [pool-119-thread-1] INFO  server.RaftServerConfigKeys (ConfUtils.java:logGet(43)) - raft.server.retrycache.expirytime = 600000ms (custom)
2019-10-15 10:17:48,789 [pool-139-thread-1] INFO  server.RaftServerConfigKeys (ConfUtils.java:logGet(43)) - raft.server.snapshot.auto.trigger.threshold = 10000 (custom)
2019-10-15 10:17:48,790 [pool-139-thread-1] INFO  server.RaftServerConfigKeys (ConfUtils.java:logGet(43)) - raft.server.snapshot.retention.file.num = 5 (custom)
2019-10-15 10:17:48,790 [pool-129-thread-1] INFO  impl.RaftServerImpl (RaftServerImpl.java:start(181)) - 99ab3c4c-c7dc-4c5d-a12b-23e9a64d5290@group-51EE12963047: start as a follower, conf=-1: [0f7b2390-6b01-4aa9-9793-f543095052b0:192.168.69.65:41530, 99ab3c4c-c7dc-4c5d-a12b-23e9a64d5290:192.168.69.65:38363, 82695c46-2a63-4540-a67a-64e0b0e312e9:192.168.69.65:45174], old=null
2019-10-15 10:17:48,790 [pool-139-thread-1] INFO  server.RaftServerConfigKeys (ConfUtils.java:logGet(43)) - raft.server.retrycache.expirytime = 600000ms (custom)
2019-10-15 10:17:48,790 [pool-129-thread-1] INFO  impl.RaftServerImpl (RaftServerImpl.java:setRole(170)) - 99ab3c4c-c7dc-4c5d-a12b-23e9a64d5290@group-51EE12963047: changes role from      null to FOLLOWER at term 0 for startAsFollower
2019-10-15 10:17:48,790 [pool-129-thread-1] INFO  impl.RoleInfo (RoleInfo.java:updateAndGet(143)) - 99ab3c4c-c7dc-4c5d-a12b-23e9a64d5290: start FollowerState
2019-10-15 10:17:48,799 [pool-129-thread-1] INFO  util.JmxRegister (JmxRegister.java:tryRegister(44)) - Successfully registered JMX Bean with object name Ratis:service=RaftServer,group=group-51EE12963047,id=99ab3c4c-c7dc-4c5d-a12b-23e9a64d5290
2019-10-15 10:17:48,802 [pool-119-thread-1] INFO  impl.RaftServerImpl (RaftServerImpl.java:start(181)) - 0f7b2390-6b01-4aa9-9793-f543095052b0@group-51EE12963047: start as a follower, conf=-1: [0f7b2390-6b01-4aa9-9793-f543095052b0:192.168.69.65:41530, 99ab3c4c-c7dc-4c5d-a12b-23e9a64d5290:192.168.69.65:38363, 82695c46-2a63-4540-a67a-64e0b0e312e9:192.168.69.65:45174], old=null
2019-10-15 10:17:48,802 [pool-119-thread-1] INFO  impl.RaftServerImpl (RaftServerImpl.java:setRole(170)) - 0f7b2390-6b01-4aa9-9793-f543095052b0@group-51EE12963047: changes role from      null to FOLLOWER at term 0 for startAsFollower
2019-10-15 10:17:48,802 [pool-119-thread-1] INFO  impl.RoleInfo (RoleInfo.java:updateAndGet(143)) - 0f7b2390-6b01-4aa9-9793-f543095052b0: start FollowerState
2019-10-15 10:17:48,803 [pool-119-thread-1] INFO  util.JmxRegister (JmxRegister.java:tryRegister(44)) - Successfully registered JMX Bean with object name Ratis:service=RaftServer,group=group-51EE12963047,id=0f7b2390-6b01-4aa9-9793-f543095052b0
2019-10-15 10:17:48,803 [pool-139-thread-1] INFO  impl.RaftServerImpl (RaftServerImpl.java:start(181)) - 82695c46-2a63-4540-a67a-64e0b0e312e9@group-51EE12963047: start as a follower, conf=-1: [0f7b2390-6b01-4aa9-9793-f543095052b0:192.168.69.65:41530, 99ab3c4c-c7dc-4c5d-a12b-23e9a64d5290:192.168.69.65:38363, 82695c46-2a63-4540-a67a-64e0b0e312e9:192.168.69.65:45174], old=null
2019-10-15 10:17:48,803 [pool-139-thread-1] INFO  impl.RaftServerImpl (RaftServerImpl.java:setRole(170)) - 82695c46-2a63-4540-a67a-64e0b0e312e9@group-51EE12963047: changes role from      null to FOLLOWER at term 0 for startAsFollower
2019-10-15 10:17:48,810 [pool-139-thread-1] INFO  impl.RoleInfo (RoleInfo.java:updateAndGet(143)) - 82695c46-2a63-4540-a67a-64e0b0e312e9: start FollowerState
2019-10-15 10:17:48,810 [pool-139-thread-1] INFO  util.JmxRegister (JmxRegister.java:tryRegister(44)) - Successfully registered JMX Bean with object name Ratis:service=RaftServer,group=group-51EE12963047,id=82695c46-2a63-4540-a67a-64e0b0e312e9
2019-10-15 10:17:48,816 [RatisPipelineUtilsThread] INFO  pipeline.PipelineStateManager (PipelineStateManager.java:addPipeline(56)) - Created pipeline Pipeline[ Id: 8e95e6d2-ffa0-4d9b-8e16-51ee12963047, Nodes: 0f7b2390-6b01-4aa9-9793-f543095052b0{ip: 192.168.69.65, host: dev-nightly-20191015-lc69l-4092513605, networkLocation: /default-rack, certSerialId: null}99ab3c4c-c7dc-4c5d-a12b-23e9a64d5290{ip: 192.168.69.65, host: dev-nightly-20191015-lc69l-4092513605, networkLocation: /default-rack, certSerialId: null}82695c46-2a63-4540-a67a-64e0b0e312e9{ip: 192.168.69.65, host: dev-nightly-20191015-lc69l-4092513605, networkLocation: /default-rack, certSerialId: null}, Type:RATIS, Factor:THREE, State:OPEN]
2019-10-15 10:17:48,835 [IPC Server handler 5 on 44654] INFO  net.NetworkTopology (NetworkTopologyImpl.java:add(111)) - Added a new node: /default-rack/5c35e004-52fd-4bd5-9e21-953e901c4805
2019-10-15 10:17:48,835 [IPC Server handler 5 on 44654] INFO  node.SCMNodeManager (SCMNodeManager.java:register(268)) - Registered Data node : 5c35e004-52fd-4bd5-9e21-953e901c4805{ip: 192.168.69.65, host: dev-nightly-20191015-lc69l-4092513605, networkLocation: /default-rack, certSerialId: null}
2019-10-15 10:17:48,845 [grpc-default-executor-0] INFO  impl.RaftServerProxy (RaftServerProxy.java:addNew(89)) - 89ba96a8-01f6-4eff-81d6-f1c917046bcf: addNew group-87A1D3FE09B1:[89ba96a8-01f6-4eff-81d6-f1c917046bcf:192.168.69.65:44393] returns group-87A1D3FE09B1:java.util.concurrent.CompletableFuture@179f15c5[Not completed]
2019-10-15 10:17:48,856 [pool-149-thread-1] INFO  impl.RaftServerImpl (RaftServerImpl.java:<init>(95)) - 89ba96a8-01f6-4eff-81d6-f1c917046bcf: new RaftServerImpl for group-87A1D3FE09B1:[89ba96a8-01f6-4eff-81d6-f1c917046bcf:192.168.69.65:44393] with ContainerStateMachine:uninitialized
2019-10-15 10:17:48,858 [pool-149-thread-1] INFO  server.RaftServerConfigKeys (ConfUtils.java:logGet(43)) - raft.server.rpc.timeout.min = 5s (custom)
2019-10-15 10:17:48,858 [pool-149-thread-1] INFO  server.RaftServerConfigKeys (ConfUtils.java:logGet(43)) - raft.server.rpc.timeout.max = 5200ms (custom)
2019-10-15 10:17:48,859 [pool-149-thread-1] INFO  server.RaftServerConfigKeys (ConfUtils.java:logGet(43)) - raft.server.rpcslowness.timeout = 120s (custom)
2019-10-15 10:17:48,859 [pool-149-thread-1] INFO  server.RaftServerConfigKeys (ConfUtils.java:logGet(43)) - raft.server.sleep.deviation.threshold = 300 (default)
2019-10-15 10:17:48,859 [pool-149-thread-1] INFO  server.RaftServerConfigKeys (ConfUtils.java:logGet(43)) - raft.server.log.appender.install.snapshot.enabled = false (custom)
2019-10-15 10:17:48,859 [pool-149-thread-1] INFO  impl.RaftServerImpl (ServerState.java:<init>(103)) - 89ba96a8-01f6-4eff-81d6-f1c917046bcf@group-87A1D3FE09B1: ConfigurationManager, init=-1: [89ba96a8-01f6-4eff-81d6-f1c917046bcf:192.168.69.65:44393], old=null, confs=<EMPTY_MAP>
2019-10-15 10:17:48,859 [pool-149-thread-1] INFO  server.RaftServerConfigKeys (ConfUtils.java:logGet(43)) - raft.server.storage.dir = [/workdir/hadoop-ozone/integration-test/target/test-dir/MiniOzoneClusterImpl-d2dc297f-df8e-434f-8420-d555204b07d2/datanode-3/data/ratis] (custom)
2019-10-15 10:17:48,859 [pool-149-thread-1] INFO  server.RaftServerConfigKeys (ConfUtils.java:logGet(43)) - raft.server.log.corruption.policy = EXCEPTION (default)
2019-10-15 10:17:48,860 [pool-149-thread-1] INFO  storage.RaftStorageDirectory (RaftStorageDirectory.java:analyzeStorage(246)) - The storage directory /workdir/hadoop-ozone/integration-test/target/test-dir/MiniOzoneClusterImpl-d2dc297f-df8e-434f-8420-d555204b07d2/datanode-3/data/ratis/2d1d7b91-a4a8-4863-870b-87a1d3fe09b1 does not exist. Creating ...
2019-10-15 10:17:48,873 [pool-149-thread-1] INFO  storage.RaftStorageDirectory (RaftStorageDirectory.java:tryLock(328)) - Lock on /workdir/hadoop-ozone/integration-test/target/test-dir/MiniOzoneClusterImpl-d2dc297f-df8e-434f-8420-d555204b07d2/datanode-3/data/ratis/2d1d7b91-a4a8-4863-870b-87a1d3fe09b1/in_use.lock acquired by nodename 4553@dev-nightly-20191015-lc69l-4092513605
2019-10-15 10:17:48,886 [pool-149-thread-1] INFO  storage.RaftStorage (RaftStorage.java:format(84)) - Storage directory /workdir/hadoop-ozone/integration-test/target/test-dir/MiniOzoneClusterImpl-d2dc297f-df8e-434f-8420-d555204b07d2/datanode-3/data/ratis/2d1d7b91-a4a8-4863-870b-87a1d3fe09b1 has been successfully formatted.
2019-10-15 10:17:48,886 [pool-149-thread-1] INFO  ratis.ContainerStateMachine (ContainerStateMachine.java:loadSnapshot(231)) - group-87A1D3FE09B1: The snapshot info is null. Setting the last applied indexto:(t:0, i:~)
2019-10-15 10:17:48,886 [pool-149-thread-1] INFO  server.RaftServerConfigKeys (ConfUtils.java:logGet(43)) - raft.server.notification.no-leader.timeout = 120s (custom)
2019-10-15 10:17:48,886 [pool-149-thread-1] INFO  server.RaftServerConfigKeys (ConfUtils.java:logGet(43)) - raft.server.log.use.memory = false (default)
2019-10-15 10:17:48,887 [pool-149-thread-1] INFO  server.RaftServerConfigKeys (ConfUtils.java:logGet(43)) - raft.server.log.purge.gap = 1000000 (custom)
2019-10-15 10:17:48,887 [pool-149-thread-1] INFO  server.RaftServerConfigKeys (ConfUtils.java:logGet(43)) - raft.server.log.appender.buffer.byte-limit = 33554432 (custom)
2019-10-15 10:17:48,887 [pool-149-thread-1] INFO  server.RaftServerConfigKeys (ConfUtils.java:logGet(43)) - raft.server.log.segment.size.max = 1048576 (custom)
2019-10-15 10:17:48,889 [pool-149-thread-1] INFO  server.RaftServerConfigKeys (ConfUtils.java:logGet(43)) - raft.server.log.segment.cache.num.max = 2 (custom)
2019-10-15 10:17:48,889 [pool-149-thread-1] INFO  segmented.SegmentedRaftLogWorker (SegmentedRaftLogWorker.java:<init>(173)) - new 89ba96a8-01f6-4eff-81d6-f1c917046bcf@group-87A1D3FE09B1-SegmentedRaftLogWorker for RaftStorage:Storage Directory /workdir/hadoop-ozone/integration-test/target/test-dir/MiniOzoneClusterImpl-d2dc297f-df8e-434f-8420-d555204b07d2/datanode-3/data/ratis/2d1d7b91-a4a8-4863-870b-87a1d3fe09b1
2019-10-15 10:17:48,890 [pool-149-thread-1] INFO  server.RaftServerConfigKeys (ConfUtils.java:logGet(43)) - raft.server.log.queue.byte-limit = 2147483647 (custom)
2019-10-15 10:17:48,890 [pool-149-thread-1] INFO  server.RaftServerConfigKeys (ConfUtils.java:logGet(43)) - raft.server.log.queue.element-limit = 1024 (custom)
2019-10-15 10:17:48,890 [pool-149-thread-1] INFO  server.RaftServerConfigKeys (ConfUtils.java:logGet(43)) - raft.server.log.segment.size.max = 1048576 (custom)
2019-10-15 10:17:48,890 [pool-149-thread-1] INFO  server.RaftServerConfigKeys (ConfUtils.java:logGet(43)) - raft.server.log.preallocated.size = 16384 (custom)
2019-10-15 10:17:48,890 [pool-149-thread-1] INFO  server.RaftServerConfigKeys (ConfUtils.java:logGet(43)) - raft.server.log.write.buffer.size = 33554432 (custom)
2019-10-15 10:17:48,890 [pool-149-thread-1] INFO  server.RaftServerConfigKeys (ConfUtils.java:logGet(43)) - raft.server.log.force.sync.num = 128 (default)
2019-10-15 10:17:48,890 [pool-149-thread-1] INFO  server.RaftServerConfigKeys (ConfUtils.java:logGet(43)) - raft.server.log.statemachine.data.sync = true (default)
2019-10-15 10:17:48,891 [pool-149-thread-1] INFO  server.RaftServerConfigKeys (ConfUtils.java:logGet(43)) - raft.server.log.statemachine.data.sync.timeout = 10s (default)
2019-10-15 10:17:48,891 [pool-149-thread-1] INFO  server.RaftServerConfigKeys (ConfUtils.java:logGet(43)) - raft.server.log.statemachine.data.sync.timeout.retry = -1 (default)
2019-10-15 10:17:48,891 [pool-149-thread-1] INFO  server.RaftServerConfigKeys (ConfUtils.java:logGet(43)) - raft.server.log.statemachine.data.caching.enabled = true (custom)
2019-10-15 10:17:48,892 [pool-149-thread-1] INFO  segmented.SegmentedRaftLogWorker (SegmentedRaftLogWorker.java:lambda$new$0(128)) - 89ba96a8-01f6-4eff-81d6-f1c917046bcf@group-87A1D3FE09B1-SegmentedRaftLogWorker: flushIndex: setUnconditionally 0 -> -1
2019-10-15 10:17:48,892 [pool-149-thread-1] INFO  server.RaftServerConfigKeys (ConfUtils.java:logGet(43)) - raft.server.snapshot.auto.trigger.enabled = true (custom)
2019-10-15 10:17:48,892 [pool-149-thread-1] INFO  server.RaftServerConfigKeys (ConfUtils.java:logGet(43)) - raft.server.snapshot.auto.trigger.threshold = 10000 (custom)
2019-10-15 10:17:48,892 [pool-149-thread-1] INFO  server.RaftServerConfigKeys (ConfUtils.java:logGet(43)) - raft.server.snapshot.retention.file.num = 5 (custom)
2019-10-15 10:17:48,892 [pool-149-thread-1] INFO  server.RaftServerConfigKeys (ConfUtils.java:logGet(43)) - raft.server.retrycache.expirytime = 600000ms (custom)
2019-10-15 10:17:48,895 [pool-149-thread-1] INFO  impl.RaftServerImpl (RaftServerImpl.java:start(181)) - 89ba96a8-01f6-4eff-81d6-f1c917046bcf@group-87A1D3FE09B1: start as a follower, conf=-1: [89ba96a8-01f6-4eff-81d6-f1c917046bcf:192.168.69.65:44393], old=null
2019-10-15 10:17:48,895 [pool-149-thread-1] INFO  impl.RaftServerImpl (RaftServerImpl.java:setRole(170)) - 89ba96a8-01f6-4eff-81d6-f1c917046bcf@group-87A1D3FE09B1: changes role from      null to FOLLOWER at term 0 for startAsFollower
2019-10-15 10:17:48,895 [pool-149-thread-1] INFO  impl.RoleInfo (RoleInfo.java:updateAndGet(143)) - 89ba96a8-01f6-4eff-81d6-f1c917046bcf: start FollowerState
2019-10-15 10:17:48,896 [pool-149-thread-1] INFO  util.JmxRegister (JmxRegister.java:tryRegister(44)) - Successfully registered JMX Bean with object name Ratis:service=RaftServer,group=group-87A1D3FE09B1,id=89ba96a8-01f6-4eff-81d6-f1c917046bcf
2019-10-15 10:17:48,901 [RatisPipelineUtilsThread] INFO  pipeline.PipelineStateManager (PipelineStateManager.java:addPipeline(56)) - Created pipeline Pipeline[ Id: 2d1d7b91-a4a8-4863-870b-87a1d3fe09b1, Nodes: 89ba96a8-01f6-4eff-81d6-f1c917046bcf{ip: 192.168.69.65, host: dev-nightly-20191015-lc69l-4092513605, networkLocation: /default-rack, certSerialId: null}, Type:RATIS, Factor:ONE, State:OPEN]
2019-10-15 10:17:48,908 [grpc-default-executor-0] INFO  impl.RaftServerProxy (RaftServerProxy.java:addNew(89)) - 5c35e004-52fd-4bd5-9e21-953e901c4805: addNew group-5C71422AB869:[5c35e004-52fd-4bd5-9e21-953e901c4805:192.168.69.65:36838] returns group-5C71422AB869:java.util.concurrent.CompletableFuture@3d254f50[Not completed]
2019-10-15 10:17:48,913 [pool-159-thread-1] INFO  impl.RaftServerImpl (RaftServerImpl.java:<init>(95)) - 5c35e004-52fd-4bd5-9e21-953e901c4805: new RaftServerImpl for group-5C71422AB869:[5c35e004-52fd-4bd5-9e21-953e901c4805:192.168.69.65:36838] with ContainerStateMachine:uninitialized
2019-10-15 10:17:48,913 [pool-159-thread-1] INFO  server.RaftServerConfigKeys (ConfUtils.java:logGet(43)) - raft.server.rpc.timeout.min = 5s (custom)
2019-10-15 10:17:48,913 [pool-159-thread-1] INFO  server.RaftServerConfigKeys (ConfUtils.java:logGet(43)) - raft.server.rpc.timeout.max = 5200ms (custom)
2019-10-15 10:17:48,913 [pool-159-thread-1] INFO  server.RaftServerConfigKeys (ConfUtils.java:logGet(43)) - raft.server.rpcslowness.timeout = 120s (custom)
2019-10-15 10:17:48,913 [pool-159-thread-1] INFO  server.RaftServerConfigKeys (ConfUtils.java:logGet(43)) - raft.server.sleep.deviation.threshold = 300 (default)
2019-10-15 10:17:48,913 [pool-159-thread-1] INFO  server.RaftServerConfigKeys (ConfUtils.java:logGet(43)) - raft.server.log.appender.install.snapshot.enabled = false (custom)
2019-10-15 10:17:48,914 [pool-159-thread-1] INFO  impl.RaftServerImpl (ServerState.java:<init>(103)) - 5c35e004-52fd-4bd5-9e21-953e901c4805@group-5C71422AB869: ConfigurationManager, init=-1: [5c35e004-52fd-4bd5-9e21-953e901c4805:192.168.69.65:36838], old=null, confs=<EMPTY_MAP>
2019-10-15 10:17:48,914 [pool-159-thread-1] INFO  server.RaftServerConfigKeys (ConfUtils.java:logGet(43)) - raft.server.storage.dir = [/workdir/hadoop-ozone/integration-test/target/test-dir/MiniOzoneClusterImpl-d2dc297f-df8e-434f-8420-d555204b07d2/datanode-4/data/ratis] (custom)
2019-10-15 10:17:48,914 [pool-159-thread-1] INFO  server.RaftServerConfigKeys (ConfUtils.java:logGet(43)) - raft.server.log.corruption.policy = EXCEPTION (default)
2019-10-15 10:17:48,914 [pool-159-thread-1] INFO  storage.RaftStorageDirectory (RaftStorageDirectory.java:analyzeStorage(246)) - The storage directory /workdir/hadoop-ozone/integration-test/target/test-dir/MiniOzoneClusterImpl-d2dc297f-df8e-434f-8420-d555204b07d2/datanode-4/data/ratis/96afde81-ff74-455a-88a3-5c71422ab869 does not exist. Creating ...
2019-10-15 10:17:48,914 [IPC Server handler 6 on 44654] INFO  net.NetworkTopology (NetworkTopologyImpl.java:add(111)) - Added a new node: /default-rack/a626a13b-9fbf-45e4-ad69-b33ead2c725a
2019-10-15 10:17:48,915 [IPC Server handler 6 on 44654] INFO  node.SCMNodeManager (SCMNodeManager.java:register(268)) - Registered Data node : a626a13b-9fbf-45e4-ad69-b33ead2c725a{ip: 192.168.69.65, host: dev-nightly-20191015-lc69l-4092513605, networkLocation: /default-rack, certSerialId: null}
2019-10-15 10:17:48,926 [pool-159-thread-1] INFO  storage.RaftStorageDirectory (RaftStorageDirectory.java:tryLock(328)) - Lock on /workdir/hadoop-ozone/integration-test/target/test-dir/MiniOzoneClusterImpl-d2dc297f-df8e-434f-8420-d555204b07d2/datanode-4/data/ratis/96afde81-ff74-455a-88a3-5c71422ab869/in_use.lock acquired by nodename 4553@dev-nightly-20191015-lc69l-4092513605
2019-10-15 10:17:48,939 [pool-159-thread-1] INFO  storage.RaftStorage (RaftStorage.java:format(84)) - Storage directory /workdir/hadoop-ozone/integration-test/target/test-dir/MiniOzoneClusterImpl-d2dc297f-df8e-434f-8420-d555204b07d2/datanode-4/data/ratis/96afde81-ff74-455a-88a3-5c71422ab869 has been successfully formatted.
2019-10-15 10:17:48,939 [pool-159-thread-1] INFO  ratis.ContainerStateMachine (ContainerStateMachine.java:loadSnapshot(231)) - group-5C71422AB869: The snapshot info is null. Setting the last applied indexto:(t:0, i:~)
2019-10-15 10:17:48,939 [pool-159-thread-1] INFO  server.RaftServerConfigKeys (ConfUtils.java:logGet(43)) - raft.server.notification.no-leader.timeout = 120s (custom)
2019-10-15 10:17:48,940 [pool-159-thread-1] INFO  server.RaftServerConfigKeys (ConfUtils.java:logGet(43)) - raft.server.log.use.memory = false (default)
2019-10-15 10:17:48,940 [pool-159-thread-1] INFO  server.RaftServerConfigKeys (ConfUtils.java:logGet(43)) - raft.server.log.purge.gap = 1000000 (custom)
2019-10-15 10:17:48,940 [pool-159-thread-1] INFO  server.RaftServerConfigKeys (ConfUtils.java:logGet(43)) - raft.server.log.appender.buffer.byte-limit = 33554432 (custom)
2019-10-15 10:17:48,940 [pool-159-thread-1] INFO  server.RaftServerConfigKeys (ConfUtils.java:logGet(43)) - raft.server.log.segment.size.max = 1048576 (custom)
2019-10-15 10:17:48,942 [pool-159-thread-1] INFO  server.RaftServerConfigKeys (ConfUtils.java:logGet(43)) - raft.server.log.segment.cache.num.max = 2 (custom)
2019-10-15 10:17:48,942 [pool-159-thread-1] INFO  segmented.SegmentedRaftLogWorker (SegmentedRaftLogWorker.java:<init>(173)) - new 5c35e004-52fd-4bd5-9e21-953e901c4805@group-5C71422AB869-SegmentedRaftLogWorker for RaftStorage:Storage Directory /workdir/hadoop-ozone/integration-test/target/test-dir/MiniOzoneClusterImpl-d2dc297f-df8e-434f-8420-d555204b07d2/datanode-4/data/ratis/96afde81-ff74-455a-88a3-5c71422ab869
2019-10-15 10:17:48,942 [pool-159-thread-1] INFO  server.RaftServerConfigKeys (ConfUtils.java:logGet(43)) - raft.server.log.queue.byte-limit = 2147483647 (custom)
2019-10-15 10:17:48,942 [pool-159-thread-1] INFO  server.RaftServerConfigKeys (ConfUtils.java:logGet(43)) - raft.server.log.queue.element-limit = 1024 (custom)
2019-10-15 10:17:48,942 [pool-159-thread-1] INFO  server.RaftServerConfigKeys (ConfUtils.java:logGet(43)) - raft.server.log.segment.size.max = 1048576 (custom)
2019-10-15 10:17:48,943 [pool-159-thread-1] INFO  server.RaftServerConfigKeys (ConfUtils.java:logGet(43)) - raft.server.log.preallocated.size = 16384 (custom)
2019-10-15 10:17:48,943 [pool-159-thread-1] INFO  server.RaftServerConfigKeys (ConfUtils.java:logGet(43)) - raft.server.log.write.buffer.size = 33554432 (custom)
2019-10-15 10:17:48,943 [pool-159-thread-1] INFO  server.RaftServerConfigKeys (ConfUtils.java:logGet(43)) - raft.server.log.force.sync.num = 128 (default)
2019-10-15 10:17:48,943 [pool-159-thread-1] INFO  server.RaftServerConfigKeys (ConfUtils.java:logGet(43)) - raft.server.log.statemachine.data.sync = true (default)
2019-10-15 10:17:48,943 [pool-159-thread-1] INFO  server.RaftServerConfigKeys (ConfUtils.java:logGet(43)) - raft.server.log.statemachine.data.sync.timeout = 10s (default)
2019-10-15 10:17:48,943 [pool-159-thread-1] INFO  server.RaftServerConfigKeys (ConfUtils.java:logGet(43)) - raft.server.log.statemachine.data.sync.timeout.retry = -1 (default)
2019-10-15 10:17:48,944 [pool-159-thread-1] INFO  server.RaftServerConfigKeys (ConfUtils.java:logGet(43)) - raft.server.log.statemachine.data.caching.enabled = true (custom)
2019-10-15 10:17:48,944 [pool-159-thread-1] INFO  segmented.SegmentedRaftLogWorker (SegmentedRaftLogWorker.java:lambda$new$0(128)) - 5c35e004-52fd-4bd5-9e21-953e901c4805@group-5C71422AB869-SegmentedRaftLogWorker: flushIndex: setUnconditionally 0 -> -1
2019-10-15 10:17:48,944 [pool-159-thread-1] INFO  server.RaftServerConfigKeys (ConfUtils.java:logGet(43)) - raft.server.snapshot.auto.trigger.enabled = true (custom)
2019-10-15 10:17:48,944 [pool-159-thread-1] INFO  server.RaftServerConfigKeys (ConfUtils.java:logGet(43)) - raft.server.snapshot.auto.trigger.threshold = 10000 (custom)
2019-10-15 10:17:48,944 [pool-159-thread-1] INFO  server.RaftServerConfigKeys (ConfUtils.java:logGet(43)) - raft.server.snapshot.retention.file.num = 5 (custom)
2019-10-15 10:17:48,945 [pool-159-thread-1] INFO  server.RaftServerConfigKeys (ConfUtils.java:logGet(43)) - raft.server.retrycache.expirytime = 600000ms (custom)
2019-10-15 10:17:48,947 [pool-159-thread-1] INFO  impl.RaftServerImpl (RaftServerImpl.java:start(181)) - 5c35e004-52fd-4bd5-9e21-953e901c4805@group-5C71422AB869: start as a follower, conf=-1: [5c35e004-52fd-4bd5-9e21-953e901c4805:192.168.69.65:36838], old=null
2019-10-15 10:17:48,947 [pool-159-thread-1] INFO  impl.RaftServerImpl (RaftServerImpl.java:setRole(170)) - 5c35e004-52fd-4bd5-9e21-953e901c4805@group-5C71422AB869: changes role from      null to FOLLOWER at term 0 for startAsFollower
2019-10-15 10:17:48,947 [pool-159-thread-1] INFO  impl.RoleInfo (RoleInfo.java:updateAndGet(143)) - 5c35e004-52fd-4bd5-9e21-953e901c4805: start FollowerState
2019-10-15 10:17:48,947 [pool-159-thread-1] INFO  util.JmxRegister (JmxRegister.java:tryRegister(44)) - Successfully registered JMX Bean with object name Ratis:service=RaftServer,group=group-5C71422AB869,id=5c35e004-52fd-4bd5-9e21-953e901c4805
2019-10-15 10:17:48,952 [RatisPipelineUtilsThread] INFO  pipeline.PipelineStateManager (PipelineStateManager.java:addPipeline(56)) - Created pipeline Pipeline[ Id: 96afde81-ff74-455a-88a3-5c71422ab869, Nodes: 5c35e004-52fd-4bd5-9e21-953e901c4805{ip: 192.168.69.65, host: dev-nightly-20191015-lc69l-4092513605, networkLocation: /default-rack, certSerialId: null}, Type:RATIS, Factor:ONE, State:OPEN]
2019-10-15 10:17:48,961 [grpc-default-executor-0] INFO  impl.RaftServerProxy (RaftServerProxy.java:addNew(89)) - a626a13b-9fbf-45e4-ad69-b33ead2c725a: addNew group-C9931F64493A:[a626a13b-9fbf-45e4-ad69-b33ead2c725a:192.168.69.65:36802] returns group-C9931F64493A:java.util.concurrent.CompletableFuture@4764f4a9[Not completed]
2019-10-15 10:17:48,965 [pool-169-thread-1] INFO  impl.RaftServerImpl (RaftServerImpl.java:<init>(95)) - a626a13b-9fbf-45e4-ad69-b33ead2c725a: new RaftServerImpl for group-C9931F64493A:[a626a13b-9fbf-45e4-ad69-b33ead2c725a:192.168.69.65:36802] with ContainerStateMachine:uninitialized
2019-10-15 10:17:48,965 [pool-169-thread-1] INFO  server.RaftServerConfigKeys (ConfUtils.java:logGet(43)) - raft.server.rpc.timeout.min = 5s (custom)
2019-10-15 10:17:48,966 [pool-169-thread-1] INFO  server.RaftServerConfigKeys (ConfUtils.java:logGet(43)) - raft.server.rpc.timeout.max = 5200ms (custom)
2019-10-15 10:17:48,966 [pool-169-thread-1] INFO  server.RaftServerConfigKeys (ConfUtils.java:logGet(43)) - raft.server.rpcslowness.timeout = 120s (custom)
2019-10-15 10:17:48,966 [pool-169-thread-1] INFO  server.RaftServerConfigKeys (ConfUtils.java:logGet(43)) - raft.server.sleep.deviation.threshold = 300 (default)
2019-10-15 10:17:48,966 [pool-169-thread-1] INFO  server.RaftServerConfigKeys (ConfUtils.java:logGet(43)) - raft.server.log.appender.install.snapshot.enabled = false (custom)
2019-10-15 10:17:48,966 [pool-169-thread-1] INFO  impl.RaftServerImpl (ServerState.java:<init>(103)) - a626a13b-9fbf-45e4-ad69-b33ead2c725a@group-C9931F64493A: ConfigurationManager, init=-1: [a626a13b-9fbf-45e4-ad69-b33ead2c725a:192.168.69.65:36802], old=null, confs=<EMPTY_MAP>
2019-10-15 10:17:48,966 [pool-169-thread-1] INFO  server.RaftServerConfigKeys (ConfUtils.java:logGet(43)) - raft.server.storage.dir = [/workdir/hadoop-ozone/integration-test/target/test-dir/MiniOzoneClusterImpl-d2dc297f-df8e-434f-8420-d555204b07d2/datanode-5/data/ratis] (custom)
2019-10-15 10:17:48,966 [pool-169-thread-1] INFO  server.RaftServerConfigKeys (ConfUtils.java:logGet(43)) - raft.server.log.corruption.policy = EXCEPTION (default)
2019-10-15 10:17:48,967 [pool-169-thread-1] INFO  storage.RaftStorageDirectory (RaftStorageDirectory.java:analyzeStorage(246)) - The storage directory /workdir/hadoop-ozone/integration-test/target/test-dir/MiniOzoneClusterImpl-d2dc297f-df8e-434f-8420-d555204b07d2/datanode-5/data/ratis/a389a71e-60bb-421e-8638-c9931f64493a does not exist. Creating ...
2019-10-15 10:17:48,976 [main] INFO  ozone.MiniOzoneClusterImpl (MiniOzoneClusterImpl.java:lambda$waitForClusterToBeReady$0(147)) - Waiting for cluster to be ready. Got 6 of 7 DN Heartbeats.
2019-10-15 10:17:48,978 [IPC Server handler 0 on 44654] INFO  net.NetworkTopology (NetworkTopologyImpl.java:add(111)) - Added a new node: /default-rack/7ef9c21a-99e3-42fb-b6ea-bac56b4f4f52
2019-10-15 10:17:48,978 [IPC Server handler 0 on 44654] INFO  node.SCMNodeManager (SCMNodeManager.java:register(268)) - Registered Data node : 7ef9c21a-99e3-42fb-b6ea-bac56b4f4f52{ip: 192.168.69.65, host: dev-nightly-20191015-lc69l-4092513605, networkLocation: /default-rack, certSerialId: null}
2019-10-15 10:17:48,979 [pool-169-thread-1] INFO  storage.RaftStorageDirectory (RaftStorageDirectory.java:tryLock(328)) - Lock on /workdir/hadoop-ozone/integration-test/target/test-dir/MiniOzoneClusterImpl-d2dc297f-df8e-434f-8420-d555204b07d2/datanode-5/data/ratis/a389a71e-60bb-421e-8638-c9931f64493a/in_use.lock acquired by nodename 4553@dev-nightly-20191015-lc69l-4092513605
2019-10-15 10:17:48,992 [pool-169-thread-1] INFO  storage.RaftStorage (RaftStorage.java:format(84)) - Storage directory /workdir/hadoop-ozone/integration-test/target/test-dir/MiniOzoneClusterImpl-d2dc297f-df8e-434f-8420-d555204b07d2/datanode-5/data/ratis/a389a71e-60bb-421e-8638-c9931f64493a has been successfully formatted.
2019-10-15 10:17:48,992 [pool-169-thread-1] INFO  ratis.ContainerStateMachine (ContainerStateMachine.java:loadSnapshot(231)) - group-C9931F64493A: The snapshot info is null. Setting the last applied indexto:(t:0, i:~)
2019-10-15 10:17:48,992 [pool-169-thread-1] INFO  server.RaftServerConfigKeys (ConfUtils.java:logGet(43)) - raft.server.notification.no-leader.timeout = 120s (custom)
2019-10-15 10:17:48,992 [pool-169-thread-1] INFO  server.RaftServerConfigKeys (ConfUtils.java:logGet(43)) - raft.server.log.use.memory = false (default)
2019-10-15 10:17:48,993 [pool-169-thread-1] INFO  server.RaftServerConfigKeys (ConfUtils.java:logGet(43)) - raft.server.log.purge.gap = 1000000 (custom)
2019-10-15 10:17:48,993 [pool-169-thread-1] INFO  server.RaftServerConfigKeys (ConfUtils.java:logGet(43)) - raft.server.log.appender.buffer.byte-limit = 33554432 (custom)
2019-10-15 10:17:48,993 [pool-169-thread-1] INFO  server.RaftServerConfigKeys (ConfUtils.java:logGet(43)) - raft.server.log.segment.size.max = 1048576 (custom)
2019-10-15 10:17:48,995 [pool-169-thread-1] INFO  server.RaftServerConfigKeys (ConfUtils.java:logGet(43)) - raft.server.log.segment.cache.num.max = 2 (custom)
2019-10-15 10:17:48,995 [pool-169-thread-1] INFO  segmented.SegmentedRaftLogWorker (SegmentedRaftLogWorker.java:<init>(173)) - new a626a13b-9fbf-45e4-ad69-b33ead2c725a@group-C9931F64493A-SegmentedRaftLogWorker for RaftStorage:Storage Directory /workdir/hadoop-ozone/integration-test/target/test-dir/MiniOzoneClusterImpl-d2dc297f-df8e-434f-8420-d555204b07d2/datanode-5/data/ratis/a389a71e-60bb-421e-8638-c9931f64493a
2019-10-15 10:17:48,995 [pool-169-thread-1] INFO  server.RaftServerConfigKeys (ConfUtils.java:logGet(43)) - raft.server.log.queue.byte-limit = 2147483647 (custom)
2019-10-15 10:17:48,995 [pool-169-thread-1] INFO  server.RaftServerConfigKeys (ConfUtils.java:logGet(43)) - raft.server.log.queue.element-limit = 1024 (custom)
2019-10-15 10:17:48,995 [pool-169-thread-1] INFO  server.RaftServerConfigKeys (ConfUtils.java:logGet(43)) - raft.server.log.segment.size.max = 1048576 (custom)
2019-10-15 10:17:48,995 [pool-169-thread-1] INFO  server.RaftServerConfigKeys (ConfUtils.java:logGet(43)) - raft.server.log.preallocated.size = 16384 (custom)
2019-10-15 10:17:48,995 [pool-169-thread-1] INFO  server.RaftServerConfigKeys (ConfUtils.java:logGet(43)) - raft.server.log.write.buffer.size = 33554432 (custom)
2019-10-15 10:17:48,995 [pool-169-thread-1] INFO  server.RaftServerConfigKeys (ConfUtils.java:logGet(43)) - raft.server.log.force.sync.num = 128 (default)
2019-10-15 10:17:48,995 [pool-169-thread-1] INFO  server.RaftServerConfigKeys (ConfUtils.java:logGet(43)) - raft.server.log.statemachine.data.sync = true (default)
2019-10-15 10:17:48,996 [pool-169-thread-1] INFO  server.RaftServerConfigKeys (ConfUtils.java:logGet(43)) - raft.server.log.statemachine.data.sync.timeout = 10s (default)
2019-10-15 10:17:48,996 [pool-169-thread-1] INFO  server.RaftServerConfigKeys (ConfUtils.java:logGet(43)) - raft.server.log.statemachine.data.sync.timeout.retry = -1 (default)
2019-10-15 10:17:48,996 [pool-169-thread-1] INFO  server.RaftServerConfigKeys (ConfUtils.java:logGet(43)) - raft.server.log.statemachine.data.caching.enabled = true (custom)
2019-10-15 10:17:48,996 [pool-169-thread-1] INFO  segmented.SegmentedRaftLogWorker (SegmentedRaftLogWorker.java:lambda$new$0(128)) - a626a13b-9fbf-45e4-ad69-b33ead2c725a@group-C9931F64493A-SegmentedRaftLogWorker: flushIndex: setUnconditionally 0 -> -1
2019-10-15 10:17:48,997 [pool-169-thread-1] INFO  server.RaftServerConfigKeys (ConfUtils.java:logGet(43)) - raft.server.snapshot.auto.trigger.enabled = true (custom)
2019-10-15 10:17:48,997 [pool-169-thread-1] INFO  server.RaftServerConfigKeys (ConfUtils.java:logGet(43)) - raft.server.snapshot.auto.trigger.threshold = 10000 (custom)
2019-10-15 10:17:48,997 [pool-169-thread-1] INFO  server.RaftServerConfigKeys (ConfUtils.java:logGet(43)) - raft.server.snapshot.retention.file.num = 5 (custom)
2019-10-15 10:17:48,997 [pool-169-thread-1] INFO  server.RaftServerConfigKeys (ConfUtils.java:logGet(43)) - raft.server.retrycache.expirytime = 600000ms (custom)
2019-10-15 10:17:48,999 [pool-169-thread-1] INFO  impl.RaftServerImpl (RaftServerImpl.java:start(181)) - a626a13b-9fbf-45e4-ad69-b33ead2c725a@group-C9931F64493A: start as a follower, conf=-1: [a626a13b-9fbf-45e4-ad69-b33ead2c725a:192.168.69.65:36802], old=null
2019-10-15 10:17:48,999 [pool-169-thread-1] INFO  impl.RaftServerImpl (RaftServerImpl.java:setRole(170)) - a626a13b-9fbf-45e4-ad69-b33ead2c725a@group-C9931F64493A: changes role from      null to FOLLOWER at term 0 for startAsFollower
2019-10-15 10:17:48,999 [pool-169-thread-1] INFO  impl.RoleInfo (RoleInfo.java:updateAndGet(143)) - a626a13b-9fbf-45e4-ad69-b33ead2c725a: start FollowerState
2019-10-15 10:17:48,999 [pool-169-thread-1] INFO  util.JmxRegister (JmxRegister.java:tryRegister(44)) - Successfully registered JMX Bean with object name Ratis:service=RaftServer,group=group-C9931F64493A,id=a626a13b-9fbf-45e4-ad69-b33ead2c725a
2019-10-15 10:17:49,218 [RatisPipelineUtilsThread] INFO  pipeline.PipelineStateManager (PipelineStateManager.java:addPipeline(56)) - Created pipeline Pipeline[ Id: a389a71e-60bb-421e-8638-c9931f64493a, Nodes: a626a13b-9fbf-45e4-ad69-b33ead2c725a{ip: 192.168.69.65, host: dev-nightly-20191015-lc69l-4092513605, networkLocation: /default-rack, certSerialId: null}, Type:RATIS, Factor:ONE, State:OPEN]
2019-10-15 10:17:49,231 [grpc-default-executor-0] INFO  impl.RaftServerProxy (RaftServerProxy.java:addNew(89)) - 7ef9c21a-99e3-42fb-b6ea-bac56b4f4f52: addNew group-B6A489AB804C:[7ef9c21a-99e3-42fb-b6ea-bac56b4f4f52:192.168.69.65:35222] returns group-B6A489AB804C:java.util.concurrent.CompletableFuture@3331c33b[Not completed]
2019-10-15 10:17:49,235 [pool-179-thread-1] INFO  impl.RaftServerImpl (RaftServerImpl.java:<init>(95)) - 7ef9c21a-99e3-42fb-b6ea-bac56b4f4f52: new RaftServerImpl for group-B6A489AB804C:[7ef9c21a-99e3-42fb-b6ea-bac56b4f4f52:192.168.69.65:35222] with ContainerStateMachine:uninitialized
2019-10-15 10:17:49,236 [pool-179-thread-1] INFO  server.RaftServerConfigKeys (ConfUtils.java:logGet(43)) - raft.server.rpc.timeout.min = 5s (custom)
2019-10-15 10:17:49,236 [pool-179-thread-1] INFO  server.RaftServerConfigKeys (ConfUtils.java:logGet(43)) - raft.server.rpc.timeout.max = 5200ms (custom)
2019-10-15 10:17:49,236 [pool-179-thread-1] INFO  server.RaftServerConfigKeys (ConfUtils.java:logGet(43)) - raft.server.rpcslowness.timeout = 120s (custom)
2019-10-15 10:17:49,236 [pool-179-thread-1] INFO  server.RaftServerConfigKeys (ConfUtils.java:logGet(43)) - raft.server.sleep.deviation.threshold = 300 (default)
2019-10-15 10:17:49,236 [pool-179-thread-1] INFO  server.RaftServerConfigKeys (ConfUtils.java:logGet(43)) - raft.server.log.appender.install.snapshot.enabled = false (custom)
2019-10-15 10:17:49,236 [pool-179-thread-1] INFO  impl.RaftServerImpl (ServerState.java:<init>(103)) - 7ef9c21a-99e3-42fb-b6ea-bac56b4f4f52@group-B6A489AB804C: ConfigurationManager, init=-1: [7ef9c21a-99e3-42fb-b6ea-bac56b4f4f52:192.168.69.65:35222], old=null, confs=<EMPTY_MAP>
2019-10-15 10:17:49,237 [pool-179-thread-1] INFO  server.RaftServerConfigKeys (ConfUtils.java:logGet(43)) - raft.server.storage.dir = [/workdir/hadoop-ozone/integration-test/target/test-dir/MiniOzoneClusterImpl-d2dc297f-df8e-434f-8420-d555204b07d2/datanode-6/data/ratis] (custom)
2019-10-15 10:17:49,237 [pool-179-thread-1] INFO  server.RaftServerConfigKeys (ConfUtils.java:logGet(43)) - raft.server.log.corruption.policy = EXCEPTION (default)
2019-10-15 10:17:49,237 [pool-179-thread-1] INFO  storage.RaftStorageDirectory (RaftStorageDirectory.java:analyzeStorage(246)) - The storage directory /workdir/hadoop-ozone/integration-test/target/test-dir/MiniOzoneClusterImpl-d2dc297f-df8e-434f-8420-d555204b07d2/datanode-6/data/ratis/f784fed7-c18a-4406-b3d0-b6a489ab804c does not exist. Creating ...
2019-10-15 10:17:49,252 [pool-179-thread-1] INFO  storage.RaftStorageDirectory (RaftStorageDirectory.java:tryLock(328)) - Lock on /workdir/hadoop-ozone/integration-test/target/test-dir/MiniOzoneClusterImpl-d2dc297f-df8e-434f-8420-d555204b07d2/datanode-6/data/ratis/f784fed7-c18a-4406-b3d0-b6a489ab804c/in_use.lock acquired by nodename 4553@dev-nightly-20191015-lc69l-4092513605
2019-10-15 10:17:49,265 [pool-179-thread-1] INFO  storage.RaftStorage (RaftStorage.java:format(84)) - Storage directory /workdir/hadoop-ozone/integration-test/target/test-dir/MiniOzoneClusterImpl-d2dc297f-df8e-434f-8420-d555204b07d2/datanode-6/data/ratis/f784fed7-c18a-4406-b3d0-b6a489ab804c has been successfully formatted.
2019-10-15 10:17:49,265 [pool-179-thread-1] INFO  ratis.ContainerStateMachine (ContainerStateMachine.java:loadSnapshot(231)) - group-B6A489AB804C: The snapshot info is null. Setting the last applied indexto:(t:0, i:~)
2019-10-15 10:17:49,265 [pool-179-thread-1] INFO  server.RaftServerConfigKeys (ConfUtils.java:logGet(43)) - raft.server.notification.no-leader.timeout = 120s (custom)
2019-10-15 10:17:49,266 [pool-179-thread-1] INFO  server.RaftServerConfigKeys (ConfUtils.java:logGet(43)) - raft.server.log.use.memory = false (default)
2019-10-15 10:17:49,266 [pool-179-thread-1] INFO  server.RaftServerConfigKeys (ConfUtils.java:logGet(43)) - raft.server.log.purge.gap = 1000000 (custom)
2019-10-15 10:17:49,266 [pool-179-thread-1] INFO  server.RaftServerConfigKeys (ConfUtils.java:logGet(43)) - raft.server.log.appender.buffer.byte-limit = 33554432 (custom)
2019-10-15 10:17:49,266 [pool-179-thread-1] INFO  server.RaftServerConfigKeys (ConfUtils.java:logGet(43)) - raft.server.log.segment.size.max = 1048576 (custom)
2019-10-15 10:17:49,269 [pool-179-thread-1] INFO  server.RaftServerConfigKeys (ConfUtils.java:logGet(43)) - raft.server.log.segment.cache.num.max = 2 (custom)
2019-10-15 10:17:49,269 [pool-179-thread-1] INFO  segmented.SegmentedRaftLogWorker (SegmentedRaftLogWorker.java:<init>(173)) - new 7ef9c21a-99e3-42fb-b6ea-bac56b4f4f52@group-B6A489AB804C-SegmentedRaftLogWorker for RaftStorage:Storage Directory /workdir/hadoop-ozone/integration-test/target/test-dir/MiniOzoneClusterImpl-d2dc297f-df8e-434f-8420-d555204b07d2/datanode-6/data/ratis/f784fed7-c18a-4406-b3d0-b6a489ab804c
2019-10-15 10:17:49,269 [pool-179-thread-1] INFO  server.RaftServerConfigKeys (ConfUtils.java:logGet(43)) - raft.server.log.queue.byte-limit = 2147483647 (custom)
2019-10-15 10:17:49,269 [pool-179-thread-1] INFO  server.RaftServerConfigKeys (ConfUtils.java:logGet(43)) - raft.server.log.queue.element-limit = 1024 (custom)
2019-10-15 10:17:49,269 [pool-179-thread-1] INFO  server.RaftServerConfigKeys (ConfUtils.java:logGet(43)) - raft.server.log.segment.size.max = 1048576 (custom)
2019-10-15 10:17:49,269 [pool-179-thread-1] INFO  server.RaftServerConfigKeys (ConfUtils.java:logGet(43)) - raft.server.log.preallocated.size = 16384 (custom)
2019-10-15 10:17:49,269 [pool-179-thread-1] INFO  server.RaftServerConfigKeys (ConfUtils.java:logGet(43)) - raft.server.log.write.buffer.size = 33554432 (custom)
2019-10-15 10:17:49,270 [pool-179-thread-1] INFO  server.RaftServerConfigKeys (ConfUtils.java:logGet(43)) - raft.server.log.force.sync.num = 128 (default)
2019-10-15 10:17:49,270 [pool-179-thread-1] INFO  server.RaftServerConfigKeys (ConfUtils.java:logGet(43)) - raft.server.log.statemachine.data.sync = true (default)
2019-10-15 10:17:49,270 [pool-179-thread-1] INFO  server.RaftServerConfigKeys (ConfUtils.java:logGet(43)) - raft.server.log.statemachine.data.sync.timeout = 10s (default)
2019-10-15 10:17:49,270 [pool-179-thread-1] INFO  server.RaftServerConfigKeys (ConfUtils.java:logGet(43)) - raft.server.log.statemachine.data.sync.timeout.retry = -1 (default)
2019-10-15 10:17:49,271 [pool-179-thread-1] INFO  server.RaftServerConfigKeys (ConfUtils.java:logGet(43)) - raft.server.log.statemachine.data.caching.enabled = true (custom)
2019-10-15 10:17:49,271 [pool-179-thread-1] INFO  segmented.SegmentedRaftLogWorker (SegmentedRaftLogWorker.java:lambda$new$0(128)) - 7ef9c21a-99e3-42fb-b6ea-bac56b4f4f52@group-B6A489AB804C-SegmentedRaftLogWorker: flushIndex: setUnconditionally 0 -> -1
2019-10-15 10:17:49,271 [pool-179-thread-1] INFO  server.RaftServerConfigKeys (ConfUtils.java:logGet(43)) - raft.server.snapshot.auto.trigger.enabled = true (custom)
2019-10-15 10:17:49,272 [pool-179-thread-1] INFO  server.RaftServerConfigKeys (ConfUtils.java:logGet(43)) - raft.server.snapshot.auto.trigger.threshold = 10000 (custom)
2019-10-15 10:17:49,272 [pool-179-thread-1] INFO  server.RaftServerConfigKeys (ConfUtils.java:logGet(43)) - raft.server.snapshot.retention.file.num = 5 (custom)
2019-10-15 10:17:49,272 [pool-179-thread-1] INFO  server.RaftServerConfigKeys (ConfUtils.java:logGet(43)) - raft.server.retrycache.expirytime = 600000ms (custom)
2019-10-15 10:17:49,275 [pool-179-thread-1] INFO  impl.RaftServerImpl (RaftServerImpl.java:start(181)) - 7ef9c21a-99e3-42fb-b6ea-bac56b4f4f52@group-B6A489AB804C: start as a follower, conf=-1: [7ef9c21a-99e3-42fb-b6ea-bac56b4f4f52:192.168.69.65:35222], old=null
2019-10-15 10:17:49,275 [pool-179-thread-1] INFO  impl.RaftServerImpl (RaftServerImpl.java:setRole(170)) - 7ef9c21a-99e3-42fb-b6ea-bac56b4f4f52@group-B6A489AB804C: changes role from      null to FOLLOWER at term 0 for startAsFollower
2019-10-15 10:17:49,275 [pool-179-thread-1] INFO  impl.RoleInfo (RoleInfo.java:updateAndGet(143)) - 7ef9c21a-99e3-42fb-b6ea-bac56b4f4f52: start FollowerState
2019-10-15 10:17:49,275 [pool-179-thread-1] INFO  util.JmxRegister (JmxRegister.java:tryRegister(44)) - Successfully registered JMX Bean with object name Ratis:service=RaftServer,group=group-B6A489AB804C,id=7ef9c21a-99e3-42fb-b6ea-bac56b4f4f52
2019-10-15 10:17:49,281 [RatisPipelineUtilsThread] INFO  pipeline.PipelineStateManager (PipelineStateManager.java:addPipeline(56)) - Created pipeline Pipeline[ Id: f784fed7-c18a-4406-b3d0-b6a489ab804c, Nodes: 7ef9c21a-99e3-42fb-b6ea-bac56b4f4f52{ip: 192.168.69.65, host: dev-nightly-20191015-lc69l-4092513605, networkLocation: /default-rack, certSerialId: null}, Type:RATIS, Factor:ONE, State:OPEN]
2019-10-15 10:17:49,304 [grpc-default-executor-0] INFO  impl.RaftServerProxy (RaftServerProxy.java:addNew(89)) - 7ef9c21a-99e3-42fb-b6ea-bac56b4f4f52: addNew group-B0BE37076236:[89ba96a8-01f6-4eff-81d6-f1c917046bcf:192.168.69.65:44393, a626a13b-9fbf-45e4-ad69-b33ead2c725a:192.168.69.65:36802, 7ef9c21a-99e3-42fb-b6ea-bac56b4f4f52:192.168.69.65:35222] returns group-B0BE37076236:java.util.concurrent.CompletableFuture@6069445c[Not completed]
2019-10-15 10:17:49,305 [grpc-default-executor-5] INFO  impl.RaftServerProxy (RaftServerProxy.java:addNew(89)) - 89ba96a8-01f6-4eff-81d6-f1c917046bcf: addNew group-B0BE37076236:[89ba96a8-01f6-4eff-81d6-f1c917046bcf:192.168.69.65:44393, a626a13b-9fbf-45e4-ad69-b33ead2c725a:192.168.69.65:36802, 7ef9c21a-99e3-42fb-b6ea-bac56b4f4f52:192.168.69.65:35222] returns group-B0BE37076236:java.util.concurrent.CompletableFuture@5b7653ea[Not completed]
2019-10-15 10:17:49,305 [grpc-default-executor-3] INFO  impl.RaftServerProxy (RaftServerProxy.java:addNew(89)) - a626a13b-9fbf-45e4-ad69-b33ead2c725a: addNew group-B0BE37076236:[89ba96a8-01f6-4eff-81d6-f1c917046bcf:192.168.69.65:44393, a626a13b-9fbf-45e4-ad69-b33ead2c725a:192.168.69.65:36802, 7ef9c21a-99e3-42fb-b6ea-bac56b4f4f52:192.168.69.65:35222] returns group-B0BE37076236:java.util.concurrent.CompletableFuture@41f33456[Not completed]
2019-10-15 10:17:49,306 [pool-179-thread-1] INFO  impl.RaftServerImpl (RaftServerImpl.java:<init>(95)) - 7ef9c21a-99e3-42fb-b6ea-bac56b4f4f52: new RaftServerImpl for group-B0BE37076236:[89ba96a8-01f6-4eff-81d6-f1c917046bcf:192.168.69.65:44393, a626a13b-9fbf-45e4-ad69-b33ead2c725a:192.168.69.65:36802, 7ef9c21a-99e3-42fb-b6ea-bac56b4f4f52:192.168.69.65:35222] with ContainerStateMachine:uninitialized
2019-10-15 10:17:49,306 [pool-179-thread-1] INFO  server.RaftServerConfigKeys (ConfUtils.java:logGet(43)) - raft.server.rpc.timeout.min = 5s (custom)
2019-10-15 10:17:49,307 [pool-179-thread-1] INFO  server.RaftServerConfigKeys (ConfUtils.java:logGet(43)) - raft.server.rpc.timeout.max = 5200ms (custom)
2019-10-15 10:17:49,307 [pool-179-thread-1] INFO  server.RaftServerConfigKeys (ConfUtils.java:logGet(43)) - raft.server.rpcslowness.timeout = 120s (custom)
2019-10-15 10:17:49,307 [pool-179-thread-1] INFO  server.RaftServerConfigKeys (ConfUtils.java:logGet(43)) - raft.server.sleep.deviation.threshold = 300 (default)
2019-10-15 10:17:49,307 [pool-149-thread-1] INFO  impl.RaftServerImpl (RaftServerImpl.java:<init>(95)) - 89ba96a8-01f6-4eff-81d6-f1c917046bcf: new RaftServerImpl for group-B0BE37076236:[89ba96a8-01f6-4eff-81d6-f1c917046bcf:192.168.69.65:44393, a626a13b-9fbf-45e4-ad69-b33ead2c725a:192.168.69.65:36802, 7ef9c21a-99e3-42fb-b6ea-bac56b4f4f52:192.168.69.65:35222] with ContainerStateMachine:uninitialized
2019-10-15 10:17:49,307 [pool-179-thread-1] INFO  server.RaftServerConfigKeys (ConfUtils.java:logGet(43)) - raft.server.log.appender.install.snapshot.enabled = false (custom)
2019-10-15 10:17:49,307 [pool-149-thread-1] INFO  server.RaftServerConfigKeys (ConfUtils.java:logGet(43)) - raft.server.rpc.timeout.min = 5s (custom)
2019-10-15 10:17:49,307 [pool-179-thread-1] INFO  impl.RaftServerImpl (ServerState.java:<init>(103)) - 7ef9c21a-99e3-42fb-b6ea-bac56b4f4f52@group-B0BE37076236: ConfigurationManager, init=-1: [89ba96a8-01f6-4eff-81d6-f1c917046bcf:192.168.69.65:44393, a626a13b-9fbf-45e4-ad69-b33ead2c725a:192.168.69.65:36802, 7ef9c21a-99e3-42fb-b6ea-bac56b4f4f52:192.168.69.65:35222], old=null, confs=<EMPTY_MAP>
2019-10-15 10:17:49,308 [pool-149-thread-1] INFO  server.RaftServerConfigKeys (ConfUtils.java:logGet(43)) - raft.server.rpc.timeout.max = 5200ms (custom)
2019-10-15 10:17:49,308 [pool-179-thread-1] INFO  server.RaftServerConfigKeys (ConfUtils.java:logGet(43)) - raft.server.storage.dir = [/workdir/hadoop-ozone/integration-test/target/test-dir/MiniOzoneClusterImpl-d2dc297f-df8e-434f-8420-d555204b07d2/datanode-6/data/ratis] (custom)
2019-10-15 10:17:49,308 [pool-149-thread-1] INFO  server.RaftServerConfigKeys (ConfUtils.java:logGet(43)) - raft.server.rpcslowness.timeout = 120s (custom)
2019-10-15 10:17:49,308 [pool-169-thread-1] INFO  impl.RaftServerImpl (RaftServerImpl.java:<init>(95)) - a626a13b-9fbf-45e4-ad69-b33ead2c725a: new RaftServerImpl for group-B0BE37076236:[89ba96a8-01f6-4eff-81d6-f1c917046bcf:192.168.69.65:44393, a626a13b-9fbf-45e4-ad69-b33ead2c725a:192.168.69.65:36802, 7ef9c21a-99e3-42fb-b6ea-bac56b4f4f52:192.168.69.65:35222] with ContainerStateMachine:uninitialized
2019-10-15 10:17:49,308 [pool-179-thread-1] INFO  server.RaftServerConfigKeys (ConfUtils.java:logGet(43)) - raft.server.log.corruption.policy = EXCEPTION (default)
2019-10-15 10:17:49,308 [pool-149-thread-1] INFO  server.RaftServerConfigKeys (ConfUtils.java:logGet(43)) - raft.server.sleep.deviation.threshold = 300 (default)
2019-10-15 10:17:49,308 [pool-169-thread-1] INFO  server.RaftServerConfigKeys (ConfUtils.java:logGet(43)) - raft.server.rpc.timeout.min = 5s (custom)
2019-10-15 10:17:49,308 [pool-149-thread-1] INFO  server.RaftServerConfigKeys (ConfUtils.java:logGet(43)) - raft.server.log.appender.install.snapshot.enabled = false (custom)
2019-10-15 10:17:49,308 [pool-179-thread-1] INFO  storage.RaftStorageDirectory (RaftStorageDirectory.java:analyzeStorage(246)) - The storage directory /workdir/hadoop-ozone/integration-test/target/test-dir/MiniOzoneClusterImpl-d2dc297f-df8e-434f-8420-d555204b07d2/datanode-6/data/ratis/d85e2853-c671-430b-bad9-b0be37076236 does not exist. Creating ...
2019-10-15 10:17:49,309 [pool-149-thread-1] INFO  impl.RaftServerImpl (ServerState.java:<init>(103)) - 89ba96a8-01f6-4eff-81d6-f1c917046bcf@group-B0BE37076236: ConfigurationManager, init=-1: [89ba96a8-01f6-4eff-81d6-f1c917046bcf:192.168.69.65:44393, a626a13b-9fbf-45e4-ad69-b33ead2c725a:192.168.69.65:36802, 7ef9c21a-99e3-42fb-b6ea-bac56b4f4f52:192.168.69.65:35222], old=null, confs=<EMPTY_MAP>
2019-10-15 10:17:49,309 [pool-169-thread-1] INFO  server.RaftServerConfigKeys (ConfUtils.java:logGet(43)) - raft.server.rpc.timeout.max = 5200ms (custom)
2019-10-15 10:17:49,309 [pool-149-thread-1] INFO  server.RaftServerConfigKeys (ConfUtils.java:logGet(43)) - raft.server.storage.dir = [/workdir/hadoop-ozone/integration-test/target/test-dir/MiniOzoneClusterImpl-d2dc297f-df8e-434f-8420-d555204b07d2/datanode-3/data/ratis] (custom)
2019-10-15 10:17:49,309 [pool-169-thread-1] INFO  server.RaftServerConfigKeys (ConfUtils.java:logGet(43)) - raft.server.rpcslowness.timeout = 120s (custom)
2019-10-15 10:17:49,309 [pool-169-thread-1] INFO  server.RaftServerConfigKeys (ConfUtils.java:logGet(43)) - raft.server.sleep.deviation.threshold = 300 (default)
2019-10-15 10:17:49,309 [pool-149-thread-1] INFO  server.RaftServerConfigKeys (ConfUtils.java:logGet(43)) - raft.server.log.corruption.policy = EXCEPTION (default)
2019-10-15 10:17:49,309 [pool-169-thread-1] INFO  server.RaftServerConfigKeys (ConfUtils.java:logGet(43)) - raft.server.log.appender.install.snapshot.enabled = false (custom)
2019-10-15 10:17:49,310 [pool-149-thread-1] INFO  storage.RaftStorageDirectory (RaftStorageDirectory.java:analyzeStorage(246)) - The storage directory /workdir/hadoop-ozone/integration-test/target/test-dir/MiniOzoneClusterImpl-d2dc297f-df8e-434f-8420-d555204b07d2/datanode-3/data/ratis/d85e2853-c671-430b-bad9-b0be37076236 does not exist. Creating ...
2019-10-15 10:17:49,310 [pool-169-thread-1] INFO  impl.RaftServerImpl (ServerState.java:<init>(103)) - a626a13b-9fbf-45e4-ad69-b33ead2c725a@group-B0BE37076236: ConfigurationManager, init=-1: [89ba96a8-01f6-4eff-81d6-f1c917046bcf:192.168.69.65:44393, a626a13b-9fbf-45e4-ad69-b33ead2c725a:192.168.69.65:36802, 7ef9c21a-99e3-42fb-b6ea-bac56b4f4f52:192.168.69.65:35222], old=null, confs=<EMPTY_MAP>
2019-10-15 10:17:49,310 [pool-169-thread-1] INFO  server.RaftServerConfigKeys (ConfUtils.java:logGet(43)) - raft.server.storage.dir = [/workdir/hadoop-ozone/integration-test/target/test-dir/MiniOzoneClusterImpl-d2dc297f-df8e-434f-8420-d555204b07d2/datanode-5/data/ratis] (custom)
2019-10-15 10:17:49,310 [pool-169-thread-1] INFO  server.RaftServerConfigKeys (ConfUtils.java:logGet(43)) - raft.server.log.corruption.policy = EXCEPTION (default)
2019-10-15 10:17:49,311 [pool-169-thread-1] INFO  storage.RaftStorageDirectory (RaftStorageDirectory.java:analyzeStorage(246)) - The storage directory /workdir/hadoop-ozone/integration-test/target/test-dir/MiniOzoneClusterImpl-d2dc297f-df8e-434f-8420-d555204b07d2/datanode-5/data/ratis/d85e2853-c671-430b-bad9-b0be37076236 does not exist. Creating ...
2019-10-15 10:17:49,333 [pool-149-thread-1] INFO  storage.RaftStorageDirectory (RaftStorageDirectory.java:tryLock(328)) - Lock on /workdir/hadoop-ozone/integration-test/target/test-dir/MiniOzoneClusterImpl-d2dc297f-df8e-434f-8420-d555204b07d2/datanode-3/data/ratis/d85e2853-c671-430b-bad9-b0be37076236/in_use.lock acquired by nodename 4553@dev-nightly-20191015-lc69l-4092513605
2019-10-15 10:17:49,333 [pool-169-thread-1] INFO  storage.RaftStorageDirectory (RaftStorageDirectory.java:tryLock(328)) - Lock on /workdir/hadoop-ozone/integration-test/target/test-dir/MiniOzoneClusterImpl-d2dc297f-df8e-434f-8420-d555204b07d2/datanode-5/data/ratis/d85e2853-c671-430b-bad9-b0be37076236/in_use.lock acquired by nodename 4553@dev-nightly-20191015-lc69l-4092513605
2019-10-15 10:17:49,333 [pool-179-thread-1] INFO  storage.RaftStorageDirectory (RaftStorageDirectory.java:tryLock(328)) - Lock on /workdir/hadoop-ozone/integration-test/target/test-dir/MiniOzoneClusterImpl-d2dc297f-df8e-434f-8420-d555204b07d2/datanode-6/data/ratis/d85e2853-c671-430b-bad9-b0be37076236/in_use.lock acquired by nodename 4553@dev-nightly-20191015-lc69l-4092513605
2019-10-15 10:17:49,347 [pool-149-thread-1] INFO  storage.RaftStorage (RaftStorage.java:format(84)) - Storage directory /workdir/hadoop-ozone/integration-test/target/test-dir/MiniOzoneClusterImpl-d2dc297f-df8e-434f-8420-d555204b07d2/datanode-3/data/ratis/d85e2853-c671-430b-bad9-b0be37076236 has been successfully formatted.
2019-10-15 10:17:49,347 [pool-179-thread-1] INFO  storage.RaftStorage (RaftStorage.java:format(84)) - Storage directory /workdir/hadoop-ozone/integration-test/target/test-dir/MiniOzoneClusterImpl-d2dc297f-df8e-434f-8420-d555204b07d2/datanode-6/data/ratis/d85e2853-c671-430b-bad9-b0be37076236 has been successfully formatted.
2019-10-15 10:17:49,347 [pool-169-thread-1] INFO  storage.RaftStorage (RaftStorage.java:format(84)) - Storage directory /workdir/hadoop-ozone/integration-test/target/test-dir/MiniOzoneClusterImpl-d2dc297f-df8e-434f-8420-d555204b07d2/datanode-5/data/ratis/d85e2853-c671-430b-bad9-b0be37076236 has been successfully formatted.
2019-10-15 10:17:49,348 [pool-149-thread-1] INFO  ratis.ContainerStateMachine (ContainerStateMachine.java:loadSnapshot(231)) - group-B0BE37076236: The snapshot info is null. Setting the last applied indexto:(t:0, i:~)
2019-10-15 10:17:49,348 [pool-179-thread-1] INFO  ratis.ContainerStateMachine (ContainerStateMachine.java:loadSnapshot(231)) - group-B0BE37076236: The snapshot info is null. Setting the last applied indexto:(t:0, i:~)
2019-10-15 10:17:49,348 [pool-149-thread-1] INFO  server.RaftServerConfigKeys (ConfUtils.java:logGet(43)) - raft.server.notification.no-leader.timeout = 120s (custom)
2019-10-15 10:17:49,348 [pool-169-thread-1] INFO  ratis.ContainerStateMachine (ContainerStateMachine.java:loadSnapshot(231)) - group-B0BE37076236: The snapshot info is null. Setting the last applied indexto:(t:0, i:~)
2019-10-15 10:17:49,348 [pool-149-thread-1] INFO  server.RaftServerConfigKeys (ConfUtils.java:logGet(43)) - raft.server.log.use.memory = false (default)
2019-10-15 10:17:49,348 [pool-179-thread-1] INFO  server.RaftServerConfigKeys (ConfUtils.java:logGet(43)) - raft.server.notification.no-leader.timeout = 120s (custom)
2019-10-15 10:17:49,349 [pool-149-thread-1] INFO  server.RaftServerConfigKeys (ConfUtils.java:logGet(43)) - raft.server.log.purge.gap = 1000000 (custom)
2019-10-15 10:17:49,349 [pool-169-thread-1] INFO  server.RaftServerConfigKeys (ConfUtils.java:logGet(43)) - raft.server.notification.no-leader.timeout = 120s (custom)
2019-10-15 10:17:49,349 [pool-149-thread-1] INFO  server.RaftServerConfigKeys (ConfUtils.java:logGet(43)) - raft.server.log.appender.buffer.byte-limit = 33554432 (custom)
2019-10-15 10:17:49,349 [pool-179-thread-1] INFO  server.RaftServerConfigKeys (ConfUtils.java:logGet(43)) - raft.server.log.use.memory = false (default)
2019-10-15 10:17:49,349 [pool-149-thread-1] INFO  server.RaftServerConfigKeys (ConfUtils.java:logGet(43)) - raft.server.log.segment.size.max = 1048576 (custom)
2019-10-15 10:17:49,349 [pool-169-thread-1] INFO  server.RaftServerConfigKeys (ConfUtils.java:logGet(43)) - raft.server.log.use.memory = false (default)
2019-10-15 10:17:49,349 [pool-149-thread-1] INFO  server.RaftServerConfigKeys (ConfUtils.java:logGet(43)) - raft.server.log.segment.cache.num.max = 2 (custom)
2019-10-15 10:17:49,349 [pool-179-thread-1] INFO  server.RaftServerConfigKeys (ConfUtils.java:logGet(43)) - raft.server.log.purge.gap = 1000000 (custom)
2019-10-15 10:17:49,350 [pool-149-thread-1] INFO  segmented.SegmentedRaftLogWorker (SegmentedRaftLogWorker.java:<init>(173)) - new 89ba96a8-01f6-4eff-81d6-f1c917046bcf@group-B0BE37076236-SegmentedRaftLogWorker for RaftStorage:Storage Directory /workdir/hadoop-ozone/integration-test/target/test-dir/MiniOzoneClusterImpl-d2dc297f-df8e-434f-8420-d555204b07d2/datanode-3/data/ratis/d85e2853-c671-430b-bad9-b0be37076236
2019-10-15 10:17:49,349 [pool-169-thread-1] INFO  server.RaftServerConfigKeys (ConfUtils.java:logGet(43)) - raft.server.log.purge.gap = 1000000 (custom)
2019-10-15 10:17:49,350 [pool-149-thread-1] INFO  server.RaftServerConfigKeys (ConfUtils.java:logGet(43)) - raft.server.log.queue.byte-limit = 2147483647 (custom)
2019-10-15 10:17:49,350 [pool-179-thread-1] INFO  server.RaftServerConfigKeys (ConfUtils.java:logGet(43)) - raft.server.log.appender.buffer.byte-limit = 33554432 (custom)
2019-10-15 10:17:49,350 [pool-149-thread-1] INFO  server.RaftServerConfigKeys (ConfUtils.java:logGet(43)) - raft.server.log.queue.element-limit = 1024 (custom)
2019-10-15 10:17:49,350 [pool-169-thread-1] INFO  server.RaftServerConfigKeys (ConfUtils.java:logGet(43)) - raft.server.log.appender.buffer.byte-limit = 33554432 (custom)
2019-10-15 10:17:49,350 [pool-149-thread-1] INFO  server.RaftServerConfigKeys (ConfUtils.java:logGet(43)) - raft.server.log.segment.size.max = 1048576 (custom)
2019-10-15 10:17:49,350 [pool-179-thread-1] INFO  server.RaftServerConfigKeys (ConfUtils.java:logGet(43)) - raft.server.log.segment.size.max = 1048576 (custom)
2019-10-15 10:17:49,350 [pool-149-thread-1] INFO  server.RaftServerConfigKeys (ConfUtils.java:logGet(43)) - raft.server.log.preallocated.size = 16384 (custom)
2019-10-15 10:17:49,350 [pool-169-thread-1] INFO  server.RaftServerConfigKeys (ConfUtils.java:logGet(43)) - raft.server.log.segment.size.max = 1048576 (custom)
2019-10-15 10:17:49,351 [pool-149-thread-1] INFO  server.RaftServerConfigKeys (ConfUtils.java:logGet(43)) - raft.server.log.write.buffer.size = 33554432 (custom)
2019-10-15 10:17:49,351 [pool-179-thread-1] INFO  server.RaftServerConfigKeys (ConfUtils.java:logGet(43)) - raft.server.log.segment.cache.num.max = 2 (custom)
2019-10-15 10:17:49,351 [pool-149-thread-1] INFO  server.RaftServerConfigKeys (ConfUtils.java:logGet(43)) - raft.server.log.force.sync.num = 128 (default)
2019-10-15 10:17:49,351 [pool-169-thread-1] INFO  server.RaftServerConfigKeys (ConfUtils.java:logGet(43)) - raft.server.log.segment.cache.num.max = 2 (custom)
2019-10-15 10:17:49,351 [pool-149-thread-1] INFO  server.RaftServerConfigKeys (ConfUtils.java:logGet(43)) - raft.server.log.statemachine.data.sync = true (default)
2019-10-15 10:17:49,351 [pool-179-thread-1] INFO  segmented.SegmentedRaftLogWorker (SegmentedRaftLogWorker.java:<init>(173)) - new 7ef9c21a-99e3-42fb-b6ea-bac56b4f4f52@group-B0BE37076236-SegmentedRaftLogWorker for RaftStorage:Storage Directory /workdir/hadoop-ozone/integration-test/target/test-dir/MiniOzoneClusterImpl-d2dc297f-df8e-434f-8420-d555204b07d2/datanode-6/data/ratis/d85e2853-c671-430b-bad9-b0be37076236
2019-10-15 10:17:49,351 [pool-149-thread-1] INFO  server.RaftServerConfigKeys (ConfUtils.java:logGet(43)) - raft.server.log.statemachine.data.sync.timeout = 10s (default)
2019-10-15 10:17:49,351 [pool-169-thread-1] INFO  segmented.SegmentedRaftLogWorker (SegmentedRaftLogWorker.java:<init>(173)) - new a626a13b-9fbf-45e4-ad69-b33ead2c725a@group-B0BE37076236-SegmentedRaftLogWorker for RaftStorage:Storage Directory /workdir/hadoop-ozone/integration-test/target/test-dir/MiniOzoneClusterImpl-d2dc297f-df8e-434f-8420-d555204b07d2/datanode-5/data/ratis/d85e2853-c671-430b-bad9-b0be37076236
2019-10-15 10:17:49,352 [pool-149-thread-1] INFO  server.RaftServerConfigKeys (ConfUtils.java:logGet(43)) - raft.server.log.statemachine.data.sync.timeout.retry = -1 (default)
2019-10-15 10:17:49,352 [pool-179-thread-1] INFO  server.RaftServerConfigKeys (ConfUtils.java:logGet(43)) - raft.server.log.queue.byte-limit = 2147483647 (custom)
2019-10-15 10:17:49,352 [pool-169-thread-1] INFO  server.RaftServerConfigKeys (ConfUtils.java:logGet(43)) - raft.server.log.queue.byte-limit = 2147483647 (custom)
2019-10-15 10:17:49,352 [pool-179-thread-1] INFO  server.RaftServerConfigKeys (ConfUtils.java:logGet(43)) - raft.server.log.queue.element-limit = 1024 (custom)
2019-10-15 10:17:49,352 [pool-169-thread-1] INFO  server.RaftServerConfigKeys (ConfUtils.java:logGet(43)) - raft.server.log.queue.element-limit = 1024 (custom)
2019-10-15 10:17:49,352 [pool-149-thread-1] INFO  server.RaftServerConfigKeys (ConfUtils.java:logGet(43)) - raft.server.log.statemachine.data.caching.enabled = true (custom)
2019-10-15 10:17:49,352 [pool-169-thread-1] INFO  server.RaftServerConfigKeys (ConfUtils.java:logGet(43)) - raft.server.log.segment.size.max = 1048576 (custom)
2019-10-15 10:17:49,352 [pool-179-thread-1] INFO  server.RaftServerConfigKeys (ConfUtils.java:logGet(43)) - raft.server.log.segment.size.max = 1048576 (custom)
2019-10-15 10:17:49,353 [pool-149-thread-1] INFO  segmented.SegmentedRaftLogWorker (SegmentedRaftLogWorker.java:lambda$new$0(128)) - 89ba96a8-01f6-4eff-81d6-f1c917046bcf@group-B0BE37076236-SegmentedRaftLogWorker: flushIndex: setUnconditionally 0 -> -1
2019-10-15 10:17:49,353 [pool-169-thread-1] INFO  server.RaftServerConfigKeys (ConfUtils.java:logGet(43)) - raft.server.log.preallocated.size = 16384 (custom)
2019-10-15 10:17:49,353 [pool-179-thread-1] INFO  server.RaftServerConfigKeys (ConfUtils.java:logGet(43)) - raft.server.log.preallocated.size = 16384 (custom)
2019-10-15 10:17:49,353 [pool-149-thread-1] INFO  server.RaftServerConfigKeys (ConfUtils.java:logGet(43)) - raft.server.snapshot.auto.trigger.enabled = true (custom)
2019-10-15 10:17:49,353 [pool-169-thread-1] INFO  server.RaftServerConfigKeys (ConfUtils.java:logGet(43)) - raft.server.log.write.buffer.size = 33554432 (custom)
2019-10-15 10:17:49,353 [pool-149-thread-1] INFO  server.RaftServerConfigKeys (ConfUtils.java:logGet(43)) - raft.server.snapshot.auto.trigger.threshold = 10000 (custom)
2019-10-15 10:17:49,353 [pool-179-thread-1] INFO  server.RaftServerConfigKeys (ConfUtils.java:logGet(43)) - raft.server.log.write.buffer.size = 33554432 (custom)
2019-10-15 10:17:49,354 [pool-149-thread-1] INFO  server.RaftServerConfigKeys (ConfUtils.java:logGet(43)) - raft.server.snapshot.retention.file.num = 5 (custom)
2019-10-15 10:17:49,353 [pool-169-thread-1] INFO  server.RaftServerConfigKeys (ConfUtils.java:logGet(43)) - raft.server.log.force.sync.num = 128 (default)
2019-10-15 10:17:49,354 [pool-149-thread-1] INFO  server.RaftServerConfigKeys (ConfUtils.java:logGet(43)) - raft.server.retrycache.expirytime = 600000ms (custom)
2019-10-15 10:17:49,354 [pool-179-thread-1] INFO  server.RaftServerConfigKeys (ConfUtils.java:logGet(43)) - raft.server.log.force.sync.num = 128 (default)
2019-10-15 10:17:49,354 [pool-169-thread-1] INFO  server.RaftServerConfigKeys (ConfUtils.java:logGet(43)) - raft.server.log.statemachine.data.sync = true (default)
2019-10-15 10:17:49,354 [pool-179-thread-1] INFO  server.RaftServerConfigKeys (ConfUtils.java:logGet(43)) - raft.server.log.statemachine.data.sync = true (default)
2019-10-15 10:17:49,354 [pool-169-thread-1] INFO  server.RaftServerConfigKeys (ConfUtils.java:logGet(43)) - raft.server.log.statemachine.data.sync.timeout = 10s (default)
2019-10-15 10:17:49,354 [pool-179-thread-1] INFO  server.RaftServerConfigKeys (ConfUtils.java:logGet(43)) - raft.server.log.statemachine.data.sync.timeout = 10s (default)
2019-10-15 10:17:49,355 [pool-169-thread-1] INFO  server.RaftServerConfigKeys (ConfUtils.java:logGet(43)) - raft.server.log.statemachine.data.sync.timeout.retry = -1 (default)
2019-10-15 10:17:49,355 [pool-179-thread-1] INFO  server.RaftServerConfigKeys (ConfUtils.java:logGet(43)) - raft.server.log.statemachine.data.sync.timeout.retry = -1 (default)
2019-10-15 10:17:49,355 [pool-169-thread-1] INFO  server.RaftServerConfigKeys (ConfUtils.java:logGet(43)) - raft.server.log.statemachine.data.caching.enabled = true (custom)
2019-10-15 10:17:49,355 [pool-179-thread-1] INFO  server.RaftServerConfigKeys (ConfUtils.java:logGet(43)) - raft.server.log.statemachine.data.caching.enabled = true (custom)
2019-10-15 10:17:49,355 [pool-169-thread-1] INFO  segmented.SegmentedRaftLogWorker (SegmentedRaftLogWorker.java:lambda$new$0(128)) - a626a13b-9fbf-45e4-ad69-b33ead2c725a@group-B0BE37076236-SegmentedRaftLogWorker: flushIndex: setUnconditionally 0 -> -1
2019-10-15 10:17:49,355 [pool-179-thread-1] INFO  segmented.SegmentedRaftLogWorker (SegmentedRaftLogWorker.java:lambda$new$0(128)) - 7ef9c21a-99e3-42fb-b6ea-bac56b4f4f52@group-B0BE37076236-SegmentedRaftLogWorker: flushIndex: setUnconditionally 0 -> -1
2019-10-15 10:17:49,356 [pool-169-thread-1] INFO  server.RaftServerConfigKeys (ConfUtils.java:logGet(43)) - raft.server.snapshot.auto.trigger.enabled = true (custom)
2019-10-15 10:17:49,356 [pool-169-thread-1] INFO  server.RaftServerConfigKeys (ConfUtils.java:logGet(43)) - raft.server.snapshot.auto.trigger.threshold = 10000 (custom)
2019-10-15 10:17:49,356 [pool-179-thread-1] INFO  server.RaftServerConfigKeys (ConfUtils.java:logGet(43)) - raft.server.snapshot.auto.trigger.enabled = true (custom)
2019-10-15 10:17:49,356 [pool-169-thread-1] INFO  server.RaftServerConfigKeys (ConfUtils.java:logGet(43)) - raft.server.snapshot.retention.file.num = 5 (custom)
2019-10-15 10:17:49,356 [pool-179-thread-1] INFO  server.RaftServerConfigKeys (ConfUtils.java:logGet(43)) - raft.server.snapshot.auto.trigger.threshold = 10000 (custom)
2019-10-15 10:17:49,356 [pool-169-thread-1] INFO  server.RaftServerConfigKeys (ConfUtils.java:logGet(43)) - raft.server.retrycache.expirytime = 600000ms (custom)
2019-10-15 10:17:49,356 [pool-179-thread-1] INFO  server.RaftServerConfigKeys (ConfUtils.java:logGet(43)) - raft.server.snapshot.retention.file.num = 5 (custom)
2019-10-15 10:17:49,356 [pool-179-thread-1] INFO  server.RaftServerConfigKeys (ConfUtils.java:logGet(43)) - raft.server.retrycache.expirytime = 600000ms (custom)
2019-10-15 10:17:49,356 [pool-149-thread-1] INFO  impl.RaftServerImpl (RaftServerImpl.java:start(181)) - 89ba96a8-01f6-4eff-81d6-f1c917046bcf@group-B0BE37076236: start as a follower, conf=-1: [89ba96a8-01f6-4eff-81d6-f1c917046bcf:192.168.69.65:44393, a626a13b-9fbf-45e4-ad69-b33ead2c725a:192.168.69.65:36802, 7ef9c21a-99e3-42fb-b6ea-bac56b4f4f52:192.168.69.65:35222], old=null
2019-10-15 10:17:49,357 [pool-149-thread-1] INFO  impl.RaftServerImpl (RaftServerImpl.java:setRole(170)) - 89ba96a8-01f6-4eff-81d6-f1c917046bcf@group-B0BE37076236: changes role from      null to FOLLOWER at term 0 for startAsFollower
2019-10-15 10:17:49,357 [pool-149-thread-1] INFO  impl.RoleInfo (RoleInfo.java:updateAndGet(143)) - 89ba96a8-01f6-4eff-81d6-f1c917046bcf: start FollowerState
2019-10-15 10:17:49,357 [pool-149-thread-1] INFO  util.JmxRegister (JmxRegister.java:tryRegister(44)) - Successfully registered JMX Bean with object name Ratis:service=RaftServer,group=group-B0BE37076236,id=89ba96a8-01f6-4eff-81d6-f1c917046bcf
2019-10-15 10:17:49,359 [pool-169-thread-1] INFO  impl.RaftServerImpl (RaftServerImpl.java:start(181)) - a626a13b-9fbf-45e4-ad69-b33ead2c725a@group-B0BE37076236: start as a follower, conf=-1: [89ba96a8-01f6-4eff-81d6-f1c917046bcf:192.168.69.65:44393, a626a13b-9fbf-45e4-ad69-b33ead2c725a:192.168.69.65:36802, 7ef9c21a-99e3-42fb-b6ea-bac56b4f4f52:192.168.69.65:35222], old=null
2019-10-15 10:17:49,360 [pool-169-thread-1] INFO  impl.RaftServerImpl (RaftServerImpl.java:setRole(170)) - a626a13b-9fbf-45e4-ad69-b33ead2c725a@group-B0BE37076236: changes role from      null to FOLLOWER at term 0 for startAsFollower
2019-10-15 10:17:49,360 [pool-169-thread-1] INFO  impl.RoleInfo (RoleInfo.java:updateAndGet(143)) - a626a13b-9fbf-45e4-ad69-b33ead2c725a: start FollowerState
2019-10-15 10:17:49,360 [pool-179-thread-1] INFO  impl.RaftServerImpl (RaftServerImpl.java:start(181)) - 7ef9c21a-99e3-42fb-b6ea-bac56b4f4f52@group-B0BE37076236: start as a follower, conf=-1: [89ba96a8-01f6-4eff-81d6-f1c917046bcf:192.168.69.65:44393, a626a13b-9fbf-45e4-ad69-b33ead2c725a:192.168.69.65:36802, 7ef9c21a-99e3-42fb-b6ea-bac56b4f4f52:192.168.69.65:35222], old=null
2019-10-15 10:17:49,360 [pool-169-thread-1] INFO  util.JmxRegister (JmxRegister.java:tryRegister(44)) - Successfully registered JMX Bean with object name Ratis:service=RaftServer,group=group-B0BE37076236,id=a626a13b-9fbf-45e4-ad69-b33ead2c725a
2019-10-15 10:17:49,360 [pool-179-thread-1] INFO  impl.RaftServerImpl (RaftServerImpl.java:setRole(170)) - 7ef9c21a-99e3-42fb-b6ea-bac56b4f4f52@group-B0BE37076236: changes role from      null to FOLLOWER at term 0 for startAsFollower
2019-10-15 10:17:49,360 [pool-179-thread-1] INFO  impl.RoleInfo (RoleInfo.java:updateAndGet(143)) - 7ef9c21a-99e3-42fb-b6ea-bac56b4f4f52: start FollowerState
2019-10-15 10:17:49,361 [pool-179-thread-1] INFO  util.JmxRegister (JmxRegister.java:tryRegister(44)) - Successfully registered JMX Bean with object name Ratis:service=RaftServer,group=group-B0BE37076236,id=7ef9c21a-99e3-42fb-b6ea-bac56b4f4f52
2019-10-15 10:17:49,367 [RatisPipelineUtilsThread] INFO  pipeline.PipelineStateManager (PipelineStateManager.java:addPipeline(56)) - Created pipeline Pipeline[ Id: d85e2853-c671-430b-bad9-b0be37076236, Nodes: a626a13b-9fbf-45e4-ad69-b33ead2c725a{ip: 192.168.69.65, host: dev-nightly-20191015-lc69l-4092513605, networkLocation: /default-rack, certSerialId: null}7ef9c21a-99e3-42fb-b6ea-bac56b4f4f52{ip: 192.168.69.65, host: dev-nightly-20191015-lc69l-4092513605, networkLocation: /default-rack, certSerialId: null}89ba96a8-01f6-4eff-81d6-f1c917046bcf{ip: 192.168.69.65, host: dev-nightly-20191015-lc69l-4092513605, networkLocation: /default-rack, certSerialId: null}, Type:RATIS, Factor:THREE, State:OPEN]
2019-10-15 10:17:49,976 [main] INFO  ozone.MiniOzoneClusterImpl (MiniOzoneClusterImpl.java:lambda$waitForClusterToBeReady$0(147)) - Cluster is ready. Got 7 of 7 DN Heartbeats.
2019-10-15 10:17:50,011 [main] INFO  rpc.RpcClient (RpcClient.java:createVolume(272)) - Creating Volume: testblockoutputstreamwithretries, with jenkins1000 as owner.
2019-10-15 10:17:50,015 [IPC Server handler 2 on 39541] INFO  volume.OMVolumeCreateRequest (OMVolumeCreateRequest.java:validateAndUpdateCache(193)) - created volume:testblockoutputstreamwithretries for user:jenkins1000
2019-10-15 10:17:50,030 [main] INFO  rpc.RpcClient (RpcClient.java:createBucket(411)) - Creating Bucket: testblockoutputstreamwithretries/testblockoutputstreamwithretries, with Versioning false and Storage Type set to DISK and Encryption set to false 
2019-10-15 10:17:51,528 [Thread-694] INFO  container.ReplicationManager (ReplicationManager.java:start(162)) - Starting Replication Monitor Thread.
2019-10-15 10:17:51,531 [ReplicationMonitor] INFO  container.ReplicationManager (ReplicationManager.java:run(225)) - Replication Monitor Thread took 0 milliseconds for processing 3 containers.
2019-10-15 10:17:53,646 [Thread-699] INFO  impl.FollowerState (FollowerState.java:run(108)) - 99ab3c4c-c7dc-4c5d-a12b-23e9a64d5290@group-7CAACF76A9E0-FollowerState: change to CANDIDATE, lastRpcTime:5003ms, electionTimeout:5003ms
2019-10-15 10:17:53,646 [Thread-699] INFO  impl.RoleInfo (RoleInfo.java:shutdownFollowerState(121)) - 99ab3c4c-c7dc-4c5d-a12b-23e9a64d5290: shutdown FollowerState
2019-10-15 10:17:53,646 [Thread-699] INFO  impl.RaftServerImpl (RaftServerImpl.java:setRole(170)) - 99ab3c4c-c7dc-4c5d-a12b-23e9a64d5290@group-7CAACF76A9E0: changes role from  FOLLOWER to CANDIDATE at term 0 for changeToCandidate
2019-10-15 10:17:53,647 [Thread-699] INFO  impl.RoleInfo (RoleInfo.java:updateAndGet(143)) - 99ab3c4c-c7dc-4c5d-a12b-23e9a64d5290: start LeaderElection
2019-10-15 10:17:53,681 [99ab3c4c-c7dc-4c5d-a12b-23e9a64d5290@group-7CAACF76A9E0-LeaderElection16] INFO  impl.LeaderElection (LeaderElection.java:askForVotes(178)) - 99ab3c4c-c7dc-4c5d-a12b-23e9a64d5290@group-7CAACF76A9E0-LeaderElection16: begin an election at term 1 for -1: [99ab3c4c-c7dc-4c5d-a12b-23e9a64d5290:192.168.69.65:38363], old=null
2019-10-15 10:17:53,681 [99ab3c4c-c7dc-4c5d-a12b-23e9a64d5290@group-7CAACF76A9E0-LeaderElection16] INFO  impl.RoleInfo (RoleInfo.java:shutdownLeaderElection(134)) - 99ab3c4c-c7dc-4c5d-a12b-23e9a64d5290: shutdown LeaderElection
2019-10-15 10:17:53,681 [99ab3c4c-c7dc-4c5d-a12b-23e9a64d5290@group-7CAACF76A9E0-LeaderElection16] INFO  impl.RaftServerImpl (RaftServerImpl.java:setRole(170)) - 99ab3c4c-c7dc-4c5d-a12b-23e9a64d5290@group-7CAACF76A9E0: changes role from CANDIDATE to LEADER at term 1 for changeToLeader
2019-10-15 10:17:53,681 [99ab3c4c-c7dc-4c5d-a12b-23e9a64d5290@group-7CAACF76A9E0-LeaderElection16] INFO  impl.RaftServerImpl (ServerState.java:setLeader(255)) - 99ab3c4c-c7dc-4c5d-a12b-23e9a64d5290@group-7CAACF76A9E0: change Leader from null to 99ab3c4c-c7dc-4c5d-a12b-23e9a64d5290 at term 1 for becomeLeader, leader elected after 5047ms
2019-10-15 10:17:53,683 [99ab3c4c-c7dc-4c5d-a12b-23e9a64d5290@group-7CAACF76A9E0-LeaderElection16] INFO  server.RaftServerConfigKeys (ConfUtils.java:logGet(43)) - raft.server.staging.catchup.gap = 1000 (default)
2019-10-15 10:17:53,683 [99ab3c4c-c7dc-4c5d-a12b-23e9a64d5290@group-7CAACF76A9E0-LeaderElection16] INFO  server.RaftServerConfigKeys (ConfUtils.java:logGet(43)) - raft.server.rpc.sleep.time = 25ms (default)
2019-10-15 10:17:53,683 [99ab3c4c-c7dc-4c5d-a12b-23e9a64d5290@group-7CAACF76A9E0-LeaderElection16] INFO  server.RaftServerConfigKeys (ConfUtils.java:logGet(43)) - raft.server.write.element-limit = 4096 (default)
2019-10-15 10:17:53,684 [99ab3c4c-c7dc-4c5d-a12b-23e9a64d5290@group-7CAACF76A9E0-LeaderElection16] INFO  server.RaftServerConfigKeys (ConfUtils.java:logGet(43)) - raft.server.watch.timeout = 10s (default)
2019-10-15 10:17:53,684 [99ab3c4c-c7dc-4c5d-a12b-23e9a64d5290@group-7CAACF76A9E0-LeaderElection16] INFO  server.RaftServerConfigKeys (ConfUtils.java:logGet(43)) - raft.server.watch.timeout.denomination = 1s (default)
2019-10-15 10:17:53,684 [99ab3c4c-c7dc-4c5d-a12b-23e9a64d5290@group-7CAACF76A9E0-LeaderElection16] INFO  server.RaftServerConfigKeys (ConfUtils.java:logGet(43)) - raft.server.watch.element-limit = 65536 (default)
2019-10-15 10:17:53,686 [99ab3c4c-c7dc-4c5d-a12b-23e9a64d5290@group-7CAACF76A9E0-LeaderElection16] INFO  impl.RoleInfo (RoleInfo.java:updateAndGet(143)) - 99ab3c4c-c7dc-4c5d-a12b-23e9a64d5290: start LeaderState
2019-10-15 10:17:53,686 [99ab3c4c-c7dc-4c5d-a12b-23e9a64d5290@group-7CAACF76A9E0-LeaderElection16] INFO  segmented.SegmentedRaftLogWorker (SegmentedRaftLogWorker.java:startLogSegment(385)) - 99ab3c4c-c7dc-4c5d-a12b-23e9a64d5290@group-7CAACF76A9E0-SegmentedRaftLogWorker: Starting segment from index:0
2019-10-15 10:17:53,687 [99ab3c4c-c7dc-4c5d-a12b-23e9a64d5290@group-7CAACF76A9E0-LeaderElection16] INFO  impl.RaftServerImpl (ServerState.java:setRaftConf(356)) - 99ab3c4c-c7dc-4c5d-a12b-23e9a64d5290@group-7CAACF76A9E0: set configuration 0: [99ab3c4c-c7dc-4c5d-a12b-23e9a64d5290:192.168.69.65:38363], old=null at 0
2019-10-15 10:17:53,723 [99ab3c4c-c7dc-4c5d-a12b-23e9a64d5290@group-7CAACF76A9E0-SegmentedRaftLogWorker] INFO  segmented.SegmentedRaftLogWorker (SegmentedRaftLogWorker.java:execute(574)) - 99ab3c4c-c7dc-4c5d-a12b-23e9a64d5290@group-7CAACF76A9E0-SegmentedRaftLogWorker: created new log segment /workdir/hadoop-ozone/integration-test/target/test-dir/MiniOzoneClusterImpl-d2dc297f-df8e-434f-8420-d555204b07d2/datanode-1/data/ratis/db4e40e9-31e5-457b-b7c4-7caacf76a9e0/current/log_inprogress_0
2019-10-15 10:17:53,733 [Thread-696] INFO  impl.FollowerState (FollowerState.java:run(108)) - 0f7b2390-6b01-4aa9-9793-f543095052b0@group-86BD85AE461F-FollowerState: change to CANDIDATE, lastRpcTime:5144ms, electionTimeout:5144ms
2019-10-15 10:17:53,733 [Thread-696] INFO  impl.RoleInfo (RoleInfo.java:shutdownFollowerState(121)) - 0f7b2390-6b01-4aa9-9793-f543095052b0: shutdown FollowerState
2019-10-15 10:17:53,733 [Thread-696] INFO  impl.RaftServerImpl (RaftServerImpl.java:setRole(170)) - 0f7b2390-6b01-4aa9-9793-f543095052b0@group-86BD85AE461F: changes role from  FOLLOWER to CANDIDATE at term 0 for changeToCandidate
2019-10-15 10:17:53,733 [Thread-696] INFO  impl.RoleInfo (RoleInfo.java:updateAndGet(143)) - 0f7b2390-6b01-4aa9-9793-f543095052b0: start LeaderElection
2019-10-15 10:17:53,749 [0f7b2390-6b01-4aa9-9793-f543095052b0@group-86BD85AE461F-LeaderElection17] INFO  impl.LeaderElection (LeaderElection.java:askForVotes(178)) - 0f7b2390-6b01-4aa9-9793-f543095052b0@group-86BD85AE461F-LeaderElection17: begin an election at term 1 for -1: [0f7b2390-6b01-4aa9-9793-f543095052b0:192.168.69.65:41530], old=null
2019-10-15 10:17:53,749 [0f7b2390-6b01-4aa9-9793-f543095052b0@group-86BD85AE461F-LeaderElection17] INFO  impl.RoleInfo (RoleInfo.java:shutdownLeaderElection(134)) - 0f7b2390-6b01-4aa9-9793-f543095052b0: shutdown LeaderElection
2019-10-15 10:17:53,749 [0f7b2390-6b01-4aa9-9793-f543095052b0@group-86BD85AE461F-LeaderElection17] INFO  impl.RaftServerImpl (RaftServerImpl.java:setRole(170)) - 0f7b2390-6b01-4aa9-9793-f543095052b0@group-86BD85AE461F: changes role from CANDIDATE to LEADER at term 1 for changeToLeader
2019-10-15 10:17:53,749 [0f7b2390-6b01-4aa9-9793-f543095052b0@group-86BD85AE461F-LeaderElection17] INFO  impl.RaftServerImpl (ServerState.java:setLeader(255)) - 0f7b2390-6b01-4aa9-9793-f543095052b0@group-86BD85AE461F: change Leader from null to 0f7b2390-6b01-4aa9-9793-f543095052b0 at term 1 for becomeLeader, leader elected after 5170ms
2019-10-15 10:17:53,750 [0f7b2390-6b01-4aa9-9793-f543095052b0@group-86BD85AE461F-LeaderElection17] INFO  server.RaftServerConfigKeys (ConfUtils.java:logGet(43)) - raft.server.staging.catchup.gap = 1000 (default)
2019-10-15 10:17:53,750 [0f7b2390-6b01-4aa9-9793-f543095052b0@group-86BD85AE461F-LeaderElection17] INFO  server.RaftServerConfigKeys (ConfUtils.java:logGet(43)) - raft.server.rpc.sleep.time = 25ms (default)
2019-10-15 10:17:53,751 [0f7b2390-6b01-4aa9-9793-f543095052b0@group-86BD85AE461F-LeaderElection17] INFO  server.RaftServerConfigKeys (ConfUtils.java:logGet(43)) - raft.server.write.element-limit = 4096 (default)
2019-10-15 10:17:53,751 [0f7b2390-6b01-4aa9-9793-f543095052b0@group-86BD85AE461F-LeaderElection17] INFO  server.RaftServerConfigKeys (ConfUtils.java:logGet(43)) - raft.server.watch.timeout = 10s (default)
2019-10-15 10:17:53,751 [0f7b2390-6b01-4aa9-9793-f543095052b0@group-86BD85AE461F-LeaderElection17] INFO  server.RaftServerConfigKeys (ConfUtils.java:logGet(43)) - raft.server.watch.timeout.denomination = 1s (default)
2019-10-15 10:17:53,751 [0f7b2390-6b01-4aa9-9793-f543095052b0@group-86BD85AE461F-LeaderElection17] INFO  server.RaftServerConfigKeys (ConfUtils.java:logGet(43)) - raft.server.watch.element-limit = 65536 (default)
2019-10-15 10:17:53,753 [0f7b2390-6b01-4aa9-9793-f543095052b0@group-86BD85AE461F-LeaderElection17] INFO  impl.RoleInfo (RoleInfo.java:updateAndGet(143)) - 0f7b2390-6b01-4aa9-9793-f543095052b0: start LeaderState
2019-10-15 10:17:53,753 [0f7b2390-6b01-4aa9-9793-f543095052b0@group-86BD85AE461F-LeaderElection17] INFO  segmented.SegmentedRaftLogWorker (SegmentedRaftLogWorker.java:startLogSegment(385)) - 0f7b2390-6b01-4aa9-9793-f543095052b0@group-86BD85AE461F-SegmentedRaftLogWorker: Starting segment from index:0
2019-10-15 10:17:53,754 [0f7b2390-6b01-4aa9-9793-f543095052b0@group-86BD85AE461F-LeaderElection17] INFO  impl.RaftServerImpl (ServerState.java:setRaftConf(356)) - 0f7b2390-6b01-4aa9-9793-f543095052b0@group-86BD85AE461F: set configuration 0: [0f7b2390-6b01-4aa9-9793-f543095052b0:192.168.69.65:41530], old=null at 0
2019-10-15 10:17:53,803 [0f7b2390-6b01-4aa9-9793-f543095052b0@group-86BD85AE461F-SegmentedRaftLogWorker] INFO  segmented.SegmentedRaftLogWorker (SegmentedRaftLogWorker.java:execute(574)) - 0f7b2390-6b01-4aa9-9793-f543095052b0@group-86BD85AE461F-SegmentedRaftLogWorker: created new log segment /workdir/hadoop-ozone/integration-test/target/test-dir/MiniOzoneClusterImpl-d2dc297f-df8e-434f-8420-d555204b07d2/datanode-0/data/ratis/e371c8dc-163b-49a6-b3d1-86bd85ae461f/current/log_inprogress_0
2019-10-15 10:17:53,841 [Thread-707] INFO  impl.FollowerState (FollowerState.java:run(108)) - 99ab3c4c-c7dc-4c5d-a12b-23e9a64d5290@group-51EE12963047-FollowerState: change to CANDIDATE, lastRpcTime:5050ms, electionTimeout:5050ms
2019-10-15 10:17:53,841 [Thread-707] INFO  impl.RoleInfo (RoleInfo.java:shutdownFollowerState(121)) - 99ab3c4c-c7dc-4c5d-a12b-23e9a64d5290: shutdown FollowerState
2019-10-15 10:17:53,841 [Thread-707] INFO  impl.RaftServerImpl (RaftServerImpl.java:setRole(170)) - 99ab3c4c-c7dc-4c5d-a12b-23e9a64d5290@group-51EE12963047: changes role from  FOLLOWER to CANDIDATE at term 0 for changeToCandidate
2019-10-15 10:17:53,841 [Thread-707] INFO  impl.RoleInfo (RoleInfo.java:updateAndGet(143)) - 99ab3c4c-c7dc-4c5d-a12b-23e9a64d5290: start LeaderElection
2019-10-15 10:17:53,853 [Thread-702] INFO  impl.FollowerState (FollowerState.java:run(108)) - 82695c46-2a63-4540-a67a-64e0b0e312e9@group-42A85083BC08-FollowerState: change to CANDIDATE, lastRpcTime:5142ms, electionTimeout:5142ms
2019-10-15 10:17:53,853 [Thread-702] INFO  impl.RoleInfo (RoleInfo.java:shutdownFollowerState(121)) - 82695c46-2a63-4540-a67a-64e0b0e312e9: shutdown FollowerState
2019-10-15 10:17:53,853 [Thread-702] INFO  impl.RaftServerImpl (RaftServerImpl.java:setRole(170)) - 82695c46-2a63-4540-a67a-64e0b0e312e9@group-42A85083BC08: changes role from  FOLLOWER to CANDIDATE at term 0 for changeToCandidate
2019-10-15 10:17:53,854 [Thread-702] INFO  impl.RoleInfo (RoleInfo.java:updateAndGet(143)) - 82695c46-2a63-4540-a67a-64e0b0e312e9: start LeaderElection
2019-10-15 10:17:53,863 [99ab3c4c-c7dc-4c5d-a12b-23e9a64d5290@group-51EE12963047-LeaderElection18] INFO  impl.LeaderElection (LeaderElection.java:askForVotes(178)) - 99ab3c4c-c7dc-4c5d-a12b-23e9a64d5290@group-51EE12963047-LeaderElection18: begin an election at term 1 for -1: [0f7b2390-6b01-4aa9-9793-f543095052b0:192.168.69.65:41530, 99ab3c4c-c7dc-4c5d-a12b-23e9a64d5290:192.168.69.65:38363, 82695c46-2a63-4540-a67a-64e0b0e312e9:192.168.69.65:45174], old=null
2019-10-15 10:17:53,869 [grpc-default-executor-3] INFO  impl.RaftServerImpl (RaftServerImpl.java:setRole(170)) - 0f7b2390-6b01-4aa9-9793-f543095052b0@group-51EE12963047: changes role from  FOLLOWER to FOLLOWER at term 1 for recognizeCandidate:99ab3c4c-c7dc-4c5d-a12b-23e9a64d5290
2019-10-15 10:17:53,869 [grpc-default-executor-5] INFO  impl.RaftServerImpl (RaftServerImpl.java:setRole(170)) - 82695c46-2a63-4540-a67a-64e0b0e312e9@group-51EE12963047: changes role from  FOLLOWER to FOLLOWER at term 1 for recognizeCandidate:99ab3c4c-c7dc-4c5d-a12b-23e9a64d5290
2019-10-15 10:17:53,869 [grpc-default-executor-3] INFO  impl.RoleInfo (RoleInfo.java:shutdownFollowerState(121)) - 0f7b2390-6b01-4aa9-9793-f543095052b0: shutdown FollowerState
2019-10-15 10:17:53,870 [grpc-default-executor-5] INFO  impl.RoleInfo (RoleInfo.java:shutdownFollowerState(121)) - 82695c46-2a63-4540-a67a-64e0b0e312e9: shutdown FollowerState
2019-10-15 10:17:53,870 [grpc-default-executor-3] INFO  impl.RoleInfo (RoleInfo.java:updateAndGet(143)) - 0f7b2390-6b01-4aa9-9793-f543095052b0: start FollowerState
2019-10-15 10:17:53,870 [Thread-708] INFO  impl.FollowerState (FollowerState.java:run(117)) - 0f7b2390-6b01-4aa9-9793-f543095052b0@group-51EE12963047-FollowerState was interrupted: java.lang.InterruptedException: sleep interrupted
2019-10-15 10:17:53,870 [Thread-710] INFO  impl.FollowerState (FollowerState.java:run(117)) - 82695c46-2a63-4540-a67a-64e0b0e312e9@group-51EE12963047-FollowerState was interrupted: java.lang.InterruptedException: sleep interrupted
2019-10-15 10:17:53,870 [grpc-default-executor-5] INFO  impl.RoleInfo (RoleInfo.java:updateAndGet(143)) - 82695c46-2a63-4540-a67a-64e0b0e312e9: start FollowerState
2019-10-15 10:17:53,888 [82695c46-2a63-4540-a67a-64e0b0e312e9@group-42A85083BC08-LeaderElection19] INFO  impl.LeaderElection (LeaderElection.java:askForVotes(178)) - 82695c46-2a63-4540-a67a-64e0b0e312e9@group-42A85083BC08-LeaderElection19: begin an election at term 1 for -1: [82695c46-2a63-4540-a67a-64e0b0e312e9:192.168.69.65:45174], old=null
2019-10-15 10:17:53,888 [82695c46-2a63-4540-a67a-64e0b0e312e9@group-42A85083BC08-LeaderElection19] INFO  impl.RoleInfo (RoleInfo.java:shutdownLeaderElection(134)) - 82695c46-2a63-4540-a67a-64e0b0e312e9: shutdown LeaderElection
2019-10-15 10:17:53,888 [82695c46-2a63-4540-a67a-64e0b0e312e9@group-42A85083BC08-LeaderElection19] INFO  impl.RaftServerImpl (RaftServerImpl.java:setRole(170)) - 82695c46-2a63-4540-a67a-64e0b0e312e9@group-42A85083BC08: changes role from CANDIDATE to LEADER at term 1 for changeToLeader
2019-10-15 10:17:53,888 [82695c46-2a63-4540-a67a-64e0b0e312e9@group-42A85083BC08-LeaderElection19] INFO  impl.RaftServerImpl (ServerState.java:setLeader(255)) - 82695c46-2a63-4540-a67a-64e0b0e312e9@group-42A85083BC08: change Leader from null to 82695c46-2a63-4540-a67a-64e0b0e312e9 at term 1 for becomeLeader, leader elected after 5186ms
2019-10-15 10:17:53,890 [82695c46-2a63-4540-a67a-64e0b0e312e9@group-42A85083BC08-LeaderElection19] INFO  server.RaftServerConfigKeys (ConfUtils.java:logGet(43)) - raft.server.staging.catchup.gap = 1000 (default)
2019-10-15 10:17:53,890 [82695c46-2a63-4540-a67a-64e0b0e312e9@group-42A85083BC08-LeaderElection19] INFO  server.RaftServerConfigKeys (ConfUtils.java:logGet(43)) - raft.server.rpc.sleep.time = 25ms (default)
2019-10-15 10:17:53,890 [82695c46-2a63-4540-a67a-64e0b0e312e9@group-42A85083BC08-LeaderElection19] INFO  server.RaftServerConfigKeys (ConfUtils.java:logGet(43)) - raft.server.write.element-limit = 4096 (default)
2019-10-15 10:17:53,890 [82695c46-2a63-4540-a67a-64e0b0e312e9@group-42A85083BC08-LeaderElection19] INFO  server.RaftServerConfigKeys (ConfUtils.java:logGet(43)) - raft.server.watch.timeout = 10s (default)
2019-10-15 10:17:53,891 [82695c46-2a63-4540-a67a-64e0b0e312e9@group-42A85083BC08-LeaderElection19] INFO  server.RaftServerConfigKeys (ConfUtils.java:logGet(43)) - raft.server.watch.timeout.denomination = 1s (default)
2019-10-15 10:17:53,891 [82695c46-2a63-4540-a67a-64e0b0e312e9@group-42A85083BC08-LeaderElection19] INFO  server.RaftServerConfigKeys (ConfUtils.java:logGet(43)) - raft.server.watch.element-limit = 65536 (default)
2019-10-15 10:17:53,891 [99ab3c4c-c7dc-4c5d-a12b-23e9a64d5290@group-51EE12963047-LeaderElection18] INFO  impl.LeaderElection (LeaderElection.java:logAndReturn(56)) - 99ab3c4c-c7dc-4c5d-a12b-23e9a64d5290@group-51EE12963047-LeaderElection18: Election PASSED; received 1 response(s) [99ab3c4c-c7dc-4c5d-a12b-23e9a64d5290<-0f7b2390-6b01-4aa9-9793-f543095052b0#0:OK-t1] and 0 exception(s); 99ab3c4c-c7dc-4c5d-a12b-23e9a64d5290@group-51EE12963047:t1, leader=null, voted=99ab3c4c-c7dc-4c5d-a12b-23e9a64d5290, raftlog=99ab3c4c-c7dc-4c5d-a12b-23e9a64d5290@group-51EE12963047-SegmentedRaftLog:OPENED:c-1,f-1,i0, conf=-1: [0f7b2390-6b01-4aa9-9793-f543095052b0:192.168.69.65:41530, 99ab3c4c-c7dc-4c5d-a12b-23e9a64d5290:192.168.69.65:38363, 82695c46-2a63-4540-a67a-64e0b0e312e9:192.168.69.65:45174], old=null
2019-10-15 10:17:53,891 [99ab3c4c-c7dc-4c5d-a12b-23e9a64d5290@group-51EE12963047-LeaderElection18] INFO  impl.RoleInfo (RoleInfo.java:shutdownLeaderElection(134)) - 99ab3c4c-c7dc-4c5d-a12b-23e9a64d5290: shutdown LeaderElection
2019-10-15 10:17:53,891 [99ab3c4c-c7dc-4c5d-a12b-23e9a64d5290@group-51EE12963047-LeaderElection18] INFO  impl.RaftServerImpl (RaftServerImpl.java:setRole(170)) - 99ab3c4c-c7dc-4c5d-a12b-23e9a64d5290@group-51EE12963047: changes role from CANDIDATE to LEADER at term 1 for changeToLeader
2019-10-15 10:17:53,891 [99ab3c4c-c7dc-4c5d-a12b-23e9a64d5290@group-51EE12963047-LeaderElection18] INFO  impl.RaftServerImpl (ServerState.java:setLeader(255)) - 99ab3c4c-c7dc-4c5d-a12b-23e9a64d5290@group-51EE12963047: change Leader from null to 99ab3c4c-c7dc-4c5d-a12b-23e9a64d5290 at term 1 for becomeLeader, leader elected after 5109ms
2019-10-15 10:17:53,892 [99ab3c4c-c7dc-4c5d-a12b-23e9a64d5290@group-51EE12963047-LeaderElection18] INFO  server.RaftServerConfigKeys (ConfUtils.java:logGet(43)) - raft.server.staging.catchup.gap = 1000 (default)
2019-10-15 10:17:53,892 [99ab3c4c-c7dc-4c5d-a12b-23e9a64d5290@group-51EE12963047-LeaderElection18] INFO  server.RaftServerConfigKeys (ConfUtils.java:logGet(43)) - raft.server.rpc.sleep.time = 25ms (default)
2019-10-15 10:17:53,892 [99ab3c4c-c7dc-4c5d-a12b-23e9a64d5290@group-51EE12963047-LeaderElection18] INFO  server.RaftServerConfigKeys (ConfUtils.java:logGet(43)) - raft.server.write.element-limit = 4096 (default)
2019-10-15 10:17:53,892 [99ab3c4c-c7dc-4c5d-a12b-23e9a64d5290@group-51EE12963047-LeaderElection18] INFO  server.RaftServerConfigKeys (ConfUtils.java:logGet(43)) - raft.server.watch.timeout = 10s (default)
2019-10-15 10:17:53,892 [99ab3c4c-c7dc-4c5d-a12b-23e9a64d5290@group-51EE12963047-LeaderElection18] INFO  server.RaftServerConfigKeys (ConfUtils.java:logGet(43)) - raft.server.watch.timeout.denomination = 1s (default)
2019-10-15 10:17:53,892 [99ab3c4c-c7dc-4c5d-a12b-23e9a64d5290@group-51EE12963047-LeaderElection18] INFO  server.RaftServerConfigKeys (ConfUtils.java:logGet(43)) - raft.server.watch.element-limit = 65536 (default)
2019-10-15 10:17:53,893 [82695c46-2a63-4540-a67a-64e0b0e312e9@group-42A85083BC08-LeaderElection19] INFO  impl.RoleInfo (RoleInfo.java:updateAndGet(143)) - 82695c46-2a63-4540-a67a-64e0b0e312e9: start LeaderState
2019-10-15 10:17:53,895 [82695c46-2a63-4540-a67a-64e0b0e312e9@group-42A85083BC08-LeaderElection19] INFO  segmented.SegmentedRaftLogWorker (SegmentedRaftLogWorker.java:startLogSegment(385)) - 82695c46-2a63-4540-a67a-64e0b0e312e9@group-42A85083BC08-SegmentedRaftLogWorker: Starting segment from index:0
2019-10-15 10:17:53,895 [82695c46-2a63-4540-a67a-64e0b0e312e9@group-42A85083BC08-LeaderElection19] INFO  impl.RaftServerImpl (ServerState.java:setRaftConf(356)) - 82695c46-2a63-4540-a67a-64e0b0e312e9@group-42A85083BC08: set configuration 0: [82695c46-2a63-4540-a67a-64e0b0e312e9:192.168.69.65:45174], old=null at 0
2019-10-15 10:17:53,899 [99ab3c4c-c7dc-4c5d-a12b-23e9a64d5290@group-51EE12963047-LeaderElection18] INFO  server.RaftServerConfigKeys (ConfUtils.java:logGet(43)) - raft.server.log.appender.snapshot.chunk.size.max = 16MB (=16777216) (default)
2019-10-15 10:17:53,900 [99ab3c4c-c7dc-4c5d-a12b-23e9a64d5290@group-51EE12963047-LeaderElection18] INFO  server.RaftServerConfigKeys (ConfUtils.java:logGet(43)) - raft.server.log.appender.buffer.byte-limit = 33554432 (custom)
2019-10-15 10:17:53,900 [99ab3c4c-c7dc-4c5d-a12b-23e9a64d5290@group-51EE12963047-LeaderElection18] INFO  server.RaftServerConfigKeys (ConfUtils.java:logGet(43)) - raft.server.log.appender.buffer.element-limit = 1 (custom)
2019-10-15 10:17:53,900 [99ab3c4c-c7dc-4c5d-a12b-23e9a64d5290@group-51EE12963047-LeaderElection18] INFO  grpc.GrpcConfigKeys$Server (ConfUtils.java:logGet(43)) - raft.grpc.server.leader.outstanding.appends.max = 128 (default)
2019-10-15 10:17:53,900 [99ab3c4c-c7dc-4c5d-a12b-23e9a64d5290@group-51EE12963047-LeaderElection18] INFO  server.RaftServerConfigKeys (ConfUtils.java:logGet(43)) - raft.server.rpc.request.timeout = 3000ms (default)
2019-10-15 10:17:53,900 [99ab3c4c-c7dc-4c5d-a12b-23e9a64d5290@group-51EE12963047-LeaderElection18] INFO  server.RaftServerConfigKeys (ConfUtils.java:logGet(43)) - raft.server.log.appender.install.snapshot.enabled = false (custom)
2019-10-15 10:17:53,900 [99ab3c4c-c7dc-4c5d-a12b-23e9a64d5290@group-51EE12963047-LeaderElection18] INFO  server.RaftServerConfigKeys (ConfUtils.java:logGet(43)) - raft.server.log.appender.snapshot.chunk.size.max = 16MB (=16777216) (default)
2019-10-15 10:17:53,901 [99ab3c4c-c7dc-4c5d-a12b-23e9a64d5290@group-51EE12963047-LeaderElection18] INFO  server.RaftServerConfigKeys (ConfUtils.java:logGet(43)) - raft.server.log.appender.buffer.byte-limit = 33554432 (custom)
2019-10-15 10:17:53,901 [99ab3c4c-c7dc-4c5d-a12b-23e9a64d5290@group-51EE12963047-LeaderElection18] INFO  server.RaftServerConfigKeys (ConfUtils.java:logGet(43)) - raft.server.log.appender.buffer.element-limit = 1 (custom)
2019-10-15 10:17:53,901 [99ab3c4c-c7dc-4c5d-a12b-23e9a64d5290@group-51EE12963047-LeaderElection18] INFO  grpc.GrpcConfigKeys$Server (ConfUtils.java:logGet(43)) - raft.grpc.server.leader.outstanding.appends.max = 128 (default)
2019-10-15 10:17:53,901 [99ab3c4c-c7dc-4c5d-a12b-23e9a64d5290@group-51EE12963047-LeaderElection18] INFO  server.RaftServerConfigKeys (ConfUtils.java:logGet(43)) - raft.server.rpc.request.timeout = 3000ms (default)
2019-10-15 10:17:53,901 [99ab3c4c-c7dc-4c5d-a12b-23e9a64d5290@group-51EE12963047-LeaderElection18] INFO  server.RaftServerConfigKeys (ConfUtils.java:logGet(43)) - raft.server.log.appender.install.snapshot.enabled = false (custom)
2019-10-15 10:17:53,901 [99ab3c4c-c7dc-4c5d-a12b-23e9a64d5290@group-51EE12963047-LeaderElection18] INFO  impl.RoleInfo (RoleInfo.java:updateAndGet(143)) - 99ab3c4c-c7dc-4c5d-a12b-23e9a64d5290: start LeaderState
2019-10-15 10:17:53,902 [99ab3c4c-c7dc-4c5d-a12b-23e9a64d5290@group-51EE12963047-LeaderElection18] INFO  segmented.SegmentedRaftLogWorker (SegmentedRaftLogWorker.java:startLogSegment(385)) - 99ab3c4c-c7dc-4c5d-a12b-23e9a64d5290@group-51EE12963047-SegmentedRaftLogWorker: Starting segment from index:0
2019-10-15 10:17:53,903 [99ab3c4c-c7dc-4c5d-a12b-23e9a64d5290@group-51EE12963047-LeaderElection18] INFO  impl.RaftServerImpl (ServerState.java:setRaftConf(356)) - 99ab3c4c-c7dc-4c5d-a12b-23e9a64d5290@group-51EE12963047: set configuration 0: [0f7b2390-6b01-4aa9-9793-f543095052b0:192.168.69.65:41530, 99ab3c4c-c7dc-4c5d-a12b-23e9a64d5290:192.168.69.65:38363, 82695c46-2a63-4540-a67a-64e0b0e312e9:192.168.69.65:45174], old=null at 0
2019-10-15 10:17:53,922 [grpc-default-executor-5] INFO  impl.RaftServerImpl (ServerState.java:setLeader(255)) - 82695c46-2a63-4540-a67a-64e0b0e312e9@group-51EE12963047: change Leader from null to 99ab3c4c-c7dc-4c5d-a12b-23e9a64d5290 at term 1 for appendEntries, leader elected after 5141ms
2019-10-15 10:17:53,922 [grpc-default-executor-3] INFO  impl.RaftServerImpl (ServerState.java:setLeader(255)) - 0f7b2390-6b01-4aa9-9793-f543095052b0@group-51EE12963047: change Leader from null to 99ab3c4c-c7dc-4c5d-a12b-23e9a64d5290 at term 1 for appendEntries, leader elected after 5141ms
2019-10-15 10:17:53,925 [82695c46-2a63-4540-a67a-64e0b0e312e9@group-42A85083BC08-SegmentedRaftLogWorker] INFO  segmented.SegmentedRaftLogWorker (SegmentedRaftLogWorker.java:execute(574)) - 82695c46-2a63-4540-a67a-64e0b0e312e9@group-42A85083BC08-SegmentedRaftLogWorker: created new log segment /workdir/hadoop-ozone/integration-test/target/test-dir/MiniOzoneClusterImpl-d2dc297f-df8e-434f-8420-d555204b07d2/datanode-2/data/ratis/56e356c5-e347-408c-ab49-42a85083bc08/current/log_inprogress_0
2019-10-15 10:17:53,927 [99ab3c4c-c7dc-4c5d-a12b-23e9a64d5290@group-51EE12963047-SegmentedRaftLogWorker] INFO  segmented.SegmentedRaftLogWorker (SegmentedRaftLogWorker.java:execute(574)) - 99ab3c4c-c7dc-4c5d-a12b-23e9a64d5290@group-51EE12963047-SegmentedRaftLogWorker: created new log segment /workdir/hadoop-ozone/integration-test/target/test-dir/MiniOzoneClusterImpl-d2dc297f-df8e-434f-8420-d555204b07d2/datanode-1/data/ratis/8e95e6d2-ffa0-4d9b-8e16-51ee12963047/current/log_inprogress_0
2019-10-15 10:17:53,932 [grpc-default-executor-5] INFO  impl.RaftServerImpl (ServerState.java:setRaftConf(356)) - 0f7b2390-6b01-4aa9-9793-f543095052b0@group-51EE12963047: set configuration 0: [0f7b2390-6b01-4aa9-9793-f543095052b0:192.168.69.65:41530, 99ab3c4c-c7dc-4c5d-a12b-23e9a64d5290:192.168.69.65:38363, 82695c46-2a63-4540-a67a-64e0b0e312e9:192.168.69.65:45174], old=null at 0
2019-10-15 10:17:53,932 [grpc-default-executor-3] INFO  impl.RaftServerImpl (ServerState.java:setRaftConf(356)) - 82695c46-2a63-4540-a67a-64e0b0e312e9@group-51EE12963047: set configuration 0: [0f7b2390-6b01-4aa9-9793-f543095052b0:192.168.69.65:41530, 99ab3c4c-c7dc-4c5d-a12b-23e9a64d5290:192.168.69.65:38363, 82695c46-2a63-4540-a67a-64e0b0e312e9:192.168.69.65:45174], old=null at 0
2019-10-15 10:17:53,932 [grpc-default-executor-5] INFO  segmented.SegmentedRaftLogWorker (SegmentedRaftLogWorker.java:startLogSegment(385)) - 0f7b2390-6b01-4aa9-9793-f543095052b0@group-51EE12963047-SegmentedRaftLogWorker: Starting segment from index:0
2019-10-15 10:17:53,932 [grpc-default-executor-3] INFO  segmented.SegmentedRaftLogWorker (SegmentedRaftLogWorker.java:startLogSegment(385)) - 82695c46-2a63-4540-a67a-64e0b0e312e9@group-51EE12963047-SegmentedRaftLogWorker: Starting segment from index:0
2019-10-15 10:17:53,976 [0f7b2390-6b01-4aa9-9793-f543095052b0@group-51EE12963047-SegmentedRaftLogWorker] INFO  segmented.SegmentedRaftLogWorker (SegmentedRaftLogWorker.java:execute(574)) - 0f7b2390-6b01-4aa9-9793-f543095052b0@group-51EE12963047-SegmentedRaftLogWorker: created new log segment /workdir/hadoop-ozone/integration-test/target/test-dir/MiniOzoneClusterImpl-d2dc297f-df8e-434f-8420-d555204b07d2/datanode-0/data/ratis/8e95e6d2-ffa0-4d9b-8e16-51ee12963047/current/log_inprogress_0
2019-10-15 10:17:53,976 [82695c46-2a63-4540-a67a-64e0b0e312e9@group-51EE12963047-SegmentedRaftLogWorker] INFO  segmented.SegmentedRaftLogWorker (SegmentedRaftLogWorker.java:execute(574)) - 82695c46-2a63-4540-a67a-64e0b0e312e9@group-51EE12963047-SegmentedRaftLogWorker: created new log segment /workdir/hadoop-ozone/integration-test/target/test-dir/MiniOzoneClusterImpl-d2dc297f-df8e-434f-8420-d555204b07d2/datanode-2/data/ratis/8e95e6d2-ffa0-4d9b-8e16-51ee12963047/current/log_inprogress_0
2019-10-15 10:17:54,028 [Thread-720] INFO  impl.FollowerState (FollowerState.java:run(108)) - a626a13b-9fbf-45e4-ad69-b33ead2c725a@group-C9931F64493A-FollowerState: change to CANDIDATE, lastRpcTime:5028ms, electionTimeout:5028ms
2019-10-15 10:17:54,028 [Thread-720] INFO  impl.RoleInfo (RoleInfo.java:shutdownFollowerState(121)) - a626a13b-9fbf-45e4-ad69-b33ead2c725a: shutdown FollowerState
2019-10-15 10:17:54,028 [Thread-720] INFO  impl.RaftServerImpl (RaftServerImpl.java:setRole(170)) - a626a13b-9fbf-45e4-ad69-b33ead2c725a@group-C9931F64493A: changes role from  FOLLOWER to CANDIDATE at term 0 for changeToCandidate
2019-10-15 10:17:54,028 [Thread-720] INFO  impl.RoleInfo (RoleInfo.java:updateAndGet(143)) - a626a13b-9fbf-45e4-ad69-b33ead2c725a: start LeaderElection
2019-10-15 10:17:54,045 [a626a13b-9fbf-45e4-ad69-b33ead2c725a@group-C9931F64493A-LeaderElection20] INFO  impl.LeaderElection (LeaderElection.java:askForVotes(178)) - a626a13b-9fbf-45e4-ad69-b33ead2c725a@group-C9931F64493A-LeaderElection20: begin an election at term 1 for -1: [a626a13b-9fbf-45e4-ad69-b33ead2c725a:192.168.69.65:36802], old=null
2019-10-15 10:17:54,045 [a626a13b-9fbf-45e4-ad69-b33ead2c725a@group-C9931F64493A-LeaderElection20] INFO  impl.RoleInfo (RoleInfo.java:shutdownLeaderElection(134)) - a626a13b-9fbf-45e4-ad69-b33ead2c725a: shutdown LeaderElection
2019-10-15 10:17:54,045 [a626a13b-9fbf-45e4-ad69-b33ead2c725a@group-C9931F64493A-LeaderElection20] INFO  impl.RaftServerImpl (RaftServerImpl.java:setRole(170)) - a626a13b-9fbf-45e4-ad69-b33ead2c725a@group-C9931F64493A: changes role from CANDIDATE to LEADER at term 1 for changeToLeader
2019-10-15 10:17:54,045 [a626a13b-9fbf-45e4-ad69-b33ead2c725a@group-C9931F64493A-LeaderElection20] INFO  impl.RaftServerImpl (ServerState.java:setLeader(255)) - a626a13b-9fbf-45e4-ad69-b33ead2c725a@group-C9931F64493A: change Leader from null to a626a13b-9fbf-45e4-ad69-b33ead2c725a at term 1 for becomeLeader, leader elected after 5052ms
2019-10-15 10:17:54,047 [a626a13b-9fbf-45e4-ad69-b33ead2c725a@group-C9931F64493A-LeaderElection20] INFO  server.RaftServerConfigKeys (ConfUtils.java:logGet(43)) - raft.server.staging.catchup.gap = 1000 (default)
2019-10-15 10:17:54,047 [a626a13b-9fbf-45e4-ad69-b33ead2c725a@group-C9931F64493A-LeaderElection20] INFO  server.RaftServerConfigKeys (ConfUtils.java:logGet(43)) - raft.server.rpc.sleep.time = 25ms (default)
2019-10-15 10:17:54,047 [a626a13b-9fbf-45e4-ad69-b33ead2c725a@group-C9931F64493A-LeaderElection20] INFO  server.RaftServerConfigKeys (ConfUtils.java:logGet(43)) - raft.server.write.element-limit = 4096 (default)
2019-10-15 10:17:54,048 [a626a13b-9fbf-45e4-ad69-b33ead2c725a@group-C9931F64493A-LeaderElection20] INFO  server.RaftServerConfigKeys (ConfUtils.java:logGet(43)) - raft.server.watch.timeout = 10s (default)
2019-10-15 10:17:54,048 [a626a13b-9fbf-45e4-ad69-b33ead2c725a@group-C9931F64493A-LeaderElection20] INFO  server.RaftServerConfigKeys (ConfUtils.java:logGet(43)) - raft.server.watch.timeout.denomination = 1s (default)
2019-10-15 10:17:54,048 [a626a13b-9fbf-45e4-ad69-b33ead2c725a@group-C9931F64493A-LeaderElection20] INFO  server.RaftServerConfigKeys (ConfUtils.java:logGet(43)) - raft.server.watch.element-limit = 65536 (default)
2019-10-15 10:17:54,050 [a626a13b-9fbf-45e4-ad69-b33ead2c725a@group-C9931F64493A-LeaderElection20] INFO  impl.RoleInfo (RoleInfo.java:updateAndGet(143)) - a626a13b-9fbf-45e4-ad69-b33ead2c725a: start LeaderState
2019-10-15 10:17:54,050 [a626a13b-9fbf-45e4-ad69-b33ead2c725a@group-C9931F64493A-LeaderElection20] INFO  segmented.SegmentedRaftLogWorker (SegmentedRaftLogWorker.java:startLogSegment(385)) - a626a13b-9fbf-45e4-ad69-b33ead2c725a@group-C9931F64493A-SegmentedRaftLogWorker: Starting segment from index:0
2019-10-15 10:17:54,050 [Thread-717] INFO  impl.FollowerState (FollowerState.java:run(108)) - 5c35e004-52fd-4bd5-9e21-953e901c4805@group-5C71422AB869-FollowerState: change to CANDIDATE, lastRpcTime:5103ms, electionTimeout:5103ms
2019-10-15 10:17:54,050 [Thread-717] INFO  impl.RoleInfo (RoleInfo.java:shutdownFollowerState(121)) - 5c35e004-52fd-4bd5-9e21-953e901c4805: shutdown FollowerState
2019-10-15 10:17:54,051 [Thread-717] INFO  impl.RaftServerImpl (RaftServerImpl.java:setRole(170)) - 5c35e004-52fd-4bd5-9e21-953e901c4805@group-5C71422AB869: changes role from  FOLLOWER to CANDIDATE at term 0 for changeToCandidate
2019-10-15 10:17:54,051 [a626a13b-9fbf-45e4-ad69-b33ead2c725a@group-C9931F64493A-LeaderElection20] INFO  impl.RaftServerImpl (ServerState.java:setRaftConf(356)) - a626a13b-9fbf-45e4-ad69-b33ead2c725a@group-C9931F64493A: set configuration 0: [a626a13b-9fbf-45e4-ad69-b33ead2c725a:192.168.69.65:36802], old=null at 0
2019-10-15 10:17:54,051 [Thread-717] INFO  impl.RoleInfo (RoleInfo.java:updateAndGet(143)) - 5c35e004-52fd-4bd5-9e21-953e901c4805: start LeaderElection
2019-10-15 10:17:54,067 [Thread-714] INFO  impl.FollowerState (FollowerState.java:run(108)) - 89ba96a8-01f6-4eff-81d6-f1c917046bcf@group-87A1D3FE09B1-FollowerState: change to CANDIDATE, lastRpcTime:5171ms, electionTimeout:5170ms
2019-10-15 10:17:54,070 [Thread-714] INFO  impl.RoleInfo (RoleInfo.java:shutdownFollowerState(121)) - 89ba96a8-01f6-4eff-81d6-f1c917046bcf: shutdown FollowerState
2019-10-15 10:17:54,071 [Thread-714] INFO  impl.RaftServerImpl (RaftServerImpl.java:setRole(170)) - 89ba96a8-01f6-4eff-81d6-f1c917046bcf@group-87A1D3FE09B1: changes role from  FOLLOWER to CANDIDATE at term 0 for changeToCandidate
2019-10-15 10:17:54,071 [Thread-714] INFO  impl.RoleInfo (RoleInfo.java:updateAndGet(143)) - 89ba96a8-01f6-4eff-81d6-f1c917046bcf: start LeaderElection
2019-10-15 10:17:54,081 [a626a13b-9fbf-45e4-ad69-b33ead2c725a@group-C9931F64493A-SegmentedRaftLogWorker] INFO  segmented.SegmentedRaftLogWorker (SegmentedRaftLogWorker.java:execute(574)) - a626a13b-9fbf-45e4-ad69-b33ead2c725a@group-C9931F64493A-SegmentedRaftLogWorker: created new log segment /workdir/hadoop-ozone/integration-test/target/test-dir/MiniOzoneClusterImpl-d2dc297f-df8e-434f-8420-d555204b07d2/datanode-5/data/ratis/a389a71e-60bb-421e-8638-c9931f64493a/current/log_inprogress_0
2019-10-15 10:17:54,081 [5c35e004-52fd-4bd5-9e21-953e901c4805@group-5C71422AB869-LeaderElection21] INFO  impl.LeaderElection (LeaderElection.java:askForVotes(178)) - 5c35e004-52fd-4bd5-9e21-953e901c4805@group-5C71422AB869-LeaderElection21: begin an election at term 1 for -1: [5c35e004-52fd-4bd5-9e21-953e901c4805:192.168.69.65:36838], old=null
2019-10-15 10:17:54,081 [89ba96a8-01f6-4eff-81d6-f1c917046bcf@group-87A1D3FE09B1-LeaderElection22] INFO  impl.LeaderElection (LeaderElection.java:askForVotes(178)) - 89ba96a8-01f6-4eff-81d6-f1c917046bcf@group-87A1D3FE09B1-LeaderElection22: begin an election at term 1 for -1: [89ba96a8-01f6-4eff-81d6-f1c917046bcf:192.168.69.65:44393], old=null
2019-10-15 10:17:54,081 [5c35e004-52fd-4bd5-9e21-953e901c4805@group-5C71422AB869-LeaderElection21] INFO  impl.RoleInfo (RoleInfo.java:shutdownLeaderElection(134)) - 5c35e004-52fd-4bd5-9e21-953e901c4805: shutdown LeaderElection
2019-10-15 10:17:54,081 [89ba96a8-01f6-4eff-81d6-f1c917046bcf@group-87A1D3FE09B1-LeaderElection22] INFO  impl.RoleInfo (RoleInfo.java:shutdownLeaderElection(134)) - 89ba96a8-01f6-4eff-81d6-f1c917046bcf: shutdown LeaderElection
2019-10-15 10:17:54,081 [5c35e004-52fd-4bd5-9e21-953e901c4805@group-5C71422AB869-LeaderElection21] INFO  impl.RaftServerImpl (RaftServerImpl.java:setRole(170)) - 5c35e004-52fd-4bd5-9e21-953e901c4805@group-5C71422AB869: changes role from CANDIDATE to LEADER at term 1 for changeToLeader
2019-10-15 10:17:54,081 [89ba96a8-01f6-4eff-81d6-f1c917046bcf@group-87A1D3FE09B1-LeaderElection22] INFO  impl.RaftServerImpl (RaftServerImpl.java:setRole(170)) - 89ba96a8-01f6-4eff-81d6-f1c917046bcf@group-87A1D3FE09B1: changes role from CANDIDATE to LEADER at term 1 for changeToLeader
2019-10-15 10:17:54,081 [5c35e004-52fd-4bd5-9e21-953e901c4805@group-5C71422AB869-LeaderElection21] INFO  impl.RaftServerImpl (ServerState.java:setLeader(255)) - 5c35e004-52fd-4bd5-9e21-953e901c4805@group-5C71422AB869: change Leader from null to 5c35e004-52fd-4bd5-9e21-953e901c4805 at term 1 for becomeLeader, leader elected after 5141ms
2019-10-15 10:17:54,082 [89ba96a8-01f6-4eff-81d6-f1c917046bcf@group-87A1D3FE09B1-LeaderElection22] INFO  impl.RaftServerImpl (ServerState.java:setLeader(255)) - 89ba96a8-01f6-4eff-81d6-f1c917046bcf@group-87A1D3FE09B1: change Leader from null to 89ba96a8-01f6-4eff-81d6-f1c917046bcf at term 1 for becomeLeader, leader elected after 5195ms
2019-10-15 10:17:54,083 [5c35e004-52fd-4bd5-9e21-953e901c4805@group-5C71422AB869-LeaderElection21] INFO  server.RaftServerConfigKeys (ConfUtils.java:logGet(43)) - raft.server.staging.catchup.gap = 1000 (default)
2019-10-15 10:17:54,085 [89ba96a8-01f6-4eff-81d6-f1c917046bcf@group-87A1D3FE09B1-LeaderElection22] INFO  server.RaftServerConfigKeys (ConfUtils.java:logGet(43)) - raft.server.staging.catchup.gap = 1000 (default)
2019-10-15 10:17:54,085 [5c35e004-52fd-4bd5-9e21-953e901c4805@group-5C71422AB869-LeaderElection21] INFO  server.RaftServerConfigKeys (ConfUtils.java:logGet(43)) - raft.server.rpc.sleep.time = 25ms (default)
2019-10-15 10:17:54,085 [89ba96a8-01f6-4eff-81d6-f1c917046bcf@group-87A1D3FE09B1-LeaderElection22] INFO  server.RaftServerConfigKeys (ConfUtils.java:logGet(43)) - raft.server.rpc.sleep.time = 25ms (default)
2019-10-15 10:17:54,085 [5c35e004-52fd-4bd5-9e21-953e901c4805@group-5C71422AB869-LeaderElection21] INFO  server.RaftServerConfigKeys (ConfUtils.java:logGet(43)) - raft.server.write.element-limit = 4096 (default)
2019-10-15 10:17:54,085 [89ba96a8-01f6-4eff-81d6-f1c917046bcf@group-87A1D3FE09B1-LeaderElection22] INFO  server.RaftServerConfigKeys (ConfUtils.java:logGet(43)) - raft.server.write.element-limit = 4096 (default)
2019-10-15 10:17:54,085 [5c35e004-52fd-4bd5-9e21-953e901c4805@group-5C71422AB869-LeaderElection21] INFO  server.RaftServerConfigKeys (ConfUtils.java:logGet(43)) - raft.server.watch.timeout = 10s (default)
2019-10-15 10:17:54,085 [89ba96a8-01f6-4eff-81d6-f1c917046bcf@group-87A1D3FE09B1-LeaderElection22] INFO  server.RaftServerConfigKeys (ConfUtils.java:logGet(43)) - raft.server.watch.timeout = 10s (default)
2019-10-15 10:17:54,085 [5c35e004-52fd-4bd5-9e21-953e901c4805@group-5C71422AB869-LeaderElection21] INFO  server.RaftServerConfigKeys (ConfUtils.java:logGet(43)) - raft.server.watch.timeout.denomination = 1s (default)
2019-10-15 10:17:54,085 [89ba96a8-01f6-4eff-81d6-f1c917046bcf@group-87A1D3FE09B1-LeaderElection22] INFO  server.RaftServerConfigKeys (ConfUtils.java:logGet(43)) - raft.server.watch.timeout.denomination = 1s (default)
2019-10-15 10:17:54,086 [5c35e004-52fd-4bd5-9e21-953e901c4805@group-5C71422AB869-LeaderElection21] INFO  server.RaftServerConfigKeys (ConfUtils.java:logGet(43)) - raft.server.watch.element-limit = 65536 (default)
2019-10-15 10:17:54,086 [89ba96a8-01f6-4eff-81d6-f1c917046bcf@group-87A1D3FE09B1-LeaderElection22] INFO  server.RaftServerConfigKeys (ConfUtils.java:logGet(43)) - raft.server.watch.element-limit = 65536 (default)
2019-10-15 10:17:54,088 [5c35e004-52fd-4bd5-9e21-953e901c4805@group-5C71422AB869-LeaderElection21] INFO  impl.RoleInfo (RoleInfo.java:updateAndGet(143)) - 5c35e004-52fd-4bd5-9e21-953e901c4805: start LeaderState
2019-10-15 10:17:54,088 [5c35e004-52fd-4bd5-9e21-953e901c4805@group-5C71422AB869-LeaderElection21] INFO  segmented.SegmentedRaftLogWorker (SegmentedRaftLogWorker.java:startLogSegment(385)) - 5c35e004-52fd-4bd5-9e21-953e901c4805@group-5C71422AB869-SegmentedRaftLogWorker: Starting segment from index:0
2019-10-15 10:17:54,088 [89ba96a8-01f6-4eff-81d6-f1c917046bcf@group-87A1D3FE09B1-LeaderElection22] INFO  impl.RoleInfo (RoleInfo.java:updateAndGet(143)) - 89ba96a8-01f6-4eff-81d6-f1c917046bcf: start LeaderState
2019-10-15 10:17:54,089 [89ba96a8-01f6-4eff-81d6-f1c917046bcf@group-87A1D3FE09B1-LeaderElection22] INFO  segmented.SegmentedRaftLogWorker (SegmentedRaftLogWorker.java:startLogSegment(385)) - 89ba96a8-01f6-4eff-81d6-f1c917046bcf@group-87A1D3FE09B1-SegmentedRaftLogWorker: Starting segment from index:0
2019-10-15 10:17:54,089 [5c35e004-52fd-4bd5-9e21-953e901c4805@group-5C71422AB869-LeaderElection21] INFO  impl.RaftServerImpl (ServerState.java:setRaftConf(356)) - 5c35e004-52fd-4bd5-9e21-953e901c4805@group-5C71422AB869: set configuration 0: [5c35e004-52fd-4bd5-9e21-953e901c4805:192.168.69.65:36838], old=null at 0
2019-10-15 10:17:54,105 [89ba96a8-01f6-4eff-81d6-f1c917046bcf@group-87A1D3FE09B1-LeaderElection22] INFO  impl.RaftServerImpl (ServerState.java:setRaftConf(356)) - 89ba96a8-01f6-4eff-81d6-f1c917046bcf@group-87A1D3FE09B1: set configuration 0: [89ba96a8-01f6-4eff-81d6-f1c917046bcf:192.168.69.65:44393], old=null at 0
2019-10-15 10:17:54,128 [5c35e004-52fd-4bd5-9e21-953e901c4805@group-5C71422AB869-SegmentedRaftLogWorker] INFO  segmented.SegmentedRaftLogWorker (SegmentedRaftLogWorker.java:execute(574)) - 5c35e004-52fd-4bd5-9e21-953e901c4805@group-5C71422AB869-SegmentedRaftLogWorker: created new log segment /workdir/hadoop-ozone/integration-test/target/test-dir/MiniOzoneClusterImpl-d2dc297f-df8e-434f-8420-d555204b07d2/datanode-4/data/ratis/96afde81-ff74-455a-88a3-5c71422ab869/current/log_inprogress_0
2019-10-15 10:17:54,130 [89ba96a8-01f6-4eff-81d6-f1c917046bcf@group-87A1D3FE09B1-SegmentedRaftLogWorker] INFO  segmented.SegmentedRaftLogWorker (SegmentedRaftLogWorker.java:execute(574)) - 89ba96a8-01f6-4eff-81d6-f1c917046bcf@group-87A1D3FE09B1-SegmentedRaftLogWorker: created new log segment /workdir/hadoop-ozone/integration-test/target/test-dir/MiniOzoneClusterImpl-d2dc297f-df8e-434f-8420-d555204b07d2/datanode-3/data/ratis/2d1d7b91-a4a8-4863-870b-87a1d3fe09b1/current/log_inprogress_0
2019-10-15 10:17:54,352 [Thread-723] INFO  impl.FollowerState (FollowerState.java:run(108)) - 7ef9c21a-99e3-42fb-b6ea-bac56b4f4f52@group-B6A489AB804C-FollowerState: change to CANDIDATE, lastRpcTime:5076ms, electionTimeout:5076ms
2019-10-15 10:17:54,352 [Thread-723] INFO  impl.RoleInfo (RoleInfo.java:shutdownFollowerState(121)) - 7ef9c21a-99e3-42fb-b6ea-bac56b4f4f52: shutdown FollowerState
2019-10-15 10:17:54,352 [Thread-723] INFO  impl.RaftServerImpl (RaftServerImpl.java:setRole(170)) - 7ef9c21a-99e3-42fb-b6ea-bac56b4f4f52@group-B6A489AB804C: changes role from  FOLLOWER to CANDIDATE at term 0 for changeToCandidate
2019-10-15 10:17:54,352 [Thread-723] INFO  impl.RoleInfo (RoleInfo.java:updateAndGet(143)) - 7ef9c21a-99e3-42fb-b6ea-bac56b4f4f52: start LeaderElection
2019-10-15 10:17:54,358 [Thread-728] INFO  impl.FollowerState (FollowerState.java:run(108)) - 89ba96a8-01f6-4eff-81d6-f1c917046bcf@group-B0BE37076236-FollowerState: change to CANDIDATE, lastRpcTime:5000ms, electionTimeout:5000ms
2019-10-15 10:17:54,358 [Thread-728] INFO  impl.RoleInfo (RoleInfo.java:shutdownFollowerState(121)) - 89ba96a8-01f6-4eff-81d6-f1c917046bcf: shutdown FollowerState
2019-10-15 10:17:54,358 [Thread-728] INFO  impl.RaftServerImpl (RaftServerImpl.java:setRole(170)) - 89ba96a8-01f6-4eff-81d6-f1c917046bcf@group-B0BE37076236: changes role from  FOLLOWER to CANDIDATE at term 0 for changeToCandidate
2019-10-15 10:17:54,358 [Thread-728] INFO  impl.RoleInfo (RoleInfo.java:updateAndGet(143)) - 89ba96a8-01f6-4eff-81d6-f1c917046bcf: start LeaderElection
2019-10-15 10:17:54,369 [7ef9c21a-99e3-42fb-b6ea-bac56b4f4f52@group-B6A489AB804C-LeaderElection23] INFO  impl.LeaderElection (LeaderElection.java:askForVotes(178)) - 7ef9c21a-99e3-42fb-b6ea-bac56b4f4f52@group-B6A489AB804C-LeaderElection23: begin an election at term 1 for -1: [7ef9c21a-99e3-42fb-b6ea-bac56b4f4f52:192.168.69.65:35222], old=null
2019-10-15 10:17:54,369 [89ba96a8-01f6-4eff-81d6-f1c917046bcf@group-B0BE37076236-LeaderElection24] INFO  impl.LeaderElection (LeaderElection.java:askForVotes(178)) - 89ba96a8-01f6-4eff-81d6-f1c917046bcf@group-B0BE37076236-LeaderElection24: begin an election at term 1 for -1: [89ba96a8-01f6-4eff-81d6-f1c917046bcf:192.168.69.65:44393, a626a13b-9fbf-45e4-ad69-b33ead2c725a:192.168.69.65:36802, 7ef9c21a-99e3-42fb-b6ea-bac56b4f4f52:192.168.69.65:35222], old=null
2019-10-15 10:17:54,369 [7ef9c21a-99e3-42fb-b6ea-bac56b4f4f52@group-B6A489AB804C-LeaderElection23] INFO  impl.RoleInfo (RoleInfo.java:shutdownLeaderElection(134)) - 7ef9c21a-99e3-42fb-b6ea-bac56b4f4f52: shutdown LeaderElection
2019-10-15 10:17:54,369 [7ef9c21a-99e3-42fb-b6ea-bac56b4f4f52@group-B6A489AB804C-LeaderElection23] INFO  impl.RaftServerImpl (RaftServerImpl.java:setRole(170)) - 7ef9c21a-99e3-42fb-b6ea-bac56b4f4f52@group-B6A489AB804C: changes role from CANDIDATE to LEADER at term 1 for changeToLeader
2019-10-15 10:17:54,369 [7ef9c21a-99e3-42fb-b6ea-bac56b4f4f52@group-B6A489AB804C-LeaderElection23] INFO  impl.RaftServerImpl (ServerState.java:setLeader(255)) - 7ef9c21a-99e3-42fb-b6ea-bac56b4f4f52@group-B6A489AB804C: change Leader from null to 7ef9c21a-99e3-42fb-b6ea-bac56b4f4f52 at term 1 for becomeLeader, leader elected after 5103ms
2019-10-15 10:17:54,377 [7ef9c21a-99e3-42fb-b6ea-bac56b4f4f52@group-B6A489AB804C-LeaderElection23] INFO  server.RaftServerConfigKeys (ConfUtils.java:logGet(43)) - raft.server.staging.catchup.gap = 1000 (default)
2019-10-15 10:17:54,377 [7ef9c21a-99e3-42fb-b6ea-bac56b4f4f52@group-B6A489AB804C-LeaderElection23] INFO  server.RaftServerConfigKeys (ConfUtils.java:logGet(43)) - raft.server.rpc.sleep.time = 25ms (default)
2019-10-15 10:17:54,377 [7ef9c21a-99e3-42fb-b6ea-bac56b4f4f52@group-B6A489AB804C-LeaderElection23] INFO  server.RaftServerConfigKeys (ConfUtils.java:logGet(43)) - raft.server.write.element-limit = 4096 (default)
2019-10-15 10:17:54,377 [7ef9c21a-99e3-42fb-b6ea-bac56b4f4f52@group-B6A489AB804C-LeaderElection23] INFO  server.RaftServerConfigKeys (ConfUtils.java:logGet(43)) - raft.server.watch.timeout = 10s (default)
2019-10-15 10:17:54,377 [7ef9c21a-99e3-42fb-b6ea-bac56b4f4f52@group-B6A489AB804C-LeaderElection23] INFO  server.RaftServerConfigKeys (ConfUtils.java:logGet(43)) - raft.server.watch.timeout.denomination = 1s (default)
2019-10-15 10:17:54,377 [7ef9c21a-99e3-42fb-b6ea-bac56b4f4f52@group-B6A489AB804C-LeaderElection23] INFO  server.RaftServerConfigKeys (ConfUtils.java:logGet(43)) - raft.server.watch.element-limit = 65536 (default)
2019-10-15 10:17:54,379 [7ef9c21a-99e3-42fb-b6ea-bac56b4f4f52@group-B6A489AB804C-LeaderElection23] INFO  impl.RoleInfo (RoleInfo.java:updateAndGet(143)) - 7ef9c21a-99e3-42fb-b6ea-bac56b4f4f52: start LeaderState
2019-10-15 10:17:54,380 [7ef9c21a-99e3-42fb-b6ea-bac56b4f4f52@group-B6A489AB804C-LeaderElection23] INFO  segmented.SegmentedRaftLogWorker (SegmentedRaftLogWorker.java:startLogSegment(385)) - 7ef9c21a-99e3-42fb-b6ea-bac56b4f4f52@group-B6A489AB804C-SegmentedRaftLogWorker: Starting segment from index:0
2019-10-15 10:17:54,380 [7ef9c21a-99e3-42fb-b6ea-bac56b4f4f52@group-B6A489AB804C-LeaderElection23] INFO  impl.RaftServerImpl (ServerState.java:setRaftConf(356)) - 7ef9c21a-99e3-42fb-b6ea-bac56b4f4f52@group-B6A489AB804C: set configuration 0: [7ef9c21a-99e3-42fb-b6ea-bac56b4f4f52:192.168.69.65:35222], old=null at 0
2019-10-15 10:17:54,403 [grpc-default-executor-3] INFO  impl.RaftServerImpl (RaftServerImpl.java:setRole(170)) - 7ef9c21a-99e3-42fb-b6ea-bac56b4f4f52@group-B0BE37076236: changes role from  FOLLOWER to FOLLOWER at term 1 for recognizeCandidate:89ba96a8-01f6-4eff-81d6-f1c917046bcf
2019-10-15 10:17:54,403 [grpc-default-executor-5] INFO  impl.RaftServerImpl (RaftServerImpl.java:setRole(170)) - a626a13b-9fbf-45e4-ad69-b33ead2c725a@group-B0BE37076236: changes role from  FOLLOWER to FOLLOWER at term 1 for recognizeCandidate:89ba96a8-01f6-4eff-81d6-f1c917046bcf
2019-10-15 10:17:54,403 [grpc-default-executor-3] INFO  impl.RoleInfo (RoleInfo.java:shutdownFollowerState(121)) - 7ef9c21a-99e3-42fb-b6ea-bac56b4f4f52: shutdown FollowerState
2019-10-15 10:17:54,403 [grpc-default-executor-5] INFO  impl.RoleInfo (RoleInfo.java:shutdownFollowerState(121)) - a626a13b-9fbf-45e4-ad69-b33ead2c725a: shutdown FollowerState
2019-10-15 10:17:54,404 [grpc-default-executor-3] INFO  impl.RoleInfo (RoleInfo.java:updateAndGet(143)) - 7ef9c21a-99e3-42fb-b6ea-bac56b4f4f52: start FollowerState
2019-10-15 10:17:54,404 [Thread-730] INFO  impl.FollowerState (FollowerState.java:run(117)) - 7ef9c21a-99e3-42fb-b6ea-bac56b4f4f52@group-B0BE37076236-FollowerState was interrupted: java.lang.InterruptedException: sleep interrupted
2019-10-15 10:17:54,404 [Thread-729] INFO  impl.FollowerState (FollowerState.java:run(117)) - a626a13b-9fbf-45e4-ad69-b33ead2c725a@group-B0BE37076236-FollowerState was interrupted: java.lang.InterruptedException: sleep interrupted
2019-10-15 10:17:54,404 [grpc-default-executor-5] INFO  impl.RoleInfo (RoleInfo.java:updateAndGet(143)) - a626a13b-9fbf-45e4-ad69-b33ead2c725a: start FollowerState
2019-10-15 10:17:54,415 [7ef9c21a-99e3-42fb-b6ea-bac56b4f4f52@group-B6A489AB804C-SegmentedRaftLogWorker] INFO  segmented.SegmentedRaftLogWorker (SegmentedRaftLogWorker.java:execute(574)) - 7ef9c21a-99e3-42fb-b6ea-bac56b4f4f52@group-B6A489AB804C-SegmentedRaftLogWorker: created new log segment /workdir/hadoop-ozone/integration-test/target/test-dir/MiniOzoneClusterImpl-d2dc297f-df8e-434f-8420-d555204b07d2/datanode-6/data/ratis/f784fed7-c18a-4406-b3d0-b6a489ab804c/current/log_inprogress_0
2019-10-15 10:17:54,417 [89ba96a8-01f6-4eff-81d6-f1c917046bcf@group-B0BE37076236-LeaderElection24] INFO  impl.LeaderElection (LeaderElection.java:logAndReturn(56)) - 89ba96a8-01f6-4eff-81d6-f1c917046bcf@group-B0BE37076236-LeaderElection24: Election PASSED; received 1 response(s) [89ba96a8-01f6-4eff-81d6-f1c917046bcf<-a626a13b-9fbf-45e4-ad69-b33ead2c725a#0:OK-t1] and 0 exception(s); 89ba96a8-01f6-4eff-81d6-f1c917046bcf@group-B0BE37076236:t1, leader=null, voted=89ba96a8-01f6-4eff-81d6-f1c917046bcf, raftlog=89ba96a8-01f6-4eff-81d6-f1c917046bcf@group-B0BE37076236-SegmentedRaftLog:OPENED:c-1,f-1,i0, conf=-1: [89ba96a8-01f6-4eff-81d6-f1c917046bcf:192.168.69.65:44393, a626a13b-9fbf-45e4-ad69-b33ead2c725a:192.168.69.65:36802, 7ef9c21a-99e3-42fb-b6ea-bac56b4f4f52:192.168.69.65:35222], old=null
2019-10-15 10:17:54,417 [89ba96a8-01f6-4eff-81d6-f1c917046bcf@group-B0BE37076236-LeaderElection24] INFO  impl.RoleInfo (RoleInfo.java:shutdownLeaderElection(134)) - 89ba96a8-01f6-4eff-81d6-f1c917046bcf: shutdown LeaderElection
2019-10-15 10:17:54,417 [89ba96a8-01f6-4eff-81d6-f1c917046bcf@group-B0BE37076236-LeaderElection24] INFO  impl.RaftServerImpl (RaftServerImpl.java:setRole(170)) - 89ba96a8-01f6-4eff-81d6-f1c917046bcf@group-B0BE37076236: changes role from CANDIDATE to LEADER at term 1 for changeToLeader
2019-10-15 10:17:54,417 [89ba96a8-01f6-4eff-81d6-f1c917046bcf@group-B0BE37076236-LeaderElection24] INFO  impl.RaftServerImpl (ServerState.java:setLeader(255)) - 89ba96a8-01f6-4eff-81d6-f1c917046bcf@group-B0BE37076236: change Leader from null to 89ba96a8-01f6-4eff-81d6-f1c917046bcf at term 1 for becomeLeader, leader elected after 5069ms
2019-10-15 10:17:54,418 [89ba96a8-01f6-4eff-81d6-f1c917046bcf@group-B0BE37076236-LeaderElection24] INFO  server.RaftServerConfigKeys (ConfUtils.java:logGet(43)) - raft.server.staging.catchup.gap = 1000 (default)
2019-10-15 10:17:54,418 [89ba96a8-01f6-4eff-81d6-f1c917046bcf@group-B0BE37076236-LeaderElection24] INFO  server.RaftServerConfigKeys (ConfUtils.java:logGet(43)) - raft.server.rpc.sleep.time = 25ms (default)
2019-10-15 10:17:54,418 [89ba96a8-01f6-4eff-81d6-f1c917046bcf@group-B0BE37076236-LeaderElection24] INFO  server.RaftServerConfigKeys (ConfUtils.java:logGet(43)) - raft.server.write.element-limit = 4096 (default)
2019-10-15 10:17:54,418 [89ba96a8-01f6-4eff-81d6-f1c917046bcf@group-B0BE37076236-LeaderElection24] INFO  server.RaftServerConfigKeys (ConfUtils.java:logGet(43)) - raft.server.watch.timeout = 10s (default)
2019-10-15 10:17:54,418 [89ba96a8-01f6-4eff-81d6-f1c917046bcf@group-B0BE37076236-LeaderElection24] INFO  server.RaftServerConfigKeys (ConfUtils.java:logGet(43)) - raft.server.watch.timeout.denomination = 1s (default)
2019-10-15 10:17:54,418 [89ba96a8-01f6-4eff-81d6-f1c917046bcf@group-B0BE37076236-LeaderElection24] INFO  server.RaftServerConfigKeys (ConfUtils.java:logGet(43)) - raft.server.watch.element-limit = 65536 (default)
2019-10-15 10:17:54,421 [89ba96a8-01f6-4eff-81d6-f1c917046bcf@group-B0BE37076236-LeaderElection24] INFO  server.RaftServerConfigKeys (ConfUtils.java:logGet(43)) - raft.server.log.appender.snapshot.chunk.size.max = 16MB (=16777216) (default)
2019-10-15 10:17:54,421 [89ba96a8-01f6-4eff-81d6-f1c917046bcf@group-B0BE37076236-LeaderElection24] INFO  server.RaftServerConfigKeys (ConfUtils.java:logGet(43)) - raft.server.log.appender.buffer.byte-limit = 33554432 (custom)
2019-10-15 10:17:54,421 [89ba96a8-01f6-4eff-81d6-f1c917046bcf@group-B0BE37076236-LeaderElection24] INFO  server.RaftServerConfigKeys (ConfUtils.java:logGet(43)) - raft.server.log.appender.buffer.element-limit = 1 (custom)
2019-10-15 10:17:54,421 [89ba96a8-01f6-4eff-81d6-f1c917046bcf@group-B0BE37076236-LeaderElection24] INFO  grpc.GrpcConfigKeys$Server (ConfUtils.java:logGet(43)) - raft.grpc.server.leader.outstanding.appends.max = 128 (default)
2019-10-15 10:17:54,421 [89ba96a8-01f6-4eff-81d6-f1c917046bcf@group-B0BE37076236-LeaderElection24] INFO  server.RaftServerConfigKeys (ConfUtils.java:logGet(43)) - raft.server.rpc.request.timeout = 3000ms (default)
2019-10-15 10:17:54,422 [89ba96a8-01f6-4eff-81d6-f1c917046bcf@group-B0BE37076236-LeaderElection24] INFO  server.RaftServerConfigKeys (ConfUtils.java:logGet(43)) - raft.server.log.appender.install.snapshot.enabled = false (custom)
2019-10-15 10:17:54,422 [89ba96a8-01f6-4eff-81d6-f1c917046bcf@group-B0BE37076236-LeaderElection24] INFO  server.RaftServerConfigKeys (ConfUtils.java:logGet(43)) - raft.server.log.appender.snapshot.chunk.size.max = 16MB (=16777216) (default)
2019-10-15 10:17:54,422 [89ba96a8-01f6-4eff-81d6-f1c917046bcf@group-B0BE37076236-LeaderElection24] INFO  server.RaftServerConfigKeys (ConfUtils.java:logGet(43)) - raft.server.log.appender.buffer.byte-limit = 33554432 (custom)
2019-10-15 10:17:54,422 [89ba96a8-01f6-4eff-81d6-f1c917046bcf@group-B0BE37076236-LeaderElection24] INFO  server.RaftServerConfigKeys (ConfUtils.java:logGet(43)) - raft.server.log.appender.buffer.element-limit = 1 (custom)
2019-10-15 10:17:54,422 [89ba96a8-01f6-4eff-81d6-f1c917046bcf@group-B0BE37076236-LeaderElection24] INFO  grpc.GrpcConfigKeys$Server (ConfUtils.java:logGet(43)) - raft.grpc.server.leader.outstanding.appends.max = 128 (default)
2019-10-15 10:17:54,423 [89ba96a8-01f6-4eff-81d6-f1c917046bcf@group-B0BE37076236-LeaderElection24] INFO  server.RaftServerConfigKeys (ConfUtils.java:logGet(43)) - raft.server.rpc.request.timeout = 3000ms (default)
2019-10-15 10:17:54,423 [89ba96a8-01f6-4eff-81d6-f1c917046bcf@group-B0BE37076236-LeaderElection24] INFO  server.RaftServerConfigKeys (ConfUtils.java:logGet(43)) - raft.server.log.appender.install.snapshot.enabled = false (custom)
2019-10-15 10:17:54,423 [89ba96a8-01f6-4eff-81d6-f1c917046bcf@group-B0BE37076236-LeaderElection24] INFO  impl.RoleInfo (RoleInfo.java:updateAndGet(143)) - 89ba96a8-01f6-4eff-81d6-f1c917046bcf: start LeaderState
2019-10-15 10:17:54,423 [89ba96a8-01f6-4eff-81d6-f1c917046bcf@group-B0BE37076236-LeaderElection24] INFO  segmented.SegmentedRaftLogWorker (SegmentedRaftLogWorker.java:startLogSegment(385)) - 89ba96a8-01f6-4eff-81d6-f1c917046bcf@group-B0BE37076236-SegmentedRaftLogWorker: Starting segment from index:0
2019-10-15 10:17:54,424 [89ba96a8-01f6-4eff-81d6-f1c917046bcf@group-B0BE37076236-LeaderElection24] INFO  impl.RaftServerImpl (ServerState.java:setRaftConf(356)) - 89ba96a8-01f6-4eff-81d6-f1c917046bcf@group-B0BE37076236: set configuration 0: [89ba96a8-01f6-4eff-81d6-f1c917046bcf:192.168.69.65:44393, a626a13b-9fbf-45e4-ad69-b33ead2c725a:192.168.69.65:36802, 7ef9c21a-99e3-42fb-b6ea-bac56b4f4f52:192.168.69.65:35222], old=null at 0
2019-10-15 10:17:54,426 [grpc-default-executor-3] INFO  impl.RaftServerImpl (ServerState.java:setLeader(255)) - 7ef9c21a-99e3-42fb-b6ea-bac56b4f4f52@group-B0BE37076236: change Leader from null to 89ba96a8-01f6-4eff-81d6-f1c917046bcf at term 1 for appendEntries, leader elected after 5077ms
2019-10-15 10:17:54,463 [grpc-default-executor-5] INFO  impl.RaftServerImpl (ServerState.java:setLeader(255)) - a626a13b-9fbf-45e4-ad69-b33ead2c725a@group-B0BE37076236: change Leader from null to 89ba96a8-01f6-4eff-81d6-f1c917046bcf at term 1 for appendEntries, leader elected after 5114ms
2019-10-15 10:17:54,467 [grpc-default-executor-5] INFO  impl.RaftServerImpl (ServerState.java:setRaftConf(356)) - 7ef9c21a-99e3-42fb-b6ea-bac56b4f4f52@group-B0BE37076236: set configuration 0: [89ba96a8-01f6-4eff-81d6-f1c917046bcf:192.168.69.65:44393, a626a13b-9fbf-45e4-ad69-b33ead2c725a:192.168.69.65:36802, 7ef9c21a-99e3-42fb-b6ea-bac56b4f4f52:192.168.69.65:35222], old=null at 0
2019-10-15 10:17:54,467 [grpc-default-executor-5] INFO  segmented.SegmentedRaftLogWorker (SegmentedRaftLogWorker.java:startLogSegment(385)) - 7ef9c21a-99e3-42fb-b6ea-bac56b4f4f52@group-B0BE37076236-SegmentedRaftLogWorker: Starting segment from index:0
2019-10-15 10:17:54,468 [grpc-default-executor-3] INFO  impl.RaftServerImpl (ServerState.java:setRaftConf(356)) - a626a13b-9fbf-45e4-ad69-b33ead2c725a@group-B0BE37076236: set configuration 0: [89ba96a8-01f6-4eff-81d6-f1c917046bcf:192.168.69.65:44393, a626a13b-9fbf-45e4-ad69-b33ead2c725a:192.168.69.65:36802, 7ef9c21a-99e3-42fb-b6ea-bac56b4f4f52:192.168.69.65:35222], old=null at 0
2019-10-15 10:17:54,468 [grpc-default-executor-3] INFO  segmented.SegmentedRaftLogWorker (SegmentedRaftLogWorker.java:startLogSegment(385)) - a626a13b-9fbf-45e4-ad69-b33ead2c725a@group-B0BE37076236-SegmentedRaftLogWorker: Starting segment from index:0
2019-10-15 10:17:54,484 [89ba96a8-01f6-4eff-81d6-f1c917046bcf@group-B0BE37076236-SegmentedRaftLogWorker] INFO  segmented.SegmentedRaftLogWorker (SegmentedRaftLogWorker.java:execute(574)) - 89ba96a8-01f6-4eff-81d6-f1c917046bcf@group-B0BE37076236-SegmentedRaftLogWorker: created new log segment /workdir/hadoop-ozone/integration-test/target/test-dir/MiniOzoneClusterImpl-d2dc297f-df8e-434f-8420-d555204b07d2/datanode-3/data/ratis/d85e2853-c671-430b-bad9-b0be37076236/current/log_inprogress_0
2019-10-15 10:17:54,511 [a626a13b-9fbf-45e4-ad69-b33ead2c725a@group-B0BE37076236-SegmentedRaftLogWorker] INFO  segmented.SegmentedRaftLogWorker (SegmentedRaftLogWorker.java:execute(574)) - a626a13b-9fbf-45e4-ad69-b33ead2c725a@group-B0BE37076236-SegmentedRaftLogWorker: created new log segment /workdir/hadoop-ozone/integration-test/target/test-dir/MiniOzoneClusterImpl-d2dc297f-df8e-434f-8420-d555204b07d2/datanode-5/data/ratis/d85e2853-c671-430b-bad9-b0be37076236/current/log_inprogress_0
2019-10-15 10:17:54,511 [7ef9c21a-99e3-42fb-b6ea-bac56b4f4f52@group-B0BE37076236-SegmentedRaftLogWorker] INFO  segmented.SegmentedRaftLogWorker (SegmentedRaftLogWorker.java:execute(574)) - 7ef9c21a-99e3-42fb-b6ea-bac56b4f4f52@group-B0BE37076236-SegmentedRaftLogWorker: created new log segment /workdir/hadoop-ozone/integration-test/target/test-dir/MiniOzoneClusterImpl-d2dc297f-df8e-434f-8420-d555204b07d2/datanode-6/data/ratis/d85e2853-c671-430b-bad9-b0be37076236/current/log_inprogress_0
2019-10-15 10:17:55,550 [RatisApplyTransactionExecutor 1] ERROR ratis.ContainerStateMachine (ContainerStateMachine.java:lambda$applyTransaction$6(739)) - gid group-B0BE37076236 : ApplyTransaction failed. cmd CreateContainer logIndex 7 exception {}
java.lang.IllegalArgumentException
	at com.google.common.base.Preconditions.checkArgument(Preconditions.java:72)
	at org.apache.hadoop.ozone.container.keyvalue.KeyValueHandler.handleCreateContainer(KeyValueHandler.java:217)
	at org.apache.hadoop.ozone.container.keyvalue.KeyValueHandler.handle(KeyValueHandler.java:152)
	at org.apache.hadoop.ozone.container.common.impl.HddsDispatcher.dispatchRequest(HddsDispatcher.java:277)
	at org.apache.hadoop.ozone.container.common.impl.HddsDispatcher.dispatch(HddsDispatcher.java:150)
	at org.apache.hadoop.ozone.container.common.transport.server.ratis.ContainerStateMachine.dispatchCommand(ContainerStateMachine.java:413)
	at org.apache.hadoop.ozone.container.common.transport.server.ratis.ContainerStateMachine.runCommand(ContainerStateMachine.java:423)
	at org.apache.hadoop.ozone.container.common.transport.server.ratis.ContainerStateMachine.lambda$applyTransaction$6(ContainerStateMachine.java:737)
	at java.util.concurrent.CompletableFuture$AsyncSupply.run(CompletableFuture.java:1590)
	at java.util.concurrent.ThreadPoolExecutor.runWorker(ThreadPoolExecutor.java:1149)
	at java.util.concurrent.ThreadPoolExecutor$Worker.run(ThreadPoolExecutor.java:624)
	at java.lang.Thread.run(Thread.java:748)
2019-10-15 10:17:55,566 [RatisApplyTransactionExecutor 1] ERROR ratis.ContainerStateMachine (ContainerStateMachine.java:lambda$applyTransaction$6(739)) - gid group-B0BE37076236 : ApplyTransaction failed. cmd CreateContainer logIndex 7 exception {}
java.lang.IllegalArgumentException
	at com.google.common.base.Preconditions.checkArgument(Preconditions.java:72)
	at org.apache.hadoop.ozone.container.keyvalue.KeyValueHandler.handleCreateContainer(KeyValueHandler.java:217)
	at org.apache.hadoop.ozone.container.keyvalue.KeyValueHandler.handle(KeyValueHandler.java:152)
	at org.apache.hadoop.ozone.container.common.impl.HddsDispatcher.dispatchRequest(HddsDispatcher.java:277)
	at org.apache.hadoop.ozone.container.common.impl.HddsDispatcher.dispatch(HddsDispatcher.java:150)
	at org.apache.hadoop.ozone.container.common.transport.server.ratis.ContainerStateMachine.dispatchCommand(ContainerStateMachine.java:413)
	at org.apache.hadoop.ozone.container.common.transport.server.ratis.ContainerStateMachine.runCommand(ContainerStateMachine.java:423)
	at org.apache.hadoop.ozone.container.common.transport.server.ratis.ContainerStateMachine.lambda$applyTransaction$6(ContainerStateMachine.java:737)
	at java.util.concurrent.CompletableFuture$AsyncSupply.run(CompletableFuture.java:1590)
	at java.util.concurrent.ThreadPoolExecutor.runWorker(ThreadPoolExecutor.java:1149)
	at java.util.concurrent.ThreadPoolExecutor$Worker.run(ThreadPoolExecutor.java:624)
	at java.lang.Thread.run(Thread.java:748)
2019-10-15 10:17:55,566 [RatisApplyTransactionExecutor 1] ERROR ratis.ContainerStateMachine (ContainerStateMachine.java:lambda$applyTransaction$6(739)) - gid group-B0BE37076236 : ApplyTransaction failed. cmd CreateContainer logIndex 7 exception {}
java.lang.IllegalArgumentException
	at com.google.common.base.Preconditions.checkArgument(Preconditions.java:72)
	at org.apache.hadoop.ozone.container.keyvalue.KeyValueHandler.handleCreateContainer(KeyValueHandler.java:217)
	at org.apache.hadoop.ozone.container.keyvalue.KeyValueHandler.handle(KeyValueHandler.java:152)
	at org.apache.hadoop.ozone.container.common.impl.HddsDispatcher.dispatchRequest(HddsDispatcher.java:277)
	at org.apache.hadoop.ozone.container.common.impl.HddsDispatcher.dispatch(HddsDispatcher.java:150)
	at org.apache.hadoop.ozone.container.common.transport.server.ratis.ContainerStateMachine.dispatchCommand(ContainerStateMachine.java:413)
	at org.apache.hadoop.ozone.container.common.transport.server.ratis.ContainerStateMachine.runCommand(ContainerStateMachine.java:423)
	at org.apache.hadoop.ozone.container.common.transport.server.ratis.ContainerStateMachine.lambda$applyTransaction$6(ContainerStateMachine.java:737)
	at java.util.concurrent.CompletableFuture$AsyncSupply.run(CompletableFuture.java:1590)
	at java.util.concurrent.ThreadPoolExecutor.runWorker(ThreadPoolExecutor.java:1149)
	at java.util.concurrent.ThreadPoolExecutor$Worker.run(ThreadPoolExecutor.java:624)
	at java.lang.Thread.run(Thread.java:748)
2019-10-15 10:19:27,479 [main] INFO  ozone.MiniOzoneClusterImpl (MiniOzoneClusterImpl.java:shutdown(314)) - Shutting down the Mini Ozone Cluster
2019-10-15 10:19:27,481 [main] INFO  ozone.MiniOzoneClusterImpl (MiniOzoneClusterImpl.java:stop(330)) - Stopping the Mini Ozone Cluster
2019-10-15 10:19:27,481 [main] INFO  ozone.MiniOzoneClusterImpl (MiniOzoneClusterImpl.java:stopOM(400)) - Stopping the OzoneManager
2019-10-15 10:19:27,481 [main] INFO  ipc.Server (Server.java:stop(3082)) - Stopping server on 39541
2019-10-15 10:19:27,493 [IPC Server listener on 39541] INFO  ipc.Server (Server.java:run(1185)) - Stopping IPC Server listener on 39541
2019-10-15 10:19:27,496 [main] INFO  ratis.OzoneManagerDoubleBuffer (OzoneManagerDoubleBuffer.java:stop(250)) - Stopping OMDoubleBuffer flush thread
2019-10-15 10:19:27,498 [IPC Server Responder] INFO  ipc.Server (Server.java:run(1319)) - Stopping IPC Server Responder
2019-10-15 10:19:27,521 [OMDoubleBufferFlushThread] INFO  ratis.OzoneManagerDoubleBuffer (OzoneManagerDoubleBuffer.java:flushTransactions(193)) - OMDoubleBuffer flush thread OMDoubleBufferFlushThread is interrupted and will exit. OMDoubleBufferFlushThread
2019-10-15 10:19:27,521 [main] INFO  utils.BackgroundService (BackgroundService.java:shutdown(151)) - Shutting down service KeyDeletingService
2019-10-15 10:19:27,524 [main] INFO  handler.ContextHandler (ContextHandler.java:doStop(910)) - Stopped o.e.j.w.WebAppContext@6badba10{/,null,UNAVAILABLE}{/ozoneManager}
2019-10-15 10:19:27,525 [main] INFO  server.AbstractConnector (AbstractConnector.java:doStop(318)) - Stopped ServerConnector@2b7e8044{HTTP/1.1,[http/1.1]}{0.0.0.0:0}
2019-10-15 10:19:27,525 [main] INFO  handler.ContextHandler (ContextHandler.java:doStop(910)) - Stopped o.e.j.s.ServletContextHandler@72503b19{/static,file:///workdir/hadoop-ozone/integration-test/target/test-classes/webapps/static,UNAVAILABLE}
2019-10-15 10:19:27,526 [main] INFO  handler.ContextHandler (ContextHandler.java:doStop(910)) - Stopped o.e.j.s.ServletContextHandler@124d02b2{/logs,file:///workdir/hadoop-ozone/integration-test/target/log,UNAVAILABLE}
2019-10-15 10:19:27,530 [main] INFO  ozone.MiniOzoneClusterImpl (MiniOzoneClusterImpl.java:stopDatanodes(377)) - Stopping the HddsDatanodes
2019-10-15 10:19:27,609 [Datanode State Machine Thread - 0] INFO  statemachine.DatanodeStateMachine (DatanodeStateMachine.java:lambda$startDaemon$0(350)) - Ozone container server started.
2019-10-15 10:19:27,851 [Datanode State Machine Thread - 0] INFO  statemachine.DatanodeStateMachine (DatanodeStateMachine.java:lambda$startDaemon$0(350)) - Ozone container server started.
2019-10-15 10:19:32,532 [ForkJoinPool.commonPool-worker-0] INFO  ozoneimpl.OzoneContainer (OzoneContainer.java:stop(227)) - Attempting to stop container services.
2019-10-15 10:19:32,532 [main] INFO  ozoneimpl.OzoneContainer (OzoneContainer.java:stop(227)) - Attempting to stop container services.
2019-10-15 10:19:32,533 [ForkJoinPool.commonPool-worker-0] INFO  impl.RaftServerProxy (RaftServerProxy.java:lambda$close$4(314)) - 99ab3c4c-c7dc-4c5d-a12b-23e9a64d5290: close
2019-10-15 10:19:32,534 [main] INFO  impl.RaftServerProxy (RaftServerProxy.java:lambda$close$4(314)) - 5c35e004-52fd-4bd5-9e21-953e901c4805: close
2019-10-15 10:19:32,534 [ForkJoinPool.commonPool-worker-0] INFO  impl.RaftServerImpl (RaftServerImpl.java:lambda$shutdown$3(247)) - 99ab3c4c-c7dc-4c5d-a12b-23e9a64d5290@group-7CAACF76A9E0: shutdown
2019-10-15 10:19:32,534 [main] INFO  impl.RaftServerImpl (RaftServerImpl.java:lambda$shutdown$3(247)) - 5c35e004-52fd-4bd5-9e21-953e901c4805@group-5C71422AB869: shutdown
2019-10-15 10:19:32,534 [ForkJoinPool.commonPool-worker-0] INFO  util.JmxRegister (JmxRegister.java:unregister(73)) - Successfully un-registered JMX Bean with object name Ratis:service=RaftServer,group=group-7CAACF76A9E0,id=99ab3c4c-c7dc-4c5d-a12b-23e9a64d5290
2019-10-15 10:19:32,535 [main] INFO  util.JmxRegister (JmxRegister.java:unregister(73)) - Successfully un-registered JMX Bean with object name Ratis:service=RaftServer,group=group-5C71422AB869,id=5c35e004-52fd-4bd5-9e21-953e901c4805
2019-10-15 10:19:32,535 [ForkJoinPool.commonPool-worker-0] INFO  impl.RoleInfo (RoleInfo.java:shutdownLeaderState(104)) - 99ab3c4c-c7dc-4c5d-a12b-23e9a64d5290: shutdown LeaderState
2019-10-15 10:19:32,535 [main] INFO  impl.RoleInfo (RoleInfo.java:shutdownLeaderState(104)) - 5c35e004-52fd-4bd5-9e21-953e901c4805: shutdown LeaderState
2019-10-15 10:19:32,536 [ForkJoinPool.commonPool-worker-0] INFO  impl.PendingRequests (PendingRequests.java:sendNotLeaderResponses(202)) - 99ab3c4c-c7dc-4c5d-a12b-23e9a64d5290@group-7CAACF76A9E0-PendingRequests: sendNotLeaderResponses
2019-10-15 10:19:32,536 [main] INFO  impl.PendingRequests (PendingRequests.java:sendNotLeaderResponses(202)) - 5c35e004-52fd-4bd5-9e21-953e901c4805@group-5C71422AB869-PendingRequests: sendNotLeaderResponses
2019-10-15 10:19:32,536 [ForkJoinPool.commonPool-worker-0] INFO  impl.StateMachineUpdater (StateMachineUpdater.java:stopAndJoin(136)) - 99ab3c4c-c7dc-4c5d-a12b-23e9a64d5290@group-7CAACF76A9E0-StateMachineUpdater: set stopIndex = 0
2019-10-15 10:19:32,536 [main] INFO  impl.StateMachineUpdater (StateMachineUpdater.java:stopAndJoin(136)) - 5c35e004-52fd-4bd5-9e21-953e901c4805@group-5C71422AB869-StateMachineUpdater: set stopIndex = 0
2019-10-15 10:19:32,537 [ForkJoinPool.commonPool-worker-0] INFO  impl.RaftServerImpl (ServerState.java:close(387)) - 99ab3c4c-c7dc-4c5d-a12b-23e9a64d5290@group-7CAACF76A9E0: closes. applyIndex: 0
2019-10-15 10:19:32,537 [main] INFO  impl.RaftServerImpl (ServerState.java:close(387)) - 5c35e004-52fd-4bd5-9e21-953e901c4805@group-5C71422AB869: closes. applyIndex: 0
2019-10-15 10:19:32,537 [99ab3c4c-c7dc-4c5d-a12b-23e9a64d5290@group-7CAACF76A9E0-SegmentedRaftLogWorker] INFO  segmented.SegmentedRaftLogWorker (SegmentedRaftLogWorker.java:run(316)) - 99ab3c4c-c7dc-4c5d-a12b-23e9a64d5290@group-7CAACF76A9E0-SegmentedRaftLogWorker was interrupted, exiting. There are 0 tasks remaining in the queue.
2019-10-15 10:19:32,538 [5c35e004-52fd-4bd5-9e21-953e901c4805@group-5C71422AB869-SegmentedRaftLogWorker] INFO  segmented.SegmentedRaftLogWorker (SegmentedRaftLogWorker.java:run(316)) - 5c35e004-52fd-4bd5-9e21-953e901c4805@group-5C71422AB869-SegmentedRaftLogWorker was interrupted, exiting. There are 0 tasks remaining in the queue.
2019-10-15 10:19:32,546 [main] INFO  segmented.SegmentedRaftLogWorker (SegmentedRaftLogWorker.java:close(224)) - 5c35e004-52fd-4bd5-9e21-953e901c4805@group-5C71422AB869-SegmentedRaftLogWorker close()
2019-10-15 10:19:32,546 [ForkJoinPool.commonPool-worker-0] INFO  segmented.SegmentedRaftLogWorker (SegmentedRaftLogWorker.java:close(224)) - 99ab3c4c-c7dc-4c5d-a12b-23e9a64d5290@group-7CAACF76A9E0-SegmentedRaftLogWorker close()
2019-10-15 10:19:32,550 [main] INFO  server.GrpcService (GrpcService.java:closeImpl(164)) - 5c35e004-52fd-4bd5-9e21-953e901c4805: shutdown server with port 36838 now
2019-10-15 10:19:32,553 [ForkJoinPool.commonPool-worker-0] INFO  impl.RaftServerImpl (RaftServerImpl.java:lambda$shutdown$3(247)) - 99ab3c4c-c7dc-4c5d-a12b-23e9a64d5290@group-51EE12963047: shutdown
2019-10-15 10:19:32,553 [ForkJoinPool.commonPool-worker-0] INFO  util.JmxRegister (JmxRegister.java:unregister(73)) - Successfully un-registered JMX Bean with object name Ratis:service=RaftServer,group=group-51EE12963047,id=99ab3c4c-c7dc-4c5d-a12b-23e9a64d5290
2019-10-15 10:19:32,555 [main] INFO  server.GrpcService (GrpcService.java:closeImpl(172)) - 5c35e004-52fd-4bd5-9e21-953e901c4805: shutdown server with port 36838 successfully
2019-10-15 10:19:32,555 [ForkJoinPool.commonPool-worker-0] INFO  impl.RoleInfo (RoleInfo.java:shutdownLeaderState(104)) - 99ab3c4c-c7dc-4c5d-a12b-23e9a64d5290: shutdown LeaderState
2019-10-15 10:19:32,559 [ForkJoinPool.commonPool-worker-0] INFO  impl.PendingRequests (PendingRequests.java:sendNotLeaderResponses(202)) - 99ab3c4c-c7dc-4c5d-a12b-23e9a64d5290@group-51EE12963047-PendingRequests: sendNotLeaderResponses
2019-10-15 10:19:32,560 [org.apache.ratis.server.impl.LogAppender$AppenderDaemon$$Lambda$546/1683341887@4fb29d03] WARN  server.GrpcLogAppender (GrpcLogAppender.java:mayWait(143)) - 99ab3c4c-c7dc-4c5d-a12b-23e9a64d5290@group-51EE12963047->0f7b2390-6b01-4aa9-9793-f543095052b0-GrpcLogAppender: Wait interrupted by java.lang.InterruptedException
2019-10-15 10:19:32,560 [org.apache.ratis.server.impl.LogAppender$AppenderDaemon$$Lambda$546/1683341887@cf367c5] WARN  server.GrpcLogAppender (GrpcLogAppender.java:mayWait(143)) - 99ab3c4c-c7dc-4c5d-a12b-23e9a64d5290@group-51EE12963047->82695c46-2a63-4540-a67a-64e0b0e312e9-GrpcLogAppender: Wait interrupted by java.lang.InterruptedException
2019-10-15 10:19:32,560 [ForkJoinPool.commonPool-worker-0] INFO  impl.StateMachineUpdater (StateMachineUpdater.java:stopAndJoin(136)) - 99ab3c4c-c7dc-4c5d-a12b-23e9a64d5290@group-51EE12963047-StateMachineUpdater: set stopIndex = 0
2019-10-15 10:19:32,561 [grpc-default-executor-0] INFO  server.GrpcServerProtocolService (GrpcServerProtocolService.java:onCompleted(113)) - 0f7b2390-6b01-4aa9-9793-f543095052b0: Completed APPEND_ENTRIES, lastRequest: 99ab3c4c-c7dc-4c5d-a12b-23e9a64d5290->0f7b2390-6b01-4aa9-9793-f543095052b0#40-t1, previous=(t:1, i:0), leaderCommit=0, initializing? false, entries: <empty>
2019-10-15 10:19:32,561 [grpc-default-executor-3] INFO  server.GrpcServerProtocolService (GrpcServerProtocolService.java:onCompleted(113)) - 82695c46-2a63-4540-a67a-64e0b0e312e9: Completed APPEND_ENTRIES, lastRequest: 99ab3c4c-c7dc-4c5d-a12b-23e9a64d5290->82695c46-2a63-4540-a67a-64e0b0e312e9#40-t1, previous=(t:1, i:0), leaderCommit=0, initializing? false, entries: <empty>
2019-10-15 10:19:32,561 [ForkJoinPool.commonPool-worker-0] INFO  impl.RaftServerImpl (ServerState.java:close(387)) - 99ab3c4c-c7dc-4c5d-a12b-23e9a64d5290@group-51EE12963047: closes. applyIndex: 0
2019-10-15 10:19:32,561 [refreshUsed-/workdir/hadoop-ozone/integration-test/target/test-dir/MiniOzoneClusterImpl-d2dc297f-df8e-434f-8420-d555204b07d2/datanode-4/data/containers] WARN  fs.CachingGetSpaceUsed (CachingGetSpaceUsed.java:run(183)) - Thread Interrupted waiting to refresh disk information: sleep interrupted
2019-10-15 10:19:32,561 [grpc-default-executor-3] INFO  server.GrpcLogAppender (GrpcLogAppender.java:onCompleted(293)) - 99ab3c4c-c7dc-4c5d-a12b-23e9a64d5290@group-51EE12963047->0f7b2390-6b01-4aa9-9793-f543095052b0-AppendLogResponseHandler: follower responses appendEntries COMPLETED
2019-10-15 10:19:32,561 [grpc-default-executor-0] INFO  server.GrpcLogAppender (GrpcLogAppender.java:onCompleted(293)) - 99ab3c4c-c7dc-4c5d-a12b-23e9a64d5290@group-51EE12963047->82695c46-2a63-4540-a67a-64e0b0e312e9-AppendLogResponseHandler: follower responses appendEntries COMPLETED
2019-10-15 10:19:32,561 [99ab3c4c-c7dc-4c5d-a12b-23e9a64d5290@group-51EE12963047-SegmentedRaftLogWorker] INFO  segmented.SegmentedRaftLogWorker (SegmentedRaftLogWorker.java:run(316)) - 99ab3c4c-c7dc-4c5d-a12b-23e9a64d5290@group-51EE12963047-SegmentedRaftLogWorker was interrupted, exiting. There are 0 tasks remaining in the queue.
2019-10-15 10:19:32,564 [ForkJoinPool.commonPool-worker-0] INFO  segmented.SegmentedRaftLogWorker (SegmentedRaftLogWorker.java:close(224)) - 99ab3c4c-c7dc-4c5d-a12b-23e9a64d5290@group-51EE12963047-SegmentedRaftLogWorker close()
2019-10-15 10:19:32,567 [ForkJoinPool.commonPool-worker-0] INFO  server.GrpcService (GrpcService.java:closeImpl(164)) - 99ab3c4c-c7dc-4c5d-a12b-23e9a64d5290: shutdown server with port 38363 now
2019-10-15 10:19:32,568 [grpc-default-executor-3] INFO  impl.FollowerInfo (FollowerInfo.java:lambda$new$0(51)) - 99ab3c4c-c7dc-4c5d-a12b-23e9a64d5290@group-51EE12963047->0f7b2390-6b01-4aa9-9793-f543095052b0: nextIndex: updateUnconditionally 1 -> 0
2019-10-15 10:19:32,568 [ForkJoinPool.commonPool-worker-0] INFO  server.GrpcService (GrpcService.java:closeImpl(172)) - 99ab3c4c-c7dc-4c5d-a12b-23e9a64d5290: shutdown server with port 38363 successfully
2019-10-15 10:19:32,568 [grpc-default-executor-0] INFO  impl.FollowerInfo (FollowerInfo.java:lambda$new$0(51)) - 99ab3c4c-c7dc-4c5d-a12b-23e9a64d5290@group-51EE12963047->82695c46-2a63-4540-a67a-64e0b0e312e9: nextIndex: updateUnconditionally 1 -> 0
2019-10-15 10:19:32,571 [refreshUsed-/workdir/hadoop-ozone/integration-test/target/test-dir/MiniOzoneClusterImpl-d2dc297f-df8e-434f-8420-d555204b07d2/datanode-1/data/containers] WARN  fs.CachingGetSpaceUsed (CachingGetSpaceUsed.java:run(183)) - Thread Interrupted waiting to refresh disk information: sleep interrupted
2019-10-15 10:19:32,587 [ForkJoinPool.commonPool-worker-0] INFO  utils.BackgroundService (BackgroundService.java:shutdown(151)) - Shutting down service BlockDeletingService
2019-10-15 10:19:32,591 [main] INFO  utils.BackgroundService (BackgroundService.java:shutdown(151)) - Shutting down service BlockDeletingService
2019-10-15 10:19:32,593 [ForkJoinPool.commonPool-worker-0] INFO  statemachine.DatanodeStateMachine (DatanodeStateMachine.java:stopDaemon(395)) - Ozone container server stopped.
2019-10-15 10:19:32,599 [main] INFO  statemachine.DatanodeStateMachine (DatanodeStateMachine.java:stopDaemon(395)) - Ozone container server stopped.
2019-10-15 10:19:32,601 [ForkJoinPool.commonPool-worker-0] INFO  handler.ContextHandler (ContextHandler.java:doStop(910)) - Stopped o.e.j.w.WebAppContext@b3e86d5{/,null,UNAVAILABLE}{/hddsDatanode}
2019-10-15 10:19:32,602 [ForkJoinPool.commonPool-worker-0] INFO  server.AbstractConnector (AbstractConnector.java:doStop(318)) - Stopped ServerConnector@72b43104{HTTP/1.1,[http/1.1]}{0.0.0.0:0}
2019-10-15 10:19:32,602 [main] INFO  handler.ContextHandler (ContextHandler.java:doStop(910)) - Stopped o.e.j.w.WebAppContext@6413d7e7{/,null,UNAVAILABLE}{/hddsDatanode}
2019-10-15 10:19:32,603 [ForkJoinPool.commonPool-worker-0] INFO  handler.ContextHandler (ContextHandler.java:doStop(910)) - Stopped o.e.j.s.ServletContextHandler@6d08b4e6{/static,jar:file:/home/user/.m2/repository/org/apache/hadoop/hadoop-hdds-container-service/0.5.0-SNAPSHOT/hadoop-hdds-container-service-0.5.0-SNAPSHOT.jar!/webapps/static,UNAVAILABLE}
2019-10-15 10:19:32,604 [ForkJoinPool.commonPool-worker-0] INFO  handler.ContextHandler (ContextHandler.java:doStop(910)) - Stopped o.e.j.s.ServletContextHandler@2ee48610{/logs,file:///workdir/hadoop-ozone/integration-test/target/log,UNAVAILABLE}
2019-10-15 10:19:32,605 [main] INFO  server.AbstractConnector (AbstractConnector.java:doStop(318)) - Stopped ServerConnector@d16be4f{HTTP/1.1,[http/1.1]}{0.0.0.0:0}
2019-10-15 10:19:32,606 [main] INFO  handler.ContextHandler (ContextHandler.java:doStop(910)) - Stopped o.e.j.s.ServletContextHandler@d902300{/static,jar:file:/home/user/.m2/repository/org/apache/hadoop/hadoop-hdds-container-service/0.5.0-SNAPSHOT/hadoop-hdds-container-service-0.5.0-SNAPSHOT.jar!/webapps/static,UNAVAILABLE}
2019-10-15 10:19:32,606 [main] INFO  handler.ContextHandler (ContextHandler.java:doStop(910)) - Stopped o.e.j.s.ServletContextHandler@7e351d7{/logs,file:///workdir/hadoop-ozone/integration-test/target/log,UNAVAILABLE}
2019-10-15 10:19:32,685 [Datanode State Machine Thread - 0] INFO  statemachine.DatanodeStateMachine (DatanodeStateMachine.java:lambda$startDaemon$0(350)) - Ozone container server started.
2019-10-15 10:19:33,542 [Datanode State Machine Thread - 0] INFO  statemachine.DatanodeStateMachine (DatanodeStateMachine.java:lambda$startDaemon$0(350)) - Ozone container server started.
2019-10-15 10:19:37,607 [ForkJoinPool.commonPool-worker-0] INFO  ozoneimpl.OzoneContainer (OzoneContainer.java:stop(227)) - Attempting to stop container services.
2019-10-15 10:19:37,608 [main] INFO  ozoneimpl.OzoneContainer (OzoneContainer.java:stop(227)) - Attempting to stop container services.
2019-10-15 10:19:37,610 [ForkJoinPool.commonPool-worker-0] INFO  impl.RaftServerProxy (RaftServerProxy.java:lambda$close$4(314)) - 82695c46-2a63-4540-a67a-64e0b0e312e9: close
2019-10-15 10:19:37,610 [main] INFO  impl.RaftServerProxy (RaftServerProxy.java:lambda$close$4(314)) - 89ba96a8-01f6-4eff-81d6-f1c917046bcf: close
2019-10-15 10:19:37,611 [ForkJoinPool.commonPool-worker-0] INFO  impl.RaftServerImpl (RaftServerImpl.java:lambda$shutdown$3(247)) - 82695c46-2a63-4540-a67a-64e0b0e312e9@group-51EE12963047: shutdown
2019-10-15 10:19:37,611 [main] INFO  impl.RaftServerImpl (RaftServerImpl.java:lambda$shutdown$3(247)) - 89ba96a8-01f6-4eff-81d6-f1c917046bcf@group-B0BE37076236: shutdown
2019-10-15 10:19:37,611 [ForkJoinPool.commonPool-worker-0] INFO  util.JmxRegister (JmxRegister.java:unregister(73)) - Successfully un-registered JMX Bean with object name Ratis:service=RaftServer,group=group-51EE12963047,id=82695c46-2a63-4540-a67a-64e0b0e312e9
2019-10-15 10:19:37,612 [main] INFO  util.JmxRegister (JmxRegister.java:unregister(73)) - Successfully un-registered JMX Bean with object name Ratis:service=RaftServer,group=group-B0BE37076236,id=89ba96a8-01f6-4eff-81d6-f1c917046bcf
2019-10-15 10:19:37,612 [ForkJoinPool.commonPool-worker-0] INFO  impl.RoleInfo (RoleInfo.java:shutdownFollowerState(121)) - 82695c46-2a63-4540-a67a-64e0b0e312e9: shutdown FollowerState
2019-10-15 10:19:37,612 [main] INFO  impl.RoleInfo (RoleInfo.java:shutdownLeaderState(104)) - 89ba96a8-01f6-4eff-81d6-f1c917046bcf: shutdown LeaderState
2019-10-15 10:19:37,613 [Thread-755] INFO  impl.FollowerState (FollowerState.java:run(117)) - 82695c46-2a63-4540-a67a-64e0b0e312e9@group-51EE12963047-FollowerState was interrupted: java.lang.InterruptedException: sleep interrupted
2019-10-15 10:19:37,613 [ForkJoinPool.commonPool-worker-0] INFO  impl.StateMachineUpdater (StateMachineUpdater.java:stopAndJoin(136)) - 82695c46-2a63-4540-a67a-64e0b0e312e9@group-51EE12963047-StateMachineUpdater: set stopIndex = 0
2019-10-15 10:19:37,626 [main] INFO  impl.PendingRequests (PendingRequests.java:sendNotLeaderResponses(202)) - 89ba96a8-01f6-4eff-81d6-f1c917046bcf@group-B0BE37076236-PendingRequests: sendNotLeaderResponses
2019-10-15 10:19:37,625 [org.apache.ratis.server.impl.LogAppender$AppenderDaemon$$Lambda$546/1683341887@5ff05930] WARN  server.GrpcLogAppender (GrpcLogAppender.java:mayWait(143)) - 89ba96a8-01f6-4eff-81d6-f1c917046bcf@group-B0BE37076236->a626a13b-9fbf-45e4-ad69-b33ead2c725a-GrpcLogAppender: Wait interrupted by java.lang.InterruptedException
2019-10-15 10:19:37,625 [org.apache.ratis.server.impl.LogAppender$AppenderDaemon$$Lambda$546/1683341887@1ac44ccb] WARN  server.GrpcLogAppender (GrpcLogAppender.java:mayWait(143)) - 89ba96a8-01f6-4eff-81d6-f1c917046bcf@group-B0BE37076236->7ef9c21a-99e3-42fb-b6ea-bac56b4f4f52-GrpcLogAppender: Wait interrupted by java.lang.InterruptedException
2019-10-15 10:19:37,631 [main] INFO  impl.StateMachineUpdater (StateMachineUpdater.java:stopAndJoin(136)) - 89ba96a8-01f6-4eff-81d6-f1c917046bcf@group-B0BE37076236-StateMachineUpdater: set stopIndex = 8
2019-10-15 10:19:37,627 [ForkJoinPool.commonPool-worker-0] INFO  impl.RaftServerImpl (ServerState.java:close(387)) - 82695c46-2a63-4540-a67a-64e0b0e312e9@group-51EE12963047: closes. applyIndex: 0
2019-10-15 10:19:37,632 [89ba96a8-01f6-4eff-81d6-f1c917046bcf@group-B0BE37076236-StateMachineUpdater] INFO  ratis.ContainerStateMachine (ContainerStateMachine.java:takeSnapshot(294)) - group-B0BE37076236: Taking a snapshot at:(t:1, i:6) file /workdir/hadoop-ozone/integration-test/target/test-dir/MiniOzoneClusterImpl-d2dc297f-df8e-434f-8420-d555204b07d2/datanode-3/data/ratis/d85e2853-c671-430b-bad9-b0be37076236/sm/snapshot.1_6
2019-10-15 10:19:37,633 [82695c46-2a63-4540-a67a-64e0b0e312e9@group-51EE12963047-SegmentedRaftLogWorker] INFO  segmented.SegmentedRaftLogWorker (SegmentedRaftLogWorker.java:run(316)) - 82695c46-2a63-4540-a67a-64e0b0e312e9@group-51EE12963047-SegmentedRaftLogWorker was interrupted, exiting. There are 0 tasks remaining in the queue.
2019-10-15 10:19:37,635 [grpc-default-executor-3] INFO  server.GrpcServerProtocolService (GrpcServerProtocolService.java:onCompleted(113)) - 7ef9c21a-99e3-42fb-b6ea-bac56b4f4f52: Completed APPEND_ENTRIES, lastRequest: 89ba96a8-01f6-4eff-81d6-f1c917046bcf->7ef9c21a-99e3-42fb-b6ea-bac56b4f4f52#49-t1, previous=(t:1, i:8), leaderCommit=8, initializing? false, entries: <empty>
2019-10-15 10:19:37,635 [grpc-default-executor-0] INFO  server.GrpcServerProtocolService (GrpcServerProtocolService.java:onCompleted(113)) - a626a13b-9fbf-45e4-ad69-b33ead2c725a: Completed APPEND_ENTRIES, lastRequest: 89ba96a8-01f6-4eff-81d6-f1c917046bcf->a626a13b-9fbf-45e4-ad69-b33ead2c725a#49-t1, previous=(t:1, i:8), leaderCommit=8, initializing? false, entries: <empty>
2019-10-15 10:19:37,637 [grpc-default-executor-3] INFO  server.GrpcLogAppender (GrpcLogAppender.java:onCompleted(293)) - 89ba96a8-01f6-4eff-81d6-f1c917046bcf@group-B0BE37076236->7ef9c21a-99e3-42fb-b6ea-bac56b4f4f52-AppendLogResponseHandler: follower responses appendEntries COMPLETED
2019-10-15 10:19:37,637 [grpc-default-executor-0] INFO  server.GrpcLogAppender (GrpcLogAppender.java:onCompleted(293)) - 89ba96a8-01f6-4eff-81d6-f1c917046bcf@group-B0BE37076236->a626a13b-9fbf-45e4-ad69-b33ead2c725a-AppendLogResponseHandler: follower responses appendEntries COMPLETED
2019-10-15 10:19:37,638 [grpc-default-executor-3] INFO  impl.FollowerInfo (FollowerInfo.java:lambda$new$0(51)) - 89ba96a8-01f6-4eff-81d6-f1c917046bcf@group-B0BE37076236->7ef9c21a-99e3-42fb-b6ea-bac56b4f4f52: nextIndex: updateUnconditionally 9 -> 8
2019-10-15 10:19:37,639 [grpc-default-executor-0] INFO  impl.FollowerInfo (FollowerInfo.java:lambda$new$0(51)) - 89ba96a8-01f6-4eff-81d6-f1c917046bcf@group-B0BE37076236->a626a13b-9fbf-45e4-ad69-b33ead2c725a: nextIndex: updateUnconditionally 9 -> 8
2019-10-15 10:19:37,645 [ForkJoinPool.commonPool-worker-0] INFO  segmented.SegmentedRaftLogWorker (SegmentedRaftLogWorker.java:close(224)) - 82695c46-2a63-4540-a67a-64e0b0e312e9@group-51EE12963047-SegmentedRaftLogWorker close()
2019-10-15 10:19:37,657 [ForkJoinPool.commonPool-worker-0] INFO  impl.RaftServerImpl (RaftServerImpl.java:lambda$shutdown$3(247)) - 82695c46-2a63-4540-a67a-64e0b0e312e9@group-42A85083BC08: shutdown
2019-10-15 10:19:37,658 [89ba96a8-01f6-4eff-81d6-f1c917046bcf@group-B0BE37076236-StateMachineUpdater] INFO  ratis.ContainerStateMachine (ContainerStateMachine.java:takeSnapshot(305)) - group-B0BE37076236: Finished taking a snapshot at:(t:1, i:6) file:/workdir/hadoop-ozone/integration-test/target/test-dir/MiniOzoneClusterImpl-d2dc297f-df8e-434f-8420-d555204b07d2/datanode-3/data/ratis/d85e2853-c671-430b-bad9-b0be37076236/sm/snapshot.1_6 time:26
2019-10-15 10:19:37,658 [ForkJoinPool.commonPool-worker-0] INFO  util.JmxRegister (JmxRegister.java:unregister(73)) - Successfully un-registered JMX Bean with object name Ratis:service=RaftServer,group=group-42A85083BC08,id=82695c46-2a63-4540-a67a-64e0b0e312e9
2019-10-15 10:19:37,658 [ForkJoinPool.commonPool-worker-0] INFO  impl.RoleInfo (RoleInfo.java:shutdownLeaderState(104)) - 82695c46-2a63-4540-a67a-64e0b0e312e9: shutdown LeaderState
2019-10-15 10:19:37,658 [89ba96a8-01f6-4eff-81d6-f1c917046bcf@group-B0BE37076236-StateMachineUpdater] INFO  impl.StateMachineUpdater (StateMachineUpdater.java:takeSnapshot(269)) - 89ba96a8-01f6-4eff-81d6-f1c917046bcf@group-B0BE37076236-StateMachineUpdater: Took a snapshot at index 6
2019-10-15 10:19:37,659 [ForkJoinPool.commonPool-worker-0] INFO  impl.PendingRequests (PendingRequests.java:sendNotLeaderResponses(202)) - 82695c46-2a63-4540-a67a-64e0b0e312e9@group-42A85083BC08-PendingRequests: sendNotLeaderResponses
2019-10-15 10:19:37,659 [89ba96a8-01f6-4eff-81d6-f1c917046bcf@group-B0BE37076236-StateMachineUpdater] INFO  impl.StateMachineUpdater (StateMachineUpdater.java:lambda$new$0(84)) - 89ba96a8-01f6-4eff-81d6-f1c917046bcf@group-B0BE37076236-StateMachineUpdater: snapshotIndex: updateIncreasingly -1 -> 6
2019-10-15 10:19:37,659 [ForkJoinPool.commonPool-worker-0] INFO  impl.StateMachineUpdater (StateMachineUpdater.java:stopAndJoin(136)) - 82695c46-2a63-4540-a67a-64e0b0e312e9@group-42A85083BC08-StateMachineUpdater: set stopIndex = 0
2019-10-15 10:19:37,659 [89ba96a8-01f6-4eff-81d6-f1c917046bcf@group-B0BE37076236-StateMachineUpdater] INFO  ratis.ContainerStateMachine (ContainerStateMachine.java:takeSnapshot(294)) - group-B0BE37076236: Taking a snapshot at:(t:1, i:6) file /workdir/hadoop-ozone/integration-test/target/test-dir/MiniOzoneClusterImpl-d2dc297f-df8e-434f-8420-d555204b07d2/datanode-3/data/ratis/d85e2853-c671-430b-bad9-b0be37076236/sm/snapshot.1_6
2019-10-15 10:19:37,659 [ForkJoinPool.commonPool-worker-0] INFO  impl.RaftServerImpl (ServerState.java:close(387)) - 82695c46-2a63-4540-a67a-64e0b0e312e9@group-42A85083BC08: closes. applyIndex: 0
2019-10-15 10:19:37,660 [82695c46-2a63-4540-a67a-64e0b0e312e9@group-42A85083BC08-SegmentedRaftLogWorker] INFO  segmented.SegmentedRaftLogWorker (SegmentedRaftLogWorker.java:run(316)) - 82695c46-2a63-4540-a67a-64e0b0e312e9@group-42A85083BC08-SegmentedRaftLogWorker was interrupted, exiting. There are 0 tasks remaining in the queue.
2019-10-15 10:19:37,662 [ForkJoinPool.commonPool-worker-0] INFO  segmented.SegmentedRaftLogWorker (SegmentedRaftLogWorker.java:close(224)) - 82695c46-2a63-4540-a67a-64e0b0e312e9@group-42A85083BC08-SegmentedRaftLogWorker close()
2019-10-15 10:19:37,664 [ForkJoinPool.commonPool-worker-0] INFO  server.GrpcService (GrpcService.java:closeImpl(164)) - 82695c46-2a63-4540-a67a-64e0b0e312e9: shutdown server with port 45174 now
2019-10-15 10:19:37,666 [ForkJoinPool.commonPool-worker-0] INFO  server.GrpcService (GrpcService.java:closeImpl(172)) - 82695c46-2a63-4540-a67a-64e0b0e312e9: shutdown server with port 45174 successfully
2019-10-15 10:19:37,670 [refreshUsed-/workdir/hadoop-ozone/integration-test/target/test-dir/MiniOzoneClusterImpl-d2dc297f-df8e-434f-8420-d555204b07d2/datanode-2/data/containers] WARN  fs.CachingGetSpaceUsed (CachingGetSpaceUsed.java:run(183)) - Thread Interrupted waiting to refresh disk information: sleep interrupted
2019-10-15 10:19:37,684 [89ba96a8-01f6-4eff-81d6-f1c917046bcf@group-B0BE37076236-StateMachineUpdater] INFO  ratis.ContainerStateMachine (ContainerStateMachine.java:takeSnapshot(305)) - group-B0BE37076236: Finished taking a snapshot at:(t:1, i:6) file:/workdir/hadoop-ozone/integration-test/target/test-dir/MiniOzoneClusterImpl-d2dc297f-df8e-434f-8420-d555204b07d2/datanode-3/data/ratis/d85e2853-c671-430b-bad9-b0be37076236/sm/snapshot.1_6 time:25
2019-10-15 10:19:37,684 [89ba96a8-01f6-4eff-81d6-f1c917046bcf@group-B0BE37076236-StateMachineUpdater] INFO  impl.StateMachineUpdater (StateMachineUpdater.java:takeSnapshot(269)) - 89ba96a8-01f6-4eff-81d6-f1c917046bcf@group-B0BE37076236-StateMachineUpdater: Took a snapshot at index 6
2019-10-15 10:19:37,684 [89ba96a8-01f6-4eff-81d6-f1c917046bcf@group-B0BE37076236-StateMachineUpdater] INFO  impl.StateMachineUpdater (StateMachineUpdater.java:lambda$new$0(84)) - 89ba96a8-01f6-4eff-81d6-f1c917046bcf@group-B0BE37076236-StateMachineUpdater: snapshotIndex: updateIncreasingly 6 -> 6
2019-10-15 10:19:37,685 [main] INFO  impl.RaftServerImpl (ServerState.java:close(387)) - 89ba96a8-01f6-4eff-81d6-f1c917046bcf@group-B0BE37076236: closes. applyIndex: 8
2019-10-15 10:19:37,685 [89ba96a8-01f6-4eff-81d6-f1c917046bcf@group-B0BE37076236-SegmentedRaftLogWorker] INFO  segmented.SegmentedRaftLogWorker (SegmentedRaftLogWorker.java:run(316)) - 89ba96a8-01f6-4eff-81d6-f1c917046bcf@group-B0BE37076236-SegmentedRaftLogWorker was interrupted, exiting. There are 0 tasks remaining in the queue.
2019-10-15 10:19:37,687 [main] INFO  segmented.SegmentedRaftLogWorker (SegmentedRaftLogWorker.java:close(224)) - 89ba96a8-01f6-4eff-81d6-f1c917046bcf@group-B0BE37076236-SegmentedRaftLogWorker close()
2019-10-15 10:19:37,689 [main] INFO  impl.RaftServerImpl (RaftServerImpl.java:lambda$shutdown$3(247)) - 89ba96a8-01f6-4eff-81d6-f1c917046bcf@group-87A1D3FE09B1: shutdown
2019-10-15 10:19:37,689 [main] INFO  util.JmxRegister (JmxRegister.java:unregister(73)) - Successfully un-registered JMX Bean with object name Ratis:service=RaftServer,group=group-87A1D3FE09B1,id=89ba96a8-01f6-4eff-81d6-f1c917046bcf
2019-10-15 10:19:37,689 [main] INFO  impl.RoleInfo (RoleInfo.java:shutdownLeaderState(104)) - 89ba96a8-01f6-4eff-81d6-f1c917046bcf: shutdown LeaderState
2019-10-15 10:19:37,690 [main] INFO  impl.PendingRequests (PendingRequests.java:sendNotLeaderResponses(202)) - 89ba96a8-01f6-4eff-81d6-f1c917046bcf@group-87A1D3FE09B1-PendingRequests: sendNotLeaderResponses
2019-10-15 10:19:37,690 [main] INFO  impl.StateMachineUpdater (StateMachineUpdater.java:stopAndJoin(136)) - 89ba96a8-01f6-4eff-81d6-f1c917046bcf@group-87A1D3FE09B1-StateMachineUpdater: set stopIndex = 0
2019-10-15 10:19:37,691 [main] INFO  impl.RaftServerImpl (ServerState.java:close(387)) - 89ba96a8-01f6-4eff-81d6-f1c917046bcf@group-87A1D3FE09B1: closes. applyIndex: 0
2019-10-15 10:19:37,691 [89ba96a8-01f6-4eff-81d6-f1c917046bcf@group-87A1D3FE09B1-SegmentedRaftLogWorker] INFO  segmented.SegmentedRaftLogWorker (SegmentedRaftLogWorker.java:run(316)) - 89ba96a8-01f6-4eff-81d6-f1c917046bcf@group-87A1D3FE09B1-SegmentedRaftLogWorker was interrupted, exiting. There are 0 tasks remaining in the queue.
2019-10-15 10:19:37,693 [main] INFO  segmented.SegmentedRaftLogWorker (SegmentedRaftLogWorker.java:close(224)) - 89ba96a8-01f6-4eff-81d6-f1c917046bcf@group-87A1D3FE09B1-SegmentedRaftLogWorker close()
2019-10-15 10:19:37,695 [main] INFO  server.GrpcService (GrpcService.java:closeImpl(164)) - 89ba96a8-01f6-4eff-81d6-f1c917046bcf: shutdown server with port 44393 now
2019-10-15 10:19:37,695 [main] INFO  server.GrpcService (GrpcService.java:closeImpl(172)) - 89ba96a8-01f6-4eff-81d6-f1c917046bcf: shutdown server with port 44393 successfully
2019-10-15 10:19:37,697 [ForkJoinPool.commonPool-worker-0] INFO  utils.BackgroundService (BackgroundService.java:shutdown(151)) - Shutting down service BlockDeletingService
2019-10-15 10:19:37,697 [refreshUsed-/workdir/hadoop-ozone/integration-test/target/test-dir/MiniOzoneClusterImpl-d2dc297f-df8e-434f-8420-d555204b07d2/datanode-3/data/containers] WARN  fs.CachingGetSpaceUsed (CachingGetSpaceUsed.java:run(183)) - Thread Interrupted waiting to refresh disk information: sleep interrupted
2019-10-15 10:19:37,702 [ForkJoinPool.commonPool-worker-0] INFO  statemachine.DatanodeStateMachine (DatanodeStateMachine.java:stopDaemon(395)) - Ozone container server stopped.
2019-10-15 10:19:37,709 [ForkJoinPool.commonPool-worker-0] INFO  handler.ContextHandler (ContextHandler.java:doStop(910)) - Stopped o.e.j.w.WebAppContext@753fd7a1{/,null,UNAVAILABLE}{/hddsDatanode}
2019-10-15 10:19:37,710 [ForkJoinPool.commonPool-worker-0] INFO  server.AbstractConnector (AbstractConnector.java:doStop(318)) - Stopped ServerConnector@12a2585b{HTTP/1.1,[http/1.1]}{0.0.0.0:0}
2019-10-15 10:19:37,712 [ForkJoinPool.commonPool-worker-0] INFO  handler.ContextHandler (ContextHandler.java:doStop(910)) - Stopped o.e.j.s.ServletContextHandler@5f1483fd{/static,jar:file:/home/user/.m2/repository/org/apache/hadoop/hadoop-hdds-container-service/0.5.0-SNAPSHOT/hadoop-hdds-container-service-0.5.0-SNAPSHOT.jar!/webapps/static,UNAVAILABLE}
2019-10-15 10:19:37,713 [ForkJoinPool.commonPool-worker-0] INFO  handler.ContextHandler (ContextHandler.java:doStop(910)) - Stopped o.e.j.s.ServletContextHandler@19b206ee{/logs,file:///workdir/hadoop-ozone/integration-test/target/log,UNAVAILABLE}
2019-10-15 10:19:37,725 [main] INFO  utils.BackgroundService (BackgroundService.java:shutdown(151)) - Shutting down service BlockDeletingService
2019-10-15 10:19:37,729 [main] INFO  statemachine.DatanodeStateMachine (DatanodeStateMachine.java:stopDaemon(395)) - Ozone container server stopped.
2019-10-15 10:19:37,730 [main] INFO  handler.ContextHandler (ContextHandler.java:doStop(910)) - Stopped o.e.j.w.WebAppContext@217bf99e{/,null,UNAVAILABLE}{/hddsDatanode}
2019-10-15 10:19:37,731 [main] INFO  server.AbstractConnector (AbstractConnector.java:doStop(318)) - Stopped ServerConnector@6807a356{HTTP/1.1,[http/1.1]}{0.0.0.0:0}
2019-10-15 10:19:37,731 [main] INFO  handler.ContextHandler (ContextHandler.java:doStop(910)) - Stopped o.e.j.s.ServletContextHandler@2bfaba70{/static,jar:file:/home/user/.m2/repository/org/apache/hadoop/hadoop-hdds-container-service/0.5.0-SNAPSHOT/hadoop-hdds-container-service-0.5.0-SNAPSHOT.jar!/webapps/static,UNAVAILABLE}
2019-10-15 10:19:37,732 [main] INFO  handler.ContextHandler (ContextHandler.java:doStop(910)) - Stopped o.e.j.s.ServletContextHandler@36b9cb99{/logs,file:///workdir/hadoop-ozone/integration-test/target/log,UNAVAILABLE}
2019-10-15 10:19:38,532 [Datanode State Machine Thread - 0] INFO  statemachine.DatanodeStateMachine (DatanodeStateMachine.java:lambda$startDaemon$0(350)) - Ozone container server started.
2019-10-15 10:19:38,545 [Datanode State Machine Thread - 0] INFO  statemachine.DatanodeStateMachine (DatanodeStateMachine.java:lambda$startDaemon$0(350)) - Ozone container server started.
2019-10-15 10:19:41,088 [Thread-754] INFO  impl.FollowerState (FollowerState.java:run(108)) - 0f7b2390-6b01-4aa9-9793-f543095052b0@group-51EE12963047-FollowerState: change to CANDIDATE, lastRpcTime:9474ms, electionTimeout:5023ms
2019-10-15 10:19:41,089 [Thread-754] INFO  impl.RoleInfo (RoleInfo.java:shutdownFollowerState(121)) - 0f7b2390-6b01-4aa9-9793-f543095052b0: shutdown FollowerState
2019-10-15 10:19:41,089 [Thread-754] INFO  impl.RaftServerImpl (RaftServerImpl.java:setRole(170)) - 0f7b2390-6b01-4aa9-9793-f543095052b0@group-51EE12963047: changes role from  FOLLOWER to CANDIDATE at term 1 for changeToCandidate
2019-10-15 10:19:41,090 [Thread-754] INFO  impl.RoleInfo (RoleInfo.java:updateAndGet(143)) - 0f7b2390-6b01-4aa9-9793-f543095052b0: start LeaderElection
2019-10-15 10:19:41,093 [0f7b2390-6b01-4aa9-9793-f543095052b0@group-51EE12963047-LeaderElection25] INFO  impl.RaftServerImpl (ServerState.java:setLeader(255)) - 0f7b2390-6b01-4aa9-9793-f543095052b0@group-51EE12963047: change Leader from 99ab3c4c-c7dc-4c5d-a12b-23e9a64d5290 to null at term 1 for initElection
2019-10-15 10:19:41,119 [0f7b2390-6b01-4aa9-9793-f543095052b0@group-51EE12963047-LeaderElection25] INFO  impl.LeaderElection (LeaderElection.java:askForVotes(178)) - 0f7b2390-6b01-4aa9-9793-f543095052b0@group-51EE12963047-LeaderElection25: begin an election at term 2 for 0: [0f7b2390-6b01-4aa9-9793-f543095052b0:192.168.69.65:41530, 99ab3c4c-c7dc-4c5d-a12b-23e9a64d5290:192.168.69.65:38363, 82695c46-2a63-4540-a67a-64e0b0e312e9:192.168.69.65:45174], old=null
2019-10-15 10:19:41,129 [0f7b2390-6b01-4aa9-9793-f543095052b0@group-51EE12963047-LeaderElection25] INFO  impl.LeaderElection (LogUtils.java:infoOrTrace(149)) - 0f7b2390-6b01-4aa9-9793-f543095052b0@group-51EE12963047-LeaderElection25 got exception when requesting votes: {}
java.util.concurrent.ExecutionException: org.apache.ratis.thirdparty.io.grpc.StatusRuntimeException: UNAVAILABLE: io exception
	at java.util.concurrent.FutureTask.report(FutureTask.java:122)
	at java.util.concurrent.FutureTask.get(FutureTask.java:192)
	at org.apache.ratis.server.impl.LeaderElection.waitForResults(LeaderElection.java:259)
	at org.apache.ratis.server.impl.LeaderElection.askForVotes(LeaderElection.java:197)
	at org.apache.ratis.server.impl.LeaderElection.run(LeaderElection.java:133)
	at java.lang.Thread.run(Thread.java:748)
Caused by: org.apache.ratis.thirdparty.io.grpc.StatusRuntimeException: UNAVAILABLE: io exception
	at org.apache.ratis.thirdparty.io.grpc.stub.ClientCalls.toStatusRuntimeException(ClientCalls.java:233)
	at org.apache.ratis.thirdparty.io.grpc.stub.ClientCalls.getUnchecked(ClientCalls.java:214)
	at org.apache.ratis.thirdparty.io.grpc.stub.ClientCalls.blockingUnaryCall(ClientCalls.java:139)
	at org.apache.ratis.proto.grpc.RaftServerProtocolServiceGrpc$RaftServerProtocolServiceBlockingStub.requestVote(RaftServerProtocolServiceGrpc.java:265)
	at org.apache.ratis.grpc.server.GrpcServerProtocolClient.requestVote(GrpcServerProtocolClient.java:99)
	at org.apache.ratis.grpc.server.GrpcService.requestVote(GrpcService.java:204)
	at org.apache.ratis.server.impl.LeaderElection.lambda$submitRequests$1(LeaderElection.java:234)
	at java.util.concurrent.FutureTask.run(FutureTask.java:266)
	at java.util.concurrent.Executors$RunnableAdapter.call(Executors.java:511)
	at java.util.concurrent.FutureTask.run(FutureTask.java:266)
	at java.util.concurrent.ThreadPoolExecutor.runWorker(ThreadPoolExecutor.java:1149)
	at java.util.concurrent.ThreadPoolExecutor$Worker.run(ThreadPoolExecutor.java:624)
	... 1 more
Caused by: org.apache.ratis.thirdparty.io.netty.channel.AbstractChannel$AnnotatedConnectException: Connection refused: /192.168.69.65:38363
	at sun.nio.ch.SocketChannelImpl.checkConnect(Native Method)
	at sun.nio.ch.SocketChannelImpl.finishConnect(SocketChannelImpl.java:717)
	at org.apache.ratis.thirdparty.io.netty.channel.socket.nio.NioSocketChannel.doFinishConnect(NioSocketChannel.java:327)
	at org.apache.ratis.thirdparty.io.netty.channel.nio.AbstractNioChannel$AbstractNioUnsafe.finishConnect(AbstractNioChannel.java:340)
	at org.apache.ratis.thirdparty.io.netty.channel.nio.NioEventLoop.processSelectedKey(NioEventLoop.java:632)
	at org.apache.ratis.thirdparty.io.netty.channel.nio.NioEventLoop.processSelectedKeysOptimized(NioEventLoop.java:579)
	at org.apache.ratis.thirdparty.io.netty.channel.nio.NioEventLoop.processSelectedKeys(NioEventLoop.java:496)
	at org.apache.ratis.thirdparty.io.netty.channel.nio.NioEventLoop.run(NioEventLoop.java:458)
	at org.apache.ratis.thirdparty.io.netty.util.concurrent.SingleThreadEventExecutor$5.run(SingleThreadEventExecutor.java:897)
	at org.apache.ratis.thirdparty.io.netty.util.concurrent.FastThreadLocalRunnable.run(FastThreadLocalRunnable.java:30)
	... 1 more
Caused by: java.net.ConnectException: Connection refused
	... 11 more
2019-10-15 10:19:41,131 [0f7b2390-6b01-4aa9-9793-f543095052b0@group-51EE12963047-LeaderElection25] INFO  impl.LeaderElection (LogUtils.java:infoOrTrace(149)) - 0f7b2390-6b01-4aa9-9793-f543095052b0@group-51EE12963047-LeaderElection25 got exception when requesting votes: {}
java.util.concurrent.ExecutionException: org.apache.ratis.thirdparty.io.grpc.StatusRuntimeException: UNAVAILABLE: io exception
	at java.util.concurrent.FutureTask.report(FutureTask.java:122)
	at java.util.concurrent.FutureTask.get(FutureTask.java:192)
	at org.apache.ratis.server.impl.LeaderElection.waitForResults(LeaderElection.java:259)
	at org.apache.ratis.server.impl.LeaderElection.askForVotes(LeaderElection.java:197)
	at org.apache.ratis.server.impl.LeaderElection.run(LeaderElection.java:133)
	at java.lang.Thread.run(Thread.java:748)
Caused by: org.apache.ratis.thirdparty.io.grpc.StatusRuntimeException: UNAVAILABLE: io exception
	at org.apache.ratis.thirdparty.io.grpc.stub.ClientCalls.toStatusRuntimeException(ClientCalls.java:233)
	at org.apache.ratis.thirdparty.io.grpc.stub.ClientCalls.getUnchecked(ClientCalls.java:214)
	at org.apache.ratis.thirdparty.io.grpc.stub.ClientCalls.blockingUnaryCall(ClientCalls.java:139)
	at org.apache.ratis.proto.grpc.RaftServerProtocolServiceGrpc$RaftServerProtocolServiceBlockingStub.requestVote(RaftServerProtocolServiceGrpc.java:265)
	at org.apache.ratis.grpc.server.GrpcServerProtocolClient.requestVote(GrpcServerProtocolClient.java:99)
	at org.apache.ratis.grpc.server.GrpcService.requestVote(GrpcService.java:204)
	at org.apache.ratis.server.impl.LeaderElection.lambda$submitRequests$1(LeaderElection.java:234)
	at java.util.concurrent.FutureTask.run(FutureTask.java:266)
	at java.util.concurrent.Executors$RunnableAdapter.call(Executors.java:511)
	at java.util.concurrent.FutureTask.run(FutureTask.java:266)
	at java.util.concurrent.ThreadPoolExecutor.runWorker(ThreadPoolExecutor.java:1149)
	at java.util.concurrent.ThreadPoolExecutor$Worker.run(ThreadPoolExecutor.java:624)
	... 1 more
Caused by: org.apache.ratis.thirdparty.io.netty.channel.AbstractChannel$AnnotatedConnectException: Connection refused: /192.168.69.65:45174
	at sun.nio.ch.SocketChannelImpl.checkConnect(Native Method)
	at sun.nio.ch.SocketChannelImpl.finishConnect(SocketChannelImpl.java:717)
	at org.apache.ratis.thirdparty.io.netty.channel.socket.nio.NioSocketChannel.doFinishConnect(NioSocketChannel.java:327)
	at org.apache.ratis.thirdparty.io.netty.channel.nio.AbstractNioChannel$AbstractNioUnsafe.finishConnect(AbstractNioChannel.java:340)
	at org.apache.ratis.thirdparty.io.netty.channel.nio.NioEventLoop.processSelectedKey(NioEventLoop.java:632)
	at org.apache.ratis.thirdparty.io.netty.channel.nio.NioEventLoop.processSelectedKeysOptimized(NioEventLoop.java:579)
	at org.apache.ratis.thirdparty.io.netty.channel.nio.NioEventLoop.processSelectedKeys(NioEventLoop.java:496)
	at org.apache.ratis.thirdparty.io.netty.channel.nio.NioEventLoop.run(NioEventLoop.java:458)
	at org.apache.ratis.thirdparty.io.netty.util.concurrent.SingleThreadEventExecutor$5.run(SingleThreadEventExecutor.java:897)
	at org.apache.ratis.thirdparty.io.netty.util.concurrent.FastThreadLocalRunnable.run(FastThreadLocalRunnable.java:30)
	... 1 more
Caused by: java.net.ConnectException: Connection refused
	... 11 more
2019-10-15 10:19:41,133 [0f7b2390-6b01-4aa9-9793-f543095052b0@group-51EE12963047-LeaderElection25] INFO  impl.LeaderElection (LeaderElection.java:logAndReturn(56)) - 0f7b2390-6b01-4aa9-9793-f543095052b0@group-51EE12963047-LeaderElection25: Election REJECTED; received 0 response(s) [] and 2 exception(s); 0f7b2390-6b01-4aa9-9793-f543095052b0@group-51EE12963047:t2, leader=null, voted=0f7b2390-6b01-4aa9-9793-f543095052b0, raftlog=0f7b2390-6b01-4aa9-9793-f543095052b0@group-51EE12963047-SegmentedRaftLog:OPENED:c0,f0,i0, conf=0: [0f7b2390-6b01-4aa9-9793-f543095052b0:192.168.69.65:41530, 99ab3c4c-c7dc-4c5d-a12b-23e9a64d5290:192.168.69.65:38363, 82695c46-2a63-4540-a67a-64e0b0e312e9:192.168.69.65:45174], old=null
2019-10-15 10:19:41,134 [0f7b2390-6b01-4aa9-9793-f543095052b0@group-51EE12963047-LeaderElection25] INFO  impl.LeaderElection (LogUtils.java:infoOrTrace(149)) -   Exception 0: {}
java.util.concurrent.ExecutionException: org.apache.ratis.thirdparty.io.grpc.StatusRuntimeException: UNAVAILABLE: io exception
	at java.util.concurrent.FutureTask.report(FutureTask.java:122)
	at java.util.concurrent.FutureTask.get(FutureTask.java:192)
	at org.apache.ratis.server.impl.LeaderElection.waitForResults(LeaderElection.java:259)
	at org.apache.ratis.server.impl.LeaderElection.askForVotes(LeaderElection.java:197)
	at org.apache.ratis.server.impl.LeaderElection.run(LeaderElection.java:133)
	at java.lang.Thread.run(Thread.java:748)
Caused by: org.apache.ratis.thirdparty.io.grpc.StatusRuntimeException: UNAVAILABLE: io exception
	at org.apache.ratis.thirdparty.io.grpc.stub.ClientCalls.toStatusRuntimeException(ClientCalls.java:233)
	at org.apache.ratis.thirdparty.io.grpc.stub.ClientCalls.getUnchecked(ClientCalls.java:214)
	at org.apache.ratis.thirdparty.io.grpc.stub.ClientCalls.blockingUnaryCall(ClientCalls.java:139)
	at org.apache.ratis.proto.grpc.RaftServerProtocolServiceGrpc$RaftServerProtocolServiceBlockingStub.requestVote(RaftServerProtocolServiceGrpc.java:265)
	at org.apache.ratis.grpc.server.GrpcServerProtocolClient.requestVote(GrpcServerProtocolClient.java:99)
	at org.apache.ratis.grpc.server.GrpcService.requestVote(GrpcService.java:204)
	at org.apache.ratis.server.impl.LeaderElection.lambda$submitRequests$1(LeaderElection.java:234)
	at java.util.concurrent.FutureTask.run(FutureTask.java:266)
	at java.util.concurrent.Executors$RunnableAdapter.call(Executors.java:511)
	at java.util.concurrent.FutureTask.run(FutureTask.java:266)
	at java.util.concurrent.ThreadPoolExecutor.runWorker(ThreadPoolExecutor.java:1149)
	at java.util.concurrent.ThreadPoolExecutor$Worker.run(ThreadPoolExecutor.java:624)
	... 1 more
Caused by: org.apache.ratis.thirdparty.io.netty.channel.AbstractChannel$AnnotatedConnectException: Connection refused: /192.168.69.65:38363
	at sun.nio.ch.SocketChannelImpl.checkConnect(Native Method)
	at sun.nio.ch.SocketChannelImpl.finishConnect(SocketChannelImpl.java:717)
	at org.apache.ratis.thirdparty.io.netty.channel.socket.nio.NioSocketChannel.doFinishConnect(NioSocketChannel.java:327)
	at org.apache.ratis.thirdparty.io.netty.channel.nio.AbstractNioChannel$AbstractNioUnsafe.finishConnect(AbstractNioChannel.java:340)
	at org.apache.ratis.thirdparty.io.netty.channel.nio.NioEventLoop.processSelectedKey(NioEventLoop.java:632)
	at org.apache.ratis.thirdparty.io.netty.channel.nio.NioEventLoop.processSelectedKeysOptimized(NioEventLoop.java:579)
	at org.apache.ratis.thirdparty.io.netty.channel.nio.NioEventLoop.processSelectedKeys(NioEventLoop.java:496)
	at org.apache.ratis.thirdparty.io.netty.channel.nio.NioEventLoop.run(NioEventLoop.java:458)
	at org.apache.ratis.thirdparty.io.netty.util.concurrent.SingleThreadEventExecutor$5.run(SingleThreadEventExecutor.java:897)
	at org.apache.ratis.thirdparty.io.netty.util.concurrent.FastThreadLocalRunnable.run(FastThreadLocalRunnable.java:30)
	... 1 more
Caused by: java.net.ConnectException: Connection refused
	... 11 more
2019-10-15 10:19:41,134 [0f7b2390-6b01-4aa9-9793-f543095052b0@group-51EE12963047-LeaderElection25] INFO  impl.LeaderElection (LogUtils.java:infoOrTrace(149)) -   Exception 1: {}
java.util.concurrent.ExecutionException: org.apache.ratis.thirdparty.io.grpc.StatusRuntimeException: UNAVAILABLE: io exception
	at java.util.concurrent.FutureTask.report(FutureTask.java:122)
	at java.util.concurrent.FutureTask.get(FutureTask.java:192)
	at org.apache.ratis.server.impl.LeaderElection.waitForResults(LeaderElection.java:259)
	at org.apache.ratis.server.impl.LeaderElection.askForVotes(LeaderElection.java:197)
	at org.apache.ratis.server.impl.LeaderElection.run(LeaderElection.java:133)
	at java.lang.Thread.run(Thread.java:748)
Caused by: org.apache.ratis.thirdparty.io.grpc.StatusRuntimeException: UNAVAILABLE: io exception
	at org.apache.ratis.thirdparty.io.grpc.stub.ClientCalls.toStatusRuntimeException(ClientCalls.java:233)
	at org.apache.ratis.thirdparty.io.grpc.stub.ClientCalls.getUnchecked(ClientCalls.java:214)
	at org.apache.ratis.thirdparty.io.grpc.stub.ClientCalls.blockingUnaryCall(ClientCalls.java:139)
	at org.apache.ratis.proto.grpc.RaftServerProtocolServiceGrpc$RaftServerProtocolServiceBlockingStub.requestVote(RaftServerProtocolServiceGrpc.java:265)
	at org.apache.ratis.grpc.server.GrpcServerProtocolClient.requestVote(GrpcServerProtocolClient.java:99)
	at org.apache.ratis.grpc.server.GrpcService.requestVote(GrpcService.java:204)
	at org.apache.ratis.server.impl.LeaderElection.lambda$submitRequests$1(LeaderElection.java:234)
	at java.util.concurrent.FutureTask.run(FutureTask.java:266)
	at java.util.concurrent.Executors$RunnableAdapter.call(Executors.java:511)
	at java.util.concurrent.FutureTask.run(FutureTask.java:266)
	at java.util.concurrent.ThreadPoolExecutor.runWorker(ThreadPoolExecutor.java:1149)
	at java.util.concurrent.ThreadPoolExecutor$Worker.run(ThreadPoolExecutor.java:624)
	... 1 more
Caused by: org.apache.ratis.thirdparty.io.netty.channel.AbstractChannel$AnnotatedConnectException: Connection refused: /192.168.69.65:45174
	at sun.nio.ch.SocketChannelImpl.checkConnect(Native Method)
	at sun.nio.ch.SocketChannelImpl.finishConnect(SocketChannelImpl.java:717)
	at org.apache.ratis.thirdparty.io.netty.channel.socket.nio.NioSocketChannel.doFinishConnect(NioSocketChannel.java:327)
	at org.apache.ratis.thirdparty.io.netty.channel.nio.AbstractNioChannel$AbstractNioUnsafe.finishConnect(AbstractNioChannel.java:340)
	at org.apache.ratis.thirdparty.io.netty.channel.nio.NioEventLoop.processSelectedKey(NioEventLoop.java:632)
	at org.apache.ratis.thirdparty.io.netty.channel.nio.NioEventLoop.processSelectedKeysOptimized(NioEventLoop.java:579)
	at org.apache.ratis.thirdparty.io.netty.channel.nio.NioEventLoop.processSelectedKeys(NioEventLoop.java:496)
	at org.apache.ratis.thirdparty.io.netty.channel.nio.NioEventLoop.run(NioEventLoop.java:458)
	at org.apache.ratis.thirdparty.io.netty.util.concurrent.SingleThreadEventExecutor$5.run(SingleThreadEventExecutor.java:897)
	at org.apache.ratis.thirdparty.io.netty.util.concurrent.FastThreadLocalRunnable.run(FastThreadLocalRunnable.java:30)
	... 1 more
Caused by: java.net.ConnectException: Connection refused
	... 11 more
2019-10-15 10:19:41,134 [0f7b2390-6b01-4aa9-9793-f543095052b0@group-51EE12963047-LeaderElection25] INFO  impl.RaftServerImpl (RaftServerImpl.java:setRole(170)) - 0f7b2390-6b01-4aa9-9793-f543095052b0@group-51EE12963047: changes role from CANDIDATE to FOLLOWER at term 2 for DISCOVERED_A_NEW_TERM
2019-10-15 10:19:41,134 [0f7b2390-6b01-4aa9-9793-f543095052b0@group-51EE12963047-LeaderElection25] INFO  impl.RoleInfo (RoleInfo.java:shutdownLeaderElection(134)) - 0f7b2390-6b01-4aa9-9793-f543095052b0: shutdown LeaderElection
2019-10-15 10:19:41,135 [0f7b2390-6b01-4aa9-9793-f543095052b0@group-51EE12963047-LeaderElection25] INFO  impl.RoleInfo (RoleInfo.java:updateAndGet(143)) - 0f7b2390-6b01-4aa9-9793-f543095052b0: start FollowerState
2019-10-15 10:19:41,335 [Thread-780] INFO  impl.FollowerState (FollowerState.java:run(108)) - a626a13b-9fbf-45e4-ad69-b33ead2c725a@group-B0BE37076236-FollowerState: change to CANDIDATE, lastRpcTime:5631ms, electionTimeout:5000ms
2019-10-15 10:19:41,336 [Thread-780] INFO  impl.RoleInfo (RoleInfo.java:shutdownFollowerState(121)) - a626a13b-9fbf-45e4-ad69-b33ead2c725a: shutdown FollowerState
2019-10-15 10:19:41,336 [Thread-780] INFO  impl.RaftServerImpl (RaftServerImpl.java:setRole(170)) - a626a13b-9fbf-45e4-ad69-b33ead2c725a@group-B0BE37076236: changes role from  FOLLOWER to CANDIDATE at term 1 for changeToCandidate
2019-10-15 10:19:41,337 [Thread-780] INFO  impl.RoleInfo (RoleInfo.java:updateAndGet(143)) - a626a13b-9fbf-45e4-ad69-b33ead2c725a: start LeaderElection
2019-10-15 10:19:41,338 [a626a13b-9fbf-45e4-ad69-b33ead2c725a@group-B0BE37076236-LeaderElection26] INFO  impl.RaftServerImpl (ServerState.java:setLeader(255)) - a626a13b-9fbf-45e4-ad69-b33ead2c725a@group-B0BE37076236: change Leader from 89ba96a8-01f6-4eff-81d6-f1c917046bcf to null at term 1 for initElection
2019-10-15 10:19:41,351 [a626a13b-9fbf-45e4-ad69-b33ead2c725a@group-B0BE37076236-LeaderElection26] INFO  impl.LeaderElection (LeaderElection.java:askForVotes(178)) - a626a13b-9fbf-45e4-ad69-b33ead2c725a@group-B0BE37076236-LeaderElection26: begin an election at term 2 for 0: [89ba96a8-01f6-4eff-81d6-f1c917046bcf:192.168.69.65:44393, a626a13b-9fbf-45e4-ad69-b33ead2c725a:192.168.69.65:36802, 7ef9c21a-99e3-42fb-b6ea-bac56b4f4f52:192.168.69.65:35222], old=null
2019-10-15 10:19:41,356 [a626a13b-9fbf-45e4-ad69-b33ead2c725a@group-B0BE37076236-LeaderElection26] INFO  impl.LeaderElection (LogUtils.java:infoOrTrace(149)) - a626a13b-9fbf-45e4-ad69-b33ead2c725a@group-B0BE37076236-LeaderElection26 got exception when requesting votes: {}
java.util.concurrent.ExecutionException: org.apache.ratis.thirdparty.io.grpc.StatusRuntimeException: UNAVAILABLE: io exception
	at java.util.concurrent.FutureTask.report(FutureTask.java:122)
	at java.util.concurrent.FutureTask.get(FutureTask.java:192)
	at org.apache.ratis.server.impl.LeaderElection.waitForResults(LeaderElection.java:259)
	at org.apache.ratis.server.impl.LeaderElection.askForVotes(LeaderElection.java:197)
	at org.apache.ratis.server.impl.LeaderElection.run(LeaderElection.java:133)
	at java.lang.Thread.run(Thread.java:748)
Caused by: org.apache.ratis.thirdparty.io.grpc.StatusRuntimeException: UNAVAILABLE: io exception
	at org.apache.ratis.thirdparty.io.grpc.stub.ClientCalls.toStatusRuntimeException(ClientCalls.java:233)
	at org.apache.ratis.thirdparty.io.grpc.stub.ClientCalls.getUnchecked(ClientCalls.java:214)
	at org.apache.ratis.thirdparty.io.grpc.stub.ClientCalls.blockingUnaryCall(ClientCalls.java:139)
	at org.apache.ratis.proto.grpc.RaftServerProtocolServiceGrpc$RaftServerProtocolServiceBlockingStub.requestVote(RaftServerProtocolServiceGrpc.java:265)
	at org.apache.ratis.grpc.server.GrpcServerProtocolClient.requestVote(GrpcServerProtocolClient.java:99)
	at org.apache.ratis.grpc.server.GrpcService.requestVote(GrpcService.java:204)
	at org.apache.ratis.server.impl.LeaderElection.lambda$submitRequests$1(LeaderElection.java:234)
	at java.util.concurrent.FutureTask.run(FutureTask.java:266)
	at java.util.concurrent.Executors$RunnableAdapter.call(Executors.java:511)
	at java.util.concurrent.FutureTask.run(FutureTask.java:266)
	at java.util.concurrent.ThreadPoolExecutor.runWorker(ThreadPoolExecutor.java:1149)
	at java.util.concurrent.ThreadPoolExecutor$Worker.run(ThreadPoolExecutor.java:624)
	... 1 more
Caused by: org.apache.ratis.thirdparty.io.netty.channel.AbstractChannel$AnnotatedConnectException: Connection refused: /192.168.69.65:44393
	at sun.nio.ch.SocketChannelImpl.checkConnect(Native Method)
	at sun.nio.ch.SocketChannelImpl.finishConnect(SocketChannelImpl.java:717)
	at org.apache.ratis.thirdparty.io.netty.channel.socket.nio.NioSocketChannel.doFinishConnect(NioSocketChannel.java:327)
	at org.apache.ratis.thirdparty.io.netty.channel.nio.AbstractNioChannel$AbstractNioUnsafe.finishConnect(AbstractNioChannel.java:340)
	at org.apache.ratis.thirdparty.io.netty.channel.nio.NioEventLoop.processSelectedKey(NioEventLoop.java:632)
	at org.apache.ratis.thirdparty.io.netty.channel.nio.NioEventLoop.processSelectedKeysOptimized(NioEventLoop.java:579)
	at org.apache.ratis.thirdparty.io.netty.channel.nio.NioEventLoop.processSelectedKeys(NioEventLoop.java:496)
	at org.apache.ratis.thirdparty.io.netty.channel.nio.NioEventLoop.run(NioEventLoop.java:458)
	at org.apache.ratis.thirdparty.io.netty.util.concurrent.SingleThreadEventExecutor$5.run(SingleThreadEventExecutor.java:897)
	at org.apache.ratis.thirdparty.io.netty.util.concurrent.FastThreadLocalRunnable.run(FastThreadLocalRunnable.java:30)
	... 1 more
Caused by: java.net.ConnectException: Connection refused
	... 11 more
2019-10-15 10:19:41,360 [grpc-default-executor-0] INFO  impl.RaftServerImpl (ServerState.java:setLeader(255)) - 7ef9c21a-99e3-42fb-b6ea-bac56b4f4f52@group-B0BE37076236: change Leader from 89ba96a8-01f6-4eff-81d6-f1c917046bcf to null at term 2 for updateCurrentTerm
2019-10-15 10:19:41,360 [grpc-default-executor-0] INFO  impl.RaftServerImpl (RaftServerImpl.java:setRole(170)) - 7ef9c21a-99e3-42fb-b6ea-bac56b4f4f52@group-B0BE37076236: changes role from  FOLLOWER to FOLLOWER at term 2 for recognizeCandidate:a626a13b-9fbf-45e4-ad69-b33ead2c725a
2019-10-15 10:19:41,360 [grpc-default-executor-0] INFO  impl.RoleInfo (RoleInfo.java:shutdownFollowerState(121)) - 7ef9c21a-99e3-42fb-b6ea-bac56b4f4f52: shutdown FollowerState
2019-10-15 10:19:41,360 [grpc-default-executor-0] INFO  impl.RoleInfo (RoleInfo.java:updateAndGet(143)) - 7ef9c21a-99e3-42fb-b6ea-bac56b4f4f52: start FollowerState
2019-10-15 10:19:41,361 [Thread-779] INFO  impl.FollowerState (FollowerState.java:run(117)) - 7ef9c21a-99e3-42fb-b6ea-bac56b4f4f52@group-B0BE37076236-FollowerState was interrupted: java.lang.InterruptedException: sleep interrupted
2019-10-15 10:19:41,376 [a626a13b-9fbf-45e4-ad69-b33ead2c725a@group-B0BE37076236-LeaderElection26] INFO  impl.LeaderElection (LeaderElection.java:logAndReturn(56)) - a626a13b-9fbf-45e4-ad69-b33ead2c725a@group-B0BE37076236-LeaderElection26: Election PASSED; received 1 response(s) [a626a13b-9fbf-45e4-ad69-b33ead2c725a<-7ef9c21a-99e3-42fb-b6ea-bac56b4f4f52#0:OK-t2] and 1 exception(s); a626a13b-9fbf-45e4-ad69-b33ead2c725a@group-B0BE37076236:t2, leader=null, voted=a626a13b-9fbf-45e4-ad69-b33ead2c725a, raftlog=a626a13b-9fbf-45e4-ad69-b33ead2c725a@group-B0BE37076236-SegmentedRaftLog:OPENED:c8,f8,i8, conf=0: [89ba96a8-01f6-4eff-81d6-f1c917046bcf:192.168.69.65:44393, a626a13b-9fbf-45e4-ad69-b33ead2c725a:192.168.69.65:36802, 7ef9c21a-99e3-42fb-b6ea-bac56b4f4f52:192.168.69.65:35222], old=null
2019-10-15 10:19:41,376 [a626a13b-9fbf-45e4-ad69-b33ead2c725a@group-B0BE37076236-LeaderElection26] INFO  impl.LeaderElection (LogUtils.java:infoOrTrace(149)) -   Exception 0: {}
java.util.concurrent.ExecutionException: org.apache.ratis.thirdparty.io.grpc.StatusRuntimeException: UNAVAILABLE: io exception
	at java.util.concurrent.FutureTask.report(FutureTask.java:122)
	at java.util.concurrent.FutureTask.get(FutureTask.java:192)
	at org.apache.ratis.server.impl.LeaderElection.waitForResults(LeaderElection.java:259)
	at org.apache.ratis.server.impl.LeaderElection.askForVotes(LeaderElection.java:197)
	at org.apache.ratis.server.impl.LeaderElection.run(LeaderElection.java:133)
	at java.lang.Thread.run(Thread.java:748)
Caused by: org.apache.ratis.thirdparty.io.grpc.StatusRuntimeException: UNAVAILABLE: io exception
	at org.apache.ratis.thirdparty.io.grpc.stub.ClientCalls.toStatusRuntimeException(ClientCalls.java:233)
	at org.apache.ratis.thirdparty.io.grpc.stub.ClientCalls.getUnchecked(ClientCalls.java:214)
	at org.apache.ratis.thirdparty.io.grpc.stub.ClientCalls.blockingUnaryCall(ClientCalls.java:139)
	at org.apache.ratis.proto.grpc.RaftServerProtocolServiceGrpc$RaftServerProtocolServiceBlockingStub.requestVote(RaftServerProtocolServiceGrpc.java:265)
	at org.apache.ratis.grpc.server.GrpcServerProtocolClient.requestVote(GrpcServerProtocolClient.java:99)
	at org.apache.ratis.grpc.server.GrpcService.requestVote(GrpcService.java:204)
	at org.apache.ratis.server.impl.LeaderElection.lambda$submitRequests$1(LeaderElection.java:234)
	at java.util.concurrent.FutureTask.run(FutureTask.java:266)
	at java.util.concurrent.Executors$RunnableAdapter.call(Executors.java:511)
	at java.util.concurrent.FutureTask.run(FutureTask.java:266)
	at java.util.concurrent.ThreadPoolExecutor.runWorker(ThreadPoolExecutor.java:1149)
	at java.util.concurrent.ThreadPoolExecutor$Worker.run(ThreadPoolExecutor.java:624)
	... 1 more
Caused by: org.apache.ratis.thirdparty.io.netty.channel.AbstractChannel$AnnotatedConnectException: Connection refused: /192.168.69.65:44393
	at sun.nio.ch.SocketChannelImpl.checkConnect(Native Method)
	at sun.nio.ch.SocketChannelImpl.finishConnect(SocketChannelImpl.java:717)
	at org.apache.ratis.thirdparty.io.netty.channel.socket.nio.NioSocketChannel.doFinishConnect(NioSocketChannel.java:327)
	at org.apache.ratis.thirdparty.io.netty.channel.nio.AbstractNioChannel$AbstractNioUnsafe.finishConnect(AbstractNioChannel.java:340)
	at org.apache.ratis.thirdparty.io.netty.channel.nio.NioEventLoop.processSelectedKey(NioEventLoop.java:632)
	at org.apache.ratis.thirdparty.io.netty.channel.nio.NioEventLoop.processSelectedKeysOptimized(NioEventLoop.java:579)
	at org.apache.ratis.thirdparty.io.netty.channel.nio.NioEventLoop.processSelectedKeys(NioEventLoop.java:496)
	at org.apache.ratis.thirdparty.io.netty.channel.nio.NioEventLoop.run(NioEventLoop.java:458)
	at org.apache.ratis.thirdparty.io.netty.util.concurrent.SingleThreadEventExecutor$5.run(SingleThreadEventExecutor.java:897)
	at org.apache.ratis.thirdparty.io.netty.util.concurrent.FastThreadLocalRunnable.run(FastThreadLocalRunnable.java:30)
	... 1 more
Caused by: java.net.ConnectException: Connection refused
	... 11 more
2019-10-15 10:19:41,376 [a626a13b-9fbf-45e4-ad69-b33ead2c725a@group-B0BE37076236-LeaderElection26] INFO  impl.RoleInfo (RoleInfo.java:shutdownLeaderElection(134)) - a626a13b-9fbf-45e4-ad69-b33ead2c725a: shutdown LeaderElection
2019-10-15 10:19:41,377 [a626a13b-9fbf-45e4-ad69-b33ead2c725a@group-B0BE37076236-LeaderElection26] INFO  impl.RaftServerImpl (RaftServerImpl.java:setRole(170)) - a626a13b-9fbf-45e4-ad69-b33ead2c725a@group-B0BE37076236: changes role from CANDIDATE to LEADER at term 2 for changeToLeader
2019-10-15 10:19:41,377 [a626a13b-9fbf-45e4-ad69-b33ead2c725a@group-B0BE37076236-LeaderElection26] INFO  impl.RaftServerImpl (ServerState.java:setLeader(255)) - a626a13b-9fbf-45e4-ad69-b33ead2c725a@group-B0BE37076236: change Leader from null to a626a13b-9fbf-45e4-ad69-b33ead2c725a at term 2 for becomeLeader, leader elected after 38ms
2019-10-15 10:19:41,377 [a626a13b-9fbf-45e4-ad69-b33ead2c725a@group-B0BE37076236-LeaderElection26] INFO  server.RaftServerConfigKeys (ConfUtils.java:logGet(43)) - raft.server.staging.catchup.gap = 1000 (default)
2019-10-15 10:19:41,377 [a626a13b-9fbf-45e4-ad69-b33ead2c725a@group-B0BE37076236-LeaderElection26] INFO  server.RaftServerConfigKeys (ConfUtils.java:logGet(43)) - raft.server.rpc.sleep.time = 25ms (default)
2019-10-15 10:19:41,378 [a626a13b-9fbf-45e4-ad69-b33ead2c725a@group-B0BE37076236-LeaderElection26] INFO  server.RaftServerConfigKeys (ConfUtils.java:logGet(43)) - raft.server.write.element-limit = 4096 (default)
2019-10-15 10:19:41,378 [a626a13b-9fbf-45e4-ad69-b33ead2c725a@group-B0BE37076236-LeaderElection26] INFO  server.RaftServerConfigKeys (ConfUtils.java:logGet(43)) - raft.server.watch.timeout = 10s (default)
2019-10-15 10:19:41,378 [a626a13b-9fbf-45e4-ad69-b33ead2c725a@group-B0BE37076236-LeaderElection26] INFO  server.RaftServerConfigKeys (ConfUtils.java:logGet(43)) - raft.server.watch.timeout.denomination = 1s (default)
2019-10-15 10:19:41,378 [a626a13b-9fbf-45e4-ad69-b33ead2c725a@group-B0BE37076236-LeaderElection26] INFO  server.RaftServerConfigKeys (ConfUtils.java:logGet(43)) - raft.server.watch.element-limit = 65536 (default)
2019-10-15 10:19:41,382 [a626a13b-9fbf-45e4-ad69-b33ead2c725a@group-B0BE37076236-LeaderElection26] INFO  server.RaftServerConfigKeys (ConfUtils.java:logGet(43)) - raft.server.log.appender.snapshot.chunk.size.max = 16MB (=16777216) (default)
2019-10-15 10:19:41,382 [a626a13b-9fbf-45e4-ad69-b33ead2c725a@group-B0BE37076236-LeaderElection26] INFO  server.RaftServerConfigKeys (ConfUtils.java:logGet(43)) - raft.server.log.appender.buffer.byte-limit = 33554432 (custom)
2019-10-15 10:19:41,383 [a626a13b-9fbf-45e4-ad69-b33ead2c725a@group-B0BE37076236-LeaderElection26] INFO  server.RaftServerConfigKeys (ConfUtils.java:logGet(43)) - raft.server.log.appender.buffer.element-limit = 1 (custom)
2019-10-15 10:19:41,383 [a626a13b-9fbf-45e4-ad69-b33ead2c725a@group-B0BE37076236-LeaderElection26] INFO  grpc.GrpcConfigKeys$Server (ConfUtils.java:logGet(43)) - raft.grpc.server.leader.outstanding.appends.max = 128 (default)
2019-10-15 10:19:41,383 [a626a13b-9fbf-45e4-ad69-b33ead2c725a@group-B0BE37076236-LeaderElection26] INFO  server.RaftServerConfigKeys (ConfUtils.java:logGet(43)) - raft.server.rpc.request.timeout = 3000ms (default)
2019-10-15 10:19:41,383 [a626a13b-9fbf-45e4-ad69-b33ead2c725a@group-B0BE37076236-LeaderElection26] INFO  server.RaftServerConfigKeys (ConfUtils.java:logGet(43)) - raft.server.log.appender.install.snapshot.enabled = false (custom)
2019-10-15 10:19:41,384 [a626a13b-9fbf-45e4-ad69-b33ead2c725a@group-B0BE37076236-LeaderElection26] INFO  server.RaftServerConfigKeys (ConfUtils.java:logGet(43)) - raft.server.log.appender.snapshot.chunk.size.max = 16MB (=16777216) (default)
2019-10-15 10:19:41,384 [a626a13b-9fbf-45e4-ad69-b33ead2c725a@group-B0BE37076236-LeaderElection26] INFO  server.RaftServerConfigKeys (ConfUtils.java:logGet(43)) - raft.server.log.appender.buffer.byte-limit = 33554432 (custom)
2019-10-15 10:19:41,384 [a626a13b-9fbf-45e4-ad69-b33ead2c725a@group-B0BE37076236-LeaderElection26] INFO  server.RaftServerConfigKeys (ConfUtils.java:logGet(43)) - raft.server.log.appender.buffer.element-limit = 1 (custom)
2019-10-15 10:19:41,384 [a626a13b-9fbf-45e4-ad69-b33ead2c725a@group-B0BE37076236-LeaderElection26] INFO  grpc.GrpcConfigKeys$Server (ConfUtils.java:logGet(43)) - raft.grpc.server.leader.outstanding.appends.max = 128 (default)
2019-10-15 10:19:41,384 [a626a13b-9fbf-45e4-ad69-b33ead2c725a@group-B0BE37076236-LeaderElection26] INFO  server.RaftServerConfigKeys (ConfUtils.java:logGet(43)) - raft.server.rpc.request.timeout = 3000ms (default)
2019-10-15 10:19:41,384 [a626a13b-9fbf-45e4-ad69-b33ead2c725a@group-B0BE37076236-LeaderElection26] INFO  server.RaftServerConfigKeys (ConfUtils.java:logGet(43)) - raft.server.log.appender.install.snapshot.enabled = false (custom)
2019-10-15 10:19:41,385 [a626a13b-9fbf-45e4-ad69-b33ead2c725a@group-B0BE37076236-LeaderElection26] INFO  impl.RoleInfo (RoleInfo.java:updateAndGet(143)) - a626a13b-9fbf-45e4-ad69-b33ead2c725a: start LeaderState
2019-10-15 10:19:41,385 [a626a13b-9fbf-45e4-ad69-b33ead2c725a@group-B0BE37076236-LeaderElection26] INFO  segmented.SegmentedRaftLogWorker (SegmentedRaftLogWorker.java:rollLogSegment(390)) - a626a13b-9fbf-45e4-ad69-b33ead2c725a@group-B0BE37076236-SegmentedRaftLogWorker: Rolling segment log-0_8 to index:8
2019-10-15 10:19:41,387 [a626a13b-9fbf-45e4-ad69-b33ead2c725a@group-B0BE37076236-LeaderElection26] INFO  impl.RaftServerImpl (ServerState.java:setRaftConf(356)) - a626a13b-9fbf-45e4-ad69-b33ead2c725a@group-B0BE37076236: set configuration 9: [89ba96a8-01f6-4eff-81d6-f1c917046bcf:192.168.69.65:44393, a626a13b-9fbf-45e4-ad69-b33ead2c725a:192.168.69.65:36802, 7ef9c21a-99e3-42fb-b6ea-bac56b4f4f52:192.168.69.65:35222], old=null at 9
2019-10-15 10:19:41,387 [a626a13b-9fbf-45e4-ad69-b33ead2c725a@group-B0BE37076236-SegmentedRaftLogWorker] INFO  segmented.SegmentedRaftLogWorker (SegmentedRaftLogWorker.java:execute(531)) - a626a13b-9fbf-45e4-ad69-b33ead2c725a@group-B0BE37076236-SegmentedRaftLogWorker: Rolled log segment from /workdir/hadoop-ozone/integration-test/target/test-dir/MiniOzoneClusterImpl-d2dc297f-df8e-434f-8420-d555204b07d2/datanode-5/data/ratis/d85e2853-c671-430b-bad9-b0be37076236/current/log_inprogress_0 to /workdir/hadoop-ozone/integration-test/target/test-dir/MiniOzoneClusterImpl-d2dc297f-df8e-434f-8420-d555204b07d2/datanode-5/data/ratis/d85e2853-c671-430b-bad9-b0be37076236/current/log_0-8
2019-10-15 10:19:41,388 [grpc-default-executor-0] WARN  server.GrpcLogAppender (LogUtils.java:warn(134)) - a626a13b-9fbf-45e4-ad69-b33ead2c725a@group-B0BE37076236->89ba96a8-01f6-4eff-81d6-f1c917046bcf-AppendLogResponseHandler: Failed appendEntries: org.apache.ratis.thirdparty.io.grpc.StatusRuntimeException: UNAVAILABLE: io exception
2019-10-15 10:19:41,389 [grpc-default-executor-0] INFO  impl.FollowerInfo (FollowerInfo.java:lambda$new$0(51)) - a626a13b-9fbf-45e4-ad69-b33ead2c725a@group-B0BE37076236->89ba96a8-01f6-4eff-81d6-f1c917046bcf: nextIndex: updateUnconditionally 9 -> 1
2019-10-15 10:19:41,389 [grpc-default-executor-3] INFO  impl.RaftServerImpl (ServerState.java:setLeader(255)) - 7ef9c21a-99e3-42fb-b6ea-bac56b4f4f52@group-B0BE37076236: change Leader from null to a626a13b-9fbf-45e4-ad69-b33ead2c725a at term 2 for appendEntries, leader elected after 29ms
2019-10-15 10:19:41,420 [grpc-default-executor-3] INFO  impl.RaftServerImpl (ServerState.java:setRaftConf(356)) - 7ef9c21a-99e3-42fb-b6ea-bac56b4f4f52@group-B0BE37076236: set configuration 9: [89ba96a8-01f6-4eff-81d6-f1c917046bcf:192.168.69.65:44393, a626a13b-9fbf-45e4-ad69-b33ead2c725a:192.168.69.65:36802, 7ef9c21a-99e3-42fb-b6ea-bac56b4f4f52:192.168.69.65:35222], old=null at 9
2019-10-15 10:19:41,420 [grpc-default-executor-3] INFO  segmented.SegmentedRaftLogWorker (SegmentedRaftLogWorker.java:rollLogSegment(390)) - 7ef9c21a-99e3-42fb-b6ea-bac56b4f4f52@group-B0BE37076236-SegmentedRaftLogWorker: Rolling segment log-0_8 to index:8
2019-10-15 10:19:41,421 [7ef9c21a-99e3-42fb-b6ea-bac56b4f4f52@group-B0BE37076236-SegmentedRaftLogWorker] INFO  segmented.SegmentedRaftLogWorker (SegmentedRaftLogWorker.java:execute(531)) - 7ef9c21a-99e3-42fb-b6ea-bac56b4f4f52@group-B0BE37076236-SegmentedRaftLogWorker: Rolled log segment from /workdir/hadoop-ozone/integration-test/target/test-dir/MiniOzoneClusterImpl-d2dc297f-df8e-434f-8420-d555204b07d2/datanode-6/data/ratis/d85e2853-c671-430b-bad9-b0be37076236/current/log_inprogress_0 to /workdir/hadoop-ozone/integration-test/target/test-dir/MiniOzoneClusterImpl-d2dc297f-df8e-434f-8420-d555204b07d2/datanode-6/data/ratis/d85e2853-c671-430b-bad9-b0be37076236/current/log_0-8
2019-10-15 10:19:41,443 [a626a13b-9fbf-45e4-ad69-b33ead2c725a@group-B0BE37076236-SegmentedRaftLogWorker] INFO  segmented.SegmentedRaftLogWorker (SegmentedRaftLogWorker.java:execute(574)) - a626a13b-9fbf-45e4-ad69-b33ead2c725a@group-B0BE37076236-SegmentedRaftLogWorker: created new log segment /workdir/hadoop-ozone/integration-test/target/test-dir/MiniOzoneClusterImpl-d2dc297f-df8e-434f-8420-d555204b07d2/datanode-5/data/ratis/d85e2853-c671-430b-bad9-b0be37076236/current/log_inprogress_9
2019-10-15 10:19:41,456 [7ef9c21a-99e3-42fb-b6ea-bac56b4f4f52@group-B0BE37076236-SegmentedRaftLogWorker] INFO  segmented.SegmentedRaftLogWorker (SegmentedRaftLogWorker.java:execute(574)) - 7ef9c21a-99e3-42fb-b6ea-bac56b4f4f52@group-B0BE37076236-SegmentedRaftLogWorker: created new log segment /workdir/hadoop-ozone/integration-test/target/test-dir/MiniOzoneClusterImpl-d2dc297f-df8e-434f-8420-d555204b07d2/datanode-6/data/ratis/d85e2853-c671-430b-bad9-b0be37076236/current/log_inprogress_9
2019-10-15 10:19:41,475 [grpc-default-executor-6] WARN  server.GrpcLogAppender (LogUtils.java:warn(134)) - a626a13b-9fbf-45e4-ad69-b33ead2c725a@group-B0BE37076236->89ba96a8-01f6-4eff-81d6-f1c917046bcf-AppendLogResponseHandler: Failed appendEntries: org.apache.ratis.thirdparty.io.grpc.StatusRuntimeException: UNAVAILABLE: io exception
2019-10-15 10:19:41,475 [grpc-default-executor-6] INFO  impl.FollowerInfo (FollowerInfo.java:lambda$new$0(51)) - a626a13b-9fbf-45e4-ad69-b33ead2c725a@group-B0BE37076236->89ba96a8-01f6-4eff-81d6-f1c917046bcf: nextIndex: updateUnconditionally 2 -> 1
2019-10-15 10:19:41,488 [grpc-default-executor-0] WARN  server.GrpcLogAppender (LogUtils.java:warn(134)) - a626a13b-9fbf-45e4-ad69-b33ead2c725a@group-B0BE37076236->89ba96a8-01f6-4eff-81d6-f1c917046bcf-AppendLogResponseHandler: Failed appendEntries: org.apache.ratis.thirdparty.io.grpc.StatusRuntimeException: UNAVAILABLE: io exception
2019-10-15 10:19:41,488 [grpc-default-executor-0] INFO  impl.FollowerInfo (FollowerInfo.java:lambda$new$0(51)) - a626a13b-9fbf-45e4-ad69-b33ead2c725a@group-B0BE37076236->89ba96a8-01f6-4eff-81d6-f1c917046bcf: nextIndex: updateUnconditionally 2 -> 1
2019-10-15 10:19:42,716 [ForkJoinPool.commonPool-worker-0] INFO  ozoneimpl.OzoneContainer (OzoneContainer.java:stop(227)) - Attempting to stop container services.
2019-10-15 10:19:42,717 [ForkJoinPool.commonPool-worker-0] INFO  impl.RaftServerProxy (RaftServerProxy.java:lambda$close$4(314)) - 0f7b2390-6b01-4aa9-9793-f543095052b0: close
2019-10-15 10:19:42,717 [ForkJoinPool.commonPool-worker-0] INFO  impl.RaftServerImpl (RaftServerImpl.java:lambda$shutdown$3(247)) - 0f7b2390-6b01-4aa9-9793-f543095052b0@group-51EE12963047: shutdown
2019-10-15 10:19:42,718 [ForkJoinPool.commonPool-worker-0] INFO  util.JmxRegister (JmxRegister.java:unregister(73)) - Successfully un-registered JMX Bean with object name Ratis:service=RaftServer,group=group-51EE12963047,id=0f7b2390-6b01-4aa9-9793-f543095052b0
2019-10-15 10:19:42,718 [ForkJoinPool.commonPool-worker-0] INFO  impl.RoleInfo (RoleInfo.java:shutdownFollowerState(121)) - 0f7b2390-6b01-4aa9-9793-f543095052b0: shutdown FollowerState
2019-10-15 10:19:42,718 [ForkJoinPool.commonPool-worker-0] INFO  impl.StateMachineUpdater (StateMachineUpdater.java:stopAndJoin(136)) - 0f7b2390-6b01-4aa9-9793-f543095052b0@group-51EE12963047-StateMachineUpdater: set stopIndex = 0
2019-10-15 10:19:42,718 [Thread-1348] INFO  impl.FollowerState (FollowerState.java:run(117)) - 0f7b2390-6b01-4aa9-9793-f543095052b0@group-51EE12963047-FollowerState was interrupted: java.lang.InterruptedException: sleep interrupted
2019-10-15 10:19:42,724 [ForkJoinPool.commonPool-worker-0] INFO  impl.RaftServerImpl (ServerState.java:close(387)) - 0f7b2390-6b01-4aa9-9793-f543095052b0@group-51EE12963047: closes. applyIndex: 0
2019-10-15 10:19:42,725 [0f7b2390-6b01-4aa9-9793-f543095052b0@group-51EE12963047-SegmentedRaftLogWorker] INFO  segmented.SegmentedRaftLogWorker (SegmentedRaftLogWorker.java:run(316)) - 0f7b2390-6b01-4aa9-9793-f543095052b0@group-51EE12963047-SegmentedRaftLogWorker was interrupted, exiting. There are 0 tasks remaining in the queue.
2019-10-15 10:19:42,727 [ForkJoinPool.commonPool-worker-0] INFO  segmented.SegmentedRaftLogWorker (SegmentedRaftLogWorker.java:close(224)) - 0f7b2390-6b01-4aa9-9793-f543095052b0@group-51EE12963047-SegmentedRaftLogWorker close()
2019-10-15 10:19:42,728 [ForkJoinPool.commonPool-worker-0] INFO  impl.RaftServerImpl (RaftServerImpl.java:lambda$shutdown$3(247)) - 0f7b2390-6b01-4aa9-9793-f543095052b0@group-86BD85AE461F: shutdown
2019-10-15 10:19:42,728 [ForkJoinPool.commonPool-worker-0] INFO  util.JmxRegister (JmxRegister.java:unregister(73)) - Successfully un-registered JMX Bean with object name Ratis:service=RaftServer,group=group-86BD85AE461F,id=0f7b2390-6b01-4aa9-9793-f543095052b0
2019-10-15 10:19:42,729 [ForkJoinPool.commonPool-worker-0] INFO  impl.RoleInfo (RoleInfo.java:shutdownLeaderState(104)) - 0f7b2390-6b01-4aa9-9793-f543095052b0: shutdown LeaderState
2019-10-15 10:19:42,729 [ForkJoinPool.commonPool-worker-0] INFO  impl.PendingRequests (PendingRequests.java:sendNotLeaderResponses(202)) - 0f7b2390-6b01-4aa9-9793-f543095052b0@group-86BD85AE461F-PendingRequests: sendNotLeaderResponses
2019-10-15 10:19:42,730 [ForkJoinPool.commonPool-worker-0] INFO  impl.StateMachineUpdater (StateMachineUpdater.java:stopAndJoin(136)) - 0f7b2390-6b01-4aa9-9793-f543095052b0@group-86BD85AE461F-StateMachineUpdater: set stopIndex = 0
2019-10-15 10:19:42,730 [ForkJoinPool.commonPool-worker-0] INFO  impl.RaftServerImpl (ServerState.java:close(387)) - 0f7b2390-6b01-4aa9-9793-f543095052b0@group-86BD85AE461F: closes. applyIndex: 0
2019-10-15 10:19:42,731 [0f7b2390-6b01-4aa9-9793-f543095052b0@group-86BD85AE461F-SegmentedRaftLogWorker] INFO  segmented.SegmentedRaftLogWorker (SegmentedRaftLogWorker.java:run(316)) - 0f7b2390-6b01-4aa9-9793-f543095052b0@group-86BD85AE461F-SegmentedRaftLogWorker was interrupted, exiting. There are 0 tasks remaining in the queue.
2019-10-15 10:19:42,733 [ForkJoinPool.commonPool-worker-0] INFO  segmented.SegmentedRaftLogWorker (SegmentedRaftLogWorker.java:close(224)) - 0f7b2390-6b01-4aa9-9793-f543095052b0@group-86BD85AE461F-SegmentedRaftLogWorker close()
2019-10-15 10:19:42,734 [ForkJoinPool.commonPool-worker-0] INFO  server.GrpcService (GrpcService.java:closeImpl(164)) - 0f7b2390-6b01-4aa9-9793-f543095052b0: shutdown server with port 41530 now
2019-10-15 10:19:42,735 [main] INFO  ozoneimpl.OzoneContainer (OzoneContainer.java:stop(227)) - Attempting to stop container services.
2019-10-15 10:19:42,736 [ForkJoinPool.commonPool-worker-0] INFO  server.GrpcService (GrpcService.java:closeImpl(172)) - 0f7b2390-6b01-4aa9-9793-f543095052b0: shutdown server with port 41530 successfully
2019-10-15 10:19:42,736 [main] INFO  impl.RaftServerProxy (RaftServerProxy.java:lambda$close$4(314)) - 7ef9c21a-99e3-42fb-b6ea-bac56b4f4f52: close
2019-10-15 10:19:42,737 [main] INFO  impl.RaftServerImpl (RaftServerImpl.java:lambda$shutdown$3(247)) - 7ef9c21a-99e3-42fb-b6ea-bac56b4f4f52@group-B0BE37076236: shutdown
2019-10-15 10:19:42,737 [main] INFO  util.JmxRegister (JmxRegister.java:unregister(73)) - Successfully un-registered JMX Bean with object name Ratis:service=RaftServer,group=group-B0BE37076236,id=7ef9c21a-99e3-42fb-b6ea-bac56b4f4f52
2019-10-15 10:19:42,737 [main] INFO  impl.RoleInfo (RoleInfo.java:shutdownFollowerState(121)) - 7ef9c21a-99e3-42fb-b6ea-bac56b4f4f52: shutdown FollowerState
2019-10-15 10:19:42,738 [main] INFO  impl.StateMachineUpdater (StateMachineUpdater.java:stopAndJoin(136)) - 7ef9c21a-99e3-42fb-b6ea-bac56b4f4f52@group-B0BE37076236-StateMachineUpdater: set stopIndex = 9
2019-10-15 10:19:42,738 [Thread-1352] INFO  impl.FollowerState (FollowerState.java:run(117)) - 7ef9c21a-99e3-42fb-b6ea-bac56b4f4f52@group-B0BE37076236-FollowerState was interrupted: java.lang.InterruptedException: sleep interrupted
2019-10-15 10:19:42,740 [7ef9c21a-99e3-42fb-b6ea-bac56b4f4f52@group-B0BE37076236-StateMachineUpdater] INFO  ratis.ContainerStateMachine (ContainerStateMachine.java:takeSnapshot(294)) - group-B0BE37076236: Taking a snapshot at:(t:1, i:5) file /workdir/hadoop-ozone/integration-test/target/test-dir/MiniOzoneClusterImpl-d2dc297f-df8e-434f-8420-d555204b07d2/datanode-6/data/ratis/d85e2853-c671-430b-bad9-b0be37076236/sm/snapshot.1_5
2019-10-15 10:19:42,745 [refreshUsed-/workdir/hadoop-ozone/integration-test/target/test-dir/MiniOzoneClusterImpl-d2dc297f-df8e-434f-8420-d555204b07d2/datanode-0/data/containers] WARN  fs.CachingGetSpaceUsed (CachingGetSpaceUsed.java:run(183)) - Thread Interrupted waiting to refresh disk information: sleep interrupted
2019-10-15 10:19:42,756 [7ef9c21a-99e3-42fb-b6ea-bac56b4f4f52@group-B0BE37076236-StateMachineUpdater] INFO  ratis.ContainerStateMachine (ContainerStateMachine.java:takeSnapshot(305)) - group-B0BE37076236: Finished taking a snapshot at:(t:1, i:5) file:/workdir/hadoop-ozone/integration-test/target/test-dir/MiniOzoneClusterImpl-d2dc297f-df8e-434f-8420-d555204b07d2/datanode-6/data/ratis/d85e2853-c671-430b-bad9-b0be37076236/sm/snapshot.1_5 time:18
2019-10-15 10:19:42,757 [7ef9c21a-99e3-42fb-b6ea-bac56b4f4f52@group-B0BE37076236-StateMachineUpdater] INFO  impl.StateMachineUpdater (StateMachineUpdater.java:takeSnapshot(269)) - 7ef9c21a-99e3-42fb-b6ea-bac56b4f4f52@group-B0BE37076236-StateMachineUpdater: Took a snapshot at index 5
2019-10-15 10:19:42,757 [7ef9c21a-99e3-42fb-b6ea-bac56b4f4f52@group-B0BE37076236-StateMachineUpdater] INFO  impl.StateMachineUpdater (StateMachineUpdater.java:lambda$new$0(84)) - 7ef9c21a-99e3-42fb-b6ea-bac56b4f4f52@group-B0BE37076236-StateMachineUpdater: snapshotIndex: updateIncreasingly -1 -> 5
2019-10-15 10:19:42,758 [7ef9c21a-99e3-42fb-b6ea-bac56b4f4f52@group-B0BE37076236-StateMachineUpdater] INFO  ratis.ContainerStateMachine (ContainerStateMachine.java:takeSnapshot(294)) - group-B0BE37076236: Taking a snapshot at:(t:1, i:5) file /workdir/hadoop-ozone/integration-test/target/test-dir/MiniOzoneClusterImpl-d2dc297f-df8e-434f-8420-d555204b07d2/datanode-6/data/ratis/d85e2853-c671-430b-bad9-b0be37076236/sm/snapshot.1_5
2019-10-15 10:19:42,763 [ForkJoinPool.commonPool-worker-0] INFO  utils.BackgroundService (BackgroundService.java:shutdown(151)) - Shutting down service BlockDeletingService
2019-10-15 10:19:42,767 [ForkJoinPool.commonPool-worker-0] INFO  statemachine.DatanodeStateMachine (DatanodeStateMachine.java:stopDaemon(395)) - Ozone container server stopped.
2019-10-15 10:19:42,770 [7ef9c21a-99e3-42fb-b6ea-bac56b4f4f52@group-B0BE37076236-StateMachineUpdater] INFO  ratis.ContainerStateMachine (ContainerStateMachine.java:takeSnapshot(305)) - group-B0BE37076236: Finished taking a snapshot at:(t:1, i:5) file:/workdir/hadoop-ozone/integration-test/target/test-dir/MiniOzoneClusterImpl-d2dc297f-df8e-434f-8420-d555204b07d2/datanode-6/data/ratis/d85e2853-c671-430b-bad9-b0be37076236/sm/snapshot.1_5 time:13
2019-10-15 10:19:42,771 [7ef9c21a-99e3-42fb-b6ea-bac56b4f4f52@group-B0BE37076236-StateMachineUpdater] INFO  impl.StateMachineUpdater (StateMachineUpdater.java:takeSnapshot(269)) - 7ef9c21a-99e3-42fb-b6ea-bac56b4f4f52@group-B0BE37076236-StateMachineUpdater: Took a snapshot at index 5
2019-10-15 10:19:42,771 [ForkJoinPool.commonPool-worker-0] INFO  handler.ContextHandler (ContextHandler.java:doStop(910)) - Stopped o.e.j.w.WebAppContext@5c7dfc05{/,null,UNAVAILABLE}{/hddsDatanode}
2019-10-15 10:19:42,771 [7ef9c21a-99e3-42fb-b6ea-bac56b4f4f52@group-B0BE37076236-StateMachineUpdater] INFO  impl.StateMachineUpdater (StateMachineUpdater.java:lambda$new$0(84)) - 7ef9c21a-99e3-42fb-b6ea-bac56b4f4f52@group-B0BE37076236-StateMachineUpdater: snapshotIndex: updateIncreasingly 5 -> 5
2019-10-15 10:19:42,772 [main] INFO  impl.RaftServerImpl (ServerState.java:close(387)) - 7ef9c21a-99e3-42fb-b6ea-bac56b4f4f52@group-B0BE37076236: closes. applyIndex: 9
2019-10-15 10:19:42,773 [7ef9c21a-99e3-42fb-b6ea-bac56b4f4f52@group-B0BE37076236-SegmentedRaftLogWorker] INFO  segmented.SegmentedRaftLogWorker (SegmentedRaftLogWorker.java:run(316)) - 7ef9c21a-99e3-42fb-b6ea-bac56b4f4f52@group-B0BE37076236-SegmentedRaftLogWorker was interrupted, exiting. There are 0 tasks remaining in the queue.
2019-10-15 10:19:42,773 [ForkJoinPool.commonPool-worker-0] INFO  server.AbstractConnector (AbstractConnector.java:doStop(318)) - Stopped ServerConnector@345d053b{HTTP/1.1,[http/1.1]}{0.0.0.0:0}
2019-10-15 10:19:42,774 [main] INFO  segmented.SegmentedRaftLogWorker (SegmentedRaftLogWorker.java:close(224)) - 7ef9c21a-99e3-42fb-b6ea-bac56b4f4f52@group-B0BE37076236-SegmentedRaftLogWorker close()
2019-10-15 10:19:42,781 [ForkJoinPool.commonPool-worker-0] INFO  handler.ContextHandler (ContextHandler.java:doStop(910)) - Stopped o.e.j.s.ServletContextHandler@3138953b{/static,jar:file:/home/user/.m2/repository/org/apache/hadoop/hadoop-hdds-container-service/0.5.0-SNAPSHOT/hadoop-hdds-container-service-0.5.0-SNAPSHOT.jar!/webapps/static,UNAVAILABLE}
2019-10-15 10:19:42,784 [main] INFO  impl.RaftServerImpl (RaftServerImpl.java:lambda$shutdown$3(247)) - 7ef9c21a-99e3-42fb-b6ea-bac56b4f4f52@group-B6A489AB804C: shutdown
2019-10-15 10:19:42,784 [ForkJoinPool.commonPool-worker-0] INFO  handler.ContextHandler (ContextHandler.java:doStop(910)) - Stopped o.e.j.s.ServletContextHandler@3667faa8{/logs,file:///workdir/hadoop-ozone/integration-test/target/log,UNAVAILABLE}
2019-10-15 10:19:42,785 [main] INFO  util.JmxRegister (JmxRegister.java:unregister(73)) - Successfully un-registered JMX Bean with object name Ratis:service=RaftServer,group=group-B6A489AB804C,id=7ef9c21a-99e3-42fb-b6ea-bac56b4f4f52
2019-10-15 10:19:42,785 [main] INFO  impl.RoleInfo (RoleInfo.java:shutdownLeaderState(104)) - 7ef9c21a-99e3-42fb-b6ea-bac56b4f4f52: shutdown LeaderState
2019-10-15 10:19:42,786 [main] INFO  impl.PendingRequests (PendingRequests.java:sendNotLeaderResponses(202)) - 7ef9c21a-99e3-42fb-b6ea-bac56b4f4f52@group-B6A489AB804C-PendingRequests: sendNotLeaderResponses
2019-10-15 10:19:42,786 [main] INFO  impl.StateMachineUpdater (StateMachineUpdater.java:stopAndJoin(136)) - 7ef9c21a-99e3-42fb-b6ea-bac56b4f4f52@group-B6A489AB804C-StateMachineUpdater: set stopIndex = 0
2019-10-15 10:19:42,786 [main] INFO  impl.RaftServerImpl (ServerState.java:close(387)) - 7ef9c21a-99e3-42fb-b6ea-bac56b4f4f52@group-B6A489AB804C: closes. applyIndex: 0
2019-10-15 10:19:42,787 [7ef9c21a-99e3-42fb-b6ea-bac56b4f4f52@group-B6A489AB804C-SegmentedRaftLogWorker] INFO  segmented.SegmentedRaftLogWorker (SegmentedRaftLogWorker.java:run(316)) - 7ef9c21a-99e3-42fb-b6ea-bac56b4f4f52@group-B6A489AB804C-SegmentedRaftLogWorker was interrupted, exiting. There are 0 tasks remaining in the queue.
2019-10-15 10:19:42,787 [main] INFO  segmented.SegmentedRaftLogWorker (SegmentedRaftLogWorker.java:close(224)) - 7ef9c21a-99e3-42fb-b6ea-bac56b4f4f52@group-B6A489AB804C-SegmentedRaftLogWorker close()
2019-10-15 10:19:42,788 [main] INFO  server.GrpcService (GrpcService.java:closeImpl(164)) - 7ef9c21a-99e3-42fb-b6ea-bac56b4f4f52: shutdown server with port 35222 now
2019-10-15 10:19:42,790 [grpc-default-executor-6] WARN  server.GrpcServerProtocolService (LogUtils.java:warn(134)) - 7ef9c21a-99e3-42fb-b6ea-bac56b4f4f52: installSnapshot onError, lastRequest: a626a13b-9fbf-45e4-ad69-b33ead2c725a->7ef9c21a-99e3-42fb-b6ea-bac56b4f4f52#2-t2, previous=(t:2, i:9), leaderCommit=9, initializing? false, entries: size=1, first=(t:2, i:10), METADATAENTRY(c9): org.apache.ratis.thirdparty.io.grpc.StatusRuntimeException: CANCELLED: cancelled before receiving half close
2019-10-15 10:19:42,790 [grpc-default-executor-3] WARN  server.GrpcLogAppender (LogUtils.java:warn(134)) - a626a13b-9fbf-45e4-ad69-b33ead2c725a@group-B0BE37076236->7ef9c21a-99e3-42fb-b6ea-bac56b4f4f52-AppendLogResponseHandler: Failed appendEntries: org.apache.ratis.thirdparty.io.grpc.StatusRuntimeException: CANCELLED: HTTP/2 error code: CANCEL
Received Rst Stream
2019-10-15 10:19:42,790 [main] INFO  server.GrpcService (GrpcService.java:closeImpl(172)) - 7ef9c21a-99e3-42fb-b6ea-bac56b4f4f52: shutdown server with port 35222 successfully
2019-10-15 10:19:42,793 [grpc-default-executor-3] INFO  impl.FollowerInfo (FollowerInfo.java:lambda$new$0(51)) - a626a13b-9fbf-45e4-ad69-b33ead2c725a@group-B0BE37076236->7ef9c21a-99e3-42fb-b6ea-bac56b4f4f52: nextIndex: updateUnconditionally 11 -> 10
2019-10-15 10:19:42,795 [refreshUsed-/workdir/hadoop-ozone/integration-test/target/test-dir/MiniOzoneClusterImpl-d2dc297f-df8e-434f-8420-d555204b07d2/datanode-6/data/containers] WARN  fs.CachingGetSpaceUsed (CachingGetSpaceUsed.java:run(183)) - Thread Interrupted waiting to refresh disk information: sleep interrupted
2019-10-15 10:19:42,815 [main] INFO  utils.BackgroundService (BackgroundService.java:shutdown(151)) - Shutting down service BlockDeletingService
2019-10-15 10:19:42,818 [main] INFO  statemachine.DatanodeStateMachine (DatanodeStateMachine.java:stopDaemon(395)) - Ozone container server stopped.
2019-10-15 10:19:42,819 [main] INFO  handler.ContextHandler (ContextHandler.java:doStop(910)) - Stopped o.e.j.w.WebAppContext@40c2ce52{/,null,UNAVAILABLE}{/hddsDatanode}
2019-10-15 10:19:42,820 [main] INFO  server.AbstractConnector (AbstractConnector.java:doStop(318)) - Stopped ServerConnector@18a19e{HTTP/1.1,[http/1.1]}{0.0.0.0:0}
2019-10-15 10:19:42,820 [main] INFO  handler.ContextHandler (ContextHandler.java:doStop(910)) - Stopped o.e.j.s.ServletContextHandler@16736040{/static,jar:file:/home/user/.m2/repository/org/apache/hadoop/hadoop-hdds-container-service/0.5.0-SNAPSHOT/hadoop-hdds-container-service-0.5.0-SNAPSHOT.jar!/webapps/static,UNAVAILABLE}
2019-10-15 10:19:42,821 [main] INFO  handler.ContextHandler (ContextHandler.java:doStop(910)) - Stopped o.e.j.s.ServletContextHandler@10272bbb{/logs,file:///workdir/hadoop-ozone/integration-test/target/log,UNAVAILABLE}
2019-10-15 10:19:43,576 [Datanode State Machine Thread - 0] INFO  statemachine.DatanodeStateMachine (DatanodeStateMachine.java:lambda$startDaemon$0(350)) - Ozone container server started.
2019-10-15 10:19:43,989 [grpc-default-executor-0] WARN  server.GrpcLogAppender (LogUtils.java:warn(134)) - a626a13b-9fbf-45e4-ad69-b33ead2c725a@group-B0BE37076236->89ba96a8-01f6-4eff-81d6-f1c917046bcf-AppendLogResponseHandler: Failed appendEntries: org.apache.ratis.thirdparty.io.grpc.StatusRuntimeException: UNAVAILABLE: io exception
2019-10-15 10:19:43,990 [grpc-default-executor-8] WARN  server.GrpcLogAppender (LogUtils.java:warn(134)) - a626a13b-9fbf-45e4-ad69-b33ead2c725a@group-B0BE37076236->7ef9c21a-99e3-42fb-b6ea-bac56b4f4f52-AppendLogResponseHandler: Failed appendEntries: org.apache.ratis.thirdparty.io.grpc.StatusRuntimeException: UNAVAILABLE: io exception
2019-10-15 10:19:43,990 [grpc-default-executor-0] INFO  impl.FollowerInfo (FollowerInfo.java:lambda$new$0(51)) - a626a13b-9fbf-45e4-ad69-b33ead2c725a@group-B0BE37076236->89ba96a8-01f6-4eff-81d6-f1c917046bcf: nextIndex: updateUnconditionally 1 -> 0
2019-10-15 10:19:43,990 [grpc-default-executor-8] INFO  impl.FollowerInfo (FollowerInfo.java:lambda$new$0(51)) - a626a13b-9fbf-45e4-ad69-b33ead2c725a@group-B0BE37076236->7ef9c21a-99e3-42fb-b6ea-bac56b4f4f52: nextIndex: updateUnconditionally 10 -> 9
2019-10-15 10:19:46,489 [grpc-default-executor-6] WARN  server.GrpcLogAppender (LogUtils.java:warn(134)) - a626a13b-9fbf-45e4-ad69-b33ead2c725a@group-B0BE37076236->7ef9c21a-99e3-42fb-b6ea-bac56b4f4f52-AppendLogResponseHandler: Failed appendEntries: org.apache.ratis.thirdparty.io.grpc.StatusRuntimeException: UNAVAILABLE: io exception
2019-10-15 10:19:46,490 [grpc-default-executor-7] WARN  server.GrpcLogAppender (LogUtils.java:warn(134)) - a626a13b-9fbf-45e4-ad69-b33ead2c725a@group-B0BE37076236->89ba96a8-01f6-4eff-81d6-f1c917046bcf-AppendLogResponseHandler: Failed appendEntries: org.apache.ratis.thirdparty.io.grpc.StatusRuntimeException: UNAVAILABLE: io exception
2019-10-15 10:19:46,490 [grpc-default-executor-6] INFO  impl.FollowerInfo (FollowerInfo.java:lambda$new$0(51)) - a626a13b-9fbf-45e4-ad69-b33ead2c725a@group-B0BE37076236->7ef9c21a-99e3-42fb-b6ea-bac56b4f4f52: nextIndex: updateUnconditionally 9 -> 8
2019-10-15 10:19:46,490 [grpc-default-executor-7] INFO  impl.FollowerInfo (FollowerInfo.java:lambda$new$0(51)) - a626a13b-9fbf-45e4-ad69-b33ead2c725a@group-B0BE37076236->89ba96a8-01f6-4eff-81d6-f1c917046bcf: nextIndex: updateUnconditionally 0 -> 0
2019-10-15 10:19:47,787 [ForkJoinPool.commonPool-worker-0] INFO  ozoneimpl.OzoneContainer (OzoneContainer.java:stop(227)) - Attempting to stop container services.
2019-10-15 10:19:47,787 [ForkJoinPool.commonPool-worker-0] INFO  impl.RaftServerProxy (RaftServerProxy.java:lambda$close$4(314)) - a626a13b-9fbf-45e4-ad69-b33ead2c725a: close
2019-10-15 10:19:47,788 [ForkJoinPool.commonPool-worker-0] INFO  impl.RaftServerImpl (RaftServerImpl.java:lambda$shutdown$3(247)) - a626a13b-9fbf-45e4-ad69-b33ead2c725a@group-B0BE37076236: shutdown
2019-10-15 10:19:47,788 [ForkJoinPool.commonPool-worker-0] INFO  util.JmxRegister (JmxRegister.java:unregister(73)) - Successfully un-registered JMX Bean with object name Ratis:service=RaftServer,group=group-B0BE37076236,id=a626a13b-9fbf-45e4-ad69-b33ead2c725a
2019-10-15 10:19:47,788 [ForkJoinPool.commonPool-worker-0] INFO  impl.RoleInfo (RoleInfo.java:shutdownLeaderState(104)) - a626a13b-9fbf-45e4-ad69-b33ead2c725a: shutdown LeaderState
2019-10-15 10:19:47,791 [org.apache.ratis.server.impl.LogAppender$AppenderDaemon$$Lambda$546/1683341887@37f0b00e] WARN  server.GrpcLogAppender (GrpcLogAppender.java:mayWait(143)) - a626a13b-9fbf-45e4-ad69-b33ead2c725a@group-B0BE37076236->7ef9c21a-99e3-42fb-b6ea-bac56b4f4f52-GrpcLogAppender: Wait interrupted by java.lang.InterruptedException
2019-10-15 10:19:47,791 [ForkJoinPool.commonPool-worker-0] INFO  impl.PendingRequests (PendingRequests.java:sendNotLeaderResponses(202)) - a626a13b-9fbf-45e4-ad69-b33ead2c725a@group-B0BE37076236-PendingRequests: sendNotLeaderResponses
2019-10-15 10:19:47,791 [org.apache.ratis.server.impl.LogAppender$AppenderDaemon$$Lambda$546/1683341887@243812b] WARN  server.GrpcLogAppender (GrpcLogAppender.java:mayWait(143)) - a626a13b-9fbf-45e4-ad69-b33ead2c725a@group-B0BE37076236->89ba96a8-01f6-4eff-81d6-f1c917046bcf-GrpcLogAppender: Wait interrupted by java.lang.InterruptedException
2019-10-15 10:19:47,792 [ForkJoinPool.commonPool-worker-0] INFO  impl.StateMachineUpdater (StateMachineUpdater.java:stopAndJoin(136)) - a626a13b-9fbf-45e4-ad69-b33ead2c725a@group-B0BE37076236-StateMachineUpdater: set stopIndex = 10
2019-10-15 10:19:47,792 [a626a13b-9fbf-45e4-ad69-b33ead2c725a@group-B0BE37076236-StateMachineUpdater] INFO  ratis.ContainerStateMachine (ContainerStateMachine.java:takeSnapshot(294)) - group-B0BE37076236: Taking a snapshot at:(t:1, i:5) file /workdir/hadoop-ozone/integration-test/target/test-dir/MiniOzoneClusterImpl-d2dc297f-df8e-434f-8420-d555204b07d2/datanode-5/data/ratis/d85e2853-c671-430b-bad9-b0be37076236/sm/snapshot.1_5
2019-10-15 10:19:47,818 [a626a13b-9fbf-45e4-ad69-b33ead2c725a@group-B0BE37076236-StateMachineUpdater] INFO  ratis.ContainerStateMachine (ContainerStateMachine.java:takeSnapshot(305)) - group-B0BE37076236: Finished taking a snapshot at:(t:1, i:5) file:/workdir/hadoop-ozone/integration-test/target/test-dir/MiniOzoneClusterImpl-d2dc297f-df8e-434f-8420-d555204b07d2/datanode-5/data/ratis/d85e2853-c671-430b-bad9-b0be37076236/sm/snapshot.1_5 time:26
2019-10-15 10:19:47,818 [a626a13b-9fbf-45e4-ad69-b33ead2c725a@group-B0BE37076236-StateMachineUpdater] INFO  impl.StateMachineUpdater (StateMachineUpdater.java:takeSnapshot(269)) - a626a13b-9fbf-45e4-ad69-b33ead2c725a@group-B0BE37076236-StateMachineUpdater: Took a snapshot at index 5
2019-10-15 10:19:47,818 [a626a13b-9fbf-45e4-ad69-b33ead2c725a@group-B0BE37076236-StateMachineUpdater] INFO  impl.StateMachineUpdater (StateMachineUpdater.java:lambda$new$0(84)) - a626a13b-9fbf-45e4-ad69-b33ead2c725a@group-B0BE37076236-StateMachineUpdater: snapshotIndex: updateIncreasingly -1 -> 5
2019-10-15 10:19:47,818 [a626a13b-9fbf-45e4-ad69-b33ead2c725a@group-B0BE37076236-StateMachineUpdater] INFO  ratis.ContainerStateMachine (ContainerStateMachine.java:takeSnapshot(294)) - group-B0BE37076236: Taking a snapshot at:(t:1, i:5) file /workdir/hadoop-ozone/integration-test/target/test-dir/MiniOzoneClusterImpl-d2dc297f-df8e-434f-8420-d555204b07d2/datanode-5/data/ratis/d85e2853-c671-430b-bad9-b0be37076236/sm/snapshot.1_5
2019-10-15 10:19:47,830 [a626a13b-9fbf-45e4-ad69-b33ead2c725a@group-B0BE37076236-StateMachineUpdater] INFO  ratis.ContainerStateMachine (ContainerStateMachine.java:takeSnapshot(305)) - group-B0BE37076236: Finished taking a snapshot at:(t:1, i:5) file:/workdir/hadoop-ozone/integration-test/target/test-dir/MiniOzoneClusterImpl-d2dc297f-df8e-434f-8420-d555204b07d2/datanode-5/data/ratis/d85e2853-c671-430b-bad9-b0be37076236/sm/snapshot.1_5 time:12
2019-10-15 10:19:47,831 [a626a13b-9fbf-45e4-ad69-b33ead2c725a@group-B0BE37076236-StateMachineUpdater] INFO  impl.StateMachineUpdater (StateMachineUpdater.java:takeSnapshot(269)) - a626a13b-9fbf-45e4-ad69-b33ead2c725a@group-B0BE37076236-StateMachineUpdater: Took a snapshot at index 5
2019-10-15 10:19:47,831 [a626a13b-9fbf-45e4-ad69-b33ead2c725a@group-B0BE37076236-StateMachineUpdater] INFO  impl.StateMachineUpdater (StateMachineUpdater.java:lambda$new$0(84)) - a626a13b-9fbf-45e4-ad69-b33ead2c725a@group-B0BE37076236-StateMachineUpdater: snapshotIndex: updateIncreasingly 5 -> 5
2019-10-15 10:19:47,831 [ForkJoinPool.commonPool-worker-0] INFO  impl.RaftServerImpl (ServerState.java:close(387)) - a626a13b-9fbf-45e4-ad69-b33ead2c725a@group-B0BE37076236: closes. applyIndex: 10
2019-10-15 10:19:47,832 [a626a13b-9fbf-45e4-ad69-b33ead2c725a@group-B0BE37076236-SegmentedRaftLogWorker] INFO  segmented.SegmentedRaftLogWorker (SegmentedRaftLogWorker.java:run(316)) - a626a13b-9fbf-45e4-ad69-b33ead2c725a@group-B0BE37076236-SegmentedRaftLogWorker was interrupted, exiting. There are 0 tasks remaining in the queue.
2019-10-15 10:19:47,832 [ForkJoinPool.commonPool-worker-0] INFO  segmented.SegmentedRaftLogWorker (SegmentedRaftLogWorker.java:close(224)) - a626a13b-9fbf-45e4-ad69-b33ead2c725a@group-B0BE37076236-SegmentedRaftLogWorker close()
2019-10-15 10:19:47,833 [ForkJoinPool.commonPool-worker-0] INFO  impl.RaftServerImpl (RaftServerImpl.java:lambda$shutdown$3(247)) - a626a13b-9fbf-45e4-ad69-b33ead2c725a@group-C9931F64493A: shutdown
2019-10-15 10:19:47,833 [ForkJoinPool.commonPool-worker-0] INFO  util.JmxRegister (JmxRegister.java:unregister(73)) - Successfully un-registered JMX Bean with object name Ratis:service=RaftServer,group=group-C9931F64493A,id=a626a13b-9fbf-45e4-ad69-b33ead2c725a
2019-10-15 10:19:47,833 [ForkJoinPool.commonPool-worker-0] INFO  impl.RoleInfo (RoleInfo.java:shutdownLeaderState(104)) - a626a13b-9fbf-45e4-ad69-b33ead2c725a: shutdown LeaderState
2019-10-15 10:19:47,833 [ForkJoinPool.commonPool-worker-0] INFO  impl.PendingRequests (PendingRequests.java:sendNotLeaderResponses(202)) - a626a13b-9fbf-45e4-ad69-b33ead2c725a@group-C9931F64493A-PendingRequests: sendNotLeaderResponses
2019-10-15 10:19:47,834 [ForkJoinPool.commonPool-worker-0] INFO  impl.StateMachineUpdater (StateMachineUpdater.java:stopAndJoin(136)) - a626a13b-9fbf-45e4-ad69-b33ead2c725a@group-C9931F64493A-StateMachineUpdater: set stopIndex = 0
2019-10-15 10:19:47,834 [ForkJoinPool.commonPool-worker-0] INFO  impl.RaftServerImpl (ServerState.java:close(387)) - a626a13b-9fbf-45e4-ad69-b33ead2c725a@group-C9931F64493A: closes. applyIndex: 0
2019-10-15 10:19:47,835 [a626a13b-9fbf-45e4-ad69-b33ead2c725a@group-C9931F64493A-SegmentedRaftLogWorker] INFO  segmented.SegmentedRaftLogWorker (SegmentedRaftLogWorker.java:run(316)) - a626a13b-9fbf-45e4-ad69-b33ead2c725a@group-C9931F64493A-SegmentedRaftLogWorker was interrupted, exiting. There are 0 tasks remaining in the queue.
2019-10-15 10:19:47,835 [ForkJoinPool.commonPool-worker-0] INFO  segmented.SegmentedRaftLogWorker (SegmentedRaftLogWorker.java:close(224)) - a626a13b-9fbf-45e4-ad69-b33ead2c725a@group-C9931F64493A-SegmentedRaftLogWorker close()
2019-10-15 10:19:47,835 [ForkJoinPool.commonPool-worker-0] INFO  server.GrpcService (GrpcService.java:closeImpl(164)) - a626a13b-9fbf-45e4-ad69-b33ead2c725a: shutdown server with port 36802 now
2019-10-15 10:19:47,836 [ForkJoinPool.commonPool-worker-0] INFO  server.GrpcService (GrpcService.java:closeImpl(172)) - a626a13b-9fbf-45e4-ad69-b33ead2c725a: shutdown server with port 36802 successfully
2019-10-15 10:19:47,843 [refreshUsed-/workdir/hadoop-ozone/integration-test/target/test-dir/MiniOzoneClusterImpl-d2dc297f-df8e-434f-8420-d555204b07d2/datanode-5/data/containers] WARN  fs.CachingGetSpaceUsed (CachingGetSpaceUsed.java:run(183)) - Thread Interrupted waiting to refresh disk information: sleep interrupted
2019-10-15 10:19:47,863 [ForkJoinPool.commonPool-worker-0] INFO  utils.BackgroundService (BackgroundService.java:shutdown(151)) - Shutting down service BlockDeletingService
2019-10-15 10:19:47,866 [ForkJoinPool.commonPool-worker-0] INFO  statemachine.DatanodeStateMachine (DatanodeStateMachine.java:stopDaemon(395)) - Ozone container server stopped.
2019-10-15 10:19:47,879 [ForkJoinPool.commonPool-worker-0] INFO  handler.ContextHandler (ContextHandler.java:doStop(910)) - Stopped o.e.j.w.WebAppContext@158ae284{/,null,UNAVAILABLE}{/hddsDatanode}
2019-10-15 10:19:47,880 [ForkJoinPool.commonPool-worker-0] INFO  server.AbstractConnector (AbstractConnector.java:doStop(318)) - Stopped ServerConnector@50eb4a2c{HTTP/1.1,[http/1.1]}{0.0.0.0:0}
2019-10-15 10:19:47,880 [ForkJoinPool.commonPool-worker-0] INFO  handler.ContextHandler (ContextHandler.java:doStop(910)) - Stopped o.e.j.s.ServletContextHandler@6a1ef65c{/static,jar:file:/home/user/.m2/repository/org/apache/hadoop/hadoop-hdds-container-service/0.5.0-SNAPSHOT/hadoop-hdds-container-service-0.5.0-SNAPSHOT.jar!/webapps/static,UNAVAILABLE}
2019-10-15 10:19:47,881 [ForkJoinPool.commonPool-worker-0] INFO  handler.ContextHandler (ContextHandler.java:doStop(910)) - Stopped o.e.j.s.ServletContextHandler@b0fd744{/logs,file:///workdir/hadoop-ozone/integration-test/target/log,UNAVAILABLE}
2019-10-15 10:19:47,882 [main] INFO  ozone.MiniOzoneClusterImpl (MiniOzoneClusterImpl.java:stopSCM(392)) - Stopping the StorageContainerManager
2019-10-15 10:19:47,882 [main] INFO  server.StorageContainerManager (StorageContainerManager.java:stop(810)) - Stopping Replication Manager Service.
2019-10-15 10:19:47,882 [main] INFO  container.ReplicationManager (ReplicationManager.java:stop(203)) - Stopping Replication Monitor Thread.
2019-10-15 10:19:47,882 [main] INFO  server.StorageContainerManager (StorageContainerManager.java:stop(817)) - Stopping Lease Manager of the command watchers
2019-10-15 10:19:47,882 [main] INFO  server.StorageContainerManager (StorageContainerManager.java:stop(824)) - Stopping datanode service RPC server
2019-10-15 10:19:47,882 [main] INFO  server.SCMDatanodeProtocolServer (SCMDatanodeProtocolServer.java:stop(346)) - Stopping the RPC server for DataNodes
2019-10-15 10:19:47,882 [main] INFO  ipc.Server (Server.java:stop(3082)) - Stopping server on 44654
2019-10-15 10:19:47,884 [IPC Server listener on 44654] INFO  ipc.Server (Server.java:run(1185)) - Stopping IPC Server listener on 44654
2019-10-15 10:19:47,884 [IPC Server Responder] INFO  ipc.Server (Server.java:run(1319)) - Stopping IPC Server Responder
2019-10-15 10:19:47,950 [SCM Heartbeat Processing Thread - 0] WARN  node.NodeStateManager (NodeStateManager.java:scheduleNextHealthCheck(646)) - Current Thread is interrupted, shutting down HB processing thread for Node Manager.
2019-10-15 10:19:47,950 [main] INFO  server.StorageContainerManager (StorageContainerManager.java:stop(832)) - Stopping block service RPC server
2019-10-15 10:19:47,951 [main] INFO  server.SCMBlockProtocolServer (SCMBlockProtocolServer.java:stop(155)) - Stopping the RPC server for Block Protocol
2019-10-15 10:19:47,951 [main] INFO  ipc.Server (Server.java:stop(3082)) - Stopping server on 41410
2019-10-15 10:19:47,953 [IPC Server listener on 41410] INFO  ipc.Server (Server.java:run(1185)) - Stopping IPC Server listener on 41410
2019-10-15 10:19:47,953 [main] INFO  server.StorageContainerManager (StorageContainerManager.java:stop(839)) - Stopping the StorageContainerLocationProtocol RPC server
2019-10-15 10:19:47,954 [IPC Server Responder] INFO  ipc.Server (Server.java:run(1319)) - Stopping IPC Server Responder
2019-10-15 10:19:47,954 [main] INFO  server.SCMClientProtocolServer (SCMClientProtocolServer.java:stop(168)) - Stopping the RPC server for Client Protocol
2019-10-15 10:19:47,955 [main] INFO  ipc.Server (Server.java:stop(3082)) - Stopping server on 33818
2019-10-15 10:19:47,957 [IPC Server listener on 33818] INFO  ipc.Server (Server.java:run(1185)) - Stopping IPC Server listener on 33818
2019-10-15 10:19:47,957 [main] INFO  server.StorageContainerManager (StorageContainerManager.java:stop(846)) - Stopping Storage Container Manager HTTP server.
2019-10-15 10:19:47,958 [IPC Server Responder] INFO  ipc.Server (Server.java:run(1319)) - Stopping IPC Server Responder
2019-10-15 10:19:47,959 [main] INFO  handler.ContextHandler (ContextHandler.java:doStop(910)) - Stopped o.e.j.w.WebAppContext@2da16263{/,null,UNAVAILABLE}{/scm}
2019-10-15 10:19:47,960 [main] INFO  server.AbstractConnector (AbstractConnector.java:doStop(318)) - Stopped ServerConnector@f5ce0bb{HTTP/1.1,[http/1.1]}{0.0.0.0:0}
2019-10-15 10:19:47,960 [main] INFO  handler.ContextHandler (ContextHandler.java:doStop(910)) - Stopped o.e.j.s.ServletContextHandler@2a39aa2b{/static,file:///workdir/hadoop-ozone/integration-test/target/test-classes/webapps/static,UNAVAILABLE}
2019-10-15 10:19:47,961 [main] INFO  handler.ContextHandler (ContextHandler.java:doStop(910)) - Stopped o.e.j.s.ServletContextHandler@7c0777b5{/logs,file:///workdir/hadoop-ozone/integration-test/target/log,UNAVAILABLE}
2019-10-15 10:19:47,961 [main] INFO  server.StorageContainerManager (StorageContainerManager.java:stop(857)) - Stopping Block Manager Service.
2019-10-15 10:19:47,961 [main] INFO  utils.BackgroundService (BackgroundService.java:shutdown(151)) - Shutting down service SCMBlockDeletingService
2019-10-15 10:19:47,962 [main] INFO  utils.BackgroundService (BackgroundService.java:shutdown(151)) - Shutting down service SCMBlockDeletingService
2019-10-15 10:19:47,962 [main] INFO  server.StorageContainerManager (StorageContainerManager.java:stop(879)) - Stopping SCM Event Queue.
2019-10-15 10:19:47,967 [main] INFO  impl.MetricsSystemImpl (MetricsSystemImpl.java:stop(210)) - Stopping HddsDatanode metrics system...
2019-10-15 10:19:47,980 [main] INFO  impl.MetricsSystemImpl (MetricsSystemImpl.java:stop(216)) - HddsDatanode metrics system stopped.
]]></system-out>
    <system-err><![CDATA[Oct 15, 2019 10:19:42 AM org.apache.ratis.thirdparty.io.grpc.internal.SerializingExecutor run
SEVERE: Exception while executing runnable org.apache.ratis.thirdparty.io.grpc.internal.ServerImpl$JumpToApplicationThreadServerStreamListener$1Closed@76e79c60
org.apache.ratis.thirdparty.io.grpc.StatusRuntimeException: CANCELLED: call already cancelled
	at org.apache.ratis.thirdparty.io.grpc.Status.asRuntimeException(Status.java:517)
	at org.apache.ratis.thirdparty.io.grpc.stub.ServerCalls$ServerCallStreamObserverImpl.onCompleted(ServerCalls.java:356)
	at org.apache.ratis.grpc.server.GrpcServerProtocolService$ServerRequestStreamObserver.onError(GrpcServerProtocolService.java:121)
	at org.apache.ratis.thirdparty.io.grpc.stub.ServerCalls$StreamingServerCallHandler$StreamingServerCallListener.onCancel(ServerCalls.java:269)
	at org.apache.ratis.thirdparty.io.grpc.internal.ServerCallImpl$ServerStreamListenerImpl.closed(ServerCallImpl.java:293)
	at org.apache.ratis.thirdparty.io.grpc.internal.ServerImpl$JumpToApplicationThreadServerStreamListener$1Closed.runInContext(ServerImpl.java:741)
	at org.apache.ratis.thirdparty.io.grpc.internal.ContextRunnable.run(ContextRunnable.java:37)
	at org.apache.ratis.thirdparty.io.grpc.internal.SerializingExecutor.run(SerializingExecutor.java:123)
	at java.util.concurrent.ThreadPoolExecutor.runWorker(ThreadPoolExecutor.java:1149)
	at java.util.concurrent.ThreadPoolExecutor$Worker.run(ThreadPoolExecutor.java:624)
	at java.lang.Thread.run(Thread.java:748)

]]></system-err>
  </testcase>
</testsuite>