<?xml version="1.0" encoding="UTF-8"?>
<testsuite xmlns:xsi="http://www.w3.org/2001/XMLSchema-instance" xsi:noNamespaceSchemaLocation="https://maven.apache.org/surefire/maven-surefire-plugin/xsd/surefire-test-report.xsd" name="org.apache.hadoop.ozone.scm.TestSCMContainerPlacementPolicyMetrics" time="82.741" tests="1" errors="1" skipped="0" failures="0">
  <properties>
    <property name="awt.toolkit" value="sun.awt.X11.XToolkit"/>
    <property name="file.encoding.pkg" value="sun.io"/>
    <property name="java.specification.version" value="1.8"/>
    <property name="sun.cpu.isalist" value=""/>
    <property name="sun.jnu.encoding" value="UTF-8"/>
    <property name="java.class.path" value="/workdir/hadoop-ozone/integration-test/target/test-classes:/workdir/hadoop-ozone/integration-test/target/classes:/home/user/.m2/repository/org/apache/hadoop/hadoop-ozone-common/0.5.0-SNAPSHOT/hadoop-ozone-common-0.5.0-SNAPSHOT.jar:/home/user/.m2/repository/org/apache/commons/commons-compress/1.4.1/commons-compress-1.4.1.jar:/home/user/.m2/repository/org/tukaani/xz/1.0/xz-1.0.jar:/home/user/.m2/repository/org/apache/hadoop/hadoop-common/3.2.0/hadoop-common-3.2.0.jar:/home/user/.m2/repository/org/apache/hadoop/hadoop-hdfs/3.2.0/hadoop-hdfs-3.2.0.jar:/home/user/.m2/repository/org/apache/hadoop/hadoop-hdfs-client/3.2.0/hadoop-hdfs-client-3.2.0.jar:/home/user/.m2/repository/com/fasterxml/jackson/core/jackson-annotations/2.9.9/jackson-annotations-2.9.9.jar:/home/user/.m2/repository/org/apache/hadoop/hadoop-hdds-common/0.5.0-SNAPSHOT/hadoop-hdds-common-0.5.0-SNAPSHOT.jar:/home/user/.m2/repository/javax/annotation/javax.annotation-api/1.2/javax.annotation-api-1.2.jar:/home/user/.m2/repository/org/apache/ratis/ratis-server/0.5.0-201fc85-SNAPSHOT/ratis-server-0.5.0-201fc85-SNAPSHOT.jar:/home/user/.m2/repository/org/apache/ratis/ratis-thirdparty-misc/0.2.0/ratis-thirdparty-misc-0.2.0.jar:/home/user/.m2/repository/org/apache/ratis/ratis-proto/0.5.0-201fc85-SNAPSHOT/ratis-proto-0.5.0-201fc85-SNAPSHOT.jar:/home/user/.m2/repository/org/apache/ratis/ratis-common/0.5.0-201fc85-SNAPSHOT/ratis-common-0.5.0-201fc85-SNAPSHOT.jar:/home/user/.m2/repository/org/apache/ratis/ratis-client/0.5.0-201fc85-SNAPSHOT/ratis-client-0.5.0-201fc85-SNAPSHOT.jar:/home/user/.m2/repository/org/apache/ratis/ratis-metrics/0.5.0-201fc85-SNAPSHOT/ratis-metrics-0.5.0-201fc85-SNAPSHOT.jar:/home/user/.m2/repository/com/github/joshelser/dropwizard-metrics-hadoop-metrics2-reporter/0.1.2/dropwizard-metrics-hadoop-metrics2-reporter-0.1.2.jar:/home/user/.m2/repository/io/dropwizard/metrics/metrics-jvm/3.2.5/metrics-jvm-3.2.5.jar:/home/user/.m2/repository/io/dropwizard/metrics/metrics-ganglia/3.2.5/metrics-ganglia-3.2.5.jar:/home/user/.m2/repository/info/ganglia/gmetric4j/gmetric4j/1.0.7/gmetric4j-1.0.7.jar:/home/user/.m2/repository/org/apache/ratis/ratis-netty/0.5.0-201fc85-SNAPSHOT/ratis-netty-0.5.0-201fc85-SNAPSHOT.jar:/home/user/.m2/repository/org/apache/ratis/ratis-grpc/0.5.0-201fc85-SNAPSHOT/ratis-grpc-0.5.0-201fc85-SNAPSHOT.jar:/home/user/.m2/repository/org/rocksdb/rocksdbjni/6.0.1/rocksdbjni-6.0.1.jar:/home/user/.m2/repository/org/apache/logging/log4j/log4j-api/2.11.0/log4j-api-2.11.0.jar:/home/user/.m2/repository/org/apache/logging/log4j/log4j-core/2.11.0/log4j-core-2.11.0.jar:/home/user/.m2/repository/com/lmax/disruptor/3.4.2/disruptor-3.4.2.jar:/home/user/.m2/repository/org/apache/commons/commons-pool2/2.6.0/commons-pool2-2.6.0.jar:/home/user/.m2/repository/org/bouncycastle/bcpkix-jdk15on/1.60/bcpkix-jdk15on-1.60.jar:/home/user/.m2/repository/commons-validator/commons-validator/1.6/commons-validator-1.6.jar:/home/user/.m2/repository/commons-digester/commons-digester/1.8.1/commons-digester-1.8.1.jar:/home/user/.m2/repository/io/jaegertracing/jaeger-client/0.34.0/jaeger-client-0.34.0.jar:/home/user/.m2/repository/io/jaegertracing/jaeger-thrift/0.34.0/jaeger-thrift-0.34.0.jar:/home/user/.m2/repository/org/apache/thrift/libthrift/0.12.0/libthrift-0.12.0.jar:/home/user/.m2/repository/com/squareup/okhttp3/okhttp/3.9.0/okhttp-3.9.0.jar:/home/user/.m2/repository/com/squareup/okio/okio/1.13.0/okio-1.13.0.jar:/home/user/.m2/repository/io/jaegertracing/jaeger-core/0.34.0/jaeger-core-0.34.0.jar:/home/user/.m2/repository/io/jaegertracing/jaeger-tracerresolver/0.34.0/jaeger-tracerresolver-0.34.0.jar:/home/user/.m2/repository/io/opentracing/contrib/opentracing-tracerresolver/0.1.5/opentracing-tracerresolver-0.1.5.jar:/home/user/.m2/repository/io/opentracing/opentracing-util/0.31.0/opentracing-util-0.31.0.jar:/home/user/.m2/repository/io/opentracing/opentracing-api/0.31.0/opentracing-api-0.31.0.jar:/home/user/.m2/repository/io/opentracing/opentracing-noop/0.31.0/opentracing-noop-0.31.0.jar:/home/user/.m2/repository/org/apache/hadoop/hadoop-hdds-server-framework/0.5.0-SNAPSHOT/hadoop-hdds-server-framework-0.5.0-SNAPSHOT.jar:/home/user/.m2/repository/org/apache/hadoop/hadoop-hdds-container-service/0.5.0-SNAPSHOT/hadoop-hdds-container-service-0.5.0-SNAPSHOT.jar:/home/user/.m2/repository/org/apache/hadoop/hadoop-hdds-client/0.5.0-SNAPSHOT/hadoop-hdds-client-0.5.0-SNAPSHOT.jar:/home/user/.m2/repository/org/apache/hadoop/hadoop-hdds-tools/0.5.0-SNAPSHOT/hadoop-hdds-tools-0.5.0-SNAPSHOT.jar:/home/user/.m2/repository/org/apache/hadoop/hadoop-hdds-server-scm/0.5.0-SNAPSHOT/hadoop-hdds-server-scm-0.5.0-SNAPSHOT.jar:/home/user/.m2/repository/org/apache/hadoop/hadoop-hdds-docs/0.5.0-SNAPSHOT/hadoop-hdds-docs-0.5.0-SNAPSHOT.jar:/home/user/.m2/repository/io/dropwizard/metrics/metrics-core/3.2.4/metrics-core-3.2.4.jar:/home/user/.m2/repository/org/hamcrest/hamcrest-all/1.3/hamcrest-all-1.3.jar:/home/user/.m2/repository/org/bouncycastle/bcprov-jdk15on/1.60/bcprov-jdk15on-1.60.jar:/home/user/.m2/repository/info/picocli/picocli/3.9.6/picocli-3.9.6.jar:/home/user/.m2/repository/com/google/protobuf/protobuf-java/2.5.0/protobuf-java-2.5.0.jar:/home/user/.m2/repository/com/google/guava/guava/11.0.2/guava-11.0.2.jar:/home/user/.m2/repository/org/apache/hadoop/hadoop-ozone-ozone-manager/0.5.0-SNAPSHOT/hadoop-ozone-ozone-manager-0.5.0-SNAPSHOT.jar:/home/user/.m2/repository/org/apache/hadoop/hadoop-minikdc/3.2.0/hadoop-minikdc-3.2.0.jar:/home/user/.m2/repository/commons-io/commons-io/2.5/commons-io-2.5.jar:/home/user/.m2/repository/org/apache/kerby/kerb-simplekdc/1.0.1/kerb-simplekdc-1.0.1.jar:/home/user/.m2/repository/org/apache/kerby/kerb-client/1.0.1/kerb-client-1.0.1.jar:/home/user/.m2/repository/org/apache/kerby/kerby-config/1.0.1/kerby-config-1.0.1.jar:/home/user/.m2/repository/org/apache/kerby/kerb-core/1.0.1/kerb-core-1.0.1.jar:/home/user/.m2/repository/org/apache/kerby/kerby-pkix/1.0.1/kerby-pkix-1.0.1.jar:/home/user/.m2/repository/org/apache/kerby/kerby-asn1/1.0.1/kerby-asn1-1.0.1.jar:/home/user/.m2/repository/org/apache/kerby/kerby-util/1.0.1/kerby-util-1.0.1.jar:/home/user/.m2/repository/org/apache/kerby/kerb-common/1.0.1/kerb-common-1.0.1.jar:/home/user/.m2/repository/org/apache/kerby/kerb-crypto/1.0.1/kerb-crypto-1.0.1.jar:/home/user/.m2/repository/org/apache/kerby/kerb-util/1.0.1/kerb-util-1.0.1.jar:/home/user/.m2/repository/org/apache/kerby/token-provider/1.0.1/token-provider-1.0.1.jar:/home/user/.m2/repository/org/apache/kerby/kerb-admin/1.0.1/kerb-admin-1.0.1.jar:/home/user/.m2/repository/org/apache/kerby/kerb-server/1.0.1/kerb-server-1.0.1.jar:/home/user/.m2/repository/org/apache/kerby/kerb-identity/1.0.1/kerb-identity-1.0.1.jar:/home/user/.m2/repository/org/apache/kerby/kerby-xdr/1.0.1/kerby-xdr-1.0.1.jar:/home/user/.m2/repository/org/slf4j/slf4j-log4j12/1.7.25/slf4j-log4j12-1.7.25.jar:/home/user/.m2/repository/org/apache/hadoop/hadoop-ozone-s3gateway/0.5.0-SNAPSHOT/hadoop-ozone-s3gateway-0.5.0-SNAPSHOT.jar:/home/user/.m2/repository/org/jboss/weld/servlet/weld-servlet/2.4.7.Final/weld-servlet-2.4.7.Final.jar:/home/user/.m2/repository/org/glassfish/jersey/containers/jersey-container-servlet-core/2.27/jersey-container-servlet-core-2.27.jar:/home/user/.m2/repository/org/glassfish/hk2/external/javax.inject/2.5.0-b42/javax.inject-2.5.0-b42.jar:/home/user/.m2/repository/org/glassfish/jersey/core/jersey-common/2.27/jersey-common-2.27.jar:/home/user/.m2/repository/org/glassfish/hk2/osgi-resource-locator/1.0.1/osgi-resource-locator-1.0.1.jar:/home/user/.m2/repository/javax/ws/rs/javax.ws.rs-api/2.1/javax.ws.rs-api-2.1.jar:/home/user/.m2/repository/org/glassfish/jersey/ext/cdi/jersey-cdi1x/2.27/jersey-cdi1x-2.27.jar:/home/user/.m2/repository/org/glassfish/jersey/inject/jersey-hk2/2.27/jersey-hk2-2.27.jar:/home/user/.m2/repository/org/glassfish/hk2/hk2-locator/2.5.0-b42/hk2-locator-2.5.0-b42.jar:/home/user/.m2/repository/org/javassist/javassist/3.22.0-CR2/javassist-3.22.0-CR2.jar:/home/user/.m2/repository/org/glassfish/hk2/hk2-api/2.5.0/hk2-api-2.5.0.jar:/home/user/.m2/repository/org/glassfish/hk2/external/jakarta.inject/2.5.0/jakarta.inject-2.5.0.jar:/home/user/.m2/repository/org/glassfish/hk2/hk2-utils/2.5.0/hk2-utils-2.5.0.jar:/home/user/.m2/repository/jakarta/annotation/jakarta.annotation-api/1.3.4/jakarta.annotation-api-1.3.4.jar:/home/user/.m2/repository/org/glassfish/hk2/external/aopalliance-repackaged/2.5.0/aopalliance-repackaged-2.5.0.jar:/home/user/.m2/repository/com/fasterxml/jackson/dataformat/jackson-dataformat-xml/2.9.0/jackson-dataformat-xml-2.9.0.jar:/home/user/.m2/repository/com/fasterxml/jackson/core/jackson-core/2.9.9/jackson-core-2.9.9.jar:/home/user/.m2/repository/com/fasterxml/jackson/module/jackson-module-jaxb-annotations/2.9.9/jackson-module-jaxb-annotations-2.9.9.jar:/home/user/.m2/repository/javax/enterprise/cdi-api/1.2/cdi-api-1.2.jar:/home/user/.m2/repository/javax/el/javax.el-api/3.0.0/javax.el-api-3.0.0.jar:/home/user/.m2/repository/javax/interceptor/javax.interceptor-api/1.2/javax.interceptor-api-1.2.jar:/home/user/.m2/repository/javax/inject/javax.inject/1/javax.inject-1.jar:/home/user/.m2/repository/com/sun/xml/bind/jaxb-impl/2.3.0.1/jaxb-impl-2.3.0.1.jar:/home/user/.m2/repository/com/sun/xml/bind/jaxb-core/2.3.0.1/jaxb-core-2.3.0.1.jar:/home/user/.m2/repository/javax/xml/bind/jaxb-api/2.3.0/jaxb-api-2.3.0.jar:/home/user/.m2/repository/javax/activation/activation/1.1.1/activation-1.1.1.jar:/home/user/.m2/repository/org/apache/hadoop/hadoop-ozone-csi/0.5.0-SNAPSHOT/hadoop-ozone-csi-0.5.0-SNAPSHOT.jar:/home/user/.m2/repository/com/google/protobuf/protobuf-java-util/3.5.1/protobuf-java-util-3.5.1.jar:/home/user/.m2/repository/org/apache/hadoop/hadoop-hdds-config/0.5.0-SNAPSHOT/hadoop-hdds-config-0.5.0-SNAPSHOT.jar:/home/user/.m2/repository/io/grpc/grpc-netty/1.17.1/grpc-netty-1.17.1.jar:/home/user/.m2/repository/io/grpc/grpc-core/1.17.1/grpc-core-1.17.1.jar:/home/user/.m2/repository/io/grpc/grpc-context/1.17.1/grpc-context-1.17.1.jar:/home/user/.m2/repository/com/google/errorprone/error_prone_annotations/2.2.0/error_prone_annotations-2.2.0.jar:/home/user/.m2/repository/org/codehaus/mojo/animal-sniffer-annotations/1.17/animal-sniffer-annotations-1.17.jar:/home/user/.m2/repository/io/opencensus/opencensus-api/0.17.0/opencensus-api-0.17.0.jar:/home/user/.m2/repository/io/opencensus/opencensus-contrib-grpc-metrics/0.17.0/opencensus-contrib-grpc-metrics-0.17.0.jar:/home/user/.m2/repository/io/netty/netty-codec-http2/4.1.30.Final/netty-codec-http2-4.1.30.Final.jar:/home/user/.m2/repository/io/netty/netty-codec-http/4.1.30.Final/netty-codec-http-4.1.30.Final.jar:/home/user/.m2/repository/io/netty/netty-codec/4.1.30.Final/netty-codec-4.1.30.Final.jar:/home/user/.m2/repository/io/netty/netty-handler/4.1.30.Final/netty-handler-4.1.30.Final.jar:/home/user/.m2/repository/io/netty/netty-handler-proxy/4.1.30.Final/netty-handler-proxy-4.1.30.Final.jar:/home/user/.m2/repository/io/netty/netty-codec-socks/4.1.30.Final/netty-codec-socks-4.1.30.Final.jar:/home/user/.m2/repository/io/netty/netty-transport-native-epoll/4.1.30.Final/netty-transport-native-epoll-4.1.30.Final.jar:/home/user/.m2/repository/io/netty/netty-common/4.1.30.Final/netty-common-4.1.30.Final.jar:/home/user/.m2/repository/io/netty/netty-buffer/4.1.30.Final/netty-buffer-4.1.30.Final.jar:/home/user/.m2/repository/io/netty/netty-transport/4.1.30.Final/netty-transport-4.1.30.Final.jar:/home/user/.m2/repository/io/netty/netty-resolver/4.1.30.Final/netty-resolver-4.1.30.Final.jar:/home/user/.m2/repository/io/netty/netty-transport-native-unix-common/4.1.30.Final/netty-transport-native-unix-common-4.1.30.Final.jar:/home/user/.m2/repository/io/grpc/grpc-protobuf/1.17.1/grpc-protobuf-1.17.1.jar:/home/user/.m2/repository/com/google/api/grpc/proto-google-common-protos/1.0.0/proto-google-common-protos-1.0.0.jar:/home/user/.m2/repository/io/grpc/grpc-protobuf-lite/1.17.1/grpc-protobuf-lite-1.17.1.jar:/home/user/.m2/repository/io/grpc/grpc-stub/1.17.1/grpc-stub-1.17.1.jar:/home/user/.m2/repository/org/apache/hadoop/hadoop-ozone-recon/0.5.0-SNAPSHOT/hadoop-ozone-recon-0.5.0-SNAPSHOT.jar:/home/user/.m2/repository/org/apache/hadoop/hadoop-ozone-reconcodegen/0.5.0-SNAPSHOT/hadoop-ozone-reconcodegen-0.5.0-SNAPSHOT.jar:/home/user/.m2/repository/com/google/inject/extensions/guice-multibindings/4.0/guice-multibindings-4.0.jar:/home/user/.m2/repository/com/google/inject/guice/4.0/guice-4.0.jar:/home/user/.m2/repository/aopalliance/aopalliance/1.0/aopalliance-1.0.jar:/home/user/.m2/repository/com/google/inject/extensions/guice-servlet/4.0/guice-servlet-4.0.jar:/home/user/.m2/repository/org/glassfish/jersey/containers/jersey-container-servlet/2.27/jersey-container-servlet-2.27.jar:/home/user/.m2/repository/org/glassfish/hk2/guice-bridge/2.5.0/guice-bridge-2.5.0.jar:/home/user/.m2/repository/org/glassfish/jersey/core/jersey-server/2.27/jersey-server-2.27.jar:/home/user/.m2/repository/org/glassfish/jersey/core/jersey-client/2.27/jersey-client-2.27.jar:/home/user/.m2/repository/org/glassfish/jersey/media/jersey-media-jaxb/2.27/jersey-media-jaxb-2.27.jar:/home/user/.m2/repository/javax/validation/validation-api/1.1.0.Final/validation-api-1.1.0.Final.jar:/home/user/.m2/repository/org/glassfish/jersey/media/jersey-media-json-jackson/2.27/jersey-media-json-jackson-2.27.jar:/home/user/.m2/repository/org/glassfish/jersey/ext/jersey-entity-filtering/2.27/jersey-entity-filtering-2.27.jar:/home/user/.m2/repository/com/google/inject/extensions/guice-assistedinject/4.0/guice-assistedinject-4.0.jar:/home/user/.m2/repository/org/jooq/jooq/3.11.10/jooq-3.11.10.jar:/home/user/.m2/repository/org/jooq/jooq-meta/3.11.10/jooq-meta-3.11.10.jar:/home/user/.m2/repository/org/jooq/jooq-codegen/3.11.10/jooq-codegen-3.11.10.jar:/home/user/.m2/repository/com/jolbox/bonecp/0.8.0.RELEASE/bonecp-0.8.0.RELEASE.jar:/home/user/.m2/repository/org/xerial/sqlite-jdbc/3.25.2/sqlite-jdbc-3.25.2.jar:/home/user/.m2/repository/org/springframework/spring-jdbc/5.1.3.RELEASE/spring-jdbc-5.1.3.RELEASE.jar:/home/user/.m2/repository/org/springframework/spring-beans/5.1.3.RELEASE/spring-beans-5.1.3.RELEASE.jar:/home/user/.m2/repository/org/springframework/spring-core/5.1.3.RELEASE/spring-core-5.1.3.RELEASE.jar:/home/user/.m2/repository/org/springframework/spring-jcl/5.1.3.RELEASE/spring-jcl-5.1.3.RELEASE.jar:/home/user/.m2/repository/org/springframework/spring-tx/5.1.3.RELEASE/spring-tx-5.1.3.RELEASE.jar:/home/user/.m2/repository/org/apache/hadoop/hadoop-ozone-client/0.5.0-SNAPSHOT/hadoop-ozone-client-0.5.0-SNAPSHOT.jar:/home/user/.m2/repository/commons-lang/commons-lang/2.6/commons-lang-2.6.jar:/home/user/.m2/repository/org/apache/hadoop/hadoop-ozone-ozone-manager/0.5.0-SNAPSHOT/hadoop-ozone-ozone-manager-0.5.0-SNAPSHOT-tests.jar:/home/user/.m2/repository/junit/junit/4.11/junit-4.11.jar:/home/user/.m2/repository/org/hamcrest/hamcrest-core/1.3/hamcrest-core-1.3.jar:/home/user/.m2/repository/org/openjdk/jmh/jmh-core/1.19/jmh-core-1.19.jar:/home/user/.m2/repository/net/sf/jopt-simple/jopt-simple/4.6/jopt-simple-4.6.jar:/home/user/.m2/repository/org/apache/commons/commons-math3/3.1.1/commons-math3-3.1.1.jar:/home/user/.m2/repository/org/openjdk/jmh/jmh-generator-annprocess/1.19/jmh-generator-annprocess-1.19.jar:/home/user/.m2/repository/org/mockito/mockito-all/1.8.5/mockito-all-1.8.5.jar:/home/user/.m2/repository/org/apache/hadoop/hadoop-kms/3.2.0/hadoop-kms-3.2.0.jar:/home/user/.m2/repository/org/apache/hadoop/hadoop-auth/3.2.0/hadoop-auth-3.2.0.jar:/home/user/.m2/repository/com/nimbusds/nimbus-jose-jwt/4.41.1/nimbus-jose-jwt-4.41.1.jar:/home/user/.m2/repository/com/github/stephenc/jcip/jcip-annotations/1.0-1/jcip-annotations-1.0-1.jar:/home/user/.m2/repository/net/minidev/json-smart/2.3/json-smart-2.3.jar:/home/user/.m2/repository/net/minidev/accessors-smart/1.2/accessors-smart-1.2.jar:/home/user/.m2/repository/org/ow2/asm/asm/5.0.4/asm-5.0.4.jar:/home/user/.m2/repository/org/apache/curator/curator-framework/2.12.0/curator-framework-2.12.0.jar:/home/user/.m2/repository/com/sun/jersey/jersey-core/1.19/jersey-core-1.19.jar:/home/user/.m2/repository/javax/ws/rs/jsr311-api/1.1.1/jsr311-api-1.1.1.jar:/home/user/.m2/repository/com/sun/jersey/jersey-server/1.19/jersey-server-1.19.jar:/home/user/.m2/repository/javax/servlet/javax.servlet-api/3.1.0/javax.servlet-api-3.1.0.jar:/home/user/.m2/repository/org/eclipse/jetty/jetty-server/9.3.25.v20180904/jetty-server-9.3.25.v20180904.jar:/home/user/.m2/repository/org/eclipse/jetty/jetty-http/9.3.25.v20180904/jetty-http-9.3.25.v20180904.jar:/home/user/.m2/repository/org/eclipse/jetty/jetty-io/9.3.25.v20180904/jetty-io-9.3.25.v20180904.jar:/home/user/.m2/repository/org/eclipse/jetty/jetty-webapp/9.3.25.v20180904/jetty-webapp-9.3.25.v20180904.jar:/home/user/.m2/repository/org/eclipse/jetty/jetty-xml/9.3.25.v20180904/jetty-xml-9.3.25.v20180904.jar:/home/user/.m2/repository/log4j/log4j/1.2.17/log4j-1.2.17.jar:/home/user/.m2/repository/org/slf4j/slf4j-api/1.7.25/slf4j-api-1.7.25.jar:/home/user/.m2/repository/org/slf4j/jul-to-slf4j/1.7.25/jul-to-slf4j-1.7.25.jar:/home/user/.m2/repository/org/eclipse/jetty/jetty-util/9.3.25.v20180904/jetty-util-9.3.25.v20180904.jar:/home/user/.m2/repository/com/fasterxml/jackson/core/jackson-databind/2.9.9/jackson-databind-2.9.9.jar:/home/user/.m2/repository/org/apache/hadoop/hadoop-kms/3.2.0/hadoop-kms-3.2.0-tests.jar:/home/user/.m2/repository/org/apache/hadoop/hadoop-hdds-server-scm/0.5.0-SNAPSHOT/hadoop-hdds-server-scm-0.5.0-SNAPSHOT-tests.jar:/home/user/.m2/repository/org/apache/hadoop/hadoop-hdds-container-service/0.5.0-SNAPSHOT/hadoop-hdds-container-service-0.5.0-SNAPSHOT-tests.jar:/home/user/.m2/repository/org/yaml/snakeyaml/1.16/snakeyaml-1.16.jar:/home/user/.m2/repository/org/apache/hadoop/hadoop-common/3.2.0/hadoop-common-3.2.0-tests.jar:/home/user/.m2/repository/org/apache/hadoop/hadoop-annotations/3.2.0/hadoop-annotations-3.2.0.jar:/usr/lib/jvm/java-1.8-openjdk/jre/../lib/tools.jar:/home/user/.m2/repository/commons-cli/commons-cli/1.2/commons-cli-1.2.jar:/home/user/.m2/repository/org/apache/httpcomponents/httpclient/4.5.2/httpclient-4.5.2.jar:/home/user/.m2/repository/org/apache/httpcomponents/httpcore/4.4.4/httpcore-4.4.4.jar:/home/user/.m2/repository/commons-codec/commons-codec/1.11/commons-codec-1.11.jar:/home/user/.m2/repository/commons-net/commons-net/3.6/commons-net-3.6.jar:/home/user/.m2/repository/commons-collections/commons-collections/3.2.2/commons-collections-3.2.2.jar:/home/user/.m2/repository/org/eclipse/jetty/jetty-servlet/9.3.25.v20180904/jetty-servlet-9.3.25.v20180904.jar:/home/user/.m2/repository/org/eclipse/jetty/jetty-security/9.3.25.v20180904/jetty-security-9.3.25.v20180904.jar:/home/user/.m2/repository/javax/servlet/jsp/jsp-api/2.1/jsp-api-2.1.jar:/home/user/.m2/repository/com/sun/jersey/jersey-servlet/1.19/jersey-servlet-1.19.jar:/home/user/.m2/repository/com/sun/jersey/jersey-json/1.19/jersey-json-1.19.jar:/home/user/.m2/repository/org/codehaus/jettison/jettison/1.1/jettison-1.1.jar:/home/user/.m2/repository/org/codehaus/jackson/jackson-core-asl/1.9.13/jackson-core-asl-1.9.13.jar:/home/user/.m2/repository/org/codehaus/jackson/jackson-mapper-asl/1.9.13/jackson-mapper-asl-1.9.13.jar:/home/user/.m2/repository/org/codehaus/jackson/jackson-jaxrs/1.9.13/jackson-jaxrs-1.9.13.jar:/home/user/.m2/repository/org/codehaus/jackson/jackson-xc/1.9.13/jackson-xc-1.9.13.jar:/home/user/.m2/repository/commons-logging/commons-logging/1.1.3/commons-logging-1.1.3.jar:/home/user/.m2/repository/commons-beanutils/commons-beanutils/1.9.4/commons-beanutils-1.9.4.jar:/home/user/.m2/repository/org/apache/commons/commons-configuration2/2.1.1/commons-configuration2-2.1.1.jar:/home/user/.m2/repository/org/apache/commons/commons-lang3/3.7/commons-lang3-3.7.jar:/home/user/.m2/repository/org/apache/commons/commons-text/1.4/commons-text-1.4.jar:/home/user/.m2/repository/org/apache/avro/avro/1.7.7/avro-1.7.7.jar:/home/user/.m2/repository/com/thoughtworks/paranamer/paranamer/2.3/paranamer-2.3.jar:/home/user/.m2/repository/org/xerial/snappy/snappy-java/1.0.5/snappy-java-1.0.5.jar:/home/user/.m2/repository/com/google/re2j/re2j/1.1/re2j-1.1.jar:/home/user/.m2/repository/com/google/code/gson/gson/2.2.4/gson-2.2.4.jar:/home/user/.m2/repository/com/jcraft/jsch/0.1.54/jsch-0.1.54.jar:/home/user/.m2/repository/org/apache/curator/curator-client/2.12.0/curator-client-2.12.0.jar:/home/user/.m2/repository/org/apache/curator/curator-recipes/2.12.0/curator-recipes-2.12.0.jar:/home/user/.m2/repository/com/google/code/findbugs/jsr305/3.0.0/jsr305-3.0.0.jar:/home/user/.m2/repository/org/apache/htrace/htrace-core4/4.1.0-incubating/htrace-core4-4.1.0-incubating.jar:/home/user/.m2/repository/org/apache/zookeeper/zookeeper/3.4.13/zookeeper-3.4.13.jar:/home/user/.m2/repository/jline/jline/0.9.94/jline-0.9.94.jar:/home/user/.m2/repository/org/apache/yetus/audience-annotations/0.5.0/audience-annotations-0.5.0.jar:/home/user/.m2/repository/org/codehaus/woodstox/stax2-api/3.1.4/stax2-api-3.1.4.jar:/home/user/.m2/repository/com/fasterxml/woodstox/woodstox-core/5.0.3/woodstox-core-5.0.3.jar:/home/user/.m2/repository/dnsjava/dnsjava/2.1.7/dnsjava-2.1.7.jar:/home/user/.m2/repository/org/apache/hadoop/hadoop-hdfs/3.2.0/hadoop-hdfs-3.2.0-tests.jar:/home/user/.m2/repository/org/eclipse/jetty/jetty-util-ajax/9.3.25.v20180904/jetty-util-ajax-9.3.25.v20180904.jar:/home/user/.m2/repository/commons-daemon/commons-daemon/1.0.13/commons-daemon-1.0.13.jar:/home/user/.m2/repository/io/netty/netty/3.10.5.Final/netty-3.10.5.Final.jar:/home/user/.m2/repository/io/netty/netty-all/4.0.52.Final/netty-all-4.0.52.Final.jar:/home/user/.m2/repository/org/fusesource/leveldbjni/leveldbjni-all/1.8/leveldbjni-all-1.8.jar:"/>
    <property name="java.vm.vendor" value="IcedTea"/>
    <property name="sun.arch.data.model" value="64"/>
    <property name="test.build.dir" value="/workdir/hadoop-ozone/integration-test/target/test-dir"/>
    <property name="test.cache.data" value=""/>
    <property name="java.vendor.url" value="https://icedtea.classpath.org"/>
    <property name="user.timezone" value=""/>
    <property name="java.vm.specification.version" value="1.8"/>
    <property name="os.name" value="Linux"/>
    <property name="test.build.data" value="/workdir/hadoop-ozone/integration-test/target/test-dir"/>
    <property name="user.country" value="US"/>
    <property name="sun.java.launcher" value="SUN_STANDARD"/>
    <property name="sun.boot.library.path" value="/usr/lib/jvm/java-1.8-openjdk/jre/lib/amd64"/>
    <property name="sun.java.command" value="/workdir/hadoop-ozone/integration-test/target/surefire/surefirebooter8593963144319843772.jar /workdir/hadoop-ozone/integration-test/target/surefire 2019-10-04T07-07-14_537-jvmRun1 surefire8535280372683153163tmp surefire_667591754777880877292tmp"/>
    <property name="test" value="!TestMiniChaosOzoneCluster"/>
    <property name="surefire.test.class.path" value="/workdir/hadoop-ozone/integration-test/target/test-classes:/workdir/hadoop-ozone/integration-test/target/classes:/home/user/.m2/repository/org/apache/hadoop/hadoop-ozone-common/0.5.0-SNAPSHOT/hadoop-ozone-common-0.5.0-SNAPSHOT.jar:/home/user/.m2/repository/org/apache/commons/commons-compress/1.4.1/commons-compress-1.4.1.jar:/home/user/.m2/repository/org/tukaani/xz/1.0/xz-1.0.jar:/home/user/.m2/repository/org/apache/hadoop/hadoop-common/3.2.0/hadoop-common-3.2.0.jar:/home/user/.m2/repository/org/apache/hadoop/hadoop-hdfs/3.2.0/hadoop-hdfs-3.2.0.jar:/home/user/.m2/repository/org/apache/hadoop/hadoop-hdfs-client/3.2.0/hadoop-hdfs-client-3.2.0.jar:/home/user/.m2/repository/com/fasterxml/jackson/core/jackson-annotations/2.9.9/jackson-annotations-2.9.9.jar:/home/user/.m2/repository/org/apache/hadoop/hadoop-hdds-common/0.5.0-SNAPSHOT/hadoop-hdds-common-0.5.0-SNAPSHOT.jar:/home/user/.m2/repository/javax/annotation/javax.annotation-api/1.2/javax.annotation-api-1.2.jar:/home/user/.m2/repository/org/apache/ratis/ratis-server/0.5.0-201fc85-SNAPSHOT/ratis-server-0.5.0-201fc85-SNAPSHOT.jar:/home/user/.m2/repository/org/apache/ratis/ratis-thirdparty-misc/0.2.0/ratis-thirdparty-misc-0.2.0.jar:/home/user/.m2/repository/org/apache/ratis/ratis-proto/0.5.0-201fc85-SNAPSHOT/ratis-proto-0.5.0-201fc85-SNAPSHOT.jar:/home/user/.m2/repository/org/apache/ratis/ratis-common/0.5.0-201fc85-SNAPSHOT/ratis-common-0.5.0-201fc85-SNAPSHOT.jar:/home/user/.m2/repository/org/apache/ratis/ratis-client/0.5.0-201fc85-SNAPSHOT/ratis-client-0.5.0-201fc85-SNAPSHOT.jar:/home/user/.m2/repository/org/apache/ratis/ratis-metrics/0.5.0-201fc85-SNAPSHOT/ratis-metrics-0.5.0-201fc85-SNAPSHOT.jar:/home/user/.m2/repository/com/github/joshelser/dropwizard-metrics-hadoop-metrics2-reporter/0.1.2/dropwizard-metrics-hadoop-metrics2-reporter-0.1.2.jar:/home/user/.m2/repository/io/dropwizard/metrics/metrics-jvm/3.2.5/metrics-jvm-3.2.5.jar:/home/user/.m2/repository/io/dropwizard/metrics/metrics-ganglia/3.2.5/metrics-ganglia-3.2.5.jar:/home/user/.m2/repository/info/ganglia/gmetric4j/gmetric4j/1.0.7/gmetric4j-1.0.7.jar:/home/user/.m2/repository/org/apache/ratis/ratis-netty/0.5.0-201fc85-SNAPSHOT/ratis-netty-0.5.0-201fc85-SNAPSHOT.jar:/home/user/.m2/repository/org/apache/ratis/ratis-grpc/0.5.0-201fc85-SNAPSHOT/ratis-grpc-0.5.0-201fc85-SNAPSHOT.jar:/home/user/.m2/repository/org/rocksdb/rocksdbjni/6.0.1/rocksdbjni-6.0.1.jar:/home/user/.m2/repository/org/apache/logging/log4j/log4j-api/2.11.0/log4j-api-2.11.0.jar:/home/user/.m2/repository/org/apache/logging/log4j/log4j-core/2.11.0/log4j-core-2.11.0.jar:/home/user/.m2/repository/com/lmax/disruptor/3.4.2/disruptor-3.4.2.jar:/home/user/.m2/repository/org/apache/commons/commons-pool2/2.6.0/commons-pool2-2.6.0.jar:/home/user/.m2/repository/org/bouncycastle/bcpkix-jdk15on/1.60/bcpkix-jdk15on-1.60.jar:/home/user/.m2/repository/commons-validator/commons-validator/1.6/commons-validator-1.6.jar:/home/user/.m2/repository/commons-digester/commons-digester/1.8.1/commons-digester-1.8.1.jar:/home/user/.m2/repository/io/jaegertracing/jaeger-client/0.34.0/jaeger-client-0.34.0.jar:/home/user/.m2/repository/io/jaegertracing/jaeger-thrift/0.34.0/jaeger-thrift-0.34.0.jar:/home/user/.m2/repository/org/apache/thrift/libthrift/0.12.0/libthrift-0.12.0.jar:/home/user/.m2/repository/com/squareup/okhttp3/okhttp/3.9.0/okhttp-3.9.0.jar:/home/user/.m2/repository/com/squareup/okio/okio/1.13.0/okio-1.13.0.jar:/home/user/.m2/repository/io/jaegertracing/jaeger-core/0.34.0/jaeger-core-0.34.0.jar:/home/user/.m2/repository/io/jaegertracing/jaeger-tracerresolver/0.34.0/jaeger-tracerresolver-0.34.0.jar:/home/user/.m2/repository/io/opentracing/contrib/opentracing-tracerresolver/0.1.5/opentracing-tracerresolver-0.1.5.jar:/home/user/.m2/repository/io/opentracing/opentracing-util/0.31.0/opentracing-util-0.31.0.jar:/home/user/.m2/repository/io/opentracing/opentracing-api/0.31.0/opentracing-api-0.31.0.jar:/home/user/.m2/repository/io/opentracing/opentracing-noop/0.31.0/opentracing-noop-0.31.0.jar:/home/user/.m2/repository/org/apache/hadoop/hadoop-hdds-server-framework/0.5.0-SNAPSHOT/hadoop-hdds-server-framework-0.5.0-SNAPSHOT.jar:/home/user/.m2/repository/org/apache/hadoop/hadoop-hdds-container-service/0.5.0-SNAPSHOT/hadoop-hdds-container-service-0.5.0-SNAPSHOT.jar:/home/user/.m2/repository/org/apache/hadoop/hadoop-hdds-client/0.5.0-SNAPSHOT/hadoop-hdds-client-0.5.0-SNAPSHOT.jar:/home/user/.m2/repository/org/apache/hadoop/hadoop-hdds-tools/0.5.0-SNAPSHOT/hadoop-hdds-tools-0.5.0-SNAPSHOT.jar:/home/user/.m2/repository/org/apache/hadoop/hadoop-hdds-server-scm/0.5.0-SNAPSHOT/hadoop-hdds-server-scm-0.5.0-SNAPSHOT.jar:/home/user/.m2/repository/org/apache/hadoop/hadoop-hdds-docs/0.5.0-SNAPSHOT/hadoop-hdds-docs-0.5.0-SNAPSHOT.jar:/home/user/.m2/repository/io/dropwizard/metrics/metrics-core/3.2.4/metrics-core-3.2.4.jar:/home/user/.m2/repository/org/hamcrest/hamcrest-all/1.3/hamcrest-all-1.3.jar:/home/user/.m2/repository/org/bouncycastle/bcprov-jdk15on/1.60/bcprov-jdk15on-1.60.jar:/home/user/.m2/repository/info/picocli/picocli/3.9.6/picocli-3.9.6.jar:/home/user/.m2/repository/com/google/protobuf/protobuf-java/2.5.0/protobuf-java-2.5.0.jar:/home/user/.m2/repository/com/google/guava/guava/11.0.2/guava-11.0.2.jar:/home/user/.m2/repository/org/apache/hadoop/hadoop-ozone-ozone-manager/0.5.0-SNAPSHOT/hadoop-ozone-ozone-manager-0.5.0-SNAPSHOT.jar:/home/user/.m2/repository/org/apache/hadoop/hadoop-minikdc/3.2.0/hadoop-minikdc-3.2.0.jar:/home/user/.m2/repository/commons-io/commons-io/2.5/commons-io-2.5.jar:/home/user/.m2/repository/org/apache/kerby/kerb-simplekdc/1.0.1/kerb-simplekdc-1.0.1.jar:/home/user/.m2/repository/org/apache/kerby/kerb-client/1.0.1/kerb-client-1.0.1.jar:/home/user/.m2/repository/org/apache/kerby/kerby-config/1.0.1/kerby-config-1.0.1.jar:/home/user/.m2/repository/org/apache/kerby/kerb-core/1.0.1/kerb-core-1.0.1.jar:/home/user/.m2/repository/org/apache/kerby/kerby-pkix/1.0.1/kerby-pkix-1.0.1.jar:/home/user/.m2/repository/org/apache/kerby/kerby-asn1/1.0.1/kerby-asn1-1.0.1.jar:/home/user/.m2/repository/org/apache/kerby/kerby-util/1.0.1/kerby-util-1.0.1.jar:/home/user/.m2/repository/org/apache/kerby/kerb-common/1.0.1/kerb-common-1.0.1.jar:/home/user/.m2/repository/org/apache/kerby/kerb-crypto/1.0.1/kerb-crypto-1.0.1.jar:/home/user/.m2/repository/org/apache/kerby/kerb-util/1.0.1/kerb-util-1.0.1.jar:/home/user/.m2/repository/org/apache/kerby/token-provider/1.0.1/token-provider-1.0.1.jar:/home/user/.m2/repository/org/apache/kerby/kerb-admin/1.0.1/kerb-admin-1.0.1.jar:/home/user/.m2/repository/org/apache/kerby/kerb-server/1.0.1/kerb-server-1.0.1.jar:/home/user/.m2/repository/org/apache/kerby/kerb-identity/1.0.1/kerb-identity-1.0.1.jar:/home/user/.m2/repository/org/apache/kerby/kerby-xdr/1.0.1/kerby-xdr-1.0.1.jar:/home/user/.m2/repository/org/slf4j/slf4j-log4j12/1.7.25/slf4j-log4j12-1.7.25.jar:/home/user/.m2/repository/org/apache/hadoop/hadoop-ozone-s3gateway/0.5.0-SNAPSHOT/hadoop-ozone-s3gateway-0.5.0-SNAPSHOT.jar:/home/user/.m2/repository/org/jboss/weld/servlet/weld-servlet/2.4.7.Final/weld-servlet-2.4.7.Final.jar:/home/user/.m2/repository/org/glassfish/jersey/containers/jersey-container-servlet-core/2.27/jersey-container-servlet-core-2.27.jar:/home/user/.m2/repository/org/glassfish/hk2/external/javax.inject/2.5.0-b42/javax.inject-2.5.0-b42.jar:/home/user/.m2/repository/org/glassfish/jersey/core/jersey-common/2.27/jersey-common-2.27.jar:/home/user/.m2/repository/org/glassfish/hk2/osgi-resource-locator/1.0.1/osgi-resource-locator-1.0.1.jar:/home/user/.m2/repository/javax/ws/rs/javax.ws.rs-api/2.1/javax.ws.rs-api-2.1.jar:/home/user/.m2/repository/org/glassfish/jersey/ext/cdi/jersey-cdi1x/2.27/jersey-cdi1x-2.27.jar:/home/user/.m2/repository/org/glassfish/jersey/inject/jersey-hk2/2.27/jersey-hk2-2.27.jar:/home/user/.m2/repository/org/glassfish/hk2/hk2-locator/2.5.0-b42/hk2-locator-2.5.0-b42.jar:/home/user/.m2/repository/org/javassist/javassist/3.22.0-CR2/javassist-3.22.0-CR2.jar:/home/user/.m2/repository/org/glassfish/hk2/hk2-api/2.5.0/hk2-api-2.5.0.jar:/home/user/.m2/repository/org/glassfish/hk2/external/jakarta.inject/2.5.0/jakarta.inject-2.5.0.jar:/home/user/.m2/repository/org/glassfish/hk2/hk2-utils/2.5.0/hk2-utils-2.5.0.jar:/home/user/.m2/repository/jakarta/annotation/jakarta.annotation-api/1.3.4/jakarta.annotation-api-1.3.4.jar:/home/user/.m2/repository/org/glassfish/hk2/external/aopalliance-repackaged/2.5.0/aopalliance-repackaged-2.5.0.jar:/home/user/.m2/repository/com/fasterxml/jackson/dataformat/jackson-dataformat-xml/2.9.0/jackson-dataformat-xml-2.9.0.jar:/home/user/.m2/repository/com/fasterxml/jackson/core/jackson-core/2.9.9/jackson-core-2.9.9.jar:/home/user/.m2/repository/com/fasterxml/jackson/module/jackson-module-jaxb-annotations/2.9.9/jackson-module-jaxb-annotations-2.9.9.jar:/home/user/.m2/repository/javax/enterprise/cdi-api/1.2/cdi-api-1.2.jar:/home/user/.m2/repository/javax/el/javax.el-api/3.0.0/javax.el-api-3.0.0.jar:/home/user/.m2/repository/javax/interceptor/javax.interceptor-api/1.2/javax.interceptor-api-1.2.jar:/home/user/.m2/repository/javax/inject/javax.inject/1/javax.inject-1.jar:/home/user/.m2/repository/com/sun/xml/bind/jaxb-impl/2.3.0.1/jaxb-impl-2.3.0.1.jar:/home/user/.m2/repository/com/sun/xml/bind/jaxb-core/2.3.0.1/jaxb-core-2.3.0.1.jar:/home/user/.m2/repository/javax/xml/bind/jaxb-api/2.3.0/jaxb-api-2.3.0.jar:/home/user/.m2/repository/javax/activation/activation/1.1.1/activation-1.1.1.jar:/home/user/.m2/repository/org/apache/hadoop/hadoop-ozone-csi/0.5.0-SNAPSHOT/hadoop-ozone-csi-0.5.0-SNAPSHOT.jar:/home/user/.m2/repository/com/google/protobuf/protobuf-java-util/3.5.1/protobuf-java-util-3.5.1.jar:/home/user/.m2/repository/org/apache/hadoop/hadoop-hdds-config/0.5.0-SNAPSHOT/hadoop-hdds-config-0.5.0-SNAPSHOT.jar:/home/user/.m2/repository/io/grpc/grpc-netty/1.17.1/grpc-netty-1.17.1.jar:/home/user/.m2/repository/io/grpc/grpc-core/1.17.1/grpc-core-1.17.1.jar:/home/user/.m2/repository/io/grpc/grpc-context/1.17.1/grpc-context-1.17.1.jar:/home/user/.m2/repository/com/google/errorprone/error_prone_annotations/2.2.0/error_prone_annotations-2.2.0.jar:/home/user/.m2/repository/org/codehaus/mojo/animal-sniffer-annotations/1.17/animal-sniffer-annotations-1.17.jar:/home/user/.m2/repository/io/opencensus/opencensus-api/0.17.0/opencensus-api-0.17.0.jar:/home/user/.m2/repository/io/opencensus/opencensus-contrib-grpc-metrics/0.17.0/opencensus-contrib-grpc-metrics-0.17.0.jar:/home/user/.m2/repository/io/netty/netty-codec-http2/4.1.30.Final/netty-codec-http2-4.1.30.Final.jar:/home/user/.m2/repository/io/netty/netty-codec-http/4.1.30.Final/netty-codec-http-4.1.30.Final.jar:/home/user/.m2/repository/io/netty/netty-codec/4.1.30.Final/netty-codec-4.1.30.Final.jar:/home/user/.m2/repository/io/netty/netty-handler/4.1.30.Final/netty-handler-4.1.30.Final.jar:/home/user/.m2/repository/io/netty/netty-handler-proxy/4.1.30.Final/netty-handler-proxy-4.1.30.Final.jar:/home/user/.m2/repository/io/netty/netty-codec-socks/4.1.30.Final/netty-codec-socks-4.1.30.Final.jar:/home/user/.m2/repository/io/netty/netty-transport-native-epoll/4.1.30.Final/netty-transport-native-epoll-4.1.30.Final.jar:/home/user/.m2/repository/io/netty/netty-common/4.1.30.Final/netty-common-4.1.30.Final.jar:/home/user/.m2/repository/io/netty/netty-buffer/4.1.30.Final/netty-buffer-4.1.30.Final.jar:/home/user/.m2/repository/io/netty/netty-transport/4.1.30.Final/netty-transport-4.1.30.Final.jar:/home/user/.m2/repository/io/netty/netty-resolver/4.1.30.Final/netty-resolver-4.1.30.Final.jar:/home/user/.m2/repository/io/netty/netty-transport-native-unix-common/4.1.30.Final/netty-transport-native-unix-common-4.1.30.Final.jar:/home/user/.m2/repository/io/grpc/grpc-protobuf/1.17.1/grpc-protobuf-1.17.1.jar:/home/user/.m2/repository/com/google/api/grpc/proto-google-common-protos/1.0.0/proto-google-common-protos-1.0.0.jar:/home/user/.m2/repository/io/grpc/grpc-protobuf-lite/1.17.1/grpc-protobuf-lite-1.17.1.jar:/home/user/.m2/repository/io/grpc/grpc-stub/1.17.1/grpc-stub-1.17.1.jar:/home/user/.m2/repository/org/apache/hadoop/hadoop-ozone-recon/0.5.0-SNAPSHOT/hadoop-ozone-recon-0.5.0-SNAPSHOT.jar:/home/user/.m2/repository/org/apache/hadoop/hadoop-ozone-reconcodegen/0.5.0-SNAPSHOT/hadoop-ozone-reconcodegen-0.5.0-SNAPSHOT.jar:/home/user/.m2/repository/com/google/inject/extensions/guice-multibindings/4.0/guice-multibindings-4.0.jar:/home/user/.m2/repository/com/google/inject/guice/4.0/guice-4.0.jar:/home/user/.m2/repository/aopalliance/aopalliance/1.0/aopalliance-1.0.jar:/home/user/.m2/repository/com/google/inject/extensions/guice-servlet/4.0/guice-servlet-4.0.jar:/home/user/.m2/repository/org/glassfish/jersey/containers/jersey-container-servlet/2.27/jersey-container-servlet-2.27.jar:/home/user/.m2/repository/org/glassfish/hk2/guice-bridge/2.5.0/guice-bridge-2.5.0.jar:/home/user/.m2/repository/org/glassfish/jersey/core/jersey-server/2.27/jersey-server-2.27.jar:/home/user/.m2/repository/org/glassfish/jersey/core/jersey-client/2.27/jersey-client-2.27.jar:/home/user/.m2/repository/org/glassfish/jersey/media/jersey-media-jaxb/2.27/jersey-media-jaxb-2.27.jar:/home/user/.m2/repository/javax/validation/validation-api/1.1.0.Final/validation-api-1.1.0.Final.jar:/home/user/.m2/repository/org/glassfish/jersey/media/jersey-media-json-jackson/2.27/jersey-media-json-jackson-2.27.jar:/home/user/.m2/repository/org/glassfish/jersey/ext/jersey-entity-filtering/2.27/jersey-entity-filtering-2.27.jar:/home/user/.m2/repository/com/google/inject/extensions/guice-assistedinject/4.0/guice-assistedinject-4.0.jar:/home/user/.m2/repository/org/jooq/jooq/3.11.10/jooq-3.11.10.jar:/home/user/.m2/repository/org/jooq/jooq-meta/3.11.10/jooq-meta-3.11.10.jar:/home/user/.m2/repository/org/jooq/jooq-codegen/3.11.10/jooq-codegen-3.11.10.jar:/home/user/.m2/repository/com/jolbox/bonecp/0.8.0.RELEASE/bonecp-0.8.0.RELEASE.jar:/home/user/.m2/repository/org/xerial/sqlite-jdbc/3.25.2/sqlite-jdbc-3.25.2.jar:/home/user/.m2/repository/org/springframework/spring-jdbc/5.1.3.RELEASE/spring-jdbc-5.1.3.RELEASE.jar:/home/user/.m2/repository/org/springframework/spring-beans/5.1.3.RELEASE/spring-beans-5.1.3.RELEASE.jar:/home/user/.m2/repository/org/springframework/spring-core/5.1.3.RELEASE/spring-core-5.1.3.RELEASE.jar:/home/user/.m2/repository/org/springframework/spring-jcl/5.1.3.RELEASE/spring-jcl-5.1.3.RELEASE.jar:/home/user/.m2/repository/org/springframework/spring-tx/5.1.3.RELEASE/spring-tx-5.1.3.RELEASE.jar:/home/user/.m2/repository/org/apache/hadoop/hadoop-ozone-client/0.5.0-SNAPSHOT/hadoop-ozone-client-0.5.0-SNAPSHOT.jar:/home/user/.m2/repository/commons-lang/commons-lang/2.6/commons-lang-2.6.jar:/home/user/.m2/repository/org/apache/hadoop/hadoop-ozone-ozone-manager/0.5.0-SNAPSHOT/hadoop-ozone-ozone-manager-0.5.0-SNAPSHOT-tests.jar:/home/user/.m2/repository/junit/junit/4.11/junit-4.11.jar:/home/user/.m2/repository/org/hamcrest/hamcrest-core/1.3/hamcrest-core-1.3.jar:/home/user/.m2/repository/org/openjdk/jmh/jmh-core/1.19/jmh-core-1.19.jar:/home/user/.m2/repository/net/sf/jopt-simple/jopt-simple/4.6/jopt-simple-4.6.jar:/home/user/.m2/repository/org/apache/commons/commons-math3/3.1.1/commons-math3-3.1.1.jar:/home/user/.m2/repository/org/openjdk/jmh/jmh-generator-annprocess/1.19/jmh-generator-annprocess-1.19.jar:/home/user/.m2/repository/org/mockito/mockito-all/1.8.5/mockito-all-1.8.5.jar:/home/user/.m2/repository/org/apache/hadoop/hadoop-kms/3.2.0/hadoop-kms-3.2.0.jar:/home/user/.m2/repository/org/apache/hadoop/hadoop-auth/3.2.0/hadoop-auth-3.2.0.jar:/home/user/.m2/repository/com/nimbusds/nimbus-jose-jwt/4.41.1/nimbus-jose-jwt-4.41.1.jar:/home/user/.m2/repository/com/github/stephenc/jcip/jcip-annotations/1.0-1/jcip-annotations-1.0-1.jar:/home/user/.m2/repository/net/minidev/json-smart/2.3/json-smart-2.3.jar:/home/user/.m2/repository/net/minidev/accessors-smart/1.2/accessors-smart-1.2.jar:/home/user/.m2/repository/org/ow2/asm/asm/5.0.4/asm-5.0.4.jar:/home/user/.m2/repository/org/apache/curator/curator-framework/2.12.0/curator-framework-2.12.0.jar:/home/user/.m2/repository/com/sun/jersey/jersey-core/1.19/jersey-core-1.19.jar:/home/user/.m2/repository/javax/ws/rs/jsr311-api/1.1.1/jsr311-api-1.1.1.jar:/home/user/.m2/repository/com/sun/jersey/jersey-server/1.19/jersey-server-1.19.jar:/home/user/.m2/repository/javax/servlet/javax.servlet-api/3.1.0/javax.servlet-api-3.1.0.jar:/home/user/.m2/repository/org/eclipse/jetty/jetty-server/9.3.25.v20180904/jetty-server-9.3.25.v20180904.jar:/home/user/.m2/repository/org/eclipse/jetty/jetty-http/9.3.25.v20180904/jetty-http-9.3.25.v20180904.jar:/home/user/.m2/repository/org/eclipse/jetty/jetty-io/9.3.25.v20180904/jetty-io-9.3.25.v20180904.jar:/home/user/.m2/repository/org/eclipse/jetty/jetty-webapp/9.3.25.v20180904/jetty-webapp-9.3.25.v20180904.jar:/home/user/.m2/repository/org/eclipse/jetty/jetty-xml/9.3.25.v20180904/jetty-xml-9.3.25.v20180904.jar:/home/user/.m2/repository/log4j/log4j/1.2.17/log4j-1.2.17.jar:/home/user/.m2/repository/org/slf4j/slf4j-api/1.7.25/slf4j-api-1.7.25.jar:/home/user/.m2/repository/org/slf4j/jul-to-slf4j/1.7.25/jul-to-slf4j-1.7.25.jar:/home/user/.m2/repository/org/eclipse/jetty/jetty-util/9.3.25.v20180904/jetty-util-9.3.25.v20180904.jar:/home/user/.m2/repository/com/fasterxml/jackson/core/jackson-databind/2.9.9/jackson-databind-2.9.9.jar:/home/user/.m2/repository/org/apache/hadoop/hadoop-kms/3.2.0/hadoop-kms-3.2.0-tests.jar:/home/user/.m2/repository/org/apache/hadoop/hadoop-hdds-server-scm/0.5.0-SNAPSHOT/hadoop-hdds-server-scm-0.5.0-SNAPSHOT-tests.jar:/home/user/.m2/repository/org/apache/hadoop/hadoop-hdds-container-service/0.5.0-SNAPSHOT/hadoop-hdds-container-service-0.5.0-SNAPSHOT-tests.jar:/home/user/.m2/repository/org/yaml/snakeyaml/1.16/snakeyaml-1.16.jar:/home/user/.m2/repository/org/apache/hadoop/hadoop-common/3.2.0/hadoop-common-3.2.0-tests.jar:/home/user/.m2/repository/org/apache/hadoop/hadoop-annotations/3.2.0/hadoop-annotations-3.2.0.jar:/usr/lib/jvm/java-1.8-openjdk/jre/../lib/tools.jar:/home/user/.m2/repository/commons-cli/commons-cli/1.2/commons-cli-1.2.jar:/home/user/.m2/repository/org/apache/httpcomponents/httpclient/4.5.2/httpclient-4.5.2.jar:/home/user/.m2/repository/org/apache/httpcomponents/httpcore/4.4.4/httpcore-4.4.4.jar:/home/user/.m2/repository/commons-codec/commons-codec/1.11/commons-codec-1.11.jar:/home/user/.m2/repository/commons-net/commons-net/3.6/commons-net-3.6.jar:/home/user/.m2/repository/commons-collections/commons-collections/3.2.2/commons-collections-3.2.2.jar:/home/user/.m2/repository/org/eclipse/jetty/jetty-servlet/9.3.25.v20180904/jetty-servlet-9.3.25.v20180904.jar:/home/user/.m2/repository/org/eclipse/jetty/jetty-security/9.3.25.v20180904/jetty-security-9.3.25.v20180904.jar:/home/user/.m2/repository/javax/servlet/jsp/jsp-api/2.1/jsp-api-2.1.jar:/home/user/.m2/repository/com/sun/jersey/jersey-servlet/1.19/jersey-servlet-1.19.jar:/home/user/.m2/repository/com/sun/jersey/jersey-json/1.19/jersey-json-1.19.jar:/home/user/.m2/repository/org/codehaus/jettison/jettison/1.1/jettison-1.1.jar:/home/user/.m2/repository/org/codehaus/jackson/jackson-core-asl/1.9.13/jackson-core-asl-1.9.13.jar:/home/user/.m2/repository/org/codehaus/jackson/jackson-mapper-asl/1.9.13/jackson-mapper-asl-1.9.13.jar:/home/user/.m2/repository/org/codehaus/jackson/jackson-jaxrs/1.9.13/jackson-jaxrs-1.9.13.jar:/home/user/.m2/repository/org/codehaus/jackson/jackson-xc/1.9.13/jackson-xc-1.9.13.jar:/home/user/.m2/repository/commons-logging/commons-logging/1.1.3/commons-logging-1.1.3.jar:/home/user/.m2/repository/commons-beanutils/commons-beanutils/1.9.4/commons-beanutils-1.9.4.jar:/home/user/.m2/repository/org/apache/commons/commons-configuration2/2.1.1/commons-configuration2-2.1.1.jar:/home/user/.m2/repository/org/apache/commons/commons-lang3/3.7/commons-lang3-3.7.jar:/home/user/.m2/repository/org/apache/commons/commons-text/1.4/commons-text-1.4.jar:/home/user/.m2/repository/org/apache/avro/avro/1.7.7/avro-1.7.7.jar:/home/user/.m2/repository/com/thoughtworks/paranamer/paranamer/2.3/paranamer-2.3.jar:/home/user/.m2/repository/org/xerial/snappy/snappy-java/1.0.5/snappy-java-1.0.5.jar:/home/user/.m2/repository/com/google/re2j/re2j/1.1/re2j-1.1.jar:/home/user/.m2/repository/com/google/code/gson/gson/2.2.4/gson-2.2.4.jar:/home/user/.m2/repository/com/jcraft/jsch/0.1.54/jsch-0.1.54.jar:/home/user/.m2/repository/org/apache/curator/curator-client/2.12.0/curator-client-2.12.0.jar:/home/user/.m2/repository/org/apache/curator/curator-recipes/2.12.0/curator-recipes-2.12.0.jar:/home/user/.m2/repository/com/google/code/findbugs/jsr305/3.0.0/jsr305-3.0.0.jar:/home/user/.m2/repository/org/apache/htrace/htrace-core4/4.1.0-incubating/htrace-core4-4.1.0-incubating.jar:/home/user/.m2/repository/org/apache/zookeeper/zookeeper/3.4.13/zookeeper-3.4.13.jar:/home/user/.m2/repository/jline/jline/0.9.94/jline-0.9.94.jar:/home/user/.m2/repository/org/apache/yetus/audience-annotations/0.5.0/audience-annotations-0.5.0.jar:/home/user/.m2/repository/org/codehaus/woodstox/stax2-api/3.1.4/stax2-api-3.1.4.jar:/home/user/.m2/repository/com/fasterxml/woodstox/woodstox-core/5.0.3/woodstox-core-5.0.3.jar:/home/user/.m2/repository/dnsjava/dnsjava/2.1.7/dnsjava-2.1.7.jar:/home/user/.m2/repository/org/apache/hadoop/hadoop-hdfs/3.2.0/hadoop-hdfs-3.2.0-tests.jar:/home/user/.m2/repository/org/eclipse/jetty/jetty-util-ajax/9.3.25.v20180904/jetty-util-ajax-9.3.25.v20180904.jar:/home/user/.m2/repository/commons-daemon/commons-daemon/1.0.13/commons-daemon-1.0.13.jar:/home/user/.m2/repository/io/netty/netty/3.10.5.Final/netty-3.10.5.Final.jar:/home/user/.m2/repository/io/netty/netty-all/4.0.52.Final/netty-all-4.0.52.Final.jar:/home/user/.m2/repository/org/fusesource/leveldbjni/leveldbjni-all/1.8/leveldbjni-all-1.8.jar:"/>
    <property name="sun.cpu.endian" value="little"/>
    <property name="user.home" value="/home/user"/>
    <property name="user.language" value="en"/>
    <property name="java.specification.vendor" value="Oracle Corporation"/>
    <property name="java.home" value="/usr/lib/jvm/java-1.8-openjdk/jre"/>
    <property name="java.security.krb5.conf" value="/workdir/hadoop-ozone/integration-test/target/test-classes/krb5.conf"/>
    <property name="basedir" value="/workdir/hadoop-ozone/integration-test"/>
    <property name="file.separator" value="/"/>
    <property name="line.separator" value="&#10;"/>
    <property name="java.vm.specification.vendor" value="Oracle Corporation"/>
    <property name="java.specification.name" value="Java Platform API Specification"/>
    <property name="java.awt.graphicsenv" value="sun.awt.X11GraphicsEnvironment"/>
    <property name="surefire.real.class.path" value="/workdir/hadoop-ozone/integration-test/target/surefire/surefirebooter8593963144319843772.jar"/>
    <property name="hadoop.log.dir" value="/workdir/hadoop-ozone/integration-test/target/log"/>
    <property name="sun.boot.class.path" value="/usr/lib/jvm/java-1.8-openjdk/jre/lib/resources.jar:/usr/lib/jvm/java-1.8-openjdk/jre/lib/rt.jar:/usr/lib/jvm/java-1.8-openjdk/jre/lib/sunrsasign.jar:/usr/lib/jvm/java-1.8-openjdk/jre/lib/jsse.jar:/usr/lib/jvm/java-1.8-openjdk/jre/lib/jce.jar:/usr/lib/jvm/java-1.8-openjdk/jre/lib/charsets.jar:/usr/lib/jvm/java-1.8-openjdk/jre/lib/jfr.jar:/usr/lib/jvm/java-1.8-openjdk/jre/classes"/>
    <property name="sun.management.compiler" value="HotSpot 64-Bit Tiered Compilers"/>
    <property name="java.runtime.version" value="1.8.0_212-b04"/>
    <property name="java.net.preferIPv4Stack" value="true"/>
    <property name="user.name" value="jenkins1000"/>
    <property name="path.separator" value=":"/>
    <property name="java.security.egd" value="file:///dev/urandom"/>
    <property name="os.version" value="3.10.0-957.12.2.el7.x86_64"/>
    <property name="java.endorsed.dirs" value="/usr/lib/jvm/java-1.8-openjdk/jre/lib/endorsed"/>
    <property name="java.runtime.name" value="OpenJDK Runtime Environment"/>
    <property name="file.encoding" value="UTF-8"/>
    <property name="java.vm.name" value="OpenJDK 64-Bit Server VM"/>
    <property name="test.build.webapps" value=""/>
    <property name="localRepository" value="/home/user/.m2/repository"/>
    <property name="java.vendor.url.bug" value="https://icedtea.classpath.org/bugzilla"/>
    <property name="java.io.tmpdir" value="/tmp"/>
    <property name="require.test.libhadoop" value=""/>
    <property name="java.version" value="1.8.0_212"/>
    <property name="user.dir" value="/workdir/hadoop-ozone/integration-test"/>
    <property name="os.arch" value="amd64"/>
    <property name="java.vm.specification.name" value="Java Virtual Machine Specification"/>
    <property name="test.build.classes" value="/workdir/hadoop-ozone/integration-test/target/test-classes"/>
    <property name="java.awt.printerjob" value="sun.print.PSPrinterJob"/>
    <property name="sun.os.patch.level" value="unknown"/>
    <property name="hadoop.tmp.dir" value="/workdir/hadoop-ozone/integration-test/target/tmp"/>
    <property name="java.library.path" value="/usr/lib/jvm/java-1.8-openjdk/jre/lib/amd64/server:/usr/lib/jvm/java-1.8-openjdk/jre/lib/amd64:/usr/lib/jvm/java-1.8-openjdk/jre/../lib/amd64:/workdir/hadoop-ozone/integration-test/target/native/target/usr/local/lib:/workdir/hadoop-ozone/integration-test/../../hadoop-common-project/hadoop-common/target/native/target/usr/local/lib:/usr/java/packages/lib/amd64:/usr/lib64:/lib64:/lib:/usr/lib"/>
    <property name="java.vm.info" value="mixed mode"/>
    <property name="java.vendor" value="IcedTea"/>
    <property name="java.vm.version" value="25.212-b04"/>
    <property name="java.ext.dirs" value="/usr/lib/jvm/java-1.8-openjdk/jre/lib/ext:/usr/java/packages/lib/ext"/>
    <property name="sun.io.unicode.encoding" value="UnicodeLittle"/>
    <property name="java.class.version" value="52.0"/>
  </properties>
  <testcase name="test" classname="org.apache.hadoop.ozone.scm.TestSCMContainerPlacementPolicyMetrics" time="82.677">
    <error message="test timed out after 60000 milliseconds" type="java.lang.Exception">java.lang.Exception: test timed out after 60000 milliseconds
	at java.lang.Thread.sleep(Native Method)
	at org.apache.hadoop.ozone.scm.TestSCMContainerPlacementPolicyMetrics.test(TestSCMContainerPlacementPolicyMetrics.java:134)
	at sun.reflect.NativeMethodAccessorImpl.invoke0(Native Method)
	at sun.reflect.NativeMethodAccessorImpl.invoke(NativeMethodAccessorImpl.java:62)
	at sun.reflect.DelegatingMethodAccessorImpl.invoke(DelegatingMethodAccessorImpl.java:43)
	at java.lang.reflect.Method.invoke(Method.java:498)
	at org.junit.runners.model.FrameworkMethod$1.runReflectiveCall(FrameworkMethod.java:47)
	at org.junit.internal.runners.model.ReflectiveCallable.run(ReflectiveCallable.java:12)
	at org.junit.runners.model.FrameworkMethod.invokeExplosively(FrameworkMethod.java:44)
	at org.junit.internal.runners.statements.InvokeMethod.evaluate(InvokeMethod.java:17)
	at org.junit.internal.runners.statements.FailOnTimeout$StatementThread.run(FailOnTimeout.java:74)
</error>
    <system-out><![CDATA[2019-10-04 08:26:19,057 [main] WARN  server.ServerUtils (ServerUtils.java:getScmDbDir(145)) - ozone.scm.db.dirs is not configured. We recommend adding this setting. Falling back to ozone.metadata.dirs instead.
2019-10-04 08:26:19,221 [main] WARN  server.ServerUtils (ServerUtils.java:getScmDbDir(145)) - ozone.scm.db.dirs is not configured. We recommend adding this setting. Falling back to ozone.metadata.dirs instead.
2019-10-04 08:26:19,225 [main] WARN  server.ServerUtils (ServerUtils.java:getScmDbDir(145)) - ozone.scm.db.dirs is not configured. We recommend adding this setting. Falling back to ozone.metadata.dirs instead.
2019-10-04 08:26:19,255 [main] INFO  util.log (Log.java:initialized(192)) - Logging initialized @987ms
2019-10-04 08:26:19,357 [main] INFO  db.DBStoreBuilder (DBStoreBuilder.java:addTable(117)) - using custom profile for table: deletedBlocks
2019-10-04 08:26:19,358 [main] INFO  db.DBStoreBuilder (DBStoreBuilder.java:processTables(168)) - Using default column profile:DBProfile.DISK for Table:deletedBlocks
2019-10-04 08:26:19,358 [main] INFO  db.DBStoreBuilder (DBStoreBuilder.java:addTable(117)) - using custom profile for table: validCerts
2019-10-04 08:26:19,358 [main] INFO  db.DBStoreBuilder (DBStoreBuilder.java:processTables(168)) - Using default column profile:DBProfile.DISK for Table:validCerts
2019-10-04 08:26:19,359 [main] INFO  db.DBStoreBuilder (DBStoreBuilder.java:addTable(117)) - using custom profile for table: revokedCerts
2019-10-04 08:26:19,359 [main] INFO  db.DBStoreBuilder (DBStoreBuilder.java:processTables(168)) - Using default column profile:DBProfile.DISK for Table:revokedCerts
2019-10-04 08:26:19,371 [main] INFO  db.DBStoreBuilder (DBStoreBuilder.java:addTable(117)) - using custom profile for table: default
2019-10-04 08:26:19,371 [main] INFO  db.DBStoreBuilder (DBStoreBuilder.java:processTables(174)) - Using default column profile:DBProfile.DISK for Table:default
2019-10-04 08:26:19,373 [main] INFO  db.DBStoreBuilder (DBStoreBuilder.java:getDbProfile(205)) - Using default options. DBProfile.DISK
2019-10-04 08:26:19,751 [main] INFO  net.NodeSchemaLoader (NodeSchemaLoader.java:loadSchemaFromFile(125)) - Loading file from sun.misc.CompoundEnumeration@557caf28
2019-10-04 08:26:19,753 [main] INFO  net.NodeSchemaLoader (NodeSchemaLoader.java:loadSchema(171)) - Loading network topology layer schema file
2019-10-04 08:26:19,848 [main] WARN  server.ServerUtils (ServerUtils.java:sanitizeUserArgs(70)) - ozone.scm.stale.node.interval value = 300000 is larger than max = 100000 based on the key value of ozone.scm.heartbeat.thread.interval, reset to the max value 100000.
2019-10-04 08:26:19,851 [main] WARN  server.ServerUtils (ServerUtils.java:sanitizeUserArgs(70)) - ozone.scm.stale.node.interval value = 300000 is larger than max = 100000 based on the key value of ozone.scm.heartbeat.thread.interval, reset to the max value 100000.
2019-10-04 08:26:19,853 [main] INFO  node.SCMNodeManager (SCMNodeManager.java:<init>(114)) - Entering startup safe mode.
2019-10-04 08:26:19,950 [main] INFO  Configuration.deprecation (Configuration.java:logDeprecation(1394)) - hadoop.configured.node.mapping is deprecated. Instead, use net.topology.configured.node.mapping
2019-10-04 08:26:19,955 [main] INFO  algorithms.ContainerPlacementPolicyFactory (ContainerPlacementPolicyFactory.java:getPolicy(57)) - Create container placement policy of type org.apache.hadoop.hdds.scm.container.placement.algorithms.SCMContainerPlacementRackAware
2019-10-04 08:26:19,972 [main] WARN  server.ServerUtils (ServerUtils.java:getScmDbDir(145)) - ozone.scm.db.dirs is not configured. We recommend adding this setting. Falling back to ozone.metadata.dirs instead.
2019-10-04 08:26:20,086 [main] INFO  pipeline.SCMPipelineManager (SCMPipelineManager.java:initializePipelineState(132)) - No pipeline exists in current db
2019-10-04 08:26:20,089 [main] WARN  server.ServerUtils (ServerUtils.java:getScmDbDir(145)) - ozone.scm.db.dirs is not configured. We recommend adding this setting. Falling back to ozone.metadata.dirs instead.
2019-10-04 08:26:20,285 [main] WARN  events.EventQueue (EventQueue.java:fireEvent(183)) - No event handler registered for event TypedEvent{payloadType=SafeModeStatus, name='SafeModeStatus'}
2019-10-04 08:26:20,736 [main] INFO  ipc.CallQueueManager (CallQueueManager.java:<init>(84)) - Using callQueue: class java.util.concurrent.LinkedBlockingQueue, queueCapacity: 2000, scheduler: class org.apache.hadoop.ipc.DefaultRpcScheduler, ipcBackoff: false.
2019-10-04 08:26:20,768 [Socket Reader #1 for port 34918] INFO  ipc.Server (Server.java:run(1074)) - Starting Socket Reader #1 for port 34918
2019-10-04 08:26:20,939 [main] INFO  ipc.CallQueueManager (CallQueueManager.java:<init>(84)) - Using callQueue: class java.util.concurrent.LinkedBlockingQueue, queueCapacity: 2000, scheduler: class org.apache.hadoop.ipc.DefaultRpcScheduler, ipcBackoff: false.
2019-10-04 08:26:20,940 [Socket Reader #1 for port 46317] INFO  ipc.Server (Server.java:run(1074)) - Starting Socket Reader #1 for port 46317
2019-10-04 08:26:20,950 [main] INFO  ipc.CallQueueManager (CallQueueManager.java:<init>(84)) - Using callQueue: class java.util.concurrent.LinkedBlockingQueue, queueCapacity: 2000, scheduler: class org.apache.hadoop.ipc.DefaultRpcScheduler, ipcBackoff: false.
2019-10-04 08:26:20,950 [Socket Reader #1 for port 35817] INFO  ipc.Server (Server.java:run(1074)) - Starting Socket Reader #1 for port 35817
2019-10-04 08:26:20,975 [main] INFO  hdfs.DFSUtil (DFSUtil.java:httpServerTemplateForNNAndJN(1641)) - Starting Web-server for scm at: http://0.0.0.0:0
2019-10-04 08:26:21,179 [main] INFO  server.AuthenticationFilter (AuthenticationFilter.java:constructSecretProvider(240)) - Unable to initialize FileSignerSecretProvider, falling back to use random secrets.
2019-10-04 08:26:21,189 [main] WARN  http.HttpRequestLog (HttpRequestLog.java:getRequestLog(97)) - Jetty request log can only be enabled using Log4j
2019-10-04 08:26:21,199 [main] INFO  http.HttpServer2 (HttpServer2.java:addGlobalFilter(975)) - Added global filter 'safety' (class=org.apache.hadoop.http.HttpServer2$QuotingInputFilter)
2019-10-04 08:26:21,202 [main] INFO  http.HttpServer2 (HttpServer2.java:addFilter(948)) - Added filter static_user_filter (class=org.apache.hadoop.http.lib.StaticUserWebFilter$StaticUserFilter) to context scm
2019-10-04 08:26:21,202 [main] INFO  http.HttpServer2 (HttpServer2.java:addFilter(958)) - Added filter static_user_filter (class=org.apache.hadoop.http.lib.StaticUserWebFilter$StaticUserFilter) to context logs
2019-10-04 08:26:21,202 [main] INFO  http.HttpServer2 (HttpServer2.java:addFilter(958)) - Added filter static_user_filter (class=org.apache.hadoop.http.lib.StaticUserWebFilter$StaticUserFilter) to context static
2019-10-04 08:26:21,235 [main] INFO  server.StorageContainerManager (StorageContainerManager.java:start(770)) - StorageContainerLocationProtocol RPC server is listening at /0.0.0.0:35817
2019-10-04 08:26:21,305 [main] WARN  impl.MetricsConfig (MetricsConfig.java:loadFirst(134)) - Cannot locate configuration: tried hadoop-metrics2-storagecontainermanager.properties,hadoop-metrics2.properties
2019-10-04 08:26:21,320 [main] INFO  impl.MetricsSystemImpl (MetricsSystemImpl.java:startTimer(374)) - Scheduled Metric snapshot period at 10 second(s).
2019-10-04 08:26:21,320 [main] INFO  impl.MetricsSystemImpl (MetricsSystemImpl.java:start(191)) - StorageContainerManager metrics system started
2019-10-04 08:26:21,579 [main] INFO  server.SCMClientProtocolServer (SCMClientProtocolServer.java:start(159)) - RPC server for Client  is listening at /0.0.0.0:35817
2019-10-04 08:26:21,580 [IPC Server Responder] INFO  ipc.Server (Server.java:run(1314)) - IPC Server Responder: starting
2019-10-04 08:26:21,580 [IPC Server listener on 35817] INFO  ipc.Server (Server.java:run(1153)) - IPC Server listener on 35817: starting
2019-10-04 08:26:21,582 [main] INFO  server.StorageContainerManager (StorageContainerManager.java:start(780)) - ScmBlockLocationProtocol RPC server is listening at /0.0.0.0:46317
2019-10-04 08:26:21,583 [main] INFO  server.SCMBlockProtocolServer (SCMBlockProtocolServer.java:start(146)) - RPC server for Block Protocol is listening at /0.0.0.0:46317
2019-10-04 08:26:21,583 [IPC Server Responder] INFO  ipc.Server (Server.java:run(1314)) - IPC Server Responder: starting
2019-10-04 08:26:21,583 [IPC Server listener on 46317] INFO  ipc.Server (Server.java:run(1153)) - IPC Server listener on 46317: starting
2019-10-04 08:26:21,585 [main] INFO  server.StorageContainerManager (StorageContainerManager.java:start(784)) - ScmDatanodeProtocl RPC server is listening at /0.0.0.0:34918
2019-10-04 08:26:21,585 [main] INFO  server.SCMDatanodeProtocolServer (SCMDatanodeProtocolServer.java:start(169)) - RPC server for DataNodes is listening at /0.0.0.0:34918
2019-10-04 08:26:21,586 [IPC Server Responder] INFO  ipc.Server (Server.java:run(1314)) - IPC Server Responder: starting
2019-10-04 08:26:21,586 [IPC Server listener on 34918] INFO  ipc.Server (Server.java:run(1153)) - IPC Server listener on 34918: starting
2019-10-04 08:26:21,590 [main] INFO  http.HttpServer2 (HttpServer2.java:bindListener(1191)) - Jetty bound to port 41039
2019-10-04 08:26:21,591 [main] INFO  server.Server (Server.java:doStart(351)) - jetty-9.3.25.v20180904, build timestamp: 2018-09-04T21:11:46Z, git hash: 3ce520221d0240229c862b122d2b06c12a625732
2019-10-04 08:26:21,628 [main] INFO  handler.ContextHandler (ContextHandler.java:doStart(781)) - Started o.e.j.s.ServletContextHandler@340da44c{/logs,file:///workdir/hadoop-ozone/integration-test/target/log,AVAILABLE}
2019-10-04 08:26:21,629 [main] INFO  handler.ContextHandler (ContextHandler.java:doStart(781)) - Started o.e.j.s.ServletContextHandler@37052337{/static,file:///workdir/hadoop-ozone/integration-test/target/test-classes/webapps/static,AVAILABLE}
2019-10-04 08:26:21,663 [main] INFO  handler.ContextHandler (ContextHandler.java:doStart(781)) - Started o.e.j.w.WebAppContext@3b366632{/,file:///workdir/hadoop-ozone/integration-test/target/test-classes/webapps/scm/,AVAILABLE}{/scm}
2019-10-04 08:26:21,668 [main] INFO  server.AbstractConnector (AbstractConnector.java:doStart(278)) - Started ServerConnector@6815c5f2{HTTP/1.1,[http/1.1]}{0.0.0.0:41039}
2019-10-04 08:26:21,669 [main] INFO  server.Server (Server.java:doStart(419)) - Started @3402ms
2019-10-04 08:26:21,671 [main] INFO  impl.MetricsSinkAdapter (MetricsSinkAdapter.java:start(204)) - Sink prometheus started
2019-10-04 08:26:21,671 [main] INFO  impl.MetricsSystemImpl (MetricsSystemImpl.java:registerSink(301)) - Registered sink prometheus
2019-10-04 08:26:21,672 [main] INFO  server.BaseHttpServer (BaseHttpServer.java:updateConnectorAddress(215)) - HTTP server of SCM is listening at http://0.0.0.0:41039
2019-10-04 08:26:21,679 [org.apache.hadoop.util.JvmPauseMonitor$Monitor@4263b080] INFO  util.JvmPauseMonitor (JvmPauseMonitor.java:run(188)) - Starting JVM pause monitor
2019-10-04 08:26:21,683 [main] WARN  server.ServerUtils (ServerUtils.java:getDBPath(222)) - ozone.om.db.dirs is not configured. We recommend adding this setting. Falling back to ozone.metadata.dirs instead.
2019-10-04 08:26:21,800 [main] INFO  ha.OMHANodeDetails (OMHANodeDetails.java:loadOMHAConfig(190)) - Configuration either no ozone.om.address set. Falling back to the default OM address /127.0.0.1:0
2019-10-04 08:26:21,800 [main] INFO  ha.OMHANodeDetails (OMHANodeDetails.java:getOMNodeDetails(220)) - OM Service ID is not set. Setting it to the default ID: omServiceIdDefault
2019-10-04 08:26:21,802 [main] WARN  server.ServerUtils (ServerUtils.java:getDBPath(222)) - ozone.om.db.dirs is not configured. We recommend adding this setting. Falling back to ozone.metadata.dirs instead.
2019-10-04 08:26:21,802 [main] WARN  server.ServerUtils (ServerUtils.java:getDBPath(222)) - ozone.om.db.dirs is not configured. We recommend adding this setting. Falling back to ozone.metadata.dirs instead.
2019-10-04 08:26:22,503 [main] WARN  server.ServerUtils (ServerUtils.java:getDBPath(222)) - ozone.om.db.dirs is not configured. We recommend adding this setting. Falling back to ozone.metadata.dirs instead.
2019-10-04 08:26:22,511 [main] INFO  db.DBStoreBuilder (DBStoreBuilder.java:addTable(117)) - using custom profile for table: userTable
2019-10-04 08:26:22,511 [main] INFO  db.DBStoreBuilder (DBStoreBuilder.java:processTables(168)) - Using default column profile:DBProfile.DISK for Table:userTable
2019-10-04 08:26:22,512 [main] INFO  db.DBStoreBuilder (DBStoreBuilder.java:addTable(117)) - using custom profile for table: volumeTable
2019-10-04 08:26:22,512 [main] INFO  db.DBStoreBuilder (DBStoreBuilder.java:processTables(168)) - Using default column profile:DBProfile.DISK for Table:volumeTable
2019-10-04 08:26:22,512 [main] INFO  db.DBStoreBuilder (DBStoreBuilder.java:addTable(117)) - using custom profile for table: bucketTable
2019-10-04 08:26:22,512 [main] INFO  db.DBStoreBuilder (DBStoreBuilder.java:processTables(168)) - Using default column profile:DBProfile.DISK for Table:bucketTable
2019-10-04 08:26:22,513 [main] INFO  db.DBStoreBuilder (DBStoreBuilder.java:addTable(117)) - using custom profile for table: keyTable
2019-10-04 08:26:22,513 [main] INFO  db.DBStoreBuilder (DBStoreBuilder.java:processTables(168)) - Using default column profile:DBProfile.DISK for Table:keyTable
2019-10-04 08:26:22,513 [main] INFO  db.DBStoreBuilder (DBStoreBuilder.java:addTable(117)) - using custom profile for table: deletedTable
2019-10-04 08:26:22,513 [main] INFO  db.DBStoreBuilder (DBStoreBuilder.java:processTables(168)) - Using default column profile:DBProfile.DISK for Table:deletedTable
2019-10-04 08:26:22,514 [main] INFO  db.DBStoreBuilder (DBStoreBuilder.java:addTable(117)) - using custom profile for table: openKeyTable
2019-10-04 08:26:22,514 [main] INFO  db.DBStoreBuilder (DBStoreBuilder.java:processTables(168)) - Using default column profile:DBProfile.DISK for Table:openKeyTable
2019-10-04 08:26:22,514 [main] INFO  db.DBStoreBuilder (DBStoreBuilder.java:addTable(117)) - using custom profile for table: s3Table
2019-10-04 08:26:22,514 [main] INFO  db.DBStoreBuilder (DBStoreBuilder.java:processTables(168)) - Using default column profile:DBProfile.DISK for Table:s3Table
2019-10-04 08:26:22,515 [main] INFO  db.DBStoreBuilder (DBStoreBuilder.java:addTable(117)) - using custom profile for table: multipartInfoTable
2019-10-04 08:26:22,515 [main] INFO  db.DBStoreBuilder (DBStoreBuilder.java:processTables(168)) - Using default column profile:DBProfile.DISK for Table:multipartInfoTable
2019-10-04 08:26:22,515 [main] INFO  db.DBStoreBuilder (DBStoreBuilder.java:addTable(117)) - using custom profile for table: dTokenTable
2019-10-04 08:26:22,515 [main] INFO  db.DBStoreBuilder (DBStoreBuilder.java:processTables(168)) - Using default column profile:DBProfile.DISK for Table:dTokenTable
2019-10-04 08:26:22,516 [main] INFO  db.DBStoreBuilder (DBStoreBuilder.java:addTable(117)) - using custom profile for table: s3SecretTable
2019-10-04 08:26:22,516 [main] INFO  db.DBStoreBuilder (DBStoreBuilder.java:processTables(168)) - Using default column profile:DBProfile.DISK for Table:s3SecretTable
2019-10-04 08:26:22,516 [main] INFO  db.DBStoreBuilder (DBStoreBuilder.java:addTable(117)) - using custom profile for table: prefixTable
2019-10-04 08:26:22,516 [main] INFO  db.DBStoreBuilder (DBStoreBuilder.java:processTables(168)) - Using default column profile:DBProfile.DISK for Table:prefixTable
2019-10-04 08:26:22,517 [main] INFO  db.DBStoreBuilder (DBStoreBuilder.java:addTable(117)) - using custom profile for table: default
2019-10-04 08:26:22,517 [main] INFO  db.DBStoreBuilder (DBStoreBuilder.java:processTables(174)) - Using default column profile:DBProfile.DISK for Table:default
2019-10-04 08:26:22,517 [main] INFO  db.DBStoreBuilder (DBStoreBuilder.java:getDbProfile(205)) - Using default options. DBProfile.DISK
2019-10-04 08:26:23,319 [KeyDeletingService#0] WARN  utils.BackgroundService (BackgroundService.java:lambda$run$0(135)) - Background task fails to execute, retrying in next interval
java.util.concurrent.ExecutionException: java.lang.NullPointerException
	at java.util.concurrent.FutureTask.report(FutureTask.java:122)
	at java.util.concurrent.FutureTask.get(FutureTask.java:206)
	at org.apache.hadoop.hdds.utils.BackgroundService$PeriodicalTask.lambda$run$0(BackgroundService.java:129)
	at java.util.stream.ForEachOps$ForEachOp$OfRef.accept(ForEachOps.java:184)
	at java.util.ArrayList$ArrayListSpliterator.forEachRemaining(ArrayList.java:1382)
	at java.util.stream.AbstractPipeline.copyInto(AbstractPipeline.java:482)
	at java.util.stream.ForEachOps$ForEachTask.compute(ForEachOps.java:291)
	at java.util.concurrent.CountedCompleter.exec(CountedCompleter.java:731)
	at java.util.concurrent.ForkJoinTask.doExec(ForkJoinTask.java:289)
	at java.util.concurrent.ForkJoinTask.doInvoke(ForkJoinTask.java:401)
	at java.util.concurrent.ForkJoinTask.invoke(ForkJoinTask.java:734)
	at java.util.stream.ForEachOps$ForEachOp.evaluateParallel(ForEachOps.java:160)
	at java.util.stream.ForEachOps$ForEachOp$OfRef.evaluateParallel(ForEachOps.java:174)
	at java.util.stream.AbstractPipeline.evaluate(AbstractPipeline.java:233)
	at java.util.stream.ReferencePipeline.forEach(ReferencePipeline.java:418)
	at java.util.stream.ReferencePipeline$Head.forEach(ReferencePipeline.java:583)
	at org.apache.hadoop.hdds.utils.BackgroundService$PeriodicalTask.run(BackgroundService.java:125)
	at java.util.concurrent.Executors$RunnableAdapter.call(Executors.java:511)
	at java.util.concurrent.FutureTask.runAndReset(FutureTask.java:308)
	at java.util.concurrent.ScheduledThreadPoolExecutor$ScheduledFutureTask.access$301(ScheduledThreadPoolExecutor.java:180)
	at java.util.concurrent.ScheduledThreadPoolExecutor$ScheduledFutureTask.run(ScheduledThreadPoolExecutor.java:294)
	at java.util.concurrent.ThreadPoolExecutor.runWorker(ThreadPoolExecutor.java:1149)
	at java.util.concurrent.ThreadPoolExecutor$Worker.run(ThreadPoolExecutor.java:624)
	at java.lang.Thread.run(Thread.java:748)
Caused by: java.lang.NullPointerException
	at org.apache.hadoop.ozone.om.OzoneManager.isLeader(OzoneManager.java:3256)
	at org.apache.hadoop.ozone.om.KeyDeletingService.shouldRun(KeyDeletingService.java:120)
	at org.apache.hadoop.ozone.om.KeyDeletingService.access$100(KeyDeletingService.java:58)
	at org.apache.hadoop.ozone.om.KeyDeletingService$KeyDeletingTask.call(KeyDeletingService.java:149)
	at org.apache.hadoop.ozone.om.KeyDeletingService$KeyDeletingTask.call(KeyDeletingService.java:137)
	at java.util.concurrent.FutureTask.run(FutureTask.java:266)
	at java.util.concurrent.Executors$RunnableAdapter.call(Executors.java:511)
	at java.util.concurrent.FutureTask.run(FutureTask.java:266)
	at java.util.concurrent.Executors$RunnableAdapter.call(Executors.java:511)
	at java.util.concurrent.FutureTask.run(FutureTask.java:266)
	at java.util.concurrent.ScheduledThreadPoolExecutor$ScheduledFutureTask.access$201(ScheduledThreadPoolExecutor.java:180)
	at java.util.concurrent.ScheduledThreadPoolExecutor$ScheduledFutureTask.run(ScheduledThreadPoolExecutor.java:293)
	... 3 more
2019-10-04 08:26:23,355 [main] WARN  scm.HddsServerUtil (HddsServerUtil.java:getDefaultRatisDirectory(354)) - Storage directory for Ratis is not configured. It is a good idea to map this to an SSD disk. Falling back to ozone.metadata.dirs
2019-10-04 08:26:23,383 [main] INFO  ratis.OzoneManagerRatisServer (OzoneManagerRatisServer.java:<init>(241)) - Instantiating OM Ratis server with GroupID: omServiceIdDefault and Raft Peers: localhost:9872
2019-10-04 08:26:23,572 [main] INFO  impl.RaftServerProxy (ConfUtils.java:logGet(43)) - raft.rpc.type = GRPC (default)
2019-10-04 08:26:23,647 [main] INFO  grpc.GrpcFactory (GrpcFactory.java:checkPooledByteBufAllocatorUseCacheForAllThreads(45)) - PERFORMANCE WARNING: useCacheForAllThreads is true that may cause Netty to create a lot garbage objects and, as a result, trigger GC.
	It is recommended to disable useCacheForAllThreads by setting -Dorg.apache.ratis.thirdparty.io.netty.allocator.useCacheForAllThreads=false in command line.
2019-10-04 08:26:23,652 [main] INFO  grpc.GrpcConfigKeys$Server (ConfUtils.java:logGet(43)) - raft.grpc.server.port = 9872 (custom)
2019-10-04 08:26:23,653 [main] INFO  server.GrpcService (ConfUtils.java:logGet(43)) - raft.grpc.message.size.max = 33554432 (custom)
2019-10-04 08:26:23,654 [main] INFO  server.RaftServerConfigKeys (ConfUtils.java:logGet(43)) - raft.server.log.appender.buffer.byte-limit = 33554432 (custom)
2019-10-04 08:26:23,655 [main] INFO  server.GrpcService (ConfUtils.java:logGet(43)) - raft.grpc.flow.control.window = 1MB (=1048576) (default)
2019-10-04 08:26:23,656 [main] INFO  server.RaftServerConfigKeys (ConfUtils.java:logGet(43)) - raft.server.rpc.request.timeout = 3000ms (default)
2019-10-04 08:26:23,822 [main] INFO  server.RaftServerConfigKeys (ConfUtils.java:logGet(43)) - raft.server.storage.dir = [/workdir/hadoop-ozone/integration-test/target/test-dir/MiniOzoneClusterImpl-4b226998-9ff7-4298-85da-a0b229337445/ozone-meta/ratis] (custom)
2019-10-04 08:26:23,828 [main] INFO  impl.RaftServerProxy (RaftServerProxy.java:addNew(89)) - 834476d8-e889-4d19-8793-a7e543e1d983: addNew group-C5BA1605619E:[834476d8-e889-4d19-8793-a7e543e1d983:localhost:9872] returns group-C5BA1605619E:java.util.concurrent.CompletableFuture@4c48fe92[Not completed]
2019-10-04 08:26:23,830 [main] INFO  om.OzoneManager (OzoneManager.java:initializeRatisServer(1215)) - OzoneManager Ratis server initialized at port 9872
2019-10-04 08:26:23,833 [main] WARN  scm.HddsServerUtil (HddsServerUtil.java:getDefaultRatisDirectory(354)) - Storage directory for Ratis is not configured. It is a good idea to map this to an SSD disk. Falling back to ozone.metadata.dirs
2019-10-04 08:26:23,834 [main] WARN  scm.HddsServerUtil (HddsServerUtil.java:getDefaultRatisDirectory(354)) - Storage directory for Ratis is not configured. It is a good idea to map this to an SSD disk. Falling back to ozone.metadata.dirs
2019-10-04 08:26:23,850 [pool-22-thread-1] INFO  impl.RaftServerImpl (RaftServerImpl.java:<init>(95)) - 834476d8-e889-4d19-8793-a7e543e1d983: new RaftServerImpl for group-C5BA1605619E:[834476d8-e889-4d19-8793-a7e543e1d983:localhost:9872] with OzoneManagerStateMachine:uninitialized
2019-10-04 08:26:23,850 [main] INFO  ipc.CallQueueManager (CallQueueManager.java:<init>(84)) - Using callQueue: class java.util.concurrent.LinkedBlockingQueue, queueCapacity: 2000, scheduler: class org.apache.hadoop.ipc.DefaultRpcScheduler, ipcBackoff: false.
2019-10-04 08:26:23,851 [Socket Reader #1 for port 42986] INFO  ipc.Server (Server.java:run(1074)) - Starting Socket Reader #1 for port 42986
2019-10-04 08:26:23,853 [pool-22-thread-1] INFO  server.RaftServerConfigKeys (ConfUtils.java:logGet(43)) - raft.server.rpc.timeout.min = 1s (custom)
2019-10-04 08:26:23,854 [pool-22-thread-1] INFO  server.RaftServerConfigKeys (ConfUtils.java:logGet(43)) - raft.server.rpc.timeout.max = 1200ms (custom)
2019-10-04 08:26:23,854 [pool-22-thread-1] INFO  server.RaftServerConfigKeys (ConfUtils.java:logGet(43)) - raft.server.rpcslowness.timeout = 120s (custom)
2019-10-04 08:26:23,856 [pool-22-thread-1] INFO  server.RaftServerConfigKeys (ConfUtils.java:logGet(43)) - raft.server.sleep.deviation.threshold = 300 (default)
2019-10-04 08:26:23,857 [pool-22-thread-1] INFO  server.RaftServerConfigKeys (ConfUtils.java:logGet(43)) - raft.server.log.appender.install.snapshot.enabled = false (custom)
2019-10-04 08:26:23,870 [pool-22-thread-1] INFO  impl.RaftServerImpl (ServerState.java:<init>(103)) - 834476d8-e889-4d19-8793-a7e543e1d983@group-C5BA1605619E: ConfigurationManager, init=-1: [834476d8-e889-4d19-8793-a7e543e1d983:localhost:9872], old=null, confs=<EMPTY_MAP>
2019-10-04 08:26:23,871 [pool-22-thread-1] INFO  server.RaftServerConfigKeys (ConfUtils.java:logGet(43)) - raft.server.storage.dir = [/workdir/hadoop-ozone/integration-test/target/test-dir/MiniOzoneClusterImpl-4b226998-9ff7-4298-85da-a0b229337445/ozone-meta/ratis] (custom)
2019-10-04 08:26:23,873 [main] INFO  om.OzoneManager (OzoneManager.java:start(1069)) - OzoneManager RPC server is listening at localhost/127.0.0.1:42986
2019-10-04 08:26:23,874 [main] INFO  impl.MetricsSystemImpl (MetricsSystemImpl.java:init(158)) - OzoneManager metrics system started (again)
2019-10-04 08:26:23,874 [main] INFO  ratis.OzoneManagerRatisServer (OzoneManagerRatisServer.java:start(331)) - Starting OzoneManagerRatisServer 834476d8-e889-4d19-8793-a7e543e1d983 at port 9872
2019-10-04 08:26:23,886 [pool-22-thread-1] INFO  server.RaftServerConfigKeys (ConfUtils.java:logGet(43)) - raft.server.log.corruption.policy = EXCEPTION (default)
2019-10-04 08:26:23,887 [pool-22-thread-1] INFO  storage.RaftStorageDirectory (RaftStorageDirectory.java:analyzeStorage(246)) - The storage directory /workdir/hadoop-ozone/integration-test/target/test-dir/MiniOzoneClusterImpl-4b226998-9ff7-4298-85da-a0b229337445/ozone-meta/ratis/bf265839-605b-3f16-9796-c5ba1605619e does not exist. Creating ...
2019-10-04 08:26:23,913 [pool-22-thread-1] INFO  storage.RaftStorageDirectory (RaftStorageDirectory.java:tryLock(328)) - Lock on /workdir/hadoop-ozone/integration-test/target/test-dir/MiniOzoneClusterImpl-4b226998-9ff7-4298-85da-a0b229337445/ozone-meta/ratis/bf265839-605b-3f16-9796-c5ba1605619e/in_use.lock acquired by nodename 29219@pr-hdds-2230-99mx8-1595754997
2019-10-04 08:26:23,929 [pool-22-thread-1] INFO  storage.RaftStorage (RaftStorage.java:format(84)) - Storage directory /workdir/hadoop-ozone/integration-test/target/test-dir/MiniOzoneClusterImpl-4b226998-9ff7-4298-85da-a0b229337445/ozone-meta/ratis/bf265839-605b-3f16-9796-c5ba1605619e has been successfully formatted.
2019-10-04 08:26:23,932 [pool-22-thread-1] INFO  server.RaftServerConfigKeys (ConfUtils.java:logGet(43)) - raft.server.notification.no-leader.timeout = 120s (custom)
2019-10-04 08:26:23,936 [pool-22-thread-1] INFO  server.RaftServerConfigKeys (ConfUtils.java:logGet(43)) - raft.server.log.use.memory = false (default)
2019-10-04 08:26:23,942 [pool-22-thread-1] INFO  server.RaftServerConfigKeys (ConfUtils.java:logGet(43)) - raft.server.log.purge.gap = 1000000 (custom)
2019-10-04 08:26:23,942 [pool-22-thread-1] INFO  server.RaftServerConfigKeys (ConfUtils.java:logGet(43)) - raft.server.log.appender.buffer.byte-limit = 33554432 (custom)
2019-10-04 08:26:23,945 [pool-22-thread-1] INFO  server.RaftServerConfigKeys (ConfUtils.java:logGet(43)) - raft.server.log.segment.size.max = 16384 (custom)
2019-10-04 08:26:23,946 [pool-22-thread-1] INFO  impl.MetricsSystemImpl (MetricsSystemImpl.java:init(158)) - ratis metrics system started (again)
2019-10-04 08:26:23,950 [pool-22-thread-1] INFO  metrics.MetricRegistries (MetricRegistriesLoader.java:load(64)) - Loaded MetricRegistries class org.apache.ratis.metrics.impl.MetricRegistriesImpl
2019-10-04 08:26:23,986 [pool-22-thread-1] INFO  server.RaftServerConfigKeys (ConfUtils.java:logGet(43)) - raft.server.log.segment.cache.num.max = 2 (custom)
2019-10-04 08:26:23,991 [pool-22-thread-1] INFO  segmented.SegmentedRaftLogWorker (SegmentedRaftLogWorker.java:<init>(173)) - new 834476d8-e889-4d19-8793-a7e543e1d983@group-C5BA1605619E-SegmentedRaftLogWorker for RaftStorage:Storage Directory /workdir/hadoop-ozone/integration-test/target/test-dir/MiniOzoneClusterImpl-4b226998-9ff7-4298-85da-a0b229337445/ozone-meta/ratis/bf265839-605b-3f16-9796-c5ba1605619e
2019-10-04 08:26:23,991 [pool-22-thread-1] INFO  server.RaftServerConfigKeys (ConfUtils.java:logGet(43)) - raft.server.log.queue.byte-limit = 64MB (=67108864) (default)
2019-10-04 08:26:23,992 [pool-22-thread-1] INFO  server.RaftServerConfigKeys (ConfUtils.java:logGet(43)) - raft.server.log.queue.element-limit = 4096 (default)
2019-10-04 08:26:23,993 [pool-22-thread-1] INFO  server.RaftServerConfigKeys (ConfUtils.java:logGet(43)) - raft.server.log.segment.size.max = 16384 (custom)
2019-10-04 08:26:23,993 [pool-22-thread-1] INFO  server.RaftServerConfigKeys (ConfUtils.java:logGet(43)) - raft.server.log.preallocated.size = 16384 (custom)
2019-10-04 08:26:23,994 [pool-22-thread-1] INFO  server.RaftServerConfigKeys (ConfUtils.java:logGet(43)) - raft.server.log.write.buffer.size = 64KB (=65536) (default)
2019-10-04 08:26:23,994 [pool-22-thread-1] INFO  server.RaftServerConfigKeys (ConfUtils.java:logGet(43)) - raft.server.log.force.sync.num = 128 (default)
2019-10-04 08:26:23,996 [pool-22-thread-1] INFO  server.RaftServerConfigKeys (ConfUtils.java:logGet(43)) - raft.server.log.statemachine.data.sync = true (default)
2019-10-04 08:26:23,996 [pool-22-thread-1] INFO  server.RaftServerConfigKeys (ConfUtils.java:logGet(43)) - raft.server.log.statemachine.data.sync.timeout = 10s (default)
2019-10-04 08:26:23,996 [pool-22-thread-1] INFO  server.RaftServerConfigKeys (ConfUtils.java:logGet(43)) - raft.server.log.statemachine.data.sync.timeout.retry = -1 (default)
2019-10-04 08:26:24,007 [pool-22-thread-1] INFO  server.RaftServerConfigKeys (ConfUtils.java:logGet(43)) - raft.server.log.statemachine.data.caching.enabled = false (default)
2019-10-04 08:26:24,011 [pool-22-thread-1] INFO  segmented.SegmentedRaftLogWorker (SegmentedRaftLogWorker.java:lambda$new$0(128)) - 834476d8-e889-4d19-8793-a7e543e1d983@group-C5BA1605619E-SegmentedRaftLogWorker: flushIndex: setUnconditionally 0 -> -1
2019-10-04 08:26:24,015 [pool-22-thread-1] INFO  server.RaftServerConfigKeys (ConfUtils.java:logGet(43)) - raft.server.snapshot.auto.trigger.enabled = true (custom)
2019-10-04 08:26:24,016 [pool-22-thread-1] INFO  server.RaftServerConfigKeys (ConfUtils.java:logGet(43)) - raft.server.snapshot.auto.trigger.threshold = 400000 (default)
2019-10-04 08:26:24,017 [pool-22-thread-1] INFO  server.RaftServerConfigKeys (ConfUtils.java:logGet(43)) - raft.server.snapshot.retention.file.num = -1 (default)
2019-10-04 08:26:24,017 [pool-22-thread-1] INFO  server.RaftServerConfigKeys (ConfUtils.java:logGet(43)) - raft.server.retrycache.expirytime = 600000ms (custom)
2019-10-04 08:26:24,045 [main] INFO  impl.RaftServerImpl (RaftServerImpl.java:start(181)) - 834476d8-e889-4d19-8793-a7e543e1d983@group-C5BA1605619E: start as a follower, conf=-1: [834476d8-e889-4d19-8793-a7e543e1d983:localhost:9872], old=null
2019-10-04 08:26:24,048 [main] INFO  impl.RaftServerImpl (RaftServerImpl.java:setRole(170)) - 834476d8-e889-4d19-8793-a7e543e1d983@group-C5BA1605619E: changes role from      null to FOLLOWER at term 0 for startAsFollower
2019-10-04 08:26:24,050 [main] INFO  impl.RoleInfo (RoleInfo.java:updateAndGet(143)) - 834476d8-e889-4d19-8793-a7e543e1d983: start FollowerState
2019-10-04 08:26:24,054 [main] INFO  util.JmxRegister (JmxRegister.java:tryRegister(44)) - Successfully registered JMX Bean with object name Ratis:service=RaftServer,group=group-C5BA1605619E,id=834476d8-e889-4d19-8793-a7e543e1d983
2019-10-04 08:26:24,074 [main] INFO  impl.RaftServerProxy (RaftServerProxy.java:lambda$start$3(299)) - 834476d8-e889-4d19-8793-a7e543e1d983: start RPC server
2019-10-04 08:26:24,179 [main] INFO  server.GrpcService (GrpcService.java:startImpl(158)) - 834476d8-e889-4d19-8793-a7e543e1d983: GrpcService started, listening on 0.0.0.0/0.0.0.0:9872
2019-10-04 08:26:24,191 [IPC Server Responder] INFO  ipc.Server (Server.java:run(1314)) - IPC Server Responder: starting
2019-10-04 08:26:24,192 [IPC Server listener on 42986] INFO  ipc.Server (Server.java:run(1153)) - IPC Server listener on 42986: starting
2019-10-04 08:26:24,197 [main] INFO  hdfs.DFSUtil (DFSUtil.java:httpServerTemplateForNNAndJN(1641)) - Starting Web-server for ozoneManager at: http://0.0.0.0:0
2019-10-04 08:26:24,200 [main] INFO  server.AuthenticationFilter (AuthenticationFilter.java:constructSecretProvider(240)) - Unable to initialize FileSignerSecretProvider, falling back to use random secrets.
2019-10-04 08:26:24,201 [main] WARN  http.HttpRequestLog (HttpRequestLog.java:getRequestLog(97)) - Jetty request log can only be enabled using Log4j
2019-10-04 08:26:24,204 [main] INFO  http.HttpServer2 (HttpServer2.java:addGlobalFilter(975)) - Added global filter 'safety' (class=org.apache.hadoop.http.HttpServer2$QuotingInputFilter)
2019-10-04 08:26:24,205 [main] INFO  http.HttpServer2 (HttpServer2.java:addFilter(948)) - Added filter static_user_filter (class=org.apache.hadoop.http.lib.StaticUserWebFilter$StaticUserFilter) to context ozoneManager
2019-10-04 08:26:24,205 [main] INFO  http.HttpServer2 (HttpServer2.java:addFilter(958)) - Added filter static_user_filter (class=org.apache.hadoop.http.lib.StaticUserWebFilter$StaticUserFilter) to context static
2019-10-04 08:26:24,206 [main] INFO  http.HttpServer2 (HttpServer2.java:addFilter(958)) - Added filter static_user_filter (class=org.apache.hadoop.http.lib.StaticUserWebFilter$StaticUserFilter) to context logs
2019-10-04 08:26:24,209 [main] INFO  http.HttpServer2 (HttpServer2.java:bindListener(1191)) - Jetty bound to port 33562
2019-10-04 08:26:24,209 [main] INFO  server.Server (Server.java:doStart(351)) - jetty-9.3.25.v20180904, build timestamp: 2018-09-04T21:11:46Z, git hash: 3ce520221d0240229c862b122d2b06c12a625732
2019-10-04 08:26:24,212 [main] INFO  handler.ContextHandler (ContextHandler.java:doStart(781)) - Started o.e.j.s.ServletContextHandler@3cbf1ba4{/logs,file:///workdir/hadoop-ozone/integration-test/target/log,AVAILABLE}
2019-10-04 08:26:24,212 [main] INFO  handler.ContextHandler (ContextHandler.java:doStart(781)) - Started o.e.j.s.ServletContextHandler@7e2c64{/static,file:///workdir/hadoop-ozone/integration-test/target/test-classes/webapps/static,AVAILABLE}
2019-10-04 08:26:24,219 [main] INFO  handler.ContextHandler (ContextHandler.java:doStart(781)) - Started o.e.j.w.WebAppContext@45e1aa48{/,file:///workdir/hadoop-ozone/integration-test/target/test-classes/webapps/ozoneManager/,AVAILABLE}{/ozoneManager}
2019-10-04 08:26:24,221 [main] INFO  server.AbstractConnector (AbstractConnector.java:doStart(278)) - Started ServerConnector@12c60152{HTTP/1.1,[http/1.1]}{0.0.0.0:33562}
2019-10-04 08:26:24,222 [main] INFO  server.Server (Server.java:doStart(419)) - Started @5955ms
2019-10-04 08:26:24,222 [main] WARN  impl.MetricsSystemImpl (MetricsSystemImpl.java:register(276)) - Sink prometheus already exists!
2019-10-04 08:26:24,223 [main] INFO  server.BaseHttpServer (BaseHttpServer.java:updateConnectorAddress(215)) - HTTP server of OZONEMANAGER is listening at http://0.0.0.0:33562
2019-10-04 08:26:24,384 [main] INFO  impl.MetricsSystemImpl (MetricsSystemImpl.java:init(158)) - HddsDatanode metrics system started (again)
2019-10-04 08:26:24,442 [main] INFO  ozone.HddsDatanodeService (HddsDatanodeService.java:start(184)) - HddsDatanodeService host:pr-hdds-2230-99mx8-1595754997 ip:192.168.30.44
2019-10-04 08:26:24,482 [main] INFO  volume.HddsVolume (HddsVolume.java:<init>(176)) - Creating Volume: /workdir/hadoop-ozone/integration-test/target/test-dir/MiniOzoneClusterImpl-4b226998-9ff7-4298-85da-a0b229337445/datanode-0/data/containers/hdds of  storage type : DISK and capacity : 1482555576320
2019-10-04 08:26:24,485 [main] INFO  volume.VolumeSet (VolumeSet.java:initializeVolumeSet(170)) - Added Volume : /workdir/hadoop-ozone/integration-test/target/test-dir/MiniOzoneClusterImpl-4b226998-9ff7-4298-85da-a0b229337445/datanode-0/data/containers/hdds to VolumeSet
2019-10-04 08:26:24,489 [main] INFO  volume.ThrottledAsyncChecker (ThrottledAsyncChecker.java:schedule(139)) - Scheduling a check for org.apache.hadoop.ozone.container.common.volume.HddsVolume@524a076e
2019-10-04 08:26:24,508 [main] INFO  volume.HddsVolumeChecker (HddsVolumeChecker.java:checkAllVolumes(202)) - Scheduled health check for volume org.apache.hadoop.ozone.container.common.volume.HddsVolume@524a076e
2019-10-04 08:26:24,563 [main] INFO  impl.RaftServerProxy (ConfUtils.java:logGet(43)) - raft.rpc.type = GRPC (default)
2019-10-04 08:26:24,563 [main] INFO  grpc.GrpcFactory (GrpcFactory.java:checkPooledByteBufAllocatorUseCacheForAllThreads(45)) - PERFORMANCE WARNING: useCacheForAllThreads is true that may cause Netty to create a lot garbage objects and, as a result, trigger GC.
	It is recommended to disable useCacheForAllThreads by setting -Dorg.apache.ratis.thirdparty.io.netty.allocator.useCacheForAllThreads=false in command line.
2019-10-04 08:26:24,563 [main] INFO  grpc.GrpcConfigKeys$Server (ConfUtils.java:logGet(43)) - raft.grpc.server.port = 0 (default)
2019-10-04 08:26:24,564 [main] INFO  server.GrpcService (ConfUtils.java:logGet(43)) - raft.grpc.message.size.max = 33570816 (custom)
2019-10-04 08:26:24,564 [main] INFO  server.RaftServerConfigKeys (ConfUtils.java:logGet(43)) - raft.server.log.appender.buffer.byte-limit = 33554432 (custom)
2019-10-04 08:26:24,564 [main] INFO  server.GrpcService (ConfUtils.java:logGet(43)) - raft.grpc.flow.control.window = 1MB (=1048576) (default)
2019-10-04 08:26:24,565 [main] INFO  server.RaftServerConfigKeys (ConfUtils.java:logGet(43)) - raft.server.rpc.request.timeout = 3000ms (default)
2019-10-04 08:26:24,566 [main] INFO  server.RaftServerConfigKeys (ConfUtils.java:logGet(43)) - raft.server.storage.dir = [/workdir/hadoop-ozone/integration-test/target/test-dir/MiniOzoneClusterImpl-4b226998-9ff7-4298-85da-a0b229337445/datanode-0/data/ratis] (custom)
2019-10-04 08:26:24,619 [main] INFO  hdfs.DFSUtil (DFSUtil.java:httpServerTemplateForNNAndJN(1641)) - Starting Web-server for hddsDatanode at: http://0.0.0.0:0
2019-10-04 08:26:24,621 [main] INFO  server.AuthenticationFilter (AuthenticationFilter.java:constructSecretProvider(240)) - Unable to initialize FileSignerSecretProvider, falling back to use random secrets.
2019-10-04 08:26:24,622 [main] WARN  http.HttpRequestLog (HttpRequestLog.java:getRequestLog(97)) - Jetty request log can only be enabled using Log4j
2019-10-04 08:26:24,624 [main] INFO  http.HttpServer2 (HttpServer2.java:addGlobalFilter(975)) - Added global filter 'safety' (class=org.apache.hadoop.http.HttpServer2$QuotingInputFilter)
2019-10-04 08:26:24,625 [main] INFO  http.HttpServer2 (HttpServer2.java:addFilter(948)) - Added filter static_user_filter (class=org.apache.hadoop.http.lib.StaticUserWebFilter$StaticUserFilter) to context hddsDatanode
2019-10-04 08:26:24,626 [main] INFO  http.HttpServer2 (HttpServer2.java:addFilter(958)) - Added filter static_user_filter (class=org.apache.hadoop.http.lib.StaticUserWebFilter$StaticUserFilter) to context static
2019-10-04 08:26:24,626 [main] INFO  http.HttpServer2 (HttpServer2.java:addFilter(958)) - Added filter static_user_filter (class=org.apache.hadoop.http.lib.StaticUserWebFilter$StaticUserFilter) to context logs
2019-10-04 08:26:24,627 [main] INFO  http.HttpServer2 (HttpServer2.java:bindListener(1191)) - Jetty bound to port 35927
2019-10-04 08:26:24,627 [main] INFO  server.Server (Server.java:doStart(351)) - jetty-9.3.25.v20180904, build timestamp: 2018-09-04T21:11:46Z, git hash: 3ce520221d0240229c862b122d2b06c12a625732
2019-10-04 08:26:24,630 [main] INFO  handler.ContextHandler (ContextHandler.java:doStart(781)) - Started o.e.j.s.ServletContextHandler@12704e15{/logs,file:///workdir/hadoop-ozone/integration-test/target/log,AVAILABLE}
2019-10-04 08:26:24,631 [main] INFO  handler.ContextHandler (ContextHandler.java:doStart(781)) - Started o.e.j.s.ServletContextHandler@6f1a16fe{/static,jar:file:/home/user/.m2/repository/org/apache/hadoop/hadoop-hdds-container-service/0.5.0-SNAPSHOT/hadoop-hdds-container-service-0.5.0-SNAPSHOT.jar!/webapps/static,AVAILABLE}
2019-10-04 08:26:24,686 [main] INFO  handler.ContextHandler (ContextHandler.java:doStart(781)) - Started o.e.j.w.WebAppContext@136965e3{/,file:///tmp/jetty-0.0.0.0-35927-hddsDatanode-_-any-2872053471531402368.dir/webapp/,AVAILABLE}{/hddsDatanode}
2019-10-04 08:26:24,688 [main] INFO  server.AbstractConnector (AbstractConnector.java:doStart(278)) - Started ServerConnector@53c6f96d{HTTP/1.1,[http/1.1]}{0.0.0.0:35927}
2019-10-04 08:26:24,690 [main] INFO  server.Server (Server.java:doStart(419)) - Started @6422ms
2019-10-04 08:26:24,690 [main] WARN  impl.MetricsSystemImpl (MetricsSystemImpl.java:register(276)) - Sink prometheus already exists!
2019-10-04 08:26:24,692 [main] INFO  server.BaseHttpServer (BaseHttpServer.java:updateConnectorAddress(215)) - HTTP server of HDDSDATANODE is listening at http://0.0.0.0:35927
2019-10-04 08:26:24,694 [main] INFO  impl.MetricsSystemImpl (MetricsSystemImpl.java:init(158)) - HddsDatanode metrics system started (again)
2019-10-04 08:26:24,698 [main] INFO  ozone.HddsDatanodeService (HddsDatanodeService.java:start(184)) - HddsDatanodeService host:pr-hdds-2230-99mx8-1595754997 ip:192.168.30.44
2019-10-04 08:26:24,699 [org.apache.hadoop.util.JvmPauseMonitor$Monitor@5ed4c0ba] INFO  util.JvmPauseMonitor (JvmPauseMonitor.java:run(188)) - Starting JVM pause monitor
2019-10-04 08:26:24,711 [main] INFO  volume.HddsVolume (HddsVolume.java:<init>(176)) - Creating Volume: /workdir/hadoop-ozone/integration-test/target/test-dir/MiniOzoneClusterImpl-4b226998-9ff7-4298-85da-a0b229337445/datanode-1/data/containers/hdds of  storage type : DISK and capacity : 1482555576320
2019-10-04 08:26:24,713 [main] INFO  volume.VolumeSet (VolumeSet.java:initializeVolumeSet(170)) - Added Volume : /workdir/hadoop-ozone/integration-test/target/test-dir/MiniOzoneClusterImpl-4b226998-9ff7-4298-85da-a0b229337445/datanode-1/data/containers/hdds to VolumeSet
2019-10-04 08:26:24,713 [main] INFO  volume.ThrottledAsyncChecker (ThrottledAsyncChecker.java:schedule(139)) - Scheduling a check for org.apache.hadoop.ozone.container.common.volume.HddsVolume@4a2929a4
2019-10-04 08:26:24,714 [main] INFO  volume.HddsVolumeChecker (HddsVolumeChecker.java:checkAllVolumes(202)) - Scheduled health check for volume org.apache.hadoop.ozone.container.common.volume.HddsVolume@4a2929a4
2019-10-04 08:26:24,735 [main] INFO  impl.RaftServerProxy (ConfUtils.java:logGet(43)) - raft.rpc.type = GRPC (default)
2019-10-04 08:26:24,735 [main] INFO  grpc.GrpcFactory (GrpcFactory.java:checkPooledByteBufAllocatorUseCacheForAllThreads(45)) - PERFORMANCE WARNING: useCacheForAllThreads is true that may cause Netty to create a lot garbage objects and, as a result, trigger GC.
	It is recommended to disable useCacheForAllThreads by setting -Dorg.apache.ratis.thirdparty.io.netty.allocator.useCacheForAllThreads=false in command line.
2019-10-04 08:26:24,735 [main] INFO  grpc.GrpcConfigKeys$Server (ConfUtils.java:logGet(43)) - raft.grpc.server.port = 0 (default)
2019-10-04 08:26:24,736 [main] INFO  server.GrpcService (ConfUtils.java:logGet(43)) - raft.grpc.message.size.max = 33570816 (custom)
2019-10-04 08:26:24,736 [main] INFO  server.RaftServerConfigKeys (ConfUtils.java:logGet(43)) - raft.server.log.appender.buffer.byte-limit = 33554432 (custom)
2019-10-04 08:26:24,736 [main] INFO  server.GrpcService (ConfUtils.java:logGet(43)) - raft.grpc.flow.control.window = 1MB (=1048576) (default)
2019-10-04 08:26:24,737 [main] INFO  server.RaftServerConfigKeys (ConfUtils.java:logGet(43)) - raft.server.rpc.request.timeout = 3000ms (default)
2019-10-04 08:26:24,738 [main] INFO  server.RaftServerConfigKeys (ConfUtils.java:logGet(43)) - raft.server.storage.dir = [/workdir/hadoop-ozone/integration-test/target/test-dir/MiniOzoneClusterImpl-4b226998-9ff7-4298-85da-a0b229337445/datanode-1/data/ratis] (custom)
2019-10-04 08:26:24,740 [main] INFO  hdfs.DFSUtil (DFSUtil.java:httpServerTemplateForNNAndJN(1641)) - Starting Web-server for hddsDatanode at: http://0.0.0.0:0
2019-10-04 08:26:24,742 [main] INFO  server.AuthenticationFilter (AuthenticationFilter.java:constructSecretProvider(240)) - Unable to initialize FileSignerSecretProvider, falling back to use random secrets.
2019-10-04 08:26:24,742 [main] WARN  http.HttpRequestLog (HttpRequestLog.java:getRequestLog(97)) - Jetty request log can only be enabled using Log4j
2019-10-04 08:26:24,744 [main] INFO  http.HttpServer2 (HttpServer2.java:addGlobalFilter(975)) - Added global filter 'safety' (class=org.apache.hadoop.http.HttpServer2$QuotingInputFilter)
2019-10-04 08:26:24,745 [main] INFO  http.HttpServer2 (HttpServer2.java:addFilter(948)) - Added filter static_user_filter (class=org.apache.hadoop.http.lib.StaticUserWebFilter$StaticUserFilter) to context hddsDatanode
2019-10-04 08:26:24,745 [main] INFO  http.HttpServer2 (HttpServer2.java:addFilter(958)) - Added filter static_user_filter (class=org.apache.hadoop.http.lib.StaticUserWebFilter$StaticUserFilter) to context static
2019-10-04 08:26:24,746 [main] INFO  http.HttpServer2 (HttpServer2.java:addFilter(958)) - Added filter static_user_filter (class=org.apache.hadoop.http.lib.StaticUserWebFilter$StaticUserFilter) to context logs
2019-10-04 08:26:24,747 [main] INFO  http.HttpServer2 (HttpServer2.java:bindListener(1191)) - Jetty bound to port 42347
2019-10-04 08:26:24,747 [main] INFO  server.Server (Server.java:doStart(351)) - jetty-9.3.25.v20180904, build timestamp: 2018-09-04T21:11:46Z, git hash: 3ce520221d0240229c862b122d2b06c12a625732
2019-10-04 08:26:24,750 [main] INFO  handler.ContextHandler (ContextHandler.java:doStart(781)) - Started o.e.j.s.ServletContextHandler@507d64aa{/logs,file:///workdir/hadoop-ozone/integration-test/target/log,AVAILABLE}
2019-10-04 08:26:24,751 [main] INFO  handler.ContextHandler (ContextHandler.java:doStart(781)) - Started o.e.j.s.ServletContextHandler@60b34931{/static,jar:file:/home/user/.m2/repository/org/apache/hadoop/hadoop-hdds-container-service/0.5.0-SNAPSHOT/hadoop-hdds-container-service-0.5.0-SNAPSHOT.jar!/webapps/static,AVAILABLE}
2019-10-04 08:26:24,800 [main] INFO  handler.ContextHandler (ContextHandler.java:doStart(781)) - Started o.e.j.w.WebAppContext@f4a3a8d{/,file:///tmp/jetty-0.0.0.0-42347-hddsDatanode-_-any-6578067618301601540.dir/webapp/,AVAILABLE}{/hddsDatanode}
2019-10-04 08:26:24,801 [main] INFO  server.AbstractConnector (AbstractConnector.java:doStart(278)) - Started ServerConnector@8d8f754{HTTP/1.1,[http/1.1]}{0.0.0.0:42347}
2019-10-04 08:26:24,803 [main] INFO  server.Server (Server.java:doStart(419)) - Started @6536ms
2019-10-04 08:26:24,803 [main] WARN  impl.MetricsSystemImpl (MetricsSystemImpl.java:register(276)) - Sink prometheus already exists!
2019-10-04 08:26:24,804 [main] INFO  server.BaseHttpServer (BaseHttpServer.java:updateConnectorAddress(215)) - HTTP server of HDDSDATANODE is listening at http://0.0.0.0:42347
2019-10-04 08:26:24,805 [main] INFO  impl.MetricsSystemImpl (MetricsSystemImpl.java:init(158)) - HddsDatanode metrics system started (again)
2019-10-04 08:26:24,808 [org.apache.hadoop.util.JvmPauseMonitor$Monitor@1806dd5c] INFO  util.JvmPauseMonitor (JvmPauseMonitor.java:run(188)) - Starting JVM pause monitor
2019-10-04 08:26:24,809 [main] INFO  ozone.HddsDatanodeService (HddsDatanodeService.java:start(184)) - HddsDatanodeService host:pr-hdds-2230-99mx8-1595754997 ip:192.168.30.44
2019-10-04 08:26:24,819 [main] INFO  volume.HddsVolume (HddsVolume.java:<init>(176)) - Creating Volume: /workdir/hadoop-ozone/integration-test/target/test-dir/MiniOzoneClusterImpl-4b226998-9ff7-4298-85da-a0b229337445/datanode-2/data/containers/hdds of  storage type : DISK and capacity : 1482555576320
2019-10-04 08:26:24,820 [main] INFO  volume.VolumeSet (VolumeSet.java:initializeVolumeSet(170)) - Added Volume : /workdir/hadoop-ozone/integration-test/target/test-dir/MiniOzoneClusterImpl-4b226998-9ff7-4298-85da-a0b229337445/datanode-2/data/containers/hdds to VolumeSet
2019-10-04 08:26:24,820 [main] INFO  volume.ThrottledAsyncChecker (ThrottledAsyncChecker.java:schedule(139)) - Scheduling a check for org.apache.hadoop.ozone.container.common.volume.HddsVolume@5c441290
2019-10-04 08:26:24,821 [main] INFO  volume.HddsVolumeChecker (HddsVolumeChecker.java:checkAllVolumes(202)) - Scheduled health check for volume org.apache.hadoop.ozone.container.common.volume.HddsVolume@5c441290
2019-10-04 08:26:24,842 [Datanode State Machine Thread - 0] INFO  datanode.InitDatanodeState (InitDatanodeState.java:persistContainerDatanodeDetails(140)) - DatanodeDetails is persisted to /workdir/hadoop-ozone/integration-test/target/test-dir/MiniOzoneClusterImpl-4b226998-9ff7-4298-85da-a0b229337445/datanode-0/meta/datanode.id
2019-10-04 08:26:24,847 [Datanode State Machine Thread - 0] INFO  datanode.InitDatanodeState (InitDatanodeState.java:persistContainerDatanodeDetails(140)) - DatanodeDetails is persisted to /workdir/hadoop-ozone/integration-test/target/test-dir/MiniOzoneClusterImpl-4b226998-9ff7-4298-85da-a0b229337445/datanode-1/meta/datanode.id
2019-10-04 08:26:24,848 [main] INFO  impl.RaftServerProxy (ConfUtils.java:logGet(43)) - raft.rpc.type = GRPC (default)
2019-10-04 08:26:24,849 [main] INFO  grpc.GrpcFactory (GrpcFactory.java:checkPooledByteBufAllocatorUseCacheForAllThreads(45)) - PERFORMANCE WARNING: useCacheForAllThreads is true that may cause Netty to create a lot garbage objects and, as a result, trigger GC.
	It is recommended to disable useCacheForAllThreads by setting -Dorg.apache.ratis.thirdparty.io.netty.allocator.useCacheForAllThreads=false in command line.
2019-10-04 08:26:24,849 [main] INFO  grpc.GrpcConfigKeys$Server (ConfUtils.java:logGet(43)) - raft.grpc.server.port = 0 (default)
2019-10-04 08:26:24,849 [main] INFO  server.GrpcService (ConfUtils.java:logGet(43)) - raft.grpc.message.size.max = 33570816 (custom)
2019-10-04 08:26:24,850 [main] INFO  server.RaftServerConfigKeys (ConfUtils.java:logGet(43)) - raft.server.log.appender.buffer.byte-limit = 33554432 (custom)
2019-10-04 08:26:24,850 [main] INFO  server.GrpcService (ConfUtils.java:logGet(43)) - raft.grpc.flow.control.window = 1MB (=1048576) (default)
2019-10-04 08:26:24,850 [main] INFO  server.RaftServerConfigKeys (ConfUtils.java:logGet(43)) - raft.server.rpc.request.timeout = 3000ms (default)
2019-10-04 08:26:24,851 [main] INFO  server.RaftServerConfigKeys (ConfUtils.java:logGet(43)) - raft.server.storage.dir = [/workdir/hadoop-ozone/integration-test/target/test-dir/MiniOzoneClusterImpl-4b226998-9ff7-4298-85da-a0b229337445/datanode-2/data/ratis] (custom)
2019-10-04 08:26:24,853 [main] INFO  hdfs.DFSUtil (DFSUtil.java:httpServerTemplateForNNAndJN(1641)) - Starting Web-server for hddsDatanode at: http://0.0.0.0:0
2019-10-04 08:26:24,855 [main] INFO  server.AuthenticationFilter (AuthenticationFilter.java:constructSecretProvider(240)) - Unable to initialize FileSignerSecretProvider, falling back to use random secrets.
2019-10-04 08:26:24,856 [main] WARN  http.HttpRequestLog (HttpRequestLog.java:getRequestLog(97)) - Jetty request log can only be enabled using Log4j
2019-10-04 08:26:24,858 [main] INFO  http.HttpServer2 (HttpServer2.java:addGlobalFilter(975)) - Added global filter 'safety' (class=org.apache.hadoop.http.HttpServer2$QuotingInputFilter)
2019-10-04 08:26:24,859 [main] INFO  http.HttpServer2 (HttpServer2.java:addFilter(948)) - Added filter static_user_filter (class=org.apache.hadoop.http.lib.StaticUserWebFilter$StaticUserFilter) to context hddsDatanode
2019-10-04 08:26:24,859 [main] INFO  http.HttpServer2 (HttpServer2.java:addFilter(958)) - Added filter static_user_filter (class=org.apache.hadoop.http.lib.StaticUserWebFilter$StaticUserFilter) to context logs
2019-10-04 08:26:24,860 [main] INFO  http.HttpServer2 (HttpServer2.java:addFilter(958)) - Added filter static_user_filter (class=org.apache.hadoop.http.lib.StaticUserWebFilter$StaticUserFilter) to context static
2019-10-04 08:26:24,860 [main] INFO  http.HttpServer2 (HttpServer2.java:bindListener(1191)) - Jetty bound to port 34342
2019-10-04 08:26:24,861 [main] INFO  server.Server (Server.java:doStart(351)) - jetty-9.3.25.v20180904, build timestamp: 2018-09-04T21:11:46Z, git hash: 3ce520221d0240229c862b122d2b06c12a625732
2019-10-04 08:26:24,863 [main] INFO  handler.ContextHandler (ContextHandler.java:doStart(781)) - Started o.e.j.s.ServletContextHandler@235d29d6{/logs,file:///workdir/hadoop-ozone/integration-test/target/log,AVAILABLE}
2019-10-04 08:26:24,864 [main] INFO  handler.ContextHandler (ContextHandler.java:doStart(781)) - Started o.e.j.s.ServletContextHandler@43f9dd56{/static,jar:file:/home/user/.m2/repository/org/apache/hadoop/hadoop-hdds-container-service/0.5.0-SNAPSHOT/hadoop-hdds-container-service-0.5.0-SNAPSHOT.jar!/webapps/static,AVAILABLE}
2019-10-04 08:26:24,896 [main] INFO  handler.ContextHandler (ContextHandler.java:doStart(781)) - Started o.e.j.w.WebAppContext@6f231ced{/,file:///tmp/jetty-0.0.0.0-34342-hddsDatanode-_-any-5090738325784744212.dir/webapp/,AVAILABLE}{/hddsDatanode}
2019-10-04 08:26:24,897 [main] INFO  server.AbstractConnector (AbstractConnector.java:doStart(278)) - Started ServerConnector@35a60674{HTTP/1.1,[http/1.1]}{0.0.0.0:34342}
2019-10-04 08:26:24,898 [main] INFO  server.Server (Server.java:doStart(419)) - Started @6630ms
2019-10-04 08:26:24,898 [main] WARN  impl.MetricsSystemImpl (MetricsSystemImpl.java:register(276)) - Sink prometheus already exists!
2019-10-04 08:26:24,899 [main] INFO  server.BaseHttpServer (BaseHttpServer.java:updateConnectorAddress(215)) - HTTP server of HDDSDATANODE is listening at http://0.0.0.0:34342
2019-10-04 08:26:24,900 [main] INFO  impl.MetricsSystemImpl (MetricsSystemImpl.java:init(158)) - HddsDatanode metrics system started (again)
2019-10-04 08:26:24,903 [org.apache.hadoop.util.JvmPauseMonitor$Monitor@1d6fe983] INFO  util.JvmPauseMonitor (JvmPauseMonitor.java:run(188)) - Starting JVM pause monitor
2019-10-04 08:26:24,904 [main] INFO  ozone.HddsDatanodeService (HddsDatanodeService.java:start(184)) - HddsDatanodeService host:pr-hdds-2230-99mx8-1595754997 ip:192.168.30.44
2019-10-04 08:26:24,905 [Datanode State Machine Thread - 0] INFO  datanode.InitDatanodeState (InitDatanodeState.java:persistContainerDatanodeDetails(140)) - DatanodeDetails is persisted to /workdir/hadoop-ozone/integration-test/target/test-dir/MiniOzoneClusterImpl-4b226998-9ff7-4298-85da-a0b229337445/datanode-2/meta/datanode.id
2019-10-04 08:26:24,913 [main] INFO  volume.HddsVolume (HddsVolume.java:<init>(176)) - Creating Volume: /workdir/hadoop-ozone/integration-test/target/test-dir/MiniOzoneClusterImpl-4b226998-9ff7-4298-85da-a0b229337445/datanode-3/data/containers/hdds of  storage type : DISK and capacity : 1482555576320
2019-10-04 08:26:24,913 [main] INFO  volume.VolumeSet (VolumeSet.java:initializeVolumeSet(170)) - Added Volume : /workdir/hadoop-ozone/integration-test/target/test-dir/MiniOzoneClusterImpl-4b226998-9ff7-4298-85da-a0b229337445/datanode-3/data/containers/hdds to VolumeSet
2019-10-04 08:26:24,914 [main] INFO  volume.ThrottledAsyncChecker (ThrottledAsyncChecker.java:schedule(139)) - Scheduling a check for org.apache.hadoop.ozone.container.common.volume.HddsVolume@806996
2019-10-04 08:26:24,914 [main] INFO  volume.HddsVolumeChecker (HddsVolumeChecker.java:checkAllVolumes(202)) - Scheduled health check for volume org.apache.hadoop.ozone.container.common.volume.HddsVolume@806996
2019-10-04 08:26:24,934 [main] INFO  impl.RaftServerProxy (ConfUtils.java:logGet(43)) - raft.rpc.type = GRPC (default)
2019-10-04 08:26:24,934 [main] INFO  grpc.GrpcFactory (GrpcFactory.java:checkPooledByteBufAllocatorUseCacheForAllThreads(45)) - PERFORMANCE WARNING: useCacheForAllThreads is true that may cause Netty to create a lot garbage objects and, as a result, trigger GC.
	It is recommended to disable useCacheForAllThreads by setting -Dorg.apache.ratis.thirdparty.io.netty.allocator.useCacheForAllThreads=false in command line.
2019-10-04 08:26:24,935 [main] INFO  grpc.GrpcConfigKeys$Server (ConfUtils.java:logGet(43)) - raft.grpc.server.port = 0 (default)
2019-10-04 08:26:24,935 [main] INFO  server.GrpcService (ConfUtils.java:logGet(43)) - raft.grpc.message.size.max = 33570816 (custom)
2019-10-04 08:26:24,936 [main] INFO  server.RaftServerConfigKeys (ConfUtils.java:logGet(43)) - raft.server.log.appender.buffer.byte-limit = 33554432 (custom)
2019-10-04 08:26:24,936 [main] INFO  server.GrpcService (ConfUtils.java:logGet(43)) - raft.grpc.flow.control.window = 1MB (=1048576) (default)
2019-10-04 08:26:24,936 [main] INFO  server.RaftServerConfigKeys (ConfUtils.java:logGet(43)) - raft.server.rpc.request.timeout = 3000ms (default)
2019-10-04 08:26:24,937 [main] INFO  server.RaftServerConfigKeys (ConfUtils.java:logGet(43)) - raft.server.storage.dir = [/workdir/hadoop-ozone/integration-test/target/test-dir/MiniOzoneClusterImpl-4b226998-9ff7-4298-85da-a0b229337445/datanode-3/data/ratis] (custom)
2019-10-04 08:26:24,940 [main] INFO  hdfs.DFSUtil (DFSUtil.java:httpServerTemplateForNNAndJN(1641)) - Starting Web-server for hddsDatanode at: http://0.0.0.0:0
2019-10-04 08:26:24,941 [main] INFO  server.AuthenticationFilter (AuthenticationFilter.java:constructSecretProvider(240)) - Unable to initialize FileSignerSecretProvider, falling back to use random secrets.
2019-10-04 08:26:24,942 [main] WARN  http.HttpRequestLog (HttpRequestLog.java:getRequestLog(97)) - Jetty request log can only be enabled using Log4j
2019-10-04 08:26:24,944 [main] INFO  http.HttpServer2 (HttpServer2.java:addGlobalFilter(975)) - Added global filter 'safety' (class=org.apache.hadoop.http.HttpServer2$QuotingInputFilter)
2019-10-04 08:26:24,945 [main] INFO  http.HttpServer2 (HttpServer2.java:addFilter(948)) - Added filter static_user_filter (class=org.apache.hadoop.http.lib.StaticUserWebFilter$StaticUserFilter) to context hddsDatanode
2019-10-04 08:26:24,946 [main] INFO  http.HttpServer2 (HttpServer2.java:addFilter(958)) - Added filter static_user_filter (class=org.apache.hadoop.http.lib.StaticUserWebFilter$StaticUserFilter) to context logs
2019-10-04 08:26:24,946 [main] INFO  http.HttpServer2 (HttpServer2.java:addFilter(958)) - Added filter static_user_filter (class=org.apache.hadoop.http.lib.StaticUserWebFilter$StaticUserFilter) to context static
2019-10-04 08:26:24,947 [main] INFO  http.HttpServer2 (HttpServer2.java:bindListener(1191)) - Jetty bound to port 36844
2019-10-04 08:26:24,947 [main] INFO  server.Server (Server.java:doStart(351)) - jetty-9.3.25.v20180904, build timestamp: 2018-09-04T21:11:46Z, git hash: 3ce520221d0240229c862b122d2b06c12a625732
2019-10-04 08:26:24,951 [main] INFO  handler.ContextHandler (ContextHandler.java:doStart(781)) - Started o.e.j.s.ServletContextHandler@3f1ef9d6{/logs,file:///workdir/hadoop-ozone/integration-test/target/log,AVAILABLE}
2019-10-04 08:26:24,952 [main] INFO  handler.ContextHandler (ContextHandler.java:doStart(781)) - Started o.e.j.s.ServletContextHandler@3fd9e827{/static,jar:file:/home/user/.m2/repository/org/apache/hadoop/hadoop-hdds-container-service/0.5.0-SNAPSHOT/hadoop-hdds-container-service-0.5.0-SNAPSHOT.jar!/webapps/static,AVAILABLE}
2019-10-04 08:26:24,991 [main] INFO  handler.ContextHandler (ContextHandler.java:doStart(781)) - Started o.e.j.w.WebAppContext@79c5460e{/,file:///tmp/jetty-0.0.0.0-36844-hddsDatanode-_-any-7772923927576056706.dir/webapp/,AVAILABLE}{/hddsDatanode}
2019-10-04 08:26:24,992 [main] INFO  server.AbstractConnector (AbstractConnector.java:doStart(278)) - Started ServerConnector@7d904ff1{HTTP/1.1,[http/1.1]}{0.0.0.0:36844}
2019-10-04 08:26:24,993 [main] INFO  server.Server (Server.java:doStart(419)) - Started @6726ms
2019-10-04 08:26:24,993 [main] WARN  impl.MetricsSystemImpl (MetricsSystemImpl.java:register(276)) - Sink prometheus already exists!
2019-10-04 08:26:24,994 [main] INFO  server.BaseHttpServer (BaseHttpServer.java:updateConnectorAddress(215)) - HTTP server of HDDSDATANODE is listening at http://0.0.0.0:36844
2019-10-04 08:26:24,997 [main] INFO  ozone.MiniOzoneClusterImpl (MiniOzoneClusterImpl.java:lambda$waitForClusterToBeReady$0(147)) - Waiting for cluster to be ready. Got 0 of 4 DN Heartbeats.
2019-10-04 08:26:24,997 [org.apache.hadoop.util.JvmPauseMonitor$Monitor@7d1618bb] INFO  util.JvmPauseMonitor (JvmPauseMonitor.java:run(188)) - Starting JVM pause monitor
2019-10-04 08:26:25,000 [Datanode State Machine Thread - 0] INFO  datanode.InitDatanodeState (InitDatanodeState.java:persistContainerDatanodeDetails(140)) - DatanodeDetails is persisted to /workdir/hadoop-ozone/integration-test/target/test-dir/MiniOzoneClusterImpl-4b226998-9ff7-4298-85da-a0b229337445/datanode-3/meta/datanode.id
2019-10-04 08:26:25,168 [Thread-95] INFO  impl.FollowerState (FollowerState.java:run(108)) - 834476d8-e889-4d19-8793-a7e543e1d983@group-C5BA1605619E-FollowerState: change to CANDIDATE, lastRpcTime:1118ms, electionTimeout:1117ms
2019-10-04 08:26:25,173 [Thread-95] INFO  impl.RoleInfo (RoleInfo.java:shutdownFollowerState(121)) - 834476d8-e889-4d19-8793-a7e543e1d983: shutdown FollowerState
2019-10-04 08:26:25,174 [Thread-95] INFO  impl.RaftServerImpl (RaftServerImpl.java:setRole(170)) - 834476d8-e889-4d19-8793-a7e543e1d983@group-C5BA1605619E: changes role from  FOLLOWER to CANDIDATE at term 0 for changeToCandidate
2019-10-04 08:26:25,179 [Thread-95] INFO  impl.RoleInfo (RoleInfo.java:updateAndGet(143)) - 834476d8-e889-4d19-8793-a7e543e1d983: start LeaderElection
2019-10-04 08:26:25,205 [834476d8-e889-4d19-8793-a7e543e1d983@group-C5BA1605619E-LeaderElection1] INFO  impl.LeaderElection (LeaderElection.java:askForVotes(178)) - 834476d8-e889-4d19-8793-a7e543e1d983@group-C5BA1605619E-LeaderElection1: begin an election at term 1 for -1: [834476d8-e889-4d19-8793-a7e543e1d983:localhost:9872], old=null
2019-10-04 08:26:25,207 [834476d8-e889-4d19-8793-a7e543e1d983@group-C5BA1605619E-LeaderElection1] INFO  impl.RoleInfo (RoleInfo.java:shutdownLeaderElection(134)) - 834476d8-e889-4d19-8793-a7e543e1d983: shutdown LeaderElection
2019-10-04 08:26:25,208 [834476d8-e889-4d19-8793-a7e543e1d983@group-C5BA1605619E-LeaderElection1] INFO  impl.RaftServerImpl (RaftServerImpl.java:setRole(170)) - 834476d8-e889-4d19-8793-a7e543e1d983@group-C5BA1605619E: changes role from CANDIDATE to LEADER at term 1 for changeToLeader
2019-10-04 08:26:25,208 [834476d8-e889-4d19-8793-a7e543e1d983@group-C5BA1605619E-LeaderElection1] INFO  impl.RaftServerImpl (ServerState.java:setLeader(255)) - 834476d8-e889-4d19-8793-a7e543e1d983@group-C5BA1605619E: change Leader from null to 834476d8-e889-4d19-8793-a7e543e1d983 at term 1 for becomeLeader, leader elected after 1275ms
2019-10-04 08:26:25,216 [834476d8-e889-4d19-8793-a7e543e1d983@group-C5BA1605619E-LeaderElection1] INFO  server.RaftServerConfigKeys (ConfUtils.java:logGet(43)) - raft.server.staging.catchup.gap = 1000 (default)
2019-10-04 08:26:25,216 [834476d8-e889-4d19-8793-a7e543e1d983@group-C5BA1605619E-LeaderElection1] INFO  server.RaftServerConfigKeys (ConfUtils.java:logGet(43)) - raft.server.rpc.sleep.time = 25ms (default)
2019-10-04 08:26:25,223 [834476d8-e889-4d19-8793-a7e543e1d983@group-C5BA1605619E-LeaderElection1] INFO  server.RaftServerConfigKeys (ConfUtils.java:logGet(43)) - raft.server.write.element-limit = 4096 (default)
2019-10-04 08:26:25,226 [834476d8-e889-4d19-8793-a7e543e1d983@group-C5BA1605619E-LeaderElection1] INFO  server.RaftServerConfigKeys (ConfUtils.java:logGet(43)) - raft.server.watch.timeout = 10s (default)
2019-10-04 08:26:25,226 [834476d8-e889-4d19-8793-a7e543e1d983@group-C5BA1605619E-LeaderElection1] INFO  server.RaftServerConfigKeys (ConfUtils.java:logGet(43)) - raft.server.watch.timeout.denomination = 1s (default)
2019-10-04 08:26:25,227 [834476d8-e889-4d19-8793-a7e543e1d983@group-C5BA1605619E-LeaderElection1] INFO  server.RaftServerConfigKeys (ConfUtils.java:logGet(43)) - raft.server.watch.element-limit = 65536 (default)
2019-10-04 08:26:25,262 [834476d8-e889-4d19-8793-a7e543e1d983@group-C5BA1605619E-LeaderElection1] INFO  impl.RoleInfo (RoleInfo.java:updateAndGet(143)) - 834476d8-e889-4d19-8793-a7e543e1d983: start LeaderState
2019-10-04 08:26:25,297 [834476d8-e889-4d19-8793-a7e543e1d983@group-C5BA1605619E-LeaderElection1] INFO  segmented.SegmentedRaftLogWorker (SegmentedRaftLogWorker.java:startLogSegment(385)) - 834476d8-e889-4d19-8793-a7e543e1d983@group-C5BA1605619E-SegmentedRaftLogWorker: Starting segment from index:0
2019-10-04 08:26:25,320 [834476d8-e889-4d19-8793-a7e543e1d983@group-C5BA1605619E-LeaderElection1] INFO  impl.RaftServerImpl (ServerState.java:setRaftConf(356)) - 834476d8-e889-4d19-8793-a7e543e1d983@group-C5BA1605619E: set configuration 0: [834476d8-e889-4d19-8793-a7e543e1d983:localhost:9872], old=null at 0
2019-10-04 08:26:25,479 [834476d8-e889-4d19-8793-a7e543e1d983@group-C5BA1605619E-SegmentedRaftLogWorker] INFO  segmented.SegmentedRaftLogWorker (SegmentedRaftLogWorker.java:execute(574)) - 834476d8-e889-4d19-8793-a7e543e1d983@group-C5BA1605619E-SegmentedRaftLogWorker: created new log segment /workdir/hadoop-ozone/integration-test/target/test-dir/MiniOzoneClusterImpl-4b226998-9ff7-4298-85da-a0b229337445/ozone-meta/ratis/bf265839-605b-3f16-9796-c5ba1605619e/current/log_inprogress_0
2019-10-04 08:26:25,997 [main] INFO  ozone.MiniOzoneClusterImpl (MiniOzoneClusterImpl.java:lambda$waitForClusterToBeReady$0(147)) - Waiting for cluster to be ready. Got 0 of 4 DN Heartbeats.
2019-10-04 08:26:26,796 [Datanode State Machine Thread - 0] INFO  ozoneimpl.OzoneContainer (OzoneContainer.java:start(217)) - Attempting to start container services.
2019-10-04 08:26:26,799 [Datanode State Machine Thread - 0] INFO  ozoneimpl.OzoneContainer (OzoneContainer.java:startContainerScrub(179)) - Background container scanner has been disabled.
2019-10-04 08:26:26,799 [Datanode State Machine Thread - 0] INFO  ratis.XceiverServerRatis (XceiverServerRatis.java:start(417)) - Starting XceiverServerRatis 39a121bc-ba36-4509-bdf8-e27f03138def at port 0
2019-10-04 08:26:26,807 [Datanode State Machine Thread - 0] INFO  impl.RaftServerProxy (RaftServerProxy.java:lambda$start$3(299)) - 39a121bc-ba36-4509-bdf8-e27f03138def: start RPC server
2019-10-04 08:26:26,814 [Datanode State Machine Thread - 0] INFO  server.GrpcService (GrpcService.java:startImpl(158)) - 39a121bc-ba36-4509-bdf8-e27f03138def: GrpcService started, listening on 0.0.0.0/0.0.0.0:44082
2019-10-04 08:26:26,815 [Datanode State Machine Thread - 0] INFO  ratis.XceiverServerRatis (XceiverServerRatis.java:start(427)) - XceiverServerRatis 39a121bc-ba36-4509-bdf8-e27f03138def is started using port 44082
2019-10-04 08:26:26,819 [Datanode State Machine Thread - 0] INFO  server.XceiverServerGrpc (XceiverServerGrpc.java:start(149)) - XceiverServerGrpc 39a121bc-ba36-4509-bdf8-e27f03138def is started using port 41520
2019-10-04 08:26:26,838 [Datanode State Machine Thread - 0] INFO  ozoneimpl.OzoneContainer (OzoneContainer.java:start(217)) - Attempting to start container services.
2019-10-04 08:26:26,840 [Datanode State Machine Thread - 0] INFO  ozoneimpl.OzoneContainer (OzoneContainer.java:startContainerScrub(179)) - Background container scanner has been disabled.
2019-10-04 08:26:26,840 [Datanode State Machine Thread - 0] INFO  ratis.XceiverServerRatis (XceiverServerRatis.java:start(417)) - Starting XceiverServerRatis aa228245-d839-4484-90f9-807ddd942487 at port 0
2019-10-04 08:26:26,849 [Datanode State Machine Thread - 0] INFO  impl.RaftServerProxy (RaftServerProxy.java:lambda$start$3(299)) - aa228245-d839-4484-90f9-807ddd942487: start RPC server
2019-10-04 08:26:26,851 [Datanode State Machine Thread - 0] INFO  server.GrpcService (GrpcService.java:startImpl(158)) - aa228245-d839-4484-90f9-807ddd942487: GrpcService started, listening on 0.0.0.0/0.0.0.0:37378
2019-10-04 08:26:26,851 [Datanode State Machine Thread - 0] INFO  ratis.XceiverServerRatis (XceiverServerRatis.java:start(427)) - XceiverServerRatis aa228245-d839-4484-90f9-807ddd942487 is started using port 37378
2019-10-04 08:26:26,853 [Datanode State Machine Thread - 0] INFO  server.XceiverServerGrpc (XceiverServerGrpc.java:start(149)) - XceiverServerGrpc aa228245-d839-4484-90f9-807ddd942487 is started using port 46396
2019-10-04 08:26:26,922 [Datanode State Machine Thread - 0] INFO  ozoneimpl.OzoneContainer (OzoneContainer.java:start(217)) - Attempting to start container services.
2019-10-04 08:26:26,923 [Datanode State Machine Thread - 0] INFO  ozoneimpl.OzoneContainer (OzoneContainer.java:startContainerScrub(179)) - Background container scanner has been disabled.
2019-10-04 08:26:26,924 [Datanode State Machine Thread - 0] INFO  ratis.XceiverServerRatis (XceiverServerRatis.java:start(417)) - Starting XceiverServerRatis 78ad1eae-dd30-4422-a73c-b6f59a8345bf at port 0
2019-10-04 08:26:26,932 [Datanode State Machine Thread - 0] INFO  impl.RaftServerProxy (RaftServerProxy.java:lambda$start$3(299)) - 78ad1eae-dd30-4422-a73c-b6f59a8345bf: start RPC server
2019-10-04 08:26:26,935 [Datanode State Machine Thread - 0] INFO  server.GrpcService (GrpcService.java:startImpl(158)) - 78ad1eae-dd30-4422-a73c-b6f59a8345bf: GrpcService started, listening on 0.0.0.0/0.0.0.0:41443
2019-10-04 08:26:26,935 [Datanode State Machine Thread - 0] INFO  ratis.XceiverServerRatis (XceiverServerRatis.java:start(427)) - XceiverServerRatis 78ad1eae-dd30-4422-a73c-b6f59a8345bf is started using port 41443
2019-10-04 08:26:26,938 [Datanode State Machine Thread - 0] INFO  server.XceiverServerGrpc (XceiverServerGrpc.java:start(149)) - XceiverServerGrpc 78ad1eae-dd30-4422-a73c-b6f59a8345bf is started using port 42520
2019-10-04 08:26:26,999 [main] INFO  ozone.MiniOzoneClusterImpl (MiniOzoneClusterImpl.java:lambda$waitForClusterToBeReady$0(147)) - Waiting for cluster to be ready. Got 0 of 4 DN Heartbeats.
2019-10-04 08:26:27,022 [Datanode State Machine Thread - 0] INFO  ozoneimpl.OzoneContainer (OzoneContainer.java:start(217)) - Attempting to start container services.
2019-10-04 08:26:27,024 [Datanode State Machine Thread - 0] INFO  ozoneimpl.OzoneContainer (OzoneContainer.java:startContainerScrub(179)) - Background container scanner has been disabled.
2019-10-04 08:26:27,024 [Datanode State Machine Thread - 0] INFO  ratis.XceiverServerRatis (XceiverServerRatis.java:start(417)) - Starting XceiverServerRatis 8509ebf7-1345-45c7-bb89-954c3e77250c at port 0
2019-10-04 08:26:27,031 [Datanode State Machine Thread - 0] INFO  impl.RaftServerProxy (RaftServerProxy.java:lambda$start$3(299)) - 8509ebf7-1345-45c7-bb89-954c3e77250c: start RPC server
2019-10-04 08:26:27,033 [Datanode State Machine Thread - 0] INFO  server.GrpcService (GrpcService.java:startImpl(158)) - 8509ebf7-1345-45c7-bb89-954c3e77250c: GrpcService started, listening on 0.0.0.0/0.0.0.0:34212
2019-10-04 08:26:27,033 [Datanode State Machine Thread - 0] INFO  ratis.XceiverServerRatis (XceiverServerRatis.java:start(427)) - XceiverServerRatis 8509ebf7-1345-45c7-bb89-954c3e77250c is started using port 34212
2019-10-04 08:26:27,035 [Datanode State Machine Thread - 0] INFO  server.XceiverServerGrpc (XceiverServerGrpc.java:start(149)) - XceiverServerGrpc 8509ebf7-1345-45c7-bb89-954c3e77250c is started using port 33516
2019-10-04 08:26:27,999 [main] INFO  ozone.MiniOzoneClusterImpl (MiniOzoneClusterImpl.java:lambda$waitForClusterToBeReady$0(147)) - Waiting for cluster to be ready. Got 0 of 4 DN Heartbeats.
2019-10-04 08:26:28,743 [IPC Server handler 0 on 34918] INFO  net.NetworkTopology (NetworkTopologyImpl.java:add(111)) - Added a new node: /rack1/39a121bc-ba36-4509-bdf8-e27f03138def
2019-10-04 08:26:28,743 [IPC Server handler 0 on 34918] INFO  node.SCMNodeManager (SCMNodeManager.java:register(266)) - Registered Data node : 39a121bc-ba36-4509-bdf8-e27f03138def{ip: 192.168.30.44, host: pr-hdds-2230-99mx8-1595754997, networkLocation: /rack1, certSerialId: null}
2019-10-04 08:26:28,747 [EventQueue-NodeRegistrationContainerReportForDataNodeSafeModeRule] INFO  safemode.SCMSafeModeManager (DataNodeSafeModeRule.java:process(71)) - SCM in safe mode. 1 DataNodes registered, 1 required.
2019-10-04 08:26:28,753 [EventQueue-NodeRegistrationContainerReportForDataNodeSafeModeRule] INFO  safemode.SCMSafeModeManager (SCMSafeModeManager.java:validateSafeModeExitRules(177)) - ScmSafeModeManager, all rules are successfully validated
2019-10-04 08:26:28,754 [EventQueue-NodeRegistrationContainerReportForDataNodeSafeModeRule] INFO  safemode.SCMSafeModeManager (SCMSafeModeManager.java:exitSafeMode(193)) - SCM exiting safe mode.
2019-10-04 08:26:28,811 [IPC Server handler 1 on 34918] INFO  net.NetworkTopology (NetworkTopologyImpl.java:add(111)) - Added a new node: /rack1/aa228245-d839-4484-90f9-807ddd942487
2019-10-04 08:26:28,811 [IPC Server handler 1 on 34918] INFO  node.SCMNodeManager (SCMNodeManager.java:register(266)) - Registered Data node : aa228245-d839-4484-90f9-807ddd942487{ip: 192.168.30.44, host: pr-hdds-2230-99mx8-1595754997, networkLocation: /rack1, certSerialId: null}
2019-10-04 08:26:28,906 [IPC Server handler 2 on 34918] INFO  net.NetworkTopology (NetworkTopologyImpl.java:add(111)) - Added a new node: /rack1/78ad1eae-dd30-4422-a73c-b6f59a8345bf
2019-10-04 08:26:28,906 [IPC Server handler 2 on 34918] INFO  node.SCMNodeManager (SCMNodeManager.java:register(266)) - Registered Data node : 78ad1eae-dd30-4422-a73c-b6f59a8345bf{ip: 192.168.30.44, host: pr-hdds-2230-99mx8-1595754997, networkLocation: /rack1, certSerialId: null}
2019-10-04 08:26:29,001 [main] INFO  ozone.MiniOzoneClusterImpl (MiniOzoneClusterImpl.java:lambda$waitForClusterToBeReady$0(147)) - Waiting for cluster to be ready. Got 3 of 4 DN Heartbeats.
2019-10-04 08:26:29,007 [IPC Server handler 5 on 34918] INFO  net.NetworkTopology (NetworkTopologyImpl.java:add(111)) - Added a new node: /rack1/8509ebf7-1345-45c7-bb89-954c3e77250c
2019-10-04 08:26:29,007 [IPC Server handler 5 on 34918] INFO  node.SCMNodeManager (SCMNodeManager.java:register(266)) - Registered Data node : 8509ebf7-1345-45c7-bb89-954c3e77250c{ip: 192.168.30.44, host: pr-hdds-2230-99mx8-1595754997, networkLocation: /rack1, certSerialId: null}
2019-10-04 08:26:29,241 [grpc-default-executor-0] INFO  impl.RaftServerProxy (RaftServerProxy.java:addNew(89)) - 39a121bc-ba36-4509-bdf8-e27f03138def: addNew group-858185C67C73:[39a121bc-ba36-4509-bdf8-e27f03138def:192.168.30.44:44082] returns group-858185C67C73:java.util.concurrent.CompletableFuture@1576d558[Not completed]
2019-10-04 08:26:29,253 [pool-32-thread-1] INFO  impl.RaftServerImpl (RaftServerImpl.java:<init>(95)) - 39a121bc-ba36-4509-bdf8-e27f03138def: new RaftServerImpl for group-858185C67C73:[39a121bc-ba36-4509-bdf8-e27f03138def:192.168.30.44:44082] with ContainerStateMachine:uninitialized
2019-10-04 08:26:29,254 [pool-32-thread-1] INFO  server.RaftServerConfigKeys (ConfUtils.java:logGet(43)) - raft.server.rpc.timeout.min = 5s (custom)
2019-10-04 08:26:29,254 [pool-32-thread-1] INFO  server.RaftServerConfigKeys (ConfUtils.java:logGet(43)) - raft.server.rpc.timeout.max = 5200ms (custom)
2019-10-04 08:26:29,255 [pool-32-thread-1] INFO  server.RaftServerConfigKeys (ConfUtils.java:logGet(43)) - raft.server.rpcslowness.timeout = 120s (custom)
2019-10-04 08:26:29,255 [pool-32-thread-1] INFO  server.RaftServerConfigKeys (ConfUtils.java:logGet(43)) - raft.server.sleep.deviation.threshold = 300 (default)
2019-10-04 08:26:29,255 [pool-32-thread-1] INFO  server.RaftServerConfigKeys (ConfUtils.java:logGet(43)) - raft.server.log.appender.install.snapshot.enabled = false (custom)
2019-10-04 08:26:29,255 [pool-32-thread-1] INFO  impl.RaftServerImpl (ServerState.java:<init>(103)) - 39a121bc-ba36-4509-bdf8-e27f03138def@group-858185C67C73: ConfigurationManager, init=-1: [39a121bc-ba36-4509-bdf8-e27f03138def:192.168.30.44:44082], old=null, confs=<EMPTY_MAP>
2019-10-04 08:26:29,256 [pool-32-thread-1] INFO  server.RaftServerConfigKeys (ConfUtils.java:logGet(43)) - raft.server.storage.dir = [/workdir/hadoop-ozone/integration-test/target/test-dir/MiniOzoneClusterImpl-4b226998-9ff7-4298-85da-a0b229337445/datanode-0/data/ratis] (custom)
2019-10-04 08:26:29,256 [pool-32-thread-1] INFO  server.RaftServerConfigKeys (ConfUtils.java:logGet(43)) - raft.server.log.corruption.policy = EXCEPTION (default)
2019-10-04 08:26:29,257 [pool-32-thread-1] INFO  storage.RaftStorageDirectory (RaftStorageDirectory.java:analyzeStorage(246)) - The storage directory /workdir/hadoop-ozone/integration-test/target/test-dir/MiniOzoneClusterImpl-4b226998-9ff7-4298-85da-a0b229337445/datanode-0/data/ratis/d3ed731c-25b8-4188-89e9-858185c67c73 does not exist. Creating ...
2019-10-04 08:26:29,289 [pool-32-thread-1] INFO  storage.RaftStorageDirectory (RaftStorageDirectory.java:tryLock(328)) - Lock on /workdir/hadoop-ozone/integration-test/target/test-dir/MiniOzoneClusterImpl-4b226998-9ff7-4298-85da-a0b229337445/datanode-0/data/ratis/d3ed731c-25b8-4188-89e9-858185c67c73/in_use.lock acquired by nodename 29219@pr-hdds-2230-99mx8-1595754997
2019-10-04 08:26:29,314 [pool-32-thread-1] INFO  storage.RaftStorage (RaftStorage.java:format(84)) - Storage directory /workdir/hadoop-ozone/integration-test/target/test-dir/MiniOzoneClusterImpl-4b226998-9ff7-4298-85da-a0b229337445/datanode-0/data/ratis/d3ed731c-25b8-4188-89e9-858185c67c73 has been successfully formatted.
2019-10-04 08:26:29,317 [pool-32-thread-1] INFO  ratis.ContainerStateMachine (ContainerStateMachine.java:loadSnapshot(230)) - group-858185C67C73: The snapshot info is null. Setting the last applied indexto:(t:0, i:~)
2019-10-04 08:26:29,317 [pool-32-thread-1] INFO  server.RaftServerConfigKeys (ConfUtils.java:logGet(43)) - raft.server.notification.no-leader.timeout = 120s (custom)
2019-10-04 08:26:29,317 [pool-32-thread-1] INFO  server.RaftServerConfigKeys (ConfUtils.java:logGet(43)) - raft.server.log.use.memory = false (default)
2019-10-04 08:26:29,318 [pool-32-thread-1] INFO  server.RaftServerConfigKeys (ConfUtils.java:logGet(43)) - raft.server.log.purge.gap = 1000000 (custom)
2019-10-04 08:26:29,318 [pool-32-thread-1] INFO  server.RaftServerConfigKeys (ConfUtils.java:logGet(43)) - raft.server.log.appender.buffer.byte-limit = 33554432 (custom)
2019-10-04 08:26:29,318 [pool-32-thread-1] INFO  server.RaftServerConfigKeys (ConfUtils.java:logGet(43)) - raft.server.log.segment.size.max = 1048576 (custom)
2019-10-04 08:26:29,323 [pool-32-thread-1] INFO  server.RaftServerConfigKeys (ConfUtils.java:logGet(43)) - raft.server.log.segment.cache.num.max = 2 (custom)
2019-10-04 08:26:29,323 [pool-32-thread-1] INFO  segmented.SegmentedRaftLogWorker (SegmentedRaftLogWorker.java:<init>(173)) - new 39a121bc-ba36-4509-bdf8-e27f03138def@group-858185C67C73-SegmentedRaftLogWorker for RaftStorage:Storage Directory /workdir/hadoop-ozone/integration-test/target/test-dir/MiniOzoneClusterImpl-4b226998-9ff7-4298-85da-a0b229337445/datanode-0/data/ratis/d3ed731c-25b8-4188-89e9-858185c67c73
2019-10-04 08:26:29,323 [pool-32-thread-1] INFO  server.RaftServerConfigKeys (ConfUtils.java:logGet(43)) - raft.server.log.queue.byte-limit = 2147483647 (custom)
2019-10-04 08:26:29,324 [pool-32-thread-1] INFO  server.RaftServerConfigKeys (ConfUtils.java:logGet(43)) - raft.server.log.queue.element-limit = 1024 (custom)
2019-10-04 08:26:29,324 [pool-32-thread-1] INFO  server.RaftServerConfigKeys (ConfUtils.java:logGet(43)) - raft.server.log.segment.size.max = 1048576 (custom)
2019-10-04 08:26:29,324 [pool-32-thread-1] INFO  server.RaftServerConfigKeys (ConfUtils.java:logGet(43)) - raft.server.log.preallocated.size = 16384 (custom)
2019-10-04 08:26:29,324 [pool-32-thread-1] INFO  server.RaftServerConfigKeys (ConfUtils.java:logGet(43)) - raft.server.log.write.buffer.size = 33554432 (custom)
2019-10-04 08:26:29,324 [pool-32-thread-1] INFO  server.RaftServerConfigKeys (ConfUtils.java:logGet(43)) - raft.server.log.force.sync.num = 128 (default)
2019-10-04 08:26:29,324 [pool-32-thread-1] INFO  server.RaftServerConfigKeys (ConfUtils.java:logGet(43)) - raft.server.log.statemachine.data.sync = true (default)
2019-10-04 08:26:29,325 [pool-32-thread-1] INFO  server.RaftServerConfigKeys (ConfUtils.java:logGet(43)) - raft.server.log.statemachine.data.sync.timeout = 10s (default)
2019-10-04 08:26:29,325 [pool-32-thread-1] INFO  server.RaftServerConfigKeys (ConfUtils.java:logGet(43)) - raft.server.log.statemachine.data.sync.timeout.retry = -1 (default)
2019-10-04 08:26:29,326 [pool-32-thread-1] INFO  server.RaftServerConfigKeys (ConfUtils.java:logGet(43)) - raft.server.log.statemachine.data.caching.enabled = true (custom)
2019-10-04 08:26:29,326 [pool-32-thread-1] INFO  segmented.SegmentedRaftLogWorker (SegmentedRaftLogWorker.java:lambda$new$0(128)) - 39a121bc-ba36-4509-bdf8-e27f03138def@group-858185C67C73-SegmentedRaftLogWorker: flushIndex: setUnconditionally 0 -> -1
2019-10-04 08:26:29,327 [pool-32-thread-1] INFO  server.RaftServerConfigKeys (ConfUtils.java:logGet(43)) - raft.server.snapshot.auto.trigger.enabled = true (custom)
2019-10-04 08:26:29,327 [pool-32-thread-1] INFO  server.RaftServerConfigKeys (ConfUtils.java:logGet(43)) - raft.server.snapshot.auto.trigger.threshold = 10000 (custom)
2019-10-04 08:26:29,327 [pool-32-thread-1] INFO  server.RaftServerConfigKeys (ConfUtils.java:logGet(43)) - raft.server.snapshot.retention.file.num = 5 (custom)
2019-10-04 08:26:29,327 [pool-32-thread-1] INFO  server.RaftServerConfigKeys (ConfUtils.java:logGet(43)) - raft.server.retrycache.expirytime = 600000ms (custom)
2019-10-04 08:26:29,331 [pool-32-thread-1] INFO  impl.RaftServerImpl (RaftServerImpl.java:start(181)) - 39a121bc-ba36-4509-bdf8-e27f03138def@group-858185C67C73: start as a follower, conf=-1: [39a121bc-ba36-4509-bdf8-e27f03138def:192.168.30.44:44082], old=null
2019-10-04 08:26:29,331 [pool-32-thread-1] INFO  impl.RaftServerImpl (RaftServerImpl.java:setRole(170)) - 39a121bc-ba36-4509-bdf8-e27f03138def@group-858185C67C73: changes role from      null to FOLLOWER at term 0 for startAsFollower
2019-10-04 08:26:29,331 [pool-32-thread-1] INFO  impl.RoleInfo (RoleInfo.java:updateAndGet(143)) - 39a121bc-ba36-4509-bdf8-e27f03138def: start FollowerState
2019-10-04 08:26:29,332 [pool-32-thread-1] INFO  util.JmxRegister (JmxRegister.java:tryRegister(44)) - Successfully registered JMX Bean with object name Ratis:service=RaftServer,group=group-858185C67C73,id=39a121bc-ba36-4509-bdf8-e27f03138def
2019-10-04 08:26:29,399 [RatisPipelineUtilsThread] INFO  pipeline.PipelineStateManager (PipelineStateManager.java:addPipeline(56)) - Created pipeline Pipeline[ Id: d3ed731c-25b8-4188-89e9-858185c67c73, Nodes: 39a121bc-ba36-4509-bdf8-e27f03138def{ip: 192.168.30.44, host: pr-hdds-2230-99mx8-1595754997, networkLocation: /rack1, certSerialId: null}, Type:RATIS, Factor:ONE, State:OPEN]
2019-10-04 08:26:29,419 [grpc-default-executor-0] INFO  impl.RaftServerProxy (RaftServerProxy.java:addNew(89)) - 8509ebf7-1345-45c7-bb89-954c3e77250c: addNew group-5E8C8D3B6FEE:[8509ebf7-1345-45c7-bb89-954c3e77250c:192.168.30.44:34212] returns group-5E8C8D3B6FEE:java.util.concurrent.CompletableFuture@1b394397[Not completed]
2019-10-04 08:26:29,429 [pool-62-thread-1] INFO  impl.RaftServerImpl (RaftServerImpl.java:<init>(95)) - 8509ebf7-1345-45c7-bb89-954c3e77250c: new RaftServerImpl for group-5E8C8D3B6FEE:[8509ebf7-1345-45c7-bb89-954c3e77250c:192.168.30.44:34212] with ContainerStateMachine:uninitialized
2019-10-04 08:26:29,432 [pool-62-thread-1] INFO  server.RaftServerConfigKeys (ConfUtils.java:logGet(43)) - raft.server.rpc.timeout.min = 5s (custom)
2019-10-04 08:26:29,432 [pool-62-thread-1] INFO  server.RaftServerConfigKeys (ConfUtils.java:logGet(43)) - raft.server.rpc.timeout.max = 5200ms (custom)
2019-10-04 08:26:29,432 [pool-62-thread-1] INFO  server.RaftServerConfigKeys (ConfUtils.java:logGet(43)) - raft.server.rpcslowness.timeout = 120s (custom)
2019-10-04 08:26:29,432 [pool-62-thread-1] INFO  server.RaftServerConfigKeys (ConfUtils.java:logGet(43)) - raft.server.sleep.deviation.threshold = 300 (default)
2019-10-04 08:26:29,433 [pool-62-thread-1] INFO  server.RaftServerConfigKeys (ConfUtils.java:logGet(43)) - raft.server.log.appender.install.snapshot.enabled = false (custom)
2019-10-04 08:26:29,433 [pool-62-thread-1] INFO  impl.RaftServerImpl (ServerState.java:<init>(103)) - 8509ebf7-1345-45c7-bb89-954c3e77250c@group-5E8C8D3B6FEE: ConfigurationManager, init=-1: [8509ebf7-1345-45c7-bb89-954c3e77250c:192.168.30.44:34212], old=null, confs=<EMPTY_MAP>
2019-10-04 08:26:29,433 [pool-62-thread-1] INFO  server.RaftServerConfigKeys (ConfUtils.java:logGet(43)) - raft.server.storage.dir = [/workdir/hadoop-ozone/integration-test/target/test-dir/MiniOzoneClusterImpl-4b226998-9ff7-4298-85da-a0b229337445/datanode-3/data/ratis] (custom)
2019-10-04 08:26:29,433 [pool-62-thread-1] INFO  server.RaftServerConfigKeys (ConfUtils.java:logGet(43)) - raft.server.log.corruption.policy = EXCEPTION (default)
2019-10-04 08:26:29,434 [pool-62-thread-1] INFO  storage.RaftStorageDirectory (RaftStorageDirectory.java:analyzeStorage(246)) - The storage directory /workdir/hadoop-ozone/integration-test/target/test-dir/MiniOzoneClusterImpl-4b226998-9ff7-4298-85da-a0b229337445/datanode-3/data/ratis/9cdf4efb-a4d4-4996-86c0-5e8c8d3b6fee does not exist. Creating ...
2019-10-04 08:26:29,456 [pool-62-thread-1] INFO  storage.RaftStorageDirectory (RaftStorageDirectory.java:tryLock(328)) - Lock on /workdir/hadoop-ozone/integration-test/target/test-dir/MiniOzoneClusterImpl-4b226998-9ff7-4298-85da-a0b229337445/datanode-3/data/ratis/9cdf4efb-a4d4-4996-86c0-5e8c8d3b6fee/in_use.lock acquired by nodename 29219@pr-hdds-2230-99mx8-1595754997
2019-10-04 08:26:29,474 [pool-62-thread-1] INFO  storage.RaftStorage (RaftStorage.java:format(84)) - Storage directory /workdir/hadoop-ozone/integration-test/target/test-dir/MiniOzoneClusterImpl-4b226998-9ff7-4298-85da-a0b229337445/datanode-3/data/ratis/9cdf4efb-a4d4-4996-86c0-5e8c8d3b6fee has been successfully formatted.
2019-10-04 08:26:29,474 [pool-62-thread-1] INFO  ratis.ContainerStateMachine (ContainerStateMachine.java:loadSnapshot(230)) - group-5E8C8D3B6FEE: The snapshot info is null. Setting the last applied indexto:(t:0, i:~)
2019-10-04 08:26:29,475 [pool-62-thread-1] INFO  server.RaftServerConfigKeys (ConfUtils.java:logGet(43)) - raft.server.notification.no-leader.timeout = 120s (custom)
2019-10-04 08:26:29,475 [pool-62-thread-1] INFO  server.RaftServerConfigKeys (ConfUtils.java:logGet(43)) - raft.server.log.use.memory = false (default)
2019-10-04 08:26:29,475 [pool-62-thread-1] INFO  server.RaftServerConfigKeys (ConfUtils.java:logGet(43)) - raft.server.log.purge.gap = 1000000 (custom)
2019-10-04 08:26:29,475 [pool-62-thread-1] INFO  server.RaftServerConfigKeys (ConfUtils.java:logGet(43)) - raft.server.log.appender.buffer.byte-limit = 33554432 (custom)
2019-10-04 08:26:29,476 [pool-62-thread-1] INFO  server.RaftServerConfigKeys (ConfUtils.java:logGet(43)) - raft.server.log.segment.size.max = 1048576 (custom)
2019-10-04 08:26:29,481 [pool-62-thread-1] INFO  server.RaftServerConfigKeys (ConfUtils.java:logGet(43)) - raft.server.log.segment.cache.num.max = 2 (custom)
2019-10-04 08:26:29,481 [pool-62-thread-1] INFO  segmented.SegmentedRaftLogWorker (SegmentedRaftLogWorker.java:<init>(173)) - new 8509ebf7-1345-45c7-bb89-954c3e77250c@group-5E8C8D3B6FEE-SegmentedRaftLogWorker for RaftStorage:Storage Directory /workdir/hadoop-ozone/integration-test/target/test-dir/MiniOzoneClusterImpl-4b226998-9ff7-4298-85da-a0b229337445/datanode-3/data/ratis/9cdf4efb-a4d4-4996-86c0-5e8c8d3b6fee
2019-10-04 08:26:29,481 [pool-62-thread-1] INFO  server.RaftServerConfigKeys (ConfUtils.java:logGet(43)) - raft.server.log.queue.byte-limit = 2147483647 (custom)
2019-10-04 08:26:29,482 [pool-62-thread-1] INFO  server.RaftServerConfigKeys (ConfUtils.java:logGet(43)) - raft.server.log.queue.element-limit = 1024 (custom)
2019-10-04 08:26:29,482 [pool-62-thread-1] INFO  server.RaftServerConfigKeys (ConfUtils.java:logGet(43)) - raft.server.log.segment.size.max = 1048576 (custom)
2019-10-04 08:26:29,482 [pool-62-thread-1] INFO  server.RaftServerConfigKeys (ConfUtils.java:logGet(43)) - raft.server.log.preallocated.size = 16384 (custom)
2019-10-04 08:26:29,482 [pool-62-thread-1] INFO  server.RaftServerConfigKeys (ConfUtils.java:logGet(43)) - raft.server.log.write.buffer.size = 33554432 (custom)
2019-10-04 08:26:29,482 [pool-62-thread-1] INFO  server.RaftServerConfigKeys (ConfUtils.java:logGet(43)) - raft.server.log.force.sync.num = 128 (default)
2019-10-04 08:26:29,483 [pool-62-thread-1] INFO  server.RaftServerConfigKeys (ConfUtils.java:logGet(43)) - raft.server.log.statemachine.data.sync = true (default)
2019-10-04 08:26:29,483 [pool-62-thread-1] INFO  server.RaftServerConfigKeys (ConfUtils.java:logGet(43)) - raft.server.log.statemachine.data.sync.timeout = 10s (default)
2019-10-04 08:26:29,483 [pool-62-thread-1] INFO  server.RaftServerConfigKeys (ConfUtils.java:logGet(43)) - raft.server.log.statemachine.data.sync.timeout.retry = -1 (default)
2019-10-04 08:26:29,484 [pool-62-thread-1] INFO  server.RaftServerConfigKeys (ConfUtils.java:logGet(43)) - raft.server.log.statemachine.data.caching.enabled = true (custom)
2019-10-04 08:26:29,484 [pool-62-thread-1] INFO  segmented.SegmentedRaftLogWorker (SegmentedRaftLogWorker.java:lambda$new$0(128)) - 8509ebf7-1345-45c7-bb89-954c3e77250c@group-5E8C8D3B6FEE-SegmentedRaftLogWorker: flushIndex: setUnconditionally 0 -> -1
2019-10-04 08:26:29,485 [pool-62-thread-1] INFO  server.RaftServerConfigKeys (ConfUtils.java:logGet(43)) - raft.server.snapshot.auto.trigger.enabled = true (custom)
2019-10-04 08:26:29,485 [pool-62-thread-1] INFO  server.RaftServerConfigKeys (ConfUtils.java:logGet(43)) - raft.server.snapshot.auto.trigger.threshold = 10000 (custom)
2019-10-04 08:26:29,485 [pool-62-thread-1] INFO  server.RaftServerConfigKeys (ConfUtils.java:logGet(43)) - raft.server.snapshot.retention.file.num = 5 (custom)
2019-10-04 08:26:29,485 [pool-62-thread-1] INFO  server.RaftServerConfigKeys (ConfUtils.java:logGet(43)) - raft.server.retrycache.expirytime = 600000ms (custom)
2019-10-04 08:26:29,489 [pool-62-thread-1] INFO  impl.RaftServerImpl (RaftServerImpl.java:start(181)) - 8509ebf7-1345-45c7-bb89-954c3e77250c@group-5E8C8D3B6FEE: start as a follower, conf=-1: [8509ebf7-1345-45c7-bb89-954c3e77250c:192.168.30.44:34212], old=null
2019-10-04 08:26:29,490 [pool-62-thread-1] INFO  impl.RaftServerImpl (RaftServerImpl.java:setRole(170)) - 8509ebf7-1345-45c7-bb89-954c3e77250c@group-5E8C8D3B6FEE: changes role from      null to FOLLOWER at term 0 for startAsFollower
2019-10-04 08:26:29,490 [pool-62-thread-1] INFO  impl.RoleInfo (RoleInfo.java:updateAndGet(143)) - 8509ebf7-1345-45c7-bb89-954c3e77250c: start FollowerState
2019-10-04 08:26:29,490 [pool-62-thread-1] INFO  util.JmxRegister (JmxRegister.java:tryRegister(44)) - Successfully registered JMX Bean with object name Ratis:service=RaftServer,group=group-5E8C8D3B6FEE,id=8509ebf7-1345-45c7-bb89-954c3e77250c
2019-10-04 08:26:29,507 [RatisPipelineUtilsThread] INFO  pipeline.PipelineStateManager (PipelineStateManager.java:addPipeline(56)) - Created pipeline Pipeline[ Id: 9cdf4efb-a4d4-4996-86c0-5e8c8d3b6fee, Nodes: 8509ebf7-1345-45c7-bb89-954c3e77250c{ip: 192.168.30.44, host: pr-hdds-2230-99mx8-1595754997, networkLocation: /rack1, certSerialId: null}, Type:RATIS, Factor:ONE, State:OPEN]
2019-10-04 08:26:29,528 [grpc-default-executor-0] INFO  impl.RaftServerProxy (RaftServerProxy.java:addNew(89)) - 78ad1eae-dd30-4422-a73c-b6f59a8345bf: addNew group-F8A724CBFFC0:[78ad1eae-dd30-4422-a73c-b6f59a8345bf:192.168.30.44:41443] returns group-F8A724CBFFC0:java.util.concurrent.CompletableFuture@24807b43[Not completed]
2019-10-04 08:26:29,531 [pool-52-thread-1] INFO  impl.RaftServerImpl (RaftServerImpl.java:<init>(95)) - 78ad1eae-dd30-4422-a73c-b6f59a8345bf: new RaftServerImpl for group-F8A724CBFFC0:[78ad1eae-dd30-4422-a73c-b6f59a8345bf:192.168.30.44:41443] with ContainerStateMachine:uninitialized
2019-10-04 08:26:29,531 [pool-52-thread-1] INFO  server.RaftServerConfigKeys (ConfUtils.java:logGet(43)) - raft.server.rpc.timeout.min = 5s (custom)
2019-10-04 08:26:29,531 [pool-52-thread-1] INFO  server.RaftServerConfigKeys (ConfUtils.java:logGet(43)) - raft.server.rpc.timeout.max = 5200ms (custom)
2019-10-04 08:26:29,531 [pool-52-thread-1] INFO  server.RaftServerConfigKeys (ConfUtils.java:logGet(43)) - raft.server.rpcslowness.timeout = 120s (custom)
2019-10-04 08:26:29,531 [pool-52-thread-1] INFO  server.RaftServerConfigKeys (ConfUtils.java:logGet(43)) - raft.server.sleep.deviation.threshold = 300 (default)
2019-10-04 08:26:29,531 [pool-52-thread-1] INFO  server.RaftServerConfigKeys (ConfUtils.java:logGet(43)) - raft.server.log.appender.install.snapshot.enabled = false (custom)
2019-10-04 08:26:29,531 [pool-52-thread-1] INFO  impl.RaftServerImpl (ServerState.java:<init>(103)) - 78ad1eae-dd30-4422-a73c-b6f59a8345bf@group-F8A724CBFFC0: ConfigurationManager, init=-1: [78ad1eae-dd30-4422-a73c-b6f59a8345bf:192.168.30.44:41443], old=null, confs=<EMPTY_MAP>
2019-10-04 08:26:29,532 [pool-52-thread-1] INFO  server.RaftServerConfigKeys (ConfUtils.java:logGet(43)) - raft.server.storage.dir = [/workdir/hadoop-ozone/integration-test/target/test-dir/MiniOzoneClusterImpl-4b226998-9ff7-4298-85da-a0b229337445/datanode-2/data/ratis] (custom)
2019-10-04 08:26:29,532 [pool-52-thread-1] INFO  server.RaftServerConfigKeys (ConfUtils.java:logGet(43)) - raft.server.log.corruption.policy = EXCEPTION (default)
2019-10-04 08:26:29,532 [pool-52-thread-1] INFO  storage.RaftStorageDirectory (RaftStorageDirectory.java:analyzeStorage(246)) - The storage directory /workdir/hadoop-ozone/integration-test/target/test-dir/MiniOzoneClusterImpl-4b226998-9ff7-4298-85da-a0b229337445/datanode-2/data/ratis/2b8c5edf-8270-42e1-8ab1-f8a724cbffc0 does not exist. Creating ...
2019-10-04 08:26:29,590 [pool-52-thread-1] INFO  storage.RaftStorageDirectory (RaftStorageDirectory.java:tryLock(328)) - Lock on /workdir/hadoop-ozone/integration-test/target/test-dir/MiniOzoneClusterImpl-4b226998-9ff7-4298-85da-a0b229337445/datanode-2/data/ratis/2b8c5edf-8270-42e1-8ab1-f8a724cbffc0/in_use.lock acquired by nodename 29219@pr-hdds-2230-99mx8-1595754997
2019-10-04 08:26:29,616 [pool-52-thread-1] INFO  storage.RaftStorage (RaftStorage.java:format(84)) - Storage directory /workdir/hadoop-ozone/integration-test/target/test-dir/MiniOzoneClusterImpl-4b226998-9ff7-4298-85da-a0b229337445/datanode-2/data/ratis/2b8c5edf-8270-42e1-8ab1-f8a724cbffc0 has been successfully formatted.
2019-10-04 08:26:29,616 [pool-52-thread-1] INFO  ratis.ContainerStateMachine (ContainerStateMachine.java:loadSnapshot(230)) - group-F8A724CBFFC0: The snapshot info is null. Setting the last applied indexto:(t:0, i:~)
2019-10-04 08:26:29,617 [pool-52-thread-1] INFO  server.RaftServerConfigKeys (ConfUtils.java:logGet(43)) - raft.server.notification.no-leader.timeout = 120s (custom)
2019-10-04 08:26:29,617 [pool-52-thread-1] INFO  server.RaftServerConfigKeys (ConfUtils.java:logGet(43)) - raft.server.log.use.memory = false (default)
2019-10-04 08:26:29,617 [pool-52-thread-1] INFO  server.RaftServerConfigKeys (ConfUtils.java:logGet(43)) - raft.server.log.purge.gap = 1000000 (custom)
2019-10-04 08:26:29,617 [pool-52-thread-1] INFO  server.RaftServerConfigKeys (ConfUtils.java:logGet(43)) - raft.server.log.appender.buffer.byte-limit = 33554432 (custom)
2019-10-04 08:26:29,618 [pool-52-thread-1] INFO  server.RaftServerConfigKeys (ConfUtils.java:logGet(43)) - raft.server.log.segment.size.max = 1048576 (custom)
2019-10-04 08:26:29,622 [pool-52-thread-1] INFO  server.RaftServerConfigKeys (ConfUtils.java:logGet(43)) - raft.server.log.segment.cache.num.max = 2 (custom)
2019-10-04 08:26:29,622 [pool-52-thread-1] INFO  segmented.SegmentedRaftLogWorker (SegmentedRaftLogWorker.java:<init>(173)) - new 78ad1eae-dd30-4422-a73c-b6f59a8345bf@group-F8A724CBFFC0-SegmentedRaftLogWorker for RaftStorage:Storage Directory /workdir/hadoop-ozone/integration-test/target/test-dir/MiniOzoneClusterImpl-4b226998-9ff7-4298-85da-a0b229337445/datanode-2/data/ratis/2b8c5edf-8270-42e1-8ab1-f8a724cbffc0
2019-10-04 08:26:29,622 [pool-52-thread-1] INFO  server.RaftServerConfigKeys (ConfUtils.java:logGet(43)) - raft.server.log.queue.byte-limit = 2147483647 (custom)
2019-10-04 08:26:29,623 [pool-52-thread-1] INFO  server.RaftServerConfigKeys (ConfUtils.java:logGet(43)) - raft.server.log.queue.element-limit = 1024 (custom)
2019-10-04 08:26:29,623 [pool-52-thread-1] INFO  server.RaftServerConfigKeys (ConfUtils.java:logGet(43)) - raft.server.log.segment.size.max = 1048576 (custom)
2019-10-04 08:26:29,623 [pool-52-thread-1] INFO  server.RaftServerConfigKeys (ConfUtils.java:logGet(43)) - raft.server.log.preallocated.size = 16384 (custom)
2019-10-04 08:26:29,623 [pool-52-thread-1] INFO  server.RaftServerConfigKeys (ConfUtils.java:logGet(43)) - raft.server.log.write.buffer.size = 33554432 (custom)
2019-10-04 08:26:29,623 [pool-52-thread-1] INFO  server.RaftServerConfigKeys (ConfUtils.java:logGet(43)) - raft.server.log.force.sync.num = 128 (default)
2019-10-04 08:26:29,624 [pool-52-thread-1] INFO  server.RaftServerConfigKeys (ConfUtils.java:logGet(43)) - raft.server.log.statemachine.data.sync = true (default)
2019-10-04 08:26:29,624 [pool-52-thread-1] INFO  server.RaftServerConfigKeys (ConfUtils.java:logGet(43)) - raft.server.log.statemachine.data.sync.timeout = 10s (default)
2019-10-04 08:26:29,624 [pool-52-thread-1] INFO  server.RaftServerConfigKeys (ConfUtils.java:logGet(43)) - raft.server.log.statemachine.data.sync.timeout.retry = -1 (default)
2019-10-04 08:26:29,625 [pool-52-thread-1] INFO  server.RaftServerConfigKeys (ConfUtils.java:logGet(43)) - raft.server.log.statemachine.data.caching.enabled = true (custom)
2019-10-04 08:26:29,626 [pool-52-thread-1] INFO  segmented.SegmentedRaftLogWorker (SegmentedRaftLogWorker.java:lambda$new$0(128)) - 78ad1eae-dd30-4422-a73c-b6f59a8345bf@group-F8A724CBFFC0-SegmentedRaftLogWorker: flushIndex: setUnconditionally 0 -> -1
2019-10-04 08:26:29,626 [pool-52-thread-1] INFO  server.RaftServerConfigKeys (ConfUtils.java:logGet(43)) - raft.server.snapshot.auto.trigger.enabled = true (custom)
2019-10-04 08:26:29,626 [pool-52-thread-1] INFO  server.RaftServerConfigKeys (ConfUtils.java:logGet(43)) - raft.server.snapshot.auto.trigger.threshold = 10000 (custom)
2019-10-04 08:26:29,626 [pool-52-thread-1] INFO  server.RaftServerConfigKeys (ConfUtils.java:logGet(43)) - raft.server.snapshot.retention.file.num = 5 (custom)
2019-10-04 08:26:29,627 [pool-52-thread-1] INFO  server.RaftServerConfigKeys (ConfUtils.java:logGet(43)) - raft.server.retrycache.expirytime = 600000ms (custom)
2019-10-04 08:26:29,631 [pool-52-thread-1] INFO  impl.RaftServerImpl (RaftServerImpl.java:start(181)) - 78ad1eae-dd30-4422-a73c-b6f59a8345bf@group-F8A724CBFFC0: start as a follower, conf=-1: [78ad1eae-dd30-4422-a73c-b6f59a8345bf:192.168.30.44:41443], old=null
2019-10-04 08:26:29,631 [pool-52-thread-1] INFO  impl.RaftServerImpl (RaftServerImpl.java:setRole(170)) - 78ad1eae-dd30-4422-a73c-b6f59a8345bf@group-F8A724CBFFC0: changes role from      null to FOLLOWER at term 0 for startAsFollower
2019-10-04 08:26:29,631 [pool-52-thread-1] INFO  impl.RoleInfo (RoleInfo.java:updateAndGet(143)) - 78ad1eae-dd30-4422-a73c-b6f59a8345bf: start FollowerState
2019-10-04 08:26:29,632 [pool-52-thread-1] INFO  util.JmxRegister (JmxRegister.java:tryRegister(44)) - Successfully registered JMX Bean with object name Ratis:service=RaftServer,group=group-F8A724CBFFC0,id=78ad1eae-dd30-4422-a73c-b6f59a8345bf
2019-10-04 08:26:29,648 [RatisPipelineUtilsThread] INFO  pipeline.PipelineStateManager (PipelineStateManager.java:addPipeline(56)) - Created pipeline Pipeline[ Id: 2b8c5edf-8270-42e1-8ab1-f8a724cbffc0, Nodes: 78ad1eae-dd30-4422-a73c-b6f59a8345bf{ip: 192.168.30.44, host: pr-hdds-2230-99mx8-1595754997, networkLocation: /rack1, certSerialId: null}, Type:RATIS, Factor:ONE, State:OPEN]
2019-10-04 08:26:29,667 [grpc-default-executor-0] INFO  impl.RaftServerProxy (RaftServerProxy.java:addNew(89)) - aa228245-d839-4484-90f9-807ddd942487: addNew group-FDC33C0E0198:[aa228245-d839-4484-90f9-807ddd942487:192.168.30.44:37378] returns group-FDC33C0E0198:java.util.concurrent.CompletableFuture@2c75892c[Not completed]
2019-10-04 08:26:29,668 [pool-42-thread-1] INFO  impl.RaftServerImpl (RaftServerImpl.java:<init>(95)) - aa228245-d839-4484-90f9-807ddd942487: new RaftServerImpl for group-FDC33C0E0198:[aa228245-d839-4484-90f9-807ddd942487:192.168.30.44:37378] with ContainerStateMachine:uninitialized
2019-10-04 08:26:29,668 [pool-42-thread-1] INFO  server.RaftServerConfigKeys (ConfUtils.java:logGet(43)) - raft.server.rpc.timeout.min = 5s (custom)
2019-10-04 08:26:29,669 [pool-42-thread-1] INFO  server.RaftServerConfigKeys (ConfUtils.java:logGet(43)) - raft.server.rpc.timeout.max = 5200ms (custom)
2019-10-04 08:26:29,669 [pool-42-thread-1] INFO  server.RaftServerConfigKeys (ConfUtils.java:logGet(43)) - raft.server.rpcslowness.timeout = 120s (custom)
2019-10-04 08:26:29,669 [pool-42-thread-1] INFO  server.RaftServerConfigKeys (ConfUtils.java:logGet(43)) - raft.server.sleep.deviation.threshold = 300 (default)
2019-10-04 08:26:29,669 [pool-42-thread-1] INFO  server.RaftServerConfigKeys (ConfUtils.java:logGet(43)) - raft.server.log.appender.install.snapshot.enabled = false (custom)
2019-10-04 08:26:29,669 [pool-42-thread-1] INFO  impl.RaftServerImpl (ServerState.java:<init>(103)) - aa228245-d839-4484-90f9-807ddd942487@group-FDC33C0E0198: ConfigurationManager, init=-1: [aa228245-d839-4484-90f9-807ddd942487:192.168.30.44:37378], old=null, confs=<EMPTY_MAP>
2019-10-04 08:26:29,669 [pool-42-thread-1] INFO  server.RaftServerConfigKeys (ConfUtils.java:logGet(43)) - raft.server.storage.dir = [/workdir/hadoop-ozone/integration-test/target/test-dir/MiniOzoneClusterImpl-4b226998-9ff7-4298-85da-a0b229337445/datanode-1/data/ratis] (custom)
2019-10-04 08:26:29,669 [pool-42-thread-1] INFO  server.RaftServerConfigKeys (ConfUtils.java:logGet(43)) - raft.server.log.corruption.policy = EXCEPTION (default)
2019-10-04 08:26:29,670 [pool-42-thread-1] INFO  storage.RaftStorageDirectory (RaftStorageDirectory.java:analyzeStorage(246)) - The storage directory /workdir/hadoop-ozone/integration-test/target/test-dir/MiniOzoneClusterImpl-4b226998-9ff7-4298-85da-a0b229337445/datanode-1/data/ratis/80c3f4b4-7d3b-4196-a08e-fdc33c0e0198 does not exist. Creating ...
2019-10-04 08:26:29,691 [pool-42-thread-1] INFO  storage.RaftStorageDirectory (RaftStorageDirectory.java:tryLock(328)) - Lock on /workdir/hadoop-ozone/integration-test/target/test-dir/MiniOzoneClusterImpl-4b226998-9ff7-4298-85da-a0b229337445/datanode-1/data/ratis/80c3f4b4-7d3b-4196-a08e-fdc33c0e0198/in_use.lock acquired by nodename 29219@pr-hdds-2230-99mx8-1595754997
2019-10-04 08:26:29,717 [pool-42-thread-1] INFO  storage.RaftStorage (RaftStorage.java:format(84)) - Storage directory /workdir/hadoop-ozone/integration-test/target/test-dir/MiniOzoneClusterImpl-4b226998-9ff7-4298-85da-a0b229337445/datanode-1/data/ratis/80c3f4b4-7d3b-4196-a08e-fdc33c0e0198 has been successfully formatted.
2019-10-04 08:26:29,717 [pool-42-thread-1] INFO  ratis.ContainerStateMachine (ContainerStateMachine.java:loadSnapshot(230)) - group-FDC33C0E0198: The snapshot info is null. Setting the last applied indexto:(t:0, i:~)
2019-10-04 08:26:29,717 [pool-42-thread-1] INFO  server.RaftServerConfigKeys (ConfUtils.java:logGet(43)) - raft.server.notification.no-leader.timeout = 120s (custom)
2019-10-04 08:26:29,717 [pool-42-thread-1] INFO  server.RaftServerConfigKeys (ConfUtils.java:logGet(43)) - raft.server.log.use.memory = false (default)
2019-10-04 08:26:29,717 [pool-42-thread-1] INFO  server.RaftServerConfigKeys (ConfUtils.java:logGet(43)) - raft.server.log.purge.gap = 1000000 (custom)
2019-10-04 08:26:29,717 [pool-42-thread-1] INFO  server.RaftServerConfigKeys (ConfUtils.java:logGet(43)) - raft.server.log.appender.buffer.byte-limit = 33554432 (custom)
2019-10-04 08:26:29,718 [pool-42-thread-1] INFO  server.RaftServerConfigKeys (ConfUtils.java:logGet(43)) - raft.server.log.segment.size.max = 1048576 (custom)
2019-10-04 08:26:29,720 [pool-42-thread-1] INFO  server.RaftServerConfigKeys (ConfUtils.java:logGet(43)) - raft.server.log.segment.cache.num.max = 2 (custom)
2019-10-04 08:26:29,720 [pool-42-thread-1] INFO  segmented.SegmentedRaftLogWorker (SegmentedRaftLogWorker.java:<init>(173)) - new aa228245-d839-4484-90f9-807ddd942487@group-FDC33C0E0198-SegmentedRaftLogWorker for RaftStorage:Storage Directory /workdir/hadoop-ozone/integration-test/target/test-dir/MiniOzoneClusterImpl-4b226998-9ff7-4298-85da-a0b229337445/datanode-1/data/ratis/80c3f4b4-7d3b-4196-a08e-fdc33c0e0198
2019-10-04 08:26:29,720 [pool-42-thread-1] INFO  server.RaftServerConfigKeys (ConfUtils.java:logGet(43)) - raft.server.log.queue.byte-limit = 2147483647 (custom)
2019-10-04 08:26:29,721 [pool-42-thread-1] INFO  server.RaftServerConfigKeys (ConfUtils.java:logGet(43)) - raft.server.log.queue.element-limit = 1024 (custom)
2019-10-04 08:26:29,721 [pool-42-thread-1] INFO  server.RaftServerConfigKeys (ConfUtils.java:logGet(43)) - raft.server.log.segment.size.max = 1048576 (custom)
2019-10-04 08:26:29,721 [pool-42-thread-1] INFO  server.RaftServerConfigKeys (ConfUtils.java:logGet(43)) - raft.server.log.preallocated.size = 16384 (custom)
2019-10-04 08:26:29,721 [pool-42-thread-1] INFO  server.RaftServerConfigKeys (ConfUtils.java:logGet(43)) - raft.server.log.write.buffer.size = 33554432 (custom)
2019-10-04 08:26:29,721 [pool-42-thread-1] INFO  server.RaftServerConfigKeys (ConfUtils.java:logGet(43)) - raft.server.log.force.sync.num = 128 (default)
2019-10-04 08:26:29,721 [pool-42-thread-1] INFO  server.RaftServerConfigKeys (ConfUtils.java:logGet(43)) - raft.server.log.statemachine.data.sync = true (default)
2019-10-04 08:26:29,721 [pool-42-thread-1] INFO  server.RaftServerConfigKeys (ConfUtils.java:logGet(43)) - raft.server.log.statemachine.data.sync.timeout = 10s (default)
2019-10-04 08:26:29,722 [pool-42-thread-1] INFO  server.RaftServerConfigKeys (ConfUtils.java:logGet(43)) - raft.server.log.statemachine.data.sync.timeout.retry = -1 (default)
2019-10-04 08:26:29,722 [pool-42-thread-1] INFO  server.RaftServerConfigKeys (ConfUtils.java:logGet(43)) - raft.server.log.statemachine.data.caching.enabled = true (custom)
2019-10-04 08:26:29,722 [pool-42-thread-1] INFO  segmented.SegmentedRaftLogWorker (SegmentedRaftLogWorker.java:lambda$new$0(128)) - aa228245-d839-4484-90f9-807ddd942487@group-FDC33C0E0198-SegmentedRaftLogWorker: flushIndex: setUnconditionally 0 -> -1
2019-10-04 08:26:29,723 [pool-42-thread-1] INFO  server.RaftServerConfigKeys (ConfUtils.java:logGet(43)) - raft.server.snapshot.auto.trigger.enabled = true (custom)
2019-10-04 08:26:29,723 [pool-42-thread-1] INFO  server.RaftServerConfigKeys (ConfUtils.java:logGet(43)) - raft.server.snapshot.auto.trigger.threshold = 10000 (custom)
2019-10-04 08:26:29,723 [pool-42-thread-1] INFO  server.RaftServerConfigKeys (ConfUtils.java:logGet(43)) - raft.server.snapshot.retention.file.num = 5 (custom)
2019-10-04 08:26:29,723 [pool-42-thread-1] INFO  server.RaftServerConfigKeys (ConfUtils.java:logGet(43)) - raft.server.retrycache.expirytime = 600000ms (custom)
2019-10-04 08:26:29,725 [pool-42-thread-1] INFO  impl.RaftServerImpl (RaftServerImpl.java:start(181)) - aa228245-d839-4484-90f9-807ddd942487@group-FDC33C0E0198: start as a follower, conf=-1: [aa228245-d839-4484-90f9-807ddd942487:192.168.30.44:37378], old=null
2019-10-04 08:26:29,725 [pool-42-thread-1] INFO  impl.RaftServerImpl (RaftServerImpl.java:setRole(170)) - aa228245-d839-4484-90f9-807ddd942487@group-FDC33C0E0198: changes role from      null to FOLLOWER at term 0 for startAsFollower
2019-10-04 08:26:29,726 [pool-42-thread-1] INFO  impl.RoleInfo (RoleInfo.java:updateAndGet(143)) - aa228245-d839-4484-90f9-807ddd942487: start FollowerState
2019-10-04 08:26:29,726 [pool-42-thread-1] INFO  util.JmxRegister (JmxRegister.java:tryRegister(44)) - Successfully registered JMX Bean with object name Ratis:service=RaftServer,group=group-FDC33C0E0198,id=aa228245-d839-4484-90f9-807ddd942487
2019-10-04 08:26:29,740 [RatisPipelineUtilsThread] INFO  pipeline.PipelineStateManager (PipelineStateManager.java:addPipeline(56)) - Created pipeline Pipeline[ Id: 80c3f4b4-7d3b-4196-a08e-fdc33c0e0198, Nodes: aa228245-d839-4484-90f9-807ddd942487{ip: 192.168.30.44, host: pr-hdds-2230-99mx8-1595754997, networkLocation: /rack1, certSerialId: null}, Type:RATIS, Factor:ONE, State:OPEN]
2019-10-04 08:26:29,792 [grpc-default-executor-2] INFO  impl.RaftServerProxy (RaftServerProxy.java:addNew(89)) - 8509ebf7-1345-45c7-bb89-954c3e77250c: addNew group-8C576764DEFF:[39a121bc-ba36-4509-bdf8-e27f03138def:192.168.30.44:44082, 8509ebf7-1345-45c7-bb89-954c3e77250c:192.168.30.44:34212, 78ad1eae-dd30-4422-a73c-b6f59a8345bf:192.168.30.44:41443] returns group-8C576764DEFF:java.util.concurrent.CompletableFuture@2d7d284[Not completed]
2019-10-04 08:26:29,792 [grpc-default-executor-1] INFO  impl.RaftServerProxy (RaftServerProxy.java:addNew(89)) - 78ad1eae-dd30-4422-a73c-b6f59a8345bf: addNew group-8C576764DEFF:[39a121bc-ba36-4509-bdf8-e27f03138def:192.168.30.44:44082, 8509ebf7-1345-45c7-bb89-954c3e77250c:192.168.30.44:34212, 78ad1eae-dd30-4422-a73c-b6f59a8345bf:192.168.30.44:41443] returns group-8C576764DEFF:java.util.concurrent.CompletableFuture@383f8eef[Not completed]
2019-10-04 08:26:29,794 [grpc-default-executor-0] INFO  impl.RaftServerProxy (RaftServerProxy.java:addNew(89)) - 39a121bc-ba36-4509-bdf8-e27f03138def: addNew group-8C576764DEFF:[39a121bc-ba36-4509-bdf8-e27f03138def:192.168.30.44:44082, 8509ebf7-1345-45c7-bb89-954c3e77250c:192.168.30.44:34212, 78ad1eae-dd30-4422-a73c-b6f59a8345bf:192.168.30.44:41443] returns group-8C576764DEFF:java.util.concurrent.CompletableFuture@5b219405[Not completed]
2019-10-04 08:26:29,795 [pool-62-thread-1] INFO  impl.RaftServerImpl (RaftServerImpl.java:<init>(95)) - 8509ebf7-1345-45c7-bb89-954c3e77250c: new RaftServerImpl for group-8C576764DEFF:[39a121bc-ba36-4509-bdf8-e27f03138def:192.168.30.44:44082, 8509ebf7-1345-45c7-bb89-954c3e77250c:192.168.30.44:34212, 78ad1eae-dd30-4422-a73c-b6f59a8345bf:192.168.30.44:41443] with ContainerStateMachine:uninitialized
2019-10-04 08:26:29,795 [pool-62-thread-1] INFO  server.RaftServerConfigKeys (ConfUtils.java:logGet(43)) - raft.server.rpc.timeout.min = 5s (custom)
2019-10-04 08:26:29,795 [pool-62-thread-1] INFO  server.RaftServerConfigKeys (ConfUtils.java:logGet(43)) - raft.server.rpc.timeout.max = 5200ms (custom)
2019-10-04 08:26:29,796 [pool-62-thread-1] INFO  server.RaftServerConfigKeys (ConfUtils.java:logGet(43)) - raft.server.rpcslowness.timeout = 120s (custom)
2019-10-04 08:26:29,796 [pool-62-thread-1] INFO  server.RaftServerConfigKeys (ConfUtils.java:logGet(43)) - raft.server.sleep.deviation.threshold = 300 (default)
2019-10-04 08:26:29,796 [pool-32-thread-1] INFO  impl.RaftServerImpl (RaftServerImpl.java:<init>(95)) - 39a121bc-ba36-4509-bdf8-e27f03138def: new RaftServerImpl for group-8C576764DEFF:[39a121bc-ba36-4509-bdf8-e27f03138def:192.168.30.44:44082, 8509ebf7-1345-45c7-bb89-954c3e77250c:192.168.30.44:34212, 78ad1eae-dd30-4422-a73c-b6f59a8345bf:192.168.30.44:41443] with ContainerStateMachine:uninitialized
2019-10-04 08:26:29,796 [pool-62-thread-1] INFO  server.RaftServerConfigKeys (ConfUtils.java:logGet(43)) - raft.server.log.appender.install.snapshot.enabled = false (custom)
2019-10-04 08:26:29,796 [pool-32-thread-1] INFO  server.RaftServerConfigKeys (ConfUtils.java:logGet(43)) - raft.server.rpc.timeout.min = 5s (custom)
2019-10-04 08:26:29,796 [pool-62-thread-1] INFO  impl.RaftServerImpl (ServerState.java:<init>(103)) - 8509ebf7-1345-45c7-bb89-954c3e77250c@group-8C576764DEFF: ConfigurationManager, init=-1: [39a121bc-ba36-4509-bdf8-e27f03138def:192.168.30.44:44082, 8509ebf7-1345-45c7-bb89-954c3e77250c:192.168.30.44:34212, 78ad1eae-dd30-4422-a73c-b6f59a8345bf:192.168.30.44:41443], old=null, confs=<EMPTY_MAP>
2019-10-04 08:26:29,796 [pool-32-thread-1] INFO  server.RaftServerConfigKeys (ConfUtils.java:logGet(43)) - raft.server.rpc.timeout.max = 5200ms (custom)
2019-10-04 08:26:29,797 [pool-62-thread-1] INFO  server.RaftServerConfigKeys (ConfUtils.java:logGet(43)) - raft.server.storage.dir = [/workdir/hadoop-ozone/integration-test/target/test-dir/MiniOzoneClusterImpl-4b226998-9ff7-4298-85da-a0b229337445/datanode-3/data/ratis] (custom)
2019-10-04 08:26:29,797 [pool-32-thread-1] INFO  server.RaftServerConfigKeys (ConfUtils.java:logGet(43)) - raft.server.rpcslowness.timeout = 120s (custom)
2019-10-04 08:26:29,797 [pool-32-thread-1] INFO  server.RaftServerConfigKeys (ConfUtils.java:logGet(43)) - raft.server.sleep.deviation.threshold = 300 (default)
2019-10-04 08:26:29,797 [pool-62-thread-1] INFO  server.RaftServerConfigKeys (ConfUtils.java:logGet(43)) - raft.server.log.corruption.policy = EXCEPTION (default)
2019-10-04 08:26:29,797 [pool-32-thread-1] INFO  server.RaftServerConfigKeys (ConfUtils.java:logGet(43)) - raft.server.log.appender.install.snapshot.enabled = false (custom)
2019-10-04 08:26:29,797 [pool-62-thread-1] INFO  storage.RaftStorageDirectory (RaftStorageDirectory.java:analyzeStorage(246)) - The storage directory /workdir/hadoop-ozone/integration-test/target/test-dir/MiniOzoneClusterImpl-4b226998-9ff7-4298-85da-a0b229337445/datanode-3/data/ratis/0f5ce402-effc-46c2-a309-8c576764deff does not exist. Creating ...
2019-10-04 08:26:29,797 [pool-32-thread-1] INFO  impl.RaftServerImpl (ServerState.java:<init>(103)) - 39a121bc-ba36-4509-bdf8-e27f03138def@group-8C576764DEFF: ConfigurationManager, init=-1: [39a121bc-ba36-4509-bdf8-e27f03138def:192.168.30.44:44082, 8509ebf7-1345-45c7-bb89-954c3e77250c:192.168.30.44:34212, 78ad1eae-dd30-4422-a73c-b6f59a8345bf:192.168.30.44:41443], old=null, confs=<EMPTY_MAP>
2019-10-04 08:26:29,797 [pool-52-thread-1] INFO  impl.RaftServerImpl (RaftServerImpl.java:<init>(95)) - 78ad1eae-dd30-4422-a73c-b6f59a8345bf: new RaftServerImpl for group-8C576764DEFF:[39a121bc-ba36-4509-bdf8-e27f03138def:192.168.30.44:44082, 8509ebf7-1345-45c7-bb89-954c3e77250c:192.168.30.44:34212, 78ad1eae-dd30-4422-a73c-b6f59a8345bf:192.168.30.44:41443] with ContainerStateMachine:uninitialized
2019-10-04 08:26:29,798 [pool-32-thread-1] INFO  server.RaftServerConfigKeys (ConfUtils.java:logGet(43)) - raft.server.storage.dir = [/workdir/hadoop-ozone/integration-test/target/test-dir/MiniOzoneClusterImpl-4b226998-9ff7-4298-85da-a0b229337445/datanode-0/data/ratis] (custom)
2019-10-04 08:26:29,798 [pool-52-thread-1] INFO  server.RaftServerConfigKeys (ConfUtils.java:logGet(43)) - raft.server.rpc.timeout.min = 5s (custom)
2019-10-04 08:26:29,798 [pool-32-thread-1] INFO  server.RaftServerConfigKeys (ConfUtils.java:logGet(43)) - raft.server.log.corruption.policy = EXCEPTION (default)
2019-10-04 08:26:29,798 [pool-52-thread-1] INFO  server.RaftServerConfigKeys (ConfUtils.java:logGet(43)) - raft.server.rpc.timeout.max = 5200ms (custom)
2019-10-04 08:26:29,798 [pool-32-thread-1] INFO  storage.RaftStorageDirectory (RaftStorageDirectory.java:analyzeStorage(246)) - The storage directory /workdir/hadoop-ozone/integration-test/target/test-dir/MiniOzoneClusterImpl-4b226998-9ff7-4298-85da-a0b229337445/datanode-0/data/ratis/0f5ce402-effc-46c2-a309-8c576764deff does not exist. Creating ...
2019-10-04 08:26:29,798 [pool-52-thread-1] INFO  server.RaftServerConfigKeys (ConfUtils.java:logGet(43)) - raft.server.rpcslowness.timeout = 120s (custom)
2019-10-04 08:26:29,799 [pool-52-thread-1] INFO  server.RaftServerConfigKeys (ConfUtils.java:logGet(43)) - raft.server.sleep.deviation.threshold = 300 (default)
2019-10-04 08:26:29,799 [pool-52-thread-1] INFO  server.RaftServerConfigKeys (ConfUtils.java:logGet(43)) - raft.server.log.appender.install.snapshot.enabled = false (custom)
2019-10-04 08:26:29,799 [pool-52-thread-1] INFO  impl.RaftServerImpl (ServerState.java:<init>(103)) - 78ad1eae-dd30-4422-a73c-b6f59a8345bf@group-8C576764DEFF: ConfigurationManager, init=-1: [39a121bc-ba36-4509-bdf8-e27f03138def:192.168.30.44:44082, 8509ebf7-1345-45c7-bb89-954c3e77250c:192.168.30.44:34212, 78ad1eae-dd30-4422-a73c-b6f59a8345bf:192.168.30.44:41443], old=null, confs=<EMPTY_MAP>
2019-10-04 08:26:29,799 [pool-52-thread-1] INFO  server.RaftServerConfigKeys (ConfUtils.java:logGet(43)) - raft.server.storage.dir = [/workdir/hadoop-ozone/integration-test/target/test-dir/MiniOzoneClusterImpl-4b226998-9ff7-4298-85da-a0b229337445/datanode-2/data/ratis] (custom)
2019-10-04 08:26:29,800 [pool-52-thread-1] INFO  server.RaftServerConfigKeys (ConfUtils.java:logGet(43)) - raft.server.log.corruption.policy = EXCEPTION (default)
2019-10-04 08:26:29,800 [pool-52-thread-1] INFO  storage.RaftStorageDirectory (RaftStorageDirectory.java:analyzeStorage(246)) - The storage directory /workdir/hadoop-ozone/integration-test/target/test-dir/MiniOzoneClusterImpl-4b226998-9ff7-4298-85da-a0b229337445/datanode-2/data/ratis/0f5ce402-effc-46c2-a309-8c576764deff does not exist. Creating ...
2019-10-04 08:26:29,826 [pool-32-thread-1] INFO  storage.RaftStorageDirectory (RaftStorageDirectory.java:tryLock(328)) - Lock on /workdir/hadoop-ozone/integration-test/target/test-dir/MiniOzoneClusterImpl-4b226998-9ff7-4298-85da-a0b229337445/datanode-0/data/ratis/0f5ce402-effc-46c2-a309-8c576764deff/in_use.lock acquired by nodename 29219@pr-hdds-2230-99mx8-1595754997
2019-10-04 08:26:29,826 [pool-62-thread-1] INFO  storage.RaftStorageDirectory (RaftStorageDirectory.java:tryLock(328)) - Lock on /workdir/hadoop-ozone/integration-test/target/test-dir/MiniOzoneClusterImpl-4b226998-9ff7-4298-85da-a0b229337445/datanode-3/data/ratis/0f5ce402-effc-46c2-a309-8c576764deff/in_use.lock acquired by nodename 29219@pr-hdds-2230-99mx8-1595754997
2019-10-04 08:26:29,826 [pool-52-thread-1] INFO  storage.RaftStorageDirectory (RaftStorageDirectory.java:tryLock(328)) - Lock on /workdir/hadoop-ozone/integration-test/target/test-dir/MiniOzoneClusterImpl-4b226998-9ff7-4298-85da-a0b229337445/datanode-2/data/ratis/0f5ce402-effc-46c2-a309-8c576764deff/in_use.lock acquired by nodename 29219@pr-hdds-2230-99mx8-1595754997
2019-10-04 08:26:29,851 [pool-52-thread-1] INFO  storage.RaftStorage (RaftStorage.java:format(84)) - Storage directory /workdir/hadoop-ozone/integration-test/target/test-dir/MiniOzoneClusterImpl-4b226998-9ff7-4298-85da-a0b229337445/datanode-2/data/ratis/0f5ce402-effc-46c2-a309-8c576764deff has been successfully formatted.
2019-10-04 08:26:29,851 [pool-62-thread-1] INFO  storage.RaftStorage (RaftStorage.java:format(84)) - Storage directory /workdir/hadoop-ozone/integration-test/target/test-dir/MiniOzoneClusterImpl-4b226998-9ff7-4298-85da-a0b229337445/datanode-3/data/ratis/0f5ce402-effc-46c2-a309-8c576764deff has been successfully formatted.
2019-10-04 08:26:29,851 [pool-32-thread-1] INFO  storage.RaftStorage (RaftStorage.java:format(84)) - Storage directory /workdir/hadoop-ozone/integration-test/target/test-dir/MiniOzoneClusterImpl-4b226998-9ff7-4298-85da-a0b229337445/datanode-0/data/ratis/0f5ce402-effc-46c2-a309-8c576764deff has been successfully formatted.
2019-10-04 08:26:29,852 [pool-62-thread-1] INFO  ratis.ContainerStateMachine (ContainerStateMachine.java:loadSnapshot(230)) - group-8C576764DEFF: The snapshot info is null. Setting the last applied indexto:(t:0, i:~)
2019-10-04 08:26:29,852 [pool-52-thread-1] INFO  ratis.ContainerStateMachine (ContainerStateMachine.java:loadSnapshot(230)) - group-8C576764DEFF: The snapshot info is null. Setting the last applied indexto:(t:0, i:~)
2019-10-04 08:26:29,852 [pool-32-thread-1] INFO  ratis.ContainerStateMachine (ContainerStateMachine.java:loadSnapshot(230)) - group-8C576764DEFF: The snapshot info is null. Setting the last applied indexto:(t:0, i:~)
2019-10-04 08:26:29,852 [pool-62-thread-1] INFO  server.RaftServerConfigKeys (ConfUtils.java:logGet(43)) - raft.server.notification.no-leader.timeout = 120s (custom)
2019-10-04 08:26:29,853 [pool-32-thread-1] INFO  server.RaftServerConfigKeys (ConfUtils.java:logGet(43)) - raft.server.notification.no-leader.timeout = 120s (custom)
2019-10-04 08:26:29,852 [pool-52-thread-1] INFO  server.RaftServerConfigKeys (ConfUtils.java:logGet(43)) - raft.server.notification.no-leader.timeout = 120s (custom)
2019-10-04 08:26:29,853 [pool-32-thread-1] INFO  server.RaftServerConfigKeys (ConfUtils.java:logGet(43)) - raft.server.log.use.memory = false (default)
2019-10-04 08:26:29,853 [pool-62-thread-1] INFO  server.RaftServerConfigKeys (ConfUtils.java:logGet(43)) - raft.server.log.use.memory = false (default)
2019-10-04 08:26:29,853 [pool-32-thread-1] INFO  server.RaftServerConfigKeys (ConfUtils.java:logGet(43)) - raft.server.log.purge.gap = 1000000 (custom)
2019-10-04 08:26:29,853 [pool-52-thread-1] INFO  server.RaftServerConfigKeys (ConfUtils.java:logGet(43)) - raft.server.log.use.memory = false (default)
2019-10-04 08:26:29,854 [pool-32-thread-1] INFO  server.RaftServerConfigKeys (ConfUtils.java:logGet(43)) - raft.server.log.appender.buffer.byte-limit = 33554432 (custom)
2019-10-04 08:26:29,853 [pool-62-thread-1] INFO  server.RaftServerConfigKeys (ConfUtils.java:logGet(43)) - raft.server.log.purge.gap = 1000000 (custom)
2019-10-04 08:26:29,854 [pool-32-thread-1] INFO  server.RaftServerConfigKeys (ConfUtils.java:logGet(43)) - raft.server.log.segment.size.max = 1048576 (custom)
2019-10-04 08:26:29,854 [pool-52-thread-1] INFO  server.RaftServerConfigKeys (ConfUtils.java:logGet(43)) - raft.server.log.purge.gap = 1000000 (custom)
2019-10-04 08:26:29,854 [pool-32-thread-1] INFO  server.RaftServerConfigKeys (ConfUtils.java:logGet(43)) - raft.server.log.segment.cache.num.max = 2 (custom)
2019-10-04 08:26:29,854 [pool-62-thread-1] INFO  server.RaftServerConfigKeys (ConfUtils.java:logGet(43)) - raft.server.log.appender.buffer.byte-limit = 33554432 (custom)
2019-10-04 08:26:29,855 [pool-32-thread-1] INFO  segmented.SegmentedRaftLogWorker (SegmentedRaftLogWorker.java:<init>(173)) - new 39a121bc-ba36-4509-bdf8-e27f03138def@group-8C576764DEFF-SegmentedRaftLogWorker for RaftStorage:Storage Directory /workdir/hadoop-ozone/integration-test/target/test-dir/MiniOzoneClusterImpl-4b226998-9ff7-4298-85da-a0b229337445/datanode-0/data/ratis/0f5ce402-effc-46c2-a309-8c576764deff
2019-10-04 08:26:29,854 [pool-52-thread-1] INFO  server.RaftServerConfigKeys (ConfUtils.java:logGet(43)) - raft.server.log.appender.buffer.byte-limit = 33554432 (custom)
2019-10-04 08:26:29,855 [pool-32-thread-1] INFO  server.RaftServerConfigKeys (ConfUtils.java:logGet(43)) - raft.server.log.queue.byte-limit = 2147483647 (custom)
2019-10-04 08:26:29,855 [pool-62-thread-1] INFO  server.RaftServerConfigKeys (ConfUtils.java:logGet(43)) - raft.server.log.segment.size.max = 1048576 (custom)
2019-10-04 08:26:29,855 [pool-32-thread-1] INFO  server.RaftServerConfigKeys (ConfUtils.java:logGet(43)) - raft.server.log.queue.element-limit = 1024 (custom)
2019-10-04 08:26:29,855 [pool-52-thread-1] INFO  server.RaftServerConfigKeys (ConfUtils.java:logGet(43)) - raft.server.log.segment.size.max = 1048576 (custom)
2019-10-04 08:26:29,856 [pool-32-thread-1] INFO  server.RaftServerConfigKeys (ConfUtils.java:logGet(43)) - raft.server.log.segment.size.max = 1048576 (custom)
2019-10-04 08:26:29,856 [pool-62-thread-1] INFO  server.RaftServerConfigKeys (ConfUtils.java:logGet(43)) - raft.server.log.segment.cache.num.max = 2 (custom)
2019-10-04 08:26:29,856 [pool-32-thread-1] INFO  server.RaftServerConfigKeys (ConfUtils.java:logGet(43)) - raft.server.log.preallocated.size = 16384 (custom)
2019-10-04 08:26:29,856 [pool-52-thread-1] INFO  server.RaftServerConfigKeys (ConfUtils.java:logGet(43)) - raft.server.log.segment.cache.num.max = 2 (custom)
2019-10-04 08:26:29,856 [pool-32-thread-1] INFO  server.RaftServerConfigKeys (ConfUtils.java:logGet(43)) - raft.server.log.write.buffer.size = 33554432 (custom)
2019-10-04 08:26:29,856 [pool-62-thread-1] INFO  segmented.SegmentedRaftLogWorker (SegmentedRaftLogWorker.java:<init>(173)) - new 8509ebf7-1345-45c7-bb89-954c3e77250c@group-8C576764DEFF-SegmentedRaftLogWorker for RaftStorage:Storage Directory /workdir/hadoop-ozone/integration-test/target/test-dir/MiniOzoneClusterImpl-4b226998-9ff7-4298-85da-a0b229337445/datanode-3/data/ratis/0f5ce402-effc-46c2-a309-8c576764deff
2019-10-04 08:26:29,857 [pool-32-thread-1] INFO  server.RaftServerConfigKeys (ConfUtils.java:logGet(43)) - raft.server.log.force.sync.num = 128 (default)
2019-10-04 08:26:29,857 [pool-52-thread-1] INFO  segmented.SegmentedRaftLogWorker (SegmentedRaftLogWorker.java:<init>(173)) - new 78ad1eae-dd30-4422-a73c-b6f59a8345bf@group-8C576764DEFF-SegmentedRaftLogWorker for RaftStorage:Storage Directory /workdir/hadoop-ozone/integration-test/target/test-dir/MiniOzoneClusterImpl-4b226998-9ff7-4298-85da-a0b229337445/datanode-2/data/ratis/0f5ce402-effc-46c2-a309-8c576764deff
2019-10-04 08:26:29,857 [pool-32-thread-1] INFO  server.RaftServerConfigKeys (ConfUtils.java:logGet(43)) - raft.server.log.statemachine.data.sync = true (default)
2019-10-04 08:26:29,857 [pool-62-thread-1] INFO  server.RaftServerConfigKeys (ConfUtils.java:logGet(43)) - raft.server.log.queue.byte-limit = 2147483647 (custom)
2019-10-04 08:26:29,857 [pool-32-thread-1] INFO  server.RaftServerConfigKeys (ConfUtils.java:logGet(43)) - raft.server.log.statemachine.data.sync.timeout = 10s (default)
2019-10-04 08:26:29,857 [pool-52-thread-1] INFO  server.RaftServerConfigKeys (ConfUtils.java:logGet(43)) - raft.server.log.queue.byte-limit = 2147483647 (custom)
2019-10-04 08:26:29,858 [pool-32-thread-1] INFO  server.RaftServerConfigKeys (ConfUtils.java:logGet(43)) - raft.server.log.statemachine.data.sync.timeout.retry = -1 (default)
2019-10-04 08:26:29,858 [pool-62-thread-1] INFO  server.RaftServerConfigKeys (ConfUtils.java:logGet(43)) - raft.server.log.queue.element-limit = 1024 (custom)
2019-10-04 08:26:29,858 [pool-52-thread-1] INFO  server.RaftServerConfigKeys (ConfUtils.java:logGet(43)) - raft.server.log.queue.element-limit = 1024 (custom)
2019-10-04 08:26:29,858 [pool-62-thread-1] INFO  server.RaftServerConfigKeys (ConfUtils.java:logGet(43)) - raft.server.log.segment.size.max = 1048576 (custom)
2019-10-04 08:26:29,858 [pool-32-thread-1] INFO  server.RaftServerConfigKeys (ConfUtils.java:logGet(43)) - raft.server.log.statemachine.data.caching.enabled = true (custom)
2019-10-04 08:26:29,859 [pool-62-thread-1] INFO  server.RaftServerConfigKeys (ConfUtils.java:logGet(43)) - raft.server.log.preallocated.size = 16384 (custom)
2019-10-04 08:26:29,858 [pool-52-thread-1] INFO  server.RaftServerConfigKeys (ConfUtils.java:logGet(43)) - raft.server.log.segment.size.max = 1048576 (custom)
2019-10-04 08:26:29,859 [pool-32-thread-1] INFO  segmented.SegmentedRaftLogWorker (SegmentedRaftLogWorker.java:lambda$new$0(128)) - 39a121bc-ba36-4509-bdf8-e27f03138def@group-8C576764DEFF-SegmentedRaftLogWorker: flushIndex: setUnconditionally 0 -> -1
2019-10-04 08:26:29,859 [pool-62-thread-1] INFO  server.RaftServerConfigKeys (ConfUtils.java:logGet(43)) - raft.server.log.write.buffer.size = 33554432 (custom)
2019-10-04 08:26:29,859 [pool-52-thread-1] INFO  server.RaftServerConfigKeys (ConfUtils.java:logGet(43)) - raft.server.log.preallocated.size = 16384 (custom)
2019-10-04 08:26:29,860 [pool-32-thread-1] INFO  server.RaftServerConfigKeys (ConfUtils.java:logGet(43)) - raft.server.snapshot.auto.trigger.enabled = true (custom)
2019-10-04 08:26:29,859 [pool-62-thread-1] INFO  server.RaftServerConfigKeys (ConfUtils.java:logGet(43)) - raft.server.log.force.sync.num = 128 (default)
2019-10-04 08:26:29,860 [pool-32-thread-1] INFO  server.RaftServerConfigKeys (ConfUtils.java:logGet(43)) - raft.server.snapshot.auto.trigger.threshold = 10000 (custom)
2019-10-04 08:26:29,860 [pool-52-thread-1] INFO  server.RaftServerConfigKeys (ConfUtils.java:logGet(43)) - raft.server.log.write.buffer.size = 33554432 (custom)
2019-10-04 08:26:29,860 [pool-32-thread-1] INFO  server.RaftServerConfigKeys (ConfUtils.java:logGet(43)) - raft.server.snapshot.retention.file.num = 5 (custom)
2019-10-04 08:26:29,860 [pool-62-thread-1] INFO  server.RaftServerConfigKeys (ConfUtils.java:logGet(43)) - raft.server.log.statemachine.data.sync = true (default)
2019-10-04 08:26:29,861 [pool-32-thread-1] INFO  server.RaftServerConfigKeys (ConfUtils.java:logGet(43)) - raft.server.retrycache.expirytime = 600000ms (custom)
2019-10-04 08:26:29,860 [pool-52-thread-1] INFO  server.RaftServerConfigKeys (ConfUtils.java:logGet(43)) - raft.server.log.force.sync.num = 128 (default)
2019-10-04 08:26:29,861 [pool-62-thread-1] INFO  server.RaftServerConfigKeys (ConfUtils.java:logGet(43)) - raft.server.log.statemachine.data.sync.timeout = 10s (default)
2019-10-04 08:26:29,861 [pool-52-thread-1] INFO  server.RaftServerConfigKeys (ConfUtils.java:logGet(43)) - raft.server.log.statemachine.data.sync = true (default)
2019-10-04 08:26:29,861 [pool-62-thread-1] INFO  server.RaftServerConfigKeys (ConfUtils.java:logGet(43)) - raft.server.log.statemachine.data.sync.timeout.retry = -1 (default)
2019-10-04 08:26:29,861 [pool-52-thread-1] INFO  server.RaftServerConfigKeys (ConfUtils.java:logGet(43)) - raft.server.log.statemachine.data.sync.timeout = 10s (default)
2019-10-04 08:26:29,862 [pool-52-thread-1] INFO  server.RaftServerConfigKeys (ConfUtils.java:logGet(43)) - raft.server.log.statemachine.data.sync.timeout.retry = -1 (default)
2019-10-04 08:26:29,862 [pool-62-thread-1] INFO  server.RaftServerConfigKeys (ConfUtils.java:logGet(43)) - raft.server.log.statemachine.data.caching.enabled = true (custom)
2019-10-04 08:26:29,862 [pool-52-thread-1] INFO  server.RaftServerConfigKeys (ConfUtils.java:logGet(43)) - raft.server.log.statemachine.data.caching.enabled = true (custom)
2019-10-04 08:26:29,862 [pool-62-thread-1] INFO  segmented.SegmentedRaftLogWorker (SegmentedRaftLogWorker.java:lambda$new$0(128)) - 8509ebf7-1345-45c7-bb89-954c3e77250c@group-8C576764DEFF-SegmentedRaftLogWorker: flushIndex: setUnconditionally 0 -> -1
2019-10-04 08:26:29,863 [pool-52-thread-1] INFO  segmented.SegmentedRaftLogWorker (SegmentedRaftLogWorker.java:lambda$new$0(128)) - 78ad1eae-dd30-4422-a73c-b6f59a8345bf@group-8C576764DEFF-SegmentedRaftLogWorker: flushIndex: setUnconditionally 0 -> -1
2019-10-04 08:26:29,863 [pool-62-thread-1] INFO  server.RaftServerConfigKeys (ConfUtils.java:logGet(43)) - raft.server.snapshot.auto.trigger.enabled = true (custom)
2019-10-04 08:26:29,863 [pool-52-thread-1] INFO  server.RaftServerConfigKeys (ConfUtils.java:logGet(43)) - raft.server.snapshot.auto.trigger.enabled = true (custom)
2019-10-04 08:26:29,863 [pool-62-thread-1] INFO  server.RaftServerConfigKeys (ConfUtils.java:logGet(43)) - raft.server.snapshot.auto.trigger.threshold = 10000 (custom)
2019-10-04 08:26:29,863 [pool-52-thread-1] INFO  server.RaftServerConfigKeys (ConfUtils.java:logGet(43)) - raft.server.snapshot.auto.trigger.threshold = 10000 (custom)
2019-10-04 08:26:29,863 [pool-62-thread-1] INFO  server.RaftServerConfigKeys (ConfUtils.java:logGet(43)) - raft.server.snapshot.retention.file.num = 5 (custom)
2019-10-04 08:26:29,863 [pool-52-thread-1] INFO  server.RaftServerConfigKeys (ConfUtils.java:logGet(43)) - raft.server.snapshot.retention.file.num = 5 (custom)
2019-10-04 08:26:29,864 [pool-62-thread-1] INFO  server.RaftServerConfigKeys (ConfUtils.java:logGet(43)) - raft.server.retrycache.expirytime = 600000ms (custom)
2019-10-04 08:26:29,864 [pool-52-thread-1] INFO  server.RaftServerConfigKeys (ConfUtils.java:logGet(43)) - raft.server.retrycache.expirytime = 600000ms (custom)
2019-10-04 08:26:29,865 [pool-32-thread-1] INFO  impl.RaftServerImpl (RaftServerImpl.java:start(181)) - 39a121bc-ba36-4509-bdf8-e27f03138def@group-8C576764DEFF: start as a follower, conf=-1: [39a121bc-ba36-4509-bdf8-e27f03138def:192.168.30.44:44082, 8509ebf7-1345-45c7-bb89-954c3e77250c:192.168.30.44:34212, 78ad1eae-dd30-4422-a73c-b6f59a8345bf:192.168.30.44:41443], old=null
2019-10-04 08:26:29,865 [pool-32-thread-1] INFO  impl.RaftServerImpl (RaftServerImpl.java:setRole(170)) - 39a121bc-ba36-4509-bdf8-e27f03138def@group-8C576764DEFF: changes role from      null to FOLLOWER at term 0 for startAsFollower
2019-10-04 08:26:29,865 [pool-32-thread-1] INFO  impl.RoleInfo (RoleInfo.java:updateAndGet(143)) - 39a121bc-ba36-4509-bdf8-e27f03138def: start FollowerState
2019-10-04 08:26:29,866 [pool-32-thread-1] INFO  util.JmxRegister (JmxRegister.java:tryRegister(44)) - Successfully registered JMX Bean with object name Ratis:service=RaftServer,group=group-8C576764DEFF,id=39a121bc-ba36-4509-bdf8-e27f03138def
2019-10-04 08:26:29,869 [pool-62-thread-1] INFO  impl.RaftServerImpl (RaftServerImpl.java:start(181)) - 8509ebf7-1345-45c7-bb89-954c3e77250c@group-8C576764DEFF: start as a follower, conf=-1: [39a121bc-ba36-4509-bdf8-e27f03138def:192.168.30.44:44082, 8509ebf7-1345-45c7-bb89-954c3e77250c:192.168.30.44:34212, 78ad1eae-dd30-4422-a73c-b6f59a8345bf:192.168.30.44:41443], old=null
2019-10-04 08:26:29,870 [pool-62-thread-1] INFO  impl.RaftServerImpl (RaftServerImpl.java:setRole(170)) - 8509ebf7-1345-45c7-bb89-954c3e77250c@group-8C576764DEFF: changes role from      null to FOLLOWER at term 0 for startAsFollower
2019-10-04 08:26:29,870 [pool-62-thread-1] INFO  impl.RoleInfo (RoleInfo.java:updateAndGet(143)) - 8509ebf7-1345-45c7-bb89-954c3e77250c: start FollowerState
2019-10-04 08:26:29,870 [pool-52-thread-1] INFO  impl.RaftServerImpl (RaftServerImpl.java:start(181)) - 78ad1eae-dd30-4422-a73c-b6f59a8345bf@group-8C576764DEFF: start as a follower, conf=-1: [39a121bc-ba36-4509-bdf8-e27f03138def:192.168.30.44:44082, 8509ebf7-1345-45c7-bb89-954c3e77250c:192.168.30.44:34212, 78ad1eae-dd30-4422-a73c-b6f59a8345bf:192.168.30.44:41443], old=null
2019-10-04 08:26:29,870 [pool-62-thread-1] INFO  util.JmxRegister (JmxRegister.java:tryRegister(44)) - Successfully registered JMX Bean with object name Ratis:service=RaftServer,group=group-8C576764DEFF,id=8509ebf7-1345-45c7-bb89-954c3e77250c
2019-10-04 08:26:29,870 [pool-52-thread-1] INFO  impl.RaftServerImpl (RaftServerImpl.java:setRole(170)) - 78ad1eae-dd30-4422-a73c-b6f59a8345bf@group-8C576764DEFF: changes role from      null to FOLLOWER at term 0 for startAsFollower
2019-10-04 08:26:29,871 [pool-52-thread-1] INFO  impl.RoleInfo (RoleInfo.java:updateAndGet(143)) - 78ad1eae-dd30-4422-a73c-b6f59a8345bf: start FollowerState
2019-10-04 08:26:29,871 [pool-52-thread-1] INFO  util.JmxRegister (JmxRegister.java:tryRegister(44)) - Successfully registered JMX Bean with object name Ratis:service=RaftServer,group=group-8C576764DEFF,id=78ad1eae-dd30-4422-a73c-b6f59a8345bf
2019-10-04 08:26:29,903 [RatisPipelineUtilsThread] INFO  pipeline.PipelineStateManager (PipelineStateManager.java:addPipeline(56)) - Created pipeline Pipeline[ Id: 0f5ce402-effc-46c2-a309-8c576764deff, Nodes: 8509ebf7-1345-45c7-bb89-954c3e77250c{ip: 192.168.30.44, host: pr-hdds-2230-99mx8-1595754997, networkLocation: /rack1, certSerialId: null}78ad1eae-dd30-4422-a73c-b6f59a8345bf{ip: 192.168.30.44, host: pr-hdds-2230-99mx8-1595754997, networkLocation: /rack1, certSerialId: null}39a121bc-ba36-4509-bdf8-e27f03138def{ip: 192.168.30.44, host: pr-hdds-2230-99mx8-1595754997, networkLocation: /rack1, certSerialId: null}, Type:RATIS, Factor:THREE, State:OPEN]
2019-10-04 08:26:30,002 [main] INFO  ozone.MiniOzoneClusterImpl (MiniOzoneClusterImpl.java:lambda$waitForClusterToBeReady$0(147)) - Cluster is ready. Got 4 of 4 DN Heartbeats.
2019-10-04 08:26:31,092 [Thread-223] INFO  rpc.RpcClient (RpcClient.java:createVolume(277)) - Creating Volume: 252cac17-a69b-4c79-8f9b-a752f85800e7, with jenkins1000 as owner.
2019-10-04 08:26:31,205 [OM StateMachine ApplyTransaction Thread - 0] INFO  volume.OMVolumeCreateRequest (OMVolumeCreateRequest.java:validateAndUpdateCache(193)) - created volume:252cac17-a69b-4c79-8f9b-a752f85800e7 for user:jenkins1000
2019-10-04 08:26:31,226 [Thread-223] INFO  rpc.RpcClient (RpcClient.java:createBucket(416)) - Creating Bucket: 252cac17-a69b-4c79-8f9b-a752f85800e7/20c60020-e292-4fdf-8976-3cc4472fe71c, with Versioning false and Storage Type set to DISK and Encryption set to false 
2019-10-04 08:26:31,447 [Thread-223] INFO  impl.MetricsSystemImpl (MetricsSystemImpl.java:init(158)) - XceiverClientMetrics metrics system started (again)
2019-10-04 08:26:31,760 [Thread-198] INFO  container.ReplicationManager (ReplicationManager.java:start(162)) - Starting Replication Monitor Thread.
2019-10-04 08:26:31,766 [ReplicationMonitor] INFO  container.ReplicationManager (ReplicationManager.java:run(225)) - Replication Monitor Thread took 3 milliseconds for processing 1 containers.
2019-10-04 08:26:34,517 [Thread-200] INFO  impl.FollowerState (FollowerState.java:run(108)) - 39a121bc-ba36-4509-bdf8-e27f03138def@group-858185C67C73-FollowerState: change to CANDIDATE, lastRpcTime:5185ms, electionTimeout:5185ms
2019-10-04 08:26:34,520 [Thread-200] INFO  impl.RoleInfo (RoleInfo.java:shutdownFollowerState(121)) - 39a121bc-ba36-4509-bdf8-e27f03138def: shutdown FollowerState
2019-10-04 08:26:34,520 [Thread-200] INFO  impl.RaftServerImpl (RaftServerImpl.java:setRole(170)) - 39a121bc-ba36-4509-bdf8-e27f03138def@group-858185C67C73: changes role from  FOLLOWER to CANDIDATE at term 0 for changeToCandidate
2019-10-04 08:26:34,521 [Thread-200] INFO  impl.RoleInfo (RoleInfo.java:updateAndGet(143)) - 39a121bc-ba36-4509-bdf8-e27f03138def: start LeaderElection
2019-10-04 08:26:34,560 [39a121bc-ba36-4509-bdf8-e27f03138def@group-858185C67C73-LeaderElection2] INFO  impl.LeaderElection (LeaderElection.java:askForVotes(178)) - 39a121bc-ba36-4509-bdf8-e27f03138def@group-858185C67C73-LeaderElection2: begin an election at term 1 for -1: [39a121bc-ba36-4509-bdf8-e27f03138def:192.168.30.44:44082], old=null
2019-10-04 08:26:34,562 [39a121bc-ba36-4509-bdf8-e27f03138def@group-858185C67C73-LeaderElection2] INFO  impl.RoleInfo (RoleInfo.java:shutdownLeaderElection(134)) - 39a121bc-ba36-4509-bdf8-e27f03138def: shutdown LeaderElection
2019-10-04 08:26:34,562 [39a121bc-ba36-4509-bdf8-e27f03138def@group-858185C67C73-LeaderElection2] INFO  impl.RaftServerImpl (RaftServerImpl.java:setRole(170)) - 39a121bc-ba36-4509-bdf8-e27f03138def@group-858185C67C73: changes role from CANDIDATE to LEADER at term 1 for changeToLeader
2019-10-04 08:26:34,562 [39a121bc-ba36-4509-bdf8-e27f03138def@group-858185C67C73-LeaderElection2] INFO  impl.RaftServerImpl (ServerState.java:setLeader(255)) - 39a121bc-ba36-4509-bdf8-e27f03138def@group-858185C67C73: change Leader from null to 39a121bc-ba36-4509-bdf8-e27f03138def at term 1 for becomeLeader, leader elected after 5245ms
2019-10-04 08:26:34,563 [39a121bc-ba36-4509-bdf8-e27f03138def@group-858185C67C73-LeaderElection2] INFO  server.RaftServerConfigKeys (ConfUtils.java:logGet(43)) - raft.server.staging.catchup.gap = 1000 (default)
2019-10-04 08:26:34,563 [39a121bc-ba36-4509-bdf8-e27f03138def@group-858185C67C73-LeaderElection2] INFO  server.RaftServerConfigKeys (ConfUtils.java:logGet(43)) - raft.server.rpc.sleep.time = 25ms (default)
2019-10-04 08:26:34,563 [39a121bc-ba36-4509-bdf8-e27f03138def@group-858185C67C73-LeaderElection2] INFO  server.RaftServerConfigKeys (ConfUtils.java:logGet(43)) - raft.server.write.element-limit = 4096 (default)
2019-10-04 08:26:34,563 [39a121bc-ba36-4509-bdf8-e27f03138def@group-858185C67C73-LeaderElection2] INFO  server.RaftServerConfigKeys (ConfUtils.java:logGet(43)) - raft.server.watch.timeout = 10s (default)
2019-10-04 08:26:34,564 [39a121bc-ba36-4509-bdf8-e27f03138def@group-858185C67C73-LeaderElection2] INFO  server.RaftServerConfigKeys (ConfUtils.java:logGet(43)) - raft.server.watch.timeout.denomination = 1s (default)
2019-10-04 08:26:34,564 [39a121bc-ba36-4509-bdf8-e27f03138def@group-858185C67C73-LeaderElection2] INFO  server.RaftServerConfigKeys (ConfUtils.java:logGet(43)) - raft.server.watch.element-limit = 65536 (default)
2019-10-04 08:26:34,568 [39a121bc-ba36-4509-bdf8-e27f03138def@group-858185C67C73-LeaderElection2] INFO  impl.RoleInfo (RoleInfo.java:updateAndGet(143)) - 39a121bc-ba36-4509-bdf8-e27f03138def: start LeaderState
2019-10-04 08:26:34,569 [39a121bc-ba36-4509-bdf8-e27f03138def@group-858185C67C73-LeaderElection2] INFO  segmented.SegmentedRaftLogWorker (SegmentedRaftLogWorker.java:startLogSegment(385)) - 39a121bc-ba36-4509-bdf8-e27f03138def@group-858185C67C73-SegmentedRaftLogWorker: Starting segment from index:0
2019-10-04 08:26:34,570 [39a121bc-ba36-4509-bdf8-e27f03138def@group-858185C67C73-LeaderElection2] INFO  impl.RaftServerImpl (ServerState.java:setRaftConf(356)) - 39a121bc-ba36-4509-bdf8-e27f03138def@group-858185C67C73: set configuration 0: [39a121bc-ba36-4509-bdf8-e27f03138def:192.168.30.44:44082], old=null at 0
2019-10-04 08:26:34,607 [Thread-203] INFO  impl.FollowerState (FollowerState.java:run(108)) - 8509ebf7-1345-45c7-bb89-954c3e77250c@group-5E8C8D3B6FEE-FollowerState: change to CANDIDATE, lastRpcTime:5117ms, electionTimeout:5085ms
2019-10-04 08:26:34,608 [Thread-203] INFO  impl.RoleInfo (RoleInfo.java:shutdownFollowerState(121)) - 8509ebf7-1345-45c7-bb89-954c3e77250c: shutdown FollowerState
2019-10-04 08:26:34,608 [Thread-203] INFO  impl.RaftServerImpl (RaftServerImpl.java:setRole(170)) - 8509ebf7-1345-45c7-bb89-954c3e77250c@group-5E8C8D3B6FEE: changes role from  FOLLOWER to CANDIDATE at term 0 for changeToCandidate
2019-10-04 08:26:34,608 [Thread-203] INFO  impl.RoleInfo (RoleInfo.java:updateAndGet(143)) - 8509ebf7-1345-45c7-bb89-954c3e77250c: start LeaderElection
2019-10-04 08:26:34,638 [39a121bc-ba36-4509-bdf8-e27f03138def@group-858185C67C73-SegmentedRaftLogWorker] INFO  segmented.SegmentedRaftLogWorker (SegmentedRaftLogWorker.java:execute(574)) - 39a121bc-ba36-4509-bdf8-e27f03138def@group-858185C67C73-SegmentedRaftLogWorker: created new log segment /workdir/hadoop-ozone/integration-test/target/test-dir/MiniOzoneClusterImpl-4b226998-9ff7-4298-85da-a0b229337445/datanode-0/data/ratis/d3ed731c-25b8-4188-89e9-858185c67c73/current/log_inprogress_0
2019-10-04 08:26:34,639 [8509ebf7-1345-45c7-bb89-954c3e77250c@group-5E8C8D3B6FEE-LeaderElection3] INFO  impl.LeaderElection (LeaderElection.java:askForVotes(178)) - 8509ebf7-1345-45c7-bb89-954c3e77250c@group-5E8C8D3B6FEE-LeaderElection3: begin an election at term 1 for -1: [8509ebf7-1345-45c7-bb89-954c3e77250c:192.168.30.44:34212], old=null
2019-10-04 08:26:34,641 [8509ebf7-1345-45c7-bb89-954c3e77250c@group-5E8C8D3B6FEE-LeaderElection3] INFO  impl.RoleInfo (RoleInfo.java:shutdownLeaderElection(134)) - 8509ebf7-1345-45c7-bb89-954c3e77250c: shutdown LeaderElection
2019-10-04 08:26:34,641 [8509ebf7-1345-45c7-bb89-954c3e77250c@group-5E8C8D3B6FEE-LeaderElection3] INFO  impl.RaftServerImpl (RaftServerImpl.java:setRole(170)) - 8509ebf7-1345-45c7-bb89-954c3e77250c@group-5E8C8D3B6FEE: changes role from CANDIDATE to LEADER at term 1 for changeToLeader
2019-10-04 08:26:34,643 [8509ebf7-1345-45c7-bb89-954c3e77250c@group-5E8C8D3B6FEE-LeaderElection3] INFO  impl.RaftServerImpl (ServerState.java:setLeader(255)) - 8509ebf7-1345-45c7-bb89-954c3e77250c@group-5E8C8D3B6FEE: change Leader from null to 8509ebf7-1345-45c7-bb89-954c3e77250c at term 1 for becomeLeader, leader elected after 5168ms
2019-10-04 08:26:34,644 [8509ebf7-1345-45c7-bb89-954c3e77250c@group-5E8C8D3B6FEE-LeaderElection3] INFO  server.RaftServerConfigKeys (ConfUtils.java:logGet(43)) - raft.server.staging.catchup.gap = 1000 (default)
2019-10-04 08:26:34,645 [8509ebf7-1345-45c7-bb89-954c3e77250c@group-5E8C8D3B6FEE-LeaderElection3] INFO  server.RaftServerConfigKeys (ConfUtils.java:logGet(43)) - raft.server.rpc.sleep.time = 25ms (default)
2019-10-04 08:26:34,646 [8509ebf7-1345-45c7-bb89-954c3e77250c@group-5E8C8D3B6FEE-LeaderElection3] INFO  server.RaftServerConfigKeys (ConfUtils.java:logGet(43)) - raft.server.write.element-limit = 4096 (default)
2019-10-04 08:26:34,647 [8509ebf7-1345-45c7-bb89-954c3e77250c@group-5E8C8D3B6FEE-LeaderElection3] INFO  server.RaftServerConfigKeys (ConfUtils.java:logGet(43)) - raft.server.watch.timeout = 10s (default)
2019-10-04 08:26:34,647 [8509ebf7-1345-45c7-bb89-954c3e77250c@group-5E8C8D3B6FEE-LeaderElection3] INFO  server.RaftServerConfigKeys (ConfUtils.java:logGet(43)) - raft.server.watch.timeout.denomination = 1s (default)
2019-10-04 08:26:34,647 [8509ebf7-1345-45c7-bb89-954c3e77250c@group-5E8C8D3B6FEE-LeaderElection3] INFO  server.RaftServerConfigKeys (ConfUtils.java:logGet(43)) - raft.server.watch.element-limit = 65536 (default)
2019-10-04 08:26:34,651 [8509ebf7-1345-45c7-bb89-954c3e77250c@group-5E8C8D3B6FEE-LeaderElection3] INFO  impl.RoleInfo (RoleInfo.java:updateAndGet(143)) - 8509ebf7-1345-45c7-bb89-954c3e77250c: start LeaderState
2019-10-04 08:26:34,652 [8509ebf7-1345-45c7-bb89-954c3e77250c@group-5E8C8D3B6FEE-LeaderElection3] INFO  segmented.SegmentedRaftLogWorker (SegmentedRaftLogWorker.java:startLogSegment(385)) - 8509ebf7-1345-45c7-bb89-954c3e77250c@group-5E8C8D3B6FEE-SegmentedRaftLogWorker: Starting segment from index:0
2019-10-04 08:26:34,652 [8509ebf7-1345-45c7-bb89-954c3e77250c@group-5E8C8D3B6FEE-LeaderElection3] INFO  impl.RaftServerImpl (ServerState.java:setRaftConf(356)) - 8509ebf7-1345-45c7-bb89-954c3e77250c@group-5E8C8D3B6FEE: set configuration 0: [8509ebf7-1345-45c7-bb89-954c3e77250c:192.168.30.44:34212], old=null at 0
2019-10-04 08:26:34,703 [8509ebf7-1345-45c7-bb89-954c3e77250c@group-5E8C8D3B6FEE-SegmentedRaftLogWorker] INFO  segmented.SegmentedRaftLogWorker (SegmentedRaftLogWorker.java:execute(574)) - 8509ebf7-1345-45c7-bb89-954c3e77250c@group-5E8C8D3B6FEE-SegmentedRaftLogWorker: created new log segment /workdir/hadoop-ozone/integration-test/target/test-dir/MiniOzoneClusterImpl-4b226998-9ff7-4298-85da-a0b229337445/datanode-3/data/ratis/9cdf4efb-a4d4-4996-86c0-5e8c8d3b6fee/current/log_inprogress_0
2019-10-04 08:26:34,803 [Thread-206] INFO  impl.FollowerState (FollowerState.java:run(108)) - 78ad1eae-dd30-4422-a73c-b6f59a8345bf@group-F8A724CBFFC0-FollowerState: change to CANDIDATE, lastRpcTime:5171ms, electionTimeout:5171ms
2019-10-04 08:26:34,803 [Thread-206] INFO  impl.RoleInfo (RoleInfo.java:shutdownFollowerState(121)) - 78ad1eae-dd30-4422-a73c-b6f59a8345bf: shutdown FollowerState
2019-10-04 08:26:34,803 [Thread-206] INFO  impl.RaftServerImpl (RaftServerImpl.java:setRole(170)) - 78ad1eae-dd30-4422-a73c-b6f59a8345bf@group-F8A724CBFFC0: changes role from  FOLLOWER to CANDIDATE at term 0 for changeToCandidate
2019-10-04 08:26:34,804 [Thread-206] INFO  impl.RoleInfo (RoleInfo.java:updateAndGet(143)) - 78ad1eae-dd30-4422-a73c-b6f59a8345bf: start LeaderElection
2019-10-04 08:26:34,828 [78ad1eae-dd30-4422-a73c-b6f59a8345bf@group-F8A724CBFFC0-LeaderElection4] INFO  impl.LeaderElection (LeaderElection.java:askForVotes(178)) - 78ad1eae-dd30-4422-a73c-b6f59a8345bf@group-F8A724CBFFC0-LeaderElection4: begin an election at term 1 for -1: [78ad1eae-dd30-4422-a73c-b6f59a8345bf:192.168.30.44:41443], old=null
2019-10-04 08:26:34,828 [78ad1eae-dd30-4422-a73c-b6f59a8345bf@group-F8A724CBFFC0-LeaderElection4] INFO  impl.RoleInfo (RoleInfo.java:shutdownLeaderElection(134)) - 78ad1eae-dd30-4422-a73c-b6f59a8345bf: shutdown LeaderElection
2019-10-04 08:26:34,829 [78ad1eae-dd30-4422-a73c-b6f59a8345bf@group-F8A724CBFFC0-LeaderElection4] INFO  impl.RaftServerImpl (RaftServerImpl.java:setRole(170)) - 78ad1eae-dd30-4422-a73c-b6f59a8345bf@group-F8A724CBFFC0: changes role from CANDIDATE to LEADER at term 1 for changeToLeader
2019-10-04 08:26:34,829 [78ad1eae-dd30-4422-a73c-b6f59a8345bf@group-F8A724CBFFC0-LeaderElection4] INFO  impl.RaftServerImpl (ServerState.java:setLeader(255)) - 78ad1eae-dd30-4422-a73c-b6f59a8345bf@group-F8A724CBFFC0: change Leader from null to 78ad1eae-dd30-4422-a73c-b6f59a8345bf at term 1 for becomeLeader, leader elected after 5212ms
2019-10-04 08:26:34,830 [78ad1eae-dd30-4422-a73c-b6f59a8345bf@group-F8A724CBFFC0-LeaderElection4] INFO  server.RaftServerConfigKeys (ConfUtils.java:logGet(43)) - raft.server.staging.catchup.gap = 1000 (default)
2019-10-04 08:26:34,831 [78ad1eae-dd30-4422-a73c-b6f59a8345bf@group-F8A724CBFFC0-LeaderElection4] INFO  server.RaftServerConfigKeys (ConfUtils.java:logGet(43)) - raft.server.rpc.sleep.time = 25ms (default)
2019-10-04 08:26:34,831 [78ad1eae-dd30-4422-a73c-b6f59a8345bf@group-F8A724CBFFC0-LeaderElection4] INFO  server.RaftServerConfigKeys (ConfUtils.java:logGet(43)) - raft.server.write.element-limit = 4096 (default)
2019-10-04 08:26:34,831 [78ad1eae-dd30-4422-a73c-b6f59a8345bf@group-F8A724CBFFC0-LeaderElection4] INFO  server.RaftServerConfigKeys (ConfUtils.java:logGet(43)) - raft.server.watch.timeout = 10s (default)
2019-10-04 08:26:34,832 [78ad1eae-dd30-4422-a73c-b6f59a8345bf@group-F8A724CBFFC0-LeaderElection4] INFO  server.RaftServerConfigKeys (ConfUtils.java:logGet(43)) - raft.server.watch.timeout.denomination = 1s (default)
2019-10-04 08:26:34,832 [78ad1eae-dd30-4422-a73c-b6f59a8345bf@group-F8A724CBFFC0-LeaderElection4] INFO  server.RaftServerConfigKeys (ConfUtils.java:logGet(43)) - raft.server.watch.element-limit = 65536 (default)
2019-10-04 08:26:34,836 [78ad1eae-dd30-4422-a73c-b6f59a8345bf@group-F8A724CBFFC0-LeaderElection4] INFO  impl.RoleInfo (RoleInfo.java:updateAndGet(143)) - 78ad1eae-dd30-4422-a73c-b6f59a8345bf: start LeaderState
2019-10-04 08:26:34,837 [78ad1eae-dd30-4422-a73c-b6f59a8345bf@group-F8A724CBFFC0-LeaderElection4] INFO  segmented.SegmentedRaftLogWorker (SegmentedRaftLogWorker.java:startLogSegment(385)) - 78ad1eae-dd30-4422-a73c-b6f59a8345bf@group-F8A724CBFFC0-SegmentedRaftLogWorker: Starting segment from index:0
2019-10-04 08:26:34,838 [78ad1eae-dd30-4422-a73c-b6f59a8345bf@group-F8A724CBFFC0-LeaderElection4] INFO  impl.RaftServerImpl (ServerState.java:setRaftConf(356)) - 78ad1eae-dd30-4422-a73c-b6f59a8345bf@group-F8A724CBFFC0: set configuration 0: [78ad1eae-dd30-4422-a73c-b6f59a8345bf:192.168.30.44:41443], old=null at 0
2019-10-04 08:26:34,863 [Thread-209] INFO  impl.FollowerState (FollowerState.java:run(108)) - aa228245-d839-4484-90f9-807ddd942487@group-FDC33C0E0198-FollowerState: change to CANDIDATE, lastRpcTime:5137ms, electionTimeout:5128ms
2019-10-04 08:26:34,863 [Thread-209] INFO  impl.RoleInfo (RoleInfo.java:shutdownFollowerState(121)) - aa228245-d839-4484-90f9-807ddd942487: shutdown FollowerState
2019-10-04 08:26:34,863 [Thread-209] INFO  impl.RaftServerImpl (RaftServerImpl.java:setRole(170)) - aa228245-d839-4484-90f9-807ddd942487@group-FDC33C0E0198: changes role from  FOLLOWER to CANDIDATE at term 0 for changeToCandidate
2019-10-04 08:26:34,863 [Thread-209] INFO  impl.RoleInfo (RoleInfo.java:updateAndGet(143)) - aa228245-d839-4484-90f9-807ddd942487: start LeaderElection
2019-10-04 08:26:34,887 [78ad1eae-dd30-4422-a73c-b6f59a8345bf@group-F8A724CBFFC0-SegmentedRaftLogWorker] INFO  segmented.SegmentedRaftLogWorker (SegmentedRaftLogWorker.java:execute(574)) - 78ad1eae-dd30-4422-a73c-b6f59a8345bf@group-F8A724CBFFC0-SegmentedRaftLogWorker: created new log segment /workdir/hadoop-ozone/integration-test/target/test-dir/MiniOzoneClusterImpl-4b226998-9ff7-4298-85da-a0b229337445/datanode-2/data/ratis/2b8c5edf-8270-42e1-8ab1-f8a724cbffc0/current/log_inprogress_0
2019-10-04 08:26:34,887 [aa228245-d839-4484-90f9-807ddd942487@group-FDC33C0E0198-LeaderElection5] INFO  impl.LeaderElection (LeaderElection.java:askForVotes(178)) - aa228245-d839-4484-90f9-807ddd942487@group-FDC33C0E0198-LeaderElection5: begin an election at term 1 for -1: [aa228245-d839-4484-90f9-807ddd942487:192.168.30.44:37378], old=null
2019-10-04 08:26:34,887 [aa228245-d839-4484-90f9-807ddd942487@group-FDC33C0E0198-LeaderElection5] INFO  impl.RoleInfo (RoleInfo.java:shutdownLeaderElection(134)) - aa228245-d839-4484-90f9-807ddd942487: shutdown LeaderElection
2019-10-04 08:26:34,887 [aa228245-d839-4484-90f9-807ddd942487@group-FDC33C0E0198-LeaderElection5] INFO  impl.RaftServerImpl (RaftServerImpl.java:setRole(170)) - aa228245-d839-4484-90f9-807ddd942487@group-FDC33C0E0198: changes role from CANDIDATE to LEADER at term 1 for changeToLeader
2019-10-04 08:26:34,887 [aa228245-d839-4484-90f9-807ddd942487@group-FDC33C0E0198-LeaderElection5] INFO  impl.RaftServerImpl (ServerState.java:setLeader(255)) - aa228245-d839-4484-90f9-807ddd942487@group-FDC33C0E0198: change Leader from null to aa228245-d839-4484-90f9-807ddd942487 at term 1 for becomeLeader, leader elected after 5170ms
2019-10-04 08:26:34,889 [aa228245-d839-4484-90f9-807ddd942487@group-FDC33C0E0198-LeaderElection5] INFO  server.RaftServerConfigKeys (ConfUtils.java:logGet(43)) - raft.server.staging.catchup.gap = 1000 (default)
2019-10-04 08:26:34,889 [aa228245-d839-4484-90f9-807ddd942487@group-FDC33C0E0198-LeaderElection5] INFO  server.RaftServerConfigKeys (ConfUtils.java:logGet(43)) - raft.server.rpc.sleep.time = 25ms (default)
2019-10-04 08:26:34,889 [aa228245-d839-4484-90f9-807ddd942487@group-FDC33C0E0198-LeaderElection5] INFO  server.RaftServerConfigKeys (ConfUtils.java:logGet(43)) - raft.server.write.element-limit = 4096 (default)
2019-10-04 08:26:34,890 [aa228245-d839-4484-90f9-807ddd942487@group-FDC33C0E0198-LeaderElection5] INFO  server.RaftServerConfigKeys (ConfUtils.java:logGet(43)) - raft.server.watch.timeout = 10s (default)
2019-10-04 08:26:34,890 [aa228245-d839-4484-90f9-807ddd942487@group-FDC33C0E0198-LeaderElection5] INFO  server.RaftServerConfigKeys (ConfUtils.java:logGet(43)) - raft.server.watch.timeout.denomination = 1s (default)
2019-10-04 08:26:34,890 [aa228245-d839-4484-90f9-807ddd942487@group-FDC33C0E0198-LeaderElection5] INFO  server.RaftServerConfigKeys (ConfUtils.java:logGet(43)) - raft.server.watch.element-limit = 65536 (default)
2019-10-04 08:26:34,893 [aa228245-d839-4484-90f9-807ddd942487@group-FDC33C0E0198-LeaderElection5] INFO  impl.RoleInfo (RoleInfo.java:updateAndGet(143)) - aa228245-d839-4484-90f9-807ddd942487: start LeaderState
2019-10-04 08:26:34,894 [aa228245-d839-4484-90f9-807ddd942487@group-FDC33C0E0198-LeaderElection5] INFO  segmented.SegmentedRaftLogWorker (SegmentedRaftLogWorker.java:startLogSegment(385)) - aa228245-d839-4484-90f9-807ddd942487@group-FDC33C0E0198-SegmentedRaftLogWorker: Starting segment from index:0
2019-10-04 08:26:34,894 [aa228245-d839-4484-90f9-807ddd942487@group-FDC33C0E0198-LeaderElection5] INFO  impl.RaftServerImpl (ServerState.java:setRaftConf(356)) - aa228245-d839-4484-90f9-807ddd942487@group-FDC33C0E0198: set configuration 0: [aa228245-d839-4484-90f9-807ddd942487:192.168.30.44:37378], old=null at 0
2019-10-04 08:26:34,962 [aa228245-d839-4484-90f9-807ddd942487@group-FDC33C0E0198-SegmentedRaftLogWorker] INFO  segmented.SegmentedRaftLogWorker (SegmentedRaftLogWorker.java:execute(574)) - aa228245-d839-4484-90f9-807ddd942487@group-FDC33C0E0198-SegmentedRaftLogWorker: created new log segment /workdir/hadoop-ozone/integration-test/target/test-dir/MiniOzoneClusterImpl-4b226998-9ff7-4298-85da-a0b229337445/datanode-1/data/ratis/80c3f4b4-7d3b-4196-a08e-fdc33c0e0198/current/log_inprogress_0
2019-10-04 08:26:35,005 [Thread-215] INFO  impl.FollowerState (FollowerState.java:run(108)) - 8509ebf7-1345-45c7-bb89-954c3e77250c@group-8C576764DEFF-FollowerState: change to CANDIDATE, lastRpcTime:5134ms, electionTimeout:5133ms
2019-10-04 08:26:35,005 [Thread-215] INFO  impl.RoleInfo (RoleInfo.java:shutdownFollowerState(121)) - 8509ebf7-1345-45c7-bb89-954c3e77250c: shutdown FollowerState
2019-10-04 08:26:35,005 [Thread-215] INFO  impl.RaftServerImpl (RaftServerImpl.java:setRole(170)) - 8509ebf7-1345-45c7-bb89-954c3e77250c@group-8C576764DEFF: changes role from  FOLLOWER to CANDIDATE at term 0 for changeToCandidate
2019-10-04 08:26:35,005 [Thread-215] INFO  impl.RoleInfo (RoleInfo.java:updateAndGet(143)) - 8509ebf7-1345-45c7-bb89-954c3e77250c: start LeaderElection
2019-10-04 08:26:35,036 [Thread-216] INFO  impl.FollowerState (FollowerState.java:run(108)) - 78ad1eae-dd30-4422-a73c-b6f59a8345bf@group-8C576764DEFF-FollowerState: change to CANDIDATE, lastRpcTime:5165ms, electionTimeout:5165ms
2019-10-04 08:26:35,037 [Thread-216] INFO  impl.RoleInfo (RoleInfo.java:shutdownFollowerState(121)) - 78ad1eae-dd30-4422-a73c-b6f59a8345bf: shutdown FollowerState
2019-10-04 08:26:35,037 [Thread-216] INFO  impl.RaftServerImpl (RaftServerImpl.java:setRole(170)) - 78ad1eae-dd30-4422-a73c-b6f59a8345bf@group-8C576764DEFF: changes role from  FOLLOWER to CANDIDATE at term 0 for changeToCandidate
2019-10-04 08:26:35,037 [Thread-216] INFO  impl.RoleInfo (RoleInfo.java:updateAndGet(143)) - 78ad1eae-dd30-4422-a73c-b6f59a8345bf: start LeaderElection
2019-10-04 08:26:35,040 [8509ebf7-1345-45c7-bb89-954c3e77250c@group-8C576764DEFF-LeaderElection6] INFO  impl.LeaderElection (LeaderElection.java:askForVotes(178)) - 8509ebf7-1345-45c7-bb89-954c3e77250c@group-8C576764DEFF-LeaderElection6: begin an election at term 1 for -1: [39a121bc-ba36-4509-bdf8-e27f03138def:192.168.30.44:44082, 8509ebf7-1345-45c7-bb89-954c3e77250c:192.168.30.44:34212, 78ad1eae-dd30-4422-a73c-b6f59a8345bf:192.168.30.44:41443], old=null
2019-10-04 08:26:35,062 [Thread-214] INFO  impl.FollowerState (FollowerState.java:run(108)) - 39a121bc-ba36-4509-bdf8-e27f03138def@group-8C576764DEFF-FollowerState: change to CANDIDATE, lastRpcTime:5197ms, electionTimeout:5196ms
2019-10-04 08:26:35,063 [Thread-214] INFO  impl.RoleInfo (RoleInfo.java:shutdownFollowerState(121)) - 39a121bc-ba36-4509-bdf8-e27f03138def: shutdown FollowerState
2019-10-04 08:26:35,064 [Thread-214] INFO  impl.RaftServerImpl (RaftServerImpl.java:setRole(170)) - 39a121bc-ba36-4509-bdf8-e27f03138def@group-8C576764DEFF: changes role from  FOLLOWER to CANDIDATE at term 0 for changeToCandidate
2019-10-04 08:26:35,064 [78ad1eae-dd30-4422-a73c-b6f59a8345bf@group-8C576764DEFF-LeaderElection7] INFO  impl.LeaderElection (LeaderElection.java:askForVotes(178)) - 78ad1eae-dd30-4422-a73c-b6f59a8345bf@group-8C576764DEFF-LeaderElection7: begin an election at term 1 for -1: [39a121bc-ba36-4509-bdf8-e27f03138def:192.168.30.44:44082, 8509ebf7-1345-45c7-bb89-954c3e77250c:192.168.30.44:34212, 78ad1eae-dd30-4422-a73c-b6f59a8345bf:192.168.30.44:41443], old=null
2019-10-04 08:26:35,065 [Thread-214] INFO  impl.RoleInfo (RoleInfo.java:updateAndGet(143)) - 39a121bc-ba36-4509-bdf8-e27f03138def: start LeaderElection
2019-10-04 08:26:35,089 [39a121bc-ba36-4509-bdf8-e27f03138def@group-8C576764DEFF-LeaderElection8] INFO  impl.LeaderElection (LeaderElection.java:askForVotes(178)) - 39a121bc-ba36-4509-bdf8-e27f03138def@group-8C576764DEFF-LeaderElection8: begin an election at term 1 for -1: [39a121bc-ba36-4509-bdf8-e27f03138def:192.168.30.44:44082, 8509ebf7-1345-45c7-bb89-954c3e77250c:192.168.30.44:34212, 78ad1eae-dd30-4422-a73c-b6f59a8345bf:192.168.30.44:41443], old=null
2019-10-04 08:26:35,118 [8509ebf7-1345-45c7-bb89-954c3e77250c@group-8C576764DEFF-LeaderElection6] INFO  impl.LeaderElection (LeaderElection.java:logAndReturn(56)) - 8509ebf7-1345-45c7-bb89-954c3e77250c@group-8C576764DEFF-LeaderElection6: Election REJECTED; received 2 response(s) [8509ebf7-1345-45c7-bb89-954c3e77250c<-39a121bc-ba36-4509-bdf8-e27f03138def#0:FAIL-t1, 8509ebf7-1345-45c7-bb89-954c3e77250c<-78ad1eae-dd30-4422-a73c-b6f59a8345bf#0:FAIL-t1] and 0 exception(s); 8509ebf7-1345-45c7-bb89-954c3e77250c@group-8C576764DEFF:t1, leader=null, voted=8509ebf7-1345-45c7-bb89-954c3e77250c, raftlog=8509ebf7-1345-45c7-bb89-954c3e77250c@group-8C576764DEFF-SegmentedRaftLog:OPENED:c-1,f-1,i0, conf=-1: [39a121bc-ba36-4509-bdf8-e27f03138def:192.168.30.44:44082, 8509ebf7-1345-45c7-bb89-954c3e77250c:192.168.30.44:34212, 78ad1eae-dd30-4422-a73c-b6f59a8345bf:192.168.30.44:41443], old=null
2019-10-04 08:26:35,118 [78ad1eae-dd30-4422-a73c-b6f59a8345bf@group-8C576764DEFF-LeaderElection7] INFO  impl.LeaderElection (LeaderElection.java:logAndReturn(56)) - 78ad1eae-dd30-4422-a73c-b6f59a8345bf@group-8C576764DEFF-LeaderElection7: Election REJECTED; received 2 response(s) [78ad1eae-dd30-4422-a73c-b6f59a8345bf<-39a121bc-ba36-4509-bdf8-e27f03138def#0:FAIL-t1, 78ad1eae-dd30-4422-a73c-b6f59a8345bf<-8509ebf7-1345-45c7-bb89-954c3e77250c#0:FAIL-t1] and 0 exception(s); 78ad1eae-dd30-4422-a73c-b6f59a8345bf@group-8C576764DEFF:t1, leader=null, voted=78ad1eae-dd30-4422-a73c-b6f59a8345bf, raftlog=78ad1eae-dd30-4422-a73c-b6f59a8345bf@group-8C576764DEFF-SegmentedRaftLog:OPENED:c-1,f-1,i0, conf=-1: [39a121bc-ba36-4509-bdf8-e27f03138def:192.168.30.44:44082, 8509ebf7-1345-45c7-bb89-954c3e77250c:192.168.30.44:34212, 78ad1eae-dd30-4422-a73c-b6f59a8345bf:192.168.30.44:41443], old=null
2019-10-04 08:26:35,122 [8509ebf7-1345-45c7-bb89-954c3e77250c@group-8C576764DEFF-LeaderElection6] INFO  impl.RaftServerImpl (RaftServerImpl.java:setRole(170)) - 8509ebf7-1345-45c7-bb89-954c3e77250c@group-8C576764DEFF: changes role from CANDIDATE to FOLLOWER at term 1 for DISCOVERED_A_NEW_TERM
2019-10-04 08:26:35,124 [8509ebf7-1345-45c7-bb89-954c3e77250c@group-8C576764DEFF-LeaderElection6] INFO  impl.RoleInfo (RoleInfo.java:shutdownLeaderElection(134)) - 8509ebf7-1345-45c7-bb89-954c3e77250c: shutdown LeaderElection
2019-10-04 08:26:35,124 [8509ebf7-1345-45c7-bb89-954c3e77250c@group-8C576764DEFF-LeaderElection6] INFO  impl.RoleInfo (RoleInfo.java:updateAndGet(143)) - 8509ebf7-1345-45c7-bb89-954c3e77250c: start FollowerState
2019-10-04 08:26:35,124 [78ad1eae-dd30-4422-a73c-b6f59a8345bf@group-8C576764DEFF-LeaderElection7] INFO  impl.RaftServerImpl (RaftServerImpl.java:setRole(170)) - 78ad1eae-dd30-4422-a73c-b6f59a8345bf@group-8C576764DEFF: changes role from CANDIDATE to FOLLOWER at term 1 for DISCOVERED_A_NEW_TERM
2019-10-04 08:26:35,126 [78ad1eae-dd30-4422-a73c-b6f59a8345bf@group-8C576764DEFF-LeaderElection7] INFO  impl.RoleInfo (RoleInfo.java:shutdownLeaderElection(134)) - 78ad1eae-dd30-4422-a73c-b6f59a8345bf: shutdown LeaderElection
2019-10-04 08:26:35,128 [78ad1eae-dd30-4422-a73c-b6f59a8345bf@group-8C576764DEFF-LeaderElection7] INFO  impl.RoleInfo (RoleInfo.java:updateAndGet(143)) - 78ad1eae-dd30-4422-a73c-b6f59a8345bf: start FollowerState
2019-10-04 08:26:35,144 [39a121bc-ba36-4509-bdf8-e27f03138def@group-8C576764DEFF-LeaderElection8] INFO  impl.LeaderElection (LeaderElection.java:logAndReturn(56)) - 39a121bc-ba36-4509-bdf8-e27f03138def@group-8C576764DEFF-LeaderElection8: Election REJECTED; received 2 response(s) [39a121bc-ba36-4509-bdf8-e27f03138def<-8509ebf7-1345-45c7-bb89-954c3e77250c#0:FAIL-t1, 39a121bc-ba36-4509-bdf8-e27f03138def<-78ad1eae-dd30-4422-a73c-b6f59a8345bf#0:FAIL-t1] and 0 exception(s); 39a121bc-ba36-4509-bdf8-e27f03138def@group-8C576764DEFF:t1, leader=null, voted=39a121bc-ba36-4509-bdf8-e27f03138def, raftlog=39a121bc-ba36-4509-bdf8-e27f03138def@group-8C576764DEFF-SegmentedRaftLog:OPENED:c-1,f-1,i0, conf=-1: [39a121bc-ba36-4509-bdf8-e27f03138def:192.168.30.44:44082, 8509ebf7-1345-45c7-bb89-954c3e77250c:192.168.30.44:34212, 78ad1eae-dd30-4422-a73c-b6f59a8345bf:192.168.30.44:41443], old=null
2019-10-04 08:26:35,145 [39a121bc-ba36-4509-bdf8-e27f03138def@group-8C576764DEFF-LeaderElection8] INFO  impl.RaftServerImpl (RaftServerImpl.java:setRole(170)) - 39a121bc-ba36-4509-bdf8-e27f03138def@group-8C576764DEFF: changes role from CANDIDATE to FOLLOWER at term 1 for DISCOVERED_A_NEW_TERM
2019-10-04 08:26:35,147 [39a121bc-ba36-4509-bdf8-e27f03138def@group-8C576764DEFF-LeaderElection8] INFO  impl.RoleInfo (RoleInfo.java:shutdownLeaderElection(134)) - 39a121bc-ba36-4509-bdf8-e27f03138def: shutdown LeaderElection
2019-10-04 08:26:35,148 [39a121bc-ba36-4509-bdf8-e27f03138def@group-8C576764DEFF-LeaderElection8] INFO  impl.RoleInfo (RoleInfo.java:updateAndGet(143)) - 39a121bc-ba36-4509-bdf8-e27f03138def: start FollowerState
2019-10-04 08:26:40,195 [Thread-253] INFO  impl.FollowerState (FollowerState.java:run(108)) - 78ad1eae-dd30-4422-a73c-b6f59a8345bf@group-8C576764DEFF-FollowerState: change to CANDIDATE, lastRpcTime:5067ms, electionTimeout:5065ms
2019-10-04 08:26:40,198 [Thread-253] INFO  impl.RoleInfo (RoleInfo.java:shutdownFollowerState(121)) - 78ad1eae-dd30-4422-a73c-b6f59a8345bf: shutdown FollowerState
2019-10-04 08:26:40,198 [Thread-253] INFO  impl.RaftServerImpl (RaftServerImpl.java:setRole(170)) - 78ad1eae-dd30-4422-a73c-b6f59a8345bf@group-8C576764DEFF: changes role from  FOLLOWER to CANDIDATE at term 1 for changeToCandidate
2019-10-04 08:26:40,198 [Thread-253] INFO  impl.RoleInfo (RoleInfo.java:updateAndGet(143)) - 78ad1eae-dd30-4422-a73c-b6f59a8345bf: start LeaderElection
2019-10-04 08:26:40,205 [Thread-254] INFO  impl.FollowerState (FollowerState.java:run(108)) - 39a121bc-ba36-4509-bdf8-e27f03138def@group-8C576764DEFF-FollowerState: change to CANDIDATE, lastRpcTime:5057ms, electionTimeout:5054ms
2019-10-04 08:26:40,205 [Thread-254] INFO  impl.RoleInfo (RoleInfo.java:shutdownFollowerState(121)) - 39a121bc-ba36-4509-bdf8-e27f03138def: shutdown FollowerState
2019-10-04 08:26:40,205 [Thread-254] INFO  impl.RaftServerImpl (RaftServerImpl.java:setRole(170)) - 39a121bc-ba36-4509-bdf8-e27f03138def@group-8C576764DEFF: changes role from  FOLLOWER to CANDIDATE at term 1 for changeToCandidate
2019-10-04 08:26:40,205 [Thread-254] INFO  impl.RoleInfo (RoleInfo.java:updateAndGet(143)) - 39a121bc-ba36-4509-bdf8-e27f03138def: start LeaderElection
2019-10-04 08:26:40,257 [Thread-252] INFO  impl.FollowerState (FollowerState.java:run(108)) - 8509ebf7-1345-45c7-bb89-954c3e77250c@group-8C576764DEFF-FollowerState: change to CANDIDATE, lastRpcTime:5133ms, electionTimeout:5131ms
2019-10-04 08:26:40,257 [Thread-252] INFO  impl.RoleInfo (RoleInfo.java:shutdownFollowerState(121)) - 8509ebf7-1345-45c7-bb89-954c3e77250c: shutdown FollowerState
2019-10-04 08:26:40,257 [Thread-252] INFO  impl.RaftServerImpl (RaftServerImpl.java:setRole(170)) - 8509ebf7-1345-45c7-bb89-954c3e77250c@group-8C576764DEFF: changes role from  FOLLOWER to CANDIDATE at term 1 for changeToCandidate
2019-10-04 08:26:40,258 [Thread-252] INFO  impl.RoleInfo (RoleInfo.java:updateAndGet(143)) - 8509ebf7-1345-45c7-bb89-954c3e77250c: start LeaderElection
2019-10-04 08:26:40,294 [39a121bc-ba36-4509-bdf8-e27f03138def@group-8C576764DEFF-LeaderElection10] INFO  impl.LeaderElection (LeaderElection.java:askForVotes(178)) - 39a121bc-ba36-4509-bdf8-e27f03138def@group-8C576764DEFF-LeaderElection10: begin an election at term 2 for -1: [39a121bc-ba36-4509-bdf8-e27f03138def:192.168.30.44:44082, 8509ebf7-1345-45c7-bb89-954c3e77250c:192.168.30.44:34212, 78ad1eae-dd30-4422-a73c-b6f59a8345bf:192.168.30.44:41443], old=null
2019-10-04 08:26:40,294 [8509ebf7-1345-45c7-bb89-954c3e77250c@group-8C576764DEFF-LeaderElection11] INFO  impl.LeaderElection (LeaderElection.java:askForVotes(178)) - 8509ebf7-1345-45c7-bb89-954c3e77250c@group-8C576764DEFF-LeaderElection11: begin an election at term 2 for -1: [39a121bc-ba36-4509-bdf8-e27f03138def:192.168.30.44:44082, 8509ebf7-1345-45c7-bb89-954c3e77250c:192.168.30.44:34212, 78ad1eae-dd30-4422-a73c-b6f59a8345bf:192.168.30.44:41443], old=null
2019-10-04 08:26:40,294 [78ad1eae-dd30-4422-a73c-b6f59a8345bf@group-8C576764DEFF-LeaderElection9] INFO  impl.LeaderElection (LeaderElection.java:askForVotes(178)) - 78ad1eae-dd30-4422-a73c-b6f59a8345bf@group-8C576764DEFF-LeaderElection9: begin an election at term 2 for -1: [39a121bc-ba36-4509-bdf8-e27f03138def:192.168.30.44:44082, 8509ebf7-1345-45c7-bb89-954c3e77250c:192.168.30.44:34212, 78ad1eae-dd30-4422-a73c-b6f59a8345bf:192.168.30.44:41443], old=null
2019-10-04 08:26:40,307 [78ad1eae-dd30-4422-a73c-b6f59a8345bf@group-8C576764DEFF-LeaderElection9] INFO  impl.LeaderElection (LeaderElection.java:logAndReturn(56)) - 78ad1eae-dd30-4422-a73c-b6f59a8345bf@group-8C576764DEFF-LeaderElection9: Election REJECTED; received 2 response(s) [78ad1eae-dd30-4422-a73c-b6f59a8345bf<-39a121bc-ba36-4509-bdf8-e27f03138def#0:FAIL-t2, 78ad1eae-dd30-4422-a73c-b6f59a8345bf<-8509ebf7-1345-45c7-bb89-954c3e77250c#0:FAIL-t2] and 0 exception(s); 78ad1eae-dd30-4422-a73c-b6f59a8345bf@group-8C576764DEFF:t2, leader=null, voted=78ad1eae-dd30-4422-a73c-b6f59a8345bf, raftlog=78ad1eae-dd30-4422-a73c-b6f59a8345bf@group-8C576764DEFF-SegmentedRaftLog:OPENED:c-1,f-1,i0, conf=-1: [39a121bc-ba36-4509-bdf8-e27f03138def:192.168.30.44:44082, 8509ebf7-1345-45c7-bb89-954c3e77250c:192.168.30.44:34212, 78ad1eae-dd30-4422-a73c-b6f59a8345bf:192.168.30.44:41443], old=null
2019-10-04 08:26:40,307 [78ad1eae-dd30-4422-a73c-b6f59a8345bf@group-8C576764DEFF-LeaderElection9] INFO  impl.RaftServerImpl (RaftServerImpl.java:setRole(170)) - 78ad1eae-dd30-4422-a73c-b6f59a8345bf@group-8C576764DEFF: changes role from CANDIDATE to FOLLOWER at term 2 for DISCOVERED_A_NEW_TERM
2019-10-04 08:26:40,310 [78ad1eae-dd30-4422-a73c-b6f59a8345bf@group-8C576764DEFF-LeaderElection9] INFO  impl.RoleInfo (RoleInfo.java:shutdownLeaderElection(134)) - 78ad1eae-dd30-4422-a73c-b6f59a8345bf: shutdown LeaderElection
2019-10-04 08:26:40,310 [78ad1eae-dd30-4422-a73c-b6f59a8345bf@group-8C576764DEFF-LeaderElection9] INFO  impl.RoleInfo (RoleInfo.java:updateAndGet(143)) - 78ad1eae-dd30-4422-a73c-b6f59a8345bf: start FollowerState
2019-10-04 08:26:40,312 [39a121bc-ba36-4509-bdf8-e27f03138def@group-8C576764DEFF-LeaderElection10] INFO  impl.LeaderElection (LeaderElection.java:logAndReturn(56)) - 39a121bc-ba36-4509-bdf8-e27f03138def@group-8C576764DEFF-LeaderElection10: Election REJECTED; received 2 response(s) [39a121bc-ba36-4509-bdf8-e27f03138def<-8509ebf7-1345-45c7-bb89-954c3e77250c#0:FAIL-t2, 39a121bc-ba36-4509-bdf8-e27f03138def<-78ad1eae-dd30-4422-a73c-b6f59a8345bf#0:FAIL-t2] and 0 exception(s); 39a121bc-ba36-4509-bdf8-e27f03138def@group-8C576764DEFF:t2, leader=null, voted=39a121bc-ba36-4509-bdf8-e27f03138def, raftlog=39a121bc-ba36-4509-bdf8-e27f03138def@group-8C576764DEFF-SegmentedRaftLog:OPENED:c-1,f-1,i0, conf=-1: [39a121bc-ba36-4509-bdf8-e27f03138def:192.168.30.44:44082, 8509ebf7-1345-45c7-bb89-954c3e77250c:192.168.30.44:34212, 78ad1eae-dd30-4422-a73c-b6f59a8345bf:192.168.30.44:41443], old=null
2019-10-04 08:26:40,314 [39a121bc-ba36-4509-bdf8-e27f03138def@group-8C576764DEFF-LeaderElection10] INFO  impl.RaftServerImpl (RaftServerImpl.java:setRole(170)) - 39a121bc-ba36-4509-bdf8-e27f03138def@group-8C576764DEFF: changes role from CANDIDATE to FOLLOWER at term 2 for DISCOVERED_A_NEW_TERM
2019-10-04 08:26:40,317 [39a121bc-ba36-4509-bdf8-e27f03138def@group-8C576764DEFF-LeaderElection10] INFO  impl.RoleInfo (RoleInfo.java:shutdownLeaderElection(134)) - 39a121bc-ba36-4509-bdf8-e27f03138def: shutdown LeaderElection
2019-10-04 08:26:40,317 [39a121bc-ba36-4509-bdf8-e27f03138def@group-8C576764DEFF-LeaderElection10] INFO  impl.RoleInfo (RoleInfo.java:updateAndGet(143)) - 39a121bc-ba36-4509-bdf8-e27f03138def: start FollowerState
2019-10-04 08:26:40,319 [8509ebf7-1345-45c7-bb89-954c3e77250c@group-8C576764DEFF-LeaderElection11] INFO  impl.LeaderElection (LeaderElection.java:logAndReturn(56)) - 8509ebf7-1345-45c7-bb89-954c3e77250c@group-8C576764DEFF-LeaderElection11: Election REJECTED; received 2 response(s) [8509ebf7-1345-45c7-bb89-954c3e77250c<-39a121bc-ba36-4509-bdf8-e27f03138def#0:FAIL-t2, 8509ebf7-1345-45c7-bb89-954c3e77250c<-78ad1eae-dd30-4422-a73c-b6f59a8345bf#0:FAIL-t2] and 0 exception(s); 8509ebf7-1345-45c7-bb89-954c3e77250c@group-8C576764DEFF:t2, leader=null, voted=8509ebf7-1345-45c7-bb89-954c3e77250c, raftlog=8509ebf7-1345-45c7-bb89-954c3e77250c@group-8C576764DEFF-SegmentedRaftLog:OPENED:c-1,f-1,i0, conf=-1: [39a121bc-ba36-4509-bdf8-e27f03138def:192.168.30.44:44082, 8509ebf7-1345-45c7-bb89-954c3e77250c:192.168.30.44:34212, 78ad1eae-dd30-4422-a73c-b6f59a8345bf:192.168.30.44:41443], old=null
2019-10-04 08:26:40,320 [8509ebf7-1345-45c7-bb89-954c3e77250c@group-8C576764DEFF-LeaderElection11] INFO  impl.RaftServerImpl (RaftServerImpl.java:setRole(170)) - 8509ebf7-1345-45c7-bb89-954c3e77250c@group-8C576764DEFF: changes role from CANDIDATE to FOLLOWER at term 2 for DISCOVERED_A_NEW_TERM
2019-10-04 08:26:40,322 [8509ebf7-1345-45c7-bb89-954c3e77250c@group-8C576764DEFF-LeaderElection11] INFO  impl.RoleInfo (RoleInfo.java:shutdownLeaderElection(134)) - 8509ebf7-1345-45c7-bb89-954c3e77250c: shutdown LeaderElection
2019-10-04 08:26:40,323 [8509ebf7-1345-45c7-bb89-954c3e77250c@group-8C576764DEFF-LeaderElection11] INFO  impl.RoleInfo (RoleInfo.java:updateAndGet(143)) - 8509ebf7-1345-45c7-bb89-954c3e77250c: start FollowerState
2019-10-04 08:26:45,415 [Thread-277] INFO  impl.FollowerState (FollowerState.java:run(108)) - 8509ebf7-1345-45c7-bb89-954c3e77250c@group-8C576764DEFF-FollowerState: change to CANDIDATE, lastRpcTime:5091ms, electionTimeout:5090ms
2019-10-04 08:26:45,418 [Thread-277] INFO  impl.RoleInfo (RoleInfo.java:shutdownFollowerState(121)) - 8509ebf7-1345-45c7-bb89-954c3e77250c: shutdown FollowerState
2019-10-04 08:26:45,418 [Thread-277] INFO  impl.RaftServerImpl (RaftServerImpl.java:setRole(170)) - 8509ebf7-1345-45c7-bb89-954c3e77250c@group-8C576764DEFF: changes role from  FOLLOWER to CANDIDATE at term 2 for changeToCandidate
2019-10-04 08:26:45,418 [Thread-277] INFO  impl.RoleInfo (RoleInfo.java:updateAndGet(143)) - 8509ebf7-1345-45c7-bb89-954c3e77250c: start LeaderElection
2019-10-04 08:26:45,435 [Thread-275] INFO  impl.FollowerState (FollowerState.java:run(108)) - 78ad1eae-dd30-4422-a73c-b6f59a8345bf@group-8C576764DEFF-FollowerState: change to CANDIDATE, lastRpcTime:5125ms, electionTimeout:5124ms
2019-10-04 08:26:45,436 [Thread-275] INFO  impl.RoleInfo (RoleInfo.java:shutdownFollowerState(121)) - 78ad1eae-dd30-4422-a73c-b6f59a8345bf: shutdown FollowerState
2019-10-04 08:26:45,436 [Thread-275] INFO  impl.RaftServerImpl (RaftServerImpl.java:setRole(170)) - 78ad1eae-dd30-4422-a73c-b6f59a8345bf@group-8C576764DEFF: changes role from  FOLLOWER to CANDIDATE at term 2 for changeToCandidate
2019-10-04 08:26:45,436 [Thread-275] INFO  impl.RoleInfo (RoleInfo.java:updateAndGet(143)) - 78ad1eae-dd30-4422-a73c-b6f59a8345bf: start LeaderElection
2019-10-04 08:26:45,494 [Thread-276] INFO  impl.FollowerState (FollowerState.java:run(108)) - 39a121bc-ba36-4509-bdf8-e27f03138def@group-8C576764DEFF-FollowerState: change to CANDIDATE, lastRpcTime:5176ms, electionTimeout:5175ms
2019-10-04 08:26:45,494 [Thread-276] INFO  impl.RoleInfo (RoleInfo.java:shutdownFollowerState(121)) - 39a121bc-ba36-4509-bdf8-e27f03138def: shutdown FollowerState
2019-10-04 08:26:45,494 [Thread-276] INFO  impl.RaftServerImpl (RaftServerImpl.java:setRole(170)) - 39a121bc-ba36-4509-bdf8-e27f03138def@group-8C576764DEFF: changes role from  FOLLOWER to CANDIDATE at term 2 for changeToCandidate
2019-10-04 08:26:45,495 [Thread-276] INFO  impl.RoleInfo (RoleInfo.java:updateAndGet(143)) - 39a121bc-ba36-4509-bdf8-e27f03138def: start LeaderElection
2019-10-04 08:26:45,788 [8509ebf7-1345-45c7-bb89-954c3e77250c@group-8C576764DEFF-LeaderElection12] INFO  impl.LeaderElection (LeaderElection.java:askForVotes(178)) - 8509ebf7-1345-45c7-bb89-954c3e77250c@group-8C576764DEFF-LeaderElection12: begin an election at term 3 for -1: [39a121bc-ba36-4509-bdf8-e27f03138def:192.168.30.44:44082, 8509ebf7-1345-45c7-bb89-954c3e77250c:192.168.30.44:34212, 78ad1eae-dd30-4422-a73c-b6f59a8345bf:192.168.30.44:41443], old=null
2019-10-04 08:26:45,788 [78ad1eae-dd30-4422-a73c-b6f59a8345bf@group-8C576764DEFF-LeaderElection13] INFO  impl.LeaderElection (LeaderElection.java:askForVotes(178)) - 78ad1eae-dd30-4422-a73c-b6f59a8345bf@group-8C576764DEFF-LeaderElection13: begin an election at term 3 for -1: [39a121bc-ba36-4509-bdf8-e27f03138def:192.168.30.44:44082, 8509ebf7-1345-45c7-bb89-954c3e77250c:192.168.30.44:34212, 78ad1eae-dd30-4422-a73c-b6f59a8345bf:192.168.30.44:41443], old=null
2019-10-04 08:26:45,788 [39a121bc-ba36-4509-bdf8-e27f03138def@group-8C576764DEFF-LeaderElection14] INFO  impl.LeaderElection (LeaderElection.java:askForVotes(178)) - 39a121bc-ba36-4509-bdf8-e27f03138def@group-8C576764DEFF-LeaderElection14: begin an election at term 3 for -1: [39a121bc-ba36-4509-bdf8-e27f03138def:192.168.30.44:44082, 8509ebf7-1345-45c7-bb89-954c3e77250c:192.168.30.44:34212, 78ad1eae-dd30-4422-a73c-b6f59a8345bf:192.168.30.44:41443], old=null
2019-10-04 08:26:45,809 [39a121bc-ba36-4509-bdf8-e27f03138def@group-8C576764DEFF-LeaderElection14] INFO  impl.LeaderElection (LeaderElection.java:logAndReturn(56)) - 39a121bc-ba36-4509-bdf8-e27f03138def@group-8C576764DEFF-LeaderElection14: Election REJECTED; received 2 response(s) [39a121bc-ba36-4509-bdf8-e27f03138def<-8509ebf7-1345-45c7-bb89-954c3e77250c#0:FAIL-t3, 39a121bc-ba36-4509-bdf8-e27f03138def<-78ad1eae-dd30-4422-a73c-b6f59a8345bf#0:FAIL-t3] and 0 exception(s); 39a121bc-ba36-4509-bdf8-e27f03138def@group-8C576764DEFF:t3, leader=null, voted=39a121bc-ba36-4509-bdf8-e27f03138def, raftlog=39a121bc-ba36-4509-bdf8-e27f03138def@group-8C576764DEFF-SegmentedRaftLog:OPENED:c-1,f-1,i0, conf=-1: [39a121bc-ba36-4509-bdf8-e27f03138def:192.168.30.44:44082, 8509ebf7-1345-45c7-bb89-954c3e77250c:192.168.30.44:34212, 78ad1eae-dd30-4422-a73c-b6f59a8345bf:192.168.30.44:41443], old=null
2019-10-04 08:26:45,810 [8509ebf7-1345-45c7-bb89-954c3e77250c@group-8C576764DEFF-LeaderElection12] INFO  impl.LeaderElection (LeaderElection.java:logAndReturn(56)) - 8509ebf7-1345-45c7-bb89-954c3e77250c@group-8C576764DEFF-LeaderElection12: Election REJECTED; received 2 response(s) [8509ebf7-1345-45c7-bb89-954c3e77250c<-39a121bc-ba36-4509-bdf8-e27f03138def#0:FAIL-t3, 8509ebf7-1345-45c7-bb89-954c3e77250c<-78ad1eae-dd30-4422-a73c-b6f59a8345bf#0:FAIL-t3] and 0 exception(s); 8509ebf7-1345-45c7-bb89-954c3e77250c@group-8C576764DEFF:t3, leader=null, voted=8509ebf7-1345-45c7-bb89-954c3e77250c, raftlog=8509ebf7-1345-45c7-bb89-954c3e77250c@group-8C576764DEFF-SegmentedRaftLog:OPENED:c-1,f-1,i0, conf=-1: [39a121bc-ba36-4509-bdf8-e27f03138def:192.168.30.44:44082, 8509ebf7-1345-45c7-bb89-954c3e77250c:192.168.30.44:34212, 78ad1eae-dd30-4422-a73c-b6f59a8345bf:192.168.30.44:41443], old=null
2019-10-04 08:26:45,815 [39a121bc-ba36-4509-bdf8-e27f03138def@group-8C576764DEFF-LeaderElection14] INFO  impl.RaftServerImpl (RaftServerImpl.java:setRole(170)) - 39a121bc-ba36-4509-bdf8-e27f03138def@group-8C576764DEFF: changes role from CANDIDATE to FOLLOWER at term 3 for DISCOVERED_A_NEW_TERM
2019-10-04 08:26:45,817 [8509ebf7-1345-45c7-bb89-954c3e77250c@group-8C576764DEFF-LeaderElection12] INFO  impl.RaftServerImpl (RaftServerImpl.java:setRole(170)) - 8509ebf7-1345-45c7-bb89-954c3e77250c@group-8C576764DEFF: changes role from CANDIDATE to FOLLOWER at term 3 for DISCOVERED_A_NEW_TERM
2019-10-04 08:26:45,818 [39a121bc-ba36-4509-bdf8-e27f03138def@group-8C576764DEFF-LeaderElection14] INFO  impl.RoleInfo (RoleInfo.java:shutdownLeaderElection(134)) - 39a121bc-ba36-4509-bdf8-e27f03138def: shutdown LeaderElection
2019-10-04 08:26:45,819 [8509ebf7-1345-45c7-bb89-954c3e77250c@group-8C576764DEFF-LeaderElection12] INFO  impl.RoleInfo (RoleInfo.java:shutdownLeaderElection(134)) - 8509ebf7-1345-45c7-bb89-954c3e77250c: shutdown LeaderElection
2019-10-04 08:26:45,819 [39a121bc-ba36-4509-bdf8-e27f03138def@group-8C576764DEFF-LeaderElection14] INFO  impl.RoleInfo (RoleInfo.java:updateAndGet(143)) - 39a121bc-ba36-4509-bdf8-e27f03138def: start FollowerState
2019-10-04 08:26:45,819 [8509ebf7-1345-45c7-bb89-954c3e77250c@group-8C576764DEFF-LeaderElection12] INFO  impl.RoleInfo (RoleInfo.java:updateAndGet(143)) - 8509ebf7-1345-45c7-bb89-954c3e77250c: start FollowerState
2019-10-04 08:26:45,819 [78ad1eae-dd30-4422-a73c-b6f59a8345bf@group-8C576764DEFF-LeaderElection13] INFO  impl.LeaderElection (LeaderElection.java:logAndReturn(56)) - 78ad1eae-dd30-4422-a73c-b6f59a8345bf@group-8C576764DEFF-LeaderElection13: Election REJECTED; received 2 response(s) [78ad1eae-dd30-4422-a73c-b6f59a8345bf<-39a121bc-ba36-4509-bdf8-e27f03138def#0:FAIL-t3, 78ad1eae-dd30-4422-a73c-b6f59a8345bf<-8509ebf7-1345-45c7-bb89-954c3e77250c#0:FAIL-t3] and 0 exception(s); 78ad1eae-dd30-4422-a73c-b6f59a8345bf@group-8C576764DEFF:t3, leader=null, voted=78ad1eae-dd30-4422-a73c-b6f59a8345bf, raftlog=78ad1eae-dd30-4422-a73c-b6f59a8345bf@group-8C576764DEFF-SegmentedRaftLog:OPENED:c-1,f-1,i0, conf=-1: [39a121bc-ba36-4509-bdf8-e27f03138def:192.168.30.44:44082, 8509ebf7-1345-45c7-bb89-954c3e77250c:192.168.30.44:34212, 78ad1eae-dd30-4422-a73c-b6f59a8345bf:192.168.30.44:41443], old=null
2019-10-04 08:26:45,820 [78ad1eae-dd30-4422-a73c-b6f59a8345bf@group-8C576764DEFF-LeaderElection13] INFO  impl.RaftServerImpl (RaftServerImpl.java:setRole(170)) - 78ad1eae-dd30-4422-a73c-b6f59a8345bf@group-8C576764DEFF: changes role from CANDIDATE to FOLLOWER at term 3 for DISCOVERED_A_NEW_TERM
2019-10-04 08:26:45,820 [78ad1eae-dd30-4422-a73c-b6f59a8345bf@group-8C576764DEFF-LeaderElection13] INFO  impl.RoleInfo (RoleInfo.java:shutdownLeaderElection(134)) - 78ad1eae-dd30-4422-a73c-b6f59a8345bf: shutdown LeaderElection
2019-10-04 08:26:45,821 [78ad1eae-dd30-4422-a73c-b6f59a8345bf@group-8C576764DEFF-LeaderElection13] INFO  impl.RoleInfo (RoleInfo.java:updateAndGet(143)) - 78ad1eae-dd30-4422-a73c-b6f59a8345bf: start FollowerState
2019-10-04 08:26:50,856 [Thread-297] INFO  impl.FollowerState (FollowerState.java:run(108)) - 39a121bc-ba36-4509-bdf8-e27f03138def@group-8C576764DEFF-FollowerState: change to CANDIDATE, lastRpcTime:5036ms, electionTimeout:5036ms
2019-10-04 08:26:50,860 [Thread-299] INFO  impl.FollowerState (FollowerState.java:run(108)) - 78ad1eae-dd30-4422-a73c-b6f59a8345bf@group-8C576764DEFF-FollowerState: change to CANDIDATE, lastRpcTime:5039ms, electionTimeout:5036ms
2019-10-04 08:26:50,861 [Thread-297] INFO  impl.RoleInfo (RoleInfo.java:shutdownFollowerState(121)) - 39a121bc-ba36-4509-bdf8-e27f03138def: shutdown FollowerState
2019-10-04 08:26:50,861 [Thread-299] INFO  impl.RoleInfo (RoleInfo.java:shutdownFollowerState(121)) - 78ad1eae-dd30-4422-a73c-b6f59a8345bf: shutdown FollowerState
2019-10-04 08:26:50,861 [Thread-297] INFO  impl.RaftServerImpl (RaftServerImpl.java:setRole(170)) - 39a121bc-ba36-4509-bdf8-e27f03138def@group-8C576764DEFF: changes role from  FOLLOWER to CANDIDATE at term 3 for changeToCandidate
2019-10-04 08:26:50,861 [Thread-299] INFO  impl.RaftServerImpl (RaftServerImpl.java:setRole(170)) - 78ad1eae-dd30-4422-a73c-b6f59a8345bf@group-8C576764DEFF: changes role from  FOLLOWER to CANDIDATE at term 3 for changeToCandidate
2019-10-04 08:26:50,861 [Thread-297] INFO  impl.RoleInfo (RoleInfo.java:updateAndGet(143)) - 39a121bc-ba36-4509-bdf8-e27f03138def: start LeaderElection
2019-10-04 08:26:50,862 [Thread-299] INFO  impl.RoleInfo (RoleInfo.java:updateAndGet(143)) - 78ad1eae-dd30-4422-a73c-b6f59a8345bf: start LeaderElection
2019-10-04 08:26:50,914 [Thread-298] INFO  impl.FollowerState (FollowerState.java:run(108)) - 8509ebf7-1345-45c7-bb89-954c3e77250c@group-8C576764DEFF-FollowerState: change to CANDIDATE, lastRpcTime:5094ms, electionTimeout:5094ms
2019-10-04 08:26:50,914 [Thread-298] INFO  impl.RoleInfo (RoleInfo.java:shutdownFollowerState(121)) - 8509ebf7-1345-45c7-bb89-954c3e77250c: shutdown FollowerState
2019-10-04 08:26:50,915 [Thread-298] INFO  impl.RaftServerImpl (RaftServerImpl.java:setRole(170)) - 8509ebf7-1345-45c7-bb89-954c3e77250c@group-8C576764DEFF: changes role from  FOLLOWER to CANDIDATE at term 3 for changeToCandidate
2019-10-04 08:26:50,915 [Thread-298] INFO  impl.RoleInfo (RoleInfo.java:updateAndGet(143)) - 8509ebf7-1345-45c7-bb89-954c3e77250c: start LeaderElection
2019-10-04 08:26:51,627 [78ad1eae-dd30-4422-a73c-b6f59a8345bf@group-8C576764DEFF-LeaderElection16] INFO  impl.LeaderElection (LeaderElection.java:askForVotes(178)) - 78ad1eae-dd30-4422-a73c-b6f59a8345bf@group-8C576764DEFF-LeaderElection16: begin an election at term 4 for -1: [39a121bc-ba36-4509-bdf8-e27f03138def:192.168.30.44:44082, 8509ebf7-1345-45c7-bb89-954c3e77250c:192.168.30.44:34212, 78ad1eae-dd30-4422-a73c-b6f59a8345bf:192.168.30.44:41443], old=null
2019-10-04 08:26:51,627 [8509ebf7-1345-45c7-bb89-954c3e77250c@group-8C576764DEFF-LeaderElection17] INFO  impl.LeaderElection (LeaderElection.java:askForVotes(178)) - 8509ebf7-1345-45c7-bb89-954c3e77250c@group-8C576764DEFF-LeaderElection17: begin an election at term 4 for -1: [39a121bc-ba36-4509-bdf8-e27f03138def:192.168.30.44:44082, 8509ebf7-1345-45c7-bb89-954c3e77250c:192.168.30.44:34212, 78ad1eae-dd30-4422-a73c-b6f59a8345bf:192.168.30.44:41443], old=null
2019-10-04 08:26:51,627 [39a121bc-ba36-4509-bdf8-e27f03138def@group-8C576764DEFF-LeaderElection15] INFO  impl.LeaderElection (LeaderElection.java:askForVotes(178)) - 39a121bc-ba36-4509-bdf8-e27f03138def@group-8C576764DEFF-LeaderElection15: begin an election at term 4 for -1: [39a121bc-ba36-4509-bdf8-e27f03138def:192.168.30.44:44082, 8509ebf7-1345-45c7-bb89-954c3e77250c:192.168.30.44:34212, 78ad1eae-dd30-4422-a73c-b6f59a8345bf:192.168.30.44:41443], old=null
2019-10-04 08:26:51,636 [39a121bc-ba36-4509-bdf8-e27f03138def@group-8C576764DEFF-LeaderElection15] INFO  impl.LeaderElection (LeaderElection.java:logAndReturn(56)) - 39a121bc-ba36-4509-bdf8-e27f03138def@group-8C576764DEFF-LeaderElection15: Election REJECTED; received 2 response(s) [39a121bc-ba36-4509-bdf8-e27f03138def<-8509ebf7-1345-45c7-bb89-954c3e77250c#0:FAIL-t4, 39a121bc-ba36-4509-bdf8-e27f03138def<-78ad1eae-dd30-4422-a73c-b6f59a8345bf#0:FAIL-t4] and 0 exception(s); 39a121bc-ba36-4509-bdf8-e27f03138def@group-8C576764DEFF:t4, leader=null, voted=39a121bc-ba36-4509-bdf8-e27f03138def, raftlog=39a121bc-ba36-4509-bdf8-e27f03138def@group-8C576764DEFF-SegmentedRaftLog:OPENED:c-1,f-1,i0, conf=-1: [39a121bc-ba36-4509-bdf8-e27f03138def:192.168.30.44:44082, 8509ebf7-1345-45c7-bb89-954c3e77250c:192.168.30.44:34212, 78ad1eae-dd30-4422-a73c-b6f59a8345bf:192.168.30.44:41443], old=null
2019-10-04 08:26:51,637 [39a121bc-ba36-4509-bdf8-e27f03138def@group-8C576764DEFF-LeaderElection15] INFO  impl.RaftServerImpl (RaftServerImpl.java:setRole(170)) - 39a121bc-ba36-4509-bdf8-e27f03138def@group-8C576764DEFF: changes role from CANDIDATE to FOLLOWER at term 4 for DISCOVERED_A_NEW_TERM
2019-10-04 08:26:51,637 [39a121bc-ba36-4509-bdf8-e27f03138def@group-8C576764DEFF-LeaderElection15] INFO  impl.RoleInfo (RoleInfo.java:shutdownLeaderElection(134)) - 39a121bc-ba36-4509-bdf8-e27f03138def: shutdown LeaderElection
2019-10-04 08:26:51,637 [39a121bc-ba36-4509-bdf8-e27f03138def@group-8C576764DEFF-LeaderElection15] INFO  impl.RoleInfo (RoleInfo.java:updateAndGet(143)) - 39a121bc-ba36-4509-bdf8-e27f03138def: start FollowerState
2019-10-04 08:26:51,638 [8509ebf7-1345-45c7-bb89-954c3e77250c@group-8C576764DEFF-LeaderElection17] INFO  impl.LeaderElection (LeaderElection.java:logAndReturn(56)) - 8509ebf7-1345-45c7-bb89-954c3e77250c@group-8C576764DEFF-LeaderElection17: Election REJECTED; received 2 response(s) [8509ebf7-1345-45c7-bb89-954c3e77250c<-39a121bc-ba36-4509-bdf8-e27f03138def#0:FAIL-t4, 8509ebf7-1345-45c7-bb89-954c3e77250c<-78ad1eae-dd30-4422-a73c-b6f59a8345bf#0:FAIL-t4] and 0 exception(s); 8509ebf7-1345-45c7-bb89-954c3e77250c@group-8C576764DEFF:t4, leader=null, voted=8509ebf7-1345-45c7-bb89-954c3e77250c, raftlog=8509ebf7-1345-45c7-bb89-954c3e77250c@group-8C576764DEFF-SegmentedRaftLog:OPENED:c-1,f-1,i0, conf=-1: [39a121bc-ba36-4509-bdf8-e27f03138def:192.168.30.44:44082, 8509ebf7-1345-45c7-bb89-954c3e77250c:192.168.30.44:34212, 78ad1eae-dd30-4422-a73c-b6f59a8345bf:192.168.30.44:41443], old=null
2019-10-04 08:26:51,640 [8509ebf7-1345-45c7-bb89-954c3e77250c@group-8C576764DEFF-LeaderElection17] INFO  impl.RaftServerImpl (RaftServerImpl.java:setRole(170)) - 8509ebf7-1345-45c7-bb89-954c3e77250c@group-8C576764DEFF: changes role from CANDIDATE to FOLLOWER at term 4 for DISCOVERED_A_NEW_TERM
2019-10-04 08:26:51,640 [8509ebf7-1345-45c7-bb89-954c3e77250c@group-8C576764DEFF-LeaderElection17] INFO  impl.RoleInfo (RoleInfo.java:shutdownLeaderElection(134)) - 8509ebf7-1345-45c7-bb89-954c3e77250c: shutdown LeaderElection
2019-10-04 08:26:51,640 [8509ebf7-1345-45c7-bb89-954c3e77250c@group-8C576764DEFF-LeaderElection17] INFO  impl.RoleInfo (RoleInfo.java:updateAndGet(143)) - 8509ebf7-1345-45c7-bb89-954c3e77250c: start FollowerState
2019-10-04 08:26:51,641 [78ad1eae-dd30-4422-a73c-b6f59a8345bf@group-8C576764DEFF-LeaderElection16] INFO  impl.LeaderElection (LeaderElection.java:logAndReturn(56)) - 78ad1eae-dd30-4422-a73c-b6f59a8345bf@group-8C576764DEFF-LeaderElection16: Election REJECTED; received 2 response(s) [78ad1eae-dd30-4422-a73c-b6f59a8345bf<-39a121bc-ba36-4509-bdf8-e27f03138def#0:FAIL-t4, 78ad1eae-dd30-4422-a73c-b6f59a8345bf<-8509ebf7-1345-45c7-bb89-954c3e77250c#0:FAIL-t4] and 0 exception(s); 78ad1eae-dd30-4422-a73c-b6f59a8345bf@group-8C576764DEFF:t4, leader=null, voted=78ad1eae-dd30-4422-a73c-b6f59a8345bf, raftlog=78ad1eae-dd30-4422-a73c-b6f59a8345bf@group-8C576764DEFF-SegmentedRaftLog:OPENED:c-1,f-1,i0, conf=-1: [39a121bc-ba36-4509-bdf8-e27f03138def:192.168.30.44:44082, 8509ebf7-1345-45c7-bb89-954c3e77250c:192.168.30.44:34212, 78ad1eae-dd30-4422-a73c-b6f59a8345bf:192.168.30.44:41443], old=null
2019-10-04 08:26:51,643 [78ad1eae-dd30-4422-a73c-b6f59a8345bf@group-8C576764DEFF-LeaderElection16] INFO  impl.RaftServerImpl (RaftServerImpl.java:setRole(170)) - 78ad1eae-dd30-4422-a73c-b6f59a8345bf@group-8C576764DEFF: changes role from CANDIDATE to FOLLOWER at term 4 for DISCOVERED_A_NEW_TERM
2019-10-04 08:26:51,643 [78ad1eae-dd30-4422-a73c-b6f59a8345bf@group-8C576764DEFF-LeaderElection16] INFO  impl.RoleInfo (RoleInfo.java:shutdownLeaderElection(134)) - 78ad1eae-dd30-4422-a73c-b6f59a8345bf: shutdown LeaderElection
2019-10-04 08:26:51,643 [78ad1eae-dd30-4422-a73c-b6f59a8345bf@group-8C576764DEFF-LeaderElection16] INFO  impl.RoleInfo (RoleInfo.java:updateAndGet(143)) - 78ad1eae-dd30-4422-a73c-b6f59a8345bf: start FollowerState
2019-10-04 08:26:56,684 [Thread-323] INFO  impl.FollowerState (FollowerState.java:run(108)) - 78ad1eae-dd30-4422-a73c-b6f59a8345bf@group-8C576764DEFF-FollowerState: change to CANDIDATE, lastRpcTime:5040ms, electionTimeout:5040ms
2019-10-04 08:26:56,686 [Thread-323] INFO  impl.RoleInfo (RoleInfo.java:shutdownFollowerState(121)) - 78ad1eae-dd30-4422-a73c-b6f59a8345bf: shutdown FollowerState
2019-10-04 08:26:56,686 [Thread-323] INFO  impl.RaftServerImpl (RaftServerImpl.java:setRole(170)) - 78ad1eae-dd30-4422-a73c-b6f59a8345bf@group-8C576764DEFF: changes role from  FOLLOWER to CANDIDATE at term 4 for changeToCandidate
2019-10-04 08:26:56,687 [Thread-323] INFO  impl.RoleInfo (RoleInfo.java:updateAndGet(143)) - 78ad1eae-dd30-4422-a73c-b6f59a8345bf: start LeaderElection
2019-10-04 08:26:56,695 [Thread-321] INFO  impl.FollowerState (FollowerState.java:run(108)) - 39a121bc-ba36-4509-bdf8-e27f03138def@group-8C576764DEFF-FollowerState: change to CANDIDATE, lastRpcTime:5057ms, electionTimeout:5057ms
2019-10-04 08:26:56,695 [Thread-321] INFO  impl.RoleInfo (RoleInfo.java:shutdownFollowerState(121)) - 39a121bc-ba36-4509-bdf8-e27f03138def: shutdown FollowerState
2019-10-04 08:26:56,695 [Thread-321] INFO  impl.RaftServerImpl (RaftServerImpl.java:setRole(170)) - 39a121bc-ba36-4509-bdf8-e27f03138def@group-8C576764DEFF: changes role from  FOLLOWER to CANDIDATE at term 4 for changeToCandidate
2019-10-04 08:26:56,696 [Thread-321] INFO  impl.RoleInfo (RoleInfo.java:updateAndGet(143)) - 39a121bc-ba36-4509-bdf8-e27f03138def: start LeaderElection
2019-10-04 08:26:56,757 [Thread-322] INFO  impl.FollowerState (FollowerState.java:run(108)) - 8509ebf7-1345-45c7-bb89-954c3e77250c@group-8C576764DEFF-FollowerState: change to CANDIDATE, lastRpcTime:5116ms, electionTimeout:5116ms
2019-10-04 08:26:56,757 [Thread-322] INFO  impl.RoleInfo (RoleInfo.java:shutdownFollowerState(121)) - 8509ebf7-1345-45c7-bb89-954c3e77250c: shutdown FollowerState
2019-10-04 08:26:56,757 [Thread-322] INFO  impl.RaftServerImpl (RaftServerImpl.java:setRole(170)) - 8509ebf7-1345-45c7-bb89-954c3e77250c@group-8C576764DEFF: changes role from  FOLLOWER to CANDIDATE at term 4 for changeToCandidate
2019-10-04 08:26:56,758 [Thread-322] INFO  impl.RoleInfo (RoleInfo.java:updateAndGet(143)) - 8509ebf7-1345-45c7-bb89-954c3e77250c: start LeaderElection
2019-10-04 08:26:56,818 [8509ebf7-1345-45c7-bb89-954c3e77250c@group-8C576764DEFF-LeaderElection20] INFO  impl.LeaderElection (LeaderElection.java:askForVotes(178)) - 8509ebf7-1345-45c7-bb89-954c3e77250c@group-8C576764DEFF-LeaderElection20: begin an election at term 5 for -1: [39a121bc-ba36-4509-bdf8-e27f03138def:192.168.30.44:44082, 8509ebf7-1345-45c7-bb89-954c3e77250c:192.168.30.44:34212, 78ad1eae-dd30-4422-a73c-b6f59a8345bf:192.168.30.44:41443], old=null
2019-10-04 08:26:56,818 [78ad1eae-dd30-4422-a73c-b6f59a8345bf@group-8C576764DEFF-LeaderElection18] INFO  impl.LeaderElection (LeaderElection.java:askForVotes(178)) - 78ad1eae-dd30-4422-a73c-b6f59a8345bf@group-8C576764DEFF-LeaderElection18: begin an election at term 5 for -1: [39a121bc-ba36-4509-bdf8-e27f03138def:192.168.30.44:44082, 8509ebf7-1345-45c7-bb89-954c3e77250c:192.168.30.44:34212, 78ad1eae-dd30-4422-a73c-b6f59a8345bf:192.168.30.44:41443], old=null
2019-10-04 08:26:56,818 [39a121bc-ba36-4509-bdf8-e27f03138def@group-8C576764DEFF-LeaderElection19] INFO  impl.LeaderElection (LeaderElection.java:askForVotes(178)) - 39a121bc-ba36-4509-bdf8-e27f03138def@group-8C576764DEFF-LeaderElection19: begin an election at term 5 for -1: [39a121bc-ba36-4509-bdf8-e27f03138def:192.168.30.44:44082, 8509ebf7-1345-45c7-bb89-954c3e77250c:192.168.30.44:34212, 78ad1eae-dd30-4422-a73c-b6f59a8345bf:192.168.30.44:41443], old=null
2019-10-04 08:26:56,824 [78ad1eae-dd30-4422-a73c-b6f59a8345bf@group-8C576764DEFF-LeaderElection18] INFO  impl.LeaderElection (LeaderElection.java:logAndReturn(56)) - 78ad1eae-dd30-4422-a73c-b6f59a8345bf@group-8C576764DEFF-LeaderElection18: Election REJECTED; received 2 response(s) [78ad1eae-dd30-4422-a73c-b6f59a8345bf<-39a121bc-ba36-4509-bdf8-e27f03138def#0:FAIL-t5, 78ad1eae-dd30-4422-a73c-b6f59a8345bf<-8509ebf7-1345-45c7-bb89-954c3e77250c#0:FAIL-t5] and 0 exception(s); 78ad1eae-dd30-4422-a73c-b6f59a8345bf@group-8C576764DEFF:t5, leader=null, voted=78ad1eae-dd30-4422-a73c-b6f59a8345bf, raftlog=78ad1eae-dd30-4422-a73c-b6f59a8345bf@group-8C576764DEFF-SegmentedRaftLog:OPENED:c-1,f-1,i0, conf=-1: [39a121bc-ba36-4509-bdf8-e27f03138def:192.168.30.44:44082, 8509ebf7-1345-45c7-bb89-954c3e77250c:192.168.30.44:34212, 78ad1eae-dd30-4422-a73c-b6f59a8345bf:192.168.30.44:41443], old=null
2019-10-04 08:26:56,825 [78ad1eae-dd30-4422-a73c-b6f59a8345bf@group-8C576764DEFF-LeaderElection18] INFO  impl.RaftServerImpl (RaftServerImpl.java:setRole(170)) - 78ad1eae-dd30-4422-a73c-b6f59a8345bf@group-8C576764DEFF: changes role from CANDIDATE to FOLLOWER at term 5 for DISCOVERED_A_NEW_TERM
2019-10-04 08:26:56,825 [78ad1eae-dd30-4422-a73c-b6f59a8345bf@group-8C576764DEFF-LeaderElection18] INFO  impl.RoleInfo (RoleInfo.java:shutdownLeaderElection(134)) - 78ad1eae-dd30-4422-a73c-b6f59a8345bf: shutdown LeaderElection
2019-10-04 08:26:56,825 [78ad1eae-dd30-4422-a73c-b6f59a8345bf@group-8C576764DEFF-LeaderElection18] INFO  impl.RoleInfo (RoleInfo.java:updateAndGet(143)) - 78ad1eae-dd30-4422-a73c-b6f59a8345bf: start FollowerState
2019-10-04 08:26:56,825 [39a121bc-ba36-4509-bdf8-e27f03138def@group-8C576764DEFF-LeaderElection19] INFO  impl.LeaderElection (LeaderElection.java:logAndReturn(56)) - 39a121bc-ba36-4509-bdf8-e27f03138def@group-8C576764DEFF-LeaderElection19: Election REJECTED; received 2 response(s) [39a121bc-ba36-4509-bdf8-e27f03138def<-8509ebf7-1345-45c7-bb89-954c3e77250c#0:FAIL-t5, 39a121bc-ba36-4509-bdf8-e27f03138def<-78ad1eae-dd30-4422-a73c-b6f59a8345bf#0:FAIL-t5] and 0 exception(s); 39a121bc-ba36-4509-bdf8-e27f03138def@group-8C576764DEFF:t5, leader=null, voted=39a121bc-ba36-4509-bdf8-e27f03138def, raftlog=39a121bc-ba36-4509-bdf8-e27f03138def@group-8C576764DEFF-SegmentedRaftLog:OPENED:c-1,f-1,i0, conf=-1: [39a121bc-ba36-4509-bdf8-e27f03138def:192.168.30.44:44082, 8509ebf7-1345-45c7-bb89-954c3e77250c:192.168.30.44:34212, 78ad1eae-dd30-4422-a73c-b6f59a8345bf:192.168.30.44:41443], old=null
2019-10-04 08:26:56,827 [39a121bc-ba36-4509-bdf8-e27f03138def@group-8C576764DEFF-LeaderElection19] INFO  impl.RaftServerImpl (RaftServerImpl.java:setRole(170)) - 39a121bc-ba36-4509-bdf8-e27f03138def@group-8C576764DEFF: changes role from CANDIDATE to FOLLOWER at term 5 for DISCOVERED_A_NEW_TERM
2019-10-04 08:26:56,827 [39a121bc-ba36-4509-bdf8-e27f03138def@group-8C576764DEFF-LeaderElection19] INFO  impl.RoleInfo (RoleInfo.java:shutdownLeaderElection(134)) - 39a121bc-ba36-4509-bdf8-e27f03138def: shutdown LeaderElection
2019-10-04 08:26:56,828 [8509ebf7-1345-45c7-bb89-954c3e77250c@group-8C576764DEFF-LeaderElection20] INFO  impl.LeaderElection (LeaderElection.java:logAndReturn(56)) - 8509ebf7-1345-45c7-bb89-954c3e77250c@group-8C576764DEFF-LeaderElection20: Election REJECTED; received 2 response(s) [8509ebf7-1345-45c7-bb89-954c3e77250c<-39a121bc-ba36-4509-bdf8-e27f03138def#0:FAIL-t5, 8509ebf7-1345-45c7-bb89-954c3e77250c<-78ad1eae-dd30-4422-a73c-b6f59a8345bf#0:FAIL-t5] and 0 exception(s); 8509ebf7-1345-45c7-bb89-954c3e77250c@group-8C576764DEFF:t5, leader=null, voted=8509ebf7-1345-45c7-bb89-954c3e77250c, raftlog=8509ebf7-1345-45c7-bb89-954c3e77250c@group-8C576764DEFF-SegmentedRaftLog:OPENED:c-1,f-1,i0, conf=-1: [39a121bc-ba36-4509-bdf8-e27f03138def:192.168.30.44:44082, 8509ebf7-1345-45c7-bb89-954c3e77250c:192.168.30.44:34212, 78ad1eae-dd30-4422-a73c-b6f59a8345bf:192.168.30.44:41443], old=null
2019-10-04 08:26:56,829 [39a121bc-ba36-4509-bdf8-e27f03138def@group-8C576764DEFF-LeaderElection19] INFO  impl.RoleInfo (RoleInfo.java:updateAndGet(143)) - 39a121bc-ba36-4509-bdf8-e27f03138def: start FollowerState
2019-10-04 08:26:56,829 [8509ebf7-1345-45c7-bb89-954c3e77250c@group-8C576764DEFF-LeaderElection20] INFO  impl.RaftServerImpl (RaftServerImpl.java:setRole(170)) - 8509ebf7-1345-45c7-bb89-954c3e77250c@group-8C576764DEFF: changes role from CANDIDATE to FOLLOWER at term 5 for DISCOVERED_A_NEW_TERM
2019-10-04 08:26:56,831 [8509ebf7-1345-45c7-bb89-954c3e77250c@group-8C576764DEFF-LeaderElection20] INFO  impl.RoleInfo (RoleInfo.java:shutdownLeaderElection(134)) - 8509ebf7-1345-45c7-bb89-954c3e77250c: shutdown LeaderElection
2019-10-04 08:26:56,831 [8509ebf7-1345-45c7-bb89-954c3e77250c@group-8C576764DEFF-LeaderElection20] INFO  impl.RoleInfo (RoleInfo.java:updateAndGet(143)) - 8509ebf7-1345-45c7-bb89-954c3e77250c: start FollowerState
2019-10-04 08:27:01,898 [Thread-344] INFO  impl.FollowerState (FollowerState.java:run(108)) - 78ad1eae-dd30-4422-a73c-b6f59a8345bf@group-8C576764DEFF-FollowerState: change to CANDIDATE, lastRpcTime:5073ms, electionTimeout:5071ms
2019-10-04 08:27:01,899 [Thread-344] INFO  impl.RoleInfo (RoleInfo.java:shutdownFollowerState(121)) - 78ad1eae-dd30-4422-a73c-b6f59a8345bf: shutdown FollowerState
2019-10-04 08:27:01,900 [Thread-344] INFO  impl.RaftServerImpl (RaftServerImpl.java:setRole(170)) - 78ad1eae-dd30-4422-a73c-b6f59a8345bf@group-8C576764DEFF: changes role from  FOLLOWER to CANDIDATE at term 5 for changeToCandidate
2019-10-04 08:27:01,900 [Thread-344] INFO  impl.RoleInfo (RoleInfo.java:updateAndGet(143)) - 78ad1eae-dd30-4422-a73c-b6f59a8345bf: start LeaderElection
2019-10-04 08:27:01,937 [78ad1eae-dd30-4422-a73c-b6f59a8345bf@group-8C576764DEFF-LeaderElection21] INFO  impl.LeaderElection (LeaderElection.java:askForVotes(178)) - 78ad1eae-dd30-4422-a73c-b6f59a8345bf@group-8C576764DEFF-LeaderElection21: begin an election at term 6 for -1: [39a121bc-ba36-4509-bdf8-e27f03138def:192.168.30.44:44082, 8509ebf7-1345-45c7-bb89-954c3e77250c:192.168.30.44:34212, 78ad1eae-dd30-4422-a73c-b6f59a8345bf:192.168.30.44:41443], old=null
2019-10-04 08:27:01,942 [grpc-default-executor-0] INFO  impl.RaftServerImpl (RaftServerImpl.java:setRole(170)) - 8509ebf7-1345-45c7-bb89-954c3e77250c@group-8C576764DEFF: changes role from  FOLLOWER to FOLLOWER at term 6 for recognizeCandidate:78ad1eae-dd30-4422-a73c-b6f59a8345bf
2019-10-04 08:27:01,942 [grpc-default-executor-3] INFO  impl.RaftServerImpl (RaftServerImpl.java:setRole(170)) - 39a121bc-ba36-4509-bdf8-e27f03138def@group-8C576764DEFF: changes role from  FOLLOWER to FOLLOWER at term 6 for recognizeCandidate:78ad1eae-dd30-4422-a73c-b6f59a8345bf
2019-10-04 08:27:01,943 [grpc-default-executor-0] INFO  impl.RoleInfo (RoleInfo.java:shutdownFollowerState(121)) - 8509ebf7-1345-45c7-bb89-954c3e77250c: shutdown FollowerState
2019-10-04 08:27:01,943 [grpc-default-executor-3] INFO  impl.RoleInfo (RoleInfo.java:shutdownFollowerState(121)) - 39a121bc-ba36-4509-bdf8-e27f03138def: shutdown FollowerState
2019-10-04 08:27:01,943 [grpc-default-executor-0] INFO  impl.RoleInfo (RoleInfo.java:updateAndGet(143)) - 8509ebf7-1345-45c7-bb89-954c3e77250c: start FollowerState
2019-10-04 08:27:01,943 [grpc-default-executor-3] INFO  impl.RoleInfo (RoleInfo.java:updateAndGet(143)) - 39a121bc-ba36-4509-bdf8-e27f03138def: start FollowerState
2019-10-04 08:27:01,943 [Thread-345] INFO  impl.FollowerState (FollowerState.java:run(117)) - 39a121bc-ba36-4509-bdf8-e27f03138def@group-8C576764DEFF-FollowerState was interrupted: java.lang.InterruptedException: sleep interrupted
2019-10-04 08:27:01,943 [Thread-346] INFO  impl.FollowerState (FollowerState.java:run(117)) - 8509ebf7-1345-45c7-bb89-954c3e77250c@group-8C576764DEFF-FollowerState was interrupted: java.lang.InterruptedException: sleep interrupted
2019-10-04 08:27:01,974 [78ad1eae-dd30-4422-a73c-b6f59a8345bf@group-8C576764DEFF-LeaderElection21] INFO  impl.LeaderElection (LeaderElection.java:logAndReturn(56)) - 78ad1eae-dd30-4422-a73c-b6f59a8345bf@group-8C576764DEFF-LeaderElection21: Election PASSED; received 1 response(s) [78ad1eae-dd30-4422-a73c-b6f59a8345bf<-39a121bc-ba36-4509-bdf8-e27f03138def#0:OK-t6] and 0 exception(s); 78ad1eae-dd30-4422-a73c-b6f59a8345bf@group-8C576764DEFF:t6, leader=null, voted=78ad1eae-dd30-4422-a73c-b6f59a8345bf, raftlog=78ad1eae-dd30-4422-a73c-b6f59a8345bf@group-8C576764DEFF-SegmentedRaftLog:OPENED:c-1,f-1,i0, conf=-1: [39a121bc-ba36-4509-bdf8-e27f03138def:192.168.30.44:44082, 8509ebf7-1345-45c7-bb89-954c3e77250c:192.168.30.44:34212, 78ad1eae-dd30-4422-a73c-b6f59a8345bf:192.168.30.44:41443], old=null
2019-10-04 08:27:01,974 [78ad1eae-dd30-4422-a73c-b6f59a8345bf@group-8C576764DEFF-LeaderElection21] INFO  impl.RoleInfo (RoleInfo.java:shutdownLeaderElection(134)) - 78ad1eae-dd30-4422-a73c-b6f59a8345bf: shutdown LeaderElection
2019-10-04 08:27:01,974 [78ad1eae-dd30-4422-a73c-b6f59a8345bf@group-8C576764DEFF-LeaderElection21] INFO  impl.RaftServerImpl (RaftServerImpl.java:setRole(170)) - 78ad1eae-dd30-4422-a73c-b6f59a8345bf@group-8C576764DEFF: changes role from CANDIDATE to LEADER at term 6 for changeToLeader
2019-10-04 08:27:01,974 [78ad1eae-dd30-4422-a73c-b6f59a8345bf@group-8C576764DEFF-LeaderElection21] INFO  impl.RaftServerImpl (ServerState.java:setLeader(255)) - 78ad1eae-dd30-4422-a73c-b6f59a8345bf@group-8C576764DEFF: change Leader from null to 78ad1eae-dd30-4422-a73c-b6f59a8345bf at term 6 for becomeLeader, leader elected after 32122ms
2019-10-04 08:27:01,975 [78ad1eae-dd30-4422-a73c-b6f59a8345bf@group-8C576764DEFF-LeaderElection21] INFO  server.RaftServerConfigKeys (ConfUtils.java:logGet(43)) - raft.server.staging.catchup.gap = 1000 (default)
2019-10-04 08:27:01,975 [78ad1eae-dd30-4422-a73c-b6f59a8345bf@group-8C576764DEFF-LeaderElection21] INFO  server.RaftServerConfigKeys (ConfUtils.java:logGet(43)) - raft.server.rpc.sleep.time = 25ms (default)
2019-10-04 08:27:01,975 [78ad1eae-dd30-4422-a73c-b6f59a8345bf@group-8C576764DEFF-LeaderElection21] INFO  server.RaftServerConfigKeys (ConfUtils.java:logGet(43)) - raft.server.write.element-limit = 4096 (default)
2019-10-04 08:27:01,976 [78ad1eae-dd30-4422-a73c-b6f59a8345bf@group-8C576764DEFF-LeaderElection21] INFO  server.RaftServerConfigKeys (ConfUtils.java:logGet(43)) - raft.server.watch.timeout = 10s (default)
2019-10-04 08:27:01,976 [78ad1eae-dd30-4422-a73c-b6f59a8345bf@group-8C576764DEFF-LeaderElection21] INFO  server.RaftServerConfigKeys (ConfUtils.java:logGet(43)) - raft.server.watch.timeout.denomination = 1s (default)
2019-10-04 08:27:01,976 [78ad1eae-dd30-4422-a73c-b6f59a8345bf@group-8C576764DEFF-LeaderElection21] INFO  server.RaftServerConfigKeys (ConfUtils.java:logGet(43)) - raft.server.watch.element-limit = 65536 (default)
2019-10-04 08:27:01,986 [78ad1eae-dd30-4422-a73c-b6f59a8345bf@group-8C576764DEFF-LeaderElection21] INFO  server.RaftServerConfigKeys (ConfUtils.java:logGet(43)) - raft.server.log.appender.snapshot.chunk.size.max = 16MB (=16777216) (default)
2019-10-04 08:27:01,986 [78ad1eae-dd30-4422-a73c-b6f59a8345bf@group-8C576764DEFF-LeaderElection21] INFO  server.RaftServerConfigKeys (ConfUtils.java:logGet(43)) - raft.server.log.appender.buffer.byte-limit = 33554432 (custom)
2019-10-04 08:27:01,987 [78ad1eae-dd30-4422-a73c-b6f59a8345bf@group-8C576764DEFF-LeaderElection21] INFO  server.RaftServerConfigKeys (ConfUtils.java:logGet(43)) - raft.server.log.appender.buffer.element-limit = 1 (custom)
2019-10-04 08:27:01,992 [78ad1eae-dd30-4422-a73c-b6f59a8345bf@group-8C576764DEFF-LeaderElection21] INFO  grpc.GrpcConfigKeys$Server (ConfUtils.java:logGet(43)) - raft.grpc.server.leader.outstanding.appends.max = 128 (default)
2019-10-04 08:27:01,993 [78ad1eae-dd30-4422-a73c-b6f59a8345bf@group-8C576764DEFF-LeaderElection21] INFO  server.RaftServerConfigKeys (ConfUtils.java:logGet(43)) - raft.server.rpc.request.timeout = 3000ms (default)
2019-10-04 08:27:01,994 [78ad1eae-dd30-4422-a73c-b6f59a8345bf@group-8C576764DEFF-LeaderElection21] INFO  server.RaftServerConfigKeys (ConfUtils.java:logGet(43)) - raft.server.log.appender.install.snapshot.enabled = false (custom)
2019-10-04 08:27:01,995 [78ad1eae-dd30-4422-a73c-b6f59a8345bf@group-8C576764DEFF-LeaderElection21] INFO  server.RaftServerConfigKeys (ConfUtils.java:logGet(43)) - raft.server.log.appender.snapshot.chunk.size.max = 16MB (=16777216) (default)
2019-10-04 08:27:01,995 [78ad1eae-dd30-4422-a73c-b6f59a8345bf@group-8C576764DEFF-LeaderElection21] INFO  server.RaftServerConfigKeys (ConfUtils.java:logGet(43)) - raft.server.log.appender.buffer.byte-limit = 33554432 (custom)
2019-10-04 08:27:01,995 [78ad1eae-dd30-4422-a73c-b6f59a8345bf@group-8C576764DEFF-LeaderElection21] INFO  server.RaftServerConfigKeys (ConfUtils.java:logGet(43)) - raft.server.log.appender.buffer.element-limit = 1 (custom)
2019-10-04 08:27:01,996 [78ad1eae-dd30-4422-a73c-b6f59a8345bf@group-8C576764DEFF-LeaderElection21] INFO  grpc.GrpcConfigKeys$Server (ConfUtils.java:logGet(43)) - raft.grpc.server.leader.outstanding.appends.max = 128 (default)
2019-10-04 08:27:01,996 [78ad1eae-dd30-4422-a73c-b6f59a8345bf@group-8C576764DEFF-LeaderElection21] INFO  server.RaftServerConfigKeys (ConfUtils.java:logGet(43)) - raft.server.rpc.request.timeout = 3000ms (default)
2019-10-04 08:27:01,996 [78ad1eae-dd30-4422-a73c-b6f59a8345bf@group-8C576764DEFF-LeaderElection21] INFO  server.RaftServerConfigKeys (ConfUtils.java:logGet(43)) - raft.server.log.appender.install.snapshot.enabled = false (custom)
2019-10-04 08:27:01,998 [78ad1eae-dd30-4422-a73c-b6f59a8345bf@group-8C576764DEFF-LeaderElection21] INFO  impl.RoleInfo (RoleInfo.java:updateAndGet(143)) - 78ad1eae-dd30-4422-a73c-b6f59a8345bf: start LeaderState
2019-10-04 08:27:01,998 [78ad1eae-dd30-4422-a73c-b6f59a8345bf@group-8C576764DEFF-LeaderElection21] INFO  segmented.SegmentedRaftLogWorker (SegmentedRaftLogWorker.java:startLogSegment(385)) - 78ad1eae-dd30-4422-a73c-b6f59a8345bf@group-8C576764DEFF-SegmentedRaftLogWorker: Starting segment from index:0
2019-10-04 08:27:01,999 [78ad1eae-dd30-4422-a73c-b6f59a8345bf@group-8C576764DEFF-LeaderElection21] INFO  impl.RaftServerImpl (ServerState.java:setRaftConf(356)) - 78ad1eae-dd30-4422-a73c-b6f59a8345bf@group-8C576764DEFF: set configuration 0: [39a121bc-ba36-4509-bdf8-e27f03138def:192.168.30.44:44082, 8509ebf7-1345-45c7-bb89-954c3e77250c:192.168.30.44:34212, 78ad1eae-dd30-4422-a73c-b6f59a8345bf:192.168.30.44:41443], old=null at 0
2019-10-04 08:27:02,045 [grpc-default-executor-0] INFO  impl.RaftServerImpl (ServerState.java:setLeader(255)) - 39a121bc-ba36-4509-bdf8-e27f03138def@group-8C576764DEFF: change Leader from null to 78ad1eae-dd30-4422-a73c-b6f59a8345bf at term 6 for appendEntries, leader elected after 32191ms
2019-10-04 08:27:02,046 [grpc-default-executor-3] INFO  impl.RaftServerImpl (ServerState.java:setLeader(255)) - 8509ebf7-1345-45c7-bb89-954c3e77250c@group-8C576764DEFF: change Leader from null to 78ad1eae-dd30-4422-a73c-b6f59a8345bf at term 6 for appendEntries, leader elected after 32193ms
2019-10-04 08:27:02,048 [78ad1eae-dd30-4422-a73c-b6f59a8345bf@group-8C576764DEFF-SegmentedRaftLogWorker] INFO  segmented.SegmentedRaftLogWorker (SegmentedRaftLogWorker.java:execute(574)) - 78ad1eae-dd30-4422-a73c-b6f59a8345bf@group-8C576764DEFF-SegmentedRaftLogWorker: created new log segment /workdir/hadoop-ozone/integration-test/target/test-dir/MiniOzoneClusterImpl-4b226998-9ff7-4298-85da-a0b229337445/datanode-2/data/ratis/0f5ce402-effc-46c2-a309-8c576764deff/current/log_inprogress_0
2019-10-04 08:27:02,073 [grpc-default-executor-0] INFO  impl.RaftServerImpl (ServerState.java:setRaftConf(356)) - 39a121bc-ba36-4509-bdf8-e27f03138def@group-8C576764DEFF: set configuration 0: [39a121bc-ba36-4509-bdf8-e27f03138def:192.168.30.44:44082, 8509ebf7-1345-45c7-bb89-954c3e77250c:192.168.30.44:34212, 78ad1eae-dd30-4422-a73c-b6f59a8345bf:192.168.30.44:41443], old=null at 0
2019-10-04 08:27:02,073 [grpc-default-executor-3] INFO  impl.RaftServerImpl (ServerState.java:setRaftConf(356)) - 8509ebf7-1345-45c7-bb89-954c3e77250c@group-8C576764DEFF: set configuration 0: [39a121bc-ba36-4509-bdf8-e27f03138def:192.168.30.44:44082, 8509ebf7-1345-45c7-bb89-954c3e77250c:192.168.30.44:34212, 78ad1eae-dd30-4422-a73c-b6f59a8345bf:192.168.30.44:41443], old=null at 0
2019-10-04 08:27:02,073 [grpc-default-executor-0] INFO  segmented.SegmentedRaftLogWorker (SegmentedRaftLogWorker.java:startLogSegment(385)) - 39a121bc-ba36-4509-bdf8-e27f03138def@group-8C576764DEFF-SegmentedRaftLogWorker: Starting segment from index:0
2019-10-04 08:27:02,073 [grpc-default-executor-3] INFO  segmented.SegmentedRaftLogWorker (SegmentedRaftLogWorker.java:startLogSegment(385)) - 8509ebf7-1345-45c7-bb89-954c3e77250c@group-8C576764DEFF-SegmentedRaftLogWorker: Starting segment from index:0
2019-10-04 08:27:02,118 [39a121bc-ba36-4509-bdf8-e27f03138def@group-8C576764DEFF-SegmentedRaftLogWorker] INFO  segmented.SegmentedRaftLogWorker (SegmentedRaftLogWorker.java:execute(574)) - 39a121bc-ba36-4509-bdf8-e27f03138def@group-8C576764DEFF-SegmentedRaftLogWorker: created new log segment /workdir/hadoop-ozone/integration-test/target/test-dir/MiniOzoneClusterImpl-4b226998-9ff7-4298-85da-a0b229337445/datanode-0/data/ratis/0f5ce402-effc-46c2-a309-8c576764deff/current/log_inprogress_0
2019-10-04 08:27:02,118 [8509ebf7-1345-45c7-bb89-954c3e77250c@group-8C576764DEFF-SegmentedRaftLogWorker] INFO  segmented.SegmentedRaftLogWorker (SegmentedRaftLogWorker.java:execute(574)) - 8509ebf7-1345-45c7-bb89-954c3e77250c@group-8C576764DEFF-SegmentedRaftLogWorker: created new log segment /workdir/hadoop-ozone/integration-test/target/test-dir/MiniOzoneClusterImpl-4b226998-9ff7-4298-85da-a0b229337445/datanode-3/data/ratis/0f5ce402-effc-46c2-a309-8c576764deff/current/log_inprogress_0
2019-10-04 08:27:02,902 [Thread-223] INFO  pipeline.SCMPipelineManager (SCMPipelineManager.java:finalizeAndDestroyPipeline(315)) - destroying pipeline:Pipeline[ Id: 0f5ce402-effc-46c2-a309-8c576764deff, Nodes: 8509ebf7-1345-45c7-bb89-954c3e77250c{ip: 192.168.30.44, host: pr-hdds-2230-99mx8-1595754997, networkLocation: /rack1, certSerialId: null}78ad1eae-dd30-4422-a73c-b6f59a8345bf{ip: 192.168.30.44, host: pr-hdds-2230-99mx8-1595754997, networkLocation: /rack1, certSerialId: null}39a121bc-ba36-4509-bdf8-e27f03138def{ip: 192.168.30.44, host: pr-hdds-2230-99mx8-1595754997, networkLocation: /rack1, certSerialId: null}, Type:RATIS, Factor:THREE, State:OPEN]
2019-10-04 08:27:02,903 [Thread-223] INFO  pipeline.PipelineStateManager (PipelineStateManager.java:finalizePipeline(123)) - Pipeline Pipeline[ Id: 0f5ce402-effc-46c2-a309-8c576764deff, Nodes: 8509ebf7-1345-45c7-bb89-954c3e77250c{ip: 192.168.30.44, host: pr-hdds-2230-99mx8-1595754997, networkLocation: /rack1, certSerialId: null}78ad1eae-dd30-4422-a73c-b6f59a8345bf{ip: 192.168.30.44, host: pr-hdds-2230-99mx8-1595754997, networkLocation: /rack1, certSerialId: null}39a121bc-ba36-4509-bdf8-e27f03138def{ip: 192.168.30.44, host: pr-hdds-2230-99mx8-1595754997, networkLocation: /rack1, certSerialId: null}, Type:RATIS, Factor:THREE, State:CLOSED] moved to CLOSED state
2019-10-04 08:27:02,904 [EventQueue-CloseContainerForCloseContainerEventHandler] INFO  container.CloseContainerEventHandler (CloseContainerEventHandler.java:onMessage(61)) - Close container Event triggered for container : #1
2019-10-04 08:27:03,596 [Datanode State Machine Thread - 0] INFO  statemachine.DatanodeStateMachine (DatanodeStateMachine.java:lambda$startDaemon$0(350)) - Ozone container server started.
2019-10-04 08:27:04,035 [RatisApplyTransactionExecutor 1] INFO  interfaces.Container (KeyValueContainer.java:flushAndSyncDB(386)) - Container 1 is synced with bcsId 3.
2019-10-04 08:27:04,035 [RatisApplyTransactionExecutor 1] INFO  interfaces.Container (KeyValueContainer.java:flushAndSyncDB(386)) - Container 1 is synced with bcsId 3.
2019-10-04 08:27:04,036 [RatisApplyTransactionExecutor 1] INFO  interfaces.Container (KeyValueContainer.java:flushAndSyncDB(386)) - Container 1 is synced with bcsId 3.
2019-10-04 08:27:04,037 [RatisApplyTransactionExecutor 1] INFO  interfaces.Container (KeyValueContainer.java:flushAndSyncDB(386)) - Container 1 is synced with bcsId 3.
2019-10-04 08:27:04,057 [RatisApplyTransactionExecutor 1] INFO  interfaces.Container (KeyValueContainer.java:close(335)) - Container 1 is closed with bcsId 3.
2019-10-04 08:27:04,057 [RatisApplyTransactionExecutor 1] INFO  interfaces.Container (KeyValueContainer.java:close(335)) - Container 1 is closed with bcsId 3.
2019-10-04 08:27:04,062 [EventQueue-IncrementalContainerReportForIncrementalContainerReportHandler] INFO  container.IncrementalContainerReportHandler (AbstractContainerReportHandler.java:updateContainerState(176)) - Moving container #1 to CLOSED state, datanode 39a121bc-ba36-4509-bdf8-e27f03138def{ip: 192.168.30.44, host: pr-hdds-2230-99mx8-1595754997, networkLocation: /rack1, certSerialId: null} reported CLOSED replica.
2019-10-04 08:27:04,070 [RatisApplyTransactionExecutor 1] INFO  interfaces.Container (KeyValueContainer.java:flushAndSyncDB(386)) - Container 1 is synced with bcsId 3.
2019-10-04 08:27:04,070 [RatisApplyTransactionExecutor 1] INFO  interfaces.Container (KeyValueContainer.java:flushAndSyncDB(386)) - Container 1 is synced with bcsId 3.
2019-10-04 08:27:04,096 [RatisApplyTransactionExecutor 1] INFO  interfaces.Container (KeyValueContainer.java:close(335)) - Container 1 is closed with bcsId 3.
2019-10-04 08:27:07,909 [Thread-223] INFO  ozoneimpl.OzoneContainer (OzoneContainer.java:stop(231)) - Attempting to stop container services.
2019-10-04 08:27:07,910 [Thread-223] INFO  impl.RaftServerProxy (RaftServerProxy.java:lambda$close$4(314)) - 8509ebf7-1345-45c7-bb89-954c3e77250c: close
2019-10-04 08:27:07,911 [Thread-223] INFO  impl.RaftServerImpl (RaftServerImpl.java:lambda$shutdown$3(247)) - 8509ebf7-1345-45c7-bb89-954c3e77250c@group-8C576764DEFF: shutdown
2019-10-04 08:27:07,912 [ForkJoinPool.commonPool-worker-1] INFO  impl.RaftServerImpl (RaftServerImpl.java:lambda$shutdown$3(247)) - 8509ebf7-1345-45c7-bb89-954c3e77250c@group-5E8C8D3B6FEE: shutdown
2019-10-04 08:27:07,912 [Thread-223] INFO  util.JmxRegister (JmxRegister.java:unregister(73)) - Successfully un-registered JMX Bean with object name Ratis:service=RaftServer,group=group-8C576764DEFF,id=8509ebf7-1345-45c7-bb89-954c3e77250c
2019-10-04 08:27:07,912 [ForkJoinPool.commonPool-worker-1] INFO  util.JmxRegister (JmxRegister.java:unregister(73)) - Successfully un-registered JMX Bean with object name Ratis:service=RaftServer,group=group-5E8C8D3B6FEE,id=8509ebf7-1345-45c7-bb89-954c3e77250c
2019-10-04 08:27:07,912 [Thread-223] INFO  impl.RoleInfo (RoleInfo.java:shutdownFollowerState(121)) - 8509ebf7-1345-45c7-bb89-954c3e77250c: shutdown FollowerState
2019-10-04 08:27:07,912 [ForkJoinPool.commonPool-worker-1] INFO  impl.RoleInfo (RoleInfo.java:shutdownLeaderState(104)) - 8509ebf7-1345-45c7-bb89-954c3e77250c: shutdown LeaderState
2019-10-04 08:27:07,913 [Thread-223] INFO  impl.StateMachineUpdater (StateMachineUpdater.java:stopAndJoin(136)) - 8509ebf7-1345-45c7-bb89-954c3e77250c@group-8C576764DEFF-StateMachineUpdater: set stopIndex = 6
2019-10-04 08:27:07,913 [Thread-360] INFO  impl.FollowerState (FollowerState.java:run(117)) - 8509ebf7-1345-45c7-bb89-954c3e77250c@group-8C576764DEFF-FollowerState was interrupted: java.lang.InterruptedException: sleep interrupted
2019-10-04 08:27:07,917 [8509ebf7-1345-45c7-bb89-954c3e77250c@group-8C576764DEFF-StateMachineUpdater] INFO  ratis.ContainerStateMachine (ContainerStateMachine.java:takeSnapshot(293)) - group-8C576764DEFF: Taking a snapshot at:(t:6, i:5) file /workdir/hadoop-ozone/integration-test/target/test-dir/MiniOzoneClusterImpl-4b226998-9ff7-4298-85da-a0b229337445/datanode-3/data/ratis/0f5ce402-effc-46c2-a309-8c576764deff/sm/snapshot.6_5
2019-10-04 08:27:07,917 [ForkJoinPool.commonPool-worker-1] INFO  impl.PendingRequests (PendingRequests.java:sendNotLeaderResponses(202)) - 8509ebf7-1345-45c7-bb89-954c3e77250c@group-5E8C8D3B6FEE-PendingRequests: sendNotLeaderResponses
2019-10-04 08:27:07,920 [ForkJoinPool.commonPool-worker-1] INFO  impl.StateMachineUpdater (StateMachineUpdater.java:stopAndJoin(136)) - 8509ebf7-1345-45c7-bb89-954c3e77250c@group-5E8C8D3B6FEE-StateMachineUpdater: set stopIndex = 0
2019-10-04 08:27:07,922 [ForkJoinPool.commonPool-worker-1] INFO  impl.RaftServerImpl (ServerState.java:close(387)) - 8509ebf7-1345-45c7-bb89-954c3e77250c@group-5E8C8D3B6FEE: closes. applyIndex: 0
2019-10-04 08:27:07,925 [8509ebf7-1345-45c7-bb89-954c3e77250c@group-5E8C8D3B6FEE-SegmentedRaftLogWorker] INFO  segmented.SegmentedRaftLogWorker (SegmentedRaftLogWorker.java:run(316)) - 8509ebf7-1345-45c7-bb89-954c3e77250c@group-5E8C8D3B6FEE-SegmentedRaftLogWorker was interrupted, exiting. There are 0 tasks remaining in the queue.
2019-10-04 08:27:07,928 [ForkJoinPool.commonPool-worker-1] INFO  segmented.SegmentedRaftLogWorker (SegmentedRaftLogWorker.java:close(224)) - 8509ebf7-1345-45c7-bb89-954c3e77250c@group-5E8C8D3B6FEE-SegmentedRaftLogWorker close()
2019-10-04 08:27:07,971 [8509ebf7-1345-45c7-bb89-954c3e77250c@group-8C576764DEFF-StateMachineUpdater] INFO  ratis.ContainerStateMachine (ContainerStateMachine.java:takeSnapshot(304)) - group-8C576764DEFF: Finished taking a snapshot at:(t:6, i:5) file:/workdir/hadoop-ozone/integration-test/target/test-dir/MiniOzoneClusterImpl-4b226998-9ff7-4298-85da-a0b229337445/datanode-3/data/ratis/0f5ce402-effc-46c2-a309-8c576764deff/sm/snapshot.6_5 time:58
2019-10-04 08:27:07,973 [8509ebf7-1345-45c7-bb89-954c3e77250c@group-8C576764DEFF-StateMachineUpdater] INFO  impl.StateMachineUpdater (StateMachineUpdater.java:takeSnapshot(269)) - 8509ebf7-1345-45c7-bb89-954c3e77250c@group-8C576764DEFF-StateMachineUpdater: Took a snapshot at index 5
2019-10-04 08:27:07,973 [8509ebf7-1345-45c7-bb89-954c3e77250c@group-8C576764DEFF-StateMachineUpdater] INFO  impl.StateMachineUpdater (StateMachineUpdater.java:lambda$new$0(84)) - 8509ebf7-1345-45c7-bb89-954c3e77250c@group-8C576764DEFF-StateMachineUpdater: snapshotIndex: updateIncreasingly -1 -> 5
2019-10-04 08:27:07,978 [8509ebf7-1345-45c7-bb89-954c3e77250c@group-8C576764DEFF-StateMachineUpdater] INFO  ratis.ContainerStateMachine (ContainerStateMachine.java:takeSnapshot(293)) - group-8C576764DEFF: Taking a snapshot at:(t:6, i:5) file /workdir/hadoop-ozone/integration-test/target/test-dir/MiniOzoneClusterImpl-4b226998-9ff7-4298-85da-a0b229337445/datanode-3/data/ratis/0f5ce402-effc-46c2-a309-8c576764deff/sm/snapshot.6_5
2019-10-04 08:27:08,000 [8509ebf7-1345-45c7-bb89-954c3e77250c@group-8C576764DEFF-StateMachineUpdater] INFO  ratis.ContainerStateMachine (ContainerStateMachine.java:takeSnapshot(304)) - group-8C576764DEFF: Finished taking a snapshot at:(t:6, i:5) file:/workdir/hadoop-ozone/integration-test/target/test-dir/MiniOzoneClusterImpl-4b226998-9ff7-4298-85da-a0b229337445/datanode-3/data/ratis/0f5ce402-effc-46c2-a309-8c576764deff/sm/snapshot.6_5 time:22
2019-10-04 08:27:08,001 [8509ebf7-1345-45c7-bb89-954c3e77250c@group-8C576764DEFF-StateMachineUpdater] INFO  impl.StateMachineUpdater (StateMachineUpdater.java:takeSnapshot(269)) - 8509ebf7-1345-45c7-bb89-954c3e77250c@group-8C576764DEFF-StateMachineUpdater: Took a snapshot at index 5
2019-10-04 08:27:08,001 [8509ebf7-1345-45c7-bb89-954c3e77250c@group-8C576764DEFF-StateMachineUpdater] INFO  impl.StateMachineUpdater (StateMachineUpdater.java:lambda$new$0(84)) - 8509ebf7-1345-45c7-bb89-954c3e77250c@group-8C576764DEFF-StateMachineUpdater: snapshotIndex: updateIncreasingly 5 -> 5
2019-10-04 08:27:08,001 [Thread-223] INFO  impl.RaftServerImpl (ServerState.java:close(387)) - 8509ebf7-1345-45c7-bb89-954c3e77250c@group-8C576764DEFF: closes. applyIndex: 6
2019-10-04 08:27:08,002 [8509ebf7-1345-45c7-bb89-954c3e77250c@group-8C576764DEFF-SegmentedRaftLogWorker] INFO  segmented.SegmentedRaftLogWorker (SegmentedRaftLogWorker.java:run(316)) - 8509ebf7-1345-45c7-bb89-954c3e77250c@group-8C576764DEFF-SegmentedRaftLogWorker was interrupted, exiting. There are 0 tasks remaining in the queue.
2019-10-04 08:27:08,004 [Thread-223] INFO  segmented.SegmentedRaftLogWorker (SegmentedRaftLogWorker.java:close(224)) - 8509ebf7-1345-45c7-bb89-954c3e77250c@group-8C576764DEFF-SegmentedRaftLogWorker close()
2019-10-04 08:27:08,007 [Thread-223] INFO  server.GrpcService (GrpcService.java:closeImpl(164)) - 8509ebf7-1345-45c7-bb89-954c3e77250c: shutdown server with port 34212 now
2019-10-04 08:27:08,014 [Thread-223] INFO  server.GrpcService (GrpcService.java:closeImpl(172)) - 8509ebf7-1345-45c7-bb89-954c3e77250c: shutdown server with port 34212 successfully
2019-10-04 08:27:08,016 [grpc-default-executor-0] WARN  server.GrpcServerProtocolService (LogUtils.java:warn(134)) - 8509ebf7-1345-45c7-bb89-954c3e77250c: installSnapshot onError, lastRequest: 78ad1eae-dd30-4422-a73c-b6f59a8345bf->8509ebf7-1345-45c7-bb89-954c3e77250c#8-t6, previous=(t:6, i:6), leaderCommit=6, initializing? false, entries: <empty>: org.apache.ratis.thirdparty.io.grpc.StatusRuntimeException: CANCELLED: cancelled before receiving half close
2019-10-04 08:27:08,017 [grpc-default-executor-1] WARN  server.GrpcLogAppender (LogUtils.java:warn(134)) - 78ad1eae-dd30-4422-a73c-b6f59a8345bf@group-8C576764DEFF->8509ebf7-1345-45c7-bb89-954c3e77250c-AppendLogResponseHandler: Failed appendEntries: org.apache.ratis.thirdparty.io.grpc.StatusRuntimeException: CANCELLED: HTTP/2 error code: CANCEL
Received Rst Stream
2019-10-04 08:27:08,018 [refreshUsed-/workdir/hadoop-ozone/integration-test/target/test-dir/MiniOzoneClusterImpl-4b226998-9ff7-4298-85da-a0b229337445/datanode-3/data/containers] WARN  fs.CachingGetSpaceUsed (CachingGetSpaceUsed.java:run(183)) - Thread Interrupted waiting to refresh disk information: sleep interrupted
2019-10-04 08:27:08,021 [grpc-default-executor-1] INFO  impl.FollowerInfo (FollowerInfo.java:lambda$new$0(51)) - 78ad1eae-dd30-4422-a73c-b6f59a8345bf@group-8C576764DEFF->8509ebf7-1345-45c7-bb89-954c3e77250c: nextIndex: updateUnconditionally 7 -> 6
2019-10-04 08:27:08,046 [Thread-223] INFO  utils.BackgroundService (BackgroundService.java:shutdown(148)) - Shutting down service BlockDeletingService
2019-10-04 08:27:08,051 [Thread-223] INFO  statemachine.DatanodeStateMachine (DatanodeStateMachine.java:stopDaemon(395)) - Ozone container server stopped.
2019-10-04 08:27:08,067 [Thread-223] INFO  handler.ContextHandler (ContextHandler.java:doStop(910)) - Stopped o.e.j.w.WebAppContext@79c5460e{/,null,UNAVAILABLE}{/hddsDatanode}
2019-10-04 08:27:08,073 [Thread-223] INFO  server.AbstractConnector (AbstractConnector.java:doStop(318)) - Stopped ServerConnector@7d904ff1{HTTP/1.1,[http/1.1]}{0.0.0.0:0}
2019-10-04 08:27:08,074 [Thread-223] INFO  handler.ContextHandler (ContextHandler.java:doStop(910)) - Stopped o.e.j.s.ServletContextHandler@3fd9e827{/static,jar:file:/home/user/.m2/repository/org/apache/hadoop/hadoop-hdds-container-service/0.5.0-SNAPSHOT/hadoop-hdds-container-service-0.5.0-SNAPSHOT.jar!/webapps/static,UNAVAILABLE}
2019-10-04 08:27:08,075 [Thread-223] INFO  handler.ContextHandler (ContextHandler.java:doStop(910)) - Stopped o.e.j.s.ServletContextHandler@3f1ef9d6{/logs,file:///workdir/hadoop-ozone/integration-test/target/log,UNAVAILABLE}
2019-10-04 08:27:09,040 [grpc-default-executor-1] WARN  server.GrpcLogAppender (LogUtils.java:warn(134)) - 78ad1eae-dd30-4422-a73c-b6f59a8345bf@group-8C576764DEFF->8509ebf7-1345-45c7-bb89-954c3e77250c-AppendLogResponseHandler: Failed appendEntries: org.apache.ratis.thirdparty.io.grpc.StatusRuntimeException: UNAVAILABLE: io exception
2019-10-04 08:27:09,042 [grpc-default-executor-1] INFO  impl.FollowerInfo (FollowerInfo.java:lambda$new$0(51)) - 78ad1eae-dd30-4422-a73c-b6f59a8345bf@group-8C576764DEFF->8509ebf7-1345-45c7-bb89-954c3e77250c: nextIndex: updateUnconditionally 6 -> 5
2019-10-04 08:27:11,532 [grpc-default-executor-3] WARN  server.GrpcLogAppender (LogUtils.java:warn(134)) - 78ad1eae-dd30-4422-a73c-b6f59a8345bf@group-8C576764DEFF->8509ebf7-1345-45c7-bb89-954c3e77250c-AppendLogResponseHandler: Failed appendEntries: org.apache.ratis.thirdparty.io.grpc.StatusRuntimeException: UNAVAILABLE: io exception
2019-10-04 08:27:11,535 [grpc-default-executor-3] INFO  impl.FollowerInfo (FollowerInfo.java:lambda$new$0(51)) - 78ad1eae-dd30-4422-a73c-b6f59a8345bf@group-8C576764DEFF->8509ebf7-1345-45c7-bb89-954c3e77250c: nextIndex: updateUnconditionally 5 -> 4
2019-10-04 08:27:13,086 [ReplicationMonitor] INFO  container.ReplicationManager (ReplicationManager.java:sendCloseCommand(659)) - Sending close container command for container #1 to datanode 8509ebf7-1345-45c7-bb89-954c3e77250c{ip: 192.168.30.44, host: pr-hdds-2230-99mx8-1595754997, networkLocation: /rack1, certSerialId: null}.
2019-10-04 08:27:13,090 [ReplicationMonitor] INFO  container.ReplicationManager (ReplicationManager.java:run(225)) - Replication Monitor Thread took 12 milliseconds for processing 1 containers.
2019-10-04 08:27:14,037 [grpc-default-executor-3] WARN  server.GrpcLogAppender (LogUtils.java:warn(134)) - 78ad1eae-dd30-4422-a73c-b6f59a8345bf@group-8C576764DEFF->8509ebf7-1345-45c7-bb89-954c3e77250c-AppendLogResponseHandler: Failed appendEntries: org.apache.ratis.thirdparty.io.grpc.StatusRuntimeException: UNAVAILABLE: io exception
2019-10-04 08:27:14,040 [grpc-default-executor-3] INFO  impl.FollowerInfo (FollowerInfo.java:lambda$new$0(51)) - 78ad1eae-dd30-4422-a73c-b6f59a8345bf@group-8C576764DEFF->8509ebf7-1345-45c7-bb89-954c3e77250c: nextIndex: updateUnconditionally 4 -> 3
2019-10-04 08:27:16,542 [grpc-default-executor-3] WARN  server.GrpcLogAppender (LogUtils.java:warn(134)) - 78ad1eae-dd30-4422-a73c-b6f59a8345bf@group-8C576764DEFF->8509ebf7-1345-45c7-bb89-954c3e77250c-AppendLogResponseHandler: Failed appendEntries: org.apache.ratis.thirdparty.io.grpc.StatusRuntimeException: UNAVAILABLE: io exception
2019-10-04 08:27:16,547 [grpc-default-executor-3] INFO  impl.FollowerInfo (FollowerInfo.java:lambda$new$0(51)) - 78ad1eae-dd30-4422-a73c-b6f59a8345bf@group-8C576764DEFF->8509ebf7-1345-45c7-bb89-954c3e77250c: nextIndex: updateUnconditionally 3 -> 2
2019-10-04 08:27:19,047 [grpc-default-executor-3] WARN  server.GrpcLogAppender (LogUtils.java:warn(134)) - 78ad1eae-dd30-4422-a73c-b6f59a8345bf@group-8C576764DEFF->8509ebf7-1345-45c7-bb89-954c3e77250c-AppendLogResponseHandler: Failed appendEntries: org.apache.ratis.thirdparty.io.grpc.StatusRuntimeException: UNAVAILABLE: io exception
2019-10-04 08:27:19,051 [grpc-default-executor-3] INFO  impl.FollowerInfo (FollowerInfo.java:lambda$new$0(51)) - 78ad1eae-dd30-4422-a73c-b6f59a8345bf@group-8C576764DEFF->8509ebf7-1345-45c7-bb89-954c3e77250c: nextIndex: updateUnconditionally 2 -> 1
2019-10-04 08:27:21,546 [grpc-default-executor-3] WARN  server.GrpcLogAppender (LogUtils.java:warn(134)) - 78ad1eae-dd30-4422-a73c-b6f59a8345bf@group-8C576764DEFF->8509ebf7-1345-45c7-bb89-954c3e77250c-AppendLogResponseHandler: Failed appendEntries: org.apache.ratis.thirdparty.io.grpc.StatusRuntimeException: UNAVAILABLE: io exception
2019-10-04 08:27:21,548 [grpc-default-executor-3] INFO  impl.FollowerInfo (FollowerInfo.java:lambda$new$0(51)) - 78ad1eae-dd30-4422-a73c-b6f59a8345bf@group-8C576764DEFF->8509ebf7-1345-45c7-bb89-954c3e77250c: nextIndex: updateUnconditionally 1 -> 0
2019-10-04 08:27:24,047 [grpc-default-executor-0] WARN  server.GrpcLogAppender (LogUtils.java:warn(134)) - 78ad1eae-dd30-4422-a73c-b6f59a8345bf@group-8C576764DEFF->8509ebf7-1345-45c7-bb89-954c3e77250c-AppendLogResponseHandler: Failed appendEntries: org.apache.ratis.thirdparty.io.grpc.StatusRuntimeException: UNAVAILABLE: io exception
2019-10-04 08:27:24,048 [grpc-default-executor-0] INFO  impl.FollowerInfo (FollowerInfo.java:lambda$new$0(51)) - 78ad1eae-dd30-4422-a73c-b6f59a8345bf@group-8C576764DEFF->8509ebf7-1345-45c7-bb89-954c3e77250c: nextIndex: updateUnconditionally 0 -> 0
2019-10-04 08:27:26,549 [grpc-default-executor-1] WARN  server.GrpcLogAppender (LogUtils.java:warn(134)) - 78ad1eae-dd30-4422-a73c-b6f59a8345bf@group-8C576764DEFF->8509ebf7-1345-45c7-bb89-954c3e77250c-AppendLogResponseHandler: Failed appendEntries: org.apache.ratis.thirdparty.io.grpc.StatusRuntimeException: UNAVAILABLE: io exception
2019-10-04 08:27:26,551 [grpc-default-executor-1] INFO  impl.FollowerInfo (FollowerInfo.java:lambda$new$0(51)) - 78ad1eae-dd30-4422-a73c-b6f59a8345bf@group-8C576764DEFF->8509ebf7-1345-45c7-bb89-954c3e77250c: nextIndex: updateUnconditionally 0 -> 0
2019-10-04 08:27:29,049 [grpc-default-executor-3] WARN  server.GrpcLogAppender (LogUtils.java:warn(134)) - 78ad1eae-dd30-4422-a73c-b6f59a8345bf@group-8C576764DEFF->8509ebf7-1345-45c7-bb89-954c3e77250c-AppendLogResponseHandler: Failed appendEntries: org.apache.ratis.thirdparty.io.grpc.StatusRuntimeException: UNAVAILABLE: io exception
2019-10-04 08:27:29,051 [grpc-default-executor-3] INFO  impl.FollowerInfo (FollowerInfo.java:lambda$new$0(51)) - 78ad1eae-dd30-4422-a73c-b6f59a8345bf@group-8C576764DEFF->8509ebf7-1345-45c7-bb89-954c3e77250c: nextIndex: updateUnconditionally 0 -> 0
2019-10-04 08:27:31,064 [main] INFO  ozone.MiniOzoneClusterImpl (MiniOzoneClusterImpl.java:shutdown(314)) - Shutting down the Mini Ozone Cluster
2019-10-04 08:27:31,065 [main] INFO  ozone.MiniOzoneClusterImpl (MiniOzoneClusterImpl.java:stop(330)) - Stopping the Mini Ozone Cluster
2019-10-04 08:27:31,065 [main] INFO  ozone.MiniOzoneClusterImpl (MiniOzoneClusterImpl.java:stopOM(400)) - Stopping the OzoneManager
2019-10-04 08:27:31,066 [main] INFO  ipc.Server (Server.java:stop(3082)) - Stopping server on 42986
2019-10-04 08:27:31,074 [IPC Server listener on 42986] INFO  ipc.Server (Server.java:run(1185)) - Stopping IPC Server listener on 42986
2019-10-04 08:27:31,078 [IPC Server Responder] INFO  ipc.Server (Server.java:run(1319)) - Stopping IPC Server Responder
2019-10-04 08:27:31,083 [main] INFO  impl.RaftServerProxy (RaftServerProxy.java:lambda$close$4(314)) - 834476d8-e889-4d19-8793-a7e543e1d983: close
2019-10-04 08:27:31,089 [main] INFO  impl.RaftServerImpl (RaftServerImpl.java:lambda$shutdown$3(247)) - 834476d8-e889-4d19-8793-a7e543e1d983@group-C5BA1605619E: shutdown
2019-10-04 08:27:31,090 [main] INFO  util.JmxRegister (JmxRegister.java:unregister(73)) - Successfully un-registered JMX Bean with object name Ratis:service=RaftServer,group=group-C5BA1605619E,id=834476d8-e889-4d19-8793-a7e543e1d983
2019-10-04 08:27:31,090 [main] INFO  impl.RoleInfo (RoleInfo.java:shutdownLeaderState(104)) - 834476d8-e889-4d19-8793-a7e543e1d983: shutdown LeaderState
2019-10-04 08:27:31,090 [main] INFO  impl.PendingRequests (PendingRequests.java:sendNotLeaderResponses(202)) - 834476d8-e889-4d19-8793-a7e543e1d983@group-C5BA1605619E-PendingRequests: sendNotLeaderResponses
2019-10-04 08:27:31,095 [main] INFO  impl.StateMachineUpdater (StateMachineUpdater.java:stopAndJoin(136)) - 834476d8-e889-4d19-8793-a7e543e1d983@group-C5BA1605619E-StateMachineUpdater: set stopIndex = 8
2019-10-04 08:27:31,095 [834476d8-e889-4d19-8793-a7e543e1d983@group-C5BA1605619E-StateMachineUpdater] INFO  ratis.OzoneManagerStateMachine (OzoneManagerStateMachine.java:takeSnapshot(254)) - Saving Ratis snapshot on the OM.
2019-10-04 08:27:31,101 [834476d8-e889-4d19-8793-a7e543e1d983@group-C5BA1605619E-StateMachineUpdater] INFO  ratis.OMRatisSnapshotInfo (OMRatisSnapshotInfo.java:saveRatisSnapshotToDisk(107)) - Saved Ratis Snapshot on the OM with snapshotIndex 7
2019-10-04 08:27:31,101 [834476d8-e889-4d19-8793-a7e543e1d983@group-C5BA1605619E-StateMachineUpdater] INFO  impl.StateMachineUpdater (StateMachineUpdater.java:takeSnapshot(269)) - 834476d8-e889-4d19-8793-a7e543e1d983@group-C5BA1605619E-StateMachineUpdater: Took a snapshot at index 7
2019-10-04 08:27:31,101 [834476d8-e889-4d19-8793-a7e543e1d983@group-C5BA1605619E-StateMachineUpdater] INFO  impl.StateMachineUpdater (StateMachineUpdater.java:lambda$new$0(84)) - 834476d8-e889-4d19-8793-a7e543e1d983@group-C5BA1605619E-StateMachineUpdater: snapshotIndex: updateIncreasingly -1 -> 7
2019-10-04 08:27:31,101 [834476d8-e889-4d19-8793-a7e543e1d983@group-C5BA1605619E-StateMachineUpdater] INFO  ratis.OzoneManagerStateMachine (OzoneManagerStateMachine.java:takeSnapshot(254)) - Saving Ratis snapshot on the OM.
2019-10-04 08:27:31,102 [834476d8-e889-4d19-8793-a7e543e1d983@group-C5BA1605619E-StateMachineUpdater] INFO  ratis.OMRatisSnapshotInfo (OMRatisSnapshotInfo.java:saveRatisSnapshotToDisk(107)) - Saved Ratis Snapshot on the OM with snapshotIndex 7
2019-10-04 08:27:31,102 [834476d8-e889-4d19-8793-a7e543e1d983@group-C5BA1605619E-StateMachineUpdater] INFO  impl.StateMachineUpdater (StateMachineUpdater.java:takeSnapshot(269)) - 834476d8-e889-4d19-8793-a7e543e1d983@group-C5BA1605619E-StateMachineUpdater: Took a snapshot at index 7
2019-10-04 08:27:31,102 [834476d8-e889-4d19-8793-a7e543e1d983@group-C5BA1605619E-StateMachineUpdater] INFO  impl.StateMachineUpdater (StateMachineUpdater.java:lambda$new$0(84)) - 834476d8-e889-4d19-8793-a7e543e1d983@group-C5BA1605619E-StateMachineUpdater: snapshotIndex: updateIncreasingly 7 -> 7
2019-10-04 08:27:31,102 [main] INFO  impl.RaftServerImpl (ServerState.java:close(387)) - 834476d8-e889-4d19-8793-a7e543e1d983@group-C5BA1605619E: closes. applyIndex: 8
2019-10-04 08:27:31,103 [834476d8-e889-4d19-8793-a7e543e1d983@group-C5BA1605619E-SegmentedRaftLogWorker] INFO  segmented.SegmentedRaftLogWorker (SegmentedRaftLogWorker.java:run(316)) - 834476d8-e889-4d19-8793-a7e543e1d983@group-C5BA1605619E-SegmentedRaftLogWorker was interrupted, exiting. There are 0 tasks remaining in the queue.
2019-10-04 08:27:31,104 [main] INFO  segmented.SegmentedRaftLogWorker (SegmentedRaftLogWorker.java:close(224)) - 834476d8-e889-4d19-8793-a7e543e1d983@group-C5BA1605619E-SegmentedRaftLogWorker close()
2019-10-04 08:27:31,107 [main] INFO  server.GrpcService (GrpcService.java:closeImpl(164)) - 834476d8-e889-4d19-8793-a7e543e1d983: shutdown server with port 9872 now
2019-10-04 08:27:31,107 [main] INFO  server.GrpcService (GrpcService.java:closeImpl(172)) - 834476d8-e889-4d19-8793-a7e543e1d983: shutdown server with port 9872 successfully
2019-10-04 08:27:31,107 [main] INFO  ratis.OzoneManagerDoubleBuffer (OzoneManagerDoubleBuffer.java:stop(248)) - Stopping OMDoubleBuffer flush thread
2019-10-04 08:27:31,108 [OMDoubleBufferFlushThread] INFO  ratis.OzoneManagerDoubleBuffer (OzoneManagerDoubleBuffer.java:flushTransactions(191)) - OMDoubleBuffer flush thread OMDoubleBufferFlushThread is interrupted and will exit. OMDoubleBufferFlushThread
2019-10-04 08:27:31,109 [main] INFO  utils.BackgroundService (BackgroundService.java:shutdown(148)) - Shutting down service KeyDeletingService
2019-10-04 08:27:31,111 [main] INFO  handler.ContextHandler (ContextHandler.java:doStop(910)) - Stopped o.e.j.w.WebAppContext@45e1aa48{/,null,UNAVAILABLE}{/ozoneManager}
2019-10-04 08:27:31,112 [main] INFO  server.AbstractConnector (AbstractConnector.java:doStop(318)) - Stopped ServerConnector@12c60152{HTTP/1.1,[http/1.1]}{0.0.0.0:0}
2019-10-04 08:27:31,112 [main] INFO  handler.ContextHandler (ContextHandler.java:doStop(910)) - Stopped o.e.j.s.ServletContextHandler@7e2c64{/static,file:///workdir/hadoop-ozone/integration-test/target/test-classes/webapps/static,UNAVAILABLE}
2019-10-04 08:27:31,113 [main] INFO  handler.ContextHandler (ContextHandler.java:doStop(910)) - Stopped o.e.j.s.ServletContextHandler@3cbf1ba4{/logs,file:///workdir/hadoop-ozone/integration-test/target/log,UNAVAILABLE}
2019-10-04 08:27:31,115 [main] INFO  ozone.MiniOzoneClusterImpl (MiniOzoneClusterImpl.java:stopDatanodes(377)) - Stopping the HddsDatanodes
2019-10-04 08:27:31,551 [grpc-default-executor-0] WARN  server.GrpcLogAppender (LogUtils.java:warn(134)) - 78ad1eae-dd30-4422-a73c-b6f59a8345bf@group-8C576764DEFF->8509ebf7-1345-45c7-bb89-954c3e77250c-AppendLogResponseHandler: Failed appendEntries: org.apache.ratis.thirdparty.io.grpc.StatusRuntimeException: UNAVAILABLE: io exception
2019-10-04 08:27:31,553 [grpc-default-executor-0] INFO  impl.FollowerInfo (FollowerInfo.java:lambda$new$0(51)) - 78ad1eae-dd30-4422-a73c-b6f59a8345bf@group-8C576764DEFF->8509ebf7-1345-45c7-bb89-954c3e77250c: nextIndex: updateUnconditionally 0 -> 0
2019-10-04 08:27:31,961 [Datanode State Machine Thread - 0] INFO  statemachine.DatanodeStateMachine (DatanodeStateMachine.java:lambda$startDaemon$0(350)) - Ozone container server started.
2019-10-04 08:27:32,063 [Datanode State Machine Thread - 0] INFO  statemachine.DatanodeStateMachine (DatanodeStateMachine.java:lambda$startDaemon$0(350)) - Ozone container server started.
2019-10-04 08:27:34,051 [grpc-default-executor-1] WARN  server.GrpcLogAppender (LogUtils.java:warn(134)) - 78ad1eae-dd30-4422-a73c-b6f59a8345bf@group-8C576764DEFF->8509ebf7-1345-45c7-bb89-954c3e77250c-AppendLogResponseHandler: Failed appendEntries: org.apache.ratis.thirdparty.io.grpc.StatusRuntimeException: UNAVAILABLE: io exception
2019-10-04 08:27:34,053 [grpc-default-executor-1] INFO  impl.FollowerInfo (FollowerInfo.java:lambda$new$0(51)) - 78ad1eae-dd30-4422-a73c-b6f59a8345bf@group-8C576764DEFF->8509ebf7-1345-45c7-bb89-954c3e77250c: nextIndex: updateUnconditionally 0 -> 0
2019-10-04 08:27:36,117 [ForkJoinPool.commonPool-worker-0] INFO  ozoneimpl.OzoneContainer (OzoneContainer.java:stop(231)) - Attempting to stop container services.
2019-10-04 08:27:36,117 [main] INFO  ozoneimpl.OzoneContainer (OzoneContainer.java:stop(231)) - Attempting to stop container services.
2019-10-04 08:27:36,117 [ForkJoinPool.commonPool-worker-0] INFO  impl.RaftServerProxy (RaftServerProxy.java:lambda$close$4(314)) - aa228245-d839-4484-90f9-807ddd942487: close
2019-10-04 08:27:36,117 [main] INFO  impl.RaftServerProxy (RaftServerProxy.java:lambda$close$4(314)) - 78ad1eae-dd30-4422-a73c-b6f59a8345bf: close
2019-10-04 08:27:36,117 [ForkJoinPool.commonPool-worker-0] INFO  impl.RaftServerImpl (RaftServerImpl.java:lambda$shutdown$3(247)) - aa228245-d839-4484-90f9-807ddd942487@group-FDC33C0E0198: shutdown
2019-10-04 08:27:36,118 [main] INFO  impl.RaftServerImpl (RaftServerImpl.java:lambda$shutdown$3(247)) - 78ad1eae-dd30-4422-a73c-b6f59a8345bf@group-8C576764DEFF: shutdown
2019-10-04 08:27:36,118 [ForkJoinPool.commonPool-worker-0] INFO  util.JmxRegister (JmxRegister.java:unregister(73)) - Successfully un-registered JMX Bean with object name Ratis:service=RaftServer,group=group-FDC33C0E0198,id=aa228245-d839-4484-90f9-807ddd942487
2019-10-04 08:27:36,118 [main] INFO  util.JmxRegister (JmxRegister.java:unregister(73)) - Successfully un-registered JMX Bean with object name Ratis:service=RaftServer,group=group-8C576764DEFF,id=78ad1eae-dd30-4422-a73c-b6f59a8345bf
2019-10-04 08:27:36,118 [ForkJoinPool.commonPool-worker-0] INFO  impl.RoleInfo (RoleInfo.java:shutdownLeaderState(104)) - aa228245-d839-4484-90f9-807ddd942487: shutdown LeaderState
2019-10-04 08:27:36,119 [main] INFO  impl.RoleInfo (RoleInfo.java:shutdownLeaderState(104)) - 78ad1eae-dd30-4422-a73c-b6f59a8345bf: shutdown LeaderState
2019-10-04 08:27:36,119 [ForkJoinPool.commonPool-worker-0] INFO  impl.PendingRequests (PendingRequests.java:sendNotLeaderResponses(202)) - aa228245-d839-4484-90f9-807ddd942487@group-FDC33C0E0198-PendingRequests: sendNotLeaderResponses
2019-10-04 08:27:36,122 [main] INFO  impl.PendingRequests (PendingRequests.java:sendNotLeaderResponses(202)) - 78ad1eae-dd30-4422-a73c-b6f59a8345bf@group-8C576764DEFF-PendingRequests: sendNotLeaderResponses
2019-10-04 08:27:36,122 [ForkJoinPool.commonPool-worker-0] INFO  impl.StateMachineUpdater (StateMachineUpdater.java:stopAndJoin(136)) - aa228245-d839-4484-90f9-807ddd942487@group-FDC33C0E0198-StateMachineUpdater: set stopIndex = 0
2019-10-04 08:27:36,122 [org.apache.ratis.server.impl.LogAppender$AppenderDaemon$$Lambda$524/882518746@17aaf2d0] WARN  server.GrpcLogAppender (GrpcLogAppender.java:mayWait(143)) - 78ad1eae-dd30-4422-a73c-b6f59a8345bf@group-8C576764DEFF->39a121bc-ba36-4509-bdf8-e27f03138def-GrpcLogAppender: Wait interrupted by java.lang.InterruptedException
2019-10-04 08:27:36,122 [org.apache.ratis.server.impl.LogAppender$AppenderDaemon$$Lambda$524/882518746@26147050] WARN  server.GrpcLogAppender (GrpcLogAppender.java:mayWait(143)) - 78ad1eae-dd30-4422-a73c-b6f59a8345bf@group-8C576764DEFF->8509ebf7-1345-45c7-bb89-954c3e77250c-GrpcLogAppender: Wait interrupted by java.lang.InterruptedException
2019-10-04 08:27:36,124 [ForkJoinPool.commonPool-worker-0] INFO  impl.RaftServerImpl (ServerState.java:close(387)) - aa228245-d839-4484-90f9-807ddd942487@group-FDC33C0E0198: closes. applyIndex: 0
2019-10-04 08:27:36,124 [aa228245-d839-4484-90f9-807ddd942487@group-FDC33C0E0198-SegmentedRaftLogWorker] INFO  segmented.SegmentedRaftLogWorker (SegmentedRaftLogWorker.java:run(316)) - aa228245-d839-4484-90f9-807ddd942487@group-FDC33C0E0198-SegmentedRaftLogWorker was interrupted, exiting. There are 0 tasks remaining in the queue.
2019-10-04 08:27:36,126 [ForkJoinPool.commonPool-worker-0] INFO  segmented.SegmentedRaftLogWorker (SegmentedRaftLogWorker.java:close(224)) - aa228245-d839-4484-90f9-807ddd942487@group-FDC33C0E0198-SegmentedRaftLogWorker close()
2019-10-04 08:27:36,128 [ForkJoinPool.commonPool-worker-0] INFO  server.GrpcService (GrpcService.java:closeImpl(164)) - aa228245-d839-4484-90f9-807ddd942487: shutdown server with port 37378 now
2019-10-04 08:27:36,130 [ForkJoinPool.commonPool-worker-0] INFO  server.GrpcService (GrpcService.java:closeImpl(172)) - aa228245-d839-4484-90f9-807ddd942487: shutdown server with port 37378 successfully
2019-10-04 08:27:36,130 [grpc-default-executor-1] INFO  server.GrpcServerProtocolService (GrpcServerProtocolService.java:onCompleted(113)) - 39a121bc-ba36-4509-bdf8-e27f03138def: Completed APPEND_ENTRIES, lastRequest: 78ad1eae-dd30-4422-a73c-b6f59a8345bf->39a121bc-ba36-4509-bdf8-e27f03138def#19-t6, previous=(t:6, i:6), leaderCommit=6, initializing? false, entries: <empty>
2019-10-04 08:27:36,131 [grpc-default-executor-1] INFO  server.GrpcLogAppender (GrpcLogAppender.java:onCompleted(293)) - 78ad1eae-dd30-4422-a73c-b6f59a8345bf@group-8C576764DEFF->39a121bc-ba36-4509-bdf8-e27f03138def-AppendLogResponseHandler: follower responses appendEntries COMPLETED
2019-10-04 08:27:36,132 [main] INFO  impl.StateMachineUpdater (StateMachineUpdater.java:stopAndJoin(136)) - 78ad1eae-dd30-4422-a73c-b6f59a8345bf@group-8C576764DEFF-StateMachineUpdater: set stopIndex = 6
2019-10-04 08:27:36,132 [78ad1eae-dd30-4422-a73c-b6f59a8345bf@group-8C576764DEFF-StateMachineUpdater] INFO  ratis.ContainerStateMachine (ContainerStateMachine.java:takeSnapshot(293)) - group-8C576764DEFF: Taking a snapshot at:(t:6, i:6) file /workdir/hadoop-ozone/integration-test/target/test-dir/MiniOzoneClusterImpl-4b226998-9ff7-4298-85da-a0b229337445/datanode-2/data/ratis/0f5ce402-effc-46c2-a309-8c576764deff/sm/snapshot.6_6
2019-10-04 08:27:36,132 [grpc-default-executor-1] INFO  impl.FollowerInfo (FollowerInfo.java:lambda$new$0(51)) - 78ad1eae-dd30-4422-a73c-b6f59a8345bf@group-8C576764DEFF->39a121bc-ba36-4509-bdf8-e27f03138def: nextIndex: updateUnconditionally 7 -> 6
2019-10-04 08:27:36,141 [refreshUsed-/workdir/hadoop-ozone/integration-test/target/test-dir/MiniOzoneClusterImpl-4b226998-9ff7-4298-85da-a0b229337445/datanode-1/data/containers] WARN  fs.CachingGetSpaceUsed (CachingGetSpaceUsed.java:run(183)) - Thread Interrupted waiting to refresh disk information: sleep interrupted
2019-10-04 08:27:36,157 [ForkJoinPool.commonPool-worker-0] INFO  utils.BackgroundService (BackgroundService.java:shutdown(148)) - Shutting down service BlockDeletingService
2019-10-04 08:27:36,160 [ForkJoinPool.commonPool-worker-0] INFO  statemachine.DatanodeStateMachine (DatanodeStateMachine.java:stopDaemon(395)) - Ozone container server stopped.
2019-10-04 08:27:36,162 [ForkJoinPool.commonPool-worker-0] INFO  handler.ContextHandler (ContextHandler.java:doStop(910)) - Stopped o.e.j.w.WebAppContext@f4a3a8d{/,null,UNAVAILABLE}{/hddsDatanode}
2019-10-04 08:27:36,162 [78ad1eae-dd30-4422-a73c-b6f59a8345bf@group-8C576764DEFF-StateMachineUpdater] INFO  ratis.ContainerStateMachine (ContainerStateMachine.java:takeSnapshot(304)) - group-8C576764DEFF: Finished taking a snapshot at:(t:6, i:6) file:/workdir/hadoop-ozone/integration-test/target/test-dir/MiniOzoneClusterImpl-4b226998-9ff7-4298-85da-a0b229337445/datanode-2/data/ratis/0f5ce402-effc-46c2-a309-8c576764deff/sm/snapshot.6_6 time:30
2019-10-04 08:27:36,163 [ForkJoinPool.commonPool-worker-0] INFO  server.AbstractConnector (AbstractConnector.java:doStop(318)) - Stopped ServerConnector@8d8f754{HTTP/1.1,[http/1.1]}{0.0.0.0:0}
2019-10-04 08:27:36,163 [78ad1eae-dd30-4422-a73c-b6f59a8345bf@group-8C576764DEFF-StateMachineUpdater] INFO  impl.StateMachineUpdater (StateMachineUpdater.java:takeSnapshot(269)) - 78ad1eae-dd30-4422-a73c-b6f59a8345bf@group-8C576764DEFF-StateMachineUpdater: Took a snapshot at index 6
2019-10-04 08:27:36,164 [ForkJoinPool.commonPool-worker-0] INFO  handler.ContextHandler (ContextHandler.java:doStop(910)) - Stopped o.e.j.s.ServletContextHandler@60b34931{/static,jar:file:/home/user/.m2/repository/org/apache/hadoop/hadoop-hdds-container-service/0.5.0-SNAPSHOT/hadoop-hdds-container-service-0.5.0-SNAPSHOT.jar!/webapps/static,UNAVAILABLE}
2019-10-04 08:27:36,164 [78ad1eae-dd30-4422-a73c-b6f59a8345bf@group-8C576764DEFF-StateMachineUpdater] INFO  impl.StateMachineUpdater (StateMachineUpdater.java:lambda$new$0(84)) - 78ad1eae-dd30-4422-a73c-b6f59a8345bf@group-8C576764DEFF-StateMachineUpdater: snapshotIndex: updateIncreasingly -1 -> 6
2019-10-04 08:27:36,164 [ForkJoinPool.commonPool-worker-0] INFO  handler.ContextHandler (ContextHandler.java:doStop(910)) - Stopped o.e.j.s.ServletContextHandler@507d64aa{/logs,file:///workdir/hadoop-ozone/integration-test/target/log,UNAVAILABLE}
2019-10-04 08:27:36,165 [main] INFO  impl.RaftServerImpl (ServerState.java:close(387)) - 78ad1eae-dd30-4422-a73c-b6f59a8345bf@group-8C576764DEFF: closes. applyIndex: 6
2019-10-04 08:27:36,166 [78ad1eae-dd30-4422-a73c-b6f59a8345bf@group-8C576764DEFF-SegmentedRaftLogWorker] INFO  segmented.SegmentedRaftLogWorker (SegmentedRaftLogWorker.java:run(316)) - 78ad1eae-dd30-4422-a73c-b6f59a8345bf@group-8C576764DEFF-SegmentedRaftLogWorker was interrupted, exiting. There are 0 tasks remaining in the queue.
2019-10-04 08:27:36,166 [main] INFO  segmented.SegmentedRaftLogWorker (SegmentedRaftLogWorker.java:close(224)) - 78ad1eae-dd30-4422-a73c-b6f59a8345bf@group-8C576764DEFF-SegmentedRaftLogWorker close()
2019-10-04 08:27:36,168 [main] INFO  impl.RaftServerImpl (RaftServerImpl.java:lambda$shutdown$3(247)) - 78ad1eae-dd30-4422-a73c-b6f59a8345bf@group-F8A724CBFFC0: shutdown
2019-10-04 08:27:36,168 [main] INFO  util.JmxRegister (JmxRegister.java:unregister(73)) - Successfully un-registered JMX Bean with object name Ratis:service=RaftServer,group=group-F8A724CBFFC0,id=78ad1eae-dd30-4422-a73c-b6f59a8345bf
2019-10-04 08:27:36,168 [main] INFO  impl.RoleInfo (RoleInfo.java:shutdownLeaderState(104)) - 78ad1eae-dd30-4422-a73c-b6f59a8345bf: shutdown LeaderState
2019-10-04 08:27:36,169 [main] INFO  impl.PendingRequests (PendingRequests.java:sendNotLeaderResponses(202)) - 78ad1eae-dd30-4422-a73c-b6f59a8345bf@group-F8A724CBFFC0-PendingRequests: sendNotLeaderResponses
2019-10-04 08:27:36,169 [main] INFO  impl.StateMachineUpdater (StateMachineUpdater.java:stopAndJoin(136)) - 78ad1eae-dd30-4422-a73c-b6f59a8345bf@group-F8A724CBFFC0-StateMachineUpdater: set stopIndex = 0
2019-10-04 08:27:36,170 [main] INFO  impl.RaftServerImpl (ServerState.java:close(387)) - 78ad1eae-dd30-4422-a73c-b6f59a8345bf@group-F8A724CBFFC0: closes. applyIndex: 0
2019-10-04 08:27:36,170 [78ad1eae-dd30-4422-a73c-b6f59a8345bf@group-F8A724CBFFC0-SegmentedRaftLogWorker] INFO  segmented.SegmentedRaftLogWorker (SegmentedRaftLogWorker.java:run(316)) - 78ad1eae-dd30-4422-a73c-b6f59a8345bf@group-F8A724CBFFC0-SegmentedRaftLogWorker was interrupted, exiting. There are 0 tasks remaining in the queue.
2019-10-04 08:27:36,171 [main] INFO  segmented.SegmentedRaftLogWorker (SegmentedRaftLogWorker.java:close(224)) - 78ad1eae-dd30-4422-a73c-b6f59a8345bf@group-F8A724CBFFC0-SegmentedRaftLogWorker close()
2019-10-04 08:27:36,172 [main] INFO  server.GrpcService (GrpcService.java:closeImpl(164)) - 78ad1eae-dd30-4422-a73c-b6f59a8345bf: shutdown server with port 41443 now
2019-10-04 08:27:36,173 [main] INFO  server.GrpcService (GrpcService.java:closeImpl(172)) - 78ad1eae-dd30-4422-a73c-b6f59a8345bf: shutdown server with port 41443 successfully
2019-10-04 08:27:36,180 [refreshUsed-/workdir/hadoop-ozone/integration-test/target/test-dir/MiniOzoneClusterImpl-4b226998-9ff7-4298-85da-a0b229337445/datanode-2/data/containers] WARN  fs.CachingGetSpaceUsed (CachingGetSpaceUsed.java:run(183)) - Thread Interrupted waiting to refresh disk information: sleep interrupted
2019-10-04 08:27:36,192 [main] INFO  utils.BackgroundService (BackgroundService.java:shutdown(148)) - Shutting down service BlockDeletingService
2019-10-04 08:27:36,194 [main] INFO  statemachine.DatanodeStateMachine (DatanodeStateMachine.java:stopDaemon(395)) - Ozone container server stopped.
2019-10-04 08:27:36,195 [main] INFO  handler.ContextHandler (ContextHandler.java:doStop(910)) - Stopped o.e.j.w.WebAppContext@6f231ced{/,null,UNAVAILABLE}{/hddsDatanode}
2019-10-04 08:27:36,196 [main] INFO  server.AbstractConnector (AbstractConnector.java:doStop(318)) - Stopped ServerConnector@35a60674{HTTP/1.1,[http/1.1]}{0.0.0.0:0}
2019-10-04 08:27:36,196 [main] INFO  handler.ContextHandler (ContextHandler.java:doStop(910)) - Stopped o.e.j.s.ServletContextHandler@43f9dd56{/static,jar:file:/home/user/.m2/repository/org/apache/hadoop/hadoop-hdds-container-service/0.5.0-SNAPSHOT/hadoop-hdds-container-service-0.5.0-SNAPSHOT.jar!/webapps/static,UNAVAILABLE}
2019-10-04 08:27:36,196 [main] INFO  handler.ContextHandler (ContextHandler.java:doStop(910)) - Stopped o.e.j.s.ServletContextHandler@235d29d6{/logs,file:///workdir/hadoop-ozone/integration-test/target/log,UNAVAILABLE}
2019-10-04 08:27:37,075 [Datanode State Machine Thread - 0] INFO  statemachine.DatanodeStateMachine (DatanodeStateMachine.java:lambda$startDaemon$0(350)) - Ozone container server started.
2019-10-04 08:27:41,167 [ForkJoinPool.commonPool-worker-0] INFO  ozoneimpl.OzoneContainer (OzoneContainer.java:stop(231)) - Attempting to stop container services.
2019-10-04 08:27:41,169 [ForkJoinPool.commonPool-worker-0] INFO  impl.RaftServerProxy (RaftServerProxy.java:lambda$close$4(314)) - 39a121bc-ba36-4509-bdf8-e27f03138def: close
2019-10-04 08:27:41,170 [ForkJoinPool.commonPool-worker-0] INFO  impl.RaftServerImpl (RaftServerImpl.java:lambda$shutdown$3(247)) - 39a121bc-ba36-4509-bdf8-e27f03138def@group-8C576764DEFF: shutdown
2019-10-04 08:27:41,170 [ForkJoinPool.commonPool-worker-0] INFO  util.JmxRegister (JmxRegister.java:unregister(73)) - Successfully un-registered JMX Bean with object name Ratis:service=RaftServer,group=group-8C576764DEFF,id=39a121bc-ba36-4509-bdf8-e27f03138def
2019-10-04 08:27:41,170 [ForkJoinPool.commonPool-worker-0] INFO  impl.RoleInfo (RoleInfo.java:shutdownFollowerState(121)) - 39a121bc-ba36-4509-bdf8-e27f03138def: shutdown FollowerState
2019-10-04 08:27:41,171 [ForkJoinPool.commonPool-worker-0] INFO  impl.StateMachineUpdater (StateMachineUpdater.java:stopAndJoin(136)) - 39a121bc-ba36-4509-bdf8-e27f03138def@group-8C576764DEFF-StateMachineUpdater: set stopIndex = 6
2019-10-04 08:27:41,171 [Thread-361] INFO  impl.FollowerState (FollowerState.java:run(117)) - 39a121bc-ba36-4509-bdf8-e27f03138def@group-8C576764DEFF-FollowerState was interrupted: java.lang.InterruptedException: sleep interrupted
2019-10-04 08:27:41,173 [39a121bc-ba36-4509-bdf8-e27f03138def@group-8C576764DEFF-StateMachineUpdater] INFO  ratis.ContainerStateMachine (ContainerStateMachine.java:takeSnapshot(293)) - group-8C576764DEFF: Taking a snapshot at:(t:6, i:5) file /workdir/hadoop-ozone/integration-test/target/test-dir/MiniOzoneClusterImpl-4b226998-9ff7-4298-85da-a0b229337445/datanode-0/data/ratis/0f5ce402-effc-46c2-a309-8c576764deff/sm/snapshot.6_5
2019-10-04 08:27:41,227 [39a121bc-ba36-4509-bdf8-e27f03138def@group-8C576764DEFF-StateMachineUpdater] INFO  ratis.ContainerStateMachine (ContainerStateMachine.java:takeSnapshot(304)) - group-8C576764DEFF: Finished taking a snapshot at:(t:6, i:5) file:/workdir/hadoop-ozone/integration-test/target/test-dir/MiniOzoneClusterImpl-4b226998-9ff7-4298-85da-a0b229337445/datanode-0/data/ratis/0f5ce402-effc-46c2-a309-8c576764deff/sm/snapshot.6_5 time:56
2019-10-04 08:27:41,227 [39a121bc-ba36-4509-bdf8-e27f03138def@group-8C576764DEFF-StateMachineUpdater] INFO  impl.StateMachineUpdater (StateMachineUpdater.java:takeSnapshot(269)) - 39a121bc-ba36-4509-bdf8-e27f03138def@group-8C576764DEFF-StateMachineUpdater: Took a snapshot at index 5
2019-10-04 08:27:41,228 [39a121bc-ba36-4509-bdf8-e27f03138def@group-8C576764DEFF-StateMachineUpdater] INFO  impl.StateMachineUpdater (StateMachineUpdater.java:lambda$new$0(84)) - 39a121bc-ba36-4509-bdf8-e27f03138def@group-8C576764DEFF-StateMachineUpdater: snapshotIndex: updateIncreasingly -1 -> 5
2019-10-04 08:27:41,228 [39a121bc-ba36-4509-bdf8-e27f03138def@group-8C576764DEFF-StateMachineUpdater] INFO  ratis.ContainerStateMachine (ContainerStateMachine.java:takeSnapshot(293)) - group-8C576764DEFF: Taking a snapshot at:(t:6, i:5) file /workdir/hadoop-ozone/integration-test/target/test-dir/MiniOzoneClusterImpl-4b226998-9ff7-4298-85da-a0b229337445/datanode-0/data/ratis/0f5ce402-effc-46c2-a309-8c576764deff/sm/snapshot.6_5
2019-10-04 08:27:41,245 [39a121bc-ba36-4509-bdf8-e27f03138def@group-8C576764DEFF-StateMachineUpdater] INFO  ratis.ContainerStateMachine (ContainerStateMachine.java:takeSnapshot(304)) - group-8C576764DEFF: Finished taking a snapshot at:(t:6, i:5) file:/workdir/hadoop-ozone/integration-test/target/test-dir/MiniOzoneClusterImpl-4b226998-9ff7-4298-85da-a0b229337445/datanode-0/data/ratis/0f5ce402-effc-46c2-a309-8c576764deff/sm/snapshot.6_5 time:17
2019-10-04 08:27:41,245 [39a121bc-ba36-4509-bdf8-e27f03138def@group-8C576764DEFF-StateMachineUpdater] INFO  impl.StateMachineUpdater (StateMachineUpdater.java:takeSnapshot(269)) - 39a121bc-ba36-4509-bdf8-e27f03138def@group-8C576764DEFF-StateMachineUpdater: Took a snapshot at index 5
2019-10-04 08:27:41,245 [39a121bc-ba36-4509-bdf8-e27f03138def@group-8C576764DEFF-StateMachineUpdater] INFO  impl.StateMachineUpdater (StateMachineUpdater.java:lambda$new$0(84)) - 39a121bc-ba36-4509-bdf8-e27f03138def@group-8C576764DEFF-StateMachineUpdater: snapshotIndex: updateIncreasingly 5 -> 5
2019-10-04 08:27:41,246 [ForkJoinPool.commonPool-worker-0] INFO  impl.RaftServerImpl (ServerState.java:close(387)) - 39a121bc-ba36-4509-bdf8-e27f03138def@group-8C576764DEFF: closes. applyIndex: 6
2019-10-04 08:27:41,246 [39a121bc-ba36-4509-bdf8-e27f03138def@group-8C576764DEFF-SegmentedRaftLogWorker] INFO  segmented.SegmentedRaftLogWorker (SegmentedRaftLogWorker.java:run(316)) - 39a121bc-ba36-4509-bdf8-e27f03138def@group-8C576764DEFF-SegmentedRaftLogWorker was interrupted, exiting. There are 0 tasks remaining in the queue.
2019-10-04 08:27:41,248 [ForkJoinPool.commonPool-worker-0] INFO  segmented.SegmentedRaftLogWorker (SegmentedRaftLogWorker.java:close(224)) - 39a121bc-ba36-4509-bdf8-e27f03138def@group-8C576764DEFF-SegmentedRaftLogWorker close()
2019-10-04 08:27:41,250 [ForkJoinPool.commonPool-worker-0] INFO  impl.RaftServerImpl (RaftServerImpl.java:lambda$shutdown$3(247)) - 39a121bc-ba36-4509-bdf8-e27f03138def@group-858185C67C73: shutdown
2019-10-04 08:27:41,250 [ForkJoinPool.commonPool-worker-0] INFO  util.JmxRegister (JmxRegister.java:unregister(73)) - Successfully un-registered JMX Bean with object name Ratis:service=RaftServer,group=group-858185C67C73,id=39a121bc-ba36-4509-bdf8-e27f03138def
2019-10-04 08:27:41,250 [ForkJoinPool.commonPool-worker-0] INFO  impl.RoleInfo (RoleInfo.java:shutdownLeaderState(104)) - 39a121bc-ba36-4509-bdf8-e27f03138def: shutdown LeaderState
2019-10-04 08:27:41,251 [ForkJoinPool.commonPool-worker-0] INFO  impl.PendingRequests (PendingRequests.java:sendNotLeaderResponses(202)) - 39a121bc-ba36-4509-bdf8-e27f03138def@group-858185C67C73-PendingRequests: sendNotLeaderResponses
2019-10-04 08:27:41,251 [ForkJoinPool.commonPool-worker-0] INFO  impl.StateMachineUpdater (StateMachineUpdater.java:stopAndJoin(136)) - 39a121bc-ba36-4509-bdf8-e27f03138def@group-858185C67C73-StateMachineUpdater: set stopIndex = 0
2019-10-04 08:27:41,252 [ForkJoinPool.commonPool-worker-0] INFO  impl.RaftServerImpl (ServerState.java:close(387)) - 39a121bc-ba36-4509-bdf8-e27f03138def@group-858185C67C73: closes. applyIndex: 0
2019-10-04 08:27:41,252 [39a121bc-ba36-4509-bdf8-e27f03138def@group-858185C67C73-SegmentedRaftLogWorker] INFO  segmented.SegmentedRaftLogWorker (SegmentedRaftLogWorker.java:run(316)) - 39a121bc-ba36-4509-bdf8-e27f03138def@group-858185C67C73-SegmentedRaftLogWorker was interrupted, exiting. There are 0 tasks remaining in the queue.
2019-10-04 08:27:41,253 [ForkJoinPool.commonPool-worker-0] INFO  segmented.SegmentedRaftLogWorker (SegmentedRaftLogWorker.java:close(224)) - 39a121bc-ba36-4509-bdf8-e27f03138def@group-858185C67C73-SegmentedRaftLogWorker close()
2019-10-04 08:27:41,255 [ForkJoinPool.commonPool-worker-0] INFO  server.GrpcService (GrpcService.java:closeImpl(164)) - 39a121bc-ba36-4509-bdf8-e27f03138def: shutdown server with port 44082 now
2019-10-04 08:27:41,256 [ForkJoinPool.commonPool-worker-0] INFO  server.GrpcService (GrpcService.java:closeImpl(172)) - 39a121bc-ba36-4509-bdf8-e27f03138def: shutdown server with port 44082 successfully
2019-10-04 08:27:41,258 [refreshUsed-/workdir/hadoop-ozone/integration-test/target/test-dir/MiniOzoneClusterImpl-4b226998-9ff7-4298-85da-a0b229337445/datanode-0/data/containers] WARN  fs.CachingGetSpaceUsed (CachingGetSpaceUsed.java:run(183)) - Thread Interrupted waiting to refresh disk information: sleep interrupted
2019-10-04 08:27:41,278 [ForkJoinPool.commonPool-worker-0] INFO  utils.BackgroundService (BackgroundService.java:shutdown(148)) - Shutting down service BlockDeletingService
2019-10-04 08:27:41,280 [ForkJoinPool.commonPool-worker-0] INFO  statemachine.DatanodeStateMachine (DatanodeStateMachine.java:stopDaemon(395)) - Ozone container server stopped.
2019-10-04 08:27:41,283 [ForkJoinPool.commonPool-worker-0] INFO  handler.ContextHandler (ContextHandler.java:doStop(910)) - Stopped o.e.j.w.WebAppContext@136965e3{/,null,UNAVAILABLE}{/hddsDatanode}
2019-10-04 08:27:41,284 [ForkJoinPool.commonPool-worker-0] INFO  server.AbstractConnector (AbstractConnector.java:doStop(318)) - Stopped ServerConnector@53c6f96d{HTTP/1.1,[http/1.1]}{0.0.0.0:0}
2019-10-04 08:27:41,285 [ForkJoinPool.commonPool-worker-0] INFO  handler.ContextHandler (ContextHandler.java:doStop(910)) - Stopped o.e.j.s.ServletContextHandler@6f1a16fe{/static,jar:file:/home/user/.m2/repository/org/apache/hadoop/hadoop-hdds-container-service/0.5.0-SNAPSHOT/hadoop-hdds-container-service-0.5.0-SNAPSHOT.jar!/webapps/static,UNAVAILABLE}
2019-10-04 08:27:41,286 [ForkJoinPool.commonPool-worker-0] INFO  handler.ContextHandler (ContextHandler.java:doStop(910)) - Stopped o.e.j.s.ServletContextHandler@12704e15{/logs,file:///workdir/hadoop-ozone/integration-test/target/log,UNAVAILABLE}
2019-10-04 08:27:41,287 [main] INFO  ozone.MiniOzoneClusterImpl (MiniOzoneClusterImpl.java:stopSCM(392)) - Stopping the StorageContainerManager
2019-10-04 08:27:41,288 [main] INFO  server.StorageContainerManager (StorageContainerManager.java:stop(808)) - Stopping Replication Manager Service.
2019-10-04 08:27:41,288 [main] INFO  container.ReplicationManager (ReplicationManager.java:stop(203)) - Stopping Replication Monitor Thread.
2019-10-04 08:27:41,288 [main] INFO  server.StorageContainerManager (StorageContainerManager.java:stop(815)) - Stopping Lease Manager of the command watchers
2019-10-04 08:27:41,289 [main] INFO  server.StorageContainerManager (StorageContainerManager.java:stop(822)) - Stopping datanode service RPC server
2019-10-04 08:27:41,289 [main] INFO  server.SCMDatanodeProtocolServer (SCMDatanodeProtocolServer.java:stop(346)) - Stopping the RPC server for DataNodes
2019-10-04 08:27:41,289 [main] INFO  ipc.Server (Server.java:stop(3082)) - Stopping server on 34918
2019-10-04 08:27:41,291 [IPC Server listener on 34918] INFO  ipc.Server (Server.java:run(1185)) - Stopping IPC Server listener on 34918
2019-10-04 08:27:41,292 [IPC Server Responder] INFO  ipc.Server (Server.java:run(1319)) - Stopping IPC Server Responder
2019-10-04 08:27:41,303 [SCM Heartbeat Processing Thread - 0] WARN  node.NodeStateManager (NodeStateManager.java:scheduleNextHealthCheck(646)) - Current Thread is interrupted, shutting down HB processing thread for Node Manager.
2019-10-04 08:27:41,304 [main] INFO  server.StorageContainerManager (StorageContainerManager.java:stop(830)) - Stopping block service RPC server
2019-10-04 08:27:41,304 [main] INFO  server.SCMBlockProtocolServer (SCMBlockProtocolServer.java:stop(155)) - Stopping the RPC server for Block Protocol
2019-10-04 08:27:41,304 [main] INFO  ipc.Server (Server.java:stop(3082)) - Stopping server on 46317
2019-10-04 08:27:41,306 [IPC Server listener on 46317] INFO  ipc.Server (Server.java:run(1185)) - Stopping IPC Server listener on 46317
2019-10-04 08:27:41,306 [main] INFO  server.StorageContainerManager (StorageContainerManager.java:stop(837)) - Stopping the StorageContainerLocationProtocol RPC server
2019-10-04 08:27:41,306 [IPC Server Responder] INFO  ipc.Server (Server.java:run(1319)) - Stopping IPC Server Responder
2019-10-04 08:27:41,307 [main] INFO  server.SCMClientProtocolServer (SCMClientProtocolServer.java:stop(168)) - Stopping the RPC server for Client Protocol
2019-10-04 08:27:41,307 [main] INFO  ipc.Server (Server.java:stop(3082)) - Stopping server on 35817
2019-10-04 08:27:41,309 [IPC Server listener on 35817] INFO  ipc.Server (Server.java:run(1185)) - Stopping IPC Server listener on 35817
2019-10-04 08:27:41,309 [main] INFO  server.StorageContainerManager (StorageContainerManager.java:stop(844)) - Stopping Storage Container Manager HTTP server.
2019-10-04 08:27:41,309 [IPC Server Responder] INFO  ipc.Server (Server.java:run(1319)) - Stopping IPC Server Responder
2019-10-04 08:27:41,310 [main] INFO  handler.ContextHandler (ContextHandler.java:doStop(910)) - Stopped o.e.j.w.WebAppContext@3b366632{/,null,UNAVAILABLE}{/scm}
2019-10-04 08:27:41,310 [main] INFO  server.AbstractConnector (AbstractConnector.java:doStop(318)) - Stopped ServerConnector@6815c5f2{HTTP/1.1,[http/1.1]}{0.0.0.0:0}
2019-10-04 08:27:41,311 [main] INFO  handler.ContextHandler (ContextHandler.java:doStop(910)) - Stopped o.e.j.s.ServletContextHandler@37052337{/static,file:///workdir/hadoop-ozone/integration-test/target/test-classes/webapps/static,UNAVAILABLE}
2019-10-04 08:27:41,311 [main] INFO  handler.ContextHandler (ContextHandler.java:doStop(910)) - Stopped o.e.j.s.ServletContextHandler@340da44c{/logs,file:///workdir/hadoop-ozone/integration-test/target/log,UNAVAILABLE}
2019-10-04 08:27:41,312 [main] INFO  server.StorageContainerManager (StorageContainerManager.java:stop(855)) - Stopping Block Manager Service.
2019-10-04 08:27:41,312 [main] INFO  utils.BackgroundService (BackgroundService.java:shutdown(148)) - Shutting down service SCMBlockDeletingService
2019-10-04 08:27:41,313 [main] INFO  utils.BackgroundService (BackgroundService.java:shutdown(148)) - Shutting down service SCMBlockDeletingService
2019-10-04 08:27:41,313 [main] INFO  server.StorageContainerManager (StorageContainerManager.java:stop(877)) - Stopping SCM Event Queue.
2019-10-04 08:27:41,320 [main] INFO  impl.MetricsSystemImpl (MetricsSystemImpl.java:stop(210)) - Stopping XceiverClientMetrics metrics system...
2019-10-04 08:27:41,328 [prometheus] INFO  impl.MetricsSinkAdapter (MetricsSinkAdapter.java:publishMetricsFromQueue(141)) - prometheus thread interrupted.
2019-10-04 08:27:41,328 [main] INFO  impl.MetricsSystemImpl (MetricsSystemImpl.java:stop(216)) - XceiverClientMetrics metrics system stopped.
]]></system-out>
    <system-err><![CDATA[ERROR StatusLogger No Log4j 2 configuration file found. Using default configuration (logging only errors to the console), or user programmatically provided configurations. Set system property 'log4j2.debug' to show Log4j 2 internal initialization logging. See https://logging.apache.org/log4j/2.x/manual/configuration.html for instructions on how to configure Log4j 2
Oct 04, 2019 8:27:08 AM org.apache.ratis.thirdparty.io.grpc.internal.SerializingExecutor run
SEVERE: Exception while executing runnable org.apache.ratis.thirdparty.io.grpc.internal.ServerImpl$JumpToApplicationThreadServerStreamListener$1Closed@487891ca
org.apache.ratis.thirdparty.io.grpc.StatusRuntimeException: CANCELLED: call already cancelled
	at org.apache.ratis.thirdparty.io.grpc.Status.asRuntimeException(Status.java:517)
	at org.apache.ratis.thirdparty.io.grpc.stub.ServerCalls$ServerCallStreamObserverImpl.onCompleted(ServerCalls.java:356)
	at org.apache.ratis.grpc.server.GrpcServerProtocolService$ServerRequestStreamObserver.onError(GrpcServerProtocolService.java:121)
	at org.apache.ratis.thirdparty.io.grpc.stub.ServerCalls$StreamingServerCallHandler$StreamingServerCallListener.onCancel(ServerCalls.java:269)
	at org.apache.ratis.thirdparty.io.grpc.internal.ServerCallImpl$ServerStreamListenerImpl.closed(ServerCallImpl.java:293)
	at org.apache.ratis.thirdparty.io.grpc.internal.ServerImpl$JumpToApplicationThreadServerStreamListener$1Closed.runInContext(ServerImpl.java:741)
	at org.apache.ratis.thirdparty.io.grpc.internal.ContextRunnable.run(ContextRunnable.java:37)
	at org.apache.ratis.thirdparty.io.grpc.internal.SerializingExecutor.run(SerializingExecutor.java:123)
	at java.util.concurrent.ThreadPoolExecutor.runWorker(ThreadPoolExecutor.java:1149)
	at java.util.concurrent.ThreadPoolExecutor$Worker.run(ThreadPoolExecutor.java:624)
	at java.lang.Thread.run(Thread.java:748)

]]></system-err>
  </testcase>
</testsuite>