<?xml version="1.0" encoding="UTF-8"?>
<testsuite xmlns:xsi="http://www.w3.org/2001/XMLSchema-instance" xsi:noNamespaceSchemaLocation="https://maven.apache.org/surefire/maven-surefire-plugin/xsd/surefire-test-report.xsd" name="org.apache.hadoop.ozone.client.rpc.TestWatchForCommit" time="254.906" tests="5" errors="1" skipped="0" failures="0">
  <properties>
    <property name="awt.toolkit" value="sun.awt.X11.XToolkit"/>
    <property name="file.encoding.pkg" value="sun.io"/>
    <property name="java.specification.version" value="1.8"/>
    <property name="sun.cpu.isalist" value=""/>
    <property name="sun.jnu.encoding" value="UTF-8"/>
    <property name="java.class.path" value="/workdir/hadoop-ozone/integration-test/target/test-classes:/workdir/hadoop-ozone/integration-test/target/classes:/home/user/.m2/repository/org/apache/hadoop/hadoop-ozone-common/0.5.0-SNAPSHOT/hadoop-ozone-common-0.5.0-SNAPSHOT.jar:/home/user/.m2/repository/org/apache/commons/commons-compress/1.4.1/commons-compress-1.4.1.jar:/home/user/.m2/repository/org/tukaani/xz/1.0/xz-1.0.jar:/home/user/.m2/repository/org/apache/hadoop/hadoop-common/3.2.0/hadoop-common-3.2.0.jar:/home/user/.m2/repository/org/apache/hadoop/hadoop-hdfs/3.2.0/hadoop-hdfs-3.2.0.jar:/home/user/.m2/repository/org/apache/hadoop/hadoop-hdfs-client/3.2.0/hadoop-hdfs-client-3.2.0.jar:/home/user/.m2/repository/com/fasterxml/jackson/core/jackson-annotations/2.9.9/jackson-annotations-2.9.9.jar:/home/user/.m2/repository/org/apache/hadoop/hadoop-hdds-common/0.5.0-SNAPSHOT/hadoop-hdds-common-0.5.0-SNAPSHOT.jar:/home/user/.m2/repository/javax/annotation/javax.annotation-api/1.2/javax.annotation-api-1.2.jar:/home/user/.m2/repository/org/apache/ratis/ratis-server/0.5.0-201fc85-SNAPSHOT/ratis-server-0.5.0-201fc85-SNAPSHOT.jar:/home/user/.m2/repository/org/apache/ratis/ratis-thirdparty-misc/0.2.0/ratis-thirdparty-misc-0.2.0.jar:/home/user/.m2/repository/org/apache/ratis/ratis-proto/0.5.0-201fc85-SNAPSHOT/ratis-proto-0.5.0-201fc85-SNAPSHOT.jar:/home/user/.m2/repository/org/apache/ratis/ratis-common/0.5.0-201fc85-SNAPSHOT/ratis-common-0.5.0-201fc85-SNAPSHOT.jar:/home/user/.m2/repository/org/apache/ratis/ratis-client/0.5.0-201fc85-SNAPSHOT/ratis-client-0.5.0-201fc85-SNAPSHOT.jar:/home/user/.m2/repository/org/apache/ratis/ratis-metrics/0.5.0-201fc85-SNAPSHOT/ratis-metrics-0.5.0-201fc85-SNAPSHOT.jar:/home/user/.m2/repository/com/github/joshelser/dropwizard-metrics-hadoop-metrics2-reporter/0.1.2/dropwizard-metrics-hadoop-metrics2-reporter-0.1.2.jar:/home/user/.m2/repository/io/dropwizard/metrics/metrics-jvm/3.2.5/metrics-jvm-3.2.5.jar:/home/user/.m2/repository/io/dropwizard/metrics/metrics-ganglia/3.2.5/metrics-ganglia-3.2.5.jar:/home/user/.m2/repository/info/ganglia/gmetric4j/gmetric4j/1.0.7/gmetric4j-1.0.7.jar:/home/user/.m2/repository/org/apache/ratis/ratis-netty/0.5.0-201fc85-SNAPSHOT/ratis-netty-0.5.0-201fc85-SNAPSHOT.jar:/home/user/.m2/repository/org/apache/ratis/ratis-grpc/0.5.0-201fc85-SNAPSHOT/ratis-grpc-0.5.0-201fc85-SNAPSHOT.jar:/home/user/.m2/repository/org/rocksdb/rocksdbjni/6.0.1/rocksdbjni-6.0.1.jar:/home/user/.m2/repository/org/apache/logging/log4j/log4j-api/2.11.0/log4j-api-2.11.0.jar:/home/user/.m2/repository/org/apache/logging/log4j/log4j-core/2.11.0/log4j-core-2.11.0.jar:/home/user/.m2/repository/com/lmax/disruptor/3.4.2/disruptor-3.4.2.jar:/home/user/.m2/repository/org/apache/commons/commons-pool2/2.6.0/commons-pool2-2.6.0.jar:/home/user/.m2/repository/org/bouncycastle/bcpkix-jdk15on/1.60/bcpkix-jdk15on-1.60.jar:/home/user/.m2/repository/commons-validator/commons-validator/1.6/commons-validator-1.6.jar:/home/user/.m2/repository/commons-digester/commons-digester/1.8.1/commons-digester-1.8.1.jar:/home/user/.m2/repository/io/jaegertracing/jaeger-client/0.34.0/jaeger-client-0.34.0.jar:/home/user/.m2/repository/io/jaegertracing/jaeger-thrift/0.34.0/jaeger-thrift-0.34.0.jar:/home/user/.m2/repository/org/apache/thrift/libthrift/0.12.0/libthrift-0.12.0.jar:/home/user/.m2/repository/com/squareup/okhttp3/okhttp/3.9.0/okhttp-3.9.0.jar:/home/user/.m2/repository/com/squareup/okio/okio/1.13.0/okio-1.13.0.jar:/home/user/.m2/repository/io/jaegertracing/jaeger-core/0.34.0/jaeger-core-0.34.0.jar:/home/user/.m2/repository/io/jaegertracing/jaeger-tracerresolver/0.34.0/jaeger-tracerresolver-0.34.0.jar:/home/user/.m2/repository/io/opentracing/contrib/opentracing-tracerresolver/0.1.5/opentracing-tracerresolver-0.1.5.jar:/home/user/.m2/repository/io/opentracing/opentracing-util/0.31.0/opentracing-util-0.31.0.jar:/home/user/.m2/repository/io/opentracing/opentracing-api/0.31.0/opentracing-api-0.31.0.jar:/home/user/.m2/repository/io/opentracing/opentracing-noop/0.31.0/opentracing-noop-0.31.0.jar:/home/user/.m2/repository/org/apache/hadoop/hadoop-hdds-server-framework/0.5.0-SNAPSHOT/hadoop-hdds-server-framework-0.5.0-SNAPSHOT.jar:/home/user/.m2/repository/org/apache/hadoop/hadoop-hdds-container-service/0.5.0-SNAPSHOT/hadoop-hdds-container-service-0.5.0-SNAPSHOT.jar:/home/user/.m2/repository/org/apache/hadoop/hadoop-hdds-client/0.5.0-SNAPSHOT/hadoop-hdds-client-0.5.0-SNAPSHOT.jar:/home/user/.m2/repository/org/apache/hadoop/hadoop-hdds-tools/0.5.0-SNAPSHOT/hadoop-hdds-tools-0.5.0-SNAPSHOT.jar:/home/user/.m2/repository/org/apache/hadoop/hadoop-hdds-server-scm/0.5.0-SNAPSHOT/hadoop-hdds-server-scm-0.5.0-SNAPSHOT.jar:/home/user/.m2/repository/org/apache/hadoop/hadoop-hdds-docs/0.5.0-SNAPSHOT/hadoop-hdds-docs-0.5.0-SNAPSHOT.jar:/home/user/.m2/repository/io/dropwizard/metrics/metrics-core/3.2.4/metrics-core-3.2.4.jar:/home/user/.m2/repository/org/hamcrest/hamcrest-all/1.3/hamcrest-all-1.3.jar:/home/user/.m2/repository/org/bouncycastle/bcprov-jdk15on/1.60/bcprov-jdk15on-1.60.jar:/home/user/.m2/repository/info/picocli/picocli/3.9.6/picocli-3.9.6.jar:/home/user/.m2/repository/com/google/protobuf/protobuf-java/2.5.0/protobuf-java-2.5.0.jar:/home/user/.m2/repository/com/google/guava/guava/11.0.2/guava-11.0.2.jar:/home/user/.m2/repository/org/apache/hadoop/hadoop-ozone-ozone-manager/0.5.0-SNAPSHOT/hadoop-ozone-ozone-manager-0.5.0-SNAPSHOT.jar:/home/user/.m2/repository/org/apache/hadoop/hadoop-minikdc/3.2.0/hadoop-minikdc-3.2.0.jar:/home/user/.m2/repository/commons-io/commons-io/2.5/commons-io-2.5.jar:/home/user/.m2/repository/org/apache/kerby/kerb-simplekdc/1.0.1/kerb-simplekdc-1.0.1.jar:/home/user/.m2/repository/org/apache/kerby/kerb-client/1.0.1/kerb-client-1.0.1.jar:/home/user/.m2/repository/org/apache/kerby/kerby-config/1.0.1/kerby-config-1.0.1.jar:/home/user/.m2/repository/org/apache/kerby/kerb-core/1.0.1/kerb-core-1.0.1.jar:/home/user/.m2/repository/org/apache/kerby/kerby-pkix/1.0.1/kerby-pkix-1.0.1.jar:/home/user/.m2/repository/org/apache/kerby/kerby-asn1/1.0.1/kerby-asn1-1.0.1.jar:/home/user/.m2/repository/org/apache/kerby/kerby-util/1.0.1/kerby-util-1.0.1.jar:/home/user/.m2/repository/org/apache/kerby/kerb-common/1.0.1/kerb-common-1.0.1.jar:/home/user/.m2/repository/org/apache/kerby/kerb-crypto/1.0.1/kerb-crypto-1.0.1.jar:/home/user/.m2/repository/org/apache/kerby/kerb-util/1.0.1/kerb-util-1.0.1.jar:/home/user/.m2/repository/org/apache/kerby/token-provider/1.0.1/token-provider-1.0.1.jar:/home/user/.m2/repository/org/apache/kerby/kerb-admin/1.0.1/kerb-admin-1.0.1.jar:/home/user/.m2/repository/org/apache/kerby/kerb-server/1.0.1/kerb-server-1.0.1.jar:/home/user/.m2/repository/org/apache/kerby/kerb-identity/1.0.1/kerb-identity-1.0.1.jar:/home/user/.m2/repository/org/apache/kerby/kerby-xdr/1.0.1/kerby-xdr-1.0.1.jar:/home/user/.m2/repository/org/slf4j/slf4j-log4j12/1.7.25/slf4j-log4j12-1.7.25.jar:/home/user/.m2/repository/org/apache/hadoop/hadoop-ozone-s3gateway/0.5.0-SNAPSHOT/hadoop-ozone-s3gateway-0.5.0-SNAPSHOT.jar:/home/user/.m2/repository/org/jboss/weld/servlet/weld-servlet/2.4.7.Final/weld-servlet-2.4.7.Final.jar:/home/user/.m2/repository/org/glassfish/jersey/containers/jersey-container-servlet-core/2.27/jersey-container-servlet-core-2.27.jar:/home/user/.m2/repository/org/glassfish/hk2/external/javax.inject/2.5.0-b42/javax.inject-2.5.0-b42.jar:/home/user/.m2/repository/org/glassfish/jersey/core/jersey-common/2.27/jersey-common-2.27.jar:/home/user/.m2/repository/org/glassfish/hk2/osgi-resource-locator/1.0.1/osgi-resource-locator-1.0.1.jar:/home/user/.m2/repository/javax/ws/rs/javax.ws.rs-api/2.1/javax.ws.rs-api-2.1.jar:/home/user/.m2/repository/org/glassfish/jersey/ext/cdi/jersey-cdi1x/2.27/jersey-cdi1x-2.27.jar:/home/user/.m2/repository/org/glassfish/jersey/inject/jersey-hk2/2.27/jersey-hk2-2.27.jar:/home/user/.m2/repository/org/glassfish/hk2/hk2-locator/2.5.0-b42/hk2-locator-2.5.0-b42.jar:/home/user/.m2/repository/org/javassist/javassist/3.22.0-CR2/javassist-3.22.0-CR2.jar:/home/user/.m2/repository/org/glassfish/hk2/hk2-api/2.5.0/hk2-api-2.5.0.jar:/home/user/.m2/repository/org/glassfish/hk2/external/jakarta.inject/2.5.0/jakarta.inject-2.5.0.jar:/home/user/.m2/repository/org/glassfish/hk2/hk2-utils/2.5.0/hk2-utils-2.5.0.jar:/home/user/.m2/repository/jakarta/annotation/jakarta.annotation-api/1.3.4/jakarta.annotation-api-1.3.4.jar:/home/user/.m2/repository/org/glassfish/hk2/external/aopalliance-repackaged/2.5.0/aopalliance-repackaged-2.5.0.jar:/home/user/.m2/repository/com/fasterxml/jackson/dataformat/jackson-dataformat-xml/2.9.0/jackson-dataformat-xml-2.9.0.jar:/home/user/.m2/repository/com/fasterxml/jackson/core/jackson-core/2.9.9/jackson-core-2.9.9.jar:/home/user/.m2/repository/com/fasterxml/jackson/module/jackson-module-jaxb-annotations/2.9.9/jackson-module-jaxb-annotations-2.9.9.jar:/home/user/.m2/repository/javax/enterprise/cdi-api/1.2/cdi-api-1.2.jar:/home/user/.m2/repository/javax/el/javax.el-api/3.0.0/javax.el-api-3.0.0.jar:/home/user/.m2/repository/javax/interceptor/javax.interceptor-api/1.2/javax.interceptor-api-1.2.jar:/home/user/.m2/repository/javax/inject/javax.inject/1/javax.inject-1.jar:/home/user/.m2/repository/com/sun/xml/bind/jaxb-impl/2.3.0.1/jaxb-impl-2.3.0.1.jar:/home/user/.m2/repository/com/sun/xml/bind/jaxb-core/2.3.0.1/jaxb-core-2.3.0.1.jar:/home/user/.m2/repository/javax/xml/bind/jaxb-api/2.3.0/jaxb-api-2.3.0.jar:/home/user/.m2/repository/javax/activation/activation/1.1.1/activation-1.1.1.jar:/home/user/.m2/repository/org/apache/hadoop/hadoop-ozone-csi/0.5.0-SNAPSHOT/hadoop-ozone-csi-0.5.0-SNAPSHOT.jar:/home/user/.m2/repository/com/google/protobuf/protobuf-java-util/3.5.1/protobuf-java-util-3.5.1.jar:/home/user/.m2/repository/org/apache/hadoop/hadoop-hdds-config/0.5.0-SNAPSHOT/hadoop-hdds-config-0.5.0-SNAPSHOT.jar:/home/user/.m2/repository/io/grpc/grpc-netty/1.17.1/grpc-netty-1.17.1.jar:/home/user/.m2/repository/io/grpc/grpc-core/1.17.1/grpc-core-1.17.1.jar:/home/user/.m2/repository/io/grpc/grpc-context/1.17.1/grpc-context-1.17.1.jar:/home/user/.m2/repository/com/google/errorprone/error_prone_annotations/2.2.0/error_prone_annotations-2.2.0.jar:/home/user/.m2/repository/org/codehaus/mojo/animal-sniffer-annotations/1.17/animal-sniffer-annotations-1.17.jar:/home/user/.m2/repository/io/opencensus/opencensus-api/0.17.0/opencensus-api-0.17.0.jar:/home/user/.m2/repository/io/opencensus/opencensus-contrib-grpc-metrics/0.17.0/opencensus-contrib-grpc-metrics-0.17.0.jar:/home/user/.m2/repository/io/netty/netty-codec-http2/4.1.30.Final/netty-codec-http2-4.1.30.Final.jar:/home/user/.m2/repository/io/netty/netty-codec-http/4.1.30.Final/netty-codec-http-4.1.30.Final.jar:/home/user/.m2/repository/io/netty/netty-codec/4.1.30.Final/netty-codec-4.1.30.Final.jar:/home/user/.m2/repository/io/netty/netty-handler/4.1.30.Final/netty-handler-4.1.30.Final.jar:/home/user/.m2/repository/io/netty/netty-handler-proxy/4.1.30.Final/netty-handler-proxy-4.1.30.Final.jar:/home/user/.m2/repository/io/netty/netty-codec-socks/4.1.30.Final/netty-codec-socks-4.1.30.Final.jar:/home/user/.m2/repository/io/netty/netty-transport-native-epoll/4.1.30.Final/netty-transport-native-epoll-4.1.30.Final.jar:/home/user/.m2/repository/io/netty/netty-common/4.1.30.Final/netty-common-4.1.30.Final.jar:/home/user/.m2/repository/io/netty/netty-buffer/4.1.30.Final/netty-buffer-4.1.30.Final.jar:/home/user/.m2/repository/io/netty/netty-transport/4.1.30.Final/netty-transport-4.1.30.Final.jar:/home/user/.m2/repository/io/netty/netty-resolver/4.1.30.Final/netty-resolver-4.1.30.Final.jar:/home/user/.m2/repository/io/netty/netty-transport-native-unix-common/4.1.30.Final/netty-transport-native-unix-common-4.1.30.Final.jar:/home/user/.m2/repository/io/grpc/grpc-protobuf/1.17.1/grpc-protobuf-1.17.1.jar:/home/user/.m2/repository/com/google/api/grpc/proto-google-common-protos/1.0.0/proto-google-common-protos-1.0.0.jar:/home/user/.m2/repository/io/grpc/grpc-protobuf-lite/1.17.1/grpc-protobuf-lite-1.17.1.jar:/home/user/.m2/repository/io/grpc/grpc-stub/1.17.1/grpc-stub-1.17.1.jar:/home/user/.m2/repository/org/apache/hadoop/hadoop-ozone-recon/0.5.0-SNAPSHOT/hadoop-ozone-recon-0.5.0-SNAPSHOT.jar:/home/user/.m2/repository/org/apache/hadoop/hadoop-ozone-reconcodegen/0.5.0-SNAPSHOT/hadoop-ozone-reconcodegen-0.5.0-SNAPSHOT.jar:/home/user/.m2/repository/com/google/inject/extensions/guice-multibindings/4.0/guice-multibindings-4.0.jar:/home/user/.m2/repository/com/google/inject/guice/4.0/guice-4.0.jar:/home/user/.m2/repository/aopalliance/aopalliance/1.0/aopalliance-1.0.jar:/home/user/.m2/repository/com/google/inject/extensions/guice-servlet/4.0/guice-servlet-4.0.jar:/home/user/.m2/repository/org/glassfish/jersey/containers/jersey-container-servlet/2.27/jersey-container-servlet-2.27.jar:/home/user/.m2/repository/org/glassfish/hk2/guice-bridge/2.5.0/guice-bridge-2.5.0.jar:/home/user/.m2/repository/org/glassfish/jersey/core/jersey-server/2.27/jersey-server-2.27.jar:/home/user/.m2/repository/org/glassfish/jersey/core/jersey-client/2.27/jersey-client-2.27.jar:/home/user/.m2/repository/org/glassfish/jersey/media/jersey-media-jaxb/2.27/jersey-media-jaxb-2.27.jar:/home/user/.m2/repository/javax/validation/validation-api/1.1.0.Final/validation-api-1.1.0.Final.jar:/home/user/.m2/repository/org/glassfish/jersey/media/jersey-media-json-jackson/2.27/jersey-media-json-jackson-2.27.jar:/home/user/.m2/repository/org/glassfish/jersey/ext/jersey-entity-filtering/2.27/jersey-entity-filtering-2.27.jar:/home/user/.m2/repository/com/google/inject/extensions/guice-assistedinject/4.0/guice-assistedinject-4.0.jar:/home/user/.m2/repository/org/jooq/jooq/3.11.10/jooq-3.11.10.jar:/home/user/.m2/repository/org/jooq/jooq-meta/3.11.10/jooq-meta-3.11.10.jar:/home/user/.m2/repository/org/jooq/jooq-codegen/3.11.10/jooq-codegen-3.11.10.jar:/home/user/.m2/repository/com/jolbox/bonecp/0.8.0.RELEASE/bonecp-0.8.0.RELEASE.jar:/home/user/.m2/repository/org/xerial/sqlite-jdbc/3.25.2/sqlite-jdbc-3.25.2.jar:/home/user/.m2/repository/org/springframework/spring-jdbc/5.1.3.RELEASE/spring-jdbc-5.1.3.RELEASE.jar:/home/user/.m2/repository/org/springframework/spring-beans/5.1.3.RELEASE/spring-beans-5.1.3.RELEASE.jar:/home/user/.m2/repository/org/springframework/spring-core/5.1.3.RELEASE/spring-core-5.1.3.RELEASE.jar:/home/user/.m2/repository/org/springframework/spring-jcl/5.1.3.RELEASE/spring-jcl-5.1.3.RELEASE.jar:/home/user/.m2/repository/org/springframework/spring-tx/5.1.3.RELEASE/spring-tx-5.1.3.RELEASE.jar:/home/user/.m2/repository/org/apache/hadoop/hadoop-ozone-client/0.5.0-SNAPSHOT/hadoop-ozone-client-0.5.0-SNAPSHOT.jar:/home/user/.m2/repository/commons-lang/commons-lang/2.6/commons-lang-2.6.jar:/home/user/.m2/repository/org/apache/hadoop/hadoop-ozone-ozone-manager/0.5.0-SNAPSHOT/hadoop-ozone-ozone-manager-0.5.0-SNAPSHOT-tests.jar:/home/user/.m2/repository/junit/junit/4.11/junit-4.11.jar:/home/user/.m2/repository/org/hamcrest/hamcrest-core/1.3/hamcrest-core-1.3.jar:/home/user/.m2/repository/org/openjdk/jmh/jmh-core/1.19/jmh-core-1.19.jar:/home/user/.m2/repository/net/sf/jopt-simple/jopt-simple/4.6/jopt-simple-4.6.jar:/home/user/.m2/repository/org/apache/commons/commons-math3/3.1.1/commons-math3-3.1.1.jar:/home/user/.m2/repository/org/openjdk/jmh/jmh-generator-annprocess/1.19/jmh-generator-annprocess-1.19.jar:/home/user/.m2/repository/org/mockito/mockito-all/1.8.5/mockito-all-1.8.5.jar:/home/user/.m2/repository/org/apache/hadoop/hadoop-kms/3.2.0/hadoop-kms-3.2.0.jar:/home/user/.m2/repository/org/apache/hadoop/hadoop-auth/3.2.0/hadoop-auth-3.2.0.jar:/home/user/.m2/repository/com/nimbusds/nimbus-jose-jwt/4.41.1/nimbus-jose-jwt-4.41.1.jar:/home/user/.m2/repository/com/github/stephenc/jcip/jcip-annotations/1.0-1/jcip-annotations-1.0-1.jar:/home/user/.m2/repository/net/minidev/json-smart/2.3/json-smart-2.3.jar:/home/user/.m2/repository/net/minidev/accessors-smart/1.2/accessors-smart-1.2.jar:/home/user/.m2/repository/org/ow2/asm/asm/5.0.4/asm-5.0.4.jar:/home/user/.m2/repository/org/apache/curator/curator-framework/2.12.0/curator-framework-2.12.0.jar:/home/user/.m2/repository/com/sun/jersey/jersey-core/1.19/jersey-core-1.19.jar:/home/user/.m2/repository/javax/ws/rs/jsr311-api/1.1.1/jsr311-api-1.1.1.jar:/home/user/.m2/repository/com/sun/jersey/jersey-server/1.19/jersey-server-1.19.jar:/home/user/.m2/repository/javax/servlet/javax.servlet-api/3.1.0/javax.servlet-api-3.1.0.jar:/home/user/.m2/repository/org/eclipse/jetty/jetty-server/9.3.25.v20180904/jetty-server-9.3.25.v20180904.jar:/home/user/.m2/repository/org/eclipse/jetty/jetty-http/9.3.25.v20180904/jetty-http-9.3.25.v20180904.jar:/home/user/.m2/repository/org/eclipse/jetty/jetty-io/9.3.25.v20180904/jetty-io-9.3.25.v20180904.jar:/home/user/.m2/repository/org/eclipse/jetty/jetty-webapp/9.3.25.v20180904/jetty-webapp-9.3.25.v20180904.jar:/home/user/.m2/repository/org/eclipse/jetty/jetty-xml/9.3.25.v20180904/jetty-xml-9.3.25.v20180904.jar:/home/user/.m2/repository/log4j/log4j/1.2.17/log4j-1.2.17.jar:/home/user/.m2/repository/org/slf4j/slf4j-api/1.7.25/slf4j-api-1.7.25.jar:/home/user/.m2/repository/org/slf4j/jul-to-slf4j/1.7.25/jul-to-slf4j-1.7.25.jar:/home/user/.m2/repository/org/eclipse/jetty/jetty-util/9.3.25.v20180904/jetty-util-9.3.25.v20180904.jar:/home/user/.m2/repository/com/fasterxml/jackson/core/jackson-databind/2.9.9/jackson-databind-2.9.9.jar:/home/user/.m2/repository/org/apache/hadoop/hadoop-kms/3.2.0/hadoop-kms-3.2.0-tests.jar:/home/user/.m2/repository/org/apache/hadoop/hadoop-hdds-server-scm/0.5.0-SNAPSHOT/hadoop-hdds-server-scm-0.5.0-SNAPSHOT-tests.jar:/home/user/.m2/repository/org/apache/hadoop/hadoop-hdds-container-service/0.5.0-SNAPSHOT/hadoop-hdds-container-service-0.5.0-SNAPSHOT-tests.jar:/home/user/.m2/repository/org/yaml/snakeyaml/1.16/snakeyaml-1.16.jar:/home/user/.m2/repository/org/apache/hadoop/hadoop-common/3.2.0/hadoop-common-3.2.0-tests.jar:/home/user/.m2/repository/org/apache/hadoop/hadoop-annotations/3.2.0/hadoop-annotations-3.2.0.jar:/usr/lib/jvm/java-1.8-openjdk/jre/../lib/tools.jar:/home/user/.m2/repository/commons-cli/commons-cli/1.2/commons-cli-1.2.jar:/home/user/.m2/repository/org/apache/httpcomponents/httpclient/4.5.2/httpclient-4.5.2.jar:/home/user/.m2/repository/org/apache/httpcomponents/httpcore/4.4.4/httpcore-4.4.4.jar:/home/user/.m2/repository/commons-codec/commons-codec/1.11/commons-codec-1.11.jar:/home/user/.m2/repository/commons-net/commons-net/3.6/commons-net-3.6.jar:/home/user/.m2/repository/commons-collections/commons-collections/3.2.2/commons-collections-3.2.2.jar:/home/user/.m2/repository/org/eclipse/jetty/jetty-servlet/9.3.25.v20180904/jetty-servlet-9.3.25.v20180904.jar:/home/user/.m2/repository/org/eclipse/jetty/jetty-security/9.3.25.v20180904/jetty-security-9.3.25.v20180904.jar:/home/user/.m2/repository/javax/servlet/jsp/jsp-api/2.1/jsp-api-2.1.jar:/home/user/.m2/repository/com/sun/jersey/jersey-servlet/1.19/jersey-servlet-1.19.jar:/home/user/.m2/repository/com/sun/jersey/jersey-json/1.19/jersey-json-1.19.jar:/home/user/.m2/repository/org/codehaus/jettison/jettison/1.1/jettison-1.1.jar:/home/user/.m2/repository/org/codehaus/jackson/jackson-core-asl/1.9.13/jackson-core-asl-1.9.13.jar:/home/user/.m2/repository/org/codehaus/jackson/jackson-mapper-asl/1.9.13/jackson-mapper-asl-1.9.13.jar:/home/user/.m2/repository/org/codehaus/jackson/jackson-jaxrs/1.9.13/jackson-jaxrs-1.9.13.jar:/home/user/.m2/repository/org/codehaus/jackson/jackson-xc/1.9.13/jackson-xc-1.9.13.jar:/home/user/.m2/repository/commons-logging/commons-logging/1.1.3/commons-logging-1.1.3.jar:/home/user/.m2/repository/commons-beanutils/commons-beanutils/1.9.4/commons-beanutils-1.9.4.jar:/home/user/.m2/repository/org/apache/commons/commons-configuration2/2.1.1/commons-configuration2-2.1.1.jar:/home/user/.m2/repository/org/apache/commons/commons-lang3/3.7/commons-lang3-3.7.jar:/home/user/.m2/repository/org/apache/commons/commons-text/1.4/commons-text-1.4.jar:/home/user/.m2/repository/org/apache/avro/avro/1.7.7/avro-1.7.7.jar:/home/user/.m2/repository/com/thoughtworks/paranamer/paranamer/2.3/paranamer-2.3.jar:/home/user/.m2/repository/org/xerial/snappy/snappy-java/1.0.5/snappy-java-1.0.5.jar:/home/user/.m2/repository/com/google/re2j/re2j/1.1/re2j-1.1.jar:/home/user/.m2/repository/com/google/code/gson/gson/2.2.4/gson-2.2.4.jar:/home/user/.m2/repository/com/jcraft/jsch/0.1.54/jsch-0.1.54.jar:/home/user/.m2/repository/org/apache/curator/curator-client/2.12.0/curator-client-2.12.0.jar:/home/user/.m2/repository/org/apache/curator/curator-recipes/2.12.0/curator-recipes-2.12.0.jar:/home/user/.m2/repository/com/google/code/findbugs/jsr305/3.0.0/jsr305-3.0.0.jar:/home/user/.m2/repository/org/apache/htrace/htrace-core4/4.1.0-incubating/htrace-core4-4.1.0-incubating.jar:/home/user/.m2/repository/org/apache/zookeeper/zookeeper/3.4.13/zookeeper-3.4.13.jar:/home/user/.m2/repository/jline/jline/0.9.94/jline-0.9.94.jar:/home/user/.m2/repository/org/apache/yetus/audience-annotations/0.5.0/audience-annotations-0.5.0.jar:/home/user/.m2/repository/org/codehaus/woodstox/stax2-api/3.1.4/stax2-api-3.1.4.jar:/home/user/.m2/repository/com/fasterxml/woodstox/woodstox-core/5.0.3/woodstox-core-5.0.3.jar:/home/user/.m2/repository/dnsjava/dnsjava/2.1.7/dnsjava-2.1.7.jar:/home/user/.m2/repository/org/apache/hadoop/hadoop-hdfs/3.2.0/hadoop-hdfs-3.2.0-tests.jar:/home/user/.m2/repository/org/eclipse/jetty/jetty-util-ajax/9.3.25.v20180904/jetty-util-ajax-9.3.25.v20180904.jar:/home/user/.m2/repository/commons-daemon/commons-daemon/1.0.13/commons-daemon-1.0.13.jar:/home/user/.m2/repository/io/netty/netty/3.10.5.Final/netty-3.10.5.Final.jar:/home/user/.m2/repository/io/netty/netty-all/4.0.52.Final/netty-all-4.0.52.Final.jar:/home/user/.m2/repository/org/fusesource/leveldbjni/leveldbjni-all/1.8/leveldbjni-all-1.8.jar:"/>
    <property name="java.vm.vendor" value="IcedTea"/>
    <property name="sun.arch.data.model" value="64"/>
    <property name="test.build.dir" value="/workdir/hadoop-ozone/integration-test/target/test-dir"/>
    <property name="test.cache.data" value=""/>
    <property name="java.vendor.url" value="https://icedtea.classpath.org"/>
    <property name="user.timezone" value=""/>
    <property name="java.vm.specification.version" value="1.8"/>
    <property name="os.name" value="Linux"/>
    <property name="test.build.data" value="/workdir/hadoop-ozone/integration-test/target/test-dir"/>
    <property name="user.country" value="US"/>
    <property name="sun.java.launcher" value="SUN_STANDARD"/>
    <property name="sun.boot.library.path" value="/usr/lib/jvm/java-1.8-openjdk/jre/lib/amd64"/>
    <property name="sun.java.command" value="/workdir/hadoop-ozone/integration-test/target/surefire/surefirebooter5678842716664853677.jar /workdir/hadoop-ozone/integration-test/target/surefire 2019-10-04T07-07-14_537-jvmRun1 surefire8916506288882299694tmp surefire_624793102518132282474tmp"/>
    <property name="test" value="!TestMiniChaosOzoneCluster"/>
    <property name="surefire.test.class.path" value="/workdir/hadoop-ozone/integration-test/target/test-classes:/workdir/hadoop-ozone/integration-test/target/classes:/home/user/.m2/repository/org/apache/hadoop/hadoop-ozone-common/0.5.0-SNAPSHOT/hadoop-ozone-common-0.5.0-SNAPSHOT.jar:/home/user/.m2/repository/org/apache/commons/commons-compress/1.4.1/commons-compress-1.4.1.jar:/home/user/.m2/repository/org/tukaani/xz/1.0/xz-1.0.jar:/home/user/.m2/repository/org/apache/hadoop/hadoop-common/3.2.0/hadoop-common-3.2.0.jar:/home/user/.m2/repository/org/apache/hadoop/hadoop-hdfs/3.2.0/hadoop-hdfs-3.2.0.jar:/home/user/.m2/repository/org/apache/hadoop/hadoop-hdfs-client/3.2.0/hadoop-hdfs-client-3.2.0.jar:/home/user/.m2/repository/com/fasterxml/jackson/core/jackson-annotations/2.9.9/jackson-annotations-2.9.9.jar:/home/user/.m2/repository/org/apache/hadoop/hadoop-hdds-common/0.5.0-SNAPSHOT/hadoop-hdds-common-0.5.0-SNAPSHOT.jar:/home/user/.m2/repository/javax/annotation/javax.annotation-api/1.2/javax.annotation-api-1.2.jar:/home/user/.m2/repository/org/apache/ratis/ratis-server/0.5.0-201fc85-SNAPSHOT/ratis-server-0.5.0-201fc85-SNAPSHOT.jar:/home/user/.m2/repository/org/apache/ratis/ratis-thirdparty-misc/0.2.0/ratis-thirdparty-misc-0.2.0.jar:/home/user/.m2/repository/org/apache/ratis/ratis-proto/0.5.0-201fc85-SNAPSHOT/ratis-proto-0.5.0-201fc85-SNAPSHOT.jar:/home/user/.m2/repository/org/apache/ratis/ratis-common/0.5.0-201fc85-SNAPSHOT/ratis-common-0.5.0-201fc85-SNAPSHOT.jar:/home/user/.m2/repository/org/apache/ratis/ratis-client/0.5.0-201fc85-SNAPSHOT/ratis-client-0.5.0-201fc85-SNAPSHOT.jar:/home/user/.m2/repository/org/apache/ratis/ratis-metrics/0.5.0-201fc85-SNAPSHOT/ratis-metrics-0.5.0-201fc85-SNAPSHOT.jar:/home/user/.m2/repository/com/github/joshelser/dropwizard-metrics-hadoop-metrics2-reporter/0.1.2/dropwizard-metrics-hadoop-metrics2-reporter-0.1.2.jar:/home/user/.m2/repository/io/dropwizard/metrics/metrics-jvm/3.2.5/metrics-jvm-3.2.5.jar:/home/user/.m2/repository/io/dropwizard/metrics/metrics-ganglia/3.2.5/metrics-ganglia-3.2.5.jar:/home/user/.m2/repository/info/ganglia/gmetric4j/gmetric4j/1.0.7/gmetric4j-1.0.7.jar:/home/user/.m2/repository/org/apache/ratis/ratis-netty/0.5.0-201fc85-SNAPSHOT/ratis-netty-0.5.0-201fc85-SNAPSHOT.jar:/home/user/.m2/repository/org/apache/ratis/ratis-grpc/0.5.0-201fc85-SNAPSHOT/ratis-grpc-0.5.0-201fc85-SNAPSHOT.jar:/home/user/.m2/repository/org/rocksdb/rocksdbjni/6.0.1/rocksdbjni-6.0.1.jar:/home/user/.m2/repository/org/apache/logging/log4j/log4j-api/2.11.0/log4j-api-2.11.0.jar:/home/user/.m2/repository/org/apache/logging/log4j/log4j-core/2.11.0/log4j-core-2.11.0.jar:/home/user/.m2/repository/com/lmax/disruptor/3.4.2/disruptor-3.4.2.jar:/home/user/.m2/repository/org/apache/commons/commons-pool2/2.6.0/commons-pool2-2.6.0.jar:/home/user/.m2/repository/org/bouncycastle/bcpkix-jdk15on/1.60/bcpkix-jdk15on-1.60.jar:/home/user/.m2/repository/commons-validator/commons-validator/1.6/commons-validator-1.6.jar:/home/user/.m2/repository/commons-digester/commons-digester/1.8.1/commons-digester-1.8.1.jar:/home/user/.m2/repository/io/jaegertracing/jaeger-client/0.34.0/jaeger-client-0.34.0.jar:/home/user/.m2/repository/io/jaegertracing/jaeger-thrift/0.34.0/jaeger-thrift-0.34.0.jar:/home/user/.m2/repository/org/apache/thrift/libthrift/0.12.0/libthrift-0.12.0.jar:/home/user/.m2/repository/com/squareup/okhttp3/okhttp/3.9.0/okhttp-3.9.0.jar:/home/user/.m2/repository/com/squareup/okio/okio/1.13.0/okio-1.13.0.jar:/home/user/.m2/repository/io/jaegertracing/jaeger-core/0.34.0/jaeger-core-0.34.0.jar:/home/user/.m2/repository/io/jaegertracing/jaeger-tracerresolver/0.34.0/jaeger-tracerresolver-0.34.0.jar:/home/user/.m2/repository/io/opentracing/contrib/opentracing-tracerresolver/0.1.5/opentracing-tracerresolver-0.1.5.jar:/home/user/.m2/repository/io/opentracing/opentracing-util/0.31.0/opentracing-util-0.31.0.jar:/home/user/.m2/repository/io/opentracing/opentracing-api/0.31.0/opentracing-api-0.31.0.jar:/home/user/.m2/repository/io/opentracing/opentracing-noop/0.31.0/opentracing-noop-0.31.0.jar:/home/user/.m2/repository/org/apache/hadoop/hadoop-hdds-server-framework/0.5.0-SNAPSHOT/hadoop-hdds-server-framework-0.5.0-SNAPSHOT.jar:/home/user/.m2/repository/org/apache/hadoop/hadoop-hdds-container-service/0.5.0-SNAPSHOT/hadoop-hdds-container-service-0.5.0-SNAPSHOT.jar:/home/user/.m2/repository/org/apache/hadoop/hadoop-hdds-client/0.5.0-SNAPSHOT/hadoop-hdds-client-0.5.0-SNAPSHOT.jar:/home/user/.m2/repository/org/apache/hadoop/hadoop-hdds-tools/0.5.0-SNAPSHOT/hadoop-hdds-tools-0.5.0-SNAPSHOT.jar:/home/user/.m2/repository/org/apache/hadoop/hadoop-hdds-server-scm/0.5.0-SNAPSHOT/hadoop-hdds-server-scm-0.5.0-SNAPSHOT.jar:/home/user/.m2/repository/org/apache/hadoop/hadoop-hdds-docs/0.5.0-SNAPSHOT/hadoop-hdds-docs-0.5.0-SNAPSHOT.jar:/home/user/.m2/repository/io/dropwizard/metrics/metrics-core/3.2.4/metrics-core-3.2.4.jar:/home/user/.m2/repository/org/hamcrest/hamcrest-all/1.3/hamcrest-all-1.3.jar:/home/user/.m2/repository/org/bouncycastle/bcprov-jdk15on/1.60/bcprov-jdk15on-1.60.jar:/home/user/.m2/repository/info/picocli/picocli/3.9.6/picocli-3.9.6.jar:/home/user/.m2/repository/com/google/protobuf/protobuf-java/2.5.0/protobuf-java-2.5.0.jar:/home/user/.m2/repository/com/google/guava/guava/11.0.2/guava-11.0.2.jar:/home/user/.m2/repository/org/apache/hadoop/hadoop-ozone-ozone-manager/0.5.0-SNAPSHOT/hadoop-ozone-ozone-manager-0.5.0-SNAPSHOT.jar:/home/user/.m2/repository/org/apache/hadoop/hadoop-minikdc/3.2.0/hadoop-minikdc-3.2.0.jar:/home/user/.m2/repository/commons-io/commons-io/2.5/commons-io-2.5.jar:/home/user/.m2/repository/org/apache/kerby/kerb-simplekdc/1.0.1/kerb-simplekdc-1.0.1.jar:/home/user/.m2/repository/org/apache/kerby/kerb-client/1.0.1/kerb-client-1.0.1.jar:/home/user/.m2/repository/org/apache/kerby/kerby-config/1.0.1/kerby-config-1.0.1.jar:/home/user/.m2/repository/org/apache/kerby/kerb-core/1.0.1/kerb-core-1.0.1.jar:/home/user/.m2/repository/org/apache/kerby/kerby-pkix/1.0.1/kerby-pkix-1.0.1.jar:/home/user/.m2/repository/org/apache/kerby/kerby-asn1/1.0.1/kerby-asn1-1.0.1.jar:/home/user/.m2/repository/org/apache/kerby/kerby-util/1.0.1/kerby-util-1.0.1.jar:/home/user/.m2/repository/org/apache/kerby/kerb-common/1.0.1/kerb-common-1.0.1.jar:/home/user/.m2/repository/org/apache/kerby/kerb-crypto/1.0.1/kerb-crypto-1.0.1.jar:/home/user/.m2/repository/org/apache/kerby/kerb-util/1.0.1/kerb-util-1.0.1.jar:/home/user/.m2/repository/org/apache/kerby/token-provider/1.0.1/token-provider-1.0.1.jar:/home/user/.m2/repository/org/apache/kerby/kerb-admin/1.0.1/kerb-admin-1.0.1.jar:/home/user/.m2/repository/org/apache/kerby/kerb-server/1.0.1/kerb-server-1.0.1.jar:/home/user/.m2/repository/org/apache/kerby/kerb-identity/1.0.1/kerb-identity-1.0.1.jar:/home/user/.m2/repository/org/apache/kerby/kerby-xdr/1.0.1/kerby-xdr-1.0.1.jar:/home/user/.m2/repository/org/slf4j/slf4j-log4j12/1.7.25/slf4j-log4j12-1.7.25.jar:/home/user/.m2/repository/org/apache/hadoop/hadoop-ozone-s3gateway/0.5.0-SNAPSHOT/hadoop-ozone-s3gateway-0.5.0-SNAPSHOT.jar:/home/user/.m2/repository/org/jboss/weld/servlet/weld-servlet/2.4.7.Final/weld-servlet-2.4.7.Final.jar:/home/user/.m2/repository/org/glassfish/jersey/containers/jersey-container-servlet-core/2.27/jersey-container-servlet-core-2.27.jar:/home/user/.m2/repository/org/glassfish/hk2/external/javax.inject/2.5.0-b42/javax.inject-2.5.0-b42.jar:/home/user/.m2/repository/org/glassfish/jersey/core/jersey-common/2.27/jersey-common-2.27.jar:/home/user/.m2/repository/org/glassfish/hk2/osgi-resource-locator/1.0.1/osgi-resource-locator-1.0.1.jar:/home/user/.m2/repository/javax/ws/rs/javax.ws.rs-api/2.1/javax.ws.rs-api-2.1.jar:/home/user/.m2/repository/org/glassfish/jersey/ext/cdi/jersey-cdi1x/2.27/jersey-cdi1x-2.27.jar:/home/user/.m2/repository/org/glassfish/jersey/inject/jersey-hk2/2.27/jersey-hk2-2.27.jar:/home/user/.m2/repository/org/glassfish/hk2/hk2-locator/2.5.0-b42/hk2-locator-2.5.0-b42.jar:/home/user/.m2/repository/org/javassist/javassist/3.22.0-CR2/javassist-3.22.0-CR2.jar:/home/user/.m2/repository/org/glassfish/hk2/hk2-api/2.5.0/hk2-api-2.5.0.jar:/home/user/.m2/repository/org/glassfish/hk2/external/jakarta.inject/2.5.0/jakarta.inject-2.5.0.jar:/home/user/.m2/repository/org/glassfish/hk2/hk2-utils/2.5.0/hk2-utils-2.5.0.jar:/home/user/.m2/repository/jakarta/annotation/jakarta.annotation-api/1.3.4/jakarta.annotation-api-1.3.4.jar:/home/user/.m2/repository/org/glassfish/hk2/external/aopalliance-repackaged/2.5.0/aopalliance-repackaged-2.5.0.jar:/home/user/.m2/repository/com/fasterxml/jackson/dataformat/jackson-dataformat-xml/2.9.0/jackson-dataformat-xml-2.9.0.jar:/home/user/.m2/repository/com/fasterxml/jackson/core/jackson-core/2.9.9/jackson-core-2.9.9.jar:/home/user/.m2/repository/com/fasterxml/jackson/module/jackson-module-jaxb-annotations/2.9.9/jackson-module-jaxb-annotations-2.9.9.jar:/home/user/.m2/repository/javax/enterprise/cdi-api/1.2/cdi-api-1.2.jar:/home/user/.m2/repository/javax/el/javax.el-api/3.0.0/javax.el-api-3.0.0.jar:/home/user/.m2/repository/javax/interceptor/javax.interceptor-api/1.2/javax.interceptor-api-1.2.jar:/home/user/.m2/repository/javax/inject/javax.inject/1/javax.inject-1.jar:/home/user/.m2/repository/com/sun/xml/bind/jaxb-impl/2.3.0.1/jaxb-impl-2.3.0.1.jar:/home/user/.m2/repository/com/sun/xml/bind/jaxb-core/2.3.0.1/jaxb-core-2.3.0.1.jar:/home/user/.m2/repository/javax/xml/bind/jaxb-api/2.3.0/jaxb-api-2.3.0.jar:/home/user/.m2/repository/javax/activation/activation/1.1.1/activation-1.1.1.jar:/home/user/.m2/repository/org/apache/hadoop/hadoop-ozone-csi/0.5.0-SNAPSHOT/hadoop-ozone-csi-0.5.0-SNAPSHOT.jar:/home/user/.m2/repository/com/google/protobuf/protobuf-java-util/3.5.1/protobuf-java-util-3.5.1.jar:/home/user/.m2/repository/org/apache/hadoop/hadoop-hdds-config/0.5.0-SNAPSHOT/hadoop-hdds-config-0.5.0-SNAPSHOT.jar:/home/user/.m2/repository/io/grpc/grpc-netty/1.17.1/grpc-netty-1.17.1.jar:/home/user/.m2/repository/io/grpc/grpc-core/1.17.1/grpc-core-1.17.1.jar:/home/user/.m2/repository/io/grpc/grpc-context/1.17.1/grpc-context-1.17.1.jar:/home/user/.m2/repository/com/google/errorprone/error_prone_annotations/2.2.0/error_prone_annotations-2.2.0.jar:/home/user/.m2/repository/org/codehaus/mojo/animal-sniffer-annotations/1.17/animal-sniffer-annotations-1.17.jar:/home/user/.m2/repository/io/opencensus/opencensus-api/0.17.0/opencensus-api-0.17.0.jar:/home/user/.m2/repository/io/opencensus/opencensus-contrib-grpc-metrics/0.17.0/opencensus-contrib-grpc-metrics-0.17.0.jar:/home/user/.m2/repository/io/netty/netty-codec-http2/4.1.30.Final/netty-codec-http2-4.1.30.Final.jar:/home/user/.m2/repository/io/netty/netty-codec-http/4.1.30.Final/netty-codec-http-4.1.30.Final.jar:/home/user/.m2/repository/io/netty/netty-codec/4.1.30.Final/netty-codec-4.1.30.Final.jar:/home/user/.m2/repository/io/netty/netty-handler/4.1.30.Final/netty-handler-4.1.30.Final.jar:/home/user/.m2/repository/io/netty/netty-handler-proxy/4.1.30.Final/netty-handler-proxy-4.1.30.Final.jar:/home/user/.m2/repository/io/netty/netty-codec-socks/4.1.30.Final/netty-codec-socks-4.1.30.Final.jar:/home/user/.m2/repository/io/netty/netty-transport-native-epoll/4.1.30.Final/netty-transport-native-epoll-4.1.30.Final.jar:/home/user/.m2/repository/io/netty/netty-common/4.1.30.Final/netty-common-4.1.30.Final.jar:/home/user/.m2/repository/io/netty/netty-buffer/4.1.30.Final/netty-buffer-4.1.30.Final.jar:/home/user/.m2/repository/io/netty/netty-transport/4.1.30.Final/netty-transport-4.1.30.Final.jar:/home/user/.m2/repository/io/netty/netty-resolver/4.1.30.Final/netty-resolver-4.1.30.Final.jar:/home/user/.m2/repository/io/netty/netty-transport-native-unix-common/4.1.30.Final/netty-transport-native-unix-common-4.1.30.Final.jar:/home/user/.m2/repository/io/grpc/grpc-protobuf/1.17.1/grpc-protobuf-1.17.1.jar:/home/user/.m2/repository/com/google/api/grpc/proto-google-common-protos/1.0.0/proto-google-common-protos-1.0.0.jar:/home/user/.m2/repository/io/grpc/grpc-protobuf-lite/1.17.1/grpc-protobuf-lite-1.17.1.jar:/home/user/.m2/repository/io/grpc/grpc-stub/1.17.1/grpc-stub-1.17.1.jar:/home/user/.m2/repository/org/apache/hadoop/hadoop-ozone-recon/0.5.0-SNAPSHOT/hadoop-ozone-recon-0.5.0-SNAPSHOT.jar:/home/user/.m2/repository/org/apache/hadoop/hadoop-ozone-reconcodegen/0.5.0-SNAPSHOT/hadoop-ozone-reconcodegen-0.5.0-SNAPSHOT.jar:/home/user/.m2/repository/com/google/inject/extensions/guice-multibindings/4.0/guice-multibindings-4.0.jar:/home/user/.m2/repository/com/google/inject/guice/4.0/guice-4.0.jar:/home/user/.m2/repository/aopalliance/aopalliance/1.0/aopalliance-1.0.jar:/home/user/.m2/repository/com/google/inject/extensions/guice-servlet/4.0/guice-servlet-4.0.jar:/home/user/.m2/repository/org/glassfish/jersey/containers/jersey-container-servlet/2.27/jersey-container-servlet-2.27.jar:/home/user/.m2/repository/org/glassfish/hk2/guice-bridge/2.5.0/guice-bridge-2.5.0.jar:/home/user/.m2/repository/org/glassfish/jersey/core/jersey-server/2.27/jersey-server-2.27.jar:/home/user/.m2/repository/org/glassfish/jersey/core/jersey-client/2.27/jersey-client-2.27.jar:/home/user/.m2/repository/org/glassfish/jersey/media/jersey-media-jaxb/2.27/jersey-media-jaxb-2.27.jar:/home/user/.m2/repository/javax/validation/validation-api/1.1.0.Final/validation-api-1.1.0.Final.jar:/home/user/.m2/repository/org/glassfish/jersey/media/jersey-media-json-jackson/2.27/jersey-media-json-jackson-2.27.jar:/home/user/.m2/repository/org/glassfish/jersey/ext/jersey-entity-filtering/2.27/jersey-entity-filtering-2.27.jar:/home/user/.m2/repository/com/google/inject/extensions/guice-assistedinject/4.0/guice-assistedinject-4.0.jar:/home/user/.m2/repository/org/jooq/jooq/3.11.10/jooq-3.11.10.jar:/home/user/.m2/repository/org/jooq/jooq-meta/3.11.10/jooq-meta-3.11.10.jar:/home/user/.m2/repository/org/jooq/jooq-codegen/3.11.10/jooq-codegen-3.11.10.jar:/home/user/.m2/repository/com/jolbox/bonecp/0.8.0.RELEASE/bonecp-0.8.0.RELEASE.jar:/home/user/.m2/repository/org/xerial/sqlite-jdbc/3.25.2/sqlite-jdbc-3.25.2.jar:/home/user/.m2/repository/org/springframework/spring-jdbc/5.1.3.RELEASE/spring-jdbc-5.1.3.RELEASE.jar:/home/user/.m2/repository/org/springframework/spring-beans/5.1.3.RELEASE/spring-beans-5.1.3.RELEASE.jar:/home/user/.m2/repository/org/springframework/spring-core/5.1.3.RELEASE/spring-core-5.1.3.RELEASE.jar:/home/user/.m2/repository/org/springframework/spring-jcl/5.1.3.RELEASE/spring-jcl-5.1.3.RELEASE.jar:/home/user/.m2/repository/org/springframework/spring-tx/5.1.3.RELEASE/spring-tx-5.1.3.RELEASE.jar:/home/user/.m2/repository/org/apache/hadoop/hadoop-ozone-client/0.5.0-SNAPSHOT/hadoop-ozone-client-0.5.0-SNAPSHOT.jar:/home/user/.m2/repository/commons-lang/commons-lang/2.6/commons-lang-2.6.jar:/home/user/.m2/repository/org/apache/hadoop/hadoop-ozone-ozone-manager/0.5.0-SNAPSHOT/hadoop-ozone-ozone-manager-0.5.0-SNAPSHOT-tests.jar:/home/user/.m2/repository/junit/junit/4.11/junit-4.11.jar:/home/user/.m2/repository/org/hamcrest/hamcrest-core/1.3/hamcrest-core-1.3.jar:/home/user/.m2/repository/org/openjdk/jmh/jmh-core/1.19/jmh-core-1.19.jar:/home/user/.m2/repository/net/sf/jopt-simple/jopt-simple/4.6/jopt-simple-4.6.jar:/home/user/.m2/repository/org/apache/commons/commons-math3/3.1.1/commons-math3-3.1.1.jar:/home/user/.m2/repository/org/openjdk/jmh/jmh-generator-annprocess/1.19/jmh-generator-annprocess-1.19.jar:/home/user/.m2/repository/org/mockito/mockito-all/1.8.5/mockito-all-1.8.5.jar:/home/user/.m2/repository/org/apache/hadoop/hadoop-kms/3.2.0/hadoop-kms-3.2.0.jar:/home/user/.m2/repository/org/apache/hadoop/hadoop-auth/3.2.0/hadoop-auth-3.2.0.jar:/home/user/.m2/repository/com/nimbusds/nimbus-jose-jwt/4.41.1/nimbus-jose-jwt-4.41.1.jar:/home/user/.m2/repository/com/github/stephenc/jcip/jcip-annotations/1.0-1/jcip-annotations-1.0-1.jar:/home/user/.m2/repository/net/minidev/json-smart/2.3/json-smart-2.3.jar:/home/user/.m2/repository/net/minidev/accessors-smart/1.2/accessors-smart-1.2.jar:/home/user/.m2/repository/org/ow2/asm/asm/5.0.4/asm-5.0.4.jar:/home/user/.m2/repository/org/apache/curator/curator-framework/2.12.0/curator-framework-2.12.0.jar:/home/user/.m2/repository/com/sun/jersey/jersey-core/1.19/jersey-core-1.19.jar:/home/user/.m2/repository/javax/ws/rs/jsr311-api/1.1.1/jsr311-api-1.1.1.jar:/home/user/.m2/repository/com/sun/jersey/jersey-server/1.19/jersey-server-1.19.jar:/home/user/.m2/repository/javax/servlet/javax.servlet-api/3.1.0/javax.servlet-api-3.1.0.jar:/home/user/.m2/repository/org/eclipse/jetty/jetty-server/9.3.25.v20180904/jetty-server-9.3.25.v20180904.jar:/home/user/.m2/repository/org/eclipse/jetty/jetty-http/9.3.25.v20180904/jetty-http-9.3.25.v20180904.jar:/home/user/.m2/repository/org/eclipse/jetty/jetty-io/9.3.25.v20180904/jetty-io-9.3.25.v20180904.jar:/home/user/.m2/repository/org/eclipse/jetty/jetty-webapp/9.3.25.v20180904/jetty-webapp-9.3.25.v20180904.jar:/home/user/.m2/repository/org/eclipse/jetty/jetty-xml/9.3.25.v20180904/jetty-xml-9.3.25.v20180904.jar:/home/user/.m2/repository/log4j/log4j/1.2.17/log4j-1.2.17.jar:/home/user/.m2/repository/org/slf4j/slf4j-api/1.7.25/slf4j-api-1.7.25.jar:/home/user/.m2/repository/org/slf4j/jul-to-slf4j/1.7.25/jul-to-slf4j-1.7.25.jar:/home/user/.m2/repository/org/eclipse/jetty/jetty-util/9.3.25.v20180904/jetty-util-9.3.25.v20180904.jar:/home/user/.m2/repository/com/fasterxml/jackson/core/jackson-databind/2.9.9/jackson-databind-2.9.9.jar:/home/user/.m2/repository/org/apache/hadoop/hadoop-kms/3.2.0/hadoop-kms-3.2.0-tests.jar:/home/user/.m2/repository/org/apache/hadoop/hadoop-hdds-server-scm/0.5.0-SNAPSHOT/hadoop-hdds-server-scm-0.5.0-SNAPSHOT-tests.jar:/home/user/.m2/repository/org/apache/hadoop/hadoop-hdds-container-service/0.5.0-SNAPSHOT/hadoop-hdds-container-service-0.5.0-SNAPSHOT-tests.jar:/home/user/.m2/repository/org/yaml/snakeyaml/1.16/snakeyaml-1.16.jar:/home/user/.m2/repository/org/apache/hadoop/hadoop-common/3.2.0/hadoop-common-3.2.0-tests.jar:/home/user/.m2/repository/org/apache/hadoop/hadoop-annotations/3.2.0/hadoop-annotations-3.2.0.jar:/usr/lib/jvm/java-1.8-openjdk/jre/../lib/tools.jar:/home/user/.m2/repository/commons-cli/commons-cli/1.2/commons-cli-1.2.jar:/home/user/.m2/repository/org/apache/httpcomponents/httpclient/4.5.2/httpclient-4.5.2.jar:/home/user/.m2/repository/org/apache/httpcomponents/httpcore/4.4.4/httpcore-4.4.4.jar:/home/user/.m2/repository/commons-codec/commons-codec/1.11/commons-codec-1.11.jar:/home/user/.m2/repository/commons-net/commons-net/3.6/commons-net-3.6.jar:/home/user/.m2/repository/commons-collections/commons-collections/3.2.2/commons-collections-3.2.2.jar:/home/user/.m2/repository/org/eclipse/jetty/jetty-servlet/9.3.25.v20180904/jetty-servlet-9.3.25.v20180904.jar:/home/user/.m2/repository/org/eclipse/jetty/jetty-security/9.3.25.v20180904/jetty-security-9.3.25.v20180904.jar:/home/user/.m2/repository/javax/servlet/jsp/jsp-api/2.1/jsp-api-2.1.jar:/home/user/.m2/repository/com/sun/jersey/jersey-servlet/1.19/jersey-servlet-1.19.jar:/home/user/.m2/repository/com/sun/jersey/jersey-json/1.19/jersey-json-1.19.jar:/home/user/.m2/repository/org/codehaus/jettison/jettison/1.1/jettison-1.1.jar:/home/user/.m2/repository/org/codehaus/jackson/jackson-core-asl/1.9.13/jackson-core-asl-1.9.13.jar:/home/user/.m2/repository/org/codehaus/jackson/jackson-mapper-asl/1.9.13/jackson-mapper-asl-1.9.13.jar:/home/user/.m2/repository/org/codehaus/jackson/jackson-jaxrs/1.9.13/jackson-jaxrs-1.9.13.jar:/home/user/.m2/repository/org/codehaus/jackson/jackson-xc/1.9.13/jackson-xc-1.9.13.jar:/home/user/.m2/repository/commons-logging/commons-logging/1.1.3/commons-logging-1.1.3.jar:/home/user/.m2/repository/commons-beanutils/commons-beanutils/1.9.4/commons-beanutils-1.9.4.jar:/home/user/.m2/repository/org/apache/commons/commons-configuration2/2.1.1/commons-configuration2-2.1.1.jar:/home/user/.m2/repository/org/apache/commons/commons-lang3/3.7/commons-lang3-3.7.jar:/home/user/.m2/repository/org/apache/commons/commons-text/1.4/commons-text-1.4.jar:/home/user/.m2/repository/org/apache/avro/avro/1.7.7/avro-1.7.7.jar:/home/user/.m2/repository/com/thoughtworks/paranamer/paranamer/2.3/paranamer-2.3.jar:/home/user/.m2/repository/org/xerial/snappy/snappy-java/1.0.5/snappy-java-1.0.5.jar:/home/user/.m2/repository/com/google/re2j/re2j/1.1/re2j-1.1.jar:/home/user/.m2/repository/com/google/code/gson/gson/2.2.4/gson-2.2.4.jar:/home/user/.m2/repository/com/jcraft/jsch/0.1.54/jsch-0.1.54.jar:/home/user/.m2/repository/org/apache/curator/curator-client/2.12.0/curator-client-2.12.0.jar:/home/user/.m2/repository/org/apache/curator/curator-recipes/2.12.0/curator-recipes-2.12.0.jar:/home/user/.m2/repository/com/google/code/findbugs/jsr305/3.0.0/jsr305-3.0.0.jar:/home/user/.m2/repository/org/apache/htrace/htrace-core4/4.1.0-incubating/htrace-core4-4.1.0-incubating.jar:/home/user/.m2/repository/org/apache/zookeeper/zookeeper/3.4.13/zookeeper-3.4.13.jar:/home/user/.m2/repository/jline/jline/0.9.94/jline-0.9.94.jar:/home/user/.m2/repository/org/apache/yetus/audience-annotations/0.5.0/audience-annotations-0.5.0.jar:/home/user/.m2/repository/org/codehaus/woodstox/stax2-api/3.1.4/stax2-api-3.1.4.jar:/home/user/.m2/repository/com/fasterxml/woodstox/woodstox-core/5.0.3/woodstox-core-5.0.3.jar:/home/user/.m2/repository/dnsjava/dnsjava/2.1.7/dnsjava-2.1.7.jar:/home/user/.m2/repository/org/apache/hadoop/hadoop-hdfs/3.2.0/hadoop-hdfs-3.2.0-tests.jar:/home/user/.m2/repository/org/eclipse/jetty/jetty-util-ajax/9.3.25.v20180904/jetty-util-ajax-9.3.25.v20180904.jar:/home/user/.m2/repository/commons-daemon/commons-daemon/1.0.13/commons-daemon-1.0.13.jar:/home/user/.m2/repository/io/netty/netty/3.10.5.Final/netty-3.10.5.Final.jar:/home/user/.m2/repository/io/netty/netty-all/4.0.52.Final/netty-all-4.0.52.Final.jar:/home/user/.m2/repository/org/fusesource/leveldbjni/leveldbjni-all/1.8/leveldbjni-all-1.8.jar:"/>
    <property name="sun.cpu.endian" value="little"/>
    <property name="user.home" value="/home/user"/>
    <property name="user.language" value="en"/>
    <property name="java.specification.vendor" value="Oracle Corporation"/>
    <property name="java.home" value="/usr/lib/jvm/java-1.8-openjdk/jre"/>
    <property name="java.security.krb5.conf" value="/workdir/hadoop-ozone/integration-test/target/test-classes/krb5.conf"/>
    <property name="basedir" value="/workdir/hadoop-ozone/integration-test"/>
    <property name="file.separator" value="/"/>
    <property name="line.separator" value="&#10;"/>
    <property name="java.vm.specification.vendor" value="Oracle Corporation"/>
    <property name="java.specification.name" value="Java Platform API Specification"/>
    <property name="java.awt.graphicsenv" value="sun.awt.X11GraphicsEnvironment"/>
    <property name="surefire.real.class.path" value="/workdir/hadoop-ozone/integration-test/target/surefire/surefirebooter5678842716664853677.jar"/>
    <property name="hadoop.log.dir" value="/workdir/hadoop-ozone/integration-test/target/log"/>
    <property name="sun.boot.class.path" value="/usr/lib/jvm/java-1.8-openjdk/jre/lib/resources.jar:/usr/lib/jvm/java-1.8-openjdk/jre/lib/rt.jar:/usr/lib/jvm/java-1.8-openjdk/jre/lib/sunrsasign.jar:/usr/lib/jvm/java-1.8-openjdk/jre/lib/jsse.jar:/usr/lib/jvm/java-1.8-openjdk/jre/lib/jce.jar:/usr/lib/jvm/java-1.8-openjdk/jre/lib/charsets.jar:/usr/lib/jvm/java-1.8-openjdk/jre/lib/jfr.jar:/usr/lib/jvm/java-1.8-openjdk/jre/classes"/>
    <property name="sun.management.compiler" value="HotSpot 64-Bit Tiered Compilers"/>
    <property name="java.runtime.version" value="1.8.0_212-b04"/>
    <property name="java.net.preferIPv4Stack" value="true"/>
    <property name="user.name" value="jenkins1000"/>
    <property name="path.separator" value=":"/>
    <property name="java.security.egd" value="file:///dev/urandom"/>
    <property name="os.version" value="3.10.0-957.12.2.el7.x86_64"/>
    <property name="java.endorsed.dirs" value="/usr/lib/jvm/java-1.8-openjdk/jre/lib/endorsed"/>
    <property name="java.runtime.name" value="OpenJDK Runtime Environment"/>
    <property name="file.encoding" value="UTF-8"/>
    <property name="java.vm.name" value="OpenJDK 64-Bit Server VM"/>
    <property name="test.build.webapps" value=""/>
    <property name="localRepository" value="/home/user/.m2/repository"/>
    <property name="java.vendor.url.bug" value="https://icedtea.classpath.org/bugzilla"/>
    <property name="java.io.tmpdir" value="/tmp"/>
    <property name="require.test.libhadoop" value=""/>
    <property name="java.version" value="1.8.0_212"/>
    <property name="user.dir" value="/workdir/hadoop-ozone/integration-test"/>
    <property name="os.arch" value="amd64"/>
    <property name="java.vm.specification.name" value="Java Virtual Machine Specification"/>
    <property name="test.build.classes" value="/workdir/hadoop-ozone/integration-test/target/test-classes"/>
    <property name="java.awt.printerjob" value="sun.print.PSPrinterJob"/>
    <property name="sun.os.patch.level" value="unknown"/>
    <property name="hadoop.tmp.dir" value="/workdir/hadoop-ozone/integration-test/target/tmp"/>
    <property name="java.library.path" value="/usr/lib/jvm/java-1.8-openjdk/jre/lib/amd64/server:/usr/lib/jvm/java-1.8-openjdk/jre/lib/amd64:/usr/lib/jvm/java-1.8-openjdk/jre/../lib/amd64:/workdir/hadoop-ozone/integration-test/target/native/target/usr/local/lib:/workdir/hadoop-ozone/integration-test/../../hadoop-common-project/hadoop-common/target/native/target/usr/local/lib:/usr/java/packages/lib/amd64:/usr/lib64:/lib64:/lib:/usr/lib"/>
    <property name="java.vm.info" value="mixed mode"/>
    <property name="java.vendor" value="IcedTea"/>
    <property name="java.vm.version" value="25.212-b04"/>
    <property name="java.ext.dirs" value="/usr/lib/jvm/java-1.8-openjdk/jre/lib/ext:/usr/java/packages/lib/ext"/>
    <property name="sun.io.unicode.encoding" value="UnicodeLittle"/>
    <property name="java.class.version" value="52.0"/>
  </properties>
  <testcase name="testWatchForCommitWithKeyWrite" classname="org.apache.hadoop.ozone.client.rpc.TestWatchForCommit" time="81.77"/>
  <testcase name="testWatchForCommitWithSmallerTimeoutValue" classname="org.apache.hadoop.ozone.client.rpc.TestWatchForCommit" time="43.115"/>
  <testcase name="testWatchForCommitForRetryfailure" classname="org.apache.hadoop.ozone.client.rpc.TestWatchForCommit" time="74.52"/>
  <testcase name="testWatchForCommitForGroupMismatchException" classname="org.apache.hadoop.ozone.client.rpc.TestWatchForCommit" time="32.603"/>
  <testcase name="test2WayCommitForTimeoutException" classname="org.apache.hadoop.ozone.client.rpc.TestWatchForCommit" time="22.832">
    <error type="java.util.concurrent.TimeoutException">java.util.concurrent.TimeoutException
	at java.util.concurrent.CompletableFuture.timedGet(CompletableFuture.java:1771)
	at java.util.concurrent.CompletableFuture.get(CompletableFuture.java:1915)
	at org.apache.hadoop.hdds.scm.XceiverClientRatis.watchForCommit(XceiverClientRatis.java:298)
	at org.apache.hadoop.ozone.client.rpc.TestWatchForCommit.test2WayCommitForTimeoutException(TestWatchForCommit.java:391)
	at sun.reflect.NativeMethodAccessorImpl.invoke0(Native Method)
	at sun.reflect.NativeMethodAccessorImpl.invoke(NativeMethodAccessorImpl.java:62)
	at sun.reflect.DelegatingMethodAccessorImpl.invoke(DelegatingMethodAccessorImpl.java:43)
	at java.lang.reflect.Method.invoke(Method.java:498)
	at org.junit.runners.model.FrameworkMethod$1.runReflectiveCall(FrameworkMethod.java:47)
	at org.junit.internal.runners.model.ReflectiveCallable.run(ReflectiveCallable.java:12)
	at org.junit.runners.model.FrameworkMethod.invokeExplosively(FrameworkMethod.java:44)
	at org.junit.internal.runners.statements.InvokeMethod.evaluate(InvokeMethod.java:17)
	at org.junit.runners.ParentRunner.runLeaf(ParentRunner.java:271)
	at org.junit.runners.BlockJUnit4ClassRunner.runChild(BlockJUnit4ClassRunner.java:70)
	at org.junit.runners.BlockJUnit4ClassRunner.runChild(BlockJUnit4ClassRunner.java:50)
	at org.junit.runners.ParentRunner$3.run(ParentRunner.java:238)
	at org.junit.runners.ParentRunner$1.schedule(ParentRunner.java:63)
	at org.junit.runners.ParentRunner.runChildren(ParentRunner.java:236)
	at org.junit.runners.ParentRunner.access$000(ParentRunner.java:53)
	at org.junit.runners.ParentRunner$2.evaluate(ParentRunner.java:229)
	at org.junit.runners.ParentRunner.run(ParentRunner.java:309)
	at org.apache.maven.surefire.junit4.JUnit4Provider.execute(JUnit4Provider.java:365)
	at org.apache.maven.surefire.junit4.JUnit4Provider.executeWithRerun(JUnit4Provider.java:273)
	at org.apache.maven.surefire.junit4.JUnit4Provider.executeTestSet(JUnit4Provider.java:238)
	at org.apache.maven.surefire.junit4.JUnit4Provider.invoke(JUnit4Provider.java:159)
	at org.apache.maven.surefire.booter.ForkedBooter.invokeProviderInSameClassLoader(ForkedBooter.java:384)
	at org.apache.maven.surefire.booter.ForkedBooter.runSuitesInProcess(ForkedBooter.java:345)
	at org.apache.maven.surefire.booter.ForkedBooter.execute(ForkedBooter.java:126)
	at org.apache.maven.surefire.booter.ForkedBooter.main(ForkedBooter.java:418)
</error>
    <system-out><![CDATA[2019-10-04 08:21:02,551 [main] WARN  server.ServerUtils (ServerUtils.java:getScmDbDir(145)) - ozone.scm.db.dirs is not configured. We recommend adding this setting. Falling back to ozone.metadata.dirs instead.
2019-10-04 08:21:02,576 [main] WARN  server.ServerUtils (ServerUtils.java:getScmDbDir(145)) - ozone.scm.db.dirs is not configured. We recommend adding this setting. Falling back to ozone.metadata.dirs instead.
2019-10-04 08:21:02,577 [main] WARN  server.ServerUtils (ServerUtils.java:getScmDbDir(145)) - ozone.scm.db.dirs is not configured. We recommend adding this setting. Falling back to ozone.metadata.dirs instead.
2019-10-04 08:21:02,578 [main] INFO  db.DBStoreBuilder (DBStoreBuilder.java:addTable(117)) - using custom profile for table: deletedBlocks
2019-10-04 08:21:02,578 [main] INFO  db.DBStoreBuilder (DBStoreBuilder.java:processTables(168)) - Using default column profile:DBProfile.DISK for Table:deletedBlocks
2019-10-04 08:21:02,578 [main] INFO  db.DBStoreBuilder (DBStoreBuilder.java:addTable(117)) - using custom profile for table: validCerts
2019-10-04 08:21:02,579 [main] INFO  db.DBStoreBuilder (DBStoreBuilder.java:processTables(168)) - Using default column profile:DBProfile.DISK for Table:validCerts
2019-10-04 08:21:02,579 [main] INFO  db.DBStoreBuilder (DBStoreBuilder.java:addTable(117)) - using custom profile for table: revokedCerts
2019-10-04 08:21:02,579 [main] INFO  db.DBStoreBuilder (DBStoreBuilder.java:processTables(168)) - Using default column profile:DBProfile.DISK for Table:revokedCerts
2019-10-04 08:21:02,580 [main] INFO  db.DBStoreBuilder (DBStoreBuilder.java:addTable(117)) - using custom profile for table: default
2019-10-04 08:21:02,580 [main] INFO  db.DBStoreBuilder (DBStoreBuilder.java:processTables(174)) - Using default column profile:DBProfile.DISK for Table:default
2019-10-04 08:21:02,580 [main] INFO  db.DBStoreBuilder (DBStoreBuilder.java:getDbProfile(205)) - Using default options. DBProfile.DISK
2019-10-04 08:21:02,824 [main] INFO  net.NodeSchemaLoader (NodeSchemaLoader.java:loadSchemaFromFile(125)) - Loading file from sun.misc.CompoundEnumeration@4ed18798
2019-10-04 08:21:02,824 [main] INFO  net.NodeSchemaLoader (NodeSchemaLoader.java:loadSchema(171)) - Loading network topology layer schema file
2019-10-04 08:21:02,831 [main] WARN  server.ServerUtils (ServerUtils.java:sanitizeUserArgs(70)) - ozone.scm.stale.node.interval value = 300000 is larger than max = 100000 based on the key value of ozone.scm.heartbeat.thread.interval, reset to the max value 100000.
2019-10-04 08:21:02,832 [main] WARN  server.ServerUtils (ServerUtils.java:sanitizeUserArgs(70)) - ozone.scm.stale.node.interval value = 300000 is larger than max = 100000 based on the key value of ozone.scm.heartbeat.thread.interval, reset to the max value 100000.
2019-10-04 08:21:02,832 [main] INFO  node.SCMNodeManager (SCMNodeManager.java:<init>(114)) - Entering startup safe mode.
2019-10-04 08:21:02,833 [main] INFO  algorithms.ContainerPlacementPolicyFactory (ContainerPlacementPolicyFactory.java:getPolicy(57)) - Create container placement policy of type org.apache.hadoop.hdds.scm.container.placement.algorithms.SCMContainerPlacementRandom
2019-10-04 08:21:02,833 [main] WARN  server.ServerUtils (ServerUtils.java:getScmDbDir(145)) - ozone.scm.db.dirs is not configured. We recommend adding this setting. Falling back to ozone.metadata.dirs instead.
2019-10-04 08:21:02,927 [main] INFO  pipeline.SCMPipelineManager (SCMPipelineManager.java:initializePipelineState(132)) - No pipeline exists in current db
2019-10-04 08:21:02,927 [main] WARN  server.ServerUtils (ServerUtils.java:getScmDbDir(145)) - ozone.scm.db.dirs is not configured. We recommend adding this setting. Falling back to ozone.metadata.dirs instead.
2019-10-04 08:21:03,014 [main] WARN  events.EventQueue (EventQueue.java:fireEvent(183)) - No event handler registered for event TypedEvent{payloadType=SafeModeStatus, name='SafeModeStatus'}
2019-10-04 08:21:03,015 [main] INFO  ipc.CallQueueManager (CallQueueManager.java:<init>(84)) - Using callQueue: class java.util.concurrent.LinkedBlockingQueue, queueCapacity: 2000, scheduler: class org.apache.hadoop.ipc.DefaultRpcScheduler, ipcBackoff: false.
2019-10-04 08:21:03,016 [Socket Reader #1 for port 33688] INFO  ipc.Server (Server.java:run(1074)) - Starting Socket Reader #1 for port 33688
2019-10-04 08:21:03,018 [main] INFO  ipc.CallQueueManager (CallQueueManager.java:<init>(84)) - Using callQueue: class java.util.concurrent.LinkedBlockingQueue, queueCapacity: 2000, scheduler: class org.apache.hadoop.ipc.DefaultRpcScheduler, ipcBackoff: false.
2019-10-04 08:21:03,018 [Socket Reader #1 for port 38030] INFO  ipc.Server (Server.java:run(1074)) - Starting Socket Reader #1 for port 38030
2019-10-04 08:21:03,020 [main] INFO  ipc.CallQueueManager (CallQueueManager.java:<init>(84)) - Using callQueue: class java.util.concurrent.LinkedBlockingQueue, queueCapacity: 2000, scheduler: class org.apache.hadoop.ipc.DefaultRpcScheduler, ipcBackoff: false.
2019-10-04 08:21:03,020 [Socket Reader #1 for port 36495] INFO  ipc.Server (Server.java:run(1074)) - Starting Socket Reader #1 for port 36495
2019-10-04 08:21:03,023 [main] INFO  hdfs.DFSUtil (DFSUtil.java:httpServerTemplateForNNAndJN(1641)) - Starting Web-server for scm at: http://0.0.0.0:0
2019-10-04 08:21:03,025 [main] INFO  server.AuthenticationFilter (AuthenticationFilter.java:constructSecretProvider(240)) - Unable to initialize FileSignerSecretProvider, falling back to use random secrets.
2019-10-04 08:21:03,025 [main] WARN  http.HttpRequestLog (HttpRequestLog.java:getRequestLog(97)) - Jetty request log can only be enabled using Log4j
2019-10-04 08:21:03,027 [main] INFO  http.HttpServer2 (HttpServer2.java:addGlobalFilter(975)) - Added global filter 'safety' (class=org.apache.hadoop.http.HttpServer2$QuotingInputFilter)
2019-10-04 08:21:03,028 [main] INFO  http.HttpServer2 (HttpServer2.java:addFilter(948)) - Added filter static_user_filter (class=org.apache.hadoop.http.lib.StaticUserWebFilter$StaticUserFilter) to context scm
2019-10-04 08:21:03,028 [main] INFO  http.HttpServer2 (HttpServer2.java:addFilter(958)) - Added filter static_user_filter (class=org.apache.hadoop.http.lib.StaticUserWebFilter$StaticUserFilter) to context static
2019-10-04 08:21:03,028 [main] INFO  http.HttpServer2 (HttpServer2.java:addFilter(958)) - Added filter static_user_filter (class=org.apache.hadoop.http.lib.StaticUserWebFilter$StaticUserFilter) to context logs
2019-10-04 08:21:03,030 [main] INFO  server.StorageContainerManager (StorageContainerManager.java:start(770)) - StorageContainerLocationProtocol RPC server is listening at /0.0.0.0:36495
2019-10-04 08:21:03,033 [main] WARN  impl.MetricsConfig (MetricsConfig.java:loadFirst(134)) - Cannot locate configuration: tried hadoop-metrics2-storagecontainermanager.properties,hadoop-metrics2.properties
2019-10-04 08:21:03,034 [main] INFO  impl.MetricsSystemImpl (MetricsSystemImpl.java:startTimer(374)) - Scheduled Metric snapshot period at 10 second(s).
2019-10-04 08:21:03,034 [main] INFO  impl.MetricsSystemImpl (MetricsSystemImpl.java:start(191)) - StorageContainerManager metrics system started
2019-10-04 08:21:03,095 [main] WARN  impl.MetricsSystemImpl (MetricsSystemImpl.java:register(276)) - Sink prometheus already exists!
2019-10-04 08:21:03,195 [main] INFO  server.SCMClientProtocolServer (SCMClientProtocolServer.java:start(159)) - RPC server for Client  is listening at /0.0.0.0:36495
2019-10-04 08:21:03,195 [IPC Server Responder] INFO  ipc.Server (Server.java:run(1314)) - IPC Server Responder: starting
2019-10-04 08:21:03,196 [IPC Server listener on 36495] INFO  ipc.Server (Server.java:run(1153)) - IPC Server listener on 36495: starting
2019-10-04 08:21:03,201 [main] INFO  server.StorageContainerManager (StorageContainerManager.java:start(780)) - ScmBlockLocationProtocol RPC server is listening at /0.0.0.0:38030
2019-10-04 08:21:03,201 [main] INFO  server.SCMBlockProtocolServer (SCMBlockProtocolServer.java:start(146)) - RPC server for Block Protocol is listening at /0.0.0.0:38030
2019-10-04 08:21:03,202 [IPC Server Responder] INFO  ipc.Server (Server.java:run(1314)) - IPC Server Responder: starting
2019-10-04 08:21:03,202 [IPC Server listener on 38030] INFO  ipc.Server (Server.java:run(1153)) - IPC Server listener on 38030: starting
2019-10-04 08:21:03,212 [main] INFO  server.StorageContainerManager (StorageContainerManager.java:start(784)) - ScmDatanodeProtocl RPC server is listening at /0.0.0.0:33688
2019-10-04 08:21:03,212 [main] INFO  server.SCMDatanodeProtocolServer (SCMDatanodeProtocolServer.java:start(169)) - RPC server for DataNodes is listening at /0.0.0.0:33688
2019-10-04 08:21:03,213 [IPC Server Responder] INFO  ipc.Server (Server.java:run(1314)) - IPC Server Responder: starting
2019-10-04 08:21:03,213 [IPC Server listener on 33688] INFO  ipc.Server (Server.java:run(1153)) - IPC Server listener on 33688: starting
2019-10-04 08:21:03,216 [main] INFO  http.HttpServer2 (HttpServer2.java:bindListener(1191)) - Jetty bound to port 46347
2019-10-04 08:21:03,216 [main] INFO  server.Server (Server.java:doStart(351)) - jetty-9.3.25.v20180904, build timestamp: 2018-09-04T21:11:46Z, git hash: 3ce520221d0240229c862b122d2b06c12a625732
2019-10-04 08:21:03,218 [main] INFO  handler.ContextHandler (ContextHandler.java:doStart(781)) - Started o.e.j.s.ServletContextHandler@6c075e9d{/logs,file:///workdir/hadoop-ozone/integration-test/target/log,AVAILABLE}
2019-10-04 08:21:03,219 [main] INFO  handler.ContextHandler (ContextHandler.java:doStart(781)) - Started o.e.j.s.ServletContextHandler@7b14c61{/static,file:///workdir/hadoop-ozone/integration-test/target/test-classes/webapps/static,AVAILABLE}
2019-10-04 08:21:03,222 [main] INFO  handler.ContextHandler (ContextHandler.java:doStart(781)) - Started o.e.j.w.WebAppContext@2fd39436{/,file:///workdir/hadoop-ozone/integration-test/target/test-classes/webapps/scm/,AVAILABLE}{/scm}
2019-10-04 08:21:03,223 [main] INFO  server.AbstractConnector (AbstractConnector.java:doStart(278)) - Started ServerConnector@60b5e80d{HTTP/1.1,[http/1.1]}{0.0.0.0:46347}
2019-10-04 08:21:03,224 [main] INFO  server.Server (Server.java:doStart(419)) - Started @233172ms
2019-10-04 08:21:03,224 [main] WARN  impl.MetricsSystemImpl (MetricsSystemImpl.java:register(276)) - Sink prometheus already exists!
2019-10-04 08:21:03,224 [main] INFO  server.BaseHttpServer (BaseHttpServer.java:updateConnectorAddress(215)) - HTTP server of SCM is listening at http://0.0.0.0:46347
2019-10-04 08:21:03,225 [main] WARN  server.ServerUtils (ServerUtils.java:getDBPath(222)) - ozone.om.db.dirs is not configured. We recommend adding this setting. Falling back to ozone.metadata.dirs instead.
2019-10-04 08:21:03,226 [org.apache.hadoop.util.JvmPauseMonitor$Monitor@31aab981] INFO  util.JvmPauseMonitor (JvmPauseMonitor.java:run(188)) - Starting JVM pause monitor
2019-10-04 08:21:03,250 [main] INFO  ha.OMHANodeDetails (OMHANodeDetails.java:loadOMHAConfig(190)) - Configuration either no ozone.om.address set. Falling back to the default OM address /127.0.0.1:0
2019-10-04 08:21:03,250 [main] INFO  ha.OMHANodeDetails (OMHANodeDetails.java:getOMNodeDetails(220)) - OM Service ID is not set. Setting it to the default ID: omServiceIdDefault
2019-10-04 08:21:03,250 [main] WARN  server.ServerUtils (ServerUtils.java:getDBPath(222)) - ozone.om.db.dirs is not configured. We recommend adding this setting. Falling back to ozone.metadata.dirs instead.
2019-10-04 08:21:03,251 [main] WARN  server.ServerUtils (ServerUtils.java:getDBPath(222)) - ozone.om.db.dirs is not configured. We recommend adding this setting. Falling back to ozone.metadata.dirs instead.
2019-10-04 08:21:03,259 [main] WARN  server.ServerUtils (ServerUtils.java:getDBPath(222)) - ozone.om.db.dirs is not configured. We recommend adding this setting. Falling back to ozone.metadata.dirs instead.
2019-10-04 08:21:03,259 [main] INFO  db.DBStoreBuilder (DBStoreBuilder.java:addTable(117)) - using custom profile for table: userTable
2019-10-04 08:21:03,259 [main] INFO  db.DBStoreBuilder (DBStoreBuilder.java:processTables(168)) - Using default column profile:DBProfile.DISK for Table:userTable
2019-10-04 08:21:03,260 [main] INFO  db.DBStoreBuilder (DBStoreBuilder.java:addTable(117)) - using custom profile for table: volumeTable
2019-10-04 08:21:03,260 [main] INFO  db.DBStoreBuilder (DBStoreBuilder.java:processTables(168)) - Using default column profile:DBProfile.DISK for Table:volumeTable
2019-10-04 08:21:03,260 [main] INFO  db.DBStoreBuilder (DBStoreBuilder.java:addTable(117)) - using custom profile for table: bucketTable
2019-10-04 08:21:03,260 [main] INFO  db.DBStoreBuilder (DBStoreBuilder.java:processTables(168)) - Using default column profile:DBProfile.DISK for Table:bucketTable
2019-10-04 08:21:03,260 [main] INFO  db.DBStoreBuilder (DBStoreBuilder.java:addTable(117)) - using custom profile for table: keyTable
2019-10-04 08:21:03,261 [main] INFO  db.DBStoreBuilder (DBStoreBuilder.java:processTables(168)) - Using default column profile:DBProfile.DISK for Table:keyTable
2019-10-04 08:21:03,261 [main] INFO  db.DBStoreBuilder (DBStoreBuilder.java:addTable(117)) - using custom profile for table: deletedTable
2019-10-04 08:21:03,261 [main] INFO  db.DBStoreBuilder (DBStoreBuilder.java:processTables(168)) - Using default column profile:DBProfile.DISK for Table:deletedTable
2019-10-04 08:21:03,261 [main] INFO  db.DBStoreBuilder (DBStoreBuilder.java:addTable(117)) - using custom profile for table: openKeyTable
2019-10-04 08:21:03,261 [main] INFO  db.DBStoreBuilder (DBStoreBuilder.java:processTables(168)) - Using default column profile:DBProfile.DISK for Table:openKeyTable
2019-10-04 08:21:03,262 [main] INFO  db.DBStoreBuilder (DBStoreBuilder.java:addTable(117)) - using custom profile for table: s3Table
2019-10-04 08:21:03,262 [main] INFO  db.DBStoreBuilder (DBStoreBuilder.java:processTables(168)) - Using default column profile:DBProfile.DISK for Table:s3Table
2019-10-04 08:21:03,262 [main] INFO  db.DBStoreBuilder (DBStoreBuilder.java:addTable(117)) - using custom profile for table: multipartInfoTable
2019-10-04 08:21:03,262 [main] INFO  db.DBStoreBuilder (DBStoreBuilder.java:processTables(168)) - Using default column profile:DBProfile.DISK for Table:multipartInfoTable
2019-10-04 08:21:03,262 [main] INFO  db.DBStoreBuilder (DBStoreBuilder.java:addTable(117)) - using custom profile for table: dTokenTable
2019-10-04 08:21:03,263 [main] INFO  db.DBStoreBuilder (DBStoreBuilder.java:processTables(168)) - Using default column profile:DBProfile.DISK for Table:dTokenTable
2019-10-04 08:21:03,263 [main] INFO  db.DBStoreBuilder (DBStoreBuilder.java:addTable(117)) - using custom profile for table: s3SecretTable
2019-10-04 08:21:03,263 [main] INFO  db.DBStoreBuilder (DBStoreBuilder.java:processTables(168)) - Using default column profile:DBProfile.DISK for Table:s3SecretTable
2019-10-04 08:21:03,263 [main] INFO  db.DBStoreBuilder (DBStoreBuilder.java:addTable(117)) - using custom profile for table: prefixTable
2019-10-04 08:21:03,263 [main] INFO  db.DBStoreBuilder (DBStoreBuilder.java:processTables(168)) - Using default column profile:DBProfile.DISK for Table:prefixTable
2019-10-04 08:21:03,263 [main] INFO  db.DBStoreBuilder (DBStoreBuilder.java:addTable(117)) - using custom profile for table: default
2019-10-04 08:21:03,264 [main] INFO  db.DBStoreBuilder (DBStoreBuilder.java:processTables(174)) - Using default column profile:DBProfile.DISK for Table:default
2019-10-04 08:21:03,264 [main] INFO  db.DBStoreBuilder (DBStoreBuilder.java:getDbProfile(205)) - Using default options. DBProfile.DISK
2019-10-04 08:21:03,918 [main] INFO  ipc.CallQueueManager (CallQueueManager.java:<init>(84)) - Using callQueue: class java.util.concurrent.LinkedBlockingQueue, queueCapacity: 2000, scheduler: class org.apache.hadoop.ipc.DefaultRpcScheduler, ipcBackoff: false.
2019-10-04 08:21:03,919 [Socket Reader #1 for port 39838] INFO  ipc.Server (Server.java:run(1074)) - Starting Socket Reader #1 for port 39838
2019-10-04 08:21:03,931 [main] INFO  om.OzoneManager (OzoneManager.java:start(1069)) - OzoneManager RPC server is listening at localhost/127.0.0.1:39838
2019-10-04 08:21:03,932 [main] INFO  impl.MetricsSystemImpl (MetricsSystemImpl.java:init(158)) - OzoneManager metrics system started (again)
2019-10-04 08:21:03,932 [IPC Server Responder] INFO  ipc.Server (Server.java:run(1314)) - IPC Server Responder: starting
2019-10-04 08:21:03,932 [IPC Server listener on 39838] INFO  ipc.Server (Server.java:run(1153)) - IPC Server listener on 39838: starting
2019-10-04 08:21:03,950 [main] INFO  hdfs.DFSUtil (DFSUtil.java:httpServerTemplateForNNAndJN(1641)) - Starting Web-server for ozoneManager at: http://0.0.0.0:0
2019-10-04 08:21:03,952 [main] INFO  server.AuthenticationFilter (AuthenticationFilter.java:constructSecretProvider(240)) - Unable to initialize FileSignerSecretProvider, falling back to use random secrets.
2019-10-04 08:21:03,952 [main] WARN  http.HttpRequestLog (HttpRequestLog.java:getRequestLog(97)) - Jetty request log can only be enabled using Log4j
2019-10-04 08:21:03,954 [main] INFO  http.HttpServer2 (HttpServer2.java:addGlobalFilter(975)) - Added global filter 'safety' (class=org.apache.hadoop.http.HttpServer2$QuotingInputFilter)
2019-10-04 08:21:03,955 [main] INFO  http.HttpServer2 (HttpServer2.java:addFilter(948)) - Added filter static_user_filter (class=org.apache.hadoop.http.lib.StaticUserWebFilter$StaticUserFilter) to context ozoneManager
2019-10-04 08:21:03,955 [main] INFO  http.HttpServer2 (HttpServer2.java:addFilter(958)) - Added filter static_user_filter (class=org.apache.hadoop.http.lib.StaticUserWebFilter$StaticUserFilter) to context logs
2019-10-04 08:21:03,955 [main] INFO  http.HttpServer2 (HttpServer2.java:addFilter(958)) - Added filter static_user_filter (class=org.apache.hadoop.http.lib.StaticUserWebFilter$StaticUserFilter) to context static
2019-10-04 08:21:03,956 [main] INFO  http.HttpServer2 (HttpServer2.java:bindListener(1191)) - Jetty bound to port 38732
2019-10-04 08:21:03,956 [main] INFO  server.Server (Server.java:doStart(351)) - jetty-9.3.25.v20180904, build timestamp: 2018-09-04T21:11:46Z, git hash: 3ce520221d0240229c862b122d2b06c12a625732
2019-10-04 08:21:03,958 [main] INFO  handler.ContextHandler (ContextHandler.java:doStart(781)) - Started o.e.j.s.ServletContextHandler@4d354a3e{/logs,file:///workdir/hadoop-ozone/integration-test/target/log,AVAILABLE}
2019-10-04 08:21:03,959 [main] INFO  handler.ContextHandler (ContextHandler.java:doStart(781)) - Started o.e.j.s.ServletContextHandler@604d28c6{/static,file:///workdir/hadoop-ozone/integration-test/target/test-classes/webapps/static,AVAILABLE}
2019-10-04 08:21:03,964 [main] INFO  handler.ContextHandler (ContextHandler.java:doStart(781)) - Started o.e.j.w.WebAppContext@2416c658{/,file:///workdir/hadoop-ozone/integration-test/target/test-classes/webapps/ozoneManager/,AVAILABLE}{/ozoneManager}
2019-10-04 08:21:03,965 [main] INFO  server.AbstractConnector (AbstractConnector.java:doStart(278)) - Started ServerConnector@6d5f4900{HTTP/1.1,[http/1.1]}{0.0.0.0:38732}
2019-10-04 08:21:03,966 [main] INFO  server.Server (Server.java:doStart(419)) - Started @233914ms
2019-10-04 08:21:03,967 [main] WARN  impl.MetricsSystemImpl (MetricsSystemImpl.java:register(276)) - Sink prometheus already exists!
2019-10-04 08:21:03,967 [main] INFO  server.BaseHttpServer (BaseHttpServer.java:updateConnectorAddress(215)) - HTTP server of OZONEMANAGER is listening at http://0.0.0.0:38732
2019-10-04 08:21:03,980 [main] INFO  impl.MetricsSystemImpl (MetricsSystemImpl.java:init(158)) - HddsDatanode metrics system started (again)
2019-10-04 08:21:03,984 [main] INFO  ozone.HddsDatanodeService (HddsDatanodeService.java:start(184)) - HddsDatanodeService host:pr-hdds-2230-99mx8-1595754997 ip:192.168.30.44
2019-10-04 08:21:03,990 [main] INFO  volume.HddsVolume (HddsVolume.java:<init>(176)) - Creating Volume: /workdir/hadoop-ozone/integration-test/target/test-dir/MiniOzoneClusterImpl-50c7e7a2-c4e6-4e08-ad27-ace44f57fbc4/datanode-0/data/containers/hdds of  storage type : DISK and capacity : 1482555576320
2019-10-04 08:21:03,990 [main] INFO  volume.VolumeSet (VolumeSet.java:initializeVolumeSet(170)) - Added Volume : /workdir/hadoop-ozone/integration-test/target/test-dir/MiniOzoneClusterImpl-50c7e7a2-c4e6-4e08-ad27-ace44f57fbc4/datanode-0/data/containers/hdds to VolumeSet
2019-10-04 08:21:03,990 [main] INFO  volume.ThrottledAsyncChecker (ThrottledAsyncChecker.java:schedule(139)) - Scheduling a check for org.apache.hadoop.ozone.container.common.volume.HddsVolume@7aded903
2019-10-04 08:21:03,991 [main] INFO  volume.HddsVolumeChecker (HddsVolumeChecker.java:checkAllVolumes(202)) - Scheduled health check for volume org.apache.hadoop.ozone.container.common.volume.HddsVolume@7aded903
2019-10-04 08:21:04,006 [main] INFO  impl.RaftServerProxy (ConfUtils.java:logGet(43)) - raft.rpc.type = GRPC (default)
2019-10-04 08:21:04,007 [main] INFO  grpc.GrpcFactory (GrpcFactory.java:checkPooledByteBufAllocatorUseCacheForAllThreads(45)) - PERFORMANCE WARNING: useCacheForAllThreads is true that may cause Netty to create a lot garbage objects and, as a result, trigger GC.
	It is recommended to disable useCacheForAllThreads by setting -Dorg.apache.ratis.thirdparty.io.netty.allocator.useCacheForAllThreads=false in command line.
2019-10-04 08:21:04,007 [main] INFO  grpc.GrpcConfigKeys$Server (ConfUtils.java:logGet(43)) - raft.grpc.server.port = 0 (default)
2019-10-04 08:21:04,007 [main] INFO  server.GrpcService (ConfUtils.java:logGet(43)) - raft.grpc.message.size.max = 33570816 (custom)
2019-10-04 08:21:04,007 [main] INFO  server.RaftServerConfigKeys (ConfUtils.java:logGet(43)) - raft.server.log.appender.buffer.byte-limit = 33554432 (custom)
2019-10-04 08:21:04,007 [main] INFO  server.GrpcService (ConfUtils.java:logGet(43)) - raft.grpc.flow.control.window = 1MB (=1048576) (default)
2019-10-04 08:21:04,008 [main] INFO  server.RaftServerConfigKeys (ConfUtils.java:logGet(43)) - raft.server.rpc.request.timeout = 3000ms (default)
2019-10-04 08:21:04,008 [main] INFO  server.RaftServerConfigKeys (ConfUtils.java:logGet(43)) - raft.server.storage.dir = [/workdir/hadoop-ozone/integration-test/target/test-dir/MiniOzoneClusterImpl-50c7e7a2-c4e6-4e08-ad27-ace44f57fbc4/datanode-0/data/ratis] (custom)
2019-10-04 08:21:04,010 [main] INFO  hdfs.DFSUtil (DFSUtil.java:httpServerTemplateForNNAndJN(1641)) - Starting Web-server for hddsDatanode at: http://0.0.0.0:0
2019-10-04 08:21:04,011 [main] INFO  server.AuthenticationFilter (AuthenticationFilter.java:constructSecretProvider(240)) - Unable to initialize FileSignerSecretProvider, falling back to use random secrets.
2019-10-04 08:21:04,011 [main] WARN  http.HttpRequestLog (HttpRequestLog.java:getRequestLog(97)) - Jetty request log can only be enabled using Log4j
2019-10-04 08:21:04,012 [main] INFO  http.HttpServer2 (HttpServer2.java:addGlobalFilter(975)) - Added global filter 'safety' (class=org.apache.hadoop.http.HttpServer2$QuotingInputFilter)
2019-10-04 08:21:04,013 [main] INFO  http.HttpServer2 (HttpServer2.java:addFilter(948)) - Added filter static_user_filter (class=org.apache.hadoop.http.lib.StaticUserWebFilter$StaticUserFilter) to context hddsDatanode
2019-10-04 08:21:04,013 [main] INFO  http.HttpServer2 (HttpServer2.java:addFilter(958)) - Added filter static_user_filter (class=org.apache.hadoop.http.lib.StaticUserWebFilter$StaticUserFilter) to context static
2019-10-04 08:21:04,013 [main] INFO  http.HttpServer2 (HttpServer2.java:addFilter(958)) - Added filter static_user_filter (class=org.apache.hadoop.http.lib.StaticUserWebFilter$StaticUserFilter) to context logs
2019-10-04 08:21:04,014 [main] INFO  http.HttpServer2 (HttpServer2.java:bindListener(1191)) - Jetty bound to port 44648
2019-10-04 08:21:04,014 [main] INFO  server.Server (Server.java:doStart(351)) - jetty-9.3.25.v20180904, build timestamp: 2018-09-04T21:11:46Z, git hash: 3ce520221d0240229c862b122d2b06c12a625732
2019-10-04 08:21:04,015 [main] INFO  handler.ContextHandler (ContextHandler.java:doStart(781)) - Started o.e.j.s.ServletContextHandler@2a8dd942{/logs,file:///workdir/hadoop-ozone/integration-test/target/log,AVAILABLE}
2019-10-04 08:21:04,016 [main] INFO  handler.ContextHandler (ContextHandler.java:doStart(781)) - Started o.e.j.s.ServletContextHandler@35025a0a{/static,jar:file:/home/user/.m2/repository/org/apache/hadoop/hadoop-hdds-container-service/0.5.0-SNAPSHOT/hadoop-hdds-container-service-0.5.0-SNAPSHOT.jar!/webapps/static,AVAILABLE}
2019-10-04 08:21:04,041 [main] INFO  handler.ContextHandler (ContextHandler.java:doStart(781)) - Started o.e.j.w.WebAppContext@22f02996{/,file:///tmp/jetty-0.0.0.0-44648-hddsDatanode-_-any-577376798980578652.dir/webapp/,AVAILABLE}{/hddsDatanode}
2019-10-04 08:21:04,042 [main] INFO  server.AbstractConnector (AbstractConnector.java:doStart(278)) - Started ServerConnector@7c8874ef{HTTP/1.1,[http/1.1]}{0.0.0.0:44648}
2019-10-04 08:21:04,044 [main] INFO  server.Server (Server.java:doStart(419)) - Started @233992ms
2019-10-04 08:21:04,044 [main] WARN  impl.MetricsSystemImpl (MetricsSystemImpl.java:register(276)) - Sink prometheus already exists!
2019-10-04 08:21:04,044 [main] INFO  server.BaseHttpServer (BaseHttpServer.java:updateConnectorAddress(215)) - HTTP server of HDDSDATANODE is listening at http://0.0.0.0:44648
2019-10-04 08:21:04,045 [main] INFO  impl.MetricsSystemImpl (MetricsSystemImpl.java:init(158)) - HddsDatanode metrics system started (again)
2019-10-04 08:21:04,048 [org.apache.hadoop.util.JvmPauseMonitor$Monitor@728b460] INFO  util.JvmPauseMonitor (JvmPauseMonitor.java:run(188)) - Starting JVM pause monitor
2019-10-04 08:21:04,048 [main] INFO  ozone.HddsDatanodeService (HddsDatanodeService.java:start(184)) - HddsDatanodeService host:pr-hdds-2230-99mx8-1595754997 ip:192.168.30.44
2019-10-04 08:21:04,049 [Datanode State Machine Thread - 0] INFO  datanode.InitDatanodeState (InitDatanodeState.java:persistContainerDatanodeDetails(140)) - DatanodeDetails is persisted to /workdir/hadoop-ozone/integration-test/target/test-dir/MiniOzoneClusterImpl-50c7e7a2-c4e6-4e08-ad27-ace44f57fbc4/datanode-0/meta/datanode.id
2019-10-04 08:21:04,054 [main] INFO  volume.HddsVolume (HddsVolume.java:<init>(176)) - Creating Volume: /workdir/hadoop-ozone/integration-test/target/test-dir/MiniOzoneClusterImpl-50c7e7a2-c4e6-4e08-ad27-ace44f57fbc4/datanode-1/data/containers/hdds of  storage type : DISK and capacity : 1482555576320
2019-10-04 08:21:04,055 [main] INFO  volume.VolumeSet (VolumeSet.java:initializeVolumeSet(170)) - Added Volume : /workdir/hadoop-ozone/integration-test/target/test-dir/MiniOzoneClusterImpl-50c7e7a2-c4e6-4e08-ad27-ace44f57fbc4/datanode-1/data/containers/hdds to VolumeSet
2019-10-04 08:21:04,055 [main] INFO  volume.ThrottledAsyncChecker (ThrottledAsyncChecker.java:schedule(139)) - Scheduling a check for org.apache.hadoop.ozone.container.common.volume.HddsVolume@119290b9
2019-10-04 08:21:04,055 [main] INFO  volume.HddsVolumeChecker (HddsVolumeChecker.java:checkAllVolumes(202)) - Scheduled health check for volume org.apache.hadoop.ozone.container.common.volume.HddsVolume@119290b9
2019-10-04 08:21:04,069 [main] INFO  impl.RaftServerProxy (ConfUtils.java:logGet(43)) - raft.rpc.type = GRPC (default)
2019-10-04 08:21:04,069 [main] INFO  grpc.GrpcFactory (GrpcFactory.java:checkPooledByteBufAllocatorUseCacheForAllThreads(45)) - PERFORMANCE WARNING: useCacheForAllThreads is true that may cause Netty to create a lot garbage objects and, as a result, trigger GC.
	It is recommended to disable useCacheForAllThreads by setting -Dorg.apache.ratis.thirdparty.io.netty.allocator.useCacheForAllThreads=false in command line.
2019-10-04 08:21:04,069 [main] INFO  grpc.GrpcConfigKeys$Server (ConfUtils.java:logGet(43)) - raft.grpc.server.port = 0 (default)
2019-10-04 08:21:04,069 [main] INFO  server.GrpcService (ConfUtils.java:logGet(43)) - raft.grpc.message.size.max = 33570816 (custom)
2019-10-04 08:21:04,069 [main] INFO  server.RaftServerConfigKeys (ConfUtils.java:logGet(43)) - raft.server.log.appender.buffer.byte-limit = 33554432 (custom)
2019-10-04 08:21:04,069 [main] INFO  server.GrpcService (ConfUtils.java:logGet(43)) - raft.grpc.flow.control.window = 1MB (=1048576) (default)
2019-10-04 08:21:04,070 [main] INFO  server.RaftServerConfigKeys (ConfUtils.java:logGet(43)) - raft.server.rpc.request.timeout = 3000ms (default)
2019-10-04 08:21:04,070 [main] INFO  server.RaftServerConfigKeys (ConfUtils.java:logGet(43)) - raft.server.storage.dir = [/workdir/hadoop-ozone/integration-test/target/test-dir/MiniOzoneClusterImpl-50c7e7a2-c4e6-4e08-ad27-ace44f57fbc4/datanode-1/data/ratis] (custom)
2019-10-04 08:21:04,071 [main] INFO  hdfs.DFSUtil (DFSUtil.java:httpServerTemplateForNNAndJN(1641)) - Starting Web-server for hddsDatanode at: http://0.0.0.0:0
2019-10-04 08:21:04,072 [main] INFO  server.AuthenticationFilter (AuthenticationFilter.java:constructSecretProvider(240)) - Unable to initialize FileSignerSecretProvider, falling back to use random secrets.
2019-10-04 08:21:04,072 [main] WARN  http.HttpRequestLog (HttpRequestLog.java:getRequestLog(97)) - Jetty request log can only be enabled using Log4j
2019-10-04 08:21:04,073 [main] INFO  http.HttpServer2 (HttpServer2.java:addGlobalFilter(975)) - Added global filter 'safety' (class=org.apache.hadoop.http.HttpServer2$QuotingInputFilter)
2019-10-04 08:21:04,074 [main] INFO  http.HttpServer2 (HttpServer2.java:addFilter(948)) - Added filter static_user_filter (class=org.apache.hadoop.http.lib.StaticUserWebFilter$StaticUserFilter) to context hddsDatanode
2019-10-04 08:21:04,074 [main] INFO  http.HttpServer2 (HttpServer2.java:addFilter(958)) - Added filter static_user_filter (class=org.apache.hadoop.http.lib.StaticUserWebFilter$StaticUserFilter) to context static
2019-10-04 08:21:04,074 [main] INFO  http.HttpServer2 (HttpServer2.java:addFilter(958)) - Added filter static_user_filter (class=org.apache.hadoop.http.lib.StaticUserWebFilter$StaticUserFilter) to context logs
2019-10-04 08:21:04,075 [main] INFO  http.HttpServer2 (HttpServer2.java:bindListener(1191)) - Jetty bound to port 38465
2019-10-04 08:21:04,075 [main] INFO  server.Server (Server.java:doStart(351)) - jetty-9.3.25.v20180904, build timestamp: 2018-09-04T21:11:46Z, git hash: 3ce520221d0240229c862b122d2b06c12a625732
2019-10-04 08:21:04,076 [main] INFO  handler.ContextHandler (ContextHandler.java:doStart(781)) - Started o.e.j.s.ServletContextHandler@496cc217{/logs,file:///workdir/hadoop-ozone/integration-test/target/log,AVAILABLE}
2019-10-04 08:21:04,077 [main] INFO  handler.ContextHandler (ContextHandler.java:doStart(781)) - Started o.e.j.s.ServletContextHandler@1cd2ff5b{/static,jar:file:/home/user/.m2/repository/org/apache/hadoop/hadoop-hdds-container-service/0.5.0-SNAPSHOT/hadoop-hdds-container-service-0.5.0-SNAPSHOT.jar!/webapps/static,AVAILABLE}
2019-10-04 08:21:04,102 [main] INFO  handler.ContextHandler (ContextHandler.java:doStart(781)) - Started o.e.j.w.WebAppContext@16d431b4{/,file:///tmp/jetty-0.0.0.0-38465-hddsDatanode-_-any-1916723477460893800.dir/webapp/,AVAILABLE}{/hddsDatanode}
2019-10-04 08:21:04,102 [main] INFO  server.AbstractConnector (AbstractConnector.java:doStart(278)) - Started ServerConnector@6c0b51da{HTTP/1.1,[http/1.1]}{0.0.0.0:38465}
2019-10-04 08:21:04,104 [main] INFO  server.Server (Server.java:doStart(419)) - Started @234052ms
2019-10-04 08:21:04,104 [main] WARN  impl.MetricsSystemImpl (MetricsSystemImpl.java:register(276)) - Sink prometheus already exists!
2019-10-04 08:21:04,104 [main] INFO  server.BaseHttpServer (BaseHttpServer.java:updateConnectorAddress(215)) - HTTP server of HDDSDATANODE is listening at http://0.0.0.0:38465
2019-10-04 08:21:04,104 [main] INFO  impl.MetricsSystemImpl (MetricsSystemImpl.java:init(158)) - HddsDatanode metrics system started (again)
2019-10-04 08:21:04,108 [org.apache.hadoop.util.JvmPauseMonitor$Monitor@6bbc49b9] INFO  util.JvmPauseMonitor (JvmPauseMonitor.java:run(188)) - Starting JVM pause monitor
2019-10-04 08:21:04,109 [main] INFO  ozone.HddsDatanodeService (HddsDatanodeService.java:start(184)) - HddsDatanodeService host:pr-hdds-2230-99mx8-1595754997 ip:192.168.30.44
2019-10-04 08:21:04,110 [Datanode State Machine Thread - 0] INFO  datanode.InitDatanodeState (InitDatanodeState.java:persistContainerDatanodeDetails(140)) - DatanodeDetails is persisted to /workdir/hadoop-ozone/integration-test/target/test-dir/MiniOzoneClusterImpl-50c7e7a2-c4e6-4e08-ad27-ace44f57fbc4/datanode-1/meta/datanode.id
2019-10-04 08:21:04,115 [main] INFO  volume.HddsVolume (HddsVolume.java:<init>(176)) - Creating Volume: /workdir/hadoop-ozone/integration-test/target/test-dir/MiniOzoneClusterImpl-50c7e7a2-c4e6-4e08-ad27-ace44f57fbc4/datanode-2/data/containers/hdds of  storage type : DISK and capacity : 1482555576320
2019-10-04 08:21:04,115 [main] INFO  volume.VolumeSet (VolumeSet.java:initializeVolumeSet(170)) - Added Volume : /workdir/hadoop-ozone/integration-test/target/test-dir/MiniOzoneClusterImpl-50c7e7a2-c4e6-4e08-ad27-ace44f57fbc4/datanode-2/data/containers/hdds to VolumeSet
2019-10-04 08:21:04,115 [main] INFO  volume.ThrottledAsyncChecker (ThrottledAsyncChecker.java:schedule(139)) - Scheduling a check for org.apache.hadoop.ozone.container.common.volume.HddsVolume@6222391a
2019-10-04 08:21:04,116 [main] INFO  volume.HddsVolumeChecker (HddsVolumeChecker.java:checkAllVolumes(202)) - Scheduled health check for volume org.apache.hadoop.ozone.container.common.volume.HddsVolume@6222391a
2019-10-04 08:21:04,128 [main] INFO  impl.RaftServerProxy (ConfUtils.java:logGet(43)) - raft.rpc.type = GRPC (default)
2019-10-04 08:21:04,128 [main] INFO  grpc.GrpcFactory (GrpcFactory.java:checkPooledByteBufAllocatorUseCacheForAllThreads(45)) - PERFORMANCE WARNING: useCacheForAllThreads is true that may cause Netty to create a lot garbage objects and, as a result, trigger GC.
	It is recommended to disable useCacheForAllThreads by setting -Dorg.apache.ratis.thirdparty.io.netty.allocator.useCacheForAllThreads=false in command line.
2019-10-04 08:21:04,128 [main] INFO  grpc.GrpcConfigKeys$Server (ConfUtils.java:logGet(43)) - raft.grpc.server.port = 0 (default)
2019-10-04 08:21:04,129 [main] INFO  server.GrpcService (ConfUtils.java:logGet(43)) - raft.grpc.message.size.max = 33570816 (custom)
2019-10-04 08:21:04,129 [main] INFO  server.RaftServerConfigKeys (ConfUtils.java:logGet(43)) - raft.server.log.appender.buffer.byte-limit = 33554432 (custom)
2019-10-04 08:21:04,129 [main] INFO  server.GrpcService (ConfUtils.java:logGet(43)) - raft.grpc.flow.control.window = 1MB (=1048576) (default)
2019-10-04 08:21:04,129 [main] INFO  server.RaftServerConfigKeys (ConfUtils.java:logGet(43)) - raft.server.rpc.request.timeout = 3000ms (default)
2019-10-04 08:21:04,129 [main] INFO  server.RaftServerConfigKeys (ConfUtils.java:logGet(43)) - raft.server.storage.dir = [/workdir/hadoop-ozone/integration-test/target/test-dir/MiniOzoneClusterImpl-50c7e7a2-c4e6-4e08-ad27-ace44f57fbc4/datanode-2/data/ratis] (custom)
2019-10-04 08:21:04,130 [main] INFO  hdfs.DFSUtil (DFSUtil.java:httpServerTemplateForNNAndJN(1641)) - Starting Web-server for hddsDatanode at: http://0.0.0.0:0
2019-10-04 08:21:04,131 [main] INFO  server.AuthenticationFilter (AuthenticationFilter.java:constructSecretProvider(240)) - Unable to initialize FileSignerSecretProvider, falling back to use random secrets.
2019-10-04 08:21:04,132 [main] WARN  http.HttpRequestLog (HttpRequestLog.java:getRequestLog(97)) - Jetty request log can only be enabled using Log4j
2019-10-04 08:21:04,133 [main] INFO  http.HttpServer2 (HttpServer2.java:addGlobalFilter(975)) - Added global filter 'safety' (class=org.apache.hadoop.http.HttpServer2$QuotingInputFilter)
2019-10-04 08:21:04,133 [main] INFO  http.HttpServer2 (HttpServer2.java:addFilter(948)) - Added filter static_user_filter (class=org.apache.hadoop.http.lib.StaticUserWebFilter$StaticUserFilter) to context hddsDatanode
2019-10-04 08:21:04,133 [main] INFO  http.HttpServer2 (HttpServer2.java:addFilter(958)) - Added filter static_user_filter (class=org.apache.hadoop.http.lib.StaticUserWebFilter$StaticUserFilter) to context static
2019-10-04 08:21:04,134 [main] INFO  http.HttpServer2 (HttpServer2.java:addFilter(958)) - Added filter static_user_filter (class=org.apache.hadoop.http.lib.StaticUserWebFilter$StaticUserFilter) to context logs
2019-10-04 08:21:04,134 [main] INFO  http.HttpServer2 (HttpServer2.java:bindListener(1191)) - Jetty bound to port 33378
2019-10-04 08:21:04,134 [main] INFO  server.Server (Server.java:doStart(351)) - jetty-9.3.25.v20180904, build timestamp: 2018-09-04T21:11:46Z, git hash: 3ce520221d0240229c862b122d2b06c12a625732
2019-10-04 08:21:04,136 [main] INFO  handler.ContextHandler (ContextHandler.java:doStart(781)) - Started o.e.j.s.ServletContextHandler@46f73ffa{/logs,file:///workdir/hadoop-ozone/integration-test/target/log,AVAILABLE}
2019-10-04 08:21:04,136 [main] INFO  handler.ContextHandler (ContextHandler.java:doStart(781)) - Started o.e.j.s.ServletContextHandler@afde064{/static,jar:file:/home/user/.m2/repository/org/apache/hadoop/hadoop-hdds-container-service/0.5.0-SNAPSHOT/hadoop-hdds-container-service-0.5.0-SNAPSHOT.jar!/webapps/static,AVAILABLE}
2019-10-04 08:21:04,162 [main] INFO  handler.ContextHandler (ContextHandler.java:doStart(781)) - Started o.e.j.w.WebAppContext@64656b9e{/,file:///tmp/jetty-0.0.0.0-33378-hddsDatanode-_-any-1889538138383522711.dir/webapp/,AVAILABLE}{/hddsDatanode}
2019-10-04 08:21:04,163 [main] INFO  server.AbstractConnector (AbstractConnector.java:doStart(278)) - Started ServerConnector@6870cfac{HTTP/1.1,[http/1.1]}{0.0.0.0:33378}
2019-10-04 08:21:04,165 [main] INFO  server.Server (Server.java:doStart(419)) - Started @234113ms
2019-10-04 08:21:04,165 [main] WARN  impl.MetricsSystemImpl (MetricsSystemImpl.java:register(276)) - Sink prometheus already exists!
2019-10-04 08:21:04,165 [main] INFO  server.BaseHttpServer (BaseHttpServer.java:updateConnectorAddress(215)) - HTTP server of HDDSDATANODE is listening at http://0.0.0.0:33378
2019-10-04 08:21:04,166 [main] INFO  impl.MetricsSystemImpl (MetricsSystemImpl.java:init(158)) - HddsDatanode metrics system started (again)
2019-10-04 08:21:04,170 [org.apache.hadoop.util.JvmPauseMonitor$Monitor@8f6ada9] INFO  util.JvmPauseMonitor (JvmPauseMonitor.java:run(188)) - Starting JVM pause monitor
2019-10-04 08:21:04,170 [main] INFO  ozone.HddsDatanodeService (HddsDatanodeService.java:start(184)) - HddsDatanodeService host:pr-hdds-2230-99mx8-1595754997 ip:192.168.30.44
2019-10-04 08:21:04,171 [Datanode State Machine Thread - 0] INFO  datanode.InitDatanodeState (InitDatanodeState.java:persistContainerDatanodeDetails(140)) - DatanodeDetails is persisted to /workdir/hadoop-ozone/integration-test/target/test-dir/MiniOzoneClusterImpl-50c7e7a2-c4e6-4e08-ad27-ace44f57fbc4/datanode-2/meta/datanode.id
2019-10-04 08:21:04,176 [main] INFO  volume.HddsVolume (HddsVolume.java:<init>(176)) - Creating Volume: /workdir/hadoop-ozone/integration-test/target/test-dir/MiniOzoneClusterImpl-50c7e7a2-c4e6-4e08-ad27-ace44f57fbc4/datanode-3/data/containers/hdds of  storage type : DISK and capacity : 1482555576320
2019-10-04 08:21:04,177 [main] INFO  volume.VolumeSet (VolumeSet.java:initializeVolumeSet(170)) - Added Volume : /workdir/hadoop-ozone/integration-test/target/test-dir/MiniOzoneClusterImpl-50c7e7a2-c4e6-4e08-ad27-ace44f57fbc4/datanode-3/data/containers/hdds to VolumeSet
2019-10-04 08:21:04,177 [main] INFO  volume.ThrottledAsyncChecker (ThrottledAsyncChecker.java:schedule(139)) - Scheduling a check for org.apache.hadoop.ozone.container.common.volume.HddsVolume@7d0cd23c
2019-10-04 08:21:04,177 [main] INFO  volume.HddsVolumeChecker (HddsVolumeChecker.java:checkAllVolumes(202)) - Scheduled health check for volume org.apache.hadoop.ozone.container.common.volume.HddsVolume@7d0cd23c
2019-10-04 08:21:04,189 [main] INFO  impl.RaftServerProxy (ConfUtils.java:logGet(43)) - raft.rpc.type = GRPC (default)
2019-10-04 08:21:04,189 [main] INFO  grpc.GrpcFactory (GrpcFactory.java:checkPooledByteBufAllocatorUseCacheForAllThreads(45)) - PERFORMANCE WARNING: useCacheForAllThreads is true that may cause Netty to create a lot garbage objects and, as a result, trigger GC.
	It is recommended to disable useCacheForAllThreads by setting -Dorg.apache.ratis.thirdparty.io.netty.allocator.useCacheForAllThreads=false in command line.
2019-10-04 08:21:04,189 [main] INFO  grpc.GrpcConfigKeys$Server (ConfUtils.java:logGet(43)) - raft.grpc.server.port = 0 (default)
2019-10-04 08:21:04,190 [main] INFO  server.GrpcService (ConfUtils.java:logGet(43)) - raft.grpc.message.size.max = 33570816 (custom)
2019-10-04 08:21:04,190 [main] INFO  server.RaftServerConfigKeys (ConfUtils.java:logGet(43)) - raft.server.log.appender.buffer.byte-limit = 33554432 (custom)
2019-10-04 08:21:04,190 [main] INFO  server.GrpcService (ConfUtils.java:logGet(43)) - raft.grpc.flow.control.window = 1MB (=1048576) (default)
2019-10-04 08:21:04,190 [main] INFO  server.RaftServerConfigKeys (ConfUtils.java:logGet(43)) - raft.server.rpc.request.timeout = 3000ms (default)
2019-10-04 08:21:04,190 [main] INFO  server.RaftServerConfigKeys (ConfUtils.java:logGet(43)) - raft.server.storage.dir = [/workdir/hadoop-ozone/integration-test/target/test-dir/MiniOzoneClusterImpl-50c7e7a2-c4e6-4e08-ad27-ace44f57fbc4/datanode-3/data/ratis] (custom)
2019-10-04 08:21:04,192 [main] INFO  hdfs.DFSUtil (DFSUtil.java:httpServerTemplateForNNAndJN(1641)) - Starting Web-server for hddsDatanode at: http://0.0.0.0:0
2019-10-04 08:21:04,193 [main] INFO  server.AuthenticationFilter (AuthenticationFilter.java:constructSecretProvider(240)) - Unable to initialize FileSignerSecretProvider, falling back to use random secrets.
2019-10-04 08:21:04,193 [main] WARN  http.HttpRequestLog (HttpRequestLog.java:getRequestLog(97)) - Jetty request log can only be enabled using Log4j
2019-10-04 08:21:04,194 [main] INFO  http.HttpServer2 (HttpServer2.java:addGlobalFilter(975)) - Added global filter 'safety' (class=org.apache.hadoop.http.HttpServer2$QuotingInputFilter)
2019-10-04 08:21:04,194 [main] INFO  http.HttpServer2 (HttpServer2.java:addFilter(948)) - Added filter static_user_filter (class=org.apache.hadoop.http.lib.StaticUserWebFilter$StaticUserFilter) to context hddsDatanode
2019-10-04 08:21:04,194 [main] INFO  http.HttpServer2 (HttpServer2.java:addFilter(958)) - Added filter static_user_filter (class=org.apache.hadoop.http.lib.StaticUserWebFilter$StaticUserFilter) to context logs
2019-10-04 08:21:04,195 [main] INFO  http.HttpServer2 (HttpServer2.java:addFilter(958)) - Added filter static_user_filter (class=org.apache.hadoop.http.lib.StaticUserWebFilter$StaticUserFilter) to context static
2019-10-04 08:21:04,195 [main] INFO  http.HttpServer2 (HttpServer2.java:bindListener(1191)) - Jetty bound to port 33967
2019-10-04 08:21:04,195 [main] INFO  server.Server (Server.java:doStart(351)) - jetty-9.3.25.v20180904, build timestamp: 2018-09-04T21:11:46Z, git hash: 3ce520221d0240229c862b122d2b06c12a625732
2019-10-04 08:21:04,197 [main] INFO  handler.ContextHandler (ContextHandler.java:doStart(781)) - Started o.e.j.s.ServletContextHandler@6459f4ea{/logs,file:///workdir/hadoop-ozone/integration-test/target/log,AVAILABLE}
2019-10-04 08:21:04,197 [main] INFO  handler.ContextHandler (ContextHandler.java:doStart(781)) - Started o.e.j.s.ServletContextHandler@476fde05{/static,jar:file:/home/user/.m2/repository/org/apache/hadoop/hadoop-hdds-container-service/0.5.0-SNAPSHOT/hadoop-hdds-container-service-0.5.0-SNAPSHOT.jar!/webapps/static,AVAILABLE}
2019-10-04 08:21:04,223 [main] INFO  handler.ContextHandler (ContextHandler.java:doStart(781)) - Started o.e.j.w.WebAppContext@212fafd1{/,file:///tmp/jetty-0.0.0.0-33967-hddsDatanode-_-any-1687024793041633660.dir/webapp/,AVAILABLE}{/hddsDatanode}
2019-10-04 08:21:04,223 [main] INFO  server.AbstractConnector (AbstractConnector.java:doStart(278)) - Started ServerConnector@448462f0{HTTP/1.1,[http/1.1]}{0.0.0.0:33967}
2019-10-04 08:21:04,225 [main] INFO  server.Server (Server.java:doStart(419)) - Started @234173ms
2019-10-04 08:21:04,225 [main] WARN  impl.MetricsSystemImpl (MetricsSystemImpl.java:register(276)) - Sink prometheus already exists!
2019-10-04 08:21:04,225 [main] INFO  server.BaseHttpServer (BaseHttpServer.java:updateConnectorAddress(215)) - HTTP server of HDDSDATANODE is listening at http://0.0.0.0:33967
2019-10-04 08:21:04,226 [main] INFO  impl.MetricsSystemImpl (MetricsSystemImpl.java:init(158)) - HddsDatanode metrics system started (again)
2019-10-04 08:21:04,231 [org.apache.hadoop.util.JvmPauseMonitor$Monitor@350aadc8] INFO  util.JvmPauseMonitor (JvmPauseMonitor.java:run(188)) - Starting JVM pause monitor
2019-10-04 08:21:04,232 [main] INFO  ozone.HddsDatanodeService (HddsDatanodeService.java:start(184)) - HddsDatanodeService host:pr-hdds-2230-99mx8-1595754997 ip:192.168.30.44
2019-10-04 08:21:04,233 [Datanode State Machine Thread - 0] INFO  datanode.InitDatanodeState (InitDatanodeState.java:persistContainerDatanodeDetails(140)) - DatanodeDetails is persisted to /workdir/hadoop-ozone/integration-test/target/test-dir/MiniOzoneClusterImpl-50c7e7a2-c4e6-4e08-ad27-ace44f57fbc4/datanode-3/meta/datanode.id
2019-10-04 08:21:04,239 [main] INFO  volume.HddsVolume (HddsVolume.java:<init>(176)) - Creating Volume: /workdir/hadoop-ozone/integration-test/target/test-dir/MiniOzoneClusterImpl-50c7e7a2-c4e6-4e08-ad27-ace44f57fbc4/datanode-4/data/containers/hdds of  storage type : DISK and capacity : 1482555576320
2019-10-04 08:21:04,239 [main] INFO  volume.VolumeSet (VolumeSet.java:initializeVolumeSet(170)) - Added Volume : /workdir/hadoop-ozone/integration-test/target/test-dir/MiniOzoneClusterImpl-50c7e7a2-c4e6-4e08-ad27-ace44f57fbc4/datanode-4/data/containers/hdds to VolumeSet
2019-10-04 08:21:04,239 [main] INFO  volume.ThrottledAsyncChecker (ThrottledAsyncChecker.java:schedule(139)) - Scheduling a check for org.apache.hadoop.ozone.container.common.volume.HddsVolume@5fb3111a
2019-10-04 08:21:04,240 [main] INFO  volume.HddsVolumeChecker (HddsVolumeChecker.java:checkAllVolumes(202)) - Scheduled health check for volume org.apache.hadoop.ozone.container.common.volume.HddsVolume@5fb3111a
2019-10-04 08:21:04,257 [main] INFO  impl.RaftServerProxy (ConfUtils.java:logGet(43)) - raft.rpc.type = GRPC (default)
2019-10-04 08:21:04,257 [main] INFO  grpc.GrpcFactory (GrpcFactory.java:checkPooledByteBufAllocatorUseCacheForAllThreads(45)) - PERFORMANCE WARNING: useCacheForAllThreads is true that may cause Netty to create a lot garbage objects and, as a result, trigger GC.
	It is recommended to disable useCacheForAllThreads by setting -Dorg.apache.ratis.thirdparty.io.netty.allocator.useCacheForAllThreads=false in command line.
2019-10-04 08:21:04,257 [main] INFO  grpc.GrpcConfigKeys$Server (ConfUtils.java:logGet(43)) - raft.grpc.server.port = 0 (default)
2019-10-04 08:21:04,258 [main] INFO  server.GrpcService (ConfUtils.java:logGet(43)) - raft.grpc.message.size.max = 33570816 (custom)
2019-10-04 08:21:04,258 [main] INFO  server.RaftServerConfigKeys (ConfUtils.java:logGet(43)) - raft.server.log.appender.buffer.byte-limit = 33554432 (custom)
2019-10-04 08:21:04,258 [main] INFO  server.GrpcService (ConfUtils.java:logGet(43)) - raft.grpc.flow.control.window = 1MB (=1048576) (default)
2019-10-04 08:21:04,258 [main] INFO  server.RaftServerConfigKeys (ConfUtils.java:logGet(43)) - raft.server.rpc.request.timeout = 3000ms (default)
2019-10-04 08:21:04,259 [main] INFO  server.RaftServerConfigKeys (ConfUtils.java:logGet(43)) - raft.server.storage.dir = [/workdir/hadoop-ozone/integration-test/target/test-dir/MiniOzoneClusterImpl-50c7e7a2-c4e6-4e08-ad27-ace44f57fbc4/datanode-4/data/ratis] (custom)
2019-10-04 08:21:04,260 [main] INFO  hdfs.DFSUtil (DFSUtil.java:httpServerTemplateForNNAndJN(1641)) - Starting Web-server for hddsDatanode at: http://0.0.0.0:0
2019-10-04 08:21:04,261 [main] INFO  server.AuthenticationFilter (AuthenticationFilter.java:constructSecretProvider(240)) - Unable to initialize FileSignerSecretProvider, falling back to use random secrets.
2019-10-04 08:21:04,262 [main] WARN  http.HttpRequestLog (HttpRequestLog.java:getRequestLog(97)) - Jetty request log can only be enabled using Log4j
2019-10-04 08:21:04,264 [main] INFO  http.HttpServer2 (HttpServer2.java:addGlobalFilter(975)) - Added global filter 'safety' (class=org.apache.hadoop.http.HttpServer2$QuotingInputFilter)
2019-10-04 08:21:04,264 [main] INFO  http.HttpServer2 (HttpServer2.java:addFilter(948)) - Added filter static_user_filter (class=org.apache.hadoop.http.lib.StaticUserWebFilter$StaticUserFilter) to context hddsDatanode
2019-10-04 08:21:04,265 [main] INFO  http.HttpServer2 (HttpServer2.java:addFilter(958)) - Added filter static_user_filter (class=org.apache.hadoop.http.lib.StaticUserWebFilter$StaticUserFilter) to context logs
2019-10-04 08:21:04,265 [main] INFO  http.HttpServer2 (HttpServer2.java:addFilter(958)) - Added filter static_user_filter (class=org.apache.hadoop.http.lib.StaticUserWebFilter$StaticUserFilter) to context static
2019-10-04 08:21:04,266 [main] INFO  http.HttpServer2 (HttpServer2.java:bindListener(1191)) - Jetty bound to port 40664
2019-10-04 08:21:04,266 [main] INFO  server.Server (Server.java:doStart(351)) - jetty-9.3.25.v20180904, build timestamp: 2018-09-04T21:11:46Z, git hash: 3ce520221d0240229c862b122d2b06c12a625732
2019-10-04 08:21:04,269 [main] INFO  handler.ContextHandler (ContextHandler.java:doStart(781)) - Started o.e.j.s.ServletContextHandler@4602f874{/logs,file:///workdir/hadoop-ozone/integration-test/target/log,AVAILABLE}
2019-10-04 08:21:04,269 [main] INFO  handler.ContextHandler (ContextHandler.java:doStart(781)) - Started o.e.j.s.ServletContextHandler@353c6da1{/static,jar:file:/home/user/.m2/repository/org/apache/hadoop/hadoop-hdds-container-service/0.5.0-SNAPSHOT/hadoop-hdds-container-service-0.5.0-SNAPSHOT.jar!/webapps/static,AVAILABLE}
2019-10-04 08:21:04,299 [main] INFO  handler.ContextHandler (ContextHandler.java:doStart(781)) - Started o.e.j.w.WebAppContext@3457cc8d{/,file:///tmp/jetty-0.0.0.0-40664-hddsDatanode-_-any-7423815887164075331.dir/webapp/,AVAILABLE}{/hddsDatanode}
2019-10-04 08:21:04,300 [main] INFO  server.AbstractConnector (AbstractConnector.java:doStart(278)) - Started ServerConnector@7a66c35a{HTTP/1.1,[http/1.1]}{0.0.0.0:40664}
2019-10-04 08:21:04,302 [main] INFO  server.Server (Server.java:doStart(419)) - Started @234248ms
2019-10-04 08:21:04,302 [main] WARN  impl.MetricsSystemImpl (MetricsSystemImpl.java:register(276)) - Sink prometheus already exists!
2019-10-04 08:21:04,303 [main] INFO  server.BaseHttpServer (BaseHttpServer.java:updateConnectorAddress(215)) - HTTP server of HDDSDATANODE is listening at http://0.0.0.0:40664
2019-10-04 08:21:04,303 [main] INFO  impl.MetricsSystemImpl (MetricsSystemImpl.java:init(158)) - HddsDatanode metrics system started (again)
2019-10-04 08:21:04,308 [org.apache.hadoop.util.JvmPauseMonitor$Monitor@4fe4b13a] INFO  util.JvmPauseMonitor (JvmPauseMonitor.java:run(188)) - Starting JVM pause monitor
2019-10-04 08:21:04,309 [main] INFO  ozone.HddsDatanodeService (HddsDatanodeService.java:start(184)) - HddsDatanodeService host:pr-hdds-2230-99mx8-1595754997 ip:192.168.30.44
2019-10-04 08:21:04,310 [Datanode State Machine Thread - 0] INFO  datanode.InitDatanodeState (InitDatanodeState.java:persistContainerDatanodeDetails(140)) - DatanodeDetails is persisted to /workdir/hadoop-ozone/integration-test/target/test-dir/MiniOzoneClusterImpl-50c7e7a2-c4e6-4e08-ad27-ace44f57fbc4/datanode-4/meta/datanode.id
2019-10-04 08:21:04,316 [main] INFO  volume.HddsVolume (HddsVolume.java:<init>(176)) - Creating Volume: /workdir/hadoop-ozone/integration-test/target/test-dir/MiniOzoneClusterImpl-50c7e7a2-c4e6-4e08-ad27-ace44f57fbc4/datanode-5/data/containers/hdds of  storage type : DISK and capacity : 1482555576320
2019-10-04 08:21:04,316 [main] INFO  volume.VolumeSet (VolumeSet.java:initializeVolumeSet(170)) - Added Volume : /workdir/hadoop-ozone/integration-test/target/test-dir/MiniOzoneClusterImpl-50c7e7a2-c4e6-4e08-ad27-ace44f57fbc4/datanode-5/data/containers/hdds to VolumeSet
2019-10-04 08:21:04,316 [main] INFO  volume.ThrottledAsyncChecker (ThrottledAsyncChecker.java:schedule(139)) - Scheduling a check for org.apache.hadoop.ozone.container.common.volume.HddsVolume@27ec8754
2019-10-04 08:21:04,316 [main] INFO  volume.HddsVolumeChecker (HddsVolumeChecker.java:checkAllVolumes(202)) - Scheduled health check for volume org.apache.hadoop.ozone.container.common.volume.HddsVolume@27ec8754
2019-10-04 08:21:04,329 [main] INFO  impl.RaftServerProxy (ConfUtils.java:logGet(43)) - raft.rpc.type = GRPC (default)
2019-10-04 08:21:04,330 [main] INFO  grpc.GrpcFactory (GrpcFactory.java:checkPooledByteBufAllocatorUseCacheForAllThreads(45)) - PERFORMANCE WARNING: useCacheForAllThreads is true that may cause Netty to create a lot garbage objects and, as a result, trigger GC.
	It is recommended to disable useCacheForAllThreads by setting -Dorg.apache.ratis.thirdparty.io.netty.allocator.useCacheForAllThreads=false in command line.
2019-10-04 08:21:04,330 [main] INFO  grpc.GrpcConfigKeys$Server (ConfUtils.java:logGet(43)) - raft.grpc.server.port = 0 (default)
2019-10-04 08:21:04,330 [main] INFO  server.GrpcService (ConfUtils.java:logGet(43)) - raft.grpc.message.size.max = 33570816 (custom)
2019-10-04 08:21:04,330 [main] INFO  server.RaftServerConfigKeys (ConfUtils.java:logGet(43)) - raft.server.log.appender.buffer.byte-limit = 33554432 (custom)
2019-10-04 08:21:04,330 [main] INFO  server.GrpcService (ConfUtils.java:logGet(43)) - raft.grpc.flow.control.window = 1MB (=1048576) (default)
2019-10-04 08:21:04,330 [main] INFO  server.RaftServerConfigKeys (ConfUtils.java:logGet(43)) - raft.server.rpc.request.timeout = 3000ms (default)
2019-10-04 08:21:04,331 [main] INFO  server.RaftServerConfigKeys (ConfUtils.java:logGet(43)) - raft.server.storage.dir = [/workdir/hadoop-ozone/integration-test/target/test-dir/MiniOzoneClusterImpl-50c7e7a2-c4e6-4e08-ad27-ace44f57fbc4/datanode-5/data/ratis] (custom)
2019-10-04 08:21:04,332 [main] INFO  hdfs.DFSUtil (DFSUtil.java:httpServerTemplateForNNAndJN(1641)) - Starting Web-server for hddsDatanode at: http://0.0.0.0:0
2019-10-04 08:21:04,332 [main] INFO  server.AuthenticationFilter (AuthenticationFilter.java:constructSecretProvider(240)) - Unable to initialize FileSignerSecretProvider, falling back to use random secrets.
2019-10-04 08:21:04,333 [main] WARN  http.HttpRequestLog (HttpRequestLog.java:getRequestLog(97)) - Jetty request log can only be enabled using Log4j
2019-10-04 08:21:04,334 [main] INFO  http.HttpServer2 (HttpServer2.java:addGlobalFilter(975)) - Added global filter 'safety' (class=org.apache.hadoop.http.HttpServer2$QuotingInputFilter)
2019-10-04 08:21:04,334 [main] INFO  http.HttpServer2 (HttpServer2.java:addFilter(948)) - Added filter static_user_filter (class=org.apache.hadoop.http.lib.StaticUserWebFilter$StaticUserFilter) to context hddsDatanode
2019-10-04 08:21:04,334 [main] INFO  http.HttpServer2 (HttpServer2.java:addFilter(958)) - Added filter static_user_filter (class=org.apache.hadoop.http.lib.StaticUserWebFilter$StaticUserFilter) to context logs
2019-10-04 08:21:04,334 [main] INFO  http.HttpServer2 (HttpServer2.java:addFilter(958)) - Added filter static_user_filter (class=org.apache.hadoop.http.lib.StaticUserWebFilter$StaticUserFilter) to context static
2019-10-04 08:21:04,335 [main] INFO  http.HttpServer2 (HttpServer2.java:bindListener(1191)) - Jetty bound to port 34892
2019-10-04 08:21:04,335 [main] INFO  server.Server (Server.java:doStart(351)) - jetty-9.3.25.v20180904, build timestamp: 2018-09-04T21:11:46Z, git hash: 3ce520221d0240229c862b122d2b06c12a625732
2019-10-04 08:21:04,337 [main] INFO  handler.ContextHandler (ContextHandler.java:doStart(781)) - Started o.e.j.s.ServletContextHandler@46468f0{/logs,file:///workdir/hadoop-ozone/integration-test/target/log,AVAILABLE}
2019-10-04 08:21:04,337 [main] INFO  handler.ContextHandler (ContextHandler.java:doStart(781)) - Started o.e.j.s.ServletContextHandler@34a6d9db{/static,jar:file:/home/user/.m2/repository/org/apache/hadoop/hadoop-hdds-container-service/0.5.0-SNAPSHOT/hadoop-hdds-container-service-0.5.0-SNAPSHOT.jar!/webapps/static,AVAILABLE}
2019-10-04 08:21:04,363 [main] INFO  handler.ContextHandler (ContextHandler.java:doStart(781)) - Started o.e.j.w.WebAppContext@4cc12db2{/,file:///tmp/jetty-0.0.0.0-34892-hddsDatanode-_-any-6096263475076438495.dir/webapp/,AVAILABLE}{/hddsDatanode}
2019-10-04 08:21:04,364 [main] INFO  server.AbstractConnector (AbstractConnector.java:doStart(278)) - Started ServerConnector@5ea7bc4{HTTP/1.1,[http/1.1]}{0.0.0.0:34892}
2019-10-04 08:21:04,366 [main] INFO  server.Server (Server.java:doStart(419)) - Started @234314ms
2019-10-04 08:21:04,366 [main] WARN  impl.MetricsSystemImpl (MetricsSystemImpl.java:register(276)) - Sink prometheus already exists!
2019-10-04 08:21:04,367 [main] INFO  server.BaseHttpServer (BaseHttpServer.java:updateConnectorAddress(215)) - HTTP server of HDDSDATANODE is listening at http://0.0.0.0:34892
2019-10-04 08:21:04,367 [main] INFO  impl.MetricsSystemImpl (MetricsSystemImpl.java:init(158)) - HddsDatanode metrics system started (again)
2019-10-04 08:21:04,372 [org.apache.hadoop.util.JvmPauseMonitor$Monitor@5534d0f7] INFO  util.JvmPauseMonitor (JvmPauseMonitor.java:run(188)) - Starting JVM pause monitor
2019-10-04 08:21:04,374 [main] INFO  ozone.HddsDatanodeService (HddsDatanodeService.java:start(184)) - HddsDatanodeService host:pr-hdds-2230-99mx8-1595754997 ip:192.168.30.44
2019-10-04 08:21:04,374 [Datanode State Machine Thread - 0] INFO  datanode.InitDatanodeState (InitDatanodeState.java:persistContainerDatanodeDetails(140)) - DatanodeDetails is persisted to /workdir/hadoop-ozone/integration-test/target/test-dir/MiniOzoneClusterImpl-50c7e7a2-c4e6-4e08-ad27-ace44f57fbc4/datanode-5/meta/datanode.id
2019-10-04 08:21:04,380 [main] INFO  volume.HddsVolume (HddsVolume.java:<init>(176)) - Creating Volume: /workdir/hadoop-ozone/integration-test/target/test-dir/MiniOzoneClusterImpl-50c7e7a2-c4e6-4e08-ad27-ace44f57fbc4/datanode-6/data/containers/hdds of  storage type : DISK and capacity : 1482555576320
2019-10-04 08:21:04,381 [main] INFO  volume.VolumeSet (VolumeSet.java:initializeVolumeSet(170)) - Added Volume : /workdir/hadoop-ozone/integration-test/target/test-dir/MiniOzoneClusterImpl-50c7e7a2-c4e6-4e08-ad27-ace44f57fbc4/datanode-6/data/containers/hdds to VolumeSet
2019-10-04 08:21:04,381 [main] INFO  volume.ThrottledAsyncChecker (ThrottledAsyncChecker.java:schedule(139)) - Scheduling a check for org.apache.hadoop.ozone.container.common.volume.HddsVolume@39c87b42
2019-10-04 08:21:04,381 [main] INFO  volume.HddsVolumeChecker (HddsVolumeChecker.java:checkAllVolumes(202)) - Scheduled health check for volume org.apache.hadoop.ozone.container.common.volume.HddsVolume@39c87b42
2019-10-04 08:21:04,400 [main] INFO  impl.RaftServerProxy (ConfUtils.java:logGet(43)) - raft.rpc.type = GRPC (default)
2019-10-04 08:21:04,400 [main] INFO  grpc.GrpcFactory (GrpcFactory.java:checkPooledByteBufAllocatorUseCacheForAllThreads(45)) - PERFORMANCE WARNING: useCacheForAllThreads is true that may cause Netty to create a lot garbage objects and, as a result, trigger GC.
	It is recommended to disable useCacheForAllThreads by setting -Dorg.apache.ratis.thirdparty.io.netty.allocator.useCacheForAllThreads=false in command line.
2019-10-04 08:21:04,400 [main] INFO  grpc.GrpcConfigKeys$Server (ConfUtils.java:logGet(43)) - raft.grpc.server.port = 0 (default)
2019-10-04 08:21:04,401 [main] INFO  server.GrpcService (ConfUtils.java:logGet(43)) - raft.grpc.message.size.max = 33570816 (custom)
2019-10-04 08:21:04,401 [main] INFO  server.RaftServerConfigKeys (ConfUtils.java:logGet(43)) - raft.server.log.appender.buffer.byte-limit = 33554432 (custom)
2019-10-04 08:21:04,401 [main] INFO  server.GrpcService (ConfUtils.java:logGet(43)) - raft.grpc.flow.control.window = 1MB (=1048576) (default)
2019-10-04 08:21:04,402 [main] INFO  server.RaftServerConfigKeys (ConfUtils.java:logGet(43)) - raft.server.rpc.request.timeout = 3000ms (default)
2019-10-04 08:21:04,402 [main] INFO  server.RaftServerConfigKeys (ConfUtils.java:logGet(43)) - raft.server.storage.dir = [/workdir/hadoop-ozone/integration-test/target/test-dir/MiniOzoneClusterImpl-50c7e7a2-c4e6-4e08-ad27-ace44f57fbc4/datanode-6/data/ratis] (custom)
2019-10-04 08:21:04,403 [main] INFO  hdfs.DFSUtil (DFSUtil.java:httpServerTemplateForNNAndJN(1641)) - Starting Web-server for hddsDatanode at: http://0.0.0.0:0
2019-10-04 08:21:04,405 [main] INFO  server.AuthenticationFilter (AuthenticationFilter.java:constructSecretProvider(240)) - Unable to initialize FileSignerSecretProvider, falling back to use random secrets.
2019-10-04 08:21:04,405 [main] WARN  http.HttpRequestLog (HttpRequestLog.java:getRequestLog(97)) - Jetty request log can only be enabled using Log4j
2019-10-04 08:21:04,407 [main] INFO  http.HttpServer2 (HttpServer2.java:addGlobalFilter(975)) - Added global filter 'safety' (class=org.apache.hadoop.http.HttpServer2$QuotingInputFilter)
2019-10-04 08:21:04,408 [main] INFO  http.HttpServer2 (HttpServer2.java:addFilter(948)) - Added filter static_user_filter (class=org.apache.hadoop.http.lib.StaticUserWebFilter$StaticUserFilter) to context hddsDatanode
2019-10-04 08:21:04,408 [main] INFO  http.HttpServer2 (HttpServer2.java:addFilter(958)) - Added filter static_user_filter (class=org.apache.hadoop.http.lib.StaticUserWebFilter$StaticUserFilter) to context logs
2019-10-04 08:21:04,408 [main] INFO  http.HttpServer2 (HttpServer2.java:addFilter(958)) - Added filter static_user_filter (class=org.apache.hadoop.http.lib.StaticUserWebFilter$StaticUserFilter) to context static
2019-10-04 08:21:04,409 [main] INFO  http.HttpServer2 (HttpServer2.java:bindListener(1191)) - Jetty bound to port 32837
2019-10-04 08:21:04,409 [main] INFO  server.Server (Server.java:doStart(351)) - jetty-9.3.25.v20180904, build timestamp: 2018-09-04T21:11:46Z, git hash: 3ce520221d0240229c862b122d2b06c12a625732
2019-10-04 08:21:04,411 [main] INFO  handler.ContextHandler (ContextHandler.java:doStart(781)) - Started o.e.j.s.ServletContextHandler@70b48eb3{/logs,file:///workdir/hadoop-ozone/integration-test/target/log,AVAILABLE}
2019-10-04 08:21:04,411 [main] INFO  handler.ContextHandler (ContextHandler.java:doStart(781)) - Started o.e.j.s.ServletContextHandler@a91119b{/static,jar:file:/home/user/.m2/repository/org/apache/hadoop/hadoop-hdds-container-service/0.5.0-SNAPSHOT/hadoop-hdds-container-service-0.5.0-SNAPSHOT.jar!/webapps/static,AVAILABLE}
2019-10-04 08:21:04,439 [main] INFO  handler.ContextHandler (ContextHandler.java:doStart(781)) - Started o.e.j.w.WebAppContext@70d4f672{/,file:///tmp/jetty-0.0.0.0-32837-hddsDatanode-_-any-1853214979788787083.dir/webapp/,AVAILABLE}{/hddsDatanode}
2019-10-04 08:21:04,439 [main] INFO  server.AbstractConnector (AbstractConnector.java:doStart(278)) - Started ServerConnector@68dfda77{HTTP/1.1,[http/1.1]}{0.0.0.0:32837}
2019-10-04 08:21:04,441 [main] INFO  server.Server (Server.java:doStart(419)) - Started @234389ms
2019-10-04 08:21:04,441 [main] WARN  impl.MetricsSystemImpl (MetricsSystemImpl.java:register(276)) - Sink prometheus already exists!
2019-10-04 08:21:04,442 [main] INFO  server.BaseHttpServer (BaseHttpServer.java:updateConnectorAddress(215)) - HTTP server of HDDSDATANODE is listening at http://0.0.0.0:32837
2019-10-04 08:21:04,442 [main] INFO  ozone.MiniOzoneClusterImpl (MiniOzoneClusterImpl.java:lambda$waitForClusterToBeReady$0(147)) - Waiting for cluster to be ready. Got 0 of 7 DN Heartbeats.
2019-10-04 08:21:04,444 [org.apache.hadoop.util.JvmPauseMonitor$Monitor@3ea2a95d] INFO  util.JvmPauseMonitor (JvmPauseMonitor.java:run(188)) - Starting JVM pause monitor
2019-10-04 08:21:04,445 [Datanode State Machine Thread - 0] INFO  datanode.InitDatanodeState (InitDatanodeState.java:persistContainerDatanodeDetails(140)) - DatanodeDetails is persisted to /workdir/hadoop-ozone/integration-test/target/test-dir/MiniOzoneClusterImpl-50c7e7a2-c4e6-4e08-ad27-ace44f57fbc4/datanode-6/meta/datanode.id
2019-10-04 08:21:05,443 [main] INFO  ozone.MiniOzoneClusterImpl (MiniOzoneClusterImpl.java:lambda$waitForClusterToBeReady$0(147)) - Waiting for cluster to be ready. Got 0 of 7 DN Heartbeats.
2019-10-04 08:21:06,111 [Datanode State Machine Thread - 0] INFO  ozoneimpl.OzoneContainer (OzoneContainer.java:start(217)) - Attempting to start container services.
2019-10-04 08:21:06,111 [Datanode State Machine Thread - 0] INFO  ozoneimpl.OzoneContainer (OzoneContainer.java:startContainerScrub(179)) - Background container scanner has been disabled.
2019-10-04 08:21:06,113 [Datanode State Machine Thread - 0] INFO  ratis.XceiverServerRatis (XceiverServerRatis.java:start(417)) - Starting XceiverServerRatis 65bce08d-3171-40f2-9f47-38fb362c13a7 at port 0
2019-10-04 08:21:06,119 [Datanode State Machine Thread - 0] INFO  impl.RaftServerProxy (RaftServerProxy.java:lambda$start$3(299)) - 65bce08d-3171-40f2-9f47-38fb362c13a7: start RPC server
2019-10-04 08:21:06,121 [Datanode State Machine Thread - 0] INFO  server.GrpcService (GrpcService.java:startImpl(158)) - 65bce08d-3171-40f2-9f47-38fb362c13a7: GrpcService started, listening on 0.0.0.0/0.0.0.0:40861
2019-10-04 08:21:06,121 [Datanode State Machine Thread - 0] INFO  ratis.XceiverServerRatis (XceiverServerRatis.java:start(427)) - XceiverServerRatis 65bce08d-3171-40f2-9f47-38fb362c13a7 is started using port 40861
2019-10-04 08:21:06,123 [Datanode State Machine Thread - 0] INFO  server.XceiverServerGrpc (XceiverServerGrpc.java:start(149)) - XceiverServerGrpc 65bce08d-3171-40f2-9f47-38fb362c13a7 is started using port 37426
2019-10-04 08:21:06,136 [Datanode State Machine Thread - 0] INFO  ozoneimpl.OzoneContainer (OzoneContainer.java:start(217)) - Attempting to start container services.
2019-10-04 08:21:06,137 [Datanode State Machine Thread - 0] INFO  ozoneimpl.OzoneContainer (OzoneContainer.java:startContainerScrub(179)) - Background container scanner has been disabled.
2019-10-04 08:21:06,137 [Datanode State Machine Thread - 0] INFO  ratis.XceiverServerRatis (XceiverServerRatis.java:start(417)) - Starting XceiverServerRatis 0c69f7ff-6154-4442-b28b-f48999afb2ed at port 0
2019-10-04 08:21:06,142 [Datanode State Machine Thread - 0] INFO  impl.RaftServerProxy (RaftServerProxy.java:lambda$start$3(299)) - 0c69f7ff-6154-4442-b28b-f48999afb2ed: start RPC server
2019-10-04 08:21:06,149 [Datanode State Machine Thread - 0] INFO  server.GrpcService (GrpcService.java:startImpl(158)) - 0c69f7ff-6154-4442-b28b-f48999afb2ed: GrpcService started, listening on 0.0.0.0/0.0.0.0:41108
2019-10-04 08:21:06,149 [Datanode State Machine Thread - 0] INFO  ratis.XceiverServerRatis (XceiverServerRatis.java:start(427)) - XceiverServerRatis 0c69f7ff-6154-4442-b28b-f48999afb2ed is started using port 41108
2019-10-04 08:21:06,150 [Datanode State Machine Thread - 0] INFO  server.XceiverServerGrpc (XceiverServerGrpc.java:start(149)) - XceiverServerGrpc 0c69f7ff-6154-4442-b28b-f48999afb2ed is started using port 37114
2019-10-04 08:21:06,207 [Datanode State Machine Thread - 0] INFO  ozoneimpl.OzoneContainer (OzoneContainer.java:start(217)) - Attempting to start container services.
2019-10-04 08:21:06,207 [Datanode State Machine Thread - 0] INFO  ozoneimpl.OzoneContainer (OzoneContainer.java:startContainerScrub(179)) - Background container scanner has been disabled.
2019-10-04 08:21:06,208 [Datanode State Machine Thread - 0] INFO  ratis.XceiverServerRatis (XceiverServerRatis.java:start(417)) - Starting XceiverServerRatis ad82b19c-d058-4167-871b-23548711d9a9 at port 0
2019-10-04 08:21:06,214 [Datanode State Machine Thread - 0] INFO  impl.RaftServerProxy (RaftServerProxy.java:lambda$start$3(299)) - ad82b19c-d058-4167-871b-23548711d9a9: start RPC server
2019-10-04 08:21:06,216 [Datanode State Machine Thread - 0] INFO  server.GrpcService (GrpcService.java:startImpl(158)) - ad82b19c-d058-4167-871b-23548711d9a9: GrpcService started, listening on 0.0.0.0/0.0.0.0:45364
2019-10-04 08:21:06,216 [Datanode State Machine Thread - 0] INFO  ratis.XceiverServerRatis (XceiverServerRatis.java:start(427)) - XceiverServerRatis ad82b19c-d058-4167-871b-23548711d9a9 is started using port 45364
2019-10-04 08:21:06,219 [Datanode State Machine Thread - 0] INFO  server.XceiverServerGrpc (XceiverServerGrpc.java:start(149)) - XceiverServerGrpc ad82b19c-d058-4167-871b-23548711d9a9 is started using port 37134
2019-10-04 08:21:06,258 [Datanode State Machine Thread - 0] INFO  ozoneimpl.OzoneContainer (OzoneContainer.java:start(217)) - Attempting to start container services.
2019-10-04 08:21:06,258 [Datanode State Machine Thread - 0] INFO  ozoneimpl.OzoneContainer (OzoneContainer.java:startContainerScrub(179)) - Background container scanner has been disabled.
2019-10-04 08:21:06,258 [Datanode State Machine Thread - 0] INFO  ratis.XceiverServerRatis (XceiverServerRatis.java:start(417)) - Starting XceiverServerRatis 7b9f80e2-4958-4b1f-a1e4-7edd811af448 at port 0
2019-10-04 08:21:06,265 [Datanode State Machine Thread - 0] INFO  impl.RaftServerProxy (RaftServerProxy.java:lambda$start$3(299)) - 7b9f80e2-4958-4b1f-a1e4-7edd811af448: start RPC server
2019-10-04 08:21:06,267 [Datanode State Machine Thread - 0] INFO  server.GrpcService (GrpcService.java:startImpl(158)) - 7b9f80e2-4958-4b1f-a1e4-7edd811af448: GrpcService started, listening on 0.0.0.0/0.0.0.0:43702
2019-10-04 08:21:06,268 [Datanode State Machine Thread - 0] INFO  ratis.XceiverServerRatis (XceiverServerRatis.java:start(427)) - XceiverServerRatis 7b9f80e2-4958-4b1f-a1e4-7edd811af448 is started using port 43702
2019-10-04 08:21:06,268 [Datanode State Machine Thread - 0] INFO  server.XceiverServerGrpc (XceiverServerGrpc.java:start(149)) - XceiverServerGrpc 7b9f80e2-4958-4b1f-a1e4-7edd811af448 is started using port 35607
2019-10-04 08:21:06,333 [Datanode State Machine Thread - 0] INFO  ozoneimpl.OzoneContainer (OzoneContainer.java:start(217)) - Attempting to start container services.
2019-10-04 08:21:06,333 [Datanode State Machine Thread - 0] INFO  ozoneimpl.OzoneContainer (OzoneContainer.java:startContainerScrub(179)) - Background container scanner has been disabled.
2019-10-04 08:21:06,333 [Datanode State Machine Thread - 0] INFO  ratis.XceiverServerRatis (XceiverServerRatis.java:start(417)) - Starting XceiverServerRatis d72f31eb-805b-417a-a8a3-9029fdf32487 at port 0
2019-10-04 08:21:06,339 [Datanode State Machine Thread - 0] INFO  impl.RaftServerProxy (RaftServerProxy.java:lambda$start$3(299)) - d72f31eb-805b-417a-a8a3-9029fdf32487: start RPC server
2019-10-04 08:21:06,342 [Datanode State Machine Thread - 0] INFO  server.GrpcService (GrpcService.java:startImpl(158)) - d72f31eb-805b-417a-a8a3-9029fdf32487: GrpcService started, listening on 0.0.0.0/0.0.0.0:37393
2019-10-04 08:21:06,342 [Datanode State Machine Thread - 0] INFO  ratis.XceiverServerRatis (XceiverServerRatis.java:start(427)) - XceiverServerRatis d72f31eb-805b-417a-a8a3-9029fdf32487 is started using port 37393
2019-10-04 08:21:06,342 [Datanode State Machine Thread - 0] INFO  server.XceiverServerGrpc (XceiverServerGrpc.java:start(149)) - XceiverServerGrpc d72f31eb-805b-417a-a8a3-9029fdf32487 is started using port 43218
2019-10-04 08:21:06,400 [Datanode State Machine Thread - 0] INFO  ozoneimpl.OzoneContainer (OzoneContainer.java:start(217)) - Attempting to start container services.
2019-10-04 08:21:06,400 [Datanode State Machine Thread - 0] INFO  ozoneimpl.OzoneContainer (OzoneContainer.java:startContainerScrub(179)) - Background container scanner has been disabled.
2019-10-04 08:21:06,400 [Datanode State Machine Thread - 0] INFO  ratis.XceiverServerRatis (XceiverServerRatis.java:start(417)) - Starting XceiverServerRatis a40f0c27-2271-453e-87d5-a12bab37434d at port 0
2019-10-04 08:21:06,406 [Datanode State Machine Thread - 0] INFO  impl.RaftServerProxy (RaftServerProxy.java:lambda$start$3(299)) - a40f0c27-2271-453e-87d5-a12bab37434d: start RPC server
2019-10-04 08:21:06,409 [Datanode State Machine Thread - 0] INFO  server.GrpcService (GrpcService.java:startImpl(158)) - a40f0c27-2271-453e-87d5-a12bab37434d: GrpcService started, listening on 0.0.0.0/0.0.0.0:38951
2019-10-04 08:21:06,409 [Datanode State Machine Thread - 0] INFO  ratis.XceiverServerRatis (XceiverServerRatis.java:start(427)) - XceiverServerRatis a40f0c27-2271-453e-87d5-a12bab37434d is started using port 38951
2019-10-04 08:21:06,411 [Datanode State Machine Thread - 0] INFO  server.XceiverServerGrpc (XceiverServerGrpc.java:start(149)) - XceiverServerGrpc a40f0c27-2271-453e-87d5-a12bab37434d is started using port 35423
2019-10-04 08:21:06,443 [main] INFO  ozone.MiniOzoneClusterImpl (MiniOzoneClusterImpl.java:lambda$waitForClusterToBeReady$0(147)) - Waiting for cluster to be ready. Got 0 of 7 DN Heartbeats.
2019-10-04 08:21:06,467 [Datanode State Machine Thread - 0] INFO  ozoneimpl.OzoneContainer (OzoneContainer.java:start(217)) - Attempting to start container services.
2019-10-04 08:21:06,467 [Datanode State Machine Thread - 0] INFO  ozoneimpl.OzoneContainer (OzoneContainer.java:startContainerScrub(179)) - Background container scanner has been disabled.
2019-10-04 08:21:06,467 [Datanode State Machine Thread - 0] INFO  ratis.XceiverServerRatis (XceiverServerRatis.java:start(417)) - Starting XceiverServerRatis e7f1519f-2b25-4fd1-ac34-f168a8409003 at port 0
2019-10-04 08:21:06,474 [Datanode State Machine Thread - 0] INFO  impl.RaftServerProxy (RaftServerProxy.java:lambda$start$3(299)) - e7f1519f-2b25-4fd1-ac34-f168a8409003: start RPC server
2019-10-04 08:21:06,477 [Datanode State Machine Thread - 0] INFO  server.GrpcService (GrpcService.java:startImpl(158)) - e7f1519f-2b25-4fd1-ac34-f168a8409003: GrpcService started, listening on 0.0.0.0/0.0.0.0:37133
2019-10-04 08:21:06,477 [Datanode State Machine Thread - 0] INFO  ratis.XceiverServerRatis (XceiverServerRatis.java:start(427)) - XceiverServerRatis e7f1519f-2b25-4fd1-ac34-f168a8409003 is started using port 37133
2019-10-04 08:21:06,477 [Datanode State Machine Thread - 0] INFO  server.XceiverServerGrpc (XceiverServerGrpc.java:start(149)) - XceiverServerGrpc e7f1519f-2b25-4fd1-ac34-f168a8409003 is started using port 39216
2019-10-04 08:21:07,444 [main] INFO  ozone.MiniOzoneClusterImpl (MiniOzoneClusterImpl.java:lambda$waitForClusterToBeReady$0(147)) - Waiting for cluster to be ready. Got 0 of 7 DN Heartbeats.
2019-10-04 08:21:08,055 [IPC Server handler 17 on 33688] INFO  net.NetworkTopology (NetworkTopologyImpl.java:add(111)) - Added a new node: /default-rack/65bce08d-3171-40f2-9f47-38fb362c13a7
2019-10-04 08:21:08,057 [IPC Server handler 17 on 33688] INFO  node.SCMNodeManager (SCMNodeManager.java:register(266)) - Registered Data node : 65bce08d-3171-40f2-9f47-38fb362c13a7{ip: 192.168.30.44, host: pr-hdds-2230-99mx8-1595754997, networkLocation: /default-rack, certSerialId: null}
2019-10-04 08:21:08,058 [EventQueue-NodeRegistrationContainerReportForDataNodeSafeModeRule] INFO  safemode.SCMSafeModeManager (DataNodeSafeModeRule.java:process(71)) - SCM in safe mode. 1 DataNodes registered, 1 required.
2019-10-04 08:21:08,060 [EventQueue-NodeRegistrationContainerReportForDataNodeSafeModeRule] INFO  safemode.SCMSafeModeManager (SCMSafeModeManager.java:validateSafeModeExitRules(177)) - ScmSafeModeManager, all rules are successfully validated
2019-10-04 08:21:08,060 [EventQueue-NodeRegistrationContainerReportForDataNodeSafeModeRule] INFO  safemode.SCMSafeModeManager (SCMSafeModeManager.java:exitSafeMode(193)) - SCM exiting safe mode.
2019-10-04 08:21:08,070 [grpc-default-executor-4] INFO  impl.RaftServerProxy (RaftServerProxy.java:addNew(89)) - 65bce08d-3171-40f2-9f47-38fb362c13a7: addNew group-7C6B10D12BBC:[65bce08d-3171-40f2-9f47-38fb362c13a7:192.168.30.44:40861] returns group-7C6B10D12BBC:java.util.concurrent.CompletableFuture@24b4ef8e[Not completed]
2019-10-04 08:21:08,074 [pool-383-thread-1] INFO  impl.RaftServerImpl (RaftServerImpl.java:<init>(95)) - 65bce08d-3171-40f2-9f47-38fb362c13a7: new RaftServerImpl for group-7C6B10D12BBC:[65bce08d-3171-40f2-9f47-38fb362c13a7:192.168.30.44:40861] with ContainerStateMachine:uninitialized
2019-10-04 08:21:08,074 [pool-383-thread-1] INFO  server.RaftServerConfigKeys (ConfUtils.java:logGet(43)) - raft.server.rpc.timeout.min = 5s (custom)
2019-10-04 08:21:08,074 [pool-383-thread-1] INFO  server.RaftServerConfigKeys (ConfUtils.java:logGet(43)) - raft.server.rpc.timeout.max = 5200ms (custom)
2019-10-04 08:21:08,074 [pool-383-thread-1] INFO  server.RaftServerConfigKeys (ConfUtils.java:logGet(43)) - raft.server.rpcslowness.timeout = 120s (custom)
2019-10-04 08:21:08,074 [pool-383-thread-1] INFO  server.RaftServerConfigKeys (ConfUtils.java:logGet(43)) - raft.server.sleep.deviation.threshold = 300 (default)
2019-10-04 08:21:08,075 [pool-383-thread-1] INFO  server.RaftServerConfigKeys (ConfUtils.java:logGet(43)) - raft.server.log.appender.install.snapshot.enabled = false (custom)
2019-10-04 08:21:08,075 [pool-383-thread-1] INFO  impl.RaftServerImpl (ServerState.java:<init>(103)) - 65bce08d-3171-40f2-9f47-38fb362c13a7@group-7C6B10D12BBC: ConfigurationManager, init=-1: [65bce08d-3171-40f2-9f47-38fb362c13a7:192.168.30.44:40861], old=null, confs=<EMPTY_MAP>
2019-10-04 08:21:08,075 [pool-383-thread-1] INFO  server.RaftServerConfigKeys (ConfUtils.java:logGet(43)) - raft.server.storage.dir = [/workdir/hadoop-ozone/integration-test/target/test-dir/MiniOzoneClusterImpl-50c7e7a2-c4e6-4e08-ad27-ace44f57fbc4/datanode-0/data/ratis] (custom)
2019-10-04 08:21:08,075 [pool-383-thread-1] INFO  server.RaftServerConfigKeys (ConfUtils.java:logGet(43)) - raft.server.log.corruption.policy = EXCEPTION (default)
2019-10-04 08:21:08,076 [pool-383-thread-1] INFO  storage.RaftStorageDirectory (RaftStorageDirectory.java:analyzeStorage(246)) - The storage directory /workdir/hadoop-ozone/integration-test/target/test-dir/MiniOzoneClusterImpl-50c7e7a2-c4e6-4e08-ad27-ace44f57fbc4/datanode-0/data/ratis/3971e2f8-202e-4a86-9c9b-7c6b10d12bbc does not exist. Creating ...
2019-10-04 08:21:08,092 [pool-383-thread-1] INFO  storage.RaftStorageDirectory (RaftStorageDirectory.java:tryLock(328)) - Lock on /workdir/hadoop-ozone/integration-test/target/test-dir/MiniOzoneClusterImpl-50c7e7a2-c4e6-4e08-ad27-ace44f57fbc4/datanode-0/data/ratis/3971e2f8-202e-4a86-9c9b-7c6b10d12bbc/in_use.lock acquired by nodename 11900@pr-hdds-2230-99mx8-1595754997
2019-10-04 08:21:08,109 [IPC Server handler 14 on 33688] INFO  net.NetworkTopology (NetworkTopologyImpl.java:add(111)) - Added a new node: /default-rack/0c69f7ff-6154-4442-b28b-f48999afb2ed
2019-10-04 08:21:08,109 [IPC Server handler 14 on 33688] INFO  node.SCMNodeManager (SCMNodeManager.java:register(266)) - Registered Data node : 0c69f7ff-6154-4442-b28b-f48999afb2ed{ip: 192.168.30.44, host: pr-hdds-2230-99mx8-1595754997, networkLocation: /default-rack, certSerialId: null}
2019-10-04 08:21:08,114 [pool-383-thread-1] INFO  storage.RaftStorage (RaftStorage.java:format(84)) - Storage directory /workdir/hadoop-ozone/integration-test/target/test-dir/MiniOzoneClusterImpl-50c7e7a2-c4e6-4e08-ad27-ace44f57fbc4/datanode-0/data/ratis/3971e2f8-202e-4a86-9c9b-7c6b10d12bbc has been successfully formatted.
2019-10-04 08:21:08,115 [pool-383-thread-1] INFO  ratis.ContainerStateMachine (ContainerStateMachine.java:loadSnapshot(230)) - group-7C6B10D12BBC: The snapshot info is null. Setting the last applied indexto:(t:0, i:~)
2019-10-04 08:21:08,115 [pool-383-thread-1] INFO  server.RaftServerConfigKeys (ConfUtils.java:logGet(43)) - raft.server.notification.no-leader.timeout = 120s (custom)
2019-10-04 08:21:08,115 [pool-383-thread-1] INFO  server.RaftServerConfigKeys (ConfUtils.java:logGet(43)) - raft.server.log.use.memory = false (default)
2019-10-04 08:21:08,115 [pool-383-thread-1] INFO  server.RaftServerConfigKeys (ConfUtils.java:logGet(43)) - raft.server.log.purge.gap = 1000000 (custom)
2019-10-04 08:21:08,115 [pool-383-thread-1] INFO  server.RaftServerConfigKeys (ConfUtils.java:logGet(43)) - raft.server.log.appender.buffer.byte-limit = 33554432 (custom)
2019-10-04 08:21:08,116 [pool-383-thread-1] INFO  server.RaftServerConfigKeys (ConfUtils.java:logGet(43)) - raft.server.log.segment.size.max = 1048576 (custom)
2019-10-04 08:21:08,118 [pool-383-thread-1] INFO  server.RaftServerConfigKeys (ConfUtils.java:logGet(43)) - raft.server.log.segment.cache.num.max = 2 (custom)
2019-10-04 08:21:08,119 [pool-383-thread-1] INFO  segmented.SegmentedRaftLogWorker (SegmentedRaftLogWorker.java:<init>(173)) - new 65bce08d-3171-40f2-9f47-38fb362c13a7@group-7C6B10D12BBC-SegmentedRaftLogWorker for RaftStorage:Storage Directory /workdir/hadoop-ozone/integration-test/target/test-dir/MiniOzoneClusterImpl-50c7e7a2-c4e6-4e08-ad27-ace44f57fbc4/datanode-0/data/ratis/3971e2f8-202e-4a86-9c9b-7c6b10d12bbc
2019-10-04 08:21:08,119 [pool-383-thread-1] INFO  server.RaftServerConfigKeys (ConfUtils.java:logGet(43)) - raft.server.log.queue.byte-limit = 2147483647 (custom)
2019-10-04 08:21:08,119 [pool-383-thread-1] INFO  server.RaftServerConfigKeys (ConfUtils.java:logGet(43)) - raft.server.log.queue.element-limit = 1024 (custom)
2019-10-04 08:21:08,119 [pool-383-thread-1] INFO  server.RaftServerConfigKeys (ConfUtils.java:logGet(43)) - raft.server.log.segment.size.max = 1048576 (custom)
2019-10-04 08:21:08,119 [pool-383-thread-1] INFO  server.RaftServerConfigKeys (ConfUtils.java:logGet(43)) - raft.server.log.preallocated.size = 16384 (custom)
2019-10-04 08:21:08,119 [pool-383-thread-1] INFO  server.RaftServerConfigKeys (ConfUtils.java:logGet(43)) - raft.server.log.write.buffer.size = 33554432 (custom)
2019-10-04 08:21:08,119 [pool-383-thread-1] INFO  server.RaftServerConfigKeys (ConfUtils.java:logGet(43)) - raft.server.log.force.sync.num = 128 (default)
2019-10-04 08:21:08,120 [pool-383-thread-1] INFO  server.RaftServerConfigKeys (ConfUtils.java:logGet(43)) - raft.server.log.statemachine.data.sync = true (default)
2019-10-04 08:21:08,120 [pool-383-thread-1] INFO  server.RaftServerConfigKeys (ConfUtils.java:logGet(43)) - raft.server.log.statemachine.data.sync.timeout = 10s (default)
2019-10-04 08:21:08,120 [pool-383-thread-1] INFO  server.RaftServerConfigKeys (ConfUtils.java:logGet(43)) - raft.server.log.statemachine.data.sync.timeout.retry = -1 (default)
2019-10-04 08:21:08,120 [pool-383-thread-1] INFO  server.RaftServerConfigKeys (ConfUtils.java:logGet(43)) - raft.server.log.statemachine.data.caching.enabled = true (custom)
2019-10-04 08:21:08,121 [pool-383-thread-1] INFO  segmented.SegmentedRaftLogWorker (SegmentedRaftLogWorker.java:lambda$new$0(128)) - 65bce08d-3171-40f2-9f47-38fb362c13a7@group-7C6B10D12BBC-SegmentedRaftLogWorker: flushIndex: setUnconditionally 0 -> -1
2019-10-04 08:21:08,121 [pool-383-thread-1] INFO  server.RaftServerConfigKeys (ConfUtils.java:logGet(43)) - raft.server.snapshot.auto.trigger.enabled = true (custom)
2019-10-04 08:21:08,121 [pool-383-thread-1] INFO  server.RaftServerConfigKeys (ConfUtils.java:logGet(43)) - raft.server.snapshot.auto.trigger.threshold = 10000 (custom)
2019-10-04 08:21:08,121 [pool-383-thread-1] INFO  server.RaftServerConfigKeys (ConfUtils.java:logGet(43)) - raft.server.snapshot.retention.file.num = 5 (custom)
2019-10-04 08:21:08,122 [pool-383-thread-1] INFO  server.RaftServerConfigKeys (ConfUtils.java:logGet(43)) - raft.server.retrycache.expirytime = 600000ms (custom)
2019-10-04 08:21:08,123 [pool-383-thread-1] INFO  impl.RaftServerImpl (RaftServerImpl.java:start(181)) - 65bce08d-3171-40f2-9f47-38fb362c13a7@group-7C6B10D12BBC: start as a follower, conf=-1: [65bce08d-3171-40f2-9f47-38fb362c13a7:192.168.30.44:40861], old=null
2019-10-04 08:21:08,124 [pool-383-thread-1] INFO  impl.RaftServerImpl (RaftServerImpl.java:setRole(170)) - 65bce08d-3171-40f2-9f47-38fb362c13a7@group-7C6B10D12BBC: changes role from      null to FOLLOWER at term 0 for startAsFollower
2019-10-04 08:21:08,124 [pool-383-thread-1] INFO  impl.RoleInfo (RoleInfo.java:updateAndGet(143)) - 65bce08d-3171-40f2-9f47-38fb362c13a7: start FollowerState
2019-10-04 08:21:08,124 [pool-383-thread-1] INFO  util.JmxRegister (JmxRegister.java:tryRegister(44)) - Successfully registered JMX Bean with object name Ratis:service=RaftServer,group=group-7C6B10D12BBC,id=65bce08d-3171-40f2-9f47-38fb362c13a7
2019-10-04 08:21:08,128 [RatisPipelineUtilsThread] INFO  pipeline.PipelineStateManager (PipelineStateManager.java:addPipeline(56)) - Created pipeline Pipeline[ Id: 3971e2f8-202e-4a86-9c9b-7c6b10d12bbc, Nodes: 65bce08d-3171-40f2-9f47-38fb362c13a7{ip: 192.168.30.44, host: pr-hdds-2230-99mx8-1595754997, networkLocation: /default-rack, certSerialId: null}, Type:RATIS, Factor:ONE, State:OPEN]
2019-10-04 08:21:08,135 [grpc-default-executor-4] INFO  impl.RaftServerProxy (RaftServerProxy.java:addNew(89)) - 0c69f7ff-6154-4442-b28b-f48999afb2ed: addNew group-24FACCDA8424:[0c69f7ff-6154-4442-b28b-f48999afb2ed:192.168.30.44:41108] returns group-24FACCDA8424:java.util.concurrent.CompletableFuture@2225983d[Not completed]
2019-10-04 08:21:08,136 [pool-393-thread-1] INFO  impl.RaftServerImpl (RaftServerImpl.java:<init>(95)) - 0c69f7ff-6154-4442-b28b-f48999afb2ed: new RaftServerImpl for group-24FACCDA8424:[0c69f7ff-6154-4442-b28b-f48999afb2ed:192.168.30.44:41108] with ContainerStateMachine:uninitialized
2019-10-04 08:21:08,136 [pool-393-thread-1] INFO  server.RaftServerConfigKeys (ConfUtils.java:logGet(43)) - raft.server.rpc.timeout.min = 5s (custom)
2019-10-04 08:21:08,136 [pool-393-thread-1] INFO  server.RaftServerConfigKeys (ConfUtils.java:logGet(43)) - raft.server.rpc.timeout.max = 5200ms (custom)
2019-10-04 08:21:08,137 [pool-393-thread-1] INFO  server.RaftServerConfigKeys (ConfUtils.java:logGet(43)) - raft.server.rpcslowness.timeout = 120s (custom)
2019-10-04 08:21:08,137 [pool-393-thread-1] INFO  server.RaftServerConfigKeys (ConfUtils.java:logGet(43)) - raft.server.sleep.deviation.threshold = 300 (default)
2019-10-04 08:21:08,137 [pool-393-thread-1] INFO  server.RaftServerConfigKeys (ConfUtils.java:logGet(43)) - raft.server.log.appender.install.snapshot.enabled = false (custom)
2019-10-04 08:21:08,137 [pool-393-thread-1] INFO  impl.RaftServerImpl (ServerState.java:<init>(103)) - 0c69f7ff-6154-4442-b28b-f48999afb2ed@group-24FACCDA8424: ConfigurationManager, init=-1: [0c69f7ff-6154-4442-b28b-f48999afb2ed:192.168.30.44:41108], old=null, confs=<EMPTY_MAP>
2019-10-04 08:21:08,137 [pool-393-thread-1] INFO  server.RaftServerConfigKeys (ConfUtils.java:logGet(43)) - raft.server.storage.dir = [/workdir/hadoop-ozone/integration-test/target/test-dir/MiniOzoneClusterImpl-50c7e7a2-c4e6-4e08-ad27-ace44f57fbc4/datanode-1/data/ratis] (custom)
2019-10-04 08:21:08,137 [pool-393-thread-1] INFO  server.RaftServerConfigKeys (ConfUtils.java:logGet(43)) - raft.server.log.corruption.policy = EXCEPTION (default)
2019-10-04 08:21:08,137 [pool-393-thread-1] INFO  storage.RaftStorageDirectory (RaftStorageDirectory.java:analyzeStorage(246)) - The storage directory /workdir/hadoop-ozone/integration-test/target/test-dir/MiniOzoneClusterImpl-50c7e7a2-c4e6-4e08-ad27-ace44f57fbc4/datanode-1/data/ratis/67b3f678-2fa9-449f-91f1-24faccda8424 does not exist. Creating ...
2019-10-04 08:21:08,160 [pool-393-thread-1] INFO  storage.RaftStorageDirectory (RaftStorageDirectory.java:tryLock(328)) - Lock on /workdir/hadoop-ozone/integration-test/target/test-dir/MiniOzoneClusterImpl-50c7e7a2-c4e6-4e08-ad27-ace44f57fbc4/datanode-1/data/ratis/67b3f678-2fa9-449f-91f1-24faccda8424/in_use.lock acquired by nodename 11900@pr-hdds-2230-99mx8-1595754997
2019-10-04 08:21:08,170 [IPC Server handler 15 on 33688] INFO  net.NetworkTopology (NetworkTopologyImpl.java:add(111)) - Added a new node: /default-rack/ad82b19c-d058-4167-871b-23548711d9a9
2019-10-04 08:21:08,171 [IPC Server handler 15 on 33688] INFO  node.SCMNodeManager (SCMNodeManager.java:register(266)) - Registered Data node : ad82b19c-d058-4167-871b-23548711d9a9{ip: 192.168.30.44, host: pr-hdds-2230-99mx8-1595754997, networkLocation: /default-rack, certSerialId: null}
2019-10-04 08:21:08,183 [pool-393-thread-1] INFO  storage.RaftStorage (RaftStorage.java:format(84)) - Storage directory /workdir/hadoop-ozone/integration-test/target/test-dir/MiniOzoneClusterImpl-50c7e7a2-c4e6-4e08-ad27-ace44f57fbc4/datanode-1/data/ratis/67b3f678-2fa9-449f-91f1-24faccda8424 has been successfully formatted.
2019-10-04 08:21:08,183 [pool-393-thread-1] INFO  ratis.ContainerStateMachine (ContainerStateMachine.java:loadSnapshot(230)) - group-24FACCDA8424: The snapshot info is null. Setting the last applied indexto:(t:0, i:~)
2019-10-04 08:21:08,183 [pool-393-thread-1] INFO  server.RaftServerConfigKeys (ConfUtils.java:logGet(43)) - raft.server.notification.no-leader.timeout = 120s (custom)
2019-10-04 08:21:08,184 [pool-393-thread-1] INFO  server.RaftServerConfigKeys (ConfUtils.java:logGet(43)) - raft.server.log.use.memory = false (default)
2019-10-04 08:21:08,184 [pool-393-thread-1] INFO  server.RaftServerConfigKeys (ConfUtils.java:logGet(43)) - raft.server.log.purge.gap = 1000000 (custom)
2019-10-04 08:21:08,184 [pool-393-thread-1] INFO  server.RaftServerConfigKeys (ConfUtils.java:logGet(43)) - raft.server.log.appender.buffer.byte-limit = 33554432 (custom)
2019-10-04 08:21:08,184 [pool-393-thread-1] INFO  server.RaftServerConfigKeys (ConfUtils.java:logGet(43)) - raft.server.log.segment.size.max = 1048576 (custom)
2019-10-04 08:21:08,185 [pool-393-thread-1] INFO  server.RaftServerConfigKeys (ConfUtils.java:logGet(43)) - raft.server.log.segment.cache.num.max = 2 (custom)
2019-10-04 08:21:08,185 [pool-393-thread-1] INFO  segmented.SegmentedRaftLogWorker (SegmentedRaftLogWorker.java:<init>(173)) - new 0c69f7ff-6154-4442-b28b-f48999afb2ed@group-24FACCDA8424-SegmentedRaftLogWorker for RaftStorage:Storage Directory /workdir/hadoop-ozone/integration-test/target/test-dir/MiniOzoneClusterImpl-50c7e7a2-c4e6-4e08-ad27-ace44f57fbc4/datanode-1/data/ratis/67b3f678-2fa9-449f-91f1-24faccda8424
2019-10-04 08:21:08,186 [pool-393-thread-1] INFO  server.RaftServerConfigKeys (ConfUtils.java:logGet(43)) - raft.server.log.queue.byte-limit = 2147483647 (custom)
2019-10-04 08:21:08,186 [pool-393-thread-1] INFO  server.RaftServerConfigKeys (ConfUtils.java:logGet(43)) - raft.server.log.queue.element-limit = 1024 (custom)
2019-10-04 08:21:08,186 [pool-393-thread-1] INFO  server.RaftServerConfigKeys (ConfUtils.java:logGet(43)) - raft.server.log.segment.size.max = 1048576 (custom)
2019-10-04 08:21:08,186 [pool-393-thread-1] INFO  server.RaftServerConfigKeys (ConfUtils.java:logGet(43)) - raft.server.log.preallocated.size = 16384 (custom)
2019-10-04 08:21:08,186 [pool-393-thread-1] INFO  server.RaftServerConfigKeys (ConfUtils.java:logGet(43)) - raft.server.log.write.buffer.size = 33554432 (custom)
2019-10-04 08:21:08,186 [pool-393-thread-1] INFO  server.RaftServerConfigKeys (ConfUtils.java:logGet(43)) - raft.server.log.force.sync.num = 128 (default)
2019-10-04 08:21:08,186 [pool-393-thread-1] INFO  server.RaftServerConfigKeys (ConfUtils.java:logGet(43)) - raft.server.log.statemachine.data.sync = true (default)
2019-10-04 08:21:08,186 [pool-393-thread-1] INFO  server.RaftServerConfigKeys (ConfUtils.java:logGet(43)) - raft.server.log.statemachine.data.sync.timeout = 10s (default)
2019-10-04 08:21:08,186 [pool-393-thread-1] INFO  server.RaftServerConfigKeys (ConfUtils.java:logGet(43)) - raft.server.log.statemachine.data.sync.timeout.retry = -1 (default)
2019-10-04 08:21:08,187 [pool-393-thread-1] INFO  server.RaftServerConfigKeys (ConfUtils.java:logGet(43)) - raft.server.log.statemachine.data.caching.enabled = true (custom)
2019-10-04 08:21:08,187 [pool-393-thread-1] INFO  segmented.SegmentedRaftLogWorker (SegmentedRaftLogWorker.java:lambda$new$0(128)) - 0c69f7ff-6154-4442-b28b-f48999afb2ed@group-24FACCDA8424-SegmentedRaftLogWorker: flushIndex: setUnconditionally 0 -> -1
2019-10-04 08:21:08,187 [pool-393-thread-1] INFO  server.RaftServerConfigKeys (ConfUtils.java:logGet(43)) - raft.server.snapshot.auto.trigger.enabled = true (custom)
2019-10-04 08:21:08,187 [pool-393-thread-1] INFO  server.RaftServerConfigKeys (ConfUtils.java:logGet(43)) - raft.server.snapshot.auto.trigger.threshold = 10000 (custom)
2019-10-04 08:21:08,188 [pool-393-thread-1] INFO  server.RaftServerConfigKeys (ConfUtils.java:logGet(43)) - raft.server.snapshot.retention.file.num = 5 (custom)
2019-10-04 08:21:08,188 [pool-393-thread-1] INFO  server.RaftServerConfigKeys (ConfUtils.java:logGet(43)) - raft.server.retrycache.expirytime = 600000ms (custom)
2019-10-04 08:21:08,189 [pool-393-thread-1] INFO  impl.RaftServerImpl (RaftServerImpl.java:start(181)) - 0c69f7ff-6154-4442-b28b-f48999afb2ed@group-24FACCDA8424: start as a follower, conf=-1: [0c69f7ff-6154-4442-b28b-f48999afb2ed:192.168.30.44:41108], old=null
2019-10-04 08:21:08,189 [pool-393-thread-1] INFO  impl.RaftServerImpl (RaftServerImpl.java:setRole(170)) - 0c69f7ff-6154-4442-b28b-f48999afb2ed@group-24FACCDA8424: changes role from      null to FOLLOWER at term 0 for startAsFollower
2019-10-04 08:21:08,189 [pool-393-thread-1] INFO  impl.RoleInfo (RoleInfo.java:updateAndGet(143)) - 0c69f7ff-6154-4442-b28b-f48999afb2ed: start FollowerState
2019-10-04 08:21:08,190 [pool-393-thread-1] INFO  util.JmxRegister (JmxRegister.java:tryRegister(44)) - Successfully registered JMX Bean with object name Ratis:service=RaftServer,group=group-24FACCDA8424,id=0c69f7ff-6154-4442-b28b-f48999afb2ed
2019-10-04 08:21:08,193 [RatisPipelineUtilsThread] INFO  pipeline.PipelineStateManager (PipelineStateManager.java:addPipeline(56)) - Created pipeline Pipeline[ Id: 67b3f678-2fa9-449f-91f1-24faccda8424, Nodes: 0c69f7ff-6154-4442-b28b-f48999afb2ed{ip: 192.168.30.44, host: pr-hdds-2230-99mx8-1595754997, networkLocation: /default-rack, certSerialId: null}, Type:RATIS, Factor:ONE, State:OPEN]
2019-10-04 08:21:08,200 [grpc-default-executor-4] INFO  impl.RaftServerProxy (RaftServerProxy.java:addNew(89)) - ad82b19c-d058-4167-871b-23548711d9a9: addNew group-A9BB052AEE5A:[ad82b19c-d058-4167-871b-23548711d9a9:192.168.30.44:45364] returns group-A9BB052AEE5A:java.util.concurrent.CompletableFuture@77dbe269[Not completed]
2019-10-04 08:21:08,201 [pool-403-thread-1] INFO  impl.RaftServerImpl (RaftServerImpl.java:<init>(95)) - ad82b19c-d058-4167-871b-23548711d9a9: new RaftServerImpl for group-A9BB052AEE5A:[ad82b19c-d058-4167-871b-23548711d9a9:192.168.30.44:45364] with ContainerStateMachine:uninitialized
2019-10-04 08:21:08,201 [pool-403-thread-1] INFO  server.RaftServerConfigKeys (ConfUtils.java:logGet(43)) - raft.server.rpc.timeout.min = 5s (custom)
2019-10-04 08:21:08,201 [pool-403-thread-1] INFO  server.RaftServerConfigKeys (ConfUtils.java:logGet(43)) - raft.server.rpc.timeout.max = 5200ms (custom)
2019-10-04 08:21:08,201 [pool-403-thread-1] INFO  server.RaftServerConfigKeys (ConfUtils.java:logGet(43)) - raft.server.rpcslowness.timeout = 120s (custom)
2019-10-04 08:21:08,202 [pool-403-thread-1] INFO  server.RaftServerConfigKeys (ConfUtils.java:logGet(43)) - raft.server.sleep.deviation.threshold = 300 (default)
2019-10-04 08:21:08,202 [pool-403-thread-1] INFO  server.RaftServerConfigKeys (ConfUtils.java:logGet(43)) - raft.server.log.appender.install.snapshot.enabled = false (custom)
2019-10-04 08:21:08,202 [pool-403-thread-1] INFO  impl.RaftServerImpl (ServerState.java:<init>(103)) - ad82b19c-d058-4167-871b-23548711d9a9@group-A9BB052AEE5A: ConfigurationManager, init=-1: [ad82b19c-d058-4167-871b-23548711d9a9:192.168.30.44:45364], old=null, confs=<EMPTY_MAP>
2019-10-04 08:21:08,202 [pool-403-thread-1] INFO  server.RaftServerConfigKeys (ConfUtils.java:logGet(43)) - raft.server.storage.dir = [/workdir/hadoop-ozone/integration-test/target/test-dir/MiniOzoneClusterImpl-50c7e7a2-c4e6-4e08-ad27-ace44f57fbc4/datanode-2/data/ratis] (custom)
2019-10-04 08:21:08,202 [pool-403-thread-1] INFO  server.RaftServerConfigKeys (ConfUtils.java:logGet(43)) - raft.server.log.corruption.policy = EXCEPTION (default)
2019-10-04 08:21:08,202 [pool-403-thread-1] INFO  storage.RaftStorageDirectory (RaftStorageDirectory.java:analyzeStorage(246)) - The storage directory /workdir/hadoop-ozone/integration-test/target/test-dir/MiniOzoneClusterImpl-50c7e7a2-c4e6-4e08-ad27-ace44f57fbc4/datanode-2/data/ratis/b4f36eea-9a0a-4c1e-a0d4-a9bb052aee5a does not exist. Creating ...
2019-10-04 08:21:08,232 [IPC Server handler 0 on 33688] INFO  net.NetworkTopology (NetworkTopologyImpl.java:add(111)) - Added a new node: /default-rack/7b9f80e2-4958-4b1f-a1e4-7edd811af448
2019-10-04 08:21:08,233 [IPC Server handler 0 on 33688] INFO  node.SCMNodeManager (SCMNodeManager.java:register(266)) - Registered Data node : 7b9f80e2-4958-4b1f-a1e4-7edd811af448{ip: 192.168.30.44, host: pr-hdds-2230-99mx8-1595754997, networkLocation: /default-rack, certSerialId: null}
2019-10-04 08:21:08,247 [pool-403-thread-1] INFO  storage.RaftStorageDirectory (RaftStorageDirectory.java:tryLock(328)) - Lock on /workdir/hadoop-ozone/integration-test/target/test-dir/MiniOzoneClusterImpl-50c7e7a2-c4e6-4e08-ad27-ace44f57fbc4/datanode-2/data/ratis/b4f36eea-9a0a-4c1e-a0d4-a9bb052aee5a/in_use.lock acquired by nodename 11900@pr-hdds-2230-99mx8-1595754997
2019-10-04 08:21:08,270 [pool-403-thread-1] INFO  storage.RaftStorage (RaftStorage.java:format(84)) - Storage directory /workdir/hadoop-ozone/integration-test/target/test-dir/MiniOzoneClusterImpl-50c7e7a2-c4e6-4e08-ad27-ace44f57fbc4/datanode-2/data/ratis/b4f36eea-9a0a-4c1e-a0d4-a9bb052aee5a has been successfully formatted.
2019-10-04 08:21:08,271 [pool-403-thread-1] INFO  ratis.ContainerStateMachine (ContainerStateMachine.java:loadSnapshot(230)) - group-A9BB052AEE5A: The snapshot info is null. Setting the last applied indexto:(t:0, i:~)
2019-10-04 08:21:08,271 [pool-403-thread-1] INFO  server.RaftServerConfigKeys (ConfUtils.java:logGet(43)) - raft.server.notification.no-leader.timeout = 120s (custom)
2019-10-04 08:21:08,271 [pool-403-thread-1] INFO  server.RaftServerConfigKeys (ConfUtils.java:logGet(43)) - raft.server.log.use.memory = false (default)
2019-10-04 08:21:08,271 [pool-403-thread-1] INFO  server.RaftServerConfigKeys (ConfUtils.java:logGet(43)) - raft.server.log.purge.gap = 1000000 (custom)
2019-10-04 08:21:08,271 [pool-403-thread-1] INFO  server.RaftServerConfigKeys (ConfUtils.java:logGet(43)) - raft.server.log.appender.buffer.byte-limit = 33554432 (custom)
2019-10-04 08:21:08,271 [pool-403-thread-1] INFO  server.RaftServerConfigKeys (ConfUtils.java:logGet(43)) - raft.server.log.segment.size.max = 1048576 (custom)
2019-10-04 08:21:08,273 [pool-403-thread-1] INFO  server.RaftServerConfigKeys (ConfUtils.java:logGet(43)) - raft.server.log.segment.cache.num.max = 2 (custom)
2019-10-04 08:21:08,273 [pool-403-thread-1] INFO  segmented.SegmentedRaftLogWorker (SegmentedRaftLogWorker.java:<init>(173)) - new ad82b19c-d058-4167-871b-23548711d9a9@group-A9BB052AEE5A-SegmentedRaftLogWorker for RaftStorage:Storage Directory /workdir/hadoop-ozone/integration-test/target/test-dir/MiniOzoneClusterImpl-50c7e7a2-c4e6-4e08-ad27-ace44f57fbc4/datanode-2/data/ratis/b4f36eea-9a0a-4c1e-a0d4-a9bb052aee5a
2019-10-04 08:21:08,273 [pool-403-thread-1] INFO  server.RaftServerConfigKeys (ConfUtils.java:logGet(43)) - raft.server.log.queue.byte-limit = 2147483647 (custom)
2019-10-04 08:21:08,273 [pool-403-thread-1] INFO  server.RaftServerConfigKeys (ConfUtils.java:logGet(43)) - raft.server.log.queue.element-limit = 1024 (custom)
2019-10-04 08:21:08,274 [pool-403-thread-1] INFO  server.RaftServerConfigKeys (ConfUtils.java:logGet(43)) - raft.server.log.segment.size.max = 1048576 (custom)
2019-10-04 08:21:08,274 [pool-403-thread-1] INFO  server.RaftServerConfigKeys (ConfUtils.java:logGet(43)) - raft.server.log.preallocated.size = 16384 (custom)
2019-10-04 08:21:08,274 [pool-403-thread-1] INFO  server.RaftServerConfigKeys (ConfUtils.java:logGet(43)) - raft.server.log.write.buffer.size = 33554432 (custom)
2019-10-04 08:21:08,274 [pool-403-thread-1] INFO  server.RaftServerConfigKeys (ConfUtils.java:logGet(43)) - raft.server.log.force.sync.num = 128 (default)
2019-10-04 08:21:08,274 [pool-403-thread-1] INFO  server.RaftServerConfigKeys (ConfUtils.java:logGet(43)) - raft.server.log.statemachine.data.sync = true (default)
2019-10-04 08:21:08,274 [pool-403-thread-1] INFO  server.RaftServerConfigKeys (ConfUtils.java:logGet(43)) - raft.server.log.statemachine.data.sync.timeout = 10s (default)
2019-10-04 08:21:08,274 [pool-403-thread-1] INFO  server.RaftServerConfigKeys (ConfUtils.java:logGet(43)) - raft.server.log.statemachine.data.sync.timeout.retry = -1 (default)
2019-10-04 08:21:08,275 [pool-403-thread-1] INFO  server.RaftServerConfigKeys (ConfUtils.java:logGet(43)) - raft.server.log.statemachine.data.caching.enabled = true (custom)
2019-10-04 08:21:08,275 [pool-403-thread-1] INFO  segmented.SegmentedRaftLogWorker (SegmentedRaftLogWorker.java:lambda$new$0(128)) - ad82b19c-d058-4167-871b-23548711d9a9@group-A9BB052AEE5A-SegmentedRaftLogWorker: flushIndex: setUnconditionally 0 -> -1
2019-10-04 08:21:08,275 [pool-403-thread-1] INFO  server.RaftServerConfigKeys (ConfUtils.java:logGet(43)) - raft.server.snapshot.auto.trigger.enabled = true (custom)
2019-10-04 08:21:08,276 [pool-403-thread-1] INFO  server.RaftServerConfigKeys (ConfUtils.java:logGet(43)) - raft.server.snapshot.auto.trigger.threshold = 10000 (custom)
2019-10-04 08:21:08,276 [pool-403-thread-1] INFO  server.RaftServerConfigKeys (ConfUtils.java:logGet(43)) - raft.server.snapshot.retention.file.num = 5 (custom)
2019-10-04 08:21:08,276 [pool-403-thread-1] INFO  server.RaftServerConfigKeys (ConfUtils.java:logGet(43)) - raft.server.retrycache.expirytime = 600000ms (custom)
2019-10-04 08:21:08,278 [pool-403-thread-1] INFO  impl.RaftServerImpl (RaftServerImpl.java:start(181)) - ad82b19c-d058-4167-871b-23548711d9a9@group-A9BB052AEE5A: start as a follower, conf=-1: [ad82b19c-d058-4167-871b-23548711d9a9:192.168.30.44:45364], old=null
2019-10-04 08:21:08,278 [pool-403-thread-1] INFO  impl.RaftServerImpl (RaftServerImpl.java:setRole(170)) - ad82b19c-d058-4167-871b-23548711d9a9@group-A9BB052AEE5A: changes role from      null to FOLLOWER at term 0 for startAsFollower
2019-10-04 08:21:08,278 [pool-403-thread-1] INFO  impl.RoleInfo (RoleInfo.java:updateAndGet(143)) - ad82b19c-d058-4167-871b-23548711d9a9: start FollowerState
2019-10-04 08:21:08,278 [pool-403-thread-1] INFO  util.JmxRegister (JmxRegister.java:tryRegister(44)) - Successfully registered JMX Bean with object name Ratis:service=RaftServer,group=group-A9BB052AEE5A,id=ad82b19c-d058-4167-871b-23548711d9a9
2019-10-04 08:21:08,282 [RatisPipelineUtilsThread] INFO  pipeline.PipelineStateManager (PipelineStateManager.java:addPipeline(56)) - Created pipeline Pipeline[ Id: b4f36eea-9a0a-4c1e-a0d4-a9bb052aee5a, Nodes: ad82b19c-d058-4167-871b-23548711d9a9{ip: 192.168.30.44, host: pr-hdds-2230-99mx8-1595754997, networkLocation: /default-rack, certSerialId: null}, Type:RATIS, Factor:ONE, State:OPEN]
2019-10-04 08:21:08,289 [grpc-default-executor-4] INFO  impl.RaftServerProxy (RaftServerProxy.java:addNew(89)) - 7b9f80e2-4958-4b1f-a1e4-7edd811af448: addNew group-EB80CF3CD6E6:[7b9f80e2-4958-4b1f-a1e4-7edd811af448:192.168.30.44:43702] returns group-EB80CF3CD6E6:java.util.concurrent.CompletableFuture@7d916e7f[Not completed]
2019-10-04 08:21:08,290 [pool-413-thread-1] INFO  impl.RaftServerImpl (RaftServerImpl.java:<init>(95)) - 7b9f80e2-4958-4b1f-a1e4-7edd811af448: new RaftServerImpl for group-EB80CF3CD6E6:[7b9f80e2-4958-4b1f-a1e4-7edd811af448:192.168.30.44:43702] with ContainerStateMachine:uninitialized
2019-10-04 08:21:08,290 [pool-413-thread-1] INFO  server.RaftServerConfigKeys (ConfUtils.java:logGet(43)) - raft.server.rpc.timeout.min = 5s (custom)
2019-10-04 08:21:08,290 [pool-413-thread-1] INFO  server.RaftServerConfigKeys (ConfUtils.java:logGet(43)) - raft.server.rpc.timeout.max = 5200ms (custom)
2019-10-04 08:21:08,291 [pool-413-thread-1] INFO  server.RaftServerConfigKeys (ConfUtils.java:logGet(43)) - raft.server.rpcslowness.timeout = 120s (custom)
2019-10-04 08:21:08,291 [pool-413-thread-1] INFO  server.RaftServerConfigKeys (ConfUtils.java:logGet(43)) - raft.server.sleep.deviation.threshold = 300 (default)
2019-10-04 08:21:08,291 [pool-413-thread-1] INFO  server.RaftServerConfigKeys (ConfUtils.java:logGet(43)) - raft.server.log.appender.install.snapshot.enabled = false (custom)
2019-10-04 08:21:08,291 [pool-413-thread-1] INFO  impl.RaftServerImpl (ServerState.java:<init>(103)) - 7b9f80e2-4958-4b1f-a1e4-7edd811af448@group-EB80CF3CD6E6: ConfigurationManager, init=-1: [7b9f80e2-4958-4b1f-a1e4-7edd811af448:192.168.30.44:43702], old=null, confs=<EMPTY_MAP>
2019-10-04 08:21:08,291 [pool-413-thread-1] INFO  server.RaftServerConfigKeys (ConfUtils.java:logGet(43)) - raft.server.storage.dir = [/workdir/hadoop-ozone/integration-test/target/test-dir/MiniOzoneClusterImpl-50c7e7a2-c4e6-4e08-ad27-ace44f57fbc4/datanode-3/data/ratis] (custom)
2019-10-04 08:21:08,291 [pool-413-thread-1] INFO  server.RaftServerConfigKeys (ConfUtils.java:logGet(43)) - raft.server.log.corruption.policy = EXCEPTION (default)
2019-10-04 08:21:08,291 [pool-413-thread-1] INFO  storage.RaftStorageDirectory (RaftStorageDirectory.java:analyzeStorage(246)) - The storage directory /workdir/hadoop-ozone/integration-test/target/test-dir/MiniOzoneClusterImpl-50c7e7a2-c4e6-4e08-ad27-ace44f57fbc4/datanode-3/data/ratis/2c18803b-2c62-4f8f-b767-eb80cf3cd6e6 does not exist. Creating ...
2019-10-04 08:21:08,309 [IPC Server handler 1 on 33688] INFO  net.NetworkTopology (NetworkTopologyImpl.java:add(111)) - Added a new node: /default-rack/d72f31eb-805b-417a-a8a3-9029fdf32487
2019-10-04 08:21:08,309 [IPC Server handler 1 on 33688] INFO  node.SCMNodeManager (SCMNodeManager.java:register(266)) - Registered Data node : d72f31eb-805b-417a-a8a3-9029fdf32487{ip: 192.168.30.44, host: pr-hdds-2230-99mx8-1595754997, networkLocation: /default-rack, certSerialId: null}
2019-10-04 08:21:08,315 [pool-413-thread-1] INFO  storage.RaftStorageDirectory (RaftStorageDirectory.java:tryLock(328)) - Lock on /workdir/hadoop-ozone/integration-test/target/test-dir/MiniOzoneClusterImpl-50c7e7a2-c4e6-4e08-ad27-ace44f57fbc4/datanode-3/data/ratis/2c18803b-2c62-4f8f-b767-eb80cf3cd6e6/in_use.lock acquired by nodename 11900@pr-hdds-2230-99mx8-1595754997
2019-10-04 08:21:08,353 [pool-413-thread-1] INFO  storage.RaftStorage (RaftStorage.java:format(84)) - Storage directory /workdir/hadoop-ozone/integration-test/target/test-dir/MiniOzoneClusterImpl-50c7e7a2-c4e6-4e08-ad27-ace44f57fbc4/datanode-3/data/ratis/2c18803b-2c62-4f8f-b767-eb80cf3cd6e6 has been successfully formatted.
2019-10-04 08:21:08,353 [pool-413-thread-1] INFO  ratis.ContainerStateMachine (ContainerStateMachine.java:loadSnapshot(230)) - group-EB80CF3CD6E6: The snapshot info is null. Setting the last applied indexto:(t:0, i:~)
2019-10-04 08:21:08,353 [pool-413-thread-1] INFO  server.RaftServerConfigKeys (ConfUtils.java:logGet(43)) - raft.server.notification.no-leader.timeout = 120s (custom)
2019-10-04 08:21:08,353 [pool-413-thread-1] INFO  server.RaftServerConfigKeys (ConfUtils.java:logGet(43)) - raft.server.log.use.memory = false (default)
2019-10-04 08:21:08,354 [pool-413-thread-1] INFO  server.RaftServerConfigKeys (ConfUtils.java:logGet(43)) - raft.server.log.purge.gap = 1000000 (custom)
2019-10-04 08:21:08,354 [pool-413-thread-1] INFO  server.RaftServerConfigKeys (ConfUtils.java:logGet(43)) - raft.server.log.appender.buffer.byte-limit = 33554432 (custom)
2019-10-04 08:21:08,354 [pool-413-thread-1] INFO  server.RaftServerConfigKeys (ConfUtils.java:logGet(43)) - raft.server.log.segment.size.max = 1048576 (custom)
2019-10-04 08:21:08,355 [pool-413-thread-1] INFO  server.RaftServerConfigKeys (ConfUtils.java:logGet(43)) - raft.server.log.segment.cache.num.max = 2 (custom)
2019-10-04 08:21:08,355 [pool-413-thread-1] INFO  segmented.SegmentedRaftLogWorker (SegmentedRaftLogWorker.java:<init>(173)) - new 7b9f80e2-4958-4b1f-a1e4-7edd811af448@group-EB80CF3CD6E6-SegmentedRaftLogWorker for RaftStorage:Storage Directory /workdir/hadoop-ozone/integration-test/target/test-dir/MiniOzoneClusterImpl-50c7e7a2-c4e6-4e08-ad27-ace44f57fbc4/datanode-3/data/ratis/2c18803b-2c62-4f8f-b767-eb80cf3cd6e6
2019-10-04 08:21:08,356 [pool-413-thread-1] INFO  server.RaftServerConfigKeys (ConfUtils.java:logGet(43)) - raft.server.log.queue.byte-limit = 2147483647 (custom)
2019-10-04 08:21:08,356 [pool-413-thread-1] INFO  server.RaftServerConfigKeys (ConfUtils.java:logGet(43)) - raft.server.log.queue.element-limit = 1024 (custom)
2019-10-04 08:21:08,356 [pool-413-thread-1] INFO  server.RaftServerConfigKeys (ConfUtils.java:logGet(43)) - raft.server.log.segment.size.max = 1048576 (custom)
2019-10-04 08:21:08,356 [pool-413-thread-1] INFO  server.RaftServerConfigKeys (ConfUtils.java:logGet(43)) - raft.server.log.preallocated.size = 16384 (custom)
2019-10-04 08:21:08,356 [pool-413-thread-1] INFO  server.RaftServerConfigKeys (ConfUtils.java:logGet(43)) - raft.server.log.write.buffer.size = 33554432 (custom)
2019-10-04 08:21:08,356 [pool-413-thread-1] INFO  server.RaftServerConfigKeys (ConfUtils.java:logGet(43)) - raft.server.log.force.sync.num = 128 (default)
2019-10-04 08:21:08,356 [pool-413-thread-1] INFO  server.RaftServerConfigKeys (ConfUtils.java:logGet(43)) - raft.server.log.statemachine.data.sync = true (default)
2019-10-04 08:21:08,356 [pool-413-thread-1] INFO  server.RaftServerConfigKeys (ConfUtils.java:logGet(43)) - raft.server.log.statemachine.data.sync.timeout = 10s (default)
2019-10-04 08:21:08,356 [pool-413-thread-1] INFO  server.RaftServerConfigKeys (ConfUtils.java:logGet(43)) - raft.server.log.statemachine.data.sync.timeout.retry = -1 (default)
2019-10-04 08:21:08,357 [pool-413-thread-1] INFO  server.RaftServerConfigKeys (ConfUtils.java:logGet(43)) - raft.server.log.statemachine.data.caching.enabled = true (custom)
2019-10-04 08:21:08,357 [pool-413-thread-1] INFO  segmented.SegmentedRaftLogWorker (SegmentedRaftLogWorker.java:lambda$new$0(128)) - 7b9f80e2-4958-4b1f-a1e4-7edd811af448@group-EB80CF3CD6E6-SegmentedRaftLogWorker: flushIndex: setUnconditionally 0 -> -1
2019-10-04 08:21:08,357 [pool-413-thread-1] INFO  server.RaftServerConfigKeys (ConfUtils.java:logGet(43)) - raft.server.snapshot.auto.trigger.enabled = true (custom)
2019-10-04 08:21:08,357 [pool-413-thread-1] INFO  server.RaftServerConfigKeys (ConfUtils.java:logGet(43)) - raft.server.snapshot.auto.trigger.threshold = 10000 (custom)
2019-10-04 08:21:08,357 [pool-413-thread-1] INFO  server.RaftServerConfigKeys (ConfUtils.java:logGet(43)) - raft.server.snapshot.retention.file.num = 5 (custom)
2019-10-04 08:21:08,358 [pool-413-thread-1] INFO  server.RaftServerConfigKeys (ConfUtils.java:logGet(43)) - raft.server.retrycache.expirytime = 600000ms (custom)
2019-10-04 08:21:08,359 [pool-413-thread-1] INFO  impl.RaftServerImpl (RaftServerImpl.java:start(181)) - 7b9f80e2-4958-4b1f-a1e4-7edd811af448@group-EB80CF3CD6E6: start as a follower, conf=-1: [7b9f80e2-4958-4b1f-a1e4-7edd811af448:192.168.30.44:43702], old=null
2019-10-04 08:21:08,359 [pool-413-thread-1] INFO  impl.RaftServerImpl (RaftServerImpl.java:setRole(170)) - 7b9f80e2-4958-4b1f-a1e4-7edd811af448@group-EB80CF3CD6E6: changes role from      null to FOLLOWER at term 0 for startAsFollower
2019-10-04 08:21:08,359 [pool-413-thread-1] INFO  impl.RoleInfo (RoleInfo.java:updateAndGet(143)) - 7b9f80e2-4958-4b1f-a1e4-7edd811af448: start FollowerState
2019-10-04 08:21:08,360 [pool-413-thread-1] INFO  util.JmxRegister (JmxRegister.java:tryRegister(44)) - Successfully registered JMX Bean with object name Ratis:service=RaftServer,group=group-EB80CF3CD6E6,id=7b9f80e2-4958-4b1f-a1e4-7edd811af448
2019-10-04 08:21:08,363 [RatisPipelineUtilsThread] INFO  pipeline.PipelineStateManager (PipelineStateManager.java:addPipeline(56)) - Created pipeline Pipeline[ Id: 2c18803b-2c62-4f8f-b767-eb80cf3cd6e6, Nodes: 7b9f80e2-4958-4b1f-a1e4-7edd811af448{ip: 192.168.30.44, host: pr-hdds-2230-99mx8-1595754997, networkLocation: /default-rack, certSerialId: null}, Type:RATIS, Factor:ONE, State:OPEN]
2019-10-04 08:21:08,370 [grpc-default-executor-4] INFO  impl.RaftServerProxy (RaftServerProxy.java:addNew(89)) - d72f31eb-805b-417a-a8a3-9029fdf32487: addNew group-A531247D4B2E:[d72f31eb-805b-417a-a8a3-9029fdf32487:192.168.30.44:37393] returns group-A531247D4B2E:java.util.concurrent.CompletableFuture@13db7892[Not completed]
2019-10-04 08:21:08,371 [pool-423-thread-1] INFO  impl.RaftServerImpl (RaftServerImpl.java:<init>(95)) - d72f31eb-805b-417a-a8a3-9029fdf32487: new RaftServerImpl for group-A531247D4B2E:[d72f31eb-805b-417a-a8a3-9029fdf32487:192.168.30.44:37393] with ContainerStateMachine:uninitialized
2019-10-04 08:21:08,371 [pool-423-thread-1] INFO  server.RaftServerConfigKeys (ConfUtils.java:logGet(43)) - raft.server.rpc.timeout.min = 5s (custom)
2019-10-04 08:21:08,371 [pool-423-thread-1] INFO  server.RaftServerConfigKeys (ConfUtils.java:logGet(43)) - raft.server.rpc.timeout.max = 5200ms (custom)
2019-10-04 08:21:08,372 [pool-423-thread-1] INFO  server.RaftServerConfigKeys (ConfUtils.java:logGet(43)) - raft.server.rpcslowness.timeout = 120s (custom)
2019-10-04 08:21:08,372 [pool-423-thread-1] INFO  server.RaftServerConfigKeys (ConfUtils.java:logGet(43)) - raft.server.sleep.deviation.threshold = 300 (default)
2019-10-04 08:21:08,372 [pool-423-thread-1] INFO  server.RaftServerConfigKeys (ConfUtils.java:logGet(43)) - raft.server.log.appender.install.snapshot.enabled = false (custom)
2019-10-04 08:21:08,372 [pool-423-thread-1] INFO  impl.RaftServerImpl (ServerState.java:<init>(103)) - d72f31eb-805b-417a-a8a3-9029fdf32487@group-A531247D4B2E: ConfigurationManager, init=-1: [d72f31eb-805b-417a-a8a3-9029fdf32487:192.168.30.44:37393], old=null, confs=<EMPTY_MAP>
2019-10-04 08:21:08,372 [pool-423-thread-1] INFO  server.RaftServerConfigKeys (ConfUtils.java:logGet(43)) - raft.server.storage.dir = [/workdir/hadoop-ozone/integration-test/target/test-dir/MiniOzoneClusterImpl-50c7e7a2-c4e6-4e08-ad27-ace44f57fbc4/datanode-4/data/ratis] (custom)
2019-10-04 08:21:08,372 [pool-423-thread-1] INFO  server.RaftServerConfigKeys (ConfUtils.java:logGet(43)) - raft.server.log.corruption.policy = EXCEPTION (default)
2019-10-04 08:21:08,372 [pool-423-thread-1] INFO  storage.RaftStorageDirectory (RaftStorageDirectory.java:analyzeStorage(246)) - The storage directory /workdir/hadoop-ozone/integration-test/target/test-dir/MiniOzoneClusterImpl-50c7e7a2-c4e6-4e08-ad27-ace44f57fbc4/datanode-4/data/ratis/caeadd68-ed19-48bd-bf64-a531247d4b2e does not exist. Creating ...
2019-10-04 08:21:08,373 [IPC Server handler 2 on 33688] INFO  net.NetworkTopology (NetworkTopologyImpl.java:add(111)) - Added a new node: /default-rack/a40f0c27-2271-453e-87d5-a12bab37434d
2019-10-04 08:21:08,373 [IPC Server handler 2 on 33688] INFO  node.SCMNodeManager (SCMNodeManager.java:register(266)) - Registered Data node : a40f0c27-2271-453e-87d5-a12bab37434d{ip: 192.168.30.44, host: pr-hdds-2230-99mx8-1595754997, networkLocation: /default-rack, certSerialId: null}
2019-10-04 08:21:08,395 [pool-423-thread-1] INFO  storage.RaftStorageDirectory (RaftStorageDirectory.java:tryLock(328)) - Lock on /workdir/hadoop-ozone/integration-test/target/test-dir/MiniOzoneClusterImpl-50c7e7a2-c4e6-4e08-ad27-ace44f57fbc4/datanode-4/data/ratis/caeadd68-ed19-48bd-bf64-a531247d4b2e/in_use.lock acquired by nodename 11900@pr-hdds-2230-99mx8-1595754997
2019-10-04 08:21:08,421 [pool-423-thread-1] INFO  storage.RaftStorage (RaftStorage.java:format(84)) - Storage directory /workdir/hadoop-ozone/integration-test/target/test-dir/MiniOzoneClusterImpl-50c7e7a2-c4e6-4e08-ad27-ace44f57fbc4/datanode-4/data/ratis/caeadd68-ed19-48bd-bf64-a531247d4b2e has been successfully formatted.
2019-10-04 08:21:08,421 [pool-423-thread-1] INFO  ratis.ContainerStateMachine (ContainerStateMachine.java:loadSnapshot(230)) - group-A531247D4B2E: The snapshot info is null. Setting the last applied indexto:(t:0, i:~)
2019-10-04 08:21:08,421 [pool-423-thread-1] INFO  server.RaftServerConfigKeys (ConfUtils.java:logGet(43)) - raft.server.notification.no-leader.timeout = 120s (custom)
2019-10-04 08:21:08,421 [pool-423-thread-1] INFO  server.RaftServerConfigKeys (ConfUtils.java:logGet(43)) - raft.server.log.use.memory = false (default)
2019-10-04 08:21:08,421 [pool-423-thread-1] INFO  server.RaftServerConfigKeys (ConfUtils.java:logGet(43)) - raft.server.log.purge.gap = 1000000 (custom)
2019-10-04 08:21:08,421 [pool-423-thread-1] INFO  server.RaftServerConfigKeys (ConfUtils.java:logGet(43)) - raft.server.log.appender.buffer.byte-limit = 33554432 (custom)
2019-10-04 08:21:08,421 [pool-423-thread-1] INFO  server.RaftServerConfigKeys (ConfUtils.java:logGet(43)) - raft.server.log.segment.size.max = 1048576 (custom)
2019-10-04 08:21:08,423 [pool-423-thread-1] INFO  server.RaftServerConfigKeys (ConfUtils.java:logGet(43)) - raft.server.log.segment.cache.num.max = 2 (custom)
2019-10-04 08:21:08,423 [pool-423-thread-1] INFO  segmented.SegmentedRaftLogWorker (SegmentedRaftLogWorker.java:<init>(173)) - new d72f31eb-805b-417a-a8a3-9029fdf32487@group-A531247D4B2E-SegmentedRaftLogWorker for RaftStorage:Storage Directory /workdir/hadoop-ozone/integration-test/target/test-dir/MiniOzoneClusterImpl-50c7e7a2-c4e6-4e08-ad27-ace44f57fbc4/datanode-4/data/ratis/caeadd68-ed19-48bd-bf64-a531247d4b2e
2019-10-04 08:21:08,423 [pool-423-thread-1] INFO  server.RaftServerConfigKeys (ConfUtils.java:logGet(43)) - raft.server.log.queue.byte-limit = 2147483647 (custom)
2019-10-04 08:21:08,423 [pool-423-thread-1] INFO  server.RaftServerConfigKeys (ConfUtils.java:logGet(43)) - raft.server.log.queue.element-limit = 1024 (custom)
2019-10-04 08:21:08,423 [pool-423-thread-1] INFO  server.RaftServerConfigKeys (ConfUtils.java:logGet(43)) - raft.server.log.segment.size.max = 1048576 (custom)
2019-10-04 08:21:08,423 [pool-423-thread-1] INFO  server.RaftServerConfigKeys (ConfUtils.java:logGet(43)) - raft.server.log.preallocated.size = 16384 (custom)
2019-10-04 08:21:08,423 [pool-423-thread-1] INFO  server.RaftServerConfigKeys (ConfUtils.java:logGet(43)) - raft.server.log.write.buffer.size = 33554432 (custom)
2019-10-04 08:21:08,424 [pool-423-thread-1] INFO  server.RaftServerConfigKeys (ConfUtils.java:logGet(43)) - raft.server.log.force.sync.num = 128 (default)
2019-10-04 08:21:08,424 [pool-423-thread-1] INFO  server.RaftServerConfigKeys (ConfUtils.java:logGet(43)) - raft.server.log.statemachine.data.sync = true (default)
2019-10-04 08:21:08,424 [pool-423-thread-1] INFO  server.RaftServerConfigKeys (ConfUtils.java:logGet(43)) - raft.server.log.statemachine.data.sync.timeout = 10s (default)
2019-10-04 08:21:08,424 [pool-423-thread-1] INFO  server.RaftServerConfigKeys (ConfUtils.java:logGet(43)) - raft.server.log.statemachine.data.sync.timeout.retry = -1 (default)
2019-10-04 08:21:08,424 [pool-423-thread-1] INFO  server.RaftServerConfigKeys (ConfUtils.java:logGet(43)) - raft.server.log.statemachine.data.caching.enabled = true (custom)
2019-10-04 08:21:08,424 [pool-423-thread-1] INFO  segmented.SegmentedRaftLogWorker (SegmentedRaftLogWorker.java:lambda$new$0(128)) - d72f31eb-805b-417a-a8a3-9029fdf32487@group-A531247D4B2E-SegmentedRaftLogWorker: flushIndex: setUnconditionally 0 -> -1
2019-10-04 08:21:08,425 [pool-423-thread-1] INFO  server.RaftServerConfigKeys (ConfUtils.java:logGet(43)) - raft.server.snapshot.auto.trigger.enabled = true (custom)
2019-10-04 08:21:08,425 [pool-423-thread-1] INFO  server.RaftServerConfigKeys (ConfUtils.java:logGet(43)) - raft.server.snapshot.auto.trigger.threshold = 10000 (custom)
2019-10-04 08:21:08,425 [pool-423-thread-1] INFO  server.RaftServerConfigKeys (ConfUtils.java:logGet(43)) - raft.server.snapshot.retention.file.num = 5 (custom)
2019-10-04 08:21:08,425 [pool-423-thread-1] INFO  server.RaftServerConfigKeys (ConfUtils.java:logGet(43)) - raft.server.retrycache.expirytime = 600000ms (custom)
2019-10-04 08:21:08,426 [pool-423-thread-1] INFO  impl.RaftServerImpl (RaftServerImpl.java:start(181)) - d72f31eb-805b-417a-a8a3-9029fdf32487@group-A531247D4B2E: start as a follower, conf=-1: [d72f31eb-805b-417a-a8a3-9029fdf32487:192.168.30.44:37393], old=null
2019-10-04 08:21:08,426 [pool-423-thread-1] INFO  impl.RaftServerImpl (RaftServerImpl.java:setRole(170)) - d72f31eb-805b-417a-a8a3-9029fdf32487@group-A531247D4B2E: changes role from      null to FOLLOWER at term 0 for startAsFollower
2019-10-04 08:21:08,426 [pool-423-thread-1] INFO  impl.RoleInfo (RoleInfo.java:updateAndGet(143)) - d72f31eb-805b-417a-a8a3-9029fdf32487: start FollowerState
2019-10-04 08:21:08,427 [pool-423-thread-1] INFO  util.JmxRegister (JmxRegister.java:tryRegister(44)) - Successfully registered JMX Bean with object name Ratis:service=RaftServer,group=group-A531247D4B2E,id=d72f31eb-805b-417a-a8a3-9029fdf32487
2019-10-04 08:21:08,431 [RatisPipelineUtilsThread] INFO  pipeline.PipelineStateManager (PipelineStateManager.java:addPipeline(56)) - Created pipeline Pipeline[ Id: caeadd68-ed19-48bd-bf64-a531247d4b2e, Nodes: d72f31eb-805b-417a-a8a3-9029fdf32487{ip: 192.168.30.44, host: pr-hdds-2230-99mx8-1595754997, networkLocation: /default-rack, certSerialId: null}, Type:RATIS, Factor:ONE, State:OPEN]
2019-10-04 08:21:08,438 [grpc-default-executor-4] INFO  impl.RaftServerProxy (RaftServerProxy.java:addNew(89)) - a40f0c27-2271-453e-87d5-a12bab37434d: addNew group-2F44625F631A:[a40f0c27-2271-453e-87d5-a12bab37434d:192.168.30.44:38951] returns group-2F44625F631A:java.util.concurrent.CompletableFuture@38f89ab2[Not completed]
2019-10-04 08:21:08,439 [pool-433-thread-1] INFO  impl.RaftServerImpl (RaftServerImpl.java:<init>(95)) - a40f0c27-2271-453e-87d5-a12bab37434d: new RaftServerImpl for group-2F44625F631A:[a40f0c27-2271-453e-87d5-a12bab37434d:192.168.30.44:38951] with ContainerStateMachine:uninitialized
2019-10-04 08:21:08,439 [pool-433-thread-1] INFO  server.RaftServerConfigKeys (ConfUtils.java:logGet(43)) - raft.server.rpc.timeout.min = 5s (custom)
2019-10-04 08:21:08,439 [pool-433-thread-1] INFO  server.RaftServerConfigKeys (ConfUtils.java:logGet(43)) - raft.server.rpc.timeout.max = 5200ms (custom)
2019-10-04 08:21:08,439 [pool-433-thread-1] INFO  server.RaftServerConfigKeys (ConfUtils.java:logGet(43)) - raft.server.rpcslowness.timeout = 120s (custom)
2019-10-04 08:21:08,439 [pool-433-thread-1] INFO  server.RaftServerConfigKeys (ConfUtils.java:logGet(43)) - raft.server.sleep.deviation.threshold = 300 (default)
2019-10-04 08:21:08,439 [pool-433-thread-1] INFO  server.RaftServerConfigKeys (ConfUtils.java:logGet(43)) - raft.server.log.appender.install.snapshot.enabled = false (custom)
2019-10-04 08:21:08,439 [pool-433-thread-1] INFO  impl.RaftServerImpl (ServerState.java:<init>(103)) - a40f0c27-2271-453e-87d5-a12bab37434d@group-2F44625F631A: ConfigurationManager, init=-1: [a40f0c27-2271-453e-87d5-a12bab37434d:192.168.30.44:38951], old=null, confs=<EMPTY_MAP>
2019-10-04 08:21:08,439 [pool-433-thread-1] INFO  server.RaftServerConfigKeys (ConfUtils.java:logGet(43)) - raft.server.storage.dir = [/workdir/hadoop-ozone/integration-test/target/test-dir/MiniOzoneClusterImpl-50c7e7a2-c4e6-4e08-ad27-ace44f57fbc4/datanode-5/data/ratis] (custom)
2019-10-04 08:21:08,440 [pool-433-thread-1] INFO  server.RaftServerConfigKeys (ConfUtils.java:logGet(43)) - raft.server.log.corruption.policy = EXCEPTION (default)
2019-10-04 08:21:08,440 [pool-433-thread-1] INFO  storage.RaftStorageDirectory (RaftStorageDirectory.java:analyzeStorage(246)) - The storage directory /workdir/hadoop-ozone/integration-test/target/test-dir/MiniOzoneClusterImpl-50c7e7a2-c4e6-4e08-ad27-ace44f57fbc4/datanode-5/data/ratis/4366d7c3-a097-4a83-a66a-2f44625f631a does not exist. Creating ...
2019-10-04 08:21:08,443 [IPC Server handler 16 on 33688] INFO  net.NetworkTopology (NetworkTopologyImpl.java:add(111)) - Added a new node: /default-rack/e7f1519f-2b25-4fd1-ac34-f168a8409003
2019-10-04 08:21:08,444 [IPC Server handler 16 on 33688] INFO  node.SCMNodeManager (SCMNodeManager.java:register(266)) - Registered Data node : e7f1519f-2b25-4fd1-ac34-f168a8409003{ip: 192.168.30.44, host: pr-hdds-2230-99mx8-1595754997, networkLocation: /default-rack, certSerialId: null}
2019-10-04 08:21:08,444 [main] INFO  ozone.MiniOzoneClusterImpl (MiniOzoneClusterImpl.java:lambda$waitForClusterToBeReady$0(147)) - Cluster is ready. Got 7 of 7 DN Heartbeats.
2019-10-04 08:21:08,466 [pool-433-thread-1] INFO  storage.RaftStorageDirectory (RaftStorageDirectory.java:tryLock(328)) - Lock on /workdir/hadoop-ozone/integration-test/target/test-dir/MiniOzoneClusterImpl-50c7e7a2-c4e6-4e08-ad27-ace44f57fbc4/datanode-5/data/ratis/4366d7c3-a097-4a83-a66a-2f44625f631a/in_use.lock acquired by nodename 11900@pr-hdds-2230-99mx8-1595754997
2019-10-04 08:21:08,483 [main] INFO  rpc.RpcClient (RpcClient.java:createVolume(277)) - Creating Volume: watchforcommithandlingtest, with jenkins1000 as owner.
2019-10-04 08:21:08,487 [IPC Server handler 1 on 39838] INFO  volume.OMVolumeCreateRequest (OMVolumeCreateRequest.java:validateAndUpdateCache(193)) - created volume:watchforcommithandlingtest for user:jenkins1000
2019-10-04 08:21:08,501 [pool-433-thread-1] INFO  storage.RaftStorage (RaftStorage.java:format(84)) - Storage directory /workdir/hadoop-ozone/integration-test/target/test-dir/MiniOzoneClusterImpl-50c7e7a2-c4e6-4e08-ad27-ace44f57fbc4/datanode-5/data/ratis/4366d7c3-a097-4a83-a66a-2f44625f631a has been successfully formatted.
2019-10-04 08:21:08,501 [pool-433-thread-1] INFO  ratis.ContainerStateMachine (ContainerStateMachine.java:loadSnapshot(230)) - group-2F44625F631A: The snapshot info is null. Setting the last applied indexto:(t:0, i:~)
2019-10-04 08:21:08,502 [pool-433-thread-1] INFO  server.RaftServerConfigKeys (ConfUtils.java:logGet(43)) - raft.server.notification.no-leader.timeout = 120s (custom)
2019-10-04 08:21:08,502 [pool-433-thread-1] INFO  server.RaftServerConfigKeys (ConfUtils.java:logGet(43)) - raft.server.log.use.memory = false (default)
2019-10-04 08:21:08,502 [main] INFO  rpc.RpcClient (RpcClient.java:createBucket(416)) - Creating Bucket: watchforcommithandlingtest/watchforcommithandlingtest, with Versioning false and Storage Type set to DISK and Encryption set to false 
2019-10-04 08:21:08,502 [pool-433-thread-1] INFO  server.RaftServerConfigKeys (ConfUtils.java:logGet(43)) - raft.server.log.purge.gap = 1000000 (custom)
2019-10-04 08:21:08,502 [pool-433-thread-1] INFO  server.RaftServerConfigKeys (ConfUtils.java:logGet(43)) - raft.server.log.appender.buffer.byte-limit = 33554432 (custom)
2019-10-04 08:21:08,502 [pool-433-thread-1] INFO  server.RaftServerConfigKeys (ConfUtils.java:logGet(43)) - raft.server.log.segment.size.max = 1048576 (custom)
2019-10-04 08:21:08,506 [pool-433-thread-1] INFO  server.RaftServerConfigKeys (ConfUtils.java:logGet(43)) - raft.server.log.segment.cache.num.max = 2 (custom)
2019-10-04 08:21:08,506 [main] INFO  ozone.MiniOzoneClusterImpl (MiniOzoneClusterImpl.java:getStorageContainerLocationClient(234)) - Creating StorageContainerLocationProtocol RPC client with address /0.0.0.0:36495
2019-10-04 08:21:08,506 [pool-433-thread-1] INFO  segmented.SegmentedRaftLogWorker (SegmentedRaftLogWorker.java:<init>(173)) - new a40f0c27-2271-453e-87d5-a12bab37434d@group-2F44625F631A-SegmentedRaftLogWorker for RaftStorage:Storage Directory /workdir/hadoop-ozone/integration-test/target/test-dir/MiniOzoneClusterImpl-50c7e7a2-c4e6-4e08-ad27-ace44f57fbc4/datanode-5/data/ratis/4366d7c3-a097-4a83-a66a-2f44625f631a
2019-10-04 08:21:08,507 [pool-433-thread-1] INFO  server.RaftServerConfigKeys (ConfUtils.java:logGet(43)) - raft.server.log.queue.byte-limit = 2147483647 (custom)
2019-10-04 08:21:08,507 [pool-433-thread-1] INFO  server.RaftServerConfigKeys (ConfUtils.java:logGet(43)) - raft.server.log.queue.element-limit = 1024 (custom)
2019-10-04 08:21:08,507 [pool-433-thread-1] INFO  server.RaftServerConfigKeys (ConfUtils.java:logGet(43)) - raft.server.log.segment.size.max = 1048576 (custom)
2019-10-04 08:21:08,507 [pool-433-thread-1] INFO  server.RaftServerConfigKeys (ConfUtils.java:logGet(43)) - raft.server.log.preallocated.size = 16384 (custom)
2019-10-04 08:21:08,507 [pool-433-thread-1] INFO  server.RaftServerConfigKeys (ConfUtils.java:logGet(43)) - raft.server.log.write.buffer.size = 33554432 (custom)
2019-10-04 08:21:08,507 [pool-433-thread-1] INFO  server.RaftServerConfigKeys (ConfUtils.java:logGet(43)) - raft.server.log.force.sync.num = 128 (default)
2019-10-04 08:21:08,508 [pool-433-thread-1] INFO  server.RaftServerConfigKeys (ConfUtils.java:logGet(43)) - raft.server.log.statemachine.data.sync = true (default)
2019-10-04 08:21:08,508 [pool-433-thread-1] INFO  server.RaftServerConfigKeys (ConfUtils.java:logGet(43)) - raft.server.log.statemachine.data.sync.timeout = 10s (default)
2019-10-04 08:21:08,508 [pool-433-thread-1] INFO  server.RaftServerConfigKeys (ConfUtils.java:logGet(43)) - raft.server.log.statemachine.data.sync.timeout.retry = -1 (default)
2019-10-04 08:21:08,508 [pool-433-thread-1] INFO  server.RaftServerConfigKeys (ConfUtils.java:logGet(43)) - raft.server.log.statemachine.data.caching.enabled = true (custom)
2019-10-04 08:21:08,509 [pool-433-thread-1] INFO  segmented.SegmentedRaftLogWorker (SegmentedRaftLogWorker.java:lambda$new$0(128)) - a40f0c27-2271-453e-87d5-a12bab37434d@group-2F44625F631A-SegmentedRaftLogWorker: flushIndex: setUnconditionally 0 -> -1
2019-10-04 08:21:08,509 [pool-433-thread-1] INFO  server.RaftServerConfigKeys (ConfUtils.java:logGet(43)) - raft.server.snapshot.auto.trigger.enabled = true (custom)
2019-10-04 08:21:08,509 [pool-433-thread-1] INFO  server.RaftServerConfigKeys (ConfUtils.java:logGet(43)) - raft.server.snapshot.auto.trigger.threshold = 10000 (custom)
2019-10-04 08:21:08,509 [pool-433-thread-1] INFO  server.RaftServerConfigKeys (ConfUtils.java:logGet(43)) - raft.server.snapshot.retention.file.num = 5 (custom)
2019-10-04 08:21:08,509 [pool-433-thread-1] INFO  server.RaftServerConfigKeys (ConfUtils.java:logGet(43)) - raft.server.retrycache.expirytime = 600000ms (custom)
2019-10-04 08:21:08,511 [pool-433-thread-1] INFO  impl.RaftServerImpl (RaftServerImpl.java:start(181)) - a40f0c27-2271-453e-87d5-a12bab37434d@group-2F44625F631A: start as a follower, conf=-1: [a40f0c27-2271-453e-87d5-a12bab37434d:192.168.30.44:38951], old=null
2019-10-04 08:21:08,511 [pool-433-thread-1] INFO  impl.RaftServerImpl (RaftServerImpl.java:setRole(170)) - a40f0c27-2271-453e-87d5-a12bab37434d@group-2F44625F631A: changes role from      null to FOLLOWER at term 0 for startAsFollower
2019-10-04 08:21:08,512 [pool-433-thread-1] INFO  impl.RoleInfo (RoleInfo.java:updateAndGet(143)) - a40f0c27-2271-453e-87d5-a12bab37434d: start FollowerState
2019-10-04 08:21:08,512 [pool-433-thread-1] INFO  util.JmxRegister (JmxRegister.java:tryRegister(44)) - Successfully registered JMX Bean with object name Ratis:service=RaftServer,group=group-2F44625F631A,id=a40f0c27-2271-453e-87d5-a12bab37434d
2019-10-04 08:21:08,516 [RatisPipelineUtilsThread] INFO  pipeline.PipelineStateManager (PipelineStateManager.java:addPipeline(56)) - Created pipeline Pipeline[ Id: 4366d7c3-a097-4a83-a66a-2f44625f631a, Nodes: a40f0c27-2271-453e-87d5-a12bab37434d{ip: 192.168.30.44, host: pr-hdds-2230-99mx8-1595754997, networkLocation: /default-rack, certSerialId: null}, Type:RATIS, Factor:ONE, State:OPEN]
2019-10-04 08:21:08,522 [grpc-default-executor-4] INFO  impl.RaftServerProxy (RaftServerProxy.java:addNew(89)) - e7f1519f-2b25-4fd1-ac34-f168a8409003: addNew group-633E4DBF6285:[e7f1519f-2b25-4fd1-ac34-f168a8409003:192.168.30.44:37133] returns group-633E4DBF6285:java.util.concurrent.CompletableFuture@954dd01[Not completed]
2019-10-04 08:21:08,523 [pool-443-thread-1] INFO  impl.RaftServerImpl (RaftServerImpl.java:<init>(95)) - e7f1519f-2b25-4fd1-ac34-f168a8409003: new RaftServerImpl for group-633E4DBF6285:[e7f1519f-2b25-4fd1-ac34-f168a8409003:192.168.30.44:37133] with ContainerStateMachine:uninitialized
2019-10-04 08:21:08,523 [pool-443-thread-1] INFO  server.RaftServerConfigKeys (ConfUtils.java:logGet(43)) - raft.server.rpc.timeout.min = 5s (custom)
2019-10-04 08:21:08,523 [pool-443-thread-1] INFO  server.RaftServerConfigKeys (ConfUtils.java:logGet(43)) - raft.server.rpc.timeout.max = 5200ms (custom)
2019-10-04 08:21:08,523 [pool-443-thread-1] INFO  server.RaftServerConfigKeys (ConfUtils.java:logGet(43)) - raft.server.rpcslowness.timeout = 120s (custom)
2019-10-04 08:21:08,523 [pool-443-thread-1] INFO  server.RaftServerConfigKeys (ConfUtils.java:logGet(43)) - raft.server.sleep.deviation.threshold = 300 (default)
2019-10-04 08:21:08,523 [pool-443-thread-1] INFO  server.RaftServerConfigKeys (ConfUtils.java:logGet(43)) - raft.server.log.appender.install.snapshot.enabled = false (custom)
2019-10-04 08:21:08,524 [pool-443-thread-1] INFO  impl.RaftServerImpl (ServerState.java:<init>(103)) - e7f1519f-2b25-4fd1-ac34-f168a8409003@group-633E4DBF6285: ConfigurationManager, init=-1: [e7f1519f-2b25-4fd1-ac34-f168a8409003:192.168.30.44:37133], old=null, confs=<EMPTY_MAP>
2019-10-04 08:21:08,524 [pool-443-thread-1] INFO  server.RaftServerConfigKeys (ConfUtils.java:logGet(43)) - raft.server.storage.dir = [/workdir/hadoop-ozone/integration-test/target/test-dir/MiniOzoneClusterImpl-50c7e7a2-c4e6-4e08-ad27-ace44f57fbc4/datanode-6/data/ratis] (custom)
2019-10-04 08:21:08,524 [pool-443-thread-1] INFO  server.RaftServerConfigKeys (ConfUtils.java:logGet(43)) - raft.server.log.corruption.policy = EXCEPTION (default)
2019-10-04 08:21:08,524 [pool-443-thread-1] INFO  storage.RaftStorageDirectory (RaftStorageDirectory.java:analyzeStorage(246)) - The storage directory /workdir/hadoop-ozone/integration-test/target/test-dir/MiniOzoneClusterImpl-50c7e7a2-c4e6-4e08-ad27-ace44f57fbc4/datanode-6/data/ratis/26b7fbf9-6381-47a6-b01f-633e4dbf6285 does not exist. Creating ...
2019-10-04 08:21:08,547 [pool-443-thread-1] INFO  storage.RaftStorageDirectory (RaftStorageDirectory.java:tryLock(328)) - Lock on /workdir/hadoop-ozone/integration-test/target/test-dir/MiniOzoneClusterImpl-50c7e7a2-c4e6-4e08-ad27-ace44f57fbc4/datanode-6/data/ratis/26b7fbf9-6381-47a6-b01f-633e4dbf6285/in_use.lock acquired by nodename 11900@pr-hdds-2230-99mx8-1595754997
2019-10-04 08:21:08,572 [pool-443-thread-1] INFO  storage.RaftStorage (RaftStorage.java:format(84)) - Storage directory /workdir/hadoop-ozone/integration-test/target/test-dir/MiniOzoneClusterImpl-50c7e7a2-c4e6-4e08-ad27-ace44f57fbc4/datanode-6/data/ratis/26b7fbf9-6381-47a6-b01f-633e4dbf6285 has been successfully formatted.
2019-10-04 08:21:08,572 [pool-443-thread-1] INFO  ratis.ContainerStateMachine (ContainerStateMachine.java:loadSnapshot(230)) - group-633E4DBF6285: The snapshot info is null. Setting the last applied indexto:(t:0, i:~)
2019-10-04 08:21:08,572 [pool-443-thread-1] INFO  server.RaftServerConfigKeys (ConfUtils.java:logGet(43)) - raft.server.notification.no-leader.timeout = 120s (custom)
2019-10-04 08:21:08,572 [pool-443-thread-1] INFO  server.RaftServerConfigKeys (ConfUtils.java:logGet(43)) - raft.server.log.use.memory = false (default)
2019-10-04 08:21:08,573 [pool-443-thread-1] INFO  server.RaftServerConfigKeys (ConfUtils.java:logGet(43)) - raft.server.log.purge.gap = 1000000 (custom)
2019-10-04 08:21:08,573 [pool-443-thread-1] INFO  server.RaftServerConfigKeys (ConfUtils.java:logGet(43)) - raft.server.log.appender.buffer.byte-limit = 33554432 (custom)
2019-10-04 08:21:08,573 [pool-443-thread-1] INFO  server.RaftServerConfigKeys (ConfUtils.java:logGet(43)) - raft.server.log.segment.size.max = 1048576 (custom)
2019-10-04 08:21:08,574 [pool-443-thread-1] INFO  server.RaftServerConfigKeys (ConfUtils.java:logGet(43)) - raft.server.log.segment.cache.num.max = 2 (custom)
2019-10-04 08:21:08,574 [pool-443-thread-1] INFO  segmented.SegmentedRaftLogWorker (SegmentedRaftLogWorker.java:<init>(173)) - new e7f1519f-2b25-4fd1-ac34-f168a8409003@group-633E4DBF6285-SegmentedRaftLogWorker for RaftStorage:Storage Directory /workdir/hadoop-ozone/integration-test/target/test-dir/MiniOzoneClusterImpl-50c7e7a2-c4e6-4e08-ad27-ace44f57fbc4/datanode-6/data/ratis/26b7fbf9-6381-47a6-b01f-633e4dbf6285
2019-10-04 08:21:08,575 [pool-443-thread-1] INFO  server.RaftServerConfigKeys (ConfUtils.java:logGet(43)) - raft.server.log.queue.byte-limit = 2147483647 (custom)
2019-10-04 08:21:08,575 [pool-443-thread-1] INFO  server.RaftServerConfigKeys (ConfUtils.java:logGet(43)) - raft.server.log.queue.element-limit = 1024 (custom)
2019-10-04 08:21:08,575 [pool-443-thread-1] INFO  server.RaftServerConfigKeys (ConfUtils.java:logGet(43)) - raft.server.log.segment.size.max = 1048576 (custom)
2019-10-04 08:21:08,575 [pool-443-thread-1] INFO  server.RaftServerConfigKeys (ConfUtils.java:logGet(43)) - raft.server.log.preallocated.size = 16384 (custom)
2019-10-04 08:21:08,575 [pool-443-thread-1] INFO  server.RaftServerConfigKeys (ConfUtils.java:logGet(43)) - raft.server.log.write.buffer.size = 33554432 (custom)
2019-10-04 08:21:08,575 [pool-443-thread-1] INFO  server.RaftServerConfigKeys (ConfUtils.java:logGet(43)) - raft.server.log.force.sync.num = 128 (default)
2019-10-04 08:21:08,575 [pool-443-thread-1] INFO  server.RaftServerConfigKeys (ConfUtils.java:logGet(43)) - raft.server.log.statemachine.data.sync = true (default)
2019-10-04 08:21:08,575 [pool-443-thread-1] INFO  server.RaftServerConfigKeys (ConfUtils.java:logGet(43)) - raft.server.log.statemachine.data.sync.timeout = 10s (default)
2019-10-04 08:21:08,576 [pool-443-thread-1] INFO  server.RaftServerConfigKeys (ConfUtils.java:logGet(43)) - raft.server.log.statemachine.data.sync.timeout.retry = -1 (default)
2019-10-04 08:21:08,576 [pool-443-thread-1] INFO  server.RaftServerConfigKeys (ConfUtils.java:logGet(43)) - raft.server.log.statemachine.data.caching.enabled = true (custom)
2019-10-04 08:21:08,576 [pool-443-thread-1] INFO  segmented.SegmentedRaftLogWorker (SegmentedRaftLogWorker.java:lambda$new$0(128)) - e7f1519f-2b25-4fd1-ac34-f168a8409003@group-633E4DBF6285-SegmentedRaftLogWorker: flushIndex: setUnconditionally 0 -> -1
2019-10-04 08:21:08,576 [pool-443-thread-1] INFO  server.RaftServerConfigKeys (ConfUtils.java:logGet(43)) - raft.server.snapshot.auto.trigger.enabled = true (custom)
2019-10-04 08:21:08,576 [pool-443-thread-1] INFO  server.RaftServerConfigKeys (ConfUtils.java:logGet(43)) - raft.server.snapshot.auto.trigger.threshold = 10000 (custom)
2019-10-04 08:21:08,577 [pool-443-thread-1] INFO  server.RaftServerConfigKeys (ConfUtils.java:logGet(43)) - raft.server.snapshot.retention.file.num = 5 (custom)
2019-10-04 08:21:08,577 [pool-443-thread-1] INFO  server.RaftServerConfigKeys (ConfUtils.java:logGet(43)) - raft.server.retrycache.expirytime = 600000ms (custom)
2019-10-04 08:21:08,578 [pool-443-thread-1] INFO  impl.RaftServerImpl (RaftServerImpl.java:start(181)) - e7f1519f-2b25-4fd1-ac34-f168a8409003@group-633E4DBF6285: start as a follower, conf=-1: [e7f1519f-2b25-4fd1-ac34-f168a8409003:192.168.30.44:37133], old=null
2019-10-04 08:21:08,578 [pool-443-thread-1] INFO  impl.RaftServerImpl (RaftServerImpl.java:setRole(170)) - e7f1519f-2b25-4fd1-ac34-f168a8409003@group-633E4DBF6285: changes role from      null to FOLLOWER at term 0 for startAsFollower
2019-10-04 08:21:08,578 [pool-443-thread-1] INFO  impl.RoleInfo (RoleInfo.java:updateAndGet(143)) - e7f1519f-2b25-4fd1-ac34-f168a8409003: start FollowerState
2019-10-04 08:21:08,579 [pool-443-thread-1] INFO  util.JmxRegister (JmxRegister.java:tryRegister(44)) - Successfully registered JMX Bean with object name Ratis:service=RaftServer,group=group-633E4DBF6285,id=e7f1519f-2b25-4fd1-ac34-f168a8409003
2019-10-04 08:21:08,582 [RatisPipelineUtilsThread] INFO  pipeline.PipelineStateManager (PipelineStateManager.java:addPipeline(56)) - Created pipeline Pipeline[ Id: 26b7fbf9-6381-47a6-b01f-633e4dbf6285, Nodes: e7f1519f-2b25-4fd1-ac34-f168a8409003{ip: 192.168.30.44, host: pr-hdds-2230-99mx8-1595754997, networkLocation: /default-rack, certSerialId: null}, Type:RATIS, Factor:ONE, State:OPEN]
2019-10-04 08:21:08,595 [grpc-default-executor-1] INFO  impl.RaftServerProxy (RaftServerProxy.java:addNew(89)) - 7b9f80e2-4958-4b1f-a1e4-7edd811af448: addNew group-E1427B7DB9F0:[7b9f80e2-4958-4b1f-a1e4-7edd811af448:192.168.30.44:43702, a40f0c27-2271-453e-87d5-a12bab37434d:192.168.30.44:38951, 0c69f7ff-6154-4442-b28b-f48999afb2ed:192.168.30.44:41108] returns group-E1427B7DB9F0:java.util.concurrent.CompletableFuture@7bdf4364[Not completed]
2019-10-04 08:21:08,595 [grpc-default-executor-4] INFO  impl.RaftServerProxy (RaftServerProxy.java:addNew(89)) - a40f0c27-2271-453e-87d5-a12bab37434d: addNew group-E1427B7DB9F0:[7b9f80e2-4958-4b1f-a1e4-7edd811af448:192.168.30.44:43702, a40f0c27-2271-453e-87d5-a12bab37434d:192.168.30.44:38951, 0c69f7ff-6154-4442-b28b-f48999afb2ed:192.168.30.44:41108] returns group-E1427B7DB9F0:java.util.concurrent.CompletableFuture@7e77ce26[Not completed]
2019-10-04 08:21:08,596 [pool-413-thread-1] INFO  impl.RaftServerImpl (RaftServerImpl.java:<init>(95)) - 7b9f80e2-4958-4b1f-a1e4-7edd811af448: new RaftServerImpl for group-E1427B7DB9F0:[7b9f80e2-4958-4b1f-a1e4-7edd811af448:192.168.30.44:43702, a40f0c27-2271-453e-87d5-a12bab37434d:192.168.30.44:38951, 0c69f7ff-6154-4442-b28b-f48999afb2ed:192.168.30.44:41108] with ContainerStateMachine:uninitialized
2019-10-04 08:21:08,596 [grpc-default-executor-6] INFO  impl.RaftServerProxy (RaftServerProxy.java:addNew(89)) - 0c69f7ff-6154-4442-b28b-f48999afb2ed: addNew group-E1427B7DB9F0:[7b9f80e2-4958-4b1f-a1e4-7edd811af448:192.168.30.44:43702, a40f0c27-2271-453e-87d5-a12bab37434d:192.168.30.44:38951, 0c69f7ff-6154-4442-b28b-f48999afb2ed:192.168.30.44:41108] returns group-E1427B7DB9F0:java.util.concurrent.CompletableFuture@17e0e2a5[Not completed]
2019-10-04 08:21:08,596 [pool-413-thread-1] INFO  server.RaftServerConfigKeys (ConfUtils.java:logGet(43)) - raft.server.rpc.timeout.min = 5s (custom)
2019-10-04 08:21:08,596 [pool-413-thread-1] INFO  server.RaftServerConfigKeys (ConfUtils.java:logGet(43)) - raft.server.rpc.timeout.max = 5200ms (custom)
2019-10-04 08:21:08,596 [pool-413-thread-1] INFO  server.RaftServerConfigKeys (ConfUtils.java:logGet(43)) - raft.server.rpcslowness.timeout = 120s (custom)
2019-10-04 08:21:08,596 [pool-433-thread-1] INFO  impl.RaftServerImpl (RaftServerImpl.java:<init>(95)) - a40f0c27-2271-453e-87d5-a12bab37434d: new RaftServerImpl for group-E1427B7DB9F0:[7b9f80e2-4958-4b1f-a1e4-7edd811af448:192.168.30.44:43702, a40f0c27-2271-453e-87d5-a12bab37434d:192.168.30.44:38951, 0c69f7ff-6154-4442-b28b-f48999afb2ed:192.168.30.44:41108] with ContainerStateMachine:uninitialized
2019-10-04 08:21:08,596 [pool-413-thread-1] INFO  server.RaftServerConfigKeys (ConfUtils.java:logGet(43)) - raft.server.sleep.deviation.threshold = 300 (default)
2019-10-04 08:21:08,597 [pool-433-thread-1] INFO  server.RaftServerConfigKeys (ConfUtils.java:logGet(43)) - raft.server.rpc.timeout.min = 5s (custom)
2019-10-04 08:21:08,597 [pool-413-thread-1] INFO  server.RaftServerConfigKeys (ConfUtils.java:logGet(43)) - raft.server.log.appender.install.snapshot.enabled = false (custom)
2019-10-04 08:21:08,597 [pool-433-thread-1] INFO  server.RaftServerConfigKeys (ConfUtils.java:logGet(43)) - raft.server.rpc.timeout.max = 5200ms (custom)
2019-10-04 08:21:08,597 [pool-413-thread-1] INFO  impl.RaftServerImpl (ServerState.java:<init>(103)) - 7b9f80e2-4958-4b1f-a1e4-7edd811af448@group-E1427B7DB9F0: ConfigurationManager, init=-1: [7b9f80e2-4958-4b1f-a1e4-7edd811af448:192.168.30.44:43702, a40f0c27-2271-453e-87d5-a12bab37434d:192.168.30.44:38951, 0c69f7ff-6154-4442-b28b-f48999afb2ed:192.168.30.44:41108], old=null, confs=<EMPTY_MAP>
2019-10-04 08:21:08,597 [pool-393-thread-1] INFO  impl.RaftServerImpl (RaftServerImpl.java:<init>(95)) - 0c69f7ff-6154-4442-b28b-f48999afb2ed: new RaftServerImpl for group-E1427B7DB9F0:[7b9f80e2-4958-4b1f-a1e4-7edd811af448:192.168.30.44:43702, a40f0c27-2271-453e-87d5-a12bab37434d:192.168.30.44:38951, 0c69f7ff-6154-4442-b28b-f48999afb2ed:192.168.30.44:41108] with ContainerStateMachine:uninitialized
2019-10-04 08:21:08,597 [pool-413-thread-1] INFO  server.RaftServerConfigKeys (ConfUtils.java:logGet(43)) - raft.server.storage.dir = [/workdir/hadoop-ozone/integration-test/target/test-dir/MiniOzoneClusterImpl-50c7e7a2-c4e6-4e08-ad27-ace44f57fbc4/datanode-3/data/ratis] (custom)
2019-10-04 08:21:08,597 [pool-433-thread-1] INFO  server.RaftServerConfigKeys (ConfUtils.java:logGet(43)) - raft.server.rpcslowness.timeout = 120s (custom)
2019-10-04 08:21:08,597 [pool-413-thread-1] INFO  server.RaftServerConfigKeys (ConfUtils.java:logGet(43)) - raft.server.log.corruption.policy = EXCEPTION (default)
2019-10-04 08:21:08,597 [pool-393-thread-1] INFO  server.RaftServerConfigKeys (ConfUtils.java:logGet(43)) - raft.server.rpc.timeout.min = 5s (custom)
2019-10-04 08:21:08,598 [pool-413-thread-1] INFO  storage.RaftStorageDirectory (RaftStorageDirectory.java:analyzeStorage(246)) - The storage directory /workdir/hadoop-ozone/integration-test/target/test-dir/MiniOzoneClusterImpl-50c7e7a2-c4e6-4e08-ad27-ace44f57fbc4/datanode-3/data/ratis/2825e4da-6549-465b-9e74-e1427b7db9f0 does not exist. Creating ...
2019-10-04 08:21:08,598 [pool-433-thread-1] INFO  server.RaftServerConfigKeys (ConfUtils.java:logGet(43)) - raft.server.sleep.deviation.threshold = 300 (default)
2019-10-04 08:21:08,598 [pool-393-thread-1] INFO  server.RaftServerConfigKeys (ConfUtils.java:logGet(43)) - raft.server.rpc.timeout.max = 5200ms (custom)
2019-10-04 08:21:08,598 [pool-433-thread-1] INFO  server.RaftServerConfigKeys (ConfUtils.java:logGet(43)) - raft.server.log.appender.install.snapshot.enabled = false (custom)
2019-10-04 08:21:08,598 [pool-393-thread-1] INFO  server.RaftServerConfigKeys (ConfUtils.java:logGet(43)) - raft.server.rpcslowness.timeout = 120s (custom)
2019-10-04 08:21:08,598 [pool-433-thread-1] INFO  impl.RaftServerImpl (ServerState.java:<init>(103)) - a40f0c27-2271-453e-87d5-a12bab37434d@group-E1427B7DB9F0: ConfigurationManager, init=-1: [7b9f80e2-4958-4b1f-a1e4-7edd811af448:192.168.30.44:43702, a40f0c27-2271-453e-87d5-a12bab37434d:192.168.30.44:38951, 0c69f7ff-6154-4442-b28b-f48999afb2ed:192.168.30.44:41108], old=null, confs=<EMPTY_MAP>
2019-10-04 08:21:08,598 [pool-393-thread-1] INFO  server.RaftServerConfigKeys (ConfUtils.java:logGet(43)) - raft.server.sleep.deviation.threshold = 300 (default)
2019-10-04 08:21:08,598 [pool-433-thread-1] INFO  server.RaftServerConfigKeys (ConfUtils.java:logGet(43)) - raft.server.storage.dir = [/workdir/hadoop-ozone/integration-test/target/test-dir/MiniOzoneClusterImpl-50c7e7a2-c4e6-4e08-ad27-ace44f57fbc4/datanode-5/data/ratis] (custom)
2019-10-04 08:21:08,599 [pool-393-thread-1] INFO  server.RaftServerConfigKeys (ConfUtils.java:logGet(43)) - raft.server.log.appender.install.snapshot.enabled = false (custom)
2019-10-04 08:21:08,599 [pool-393-thread-1] INFO  impl.RaftServerImpl (ServerState.java:<init>(103)) - 0c69f7ff-6154-4442-b28b-f48999afb2ed@group-E1427B7DB9F0: ConfigurationManager, init=-1: [7b9f80e2-4958-4b1f-a1e4-7edd811af448:192.168.30.44:43702, a40f0c27-2271-453e-87d5-a12bab37434d:192.168.30.44:38951, 0c69f7ff-6154-4442-b28b-f48999afb2ed:192.168.30.44:41108], old=null, confs=<EMPTY_MAP>
2019-10-04 08:21:08,599 [pool-433-thread-1] INFO  server.RaftServerConfigKeys (ConfUtils.java:logGet(43)) - raft.server.log.corruption.policy = EXCEPTION (default)
2019-10-04 08:21:08,599 [pool-393-thread-1] INFO  server.RaftServerConfigKeys (ConfUtils.java:logGet(43)) - raft.server.storage.dir = [/workdir/hadoop-ozone/integration-test/target/test-dir/MiniOzoneClusterImpl-50c7e7a2-c4e6-4e08-ad27-ace44f57fbc4/datanode-1/data/ratis] (custom)
2019-10-04 08:21:08,599 [pool-433-thread-1] INFO  storage.RaftStorageDirectory (RaftStorageDirectory.java:analyzeStorage(246)) - The storage directory /workdir/hadoop-ozone/integration-test/target/test-dir/MiniOzoneClusterImpl-50c7e7a2-c4e6-4e08-ad27-ace44f57fbc4/datanode-5/data/ratis/2825e4da-6549-465b-9e74-e1427b7db9f0 does not exist. Creating ...
2019-10-04 08:21:08,599 [pool-393-thread-1] INFO  server.RaftServerConfigKeys (ConfUtils.java:logGet(43)) - raft.server.log.corruption.policy = EXCEPTION (default)
2019-10-04 08:21:08,599 [pool-393-thread-1] INFO  storage.RaftStorageDirectory (RaftStorageDirectory.java:analyzeStorage(246)) - The storage directory /workdir/hadoop-ozone/integration-test/target/test-dir/MiniOzoneClusterImpl-50c7e7a2-c4e6-4e08-ad27-ace44f57fbc4/datanode-1/data/ratis/2825e4da-6549-465b-9e74-e1427b7db9f0 does not exist. Creating ...
2019-10-04 08:21:08,623 [pool-413-thread-1] INFO  storage.RaftStorageDirectory (RaftStorageDirectory.java:tryLock(328)) - Lock on /workdir/hadoop-ozone/integration-test/target/test-dir/MiniOzoneClusterImpl-50c7e7a2-c4e6-4e08-ad27-ace44f57fbc4/datanode-3/data/ratis/2825e4da-6549-465b-9e74-e1427b7db9f0/in_use.lock acquired by nodename 11900@pr-hdds-2230-99mx8-1595754997
2019-10-04 08:21:08,623 [pool-393-thread-1] INFO  storage.RaftStorageDirectory (RaftStorageDirectory.java:tryLock(328)) - Lock on /workdir/hadoop-ozone/integration-test/target/test-dir/MiniOzoneClusterImpl-50c7e7a2-c4e6-4e08-ad27-ace44f57fbc4/datanode-1/data/ratis/2825e4da-6549-465b-9e74-e1427b7db9f0/in_use.lock acquired by nodename 11900@pr-hdds-2230-99mx8-1595754997
2019-10-04 08:21:08,623 [pool-433-thread-1] INFO  storage.RaftStorageDirectory (RaftStorageDirectory.java:tryLock(328)) - Lock on /workdir/hadoop-ozone/integration-test/target/test-dir/MiniOzoneClusterImpl-50c7e7a2-c4e6-4e08-ad27-ace44f57fbc4/datanode-5/data/ratis/2825e4da-6549-465b-9e74-e1427b7db9f0/in_use.lock acquired by nodename 11900@pr-hdds-2230-99mx8-1595754997
2019-10-04 08:21:08,649 [pool-413-thread-1] INFO  storage.RaftStorage (RaftStorage.java:format(84)) - Storage directory /workdir/hadoop-ozone/integration-test/target/test-dir/MiniOzoneClusterImpl-50c7e7a2-c4e6-4e08-ad27-ace44f57fbc4/datanode-3/data/ratis/2825e4da-6549-465b-9e74-e1427b7db9f0 has been successfully formatted.
2019-10-04 08:21:08,649 [pool-393-thread-1] INFO  storage.RaftStorage (RaftStorage.java:format(84)) - Storage directory /workdir/hadoop-ozone/integration-test/target/test-dir/MiniOzoneClusterImpl-50c7e7a2-c4e6-4e08-ad27-ace44f57fbc4/datanode-1/data/ratis/2825e4da-6549-465b-9e74-e1427b7db9f0 has been successfully formatted.
2019-10-04 08:21:08,649 [pool-433-thread-1] INFO  storage.RaftStorage (RaftStorage.java:format(84)) - Storage directory /workdir/hadoop-ozone/integration-test/target/test-dir/MiniOzoneClusterImpl-50c7e7a2-c4e6-4e08-ad27-ace44f57fbc4/datanode-5/data/ratis/2825e4da-6549-465b-9e74-e1427b7db9f0 has been successfully formatted.
2019-10-04 08:21:08,649 [pool-393-thread-1] INFO  ratis.ContainerStateMachine (ContainerStateMachine.java:loadSnapshot(230)) - group-E1427B7DB9F0: The snapshot info is null. Setting the last applied indexto:(t:0, i:~)
2019-10-04 08:21:08,649 [pool-413-thread-1] INFO  ratis.ContainerStateMachine (ContainerStateMachine.java:loadSnapshot(230)) - group-E1427B7DB9F0: The snapshot info is null. Setting the last applied indexto:(t:0, i:~)
2019-10-04 08:21:08,650 [pool-393-thread-1] INFO  server.RaftServerConfigKeys (ConfUtils.java:logGet(43)) - raft.server.notification.no-leader.timeout = 120s (custom)
2019-10-04 08:21:08,649 [pool-433-thread-1] INFO  ratis.ContainerStateMachine (ContainerStateMachine.java:loadSnapshot(230)) - group-E1427B7DB9F0: The snapshot info is null. Setting the last applied indexto:(t:0, i:~)
2019-10-04 08:21:08,650 [pool-393-thread-1] INFO  server.RaftServerConfigKeys (ConfUtils.java:logGet(43)) - raft.server.log.use.memory = false (default)
2019-10-04 08:21:08,650 [pool-413-thread-1] INFO  server.RaftServerConfigKeys (ConfUtils.java:logGet(43)) - raft.server.notification.no-leader.timeout = 120s (custom)
2019-10-04 08:21:08,650 [pool-393-thread-1] INFO  server.RaftServerConfigKeys (ConfUtils.java:logGet(43)) - raft.server.log.purge.gap = 1000000 (custom)
2019-10-04 08:21:08,650 [pool-433-thread-1] INFO  server.RaftServerConfigKeys (ConfUtils.java:logGet(43)) - raft.server.notification.no-leader.timeout = 120s (custom)
2019-10-04 08:21:08,650 [pool-393-thread-1] INFO  server.RaftServerConfigKeys (ConfUtils.java:logGet(43)) - raft.server.log.appender.buffer.byte-limit = 33554432 (custom)
2019-10-04 08:21:08,650 [pool-413-thread-1] INFO  server.RaftServerConfigKeys (ConfUtils.java:logGet(43)) - raft.server.log.use.memory = false (default)
2019-10-04 08:21:08,651 [pool-393-thread-1] INFO  server.RaftServerConfigKeys (ConfUtils.java:logGet(43)) - raft.server.log.segment.size.max = 1048576 (custom)
2019-10-04 08:21:08,651 [pool-433-thread-1] INFO  server.RaftServerConfigKeys (ConfUtils.java:logGet(43)) - raft.server.log.use.memory = false (default)
2019-10-04 08:21:08,651 [pool-393-thread-1] INFO  server.RaftServerConfigKeys (ConfUtils.java:logGet(43)) - raft.server.log.segment.cache.num.max = 2 (custom)
2019-10-04 08:21:08,651 [pool-413-thread-1] INFO  server.RaftServerConfigKeys (ConfUtils.java:logGet(43)) - raft.server.log.purge.gap = 1000000 (custom)
2019-10-04 08:21:08,651 [pool-393-thread-1] INFO  segmented.SegmentedRaftLogWorker (SegmentedRaftLogWorker.java:<init>(173)) - new 0c69f7ff-6154-4442-b28b-f48999afb2ed@group-E1427B7DB9F0-SegmentedRaftLogWorker for RaftStorage:Storage Directory /workdir/hadoop-ozone/integration-test/target/test-dir/MiniOzoneClusterImpl-50c7e7a2-c4e6-4e08-ad27-ace44f57fbc4/datanode-1/data/ratis/2825e4da-6549-465b-9e74-e1427b7db9f0
2019-10-04 08:21:08,651 [pool-433-thread-1] INFO  server.RaftServerConfigKeys (ConfUtils.java:logGet(43)) - raft.server.log.purge.gap = 1000000 (custom)
2019-10-04 08:21:08,652 [pool-393-thread-1] INFO  server.RaftServerConfigKeys (ConfUtils.java:logGet(43)) - raft.server.log.queue.byte-limit = 2147483647 (custom)
2019-10-04 08:21:08,652 [pool-413-thread-1] INFO  server.RaftServerConfigKeys (ConfUtils.java:logGet(43)) - raft.server.log.appender.buffer.byte-limit = 33554432 (custom)
2019-10-04 08:21:08,652 [pool-393-thread-1] INFO  server.RaftServerConfigKeys (ConfUtils.java:logGet(43)) - raft.server.log.queue.element-limit = 1024 (custom)
2019-10-04 08:21:08,652 [pool-433-thread-1] INFO  server.RaftServerConfigKeys (ConfUtils.java:logGet(43)) - raft.server.log.appender.buffer.byte-limit = 33554432 (custom)
2019-10-04 08:21:08,652 [pool-393-thread-1] INFO  server.RaftServerConfigKeys (ConfUtils.java:logGet(43)) - raft.server.log.segment.size.max = 1048576 (custom)
2019-10-04 08:21:08,652 [pool-413-thread-1] INFO  server.RaftServerConfigKeys (ConfUtils.java:logGet(43)) - raft.server.log.segment.size.max = 1048576 (custom)
2019-10-04 08:21:08,653 [pool-393-thread-1] INFO  server.RaftServerConfigKeys (ConfUtils.java:logGet(43)) - raft.server.log.preallocated.size = 16384 (custom)
2019-10-04 08:21:08,652 [pool-433-thread-1] INFO  server.RaftServerConfigKeys (ConfUtils.java:logGet(43)) - raft.server.log.segment.size.max = 1048576 (custom)
2019-10-04 08:21:08,653 [pool-393-thread-1] INFO  server.RaftServerConfigKeys (ConfUtils.java:logGet(43)) - raft.server.log.write.buffer.size = 33554432 (custom)
2019-10-04 08:21:08,653 [pool-413-thread-1] INFO  server.RaftServerConfigKeys (ConfUtils.java:logGet(43)) - raft.server.log.segment.cache.num.max = 2 (custom)
2019-10-04 08:21:08,653 [pool-393-thread-1] INFO  server.RaftServerConfigKeys (ConfUtils.java:logGet(43)) - raft.server.log.force.sync.num = 128 (default)
2019-10-04 08:21:08,653 [pool-433-thread-1] INFO  server.RaftServerConfigKeys (ConfUtils.java:logGet(43)) - raft.server.log.segment.cache.num.max = 2 (custom)
2019-10-04 08:21:08,653 [pool-393-thread-1] INFO  server.RaftServerConfigKeys (ConfUtils.java:logGet(43)) - raft.server.log.statemachine.data.sync = true (default)
2019-10-04 08:21:08,653 [pool-413-thread-1] INFO  segmented.SegmentedRaftLogWorker (SegmentedRaftLogWorker.java:<init>(173)) - new 7b9f80e2-4958-4b1f-a1e4-7edd811af448@group-E1427B7DB9F0-SegmentedRaftLogWorker for RaftStorage:Storage Directory /workdir/hadoop-ozone/integration-test/target/test-dir/MiniOzoneClusterImpl-50c7e7a2-c4e6-4e08-ad27-ace44f57fbc4/datanode-3/data/ratis/2825e4da-6549-465b-9e74-e1427b7db9f0
2019-10-04 08:21:08,654 [pool-393-thread-1] INFO  server.RaftServerConfigKeys (ConfUtils.java:logGet(43)) - raft.server.log.statemachine.data.sync.timeout = 10s (default)
2019-10-04 08:21:08,654 [pool-433-thread-1] INFO  segmented.SegmentedRaftLogWorker (SegmentedRaftLogWorker.java:<init>(173)) - new a40f0c27-2271-453e-87d5-a12bab37434d@group-E1427B7DB9F0-SegmentedRaftLogWorker for RaftStorage:Storage Directory /workdir/hadoop-ozone/integration-test/target/test-dir/MiniOzoneClusterImpl-50c7e7a2-c4e6-4e08-ad27-ace44f57fbc4/datanode-5/data/ratis/2825e4da-6549-465b-9e74-e1427b7db9f0
2019-10-04 08:21:08,654 [pool-393-thread-1] INFO  server.RaftServerConfigKeys (ConfUtils.java:logGet(43)) - raft.server.log.statemachine.data.sync.timeout.retry = -1 (default)
2019-10-04 08:21:08,654 [pool-413-thread-1] INFO  server.RaftServerConfigKeys (ConfUtils.java:logGet(43)) - raft.server.log.queue.byte-limit = 2147483647 (custom)
2019-10-04 08:21:08,655 [pool-393-thread-1] INFO  server.RaftServerConfigKeys (ConfUtils.java:logGet(43)) - raft.server.log.statemachine.data.caching.enabled = true (custom)
2019-10-04 08:21:08,654 [pool-433-thread-1] INFO  server.RaftServerConfigKeys (ConfUtils.java:logGet(43)) - raft.server.log.queue.byte-limit = 2147483647 (custom)
2019-10-04 08:21:08,655 [pool-413-thread-1] INFO  server.RaftServerConfigKeys (ConfUtils.java:logGet(43)) - raft.server.log.queue.element-limit = 1024 (custom)
2019-10-04 08:21:08,655 [pool-393-thread-1] INFO  segmented.SegmentedRaftLogWorker (SegmentedRaftLogWorker.java:lambda$new$0(128)) - 0c69f7ff-6154-4442-b28b-f48999afb2ed@group-E1427B7DB9F0-SegmentedRaftLogWorker: flushIndex: setUnconditionally 0 -> -1
2019-10-04 08:21:08,655 [pool-433-thread-1] INFO  server.RaftServerConfigKeys (ConfUtils.java:logGet(43)) - raft.server.log.queue.element-limit = 1024 (custom)
2019-10-04 08:21:08,655 [pool-413-thread-1] INFO  server.RaftServerConfigKeys (ConfUtils.java:logGet(43)) - raft.server.log.segment.size.max = 1048576 (custom)
2019-10-04 08:21:08,655 [pool-433-thread-1] INFO  server.RaftServerConfigKeys (ConfUtils.java:logGet(43)) - raft.server.log.segment.size.max = 1048576 (custom)
2019-10-04 08:21:08,655 [pool-413-thread-1] INFO  server.RaftServerConfigKeys (ConfUtils.java:logGet(43)) - raft.server.log.preallocated.size = 16384 (custom)
2019-10-04 08:21:08,655 [pool-393-thread-1] INFO  server.RaftServerConfigKeys (ConfUtils.java:logGet(43)) - raft.server.snapshot.auto.trigger.enabled = true (custom)
2019-10-04 08:21:08,656 [pool-413-thread-1] INFO  server.RaftServerConfigKeys (ConfUtils.java:logGet(43)) - raft.server.log.write.buffer.size = 33554432 (custom)
2019-10-04 08:21:08,656 [pool-433-thread-1] INFO  server.RaftServerConfigKeys (ConfUtils.java:logGet(43)) - raft.server.log.preallocated.size = 16384 (custom)
2019-10-04 08:21:08,656 [pool-413-thread-1] INFO  server.RaftServerConfigKeys (ConfUtils.java:logGet(43)) - raft.server.log.force.sync.num = 128 (default)
2019-10-04 08:21:08,656 [pool-393-thread-1] INFO  server.RaftServerConfigKeys (ConfUtils.java:logGet(43)) - raft.server.snapshot.auto.trigger.threshold = 10000 (custom)
2019-10-04 08:21:08,656 [pool-413-thread-1] INFO  server.RaftServerConfigKeys (ConfUtils.java:logGet(43)) - raft.server.log.statemachine.data.sync = true (default)
2019-10-04 08:21:08,656 [pool-433-thread-1] INFO  server.RaftServerConfigKeys (ConfUtils.java:logGet(43)) - raft.server.log.write.buffer.size = 33554432 (custom)
2019-10-04 08:21:08,657 [pool-413-thread-1] INFO  server.RaftServerConfigKeys (ConfUtils.java:logGet(43)) - raft.server.log.statemachine.data.sync.timeout = 10s (default)
2019-10-04 08:21:08,656 [pool-393-thread-1] INFO  server.RaftServerConfigKeys (ConfUtils.java:logGet(43)) - raft.server.snapshot.retention.file.num = 5 (custom)
2019-10-04 08:21:08,657 [pool-413-thread-1] INFO  server.RaftServerConfigKeys (ConfUtils.java:logGet(43)) - raft.server.log.statemachine.data.sync.timeout.retry = -1 (default)
2019-10-04 08:21:08,657 [pool-433-thread-1] INFO  server.RaftServerConfigKeys (ConfUtils.java:logGet(43)) - raft.server.log.force.sync.num = 128 (default)
2019-10-04 08:21:08,657 [pool-413-thread-1] INFO  server.RaftServerConfigKeys (ConfUtils.java:logGet(43)) - raft.server.log.statemachine.data.caching.enabled = true (custom)
2019-10-04 08:21:08,657 [pool-393-thread-1] INFO  server.RaftServerConfigKeys (ConfUtils.java:logGet(43)) - raft.server.retrycache.expirytime = 600000ms (custom)
2019-10-04 08:21:08,658 [pool-413-thread-1] INFO  segmented.SegmentedRaftLogWorker (SegmentedRaftLogWorker.java:lambda$new$0(128)) - 7b9f80e2-4958-4b1f-a1e4-7edd811af448@group-E1427B7DB9F0-SegmentedRaftLogWorker: flushIndex: setUnconditionally 0 -> -1
2019-10-04 08:21:08,657 [pool-433-thread-1] INFO  server.RaftServerConfigKeys (ConfUtils.java:logGet(43)) - raft.server.log.statemachine.data.sync = true (default)
2019-10-04 08:21:08,658 [pool-413-thread-1] INFO  server.RaftServerConfigKeys (ConfUtils.java:logGet(43)) - raft.server.snapshot.auto.trigger.enabled = true (custom)
2019-10-04 08:21:08,658 [pool-433-thread-1] INFO  server.RaftServerConfigKeys (ConfUtils.java:logGet(43)) - raft.server.log.statemachine.data.sync.timeout = 10s (default)
2019-10-04 08:21:08,658 [pool-413-thread-1] INFO  server.RaftServerConfigKeys (ConfUtils.java:logGet(43)) - raft.server.snapshot.auto.trigger.threshold = 10000 (custom)
2019-10-04 08:21:08,658 [pool-433-thread-1] INFO  server.RaftServerConfigKeys (ConfUtils.java:logGet(43)) - raft.server.log.statemachine.data.sync.timeout.retry = -1 (default)
2019-10-04 08:21:08,658 [pool-413-thread-1] INFO  server.RaftServerConfigKeys (ConfUtils.java:logGet(43)) - raft.server.snapshot.retention.file.num = 5 (custom)
2019-10-04 08:21:08,659 [pool-433-thread-1] INFO  server.RaftServerConfigKeys (ConfUtils.java:logGet(43)) - raft.server.log.statemachine.data.caching.enabled = true (custom)
2019-10-04 08:21:08,659 [pool-413-thread-1] INFO  server.RaftServerConfigKeys (ConfUtils.java:logGet(43)) - raft.server.retrycache.expirytime = 600000ms (custom)
2019-10-04 08:21:08,659 [pool-433-thread-1] INFO  segmented.SegmentedRaftLogWorker (SegmentedRaftLogWorker.java:lambda$new$0(128)) - a40f0c27-2271-453e-87d5-a12bab37434d@group-E1427B7DB9F0-SegmentedRaftLogWorker: flushIndex: setUnconditionally 0 -> -1
2019-10-04 08:21:08,660 [pool-433-thread-1] INFO  server.RaftServerConfigKeys (ConfUtils.java:logGet(43)) - raft.server.snapshot.auto.trigger.enabled = true (custom)
2019-10-04 08:21:08,660 [pool-433-thread-1] INFO  server.RaftServerConfigKeys (ConfUtils.java:logGet(43)) - raft.server.snapshot.auto.trigger.threshold = 10000 (custom)
2019-10-04 08:21:08,660 [pool-433-thread-1] INFO  server.RaftServerConfigKeys (ConfUtils.java:logGet(43)) - raft.server.snapshot.retention.file.num = 5 (custom)
2019-10-04 08:21:08,660 [pool-433-thread-1] INFO  server.RaftServerConfigKeys (ConfUtils.java:logGet(43)) - raft.server.retrycache.expirytime = 600000ms (custom)
2019-10-04 08:21:08,661 [pool-393-thread-1] INFO  impl.RaftServerImpl (RaftServerImpl.java:start(181)) - 0c69f7ff-6154-4442-b28b-f48999afb2ed@group-E1427B7DB9F0: start as a follower, conf=-1: [7b9f80e2-4958-4b1f-a1e4-7edd811af448:192.168.30.44:43702, a40f0c27-2271-453e-87d5-a12bab37434d:192.168.30.44:38951, 0c69f7ff-6154-4442-b28b-f48999afb2ed:192.168.30.44:41108], old=null
2019-10-04 08:21:08,661 [pool-393-thread-1] INFO  impl.RaftServerImpl (RaftServerImpl.java:setRole(170)) - 0c69f7ff-6154-4442-b28b-f48999afb2ed@group-E1427B7DB9F0: changes role from      null to FOLLOWER at term 0 for startAsFollower
2019-10-04 08:21:08,661 [pool-393-thread-1] INFO  impl.RoleInfo (RoleInfo.java:updateAndGet(143)) - 0c69f7ff-6154-4442-b28b-f48999afb2ed: start FollowerState
2019-10-04 08:21:08,662 [pool-393-thread-1] INFO  util.JmxRegister (JmxRegister.java:tryRegister(44)) - Successfully registered JMX Bean with object name Ratis:service=RaftServer,group=group-E1427B7DB9F0,id=0c69f7ff-6154-4442-b28b-f48999afb2ed
2019-10-04 08:21:08,662 [pool-413-thread-1] INFO  impl.RaftServerImpl (RaftServerImpl.java:start(181)) - 7b9f80e2-4958-4b1f-a1e4-7edd811af448@group-E1427B7DB9F0: start as a follower, conf=-1: [7b9f80e2-4958-4b1f-a1e4-7edd811af448:192.168.30.44:43702, a40f0c27-2271-453e-87d5-a12bab37434d:192.168.30.44:38951, 0c69f7ff-6154-4442-b28b-f48999afb2ed:192.168.30.44:41108], old=null
2019-10-04 08:21:08,662 [pool-413-thread-1] INFO  impl.RaftServerImpl (RaftServerImpl.java:setRole(170)) - 7b9f80e2-4958-4b1f-a1e4-7edd811af448@group-E1427B7DB9F0: changes role from      null to FOLLOWER at term 0 for startAsFollower
2019-10-04 08:21:08,663 [pool-413-thread-1] INFO  impl.RoleInfo (RoleInfo.java:updateAndGet(143)) - 7b9f80e2-4958-4b1f-a1e4-7edd811af448: start FollowerState
2019-10-04 08:21:08,663 [pool-413-thread-1] INFO  util.JmxRegister (JmxRegister.java:tryRegister(44)) - Successfully registered JMX Bean with object name Ratis:service=RaftServer,group=group-E1427B7DB9F0,id=7b9f80e2-4958-4b1f-a1e4-7edd811af448
2019-10-04 08:21:08,664 [pool-433-thread-1] INFO  impl.RaftServerImpl (RaftServerImpl.java:start(181)) - a40f0c27-2271-453e-87d5-a12bab37434d@group-E1427B7DB9F0: start as a follower, conf=-1: [7b9f80e2-4958-4b1f-a1e4-7edd811af448:192.168.30.44:43702, a40f0c27-2271-453e-87d5-a12bab37434d:192.168.30.44:38951, 0c69f7ff-6154-4442-b28b-f48999afb2ed:192.168.30.44:41108], old=null
2019-10-04 08:21:08,664 [pool-433-thread-1] INFO  impl.RaftServerImpl (RaftServerImpl.java:setRole(170)) - a40f0c27-2271-453e-87d5-a12bab37434d@group-E1427B7DB9F0: changes role from      null to FOLLOWER at term 0 for startAsFollower
2019-10-04 08:21:08,664 [pool-433-thread-1] INFO  impl.RoleInfo (RoleInfo.java:updateAndGet(143)) - a40f0c27-2271-453e-87d5-a12bab37434d: start FollowerState
2019-10-04 08:21:08,664 [pool-433-thread-1] INFO  util.JmxRegister (JmxRegister.java:tryRegister(44)) - Successfully registered JMX Bean with object name Ratis:service=RaftServer,group=group-E1427B7DB9F0,id=a40f0c27-2271-453e-87d5-a12bab37434d
2019-10-04 08:21:08,669 [RatisPipelineUtilsThread] INFO  pipeline.PipelineStateManager (PipelineStateManager.java:addPipeline(56)) - Created pipeline Pipeline[ Id: 2825e4da-6549-465b-9e74-e1427b7db9f0, Nodes: 0c69f7ff-6154-4442-b28b-f48999afb2ed{ip: 192.168.30.44, host: pr-hdds-2230-99mx8-1595754997, networkLocation: /default-rack, certSerialId: null}7b9f80e2-4958-4b1f-a1e4-7edd811af448{ip: 192.168.30.44, host: pr-hdds-2230-99mx8-1595754997, networkLocation: /default-rack, certSerialId: null}a40f0c27-2271-453e-87d5-a12bab37434d{ip: 192.168.30.44, host: pr-hdds-2230-99mx8-1595754997, networkLocation: /default-rack, certSerialId: null}, Type:RATIS, Factor:THREE, State:OPEN]
2019-10-04 08:21:08,684 [grpc-default-executor-1] INFO  impl.RaftServerProxy (RaftServerProxy.java:addNew(89)) - 65bce08d-3171-40f2-9f47-38fb362c13a7: addNew group-1BAC31CC5226:[ad82b19c-d058-4167-871b-23548711d9a9:192.168.30.44:45364, e7f1519f-2b25-4fd1-ac34-f168a8409003:192.168.30.44:37133, 65bce08d-3171-40f2-9f47-38fb362c13a7:192.168.30.44:40861] returns group-1BAC31CC5226:java.util.concurrent.CompletableFuture@2a108301[Not completed]
2019-10-04 08:21:08,684 [grpc-default-executor-4] INFO  impl.RaftServerProxy (RaftServerProxy.java:addNew(89)) - ad82b19c-d058-4167-871b-23548711d9a9: addNew group-1BAC31CC5226:[ad82b19c-d058-4167-871b-23548711d9a9:192.168.30.44:45364, e7f1519f-2b25-4fd1-ac34-f168a8409003:192.168.30.44:37133, 65bce08d-3171-40f2-9f47-38fb362c13a7:192.168.30.44:40861] returns group-1BAC31CC5226:java.util.concurrent.CompletableFuture@5640a17f[Not completed]
2019-10-04 08:21:08,687 [grpc-default-executor-6] INFO  impl.RaftServerProxy (RaftServerProxy.java:addNew(89)) - e7f1519f-2b25-4fd1-ac34-f168a8409003: addNew group-1BAC31CC5226:[ad82b19c-d058-4167-871b-23548711d9a9:192.168.30.44:45364, e7f1519f-2b25-4fd1-ac34-f168a8409003:192.168.30.44:37133, 65bce08d-3171-40f2-9f47-38fb362c13a7:192.168.30.44:40861] returns group-1BAC31CC5226:java.util.concurrent.CompletableFuture@4fbcf2b0[Not completed]
2019-10-04 08:21:08,688 [pool-403-thread-1] INFO  impl.RaftServerImpl (RaftServerImpl.java:<init>(95)) - ad82b19c-d058-4167-871b-23548711d9a9: new RaftServerImpl for group-1BAC31CC5226:[ad82b19c-d058-4167-871b-23548711d9a9:192.168.30.44:45364, e7f1519f-2b25-4fd1-ac34-f168a8409003:192.168.30.44:37133, 65bce08d-3171-40f2-9f47-38fb362c13a7:192.168.30.44:40861] with ContainerStateMachine:uninitialized
2019-10-04 08:21:08,688 [pool-403-thread-1] INFO  server.RaftServerConfigKeys (ConfUtils.java:logGet(43)) - raft.server.rpc.timeout.min = 5s (custom)
2019-10-04 08:21:08,688 [pool-403-thread-1] INFO  server.RaftServerConfigKeys (ConfUtils.java:logGet(43)) - raft.server.rpc.timeout.max = 5200ms (custom)
2019-10-04 08:21:08,688 [pool-403-thread-1] INFO  server.RaftServerConfigKeys (ConfUtils.java:logGet(43)) - raft.server.rpcslowness.timeout = 120s (custom)
2019-10-04 08:21:08,688 [pool-403-thread-1] INFO  server.RaftServerConfigKeys (ConfUtils.java:logGet(43)) - raft.server.sleep.deviation.threshold = 300 (default)
2019-10-04 08:21:08,688 [pool-443-thread-1] INFO  impl.RaftServerImpl (RaftServerImpl.java:<init>(95)) - e7f1519f-2b25-4fd1-ac34-f168a8409003: new RaftServerImpl for group-1BAC31CC5226:[ad82b19c-d058-4167-871b-23548711d9a9:192.168.30.44:45364, e7f1519f-2b25-4fd1-ac34-f168a8409003:192.168.30.44:37133, 65bce08d-3171-40f2-9f47-38fb362c13a7:192.168.30.44:40861] with ContainerStateMachine:uninitialized
2019-10-04 08:21:08,688 [pool-403-thread-1] INFO  server.RaftServerConfigKeys (ConfUtils.java:logGet(43)) - raft.server.log.appender.install.snapshot.enabled = false (custom)
2019-10-04 08:21:08,689 [pool-443-thread-1] INFO  server.RaftServerConfigKeys (ConfUtils.java:logGet(43)) - raft.server.rpc.timeout.min = 5s (custom)
2019-10-04 08:21:08,689 [pool-403-thread-1] INFO  impl.RaftServerImpl (ServerState.java:<init>(103)) - ad82b19c-d058-4167-871b-23548711d9a9@group-1BAC31CC5226: ConfigurationManager, init=-1: [ad82b19c-d058-4167-871b-23548711d9a9:192.168.30.44:45364, e7f1519f-2b25-4fd1-ac34-f168a8409003:192.168.30.44:37133, 65bce08d-3171-40f2-9f47-38fb362c13a7:192.168.30.44:40861], old=null, confs=<EMPTY_MAP>
2019-10-04 08:21:08,689 [pool-443-thread-1] INFO  server.RaftServerConfigKeys (ConfUtils.java:logGet(43)) - raft.server.rpc.timeout.max = 5200ms (custom)
2019-10-04 08:21:08,689 [pool-403-thread-1] INFO  server.RaftServerConfigKeys (ConfUtils.java:logGet(43)) - raft.server.storage.dir = [/workdir/hadoop-ozone/integration-test/target/test-dir/MiniOzoneClusterImpl-50c7e7a2-c4e6-4e08-ad27-ace44f57fbc4/datanode-2/data/ratis] (custom)
2019-10-04 08:21:08,689 [pool-383-thread-1] INFO  impl.RaftServerImpl (RaftServerImpl.java:<init>(95)) - 65bce08d-3171-40f2-9f47-38fb362c13a7: new RaftServerImpl for group-1BAC31CC5226:[ad82b19c-d058-4167-871b-23548711d9a9:192.168.30.44:45364, e7f1519f-2b25-4fd1-ac34-f168a8409003:192.168.30.44:37133, 65bce08d-3171-40f2-9f47-38fb362c13a7:192.168.30.44:40861] with ContainerStateMachine:uninitialized
2019-10-04 08:21:08,689 [pool-403-thread-1] INFO  server.RaftServerConfigKeys (ConfUtils.java:logGet(43)) - raft.server.log.corruption.policy = EXCEPTION (default)
2019-10-04 08:21:08,689 [pool-443-thread-1] INFO  server.RaftServerConfigKeys (ConfUtils.java:logGet(43)) - raft.server.rpcslowness.timeout = 120s (custom)
2019-10-04 08:21:08,689 [pool-403-thread-1] INFO  storage.RaftStorageDirectory (RaftStorageDirectory.java:analyzeStorage(246)) - The storage directory /workdir/hadoop-ozone/integration-test/target/test-dir/MiniOzoneClusterImpl-50c7e7a2-c4e6-4e08-ad27-ace44f57fbc4/datanode-2/data/ratis/8a2c0852-4237-4a91-9593-1bac31cc5226 does not exist. Creating ...
2019-10-04 08:21:08,689 [pool-383-thread-1] INFO  server.RaftServerConfigKeys (ConfUtils.java:logGet(43)) - raft.server.rpc.timeout.min = 5s (custom)
2019-10-04 08:21:08,689 [pool-443-thread-1] INFO  server.RaftServerConfigKeys (ConfUtils.java:logGet(43)) - raft.server.sleep.deviation.threshold = 300 (default)
2019-10-04 08:21:08,690 [pool-383-thread-1] INFO  server.RaftServerConfigKeys (ConfUtils.java:logGet(43)) - raft.server.rpc.timeout.max = 5200ms (custom)
2019-10-04 08:21:08,690 [pool-443-thread-1] INFO  server.RaftServerConfigKeys (ConfUtils.java:logGet(43)) - raft.server.log.appender.install.snapshot.enabled = false (custom)
2019-10-04 08:21:08,690 [pool-383-thread-1] INFO  server.RaftServerConfigKeys (ConfUtils.java:logGet(43)) - raft.server.rpcslowness.timeout = 120s (custom)
2019-10-04 08:21:08,690 [pool-443-thread-1] INFO  impl.RaftServerImpl (ServerState.java:<init>(103)) - e7f1519f-2b25-4fd1-ac34-f168a8409003@group-1BAC31CC5226: ConfigurationManager, init=-1: [ad82b19c-d058-4167-871b-23548711d9a9:192.168.30.44:45364, e7f1519f-2b25-4fd1-ac34-f168a8409003:192.168.30.44:37133, 65bce08d-3171-40f2-9f47-38fb362c13a7:192.168.30.44:40861], old=null, confs=<EMPTY_MAP>
2019-10-04 08:21:08,690 [pool-383-thread-1] INFO  server.RaftServerConfigKeys (ConfUtils.java:logGet(43)) - raft.server.sleep.deviation.threshold = 300 (default)
2019-10-04 08:21:08,690 [pool-443-thread-1] INFO  server.RaftServerConfigKeys (ConfUtils.java:logGet(43)) - raft.server.storage.dir = [/workdir/hadoop-ozone/integration-test/target/test-dir/MiniOzoneClusterImpl-50c7e7a2-c4e6-4e08-ad27-ace44f57fbc4/datanode-6/data/ratis] (custom)
2019-10-04 08:21:08,690 [pool-383-thread-1] INFO  server.RaftServerConfigKeys (ConfUtils.java:logGet(43)) - raft.server.log.appender.install.snapshot.enabled = false (custom)
2019-10-04 08:21:08,691 [pool-443-thread-1] INFO  server.RaftServerConfigKeys (ConfUtils.java:logGet(43)) - raft.server.log.corruption.policy = EXCEPTION (default)
2019-10-04 08:21:08,691 [pool-383-thread-1] INFO  impl.RaftServerImpl (ServerState.java:<init>(103)) - 65bce08d-3171-40f2-9f47-38fb362c13a7@group-1BAC31CC5226: ConfigurationManager, init=-1: [ad82b19c-d058-4167-871b-23548711d9a9:192.168.30.44:45364, e7f1519f-2b25-4fd1-ac34-f168a8409003:192.168.30.44:37133, 65bce08d-3171-40f2-9f47-38fb362c13a7:192.168.30.44:40861], old=null, confs=<EMPTY_MAP>
2019-10-04 08:21:08,691 [pool-443-thread-1] INFO  storage.RaftStorageDirectory (RaftStorageDirectory.java:analyzeStorage(246)) - The storage directory /workdir/hadoop-ozone/integration-test/target/test-dir/MiniOzoneClusterImpl-50c7e7a2-c4e6-4e08-ad27-ace44f57fbc4/datanode-6/data/ratis/8a2c0852-4237-4a91-9593-1bac31cc5226 does not exist. Creating ...
2019-10-04 08:21:08,691 [pool-383-thread-1] INFO  server.RaftServerConfigKeys (ConfUtils.java:logGet(43)) - raft.server.storage.dir = [/workdir/hadoop-ozone/integration-test/target/test-dir/MiniOzoneClusterImpl-50c7e7a2-c4e6-4e08-ad27-ace44f57fbc4/datanode-0/data/ratis] (custom)
2019-10-04 08:21:08,691 [pool-383-thread-1] INFO  server.RaftServerConfigKeys (ConfUtils.java:logGet(43)) - raft.server.log.corruption.policy = EXCEPTION (default)
2019-10-04 08:21:08,691 [pool-383-thread-1] INFO  storage.RaftStorageDirectory (RaftStorageDirectory.java:analyzeStorage(246)) - The storage directory /workdir/hadoop-ozone/integration-test/target/test-dir/MiniOzoneClusterImpl-50c7e7a2-c4e6-4e08-ad27-ace44f57fbc4/datanode-0/data/ratis/8a2c0852-4237-4a91-9593-1bac31cc5226 does not exist. Creating ...
2019-10-04 08:21:08,716 [pool-383-thread-1] INFO  storage.RaftStorageDirectory (RaftStorageDirectory.java:tryLock(328)) - Lock on /workdir/hadoop-ozone/integration-test/target/test-dir/MiniOzoneClusterImpl-50c7e7a2-c4e6-4e08-ad27-ace44f57fbc4/datanode-0/data/ratis/8a2c0852-4237-4a91-9593-1bac31cc5226/in_use.lock acquired by nodename 11900@pr-hdds-2230-99mx8-1595754997
2019-10-04 08:21:08,716 [pool-443-thread-1] INFO  storage.RaftStorageDirectory (RaftStorageDirectory.java:tryLock(328)) - Lock on /workdir/hadoop-ozone/integration-test/target/test-dir/MiniOzoneClusterImpl-50c7e7a2-c4e6-4e08-ad27-ace44f57fbc4/datanode-6/data/ratis/8a2c0852-4237-4a91-9593-1bac31cc5226/in_use.lock acquired by nodename 11900@pr-hdds-2230-99mx8-1595754997
2019-10-04 08:21:08,716 [pool-403-thread-1] INFO  storage.RaftStorageDirectory (RaftStorageDirectory.java:tryLock(328)) - Lock on /workdir/hadoop-ozone/integration-test/target/test-dir/MiniOzoneClusterImpl-50c7e7a2-c4e6-4e08-ad27-ace44f57fbc4/datanode-2/data/ratis/8a2c0852-4237-4a91-9593-1bac31cc5226/in_use.lock acquired by nodename 11900@pr-hdds-2230-99mx8-1595754997
2019-10-04 08:21:08,742 [pool-443-thread-1] INFO  storage.RaftStorage (RaftStorage.java:format(84)) - Storage directory /workdir/hadoop-ozone/integration-test/target/test-dir/MiniOzoneClusterImpl-50c7e7a2-c4e6-4e08-ad27-ace44f57fbc4/datanode-6/data/ratis/8a2c0852-4237-4a91-9593-1bac31cc5226 has been successfully formatted.
2019-10-04 08:21:08,742 [pool-403-thread-1] INFO  storage.RaftStorage (RaftStorage.java:format(84)) - Storage directory /workdir/hadoop-ozone/integration-test/target/test-dir/MiniOzoneClusterImpl-50c7e7a2-c4e6-4e08-ad27-ace44f57fbc4/datanode-2/data/ratis/8a2c0852-4237-4a91-9593-1bac31cc5226 has been successfully formatted.
2019-10-04 08:21:08,742 [pool-383-thread-1] INFO  storage.RaftStorage (RaftStorage.java:format(84)) - Storage directory /workdir/hadoop-ozone/integration-test/target/test-dir/MiniOzoneClusterImpl-50c7e7a2-c4e6-4e08-ad27-ace44f57fbc4/datanode-0/data/ratis/8a2c0852-4237-4a91-9593-1bac31cc5226 has been successfully formatted.
2019-10-04 08:21:08,742 [pool-443-thread-1] INFO  ratis.ContainerStateMachine (ContainerStateMachine.java:loadSnapshot(230)) - group-1BAC31CC5226: The snapshot info is null. Setting the last applied indexto:(t:0, i:~)
2019-10-04 08:21:08,742 [pool-383-thread-1] INFO  ratis.ContainerStateMachine (ContainerStateMachine.java:loadSnapshot(230)) - group-1BAC31CC5226: The snapshot info is null. Setting the last applied indexto:(t:0, i:~)
2019-10-04 08:21:08,742 [pool-403-thread-1] INFO  ratis.ContainerStateMachine (ContainerStateMachine.java:loadSnapshot(230)) - group-1BAC31CC5226: The snapshot info is null. Setting the last applied indexto:(t:0, i:~)
2019-10-04 08:21:08,743 [pool-383-thread-1] INFO  server.RaftServerConfigKeys (ConfUtils.java:logGet(43)) - raft.server.notification.no-leader.timeout = 120s (custom)
2019-10-04 08:21:08,743 [pool-443-thread-1] INFO  server.RaftServerConfigKeys (ConfUtils.java:logGet(43)) - raft.server.notification.no-leader.timeout = 120s (custom)
2019-10-04 08:21:08,743 [pool-383-thread-1] INFO  server.RaftServerConfigKeys (ConfUtils.java:logGet(43)) - raft.server.log.use.memory = false (default)
2019-10-04 08:21:08,743 [pool-383-thread-1] INFO  server.RaftServerConfigKeys (ConfUtils.java:logGet(43)) - raft.server.log.purge.gap = 1000000 (custom)
2019-10-04 08:21:08,743 [pool-403-thread-1] INFO  server.RaftServerConfigKeys (ConfUtils.java:logGet(43)) - raft.server.notification.no-leader.timeout = 120s (custom)
2019-10-04 08:21:08,743 [pool-383-thread-1] INFO  server.RaftServerConfigKeys (ConfUtils.java:logGet(43)) - raft.server.log.appender.buffer.byte-limit = 33554432 (custom)
2019-10-04 08:21:08,743 [pool-443-thread-1] INFO  server.RaftServerConfigKeys (ConfUtils.java:logGet(43)) - raft.server.log.use.memory = false (default)
2019-10-04 08:21:08,743 [pool-383-thread-1] INFO  server.RaftServerConfigKeys (ConfUtils.java:logGet(43)) - raft.server.log.segment.size.max = 1048576 (custom)
2019-10-04 08:21:08,743 [pool-403-thread-1] INFO  server.RaftServerConfigKeys (ConfUtils.java:logGet(43)) - raft.server.log.use.memory = false (default)
2019-10-04 08:21:08,744 [pool-383-thread-1] INFO  server.RaftServerConfigKeys (ConfUtils.java:logGet(43)) - raft.server.log.segment.cache.num.max = 2 (custom)
2019-10-04 08:21:08,744 [pool-443-thread-1] INFO  server.RaftServerConfigKeys (ConfUtils.java:logGet(43)) - raft.server.log.purge.gap = 1000000 (custom)
2019-10-04 08:21:08,744 [pool-383-thread-1] INFO  segmented.SegmentedRaftLogWorker (SegmentedRaftLogWorker.java:<init>(173)) - new 65bce08d-3171-40f2-9f47-38fb362c13a7@group-1BAC31CC5226-SegmentedRaftLogWorker for RaftStorage:Storage Directory /workdir/hadoop-ozone/integration-test/target/test-dir/MiniOzoneClusterImpl-50c7e7a2-c4e6-4e08-ad27-ace44f57fbc4/datanode-0/data/ratis/8a2c0852-4237-4a91-9593-1bac31cc5226
2019-10-04 08:21:08,744 [pool-383-thread-1] INFO  server.RaftServerConfigKeys (ConfUtils.java:logGet(43)) - raft.server.log.queue.byte-limit = 2147483647 (custom)
2019-10-04 08:21:08,744 [pool-403-thread-1] INFO  server.RaftServerConfigKeys (ConfUtils.java:logGet(43)) - raft.server.log.purge.gap = 1000000 (custom)
2019-10-04 08:21:08,744 [pool-383-thread-1] INFO  server.RaftServerConfigKeys (ConfUtils.java:logGet(43)) - raft.server.log.queue.element-limit = 1024 (custom)
2019-10-04 08:21:08,744 [pool-443-thread-1] INFO  server.RaftServerConfigKeys (ConfUtils.java:logGet(43)) - raft.server.log.appender.buffer.byte-limit = 33554432 (custom)
2019-10-04 08:21:08,744 [pool-383-thread-1] INFO  server.RaftServerConfigKeys (ConfUtils.java:logGet(43)) - raft.server.log.segment.size.max = 1048576 (custom)
2019-10-04 08:21:08,744 [pool-403-thread-1] INFO  server.RaftServerConfigKeys (ConfUtils.java:logGet(43)) - raft.server.log.appender.buffer.byte-limit = 33554432 (custom)
2019-10-04 08:21:08,745 [pool-383-thread-1] INFO  server.RaftServerConfigKeys (ConfUtils.java:logGet(43)) - raft.server.log.preallocated.size = 16384 (custom)
2019-10-04 08:21:08,745 [pool-443-thread-1] INFO  server.RaftServerConfigKeys (ConfUtils.java:logGet(43)) - raft.server.log.segment.size.max = 1048576 (custom)
2019-10-04 08:21:08,745 [pool-383-thread-1] INFO  server.RaftServerConfigKeys (ConfUtils.java:logGet(43)) - raft.server.log.write.buffer.size = 33554432 (custom)
2019-10-04 08:21:08,745 [pool-383-thread-1] INFO  server.RaftServerConfigKeys (ConfUtils.java:logGet(43)) - raft.server.log.force.sync.num = 128 (default)
2019-10-04 08:21:08,745 [pool-403-thread-1] INFO  server.RaftServerConfigKeys (ConfUtils.java:logGet(43)) - raft.server.log.segment.size.max = 1048576 (custom)
2019-10-04 08:21:08,745 [pool-383-thread-1] INFO  server.RaftServerConfigKeys (ConfUtils.java:logGet(43)) - raft.server.log.statemachine.data.sync = true (default)
2019-10-04 08:21:08,745 [pool-443-thread-1] INFO  server.RaftServerConfigKeys (ConfUtils.java:logGet(43)) - raft.server.log.segment.cache.num.max = 2 (custom)
2019-10-04 08:21:08,745 [pool-383-thread-1] INFO  server.RaftServerConfigKeys (ConfUtils.java:logGet(43)) - raft.server.log.statemachine.data.sync.timeout = 10s (default)
2019-10-04 08:21:08,745 [pool-403-thread-1] INFO  server.RaftServerConfigKeys (ConfUtils.java:logGet(43)) - raft.server.log.segment.cache.num.max = 2 (custom)
2019-10-04 08:21:08,746 [pool-383-thread-1] INFO  server.RaftServerConfigKeys (ConfUtils.java:logGet(43)) - raft.server.log.statemachine.data.sync.timeout.retry = -1 (default)
2019-10-04 08:21:08,746 [pool-443-thread-1] INFO  segmented.SegmentedRaftLogWorker (SegmentedRaftLogWorker.java:<init>(173)) - new e7f1519f-2b25-4fd1-ac34-f168a8409003@group-1BAC31CC5226-SegmentedRaftLogWorker for RaftStorage:Storage Directory /workdir/hadoop-ozone/integration-test/target/test-dir/MiniOzoneClusterImpl-50c7e7a2-c4e6-4e08-ad27-ace44f57fbc4/datanode-6/data/ratis/8a2c0852-4237-4a91-9593-1bac31cc5226
2019-10-04 08:21:08,746 [pool-383-thread-1] INFO  server.RaftServerConfigKeys (ConfUtils.java:logGet(43)) - raft.server.log.statemachine.data.caching.enabled = true (custom)
2019-10-04 08:21:08,746 [pool-403-thread-1] INFO  segmented.SegmentedRaftLogWorker (SegmentedRaftLogWorker.java:<init>(173)) - new ad82b19c-d058-4167-871b-23548711d9a9@group-1BAC31CC5226-SegmentedRaftLogWorker for RaftStorage:Storage Directory /workdir/hadoop-ozone/integration-test/target/test-dir/MiniOzoneClusterImpl-50c7e7a2-c4e6-4e08-ad27-ace44f57fbc4/datanode-2/data/ratis/8a2c0852-4237-4a91-9593-1bac31cc5226
2019-10-04 08:21:08,746 [pool-383-thread-1] INFO  segmented.SegmentedRaftLogWorker (SegmentedRaftLogWorker.java:lambda$new$0(128)) - 65bce08d-3171-40f2-9f47-38fb362c13a7@group-1BAC31CC5226-SegmentedRaftLogWorker: flushIndex: setUnconditionally 0 -> -1
2019-10-04 08:21:08,746 [pool-443-thread-1] INFO  server.RaftServerConfigKeys (ConfUtils.java:logGet(43)) - raft.server.log.queue.byte-limit = 2147483647 (custom)
2019-10-04 08:21:08,746 [pool-403-thread-1] INFO  server.RaftServerConfigKeys (ConfUtils.java:logGet(43)) - raft.server.log.queue.byte-limit = 2147483647 (custom)
2019-10-04 08:21:08,747 [pool-443-thread-1] INFO  server.RaftServerConfigKeys (ConfUtils.java:logGet(43)) - raft.server.log.queue.element-limit = 1024 (custom)
2019-10-04 08:21:08,747 [pool-383-thread-1] INFO  server.RaftServerConfigKeys (ConfUtils.java:logGet(43)) - raft.server.snapshot.auto.trigger.enabled = true (custom)
2019-10-04 08:21:08,747 [pool-443-thread-1] INFO  server.RaftServerConfigKeys (ConfUtils.java:logGet(43)) - raft.server.log.segment.size.max = 1048576 (custom)
2019-10-04 08:21:08,747 [pool-403-thread-1] INFO  server.RaftServerConfigKeys (ConfUtils.java:logGet(43)) - raft.server.log.queue.element-limit = 1024 (custom)
2019-10-04 08:21:08,747 [pool-443-thread-1] INFO  server.RaftServerConfigKeys (ConfUtils.java:logGet(43)) - raft.server.log.preallocated.size = 16384 (custom)
2019-10-04 08:21:08,747 [pool-383-thread-1] INFO  server.RaftServerConfigKeys (ConfUtils.java:logGet(43)) - raft.server.snapshot.auto.trigger.threshold = 10000 (custom)
2019-10-04 08:21:08,747 [pool-443-thread-1] INFO  server.RaftServerConfigKeys (ConfUtils.java:logGet(43)) - raft.server.log.write.buffer.size = 33554432 (custom)
2019-10-04 08:21:08,747 [pool-403-thread-1] INFO  server.RaftServerConfigKeys (ConfUtils.java:logGet(43)) - raft.server.log.segment.size.max = 1048576 (custom)
2019-10-04 08:21:08,747 [pool-443-thread-1] INFO  server.RaftServerConfigKeys (ConfUtils.java:logGet(43)) - raft.server.log.force.sync.num = 128 (default)
2019-10-04 08:21:08,747 [pool-383-thread-1] INFO  server.RaftServerConfigKeys (ConfUtils.java:logGet(43)) - raft.server.snapshot.retention.file.num = 5 (custom)
2019-10-04 08:21:08,748 [pool-443-thread-1] INFO  server.RaftServerConfigKeys (ConfUtils.java:logGet(43)) - raft.server.log.statemachine.data.sync = true (default)
2019-10-04 08:21:08,748 [pool-403-thread-1] INFO  server.RaftServerConfigKeys (ConfUtils.java:logGet(43)) - raft.server.log.preallocated.size = 16384 (custom)
2019-10-04 08:21:08,748 [pool-443-thread-1] INFO  server.RaftServerConfigKeys (ConfUtils.java:logGet(43)) - raft.server.log.statemachine.data.sync.timeout = 10s (default)
2019-10-04 08:21:08,748 [pool-383-thread-1] INFO  server.RaftServerConfigKeys (ConfUtils.java:logGet(43)) - raft.server.retrycache.expirytime = 600000ms (custom)
2019-10-04 08:21:08,748 [pool-443-thread-1] INFO  server.RaftServerConfigKeys (ConfUtils.java:logGet(43)) - raft.server.log.statemachine.data.sync.timeout.retry = -1 (default)
2019-10-04 08:21:08,748 [pool-403-thread-1] INFO  server.RaftServerConfigKeys (ConfUtils.java:logGet(43)) - raft.server.log.write.buffer.size = 33554432 (custom)
2019-10-04 08:21:08,749 [pool-443-thread-1] INFO  server.RaftServerConfigKeys (ConfUtils.java:logGet(43)) - raft.server.log.statemachine.data.caching.enabled = true (custom)
2019-10-04 08:21:08,749 [pool-403-thread-1] INFO  server.RaftServerConfigKeys (ConfUtils.java:logGet(43)) - raft.server.log.force.sync.num = 128 (default)
2019-10-04 08:21:08,749 [pool-443-thread-1] INFO  segmented.SegmentedRaftLogWorker (SegmentedRaftLogWorker.java:lambda$new$0(128)) - e7f1519f-2b25-4fd1-ac34-f168a8409003@group-1BAC31CC5226-SegmentedRaftLogWorker: flushIndex: setUnconditionally 0 -> -1
2019-10-04 08:21:08,749 [pool-403-thread-1] INFO  server.RaftServerConfigKeys (ConfUtils.java:logGet(43)) - raft.server.log.statemachine.data.sync = true (default)
2019-10-04 08:21:08,749 [pool-403-thread-1] INFO  server.RaftServerConfigKeys (ConfUtils.java:logGet(43)) - raft.server.log.statemachine.data.sync.timeout = 10s (default)
2019-10-04 08:21:08,749 [pool-443-thread-1] INFO  server.RaftServerConfigKeys (ConfUtils.java:logGet(43)) - raft.server.snapshot.auto.trigger.enabled = true (custom)
2019-10-04 08:21:08,750 [pool-383-thread-1] INFO  impl.RaftServerImpl (RaftServerImpl.java:start(181)) - 65bce08d-3171-40f2-9f47-38fb362c13a7@group-1BAC31CC5226: start as a follower, conf=-1: [ad82b19c-d058-4167-871b-23548711d9a9:192.168.30.44:45364, e7f1519f-2b25-4fd1-ac34-f168a8409003:192.168.30.44:37133, 65bce08d-3171-40f2-9f47-38fb362c13a7:192.168.30.44:40861], old=null
2019-10-04 08:21:08,749 [pool-403-thread-1] INFO  server.RaftServerConfigKeys (ConfUtils.java:logGet(43)) - raft.server.log.statemachine.data.sync.timeout.retry = -1 (default)
2019-10-04 08:21:08,750 [pool-383-thread-1] INFO  impl.RaftServerImpl (RaftServerImpl.java:setRole(170)) - 65bce08d-3171-40f2-9f47-38fb362c13a7@group-1BAC31CC5226: changes role from      null to FOLLOWER at term 0 for startAsFollower
2019-10-04 08:21:08,750 [pool-403-thread-1] INFO  server.RaftServerConfigKeys (ConfUtils.java:logGet(43)) - raft.server.log.statemachine.data.caching.enabled = true (custom)
2019-10-04 08:21:08,750 [pool-443-thread-1] INFO  server.RaftServerConfigKeys (ConfUtils.java:logGet(43)) - raft.server.snapshot.auto.trigger.threshold = 10000 (custom)
2019-10-04 08:21:08,750 [pool-383-thread-1] INFO  impl.RoleInfo (RoleInfo.java:updateAndGet(143)) - 65bce08d-3171-40f2-9f47-38fb362c13a7: start FollowerState
2019-10-04 08:21:08,750 [pool-443-thread-1] INFO  server.RaftServerConfigKeys (ConfUtils.java:logGet(43)) - raft.server.snapshot.retention.file.num = 5 (custom)
2019-10-04 08:21:08,750 [pool-403-thread-1] INFO  segmented.SegmentedRaftLogWorker (SegmentedRaftLogWorker.java:lambda$new$0(128)) - ad82b19c-d058-4167-871b-23548711d9a9@group-1BAC31CC5226-SegmentedRaftLogWorker: flushIndex: setUnconditionally 0 -> -1
2019-10-04 08:21:08,751 [pool-443-thread-1] INFO  server.RaftServerConfigKeys (ConfUtils.java:logGet(43)) - raft.server.retrycache.expirytime = 600000ms (custom)
2019-10-04 08:21:08,751 [pool-383-thread-1] INFO  util.JmxRegister (JmxRegister.java:tryRegister(44)) - Successfully registered JMX Bean with object name Ratis:service=RaftServer,group=group-1BAC31CC5226,id=65bce08d-3171-40f2-9f47-38fb362c13a7
2019-10-04 08:21:08,751 [pool-403-thread-1] INFO  server.RaftServerConfigKeys (ConfUtils.java:logGet(43)) - raft.server.snapshot.auto.trigger.enabled = true (custom)
2019-10-04 08:21:08,751 [pool-403-thread-1] INFO  server.RaftServerConfigKeys (ConfUtils.java:logGet(43)) - raft.server.snapshot.auto.trigger.threshold = 10000 (custom)
2019-10-04 08:21:08,751 [pool-403-thread-1] INFO  server.RaftServerConfigKeys (ConfUtils.java:logGet(43)) - raft.server.snapshot.retention.file.num = 5 (custom)
2019-10-04 08:21:08,751 [pool-403-thread-1] INFO  server.RaftServerConfigKeys (ConfUtils.java:logGet(43)) - raft.server.retrycache.expirytime = 600000ms (custom)
2019-10-04 08:21:08,754 [pool-443-thread-1] INFO  impl.RaftServerImpl (RaftServerImpl.java:start(181)) - e7f1519f-2b25-4fd1-ac34-f168a8409003@group-1BAC31CC5226: start as a follower, conf=-1: [ad82b19c-d058-4167-871b-23548711d9a9:192.168.30.44:45364, e7f1519f-2b25-4fd1-ac34-f168a8409003:192.168.30.44:37133, 65bce08d-3171-40f2-9f47-38fb362c13a7:192.168.30.44:40861], old=null
2019-10-04 08:21:08,754 [pool-443-thread-1] INFO  impl.RaftServerImpl (RaftServerImpl.java:setRole(170)) - e7f1519f-2b25-4fd1-ac34-f168a8409003@group-1BAC31CC5226: changes role from      null to FOLLOWER at term 0 for startAsFollower
2019-10-04 08:21:08,755 [pool-443-thread-1] INFO  impl.RoleInfo (RoleInfo.java:updateAndGet(143)) - e7f1519f-2b25-4fd1-ac34-f168a8409003: start FollowerState
2019-10-04 08:21:08,755 [pool-403-thread-1] INFO  impl.RaftServerImpl (RaftServerImpl.java:start(181)) - ad82b19c-d058-4167-871b-23548711d9a9@group-1BAC31CC5226: start as a follower, conf=-1: [ad82b19c-d058-4167-871b-23548711d9a9:192.168.30.44:45364, e7f1519f-2b25-4fd1-ac34-f168a8409003:192.168.30.44:37133, 65bce08d-3171-40f2-9f47-38fb362c13a7:192.168.30.44:40861], old=null
2019-10-04 08:21:08,755 [pool-403-thread-1] INFO  impl.RaftServerImpl (RaftServerImpl.java:setRole(170)) - ad82b19c-d058-4167-871b-23548711d9a9@group-1BAC31CC5226: changes role from      null to FOLLOWER at term 0 for startAsFollower
2019-10-04 08:21:08,755 [pool-443-thread-1] INFO  util.JmxRegister (JmxRegister.java:tryRegister(44)) - Successfully registered JMX Bean with object name Ratis:service=RaftServer,group=group-1BAC31CC5226,id=e7f1519f-2b25-4fd1-ac34-f168a8409003
2019-10-04 08:21:08,755 [pool-403-thread-1] INFO  impl.RoleInfo (RoleInfo.java:updateAndGet(143)) - ad82b19c-d058-4167-871b-23548711d9a9: start FollowerState
2019-10-04 08:21:08,755 [pool-403-thread-1] INFO  util.JmxRegister (JmxRegister.java:tryRegister(44)) - Successfully registered JMX Bean with object name Ratis:service=RaftServer,group=group-1BAC31CC5226,id=ad82b19c-d058-4167-871b-23548711d9a9
2019-10-04 08:21:08,760 [RatisPipelineUtilsThread] INFO  pipeline.PipelineStateManager (PipelineStateManager.java:addPipeline(56)) - Created pipeline Pipeline[ Id: 8a2c0852-4237-4a91-9593-1bac31cc5226, Nodes: 65bce08d-3171-40f2-9f47-38fb362c13a7{ip: 192.168.30.44, host: pr-hdds-2230-99mx8-1595754997, networkLocation: /default-rack, certSerialId: null}e7f1519f-2b25-4fd1-ac34-f168a8409003{ip: 192.168.30.44, host: pr-hdds-2230-99mx8-1595754997, networkLocation: /default-rack, certSerialId: null}ad82b19c-d058-4167-871b-23548711d9a9{ip: 192.168.30.44, host: pr-hdds-2230-99mx8-1595754997, networkLocation: /default-rack, certSerialId: null}, Type:RATIS, Factor:THREE, State:OPEN]
2019-10-04 08:21:11,062 [Thread-2347] INFO  container.ReplicationManager (ReplicationManager.java:start(162)) - Starting Replication Monitor Thread.
2019-10-04 08:21:11,067 [ReplicationMonitor] INFO  container.ReplicationManager (ReplicationManager.java:run(225)) - Replication Monitor Thread took 0 milliseconds for processing 1 containers.
2019-10-04 08:21:13,280 [Thread-2352] INFO  impl.FollowerState (FollowerState.java:run(108)) - 0c69f7ff-6154-4442-b28b-f48999afb2ed@group-24FACCDA8424-FollowerState: change to CANDIDATE, lastRpcTime:5090ms, electionTimeout:5090ms
2019-10-04 08:21:13,280 [Thread-2352] INFO  impl.RoleInfo (RoleInfo.java:shutdownFollowerState(121)) - 0c69f7ff-6154-4442-b28b-f48999afb2ed: shutdown FollowerState
2019-10-04 08:21:13,280 [Thread-2352] INFO  impl.RaftServerImpl (RaftServerImpl.java:setRole(170)) - 0c69f7ff-6154-4442-b28b-f48999afb2ed@group-24FACCDA8424: changes role from  FOLLOWER to CANDIDATE at term 0 for changeToCandidate
2019-10-04 08:21:13,280 [Thread-2352] INFO  impl.RoleInfo (RoleInfo.java:updateAndGet(143)) - 0c69f7ff-6154-4442-b28b-f48999afb2ed: start LeaderElection
2019-10-04 08:21:13,291 [Thread-2349] INFO  impl.FollowerState (FollowerState.java:run(108)) - 65bce08d-3171-40f2-9f47-38fb362c13a7@group-7C6B10D12BBC-FollowerState: change to CANDIDATE, lastRpcTime:5166ms, electionTimeout:5163ms
2019-10-04 08:21:13,291 [Thread-2349] INFO  impl.RoleInfo (RoleInfo.java:shutdownFollowerState(121)) - 65bce08d-3171-40f2-9f47-38fb362c13a7: shutdown FollowerState
2019-10-04 08:21:13,291 [Thread-2349] INFO  impl.RaftServerImpl (RaftServerImpl.java:setRole(170)) - 65bce08d-3171-40f2-9f47-38fb362c13a7@group-7C6B10D12BBC: changes role from  FOLLOWER to CANDIDATE at term 0 for changeToCandidate
2019-10-04 08:21:13,291 [Thread-2349] INFO  impl.RoleInfo (RoleInfo.java:updateAndGet(143)) - 65bce08d-3171-40f2-9f47-38fb362c13a7: start LeaderElection
2019-10-04 08:21:13,326 [0c69f7ff-6154-4442-b28b-f48999afb2ed@group-24FACCDA8424-LeaderElection71] INFO  impl.LeaderElection (LeaderElection.java:askForVotes(178)) - 0c69f7ff-6154-4442-b28b-f48999afb2ed@group-24FACCDA8424-LeaderElection71: begin an election at term 1 for -1: [0c69f7ff-6154-4442-b28b-f48999afb2ed:192.168.30.44:41108], old=null
2019-10-04 08:21:13,326 [65bce08d-3171-40f2-9f47-38fb362c13a7@group-7C6B10D12BBC-LeaderElection72] INFO  impl.LeaderElection (LeaderElection.java:askForVotes(178)) - 65bce08d-3171-40f2-9f47-38fb362c13a7@group-7C6B10D12BBC-LeaderElection72: begin an election at term 1 for -1: [65bce08d-3171-40f2-9f47-38fb362c13a7:192.168.30.44:40861], old=null
2019-10-04 08:21:13,326 [0c69f7ff-6154-4442-b28b-f48999afb2ed@group-24FACCDA8424-LeaderElection71] INFO  impl.RoleInfo (RoleInfo.java:shutdownLeaderElection(134)) - 0c69f7ff-6154-4442-b28b-f48999afb2ed: shutdown LeaderElection
2019-10-04 08:21:13,326 [65bce08d-3171-40f2-9f47-38fb362c13a7@group-7C6B10D12BBC-LeaderElection72] INFO  impl.RoleInfo (RoleInfo.java:shutdownLeaderElection(134)) - 65bce08d-3171-40f2-9f47-38fb362c13a7: shutdown LeaderElection
2019-10-04 08:21:13,327 [0c69f7ff-6154-4442-b28b-f48999afb2ed@group-24FACCDA8424-LeaderElection71] INFO  impl.RaftServerImpl (RaftServerImpl.java:setRole(170)) - 0c69f7ff-6154-4442-b28b-f48999afb2ed@group-24FACCDA8424: changes role from CANDIDATE to LEADER at term 1 for changeToLeader
2019-10-04 08:21:13,327 [65bce08d-3171-40f2-9f47-38fb362c13a7@group-7C6B10D12BBC-LeaderElection72] INFO  impl.RaftServerImpl (RaftServerImpl.java:setRole(170)) - 65bce08d-3171-40f2-9f47-38fb362c13a7@group-7C6B10D12BBC: changes role from CANDIDATE to LEADER at term 1 for changeToLeader
2019-10-04 08:21:13,327 [0c69f7ff-6154-4442-b28b-f48999afb2ed@group-24FACCDA8424-LeaderElection71] INFO  impl.RaftServerImpl (ServerState.java:setLeader(255)) - 0c69f7ff-6154-4442-b28b-f48999afb2ed@group-24FACCDA8424: change Leader from null to 0c69f7ff-6154-4442-b28b-f48999afb2ed at term 1 for becomeLeader, leader elected after 5143ms
2019-10-04 08:21:13,327 [65bce08d-3171-40f2-9f47-38fb362c13a7@group-7C6B10D12BBC-LeaderElection72] INFO  impl.RaftServerImpl (ServerState.java:setLeader(255)) - 65bce08d-3171-40f2-9f47-38fb362c13a7@group-7C6B10D12BBC: change Leader from null to 65bce08d-3171-40f2-9f47-38fb362c13a7 at term 1 for becomeLeader, leader elected after 5211ms
2019-10-04 08:21:13,327 [0c69f7ff-6154-4442-b28b-f48999afb2ed@group-24FACCDA8424-LeaderElection71] INFO  server.RaftServerConfigKeys (ConfUtils.java:logGet(43)) - raft.server.staging.catchup.gap = 1000 (default)
2019-10-04 08:21:13,327 [65bce08d-3171-40f2-9f47-38fb362c13a7@group-7C6B10D12BBC-LeaderElection72] INFO  server.RaftServerConfigKeys (ConfUtils.java:logGet(43)) - raft.server.staging.catchup.gap = 1000 (default)
2019-10-04 08:21:13,327 [0c69f7ff-6154-4442-b28b-f48999afb2ed@group-24FACCDA8424-LeaderElection71] INFO  server.RaftServerConfigKeys (ConfUtils.java:logGet(43)) - raft.server.rpc.sleep.time = 25ms (default)
2019-10-04 08:21:13,327 [65bce08d-3171-40f2-9f47-38fb362c13a7@group-7C6B10D12BBC-LeaderElection72] INFO  server.RaftServerConfigKeys (ConfUtils.java:logGet(43)) - raft.server.rpc.sleep.time = 25ms (default)
2019-10-04 08:21:13,328 [0c69f7ff-6154-4442-b28b-f48999afb2ed@group-24FACCDA8424-LeaderElection71] INFO  server.RaftServerConfigKeys (ConfUtils.java:logGet(43)) - raft.server.write.element-limit = 4096 (default)
2019-10-04 08:21:13,328 [65bce08d-3171-40f2-9f47-38fb362c13a7@group-7C6B10D12BBC-LeaderElection72] INFO  server.RaftServerConfigKeys (ConfUtils.java:logGet(43)) - raft.server.write.element-limit = 4096 (default)
2019-10-04 08:21:13,328 [0c69f7ff-6154-4442-b28b-f48999afb2ed@group-24FACCDA8424-LeaderElection71] INFO  server.RaftServerConfigKeys (ConfUtils.java:logGet(43)) - raft.server.watch.timeout = 10s (default)
2019-10-04 08:21:13,328 [65bce08d-3171-40f2-9f47-38fb362c13a7@group-7C6B10D12BBC-LeaderElection72] INFO  server.RaftServerConfigKeys (ConfUtils.java:logGet(43)) - raft.server.watch.timeout = 10s (default)
2019-10-04 08:21:13,328 [0c69f7ff-6154-4442-b28b-f48999afb2ed@group-24FACCDA8424-LeaderElection71] INFO  server.RaftServerConfigKeys (ConfUtils.java:logGet(43)) - raft.server.watch.timeout.denomination = 1s (default)
2019-10-04 08:21:13,328 [65bce08d-3171-40f2-9f47-38fb362c13a7@group-7C6B10D12BBC-LeaderElection72] INFO  server.RaftServerConfigKeys (ConfUtils.java:logGet(43)) - raft.server.watch.timeout.denomination = 1s (default)
2019-10-04 08:21:13,328 [0c69f7ff-6154-4442-b28b-f48999afb2ed@group-24FACCDA8424-LeaderElection71] INFO  server.RaftServerConfigKeys (ConfUtils.java:logGet(43)) - raft.server.watch.element-limit = 65536 (default)
2019-10-04 08:21:13,328 [65bce08d-3171-40f2-9f47-38fb362c13a7@group-7C6B10D12BBC-LeaderElection72] INFO  server.RaftServerConfigKeys (ConfUtils.java:logGet(43)) - raft.server.watch.element-limit = 65536 (default)
2019-10-04 08:21:13,331 [0c69f7ff-6154-4442-b28b-f48999afb2ed@group-24FACCDA8424-LeaderElection71] INFO  impl.RoleInfo (RoleInfo.java:updateAndGet(143)) - 0c69f7ff-6154-4442-b28b-f48999afb2ed: start LeaderState
2019-10-04 08:21:13,331 [65bce08d-3171-40f2-9f47-38fb362c13a7@group-7C6B10D12BBC-LeaderElection72] INFO  impl.RoleInfo (RoleInfo.java:updateAndGet(143)) - 65bce08d-3171-40f2-9f47-38fb362c13a7: start LeaderState
2019-10-04 08:21:13,331 [65bce08d-3171-40f2-9f47-38fb362c13a7@group-7C6B10D12BBC-LeaderElection72] INFO  segmented.SegmentedRaftLogWorker (SegmentedRaftLogWorker.java:startLogSegment(385)) - 65bce08d-3171-40f2-9f47-38fb362c13a7@group-7C6B10D12BBC-SegmentedRaftLogWorker: Starting segment from index:0
2019-10-04 08:21:13,331 [0c69f7ff-6154-4442-b28b-f48999afb2ed@group-24FACCDA8424-LeaderElection71] INFO  segmented.SegmentedRaftLogWorker (SegmentedRaftLogWorker.java:startLogSegment(385)) - 0c69f7ff-6154-4442-b28b-f48999afb2ed@group-24FACCDA8424-SegmentedRaftLogWorker: Starting segment from index:0
2019-10-04 08:21:13,332 [65bce08d-3171-40f2-9f47-38fb362c13a7@group-7C6B10D12BBC-LeaderElection72] INFO  impl.RaftServerImpl (ServerState.java:setRaftConf(356)) - 65bce08d-3171-40f2-9f47-38fb362c13a7@group-7C6B10D12BBC: set configuration 0: [65bce08d-3171-40f2-9f47-38fb362c13a7:192.168.30.44:40861], old=null at 0
2019-10-04 08:21:13,332 [0c69f7ff-6154-4442-b28b-f48999afb2ed@group-24FACCDA8424-LeaderElection71] INFO  impl.RaftServerImpl (ServerState.java:setRaftConf(356)) - 0c69f7ff-6154-4442-b28b-f48999afb2ed@group-24FACCDA8424: set configuration 0: [0c69f7ff-6154-4442-b28b-f48999afb2ed:192.168.30.44:41108], old=null at 0
2019-10-04 08:21:13,385 [0c69f7ff-6154-4442-b28b-f48999afb2ed@group-24FACCDA8424-SegmentedRaftLogWorker] INFO  segmented.SegmentedRaftLogWorker (SegmentedRaftLogWorker.java:execute(574)) - 0c69f7ff-6154-4442-b28b-f48999afb2ed@group-24FACCDA8424-SegmentedRaftLogWorker: created new log segment /workdir/hadoop-ozone/integration-test/target/test-dir/MiniOzoneClusterImpl-50c7e7a2-c4e6-4e08-ad27-ace44f57fbc4/datanode-1/data/ratis/67b3f678-2fa9-449f-91f1-24faccda8424/current/log_inprogress_0
2019-10-04 08:21:13,385 [65bce08d-3171-40f2-9f47-38fb362c13a7@group-7C6B10D12BBC-SegmentedRaftLogWorker] INFO  segmented.SegmentedRaftLogWorker (SegmentedRaftLogWorker.java:execute(574)) - 65bce08d-3171-40f2-9f47-38fb362c13a7@group-7C6B10D12BBC-SegmentedRaftLogWorker: created new log segment /workdir/hadoop-ozone/integration-test/target/test-dir/MiniOzoneClusterImpl-50c7e7a2-c4e6-4e08-ad27-ace44f57fbc4/datanode-0/data/ratis/3971e2f8-202e-4a86-9c9b-7c6b10d12bbc/current/log_inprogress_0
2019-10-04 08:21:13,400 [Thread-2358] INFO  impl.FollowerState (FollowerState.java:run(108)) - 7b9f80e2-4958-4b1f-a1e4-7edd811af448@group-EB80CF3CD6E6-FollowerState: change to CANDIDATE, lastRpcTime:5040ms, electionTimeout:5040ms
2019-10-04 08:21:13,400 [Thread-2358] INFO  impl.RoleInfo (RoleInfo.java:shutdownFollowerState(121)) - 7b9f80e2-4958-4b1f-a1e4-7edd811af448: shutdown FollowerState
2019-10-04 08:21:13,400 [Thread-2358] INFO  impl.RaftServerImpl (RaftServerImpl.java:setRole(170)) - 7b9f80e2-4958-4b1f-a1e4-7edd811af448@group-EB80CF3CD6E6: changes role from  FOLLOWER to CANDIDATE at term 0 for changeToCandidate
2019-10-04 08:21:13,400 [Thread-2358] INFO  impl.RoleInfo (RoleInfo.java:updateAndGet(143)) - 7b9f80e2-4958-4b1f-a1e4-7edd811af448: start LeaderElection
2019-10-04 08:21:13,407 [Thread-2355] INFO  impl.FollowerState (FollowerState.java:run(108)) - ad82b19c-d058-4167-871b-23548711d9a9@group-A9BB052AEE5A-FollowerState: change to CANDIDATE, lastRpcTime:5129ms, electionTimeout:5126ms
2019-10-04 08:21:13,408 [Thread-2355] INFO  impl.RoleInfo (RoleInfo.java:shutdownFollowerState(121)) - ad82b19c-d058-4167-871b-23548711d9a9: shutdown FollowerState
2019-10-04 08:21:13,408 [Thread-2355] INFO  impl.RaftServerImpl (RaftServerImpl.java:setRole(170)) - ad82b19c-d058-4167-871b-23548711d9a9@group-A9BB052AEE5A: changes role from  FOLLOWER to CANDIDATE at term 0 for changeToCandidate
2019-10-04 08:21:13,408 [Thread-2355] INFO  impl.RoleInfo (RoleInfo.java:updateAndGet(143)) - ad82b19c-d058-4167-871b-23548711d9a9: start LeaderElection
2019-10-04 08:21:13,435 [7b9f80e2-4958-4b1f-a1e4-7edd811af448@group-EB80CF3CD6E6-LeaderElection73] INFO  impl.LeaderElection (LeaderElection.java:askForVotes(178)) - 7b9f80e2-4958-4b1f-a1e4-7edd811af448@group-EB80CF3CD6E6-LeaderElection73: begin an election at term 1 for -1: [7b9f80e2-4958-4b1f-a1e4-7edd811af448:192.168.30.44:43702], old=null
2019-10-04 08:21:13,435 [ad82b19c-d058-4167-871b-23548711d9a9@group-A9BB052AEE5A-LeaderElection74] INFO  impl.LeaderElection (LeaderElection.java:askForVotes(178)) - ad82b19c-d058-4167-871b-23548711d9a9@group-A9BB052AEE5A-LeaderElection74: begin an election at term 1 for -1: [ad82b19c-d058-4167-871b-23548711d9a9:192.168.30.44:45364], old=null
2019-10-04 08:21:13,436 [7b9f80e2-4958-4b1f-a1e4-7edd811af448@group-EB80CF3CD6E6-LeaderElection73] INFO  impl.RoleInfo (RoleInfo.java:shutdownLeaderElection(134)) - 7b9f80e2-4958-4b1f-a1e4-7edd811af448: shutdown LeaderElection
2019-10-04 08:21:13,436 [ad82b19c-d058-4167-871b-23548711d9a9@group-A9BB052AEE5A-LeaderElection74] INFO  impl.RoleInfo (RoleInfo.java:shutdownLeaderElection(134)) - ad82b19c-d058-4167-871b-23548711d9a9: shutdown LeaderElection
2019-10-04 08:21:13,436 [7b9f80e2-4958-4b1f-a1e4-7edd811af448@group-EB80CF3CD6E6-LeaderElection73] INFO  impl.RaftServerImpl (RaftServerImpl.java:setRole(170)) - 7b9f80e2-4958-4b1f-a1e4-7edd811af448@group-EB80CF3CD6E6: changes role from CANDIDATE to LEADER at term 1 for changeToLeader
2019-10-04 08:21:13,436 [ad82b19c-d058-4167-871b-23548711d9a9@group-A9BB052AEE5A-LeaderElection74] INFO  impl.RaftServerImpl (RaftServerImpl.java:setRole(170)) - ad82b19c-d058-4167-871b-23548711d9a9@group-A9BB052AEE5A: changes role from CANDIDATE to LEADER at term 1 for changeToLeader
2019-10-04 08:21:13,436 [7b9f80e2-4958-4b1f-a1e4-7edd811af448@group-EB80CF3CD6E6-LeaderElection73] INFO  impl.RaftServerImpl (ServerState.java:setLeader(255)) - 7b9f80e2-4958-4b1f-a1e4-7edd811af448@group-EB80CF3CD6E6: change Leader from null to 7b9f80e2-4958-4b1f-a1e4-7edd811af448 at term 1 for becomeLeader, leader elected after 5082ms
2019-10-04 08:21:13,436 [ad82b19c-d058-4167-871b-23548711d9a9@group-A9BB052AEE5A-LeaderElection74] INFO  impl.RaftServerImpl (ServerState.java:setLeader(255)) - ad82b19c-d058-4167-871b-23548711d9a9@group-A9BB052AEE5A: change Leader from null to ad82b19c-d058-4167-871b-23548711d9a9 at term 1 for becomeLeader, leader elected after 5165ms
2019-10-04 08:21:13,436 [7b9f80e2-4958-4b1f-a1e4-7edd811af448@group-EB80CF3CD6E6-LeaderElection73] INFO  server.RaftServerConfigKeys (ConfUtils.java:logGet(43)) - raft.server.staging.catchup.gap = 1000 (default)
2019-10-04 08:21:13,436 [ad82b19c-d058-4167-871b-23548711d9a9@group-A9BB052AEE5A-LeaderElection74] INFO  server.RaftServerConfigKeys (ConfUtils.java:logGet(43)) - raft.server.staging.catchup.gap = 1000 (default)
2019-10-04 08:21:13,436 [7b9f80e2-4958-4b1f-a1e4-7edd811af448@group-EB80CF3CD6E6-LeaderElection73] INFO  server.RaftServerConfigKeys (ConfUtils.java:logGet(43)) - raft.server.rpc.sleep.time = 25ms (default)
2019-10-04 08:21:13,436 [ad82b19c-d058-4167-871b-23548711d9a9@group-A9BB052AEE5A-LeaderElection74] INFO  server.RaftServerConfigKeys (ConfUtils.java:logGet(43)) - raft.server.rpc.sleep.time = 25ms (default)
2019-10-04 08:21:13,437 [7b9f80e2-4958-4b1f-a1e4-7edd811af448@group-EB80CF3CD6E6-LeaderElection73] INFO  server.RaftServerConfigKeys (ConfUtils.java:logGet(43)) - raft.server.write.element-limit = 4096 (default)
2019-10-04 08:21:13,437 [ad82b19c-d058-4167-871b-23548711d9a9@group-A9BB052AEE5A-LeaderElection74] INFO  server.RaftServerConfigKeys (ConfUtils.java:logGet(43)) - raft.server.write.element-limit = 4096 (default)
2019-10-04 08:21:13,437 [7b9f80e2-4958-4b1f-a1e4-7edd811af448@group-EB80CF3CD6E6-LeaderElection73] INFO  server.RaftServerConfigKeys (ConfUtils.java:logGet(43)) - raft.server.watch.timeout = 10s (default)
2019-10-04 08:21:13,437 [ad82b19c-d058-4167-871b-23548711d9a9@group-A9BB052AEE5A-LeaderElection74] INFO  server.RaftServerConfigKeys (ConfUtils.java:logGet(43)) - raft.server.watch.timeout = 10s (default)
2019-10-04 08:21:13,437 [7b9f80e2-4958-4b1f-a1e4-7edd811af448@group-EB80CF3CD6E6-LeaderElection73] INFO  server.RaftServerConfigKeys (ConfUtils.java:logGet(43)) - raft.server.watch.timeout.denomination = 1s (default)
2019-10-04 08:21:13,437 [ad82b19c-d058-4167-871b-23548711d9a9@group-A9BB052AEE5A-LeaderElection74] INFO  server.RaftServerConfigKeys (ConfUtils.java:logGet(43)) - raft.server.watch.timeout.denomination = 1s (default)
2019-10-04 08:21:13,437 [7b9f80e2-4958-4b1f-a1e4-7edd811af448@group-EB80CF3CD6E6-LeaderElection73] INFO  server.RaftServerConfigKeys (ConfUtils.java:logGet(43)) - raft.server.watch.element-limit = 65536 (default)
2019-10-04 08:21:13,437 [ad82b19c-d058-4167-871b-23548711d9a9@group-A9BB052AEE5A-LeaderElection74] INFO  server.RaftServerConfigKeys (ConfUtils.java:logGet(43)) - raft.server.watch.element-limit = 65536 (default)
2019-10-04 08:21:13,440 [7b9f80e2-4958-4b1f-a1e4-7edd811af448@group-EB80CF3CD6E6-LeaderElection73] INFO  impl.RoleInfo (RoleInfo.java:updateAndGet(143)) - 7b9f80e2-4958-4b1f-a1e4-7edd811af448: start LeaderState
2019-10-04 08:21:13,440 [ad82b19c-d058-4167-871b-23548711d9a9@group-A9BB052AEE5A-LeaderElection74] INFO  impl.RoleInfo (RoleInfo.java:updateAndGet(143)) - ad82b19c-d058-4167-871b-23548711d9a9: start LeaderState
2019-10-04 08:21:13,441 [7b9f80e2-4958-4b1f-a1e4-7edd811af448@group-EB80CF3CD6E6-LeaderElection73] INFO  segmented.SegmentedRaftLogWorker (SegmentedRaftLogWorker.java:startLogSegment(385)) - 7b9f80e2-4958-4b1f-a1e4-7edd811af448@group-EB80CF3CD6E6-SegmentedRaftLogWorker: Starting segment from index:0
2019-10-04 08:21:13,441 [ad82b19c-d058-4167-871b-23548711d9a9@group-A9BB052AEE5A-LeaderElection74] INFO  segmented.SegmentedRaftLogWorker (SegmentedRaftLogWorker.java:startLogSegment(385)) - ad82b19c-d058-4167-871b-23548711d9a9@group-A9BB052AEE5A-SegmentedRaftLogWorker: Starting segment from index:0
2019-10-04 08:21:13,441 [7b9f80e2-4958-4b1f-a1e4-7edd811af448@group-EB80CF3CD6E6-LeaderElection73] INFO  impl.RaftServerImpl (ServerState.java:setRaftConf(356)) - 7b9f80e2-4958-4b1f-a1e4-7edd811af448@group-EB80CF3CD6E6: set configuration 0: [7b9f80e2-4958-4b1f-a1e4-7edd811af448:192.168.30.44:43702], old=null at 0
2019-10-04 08:21:13,441 [ad82b19c-d058-4167-871b-23548711d9a9@group-A9BB052AEE5A-LeaderElection74] INFO  impl.RaftServerImpl (ServerState.java:setRaftConf(356)) - ad82b19c-d058-4167-871b-23548711d9a9@group-A9BB052AEE5A: set configuration 0: [ad82b19c-d058-4167-871b-23548711d9a9:192.168.30.44:45364], old=null at 0
2019-10-04 08:21:13,444 [Thread-2361] INFO  impl.FollowerState (FollowerState.java:run(108)) - d72f31eb-805b-417a-a8a3-9029fdf32487@group-A531247D4B2E-FollowerState: change to CANDIDATE, lastRpcTime:5017ms, electionTimeout:5017ms
2019-10-04 08:21:13,444 [Thread-2361] INFO  impl.RoleInfo (RoleInfo.java:shutdownFollowerState(121)) - d72f31eb-805b-417a-a8a3-9029fdf32487: shutdown FollowerState
2019-10-04 08:21:13,444 [Thread-2361] INFO  impl.RaftServerImpl (RaftServerImpl.java:setRole(170)) - d72f31eb-805b-417a-a8a3-9029fdf32487@group-A531247D4B2E: changes role from  FOLLOWER to CANDIDATE at term 0 for changeToCandidate
2019-10-04 08:21:13,444 [Thread-2361] INFO  impl.RoleInfo (RoleInfo.java:updateAndGet(143)) - d72f31eb-805b-417a-a8a3-9029fdf32487: start LeaderElection
2019-10-04 08:21:13,502 [ad82b19c-d058-4167-871b-23548711d9a9@group-A9BB052AEE5A-SegmentedRaftLogWorker] INFO  segmented.SegmentedRaftLogWorker (SegmentedRaftLogWorker.java:execute(574)) - ad82b19c-d058-4167-871b-23548711d9a9@group-A9BB052AEE5A-SegmentedRaftLogWorker: created new log segment /workdir/hadoop-ozone/integration-test/target/test-dir/MiniOzoneClusterImpl-50c7e7a2-c4e6-4e08-ad27-ace44f57fbc4/datanode-2/data/ratis/b4f36eea-9a0a-4c1e-a0d4-a9bb052aee5a/current/log_inprogress_0
2019-10-04 08:21:13,502 [7b9f80e2-4958-4b1f-a1e4-7edd811af448@group-EB80CF3CD6E6-SegmentedRaftLogWorker] INFO  segmented.SegmentedRaftLogWorker (SegmentedRaftLogWorker.java:execute(574)) - 7b9f80e2-4958-4b1f-a1e4-7edd811af448@group-EB80CF3CD6E6-SegmentedRaftLogWorker: created new log segment /workdir/hadoop-ozone/integration-test/target/test-dir/MiniOzoneClusterImpl-50c7e7a2-c4e6-4e08-ad27-ace44f57fbc4/datanode-3/data/ratis/2c18803b-2c62-4f8f-b767-eb80cf3cd6e6/current/log_inprogress_0
2019-10-04 08:21:13,502 [d72f31eb-805b-417a-a8a3-9029fdf32487@group-A531247D4B2E-LeaderElection75] INFO  impl.LeaderElection (LeaderElection.java:askForVotes(178)) - d72f31eb-805b-417a-a8a3-9029fdf32487@group-A531247D4B2E-LeaderElection75: begin an election at term 1 for -1: [d72f31eb-805b-417a-a8a3-9029fdf32487:192.168.30.44:37393], old=null
2019-10-04 08:21:13,503 [d72f31eb-805b-417a-a8a3-9029fdf32487@group-A531247D4B2E-LeaderElection75] INFO  impl.RoleInfo (RoleInfo.java:shutdownLeaderElection(134)) - d72f31eb-805b-417a-a8a3-9029fdf32487: shutdown LeaderElection
2019-10-04 08:21:13,503 [d72f31eb-805b-417a-a8a3-9029fdf32487@group-A531247D4B2E-LeaderElection75] INFO  impl.RaftServerImpl (RaftServerImpl.java:setRole(170)) - d72f31eb-805b-417a-a8a3-9029fdf32487@group-A531247D4B2E: changes role from CANDIDATE to LEADER at term 1 for changeToLeader
2019-10-04 08:21:13,503 [d72f31eb-805b-417a-a8a3-9029fdf32487@group-A531247D4B2E-LeaderElection75] INFO  impl.RaftServerImpl (ServerState.java:setLeader(255)) - d72f31eb-805b-417a-a8a3-9029fdf32487@group-A531247D4B2E: change Leader from null to d72f31eb-805b-417a-a8a3-9029fdf32487 at term 1 for becomeLeader, leader elected after 5082ms
2019-10-04 08:21:13,503 [d72f31eb-805b-417a-a8a3-9029fdf32487@group-A531247D4B2E-LeaderElection75] INFO  server.RaftServerConfigKeys (ConfUtils.java:logGet(43)) - raft.server.staging.catchup.gap = 1000 (default)
2019-10-04 08:21:13,503 [d72f31eb-805b-417a-a8a3-9029fdf32487@group-A531247D4B2E-LeaderElection75] INFO  server.RaftServerConfigKeys (ConfUtils.java:logGet(43)) - raft.server.rpc.sleep.time = 25ms (default)
2019-10-04 08:21:13,503 [d72f31eb-805b-417a-a8a3-9029fdf32487@group-A531247D4B2E-LeaderElection75] INFO  server.RaftServerConfigKeys (ConfUtils.java:logGet(43)) - raft.server.write.element-limit = 4096 (default)
2019-10-04 08:21:13,504 [d72f31eb-805b-417a-a8a3-9029fdf32487@group-A531247D4B2E-LeaderElection75] INFO  server.RaftServerConfigKeys (ConfUtils.java:logGet(43)) - raft.server.watch.timeout = 10s (default)
2019-10-04 08:21:13,504 [d72f31eb-805b-417a-a8a3-9029fdf32487@group-A531247D4B2E-LeaderElection75] INFO  server.RaftServerConfigKeys (ConfUtils.java:logGet(43)) - raft.server.watch.timeout.denomination = 1s (default)
2019-10-04 08:21:13,504 [d72f31eb-805b-417a-a8a3-9029fdf32487@group-A531247D4B2E-LeaderElection75] INFO  server.RaftServerConfigKeys (ConfUtils.java:logGet(43)) - raft.server.watch.element-limit = 65536 (default)
2019-10-04 08:21:13,505 [d72f31eb-805b-417a-a8a3-9029fdf32487@group-A531247D4B2E-LeaderElection75] INFO  impl.RoleInfo (RoleInfo.java:updateAndGet(143)) - d72f31eb-805b-417a-a8a3-9029fdf32487: start LeaderState
2019-10-04 08:21:13,506 [d72f31eb-805b-417a-a8a3-9029fdf32487@group-A531247D4B2E-LeaderElection75] INFO  segmented.SegmentedRaftLogWorker (SegmentedRaftLogWorker.java:startLogSegment(385)) - d72f31eb-805b-417a-a8a3-9029fdf32487@group-A531247D4B2E-SegmentedRaftLogWorker: Starting segment from index:0
2019-10-04 08:21:13,506 [d72f31eb-805b-417a-a8a3-9029fdf32487@group-A531247D4B2E-LeaderElection75] INFO  impl.RaftServerImpl (ServerState.java:setRaftConf(356)) - d72f31eb-805b-417a-a8a3-9029fdf32487@group-A531247D4B2E: set configuration 0: [d72f31eb-805b-417a-a8a3-9029fdf32487:192.168.30.44:37393], old=null at 0
2019-10-04 08:21:13,553 [d72f31eb-805b-417a-a8a3-9029fdf32487@group-A531247D4B2E-SegmentedRaftLogWorker] INFO  segmented.SegmentedRaftLogWorker (SegmentedRaftLogWorker.java:execute(574)) - d72f31eb-805b-417a-a8a3-9029fdf32487@group-A531247D4B2E-SegmentedRaftLogWorker: created new log segment /workdir/hadoop-ozone/integration-test/target/test-dir/MiniOzoneClusterImpl-50c7e7a2-c4e6-4e08-ad27-ace44f57fbc4/datanode-4/data/ratis/caeadd68-ed19-48bd-bf64-a531247d4b2e/current/log_inprogress_0
2019-10-04 08:21:13,597 [Thread-2369] INFO  impl.FollowerState (FollowerState.java:run(108)) - e7f1519f-2b25-4fd1-ac34-f168a8409003@group-633E4DBF6285-FollowerState: change to CANDIDATE, lastRpcTime:5018ms, electionTimeout:5018ms
2019-10-04 08:21:13,597 [Thread-2369] INFO  impl.RoleInfo (RoleInfo.java:shutdownFollowerState(121)) - e7f1519f-2b25-4fd1-ac34-f168a8409003: shutdown FollowerState
2019-10-04 08:21:13,597 [Thread-2369] INFO  impl.RaftServerImpl (RaftServerImpl.java:setRole(170)) - e7f1519f-2b25-4fd1-ac34-f168a8409003@group-633E4DBF6285: changes role from  FOLLOWER to CANDIDATE at term 0 for changeToCandidate
2019-10-04 08:21:13,597 [Thread-2369] INFO  impl.RoleInfo (RoleInfo.java:updateAndGet(143)) - e7f1519f-2b25-4fd1-ac34-f168a8409003: start LeaderElection
2019-10-04 08:21:13,605 [Thread-2366] INFO  impl.FollowerState (FollowerState.java:run(108)) - a40f0c27-2271-453e-87d5-a12bab37434d@group-2F44625F631A-FollowerState: change to CANDIDATE, lastRpcTime:5093ms, electionTimeout:5090ms
2019-10-04 08:21:13,605 [Thread-2366] INFO  impl.RoleInfo (RoleInfo.java:shutdownFollowerState(121)) - a40f0c27-2271-453e-87d5-a12bab37434d: shutdown FollowerState
2019-10-04 08:21:13,605 [Thread-2366] INFO  impl.RaftServerImpl (RaftServerImpl.java:setRole(170)) - a40f0c27-2271-453e-87d5-a12bab37434d@group-2F44625F631A: changes role from  FOLLOWER to CANDIDATE at term 0 for changeToCandidate
2019-10-04 08:21:13,605 [Thread-2366] INFO  impl.RoleInfo (RoleInfo.java:updateAndGet(143)) - a40f0c27-2271-453e-87d5-a12bab37434d: start LeaderElection
2019-10-04 08:21:13,628 [a40f0c27-2271-453e-87d5-a12bab37434d@group-2F44625F631A-LeaderElection77] INFO  impl.LeaderElection (LeaderElection.java:askForVotes(178)) - a40f0c27-2271-453e-87d5-a12bab37434d@group-2F44625F631A-LeaderElection77: begin an election at term 1 for -1: [a40f0c27-2271-453e-87d5-a12bab37434d:192.168.30.44:38951], old=null
2019-10-04 08:21:13,628 [e7f1519f-2b25-4fd1-ac34-f168a8409003@group-633E4DBF6285-LeaderElection76] INFO  impl.LeaderElection (LeaderElection.java:askForVotes(178)) - e7f1519f-2b25-4fd1-ac34-f168a8409003@group-633E4DBF6285-LeaderElection76: begin an election at term 1 for -1: [e7f1519f-2b25-4fd1-ac34-f168a8409003:192.168.30.44:37133], old=null
2019-10-04 08:21:13,628 [a40f0c27-2271-453e-87d5-a12bab37434d@group-2F44625F631A-LeaderElection77] INFO  impl.RoleInfo (RoleInfo.java:shutdownLeaderElection(134)) - a40f0c27-2271-453e-87d5-a12bab37434d: shutdown LeaderElection
2019-10-04 08:21:13,629 [e7f1519f-2b25-4fd1-ac34-f168a8409003@group-633E4DBF6285-LeaderElection76] INFO  impl.RoleInfo (RoleInfo.java:shutdownLeaderElection(134)) - e7f1519f-2b25-4fd1-ac34-f168a8409003: shutdown LeaderElection
2019-10-04 08:21:13,629 [a40f0c27-2271-453e-87d5-a12bab37434d@group-2F44625F631A-LeaderElection77] INFO  impl.RaftServerImpl (RaftServerImpl.java:setRole(170)) - a40f0c27-2271-453e-87d5-a12bab37434d@group-2F44625F631A: changes role from CANDIDATE to LEADER at term 1 for changeToLeader
2019-10-04 08:21:13,629 [e7f1519f-2b25-4fd1-ac34-f168a8409003@group-633E4DBF6285-LeaderElection76] INFO  impl.RaftServerImpl (RaftServerImpl.java:setRole(170)) - e7f1519f-2b25-4fd1-ac34-f168a8409003@group-633E4DBF6285: changes role from CANDIDATE to LEADER at term 1 for changeToLeader
2019-10-04 08:21:13,629 [a40f0c27-2271-453e-87d5-a12bab37434d@group-2F44625F631A-LeaderElection77] INFO  impl.RaftServerImpl (ServerState.java:setLeader(255)) - a40f0c27-2271-453e-87d5-a12bab37434d@group-2F44625F631A: change Leader from null to a40f0c27-2271-453e-87d5-a12bab37434d at term 1 for becomeLeader, leader elected after 5127ms
2019-10-04 08:21:13,629 [e7f1519f-2b25-4fd1-ac34-f168a8409003@group-633E4DBF6285-LeaderElection76] INFO  impl.RaftServerImpl (ServerState.java:setLeader(255)) - e7f1519f-2b25-4fd1-ac34-f168a8409003@group-633E4DBF6285: change Leader from null to e7f1519f-2b25-4fd1-ac34-f168a8409003 at term 1 for becomeLeader, leader elected after 5056ms
2019-10-04 08:21:13,629 [a40f0c27-2271-453e-87d5-a12bab37434d@group-2F44625F631A-LeaderElection77] INFO  server.RaftServerConfigKeys (ConfUtils.java:logGet(43)) - raft.server.staging.catchup.gap = 1000 (default)
2019-10-04 08:21:13,629 [e7f1519f-2b25-4fd1-ac34-f168a8409003@group-633E4DBF6285-LeaderElection76] INFO  server.RaftServerConfigKeys (ConfUtils.java:logGet(43)) - raft.server.staging.catchup.gap = 1000 (default)
2019-10-04 08:21:13,629 [a40f0c27-2271-453e-87d5-a12bab37434d@group-2F44625F631A-LeaderElection77] INFO  server.RaftServerConfigKeys (ConfUtils.java:logGet(43)) - raft.server.rpc.sleep.time = 25ms (default)
2019-10-04 08:21:13,629 [e7f1519f-2b25-4fd1-ac34-f168a8409003@group-633E4DBF6285-LeaderElection76] INFO  server.RaftServerConfigKeys (ConfUtils.java:logGet(43)) - raft.server.rpc.sleep.time = 25ms (default)
2019-10-04 08:21:13,630 [a40f0c27-2271-453e-87d5-a12bab37434d@group-2F44625F631A-LeaderElection77] INFO  server.RaftServerConfigKeys (ConfUtils.java:logGet(43)) - raft.server.write.element-limit = 4096 (default)
2019-10-04 08:21:13,630 [e7f1519f-2b25-4fd1-ac34-f168a8409003@group-633E4DBF6285-LeaderElection76] INFO  server.RaftServerConfigKeys (ConfUtils.java:logGet(43)) - raft.server.write.element-limit = 4096 (default)
2019-10-04 08:21:13,630 [a40f0c27-2271-453e-87d5-a12bab37434d@group-2F44625F631A-LeaderElection77] INFO  server.RaftServerConfigKeys (ConfUtils.java:logGet(43)) - raft.server.watch.timeout = 10s (default)
2019-10-04 08:21:13,630 [e7f1519f-2b25-4fd1-ac34-f168a8409003@group-633E4DBF6285-LeaderElection76] INFO  server.RaftServerConfigKeys (ConfUtils.java:logGet(43)) - raft.server.watch.timeout = 10s (default)
2019-10-04 08:21:13,630 [a40f0c27-2271-453e-87d5-a12bab37434d@group-2F44625F631A-LeaderElection77] INFO  server.RaftServerConfigKeys (ConfUtils.java:logGet(43)) - raft.server.watch.timeout.denomination = 1s (default)
2019-10-04 08:21:13,630 [e7f1519f-2b25-4fd1-ac34-f168a8409003@group-633E4DBF6285-LeaderElection76] INFO  server.RaftServerConfigKeys (ConfUtils.java:logGet(43)) - raft.server.watch.timeout.denomination = 1s (default)
2019-10-04 08:21:13,630 [a40f0c27-2271-453e-87d5-a12bab37434d@group-2F44625F631A-LeaderElection77] INFO  server.RaftServerConfigKeys (ConfUtils.java:logGet(43)) - raft.server.watch.element-limit = 65536 (default)
2019-10-04 08:21:13,630 [e7f1519f-2b25-4fd1-ac34-f168a8409003@group-633E4DBF6285-LeaderElection76] INFO  server.RaftServerConfigKeys (ConfUtils.java:logGet(43)) - raft.server.watch.element-limit = 65536 (default)
2019-10-04 08:21:13,633 [a40f0c27-2271-453e-87d5-a12bab37434d@group-2F44625F631A-LeaderElection77] INFO  impl.RoleInfo (RoleInfo.java:updateAndGet(143)) - a40f0c27-2271-453e-87d5-a12bab37434d: start LeaderState
2019-10-04 08:21:13,633 [e7f1519f-2b25-4fd1-ac34-f168a8409003@group-633E4DBF6285-LeaderElection76] INFO  impl.RoleInfo (RoleInfo.java:updateAndGet(143)) - e7f1519f-2b25-4fd1-ac34-f168a8409003: start LeaderState
2019-10-04 08:21:13,633 [a40f0c27-2271-453e-87d5-a12bab37434d@group-2F44625F631A-LeaderElection77] INFO  segmented.SegmentedRaftLogWorker (SegmentedRaftLogWorker.java:startLogSegment(385)) - a40f0c27-2271-453e-87d5-a12bab37434d@group-2F44625F631A-SegmentedRaftLogWorker: Starting segment from index:0
2019-10-04 08:21:13,633 [e7f1519f-2b25-4fd1-ac34-f168a8409003@group-633E4DBF6285-LeaderElection76] INFO  segmented.SegmentedRaftLogWorker (SegmentedRaftLogWorker.java:startLogSegment(385)) - e7f1519f-2b25-4fd1-ac34-f168a8409003@group-633E4DBF6285-SegmentedRaftLogWorker: Starting segment from index:0
2019-10-04 08:21:13,634 [a40f0c27-2271-453e-87d5-a12bab37434d@group-2F44625F631A-LeaderElection77] INFO  impl.RaftServerImpl (ServerState.java:setRaftConf(356)) - a40f0c27-2271-453e-87d5-a12bab37434d@group-2F44625F631A: set configuration 0: [a40f0c27-2271-453e-87d5-a12bab37434d:192.168.30.44:38951], old=null at 0
2019-10-04 08:21:13,634 [e7f1519f-2b25-4fd1-ac34-f168a8409003@group-633E4DBF6285-LeaderElection76] INFO  impl.RaftServerImpl (ServerState.java:setRaftConf(356)) - e7f1519f-2b25-4fd1-ac34-f168a8409003@group-633E4DBF6285: set configuration 0: [e7f1519f-2b25-4fd1-ac34-f168a8409003:192.168.30.44:37133], old=null at 0
2019-10-04 08:21:13,668 [Thread-2374] INFO  impl.FollowerState (FollowerState.java:run(108)) - 0c69f7ff-6154-4442-b28b-f48999afb2ed@group-E1427B7DB9F0-FollowerState: change to CANDIDATE, lastRpcTime:5006ms, electionTimeout:5006ms
2019-10-04 08:21:13,668 [Thread-2374] INFO  impl.RoleInfo (RoleInfo.java:shutdownFollowerState(121)) - 0c69f7ff-6154-4442-b28b-f48999afb2ed: shutdown FollowerState
2019-10-04 08:21:13,668 [Thread-2374] INFO  impl.RaftServerImpl (RaftServerImpl.java:setRole(170)) - 0c69f7ff-6154-4442-b28b-f48999afb2ed@group-E1427B7DB9F0: changes role from  FOLLOWER to CANDIDATE at term 0 for changeToCandidate
2019-10-04 08:21:13,668 [Thread-2374] INFO  impl.RoleInfo (RoleInfo.java:updateAndGet(143)) - 0c69f7ff-6154-4442-b28b-f48999afb2ed: start LeaderElection
2019-10-04 08:21:13,682 [Thread-2376] INFO  impl.FollowerState (FollowerState.java:run(108)) - a40f0c27-2271-453e-87d5-a12bab37434d@group-E1427B7DB9F0-FollowerState: change to CANDIDATE, lastRpcTime:5018ms, electionTimeout:5018ms
2019-10-04 08:21:13,682 [Thread-2376] INFO  impl.RoleInfo (RoleInfo.java:shutdownFollowerState(121)) - a40f0c27-2271-453e-87d5-a12bab37434d: shutdown FollowerState
2019-10-04 08:21:13,683 [Thread-2376] INFO  impl.RaftServerImpl (RaftServerImpl.java:setRole(170)) - a40f0c27-2271-453e-87d5-a12bab37434d@group-E1427B7DB9F0: changes role from  FOLLOWER to CANDIDATE at term 0 for changeToCandidate
2019-10-04 08:21:13,683 [Thread-2376] INFO  impl.RoleInfo (RoleInfo.java:updateAndGet(143)) - a40f0c27-2271-453e-87d5-a12bab37434d: start LeaderElection
2019-10-04 08:21:13,687 [e7f1519f-2b25-4fd1-ac34-f168a8409003@group-633E4DBF6285-SegmentedRaftLogWorker] INFO  segmented.SegmentedRaftLogWorker (SegmentedRaftLogWorker.java:execute(574)) - e7f1519f-2b25-4fd1-ac34-f168a8409003@group-633E4DBF6285-SegmentedRaftLogWorker: created new log segment /workdir/hadoop-ozone/integration-test/target/test-dir/MiniOzoneClusterImpl-50c7e7a2-c4e6-4e08-ad27-ace44f57fbc4/datanode-6/data/ratis/26b7fbf9-6381-47a6-b01f-633e4dbf6285/current/log_inprogress_0
2019-10-04 08:21:13,687 [a40f0c27-2271-453e-87d5-a12bab37434d@group-2F44625F631A-SegmentedRaftLogWorker] INFO  segmented.SegmentedRaftLogWorker (SegmentedRaftLogWorker.java:execute(574)) - a40f0c27-2271-453e-87d5-a12bab37434d@group-2F44625F631A-SegmentedRaftLogWorker: created new log segment /workdir/hadoop-ozone/integration-test/target/test-dir/MiniOzoneClusterImpl-50c7e7a2-c4e6-4e08-ad27-ace44f57fbc4/datanode-5/data/ratis/4366d7c3-a097-4a83-a66a-2f44625f631a/current/log_inprogress_0
2019-10-04 08:21:13,704 [0c69f7ff-6154-4442-b28b-f48999afb2ed@group-E1427B7DB9F0-LeaderElection78] INFO  impl.LeaderElection (LeaderElection.java:askForVotes(178)) - 0c69f7ff-6154-4442-b28b-f48999afb2ed@group-E1427B7DB9F0-LeaderElection78: begin an election at term 1 for -1: [7b9f80e2-4958-4b1f-a1e4-7edd811af448:192.168.30.44:43702, a40f0c27-2271-453e-87d5-a12bab37434d:192.168.30.44:38951, 0c69f7ff-6154-4442-b28b-f48999afb2ed:192.168.30.44:41108], old=null
2019-10-04 08:21:13,704 [a40f0c27-2271-453e-87d5-a12bab37434d@group-E1427B7DB9F0-LeaderElection79] INFO  impl.LeaderElection (LeaderElection.java:askForVotes(178)) - a40f0c27-2271-453e-87d5-a12bab37434d@group-E1427B7DB9F0-LeaderElection79: begin an election at term 1 for -1: [7b9f80e2-4958-4b1f-a1e4-7edd811af448:192.168.30.44:43702, a40f0c27-2271-453e-87d5-a12bab37434d:192.168.30.44:38951, 0c69f7ff-6154-4442-b28b-f48999afb2ed:192.168.30.44:41108], old=null
2019-10-04 08:21:13,708 [grpc-default-executor-1] INFO  impl.RaftServerImpl (RaftServerImpl.java:setRole(170)) - 7b9f80e2-4958-4b1f-a1e4-7edd811af448@group-E1427B7DB9F0: changes role from  FOLLOWER to FOLLOWER at term 1 for recognizeCandidate:a40f0c27-2271-453e-87d5-a12bab37434d
2019-10-04 08:21:13,711 [grpc-default-executor-1] INFO  impl.RoleInfo (RoleInfo.java:shutdownFollowerState(121)) - 7b9f80e2-4958-4b1f-a1e4-7edd811af448: shutdown FollowerState
2019-10-04 08:21:13,711 [Thread-2375] INFO  impl.FollowerState (FollowerState.java:run(117)) - 7b9f80e2-4958-4b1f-a1e4-7edd811af448@group-E1427B7DB9F0-FollowerState was interrupted: java.lang.InterruptedException: sleep interrupted
2019-10-04 08:21:13,711 [grpc-default-executor-1] INFO  impl.RoleInfo (RoleInfo.java:updateAndGet(143)) - 7b9f80e2-4958-4b1f-a1e4-7edd811af448: start FollowerState
2019-10-04 08:21:13,739 [0c69f7ff-6154-4442-b28b-f48999afb2ed@group-E1427B7DB9F0-LeaderElection78] INFO  impl.LeaderElection (LeaderElection.java:logAndReturn(56)) - 0c69f7ff-6154-4442-b28b-f48999afb2ed@group-E1427B7DB9F0-LeaderElection78: Election REJECTED; received 2 response(s) [0c69f7ff-6154-4442-b28b-f48999afb2ed<-a40f0c27-2271-453e-87d5-a12bab37434d#0:FAIL-t1, 0c69f7ff-6154-4442-b28b-f48999afb2ed<-7b9f80e2-4958-4b1f-a1e4-7edd811af448#0:FAIL-t1] and 0 exception(s); 0c69f7ff-6154-4442-b28b-f48999afb2ed@group-E1427B7DB9F0:t1, leader=null, voted=0c69f7ff-6154-4442-b28b-f48999afb2ed, raftlog=0c69f7ff-6154-4442-b28b-f48999afb2ed@group-E1427B7DB9F0-SegmentedRaftLog:OPENED:c-1,f-1,i0, conf=-1: [7b9f80e2-4958-4b1f-a1e4-7edd811af448:192.168.30.44:43702, a40f0c27-2271-453e-87d5-a12bab37434d:192.168.30.44:38951, 0c69f7ff-6154-4442-b28b-f48999afb2ed:192.168.30.44:41108], old=null
2019-10-04 08:21:13,739 [a40f0c27-2271-453e-87d5-a12bab37434d@group-E1427B7DB9F0-LeaderElection79] INFO  impl.LeaderElection (LeaderElection.java:logAndReturn(56)) - a40f0c27-2271-453e-87d5-a12bab37434d@group-E1427B7DB9F0-LeaderElection79: Election PASSED; received 2 response(s) [a40f0c27-2271-453e-87d5-a12bab37434d<-7b9f80e2-4958-4b1f-a1e4-7edd811af448#0:OK-t1, a40f0c27-2271-453e-87d5-a12bab37434d<-0c69f7ff-6154-4442-b28b-f48999afb2ed#0:FAIL-t1] and 0 exception(s); a40f0c27-2271-453e-87d5-a12bab37434d@group-E1427B7DB9F0:t1, leader=null, voted=a40f0c27-2271-453e-87d5-a12bab37434d, raftlog=a40f0c27-2271-453e-87d5-a12bab37434d@group-E1427B7DB9F0-SegmentedRaftLog:OPENED:c-1,f-1,i0, conf=-1: [7b9f80e2-4958-4b1f-a1e4-7edd811af448:192.168.30.44:43702, a40f0c27-2271-453e-87d5-a12bab37434d:192.168.30.44:38951, 0c69f7ff-6154-4442-b28b-f48999afb2ed:192.168.30.44:41108], old=null
2019-10-04 08:21:13,739 [0c69f7ff-6154-4442-b28b-f48999afb2ed@group-E1427B7DB9F0-LeaderElection78] INFO  impl.RaftServerImpl (RaftServerImpl.java:setRole(170)) - 0c69f7ff-6154-4442-b28b-f48999afb2ed@group-E1427B7DB9F0: changes role from CANDIDATE to FOLLOWER at term 1 for DISCOVERED_A_NEW_TERM
2019-10-04 08:21:13,741 [0c69f7ff-6154-4442-b28b-f48999afb2ed@group-E1427B7DB9F0-LeaderElection78] INFO  impl.RoleInfo (RoleInfo.java:shutdownLeaderElection(134)) - 0c69f7ff-6154-4442-b28b-f48999afb2ed: shutdown LeaderElection
2019-10-04 08:21:13,741 [a40f0c27-2271-453e-87d5-a12bab37434d@group-E1427B7DB9F0-LeaderElection79] INFO  impl.RoleInfo (RoleInfo.java:shutdownLeaderElection(134)) - a40f0c27-2271-453e-87d5-a12bab37434d: shutdown LeaderElection
2019-10-04 08:21:13,744 [a40f0c27-2271-453e-87d5-a12bab37434d@group-E1427B7DB9F0-LeaderElection79] INFO  impl.RaftServerImpl (RaftServerImpl.java:setRole(170)) - a40f0c27-2271-453e-87d5-a12bab37434d@group-E1427B7DB9F0: changes role from CANDIDATE to LEADER at term 1 for changeToLeader
2019-10-04 08:21:13,744 [a40f0c27-2271-453e-87d5-a12bab37434d@group-E1427B7DB9F0-LeaderElection79] INFO  impl.RaftServerImpl (ServerState.java:setLeader(255)) - a40f0c27-2271-453e-87d5-a12bab37434d@group-E1427B7DB9F0: change Leader from null to a40f0c27-2271-453e-87d5-a12bab37434d at term 1 for becomeLeader, leader elected after 5093ms
2019-10-04 08:21:13,744 [0c69f7ff-6154-4442-b28b-f48999afb2ed@group-E1427B7DB9F0-LeaderElection78] INFO  impl.RoleInfo (RoleInfo.java:updateAndGet(143)) - 0c69f7ff-6154-4442-b28b-f48999afb2ed: start FollowerState
2019-10-04 08:21:13,744 [a40f0c27-2271-453e-87d5-a12bab37434d@group-E1427B7DB9F0-LeaderElection79] INFO  server.RaftServerConfigKeys (ConfUtils.java:logGet(43)) - raft.server.staging.catchup.gap = 1000 (default)
2019-10-04 08:21:13,744 [a40f0c27-2271-453e-87d5-a12bab37434d@group-E1427B7DB9F0-LeaderElection79] INFO  server.RaftServerConfigKeys (ConfUtils.java:logGet(43)) - raft.server.rpc.sleep.time = 25ms (default)
2019-10-04 08:21:13,744 [a40f0c27-2271-453e-87d5-a12bab37434d@group-E1427B7DB9F0-LeaderElection79] INFO  server.RaftServerConfigKeys (ConfUtils.java:logGet(43)) - raft.server.write.element-limit = 4096 (default)
2019-10-04 08:21:13,744 [a40f0c27-2271-453e-87d5-a12bab37434d@group-E1427B7DB9F0-LeaderElection79] INFO  server.RaftServerConfigKeys (ConfUtils.java:logGet(43)) - raft.server.watch.timeout = 10s (default)
2019-10-04 08:21:13,745 [a40f0c27-2271-453e-87d5-a12bab37434d@group-E1427B7DB9F0-LeaderElection79] INFO  server.RaftServerConfigKeys (ConfUtils.java:logGet(43)) - raft.server.watch.timeout.denomination = 1s (default)
2019-10-04 08:21:13,745 [a40f0c27-2271-453e-87d5-a12bab37434d@group-E1427B7DB9F0-LeaderElection79] INFO  server.RaftServerConfigKeys (ConfUtils.java:logGet(43)) - raft.server.watch.element-limit = 65536 (default)
2019-10-04 08:21:13,746 [a40f0c27-2271-453e-87d5-a12bab37434d@group-E1427B7DB9F0-LeaderElection79] INFO  server.RaftServerConfigKeys (ConfUtils.java:logGet(43)) - raft.server.log.appender.snapshot.chunk.size.max = 16MB (=16777216) (default)
2019-10-04 08:21:13,746 [a40f0c27-2271-453e-87d5-a12bab37434d@group-E1427B7DB9F0-LeaderElection79] INFO  server.RaftServerConfigKeys (ConfUtils.java:logGet(43)) - raft.server.log.appender.buffer.byte-limit = 33554432 (custom)
2019-10-04 08:21:13,746 [a40f0c27-2271-453e-87d5-a12bab37434d@group-E1427B7DB9F0-LeaderElection79] INFO  server.RaftServerConfigKeys (ConfUtils.java:logGet(43)) - raft.server.log.appender.buffer.element-limit = 1 (custom)
2019-10-04 08:21:13,747 [a40f0c27-2271-453e-87d5-a12bab37434d@group-E1427B7DB9F0-LeaderElection79] INFO  grpc.GrpcConfigKeys$Server (ConfUtils.java:logGet(43)) - raft.grpc.server.leader.outstanding.appends.max = 128 (default)
2019-10-04 08:21:13,747 [a40f0c27-2271-453e-87d5-a12bab37434d@group-E1427B7DB9F0-LeaderElection79] INFO  server.RaftServerConfigKeys (ConfUtils.java:logGet(43)) - raft.server.rpc.request.timeout = 3000ms (default)
2019-10-04 08:21:13,747 [a40f0c27-2271-453e-87d5-a12bab37434d@group-E1427B7DB9F0-LeaderElection79] INFO  server.RaftServerConfigKeys (ConfUtils.java:logGet(43)) - raft.server.log.appender.install.snapshot.enabled = false (custom)
2019-10-04 08:21:13,747 [a40f0c27-2271-453e-87d5-a12bab37434d@group-E1427B7DB9F0-LeaderElection79] INFO  server.RaftServerConfigKeys (ConfUtils.java:logGet(43)) - raft.server.log.appender.snapshot.chunk.size.max = 16MB (=16777216) (default)
2019-10-04 08:21:13,747 [a40f0c27-2271-453e-87d5-a12bab37434d@group-E1427B7DB9F0-LeaderElection79] INFO  server.RaftServerConfigKeys (ConfUtils.java:logGet(43)) - raft.server.log.appender.buffer.byte-limit = 33554432 (custom)
2019-10-04 08:21:13,747 [a40f0c27-2271-453e-87d5-a12bab37434d@group-E1427B7DB9F0-LeaderElection79] INFO  server.RaftServerConfigKeys (ConfUtils.java:logGet(43)) - raft.server.log.appender.buffer.element-limit = 1 (custom)
2019-10-04 08:21:13,748 [a40f0c27-2271-453e-87d5-a12bab37434d@group-E1427B7DB9F0-LeaderElection79] INFO  grpc.GrpcConfigKeys$Server (ConfUtils.java:logGet(43)) - raft.grpc.server.leader.outstanding.appends.max = 128 (default)
2019-10-04 08:21:13,748 [a40f0c27-2271-453e-87d5-a12bab37434d@group-E1427B7DB9F0-LeaderElection79] INFO  server.RaftServerConfigKeys (ConfUtils.java:logGet(43)) - raft.server.rpc.request.timeout = 3000ms (default)
2019-10-04 08:21:13,748 [a40f0c27-2271-453e-87d5-a12bab37434d@group-E1427B7DB9F0-LeaderElection79] INFO  server.RaftServerConfigKeys (ConfUtils.java:logGet(43)) - raft.server.log.appender.install.snapshot.enabled = false (custom)
2019-10-04 08:21:13,748 [a40f0c27-2271-453e-87d5-a12bab37434d@group-E1427B7DB9F0-LeaderElection79] INFO  impl.RoleInfo (RoleInfo.java:updateAndGet(143)) - a40f0c27-2271-453e-87d5-a12bab37434d: start LeaderState
2019-10-04 08:21:13,748 [a40f0c27-2271-453e-87d5-a12bab37434d@group-E1427B7DB9F0-LeaderElection79] INFO  segmented.SegmentedRaftLogWorker (SegmentedRaftLogWorker.java:startLogSegment(385)) - a40f0c27-2271-453e-87d5-a12bab37434d@group-E1427B7DB9F0-SegmentedRaftLogWorker: Starting segment from index:0
2019-10-04 08:21:13,749 [a40f0c27-2271-453e-87d5-a12bab37434d@group-E1427B7DB9F0-LeaderElection79] INFO  impl.RaftServerImpl (ServerState.java:setRaftConf(356)) - a40f0c27-2271-453e-87d5-a12bab37434d@group-E1427B7DB9F0: set configuration 0: [7b9f80e2-4958-4b1f-a1e4-7edd811af448:192.168.30.44:43702, a40f0c27-2271-453e-87d5-a12bab37434d:192.168.30.44:38951, 0c69f7ff-6154-4442-b28b-f48999afb2ed:192.168.30.44:41108], old=null at 0
2019-10-04 08:21:13,750 [grpc-default-executor-1] INFO  impl.RaftServerImpl (ServerState.java:setLeader(255)) - 7b9f80e2-4958-4b1f-a1e4-7edd811af448@group-E1427B7DB9F0: change Leader from null to a40f0c27-2271-453e-87d5-a12bab37434d at term 1 for appendEntries, leader elected after 5100ms
2019-10-04 08:21:13,750 [grpc-default-executor-6] INFO  impl.RaftServerImpl (ServerState.java:setLeader(255)) - 0c69f7ff-6154-4442-b28b-f48999afb2ed@group-E1427B7DB9F0: change Leader from null to a40f0c27-2271-453e-87d5-a12bab37434d at term 1 for appendEntries, leader elected after 5100ms
2019-10-04 08:21:13,752 [grpc-default-executor-6] INFO  impl.RaftServerImpl (ServerState.java:setRaftConf(356)) - 0c69f7ff-6154-4442-b28b-f48999afb2ed@group-E1427B7DB9F0: set configuration 0: [7b9f80e2-4958-4b1f-a1e4-7edd811af448:192.168.30.44:43702, a40f0c27-2271-453e-87d5-a12bab37434d:192.168.30.44:38951, 0c69f7ff-6154-4442-b28b-f48999afb2ed:192.168.30.44:41108], old=null at 0
2019-10-04 08:21:13,752 [grpc-default-executor-1] INFO  impl.RaftServerImpl (ServerState.java:setRaftConf(356)) - 7b9f80e2-4958-4b1f-a1e4-7edd811af448@group-E1427B7DB9F0: set configuration 0: [7b9f80e2-4958-4b1f-a1e4-7edd811af448:192.168.30.44:43702, a40f0c27-2271-453e-87d5-a12bab37434d:192.168.30.44:38951, 0c69f7ff-6154-4442-b28b-f48999afb2ed:192.168.30.44:41108], old=null at 0
2019-10-04 08:21:13,752 [grpc-default-executor-6] INFO  segmented.SegmentedRaftLogWorker (SegmentedRaftLogWorker.java:startLogSegment(385)) - 0c69f7ff-6154-4442-b28b-f48999afb2ed@group-E1427B7DB9F0-SegmentedRaftLogWorker: Starting segment from index:0
2019-10-04 08:21:13,753 [grpc-default-executor-1] INFO  segmented.SegmentedRaftLogWorker (SegmentedRaftLogWorker.java:startLogSegment(385)) - 7b9f80e2-4958-4b1f-a1e4-7edd811af448@group-E1427B7DB9F0-SegmentedRaftLogWorker: Starting segment from index:0
2019-10-04 08:21:13,796 [7b9f80e2-4958-4b1f-a1e4-7edd811af448@group-E1427B7DB9F0-SegmentedRaftLogWorker] INFO  segmented.SegmentedRaftLogWorker (SegmentedRaftLogWorker.java:execute(574)) - 7b9f80e2-4958-4b1f-a1e4-7edd811af448@group-E1427B7DB9F0-SegmentedRaftLogWorker: created new log segment /workdir/hadoop-ozone/integration-test/target/test-dir/MiniOzoneClusterImpl-50c7e7a2-c4e6-4e08-ad27-ace44f57fbc4/datanode-3/data/ratis/2825e4da-6549-465b-9e74-e1427b7db9f0/current/log_inprogress_0
2019-10-04 08:21:13,796 [a40f0c27-2271-453e-87d5-a12bab37434d@group-E1427B7DB9F0-SegmentedRaftLogWorker] INFO  segmented.SegmentedRaftLogWorker (SegmentedRaftLogWorker.java:execute(574)) - a40f0c27-2271-453e-87d5-a12bab37434d@group-E1427B7DB9F0-SegmentedRaftLogWorker: created new log segment /workdir/hadoop-ozone/integration-test/target/test-dir/MiniOzoneClusterImpl-50c7e7a2-c4e6-4e08-ad27-ace44f57fbc4/datanode-5/data/ratis/2825e4da-6549-465b-9e74-e1427b7db9f0/current/log_inprogress_0
2019-10-04 08:21:13,796 [0c69f7ff-6154-4442-b28b-f48999afb2ed@group-E1427B7DB9F0-SegmentedRaftLogWorker] INFO  segmented.SegmentedRaftLogWorker (SegmentedRaftLogWorker.java:execute(574)) - 0c69f7ff-6154-4442-b28b-f48999afb2ed@group-E1427B7DB9F0-SegmentedRaftLogWorker: created new log segment /workdir/hadoop-ozone/integration-test/target/test-dir/MiniOzoneClusterImpl-50c7e7a2-c4e6-4e08-ad27-ace44f57fbc4/datanode-1/data/ratis/2825e4da-6549-465b-9e74-e1427b7db9f0/current/log_inprogress_0
2019-10-04 08:21:13,802 [Thread-2384] INFO  impl.FollowerState (FollowerState.java:run(108)) - e7f1519f-2b25-4fd1-ac34-f168a8409003@group-1BAC31CC5226-FollowerState: change to CANDIDATE, lastRpcTime:5047ms, electionTimeout:5047ms
2019-10-04 08:21:13,802 [Thread-2384] INFO  impl.RoleInfo (RoleInfo.java:shutdownFollowerState(121)) - e7f1519f-2b25-4fd1-ac34-f168a8409003: shutdown FollowerState
2019-10-04 08:21:13,802 [Thread-2384] INFO  impl.RaftServerImpl (RaftServerImpl.java:setRole(170)) - e7f1519f-2b25-4fd1-ac34-f168a8409003@group-1BAC31CC5226: changes role from  FOLLOWER to CANDIDATE at term 0 for changeToCandidate
2019-10-04 08:21:13,802 [Thread-2384] INFO  impl.RoleInfo (RoleInfo.java:updateAndGet(143)) - e7f1519f-2b25-4fd1-ac34-f168a8409003: start LeaderElection
2019-10-04 08:21:13,847 [e7f1519f-2b25-4fd1-ac34-f168a8409003@group-1BAC31CC5226-LeaderElection80] INFO  impl.LeaderElection (LeaderElection.java:askForVotes(178)) - e7f1519f-2b25-4fd1-ac34-f168a8409003@group-1BAC31CC5226-LeaderElection80: begin an election at term 1 for -1: [ad82b19c-d058-4167-871b-23548711d9a9:192.168.30.44:45364, e7f1519f-2b25-4fd1-ac34-f168a8409003:192.168.30.44:37133, 65bce08d-3171-40f2-9f47-38fb362c13a7:192.168.30.44:40861], old=null
2019-10-04 08:21:13,853 [grpc-default-executor-6] INFO  impl.RaftServerImpl (RaftServerImpl.java:setRole(170)) - ad82b19c-d058-4167-871b-23548711d9a9@group-1BAC31CC5226: changes role from  FOLLOWER to FOLLOWER at term 1 for recognizeCandidate:e7f1519f-2b25-4fd1-ac34-f168a8409003
2019-10-04 08:21:13,855 [grpc-default-executor-1] INFO  impl.RaftServerImpl (RaftServerImpl.java:setRole(170)) - 65bce08d-3171-40f2-9f47-38fb362c13a7@group-1BAC31CC5226: changes role from  FOLLOWER to FOLLOWER at term 1 for recognizeCandidate:e7f1519f-2b25-4fd1-ac34-f168a8409003
2019-10-04 08:21:13,855 [grpc-default-executor-6] INFO  impl.RoleInfo (RoleInfo.java:shutdownFollowerState(121)) - ad82b19c-d058-4167-871b-23548711d9a9: shutdown FollowerState
2019-10-04 08:21:13,855 [grpc-default-executor-1] INFO  impl.RoleInfo (RoleInfo.java:shutdownFollowerState(121)) - 65bce08d-3171-40f2-9f47-38fb362c13a7: shutdown FollowerState
2019-10-04 08:21:13,855 [grpc-default-executor-6] INFO  impl.RoleInfo (RoleInfo.java:updateAndGet(143)) - ad82b19c-d058-4167-871b-23548711d9a9: start FollowerState
2019-10-04 08:21:13,855 [Thread-2386] INFO  impl.FollowerState (FollowerState.java:run(117)) - ad82b19c-d058-4167-871b-23548711d9a9@group-1BAC31CC5226-FollowerState was interrupted: java.lang.InterruptedException: sleep interrupted
2019-10-04 08:21:13,856 [Thread-2381] INFO  impl.FollowerState (FollowerState.java:run(117)) - 65bce08d-3171-40f2-9f47-38fb362c13a7@group-1BAC31CC5226-FollowerState was interrupted: java.lang.InterruptedException: sleep interrupted
2019-10-04 08:21:13,856 [grpc-default-executor-1] INFO  impl.RoleInfo (RoleInfo.java:updateAndGet(143)) - 65bce08d-3171-40f2-9f47-38fb362c13a7: start FollowerState
2019-10-04 08:21:13,882 [e7f1519f-2b25-4fd1-ac34-f168a8409003@group-1BAC31CC5226-LeaderElection80] INFO  impl.LeaderElection (LeaderElection.java:logAndReturn(56)) - e7f1519f-2b25-4fd1-ac34-f168a8409003@group-1BAC31CC5226-LeaderElection80: Election PASSED; received 1 response(s) [e7f1519f-2b25-4fd1-ac34-f168a8409003<-ad82b19c-d058-4167-871b-23548711d9a9#0:OK-t1] and 0 exception(s); e7f1519f-2b25-4fd1-ac34-f168a8409003@group-1BAC31CC5226:t1, leader=null, voted=e7f1519f-2b25-4fd1-ac34-f168a8409003, raftlog=e7f1519f-2b25-4fd1-ac34-f168a8409003@group-1BAC31CC5226-SegmentedRaftLog:OPENED:c-1,f-1,i0, conf=-1: [ad82b19c-d058-4167-871b-23548711d9a9:192.168.30.44:45364, e7f1519f-2b25-4fd1-ac34-f168a8409003:192.168.30.44:37133, 65bce08d-3171-40f2-9f47-38fb362c13a7:192.168.30.44:40861], old=null
2019-10-04 08:21:13,882 [e7f1519f-2b25-4fd1-ac34-f168a8409003@group-1BAC31CC5226-LeaderElection80] INFO  impl.RoleInfo (RoleInfo.java:shutdownLeaderElection(134)) - e7f1519f-2b25-4fd1-ac34-f168a8409003: shutdown LeaderElection
2019-10-04 08:21:13,883 [e7f1519f-2b25-4fd1-ac34-f168a8409003@group-1BAC31CC5226-LeaderElection80] INFO  impl.RaftServerImpl (RaftServerImpl.java:setRole(170)) - e7f1519f-2b25-4fd1-ac34-f168a8409003@group-1BAC31CC5226: changes role from CANDIDATE to LEADER at term 1 for changeToLeader
2019-10-04 08:21:13,883 [e7f1519f-2b25-4fd1-ac34-f168a8409003@group-1BAC31CC5226-LeaderElection80] INFO  impl.RaftServerImpl (ServerState.java:setLeader(255)) - e7f1519f-2b25-4fd1-ac34-f168a8409003@group-1BAC31CC5226: change Leader from null to e7f1519f-2b25-4fd1-ac34-f168a8409003 at term 1 for becomeLeader, leader elected after 5140ms
2019-10-04 08:21:13,883 [e7f1519f-2b25-4fd1-ac34-f168a8409003@group-1BAC31CC5226-LeaderElection80] INFO  server.RaftServerConfigKeys (ConfUtils.java:logGet(43)) - raft.server.staging.catchup.gap = 1000 (default)
2019-10-04 08:21:13,883 [e7f1519f-2b25-4fd1-ac34-f168a8409003@group-1BAC31CC5226-LeaderElection80] INFO  server.RaftServerConfigKeys (ConfUtils.java:logGet(43)) - raft.server.rpc.sleep.time = 25ms (default)
2019-10-04 08:21:13,883 [e7f1519f-2b25-4fd1-ac34-f168a8409003@group-1BAC31CC5226-LeaderElection80] INFO  server.RaftServerConfigKeys (ConfUtils.java:logGet(43)) - raft.server.write.element-limit = 4096 (default)
2019-10-04 08:21:13,884 [e7f1519f-2b25-4fd1-ac34-f168a8409003@group-1BAC31CC5226-LeaderElection80] INFO  server.RaftServerConfigKeys (ConfUtils.java:logGet(43)) - raft.server.watch.timeout = 10s (default)
2019-10-04 08:21:13,884 [e7f1519f-2b25-4fd1-ac34-f168a8409003@group-1BAC31CC5226-LeaderElection80] INFO  server.RaftServerConfigKeys (ConfUtils.java:logGet(43)) - raft.server.watch.timeout.denomination = 1s (default)
2019-10-04 08:21:13,884 [e7f1519f-2b25-4fd1-ac34-f168a8409003@group-1BAC31CC5226-LeaderElection80] INFO  server.RaftServerConfigKeys (ConfUtils.java:logGet(43)) - raft.server.watch.element-limit = 65536 (default)
2019-10-04 08:21:13,886 [e7f1519f-2b25-4fd1-ac34-f168a8409003@group-1BAC31CC5226-LeaderElection80] INFO  server.RaftServerConfigKeys (ConfUtils.java:logGet(43)) - raft.server.log.appender.snapshot.chunk.size.max = 16MB (=16777216) (default)
2019-10-04 08:21:13,886 [e7f1519f-2b25-4fd1-ac34-f168a8409003@group-1BAC31CC5226-LeaderElection80] INFO  server.RaftServerConfigKeys (ConfUtils.java:logGet(43)) - raft.server.log.appender.buffer.byte-limit = 33554432 (custom)
2019-10-04 08:21:13,886 [e7f1519f-2b25-4fd1-ac34-f168a8409003@group-1BAC31CC5226-LeaderElection80] INFO  server.RaftServerConfigKeys (ConfUtils.java:logGet(43)) - raft.server.log.appender.buffer.element-limit = 1 (custom)
2019-10-04 08:21:13,886 [e7f1519f-2b25-4fd1-ac34-f168a8409003@group-1BAC31CC5226-LeaderElection80] INFO  grpc.GrpcConfigKeys$Server (ConfUtils.java:logGet(43)) - raft.grpc.server.leader.outstanding.appends.max = 128 (default)
2019-10-04 08:21:13,886 [e7f1519f-2b25-4fd1-ac34-f168a8409003@group-1BAC31CC5226-LeaderElection80] INFO  server.RaftServerConfigKeys (ConfUtils.java:logGet(43)) - raft.server.rpc.request.timeout = 3000ms (default)
2019-10-04 08:21:13,887 [e7f1519f-2b25-4fd1-ac34-f168a8409003@group-1BAC31CC5226-LeaderElection80] INFO  server.RaftServerConfigKeys (ConfUtils.java:logGet(43)) - raft.server.log.appender.install.snapshot.enabled = false (custom)
2019-10-04 08:21:13,887 [e7f1519f-2b25-4fd1-ac34-f168a8409003@group-1BAC31CC5226-LeaderElection80] INFO  server.RaftServerConfigKeys (ConfUtils.java:logGet(43)) - raft.server.log.appender.snapshot.chunk.size.max = 16MB (=16777216) (default)
2019-10-04 08:21:13,887 [e7f1519f-2b25-4fd1-ac34-f168a8409003@group-1BAC31CC5226-LeaderElection80] INFO  server.RaftServerConfigKeys (ConfUtils.java:logGet(43)) - raft.server.log.appender.buffer.byte-limit = 33554432 (custom)
2019-10-04 08:21:13,887 [e7f1519f-2b25-4fd1-ac34-f168a8409003@group-1BAC31CC5226-LeaderElection80] INFO  server.RaftServerConfigKeys (ConfUtils.java:logGet(43)) - raft.server.log.appender.buffer.element-limit = 1 (custom)
2019-10-04 08:21:13,888 [e7f1519f-2b25-4fd1-ac34-f168a8409003@group-1BAC31CC5226-LeaderElection80] INFO  grpc.GrpcConfigKeys$Server (ConfUtils.java:logGet(43)) - raft.grpc.server.leader.outstanding.appends.max = 128 (default)
2019-10-04 08:21:13,888 [e7f1519f-2b25-4fd1-ac34-f168a8409003@group-1BAC31CC5226-LeaderElection80] INFO  server.RaftServerConfigKeys (ConfUtils.java:logGet(43)) - raft.server.rpc.request.timeout = 3000ms (default)
2019-10-04 08:21:13,888 [e7f1519f-2b25-4fd1-ac34-f168a8409003@group-1BAC31CC5226-LeaderElection80] INFO  server.RaftServerConfigKeys (ConfUtils.java:logGet(43)) - raft.server.log.appender.install.snapshot.enabled = false (custom)
2019-10-04 08:21:13,888 [e7f1519f-2b25-4fd1-ac34-f168a8409003@group-1BAC31CC5226-LeaderElection80] INFO  impl.RoleInfo (RoleInfo.java:updateAndGet(143)) - e7f1519f-2b25-4fd1-ac34-f168a8409003: start LeaderState
2019-10-04 08:21:13,888 [e7f1519f-2b25-4fd1-ac34-f168a8409003@group-1BAC31CC5226-LeaderElection80] INFO  segmented.SegmentedRaftLogWorker (SegmentedRaftLogWorker.java:startLogSegment(385)) - e7f1519f-2b25-4fd1-ac34-f168a8409003@group-1BAC31CC5226-SegmentedRaftLogWorker: Starting segment from index:0
2019-10-04 08:21:13,890 [e7f1519f-2b25-4fd1-ac34-f168a8409003@group-1BAC31CC5226-LeaderElection80] INFO  impl.RaftServerImpl (ServerState.java:setRaftConf(356)) - e7f1519f-2b25-4fd1-ac34-f168a8409003@group-1BAC31CC5226: set configuration 0: [ad82b19c-d058-4167-871b-23548711d9a9:192.168.30.44:45364, e7f1519f-2b25-4fd1-ac34-f168a8409003:192.168.30.44:37133, 65bce08d-3171-40f2-9f47-38fb362c13a7:192.168.30.44:40861], old=null at 0
2019-10-04 08:21:13,922 [grpc-default-executor-0] INFO  impl.RaftServerImpl (ServerState.java:setLeader(255)) - ad82b19c-d058-4167-871b-23548711d9a9@group-1BAC31CC5226: change Leader from null to e7f1519f-2b25-4fd1-ac34-f168a8409003 at term 1 for appendEntries, leader elected after 5179ms
2019-10-04 08:21:13,925 [grpc-default-executor-1] INFO  impl.RaftServerImpl (ServerState.java:setLeader(255)) - 65bce08d-3171-40f2-9f47-38fb362c13a7@group-1BAC31CC5226: change Leader from null to e7f1519f-2b25-4fd1-ac34-f168a8409003 at term 1 for appendEntries, leader elected after 5182ms
2019-10-04 08:21:13,928 [grpc-default-executor-1] INFO  impl.RaftServerImpl (ServerState.java:setRaftConf(356)) - ad82b19c-d058-4167-871b-23548711d9a9@group-1BAC31CC5226: set configuration 0: [ad82b19c-d058-4167-871b-23548711d9a9:192.168.30.44:45364, e7f1519f-2b25-4fd1-ac34-f168a8409003:192.168.30.44:37133, 65bce08d-3171-40f2-9f47-38fb362c13a7:192.168.30.44:40861], old=null at 0
2019-10-04 08:21:13,928 [grpc-default-executor-1] INFO  segmented.SegmentedRaftLogWorker (SegmentedRaftLogWorker.java:startLogSegment(385)) - ad82b19c-d058-4167-871b-23548711d9a9@group-1BAC31CC5226-SegmentedRaftLogWorker: Starting segment from index:0
2019-10-04 08:21:13,928 [grpc-default-executor-1] INFO  impl.RaftServerImpl (ServerState.java:setRaftConf(356)) - 65bce08d-3171-40f2-9f47-38fb362c13a7@group-1BAC31CC5226: set configuration 0: [ad82b19c-d058-4167-871b-23548711d9a9:192.168.30.44:45364, e7f1519f-2b25-4fd1-ac34-f168a8409003:192.168.30.44:37133, 65bce08d-3171-40f2-9f47-38fb362c13a7:192.168.30.44:40861], old=null at 0
2019-10-04 08:21:13,929 [grpc-default-executor-1] INFO  segmented.SegmentedRaftLogWorker (SegmentedRaftLogWorker.java:startLogSegment(385)) - 65bce08d-3171-40f2-9f47-38fb362c13a7@group-1BAC31CC5226-SegmentedRaftLogWorker: Starting segment from index:0
2019-10-04 08:21:13,939 [e7f1519f-2b25-4fd1-ac34-f168a8409003@group-1BAC31CC5226-SegmentedRaftLogWorker] INFO  segmented.SegmentedRaftLogWorker (SegmentedRaftLogWorker.java:execute(574)) - e7f1519f-2b25-4fd1-ac34-f168a8409003@group-1BAC31CC5226-SegmentedRaftLogWorker: created new log segment /workdir/hadoop-ozone/integration-test/target/test-dir/MiniOzoneClusterImpl-50c7e7a2-c4e6-4e08-ad27-ace44f57fbc4/datanode-6/data/ratis/8a2c0852-4237-4a91-9593-1bac31cc5226/current/log_inprogress_0
2019-10-04 08:21:13,989 [ad82b19c-d058-4167-871b-23548711d9a9@group-1BAC31CC5226-SegmentedRaftLogWorker] INFO  segmented.SegmentedRaftLogWorker (SegmentedRaftLogWorker.java:execute(574)) - ad82b19c-d058-4167-871b-23548711d9a9@group-1BAC31CC5226-SegmentedRaftLogWorker: created new log segment /workdir/hadoop-ozone/integration-test/target/test-dir/MiniOzoneClusterImpl-50c7e7a2-c4e6-4e08-ad27-ace44f57fbc4/datanode-2/data/ratis/8a2c0852-4237-4a91-9593-1bac31cc5226/current/log_inprogress_0
2019-10-04 08:21:13,989 [65bce08d-3171-40f2-9f47-38fb362c13a7@group-1BAC31CC5226-SegmentedRaftLogWorker] INFO  segmented.SegmentedRaftLogWorker (SegmentedRaftLogWorker.java:execute(574)) - 65bce08d-3171-40f2-9f47-38fb362c13a7@group-1BAC31CC5226-SegmentedRaftLogWorker: created new log segment /workdir/hadoop-ozone/integration-test/target/test-dir/MiniOzoneClusterImpl-50c7e7a2-c4e6-4e08-ad27-ace44f57fbc4/datanode-0/data/ratis/8a2c0852-4237-4a91-9593-1bac31cc5226/current/log_inprogress_0
2019-10-04 08:21:14,097 [Datanode State Machine Thread - 0] INFO  statemachine.DatanodeStateMachine (DatanodeStateMachine.java:lambda$startDaemon$0(350)) - Ozone container server started.
2019-10-04 08:21:19,014 [main] INFO  ozoneimpl.OzoneContainer (OzoneContainer.java:stop(231)) - Attempting to stop container services.
2019-10-04 08:21:19,015 [main] INFO  impl.RaftServerProxy (RaftServerProxy.java:lambda$close$4(314)) - 0c69f7ff-6154-4442-b28b-f48999afb2ed: close
2019-10-04 08:21:19,015 [main] INFO  impl.RaftServerImpl (RaftServerImpl.java:lambda$shutdown$3(247)) - 0c69f7ff-6154-4442-b28b-f48999afb2ed@group-E1427B7DB9F0: shutdown
2019-10-04 08:21:19,016 [ForkJoinPool.commonPool-worker-1] INFO  impl.RaftServerImpl (RaftServerImpl.java:lambda$shutdown$3(247)) - 0c69f7ff-6154-4442-b28b-f48999afb2ed@group-24FACCDA8424: shutdown
2019-10-04 08:21:19,016 [main] INFO  util.JmxRegister (JmxRegister.java:unregister(73)) - Successfully un-registered JMX Bean with object name Ratis:service=RaftServer,group=group-E1427B7DB9F0,id=0c69f7ff-6154-4442-b28b-f48999afb2ed
2019-10-04 08:21:19,016 [ForkJoinPool.commonPool-worker-1] INFO  util.JmxRegister (JmxRegister.java:unregister(73)) - Successfully un-registered JMX Bean with object name Ratis:service=RaftServer,group=group-24FACCDA8424,id=0c69f7ff-6154-4442-b28b-f48999afb2ed
2019-10-04 08:21:19,016 [main] INFO  impl.RoleInfo (RoleInfo.java:shutdownFollowerState(121)) - 0c69f7ff-6154-4442-b28b-f48999afb2ed: shutdown FollowerState
2019-10-04 08:21:19,016 [ForkJoinPool.commonPool-worker-1] INFO  impl.RoleInfo (RoleInfo.java:shutdownLeaderState(104)) - 0c69f7ff-6154-4442-b28b-f48999afb2ed: shutdown LeaderState
2019-10-04 08:21:19,017 [0c69f7ff-6154-4442-b28b-f48999afb2ed@group-E1427B7DB9F0-StateMachineUpdater] INFO  ratis.ContainerStateMachine (ContainerStateMachine.java:takeSnapshot(293)) - group-E1427B7DB9F0: Taking a snapshot at:(t:1, i:1) file /workdir/hadoop-ozone/integration-test/target/test-dir/MiniOzoneClusterImpl-50c7e7a2-c4e6-4e08-ad27-ace44f57fbc4/datanode-1/data/ratis/2825e4da-6549-465b-9e74-e1427b7db9f0/sm/snapshot.1_1
2019-10-04 08:21:19,016 [main] INFO  impl.StateMachineUpdater (StateMachineUpdater.java:stopAndJoin(136)) - 0c69f7ff-6154-4442-b28b-f48999afb2ed@group-E1427B7DB9F0-StateMachineUpdater: set stopIndex = 2
2019-10-04 08:21:19,017 [Thread-2422] INFO  impl.FollowerState (FollowerState.java:run(117)) - 0c69f7ff-6154-4442-b28b-f48999afb2ed@group-E1427B7DB9F0-FollowerState was interrupted: java.lang.InterruptedException: sleep interrupted
2019-10-04 08:21:19,017 [ForkJoinPool.commonPool-worker-1] INFO  impl.PendingRequests (PendingRequests.java:sendNotLeaderResponses(202)) - 0c69f7ff-6154-4442-b28b-f48999afb2ed@group-24FACCDA8424-PendingRequests: sendNotLeaderResponses
2019-10-04 08:21:19,020 [ForkJoinPool.commonPool-worker-1] INFO  impl.StateMachineUpdater (StateMachineUpdater.java:stopAndJoin(136)) - 0c69f7ff-6154-4442-b28b-f48999afb2ed@group-24FACCDA8424-StateMachineUpdater: set stopIndex = 0
2019-10-04 08:21:19,020 [ForkJoinPool.commonPool-worker-1] INFO  impl.RaftServerImpl (ServerState.java:close(387)) - 0c69f7ff-6154-4442-b28b-f48999afb2ed@group-24FACCDA8424: closes. applyIndex: 0
2019-10-04 08:21:19,021 [0c69f7ff-6154-4442-b28b-f48999afb2ed@group-24FACCDA8424-SegmentedRaftLogWorker] INFO  segmented.SegmentedRaftLogWorker (SegmentedRaftLogWorker.java:run(316)) - 0c69f7ff-6154-4442-b28b-f48999afb2ed@group-24FACCDA8424-SegmentedRaftLogWorker was interrupted, exiting. There are 0 tasks remaining in the queue.
2019-10-04 08:21:19,023 [ForkJoinPool.commonPool-worker-1] INFO  segmented.SegmentedRaftLogWorker (SegmentedRaftLogWorker.java:close(224)) - 0c69f7ff-6154-4442-b28b-f48999afb2ed@group-24FACCDA8424-SegmentedRaftLogWorker close()
2019-10-04 08:21:19,042 [0c69f7ff-6154-4442-b28b-f48999afb2ed@group-E1427B7DB9F0-StateMachineUpdater] INFO  ratis.ContainerStateMachine (ContainerStateMachine.java:takeSnapshot(304)) - group-E1427B7DB9F0: Finished taking a snapshot at:(t:1, i:1) file:/workdir/hadoop-ozone/integration-test/target/test-dir/MiniOzoneClusterImpl-50c7e7a2-c4e6-4e08-ad27-ace44f57fbc4/datanode-1/data/ratis/2825e4da-6549-465b-9e74-e1427b7db9f0/sm/snapshot.1_1 time:26
2019-10-04 08:21:19,042 [0c69f7ff-6154-4442-b28b-f48999afb2ed@group-E1427B7DB9F0-StateMachineUpdater] INFO  impl.StateMachineUpdater (StateMachineUpdater.java:takeSnapshot(269)) - 0c69f7ff-6154-4442-b28b-f48999afb2ed@group-E1427B7DB9F0-StateMachineUpdater: Took a snapshot at index 1
2019-10-04 08:21:19,042 [0c69f7ff-6154-4442-b28b-f48999afb2ed@group-E1427B7DB9F0-StateMachineUpdater] INFO  impl.StateMachineUpdater (StateMachineUpdater.java:lambda$new$0(84)) - 0c69f7ff-6154-4442-b28b-f48999afb2ed@group-E1427B7DB9F0-StateMachineUpdater: snapshotIndex: updateIncreasingly -1 -> 1
2019-10-04 08:21:19,042 [0c69f7ff-6154-4442-b28b-f48999afb2ed@group-E1427B7DB9F0-StateMachineUpdater] INFO  ratis.ContainerStateMachine (ContainerStateMachine.java:takeSnapshot(293)) - group-E1427B7DB9F0: Taking a snapshot at:(t:1, i:1) file /workdir/hadoop-ozone/integration-test/target/test-dir/MiniOzoneClusterImpl-50c7e7a2-c4e6-4e08-ad27-ace44f57fbc4/datanode-1/data/ratis/2825e4da-6549-465b-9e74-e1427b7db9f0/sm/snapshot.1_1
2019-10-04 08:21:19,065 [0c69f7ff-6154-4442-b28b-f48999afb2ed@group-E1427B7DB9F0-StateMachineUpdater] INFO  ratis.ContainerStateMachine (ContainerStateMachine.java:takeSnapshot(304)) - group-E1427B7DB9F0: Finished taking a snapshot at:(t:1, i:1) file:/workdir/hadoop-ozone/integration-test/target/test-dir/MiniOzoneClusterImpl-50c7e7a2-c4e6-4e08-ad27-ace44f57fbc4/datanode-1/data/ratis/2825e4da-6549-465b-9e74-e1427b7db9f0/sm/snapshot.1_1 time:23
2019-10-04 08:21:19,065 [0c69f7ff-6154-4442-b28b-f48999afb2ed@group-E1427B7DB9F0-StateMachineUpdater] INFO  impl.StateMachineUpdater (StateMachineUpdater.java:takeSnapshot(269)) - 0c69f7ff-6154-4442-b28b-f48999afb2ed@group-E1427B7DB9F0-StateMachineUpdater: Took a snapshot at index 1
2019-10-04 08:21:19,065 [0c69f7ff-6154-4442-b28b-f48999afb2ed@group-E1427B7DB9F0-StateMachineUpdater] INFO  impl.StateMachineUpdater (StateMachineUpdater.java:lambda$new$0(84)) - 0c69f7ff-6154-4442-b28b-f48999afb2ed@group-E1427B7DB9F0-StateMachineUpdater: snapshotIndex: updateIncreasingly 1 -> 1
2019-10-04 08:21:19,065 [main] INFO  impl.RaftServerImpl (ServerState.java:close(387)) - 0c69f7ff-6154-4442-b28b-f48999afb2ed@group-E1427B7DB9F0: closes. applyIndex: 2
2019-10-04 08:21:19,066 [0c69f7ff-6154-4442-b28b-f48999afb2ed@group-E1427B7DB9F0-SegmentedRaftLogWorker] INFO  segmented.SegmentedRaftLogWorker (SegmentedRaftLogWorker.java:run(316)) - 0c69f7ff-6154-4442-b28b-f48999afb2ed@group-E1427B7DB9F0-SegmentedRaftLogWorker was interrupted, exiting. There are 0 tasks remaining in the queue.
2019-10-04 08:21:19,069 [main] INFO  segmented.SegmentedRaftLogWorker (SegmentedRaftLogWorker.java:close(224)) - 0c69f7ff-6154-4442-b28b-f48999afb2ed@group-E1427B7DB9F0-SegmentedRaftLogWorker close()
2019-10-04 08:21:19,073 [main] INFO  server.GrpcService (GrpcService.java:closeImpl(164)) - 0c69f7ff-6154-4442-b28b-f48999afb2ed: shutdown server with port 41108 now
2019-10-04 08:21:19,074 [grpc-default-executor-6] WARN  server.GrpcServerProtocolService (LogUtils.java:warn(134)) - 0c69f7ff-6154-4442-b28b-f48999afb2ed: installSnapshot onError, lastRequest: a40f0c27-2271-453e-87d5-a12bab37434d->0c69f7ff-6154-4442-b28b-f48999afb2ed#5-t1, previous=(t:1, i:2), leaderCommit=2, initializing? false, entries: <empty>: org.apache.ratis.thirdparty.io.grpc.StatusRuntimeException: CANCELLED: cancelled before receiving half close
2019-10-04 08:21:19,075 [main] INFO  server.GrpcService (GrpcService.java:closeImpl(172)) - 0c69f7ff-6154-4442-b28b-f48999afb2ed: shutdown server with port 41108 successfully
2019-10-04 08:21:19,075 [grpc-default-executor-0] WARN  server.GrpcLogAppender (LogUtils.java:warn(134)) - a40f0c27-2271-453e-87d5-a12bab37434d@group-E1427B7DB9F0->0c69f7ff-6154-4442-b28b-f48999afb2ed-AppendLogResponseHandler: Failed appendEntries: org.apache.ratis.thirdparty.io.grpc.StatusRuntimeException: CANCELLED: HTTP/2 error code: CANCEL
Received Rst Stream
2019-10-04 08:21:19,076 [grpc-default-executor-0] INFO  impl.FollowerInfo (FollowerInfo.java:lambda$new$0(51)) - a40f0c27-2271-453e-87d5-a12bab37434d@group-E1427B7DB9F0->0c69f7ff-6154-4442-b28b-f48999afb2ed: nextIndex: updateUnconditionally 3 -> 2
2019-10-04 08:21:19,077 [refreshUsed-/workdir/hadoop-ozone/integration-test/target/test-dir/MiniOzoneClusterImpl-50c7e7a2-c4e6-4e08-ad27-ace44f57fbc4/datanode-1/data/containers] WARN  fs.CachingGetSpaceUsed (CachingGetSpaceUsed.java:run(183)) - Thread Interrupted waiting to refresh disk information: sleep interrupted
2019-10-04 08:21:19,089 [main] INFO  utils.BackgroundService (BackgroundService.java:shutdown(148)) - Shutting down service BlockDeletingService
2019-10-04 08:21:19,097 [main] INFO  statemachine.DatanodeStateMachine (DatanodeStateMachine.java:stopDaemon(395)) - Ozone container server stopped.
2019-10-04 08:21:19,098 [main] INFO  handler.ContextHandler (ContextHandler.java:doStop(910)) - Stopped o.e.j.w.WebAppContext@16d431b4{/,null,UNAVAILABLE}{/hddsDatanode}
2019-10-04 08:21:19,099 [main] INFO  server.AbstractConnector (AbstractConnector.java:doStop(318)) - Stopped ServerConnector@6c0b51da{HTTP/1.1,[http/1.1]}{0.0.0.0:0}
2019-10-04 08:21:19,099 [main] INFO  handler.ContextHandler (ContextHandler.java:doStop(910)) - Stopped o.e.j.s.ServletContextHandler@1cd2ff5b{/static,jar:file:/home/user/.m2/repository/org/apache/hadoop/hadoop-hdds-container-service/0.5.0-SNAPSHOT/hadoop-hdds-container-service-0.5.0-SNAPSHOT.jar!/webapps/static,UNAVAILABLE}
2019-10-04 08:21:19,099 [main] INFO  handler.ContextHandler (ContextHandler.java:doStop(910)) - Stopped o.e.j.s.ServletContextHandler@496cc217{/logs,file:///workdir/hadoop-ozone/integration-test/target/log,UNAVAILABLE}
2019-10-04 08:21:19,107 [grpc-default-executor-6] WARN  server.GrpcLogAppender (LogUtils.java:warn(134)) - a40f0c27-2271-453e-87d5-a12bab37434d@group-E1427B7DB9F0->0c69f7ff-6154-4442-b28b-f48999afb2ed-AppendLogResponseHandler: Failed appendEntries: org.apache.ratis.thirdparty.io.grpc.StatusRuntimeException: UNAVAILABLE: io exception
2019-10-04 08:21:19,107 [grpc-default-executor-6] INFO  impl.FollowerInfo (FollowerInfo.java:lambda$new$0(51)) - a40f0c27-2271-453e-87d5-a12bab37434d@group-E1427B7DB9F0->0c69f7ff-6154-4442-b28b-f48999afb2ed: nextIndex: updateUnconditionally 3 -> 2
2019-10-04 08:21:19,118 [grpc-default-executor-1] WARN  server.GrpcLogAppender (LogUtils.java:warn(134)) - a40f0c27-2271-453e-87d5-a12bab37434d@group-E1427B7DB9F0->0c69f7ff-6154-4442-b28b-f48999afb2ed-AppendLogResponseHandler: Failed appendEntries: org.apache.ratis.thirdparty.io.grpc.StatusRuntimeException: UNAVAILABLE: io exception
2019-10-04 08:21:19,118 [grpc-default-executor-1] INFO  impl.FollowerInfo (FollowerInfo.java:lambda$new$0(51)) - a40f0c27-2271-453e-87d5-a12bab37434d@group-E1427B7DB9F0->0c69f7ff-6154-4442-b28b-f48999afb2ed: nextIndex: updateUnconditionally 3 -> 2
2019-10-04 08:21:19,120 [grpc-default-executor-0] WARN  server.GrpcLogAppender (LogUtils.java:warn(134)) - a40f0c27-2271-453e-87d5-a12bab37434d@group-E1427B7DB9F0->0c69f7ff-6154-4442-b28b-f48999afb2ed-AppendLogResponseHandler: Failed appendEntries: org.apache.ratis.thirdparty.io.grpc.StatusRuntimeException: UNAVAILABLE: io exception
2019-10-04 08:21:19,120 [grpc-default-executor-0] INFO  impl.FollowerInfo (FollowerInfo.java:lambda$new$0(51)) - a40f0c27-2271-453e-87d5-a12bab37434d@group-E1427B7DB9F0->0c69f7ff-6154-4442-b28b-f48999afb2ed: nextIndex: updateUnconditionally 3 -> 2
2019-10-04 08:21:19,142 [EventQueue-IncrementalContainerReportForIncrementalContainerReportHandler] WARN  container.IncrementalContainerReportHandler (AbstractContainerReportHandler.java:updateContainerState(143)) - Container #1 is in OPEN state, but the datanode a40f0c27-2271-453e-87d5-a12bab37434d{ip: 192.168.30.44, host: pr-hdds-2230-99mx8-1595754997, networkLocation: /default-rack, certSerialId: null} reports an CLOSING replica.
2019-10-04 08:21:19,142 [EventQueue-IncrementalContainerReportForIncrementalContainerReportHandler] WARN  container.IncrementalContainerReportHandler (AbstractContainerReportHandler.java:updateContainerState(143)) - Container #1 is in OPEN state, but the datanode 7b9f80e2-4958-4b1f-a1e4-7edd811af448{ip: 192.168.30.44, host: pr-hdds-2230-99mx8-1595754997, networkLocation: /default-rack, certSerialId: null} reports an CLOSING replica.
2019-10-04 08:21:19,223 [RatisApplyTransactionExecutor 1] INFO  interfaces.Container (KeyValueContainer.java:flushAndSyncDB(386)) - Container 1 is synced with bcsId 0.
2019-10-04 08:21:19,292 [RatisApplyTransactionExecutor 1] INFO  interfaces.Container (KeyValueContainer.java:flushAndSyncDB(386)) - Container 1 is synced with bcsId 0.
2019-10-04 08:21:19,302 [RatisApplyTransactionExecutor 1] INFO  interfaces.Container (KeyValueContainer.java:flushAndSyncDB(386)) - Container 1 is synced with bcsId 0.
2019-10-04 08:21:19,302 [RatisApplyTransactionExecutor 1] INFO  interfaces.Container (KeyValueContainer.java:flushAndSyncDB(386)) - Container 1 is synced with bcsId 0.
2019-10-04 08:21:19,332 [RatisApplyTransactionExecutor 1] INFO  interfaces.Container (KeyValueContainer.java:close(335)) - Container 1 is closed with bcsId 0.
2019-10-04 08:21:19,332 [RatisApplyTransactionExecutor 1] INFO  interfaces.Container (KeyValueContainer.java:close(335)) - Container 1 is closed with bcsId 0.
2019-10-04 08:21:19,337 [EventQueue-IncrementalContainerReportForIncrementalContainerReportHandler] WARN  container.IncrementalContainerReportHandler (AbstractContainerReportHandler.java:updateContainerState(143)) - Container #1 is in OPEN state, but the datanode 7b9f80e2-4958-4b1f-a1e4-7edd811af448{ip: 192.168.30.44, host: pr-hdds-2230-99mx8-1595754997, networkLocation: /default-rack, certSerialId: null} reports an CLOSED replica.
2019-10-04 08:21:19,338 [EventQueue-IncrementalContainerReportForIncrementalContainerReportHandler] WARN  container.IncrementalContainerReportHandler (AbstractContainerReportHandler.java:updateContainerState(143)) - Container #1 is in OPEN state, but the datanode a40f0c27-2271-453e-87d5-a12bab37434d{ip: 192.168.30.44, host: pr-hdds-2230-99mx8-1595754997, networkLocation: /default-rack, certSerialId: null} reports an CLOSED replica.
2019-10-04 08:21:21,624 [grpc-default-executor-6] WARN  server.GrpcLogAppender (LogUtils.java:warn(134)) - a40f0c27-2271-453e-87d5-a12bab37434d@group-E1427B7DB9F0->0c69f7ff-6154-4442-b28b-f48999afb2ed-AppendLogResponseHandler: Failed appendEntries: org.apache.ratis.thirdparty.io.grpc.StatusRuntimeException: UNAVAILABLE: io exception
2019-10-04 08:21:21,625 [grpc-default-executor-6] INFO  impl.FollowerInfo (FollowerInfo.java:lambda$new$0(51)) - a40f0c27-2271-453e-87d5-a12bab37434d@group-E1427B7DB9F0->0c69f7ff-6154-4442-b28b-f48999afb2ed: nextIndex: updateUnconditionally 2 -> 1
2019-10-04 08:21:22,339 [main] WARN  scm.XceiverClientRatis (XceiverClientRatis.java:watchForCommit(292)) - 3 way commit failed on pipeline Pipeline[ Id: 2825e4da-6549-465b-9e74-e1427b7db9f0, Nodes: 0c69f7ff-6154-4442-b28b-f48999afb2ed{ip: 192.168.30.44, host: pr-hdds-2230-99mx8-1595754997, networkLocation: /default-rack, certSerialId: null}7b9f80e2-4958-4b1f-a1e4-7edd811af448{ip: 192.168.30.44, host: pr-hdds-2230-99mx8-1595754997, networkLocation: /default-rack, certSerialId: null}a40f0c27-2271-453e-87d5-a12bab37434d{ip: 192.168.30.44, host: pr-hdds-2230-99mx8-1595754997, networkLocation: /default-rack, certSerialId: null}, Type:RATIS, Factor:THREE, State:OPEN]
java.util.concurrent.TimeoutException
	at java.util.concurrent.CompletableFuture.timedGet(CompletableFuture.java:1771)
	at java.util.concurrent.CompletableFuture.get(CompletableFuture.java:1915)
	at org.apache.hadoop.hdds.scm.XceiverClientRatis.watchForCommit(XceiverClientRatis.java:289)
	at org.apache.hadoop.ozone.client.rpc.TestWatchForCommit.test2WayCommitForTimeoutException(TestWatchForCommit.java:391)
	at sun.reflect.NativeMethodAccessorImpl.invoke0(Native Method)
	at sun.reflect.NativeMethodAccessorImpl.invoke(NativeMethodAccessorImpl.java:62)
	at sun.reflect.DelegatingMethodAccessorImpl.invoke(DelegatingMethodAccessorImpl.java:43)
	at java.lang.reflect.Method.invoke(Method.java:498)
	at org.junit.runners.model.FrameworkMethod$1.runReflectiveCall(FrameworkMethod.java:47)
	at org.junit.internal.runners.model.ReflectiveCallable.run(ReflectiveCallable.java:12)
	at org.junit.runners.model.FrameworkMethod.invokeExplosively(FrameworkMethod.java:44)
	at org.junit.internal.runners.statements.InvokeMethod.evaluate(InvokeMethod.java:17)
	at org.junit.runners.ParentRunner.runLeaf(ParentRunner.java:271)
	at org.junit.runners.BlockJUnit4ClassRunner.runChild(BlockJUnit4ClassRunner.java:70)
	at org.junit.runners.BlockJUnit4ClassRunner.runChild(BlockJUnit4ClassRunner.java:50)
	at org.junit.runners.ParentRunner$3.run(ParentRunner.java:238)
	at org.junit.runners.ParentRunner$1.schedule(ParentRunner.java:63)
	at org.junit.runners.ParentRunner.runChildren(ParentRunner.java:236)
	at org.junit.runners.ParentRunner.access$000(ParentRunner.java:53)
	at org.junit.runners.ParentRunner$2.evaluate(ParentRunner.java:229)
	at org.junit.runners.ParentRunner.run(ParentRunner.java:309)
	at org.apache.maven.surefire.junit4.JUnit4Provider.execute(JUnit4Provider.java:365)
	at org.apache.maven.surefire.junit4.JUnit4Provider.executeWithRerun(JUnit4Provider.java:273)
	at org.apache.maven.surefire.junit4.JUnit4Provider.executeTestSet(JUnit4Provider.java:238)
	at org.apache.maven.surefire.junit4.JUnit4Provider.invoke(JUnit4Provider.java:159)
	at org.apache.maven.surefire.booter.ForkedBooter.invokeProviderInSameClassLoader(ForkedBooter.java:384)
	at org.apache.maven.surefire.booter.ForkedBooter.runSuitesInProcess(ForkedBooter.java:345)
	at org.apache.maven.surefire.booter.ForkedBooter.execute(ForkedBooter.java:126)
	at org.apache.maven.surefire.booter.ForkedBooter.main(ForkedBooter.java:418)
2019-10-04 08:21:22,352 [Thread-2475] INFO  client.GrpcClientProtocolService (GrpcClientProtocolService.java:lambda$processClientRequest$0(278)) - Failed RaftClientRequest:client-2420143B4BDD->7b9f80e2-4958-4b1f-a1e4-7edd811af448@group-E1427B7DB9F0, cid=106, seq=0, Watch-MAJORITY_COMMITTED(3), Message:<EMPTY>, reply=RaftClientReply:client-2420143B4BDD->7b9f80e2-4958-4b1f-a1e4-7edd811af448@group-E1427B7DB9F0, cid=106, FAILED org.apache.ratis.protocol.NotLeaderException: Server 7b9f80e2-4958-4b1f-a1e4-7edd811af448@group-E1427B7DB9F0 is not the leader a40f0c27-2271-453e-87d5-a12bab37434d:192.168.30.44:38951, logIndex=0, commits[7b9f80e2-4958-4b1f-a1e4-7edd811af448:c4, a40f0c27-2271-453e-87d5-a12bab37434d:c4, 0c69f7ff-6154-4442-b28b-f48999afb2ed:c2]
2019-10-04 08:21:24,126 [grpc-default-executor-1] WARN  server.GrpcLogAppender (LogUtils.java:warn(134)) - a40f0c27-2271-453e-87d5-a12bab37434d@group-E1427B7DB9F0->0c69f7ff-6154-4442-b28b-f48999afb2ed-AppendLogResponseHandler: Failed appendEntries: org.apache.ratis.thirdparty.io.grpc.StatusRuntimeException: UNAVAILABLE: io exception
2019-10-04 08:21:24,130 [grpc-default-executor-1] INFO  impl.FollowerInfo (FollowerInfo.java:lambda$new$0(51)) - a40f0c27-2271-453e-87d5-a12bab37434d@group-E1427B7DB9F0->0c69f7ff-6154-4442-b28b-f48999afb2ed: nextIndex: updateUnconditionally 1 -> 0
]]></system-out>
    <system-err><![CDATA[Oct 04, 2019 8:21:19 AM org.apache.ratis.thirdparty.io.grpc.internal.SerializingExecutor run
SEVERE: Exception while executing runnable org.apache.ratis.thirdparty.io.grpc.internal.ServerImpl$JumpToApplicationThreadServerStreamListener$1Closed@1e59e26
org.apache.ratis.thirdparty.io.grpc.StatusRuntimeException: CANCELLED: call already cancelled
	at org.apache.ratis.thirdparty.io.grpc.Status.asRuntimeException(Status.java:517)
	at org.apache.ratis.thirdparty.io.grpc.stub.ServerCalls$ServerCallStreamObserverImpl.onCompleted(ServerCalls.java:356)
	at org.apache.ratis.grpc.server.GrpcServerProtocolService$ServerRequestStreamObserver.onError(GrpcServerProtocolService.java:121)
	at org.apache.ratis.thirdparty.io.grpc.stub.ServerCalls$StreamingServerCallHandler$StreamingServerCallListener.onCancel(ServerCalls.java:269)
	at org.apache.ratis.thirdparty.io.grpc.internal.ServerCallImpl$ServerStreamListenerImpl.closed(ServerCallImpl.java:293)
	at org.apache.ratis.thirdparty.io.grpc.internal.ServerImpl$JumpToApplicationThreadServerStreamListener$1Closed.runInContext(ServerImpl.java:741)
	at org.apache.ratis.thirdparty.io.grpc.internal.ContextRunnable.run(ContextRunnable.java:37)
	at org.apache.ratis.thirdparty.io.grpc.internal.SerializingExecutor.run(SerializingExecutor.java:123)
	at java.util.concurrent.ThreadPoolExecutor.runWorker(ThreadPoolExecutor.java:1149)
	at java.util.concurrent.ThreadPoolExecutor$Worker.run(ThreadPoolExecutor.java:624)
	at java.lang.Thread.run(Thread.java:748)

]]></system-err>
  </testcase>
</testsuite>